<?xml version="1.0" encoding="UTF-8"?>
<testsuites tests="58" failures="0" errors="0" skipped="0">
  <testsuite timestamp="2025-05-27T17:15:45" time="1199.935" tests="11" failures="0" errors="0" skipped="0">
    <properties>
      <property name="specId" value="0"/>
      <property name="suiteName" value="Billing confirm US117289"/>
      <property name="capabilities" value="chrome.136_0_7103_93.windows"/>
      <property name="file" value="file:///D:/a/1/s/test/specs/BTS/billing-confirm.spec.js"/>
    </properties>
    <testcase classname="chrome.136_0_7103_93.windows.Billing_confirm_US117289" name="Should create a new yard" time="142.957">
      <system-out><![CDATA[
COMMAND: POST /session/9eab2abfb92109d83111f8a107828286/window/fullscreen - {}
RESULT: {}
COMMAND: POST /session/9eab2abfb92109d83111f8a107828286/execute/async - {"script":"<script> [1562 bytes]","args":[{"selector":{"controlType":"sap.m.GenericTile","properties":{"header":"Manage Yards"}},"wdio_ui5_key":"sapm.GenericTile{\"header\":\"Manage Yards\"}"}]}
RESULT: {"script":"<script> [1562 bytes]","args":[{"selector":{"controlType":"sap.m.GenericTile","properties":{"header":"Manage Yards"}},"wdio_ui5_key":"sapm.GenericTile{\"header\":\"Manage Yards\"}"}]}
RESULT: undefined
COMMAND: POST /session/9eab2abfb92109d83111f8a107828286/element - {"using":"xpath","value":"//*[@id=\"__tile41\"]"}
RESULT: {"using":"xpath","value":"//*[@id=\"__tile41\"]"}
COMMAND: POST /session/9eab2abfb92109d83111f8a107828286/element/f.5DB0E6D2BB4820C6A36F69CDDED9F1D7.d.FE77EB4AE5031F0F5DEECE861C738D90.e.168/click - {}
RESULT: {}
COMMAND: GET /session/9eab2abfb92109d83111f8a107828286/screenshot - {}
RESULT: {}
COMMAND: POST /session/9eab2abfb92109d83111f8a107828286/elements - {"using":"xpath","value":"//span[text()='Error']"}
RESULT: {"using":"xpath","value":"//span[text()='Error']"}
COMMAND: POST /session/9eab2abfb92109d83111f8a107828286/element - {"using":"xpath","value":"//button[@data-kt=\"addNewYardOverflowToolbarButton\"]"}
RESULT: {"using":"xpath","value":"//button[@data-kt=\"addNewYardOverflowToolbarButton\"]"}
COMMAND: POST /session/9eab2abfb92109d83111f8a107828286/elements - {"using":"xpath","value":"//button[@data-kt=\"addNewYardOverflowToolbarButton\"]"}
RESULT: {"using":"xpath","value":"//button[@data-kt=\"addNewYardOverflowToolbarButton\"]"}
COMMAND: POST /session/9eab2abfb92109d83111f8a107828286/elements - {"using":"xpath","value":"//button[@data-kt=\"addNewYardOverflowToolbarButton\"]"}
RESULT: {"using":"xpath","value":"//button[@data-kt=\"addNewYardOverflowToolbarButton\"]"}
COMMAND: POST /session/9eab2abfb92109d83111f8a107828286/elements - {"using":"xpath","value":"//button[@data-kt=\"addNewYardOverflowToolbarButton\"]"}
RESULT: {"using":"xpath","value":"//button[@data-kt=\"addNewYardOverflowToolbarButton\"]"}
COMMAND: POST /session/9eab2abfb92109d83111f8a107828286/elements - {"using":"xpath","value":"//button[@data-kt=\"addNewYardOverflowToolbarButton\"]"}
RESULT: {"using":"xpath","value":"//button[@data-kt=\"addNewYardOverflowToolbarButton\"]"}
COMMAND: POST /session/9eab2abfb92109d83111f8a107828286/elements - {"using":"xpath","value":"//button[@data-kt=\"addNewYardOverflowToolbarButton\"]"}
RESULT: {"using":"xpath","value":"//button[@data-kt=\"addNewYardOverflowToolbarButton\"]"}
COMMAND: POST /session/9eab2abfb92109d83111f8a107828286/elements - {"using":"xpath","value":"//button[@data-kt=\"addNewYardOverflowToolbarButton\"]"}
RESULT: {"using":"xpath","value":"//button[@data-kt=\"addNewYardOverflowToolbarButton\"]"}
COMMAND: POST /session/9eab2abfb92109d83111f8a107828286/elements - {"using":"xpath","value":"//button[@data-kt=\"addNewYardOverflowToolbarButton\"]"}
RESULT: {"using":"xpath","value":"//button[@data-kt=\"addNewYardOverflowToolbarButton\"]"}
COMMAND: POST /session/9eab2abfb92109d83111f8a107828286/elements - {"using":"xpath","value":"//button[@data-kt=\"addNewYardOverflowToolbarButton\"]"}
RESULT: {"using":"xpath","value":"//button[@data-kt=\"addNewYardOverflowToolbarButton\"]"}
COMMAND: POST /session/9eab2abfb92109d83111f8a107828286/elements - {"using":"xpath","value":"//button[@data-kt=\"addNewYardOverflowToolbarButton\"]"}
RESULT: {"using":"xpath","value":"//button[@data-kt=\"addNewYardOverflowToolbarButton\"]"}
COMMAND: POST /session/9eab2abfb92109d83111f8a107828286/elements - {"using":"xpath","value":"//button[@data-kt=\"addNewYardOverflowToolbarButton\"]"}
RESULT: {"using":"xpath","value":"//button[@data-kt=\"addNewYardOverflowToolbarButton\"]"}
COMMAND: POST /session/9eab2abfb92109d83111f8a107828286/elements - {"using":"xpath","value":"//button[@data-kt=\"addNewYardOverflowToolbarButton\"]"}
RESULT: {"using":"xpath","value":"//button[@data-kt=\"addNewYardOverflowToolbarButton\"]"}
COMMAND: POST /session/9eab2abfb92109d83111f8a107828286/elements - {"using":"xpath","value":"//button[@data-kt=\"addNewYardOverflowToolbarButton\"]"}
RESULT: {"using":"xpath","value":"//button[@data-kt=\"addNewYardOverflowToolbarButton\"]"}
COMMAND: POST /session/9eab2abfb92109d83111f8a107828286/elements - {"using":"xpath","value":"//button[@data-kt=\"addNewYardOverflowToolbarButton\"]"}
RESULT: {"using":"xpath","value":"//button[@data-kt=\"addNewYardOverflowToolbarButton\"]"}
COMMAND: POST /session/9eab2abfb92109d83111f8a107828286/element - {"using":"xpath","value":"//button[@data-kt=\"addNewYardOverflowToolbarButton\"]"}
RESULT: {"using":"xpath","value":"//button[@data-kt=\"addNewYardOverflowToolbarButton\"]"}
COMMAND: POST /session/9eab2abfb92109d83111f8a107828286/execute/sync - {"script":"<script> [8489 bytes]","args":[{"element-6066-11e4-a52e-4f735466cecf":"f.5DB0E6D2BB4820C6A36F69CDDED9F1D7.d.FE77EB4AE5031F0F5DEECE861C738D90.e.303","ELEMENT":"f.5DB0E6D2BB4820C6A36F69CDDED9F1D7.d.FE77EB4AE5031F0F5DEECE861C738D90.e.303"}]}
RESULT: {"script":"<script> [8489 bytes]","args":[{"element-6066-11e4-a52e-4f735466cecf":"f.5DB0E6D2BB4820C6A36F69CDDED9F1D7.d.FE77EB4AE5031F0F5DEECE861C738D90.e.303","ELEMENT":"f.5DB0E6D2BB4820C6A36F69CDDED9F1D7.d.FE77EB4AE5031F0F5DEECE861C738D90.e.303"}]}
COMMAND: GET /session/9eab2abfb92109d83111f8a107828286/element/f.5DB0E6D2BB4820C6A36F69CDDED9F1D7.d.FE77EB4AE5031F0F5DEECE861C738D90.e.303/enabled - {}
COMMAND: GET /session/9eab2abfb92109d83111f8a107828286/screenshot - {}
RESULT: {}
COMMAND: POST /session/9eab2abfb92109d83111f8a107828286/execute/sync - {"script":"<script> [8489 bytes]","args":[{"element-6066-11e4-a52e-4f735466cecf":"f.5DB0E6D2BB4820C6A36F69CDDED9F1D7.d.FE77EB4AE5031F0F5DEECE861C738D90.e.303","ELEMENT":"f.5DB0E6D2BB4820C6A36F69CDDED9F1D7.d.FE77EB4AE5031F0F5DEECE861C738D90.e.303"}]}
COMMAND: GET /session/9eab2abfb92109d83111f8a107828286/screenshot - {}
RESULT: {}
RESULT: {"script":"<script> [8489 bytes]","args":[{"element-6066-11e4-a52e-4f735466cecf":"f.5DB0E6D2BB4820C6A36F69CDDED9F1D7.d.FE77EB4AE5031F0F5DEECE861C738D90.e.303","ELEMENT":"f.5DB0E6D2BB4820C6A36F69CDDED9F1D7.d.FE77EB4AE5031F0F5DEECE861C738D90.e.303"}]}
COMMAND: POST /session/9eab2abfb92109d83111f8a107828286/execute/sync - {"script":"<script> [5351 bytes]","args":[{"element-6066-11e4-a52e-4f735466cecf":"f.5DB0E6D2BB4820C6A36F69CDDED9F1D7.d.FE77EB4AE5031F0F5DEECE861C738D90.e.303","ELEMENT":"f.5DB0E6D2BB4820C6A36F69CDDED9F1D7.d.FE77EB4AE5031F0F5DEECE861C738D90.e.303"}]}
COMMAND: GET /session/9eab2abfb92109d83111f8a107828286/screenshot - {}
RESULT: {}
RESULT: {"script":"<script> [5351 bytes]","args":[{"element-6066-11e4-a52e-4f735466cecf":"f.5DB0E6D2BB4820C6A36F69CDDED9F1D7.d.FE77EB4AE5031F0F5DEECE861C738D90.e.303","ELEMENT":"f.5DB0E6D2BB4820C6A36F69CDDED9F1D7.d.FE77EB4AE5031F0F5DEECE861C738D90.e.303"}]}
COMMAND: POST /session/9eab2abfb92109d83111f8a107828286/element/f.5DB0E6D2BB4820C6A36F69CDDED9F1D7.d.FE77EB4AE5031F0F5DEECE861C738D90.e.303/click - {}
COMMAND: GET /session/9eab2abfb92109d83111f8a107828286/screenshot - {}
RESULT: {}
RESULT: {}
COMMAND: GET /session/9eab2abfb92109d83111f8a107828286/screenshot - {}
COMMAND: POST /session/9eab2abfb92109d83111f8a107828286/element - {"using":"xpath","value":"//input[@id=\"application-manageyards-display-component---NewYard--yardId-inner\"]"}
RESULT: {}
RESULT: {}
RESULT: {"using":"xpath","value":"//input[@id=\"application-manageyards-display-component---NewYard--yardId-inner\"]"}
COMMAND: POST /session/9eab2abfb92109d83111f8a107828286/element - {"using":"xpath","value":"//input[@id=\"application-manageyards-display-component---NewYard--yardId-inner\"]"}
RESULT: {"using":"xpath","value":"//input[@id=\"application-manageyards-display-component---NewYard--yardId-inner\"]"}
COMMAND: POST /session/9eab2abfb92109d83111f8a107828286/execute/async - {"script":"<script> [1562 bytes]","args":[{"selector":{"id":"application-manageyards-display-component---NewYard--addressDetailDetailsName1","interaction":{"idSuffix":"inner"}},"wdio_ui5_key":"applicationmanageyards-display-component---NewYard--addressDetailDetailsName1"}]}
RESULT: {"script":"<script> [1562 bytes]","args":[{"selector":{"id":"application-manageyards-display-component---NewYard--addressDetailDetailsName1","interaction":{"idSuffix":"inner"}},"wdio_ui5_key":"applicationmanageyards-display-component---NewYard--addressDetailDetailsName1"}]}
RESULT: undefined
COMMAND: POST /session/9eab2abfb92109d83111f8a107828286/execute/async - {"script":"<script> [776 bytes]","args":[{"enterText":"Intracompany Yard wdIO","selector":{"id":"application-manageyards-display-component---NewYard--addressDetailDetailsName1","interaction":{"idSuffix":"inner"}},"clearTextFirst":true,"interactionType":"ENTER_TEXT"}]}
RESULT: {"script":"<script> [776 bytes]","args":[{"enterText":"Intracompany Yard wdIO","selector":{"id":"application-manageyards-display-component---NewYard--addressDetailDetailsName1","interaction":{"idSuffix":"inner"}},"clearTextFirst":true,"interactionType":"ENTER_TEXT"}]}
COMMAND: POST /session/9eab2abfb92109d83111f8a107828286/execute/async - {"script":"<script> [1562 bytes]","args":[{"selector":{"id":"application-manageyards-display-component---NewYard--addressDetailDetailsLanguage-arrow"},"wdio_ui5_key":"applicationmanageyards-display-component---NewYard--addressDetailDetailsLanguage-arrow"}]}
RESULT: {"script":"<script> [1562 bytes]","args":[{"selector":{"id":"application-manageyards-display-component---NewYard--addressDetailDetailsLanguage-arrow"},"wdio_ui5_key":"applicationmanageyards-display-component---NewYard--addressDetailDetailsLanguage-arrow"}]}
RESULT: undefined
COMMAND: POST /session/9eab2abfb92109d83111f8a107828286/element - {"using":"xpath","value":"//*[@id=\"application-manageyards-display-component---NewYard--addressDetailDetailsLanguage-arrow\"]"}
RESULT: {"using":"xpath","value":"//*[@id=\"application-manageyards-display-component---NewYard--addressDetailDetailsLanguage-arrow\"]"}
COMMAND: POST /session/9eab2abfb92109d83111f8a107828286/element/f.5DB0E6D2BB4820C6A36F69CDDED9F1D7.d.FE77EB4AE5031F0F5DEECE861C738D90.e.724/click - {}
RESULT: {}
COMMAND: POST /session/9eab2abfb92109d83111f8a107828286/element - {"using":"xpath","value":"//span[contains(text(), \"English\")]"}
COMMAND: GET /session/9eab2abfb92109d83111f8a107828286/screenshot - {}
RESULT: {"using":"xpath","value":"//span[contains(text(), \"English\")]"}
COMMAND: POST /session/9eab2abfb92109d83111f8a107828286/element/f.5DB0E6D2BB4820C6A36F69CDDED9F1D7.d.FE77EB4AE5031F0F5DEECE861C738D90.e.725/click - {}
RESULT: {}
RESULT: {}
COMMAND: POST /session/9eab2abfb92109d83111f8a107828286/execute/async - {"script":"<script> [1562 bytes]","args":[{"selector":{"id":"application-manageyards-display-component---NewYard--addressDetailDetailsCity1","interaction":{"idSuffix":"inner"}},"wdio_ui5_key":"applicationmanageyards-display-component---NewYard--addressDetailDetailsCity1"}]}
COMMAND: GET /session/9eab2abfb92109d83111f8a107828286/screenshot - {}
RESULT: {"script":"<script> [1562 bytes]","args":[{"selector":{"id":"application-manageyards-display-component---NewYard--addressDetailDetailsCity1","interaction":{"idSuffix":"inner"}},"wdio_ui5_key":"applicationmanageyards-display-component---NewYard--addressDetailDetailsCity1"}]}
RESULT: undefined
COMMAND: POST /session/9eab2abfb92109d83111f8a107828286/execute/async - {"script":"<script> [776 bytes]","args":[{"enterText":"Rosario","selector":{"id":"application-manageyards-display-component---NewYard--addressDetailDetailsCity1","interaction":{"idSuffix":"inner"}},"clearTextFirst":true,"interactionType":"ENTER_TEXT"}]}
RESULT: {}
RESULT: {"script":"<script> [776 bytes]","args":[{"enterText":"Rosario","selector":{"id":"application-manageyards-display-component---NewYard--addressDetailDetailsCity1","interaction":{"idSuffix":"inner"}},"clearTextFirst":true,"interactionType":"ENTER_TEXT"}]}
COMMAND: POST /session/9eab2abfb92109d83111f8a107828286/execute/async - {"script":"<script> [1562 bytes]","args":[{"selector":{"id":"application-manageyards-display-component---NewYard--addressDetailDetailsCountry-arrow"},"wdio_ui5_key":"applicationmanageyards-display-component---NewYard--addressDetailDetailsCountry-arrow"}]}
RESULT: {"script":"<script> [1562 bytes]","args":[{"selector":{"id":"application-manageyards-display-component---NewYard--addressDetailDetailsCountry-arrow"},"wdio_ui5_key":"applicationmanageyards-display-component---NewYard--addressDetailDetailsCountry-arrow"}]}
RESULT: undefined
COMMAND: POST /session/9eab2abfb92109d83111f8a107828286/element - {"using":"xpath","value":"//*[@id=\"application-manageyards-display-component---NewYard--addressDetailDetailsCountry-arrow\"]"}
RESULT: {"using":"xpath","value":"//*[@id=\"application-manageyards-display-component---NewYard--addressDetailDetailsCountry-arrow\"]"}
COMMAND: POST /session/9eab2abfb92109d83111f8a107828286/element/f.5DB0E6D2BB4820C6A36F69CDDED9F1D7.d.FE77EB4AE5031F0F5DEECE861C738D90.e.727/click - {}
RESULT: {}
COMMAND: POST /session/9eab2abfb92109d83111f8a107828286/element - {"using":"xpath","value":"//span[contains(text(), \"Argentina\")]"}
COMMAND: GET /session/9eab2abfb92109d83111f8a107828286/screenshot - {}
RESULT: {"using":"xpath","value":"//span[contains(text(), \"Argentina\")]"}
COMMAND: POST /session/9eab2abfb92109d83111f8a107828286/element/f.5DB0E6D2BB4820C6A36F69CDDED9F1D7.d.FE77EB4AE5031F0F5DEECE861C738D90.e.729/click - {}
RESULT: {}
RESULT: {}
COMMAND: POST /session/9eab2abfb92109d83111f8a107828286/execute/async - {"script":"<script> [1562 bytes]","args":[{"selector":{"id":"application-manageyards-display-component---NewYard--addressEditDetailsCostObjectCstType-arrow"},"wdio_ui5_key":"applicationmanageyards-display-component---NewYard--addressEditDetailsCostObjectCstType-arrow"}]}
COMMAND: GET /session/9eab2abfb92109d83111f8a107828286/screenshot - {}
RESULT: {"script":"<script> [1562 bytes]","args":[{"selector":{"id":"application-manageyards-display-component---NewYard--addressEditDetailsCostObjectCstType-arrow"},"wdio_ui5_key":"applicationmanageyards-display-component---NewYard--addressEditDetailsCostObjectCstType-arrow"}]}
RESULT: undefined
COMMAND: POST /session/9eab2abfb92109d83111f8a107828286/element - {"using":"xpath","value":"//*[@id=\"application-manageyards-display-component---NewYard--addressEditDetailsCostObjectCstType-arrow\"]"}
RESULT: {}
RESULT: {"using":"xpath","value":"//*[@id=\"application-manageyards-display-component---NewYard--addressEditDetailsCostObjectCstType-arrow\"]"}
COMMAND: POST /session/9eab2abfb92109d83111f8a107828286/element/f.5DB0E6D2BB4820C6A36F69CDDED9F1D7.d.FE77EB4AE5031F0F5DEECE861C738D90.e.730/click - {}
RESULT: {}
COMMAND: POST /session/9eab2abfb92109d83111f8a107828286/element - {"using":"xpath","value":"//span[contains(text(), \"Cost Center\")]"}
COMMAND: GET /session/9eab2abfb92109d83111f8a107828286/screenshot - {}
RESULT: {"using":"xpath","value":"//span[contains(text(), \"Cost Center\")]"}
COMMAND: POST /session/9eab2abfb92109d83111f8a107828286/element/f.5DB0E6D2BB4820C6A36F69CDDED9F1D7.d.FE77EB4AE5031F0F5DEECE861C738D90.e.731/click - {}
RESULT: {}
RESULT: {}
COMMAND: GET /session/9eab2abfb92109d83111f8a107828286/screenshot - {}
RESULT: {}
COMMAND: POST /session/9eab2abfb92109d83111f8a107828286/element - {"using":"xpath","value":"//span[@id=\"application-manageyards-display-component---NewYard--addressNewCostObjectCstID-vhi\"]"}
RESULT: {"using":"xpath","value":"//span[@id=\"application-manageyards-display-component---NewYard--addressNewCostObjectCstID-vhi\"]"}
COMMAND: POST /session/9eab2abfb92109d83111f8a107828286/execute/sync - {"script":"<script> [8489 bytes]","args":[{"element-6066-11e4-a52e-4f735466cecf":"f.5DB0E6D2BB4820C6A36F69CDDED9F1D7.d.FE77EB4AE5031F0F5DEECE861C738D90.e.735","ELEMENT":"f.5DB0E6D2BB4820C6A36F69CDDED9F1D7.d.FE77EB4AE5031F0F5DEECE861C738D90.e.735"}]}
RESULT: {"script":"<script> [8489 bytes]","args":[{"element-6066-11e4-a52e-4f735466cecf":"f.5DB0E6D2BB4820C6A36F69CDDED9F1D7.d.FE77EB4AE5031F0F5DEECE861C738D90.e.735","ELEMENT":"f.5DB0E6D2BB4820C6A36F69CDDED9F1D7.d.FE77EB4AE5031F0F5DEECE861C738D90.e.735"}]}
COMMAND: POST /session/9eab2abfb92109d83111f8a107828286/execute/async - {"script":"<script> [1562 bytes]","args":[{"selector":{"id":"application-manageyards-display-component---NewYard--addressNewCostObjectCstID-vhi"},"wdio_ui5_key":"applicationmanageyards-display-component---NewYard--addressNewCostObjectCstID-vhi"}]}
COMMAND: GET /session/9eab2abfb92109d83111f8a107828286/screenshot - {}
RESULT: {"script":"<script> [1562 bytes]","args":[{"selector":{"id":"application-manageyards-display-component---NewYard--addressNewCostObjectCstID-vhi"},"wdio_ui5_key":"applicationmanageyards-display-component---NewYard--addressNewCostObjectCstID-vhi"}]}
RESULT: undefined
COMMAND: POST /session/9eab2abfb92109d83111f8a107828286/element - {"using":"xpath","value":"//*[@id=\"application-manageyards-display-component---NewYard--addressNewCostObjectCstID-vhi\"]"}
RESULT: {}
RESULT: {"using":"xpath","value":"//*[@id=\"application-manageyards-display-component---NewYard--addressNewCostObjectCstID-vhi\"]"}
COMMAND: POST /session/9eab2abfb92109d83111f8a107828286/element/f.5DB0E6D2BB4820C6A36F69CDDED9F1D7.d.FE77EB4AE5031F0F5DEECE861C738D90.e.735/click - {}
RESULT: {}
COMMAND: GET /session/9eab2abfb92109d83111f8a107828286/screenshot - {}
RESULT: {}
COMMAND: POST /session/9eab2abfb92109d83111f8a107828286/execute/async - {"script":"<script> [1562 bytes]","args":[{"selector":{"controlType":"sap.m.SearchField","properties":{"placeholder":"Search"},"searchOpenDialogs":true,"interaction":{"idSuffix":"I"}},"wdio_ui5_key":"sapm.SearchField{\"placeholder\":\"Search\"}"}]}
RESULT: {"script":"<script> [1562 bytes]","args":[{"selector":{"controlType":"sap.m.SearchField","properties":{"placeholder":"Search"},"searchOpenDialogs":true,"interaction":{"idSuffix":"I"}},"wdio_ui5_key":"sapm.SearchField{\"placeholder\":\"Search\"}"}]}
RESULT: undefined
COMMAND: POST /session/9eab2abfb92109d83111f8a107828286/execute/async - {"script":"<script> [776 bytes]","args":[{"enterText":"bauh_b","selector":{"controlType":"sap.m.SearchField","properties":{"placeholder":"Search"},"searchOpenDialogs":true,"interaction":{"idSuffix":"I"}},"clearTextFirst":true,"interactionType":"ENTER_TEXT"}]}
RESULT: {"script":"<script> [776 bytes]","args":[{"enterText":"bauh_b","selector":{"controlType":"sap.m.SearchField","properties":{"placeholder":"Search"},"searchOpenDialogs":true,"interaction":{"idSuffix":"I"}},"clearTextFirst":true,"interactionType":"ENTER_TEXT"}]}
COMMAND: POST /session/9eab2abfb92109d83111f8a107828286/actions - {"actions":[{"id":"action1","type":"key","parameters":{},"actions":[{"type":"keyDown","value":""},{"type":"pause","duration":10},{"type":"keyUp","value":""}]}]}
RESULT: {"actions":[{"id":"action1","type":"key","parameters":{},"actions":[{"type":"keyDown","value":""},{"type":"pause","duration":10},{"type":"keyUp","value":""}]}]}
COMMAND: GET /session/9eab2abfb92109d83111f8a107828286/screenshot - {}
RESULT: {}
COMMAND: POST /session/9eab2abfb92109d83111f8a107828286/element - {"using":"xpath","value":"//span[contains(text(), \"Demo Yard\")]"}
RESULT: {"using":"xpath","value":"//span[contains(text(), \"Demo Yard\")]"}
COMMAND: POST /session/9eab2abfb92109d83111f8a107828286/element/f.5DB0E6D2BB4820C6A36F69CDDED9F1D7.d.FE77EB4AE5031F0F5DEECE861C738D90.e.776/click - {}
RESULT: {}
COMMAND: GET /session/9eab2abfb92109d83111f8a107828286/screenshot - {}
RESULT: {}
COMMAND: POST /session/9eab2abfb92109d83111f8a107828286/element - {"using":"xpath","value":"//bdi[contains(text(), \"OK\")]"}
RESULT: {"using":"xpath","value":"//bdi[contains(text(), \"OK\")]"}
COMMAND: POST /session/9eab2abfb92109d83111f8a107828286/element/f.5DB0E6D2BB4820C6A36F69CDDED9F1D7.d.FE77EB4AE5031F0F5DEECE861C738D90.e.777/click - {}
RESULT: {}
COMMAND: GET /session/9eab2abfb92109d83111f8a107828286/screenshot - {}
RESULT: {}
COMMAND: POST /session/9eab2abfb92109d83111f8a107828286/execute/async - {"script":"<script> [1562 bytes]","args":[{"selector":{"id":"application-manageyards-display-component---NewYard--addressEditDetailsCurrency-arrow"},"wdio_ui5_key":"applicationmanageyards-display-component---NewYard--addressEditDetailsCurrency-arrow"}]}
RESULT: {"script":"<script> [1562 bytes]","args":[{"selector":{"id":"application-manageyards-display-component---NewYard--addressEditDetailsCurrency-arrow"},"wdio_ui5_key":"applicationmanageyards-display-component---NewYard--addressEditDetailsCurrency-arrow"}]}
RESULT: undefined
COMMAND: POST /session/9eab2abfb92109d83111f8a107828286/element - {"using":"xpath","value":"//*[@id=\"application-manageyards-display-component---NewYard--addressEditDetailsCurrency-arrow\"]"}
RESULT: {"using":"xpath","value":"//*[@id=\"application-manageyards-display-component---NewYard--addressEditDetailsCurrency-arrow\"]"}
COMMAND: POST /session/9eab2abfb92109d83111f8a107828286/element/f.5DB0E6D2BB4820C6A36F69CDDED9F1D7.d.FE77EB4AE5031F0F5DEECE861C738D90.e.780/click - {}
RESULT: {}
COMMAND: POST /session/9eab2abfb92109d83111f8a107828286/element - {"using":"xpath","value":"//span[contains(text(), \"Euro\")]"}
COMMAND: GET /session/9eab2abfb92109d83111f8a107828286/screenshot - {}
RESULT: {"using":"xpath","value":"//span[contains(text(), \"Euro\")]"}
COMMAND: POST /session/9eab2abfb92109d83111f8a107828286/element/f.5DB0E6D2BB4820C6A36F69CDDED9F1D7.d.FE77EB4AE5031F0F5DEECE861C738D90.e.781/click - {}
RESULT: {}
RESULT: {}
COMMAND: POST /session/9eab2abfb92109d83111f8a107828286/execute/async - {"script":"<script> [1562 bytes]","args":[{"selector":{"controlType":"sap.m.Input","viewName":"etm.portal.ui.manageyards.view.New","viewId":"application-manageyards-display-component---NewYard","bindingPath":{"path":"","propertyPath":"/CONTROLLING_AREA","modelName":"NewYardModel"},"interaction":{"idSuffix":"inner"}},"wdio_ui5_key":"etmportal.ui.manageyards.view.Newsap.m.Input{\"path\":\"\",\"propertyPath\":\"/CONTROLLING_AREA\",\"modelName\":\"NewYardModel\"}"}]}
COMMAND: GET /session/9eab2abfb92109d83111f8a107828286/screenshot - {}
RESULT: {"script":"<script> [1562 bytes]","args":[{"selector":{"controlType":"sap.m.Input","viewName":"etm.portal.ui.manageyards.view.New","viewId":"application-manageyards-display-component---NewYard","bindingPath":{"path":"","propertyPath":"/CONTROLLING_AREA","modelName":"NewYardModel"},"interaction":{"idSuffix":"inner"}},"wdio_ui5_key":"etmportal.ui.manageyards.view.Newsap.m.Input{\"path\":\"\",\"propertyPath\":\"/CONTROLLING_AREA\",\"modelName\":\"NewYardModel\"}"}]}
RESULT: undefined
COMMAND: POST /session/9eab2abfb92109d83111f8a107828286/execute/async - {"script":"<script> [776 bytes]","args":[{"enterText":"Z001","selector":{"controlType":"sap.m.Input","viewName":"etm.portal.ui.manageyards.view.New","viewId":"application-manageyards-display-component---NewYard","bindingPath":{"path":"","propertyPath":"/CONTROLLING_AREA","modelName":"NewYardModel"},"interaction":{"idSuffix":"inner"}},"clearTextFirst":true,"interactionType":"ENTER_TEXT"}]}
RESULT: {}
RESULT: {"script":"<script> [776 bytes]","args":[{"enterText":"Z001","selector":{"controlType":"sap.m.Input","viewName":"etm.portal.ui.manageyards.view.New","viewId":"application-manageyards-display-component---NewYard","bindingPath":{"path":"","propertyPath":"/CONTROLLING_AREA","modelName":"NewYardModel"},"interaction":{"idSuffix":"inner"}},"clearTextFirst":true,"interactionType":"ENTER_TEXT"}]}
COMMAND: POST /session/9eab2abfb92109d83111f8a107828286/execute/async - {"script":"<script> [1562 bytes]","args":[{"selector":{"id":"application-manageyards-display-component---NewYard--companyCodeComboBox","interaction":{"idSuffix":"inner"}},"wdio_ui5_key":"applicationmanageyards-display-component---NewYard--companyCodeComboBox"}]}
RESULT: {"script":"<script> [1562 bytes]","args":[{"selector":{"id":"application-manageyards-display-component---NewYard--companyCodeComboBox","interaction":{"idSuffix":"inner"}},"wdio_ui5_key":"applicationmanageyards-display-component---NewYard--companyCodeComboBox"}]}
RESULT: undefined
COMMAND: POST /session/9eab2abfb92109d83111f8a107828286/execute/async - {"script":"<script> [776 bytes]","args":[{"enterText":"1000","selector":{"id":"application-manageyards-display-component---NewYard--companyCodeComboBox","interaction":{"idSuffix":"inner"}},"clearTextFirst":true,"interactionType":"ENTER_TEXT"}]}
RESULT: {"script":"<script> [776 bytes]","args":[{"enterText":"1000","selector":{"id":"application-manageyards-display-component---NewYard--companyCodeComboBox","interaction":{"idSuffix":"inner"}},"clearTextFirst":true,"interactionType":"ENTER_TEXT"}]}
COMMAND: POST /session/9eab2abfb92109d83111f8a107828286/execute/async - {"script":"<script> [1562 bytes]","args":[{"selector":{"controlType":"sap.m.Input","viewName":"etm.portal.ui.manageyards.view.New","viewId":"application-manageyards-display-component---NewYard","bindingPath":{"path":"","propertyPath":"/PLANT","modelName":"NewYardModel"},"interaction":{"idSuffix":"inner"}},"wdio_ui5_key":"etmportal.ui.manageyards.view.Newsap.m.Input{\"path\":\"\",\"propertyPath\":\"/PLANT\",\"modelName\":\"NewYardModel\"}"}]}
RESULT: {"script":"<script> [1562 bytes]","args":[{"selector":{"controlType":"sap.m.Input","viewName":"etm.portal.ui.manageyards.view.New","viewId":"application-manageyards-display-component---NewYard","bindingPath":{"path":"","propertyPath":"/PLANT","modelName":"NewYardModel"},"interaction":{"idSuffix":"inner"}},"wdio_ui5_key":"etmportal.ui.manageyards.view.Newsap.m.Input{\"path\":\"\",\"propertyPath\":\"/PLANT\",\"modelName\":\"NewYardModel\"}"}]}
RESULT: undefined
COMMAND: POST /session/9eab2abfb92109d83111f8a107828286/execute/async - {"script":"<script> [776 bytes]","args":[{"enterText":"1001","selector":{"controlType":"sap.m.Input","viewName":"etm.portal.ui.manageyards.view.New","viewId":"application-manageyards-display-component---NewYard","bindingPath":{"path":"","propertyPath":"/PLANT","modelName":"NewYardModel"},"interaction":{"idSuffix":"inner"}},"clearTextFirst":true,"interactionType":"ENTER_TEXT"}]}
RESULT: {"script":"<script> [776 bytes]","args":[{"enterText":"1001","selector":{"controlType":"sap.m.Input","viewName":"etm.portal.ui.manageyards.view.New","viewId":"application-manageyards-display-component---NewYard","bindingPath":{"path":"","propertyPath":"/PLANT","modelName":"NewYardModel"},"interaction":{"idSuffix":"inner"}},"clearTextFirst":true,"interactionType":"ENTER_TEXT"}]}
COMMAND: POST /session/9eab2abfb92109d83111f8a107828286/execute/async - {"script":"<script> [1562 bytes]","args":[{"selector":{"controlType":"sap.m.Input","viewName":"etm.portal.ui.manageyards.view.New","viewId":"application-manageyards-display-component---NewYard","bindingPath":{"path":"","propertyPath":"/SALES_AREA_VKORG","modelName":"NewYardModel"},"interaction":{"idSuffix":"inner"}},"wdio_ui5_key":"etmportal.ui.manageyards.view.Newsap.m.Input{\"path\":\"\",\"propertyPath\":\"/SALES_AREA_VKORG\",\"modelName\":\"NewYardModel\"}"}]}
RESULT: {"script":"<script> [1562 bytes]","args":[{"selector":{"controlType":"sap.m.Input","viewName":"etm.portal.ui.manageyards.view.New","viewId":"application-manageyards-display-component---NewYard","bindingPath":{"path":"","propertyPath":"/SALES_AREA_VKORG","modelName":"NewYardModel"},"interaction":{"idSuffix":"inner"}},"wdio_ui5_key":"etmportal.ui.manageyards.view.Newsap.m.Input{\"path\":\"\",\"propertyPath\":\"/SALES_AREA_VKORG\",\"modelName\":\"NewYardModel\"}"}]}
RESULT: undefined
COMMAND: POST /session/9eab2abfb92109d83111f8a107828286/execute/async - {"script":"<script> [776 bytes]","args":[{"enterText":"C002","selector":{"controlType":"sap.m.Input","viewName":"etm.portal.ui.manageyards.view.New","viewId":"application-manageyards-display-component---NewYard","bindingPath":{"path":"","propertyPath":"/SALES_AREA_VKORG","modelName":"NewYardModel"},"interaction":{"idSuffix":"inner"}},"clearTextFirst":true,"interactionType":"ENTER_TEXT"}]}
RESULT: {"script":"<script> [776 bytes]","args":[{"enterText":"C002","selector":{"controlType":"sap.m.Input","viewName":"etm.portal.ui.manageyards.view.New","viewId":"application-manageyards-display-component---NewYard","bindingPath":{"path":"","propertyPath":"/SALES_AREA_VKORG","modelName":"NewYardModel"},"interaction":{"idSuffix":"inner"}},"clearTextFirst":true,"interactionType":"ENTER_TEXT"}]}
COMMAND: POST /session/9eab2abfb92109d83111f8a107828286/execute/async - {"script":"<script> [1562 bytes]","args":[{"selector":{"controlType":"sap.m.Input","viewName":"etm.portal.ui.manageyards.view.New","viewId":"application-manageyards-display-component---NewYard","bindingPath":{"path":"","propertyPath":"/SALES_AREA_VTWEG","modelName":"NewYardModel"},"interaction":{"idSuffix":"inner"}},"wdio_ui5_key":"etmportal.ui.manageyards.view.Newsap.m.Input{\"path\":\"\",\"propertyPath\":\"/SALES_AREA_VTWEG\",\"modelName\":\"NewYardModel\"}"}]}
RESULT: {"script":"<script> [1562 bytes]","args":[{"selector":{"controlType":"sap.m.Input","viewName":"etm.portal.ui.manageyards.view.New","viewId":"application-manageyards-display-component---NewYard","bindingPath":{"path":"","propertyPath":"/SALES_AREA_VTWEG","modelName":"NewYardModel"},"interaction":{"idSuffix":"inner"}},"wdio_ui5_key":"etmportal.ui.manageyards.view.Newsap.m.Input{\"path\":\"\",\"propertyPath\":\"/SALES_AREA_VTWEG\",\"modelName\":\"NewYardModel\"}"}]}
RESULT: undefined
COMMAND: POST /session/9eab2abfb92109d83111f8a107828286/execute/async - {"script":"<script> [776 bytes]","args":[{"enterText":"C2","selector":{"controlType":"sap.m.Input","viewName":"etm.portal.ui.manageyards.view.New","viewId":"application-manageyards-display-component---NewYard","bindingPath":{"path":"","propertyPath":"/SALES_AREA_VTWEG","modelName":"NewYardModel"},"interaction":{"idSuffix":"inner"}},"clearTextFirst":true,"interactionType":"ENTER_TEXT"}]}
RESULT: {"script":"<script> [776 bytes]","args":[{"enterText":"C2","selector":{"controlType":"sap.m.Input","viewName":"etm.portal.ui.manageyards.view.New","viewId":"application-manageyards-display-component---NewYard","bindingPath":{"path":"","propertyPath":"/SALES_AREA_VTWEG","modelName":"NewYardModel"},"interaction":{"idSuffix":"inner"}},"clearTextFirst":true,"interactionType":"ENTER_TEXT"}]}
COMMAND: POST /session/9eab2abfb92109d83111f8a107828286/execute/async - {"script":"<script> [1562 bytes]","args":[{"selector":{"controlType":"sap.m.Input","viewName":"etm.portal.ui.manageyards.view.New","viewId":"application-manageyards-display-component---NewYard","bindingPath":{"path":"","propertyPath":"/SALES_AREA_SPART","modelName":"NewYardModel"},"interaction":{"idSuffix":"inner"}},"wdio_ui5_key":"etmportal.ui.manageyards.view.Newsap.m.Input{\"path\":\"\",\"propertyPath\":\"/SALES_AREA_SPART\",\"modelName\":\"NewYardModel\"}"}]}
RESULT: {"script":"<script> [1562 bytes]","args":[{"selector":{"controlType":"sap.m.Input","viewName":"etm.portal.ui.manageyards.view.New","viewId":"application-manageyards-display-component---NewYard","bindingPath":{"path":"","propertyPath":"/SALES_AREA_SPART","modelName":"NewYardModel"},"interaction":{"idSuffix":"inner"}},"wdio_ui5_key":"etmportal.ui.manageyards.view.Newsap.m.Input{\"path\":\"\",\"propertyPath\":\"/SALES_AREA_SPART\",\"modelName\":\"NewYardModel\"}"}]}
RESULT: undefined
COMMAND: POST /session/9eab2abfb92109d83111f8a107828286/execute/async - {"script":"<script> [776 bytes]","args":[{"enterText":"C2","selector":{"controlType":"sap.m.Input","viewName":"etm.portal.ui.manageyards.view.New","viewId":"application-manageyards-display-component---NewYard","bindingPath":{"path":"","propertyPath":"/SALES_AREA_SPART","modelName":"NewYardModel"},"interaction":{"idSuffix":"inner"}},"clearTextFirst":true,"interactionType":"ENTER_TEXT"}]}
RESULT: {"script":"<script> [776 bytes]","args":[{"enterText":"C2","selector":{"controlType":"sap.m.Input","viewName":"etm.portal.ui.manageyards.view.New","viewId":"application-manageyards-display-component---NewYard","bindingPath":{"path":"","propertyPath":"/SALES_AREA_SPART","modelName":"NewYardModel"},"interaction":{"idSuffix":"inner"}},"clearTextFirst":true,"interactionType":"ENTER_TEXT"}]}
COMMAND: POST /session/9eab2abfb92109d83111f8a107828286/execute/async - {"script":"<script> [1562 bytes]","args":[{"selector":{"controlType":"sap.m.Input","viewName":"etm.portal.ui.manageyards.view.New","viewId":"application-manageyards-display-component---NewYard","bindingPath":{"path":"","propertyPath":"/SHIP_POINT","modelName":"NewYardModel"},"interaction":{"idSuffix":"inner"}},"wdio_ui5_key":"etmportal.ui.manageyards.view.Newsap.m.Input{\"path\":\"\",\"propertyPath\":\"/SHIP_POINT\",\"modelName\":\"NewYardModel\"}"}]}
RESULT: {"script":"<script> [1562 bytes]","args":[{"selector":{"controlType":"sap.m.Input","viewName":"etm.portal.ui.manageyards.view.New","viewId":"application-manageyards-display-component---NewYard","bindingPath":{"path":"","propertyPath":"/SHIP_POINT","modelName":"NewYardModel"},"interaction":{"idSuffix":"inner"}},"wdio_ui5_key":"etmportal.ui.manageyards.view.Newsap.m.Input{\"path\":\"\",\"propertyPath\":\"/SHIP_POINT\",\"modelName\":\"NewYardModel\"}"}]}
RESULT: undefined
COMMAND: POST /session/9eab2abfb92109d83111f8a107828286/execute/async - {"script":"<script> [776 bytes]","args":[{"enterText":"1710","selector":{"controlType":"sap.m.Input","viewName":"etm.portal.ui.manageyards.view.New","viewId":"application-manageyards-display-component---NewYard","bindingPath":{"path":"","propertyPath":"/SHIP_POINT","modelName":"NewYardModel"},"interaction":{"idSuffix":"inner"}},"clearTextFirst":true,"interactionType":"ENTER_TEXT"}]}
RESULT: {"script":"<script> [776 bytes]","args":[{"enterText":"1710","selector":{"controlType":"sap.m.Input","viewName":"etm.portal.ui.manageyards.view.New","viewId":"application-manageyards-display-component---NewYard","bindingPath":{"path":"","propertyPath":"/SHIP_POINT","modelName":"NewYardModel"},"interaction":{"idSuffix":"inner"}},"clearTextFirst":true,"interactionType":"ENTER_TEXT"}]}
COMMAND: POST /session/9eab2abfb92109d83111f8a107828286/execute/async - {"script":"<script> [1562 bytes]","args":[{"selector":{"controlType":"sap.m.Input","viewName":"etm.portal.ui.manageyards.view.New","viewId":"application-manageyards-display-component---NewYard","bindingPath":{"path":"","propertyPath":"/DELIVERY_TYPE","modelName":"NewYardModel"},"interaction":{"idSuffix":"inner"}},"wdio_ui5_key":"etmportal.ui.manageyards.view.Newsap.m.Input{\"path\":\"\",\"propertyPath\":\"/DELIVERY_TYPE\",\"modelName\":\"NewYardModel\"}"}]}
RESULT: {"script":"<script> [1562 bytes]","args":[{"selector":{"controlType":"sap.m.Input","viewName":"etm.portal.ui.manageyards.view.New","viewId":"application-manageyards-display-component---NewYard","bindingPath":{"path":"","propertyPath":"/DELIVERY_TYPE","modelName":"NewYardModel"},"interaction":{"idSuffix":"inner"}},"wdio_ui5_key":"etmportal.ui.manageyards.view.Newsap.m.Input{\"path\":\"\",\"propertyPath\":\"/DELIVERY_TYPE\",\"modelName\":\"NewYardModel\"}"}]}
RESULT: undefined
COMMAND: POST /session/9eab2abfb92109d83111f8a107828286/execute/async - {"script":"<script> [776 bytes]","args":[{"enterText":"ZL01","selector":{"controlType":"sap.m.Input","viewName":"etm.portal.ui.manageyards.view.New","viewId":"application-manageyards-display-component---NewYard","bindingPath":{"path":"","propertyPath":"/DELIVERY_TYPE","modelName":"NewYardModel"},"interaction":{"idSuffix":"inner"}},"clearTextFirst":true,"interactionType":"ENTER_TEXT"}]}
RESULT: {"script":"<script> [776 bytes]","args":[{"enterText":"ZL01","selector":{"controlType":"sap.m.Input","viewName":"etm.portal.ui.manageyards.view.New","viewId":"application-manageyards-display-component---NewYard","bindingPath":{"path":"","propertyPath":"/DELIVERY_TYPE","modelName":"NewYardModel"},"interaction":{"idSuffix":"inner"}},"clearTextFirst":true,"interactionType":"ENTER_TEXT"}]}
COMMAND: POST /session/9eab2abfb92109d83111f8a107828286/execute/async - {"script":"<script> [1562 bytes]","args":[{"selector":{"controlType":"sap.m.Input","viewName":"etm.portal.ui.manageyards.view.New","viewId":"application-manageyards-display-component---NewYard","bindingPath":{"path":"","propertyPath":"/AUART","modelName":"NewYardModel"},"interaction":{"idSuffix":"inner"}},"wdio_ui5_key":"etmportal.ui.manageyards.view.Newsap.m.Input{\"path\":\"\",\"propertyPath\":\"/AUART\",\"modelName\":\"NewYardModel\"}"}]}
RESULT: {"script":"<script> [1562 bytes]","args":[{"selector":{"controlType":"sap.m.Input","viewName":"etm.portal.ui.manageyards.view.New","viewId":"application-manageyards-display-component---NewYard","bindingPath":{"path":"","propertyPath":"/AUART","modelName":"NewYardModel"},"interaction":{"idSuffix":"inner"}},"wdio_ui5_key":"etmportal.ui.manageyards.view.Newsap.m.Input{\"path\":\"\",\"propertyPath\":\"/AUART\",\"modelName\":\"NewYardModel\"}"}]}
RESULT: undefined
COMMAND: POST /session/9eab2abfb92109d83111f8a107828286/execute/async - {"script":"<script> [776 bytes]","args":[{"enterText":"TA","selector":{"controlType":"sap.m.Input","viewName":"etm.portal.ui.manageyards.view.New","viewId":"application-manageyards-display-component---NewYard","bindingPath":{"path":"","propertyPath":"/AUART","modelName":"NewYardModel"},"interaction":{"idSuffix":"inner"}},"clearTextFirst":true,"interactionType":"ENTER_TEXT"}]}
RESULT: {"script":"<script> [776 bytes]","args":[{"enterText":"TA","selector":{"controlType":"sap.m.Input","viewName":"etm.portal.ui.manageyards.view.New","viewId":"application-manageyards-display-component---NewYard","bindingPath":{"path":"","propertyPath":"/AUART","modelName":"NewYardModel"},"interaction":{"idSuffix":"inner"}},"clearTextFirst":true,"interactionType":"ENTER_TEXT"}]}
COMMAND: POST /session/9eab2abfb92109d83111f8a107828286/element - {"using":"xpath","value":"//button[@data-kt=\"newYardSaveButton\"]"}
RESULT: {"using":"xpath","value":"//button[@data-kt=\"newYardSaveButton\"]"}
COMMAND: POST /session/9eab2abfb92109d83111f8a107828286/element/f.5DB0E6D2BB4820C6A36F69CDDED9F1D7.d.FE77EB4AE5031F0F5DEECE861C738D90.e.707/click - {}
RESULT: {}
COMMAND: GET /session/9eab2abfb92109d83111f8a107828286/screenshot - {}
RESULT: {}
COMMAND: POST /session/9eab2abfb92109d83111f8a107828286/element - {"using":"xpath","value":"//header[contains(@id, 'ObjectPageLayout-headerTitle')]/div[1]/div[2]/div[1]/span[1]"}
RESULT: {"using":"xpath","value":"//header[contains(@id, 'ObjectPageLayout-headerTitle')]/div[1]/div[2]/div[1]/span[1]"}
COMMAND: POST /session/9eab2abfb92109d83111f8a107828286/elements - {"using":"xpath","value":"//header[contains(@id, 'ObjectPageLayout-headerTitle')]/div[1]/div[2]/div[1]/span[1]"}
RESULT: {"using":"xpath","value":"//header[contains(@id, 'ObjectPageLayout-headerTitle')]/div[1]/div[2]/div[1]/span[1]"}
COMMAND: POST /session/9eab2abfb92109d83111f8a107828286/execute/sync - {"script":"<script> [56 bytes]","args":[{"element-6066-11e4-a52e-4f735466cecf":"f.5DB0E6D2BB4820C6A36F69CDDED9F1D7.d.FE77EB4AE5031F0F5DEECE861C738D90.e.1000","ELEMENT":"f.5DB0E6D2BB4820C6A36F69CDDED9F1D7.d.FE77EB4AE5031F0F5DEECE861C738D90.e.1000"}]}
RESULT: {"script":"<script> [56 bytes]","args":[{"element-6066-11e4-a52e-4f735466cecf":"f.5DB0E6D2BB4820C6A36F69CDDED9F1D7.d.FE77EB4AE5031F0F5DEECE861C738D90.e.1000","ELEMENT":"f.5DB0E6D2BB4820C6A36F69CDDED9F1D7.d.FE77EB4AE5031F0F5DEECE861C738D90.e.1000"}]}
COMMAND: GET /session/9eab2abfb92109d83111f8a107828286/screenshot - {}
RESULT: {}
COMMAND: POST /session/9eab2abfb92109d83111f8a107828286/element - {"using":"css selector","value":"#shell-header-logo"}
RESULT: {"using":"css selector","value":"#shell-header-logo"}
COMMAND: POST /session/9eab2abfb92109d83111f8a107828286/element/f.5DB0E6D2BB4820C6A36F69CDDED9F1D7.d.FE77EB4AE5031F0F5DEECE861C738D90.e.272/click - {}
RESULT: {}
COMMAND: GET /session/9eab2abfb92109d83111f8a107828286/screenshot - {}
RESULT: {}
COMMAND: POST /session/9eab2abfb92109d83111f8a107828286/execute/sync - {"script":"<script> [299 bytes]","args":[["getModel","getResource"]]}
RESULT: {"script":"<script> [299 bytes]","args":[["getModel","getResource"]]}
COMMAND: GET /session/9eab2abfb92109d83111f8a107828286/screenshot - {}
]]></system-out>
    </testcase>
    <testcase classname="chrome.136_0_7103_93.windows.Billing_confirm_US117289" name="Should create a new partner" time="158.679">
      <system-out><![CDATA[
COMMAND: POST /session/9eab2abfb92109d83111f8a107828286/window/fullscreen - {}
RESULT: {}
RESULT: {}
COMMAND: POST /session/9eab2abfb92109d83111f8a107828286/execute/async - {"script":"<script> [1562 bytes]","args":[{"selector":{"controlType":"sap.m.GenericTile","properties":{"header":"Manage Partners"}},"wdio_ui5_key":"sapm.GenericTile{\"header\":\"Manage Partners\"}"}]}
RESULT: {"script":"<script> [1562 bytes]","args":[{"selector":{"controlType":"sap.m.GenericTile","properties":{"header":"Manage Partners"}},"wdio_ui5_key":"sapm.GenericTile{\"header\":\"Manage Partners\"}"}]}
RESULT: undefined
COMMAND: POST /session/9eab2abfb92109d83111f8a107828286/element - {"using":"xpath","value":"//*[@id=\"__tile38\"]"}
RESULT: {"using":"xpath","value":"//*[@id=\"__tile38\"]"}
COMMAND: POST /session/9eab2abfb92109d83111f8a107828286/element/f.5DB0E6D2BB4820C6A36F69CDDED9F1D7.d.FE77EB4AE5031F0F5DEECE861C738D90.e.159/click - {}
RESULT: {}
COMMAND: GET /session/9eab2abfb92109d83111f8a107828286/screenshot - {}
RESULT: {}
COMMAND: POST /session/9eab2abfb92109d83111f8a107828286/elements - {"using":"xpath","value":"//span[text()='Error']"}
RESULT: {"using":"xpath","value":"//span[text()='Error']"}
COMMAND: POST /session/9eab2abfb92109d83111f8a107828286/element - {"using":"xpath","value":"//button[@data-kt=\"addButton\"]"}
RESULT: {"using":"xpath","value":"//button[@data-kt=\"addButton\"]"}
COMMAND: POST /session/9eab2abfb92109d83111f8a107828286/elements - {"using":"xpath","value":"//button[@data-kt=\"addButton\"]"}
RESULT: {"using":"xpath","value":"//button[@data-kt=\"addButton\"]"}
COMMAND: POST /session/9eab2abfb92109d83111f8a107828286/elements - {"using":"xpath","value":"//button[@data-kt=\"addButton\"]"}
RESULT: {"using":"xpath","value":"//button[@data-kt=\"addButton\"]"}
COMMAND: POST /session/9eab2abfb92109d83111f8a107828286/element - {"using":"xpath","value":"//button[@data-kt=\"addButton\"]"}
RESULT: {"using":"xpath","value":"//button[@data-kt=\"addButton\"]"}
COMMAND: POST /session/9eab2abfb92109d83111f8a107828286/execute/sync - {"script":"<script> [8489 bytes]","args":[{"element-6066-11e4-a52e-4f735466cecf":"f.5DB0E6D2BB4820C6A36F69CDDED9F1D7.d.FE77EB4AE5031F0F5DEECE861C738D90.e.1038","ELEMENT":"f.5DB0E6D2BB4820C6A36F69CDDED9F1D7.d.FE77EB4AE5031F0F5DEECE861C738D90.e.1038"}]}
RESULT: {"script":"<script> [8489 bytes]","args":[{"element-6066-11e4-a52e-4f735466cecf":"f.5DB0E6D2BB4820C6A36F69CDDED9F1D7.d.FE77EB4AE5031F0F5DEECE861C738D90.e.1038","ELEMENT":"f.5DB0E6D2BB4820C6A36F69CDDED9F1D7.d.FE77EB4AE5031F0F5DEECE861C738D90.e.1038"}]}
COMMAND: GET /session/9eab2abfb92109d83111f8a107828286/element/f.5DB0E6D2BB4820C6A36F69CDDED9F1D7.d.FE77EB4AE5031F0F5DEECE861C738D90.e.1038/enabled - {}
COMMAND: GET /session/9eab2abfb92109d83111f8a107828286/screenshot - {}
RESULT: {}
COMMAND: POST /session/9eab2abfb92109d83111f8a107828286/execute/sync - {"script":"<script> [8489 bytes]","args":[{"element-6066-11e4-a52e-4f735466cecf":"f.5DB0E6D2BB4820C6A36F69CDDED9F1D7.d.FE77EB4AE5031F0F5DEECE861C738D90.e.1038","ELEMENT":"f.5DB0E6D2BB4820C6A36F69CDDED9F1D7.d.FE77EB4AE5031F0F5DEECE861C738D90.e.1038"}]}
COMMAND: GET /session/9eab2abfb92109d83111f8a107828286/screenshot - {}
RESULT: {}
RESULT: {"script":"<script> [8489 bytes]","args":[{"element-6066-11e4-a52e-4f735466cecf":"f.5DB0E6D2BB4820C6A36F69CDDED9F1D7.d.FE77EB4AE5031F0F5DEECE861C738D90.e.1038","ELEMENT":"f.5DB0E6D2BB4820C6A36F69CDDED9F1D7.d.FE77EB4AE5031F0F5DEECE861C738D90.e.1038"}]}
COMMAND: POST /session/9eab2abfb92109d83111f8a107828286/execute/sync - {"script":"<script> [5351 bytes]","args":[{"element-6066-11e4-a52e-4f735466cecf":"f.5DB0E6D2BB4820C6A36F69CDDED9F1D7.d.FE77EB4AE5031F0F5DEECE861C738D90.e.1038","ELEMENT":"f.5DB0E6D2BB4820C6A36F69CDDED9F1D7.d.FE77EB4AE5031F0F5DEECE861C738D90.e.1038"}]}
COMMAND: GET /session/9eab2abfb92109d83111f8a107828286/screenshot - {}
RESULT: {}
RESULT: {"script":"<script> [5351 bytes]","args":[{"element-6066-11e4-a52e-4f735466cecf":"f.5DB0E6D2BB4820C6A36F69CDDED9F1D7.d.FE77EB4AE5031F0F5DEECE861C738D90.e.1038","ELEMENT":"f.5DB0E6D2BB4820C6A36F69CDDED9F1D7.d.FE77EB4AE5031F0F5DEECE861C738D90.e.1038"}]}
COMMAND: POST /session/9eab2abfb92109d83111f8a107828286/element/f.5DB0E6D2BB4820C6A36F69CDDED9F1D7.d.FE77EB4AE5031F0F5DEECE861C738D90.e.1038/click - {}
COMMAND: GET /session/9eab2abfb92109d83111f8a107828286/screenshot - {}
RESULT: {}
RESULT: {}
COMMAND: GET /session/9eab2abfb92109d83111f8a107828286/screenshot - {}
COMMAND: POST /session/9eab2abfb92109d83111f8a107828286/execute/async - {"script":"<script> [1562 bytes]","args":[{"selector":{"id":"application-managepartners-display-component---NewPartner--addressDetailDetailsName1","interaction":{"idSuffix":"inner"}},"wdio_ui5_key":"applicationmanagepartners-display-component---NewPartner--addressDetailDetailsName1"}]}
RESULT: {}
RESULT: {}
RESULT: {"script":"<script> [1562 bytes]","args":[{"selector":{"id":"application-managepartners-display-component---NewPartner--addressDetailDetailsName1","interaction":{"idSuffix":"inner"}},"wdio_ui5_key":"applicationmanagepartners-display-component---NewPartner--addressDetailDetailsName1"}]}
RESULT: undefined
COMMAND: POST /session/9eab2abfb92109d83111f8a107828286/execute/async - {"script":"<script> [776 bytes]","args":[{"enterText":"Intracompany Partner WDIO","selector":{"id":"application-managepartners-display-component---NewPartner--addressDetailDetailsName1","interaction":{"idSuffix":"inner"}},"clearTextFirst":true,"interactionType":"ENTER_TEXT"}]}
RESULT: {"script":"<script> [776 bytes]","args":[{"enterText":"Intracompany Partner WDIO","selector":{"id":"application-managepartners-display-component---NewPartner--addressDetailDetailsName1","interaction":{"idSuffix":"inner"}},"clearTextFirst":true,"interactionType":"ENTER_TEXT"}]}
COMMAND: POST /session/9eab2abfb92109d83111f8a107828286/execute/async - {"script":"<script> [1562 bytes]","args":[{"selector":{"id":"application-managepartners-display-component---NewPartner--addressDetailDetailsLanguage-arrow"},"wdio_ui5_key":"applicationmanagepartners-display-component---NewPartner--addressDetailDetailsLanguage-arrow"}]}
RESULT: {"script":"<script> [1562 bytes]","args":[{"selector":{"id":"application-managepartners-display-component---NewPartner--addressDetailDetailsLanguage-arrow"},"wdio_ui5_key":"applicationmanagepartners-display-component---NewPartner--addressDetailDetailsLanguage-arrow"}]}
RESULT: undefined
COMMAND: POST /session/9eab2abfb92109d83111f8a107828286/element - {"using":"xpath","value":"//*[@id=\"application-managepartners-display-component---NewPartner--addressDetailDetailsLanguage-arrow\"]"}
RESULT: {"using":"xpath","value":"//*[@id=\"application-managepartners-display-component---NewPartner--addressDetailDetailsLanguage-arrow\"]"}
COMMAND: POST /session/9eab2abfb92109d83111f8a107828286/element/f.5DB0E6D2BB4820C6A36F69CDDED9F1D7.d.FE77EB4AE5031F0F5DEECE861C738D90.e.1492/click - {}
RESULT: {}
COMMAND: POST /session/9eab2abfb92109d83111f8a107828286/element - {"using":"xpath","value":"//span[contains(text(), \"English\")]"}
COMMAND: GET /session/9eab2abfb92109d83111f8a107828286/screenshot - {}
RESULT: {"using":"xpath","value":"//span[contains(text(), \"English\")]"}
COMMAND: POST /session/9eab2abfb92109d83111f8a107828286/element/f.5DB0E6D2BB4820C6A36F69CDDED9F1D7.d.FE77EB4AE5031F0F5DEECE861C738D90.e.1493/click - {}
RESULT: {}
RESULT: {}
COMMAND: GET /session/9eab2abfb92109d83111f8a107828286/screenshot - {}
RESULT: {}
COMMAND: POST /session/9eab2abfb92109d83111f8a107828286/execute/async - {"script":"<script> [1562 bytes]","args":[{"selector":{"id":"application-managepartners-display-component---NewPartner--addressDetailDetailsCity1","interaction":{"idSuffix":"inner"}},"wdio_ui5_key":"applicationmanagepartners-display-component---NewPartner--addressDetailDetailsCity1"}]}
RESULT: {"script":"<script> [1562 bytes]","args":[{"selector":{"id":"application-managepartners-display-component---NewPartner--addressDetailDetailsCity1","interaction":{"idSuffix":"inner"}},"wdio_ui5_key":"applicationmanagepartners-display-component---NewPartner--addressDetailDetailsCity1"}]}
RESULT: undefined
COMMAND: POST /session/9eab2abfb92109d83111f8a107828286/execute/async - {"script":"<script> [776 bytes]","args":[{"enterText":"Rosario","selector":{"id":"application-managepartners-display-component---NewPartner--addressDetailDetailsCity1","interaction":{"idSuffix":"inner"}},"clearTextFirst":true,"interactionType":"ENTER_TEXT"}]}
RESULT: {"script":"<script> [776 bytes]","args":[{"enterText":"Rosario","selector":{"id":"application-managepartners-display-component---NewPartner--addressDetailDetailsCity1","interaction":{"idSuffix":"inner"}},"clearTextFirst":true,"interactionType":"ENTER_TEXT"}]}
COMMAND: POST /session/9eab2abfb92109d83111f8a107828286/execute/async - {"script":"<script> [1562 bytes]","args":[{"selector":{"id":"application-managepartners-display-component---NewPartner--addressDetailDetailsCountry-arrow"},"wdio_ui5_key":"applicationmanagepartners-display-component---NewPartner--addressDetailDetailsCountry-arrow"}]}
RESULT: {"script":"<script> [1562 bytes]","args":[{"selector":{"id":"application-managepartners-display-component---NewPartner--addressDetailDetailsCountry-arrow"},"wdio_ui5_key":"applicationmanagepartners-display-component---NewPartner--addressDetailDetailsCountry-arrow"}]}
RESULT: undefined
COMMAND: POST /session/9eab2abfb92109d83111f8a107828286/element - {"using":"xpath","value":"//*[@id=\"application-managepartners-display-component---NewPartner--addressDetailDetailsCountry-arrow\"]"}
RESULT: {"using":"xpath","value":"//*[@id=\"application-managepartners-display-component---NewPartner--addressDetailDetailsCountry-arrow\"]"}
COMMAND: POST /session/9eab2abfb92109d83111f8a107828286/element/f.5DB0E6D2BB4820C6A36F69CDDED9F1D7.d.FE77EB4AE5031F0F5DEECE861C738D90.e.1456/click - {}
RESULT: {}
COMMAND: POST /session/9eab2abfb92109d83111f8a107828286/element - {"using":"xpath","value":"//span[contains(text(), \"Argentina\")]"}
COMMAND: GET /session/9eab2abfb92109d83111f8a107828286/screenshot - {}
RESULT: {"using":"xpath","value":"//span[contains(text(), \"Argentina\")]"}
COMMAND: POST /session/9eab2abfb92109d83111f8a107828286/element/f.5DB0E6D2BB4820C6A36F69CDDED9F1D7.d.FE77EB4AE5031F0F5DEECE861C738D90.e.1495/click - {}
RESULT: {}
RESULT: {}
COMMAND: GET /session/9eab2abfb92109d83111f8a107828286/screenshot - {}
RESULT: {}
COMMAND: POST /session/9eab2abfb92109d83111f8a107828286/element - {"using":"xpath","value":"//bdi[contains(text(), \"Commercial\")]"}
RESULT: {"using":"xpath","value":"//bdi[contains(text(), \"Commercial\")]"}
COMMAND: POST /session/9eab2abfb92109d83111f8a107828286/element/f.5DB0E6D2BB4820C6A36F69CDDED9F1D7.d.FE77EB4AE5031F0F5DEECE861C738D90.e.1496/click - {}
RESULT: {}
COMMAND: GET /session/9eab2abfb92109d83111f8a107828286/screenshot - {}
RESULT: {}
COMMAND: POST /session/9eab2abfb92109d83111f8a107828286/execute/async - {"script":"<script> [1562 bytes]","args":[{"selector":{"id":"application-managepartners-display-component---NewPartner--partnerDetailInternal-arrow"},"wdio_ui5_key":"applicationmanagepartners-display-component---NewPartner--partnerDetailInternal-arrow"}]}
RESULT: {"script":"<script> [1562 bytes]","args":[{"selector":{"id":"application-managepartners-display-component---NewPartner--partnerDetailInternal-arrow"},"wdio_ui5_key":"applicationmanagepartners-display-component---NewPartner--partnerDetailInternal-arrow"}]}
RESULT: undefined
COMMAND: POST /session/9eab2abfb92109d83111f8a107828286/element - {"using":"xpath","value":"//*[@id=\"application-managepartners-display-component---NewPartner--partnerDetailInternal-arrow\"]"}
RESULT: {"using":"xpath","value":"//*[@id=\"application-managepartners-display-component---NewPartner--partnerDetailInternal-arrow\"]"}
COMMAND: POST /session/9eab2abfb92109d83111f8a107828286/element/f.5DB0E6D2BB4820C6A36F69CDDED9F1D7.d.FE77EB4AE5031F0F5DEECE861C738D90.e.1502/click - {}
RESULT: {}
COMMAND: POST /session/9eab2abfb92109d83111f8a107828286/element - {"using":"xpath","value":"//span[contains(text(), \"Affiliated company\")]"}
COMMAND: GET /session/9eab2abfb92109d83111f8a107828286/screenshot - {}
RESULT: {"using":"xpath","value":"//span[contains(text(), \"Affiliated company\")]"}
COMMAND: POST /session/9eab2abfb92109d83111f8a107828286/element/f.5DB0E6D2BB4820C6A36F69CDDED9F1D7.d.FE77EB4AE5031F0F5DEECE861C738D90.e.1503/click - {}
RESULT: {}
RESULT: {}
COMMAND: POST /session/9eab2abfb92109d83111f8a107828286/execute/async - {"script":"<script> [1562 bytes]","args":[{"selector":{"id":"application-managepartners-display-component---NewPartner--partnerDetailsCurrency-arrow"},"wdio_ui5_key":"applicationmanagepartners-display-component---NewPartner--partnerDetailsCurrency-arrow"}]}
COMMAND: GET /session/9eab2abfb92109d83111f8a107828286/screenshot - {}
RESULT: {"script":"<script> [1562 bytes]","args":[{"selector":{"id":"application-managepartners-display-component---NewPartner--partnerDetailsCurrency-arrow"},"wdio_ui5_key":"applicationmanagepartners-display-component---NewPartner--partnerDetailsCurrency-arrow"}]}
RESULT: undefined
COMMAND: POST /session/9eab2abfb92109d83111f8a107828286/element - {"using":"xpath","value":"//*[@id=\"application-managepartners-display-component---NewPartner--partnerDetailsCurrency-arrow\"]"}
RESULT: {}
RESULT: {"using":"xpath","value":"//*[@id=\"application-managepartners-display-component---NewPartner--partnerDetailsCurrency-arrow\"]"}
COMMAND: POST /session/9eab2abfb92109d83111f8a107828286/element/f.5DB0E6D2BB4820C6A36F69CDDED9F1D7.d.FE77EB4AE5031F0F5DEECE861C738D90.e.1510/click - {}
RESULT: {}
COMMAND: POST /session/9eab2abfb92109d83111f8a107828286/element - {"using":"xpath","value":"//span[contains(text(), \"Euro\")]"}
COMMAND: GET /session/9eab2abfb92109d83111f8a107828286/screenshot - {}
RESULT: {"using":"xpath","value":"//span[contains(text(), \"Euro\")]"}
COMMAND: POST /session/9eab2abfb92109d83111f8a107828286/element/f.5DB0E6D2BB4820C6A36F69CDDED9F1D7.d.FE77EB4AE5031F0F5DEECE861C738D90.e.1511/click - {}
RESULT: {}
RESULT: {}
COMMAND: POST /session/9eab2abfb92109d83111f8a107828286/execute/async - {"script":"<script> [1562 bytes]","args":[{"selector":{"id":"application-managepartners-display-component---NewPartner--addressEditDetailsCostObjectCstType-arrow"},"wdio_ui5_key":"applicationmanagepartners-display-component---NewPartner--addressEditDetailsCostObjectCstType-arrow"}]}
COMMAND: GET /session/9eab2abfb92109d83111f8a107828286/screenshot - {}
RESULT: {"script":"<script> [1562 bytes]","args":[{"selector":{"id":"application-managepartners-display-component---NewPartner--addressEditDetailsCostObjectCstType-arrow"},"wdio_ui5_key":"applicationmanagepartners-display-component---NewPartner--addressEditDetailsCostObjectCstType-arrow"}]}
RESULT: undefined
COMMAND: POST /session/9eab2abfb92109d83111f8a107828286/element - {"using":"xpath","value":"//*[@id=\"application-managepartners-display-component---NewPartner--addressEditDetailsCostObjectCstType-arrow\"]"}
RESULT: {}
RESULT: {"using":"xpath","value":"//*[@id=\"application-managepartners-display-component---NewPartner--addressEditDetailsCostObjectCstType-arrow\"]"}
COMMAND: POST /session/9eab2abfb92109d83111f8a107828286/element/f.5DB0E6D2BB4820C6A36F69CDDED9F1D7.d.FE77EB4AE5031F0F5DEECE861C738D90.e.1512/click - {}
RESULT: {}
COMMAND: POST /session/9eab2abfb92109d83111f8a107828286/element - {"using":"xpath","value":"//span[contains(text(), \"Cost Center\")]"}
COMMAND: GET /session/9eab2abfb92109d83111f8a107828286/screenshot - {}
RESULT: {"using":"xpath","value":"//span[contains(text(), \"Cost Center\")]"}
COMMAND: POST /session/9eab2abfb92109d83111f8a107828286/element/f.5DB0E6D2BB4820C6A36F69CDDED9F1D7.d.FE77EB4AE5031F0F5DEECE861C738D90.e.1513/click - {}
RESULT: {}
RESULT: {}
COMMAND: GET /session/9eab2abfb92109d83111f8a107828286/screenshot - {}
RESULT: {}
COMMAND: POST /session/9eab2abfb92109d83111f8a107828286/element - {"using":"xpath","value":"//span[@id=\"application-managepartners-display-component---NewPartner--addressNewCostObjectCstID-vhi\"]"}
RESULT: {"using":"xpath","value":"//span[@id=\"application-managepartners-display-component---NewPartner--addressNewCostObjectCstID-vhi\"]"}
COMMAND: POST /session/9eab2abfb92109d83111f8a107828286/execute/sync - {"script":"<script> [8489 bytes]","args":[{"element-6066-11e4-a52e-4f735466cecf":"f.5DB0E6D2BB4820C6A36F69CDDED9F1D7.d.FE77EB4AE5031F0F5DEECE861C738D90.e.1517","ELEMENT":"f.5DB0E6D2BB4820C6A36F69CDDED9F1D7.d.FE77EB4AE5031F0F5DEECE861C738D90.e.1517"}]}
RESULT: {"script":"<script> [8489 bytes]","args":[{"element-6066-11e4-a52e-4f735466cecf":"f.5DB0E6D2BB4820C6A36F69CDDED9F1D7.d.FE77EB4AE5031F0F5DEECE861C738D90.e.1517","ELEMENT":"f.5DB0E6D2BB4820C6A36F69CDDED9F1D7.d.FE77EB4AE5031F0F5DEECE861C738D90.e.1517"}]}
COMMAND: POST /session/9eab2abfb92109d83111f8a107828286/execute/async - {"script":"<script> [1562 bytes]","args":[{"selector":{"id":"application-managepartners-display-component---NewPartner--addressNewCostObjectCstID-vhi"},"wdio_ui5_key":"applicationmanagepartners-display-component---NewPartner--addressNewCostObjectCstID-vhi"}]}
COMMAND: GET /session/9eab2abfb92109d83111f8a107828286/screenshot - {}
RESULT: {"script":"<script> [1562 bytes]","args":[{"selector":{"id":"application-managepartners-display-component---NewPartner--addressNewCostObjectCstID-vhi"},"wdio_ui5_key":"applicationmanagepartners-display-component---NewPartner--addressNewCostObjectCstID-vhi"}]}
RESULT: undefined
COMMAND: POST /session/9eab2abfb92109d83111f8a107828286/element - {"using":"xpath","value":"//*[@id=\"application-managepartners-display-component---NewPartner--addressNewCostObjectCstID-vhi\"]"}
RESULT: {}
RESULT: {"using":"xpath","value":"//*[@id=\"application-managepartners-display-component---NewPartner--addressNewCostObjectCstID-vhi\"]"}
COMMAND: POST /session/9eab2abfb92109d83111f8a107828286/element/f.5DB0E6D2BB4820C6A36F69CDDED9F1D7.d.FE77EB4AE5031F0F5DEECE861C738D90.e.1517/click - {}
RESULT: {}
COMMAND: GET /session/9eab2abfb92109d83111f8a107828286/screenshot - {}
RESULT: {}
RESULT: undefined
COMMAND: POST /session/9eab2abfb92109d83111f8a107828286/execute/async - {"script":"<script> [776 bytes]","args":[{"enterText":"10001013","selector":{"controlType":"sap.m.SearchField","properties":{"placeholder":"Search"},"searchOpenDialogs":true,"interaction":{"idSuffix":"I"}},"clearTextFirst":true,"interactionType":"ENTER_TEXT"}]}
RESULT: {"script":"<script> [776 bytes]","args":[{"enterText":"10001013","selector":{"controlType":"sap.m.SearchField","properties":{"placeholder":"Search"},"searchOpenDialogs":true,"interaction":{"idSuffix":"I"}},"clearTextFirst":true,"interactionType":"ENTER_TEXT"}]}
COMMAND: POST /session/9eab2abfb92109d83111f8a107828286/actions - {"actions":[{"id":"action2","type":"key","parameters":{},"actions":[{"type":"keyDown","value":""},{"type":"pause","duration":10},{"type":"keyUp","value":""}]}]}
RESULT: {"actions":[{"id":"action2","type":"key","parameters":{},"actions":[{"type":"keyDown","value":""},{"type":"pause","duration":10},{"type":"keyUp","value":""}]}]}
COMMAND: GET /session/9eab2abfb92109d83111f8a107828286/screenshot - {}
RESULT: {}
COMMAND: POST /session/9eab2abfb92109d83111f8a107828286/element - {"using":"xpath","value":"//span[contains(text(), \"General Management\")]"}
RESULT: {"using":"xpath","value":"//span[contains(text(), \"General Management\")]"}
COMMAND: POST /session/9eab2abfb92109d83111f8a107828286/element/f.5DB0E6D2BB4820C6A36F69CDDED9F1D7.d.FE77EB4AE5031F0F5DEECE861C738D90.e.1556/click - {}
RESULT: {}
COMMAND: GET /session/9eab2abfb92109d83111f8a107828286/screenshot - {}
RESULT: {}
COMMAND: POST /session/9eab2abfb92109d83111f8a107828286/element - {"using":"xpath","value":"//bdi[contains(text(), \"OK\")]"}
RESULT: {"using":"xpath","value":"//bdi[contains(text(), \"OK\")]"}
COMMAND: POST /session/9eab2abfb92109d83111f8a107828286/element/f.5DB0E6D2BB4820C6A36F69CDDED9F1D7.d.FE77EB4AE5031F0F5DEECE861C738D90.e.1557/click - {}
RESULT: {}
COMMAND: GET /session/9eab2abfb92109d83111f8a107828286/screenshot - {}
RESULT: {}
COMMAND: POST /session/9eab2abfb92109d83111f8a107828286/element - {"using":"xpath","value":"//input[@id=\"application-managepartners-display-component---NewPartner--companyCodeComboBox-inner\"]"}
RESULT: {"using":"xpath","value":"//input[@id=\"application-managepartners-display-component---NewPartner--companyCodeComboBox-inner\"]"}
COMMAND: POST /session/9eab2abfb92109d83111f8a107828286/element/f.5DB0E6D2BB4820C6A36F69CDDED9F1D7.d.FE77EB4AE5031F0F5DEECE861C738D90.e.1451/clear - {}
RESULT: {}
COMMAND: POST /session/9eab2abfb92109d83111f8a107828286/element/f.5DB0E6D2BB4820C6A36F69CDDED9F1D7.d.FE77EB4AE5031F0F5DEECE861C738D90.e.1451/value - {"text":"1000"}
COMMAND: GET /session/9eab2abfb92109d83111f8a107828286/screenshot - {}
RESULT: {"text":"1000"}
COMMAND: GET /session/9eab2abfb92109d83111f8a107828286/screenshot - {}
RESULT: {}
RESULT: {}
COMMAND: POST /session/9eab2abfb92109d83111f8a107828286/element - {"using":"xpath","value":"//li[.//span[text()= \"1000\"]]"}
RESULT: {"using":"xpath","value":"//li[.//span[text()= \"1000\"]]"}
COMMAND: POST /session/9eab2abfb92109d83111f8a107828286/element/f.5DB0E6D2BB4820C6A36F69CDDED9F1D7.d.FE77EB4AE5031F0F5DEECE861C738D90.e.1563/click - {}
RESULT: {}
COMMAND: GET /session/9eab2abfb92109d83111f8a107828286/screenshot - {}
RESULT: {}
COMMAND: POST /session/9eab2abfb92109d83111f8a107828286/execute/async - {"script":"<script> [1562 bytes]","args":[{"selector":{"id":"application-managepartners-display-component---NewPartner--btnAddTableRow-img"},"wdio_ui5_key":"applicationmanagepartners-display-component---NewPartner--btnAddTableRow-img"}]}
RESULT: {"script":"<script> [1562 bytes]","args":[{"selector":{"id":"application-managepartners-display-component---NewPartner--btnAddTableRow-img"},"wdio_ui5_key":"applicationmanagepartners-display-component---NewPartner--btnAddTableRow-img"}]}
RESULT: undefined
COMMAND: POST /session/9eab2abfb92109d83111f8a107828286/element - {"using":"xpath","value":"//*[@id=\"application-managepartners-display-component---NewPartner--btnAddTableRow-img\"]"}
RESULT: {"using":"xpath","value":"//*[@id=\"application-managepartners-display-component---NewPartner--btnAddTableRow-img\"]"}
COMMAND: POST /session/9eab2abfb92109d83111f8a107828286/element/f.5DB0E6D2BB4820C6A36F69CDDED9F1D7.d.FE77EB4AE5031F0F5DEECE861C738D90.e.1564/click - {}
RESULT: {}
COMMAND: GET /session/9eab2abfb92109d83111f8a107828286/screenshot - {}
RESULT: {}
COMMAND: POST /session/9eab2abfb92109d83111f8a107828286/element - {"using":"xpath","value":"//input[@id=\"application-managepartners-display-component---NewPartner--assignmentYard-application-managepartners-display-component---NewPartner--assignmentsTable-0-inner\"]"}
RESULT: {"using":"xpath","value":"//input[@id=\"application-managepartners-display-component---NewPartner--assignmentYard-application-managepartners-display-component---NewPartner--assignmentsTable-0-inner\"]"}
COMMAND: POST /session/9eab2abfb92109d83111f8a107828286/element/f.5DB0E6D2BB4820C6A36F69CDDED9F1D7.d.FE77EB4AE5031F0F5DEECE861C738D90.e.1567/clear - {}
RESULT: {}
COMMAND: POST /session/9eab2abfb92109d83111f8a107828286/element/f.5DB0E6D2BB4820C6A36F69CDDED9F1D7.d.FE77EB4AE5031F0F5DEECE861C738D90.e.1567/value - {"text":"395"}
COMMAND: GET /session/9eab2abfb92109d83111f8a107828286/screenshot - {}
RESULT: {"text":"395"}
COMMAND: GET /session/9eab2abfb92109d83111f8a107828286/screenshot - {}
RESULT: {}
RESULT: {}
COMMAND: POST /session/9eab2abfb92109d83111f8a107828286/element - {"using":"xpath","value":"//li[.//span[text()='395']]"}
RESULT: {"using":"xpath","value":"//li[.//span[text()='395']]"}
COMMAND: POST /session/9eab2abfb92109d83111f8a107828286/element/f.5DB0E6D2BB4820C6A36F69CDDED9F1D7.d.FE77EB4AE5031F0F5DEECE861C738D90.e.1576/click - {}
RESULT: {}
COMMAND: GET /session/9eab2abfb92109d83111f8a107828286/screenshot - {}
RESULT: {}
COMMAND: POST /session/9eab2abfb92109d83111f8a107828286/actions - {"actions":[{"id":"action3","type":"key","parameters":{},"actions":[{"type":"keyDown","value":""},{"type":"pause","duration":10},{"type":"keyUp","value":""}]}]}
RESULT: {"actions":[{"id":"action3","type":"key","parameters":{},"actions":[{"type":"keyDown","value":""},{"type":"pause","duration":10},{"type":"keyUp","value":""}]}]}
COMMAND: POST /session/9eab2abfb92109d83111f8a107828286/execute/async - {"script":"<script> [1562 bytes]","args":[{"selector":{"id":"application-managepartners-display-component---NewPartner--externalCustomerComboBox-application-managepartners-display-component---NewPartner--assignmentsTable-0-vhi"},"wdio_ui5_key":"applicationmanagepartners-display-component---NewPartner--externalCustomerComboBox-application-managepartners-display-component---NewPartner--assignmentsTable-0-vhi"}]}
COMMAND: GET /session/9eab2abfb92109d83111f8a107828286/screenshot - {}
RESULT: {"script":"<script> [1562 bytes]","args":[{"selector":{"id":"application-managepartners-display-component---NewPartner--externalCustomerComboBox-application-managepartners-display-component---NewPartner--assignmentsTable-0-vhi"},"wdio_ui5_key":"applicationmanagepartners-display-component---NewPartner--externalCustomerComboBox-application-managepartners-display-component---NewPartner--assignmentsTable-0-vhi"}]}
RESULT: undefined
COMMAND: POST /session/9eab2abfb92109d83111f8a107828286/element - {"using":"xpath","value":"//*[@id=\"application-managepartners-display-component---NewPartner--externalCustomerComboBox-application-managepartners-display-component---NewPartner--assignmentsTable-0-vhi\"]"}
RESULT: {}
RESULT: {"using":"xpath","value":"//*[@id=\"application-managepartners-display-component---NewPartner--externalCustomerComboBox-application-managepartners-display-component---NewPartner--assignmentsTable-0-vhi\"]"}
COMMAND: POST /session/9eab2abfb92109d83111f8a107828286/element/f.5DB0E6D2BB4820C6A36F69CDDED9F1D7.d.FE77EB4AE5031F0F5DEECE861C738D90.e.1580/click - {}
RESULT: {}
RESULT: undefined
COMMAND: POST /session/9eab2abfb92109d83111f8a107828286/execute/async - {"script":"<script> [776 bytes]","args":[{"enterText":"300003","selector":{"controlType":"sap.m.SearchField","properties":{"placeholder":"Search"},"searchOpenDialogs":true,"interaction":{"idSuffix":"I"}},"clearTextFirst":true,"interactionType":"ENTER_TEXT"}]}
COMMAND: GET /session/9eab2abfb92109d83111f8a107828286/screenshot - {}
RESULT: {"script":"<script> [776 bytes]","args":[{"enterText":"300003","selector":{"controlType":"sap.m.SearchField","properties":{"placeholder":"Search"},"searchOpenDialogs":true,"interaction":{"idSuffix":"I"}},"clearTextFirst":true,"interactionType":"ENTER_TEXT"}]}
COMMAND: POST /session/9eab2abfb92109d83111f8a107828286/actions - {"actions":[{"id":"action4","type":"key","parameters":{},"actions":[{"type":"keyDown","value":""},{"type":"pause","duration":10},{"type":"keyUp","value":""}]}]}
RESULT: {}
RESULT: {"actions":[{"id":"action4","type":"key","parameters":{},"actions":[{"type":"keyDown","value":""},{"type":"pause","duration":10},{"type":"keyUp","value":""}]}]}
COMMAND: GET /session/9eab2abfb92109d83111f8a107828286/screenshot - {}
RESULT: {}
COMMAND: POST /session/9eab2abfb92109d83111f8a107828286/element - {"using":"xpath","value":"//span[contains(text(), \"300003\")]"}
RESULT: {"using":"xpath","value":"//span[contains(text(), \"300003\")]"}
COMMAND: POST /session/9eab2abfb92109d83111f8a107828286/element/f.5DB0E6D2BB4820C6A36F69CDDED9F1D7.d.FE77EB4AE5031F0F5DEECE861C738D90.e.1600/click - {}
RESULT: {}
COMMAND: GET /session/9eab2abfb92109d83111f8a107828286/screenshot - {}
RESULT: {}
COMMAND: POST /session/9eab2abfb92109d83111f8a107828286/element - {"using":"xpath","value":"//bdi[contains(text(), \"OK\")]"}
RESULT: {"using":"xpath","value":"//bdi[contains(text(), \"OK\")]"}
COMMAND: POST /session/9eab2abfb92109d83111f8a107828286/element/f.5DB0E6D2BB4820C6A36F69CDDED9F1D7.d.FE77EB4AE5031F0F5DEECE861C738D90.e.1602/click - {}
RESULT: {}
COMMAND: GET /session/9eab2abfb92109d83111f8a107828286/screenshot - {}
RESULT: {}
COMMAND: POST /session/9eab2abfb92109d83111f8a107828286/execute/async - {"script":"<script> [1562 bytes]","args":[{"selector":{"id":"application-managepartners-display-component---NewPartner--intercompVendorComboBox-application-managepartners-display-component---NewPartner--assignmentsTable-0-vhi"},"wdio_ui5_key":"applicationmanagepartners-display-component---NewPartner--intercompVendorComboBox-application-managepartners-display-component---NewPartner--assignmentsTable-0-vhi"}]}
RESULT: {"script":"<script> [1562 bytes]","args":[{"selector":{"id":"application-managepartners-display-component---NewPartner--intercompVendorComboBox-application-managepartners-display-component---NewPartner--assignmentsTable-0-vhi"},"wdio_ui5_key":"applicationmanagepartners-display-component---NewPartner--intercompVendorComboBox-application-managepartners-display-component---NewPartner--assignmentsTable-0-vhi"}]}
RESULT: undefined
COMMAND: POST /session/9eab2abfb92109d83111f8a107828286/element - {"using":"xpath","value":"//*[@id=\"application-managepartners-display-component---NewPartner--intercompVendorComboBox-application-managepartners-display-component---NewPartner--assignmentsTable-0-vhi\"]"}
RESULT: {"using":"xpath","value":"//*[@id=\"application-managepartners-display-component---NewPartner--intercompVendorComboBox-application-managepartners-display-component---NewPartner--assignmentsTable-0-vhi\"]"}
COMMAND: POST /session/9eab2abfb92109d83111f8a107828286/element/f.5DB0E6D2BB4820C6A36F69CDDED9F1D7.d.FE77EB4AE5031F0F5DEECE861C738D90.e.1605/click - {}
RESULT: {}
RESULT: undefined
COMMAND: POST /session/9eab2abfb92109d83111f8a107828286/execute/async - {"script":"<script> [776 bytes]","args":[{"enterText":"100005","selector":{"controlType":"sap.m.SearchField","properties":{"placeholder":"Search"},"searchOpenDialogs":true,"interaction":{"idSuffix":"I"}},"clearTextFirst":true,"interactionType":"ENTER_TEXT"}]}
COMMAND: GET /session/9eab2abfb92109d83111f8a107828286/screenshot - {}
RESULT: {"script":"<script> [776 bytes]","args":[{"enterText":"100005","selector":{"controlType":"sap.m.SearchField","properties":{"placeholder":"Search"},"searchOpenDialogs":true,"interaction":{"idSuffix":"I"}},"clearTextFirst":true,"interactionType":"ENTER_TEXT"}]}
COMMAND: POST /session/9eab2abfb92109d83111f8a107828286/actions - {"actions":[{"id":"action5","type":"key","parameters":{},"actions":[{"type":"keyDown","value":""},{"type":"pause","duration":10},{"type":"keyUp","value":""}]}]}
RESULT: {}
RESULT: {"actions":[{"id":"action5","type":"key","parameters":{},"actions":[{"type":"keyDown","value":""},{"type":"pause","duration":10},{"type":"keyUp","value":""}]}]}
COMMAND: GET /session/9eab2abfb92109d83111f8a107828286/screenshot - {}
RESULT: {}
COMMAND: POST /session/9eab2abfb92109d83111f8a107828286/element - {"using":"xpath","value":"//span[contains(text(), \"Penguins - Field/12345 Berlin\")]"}
RESULT: {"using":"xpath","value":"//span[contains(text(), \"Penguins - Field/12345 Berlin\")]"}
COMMAND: POST /session/9eab2abfb92109d83111f8a107828286/element/f.5DB0E6D2BB4820C6A36F69CDDED9F1D7.d.FE77EB4AE5031F0F5DEECE861C738D90.e.1622/click - {}
RESULT: {}
COMMAND: GET /session/9eab2abfb92109d83111f8a107828286/screenshot - {}
RESULT: {}
COMMAND: POST /session/9eab2abfb92109d83111f8a107828286/element - {"using":"xpath","value":"//bdi[contains(text(), \"OK\")]"}
RESULT: {"using":"xpath","value":"//bdi[contains(text(), \"OK\")]"}
COMMAND: POST /session/9eab2abfb92109d83111f8a107828286/element/f.5DB0E6D2BB4820C6A36F69CDDED9F1D7.d.FE77EB4AE5031F0F5DEECE861C738D90.e.1623/click - {}
RESULT: {}
COMMAND: GET /session/9eab2abfb92109d83111f8a107828286/screenshot - {}
RESULT: {}
COMMAND: POST /session/9eab2abfb92109d83111f8a107828286/element - {"using":"xpath","value":"//button[@data-kt=\"saveButton\"]"}
RESULT: {"using":"xpath","value":"//button[@data-kt=\"saveButton\"]"}
COMMAND: POST /session/9eab2abfb92109d83111f8a107828286/element/f.5DB0E6D2BB4820C6A36F69CDDED9F1D7.d.FE77EB4AE5031F0F5DEECE861C738D90.e.1477/click - {}
RESULT: {}
COMMAND: GET /session/9eab2abfb92109d83111f8a107828286/screenshot - {}
RESULT: {}
COMMAND: POST /session/9eab2abfb92109d83111f8a107828286/element - {"using":"xpath","value":"//header[contains(@id, 'ObjectPageLayout-headerTitle')]/div[1]/div[2]/div[2]/span[1]"}
RESULT: {"using":"xpath","value":"//header[contains(@id, 'ObjectPageLayout-headerTitle')]/div[1]/div[2]/div[2]/span[1]"}
COMMAND: POST /session/9eab2abfb92109d83111f8a107828286/elements - {"using":"xpath","value":"//header[contains(@id, 'ObjectPageLayout-headerTitle')]/div[1]/div[2]/div[2]/span[1]"}
RESULT: {"using":"xpath","value":"//header[contains(@id, 'ObjectPageLayout-headerTitle')]/div[1]/div[2]/div[2]/span[1]"}
COMMAND: POST /session/9eab2abfb92109d83111f8a107828286/execute/sync - {"script":"<script> [56 bytes]","args":[{"element-6066-11e4-a52e-4f735466cecf":"f.5DB0E6D2BB4820C6A36F69CDDED9F1D7.d.FE77EB4AE5031F0F5DEECE861C738D90.e.1788","ELEMENT":"f.5DB0E6D2BB4820C6A36F69CDDED9F1D7.d.FE77EB4AE5031F0F5DEECE861C738D90.e.1788"}]}
RESULT: {"script":"<script> [56 bytes]","args":[{"element-6066-11e4-a52e-4f735466cecf":"f.5DB0E6D2BB4820C6A36F69CDDED9F1D7.d.FE77EB4AE5031F0F5DEECE861C738D90.e.1788","ELEMENT":"f.5DB0E6D2BB4820C6A36F69CDDED9F1D7.d.FE77EB4AE5031F0F5DEECE861C738D90.e.1788"}]}
COMMAND: POST /session/9eab2abfb92109d83111f8a107828286/element - {"using":"css selector","value":"#shell-header-logo"}
COMMAND: GET /session/9eab2abfb92109d83111f8a107828286/screenshot - {}
RESULT: {"using":"css selector","value":"#shell-header-logo"}
COMMAND: POST /session/9eab2abfb92109d83111f8a107828286/element/f.5DB0E6D2BB4820C6A36F69CDDED9F1D7.d.FE77EB4AE5031F0F5DEECE861C738D90.e.1004/click - {}
RESULT: {}
RESULT: {}
COMMAND: GET /session/9eab2abfb92109d83111f8a107828286/screenshot - {}
RESULT: {}
COMMAND: POST /session/9eab2abfb92109d83111f8a107828286/execute/sync - {"script":"<script> [299 bytes]","args":[["getModel","getResource"]]}
RESULT: {"script":"<script> [299 bytes]","args":[["getModel","getResource"]]}
COMMAND: GET /session/9eab2abfb92109d83111f8a107828286/screenshot - {}
]]></system-out>
    </testcase>
    <testcase classname="chrome.136_0_7103_93.windows.Billing_confirm_US117289" name="Should create a new site" time="166.023">
      <system-out><![CDATA[
COMMAND: POST /session/9eab2abfb92109d83111f8a107828286/execute/async - {"script":"<script> [1562 bytes]","args":[{"selector":{"controlType":"sap.m.GenericTile","properties":{"header":"Manage Sites"}},"wdio_ui5_key":"sapm.GenericTile{\"header\":\"Manage Sites\"}"}]}
RESULT: {}
RESULT: {"script":"<script> [1562 bytes]","args":[{"selector":{"controlType":"sap.m.GenericTile","properties":{"header":"Manage Sites"}},"wdio_ui5_key":"sapm.GenericTile{\"header\":\"Manage Sites\"}"}]}
RESULT: undefined
COMMAND: POST /session/9eab2abfb92109d83111f8a107828286/element - {"using":"xpath","value":"//*[@id=\"__tile40\"]"}
RESULT: {"using":"xpath","value":"//*[@id=\"__tile40\"]"}
COMMAND: POST /session/9eab2abfb92109d83111f8a107828286/element/f.5DB0E6D2BB4820C6A36F69CDDED9F1D7.d.FE77EB4AE5031F0F5DEECE861C738D90.e.165/click - {}
RESULT: {}
COMMAND: GET /session/9eab2abfb92109d83111f8a107828286/screenshot - {}
RESULT: {}
COMMAND: POST /session/9eab2abfb92109d83111f8a107828286/elements - {"using":"xpath","value":"//span[text()='Error']"}
RESULT: {"using":"xpath","value":"//span[text()='Error']"}
COMMAND: POST /session/9eab2abfb92109d83111f8a107828286/element - {"using":"xpath","value":"//button[@data-kt=\"addOverflowToolbarButton\"]"}
RESULT: {"using":"xpath","value":"//button[@data-kt=\"addOverflowToolbarButton\"]"}
COMMAND: POST /session/9eab2abfb92109d83111f8a107828286/elements - {"using":"xpath","value":"//button[@data-kt=\"addOverflowToolbarButton\"]"}
RESULT: {"using":"xpath","value":"//button[@data-kt=\"addOverflowToolbarButton\"]"}
COMMAND: POST /session/9eab2abfb92109d83111f8a107828286/execute/sync - {"script":"<script> [8489 bytes]","args":[{"element-6066-11e4-a52e-4f735466cecf":"f.5DB0E6D2BB4820C6A36F69CDDED9F1D7.d.FE77EB4AE5031F0F5DEECE861C738D90.e.1836","ELEMENT":"f.5DB0E6D2BB4820C6A36F69CDDED9F1D7.d.FE77EB4AE5031F0F5DEECE861C738D90.e.1836"}]}
RESULT: {"script":"<script> [8489 bytes]","args":[{"element-6066-11e4-a52e-4f735466cecf":"f.5DB0E6D2BB4820C6A36F69CDDED9F1D7.d.FE77EB4AE5031F0F5DEECE861C738D90.e.1836","ELEMENT":"f.5DB0E6D2BB4820C6A36F69CDDED9F1D7.d.FE77EB4AE5031F0F5DEECE861C738D90.e.1836"}]}
COMMAND: GET /session/9eab2abfb92109d83111f8a107828286/element/f.5DB0E6D2BB4820C6A36F69CDDED9F1D7.d.FE77EB4AE5031F0F5DEECE861C738D90.e.1836/enabled - {}
COMMAND: GET /session/9eab2abfb92109d83111f8a107828286/screenshot - {}
RESULT: {}
COMMAND: POST /session/9eab2abfb92109d83111f8a107828286/execute/sync - {"script":"<script> [8489 bytes]","args":[{"element-6066-11e4-a52e-4f735466cecf":"f.5DB0E6D2BB4820C6A36F69CDDED9F1D7.d.FE77EB4AE5031F0F5DEECE861C738D90.e.1836","ELEMENT":"f.5DB0E6D2BB4820C6A36F69CDDED9F1D7.d.FE77EB4AE5031F0F5DEECE861C738D90.e.1836"}]}
COMMAND: GET /session/9eab2abfb92109d83111f8a107828286/screenshot - {}
RESULT: {}
RESULT: {"script":"<script> [8489 bytes]","args":[{"element-6066-11e4-a52e-4f735466cecf":"f.5DB0E6D2BB4820C6A36F69CDDED9F1D7.d.FE77EB4AE5031F0F5DEECE861C738D90.e.1836","ELEMENT":"f.5DB0E6D2BB4820C6A36F69CDDED9F1D7.d.FE77EB4AE5031F0F5DEECE861C738D90.e.1836"}]}
COMMAND: POST /session/9eab2abfb92109d83111f8a107828286/execute/sync - {"script":"<script> [5351 bytes]","args":[{"element-6066-11e4-a52e-4f735466cecf":"f.5DB0E6D2BB4820C6A36F69CDDED9F1D7.d.FE77EB4AE5031F0F5DEECE861C738D90.e.1836","ELEMENT":"f.5DB0E6D2BB4820C6A36F69CDDED9F1D7.d.FE77EB4AE5031F0F5DEECE861C738D90.e.1836"}]}
COMMAND: GET /session/9eab2abfb92109d83111f8a107828286/screenshot - {}
RESULT: {}
RESULT: {"script":"<script> [5351 bytes]","args":[{"element-6066-11e4-a52e-4f735466cecf":"f.5DB0E6D2BB4820C6A36F69CDDED9F1D7.d.FE77EB4AE5031F0F5DEECE861C738D90.e.1836","ELEMENT":"f.5DB0E6D2BB4820C6A36F69CDDED9F1D7.d.FE77EB4AE5031F0F5DEECE861C738D90.e.1836"}]}
COMMAND: POST /session/9eab2abfb92109d83111f8a107828286/element/f.5DB0E6D2BB4820C6A36F69CDDED9F1D7.d.FE77EB4AE5031F0F5DEECE861C738D90.e.1836/click - {}
COMMAND: GET /session/9eab2abfb92109d83111f8a107828286/screenshot - {}
RESULT: {}
RESULT: {}
COMMAND: GET /session/9eab2abfb92109d83111f8a107828286/screenshot - {}
RESULT: {}
RESULT: {}
COMMAND: POST /session/9eab2abfb92109d83111f8a107828286/element - {"using":"xpath","value":"//input[@id=\"application-managesites-display-component---NewSite--siteId-inner\"]"}
RESULT: {"using":"xpath","value":"//input[@id=\"application-managesites-display-component---NewSite--siteId-inner\"]"}
COMMAND: POST /session/9eab2abfb92109d83111f8a107828286/element - {"using":"xpath","value":"//input[@id=\"application-managesites-display-component---NewSite--siteId-inner\"]"}
RESULT: {"using":"xpath","value":"//input[@id=\"application-managesites-display-component---NewSite--siteId-inner\"]"}
COMMAND: POST /session/9eab2abfb92109d83111f8a107828286/execute/async - {"script":"<script> [1562 bytes]","args":[{"selector":{"id":"application-managesites-display-component---NewSite--addressDetailDetailsName1","interaction":{"idSuffix":"inner"}},"wdio_ui5_key":"applicationmanagesites-display-component---NewSite--addressDetailDetailsName1"}]}
RESULT: {"script":"<script> [1562 bytes]","args":[{"selector":{"id":"application-managesites-display-component---NewSite--addressDetailDetailsName1","interaction":{"idSuffix":"inner"}},"wdio_ui5_key":"applicationmanagesites-display-component---NewSite--addressDetailDetailsName1"}]}
RESULT: undefined
COMMAND: POST /session/9eab2abfb92109d83111f8a107828286/execute/async - {"script":"<script> [776 bytes]","args":[{"enterText":"Intracompany Site wdIO","selector":{"id":"application-managesites-display-component---NewSite--addressDetailDetailsName1","interaction":{"idSuffix":"inner"}},"clearTextFirst":true,"interactionType":"ENTER_TEXT"}]}
RESULT: {"script":"<script> [776 bytes]","args":[{"enterText":"Intracompany Site wdIO","selector":{"id":"application-managesites-display-component---NewSite--addressDetailDetailsName1","interaction":{"idSuffix":"inner"}},"clearTextFirst":true,"interactionType":"ENTER_TEXT"}]}
COMMAND: POST /session/9eab2abfb92109d83111f8a107828286/execute/async - {"script":"<script> [1562 bytes]","args":[{"selector":{"id":"application-managesites-display-component---NewSite--addressDetailDetailsLanguage-arrow"},"wdio_ui5_key":"applicationmanagesites-display-component---NewSite--addressDetailDetailsLanguage-arrow"}]}
RESULT: {"script":"<script> [1562 bytes]","args":[{"selector":{"id":"application-managesites-display-component---NewSite--addressDetailDetailsLanguage-arrow"},"wdio_ui5_key":"applicationmanagesites-display-component---NewSite--addressDetailDetailsLanguage-arrow"}]}
RESULT: undefined
COMMAND: POST /session/9eab2abfb92109d83111f8a107828286/element - {"using":"xpath","value":"//*[@id=\"application-managesites-display-component---NewSite--addressDetailDetailsLanguage-arrow\"]"}
RESULT: {"using":"xpath","value":"//*[@id=\"application-managesites-display-component---NewSite--addressDetailDetailsLanguage-arrow\"]"}
COMMAND: POST /session/9eab2abfb92109d83111f8a107828286/element/f.5DB0E6D2BB4820C6A36F69CDDED9F1D7.d.FE77EB4AE5031F0F5DEECE861C738D90.e.2237/click - {}
RESULT: {}
COMMAND: POST /session/9eab2abfb92109d83111f8a107828286/element - {"using":"xpath","value":"//span[contains(text(), \"English\")]"}
COMMAND: GET /session/9eab2abfb92109d83111f8a107828286/screenshot - {}
RESULT: {"using":"xpath","value":"//span[contains(text(), \"English\")]"}
COMMAND: POST /session/9eab2abfb92109d83111f8a107828286/element/f.5DB0E6D2BB4820C6A36F69CDDED9F1D7.d.FE77EB4AE5031F0F5DEECE861C738D90.e.2238/click - {}
RESULT: {}
RESULT: {}
COMMAND: POST /session/9eab2abfb92109d83111f8a107828286/execute/async - {"script":"<script> [1562 bytes]","args":[{"selector":{"id":"application-managesites-display-component---NewSite--addressDetailDetailsCity1","interaction":{"idSuffix":"inner"}},"wdio_ui5_key":"applicationmanagesites-display-component---NewSite--addressDetailDetailsCity1"}]}
COMMAND: GET /session/9eab2abfb92109d83111f8a107828286/screenshot - {}
RESULT: {"script":"<script> [1562 bytes]","args":[{"selector":{"id":"application-managesites-display-component---NewSite--addressDetailDetailsCity1","interaction":{"idSuffix":"inner"}},"wdio_ui5_key":"applicationmanagesites-display-component---NewSite--addressDetailDetailsCity1"}]}
RESULT: undefined
COMMAND: POST /session/9eab2abfb92109d83111f8a107828286/execute/async - {"script":"<script> [776 bytes]","args":[{"enterText":"Rosario","selector":{"id":"application-managesites-display-component---NewSite--addressDetailDetailsCity1","interaction":{"idSuffix":"inner"}},"clearTextFirst":true,"interactionType":"ENTER_TEXT"}]}
RESULT: {}
RESULT: {"script":"<script> [776 bytes]","args":[{"enterText":"Rosario","selector":{"id":"application-managesites-display-component---NewSite--addressDetailDetailsCity1","interaction":{"idSuffix":"inner"}},"clearTextFirst":true,"interactionType":"ENTER_TEXT"}]}
COMMAND: POST /session/9eab2abfb92109d83111f8a107828286/execute/async - {"script":"<script> [1562 bytes]","args":[{"selector":{"id":"application-managesites-display-component---NewSite--addressDetailDetailsCountry-arrow"},"wdio_ui5_key":"applicationmanagesites-display-component---NewSite--addressDetailDetailsCountry-arrow"}]}
RESULT: {"script":"<script> [1562 bytes]","args":[{"selector":{"id":"application-managesites-display-component---NewSite--addressDetailDetailsCountry-arrow"},"wdio_ui5_key":"applicationmanagesites-display-component---NewSite--addressDetailDetailsCountry-arrow"}]}
RESULT: undefined
COMMAND: POST /session/9eab2abfb92109d83111f8a107828286/element - {"using":"xpath","value":"//*[@id=\"application-managesites-display-component---NewSite--addressDetailDetailsCountry-arrow\"]"}
RESULT: {"using":"xpath","value":"//*[@id=\"application-managesites-display-component---NewSite--addressDetailDetailsCountry-arrow\"]"}
COMMAND: POST /session/9eab2abfb92109d83111f8a107828286/element/f.5DB0E6D2BB4820C6A36F69CDDED9F1D7.d.FE77EB4AE5031F0F5DEECE861C738D90.e.2240/click - {}
RESULT: {}
COMMAND: POST /session/9eab2abfb92109d83111f8a107828286/element - {"using":"xpath","value":"//span[contains(text(), \"Argentina\")]"}
COMMAND: GET /session/9eab2abfb92109d83111f8a107828286/screenshot - {}
RESULT: {"using":"xpath","value":"//span[contains(text(), \"Argentina\")]"}
COMMAND: POST /session/9eab2abfb92109d83111f8a107828286/element/f.5DB0E6D2BB4820C6A36F69CDDED9F1D7.d.FE77EB4AE5031F0F5DEECE861C738D90.e.2241/click - {}
RESULT: {}
RESULT: {}
COMMAND: GET /session/9eab2abfb92109d83111f8a107828286/screenshot - {}
RESULT: {}
COMMAND: POST /session/9eab2abfb92109d83111f8a107828286/execute/async - {"script":"<script> [1562 bytes]","args":[{"selector":{"id":"application-managesites-display-component---NewSite--addressEditDetailsCostObjectCstType-arrow"},"wdio_ui5_key":"applicationmanagesites-display-component---NewSite--addressEditDetailsCostObjectCstType-arrow"}]}
RESULT: {"script":"<script> [1562 bytes]","args":[{"selector":{"id":"application-managesites-display-component---NewSite--addressEditDetailsCostObjectCstType-arrow"},"wdio_ui5_key":"applicationmanagesites-display-component---NewSite--addressEditDetailsCostObjectCstType-arrow"}]}
RESULT: undefined
COMMAND: POST /session/9eab2abfb92109d83111f8a107828286/element - {"using":"xpath","value":"//*[@id=\"application-managesites-display-component---NewSite--addressEditDetailsCostObjectCstType-arrow\"]"}
RESULT: {"using":"xpath","value":"//*[@id=\"application-managesites-display-component---NewSite--addressEditDetailsCostObjectCstType-arrow\"]"}
COMMAND: POST /session/9eab2abfb92109d83111f8a107828286/element/f.5DB0E6D2BB4820C6A36F69CDDED9F1D7.d.FE77EB4AE5031F0F5DEECE861C738D90.e.2243/click - {}
RESULT: {}
COMMAND: POST /session/9eab2abfb92109d83111f8a107828286/element - {"using":"xpath","value":"//span[contains(text(), \"Cost Center\")]"}
COMMAND: GET /session/9eab2abfb92109d83111f8a107828286/screenshot - {}
RESULT: {"using":"xpath","value":"//span[contains(text(), \"Cost Center\")]"}
COMMAND: POST /session/9eab2abfb92109d83111f8a107828286/element/f.5DB0E6D2BB4820C6A36F69CDDED9F1D7.d.FE77EB4AE5031F0F5DEECE861C738D90.e.2244/click - {}
RESULT: {}
RESULT: {}
COMMAND: GET /session/9eab2abfb92109d83111f8a107828286/screenshot - {}
RESULT: {}
COMMAND: POST /session/9eab2abfb92109d83111f8a107828286/element - {"using":"xpath","value":"//span[@id=\"application-managesites-display-component---NewSite--addressNewCostObjectCstID-vhi\"]"}
RESULT: {"using":"xpath","value":"//span[@id=\"application-managesites-display-component---NewSite--addressNewCostObjectCstID-vhi\"]"}
COMMAND: POST /session/9eab2abfb92109d83111f8a107828286/execute/sync - {"script":"<script> [8489 bytes]","args":[{"element-6066-11e4-a52e-4f735466cecf":"f.5DB0E6D2BB4820C6A36F69CDDED9F1D7.d.FE77EB4AE5031F0F5DEECE861C738D90.e.2249","ELEMENT":"f.5DB0E6D2BB4820C6A36F69CDDED9F1D7.d.FE77EB4AE5031F0F5DEECE861C738D90.e.2249"}]}
RESULT: {"script":"<script> [8489 bytes]","args":[{"element-6066-11e4-a52e-4f735466cecf":"f.5DB0E6D2BB4820C6A36F69CDDED9F1D7.d.FE77EB4AE5031F0F5DEECE861C738D90.e.2249","ELEMENT":"f.5DB0E6D2BB4820C6A36F69CDDED9F1D7.d.FE77EB4AE5031F0F5DEECE861C738D90.e.2249"}]}
COMMAND: POST /session/9eab2abfb92109d83111f8a107828286/execute/async - {"script":"<script> [1562 bytes]","args":[{"selector":{"id":"application-managesites-display-component---NewSite--addressNewCostObjectCstID-vhi"},"wdio_ui5_key":"applicationmanagesites-display-component---NewSite--addressNewCostObjectCstID-vhi"}]}
COMMAND: GET /session/9eab2abfb92109d83111f8a107828286/screenshot - {}
RESULT: {"script":"<script> [1562 bytes]","args":[{"selector":{"id":"application-managesites-display-component---NewSite--addressNewCostObjectCstID-vhi"},"wdio_ui5_key":"applicationmanagesites-display-component---NewSite--addressNewCostObjectCstID-vhi"}]}
RESULT: undefined
COMMAND: POST /session/9eab2abfb92109d83111f8a107828286/element - {"using":"xpath","value":"//*[@id=\"application-managesites-display-component---NewSite--addressNewCostObjectCstID-vhi\"]"}
RESULT: {}
RESULT: {"using":"xpath","value":"//*[@id=\"application-managesites-display-component---NewSite--addressNewCostObjectCstID-vhi\"]"}
COMMAND: POST /session/9eab2abfb92109d83111f8a107828286/element/f.5DB0E6D2BB4820C6A36F69CDDED9F1D7.d.FE77EB4AE5031F0F5DEECE861C738D90.e.2249/click - {}
RESULT: {}
COMMAND: GET /session/9eab2abfb92109d83111f8a107828286/screenshot - {}
RESULT: {}
RESULT: undefined
COMMAND: POST /session/9eab2abfb92109d83111f8a107828286/execute/async - {"script":"<script> [776 bytes]","args":[{"enterText":"10001013","selector":{"controlType":"sap.m.SearchField","properties":{"placeholder":"Search"},"searchOpenDialogs":true,"interaction":{"idSuffix":"I"}},"clearTextFirst":true,"interactionType":"ENTER_TEXT"}]}
RESULT: {"script":"<script> [776 bytes]","args":[{"enterText":"10001013","selector":{"controlType":"sap.m.SearchField","properties":{"placeholder":"Search"},"searchOpenDialogs":true,"interaction":{"idSuffix":"I"}},"clearTextFirst":true,"interactionType":"ENTER_TEXT"}]}
COMMAND: POST /session/9eab2abfb92109d83111f8a107828286/actions - {"actions":[{"id":"action6","type":"key","parameters":{},"actions":[{"type":"keyDown","value":""},{"type":"pause","duration":10},{"type":"keyUp","value":""}]}]}
RESULT: {"actions":[{"id":"action6","type":"key","parameters":{},"actions":[{"type":"keyDown","value":""},{"type":"pause","duration":10},{"type":"keyUp","value":""}]}]}
COMMAND: GET /session/9eab2abfb92109d83111f8a107828286/screenshot - {}
RESULT: {}
COMMAND: POST /session/9eab2abfb92109d83111f8a107828286/element - {"using":"xpath","value":"//span[contains(text(), \"General Management\")]"}
RESULT: {"using":"xpath","value":"//span[contains(text(), \"General Management\")]"}
COMMAND: POST /session/9eab2abfb92109d83111f8a107828286/element/f.5DB0E6D2BB4820C6A36F69CDDED9F1D7.d.FE77EB4AE5031F0F5DEECE861C738D90.e.2288/click - {}
RESULT: {}
COMMAND: GET /session/9eab2abfb92109d83111f8a107828286/screenshot - {}
RESULT: {}
COMMAND: POST /session/9eab2abfb92109d83111f8a107828286/element - {"using":"xpath","value":"//bdi[contains(text(), \"OK\")]"}
RESULT: {"using":"xpath","value":"//bdi[contains(text(), \"OK\")]"}
COMMAND: POST /session/9eab2abfb92109d83111f8a107828286/element/f.5DB0E6D2BB4820C6A36F69CDDED9F1D7.d.FE77EB4AE5031F0F5DEECE861C738D90.e.2289/click - {}
RESULT: {}
COMMAND: GET /session/9eab2abfb92109d83111f8a107828286/screenshot - {}
RESULT: {}
COMMAND: POST /session/9eab2abfb92109d83111f8a107828286/element - {"using":"xpath","value":"//input[@id=\"application-managesites-display-component---NewSite--addressDetailDetailsCalendar-inner\"]"}
RESULT: {"using":"xpath","value":"//input[@id=\"application-managesites-display-component---NewSite--addressDetailDetailsCalendar-inner\"]"}
COMMAND: POST /session/9eab2abfb92109d83111f8a107828286/element/f.5DB0E6D2BB4820C6A36F69CDDED9F1D7.d.FE77EB4AE5031F0F5DEECE861C738D90.e.2084/clear - {}
RESULT: {}
COMMAND: POST /session/9eab2abfb92109d83111f8a107828286/element/f.5DB0E6D2BB4820C6A36F69CDDED9F1D7.d.FE77EB4AE5031F0F5DEECE861C738D90.e.2084/value - {"text":"Unit"}
COMMAND: GET /session/9eab2abfb92109d83111f8a107828286/screenshot - {}
RESULT: {"text":"Unit"}
COMMAND: GET /session/9eab2abfb92109d83111f8a107828286/screenshot - {}
RESULT: {}
RESULT: {}
COMMAND: POST /session/9eab2abfb92109d83111f8a107828286/actions - {"actions":[{"id":"action7","type":"key","parameters":{},"actions":[{"type":"keyDown","value":""},{"type":"pause","duration":10},{"type":"keyUp","value":""}]}]}
RESULT: {"actions":[{"id":"action7","type":"key","parameters":{},"actions":[{"type":"keyDown","value":""},{"type":"pause","duration":10},{"type":"keyUp","value":""}]}]}
COMMAND: POST /session/9eab2abfb92109d83111f8a107828286/element - {"using":"xpath","value":"//input[@id=\"application-managesites-display-component---NewSite--addressDetailDetailsYard-inner\"]"}
COMMAND: GET /session/9eab2abfb92109d83111f8a107828286/screenshot - {}
RESULT: {"using":"xpath","value":"//input[@id=\"application-managesites-display-component---NewSite--addressDetailDetailsYard-inner\"]"}
COMMAND: POST /session/9eab2abfb92109d83111f8a107828286/element/f.5DB0E6D2BB4820C6A36F69CDDED9F1D7.d.FE77EB4AE5031F0F5DEECE861C738D90.e.2085/clear - {}
RESULT: {}
RESULT: {}
COMMAND: POST /session/9eab2abfb92109d83111f8a107828286/element/f.5DB0E6D2BB4820C6A36F69CDDED9F1D7.d.FE77EB4AE5031F0F5DEECE861C738D90.e.2085/value - {"text":"395"}
COMMAND: GET /session/9eab2abfb92109d83111f8a107828286/screenshot - {}
RESULT: {"text":"395"}
COMMAND: GET /session/9eab2abfb92109d83111f8a107828286/screenshot - {}
RESULT: {}
RESULT: {}
COMMAND: POST /session/9eab2abfb92109d83111f8a107828286/element - {"using":"xpath","value":"//li[.//span[text()='395']]"}
RESULT: {"using":"xpath","value":"//li[.//span[text()='395']]"}
COMMAND: POST /session/9eab2abfb92109d83111f8a107828286/element/f.5DB0E6D2BB4820C6A36F69CDDED9F1D7.d.FE77EB4AE5031F0F5DEECE861C738D90.e.2297/click - {}
RESULT: {}
COMMAND: GET /session/9eab2abfb92109d83111f8a107828286/screenshot - {}
RESULT: {}
COMMAND: POST /session/9eab2abfb92109d83111f8a107828286/element - {"using":"xpath","value":"//input[@id=\"application-managesites-display-component---NewSite--addressDetailDetailsPartner-inner\"]"}
RESULT: {"using":"xpath","value":"//input[@id=\"application-managesites-display-component---NewSite--addressDetailDetailsPartner-inner\"]"}
COMMAND: POST /session/9eab2abfb92109d83111f8a107828286/element - {"using":"xpath","value":"//input[@id=\"application-managesites-display-component---NewSite--addressDetailDetailsPartner-inner\"]"}
RESULT: {"using":"xpath","value":"//input[@id=\"application-managesites-display-component---NewSite--addressDetailDetailsPartner-inner\"]"}
COMMAND: POST /session/9eab2abfb92109d83111f8a107828286/element - {"using":"xpath","value":"//button[@data-kt=\"saveButton\"]"}
RESULT: {"using":"xpath","value":"//button[@data-kt=\"saveButton\"]"}
COMMAND: POST /session/9eab2abfb92109d83111f8a107828286/element/f.5DB0E6D2BB4820C6A36F69CDDED9F1D7.d.FE77EB4AE5031F0F5DEECE861C738D90.e.2230/click - {}
RESULT: {}
COMMAND: GET /session/9eab2abfb92109d83111f8a107828286/screenshot - {}
COMMAND: POST /session/9eab2abfb92109d83111f8a107828286/element - {"using":"xpath","value":"//header[contains(@id, 'ObjectPageLayout-headerTitle')]/div[1]/div[2]/div[2]/span[1]"}
RESULT: {}
RESULT: {"using":"xpath","value":"//header[contains(@id, 'ObjectPageLayout-headerTitle')]/div[1]/div[2]/div[2]/span[1]"}
COMMAND: POST /session/9eab2abfb92109d83111f8a107828286/elements - {"using":"xpath","value":"//header[contains(@id, 'ObjectPageLayout-headerTitle')]/div[1]/div[2]/div[2]/span[1]"}
RESULT: {"using":"xpath","value":"//header[contains(@id, 'ObjectPageLayout-headerTitle')]/div[1]/div[2]/div[2]/span[1]"}
COMMAND: POST /session/9eab2abfb92109d83111f8a107828286/execute/sync - {"script":"<script> [56 bytes]","args":[{"element-6066-11e4-a52e-4f735466cecf":"f.5DB0E6D2BB4820C6A36F69CDDED9F1D7.d.FE77EB4AE5031F0F5DEECE861C738D90.e.2501","ELEMENT":"f.5DB0E6D2BB4820C6A36F69CDDED9F1D7.d.FE77EB4AE5031F0F5DEECE861C738D90.e.2501"}]}
RESULT: {"script":"<script> [56 bytes]","args":[{"element-6066-11e4-a52e-4f735466cecf":"f.5DB0E6D2BB4820C6A36F69CDDED9F1D7.d.FE77EB4AE5031F0F5DEECE861C738D90.e.2501","ELEMENT":"f.5DB0E6D2BB4820C6A36F69CDDED9F1D7.d.FE77EB4AE5031F0F5DEECE861C738D90.e.2501"}]}
COMMAND: POST /session/9eab2abfb92109d83111f8a107828286/element - {"using":"css selector","value":"#shell-header-logo"}
COMMAND: GET /session/9eab2abfb92109d83111f8a107828286/screenshot - {}
RESULT: {"using":"css selector","value":"#shell-header-logo"}
COMMAND: POST /session/9eab2abfb92109d83111f8a107828286/element/f.5DB0E6D2BB4820C6A36F69CDDED9F1D7.d.FE77EB4AE5031F0F5DEECE861C738D90.e.1794/click - {}
RESULT: {}
RESULT: {}
COMMAND: GET /session/9eab2abfb92109d83111f8a107828286/screenshot - {}
RESULT: {}
COMMAND: POST /session/9eab2abfb92109d83111f8a107828286/execute/sync - {"script":"<script> [299 bytes]","args":[["getModel","getResource"]]}
RESULT: {"script":"<script> [299 bytes]","args":[["getModel","getResource"]]}
COMMAND: POST /session/9eab2abfb92109d83111f8a107828286/actions - {"actions":[{"id":"action8","type":"key","parameters":{},"actions":[{"type":"keyDown","value":""},{"type":"pause","duration":10},{"type":"keyUp","value":""}]}]}
COMMAND: GET /session/9eab2abfb92109d83111f8a107828286/screenshot - {}
RESULT: {"actions":[{"id":"action8","type":"key","parameters":{},"actions":[{"type":"keyDown","value":""},{"type":"pause","duration":10},{"type":"keyUp","value":""}]}]}
COMMAND: GET /session/9eab2abfb92109d83111f8a107828286/screenshot - {}
RESULT: {}
RESULT: {}
COMMAND: POST /session/9eab2abfb92109d83111f8a107828286/refresh - {}
RESULT: {}
COMMAND: GET /session/9eab2abfb92109d83111f8a107828286/screenshot - {}
RESULT: {}
COMMAND: POST /session/9eab2abfb92109d83111f8a107828286/refresh - {}
RESULT: {}
COMMAND: GET /session/9eab2abfb92109d83111f8a107828286/screenshot - {}
RESULT: {}
COMMAND: POST /session/9eab2abfb92109d83111f8a107828286/window/fullscreen - {}
RESULT: {}
COMMAND: POST /session/9eab2abfb92109d83111f8a107828286/execute/async - {"script":"<script> [189 bytes]","args":[]}
RESULT: {"script":"<script> [189 bytes]","args":[]}
COMMAND: POST /session/9eab2abfb92109d83111f8a107828286/execute/async - {"script":"<script> [123 bytes]","args":[]}
RESULT: {"script":"<script> [123 bytes]","args":[]}
COMMAND: POST /session/9eab2abfb92109d83111f8a107828286/timeouts - {"script":"<number>"}
RESULT: {"script":"<number>"}
COMMAND: GET /session/9eab2abfb92109d83111f8a107828286/timeouts - {}
RESULT: {}
RESULT: undefined
COMMAND: POST /session/9eab2abfb92109d83111f8a107828286/execute/async - {"script":"<script> [2676 bytes]","args":[]}
RESULT: {"script":"<script> [2676 bytes]","args":[]}
COMMAND: POST /session/9eab2abfb92109d83111f8a107828286/execute/async - {"script":"<script> [2342 bytes]","args":[{"protocol":"http","hostname":"0.0.0.0","path":"/","capabilities":{"browserName":"chrome","goog:chromeOptions":{"binary":"C:\\Program Files\\Google\\Chrome\\Application\\chrome.exe","args":["--start-maximized"]}},"logLevel":"warn","connectionRetryTimeout":120000,"connectionRetryCount":3,"logLevels":{},"enableDirectConnect":true,"strictSSL":true,"_":"65 more keys: [\"cacheDir\",\"port\",\"requestedCapabilities\",\"automationProtocol\",\"baseUrl\",\"waitforInterval\",\"waitforTimeout\",\"onReload\",\"beforeCommand\",\"afterCommand\",\"rootDir\",\"specs\",\"suites\",\"exclude\",\"groupLogsByTestSpec\",\"excludeDriverLogs\",\"bail\",\"framework\",\"reporters\",\"services\",\"maxInstances\",\"maxInstancesPerCapability\",\"injectGlobals\",\"filesToWatch\",\"execArgv\",\"runnerEnv\",\"runner\",\"shard\",\"specFileRetries\",\"specFileRetriesDelay\",\"specFileRetriesDeferred\",\"reporterSyncInterval\",\"reporterSyncTimeout\",\"cucumberFeaturesWithLineNumbers\",\"autoCompileOpts\",\"mochaOpts\",\"jasmineOpts\",\"cucumberOpts\",\"onPrepare\",\"onWorkerStart\",\"onWorkerEnd\",\"before\",\"beforeSession\",\"beforeSuite\",\"beforeHook\",\"beforeTest\",\"afterTest\",\"afterHook\",\"afterSuite\",\"afterSession\",\"after\",\"onComplete\",\"beforeAssertion\",\"afterAssertion\",\"beforeFeature\",\"beforeScenario\",\"beforeStep\",\"afterStep\",\"afterScenario\",\"afterFeature\",\"_\",\"suite\",\"$0\",\"ignoredWorkerServices\",\"wdi5\"]"}]}
RESULT: {"script":"<script> [2342 bytes]","args":[{"protocol":"http","hostname":"0.0.0.0","path":"/","capabilities":{"browserName":"chrome","goog:chromeOptions":{"binary":"C:\\Program Files\\Google\\Chrome\\Application\\chrome.exe","args":["--start-maximized"]}},"logLevel":"warn","connectionRetryTimeout":120000,"connectionRetryCount":3,"logLevels":{},"enableDirectConnect":true,"strictSSL":true,"_":"65 more keys: [\"cacheDir\",\"port\",\"requestedCapabilities\",\"automationProtocol\",\"baseUrl\",\"waitforInterval\",\"waitforTimeout\",\"onReload\",\"beforeCommand\",\"afterCommand\",\"rootDir\",\"specs\",\"suites\",\"exclude\",\"groupLogsByTestSpec\",\"excludeDriverLogs\",\"bail\",\"framework\",\"reporters\",\"services\",\"maxInstances\",\"maxInstancesPerCapability\",\"injectGlobals\",\"filesToWatch\",\"execArgv\",\"runnerEnv\",\"runner\",\"shard\",\"specFileRetries\",\"specFileRetriesDelay\",\"specFileRetriesDeferred\",\"reporterSyncInterval\",\"reporterSyncTimeout\",\"cucumberFeaturesWithLineNumbers\",\"autoCompileOpts\",\"mochaOpts\",\"jasmineOpts\",\"cucumberOpts\",\"onPrepare\",\"onWorkerStart\",\"onWorkerEnd\",\"before\",\"beforeSession\",\"beforeSuite\",\"beforeHook\",\"beforeTest\",\"afterTest\",\"afterHook\",\"afterSuite\",\"afterSession\",\"after\",\"onComplete\",\"beforeAssertion\",\"afterAssertion\",\"beforeFeature\",\"beforeScenario\",\"beforeStep\",\"afterStep\",\"afterScenario\",\"afterFeature\",\"_\",\"suite\",\"$0\",\"ignoredWorkerServices\",\"wdi5\"]"}]}
COMMAND: POST /session/9eab2abfb92109d83111f8a107828286/execute/async - {"script":"<script> [21126 bytes]","args":[35000]}
RESULT: {"script":"<script> [21126 bytes]","args":[35000]}
COMMAND: POST /session/9eab2abfb92109d83111f8a107828286/window/fullscreen - {}
RESULT: {}
]]></system-out>
    </testcase>
    <testcase classname="chrome.136_0_7103_93.windows.Billing_confirm_US117289" name="Should create a new equipment" time="160.405">
      <system-out><![CDATA[
COMMAND: POST /session/9eab2abfb92109d83111f8a107828286/execute/async - {"script":"<script> [1562 bytes]","args":[{"selector":{"controlType":"sap.m.GenericTile","properties":{"header":"Manage Resources"}},"wdio_ui5_key":"sapm.GenericTile{\"header\":\"Manage Resources\"}"}]}
RESULT: {"script":"<script> [1562 bytes]","args":[{"selector":{"controlType":"sap.m.GenericTile","properties":{"header":"Manage Resources"}},"wdio_ui5_key":"sapm.GenericTile{\"header\":\"Manage Resources\"}"}]}
RESULT: undefined
COMMAND: POST /session/9eab2abfb92109d83111f8a107828286/element - {"using":"xpath","value":"//*[@id=\"__tile31\"]"}
RESULT: {"using":"xpath","value":"//*[@id=\"__tile31\"]"}
COMMAND: POST /session/9eab2abfb92109d83111f8a107828286/element/f.5DB0E6D2BB4820C6A36F69CDDED9F1D7.d.FE72B38DD564F4A84402E9791C5B9C97.e.2578/click - {}
RESULT: {}
COMMAND: GET /session/9eab2abfb92109d83111f8a107828286/screenshot - {}
RESULT: {}
COMMAND: POST /session/9eab2abfb92109d83111f8a107828286/elements - {"using":"xpath","value":"//span[text()='Error']"}
RESULT: {"using":"xpath","value":"//span[text()='Error']"}
COMMAND: POST /session/9eab2abfb92109d83111f8a107828286/element - {"using":"xpath","value":"//button[@data-kt=\"addNewRUOverflowToolbarButton\"]"}
RESULT: {"using":"xpath","value":"//button[@data-kt=\"addNewRUOverflowToolbarButton\"]"}
COMMAND: POST /session/9eab2abfb92109d83111f8a107828286/elements - {"using":"xpath","value":"//button[@data-kt=\"addNewRUOverflowToolbarButton\"]"}
RESULT: {"using":"xpath","value":"//button[@data-kt=\"addNewRUOverflowToolbarButton\"]"}
COMMAND: POST /session/9eab2abfb92109d83111f8a107828286/elements - {"using":"xpath","value":"//button[@data-kt=\"addNewRUOverflowToolbarButton\"]"}
RESULT: {"using":"xpath","value":"//button[@data-kt=\"addNewRUOverflowToolbarButton\"]"}
COMMAND: POST /session/9eab2abfb92109d83111f8a107828286/elements - {"using":"xpath","value":"//button[@data-kt=\"addNewRUOverflowToolbarButton\"]"}
RESULT: {"using":"xpath","value":"//button[@data-kt=\"addNewRUOverflowToolbarButton\"]"}
COMMAND: POST /session/9eab2abfb92109d83111f8a107828286/elements - {"using":"xpath","value":"//button[@data-kt=\"addNewRUOverflowToolbarButton\"]"}
RESULT: {"using":"xpath","value":"//button[@data-kt=\"addNewRUOverflowToolbarButton\"]"}
COMMAND: POST /session/9eab2abfb92109d83111f8a107828286/elements - {"using":"xpath","value":"//button[@data-kt=\"addNewRUOverflowToolbarButton\"]"}
RESULT: {"using":"xpath","value":"//button[@data-kt=\"addNewRUOverflowToolbarButton\"]"}
COMMAND: POST /session/9eab2abfb92109d83111f8a107828286/elements - {"using":"xpath","value":"//button[@data-kt=\"addNewRUOverflowToolbarButton\"]"}
RESULT: {"using":"xpath","value":"//button[@data-kt=\"addNewRUOverflowToolbarButton\"]"}
COMMAND: POST /session/9eab2abfb92109d83111f8a107828286/elements - {"using":"xpath","value":"//button[@data-kt=\"addNewRUOverflowToolbarButton\"]"}
RESULT: {"using":"xpath","value":"//button[@data-kt=\"addNewRUOverflowToolbarButton\"]"}
COMMAND: POST /session/9eab2abfb92109d83111f8a107828286/elements - {"using":"xpath","value":"//button[@data-kt=\"addNewRUOverflowToolbarButton\"]"}
RESULT: {"using":"xpath","value":"//button[@data-kt=\"addNewRUOverflowToolbarButton\"]"}
COMMAND: POST /session/9eab2abfb92109d83111f8a107828286/elements - {"using":"xpath","value":"//button[@data-kt=\"addNewRUOverflowToolbarButton\"]"}
RESULT: {"using":"xpath","value":"//button[@data-kt=\"addNewRUOverflowToolbarButton\"]"}
COMMAND: POST /session/9eab2abfb92109d83111f8a107828286/elements - {"using":"xpath","value":"//button[@data-kt=\"addNewRUOverflowToolbarButton\"]"}
RESULT: {"using":"xpath","value":"//button[@data-kt=\"addNewRUOverflowToolbarButton\"]"}
COMMAND: POST /session/9eab2abfb92109d83111f8a107828286/elements - {"using":"xpath","value":"//button[@data-kt=\"addNewRUOverflowToolbarButton\"]"}
RESULT: {"using":"xpath","value":"//button[@data-kt=\"addNewRUOverflowToolbarButton\"]"}
COMMAND: POST /session/9eab2abfb92109d83111f8a107828286/element - {"using":"xpath","value":"//button[@data-kt=\"addNewRUOverflowToolbarButton\"]"}
RESULT: {"using":"xpath","value":"//button[@data-kt=\"addNewRUOverflowToolbarButton\"]"}
COMMAND: POST /session/9eab2abfb92109d83111f8a107828286/execute/sync - {"script":"<script> [8489 bytes]","args":[{"element-6066-11e4-a52e-4f735466cecf":"f.5DB0E6D2BB4820C6A36F69CDDED9F1D7.d.FE72B38DD564F4A84402E9791C5B9C97.e.2687","ELEMENT":"f.5DB0E6D2BB4820C6A36F69CDDED9F1D7.d.FE72B38DD564F4A84402E9791C5B9C97.e.2687"}]}
RESULT: {"script":"<script> [8489 bytes]","args":[{"element-6066-11e4-a52e-4f735466cecf":"f.5DB0E6D2BB4820C6A36F69CDDED9F1D7.d.FE72B38DD564F4A84402E9791C5B9C97.e.2687","ELEMENT":"f.5DB0E6D2BB4820C6A36F69CDDED9F1D7.d.FE72B38DD564F4A84402E9791C5B9C97.e.2687"}]}
COMMAND: GET /session/9eab2abfb92109d83111f8a107828286/element/f.5DB0E6D2BB4820C6A36F69CDDED9F1D7.d.FE72B38DD564F4A84402E9791C5B9C97.e.2687/enabled - {}
COMMAND: GET /session/9eab2abfb92109d83111f8a107828286/screenshot - {}
RESULT: {}
COMMAND: POST /session/9eab2abfb92109d83111f8a107828286/execute/sync - {"script":"<script> [8489 bytes]","args":[{"element-6066-11e4-a52e-4f735466cecf":"f.5DB0E6D2BB4820C6A36F69CDDED9F1D7.d.FE72B38DD564F4A84402E9791C5B9C97.e.2687","ELEMENT":"f.5DB0E6D2BB4820C6A36F69CDDED9F1D7.d.FE72B38DD564F4A84402E9791C5B9C97.e.2687"}]}
COMMAND: GET /session/9eab2abfb92109d83111f8a107828286/screenshot - {}
RESULT: {}
RESULT: {}
RESULT: {"script":"<script> [8489 bytes]","args":[{"element-6066-11e4-a52e-4f735466cecf":"f.5DB0E6D2BB4820C6A36F69CDDED9F1D7.d.FE72B38DD564F4A84402E9791C5B9C97.e.2687","ELEMENT":"f.5DB0E6D2BB4820C6A36F69CDDED9F1D7.d.FE72B38DD564F4A84402E9791C5B9C97.e.2687"}]}
COMMAND: POST /session/9eab2abfb92109d83111f8a107828286/execute/sync - {"script":"<script> [5351 bytes]","args":[{"element-6066-11e4-a52e-4f735466cecf":"f.5DB0E6D2BB4820C6A36F69CDDED9F1D7.d.FE72B38DD564F4A84402E9791C5B9C97.e.2687","ELEMENT":"f.5DB0E6D2BB4820C6A36F69CDDED9F1D7.d.FE72B38DD564F4A84402E9791C5B9C97.e.2687"}]}
COMMAND: GET /session/9eab2abfb92109d83111f8a107828286/screenshot - {}
RESULT: {"script":"<script> [5351 bytes]","args":[{"element-6066-11e4-a52e-4f735466cecf":"f.5DB0E6D2BB4820C6A36F69CDDED9F1D7.d.FE72B38DD564F4A84402E9791C5B9C97.e.2687","ELEMENT":"f.5DB0E6D2BB4820C6A36F69CDDED9F1D7.d.FE72B38DD564F4A84402E9791C5B9C97.e.2687"}]}
COMMAND: POST /session/9eab2abfb92109d83111f8a107828286/element/f.5DB0E6D2BB4820C6A36F69CDDED9F1D7.d.FE72B38DD564F4A84402E9791C5B9C97.e.2687/click - {}
COMMAND: GET /session/9eab2abfb92109d83111f8a107828286/screenshot - {}
RESULT: {}
RESULT: {}
COMMAND: GET /session/9eab2abfb92109d83111f8a107828286/screenshot - {}
COMMAND: POST /session/9eab2abfb92109d83111f8a107828286/execute/async - {"script":"<script> [1562 bytes]","args":[{"selector":{"id":"application-manageresources-display-component---newResourceUnit--TYPE-arrow"},"wdio_ui5_key":"applicationmanageresources-display-component---newResourceUnit--TYPE-arrow"}]}
RESULT: {}
RESULT: {}
RESULT: {"script":"<script> [1562 bytes]","args":[{"selector":{"id":"application-manageresources-display-component---newResourceUnit--TYPE-arrow"},"wdio_ui5_key":"applicationmanageresources-display-component---newResourceUnit--TYPE-arrow"}]}
RESULT: undefined
COMMAND: POST /session/9eab2abfb92109d83111f8a107828286/element - {"using":"xpath","value":"//*[@id=\"application-manageresources-display-component---newResourceUnit--TYPE-arrow\"]"}
RESULT: {"using":"xpath","value":"//*[@id=\"application-manageresources-display-component---newResourceUnit--TYPE-arrow\"]"}
COMMAND: POST /session/9eab2abfb92109d83111f8a107828286/element/f.5DB0E6D2BB4820C6A36F69CDDED9F1D7.d.FE72B38DD564F4A84402E9791C5B9C97.e.3042/click - {}
RESULT: {}
COMMAND: POST /session/9eab2abfb92109d83111f8a107828286/element - {"using":"xpath","value":"//input[@id=\"application-manageresources-display-component---newResourceUnit--TYPE-inner\"]"}
COMMAND: GET /session/9eab2abfb92109d83111f8a107828286/screenshot - {}
RESULT: {"using":"xpath","value":"//input[@id=\"application-manageresources-display-component---newResourceUnit--TYPE-inner\"]"}
COMMAND: POST /session/9eab2abfb92109d83111f8a107828286/element/f.5DB0E6D2BB4820C6A36F69CDDED9F1D7.d.FE72B38DD564F4A84402E9791C5B9C97.e.3039/clear - {}
RESULT: {}
RESULT: {}
COMMAND: POST /session/9eab2abfb92109d83111f8a107828286/element/f.5DB0E6D2BB4820C6A36F69CDDED9F1D7.d.FE72B38DD564F4A84402E9791C5B9C97.e.3039/value - {"text":"Equipment"}
COMMAND: GET /session/9eab2abfb92109d83111f8a107828286/screenshot - {}
RESULT: {"text":"Equipment"}
COMMAND: GET /session/9eab2abfb92109d83111f8a107828286/screenshot - {}
RESULT: {}
RESULT: {}
COMMAND: POST /session/9eab2abfb92109d83111f8a107828286/actions - {"actions":[{"id":"action9","type":"key","parameters":{},"actions":[{"type":"keyDown","value":""},{"type":"pause","duration":10},{"type":"keyUp","value":""}]}]}
RESULT: {"actions":[{"id":"action9","type":"key","parameters":{},"actions":[{"type":"keyDown","value":""},{"type":"pause","duration":10},{"type":"keyUp","value":""}]}]}
COMMAND: POST /session/9eab2abfb92109d83111f8a107828286/execute/async - {"script":"<script> [1562 bytes]","args":[{"selector":{"id":"application-manageresources-display-component---newResourceUnit--resourceId","interaction":{"idSuffix":"inner"}},"wdio_ui5_key":"applicationmanageresources-display-component---newResourceUnit--resourceId"}]}
COMMAND: GET /session/9eab2abfb92109d83111f8a107828286/screenshot - {}
RESULT: {"script":"<script> [1562 bytes]","args":[{"selector":{"id":"application-manageresources-display-component---newResourceUnit--resourceId","interaction":{"idSuffix":"inner"}},"wdio_ui5_key":"applicationmanageresources-display-component---newResourceUnit--resourceId"}]}
RESULT: undefined
COMMAND: POST /session/9eab2abfb92109d83111f8a107828286/execute/async - {"script":"<script> [776 bytes]","args":[{"enterText":"ikZNg5rJov","selector":{"id":"application-manageresources-display-component---newResourceUnit--resourceId","interaction":{"idSuffix":"inner"}},"clearTextFirst":true,"interactionType":"ENTER_TEXT"}]}
RESULT: {}
RESULT: {"script":"<script> [776 bytes]","args":[{"enterText":"ikZNg5rJov","selector":{"id":"application-manageresources-display-component---newResourceUnit--resourceId","interaction":{"idSuffix":"inner"}},"clearTextFirst":true,"interactionType":"ENTER_TEXT"}]}
COMMAND: POST /session/9eab2abfb92109d83111f8a107828286/execute/async - {"script":"<script> [1562 bytes]","args":[{"selector":{"id":"application-manageresources-display-component---newResourceUnit--SHORT_TEXT","interaction":{"idSuffix":"inner"}},"wdio_ui5_key":"applicationmanageresources-display-component---newResourceUnit--SHORT_TEXT"}]}
RESULT: {"script":"<script> [1562 bytes]","args":[{"selector":{"id":"application-manageresources-display-component---newResourceUnit--SHORT_TEXT","interaction":{"idSuffix":"inner"}},"wdio_ui5_key":"applicationmanageresources-display-component---newResourceUnit--SHORT_TEXT"}]}
RESULT: undefined
COMMAND: POST /session/9eab2abfb92109d83111f8a107828286/execute/async - {"script":"<script> [776 bytes]","args":[{"enterText":"Intercompany Equipment WDIO","selector":{"id":"application-manageresources-display-component---newResourceUnit--SHORT_TEXT","interaction":{"idSuffix":"inner"}},"clearTextFirst":true,"interactionType":"ENTER_TEXT"}]}
RESULT: {"script":"<script> [776 bytes]","args":[{"enterText":"Intercompany Equipment WDIO","selector":{"id":"application-manageresources-display-component---newResourceUnit--SHORT_TEXT","interaction":{"idSuffix":"inner"}},"clearTextFirst":true,"interactionType":"ENTER_TEXT"}]}
COMMAND: POST /session/9eab2abfb92109d83111f8a107828286/execute/async - {"script":"<script> [1562 bytes]","args":[{"selector":{"id":"application-manageresources-display-component---newResourceUnit--BASE_UNIT_OF_MEASURE","interaction":{"idSuffix":"inner"}},"wdio_ui5_key":"applicationmanageresources-display-component---newResourceUnit--BASE_UNIT_OF_MEASURE"}]}
RESULT: {"script":"<script> [1562 bytes]","args":[{"selector":{"id":"application-manageresources-display-component---newResourceUnit--BASE_UNIT_OF_MEASURE","interaction":{"idSuffix":"inner"}},"wdio_ui5_key":"applicationmanageresources-display-component---newResourceUnit--BASE_UNIT_OF_MEASURE"}]}
RESULT: undefined
COMMAND: POST /session/9eab2abfb92109d83111f8a107828286/execute/async - {"script":"<script> [776 bytes]","args":[{"enterText":"Piece","selector":{"id":"application-manageresources-display-component---newResourceUnit--BASE_UNIT_OF_MEASURE","interaction":{"idSuffix":"inner"}},"clearTextFirst":true,"interactionType":"ENTER_TEXT"}]}
RESULT: {"script":"<script> [776 bytes]","args":[{"enterText":"Piece","selector":{"id":"application-manageresources-display-component---newResourceUnit--BASE_UNIT_OF_MEASURE","interaction":{"idSuffix":"inner"}},"clearTextFirst":true,"interactionType":"ENTER_TEXT"}]}
COMMAND: POST /session/9eab2abfb92109d83111f8a107828286/execute/async - {"script":"<script> [1562 bytes]","args":[{"selector":{"id":"application-manageresources-display-component---newResourceUnit--WEIGHT_UNIT","interaction":{"idSuffix":"inner"}},"wdio_ui5_key":"applicationmanageresources-display-component---newResourceUnit--WEIGHT_UNIT"}]}
RESULT: {"script":"<script> [1562 bytes]","args":[{"selector":{"id":"application-manageresources-display-component---newResourceUnit--WEIGHT_UNIT","interaction":{"idSuffix":"inner"}},"wdio_ui5_key":"applicationmanageresources-display-component---newResourceUnit--WEIGHT_UNIT"}]}
RESULT: undefined
COMMAND: POST /session/9eab2abfb92109d83111f8a107828286/execute/async - {"script":"<script> [776 bytes]","args":[{"enterText":"Gram","selector":{"id":"application-manageresources-display-component---newResourceUnit--WEIGHT_UNIT","interaction":{"idSuffix":"inner"}},"clearTextFirst":true,"interactionType":"ENTER_TEXT"}]}
RESULT: {"script":"<script> [776 bytes]","args":[{"enterText":"Gram","selector":{"id":"application-manageresources-display-component---newResourceUnit--WEIGHT_UNIT","interaction":{"idSuffix":"inner"}},"clearTextFirst":true,"interactionType":"ENTER_TEXT"}]}
COMMAND: POST /session/9eab2abfb92109d83111f8a107828286/execute/async - {"script":"<script> [1562 bytes]","args":[{"selector":{"id":"application-manageresources-display-component---newResourceUnit--DIMENSION_UNIT","interaction":{"idSuffix":"inner"}},"wdio_ui5_key":"applicationmanageresources-display-component---newResourceUnit--DIMENSION_UNIT"}]}
RESULT: {"script":"<script> [1562 bytes]","args":[{"selector":{"id":"application-manageresources-display-component---newResourceUnit--DIMENSION_UNIT","interaction":{"idSuffix":"inner"}},"wdio_ui5_key":"applicationmanageresources-display-component---newResourceUnit--DIMENSION_UNIT"}]}
RESULT: undefined
COMMAND: POST /session/9eab2abfb92109d83111f8a107828286/execute/async - {"script":"<script> [776 bytes]","args":[{"enterText":"Meter","selector":{"id":"application-manageresources-display-component---newResourceUnit--DIMENSION_UNIT","interaction":{"idSuffix":"inner"}},"clearTextFirst":true,"interactionType":"ENTER_TEXT"}]}
RESULT: {"script":"<script> [776 bytes]","args":[{"enterText":"Meter","selector":{"id":"application-manageresources-display-component---newResourceUnit--DIMENSION_UNIT","interaction":{"idSuffix":"inner"}},"clearTextFirst":true,"interactionType":"ENTER_TEXT"}]}
COMMAND: POST /session/9eab2abfb92109d83111f8a107828286/execute/async - {"script":"<script> [1562 bytes]","args":[{"selector":{"id":"application-manageresources-display-component---newResourceUnit--newRRUPage-anchBar-application-manageresources-display-component---newResourceUnit--control-anchor","interaction":{"idSuffix":"BDI-content"}},"wdio_ui5_key":"applicationmanageresources-display-component---newResourceUnit--newRRUPage-anchBar-application-manageresources-display-component---newResourceUnit--control-anchor"}]}
RESULT: {"script":"<script> [1562 bytes]","args":[{"selector":{"id":"application-manageresources-display-component---newResourceUnit--newRRUPage-anchBar-application-manageresources-display-component---newResourceUnit--control-anchor","interaction":{"idSuffix":"BDI-content"}},"wdio_ui5_key":"applicationmanageresources-display-component---newResourceUnit--newRRUPage-anchBar-application-manageresources-display-component---newResourceUnit--control-anchor"}]}
RESULT: undefined
COMMAND: POST /session/9eab2abfb92109d83111f8a107828286/element - {"using":"xpath","value":"//*[@id=\"application-manageresources-display-component---newResourceUnit--newRRUPage-anchBar-application-manageresources-display-component---newResourceUnit--control-anchor\"]"}
RESULT: {"using":"xpath","value":"//*[@id=\"application-manageresources-display-component---newResourceUnit--newRRUPage-anchBar-application-manageresources-display-component---newResourceUnit--control-anchor\"]"}
COMMAND: POST /session/9eab2abfb92109d83111f8a107828286/element/f.5DB0E6D2BB4820C6A36F69CDDED9F1D7.d.FE72B38DD564F4A84402E9791C5B9C97.e.3201/click - {}
RESULT: {}
COMMAND: POST /session/9eab2abfb92109d83111f8a107828286/execute/async - {"script":"<script> [1562 bytes]","args":[{"selector":{"id":"application-manageresources-display-component---newResourceUnit--PLANNING_GROUP","interaction":{"idSuffix":"inner"}},"wdio_ui5_key":"applicationmanageresources-display-component---newResourceUnit--PLANNING_GROUP"}]}
COMMAND: GET /session/9eab2abfb92109d83111f8a107828286/screenshot - {}
RESULT: {"script":"<script> [1562 bytes]","args":[{"selector":{"id":"application-manageresources-display-component---newResourceUnit--PLANNING_GROUP","interaction":{"idSuffix":"inner"}},"wdio_ui5_key":"applicationmanageresources-display-component---newResourceUnit--PLANNING_GROUP"}]}
RESULT: undefined
COMMAND: POST /session/9eab2abfb92109d83111f8a107828286/execute/async - {"script":"<script> [776 bytes]","args":[{"enterText":"Heavy Equi","selector":{"id":"application-manageresources-display-component---newResourceUnit--PLANNING_GROUP","interaction":{"idSuffix":"inner"}},"clearTextFirst":true,"interactionType":"ENTER_TEXT"}]}
RESULT: {}
RESULT: {"script":"<script> [776 bytes]","args":[{"enterText":"Heavy Equi","selector":{"id":"application-manageresources-display-component---newResourceUnit--PLANNING_GROUP","interaction":{"idSuffix":"inner"}},"clearTextFirst":true,"interactionType":"ENTER_TEXT"}]}
COMMAND: POST /session/9eab2abfb92109d83111f8a107828286/execute/async - {"script":"<script> [1562 bytes]","args":[{"selector":{"id":"application-manageresources-display-component---newResourceUnit--ITEM_TYPE-arrow"},"wdio_ui5_key":"applicationmanageresources-display-component---newResourceUnit--ITEM_TYPE-arrow"}]}
RESULT: {"script":"<script> [1562 bytes]","args":[{"selector":{"id":"application-manageresources-display-component---newResourceUnit--ITEM_TYPE-arrow"},"wdio_ui5_key":"applicationmanageresources-display-component---newResourceUnit--ITEM_TYPE-arrow"}]}
RESULT: undefined
COMMAND: POST /session/9eab2abfb92109d83111f8a107828286/element - {"using":"xpath","value":"//*[@id=\"application-manageresources-display-component---newResourceUnit--ITEM_TYPE-arrow\"]"}
RESULT: {"using":"xpath","value":"//*[@id=\"application-manageresources-display-component---newResourceUnit--ITEM_TYPE-arrow\"]"}
COMMAND: POST /session/9eab2abfb92109d83111f8a107828286/element/f.5DB0E6D2BB4820C6A36F69CDDED9F1D7.d.FE72B38DD564F4A84402E9791C5B9C97.e.3208/click - {}
RESULT: {}
COMMAND: POST /session/9eab2abfb92109d83111f8a107828286/element - {"using":"xpath","value":"(//span[contains(text(), \"Resource Unit\")])[2]"}
COMMAND: GET /session/9eab2abfb92109d83111f8a107828286/screenshot - {}
RESULT: {"using":"xpath","value":"(//span[contains(text(), \"Resource Unit\")])[2]"}
COMMAND: POST /session/9eab2abfb92109d83111f8a107828286/element/f.5DB0E6D2BB4820C6A36F69CDDED9F1D7.d.FE72B38DD564F4A84402E9791C5B9C97.e.3209/click - {}
RESULT: {}
RESULT: {}
COMMAND: GET /session/9eab2abfb92109d83111f8a107828286/screenshot - {}
RESULT: {}
COMMAND: POST /session/9eab2abfb92109d83111f8a107828286/element - {"using":"css selector","value":"#application-manageresources-display-component---newResourceUnit--btnAddTimeSegment"}
RESULT: {"using":"css selector","value":"#application-manageresources-display-component---newResourceUnit--btnAddTimeSegment"}
COMMAND: GET /session/9eab2abfb92109d83111f8a107828286/element/f.5DB0E6D2BB4820C6A36F69CDDED9F1D7.d.FE72B38DD564F4A84402E9791C5B9C97.e.3217/rect - {}
RESULT: {}
COMMAND: GET /session/9eab2abfb92109d83111f8a107828286/window/rect - {}
RESULT: {}
COMMAND: POST /session/9eab2abfb92109d83111f8a107828286/execute/sync - {"script":"<script> [92 bytes]","args":[]}
RESULT: {"script":"<script> [92 bytes]","args":[]}
COMMAND: POST /session/9eab2abfb92109d83111f8a107828286/actions - {"actions":[{"id":"action10","type":"wheel","parameters":{},"actions":[{"type":"scroll","x":-1888,"y":-32,"deltaX":0,"deltaY":0,"duration":0,"origin":{"element-6066-11e4-a52e-4f735466cecf":"f.5DB0E6D2BB4820C6A36F69CDDED9F1D7.d.FE72B38DD564F4A84402E9791C5B9C97.e.3217"}}]}]}
COMMAND: GET /session/9eab2abfb92109d83111f8a107828286/screenshot - {}
RESULT: {}
COMMAND: POST /session/9eab2abfb92109d83111f8a107828286/execute/sync - {"script":"<script> [79 bytes]","args":[{"element-6066-11e4-a52e-4f735466cecf":"f.5DB0E6D2BB4820C6A36F69CDDED9F1D7.d.FE72B38DD564F4A84402E9791C5B9C97.e.3217","ELEMENT":"f.5DB0E6D2BB4820C6A36F69CDDED9F1D7.d.FE72B38DD564F4A84402E9791C5B9C97.e.3217"},{"block":"start","inline":"nearest"}]}
RESULT: {"script":"<script> [79 bytes]","args":[{"element-6066-11e4-a52e-4f735466cecf":"f.5DB0E6D2BB4820C6A36F69CDDED9F1D7.d.FE72B38DD564F4A84402E9791C5B9C97.e.3217","ELEMENT":"f.5DB0E6D2BB4820C6A36F69CDDED9F1D7.d.FE72B38DD564F4A84402E9791C5B9C97.e.3217"},{"block":"start","inline":"nearest"}]}
COMMAND: POST /session/9eab2abfb92109d83111f8a107828286/execute/async - {"script":"<script> [1562 bytes]","args":[{"selector":{"id":"application-manageresources-display-component---newResourceUnit--btnAddTimeSegment","interaction":{"idSuffix":"inner"}},"wdio_ui5_key":"applicationmanageresources-display-component---newResourceUnit--btnAddTimeSegment"}]}
COMMAND: GET /session/9eab2abfb92109d83111f8a107828286/screenshot - {}
RESULT: {"script":"<script> [1562 bytes]","args":[{"selector":{"id":"application-manageresources-display-component---newResourceUnit--btnAddTimeSegment","interaction":{"idSuffix":"inner"}},"wdio_ui5_key":"applicationmanageresources-display-component---newResourceUnit--btnAddTimeSegment"}]}
RESULT: undefined
COMMAND: POST /session/9eab2abfb92109d83111f8a107828286/element - {"using":"xpath","value":"//*[@id=\"application-manageresources-display-component---newResourceUnit--btnAddTimeSegment\"]"}
RESULT: {}
RESULT: {"using":"xpath","value":"//*[@id=\"application-manageresources-display-component---newResourceUnit--btnAddTimeSegment\"]"}
COMMAND: POST /session/9eab2abfb92109d83111f8a107828286/element/f.5DB0E6D2BB4820C6A36F69CDDED9F1D7.d.FE72B38DD564F4A84402E9791C5B9C97.e.3217/click - {}
RESULT: {}
COMMAND: GET /session/9eab2abfb92109d83111f8a107828286/screenshot - {}
RESULT: {}
COMMAND: POST /session/9eab2abfb92109d83111f8a107828286/element - {"using":"xpath","value":"//input[@id=\"application-manageresources-display-component---newResourceUnit--idRuTSAdmin-application-manageresources-display-component---newResourceUnit--RUTimeSegment-0-inner\"]"}
RESULT: {"using":"xpath","value":"//input[@id=\"application-manageresources-display-component---newResourceUnit--idRuTSAdmin-application-manageresources-display-component---newResourceUnit--RUTimeSegment-0-inner\"]"}
COMMAND: POST /session/9eab2abfb92109d83111f8a107828286/element/f.5DB0E6D2BB4820C6A36F69CDDED9F1D7.d.FE72B38DD564F4A84402E9791C5B9C97.e.3223/clear - {}
RESULT: {}
COMMAND: POST /session/9eab2abfb92109d83111f8a107828286/element/f.5DB0E6D2BB4820C6A36F69CDDED9F1D7.d.FE72B38DD564F4A84402E9791C5B9C97.e.3223/value - {"text":"395"}
COMMAND: GET /session/9eab2abfb92109d83111f8a107828286/screenshot - {}
RESULT: {"text":"395"}
COMMAND: GET /session/9eab2abfb92109d83111f8a107828286/screenshot - {}
RESULT: {}
RESULT: {}
COMMAND: POST /session/9eab2abfb92109d83111f8a107828286/element - {"using":"xpath","value":"//li[.//span[text()='395']]"}
RESULT: {"using":"xpath","value":"//li[.//span[text()='395']]"}
COMMAND: POST /session/9eab2abfb92109d83111f8a107828286/element/f.5DB0E6D2BB4820C6A36F69CDDED9F1D7.d.FE72B38DD564F4A84402E9791C5B9C97.e.3235/click - {}
RESULT: {}
COMMAND: GET /session/9eab2abfb92109d83111f8a107828286/screenshot - {}
RESULT: {}
COMMAND: POST /session/9eab2abfb92109d83111f8a107828286/element - {"using":"xpath","value":"(//span[contains(@id, \"-application-manageresources-display-component---newResourceUnit--RUTimeSegment-0-arrow\")])[6]"}
RESULT: {"using":"xpath","value":"(//span[contains(@id, \"-application-manageresources-display-component---newResourceUnit--RUTimeSegment-0-arrow\")])[6]"}
COMMAND: POST /session/9eab2abfb92109d83111f8a107828286/element/f.5DB0E6D2BB4820C6A36F69CDDED9F1D7.d.FE72B38DD564F4A84402E9791C5B9C97.e.3236/click - {}
RESULT: {}
COMMAND: GET /session/9eab2abfb92109d83111f8a107828286/screenshot - {}
RESULT: {}
COMMAND: POST /session/9eab2abfb92109d83111f8a107828286/element - {"using":"xpath","value":"//span[contains(text(), \"PM Order\")]"}
RESULT: {"using":"xpath","value":"//span[contains(text(), \"PM Order\")]"}
COMMAND: POST /session/9eab2abfb92109d83111f8a107828286/element/f.5DB0E6D2BB4820C6A36F69CDDED9F1D7.d.FE72B38DD564F4A84402E9791C5B9C97.e.3239/click - {}
RESULT: {}
COMMAND: GET /session/9eab2abfb92109d83111f8a107828286/screenshot - {}
RESULT: {}
COMMAND: POST /session/9eab2abfb92109d83111f8a107828286/element - {"using":"xpath","value":"(//span[contains(@id ,\"manageresources-display-component---newResourceUnit--RUTimeSegment-0-vhi\")])[1]"}
RESULT: {"using":"xpath","value":"(//span[contains(@id ,\"manageresources-display-component---newResourceUnit--RUTimeSegment-0-vhi\")])[1]"}
COMMAND: GET /session/9eab2abfb92109d83111f8a107828286/element/f.5DB0E6D2BB4820C6A36F69CDDED9F1D7.d.FE72B38DD564F4A84402E9791C5B9C97.e.3243/rect - {}
RESULT: {}
COMMAND: GET /session/9eab2abfb92109d83111f8a107828286/window/rect - {}
RESULT: {}
COMMAND: POST /session/9eab2abfb92109d83111f8a107828286/execute/sync - {"script":"<script> [92 bytes]","args":[]}
RESULT: {"script":"<script> [92 bytes]","args":[]}
COMMAND: POST /session/9eab2abfb92109d83111f8a107828286/actions - {"actions":[{"id":"action11","type":"wheel","parameters":{},"actions":[{"type":"scroll","x":-869,"y":-24,"deltaX":0,"deltaY":0,"duration":0,"origin":{"element-6066-11e4-a52e-4f735466cecf":"f.5DB0E6D2BB4820C6A36F69CDDED9F1D7.d.FE72B38DD564F4A84402E9791C5B9C97.e.3243"}}]}]}
COMMAND: GET /session/9eab2abfb92109d83111f8a107828286/screenshot - {}
RESULT: {"actions":[{"id":"action11","type":"wheel","parameters":{},"actions":[{"type":"scroll","x":-869,"y":-24,"deltaX":0,"deltaY":0,"duration":0,"origin":{"element-6066-11e4-a52e-4f735466cecf":"f.5DB0E6D2BB4820C6A36F69CDDED9F1D7.d.FE72B38DD564F4A84402E9791C5B9C97.e.3243"}}]}]}
COMMAND: DELETE /session/9eab2abfb92109d83111f8a107828286/actions - {}
COMMAND: GET /session/9eab2abfb92109d83111f8a107828286/screenshot - {}
RESULT: {}
RESULT: {}
COMMAND: GET /session/9eab2abfb92109d83111f8a107828286/screenshot - {}
RESULT: {}
RESULT: {}
COMMAND: POST /session/9eab2abfb92109d83111f8a107828286/element/f.5DB0E6D2BB4820C6A36F69CDDED9F1D7.d.FE72B38DD564F4A84402E9791C5B9C97.e.3243/click - {}
RESULT: {}
COMMAND: GET /session/9eab2abfb92109d83111f8a107828286/screenshot - {}
RESULT: {}
COMMAND: POST /session/9eab2abfb92109d83111f8a107828286/execute/async - {"script":"<script> [1562 bytes]","args":[{"selector":{"controlType":"sap.m.SearchField","properties":{"placeholder":"Search"},"searchOpenDialogs":true,"interaction":{"idSuffix":"I"}},"wdio_ui5_key":"sapm.SearchField{\"placeholder\":\"Search\"}"}]}
RESULT: {"script":"<script> [1562 bytes]","args":[{"selector":{"controlType":"sap.m.SearchField","properties":{"placeholder":"Search"},"searchOpenDialogs":true,"interaction":{"idSuffix":"I"}},"wdio_ui5_key":"sapm.SearchField{\"placeholder\":\"Search\"}"}]}
RESULT: undefined
COMMAND: POST /session/9eab2abfb92109d83111f8a107828286/execute/async - {"script":"<script> [776 bytes]","args":[{"enterText":"4000360","selector":{"controlType":"sap.m.SearchField","properties":{"placeholder":"Search"},"searchOpenDialogs":true,"interaction":{"idSuffix":"I"}},"clearTextFirst":true,"interactionType":"ENTER_TEXT"}]}
RESULT: {"script":"<script> [776 bytes]","args":[{"enterText":"4000360","selector":{"controlType":"sap.m.SearchField","properties":{"placeholder":"Search"},"searchOpenDialogs":true,"interaction":{"idSuffix":"I"}},"clearTextFirst":true,"interactionType":"ENTER_TEXT"}]}
COMMAND: POST /session/9eab2abfb92109d83111f8a107828286/actions - {"actions":[{"id":"action12","type":"key","parameters":{},"actions":[{"type":"keyDown","value":""},{"type":"pause","duration":10},{"type":"keyUp","value":""}]}]}
RESULT: {"actions":[{"id":"action12","type":"key","parameters":{},"actions":[{"type":"keyDown","value":""},{"type":"pause","duration":10},{"type":"keyUp","value":""}]}]}
COMMAND: GET /session/9eab2abfb92109d83111f8a107828286/screenshot - {}
RESULT: {}
COMMAND: POST /session/9eab2abfb92109d83111f8a107828286/element - {"using":"xpath","value":"//td/div/span[contains(text(), \"BGL Vehicles\")]"}
RESULT: {"using":"xpath","value":"//td/div/span[contains(text(), \"BGL Vehicles\")]"}
COMMAND: POST /session/9eab2abfb92109d83111f8a107828286/element/f.5DB0E6D2BB4820C6A36F69CDDED9F1D7.d.FE72B38DD564F4A84402E9791C5B9C97.e.3266/click - {}
RESULT: {}
COMMAND: GET /session/9eab2abfb92109d83111f8a107828286/screenshot - {}
RESULT: {}
COMMAND: POST /session/9eab2abfb92109d83111f8a107828286/element - {"using":"xpath","value":"//bdi[contains(text(), \"OK\")]"}
RESULT: {"using":"xpath","value":"//bdi[contains(text(), \"OK\")]"}
COMMAND: POST /session/9eab2abfb92109d83111f8a107828286/element/f.5DB0E6D2BB4820C6A36F69CDDED9F1D7.d.FE72B38DD564F4A84402E9791C5B9C97.e.3267/click - {}
RESULT: {}
COMMAND: GET /session/9eab2abfb92109d83111f8a107828286/screenshot - {}
RESULT: {}
COMMAND: POST /session/9eab2abfb92109d83111f8a107828286/execute/async - {"script":"<script> [1562 bytes]","args":[{"selector":{"id":"application-manageresources-display-component---newResourceUnit--newRRUPage-anchBar-application-manageresources-display-component---newResourceUnit--resource-anchor","interaction":{"idSuffix":"BDI-content"}},"wdio_ui5_key":"applicationmanageresources-display-component---newResourceUnit--newRRUPage-anchBar-application-manageresources-display-component---newResourceUnit--resource-anchor"}]}
RESULT: {"script":"<script> [1562 bytes]","args":[{"selector":{"id":"application-manageresources-display-component---newResourceUnit--newRRUPage-anchBar-application-manageresources-display-component---newResourceUnit--resource-anchor","interaction":{"idSuffix":"BDI-content"}},"wdio_ui5_key":"applicationmanageresources-display-component---newResourceUnit--newRRUPage-anchBar-application-manageresources-display-component---newResourceUnit--resource-anchor"}]}
RESULT: undefined
COMMAND: POST /session/9eab2abfb92109d83111f8a107828286/element - {"using":"xpath","value":"//*[@id=\"application-manageresources-display-component---newResourceUnit--newRRUPage-anchBar-application-manageresources-display-component---newResourceUnit--resource-anchor\"]"}
RESULT: {"using":"xpath","value":"//*[@id=\"application-manageresources-display-component---newResourceUnit--newRRUPage-anchBar-application-manageresources-display-component---newResourceUnit--resource-anchor\"]"}
COMMAND: POST /session/9eab2abfb92109d83111f8a107828286/element/f.5DB0E6D2BB4820C6A36F69CDDED9F1D7.d.FE72B38DD564F4A84402E9791C5B9C97.e.3271/click - {}
RESULT: {}
COMMAND: POST /session/9eab2abfb92109d83111f8a107828286/execute/async - {"script":"<script> [1562 bytes]","args":[{"selector":{"id":"application-manageresources-display-component---newResourceUnit--PLANNED_DELIVERY_DATE","interaction":{"idSuffix":"inner"}},"wdio_ui5_key":"applicationmanageresources-display-component---newResourceUnit--PLANNED_DELIVERY_DATE"}]}
COMMAND: GET /session/9eab2abfb92109d83111f8a107828286/screenshot - {}
RESULT: {"script":"<script> [1562 bytes]","args":[{"selector":{"id":"application-manageresources-display-component---newResourceUnit--PLANNED_DELIVERY_DATE","interaction":{"idSuffix":"inner"}},"wdio_ui5_key":"applicationmanageresources-display-component---newResourceUnit--PLANNED_DELIVERY_DATE"}]}
RESULT: undefined
COMMAND: POST /session/9eab2abfb92109d83111f8a107828286/execute/async - {"script":"<script> [6424 bytes]","args":[{"element-6066-11e4-a52e-4f735466cecf":"f.5DB0E6D2BB4820C6A36F69CDDED9F1D7.d.FE72B38DD564F4A84402E9791C5B9C97.e.3099"},"setValue",["5/27/25"]]}
RESULT: {}
RESULT: {"script":"<script> [6424 bytes]","args":[{"element-6066-11e4-a52e-4f735466cecf":"f.5DB0E6D2BB4820C6A36F69CDDED9F1D7.d.FE72B38DD564F4A84402E9791C5B9C97.e.3099"},"setValue",["5/27/25"]]}
COMMAND: POST /session/9eab2abfb92109d83111f8a107828286/element - {"using":"xpath","value":"//label[contains(@class, 'sapMLabelRequired') and .//bdi[contains(text(), 'Planned Retirement')]]"}
RESULT: {"using":"xpath","value":"//label[contains(@class, 'sapMLabelRequired') and .//bdi[contains(text(), 'Planned Retirement')]]"}
COMMAND: POST /session/9eab2abfb92109d83111f8a107828286/elements - {"using":"xpath","value":"//label[contains(@class, 'sapMLabelRequired') and .//bdi[contains(text(), 'Planned Retirement')]]"}
RESULT: {"using":"xpath","value":"//label[contains(@class, 'sapMLabelRequired') and .//bdi[contains(text(), 'Planned Retirement')]]"}
COMMAND: POST /session/9eab2abfb92109d83111f8a107828286/element - {"using":"xpath","value":"//button[@data-kt=\"resourceUnitSaveButton\"]"}
RESULT: {"using":"xpath","value":"//button[@data-kt=\"resourceUnitSaveButton\"]"}
COMMAND: POST /session/9eab2abfb92109d83111f8a107828286/element/f.5DB0E6D2BB4820C6A36F69CDDED9F1D7.d.FE72B38DD564F4A84402E9791C5B9C97.e.3058/click - {}
RESULT: {}
COMMAND: GET /session/9eab2abfb92109d83111f8a107828286/screenshot - {}
RESULT: {}
COMMAND: POST /session/9eab2abfb92109d83111f8a107828286/element - {"using":"xpath","value":"//bdi[contains(text(), \"Close\")]"}
RESULT: {"using":"xpath","value":"//bdi[contains(text(), \"Close\")]"}
COMMAND: POST /session/9eab2abfb92109d83111f8a107828286/element/f.5DB0E6D2BB4820C6A36F69CDDED9F1D7.d.FE72B38DD564F4A84402E9791C5B9C97.e.3281/click - {}
RESULT: {}
COMMAND: GET /session/9eab2abfb92109d83111f8a107828286/screenshot - {}
RESULT: {}
COMMAND: POST /session/9eab2abfb92109d83111f8a107828286/element - {"using":"xpath","value":"(//button[contains(@id ,\"actionsToolbar-overflowButton\")])[1]"}
RESULT: {"using":"xpath","value":"(//button[contains(@id ,\"actionsToolbar-overflowButton\")])[1]"}
COMMAND: POST /session/9eab2abfb92109d83111f8a107828286/element/f.5DB0E6D2BB4820C6A36F69CDDED9F1D7.d.FE72B38DD564F4A84402E9791C5B9C97.e.3313/click - {}
RESULT: {}
COMMAND: GET /session/9eab2abfb92109d83111f8a107828286/screenshot - {}
RESULT: {}
COMMAND: POST /session/9eab2abfb92109d83111f8a107828286/element - {"using":"xpath","value":"//button[@data-kt=\"priceInfoButton\"]"}
RESULT: {"using":"xpath","value":"//button[@data-kt=\"priceInfoButton\"]"}
COMMAND: POST /session/9eab2abfb92109d83111f8a107828286/element/f.5DB0E6D2BB4820C6A36F69CDDED9F1D7.d.FE72B38DD564F4A84402E9791C5B9C97.e.3315/click - {}
RESULT: {}
COMMAND: GET /session/9eab2abfb92109d83111f8a107828286/screenshot - {}
RESULT: {}
]]></system-out>
    </testcase>
    <testcase classname="chrome.136_0_7103_93.windows.Billing_confirm_US117289" name="Should create new pricing rule" time="59.22">
      <system-out><![CDATA[
COMMAND: POST /session/9eab2abfb92109d83111f8a107828286/element - {"using":"xpath","value":"//button[@data-kt=\"addButton\"]"}
RESULT: {"using":"xpath","value":"//button[@data-kt=\"addButton\"]"}
COMMAND: POST /session/9eab2abfb92109d83111f8a107828286/elements - {"using":"xpath","value":"//button[@data-kt=\"addButton\"]"}
RESULT: {"using":"xpath","value":"//button[@data-kt=\"addButton\"]"}
COMMAND: POST /session/9eab2abfb92109d83111f8a107828286/elements - {"using":"xpath","value":"//button[@data-kt=\"addButton\"]"}
RESULT: {"using":"xpath","value":"//button[@data-kt=\"addButton\"]"}
COMMAND: POST /session/9eab2abfb92109d83111f8a107828286/element - {"using":"xpath","value":"//button[@data-kt=\"addButton\"]"}
RESULT: {"using":"xpath","value":"//button[@data-kt=\"addButton\"]"}
COMMAND: POST /session/9eab2abfb92109d83111f8a107828286/execute/sync - {"script":"<script> [8489 bytes]","args":[{"element-6066-11e4-a52e-4f735466cecf":"f.5DB0E6D2BB4820C6A36F69CDDED9F1D7.d.FE72B38DD564F4A84402E9791C5B9C97.e.3353","ELEMENT":"f.5DB0E6D2BB4820C6A36F69CDDED9F1D7.d.FE72B38DD564F4A84402E9791C5B9C97.e.3353"}]}
RESULT: {"script":"<script> [8489 bytes]","args":[{"element-6066-11e4-a52e-4f735466cecf":"f.5DB0E6D2BB4820C6A36F69CDDED9F1D7.d.FE72B38DD564F4A84402E9791C5B9C97.e.3353","ELEMENT":"f.5DB0E6D2BB4820C6A36F69CDDED9F1D7.d.FE72B38DD564F4A84402E9791C5B9C97.e.3353"}]}
COMMAND: GET /session/9eab2abfb92109d83111f8a107828286/element/f.5DB0E6D2BB4820C6A36F69CDDED9F1D7.d.FE72B38DD564F4A84402E9791C5B9C97.e.3353/enabled - {}
COMMAND: GET /session/9eab2abfb92109d83111f8a107828286/screenshot - {}
RESULT: {}
COMMAND: POST /session/9eab2abfb92109d83111f8a107828286/execute/sync - {"script":"<script> [8489 bytes]","args":[{"element-6066-11e4-a52e-4f735466cecf":"f.5DB0E6D2BB4820C6A36F69CDDED9F1D7.d.FE72B38DD564F4A84402E9791C5B9C97.e.3353","ELEMENT":"f.5DB0E6D2BB4820C6A36F69CDDED9F1D7.d.FE72B38DD564F4A84402E9791C5B9C97.e.3353"}]}
COMMAND: GET /session/9eab2abfb92109d83111f8a107828286/screenshot - {}
RESULT: {}
RESULT: {"script":"<script> [8489 bytes]","args":[{"element-6066-11e4-a52e-4f735466cecf":"f.5DB0E6D2BB4820C6A36F69CDDED9F1D7.d.FE72B38DD564F4A84402E9791C5B9C97.e.3353","ELEMENT":"f.5DB0E6D2BB4820C6A36F69CDDED9F1D7.d.FE72B38DD564F4A84402E9791C5B9C97.e.3353"}]}
COMMAND: POST /session/9eab2abfb92109d83111f8a107828286/execute/sync - {"script":"<script> [5351 bytes]","args":[{"element-6066-11e4-a52e-4f735466cecf":"f.5DB0E6D2BB4820C6A36F69CDDED9F1D7.d.FE72B38DD564F4A84402E9791C5B9C97.e.3353","ELEMENT":"f.5DB0E6D2BB4820C6A36F69CDDED9F1D7.d.FE72B38DD564F4A84402E9791C5B9C97.e.3353"}]}
COMMAND: GET /session/9eab2abfb92109d83111f8a107828286/screenshot - {}
RESULT: {}
RESULT: {"script":"<script> [5351 bytes]","args":[{"element-6066-11e4-a52e-4f735466cecf":"f.5DB0E6D2BB4820C6A36F69CDDED9F1D7.d.FE72B38DD564F4A84402E9791C5B9C97.e.3353","ELEMENT":"f.5DB0E6D2BB4820C6A36F69CDDED9F1D7.d.FE72B38DD564F4A84402E9791C5B9C97.e.3353"}]}
COMMAND: POST /session/9eab2abfb92109d83111f8a107828286/element/f.5DB0E6D2BB4820C6A36F69CDDED9F1D7.d.FE72B38DD564F4A84402E9791C5B9C97.e.3353/click - {}
COMMAND: GET /session/9eab2abfb92109d83111f8a107828286/screenshot - {}
RESULT: {}
RESULT: {}
COMMAND: GET /session/9eab2abfb92109d83111f8a107828286/screenshot - {}
RESULT: {}
RESULT: {}
COMMAND: POST /session/9eab2abfb92109d83111f8a107828286/execute/async - {"script":"<script> [1562 bytes]","args":[{"selector":{"controlType":"sap.m.Title","viewName":"etm.portal.ui.managepricingrules.view.NewItem","viewId":"application-managepricingrules-display-component---newInfoPriceItem","properties":{"text":"New Pricing Rules - Item Level"}},"wdio_ui5_key":"etmportal.ui.managepricingrules.view.NewItemsap.m.Title{\"text\":\"New Pricing Rules - Item Level\"}"}]}
RESULT: {"script":"<script> [1562 bytes]","args":[{"selector":{"controlType":"sap.m.Title","viewName":"etm.portal.ui.managepricingrules.view.NewItem","viewId":"application-managepricingrules-display-component---newInfoPriceItem","properties":{"text":"New Pricing Rules - Item Level"}},"wdio_ui5_key":"etmportal.ui.managepricingrules.view.NewItemsap.m.Title{\"text\":\"New Pricing Rules - Item Level\"}"}]}
RESULT: undefined
COMMAND: POST /session/9eab2abfb92109d83111f8a107828286/execute/async - {"script":"<script> [6424 bytes]","args":[{"element-6066-11e4-a52e-4f735466cecf":"f.5DB0E6D2BB4820C6A36F69CDDED9F1D7.d.FE72B38DD564F4A84402E9791C5B9C97.e.3427"},"getText",[]]}
RESULT: {"script":"<script> [6424 bytes]","args":[{"element-6066-11e4-a52e-4f735466cecf":"f.5DB0E6D2BB4820C6A36F69CDDED9F1D7.d.FE72B38DD564F4A84402E9791C5B9C97.e.3427"},"getText",[]]}
COMMAND: POST /session/9eab2abfb92109d83111f8a107828286/execute/async - {"script":"<script> [1562 bytes]","args":[{"selector":{"id":"application-managepricingrules-display-component---newInfoPriceItem--condValidTo","interaction":{"idSuffix":"inner"}},"wdio_ui5_key":"applicationmanagepricingrules-display-component---newInfoPriceItem--condValidTo"}]}
RESULT: {"script":"<script> [1562 bytes]","args":[{"selector":{"id":"application-managepricingrules-display-component---newInfoPriceItem--condValidTo","interaction":{"idSuffix":"inner"}},"wdio_ui5_key":"applicationmanagepricingrules-display-component---newInfoPriceItem--condValidTo"}]}
RESULT: undefined
COMMAND: POST /session/9eab2abfb92109d83111f8a107828286/execute/async - {"script":"<script> [776 bytes]","args":[{"enterText":"1/27/26","selector":{"id":"application-managepricingrules-display-component---newInfoPriceItem--condValidTo","interaction":{"idSuffix":"inner"}},"clearTextFirst":true,"interactionType":"ENTER_TEXT"}]}
RESULT: {"script":"<script> [776 bytes]","args":[{"enterText":"1/27/26","selector":{"id":"application-managepricingrules-display-component---newInfoPriceItem--condValidTo","interaction":{"idSuffix":"inner"}},"clearTextFirst":true,"interactionType":"ENTER_TEXT"}]}
COMMAND: POST /session/9eab2abfb92109d83111f8a107828286/execute/async - {"script":"<script> [1562 bytes]","args":[{"selector":{"id":"application-managepricingrules-display-component---newInfoPriceItem--billType-arrow"},"wdio_ui5_key":"applicationmanagepricingrules-display-component---newInfoPriceItem--billType-arrow"}]}
RESULT: {"script":"<script> [1562 bytes]","args":[{"selector":{"id":"application-managepricingrules-display-component---newInfoPriceItem--billType-arrow"},"wdio_ui5_key":"applicationmanagepricingrules-display-component---newInfoPriceItem--billType-arrow"}]}
RESULT: undefined
COMMAND: POST /session/9eab2abfb92109d83111f8a107828286/element - {"using":"xpath","value":"//*[@id=\"application-managepricingrules-display-component---newInfoPriceItem--billType-arrow\"]"}
RESULT: {"using":"xpath","value":"//*[@id=\"application-managepricingrules-display-component---newInfoPriceItem--billType-arrow\"]"}
COMMAND: POST /session/9eab2abfb92109d83111f8a107828286/element/f.5DB0E6D2BB4820C6A36F69CDDED9F1D7.d.FE72B38DD564F4A84402E9791C5B9C97.e.3484/click - {}
RESULT: {}
COMMAND: POST /session/9eab2abfb92109d83111f8a107828286/element - {"using":"xpath","value":"//span[contains(text(), \"TB - Time based\")]"}
COMMAND: GET /session/9eab2abfb92109d83111f8a107828286/screenshot - {}
RESULT: {"using":"xpath","value":"//span[contains(text(), \"TB - Time based\")]"}
COMMAND: POST /session/9eab2abfb92109d83111f8a107828286/element/f.5DB0E6D2BB4820C6A36F69CDDED9F1D7.d.FE72B38DD564F4A84402E9791C5B9C97.e.3526/click - {}
RESULT: {}
RESULT: {}
COMMAND: POST /session/9eab2abfb92109d83111f8a107828286/execute/async - {"script":"<script> [1562 bytes]","args":[{"selector":{"id":"application-managepricingrules-display-component---newInfoPriceItem--priceProc-arrow"},"wdio_ui5_key":"applicationmanagepricingrules-display-component---newInfoPriceItem--priceProc-arrow"}]}
COMMAND: GET /session/9eab2abfb92109d83111f8a107828286/screenshot - {}
RESULT: {"script":"<script> [1562 bytes]","args":[{"selector":{"id":"application-managepricingrules-display-component---newInfoPriceItem--priceProc-arrow"},"wdio_ui5_key":"applicationmanagepricingrules-display-component---newInfoPriceItem--priceProc-arrow"}]}
RESULT: undefined
COMMAND: POST /session/9eab2abfb92109d83111f8a107828286/element - {"using":"xpath","value":"//*[@id=\"application-managepricingrules-display-component---newInfoPriceItem--priceProc-arrow\"]"}
RESULT: {}
RESULT: {"using":"xpath","value":"//*[@id=\"application-managepricingrules-display-component---newInfoPriceItem--priceProc-arrow\"]"}
COMMAND: POST /session/9eab2abfb92109d83111f8a107828286/element/f.5DB0E6D2BB4820C6A36F69CDDED9F1D7.d.FE72B38DD564F4A84402E9791C5B9C97.e.3491/click - {}
RESULT: {}
COMMAND: POST /session/9eab2abfb92109d83111f8a107828286/element - {"using":"xpath","value":"//span[contains(text(), \"TBS - Time based standard\")]"}
COMMAND: GET /session/9eab2abfb92109d83111f8a107828286/screenshot - {}
RESULT: {"using":"xpath","value":"//span[contains(text(), \"TBS - Time based standard\")]"}
COMMAND: POST /session/9eab2abfb92109d83111f8a107828286/element/f.5DB0E6D2BB4820C6A36F69CDDED9F1D7.d.FE72B38DD564F4A84402E9791C5B9C97.e.3527/click - {}
RESULT: {}
RESULT: {}
COMMAND: POST /session/9eab2abfb92109d83111f8a107828286/execute/async - {"script":"<script> [1562 bytes]","args":[{"selector":{"id":"application-managepricingrules-display-component---newInfoPriceItem--calcBase-arrow"},"wdio_ui5_key":"applicationmanagepricingrules-display-component---newInfoPriceItem--calcBase-arrow"}]}
COMMAND: GET /session/9eab2abfb92109d83111f8a107828286/screenshot - {}
RESULT: {"script":"<script> [1562 bytes]","args":[{"selector":{"id":"application-managepricingrules-display-component---newInfoPriceItem--calcBase-arrow"},"wdio_ui5_key":"applicationmanagepricingrules-display-component---newInfoPriceItem--calcBase-arrow"}]}
RESULT: undefined
COMMAND: POST /session/9eab2abfb92109d83111f8a107828286/element - {"using":"xpath","value":"//*[@id=\"application-managepricingrules-display-component---newInfoPriceItem--calcBase-arrow\"]"}
RESULT: {}
RESULT: {"using":"xpath","value":"//*[@id=\"application-managepricingrules-display-component---newInfoPriceItem--calcBase-arrow\"]"}
COMMAND: POST /session/9eab2abfb92109d83111f8a107828286/element/f.5DB0E6D2BB4820C6A36F69CDDED9F1D7.d.FE72B38DD564F4A84402E9791C5B9C97.e.3498/click - {}
RESULT: {}
COMMAND: GET /session/9eab2abfb92109d83111f8a107828286/screenshot - {}
RESULT: {}
COMMAND: POST /session/9eab2abfb92109d83111f8a107828286/element - {"using":"xpath","value":"//span[contains(text(), \"0006 - TB(calendar days)\")]"}
RESULT: {"using":"xpath","value":"//span[contains(text(), \"0006 - TB(calendar days)\")]"}
COMMAND: POST /session/9eab2abfb92109d83111f8a107828286/element/f.5DB0E6D2BB4820C6A36F69CDDED9F1D7.d.FE72B38DD564F4A84402E9791C5B9C97.e.3528/click - {}
RESULT: {}
COMMAND: GET /session/9eab2abfb92109d83111f8a107828286/screenshot - {}
RESULT: {}
COMMAND: POST /session/9eab2abfb92109d83111f8a107828286/execute/async - {"script":"<script> [1562 bytes]","args":[{"selector":{"id":"application-managepricingrules-display-component---newInfoPriceItem--daysMonth","interaction":{"idSuffix":"inner"}},"wdio_ui5_key":"applicationmanagepricingrules-display-component---newInfoPriceItem--daysMonth"}]}
RESULT: {"script":"<script> [1562 bytes]","args":[{"selector":{"id":"application-managepricingrules-display-component---newInfoPriceItem--daysMonth","interaction":{"idSuffix":"inner"}},"wdio_ui5_key":"applicationmanagepricingrules-display-component---newInfoPriceItem--daysMonth"}]}
RESULT: undefined
COMMAND: POST /session/9eab2abfb92109d83111f8a107828286/execute/async - {"script":"<script> [776 bytes]","args":[{"enterText":"30","selector":{"id":"application-managepricingrules-display-component---newInfoPriceItem--daysMonth","interaction":{"idSuffix":"inner"}},"clearTextFirst":true,"interactionType":"ENTER_TEXT"}]}
RESULT: {"script":"<script> [776 bytes]","args":[{"enterText":"30","selector":{"id":"application-managepricingrules-display-component---newInfoPriceItem--daysMonth","interaction":{"idSuffix":"inner"}},"clearTextFirst":true,"interactionType":"ENTER_TEXT"}]}
COMMAND: POST /session/9eab2abfb92109d83111f8a107828286/element - {"using":"xpath","value":"//button[@data-kt=\"saveNewRuleButton\"]"}
RESULT: {"using":"xpath","value":"//button[@data-kt=\"saveNewRuleButton\"]"}
COMMAND: POST /session/9eab2abfb92109d83111f8a107828286/element/f.5DB0E6D2BB4820C6A36F69CDDED9F1D7.d.FE72B38DD564F4A84402E9791C5B9C97.e.3519/click - {}
RESULT: {}
COMMAND: GET /session/9eab2abfb92109d83111f8a107828286/screenshot - {}
RESULT: {}
COMMAND: POST /session/9eab2abfb92109d83111f8a107828286/execute/async - {"script":"<script> [1562 bytes]","args":[{"selector":{"id":"application-managepricingrules-display-component---priceInfoItem--smartFilterBar-btnBasicSearch","interaction":{"idSuffix":"I"}},"wdio_ui5_key":"applicationmanagepricingrules-display-component---priceInfoItem--smartFilterBar-btnBasicSearch"}]}
RESULT: {"script":"<script> [1562 bytes]","args":[{"selector":{"id":"application-managepricingrules-display-component---priceInfoItem--smartFilterBar-btnBasicSearch","interaction":{"idSuffix":"I"}},"wdio_ui5_key":"applicationmanagepricingrules-display-component---priceInfoItem--smartFilterBar-btnBasicSearch"}]}
RESULT: undefined
COMMAND: POST /session/9eab2abfb92109d83111f8a107828286/execute/async - {"script":"<script> [776 bytes]","args":[{"enterText":"ikZNg5rJov","selector":{"id":"application-managepricingrules-display-component---priceInfoItem--smartFilterBar-btnBasicSearch","interaction":{"idSuffix":"I"}},"clearTextFirst":true,"interactionType":"ENTER_TEXT"}]}
RESULT: {"script":"<script> [776 bytes]","args":[{"enterText":"ikZNg5rJov","selector":{"id":"application-managepricingrules-display-component---priceInfoItem--smartFilterBar-btnBasicSearch","interaction":{"idSuffix":"I"}},"clearTextFirst":true,"interactionType":"ENTER_TEXT"}]}
COMMAND: POST /session/9eab2abfb92109d83111f8a107828286/actions - {"actions":[{"id":"action13","type":"key","parameters":{},"actions":[{"type":"keyDown","value":""},{"type":"pause","duration":10},{"type":"keyUp","value":""}]}]}
RESULT: {"actions":[{"id":"action13","type":"key","parameters":{},"actions":[{"type":"keyDown","value":""},{"type":"pause","duration":10},{"type":"keyUp","value":""}]}]}
COMMAND: GET /session/9eab2abfb92109d83111f8a107828286/screenshot - {}
RESULT: {}
COMMAND: POST /session/9eab2abfb92109d83111f8a107828286/element - {"using":"xpath","value":"//span[@id=\"application-managepricingrules-display-component---priceInfoItem--smartTable-header-inner\"]"}
RESULT: {"using":"xpath","value":"//span[@id=\"application-managepricingrules-display-component---priceInfoItem--smartTable-header-inner\"]"}
COMMAND: POST /session/9eab2abfb92109d83111f8a107828286/elements - {"using":"xpath","value":"//span[@id=\"application-managepricingrules-display-component---priceInfoItem--smartTable-header-inner\"]"}
RESULT: {"using":"xpath","value":"//span[@id=\"application-managepricingrules-display-component---priceInfoItem--smartTable-header-inner\"]"}
COMMAND: POST /session/9eab2abfb92109d83111f8a107828286/execute/sync - {"script":"<script> [56 bytes]","args":[{"element-6066-11e4-a52e-4f735466cecf":"f.5DB0E6D2BB4820C6A36F69CDDED9F1D7.d.FE72B38DD564F4A84402E9791C5B9C97.e.3552","ELEMENT":"f.5DB0E6D2BB4820C6A36F69CDDED9F1D7.d.FE72B38DD564F4A84402E9791C5B9C97.e.3552"}]}
RESULT: {"script":"<script> [56 bytes]","args":[{"element-6066-11e4-a52e-4f735466cecf":"f.5DB0E6D2BB4820C6A36F69CDDED9F1D7.d.FE72B38DD564F4A84402E9791C5B9C97.e.3552","ELEMENT":"f.5DB0E6D2BB4820C6A36F69CDDED9F1D7.d.FE72B38DD564F4A84402E9791C5B9C97.e.3552"}]}
COMMAND: POST /session/9eab2abfb92109d83111f8a107828286/element - {"using":"css selector","value":"#shell-header-logo"}
COMMAND: GET /session/9eab2abfb92109d83111f8a107828286/screenshot - {}
RESULT: {"using":"css selector","value":"#shell-header-logo"}
COMMAND: POST /session/9eab2abfb92109d83111f8a107828286/element/f.5DB0E6D2BB4820C6A36F69CDDED9F1D7.d.FE72B38DD564F4A84402E9791C5B9C97.e.2657/click - {}
RESULT: {}
RESULT: {}
COMMAND: GET /session/9eab2abfb92109d83111f8a107828286/screenshot - {}
RESULT: {}
]]></system-out>
    </testcase>
    <testcase classname="chrome.136_0_7103_93.windows.Billing_confirm_US117289" name="Should create new condition for equipment" time="70.33">
      <system-out><![CDATA[
COMMAND: POST /session/9eab2abfb92109d83111f8a107828286/execute/async - {"script":"<script> [1562 bytes]","args":[{"selector":{"controlType":"sap.m.GenericTile","properties":{"header":"Manage Conditions & Prices"}},"wdio_ui5_key":"sapm.GenericTile{\"header\":\"Manage Conditions & Prices\"}"}]}
RESULT: {"script":"<script> [1562 bytes]","args":[{"selector":{"controlType":"sap.m.GenericTile","properties":{"header":"Manage Conditions & Prices"}},"wdio_ui5_key":"sapm.GenericTile{\"header\":\"Manage Conditions & Prices\"}"}]}
RESULT: undefined
COMMAND: POST /session/9eab2abfb92109d83111f8a107828286/element - {"using":"xpath","value":"//*[@id=\"__tile93\"]"}
RESULT: {"using":"xpath","value":"//*[@id=\"__tile93\"]"}
COMMAND: POST /session/9eab2abfb92109d83111f8a107828286/element/f.5DB0E6D2BB4820C6A36F69CDDED9F1D7.d.FE72B38DD564F4A84402E9791C5B9C97.e.2641/click - {}
RESULT: {}
COMMAND: GET /session/9eab2abfb92109d83111f8a107828286/screenshot - {}
RESULT: {}
COMMAND: POST /session/9eab2abfb92109d83111f8a107828286/elements - {"using":"xpath","value":"//span[text()='Error']"}
RESULT: {"using":"xpath","value":"//span[text()='Error']"}
COMMAND: POST /session/9eab2abfb92109d83111f8a107828286/element - {"using":"xpath","value":"//button[@aria-label=\"Create\"]"}
RESULT: {"using":"xpath","value":"//button[@aria-label=\"Create\"]"}
COMMAND: POST /session/9eab2abfb92109d83111f8a107828286/elements - {"using":"xpath","value":"//button[@aria-label=\"Create\"]"}
RESULT: {"using":"xpath","value":"//button[@aria-label=\"Create\"]"}
COMMAND: POST /session/9eab2abfb92109d83111f8a107828286/execute/sync - {"script":"<script> [8489 bytes]","args":[{"element-6066-11e4-a52e-4f735466cecf":"f.5DB0E6D2BB4820C6A36F69CDDED9F1D7.d.FE72B38DD564F4A84402E9791C5B9C97.e.3588","ELEMENT":"f.5DB0E6D2BB4820C6A36F69CDDED9F1D7.d.FE72B38DD564F4A84402E9791C5B9C97.e.3588"}]}
RESULT: {"script":"<script> [8489 bytes]","args":[{"element-6066-11e4-a52e-4f735466cecf":"f.5DB0E6D2BB4820C6A36F69CDDED9F1D7.d.FE72B38DD564F4A84402E9791C5B9C97.e.3588","ELEMENT":"f.5DB0E6D2BB4820C6A36F69CDDED9F1D7.d.FE72B38DD564F4A84402E9791C5B9C97.e.3588"}]}
COMMAND: GET /session/9eab2abfb92109d83111f8a107828286/element/f.5DB0E6D2BB4820C6A36F69CDDED9F1D7.d.FE72B38DD564F4A84402E9791C5B9C97.e.3588/enabled - {}
COMMAND: GET /session/9eab2abfb92109d83111f8a107828286/screenshot - {}
RESULT: {}
COMMAND: POST /session/9eab2abfb92109d83111f8a107828286/execute/sync - {"script":"<script> [8489 bytes]","args":[{"element-6066-11e4-a52e-4f735466cecf":"f.5DB0E6D2BB4820C6A36F69CDDED9F1D7.d.FE72B38DD564F4A84402E9791C5B9C97.e.3588","ELEMENT":"f.5DB0E6D2BB4820C6A36F69CDDED9F1D7.d.FE72B38DD564F4A84402E9791C5B9C97.e.3588"}]}
COMMAND: GET /session/9eab2abfb92109d83111f8a107828286/screenshot - {}
RESULT: {}
RESULT: {"script":"<script> [8489 bytes]","args":[{"element-6066-11e4-a52e-4f735466cecf":"f.5DB0E6D2BB4820C6A36F69CDDED9F1D7.d.FE72B38DD564F4A84402E9791C5B9C97.e.3588","ELEMENT":"f.5DB0E6D2BB4820C6A36F69CDDED9F1D7.d.FE72B38DD564F4A84402E9791C5B9C97.e.3588"}]}
COMMAND: POST /session/9eab2abfb92109d83111f8a107828286/execute/sync - {"script":"<script> [5351 bytes]","args":[{"element-6066-11e4-a52e-4f735466cecf":"f.5DB0E6D2BB4820C6A36F69CDDED9F1D7.d.FE72B38DD564F4A84402E9791C5B9C97.e.3588","ELEMENT":"f.5DB0E6D2BB4820C6A36F69CDDED9F1D7.d.FE72B38DD564F4A84402E9791C5B9C97.e.3588"}]}
COMMAND: GET /session/9eab2abfb92109d83111f8a107828286/screenshot - {}
RESULT: {}
RESULT: {"script":"<script> [5351 bytes]","args":[{"element-6066-11e4-a52e-4f735466cecf":"f.5DB0E6D2BB4820C6A36F69CDDED9F1D7.d.FE72B38DD564F4A84402E9791C5B9C97.e.3588","ELEMENT":"f.5DB0E6D2BB4820C6A36F69CDDED9F1D7.d.FE72B38DD564F4A84402E9791C5B9C97.e.3588"}]}
COMMAND: POST /session/9eab2abfb92109d83111f8a107828286/element/f.5DB0E6D2BB4820C6A36F69CDDED9F1D7.d.FE72B38DD564F4A84402E9791C5B9C97.e.3588/click - {}
COMMAND: GET /session/9eab2abfb92109d83111f8a107828286/screenshot - {}
RESULT: {}
RESULT: {}
COMMAND: GET /session/9eab2abfb92109d83111f8a107828286/screenshot - {}
RESULT: {}
RESULT: {}
COMMAND: POST /session/9eab2abfb92109d83111f8a107828286/actions - {"actions":[{"id":"action14","type":"key","parameters":{},"actions":[{"type":"keyDown","value":""},{"type":"pause","duration":10},{"type":"keyUp","value":""}]}]}
RESULT: {"actions":[{"id":"action14","type":"key","parameters":{},"actions":[{"type":"keyDown","value":""},{"type":"pause","duration":10},{"type":"keyUp","value":""}]}]}
COMMAND: GET /session/9eab2abfb92109d83111f8a107828286/screenshot - {}
RESULT: {}
COMMAND: POST /session/9eab2abfb92109d83111f8a107828286/execute/async - {"script":"<script> [1562 bytes]","args":[{"selector":{"id":"application-manageconditionprice-display-component---newCondition--condBillCond-arrow"},"wdio_ui5_key":"applicationmanageconditionprice-display-component---newCondition--condBillCond-arrow"}]}
RESULT: {"script":"<script> [1562 bytes]","args":[{"selector":{"id":"application-manageconditionprice-display-component---newCondition--condBillCond-arrow"},"wdio_ui5_key":"applicationmanageconditionprice-display-component---newCondition--condBillCond-arrow"}]}
RESULT: undefined
COMMAND: POST /session/9eab2abfb92109d83111f8a107828286/element - {"using":"xpath","value":"//*[@id=\"application-manageconditionprice-display-component---newCondition--condBillCond-arrow\"]"}
RESULT: {"using":"xpath","value":"//*[@id=\"application-manageconditionprice-display-component---newCondition--condBillCond-arrow\"]"}
COMMAND: POST /session/9eab2abfb92109d83111f8a107828286/element/f.5DB0E6D2BB4820C6A36F69CDDED9F1D7.d.FE72B38DD564F4A84402E9791C5B9C97.e.3768/click - {}
RESULT: {}
COMMAND: GET /session/9eab2abfb92109d83111f8a107828286/screenshot - {}
RESULT: {}
COMMAND: POST /session/9eab2abfb92109d83111f8a107828286/element - {"using":"xpath","value":"//li[.//span[contains(text(), \"DISP - D&I special price\")]]"}
RESULT: {"using":"xpath","value":"//li[.//span[contains(text(), \"DISP - D&I special price\")]]"}
COMMAND: POST /session/9eab2abfb92109d83111f8a107828286/element/f.5DB0E6D2BB4820C6A36F69CDDED9F1D7.d.FE72B38DD564F4A84402E9791C5B9C97.e.3771/click - {}
RESULT: {}
COMMAND: GET /session/9eab2abfb92109d83111f8a107828286/screenshot - {}
RESULT: {}
COMMAND: POST /session/9eab2abfb92109d83111f8a107828286/execute/async - {"script":"<script> [1562 bytes]","args":[{"selector":{"id":"application-manageconditionprice-display-component---newCondition--condValidTo","interaction":{"idSuffix":"inner"}},"wdio_ui5_key":"applicationmanageconditionprice-display-component---newCondition--condValidTo"}]}
RESULT: {"script":"<script> [1562 bytes]","args":[{"selector":{"id":"application-manageconditionprice-display-component---newCondition--condValidTo","interaction":{"idSuffix":"inner"}},"wdio_ui5_key":"applicationmanageconditionprice-display-component---newCondition--condValidTo"}]}
RESULT: undefined
COMMAND: POST /session/9eab2abfb92109d83111f8a107828286/execute/async - {"script":"<script> [776 bytes]","args":[{"enterText":"1/27/26","selector":{"id":"application-manageconditionprice-display-component---newCondition--condValidTo","interaction":{"idSuffix":"inner"}},"clearTextFirst":true,"interactionType":"ENTER_TEXT"}]}
RESULT: {"script":"<script> [776 bytes]","args":[{"enterText":"1/27/26","selector":{"id":"application-manageconditionprice-display-component---newCondition--condValidTo","interaction":{"idSuffix":"inner"}},"clearTextFirst":true,"interactionType":"ENTER_TEXT"}]}
COMMAND: POST /session/9eab2abfb92109d83111f8a107828286/element - {"using":"xpath","value":"//input[@id=\"application-manageconditionprice-display-component---newCondition--condRU-inner\"]"}
RESULT: {"using":"xpath","value":"//input[@id=\"application-manageconditionprice-display-component---newCondition--condRU-inner\"]"}
COMMAND: POST /session/9eab2abfb92109d83111f8a107828286/element/f.5DB0E6D2BB4820C6A36F69CDDED9F1D7.d.FE72B38DD564F4A84402E9791C5B9C97.e.3632/clear - {}
RESULT: {}
COMMAND: POST /session/9eab2abfb92109d83111f8a107828286/element/f.5DB0E6D2BB4820C6A36F69CDDED9F1D7.d.FE72B38DD564F4A84402E9791C5B9C97.e.3632/value - {"text":"ikZNg5rJov"}
COMMAND: GET /session/9eab2abfb92109d83111f8a107828286/screenshot - {}
RESULT: {"text":"ikZNg5rJov"}
COMMAND: GET /session/9eab2abfb92109d83111f8a107828286/screenshot - {}
RESULT: {}
RESULT: {}
COMMAND: POST /session/9eab2abfb92109d83111f8a107828286/actions - {"actions":[{"id":"action15","type":"key","parameters":{},"actions":[{"type":"keyDown","value":""},{"type":"pause","duration":10},{"type":"keyUp","value":""}]}]}
RESULT: {"actions":[{"id":"action15","type":"key","parameters":{},"actions":[{"type":"keyDown","value":""},{"type":"pause","duration":10},{"type":"keyUp","value":""}]}]}
COMMAND: POST /session/9eab2abfb92109d83111f8a107828286/execute/async - {"script":"<script> [1562 bytes]","args":[{"selector":{"id":"application-manageconditionprice-display-component---newCondition--condBaseQty","interaction":{"idSuffix":"inner"}},"wdio_ui5_key":"applicationmanageconditionprice-display-component---newCondition--condBaseQty"}]}
COMMAND: GET /session/9eab2abfb92109d83111f8a107828286/screenshot - {}
RESULT: {"script":"<script> [1562 bytes]","args":[{"selector":{"id":"application-manageconditionprice-display-component---newCondition--condBaseQty","interaction":{"idSuffix":"inner"}},"wdio_ui5_key":"applicationmanageconditionprice-display-component---newCondition--condBaseQty"}]}
RESULT: undefined
COMMAND: POST /session/9eab2abfb92109d83111f8a107828286/execute/async - {"script":"<script> [776 bytes]","args":[{"enterText":"1","selector":{"id":"application-manageconditionprice-display-component---newCondition--condBaseQty","interaction":{"idSuffix":"inner"}},"clearTextFirst":true,"interactionType":"ENTER_TEXT"}]}
RESULT: {}
RESULT: {"script":"<script> [776 bytes]","args":[{"enterText":"1","selector":{"id":"application-manageconditionprice-display-component---newCondition--condBaseQty","interaction":{"idSuffix":"inner"}},"clearTextFirst":true,"interactionType":"ENTER_TEXT"}]}
COMMAND: POST /session/9eab2abfb92109d83111f8a107828286/execute/async - {"script":"<script> [1562 bytes]","args":[{"selector":{"id":"application-manageconditionprice-display-component---newCondition--condValue","interaction":{"idSuffix":"inner"}},"wdio_ui5_key":"applicationmanageconditionprice-display-component---newCondition--condValue"}]}
RESULT: {"script":"<script> [1562 bytes]","args":[{"selector":{"id":"application-manageconditionprice-display-component---newCondition--condValue","interaction":{"idSuffix":"inner"}},"wdio_ui5_key":"applicationmanageconditionprice-display-component---newCondition--condValue"}]}
RESULT: undefined
COMMAND: POST /session/9eab2abfb92109d83111f8a107828286/execute/async - {"script":"<script> [776 bytes]","args":[{"enterText":"100","selector":{"id":"application-manageconditionprice-display-component---newCondition--condValue","interaction":{"idSuffix":"inner"}},"clearTextFirst":true,"interactionType":"ENTER_TEXT"}]}
RESULT: {"script":"<script> [776 bytes]","args":[{"enterText":"100","selector":{"id":"application-manageconditionprice-display-component---newCondition--condValue","interaction":{"idSuffix":"inner"}},"clearTextFirst":true,"interactionType":"ENTER_TEXT"}]}
COMMAND: POST /session/9eab2abfb92109d83111f8a107828286/execute/async - {"script":"<script> [1562 bytes]","args":[{"selector":{"id":"application-manageconditionprice-display-component---newCondition--condCurr-arrow"},"wdio_ui5_key":"applicationmanageconditionprice-display-component---newCondition--condCurr-arrow"}]}
RESULT: {"script":"<script> [1562 bytes]","args":[{"selector":{"id":"application-manageconditionprice-display-component---newCondition--condCurr-arrow"},"wdio_ui5_key":"applicationmanageconditionprice-display-component---newCondition--condCurr-arrow"}]}
RESULT: undefined
COMMAND: POST /session/9eab2abfb92109d83111f8a107828286/element - {"using":"xpath","value":"//*[@id=\"application-manageconditionprice-display-component---newCondition--condCurr-arrow\"]"}
RESULT: {"using":"xpath","value":"//*[@id=\"application-manageconditionprice-display-component---newCondition--condCurr-arrow\"]"}
COMMAND: POST /session/9eab2abfb92109d83111f8a107828286/element/f.5DB0E6D2BB4820C6A36F69CDDED9F1D7.d.FE72B38DD564F4A84402E9791C5B9C97.e.3724/click - {}
RESULT: {}
COMMAND: POST /session/9eab2abfb92109d83111f8a107828286/element - {"using":"xpath","value":"//span[contains(text(), \"Euro\")]"}
COMMAND: GET /session/9eab2abfb92109d83111f8a107828286/screenshot - {}
RESULT: {"using":"xpath","value":"//span[contains(text(), \"Euro\")]"}
COMMAND: POST /session/9eab2abfb92109d83111f8a107828286/element/f.5DB0E6D2BB4820C6A36F69CDDED9F1D7.d.FE72B38DD564F4A84402E9791C5B9C97.e.3808/click - {}
RESULT: {}
RESULT: {}
COMMAND: POST /session/9eab2abfb92109d83111f8a107828286/element - {"using":"xpath","value":"//button[@data-kt=\"saveButton\"]"}
COMMAND: GET /session/9eab2abfb92109d83111f8a107828286/screenshot - {}
RESULT: {"using":"xpath","value":"//button[@data-kt=\"saveButton\"]"}
COMMAND: POST /session/9eab2abfb92109d83111f8a107828286/element/f.5DB0E6D2BB4820C6A36F69CDDED9F1D7.d.FE72B38DD564F4A84402E9791C5B9C97.e.3725/click - {}
RESULT: {}
RESULT: {}
COMMAND: GET /session/9eab2abfb92109d83111f8a107828286/screenshot - {}
RESULT: {}
COMMAND: POST /session/9eab2abfb92109d83111f8a107828286/execute/async - {"script":"<script> [1562 bytes]","args":[{"selector":{"id":"application-manageconditionprice-display-component---conditions--smartFilterBar-btnBasicSearch","interaction":{"idSuffix":"I"}},"wdio_ui5_key":"applicationmanageconditionprice-display-component---conditions--smartFilterBar-btnBasicSearch"}]}
RESULT: {"script":"<script> [1562 bytes]","args":[{"selector":{"id":"application-manageconditionprice-display-component---conditions--smartFilterBar-btnBasicSearch","interaction":{"idSuffix":"I"}},"wdio_ui5_key":"applicationmanageconditionprice-display-component---conditions--smartFilterBar-btnBasicSearch"}]}
RESULT: undefined
COMMAND: POST /session/9eab2abfb92109d83111f8a107828286/execute/async - {"script":"<script> [776 bytes]","args":[{"enterText":"ikZNg5rJov","selector":{"id":"application-manageconditionprice-display-component---conditions--smartFilterBar-btnBasicSearch","interaction":{"idSuffix":"I"}},"clearTextFirst":true,"interactionType":"ENTER_TEXT"}]}
RESULT: {"script":"<script> [776 bytes]","args":[{"enterText":"ikZNg5rJov","selector":{"id":"application-manageconditionprice-display-component---conditions--smartFilterBar-btnBasicSearch","interaction":{"idSuffix":"I"}},"clearTextFirst":true,"interactionType":"ENTER_TEXT"}]}
COMMAND: POST /session/9eab2abfb92109d83111f8a107828286/actions - {"actions":[{"id":"action16","type":"key","parameters":{},"actions":[{"type":"keyDown","value":""},{"type":"pause","duration":10},{"type":"keyUp","value":""}]}]}
RESULT: {"actions":[{"id":"action16","type":"key","parameters":{},"actions":[{"type":"keyDown","value":""},{"type":"pause","duration":10},{"type":"keyUp","value":""}]}]}
COMMAND: GET /session/9eab2abfb92109d83111f8a107828286/screenshot - {}
RESULT: {}
COMMAND: POST /session/9eab2abfb92109d83111f8a107828286/execute/async - {"script":"<script> [1562 bytes]","args":[{"selector":{"id":"application-manageconditionprice-display-component---conditions--smartFilterBar-filterItemControl_BASIC-BILL_TYPES-vhi"},"wdio_ui5_key":"applicationmanageconditionprice-display-component---conditions--smartFilterBar-filterItemControl_BASIC-BILL_TYPES-vhi"}]}
RESULT: {"script":"<script> [1562 bytes]","args":[{"selector":{"id":"application-manageconditionprice-display-component---conditions--smartFilterBar-filterItemControl_BASIC-BILL_TYPES-vhi"},"wdio_ui5_key":"applicationmanageconditionprice-display-component---conditions--smartFilterBar-filterItemControl_BASIC-BILL_TYPES-vhi"}]}
RESULT: undefined
COMMAND: POST /session/9eab2abfb92109d83111f8a107828286/element - {"using":"xpath","value":"//*[@id=\"application-manageconditionprice-display-component---conditions--smartFilterBar-filterItemControl_BASIC-BILL_TYPES-vhi\"]"}
RESULT: {"using":"xpath","value":"//*[@id=\"application-manageconditionprice-display-component---conditions--smartFilterBar-filterItemControl_BASIC-BILL_TYPES-vhi\"]"}
COMMAND: POST /session/9eab2abfb92109d83111f8a107828286/element/f.5DB0E6D2BB4820C6A36F69CDDED9F1D7.d.FE72B38DD564F4A84402E9791C5B9C97.e.3825/click - {}
RESULT: {}
COMMAND: POST /session/9eab2abfb92109d83111f8a107828286/execute/async - {"script":"<script> [1562 bytes]","args":[{"selector":{"id":"application-manageconditionprice-display-component---conditions--smartFilterBar-filterItemControl_BASIC-BILL_TYPES-valueHelpDialog-smartFilterBar-btnBasicSearch","searchOpenDialogs":true,"interaction":{"idSuffix":"I"}},"wdio_ui5_key":"applicationmanageconditionprice-display-component---conditions--smartFilterBar-filterItemControl_BASIC-BILL_TYPES-valueHelpDialog-smartFilterBar-btnBasicSearch"}]}
COMMAND: GET /session/9eab2abfb92109d83111f8a107828286/screenshot - {}
RESULT: {"script":"<script> [1562 bytes]","args":[{"selector":{"id":"application-manageconditionprice-display-component---conditions--smartFilterBar-filterItemControl_BASIC-BILL_TYPES-valueHelpDialog-smartFilterBar-btnBasicSearch","searchOpenDialogs":true,"interaction":{"idSuffix":"I"}},"wdio_ui5_key":"applicationmanageconditionprice-display-component---conditions--smartFilterBar-filterItemControl_BASIC-BILL_TYPES-valueHelpDialog-smartFilterBar-btnBasicSearch"}]}
RESULT: undefined
COMMAND: POST /session/9eab2abfb92109d83111f8a107828286/execute/async - {"script":"<script> [776 bytes]","args":[{"enterText":"TB","selector":{"id":"application-manageconditionprice-display-component---conditions--smartFilterBar-filterItemControl_BASIC-BILL_TYPES-valueHelpDialog-smartFilterBar-btnBasicSearch","searchOpenDialogs":true,"interaction":{"idSuffix":"I"}},"clearTextFirst":true,"interactionType":"ENTER_TEXT"}]}
RESULT: {}
RESULT: {"script":"<script> [776 bytes]","args":[{"enterText":"TB","selector":{"id":"application-manageconditionprice-display-component---conditions--smartFilterBar-filterItemControl_BASIC-BILL_TYPES-valueHelpDialog-smartFilterBar-btnBasicSearch","searchOpenDialogs":true,"interaction":{"idSuffix":"I"}},"clearTextFirst":true,"interactionType":"ENTER_TEXT"}]}
COMMAND: POST /session/9eab2abfb92109d83111f8a107828286/actions - {"actions":[{"id":"action17","type":"key","parameters":{},"actions":[{"type":"keyDown","value":""},{"type":"pause","duration":10},{"type":"keyUp","value":""}]}]}
RESULT: {"actions":[{"id":"action17","type":"key","parameters":{},"actions":[{"type":"keyDown","value":""},{"type":"pause","duration":10},{"type":"keyUp","value":""}]}]}
COMMAND: GET /session/9eab2abfb92109d83111f8a107828286/screenshot - {}
RESULT: {}
COMMAND: POST /session/9eab2abfb92109d83111f8a107828286/element - {"using":"xpath","value":"//div[contains(@id, 'application-manageconditionprice-display-component---conditions--smartFilterBar-filterItemControl_BASIC-BILL_TYPES-valueHelpDialog-table-rowsel0')]"}
RESULT: {"using":"xpath","value":"//div[contains(@id, 'application-manageconditionprice-display-component---conditions--smartFilterBar-filterItemControl_BASIC-BILL_TYPES-valueHelpDialog-table-rowsel0')]"}
COMMAND: POST /session/9eab2abfb92109d83111f8a107828286/element/f.5DB0E6D2BB4820C6A36F69CDDED9F1D7.d.FE72B38DD564F4A84402E9791C5B9C97.e.3835/click - {}
RESULT: {}
COMMAND: GET /session/9eab2abfb92109d83111f8a107828286/screenshot - {}
RESULT: {}
COMMAND: POST /session/9eab2abfb92109d83111f8a107828286/element - {"using":"xpath","value":"//bdi[contains(text(), \"OK\")]"}
RESULT: {"using":"xpath","value":"//bdi[contains(text(), \"OK\")]"}
COMMAND: POST /session/9eab2abfb92109d83111f8a107828286/element/f.5DB0E6D2BB4820C6A36F69CDDED9F1D7.d.FE72B38DD564F4A84402E9791C5B9C97.e.3837/click - {}
RESULT: {}
COMMAND: GET /session/9eab2abfb92109d83111f8a107828286/screenshot - {}
RESULT: {}
COMMAND: POST /session/9eab2abfb92109d83111f8a107828286/element - {"using":"xpath","value":"//span[@id=\"application-manageconditionprice-display-component---conditions--smartTable-header-inner\"]"}
RESULT: {"using":"xpath","value":"//span[@id=\"application-manageconditionprice-display-component---conditions--smartTable-header-inner\"]"}
COMMAND: POST /session/9eab2abfb92109d83111f8a107828286/elements - {"using":"xpath","value":"//span[@id=\"application-manageconditionprice-display-component---conditions--smartTable-header-inner\"]"}
RESULT: {"using":"xpath","value":"//span[@id=\"application-manageconditionprice-display-component---conditions--smartTable-header-inner\"]"}
COMMAND: POST /session/9eab2abfb92109d83111f8a107828286/execute/sync - {"script":"<script> [56 bytes]","args":[{"element-6066-11e4-a52e-4f735466cecf":"f.5DB0E6D2BB4820C6A36F69CDDED9F1D7.d.FE72B38DD564F4A84402E9791C5B9C97.e.3840","ELEMENT":"f.5DB0E6D2BB4820C6A36F69CDDED9F1D7.d.FE72B38DD564F4A84402E9791C5B9C97.e.3840"}]}
RESULT: {"script":"<script> [56 bytes]","args":[{"element-6066-11e4-a52e-4f735466cecf":"f.5DB0E6D2BB4820C6A36F69CDDED9F1D7.d.FE72B38DD564F4A84402E9791C5B9C97.e.3840","ELEMENT":"f.5DB0E6D2BB4820C6A36F69CDDED9F1D7.d.FE72B38DD564F4A84402E9791C5B9C97.e.3840"}]}
COMMAND: POST /session/9eab2abfb92109d83111f8a107828286/element - {"using":"css selector","value":"#shell-header-logo"}
COMMAND: GET /session/9eab2abfb92109d83111f8a107828286/screenshot - {}
RESULT: {"using":"css selector","value":"#shell-header-logo"}
COMMAND: POST /session/9eab2abfb92109d83111f8a107828286/element/f.5DB0E6D2BB4820C6A36F69CDDED9F1D7.d.FE72B38DD564F4A84402E9791C5B9C97.e.3555/click - {}
RESULT: {}
RESULT: {}
COMMAND: GET /session/9eab2abfb92109d83111f8a107828286/screenshot - {}
RESULT: {}
]]></system-out>
    </testcase>
    <testcase classname="chrome.136_0_7103_93.windows.Billing_confirm_US117289" name="Should do a stock increase" time="102.016">
      <system-out><![CDATA[
COMMAND: POST /session/9eab2abfb92109d83111f8a107828286/execute/async - {"script":"<script> [1562 bytes]","args":[{"selector":{"controlType":"sap.m.GenericTile","properties":{"header":"Manage Handovers"}},"wdio_ui5_key":"sapm.GenericTile{\"header\":\"Manage Handovers\"}"}]}
RESULT: {"script":"<script> [1562 bytes]","args":[{"selector":{"controlType":"sap.m.GenericTile","properties":{"header":"Manage Handovers"}},"wdio_ui5_key":"sapm.GenericTile{\"header\":\"Manage Handovers\"}"}]}
RESULT: undefined
COMMAND: POST /session/9eab2abfb92109d83111f8a107828286/element - {"using":"xpath","value":"//*[@id=\"__tile130\"]"}
RESULT: {"using":"xpath","value":"//*[@id=\"__tile130\"]"}
COMMAND: POST /session/9eab2abfb92109d83111f8a107828286/element/f.5DB0E6D2BB4820C6A36F69CDDED9F1D7.d.FE72B38DD564F4A84402E9791C5B9C97.e.2605/click - {}
RESULT: {}
COMMAND: GET /session/9eab2abfb92109d83111f8a107828286/screenshot - {}
RESULT: {}
COMMAND: POST /session/9eab2abfb92109d83111f8a107828286/elements - {"using":"xpath","value":"//span[text()='Error']"}
RESULT: {"using":"xpath","value":"//span[text()='Error']"}
COMMAND: POST /session/9eab2abfb92109d83111f8a107828286/element - {"using":"xpath","value":"//button[@data-kt=\"masterHOAddButton\"]"}
RESULT: {"using":"xpath","value":"//button[@data-kt=\"masterHOAddButton\"]"}
COMMAND: POST /session/9eab2abfb92109d83111f8a107828286/elements - {"using":"xpath","value":"//button[@data-kt=\"masterHOAddButton\"]"}
RESULT: {"using":"xpath","value":"//button[@data-kt=\"masterHOAddButton\"]"}
COMMAND: POST /session/9eab2abfb92109d83111f8a107828286/elements - {"using":"xpath","value":"//button[@data-kt=\"masterHOAddButton\"]"}
RESULT: {"using":"xpath","value":"//button[@data-kt=\"masterHOAddButton\"]"}
COMMAND: POST /session/9eab2abfb92109d83111f8a107828286/element - {"using":"xpath","value":"//button[@data-kt=\"masterHOAddButton\"]"}
RESULT: {"using":"xpath","value":"//button[@data-kt=\"masterHOAddButton\"]"}
COMMAND: POST /session/9eab2abfb92109d83111f8a107828286/execute/sync - {"script":"<script> [8489 bytes]","args":[{"element-6066-11e4-a52e-4f735466cecf":"f.5DB0E6D2BB4820C6A36F69CDDED9F1D7.d.FE72B38DD564F4A84402E9791C5B9C97.e.3883","ELEMENT":"f.5DB0E6D2BB4820C6A36F69CDDED9F1D7.d.FE72B38DD564F4A84402E9791C5B9C97.e.3883"}]}
RESULT: {"script":"<script> [8489 bytes]","args":[{"element-6066-11e4-a52e-4f735466cecf":"f.5DB0E6D2BB4820C6A36F69CDDED9F1D7.d.FE72B38DD564F4A84402E9791C5B9C97.e.3883","ELEMENT":"f.5DB0E6D2BB4820C6A36F69CDDED9F1D7.d.FE72B38DD564F4A84402E9791C5B9C97.e.3883"}]}
COMMAND: GET /session/9eab2abfb92109d83111f8a107828286/element/f.5DB0E6D2BB4820C6A36F69CDDED9F1D7.d.FE72B38DD564F4A84402E9791C5B9C97.e.3883/enabled - {}
COMMAND: GET /session/9eab2abfb92109d83111f8a107828286/screenshot - {}
RESULT: {}
COMMAND: POST /session/9eab2abfb92109d83111f8a107828286/execute/sync - {"script":"<script> [8489 bytes]","args":[{"element-6066-11e4-a52e-4f735466cecf":"f.5DB0E6D2BB4820C6A36F69CDDED9F1D7.d.FE72B38DD564F4A84402E9791C5B9C97.e.3883","ELEMENT":"f.5DB0E6D2BB4820C6A36F69CDDED9F1D7.d.FE72B38DD564F4A84402E9791C5B9C97.e.3883"}]}
COMMAND: GET /session/9eab2abfb92109d83111f8a107828286/screenshot - {}
RESULT: {}
RESULT: {"script":"<script> [8489 bytes]","args":[{"element-6066-11e4-a52e-4f735466cecf":"f.5DB0E6D2BB4820C6A36F69CDDED9F1D7.d.FE72B38DD564F4A84402E9791C5B9C97.e.3883","ELEMENT":"f.5DB0E6D2BB4820C6A36F69CDDED9F1D7.d.FE72B38DD564F4A84402E9791C5B9C97.e.3883"}]}
COMMAND: POST /session/9eab2abfb92109d83111f8a107828286/execute/sync - {"script":"<script> [5351 bytes]","args":[{"element-6066-11e4-a52e-4f735466cecf":"f.5DB0E6D2BB4820C6A36F69CDDED9F1D7.d.FE72B38DD564F4A84402E9791C5B9C97.e.3883","ELEMENT":"f.5DB0E6D2BB4820C6A36F69CDDED9F1D7.d.FE72B38DD564F4A84402E9791C5B9C97.e.3883"}]}
COMMAND: GET /session/9eab2abfb92109d83111f8a107828286/screenshot - {}
RESULT: {}
RESULT: {"script":"<script> [5351 bytes]","args":[{"element-6066-11e4-a52e-4f735466cecf":"f.5DB0E6D2BB4820C6A36F69CDDED9F1D7.d.FE72B38DD564F4A84402E9791C5B9C97.e.3883","ELEMENT":"f.5DB0E6D2BB4820C6A36F69CDDED9F1D7.d.FE72B38DD564F4A84402E9791C5B9C97.e.3883"}]}
COMMAND: POST /session/9eab2abfb92109d83111f8a107828286/element/f.5DB0E6D2BB4820C6A36F69CDDED9F1D7.d.FE72B38DD564F4A84402E9791C5B9C97.e.3883/click - {}
COMMAND: GET /session/9eab2abfb92109d83111f8a107828286/screenshot - {}
RESULT: {}
RESULT: {}
COMMAND: GET /session/9eab2abfb92109d83111f8a107828286/screenshot - {}
COMMAND: POST /session/9eab2abfb92109d83111f8a107828286/element - {"using":"xpath","value":"//span[contains(@id ,\"AddNewHO--typeSelect-arrow\")]"}
RESULT: {}
RESULT: {}
RESULT: {"using":"xpath","value":"//span[contains(@id ,\"AddNewHO--typeSelect-arrow\")]"}
COMMAND: POST /session/9eab2abfb92109d83111f8a107828286/element/f.5DB0E6D2BB4820C6A36F69CDDED9F1D7.d.FE72B38DD564F4A84402E9791C5B9C97.e.4235/click - {}
RESULT: {}
COMMAND: GET /session/9eab2abfb92109d83111f8a107828286/screenshot - {}
RESULT: {}
COMMAND: POST /session/9eab2abfb92109d83111f8a107828286/element - {"using":"xpath","value":"(//li[contains(text(), \"stock increase yard\")])[1]"}
RESULT: {"using":"xpath","value":"(//li[contains(text(), \"stock increase yard\")])[1]"}
COMMAND: POST /session/9eab2abfb92109d83111f8a107828286/element/f.5DB0E6D2BB4820C6A36F69CDDED9F1D7.d.FE72B38DD564F4A84402E9791C5B9C97.e.4236/click - {}
RESULT: {}
COMMAND: GET /session/9eab2abfb92109d83111f8a107828286/screenshot - {}
RESULT: {}
COMMAND: POST /session/9eab2abfb92109d83111f8a107828286/execute/async - {"script":"<script> [1562 bytes]","args":[{"selector":{"id":"application-managehandovers-display-component---AddNewHO--dueDate","interaction":{"idSuffix":"inner"}},"wdio_ui5_key":"applicationmanagehandovers-display-component---AddNewHO--dueDate"}]}
RESULT: {"script":"<script> [1562 bytes]","args":[{"selector":{"id":"application-managehandovers-display-component---AddNewHO--dueDate","interaction":{"idSuffix":"inner"}},"wdio_ui5_key":"applicationmanagehandovers-display-component---AddNewHO--dueDate"}]}
RESULT: undefined
COMMAND: POST /session/9eab2abfb92109d83111f8a107828286/execute/async - {"script":"<script> [6424 bytes]","args":[{"element-6066-11e4-a52e-4f735466cecf":"f.5DB0E6D2BB4820C6A36F69CDDED9F1D7.d.FE72B38DD564F4A84402E9791C5B9C97.e.4240"},"setValue",["5/27/25"]]}
RESULT: {"script":"<script> [6424 bytes]","args":[{"element-6066-11e4-a52e-4f735466cecf":"f.5DB0E6D2BB4820C6A36F69CDDED9F1D7.d.FE72B38DD564F4A84402E9791C5B9C97.e.4240"},"setValue",["5/27/25"]]}
COMMAND: POST /session/9eab2abfb92109d83111f8a107828286/element - {"using":"xpath","value":"//input[@id=\"generalSectionFrg--receiveYard-inner\"]"}
RESULT: {"using":"xpath","value":"//input[@id=\"generalSectionFrg--receiveYard-inner\"]"}
COMMAND: POST /session/9eab2abfb92109d83111f8a107828286/element/f.5DB0E6D2BB4820C6A36F69CDDED9F1D7.d.FE72B38DD564F4A84402E9791C5B9C97.e.4246/clear - {}
RESULT: {}
COMMAND: POST /session/9eab2abfb92109d83111f8a107828286/element/f.5DB0E6D2BB4820C6A36F69CDDED9F1D7.d.FE72B38DD564F4A84402E9791C5B9C97.e.4246/value - {"text":"395"}
COMMAND: GET /session/9eab2abfb92109d83111f8a107828286/screenshot - {}
RESULT: {"text":"395"}
COMMAND: GET /session/9eab2abfb92109d83111f8a107828286/screenshot - {}
RESULT: {}
RESULT: {}
COMMAND: POST /session/9eab2abfb92109d83111f8a107828286/element - {"using":"xpath","value":"//li[.//span[text()='395']]"}
RESULT: {"using":"xpath","value":"//li[.//span[text()='395']]"}
COMMAND: POST /session/9eab2abfb92109d83111f8a107828286/element/f.5DB0E6D2BB4820C6A36F69CDDED9F1D7.d.FE72B38DD564F4A84402E9791C5B9C97.e.4262/click - {}
RESULT: {}
COMMAND: GET /session/9eab2abfb92109d83111f8a107828286/screenshot - {}
RESULT: {}
COMMAND: POST /session/9eab2abfb92109d83111f8a107828286/execute/async - {"script":"<script> [1562 bytes]","args":[{"selector":{"id":"application-managehandovers-display-component---AddNewHO--ObjectPageLayout-anchBar-application-managehandovers-display-component---AddNewHO--section4-anchor","interaction":{"idSuffix":"BDI-content"}},"wdio_ui5_key":"applicationmanagehandovers-display-component---AddNewHO--ObjectPageLayout-anchBar-application-managehandovers-display-component---AddNewHO--section4-anchor"}]}
RESULT: {"script":"<script> [1562 bytes]","args":[{"selector":{"id":"application-managehandovers-display-component---AddNewHO--ObjectPageLayout-anchBar-application-managehandovers-display-component---AddNewHO--section4-anchor","interaction":{"idSuffix":"BDI-content"}},"wdio_ui5_key":"applicationmanagehandovers-display-component---AddNewHO--ObjectPageLayout-anchBar-application-managehandovers-display-component---AddNewHO--section4-anchor"}]}
RESULT: undefined
COMMAND: POST /session/9eab2abfb92109d83111f8a107828286/element - {"using":"xpath","value":"//*[@id=\"application-managehandovers-display-component---AddNewHO--ObjectPageLayout-anchBar-application-managehandovers-display-component---AddNewHO--section4-anchor\"]"}
RESULT: {"using":"xpath","value":"//*[@id=\"application-managehandovers-display-component---AddNewHO--ObjectPageLayout-anchBar-application-managehandovers-display-component---AddNewHO--section4-anchor\"]"}
COMMAND: POST /session/9eab2abfb92109d83111f8a107828286/element/f.5DB0E6D2BB4820C6A36F69CDDED9F1D7.d.FE72B38DD564F4A84402E9791C5B9C97.e.4264/click - {}
RESULT: {}
COMMAND: POST /session/9eab2abfb92109d83111f8a107828286/element - {"using":"xpath","value":"//button[@aria-label=\"Add\"]"}
COMMAND: GET /session/9eab2abfb92109d83111f8a107828286/screenshot - {}
RESULT: {"using":"xpath","value":"//button[@aria-label=\"Add\"]"}
COMMAND: POST /session/9eab2abfb92109d83111f8a107828286/element/f.5DB0E6D2BB4820C6A36F69CDDED9F1D7.d.FE72B38DD564F4A84402E9791C5B9C97.e.4268/click - {}
RESULT: {}
RESULT: {}
COMMAND: GET /session/9eab2abfb92109d83111f8a107828286/screenshot - {}
RESULT: {}
COMMAND: POST /session/9eab2abfb92109d83111f8a107828286/execute/async - {"script":"<script> [1562 bytes]","args":[{"selector":{"id":"application-managehandovers-display-component---AddNewHO--smartFilterBar-btnBasicSearch","searchOpenDialogs":true,"interaction":{"idSuffix":"I"}},"wdio_ui5_key":"applicationmanagehandovers-display-component---AddNewHO--smartFilterBar-btnBasicSearch"}]}
RESULT: {"script":"<script> [1562 bytes]","args":[{"selector":{"id":"application-managehandovers-display-component---AddNewHO--smartFilterBar-btnBasicSearch","searchOpenDialogs":true,"interaction":{"idSuffix":"I"}},"wdio_ui5_key":"applicationmanagehandovers-display-component---AddNewHO--smartFilterBar-btnBasicSearch"}]}
RESULT: undefined
COMMAND: POST /session/9eab2abfb92109d83111f8a107828286/execute/async - {"script":"<script> [776 bytes]","args":[{"enterText":"ikZNg5rJov","selector":{"id":"application-managehandovers-display-component---AddNewHO--smartFilterBar-btnBasicSearch","searchOpenDialogs":true,"interaction":{"idSuffix":"I"}},"clearTextFirst":true,"interactionType":"ENTER_TEXT"}]}
RESULT: {"script":"<script> [776 bytes]","args":[{"enterText":"ikZNg5rJov","selector":{"id":"application-managehandovers-display-component---AddNewHO--smartFilterBar-btnBasicSearch","searchOpenDialogs":true,"interaction":{"idSuffix":"I"}},"clearTextFirst":true,"interactionType":"ENTER_TEXT"}]}
COMMAND: POST /session/9eab2abfb92109d83111f8a107828286/actions - {"actions":[{"id":"action18","type":"key","parameters":{},"actions":[{"type":"keyDown","value":""},{"type":"pause","duration":10},{"type":"keyUp","value":""}]}]}
RESULT: {"actions":[{"id":"action18","type":"key","parameters":{},"actions":[{"type":"keyDown","value":""},{"type":"pause","duration":10},{"type":"keyUp","value":""}]}]}
COMMAND: GET /session/9eab2abfb92109d83111f8a107828286/screenshot - {}
RESULT: {}
COMMAND: POST /session/9eab2abfb92109d83111f8a107828286/execute/async - {"script":"<script> [1562 bytes]","args":[{"selector":{"id":"application-managehandovers-display-component---AddNewHO--popup-sa","searchOpenDialogs":true,"interaction":{"idSuffix":"CbBg"}},"wdio_ui5_key":"applicationmanagehandovers-display-component---AddNewHO--popup-sa"}]}
RESULT: {"script":"<script> [1562 bytes]","args":[{"selector":{"id":"application-managehandovers-display-component---AddNewHO--popup-sa","searchOpenDialogs":true,"interaction":{"idSuffix":"CbBg"}},"wdio_ui5_key":"applicationmanagehandovers-display-component---AddNewHO--popup-sa"}]}
RESULT: undefined
COMMAND: POST /session/9eab2abfb92109d83111f8a107828286/element - {"using":"xpath","value":"//*[@id=\"application-managehandovers-display-component---AddNewHO--popup-sa\"]"}
RESULT: {"using":"xpath","value":"//*[@id=\"application-managehandovers-display-component---AddNewHO--popup-sa\"]"}
COMMAND: POST /session/9eab2abfb92109d83111f8a107828286/element/f.5DB0E6D2BB4820C6A36F69CDDED9F1D7.d.FE72B38DD564F4A84402E9791C5B9C97.e.4420/click - {}
RESULT: {}
COMMAND: GET /session/9eab2abfb92109d83111f8a107828286/screenshot - {}
RESULT: {}
COMMAND: POST /session/9eab2abfb92109d83111f8a107828286/element - {"using":"xpath","value":"//bdi[contains(text(), \"Select\")]"}
RESULT: {"using":"xpath","value":"//bdi[contains(text(), \"Select\")]"}
COMMAND: POST /session/9eab2abfb92109d83111f8a107828286/element/f.5DB0E6D2BB4820C6A36F69CDDED9F1D7.d.FE72B38DD564F4A84402E9791C5B9C97.e.4421/click - {}
RESULT: {}
COMMAND: GET /session/9eab2abfb92109d83111f8a107828286/screenshot - {}
RESULT: {}
COMMAND: POST /session/9eab2abfb92109d83111f8a107828286/element - {"using":"xpath","value":"//button[@data-kt=\"AddNewHOSaveButton\"]"}
RESULT: {"using":"xpath","value":"//button[@data-kt=\"AddNewHOSaveButton\"]"}
COMMAND: POST /session/9eab2abfb92109d83111f8a107828286/element/f.5DB0E6D2BB4820C6A36F69CDDED9F1D7.d.FE72B38DD564F4A84402E9791C5B9C97.e.4425/click - {}
RESULT: {}
COMMAND: GET /session/9eab2abfb92109d83111f8a107828286/screenshot - {}
RESULT: {}
COMMAND: POST /session/9eab2abfb92109d83111f8a107828286/execute/async - {"script":"<script> [1562 bytes]","args":[{"selector":{"id":"receiptDatePicker","viewName":"etm.portal.ui.managehandovers.view.DetailExecuteHO","interaction":{"idSuffix":"inner"}},"wdio_ui5_key":"receiptDatePickeretmportal.ui.managehandovers.view.DetailExecuteHO"}]}
RESULT: {"script":"<script> [1562 bytes]","args":[{"selector":{"id":"receiptDatePicker","viewName":"etm.portal.ui.managehandovers.view.DetailExecuteHO","interaction":{"idSuffix":"inner"}},"wdio_ui5_key":"receiptDatePickeretmportal.ui.managehandovers.view.DetailExecuteHO"}]}
RESULT: undefined
COMMAND: POST /session/9eab2abfb92109d83111f8a107828286/execute/async - {"script":"<script> [6424 bytes]","args":[{"element-6066-11e4-a52e-4f735466cecf":"f.5DB0E6D2BB4820C6A36F69CDDED9F1D7.d.FE72B38DD564F4A84402E9791C5B9C97.e.4456"},"setValue",["5/27/25"]]}
RESULT: {"script":"<script> [6424 bytes]","args":[{"element-6066-11e4-a52e-4f735466cecf":"f.5DB0E6D2BB4820C6A36F69CDDED9F1D7.d.FE72B38DD564F4A84402E9791C5B9C97.e.4456"},"setValue",["5/27/25"]]}
COMMAND: POST /session/9eab2abfb92109d83111f8a107828286/element - {"using":"xpath","value":"//button[@data-kt=\"ReceivingTableConfirmAllButton\"]"}
RESULT: {"using":"xpath","value":"//button[@data-kt=\"ReceivingTableConfirmAllButton\"]"}
COMMAND: POST /session/9eab2abfb92109d83111f8a107828286/element/f.5DB0E6D2BB4820C6A36F69CDDED9F1D7.d.FE72B38DD564F4A84402E9791C5B9C97.e.4471/click - {}
RESULT: {}
COMMAND: GET /session/9eab2abfb92109d83111f8a107828286/screenshot - {}
RESULT: {}
COMMAND: POST /session/9eab2abfb92109d83111f8a107828286/element - {"using":"xpath","value":"//bdi[contains(text(), \"OK\")]"}
RESULT: {"using":"xpath","value":"//bdi[contains(text(), \"OK\")]"}
COMMAND: POST /session/9eab2abfb92109d83111f8a107828286/element/f.5DB0E6D2BB4820C6A36F69CDDED9F1D7.d.FE72B38DD564F4A84402E9791C5B9C97.e.4473/click - {}
RESULT: {}
COMMAND: GET /session/9eab2abfb92109d83111f8a107828286/screenshot - {}
RESULT: {}
COMMAND: POST /session/9eab2abfb92109d83111f8a107828286/element - {"using":"xpath","value":"(//bdi[contains(text(), \"Receive\")])[2]"}
RESULT: {"using":"xpath","value":"(//bdi[contains(text(), \"Receive\")])[2]"}
COMMAND: POST /session/9eab2abfb92109d83111f8a107828286/element/f.5DB0E6D2BB4820C6A36F69CDDED9F1D7.d.FE72B38DD564F4A84402E9791C5B9C97.e.4475/click - {}
RESULT: {}
COMMAND: GET /session/9eab2abfb92109d83111f8a107828286/screenshot - {}
RESULT: {}
COMMAND: POST /session/9eab2abfb92109d83111f8a107828286/element - {"using":"css selector","value":"#shell-header-logo"}
RESULT: {"using":"css selector","value":"#shell-header-logo"}
COMMAND: POST /session/9eab2abfb92109d83111f8a107828286/element/f.5DB0E6D2BB4820C6A36F69CDDED9F1D7.d.FE72B38DD564F4A84402E9791C5B9C97.e.3847/click - {}
RESULT: {}
COMMAND: GET /session/9eab2abfb92109d83111f8a107828286/screenshot - {}
RESULT: {}
]]></system-out>
    </testcase>
    <testcase classname="chrome.136_0_7103_93.windows.Billing_confirm_US117289" name="Should create a new contract" time="78.327">
      <system-out><![CDATA[
COMMAND: POST /session/9eab2abfb92109d83111f8a107828286/execute/async - {"script":"<script> [1562 bytes]","args":[{"selector":{"controlType":"sap.m.GenericTile","properties":{"header":"Manage Contracts"}},"wdio_ui5_key":"sapm.GenericTile{\"header\":\"Manage Contracts\"}"}]}
RESULT: {"script":"<script> [1562 bytes]","args":[{"selector":{"controlType":"sap.m.GenericTile","properties":{"header":"Manage Contracts"}},"wdio_ui5_key":"sapm.GenericTile{\"header\":\"Manage Contracts\"}"}]}
RESULT: undefined
COMMAND: POST /session/9eab2abfb92109d83111f8a107828286/element - {"using":"xpath","value":"//*[@id=\"__tile132\"]"}
RESULT: {"using":"xpath","value":"//*[@id=\"__tile132\"]"}
COMMAND: POST /session/9eab2abfb92109d83111f8a107828286/element/f.5DB0E6D2BB4820C6A36F69CDDED9F1D7.d.FE72B38DD564F4A84402E9791C5B9C97.e.2594/click - {}
RESULT: {}
COMMAND: GET /session/9eab2abfb92109d83111f8a107828286/screenshot - {}
RESULT: {}
COMMAND: POST /session/9eab2abfb92109d83111f8a107828286/elements - {"using":"xpath","value":"//span[text()='Error']"}
RESULT: {"using":"xpath","value":"//span[text()='Error']"}
COMMAND: POST /session/9eab2abfb92109d83111f8a107828286/element - {"using":"xpath","value":"//button[@data-kt=\"addButton\"]"}
RESULT: {"using":"xpath","value":"//button[@data-kt=\"addButton\"]"}
COMMAND: POST /session/9eab2abfb92109d83111f8a107828286/elements - {"using":"xpath","value":"//button[@data-kt=\"addButton\"]"}
RESULT: {"using":"xpath","value":"//button[@data-kt=\"addButton\"]"}
COMMAND: POST /session/9eab2abfb92109d83111f8a107828286/execute/sync - {"script":"<script> [8489 bytes]","args":[{"element-6066-11e4-a52e-4f735466cecf":"f.5DB0E6D2BB4820C6A36F69CDDED9F1D7.d.FE72B38DD564F4A84402E9791C5B9C97.e.4690","ELEMENT":"f.5DB0E6D2BB4820C6A36F69CDDED9F1D7.d.FE72B38DD564F4A84402E9791C5B9C97.e.4690"}]}
RESULT: {"script":"<script> [8489 bytes]","args":[{"element-6066-11e4-a52e-4f735466cecf":"f.5DB0E6D2BB4820C6A36F69CDDED9F1D7.d.FE72B38DD564F4A84402E9791C5B9C97.e.4690","ELEMENT":"f.5DB0E6D2BB4820C6A36F69CDDED9F1D7.d.FE72B38DD564F4A84402E9791C5B9C97.e.4690"}]}
COMMAND: GET /session/9eab2abfb92109d83111f8a107828286/element/f.5DB0E6D2BB4820C6A36F69CDDED9F1D7.d.FE72B38DD564F4A84402E9791C5B9C97.e.4690/enabled - {}
COMMAND: GET /session/9eab2abfb92109d83111f8a107828286/screenshot - {}
RESULT: {}
COMMAND: POST /session/9eab2abfb92109d83111f8a107828286/execute/sync - {"script":"<script> [8489 bytes]","args":[{"element-6066-11e4-a52e-4f735466cecf":"f.5DB0E6D2BB4820C6A36F69CDDED9F1D7.d.FE72B38DD564F4A84402E9791C5B9C97.e.4690","ELEMENT":"f.5DB0E6D2BB4820C6A36F69CDDED9F1D7.d.FE72B38DD564F4A84402E9791C5B9C97.e.4690"}]}
COMMAND: GET /session/9eab2abfb92109d83111f8a107828286/screenshot - {}
RESULT: {}
RESULT: {"script":"<script> [8489 bytes]","args":[{"element-6066-11e4-a52e-4f735466cecf":"f.5DB0E6D2BB4820C6A36F69CDDED9F1D7.d.FE72B38DD564F4A84402E9791C5B9C97.e.4690","ELEMENT":"f.5DB0E6D2BB4820C6A36F69CDDED9F1D7.d.FE72B38DD564F4A84402E9791C5B9C97.e.4690"}]}
COMMAND: POST /session/9eab2abfb92109d83111f8a107828286/execute/sync - {"script":"<script> [5351 bytes]","args":[{"element-6066-11e4-a52e-4f735466cecf":"f.5DB0E6D2BB4820C6A36F69CDDED9F1D7.d.FE72B38DD564F4A84402E9791C5B9C97.e.4690","ELEMENT":"f.5DB0E6D2BB4820C6A36F69CDDED9F1D7.d.FE72B38DD564F4A84402E9791C5B9C97.e.4690"}]}
COMMAND: GET /session/9eab2abfb92109d83111f8a107828286/screenshot - {}
RESULT: {}
RESULT: {"script":"<script> [5351 bytes]","args":[{"element-6066-11e4-a52e-4f735466cecf":"f.5DB0E6D2BB4820C6A36F69CDDED9F1D7.d.FE72B38DD564F4A84402E9791C5B9C97.e.4690","ELEMENT":"f.5DB0E6D2BB4820C6A36F69CDDED9F1D7.d.FE72B38DD564F4A84402E9791C5B9C97.e.4690"}]}
COMMAND: GET /session/9eab2abfb92109d83111f8a107828286/screenshot - {}
RESULT: {}
RESULT: {}
COMMAND: POST /session/9eab2abfb92109d83111f8a107828286/element/f.5DB0E6D2BB4820C6A36F69CDDED9F1D7.d.FE72B38DD564F4A84402E9791C5B9C97.e.4690/click - {}
RESULT: {}
COMMAND: GET /session/9eab2abfb92109d83111f8a107828286/screenshot - {}
COMMAND: POST /session/9eab2abfb92109d83111f8a107828286/execute/async - {"script":"<script> [1562 bytes]","args":[{"selector":{"id":"application-managecontracts-display-component---AddNewContract--projectDescription","interaction":{"idSuffix":"inner"}},"wdio_ui5_key":"applicationmanagecontracts-display-component---AddNewContract--projectDescription"}]}
RESULT: {}
RESULT: {"script":"<script> [1562 bytes]","args":[{"selector":{"id":"application-managecontracts-display-component---AddNewContract--projectDescription","interaction":{"idSuffix":"inner"}},"wdio_ui5_key":"applicationmanagecontracts-display-component---AddNewContract--projectDescription"}]}
RESULT: undefined
COMMAND: POST /session/9eab2abfb92109d83111f8a107828286/execute/async - {"script":"<script> [776 bytes]","args":[{"enterText":"Contract WDIO","selector":{"id":"application-managecontracts-display-component---AddNewContract--projectDescription","interaction":{"idSuffix":"inner"}},"clearTextFirst":true,"interactionType":"ENTER_TEXT"}]}
RESULT: {"script":"<script> [776 bytes]","args":[{"enterText":"Contract WDIO","selector":{"id":"application-managecontracts-display-component---AddNewContract--projectDescription","interaction":{"idSuffix":"inner"}},"clearTextFirst":true,"interactionType":"ENTER_TEXT"}]}
COMMAND: POST /session/9eab2abfb92109d83111f8a107828286/element - {"using":"xpath","value":"//input[@id=\"application-managecontracts-display-component---AddNewContract--site-inner\"]"}
RESULT: {"using":"xpath","value":"//input[@id=\"application-managecontracts-display-component---AddNewContract--site-inner\"]"}
COMMAND: POST /session/9eab2abfb92109d83111f8a107828286/element/f.5DB0E6D2BB4820C6A36F69CDDED9F1D7.d.FE72B38DD564F4A84402E9791C5B9C97.e.4728/clear - {}
RESULT: {}
COMMAND: POST /session/9eab2abfb92109d83111f8a107828286/element/f.5DB0E6D2BB4820C6A36F69CDDED9F1D7.d.FE72B38DD564F4A84402E9791C5B9C97.e.4728/value - {"text":"2186"}
COMMAND: GET /session/9eab2abfb92109d83111f8a107828286/screenshot - {}
RESULT: {"text":"2186"}
COMMAND: GET /session/9eab2abfb92109d83111f8a107828286/screenshot - {}
RESULT: {}
RESULT: {}
COMMAND: POST /session/9eab2abfb92109d83111f8a107828286/element - {"using":"xpath","value":"//li[.//span[text()='2186']]"}
RESULT: {"using":"xpath","value":"//li[.//span[text()='2186']]"}
COMMAND: POST /session/9eab2abfb92109d83111f8a107828286/element/f.5DB0E6D2BB4820C6A36F69CDDED9F1D7.d.FE72B38DD564F4A84402E9791C5B9C97.e.4948/click - {}
RESULT: {}
COMMAND: GET /session/9eab2abfb92109d83111f8a107828286/screenshot - {}
RESULT: {}
COMMAND: POST /session/9eab2abfb92109d83111f8a107828286/element - {"using":"xpath","value":"//input[@id=\"application-managecontracts-display-component---AddNewContract--yardId-inner\"]"}
RESULT: {"using":"xpath","value":"//input[@id=\"application-managecontracts-display-component---AddNewContract--yardId-inner\"]"}
COMMAND: GET /session/9eab2abfb92109d83111f8a107828286/element/f.5DB0E6D2BB4820C6A36F69CDDED9F1D7.d.FE72B38DD564F4A84402E9791C5B9C97.e.4729/property/value - {}
RESULT: {}
COMMAND: POST /session/9eab2abfb92109d83111f8a107828286/element - {"using":"xpath","value":"//input[@id=\"application-managecontracts-display-component---AddNewContract--customerSelect-inner\"]"}
COMMAND: GET /session/9eab2abfb92109d83111f8a107828286/screenshot - {}
RESULT: {"using":"xpath","value":"//input[@id=\"application-managecontracts-display-component---AddNewContract--customerSelect-inner\"]"}
COMMAND: POST /session/9eab2abfb92109d83111f8a107828286/element/f.5DB0E6D2BB4820C6A36F69CDDED9F1D7.d.FE72B38DD564F4A84402E9791C5B9C97.e.4727/clear - {}
RESULT: {}
RESULT: {}
COMMAND: POST /session/9eab2abfb92109d83111f8a107828286/element/f.5DB0E6D2BB4820C6A36F69CDDED9F1D7.d.FE72B38DD564F4A84402E9791C5B9C97.e.4727/value - {"text":"1202"}
COMMAND: GET /session/9eab2abfb92109d83111f8a107828286/screenshot - {}
RESULT: {"text":"1202"}
COMMAND: GET /session/9eab2abfb92109d83111f8a107828286/screenshot - {}
RESULT: {}
RESULT: {}
COMMAND: POST /session/9eab2abfb92109d83111f8a107828286/element - {"using":"xpath","value":"//li[.//span[text()='1202']]"}
RESULT: {"using":"xpath","value":"//li[.//span[text()='1202']]"}
COMMAND: POST /session/9eab2abfb92109d83111f8a107828286/element/f.5DB0E6D2BB4820C6A36F69CDDED9F1D7.d.FE72B38DD564F4A84402E9791C5B9C97.e.4951/click - {}
RESULT: {}
COMMAND: GET /session/9eab2abfb92109d83111f8a107828286/screenshot - {}
RESULT: {}
COMMAND: POST /session/9eab2abfb92109d83111f8a107828286/element - {"using":"xpath","value":"//button[@data-kt=\"saveButton\"]"}
RESULT: {"using":"xpath","value":"//button[@data-kt=\"saveButton\"]"}
COMMAND: POST /session/9eab2abfb92109d83111f8a107828286/element/f.5DB0E6D2BB4820C6A36F69CDDED9F1D7.d.FE72B38DD564F4A84402E9791C5B9C97.e.4920/click - {}
RESULT: {}
COMMAND: GET /session/9eab2abfb92109d83111f8a107828286/screenshot - {}
RESULT: {}
COMMAND: POST /session/9eab2abfb92109d83111f8a107828286/element - {"using":"xpath","value":"//span[contains(@id ,\"contractDetailTitleNoExpanded\")]"}
RESULT: {"using":"xpath","value":"//span[contains(@id ,\"contractDetailTitleNoExpanded\")]"}
COMMAND: POST /session/9eab2abfb92109d83111f8a107828286/elements - {"using":"xpath","value":"//span[contains(@id ,\"contractDetailTitleNoExpanded\")]"}
RESULT: {"using":"xpath","value":"//span[contains(@id ,\"contractDetailTitleNoExpanded\")]"}
COMMAND: POST /session/9eab2abfb92109d83111f8a107828286/execute/sync - {"script":"<script> [56 bytes]","args":[{"element-6066-11e4-a52e-4f735466cecf":"f.5DB0E6D2BB4820C6A36F69CDDED9F1D7.d.FE72B38DD564F4A84402E9791C5B9C97.e.4962","ELEMENT":"f.5DB0E6D2BB4820C6A36F69CDDED9F1D7.d.FE72B38DD564F4A84402E9791C5B9C97.e.4962"}]}
RESULT: {"script":"<script> [56 bytes]","args":[{"element-6066-11e4-a52e-4f735466cecf":"f.5DB0E6D2BB4820C6A36F69CDDED9F1D7.d.FE72B38DD564F4A84402E9791C5B9C97.e.4962","ELEMENT":"f.5DB0E6D2BB4820C6A36F69CDDED9F1D7.d.FE72B38DD564F4A84402E9791C5B9C97.e.4962"}]}
COMMAND: GET /session/9eab2abfb92109d83111f8a107828286/screenshot - {}
RESULT: {}
]]></system-out>
    </testcase>
    <testcase classname="chrome.136_0_7103_93.windows.Billing_confirm_US117289" name="Should add created equipment to contract" time="46.851">
      <system-out><![CDATA[
COMMAND: POST /session/9eab2abfb92109d83111f8a107828286/element - {"using":"xpath","value":"//button[@data-kt=\"contractDetailEditBtnButton\"]"}
RESULT: {"using":"xpath","value":"//button[@data-kt=\"contractDetailEditBtnButton\"]"}
COMMAND: POST /session/9eab2abfb92109d83111f8a107828286/element/f.5DB0E6D2BB4820C6A36F69CDDED9F1D7.d.FE72B38DD564F4A84402E9791C5B9C97.e.4963/click - {}
RESULT: {}
COMMAND: GET /session/9eab2abfb92109d83111f8a107828286/screenshot - {}
RESULT: {}
COMMAND: POST /session/9eab2abfb92109d83111f8a107828286/element - {"using":"xpath","value":"(//span[contains(text(), \"Additional Addresses\")])[2]"}
RESULT: {"using":"xpath","value":"(//span[contains(text(), \"Additional Addresses\")])[2]"}
COMMAND: POST /session/9eab2abfb92109d83111f8a107828286/element/f.5DB0E6D2BB4820C6A36F69CDDED9F1D7.d.FE72B38DD564F4A84402E9791C5B9C97.e.5018/click - {}
RESULT: {}
COMMAND: GET /session/9eab2abfb92109d83111f8a107828286/screenshot - {}
RESULT: {}
COMMAND: POST /session/9eab2abfb92109d83111f8a107828286/element - {"using":"xpath","value":"//button[@data-kt=\"btnAddTableRowOverflowToolbarButton\"]"}
RESULT: {"using":"xpath","value":"//button[@data-kt=\"btnAddTableRowOverflowToolbarButton\"]"}
COMMAND: POST /session/9eab2abfb92109d83111f8a107828286/element/f.5DB0E6D2BB4820C6A36F69CDDED9F1D7.d.FE72B38DD564F4A84402E9791C5B9C97.e.5022/click - {}
RESULT: {}
COMMAND: GET /session/9eab2abfb92109d83111f8a107828286/screenshot - {}
RESULT: {}
COMMAND: POST /session/9eab2abfb92109d83111f8a107828286/element - {"using":"xpath","value":"//div[(text() = 'Standard Entry' or . = 'Standard Entry')]"}
RESULT: {"using":"xpath","value":"//div[(text() = 'Standard Entry' or . = 'Standard Entry')]"}
COMMAND: POST /session/9eab2abfb92109d83111f8a107828286/element/f.5DB0E6D2BB4820C6A36F69CDDED9F1D7.d.FE72B38DD564F4A84402E9791C5B9C97.e.5024/click - {}
RESULT: {}
COMMAND: GET /session/9eab2abfb92109d83111f8a107828286/screenshot - {}
RESULT: {}
COMMAND: POST /session/9eab2abfb92109d83111f8a107828286/element - {"using":"xpath","value":"//td[7]/div/div/input"}
RESULT: {"using":"xpath","value":"//td[7]/div/div/input"}
COMMAND: POST /session/9eab2abfb92109d83111f8a107828286/element/f.5DB0E6D2BB4820C6A36F69CDDED9F1D7.d.FE72B38DD564F4A84402E9791C5B9C97.e.5033/clear - {}
RESULT: {}
COMMAND: POST /session/9eab2abfb92109d83111f8a107828286/element/f.5DB0E6D2BB4820C6A36F69CDDED9F1D7.d.FE72B38DD564F4A84402E9791C5B9C97.e.5033/value - {"text":"ikZNg5rJov"}
COMMAND: GET /session/9eab2abfb92109d83111f8a107828286/screenshot - {}
RESULT: {"text":"ikZNg5rJov"}
COMMAND: GET /session/9eab2abfb92109d83111f8a107828286/screenshot - {}
RESULT: {}
RESULT: {}
COMMAND: POST /session/9eab2abfb92109d83111f8a107828286/actions - {"actions":[{"id":"action19","type":"key","parameters":{},"actions":[{"type":"keyDown","value":""},{"type":"pause","duration":10},{"type":"keyUp","value":""}]}]}
RESULT: {"actions":[{"id":"action19","type":"key","parameters":{},"actions":[{"type":"keyDown","value":""},{"type":"pause","duration":10},{"type":"keyUp","value":""}]}]}
COMMAND: GET /session/9eab2abfb92109d83111f8a107828286/screenshot - {}
RESULT: {}
COMMAND: POST /session/9eab2abfb92109d83111f8a107828286/execute/sync - {"script":"<script> [276 bytes]","args":["No pricing information was found"]}
RESULT: {"script":"<script> [276 bytes]","args":["No pricing information was found"]}
COMMAND: POST /session/9eab2abfb92109d83111f8a107828286/element - {"using":"xpath","value":"(//button[@data-kt=\"saveButton\"])[2]"}
COMMAND: GET /session/9eab2abfb92109d83111f8a107828286/screenshot - {}
RESULT: {"using":"xpath","value":"(//button[@data-kt=\"saveButton\"])[2]"}
COMMAND: POST /session/9eab2abfb92109d83111f8a107828286/element/f.5DB0E6D2BB4820C6A36F69CDDED9F1D7.d.FE72B38DD564F4A84402E9791C5B9C97.e.5048/click - {}
RESULT: {}
RESULT: {}
COMMAND: GET /session/9eab2abfb92109d83111f8a107828286/screenshot - {}
RESULT: {}
COMMAND: POST /session/9eab2abfb92109d83111f8a107828286/execute/sync - {"script":"<script> [276 bytes]","args":["Some contract items are having rental validity exceeding header rental validity"]}
RESULT: {"script":"<script> [276 bytes]","args":["Some contract items are having rental validity exceeding header rental validity"]}
COMMAND: GET /session/9eab2abfb92109d83111f8a107828286/screenshot - {}
RESULT: {}
COMMAND: POST /session/9eab2abfb92109d83111f8a107828286/element - {"using":"xpath","value":"//span[contains(@id ,\"contractItemsSmartTable-header-inner\")]"}
RESULT: {"using":"xpath","value":"//span[contains(@id ,\"contractItemsSmartTable-header-inner\")]"}
COMMAND: POST /session/9eab2abfb92109d83111f8a107828286/elements - {"using":"xpath","value":"//span[contains(@id ,\"contractItemsSmartTable-header-inner\")]"}
RESULT: {"using":"xpath","value":"//span[contains(@id ,\"contractItemsSmartTable-header-inner\")]"}
COMMAND: POST /session/9eab2abfb92109d83111f8a107828286/execute/sync - {"script":"<script> [56 bytes]","args":[{"element-6066-11e4-a52e-4f735466cecf":"f.5DB0E6D2BB4820C6A36F69CDDED9F1D7.d.FE72B38DD564F4A84402E9791C5B9C97.e.5054","ELEMENT":"f.5DB0E6D2BB4820C6A36F69CDDED9F1D7.d.FE72B38DD564F4A84402E9791C5B9C97.e.5054"}]}
RESULT: {"script":"<script> [56 bytes]","args":[{"element-6066-11e4-a52e-4f735466cecf":"f.5DB0E6D2BB4820C6A36F69CDDED9F1D7.d.FE72B38DD564F4A84402E9791C5B9C97.e.5054","ELEMENT":"f.5DB0E6D2BB4820C6A36F69CDDED9F1D7.d.FE72B38DD564F4A84402E9791C5B9C97.e.5054"}]}
COMMAND: GET /session/9eab2abfb92109d83111f8a107828286/screenshot - {}
]]></system-out>
    </testcase>
    <testcase classname="chrome.136_0_7103_93.windows.Billing_confirm_US117289" name="Should do a provide to site handover" time="65.325">
      <system-out><![CDATA[
COMMAND: POST /session/9eab2abfb92109d83111f8a107828286/element - {"using":"xpath","value":"//button[@data-kt=\"provideButton\"]"}
RESULT: {}
RESULT: {"using":"xpath","value":"//button[@data-kt=\"provideButton\"]"}
COMMAND: POST /session/9eab2abfb92109d83111f8a107828286/element/f.5DB0E6D2BB4820C6A36F69CDDED9F1D7.d.FE72B38DD564F4A84402E9791C5B9C97.e.5055/click - {}
RESULT: {}
COMMAND: GET /session/9eab2abfb92109d83111f8a107828286/screenshot - {}
RESULT: {}
RESULT: undefined
COMMAND: POST /session/9eab2abfb92109d83111f8a107828286/execute/async - {"script":"<script> [6424 bytes]","args":[{"element-6066-11e4-a52e-4f735466cecf":"f.5DB0E6D2BB4820C6A36F69CDDED9F1D7.d.FE72B38DD564F4A84402E9791C5B9C97.e.4240"},"setValue",["5/27/25"]]}
COMMAND: POST /session/9eab2abfb92109d83111f8a107828286/execute/async - {"script":"<script> [1562 bytes]","args":[{"selector":{"id":"application-managehandovers-display-component---AddNewHO--dueDate","interaction":{"idSuffix":"inner"}},"wdio_ui5_key":"applicationmanagehandovers-display-component---AddNewHO--dueDate"}]}
RESULT: {"script":"<script> [1562 bytes]","args":[{"selector":{"id":"application-managehandovers-display-component---AddNewHO--dueDate","interaction":{"idSuffix":"inner"}},"wdio_ui5_key":"applicationmanagehandovers-display-component---AddNewHO--dueDate"}]}
COMMAND: POST /session/9eab2abfb92109d83111f8a107828286/execute/async - {"script":"<script> [6424 bytes]","args":[{"element-6066-11e4-a52e-4f735466cecf":"f.5DB0E6D2BB4820C6A36F69CDDED9F1D7.d.FE72B38DD564F4A84402E9791C5B9C97.e.5112"},"setValue",["5/27/25"]]}
RESULT: {"script":"<script> [6424 bytes]","args":[{"element-6066-11e4-a52e-4f735466cecf":"f.5DB0E6D2BB4820C6A36F69CDDED9F1D7.d.FE72B38DD564F4A84402E9791C5B9C97.e.5112"},"setValue",["5/27/25"]]}
COMMAND: POST /session/9eab2abfb92109d83111f8a107828286/element - {"using":"xpath","value":"//bdi[contains(text(), \"Instructions\")]"}
RESULT: {"using":"xpath","value":"//bdi[contains(text(), \"Instructions\")]"}
COMMAND: POST /session/9eab2abfb92109d83111f8a107828286/element/f.5DB0E6D2BB4820C6A36F69CDDED9F1D7.d.FE72B38DD564F4A84402E9791C5B9C97.e.5225/click - {}
RESULT: {}
COMMAND: GET /session/9eab2abfb92109d83111f8a107828286/screenshot - {}
RESULT: {}
COMMAND: POST /session/9eab2abfb92109d83111f8a107828286/element - {"using":"xpath","value":"//button[@data-kt=\"AddNewHOProvideAddItemsButton\"]"}
RESULT: {"using":"xpath","value":"//button[@data-kt=\"AddNewHOProvideAddItemsButton\"]"}
COMMAND: POST /session/9eab2abfb92109d83111f8a107828286/element/f.5DB0E6D2BB4820C6A36F69CDDED9F1D7.d.FE72B38DD564F4A84402E9791C5B9C97.e.5229/click - {}
RESULT: {}
COMMAND: GET /session/9eab2abfb92109d83111f8a107828286/screenshot - {}
RESULT: {}
RESULT: undefined
COMMAND: POST /session/9eab2abfb92109d83111f8a107828286/element - {"using":"xpath","value":"//*[@id=\"application-managehandovers-display-component---AddNewHO--popup-sa\"]"}
RESULT: {"using":"xpath","value":"//*[@id=\"application-managehandovers-display-component---AddNewHO--popup-sa\"]"}
COMMAND: POST /session/9eab2abfb92109d83111f8a107828286/element/f.5DB0E6D2BB4820C6A36F69CDDED9F1D7.d.FE72B38DD564F4A84402E9791C5B9C97.e.5240/click - {}
RESULT: {}
COMMAND: GET /session/9eab2abfb92109d83111f8a107828286/screenshot - {}
RESULT: {}
COMMAND: POST /session/9eab2abfb92109d83111f8a107828286/element - {"using":"xpath","value":"//*[contains(@id ,\"BDI-content\")][contains(text(), \"Select\")]"}
RESULT: {"using":"xpath","value":"//*[contains(@id ,\"BDI-content\")][contains(text(), \"Select\")]"}
COMMAND: POST /session/9eab2abfb92109d83111f8a107828286/element/f.5DB0E6D2BB4820C6A36F69CDDED9F1D7.d.FE72B38DD564F4A84402E9791C5B9C97.e.5241/click - {}
RESULT: {}
COMMAND: GET /session/9eab2abfb92109d83111f8a107828286/screenshot - {}
RESULT: {}
COMMAND: POST /session/9eab2abfb92109d83111f8a107828286/execute/async - {"script":"<script> [1562 bytes]","args":[{"selector":{"id":"application-managehandovers-display-component---AddNewHO--confirmCreationButton","interaction":{"idSuffix":"BDI-content"}},"wdio_ui5_key":"applicationmanagehandovers-display-component---AddNewHO--confirmCreationButton"}]}
RESULT: {"script":"<script> [1562 bytes]","args":[{"selector":{"id":"application-managehandovers-display-component---AddNewHO--confirmCreationButton","interaction":{"idSuffix":"BDI-content"}},"wdio_ui5_key":"applicationmanagehandovers-display-component---AddNewHO--confirmCreationButton"}]}
RESULT: undefined
COMMAND: POST /session/9eab2abfb92109d83111f8a107828286/element - {"using":"xpath","value":"//*[@id=\"application-managehandovers-display-component---AddNewHO--confirmCreationButton\"]"}
RESULT: {"using":"xpath","value":"//*[@id=\"application-managehandovers-display-component---AddNewHO--confirmCreationButton\"]"}
COMMAND: POST /session/9eab2abfb92109d83111f8a107828286/element/f.5DB0E6D2BB4820C6A36F69CDDED9F1D7.d.FE72B38DD564F4A84402E9791C5B9C97.e.5184/click - {}
RESULT: {}
COMMAND: GET /session/9eab2abfb92109d83111f8a107828286/screenshot - {}
RESULT: {}
COMMAND: POST /session/9eab2abfb92109d83111f8a107828286/execute/async - {"script":"<script> [1562 bytes]","args":[{"selector":{"id":"issueDatePicker","viewName":"etm.portal.ui.managehandovers.view.DetailExecuteHO","interaction":{"idSuffix":"inner"}},"wdio_ui5_key":"issueDatePickeretmportal.ui.managehandovers.view.DetailExecuteHO"}]}
RESULT: {"script":"<script> [1562 bytes]","args":[{"selector":{"id":"issueDatePicker","viewName":"etm.portal.ui.managehandovers.view.DetailExecuteHO","interaction":{"idSuffix":"inner"}},"wdio_ui5_key":"issueDatePickeretmportal.ui.managehandovers.view.DetailExecuteHO"}]}
RESULT: undefined
COMMAND: POST /session/9eab2abfb92109d83111f8a107828286/execute/async - {"script":"<script> [776 bytes]","args":[{"enterText":"5/27/25","selector":{"id":"issueDatePicker","viewName":"etm.portal.ui.managehandovers.view.DetailExecuteHO","interaction":{"idSuffix":"inner"}},"clearTextFirst":true,"interactionType":"ENTER_TEXT"}]}
RESULT: {"script":"<script> [776 bytes]","args":[{"enterText":"5/27/25","selector":{"id":"issueDatePicker","viewName":"etm.portal.ui.managehandovers.view.DetailExecuteHO","interaction":{"idSuffix":"inner"}},"clearTextFirst":true,"interactionType":"ENTER_TEXT"}]}
COMMAND: POST /session/9eab2abfb92109d83111f8a107828286/element - {"using":"xpath","value":"//button[@data-kt=\"PickingTableConfirmAllButton\"]"}
RESULT: {"using":"xpath","value":"//button[@data-kt=\"PickingTableConfirmAllButton\"]"}
COMMAND: POST /session/9eab2abfb92109d83111f8a107828286/element/f.5DB0E6D2BB4820C6A36F69CDDED9F1D7.d.FE72B38DD564F4A84402E9791C5B9C97.e.5304/click - {}
RESULT: {}
COMMAND: GET /session/9eab2abfb92109d83111f8a107828286/screenshot - {}
RESULT: {}
COMMAND: POST /session/9eab2abfb92109d83111f8a107828286/element - {"using":"xpath","value":"//bdi[contains(text(), \"OK\")]"}
RESULT: {"using":"xpath","value":"//bdi[contains(text(), \"OK\")]"}
COMMAND: POST /session/9eab2abfb92109d83111f8a107828286/element/f.5DB0E6D2BB4820C6A36F69CDDED9F1D7.d.FE72B38DD564F4A84402E9791C5B9C97.e.5307/click - {}
RESULT: {}
COMMAND: GET /session/9eab2abfb92109d83111f8a107828286/screenshot - {}
RESULT: {}
COMMAND: POST /session/9eab2abfb92109d83111f8a107828286/element - {"using":"xpath","value":"//bdi[contains(text(), \"Issue\")]"}
RESULT: {"using":"xpath","value":"//bdi[contains(text(), \"Issue\")]"}
COMMAND: POST /session/9eab2abfb92109d83111f8a107828286/element/f.5DB0E6D2BB4820C6A36F69CDDED9F1D7.d.FE72B38DD564F4A84402E9791C5B9C97.e.5309/click - {}
RESULT: {}
COMMAND: GET /session/9eab2abfb92109d83111f8a107828286/screenshot - {}
COMMAND: POST /session/9eab2abfb92109d83111f8a107828286/element - {"using":"css selector","value":"#shell-header-logo"}
RESULT: {}
RESULT: {"using":"css selector","value":"#shell-header-logo"}
COMMAND: POST /session/9eab2abfb92109d83111f8a107828286/element/f.5DB0E6D2BB4820C6A36F69CDDED9F1D7.d.FE72B38DD564F4A84402E9791C5B9C97.e.4644/click - {}
RESULT: {}
COMMAND: GET /session/9eab2abfb92109d83111f8a107828286/screenshot - {}
RESULT: {}
]]></system-out>
    </testcase>
    <testcase classname="chrome.136_0_7103_93.windows.Billing_confirm_US117289" name="Should trigger calculation" time="81.666">
      <system-out><![CDATA[
COMMAND: POST /session/9eab2abfb92109d83111f8a107828286/execute/async - {"script":"<script> [1562 bytes]","args":[{"selector":{"controlType":"sap.m.GenericTile","properties":{"header":"Manage Billings"}},"wdio_ui5_key":"sapm.GenericTile{\"header\":\"Manage Billings\"}"}]}
RESULT: {"script":"<script> [1562 bytes]","args":[{"selector":{"controlType":"sap.m.GenericTile","properties":{"header":"Manage Billings"}},"wdio_ui5_key":"sapm.GenericTile{\"header\":\"Manage Billings\"}"}]}
RESULT: undefined
COMMAND: POST /session/9eab2abfb92109d83111f8a107828286/element - {"using":"xpath","value":"//*[@id=\"__tile91\"]"}
RESULT: {"using":"xpath","value":"//*[@id=\"__tile91\"]"}
COMMAND: POST /session/9eab2abfb92109d83111f8a107828286/element/f.5DB0E6D2BB4820C6A36F69CDDED9F1D7.d.FE72B38DD564F4A84402E9791C5B9C97.e.2635/click - {}
RESULT: {}
COMMAND: GET /session/9eab2abfb92109d83111f8a107828286/screenshot - {}
RESULT: {}
COMMAND: POST /session/9eab2abfb92109d83111f8a107828286/elements - {"using":"xpath","value":"//span[text()='Error']"}
RESULT: {"using":"xpath","value":"//span[text()='Error']"}
COMMAND: POST /session/9eab2abfb92109d83111f8a107828286/execute/async - {"script":"<script> [1562 bytes]","args":[{"selector":{"id":"application-managebillings-display-component---billRunCalcResult--smartFilterBar-btnBasicSearch","interaction":{"idSuffix":"I"}},"wdio_ui5_key":"applicationmanagebillings-display-component---billRunCalcResult--smartFilterBar-btnBasicSearch"}]}
RESULT: {"script":"<script> [1562 bytes]","args":[{"selector":{"id":"application-managebillings-display-component---billRunCalcResult--smartFilterBar-btnBasicSearch","interaction":{"idSuffix":"I"}},"wdio_ui5_key":"applicationmanagebillings-display-component---billRunCalcResult--smartFilterBar-btnBasicSearch"}]}
RESULT: undefined
COMMAND: POST /session/9eab2abfb92109d83111f8a107828286/execute/async - {"script":"<script> [776 bytes]","args":[{"enterText":"10316","selector":{"id":"application-managebillings-display-component---billRunCalcResult--smartFilterBar-btnBasicSearch","interaction":{"idSuffix":"I"}},"clearTextFirst":true,"interactionType":"ENTER_TEXT"}]}
RESULT: {"script":"<script> [776 bytes]","args":[{"enterText":"10316","selector":{"id":"application-managebillings-display-component---billRunCalcResult--smartFilterBar-btnBasicSearch","interaction":{"idSuffix":"I"}},"clearTextFirst":true,"interactionType":"ENTER_TEXT"}]}
COMMAND: POST /session/9eab2abfb92109d83111f8a107828286/actions - {"actions":[{"id":"action20","type":"key","parameters":{},"actions":[{"type":"keyDown","value":""},{"type":"pause","duration":10},{"type":"keyUp","value":""}]}]}
RESULT: {"actions":[{"id":"action20","type":"key","parameters":{},"actions":[{"type":"keyDown","value":""},{"type":"pause","duration":10},{"type":"keyUp","value":""}]}]}
COMMAND: GET /session/9eab2abfb92109d83111f8a107828286/screenshot - {}
COMMAND: POST /session/9eab2abfb92109d83111f8a107828286/element - {"using":"xpath","value":"//td[@aria-colindex=\"1\"]/div/div[contains(@class, \"sapMCbBg\")]"}
RESULT: {}
RESULT: {"using":"xpath","value":"//td[@aria-colindex=\"1\"]/div/div[contains(@class, \"sapMCbBg\")]"}
COMMAND: POST /session/9eab2abfb92109d83111f8a107828286/element/f.5DB0E6D2BB4820C6A36F69CDDED9F1D7.d.FE72B38DD564F4A84402E9791C5B9C97.e.5689/click - {}
RESULT: {}
COMMAND: GET /session/9eab2abfb92109d83111f8a107828286/screenshot - {}
RESULT: {}
COMMAND: POST /session/9eab2abfb92109d83111f8a107828286/execute/async - {"script":"<script> [1562 bytes]","args":[{"selector":{"id":"application-managebillings-display-component---billRunCalcResult--contractBillRunDate","interaction":{"idSuffix":"inner"}},"wdio_ui5_key":"applicationmanagebillings-display-component---billRunCalcResult--contractBillRunDate"}]}
RESULT: {"script":"<script> [1562 bytes]","args":[{"selector":{"id":"application-managebillings-display-component---billRunCalcResult--contractBillRunDate","interaction":{"idSuffix":"inner"}},"wdio_ui5_key":"applicationmanagebillings-display-component---billRunCalcResult--contractBillRunDate"}]}
RESULT: undefined
COMMAND: POST /session/9eab2abfb92109d83111f8a107828286/execute/async - {"script":"<script> [776 bytes]","args":[{"enterText":"6/27/25","selector":{"id":"application-managebillings-display-component---billRunCalcResult--contractBillRunDate","interaction":{"idSuffix":"inner"}},"clearTextFirst":true,"interactionType":"ENTER_TEXT"}]}
RESULT: {"script":"<script> [776 bytes]","args":[{"enterText":"6/27/25","selector":{"id":"application-managebillings-display-component---billRunCalcResult--contractBillRunDate","interaction":{"idSuffix":"inner"}},"clearTextFirst":true,"interactionType":"ENTER_TEXT"}]}
COMMAND: POST /session/9eab2abfb92109d83111f8a107828286/element - {"using":"xpath","value":"//bdi[contains(text(), \"Trigger Calculation\")]"}
RESULT: {"using":"xpath","value":"//bdi[contains(text(), \"Trigger Calculation\")]"}
COMMAND: POST /session/9eab2abfb92109d83111f8a107828286/element/f.5DB0E6D2BB4820C6A36F69CDDED9F1D7.d.FE72B38DD564F4A84402E9791C5B9C97.e.5739/click - {}
RESULT: {}
COMMAND: GET /session/9eab2abfb92109d83111f8a107828286/screenshot - {}
RESULT: {}
COMMAND: POST /session/9eab2abfb92109d83111f8a107828286/element - {"using":"xpath","value":"(//span[contains(@id, \"imgNav\")])[1]"}
RESULT: {"using":"xpath","value":"(//span[contains(@id, \"imgNav\")])[1]"}
COMMAND: POST /session/9eab2abfb92109d83111f8a107828286/element/f.5DB0E6D2BB4820C6A36F69CDDED9F1D7.d.FE72B38DD564F4A84402E9791C5B9C97.e.5690/click - {}
RESULT: {}
COMMAND: GET /session/9eab2abfb92109d83111f8a107828286/screenshot - {}
RESULT: {}
COMMAND: POST /session/9eab2abfb92109d83111f8a107828286/element - {"using":"xpath","value":"//tr/td[6]/div[1]/span[1]/span[1]"}
RESULT: {"using":"xpath","value":"//tr/td[6]/div[1]/span[1]/span[1]"}
COMMAND: GET /session/9eab2abfb92109d83111f8a107828286/element/f.5DB0E6D2BB4820C6A36F69CDDED9F1D7.d.FE72B38DD564F4A84402E9791C5B9C97.e.5744/text - {}
RESULT: {}
COMMAND: POST /session/9eab2abfb92109d83111f8a107828286/element - {"using":"xpath","value":"(//span[contains(@id, \"imgNav\")])[2]"}
RESULT: {"using":"xpath","value":"(//span[contains(@id, \"imgNav\")])[2]"}
COMMAND: POST /session/9eab2abfb92109d83111f8a107828286/element/f.5DB0E6D2BB4820C6A36F69CDDED9F1D7.d.FE72B38DD564F4A84402E9791C5B9C97.e.5745/click - {}
RESULT: {}
COMMAND: GET /session/9eab2abfb92109d83111f8a107828286/screenshot - {}
RESULT: {}
COMMAND: POST /session/9eab2abfb92109d83111f8a107828286/element - {"using":"xpath","value":"//bdi[contains(text(), \"Business Confirm\")]"}
RESULT: {"using":"xpath","value":"//bdi[contains(text(), \"Business Confirm\")]"}
COMMAND: POST /session/9eab2abfb92109d83111f8a107828286/element/f.5DB0E6D2BB4820C6A36F69CDDED9F1D7.d.FE72B38DD564F4A84402E9791C5B9C97.e.5818/click - {}
RESULT: {}
COMMAND: GET /session/9eab2abfb92109d83111f8a107828286/screenshot - {}
RESULT: {}
COMMAND: POST /session/9eab2abfb92109d83111f8a107828286/element - {"using":"xpath","value":"//bdi[contains(text(), \"Business Confirmed\")]"}
RESULT: {"using":"xpath","value":"//bdi[contains(text(), \"Business Confirmed\")]"}
COMMAND: POST /session/9eab2abfb92109d83111f8a107828286/execute/sync - {"script":"<script> [56 bytes]","args":[{"element-6066-11e4-a52e-4f735466cecf":"f.5DB0E6D2BB4820C6A36F69CDDED9F1D7.d.FE72B38DD564F4A84402E9791C5B9C97.e.5818","ELEMENT":"f.5DB0E6D2BB4820C6A36F69CDDED9F1D7.d.FE72B38DD564F4A84402E9791C5B9C97.e.5818"}]}
RESULT: {"script":"<script> [56 bytes]","args":[{"element-6066-11e4-a52e-4f735466cecf":"f.5DB0E6D2BB4820C6A36F69CDDED9F1D7.d.FE72B38DD564F4A84402E9791C5B9C97.e.5818","ELEMENT":"f.5DB0E6D2BB4820C6A36F69CDDED9F1D7.d.FE72B38DD564F4A84402E9791C5B9C97.e.5818"}]}
COMMAND: POST /session/9eab2abfb92109d83111f8a107828286/element - {"using":"css selector","value":"#shell-header-logo"}
COMMAND: GET /session/9eab2abfb92109d83111f8a107828286/screenshot - {}
RESULT: {"using":"css selector","value":"#shell-header-logo"}
COMMAND: POST /session/9eab2abfb92109d83111f8a107828286/element/f.5DB0E6D2BB4820C6A36F69CDDED9F1D7.d.FE72B38DD564F4A84402E9791C5B9C97.e.5483/click - {}
RESULT: {}
RESULT: {}
COMMAND: GET /session/9eab2abfb92109d83111f8a107828286/screenshot - {}
RESULT: {}
COMMAND: POST /session/9eab2abfb92109d83111f8a107828286/element - {"using":"css selector","value":"#j_username"}
COMMAND: POST /session/9eab2abfb92109d83111f8a107828286/url - {"url":"https://qa-testing-00-live-etm-ui.cfapps.eu10-004.hana.ondemand.com/"}
RESULT: {"using":"css selector","value":"#j_username"}
COMMAND: POST /session/9eab2abfb92109d83111f8a107828286/element - {"using":"css selector","value":"#j_username"}
RESULT: {"url":"https://qa-testing-00-live-etm-ui.cfapps.eu10-004.hana.ondemand.com/"}
RESULT: undefined
COMMAND: GET /session/9eab2abfb92109d83111f8a107828286/screenshot - {}
RESULT: {"using":"css selector","value":"#j_username"}
COMMAND: POST /session/9eab2abfb92109d83111f8a107828286/element - {"using":"css selector","value":"#shell-header-logo"}
RESULT: {}
RESULT: {"using":"css selector","value":"#shell-header-logo"}
COMMAND: POST /session/9eab2abfb92109d83111f8a107828286/execute/sync - {"script":"<script> [8489 bytes]","args":[{"element-6066-11e4-a52e-4f735466cecf":"f.5DB0E6D2BB4820C6A36F69CDDED9F1D7.d.7AB7B1C1C1468B812D5E3F4024EA45E7.e.5838","ELEMENT":"f.5DB0E6D2BB4820C6A36F69CDDED9F1D7.d.7AB7B1C1C1468B812D5E3F4024EA45E7.e.5838"}]}
RESULT: {"script":"<script> [8489 bytes]","args":[{"element-6066-11e4-a52e-4f735466cecf":"f.5DB0E6D2BB4820C6A36F69CDDED9F1D7.d.7AB7B1C1C1468B812D5E3F4024EA45E7.e.5838","ELEMENT":"f.5DB0E6D2BB4820C6A36F69CDDED9F1D7.d.7AB7B1C1C1468B812D5E3F4024EA45E7.e.5838"}]}
COMMAND: POST /session/9eab2abfb92109d83111f8a107828286/element - {"using":"css selector","value":"#shell-header-logo"}
COMMAND: GET /session/9eab2abfb92109d83111f8a107828286/screenshot - {}
RESULT: {"using":"css selector","value":"#shell-header-logo"}
COMMAND: POST /session/9eab2abfb92109d83111f8a107828286/execute/sync - {"script":"<script> [8489 bytes]","args":[{"element-6066-11e4-a52e-4f735466cecf":"f.5DB0E6D2BB4820C6A36F69CDDED9F1D7.d.7AB7B1C1C1468B812D5E3F4024EA45E7.e.5838","ELEMENT":"f.5DB0E6D2BB4820C6A36F69CDDED9F1D7.d.7AB7B1C1C1468B812D5E3F4024EA45E7.e.5838"}]}
RESULT: {}
RESULT: {"script":"<script> [8489 bytes]","args":[{"element-6066-11e4-a52e-4f735466cecf":"f.5DB0E6D2BB4820C6A36F69CDDED9F1D7.d.7AB7B1C1C1468B812D5E3F4024EA45E7.e.5838","ELEMENT":"f.5DB0E6D2BB4820C6A36F69CDDED9F1D7.d.7AB7B1C1C1468B812D5E3F4024EA45E7.e.5838"}]}
COMMAND: POST /session/9eab2abfb92109d83111f8a107828286/execute/sync - {"script":"<script> [5351 bytes]","args":[{"element-6066-11e4-a52e-4f735466cecf":"f.5DB0E6D2BB4820C6A36F69CDDED9F1D7.d.7AB7B1C1C1468B812D5E3F4024EA45E7.e.5838","ELEMENT":"f.5DB0E6D2BB4820C6A36F69CDDED9F1D7.d.7AB7B1C1C1468B812D5E3F4024EA45E7.e.5838"}]}
COMMAND: GET /session/9eab2abfb92109d83111f8a107828286/screenshot - {}
RESULT: {"script":"<script> [5351 bytes]","args":[{"element-6066-11e4-a52e-4f735466cecf":"f.5DB0E6D2BB4820C6A36F69CDDED9F1D7.d.7AB7B1C1C1468B812D5E3F4024EA45E7.e.5838","ELEMENT":"f.5DB0E6D2BB4820C6A36F69CDDED9F1D7.d.7AB7B1C1C1468B812D5E3F4024EA45E7.e.5838"}]}
COMMAND: POST /session/9eab2abfb92109d83111f8a107828286/element - {"using":"css selector","value":"#shell-header-logo"}
COMMAND: GET /session/9eab2abfb92109d83111f8a107828286/screenshot - {}
RESULT: {}
RESULT: {"using":"css selector","value":"#shell-header-logo"}
COMMAND: POST /session/9eab2abfb92109d83111f8a107828286/element/f.5DB0E6D2BB4820C6A36F69CDDED9F1D7.d.7AB7B1C1C1468B812D5E3F4024EA45E7.e.5838/click - {}
RESULT: {}
RESULT: {}
COMMAND: GET /session/9eab2abfb92109d83111f8a107828286/screenshot - {}
RESULT: {}
COMMAND: POST /session/9eab2abfb92109d83111f8a107828286/execute/async - {"script":"<script> [189 bytes]","args":[]}
RESULT: {"script":"<script> [189 bytes]","args":[]}
COMMAND: POST /session/9eab2abfb92109d83111f8a107828286/execute/async - {"script":"<script> [123 bytes]","args":[]}
RESULT: {"script":"<script> [123 bytes]","args":[]}
COMMAND: POST /session/9eab2abfb92109d83111f8a107828286/timeouts - {"script":"<number>"}
RESULT: {"script":"<number>"}
COMMAND: GET /session/9eab2abfb92109d83111f8a107828286/timeouts - {}
RESULT: {}
RESULT: undefined
COMMAND: POST /session/9eab2abfb92109d83111f8a107828286/execute/async - {"script":"<script> [2676 bytes]","args":[]}
RESULT: {"script":"<script> [2676 bytes]","args":[]}
COMMAND: POST /session/9eab2abfb92109d83111f8a107828286/execute/async - {"script":"<script> [2342 bytes]","args":[{"protocol":"http","hostname":"0.0.0.0","path":"/","capabilities":{"browserName":"chrome","goog:chromeOptions":{"binary":"C:\\Program Files\\Google\\Chrome\\Application\\chrome.exe","args":["--start-maximized"]}},"logLevel":"warn","connectionRetryTimeout":120000,"connectionRetryCount":3,"logLevels":{},"enableDirectConnect":true,"strictSSL":true,"_":"65 more keys: [\"cacheDir\",\"port\",\"requestedCapabilities\",\"automationProtocol\",\"baseUrl\",\"waitforInterval\",\"waitforTimeout\",\"onReload\",\"beforeCommand\",\"afterCommand\",\"rootDir\",\"specs\",\"suites\",\"exclude\",\"groupLogsByTestSpec\",\"excludeDriverLogs\",\"bail\",\"framework\",\"reporters\",\"services\",\"maxInstances\",\"maxInstancesPerCapability\",\"injectGlobals\",\"filesToWatch\",\"execArgv\",\"runnerEnv\",\"runner\",\"shard\",\"specFileRetries\",\"specFileRetriesDelay\",\"specFileRetriesDeferred\",\"reporterSyncInterval\",\"reporterSyncTimeout\",\"cucumberFeaturesWithLineNumbers\",\"autoCompileOpts\",\"mochaOpts\",\"jasmineOpts\",\"cucumberOpts\",\"onPrepare\",\"onWorkerStart\",\"onWorkerEnd\",\"before\",\"beforeSession\",\"beforeSuite\",\"beforeHook\",\"beforeTest\",\"afterTest\",\"afterHook\",\"afterSuite\",\"afterSession\",\"after\",\"onComplete\",\"beforeAssertion\",\"afterAssertion\",\"beforeFeature\",\"beforeScenario\",\"beforeStep\",\"afterStep\",\"afterScenario\",\"afterFeature\",\"_\",\"suite\",\"$0\",\"ignoredWorkerServices\",\"wdi5\"]"}]}
RESULT: {"script":"<script> [2342 bytes]","args":[{"protocol":"http","hostname":"0.0.0.0","path":"/","capabilities":{"browserName":"chrome","goog:chromeOptions":{"binary":"C:\\Program Files\\Google\\Chrome\\Application\\chrome.exe","args":["--start-maximized"]}},"logLevel":"warn","connectionRetryTimeout":120000,"connectionRetryCount":3,"logLevels":{},"enableDirectConnect":true,"strictSSL":true,"_":"65 more keys: [\"cacheDir\",\"port\",\"requestedCapabilities\",\"automationProtocol\",\"baseUrl\",\"waitforInterval\",\"waitforTimeout\",\"onReload\",\"beforeCommand\",\"afterCommand\",\"rootDir\",\"specs\",\"suites\",\"exclude\",\"groupLogsByTestSpec\",\"excludeDriverLogs\",\"bail\",\"framework\",\"reporters\",\"services\",\"maxInstances\",\"maxInstancesPerCapability\",\"injectGlobals\",\"filesToWatch\",\"execArgv\",\"runnerEnv\",\"runner\",\"shard\",\"specFileRetries\",\"specFileRetriesDelay\",\"specFileRetriesDeferred\",\"reporterSyncInterval\",\"reporterSyncTimeout\",\"cucumberFeaturesWithLineNumbers\",\"autoCompileOpts\",\"mochaOpts\",\"jasmineOpts\",\"cucumberOpts\",\"onPrepare\",\"onWorkerStart\",\"onWorkerEnd\",\"before\",\"beforeSession\",\"beforeSuite\",\"beforeHook\",\"beforeTest\",\"afterTest\",\"afterHook\",\"afterSuite\",\"afterSession\",\"after\",\"onComplete\",\"beforeAssertion\",\"afterAssertion\",\"beforeFeature\",\"beforeScenario\",\"beforeStep\",\"afterStep\",\"afterScenario\",\"afterFeature\",\"_\",\"suite\",\"$0\",\"ignoredWorkerServices\",\"wdi5\"]"}]}
COMMAND: POST /session/9eab2abfb92109d83111f8a107828286/execute/async - {"script":"<script> [21126 bytes]","args":[35000]}
RESULT: {"script":"<script> [21126 bytes]","args":[35000]}
COMMAND: POST /session/9eab2abfb92109d83111f8a107828286/window/maximize - {}
RESULT: {}
COMMAND: POST /session/9eab2abfb92109d83111f8a107828286/execute/async - {"script":"<script> [1562 bytes]","args":[{"selector":{"id":"shell-header","interaction":{"idSuffix":"icon"}},"wdio_ui5_key":"shellheader"}]}
COMMAND: GET /session/9eab2abfb92109d83111f8a107828286/screenshot - {}
RESULT: {"script":"<script> [1562 bytes]","args":[{"selector":{"id":"shell-header","interaction":{"idSuffix":"icon"}},"wdio_ui5_key":"shellheader"}]}
RESULT: undefined
COMMAND: POST /session/9eab2abfb92109d83111f8a107828286/refresh - {}
RESULT: {}
RESULT: {}
COMMAND: GET /session/9eab2abfb92109d83111f8a107828286/screenshot - {}
RESULT: {}
COMMAND: POST /session/9eab2abfb92109d83111f8a107828286/refresh - {}
RESULT: {}
COMMAND: GET /session/9eab2abfb92109d83111f8a107828286/screenshot - {}
RESULT: {}
COMMAND: POST /session/9eab2abfb92109d83111f8a107828286/window/fullscreen - {}
RESULT: {}
COMMAND: POST /session/9eab2abfb92109d83111f8a107828286/execute/async - {"script":"<script> [189 bytes]","args":[]}
RESULT: {"script":"<script> [189 bytes]","args":[]}
COMMAND: POST /session/9eab2abfb92109d83111f8a107828286/execute/async - {"script":"<script> [123 bytes]","args":[]}
RESULT: {"script":"<script> [123 bytes]","args":[]}
COMMAND: POST /session/9eab2abfb92109d83111f8a107828286/timeouts - {"script":"<number>"}
RESULT: {"script":"<number>"}
COMMAND: GET /session/9eab2abfb92109d83111f8a107828286/timeouts - {}
RESULT: {}
RESULT: undefined
COMMAND: POST /session/9eab2abfb92109d83111f8a107828286/execute/async - {"script":"<script> [2676 bytes]","args":[]}
RESULT: {"script":"<script> [2676 bytes]","args":[]}
COMMAND: POST /session/9eab2abfb92109d83111f8a107828286/execute/async - {"script":"<script> [2342 bytes]","args":[{"protocol":"http","hostname":"0.0.0.0","path":"/","capabilities":{"browserName":"chrome","goog:chromeOptions":{"binary":"C:\\Program Files\\Google\\Chrome\\Application\\chrome.exe","args":["--start-maximized"]}},"logLevel":"warn","connectionRetryTimeout":120000,"connectionRetryCount":3,"logLevels":{},"enableDirectConnect":true,"strictSSL":true,"_":"65 more keys: [\"cacheDir\",\"port\",\"requestedCapabilities\",\"automationProtocol\",\"baseUrl\",\"waitforInterval\",\"waitforTimeout\",\"onReload\",\"beforeCommand\",\"afterCommand\",\"rootDir\",\"specs\",\"suites\",\"exclude\",\"groupLogsByTestSpec\",\"excludeDriverLogs\",\"bail\",\"framework\",\"reporters\",\"services\",\"maxInstances\",\"maxInstancesPerCapability\",\"injectGlobals\",\"filesToWatch\",\"execArgv\",\"runnerEnv\",\"runner\",\"shard\",\"specFileRetries\",\"specFileRetriesDelay\",\"specFileRetriesDeferred\",\"reporterSyncInterval\",\"reporterSyncTimeout\",\"cucumberFeaturesWithLineNumbers\",\"autoCompileOpts\",\"mochaOpts\",\"jasmineOpts\",\"cucumberOpts\",\"onPrepare\",\"onWorkerStart\",\"onWorkerEnd\",\"before\",\"beforeSession\",\"beforeSuite\",\"beforeHook\",\"beforeTest\",\"afterTest\",\"afterHook\",\"afterSuite\",\"afterSession\",\"after\",\"onComplete\",\"beforeAssertion\",\"afterAssertion\",\"beforeFeature\",\"beforeScenario\",\"beforeStep\",\"afterStep\",\"afterScenario\",\"afterFeature\",\"_\",\"suite\",\"$0\",\"ignoredWorkerServices\",\"wdi5\"]"}]}
RESULT: {"script":"<script> [2342 bytes]","args":[{"protocol":"http","hostname":"0.0.0.0","path":"/","capabilities":{"browserName":"chrome","goog:chromeOptions":{"binary":"C:\\Program Files\\Google\\Chrome\\Application\\chrome.exe","args":["--start-maximized"]}},"logLevel":"warn","connectionRetryTimeout":120000,"connectionRetryCount":3,"logLevels":{},"enableDirectConnect":true,"strictSSL":true,"_":"65 more keys: [\"cacheDir\",\"port\",\"requestedCapabilities\",\"automationProtocol\",\"baseUrl\",\"waitforInterval\",\"waitforTimeout\",\"onReload\",\"beforeCommand\",\"afterCommand\",\"rootDir\",\"specs\",\"suites\",\"exclude\",\"groupLogsByTestSpec\",\"excludeDriverLogs\",\"bail\",\"framework\",\"reporters\",\"services\",\"maxInstances\",\"maxInstancesPerCapability\",\"injectGlobals\",\"filesToWatch\",\"execArgv\",\"runnerEnv\",\"runner\",\"shard\",\"specFileRetries\",\"specFileRetriesDelay\",\"specFileRetriesDeferred\",\"reporterSyncInterval\",\"reporterSyncTimeout\",\"cucumberFeaturesWithLineNumbers\",\"autoCompileOpts\",\"mochaOpts\",\"jasmineOpts\",\"cucumberOpts\",\"onPrepare\",\"onWorkerStart\",\"onWorkerEnd\",\"before\",\"beforeSession\",\"beforeSuite\",\"beforeHook\",\"beforeTest\",\"afterTest\",\"afterHook\",\"afterSuite\",\"afterSession\",\"after\",\"onComplete\",\"beforeAssertion\",\"afterAssertion\",\"beforeFeature\",\"beforeScenario\",\"beforeStep\",\"afterStep\",\"afterScenario\",\"afterFeature\",\"_\",\"suite\",\"$0\",\"ignoredWorkerServices\",\"wdi5\"]"}]}
COMMAND: POST /session/9eab2abfb92109d83111f8a107828286/execute/async - {"script":"<script> [21126 bytes]","args":[35000]}
RESULT: {"script":"<script> [21126 bytes]","args":[35000]}
]]></system-out>
    </testcase>
  </testsuite>
  <testsuite timestamp="2025-05-27T17:35:45" time="1479.15" tests="14" failures="0" errors="0" skipped="0">
    <properties>
      <property name="specId" value="0"/>
      <property name="suiteName" value="Create master data for mixed billing &amp; do billing calculation US151661"/>
      <property name="capabilities" value="chrome.136_0_7103_93.windows"/>
      <property name="file" value="file:///D:/a/1/s/test/specs/BTS/billing-calculation-mixed.spec.js"/>
    </properties>
    <testcase classname="chrome.136_0_7103_93.windows.Create_master_data_for_mixed_billing_&amp;_do_billing_calculation_US151661" name="Should create a new yard" time="128.67">
      <system-out><![CDATA[
COMMAND: POST /session/9eab2abfb92109d83111f8a107828286/window/fullscreen - {}
RESULT: {}
COMMAND: POST /session/9eab2abfb92109d83111f8a107828286/execute/async - {"script":"<script> [1562 bytes]","args":[{"selector":{"controlType":"sap.m.GenericTile","properties":{"header":"Manage Yards"}},"wdio_ui5_key":"sapm.GenericTile{\"header\":\"Manage Yards\"}"}]}
RESULT: {"script":"<script> [1562 bytes]","args":[{"selector":{"controlType":"sap.m.GenericTile","properties":{"header":"Manage Yards"}},"wdio_ui5_key":"sapm.GenericTile{\"header\":\"Manage Yards\"}"}]}
RESULT: undefined
COMMAND: POST /session/9eab2abfb92109d83111f8a107828286/element - {"using":"xpath","value":"//*[@id=\"__tile41\"]"}
RESULT: {"using":"xpath","value":"//*[@id=\"__tile41\"]"}
COMMAND: POST /session/9eab2abfb92109d83111f8a107828286/element/f.5DB0E6D2BB4820C6A36F69CDDED9F1D7.d.C7DDBA6F5A39ABB8C1444DF453E7AAAF.e.5986/click - {}
RESULT: {}
COMMAND: GET /session/9eab2abfb92109d83111f8a107828286/screenshot - {}
RESULT: {}
COMMAND: POST /session/9eab2abfb92109d83111f8a107828286/elements - {"using":"xpath","value":"//span[text()='Error']"}
RESULT: {"using":"xpath","value":"//span[text()='Error']"}
COMMAND: POST /session/9eab2abfb92109d83111f8a107828286/element - {"using":"xpath","value":"//button[@data-kt=\"addNewYardOverflowToolbarButton\"]"}
RESULT: {"using":"xpath","value":"//button[@data-kt=\"addNewYardOverflowToolbarButton\"]"}
COMMAND: POST /session/9eab2abfb92109d83111f8a107828286/elements - {"using":"xpath","value":"//button[@data-kt=\"addNewYardOverflowToolbarButton\"]"}
RESULT: {"using":"xpath","value":"//button[@data-kt=\"addNewYardOverflowToolbarButton\"]"}
COMMAND: POST /session/9eab2abfb92109d83111f8a107828286/elements - {"using":"xpath","value":"//button[@data-kt=\"addNewYardOverflowToolbarButton\"]"}
RESULT: {"using":"xpath","value":"//button[@data-kt=\"addNewYardOverflowToolbarButton\"]"}
COMMAND: POST /session/9eab2abfb92109d83111f8a107828286/element - {"using":"xpath","value":"//button[@data-kt=\"addNewYardOverflowToolbarButton\"]"}
RESULT: {"using":"xpath","value":"//button[@data-kt=\"addNewYardOverflowToolbarButton\"]"}
COMMAND: POST /session/9eab2abfb92109d83111f8a107828286/execute/sync - {"script":"<script> [8489 bytes]","args":[{"element-6066-11e4-a52e-4f735466cecf":"f.5DB0E6D2BB4820C6A36F69CDDED9F1D7.d.C7DDBA6F5A39ABB8C1444DF453E7AAAF.e.6123","ELEMENT":"f.5DB0E6D2BB4820C6A36F69CDDED9F1D7.d.C7DDBA6F5A39ABB8C1444DF453E7AAAF.e.6123"}]}
RESULT: {"script":"<script> [8489 bytes]","args":[{"element-6066-11e4-a52e-4f735466cecf":"f.5DB0E6D2BB4820C6A36F69CDDED9F1D7.d.C7DDBA6F5A39ABB8C1444DF453E7AAAF.e.6123","ELEMENT":"f.5DB0E6D2BB4820C6A36F69CDDED9F1D7.d.C7DDBA6F5A39ABB8C1444DF453E7AAAF.e.6123"}]}
COMMAND: GET /session/9eab2abfb92109d83111f8a107828286/element/f.5DB0E6D2BB4820C6A36F69CDDED9F1D7.d.C7DDBA6F5A39ABB8C1444DF453E7AAAF.e.6123/enabled - {}
COMMAND: GET /session/9eab2abfb92109d83111f8a107828286/screenshot - {}
RESULT: {}
COMMAND: POST /session/9eab2abfb92109d83111f8a107828286/execute/sync - {"script":"<script> [8489 bytes]","args":[{"element-6066-11e4-a52e-4f735466cecf":"f.5DB0E6D2BB4820C6A36F69CDDED9F1D7.d.C7DDBA6F5A39ABB8C1444DF453E7AAAF.e.6123","ELEMENT":"f.5DB0E6D2BB4820C6A36F69CDDED9F1D7.d.C7DDBA6F5A39ABB8C1444DF453E7AAAF.e.6123"}]}
COMMAND: GET /session/9eab2abfb92109d83111f8a107828286/screenshot - {}
RESULT: {}
RESULT: {"script":"<script> [8489 bytes]","args":[{"element-6066-11e4-a52e-4f735466cecf":"f.5DB0E6D2BB4820C6A36F69CDDED9F1D7.d.C7DDBA6F5A39ABB8C1444DF453E7AAAF.e.6123","ELEMENT":"f.5DB0E6D2BB4820C6A36F69CDDED9F1D7.d.C7DDBA6F5A39ABB8C1444DF453E7AAAF.e.6123"}]}
COMMAND: POST /session/9eab2abfb92109d83111f8a107828286/execute/sync - {"script":"<script> [5351 bytes]","args":[{"element-6066-11e4-a52e-4f735466cecf":"f.5DB0E6D2BB4820C6A36F69CDDED9F1D7.d.C7DDBA6F5A39ABB8C1444DF453E7AAAF.e.6123","ELEMENT":"f.5DB0E6D2BB4820C6A36F69CDDED9F1D7.d.C7DDBA6F5A39ABB8C1444DF453E7AAAF.e.6123"}]}
RESULT: {}
COMMAND: GET /session/9eab2abfb92109d83111f8a107828286/screenshot - {}
RESULT: {"script":"<script> [5351 bytes]","args":[{"element-6066-11e4-a52e-4f735466cecf":"f.5DB0E6D2BB4820C6A36F69CDDED9F1D7.d.C7DDBA6F5A39ABB8C1444DF453E7AAAF.e.6123","ELEMENT":"f.5DB0E6D2BB4820C6A36F69CDDED9F1D7.d.C7DDBA6F5A39ABB8C1444DF453E7AAAF.e.6123"}]}
COMMAND: POST /session/9eab2abfb92109d83111f8a107828286/element/f.5DB0E6D2BB4820C6A36F69CDDED9F1D7.d.C7DDBA6F5A39ABB8C1444DF453E7AAAF.e.6123/click - {}
COMMAND: GET /session/9eab2abfb92109d83111f8a107828286/screenshot - {}
RESULT: {}
RESULT: {}
COMMAND: GET /session/9eab2abfb92109d83111f8a107828286/screenshot - {}
RESULT: {}
RESULT: {}
COMMAND: POST /session/9eab2abfb92109d83111f8a107828286/element - {"using":"xpath","value":"//input[@id=\"application-manageyards-display-component---NewYard--yardId-inner\"]"}
RESULT: {"using":"xpath","value":"//input[@id=\"application-manageyards-display-component---NewYard--yardId-inner\"]"}
COMMAND: POST /session/9eab2abfb92109d83111f8a107828286/element - {"using":"xpath","value":"//input[@id=\"application-manageyards-display-component---NewYard--yardId-inner\"]"}
RESULT: {"using":"xpath","value":"//input[@id=\"application-manageyards-display-component---NewYard--yardId-inner\"]"}
COMMAND: POST /session/9eab2abfb92109d83111f8a107828286/execute/async - {"script":"<script> [1562 bytes]","args":[{"selector":{"id":"application-manageyards-display-component---NewYard--addressDetailDetailsName1","interaction":{"idSuffix":"inner"}},"wdio_ui5_key":"applicationmanageyards-display-component---NewYard--addressDetailDetailsName1"}]}
RESULT: {"script":"<script> [1562 bytes]","args":[{"selector":{"id":"application-manageyards-display-component---NewYard--addressDetailDetailsName1","interaction":{"idSuffix":"inner"}},"wdio_ui5_key":"applicationmanageyards-display-component---NewYard--addressDetailDetailsName1"}]}
RESULT: undefined
COMMAND: POST /session/9eab2abfb92109d83111f8a107828286/execute/async - {"script":"<script> [776 bytes]","args":[{"enterText":"Intercompany Yard wdIO","selector":{"id":"application-manageyards-display-component---NewYard--addressDetailDetailsName1","interaction":{"idSuffix":"inner"}},"clearTextFirst":true,"interactionType":"ENTER_TEXT"}]}
RESULT: {"script":"<script> [776 bytes]","args":[{"enterText":"Intercompany Yard wdIO","selector":{"id":"application-manageyards-display-component---NewYard--addressDetailDetailsName1","interaction":{"idSuffix":"inner"}},"clearTextFirst":true,"interactionType":"ENTER_TEXT"}]}
COMMAND: POST /session/9eab2abfb92109d83111f8a107828286/execute/async - {"script":"<script> [1562 bytes]","args":[{"selector":{"id":"application-manageyards-display-component---NewYard--addressDetailDetailsLanguage-arrow"},"wdio_ui5_key":"applicationmanageyards-display-component---NewYard--addressDetailDetailsLanguage-arrow"}]}
RESULT: {"script":"<script> [1562 bytes]","args":[{"selector":{"id":"application-manageyards-display-component---NewYard--addressDetailDetailsLanguage-arrow"},"wdio_ui5_key":"applicationmanageyards-display-component---NewYard--addressDetailDetailsLanguage-arrow"}]}
RESULT: undefined
COMMAND: POST /session/9eab2abfb92109d83111f8a107828286/element - {"using":"xpath","value":"//*[@id=\"application-manageyards-display-component---NewYard--addressDetailDetailsLanguage-arrow\"]"}
RESULT: {"using":"xpath","value":"//*[@id=\"application-manageyards-display-component---NewYard--addressDetailDetailsLanguage-arrow\"]"}
COMMAND: POST /session/9eab2abfb92109d83111f8a107828286/element/f.5DB0E6D2BB4820C6A36F69CDDED9F1D7.d.C7DDBA6F5A39ABB8C1444DF453E7AAAF.e.6553/click - {}
RESULT: {}
COMMAND: POST /session/9eab2abfb92109d83111f8a107828286/element - {"using":"xpath","value":"//span[contains(text(), \"English\")]"}
COMMAND: GET /session/9eab2abfb92109d83111f8a107828286/screenshot - {}
RESULT: {"using":"xpath","value":"//span[contains(text(), \"English\")]"}
COMMAND: POST /session/9eab2abfb92109d83111f8a107828286/element/f.5DB0E6D2BB4820C6A36F69CDDED9F1D7.d.C7DDBA6F5A39ABB8C1444DF453E7AAAF.e.6554/click - {}
RESULT: {}
RESULT: {}
COMMAND: POST /session/9eab2abfb92109d83111f8a107828286/execute/async - {"script":"<script> [1562 bytes]","args":[{"selector":{"id":"application-manageyards-display-component---NewYard--addressDetailDetailsCity1","interaction":{"idSuffix":"inner"}},"wdio_ui5_key":"applicationmanageyards-display-component---NewYard--addressDetailDetailsCity1"}]}
COMMAND: GET /session/9eab2abfb92109d83111f8a107828286/screenshot - {}
RESULT: {"script":"<script> [1562 bytes]","args":[{"selector":{"id":"application-manageyards-display-component---NewYard--addressDetailDetailsCity1","interaction":{"idSuffix":"inner"}},"wdio_ui5_key":"applicationmanageyards-display-component---NewYard--addressDetailDetailsCity1"}]}
RESULT: undefined
COMMAND: POST /session/9eab2abfb92109d83111f8a107828286/execute/async - {"script":"<script> [776 bytes]","args":[{"enterText":"Rosario","selector":{"id":"application-manageyards-display-component---NewYard--addressDetailDetailsCity1","interaction":{"idSuffix":"inner"}},"clearTextFirst":true,"interactionType":"ENTER_TEXT"}]}
RESULT: {}
RESULT: {"script":"<script> [776 bytes]","args":[{"enterText":"Rosario","selector":{"id":"application-manageyards-display-component---NewYard--addressDetailDetailsCity1","interaction":{"idSuffix":"inner"}},"clearTextFirst":true,"interactionType":"ENTER_TEXT"}]}
COMMAND: POST /session/9eab2abfb92109d83111f8a107828286/execute/async - {"script":"<script> [1562 bytes]","args":[{"selector":{"id":"application-manageyards-display-component---NewYard--addressDetailDetailsCountry-arrow"},"wdio_ui5_key":"applicationmanageyards-display-component---NewYard--addressDetailDetailsCountry-arrow"}]}
RESULT: {"script":"<script> [1562 bytes]","args":[{"selector":{"id":"application-manageyards-display-component---NewYard--addressDetailDetailsCountry-arrow"},"wdio_ui5_key":"applicationmanageyards-display-component---NewYard--addressDetailDetailsCountry-arrow"}]}
RESULT: undefined
COMMAND: POST /session/9eab2abfb92109d83111f8a107828286/element - {"using":"xpath","value":"//*[@id=\"application-manageyards-display-component---NewYard--addressDetailDetailsCountry-arrow\"]"}
RESULT: {"using":"xpath","value":"//*[@id=\"application-manageyards-display-component---NewYard--addressDetailDetailsCountry-arrow\"]"}
COMMAND: POST /session/9eab2abfb92109d83111f8a107828286/element/f.5DB0E6D2BB4820C6A36F69CDDED9F1D7.d.C7DDBA6F5A39ABB8C1444DF453E7AAAF.e.6556/click - {}
RESULT: {}
COMMAND: POST /session/9eab2abfb92109d83111f8a107828286/element - {"using":"xpath","value":"//span[contains(text(), \"Argentina\")]"}
COMMAND: GET /session/9eab2abfb92109d83111f8a107828286/screenshot - {}
RESULT: {"using":"xpath","value":"//span[contains(text(), \"Argentina\")]"}
COMMAND: POST /session/9eab2abfb92109d83111f8a107828286/element/f.5DB0E6D2BB4820C6A36F69CDDED9F1D7.d.C7DDBA6F5A39ABB8C1444DF453E7AAAF.e.6557/click - {}
RESULT: {}
RESULT: {}
COMMAND: POST /session/9eab2abfb92109d83111f8a107828286/execute/async - {"script":"<script> [1562 bytes]","args":[{"selector":{"id":"application-manageyards-display-component---NewYard--addressEditDetailsCostObjectCstType-arrow"},"wdio_ui5_key":"applicationmanageyards-display-component---NewYard--addressEditDetailsCostObjectCstType-arrow"}]}
COMMAND: GET /session/9eab2abfb92109d83111f8a107828286/screenshot - {}
RESULT: {"script":"<script> [1562 bytes]","args":[{"selector":{"id":"application-manageyards-display-component---NewYard--addressEditDetailsCostObjectCstType-arrow"},"wdio_ui5_key":"applicationmanageyards-display-component---NewYard--addressEditDetailsCostObjectCstType-arrow"}]}
RESULT: undefined
COMMAND: POST /session/9eab2abfb92109d83111f8a107828286/element - {"using":"xpath","value":"//*[@id=\"application-manageyards-display-component---NewYard--addressEditDetailsCostObjectCstType-arrow\"]"}
RESULT: {}
RESULT: {"using":"xpath","value":"//*[@id=\"application-manageyards-display-component---NewYard--addressEditDetailsCostObjectCstType-arrow\"]"}
COMMAND: POST /session/9eab2abfb92109d83111f8a107828286/element/f.5DB0E6D2BB4820C6A36F69CDDED9F1D7.d.C7DDBA6F5A39ABB8C1444DF453E7AAAF.e.6559/click - {}
RESULT: {}
COMMAND: POST /session/9eab2abfb92109d83111f8a107828286/element - {"using":"xpath","value":"//span[contains(text(), \"Cost Center\")]"}
COMMAND: GET /session/9eab2abfb92109d83111f8a107828286/screenshot - {}
RESULT: {"using":"xpath","value":"//span[contains(text(), \"Cost Center\")]"}
COMMAND: POST /session/9eab2abfb92109d83111f8a107828286/element/f.5DB0E6D2BB4820C6A36F69CDDED9F1D7.d.C7DDBA6F5A39ABB8C1444DF453E7AAAF.e.6560/click - {}
RESULT: {}
RESULT: {}
COMMAND: GET /session/9eab2abfb92109d83111f8a107828286/screenshot - {}
RESULT: {}
COMMAND: POST /session/9eab2abfb92109d83111f8a107828286/element - {"using":"xpath","value":"//span[@id=\"application-manageyards-display-component---NewYard--addressNewCostObjectCstID-vhi\"]"}
RESULT: {"using":"xpath","value":"//span[@id=\"application-manageyards-display-component---NewYard--addressNewCostObjectCstID-vhi\"]"}
COMMAND: POST /session/9eab2abfb92109d83111f8a107828286/execute/sync - {"script":"<script> [8489 bytes]","args":[{"element-6066-11e4-a52e-4f735466cecf":"f.5DB0E6D2BB4820C6A36F69CDDED9F1D7.d.C7DDBA6F5A39ABB8C1444DF453E7AAAF.e.6564","ELEMENT":"f.5DB0E6D2BB4820C6A36F69CDDED9F1D7.d.C7DDBA6F5A39ABB8C1444DF453E7AAAF.e.6564"}]}
RESULT: {"script":"<script> [8489 bytes]","args":[{"element-6066-11e4-a52e-4f735466cecf":"f.5DB0E6D2BB4820C6A36F69CDDED9F1D7.d.C7DDBA6F5A39ABB8C1444DF453E7AAAF.e.6564","ELEMENT":"f.5DB0E6D2BB4820C6A36F69CDDED9F1D7.d.C7DDBA6F5A39ABB8C1444DF453E7AAAF.e.6564"}]}
COMMAND: POST /session/9eab2abfb92109d83111f8a107828286/execute/async - {"script":"<script> [1562 bytes]","args":[{"selector":{"id":"application-manageyards-display-component---NewYard--addressNewCostObjectCstID-vhi"},"wdio_ui5_key":"applicationmanageyards-display-component---NewYard--addressNewCostObjectCstID-vhi"}]}
COMMAND: GET /session/9eab2abfb92109d83111f8a107828286/screenshot - {}
RESULT: {"script":"<script> [1562 bytes]","args":[{"selector":{"id":"application-manageyards-display-component---NewYard--addressNewCostObjectCstID-vhi"},"wdio_ui5_key":"applicationmanageyards-display-component---NewYard--addressNewCostObjectCstID-vhi"}]}
RESULT: undefined
COMMAND: POST /session/9eab2abfb92109d83111f8a107828286/element - {"using":"xpath","value":"//*[@id=\"application-manageyards-display-component---NewYard--addressNewCostObjectCstID-vhi\"]"}
RESULT: {}
RESULT: {"using":"xpath","value":"//*[@id=\"application-manageyards-display-component---NewYard--addressNewCostObjectCstID-vhi\"]"}
COMMAND: POST /session/9eab2abfb92109d83111f8a107828286/element/f.5DB0E6D2BB4820C6A36F69CDDED9F1D7.d.C7DDBA6F5A39ABB8C1444DF453E7AAAF.e.6564/click - {}
RESULT: {}
COMMAND: GET /session/9eab2abfb92109d83111f8a107828286/screenshot - {}
RESULT: {}
COMMAND: POST /session/9eab2abfb92109d83111f8a107828286/execute/async - {"script":"<script> [1562 bytes]","args":[{"selector":{"controlType":"sap.m.SearchField","properties":{"placeholder":"Search"},"searchOpenDialogs":true,"interaction":{"idSuffix":"I"}},"wdio_ui5_key":"sapm.SearchField{\"placeholder\":\"Search\"}"}]}
RESULT: {"script":"<script> [1562 bytes]","args":[{"selector":{"controlType":"sap.m.SearchField","properties":{"placeholder":"Search"},"searchOpenDialogs":true,"interaction":{"idSuffix":"I"}},"wdio_ui5_key":"sapm.SearchField{\"placeholder\":\"Search\"}"}]}
RESULT: undefined
COMMAND: POST /session/9eab2abfb92109d83111f8a107828286/execute/async - {"script":"<script> [776 bytes]","args":[{"enterText":"bauh_b","selector":{"controlType":"sap.m.SearchField","properties":{"placeholder":"Search"},"searchOpenDialogs":true,"interaction":{"idSuffix":"I"}},"clearTextFirst":true,"interactionType":"ENTER_TEXT"}]}
RESULT: {"script":"<script> [776 bytes]","args":[{"enterText":"bauh_b","selector":{"controlType":"sap.m.SearchField","properties":{"placeholder":"Search"},"searchOpenDialogs":true,"interaction":{"idSuffix":"I"}},"clearTextFirst":true,"interactionType":"ENTER_TEXT"}]}
COMMAND: POST /session/9eab2abfb92109d83111f8a107828286/actions - {"actions":[{"id":"action21","type":"key","parameters":{},"actions":[{"type":"keyDown","value":""},{"type":"pause","duration":10},{"type":"keyUp","value":""}]}]}
RESULT: {"actions":[{"id":"action21","type":"key","parameters":{},"actions":[{"type":"keyDown","value":""},{"type":"pause","duration":10},{"type":"keyUp","value":""}]}]}
COMMAND: GET /session/9eab2abfb92109d83111f8a107828286/screenshot - {}
RESULT: {}
COMMAND: POST /session/9eab2abfb92109d83111f8a107828286/element - {"using":"xpath","value":"//span[contains(text(), \"Demo Yard\")]"}
RESULT: {"using":"xpath","value":"//span[contains(text(), \"Demo Yard\")]"}
COMMAND: POST /session/9eab2abfb92109d83111f8a107828286/element/f.5DB0E6D2BB4820C6A36F69CDDED9F1D7.d.C7DDBA6F5A39ABB8C1444DF453E7AAAF.e.6606/click - {}
RESULT: {}
COMMAND: GET /session/9eab2abfb92109d83111f8a107828286/screenshot - {}
RESULT: {}
COMMAND: POST /session/9eab2abfb92109d83111f8a107828286/element - {"using":"xpath","value":"//bdi[contains(text(), \"OK\")]"}
RESULT: {"using":"xpath","value":"//bdi[contains(text(), \"OK\")]"}
COMMAND: POST /session/9eab2abfb92109d83111f8a107828286/element/f.5DB0E6D2BB4820C6A36F69CDDED9F1D7.d.C7DDBA6F5A39ABB8C1444DF453E7AAAF.e.6607/click - {}
RESULT: {}
COMMAND: GET /session/9eab2abfb92109d83111f8a107828286/screenshot - {}
RESULT: {}
COMMAND: POST /session/9eab2abfb92109d83111f8a107828286/execute/async - {"script":"<script> [1562 bytes]","args":[{"selector":{"id":"application-manageyards-display-component---NewYard--addressEditDetailsCurrency-arrow"},"wdio_ui5_key":"applicationmanageyards-display-component---NewYard--addressEditDetailsCurrency-arrow"}]}
RESULT: {"script":"<script> [1562 bytes]","args":[{"selector":{"id":"application-manageyards-display-component---NewYard--addressEditDetailsCurrency-arrow"},"wdio_ui5_key":"applicationmanageyards-display-component---NewYard--addressEditDetailsCurrency-arrow"}]}
RESULT: undefined
COMMAND: POST /session/9eab2abfb92109d83111f8a107828286/element - {"using":"xpath","value":"//*[@id=\"application-manageyards-display-component---NewYard--addressEditDetailsCurrency-arrow\"]"}
RESULT: {"using":"xpath","value":"//*[@id=\"application-manageyards-display-component---NewYard--addressEditDetailsCurrency-arrow\"]"}
COMMAND: POST /session/9eab2abfb92109d83111f8a107828286/element/f.5DB0E6D2BB4820C6A36F69CDDED9F1D7.d.C7DDBA6F5A39ABB8C1444DF453E7AAAF.e.6610/click - {}
RESULT: {}
COMMAND: POST /session/9eab2abfb92109d83111f8a107828286/element - {"using":"xpath","value":"//span[contains(text(), \"Euro\")]"}
COMMAND: GET /session/9eab2abfb92109d83111f8a107828286/screenshot - {}
RESULT: {"using":"xpath","value":"//span[contains(text(), \"Euro\")]"}
COMMAND: POST /session/9eab2abfb92109d83111f8a107828286/element/f.5DB0E6D2BB4820C6A36F69CDDED9F1D7.d.C7DDBA6F5A39ABB8C1444DF453E7AAAF.e.6611/click - {}
RESULT: {}
RESULT: {}
COMMAND: POST /session/9eab2abfb92109d83111f8a107828286/execute/async - {"script":"<script> [1562 bytes]","args":[{"selector":{"controlType":"sap.m.Input","viewName":"etm.portal.ui.manageyards.view.New","viewId":"application-manageyards-display-component---NewYard","bindingPath":{"path":"","propertyPath":"/CONTROLLING_AREA","modelName":"NewYardModel"},"interaction":{"idSuffix":"inner"}},"wdio_ui5_key":"etmportal.ui.manageyards.view.Newsap.m.Input{\"path\":\"\",\"propertyPath\":\"/CONTROLLING_AREA\",\"modelName\":\"NewYardModel\"}"}]}
COMMAND: GET /session/9eab2abfb92109d83111f8a107828286/screenshot - {}
RESULT: {"script":"<script> [1562 bytes]","args":[{"selector":{"controlType":"sap.m.Input","viewName":"etm.portal.ui.manageyards.view.New","viewId":"application-manageyards-display-component---NewYard","bindingPath":{"path":"","propertyPath":"/CONTROLLING_AREA","modelName":"NewYardModel"},"interaction":{"idSuffix":"inner"}},"wdio_ui5_key":"etmportal.ui.manageyards.view.Newsap.m.Input{\"path\":\"\",\"propertyPath\":\"/CONTROLLING_AREA\",\"modelName\":\"NewYardModel\"}"}]}
RESULT: undefined
COMMAND: POST /session/9eab2abfb92109d83111f8a107828286/execute/async - {"script":"<script> [776 bytes]","args":[{"enterText":"Z001","selector":{"controlType":"sap.m.Input","viewName":"etm.portal.ui.manageyards.view.New","viewId":"application-manageyards-display-component---NewYard","bindingPath":{"path":"","propertyPath":"/CONTROLLING_AREA","modelName":"NewYardModel"},"interaction":{"idSuffix":"inner"}},"clearTextFirst":true,"interactionType":"ENTER_TEXT"}]}
RESULT: {}
RESULT: {"script":"<script> [776 bytes]","args":[{"enterText":"Z001","selector":{"controlType":"sap.m.Input","viewName":"etm.portal.ui.manageyards.view.New","viewId":"application-manageyards-display-component---NewYard","bindingPath":{"path":"","propertyPath":"/CONTROLLING_AREA","modelName":"NewYardModel"},"interaction":{"idSuffix":"inner"}},"clearTextFirst":true,"interactionType":"ENTER_TEXT"}]}
COMMAND: POST /session/9eab2abfb92109d83111f8a107828286/execute/async - {"script":"<script> [1562 bytes]","args":[{"selector":{"id":"application-manageyards-display-component---NewYard--companyCodeComboBox","interaction":{"idSuffix":"inner"}},"wdio_ui5_key":"applicationmanageyards-display-component---NewYard--companyCodeComboBox"}]}
RESULT: {"script":"<script> [1562 bytes]","args":[{"selector":{"id":"application-manageyards-display-component---NewYard--companyCodeComboBox","interaction":{"idSuffix":"inner"}},"wdio_ui5_key":"applicationmanageyards-display-component---NewYard--companyCodeComboBox"}]}
RESULT: undefined
COMMAND: POST /session/9eab2abfb92109d83111f8a107828286/execute/async - {"script":"<script> [776 bytes]","args":[{"enterText":"1000","selector":{"id":"application-manageyards-display-component---NewYard--companyCodeComboBox","interaction":{"idSuffix":"inner"}},"clearTextFirst":true,"interactionType":"ENTER_TEXT"}]}
RESULT: {"script":"<script> [776 bytes]","args":[{"enterText":"1000","selector":{"id":"application-manageyards-display-component---NewYard--companyCodeComboBox","interaction":{"idSuffix":"inner"}},"clearTextFirst":true,"interactionType":"ENTER_TEXT"}]}
COMMAND: POST /session/9eab2abfb92109d83111f8a107828286/execute/async - {"script":"<script> [1562 bytes]","args":[{"selector":{"controlType":"sap.m.Input","viewName":"etm.portal.ui.manageyards.view.New","viewId":"application-manageyards-display-component---NewYard","bindingPath":{"path":"","propertyPath":"/PLANT","modelName":"NewYardModel"},"interaction":{"idSuffix":"inner"}},"wdio_ui5_key":"etmportal.ui.manageyards.view.Newsap.m.Input{\"path\":\"\",\"propertyPath\":\"/PLANT\",\"modelName\":\"NewYardModel\"}"}]}
RESULT: {"script":"<script> [1562 bytes]","args":[{"selector":{"controlType":"sap.m.Input","viewName":"etm.portal.ui.manageyards.view.New","viewId":"application-manageyards-display-component---NewYard","bindingPath":{"path":"","propertyPath":"/PLANT","modelName":"NewYardModel"},"interaction":{"idSuffix":"inner"}},"wdio_ui5_key":"etmportal.ui.manageyards.view.Newsap.m.Input{\"path\":\"\",\"propertyPath\":\"/PLANT\",\"modelName\":\"NewYardModel\"}"}]}
RESULT: undefined
COMMAND: POST /session/9eab2abfb92109d83111f8a107828286/execute/async - {"script":"<script> [776 bytes]","args":[{"enterText":"1001","selector":{"controlType":"sap.m.Input","viewName":"etm.portal.ui.manageyards.view.New","viewId":"application-manageyards-display-component---NewYard","bindingPath":{"path":"","propertyPath":"/PLANT","modelName":"NewYardModel"},"interaction":{"idSuffix":"inner"}},"clearTextFirst":true,"interactionType":"ENTER_TEXT"}]}
RESULT: {"script":"<script> [776 bytes]","args":[{"enterText":"1001","selector":{"controlType":"sap.m.Input","viewName":"etm.portal.ui.manageyards.view.New","viewId":"application-manageyards-display-component---NewYard","bindingPath":{"path":"","propertyPath":"/PLANT","modelName":"NewYardModel"},"interaction":{"idSuffix":"inner"}},"clearTextFirst":true,"interactionType":"ENTER_TEXT"}]}
COMMAND: POST /session/9eab2abfb92109d83111f8a107828286/execute/async - {"script":"<script> [1562 bytes]","args":[{"selector":{"controlType":"sap.m.Input","viewName":"etm.portal.ui.manageyards.view.New","viewId":"application-manageyards-display-component---NewYard","bindingPath":{"path":"","propertyPath":"/SALES_AREA_VKORG","modelName":"NewYardModel"},"interaction":{"idSuffix":"inner"}},"wdio_ui5_key":"etmportal.ui.manageyards.view.Newsap.m.Input{\"path\":\"\",\"propertyPath\":\"/SALES_AREA_VKORG\",\"modelName\":\"NewYardModel\"}"}]}
RESULT: {"script":"<script> [1562 bytes]","args":[{"selector":{"controlType":"sap.m.Input","viewName":"etm.portal.ui.manageyards.view.New","viewId":"application-manageyards-display-component---NewYard","bindingPath":{"path":"","propertyPath":"/SALES_AREA_VKORG","modelName":"NewYardModel"},"interaction":{"idSuffix":"inner"}},"wdio_ui5_key":"etmportal.ui.manageyards.view.Newsap.m.Input{\"path\":\"\",\"propertyPath\":\"/SALES_AREA_VKORG\",\"modelName\":\"NewYardModel\"}"}]}
RESULT: undefined
COMMAND: POST /session/9eab2abfb92109d83111f8a107828286/execute/async - {"script":"<script> [776 bytes]","args":[{"enterText":"C002","selector":{"controlType":"sap.m.Input","viewName":"etm.portal.ui.manageyards.view.New","viewId":"application-manageyards-display-component---NewYard","bindingPath":{"path":"","propertyPath":"/SALES_AREA_VKORG","modelName":"NewYardModel"},"interaction":{"idSuffix":"inner"}},"clearTextFirst":true,"interactionType":"ENTER_TEXT"}]}
RESULT: {"script":"<script> [776 bytes]","args":[{"enterText":"C002","selector":{"controlType":"sap.m.Input","viewName":"etm.portal.ui.manageyards.view.New","viewId":"application-manageyards-display-component---NewYard","bindingPath":{"path":"","propertyPath":"/SALES_AREA_VKORG","modelName":"NewYardModel"},"interaction":{"idSuffix":"inner"}},"clearTextFirst":true,"interactionType":"ENTER_TEXT"}]}
COMMAND: POST /session/9eab2abfb92109d83111f8a107828286/execute/async - {"script":"<script> [1562 bytes]","args":[{"selector":{"controlType":"sap.m.Input","viewName":"etm.portal.ui.manageyards.view.New","viewId":"application-manageyards-display-component---NewYard","bindingPath":{"path":"","propertyPath":"/SALES_AREA_VTWEG","modelName":"NewYardModel"},"interaction":{"idSuffix":"inner"}},"wdio_ui5_key":"etmportal.ui.manageyards.view.Newsap.m.Input{\"path\":\"\",\"propertyPath\":\"/SALES_AREA_VTWEG\",\"modelName\":\"NewYardModel\"}"}]}
RESULT: {"script":"<script> [1562 bytes]","args":[{"selector":{"controlType":"sap.m.Input","viewName":"etm.portal.ui.manageyards.view.New","viewId":"application-manageyards-display-component---NewYard","bindingPath":{"path":"","propertyPath":"/SALES_AREA_VTWEG","modelName":"NewYardModel"},"interaction":{"idSuffix":"inner"}},"wdio_ui5_key":"etmportal.ui.manageyards.view.Newsap.m.Input{\"path\":\"\",\"propertyPath\":\"/SALES_AREA_VTWEG\",\"modelName\":\"NewYardModel\"}"}]}
RESULT: undefined
COMMAND: POST /session/9eab2abfb92109d83111f8a107828286/execute/async - {"script":"<script> [776 bytes]","args":[{"enterText":"C2","selector":{"controlType":"sap.m.Input","viewName":"etm.portal.ui.manageyards.view.New","viewId":"application-manageyards-display-component---NewYard","bindingPath":{"path":"","propertyPath":"/SALES_AREA_VTWEG","modelName":"NewYardModel"},"interaction":{"idSuffix":"inner"}},"clearTextFirst":true,"interactionType":"ENTER_TEXT"}]}
RESULT: {"script":"<script> [776 bytes]","args":[{"enterText":"C2","selector":{"controlType":"sap.m.Input","viewName":"etm.portal.ui.manageyards.view.New","viewId":"application-manageyards-display-component---NewYard","bindingPath":{"path":"","propertyPath":"/SALES_AREA_VTWEG","modelName":"NewYardModel"},"interaction":{"idSuffix":"inner"}},"clearTextFirst":true,"interactionType":"ENTER_TEXT"}]}
COMMAND: POST /session/9eab2abfb92109d83111f8a107828286/execute/async - {"script":"<script> [1562 bytes]","args":[{"selector":{"controlType":"sap.m.Input","viewName":"etm.portal.ui.manageyards.view.New","viewId":"application-manageyards-display-component---NewYard","bindingPath":{"path":"","propertyPath":"/SALES_AREA_SPART","modelName":"NewYardModel"},"interaction":{"idSuffix":"inner"}},"wdio_ui5_key":"etmportal.ui.manageyards.view.Newsap.m.Input{\"path\":\"\",\"propertyPath\":\"/SALES_AREA_SPART\",\"modelName\":\"NewYardModel\"}"}]}
RESULT: {"script":"<script> [1562 bytes]","args":[{"selector":{"controlType":"sap.m.Input","viewName":"etm.portal.ui.manageyards.view.New","viewId":"application-manageyards-display-component---NewYard","bindingPath":{"path":"","propertyPath":"/SALES_AREA_SPART","modelName":"NewYardModel"},"interaction":{"idSuffix":"inner"}},"wdio_ui5_key":"etmportal.ui.manageyards.view.Newsap.m.Input{\"path\":\"\",\"propertyPath\":\"/SALES_AREA_SPART\",\"modelName\":\"NewYardModel\"}"}]}
RESULT: undefined
COMMAND: POST /session/9eab2abfb92109d83111f8a107828286/execute/async - {"script":"<script> [776 bytes]","args":[{"enterText":"C2","selector":{"controlType":"sap.m.Input","viewName":"etm.portal.ui.manageyards.view.New","viewId":"application-manageyards-display-component---NewYard","bindingPath":{"path":"","propertyPath":"/SALES_AREA_SPART","modelName":"NewYardModel"},"interaction":{"idSuffix":"inner"}},"clearTextFirst":true,"interactionType":"ENTER_TEXT"}]}
RESULT: {"script":"<script> [776 bytes]","args":[{"enterText":"C2","selector":{"controlType":"sap.m.Input","viewName":"etm.portal.ui.manageyards.view.New","viewId":"application-manageyards-display-component---NewYard","bindingPath":{"path":"","propertyPath":"/SALES_AREA_SPART","modelName":"NewYardModel"},"interaction":{"idSuffix":"inner"}},"clearTextFirst":true,"interactionType":"ENTER_TEXT"}]}
COMMAND: POST /session/9eab2abfb92109d83111f8a107828286/execute/async - {"script":"<script> [1562 bytes]","args":[{"selector":{"controlType":"sap.m.Input","viewName":"etm.portal.ui.manageyards.view.New","viewId":"application-manageyards-display-component---NewYard","bindingPath":{"path":"","propertyPath":"/SHIP_POINT","modelName":"NewYardModel"},"interaction":{"idSuffix":"inner"}},"wdio_ui5_key":"etmportal.ui.manageyards.view.Newsap.m.Input{\"path\":\"\",\"propertyPath\":\"/SHIP_POINT\",\"modelName\":\"NewYardModel\"}"}]}
RESULT: {"script":"<script> [1562 bytes]","args":[{"selector":{"controlType":"sap.m.Input","viewName":"etm.portal.ui.manageyards.view.New","viewId":"application-manageyards-display-component---NewYard","bindingPath":{"path":"","propertyPath":"/SHIP_POINT","modelName":"NewYardModel"},"interaction":{"idSuffix":"inner"}},"wdio_ui5_key":"etmportal.ui.manageyards.view.Newsap.m.Input{\"path\":\"\",\"propertyPath\":\"/SHIP_POINT\",\"modelName\":\"NewYardModel\"}"}]}
RESULT: undefined
COMMAND: POST /session/9eab2abfb92109d83111f8a107828286/execute/async - {"script":"<script> [776 bytes]","args":[{"enterText":"1710","selector":{"controlType":"sap.m.Input","viewName":"etm.portal.ui.manageyards.view.New","viewId":"application-manageyards-display-component---NewYard","bindingPath":{"path":"","propertyPath":"/SHIP_POINT","modelName":"NewYardModel"},"interaction":{"idSuffix":"inner"}},"clearTextFirst":true,"interactionType":"ENTER_TEXT"}]}
RESULT: {"script":"<script> [776 bytes]","args":[{"enterText":"1710","selector":{"controlType":"sap.m.Input","viewName":"etm.portal.ui.manageyards.view.New","viewId":"application-manageyards-display-component---NewYard","bindingPath":{"path":"","propertyPath":"/SHIP_POINT","modelName":"NewYardModel"},"interaction":{"idSuffix":"inner"}},"clearTextFirst":true,"interactionType":"ENTER_TEXT"}]}
COMMAND: POST /session/9eab2abfb92109d83111f8a107828286/execute/async - {"script":"<script> [1562 bytes]","args":[{"selector":{"controlType":"sap.m.Input","viewName":"etm.portal.ui.manageyards.view.New","viewId":"application-manageyards-display-component---NewYard","bindingPath":{"path":"","propertyPath":"/DELIVERY_TYPE","modelName":"NewYardModel"},"interaction":{"idSuffix":"inner"}},"wdio_ui5_key":"etmportal.ui.manageyards.view.Newsap.m.Input{\"path\":\"\",\"propertyPath\":\"/DELIVERY_TYPE\",\"modelName\":\"NewYardModel\"}"}]}
RESULT: {"script":"<script> [1562 bytes]","args":[{"selector":{"controlType":"sap.m.Input","viewName":"etm.portal.ui.manageyards.view.New","viewId":"application-manageyards-display-component---NewYard","bindingPath":{"path":"","propertyPath":"/DELIVERY_TYPE","modelName":"NewYardModel"},"interaction":{"idSuffix":"inner"}},"wdio_ui5_key":"etmportal.ui.manageyards.view.Newsap.m.Input{\"path\":\"\",\"propertyPath\":\"/DELIVERY_TYPE\",\"modelName\":\"NewYardModel\"}"}]}
RESULT: undefined
COMMAND: POST /session/9eab2abfb92109d83111f8a107828286/execute/async - {"script":"<script> [776 bytes]","args":[{"enterText":"ZL01","selector":{"controlType":"sap.m.Input","viewName":"etm.portal.ui.manageyards.view.New","viewId":"application-manageyards-display-component---NewYard","bindingPath":{"path":"","propertyPath":"/DELIVERY_TYPE","modelName":"NewYardModel"},"interaction":{"idSuffix":"inner"}},"clearTextFirst":true,"interactionType":"ENTER_TEXT"}]}
RESULT: {"script":"<script> [776 bytes]","args":[{"enterText":"ZL01","selector":{"controlType":"sap.m.Input","viewName":"etm.portal.ui.manageyards.view.New","viewId":"application-manageyards-display-component---NewYard","bindingPath":{"path":"","propertyPath":"/DELIVERY_TYPE","modelName":"NewYardModel"},"interaction":{"idSuffix":"inner"}},"clearTextFirst":true,"interactionType":"ENTER_TEXT"}]}
COMMAND: POST /session/9eab2abfb92109d83111f8a107828286/execute/async - {"script":"<script> [1562 bytes]","args":[{"selector":{"controlType":"sap.m.Input","viewName":"etm.portal.ui.manageyards.view.New","viewId":"application-manageyards-display-component---NewYard","bindingPath":{"path":"","propertyPath":"/AUART","modelName":"NewYardModel"},"interaction":{"idSuffix":"inner"}},"wdio_ui5_key":"etmportal.ui.manageyards.view.Newsap.m.Input{\"path\":\"\",\"propertyPath\":\"/AUART\",\"modelName\":\"NewYardModel\"}"}]}
RESULT: {"script":"<script> [1562 bytes]","args":[{"selector":{"controlType":"sap.m.Input","viewName":"etm.portal.ui.manageyards.view.New","viewId":"application-manageyards-display-component---NewYard","bindingPath":{"path":"","propertyPath":"/AUART","modelName":"NewYardModel"},"interaction":{"idSuffix":"inner"}},"wdio_ui5_key":"etmportal.ui.manageyards.view.Newsap.m.Input{\"path\":\"\",\"propertyPath\":\"/AUART\",\"modelName\":\"NewYardModel\"}"}]}
RESULT: undefined
COMMAND: POST /session/9eab2abfb92109d83111f8a107828286/execute/async - {"script":"<script> [776 bytes]","args":[{"enterText":"TA","selector":{"controlType":"sap.m.Input","viewName":"etm.portal.ui.manageyards.view.New","viewId":"application-manageyards-display-component---NewYard","bindingPath":{"path":"","propertyPath":"/AUART","modelName":"NewYardModel"},"interaction":{"idSuffix":"inner"}},"clearTextFirst":true,"interactionType":"ENTER_TEXT"}]}
RESULT: {"script":"<script> [776 bytes]","args":[{"enterText":"TA","selector":{"controlType":"sap.m.Input","viewName":"etm.portal.ui.manageyards.view.New","viewId":"application-manageyards-display-component---NewYard","bindingPath":{"path":"","propertyPath":"/AUART","modelName":"NewYardModel"},"interaction":{"idSuffix":"inner"}},"clearTextFirst":true,"interactionType":"ENTER_TEXT"}]}
COMMAND: POST /session/9eab2abfb92109d83111f8a107828286/element - {"using":"xpath","value":"//button[@data-kt=\"newYardSaveButton\"]"}
RESULT: {"using":"xpath","value":"//button[@data-kt=\"newYardSaveButton\"]"}
COMMAND: POST /session/9eab2abfb92109d83111f8a107828286/element/f.5DB0E6D2BB4820C6A36F69CDDED9F1D7.d.C7DDBA6F5A39ABB8C1444DF453E7AAAF.e.6538/click - {}
RESULT: {}
COMMAND: GET /session/9eab2abfb92109d83111f8a107828286/screenshot - {}
RESULT: {}
COMMAND: POST /session/9eab2abfb92109d83111f8a107828286/element - {"using":"xpath","value":"//header[contains(@id, 'ObjectPageLayout-headerTitle')]/div[1]/div[2]/div[1]/span[1]"}
RESULT: {"using":"xpath","value":"//header[contains(@id, 'ObjectPageLayout-headerTitle')]/div[1]/div[2]/div[1]/span[1]"}
COMMAND: POST /session/9eab2abfb92109d83111f8a107828286/elements - {"using":"xpath","value":"//header[contains(@id, 'ObjectPageLayout-headerTitle')]/div[1]/div[2]/div[1]/span[1]"}
RESULT: {"using":"xpath","value":"//header[contains(@id, 'ObjectPageLayout-headerTitle')]/div[1]/div[2]/div[1]/span[1]"}
COMMAND: POST /session/9eab2abfb92109d83111f8a107828286/execute/sync - {"script":"<script> [56 bytes]","args":[{"element-6066-11e4-a52e-4f735466cecf":"f.5DB0E6D2BB4820C6A36F69CDDED9F1D7.d.C7DDBA6F5A39ABB8C1444DF453E7AAAF.e.6827","ELEMENT":"f.5DB0E6D2BB4820C6A36F69CDDED9F1D7.d.C7DDBA6F5A39ABB8C1444DF453E7AAAF.e.6827"}]}
RESULT: {"script":"<script> [56 bytes]","args":[{"element-6066-11e4-a52e-4f735466cecf":"f.5DB0E6D2BB4820C6A36F69CDDED9F1D7.d.C7DDBA6F5A39ABB8C1444DF453E7AAAF.e.6827","ELEMENT":"f.5DB0E6D2BB4820C6A36F69CDDED9F1D7.d.C7DDBA6F5A39ABB8C1444DF453E7AAAF.e.6827"}]}
COMMAND: GET /session/9eab2abfb92109d83111f8a107828286/screenshot - {}
RESULT: {}
COMMAND: POST /session/9eab2abfb92109d83111f8a107828286/element - {"using":"css selector","value":"#shell-header-logo"}
RESULT: {"using":"css selector","value":"#shell-header-logo"}
COMMAND: POST /session/9eab2abfb92109d83111f8a107828286/element/f.5DB0E6D2BB4820C6A36F69CDDED9F1D7.d.C7DDBA6F5A39ABB8C1444DF453E7AAAF.e.6091/click - {}
RESULT: {}
COMMAND: GET /session/9eab2abfb92109d83111f8a107828286/screenshot - {}
RESULT: {}
COMMAND: POST /session/9eab2abfb92109d83111f8a107828286/execute/sync - {"script":"<script> [299 bytes]","args":[["getModel","getResource"]]}
RESULT: {"script":"<script> [299 bytes]","args":[["getModel","getResource"]]}
COMMAND: GET /session/9eab2abfb92109d83111f8a107828286/screenshot - {}
]]></system-out>
    </testcase>
    <testcase classname="chrome.136_0_7103_93.windows.Create_master_data_for_mixed_billing_&amp;_do_billing_calculation_US151661" name="Should create a new partner" time="155.417">
      <system-out><![CDATA[
COMMAND: POST /session/9eab2abfb92109d83111f8a107828286/window/fullscreen - {}
RESULT: {}
RESULT: {}
COMMAND: POST /session/9eab2abfb92109d83111f8a107828286/execute/async - {"script":"<script> [1562 bytes]","args":[{"selector":{"controlType":"sap.m.GenericTile","properties":{"header":"Manage Partners"}},"wdio_ui5_key":"sapm.GenericTile{\"header\":\"Manage Partners\"}"}]}
RESULT: {"script":"<script> [1562 bytes]","args":[{"selector":{"controlType":"sap.m.GenericTile","properties":{"header":"Manage Partners"}},"wdio_ui5_key":"sapm.GenericTile{\"header\":\"Manage Partners\"}"}]}
RESULT: undefined
COMMAND: POST /session/9eab2abfb92109d83111f8a107828286/element - {"using":"xpath","value":"//*[@id=\"__tile38\"]"}
RESULT: {"using":"xpath","value":"//*[@id=\"__tile38\"]"}
COMMAND: POST /session/9eab2abfb92109d83111f8a107828286/element/f.5DB0E6D2BB4820C6A36F69CDDED9F1D7.d.C7DDBA6F5A39ABB8C1444DF453E7AAAF.e.5977/click - {}
RESULT: {}
COMMAND: GET /session/9eab2abfb92109d83111f8a107828286/screenshot - {}
RESULT: {}
COMMAND: POST /session/9eab2abfb92109d83111f8a107828286/elements - {"using":"xpath","value":"//span[text()='Error']"}
RESULT: {"using":"xpath","value":"//span[text()='Error']"}
COMMAND: POST /session/9eab2abfb92109d83111f8a107828286/element - {"using":"xpath","value":"//button[@data-kt=\"addButton\"]"}
RESULT: {"using":"xpath","value":"//button[@data-kt=\"addButton\"]"}
COMMAND: POST /session/9eab2abfb92109d83111f8a107828286/elements - {"using":"xpath","value":"//button[@data-kt=\"addButton\"]"}
RESULT: {"using":"xpath","value":"//button[@data-kt=\"addButton\"]"}
COMMAND: POST /session/9eab2abfb92109d83111f8a107828286/execute/sync - {"script":"<script> [8489 bytes]","args":[{"element-6066-11e4-a52e-4f735466cecf":"f.5DB0E6D2BB4820C6A36F69CDDED9F1D7.d.C7DDBA6F5A39ABB8C1444DF453E7AAAF.e.6864","ELEMENT":"f.5DB0E6D2BB4820C6A36F69CDDED9F1D7.d.C7DDBA6F5A39ABB8C1444DF453E7AAAF.e.6864"}]}
RESULT: {"script":"<script> [8489 bytes]","args":[{"element-6066-11e4-a52e-4f735466cecf":"f.5DB0E6D2BB4820C6A36F69CDDED9F1D7.d.C7DDBA6F5A39ABB8C1444DF453E7AAAF.e.6864","ELEMENT":"f.5DB0E6D2BB4820C6A36F69CDDED9F1D7.d.C7DDBA6F5A39ABB8C1444DF453E7AAAF.e.6864"}]}
COMMAND: GET /session/9eab2abfb92109d83111f8a107828286/element/f.5DB0E6D2BB4820C6A36F69CDDED9F1D7.d.C7DDBA6F5A39ABB8C1444DF453E7AAAF.e.6864/enabled - {}
COMMAND: GET /session/9eab2abfb92109d83111f8a107828286/screenshot - {}
RESULT: {}
COMMAND: POST /session/9eab2abfb92109d83111f8a107828286/execute/sync - {"script":"<script> [8489 bytes]","args":[{"element-6066-11e4-a52e-4f735466cecf":"f.5DB0E6D2BB4820C6A36F69CDDED9F1D7.d.C7DDBA6F5A39ABB8C1444DF453E7AAAF.e.6864","ELEMENT":"f.5DB0E6D2BB4820C6A36F69CDDED9F1D7.d.C7DDBA6F5A39ABB8C1444DF453E7AAAF.e.6864"}]}
COMMAND: GET /session/9eab2abfb92109d83111f8a107828286/screenshot - {}
RESULT: {}
RESULT: {"script":"<script> [8489 bytes]","args":[{"element-6066-11e4-a52e-4f735466cecf":"f.5DB0E6D2BB4820C6A36F69CDDED9F1D7.d.C7DDBA6F5A39ABB8C1444DF453E7AAAF.e.6864","ELEMENT":"f.5DB0E6D2BB4820C6A36F69CDDED9F1D7.d.C7DDBA6F5A39ABB8C1444DF453E7AAAF.e.6864"}]}
COMMAND: POST /session/9eab2abfb92109d83111f8a107828286/execute/sync - {"script":"<script> [5351 bytes]","args":[{"element-6066-11e4-a52e-4f735466cecf":"f.5DB0E6D2BB4820C6A36F69CDDED9F1D7.d.C7DDBA6F5A39ABB8C1444DF453E7AAAF.e.6864","ELEMENT":"f.5DB0E6D2BB4820C6A36F69CDDED9F1D7.d.C7DDBA6F5A39ABB8C1444DF453E7AAAF.e.6864"}]}
COMMAND: GET /session/9eab2abfb92109d83111f8a107828286/screenshot - {}
RESULT: {}
RESULT: {"script":"<script> [5351 bytes]","args":[{"element-6066-11e4-a52e-4f735466cecf":"f.5DB0E6D2BB4820C6A36F69CDDED9F1D7.d.C7DDBA6F5A39ABB8C1444DF453E7AAAF.e.6864","ELEMENT":"f.5DB0E6D2BB4820C6A36F69CDDED9F1D7.d.C7DDBA6F5A39ABB8C1444DF453E7AAAF.e.6864"}]}
COMMAND: POST /session/9eab2abfb92109d83111f8a107828286/element/f.5DB0E6D2BB4820C6A36F69CDDED9F1D7.d.C7DDBA6F5A39ABB8C1444DF453E7AAAF.e.6864/click - {}
COMMAND: GET /session/9eab2abfb92109d83111f8a107828286/screenshot - {}
RESULT: {}
RESULT: {}
COMMAND: GET /session/9eab2abfb92109d83111f8a107828286/screenshot - {}
RESULT: {}
RESULT: {}
COMMAND: POST /session/9eab2abfb92109d83111f8a107828286/execute/async - {"script":"<script> [1562 bytes]","args":[{"selector":{"id":"application-managepartners-display-component---NewPartner--addressDetailDetailsName1","interaction":{"idSuffix":"inner"}},"wdio_ui5_key":"applicationmanagepartners-display-component---NewPartner--addressDetailDetailsName1"}]}
RESULT: {"script":"<script> [1562 bytes]","args":[{"selector":{"id":"application-managepartners-display-component---NewPartner--addressDetailDetailsName1","interaction":{"idSuffix":"inner"}},"wdio_ui5_key":"applicationmanagepartners-display-component---NewPartner--addressDetailDetailsName1"}]}
RESULT: undefined
COMMAND: POST /session/9eab2abfb92109d83111f8a107828286/execute/async - {"script":"<script> [776 bytes]","args":[{"enterText":"Intercompany Partner WDIO","selector":{"id":"application-managepartners-display-component---NewPartner--addressDetailDetailsName1","interaction":{"idSuffix":"inner"}},"clearTextFirst":true,"interactionType":"ENTER_TEXT"}]}
RESULT: {"script":"<script> [776 bytes]","args":[{"enterText":"Intercompany Partner WDIO","selector":{"id":"application-managepartners-display-component---NewPartner--addressDetailDetailsName1","interaction":{"idSuffix":"inner"}},"clearTextFirst":true,"interactionType":"ENTER_TEXT"}]}
COMMAND: POST /session/9eab2abfb92109d83111f8a107828286/execute/async - {"script":"<script> [1562 bytes]","args":[{"selector":{"id":"application-managepartners-display-component---NewPartner--addressDetailDetailsLanguage-arrow"},"wdio_ui5_key":"applicationmanagepartners-display-component---NewPartner--addressDetailDetailsLanguage-arrow"}]}
RESULT: {"script":"<script> [1562 bytes]","args":[{"selector":{"id":"application-managepartners-display-component---NewPartner--addressDetailDetailsLanguage-arrow"},"wdio_ui5_key":"applicationmanagepartners-display-component---NewPartner--addressDetailDetailsLanguage-arrow"}]}
RESULT: undefined
COMMAND: POST /session/9eab2abfb92109d83111f8a107828286/element - {"using":"xpath","value":"//*[@id=\"application-managepartners-display-component---NewPartner--addressDetailDetailsLanguage-arrow\"]"}
RESULT: {"using":"xpath","value":"//*[@id=\"application-managepartners-display-component---NewPartner--addressDetailDetailsLanguage-arrow\"]"}
COMMAND: POST /session/9eab2abfb92109d83111f8a107828286/element/f.5DB0E6D2BB4820C6A36F69CDDED9F1D7.d.C7DDBA6F5A39ABB8C1444DF453E7AAAF.e.7312/click - {}
RESULT: {}
COMMAND: POST /session/9eab2abfb92109d83111f8a107828286/element - {"using":"xpath","value":"//span[contains(text(), \"English\")]"}
COMMAND: GET /session/9eab2abfb92109d83111f8a107828286/screenshot - {}
RESULT: {"using":"xpath","value":"//span[contains(text(), \"English\")]"}
COMMAND: POST /session/9eab2abfb92109d83111f8a107828286/element/f.5DB0E6D2BB4820C6A36F69CDDED9F1D7.d.C7DDBA6F5A39ABB8C1444DF453E7AAAF.e.7313/click - {}
RESULT: {}
RESULT: {}
COMMAND: GET /session/9eab2abfb92109d83111f8a107828286/screenshot - {}
RESULT: {}
COMMAND: POST /session/9eab2abfb92109d83111f8a107828286/execute/async - {"script":"<script> [1562 bytes]","args":[{"selector":{"id":"application-managepartners-display-component---NewPartner--addressDetailDetailsCity1","interaction":{"idSuffix":"inner"}},"wdio_ui5_key":"applicationmanagepartners-display-component---NewPartner--addressDetailDetailsCity1"}]}
RESULT: {"script":"<script> [1562 bytes]","args":[{"selector":{"id":"application-managepartners-display-component---NewPartner--addressDetailDetailsCity1","interaction":{"idSuffix":"inner"}},"wdio_ui5_key":"applicationmanagepartners-display-component---NewPartner--addressDetailDetailsCity1"}]}
RESULT: undefined
COMMAND: POST /session/9eab2abfb92109d83111f8a107828286/execute/async - {"script":"<script> [776 bytes]","args":[{"enterText":"Rosario","selector":{"id":"application-managepartners-display-component---NewPartner--addressDetailDetailsCity1","interaction":{"idSuffix":"inner"}},"clearTextFirst":true,"interactionType":"ENTER_TEXT"}]}
RESULT: {"script":"<script> [776 bytes]","args":[{"enterText":"Rosario","selector":{"id":"application-managepartners-display-component---NewPartner--addressDetailDetailsCity1","interaction":{"idSuffix":"inner"}},"clearTextFirst":true,"interactionType":"ENTER_TEXT"}]}
COMMAND: POST /session/9eab2abfb92109d83111f8a107828286/execute/async - {"script":"<script> [1562 bytes]","args":[{"selector":{"id":"application-managepartners-display-component---NewPartner--addressDetailDetailsCountry-arrow"},"wdio_ui5_key":"applicationmanagepartners-display-component---NewPartner--addressDetailDetailsCountry-arrow"}]}
RESULT: {"script":"<script> [1562 bytes]","args":[{"selector":{"id":"application-managepartners-display-component---NewPartner--addressDetailDetailsCountry-arrow"},"wdio_ui5_key":"applicationmanagepartners-display-component---NewPartner--addressDetailDetailsCountry-arrow"}]}
RESULT: undefined
COMMAND: POST /session/9eab2abfb92109d83111f8a107828286/element - {"using":"xpath","value":"//*[@id=\"application-managepartners-display-component---NewPartner--addressDetailDetailsCountry-arrow\"]"}
RESULT: {"using":"xpath","value":"//*[@id=\"application-managepartners-display-component---NewPartner--addressDetailDetailsCountry-arrow\"]"}
COMMAND: POST /session/9eab2abfb92109d83111f8a107828286/element/f.5DB0E6D2BB4820C6A36F69CDDED9F1D7.d.C7DDBA6F5A39ABB8C1444DF453E7AAAF.e.7269/click - {}
RESULT: {}
COMMAND: POST /session/9eab2abfb92109d83111f8a107828286/element - {"using":"xpath","value":"//span[contains(text(), \"Argentina\")]"}
COMMAND: GET /session/9eab2abfb92109d83111f8a107828286/screenshot - {}
RESULT: {"using":"xpath","value":"//span[contains(text(), \"Argentina\")]"}
COMMAND: POST /session/9eab2abfb92109d83111f8a107828286/element/f.5DB0E6D2BB4820C6A36F69CDDED9F1D7.d.C7DDBA6F5A39ABB8C1444DF453E7AAAF.e.7315/click - {}
RESULT: {}
RESULT: {}
COMMAND: GET /session/9eab2abfb92109d83111f8a107828286/screenshot - {}
RESULT: {}
COMMAND: POST /session/9eab2abfb92109d83111f8a107828286/element - {"using":"xpath","value":"//bdi[contains(text(), \"Commercial\")]"}
RESULT: {"using":"xpath","value":"//bdi[contains(text(), \"Commercial\")]"}
COMMAND: POST /session/9eab2abfb92109d83111f8a107828286/element/f.5DB0E6D2BB4820C6A36F69CDDED9F1D7.d.C7DDBA6F5A39ABB8C1444DF453E7AAAF.e.7316/click - {}
RESULT: {}
COMMAND: GET /session/9eab2abfb92109d83111f8a107828286/screenshot - {}
RESULT: {}
COMMAND: POST /session/9eab2abfb92109d83111f8a107828286/execute/async - {"script":"<script> [1562 bytes]","args":[{"selector":{"id":"application-managepartners-display-component---NewPartner--partnerDetailInternal-arrow"},"wdio_ui5_key":"applicationmanagepartners-display-component---NewPartner--partnerDetailInternal-arrow"}]}
RESULT: {"script":"<script> [1562 bytes]","args":[{"selector":{"id":"application-managepartners-display-component---NewPartner--partnerDetailInternal-arrow"},"wdio_ui5_key":"applicationmanagepartners-display-component---NewPartner--partnerDetailInternal-arrow"}]}
RESULT: undefined
COMMAND: POST /session/9eab2abfb92109d83111f8a107828286/element - {"using":"xpath","value":"//*[@id=\"application-managepartners-display-component---NewPartner--partnerDetailInternal-arrow\"]"}
RESULT: {"using":"xpath","value":"//*[@id=\"application-managepartners-display-component---NewPartner--partnerDetailInternal-arrow\"]"}
COMMAND: POST /session/9eab2abfb92109d83111f8a107828286/element/f.5DB0E6D2BB4820C6A36F69CDDED9F1D7.d.C7DDBA6F5A39ABB8C1444DF453E7AAAF.e.7322/click - {}
RESULT: {}
COMMAND: POST /session/9eab2abfb92109d83111f8a107828286/element - {"using":"xpath","value":"//span[contains(text(), \"Affiliated company\")]"}
COMMAND: GET /session/9eab2abfb92109d83111f8a107828286/screenshot - {}
RESULT: {"using":"xpath","value":"//span[contains(text(), \"Affiliated company\")]"}
COMMAND: POST /session/9eab2abfb92109d83111f8a107828286/element/f.5DB0E6D2BB4820C6A36F69CDDED9F1D7.d.C7DDBA6F5A39ABB8C1444DF453E7AAAF.e.7325/click - {}
RESULT: {}
RESULT: {}
COMMAND: POST /session/9eab2abfb92109d83111f8a107828286/execute/async - {"script":"<script> [1562 bytes]","args":[{"selector":{"id":"application-managepartners-display-component---NewPartner--partnerDetailsCurrency-arrow"},"wdio_ui5_key":"applicationmanagepartners-display-component---NewPartner--partnerDetailsCurrency-arrow"}]}
COMMAND: GET /session/9eab2abfb92109d83111f8a107828286/screenshot - {}
RESULT: {"script":"<script> [1562 bytes]","args":[{"selector":{"id":"application-managepartners-display-component---NewPartner--partnerDetailsCurrency-arrow"},"wdio_ui5_key":"applicationmanagepartners-display-component---NewPartner--partnerDetailsCurrency-arrow"}]}
RESULT: undefined
COMMAND: POST /session/9eab2abfb92109d83111f8a107828286/element - {"using":"xpath","value":"//*[@id=\"application-managepartners-display-component---NewPartner--partnerDetailsCurrency-arrow\"]"}
RESULT: {}
RESULT: {"using":"xpath","value":"//*[@id=\"application-managepartners-display-component---NewPartner--partnerDetailsCurrency-arrow\"]"}
COMMAND: POST /session/9eab2abfb92109d83111f8a107828286/element/f.5DB0E6D2BB4820C6A36F69CDDED9F1D7.d.C7DDBA6F5A39ABB8C1444DF453E7AAAF.e.7332/click - {}
RESULT: {}
COMMAND: POST /session/9eab2abfb92109d83111f8a107828286/element - {"using":"xpath","value":"//span[contains(text(), \"Euro\")]"}
COMMAND: GET /session/9eab2abfb92109d83111f8a107828286/screenshot - {}
RESULT: {"using":"xpath","value":"//span[contains(text(), \"Euro\")]"}
COMMAND: POST /session/9eab2abfb92109d83111f8a107828286/element/f.5DB0E6D2BB4820C6A36F69CDDED9F1D7.d.C7DDBA6F5A39ABB8C1444DF453E7AAAF.e.7333/click - {}
RESULT: {}
RESULT: {}
COMMAND: POST /session/9eab2abfb92109d83111f8a107828286/execute/async - {"script":"<script> [1562 bytes]","args":[{"selector":{"id":"application-managepartners-display-component---NewPartner--addressEditDetailsCostObjectCstType-arrow"},"wdio_ui5_key":"applicationmanagepartners-display-component---NewPartner--addressEditDetailsCostObjectCstType-arrow"}]}
COMMAND: GET /session/9eab2abfb92109d83111f8a107828286/screenshot - {}
RESULT: {"script":"<script> [1562 bytes]","args":[{"selector":{"id":"application-managepartners-display-component---NewPartner--addressEditDetailsCostObjectCstType-arrow"},"wdio_ui5_key":"applicationmanagepartners-display-component---NewPartner--addressEditDetailsCostObjectCstType-arrow"}]}
RESULT: undefined
COMMAND: POST /session/9eab2abfb92109d83111f8a107828286/element - {"using":"xpath","value":"//*[@id=\"application-managepartners-display-component---NewPartner--addressEditDetailsCostObjectCstType-arrow\"]"}
RESULT: {}
RESULT: {"using":"xpath","value":"//*[@id=\"application-managepartners-display-component---NewPartner--addressEditDetailsCostObjectCstType-arrow\"]"}
COMMAND: POST /session/9eab2abfb92109d83111f8a107828286/element/f.5DB0E6D2BB4820C6A36F69CDDED9F1D7.d.C7DDBA6F5A39ABB8C1444DF453E7AAAF.e.7334/click - {}
RESULT: {}
COMMAND: POST /session/9eab2abfb92109d83111f8a107828286/element - {"using":"xpath","value":"//span[contains(text(), \"Cost Center\")]"}
COMMAND: GET /session/9eab2abfb92109d83111f8a107828286/screenshot - {}
RESULT: {"using":"xpath","value":"//span[contains(text(), \"Cost Center\")]"}
COMMAND: POST /session/9eab2abfb92109d83111f8a107828286/element/f.5DB0E6D2BB4820C6A36F69CDDED9F1D7.d.C7DDBA6F5A39ABB8C1444DF453E7AAAF.e.7335/click - {}
RESULT: {}
RESULT: {}
COMMAND: GET /session/9eab2abfb92109d83111f8a107828286/screenshot - {}
RESULT: {}
COMMAND: POST /session/9eab2abfb92109d83111f8a107828286/element - {"using":"xpath","value":"//span[@id=\"application-managepartners-display-component---NewPartner--addressNewCostObjectCstID-vhi\"]"}
RESULT: {"using":"xpath","value":"//span[@id=\"application-managepartners-display-component---NewPartner--addressNewCostObjectCstID-vhi\"]"}
COMMAND: POST /session/9eab2abfb92109d83111f8a107828286/execute/sync - {"script":"<script> [8489 bytes]","args":[{"element-6066-11e4-a52e-4f735466cecf":"f.5DB0E6D2BB4820C6A36F69CDDED9F1D7.d.C7DDBA6F5A39ABB8C1444DF453E7AAAF.e.7339","ELEMENT":"f.5DB0E6D2BB4820C6A36F69CDDED9F1D7.d.C7DDBA6F5A39ABB8C1444DF453E7AAAF.e.7339"}]}
RESULT: {"script":"<script> [8489 bytes]","args":[{"element-6066-11e4-a52e-4f735466cecf":"f.5DB0E6D2BB4820C6A36F69CDDED9F1D7.d.C7DDBA6F5A39ABB8C1444DF453E7AAAF.e.7339","ELEMENT":"f.5DB0E6D2BB4820C6A36F69CDDED9F1D7.d.C7DDBA6F5A39ABB8C1444DF453E7AAAF.e.7339"}]}
COMMAND: POST /session/9eab2abfb92109d83111f8a107828286/execute/async - {"script":"<script> [1562 bytes]","args":[{"selector":{"id":"application-managepartners-display-component---NewPartner--addressNewCostObjectCstID-vhi"},"wdio_ui5_key":"applicationmanagepartners-display-component---NewPartner--addressNewCostObjectCstID-vhi"}]}
COMMAND: GET /session/9eab2abfb92109d83111f8a107828286/screenshot - {}
RESULT: {"script":"<script> [1562 bytes]","args":[{"selector":{"id":"application-managepartners-display-component---NewPartner--addressNewCostObjectCstID-vhi"},"wdio_ui5_key":"applicationmanagepartners-display-component---NewPartner--addressNewCostObjectCstID-vhi"}]}
RESULT: undefined
COMMAND: POST /session/9eab2abfb92109d83111f8a107828286/element - {"using":"xpath","value":"//*[@id=\"application-managepartners-display-component---NewPartner--addressNewCostObjectCstID-vhi\"]"}
RESULT: {}
RESULT: {"using":"xpath","value":"//*[@id=\"application-managepartners-display-component---NewPartner--addressNewCostObjectCstID-vhi\"]"}
COMMAND: POST /session/9eab2abfb92109d83111f8a107828286/element/f.5DB0E6D2BB4820C6A36F69CDDED9F1D7.d.C7DDBA6F5A39ABB8C1444DF453E7AAAF.e.7339/click - {}
RESULT: {}
COMMAND: GET /session/9eab2abfb92109d83111f8a107828286/screenshot - {}
RESULT: {}
RESULT: undefined
COMMAND: POST /session/9eab2abfb92109d83111f8a107828286/execute/async - {"script":"<script> [776 bytes]","args":[{"enterText":"10001013","selector":{"controlType":"sap.m.SearchField","properties":{"placeholder":"Search"},"searchOpenDialogs":true,"interaction":{"idSuffix":"I"}},"clearTextFirst":true,"interactionType":"ENTER_TEXT"}]}
RESULT: {"script":"<script> [776 bytes]","args":[{"enterText":"10001013","selector":{"controlType":"sap.m.SearchField","properties":{"placeholder":"Search"},"searchOpenDialogs":true,"interaction":{"idSuffix":"I"}},"clearTextFirst":true,"interactionType":"ENTER_TEXT"}]}
COMMAND: POST /session/9eab2abfb92109d83111f8a107828286/actions - {"actions":[{"id":"action22","type":"key","parameters":{},"actions":[{"type":"keyDown","value":""},{"type":"pause","duration":10},{"type":"keyUp","value":""}]}]}
RESULT: {"actions":[{"id":"action22","type":"key","parameters":{},"actions":[{"type":"keyDown","value":""},{"type":"pause","duration":10},{"type":"keyUp","value":""}]}]}
COMMAND: GET /session/9eab2abfb92109d83111f8a107828286/screenshot - {}
RESULT: {}
COMMAND: POST /session/9eab2abfb92109d83111f8a107828286/element - {"using":"xpath","value":"//span[contains(text(), \"General Management\")]"}
RESULT: {"using":"xpath","value":"//span[contains(text(), \"General Management\")]"}
COMMAND: POST /session/9eab2abfb92109d83111f8a107828286/element/f.5DB0E6D2BB4820C6A36F69CDDED9F1D7.d.C7DDBA6F5A39ABB8C1444DF453E7AAAF.e.7378/click - {}
RESULT: {}
COMMAND: GET /session/9eab2abfb92109d83111f8a107828286/screenshot - {}
RESULT: {}
COMMAND: POST /session/9eab2abfb92109d83111f8a107828286/element - {"using":"xpath","value":"//bdi[contains(text(), \"OK\")]"}
RESULT: {"using":"xpath","value":"//bdi[contains(text(), \"OK\")]"}
COMMAND: POST /session/9eab2abfb92109d83111f8a107828286/element/f.5DB0E6D2BB4820C6A36F69CDDED9F1D7.d.C7DDBA6F5A39ABB8C1444DF453E7AAAF.e.7379/click - {}
RESULT: {}
COMMAND: GET /session/9eab2abfb92109d83111f8a107828286/screenshot - {}
RESULT: {}
COMMAND: POST /session/9eab2abfb92109d83111f8a107828286/element - {"using":"xpath","value":"//input[@id=\"application-managepartners-display-component---NewPartner--companyCodeComboBox-inner\"]"}
RESULT: {"using":"xpath","value":"//input[@id=\"application-managepartners-display-component---NewPartner--companyCodeComboBox-inner\"]"}
COMMAND: POST /session/9eab2abfb92109d83111f8a107828286/element/f.5DB0E6D2BB4820C6A36F69CDDED9F1D7.d.C7DDBA6F5A39ABB8C1444DF453E7AAAF.e.7264/clear - {}
RESULT: {}
COMMAND: POST /session/9eab2abfb92109d83111f8a107828286/element/f.5DB0E6D2BB4820C6A36F69CDDED9F1D7.d.C7DDBA6F5A39ABB8C1444DF453E7AAAF.e.7264/value - {"text":"C002"}
COMMAND: GET /session/9eab2abfb92109d83111f8a107828286/screenshot - {}
RESULT: {"text":"C002"}
COMMAND: GET /session/9eab2abfb92109d83111f8a107828286/screenshot - {}
RESULT: {}
RESULT: {}
COMMAND: POST /session/9eab2abfb92109d83111f8a107828286/element - {"using":"xpath","value":"//li[.//span[text()= \"C002\"]]"}
RESULT: {"using":"xpath","value":"//li[.//span[text()= \"C002\"]]"}
COMMAND: POST /session/9eab2abfb92109d83111f8a107828286/element/f.5DB0E6D2BB4820C6A36F69CDDED9F1D7.d.C7DDBA6F5A39ABB8C1444DF453E7AAAF.e.7385/click - {}
RESULT: {}
COMMAND: GET /session/9eab2abfb92109d83111f8a107828286/screenshot - {}
RESULT: {}
COMMAND: POST /session/9eab2abfb92109d83111f8a107828286/execute/async - {"script":"<script> [1562 bytes]","args":[{"selector":{"id":"application-managepartners-display-component---NewPartner--btnAddTableRow-img"},"wdio_ui5_key":"applicationmanagepartners-display-component---NewPartner--btnAddTableRow-img"}]}
RESULT: {"script":"<script> [1562 bytes]","args":[{"selector":{"id":"application-managepartners-display-component---NewPartner--btnAddTableRow-img"},"wdio_ui5_key":"applicationmanagepartners-display-component---NewPartner--btnAddTableRow-img"}]}
RESULT: undefined
COMMAND: POST /session/9eab2abfb92109d83111f8a107828286/element - {"using":"xpath","value":"//*[@id=\"application-managepartners-display-component---NewPartner--btnAddTableRow-img\"]"}
RESULT: {"using":"xpath","value":"//*[@id=\"application-managepartners-display-component---NewPartner--btnAddTableRow-img\"]"}
COMMAND: POST /session/9eab2abfb92109d83111f8a107828286/element/f.5DB0E6D2BB4820C6A36F69CDDED9F1D7.d.C7DDBA6F5A39ABB8C1444DF453E7AAAF.e.7386/click - {}
RESULT: {}
COMMAND: GET /session/9eab2abfb92109d83111f8a107828286/screenshot - {}
RESULT: {}
COMMAND: POST /session/9eab2abfb92109d83111f8a107828286/element - {"using":"xpath","value":"//input[@id=\"application-managepartners-display-component---NewPartner--assignmentYard-application-managepartners-display-component---NewPartner--assignmentsTable-0-inner\"]"}
RESULT: {"using":"xpath","value":"//input[@id=\"application-managepartners-display-component---NewPartner--assignmentYard-application-managepartners-display-component---NewPartner--assignmentsTable-0-inner\"]"}
COMMAND: POST /session/9eab2abfb92109d83111f8a107828286/element/f.5DB0E6D2BB4820C6A36F69CDDED9F1D7.d.C7DDBA6F5A39ABB8C1444DF453E7AAAF.e.7389/clear - {}
RESULT: {}
COMMAND: POST /session/9eab2abfb92109d83111f8a107828286/element/f.5DB0E6D2BB4820C6A36F69CDDED9F1D7.d.C7DDBA6F5A39ABB8C1444DF453E7AAAF.e.7389/value - {"text":"398"}
COMMAND: GET /session/9eab2abfb92109d83111f8a107828286/screenshot - {}
RESULT: {"text":"398"}
COMMAND: GET /session/9eab2abfb92109d83111f8a107828286/screenshot - {}
RESULT: {}
RESULT: {}
COMMAND: POST /session/9eab2abfb92109d83111f8a107828286/element - {"using":"xpath","value":"//li[.//span[text()='398']]"}
RESULT: {"using":"xpath","value":"//li[.//span[text()='398']]"}
COMMAND: POST /session/9eab2abfb92109d83111f8a107828286/element/f.5DB0E6D2BB4820C6A36F69CDDED9F1D7.d.C7DDBA6F5A39ABB8C1444DF453E7AAAF.e.7398/click - {}
RESULT: {}
COMMAND: GET /session/9eab2abfb92109d83111f8a107828286/screenshot - {}
RESULT: {}
COMMAND: POST /session/9eab2abfb92109d83111f8a107828286/actions - {"actions":[{"id":"action23","type":"key","parameters":{},"actions":[{"type":"keyDown","value":""},{"type":"pause","duration":10},{"type":"keyUp","value":""}]}]}
RESULT: {"actions":[{"id":"action23","type":"key","parameters":{},"actions":[{"type":"keyDown","value":""},{"type":"pause","duration":10},{"type":"keyUp","value":""}]}]}
COMMAND: POST /session/9eab2abfb92109d83111f8a107828286/execute/async - {"script":"<script> [1562 bytes]","args":[{"selector":{"id":"application-managepartners-display-component---NewPartner--externalCustomerComboBox-application-managepartners-display-component---NewPartner--assignmentsTable-0-vhi"},"wdio_ui5_key":"applicationmanagepartners-display-component---NewPartner--externalCustomerComboBox-application-managepartners-display-component---NewPartner--assignmentsTable-0-vhi"}]}
COMMAND: GET /session/9eab2abfb92109d83111f8a107828286/screenshot - {}
RESULT: {"script":"<script> [1562 bytes]","args":[{"selector":{"id":"application-managepartners-display-component---NewPartner--externalCustomerComboBox-application-managepartners-display-component---NewPartner--assignmentsTable-0-vhi"},"wdio_ui5_key":"applicationmanagepartners-display-component---NewPartner--externalCustomerComboBox-application-managepartners-display-component---NewPartner--assignmentsTable-0-vhi"}]}
RESULT: undefined
COMMAND: POST /session/9eab2abfb92109d83111f8a107828286/element - {"using":"xpath","value":"//*[@id=\"application-managepartners-display-component---NewPartner--externalCustomerComboBox-application-managepartners-display-component---NewPartner--assignmentsTable-0-vhi\"]"}
RESULT: {}
RESULT: {"using":"xpath","value":"//*[@id=\"application-managepartners-display-component---NewPartner--externalCustomerComboBox-application-managepartners-display-component---NewPartner--assignmentsTable-0-vhi\"]"}
COMMAND: POST /session/9eab2abfb92109d83111f8a107828286/element/f.5DB0E6D2BB4820C6A36F69CDDED9F1D7.d.C7DDBA6F5A39ABB8C1444DF453E7AAAF.e.7402/click - {}
RESULT: {}
RESULT: undefined
COMMAND: POST /session/9eab2abfb92109d83111f8a107828286/execute/async - {"script":"<script> [776 bytes]","args":[{"enterText":"300003","selector":{"controlType":"sap.m.SearchField","properties":{"placeholder":"Search"},"searchOpenDialogs":true,"interaction":{"idSuffix":"I"}},"clearTextFirst":true,"interactionType":"ENTER_TEXT"}]}
COMMAND: GET /session/9eab2abfb92109d83111f8a107828286/screenshot - {}
RESULT: {"script":"<script> [776 bytes]","args":[{"enterText":"300003","selector":{"controlType":"sap.m.SearchField","properties":{"placeholder":"Search"},"searchOpenDialogs":true,"interaction":{"idSuffix":"I"}},"clearTextFirst":true,"interactionType":"ENTER_TEXT"}]}
COMMAND: POST /session/9eab2abfb92109d83111f8a107828286/actions - {"actions":[{"id":"action24","type":"key","parameters":{},"actions":[{"type":"keyDown","value":""},{"type":"pause","duration":10},{"type":"keyUp","value":""}]}]}
RESULT: {}
RESULT: {"actions":[{"id":"action24","type":"key","parameters":{},"actions":[{"type":"keyDown","value":""},{"type":"pause","duration":10},{"type":"keyUp","value":""}]}]}
COMMAND: GET /session/9eab2abfb92109d83111f8a107828286/screenshot - {}
RESULT: {}
COMMAND: POST /session/9eab2abfb92109d83111f8a107828286/element - {"using":"xpath","value":"//span[contains(text(), \"300003\")]"}
RESULT: {"using":"xpath","value":"//span[contains(text(), \"300003\")]"}
COMMAND: POST /session/9eab2abfb92109d83111f8a107828286/element/f.5DB0E6D2BB4820C6A36F69CDDED9F1D7.d.C7DDBA6F5A39ABB8C1444DF453E7AAAF.e.7421/click - {}
RESULT: {}
COMMAND: GET /session/9eab2abfb92109d83111f8a107828286/screenshot - {}
RESULT: {}
COMMAND: POST /session/9eab2abfb92109d83111f8a107828286/element - {"using":"xpath","value":"//bdi[contains(text(), \"OK\")]"}
RESULT: {"using":"xpath","value":"//bdi[contains(text(), \"OK\")]"}
COMMAND: POST /session/9eab2abfb92109d83111f8a107828286/element/f.5DB0E6D2BB4820C6A36F69CDDED9F1D7.d.C7DDBA6F5A39ABB8C1444DF453E7AAAF.e.7423/click - {}
RESULT: {}
COMMAND: GET /session/9eab2abfb92109d83111f8a107828286/screenshot - {}
RESULT: {}
COMMAND: POST /session/9eab2abfb92109d83111f8a107828286/execute/async - {"script":"<script> [1562 bytes]","args":[{"selector":{"id":"application-managepartners-display-component---NewPartner--intercompVendorComboBox-application-managepartners-display-component---NewPartner--assignmentsTable-0-vhi"},"wdio_ui5_key":"applicationmanagepartners-display-component---NewPartner--intercompVendorComboBox-application-managepartners-display-component---NewPartner--assignmentsTable-0-vhi"}]}
RESULT: {"script":"<script> [1562 bytes]","args":[{"selector":{"id":"application-managepartners-display-component---NewPartner--intercompVendorComboBox-application-managepartners-display-component---NewPartner--assignmentsTable-0-vhi"},"wdio_ui5_key":"applicationmanagepartners-display-component---NewPartner--intercompVendorComboBox-application-managepartners-display-component---NewPartner--assignmentsTable-0-vhi"}]}
RESULT: undefined
COMMAND: POST /session/9eab2abfb92109d83111f8a107828286/element - {"using":"xpath","value":"//*[@id=\"application-managepartners-display-component---NewPartner--intercompVendorComboBox-application-managepartners-display-component---NewPartner--assignmentsTable-0-vhi\"]"}
RESULT: {"using":"xpath","value":"//*[@id=\"application-managepartners-display-component---NewPartner--intercompVendorComboBox-application-managepartners-display-component---NewPartner--assignmentsTable-0-vhi\"]"}
COMMAND: POST /session/9eab2abfb92109d83111f8a107828286/element/f.5DB0E6D2BB4820C6A36F69CDDED9F1D7.d.C7DDBA6F5A39ABB8C1444DF453E7AAAF.e.7426/click - {}
RESULT: {}
RESULT: undefined
COMMAND: POST /session/9eab2abfb92109d83111f8a107828286/execute/async - {"script":"<script> [776 bytes]","args":[{"enterText":"100005","selector":{"controlType":"sap.m.SearchField","properties":{"placeholder":"Search"},"searchOpenDialogs":true,"interaction":{"idSuffix":"I"}},"clearTextFirst":true,"interactionType":"ENTER_TEXT"}]}
COMMAND: GET /session/9eab2abfb92109d83111f8a107828286/screenshot - {}
RESULT: {"script":"<script> [776 bytes]","args":[{"enterText":"100005","selector":{"controlType":"sap.m.SearchField","properties":{"placeholder":"Search"},"searchOpenDialogs":true,"interaction":{"idSuffix":"I"}},"clearTextFirst":true,"interactionType":"ENTER_TEXT"}]}
COMMAND: POST /session/9eab2abfb92109d83111f8a107828286/actions - {"actions":[{"id":"action25","type":"key","parameters":{},"actions":[{"type":"keyDown","value":""},{"type":"pause","duration":10},{"type":"keyUp","value":""}]}]}
RESULT: {}
RESULT: {"actions":[{"id":"action25","type":"key","parameters":{},"actions":[{"type":"keyDown","value":""},{"type":"pause","duration":10},{"type":"keyUp","value":""}]}]}
COMMAND: GET /session/9eab2abfb92109d83111f8a107828286/screenshot - {}
RESULT: {}
COMMAND: POST /session/9eab2abfb92109d83111f8a107828286/element - {"using":"xpath","value":"//span[contains(text(), \"Penguins - Field/12345 Berlin\")]"}
RESULT: {"using":"xpath","value":"//span[contains(text(), \"Penguins - Field/12345 Berlin\")]"}
COMMAND: POST /session/9eab2abfb92109d83111f8a107828286/element/f.5DB0E6D2BB4820C6A36F69CDDED9F1D7.d.C7DDBA6F5A39ABB8C1444DF453E7AAAF.e.7445/click - {}
RESULT: {}
COMMAND: GET /session/9eab2abfb92109d83111f8a107828286/screenshot - {}
RESULT: {}
COMMAND: POST /session/9eab2abfb92109d83111f8a107828286/element - {"using":"xpath","value":"//bdi[contains(text(), \"OK\")]"}
RESULT: {"using":"xpath","value":"//bdi[contains(text(), \"OK\")]"}
COMMAND: POST /session/9eab2abfb92109d83111f8a107828286/element/f.5DB0E6D2BB4820C6A36F69CDDED9F1D7.d.C7DDBA6F5A39ABB8C1444DF453E7AAAF.e.7446/click - {}
RESULT: {}
COMMAND: GET /session/9eab2abfb92109d83111f8a107828286/screenshot - {}
RESULT: {}
COMMAND: POST /session/9eab2abfb92109d83111f8a107828286/element - {"using":"xpath","value":"//button[@data-kt=\"saveButton\"]"}
RESULT: {"using":"xpath","value":"//button[@data-kt=\"saveButton\"]"}
COMMAND: POST /session/9eab2abfb92109d83111f8a107828286/element/f.5DB0E6D2BB4820C6A36F69CDDED9F1D7.d.C7DDBA6F5A39ABB8C1444DF453E7AAAF.e.7290/click - {}
RESULT: {}
COMMAND: GET /session/9eab2abfb92109d83111f8a107828286/screenshot - {}
RESULT: {}
COMMAND: POST /session/9eab2abfb92109d83111f8a107828286/element - {"using":"xpath","value":"//header[contains(@id, 'ObjectPageLayout-headerTitle')]/div[1]/div[2]/div[2]/span[1]"}
RESULT: {"using":"xpath","value":"//header[contains(@id, 'ObjectPageLayout-headerTitle')]/div[1]/div[2]/div[2]/span[1]"}
COMMAND: POST /session/9eab2abfb92109d83111f8a107828286/elements - {"using":"xpath","value":"//header[contains(@id, 'ObjectPageLayout-headerTitle')]/div[1]/div[2]/div[2]/span[1]"}
RESULT: {"using":"xpath","value":"//header[contains(@id, 'ObjectPageLayout-headerTitle')]/div[1]/div[2]/div[2]/span[1]"}
COMMAND: POST /session/9eab2abfb92109d83111f8a107828286/execute/sync - {"script":"<script> [56 bytes]","args":[{"element-6066-11e4-a52e-4f735466cecf":"f.5DB0E6D2BB4820C6A36F69CDDED9F1D7.d.C7DDBA6F5A39ABB8C1444DF453E7AAAF.e.7610","ELEMENT":"f.5DB0E6D2BB4820C6A36F69CDDED9F1D7.d.C7DDBA6F5A39ABB8C1444DF453E7AAAF.e.7610"}]}
RESULT: {"script":"<script> [56 bytes]","args":[{"element-6066-11e4-a52e-4f735466cecf":"f.5DB0E6D2BB4820C6A36F69CDDED9F1D7.d.C7DDBA6F5A39ABB8C1444DF453E7AAAF.e.7610","ELEMENT":"f.5DB0E6D2BB4820C6A36F69CDDED9F1D7.d.C7DDBA6F5A39ABB8C1444DF453E7AAAF.e.7610"}]}
COMMAND: POST /session/9eab2abfb92109d83111f8a107828286/element - {"using":"css selector","value":"#shell-header-logo"}
COMMAND: GET /session/9eab2abfb92109d83111f8a107828286/screenshot - {}
RESULT: {"using":"css selector","value":"#shell-header-logo"}
COMMAND: POST /session/9eab2abfb92109d83111f8a107828286/element/f.5DB0E6D2BB4820C6A36F69CDDED9F1D7.d.C7DDBA6F5A39ABB8C1444DF453E7AAAF.e.6831/click - {}
RESULT: {}
RESULT: {}
COMMAND: GET /session/9eab2abfb92109d83111f8a107828286/screenshot - {}
RESULT: {}
COMMAND: POST /session/9eab2abfb92109d83111f8a107828286/execute/sync - {"script":"<script> [299 bytes]","args":[["getModel","getResource"]]}
RESULT: {"script":"<script> [299 bytes]","args":[["getModel","getResource"]]}
]]></system-out>
    </testcase>
    <testcase classname="chrome.136_0_7103_93.windows.Create_master_data_for_mixed_billing_&amp;_do_billing_calculation_US151661" name="Should create a new site" time="158.256">
      <system-out><![CDATA[
COMMAND: GET /session/9eab2abfb92109d83111f8a107828286/screenshot - {}
COMMAND: POST /session/9eab2abfb92109d83111f8a107828286/execute/async - {"script":"<script> [1562 bytes]","args":[{"selector":{"controlType":"sap.m.GenericTile","properties":{"header":"Manage Sites"}},"wdio_ui5_key":"sapm.GenericTile{\"header\":\"Manage Sites\"}"}]}
RESULT: {}
RESULT: {"script":"<script> [1562 bytes]","args":[{"selector":{"controlType":"sap.m.GenericTile","properties":{"header":"Manage Sites"}},"wdio_ui5_key":"sapm.GenericTile{\"header\":\"Manage Sites\"}"}]}
RESULT: undefined
COMMAND: POST /session/9eab2abfb92109d83111f8a107828286/element - {"using":"xpath","value":"//*[@id=\"__tile40\"]"}
RESULT: {"using":"xpath","value":"//*[@id=\"__tile40\"]"}
COMMAND: POST /session/9eab2abfb92109d83111f8a107828286/element/f.5DB0E6D2BB4820C6A36F69CDDED9F1D7.d.C7DDBA6F5A39ABB8C1444DF453E7AAAF.e.5983/click - {}
RESULT: {}
COMMAND: GET /session/9eab2abfb92109d83111f8a107828286/screenshot - {}
RESULT: {}
COMMAND: POST /session/9eab2abfb92109d83111f8a107828286/elements - {"using":"xpath","value":"//span[text()='Error']"}
RESULT: {"using":"xpath","value":"//span[text()='Error']"}
COMMAND: POST /session/9eab2abfb92109d83111f8a107828286/element - {"using":"xpath","value":"//button[@data-kt=\"addOverflowToolbarButton\"]"}
RESULT: {"using":"xpath","value":"//button[@data-kt=\"addOverflowToolbarButton\"]"}
COMMAND: POST /session/9eab2abfb92109d83111f8a107828286/elements - {"using":"xpath","value":"//button[@data-kt=\"addOverflowToolbarButton\"]"}
RESULT: {"using":"xpath","value":"//button[@data-kt=\"addOverflowToolbarButton\"]"}
COMMAND: POST /session/9eab2abfb92109d83111f8a107828286/execute/sync - {"script":"<script> [8489 bytes]","args":[{"element-6066-11e4-a52e-4f735466cecf":"f.5DB0E6D2BB4820C6A36F69CDDED9F1D7.d.C7DDBA6F5A39ABB8C1444DF453E7AAAF.e.7658","ELEMENT":"f.5DB0E6D2BB4820C6A36F69CDDED9F1D7.d.C7DDBA6F5A39ABB8C1444DF453E7AAAF.e.7658"}]}
RESULT: {"script":"<script> [8489 bytes]","args":[{"element-6066-11e4-a52e-4f735466cecf":"f.5DB0E6D2BB4820C6A36F69CDDED9F1D7.d.C7DDBA6F5A39ABB8C1444DF453E7AAAF.e.7658","ELEMENT":"f.5DB0E6D2BB4820C6A36F69CDDED9F1D7.d.C7DDBA6F5A39ABB8C1444DF453E7AAAF.e.7658"}]}
COMMAND: GET /session/9eab2abfb92109d83111f8a107828286/element/f.5DB0E6D2BB4820C6A36F69CDDED9F1D7.d.C7DDBA6F5A39ABB8C1444DF453E7AAAF.e.7658/enabled - {}
COMMAND: GET /session/9eab2abfb92109d83111f8a107828286/screenshot - {}
RESULT: {}
COMMAND: POST /session/9eab2abfb92109d83111f8a107828286/execute/sync - {"script":"<script> [8489 bytes]","args":[{"element-6066-11e4-a52e-4f735466cecf":"f.5DB0E6D2BB4820C6A36F69CDDED9F1D7.d.C7DDBA6F5A39ABB8C1444DF453E7AAAF.e.7658","ELEMENT":"f.5DB0E6D2BB4820C6A36F69CDDED9F1D7.d.C7DDBA6F5A39ABB8C1444DF453E7AAAF.e.7658"}]}
COMMAND: GET /session/9eab2abfb92109d83111f8a107828286/screenshot - {}
RESULT: {}
RESULT: {"script":"<script> [8489 bytes]","args":[{"element-6066-11e4-a52e-4f735466cecf":"f.5DB0E6D2BB4820C6A36F69CDDED9F1D7.d.C7DDBA6F5A39ABB8C1444DF453E7AAAF.e.7658","ELEMENT":"f.5DB0E6D2BB4820C6A36F69CDDED9F1D7.d.C7DDBA6F5A39ABB8C1444DF453E7AAAF.e.7658"}]}
COMMAND: POST /session/9eab2abfb92109d83111f8a107828286/execute/sync - {"script":"<script> [5351 bytes]","args":[{"element-6066-11e4-a52e-4f735466cecf":"f.5DB0E6D2BB4820C6A36F69CDDED9F1D7.d.C7DDBA6F5A39ABB8C1444DF453E7AAAF.e.7658","ELEMENT":"f.5DB0E6D2BB4820C6A36F69CDDED9F1D7.d.C7DDBA6F5A39ABB8C1444DF453E7AAAF.e.7658"}]}
COMMAND: GET /session/9eab2abfb92109d83111f8a107828286/screenshot - {}
RESULT: {}
RESULT: {"script":"<script> [5351 bytes]","args":[{"element-6066-11e4-a52e-4f735466cecf":"f.5DB0E6D2BB4820C6A36F69CDDED9F1D7.d.C7DDBA6F5A39ABB8C1444DF453E7AAAF.e.7658","ELEMENT":"f.5DB0E6D2BB4820C6A36F69CDDED9F1D7.d.C7DDBA6F5A39ABB8C1444DF453E7AAAF.e.7658"}]}
COMMAND: POST /session/9eab2abfb92109d83111f8a107828286/element/f.5DB0E6D2BB4820C6A36F69CDDED9F1D7.d.C7DDBA6F5A39ABB8C1444DF453E7AAAF.e.7658/click - {}
COMMAND: GET /session/9eab2abfb92109d83111f8a107828286/screenshot - {}
RESULT: {}
RESULT: {}
COMMAND: GET /session/9eab2abfb92109d83111f8a107828286/screenshot - {}
COMMAND: POST /session/9eab2abfb92109d83111f8a107828286/element - {"using":"xpath","value":"//input[@id=\"application-managesites-display-component---NewSite--siteId-inner\"]"}
RESULT: {}
RESULT: {}
RESULT: {"using":"xpath","value":"//input[@id=\"application-managesites-display-component---NewSite--siteId-inner\"]"}
COMMAND: POST /session/9eab2abfb92109d83111f8a107828286/element - {"using":"xpath","value":"//input[@id=\"application-managesites-display-component---NewSite--siteId-inner\"]"}
RESULT: {"using":"xpath","value":"//input[@id=\"application-managesites-display-component---NewSite--siteId-inner\"]"}
COMMAND: POST /session/9eab2abfb92109d83111f8a107828286/execute/async - {"script":"<script> [1562 bytes]","args":[{"selector":{"id":"application-managesites-display-component---NewSite--addressDetailDetailsName1","interaction":{"idSuffix":"inner"}},"wdio_ui5_key":"applicationmanagesites-display-component---NewSite--addressDetailDetailsName1"}]}
RESULT: {"script":"<script> [1562 bytes]","args":[{"selector":{"id":"application-managesites-display-component---NewSite--addressDetailDetailsName1","interaction":{"idSuffix":"inner"}},"wdio_ui5_key":"applicationmanagesites-display-component---NewSite--addressDetailDetailsName1"}]}
RESULT: undefined
COMMAND: POST /session/9eab2abfb92109d83111f8a107828286/execute/async - {"script":"<script> [776 bytes]","args":[{"enterText":"Intercompany Site wdIO","selector":{"id":"application-managesites-display-component---NewSite--addressDetailDetailsName1","interaction":{"idSuffix":"inner"}},"clearTextFirst":true,"interactionType":"ENTER_TEXT"}]}
RESULT: {"script":"<script> [776 bytes]","args":[{"enterText":"Intercompany Site wdIO","selector":{"id":"application-managesites-display-component---NewSite--addressDetailDetailsName1","interaction":{"idSuffix":"inner"}},"clearTextFirst":true,"interactionType":"ENTER_TEXT"}]}
COMMAND: POST /session/9eab2abfb92109d83111f8a107828286/execute/async - {"script":"<script> [1562 bytes]","args":[{"selector":{"id":"application-managesites-display-component---NewSite--addressDetailDetailsLanguage-arrow"},"wdio_ui5_key":"applicationmanagesites-display-component---NewSite--addressDetailDetailsLanguage-arrow"}]}
RESULT: {"script":"<script> [1562 bytes]","args":[{"selector":{"id":"application-managesites-display-component---NewSite--addressDetailDetailsLanguage-arrow"},"wdio_ui5_key":"applicationmanagesites-display-component---NewSite--addressDetailDetailsLanguage-arrow"}]}
RESULT: undefined
COMMAND: POST /session/9eab2abfb92109d83111f8a107828286/element - {"using":"xpath","value":"//*[@id=\"application-managesites-display-component---NewSite--addressDetailDetailsLanguage-arrow\"]"}
RESULT: {"using":"xpath","value":"//*[@id=\"application-managesites-display-component---NewSite--addressDetailDetailsLanguage-arrow\"]"}
COMMAND: POST /session/9eab2abfb92109d83111f8a107828286/element/f.5DB0E6D2BB4820C6A36F69CDDED9F1D7.d.C7DDBA6F5A39ABB8C1444DF453E7AAAF.e.8059/click - {}
RESULT: {}
COMMAND: POST /session/9eab2abfb92109d83111f8a107828286/element - {"using":"xpath","value":"//span[contains(text(), \"English\")]"}
COMMAND: GET /session/9eab2abfb92109d83111f8a107828286/screenshot - {}
RESULT: {"using":"xpath","value":"//span[contains(text(), \"English\")]"}
COMMAND: POST /session/9eab2abfb92109d83111f8a107828286/element/f.5DB0E6D2BB4820C6A36F69CDDED9F1D7.d.C7DDBA6F5A39ABB8C1444DF453E7AAAF.e.8060/click - {}
RESULT: {}
RESULT: {}
COMMAND: POST /session/9eab2abfb92109d83111f8a107828286/execute/async - {"script":"<script> [1562 bytes]","args":[{"selector":{"id":"application-managesites-display-component---NewSite--addressDetailDetailsCity1","interaction":{"idSuffix":"inner"}},"wdio_ui5_key":"applicationmanagesites-display-component---NewSite--addressDetailDetailsCity1"}]}
COMMAND: GET /session/9eab2abfb92109d83111f8a107828286/screenshot - {}
RESULT: {"script":"<script> [1562 bytes]","args":[{"selector":{"id":"application-managesites-display-component---NewSite--addressDetailDetailsCity1","interaction":{"idSuffix":"inner"}},"wdio_ui5_key":"applicationmanagesites-display-component---NewSite--addressDetailDetailsCity1"}]}
RESULT: undefined
COMMAND: POST /session/9eab2abfb92109d83111f8a107828286/execute/async - {"script":"<script> [776 bytes]","args":[{"enterText":"Rosario","selector":{"id":"application-managesites-display-component---NewSite--addressDetailDetailsCity1","interaction":{"idSuffix":"inner"}},"clearTextFirst":true,"interactionType":"ENTER_TEXT"}]}
RESULT: {}
RESULT: {"script":"<script> [776 bytes]","args":[{"enterText":"Rosario","selector":{"id":"application-managesites-display-component---NewSite--addressDetailDetailsCity1","interaction":{"idSuffix":"inner"}},"clearTextFirst":true,"interactionType":"ENTER_TEXT"}]}
COMMAND: POST /session/9eab2abfb92109d83111f8a107828286/execute/async - {"script":"<script> [1562 bytes]","args":[{"selector":{"id":"application-managesites-display-component---NewSite--addressDetailDetailsCountry-arrow"},"wdio_ui5_key":"applicationmanagesites-display-component---NewSite--addressDetailDetailsCountry-arrow"}]}
RESULT: {"script":"<script> [1562 bytes]","args":[{"selector":{"id":"application-managesites-display-component---NewSite--addressDetailDetailsCountry-arrow"},"wdio_ui5_key":"applicationmanagesites-display-component---NewSite--addressDetailDetailsCountry-arrow"}]}
RESULT: undefined
COMMAND: POST /session/9eab2abfb92109d83111f8a107828286/element - {"using":"xpath","value":"//*[@id=\"application-managesites-display-component---NewSite--addressDetailDetailsCountry-arrow\"]"}
RESULT: {"using":"xpath","value":"//*[@id=\"application-managesites-display-component---NewSite--addressDetailDetailsCountry-arrow\"]"}
COMMAND: POST /session/9eab2abfb92109d83111f8a107828286/element/f.5DB0E6D2BB4820C6A36F69CDDED9F1D7.d.C7DDBA6F5A39ABB8C1444DF453E7AAAF.e.8062/click - {}
RESULT: {}
COMMAND: POST /session/9eab2abfb92109d83111f8a107828286/element - {"using":"xpath","value":"//span[contains(text(), \"Argentina\")]"}
COMMAND: GET /session/9eab2abfb92109d83111f8a107828286/screenshot - {}
RESULT: {"using":"xpath","value":"//span[contains(text(), \"Argentina\")]"}
COMMAND: POST /session/9eab2abfb92109d83111f8a107828286/element/f.5DB0E6D2BB4820C6A36F69CDDED9F1D7.d.C7DDBA6F5A39ABB8C1444DF453E7AAAF.e.8064/click - {}
RESULT: {}
RESULT: {}
COMMAND: GET /session/9eab2abfb92109d83111f8a107828286/screenshot - {}
RESULT: {}
COMMAND: POST /session/9eab2abfb92109d83111f8a107828286/execute/async - {"script":"<script> [1562 bytes]","args":[{"selector":{"id":"application-managesites-display-component---NewSite--addressEditDetailsCostObjectCstType-arrow"},"wdio_ui5_key":"applicationmanagesites-display-component---NewSite--addressEditDetailsCostObjectCstType-arrow"}]}
RESULT: {"script":"<script> [1562 bytes]","args":[{"selector":{"id":"application-managesites-display-component---NewSite--addressEditDetailsCostObjectCstType-arrow"},"wdio_ui5_key":"applicationmanagesites-display-component---NewSite--addressEditDetailsCostObjectCstType-arrow"}]}
RESULT: undefined
COMMAND: POST /session/9eab2abfb92109d83111f8a107828286/element - {"using":"xpath","value":"//*[@id=\"application-managesites-display-component---NewSite--addressEditDetailsCostObjectCstType-arrow\"]"}
RESULT: {"using":"xpath","value":"//*[@id=\"application-managesites-display-component---NewSite--addressEditDetailsCostObjectCstType-arrow\"]"}
COMMAND: POST /session/9eab2abfb92109d83111f8a107828286/element/f.5DB0E6D2BB4820C6A36F69CDDED9F1D7.d.C7DDBA6F5A39ABB8C1444DF453E7AAAF.e.8065/click - {}
RESULT: {}
COMMAND: POST /session/9eab2abfb92109d83111f8a107828286/element - {"using":"xpath","value":"//span[contains(text(), \"Cost Center\")]"}
COMMAND: GET /session/9eab2abfb92109d83111f8a107828286/screenshot - {}
RESULT: {"using":"xpath","value":"//span[contains(text(), \"Cost Center\")]"}
COMMAND: POST /session/9eab2abfb92109d83111f8a107828286/element/f.5DB0E6D2BB4820C6A36F69CDDED9F1D7.d.C7DDBA6F5A39ABB8C1444DF453E7AAAF.e.8066/click - {}
RESULT: {}
RESULT: {}
COMMAND: GET /session/9eab2abfb92109d83111f8a107828286/screenshot - {}
RESULT: {}
COMMAND: POST /session/9eab2abfb92109d83111f8a107828286/element - {"using":"xpath","value":"//span[@id=\"application-managesites-display-component---NewSite--addressNewCostObjectCstID-vhi\"]"}
RESULT: {"using":"xpath","value":"//span[@id=\"application-managesites-display-component---NewSite--addressNewCostObjectCstID-vhi\"]"}
COMMAND: POST /session/9eab2abfb92109d83111f8a107828286/execute/sync - {"script":"<script> [8489 bytes]","args":[{"element-6066-11e4-a52e-4f735466cecf":"f.5DB0E6D2BB4820C6A36F69CDDED9F1D7.d.C7DDBA6F5A39ABB8C1444DF453E7AAAF.e.8070","ELEMENT":"f.5DB0E6D2BB4820C6A36F69CDDED9F1D7.d.C7DDBA6F5A39ABB8C1444DF453E7AAAF.e.8070"}]}
RESULT: {"script":"<script> [8489 bytes]","args":[{"element-6066-11e4-a52e-4f735466cecf":"f.5DB0E6D2BB4820C6A36F69CDDED9F1D7.d.C7DDBA6F5A39ABB8C1444DF453E7AAAF.e.8070","ELEMENT":"f.5DB0E6D2BB4820C6A36F69CDDED9F1D7.d.C7DDBA6F5A39ABB8C1444DF453E7AAAF.e.8070"}]}
COMMAND: POST /session/9eab2abfb92109d83111f8a107828286/execute/async - {"script":"<script> [1562 bytes]","args":[{"selector":{"id":"application-managesites-display-component---NewSite--addressNewCostObjectCstID-vhi"},"wdio_ui5_key":"applicationmanagesites-display-component---NewSite--addressNewCostObjectCstID-vhi"}]}
COMMAND: GET /session/9eab2abfb92109d83111f8a107828286/screenshot - {}
RESULT: {"script":"<script> [1562 bytes]","args":[{"selector":{"id":"application-managesites-display-component---NewSite--addressNewCostObjectCstID-vhi"},"wdio_ui5_key":"applicationmanagesites-display-component---NewSite--addressNewCostObjectCstID-vhi"}]}
RESULT: undefined
COMMAND: POST /session/9eab2abfb92109d83111f8a107828286/element - {"using":"xpath","value":"//*[@id=\"application-managesites-display-component---NewSite--addressNewCostObjectCstID-vhi\"]"}
RESULT: {}
RESULT: {"using":"xpath","value":"//*[@id=\"application-managesites-display-component---NewSite--addressNewCostObjectCstID-vhi\"]"}
COMMAND: POST /session/9eab2abfb92109d83111f8a107828286/element/f.5DB0E6D2BB4820C6A36F69CDDED9F1D7.d.C7DDBA6F5A39ABB8C1444DF453E7AAAF.e.8070/click - {}
RESULT: {}
COMMAND: GET /session/9eab2abfb92109d83111f8a107828286/screenshot - {}
RESULT: {}
RESULT: undefined
COMMAND: POST /session/9eab2abfb92109d83111f8a107828286/execute/async - {"script":"<script> [776 bytes]","args":[{"enterText":"10001013","selector":{"controlType":"sap.m.SearchField","properties":{"placeholder":"Search"},"searchOpenDialogs":true,"interaction":{"idSuffix":"I"}},"clearTextFirst":true,"interactionType":"ENTER_TEXT"}]}
RESULT: {"script":"<script> [776 bytes]","args":[{"enterText":"10001013","selector":{"controlType":"sap.m.SearchField","properties":{"placeholder":"Search"},"searchOpenDialogs":true,"interaction":{"idSuffix":"I"}},"clearTextFirst":true,"interactionType":"ENTER_TEXT"}]}
COMMAND: POST /session/9eab2abfb92109d83111f8a107828286/actions - {"actions":[{"id":"action26","type":"key","parameters":{},"actions":[{"type":"keyDown","value":""},{"type":"pause","duration":10},{"type":"keyUp","value":""}]}]}
RESULT: {"actions":[{"id":"action26","type":"key","parameters":{},"actions":[{"type":"keyDown","value":""},{"type":"pause","duration":10},{"type":"keyUp","value":""}]}]}
COMMAND: GET /session/9eab2abfb92109d83111f8a107828286/screenshot - {}
RESULT: {}
COMMAND: POST /session/9eab2abfb92109d83111f8a107828286/element - {"using":"xpath","value":"//span[contains(text(), \"General Management\")]"}
RESULT: {"using":"xpath","value":"//span[contains(text(), \"General Management\")]"}
COMMAND: POST /session/9eab2abfb92109d83111f8a107828286/element/f.5DB0E6D2BB4820C6A36F69CDDED9F1D7.d.C7DDBA6F5A39ABB8C1444DF453E7AAAF.e.8110/click - {}
RESULT: {}
COMMAND: GET /session/9eab2abfb92109d83111f8a107828286/screenshot - {}
RESULT: {}
COMMAND: POST /session/9eab2abfb92109d83111f8a107828286/element - {"using":"xpath","value":"//bdi[contains(text(), \"OK\")]"}
RESULT: {"using":"xpath","value":"//bdi[contains(text(), \"OK\")]"}
COMMAND: POST /session/9eab2abfb92109d83111f8a107828286/element/f.5DB0E6D2BB4820C6A36F69CDDED9F1D7.d.C7DDBA6F5A39ABB8C1444DF453E7AAAF.e.8111/click - {}
RESULT: {}
COMMAND: GET /session/9eab2abfb92109d83111f8a107828286/screenshot - {}
RESULT: {}
COMMAND: POST /session/9eab2abfb92109d83111f8a107828286/element - {"using":"xpath","value":"//input[@id=\"application-managesites-display-component---NewSite--addressDetailDetailsCalendar-inner\"]"}
RESULT: {"using":"xpath","value":"//input[@id=\"application-managesites-display-component---NewSite--addressDetailDetailsCalendar-inner\"]"}
COMMAND: POST /session/9eab2abfb92109d83111f8a107828286/element/f.5DB0E6D2BB4820C6A36F69CDDED9F1D7.d.C7DDBA6F5A39ABB8C1444DF453E7AAAF.e.7856/clear - {}
RESULT: {}
COMMAND: POST /session/9eab2abfb92109d83111f8a107828286/element/f.5DB0E6D2BB4820C6A36F69CDDED9F1D7.d.C7DDBA6F5A39ABB8C1444DF453E7AAAF.e.7856/value - {"text":"Unit"}
COMMAND: GET /session/9eab2abfb92109d83111f8a107828286/screenshot - {}
RESULT: {"text":"Unit"}
COMMAND: GET /session/9eab2abfb92109d83111f8a107828286/screenshot - {}
RESULT: {}
RESULT: {}
COMMAND: POST /session/9eab2abfb92109d83111f8a107828286/actions - {"actions":[{"id":"action27","type":"key","parameters":{},"actions":[{"type":"keyDown","value":""},{"type":"pause","duration":10},{"type":"keyUp","value":""}]}]}
RESULT: {"actions":[{"id":"action27","type":"key","parameters":{},"actions":[{"type":"keyDown","value":""},{"type":"pause","duration":10},{"type":"keyUp","value":""}]}]}
COMMAND: POST /session/9eab2abfb92109d83111f8a107828286/element - {"using":"xpath","value":"//input[@id=\"application-managesites-display-component---NewSite--addressDetailDetailsYard-inner\"]"}
COMMAND: GET /session/9eab2abfb92109d83111f8a107828286/screenshot - {}
RESULT: {"using":"xpath","value":"//input[@id=\"application-managesites-display-component---NewSite--addressDetailDetailsYard-inner\"]"}
COMMAND: POST /session/9eab2abfb92109d83111f8a107828286/element/f.5DB0E6D2BB4820C6A36F69CDDED9F1D7.d.C7DDBA6F5A39ABB8C1444DF453E7AAAF.e.7857/clear - {}
RESULT: {}
RESULT: {}
COMMAND: POST /session/9eab2abfb92109d83111f8a107828286/element/f.5DB0E6D2BB4820C6A36F69CDDED9F1D7.d.C7DDBA6F5A39ABB8C1444DF453E7AAAF.e.7857/value - {"text":"398"}
COMMAND: GET /session/9eab2abfb92109d83111f8a107828286/screenshot - {}
RESULT: {"text":"398"}
COMMAND: GET /session/9eab2abfb92109d83111f8a107828286/screenshot - {}
RESULT: {}
RESULT: {}
COMMAND: POST /session/9eab2abfb92109d83111f8a107828286/element - {"using":"xpath","value":"//li[.//span[text()='398']]"}
RESULT: {"using":"xpath","value":"//li[.//span[text()='398']]"}
COMMAND: POST /session/9eab2abfb92109d83111f8a107828286/element/f.5DB0E6D2BB4820C6A36F69CDDED9F1D7.d.C7DDBA6F5A39ABB8C1444DF453E7AAAF.e.8119/click - {}
RESULT: {}
COMMAND: GET /session/9eab2abfb92109d83111f8a107828286/screenshot - {}
RESULT: {}
COMMAND: POST /session/9eab2abfb92109d83111f8a107828286/element - {"using":"xpath","value":"//input[@id=\"application-managesites-display-component---NewSite--addressDetailDetailsPartner-inner\"]"}
RESULT: {"using":"xpath","value":"//input[@id=\"application-managesites-display-component---NewSite--addressDetailDetailsPartner-inner\"]"}
COMMAND: POST /session/9eab2abfb92109d83111f8a107828286/element - {"using":"xpath","value":"//input[@id=\"application-managesites-display-component---NewSite--addressDetailDetailsPartner-inner\"]"}
RESULT: {"using":"xpath","value":"//input[@id=\"application-managesites-display-component---NewSite--addressDetailDetailsPartner-inner\"]"}
COMMAND: POST /session/9eab2abfb92109d83111f8a107828286/element - {"using":"xpath","value":"//button[@data-kt=\"saveButton\"]"}
RESULT: {"using":"xpath","value":"//button[@data-kt=\"saveButton\"]"}
COMMAND: POST /session/9eab2abfb92109d83111f8a107828286/element/f.5DB0E6D2BB4820C6A36F69CDDED9F1D7.d.C7DDBA6F5A39ABB8C1444DF453E7AAAF.e.8052/click - {}
RESULT: {}
COMMAND: GET /session/9eab2abfb92109d83111f8a107828286/screenshot - {}
COMMAND: POST /session/9eab2abfb92109d83111f8a107828286/element - {"using":"xpath","value":"//header[contains(@id, 'ObjectPageLayout-headerTitle')]/div[1]/div[2]/div[2]/span[1]"}
RESULT: {}
RESULT: {"using":"xpath","value":"//header[contains(@id, 'ObjectPageLayout-headerTitle')]/div[1]/div[2]/div[2]/span[1]"}
COMMAND: POST /session/9eab2abfb92109d83111f8a107828286/elements - {"using":"xpath","value":"//header[contains(@id, 'ObjectPageLayout-headerTitle')]/div[1]/div[2]/div[2]/span[1]"}
RESULT: {"using":"xpath","value":"//header[contains(@id, 'ObjectPageLayout-headerTitle')]/div[1]/div[2]/div[2]/span[1]"}
COMMAND: POST /session/9eab2abfb92109d83111f8a107828286/execute/sync - {"script":"<script> [56 bytes]","args":[{"element-6066-11e4-a52e-4f735466cecf":"f.5DB0E6D2BB4820C6A36F69CDDED9F1D7.d.C7DDBA6F5A39ABB8C1444DF453E7AAAF.e.8321","ELEMENT":"f.5DB0E6D2BB4820C6A36F69CDDED9F1D7.d.C7DDBA6F5A39ABB8C1444DF453E7AAAF.e.8321"}]}
RESULT: {"script":"<script> [56 bytes]","args":[{"element-6066-11e4-a52e-4f735466cecf":"f.5DB0E6D2BB4820C6A36F69CDDED9F1D7.d.C7DDBA6F5A39ABB8C1444DF453E7AAAF.e.8321","ELEMENT":"f.5DB0E6D2BB4820C6A36F69CDDED9F1D7.d.C7DDBA6F5A39ABB8C1444DF453E7AAAF.e.8321"}]}
COMMAND: POST /session/9eab2abfb92109d83111f8a107828286/element - {"using":"css selector","value":"#shell-header-logo"}
COMMAND: GET /session/9eab2abfb92109d83111f8a107828286/screenshot - {}
RESULT: {"using":"css selector","value":"#shell-header-logo"}
COMMAND: POST /session/9eab2abfb92109d83111f8a107828286/element/f.5DB0E6D2BB4820C6A36F69CDDED9F1D7.d.C7DDBA6F5A39ABB8C1444DF453E7AAAF.e.7615/click - {}
RESULT: {}
RESULT: {}
COMMAND: GET /session/9eab2abfb92109d83111f8a107828286/screenshot - {}
RESULT: {}
COMMAND: POST /session/9eab2abfb92109d83111f8a107828286/execute/sync - {"script":"<script> [299 bytes]","args":[["getModel","getResource"]]}
RESULT: {"script":"<script> [299 bytes]","args":[["getModel","getResource"]]}
COMMAND: POST /session/9eab2abfb92109d83111f8a107828286/actions - {"actions":[{"id":"action28","type":"key","parameters":{},"actions":[{"type":"keyDown","value":""},{"type":"pause","duration":10},{"type":"keyUp","value":""}]}]}
COMMAND: GET /session/9eab2abfb92109d83111f8a107828286/screenshot - {}
RESULT: {"actions":[{"id":"action28","type":"key","parameters":{},"actions":[{"type":"keyDown","value":""},{"type":"pause","duration":10},{"type":"keyUp","value":""}]}]}
COMMAND: GET /session/9eab2abfb92109d83111f8a107828286/screenshot - {}
RESULT: {}
RESULT: {}
COMMAND: POST /session/9eab2abfb92109d83111f8a107828286/refresh - {}
RESULT: {}
COMMAND: GET /session/9eab2abfb92109d83111f8a107828286/screenshot - {}
RESULT: {}
COMMAND: POST /session/9eab2abfb92109d83111f8a107828286/refresh - {}
RESULT: {}
COMMAND: GET /session/9eab2abfb92109d83111f8a107828286/screenshot - {}
RESULT: {}
COMMAND: POST /session/9eab2abfb92109d83111f8a107828286/window/fullscreen - {}
RESULT: {}
COMMAND: POST /session/9eab2abfb92109d83111f8a107828286/execute/async - {"script":"<script> [189 bytes]","args":[]}
RESULT: {"script":"<script> [189 bytes]","args":[]}
COMMAND: POST /session/9eab2abfb92109d83111f8a107828286/execute/async - {"script":"<script> [123 bytes]","args":[]}
RESULT: {"script":"<script> [123 bytes]","args":[]}
COMMAND: POST /session/9eab2abfb92109d83111f8a107828286/timeouts - {"script":"<number>"}
RESULT: {"script":"<number>"}
COMMAND: GET /session/9eab2abfb92109d83111f8a107828286/timeouts - {}
RESULT: {}
RESULT: undefined
COMMAND: POST /session/9eab2abfb92109d83111f8a107828286/execute/async - {"script":"<script> [2676 bytes]","args":[]}
RESULT: {"script":"<script> [2676 bytes]","args":[]}
COMMAND: POST /session/9eab2abfb92109d83111f8a107828286/execute/async - {"script":"<script> [2342 bytes]","args":[{"protocol":"http","hostname":"0.0.0.0","path":"/","capabilities":{"browserName":"chrome","goog:chromeOptions":{"binary":"C:\\Program Files\\Google\\Chrome\\Application\\chrome.exe","args":["--start-maximized"]}},"logLevel":"warn","connectionRetryTimeout":120000,"connectionRetryCount":3,"logLevels":{},"enableDirectConnect":true,"strictSSL":true,"_":"65 more keys: [\"cacheDir\",\"port\",\"requestedCapabilities\",\"automationProtocol\",\"baseUrl\",\"waitforInterval\",\"waitforTimeout\",\"onReload\",\"beforeCommand\",\"afterCommand\",\"rootDir\",\"specs\",\"suites\",\"exclude\",\"groupLogsByTestSpec\",\"excludeDriverLogs\",\"bail\",\"framework\",\"reporters\",\"services\",\"maxInstances\",\"maxInstancesPerCapability\",\"injectGlobals\",\"filesToWatch\",\"execArgv\",\"runnerEnv\",\"runner\",\"shard\",\"specFileRetries\",\"specFileRetriesDelay\",\"specFileRetriesDeferred\",\"reporterSyncInterval\",\"reporterSyncTimeout\",\"cucumberFeaturesWithLineNumbers\",\"autoCompileOpts\",\"mochaOpts\",\"jasmineOpts\",\"cucumberOpts\",\"onPrepare\",\"onWorkerStart\",\"onWorkerEnd\",\"before\",\"beforeSession\",\"beforeSuite\",\"beforeHook\",\"beforeTest\",\"afterTest\",\"afterHook\",\"afterSuite\",\"afterSession\",\"after\",\"onComplete\",\"beforeAssertion\",\"afterAssertion\",\"beforeFeature\",\"beforeScenario\",\"beforeStep\",\"afterStep\",\"afterScenario\",\"afterFeature\",\"_\",\"suite\",\"$0\",\"ignoredWorkerServices\",\"wdi5\"]"}]}
RESULT: {"script":"<script> [2342 bytes]","args":[{"protocol":"http","hostname":"0.0.0.0","path":"/","capabilities":{"browserName":"chrome","goog:chromeOptions":{"binary":"C:\\Program Files\\Google\\Chrome\\Application\\chrome.exe","args":["--start-maximized"]}},"logLevel":"warn","connectionRetryTimeout":120000,"connectionRetryCount":3,"logLevels":{},"enableDirectConnect":true,"strictSSL":true,"_":"65 more keys: [\"cacheDir\",\"port\",\"requestedCapabilities\",\"automationProtocol\",\"baseUrl\",\"waitforInterval\",\"waitforTimeout\",\"onReload\",\"beforeCommand\",\"afterCommand\",\"rootDir\",\"specs\",\"suites\",\"exclude\",\"groupLogsByTestSpec\",\"excludeDriverLogs\",\"bail\",\"framework\",\"reporters\",\"services\",\"maxInstances\",\"maxInstancesPerCapability\",\"injectGlobals\",\"filesToWatch\",\"execArgv\",\"runnerEnv\",\"runner\",\"shard\",\"specFileRetries\",\"specFileRetriesDelay\",\"specFileRetriesDeferred\",\"reporterSyncInterval\",\"reporterSyncTimeout\",\"cucumberFeaturesWithLineNumbers\",\"autoCompileOpts\",\"mochaOpts\",\"jasmineOpts\",\"cucumberOpts\",\"onPrepare\",\"onWorkerStart\",\"onWorkerEnd\",\"before\",\"beforeSession\",\"beforeSuite\",\"beforeHook\",\"beforeTest\",\"afterTest\",\"afterHook\",\"afterSuite\",\"afterSession\",\"after\",\"onComplete\",\"beforeAssertion\",\"afterAssertion\",\"beforeFeature\",\"beforeScenario\",\"beforeStep\",\"afterStep\",\"afterScenario\",\"afterFeature\",\"_\",\"suite\",\"$0\",\"ignoredWorkerServices\",\"wdi5\"]"}]}
COMMAND: POST /session/9eab2abfb92109d83111f8a107828286/execute/async - {"script":"<script> [21126 bytes]","args":[35000]}
RESULT: {"script":"<script> [21126 bytes]","args":[35000]}
COMMAND: POST /session/9eab2abfb92109d83111f8a107828286/window/fullscreen - {}
RESULT: {}
]]></system-out>
    </testcase>
    <testcase classname="chrome.136_0_7103_93.windows.Create_master_data_for_mixed_billing_&amp;_do_billing_calculation_US151661" name="Should create a new equipment and add a counter to it" time="193.371">
      <system-out><![CDATA[
COMMAND: POST /session/9eab2abfb92109d83111f8a107828286/execute/async - {"script":"<script> [1562 bytes]","args":[{"selector":{"controlType":"sap.m.GenericTile","properties":{"header":"Manage Resources"}},"wdio_ui5_key":"sapm.GenericTile{\"header\":\"Manage Resources\"}"}]}
RESULT: {"script":"<script> [1562 bytes]","args":[{"selector":{"controlType":"sap.m.GenericTile","properties":{"header":"Manage Resources"}},"wdio_ui5_key":"sapm.GenericTile{\"header\":\"Manage Resources\"}"}]}
RESULT: undefined
COMMAND: POST /session/9eab2abfb92109d83111f8a107828286/element - {"using":"xpath","value":"//*[@id=\"__tile31\"]"}
RESULT: {"using":"xpath","value":"//*[@id=\"__tile31\"]"}
COMMAND: POST /session/9eab2abfb92109d83111f8a107828286/element/f.5DB0E6D2BB4820C6A36F69CDDED9F1D7.d.1A74A0375FCC3321F4B320CCE85E67C8.e.8397/click - {}
RESULT: {}
COMMAND: GET /session/9eab2abfb92109d83111f8a107828286/screenshot - {}
RESULT: {}
COMMAND: POST /session/9eab2abfb92109d83111f8a107828286/elements - {"using":"xpath","value":"//span[text()='Error']"}
RESULT: {"using":"xpath","value":"//span[text()='Error']"}
COMMAND: POST /session/9eab2abfb92109d83111f8a107828286/element - {"using":"xpath","value":"//button[@data-kt=\"addNewRUOverflowToolbarButton\"]"}
RESULT: {"using":"xpath","value":"//button[@data-kt=\"addNewRUOverflowToolbarButton\"]"}
COMMAND: POST /session/9eab2abfb92109d83111f8a107828286/elements - {"using":"xpath","value":"//button[@data-kt=\"addNewRUOverflowToolbarButton\"]"}
RESULT: {"using":"xpath","value":"//button[@data-kt=\"addNewRUOverflowToolbarButton\"]"}
COMMAND: POST /session/9eab2abfb92109d83111f8a107828286/elements - {"using":"xpath","value":"//button[@data-kt=\"addNewRUOverflowToolbarButton\"]"}
RESULT: {"using":"xpath","value":"//button[@data-kt=\"addNewRUOverflowToolbarButton\"]"}
COMMAND: POST /session/9eab2abfb92109d83111f8a107828286/elements - {"using":"xpath","value":"//button[@data-kt=\"addNewRUOverflowToolbarButton\"]"}
RESULT: {"using":"xpath","value":"//button[@data-kt=\"addNewRUOverflowToolbarButton\"]"}
COMMAND: POST /session/9eab2abfb92109d83111f8a107828286/elements - {"using":"xpath","value":"//button[@data-kt=\"addNewRUOverflowToolbarButton\"]"}
RESULT: {"using":"xpath","value":"//button[@data-kt=\"addNewRUOverflowToolbarButton\"]"}
COMMAND: POST /session/9eab2abfb92109d83111f8a107828286/elements - {"using":"xpath","value":"//button[@data-kt=\"addNewRUOverflowToolbarButton\"]"}
RESULT: {"using":"xpath","value":"//button[@data-kt=\"addNewRUOverflowToolbarButton\"]"}
COMMAND: POST /session/9eab2abfb92109d83111f8a107828286/elements - {"using":"xpath","value":"//button[@data-kt=\"addNewRUOverflowToolbarButton\"]"}
RESULT: {"using":"xpath","value":"//button[@data-kt=\"addNewRUOverflowToolbarButton\"]"}
COMMAND: POST /session/9eab2abfb92109d83111f8a107828286/elements - {"using":"xpath","value":"//button[@data-kt=\"addNewRUOverflowToolbarButton\"]"}
RESULT: {"using":"xpath","value":"//button[@data-kt=\"addNewRUOverflowToolbarButton\"]"}
COMMAND: POST /session/9eab2abfb92109d83111f8a107828286/elements - {"using":"xpath","value":"//button[@data-kt=\"addNewRUOverflowToolbarButton\"]"}
RESULT: {"using":"xpath","value":"//button[@data-kt=\"addNewRUOverflowToolbarButton\"]"}
COMMAND: POST /session/9eab2abfb92109d83111f8a107828286/elements - {"using":"xpath","value":"//button[@data-kt=\"addNewRUOverflowToolbarButton\"]"}
RESULT: {"using":"xpath","value":"//button[@data-kt=\"addNewRUOverflowToolbarButton\"]"}
COMMAND: POST /session/9eab2abfb92109d83111f8a107828286/elements - {"using":"xpath","value":"//button[@data-kt=\"addNewRUOverflowToolbarButton\"]"}
RESULT: {"using":"xpath","value":"//button[@data-kt=\"addNewRUOverflowToolbarButton\"]"}
COMMAND: POST /session/9eab2abfb92109d83111f8a107828286/elements - {"using":"xpath","value":"//button[@data-kt=\"addNewRUOverflowToolbarButton\"]"}
RESULT: {"using":"xpath","value":"//button[@data-kt=\"addNewRUOverflowToolbarButton\"]"}
COMMAND: POST /session/9eab2abfb92109d83111f8a107828286/elements - {"using":"xpath","value":"//button[@data-kt=\"addNewRUOverflowToolbarButton\"]"}
RESULT: {"using":"xpath","value":"//button[@data-kt=\"addNewRUOverflowToolbarButton\"]"}
COMMAND: POST /session/9eab2abfb92109d83111f8a107828286/elements - {"using":"xpath","value":"//button[@data-kt=\"addNewRUOverflowToolbarButton\"]"}
RESULT: {"using":"xpath","value":"//button[@data-kt=\"addNewRUOverflowToolbarButton\"]"}
COMMAND: POST /session/9eab2abfb92109d83111f8a107828286/elements - {"using":"xpath","value":"//button[@data-kt=\"addNewRUOverflowToolbarButton\"]"}
RESULT: {"using":"xpath","value":"//button[@data-kt=\"addNewRUOverflowToolbarButton\"]"}
COMMAND: POST /session/9eab2abfb92109d83111f8a107828286/elements - {"using":"xpath","value":"//button[@data-kt=\"addNewRUOverflowToolbarButton\"]"}
RESULT: {"using":"xpath","value":"//button[@data-kt=\"addNewRUOverflowToolbarButton\"]"}
COMMAND: POST /session/9eab2abfb92109d83111f8a107828286/element - {"using":"xpath","value":"//button[@data-kt=\"addNewRUOverflowToolbarButton\"]"}
RESULT: {"using":"xpath","value":"//button[@data-kt=\"addNewRUOverflowToolbarButton\"]"}
COMMAND: POST /session/9eab2abfb92109d83111f8a107828286/execute/sync - {"script":"<script> [8489 bytes]","args":[{"element-6066-11e4-a52e-4f735466cecf":"f.5DB0E6D2BB4820C6A36F69CDDED9F1D7.d.1A74A0375FCC3321F4B320CCE85E67C8.e.8505","ELEMENT":"f.5DB0E6D2BB4820C6A36F69CDDED9F1D7.d.1A74A0375FCC3321F4B320CCE85E67C8.e.8505"}]}
RESULT: {"script":"<script> [8489 bytes]","args":[{"element-6066-11e4-a52e-4f735466cecf":"f.5DB0E6D2BB4820C6A36F69CDDED9F1D7.d.1A74A0375FCC3321F4B320CCE85E67C8.e.8505","ELEMENT":"f.5DB0E6D2BB4820C6A36F69CDDED9F1D7.d.1A74A0375FCC3321F4B320CCE85E67C8.e.8505"}]}
COMMAND: GET /session/9eab2abfb92109d83111f8a107828286/element/f.5DB0E6D2BB4820C6A36F69CDDED9F1D7.d.1A74A0375FCC3321F4B320CCE85E67C8.e.8505/enabled - {}
COMMAND: GET /session/9eab2abfb92109d83111f8a107828286/screenshot - {}
RESULT: {}
COMMAND: POST /session/9eab2abfb92109d83111f8a107828286/execute/sync - {"script":"<script> [8489 bytes]","args":[{"element-6066-11e4-a52e-4f735466cecf":"f.5DB0E6D2BB4820C6A36F69CDDED9F1D7.d.1A74A0375FCC3321F4B320CCE85E67C8.e.8505","ELEMENT":"f.5DB0E6D2BB4820C6A36F69CDDED9F1D7.d.1A74A0375FCC3321F4B320CCE85E67C8.e.8505"}]}
COMMAND: GET /session/9eab2abfb92109d83111f8a107828286/screenshot - {}
RESULT: {}
RESULT: {"script":"<script> [8489 bytes]","args":[{"element-6066-11e4-a52e-4f735466cecf":"f.5DB0E6D2BB4820C6A36F69CDDED9F1D7.d.1A74A0375FCC3321F4B320CCE85E67C8.e.8505","ELEMENT":"f.5DB0E6D2BB4820C6A36F69CDDED9F1D7.d.1A74A0375FCC3321F4B320CCE85E67C8.e.8505"}]}
COMMAND: POST /session/9eab2abfb92109d83111f8a107828286/execute/sync - {"script":"<script> [5351 bytes]","args":[{"element-6066-11e4-a52e-4f735466cecf":"f.5DB0E6D2BB4820C6A36F69CDDED9F1D7.d.1A74A0375FCC3321F4B320CCE85E67C8.e.8505","ELEMENT":"f.5DB0E6D2BB4820C6A36F69CDDED9F1D7.d.1A74A0375FCC3321F4B320CCE85E67C8.e.8505"}]}
COMMAND: GET /session/9eab2abfb92109d83111f8a107828286/screenshot - {}
RESULT: {}
RESULT: {"script":"<script> [5351 bytes]","args":[{"element-6066-11e4-a52e-4f735466cecf":"f.5DB0E6D2BB4820C6A36F69CDDED9F1D7.d.1A74A0375FCC3321F4B320CCE85E67C8.e.8505","ELEMENT":"f.5DB0E6D2BB4820C6A36F69CDDED9F1D7.d.1A74A0375FCC3321F4B320CCE85E67C8.e.8505"}]}
COMMAND: POST /session/9eab2abfb92109d83111f8a107828286/element/f.5DB0E6D2BB4820C6A36F69CDDED9F1D7.d.1A74A0375FCC3321F4B320CCE85E67C8.e.8505/click - {}
COMMAND: GET /session/9eab2abfb92109d83111f8a107828286/screenshot - {}
RESULT: {}
RESULT: {}
COMMAND: GET /session/9eab2abfb92109d83111f8a107828286/screenshot - {}
RESULT: {}
COMMAND: POST /session/9eab2abfb92109d83111f8a107828286/execute/async - {"script":"<script> [1562 bytes]","args":[{"selector":{"id":"application-manageresources-display-component---newResourceUnit--TYPE-arrow"},"wdio_ui5_key":"applicationmanageresources-display-component---newResourceUnit--TYPE-arrow"}]}
RESULT: {}
RESULT: {"script":"<script> [1562 bytes]","args":[{"selector":{"id":"application-manageresources-display-component---newResourceUnit--TYPE-arrow"},"wdio_ui5_key":"applicationmanageresources-display-component---newResourceUnit--TYPE-arrow"}]}
RESULT: undefined
COMMAND: POST /session/9eab2abfb92109d83111f8a107828286/element - {"using":"xpath","value":"//*[@id=\"application-manageresources-display-component---newResourceUnit--TYPE-arrow\"]"}
RESULT: {"using":"xpath","value":"//*[@id=\"application-manageresources-display-component---newResourceUnit--TYPE-arrow\"]"}
COMMAND: POST /session/9eab2abfb92109d83111f8a107828286/element/f.5DB0E6D2BB4820C6A36F69CDDED9F1D7.d.1A74A0375FCC3321F4B320CCE85E67C8.e.8860/click - {}
RESULT: {}
COMMAND: POST /session/9eab2abfb92109d83111f8a107828286/element - {"using":"xpath","value":"//input[@id=\"application-manageresources-display-component---newResourceUnit--TYPE-inner\"]"}
COMMAND: GET /session/9eab2abfb92109d83111f8a107828286/screenshot - {}
RESULT: {"using":"xpath","value":"//input[@id=\"application-manageresources-display-component---newResourceUnit--TYPE-inner\"]"}
COMMAND: POST /session/9eab2abfb92109d83111f8a107828286/element/f.5DB0E6D2BB4820C6A36F69CDDED9F1D7.d.1A74A0375FCC3321F4B320CCE85E67C8.e.8857/clear - {}
RESULT: {}
RESULT: {}
COMMAND: POST /session/9eab2abfb92109d83111f8a107828286/element/f.5DB0E6D2BB4820C6A36F69CDDED9F1D7.d.1A74A0375FCC3321F4B320CCE85E67C8.e.8857/value - {"text":"Equipment"}
COMMAND: GET /session/9eab2abfb92109d83111f8a107828286/screenshot - {}
RESULT: {"text":"Equipment"}
COMMAND: GET /session/9eab2abfb92109d83111f8a107828286/screenshot - {}
RESULT: {}
RESULT: {}
COMMAND: POST /session/9eab2abfb92109d83111f8a107828286/actions - {"actions":[{"id":"action29","type":"key","parameters":{},"actions":[{"type":"keyDown","value":""},{"type":"pause","duration":10},{"type":"keyUp","value":""}]}]}
RESULT: {"actions":[{"id":"action29","type":"key","parameters":{},"actions":[{"type":"keyDown","value":""},{"type":"pause","duration":10},{"type":"keyUp","value":""}]}]}
COMMAND: POST /session/9eab2abfb92109d83111f8a107828286/execute/async - {"script":"<script> [1562 bytes]","args":[{"selector":{"id":"application-manageresources-display-component---newResourceUnit--resourceId","interaction":{"idSuffix":"inner"}},"wdio_ui5_key":"applicationmanageresources-display-component---newResourceUnit--resourceId"}]}
COMMAND: GET /session/9eab2abfb92109d83111f8a107828286/screenshot - {}
RESULT: {"script":"<script> [1562 bytes]","args":[{"selector":{"id":"application-manageresources-display-component---newResourceUnit--resourceId","interaction":{"idSuffix":"inner"}},"wdio_ui5_key":"applicationmanageresources-display-component---newResourceUnit--resourceId"}]}
RESULT: undefined
COMMAND: POST /session/9eab2abfb92109d83111f8a107828286/execute/async - {"script":"<script> [776 bytes]","args":[{"enterText":"4JOq5pInCp","selector":{"id":"application-manageresources-display-component---newResourceUnit--resourceId","interaction":{"idSuffix":"inner"}},"clearTextFirst":true,"interactionType":"ENTER_TEXT"}]}
RESULT: {}
RESULT: {"script":"<script> [776 bytes]","args":[{"enterText":"4JOq5pInCp","selector":{"id":"application-manageresources-display-component---newResourceUnit--resourceId","interaction":{"idSuffix":"inner"}},"clearTextFirst":true,"interactionType":"ENTER_TEXT"}]}
COMMAND: POST /session/9eab2abfb92109d83111f8a107828286/execute/async - {"script":"<script> [1562 bytes]","args":[{"selector":{"id":"application-manageresources-display-component---newResourceUnit--SHORT_TEXT","interaction":{"idSuffix":"inner"}},"wdio_ui5_key":"applicationmanageresources-display-component---newResourceUnit--SHORT_TEXT"}]}
RESULT: {"script":"<script> [1562 bytes]","args":[{"selector":{"id":"application-manageresources-display-component---newResourceUnit--SHORT_TEXT","interaction":{"idSuffix":"inner"}},"wdio_ui5_key":"applicationmanageresources-display-component---newResourceUnit--SHORT_TEXT"}]}
RESULT: undefined
COMMAND: POST /session/9eab2abfb92109d83111f8a107828286/execute/async - {"script":"<script> [776 bytes]","args":[{"enterText":"Intercompany Equipment WDIO","selector":{"id":"application-manageresources-display-component---newResourceUnit--SHORT_TEXT","interaction":{"idSuffix":"inner"}},"clearTextFirst":true,"interactionType":"ENTER_TEXT"}]}
RESULT: {"script":"<script> [776 bytes]","args":[{"enterText":"Intercompany Equipment WDIO","selector":{"id":"application-manageresources-display-component---newResourceUnit--SHORT_TEXT","interaction":{"idSuffix":"inner"}},"clearTextFirst":true,"interactionType":"ENTER_TEXT"}]}
COMMAND: POST /session/9eab2abfb92109d83111f8a107828286/execute/async - {"script":"<script> [1562 bytes]","args":[{"selector":{"id":"application-manageresources-display-component---newResourceUnit--BASE_UNIT_OF_MEASURE","interaction":{"idSuffix":"inner"}},"wdio_ui5_key":"applicationmanageresources-display-component---newResourceUnit--BASE_UNIT_OF_MEASURE"}]}
RESULT: {"script":"<script> [1562 bytes]","args":[{"selector":{"id":"application-manageresources-display-component---newResourceUnit--BASE_UNIT_OF_MEASURE","interaction":{"idSuffix":"inner"}},"wdio_ui5_key":"applicationmanageresources-display-component---newResourceUnit--BASE_UNIT_OF_MEASURE"}]}
RESULT: undefined
COMMAND: POST /session/9eab2abfb92109d83111f8a107828286/execute/async - {"script":"<script> [776 bytes]","args":[{"enterText":"Piece","selector":{"id":"application-manageresources-display-component---newResourceUnit--BASE_UNIT_OF_MEASURE","interaction":{"idSuffix":"inner"}},"clearTextFirst":true,"interactionType":"ENTER_TEXT"}]}
RESULT: {"script":"<script> [776 bytes]","args":[{"enterText":"Piece","selector":{"id":"application-manageresources-display-component---newResourceUnit--BASE_UNIT_OF_MEASURE","interaction":{"idSuffix":"inner"}},"clearTextFirst":true,"interactionType":"ENTER_TEXT"}]}
COMMAND: POST /session/9eab2abfb92109d83111f8a107828286/execute/async - {"script":"<script> [1562 bytes]","args":[{"selector":{"id":"application-manageresources-display-component---newResourceUnit--WEIGHT_UNIT","interaction":{"idSuffix":"inner"}},"wdio_ui5_key":"applicationmanageresources-display-component---newResourceUnit--WEIGHT_UNIT"}]}
RESULT: {"script":"<script> [1562 bytes]","args":[{"selector":{"id":"application-manageresources-display-component---newResourceUnit--WEIGHT_UNIT","interaction":{"idSuffix":"inner"}},"wdio_ui5_key":"applicationmanageresources-display-component---newResourceUnit--WEIGHT_UNIT"}]}
RESULT: undefined
COMMAND: POST /session/9eab2abfb92109d83111f8a107828286/execute/async - {"script":"<script> [776 bytes]","args":[{"enterText":"Gram","selector":{"id":"application-manageresources-display-component---newResourceUnit--WEIGHT_UNIT","interaction":{"idSuffix":"inner"}},"clearTextFirst":true,"interactionType":"ENTER_TEXT"}]}
RESULT: {"script":"<script> [776 bytes]","args":[{"enterText":"Gram","selector":{"id":"application-manageresources-display-component---newResourceUnit--WEIGHT_UNIT","interaction":{"idSuffix":"inner"}},"clearTextFirst":true,"interactionType":"ENTER_TEXT"}]}
COMMAND: POST /session/9eab2abfb92109d83111f8a107828286/execute/async - {"script":"<script> [1562 bytes]","args":[{"selector":{"id":"application-manageresources-display-component---newResourceUnit--DIMENSION_UNIT","interaction":{"idSuffix":"inner"}},"wdio_ui5_key":"applicationmanageresources-display-component---newResourceUnit--DIMENSION_UNIT"}]}
RESULT: {"script":"<script> [1562 bytes]","args":[{"selector":{"id":"application-manageresources-display-component---newResourceUnit--DIMENSION_UNIT","interaction":{"idSuffix":"inner"}},"wdio_ui5_key":"applicationmanageresources-display-component---newResourceUnit--DIMENSION_UNIT"}]}
RESULT: undefined
COMMAND: POST /session/9eab2abfb92109d83111f8a107828286/execute/async - {"script":"<script> [776 bytes]","args":[{"enterText":"Meter","selector":{"id":"application-manageresources-display-component---newResourceUnit--DIMENSION_UNIT","interaction":{"idSuffix":"inner"}},"clearTextFirst":true,"interactionType":"ENTER_TEXT"}]}
RESULT: {"script":"<script> [776 bytes]","args":[{"enterText":"Meter","selector":{"id":"application-manageresources-display-component---newResourceUnit--DIMENSION_UNIT","interaction":{"idSuffix":"inner"}},"clearTextFirst":true,"interactionType":"ENTER_TEXT"}]}
COMMAND: POST /session/9eab2abfb92109d83111f8a107828286/execute/async - {"script":"<script> [1562 bytes]","args":[{"selector":{"id":"application-manageresources-display-component---newResourceUnit--newRRUPage-anchBar-application-manageresources-display-component---newResourceUnit--control-anchor","interaction":{"idSuffix":"BDI-content"}},"wdio_ui5_key":"applicationmanageresources-display-component---newResourceUnit--newRRUPage-anchBar-application-manageresources-display-component---newResourceUnit--control-anchor"}]}
RESULT: {"script":"<script> [1562 bytes]","args":[{"selector":{"id":"application-manageresources-display-component---newResourceUnit--newRRUPage-anchBar-application-manageresources-display-component---newResourceUnit--control-anchor","interaction":{"idSuffix":"BDI-content"}},"wdio_ui5_key":"applicationmanageresources-display-component---newResourceUnit--newRRUPage-anchBar-application-manageresources-display-component---newResourceUnit--control-anchor"}]}
RESULT: undefined
COMMAND: POST /session/9eab2abfb92109d83111f8a107828286/element - {"using":"xpath","value":"//*[@id=\"application-manageresources-display-component---newResourceUnit--newRRUPage-anchBar-application-manageresources-display-component---newResourceUnit--control-anchor\"]"}
RESULT: {"using":"xpath","value":"//*[@id=\"application-manageresources-display-component---newResourceUnit--newRRUPage-anchBar-application-manageresources-display-component---newResourceUnit--control-anchor\"]"}
COMMAND: POST /session/9eab2abfb92109d83111f8a107828286/element/f.5DB0E6D2BB4820C6A36F69CDDED9F1D7.d.1A74A0375FCC3321F4B320CCE85E67C8.e.9021/click - {}
RESULT: {}
COMMAND: POST /session/9eab2abfb92109d83111f8a107828286/execute/async - {"script":"<script> [1562 bytes]","args":[{"selector":{"id":"application-manageresources-display-component---newResourceUnit--PLANNING_GROUP","interaction":{"idSuffix":"inner"}},"wdio_ui5_key":"applicationmanageresources-display-component---newResourceUnit--PLANNING_GROUP"}]}
COMMAND: GET /session/9eab2abfb92109d83111f8a107828286/screenshot - {}
RESULT: {"script":"<script> [1562 bytes]","args":[{"selector":{"id":"application-manageresources-display-component---newResourceUnit--PLANNING_GROUP","interaction":{"idSuffix":"inner"}},"wdio_ui5_key":"applicationmanageresources-display-component---newResourceUnit--PLANNING_GROUP"}]}
RESULT: undefined
COMMAND: POST /session/9eab2abfb92109d83111f8a107828286/execute/async - {"script":"<script> [776 bytes]","args":[{"enterText":"Heavy Equi","selector":{"id":"application-manageresources-display-component---newResourceUnit--PLANNING_GROUP","interaction":{"idSuffix":"inner"}},"clearTextFirst":true,"interactionType":"ENTER_TEXT"}]}
RESULT: {}
RESULT: {"script":"<script> [776 bytes]","args":[{"enterText":"Heavy Equi","selector":{"id":"application-manageresources-display-component---newResourceUnit--PLANNING_GROUP","interaction":{"idSuffix":"inner"}},"clearTextFirst":true,"interactionType":"ENTER_TEXT"}]}
COMMAND: POST /session/9eab2abfb92109d83111f8a107828286/execute/async - {"script":"<script> [1562 bytes]","args":[{"selector":{"id":"application-manageresources-display-component---newResourceUnit--ITEM_TYPE-arrow"},"wdio_ui5_key":"applicationmanageresources-display-component---newResourceUnit--ITEM_TYPE-arrow"}]}
RESULT: {"script":"<script> [1562 bytes]","args":[{"selector":{"id":"application-manageresources-display-component---newResourceUnit--ITEM_TYPE-arrow"},"wdio_ui5_key":"applicationmanageresources-display-component---newResourceUnit--ITEM_TYPE-arrow"}]}
RESULT: undefined
COMMAND: POST /session/9eab2abfb92109d83111f8a107828286/element - {"using":"xpath","value":"//*[@id=\"application-manageresources-display-component---newResourceUnit--ITEM_TYPE-arrow\"]"}
RESULT: {"using":"xpath","value":"//*[@id=\"application-manageresources-display-component---newResourceUnit--ITEM_TYPE-arrow\"]"}
COMMAND: POST /session/9eab2abfb92109d83111f8a107828286/element/f.5DB0E6D2BB4820C6A36F69CDDED9F1D7.d.1A74A0375FCC3321F4B320CCE85E67C8.e.9030/click - {}
RESULT: {}
COMMAND: POST /session/9eab2abfb92109d83111f8a107828286/element - {"using":"xpath","value":"(//span[contains(text(), \"Resource Unit\")])[2]"}
COMMAND: GET /session/9eab2abfb92109d83111f8a107828286/screenshot - {}
RESULT: {"using":"xpath","value":"(//span[contains(text(), \"Resource Unit\")])[2]"}
COMMAND: POST /session/9eab2abfb92109d83111f8a107828286/element/f.5DB0E6D2BB4820C6A36F69CDDED9F1D7.d.1A74A0375FCC3321F4B320CCE85E67C8.e.9031/click - {}
RESULT: {}
RESULT: {}
COMMAND: GET /session/9eab2abfb92109d83111f8a107828286/screenshot - {}
RESULT: {}
COMMAND: POST /session/9eab2abfb92109d83111f8a107828286/element - {"using":"css selector","value":"#application-manageresources-display-component---newResourceUnit--btnAddTimeSegment"}
RESULT: {"using":"css selector","value":"#application-manageresources-display-component---newResourceUnit--btnAddTimeSegment"}
COMMAND: GET /session/9eab2abfb92109d83111f8a107828286/element/f.5DB0E6D2BB4820C6A36F69CDDED9F1D7.d.1A74A0375FCC3321F4B320CCE85E67C8.e.9039/rect - {}
RESULT: {}
COMMAND: GET /session/9eab2abfb92109d83111f8a107828286/window/rect - {}
RESULT: {}
COMMAND: POST /session/9eab2abfb92109d83111f8a107828286/execute/sync - {"script":"<script> [92 bytes]","args":[]}
RESULT: {"script":"<script> [92 bytes]","args":[]}
COMMAND: POST /session/9eab2abfb92109d83111f8a107828286/actions - {"actions":[{"id":"action30","type":"wheel","parameters":{},"actions":[{"type":"scroll","x":-1888,"y":-32,"deltaX":0,"deltaY":0,"duration":0,"origin":{"element-6066-11e4-a52e-4f735466cecf":"f.5DB0E6D2BB4820C6A36F69CDDED9F1D7.d.1A74A0375FCC3321F4B320CCE85E67C8.e.9039"}}]}]}
COMMAND: GET /session/9eab2abfb92109d83111f8a107828286/screenshot - {}
RESULT: {}
COMMAND: POST /session/9eab2abfb92109d83111f8a107828286/execute/sync - {"script":"<script> [79 bytes]","args":[{"element-6066-11e4-a52e-4f735466cecf":"f.5DB0E6D2BB4820C6A36F69CDDED9F1D7.d.1A74A0375FCC3321F4B320CCE85E67C8.e.9039","ELEMENT":"f.5DB0E6D2BB4820C6A36F69CDDED9F1D7.d.1A74A0375FCC3321F4B320CCE85E67C8.e.9039"},{"block":"start","inline":"nearest"}]}
RESULT: {"script":"<script> [79 bytes]","args":[{"element-6066-11e4-a52e-4f735466cecf":"f.5DB0E6D2BB4820C6A36F69CDDED9F1D7.d.1A74A0375FCC3321F4B320CCE85E67C8.e.9039","ELEMENT":"f.5DB0E6D2BB4820C6A36F69CDDED9F1D7.d.1A74A0375FCC3321F4B320CCE85E67C8.e.9039"},{"block":"start","inline":"nearest"}]}
COMMAND: POST /session/9eab2abfb92109d83111f8a107828286/execute/async - {"script":"<script> [1562 bytes]","args":[{"selector":{"id":"application-manageresources-display-component---newResourceUnit--btnAddTimeSegment","interaction":{"idSuffix":"inner"}},"wdio_ui5_key":"applicationmanageresources-display-component---newResourceUnit--btnAddTimeSegment"}]}
COMMAND: GET /session/9eab2abfb92109d83111f8a107828286/screenshot - {}
RESULT: {"script":"<script> [1562 bytes]","args":[{"selector":{"id":"application-manageresources-display-component---newResourceUnit--btnAddTimeSegment","interaction":{"idSuffix":"inner"}},"wdio_ui5_key":"applicationmanageresources-display-component---newResourceUnit--btnAddTimeSegment"}]}
RESULT: undefined
COMMAND: POST /session/9eab2abfb92109d83111f8a107828286/element - {"using":"xpath","value":"//*[@id=\"application-manageresources-display-component---newResourceUnit--btnAddTimeSegment\"]"}
RESULT: {}
RESULT: {"using":"xpath","value":"//*[@id=\"application-manageresources-display-component---newResourceUnit--btnAddTimeSegment\"]"}
COMMAND: POST /session/9eab2abfb92109d83111f8a107828286/element/f.5DB0E6D2BB4820C6A36F69CDDED9F1D7.d.1A74A0375FCC3321F4B320CCE85E67C8.e.9039/click - {}
RESULT: {}
COMMAND: GET /session/9eab2abfb92109d83111f8a107828286/screenshot - {}
RESULT: {}
COMMAND: POST /session/9eab2abfb92109d83111f8a107828286/element - {"using":"xpath","value":"//input[@id=\"application-manageresources-display-component---newResourceUnit--idRuTSAdmin-application-manageresources-display-component---newResourceUnit--RUTimeSegment-0-inner\"]"}
RESULT: {"using":"xpath","value":"//input[@id=\"application-manageresources-display-component---newResourceUnit--idRuTSAdmin-application-manageresources-display-component---newResourceUnit--RUTimeSegment-0-inner\"]"}
COMMAND: POST /session/9eab2abfb92109d83111f8a107828286/element/f.5DB0E6D2BB4820C6A36F69CDDED9F1D7.d.1A74A0375FCC3321F4B320CCE85E67C8.e.9045/clear - {}
RESULT: {}
COMMAND: POST /session/9eab2abfb92109d83111f8a107828286/element/f.5DB0E6D2BB4820C6A36F69CDDED9F1D7.d.1A74A0375FCC3321F4B320CCE85E67C8.e.9045/value - {"text":"398"}
COMMAND: GET /session/9eab2abfb92109d83111f8a107828286/screenshot - {}
RESULT: {"text":"398"}
COMMAND: GET /session/9eab2abfb92109d83111f8a107828286/screenshot - {}
RESULT: {}
RESULT: {}
COMMAND: POST /session/9eab2abfb92109d83111f8a107828286/element - {"using":"xpath","value":"//li[.//span[text()='398']]"}
RESULT: {"using":"xpath","value":"//li[.//span[text()='398']]"}
COMMAND: POST /session/9eab2abfb92109d83111f8a107828286/element/f.5DB0E6D2BB4820C6A36F69CDDED9F1D7.d.1A74A0375FCC3321F4B320CCE85E67C8.e.9057/click - {}
RESULT: {}
COMMAND: GET /session/9eab2abfb92109d83111f8a107828286/screenshot - {}
RESULT: {}
COMMAND: POST /session/9eab2abfb92109d83111f8a107828286/element - {"using":"xpath","value":"(//span[contains(@id, \"-application-manageresources-display-component---newResourceUnit--RUTimeSegment-0-arrow\")])[6]"}
RESULT: {"using":"xpath","value":"(//span[contains(@id, \"-application-manageresources-display-component---newResourceUnit--RUTimeSegment-0-arrow\")])[6]"}
COMMAND: POST /session/9eab2abfb92109d83111f8a107828286/element/f.5DB0E6D2BB4820C6A36F69CDDED9F1D7.d.1A74A0375FCC3321F4B320CCE85E67C8.e.9058/click - {}
RESULT: {}
COMMAND: GET /session/9eab2abfb92109d83111f8a107828286/screenshot - {}
RESULT: {}
COMMAND: POST /session/9eab2abfb92109d83111f8a107828286/element - {"using":"xpath","value":"//span[contains(text(), \"PM Order\")]"}
RESULT: {"using":"xpath","value":"//span[contains(text(), \"PM Order\")]"}
COMMAND: POST /session/9eab2abfb92109d83111f8a107828286/element/f.5DB0E6D2BB4820C6A36F69CDDED9F1D7.d.1A74A0375FCC3321F4B320CCE85E67C8.e.9061/click - {}
RESULT: {}
COMMAND: GET /session/9eab2abfb92109d83111f8a107828286/screenshot - {}
RESULT: {}
COMMAND: POST /session/9eab2abfb92109d83111f8a107828286/element - {"using":"xpath","value":"(//span[contains(@id ,\"manageresources-display-component---newResourceUnit--RUTimeSegment-0-vhi\")])[1]"}
RESULT: {"using":"xpath","value":"(//span[contains(@id ,\"manageresources-display-component---newResourceUnit--RUTimeSegment-0-vhi\")])[1]"}
COMMAND: GET /session/9eab2abfb92109d83111f8a107828286/element/f.5DB0E6D2BB4820C6A36F69CDDED9F1D7.d.1A74A0375FCC3321F4B320CCE85E67C8.e.9065/rect - {}
RESULT: {}
COMMAND: GET /session/9eab2abfb92109d83111f8a107828286/window/rect - {}
RESULT: {}
COMMAND: POST /session/9eab2abfb92109d83111f8a107828286/execute/sync - {"script":"<script> [92 bytes]","args":[]}
RESULT: {"script":"<script> [92 bytes]","args":[]}
COMMAND: POST /session/9eab2abfb92109d83111f8a107828286/actions - {"actions":[{"id":"action31","type":"wheel","parameters":{},"actions":[{"type":"scroll","x":-869,"y":-24,"deltaX":0,"deltaY":0,"duration":0,"origin":{"element-6066-11e4-a52e-4f735466cecf":"f.5DB0E6D2BB4820C6A36F69CDDED9F1D7.d.1A74A0375FCC3321F4B320CCE85E67C8.e.9065"}}]}]}
COMMAND: GET /session/9eab2abfb92109d83111f8a107828286/screenshot - {}
RESULT: {"actions":[{"id":"action31","type":"wheel","parameters":{},"actions":[{"type":"scroll","x":-869,"y":-24,"deltaX":0,"deltaY":0,"duration":0,"origin":{"element-6066-11e4-a52e-4f735466cecf":"f.5DB0E6D2BB4820C6A36F69CDDED9F1D7.d.1A74A0375FCC3321F4B320CCE85E67C8.e.9065"}}]}]}
COMMAND: DELETE /session/9eab2abfb92109d83111f8a107828286/actions - {}
COMMAND: GET /session/9eab2abfb92109d83111f8a107828286/screenshot - {}
RESULT: {}
RESULT: {}
COMMAND: GET /session/9eab2abfb92109d83111f8a107828286/screenshot - {}
RESULT: {}
RESULT: {}
COMMAND: POST /session/9eab2abfb92109d83111f8a107828286/element/f.5DB0E6D2BB4820C6A36F69CDDED9F1D7.d.1A74A0375FCC3321F4B320CCE85E67C8.e.9065/click - {}
RESULT: {}
COMMAND: GET /session/9eab2abfb92109d83111f8a107828286/screenshot - {}
RESULT: {}
COMMAND: POST /session/9eab2abfb92109d83111f8a107828286/execute/async - {"script":"<script> [1562 bytes]","args":[{"selector":{"controlType":"sap.m.SearchField","properties":{"placeholder":"Search"},"searchOpenDialogs":true,"interaction":{"idSuffix":"I"}},"wdio_ui5_key":"sapm.SearchField{\"placeholder\":\"Search\"}"}]}
RESULT: {"script":"<script> [1562 bytes]","args":[{"selector":{"controlType":"sap.m.SearchField","properties":{"placeholder":"Search"},"searchOpenDialogs":true,"interaction":{"idSuffix":"I"}},"wdio_ui5_key":"sapm.SearchField{\"placeholder\":\"Search\"}"}]}
RESULT: undefined
COMMAND: POST /session/9eab2abfb92109d83111f8a107828286/execute/async - {"script":"<script> [776 bytes]","args":[{"enterText":"4000360","selector":{"controlType":"sap.m.SearchField","properties":{"placeholder":"Search"},"searchOpenDialogs":true,"interaction":{"idSuffix":"I"}},"clearTextFirst":true,"interactionType":"ENTER_TEXT"}]}
RESULT: {"script":"<script> [776 bytes]","args":[{"enterText":"4000360","selector":{"controlType":"sap.m.SearchField","properties":{"placeholder":"Search"},"searchOpenDialogs":true,"interaction":{"idSuffix":"I"}},"clearTextFirst":true,"interactionType":"ENTER_TEXT"}]}
COMMAND: POST /session/9eab2abfb92109d83111f8a107828286/actions - {"actions":[{"id":"action32","type":"key","parameters":{},"actions":[{"type":"keyDown","value":""},{"type":"pause","duration":10},{"type":"keyUp","value":""}]}]}
RESULT: {"actions":[{"id":"action32","type":"key","parameters":{},"actions":[{"type":"keyDown","value":""},{"type":"pause","duration":10},{"type":"keyUp","value":""}]}]}
COMMAND: GET /session/9eab2abfb92109d83111f8a107828286/screenshot - {}
RESULT: {}
COMMAND: POST /session/9eab2abfb92109d83111f8a107828286/element - {"using":"xpath","value":"//td/div/span[contains(text(), \"BGL Vehicles\")]"}
RESULT: {"using":"xpath","value":"//td/div/span[contains(text(), \"BGL Vehicles\")]"}
COMMAND: POST /session/9eab2abfb92109d83111f8a107828286/element/f.5DB0E6D2BB4820C6A36F69CDDED9F1D7.d.1A74A0375FCC3321F4B320CCE85E67C8.e.9087/click - {}
RESULT: {}
COMMAND: GET /session/9eab2abfb92109d83111f8a107828286/screenshot - {}
RESULT: {}
COMMAND: POST /session/9eab2abfb92109d83111f8a107828286/element - {"using":"xpath","value":"//bdi[contains(text(), \"OK\")]"}
RESULT: {"using":"xpath","value":"//bdi[contains(text(), \"OK\")]"}
COMMAND: POST /session/9eab2abfb92109d83111f8a107828286/element/f.5DB0E6D2BB4820C6A36F69CDDED9F1D7.d.1A74A0375FCC3321F4B320CCE85E67C8.e.9088/click - {}
RESULT: {}
COMMAND: GET /session/9eab2abfb92109d83111f8a107828286/screenshot - {}
RESULT: {}
COMMAND: POST /session/9eab2abfb92109d83111f8a107828286/execute/async - {"script":"<script> [1562 bytes]","args":[{"selector":{"id":"application-manageresources-display-component---newResourceUnit--newRRUPage-anchBar-application-manageresources-display-component---newResourceUnit--resource-anchor","interaction":{"idSuffix":"BDI-content"}},"wdio_ui5_key":"applicationmanageresources-display-component---newResourceUnit--newRRUPage-anchBar-application-manageresources-display-component---newResourceUnit--resource-anchor"}]}
RESULT: {"script":"<script> [1562 bytes]","args":[{"selector":{"id":"application-manageresources-display-component---newResourceUnit--newRRUPage-anchBar-application-manageresources-display-component---newResourceUnit--resource-anchor","interaction":{"idSuffix":"BDI-content"}},"wdio_ui5_key":"applicationmanageresources-display-component---newResourceUnit--newRRUPage-anchBar-application-manageresources-display-component---newResourceUnit--resource-anchor"}]}
RESULT: undefined
COMMAND: POST /session/9eab2abfb92109d83111f8a107828286/element - {"using":"xpath","value":"//*[@id=\"application-manageresources-display-component---newResourceUnit--newRRUPage-anchBar-application-manageresources-display-component---newResourceUnit--resource-anchor\"]"}
RESULT: {"using":"xpath","value":"//*[@id=\"application-manageresources-display-component---newResourceUnit--newRRUPage-anchBar-application-manageresources-display-component---newResourceUnit--resource-anchor\"]"}
COMMAND: POST /session/9eab2abfb92109d83111f8a107828286/element/f.5DB0E6D2BB4820C6A36F69CDDED9F1D7.d.1A74A0375FCC3321F4B320CCE85E67C8.e.9092/click - {}
RESULT: {}
COMMAND: POST /session/9eab2abfb92109d83111f8a107828286/execute/async - {"script":"<script> [1562 bytes]","args":[{"selector":{"id":"application-manageresources-display-component---newResourceUnit--PLANNED_DELIVERY_DATE","interaction":{"idSuffix":"inner"}},"wdio_ui5_key":"applicationmanageresources-display-component---newResourceUnit--PLANNED_DELIVERY_DATE"}]}
COMMAND: GET /session/9eab2abfb92109d83111f8a107828286/screenshot - {}
RESULT: {"script":"<script> [1562 bytes]","args":[{"selector":{"id":"application-manageresources-display-component---newResourceUnit--PLANNED_DELIVERY_DATE","interaction":{"idSuffix":"inner"}},"wdio_ui5_key":"applicationmanageresources-display-component---newResourceUnit--PLANNED_DELIVERY_DATE"}]}
RESULT: undefined
COMMAND: POST /session/9eab2abfb92109d83111f8a107828286/execute/async - {"script":"<script> [6424 bytes]","args":[{"element-6066-11e4-a52e-4f735466cecf":"f.5DB0E6D2BB4820C6A36F69CDDED9F1D7.d.1A74A0375FCC3321F4B320CCE85E67C8.e.8919"},"setValue",["5/27/25"]]}
RESULT: {}
RESULT: {"script":"<script> [6424 bytes]","args":[{"element-6066-11e4-a52e-4f735466cecf":"f.5DB0E6D2BB4820C6A36F69CDDED9F1D7.d.1A74A0375FCC3321F4B320CCE85E67C8.e.8919"},"setValue",["5/27/25"]]}
COMMAND: POST /session/9eab2abfb92109d83111f8a107828286/element - {"using":"xpath","value":"//label[contains(@class, 'sapMLabelRequired') and .//bdi[contains(text(), 'Planned Retirement')]]"}
RESULT: {"using":"xpath","value":"//label[contains(@class, 'sapMLabelRequired') and .//bdi[contains(text(), 'Planned Retirement')]]"}
COMMAND: POST /session/9eab2abfb92109d83111f8a107828286/elements - {"using":"xpath","value":"//label[contains(@class, 'sapMLabelRequired') and .//bdi[contains(text(), 'Planned Retirement')]]"}
RESULT: {"using":"xpath","value":"//label[contains(@class, 'sapMLabelRequired') and .//bdi[contains(text(), 'Planned Retirement')]]"}
COMMAND: POST /session/9eab2abfb92109d83111f8a107828286/element - {"using":"xpath","value":"//button[@data-kt=\"resourceUnitSaveButton\"]"}
RESULT: {"using":"xpath","value":"//button[@data-kt=\"resourceUnitSaveButton\"]"}
COMMAND: POST /session/9eab2abfb92109d83111f8a107828286/element/f.5DB0E6D2BB4820C6A36F69CDDED9F1D7.d.1A74A0375FCC3321F4B320CCE85E67C8.e.8878/click - {}
RESULT: {}
COMMAND: GET /session/9eab2abfb92109d83111f8a107828286/screenshot - {}
RESULT: {}
COMMAND: POST /session/9eab2abfb92109d83111f8a107828286/element - {"using":"xpath","value":"//bdi[contains(text(), \"Close\")]"}
RESULT: {"using":"xpath","value":"//bdi[contains(text(), \"Close\")]"}
COMMAND: POST /session/9eab2abfb92109d83111f8a107828286/element/f.5DB0E6D2BB4820C6A36F69CDDED9F1D7.d.1A74A0375FCC3321F4B320CCE85E67C8.e.9100/click - {}
RESULT: {}
COMMAND: GET /session/9eab2abfb92109d83111f8a107828286/screenshot - {}
RESULT: {}
COMMAND: POST /session/9eab2abfb92109d83111f8a107828286/element - {"using":"xpath","value":"//bdi[contains(text(), \"Edit\")]"}
RESULT: {"using":"xpath","value":"//bdi[contains(text(), \"Edit\")]"}
COMMAND: POST /session/9eab2abfb92109d83111f8a107828286/execute/sync - {"script":"<script> [8489 bytes]","args":[{"element-6066-11e4-a52e-4f735466cecf":"f.5DB0E6D2BB4820C6A36F69CDDED9F1D7.d.1A74A0375FCC3321F4B320CCE85E67C8.e.9148","ELEMENT":"f.5DB0E6D2BB4820C6A36F69CDDED9F1D7.d.1A74A0375FCC3321F4B320CCE85E67C8.e.9148"}]}
RESULT: {"script":"<script> [8489 bytes]","args":[{"element-6066-11e4-a52e-4f735466cecf":"f.5DB0E6D2BB4820C6A36F69CDDED9F1D7.d.1A74A0375FCC3321F4B320CCE85E67C8.e.9148","ELEMENT":"f.5DB0E6D2BB4820C6A36F69CDDED9F1D7.d.1A74A0375FCC3321F4B320CCE85E67C8.e.9148"}]}
COMMAND: POST /session/9eab2abfb92109d83111f8a107828286/element/f.5DB0E6D2BB4820C6A36F69CDDED9F1D7.d.1A74A0375FCC3321F4B320CCE85E67C8.e.9148/click - {}
COMMAND: GET /session/9eab2abfb92109d83111f8a107828286/screenshot - {}
RESULT: {}
RESULT: {}
COMMAND: GET /session/9eab2abfb92109d83111f8a107828286/screenshot - {}
RESULT: {}
COMMAND: POST /session/9eab2abfb92109d83111f8a107828286/execute/async - {"script":"<script> [1562 bytes]","args":[{"selector":{"id":"application-manageresources-display-component---editResource--editRruPage-anchBar-application-manageresources-display-component---editResource--counters-anchor","interaction":{"idSuffix":"BDI-content"}},"wdio_ui5_key":"applicationmanageresources-display-component---editResource--editRruPage-anchBar-application-manageresources-display-component---editResource--counters-anchor"}]}
RESULT: {"script":"<script> [1562 bytes]","args":[{"selector":{"id":"application-manageresources-display-component---editResource--editRruPage-anchBar-application-manageresources-display-component---editResource--counters-anchor","interaction":{"idSuffix":"BDI-content"}},"wdio_ui5_key":"applicationmanageresources-display-component---editResource--editRruPage-anchBar-application-manageresources-display-component---editResource--counters-anchor"}]}
RESULT: undefined
COMMAND: POST /session/9eab2abfb92109d83111f8a107828286/element - {"using":"xpath","value":"//*[@id=\"application-manageresources-display-component---editResource--editRruPage-anchBar-application-manageresources-display-component---editResource--counters-anchor\"]"}
RESULT: {"using":"xpath","value":"//*[@id=\"application-manageresources-display-component---editResource--editRruPage-anchBar-application-manageresources-display-component---editResource--counters-anchor\"]"}
COMMAND: POST /session/9eab2abfb92109d83111f8a107828286/element/f.5DB0E6D2BB4820C6A36F69CDDED9F1D7.d.1A74A0375FCC3321F4B320CCE85E67C8.e.9307/click - {}
RESULT: {}
COMMAND: GET /session/9eab2abfb92109d83111f8a107828286/screenshot - {}
RESULT: {}
COMMAND: POST /session/9eab2abfb92109d83111f8a107828286/execute/async - {"script":"<script> [1562 bytes]","args":[{"selector":{"id":"application-manageresources-display-component---editResource--btnAddCounter-img"},"wdio_ui5_key":"applicationmanageresources-display-component---editResource--btnAddCounter-img"}]}
RESULT: {"script":"<script> [1562 bytes]","args":[{"selector":{"id":"application-manageresources-display-component---editResource--btnAddCounter-img"},"wdio_ui5_key":"applicationmanageresources-display-component---editResource--btnAddCounter-img"}]}
RESULT: undefined
COMMAND: POST /session/9eab2abfb92109d83111f8a107828286/element - {"using":"xpath","value":"//*[@id=\"application-manageresources-display-component---editResource--btnAddCounter-img\"]"}
RESULT: {"using":"xpath","value":"//*[@id=\"application-manageresources-display-component---editResource--btnAddCounter-img\"]"}
COMMAND: POST /session/9eab2abfb92109d83111f8a107828286/element/f.5DB0E6D2BB4820C6A36F69CDDED9F1D7.d.1A74A0375FCC3321F4B320CCE85E67C8.e.9314/click - {}
RESULT: {}
COMMAND: POST /session/9eab2abfb92109d83111f8a107828286/execute/async - {"script":"<script> [1562 bytes]","args":[{"selector":{"id":"application-manageresources-display-component---editResource--COUNTER_ID-application-manageresources-display-component---editResource--RUCounters-0-arrow"},"wdio_ui5_key":"applicationmanageresources-display-component---editResource--COUNTER_ID-application-manageresources-display-component---editResource--RUCounters-0-arrow"}]}
COMMAND: GET /session/9eab2abfb92109d83111f8a107828286/screenshot - {}
RESULT: {"script":"<script> [1562 bytes]","args":[{"selector":{"id":"application-manageresources-display-component---editResource--COUNTER_ID-application-manageresources-display-component---editResource--RUCounters-0-arrow"},"wdio_ui5_key":"applicationmanageresources-display-component---editResource--COUNTER_ID-application-manageresources-display-component---editResource--RUCounters-0-arrow"}]}
RESULT: undefined
COMMAND: POST /session/9eab2abfb92109d83111f8a107828286/element - {"using":"xpath","value":"//*[@id=\"application-manageresources-display-component---editResource--COUNTER_ID-application-manageresources-display-component---editResource--RUCounters-0-arrow\"]"}
RESULT: {}
RESULT: {"using":"xpath","value":"//*[@id=\"application-manageresources-display-component---editResource--COUNTER_ID-application-manageresources-display-component---editResource--RUCounters-0-arrow\"]"}
COMMAND: POST /session/9eab2abfb92109d83111f8a107828286/element/f.5DB0E6D2BB4820C6A36F69CDDED9F1D7.d.1A74A0375FCC3321F4B320CCE85E67C8.e.9319/click - {}
RESULT: {}
COMMAND: POST /session/9eab2abfb92109d83111f8a107828286/execute/async - {"script":"<script> [1562 bytes]","args":[{"selector":{"controlType":"sap.m.StandardListItem","viewName":"etm.portal.ui.manageresources.view.EditResource","viewId":"application-manageresources-display-component---editResource","properties":{"title":"fuel"},"searchOpenDialogs":true,"interaction":{"idSuffix":"content"}},"wdio_ui5_key":"etmportal.ui.manageresources.view.EditResourcesap.m.StandardListItem{\"title\":\"fuel\"}"}]}
COMMAND: GET /session/9eab2abfb92109d83111f8a107828286/screenshot - {}
RESULT: {"script":"<script> [1562 bytes]","args":[{"selector":{"controlType":"sap.m.StandardListItem","viewName":"etm.portal.ui.manageresources.view.EditResource","viewId":"application-manageresources-display-component---editResource","properties":{"title":"fuel"},"searchOpenDialogs":true,"interaction":{"idSuffix":"content"}},"wdio_ui5_key":"etmportal.ui.manageresources.view.EditResourcesap.m.StandardListItem{\"title\":\"fuel\"}"}]}
RESULT: undefined
COMMAND: POST /session/9eab2abfb92109d83111f8a107828286/element - {"using":"xpath","value":"//*[@id=\"__item956\"]"}
RESULT: {}
RESULT: {"using":"xpath","value":"//*[@id=\"__item956\"]"}
COMMAND: POST /session/9eab2abfb92109d83111f8a107828286/element/f.5DB0E6D2BB4820C6A36F69CDDED9F1D7.d.1A74A0375FCC3321F4B320CCE85E67C8.e.9321/click - {}
RESULT: {}
COMMAND: GET /session/9eab2abfb92109d83111f8a107828286/screenshot - {}
RESULT: {}
COMMAND: POST /session/9eab2abfb92109d83111f8a107828286/element - {"using":"xpath","value":"//button[@data-kt=\"saveButton\"]"}
RESULT: {"using":"xpath","value":"//button[@data-kt=\"saveButton\"]"}
COMMAND: POST /session/9eab2abfb92109d83111f8a107828286/element/f.5DB0E6D2BB4820C6A36F69CDDED9F1D7.d.1A74A0375FCC3321F4B320CCE85E67C8.e.9322/click - {}
RESULT: {}
COMMAND: GET /session/9eab2abfb92109d83111f8a107828286/screenshot - {}
RESULT: {}
COMMAND: POST /session/9eab2abfb92109d83111f8a107828286/element - {"using":"xpath","value":"(//button[contains(@id ,\"actionsToolbar-overflowButton\")])[1]"}
RESULT: {"using":"xpath","value":"(//button[contains(@id ,\"actionsToolbar-overflowButton\")])[1]"}
COMMAND: POST /session/9eab2abfb92109d83111f8a107828286/element/f.5DB0E6D2BB4820C6A36F69CDDED9F1D7.d.1A74A0375FCC3321F4B320CCE85E67C8.e.9333/click - {}
RESULT: {}
COMMAND: GET /session/9eab2abfb92109d83111f8a107828286/screenshot - {}
RESULT: {}
COMMAND: POST /session/9eab2abfb92109d83111f8a107828286/element - {"using":"xpath","value":"//button[@data-kt=\"priceInfoButton\"]"}
RESULT: {"using":"xpath","value":"//button[@data-kt=\"priceInfoButton\"]"}
COMMAND: POST /session/9eab2abfb92109d83111f8a107828286/element/f.5DB0E6D2BB4820C6A36F69CDDED9F1D7.d.1A74A0375FCC3321F4B320CCE85E67C8.e.9335/click - {}
RESULT: {}
COMMAND: GET /session/9eab2abfb92109d83111f8a107828286/screenshot - {}
]]></system-out>
    </testcase>
    <testcase classname="chrome.136_0_7103_93.windows.Create_master_data_for_mixed_billing_&amp;_do_billing_calculation_US151661" name="Should create a TB pricing procedure" time="65.318">
      <system-out><![CDATA[
COMMAND: POST /session/9eab2abfb92109d83111f8a107828286/element - {"using":"xpath","value":"//button[@data-kt=\"addButton\"]"}
RESULT: {}
RESULT: {"using":"xpath","value":"//button[@data-kt=\"addButton\"]"}
COMMAND: POST /session/9eab2abfb92109d83111f8a107828286/elements - {"using":"xpath","value":"//button[@data-kt=\"addButton\"]"}
RESULT: {"using":"xpath","value":"//button[@data-kt=\"addButton\"]"}
COMMAND: POST /session/9eab2abfb92109d83111f8a107828286/element - {"using":"xpath","value":"//button[@data-kt=\"addButton\"]"}
RESULT: {"using":"xpath","value":"//button[@data-kt=\"addButton\"]"}
COMMAND: POST /session/9eab2abfb92109d83111f8a107828286/execute/sync - {"script":"<script> [8489 bytes]","args":[{"element-6066-11e4-a52e-4f735466cecf":"f.5DB0E6D2BB4820C6A36F69CDDED9F1D7.d.1A74A0375FCC3321F4B320CCE85E67C8.e.9371","ELEMENT":"f.5DB0E6D2BB4820C6A36F69CDDED9F1D7.d.1A74A0375FCC3321F4B320CCE85E67C8.e.9371"}]}
RESULT: {"script":"<script> [8489 bytes]","args":[{"element-6066-11e4-a52e-4f735466cecf":"f.5DB0E6D2BB4820C6A36F69CDDED9F1D7.d.1A74A0375FCC3321F4B320CCE85E67C8.e.9371","ELEMENT":"f.5DB0E6D2BB4820C6A36F69CDDED9F1D7.d.1A74A0375FCC3321F4B320CCE85E67C8.e.9371"}]}
COMMAND: GET /session/9eab2abfb92109d83111f8a107828286/element/f.5DB0E6D2BB4820C6A36F69CDDED9F1D7.d.1A74A0375FCC3321F4B320CCE85E67C8.e.9371/enabled - {}
COMMAND: GET /session/9eab2abfb92109d83111f8a107828286/screenshot - {}
RESULT: {}
COMMAND: POST /session/9eab2abfb92109d83111f8a107828286/execute/sync - {"script":"<script> [8489 bytes]","args":[{"element-6066-11e4-a52e-4f735466cecf":"f.5DB0E6D2BB4820C6A36F69CDDED9F1D7.d.1A74A0375FCC3321F4B320CCE85E67C8.e.9371","ELEMENT":"f.5DB0E6D2BB4820C6A36F69CDDED9F1D7.d.1A74A0375FCC3321F4B320CCE85E67C8.e.9371"}]}
COMMAND: GET /session/9eab2abfb92109d83111f8a107828286/screenshot - {}
RESULT: {}
RESULT: {"script":"<script> [8489 bytes]","args":[{"element-6066-11e4-a52e-4f735466cecf":"f.5DB0E6D2BB4820C6A36F69CDDED9F1D7.d.1A74A0375FCC3321F4B320CCE85E67C8.e.9371","ELEMENT":"f.5DB0E6D2BB4820C6A36F69CDDED9F1D7.d.1A74A0375FCC3321F4B320CCE85E67C8.e.9371"}]}
COMMAND: POST /session/9eab2abfb92109d83111f8a107828286/execute/sync - {"script":"<script> [5351 bytes]","args":[{"element-6066-11e4-a52e-4f735466cecf":"f.5DB0E6D2BB4820C6A36F69CDDED9F1D7.d.1A74A0375FCC3321F4B320CCE85E67C8.e.9371","ELEMENT":"f.5DB0E6D2BB4820C6A36F69CDDED9F1D7.d.1A74A0375FCC3321F4B320CCE85E67C8.e.9371"}]}
RESULT: {}
COMMAND: GET /session/9eab2abfb92109d83111f8a107828286/screenshot - {}
RESULT: {"script":"<script> [5351 bytes]","args":[{"element-6066-11e4-a52e-4f735466cecf":"f.5DB0E6D2BB4820C6A36F69CDDED9F1D7.d.1A74A0375FCC3321F4B320CCE85E67C8.e.9371","ELEMENT":"f.5DB0E6D2BB4820C6A36F69CDDED9F1D7.d.1A74A0375FCC3321F4B320CCE85E67C8.e.9371"}]}
COMMAND: POST /session/9eab2abfb92109d83111f8a107828286/element/f.5DB0E6D2BB4820C6A36F69CDDED9F1D7.d.1A74A0375FCC3321F4B320CCE85E67C8.e.9371/click - {}
COMMAND: GET /session/9eab2abfb92109d83111f8a107828286/screenshot - {}
RESULT: {}
RESULT: {}
COMMAND: GET /session/9eab2abfb92109d83111f8a107828286/screenshot - {}
RESULT: {}
RESULT: {}
COMMAND: POST /session/9eab2abfb92109d83111f8a107828286/execute/async - {"script":"<script> [1562 bytes]","args":[{"selector":{"controlType":"sap.m.Title","viewName":"etm.portal.ui.managepricingrules.view.NewItem","viewId":"application-managepricingrules-display-component---newInfoPriceItem","properties":{"text":"New Pricing Rules - Item Level"}},"wdio_ui5_key":"etmportal.ui.managepricingrules.view.NewItemsap.m.Title{\"text\":\"New Pricing Rules - Item Level\"}"}]}
RESULT: {"script":"<script> [1562 bytes]","args":[{"selector":{"controlType":"sap.m.Title","viewName":"etm.portal.ui.managepricingrules.view.NewItem","viewId":"application-managepricingrules-display-component---newInfoPriceItem","properties":{"text":"New Pricing Rules - Item Level"}},"wdio_ui5_key":"etmportal.ui.managepricingrules.view.NewItemsap.m.Title{\"text\":\"New Pricing Rules - Item Level\"}"}]}
RESULT: undefined
COMMAND: POST /session/9eab2abfb92109d83111f8a107828286/execute/async - {"script":"<script> [6424 bytes]","args":[{"element-6066-11e4-a52e-4f735466cecf":"f.5DB0E6D2BB4820C6A36F69CDDED9F1D7.d.1A74A0375FCC3321F4B320CCE85E67C8.e.9529"},"getText",[]]}
RESULT: {"script":"<script> [6424 bytes]","args":[{"element-6066-11e4-a52e-4f735466cecf":"f.5DB0E6D2BB4820C6A36F69CDDED9F1D7.d.1A74A0375FCC3321F4B320CCE85E67C8.e.9529"},"getText",[]]}
COMMAND: POST /session/9eab2abfb92109d83111f8a107828286/execute/async - {"script":"<script> [1562 bytes]","args":[{"selector":{"id":"application-managepricingrules-display-component---newInfoPriceItem--condValidTo","interaction":{"idSuffix":"inner"}},"wdio_ui5_key":"applicationmanagepricingrules-display-component---newInfoPriceItem--condValidTo"}]}
RESULT: {"script":"<script> [1562 bytes]","args":[{"selector":{"id":"application-managepricingrules-display-component---newInfoPriceItem--condValidTo","interaction":{"idSuffix":"inner"}},"wdio_ui5_key":"applicationmanagepricingrules-display-component---newInfoPriceItem--condValidTo"}]}
RESULT: undefined
COMMAND: POST /session/9eab2abfb92109d83111f8a107828286/execute/async - {"script":"<script> [776 bytes]","args":[{"enterText":"1/27/26","selector":{"id":"application-managepricingrules-display-component---newInfoPriceItem--condValidTo","interaction":{"idSuffix":"inner"}},"clearTextFirst":true,"interactionType":"ENTER_TEXT"}]}
RESULT: {"script":"<script> [776 bytes]","args":[{"enterText":"1/27/26","selector":{"id":"application-managepricingrules-display-component---newInfoPriceItem--condValidTo","interaction":{"idSuffix":"inner"}},"clearTextFirst":true,"interactionType":"ENTER_TEXT"}]}
COMMAND: POST /session/9eab2abfb92109d83111f8a107828286/execute/async - {"script":"<script> [1562 bytes]","args":[{"selector":{"id":"application-managepricingrules-display-component---newInfoPriceItem--billType-arrow"},"wdio_ui5_key":"applicationmanagepricingrules-display-component---newInfoPriceItem--billType-arrow"}]}
RESULT: {"script":"<script> [1562 bytes]","args":[{"selector":{"id":"application-managepricingrules-display-component---newInfoPriceItem--billType-arrow"},"wdio_ui5_key":"applicationmanagepricingrules-display-component---newInfoPriceItem--billType-arrow"}]}
RESULT: undefined
COMMAND: POST /session/9eab2abfb92109d83111f8a107828286/element - {"using":"xpath","value":"//*[@id=\"application-managepricingrules-display-component---newInfoPriceItem--billType-arrow\"]"}
RESULT: {"using":"xpath","value":"//*[@id=\"application-managepricingrules-display-component---newInfoPriceItem--billType-arrow\"]"}
COMMAND: POST /session/9eab2abfb92109d83111f8a107828286/element/f.5DB0E6D2BB4820C6A36F69CDDED9F1D7.d.1A74A0375FCC3321F4B320CCE85E67C8.e.9531/click - {}
RESULT: {}
COMMAND: POST /session/9eab2abfb92109d83111f8a107828286/element - {"using":"xpath","value":"//span[contains(text(), \"TB - Time based\")]"}
COMMAND: GET /session/9eab2abfb92109d83111f8a107828286/screenshot - {}
RESULT: {"using":"xpath","value":"//span[contains(text(), \"TB - Time based\")]"}
COMMAND: POST /session/9eab2abfb92109d83111f8a107828286/element/f.5DB0E6D2BB4820C6A36F69CDDED9F1D7.d.1A74A0375FCC3321F4B320CCE85E67C8.e.9532/click - {}
RESULT: {}
RESULT: {}
COMMAND: POST /session/9eab2abfb92109d83111f8a107828286/execute/async - {"script":"<script> [1562 bytes]","args":[{"selector":{"id":"application-managepricingrules-display-component---newInfoPriceItem--priceProc-arrow"},"wdio_ui5_key":"applicationmanagepricingrules-display-component---newInfoPriceItem--priceProc-arrow"}]}
COMMAND: GET /session/9eab2abfb92109d83111f8a107828286/screenshot - {}
RESULT: {"script":"<script> [1562 bytes]","args":[{"selector":{"id":"application-managepricingrules-display-component---newInfoPriceItem--priceProc-arrow"},"wdio_ui5_key":"applicationmanagepricingrules-display-component---newInfoPriceItem--priceProc-arrow"}]}
RESULT: undefined
COMMAND: POST /session/9eab2abfb92109d83111f8a107828286/element - {"using":"xpath","value":"//*[@id=\"application-managepricingrules-display-component---newInfoPriceItem--priceProc-arrow\"]"}
RESULT: {}
RESULT: {"using":"xpath","value":"//*[@id=\"application-managepricingrules-display-component---newInfoPriceItem--priceProc-arrow\"]"}
COMMAND: POST /session/9eab2abfb92109d83111f8a107828286/element/f.5DB0E6D2BB4820C6A36F69CDDED9F1D7.d.1A74A0375FCC3321F4B320CCE85E67C8.e.9496/click - {}
RESULT: {}
COMMAND: POST /session/9eab2abfb92109d83111f8a107828286/element - {"using":"xpath","value":"//span[contains(text(), \"TB - Time based BGL\")]"}
COMMAND: GET /session/9eab2abfb92109d83111f8a107828286/screenshot - {}
RESULT: {"using":"xpath","value":"//span[contains(text(), \"TB - Time based BGL\")]"}
COMMAND: POST /session/9eab2abfb92109d83111f8a107828286/element/f.5DB0E6D2BB4820C6A36F69CDDED9F1D7.d.1A74A0375FCC3321F4B320CCE85E67C8.e.9533/click - {}
RESULT: {}
RESULT: {}
COMMAND: POST /session/9eab2abfb92109d83111f8a107828286/execute/async - {"script":"<script> [1562 bytes]","args":[{"selector":{"id":"application-managepricingrules-display-component---newInfoPriceItem--calcBase-arrow"},"wdio_ui5_key":"applicationmanagepricingrules-display-component---newInfoPriceItem--calcBase-arrow"}]}
COMMAND: GET /session/9eab2abfb92109d83111f8a107828286/screenshot - {}
RESULT: {"script":"<script> [1562 bytes]","args":[{"selector":{"id":"application-managepricingrules-display-component---newInfoPriceItem--calcBase-arrow"},"wdio_ui5_key":"applicationmanagepricingrules-display-component---newInfoPriceItem--calcBase-arrow"}]}
RESULT: undefined
COMMAND: POST /session/9eab2abfb92109d83111f8a107828286/element - {"using":"xpath","value":"//*[@id=\"application-managepricingrules-display-component---newInfoPriceItem--calcBase-arrow\"]"}
RESULT: {}
RESULT: {"using":"xpath","value":"//*[@id=\"application-managepricingrules-display-component---newInfoPriceItem--calcBase-arrow\"]"}
COMMAND: POST /session/9eab2abfb92109d83111f8a107828286/element/f.5DB0E6D2BB4820C6A36F69CDDED9F1D7.d.1A74A0375FCC3321F4B320CCE85E67C8.e.9503/click - {}
RESULT: {}
COMMAND: GET /session/9eab2abfb92109d83111f8a107828286/screenshot - {}
RESULT: {}
COMMAND: POST /session/9eab2abfb92109d83111f8a107828286/element - {"using":"xpath","value":"//span[contains(text(), \"0006 - TB(calendar days)\")]"}
RESULT: {"using":"xpath","value":"//span[contains(text(), \"0006 - TB(calendar days)\")]"}
COMMAND: POST /session/9eab2abfb92109d83111f8a107828286/element/f.5DB0E6D2BB4820C6A36F69CDDED9F1D7.d.1A74A0375FCC3321F4B320CCE85E67C8.e.9534/click - {}
RESULT: {}
COMMAND: GET /session/9eab2abfb92109d83111f8a107828286/screenshot - {}
RESULT: {}
COMMAND: POST /session/9eab2abfb92109d83111f8a107828286/execute/async - {"script":"<script> [1562 bytes]","args":[{"selector":{"id":"application-managepricingrules-display-component---newInfoPriceItem--hoursMonth","interaction":{"idSuffix":"inner"}},"wdio_ui5_key":"applicationmanagepricingrules-display-component---newInfoPriceItem--hoursMonth"}]}
RESULT: {"script":"<script> [1562 bytes]","args":[{"selector":{"id":"application-managepricingrules-display-component---newInfoPriceItem--hoursMonth","interaction":{"idSuffix":"inner"}},"wdio_ui5_key":"applicationmanagepricingrules-display-component---newInfoPriceItem--hoursMonth"}]}
RESULT: undefined
COMMAND: POST /session/9eab2abfb92109d83111f8a107828286/execute/async - {"script":"<script> [776 bytes]","args":[{"enterText":"160","selector":{"id":"application-managepricingrules-display-component---newInfoPriceItem--hoursMonth","interaction":{"idSuffix":"inner"}},"clearTextFirst":true,"interactionType":"ENTER_TEXT"}]}
RESULT: {"script":"<script> [776 bytes]","args":[{"enterText":"160","selector":{"id":"application-managepricingrules-display-component---newInfoPriceItem--hoursMonth","interaction":{"idSuffix":"inner"}},"clearTextFirst":true,"interactionType":"ENTER_TEXT"}]}
COMMAND: POST /session/9eab2abfb92109d83111f8a107828286/execute/async - {"script":"<script> [1562 bytes]","args":[{"selector":{"id":"application-managepricingrules-display-component---newInfoPriceItem--daysMonth","interaction":{"idSuffix":"inner"}},"wdio_ui5_key":"applicationmanagepricingrules-display-component---newInfoPriceItem--daysMonth"}]}
RESULT: {"script":"<script> [1562 bytes]","args":[{"selector":{"id":"application-managepricingrules-display-component---newInfoPriceItem--daysMonth","interaction":{"idSuffix":"inner"}},"wdio_ui5_key":"applicationmanagepricingrules-display-component---newInfoPriceItem--daysMonth"}]}
RESULT: undefined
COMMAND: POST /session/9eab2abfb92109d83111f8a107828286/execute/async - {"script":"<script> [776 bytes]","args":[{"enterText":"30","selector":{"id":"application-managepricingrules-display-component---newInfoPriceItem--daysMonth","interaction":{"idSuffix":"inner"}},"clearTextFirst":true,"interactionType":"ENTER_TEXT"}]}
RESULT: {"script":"<script> [776 bytes]","args":[{"enterText":"30","selector":{"id":"application-managepricingrules-display-component---newInfoPriceItem--daysMonth","interaction":{"idSuffix":"inner"}},"clearTextFirst":true,"interactionType":"ENTER_TEXT"}]}
COMMAND: POST /session/9eab2abfb92109d83111f8a107828286/element - {"using":"xpath","value":"//button[@data-kt=\"saveNewRuleButton\"]"}
RESULT: {"using":"xpath","value":"//button[@data-kt=\"saveNewRuleButton\"]"}
COMMAND: POST /session/9eab2abfb92109d83111f8a107828286/element/f.5DB0E6D2BB4820C6A36F69CDDED9F1D7.d.1A74A0375FCC3321F4B320CCE85E67C8.e.9518/click - {}
RESULT: {}
COMMAND: GET /session/9eab2abfb92109d83111f8a107828286/screenshot - {}
RESULT: {}
COMMAND: POST /session/9eab2abfb92109d83111f8a107828286/execute/async - {"script":"<script> [1562 bytes]","args":[{"selector":{"id":"application-managepricingrules-display-component---priceInfoItem--smartFilterBar-btnBasicSearch","interaction":{"idSuffix":"I"}},"wdio_ui5_key":"applicationmanagepricingrules-display-component---priceInfoItem--smartFilterBar-btnBasicSearch"}]}
RESULT: {"script":"<script> [1562 bytes]","args":[{"selector":{"id":"application-managepricingrules-display-component---priceInfoItem--smartFilterBar-btnBasicSearch","interaction":{"idSuffix":"I"}},"wdio_ui5_key":"applicationmanagepricingrules-display-component---priceInfoItem--smartFilterBar-btnBasicSearch"}]}
RESULT: undefined
COMMAND: POST /session/9eab2abfb92109d83111f8a107828286/execute/async - {"script":"<script> [776 bytes]","args":[{"enterText":"4JOq5pInCp","selector":{"id":"application-managepricingrules-display-component---priceInfoItem--smartFilterBar-btnBasicSearch","interaction":{"idSuffix":"I"}},"clearTextFirst":true,"interactionType":"ENTER_TEXT"}]}
RESULT: {"script":"<script> [776 bytes]","args":[{"enterText":"4JOq5pInCp","selector":{"id":"application-managepricingrules-display-component---priceInfoItem--smartFilterBar-btnBasicSearch","interaction":{"idSuffix":"I"}},"clearTextFirst":true,"interactionType":"ENTER_TEXT"}]}
COMMAND: POST /session/9eab2abfb92109d83111f8a107828286/actions - {"actions":[{"id":"action33","type":"key","parameters":{},"actions":[{"type":"keyDown","value":""},{"type":"pause","duration":10},{"type":"keyUp","value":""}]}]}
RESULT: {"actions":[{"id":"action33","type":"key","parameters":{},"actions":[{"type":"keyDown","value":""},{"type":"pause","duration":10},{"type":"keyUp","value":""}]}]}
COMMAND: GET /session/9eab2abfb92109d83111f8a107828286/screenshot - {}
RESULT: {}
COMMAND: POST /session/9eab2abfb92109d83111f8a107828286/element - {"using":"xpath","value":"//span[@id=\"application-managepricingrules-display-component---priceInfoItem--smartTable-header-inner\"]"}
RESULT: {"using":"xpath","value":"//span[@id=\"application-managepricingrules-display-component---priceInfoItem--smartTable-header-inner\"]"}
COMMAND: POST /session/9eab2abfb92109d83111f8a107828286/elements - {"using":"xpath","value":"//span[@id=\"application-managepricingrules-display-component---priceInfoItem--smartTable-header-inner\"]"}
RESULT: {"using":"xpath","value":"//span[@id=\"application-managepricingrules-display-component---priceInfoItem--smartTable-header-inner\"]"}
COMMAND: POST /session/9eab2abfb92109d83111f8a107828286/execute/sync - {"script":"<script> [56 bytes]","args":[{"element-6066-11e4-a52e-4f735466cecf":"f.5DB0E6D2BB4820C6A36F69CDDED9F1D7.d.1A74A0375FCC3321F4B320CCE85E67C8.e.9560","ELEMENT":"f.5DB0E6D2BB4820C6A36F69CDDED9F1D7.d.1A74A0375FCC3321F4B320CCE85E67C8.e.9560"}]}
RESULT: {"script":"<script> [56 bytes]","args":[{"element-6066-11e4-a52e-4f735466cecf":"f.5DB0E6D2BB4820C6A36F69CDDED9F1D7.d.1A74A0375FCC3321F4B320CCE85E67C8.e.9560","ELEMENT":"f.5DB0E6D2BB4820C6A36F69CDDED9F1D7.d.1A74A0375FCC3321F4B320CCE85E67C8.e.9560"}]}
COMMAND: POST /session/9eab2abfb92109d83111f8a107828286/element - {"using":"css selector","value":"#shell-header-logo"}
COMMAND: GET /session/9eab2abfb92109d83111f8a107828286/screenshot - {}
RESULT: {"using":"css selector","value":"#shell-header-logo"}
COMMAND: POST /session/9eab2abfb92109d83111f8a107828286/element/f.5DB0E6D2BB4820C6A36F69CDDED9F1D7.d.1A74A0375FCC3321F4B320CCE85E67C8.e.8475/click - {}
RESULT: {}
RESULT: {}
COMMAND: GET /session/9eab2abfb92109d83111f8a107828286/screenshot - {}
RESULT: {}
]]></system-out>
    </testcase>
    <testcase classname="chrome.136_0_7103_93.windows.Create_master_data_for_mixed_billing_&amp;_do_billing_calculation_US151661" name="Should add one time condition" time="69.567">
      <system-out><![CDATA[
COMMAND: POST /session/9eab2abfb92109d83111f8a107828286/execute/async - {"script":"<script> [1562 bytes]","args":[{"selector":{"controlType":"sap.m.GenericTile","properties":{"header":"Manage Conditions & Prices"}},"wdio_ui5_key":"sapm.GenericTile{\"header\":\"Manage Conditions & Prices\"}"}]}
RESULT: {"script":"<script> [1562 bytes]","args":[{"selector":{"controlType":"sap.m.GenericTile","properties":{"header":"Manage Conditions & Prices"}},"wdio_ui5_key":"sapm.GenericTile{\"header\":\"Manage Conditions & Prices\"}"}]}
RESULT: undefined
COMMAND: POST /session/9eab2abfb92109d83111f8a107828286/element - {"using":"xpath","value":"//*[@id=\"__tile93\"]"}
RESULT: {"using":"xpath","value":"//*[@id=\"__tile93\"]"}
COMMAND: POST /session/9eab2abfb92109d83111f8a107828286/element/f.5DB0E6D2BB4820C6A36F69CDDED9F1D7.d.1A74A0375FCC3321F4B320CCE85E67C8.e.8460/click - {}
RESULT: {}
COMMAND: GET /session/9eab2abfb92109d83111f8a107828286/screenshot - {}
RESULT: {}
COMMAND: POST /session/9eab2abfb92109d83111f8a107828286/elements - {"using":"xpath","value":"//span[text()='Error']"}
RESULT: {"using":"xpath","value":"//span[text()='Error']"}
COMMAND: POST /session/9eab2abfb92109d83111f8a107828286/element - {"using":"xpath","value":"//button[@aria-label=\"Create\"]"}
RESULT: {"using":"xpath","value":"//button[@aria-label=\"Create\"]"}
COMMAND: POST /session/9eab2abfb92109d83111f8a107828286/elements - {"using":"xpath","value":"//button[@aria-label=\"Create\"]"}
RESULT: {"using":"xpath","value":"//button[@aria-label=\"Create\"]"}
COMMAND: POST /session/9eab2abfb92109d83111f8a107828286/execute/sync - {"script":"<script> [8489 bytes]","args":[{"element-6066-11e4-a52e-4f735466cecf":"f.5DB0E6D2BB4820C6A36F69CDDED9F1D7.d.1A74A0375FCC3321F4B320CCE85E67C8.e.9595","ELEMENT":"f.5DB0E6D2BB4820C6A36F69CDDED9F1D7.d.1A74A0375FCC3321F4B320CCE85E67C8.e.9595"}]}
RESULT: {"script":"<script> [8489 bytes]","args":[{"element-6066-11e4-a52e-4f735466cecf":"f.5DB0E6D2BB4820C6A36F69CDDED9F1D7.d.1A74A0375FCC3321F4B320CCE85E67C8.e.9595","ELEMENT":"f.5DB0E6D2BB4820C6A36F69CDDED9F1D7.d.1A74A0375FCC3321F4B320CCE85E67C8.e.9595"}]}
COMMAND: GET /session/9eab2abfb92109d83111f8a107828286/element/f.5DB0E6D2BB4820C6A36F69CDDED9F1D7.d.1A74A0375FCC3321F4B320CCE85E67C8.e.9595/enabled - {}
COMMAND: GET /session/9eab2abfb92109d83111f8a107828286/screenshot - {}
RESULT: {}
COMMAND: POST /session/9eab2abfb92109d83111f8a107828286/execute/sync - {"script":"<script> [8489 bytes]","args":[{"element-6066-11e4-a52e-4f735466cecf":"f.5DB0E6D2BB4820C6A36F69CDDED9F1D7.d.1A74A0375FCC3321F4B320CCE85E67C8.e.9595","ELEMENT":"f.5DB0E6D2BB4820C6A36F69CDDED9F1D7.d.1A74A0375FCC3321F4B320CCE85E67C8.e.9595"}]}
COMMAND: GET /session/9eab2abfb92109d83111f8a107828286/screenshot - {}
RESULT: {}
RESULT: {"script":"<script> [8489 bytes]","args":[{"element-6066-11e4-a52e-4f735466cecf":"f.5DB0E6D2BB4820C6A36F69CDDED9F1D7.d.1A74A0375FCC3321F4B320CCE85E67C8.e.9595","ELEMENT":"f.5DB0E6D2BB4820C6A36F69CDDED9F1D7.d.1A74A0375FCC3321F4B320CCE85E67C8.e.9595"}]}
COMMAND: POST /session/9eab2abfb92109d83111f8a107828286/execute/sync - {"script":"<script> [5351 bytes]","args":[{"element-6066-11e4-a52e-4f735466cecf":"f.5DB0E6D2BB4820C6A36F69CDDED9F1D7.d.1A74A0375FCC3321F4B320CCE85E67C8.e.9595","ELEMENT":"f.5DB0E6D2BB4820C6A36F69CDDED9F1D7.d.1A74A0375FCC3321F4B320CCE85E67C8.e.9595"}]}
COMMAND: GET /session/9eab2abfb92109d83111f8a107828286/screenshot - {}
RESULT: {}
RESULT: {"script":"<script> [5351 bytes]","args":[{"element-6066-11e4-a52e-4f735466cecf":"f.5DB0E6D2BB4820C6A36F69CDDED9F1D7.d.1A74A0375FCC3321F4B320CCE85E67C8.e.9595","ELEMENT":"f.5DB0E6D2BB4820C6A36F69CDDED9F1D7.d.1A74A0375FCC3321F4B320CCE85E67C8.e.9595"}]}
COMMAND: POST /session/9eab2abfb92109d83111f8a107828286/element/f.5DB0E6D2BB4820C6A36F69CDDED9F1D7.d.1A74A0375FCC3321F4B320CCE85E67C8.e.9595/click - {}
COMMAND: GET /session/9eab2abfb92109d83111f8a107828286/screenshot - {}
RESULT: {}
RESULT: {}
COMMAND: GET /session/9eab2abfb92109d83111f8a107828286/screenshot - {}
RESULT: {}
RESULT: {}
COMMAND: POST /session/9eab2abfb92109d83111f8a107828286/actions - {"actions":[{"id":"action34","type":"key","parameters":{},"actions":[{"type":"keyDown","value":""},{"type":"pause","duration":10},{"type":"keyUp","value":""}]}]}
RESULT: {"actions":[{"id":"action34","type":"key","parameters":{},"actions":[{"type":"keyDown","value":""},{"type":"pause","duration":10},{"type":"keyUp","value":""}]}]}
COMMAND: GET /session/9eab2abfb92109d83111f8a107828286/screenshot - {}
RESULT: {}
COMMAND: POST /session/9eab2abfb92109d83111f8a107828286/execute/async - {"script":"<script> [1562 bytes]","args":[{"selector":{"id":"application-manageconditionprice-display-component---newCondition--condBillCond-arrow"},"wdio_ui5_key":"applicationmanageconditionprice-display-component---newCondition--condBillCond-arrow"}]}
RESULT: {"script":"<script> [1562 bytes]","args":[{"selector":{"id":"application-manageconditionprice-display-component---newCondition--condBillCond-arrow"},"wdio_ui5_key":"applicationmanageconditionprice-display-component---newCondition--condBillCond-arrow"}]}
RESULT: undefined
COMMAND: POST /session/9eab2abfb92109d83111f8a107828286/element - {"using":"xpath","value":"//*[@id=\"application-manageconditionprice-display-component---newCondition--condBillCond-arrow\"]"}
RESULT: {"using":"xpath","value":"//*[@id=\"application-manageconditionprice-display-component---newCondition--condBillCond-arrow\"]"}
COMMAND: POST /session/9eab2abfb92109d83111f8a107828286/element/f.5DB0E6D2BB4820C6A36F69CDDED9F1D7.d.1A74A0375FCC3321F4B320CCE85E67C8.e.9775/click - {}
RESULT: {}
COMMAND: GET /session/9eab2abfb92109d83111f8a107828286/screenshot - {}
RESULT: {}
COMMAND: POST /session/9eab2abfb92109d83111f8a107828286/element - {"using":"xpath","value":"//li[.//span[contains(text(), \"SAPR - Sales price\")]]"}
RESULT: {"using":"xpath","value":"//li[.//span[contains(text(), \"SAPR - Sales price\")]]"}
COMMAND: POST /session/9eab2abfb92109d83111f8a107828286/element/f.5DB0E6D2BB4820C6A36F69CDDED9F1D7.d.1A74A0375FCC3321F4B320CCE85E67C8.e.9778/click - {}
RESULT: {}
COMMAND: GET /session/9eab2abfb92109d83111f8a107828286/screenshot - {}
RESULT: {}
COMMAND: POST /session/9eab2abfb92109d83111f8a107828286/execute/async - {"script":"<script> [1562 bytes]","args":[{"selector":{"id":"application-manageconditionprice-display-component---newCondition--condValidTo","interaction":{"idSuffix":"inner"}},"wdio_ui5_key":"applicationmanageconditionprice-display-component---newCondition--condValidTo"}]}
RESULT: {"script":"<script> [1562 bytes]","args":[{"selector":{"id":"application-manageconditionprice-display-component---newCondition--condValidTo","interaction":{"idSuffix":"inner"}},"wdio_ui5_key":"applicationmanageconditionprice-display-component---newCondition--condValidTo"}]}
RESULT: undefined
COMMAND: POST /session/9eab2abfb92109d83111f8a107828286/execute/async - {"script":"<script> [776 bytes]","args":[{"enterText":"1/27/26","selector":{"id":"application-manageconditionprice-display-component---newCondition--condValidTo","interaction":{"idSuffix":"inner"}},"clearTextFirst":true,"interactionType":"ENTER_TEXT"}]}
RESULT: {"script":"<script> [776 bytes]","args":[{"enterText":"1/27/26","selector":{"id":"application-manageconditionprice-display-component---newCondition--condValidTo","interaction":{"idSuffix":"inner"}},"clearTextFirst":true,"interactionType":"ENTER_TEXT"}]}
COMMAND: POST /session/9eab2abfb92109d83111f8a107828286/element - {"using":"xpath","value":"//input[@id=\"application-manageconditionprice-display-component---newCondition--condRU-inner\"]"}
RESULT: {"using":"xpath","value":"//input[@id=\"application-manageconditionprice-display-component---newCondition--condRU-inner\"]"}
COMMAND: POST /session/9eab2abfb92109d83111f8a107828286/element/f.5DB0E6D2BB4820C6A36F69CDDED9F1D7.d.1A74A0375FCC3321F4B320CCE85E67C8.e.9611/clear - {}
RESULT: {}
COMMAND: POST /session/9eab2abfb92109d83111f8a107828286/element/f.5DB0E6D2BB4820C6A36F69CDDED9F1D7.d.1A74A0375FCC3321F4B320CCE85E67C8.e.9611/value - {"text":"4JOq5pInCp"}
COMMAND: GET /session/9eab2abfb92109d83111f8a107828286/screenshot - {}
RESULT: {"text":"4JOq5pInCp"}
COMMAND: GET /session/9eab2abfb92109d83111f8a107828286/screenshot - {}
RESULT: {}
RESULT: {}
COMMAND: POST /session/9eab2abfb92109d83111f8a107828286/actions - {"actions":[{"id":"action35","type":"key","parameters":{},"actions":[{"type":"keyDown","value":""},{"type":"pause","duration":10},{"type":"keyUp","value":""}]}]}
RESULT: {"actions":[{"id":"action35","type":"key","parameters":{},"actions":[{"type":"keyDown","value":""},{"type":"pause","duration":10},{"type":"keyUp","value":""}]}]}
COMMAND: POST /session/9eab2abfb92109d83111f8a107828286/execute/async - {"script":"<script> [1562 bytes]","args":[{"selector":{"id":"application-manageconditionprice-display-component---newCondition--condBaseQty","interaction":{"idSuffix":"inner"}},"wdio_ui5_key":"applicationmanageconditionprice-display-component---newCondition--condBaseQty"}]}
COMMAND: GET /session/9eab2abfb92109d83111f8a107828286/screenshot - {}
RESULT: {"script":"<script> [1562 bytes]","args":[{"selector":{"id":"application-manageconditionprice-display-component---newCondition--condBaseQty","interaction":{"idSuffix":"inner"}},"wdio_ui5_key":"applicationmanageconditionprice-display-component---newCondition--condBaseQty"}]}
RESULT: undefined
COMMAND: POST /session/9eab2abfb92109d83111f8a107828286/execute/async - {"script":"<script> [776 bytes]","args":[{"enterText":"1","selector":{"id":"application-manageconditionprice-display-component---newCondition--condBaseQty","interaction":{"idSuffix":"inner"}},"clearTextFirst":true,"interactionType":"ENTER_TEXT"}]}
RESULT: {}
RESULT: {"script":"<script> [776 bytes]","args":[{"enterText":"1","selector":{"id":"application-manageconditionprice-display-component---newCondition--condBaseQty","interaction":{"idSuffix":"inner"}},"clearTextFirst":true,"interactionType":"ENTER_TEXT"}]}
COMMAND: POST /session/9eab2abfb92109d83111f8a107828286/execute/async - {"script":"<script> [1562 bytes]","args":[{"selector":{"id":"application-manageconditionprice-display-component---newCondition--condValue","interaction":{"idSuffix":"inner"}},"wdio_ui5_key":"applicationmanageconditionprice-display-component---newCondition--condValue"}]}
RESULT: {"script":"<script> [1562 bytes]","args":[{"selector":{"id":"application-manageconditionprice-display-component---newCondition--condValue","interaction":{"idSuffix":"inner"}},"wdio_ui5_key":"applicationmanageconditionprice-display-component---newCondition--condValue"}]}
RESULT: undefined
COMMAND: POST /session/9eab2abfb92109d83111f8a107828286/execute/async - {"script":"<script> [776 bytes]","args":[{"enterText":"200","selector":{"id":"application-manageconditionprice-display-component---newCondition--condValue","interaction":{"idSuffix":"inner"}},"clearTextFirst":true,"interactionType":"ENTER_TEXT"}]}
RESULT: {"script":"<script> [776 bytes]","args":[{"enterText":"200","selector":{"id":"application-manageconditionprice-display-component---newCondition--condValue","interaction":{"idSuffix":"inner"}},"clearTextFirst":true,"interactionType":"ENTER_TEXT"}]}
COMMAND: POST /session/9eab2abfb92109d83111f8a107828286/execute/async - {"script":"<script> [1562 bytes]","args":[{"selector":{"id":"application-manageconditionprice-display-component---newCondition--condCurr-arrow"},"wdio_ui5_key":"applicationmanageconditionprice-display-component---newCondition--condCurr-arrow"}]}
RESULT: {"script":"<script> [1562 bytes]","args":[{"selector":{"id":"application-manageconditionprice-display-component---newCondition--condCurr-arrow"},"wdio_ui5_key":"applicationmanageconditionprice-display-component---newCondition--condCurr-arrow"}]}
RESULT: undefined
COMMAND: POST /session/9eab2abfb92109d83111f8a107828286/element - {"using":"xpath","value":"//*[@id=\"application-manageconditionprice-display-component---newCondition--condCurr-arrow\"]"}
RESULT: {"using":"xpath","value":"//*[@id=\"application-manageconditionprice-display-component---newCondition--condCurr-arrow\"]"}
COMMAND: POST /session/9eab2abfb92109d83111f8a107828286/element/f.5DB0E6D2BB4820C6A36F69CDDED9F1D7.d.1A74A0375FCC3321F4B320CCE85E67C8.e.9756/click - {}
RESULT: {}
COMMAND: POST /session/9eab2abfb92109d83111f8a107828286/element - {"using":"xpath","value":"//span[contains(text(), \"Euro\")]"}
COMMAND: GET /session/9eab2abfb92109d83111f8a107828286/screenshot - {}
RESULT: {"using":"xpath","value":"//span[contains(text(), \"Euro\")]"}
COMMAND: POST /session/9eab2abfb92109d83111f8a107828286/element/f.5DB0E6D2BB4820C6A36F69CDDED9F1D7.d.1A74A0375FCC3321F4B320CCE85E67C8.e.9816/click - {}
RESULT: {}
RESULT: {}
COMMAND: POST /session/9eab2abfb92109d83111f8a107828286/element - {"using":"xpath","value":"//button[@data-kt=\"saveButton\"]"}
COMMAND: GET /session/9eab2abfb92109d83111f8a107828286/screenshot - {}
RESULT: {"using":"xpath","value":"//button[@data-kt=\"saveButton\"]"}
COMMAND: POST /session/9eab2abfb92109d83111f8a107828286/element/f.5DB0E6D2BB4820C6A36F69CDDED9F1D7.d.1A74A0375FCC3321F4B320CCE85E67C8.e.9757/click - {}
RESULT: {}
RESULT: {}
COMMAND: GET /session/9eab2abfb92109d83111f8a107828286/screenshot - {}
RESULT: {}
COMMAND: POST /session/9eab2abfb92109d83111f8a107828286/execute/async - {"script":"<script> [1562 bytes]","args":[{"selector":{"id":"application-manageconditionprice-display-component---conditions--smartFilterBar-btnBasicSearch","interaction":{"idSuffix":"I"}},"wdio_ui5_key":"applicationmanageconditionprice-display-component---conditions--smartFilterBar-btnBasicSearch"}]}
RESULT: {"script":"<script> [1562 bytes]","args":[{"selector":{"id":"application-manageconditionprice-display-component---conditions--smartFilterBar-btnBasicSearch","interaction":{"idSuffix":"I"}},"wdio_ui5_key":"applicationmanageconditionprice-display-component---conditions--smartFilterBar-btnBasicSearch"}]}
RESULT: undefined
COMMAND: POST /session/9eab2abfb92109d83111f8a107828286/execute/async - {"script":"<script> [776 bytes]","args":[{"enterText":"4JOq5pInCp","selector":{"id":"application-manageconditionprice-display-component---conditions--smartFilterBar-btnBasicSearch","interaction":{"idSuffix":"I"}},"clearTextFirst":true,"interactionType":"ENTER_TEXT"}]}
RESULT: {"script":"<script> [776 bytes]","args":[{"enterText":"4JOq5pInCp","selector":{"id":"application-manageconditionprice-display-component---conditions--smartFilterBar-btnBasicSearch","interaction":{"idSuffix":"I"}},"clearTextFirst":true,"interactionType":"ENTER_TEXT"}]}
COMMAND: POST /session/9eab2abfb92109d83111f8a107828286/actions - {"actions":[{"id":"action36","type":"key","parameters":{},"actions":[{"type":"keyDown","value":""},{"type":"pause","duration":10},{"type":"keyUp","value":""}]}]}
RESULT: {"actions":[{"id":"action36","type":"key","parameters":{},"actions":[{"type":"keyDown","value":""},{"type":"pause","duration":10},{"type":"keyUp","value":""}]}]}
COMMAND: GET /session/9eab2abfb92109d83111f8a107828286/screenshot - {}
RESULT: {}
COMMAND: POST /session/9eab2abfb92109d83111f8a107828286/execute/async - {"script":"<script> [1562 bytes]","args":[{"selector":{"id":"application-manageconditionprice-display-component---conditions--smartFilterBar-filterItemControl_BASIC-BILL_TYPES-vhi"},"wdio_ui5_key":"applicationmanageconditionprice-display-component---conditions--smartFilterBar-filterItemControl_BASIC-BILL_TYPES-vhi"}]}
RESULT: {"script":"<script> [1562 bytes]","args":[{"selector":{"id":"application-manageconditionprice-display-component---conditions--smartFilterBar-filterItemControl_BASIC-BILL_TYPES-vhi"},"wdio_ui5_key":"applicationmanageconditionprice-display-component---conditions--smartFilterBar-filterItemControl_BASIC-BILL_TYPES-vhi"}]}
RESULT: undefined
COMMAND: POST /session/9eab2abfb92109d83111f8a107828286/element - {"using":"xpath","value":"//*[@id=\"application-manageconditionprice-display-component---conditions--smartFilterBar-filterItemControl_BASIC-BILL_TYPES-vhi\"]"}
RESULT: {"using":"xpath","value":"//*[@id=\"application-manageconditionprice-display-component---conditions--smartFilterBar-filterItemControl_BASIC-BILL_TYPES-vhi\"]"}
COMMAND: POST /session/9eab2abfb92109d83111f8a107828286/element/f.5DB0E6D2BB4820C6A36F69CDDED9F1D7.d.1A74A0375FCC3321F4B320CCE85E67C8.e.9923/click - {}
RESULT: {}
COMMAND: POST /session/9eab2abfb92109d83111f8a107828286/execute/async - {"script":"<script> [1562 bytes]","args":[{"selector":{"id":"application-manageconditionprice-display-component---conditions--smartFilterBar-filterItemControl_BASIC-BILL_TYPES-valueHelpDialog-smartFilterBar-btnBasicSearch","searchOpenDialogs":true,"interaction":{"idSuffix":"I"}},"wdio_ui5_key":"applicationmanageconditionprice-display-component---conditions--smartFilterBar-filterItemControl_BASIC-BILL_TYPES-valueHelpDialog-smartFilterBar-btnBasicSearch"}]}
COMMAND: GET /session/9eab2abfb92109d83111f8a107828286/screenshot - {}
RESULT: {}
RESULT: {"script":"<script> [1562 bytes]","args":[{"selector":{"id":"application-manageconditionprice-display-component---conditions--smartFilterBar-filterItemControl_BASIC-BILL_TYPES-valueHelpDialog-smartFilterBar-btnBasicSearch","searchOpenDialogs":true,"interaction":{"idSuffix":"I"}},"wdio_ui5_key":"applicationmanageconditionprice-display-component---conditions--smartFilterBar-filterItemControl_BASIC-BILL_TYPES-valueHelpDialog-smartFilterBar-btnBasicSearch"}]}
RESULT: undefined
COMMAND: POST /session/9eab2abfb92109d83111f8a107828286/execute/async - {"script":"<script> [776 bytes]","args":[{"enterText":"one","selector":{"id":"application-manageconditionprice-display-component---conditions--smartFilterBar-filterItemControl_BASIC-BILL_TYPES-valueHelpDialog-smartFilterBar-btnBasicSearch","searchOpenDialogs":true,"interaction":{"idSuffix":"I"}},"clearTextFirst":true,"interactionType":"ENTER_TEXT"}]}
RESULT: {"script":"<script> [776 bytes]","args":[{"enterText":"one","selector":{"id":"application-manageconditionprice-display-component---conditions--smartFilterBar-filterItemControl_BASIC-BILL_TYPES-valueHelpDialog-smartFilterBar-btnBasicSearch","searchOpenDialogs":true,"interaction":{"idSuffix":"I"}},"clearTextFirst":true,"interactionType":"ENTER_TEXT"}]}
COMMAND: POST /session/9eab2abfb92109d83111f8a107828286/actions - {"actions":[{"id":"action37","type":"key","parameters":{},"actions":[{"type":"keyDown","value":""},{"type":"pause","duration":10},{"type":"keyUp","value":""}]}]}
RESULT: {"actions":[{"id":"action37","type":"key","parameters":{},"actions":[{"type":"keyDown","value":""},{"type":"pause","duration":10},{"type":"keyUp","value":""}]}]}
COMMAND: GET /session/9eab2abfb92109d83111f8a107828286/screenshot - {}
RESULT: {}
COMMAND: POST /session/9eab2abfb92109d83111f8a107828286/element - {"using":"xpath","value":"//div[contains(@id, 'application-manageconditionprice-display-component---conditions--smartFilterBar-filterItemControl_BASIC-BILL_TYPES-valueHelpDialog-table-rowsel0')]"}
RESULT: {"using":"xpath","value":"//div[contains(@id, 'application-manageconditionprice-display-component---conditions--smartFilterBar-filterItemControl_BASIC-BILL_TYPES-valueHelpDialog-table-rowsel0')]"}
COMMAND: POST /session/9eab2abfb92109d83111f8a107828286/element/f.5DB0E6D2BB4820C6A36F69CDDED9F1D7.d.1A74A0375FCC3321F4B320CCE85E67C8.e.9934/click - {}
RESULT: {}
COMMAND: GET /session/9eab2abfb92109d83111f8a107828286/screenshot - {}
RESULT: {}
COMMAND: POST /session/9eab2abfb92109d83111f8a107828286/element - {"using":"xpath","value":"//bdi[contains(text(), \"OK\")]"}
RESULT: {"using":"xpath","value":"//bdi[contains(text(), \"OK\")]"}
COMMAND: POST /session/9eab2abfb92109d83111f8a107828286/element/f.5DB0E6D2BB4820C6A36F69CDDED9F1D7.d.1A74A0375FCC3321F4B320CCE85E67C8.e.9936/click - {}
RESULT: {}
COMMAND: GET /session/9eab2abfb92109d83111f8a107828286/screenshot - {}
RESULT: {}
COMMAND: POST /session/9eab2abfb92109d83111f8a107828286/element - {"using":"xpath","value":"//span[@id=\"application-manageconditionprice-display-component---conditions--smartTable-header-inner\"]"}
RESULT: {"using":"xpath","value":"//span[@id=\"application-manageconditionprice-display-component---conditions--smartTable-header-inner\"]"}
COMMAND: POST /session/9eab2abfb92109d83111f8a107828286/elements - {"using":"xpath","value":"//span[@id=\"application-manageconditionprice-display-component---conditions--smartTable-header-inner\"]"}
RESULT: {"using":"xpath","value":"//span[@id=\"application-manageconditionprice-display-component---conditions--smartTable-header-inner\"]"}
COMMAND: POST /session/9eab2abfb92109d83111f8a107828286/execute/sync - {"script":"<script> [56 bytes]","args":[{"element-6066-11e4-a52e-4f735466cecf":"f.5DB0E6D2BB4820C6A36F69CDDED9F1D7.d.1A74A0375FCC3321F4B320CCE85E67C8.e.9939","ELEMENT":"f.5DB0E6D2BB4820C6A36F69CDDED9F1D7.d.1A74A0375FCC3321F4B320CCE85E67C8.e.9939"}]}
RESULT: {"script":"<script> [56 bytes]","args":[{"element-6066-11e4-a52e-4f735466cecf":"f.5DB0E6D2BB4820C6A36F69CDDED9F1D7.d.1A74A0375FCC3321F4B320CCE85E67C8.e.9939","ELEMENT":"f.5DB0E6D2BB4820C6A36F69CDDED9F1D7.d.1A74A0375FCC3321F4B320CCE85E67C8.e.9939"}]}
COMMAND: POST /session/9eab2abfb92109d83111f8a107828286/element - {"using":"css selector","value":"#shell-header-logo"}
COMMAND: GET /session/9eab2abfb92109d83111f8a107828286/screenshot - {}
RESULT: {"using":"css selector","value":"#shell-header-logo"}
COMMAND: POST /session/9eab2abfb92109d83111f8a107828286/element/f.5DB0E6D2BB4820C6A36F69CDDED9F1D7.d.1A74A0375FCC3321F4B320CCE85E67C8.e.9563/click - {}
RESULT: {}
RESULT: {}
COMMAND: GET /session/9eab2abfb92109d83111f8a107828286/screenshot - {}
RESULT: {}
]]></system-out>
    </testcase>
    <testcase classname="chrome.136_0_7103_93.windows.Create_master_data_for_mixed_billing_&amp;_do_billing_calculation_US151661" name="Should add performance based condition" time="84.631">
      <system-out><![CDATA[
RESULT: undefined
COMMAND: POST /session/9eab2abfb92109d83111f8a107828286/element - {"using":"xpath","value":"//*[@id=\"__tile93\"]"}
RESULT: {"using":"xpath","value":"//*[@id=\"__tile93\"]"}
COMMAND: POST /session/9eab2abfb92109d83111f8a107828286/element/f.5DB0E6D2BB4820C6A36F69CDDED9F1D7.d.1A74A0375FCC3321F4B320CCE85E67C8.e.8460/click - {}
RESULT: {}
COMMAND: GET /session/9eab2abfb92109d83111f8a107828286/screenshot - {}
RESULT: {}
COMMAND: POST /session/9eab2abfb92109d83111f8a107828286/elements - {"using":"xpath","value":"//span[text()='Error']"}
RESULT: {"using":"xpath","value":"//span[text()='Error']"}
COMMAND: POST /session/9eab2abfb92109d83111f8a107828286/element - {"using":"xpath","value":"//button[@aria-label=\"Create\"]"}
RESULT: {"using":"xpath","value":"//button[@aria-label=\"Create\"]"}
COMMAND: POST /session/9eab2abfb92109d83111f8a107828286/elements - {"using":"xpath","value":"//button[@aria-label=\"Create\"]"}
RESULT: {"using":"xpath","value":"//button[@aria-label=\"Create\"]"}
COMMAND: POST /session/9eab2abfb92109d83111f8a107828286/execute/sync - {"script":"<script> [8489 bytes]","args":[{"element-6066-11e4-a52e-4f735466cecf":"f.5DB0E6D2BB4820C6A36F69CDDED9F1D7.d.1A74A0375FCC3321F4B320CCE85E67C8.e.9982","ELEMENT":"f.5DB0E6D2BB4820C6A36F69CDDED9F1D7.d.1A74A0375FCC3321F4B320CCE85E67C8.e.9982"}]}
RESULT: {"script":"<script> [8489 bytes]","args":[{"element-6066-11e4-a52e-4f735466cecf":"f.5DB0E6D2BB4820C6A36F69CDDED9F1D7.d.1A74A0375FCC3321F4B320CCE85E67C8.e.9982","ELEMENT":"f.5DB0E6D2BB4820C6A36F69CDDED9F1D7.d.1A74A0375FCC3321F4B320CCE85E67C8.e.9982"}]}
COMMAND: GET /session/9eab2abfb92109d83111f8a107828286/element/f.5DB0E6D2BB4820C6A36F69CDDED9F1D7.d.1A74A0375FCC3321F4B320CCE85E67C8.e.9982/enabled - {}
COMMAND: GET /session/9eab2abfb92109d83111f8a107828286/screenshot - {}
RESULT: {}
COMMAND: POST /session/9eab2abfb92109d83111f8a107828286/execute/sync - {"script":"<script> [8489 bytes]","args":[{"element-6066-11e4-a52e-4f735466cecf":"f.5DB0E6D2BB4820C6A36F69CDDED9F1D7.d.1A74A0375FCC3321F4B320CCE85E67C8.e.9982","ELEMENT":"f.5DB0E6D2BB4820C6A36F69CDDED9F1D7.d.1A74A0375FCC3321F4B320CCE85E67C8.e.9982"}]}
COMMAND: GET /session/9eab2abfb92109d83111f8a107828286/screenshot - {}
RESULT: {}
RESULT: {"script":"<script> [8489 bytes]","args":[{"element-6066-11e4-a52e-4f735466cecf":"f.5DB0E6D2BB4820C6A36F69CDDED9F1D7.d.1A74A0375FCC3321F4B320CCE85E67C8.e.9982","ELEMENT":"f.5DB0E6D2BB4820C6A36F69CDDED9F1D7.d.1A74A0375FCC3321F4B320CCE85E67C8.e.9982"}]}
COMMAND: POST /session/9eab2abfb92109d83111f8a107828286/execute/sync - {"script":"<script> [5351 bytes]","args":[{"element-6066-11e4-a52e-4f735466cecf":"f.5DB0E6D2BB4820C6A36F69CDDED9F1D7.d.1A74A0375FCC3321F4B320CCE85E67C8.e.9982","ELEMENT":"f.5DB0E6D2BB4820C6A36F69CDDED9F1D7.d.1A74A0375FCC3321F4B320CCE85E67C8.e.9982"}]}
COMMAND: GET /session/9eab2abfb92109d83111f8a107828286/screenshot - {}
RESULT: {}
RESULT: {"script":"<script> [5351 bytes]","args":[{"element-6066-11e4-a52e-4f735466cecf":"f.5DB0E6D2BB4820C6A36F69CDDED9F1D7.d.1A74A0375FCC3321F4B320CCE85E67C8.e.9982","ELEMENT":"f.5DB0E6D2BB4820C6A36F69CDDED9F1D7.d.1A74A0375FCC3321F4B320CCE85E67C8.e.9982"}]}
COMMAND: POST /session/9eab2abfb92109d83111f8a107828286/element/f.5DB0E6D2BB4820C6A36F69CDDED9F1D7.d.1A74A0375FCC3321F4B320CCE85E67C8.e.9982/click - {}
COMMAND: GET /session/9eab2abfb92109d83111f8a107828286/screenshot - {}
RESULT: {}
RESULT: {}
COMMAND: GET /session/9eab2abfb92109d83111f8a107828286/screenshot - {}
RESULT: {}
RESULT: {}
COMMAND: POST /session/9eab2abfb92109d83111f8a107828286/actions - {"actions":[{"id":"action38","type":"key","parameters":{},"actions":[{"type":"keyDown","value":""},{"type":"pause","duration":10},{"type":"keyUp","value":""}]}]}
RESULT: {"actions":[{"id":"action38","type":"key","parameters":{},"actions":[{"type":"keyDown","value":""},{"type":"pause","duration":10},{"type":"keyUp","value":""}]}]}
COMMAND: GET /session/9eab2abfb92109d83111f8a107828286/screenshot - {}
RESULT: undefined
COMMAND: POST /session/9eab2abfb92109d83111f8a107828286/element - {"using":"xpath","value":"//*[@id=\"application-manageconditionprice-display-component---newCondition--condBillCond-arrow\"]"}
RESULT: {}
RESULT: {"using":"xpath","value":"//*[@id=\"application-manageconditionprice-display-component---newCondition--condBillCond-arrow\"]"}
COMMAND: POST /session/9eab2abfb92109d83111f8a107828286/element/f.5DB0E6D2BB4820C6A36F69CDDED9F1D7.d.1A74A0375FCC3321F4B320CCE85E67C8.e.10471/click - {}
RESULT: {}
COMMAND: GET /session/9eab2abfb92109d83111f8a107828286/screenshot - {}
COMMAND: POST /session/9eab2abfb92109d83111f8a107828286/element - {"using":"xpath","value":"//li[.//span[contains(text(), \"PC06 - Performance Price - fuel\")]]"}
RESULT: {}
RESULT: {"using":"xpath","value":"//li[.//span[contains(text(), \"PC06 - Performance Price - fuel\")]]"}
COMMAND: POST /session/9eab2abfb92109d83111f8a107828286/element/f.5DB0E6D2BB4820C6A36F69CDDED9F1D7.d.1A74A0375FCC3321F4B320CCE85E67C8.e.10474/click - {}
RESULT: {}
COMMAND: GET /session/9eab2abfb92109d83111f8a107828286/screenshot - {}
RESULT: {}
RESULT: undefined
COMMAND: POST /session/9eab2abfb92109d83111f8a107828286/execute/async - {"script":"<script> [776 bytes]","args":[{"enterText":"1/27/26","selector":{"id":"application-manageconditionprice-display-component---newCondition--condValidTo","interaction":{"idSuffix":"inner"}},"clearTextFirst":true,"interactionType":"ENTER_TEXT"}]}
RESULT: {"script":"<script> [776 bytes]","args":[{"enterText":"1/27/26","selector":{"id":"application-manageconditionprice-display-component---newCondition--condValidTo","interaction":{"idSuffix":"inner"}},"clearTextFirst":true,"interactionType":"ENTER_TEXT"}]}
COMMAND: POST /session/9eab2abfb92109d83111f8a107828286/element - {"using":"xpath","value":"//input[@id=\"application-manageconditionprice-display-component---newCondition--condRU-inner\"]"}
RESULT: {"using":"xpath","value":"//input[@id=\"application-manageconditionprice-display-component---newCondition--condRU-inner\"]"}
COMMAND: POST /session/9eab2abfb92109d83111f8a107828286/element/f.5DB0E6D2BB4820C6A36F69CDDED9F1D7.d.1A74A0375FCC3321F4B320CCE85E67C8.e.10194/clear - {}
RESULT: {}
COMMAND: POST /session/9eab2abfb92109d83111f8a107828286/element/f.5DB0E6D2BB4820C6A36F69CDDED9F1D7.d.1A74A0375FCC3321F4B320CCE85E67C8.e.10194/value - {"text":"4JOq5pInCp"}
COMMAND: GET /session/9eab2abfb92109d83111f8a107828286/screenshot - {}
RESULT: {"text":"4JOq5pInCp"}
COMMAND: GET /session/9eab2abfb92109d83111f8a107828286/screenshot - {}
RESULT: {}
RESULT: {}
COMMAND: POST /session/9eab2abfb92109d83111f8a107828286/actions - {"actions":[{"id":"action39","type":"key","parameters":{},"actions":[{"type":"keyDown","value":""},{"type":"pause","duration":10},{"type":"keyUp","value":""}]}]}
RESULT: {"actions":[{"id":"action39","type":"key","parameters":{},"actions":[{"type":"keyDown","value":""},{"type":"pause","duration":10},{"type":"keyUp","value":""}]}]}
RESULT: undefined
COMMAND: POST /session/9eab2abfb92109d83111f8a107828286/execute/async - {"script":"<script> [776 bytes]","args":[{"enterText":"1","selector":{"id":"application-manageconditionprice-display-component---newCondition--condBaseQty","interaction":{"idSuffix":"inner"}},"clearTextFirst":true,"interactionType":"ENTER_TEXT"}]}
COMMAND: GET /session/9eab2abfb92109d83111f8a107828286/screenshot - {}
RESULT: {"script":"<script> [776 bytes]","args":[{"enterText":"1","selector":{"id":"application-manageconditionprice-display-component---newCondition--condBaseQty","interaction":{"idSuffix":"inner"}},"clearTextFirst":true,"interactionType":"ENTER_TEXT"}]}
RESULT: undefined
COMMAND: POST /session/9eab2abfb92109d83111f8a107828286/execute/async - {"script":"<script> [776 bytes]","args":[{"enterText":"10","selector":{"id":"application-manageconditionprice-display-component---newCondition--condValue","interaction":{"idSuffix":"inner"}},"clearTextFirst":true,"interactionType":"ENTER_TEXT"}]}
RESULT: {}
RESULT: {"script":"<script> [776 bytes]","args":[{"enterText":"10","selector":{"id":"application-manageconditionprice-display-component---newCondition--condValue","interaction":{"idSuffix":"inner"}},"clearTextFirst":true,"interactionType":"ENTER_TEXT"}]}
RESULT: undefined
COMMAND: POST /session/9eab2abfb92109d83111f8a107828286/element - {"using":"xpath","value":"//*[@id=\"application-manageconditionprice-display-component---newCondition--condCurr-arrow\"]"}
RESULT: {"using":"xpath","value":"//*[@id=\"application-manageconditionprice-display-component---newCondition--condCurr-arrow\"]"}
COMMAND: POST /session/9eab2abfb92109d83111f8a107828286/element/f.5DB0E6D2BB4820C6A36F69CDDED9F1D7.d.1A74A0375FCC3321F4B320CCE85E67C8.e.10434/click - {}
RESULT: {}
COMMAND: POST /session/9eab2abfb92109d83111f8a107828286/element - {"using":"xpath","value":"//span[contains(text(), \"Euro\")]"}
COMMAND: GET /session/9eab2abfb92109d83111f8a107828286/screenshot - {}
RESULT: {"using":"xpath","value":"//span[contains(text(), \"Euro\")]"}
COMMAND: POST /session/9eab2abfb92109d83111f8a107828286/element/f.5DB0E6D2BB4820C6A36F69CDDED9F1D7.d.1A74A0375FCC3321F4B320CCE85E67C8.e.10509/click - {}
RESULT: {}
RESULT: {}
COMMAND: POST /session/9eab2abfb92109d83111f8a107828286/element - {"using":"xpath","value":"//button[@data-kt=\"saveButton\"]"}
COMMAND: GET /session/9eab2abfb92109d83111f8a107828286/screenshot - {}
RESULT: {"using":"xpath","value":"//button[@data-kt=\"saveButton\"]"}
COMMAND: POST /session/9eab2abfb92109d83111f8a107828286/element/f.5DB0E6D2BB4820C6A36F69CDDED9F1D7.d.1A74A0375FCC3321F4B320CCE85E67C8.e.10435/click - {}
RESULT: {}
RESULT: {}
COMMAND: GET /session/9eab2abfb92109d83111f8a107828286/screenshot - {}
RESULT: {}
RESULT: undefined
COMMAND: POST /session/9eab2abfb92109d83111f8a107828286/execute/async - {"script":"<script> [776 bytes]","args":[{"enterText":"4JOq5pInCp","selector":{"id":"application-manageconditionprice-display-component---conditions--smartFilterBar-btnBasicSearch","interaction":{"idSuffix":"I"}},"clearTextFirst":true,"interactionType":"ENTER_TEXT"}]}
RESULT: {"script":"<script> [776 bytes]","args":[{"enterText":"4JOq5pInCp","selector":{"id":"application-manageconditionprice-display-component---conditions--smartFilterBar-btnBasicSearch","interaction":{"idSuffix":"I"}},"clearTextFirst":true,"interactionType":"ENTER_TEXT"}]}
COMMAND: POST /session/9eab2abfb92109d83111f8a107828286/actions - {"actions":[{"id":"action40","type":"key","parameters":{},"actions":[{"type":"keyDown","value":""},{"type":"pause","duration":10},{"type":"keyUp","value":""}]}]}
RESULT: {"actions":[{"id":"action40","type":"key","parameters":{},"actions":[{"type":"keyDown","value":""},{"type":"pause","duration":10},{"type":"keyUp","value":""}]}]}
COMMAND: GET /session/9eab2abfb92109d83111f8a107828286/screenshot - {}
RESULT: {}
RESULT: undefined
COMMAND: POST /session/9eab2abfb92109d83111f8a107828286/element - {"using":"xpath","value":"//*[@id=\"application-manageconditionprice-display-component---conditions--smartFilterBar-filterItemControl_BASIC-BILL_TYPES-vhi\"]"}
RESULT: {"using":"xpath","value":"//*[@id=\"application-manageconditionprice-display-component---conditions--smartFilterBar-filterItemControl_BASIC-BILL_TYPES-vhi\"]"}
COMMAND: POST /session/9eab2abfb92109d83111f8a107828286/element/f.5DB0E6D2BB4820C6A36F69CDDED9F1D7.d.1A74A0375FCC3321F4B320CCE85E67C8.e.10551/click - {}
RESULT: {}
RESULT: undefined
COMMAND: POST /session/9eab2abfb92109d83111f8a107828286/execute/async - {"script":"<script> [776 bytes]","args":[{"enterText":"PB","selector":{"id":"application-manageconditionprice-display-component---conditions--smartFilterBar-filterItemControl_BASIC-BILL_TYPES-valueHelpDialog-smartFilterBar-btnBasicSearch","searchOpenDialogs":true,"interaction":{"idSuffix":"I"}},"clearTextFirst":true,"interactionType":"ENTER_TEXT"}]}
COMMAND: GET /session/9eab2abfb92109d83111f8a107828286/screenshot - {}
RESULT: {"script":"<script> [776 bytes]","args":[{"enterText":"PB","selector":{"id":"application-manageconditionprice-display-component---conditions--smartFilterBar-filterItemControl_BASIC-BILL_TYPES-valueHelpDialog-smartFilterBar-btnBasicSearch","searchOpenDialogs":true,"interaction":{"idSuffix":"I"}},"clearTextFirst":true,"interactionType":"ENTER_TEXT"}]}
COMMAND: POST /session/9eab2abfb92109d83111f8a107828286/actions - {"actions":[{"id":"action41","type":"key","parameters":{},"actions":[{"type":"keyDown","value":""},{"type":"pause","duration":10},{"type":"keyUp","value":""}]}]}
RESULT: {}
RESULT: {"actions":[{"id":"action41","type":"key","parameters":{},"actions":[{"type":"keyDown","value":""},{"type":"pause","duration":10},{"type":"keyUp","value":""}]}]}
COMMAND: GET /session/9eab2abfb92109d83111f8a107828286/screenshot - {}
RESULT: {}
COMMAND: POST /session/9eab2abfb92109d83111f8a107828286/element - {"using":"xpath","value":"//div[contains(@id, 'application-manageconditionprice-display-component---conditions--smartFilterBar-filterItemControl_BASIC-BILL_TYPES-valueHelpDialog-table-rowsel0')]"}
RESULT: {"using":"xpath","value":"//div[contains(@id, 'application-manageconditionprice-display-component---conditions--smartFilterBar-filterItemControl_BASIC-BILL_TYPES-valueHelpDialog-table-rowsel0')]"}
COMMAND: POST /session/9eab2abfb92109d83111f8a107828286/element/f.5DB0E6D2BB4820C6A36F69CDDED9F1D7.d.1A74A0375FCC3321F4B320CCE85E67C8.e.10559/click - {}
RESULT: {}
COMMAND: GET /session/9eab2abfb92109d83111f8a107828286/screenshot - {}
RESULT: {}
COMMAND: POST /session/9eab2abfb92109d83111f8a107828286/element - {"using":"xpath","value":"//bdi[contains(text(), \"OK\")]"}
RESULT: {"using":"xpath","value":"//bdi[contains(text(), \"OK\")]"}
COMMAND: POST /session/9eab2abfb92109d83111f8a107828286/element/f.5DB0E6D2BB4820C6A36F69CDDED9F1D7.d.1A74A0375FCC3321F4B320CCE85E67C8.e.10561/click - {}
RESULT: {}
COMMAND: GET /session/9eab2abfb92109d83111f8a107828286/screenshot - {}
RESULT: {}
COMMAND: POST /session/9eab2abfb92109d83111f8a107828286/element - {"using":"xpath","value":"//span[@id=\"application-manageconditionprice-display-component---conditions--smartTable-header-inner\"]"}
RESULT: {"using":"xpath","value":"//span[@id=\"application-manageconditionprice-display-component---conditions--smartTable-header-inner\"]"}
COMMAND: POST /session/9eab2abfb92109d83111f8a107828286/elements - {"using":"xpath","value":"//span[@id=\"application-manageconditionprice-display-component---conditions--smartTable-header-inner\"]"}
RESULT: {"using":"xpath","value":"//span[@id=\"application-manageconditionprice-display-component---conditions--smartTable-header-inner\"]"}
COMMAND: POST /session/9eab2abfb92109d83111f8a107828286/execute/sync - {"script":"<script> [56 bytes]","args":[{"element-6066-11e4-a52e-4f735466cecf":"f.5DB0E6D2BB4820C6A36F69CDDED9F1D7.d.1A74A0375FCC3321F4B320CCE85E67C8.e.10564","ELEMENT":"f.5DB0E6D2BB4820C6A36F69CDDED9F1D7.d.1A74A0375FCC3321F4B320CCE85E67C8.e.10564"}]}
RESULT: {"script":"<script> [56 bytes]","args":[{"element-6066-11e4-a52e-4f735466cecf":"f.5DB0E6D2BB4820C6A36F69CDDED9F1D7.d.1A74A0375FCC3321F4B320CCE85E67C8.e.10564","ELEMENT":"f.5DB0E6D2BB4820C6A36F69CDDED9F1D7.d.1A74A0375FCC3321F4B320CCE85E67C8.e.10564"}]}
COMMAND: POST /session/9eab2abfb92109d83111f8a107828286/element - {"using":"css selector","value":"#shell-header-logo"}
COMMAND: GET /session/9eab2abfb92109d83111f8a107828286/screenshot - {}
RESULT: {"using":"css selector","value":"#shell-header-logo"}
COMMAND: POST /session/9eab2abfb92109d83111f8a107828286/element/f.5DB0E6D2BB4820C6A36F69CDDED9F1D7.d.1A74A0375FCC3321F4B320CCE85E67C8.e.9947/click - {}
RESULT: {}
RESULT: {}
COMMAND: GET /session/9eab2abfb92109d83111f8a107828286/screenshot - {}
RESULT: {}
]]></system-out>
    </testcase>
    <testcase classname="chrome.136_0_7103_93.windows.Create_master_data_for_mixed_billing_&amp;_do_billing_calculation_US151661" name="Should add time based condition" time="86.383">
      <system-out><![CDATA[
RESULT: undefined
COMMAND: POST /session/9eab2abfb92109d83111f8a107828286/element - {"using":"xpath","value":"//*[@id=\"__tile93\"]"}
RESULT: {"using":"xpath","value":"//*[@id=\"__tile93\"]"}
COMMAND: POST /session/9eab2abfb92109d83111f8a107828286/element/f.5DB0E6D2BB4820C6A36F69CDDED9F1D7.d.1A74A0375FCC3321F4B320CCE85E67C8.e.8460/click - {}
RESULT: {}
COMMAND: GET /session/9eab2abfb92109d83111f8a107828286/screenshot - {}
RESULT: {}
COMMAND: POST /session/9eab2abfb92109d83111f8a107828286/elements - {"using":"xpath","value":"//span[text()='Error']"}
RESULT: {"using":"xpath","value":"//span[text()='Error']"}
COMMAND: POST /session/9eab2abfb92109d83111f8a107828286/element - {"using":"xpath","value":"//button[@aria-label=\"Create\"]"}
RESULT: {"using":"xpath","value":"//button[@aria-label=\"Create\"]"}
COMMAND: POST /session/9eab2abfb92109d83111f8a107828286/elements - {"using":"xpath","value":"//button[@aria-label=\"Create\"]"}
RESULT: {"using":"xpath","value":"//button[@aria-label=\"Create\"]"}
COMMAND: POST /session/9eab2abfb92109d83111f8a107828286/execute/sync - {"script":"<script> [8489 bytes]","args":[{"element-6066-11e4-a52e-4f735466cecf":"f.5DB0E6D2BB4820C6A36F69CDDED9F1D7.d.1A74A0375FCC3321F4B320CCE85E67C8.e.10603","ELEMENT":"f.5DB0E6D2BB4820C6A36F69CDDED9F1D7.d.1A74A0375FCC3321F4B320CCE85E67C8.e.10603"}]}
RESULT: {"script":"<script> [8489 bytes]","args":[{"element-6066-11e4-a52e-4f735466cecf":"f.5DB0E6D2BB4820C6A36F69CDDED9F1D7.d.1A74A0375FCC3321F4B320CCE85E67C8.e.10603","ELEMENT":"f.5DB0E6D2BB4820C6A36F69CDDED9F1D7.d.1A74A0375FCC3321F4B320CCE85E67C8.e.10603"}]}
COMMAND: GET /session/9eab2abfb92109d83111f8a107828286/element/f.5DB0E6D2BB4820C6A36F69CDDED9F1D7.d.1A74A0375FCC3321F4B320CCE85E67C8.e.10603/enabled - {}
COMMAND: GET /session/9eab2abfb92109d83111f8a107828286/screenshot - {}
RESULT: {}
COMMAND: POST /session/9eab2abfb92109d83111f8a107828286/execute/sync - {"script":"<script> [8489 bytes]","args":[{"element-6066-11e4-a52e-4f735466cecf":"f.5DB0E6D2BB4820C6A36F69CDDED9F1D7.d.1A74A0375FCC3321F4B320CCE85E67C8.e.10603","ELEMENT":"f.5DB0E6D2BB4820C6A36F69CDDED9F1D7.d.1A74A0375FCC3321F4B320CCE85E67C8.e.10603"}]}
COMMAND: GET /session/9eab2abfb92109d83111f8a107828286/screenshot - {}
RESULT: {}
RESULT: {"script":"<script> [8489 bytes]","args":[{"element-6066-11e4-a52e-4f735466cecf":"f.5DB0E6D2BB4820C6A36F69CDDED9F1D7.d.1A74A0375FCC3321F4B320CCE85E67C8.e.10603","ELEMENT":"f.5DB0E6D2BB4820C6A36F69CDDED9F1D7.d.1A74A0375FCC3321F4B320CCE85E67C8.e.10603"}]}
COMMAND: POST /session/9eab2abfb92109d83111f8a107828286/execute/sync - {"script":"<script> [5351 bytes]","args":[{"element-6066-11e4-a52e-4f735466cecf":"f.5DB0E6D2BB4820C6A36F69CDDED9F1D7.d.1A74A0375FCC3321F4B320CCE85E67C8.e.10603","ELEMENT":"f.5DB0E6D2BB4820C6A36F69CDDED9F1D7.d.1A74A0375FCC3321F4B320CCE85E67C8.e.10603"}]}
COMMAND: GET /session/9eab2abfb92109d83111f8a107828286/screenshot - {}
RESULT: {}
RESULT: {"script":"<script> [5351 bytes]","args":[{"element-6066-11e4-a52e-4f735466cecf":"f.5DB0E6D2BB4820C6A36F69CDDED9F1D7.d.1A74A0375FCC3321F4B320CCE85E67C8.e.10603","ELEMENT":"f.5DB0E6D2BB4820C6A36F69CDDED9F1D7.d.1A74A0375FCC3321F4B320CCE85E67C8.e.10603"}]}
COMMAND: POST /session/9eab2abfb92109d83111f8a107828286/element/f.5DB0E6D2BB4820C6A36F69CDDED9F1D7.d.1A74A0375FCC3321F4B320CCE85E67C8.e.10603/click - {}
COMMAND: GET /session/9eab2abfb92109d83111f8a107828286/screenshot - {}
RESULT: {}
RESULT: {}
COMMAND: GET /session/9eab2abfb92109d83111f8a107828286/screenshot - {}
RESULT: {}
RESULT: {}
COMMAND: POST /session/9eab2abfb92109d83111f8a107828286/actions - {"actions":[{"id":"action42","type":"key","parameters":{},"actions":[{"type":"keyDown","value":""},{"type":"pause","duration":10},{"type":"keyUp","value":""}]}]}
RESULT: {"actions":[{"id":"action42","type":"key","parameters":{},"actions":[{"type":"keyDown","value":""},{"type":"pause","duration":10},{"type":"keyUp","value":""}]}]}
COMMAND: GET /session/9eab2abfb92109d83111f8a107828286/screenshot - {}
RESULT: undefined
COMMAND: POST /session/9eab2abfb92109d83111f8a107828286/element - {"using":"xpath","value":"//*[@id=\"application-manageconditionprice-display-component---newCondition--condBillCond-arrow\"]"}
RESULT: {}
RESULT: {"using":"xpath","value":"//*[@id=\"application-manageconditionprice-display-component---newCondition--condBillCond-arrow\"]"}
COMMAND: POST /session/9eab2abfb92109d83111f8a107828286/element/f.5DB0E6D2BB4820C6A36F69CDDED9F1D7.d.1A74A0375FCC3321F4B320CCE85E67C8.e.11087/click - {}
RESULT: {}
COMMAND: GET /session/9eab2abfb92109d83111f8a107828286/screenshot - {}
RESULT: {}
COMMAND: POST /session/9eab2abfb92109d83111f8a107828286/element - {"using":"xpath","value":"//li[.//span[contains(text(), \"DISP - D&I special price\")]]"}
RESULT: {"using":"xpath","value":"//li[.//span[contains(text(), \"DISP - D&I special price\")]]"}
COMMAND: POST /session/9eab2abfb92109d83111f8a107828286/element/f.5DB0E6D2BB4820C6A36F69CDDED9F1D7.d.1A74A0375FCC3321F4B320CCE85E67C8.e.11090/click - {}
RESULT: {}
COMMAND: GET /session/9eab2abfb92109d83111f8a107828286/screenshot - {}
RESULT: {}
RESULT: undefined
COMMAND: POST /session/9eab2abfb92109d83111f8a107828286/execute/async - {"script":"<script> [776 bytes]","args":[{"enterText":"1/27/26","selector":{"id":"application-manageconditionprice-display-component---newCondition--condValidTo","interaction":{"idSuffix":"inner"}},"clearTextFirst":true,"interactionType":"ENTER_TEXT"}]}
RESULT: {"script":"<script> [776 bytes]","args":[{"enterText":"1/27/26","selector":{"id":"application-manageconditionprice-display-component---newCondition--condValidTo","interaction":{"idSuffix":"inner"}},"clearTextFirst":true,"interactionType":"ENTER_TEXT"}]}
COMMAND: POST /session/9eab2abfb92109d83111f8a107828286/element - {"using":"xpath","value":"//input[@id=\"application-manageconditionprice-display-component---newCondition--condRU-inner\"]"}
RESULT: {"using":"xpath","value":"//input[@id=\"application-manageconditionprice-display-component---newCondition--condRU-inner\"]"}
COMMAND: POST /session/9eab2abfb92109d83111f8a107828286/element/f.5DB0E6D2BB4820C6A36F69CDDED9F1D7.d.1A74A0375FCC3321F4B320CCE85E67C8.e.10770/clear - {}
RESULT: {}
COMMAND: POST /session/9eab2abfb92109d83111f8a107828286/element/f.5DB0E6D2BB4820C6A36F69CDDED9F1D7.d.1A74A0375FCC3321F4B320CCE85E67C8.e.10770/value - {"text":"4JOq5pInCp"}
COMMAND: GET /session/9eab2abfb92109d83111f8a107828286/screenshot - {}
RESULT: {"text":"4JOq5pInCp"}
COMMAND: GET /session/9eab2abfb92109d83111f8a107828286/screenshot - {}
RESULT: {}
RESULT: {}
COMMAND: POST /session/9eab2abfb92109d83111f8a107828286/actions - {"actions":[{"id":"action43","type":"key","parameters":{},"actions":[{"type":"keyDown","value":""},{"type":"pause","duration":10},{"type":"keyUp","value":""}]}]}
RESULT: {"actions":[{"id":"action43","type":"key","parameters":{},"actions":[{"type":"keyDown","value":""},{"type":"pause","duration":10},{"type":"keyUp","value":""}]}]}
RESULT: undefined
COMMAND: POST /session/9eab2abfb92109d83111f8a107828286/execute/async - {"script":"<script> [776 bytes]","args":[{"enterText":"1","selector":{"id":"application-manageconditionprice-display-component---newCondition--condBaseQty","interaction":{"idSuffix":"inner"}},"clearTextFirst":true,"interactionType":"ENTER_TEXT"}]}
COMMAND: GET /session/9eab2abfb92109d83111f8a107828286/screenshot - {}
RESULT: {"script":"<script> [776 bytes]","args":[{"enterText":"1","selector":{"id":"application-manageconditionprice-display-component---newCondition--condBaseQty","interaction":{"idSuffix":"inner"}},"clearTextFirst":true,"interactionType":"ENTER_TEXT"}]}
RESULT: undefined
COMMAND: POST /session/9eab2abfb92109d83111f8a107828286/execute/async - {"script":"<script> [776 bytes]","args":[{"enterText":"100","selector":{"id":"application-manageconditionprice-display-component---newCondition--condValue","interaction":{"idSuffix":"inner"}},"clearTextFirst":true,"interactionType":"ENTER_TEXT"}]}
RESULT: {}
RESULT: {"script":"<script> [776 bytes]","args":[{"enterText":"100","selector":{"id":"application-manageconditionprice-display-component---newCondition--condValue","interaction":{"idSuffix":"inner"}},"clearTextFirst":true,"interactionType":"ENTER_TEXT"}]}
RESULT: undefined
COMMAND: POST /session/9eab2abfb92109d83111f8a107828286/element - {"using":"xpath","value":"//*[@id=\"application-manageconditionprice-display-component---newCondition--condCurr-arrow\"]"}
RESULT: {"using":"xpath","value":"//*[@id=\"application-manageconditionprice-display-component---newCondition--condCurr-arrow\"]"}
COMMAND: POST /session/9eab2abfb92109d83111f8a107828286/element/f.5DB0E6D2BB4820C6A36F69CDDED9F1D7.d.1A74A0375FCC3321F4B320CCE85E67C8.e.11062/click - {}
RESULT: {}
COMMAND: POST /session/9eab2abfb92109d83111f8a107828286/element - {"using":"xpath","value":"//span[contains(text(), \"Euro\")]"}
COMMAND: GET /session/9eab2abfb92109d83111f8a107828286/screenshot - {}
RESULT: {"using":"xpath","value":"//span[contains(text(), \"Euro\")]"}
COMMAND: POST /session/9eab2abfb92109d83111f8a107828286/element/f.5DB0E6D2BB4820C6A36F69CDDED9F1D7.d.1A74A0375FCC3321F4B320CCE85E67C8.e.11125/click - {}
RESULT: {}
RESULT: {}
COMMAND: POST /session/9eab2abfb92109d83111f8a107828286/element - {"using":"xpath","value":"//button[@data-kt=\"saveButton\"]"}
COMMAND: GET /session/9eab2abfb92109d83111f8a107828286/screenshot - {}
RESULT: {"using":"xpath","value":"//button[@data-kt=\"saveButton\"]"}
COMMAND: POST /session/9eab2abfb92109d83111f8a107828286/element/f.5DB0E6D2BB4820C6A36F69CDDED9F1D7.d.1A74A0375FCC3321F4B320CCE85E67C8.e.11063/click - {}
RESULT: {}
RESULT: {}
COMMAND: GET /session/9eab2abfb92109d83111f8a107828286/screenshot - {}
RESULT: {}
RESULT: undefined
COMMAND: POST /session/9eab2abfb92109d83111f8a107828286/execute/async - {"script":"<script> [776 bytes]","args":[{"enterText":"4JOq5pInCp","selector":{"id":"application-manageconditionprice-display-component---conditions--smartFilterBar-btnBasicSearch","interaction":{"idSuffix":"I"}},"clearTextFirst":true,"interactionType":"ENTER_TEXT"}]}
RESULT: {"script":"<script> [776 bytes]","args":[{"enterText":"4JOq5pInCp","selector":{"id":"application-manageconditionprice-display-component---conditions--smartFilterBar-btnBasicSearch","interaction":{"idSuffix":"I"}},"clearTextFirst":true,"interactionType":"ENTER_TEXT"}]}
COMMAND: POST /session/9eab2abfb92109d83111f8a107828286/actions - {"actions":[{"id":"action44","type":"key","parameters":{},"actions":[{"type":"keyDown","value":""},{"type":"pause","duration":10},{"type":"keyUp","value":""}]}]}
RESULT: {"actions":[{"id":"action44","type":"key","parameters":{},"actions":[{"type":"keyDown","value":""},{"type":"pause","duration":10},{"type":"keyUp","value":""}]}]}
COMMAND: GET /session/9eab2abfb92109d83111f8a107828286/screenshot - {}
RESULT: {}
RESULT: undefined
COMMAND: POST /session/9eab2abfb92109d83111f8a107828286/element - {"using":"xpath","value":"//*[@id=\"application-manageconditionprice-display-component---conditions--smartFilterBar-filterItemControl_BASIC-BILL_TYPES-vhi\"]"}
RESULT: {"using":"xpath","value":"//*[@id=\"application-manageconditionprice-display-component---conditions--smartFilterBar-filterItemControl_BASIC-BILL_TYPES-vhi\"]"}
COMMAND: POST /session/9eab2abfb92109d83111f8a107828286/element/f.5DB0E6D2BB4820C6A36F69CDDED9F1D7.d.1A74A0375FCC3321F4B320CCE85E67C8.e.11359/click - {}
RESULT: {}
RESULT: undefined
COMMAND: POST /session/9eab2abfb92109d83111f8a107828286/execute/async - {"script":"<script> [776 bytes]","args":[{"enterText":"TB","selector":{"id":"application-manageconditionprice-display-component---conditions--smartFilterBar-filterItemControl_BASIC-BILL_TYPES-valueHelpDialog-smartFilterBar-btnBasicSearch","searchOpenDialogs":true,"interaction":{"idSuffix":"I"}},"clearTextFirst":true,"interactionType":"ENTER_TEXT"}]}
COMMAND: GET /session/9eab2abfb92109d83111f8a107828286/screenshot - {}
RESULT: {"script":"<script> [776 bytes]","args":[{"enterText":"TB","selector":{"id":"application-manageconditionprice-display-component---conditions--smartFilterBar-filterItemControl_BASIC-BILL_TYPES-valueHelpDialog-smartFilterBar-btnBasicSearch","searchOpenDialogs":true,"interaction":{"idSuffix":"I"}},"clearTextFirst":true,"interactionType":"ENTER_TEXT"}]}
COMMAND: POST /session/9eab2abfb92109d83111f8a107828286/actions - {"actions":[{"id":"action45","type":"key","parameters":{},"actions":[{"type":"keyDown","value":""},{"type":"pause","duration":10},{"type":"keyUp","value":""}]}]}
RESULT: {}
RESULT: {"actions":[{"id":"action45","type":"key","parameters":{},"actions":[{"type":"keyDown","value":""},{"type":"pause","duration":10},{"type":"keyUp","value":""}]}]}
COMMAND: GET /session/9eab2abfb92109d83111f8a107828286/screenshot - {}
RESULT: {}
COMMAND: POST /session/9eab2abfb92109d83111f8a107828286/element - {"using":"xpath","value":"//div[contains(@id, 'application-manageconditionprice-display-component---conditions--smartFilterBar-filterItemControl_BASIC-BILL_TYPES-valueHelpDialog-table-rowsel0')]"}
RESULT: {"using":"xpath","value":"//div[contains(@id, 'application-manageconditionprice-display-component---conditions--smartFilterBar-filterItemControl_BASIC-BILL_TYPES-valueHelpDialog-table-rowsel0')]"}
COMMAND: POST /session/9eab2abfb92109d83111f8a107828286/element/f.5DB0E6D2BB4820C6A36F69CDDED9F1D7.d.1A74A0375FCC3321F4B320CCE85E67C8.e.11367/click - {}
RESULT: {}
COMMAND: GET /session/9eab2abfb92109d83111f8a107828286/screenshot - {}
RESULT: {}
COMMAND: POST /session/9eab2abfb92109d83111f8a107828286/element - {"using":"xpath","value":"//bdi[contains(text(), \"OK\")]"}
RESULT: {"using":"xpath","value":"//bdi[contains(text(), \"OK\")]"}
COMMAND: POST /session/9eab2abfb92109d83111f8a107828286/element/f.5DB0E6D2BB4820C6A36F69CDDED9F1D7.d.1A74A0375FCC3321F4B320CCE85E67C8.e.11369/click - {}
RESULT: {}
COMMAND: GET /session/9eab2abfb92109d83111f8a107828286/screenshot - {}
RESULT: {}
COMMAND: POST /session/9eab2abfb92109d83111f8a107828286/element - {"using":"xpath","value":"//span[@id=\"application-manageconditionprice-display-component---conditions--smartTable-header-inner\"]"}
RESULT: {"using":"xpath","value":"//span[@id=\"application-manageconditionprice-display-component---conditions--smartTable-header-inner\"]"}
COMMAND: POST /session/9eab2abfb92109d83111f8a107828286/elements - {"using":"xpath","value":"//span[@id=\"application-manageconditionprice-display-component---conditions--smartTable-header-inner\"]"}
RESULT: {"using":"xpath","value":"//span[@id=\"application-manageconditionprice-display-component---conditions--smartTable-header-inner\"]"}
COMMAND: POST /session/9eab2abfb92109d83111f8a107828286/execute/sync - {"script":"<script> [56 bytes]","args":[{"element-6066-11e4-a52e-4f735466cecf":"f.5DB0E6D2BB4820C6A36F69CDDED9F1D7.d.1A74A0375FCC3321F4B320CCE85E67C8.e.11405","ELEMENT":"f.5DB0E6D2BB4820C6A36F69CDDED9F1D7.d.1A74A0375FCC3321F4B320CCE85E67C8.e.11405"}]}
RESULT: {"script":"<script> [56 bytes]","args":[{"element-6066-11e4-a52e-4f735466cecf":"f.5DB0E6D2BB4820C6A36F69CDDED9F1D7.d.1A74A0375FCC3321F4B320CCE85E67C8.e.11405","ELEMENT":"f.5DB0E6D2BB4820C6A36F69CDDED9F1D7.d.1A74A0375FCC3321F4B320CCE85E67C8.e.11405"}]}
COMMAND: POST /session/9eab2abfb92109d83111f8a107828286/element - {"using":"css selector","value":"#shell-header-logo"}
COMMAND: GET /session/9eab2abfb92109d83111f8a107828286/screenshot - {}
RESULT: {"using":"css selector","value":"#shell-header-logo"}
COMMAND: POST /session/9eab2abfb92109d83111f8a107828286/element/f.5DB0E6D2BB4820C6A36F69CDDED9F1D7.d.1A74A0375FCC3321F4B320CCE85E67C8.e.10569/click - {}
RESULT: {}
RESULT: {}
COMMAND: GET /session/9eab2abfb92109d83111f8a107828286/screenshot - {}
RESULT: {}
]]></system-out>
    </testcase>
    <testcase classname="chrome.136_0_7103_93.windows.Create_master_data_for_mixed_billing_&amp;_do_billing_calculation_US151661" name="Should do a stock increase handover" time="107.091">
      <system-out><![CDATA[
COMMAND: POST /session/9eab2abfb92109d83111f8a107828286/execute/async - {"script":"<script> [1562 bytes]","args":[{"selector":{"controlType":"sap.m.GenericTile","properties":{"header":"Manage Handovers"}},"wdio_ui5_key":"sapm.GenericTile{\"header\":\"Manage Handovers\"}"}]}
RESULT: {"script":"<script> [1562 bytes]","args":[{"selector":{"controlType":"sap.m.GenericTile","properties":{"header":"Manage Handovers"}},"wdio_ui5_key":"sapm.GenericTile{\"header\":\"Manage Handovers\"}"}]}
RESULT: undefined
COMMAND: POST /session/9eab2abfb92109d83111f8a107828286/element - {"using":"xpath","value":"//*[@id=\"__tile132\"]"}
RESULT: {"using":"xpath","value":"//*[@id=\"__tile132\"]"}
COMMAND: POST /session/9eab2abfb92109d83111f8a107828286/element/f.5DB0E6D2BB4820C6A36F69CDDED9F1D7.d.1A74A0375FCC3321F4B320CCE85E67C8.e.8424/click - {}
RESULT: {}
COMMAND: GET /session/9eab2abfb92109d83111f8a107828286/screenshot - {}
COMMAND: POST /session/9eab2abfb92109d83111f8a107828286/elements - {"using":"xpath","value":"//span[text()='Error']"}
RESULT: {}
RESULT: {"using":"xpath","value":"//span[text()='Error']"}
COMMAND: POST /session/9eab2abfb92109d83111f8a107828286/element - {"using":"xpath","value":"//button[@data-kt=\"masterHOAddButton\"]"}
RESULT: {"using":"xpath","value":"//button[@data-kt=\"masterHOAddButton\"]"}
COMMAND: POST /session/9eab2abfb92109d83111f8a107828286/elements - {"using":"xpath","value":"//button[@data-kt=\"masterHOAddButton\"]"}
RESULT: {"using":"xpath","value":"//button[@data-kt=\"masterHOAddButton\"]"}
COMMAND: POST /session/9eab2abfb92109d83111f8a107828286/elements - {"using":"xpath","value":"//button[@data-kt=\"masterHOAddButton\"]"}
RESULT: {"using":"xpath","value":"//button[@data-kt=\"masterHOAddButton\"]"}
COMMAND: POST /session/9eab2abfb92109d83111f8a107828286/element - {"using":"xpath","value":"//button[@data-kt=\"masterHOAddButton\"]"}
RESULT: {"using":"xpath","value":"//button[@data-kt=\"masterHOAddButton\"]"}
COMMAND: POST /session/9eab2abfb92109d83111f8a107828286/execute/sync - {"script":"<script> [8489 bytes]","args":[{"element-6066-11e4-a52e-4f735466cecf":"f.5DB0E6D2BB4820C6A36F69CDDED9F1D7.d.1A74A0375FCC3321F4B320CCE85E67C8.e.11446","ELEMENT":"f.5DB0E6D2BB4820C6A36F69CDDED9F1D7.d.1A74A0375FCC3321F4B320CCE85E67C8.e.11446"}]}
RESULT: {"script":"<script> [8489 bytes]","args":[{"element-6066-11e4-a52e-4f735466cecf":"f.5DB0E6D2BB4820C6A36F69CDDED9F1D7.d.1A74A0375FCC3321F4B320CCE85E67C8.e.11446","ELEMENT":"f.5DB0E6D2BB4820C6A36F69CDDED9F1D7.d.1A74A0375FCC3321F4B320CCE85E67C8.e.11446"}]}
COMMAND: GET /session/9eab2abfb92109d83111f8a107828286/element/f.5DB0E6D2BB4820C6A36F69CDDED9F1D7.d.1A74A0375FCC3321F4B320CCE85E67C8.e.11446/enabled - {}
COMMAND: GET /session/9eab2abfb92109d83111f8a107828286/screenshot - {}
RESULT: {}
COMMAND: POST /session/9eab2abfb92109d83111f8a107828286/execute/sync - {"script":"<script> [8489 bytes]","args":[{"element-6066-11e4-a52e-4f735466cecf":"f.5DB0E6D2BB4820C6A36F69CDDED9F1D7.d.1A74A0375FCC3321F4B320CCE85E67C8.e.11446","ELEMENT":"f.5DB0E6D2BB4820C6A36F69CDDED9F1D7.d.1A74A0375FCC3321F4B320CCE85E67C8.e.11446"}]}
COMMAND: GET /session/9eab2abfb92109d83111f8a107828286/screenshot - {}
RESULT: {}
RESULT: {"script":"<script> [8489 bytes]","args":[{"element-6066-11e4-a52e-4f735466cecf":"f.5DB0E6D2BB4820C6A36F69CDDED9F1D7.d.1A74A0375FCC3321F4B320CCE85E67C8.e.11446","ELEMENT":"f.5DB0E6D2BB4820C6A36F69CDDED9F1D7.d.1A74A0375FCC3321F4B320CCE85E67C8.e.11446"}]}
COMMAND: POST /session/9eab2abfb92109d83111f8a107828286/execute/sync - {"script":"<script> [5351 bytes]","args":[{"element-6066-11e4-a52e-4f735466cecf":"f.5DB0E6D2BB4820C6A36F69CDDED9F1D7.d.1A74A0375FCC3321F4B320CCE85E67C8.e.11446","ELEMENT":"f.5DB0E6D2BB4820C6A36F69CDDED9F1D7.d.1A74A0375FCC3321F4B320CCE85E67C8.e.11446"}]}
COMMAND: GET /session/9eab2abfb92109d83111f8a107828286/screenshot - {}
RESULT: {}
RESULT: {"script":"<script> [5351 bytes]","args":[{"element-6066-11e4-a52e-4f735466cecf":"f.5DB0E6D2BB4820C6A36F69CDDED9F1D7.d.1A74A0375FCC3321F4B320CCE85E67C8.e.11446","ELEMENT":"f.5DB0E6D2BB4820C6A36F69CDDED9F1D7.d.1A74A0375FCC3321F4B320CCE85E67C8.e.11446"}]}
COMMAND: POST /session/9eab2abfb92109d83111f8a107828286/element/f.5DB0E6D2BB4820C6A36F69CDDED9F1D7.d.1A74A0375FCC3321F4B320CCE85E67C8.e.11446/click - {}
COMMAND: GET /session/9eab2abfb92109d83111f8a107828286/screenshot - {}
RESULT: {}
RESULT: {}
COMMAND: GET /session/9eab2abfb92109d83111f8a107828286/screenshot - {}
COMMAND: POST /session/9eab2abfb92109d83111f8a107828286/element - {"using":"xpath","value":"//span[contains(@id ,\"AddNewHO--typeSelect-arrow\")]"}
RESULT: {}
RESULT: {}
RESULT: {"using":"xpath","value":"//span[contains(@id ,\"AddNewHO--typeSelect-arrow\")]"}
COMMAND: POST /session/9eab2abfb92109d83111f8a107828286/element/f.5DB0E6D2BB4820C6A36F69CDDED9F1D7.d.1A74A0375FCC3321F4B320CCE85E67C8.e.11781/click - {}
RESULT: {}
COMMAND: GET /session/9eab2abfb92109d83111f8a107828286/screenshot - {}
RESULT: {}
COMMAND: POST /session/9eab2abfb92109d83111f8a107828286/element - {"using":"xpath","value":"(//li[contains(text(), \"stock increase yard\")])[1]"}
RESULT: {"using":"xpath","value":"(//li[contains(text(), \"stock increase yard\")])[1]"}
COMMAND: POST /session/9eab2abfb92109d83111f8a107828286/element/f.5DB0E6D2BB4820C6A36F69CDDED9F1D7.d.1A74A0375FCC3321F4B320CCE85E67C8.e.11782/click - {}
RESULT: {}
COMMAND: GET /session/9eab2abfb92109d83111f8a107828286/screenshot - {}
RESULT: {}
COMMAND: POST /session/9eab2abfb92109d83111f8a107828286/execute/async - {"script":"<script> [1562 bytes]","args":[{"selector":{"id":"application-managehandovers-display-component---AddNewHO--dueDate","interaction":{"idSuffix":"inner"}},"wdio_ui5_key":"applicationmanagehandovers-display-component---AddNewHO--dueDate"}]}
RESULT: {"script":"<script> [1562 bytes]","args":[{"selector":{"id":"application-managehandovers-display-component---AddNewHO--dueDate","interaction":{"idSuffix":"inner"}},"wdio_ui5_key":"applicationmanagehandovers-display-component---AddNewHO--dueDate"}]}
RESULT: undefined
COMMAND: POST /session/9eab2abfb92109d83111f8a107828286/execute/async - {"script":"<script> [6424 bytes]","args":[{"element-6066-11e4-a52e-4f735466cecf":"f.5DB0E6D2BB4820C6A36F69CDDED9F1D7.d.1A74A0375FCC3321F4B320CCE85E67C8.e.11786"},"setValue",["5/27/25"]]}
RESULT: {"script":"<script> [6424 bytes]","args":[{"element-6066-11e4-a52e-4f735466cecf":"f.5DB0E6D2BB4820C6A36F69CDDED9F1D7.d.1A74A0375FCC3321F4B320CCE85E67C8.e.11786"},"setValue",["5/27/25"]]}
COMMAND: POST /session/9eab2abfb92109d83111f8a107828286/element - {"using":"xpath","value":"//input[@id=\"generalSectionFrg--receiveYard-inner\"]"}
RESULT: {"using":"xpath","value":"//input[@id=\"generalSectionFrg--receiveYard-inner\"]"}
COMMAND: POST /session/9eab2abfb92109d83111f8a107828286/element/f.5DB0E6D2BB4820C6A36F69CDDED9F1D7.d.1A74A0375FCC3321F4B320CCE85E67C8.e.11792/clear - {}
RESULT: {}
COMMAND: POST /session/9eab2abfb92109d83111f8a107828286/element/f.5DB0E6D2BB4820C6A36F69CDDED9F1D7.d.1A74A0375FCC3321F4B320CCE85E67C8.e.11792/value - {"text":"398"}
COMMAND: GET /session/9eab2abfb92109d83111f8a107828286/screenshot - {}
RESULT: {"text":"398"}
COMMAND: GET /session/9eab2abfb92109d83111f8a107828286/screenshot - {}
RESULT: {}
RESULT: {}
COMMAND: POST /session/9eab2abfb92109d83111f8a107828286/element - {"using":"xpath","value":"//li[.//span[text()='398']]"}
RESULT: {"using":"xpath","value":"//li[.//span[text()='398']]"}
COMMAND: POST /session/9eab2abfb92109d83111f8a107828286/element/f.5DB0E6D2BB4820C6A36F69CDDED9F1D7.d.1A74A0375FCC3321F4B320CCE85E67C8.e.11808/click - {}
RESULT: {}
COMMAND: GET /session/9eab2abfb92109d83111f8a107828286/screenshot - {}
RESULT: {}
COMMAND: POST /session/9eab2abfb92109d83111f8a107828286/execute/async - {"script":"<script> [1562 bytes]","args":[{"selector":{"id":"application-managehandovers-display-component---AddNewHO--ObjectPageLayout-anchBar-application-managehandovers-display-component---AddNewHO--section4-anchor","interaction":{"idSuffix":"BDI-content"}},"wdio_ui5_key":"applicationmanagehandovers-display-component---AddNewHO--ObjectPageLayout-anchBar-application-managehandovers-display-component---AddNewHO--section4-anchor"}]}
RESULT: {"script":"<script> [1562 bytes]","args":[{"selector":{"id":"application-managehandovers-display-component---AddNewHO--ObjectPageLayout-anchBar-application-managehandovers-display-component---AddNewHO--section4-anchor","interaction":{"idSuffix":"BDI-content"}},"wdio_ui5_key":"applicationmanagehandovers-display-component---AddNewHO--ObjectPageLayout-anchBar-application-managehandovers-display-component---AddNewHO--section4-anchor"}]}
RESULT: undefined
COMMAND: POST /session/9eab2abfb92109d83111f8a107828286/element - {"using":"xpath","value":"//*[@id=\"application-managehandovers-display-component---AddNewHO--ObjectPageLayout-anchBar-application-managehandovers-display-component---AddNewHO--section4-anchor\"]"}
RESULT: {"using":"xpath","value":"//*[@id=\"application-managehandovers-display-component---AddNewHO--ObjectPageLayout-anchBar-application-managehandovers-display-component---AddNewHO--section4-anchor\"]"}
COMMAND: POST /session/9eab2abfb92109d83111f8a107828286/element/f.5DB0E6D2BB4820C6A36F69CDDED9F1D7.d.1A74A0375FCC3321F4B320CCE85E67C8.e.11810/click - {}
RESULT: {}
COMMAND: POST /session/9eab2abfb92109d83111f8a107828286/element - {"using":"xpath","value":"//button[@aria-label=\"Add\"]"}
COMMAND: GET /session/9eab2abfb92109d83111f8a107828286/screenshot - {}
RESULT: {"using":"xpath","value":"//button[@aria-label=\"Add\"]"}
COMMAND: POST /session/9eab2abfb92109d83111f8a107828286/element/f.5DB0E6D2BB4820C6A36F69CDDED9F1D7.d.1A74A0375FCC3321F4B320CCE85E67C8.e.11814/click - {}
RESULT: {}
RESULT: {}
COMMAND: GET /session/9eab2abfb92109d83111f8a107828286/screenshot - {}
RESULT: {}
COMMAND: POST /session/9eab2abfb92109d83111f8a107828286/execute/async - {"script":"<script> [1562 bytes]","args":[{"selector":{"id":"application-managehandovers-display-component---AddNewHO--smartFilterBar-btnBasicSearch","searchOpenDialogs":true,"interaction":{"idSuffix":"I"}},"wdio_ui5_key":"applicationmanagehandovers-display-component---AddNewHO--smartFilterBar-btnBasicSearch"}]}
RESULT: {"script":"<script> [1562 bytes]","args":[{"selector":{"id":"application-managehandovers-display-component---AddNewHO--smartFilterBar-btnBasicSearch","searchOpenDialogs":true,"interaction":{"idSuffix":"I"}},"wdio_ui5_key":"applicationmanagehandovers-display-component---AddNewHO--smartFilterBar-btnBasicSearch"}]}
RESULT: undefined
COMMAND: POST /session/9eab2abfb92109d83111f8a107828286/execute/async - {"script":"<script> [776 bytes]","args":[{"enterText":"4JOq5pInCp","selector":{"id":"application-managehandovers-display-component---AddNewHO--smartFilterBar-btnBasicSearch","searchOpenDialogs":true,"interaction":{"idSuffix":"I"}},"clearTextFirst":true,"interactionType":"ENTER_TEXT"}]}
RESULT: {"script":"<script> [776 bytes]","args":[{"enterText":"4JOq5pInCp","selector":{"id":"application-managehandovers-display-component---AddNewHO--smartFilterBar-btnBasicSearch","searchOpenDialogs":true,"interaction":{"idSuffix":"I"}},"clearTextFirst":true,"interactionType":"ENTER_TEXT"}]}
COMMAND: POST /session/9eab2abfb92109d83111f8a107828286/actions - {"actions":[{"id":"action46","type":"key","parameters":{},"actions":[{"type":"keyDown","value":""},{"type":"pause","duration":10},{"type":"keyUp","value":""}]}]}
RESULT: {"actions":[{"id":"action46","type":"key","parameters":{},"actions":[{"type":"keyDown","value":""},{"type":"pause","duration":10},{"type":"keyUp","value":""}]}]}
COMMAND: GET /session/9eab2abfb92109d83111f8a107828286/screenshot - {}
RESULT: {}
COMMAND: POST /session/9eab2abfb92109d83111f8a107828286/execute/async - {"script":"<script> [1562 bytes]","args":[{"selector":{"id":"application-managehandovers-display-component---AddNewHO--popup-sa","searchOpenDialogs":true,"interaction":{"idSuffix":"CbBg"}},"wdio_ui5_key":"applicationmanagehandovers-display-component---AddNewHO--popup-sa"}]}
RESULT: {"script":"<script> [1562 bytes]","args":[{"selector":{"id":"application-managehandovers-display-component---AddNewHO--popup-sa","searchOpenDialogs":true,"interaction":{"idSuffix":"CbBg"}},"wdio_ui5_key":"applicationmanagehandovers-display-component---AddNewHO--popup-sa"}]}
RESULT: undefined
COMMAND: POST /session/9eab2abfb92109d83111f8a107828286/element - {"using":"xpath","value":"//*[@id=\"application-managehandovers-display-component---AddNewHO--popup-sa\"]"}
RESULT: {"using":"xpath","value":"//*[@id=\"application-managehandovers-display-component---AddNewHO--popup-sa\"]"}
COMMAND: POST /session/9eab2abfb92109d83111f8a107828286/element/f.5DB0E6D2BB4820C6A36F69CDDED9F1D7.d.1A74A0375FCC3321F4B320CCE85E67C8.e.11967/click - {}
RESULT: {}
COMMAND: GET /session/9eab2abfb92109d83111f8a107828286/screenshot - {}
RESULT: {}
COMMAND: POST /session/9eab2abfb92109d83111f8a107828286/element - {"using":"xpath","value":"//bdi[contains(text(), \"Select\")]"}
RESULT: {"using":"xpath","value":"//bdi[contains(text(), \"Select\")]"}
COMMAND: POST /session/9eab2abfb92109d83111f8a107828286/element/f.5DB0E6D2BB4820C6A36F69CDDED9F1D7.d.1A74A0375FCC3321F4B320CCE85E67C8.e.11968/click - {}
RESULT: {}
COMMAND: GET /session/9eab2abfb92109d83111f8a107828286/screenshot - {}
RESULT: {}
COMMAND: POST /session/9eab2abfb92109d83111f8a107828286/element - {"using":"xpath","value":"//button[@data-kt=\"AddNewHOSaveButton\"]"}
RESULT: {"using":"xpath","value":"//button[@data-kt=\"AddNewHOSaveButton\"]"}
COMMAND: POST /session/9eab2abfb92109d83111f8a107828286/element/f.5DB0E6D2BB4820C6A36F69CDDED9F1D7.d.1A74A0375FCC3321F4B320CCE85E67C8.e.11972/click - {}
RESULT: {}
COMMAND: GET /session/9eab2abfb92109d83111f8a107828286/screenshot - {}
COMMAND: POST /session/9eab2abfb92109d83111f8a107828286/execute/async - {"script":"<script> [1562 bytes]","args":[{"selector":{"id":"receiptDatePicker","viewName":"etm.portal.ui.managehandovers.view.DetailExecuteHO","interaction":{"idSuffix":"inner"}},"wdio_ui5_key":"receiptDatePickeretmportal.ui.managehandovers.view.DetailExecuteHO"}]}
RESULT: {}
RESULT: {"script":"<script> [1562 bytes]","args":[{"selector":{"id":"receiptDatePicker","viewName":"etm.portal.ui.managehandovers.view.DetailExecuteHO","interaction":{"idSuffix":"inner"}},"wdio_ui5_key":"receiptDatePickeretmportal.ui.managehandovers.view.DetailExecuteHO"}]}
RESULT: undefined
COMMAND: POST /session/9eab2abfb92109d83111f8a107828286/execute/async - {"script":"<script> [6424 bytes]","args":[{"element-6066-11e4-a52e-4f735466cecf":"f.5DB0E6D2BB4820C6A36F69CDDED9F1D7.d.1A74A0375FCC3321F4B320CCE85E67C8.e.12003"},"setValue",["5/27/25"]]}
RESULT: {"script":"<script> [6424 bytes]","args":[{"element-6066-11e4-a52e-4f735466cecf":"f.5DB0E6D2BB4820C6A36F69CDDED9F1D7.d.1A74A0375FCC3321F4B320CCE85E67C8.e.12003"},"setValue",["5/27/25"]]}
COMMAND: POST /session/9eab2abfb92109d83111f8a107828286/element - {"using":"xpath","value":"//button[@data-kt=\"ReceivingTableConfirmAllButton\"]"}
RESULT: {"using":"xpath","value":"//button[@data-kt=\"ReceivingTableConfirmAllButton\"]"}
COMMAND: POST /session/9eab2abfb92109d83111f8a107828286/element/f.5DB0E6D2BB4820C6A36F69CDDED9F1D7.d.1A74A0375FCC3321F4B320CCE85E67C8.e.12019/click - {}
RESULT: {}
COMMAND: GET /session/9eab2abfb92109d83111f8a107828286/screenshot - {}
RESULT: {}
COMMAND: POST /session/9eab2abfb92109d83111f8a107828286/element - {"using":"xpath","value":"//bdi[contains(text(), \"OK\")]"}
RESULT: {"using":"xpath","value":"//bdi[contains(text(), \"OK\")]"}
COMMAND: POST /session/9eab2abfb92109d83111f8a107828286/element/f.5DB0E6D2BB4820C6A36F69CDDED9F1D7.d.1A74A0375FCC3321F4B320CCE85E67C8.e.12021/click - {}
RESULT: {}
COMMAND: GET /session/9eab2abfb92109d83111f8a107828286/screenshot - {}
RESULT: {}
COMMAND: POST /session/9eab2abfb92109d83111f8a107828286/element - {"using":"xpath","value":"(//bdi[contains(text(), \"Receive\")])[2]"}
RESULT: {"using":"xpath","value":"(//bdi[contains(text(), \"Receive\")])[2]"}
COMMAND: POST /session/9eab2abfb92109d83111f8a107828286/element/f.5DB0E6D2BB4820C6A36F69CDDED9F1D7.d.1A74A0375FCC3321F4B320CCE85E67C8.e.12023/click - {}
RESULT: {}
COMMAND: GET /session/9eab2abfb92109d83111f8a107828286/screenshot - {}
RESULT: {}
COMMAND: POST /session/9eab2abfb92109d83111f8a107828286/element - {"using":"css selector","value":"#shell-header-logo"}
RESULT: {"using":"css selector","value":"#shell-header-logo"}
COMMAND: POST /session/9eab2abfb92109d83111f8a107828286/element/f.5DB0E6D2BB4820C6A36F69CDDED9F1D7.d.1A74A0375FCC3321F4B320CCE85E67C8.e.11409/click - {}
RESULT: {}
COMMAND: GET /session/9eab2abfb92109d83111f8a107828286/screenshot - {}
RESULT: {}
]]></system-out>
    </testcase>
    <testcase classname="chrome.136_0_7103_93.windows.Create_master_data_for_mixed_billing_&amp;_do_billing_calculation_US151661" name="Should create a new contract" time="71.925">
      <system-out><![CDATA[
COMMAND: POST /session/9eab2abfb92109d83111f8a107828286/execute/async - {"script":"<script> [1562 bytes]","args":[{"selector":{"controlType":"sap.m.GenericTile","properties":{"header":"Manage Contracts"}},"wdio_ui5_key":"sapm.GenericTile{\"header\":\"Manage Contracts\"}"}]}
RESULT: {"script":"<script> [1562 bytes]","args":[{"selector":{"controlType":"sap.m.GenericTile","properties":{"header":"Manage Contracts"}},"wdio_ui5_key":"sapm.GenericTile{\"header\":\"Manage Contracts\"}"}]}
RESULT: undefined
COMMAND: POST /session/9eab2abfb92109d83111f8a107828286/element - {"using":"xpath","value":"//*[@id=\"__tile131\"]"}
RESULT: {"using":"xpath","value":"//*[@id=\"__tile131\"]"}
COMMAND: POST /session/9eab2abfb92109d83111f8a107828286/element/f.5DB0E6D2BB4820C6A36F69CDDED9F1D7.d.1A74A0375FCC3321F4B320CCE85E67C8.e.8413/click - {}
RESULT: {}
COMMAND: GET /session/9eab2abfb92109d83111f8a107828286/screenshot - {}
RESULT: {}
COMMAND: POST /session/9eab2abfb92109d83111f8a107828286/elements - {"using":"xpath","value":"//span[text()='Error']"}
RESULT: {"using":"xpath","value":"//span[text()='Error']"}
COMMAND: POST /session/9eab2abfb92109d83111f8a107828286/element - {"using":"xpath","value":"//button[@data-kt=\"addButton\"]"}
RESULT: {"using":"xpath","value":"//button[@data-kt=\"addButton\"]"}
COMMAND: POST /session/9eab2abfb92109d83111f8a107828286/elements - {"using":"xpath","value":"//button[@data-kt=\"addButton\"]"}
RESULT: {"using":"xpath","value":"//button[@data-kt=\"addButton\"]"}
COMMAND: POST /session/9eab2abfb92109d83111f8a107828286/execute/sync - {"script":"<script> [8489 bytes]","args":[{"element-6066-11e4-a52e-4f735466cecf":"f.5DB0E6D2BB4820C6A36F69CDDED9F1D7.d.1A74A0375FCC3321F4B320CCE85E67C8.e.12244","ELEMENT":"f.5DB0E6D2BB4820C6A36F69CDDED9F1D7.d.1A74A0375FCC3321F4B320CCE85E67C8.e.12244"}]}
RESULT: {"script":"<script> [8489 bytes]","args":[{"element-6066-11e4-a52e-4f735466cecf":"f.5DB0E6D2BB4820C6A36F69CDDED9F1D7.d.1A74A0375FCC3321F4B320CCE85E67C8.e.12244","ELEMENT":"f.5DB0E6D2BB4820C6A36F69CDDED9F1D7.d.1A74A0375FCC3321F4B320CCE85E67C8.e.12244"}]}
COMMAND: GET /session/9eab2abfb92109d83111f8a107828286/element/f.5DB0E6D2BB4820C6A36F69CDDED9F1D7.d.1A74A0375FCC3321F4B320CCE85E67C8.e.12244/enabled - {}
COMMAND: GET /session/9eab2abfb92109d83111f8a107828286/screenshot - {}
RESULT: {}
COMMAND: POST /session/9eab2abfb92109d83111f8a107828286/execute/sync - {"script":"<script> [8489 bytes]","args":[{"element-6066-11e4-a52e-4f735466cecf":"f.5DB0E6D2BB4820C6A36F69CDDED9F1D7.d.1A74A0375FCC3321F4B320CCE85E67C8.e.12244","ELEMENT":"f.5DB0E6D2BB4820C6A36F69CDDED9F1D7.d.1A74A0375FCC3321F4B320CCE85E67C8.e.12244"}]}
COMMAND: GET /session/9eab2abfb92109d83111f8a107828286/screenshot - {}
RESULT: {}
RESULT: {"script":"<script> [8489 bytes]","args":[{"element-6066-11e4-a52e-4f735466cecf":"f.5DB0E6D2BB4820C6A36F69CDDED9F1D7.d.1A74A0375FCC3321F4B320CCE85E67C8.e.12244","ELEMENT":"f.5DB0E6D2BB4820C6A36F69CDDED9F1D7.d.1A74A0375FCC3321F4B320CCE85E67C8.e.12244"}]}
COMMAND: POST /session/9eab2abfb92109d83111f8a107828286/execute/sync - {"script":"<script> [5351 bytes]","args":[{"element-6066-11e4-a52e-4f735466cecf":"f.5DB0E6D2BB4820C6A36F69CDDED9F1D7.d.1A74A0375FCC3321F4B320CCE85E67C8.e.12244","ELEMENT":"f.5DB0E6D2BB4820C6A36F69CDDED9F1D7.d.1A74A0375FCC3321F4B320CCE85E67C8.e.12244"}]}
COMMAND: GET /session/9eab2abfb92109d83111f8a107828286/screenshot - {}
RESULT: {}
RESULT: {"script":"<script> [5351 bytes]","args":[{"element-6066-11e4-a52e-4f735466cecf":"f.5DB0E6D2BB4820C6A36F69CDDED9F1D7.d.1A74A0375FCC3321F4B320CCE85E67C8.e.12244","ELEMENT":"f.5DB0E6D2BB4820C6A36F69CDDED9F1D7.d.1A74A0375FCC3321F4B320CCE85E67C8.e.12244"}]}
COMMAND: GET /session/9eab2abfb92109d83111f8a107828286/screenshot - {}
RESULT: {}
RESULT: {}
COMMAND: POST /session/9eab2abfb92109d83111f8a107828286/element/f.5DB0E6D2BB4820C6A36F69CDDED9F1D7.d.1A74A0375FCC3321F4B320CCE85E67C8.e.12244/click - {}
RESULT: {}
COMMAND: GET /session/9eab2abfb92109d83111f8a107828286/screenshot - {}
COMMAND: POST /session/9eab2abfb92109d83111f8a107828286/execute/async - {"script":"<script> [1562 bytes]","args":[{"selector":{"id":"application-managecontracts-display-component---AddNewContract--projectDescription","interaction":{"idSuffix":"inner"}},"wdio_ui5_key":"applicationmanagecontracts-display-component---AddNewContract--projectDescription"}]}
RESULT: {}
RESULT: {"script":"<script> [1562 bytes]","args":[{"selector":{"id":"application-managecontracts-display-component---AddNewContract--projectDescription","interaction":{"idSuffix":"inner"}},"wdio_ui5_key":"applicationmanagecontracts-display-component---AddNewContract--projectDescription"}]}
RESULT: undefined
COMMAND: POST /session/9eab2abfb92109d83111f8a107828286/execute/async - {"script":"<script> [776 bytes]","args":[{"enterText":"Mixed Contract WDIO","selector":{"id":"application-managecontracts-display-component---AddNewContract--projectDescription","interaction":{"idSuffix":"inner"}},"clearTextFirst":true,"interactionType":"ENTER_TEXT"}]}
RESULT: {"script":"<script> [776 bytes]","args":[{"enterText":"Mixed Contract WDIO","selector":{"id":"application-managecontracts-display-component---AddNewContract--projectDescription","interaction":{"idSuffix":"inner"}},"clearTextFirst":true,"interactionType":"ENTER_TEXT"}]}
COMMAND: POST /session/9eab2abfb92109d83111f8a107828286/element - {"using":"xpath","value":"//input[@id=\"application-managecontracts-display-component---AddNewContract--site-inner\"]"}
RESULT: {"using":"xpath","value":"//input[@id=\"application-managecontracts-display-component---AddNewContract--site-inner\"]"}
COMMAND: POST /session/9eab2abfb92109d83111f8a107828286/element/f.5DB0E6D2BB4820C6A36F69CDDED9F1D7.d.1A74A0375FCC3321F4B320CCE85E67C8.e.12570/clear - {}
RESULT: {}
COMMAND: POST /session/9eab2abfb92109d83111f8a107828286/element/f.5DB0E6D2BB4820C6A36F69CDDED9F1D7.d.1A74A0375FCC3321F4B320CCE85E67C8.e.12570/value - {"text":"2188"}
COMMAND: GET /session/9eab2abfb92109d83111f8a107828286/screenshot - {}
RESULT: {"text":"2188"}
COMMAND: GET /session/9eab2abfb92109d83111f8a107828286/screenshot - {}
RESULT: {}
RESULT: {}
COMMAND: POST /session/9eab2abfb92109d83111f8a107828286/element - {"using":"xpath","value":"//li[.//span[text()='2188']]"}
RESULT: {"using":"xpath","value":"//li[.//span[text()='2188']]"}
COMMAND: POST /session/9eab2abfb92109d83111f8a107828286/element/f.5DB0E6D2BB4820C6A36F69CDDED9F1D7.d.1A74A0375FCC3321F4B320CCE85E67C8.e.12652/click - {}
RESULT: {}
COMMAND: GET /session/9eab2abfb92109d83111f8a107828286/screenshot - {}
RESULT: {}
COMMAND: POST /session/9eab2abfb92109d83111f8a107828286/element - {"using":"xpath","value":"//input[@id=\"application-managecontracts-display-component---AddNewContract--yardId-inner\"]"}
RESULT: {"using":"xpath","value":"//input[@id=\"application-managecontracts-display-component---AddNewContract--yardId-inner\"]"}
COMMAND: GET /session/9eab2abfb92109d83111f8a107828286/element/f.5DB0E6D2BB4820C6A36F69CDDED9F1D7.d.1A74A0375FCC3321F4B320CCE85E67C8.e.12571/property/value - {}
RESULT: {}
COMMAND: POST /session/9eab2abfb92109d83111f8a107828286/element - {"using":"xpath","value":"//input[@id=\"application-managecontracts-display-component---AddNewContract--customerSelect-inner\"]"}
COMMAND: GET /session/9eab2abfb92109d83111f8a107828286/screenshot - {}
RESULT: {"using":"xpath","value":"//input[@id=\"application-managecontracts-display-component---AddNewContract--customerSelect-inner\"]"}
COMMAND: POST /session/9eab2abfb92109d83111f8a107828286/element/f.5DB0E6D2BB4820C6A36F69CDDED9F1D7.d.1A74A0375FCC3321F4B320CCE85E67C8.e.12569/clear - {}
RESULT: {}
RESULT: {}
COMMAND: POST /session/9eab2abfb92109d83111f8a107828286/element/f.5DB0E6D2BB4820C6A36F69CDDED9F1D7.d.1A74A0375FCC3321F4B320CCE85E67C8.e.12569/value - {"text":"1205"}
COMMAND: GET /session/9eab2abfb92109d83111f8a107828286/screenshot - {}
RESULT: {"text":"1205"}
COMMAND: GET /session/9eab2abfb92109d83111f8a107828286/screenshot - {}
RESULT: {}
RESULT: {}
COMMAND: POST /session/9eab2abfb92109d83111f8a107828286/element - {"using":"xpath","value":"//li[.//span[text()='1205']]"}
RESULT: {"using":"xpath","value":"//li[.//span[text()='1205']]"}
COMMAND: POST /session/9eab2abfb92109d83111f8a107828286/element/f.5DB0E6D2BB4820C6A36F69CDDED9F1D7.d.1A74A0375FCC3321F4B320CCE85E67C8.e.12655/click - {}
RESULT: {}
COMMAND: GET /session/9eab2abfb92109d83111f8a107828286/screenshot - {}
RESULT: {}
COMMAND: POST /session/9eab2abfb92109d83111f8a107828286/element - {"using":"xpath","value":"//button[@data-kt=\"saveButton\"]"}
RESULT: {"using":"xpath","value":"//button[@data-kt=\"saveButton\"]"}
COMMAND: POST /session/9eab2abfb92109d83111f8a107828286/element/f.5DB0E6D2BB4820C6A36F69CDDED9F1D7.d.1A74A0375FCC3321F4B320CCE85E67C8.e.12643/click - {}
RESULT: {}
COMMAND: GET /session/9eab2abfb92109d83111f8a107828286/screenshot - {}
RESULT: {}
COMMAND: POST /session/9eab2abfb92109d83111f8a107828286/element - {"using":"xpath","value":"//span[contains(@id ,\"contractDetailTitleNoExpanded\")]"}
RESULT: {"using":"xpath","value":"//span[contains(@id ,\"contractDetailTitleNoExpanded\")]"}
COMMAND: POST /session/9eab2abfb92109d83111f8a107828286/elements - {"using":"xpath","value":"//span[contains(@id ,\"contractDetailTitleNoExpanded\")]"}
RESULT: {"using":"xpath","value":"//span[contains(@id ,\"contractDetailTitleNoExpanded\")]"}
COMMAND: POST /session/9eab2abfb92109d83111f8a107828286/execute/sync - {"script":"<script> [56 bytes]","args":[{"element-6066-11e4-a52e-4f735466cecf":"f.5DB0E6D2BB4820C6A36F69CDDED9F1D7.d.1A74A0375FCC3321F4B320CCE85E67C8.e.12723","ELEMENT":"f.5DB0E6D2BB4820C6A36F69CDDED9F1D7.d.1A74A0375FCC3321F4B320CCE85E67C8.e.12723"}]}
RESULT: {"script":"<script> [56 bytes]","args":[{"element-6066-11e4-a52e-4f735466cecf":"f.5DB0E6D2BB4820C6A36F69CDDED9F1D7.d.1A74A0375FCC3321F4B320CCE85E67C8.e.12723","ELEMENT":"f.5DB0E6D2BB4820C6A36F69CDDED9F1D7.d.1A74A0375FCC3321F4B320CCE85E67C8.e.12723"}]}
COMMAND: GET /session/9eab2abfb92109d83111f8a107828286/screenshot - {}
RESULT: {}
]]></system-out>
    </testcase>
    <testcase classname="chrome.136_0_7103_93.windows.Create_master_data_for_mixed_billing_&amp;_do_billing_calculation_US151661" name="Should add equipment to the contract" time="61.78">
      <system-out><![CDATA[
COMMAND: POST /session/9eab2abfb92109d83111f8a107828286/element - {"using":"xpath","value":"//button[@data-kt=\"contractDetailEditBtnButton\"]"}
RESULT: {"using":"xpath","value":"//button[@data-kt=\"contractDetailEditBtnButton\"]"}
COMMAND: POST /session/9eab2abfb92109d83111f8a107828286/element/f.5DB0E6D2BB4820C6A36F69CDDED9F1D7.d.1A74A0375FCC3321F4B320CCE85E67C8.e.12726/click - {}
RESULT: {}
COMMAND: GET /session/9eab2abfb92109d83111f8a107828286/screenshot - {}
RESULT: {}
COMMAND: POST /session/9eab2abfb92109d83111f8a107828286/element - {"using":"xpath","value":"(//span[contains(text(), \"Additional Addresses\")])[2]"}
RESULT: {"using":"xpath","value":"(//span[contains(text(), \"Additional Addresses\")])[2]"}
COMMAND: POST /session/9eab2abfb92109d83111f8a107828286/element/f.5DB0E6D2BB4820C6A36F69CDDED9F1D7.d.1A74A0375FCC3321F4B320CCE85E67C8.e.12782/click - {}
RESULT: {}
COMMAND: GET /session/9eab2abfb92109d83111f8a107828286/screenshot - {}
RESULT: {}
COMMAND: POST /session/9eab2abfb92109d83111f8a107828286/element - {"using":"xpath","value":"//button[@data-kt=\"btnAddTableRowOverflowToolbarButton\"]"}
RESULT: {"using":"xpath","value":"//button[@data-kt=\"btnAddTableRowOverflowToolbarButton\"]"}
COMMAND: POST /session/9eab2abfb92109d83111f8a107828286/element/f.5DB0E6D2BB4820C6A36F69CDDED9F1D7.d.1A74A0375FCC3321F4B320CCE85E67C8.e.12785/click - {}
RESULT: {}
COMMAND: GET /session/9eab2abfb92109d83111f8a107828286/screenshot - {}
RESULT: {}
COMMAND: POST /session/9eab2abfb92109d83111f8a107828286/element - {"using":"xpath","value":"//div[(text() = 'Standard Entry' or . = 'Standard Entry')]"}
RESULT: {"using":"xpath","value":"//div[(text() = 'Standard Entry' or . = 'Standard Entry')]"}
COMMAND: POST /session/9eab2abfb92109d83111f8a107828286/element/f.5DB0E6D2BB4820C6A36F69CDDED9F1D7.d.1A74A0375FCC3321F4B320CCE85E67C8.e.12787/click - {}
RESULT: {}
COMMAND: GET /session/9eab2abfb92109d83111f8a107828286/screenshot - {}
RESULT: {}
COMMAND: POST /session/9eab2abfb92109d83111f8a107828286/element - {"using":"xpath","value":"//td[7]/div/div/input"}
RESULT: {"using":"xpath","value":"//td[7]/div/div/input"}
COMMAND: POST /session/9eab2abfb92109d83111f8a107828286/element/f.5DB0E6D2BB4820C6A36F69CDDED9F1D7.d.1A74A0375FCC3321F4B320CCE85E67C8.e.12796/clear - {}
RESULT: {}
COMMAND: POST /session/9eab2abfb92109d83111f8a107828286/element/f.5DB0E6D2BB4820C6A36F69CDDED9F1D7.d.1A74A0375FCC3321F4B320CCE85E67C8.e.12796/value - {"text":"4JOq5pInCp"}
COMMAND: GET /session/9eab2abfb92109d83111f8a107828286/screenshot - {}
RESULT: {"text":"4JOq5pInCp"}
COMMAND: GET /session/9eab2abfb92109d83111f8a107828286/screenshot - {}
RESULT: {}
RESULT: {}
COMMAND: POST /session/9eab2abfb92109d83111f8a107828286/actions - {"actions":[{"id":"action47","type":"key","parameters":{},"actions":[{"type":"keyDown","value":""},{"type":"pause","duration":10},{"type":"keyUp","value":""}]}]}
RESULT: {"actions":[{"id":"action47","type":"key","parameters":{},"actions":[{"type":"keyDown","value":""},{"type":"pause","duration":10},{"type":"keyUp","value":""}]}]}
COMMAND: GET /session/9eab2abfb92109d83111f8a107828286/screenshot - {}
RESULT: {}
COMMAND: POST /session/9eab2abfb92109d83111f8a107828286/execute/sync - {"script":"<script> [276 bytes]","args":["No pricing information was found"]}
RESULT: {"script":"<script> [276 bytes]","args":["No pricing information was found"]}
COMMAND: POST /session/9eab2abfb92109d83111f8a107828286/element - {"using":"xpath","value":"(//button[@data-kt=\"saveButton\"])[2]"}
COMMAND: GET /session/9eab2abfb92109d83111f8a107828286/screenshot - {}
RESULT: {"using":"xpath","value":"(//button[@data-kt=\"saveButton\"])[2]"}
COMMAND: POST /session/9eab2abfb92109d83111f8a107828286/element/f.5DB0E6D2BB4820C6A36F69CDDED9F1D7.d.1A74A0375FCC3321F4B320CCE85E67C8.e.12811/click - {}
RESULT: {}
RESULT: {}
COMMAND: GET /session/9eab2abfb92109d83111f8a107828286/screenshot - {}
RESULT: {}
COMMAND: POST /session/9eab2abfb92109d83111f8a107828286/execute/sync - {"script":"<script> [276 bytes]","args":["Some contract items are having rental validity exceeding header rental validity"]}
RESULT: {"script":"<script> [276 bytes]","args":["Some contract items are having rental validity exceeding header rental validity"]}
COMMAND: GET /session/9eab2abfb92109d83111f8a107828286/screenshot - {}
RESULT: {}
COMMAND: POST /session/9eab2abfb92109d83111f8a107828286/element - {"using":"xpath","value":"//span[contains(@id ,\"contractItemsSmartTable-header-inner\")]"}
RESULT: {"using":"xpath","value":"//span[contains(@id ,\"contractItemsSmartTable-header-inner\")]"}
COMMAND: POST /session/9eab2abfb92109d83111f8a107828286/elements - {"using":"xpath","value":"//span[contains(@id ,\"contractItemsSmartTable-header-inner\")]"}
RESULT: {"using":"xpath","value":"//span[contains(@id ,\"contractItemsSmartTable-header-inner\")]"}
COMMAND: POST /session/9eab2abfb92109d83111f8a107828286/execute/sync - {"script":"<script> [56 bytes]","args":[{"element-6066-11e4-a52e-4f735466cecf":"f.5DB0E6D2BB4820C6A36F69CDDED9F1D7.d.1A74A0375FCC3321F4B320CCE85E67C8.e.12813","ELEMENT":"f.5DB0E6D2BB4820C6A36F69CDDED9F1D7.d.1A74A0375FCC3321F4B320CCE85E67C8.e.12813"}]}
RESULT: {"script":"<script> [56 bytes]","args":[{"element-6066-11e4-a52e-4f735466cecf":"f.5DB0E6D2BB4820C6A36F69CDDED9F1D7.d.1A74A0375FCC3321F4B320CCE85E67C8.e.12813","ELEMENT":"f.5DB0E6D2BB4820C6A36F69CDDED9F1D7.d.1A74A0375FCC3321F4B320CCE85E67C8.e.12813"}]}
COMMAND: GET /session/9eab2abfb92109d83111f8a107828286/screenshot - {}
RESULT: {}
COMMAND: POST /session/9eab2abfb92109d83111f8a107828286/execute/sync - {"script":"<script> [56 bytes]","args":[{"element-6066-11e4-a52e-4f735466cecf":"f.5DB0E6D2BB4820C6A36F69CDDED9F1D7.d.1A74A0375FCC3321F4B320CCE85E67C8.e.12813","ELEMENT":"f.5DB0E6D2BB4820C6A36F69CDDED9F1D7.d.1A74A0375FCC3321F4B320CCE85E67C8.e.12813"}]}
RESULT: {"script":"<script> [56 bytes]","args":[{"element-6066-11e4-a52e-4f735466cecf":"f.5DB0E6D2BB4820C6A36F69CDDED9F1D7.d.1A74A0375FCC3321F4B320CCE85E67C8.e.12813","ELEMENT":"f.5DB0E6D2BB4820C6A36F69CDDED9F1D7.d.1A74A0375FCC3321F4B320CCE85E67C8.e.12813"}]}
COMMAND: GET /session/9eab2abfb92109d83111f8a107828286/screenshot - {}
RESULT: {}
COMMAND: POST /session/9eab2abfb92109d83111f8a107828286/execute/sync - {"script":"<script> [56 bytes]","args":[{"element-6066-11e4-a52e-4f735466cecf":"f.5DB0E6D2BB4820C6A36F69CDDED9F1D7.d.1A74A0375FCC3321F4B320CCE85E67C8.e.12813","ELEMENT":"f.5DB0E6D2BB4820C6A36F69CDDED9F1D7.d.1A74A0375FCC3321F4B320CCE85E67C8.e.12813"}]}
RESULT: {"script":"<script> [56 bytes]","args":[{"element-6066-11e4-a52e-4f735466cecf":"f.5DB0E6D2BB4820C6A36F69CDDED9F1D7.d.1A74A0375FCC3321F4B320CCE85E67C8.e.12813","ELEMENT":"f.5DB0E6D2BB4820C6A36F69CDDED9F1D7.d.1A74A0375FCC3321F4B320CCE85E67C8.e.12813"}]}
COMMAND: GET /session/9eab2abfb92109d83111f8a107828286/screenshot - {}
RESULT: {}
COMMAND: POST /session/9eab2abfb92109d83111f8a107828286/execute/sync - {"script":"<script> [56 bytes]","args":[{"element-6066-11e4-a52e-4f735466cecf":"f.5DB0E6D2BB4820C6A36F69CDDED9F1D7.d.1A74A0375FCC3321F4B320CCE85E67C8.e.12813","ELEMENT":"f.5DB0E6D2BB4820C6A36F69CDDED9F1D7.d.1A74A0375FCC3321F4B320CCE85E67C8.e.12813"}]}
RESULT: {"script":"<script> [56 bytes]","args":[{"element-6066-11e4-a52e-4f735466cecf":"f.5DB0E6D2BB4820C6A36F69CDDED9F1D7.d.1A74A0375FCC3321F4B320CCE85E67C8.e.12813","ELEMENT":"f.5DB0E6D2BB4820C6A36F69CDDED9F1D7.d.1A74A0375FCC3321F4B320CCE85E67C8.e.12813"}]}
COMMAND: GET /session/9eab2abfb92109d83111f8a107828286/screenshot - {}
RESULT: {}
COMMAND: POST /session/9eab2abfb92109d83111f8a107828286/execute/sync - {"script":"<script> [56 bytes]","args":[{"element-6066-11e4-a52e-4f735466cecf":"f.5DB0E6D2BB4820C6A36F69CDDED9F1D7.d.1A74A0375FCC3321F4B320CCE85E67C8.e.12813","ELEMENT":"f.5DB0E6D2BB4820C6A36F69CDDED9F1D7.d.1A74A0375FCC3321F4B320CCE85E67C8.e.12813"}]}
RESULT: {"script":"<script> [56 bytes]","args":[{"element-6066-11e4-a52e-4f735466cecf":"f.5DB0E6D2BB4820C6A36F69CDDED9F1D7.d.1A74A0375FCC3321F4B320CCE85E67C8.e.12813","ELEMENT":"f.5DB0E6D2BB4820C6A36F69CDDED9F1D7.d.1A74A0375FCC3321F4B320CCE85E67C8.e.12813"}]}
COMMAND: GET /session/9eab2abfb92109d83111f8a107828286/screenshot - {}
RESULT: {}
COMMAND: POST /session/9eab2abfb92109d83111f8a107828286/execute/sync - {"script":"<script> [56 bytes]","args":[{"element-6066-11e4-a52e-4f735466cecf":"f.5DB0E6D2BB4820C6A36F69CDDED9F1D7.d.1A74A0375FCC3321F4B320CCE85E67C8.e.12813","ELEMENT":"f.5DB0E6D2BB4820C6A36F69CDDED9F1D7.d.1A74A0375FCC3321F4B320CCE85E67C8.e.12813"}]}
RESULT: {"script":"<script> [56 bytes]","args":[{"element-6066-11e4-a52e-4f735466cecf":"f.5DB0E6D2BB4820C6A36F69CDDED9F1D7.d.1A74A0375FCC3321F4B320CCE85E67C8.e.12813","ELEMENT":"f.5DB0E6D2BB4820C6A36F69CDDED9F1D7.d.1A74A0375FCC3321F4B320CCE85E67C8.e.12813"}]}
COMMAND: GET /session/9eab2abfb92109d83111f8a107828286/screenshot - {}
RESULT: {}
COMMAND: POST /session/9eab2abfb92109d83111f8a107828286/execute/sync - {"script":"<script> [56 bytes]","args":[{"element-6066-11e4-a52e-4f735466cecf":"f.5DB0E6D2BB4820C6A36F69CDDED9F1D7.d.1A74A0375FCC3321F4B320CCE85E67C8.e.12813","ELEMENT":"f.5DB0E6D2BB4820C6A36F69CDDED9F1D7.d.1A74A0375FCC3321F4B320CCE85E67C8.e.12813"}]}
RESULT: {"script":"<script> [56 bytes]","args":[{"element-6066-11e4-a52e-4f735466cecf":"f.5DB0E6D2BB4820C6A36F69CDDED9F1D7.d.1A74A0375FCC3321F4B320CCE85E67C8.e.12813","ELEMENT":"f.5DB0E6D2BB4820C6A36F69CDDED9F1D7.d.1A74A0375FCC3321F4B320CCE85E67C8.e.12813"}]}
COMMAND: GET /session/9eab2abfb92109d83111f8a107828286/screenshot - {}
RESULT: {}
COMMAND: POST /session/9eab2abfb92109d83111f8a107828286/execute/sync - {"script":"<script> [56 bytes]","args":[{"element-6066-11e4-a52e-4f735466cecf":"f.5DB0E6D2BB4820C6A36F69CDDED9F1D7.d.1A74A0375FCC3321F4B320CCE85E67C8.e.12813","ELEMENT":"f.5DB0E6D2BB4820C6A36F69CDDED9F1D7.d.1A74A0375FCC3321F4B320CCE85E67C8.e.12813"}]}
RESULT: {"script":"<script> [56 bytes]","args":[{"element-6066-11e4-a52e-4f735466cecf":"f.5DB0E6D2BB4820C6A36F69CDDED9F1D7.d.1A74A0375FCC3321F4B320CCE85E67C8.e.12813","ELEMENT":"f.5DB0E6D2BB4820C6A36F69CDDED9F1D7.d.1A74A0375FCC3321F4B320CCE85E67C8.e.12813"}]}
COMMAND: GET /session/9eab2abfb92109d83111f8a107828286/screenshot - {}
COMMAND: POST /session/9eab2abfb92109d83111f8a107828286/execute/sync - {"script":"<script> [56 bytes]","args":[{"element-6066-11e4-a52e-4f735466cecf":"f.5DB0E6D2BB4820C6A36F69CDDED9F1D7.d.1A74A0375FCC3321F4B320CCE85E67C8.e.12813","ELEMENT":"f.5DB0E6D2BB4820C6A36F69CDDED9F1D7.d.1A74A0375FCC3321F4B320CCE85E67C8.e.12813"}]}
RESULT: {}
RESULT: {"script":"<script> [56 bytes]","args":[{"element-6066-11e4-a52e-4f735466cecf":"f.5DB0E6D2BB4820C6A36F69CDDED9F1D7.d.1A74A0375FCC3321F4B320CCE85E67C8.e.12813","ELEMENT":"f.5DB0E6D2BB4820C6A36F69CDDED9F1D7.d.1A74A0375FCC3321F4B320CCE85E67C8.e.12813"}]}
COMMAND: GET /session/9eab2abfb92109d83111f8a107828286/screenshot - {}
COMMAND: POST /session/9eab2abfb92109d83111f8a107828286/execute/sync - {"script":"<script> [56 bytes]","args":[{"element-6066-11e4-a52e-4f735466cecf":"f.5DB0E6D2BB4820C6A36F69CDDED9F1D7.d.1A74A0375FCC3321F4B320CCE85E67C8.e.12813","ELEMENT":"f.5DB0E6D2BB4820C6A36F69CDDED9F1D7.d.1A74A0375FCC3321F4B320CCE85E67C8.e.12813"}]}
RESULT: {"script":"<script> [56 bytes]","args":[{"element-6066-11e4-a52e-4f735466cecf":"f.5DB0E6D2BB4820C6A36F69CDDED9F1D7.d.1A74A0375FCC3321F4B320CCE85E67C8.e.12813","ELEMENT":"f.5DB0E6D2BB4820C6A36F69CDDED9F1D7.d.1A74A0375FCC3321F4B320CCE85E67C8.e.12813"}]}
COMMAND: POST /session/9eab2abfb92109d83111f8a107828286/execute/sync - {"script":"<script> [56 bytes]","args":[{"element-6066-11e4-a52e-4f735466cecf":"f.5DB0E6D2BB4820C6A36F69CDDED9F1D7.d.1A74A0375FCC3321F4B320CCE85E67C8.e.12813","ELEMENT":"f.5DB0E6D2BB4820C6A36F69CDDED9F1D7.d.1A74A0375FCC3321F4B320CCE85E67C8.e.12813"}]}
COMMAND: GET /session/9eab2abfb92109d83111f8a107828286/screenshot - {}
RESULT: {}
RESULT: {"script":"<script> [56 bytes]","args":[{"element-6066-11e4-a52e-4f735466cecf":"f.5DB0E6D2BB4820C6A36F69CDDED9F1D7.d.1A74A0375FCC3321F4B320CCE85E67C8.e.12813","ELEMENT":"f.5DB0E6D2BB4820C6A36F69CDDED9F1D7.d.1A74A0375FCC3321F4B320CCE85E67C8.e.12813"}]}
COMMAND: POST /session/9eab2abfb92109d83111f8a107828286/execute/sync - {"script":"<script> [56 bytes]","args":[{"element-6066-11e4-a52e-4f735466cecf":"f.5DB0E6D2BB4820C6A36F69CDDED9F1D7.d.1A74A0375FCC3321F4B320CCE85E67C8.e.12813","ELEMENT":"f.5DB0E6D2BB4820C6A36F69CDDED9F1D7.d.1A74A0375FCC3321F4B320CCE85E67C8.e.12813"}]}
COMMAND: GET /session/9eab2abfb92109d83111f8a107828286/screenshot - {}
RESULT: {}
RESULT: {"script":"<script> [56 bytes]","args":[{"element-6066-11e4-a52e-4f735466cecf":"f.5DB0E6D2BB4820C6A36F69CDDED9F1D7.d.1A74A0375FCC3321F4B320CCE85E67C8.e.12813","ELEMENT":"f.5DB0E6D2BB4820C6A36F69CDDED9F1D7.d.1A74A0375FCC3321F4B320CCE85E67C8.e.12813"}]}
COMMAND: GET /session/9eab2abfb92109d83111f8a107828286/screenshot - {}
COMMAND: POST /session/9eab2abfb92109d83111f8a107828286/execute/sync - {"script":"<script> [56 bytes]","args":[{"element-6066-11e4-a52e-4f735466cecf":"f.5DB0E6D2BB4820C6A36F69CDDED9F1D7.d.1A74A0375FCC3321F4B320CCE85E67C8.e.12813","ELEMENT":"f.5DB0E6D2BB4820C6A36F69CDDED9F1D7.d.1A74A0375FCC3321F4B320CCE85E67C8.e.12813"}]}
RESULT: {}
RESULT: {}
RESULT: {"script":"<script> [56 bytes]","args":[{"element-6066-11e4-a52e-4f735466cecf":"f.5DB0E6D2BB4820C6A36F69CDDED9F1D7.d.1A74A0375FCC3321F4B320CCE85E67C8.e.12813","ELEMENT":"f.5DB0E6D2BB4820C6A36F69CDDED9F1D7.d.1A74A0375FCC3321F4B320CCE85E67C8.e.12813"}]}
COMMAND: POST /session/9eab2abfb92109d83111f8a107828286/execute/sync - {"script":"<script> [56 bytes]","args":[{"element-6066-11e4-a52e-4f735466cecf":"f.5DB0E6D2BB4820C6A36F69CDDED9F1D7.d.1A74A0375FCC3321F4B320CCE85E67C8.e.12813","ELEMENT":"f.5DB0E6D2BB4820C6A36F69CDDED9F1D7.d.1A74A0375FCC3321F4B320CCE85E67C8.e.12813"}]}
COMMAND: GET /session/9eab2abfb92109d83111f8a107828286/screenshot - {}
RESULT: {"script":"<script> [56 bytes]","args":[{"element-6066-11e4-a52e-4f735466cecf":"f.5DB0E6D2BB4820C6A36F69CDDED9F1D7.d.1A74A0375FCC3321F4B320CCE85E67C8.e.12813","ELEMENT":"f.5DB0E6D2BB4820C6A36F69CDDED9F1D7.d.1A74A0375FCC3321F4B320CCE85E67C8.e.12813"}]}
COMMAND: GET /session/9eab2abfb92109d83111f8a107828286/screenshot - {}
COMMAND: POST /session/9eab2abfb92109d83111f8a107828286/execute/sync - {"script":"<script> [56 bytes]","args":[{"element-6066-11e4-a52e-4f735466cecf":"f.5DB0E6D2BB4820C6A36F69CDDED9F1D7.d.1A74A0375FCC3321F4B320CCE85E67C8.e.12813","ELEMENT":"f.5DB0E6D2BB4820C6A36F69CDDED9F1D7.d.1A74A0375FCC3321F4B320CCE85E67C8.e.12813"}]}
RESULT: {}
RESULT: {}
RESULT: {"script":"<script> [56 bytes]","args":[{"element-6066-11e4-a52e-4f735466cecf":"f.5DB0E6D2BB4820C6A36F69CDDED9F1D7.d.1A74A0375FCC3321F4B320CCE85E67C8.e.12813","ELEMENT":"f.5DB0E6D2BB4820C6A36F69CDDED9F1D7.d.1A74A0375FCC3321F4B320CCE85E67C8.e.12813"}]}
COMMAND: GET /session/9eab2abfb92109d83111f8a107828286/screenshot - {}
]]></system-out>
    </testcase>
    <testcase classname="chrome.136_0_7103_93.windows.Create_master_data_for_mixed_billing_&amp;_do_billing_calculation_US151661" name="Should do a provide to site handover" time="63.555">
      <system-out><![CDATA[
COMMAND: POST /session/9eab2abfb92109d83111f8a107828286/element - {"using":"xpath","value":"//button[@data-kt=\"provideButton\"]"}
RESULT: {}
RESULT: {"using":"xpath","value":"//button[@data-kt=\"provideButton\"]"}
COMMAND: POST /session/9eab2abfb92109d83111f8a107828286/element/f.5DB0E6D2BB4820C6A36F69CDDED9F1D7.d.1A74A0375FCC3321F4B320CCE85E67C8.e.12819/click - {}
RESULT: {}
COMMAND: GET /session/9eab2abfb92109d83111f8a107828286/screenshot - {}
RESULT: {}
RESULT: undefined
COMMAND: POST /session/9eab2abfb92109d83111f8a107828286/execute/async - {"script":"<script> [6424 bytes]","args":[{"element-6066-11e4-a52e-4f735466cecf":"f.5DB0E6D2BB4820C6A36F69CDDED9F1D7.d.1A74A0375FCC3321F4B320CCE85E67C8.e.11786"},"setValue",["5/27/25"]]}
COMMAND: POST /session/9eab2abfb92109d83111f8a107828286/execute/async - {"script":"<script> [1562 bytes]","args":[{"selector":{"id":"application-managehandovers-display-component---AddNewHO--dueDate","interaction":{"idSuffix":"inner"}},"wdio_ui5_key":"applicationmanagehandovers-display-component---AddNewHO--dueDate"}]}
RESULT: {"script":"<script> [1562 bytes]","args":[{"selector":{"id":"application-managehandovers-display-component---AddNewHO--dueDate","interaction":{"idSuffix":"inner"}},"wdio_ui5_key":"applicationmanagehandovers-display-component---AddNewHO--dueDate"}]}
COMMAND: POST /session/9eab2abfb92109d83111f8a107828286/execute/async - {"script":"<script> [6424 bytes]","args":[{"element-6066-11e4-a52e-4f735466cecf":"f.5DB0E6D2BB4820C6A36F69CDDED9F1D7.d.1A74A0375FCC3321F4B320CCE85E67C8.e.12876"},"setValue",["5/27/25"]]}
RESULT: {"script":"<script> [6424 bytes]","args":[{"element-6066-11e4-a52e-4f735466cecf":"f.5DB0E6D2BB4820C6A36F69CDDED9F1D7.d.1A74A0375FCC3321F4B320CCE85E67C8.e.12876"},"setValue",["5/27/25"]]}
COMMAND: POST /session/9eab2abfb92109d83111f8a107828286/element - {"using":"xpath","value":"//bdi[contains(text(), \"Instructions\")]"}
RESULT: {"using":"xpath","value":"//bdi[contains(text(), \"Instructions\")]"}
COMMAND: POST /session/9eab2abfb92109d83111f8a107828286/element/f.5DB0E6D2BB4820C6A36F69CDDED9F1D7.d.1A74A0375FCC3321F4B320CCE85E67C8.e.12992/click - {}
RESULT: {}
COMMAND: GET /session/9eab2abfb92109d83111f8a107828286/screenshot - {}
RESULT: {}
COMMAND: POST /session/9eab2abfb92109d83111f8a107828286/element - {"using":"xpath","value":"//button[@data-kt=\"AddNewHOProvideAddItemsButton\"]"}
RESULT: {"using":"xpath","value":"//button[@data-kt=\"AddNewHOProvideAddItemsButton\"]"}
COMMAND: POST /session/9eab2abfb92109d83111f8a107828286/element/f.5DB0E6D2BB4820C6A36F69CDDED9F1D7.d.1A74A0375FCC3321F4B320CCE85E67C8.e.12996/click - {}
RESULT: {}
COMMAND: GET /session/9eab2abfb92109d83111f8a107828286/screenshot - {}
RESULT: {}
RESULT: undefined
COMMAND: POST /session/9eab2abfb92109d83111f8a107828286/element - {"using":"xpath","value":"//*[@id=\"application-managehandovers-display-component---AddNewHO--popup-sa\"]"}
RESULT: {"using":"xpath","value":"//*[@id=\"application-managehandovers-display-component---AddNewHO--popup-sa\"]"}
COMMAND: POST /session/9eab2abfb92109d83111f8a107828286/element/f.5DB0E6D2BB4820C6A36F69CDDED9F1D7.d.1A74A0375FCC3321F4B320CCE85E67C8.e.13006/click - {}
RESULT: {}
COMMAND: GET /session/9eab2abfb92109d83111f8a107828286/screenshot - {}
RESULT: {}
COMMAND: POST /session/9eab2abfb92109d83111f8a107828286/element - {"using":"xpath","value":"//*[contains(@id ,\"BDI-content\")][contains(text(), \"Select\")]"}
RESULT: {"using":"xpath","value":"//*[contains(@id ,\"BDI-content\")][contains(text(), \"Select\")]"}
COMMAND: POST /session/9eab2abfb92109d83111f8a107828286/element/f.5DB0E6D2BB4820C6A36F69CDDED9F1D7.d.1A74A0375FCC3321F4B320CCE85E67C8.e.13007/click - {}
RESULT: {}
COMMAND: GET /session/9eab2abfb92109d83111f8a107828286/screenshot - {}
RESULT: {}
COMMAND: POST /session/9eab2abfb92109d83111f8a107828286/execute/async - {"script":"<script> [1562 bytes]","args":[{"selector":{"id":"application-managehandovers-display-component---AddNewHO--confirmCreationButton","interaction":{"idSuffix":"BDI-content"}},"wdio_ui5_key":"applicationmanagehandovers-display-component---AddNewHO--confirmCreationButton"}]}
RESULT: {"script":"<script> [1562 bytes]","args":[{"selector":{"id":"application-managehandovers-display-component---AddNewHO--confirmCreationButton","interaction":{"idSuffix":"BDI-content"}},"wdio_ui5_key":"applicationmanagehandovers-display-component---AddNewHO--confirmCreationButton"}]}
RESULT: undefined
COMMAND: POST /session/9eab2abfb92109d83111f8a107828286/element - {"using":"xpath","value":"//*[@id=\"application-managehandovers-display-component---AddNewHO--confirmCreationButton\"]"}
RESULT: {"using":"xpath","value":"//*[@id=\"application-managehandovers-display-component---AddNewHO--confirmCreationButton\"]"}
COMMAND: POST /session/9eab2abfb92109d83111f8a107828286/element/f.5DB0E6D2BB4820C6A36F69CDDED9F1D7.d.1A74A0375FCC3321F4B320CCE85E67C8.e.12945/click - {}
RESULT: {}
COMMAND: GET /session/9eab2abfb92109d83111f8a107828286/screenshot - {}
RESULT: {}
COMMAND: POST /session/9eab2abfb92109d83111f8a107828286/execute/async - {"script":"<script> [1562 bytes]","args":[{"selector":{"id":"issueDatePicker","viewName":"etm.portal.ui.managehandovers.view.DetailExecuteHO","interaction":{"idSuffix":"inner"}},"wdio_ui5_key":"issueDatePickeretmportal.ui.managehandovers.view.DetailExecuteHO"}]}
RESULT: {"script":"<script> [1562 bytes]","args":[{"selector":{"id":"issueDatePicker","viewName":"etm.portal.ui.managehandovers.view.DetailExecuteHO","interaction":{"idSuffix":"inner"}},"wdio_ui5_key":"issueDatePickeretmportal.ui.managehandovers.view.DetailExecuteHO"}]}
RESULT: undefined
COMMAND: POST /session/9eab2abfb92109d83111f8a107828286/execute/async - {"script":"<script> [776 bytes]","args":[{"enterText":"5/27/25","selector":{"id":"issueDatePicker","viewName":"etm.portal.ui.managehandovers.view.DetailExecuteHO","interaction":{"idSuffix":"inner"}},"clearTextFirst":true,"interactionType":"ENTER_TEXT"}]}
RESULT: {"script":"<script> [776 bytes]","args":[{"enterText":"5/27/25","selector":{"id":"issueDatePicker","viewName":"etm.portal.ui.managehandovers.view.DetailExecuteHO","interaction":{"idSuffix":"inner"}},"clearTextFirst":true,"interactionType":"ENTER_TEXT"}]}
COMMAND: POST /session/9eab2abfb92109d83111f8a107828286/element - {"using":"xpath","value":"//button[@data-kt=\"PickingTableConfirmAllButton\"]"}
RESULT: {"using":"xpath","value":"//button[@data-kt=\"PickingTableConfirmAllButton\"]"}
COMMAND: POST /session/9eab2abfb92109d83111f8a107828286/element/f.5DB0E6D2BB4820C6A36F69CDDED9F1D7.d.1A74A0375FCC3321F4B320CCE85E67C8.e.13068/click - {}
RESULT: {}
COMMAND: GET /session/9eab2abfb92109d83111f8a107828286/screenshot - {}
RESULT: {}
COMMAND: POST /session/9eab2abfb92109d83111f8a107828286/element - {"using":"xpath","value":"//bdi[contains(text(), \"OK\")]"}
RESULT: {"using":"xpath","value":"//bdi[contains(text(), \"OK\")]"}
COMMAND: POST /session/9eab2abfb92109d83111f8a107828286/element/f.5DB0E6D2BB4820C6A36F69CDDED9F1D7.d.1A74A0375FCC3321F4B320CCE85E67C8.e.13071/click - {}
RESULT: {}
COMMAND: GET /session/9eab2abfb92109d83111f8a107828286/screenshot - {}
RESULT: {}
COMMAND: POST /session/9eab2abfb92109d83111f8a107828286/element - {"using":"xpath","value":"//bdi[contains(text(), \"Issue\")]"}
RESULT: {"using":"xpath","value":"//bdi[contains(text(), \"Issue\")]"}
COMMAND: POST /session/9eab2abfb92109d83111f8a107828286/element/f.5DB0E6D2BB4820C6A36F69CDDED9F1D7.d.1A74A0375FCC3321F4B320CCE85E67C8.e.13073/click - {}
RESULT: {}
COMMAND: GET /session/9eab2abfb92109d83111f8a107828286/screenshot - {}
RESULT: {}
COMMAND: POST /session/9eab2abfb92109d83111f8a107828286/element - {"using":"css selector","value":"#shell-header-logo"}
RESULT: {"using":"css selector","value":"#shell-header-logo"}
COMMAND: POST /session/9eab2abfb92109d83111f8a107828286/element/f.5DB0E6D2BB4820C6A36F69CDDED9F1D7.d.1A74A0375FCC3321F4B320CCE85E67C8.e.12200/click - {}
RESULT: {}
COMMAND: GET /session/9eab2abfb92109d83111f8a107828286/screenshot - {}
RESULT: {}
]]></system-out>
    </testcase>
    <testcase classname="chrome.136_0_7103_93.windows.Create_master_data_for_mixed_billing_&amp;_do_billing_calculation_US151661" name="Should create a few performance documents" time="103.897">
      <system-out><![CDATA[
COMMAND: POST /session/9eab2abfb92109d83111f8a107828286/execute/async - {"script":"<script> [1562 bytes]","args":[{"selector":{"controlType":"sap.m.GenericTile","properties":{"header":"Manage States & Performance"}},"wdio_ui5_key":"sapm.GenericTile{\"header\":\"Manage States & Performance\"}"}]}
RESULT: {"script":"<script> [1562 bytes]","args":[{"selector":{"controlType":"sap.m.GenericTile","properties":{"header":"Manage States & Performance"}},"wdio_ui5_key":"sapm.GenericTile{\"header\":\"Manage States & Performance\"}"}]}
RESULT: undefined
COMMAND: POST /session/9eab2abfb92109d83111f8a107828286/element - {"using":"xpath","value":"//*[@id=\"__tile96\"]"}
RESULT: {"using":"xpath","value":"//*[@id=\"__tile96\"]"}
COMMAND: POST /session/9eab2abfb92109d83111f8a107828286/element/f.5DB0E6D2BB4820C6A36F69CDDED9F1D7.d.1A74A0375FCC3321F4B320CCE85E67C8.e.8469/click - {}
RESULT: {}
COMMAND: GET /session/9eab2abfb92109d83111f8a107828286/screenshot - {}
RESULT: {}
COMMAND: POST /session/9eab2abfb92109d83111f8a107828286/elements - {"using":"xpath","value":"//span[text()='Error']"}
RESULT: {"using":"xpath","value":"//span[text()='Error']"}
COMMAND: POST /session/9eab2abfb92109d83111f8a107828286/execute/async - {"script":"<script> [1562 bytes]","args":[{"selector":{"id":"application-managestatesandperformance-display-component---stateAndPerform--smartFilterBarResources-btnBasicSearch","interaction":{"idSuffix":"I"}},"wdio_ui5_key":"applicationmanagestatesandperformance-display-component---stateAndPerform--smartFilterBarResources-btnBasicSearch"}]}
RESULT: {"script":"<script> [1562 bytes]","args":[{"selector":{"id":"application-managestatesandperformance-display-component---stateAndPerform--smartFilterBarResources-btnBasicSearch","interaction":{"idSuffix":"I"}},"wdio_ui5_key":"applicationmanagestatesandperformance-display-component---stateAndPerform--smartFilterBarResources-btnBasicSearch"}]}
RESULT: undefined
COMMAND: POST /session/9eab2abfb92109d83111f8a107828286/execute/async - {"script":"<script> [776 bytes]","args":[{"enterText":"4JOq5pInCp","selector":{"id":"application-managestatesandperformance-display-component---stateAndPerform--smartFilterBarResources-btnBasicSearch","interaction":{"idSuffix":"I"}},"clearTextFirst":true,"interactionType":"ENTER_TEXT"}]}
RESULT: {"script":"<script> [776 bytes]","args":[{"enterText":"4JOq5pInCp","selector":{"id":"application-managestatesandperformance-display-component---stateAndPerform--smartFilterBarResources-btnBasicSearch","interaction":{"idSuffix":"I"}},"clearTextFirst":true,"interactionType":"ENTER_TEXT"}]}
COMMAND: POST /session/9eab2abfb92109d83111f8a107828286/actions - {"actions":[{"id":"action48","type":"key","parameters":{},"actions":[{"type":"keyDown","value":""},{"type":"pause","duration":10},{"type":"keyUp","value":""}]}]}
RESULT: {"actions":[{"id":"action48","type":"key","parameters":{},"actions":[{"type":"keyDown","value":""},{"type":"pause","duration":10},{"type":"keyUp","value":""}]}]}
COMMAND: GET /session/9eab2abfb92109d83111f8a107828286/screenshot - {}
RESULT: {}
COMMAND: POST /session/9eab2abfb92109d83111f8a107828286/execute/async - {"script":"<script> [1562 bytes]","args":[{"selector":{"id":"application-managestatesandperformance-display-component---stateAndPerform--stateAndPerformResourcesSmartTable-header"},"wdio_ui5_key":"applicationmanagestatesandperformance-display-component---stateAndPerform--stateAndPerformResourcesSmartTable-header"}]}
RESULT: {"script":"<script> [1562 bytes]","args":[{"selector":{"id":"application-managestatesandperformance-display-component---stateAndPerform--stateAndPerformResourcesSmartTable-header"},"wdio_ui5_key":"applicationmanagestatesandperformance-display-component---stateAndPerform--stateAndPerformResourcesSmartTable-header"}]}
RESULT: undefined
COMMAND: POST /session/9eab2abfb92109d83111f8a107828286/execute/async - {"script":"<script> [6424 bytes]","args":[{"element-6066-11e4-a52e-4f735466cecf":"f.5DB0E6D2BB4820C6A36F69CDDED9F1D7.d.1A74A0375FCC3321F4B320CCE85E67C8.e.13379"},"getText",[]]}
RESULT: {"script":"<script> [6424 bytes]","args":[{"element-6066-11e4-a52e-4f735466cecf":"f.5DB0E6D2BB4820C6A36F69CDDED9F1D7.d.1A74A0375FCC3321F4B320CCE85E67C8.e.13379"},"getText",[]]}
COMMAND: POST /session/9eab2abfb92109d83111f8a107828286/execute/async - {"script":"<script> [1562 bytes]","args":[{"selector":{"controlType":"sap.ui.core.Icon","viewName":"etm.portal.ui.managestatesandperformance.view.Master","viewId":"application-managestatesandperformance-display-component---stateAndPerform","properties":{"src":{"regex":{"source":"slim\\-arrow\\-right"}}}},"wdio_ui5_key":"etmportal.ui.managestatesandperformance.view.Mastersap.ui.core.Icon{\"src\":{\"regex\":{\"source\":\"slim\\\\-arrow\\\\-right\"}}}"}]}
RESULT: {"script":"<script> [1562 bytes]","args":[{"selector":{"controlType":"sap.ui.core.Icon","viewName":"etm.portal.ui.managestatesandperformance.view.Master","viewId":"application-managestatesandperformance-display-component---stateAndPerform","properties":{"src":{"regex":{"source":"slim\\-arrow\\-right"}}}},"wdio_ui5_key":"etmportal.ui.managestatesandperformance.view.Mastersap.ui.core.Icon{\"src\":{\"regex\":{\"source\":\"slim\\\\-arrow\\\\-right\"}}}"}]}
RESULT: undefined
COMMAND: POST /session/9eab2abfb92109d83111f8a107828286/element - {"using":"xpath","value":"//*[@id=\"__item2520-__clone10498-imgNav\"]"}
RESULT: {"using":"xpath","value":"//*[@id=\"__item2520-__clone10498-imgNav\"]"}
COMMAND: POST /session/9eab2abfb92109d83111f8a107828286/element/f.5DB0E6D2BB4820C6A36F69CDDED9F1D7.d.1A74A0375FCC3321F4B320CCE85E67C8.e.13378/click - {}
RESULT: {}
COMMAND: GET /session/9eab2abfb92109d83111f8a107828286/screenshot - {}
RESULT: {}
COMMAND: POST /session/9eab2abfb92109d83111f8a107828286/execute/async - {"script":"<script> [1562 bytes]","args":[{"selector":{"controlType":"sap.m.Button","viewName":"etm.portal.ui.managestatesandperformance.view.Detail","viewId":"application-managestatesandperformance-display-component---detailStateAndPerform","properties":{"text":"Performance Documents"}},"wdio_ui5_key":"etmportal.ui.managestatesandperformance.view.Detailsap.m.Button{\"text\":\"Performance Documents\"}"}]}
RESULT: {"script":"<script> [1562 bytes]","args":[{"selector":{"controlType":"sap.m.Button","viewName":"etm.portal.ui.managestatesandperformance.view.Detail","viewId":"application-managestatesandperformance-display-component---detailStateAndPerform","properties":{"text":"Performance Documents"}},"wdio_ui5_key":"etmportal.ui.managestatesandperformance.view.Detailsap.m.Button{\"text\":\"Performance Documents\"}"}]}
RESULT: undefined
COMMAND: POST /session/9eab2abfb92109d83111f8a107828286/element - {"using":"xpath","value":"//*[@id=\"__item2543-button\"]"}
RESULT: {"using":"xpath","value":"//*[@id=\"__item2543-button\"]"}
COMMAND: POST /session/9eab2abfb92109d83111f8a107828286/element/f.5DB0E6D2BB4820C6A36F69CDDED9F1D7.d.1A74A0375FCC3321F4B320CCE85E67C8.e.13424/click - {}
RESULT: {}
COMMAND: POST /session/9eab2abfb92109d83111f8a107828286/execute/async - {"script":"<script> [1562 bytes]","args":[{"selector":{"controlType":"sap.m.Button","viewName":"etm.portal.ui.managestatesandperformance.view.Detail","viewId":"application-managestatesandperformance-display-component---detailStateAndPerform","i18NText":{"propertyName":"text","key":"createPerformanceDoc"},"interaction":{"idSuffix":"BDI-content"}},"wdio_ui5_key":"etmportal.ui.managestatesandperformance.view.Detailsap.m.Button{\"propertyName\":\"text\",\"key\":\"createPerformanceDoc\"}"}]}
COMMAND: GET /session/9eab2abfb92109d83111f8a107828286/screenshot - {}
RESULT: {"script":"<script> [1562 bytes]","args":[{"selector":{"controlType":"sap.m.Button","viewName":"etm.portal.ui.managestatesandperformance.view.Detail","viewId":"application-managestatesandperformance-display-component---detailStateAndPerform","i18NText":{"propertyName":"text","key":"createPerformanceDoc"},"interaction":{"idSuffix":"BDI-content"}},"wdio_ui5_key":"etmportal.ui.managestatesandperformance.view.Detailsap.m.Button{\"propertyName\":\"text\",\"key\":\"createPerformanceDoc\"}"}]}
RESULT: undefined
COMMAND: POST /session/9eab2abfb92109d83111f8a107828286/element - {"using":"xpath","value":"//*[@id=\"__button401\"]"}
RESULT: {}
RESULT: {"using":"xpath","value":"//*[@id=\"__button401\"]"}
COMMAND: POST /session/9eab2abfb92109d83111f8a107828286/element/f.5DB0E6D2BB4820C6A36F69CDDED9F1D7.d.1A74A0375FCC3321F4B320CCE85E67C8.e.13427/click - {}
RESULT: {}
COMMAND: POST /session/9eab2abfb92109d83111f8a107828286/execute/async - {"script":"<script> [1562 bytes]","args":[{"selector":{"id":"application-managestatesandperformance-display-component---detailStateAndPerform--perfDocDatePicker","searchOpenDialogs":true,"interaction":{"idSuffix":"inner"}},"wdio_ui5_key":"applicationmanagestatesandperformance-display-component---detailStateAndPerform--perfDocDatePicker"}]}
COMMAND: GET /session/9eab2abfb92109d83111f8a107828286/screenshot - {}
RESULT: {"script":"<script> [1562 bytes]","args":[{"selector":{"id":"application-managestatesandperformance-display-component---detailStateAndPerform--perfDocDatePicker","searchOpenDialogs":true,"interaction":{"idSuffix":"inner"}},"wdio_ui5_key":"applicationmanagestatesandperformance-display-component---detailStateAndPerform--perfDocDatePicker"}]}
RESULT: undefined
COMMAND: POST /session/9eab2abfb92109d83111f8a107828286/execute/async - {"script":"<script> [776 bytes]","args":[{"enterText":"5/29/25","selector":{"id":"application-managestatesandperformance-display-component---detailStateAndPerform--perfDocDatePicker","searchOpenDialogs":true,"interaction":{"idSuffix":"inner"}},"clearTextFirst":true,"interactionType":"ENTER_TEXT"}]}
RESULT: {}
RESULT: {"script":"<script> [776 bytes]","args":[{"enterText":"5/29/25","selector":{"id":"application-managestatesandperformance-display-component---detailStateAndPerform--perfDocDatePicker","searchOpenDialogs":true,"interaction":{"idSuffix":"inner"}},"clearTextFirst":true,"interactionType":"ENTER_TEXT"}]}
COMMAND: POST /session/9eab2abfb92109d83111f8a107828286/execute/async - {"script":"<script> [1562 bytes]","args":[{"selector":{"id":"application-managestatesandperformance-display-component---detailStateAndPerform--counterValue-input","searchOpenDialogs":true,"interaction":{"idSuffix":"inner"}},"wdio_ui5_key":"applicationmanagestatesandperformance-display-component---detailStateAndPerform--counterValue-input"}]}
RESULT: {"script":"<script> [1562 bytes]","args":[{"selector":{"id":"application-managestatesandperformance-display-component---detailStateAndPerform--counterValue-input","searchOpenDialogs":true,"interaction":{"idSuffix":"inner"}},"wdio_ui5_key":"applicationmanagestatesandperformance-display-component---detailStateAndPerform--counterValue-input"}]}
RESULT: undefined
COMMAND: POST /session/9eab2abfb92109d83111f8a107828286/execute/async - {"script":"<script> [776 bytes]","args":[{"enterText":"15.00","selector":{"id":"application-managestatesandperformance-display-component---detailStateAndPerform--counterValue-input","searchOpenDialogs":true,"interaction":{"idSuffix":"inner"}},"clearTextFirst":true,"interactionType":"ENTER_TEXT"}]}
RESULT: {"script":"<script> [776 bytes]","args":[{"enterText":"15.00","selector":{"id":"application-managestatesandperformance-display-component---detailStateAndPerform--counterValue-input","searchOpenDialogs":true,"interaction":{"idSuffix":"inner"}},"clearTextFirst":true,"interactionType":"ENTER_TEXT"}]}
COMMAND: POST /session/9eab2abfb92109d83111f8a107828286/execute/async - {"script":"<script> [1562 bytes]","args":[{"selector":{"controlType":"sap.m.Button","viewName":"etm.portal.ui.managestatesandperformance.view.Detail","viewId":"application-managestatesandperformance-display-component---detailStateAndPerform","bindingPath":{"path":"","propertyPath":"/allowAddEdit","modelName":"oScreenModel"},"searchOpenDialogs":true,"interaction":{"idSuffix":"BDI-content"}},"wdio_ui5_key":"etmportal.ui.managestatesandperformance.view.Detailsap.m.Button{\"path\":\"\",\"propertyPath\":\"/allowAddEdit\",\"modelName\":\"oScreenModel\"}"}]}
RESULT: {"script":"<script> [1562 bytes]","args":[{"selector":{"controlType":"sap.m.Button","viewName":"etm.portal.ui.managestatesandperformance.view.Detail","viewId":"application-managestatesandperformance-display-component---detailStateAndPerform","bindingPath":{"path":"","propertyPath":"/allowAddEdit","modelName":"oScreenModel"},"searchOpenDialogs":true,"interaction":{"idSuffix":"BDI-content"}},"wdio_ui5_key":"etmportal.ui.managestatesandperformance.view.Detailsap.m.Button{\"path\":\"\",\"propertyPath\":\"/allowAddEdit\",\"modelName\":\"oScreenModel\"}"}]}
RESULT: undefined
COMMAND: POST /session/9eab2abfb92109d83111f8a107828286/element - {"using":"xpath","value":"//*[@id=\"__button408\"]"}
RESULT: {"using":"xpath","value":"//*[@id=\"__button408\"]"}
COMMAND: POST /session/9eab2abfb92109d83111f8a107828286/element/f.5DB0E6D2BB4820C6A36F69CDDED9F1D7.d.1A74A0375FCC3321F4B320CCE85E67C8.e.13447/click - {}
RESULT: {}
RESULT: undefined
COMMAND: POST /session/9eab2abfb92109d83111f8a107828286/element - {"using":"xpath","value":"//*[@id=\"__button401\"]"}
COMMAND: GET /session/9eab2abfb92109d83111f8a107828286/screenshot - {}
RESULT: {"using":"xpath","value":"//*[@id=\"__button401\"]"}
COMMAND: POST /session/9eab2abfb92109d83111f8a107828286/element/f.5DB0E6D2BB4820C6A36F69CDDED9F1D7.d.1A74A0375FCC3321F4B320CCE85E67C8.e.13427/click - {}
RESULT: {}
RESULT: {}
RESULT: undefined
COMMAND: POST /session/9eab2abfb92109d83111f8a107828286/execute/async - {"script":"<script> [776 bytes]","args":[{"enterText":"6/2/25","selector":{"id":"application-managestatesandperformance-display-component---detailStateAndPerform--perfDocDatePicker","searchOpenDialogs":true,"interaction":{"idSuffix":"inner"}},"clearTextFirst":true,"interactionType":"ENTER_TEXT"}]}
COMMAND: GET /session/9eab2abfb92109d83111f8a107828286/screenshot - {}
RESULT: {"script":"<script> [776 bytes]","args":[{"enterText":"6/2/25","selector":{"id":"application-managestatesandperformance-display-component---detailStateAndPerform--perfDocDatePicker","searchOpenDialogs":true,"interaction":{"idSuffix":"inner"}},"clearTextFirst":true,"interactionType":"ENTER_TEXT"}]}
RESULT: undefined
COMMAND: POST /session/9eab2abfb92109d83111f8a107828286/execute/async - {"script":"<script> [776 bytes]","args":[{"enterText":"20.00","selector":{"id":"application-managestatesandperformance-display-component---detailStateAndPerform--counterValue-input","searchOpenDialogs":true,"interaction":{"idSuffix":"inner"}},"clearTextFirst":true,"interactionType":"ENTER_TEXT"}]}
RESULT: {}
RESULT: {"script":"<script> [776 bytes]","args":[{"enterText":"20.00","selector":{"id":"application-managestatesandperformance-display-component---detailStateAndPerform--counterValue-input","searchOpenDialogs":true,"interaction":{"idSuffix":"inner"}},"clearTextFirst":true,"interactionType":"ENTER_TEXT"}]}
COMMAND: POST /session/9eab2abfb92109d83111f8a107828286/actions - {"actions":[{"id":"action49","type":"key","parameters":{},"actions":[{"type":"keyDown","value":""},{"type":"keyDown","value":""},{"type":"pause","duration":10},{"type":"keyUp","value":""},{"type":"keyUp","value":""}]}]}
RESULT: {"actions":[{"id":"action49","type":"key","parameters":{},"actions":[{"type":"keyDown","value":""},{"type":"keyDown","value":""},{"type":"pause","duration":10},{"type":"keyUp","value":""},{"type":"keyUp","value":""}]}]}
COMMAND: POST /session/9eab2abfb92109d83111f8a107828286/actions - {"actions":[{"id":"action50","type":"key","parameters":{},"actions":[{"type":"keyDown","value":""},{"type":"pause","duration":10},{"type":"keyUp","value":""}]}]}
COMMAND: GET /session/9eab2abfb92109d83111f8a107828286/screenshot - {}
RESULT: {"actions":[{"id":"action50","type":"key","parameters":{},"actions":[{"type":"keyDown","value":""},{"type":"pause","duration":10},{"type":"keyUp","value":""}]}]}
RESULT: undefined
COMMAND: POST /session/9eab2abfb92109d83111f8a107828286/element - {"using":"xpath","value":"//*[@id=\"__button408\"]"}
COMMAND: GET /session/9eab2abfb92109d83111f8a107828286/screenshot - {}
RESULT: {}
RESULT: {"using":"xpath","value":"//*[@id=\"__button408\"]"}
COMMAND: POST /session/9eab2abfb92109d83111f8a107828286/elements - {"using":"xpath","value":"//*[@id=\"__button408\"]"}
RESULT: {}
RESULT: {"using":"xpath","value":"//*[@id=\"__button408\"]"}
COMMAND: POST /session/9eab2abfb92109d83111f8a107828286/elements - {"using":"xpath","value":"//*[@id=\"__button408\"]"}
RESULT: {"using":"xpath","value":"//*[@id=\"__button408\"]"}
COMMAND: POST /session/9eab2abfb92109d83111f8a107828286/elements - {"using":"xpath","value":"//*[@id=\"__button408\"]"}
RESULT: {"using":"xpath","value":"//*[@id=\"__button408\"]"}
COMMAND: POST /session/9eab2abfb92109d83111f8a107828286/elements - {"using":"xpath","value":"//*[@id=\"__button408\"]"}
RESULT: {"using":"xpath","value":"//*[@id=\"__button408\"]"}
COMMAND: POST /session/9eab2abfb92109d83111f8a107828286/elements - {"using":"xpath","value":"//*[@id=\"__button408\"]"}
RESULT: {"using":"xpath","value":"//*[@id=\"__button408\"]"}
COMMAND: POST /session/9eab2abfb92109d83111f8a107828286/elements - {"using":"xpath","value":"//*[@id=\"__button408\"]"}
RESULT: {"using":"xpath","value":"//*[@id=\"__button408\"]"}
COMMAND: POST /session/9eab2abfb92109d83111f8a107828286/elements - {"using":"xpath","value":"//*[@id=\"__button408\"]"}
RESULT: {"using":"xpath","value":"//*[@id=\"__button408\"]"}
COMMAND: POST /session/9eab2abfb92109d83111f8a107828286/elements - {"using":"xpath","value":"//*[@id=\"__button408\"]"}
RESULT: {"using":"xpath","value":"//*[@id=\"__button408\"]"}
COMMAND: POST /session/9eab2abfb92109d83111f8a107828286/elements - {"using":"xpath","value":"//*[@id=\"__button408\"]"}
RESULT: {"using":"xpath","value":"//*[@id=\"__button408\"]"}
COMMAND: POST /session/9eab2abfb92109d83111f8a107828286/elements - {"using":"xpath","value":"//*[@id=\"__button408\"]"}
RESULT: {"using":"xpath","value":"//*[@id=\"__button408\"]"}
COMMAND: POST /session/9eab2abfb92109d83111f8a107828286/elements - {"using":"xpath","value":"//*[@id=\"__button408\"]"}
RESULT: {"using":"xpath","value":"//*[@id=\"__button408\"]"}
COMMAND: POST /session/9eab2abfb92109d83111f8a107828286/elements - {"using":"xpath","value":"//*[@id=\"__button408\"]"}
RESULT: {"using":"xpath","value":"//*[@id=\"__button408\"]"}
COMMAND: POST /session/9eab2abfb92109d83111f8a107828286/elements - {"using":"xpath","value":"//*[@id=\"__button408\"]"}
RESULT: {"using":"xpath","value":"//*[@id=\"__button408\"]"}
COMMAND: POST /session/9eab2abfb92109d83111f8a107828286/elements - {"using":"xpath","value":"//*[@id=\"__button408\"]"}
RESULT: {"using":"xpath","value":"//*[@id=\"__button408\"]"}
COMMAND: POST /session/9eab2abfb92109d83111f8a107828286/elements - {"using":"xpath","value":"//*[@id=\"__button408\"]"}
RESULT: {"using":"xpath","value":"//*[@id=\"__button408\"]"}
COMMAND: POST /session/9eab2abfb92109d83111f8a107828286/elements - {"using":"xpath","value":"//*[@id=\"__button408\"]"}
RESULT: {"using":"xpath","value":"//*[@id=\"__button408\"]"}
COMMAND: POST /session/9eab2abfb92109d83111f8a107828286/elements - {"using":"xpath","value":"//*[@id=\"__button408\"]"}
RESULT: {"using":"xpath","value":"//*[@id=\"__button408\"]"}
COMMAND: POST /session/9eab2abfb92109d83111f8a107828286/elements - {"using":"xpath","value":"//*[@id=\"__button408\"]"}
RESULT: {"using":"xpath","value":"//*[@id=\"__button408\"]"}
COMMAND: POST /session/9eab2abfb92109d83111f8a107828286/elements - {"using":"xpath","value":"//*[@id=\"__button408\"]"}
RESULT: {"using":"xpath","value":"//*[@id=\"__button408\"]"}
COMMAND: POST /session/9eab2abfb92109d83111f8a107828286/elements - {"using":"xpath","value":"//*[@id=\"__button408\"]"}
RESULT: {"using":"xpath","value":"//*[@id=\"__button408\"]"}
COMMAND: POST /session/9eab2abfb92109d83111f8a107828286/elements - {"using":"xpath","value":"//*[@id=\"__button408\"]"}
RESULT: {"using":"xpath","value":"//*[@id=\"__button408\"]"}
COMMAND: POST /session/9eab2abfb92109d83111f8a107828286/elements - {"using":"xpath","value":"//*[@id=\"__button408\"]"}
RESULT: {"using":"xpath","value":"//*[@id=\"__button408\"]"}
COMMAND: POST /session/9eab2abfb92109d83111f8a107828286/elements - {"using":"xpath","value":"//*[@id=\"__button408\"]"}
RESULT: {"using":"xpath","value":"//*[@id=\"__button408\"]"}
COMMAND: POST /session/9eab2abfb92109d83111f8a107828286/elements - {"using":"xpath","value":"//*[@id=\"__button408\"]"}
RESULT: {"using":"xpath","value":"//*[@id=\"__button408\"]"}
COMMAND: POST /session/9eab2abfb92109d83111f8a107828286/elements - {"using":"xpath","value":"//*[@id=\"__button408\"]"}
RESULT: {"using":"xpath","value":"//*[@id=\"__button408\"]"}
COMMAND: POST /session/9eab2abfb92109d83111f8a107828286/elements - {"using":"xpath","value":"//*[@id=\"__button408\"]"}
RESULT: {"using":"xpath","value":"//*[@id=\"__button408\"]"}
COMMAND: POST /session/9eab2abfb92109d83111f8a107828286/elements - {"using":"xpath","value":"//*[@id=\"__button408\"]"}
RESULT: {"using":"xpath","value":"//*[@id=\"__button408\"]"}
COMMAND: POST /session/9eab2abfb92109d83111f8a107828286/elements - {"using":"xpath","value":"//*[@id=\"__button408\"]"}
RESULT: {"using":"xpath","value":"//*[@id=\"__button408\"]"}
COMMAND: POST /session/9eab2abfb92109d83111f8a107828286/elements - {"using":"xpath","value":"//*[@id=\"__button408\"]"}
RESULT: {"using":"xpath","value":"//*[@id=\"__button408\"]"}
COMMAND: POST /session/9eab2abfb92109d83111f8a107828286/elements - {"using":"xpath","value":"//*[@id=\"__button408\"]"}
RESULT: {"using":"xpath","value":"//*[@id=\"__button408\"]"}
COMMAND: POST /session/9eab2abfb92109d83111f8a107828286/elements - {"using":"xpath","value":"//*[@id=\"__button408\"]"}
RESULT: {"using":"xpath","value":"//*[@id=\"__button408\"]"}
COMMAND: POST /session/9eab2abfb92109d83111f8a107828286/elements - {"using":"xpath","value":"//*[@id=\"__button408\"]"}
RESULT: {"using":"xpath","value":"//*[@id=\"__button408\"]"}
COMMAND: POST /session/9eab2abfb92109d83111f8a107828286/elements - {"using":"xpath","value":"//*[@id=\"__button408\"]"}
RESULT: {"using":"xpath","value":"//*[@id=\"__button408\"]"}
COMMAND: POST /session/9eab2abfb92109d83111f8a107828286/elements - {"using":"xpath","value":"//*[@id=\"__button408\"]"}
RESULT: {"using":"xpath","value":"//*[@id=\"__button408\"]"}
COMMAND: POST /session/9eab2abfb92109d83111f8a107828286/elements - {"using":"xpath","value":"//*[@id=\"__button408\"]"}
RESULT: {"using":"xpath","value":"//*[@id=\"__button408\"]"}
COMMAND: POST /session/9eab2abfb92109d83111f8a107828286/elements - {"using":"xpath","value":"//*[@id=\"__button408\"]"}
RESULT: {"using":"xpath","value":"//*[@id=\"__button408\"]"}
COMMAND: POST /session/9eab2abfb92109d83111f8a107828286/elements - {"using":"xpath","value":"//*[@id=\"__button408\"]"}
RESULT: {"using":"xpath","value":"//*[@id=\"__button408\"]"}
COMMAND: POST /session/9eab2abfb92109d83111f8a107828286/elements - {"using":"xpath","value":"//*[@id=\"__button408\"]"}
RESULT: {"using":"xpath","value":"//*[@id=\"__button408\"]"}
COMMAND: POST /session/9eab2abfb92109d83111f8a107828286/elements - {"using":"xpath","value":"//*[@id=\"__button408\"]"}
RESULT: {"using":"xpath","value":"//*[@id=\"__button408\"]"}
COMMAND: POST /session/9eab2abfb92109d83111f8a107828286/elements - {"using":"xpath","value":"//*[@id=\"__button408\"]"}
RESULT: {"using":"xpath","value":"//*[@id=\"__button408\"]"}
COMMAND: POST /session/9eab2abfb92109d83111f8a107828286/elements - {"using":"xpath","value":"//*[@id=\"__button408\"]"}
RESULT: {"using":"xpath","value":"//*[@id=\"__button408\"]"}
COMMAND: POST /session/9eab2abfb92109d83111f8a107828286/elements - {"using":"xpath","value":"//*[@id=\"__button408\"]"}
RESULT: {"using":"xpath","value":"//*[@id=\"__button408\"]"}
COMMAND: POST /session/9eab2abfb92109d83111f8a107828286/elements - {"using":"xpath","value":"//*[@id=\"__button408\"]"}
RESULT: {"using":"xpath","value":"//*[@id=\"__button408\"]"}
COMMAND: POST /session/9eab2abfb92109d83111f8a107828286/elements - {"using":"xpath","value":"//*[@id=\"__button408\"]"}
RESULT: {"using":"xpath","value":"//*[@id=\"__button408\"]"}
COMMAND: POST /session/9eab2abfb92109d83111f8a107828286/elements - {"using":"xpath","value":"//*[@id=\"__button408\"]"}
RESULT: {"using":"xpath","value":"//*[@id=\"__button408\"]"}
COMMAND: POST /session/9eab2abfb92109d83111f8a107828286/elements - {"using":"xpath","value":"//*[@id=\"__button408\"]"}
RESULT: {"using":"xpath","value":"//*[@id=\"__button408\"]"}
COMMAND: POST /session/9eab2abfb92109d83111f8a107828286/elements - {"using":"xpath","value":"//*[@id=\"__button408\"]"}
RESULT: {"using":"xpath","value":"//*[@id=\"__button408\"]"}
COMMAND: POST /session/9eab2abfb92109d83111f8a107828286/elements - {"using":"xpath","value":"//*[@id=\"__button408\"]"}
RESULT: {"using":"xpath","value":"//*[@id=\"__button408\"]"}
COMMAND: POST /session/9eab2abfb92109d83111f8a107828286/elements - {"using":"xpath","value":"//*[@id=\"__button408\"]"}
RESULT: {"using":"xpath","value":"//*[@id=\"__button408\"]"}
COMMAND: POST /session/9eab2abfb92109d83111f8a107828286/elements - {"using":"xpath","value":"//*[@id=\"__button408\"]"}
RESULT: {"using":"xpath","value":"//*[@id=\"__button408\"]"}
COMMAND: POST /session/9eab2abfb92109d83111f8a107828286/elements - {"using":"xpath","value":"//*[@id=\"__button408\"]"}
RESULT: {"using":"xpath","value":"//*[@id=\"__button408\"]"}
COMMAND: POST /session/9eab2abfb92109d83111f8a107828286/elements - {"using":"xpath","value":"//*[@id=\"__button408\"]"}
RESULT: {"using":"xpath","value":"//*[@id=\"__button408\"]"}
COMMAND: POST /session/9eab2abfb92109d83111f8a107828286/elements - {"using":"xpath","value":"//*[@id=\"__button408\"]"}
RESULT: {"using":"xpath","value":"//*[@id=\"__button408\"]"}
COMMAND: POST /session/9eab2abfb92109d83111f8a107828286/elements - {"using":"xpath","value":"//*[@id=\"__button408\"]"}
RESULT: {"using":"xpath","value":"//*[@id=\"__button408\"]"}
COMMAND: POST /session/9eab2abfb92109d83111f8a107828286/elements - {"using":"xpath","value":"//*[@id=\"__button408\"]"}
RESULT: {"using":"xpath","value":"//*[@id=\"__button408\"]"}
COMMAND: POST /session/9eab2abfb92109d83111f8a107828286/elements - {"using":"xpath","value":"//*[@id=\"__button408\"]"}
RESULT: {"using":"xpath","value":"//*[@id=\"__button408\"]"}
COMMAND: POST /session/9eab2abfb92109d83111f8a107828286/elements - {"using":"xpath","value":"//*[@id=\"__button408\"]"}
RESULT: {"using":"xpath","value":"//*[@id=\"__button408\"]"}
COMMAND: POST /session/9eab2abfb92109d83111f8a107828286/elements - {"using":"xpath","value":"//*[@id=\"__button408\"]"}
RESULT: {"using":"xpath","value":"//*[@id=\"__button408\"]"}
COMMAND: POST /session/9eab2abfb92109d83111f8a107828286/elements - {"using":"xpath","value":"//*[@id=\"__button408\"]"}
RESULT: {"using":"xpath","value":"//*[@id=\"__button408\"]"}
COMMAND: POST /session/9eab2abfb92109d83111f8a107828286/elements - {"using":"xpath","value":"//*[@id=\"__button408\"]"}
RESULT: {"using":"xpath","value":"//*[@id=\"__button408\"]"}
COMMAND: POST /session/9eab2abfb92109d83111f8a107828286/elements - {"using":"xpath","value":"//*[@id=\"__button408\"]"}
RESULT: {"using":"xpath","value":"//*[@id=\"__button408\"]"}
COMMAND: POST /session/9eab2abfb92109d83111f8a107828286/elements - {"using":"xpath","value":"//*[@id=\"__button408\"]"}
RESULT: {"using":"xpath","value":"//*[@id=\"__button408\"]"}
COMMAND: POST /session/9eab2abfb92109d83111f8a107828286/elements - {"using":"xpath","value":"//*[@id=\"__button408\"]"}
RESULT: {"using":"xpath","value":"//*[@id=\"__button408\"]"}
COMMAND: POST /session/9eab2abfb92109d83111f8a107828286/elements - {"using":"xpath","value":"//*[@id=\"__button408\"]"}
RESULT: {"using":"xpath","value":"//*[@id=\"__button408\"]"}
COMMAND: POST /session/9eab2abfb92109d83111f8a107828286/elements - {"using":"xpath","value":"//*[@id=\"__button408\"]"}
RESULT: {"using":"xpath","value":"//*[@id=\"__button408\"]"}
COMMAND: POST /session/9eab2abfb92109d83111f8a107828286/elements - {"using":"xpath","value":"//*[@id=\"__button408\"]"}
RESULT: {"using":"xpath","value":"//*[@id=\"__button408\"]"}
COMMAND: POST /session/9eab2abfb92109d83111f8a107828286/elements - {"using":"xpath","value":"//*[@id=\"__button408\"]"}
RESULT: {"using":"xpath","value":"//*[@id=\"__button408\"]"}
COMMAND: POST /session/9eab2abfb92109d83111f8a107828286/elements - {"using":"xpath","value":"//*[@id=\"__button408\"]"}
RESULT: {"using":"xpath","value":"//*[@id=\"__button408\"]"}
COMMAND: POST /session/9eab2abfb92109d83111f8a107828286/elements - {"using":"xpath","value":"//*[@id=\"__button408\"]"}
RESULT: {"using":"xpath","value":"//*[@id=\"__button408\"]"}
COMMAND: POST /session/9eab2abfb92109d83111f8a107828286/elements - {"using":"xpath","value":"//*[@id=\"__button408\"]"}
RESULT: {"using":"xpath","value":"//*[@id=\"__button408\"]"}
COMMAND: POST /session/9eab2abfb92109d83111f8a107828286/elements - {"using":"xpath","value":"//*[@id=\"__button408\"]"}
RESULT: {"using":"xpath","value":"//*[@id=\"__button408\"]"}
COMMAND: POST /session/9eab2abfb92109d83111f8a107828286/elements - {"using":"xpath","value":"//*[@id=\"__button408\"]"}
RESULT: {"using":"xpath","value":"//*[@id=\"__button408\"]"}
COMMAND: POST /session/9eab2abfb92109d83111f8a107828286/elements - {"using":"xpath","value":"//*[@id=\"__button408\"]"}
RESULT: {"using":"xpath","value":"//*[@id=\"__button408\"]"}
COMMAND: POST /session/9eab2abfb92109d83111f8a107828286/elements - {"using":"xpath","value":"//*[@id=\"__button408\"]"}
RESULT: {"using":"xpath","value":"//*[@id=\"__button408\"]"}
COMMAND: POST /session/9eab2abfb92109d83111f8a107828286/elements - {"using":"xpath","value":"//*[@id=\"__button408\"]"}
RESULT: {"using":"xpath","value":"//*[@id=\"__button408\"]"}
COMMAND: POST /session/9eab2abfb92109d83111f8a107828286/elements - {"using":"xpath","value":"//*[@id=\"__button408\"]"}
RESULT: {"using":"xpath","value":"//*[@id=\"__button408\"]"}
COMMAND: POST /session/9eab2abfb92109d83111f8a107828286/elements - {"using":"xpath","value":"//*[@id=\"__button408\"]"}
RESULT: {"using":"xpath","value":"//*[@id=\"__button408\"]"}
COMMAND: POST /session/9eab2abfb92109d83111f8a107828286/elements - {"using":"xpath","value":"//*[@id=\"__button408\"]"}
RESULT: {"using":"xpath","value":"//*[@id=\"__button408\"]"}
COMMAND: POST /session/9eab2abfb92109d83111f8a107828286/elements - {"using":"xpath","value":"//*[@id=\"__button408\"]"}
RESULT: {"using":"xpath","value":"//*[@id=\"__button408\"]"}
COMMAND: POST /session/9eab2abfb92109d83111f8a107828286/elements - {"using":"xpath","value":"//*[@id=\"__button408\"]"}
RESULT: {"using":"xpath","value":"//*[@id=\"__button408\"]"}
COMMAND: POST /session/9eab2abfb92109d83111f8a107828286/elements - {"using":"xpath","value":"//*[@id=\"__button408\"]"}
RESULT: {"using":"xpath","value":"//*[@id=\"__button408\"]"}
COMMAND: POST /session/9eab2abfb92109d83111f8a107828286/elements - {"using":"xpath","value":"//*[@id=\"__button408\"]"}
RESULT: {"using":"xpath","value":"//*[@id=\"__button408\"]"}
COMMAND: POST /session/9eab2abfb92109d83111f8a107828286/elements - {"using":"xpath","value":"//*[@id=\"__button408\"]"}
RESULT: {"using":"xpath","value":"//*[@id=\"__button408\"]"}
COMMAND: POST /session/9eab2abfb92109d83111f8a107828286/elements - {"using":"xpath","value":"//*[@id=\"__button408\"]"}
RESULT: {"using":"xpath","value":"//*[@id=\"__button408\"]"}
COMMAND: POST /session/9eab2abfb92109d83111f8a107828286/elements - {"using":"xpath","value":"//*[@id=\"__button408\"]"}
RESULT: {"using":"xpath","value":"//*[@id=\"__button408\"]"}
COMMAND: POST /session/9eab2abfb92109d83111f8a107828286/elements - {"using":"xpath","value":"//*[@id=\"__button408\"]"}
RESULT: {"using":"xpath","value":"//*[@id=\"__button408\"]"}
COMMAND: POST /session/9eab2abfb92109d83111f8a107828286/elements - {"using":"xpath","value":"//*[@id=\"__button408\"]"}
RESULT: {"using":"xpath","value":"//*[@id=\"__button408\"]"}
COMMAND: POST /session/9eab2abfb92109d83111f8a107828286/elements - {"using":"xpath","value":"//*[@id=\"__button408\"]"}
RESULT: {"using":"xpath","value":"//*[@id=\"__button408\"]"}
COMMAND: POST /session/9eab2abfb92109d83111f8a107828286/elements - {"using":"xpath","value":"//*[@id=\"__button408\"]"}
RESULT: {"using":"xpath","value":"//*[@id=\"__button408\"]"}
COMMAND: POST /session/9eab2abfb92109d83111f8a107828286/elements - {"using":"xpath","value":"//*[@id=\"__button408\"]"}
RESULT: {"using":"xpath","value":"//*[@id=\"__button408\"]"}
COMMAND: POST /session/9eab2abfb92109d83111f8a107828286/elements - {"using":"xpath","value":"//*[@id=\"__button408\"]"}
RESULT: {"using":"xpath","value":"//*[@id=\"__button408\"]"}
COMMAND: POST /session/9eab2abfb92109d83111f8a107828286/elements - {"using":"xpath","value":"//*[@id=\"__button408\"]"}
RESULT: {"using":"xpath","value":"//*[@id=\"__button408\"]"}
COMMAND: POST /session/9eab2abfb92109d83111f8a107828286/elements - {"using":"xpath","value":"//*[@id=\"__button408\"]"}
RESULT: {"using":"xpath","value":"//*[@id=\"__button408\"]"}
COMMAND: POST /session/9eab2abfb92109d83111f8a107828286/elements - {"using":"xpath","value":"//*[@id=\"__button408\"]"}
RESULT: {"using":"xpath","value":"//*[@id=\"__button408\"]"}
COMMAND: POST /session/9eab2abfb92109d83111f8a107828286/elements - {"using":"xpath","value":"//*[@id=\"__button408\"]"}
RESULT: {"using":"xpath","value":"//*[@id=\"__button408\"]"}
COMMAND: POST /session/9eab2abfb92109d83111f8a107828286/elements - {"using":"xpath","value":"//*[@id=\"__button408\"]"}
RESULT: {"using":"xpath","value":"//*[@id=\"__button408\"]"}
COMMAND: POST /session/9eab2abfb92109d83111f8a107828286/elements - {"using":"xpath","value":"//*[@id=\"__button408\"]"}
RESULT: {"using":"xpath","value":"//*[@id=\"__button408\"]"}
COMMAND: POST /session/9eab2abfb92109d83111f8a107828286/elements - {"using":"xpath","value":"//*[@id=\"__button408\"]"}
RESULT: {"using":"xpath","value":"//*[@id=\"__button408\"]"}
COMMAND: POST /session/9eab2abfb92109d83111f8a107828286/elements - {"using":"xpath","value":"//*[@id=\"__button408\"]"}
RESULT: {"using":"xpath","value":"//*[@id=\"__button408\"]"}
COMMAND: POST /session/9eab2abfb92109d83111f8a107828286/elements - {"using":"xpath","value":"//*[@id=\"__button408\"]"}
RESULT: {"using":"xpath","value":"//*[@id=\"__button408\"]"}
COMMAND: POST /session/9eab2abfb92109d83111f8a107828286/elements - {"using":"xpath","value":"//*[@id=\"__button408\"]"}
RESULT: {"using":"xpath","value":"//*[@id=\"__button408\"]"}
COMMAND: POST /session/9eab2abfb92109d83111f8a107828286/elements - {"using":"xpath","value":"//*[@id=\"__button408\"]"}
RESULT: {"using":"xpath","value":"//*[@id=\"__button408\"]"}
COMMAND: POST /session/9eab2abfb92109d83111f8a107828286/elements - {"using":"xpath","value":"//*[@id=\"__button408\"]"}
RESULT: {"using":"xpath","value":"//*[@id=\"__button408\"]"}
COMMAND: POST /session/9eab2abfb92109d83111f8a107828286/elements - {"using":"xpath","value":"//*[@id=\"__button408\"]"}
RESULT: {"using":"xpath","value":"//*[@id=\"__button408\"]"}
COMMAND: POST /session/9eab2abfb92109d83111f8a107828286/elements - {"using":"xpath","value":"//*[@id=\"__button408\"]"}
RESULT: {"using":"xpath","value":"//*[@id=\"__button408\"]"}
COMMAND: POST /session/9eab2abfb92109d83111f8a107828286/elements - {"using":"xpath","value":"//*[@id=\"__button408\"]"}
RESULT: {"using":"xpath","value":"//*[@id=\"__button408\"]"}
COMMAND: POST /session/9eab2abfb92109d83111f8a107828286/elements - {"using":"xpath","value":"//*[@id=\"__button408\"]"}
RESULT: {"using":"xpath","value":"//*[@id=\"__button408\"]"}
COMMAND: POST /session/9eab2abfb92109d83111f8a107828286/elements - {"using":"xpath","value":"//*[@id=\"__button408\"]"}
RESULT: {"using":"xpath","value":"//*[@id=\"__button408\"]"}
COMMAND: POST /session/9eab2abfb92109d83111f8a107828286/elements - {"using":"xpath","value":"//*[@id=\"__button408\"]"}
RESULT: {"using":"xpath","value":"//*[@id=\"__button408\"]"}
COMMAND: POST /session/9eab2abfb92109d83111f8a107828286/elements - {"using":"xpath","value":"//*[@id=\"__button408\"]"}
RESULT: {"using":"xpath","value":"//*[@id=\"__button408\"]"}
COMMAND: POST /session/9eab2abfb92109d83111f8a107828286/elements - {"using":"xpath","value":"//*[@id=\"__button408\"]"}
RESULT: {"using":"xpath","value":"//*[@id=\"__button408\"]"}
COMMAND: POST /session/9eab2abfb92109d83111f8a107828286/elements - {"using":"xpath","value":"//*[@id=\"__button408\"]"}
RESULT: {"using":"xpath","value":"//*[@id=\"__button408\"]"}
COMMAND: POST /session/9eab2abfb92109d83111f8a107828286/elements - {"using":"xpath","value":"//*[@id=\"__button408\"]"}
RESULT: {"using":"xpath","value":"//*[@id=\"__button408\"]"}
COMMAND: POST /session/9eab2abfb92109d83111f8a107828286/elements - {"using":"xpath","value":"//*[@id=\"__button408\"]"}
RESULT: {"using":"xpath","value":"//*[@id=\"__button408\"]"}
COMMAND: POST /session/9eab2abfb92109d83111f8a107828286/elements - {"using":"xpath","value":"//*[@id=\"__button408\"]"}
RESULT: {"using":"xpath","value":"//*[@id=\"__button408\"]"}
COMMAND: POST /session/9eab2abfb92109d83111f8a107828286/elements - {"using":"xpath","value":"//*[@id=\"__button408\"]"}
RESULT: {"using":"xpath","value":"//*[@id=\"__button408\"]"}
COMMAND: POST /session/9eab2abfb92109d83111f8a107828286/elements - {"using":"xpath","value":"//*[@id=\"__button408\"]"}
RESULT: {"using":"xpath","value":"//*[@id=\"__button408\"]"}
COMMAND: POST /session/9eab2abfb92109d83111f8a107828286/elements - {"using":"xpath","value":"//*[@id=\"__button408\"]"}
RESULT: {"using":"xpath","value":"//*[@id=\"__button408\"]"}
COMMAND: POST /session/9eab2abfb92109d83111f8a107828286/elements - {"using":"xpath","value":"//*[@id=\"__button408\"]"}
RESULT: {"using":"xpath","value":"//*[@id=\"__button408\"]"}
COMMAND: POST /session/9eab2abfb92109d83111f8a107828286/elements - {"using":"xpath","value":"//*[@id=\"__button408\"]"}
RESULT: {"using":"xpath","value":"//*[@id=\"__button408\"]"}
COMMAND: POST /session/9eab2abfb92109d83111f8a107828286/elements - {"using":"xpath","value":"//*[@id=\"__button408\"]"}
COMMAND: POST /session/9eab2abfb92109d83111f8a107828286/element - {"using":"css selector","value":"#shell-header-logo"}
RESULT: {"using":"xpath","value":"//*[@id=\"__button408\"]"}
RESULT: {"using":"css selector","value":"#shell-header-logo"}
COMMAND: POST /session/9eab2abfb92109d83111f8a107828286/execute/sync - {"script":"<script> [8489 bytes]","args":[{"element-6066-11e4-a52e-4f735466cecf":"f.5DB0E6D2BB4820C6A36F69CDDED9F1D7.d.1A74A0375FCC3321F4B320CCE85E67C8.e.13266","ELEMENT":"f.5DB0E6D2BB4820C6A36F69CDDED9F1D7.d.1A74A0375FCC3321F4B320CCE85E67C8.e.13266"}]}
RESULT: {"script":"<script> [8489 bytes]","args":[{"element-6066-11e4-a52e-4f735466cecf":"f.5DB0E6D2BB4820C6A36F69CDDED9F1D7.d.1A74A0375FCC3321F4B320CCE85E67C8.e.13266","ELEMENT":"f.5DB0E6D2BB4820C6A36F69CDDED9F1D7.d.1A74A0375FCC3321F4B320CCE85E67C8.e.13266"}]}
COMMAND: POST /session/9eab2abfb92109d83111f8a107828286/execute/sync - {"script":"<script> [5351 bytes]","args":[{"element-6066-11e4-a52e-4f735466cecf":"f.5DB0E6D2BB4820C6A36F69CDDED9F1D7.d.1A74A0375FCC3321F4B320CCE85E67C8.e.13266","ELEMENT":"f.5DB0E6D2BB4820C6A36F69CDDED9F1D7.d.1A74A0375FCC3321F4B320CCE85E67C8.e.13266"}]}
COMMAND: GET /session/9eab2abfb92109d83111f8a107828286/screenshot - {}
RESULT: {"script":"<script> [5351 bytes]","args":[{"element-6066-11e4-a52e-4f735466cecf":"f.5DB0E6D2BB4820C6A36F69CDDED9F1D7.d.1A74A0375FCC3321F4B320CCE85E67C8.e.13266","ELEMENT":"f.5DB0E6D2BB4820C6A36F69CDDED9F1D7.d.1A74A0375FCC3321F4B320CCE85E67C8.e.13266"}]}
COMMAND: POST /session/9eab2abfb92109d83111f8a107828286/element/f.5DB0E6D2BB4820C6A36F69CDDED9F1D7.d.1A74A0375FCC3321F4B320CCE85E67C8.e.13266/click - {}
COMMAND: GET /session/9eab2abfb92109d83111f8a107828286/screenshot - {}
RESULT: {}
RESULT: {}
]]></system-out>
    </testcase>
    <testcase classname="chrome.136_0_7103_93.windows.Create_master_data_for_mixed_billing_&amp;_do_billing_calculation_US151661" name="Should go to Manage Billings and trigger calculation check the conditions applied" time="75.962">
      <system-out><![CDATA[
COMMAND: POST /session/9eab2abfb92109d83111f8a107828286/execute/async - {"script":"<script> [1562 bytes]","args":[{"selector":{"controlType":"sap.m.GenericTile","properties":{"header":"Manage Billings"}},"wdio_ui5_key":"sapm.GenericTile{\"header\":\"Manage Billings\"}"}]}
COMMAND: GET /session/9eab2abfb92109d83111f8a107828286/screenshot - {}
RESULT: {}
RESULT: {"script":"<script> [1562 bytes]","args":[{"selector":{"controlType":"sap.m.GenericTile","properties":{"header":"Manage Billings"}},"wdio_ui5_key":"sapm.GenericTile{\"header\":\"Manage Billings\"}"}]}
RESULT: undefined
COMMAND: POST /session/9eab2abfb92109d83111f8a107828286/element - {"using":"xpath","value":"//*[@id=\"__tile91\"]"}
RESULT: {}
RESULT: {"using":"xpath","value":"//*[@id=\"__tile91\"]"}
COMMAND: POST /session/9eab2abfb92109d83111f8a107828286/element/f.5DB0E6D2BB4820C6A36F69CDDED9F1D7.d.1A74A0375FCC3321F4B320CCE85E67C8.e.8454/click - {}
RESULT: {}
COMMAND: GET /session/9eab2abfb92109d83111f8a107828286/screenshot - {}
COMMAND: POST /session/9eab2abfb92109d83111f8a107828286/elements - {"using":"xpath","value":"//span[text()='Error']"}
RESULT: {}
RESULT: {"using":"xpath","value":"//span[text()='Error']"}
COMMAND: POST /session/9eab2abfb92109d83111f8a107828286/execute/async - {"script":"<script> [1562 bytes]","args":[{"selector":{"id":"application-managebillings-display-component---billRunCalcResult--smartFilterBar-btnBasicSearch","interaction":{"idSuffix":"I"}},"wdio_ui5_key":"applicationmanagebillings-display-component---billRunCalcResult--smartFilterBar-btnBasicSearch"}]}
RESULT: {"script":"<script> [1562 bytes]","args":[{"selector":{"id":"application-managebillings-display-component---billRunCalcResult--smartFilterBar-btnBasicSearch","interaction":{"idSuffix":"I"}},"wdio_ui5_key":"applicationmanagebillings-display-component---billRunCalcResult--smartFilterBar-btnBasicSearch"}]}
RESULT: undefined
COMMAND: POST /session/9eab2abfb92109d83111f8a107828286/execute/async - {"script":"<script> [776 bytes]","args":[{"enterText":"10318","selector":{"id":"application-managebillings-display-component---billRunCalcResult--smartFilterBar-btnBasicSearch","interaction":{"idSuffix":"I"}},"clearTextFirst":true,"interactionType":"ENTER_TEXT"}]}
RESULT: {"script":"<script> [776 bytes]","args":[{"enterText":"10318","selector":{"id":"application-managebillings-display-component---billRunCalcResult--smartFilterBar-btnBasicSearch","interaction":{"idSuffix":"I"}},"clearTextFirst":true,"interactionType":"ENTER_TEXT"}]}
COMMAND: POST /session/9eab2abfb92109d83111f8a107828286/actions - {"actions":[{"id":"action51","type":"key","parameters":{},"actions":[{"type":"keyDown","value":""},{"type":"pause","duration":10},{"type":"keyUp","value":""}]}]}
RESULT: {"actions":[{"id":"action51","type":"key","parameters":{},"actions":[{"type":"keyDown","value":""},{"type":"pause","duration":10},{"type":"keyUp","value":""}]}]}
COMMAND: GET /session/9eab2abfb92109d83111f8a107828286/screenshot - {}
RESULT: {}
COMMAND: POST /session/9eab2abfb92109d83111f8a107828286/element - {"using":"xpath","value":"//td[@aria-colindex=\"1\"]/div/div[contains(@class, \"sapMCbBg\")]"}
RESULT: {"using":"xpath","value":"//td[@aria-colindex=\"1\"]/div/div[contains(@class, \"sapMCbBg\")]"}
COMMAND: POST /session/9eab2abfb92109d83111f8a107828286/element/f.5DB0E6D2BB4820C6A36F69CDDED9F1D7.d.1A74A0375FCC3321F4B320CCE85E67C8.e.13678/click - {}
RESULT: {}
COMMAND: GET /session/9eab2abfb92109d83111f8a107828286/screenshot - {}
COMMAND: POST /session/9eab2abfb92109d83111f8a107828286/execute/async - {"script":"<script> [1562 bytes]","args":[{"selector":{"id":"application-managebillings-display-component---billRunCalcResult--contractBillRunDate","interaction":{"idSuffix":"inner"}},"wdio_ui5_key":"applicationmanagebillings-display-component---billRunCalcResult--contractBillRunDate"}]}
RESULT: {}
RESULT: {"script":"<script> [1562 bytes]","args":[{"selector":{"id":"application-managebillings-display-component---billRunCalcResult--contractBillRunDate","interaction":{"idSuffix":"inner"}},"wdio_ui5_key":"applicationmanagebillings-display-component---billRunCalcResult--contractBillRunDate"}]}
RESULT: undefined
COMMAND: POST /session/9eab2abfb92109d83111f8a107828286/execute/async - {"script":"<script> [776 bytes]","args":[{"enterText":"6/27/25","selector":{"id":"application-managebillings-display-component---billRunCalcResult--contractBillRunDate","interaction":{"idSuffix":"inner"}},"clearTextFirst":true,"interactionType":"ENTER_TEXT"}]}
RESULT: {"script":"<script> [776 bytes]","args":[{"enterText":"6/27/25","selector":{"id":"application-managebillings-display-component---billRunCalcResult--contractBillRunDate","interaction":{"idSuffix":"inner"}},"clearTextFirst":true,"interactionType":"ENTER_TEXT"}]}
COMMAND: POST /session/9eab2abfb92109d83111f8a107828286/element - {"using":"xpath","value":"//bdi[contains(text(), \"Trigger Calculation\")]"}
RESULT: {"using":"xpath","value":"//bdi[contains(text(), \"Trigger Calculation\")]"}
COMMAND: POST /session/9eab2abfb92109d83111f8a107828286/element/f.5DB0E6D2BB4820C6A36F69CDDED9F1D7.d.1A74A0375FCC3321F4B320CCE85E67C8.e.13728/click - {}
RESULT: {}
COMMAND: GET /session/9eab2abfb92109d83111f8a107828286/screenshot - {}
RESULT: {}
COMMAND: POST /session/9eab2abfb92109d83111f8a107828286/element - {"using":"xpath","value":"(//span[contains(@id, \"imgNav\")])[1]"}
RESULT: {"using":"xpath","value":"(//span[contains(@id, \"imgNav\")])[1]"}
COMMAND: POST /session/9eab2abfb92109d83111f8a107828286/element/f.5DB0E6D2BB4820C6A36F69CDDED9F1D7.d.1A74A0375FCC3321F4B320CCE85E67C8.e.13679/click - {}
RESULT: {}
COMMAND: GET /session/9eab2abfb92109d83111f8a107828286/screenshot - {}
RESULT: {}
COMMAND: POST /session/9eab2abfb92109d83111f8a107828286/element - {"using":"xpath","value":"//tr/td[6]/div[1]/span[1]/span[1]"}
RESULT: {"using":"xpath","value":"//tr/td[6]/div[1]/span[1]/span[1]"}
COMMAND: GET /session/9eab2abfb92109d83111f8a107828286/element/f.5DB0E6D2BB4820C6A36F69CDDED9F1D7.d.1A74A0375FCC3321F4B320CCE85E67C8.e.13733/text - {}
RESULT: {}
COMMAND: POST /session/9eab2abfb92109d83111f8a107828286/element - {"using":"xpath","value":"(//span[contains(@id, \"imgNav\")])[2]"}
RESULT: {"using":"xpath","value":"(//span[contains(@id, \"imgNav\")])[2]"}
COMMAND: POST /session/9eab2abfb92109d83111f8a107828286/element/f.5DB0E6D2BB4820C6A36F69CDDED9F1D7.d.1A74A0375FCC3321F4B320CCE85E67C8.e.13734/click - {}
RESULT: {}
COMMAND: POST /session/9eab2abfb92109d83111f8a107828286/element - {"using":"xpath","value":"//bdi[contains(text(), \"Business Confirm\")]"}
COMMAND: GET /session/9eab2abfb92109d83111f8a107828286/screenshot - {}
RESULT: {"using":"xpath","value":"//bdi[contains(text(), \"Business Confirm\")]"}
COMMAND: POST /session/9eab2abfb92109d83111f8a107828286/elements - {"using":"xpath","value":"//bdi[contains(text(), \"Business Confirm\")]"}
RESULT: {}
RESULT: {"using":"xpath","value":"//bdi[contains(text(), \"Business Confirm\")]"}
COMMAND: POST /session/9eab2abfb92109d83111f8a107828286/elements - {"using":"xpath","value":"//bdi[contains(text(), \"Business Confirm\")]"}
RESULT: {"using":"xpath","value":"//bdi[contains(text(), \"Business Confirm\")]"}
COMMAND: POST /session/9eab2abfb92109d83111f8a107828286/element - {"using":"xpath","value":"//bdi[contains(text(), \"Business Confirm\")]"}
RESULT: {"using":"xpath","value":"//bdi[contains(text(), \"Business Confirm\")]"}
COMMAND: POST /session/9eab2abfb92109d83111f8a107828286/element/f.5DB0E6D2BB4820C6A36F69CDDED9F1D7.d.1A74A0375FCC3321F4B320CCE85E67C8.e.13736/click - {}
RESULT: {}
COMMAND: POST /session/9eab2abfb92109d83111f8a107828286/element - {"using":"css selector","value":"#shell-header-logo"}
COMMAND: GET /session/9eab2abfb92109d83111f8a107828286/screenshot - {}
RESULT: {"using":"css selector","value":"#shell-header-logo"}
COMMAND: POST /session/9eab2abfb92109d83111f8a107828286/element/f.5DB0E6D2BB4820C6A36F69CDDED9F1D7.d.1A74A0375FCC3321F4B320CCE85E67C8.e.13467/click - {}
RESULT: {}
RESULT: {}
COMMAND: GET /session/9eab2abfb92109d83111f8a107828286/screenshot - {}
RESULT: {}
COMMAND: POST /session/9eab2abfb92109d83111f8a107828286/element - {"using":"css selector","value":"#j_username"}
COMMAND: POST /session/9eab2abfb92109d83111f8a107828286/url - {"url":"https://qa-testing-00-live-etm-ui.cfapps.eu10-004.hana.ondemand.com/"}
RESULT: {"using":"css selector","value":"#j_username"}
COMMAND: POST /session/9eab2abfb92109d83111f8a107828286/element - {"using":"css selector","value":"#j_username"}
RESULT: {"url":"https://qa-testing-00-live-etm-ui.cfapps.eu10-004.hana.ondemand.com/"}
RESULT: undefined
COMMAND: GET /session/9eab2abfb92109d83111f8a107828286/screenshot - {}
RESULT: {"using":"css selector","value":"#j_username"}
COMMAND: POST /session/9eab2abfb92109d83111f8a107828286/element - {"using":"css selector","value":"#shell-header-logo"}
RESULT: {}
RESULT: {"using":"css selector","value":"#shell-header-logo"}
COMMAND: POST /session/9eab2abfb92109d83111f8a107828286/execute/sync - {"script":"<script> [8489 bytes]","args":[{"element-6066-11e4-a52e-4f735466cecf":"f.5DB0E6D2BB4820C6A36F69CDDED9F1D7.d.61C81E6C0D9B2E4CFD2E9A916A8391FA.e.13825","ELEMENT":"f.5DB0E6D2BB4820C6A36F69CDDED9F1D7.d.61C81E6C0D9B2E4CFD2E9A916A8391FA.e.13825"}]}
RESULT: {"script":"<script> [8489 bytes]","args":[{"element-6066-11e4-a52e-4f735466cecf":"f.5DB0E6D2BB4820C6A36F69CDDED9F1D7.d.61C81E6C0D9B2E4CFD2E9A916A8391FA.e.13825","ELEMENT":"f.5DB0E6D2BB4820C6A36F69CDDED9F1D7.d.61C81E6C0D9B2E4CFD2E9A916A8391FA.e.13825"}]}
COMMAND: POST /session/9eab2abfb92109d83111f8a107828286/element - {"using":"css selector","value":"#shell-header-logo"}
COMMAND: GET /session/9eab2abfb92109d83111f8a107828286/screenshot - {}
RESULT: {"using":"css selector","value":"#shell-header-logo"}
COMMAND: POST /session/9eab2abfb92109d83111f8a107828286/execute/sync - {"script":"<script> [8489 bytes]","args":[{"element-6066-11e4-a52e-4f735466cecf":"f.5DB0E6D2BB4820C6A36F69CDDED9F1D7.d.61C81E6C0D9B2E4CFD2E9A916A8391FA.e.13825","ELEMENT":"f.5DB0E6D2BB4820C6A36F69CDDED9F1D7.d.61C81E6C0D9B2E4CFD2E9A916A8391FA.e.13825"}]}
RESULT: {}
RESULT: {"script":"<script> [8489 bytes]","args":[{"element-6066-11e4-a52e-4f735466cecf":"f.5DB0E6D2BB4820C6A36F69CDDED9F1D7.d.61C81E6C0D9B2E4CFD2E9A916A8391FA.e.13825","ELEMENT":"f.5DB0E6D2BB4820C6A36F69CDDED9F1D7.d.61C81E6C0D9B2E4CFD2E9A916A8391FA.e.13825"}]}
COMMAND: POST /session/9eab2abfb92109d83111f8a107828286/execute/sync - {"script":"<script> [5351 bytes]","args":[{"element-6066-11e4-a52e-4f735466cecf":"f.5DB0E6D2BB4820C6A36F69CDDED9F1D7.d.61C81E6C0D9B2E4CFD2E9A916A8391FA.e.13825","ELEMENT":"f.5DB0E6D2BB4820C6A36F69CDDED9F1D7.d.61C81E6C0D9B2E4CFD2E9A916A8391FA.e.13825"}]}
COMMAND: GET /session/9eab2abfb92109d83111f8a107828286/screenshot - {}
RESULT: {"script":"<script> [5351 bytes]","args":[{"element-6066-11e4-a52e-4f735466cecf":"f.5DB0E6D2BB4820C6A36F69CDDED9F1D7.d.61C81E6C0D9B2E4CFD2E9A916A8391FA.e.13825","ELEMENT":"f.5DB0E6D2BB4820C6A36F69CDDED9F1D7.d.61C81E6C0D9B2E4CFD2E9A916A8391FA.e.13825"}]}
COMMAND: POST /session/9eab2abfb92109d83111f8a107828286/element - {"using":"css selector","value":"#shell-header-logo"}
COMMAND: GET /session/9eab2abfb92109d83111f8a107828286/screenshot - {}
RESULT: {}
RESULT: {"using":"css selector","value":"#shell-header-logo"}
COMMAND: POST /session/9eab2abfb92109d83111f8a107828286/element/f.5DB0E6D2BB4820C6A36F69CDDED9F1D7.d.61C81E6C0D9B2E4CFD2E9A916A8391FA.e.13825/click - {}
RESULT: {}
RESULT: {}
COMMAND: GET /session/9eab2abfb92109d83111f8a107828286/screenshot - {}
RESULT: {}
COMMAND: POST /session/9eab2abfb92109d83111f8a107828286/execute/async - {"script":"<script> [189 bytes]","args":[]}
RESULT: {"script":"<script> [189 bytes]","args":[]}
COMMAND: POST /session/9eab2abfb92109d83111f8a107828286/execute/async - {"script":"<script> [123 bytes]","args":[]}
RESULT: {"script":"<script> [123 bytes]","args":[]}
COMMAND: POST /session/9eab2abfb92109d83111f8a107828286/timeouts - {"script":"<number>"}
RESULT: {"script":"<number>"}
COMMAND: GET /session/9eab2abfb92109d83111f8a107828286/timeouts - {}
RESULT: {}
RESULT: undefined
COMMAND: POST /session/9eab2abfb92109d83111f8a107828286/execute/async - {"script":"<script> [2676 bytes]","args":[]}
RESULT: {"script":"<script> [2676 bytes]","args":[]}
COMMAND: POST /session/9eab2abfb92109d83111f8a107828286/execute/async - {"script":"<script> [2342 bytes]","args":[{"protocol":"http","hostname":"0.0.0.0","path":"/","capabilities":{"browserName":"chrome","goog:chromeOptions":{"binary":"C:\\Program Files\\Google\\Chrome\\Application\\chrome.exe","args":["--start-maximized"]}},"logLevel":"warn","connectionRetryTimeout":120000,"connectionRetryCount":3,"logLevels":{},"enableDirectConnect":true,"strictSSL":true,"_":"65 more keys: [\"cacheDir\",\"port\",\"requestedCapabilities\",\"automationProtocol\",\"baseUrl\",\"waitforInterval\",\"waitforTimeout\",\"onReload\",\"beforeCommand\",\"afterCommand\",\"rootDir\",\"specs\",\"suites\",\"exclude\",\"groupLogsByTestSpec\",\"excludeDriverLogs\",\"bail\",\"framework\",\"reporters\",\"services\",\"maxInstances\",\"maxInstancesPerCapability\",\"injectGlobals\",\"filesToWatch\",\"execArgv\",\"runnerEnv\",\"runner\",\"shard\",\"specFileRetries\",\"specFileRetriesDelay\",\"specFileRetriesDeferred\",\"reporterSyncInterval\",\"reporterSyncTimeout\",\"cucumberFeaturesWithLineNumbers\",\"autoCompileOpts\",\"mochaOpts\",\"jasmineOpts\",\"cucumberOpts\",\"onPrepare\",\"onWorkerStart\",\"onWorkerEnd\",\"before\",\"beforeSession\",\"beforeSuite\",\"beforeHook\",\"beforeTest\",\"afterTest\",\"afterHook\",\"afterSuite\",\"afterSession\",\"after\",\"onComplete\",\"beforeAssertion\",\"afterAssertion\",\"beforeFeature\",\"beforeScenario\",\"beforeStep\",\"afterStep\",\"afterScenario\",\"afterFeature\",\"_\",\"suite\",\"$0\",\"ignoredWorkerServices\",\"wdi5\"]"}]}
RESULT: {"script":"<script> [2342 bytes]","args":[{"protocol":"http","hostname":"0.0.0.0","path":"/","capabilities":{"browserName":"chrome","goog:chromeOptions":{"binary":"C:\\Program Files\\Google\\Chrome\\Application\\chrome.exe","args":["--start-maximized"]}},"logLevel":"warn","connectionRetryTimeout":120000,"connectionRetryCount":3,"logLevels":{},"enableDirectConnect":true,"strictSSL":true,"_":"65 more keys: [\"cacheDir\",\"port\",\"requestedCapabilities\",\"automationProtocol\",\"baseUrl\",\"waitforInterval\",\"waitforTimeout\",\"onReload\",\"beforeCommand\",\"afterCommand\",\"rootDir\",\"specs\",\"suites\",\"exclude\",\"groupLogsByTestSpec\",\"excludeDriverLogs\",\"bail\",\"framework\",\"reporters\",\"services\",\"maxInstances\",\"maxInstancesPerCapability\",\"injectGlobals\",\"filesToWatch\",\"execArgv\",\"runnerEnv\",\"runner\",\"shard\",\"specFileRetries\",\"specFileRetriesDelay\",\"specFileRetriesDeferred\",\"reporterSyncInterval\",\"reporterSyncTimeout\",\"cucumberFeaturesWithLineNumbers\",\"autoCompileOpts\",\"mochaOpts\",\"jasmineOpts\",\"cucumberOpts\",\"onPrepare\",\"onWorkerStart\",\"onWorkerEnd\",\"before\",\"beforeSession\",\"beforeSuite\",\"beforeHook\",\"beforeTest\",\"afterTest\",\"afterHook\",\"afterSuite\",\"afterSession\",\"after\",\"onComplete\",\"beforeAssertion\",\"afterAssertion\",\"beforeFeature\",\"beforeScenario\",\"beforeStep\",\"afterStep\",\"afterScenario\",\"afterFeature\",\"_\",\"suite\",\"$0\",\"ignoredWorkerServices\",\"wdi5\"]"}]}
COMMAND: POST /session/9eab2abfb92109d83111f8a107828286/execute/async - {"script":"<script> [21126 bytes]","args":[35000]}
RESULT: {"script":"<script> [21126 bytes]","args":[35000]}
COMMAND: POST /session/9eab2abfb92109d83111f8a107828286/window/maximize - {}
RESULT: {}
COMMAND: POST /session/9eab2abfb92109d83111f8a107828286/execute/async - {"script":"<script> [1562 bytes]","args":[{"selector":{"id":"shell-header","interaction":{"idSuffix":"icon"}},"wdio_ui5_key":"shellheader"}]}
COMMAND: GET /session/9eab2abfb92109d83111f8a107828286/screenshot - {}
RESULT: {"script":"<script> [1562 bytes]","args":[{"selector":{"id":"shell-header","interaction":{"idSuffix":"icon"}},"wdio_ui5_key":"shellheader"}]}
RESULT: undefined
COMMAND: POST /session/9eab2abfb92109d83111f8a107828286/refresh - {}
RESULT: {}
RESULT: {}
COMMAND: GET /session/9eab2abfb92109d83111f8a107828286/screenshot - {}
RESULT: {}
COMMAND: POST /session/9eab2abfb92109d83111f8a107828286/refresh - {}
RESULT: {}
COMMAND: GET /session/9eab2abfb92109d83111f8a107828286/screenshot - {}
RESULT: {}
COMMAND: POST /session/9eab2abfb92109d83111f8a107828286/window/fullscreen - {}
RESULT: {}
COMMAND: POST /session/9eab2abfb92109d83111f8a107828286/execute/async - {"script":"<script> [189 bytes]","args":[]}
RESULT: {"script":"<script> [189 bytes]","args":[]}
COMMAND: POST /session/9eab2abfb92109d83111f8a107828286/execute/async - {"script":"<script> [123 bytes]","args":[]}
RESULT: {"script":"<script> [123 bytes]","args":[]}
COMMAND: POST /session/9eab2abfb92109d83111f8a107828286/timeouts - {"script":"<number>"}
RESULT: {"script":"<number>"}
COMMAND: GET /session/9eab2abfb92109d83111f8a107828286/timeouts - {}
RESULT: {}
RESULT: undefined
COMMAND: POST /session/9eab2abfb92109d83111f8a107828286/execute/async - {"script":"<script> [2676 bytes]","args":[]}
RESULT: {"script":"<script> [2676 bytes]","args":[]}
COMMAND: POST /session/9eab2abfb92109d83111f8a107828286/execute/async - {"script":"<script> [2342 bytes]","args":[{"protocol":"http","hostname":"0.0.0.0","path":"/","capabilities":{"browserName":"chrome","goog:chromeOptions":{"binary":"C:\\Program Files\\Google\\Chrome\\Application\\chrome.exe","args":["--start-maximized"]}},"logLevel":"warn","connectionRetryTimeout":120000,"connectionRetryCount":3,"logLevels":{},"enableDirectConnect":true,"strictSSL":true,"_":"65 more keys: [\"cacheDir\",\"port\",\"requestedCapabilities\",\"automationProtocol\",\"baseUrl\",\"waitforInterval\",\"waitforTimeout\",\"onReload\",\"beforeCommand\",\"afterCommand\",\"rootDir\",\"specs\",\"suites\",\"exclude\",\"groupLogsByTestSpec\",\"excludeDriverLogs\",\"bail\",\"framework\",\"reporters\",\"services\",\"maxInstances\",\"maxInstancesPerCapability\",\"injectGlobals\",\"filesToWatch\",\"execArgv\",\"runnerEnv\",\"runner\",\"shard\",\"specFileRetries\",\"specFileRetriesDelay\",\"specFileRetriesDeferred\",\"reporterSyncInterval\",\"reporterSyncTimeout\",\"cucumberFeaturesWithLineNumbers\",\"autoCompileOpts\",\"mochaOpts\",\"jasmineOpts\",\"cucumberOpts\",\"onPrepare\",\"onWorkerStart\",\"onWorkerEnd\",\"before\",\"beforeSession\",\"beforeSuite\",\"beforeHook\",\"beforeTest\",\"afterTest\",\"afterHook\",\"afterSuite\",\"afterSession\",\"after\",\"onComplete\",\"beforeAssertion\",\"afterAssertion\",\"beforeFeature\",\"beforeScenario\",\"beforeStep\",\"afterStep\",\"afterScenario\",\"afterFeature\",\"_\",\"suite\",\"$0\",\"ignoredWorkerServices\",\"wdi5\"]"}]}
RESULT: {"script":"<script> [2342 bytes]","args":[{"protocol":"http","hostname":"0.0.0.0","path":"/","capabilities":{"browserName":"chrome","goog:chromeOptions":{"binary":"C:\\Program Files\\Google\\Chrome\\Application\\chrome.exe","args":["--start-maximized"]}},"logLevel":"warn","connectionRetryTimeout":120000,"connectionRetryCount":3,"logLevels":{},"enableDirectConnect":true,"strictSSL":true,"_":"65 more keys: [\"cacheDir\",\"port\",\"requestedCapabilities\",\"automationProtocol\",\"baseUrl\",\"waitforInterval\",\"waitforTimeout\",\"onReload\",\"beforeCommand\",\"afterCommand\",\"rootDir\",\"specs\",\"suites\",\"exclude\",\"groupLogsByTestSpec\",\"excludeDriverLogs\",\"bail\",\"framework\",\"reporters\",\"services\",\"maxInstances\",\"maxInstancesPerCapability\",\"injectGlobals\",\"filesToWatch\",\"execArgv\",\"runnerEnv\",\"runner\",\"shard\",\"specFileRetries\",\"specFileRetriesDelay\",\"specFileRetriesDeferred\",\"reporterSyncInterval\",\"reporterSyncTimeout\",\"cucumberFeaturesWithLineNumbers\",\"autoCompileOpts\",\"mochaOpts\",\"jasmineOpts\",\"cucumberOpts\",\"onPrepare\",\"onWorkerStart\",\"onWorkerEnd\",\"before\",\"beforeSession\",\"beforeSuite\",\"beforeHook\",\"beforeTest\",\"afterTest\",\"afterHook\",\"afterSuite\",\"afterSession\",\"after\",\"onComplete\",\"beforeAssertion\",\"afterAssertion\",\"beforeFeature\",\"beforeScenario\",\"beforeStep\",\"afterStep\",\"afterScenario\",\"afterFeature\",\"_\",\"suite\",\"$0\",\"ignoredWorkerServices\",\"wdi5\"]"}]}
COMMAND: POST /session/9eab2abfb92109d83111f8a107828286/execute/async - {"script":"<script> [21126 bytes]","args":[35000]}
RESULT: {"script":"<script> [21126 bytes]","args":[35000]}
]]></system-out>
    </testcase>
  </testsuite>
  <testsuite timestamp="2025-05-27T18:00:24" time="874.009" tests="13" failures="0" errors="0" skipped="0">
    <properties>
      <property name="specId" value="0"/>
      <property name="suiteName" value="Performance based billing (work days) US139742"/>
      <property name="capabilities" value="chrome.136_0_7103_93.windows"/>
      <property name="file" value="file:///D:/a/1/s/test/specs/BTS/billing-performance-workdays.spec.js"/>
    </properties>
    <testcase classname="chrome.136_0_7103_93.windows.Performance_based_billing_(work_days)_US139742" name="Should create a new yard" time="0.068">
      <system-out><![CDATA[
COMMAND: POST /session/9eab2abfb92109d83111f8a107828286/window/fullscreen - {}
RESULT: {}
]]></system-out>
    </testcase>
    <testcase classname="chrome.136_0_7103_93.windows.Performance_based_billing_(work_days)_US139742" name="Should create a new partner" time="0.004"/>
    <testcase classname="chrome.136_0_7103_93.windows.Performance_based_billing_(work_days)_US139742" name="Should create a new site" time="0.004"/>
    <testcase classname="chrome.136_0_7103_93.windows.Performance_based_billing_(work_days)_US139742" name="Should do prerequisite steps add equipment" time="150.617">
      <system-out><![CDATA[
COMMAND: POST /session/9eab2abfb92109d83111f8a107828286/execute/async - {"script":"<script> [1562 bytes]","args":[{"selector":{"controlType":"sap.m.GenericTile","properties":{"header":"Manage Resources"}},"wdio_ui5_key":"sapm.GenericTile{\"header\":\"Manage Resources\"}"}]}
RESULT: {"script":"<script> [1562 bytes]","args":[{"selector":{"controlType":"sap.m.GenericTile","properties":{"header":"Manage Resources"}},"wdio_ui5_key":"sapm.GenericTile{\"header\":\"Manage Resources\"}"}]}
RESULT: undefined
COMMAND: POST /session/9eab2abfb92109d83111f8a107828286/element - {"using":"xpath","value":"//*[@id=\"__tile39\"]"}
RESULT: {"using":"xpath","value":"//*[@id=\"__tile39\"]"}
COMMAND: POST /session/9eab2abfb92109d83111f8a107828286/element/f.5DB0E6D2BB4820C6A36F69CDDED9F1D7.d.22CE1ACAB62673680A7AC19F6BFF574D.e.13991/click - {}
RESULT: {}
COMMAND: GET /session/9eab2abfb92109d83111f8a107828286/screenshot - {}
RESULT: {}
COMMAND: POST /session/9eab2abfb92109d83111f8a107828286/elements - {"using":"xpath","value":"//span[text()='Error']"}
RESULT: {"using":"xpath","value":"//span[text()='Error']"}
COMMAND: POST /session/9eab2abfb92109d83111f8a107828286/element - {"using":"xpath","value":"//button[@data-kt=\"addNewRUOverflowToolbarButton\"]"}
RESULT: {"using":"xpath","value":"//button[@data-kt=\"addNewRUOverflowToolbarButton\"]"}
COMMAND: POST /session/9eab2abfb92109d83111f8a107828286/elements - {"using":"xpath","value":"//button[@data-kt=\"addNewRUOverflowToolbarButton\"]"}
RESULT: {"using":"xpath","value":"//button[@data-kt=\"addNewRUOverflowToolbarButton\"]"}
COMMAND: POST /session/9eab2abfb92109d83111f8a107828286/elements - {"using":"xpath","value":"//button[@data-kt=\"addNewRUOverflowToolbarButton\"]"}
RESULT: {"using":"xpath","value":"//button[@data-kt=\"addNewRUOverflowToolbarButton\"]"}
COMMAND: POST /session/9eab2abfb92109d83111f8a107828286/elements - {"using":"xpath","value":"//button[@data-kt=\"addNewRUOverflowToolbarButton\"]"}
RESULT: {"using":"xpath","value":"//button[@data-kt=\"addNewRUOverflowToolbarButton\"]"}
COMMAND: POST /session/9eab2abfb92109d83111f8a107828286/element - {"using":"xpath","value":"//button[@data-kt=\"addNewRUOverflowToolbarButton\"]"}
RESULT: {"using":"xpath","value":"//button[@data-kt=\"addNewRUOverflowToolbarButton\"]"}
COMMAND: POST /session/9eab2abfb92109d83111f8a107828286/execute/sync - {"script":"<script> [8489 bytes]","args":[{"element-6066-11e4-a52e-4f735466cecf":"f.5DB0E6D2BB4820C6A36F69CDDED9F1D7.d.22CE1ACAB62673680A7AC19F6BFF574D.e.14134","ELEMENT":"f.5DB0E6D2BB4820C6A36F69CDDED9F1D7.d.22CE1ACAB62673680A7AC19F6BFF574D.e.14134"}]}
RESULT: {"script":"<script> [8489 bytes]","args":[{"element-6066-11e4-a52e-4f735466cecf":"f.5DB0E6D2BB4820C6A36F69CDDED9F1D7.d.22CE1ACAB62673680A7AC19F6BFF574D.e.14134","ELEMENT":"f.5DB0E6D2BB4820C6A36F69CDDED9F1D7.d.22CE1ACAB62673680A7AC19F6BFF574D.e.14134"}]}
COMMAND: GET /session/9eab2abfb92109d83111f8a107828286/element/f.5DB0E6D2BB4820C6A36F69CDDED9F1D7.d.22CE1ACAB62673680A7AC19F6BFF574D.e.14134/enabled - {}
COMMAND: GET /session/9eab2abfb92109d83111f8a107828286/screenshot - {}
RESULT: {}
COMMAND: POST /session/9eab2abfb92109d83111f8a107828286/execute/sync - {"script":"<script> [8489 bytes]","args":[{"element-6066-11e4-a52e-4f735466cecf":"f.5DB0E6D2BB4820C6A36F69CDDED9F1D7.d.22CE1ACAB62673680A7AC19F6BFF574D.e.14134","ELEMENT":"f.5DB0E6D2BB4820C6A36F69CDDED9F1D7.d.22CE1ACAB62673680A7AC19F6BFF574D.e.14134"}]}
COMMAND: GET /session/9eab2abfb92109d83111f8a107828286/screenshot - {}
RESULT: {}
RESULT: {"script":"<script> [8489 bytes]","args":[{"element-6066-11e4-a52e-4f735466cecf":"f.5DB0E6D2BB4820C6A36F69CDDED9F1D7.d.22CE1ACAB62673680A7AC19F6BFF574D.e.14134","ELEMENT":"f.5DB0E6D2BB4820C6A36F69CDDED9F1D7.d.22CE1ACAB62673680A7AC19F6BFF574D.e.14134"}]}
COMMAND: POST /session/9eab2abfb92109d83111f8a107828286/execute/sync - {"script":"<script> [5351 bytes]","args":[{"element-6066-11e4-a52e-4f735466cecf":"f.5DB0E6D2BB4820C6A36F69CDDED9F1D7.d.22CE1ACAB62673680A7AC19F6BFF574D.e.14134","ELEMENT":"f.5DB0E6D2BB4820C6A36F69CDDED9F1D7.d.22CE1ACAB62673680A7AC19F6BFF574D.e.14134"}]}
COMMAND: GET /session/9eab2abfb92109d83111f8a107828286/screenshot - {}
RESULT: {}
RESULT: {"script":"<script> [5351 bytes]","args":[{"element-6066-11e4-a52e-4f735466cecf":"f.5DB0E6D2BB4820C6A36F69CDDED9F1D7.d.22CE1ACAB62673680A7AC19F6BFF574D.e.14134","ELEMENT":"f.5DB0E6D2BB4820C6A36F69CDDED9F1D7.d.22CE1ACAB62673680A7AC19F6BFF574D.e.14134"}]}
COMMAND: POST /session/9eab2abfb92109d83111f8a107828286/element/f.5DB0E6D2BB4820C6A36F69CDDED9F1D7.d.22CE1ACAB62673680A7AC19F6BFF574D.e.14134/click - {}
COMMAND: GET /session/9eab2abfb92109d83111f8a107828286/screenshot - {}
RESULT: {}
RESULT: {}
COMMAND: GET /session/9eab2abfb92109d83111f8a107828286/screenshot - {}
COMMAND: POST /session/9eab2abfb92109d83111f8a107828286/execute/async - {"script":"<script> [1562 bytes]","args":[{"selector":{"id":"application-manageresources-display-component---newResourceUnit--TYPE-arrow"},"wdio_ui5_key":"applicationmanageresources-display-component---newResourceUnit--TYPE-arrow"}]}
RESULT: {}
RESULT: {}
RESULT: {"script":"<script> [1562 bytes]","args":[{"selector":{"id":"application-manageresources-display-component---newResourceUnit--TYPE-arrow"},"wdio_ui5_key":"applicationmanageresources-display-component---newResourceUnit--TYPE-arrow"}]}
RESULT: undefined
COMMAND: POST /session/9eab2abfb92109d83111f8a107828286/element - {"using":"xpath","value":"//*[@id=\"application-manageresources-display-component---newResourceUnit--TYPE-arrow\"]"}
RESULT: {"using":"xpath","value":"//*[@id=\"application-manageresources-display-component---newResourceUnit--TYPE-arrow\"]"}
COMMAND: POST /session/9eab2abfb92109d83111f8a107828286/element/f.5DB0E6D2BB4820C6A36F69CDDED9F1D7.d.22CE1ACAB62673680A7AC19F6BFF574D.e.14489/click - {}
RESULT: {}
COMMAND: POST /session/9eab2abfb92109d83111f8a107828286/element - {"using":"xpath","value":"//input[@id=\"application-manageresources-display-component---newResourceUnit--TYPE-inner\"]"}
COMMAND: GET /session/9eab2abfb92109d83111f8a107828286/screenshot - {}
RESULT: {"using":"xpath","value":"//input[@id=\"application-manageresources-display-component---newResourceUnit--TYPE-inner\"]"}
COMMAND: POST /session/9eab2abfb92109d83111f8a107828286/element/f.5DB0E6D2BB4820C6A36F69CDDED9F1D7.d.22CE1ACAB62673680A7AC19F6BFF574D.e.14486/clear - {}
RESULT: {}
RESULT: {}
COMMAND: POST /session/9eab2abfb92109d83111f8a107828286/element/f.5DB0E6D2BB4820C6A36F69CDDED9F1D7.d.22CE1ACAB62673680A7AC19F6BFF574D.e.14486/value - {"text":"Equipment"}
COMMAND: GET /session/9eab2abfb92109d83111f8a107828286/screenshot - {}
RESULT: {"text":"Equipment"}
COMMAND: GET /session/9eab2abfb92109d83111f8a107828286/screenshot - {}
RESULT: {}
RESULT: {}
COMMAND: POST /session/9eab2abfb92109d83111f8a107828286/actions - {"actions":[{"id":"action52","type":"key","parameters":{},"actions":[{"type":"keyDown","value":""},{"type":"pause","duration":10},{"type":"keyUp","value":""}]}]}
RESULT: {"actions":[{"id":"action52","type":"key","parameters":{},"actions":[{"type":"keyDown","value":""},{"type":"pause","duration":10},{"type":"keyUp","value":""}]}]}
COMMAND: POST /session/9eab2abfb92109d83111f8a107828286/execute/async - {"script":"<script> [1562 bytes]","args":[{"selector":{"id":"application-manageresources-display-component---newResourceUnit--resourceId","interaction":{"idSuffix":"inner"}},"wdio_ui5_key":"applicationmanageresources-display-component---newResourceUnit--resourceId"}]}
COMMAND: GET /session/9eab2abfb92109d83111f8a107828286/screenshot - {}
RESULT: {"script":"<script> [1562 bytes]","args":[{"selector":{"id":"application-manageresources-display-component---newResourceUnit--resourceId","interaction":{"idSuffix":"inner"}},"wdio_ui5_key":"applicationmanageresources-display-component---newResourceUnit--resourceId"}]}
RESULT: undefined
COMMAND: POST /session/9eab2abfb92109d83111f8a107828286/execute/async - {"script":"<script> [776 bytes]","args":[{"enterText":"1vW820URHx","selector":{"id":"application-manageresources-display-component---newResourceUnit--resourceId","interaction":{"idSuffix":"inner"}},"clearTextFirst":true,"interactionType":"ENTER_TEXT"}]}
RESULT: {}
RESULT: {"script":"<script> [776 bytes]","args":[{"enterText":"1vW820URHx","selector":{"id":"application-manageresources-display-component---newResourceUnit--resourceId","interaction":{"idSuffix":"inner"}},"clearTextFirst":true,"interactionType":"ENTER_TEXT"}]}
COMMAND: POST /session/9eab2abfb92109d83111f8a107828286/execute/async - {"script":"<script> [1562 bytes]","args":[{"selector":{"id":"application-manageresources-display-component---newResourceUnit--SHORT_TEXT","interaction":{"idSuffix":"inner"}},"wdio_ui5_key":"applicationmanageresources-display-component---newResourceUnit--SHORT_TEXT"}]}
RESULT: {"script":"<script> [1562 bytes]","args":[{"selector":{"id":"application-manageresources-display-component---newResourceUnit--SHORT_TEXT","interaction":{"idSuffix":"inner"}},"wdio_ui5_key":"applicationmanageresources-display-component---newResourceUnit--SHORT_TEXT"}]}
RESULT: undefined
COMMAND: POST /session/9eab2abfb92109d83111f8a107828286/execute/async - {"script":"<script> [776 bytes]","args":[{"enterText":"Intercompany Equipment WDIO","selector":{"id":"application-manageresources-display-component---newResourceUnit--SHORT_TEXT","interaction":{"idSuffix":"inner"}},"clearTextFirst":true,"interactionType":"ENTER_TEXT"}]}
RESULT: {"script":"<script> [776 bytes]","args":[{"enterText":"Intercompany Equipment WDIO","selector":{"id":"application-manageresources-display-component---newResourceUnit--SHORT_TEXT","interaction":{"idSuffix":"inner"}},"clearTextFirst":true,"interactionType":"ENTER_TEXT"}]}
COMMAND: POST /session/9eab2abfb92109d83111f8a107828286/execute/async - {"script":"<script> [1562 bytes]","args":[{"selector":{"id":"application-manageresources-display-component---newResourceUnit--BASE_UNIT_OF_MEASURE","interaction":{"idSuffix":"inner"}},"wdio_ui5_key":"applicationmanageresources-display-component---newResourceUnit--BASE_UNIT_OF_MEASURE"}]}
RESULT: {"script":"<script> [1562 bytes]","args":[{"selector":{"id":"application-manageresources-display-component---newResourceUnit--BASE_UNIT_OF_MEASURE","interaction":{"idSuffix":"inner"}},"wdio_ui5_key":"applicationmanageresources-display-component---newResourceUnit--BASE_UNIT_OF_MEASURE"}]}
RESULT: undefined
COMMAND: POST /session/9eab2abfb92109d83111f8a107828286/execute/async - {"script":"<script> [776 bytes]","args":[{"enterText":"Piece","selector":{"id":"application-manageresources-display-component---newResourceUnit--BASE_UNIT_OF_MEASURE","interaction":{"idSuffix":"inner"}},"clearTextFirst":true,"interactionType":"ENTER_TEXT"}]}
RESULT: {"script":"<script> [776 bytes]","args":[{"enterText":"Piece","selector":{"id":"application-manageresources-display-component---newResourceUnit--BASE_UNIT_OF_MEASURE","interaction":{"idSuffix":"inner"}},"clearTextFirst":true,"interactionType":"ENTER_TEXT"}]}
COMMAND: POST /session/9eab2abfb92109d83111f8a107828286/execute/async - {"script":"<script> [1562 bytes]","args":[{"selector":{"id":"application-manageresources-display-component---newResourceUnit--WEIGHT_UNIT","interaction":{"idSuffix":"inner"}},"wdio_ui5_key":"applicationmanageresources-display-component---newResourceUnit--WEIGHT_UNIT"}]}
RESULT: {"script":"<script> [1562 bytes]","args":[{"selector":{"id":"application-manageresources-display-component---newResourceUnit--WEIGHT_UNIT","interaction":{"idSuffix":"inner"}},"wdio_ui5_key":"applicationmanageresources-display-component---newResourceUnit--WEIGHT_UNIT"}]}
RESULT: undefined
COMMAND: POST /session/9eab2abfb92109d83111f8a107828286/execute/async - {"script":"<script> [776 bytes]","args":[{"enterText":"Gram","selector":{"id":"application-manageresources-display-component---newResourceUnit--WEIGHT_UNIT","interaction":{"idSuffix":"inner"}},"clearTextFirst":true,"interactionType":"ENTER_TEXT"}]}
RESULT: {"script":"<script> [776 bytes]","args":[{"enterText":"Gram","selector":{"id":"application-manageresources-display-component---newResourceUnit--WEIGHT_UNIT","interaction":{"idSuffix":"inner"}},"clearTextFirst":true,"interactionType":"ENTER_TEXT"}]}
COMMAND: POST /session/9eab2abfb92109d83111f8a107828286/execute/async - {"script":"<script> [1562 bytes]","args":[{"selector":{"id":"application-manageresources-display-component---newResourceUnit--DIMENSION_UNIT","interaction":{"idSuffix":"inner"}},"wdio_ui5_key":"applicationmanageresources-display-component---newResourceUnit--DIMENSION_UNIT"}]}
RESULT: {"script":"<script> [1562 bytes]","args":[{"selector":{"id":"application-manageresources-display-component---newResourceUnit--DIMENSION_UNIT","interaction":{"idSuffix":"inner"}},"wdio_ui5_key":"applicationmanageresources-display-component---newResourceUnit--DIMENSION_UNIT"}]}
RESULT: undefined
COMMAND: POST /session/9eab2abfb92109d83111f8a107828286/execute/async - {"script":"<script> [776 bytes]","args":[{"enterText":"Meter","selector":{"id":"application-manageresources-display-component---newResourceUnit--DIMENSION_UNIT","interaction":{"idSuffix":"inner"}},"clearTextFirst":true,"interactionType":"ENTER_TEXT"}]}
RESULT: {"script":"<script> [776 bytes]","args":[{"enterText":"Meter","selector":{"id":"application-manageresources-display-component---newResourceUnit--DIMENSION_UNIT","interaction":{"idSuffix":"inner"}},"clearTextFirst":true,"interactionType":"ENTER_TEXT"}]}
COMMAND: POST /session/9eab2abfb92109d83111f8a107828286/execute/async - {"script":"<script> [1562 bytes]","args":[{"selector":{"id":"application-manageresources-display-component---newResourceUnit--newRRUPage-anchBar-application-manageresources-display-component---newResourceUnit--control-anchor","interaction":{"idSuffix":"BDI-content"}},"wdio_ui5_key":"applicationmanageresources-display-component---newResourceUnit--newRRUPage-anchBar-application-manageresources-display-component---newResourceUnit--control-anchor"}]}
RESULT: {"script":"<script> [1562 bytes]","args":[{"selector":{"id":"application-manageresources-display-component---newResourceUnit--newRRUPage-anchBar-application-manageresources-display-component---newResourceUnit--control-anchor","interaction":{"idSuffix":"BDI-content"}},"wdio_ui5_key":"applicationmanageresources-display-component---newResourceUnit--newRRUPage-anchBar-application-manageresources-display-component---newResourceUnit--control-anchor"}]}
RESULT: undefined
COMMAND: POST /session/9eab2abfb92109d83111f8a107828286/element - {"using":"xpath","value":"//*[@id=\"application-manageresources-display-component---newResourceUnit--newRRUPage-anchBar-application-manageresources-display-component---newResourceUnit--control-anchor\"]"}
RESULT: {"using":"xpath","value":"//*[@id=\"application-manageresources-display-component---newResourceUnit--newRRUPage-anchBar-application-manageresources-display-component---newResourceUnit--control-anchor\"]"}
COMMAND: POST /session/9eab2abfb92109d83111f8a107828286/element/f.5DB0E6D2BB4820C6A36F69CDDED9F1D7.d.22CE1ACAB62673680A7AC19F6BFF574D.e.14648/click - {}
RESULT: {}
COMMAND: POST /session/9eab2abfb92109d83111f8a107828286/execute/async - {"script":"<script> [1562 bytes]","args":[{"selector":{"id":"application-manageresources-display-component---newResourceUnit--PLANNING_GROUP","interaction":{"idSuffix":"inner"}},"wdio_ui5_key":"applicationmanageresources-display-component---newResourceUnit--PLANNING_GROUP"}]}
COMMAND: GET /session/9eab2abfb92109d83111f8a107828286/screenshot - {}
RESULT: {"script":"<script> [1562 bytes]","args":[{"selector":{"id":"application-manageresources-display-component---newResourceUnit--PLANNING_GROUP","interaction":{"idSuffix":"inner"}},"wdio_ui5_key":"applicationmanageresources-display-component---newResourceUnit--PLANNING_GROUP"}]}
RESULT: undefined
COMMAND: POST /session/9eab2abfb92109d83111f8a107828286/execute/async - {"script":"<script> [776 bytes]","args":[{"enterText":"Heavy Equi","selector":{"id":"application-manageresources-display-component---newResourceUnit--PLANNING_GROUP","interaction":{"idSuffix":"inner"}},"clearTextFirst":true,"interactionType":"ENTER_TEXT"}]}
RESULT: {}
RESULT: {"script":"<script> [776 bytes]","args":[{"enterText":"Heavy Equi","selector":{"id":"application-manageresources-display-component---newResourceUnit--PLANNING_GROUP","interaction":{"idSuffix":"inner"}},"clearTextFirst":true,"interactionType":"ENTER_TEXT"}]}
COMMAND: POST /session/9eab2abfb92109d83111f8a107828286/execute/async - {"script":"<script> [1562 bytes]","args":[{"selector":{"id":"application-manageresources-display-component---newResourceUnit--ITEM_TYPE-arrow"},"wdio_ui5_key":"applicationmanageresources-display-component---newResourceUnit--ITEM_TYPE-arrow"}]}
RESULT: {"script":"<script> [1562 bytes]","args":[{"selector":{"id":"application-manageresources-display-component---newResourceUnit--ITEM_TYPE-arrow"},"wdio_ui5_key":"applicationmanageresources-display-component---newResourceUnit--ITEM_TYPE-arrow"}]}
RESULT: undefined
COMMAND: POST /session/9eab2abfb92109d83111f8a107828286/element - {"using":"xpath","value":"//*[@id=\"application-manageresources-display-component---newResourceUnit--ITEM_TYPE-arrow\"]"}
RESULT: {"using":"xpath","value":"//*[@id=\"application-manageresources-display-component---newResourceUnit--ITEM_TYPE-arrow\"]"}
COMMAND: POST /session/9eab2abfb92109d83111f8a107828286/element/f.5DB0E6D2BB4820C6A36F69CDDED9F1D7.d.22CE1ACAB62673680A7AC19F6BFF574D.e.14656/click - {}
RESULT: {}
COMMAND: POST /session/9eab2abfb92109d83111f8a107828286/element - {"using":"xpath","value":"(//span[contains(text(), \"Resource Unit\")])[2]"}
COMMAND: GET /session/9eab2abfb92109d83111f8a107828286/screenshot - {}
RESULT: {"using":"xpath","value":"(//span[contains(text(), \"Resource Unit\")])[2]"}
COMMAND: POST /session/9eab2abfb92109d83111f8a107828286/element/f.5DB0E6D2BB4820C6A36F69CDDED9F1D7.d.22CE1ACAB62673680A7AC19F6BFF574D.e.14657/click - {}
RESULT: {}
RESULT: {}
COMMAND: GET /session/9eab2abfb92109d83111f8a107828286/screenshot - {}
RESULT: {}
COMMAND: POST /session/9eab2abfb92109d83111f8a107828286/element - {"using":"css selector","value":"#application-manageresources-display-component---newResourceUnit--btnAddTimeSegment"}
RESULT: {"using":"css selector","value":"#application-manageresources-display-component---newResourceUnit--btnAddTimeSegment"}
COMMAND: GET /session/9eab2abfb92109d83111f8a107828286/element/f.5DB0E6D2BB4820C6A36F69CDDED9F1D7.d.22CE1ACAB62673680A7AC19F6BFF574D.e.14664/rect - {}
RESULT: {}
COMMAND: GET /session/9eab2abfb92109d83111f8a107828286/window/rect - {}
RESULT: {}
COMMAND: POST /session/9eab2abfb92109d83111f8a107828286/execute/sync - {"script":"<script> [92 bytes]","args":[]}
RESULT: {"script":"<script> [92 bytes]","args":[]}
COMMAND: POST /session/9eab2abfb92109d83111f8a107828286/actions - {"actions":[{"id":"action53","type":"wheel","parameters":{},"actions":[{"type":"scroll","x":-1888,"y":-32,"deltaX":0,"deltaY":0,"duration":0,"origin":{"element-6066-11e4-a52e-4f735466cecf":"f.5DB0E6D2BB4820C6A36F69CDDED9F1D7.d.22CE1ACAB62673680A7AC19F6BFF574D.e.14664"}}]}]}
COMMAND: GET /session/9eab2abfb92109d83111f8a107828286/screenshot - {}
RESULT: {}
COMMAND: POST /session/9eab2abfb92109d83111f8a107828286/execute/sync - {"script":"<script> [79 bytes]","args":[{"element-6066-11e4-a52e-4f735466cecf":"f.5DB0E6D2BB4820C6A36F69CDDED9F1D7.d.22CE1ACAB62673680A7AC19F6BFF574D.e.14664","ELEMENT":"f.5DB0E6D2BB4820C6A36F69CDDED9F1D7.d.22CE1ACAB62673680A7AC19F6BFF574D.e.14664"},{"block":"start","inline":"nearest"}]}
RESULT: {"script":"<script> [79 bytes]","args":[{"element-6066-11e4-a52e-4f735466cecf":"f.5DB0E6D2BB4820C6A36F69CDDED9F1D7.d.22CE1ACAB62673680A7AC19F6BFF574D.e.14664","ELEMENT":"f.5DB0E6D2BB4820C6A36F69CDDED9F1D7.d.22CE1ACAB62673680A7AC19F6BFF574D.e.14664"},{"block":"start","inline":"nearest"}]}
COMMAND: POST /session/9eab2abfb92109d83111f8a107828286/execute/async - {"script":"<script> [1562 bytes]","args":[{"selector":{"id":"application-manageresources-display-component---newResourceUnit--btnAddTimeSegment","interaction":{"idSuffix":"inner"}},"wdio_ui5_key":"applicationmanageresources-display-component---newResourceUnit--btnAddTimeSegment"}]}
COMMAND: GET /session/9eab2abfb92109d83111f8a107828286/screenshot - {}
RESULT: {"script":"<script> [1562 bytes]","args":[{"selector":{"id":"application-manageresources-display-component---newResourceUnit--btnAddTimeSegment","interaction":{"idSuffix":"inner"}},"wdio_ui5_key":"applicationmanageresources-display-component---newResourceUnit--btnAddTimeSegment"}]}
RESULT: undefined
COMMAND: POST /session/9eab2abfb92109d83111f8a107828286/element - {"using":"xpath","value":"//*[@id=\"application-manageresources-display-component---newResourceUnit--btnAddTimeSegment\"]"}
RESULT: {}
RESULT: {"using":"xpath","value":"//*[@id=\"application-manageresources-display-component---newResourceUnit--btnAddTimeSegment\"]"}
COMMAND: POST /session/9eab2abfb92109d83111f8a107828286/element/f.5DB0E6D2BB4820C6A36F69CDDED9F1D7.d.22CE1ACAB62673680A7AC19F6BFF574D.e.14664/click - {}
RESULT: {}
COMMAND: GET /session/9eab2abfb92109d83111f8a107828286/screenshot - {}
RESULT: {}
COMMAND: POST /session/9eab2abfb92109d83111f8a107828286/element - {"using":"xpath","value":"//input[@id=\"application-manageresources-display-component---newResourceUnit--idRuTSAdmin-application-manageresources-display-component---newResourceUnit--RUTimeSegment-0-inner\"]"}
RESULT: {"using":"xpath","value":"//input[@id=\"application-manageresources-display-component---newResourceUnit--idRuTSAdmin-application-manageresources-display-component---newResourceUnit--RUTimeSegment-0-inner\"]"}
COMMAND: POST /session/9eab2abfb92109d83111f8a107828286/element/f.5DB0E6D2BB4820C6A36F69CDDED9F1D7.d.22CE1ACAB62673680A7AC19F6BFF574D.e.14670/clear - {}
RESULT: {}
COMMAND: POST /session/9eab2abfb92109d83111f8a107828286/element/f.5DB0E6D2BB4820C6A36F69CDDED9F1D7.d.22CE1ACAB62673680A7AC19F6BFF574D.e.14670/value - {"text":"398"}
COMMAND: GET /session/9eab2abfb92109d83111f8a107828286/screenshot - {}
RESULT: {"text":"398"}
COMMAND: GET /session/9eab2abfb92109d83111f8a107828286/screenshot - {}
RESULT: {}
RESULT: {}
COMMAND: POST /session/9eab2abfb92109d83111f8a107828286/element - {"using":"xpath","value":"//li[.//span[text()='398']]"}
RESULT: {"using":"xpath","value":"//li[.//span[text()='398']]"}
COMMAND: POST /session/9eab2abfb92109d83111f8a107828286/element/f.5DB0E6D2BB4820C6A36F69CDDED9F1D7.d.22CE1ACAB62673680A7AC19F6BFF574D.e.14684/click - {}
RESULT: {}
COMMAND: GET /session/9eab2abfb92109d83111f8a107828286/screenshot - {}
RESULT: {}
COMMAND: POST /session/9eab2abfb92109d83111f8a107828286/element - {"using":"xpath","value":"(//span[contains(@id, \"-application-manageresources-display-component---newResourceUnit--RUTimeSegment-0-arrow\")])[6]"}
RESULT: {"using":"xpath","value":"(//span[contains(@id, \"-application-manageresources-display-component---newResourceUnit--RUTimeSegment-0-arrow\")])[6]"}
COMMAND: POST /session/9eab2abfb92109d83111f8a107828286/element/f.5DB0E6D2BB4820C6A36F69CDDED9F1D7.d.22CE1ACAB62673680A7AC19F6BFF574D.e.14685/click - {}
RESULT: {}
COMMAND: GET /session/9eab2abfb92109d83111f8a107828286/screenshot - {}
RESULT: {}
COMMAND: POST /session/9eab2abfb92109d83111f8a107828286/element - {"using":"xpath","value":"//span[contains(text(), \"PM Order\")]"}
RESULT: {"using":"xpath","value":"//span[contains(text(), \"PM Order\")]"}
COMMAND: POST /session/9eab2abfb92109d83111f8a107828286/element/f.5DB0E6D2BB4820C6A36F69CDDED9F1D7.d.22CE1ACAB62673680A7AC19F6BFF574D.e.14688/click - {}
RESULT: {}
COMMAND: GET /session/9eab2abfb92109d83111f8a107828286/screenshot - {}
RESULT: {}
COMMAND: POST /session/9eab2abfb92109d83111f8a107828286/element - {"using":"xpath","value":"(//span[contains(@id ,\"manageresources-display-component---newResourceUnit--RUTimeSegment-0-vhi\")])[1]"}
RESULT: {"using":"xpath","value":"(//span[contains(@id ,\"manageresources-display-component---newResourceUnit--RUTimeSegment-0-vhi\")])[1]"}
COMMAND: GET /session/9eab2abfb92109d83111f8a107828286/element/f.5DB0E6D2BB4820C6A36F69CDDED9F1D7.d.22CE1ACAB62673680A7AC19F6BFF574D.e.14692/rect - {}
RESULT: {}
COMMAND: GET /session/9eab2abfb92109d83111f8a107828286/window/rect - {}
RESULT: {}
COMMAND: POST /session/9eab2abfb92109d83111f8a107828286/execute/sync - {"script":"<script> [92 bytes]","args":[]}
RESULT: {"script":"<script> [92 bytes]","args":[]}
COMMAND: POST /session/9eab2abfb92109d83111f8a107828286/actions - {"actions":[{"id":"action54","type":"wheel","parameters":{},"actions":[{"type":"scroll","x":-869,"y":-24,"deltaX":0,"deltaY":0,"duration":0,"origin":{"element-6066-11e4-a52e-4f735466cecf":"f.5DB0E6D2BB4820C6A36F69CDDED9F1D7.d.22CE1ACAB62673680A7AC19F6BFF574D.e.14692"}}]}]}
COMMAND: GET /session/9eab2abfb92109d83111f8a107828286/screenshot - {}
RESULT: {"actions":[{"id":"action54","type":"wheel","parameters":{},"actions":[{"type":"scroll","x":-869,"y":-24,"deltaX":0,"deltaY":0,"duration":0,"origin":{"element-6066-11e4-a52e-4f735466cecf":"f.5DB0E6D2BB4820C6A36F69CDDED9F1D7.d.22CE1ACAB62673680A7AC19F6BFF574D.e.14692"}}]}]}
COMMAND: DELETE /session/9eab2abfb92109d83111f8a107828286/actions - {}
COMMAND: GET /session/9eab2abfb92109d83111f8a107828286/screenshot - {}
RESULT: {}
RESULT: {}
COMMAND: GET /session/9eab2abfb92109d83111f8a107828286/screenshot - {}
RESULT: {}
RESULT: {}
COMMAND: POST /session/9eab2abfb92109d83111f8a107828286/element/f.5DB0E6D2BB4820C6A36F69CDDED9F1D7.d.22CE1ACAB62673680A7AC19F6BFF574D.e.14692/click - {}
RESULT: {}
COMMAND: GET /session/9eab2abfb92109d83111f8a107828286/screenshot - {}
RESULT: {}
COMMAND: POST /session/9eab2abfb92109d83111f8a107828286/execute/async - {"script":"<script> [1562 bytes]","args":[{"selector":{"controlType":"sap.m.SearchField","properties":{"placeholder":"Search"},"searchOpenDialogs":true,"interaction":{"idSuffix":"I"}},"wdio_ui5_key":"sapm.SearchField{\"placeholder\":\"Search\"}"}]}
RESULT: {"script":"<script> [1562 bytes]","args":[{"selector":{"controlType":"sap.m.SearchField","properties":{"placeholder":"Search"},"searchOpenDialogs":true,"interaction":{"idSuffix":"I"}},"wdio_ui5_key":"sapm.SearchField{\"placeholder\":\"Search\"}"}]}
RESULT: undefined
COMMAND: POST /session/9eab2abfb92109d83111f8a107828286/execute/async - {"script":"<script> [776 bytes]","args":[{"enterText":"4000360","selector":{"controlType":"sap.m.SearchField","properties":{"placeholder":"Search"},"searchOpenDialogs":true,"interaction":{"idSuffix":"I"}},"clearTextFirst":true,"interactionType":"ENTER_TEXT"}]}
RESULT: {"script":"<script> [776 bytes]","args":[{"enterText":"4000360","selector":{"controlType":"sap.m.SearchField","properties":{"placeholder":"Search"},"searchOpenDialogs":true,"interaction":{"idSuffix":"I"}},"clearTextFirst":true,"interactionType":"ENTER_TEXT"}]}
COMMAND: POST /session/9eab2abfb92109d83111f8a107828286/actions - {"actions":[{"id":"action55","type":"key","parameters":{},"actions":[{"type":"keyDown","value":""},{"type":"pause","duration":10},{"type":"keyUp","value":""}]}]}
RESULT: {"actions":[{"id":"action55","type":"key","parameters":{},"actions":[{"type":"keyDown","value":""},{"type":"pause","duration":10},{"type":"keyUp","value":""}]}]}
COMMAND: GET /session/9eab2abfb92109d83111f8a107828286/screenshot - {}
RESULT: {}
COMMAND: POST /session/9eab2abfb92109d83111f8a107828286/element - {"using":"xpath","value":"//td/div/span[contains(text(), \"BGL Vehicles\")]"}
RESULT: {"using":"xpath","value":"//td/div/span[contains(text(), \"BGL Vehicles\")]"}
COMMAND: POST /session/9eab2abfb92109d83111f8a107828286/element/f.5DB0E6D2BB4820C6A36F69CDDED9F1D7.d.22CE1ACAB62673680A7AC19F6BFF574D.e.14714/click - {}
RESULT: {}
COMMAND: GET /session/9eab2abfb92109d83111f8a107828286/screenshot - {}
RESULT: {}
COMMAND: POST /session/9eab2abfb92109d83111f8a107828286/element - {"using":"xpath","value":"//bdi[contains(text(), \"OK\")]"}
RESULT: {"using":"xpath","value":"//bdi[contains(text(), \"OK\")]"}
COMMAND: POST /session/9eab2abfb92109d83111f8a107828286/element/f.5DB0E6D2BB4820C6A36F69CDDED9F1D7.d.22CE1ACAB62673680A7AC19F6BFF574D.e.14715/click - {}
RESULT: {}
COMMAND: GET /session/9eab2abfb92109d83111f8a107828286/screenshot - {}
RESULT: {}
COMMAND: POST /session/9eab2abfb92109d83111f8a107828286/execute/async - {"script":"<script> [1562 bytes]","args":[{"selector":{"id":"application-manageresources-display-component---newResourceUnit--newRRUPage-anchBar-application-manageresources-display-component---newResourceUnit--resource-anchor","interaction":{"idSuffix":"BDI-content"}},"wdio_ui5_key":"applicationmanageresources-display-component---newResourceUnit--newRRUPage-anchBar-application-manageresources-display-component---newResourceUnit--resource-anchor"}]}
RESULT: {"script":"<script> [1562 bytes]","args":[{"selector":{"id":"application-manageresources-display-component---newResourceUnit--newRRUPage-anchBar-application-manageresources-display-component---newResourceUnit--resource-anchor","interaction":{"idSuffix":"BDI-content"}},"wdio_ui5_key":"applicationmanageresources-display-component---newResourceUnit--newRRUPage-anchBar-application-manageresources-display-component---newResourceUnit--resource-anchor"}]}
RESULT: undefined
COMMAND: POST /session/9eab2abfb92109d83111f8a107828286/element - {"using":"xpath","value":"//*[@id=\"application-manageresources-display-component---newResourceUnit--newRRUPage-anchBar-application-manageresources-display-component---newResourceUnit--resource-anchor\"]"}
RESULT: {"using":"xpath","value":"//*[@id=\"application-manageresources-display-component---newResourceUnit--newRRUPage-anchBar-application-manageresources-display-component---newResourceUnit--resource-anchor\"]"}
COMMAND: POST /session/9eab2abfb92109d83111f8a107828286/element/f.5DB0E6D2BB4820C6A36F69CDDED9F1D7.d.22CE1ACAB62673680A7AC19F6BFF574D.e.14719/click - {}
RESULT: {}
COMMAND: POST /session/9eab2abfb92109d83111f8a107828286/execute/async - {"script":"<script> [1562 bytes]","args":[{"selector":{"id":"application-manageresources-display-component---newResourceUnit--PLANNED_DELIVERY_DATE","interaction":{"idSuffix":"inner"}},"wdio_ui5_key":"applicationmanageresources-display-component---newResourceUnit--PLANNED_DELIVERY_DATE"}]}
COMMAND: GET /session/9eab2abfb92109d83111f8a107828286/screenshot - {}
RESULT: {"script":"<script> [1562 bytes]","args":[{"selector":{"id":"application-manageresources-display-component---newResourceUnit--PLANNED_DELIVERY_DATE","interaction":{"idSuffix":"inner"}},"wdio_ui5_key":"applicationmanageresources-display-component---newResourceUnit--PLANNED_DELIVERY_DATE"}]}
RESULT: undefined
COMMAND: POST /session/9eab2abfb92109d83111f8a107828286/execute/async - {"script":"<script> [6424 bytes]","args":[{"element-6066-11e4-a52e-4f735466cecf":"f.5DB0E6D2BB4820C6A36F69CDDED9F1D7.d.22CE1ACAB62673680A7AC19F6BFF574D.e.14547"},"setValue",["5/27/25"]]}
RESULT: {}
RESULT: {"script":"<script> [6424 bytes]","args":[{"element-6066-11e4-a52e-4f735466cecf":"f.5DB0E6D2BB4820C6A36F69CDDED9F1D7.d.22CE1ACAB62673680A7AC19F6BFF574D.e.14547"},"setValue",["5/27/25"]]}
COMMAND: POST /session/9eab2abfb92109d83111f8a107828286/element - {"using":"xpath","value":"//label[contains(@class, 'sapMLabelRequired') and .//bdi[contains(text(), 'Planned Retirement')]]"}
RESULT: {"using":"xpath","value":"//label[contains(@class, 'sapMLabelRequired') and .//bdi[contains(text(), 'Planned Retirement')]]"}
COMMAND: POST /session/9eab2abfb92109d83111f8a107828286/elements - {"using":"xpath","value":"//label[contains(@class, 'sapMLabelRequired') and .//bdi[contains(text(), 'Planned Retirement')]]"}
RESULT: {"using":"xpath","value":"//label[contains(@class, 'sapMLabelRequired') and .//bdi[contains(text(), 'Planned Retirement')]]"}
COMMAND: POST /session/9eab2abfb92109d83111f8a107828286/element - {"using":"xpath","value":"//button[@data-kt=\"resourceUnitSaveButton\"]"}
RESULT: {"using":"xpath","value":"//button[@data-kt=\"resourceUnitSaveButton\"]"}
COMMAND: POST /session/9eab2abfb92109d83111f8a107828286/element/f.5DB0E6D2BB4820C6A36F69CDDED9F1D7.d.22CE1ACAB62673680A7AC19F6BFF574D.e.14506/click - {}
RESULT: {}
COMMAND: GET /session/9eab2abfb92109d83111f8a107828286/screenshot - {}
RESULT: {}
COMMAND: POST /session/9eab2abfb92109d83111f8a107828286/element - {"using":"xpath","value":"//bdi[contains(text(), \"Close\")]"}
RESULT: {"using":"xpath","value":"//bdi[contains(text(), \"Close\")]"}
COMMAND: POST /session/9eab2abfb92109d83111f8a107828286/element/f.5DB0E6D2BB4820C6A36F69CDDED9F1D7.d.22CE1ACAB62673680A7AC19F6BFF574D.e.14727/click - {}
RESULT: {}
COMMAND: GET /session/9eab2abfb92109d83111f8a107828286/screenshot - {}
RESULT: {}
COMMAND: POST /session/9eab2abfb92109d83111f8a107828286/element - {"using":"xpath","value":"(//button[contains(@id ,\"actionsToolbar-overflowButton\")])[1]"}
RESULT: {"using":"xpath","value":"(//button[contains(@id ,\"actionsToolbar-overflowButton\")])[1]"}
COMMAND: POST /session/9eab2abfb92109d83111f8a107828286/element/f.5DB0E6D2BB4820C6A36F69CDDED9F1D7.d.22CE1ACAB62673680A7AC19F6BFF574D.e.14759/click - {}
RESULT: {}
COMMAND: GET /session/9eab2abfb92109d83111f8a107828286/screenshot - {}
RESULT: {}
COMMAND: POST /session/9eab2abfb92109d83111f8a107828286/element - {"using":"xpath","value":"//button[@data-kt=\"priceInfoButton\"]"}
RESULT: {"using":"xpath","value":"//button[@data-kt=\"priceInfoButton\"]"}
COMMAND: POST /session/9eab2abfb92109d83111f8a107828286/element/f.5DB0E6D2BB4820C6A36F69CDDED9F1D7.d.22CE1ACAB62673680A7AC19F6BFF574D.e.14761/click - {}
RESULT: {}
COMMAND: GET /session/9eab2abfb92109d83111f8a107828286/screenshot - {}
]]></system-out>
    </testcase>
    <testcase classname="chrome.136_0_7103_93.windows.Performance_based_billing_(work_days)_US139742" name="Should create a pricing rule perf based on the equipment" time="57.1">
      <system-out><![CDATA[
COMMAND: POST /session/9eab2abfb92109d83111f8a107828286/element - {"using":"xpath","value":"//button[@data-kt=\"addButton\"]"}
RESULT: {}
RESULT: {"using":"xpath","value":"//button[@data-kt=\"addButton\"]"}
COMMAND: POST /session/9eab2abfb92109d83111f8a107828286/elements - {"using":"xpath","value":"//button[@data-kt=\"addButton\"]"}
RESULT: {"using":"xpath","value":"//button[@data-kt=\"addButton\"]"}
COMMAND: POST /session/9eab2abfb92109d83111f8a107828286/execute/sync - {"script":"<script> [8489 bytes]","args":[{"element-6066-11e4-a52e-4f735466cecf":"f.5DB0E6D2BB4820C6A36F69CDDED9F1D7.d.22CE1ACAB62673680A7AC19F6BFF574D.e.14797","ELEMENT":"f.5DB0E6D2BB4820C6A36F69CDDED9F1D7.d.22CE1ACAB62673680A7AC19F6BFF574D.e.14797"}]}
RESULT: {"script":"<script> [8489 bytes]","args":[{"element-6066-11e4-a52e-4f735466cecf":"f.5DB0E6D2BB4820C6A36F69CDDED9F1D7.d.22CE1ACAB62673680A7AC19F6BFF574D.e.14797","ELEMENT":"f.5DB0E6D2BB4820C6A36F69CDDED9F1D7.d.22CE1ACAB62673680A7AC19F6BFF574D.e.14797"}]}
COMMAND: GET /session/9eab2abfb92109d83111f8a107828286/element/f.5DB0E6D2BB4820C6A36F69CDDED9F1D7.d.22CE1ACAB62673680A7AC19F6BFF574D.e.14797/enabled - {}
COMMAND: GET /session/9eab2abfb92109d83111f8a107828286/screenshot - {}
RESULT: {}
COMMAND: POST /session/9eab2abfb92109d83111f8a107828286/execute/sync - {"script":"<script> [8489 bytes]","args":[{"element-6066-11e4-a52e-4f735466cecf":"f.5DB0E6D2BB4820C6A36F69CDDED9F1D7.d.22CE1ACAB62673680A7AC19F6BFF574D.e.14797","ELEMENT":"f.5DB0E6D2BB4820C6A36F69CDDED9F1D7.d.22CE1ACAB62673680A7AC19F6BFF574D.e.14797"}]}
COMMAND: GET /session/9eab2abfb92109d83111f8a107828286/screenshot - {}
RESULT: {}
RESULT: {"script":"<script> [8489 bytes]","args":[{"element-6066-11e4-a52e-4f735466cecf":"f.5DB0E6D2BB4820C6A36F69CDDED9F1D7.d.22CE1ACAB62673680A7AC19F6BFF574D.e.14797","ELEMENT":"f.5DB0E6D2BB4820C6A36F69CDDED9F1D7.d.22CE1ACAB62673680A7AC19F6BFF574D.e.14797"}]}
COMMAND: POST /session/9eab2abfb92109d83111f8a107828286/execute/sync - {"script":"<script> [5351 bytes]","args":[{"element-6066-11e4-a52e-4f735466cecf":"f.5DB0E6D2BB4820C6A36F69CDDED9F1D7.d.22CE1ACAB62673680A7AC19F6BFF574D.e.14797","ELEMENT":"f.5DB0E6D2BB4820C6A36F69CDDED9F1D7.d.22CE1ACAB62673680A7AC19F6BFF574D.e.14797"}]}
COMMAND: GET /session/9eab2abfb92109d83111f8a107828286/screenshot - {}
RESULT: {}
RESULT: {"script":"<script> [5351 bytes]","args":[{"element-6066-11e4-a52e-4f735466cecf":"f.5DB0E6D2BB4820C6A36F69CDDED9F1D7.d.22CE1ACAB62673680A7AC19F6BFF574D.e.14797","ELEMENT":"f.5DB0E6D2BB4820C6A36F69CDDED9F1D7.d.22CE1ACAB62673680A7AC19F6BFF574D.e.14797"}]}
COMMAND: POST /session/9eab2abfb92109d83111f8a107828286/element/f.5DB0E6D2BB4820C6A36F69CDDED9F1D7.d.22CE1ACAB62673680A7AC19F6BFF574D.e.14797/click - {}
COMMAND: GET /session/9eab2abfb92109d83111f8a107828286/screenshot - {}
RESULT: {}
RESULT: {}
COMMAND: GET /session/9eab2abfb92109d83111f8a107828286/screenshot - {}
RESULT: {}
RESULT: {}
COMMAND: POST /session/9eab2abfb92109d83111f8a107828286/execute/async - {"script":"<script> [1562 bytes]","args":[{"selector":{"controlType":"sap.m.Title","viewName":"etm.portal.ui.managepricingrules.view.NewItem","viewId":"application-managepricingrules-display-component---newInfoPriceItem","properties":{"text":"New Pricing Rules - Item Level"}},"wdio_ui5_key":"etmportal.ui.managepricingrules.view.NewItemsap.m.Title{\"text\":\"New Pricing Rules - Item Level\"}"}]}
RESULT: {"script":"<script> [1562 bytes]","args":[{"selector":{"controlType":"sap.m.Title","viewName":"etm.portal.ui.managepricingrules.view.NewItem","viewId":"application-managepricingrules-display-component---newInfoPriceItem","properties":{"text":"New Pricing Rules - Item Level"}},"wdio_ui5_key":"etmportal.ui.managepricingrules.view.NewItemsap.m.Title{\"text\":\"New Pricing Rules - Item Level\"}"}]}
RESULT: undefined
COMMAND: POST /session/9eab2abfb92109d83111f8a107828286/execute/async - {"script":"<script> [6424 bytes]","args":[{"element-6066-11e4-a52e-4f735466cecf":"f.5DB0E6D2BB4820C6A36F69CDDED9F1D7.d.22CE1ACAB62673680A7AC19F6BFF574D.e.14924"},"getText",[]]}
RESULT: {"script":"<script> [6424 bytes]","args":[{"element-6066-11e4-a52e-4f735466cecf":"f.5DB0E6D2BB4820C6A36F69CDDED9F1D7.d.22CE1ACAB62673680A7AC19F6BFF574D.e.14924"},"getText",[]]}
COMMAND: POST /session/9eab2abfb92109d83111f8a107828286/execute/async - {"script":"<script> [1562 bytes]","args":[{"selector":{"id":"application-managepricingrules-display-component---newInfoPriceItem--condValidTo","interaction":{"idSuffix":"inner"}},"wdio_ui5_key":"applicationmanagepricingrules-display-component---newInfoPriceItem--condValidTo"}]}
RESULT: {"script":"<script> [1562 bytes]","args":[{"selector":{"id":"application-managepricingrules-display-component---newInfoPriceItem--condValidTo","interaction":{"idSuffix":"inner"}},"wdio_ui5_key":"applicationmanagepricingrules-display-component---newInfoPriceItem--condValidTo"}]}
RESULT: undefined
COMMAND: POST /session/9eab2abfb92109d83111f8a107828286/execute/async - {"script":"<script> [776 bytes]","args":[{"enterText":"1/27/26","selector":{"id":"application-managepricingrules-display-component---newInfoPriceItem--condValidTo","interaction":{"idSuffix":"inner"}},"clearTextFirst":true,"interactionType":"ENTER_TEXT"}]}
RESULT: {"script":"<script> [776 bytes]","args":[{"enterText":"1/27/26","selector":{"id":"application-managepricingrules-display-component---newInfoPriceItem--condValidTo","interaction":{"idSuffix":"inner"}},"clearTextFirst":true,"interactionType":"ENTER_TEXT"}]}
COMMAND: POST /session/9eab2abfb92109d83111f8a107828286/execute/async - {"script":"<script> [1562 bytes]","args":[{"selector":{"id":"application-managepricingrules-display-component---newInfoPriceItem--billType-arrow"},"wdio_ui5_key":"applicationmanagepricingrules-display-component---newInfoPriceItem--billType-arrow"}]}
RESULT: {"script":"<script> [1562 bytes]","args":[{"selector":{"id":"application-managepricingrules-display-component---newInfoPriceItem--billType-arrow"},"wdio_ui5_key":"applicationmanagepricingrules-display-component---newInfoPriceItem--billType-arrow"}]}
RESULT: undefined
COMMAND: POST /session/9eab2abfb92109d83111f8a107828286/element - {"using":"xpath","value":"//*[@id=\"application-managepricingrules-display-component---newInfoPriceItem--billType-arrow\"]"}
RESULT: {"using":"xpath","value":"//*[@id=\"application-managepricingrules-display-component---newInfoPriceItem--billType-arrow\"]"}
COMMAND: POST /session/9eab2abfb92109d83111f8a107828286/element/f.5DB0E6D2BB4820C6A36F69CDDED9F1D7.d.22CE1ACAB62673680A7AC19F6BFF574D.e.14926/click - {}
RESULT: {}
COMMAND: POST /session/9eab2abfb92109d83111f8a107828286/element - {"using":"xpath","value":"//span[contains(text(), \"PB - Performance based\")]"}
COMMAND: GET /session/9eab2abfb92109d83111f8a107828286/screenshot - {}
RESULT: {"using":"xpath","value":"//span[contains(text(), \"PB - Performance based\")]"}
COMMAND: POST /session/9eab2abfb92109d83111f8a107828286/element/f.5DB0E6D2BB4820C6A36F69CDDED9F1D7.d.22CE1ACAB62673680A7AC19F6BFF574D.e.14927/click - {}
RESULT: {}
RESULT: {}
COMMAND: POST /session/9eab2abfb92109d83111f8a107828286/execute/async - {"script":"<script> [1562 bytes]","args":[{"selector":{"id":"application-managepricingrules-display-component---newInfoPriceItem--priceProc-arrow"},"wdio_ui5_key":"applicationmanagepricingrules-display-component---newInfoPriceItem--priceProc-arrow"}]}
COMMAND: GET /session/9eab2abfb92109d83111f8a107828286/screenshot - {}
RESULT: {"script":"<script> [1562 bytes]","args":[{"selector":{"id":"application-managepricingrules-display-component---newInfoPriceItem--priceProc-arrow"},"wdio_ui5_key":"applicationmanagepricingrules-display-component---newInfoPriceItem--priceProc-arrow"}]}
RESULT: undefined
COMMAND: POST /session/9eab2abfb92109d83111f8a107828286/element - {"using":"xpath","value":"//*[@id=\"application-managepricingrules-display-component---newInfoPriceItem--priceProc-arrow\"]"}
RESULT: {}
RESULT: {"using":"xpath","value":"//*[@id=\"application-managepricingrules-display-component---newInfoPriceItem--priceProc-arrow\"]"}
COMMAND: POST /session/9eab2abfb92109d83111f8a107828286/element/f.5DB0E6D2BB4820C6A36F69CDDED9F1D7.d.22CE1ACAB62673680A7AC19F6BFF574D.e.14928/click - {}
RESULT: {}
COMMAND: POST /session/9eab2abfb92109d83111f8a107828286/element - {"using":"xpath","value":"//span[contains(text(), \"PRF - Performance based\")]"}
COMMAND: GET /session/9eab2abfb92109d83111f8a107828286/screenshot - {}
RESULT: {"using":"xpath","value":"//span[contains(text(), \"PRF - Performance based\")]"}
COMMAND: POST /session/9eab2abfb92109d83111f8a107828286/element/f.5DB0E6D2BB4820C6A36F69CDDED9F1D7.d.22CE1ACAB62673680A7AC19F6BFF574D.e.14929/click - {}
RESULT: {}
RESULT: {}
COMMAND: POST /session/9eab2abfb92109d83111f8a107828286/execute/async - {"script":"<script> [1562 bytes]","args":[{"selector":{"id":"application-managepricingrules-display-component---newInfoPriceItem--calcBase-arrow"},"wdio_ui5_key":"applicationmanagepricingrules-display-component---newInfoPriceItem--calcBase-arrow"}]}
COMMAND: GET /session/9eab2abfb92109d83111f8a107828286/screenshot - {}
RESULT: {"script":"<script> [1562 bytes]","args":[{"selector":{"id":"application-managepricingrules-display-component---newInfoPriceItem--calcBase-arrow"},"wdio_ui5_key":"applicationmanagepricingrules-display-component---newInfoPriceItem--calcBase-arrow"}]}
RESULT: undefined
COMMAND: POST /session/9eab2abfb92109d83111f8a107828286/element - {"using":"xpath","value":"//*[@id=\"application-managepricingrules-display-component---newInfoPriceItem--calcBase-arrow\"]"}
RESULT: {}
RESULT: {"using":"xpath","value":"//*[@id=\"application-managepricingrules-display-component---newInfoPriceItem--calcBase-arrow\"]"}
COMMAND: POST /session/9eab2abfb92109d83111f8a107828286/element/f.5DB0E6D2BB4820C6A36F69CDDED9F1D7.d.22CE1ACAB62673680A7AC19F6BFF574D.e.14900/click - {}
RESULT: {}
COMMAND: GET /session/9eab2abfb92109d83111f8a107828286/screenshot - {}
RESULT: {}
COMMAND: POST /session/9eab2abfb92109d83111f8a107828286/element - {"using":"xpath","value":"//span[contains(text(), \"0007 - PB(work days)\")]"}
RESULT: {"using":"xpath","value":"//span[contains(text(), \"0007 - PB(work days)\")]"}
COMMAND: POST /session/9eab2abfb92109d83111f8a107828286/element/f.5DB0E6D2BB4820C6A36F69CDDED9F1D7.d.22CE1ACAB62673680A7AC19F6BFF574D.e.14930/click - {}
RESULT: {}
COMMAND: GET /session/9eab2abfb92109d83111f8a107828286/screenshot - {}
RESULT: {}
COMMAND: POST /session/9eab2abfb92109d83111f8a107828286/execute/async - {"script":"<script> [1562 bytes]","args":[{"selector":{"id":"application-managepricingrules-display-component---newInfoPriceItem--hoursMonth","interaction":{"idSuffix":"inner"}},"wdio_ui5_key":"applicationmanagepricingrules-display-component---newInfoPriceItem--hoursMonth"}]}
RESULT: {"script":"<script> [1562 bytes]","args":[{"selector":{"id":"application-managepricingrules-display-component---newInfoPriceItem--hoursMonth","interaction":{"idSuffix":"inner"}},"wdio_ui5_key":"applicationmanagepricingrules-display-component---newInfoPriceItem--hoursMonth"}]}
RESULT: undefined
COMMAND: POST /session/9eab2abfb92109d83111f8a107828286/execute/async - {"script":"<script> [776 bytes]","args":[{"enterText":"160","selector":{"id":"application-managepricingrules-display-component---newInfoPriceItem--hoursMonth","interaction":{"idSuffix":"inner"}},"clearTextFirst":true,"interactionType":"ENTER_TEXT"}]}
RESULT: {"script":"<script> [776 bytes]","args":[{"enterText":"160","selector":{"id":"application-managepricingrules-display-component---newInfoPriceItem--hoursMonth","interaction":{"idSuffix":"inner"}},"clearTextFirst":true,"interactionType":"ENTER_TEXT"}]}
COMMAND: POST /session/9eab2abfb92109d83111f8a107828286/element - {"using":"xpath","value":"//button[@data-kt=\"saveNewRuleButton\"]"}
RESULT: {"using":"xpath","value":"//button[@data-kt=\"saveNewRuleButton\"]"}
COMMAND: POST /session/9eab2abfb92109d83111f8a107828286/element/f.5DB0E6D2BB4820C6A36F69CDDED9F1D7.d.22CE1ACAB62673680A7AC19F6BFF574D.e.14912/click - {}
RESULT: {}
COMMAND: GET /session/9eab2abfb92109d83111f8a107828286/screenshot - {}
RESULT: {}
COMMAND: POST /session/9eab2abfb92109d83111f8a107828286/execute/async - {"script":"<script> [1562 bytes]","args":[{"selector":{"id":"application-managepricingrules-display-component---priceInfoItem--smartFilterBar-btnBasicSearch","interaction":{"idSuffix":"I"}},"wdio_ui5_key":"applicationmanagepricingrules-display-component---priceInfoItem--smartFilterBar-btnBasicSearch"}]}
RESULT: {"script":"<script> [1562 bytes]","args":[{"selector":{"id":"application-managepricingrules-display-component---priceInfoItem--smartFilterBar-btnBasicSearch","interaction":{"idSuffix":"I"}},"wdio_ui5_key":"applicationmanagepricingrules-display-component---priceInfoItem--smartFilterBar-btnBasicSearch"}]}
RESULT: undefined
COMMAND: POST /session/9eab2abfb92109d83111f8a107828286/execute/async - {"script":"<script> [776 bytes]","args":[{"enterText":"1vW820URHx","selector":{"id":"application-managepricingrules-display-component---priceInfoItem--smartFilterBar-btnBasicSearch","interaction":{"idSuffix":"I"}},"clearTextFirst":true,"interactionType":"ENTER_TEXT"}]}
RESULT: {"script":"<script> [776 bytes]","args":[{"enterText":"1vW820URHx","selector":{"id":"application-managepricingrules-display-component---priceInfoItem--smartFilterBar-btnBasicSearch","interaction":{"idSuffix":"I"}},"clearTextFirst":true,"interactionType":"ENTER_TEXT"}]}
COMMAND: POST /session/9eab2abfb92109d83111f8a107828286/actions - {"actions":[{"id":"action56","type":"key","parameters":{},"actions":[{"type":"keyDown","value":""},{"type":"pause","duration":10},{"type":"keyUp","value":""}]}]}
RESULT: {"actions":[{"id":"action56","type":"key","parameters":{},"actions":[{"type":"keyDown","value":""},{"type":"pause","duration":10},{"type":"keyUp","value":""}]}]}
COMMAND: GET /session/9eab2abfb92109d83111f8a107828286/screenshot - {}
RESULT: {}
COMMAND: POST /session/9eab2abfb92109d83111f8a107828286/element - {"using":"xpath","value":"//span[@id=\"application-managepricingrules-display-component---priceInfoItem--smartTable-header-inner\"]"}
RESULT: {"using":"xpath","value":"//span[@id=\"application-managepricingrules-display-component---priceInfoItem--smartTable-header-inner\"]"}
COMMAND: POST /session/9eab2abfb92109d83111f8a107828286/elements - {"using":"xpath","value":"//span[@id=\"application-managepricingrules-display-component---priceInfoItem--smartTable-header-inner\"]"}
RESULT: {"using":"xpath","value":"//span[@id=\"application-managepricingrules-display-component---priceInfoItem--smartTable-header-inner\"]"}
COMMAND: POST /session/9eab2abfb92109d83111f8a107828286/execute/sync - {"script":"<script> [56 bytes]","args":[{"element-6066-11e4-a52e-4f735466cecf":"f.5DB0E6D2BB4820C6A36F69CDDED9F1D7.d.22CE1ACAB62673680A7AC19F6BFF574D.e.14955","ELEMENT":"f.5DB0E6D2BB4820C6A36F69CDDED9F1D7.d.22CE1ACAB62673680A7AC19F6BFF574D.e.14955"}]}
RESULT: {"script":"<script> [56 bytes]","args":[{"element-6066-11e4-a52e-4f735466cecf":"f.5DB0E6D2BB4820C6A36F69CDDED9F1D7.d.22CE1ACAB62673680A7AC19F6BFF574D.e.14955","ELEMENT":"f.5DB0E6D2BB4820C6A36F69CDDED9F1D7.d.22CE1ACAB62673680A7AC19F6BFF574D.e.14955"}]}
COMMAND: POST /session/9eab2abfb92109d83111f8a107828286/element - {"using":"css selector","value":"#shell-header-logo"}
COMMAND: GET /session/9eab2abfb92109d83111f8a107828286/screenshot - {}
RESULT: {"using":"css selector","value":"#shell-header-logo"}
COMMAND: POST /session/9eab2abfb92109d83111f8a107828286/element/f.5DB0E6D2BB4820C6A36F69CDDED9F1D7.d.22CE1ACAB62673680A7AC19F6BFF574D.e.14102/click - {}
RESULT: {}
RESULT: {}
COMMAND: GET /session/9eab2abfb92109d83111f8a107828286/screenshot - {}
RESULT: {}
]]></system-out>
    </testcase>
    <testcase classname="chrome.136_0_7103_93.windows.Performance_based_billing_(work_days)_US139742" name="Should create a performance based billing condition on the equipment" time="71.756">
      <system-out><![CDATA[
COMMAND: POST /session/9eab2abfb92109d83111f8a107828286/execute/async - {"script":"<script> [1562 bytes]","args":[{"selector":{"controlType":"sap.m.GenericTile","properties":{"header":"Manage Conditions & Prices"}},"wdio_ui5_key":"sapm.GenericTile{\"header\":\"Manage Conditions & Prices\"}"}]}
RESULT: {"script":"<script> [1562 bytes]","args":[{"selector":{"controlType":"sap.m.GenericTile","properties":{"header":"Manage Conditions & Prices"}},"wdio_ui5_key":"sapm.GenericTile{\"header\":\"Manage Conditions & Prices\"}"}]}
RESULT: undefined
COMMAND: POST /session/9eab2abfb92109d83111f8a107828286/element - {"using":"xpath","value":"//*[@id=\"__tile53\"]"}
RESULT: {"using":"xpath","value":"//*[@id=\"__tile53\"]"}
COMMAND: POST /session/9eab2abfb92109d83111f8a107828286/element/f.5DB0E6D2BB4820C6A36F69CDDED9F1D7.d.22CE1ACAB62673680A7AC19F6BFF574D.e.14038/click - {}
RESULT: {}
COMMAND: GET /session/9eab2abfb92109d83111f8a107828286/screenshot - {}
COMMAND: POST /session/9eab2abfb92109d83111f8a107828286/elements - {"using":"xpath","value":"//span[text()='Error']"}
RESULT: {}
RESULT: {"using":"xpath","value":"//span[text()='Error']"}
COMMAND: POST /session/9eab2abfb92109d83111f8a107828286/element - {"using":"xpath","value":"//button[@aria-label=\"Create\"]"}
RESULT: {"using":"xpath","value":"//button[@aria-label=\"Create\"]"}
COMMAND: POST /session/9eab2abfb92109d83111f8a107828286/elements - {"using":"xpath","value":"//button[@aria-label=\"Create\"]"}
RESULT: {"using":"xpath","value":"//button[@aria-label=\"Create\"]"}
COMMAND: POST /session/9eab2abfb92109d83111f8a107828286/execute/sync - {"script":"<script> [8489 bytes]","args":[{"element-6066-11e4-a52e-4f735466cecf":"f.5DB0E6D2BB4820C6A36F69CDDED9F1D7.d.22CE1ACAB62673680A7AC19F6BFF574D.e.14991","ELEMENT":"f.5DB0E6D2BB4820C6A36F69CDDED9F1D7.d.22CE1ACAB62673680A7AC19F6BFF574D.e.14991"}]}
RESULT: {"script":"<script> [8489 bytes]","args":[{"element-6066-11e4-a52e-4f735466cecf":"f.5DB0E6D2BB4820C6A36F69CDDED9F1D7.d.22CE1ACAB62673680A7AC19F6BFF574D.e.14991","ELEMENT":"f.5DB0E6D2BB4820C6A36F69CDDED9F1D7.d.22CE1ACAB62673680A7AC19F6BFF574D.e.14991"}]}
COMMAND: GET /session/9eab2abfb92109d83111f8a107828286/element/f.5DB0E6D2BB4820C6A36F69CDDED9F1D7.d.22CE1ACAB62673680A7AC19F6BFF574D.e.14991/enabled - {}
COMMAND: GET /session/9eab2abfb92109d83111f8a107828286/screenshot - {}
RESULT: {}
COMMAND: POST /session/9eab2abfb92109d83111f8a107828286/execute/sync - {"script":"<script> [8489 bytes]","args":[{"element-6066-11e4-a52e-4f735466cecf":"f.5DB0E6D2BB4820C6A36F69CDDED9F1D7.d.22CE1ACAB62673680A7AC19F6BFF574D.e.14991","ELEMENT":"f.5DB0E6D2BB4820C6A36F69CDDED9F1D7.d.22CE1ACAB62673680A7AC19F6BFF574D.e.14991"}]}
COMMAND: GET /session/9eab2abfb92109d83111f8a107828286/screenshot - {}
RESULT: {}
RESULT: {"script":"<script> [8489 bytes]","args":[{"element-6066-11e4-a52e-4f735466cecf":"f.5DB0E6D2BB4820C6A36F69CDDED9F1D7.d.22CE1ACAB62673680A7AC19F6BFF574D.e.14991","ELEMENT":"f.5DB0E6D2BB4820C6A36F69CDDED9F1D7.d.22CE1ACAB62673680A7AC19F6BFF574D.e.14991"}]}
COMMAND: POST /session/9eab2abfb92109d83111f8a107828286/execute/sync - {"script":"<script> [5351 bytes]","args":[{"element-6066-11e4-a52e-4f735466cecf":"f.5DB0E6D2BB4820C6A36F69CDDED9F1D7.d.22CE1ACAB62673680A7AC19F6BFF574D.e.14991","ELEMENT":"f.5DB0E6D2BB4820C6A36F69CDDED9F1D7.d.22CE1ACAB62673680A7AC19F6BFF574D.e.14991"}]}
COMMAND: GET /session/9eab2abfb92109d83111f8a107828286/screenshot - {}
RESULT: {}
RESULT: {"script":"<script> [5351 bytes]","args":[{"element-6066-11e4-a52e-4f735466cecf":"f.5DB0E6D2BB4820C6A36F69CDDED9F1D7.d.22CE1ACAB62673680A7AC19F6BFF574D.e.14991","ELEMENT":"f.5DB0E6D2BB4820C6A36F69CDDED9F1D7.d.22CE1ACAB62673680A7AC19F6BFF574D.e.14991"}]}
COMMAND: POST /session/9eab2abfb92109d83111f8a107828286/element/f.5DB0E6D2BB4820C6A36F69CDDED9F1D7.d.22CE1ACAB62673680A7AC19F6BFF574D.e.14991/click - {}
COMMAND: GET /session/9eab2abfb92109d83111f8a107828286/screenshot - {}
RESULT: {}
RESULT: {}
COMMAND: GET /session/9eab2abfb92109d83111f8a107828286/screenshot - {}
RESULT: {}
RESULT: {}
COMMAND: POST /session/9eab2abfb92109d83111f8a107828286/actions - {"actions":[{"id":"action57","type":"key","parameters":{},"actions":[{"type":"keyDown","value":""},{"type":"pause","duration":10},{"type":"keyUp","value":""}]}]}
RESULT: {"actions":[{"id":"action57","type":"key","parameters":{},"actions":[{"type":"keyDown","value":""},{"type":"pause","duration":10},{"type":"keyUp","value":""}]}]}
COMMAND: GET /session/9eab2abfb92109d83111f8a107828286/screenshot - {}
RESULT: {}
COMMAND: POST /session/9eab2abfb92109d83111f8a107828286/execute/async - {"script":"<script> [1562 bytes]","args":[{"selector":{"id":"application-manageconditionprice-display-component---newCondition--condBillCond-arrow"},"wdio_ui5_key":"applicationmanageconditionprice-display-component---newCondition--condBillCond-arrow"}]}
RESULT: {"script":"<script> [1562 bytes]","args":[{"selector":{"id":"application-manageconditionprice-display-component---newCondition--condBillCond-arrow"},"wdio_ui5_key":"applicationmanageconditionprice-display-component---newCondition--condBillCond-arrow"}]}
RESULT: undefined
COMMAND: POST /session/9eab2abfb92109d83111f8a107828286/element - {"using":"xpath","value":"//*[@id=\"application-manageconditionprice-display-component---newCondition--condBillCond-arrow\"]"}
RESULT: {"using":"xpath","value":"//*[@id=\"application-manageconditionprice-display-component---newCondition--condBillCond-arrow\"]"}
COMMAND: POST /session/9eab2abfb92109d83111f8a107828286/element/f.5DB0E6D2BB4820C6A36F69CDDED9F1D7.d.22CE1ACAB62673680A7AC19F6BFF574D.e.15170/click - {}
RESULT: {}
COMMAND: GET /session/9eab2abfb92109d83111f8a107828286/screenshot - {}
RESULT: {}
COMMAND: POST /session/9eab2abfb92109d83111f8a107828286/element - {"using":"xpath","value":"//li[.//span[contains(text(), \"PC06 - Performance Price - fuel\")]]"}
RESULT: {"using":"xpath","value":"//li[.//span[contains(text(), \"PC06 - Performance Price - fuel\")]]"}
COMMAND: POST /session/9eab2abfb92109d83111f8a107828286/element/f.5DB0E6D2BB4820C6A36F69CDDED9F1D7.d.22CE1ACAB62673680A7AC19F6BFF574D.e.15173/click - {}
RESULT: {}
COMMAND: GET /session/9eab2abfb92109d83111f8a107828286/screenshot - {}
RESULT: {}
COMMAND: POST /session/9eab2abfb92109d83111f8a107828286/execute/async - {"script":"<script> [1562 bytes]","args":[{"selector":{"id":"application-manageconditionprice-display-component---newCondition--condValidTo","interaction":{"idSuffix":"inner"}},"wdio_ui5_key":"applicationmanageconditionprice-display-component---newCondition--condValidTo"}]}
RESULT: {"script":"<script> [1562 bytes]","args":[{"selector":{"id":"application-manageconditionprice-display-component---newCondition--condValidTo","interaction":{"idSuffix":"inner"}},"wdio_ui5_key":"applicationmanageconditionprice-display-component---newCondition--condValidTo"}]}
RESULT: undefined
COMMAND: POST /session/9eab2abfb92109d83111f8a107828286/execute/async - {"script":"<script> [776 bytes]","args":[{"enterText":"1/27/26","selector":{"id":"application-manageconditionprice-display-component---newCondition--condValidTo","interaction":{"idSuffix":"inner"}},"clearTextFirst":true,"interactionType":"ENTER_TEXT"}]}
RESULT: {"script":"<script> [776 bytes]","args":[{"enterText":"1/27/26","selector":{"id":"application-manageconditionprice-display-component---newCondition--condValidTo","interaction":{"idSuffix":"inner"}},"clearTextFirst":true,"interactionType":"ENTER_TEXT"}]}
COMMAND: POST /session/9eab2abfb92109d83111f8a107828286/element - {"using":"xpath","value":"//input[@id=\"application-manageconditionprice-display-component---newCondition--condRU-inner\"]"}
RESULT: {"using":"xpath","value":"//input[@id=\"application-manageconditionprice-display-component---newCondition--condRU-inner\"]"}
COMMAND: POST /session/9eab2abfb92109d83111f8a107828286/element/f.5DB0E6D2BB4820C6A36F69CDDED9F1D7.d.22CE1ACAB62673680A7AC19F6BFF574D.e.15036/clear - {}
RESULT: {}
COMMAND: POST /session/9eab2abfb92109d83111f8a107828286/element/f.5DB0E6D2BB4820C6A36F69CDDED9F1D7.d.22CE1ACAB62673680A7AC19F6BFF574D.e.15036/value - {"text":"1vW820URHx"}
COMMAND: GET /session/9eab2abfb92109d83111f8a107828286/screenshot - {}
RESULT: {"text":"1vW820URHx"}
COMMAND: GET /session/9eab2abfb92109d83111f8a107828286/screenshot - {}
RESULT: {}
RESULT: {}
COMMAND: POST /session/9eab2abfb92109d83111f8a107828286/actions - {"actions":[{"id":"action58","type":"key","parameters":{},"actions":[{"type":"keyDown","value":""},{"type":"pause","duration":10},{"type":"keyUp","value":""}]}]}
RESULT: {"actions":[{"id":"action58","type":"key","parameters":{},"actions":[{"type":"keyDown","value":""},{"type":"pause","duration":10},{"type":"keyUp","value":""}]}]}
COMMAND: POST /session/9eab2abfb92109d83111f8a107828286/execute/async - {"script":"<script> [1562 bytes]","args":[{"selector":{"id":"application-manageconditionprice-display-component---newCondition--condBaseQty","interaction":{"idSuffix":"inner"}},"wdio_ui5_key":"applicationmanageconditionprice-display-component---newCondition--condBaseQty"}]}
COMMAND: GET /session/9eab2abfb92109d83111f8a107828286/screenshot - {}
RESULT: {"script":"<script> [1562 bytes]","args":[{"selector":{"id":"application-manageconditionprice-display-component---newCondition--condBaseQty","interaction":{"idSuffix":"inner"}},"wdio_ui5_key":"applicationmanageconditionprice-display-component---newCondition--condBaseQty"}]}
RESULT: undefined
COMMAND: POST /session/9eab2abfb92109d83111f8a107828286/execute/async - {"script":"<script> [776 bytes]","args":[{"enterText":"1","selector":{"id":"application-manageconditionprice-display-component---newCondition--condBaseQty","interaction":{"idSuffix":"inner"}},"clearTextFirst":true,"interactionType":"ENTER_TEXT"}]}
RESULT: {}
RESULT: {"script":"<script> [776 bytes]","args":[{"enterText":"1","selector":{"id":"application-manageconditionprice-display-component---newCondition--condBaseQty","interaction":{"idSuffix":"inner"}},"clearTextFirst":true,"interactionType":"ENTER_TEXT"}]}
COMMAND: POST /session/9eab2abfb92109d83111f8a107828286/execute/async - {"script":"<script> [1562 bytes]","args":[{"selector":{"id":"application-manageconditionprice-display-component---newCondition--condValue","interaction":{"idSuffix":"inner"}},"wdio_ui5_key":"applicationmanageconditionprice-display-component---newCondition--condValue"}]}
RESULT: {"script":"<script> [1562 bytes]","args":[{"selector":{"id":"application-manageconditionprice-display-component---newCondition--condValue","interaction":{"idSuffix":"inner"}},"wdio_ui5_key":"applicationmanageconditionprice-display-component---newCondition--condValue"}]}
RESULT: undefined
COMMAND: POST /session/9eab2abfb92109d83111f8a107828286/execute/async - {"script":"<script> [776 bytes]","args":[{"enterText":"10","selector":{"id":"application-manageconditionprice-display-component---newCondition--condValue","interaction":{"idSuffix":"inner"}},"clearTextFirst":true,"interactionType":"ENTER_TEXT"}]}
RESULT: {"script":"<script> [776 bytes]","args":[{"enterText":"10","selector":{"id":"application-manageconditionprice-display-component---newCondition--condValue","interaction":{"idSuffix":"inner"}},"clearTextFirst":true,"interactionType":"ENTER_TEXT"}]}
COMMAND: POST /session/9eab2abfb92109d83111f8a107828286/execute/async - {"script":"<script> [1562 bytes]","args":[{"selector":{"id":"application-manageconditionprice-display-component---newCondition--condCurr-arrow"},"wdio_ui5_key":"applicationmanageconditionprice-display-component---newCondition--condCurr-arrow"}]}
RESULT: {"script":"<script> [1562 bytes]","args":[{"selector":{"id":"application-manageconditionprice-display-component---newCondition--condCurr-arrow"},"wdio_ui5_key":"applicationmanageconditionprice-display-component---newCondition--condCurr-arrow"}]}
RESULT: undefined
COMMAND: POST /session/9eab2abfb92109d83111f8a107828286/element - {"using":"xpath","value":"//*[@id=\"application-manageconditionprice-display-component---newCondition--condCurr-arrow\"]"}
RESULT: {"using":"xpath","value":"//*[@id=\"application-manageconditionprice-display-component---newCondition--condCurr-arrow\"]"}
COMMAND: POST /session/9eab2abfb92109d83111f8a107828286/element/f.5DB0E6D2BB4820C6A36F69CDDED9F1D7.d.22CE1ACAB62673680A7AC19F6BFF574D.e.15127/click - {}
RESULT: {}
COMMAND: POST /session/9eab2abfb92109d83111f8a107828286/element - {"using":"xpath","value":"//span[contains(text(), \"Euro\")]"}
COMMAND: GET /session/9eab2abfb92109d83111f8a107828286/screenshot - {}
RESULT: {"using":"xpath","value":"//span[contains(text(), \"Euro\")]"}
COMMAND: POST /session/9eab2abfb92109d83111f8a107828286/element/f.5DB0E6D2BB4820C6A36F69CDDED9F1D7.d.22CE1ACAB62673680A7AC19F6BFF574D.e.15208/click - {}
RESULT: {}
RESULT: {}
COMMAND: POST /session/9eab2abfb92109d83111f8a107828286/element - {"using":"xpath","value":"//button[@data-kt=\"saveButton\"]"}
COMMAND: GET /session/9eab2abfb92109d83111f8a107828286/screenshot - {}
RESULT: {"using":"xpath","value":"//button[@data-kt=\"saveButton\"]"}
COMMAND: POST /session/9eab2abfb92109d83111f8a107828286/element/f.5DB0E6D2BB4820C6A36F69CDDED9F1D7.d.22CE1ACAB62673680A7AC19F6BFF574D.e.15128/click - {}
RESULT: {}
RESULT: {}
COMMAND: GET /session/9eab2abfb92109d83111f8a107828286/screenshot - {}
RESULT: {}
COMMAND: POST /session/9eab2abfb92109d83111f8a107828286/execute/async - {"script":"<script> [1562 bytes]","args":[{"selector":{"id":"application-manageconditionprice-display-component---conditions--smartFilterBar-btnBasicSearch","interaction":{"idSuffix":"I"}},"wdio_ui5_key":"applicationmanageconditionprice-display-component---conditions--smartFilterBar-btnBasicSearch"}]}
RESULT: {"script":"<script> [1562 bytes]","args":[{"selector":{"id":"application-manageconditionprice-display-component---conditions--smartFilterBar-btnBasicSearch","interaction":{"idSuffix":"I"}},"wdio_ui5_key":"applicationmanageconditionprice-display-component---conditions--smartFilterBar-btnBasicSearch"}]}
RESULT: undefined
COMMAND: POST /session/9eab2abfb92109d83111f8a107828286/execute/async - {"script":"<script> [776 bytes]","args":[{"enterText":"1vW820URHx","selector":{"id":"application-manageconditionprice-display-component---conditions--smartFilterBar-btnBasicSearch","interaction":{"idSuffix":"I"}},"clearTextFirst":true,"interactionType":"ENTER_TEXT"}]}
RESULT: {"script":"<script> [776 bytes]","args":[{"enterText":"1vW820URHx","selector":{"id":"application-manageconditionprice-display-component---conditions--smartFilterBar-btnBasicSearch","interaction":{"idSuffix":"I"}},"clearTextFirst":true,"interactionType":"ENTER_TEXT"}]}
COMMAND: POST /session/9eab2abfb92109d83111f8a107828286/actions - {"actions":[{"id":"action59","type":"key","parameters":{},"actions":[{"type":"keyDown","value":""},{"type":"pause","duration":10},{"type":"keyUp","value":""}]}]}
RESULT: {"actions":[{"id":"action59","type":"key","parameters":{},"actions":[{"type":"keyDown","value":""},{"type":"pause","duration":10},{"type":"keyUp","value":""}]}]}
COMMAND: GET /session/9eab2abfb92109d83111f8a107828286/screenshot - {}
RESULT: {}
COMMAND: POST /session/9eab2abfb92109d83111f8a107828286/execute/async - {"script":"<script> [1562 bytes]","args":[{"selector":{"id":"application-manageconditionprice-display-component---conditions--smartFilterBar-filterItemControl_BASIC-BILL_TYPES-vhi"},"wdio_ui5_key":"applicationmanageconditionprice-display-component---conditions--smartFilterBar-filterItemControl_BASIC-BILL_TYPES-vhi"}]}
RESULT: {"script":"<script> [1562 bytes]","args":[{"selector":{"id":"application-manageconditionprice-display-component---conditions--smartFilterBar-filterItemControl_BASIC-BILL_TYPES-vhi"},"wdio_ui5_key":"applicationmanageconditionprice-display-component---conditions--smartFilterBar-filterItemControl_BASIC-BILL_TYPES-vhi"}]}
RESULT: undefined
COMMAND: POST /session/9eab2abfb92109d83111f8a107828286/element - {"using":"xpath","value":"//*[@id=\"application-manageconditionprice-display-component---conditions--smartFilterBar-filterItemControl_BASIC-BILL_TYPES-vhi\"]"}
RESULT: {"using":"xpath","value":"//*[@id=\"application-manageconditionprice-display-component---conditions--smartFilterBar-filterItemControl_BASIC-BILL_TYPES-vhi\"]"}
COMMAND: POST /session/9eab2abfb92109d83111f8a107828286/element/f.5DB0E6D2BB4820C6A36F69CDDED9F1D7.d.22CE1ACAB62673680A7AC19F6BFF574D.e.15303/click - {}
RESULT: {}
COMMAND: POST /session/9eab2abfb92109d83111f8a107828286/execute/async - {"script":"<script> [1562 bytes]","args":[{"selector":{"id":"application-manageconditionprice-display-component---conditions--smartFilterBar-filterItemControl_BASIC-BILL_TYPES-valueHelpDialog-smartFilterBar-btnBasicSearch","searchOpenDialogs":true,"interaction":{"idSuffix":"I"}},"wdio_ui5_key":"applicationmanageconditionprice-display-component---conditions--smartFilterBar-filterItemControl_BASIC-BILL_TYPES-valueHelpDialog-smartFilterBar-btnBasicSearch"}]}
COMMAND: GET /session/9eab2abfb92109d83111f8a107828286/screenshot - {}
RESULT: {"script":"<script> [1562 bytes]","args":[{"selector":{"id":"application-manageconditionprice-display-component---conditions--smartFilterBar-filterItemControl_BASIC-BILL_TYPES-valueHelpDialog-smartFilterBar-btnBasicSearch","searchOpenDialogs":true,"interaction":{"idSuffix":"I"}},"wdio_ui5_key":"applicationmanageconditionprice-display-component---conditions--smartFilterBar-filterItemControl_BASIC-BILL_TYPES-valueHelpDialog-smartFilterBar-btnBasicSearch"}]}
RESULT: undefined
COMMAND: POST /session/9eab2abfb92109d83111f8a107828286/execute/async - {"script":"<script> [776 bytes]","args":[{"enterText":"PB","selector":{"id":"application-manageconditionprice-display-component---conditions--smartFilterBar-filterItemControl_BASIC-BILL_TYPES-valueHelpDialog-smartFilterBar-btnBasicSearch","searchOpenDialogs":true,"interaction":{"idSuffix":"I"}},"clearTextFirst":true,"interactionType":"ENTER_TEXT"}]}
RESULT: {}
RESULT: {"script":"<script> [776 bytes]","args":[{"enterText":"PB","selector":{"id":"application-manageconditionprice-display-component---conditions--smartFilterBar-filterItemControl_BASIC-BILL_TYPES-valueHelpDialog-smartFilterBar-btnBasicSearch","searchOpenDialogs":true,"interaction":{"idSuffix":"I"}},"clearTextFirst":true,"interactionType":"ENTER_TEXT"}]}
COMMAND: POST /session/9eab2abfb92109d83111f8a107828286/actions - {"actions":[{"id":"action60","type":"key","parameters":{},"actions":[{"type":"keyDown","value":""},{"type":"pause","duration":10},{"type":"keyUp","value":""}]}]}
RESULT: {"actions":[{"id":"action60","type":"key","parameters":{},"actions":[{"type":"keyDown","value":""},{"type":"pause","duration":10},{"type":"keyUp","value":""}]}]}
COMMAND: GET /session/9eab2abfb92109d83111f8a107828286/screenshot - {}
RESULT: {}
COMMAND: POST /session/9eab2abfb92109d83111f8a107828286/element - {"using":"xpath","value":"//div[contains(@id, 'application-manageconditionprice-display-component---conditions--smartFilterBar-filterItemControl_BASIC-BILL_TYPES-valueHelpDialog-table-rowsel0')]"}
RESULT: {"using":"xpath","value":"//div[contains(@id, 'application-manageconditionprice-display-component---conditions--smartFilterBar-filterItemControl_BASIC-BILL_TYPES-valueHelpDialog-table-rowsel0')]"}
COMMAND: POST /session/9eab2abfb92109d83111f8a107828286/element/f.5DB0E6D2BB4820C6A36F69CDDED9F1D7.d.22CE1ACAB62673680A7AC19F6BFF574D.e.15312/click - {}
RESULT: {}
COMMAND: GET /session/9eab2abfb92109d83111f8a107828286/screenshot - {}
RESULT: {}
COMMAND: POST /session/9eab2abfb92109d83111f8a107828286/element - {"using":"xpath","value":"//bdi[contains(text(), \"OK\")]"}
RESULT: {"using":"xpath","value":"//bdi[contains(text(), \"OK\")]"}
COMMAND: POST /session/9eab2abfb92109d83111f8a107828286/element/f.5DB0E6D2BB4820C6A36F69CDDED9F1D7.d.22CE1ACAB62673680A7AC19F6BFF574D.e.15314/click - {}
RESULT: {}
COMMAND: GET /session/9eab2abfb92109d83111f8a107828286/screenshot - {}
RESULT: {}
COMMAND: POST /session/9eab2abfb92109d83111f8a107828286/element - {"using":"xpath","value":"//span[@id=\"application-manageconditionprice-display-component---conditions--smartTable-header-inner\"]"}
RESULT: {"using":"xpath","value":"//span[@id=\"application-manageconditionprice-display-component---conditions--smartTable-header-inner\"]"}
COMMAND: POST /session/9eab2abfb92109d83111f8a107828286/elements - {"using":"xpath","value":"//span[@id=\"application-manageconditionprice-display-component---conditions--smartTable-header-inner\"]"}
RESULT: {"using":"xpath","value":"//span[@id=\"application-manageconditionprice-display-component---conditions--smartTable-header-inner\"]"}
COMMAND: POST /session/9eab2abfb92109d83111f8a107828286/execute/sync - {"script":"<script> [56 bytes]","args":[{"element-6066-11e4-a52e-4f735466cecf":"f.5DB0E6D2BB4820C6A36F69CDDED9F1D7.d.22CE1ACAB62673680A7AC19F6BFF574D.e.15317","ELEMENT":"f.5DB0E6D2BB4820C6A36F69CDDED9F1D7.d.22CE1ACAB62673680A7AC19F6BFF574D.e.15317"}]}
RESULT: {"script":"<script> [56 bytes]","args":[{"element-6066-11e4-a52e-4f735466cecf":"f.5DB0E6D2BB4820C6A36F69CDDED9F1D7.d.22CE1ACAB62673680A7AC19F6BFF574D.e.15317","ELEMENT":"f.5DB0E6D2BB4820C6A36F69CDDED9F1D7.d.22CE1ACAB62673680A7AC19F6BFF574D.e.15317"}]}
COMMAND: POST /session/9eab2abfb92109d83111f8a107828286/element - {"using":"css selector","value":"#shell-header-logo"}
COMMAND: GET /session/9eab2abfb92109d83111f8a107828286/screenshot - {}
RESULT: {"using":"css selector","value":"#shell-header-logo"}
COMMAND: POST /session/9eab2abfb92109d83111f8a107828286/element/f.5DB0E6D2BB4820C6A36F69CDDED9F1D7.d.22CE1ACAB62673680A7AC19F6BFF574D.e.14958/click - {}
RESULT: {}
RESULT: {}
COMMAND: GET /session/9eab2abfb92109d83111f8a107828286/screenshot - {}
RESULT: {}
]]></system-out>
    </testcase>
    <testcase classname="chrome.136_0_7103_93.windows.Performance_based_billing_(work_days)_US139742" name="Should add a counter to the equipment" time="74.219">
      <system-out><![CDATA[
RESULT: undefined
COMMAND: POST /session/9eab2abfb92109d83111f8a107828286/element - {"using":"xpath","value":"//*[@id=\"__tile39\"]"}
RESULT: {"using":"xpath","value":"//*[@id=\"__tile39\"]"}
COMMAND: POST /session/9eab2abfb92109d83111f8a107828286/element/f.5DB0E6D2BB4820C6A36F69CDDED9F1D7.d.22CE1ACAB62673680A7AC19F6BFF574D.e.13991/click - {}
RESULT: {}
COMMAND: GET /session/9eab2abfb92109d83111f8a107828286/screenshot - {}
RESULT: {}
COMMAND: POST /session/9eab2abfb92109d83111f8a107828286/elements - {"using":"xpath","value":"//span[text()='Error']"}
RESULT: {"using":"xpath","value":"//span[text()='Error']"}
COMMAND: POST /session/9eab2abfb92109d83111f8a107828286/execute/async - {"script":"<script> [1562 bytes]","args":[{"selector":{"id":"application-manageresources-display-component---masterRU--smartFilterBar-btnBasicSearch","interaction":{"idSuffix":"I"}},"wdio_ui5_key":"applicationmanageresources-display-component---masterRU--smartFilterBar-btnBasicSearch"}]}
RESULT: {"script":"<script> [1562 bytes]","args":[{"selector":{"id":"application-manageresources-display-component---masterRU--smartFilterBar-btnBasicSearch","interaction":{"idSuffix":"I"}},"wdio_ui5_key":"applicationmanageresources-display-component---masterRU--smartFilterBar-btnBasicSearch"}]}
RESULT: undefined
COMMAND: POST /session/9eab2abfb92109d83111f8a107828286/execute/async - {"script":"<script> [776 bytes]","args":[{"enterText":"1vW820URHx","selector":{"id":"application-manageresources-display-component---masterRU--smartFilterBar-btnBasicSearch","interaction":{"idSuffix":"I"}},"clearTextFirst":true,"interactionType":"ENTER_TEXT"}]}
RESULT: {"script":"<script> [776 bytes]","args":[{"enterText":"1vW820URHx","selector":{"id":"application-manageresources-display-component---masterRU--smartFilterBar-btnBasicSearch","interaction":{"idSuffix":"I"}},"clearTextFirst":true,"interactionType":"ENTER_TEXT"}]}
COMMAND: POST /session/9eab2abfb92109d83111f8a107828286/actions - {"actions":[{"id":"action61","type":"key","parameters":{},"actions":[{"type":"keyDown","value":""},{"type":"pause","duration":10},{"type":"keyUp","value":""}]}]}
RESULT: {"actions":[{"id":"action61","type":"key","parameters":{},"actions":[{"type":"keyDown","value":""},{"type":"pause","duration":10},{"type":"keyUp","value":""}]}]}
COMMAND: GET /session/9eab2abfb92109d83111f8a107828286/screenshot - {}
RESULT: {}
COMMAND: POST /session/9eab2abfb92109d83111f8a107828286/execute/async - {"script":"<script> [1562 bytes]","args":[{"selector":{"id":"application-manageresources-display-component---masterRU--smartTable-header"},"wdio_ui5_key":"applicationmanageresources-display-component---masterRU--smartTable-header"}]}
RESULT: {"script":"<script> [1562 bytes]","args":[{"selector":{"id":"application-manageresources-display-component---masterRU--smartTable-header"},"wdio_ui5_key":"applicationmanageresources-display-component---masterRU--smartTable-header"}]}
RESULT: undefined
COMMAND: POST /session/9eab2abfb92109d83111f8a107828286/execute/async - {"script":"<script> [6424 bytes]","args":[{"element-6066-11e4-a52e-4f735466cecf":"f.5DB0E6D2BB4820C6A36F69CDDED9F1D7.d.22CE1ACAB62673680A7AC19F6BFF574D.e.15503"},"getText",[]]}
RESULT: {"script":"<script> [6424 bytes]","args":[{"element-6066-11e4-a52e-4f735466cecf":"f.5DB0E6D2BB4820C6A36F69CDDED9F1D7.d.22CE1ACAB62673680A7AC19F6BFF574D.e.15503"},"getText",[]]}
COMMAND: POST /session/9eab2abfb92109d83111f8a107828286/execute/async - {"script":"<script> [1562 bytes]","args":[{"selector":{"controlType":"sap.ui.core.Icon","viewName":"etm.portal.ui.manageresources.view.Master","viewId":"application-manageresources-display-component---masterRU","properties":{"src":{"regex":{"source":"slim\\-arrow\\-right"}}}},"wdio_ui5_key":"etmportal.ui.manageresources.view.Mastersap.ui.core.Icon{\"src\":{\"regex\":{\"source\":\"slim\\\\-arrow\\\\-right\"}}}"}]}
RESULT: {"script":"<script> [1562 bytes]","args":[{"selector":{"controlType":"sap.ui.core.Icon","viewName":"etm.portal.ui.manageresources.view.Master","viewId":"application-manageresources-display-component---masterRU","properties":{"src":{"regex":{"source":"slim\\-arrow\\-right"}}}},"wdio_ui5_key":"etmportal.ui.manageresources.view.Mastersap.ui.core.Icon{\"src\":{\"regex\":{\"source\":\"slim\\\\-arrow\\\\-right\"}}}"}]}
RESULT: undefined
COMMAND: POST /session/9eab2abfb92109d83111f8a107828286/element - {"using":"xpath","value":"//*[@id=\"__item1099-__clone2864-imgNav\"]"}
RESULT: {"using":"xpath","value":"//*[@id=\"__item1099-__clone2864-imgNav\"]"}
COMMAND: POST /session/9eab2abfb92109d83111f8a107828286/element/f.5DB0E6D2BB4820C6A36F69CDDED9F1D7.d.22CE1ACAB62673680A7AC19F6BFF574D.e.15502/click - {}
RESULT: {}
COMMAND: GET /session/9eab2abfb92109d83111f8a107828286/screenshot - {}
RESULT: {}
COMMAND: POST /session/9eab2abfb92109d83111f8a107828286/element - {"using":"xpath","value":"//bdi[contains(text(), \"Edit\")]"}
RESULT: {"using":"xpath","value":"//bdi[contains(text(), \"Edit\")]"}
COMMAND: POST /session/9eab2abfb92109d83111f8a107828286/execute/sync - {"script":"<script> [8489 bytes]","args":[{"element-6066-11e4-a52e-4f735466cecf":"f.5DB0E6D2BB4820C6A36F69CDDED9F1D7.d.22CE1ACAB62673680A7AC19F6BFF574D.e.15675","ELEMENT":"f.5DB0E6D2BB4820C6A36F69CDDED9F1D7.d.22CE1ACAB62673680A7AC19F6BFF574D.e.15675"}]}
RESULT: {"script":"<script> [8489 bytes]","args":[{"element-6066-11e4-a52e-4f735466cecf":"f.5DB0E6D2BB4820C6A36F69CDDED9F1D7.d.22CE1ACAB62673680A7AC19F6BFF574D.e.15675","ELEMENT":"f.5DB0E6D2BB4820C6A36F69CDDED9F1D7.d.22CE1ACAB62673680A7AC19F6BFF574D.e.15675"}]}
COMMAND: POST /session/9eab2abfb92109d83111f8a107828286/element/f.5DB0E6D2BB4820C6A36F69CDDED9F1D7.d.22CE1ACAB62673680A7AC19F6BFF574D.e.15675/click - {}
COMMAND: GET /session/9eab2abfb92109d83111f8a107828286/screenshot - {}
RESULT: {}
RESULT: {}
COMMAND: GET /session/9eab2abfb92109d83111f8a107828286/screenshot - {}
RESULT: {}
COMMAND: POST /session/9eab2abfb92109d83111f8a107828286/execute/async - {"script":"<script> [1562 bytes]","args":[{"selector":{"id":"application-manageresources-display-component---editResource--editRruPage-anchBar-application-manageresources-display-component---editResource--counters-anchor","interaction":{"idSuffix":"BDI-content"}},"wdio_ui5_key":"applicationmanageresources-display-component---editResource--editRruPage-anchBar-application-manageresources-display-component---editResource--counters-anchor"}]}
RESULT: {"script":"<script> [1562 bytes]","args":[{"selector":{"id":"application-manageresources-display-component---editResource--editRruPage-anchBar-application-manageresources-display-component---editResource--counters-anchor","interaction":{"idSuffix":"BDI-content"}},"wdio_ui5_key":"applicationmanageresources-display-component---editResource--editRruPage-anchBar-application-manageresources-display-component---editResource--counters-anchor"}]}
RESULT: undefined
COMMAND: POST /session/9eab2abfb92109d83111f8a107828286/element - {"using":"xpath","value":"//*[@id=\"application-manageresources-display-component---editResource--editRruPage-anchBar-application-manageresources-display-component---editResource--counters-anchor\"]"}
RESULT: {"using":"xpath","value":"//*[@id=\"application-manageresources-display-component---editResource--editRruPage-anchBar-application-manageresources-display-component---editResource--counters-anchor\"]"}
COMMAND: POST /session/9eab2abfb92109d83111f8a107828286/element/f.5DB0E6D2BB4820C6A36F69CDDED9F1D7.d.22CE1ACAB62673680A7AC19F6BFF574D.e.15868/click - {}
RESULT: {}
COMMAND: GET /session/9eab2abfb92109d83111f8a107828286/screenshot - {}
RESULT: {}
COMMAND: POST /session/9eab2abfb92109d83111f8a107828286/execute/async - {"script":"<script> [1562 bytes]","args":[{"selector":{"id":"application-manageresources-display-component---editResource--btnAddCounter-img"},"wdio_ui5_key":"applicationmanageresources-display-component---editResource--btnAddCounter-img"}]}
RESULT: {"script":"<script> [1562 bytes]","args":[{"selector":{"id":"application-manageresources-display-component---editResource--btnAddCounter-img"},"wdio_ui5_key":"applicationmanageresources-display-component---editResource--btnAddCounter-img"}]}
RESULT: undefined
COMMAND: POST /session/9eab2abfb92109d83111f8a107828286/element - {"using":"xpath","value":"//*[@id=\"application-manageresources-display-component---editResource--btnAddCounter-img\"]"}
RESULT: {"using":"xpath","value":"//*[@id=\"application-manageresources-display-component---editResource--btnAddCounter-img\"]"}
COMMAND: POST /session/9eab2abfb92109d83111f8a107828286/element/f.5DB0E6D2BB4820C6A36F69CDDED9F1D7.d.22CE1ACAB62673680A7AC19F6BFF574D.e.15873/click - {}
RESULT: {}
COMMAND: POST /session/9eab2abfb92109d83111f8a107828286/execute/async - {"script":"<script> [1562 bytes]","args":[{"selector":{"id":"application-manageresources-display-component---editResource--COUNTER_ID-application-manageresources-display-component---editResource--RUCounters-0-arrow"},"wdio_ui5_key":"applicationmanageresources-display-component---editResource--COUNTER_ID-application-manageresources-display-component---editResource--RUCounters-0-arrow"}]}
COMMAND: GET /session/9eab2abfb92109d83111f8a107828286/screenshot - {}
RESULT: {"script":"<script> [1562 bytes]","args":[{"selector":{"id":"application-manageresources-display-component---editResource--COUNTER_ID-application-manageresources-display-component---editResource--RUCounters-0-arrow"},"wdio_ui5_key":"applicationmanageresources-display-component---editResource--COUNTER_ID-application-manageresources-display-component---editResource--RUCounters-0-arrow"}]}
RESULT: undefined
COMMAND: POST /session/9eab2abfb92109d83111f8a107828286/element - {"using":"xpath","value":"//*[@id=\"application-manageresources-display-component---editResource--COUNTER_ID-application-manageresources-display-component---editResource--RUCounters-0-arrow\"]"}
RESULT: {}
RESULT: {"using":"xpath","value":"//*[@id=\"application-manageresources-display-component---editResource--COUNTER_ID-application-manageresources-display-component---editResource--RUCounters-0-arrow\"]"}
COMMAND: POST /session/9eab2abfb92109d83111f8a107828286/element/f.5DB0E6D2BB4820C6A36F69CDDED9F1D7.d.22CE1ACAB62673680A7AC19F6BFF574D.e.15885/click - {}
RESULT: {}
COMMAND: POST /session/9eab2abfb92109d83111f8a107828286/execute/async - {"script":"<script> [1562 bytes]","args":[{"selector":{"controlType":"sap.m.StandardListItem","viewName":"etm.portal.ui.manageresources.view.EditResource","viewId":"application-manageresources-display-component---editResource","properties":{"title":"fuel"},"searchOpenDialogs":true,"interaction":{"idSuffix":"content"}},"wdio_ui5_key":"etmportal.ui.manageresources.view.EditResourcesap.m.StandardListItem{\"title\":\"fuel\"}"}]}
COMMAND: GET /session/9eab2abfb92109d83111f8a107828286/screenshot - {}
RESULT: {"script":"<script> [1562 bytes]","args":[{"selector":{"controlType":"sap.m.StandardListItem","viewName":"etm.portal.ui.manageresources.view.EditResource","viewId":"application-manageresources-display-component---editResource","properties":{"title":"fuel"},"searchOpenDialogs":true,"interaction":{"idSuffix":"content"}},"wdio_ui5_key":"etmportal.ui.manageresources.view.EditResourcesap.m.StandardListItem{\"title\":\"fuel\"}"}]}
RESULT: undefined
COMMAND: POST /session/9eab2abfb92109d83111f8a107828286/element - {"using":"xpath","value":"//*[@id=\"__item1454\"]"}
RESULT: {}
RESULT: {"using":"xpath","value":"//*[@id=\"__item1454\"]"}
COMMAND: POST /session/9eab2abfb92109d83111f8a107828286/element/f.5DB0E6D2BB4820C6A36F69CDDED9F1D7.d.22CE1ACAB62673680A7AC19F6BFF574D.e.15887/click - {}
RESULT: {}
COMMAND: POST /session/9eab2abfb92109d83111f8a107828286/execute/async - {"script":"<script> [1562 bytes]","args":[{"selector":{"controlType":"sap.m.Button","viewName":"etm.portal.ui.manageresources.view.EditResource","viewId":"application-manageresources-display-component---editResource","i18NText":{"propertyName":"text","key":"save"},"interaction":{"idSuffix":"BDI-content"}},"wdio_ui5_key":"etmportal.ui.manageresources.view.EditResourcesap.m.Button{\"propertyName\":\"text\",\"key\":\"save\"}"}]}
COMMAND: GET /session/9eab2abfb92109d83111f8a107828286/screenshot - {}
RESULT: {}
RESULT: {"script":"<script> [1562 bytes]","args":[{"selector":{"controlType":"sap.m.Button","viewName":"etm.portal.ui.manageresources.view.EditResource","viewId":"application-manageresources-display-component---editResource","i18NText":{"propertyName":"text","key":"save"},"interaction":{"idSuffix":"BDI-content"}},"wdio_ui5_key":"etmportal.ui.manageresources.view.EditResourcesap.m.Button{\"propertyName\":\"text\",\"key\":\"save\"}"}]}
RESULT: undefined
COMMAND: POST /session/9eab2abfb92109d83111f8a107828286/element - {"using":"xpath","value":"//*[@id=\"__button209\"]"}
RESULT: {"using":"xpath","value":"//*[@id=\"__button209\"]"}
COMMAND: POST /session/9eab2abfb92109d83111f8a107828286/element/f.5DB0E6D2BB4820C6A36F69CDDED9F1D7.d.22CE1ACAB62673680A7AC19F6BFF574D.e.15889/click - {}
RESULT: {}
COMMAND: GET /session/9eab2abfb92109d83111f8a107828286/screenshot - {}
COMMAND: POST /session/9eab2abfb92109d83111f8a107828286/element - {"using":"css selector","value":"#shell-header-logo"}
RESULT: {}
RESULT: {"using":"css selector","value":"#shell-header-logo"}
COMMAND: POST /session/9eab2abfb92109d83111f8a107828286/element/f.5DB0E6D2BB4820C6A36F69CDDED9F1D7.d.22CE1ACAB62673680A7AC19F6BFF574D.e.15322/click - {}
RESULT: {}
COMMAND: GET /session/9eab2abfb92109d83111f8a107828286/screenshot - {}
RESULT: {}
]]></system-out>
    </testcase>
    <testcase classname="chrome.136_0_7103_93.windows.Performance_based_billing_(work_days)_US139742" name="Should do a stock increase on the yard for the equipment" time="88.436">
      <system-out><![CDATA[
COMMAND: POST /session/9eab2abfb92109d83111f8a107828286/execute/async - {"script":"<script> [1562 bytes]","args":[{"selector":{"controlType":"sap.m.GenericTile","properties":{"header":"Manage Handovers"}},"wdio_ui5_key":"sapm.GenericTile{\"header\":\"Manage Handovers\"}"}]}
RESULT: {"script":"<script> [1562 bytes]","args":[{"selector":{"controlType":"sap.m.GenericTile","properties":{"header":"Manage Handovers"}},"wdio_ui5_key":"sapm.GenericTile{\"header\":\"Manage Handovers\"}"}]}
RESULT: undefined
COMMAND: POST /session/9eab2abfb92109d83111f8a107828286/element - {"using":"xpath","value":"//*[@id=\"__tile130\"]"}
RESULT: {"using":"xpath","value":"//*[@id=\"__tile130\"]"}
COMMAND: POST /session/9eab2abfb92109d83111f8a107828286/element/f.5DB0E6D2BB4820C6A36F69CDDED9F1D7.d.22CE1ACAB62673680A7AC19F6BFF574D.e.14076/click - {}
RESULT: {}
COMMAND: GET /session/9eab2abfb92109d83111f8a107828286/screenshot - {}
RESULT: {}
COMMAND: POST /session/9eab2abfb92109d83111f8a107828286/elements - {"using":"xpath","value":"//span[text()='Error']"}
RESULT: {"using":"xpath","value":"//span[text()='Error']"}
COMMAND: POST /session/9eab2abfb92109d83111f8a107828286/element - {"using":"xpath","value":"//button[@data-kt=\"masterHOAddButton\"]"}
RESULT: {"using":"xpath","value":"//button[@data-kt=\"masterHOAddButton\"]"}
COMMAND: POST /session/9eab2abfb92109d83111f8a107828286/elements - {"using":"xpath","value":"//button[@data-kt=\"masterHOAddButton\"]"}
RESULT: {"using":"xpath","value":"//button[@data-kt=\"masterHOAddButton\"]"}
COMMAND: POST /session/9eab2abfb92109d83111f8a107828286/execute/sync - {"script":"<script> [8489 bytes]","args":[{"element-6066-11e4-a52e-4f735466cecf":"f.5DB0E6D2BB4820C6A36F69CDDED9F1D7.d.22CE1ACAB62673680A7AC19F6BFF574D.e.15936","ELEMENT":"f.5DB0E6D2BB4820C6A36F69CDDED9F1D7.d.22CE1ACAB62673680A7AC19F6BFF574D.e.15936"}]}
RESULT: {"script":"<script> [8489 bytes]","args":[{"element-6066-11e4-a52e-4f735466cecf":"f.5DB0E6D2BB4820C6A36F69CDDED9F1D7.d.22CE1ACAB62673680A7AC19F6BFF574D.e.15936","ELEMENT":"f.5DB0E6D2BB4820C6A36F69CDDED9F1D7.d.22CE1ACAB62673680A7AC19F6BFF574D.e.15936"}]}
COMMAND: GET /session/9eab2abfb92109d83111f8a107828286/element/f.5DB0E6D2BB4820C6A36F69CDDED9F1D7.d.22CE1ACAB62673680A7AC19F6BFF574D.e.15936/enabled - {}
COMMAND: GET /session/9eab2abfb92109d83111f8a107828286/screenshot - {}
RESULT: {}
COMMAND: POST /session/9eab2abfb92109d83111f8a107828286/execute/sync - {"script":"<script> [8489 bytes]","args":[{"element-6066-11e4-a52e-4f735466cecf":"f.5DB0E6D2BB4820C6A36F69CDDED9F1D7.d.22CE1ACAB62673680A7AC19F6BFF574D.e.15936","ELEMENT":"f.5DB0E6D2BB4820C6A36F69CDDED9F1D7.d.22CE1ACAB62673680A7AC19F6BFF574D.e.15936"}]}
COMMAND: GET /session/9eab2abfb92109d83111f8a107828286/screenshot - {}
RESULT: {}
RESULT: {"script":"<script> [8489 bytes]","args":[{"element-6066-11e4-a52e-4f735466cecf":"f.5DB0E6D2BB4820C6A36F69CDDED9F1D7.d.22CE1ACAB62673680A7AC19F6BFF574D.e.15936","ELEMENT":"f.5DB0E6D2BB4820C6A36F69CDDED9F1D7.d.22CE1ACAB62673680A7AC19F6BFF574D.e.15936"}]}
COMMAND: POST /session/9eab2abfb92109d83111f8a107828286/execute/sync - {"script":"<script> [5351 bytes]","args":[{"element-6066-11e4-a52e-4f735466cecf":"f.5DB0E6D2BB4820C6A36F69CDDED9F1D7.d.22CE1ACAB62673680A7AC19F6BFF574D.e.15936","ELEMENT":"f.5DB0E6D2BB4820C6A36F69CDDED9F1D7.d.22CE1ACAB62673680A7AC19F6BFF574D.e.15936"}]}
COMMAND: GET /session/9eab2abfb92109d83111f8a107828286/screenshot - {}
RESULT: {}
RESULT: {"script":"<script> [5351 bytes]","args":[{"element-6066-11e4-a52e-4f735466cecf":"f.5DB0E6D2BB4820C6A36F69CDDED9F1D7.d.22CE1ACAB62673680A7AC19F6BFF574D.e.15936","ELEMENT":"f.5DB0E6D2BB4820C6A36F69CDDED9F1D7.d.22CE1ACAB62673680A7AC19F6BFF574D.e.15936"}]}
COMMAND: POST /session/9eab2abfb92109d83111f8a107828286/element/f.5DB0E6D2BB4820C6A36F69CDDED9F1D7.d.22CE1ACAB62673680A7AC19F6BFF574D.e.15936/click - {}
COMMAND: GET /session/9eab2abfb92109d83111f8a107828286/screenshot - {}
RESULT: {}
RESULT: {}
COMMAND: GET /session/9eab2abfb92109d83111f8a107828286/screenshot - {}
RESULT: {}
COMMAND: POST /session/9eab2abfb92109d83111f8a107828286/element - {"using":"xpath","value":"//span[contains(@id ,\"AddNewHO--typeSelect-arrow\")]"}
RESULT: {}
RESULT: {"using":"xpath","value":"//span[contains(@id ,\"AddNewHO--typeSelect-arrow\")]"}
COMMAND: POST /session/9eab2abfb92109d83111f8a107828286/element/f.5DB0E6D2BB4820C6A36F69CDDED9F1D7.d.22CE1ACAB62673680A7AC19F6BFF574D.e.16275/click - {}
RESULT: {}
COMMAND: GET /session/9eab2abfb92109d83111f8a107828286/screenshot - {}
RESULT: {}
COMMAND: POST /session/9eab2abfb92109d83111f8a107828286/element - {"using":"xpath","value":"(//li[contains(text(), \"stock increase yard\")])[1]"}
RESULT: {"using":"xpath","value":"(//li[contains(text(), \"stock increase yard\")])[1]"}
COMMAND: POST /session/9eab2abfb92109d83111f8a107828286/element/f.5DB0E6D2BB4820C6A36F69CDDED9F1D7.d.22CE1ACAB62673680A7AC19F6BFF574D.e.16276/click - {}
RESULT: {}
COMMAND: GET /session/9eab2abfb92109d83111f8a107828286/screenshot - {}
RESULT: {}
COMMAND: POST /session/9eab2abfb92109d83111f8a107828286/execute/async - {"script":"<script> [1562 bytes]","args":[{"selector":{"id":"application-managehandovers-display-component---AddNewHO--dueDate","interaction":{"idSuffix":"inner"}},"wdio_ui5_key":"applicationmanagehandovers-display-component---AddNewHO--dueDate"}]}
RESULT: {"script":"<script> [1562 bytes]","args":[{"selector":{"id":"application-managehandovers-display-component---AddNewHO--dueDate","interaction":{"idSuffix":"inner"}},"wdio_ui5_key":"applicationmanagehandovers-display-component---AddNewHO--dueDate"}]}
RESULT: undefined
COMMAND: POST /session/9eab2abfb92109d83111f8a107828286/execute/async - {"script":"<script> [6424 bytes]","args":[{"element-6066-11e4-a52e-4f735466cecf":"f.5DB0E6D2BB4820C6A36F69CDDED9F1D7.d.22CE1ACAB62673680A7AC19F6BFF574D.e.16280"},"setValue",["5/27/25"]]}
RESULT: {"script":"<script> [6424 bytes]","args":[{"element-6066-11e4-a52e-4f735466cecf":"f.5DB0E6D2BB4820C6A36F69CDDED9F1D7.d.22CE1ACAB62673680A7AC19F6BFF574D.e.16280"},"setValue",["5/27/25"]]}
COMMAND: POST /session/9eab2abfb92109d83111f8a107828286/element - {"using":"xpath","value":"//input[@id=\"generalSectionFrg--receiveYard-inner\"]"}
RESULT: {"using":"xpath","value":"//input[@id=\"generalSectionFrg--receiveYard-inner\"]"}
COMMAND: POST /session/9eab2abfb92109d83111f8a107828286/element/f.5DB0E6D2BB4820C6A36F69CDDED9F1D7.d.22CE1ACAB62673680A7AC19F6BFF574D.e.16286/clear - {}
RESULT: {}
COMMAND: POST /session/9eab2abfb92109d83111f8a107828286/element/f.5DB0E6D2BB4820C6A36F69CDDED9F1D7.d.22CE1ACAB62673680A7AC19F6BFF574D.e.16286/value - {"text":"398"}
COMMAND: GET /session/9eab2abfb92109d83111f8a107828286/screenshot - {}
RESULT: {"text":"398"}
COMMAND: GET /session/9eab2abfb92109d83111f8a107828286/screenshot - {}
RESULT: {}
RESULT: {}
COMMAND: POST /session/9eab2abfb92109d83111f8a107828286/element - {"using":"xpath","value":"//li[.//span[text()='398']]"}
RESULT: {"using":"xpath","value":"//li[.//span[text()='398']]"}
COMMAND: POST /session/9eab2abfb92109d83111f8a107828286/element/f.5DB0E6D2BB4820C6A36F69CDDED9F1D7.d.22CE1ACAB62673680A7AC19F6BFF574D.e.16300/click - {}
RESULT: {}
COMMAND: GET /session/9eab2abfb92109d83111f8a107828286/screenshot - {}
RESULT: {}
COMMAND: POST /session/9eab2abfb92109d83111f8a107828286/execute/async - {"script":"<script> [1562 bytes]","args":[{"selector":{"id":"application-managehandovers-display-component---AddNewHO--ObjectPageLayout-anchBar-application-managehandovers-display-component---AddNewHO--section4-anchor","interaction":{"idSuffix":"BDI-content"}},"wdio_ui5_key":"applicationmanagehandovers-display-component---AddNewHO--ObjectPageLayout-anchBar-application-managehandovers-display-component---AddNewHO--section4-anchor"}]}
RESULT: {"script":"<script> [1562 bytes]","args":[{"selector":{"id":"application-managehandovers-display-component---AddNewHO--ObjectPageLayout-anchBar-application-managehandovers-display-component---AddNewHO--section4-anchor","interaction":{"idSuffix":"BDI-content"}},"wdio_ui5_key":"applicationmanagehandovers-display-component---AddNewHO--ObjectPageLayout-anchBar-application-managehandovers-display-component---AddNewHO--section4-anchor"}]}
RESULT: undefined
COMMAND: POST /session/9eab2abfb92109d83111f8a107828286/element - {"using":"xpath","value":"//*[@id=\"application-managehandovers-display-component---AddNewHO--ObjectPageLayout-anchBar-application-managehandovers-display-component---AddNewHO--section4-anchor\"]"}
RESULT: {"using":"xpath","value":"//*[@id=\"application-managehandovers-display-component---AddNewHO--ObjectPageLayout-anchBar-application-managehandovers-display-component---AddNewHO--section4-anchor\"]"}
COMMAND: POST /session/9eab2abfb92109d83111f8a107828286/element/f.5DB0E6D2BB4820C6A36F69CDDED9F1D7.d.22CE1ACAB62673680A7AC19F6BFF574D.e.16302/click - {}
RESULT: {}
COMMAND: POST /session/9eab2abfb92109d83111f8a107828286/element - {"using":"xpath","value":"//button[@aria-label=\"Add\"]"}
COMMAND: GET /session/9eab2abfb92109d83111f8a107828286/screenshot - {}
RESULT: {"using":"xpath","value":"//button[@aria-label=\"Add\"]"}
COMMAND: POST /session/9eab2abfb92109d83111f8a107828286/element/f.5DB0E6D2BB4820C6A36F69CDDED9F1D7.d.22CE1ACAB62673680A7AC19F6BFF574D.e.16304/click - {}
RESULT: {}
RESULT: {}
COMMAND: GET /session/9eab2abfb92109d83111f8a107828286/screenshot - {}
RESULT: {}
COMMAND: POST /session/9eab2abfb92109d83111f8a107828286/execute/async - {"script":"<script> [1562 bytes]","args":[{"selector":{"id":"application-managehandovers-display-component---AddNewHO--smartFilterBar-btnBasicSearch","searchOpenDialogs":true,"interaction":{"idSuffix":"I"}},"wdio_ui5_key":"applicationmanagehandovers-display-component---AddNewHO--smartFilterBar-btnBasicSearch"}]}
RESULT: {"script":"<script> [1562 bytes]","args":[{"selector":{"id":"application-managehandovers-display-component---AddNewHO--smartFilterBar-btnBasicSearch","searchOpenDialogs":true,"interaction":{"idSuffix":"I"}},"wdio_ui5_key":"applicationmanagehandovers-display-component---AddNewHO--smartFilterBar-btnBasicSearch"}]}
RESULT: undefined
COMMAND: POST /session/9eab2abfb92109d83111f8a107828286/execute/async - {"script":"<script> [776 bytes]","args":[{"enterText":"1vW820URHx","selector":{"id":"application-managehandovers-display-component---AddNewHO--smartFilterBar-btnBasicSearch","searchOpenDialogs":true,"interaction":{"idSuffix":"I"}},"clearTextFirst":true,"interactionType":"ENTER_TEXT"}]}
RESULT: {"script":"<script> [776 bytes]","args":[{"enterText":"1vW820URHx","selector":{"id":"application-managehandovers-display-component---AddNewHO--smartFilterBar-btnBasicSearch","searchOpenDialogs":true,"interaction":{"idSuffix":"I"}},"clearTextFirst":true,"interactionType":"ENTER_TEXT"}]}
COMMAND: POST /session/9eab2abfb92109d83111f8a107828286/actions - {"actions":[{"id":"action62","type":"key","parameters":{},"actions":[{"type":"keyDown","value":""},{"type":"pause","duration":10},{"type":"keyUp","value":""}]}]}
RESULT: {"actions":[{"id":"action62","type":"key","parameters":{},"actions":[{"type":"keyDown","value":""},{"type":"pause","duration":10},{"type":"keyUp","value":""}]}]}
COMMAND: GET /session/9eab2abfb92109d83111f8a107828286/screenshot - {}
RESULT: {}
COMMAND: POST /session/9eab2abfb92109d83111f8a107828286/execute/async - {"script":"<script> [1562 bytes]","args":[{"selector":{"id":"application-managehandovers-display-component---AddNewHO--popup-sa","searchOpenDialogs":true,"interaction":{"idSuffix":"CbBg"}},"wdio_ui5_key":"applicationmanagehandovers-display-component---AddNewHO--popup-sa"}]}
RESULT: {"script":"<script> [1562 bytes]","args":[{"selector":{"id":"application-managehandovers-display-component---AddNewHO--popup-sa","searchOpenDialogs":true,"interaction":{"idSuffix":"CbBg"}},"wdio_ui5_key":"applicationmanagehandovers-display-component---AddNewHO--popup-sa"}]}
RESULT: undefined
COMMAND: POST /session/9eab2abfb92109d83111f8a107828286/element - {"using":"xpath","value":"//*[@id=\"application-managehandovers-display-component---AddNewHO--popup-sa\"]"}
RESULT: {"using":"xpath","value":"//*[@id=\"application-managehandovers-display-component---AddNewHO--popup-sa\"]"}
COMMAND: POST /session/9eab2abfb92109d83111f8a107828286/element/f.5DB0E6D2BB4820C6A36F69CDDED9F1D7.d.22CE1ACAB62673680A7AC19F6BFF574D.e.16458/click - {}
RESULT: {}
COMMAND: GET /session/9eab2abfb92109d83111f8a107828286/screenshot - {}
RESULT: {}
COMMAND: POST /session/9eab2abfb92109d83111f8a107828286/element - {"using":"xpath","value":"//bdi[contains(text(), \"Select\")]"}
RESULT: {"using":"xpath","value":"//bdi[contains(text(), \"Select\")]"}
COMMAND: POST /session/9eab2abfb92109d83111f8a107828286/element/f.5DB0E6D2BB4820C6A36F69CDDED9F1D7.d.22CE1ACAB62673680A7AC19F6BFF574D.e.16459/click - {}
RESULT: {}
COMMAND: GET /session/9eab2abfb92109d83111f8a107828286/screenshot - {}
RESULT: {}
COMMAND: POST /session/9eab2abfb92109d83111f8a107828286/element - {"using":"xpath","value":"//button[@data-kt=\"AddNewHOSaveButton\"]"}
RESULT: {"using":"xpath","value":"//button[@data-kt=\"AddNewHOSaveButton\"]"}
COMMAND: POST /session/9eab2abfb92109d83111f8a107828286/element/f.5DB0E6D2BB4820C6A36F69CDDED9F1D7.d.22CE1ACAB62673680A7AC19F6BFF574D.e.16463/click - {}
RESULT: {}
COMMAND: GET /session/9eab2abfb92109d83111f8a107828286/screenshot - {}
RESULT: {}
COMMAND: POST /session/9eab2abfb92109d83111f8a107828286/execute/async - {"script":"<script> [1562 bytes]","args":[{"selector":{"id":"receiptDatePicker","viewName":"etm.portal.ui.managehandovers.view.DetailExecuteHO","interaction":{"idSuffix":"inner"}},"wdio_ui5_key":"receiptDatePickeretmportal.ui.managehandovers.view.DetailExecuteHO"}]}
RESULT: {"script":"<script> [1562 bytes]","args":[{"selector":{"id":"receiptDatePicker","viewName":"etm.portal.ui.managehandovers.view.DetailExecuteHO","interaction":{"idSuffix":"inner"}},"wdio_ui5_key":"receiptDatePickeretmportal.ui.managehandovers.view.DetailExecuteHO"}]}
RESULT: undefined
COMMAND: POST /session/9eab2abfb92109d83111f8a107828286/execute/async - {"script":"<script> [6424 bytes]","args":[{"element-6066-11e4-a52e-4f735466cecf":"f.5DB0E6D2BB4820C6A36F69CDDED9F1D7.d.22CE1ACAB62673680A7AC19F6BFF574D.e.16492"},"setValue",["5/27/25"]]}
RESULT: {"script":"<script> [6424 bytes]","args":[{"element-6066-11e4-a52e-4f735466cecf":"f.5DB0E6D2BB4820C6A36F69CDDED9F1D7.d.22CE1ACAB62673680A7AC19F6BFF574D.e.16492"},"setValue",["5/27/25"]]}
COMMAND: POST /session/9eab2abfb92109d83111f8a107828286/element - {"using":"xpath","value":"//button[@data-kt=\"ReceivingTableConfirmAllButton\"]"}
RESULT: {"using":"xpath","value":"//button[@data-kt=\"ReceivingTableConfirmAllButton\"]"}
COMMAND: POST /session/9eab2abfb92109d83111f8a107828286/element/f.5DB0E6D2BB4820C6A36F69CDDED9F1D7.d.22CE1ACAB62673680A7AC19F6BFF574D.e.16507/click - {}
RESULT: {}
COMMAND: GET /session/9eab2abfb92109d83111f8a107828286/screenshot - {}
RESULT: {}
COMMAND: POST /session/9eab2abfb92109d83111f8a107828286/element - {"using":"xpath","value":"//bdi[contains(text(), \"OK\")]"}
RESULT: {"using":"xpath","value":"//bdi[contains(text(), \"OK\")]"}
COMMAND: POST /session/9eab2abfb92109d83111f8a107828286/element/f.5DB0E6D2BB4820C6A36F69CDDED9F1D7.d.22CE1ACAB62673680A7AC19F6BFF574D.e.16509/click - {}
RESULT: {}
COMMAND: GET /session/9eab2abfb92109d83111f8a107828286/screenshot - {}
RESULT: {}
COMMAND: POST /session/9eab2abfb92109d83111f8a107828286/element - {"using":"xpath","value":"(//bdi[contains(text(), \"Receive\")])[2]"}
RESULT: {"using":"xpath","value":"(//bdi[contains(text(), \"Receive\")])[2]"}
COMMAND: POST /session/9eab2abfb92109d83111f8a107828286/element/f.5DB0E6D2BB4820C6A36F69CDDED9F1D7.d.22CE1ACAB62673680A7AC19F6BFF574D.e.16511/click - {}
RESULT: {}
COMMAND: GET /session/9eab2abfb92109d83111f8a107828286/screenshot - {}
RESULT: {}
COMMAND: POST /session/9eab2abfb92109d83111f8a107828286/element - {"using":"css selector","value":"#shell-header-logo"}
RESULT: {"using":"css selector","value":"#shell-header-logo"}
COMMAND: POST /session/9eab2abfb92109d83111f8a107828286/element/f.5DB0E6D2BB4820C6A36F69CDDED9F1D7.d.22CE1ACAB62673680A7AC19F6BFF574D.e.15901/click - {}
RESULT: {}
COMMAND: GET /session/9eab2abfb92109d83111f8a107828286/screenshot - {}
RESULT: {}
]]></system-out>
    </testcase>
    <testcase classname="chrome.136_0_7103_93.windows.Performance_based_billing_(work_days)_US139742" name="Should create a new contract" time="69.22">
      <system-out><![CDATA[
COMMAND: POST /session/9eab2abfb92109d83111f8a107828286/execute/async - {"script":"<script> [1562 bytes]","args":[{"selector":{"controlType":"sap.m.GenericTile","properties":{"header":"Manage Contracts"}},"wdio_ui5_key":"sapm.GenericTile{\"header\":\"Manage Contracts\"}"}]}
RESULT: {"script":"<script> [1562 bytes]","args":[{"selector":{"controlType":"sap.m.GenericTile","properties":{"header":"Manage Contracts"}},"wdio_ui5_key":"sapm.GenericTile{\"header\":\"Manage Contracts\"}"}]}
RESULT: undefined
COMMAND: POST /session/9eab2abfb92109d83111f8a107828286/element - {"using":"xpath","value":"//*[@id=\"__tile131\"]"}
RESULT: {"using":"xpath","value":"//*[@id=\"__tile131\"]"}
COMMAND: POST /session/9eab2abfb92109d83111f8a107828286/element/f.5DB0E6D2BB4820C6A36F69CDDED9F1D7.d.22CE1ACAB62673680A7AC19F6BFF574D.e.14007/click - {}
RESULT: {}
COMMAND: GET /session/9eab2abfb92109d83111f8a107828286/screenshot - {}
RESULT: {}
COMMAND: POST /session/9eab2abfb92109d83111f8a107828286/elements - {"using":"xpath","value":"//span[text()='Error']"}
RESULT: {"using":"xpath","value":"//span[text()='Error']"}
COMMAND: POST /session/9eab2abfb92109d83111f8a107828286/element - {"using":"xpath","value":"//button[@data-kt=\"addButton\"]"}
RESULT: {"using":"xpath","value":"//button[@data-kt=\"addButton\"]"}
COMMAND: POST /session/9eab2abfb92109d83111f8a107828286/elements - {"using":"xpath","value":"//button[@data-kt=\"addButton\"]"}
RESULT: {"using":"xpath","value":"//button[@data-kt=\"addButton\"]"}
COMMAND: POST /session/9eab2abfb92109d83111f8a107828286/execute/sync - {"script":"<script> [8489 bytes]","args":[{"element-6066-11e4-a52e-4f735466cecf":"f.5DB0E6D2BB4820C6A36F69CDDED9F1D7.d.22CE1ACAB62673680A7AC19F6BFF574D.e.16782","ELEMENT":"f.5DB0E6D2BB4820C6A36F69CDDED9F1D7.d.22CE1ACAB62673680A7AC19F6BFF574D.e.16782"}]}
RESULT: {"script":"<script> [8489 bytes]","args":[{"element-6066-11e4-a52e-4f735466cecf":"f.5DB0E6D2BB4820C6A36F69CDDED9F1D7.d.22CE1ACAB62673680A7AC19F6BFF574D.e.16782","ELEMENT":"f.5DB0E6D2BB4820C6A36F69CDDED9F1D7.d.22CE1ACAB62673680A7AC19F6BFF574D.e.16782"}]}
COMMAND: GET /session/9eab2abfb92109d83111f8a107828286/element/f.5DB0E6D2BB4820C6A36F69CDDED9F1D7.d.22CE1ACAB62673680A7AC19F6BFF574D.e.16782/enabled - {}
COMMAND: GET /session/9eab2abfb92109d83111f8a107828286/screenshot - {}
RESULT: {}
COMMAND: POST /session/9eab2abfb92109d83111f8a107828286/execute/sync - {"script":"<script> [8489 bytes]","args":[{"element-6066-11e4-a52e-4f735466cecf":"f.5DB0E6D2BB4820C6A36F69CDDED9F1D7.d.22CE1ACAB62673680A7AC19F6BFF574D.e.16782","ELEMENT":"f.5DB0E6D2BB4820C6A36F69CDDED9F1D7.d.22CE1ACAB62673680A7AC19F6BFF574D.e.16782"}]}
COMMAND: GET /session/9eab2abfb92109d83111f8a107828286/screenshot - {}
RESULT: {}
RESULT: {"script":"<script> [8489 bytes]","args":[{"element-6066-11e4-a52e-4f735466cecf":"f.5DB0E6D2BB4820C6A36F69CDDED9F1D7.d.22CE1ACAB62673680A7AC19F6BFF574D.e.16782","ELEMENT":"f.5DB0E6D2BB4820C6A36F69CDDED9F1D7.d.22CE1ACAB62673680A7AC19F6BFF574D.e.16782"}]}
COMMAND: POST /session/9eab2abfb92109d83111f8a107828286/execute/sync - {"script":"<script> [5351 bytes]","args":[{"element-6066-11e4-a52e-4f735466cecf":"f.5DB0E6D2BB4820C6A36F69CDDED9F1D7.d.22CE1ACAB62673680A7AC19F6BFF574D.e.16782","ELEMENT":"f.5DB0E6D2BB4820C6A36F69CDDED9F1D7.d.22CE1ACAB62673680A7AC19F6BFF574D.e.16782"}]}
COMMAND: GET /session/9eab2abfb92109d83111f8a107828286/screenshot - {}
RESULT: {}
RESULT: {"script":"<script> [5351 bytes]","args":[{"element-6066-11e4-a52e-4f735466cecf":"f.5DB0E6D2BB4820C6A36F69CDDED9F1D7.d.22CE1ACAB62673680A7AC19F6BFF574D.e.16782","ELEMENT":"f.5DB0E6D2BB4820C6A36F69CDDED9F1D7.d.22CE1ACAB62673680A7AC19F6BFF574D.e.16782"}]}
COMMAND: GET /session/9eab2abfb92109d83111f8a107828286/screenshot - {}
RESULT: {}
RESULT: {}
COMMAND: POST /session/9eab2abfb92109d83111f8a107828286/element/f.5DB0E6D2BB4820C6A36F69CDDED9F1D7.d.22CE1ACAB62673680A7AC19F6BFF574D.e.16782/click - {}
RESULT: {}
COMMAND: GET /session/9eab2abfb92109d83111f8a107828286/screenshot - {}
RESULT: {}
COMMAND: POST /session/9eab2abfb92109d83111f8a107828286/execute/async - {"script":"<script> [1562 bytes]","args":[{"selector":{"id":"application-managecontracts-display-component---AddNewContract--projectDescription","interaction":{"idSuffix":"inner"}},"wdio_ui5_key":"applicationmanagecontracts-display-component---AddNewContract--projectDescription"}]}
RESULT: {"script":"<script> [1562 bytes]","args":[{"selector":{"id":"application-managecontracts-display-component---AddNewContract--projectDescription","interaction":{"idSuffix":"inner"}},"wdio_ui5_key":"applicationmanagecontracts-display-component---AddNewContract--projectDescription"}]}
RESULT: undefined
COMMAND: POST /session/9eab2abfb92109d83111f8a107828286/execute/async - {"script":"<script> [776 bytes]","args":[{"enterText":"Performance Contract WDIO","selector":{"id":"application-managecontracts-display-component---AddNewContract--projectDescription","interaction":{"idSuffix":"inner"}},"clearTextFirst":true,"interactionType":"ENTER_TEXT"}]}
RESULT: {"script":"<script> [776 bytes]","args":[{"enterText":"Performance Contract WDIO","selector":{"id":"application-managecontracts-display-component---AddNewContract--projectDescription","interaction":{"idSuffix":"inner"}},"clearTextFirst":true,"interactionType":"ENTER_TEXT"}]}
COMMAND: POST /session/9eab2abfb92109d83111f8a107828286/element - {"using":"xpath","value":"//input[@id=\"application-managecontracts-display-component---AddNewContract--site-inner\"]"}
RESULT: {"using":"xpath","value":"//input[@id=\"application-managecontracts-display-component---AddNewContract--site-inner\"]"}
COMMAND: POST /session/9eab2abfb92109d83111f8a107828286/element/f.5DB0E6D2BB4820C6A36F69CDDED9F1D7.d.22CE1ACAB62673680A7AC19F6BFF574D.e.17101/clear - {}
RESULT: {}
COMMAND: POST /session/9eab2abfb92109d83111f8a107828286/element/f.5DB0E6D2BB4820C6A36F69CDDED9F1D7.d.22CE1ACAB62673680A7AC19F6BFF574D.e.17101/value - {"text":"2188"}
COMMAND: GET /session/9eab2abfb92109d83111f8a107828286/screenshot - {}
RESULT: {"text":"2188"}
COMMAND: GET /session/9eab2abfb92109d83111f8a107828286/screenshot - {}
RESULT: {}
RESULT: {}
COMMAND: POST /session/9eab2abfb92109d83111f8a107828286/element - {"using":"xpath","value":"//li[.//span[text()='2188']]"}
RESULT: {"using":"xpath","value":"//li[.//span[text()='2188']]"}
COMMAND: POST /session/9eab2abfb92109d83111f8a107828286/element/f.5DB0E6D2BB4820C6A36F69CDDED9F1D7.d.22CE1ACAB62673680A7AC19F6BFF574D.e.17183/click - {}
RESULT: {}
COMMAND: GET /session/9eab2abfb92109d83111f8a107828286/screenshot - {}
RESULT: {}
COMMAND: POST /session/9eab2abfb92109d83111f8a107828286/element - {"using":"xpath","value":"//input[@id=\"application-managecontracts-display-component---AddNewContract--yardId-inner\"]"}
RESULT: {"using":"xpath","value":"//input[@id=\"application-managecontracts-display-component---AddNewContract--yardId-inner\"]"}
COMMAND: GET /session/9eab2abfb92109d83111f8a107828286/element/f.5DB0E6D2BB4820C6A36F69CDDED9F1D7.d.22CE1ACAB62673680A7AC19F6BFF574D.e.17102/property/value - {}
RESULT: {}
COMMAND: POST /session/9eab2abfb92109d83111f8a107828286/element - {"using":"xpath","value":"//input[@id=\"application-managecontracts-display-component---AddNewContract--customerSelect-inner\"]"}
COMMAND: GET /session/9eab2abfb92109d83111f8a107828286/screenshot - {}
RESULT: {"using":"xpath","value":"//input[@id=\"application-managecontracts-display-component---AddNewContract--customerSelect-inner\"]"}
COMMAND: POST /session/9eab2abfb92109d83111f8a107828286/element/f.5DB0E6D2BB4820C6A36F69CDDED9F1D7.d.22CE1ACAB62673680A7AC19F6BFF574D.e.17100/clear - {}
RESULT: {}
RESULT: {}
COMMAND: POST /session/9eab2abfb92109d83111f8a107828286/element/f.5DB0E6D2BB4820C6A36F69CDDED9F1D7.d.22CE1ACAB62673680A7AC19F6BFF574D.e.17100/value - {"text":"1205"}
COMMAND: GET /session/9eab2abfb92109d83111f8a107828286/screenshot - {}
RESULT: {"text":"1205"}
COMMAND: GET /session/9eab2abfb92109d83111f8a107828286/screenshot - {}
RESULT: {}
COMMAND: POST /session/9eab2abfb92109d83111f8a107828286/element - {"using":"xpath","value":"//li[.//span[text()='1205']]"}
RESULT: {}
RESULT: {"using":"xpath","value":"//li[.//span[text()='1205']]"}
COMMAND: POST /session/9eab2abfb92109d83111f8a107828286/element/f.5DB0E6D2BB4820C6A36F69CDDED9F1D7.d.22CE1ACAB62673680A7AC19F6BFF574D.e.17186/click - {}
RESULT: {}
COMMAND: GET /session/9eab2abfb92109d83111f8a107828286/screenshot - {}
RESULT: {}
COMMAND: POST /session/9eab2abfb92109d83111f8a107828286/element - {"using":"xpath","value":"//button[@data-kt=\"saveButton\"]"}
RESULT: {"using":"xpath","value":"//button[@data-kt=\"saveButton\"]"}
COMMAND: POST /session/9eab2abfb92109d83111f8a107828286/element/f.5DB0E6D2BB4820C6A36F69CDDED9F1D7.d.22CE1ACAB62673680A7AC19F6BFF574D.e.17176/click - {}
RESULT: {}
COMMAND: GET /session/9eab2abfb92109d83111f8a107828286/screenshot - {}
RESULT: {}
COMMAND: POST /session/9eab2abfb92109d83111f8a107828286/element - {"using":"xpath","value":"//span[contains(@id ,\"contractDetailTitleNoExpanded\")]"}
RESULT: {"using":"xpath","value":"//span[contains(@id ,\"contractDetailTitleNoExpanded\")]"}
COMMAND: POST /session/9eab2abfb92109d83111f8a107828286/elements - {"using":"xpath","value":"//span[contains(@id ,\"contractDetailTitleNoExpanded\")]"}
RESULT: {"using":"xpath","value":"//span[contains(@id ,\"contractDetailTitleNoExpanded\")]"}
COMMAND: POST /session/9eab2abfb92109d83111f8a107828286/execute/sync - {"script":"<script> [56 bytes]","args":[{"element-6066-11e4-a52e-4f735466cecf":"f.5DB0E6D2BB4820C6A36F69CDDED9F1D7.d.22CE1ACAB62673680A7AC19F6BFF574D.e.17199","ELEMENT":"f.5DB0E6D2BB4820C6A36F69CDDED9F1D7.d.22CE1ACAB62673680A7AC19F6BFF574D.e.17199"}]}
RESULT: {"script":"<script> [56 bytes]","args":[{"element-6066-11e4-a52e-4f735466cecf":"f.5DB0E6D2BB4820C6A36F69CDDED9F1D7.d.22CE1ACAB62673680A7AC19F6BFF574D.e.17199","ELEMENT":"f.5DB0E6D2BB4820C6A36F69CDDED9F1D7.d.22CE1ACAB62673680A7AC19F6BFF574D.e.17199"}]}
COMMAND: GET /session/9eab2abfb92109d83111f8a107828286/screenshot - {}
RESULT: {}
]]></system-out>
    </testcase>
    <testcase classname="chrome.136_0_7103_93.windows.Performance_based_billing_(work_days)_US139742" name="Should add equipment to the contract" time="48.008">
      <system-out><![CDATA[
COMMAND: POST /session/9eab2abfb92109d83111f8a107828286/element - {"using":"xpath","value":"//button[@data-kt=\"contractDetailEditBtnButton\"]"}
RESULT: {"using":"xpath","value":"//button[@data-kt=\"contractDetailEditBtnButton\"]"}
COMMAND: POST /session/9eab2abfb92109d83111f8a107828286/element/f.5DB0E6D2BB4820C6A36F69CDDED9F1D7.d.22CE1ACAB62673680A7AC19F6BFF574D.e.17201/click - {}
RESULT: {}
COMMAND: GET /session/9eab2abfb92109d83111f8a107828286/screenshot - {}
RESULT: {}
COMMAND: POST /session/9eab2abfb92109d83111f8a107828286/element - {"using":"xpath","value":"(//span[contains(text(), \"Additional Addresses\")])[2]"}
RESULT: {"using":"xpath","value":"(//span[contains(text(), \"Additional Addresses\")])[2]"}
COMMAND: POST /session/9eab2abfb92109d83111f8a107828286/element/f.5DB0E6D2BB4820C6A36F69CDDED9F1D7.d.22CE1ACAB62673680A7AC19F6BFF574D.e.17256/click - {}
RESULT: {}
COMMAND: GET /session/9eab2abfb92109d83111f8a107828286/screenshot - {}
RESULT: {}
COMMAND: POST /session/9eab2abfb92109d83111f8a107828286/element - {"using":"xpath","value":"//button[@data-kt=\"btnAddTableRowOverflowToolbarButton\"]"}
RESULT: {"using":"xpath","value":"//button[@data-kt=\"btnAddTableRowOverflowToolbarButton\"]"}
COMMAND: POST /session/9eab2abfb92109d83111f8a107828286/element/f.5DB0E6D2BB4820C6A36F69CDDED9F1D7.d.22CE1ACAB62673680A7AC19F6BFF574D.e.17260/click - {}
RESULT: {}
COMMAND: GET /session/9eab2abfb92109d83111f8a107828286/screenshot - {}
RESULT: {}
COMMAND: POST /session/9eab2abfb92109d83111f8a107828286/element - {"using":"xpath","value":"//div[(text() = 'Standard Entry' or . = 'Standard Entry')]"}
RESULT: {"using":"xpath","value":"//div[(text() = 'Standard Entry' or . = 'Standard Entry')]"}
COMMAND: POST /session/9eab2abfb92109d83111f8a107828286/element/f.5DB0E6D2BB4820C6A36F69CDDED9F1D7.d.22CE1ACAB62673680A7AC19F6BFF574D.e.17262/click - {}
RESULT: {}
COMMAND: GET /session/9eab2abfb92109d83111f8a107828286/screenshot - {}
RESULT: {}
COMMAND: POST /session/9eab2abfb92109d83111f8a107828286/element - {"using":"xpath","value":"//td[7]/div/div/input"}
RESULT: {"using":"xpath","value":"//td[7]/div/div/input"}
COMMAND: POST /session/9eab2abfb92109d83111f8a107828286/element/f.5DB0E6D2BB4820C6A36F69CDDED9F1D7.d.22CE1ACAB62673680A7AC19F6BFF574D.e.17271/clear - {}
RESULT: {}
COMMAND: POST /session/9eab2abfb92109d83111f8a107828286/element/f.5DB0E6D2BB4820C6A36F69CDDED9F1D7.d.22CE1ACAB62673680A7AC19F6BFF574D.e.17271/value - {"text":"1vW820URHx"}
COMMAND: GET /session/9eab2abfb92109d83111f8a107828286/screenshot - {}
RESULT: {"text":"1vW820URHx"}
COMMAND: GET /session/9eab2abfb92109d83111f8a107828286/screenshot - {}
RESULT: {}
RESULT: {}
COMMAND: POST /session/9eab2abfb92109d83111f8a107828286/actions - {"actions":[{"id":"action63","type":"key","parameters":{},"actions":[{"type":"keyDown","value":""},{"type":"pause","duration":10},{"type":"keyUp","value":""}]}]}
RESULT: {"actions":[{"id":"action63","type":"key","parameters":{},"actions":[{"type":"keyDown","value":""},{"type":"pause","duration":10},{"type":"keyUp","value":""}]}]}
COMMAND: GET /session/9eab2abfb92109d83111f8a107828286/screenshot - {}
RESULT: {}
COMMAND: POST /session/9eab2abfb92109d83111f8a107828286/execute/sync - {"script":"<script> [276 bytes]","args":["No pricing information was found"]}
RESULT: {"script":"<script> [276 bytes]","args":["No pricing information was found"]}
COMMAND: POST /session/9eab2abfb92109d83111f8a107828286/element - {"using":"xpath","value":"(//button[@data-kt=\"saveButton\"])[2]"}
COMMAND: GET /session/9eab2abfb92109d83111f8a107828286/screenshot - {}
RESULT: {"using":"xpath","value":"(//button[@data-kt=\"saveButton\"])[2]"}
COMMAND: POST /session/9eab2abfb92109d83111f8a107828286/element/f.5DB0E6D2BB4820C6A36F69CDDED9F1D7.d.22CE1ACAB62673680A7AC19F6BFF574D.e.17286/click - {}
RESULT: {}
RESULT: {}
COMMAND: GET /session/9eab2abfb92109d83111f8a107828286/screenshot - {}
RESULT: {}
COMMAND: POST /session/9eab2abfb92109d83111f8a107828286/execute/sync - {"script":"<script> [276 bytes]","args":["Some contract items are having rental validity exceeding header rental validity"]}
RESULT: {"script":"<script> [276 bytes]","args":["Some contract items are having rental validity exceeding header rental validity"]}
COMMAND: GET /session/9eab2abfb92109d83111f8a107828286/screenshot - {}
RESULT: {}
COMMAND: POST /session/9eab2abfb92109d83111f8a107828286/element - {"using":"xpath","value":"//span[contains(@id ,\"contractItemsSmartTable-header-inner\")]"}
RESULT: {"using":"xpath","value":"//span[contains(@id ,\"contractItemsSmartTable-header-inner\")]"}
COMMAND: POST /session/9eab2abfb92109d83111f8a107828286/elements - {"using":"xpath","value":"//span[contains(@id ,\"contractItemsSmartTable-header-inner\")]"}
RESULT: {"using":"xpath","value":"//span[contains(@id ,\"contractItemsSmartTable-header-inner\")]"}
COMMAND: POST /session/9eab2abfb92109d83111f8a107828286/execute/sync - {"script":"<script> [56 bytes]","args":[{"element-6066-11e4-a52e-4f735466cecf":"f.5DB0E6D2BB4820C6A36F69CDDED9F1D7.d.22CE1ACAB62673680A7AC19F6BFF574D.e.17293","ELEMENT":"f.5DB0E6D2BB4820C6A36F69CDDED9F1D7.d.22CE1ACAB62673680A7AC19F6BFF574D.e.17293"}]}
RESULT: {"script":"<script> [56 bytes]","args":[{"element-6066-11e4-a52e-4f735466cecf":"f.5DB0E6D2BB4820C6A36F69CDDED9F1D7.d.22CE1ACAB62673680A7AC19F6BFF574D.e.17293","ELEMENT":"f.5DB0E6D2BB4820C6A36F69CDDED9F1D7.d.22CE1ACAB62673680A7AC19F6BFF574D.e.17293"}]}
]]></system-out>
    </testcase>
    <testcase classname="chrome.136_0_7103_93.windows.Performance_based_billing_(work_days)_US139742" name="Should do a provide to site handover" time="73.796">
      <system-out><![CDATA[
COMMAND: GET /session/9eab2abfb92109d83111f8a107828286/screenshot - {}
COMMAND: POST /session/9eab2abfb92109d83111f8a107828286/element - {"using":"xpath","value":"//button[@data-kt=\"provideButton\"]"}
RESULT: {}
RESULT: {"using":"xpath","value":"//button[@data-kt=\"provideButton\"]"}
COMMAND: POST /session/9eab2abfb92109d83111f8a107828286/element/f.5DB0E6D2BB4820C6A36F69CDDED9F1D7.d.22CE1ACAB62673680A7AC19F6BFF574D.e.17294/click - {}
RESULT: {}
COMMAND: GET /session/9eab2abfb92109d83111f8a107828286/screenshot - {}
RESULT: {}
RESULT: undefined
COMMAND: POST /session/9eab2abfb92109d83111f8a107828286/execute/async - {"script":"<script> [6424 bytes]","args":[{"element-6066-11e4-a52e-4f735466cecf":"f.5DB0E6D2BB4820C6A36F69CDDED9F1D7.d.22CE1ACAB62673680A7AC19F6BFF574D.e.16280"},"setValue",["5/27/25"]]}
COMMAND: POST /session/9eab2abfb92109d83111f8a107828286/execute/async - {"script":"<script> [1562 bytes]","args":[{"selector":{"id":"application-managehandovers-display-component---AddNewHO--dueDate","interaction":{"idSuffix":"inner"}},"wdio_ui5_key":"applicationmanagehandovers-display-component---AddNewHO--dueDate"}]}
RESULT: {"script":"<script> [1562 bytes]","args":[{"selector":{"id":"application-managehandovers-display-component---AddNewHO--dueDate","interaction":{"idSuffix":"inner"}},"wdio_ui5_key":"applicationmanagehandovers-display-component---AddNewHO--dueDate"}]}
COMMAND: POST /session/9eab2abfb92109d83111f8a107828286/execute/async - {"script":"<script> [6424 bytes]","args":[{"element-6066-11e4-a52e-4f735466cecf":"f.5DB0E6D2BB4820C6A36F69CDDED9F1D7.d.22CE1ACAB62673680A7AC19F6BFF574D.e.17370"},"setValue",["5/27/25"]]}
RESULT: {"script":"<script> [6424 bytes]","args":[{"element-6066-11e4-a52e-4f735466cecf":"f.5DB0E6D2BB4820C6A36F69CDDED9F1D7.d.22CE1ACAB62673680A7AC19F6BFF574D.e.17370"},"setValue",["5/27/25"]]}
COMMAND: POST /session/9eab2abfb92109d83111f8a107828286/element - {"using":"xpath","value":"//bdi[contains(text(), \"Instructions\")]"}
RESULT: {"using":"xpath","value":"//bdi[contains(text(), \"Instructions\")]"}
COMMAND: POST /session/9eab2abfb92109d83111f8a107828286/element/f.5DB0E6D2BB4820C6A36F69CDDED9F1D7.d.22CE1ACAB62673680A7AC19F6BFF574D.e.17609/click - {}
RESULT: {}
COMMAND: GET /session/9eab2abfb92109d83111f8a107828286/screenshot - {}
RESULT: {}
COMMAND: POST /session/9eab2abfb92109d83111f8a107828286/element - {"using":"xpath","value":"//button[@data-kt=\"AddNewHOProvideAddItemsButton\"]"}
RESULT: {"using":"xpath","value":"//button[@data-kt=\"AddNewHOProvideAddItemsButton\"]"}
COMMAND: POST /session/9eab2abfb92109d83111f8a107828286/element/f.5DB0E6D2BB4820C6A36F69CDDED9F1D7.d.22CE1ACAB62673680A7AC19F6BFF574D.e.17614/click - {}
RESULT: {}
COMMAND: GET /session/9eab2abfb92109d83111f8a107828286/screenshot - {}
RESULT: {}
RESULT: undefined
COMMAND: POST /session/9eab2abfb92109d83111f8a107828286/element - {"using":"xpath","value":"//*[@id=\"application-managehandovers-display-component---AddNewHO--popup-sa\"]"}
RESULT: {"using":"xpath","value":"//*[@id=\"application-managehandovers-display-component---AddNewHO--popup-sa\"]"}
COMMAND: POST /session/9eab2abfb92109d83111f8a107828286/element/f.5DB0E6D2BB4820C6A36F69CDDED9F1D7.d.22CE1ACAB62673680A7AC19F6BFF574D.e.17624/click - {}
RESULT: {}
COMMAND: GET /session/9eab2abfb92109d83111f8a107828286/screenshot - {}
RESULT: {}
COMMAND: POST /session/9eab2abfb92109d83111f8a107828286/element - {"using":"xpath","value":"//*[contains(@id ,\"BDI-content\")][contains(text(), \"Select\")]"}
RESULT: {"using":"xpath","value":"//*[contains(@id ,\"BDI-content\")][contains(text(), \"Select\")]"}
COMMAND: POST /session/9eab2abfb92109d83111f8a107828286/element/f.5DB0E6D2BB4820C6A36F69CDDED9F1D7.d.22CE1ACAB62673680A7AC19F6BFF574D.e.17626/click - {}
RESULT: {}
COMMAND: GET /session/9eab2abfb92109d83111f8a107828286/screenshot - {}
RESULT: {}
COMMAND: POST /session/9eab2abfb92109d83111f8a107828286/execute/async - {"script":"<script> [1562 bytes]","args":[{"selector":{"id":"application-managehandovers-display-component---AddNewHO--confirmCreationButton","interaction":{"idSuffix":"BDI-content"}},"wdio_ui5_key":"applicationmanagehandovers-display-component---AddNewHO--confirmCreationButton"}]}
RESULT: {"script":"<script> [1562 bytes]","args":[{"selector":{"id":"application-managehandovers-display-component---AddNewHO--confirmCreationButton","interaction":{"idSuffix":"BDI-content"}},"wdio_ui5_key":"applicationmanagehandovers-display-component---AddNewHO--confirmCreationButton"}]}
RESULT: undefined
COMMAND: POST /session/9eab2abfb92109d83111f8a107828286/element - {"using":"xpath","value":"//*[@id=\"application-managehandovers-display-component---AddNewHO--confirmCreationButton\"]"}
RESULT: {"using":"xpath","value":"//*[@id=\"application-managehandovers-display-component---AddNewHO--confirmCreationButton\"]"}
COMMAND: POST /session/9eab2abfb92109d83111f8a107828286/element/f.5DB0E6D2BB4820C6A36F69CDDED9F1D7.d.22CE1ACAB62673680A7AC19F6BFF574D.e.17418/click - {}
RESULT: {}
COMMAND: GET /session/9eab2abfb92109d83111f8a107828286/screenshot - {}
RESULT: {}
COMMAND: POST /session/9eab2abfb92109d83111f8a107828286/execute/async - {"script":"<script> [1562 bytes]","args":[{"selector":{"id":"issueDatePicker","viewName":"etm.portal.ui.managehandovers.view.DetailExecuteHO","interaction":{"idSuffix":"inner"}},"wdio_ui5_key":"issueDatePickeretmportal.ui.managehandovers.view.DetailExecuteHO"}]}
RESULT: {"script":"<script> [1562 bytes]","args":[{"selector":{"id":"issueDatePicker","viewName":"etm.portal.ui.managehandovers.view.DetailExecuteHO","interaction":{"idSuffix":"inner"}},"wdio_ui5_key":"issueDatePickeretmportal.ui.managehandovers.view.DetailExecuteHO"}]}
RESULT: undefined
COMMAND: POST /session/9eab2abfb92109d83111f8a107828286/execute/async - {"script":"<script> [776 bytes]","args":[{"enterText":"5/27/25","selector":{"id":"issueDatePicker","viewName":"etm.portal.ui.managehandovers.view.DetailExecuteHO","interaction":{"idSuffix":"inner"}},"clearTextFirst":true,"interactionType":"ENTER_TEXT"}]}
RESULT: {"script":"<script> [776 bytes]","args":[{"enterText":"5/27/25","selector":{"id":"issueDatePicker","viewName":"etm.portal.ui.managehandovers.view.DetailExecuteHO","interaction":{"idSuffix":"inner"}},"clearTextFirst":true,"interactionType":"ENTER_TEXT"}]}
COMMAND: POST /session/9eab2abfb92109d83111f8a107828286/element - {"using":"xpath","value":"//button[@data-kt=\"PickingTableConfirmAllButton\"]"}
RESULT: {"using":"xpath","value":"//button[@data-kt=\"PickingTableConfirmAllButton\"]"}
COMMAND: POST /session/9eab2abfb92109d83111f8a107828286/element/f.5DB0E6D2BB4820C6A36F69CDDED9F1D7.d.22CE1ACAB62673680A7AC19F6BFF574D.e.17688/click - {}
RESULT: {}
COMMAND: GET /session/9eab2abfb92109d83111f8a107828286/screenshot - {}
RESULT: {}
COMMAND: POST /session/9eab2abfb92109d83111f8a107828286/element - {"using":"xpath","value":"//bdi[contains(text(), \"OK\")]"}
RESULT: {"using":"xpath","value":"//bdi[contains(text(), \"OK\")]"}
COMMAND: POST /session/9eab2abfb92109d83111f8a107828286/element/f.5DB0E6D2BB4820C6A36F69CDDED9F1D7.d.22CE1ACAB62673680A7AC19F6BFF574D.e.17691/click - {}
RESULT: {}
COMMAND: GET /session/9eab2abfb92109d83111f8a107828286/screenshot - {}
RESULT: {}
COMMAND: POST /session/9eab2abfb92109d83111f8a107828286/element - {"using":"xpath","value":"//bdi[contains(text(), \"Issue\")]"}
RESULT: {"using":"xpath","value":"//bdi[contains(text(), \"Issue\")]"}
COMMAND: POST /session/9eab2abfb92109d83111f8a107828286/element/f.5DB0E6D2BB4820C6A36F69CDDED9F1D7.d.22CE1ACAB62673680A7AC19F6BFF574D.e.17693/click - {}
RESULT: {}
COMMAND: GET /session/9eab2abfb92109d83111f8a107828286/screenshot - {}
RESULT: {}
COMMAND: POST /session/9eab2abfb92109d83111f8a107828286/element - {"using":"css selector","value":"#shell-header-logo"}
RESULT: {"using":"css selector","value":"#shell-header-logo"}
COMMAND: POST /session/9eab2abfb92109d83111f8a107828286/element/f.5DB0E6D2BB4820C6A36F69CDDED9F1D7.d.22CE1ACAB62673680A7AC19F6BFF574D.e.16736/click - {}
RESULT: {}
COMMAND: GET /session/9eab2abfb92109d83111f8a107828286/screenshot - {}
]]></system-out>
    </testcase>
    <testcase classname="chrome.136_0_7103_93.windows.Performance_based_billing_(work_days)_US139742" name="Should create a few performance documents" time="106.559">
      <system-out><![CDATA[
COMMAND: POST /session/9eab2abfb92109d83111f8a107828286/execute/async - {"script":"<script> [1562 bytes]","args":[{"selector":{"controlType":"sap.m.GenericTile","properties":{"header":"Manage States & Performance"}},"wdio_ui5_key":"sapm.GenericTile{\"header\":\"Manage States & Performance\"}"}]}
RESULT: {}
RESULT: {"script":"<script> [1562 bytes]","args":[{"selector":{"controlType":"sap.m.GenericTile","properties":{"header":"Manage States & Performance"}},"wdio_ui5_key":"sapm.GenericTile{\"header\":\"Manage States & Performance\"}"}]}
RESULT: undefined
COMMAND: POST /session/9eab2abfb92109d83111f8a107828286/element - {"using":"xpath","value":"//*[@id=\"__tile56\"]"}
RESULT: {"using":"xpath","value":"//*[@id=\"__tile56\"]"}
COMMAND: POST /session/9eab2abfb92109d83111f8a107828286/element/f.5DB0E6D2BB4820C6A36F69CDDED9F1D7.d.22CE1ACAB62673680A7AC19F6BFF574D.e.14097/click - {}
RESULT: {}
COMMAND: GET /session/9eab2abfb92109d83111f8a107828286/screenshot - {}
RESULT: {}
COMMAND: POST /session/9eab2abfb92109d83111f8a107828286/elements - {"using":"xpath","value":"//span[text()='Error']"}
RESULT: {"using":"xpath","value":"//span[text()='Error']"}
COMMAND: POST /session/9eab2abfb92109d83111f8a107828286/element - {"using":"xpath","value":"//div[@id=\"application-managestatesandperformance-display-component---stateAndPerform--smartFilterBarResources-btnBasicSearch\"]"}
RESULT: {"using":"xpath","value":"//div[@id=\"application-managestatesandperformance-display-component---stateAndPerform--smartFilterBarResources-btnBasicSearch\"]"}
COMMAND: POST /session/9eab2abfb92109d83111f8a107828286/elements - {"using":"xpath","value":"//div[@id=\"application-managestatesandperformance-display-component---stateAndPerform--smartFilterBarResources-btnBasicSearch\"]"}
RESULT: {"using":"xpath","value":"//div[@id=\"application-managestatesandperformance-display-component---stateAndPerform--smartFilterBarResources-btnBasicSearch\"]"}
COMMAND: POST /session/9eab2abfb92109d83111f8a107828286/execute/sync - {"script":"<script> [8489 bytes]","args":[{"element-6066-11e4-a52e-4f735466cecf":"f.5DB0E6D2BB4820C6A36F69CDDED9F1D7.d.22CE1ACAB62673680A7AC19F6BFF574D.e.17912","ELEMENT":"f.5DB0E6D2BB4820C6A36F69CDDED9F1D7.d.22CE1ACAB62673680A7AC19F6BFF574D.e.17912"}]}
RESULT: {"script":"<script> [8489 bytes]","args":[{"element-6066-11e4-a52e-4f735466cecf":"f.5DB0E6D2BB4820C6A36F69CDDED9F1D7.d.22CE1ACAB62673680A7AC19F6BFF574D.e.17912","ELEMENT":"f.5DB0E6D2BB4820C6A36F69CDDED9F1D7.d.22CE1ACAB62673680A7AC19F6BFF574D.e.17912"}]}
COMMAND: GET /session/9eab2abfb92109d83111f8a107828286/element/f.5DB0E6D2BB4820C6A36F69CDDED9F1D7.d.22CE1ACAB62673680A7AC19F6BFF574D.e.17912/enabled - {}
COMMAND: GET /session/9eab2abfb92109d83111f8a107828286/screenshot - {}
RESULT: {}
COMMAND: POST /session/9eab2abfb92109d83111f8a107828286/execute/sync - {"script":"<script> [8489 bytes]","args":[{"element-6066-11e4-a52e-4f735466cecf":"f.5DB0E6D2BB4820C6A36F69CDDED9F1D7.d.22CE1ACAB62673680A7AC19F6BFF574D.e.17912","ELEMENT":"f.5DB0E6D2BB4820C6A36F69CDDED9F1D7.d.22CE1ACAB62673680A7AC19F6BFF574D.e.17912"}]}
COMMAND: GET /session/9eab2abfb92109d83111f8a107828286/screenshot - {}
RESULT: {}
RESULT: {"script":"<script> [8489 bytes]","args":[{"element-6066-11e4-a52e-4f735466cecf":"f.5DB0E6D2BB4820C6A36F69CDDED9F1D7.d.22CE1ACAB62673680A7AC19F6BFF574D.e.17912","ELEMENT":"f.5DB0E6D2BB4820C6A36F69CDDED9F1D7.d.22CE1ACAB62673680A7AC19F6BFF574D.e.17912"}]}
COMMAND: POST /session/9eab2abfb92109d83111f8a107828286/execute/sync - {"script":"<script> [5351 bytes]","args":[{"element-6066-11e4-a52e-4f735466cecf":"f.5DB0E6D2BB4820C6A36F69CDDED9F1D7.d.22CE1ACAB62673680A7AC19F6BFF574D.e.17912","ELEMENT":"f.5DB0E6D2BB4820C6A36F69CDDED9F1D7.d.22CE1ACAB62673680A7AC19F6BFF574D.e.17912"}]}
COMMAND: GET /session/9eab2abfb92109d83111f8a107828286/screenshot - {}
RESULT: {}
RESULT: {"script":"<script> [5351 bytes]","args":[{"element-6066-11e4-a52e-4f735466cecf":"f.5DB0E6D2BB4820C6A36F69CDDED9F1D7.d.22CE1ACAB62673680A7AC19F6BFF574D.e.17912","ELEMENT":"f.5DB0E6D2BB4820C6A36F69CDDED9F1D7.d.22CE1ACAB62673680A7AC19F6BFF574D.e.17912"}]}
COMMAND: POST /session/9eab2abfb92109d83111f8a107828286/execute/async - {"script":"<script> [1562 bytes]","args":[{"selector":{"id":"application-managestatesandperformance-display-component---stateAndPerform--smartFilterBarResources-btnBasicSearch","interaction":{"idSuffix":"I"}},"wdio_ui5_key":"applicationmanagestatesandperformance-display-component---stateAndPerform--smartFilterBarResources-btnBasicSearch"}]}
COMMAND: GET /session/9eab2abfb92109d83111f8a107828286/screenshot - {}
RESULT: {}
RESULT: {"script":"<script> [1562 bytes]","args":[{"selector":{"id":"application-managestatesandperformance-display-component---stateAndPerform--smartFilterBarResources-btnBasicSearch","interaction":{"idSuffix":"I"}},"wdio_ui5_key":"applicationmanagestatesandperformance-display-component---stateAndPerform--smartFilterBarResources-btnBasicSearch"}]}
RESULT: undefined
COMMAND: POST /session/9eab2abfb92109d83111f8a107828286/execute/async - {"script":"<script> [776 bytes]","args":[{"enterText":"1vW820URHx","selector":{"id":"application-managestatesandperformance-display-component---stateAndPerform--smartFilterBarResources-btnBasicSearch","interaction":{"idSuffix":"I"}},"clearTextFirst":true,"interactionType":"ENTER_TEXT"}]}
RESULT: {}
RESULT: {"script":"<script> [776 bytes]","args":[{"enterText":"1vW820URHx","selector":{"id":"application-managestatesandperformance-display-component---stateAndPerform--smartFilterBarResources-btnBasicSearch","interaction":{"idSuffix":"I"}},"clearTextFirst":true,"interactionType":"ENTER_TEXT"}]}
COMMAND: POST /session/9eab2abfb92109d83111f8a107828286/actions - {"actions":[{"id":"action64","type":"key","parameters":{},"actions":[{"type":"keyDown","value":""},{"type":"pause","duration":10},{"type":"keyUp","value":""}]}]}
RESULT: {"actions":[{"id":"action64","type":"key","parameters":{},"actions":[{"type":"keyDown","value":""},{"type":"pause","duration":10},{"type":"keyUp","value":""}]}]}
COMMAND: GET /session/9eab2abfb92109d83111f8a107828286/screenshot - {}
RESULT: {}
COMMAND: POST /session/9eab2abfb92109d83111f8a107828286/execute/async - {"script":"<script> [1562 bytes]","args":[{"selector":{"id":"application-managestatesandperformance-display-component---stateAndPerform--stateAndPerformResourcesSmartTable-header"},"wdio_ui5_key":"applicationmanagestatesandperformance-display-component---stateAndPerform--stateAndPerformResourcesSmartTable-header"}]}
RESULT: {"script":"<script> [1562 bytes]","args":[{"selector":{"id":"application-managestatesandperformance-display-component---stateAndPerform--stateAndPerformResourcesSmartTable-header"},"wdio_ui5_key":"applicationmanagestatesandperformance-display-component---stateAndPerform--stateAndPerformResourcesSmartTable-header"}]}
RESULT: undefined
COMMAND: POST /session/9eab2abfb92109d83111f8a107828286/execute/async - {"script":"<script> [6424 bytes]","args":[{"element-6066-11e4-a52e-4f735466cecf":"f.5DB0E6D2BB4820C6A36F69CDDED9F1D7.d.22CE1ACAB62673680A7AC19F6BFF574D.e.17975"},"getText",[]]}
RESULT: {"script":"<script> [6424 bytes]","args":[{"element-6066-11e4-a52e-4f735466cecf":"f.5DB0E6D2BB4820C6A36F69CDDED9F1D7.d.22CE1ACAB62673680A7AC19F6BFF574D.e.17975"},"getText",[]]}
COMMAND: POST /session/9eab2abfb92109d83111f8a107828286/execute/async - {"script":"<script> [1562 bytes]","args":[{"selector":{"controlType":"sap.ui.core.Icon","viewName":"etm.portal.ui.managestatesandperformance.view.Master","viewId":"application-managestatesandperformance-display-component---stateAndPerform","properties":{"src":{"regex":{"source":"slim\\-arrow\\-right"}}}},"wdio_ui5_key":"etmportal.ui.managestatesandperformance.view.Mastersap.ui.core.Icon{\"src\":{\"regex\":{\"source\":\"slim\\\\-arrow\\\\-right\"}}}"}]}
RESULT: {"script":"<script> [1562 bytes]","args":[{"selector":{"controlType":"sap.ui.core.Icon","viewName":"etm.portal.ui.managestatesandperformance.view.Master","viewId":"application-managestatesandperformance-display-component---stateAndPerform","properties":{"src":{"regex":{"source":"slim\\-arrow\\-right"}}}},"wdio_ui5_key":"etmportal.ui.managestatesandperformance.view.Mastersap.ui.core.Icon{\"src\":{\"regex\":{\"source\":\"slim\\\\-arrow\\\\-right\"}}}"}]}
RESULT: undefined
COMMAND: POST /session/9eab2abfb92109d83111f8a107828286/element - {"using":"xpath","value":"//*[@id=\"__item2272-__clone4463-imgNav\"]"}
RESULT: {"using":"xpath","value":"//*[@id=\"__item2272-__clone4463-imgNav\"]"}
COMMAND: POST /session/9eab2abfb92109d83111f8a107828286/element/f.5DB0E6D2BB4820C6A36F69CDDED9F1D7.d.22CE1ACAB62673680A7AC19F6BFF574D.e.17974/click - {}
RESULT: {}
COMMAND: GET /session/9eab2abfb92109d83111f8a107828286/screenshot - {}
RESULT: {}
COMMAND: POST /session/9eab2abfb92109d83111f8a107828286/execute/async - {"script":"<script> [1562 bytes]","args":[{"selector":{"controlType":"sap.m.Button","viewName":"etm.portal.ui.managestatesandperformance.view.Detail","viewId":"application-managestatesandperformance-display-component---detailStateAndPerform","properties":{"text":"Performance Documents"}},"wdio_ui5_key":"etmportal.ui.managestatesandperformance.view.Detailsap.m.Button{\"text\":\"Performance Documents\"}"}]}
RESULT: {"script":"<script> [1562 bytes]","args":[{"selector":{"controlType":"sap.m.Button","viewName":"etm.portal.ui.managestatesandperformance.view.Detail","viewId":"application-managestatesandperformance-display-component---detailStateAndPerform","properties":{"text":"Performance Documents"}},"wdio_ui5_key":"etmportal.ui.managestatesandperformance.view.Detailsap.m.Button{\"text\":\"Performance Documents\"}"}]}
RESULT: undefined
COMMAND: POST /session/9eab2abfb92109d83111f8a107828286/element - {"using":"xpath","value":"//*[@id=\"__item2295-button\"]"}
RESULT: {"using":"xpath","value":"//*[@id=\"__item2295-button\"]"}
COMMAND: POST /session/9eab2abfb92109d83111f8a107828286/element/f.5DB0E6D2BB4820C6A36F69CDDED9F1D7.d.22CE1ACAB62673680A7AC19F6BFF574D.e.18021/click - {}
RESULT: {}
COMMAND: POST /session/9eab2abfb92109d83111f8a107828286/execute/async - {"script":"<script> [1562 bytes]","args":[{"selector":{"controlType":"sap.m.Button","viewName":"etm.portal.ui.managestatesandperformance.view.Detail","viewId":"application-managestatesandperformance-display-component---detailStateAndPerform","i18NText":{"propertyName":"text","key":"createPerformanceDoc"},"interaction":{"idSuffix":"BDI-content"}},"wdio_ui5_key":"etmportal.ui.managestatesandperformance.view.Detailsap.m.Button{\"propertyName\":\"text\",\"key\":\"createPerformanceDoc\"}"}]}
COMMAND: GET /session/9eab2abfb92109d83111f8a107828286/screenshot - {}
RESULT: {"script":"<script> [1562 bytes]","args":[{"selector":{"controlType":"sap.m.Button","viewName":"etm.portal.ui.managestatesandperformance.view.Detail","viewId":"application-managestatesandperformance-display-component---detailStateAndPerform","i18NText":{"propertyName":"text","key":"createPerformanceDoc"},"interaction":{"idSuffix":"BDI-content"}},"wdio_ui5_key":"etmportal.ui.managestatesandperformance.view.Detailsap.m.Button{\"propertyName\":\"text\",\"key\":\"createPerformanceDoc\"}"}]}
RESULT: undefined
COMMAND: POST /session/9eab2abfb92109d83111f8a107828286/element - {"using":"xpath","value":"//*[@id=\"__button417\"]"}
RESULT: {}
RESULT: {"using":"xpath","value":"//*[@id=\"__button417\"]"}
COMMAND: POST /session/9eab2abfb92109d83111f8a107828286/element/f.5DB0E6D2BB4820C6A36F69CDDED9F1D7.d.22CE1ACAB62673680A7AC19F6BFF574D.e.18025/click - {}
RESULT: {}
COMMAND: POST /session/9eab2abfb92109d83111f8a107828286/execute/async - {"script":"<script> [1562 bytes]","args":[{"selector":{"id":"application-managestatesandperformance-display-component---detailStateAndPerform--perfDocDatePicker","searchOpenDialogs":true,"interaction":{"idSuffix":"inner"}},"wdio_ui5_key":"applicationmanagestatesandperformance-display-component---detailStateAndPerform--perfDocDatePicker"}]}
COMMAND: GET /session/9eab2abfb92109d83111f8a107828286/screenshot - {}
RESULT: {"script":"<script> [1562 bytes]","args":[{"selector":{"id":"application-managestatesandperformance-display-component---detailStateAndPerform--perfDocDatePicker","searchOpenDialogs":true,"interaction":{"idSuffix":"inner"}},"wdio_ui5_key":"applicationmanagestatesandperformance-display-component---detailStateAndPerform--perfDocDatePicker"}]}
RESULT: undefined
COMMAND: POST /session/9eab2abfb92109d83111f8a107828286/execute/async - {"script":"<script> [776 bytes]","args":[{"enterText":"5/29/25","selector":{"id":"application-managestatesandperformance-display-component---detailStateAndPerform--perfDocDatePicker","searchOpenDialogs":true,"interaction":{"idSuffix":"inner"}},"clearTextFirst":true,"interactionType":"ENTER_TEXT"}]}
RESULT: {}
RESULT: {"script":"<script> [776 bytes]","args":[{"enterText":"5/29/25","selector":{"id":"application-managestatesandperformance-display-component---detailStateAndPerform--perfDocDatePicker","searchOpenDialogs":true,"interaction":{"idSuffix":"inner"}},"clearTextFirst":true,"interactionType":"ENTER_TEXT"}]}
COMMAND: POST /session/9eab2abfb92109d83111f8a107828286/execute/async - {"script":"<script> [1562 bytes]","args":[{"selector":{"id":"application-managestatesandperformance-display-component---detailStateAndPerform--counterValue-input","searchOpenDialogs":true,"interaction":{"idSuffix":"inner"}},"wdio_ui5_key":"applicationmanagestatesandperformance-display-component---detailStateAndPerform--counterValue-input"}]}
RESULT: {"script":"<script> [1562 bytes]","args":[{"selector":{"id":"application-managestatesandperformance-display-component---detailStateAndPerform--counterValue-input","searchOpenDialogs":true,"interaction":{"idSuffix":"inner"}},"wdio_ui5_key":"applicationmanagestatesandperformance-display-component---detailStateAndPerform--counterValue-input"}]}
RESULT: undefined
COMMAND: POST /session/9eab2abfb92109d83111f8a107828286/execute/async - {"script":"<script> [776 bytes]","args":[{"enterText":"15.00","selector":{"id":"application-managestatesandperformance-display-component---detailStateAndPerform--counterValue-input","searchOpenDialogs":true,"interaction":{"idSuffix":"inner"}},"clearTextFirst":true,"interactionType":"ENTER_TEXT"}]}
RESULT: {"script":"<script> [776 bytes]","args":[{"enterText":"15.00","selector":{"id":"application-managestatesandperformance-display-component---detailStateAndPerform--counterValue-input","searchOpenDialogs":true,"interaction":{"idSuffix":"inner"}},"clearTextFirst":true,"interactionType":"ENTER_TEXT"}]}
COMMAND: POST /session/9eab2abfb92109d83111f8a107828286/execute/async - {"script":"<script> [1562 bytes]","args":[{"selector":{"controlType":"sap.m.Button","viewName":"etm.portal.ui.managestatesandperformance.view.Detail","viewId":"application-managestatesandperformance-display-component---detailStateAndPerform","bindingPath":{"path":"","propertyPath":"/allowAddEdit","modelName":"oScreenModel"},"searchOpenDialogs":true,"interaction":{"idSuffix":"BDI-content"}},"wdio_ui5_key":"etmportal.ui.managestatesandperformance.view.Detailsap.m.Button{\"path\":\"\",\"propertyPath\":\"/allowAddEdit\",\"modelName\":\"oScreenModel\"}"}]}
RESULT: {"script":"<script> [1562 bytes]","args":[{"selector":{"controlType":"sap.m.Button","viewName":"etm.portal.ui.managestatesandperformance.view.Detail","viewId":"application-managestatesandperformance-display-component---detailStateAndPerform","bindingPath":{"path":"","propertyPath":"/allowAddEdit","modelName":"oScreenModel"},"searchOpenDialogs":true,"interaction":{"idSuffix":"BDI-content"}},"wdio_ui5_key":"etmportal.ui.managestatesandperformance.view.Detailsap.m.Button{\"path\":\"\",\"propertyPath\":\"/allowAddEdit\",\"modelName\":\"oScreenModel\"}"}]}
RESULT: undefined
COMMAND: POST /session/9eab2abfb92109d83111f8a107828286/element - {"using":"xpath","value":"//*[@id=\"__button424\"]"}
RESULT: {"using":"xpath","value":"//*[@id=\"__button424\"]"}
COMMAND: POST /session/9eab2abfb92109d83111f8a107828286/element/f.5DB0E6D2BB4820C6A36F69CDDED9F1D7.d.22CE1ACAB62673680A7AC19F6BFF574D.e.18041/click - {}
RESULT: {}
RESULT: undefined
COMMAND: POST /session/9eab2abfb92109d83111f8a107828286/element - {"using":"xpath","value":"//*[@id=\"__button417\"]"}
COMMAND: GET /session/9eab2abfb92109d83111f8a107828286/screenshot - {}
RESULT: {"using":"xpath","value":"//*[@id=\"__button417\"]"}
COMMAND: POST /session/9eab2abfb92109d83111f8a107828286/element/f.5DB0E6D2BB4820C6A36F69CDDED9F1D7.d.22CE1ACAB62673680A7AC19F6BFF574D.e.18025/click - {}
RESULT: {}
RESULT: {}
RESULT: undefined
COMMAND: POST /session/9eab2abfb92109d83111f8a107828286/execute/async - {"script":"<script> [776 bytes]","args":[{"enterText":"6/2/25","selector":{"id":"application-managestatesandperformance-display-component---detailStateAndPerform--perfDocDatePicker","searchOpenDialogs":true,"interaction":{"idSuffix":"inner"}},"clearTextFirst":true,"interactionType":"ENTER_TEXT"}]}
COMMAND: GET /session/9eab2abfb92109d83111f8a107828286/screenshot - {}
RESULT: {"script":"<script> [776 bytes]","args":[{"enterText":"6/2/25","selector":{"id":"application-managestatesandperformance-display-component---detailStateAndPerform--perfDocDatePicker","searchOpenDialogs":true,"interaction":{"idSuffix":"inner"}},"clearTextFirst":true,"interactionType":"ENTER_TEXT"}]}
RESULT: undefined
COMMAND: POST /session/9eab2abfb92109d83111f8a107828286/execute/async - {"script":"<script> [776 bytes]","args":[{"enterText":"20.00","selector":{"id":"application-managestatesandperformance-display-component---detailStateAndPerform--counterValue-input","searchOpenDialogs":true,"interaction":{"idSuffix":"inner"}},"clearTextFirst":true,"interactionType":"ENTER_TEXT"}]}
RESULT: {}
RESULT: {"script":"<script> [776 bytes]","args":[{"enterText":"20.00","selector":{"id":"application-managestatesandperformance-display-component---detailStateAndPerform--counterValue-input","searchOpenDialogs":true,"interaction":{"idSuffix":"inner"}},"clearTextFirst":true,"interactionType":"ENTER_TEXT"}]}
COMMAND: POST /session/9eab2abfb92109d83111f8a107828286/actions - {"actions":[{"id":"action65","type":"key","parameters":{},"actions":[{"type":"keyDown","value":""},{"type":"keyDown","value":""},{"type":"pause","duration":10},{"type":"keyUp","value":""},{"type":"keyUp","value":""}]}]}
RESULT: {"actions":[{"id":"action65","type":"key","parameters":{},"actions":[{"type":"keyDown","value":""},{"type":"keyDown","value":""},{"type":"pause","duration":10},{"type":"keyUp","value":""},{"type":"keyUp","value":""}]}]}
COMMAND: POST /session/9eab2abfb92109d83111f8a107828286/actions - {"actions":[{"id":"action66","type":"key","parameters":{},"actions":[{"type":"keyDown","value":""},{"type":"pause","duration":10},{"type":"keyUp","value":""}]}]}
COMMAND: GET /session/9eab2abfb92109d83111f8a107828286/screenshot - {}
RESULT: {"actions":[{"id":"action66","type":"key","parameters":{},"actions":[{"type":"keyDown","value":""},{"type":"pause","duration":10},{"type":"keyUp","value":""}]}]}
RESULT: undefined
COMMAND: POST /session/9eab2abfb92109d83111f8a107828286/element - {"using":"xpath","value":"//*[@id=\"__button424\"]"}
COMMAND: GET /session/9eab2abfb92109d83111f8a107828286/screenshot - {}
RESULT: {}
RESULT: {"using":"xpath","value":"//*[@id=\"__button424\"]"}
COMMAND: POST /session/9eab2abfb92109d83111f8a107828286/elements - {"using":"xpath","value":"//*[@id=\"__button424\"]"}
RESULT: {}
RESULT: {"using":"xpath","value":"//*[@id=\"__button424\"]"}
COMMAND: POST /session/9eab2abfb92109d83111f8a107828286/elements - {"using":"xpath","value":"//*[@id=\"__button424\"]"}
RESULT: {"using":"xpath","value":"//*[@id=\"__button424\"]"}
COMMAND: POST /session/9eab2abfb92109d83111f8a107828286/elements - {"using":"xpath","value":"//*[@id=\"__button424\"]"}
RESULT: {"using":"xpath","value":"//*[@id=\"__button424\"]"}
COMMAND: POST /session/9eab2abfb92109d83111f8a107828286/elements - {"using":"xpath","value":"//*[@id=\"__button424\"]"}
RESULT: {"using":"xpath","value":"//*[@id=\"__button424\"]"}
COMMAND: POST /session/9eab2abfb92109d83111f8a107828286/elements - {"using":"xpath","value":"//*[@id=\"__button424\"]"}
RESULT: {"using":"xpath","value":"//*[@id=\"__button424\"]"}
COMMAND: POST /session/9eab2abfb92109d83111f8a107828286/elements - {"using":"xpath","value":"//*[@id=\"__button424\"]"}
RESULT: {"using":"xpath","value":"//*[@id=\"__button424\"]"}
COMMAND: POST /session/9eab2abfb92109d83111f8a107828286/elements - {"using":"xpath","value":"//*[@id=\"__button424\"]"}
RESULT: {"using":"xpath","value":"//*[@id=\"__button424\"]"}
COMMAND: POST /session/9eab2abfb92109d83111f8a107828286/elements - {"using":"xpath","value":"//*[@id=\"__button424\"]"}
RESULT: {"using":"xpath","value":"//*[@id=\"__button424\"]"}
COMMAND: POST /session/9eab2abfb92109d83111f8a107828286/elements - {"using":"xpath","value":"//*[@id=\"__button424\"]"}
RESULT: {"using":"xpath","value":"//*[@id=\"__button424\"]"}
COMMAND: POST /session/9eab2abfb92109d83111f8a107828286/elements - {"using":"xpath","value":"//*[@id=\"__button424\"]"}
RESULT: {"using":"xpath","value":"//*[@id=\"__button424\"]"}
COMMAND: POST /session/9eab2abfb92109d83111f8a107828286/elements - {"using":"xpath","value":"//*[@id=\"__button424\"]"}
RESULT: {"using":"xpath","value":"//*[@id=\"__button424\"]"}
COMMAND: POST /session/9eab2abfb92109d83111f8a107828286/elements - {"using":"xpath","value":"//*[@id=\"__button424\"]"}
RESULT: {"using":"xpath","value":"//*[@id=\"__button424\"]"}
COMMAND: POST /session/9eab2abfb92109d83111f8a107828286/elements - {"using":"xpath","value":"//*[@id=\"__button424\"]"}
RESULT: {"using":"xpath","value":"//*[@id=\"__button424\"]"}
COMMAND: POST /session/9eab2abfb92109d83111f8a107828286/elements - {"using":"xpath","value":"//*[@id=\"__button424\"]"}
RESULT: {"using":"xpath","value":"//*[@id=\"__button424\"]"}
COMMAND: POST /session/9eab2abfb92109d83111f8a107828286/elements - {"using":"xpath","value":"//*[@id=\"__button424\"]"}
RESULT: {"using":"xpath","value":"//*[@id=\"__button424\"]"}
COMMAND: POST /session/9eab2abfb92109d83111f8a107828286/elements - {"using":"xpath","value":"//*[@id=\"__button424\"]"}
RESULT: {"using":"xpath","value":"//*[@id=\"__button424\"]"}
COMMAND: POST /session/9eab2abfb92109d83111f8a107828286/elements - {"using":"xpath","value":"//*[@id=\"__button424\"]"}
RESULT: {"using":"xpath","value":"//*[@id=\"__button424\"]"}
COMMAND: POST /session/9eab2abfb92109d83111f8a107828286/elements - {"using":"xpath","value":"//*[@id=\"__button424\"]"}
RESULT: {"using":"xpath","value":"//*[@id=\"__button424\"]"}
COMMAND: POST /session/9eab2abfb92109d83111f8a107828286/elements - {"using":"xpath","value":"//*[@id=\"__button424\"]"}
RESULT: {"using":"xpath","value":"//*[@id=\"__button424\"]"}
COMMAND: POST /session/9eab2abfb92109d83111f8a107828286/elements - {"using":"xpath","value":"//*[@id=\"__button424\"]"}
RESULT: {"using":"xpath","value":"//*[@id=\"__button424\"]"}
COMMAND: POST /session/9eab2abfb92109d83111f8a107828286/elements - {"using":"xpath","value":"//*[@id=\"__button424\"]"}
RESULT: {"using":"xpath","value":"//*[@id=\"__button424\"]"}
COMMAND: POST /session/9eab2abfb92109d83111f8a107828286/elements - {"using":"xpath","value":"//*[@id=\"__button424\"]"}
RESULT: {"using":"xpath","value":"//*[@id=\"__button424\"]"}
COMMAND: POST /session/9eab2abfb92109d83111f8a107828286/elements - {"using":"xpath","value":"//*[@id=\"__button424\"]"}
RESULT: {"using":"xpath","value":"//*[@id=\"__button424\"]"}
COMMAND: POST /session/9eab2abfb92109d83111f8a107828286/elements - {"using":"xpath","value":"//*[@id=\"__button424\"]"}
RESULT: {"using":"xpath","value":"//*[@id=\"__button424\"]"}
COMMAND: POST /session/9eab2abfb92109d83111f8a107828286/elements - {"using":"xpath","value":"//*[@id=\"__button424\"]"}
RESULT: {"using":"xpath","value":"//*[@id=\"__button424\"]"}
COMMAND: POST /session/9eab2abfb92109d83111f8a107828286/elements - {"using":"xpath","value":"//*[@id=\"__button424\"]"}
RESULT: {"using":"xpath","value":"//*[@id=\"__button424\"]"}
COMMAND: POST /session/9eab2abfb92109d83111f8a107828286/elements - {"using":"xpath","value":"//*[@id=\"__button424\"]"}
RESULT: {"using":"xpath","value":"//*[@id=\"__button424\"]"}
COMMAND: POST /session/9eab2abfb92109d83111f8a107828286/elements - {"using":"xpath","value":"//*[@id=\"__button424\"]"}
RESULT: {"using":"xpath","value":"//*[@id=\"__button424\"]"}
COMMAND: POST /session/9eab2abfb92109d83111f8a107828286/elements - {"using":"xpath","value":"//*[@id=\"__button424\"]"}
RESULT: {"using":"xpath","value":"//*[@id=\"__button424\"]"}
COMMAND: POST /session/9eab2abfb92109d83111f8a107828286/elements - {"using":"xpath","value":"//*[@id=\"__button424\"]"}
RESULT: {"using":"xpath","value":"//*[@id=\"__button424\"]"}
COMMAND: POST /session/9eab2abfb92109d83111f8a107828286/elements - {"using":"xpath","value":"//*[@id=\"__button424\"]"}
RESULT: {"using":"xpath","value":"//*[@id=\"__button424\"]"}
COMMAND: POST /session/9eab2abfb92109d83111f8a107828286/elements - {"using":"xpath","value":"//*[@id=\"__button424\"]"}
RESULT: {"using":"xpath","value":"//*[@id=\"__button424\"]"}
COMMAND: POST /session/9eab2abfb92109d83111f8a107828286/elements - {"using":"xpath","value":"//*[@id=\"__button424\"]"}
RESULT: {"using":"xpath","value":"//*[@id=\"__button424\"]"}
COMMAND: POST /session/9eab2abfb92109d83111f8a107828286/elements - {"using":"xpath","value":"//*[@id=\"__button424\"]"}
RESULT: {"using":"xpath","value":"//*[@id=\"__button424\"]"}
COMMAND: POST /session/9eab2abfb92109d83111f8a107828286/elements - {"using":"xpath","value":"//*[@id=\"__button424\"]"}
RESULT: {"using":"xpath","value":"//*[@id=\"__button424\"]"}
COMMAND: POST /session/9eab2abfb92109d83111f8a107828286/elements - {"using":"xpath","value":"//*[@id=\"__button424\"]"}
RESULT: {"using":"xpath","value":"//*[@id=\"__button424\"]"}
COMMAND: POST /session/9eab2abfb92109d83111f8a107828286/elements - {"using":"xpath","value":"//*[@id=\"__button424\"]"}
RESULT: {"using":"xpath","value":"//*[@id=\"__button424\"]"}
COMMAND: POST /session/9eab2abfb92109d83111f8a107828286/elements - {"using":"xpath","value":"//*[@id=\"__button424\"]"}
RESULT: {"using":"xpath","value":"//*[@id=\"__button424\"]"}
COMMAND: POST /session/9eab2abfb92109d83111f8a107828286/elements - {"using":"xpath","value":"//*[@id=\"__button424\"]"}
RESULT: {"using":"xpath","value":"//*[@id=\"__button424\"]"}
COMMAND: POST /session/9eab2abfb92109d83111f8a107828286/elements - {"using":"xpath","value":"//*[@id=\"__button424\"]"}
RESULT: {"using":"xpath","value":"//*[@id=\"__button424\"]"}
COMMAND: POST /session/9eab2abfb92109d83111f8a107828286/elements - {"using":"xpath","value":"//*[@id=\"__button424\"]"}
RESULT: {"using":"xpath","value":"//*[@id=\"__button424\"]"}
COMMAND: POST /session/9eab2abfb92109d83111f8a107828286/elements - {"using":"xpath","value":"//*[@id=\"__button424\"]"}
RESULT: {"using":"xpath","value":"//*[@id=\"__button424\"]"}
COMMAND: POST /session/9eab2abfb92109d83111f8a107828286/elements - {"using":"xpath","value":"//*[@id=\"__button424\"]"}
RESULT: {"using":"xpath","value":"//*[@id=\"__button424\"]"}
COMMAND: POST /session/9eab2abfb92109d83111f8a107828286/elements - {"using":"xpath","value":"//*[@id=\"__button424\"]"}
RESULT: {"using":"xpath","value":"//*[@id=\"__button424\"]"}
COMMAND: POST /session/9eab2abfb92109d83111f8a107828286/elements - {"using":"xpath","value":"//*[@id=\"__button424\"]"}
RESULT: {"using":"xpath","value":"//*[@id=\"__button424\"]"}
COMMAND: POST /session/9eab2abfb92109d83111f8a107828286/elements - {"using":"xpath","value":"//*[@id=\"__button424\"]"}
RESULT: {"using":"xpath","value":"//*[@id=\"__button424\"]"}
COMMAND: POST /session/9eab2abfb92109d83111f8a107828286/elements - {"using":"xpath","value":"//*[@id=\"__button424\"]"}
RESULT: {"using":"xpath","value":"//*[@id=\"__button424\"]"}
COMMAND: POST /session/9eab2abfb92109d83111f8a107828286/elements - {"using":"xpath","value":"//*[@id=\"__button424\"]"}
RESULT: {"using":"xpath","value":"//*[@id=\"__button424\"]"}
COMMAND: POST /session/9eab2abfb92109d83111f8a107828286/elements - {"using":"xpath","value":"//*[@id=\"__button424\"]"}
RESULT: {"using":"xpath","value":"//*[@id=\"__button424\"]"}
COMMAND: POST /session/9eab2abfb92109d83111f8a107828286/elements - {"using":"xpath","value":"//*[@id=\"__button424\"]"}
RESULT: {"using":"xpath","value":"//*[@id=\"__button424\"]"}
COMMAND: POST /session/9eab2abfb92109d83111f8a107828286/elements - {"using":"xpath","value":"//*[@id=\"__button424\"]"}
RESULT: {"using":"xpath","value":"//*[@id=\"__button424\"]"}
COMMAND: POST /session/9eab2abfb92109d83111f8a107828286/elements - {"using":"xpath","value":"//*[@id=\"__button424\"]"}
RESULT: {"using":"xpath","value":"//*[@id=\"__button424\"]"}
COMMAND: POST /session/9eab2abfb92109d83111f8a107828286/elements - {"using":"xpath","value":"//*[@id=\"__button424\"]"}
RESULT: {"using":"xpath","value":"//*[@id=\"__button424\"]"}
COMMAND: POST /session/9eab2abfb92109d83111f8a107828286/elements - {"using":"xpath","value":"//*[@id=\"__button424\"]"}
RESULT: {"using":"xpath","value":"//*[@id=\"__button424\"]"}
COMMAND: POST /session/9eab2abfb92109d83111f8a107828286/elements - {"using":"xpath","value":"//*[@id=\"__button424\"]"}
RESULT: {"using":"xpath","value":"//*[@id=\"__button424\"]"}
COMMAND: POST /session/9eab2abfb92109d83111f8a107828286/elements - {"using":"xpath","value":"//*[@id=\"__button424\"]"}
RESULT: {"using":"xpath","value":"//*[@id=\"__button424\"]"}
COMMAND: POST /session/9eab2abfb92109d83111f8a107828286/elements - {"using":"xpath","value":"//*[@id=\"__button424\"]"}
RESULT: {"using":"xpath","value":"//*[@id=\"__button424\"]"}
COMMAND: POST /session/9eab2abfb92109d83111f8a107828286/elements - {"using":"xpath","value":"//*[@id=\"__button424\"]"}
RESULT: {"using":"xpath","value":"//*[@id=\"__button424\"]"}
COMMAND: POST /session/9eab2abfb92109d83111f8a107828286/elements - {"using":"xpath","value":"//*[@id=\"__button424\"]"}
RESULT: {"using":"xpath","value":"//*[@id=\"__button424\"]"}
COMMAND: POST /session/9eab2abfb92109d83111f8a107828286/elements - {"using":"xpath","value":"//*[@id=\"__button424\"]"}
RESULT: {"using":"xpath","value":"//*[@id=\"__button424\"]"}
COMMAND: POST /session/9eab2abfb92109d83111f8a107828286/elements - {"using":"xpath","value":"//*[@id=\"__button424\"]"}
RESULT: {"using":"xpath","value":"//*[@id=\"__button424\"]"}
COMMAND: POST /session/9eab2abfb92109d83111f8a107828286/elements - {"using":"xpath","value":"//*[@id=\"__button424\"]"}
RESULT: {"using":"xpath","value":"//*[@id=\"__button424\"]"}
COMMAND: POST /session/9eab2abfb92109d83111f8a107828286/elements - {"using":"xpath","value":"//*[@id=\"__button424\"]"}
RESULT: {"using":"xpath","value":"//*[@id=\"__button424\"]"}
COMMAND: POST /session/9eab2abfb92109d83111f8a107828286/elements - {"using":"xpath","value":"//*[@id=\"__button424\"]"}
RESULT: {"using":"xpath","value":"//*[@id=\"__button424\"]"}
COMMAND: POST /session/9eab2abfb92109d83111f8a107828286/elements - {"using":"xpath","value":"//*[@id=\"__button424\"]"}
RESULT: {"using":"xpath","value":"//*[@id=\"__button424\"]"}
COMMAND: POST /session/9eab2abfb92109d83111f8a107828286/elements - {"using":"xpath","value":"//*[@id=\"__button424\"]"}
RESULT: {"using":"xpath","value":"//*[@id=\"__button424\"]"}
COMMAND: POST /session/9eab2abfb92109d83111f8a107828286/elements - {"using":"xpath","value":"//*[@id=\"__button424\"]"}
RESULT: {"using":"xpath","value":"//*[@id=\"__button424\"]"}
COMMAND: POST /session/9eab2abfb92109d83111f8a107828286/elements - {"using":"xpath","value":"//*[@id=\"__button424\"]"}
RESULT: {"using":"xpath","value":"//*[@id=\"__button424\"]"}
COMMAND: POST /session/9eab2abfb92109d83111f8a107828286/elements - {"using":"xpath","value":"//*[@id=\"__button424\"]"}
RESULT: {"using":"xpath","value":"//*[@id=\"__button424\"]"}
COMMAND: POST /session/9eab2abfb92109d83111f8a107828286/elements - {"using":"xpath","value":"//*[@id=\"__button424\"]"}
RESULT: {"using":"xpath","value":"//*[@id=\"__button424\"]"}
COMMAND: POST /session/9eab2abfb92109d83111f8a107828286/elements - {"using":"xpath","value":"//*[@id=\"__button424\"]"}
RESULT: {"using":"xpath","value":"//*[@id=\"__button424\"]"}
COMMAND: POST /session/9eab2abfb92109d83111f8a107828286/elements - {"using":"xpath","value":"//*[@id=\"__button424\"]"}
RESULT: {"using":"xpath","value":"//*[@id=\"__button424\"]"}
COMMAND: POST /session/9eab2abfb92109d83111f8a107828286/elements - {"using":"xpath","value":"//*[@id=\"__button424\"]"}
RESULT: {"using":"xpath","value":"//*[@id=\"__button424\"]"}
COMMAND: POST /session/9eab2abfb92109d83111f8a107828286/elements - {"using":"xpath","value":"//*[@id=\"__button424\"]"}
RESULT: {"using":"xpath","value":"//*[@id=\"__button424\"]"}
COMMAND: POST /session/9eab2abfb92109d83111f8a107828286/elements - {"using":"xpath","value":"//*[@id=\"__button424\"]"}
RESULT: {"using":"xpath","value":"//*[@id=\"__button424\"]"}
COMMAND: POST /session/9eab2abfb92109d83111f8a107828286/elements - {"using":"xpath","value":"//*[@id=\"__button424\"]"}
RESULT: {"using":"xpath","value":"//*[@id=\"__button424\"]"}
COMMAND: POST /session/9eab2abfb92109d83111f8a107828286/elements - {"using":"xpath","value":"//*[@id=\"__button424\"]"}
RESULT: {"using":"xpath","value":"//*[@id=\"__button424\"]"}
COMMAND: POST /session/9eab2abfb92109d83111f8a107828286/elements - {"using":"xpath","value":"//*[@id=\"__button424\"]"}
RESULT: {"using":"xpath","value":"//*[@id=\"__button424\"]"}
COMMAND: POST /session/9eab2abfb92109d83111f8a107828286/elements - {"using":"xpath","value":"//*[@id=\"__button424\"]"}
RESULT: {"using":"xpath","value":"//*[@id=\"__button424\"]"}
COMMAND: POST /session/9eab2abfb92109d83111f8a107828286/elements - {"using":"xpath","value":"//*[@id=\"__button424\"]"}
RESULT: {"using":"xpath","value":"//*[@id=\"__button424\"]"}
COMMAND: POST /session/9eab2abfb92109d83111f8a107828286/elements - {"using":"xpath","value":"//*[@id=\"__button424\"]"}
RESULT: {"using":"xpath","value":"//*[@id=\"__button424\"]"}
COMMAND: POST /session/9eab2abfb92109d83111f8a107828286/elements - {"using":"xpath","value":"//*[@id=\"__button424\"]"}
RESULT: {"using":"xpath","value":"//*[@id=\"__button424\"]"}
COMMAND: POST /session/9eab2abfb92109d83111f8a107828286/elements - {"using":"xpath","value":"//*[@id=\"__button424\"]"}
RESULT: {"using":"xpath","value":"//*[@id=\"__button424\"]"}
COMMAND: POST /session/9eab2abfb92109d83111f8a107828286/elements - {"using":"xpath","value":"//*[@id=\"__button424\"]"}
RESULT: {"using":"xpath","value":"//*[@id=\"__button424\"]"}
COMMAND: POST /session/9eab2abfb92109d83111f8a107828286/elements - {"using":"xpath","value":"//*[@id=\"__button424\"]"}
RESULT: {"using":"xpath","value":"//*[@id=\"__button424\"]"}
COMMAND: POST /session/9eab2abfb92109d83111f8a107828286/elements - {"using":"xpath","value":"//*[@id=\"__button424\"]"}
RESULT: {"using":"xpath","value":"//*[@id=\"__button424\"]"}
COMMAND: POST /session/9eab2abfb92109d83111f8a107828286/elements - {"using":"xpath","value":"//*[@id=\"__button424\"]"}
RESULT: {"using":"xpath","value":"//*[@id=\"__button424\"]"}
COMMAND: POST /session/9eab2abfb92109d83111f8a107828286/elements - {"using":"xpath","value":"//*[@id=\"__button424\"]"}
RESULT: {"using":"xpath","value":"//*[@id=\"__button424\"]"}
COMMAND: POST /session/9eab2abfb92109d83111f8a107828286/elements - {"using":"xpath","value":"//*[@id=\"__button424\"]"}
RESULT: {"using":"xpath","value":"//*[@id=\"__button424\"]"}
COMMAND: POST /session/9eab2abfb92109d83111f8a107828286/elements - {"using":"xpath","value":"//*[@id=\"__button424\"]"}
RESULT: {"using":"xpath","value":"//*[@id=\"__button424\"]"}
COMMAND: POST /session/9eab2abfb92109d83111f8a107828286/elements - {"using":"xpath","value":"//*[@id=\"__button424\"]"}
RESULT: {"using":"xpath","value":"//*[@id=\"__button424\"]"}
COMMAND: POST /session/9eab2abfb92109d83111f8a107828286/elements - {"using":"xpath","value":"//*[@id=\"__button424\"]"}
RESULT: {"using":"xpath","value":"//*[@id=\"__button424\"]"}
COMMAND: POST /session/9eab2abfb92109d83111f8a107828286/elements - {"using":"xpath","value":"//*[@id=\"__button424\"]"}
RESULT: {"using":"xpath","value":"//*[@id=\"__button424\"]"}
COMMAND: POST /session/9eab2abfb92109d83111f8a107828286/elements - {"using":"xpath","value":"//*[@id=\"__button424\"]"}
RESULT: {"using":"xpath","value":"//*[@id=\"__button424\"]"}
COMMAND: POST /session/9eab2abfb92109d83111f8a107828286/elements - {"using":"xpath","value":"//*[@id=\"__button424\"]"}
RESULT: {"using":"xpath","value":"//*[@id=\"__button424\"]"}
COMMAND: POST /session/9eab2abfb92109d83111f8a107828286/elements - {"using":"xpath","value":"//*[@id=\"__button424\"]"}
RESULT: {"using":"xpath","value":"//*[@id=\"__button424\"]"}
COMMAND: POST /session/9eab2abfb92109d83111f8a107828286/elements - {"using":"xpath","value":"//*[@id=\"__button424\"]"}
RESULT: {"using":"xpath","value":"//*[@id=\"__button424\"]"}
COMMAND: POST /session/9eab2abfb92109d83111f8a107828286/elements - {"using":"xpath","value":"//*[@id=\"__button424\"]"}
RESULT: {"using":"xpath","value":"//*[@id=\"__button424\"]"}
COMMAND: POST /session/9eab2abfb92109d83111f8a107828286/elements - {"using":"xpath","value":"//*[@id=\"__button424\"]"}
RESULT: {"using":"xpath","value":"//*[@id=\"__button424\"]"}
COMMAND: POST /session/9eab2abfb92109d83111f8a107828286/elements - {"using":"xpath","value":"//*[@id=\"__button424\"]"}
RESULT: {"using":"xpath","value":"//*[@id=\"__button424\"]"}
COMMAND: POST /session/9eab2abfb92109d83111f8a107828286/elements - {"using":"xpath","value":"//*[@id=\"__button424\"]"}
RESULT: {"using":"xpath","value":"//*[@id=\"__button424\"]"}
COMMAND: POST /session/9eab2abfb92109d83111f8a107828286/elements - {"using":"xpath","value":"//*[@id=\"__button424\"]"}
RESULT: {"using":"xpath","value":"//*[@id=\"__button424\"]"}
COMMAND: POST /session/9eab2abfb92109d83111f8a107828286/elements - {"using":"xpath","value":"//*[@id=\"__button424\"]"}
RESULT: {"using":"xpath","value":"//*[@id=\"__button424\"]"}
COMMAND: POST /session/9eab2abfb92109d83111f8a107828286/elements - {"using":"xpath","value":"//*[@id=\"__button424\"]"}
RESULT: {"using":"xpath","value":"//*[@id=\"__button424\"]"}
COMMAND: POST /session/9eab2abfb92109d83111f8a107828286/elements - {"using":"xpath","value":"//*[@id=\"__button424\"]"}
RESULT: {"using":"xpath","value":"//*[@id=\"__button424\"]"}
COMMAND: POST /session/9eab2abfb92109d83111f8a107828286/elements - {"using":"xpath","value":"//*[@id=\"__button424\"]"}
RESULT: {"using":"xpath","value":"//*[@id=\"__button424\"]"}
COMMAND: POST /session/9eab2abfb92109d83111f8a107828286/elements - {"using":"xpath","value":"//*[@id=\"__button424\"]"}
RESULT: {"using":"xpath","value":"//*[@id=\"__button424\"]"}
COMMAND: POST /session/9eab2abfb92109d83111f8a107828286/elements - {"using":"xpath","value":"//*[@id=\"__button424\"]"}
RESULT: {"using":"xpath","value":"//*[@id=\"__button424\"]"}
COMMAND: POST /session/9eab2abfb92109d83111f8a107828286/elements - {"using":"xpath","value":"//*[@id=\"__button424\"]"}
RESULT: {"using":"xpath","value":"//*[@id=\"__button424\"]"}
COMMAND: POST /session/9eab2abfb92109d83111f8a107828286/elements - {"using":"xpath","value":"//*[@id=\"__button424\"]"}
RESULT: {"using":"xpath","value":"//*[@id=\"__button424\"]"}
COMMAND: POST /session/9eab2abfb92109d83111f8a107828286/elements - {"using":"xpath","value":"//*[@id=\"__button424\"]"}
RESULT: {"using":"xpath","value":"//*[@id=\"__button424\"]"}
COMMAND: POST /session/9eab2abfb92109d83111f8a107828286/elements - {"using":"xpath","value":"//*[@id=\"__button424\"]"}
RESULT: {"using":"xpath","value":"//*[@id=\"__button424\"]"}
COMMAND: POST /session/9eab2abfb92109d83111f8a107828286/elements - {"using":"xpath","value":"//*[@id=\"__button424\"]"}
RESULT: {"using":"xpath","value":"//*[@id=\"__button424\"]"}
COMMAND: POST /session/9eab2abfb92109d83111f8a107828286/elements - {"using":"xpath","value":"//*[@id=\"__button424\"]"}
RESULT: {"using":"xpath","value":"//*[@id=\"__button424\"]"}
COMMAND: POST /session/9eab2abfb92109d83111f8a107828286/elements - {"using":"xpath","value":"//*[@id=\"__button424\"]"}
RESULT: {"using":"xpath","value":"//*[@id=\"__button424\"]"}
COMMAND: POST /session/9eab2abfb92109d83111f8a107828286/elements - {"using":"xpath","value":"//*[@id=\"__button424\"]"}
RESULT: {"using":"xpath","value":"//*[@id=\"__button424\"]"}
COMMAND: POST /session/9eab2abfb92109d83111f8a107828286/elements - {"using":"xpath","value":"//*[@id=\"__button424\"]"}
RESULT: {"using":"xpath","value":"//*[@id=\"__button424\"]"}
COMMAND: POST /session/9eab2abfb92109d83111f8a107828286/elements - {"using":"xpath","value":"//*[@id=\"__button424\"]"}
RESULT: {"using":"xpath","value":"//*[@id=\"__button424\"]"}
COMMAND: POST /session/9eab2abfb92109d83111f8a107828286/elements - {"using":"xpath","value":"//*[@id=\"__button424\"]"}
RESULT: {"using":"xpath","value":"//*[@id=\"__button424\"]"}
COMMAND: POST /session/9eab2abfb92109d83111f8a107828286/elements - {"using":"xpath","value":"//*[@id=\"__button424\"]"}
RESULT: {"using":"xpath","value":"//*[@id=\"__button424\"]"}
COMMAND: POST /session/9eab2abfb92109d83111f8a107828286/element - {"using":"css selector","value":"#shell-header-logo"}
RESULT: {"using":"css selector","value":"#shell-header-logo"}
COMMAND: POST /session/9eab2abfb92109d83111f8a107828286/execute/sync - {"script":"<script> [8489 bytes]","args":[{"element-6066-11e4-a52e-4f735466cecf":"f.5DB0E6D2BB4820C6A36F69CDDED9F1D7.d.22CE1ACAB62673680A7AC19F6BFF574D.e.17872","ELEMENT":"f.5DB0E6D2BB4820C6A36F69CDDED9F1D7.d.22CE1ACAB62673680A7AC19F6BFF574D.e.17872"}]}
RESULT: {"script":"<script> [8489 bytes]","args":[{"element-6066-11e4-a52e-4f735466cecf":"f.5DB0E6D2BB4820C6A36F69CDDED9F1D7.d.22CE1ACAB62673680A7AC19F6BFF574D.e.17872","ELEMENT":"f.5DB0E6D2BB4820C6A36F69CDDED9F1D7.d.22CE1ACAB62673680A7AC19F6BFF574D.e.17872"}]}
COMMAND: POST /session/9eab2abfb92109d83111f8a107828286/execute/sync - {"script":"<script> [5351 bytes]","args":[{"element-6066-11e4-a52e-4f735466cecf":"f.5DB0E6D2BB4820C6A36F69CDDED9F1D7.d.22CE1ACAB62673680A7AC19F6BFF574D.e.17872","ELEMENT":"f.5DB0E6D2BB4820C6A36F69CDDED9F1D7.d.22CE1ACAB62673680A7AC19F6BFF574D.e.17872"}]}
COMMAND: GET /session/9eab2abfb92109d83111f8a107828286/screenshot - {}
RESULT: {"script":"<script> [5351 bytes]","args":[{"element-6066-11e4-a52e-4f735466cecf":"f.5DB0E6D2BB4820C6A36F69CDDED9F1D7.d.22CE1ACAB62673680A7AC19F6BFF574D.e.17872","ELEMENT":"f.5DB0E6D2BB4820C6A36F69CDDED9F1D7.d.22CE1ACAB62673680A7AC19F6BFF574D.e.17872"}]}
COMMAND: POST /session/9eab2abfb92109d83111f8a107828286/element/f.5DB0E6D2BB4820C6A36F69CDDED9F1D7.d.22CE1ACAB62673680A7AC19F6BFF574D.e.17872/click - {}
COMMAND: GET /session/9eab2abfb92109d83111f8a107828286/screenshot - {}
RESULT: {}
RESULT: {}
COMMAND: GET /session/9eab2abfb92109d83111f8a107828286/screenshot - {}
]]></system-out>
    </testcase>
    <testcase classname="chrome.136_0_7103_93.windows.Performance_based_billing_(work_days)_US139742" name="Should go to Manage Billings and trigger calculation check the conditions applied" time="76.807">
      <system-out><![CDATA[
COMMAND: POST /session/9eab2abfb92109d83111f8a107828286/execute/async - {"script":"<script> [1562 bytes]","args":[{"selector":{"controlType":"sap.m.GenericTile","properties":{"header":"Manage Billings"}},"wdio_ui5_key":"sapm.GenericTile{\"header\":\"Manage Billings\"}"}]}
RESULT: {}
RESULT: {}
RESULT: {"script":"<script> [1562 bytes]","args":[{"selector":{"controlType":"sap.m.GenericTile","properties":{"header":"Manage Billings"}},"wdio_ui5_key":"sapm.GenericTile{\"header\":\"Manage Billings\"}"}]}
RESULT: undefined
COMMAND: POST /session/9eab2abfb92109d83111f8a107828286/element - {"using":"xpath","value":"//*[@id=\"__tile51\"]"}
RESULT: {"using":"xpath","value":"//*[@id=\"__tile51\"]"}
COMMAND: POST /session/9eab2abfb92109d83111f8a107828286/element/f.5DB0E6D2BB4820C6A36F69CDDED9F1D7.d.22CE1ACAB62673680A7AC19F6BFF574D.e.14034/click - {}
RESULT: {}
COMMAND: GET /session/9eab2abfb92109d83111f8a107828286/screenshot - {}
COMMAND: POST /session/9eab2abfb92109d83111f8a107828286/elements - {"using":"xpath","value":"//span[text()='Error']"}
RESULT: {}
RESULT: {"using":"xpath","value":"//span[text()='Error']"}
COMMAND: POST /session/9eab2abfb92109d83111f8a107828286/execute/async - {"script":"<script> [1562 bytes]","args":[{"selector":{"id":"application-managebillings-display-component---billRunCalcResult--smartFilterBar-btnBasicSearch","interaction":{"idSuffix":"I"}},"wdio_ui5_key":"applicationmanagebillings-display-component---billRunCalcResult--smartFilterBar-btnBasicSearch"}]}
RESULT: {"script":"<script> [1562 bytes]","args":[{"selector":{"id":"application-managebillings-display-component---billRunCalcResult--smartFilterBar-btnBasicSearch","interaction":{"idSuffix":"I"}},"wdio_ui5_key":"applicationmanagebillings-display-component---billRunCalcResult--smartFilterBar-btnBasicSearch"}]}
RESULT: undefined
COMMAND: POST /session/9eab2abfb92109d83111f8a107828286/execute/async - {"script":"<script> [776 bytes]","args":[{"enterText":"10321","selector":{"id":"application-managebillings-display-component---billRunCalcResult--smartFilterBar-btnBasicSearch","interaction":{"idSuffix":"I"}},"clearTextFirst":true,"interactionType":"ENTER_TEXT"}]}
RESULT: {"script":"<script> [776 bytes]","args":[{"enterText":"10321","selector":{"id":"application-managebillings-display-component---billRunCalcResult--smartFilterBar-btnBasicSearch","interaction":{"idSuffix":"I"}},"clearTextFirst":true,"interactionType":"ENTER_TEXT"}]}
COMMAND: POST /session/9eab2abfb92109d83111f8a107828286/actions - {"actions":[{"id":"action67","type":"key","parameters":{},"actions":[{"type":"keyDown","value":""},{"type":"pause","duration":10},{"type":"keyUp","value":""}]}]}
RESULT: {"actions":[{"id":"action67","type":"key","parameters":{},"actions":[{"type":"keyDown","value":""},{"type":"pause","duration":10},{"type":"keyUp","value":""}]}]}
COMMAND: GET /session/9eab2abfb92109d83111f8a107828286/screenshot - {}
RESULT: {}
COMMAND: POST /session/9eab2abfb92109d83111f8a107828286/element - {"using":"xpath","value":"//td[@aria-colindex=\"1\"]/div/div[contains(@class, \"sapMCbBg\")]"}
RESULT: {"using":"xpath","value":"//td[@aria-colindex=\"1\"]/div/div[contains(@class, \"sapMCbBg\")]"}
COMMAND: POST /session/9eab2abfb92109d83111f8a107828286/element/f.5DB0E6D2BB4820C6A36F69CDDED9F1D7.d.22CE1ACAB62673680A7AC19F6BFF574D.e.18274/click - {}
RESULT: {}
COMMAND: GET /session/9eab2abfb92109d83111f8a107828286/screenshot - {}
RESULT: {}
COMMAND: POST /session/9eab2abfb92109d83111f8a107828286/execute/async - {"script":"<script> [1562 bytes]","args":[{"selector":{"id":"application-managebillings-display-component---billRunCalcResult--contractBillRunDate","interaction":{"idSuffix":"inner"}},"wdio_ui5_key":"applicationmanagebillings-display-component---billRunCalcResult--contractBillRunDate"}]}
RESULT: {"script":"<script> [1562 bytes]","args":[{"selector":{"id":"application-managebillings-display-component---billRunCalcResult--contractBillRunDate","interaction":{"idSuffix":"inner"}},"wdio_ui5_key":"applicationmanagebillings-display-component---billRunCalcResult--contractBillRunDate"}]}
RESULT: undefined
COMMAND: POST /session/9eab2abfb92109d83111f8a107828286/execute/async - {"script":"<script> [776 bytes]","args":[{"enterText":"6/27/25","selector":{"id":"application-managebillings-display-component---billRunCalcResult--contractBillRunDate","interaction":{"idSuffix":"inner"}},"clearTextFirst":true,"interactionType":"ENTER_TEXT"}]}
RESULT: {"script":"<script> [776 bytes]","args":[{"enterText":"6/27/25","selector":{"id":"application-managebillings-display-component---billRunCalcResult--contractBillRunDate","interaction":{"idSuffix":"inner"}},"clearTextFirst":true,"interactionType":"ENTER_TEXT"}]}
COMMAND: POST /session/9eab2abfb92109d83111f8a107828286/element - {"using":"xpath","value":"//bdi[contains(text(), \"Trigger Calculation\")]"}
RESULT: {"using":"xpath","value":"//bdi[contains(text(), \"Trigger Calculation\")]"}
COMMAND: POST /session/9eab2abfb92109d83111f8a107828286/element/f.5DB0E6D2BB4820C6A36F69CDDED9F1D7.d.22CE1ACAB62673680A7AC19F6BFF574D.e.18323/click - {}
RESULT: {}
COMMAND: GET /session/9eab2abfb92109d83111f8a107828286/screenshot - {}
RESULT: {}
COMMAND: POST /session/9eab2abfb92109d83111f8a107828286/element - {"using":"xpath","value":"(//span[contains(@id, \"imgNav\")])[1]"}
RESULT: {"using":"xpath","value":"(//span[contains(@id, \"imgNav\")])[1]"}
COMMAND: POST /session/9eab2abfb92109d83111f8a107828286/element/f.5DB0E6D2BB4820C6A36F69CDDED9F1D7.d.22CE1ACAB62673680A7AC19F6BFF574D.e.18275/click - {}
RESULT: {}
COMMAND: GET /session/9eab2abfb92109d83111f8a107828286/screenshot - {}
RESULT: {}
COMMAND: POST /session/9eab2abfb92109d83111f8a107828286/element - {"using":"xpath","value":"//tr/td[6]/div[1]/span[1]/span[1]"}
RESULT: {"using":"xpath","value":"//tr/td[6]/div[1]/span[1]/span[1]"}
COMMAND: GET /session/9eab2abfb92109d83111f8a107828286/element/f.5DB0E6D2BB4820C6A36F69CDDED9F1D7.d.22CE1ACAB62673680A7AC19F6BFF574D.e.18328/text - {}
RESULT: {}
COMMAND: POST /session/9eab2abfb92109d83111f8a107828286/element - {"using":"xpath","value":"(//span[contains(@id, \"imgNav\")])[2]"}
RESULT: {"using":"xpath","value":"(//span[contains(@id, \"imgNav\")])[2]"}
COMMAND: POST /session/9eab2abfb92109d83111f8a107828286/element/f.5DB0E6D2BB4820C6A36F69CDDED9F1D7.d.22CE1ACAB62673680A7AC19F6BFF574D.e.18329/click - {}
RESULT: {}
COMMAND: POST /session/9eab2abfb92109d83111f8a107828286/element - {"using":"xpath","value":"//bdi[contains(text(), \"Business Confirm\")]"}
COMMAND: GET /session/9eab2abfb92109d83111f8a107828286/screenshot - {}
RESULT: {"using":"xpath","value":"//bdi[contains(text(), \"Business Confirm\")]"}
COMMAND: POST /session/9eab2abfb92109d83111f8a107828286/elements - {"using":"xpath","value":"//bdi[contains(text(), \"Business Confirm\")]"}
RESULT: {}
RESULT: {"using":"xpath","value":"//bdi[contains(text(), \"Business Confirm\")]"}
COMMAND: POST /session/9eab2abfb92109d83111f8a107828286/element - {"using":"xpath","value":"//bdi[contains(text(), \"Business Confirm\")]"}
RESULT: {"using":"xpath","value":"//bdi[contains(text(), \"Business Confirm\")]"}
COMMAND: POST /session/9eab2abfb92109d83111f8a107828286/element/f.5DB0E6D2BB4820C6A36F69CDDED9F1D7.d.22CE1ACAB62673680A7AC19F6BFF574D.e.18336/click - {}
RESULT: {}
COMMAND: POST /session/9eab2abfb92109d83111f8a107828286/element - {"using":"css selector","value":"#shell-header-logo"}
COMMAND: GET /session/9eab2abfb92109d83111f8a107828286/screenshot - {}
RESULT: {"using":"css selector","value":"#shell-header-logo"}
COMMAND: POST /session/9eab2abfb92109d83111f8a107828286/element/f.5DB0E6D2BB4820C6A36F69CDDED9F1D7.d.22CE1ACAB62673680A7AC19F6BFF574D.e.18062/click - {}
RESULT: {}
RESULT: {}
COMMAND: GET /session/9eab2abfb92109d83111f8a107828286/screenshot - {}
RESULT: {}
COMMAND: POST /session/9eab2abfb92109d83111f8a107828286/element - {"using":"css selector","value":"#j_username"}
COMMAND: POST /session/9eab2abfb92109d83111f8a107828286/url - {"url":"https://qa-testing-00-live-etm-ui.cfapps.eu10-004.hana.ondemand.com/"}
RESULT: {"using":"css selector","value":"#j_username"}
COMMAND: POST /session/9eab2abfb92109d83111f8a107828286/element - {"using":"css selector","value":"#j_username"}
RESULT: {"url":"https://qa-testing-00-live-etm-ui.cfapps.eu10-004.hana.ondemand.com/"}
RESULT: undefined
COMMAND: GET /session/9eab2abfb92109d83111f8a107828286/screenshot - {}
RESULT: {"using":"css selector","value":"#j_username"}
COMMAND: POST /session/9eab2abfb92109d83111f8a107828286/element - {"using":"css selector","value":"#shell-header-logo"}
RESULT: {}
RESULT: {"using":"css selector","value":"#shell-header-logo"}
COMMAND: POST /session/9eab2abfb92109d83111f8a107828286/element - {"using":"css selector","value":"#shell-header-logo"}
RESULT: {"using":"css selector","value":"#shell-header-logo"}
COMMAND: POST /session/9eab2abfb92109d83111f8a107828286/refresh - {}
RESULT: {}
COMMAND: GET /session/9eab2abfb92109d83111f8a107828286/screenshot - {}
RESULT: {}
COMMAND: POST /session/9eab2abfb92109d83111f8a107828286/element - {"using":"css selector","value":"#j_username"}
RESULT: {"using":"css selector","value":"#j_username"}
COMMAND: POST /session/9eab2abfb92109d83111f8a107828286/element - {"using":"css selector","value":"#j_username"}
RESULT: {"using":"css selector","value":"#j_username"}
COMMAND: POST /session/9eab2abfb92109d83111f8a107828286/element - {"using":"css selector","value":"#shell-header-logo"}
RESULT: {"using":"css selector","value":"#shell-header-logo"}
COMMAND: POST /session/9eab2abfb92109d83111f8a107828286/execute/sync - {"script":"<script> [8489 bytes]","args":[{"element-6066-11e4-a52e-4f735466cecf":"f.5DB0E6D2BB4820C6A36F69CDDED9F1D7.d.B147A76D3EC03EF518D9BE40E72CA871.e.18414","ELEMENT":"f.5DB0E6D2BB4820C6A36F69CDDED9F1D7.d.B147A76D3EC03EF518D9BE40E72CA871.e.18414"}]}
RESULT: {"script":"<script> [8489 bytes]","args":[{"element-6066-11e4-a52e-4f735466cecf":"f.5DB0E6D2BB4820C6A36F69CDDED9F1D7.d.B147A76D3EC03EF518D9BE40E72CA871.e.18414","ELEMENT":"f.5DB0E6D2BB4820C6A36F69CDDED9F1D7.d.B147A76D3EC03EF518D9BE40E72CA871.e.18414"}]}
COMMAND: POST /session/9eab2abfb92109d83111f8a107828286/element - {"using":"css selector","value":"#shell-header-logo"}
COMMAND: GET /session/9eab2abfb92109d83111f8a107828286/screenshot - {}
RESULT: {"using":"css selector","value":"#shell-header-logo"}
COMMAND: POST /session/9eab2abfb92109d83111f8a107828286/execute/sync - {"script":"<script> [8489 bytes]","args":[{"element-6066-11e4-a52e-4f735466cecf":"f.5DB0E6D2BB4820C6A36F69CDDED9F1D7.d.B147A76D3EC03EF518D9BE40E72CA871.e.18414","ELEMENT":"f.5DB0E6D2BB4820C6A36F69CDDED9F1D7.d.B147A76D3EC03EF518D9BE40E72CA871.e.18414"}]}
RESULT: {}
RESULT: {"script":"<script> [8489 bytes]","args":[{"element-6066-11e4-a52e-4f735466cecf":"f.5DB0E6D2BB4820C6A36F69CDDED9F1D7.d.B147A76D3EC03EF518D9BE40E72CA871.e.18414","ELEMENT":"f.5DB0E6D2BB4820C6A36F69CDDED9F1D7.d.B147A76D3EC03EF518D9BE40E72CA871.e.18414"}]}
COMMAND: POST /session/9eab2abfb92109d83111f8a107828286/execute/sync - {"script":"<script> [5351 bytes]","args":[{"element-6066-11e4-a52e-4f735466cecf":"f.5DB0E6D2BB4820C6A36F69CDDED9F1D7.d.B147A76D3EC03EF518D9BE40E72CA871.e.18414","ELEMENT":"f.5DB0E6D2BB4820C6A36F69CDDED9F1D7.d.B147A76D3EC03EF518D9BE40E72CA871.e.18414"}]}
COMMAND: GET /session/9eab2abfb92109d83111f8a107828286/screenshot - {}
RESULT: {"script":"<script> [5351 bytes]","args":[{"element-6066-11e4-a52e-4f735466cecf":"f.5DB0E6D2BB4820C6A36F69CDDED9F1D7.d.B147A76D3EC03EF518D9BE40E72CA871.e.18414","ELEMENT":"f.5DB0E6D2BB4820C6A36F69CDDED9F1D7.d.B147A76D3EC03EF518D9BE40E72CA871.e.18414"}]}
COMMAND: POST /session/9eab2abfb92109d83111f8a107828286/element - {"using":"css selector","value":"#shell-header-logo"}
COMMAND: GET /session/9eab2abfb92109d83111f8a107828286/screenshot - {}
RESULT: {}
RESULT: {"using":"css selector","value":"#shell-header-logo"}
COMMAND: POST /session/9eab2abfb92109d83111f8a107828286/element/f.5DB0E6D2BB4820C6A36F69CDDED9F1D7.d.B147A76D3EC03EF518D9BE40E72CA871.e.18414/click - {}
RESULT: {}
RESULT: {}
COMMAND: GET /session/9eab2abfb92109d83111f8a107828286/screenshot - {}
RESULT: {}
COMMAND: POST /session/9eab2abfb92109d83111f8a107828286/execute/async - {"script":"<script> [189 bytes]","args":[]}
RESULT: {"script":"<script> [189 bytes]","args":[]}
COMMAND: POST /session/9eab2abfb92109d83111f8a107828286/execute/async - {"script":"<script> [123 bytes]","args":[]}
RESULT: {"script":"<script> [123 bytes]","args":[]}
COMMAND: POST /session/9eab2abfb92109d83111f8a107828286/timeouts - {"script":"<number>"}
RESULT: {"script":"<number>"}
COMMAND: GET /session/9eab2abfb92109d83111f8a107828286/timeouts - {}
RESULT: {}
RESULT: undefined
COMMAND: POST /session/9eab2abfb92109d83111f8a107828286/execute/async - {"script":"<script> [2676 bytes]","args":[]}
RESULT: {"script":"<script> [2676 bytes]","args":[]}
COMMAND: POST /session/9eab2abfb92109d83111f8a107828286/execute/async - {"script":"<script> [2342 bytes]","args":[{"protocol":"http","hostname":"0.0.0.0","path":"/","capabilities":{"browserName":"chrome","goog:chromeOptions":{"binary":"C:\\Program Files\\Google\\Chrome\\Application\\chrome.exe","args":["--start-maximized"]}},"logLevel":"warn","connectionRetryTimeout":120000,"connectionRetryCount":3,"logLevels":{},"enableDirectConnect":true,"strictSSL":true,"_":"65 more keys: [\"cacheDir\",\"port\",\"requestedCapabilities\",\"automationProtocol\",\"baseUrl\",\"waitforInterval\",\"waitforTimeout\",\"onReload\",\"beforeCommand\",\"afterCommand\",\"rootDir\",\"specs\",\"suites\",\"exclude\",\"groupLogsByTestSpec\",\"excludeDriverLogs\",\"bail\",\"framework\",\"reporters\",\"services\",\"maxInstances\",\"maxInstancesPerCapability\",\"injectGlobals\",\"filesToWatch\",\"execArgv\",\"runnerEnv\",\"runner\",\"shard\",\"specFileRetries\",\"specFileRetriesDelay\",\"specFileRetriesDeferred\",\"reporterSyncInterval\",\"reporterSyncTimeout\",\"cucumberFeaturesWithLineNumbers\",\"autoCompileOpts\",\"mochaOpts\",\"jasmineOpts\",\"cucumberOpts\",\"onPrepare\",\"onWorkerStart\",\"onWorkerEnd\",\"before\",\"beforeSession\",\"beforeSuite\",\"beforeHook\",\"beforeTest\",\"afterTest\",\"afterHook\",\"afterSuite\",\"afterSession\",\"after\",\"onComplete\",\"beforeAssertion\",\"afterAssertion\",\"beforeFeature\",\"beforeScenario\",\"beforeStep\",\"afterStep\",\"afterScenario\",\"afterFeature\",\"_\",\"suite\",\"$0\",\"ignoredWorkerServices\",\"wdi5\"]"}]}
RESULT: {"script":"<script> [2342 bytes]","args":[{"protocol":"http","hostname":"0.0.0.0","path":"/","capabilities":{"browserName":"chrome","goog:chromeOptions":{"binary":"C:\\Program Files\\Google\\Chrome\\Application\\chrome.exe","args":["--start-maximized"]}},"logLevel":"warn","connectionRetryTimeout":120000,"connectionRetryCount":3,"logLevels":{},"enableDirectConnect":true,"strictSSL":true,"_":"65 more keys: [\"cacheDir\",\"port\",\"requestedCapabilities\",\"automationProtocol\",\"baseUrl\",\"waitforInterval\",\"waitforTimeout\",\"onReload\",\"beforeCommand\",\"afterCommand\",\"rootDir\",\"specs\",\"suites\",\"exclude\",\"groupLogsByTestSpec\",\"excludeDriverLogs\",\"bail\",\"framework\",\"reporters\",\"services\",\"maxInstances\",\"maxInstancesPerCapability\",\"injectGlobals\",\"filesToWatch\",\"execArgv\",\"runnerEnv\",\"runner\",\"shard\",\"specFileRetries\",\"specFileRetriesDelay\",\"specFileRetriesDeferred\",\"reporterSyncInterval\",\"reporterSyncTimeout\",\"cucumberFeaturesWithLineNumbers\",\"autoCompileOpts\",\"mochaOpts\",\"jasmineOpts\",\"cucumberOpts\",\"onPrepare\",\"onWorkerStart\",\"onWorkerEnd\",\"before\",\"beforeSession\",\"beforeSuite\",\"beforeHook\",\"beforeTest\",\"afterTest\",\"afterHook\",\"afterSuite\",\"afterSession\",\"after\",\"onComplete\",\"beforeAssertion\",\"afterAssertion\",\"beforeFeature\",\"beforeScenario\",\"beforeStep\",\"afterStep\",\"afterScenario\",\"afterFeature\",\"_\",\"suite\",\"$0\",\"ignoredWorkerServices\",\"wdi5\"]"}]}
COMMAND: POST /session/9eab2abfb92109d83111f8a107828286/execute/async - {"script":"<script> [21126 bytes]","args":[35000]}
RESULT: {"script":"<script> [21126 bytes]","args":[35000]}
COMMAND: POST /session/9eab2abfb92109d83111f8a107828286/window/maximize - {}
RESULT: {}
COMMAND: POST /session/9eab2abfb92109d83111f8a107828286/execute/async - {"script":"<script> [1562 bytes]","args":[{"selector":{"id":"shell-header","interaction":{"idSuffix":"icon"}},"wdio_ui5_key":"shellheader"}]}
COMMAND: GET /session/9eab2abfb92109d83111f8a107828286/screenshot - {}
RESULT: {"script":"<script> [1562 bytes]","args":[{"selector":{"id":"shell-header","interaction":{"idSuffix":"icon"}},"wdio_ui5_key":"shellheader"}]}
RESULT: undefined
COMMAND: POST /session/9eab2abfb92109d83111f8a107828286/refresh - {}
RESULT: {}
RESULT: {}
COMMAND: GET /session/9eab2abfb92109d83111f8a107828286/screenshot - {}
RESULT: {}
COMMAND: POST /session/9eab2abfb92109d83111f8a107828286/refresh - {}
RESULT: {}
COMMAND: GET /session/9eab2abfb92109d83111f8a107828286/screenshot - {}
RESULT: {}
COMMAND: POST /session/9eab2abfb92109d83111f8a107828286/window/fullscreen - {}
RESULT: {}
COMMAND: POST /session/9eab2abfb92109d83111f8a107828286/execute/async - {"script":"<script> [189 bytes]","args":[]}
RESULT: {"script":"<script> [189 bytes]","args":[]}
COMMAND: POST /session/9eab2abfb92109d83111f8a107828286/execute/async - {"script":"<script> [123 bytes]","args":[]}
RESULT: {"script":"<script> [123 bytes]","args":[]}
COMMAND: POST /session/9eab2abfb92109d83111f8a107828286/timeouts - {"script":"<number>"}
RESULT: {"script":"<number>"}
COMMAND: GET /session/9eab2abfb92109d83111f8a107828286/timeouts - {}
RESULT: {}
RESULT: undefined
COMMAND: POST /session/9eab2abfb92109d83111f8a107828286/execute/async - {"script":"<script> [2676 bytes]","args":[]}
RESULT: {"script":"<script> [2676 bytes]","args":[]}
COMMAND: POST /session/9eab2abfb92109d83111f8a107828286/execute/async - {"script":"<script> [2342 bytes]","args":[{"protocol":"http","hostname":"0.0.0.0","path":"/","capabilities":{"browserName":"chrome","goog:chromeOptions":{"binary":"C:\\Program Files\\Google\\Chrome\\Application\\chrome.exe","args":["--start-maximized"]}},"logLevel":"warn","connectionRetryTimeout":120000,"connectionRetryCount":3,"logLevels":{},"enableDirectConnect":true,"strictSSL":true,"_":"65 more keys: [\"cacheDir\",\"port\",\"requestedCapabilities\",\"automationProtocol\",\"baseUrl\",\"waitforInterval\",\"waitforTimeout\",\"onReload\",\"beforeCommand\",\"afterCommand\",\"rootDir\",\"specs\",\"suites\",\"exclude\",\"groupLogsByTestSpec\",\"excludeDriverLogs\",\"bail\",\"framework\",\"reporters\",\"services\",\"maxInstances\",\"maxInstancesPerCapability\",\"injectGlobals\",\"filesToWatch\",\"execArgv\",\"runnerEnv\",\"runner\",\"shard\",\"specFileRetries\",\"specFileRetriesDelay\",\"specFileRetriesDeferred\",\"reporterSyncInterval\",\"reporterSyncTimeout\",\"cucumberFeaturesWithLineNumbers\",\"autoCompileOpts\",\"mochaOpts\",\"jasmineOpts\",\"cucumberOpts\",\"onPrepare\",\"onWorkerStart\",\"onWorkerEnd\",\"before\",\"beforeSession\",\"beforeSuite\",\"beforeHook\",\"beforeTest\",\"afterTest\",\"afterHook\",\"afterSuite\",\"afterSession\",\"after\",\"onComplete\",\"beforeAssertion\",\"afterAssertion\",\"beforeFeature\",\"beforeScenario\",\"beforeStep\",\"afterStep\",\"afterScenario\",\"afterFeature\",\"_\",\"suite\",\"$0\",\"ignoredWorkerServices\",\"wdi5\"]"}]}
RESULT: {"script":"<script> [2342 bytes]","args":[{"protocol":"http","hostname":"0.0.0.0","path":"/","capabilities":{"browserName":"chrome","goog:chromeOptions":{"binary":"C:\\Program Files\\Google\\Chrome\\Application\\chrome.exe","args":["--start-maximized"]}},"logLevel":"warn","connectionRetryTimeout":120000,"connectionRetryCount":3,"logLevels":{},"enableDirectConnect":true,"strictSSL":true,"_":"65 more keys: [\"cacheDir\",\"port\",\"requestedCapabilities\",\"automationProtocol\",\"baseUrl\",\"waitforInterval\",\"waitforTimeout\",\"onReload\",\"beforeCommand\",\"afterCommand\",\"rootDir\",\"specs\",\"suites\",\"exclude\",\"groupLogsByTestSpec\",\"excludeDriverLogs\",\"bail\",\"framework\",\"reporters\",\"services\",\"maxInstances\",\"maxInstancesPerCapability\",\"injectGlobals\",\"filesToWatch\",\"execArgv\",\"runnerEnv\",\"runner\",\"shard\",\"specFileRetries\",\"specFileRetriesDelay\",\"specFileRetriesDeferred\",\"reporterSyncInterval\",\"reporterSyncTimeout\",\"cucumberFeaturesWithLineNumbers\",\"autoCompileOpts\",\"mochaOpts\",\"jasmineOpts\",\"cucumberOpts\",\"onPrepare\",\"onWorkerStart\",\"onWorkerEnd\",\"before\",\"beforeSession\",\"beforeSuite\",\"beforeHook\",\"beforeTest\",\"afterTest\",\"afterHook\",\"afterSuite\",\"afterSession\",\"after\",\"onComplete\",\"beforeAssertion\",\"afterAssertion\",\"beforeFeature\",\"beforeScenario\",\"beforeStep\",\"afterStep\",\"afterScenario\",\"afterFeature\",\"_\",\"suite\",\"$0\",\"ignoredWorkerServices\",\"wdi5\"]"}]}
COMMAND: POST /session/9eab2abfb92109d83111f8a107828286/execute/async - {"script":"<script> [21126 bytes]","args":[35000]}
RESULT: {"script":"<script> [21126 bytes]","args":[35000]}
]]></system-out>
    </testcase>
  </testsuite>
  <testsuite timestamp="2025-05-27T18:14:58" time="1523.573" tests="20" failures="0" errors="0" skipped="0">
    <properties>
      <property name="specId" value="0"/>
      <property name="suiteName" value="Billing Calculation - Time based (considering transport times) US139738"/>
      <property name="capabilities" value="chrome.136_0_7103_93.windows"/>
      <property name="file" value="file:///D:/a/1/s/test/specs/BTS/billing-calculation-transp-times.spec.js"/>
    </properties>
    <testcase classname="chrome.136_0_7103_93.windows.Billing_Calculation_-_Time_based_(considering_transport_times)_US139738" name="Should create a new yard" time="0.014">
      <system-out><![CDATA[
COMMAND: POST /session/9eab2abfb92109d83111f8a107828286/window/fullscreen - {}
RESULT: {}
]]></system-out>
    </testcase>
    <testcase classname="chrome.136_0_7103_93.windows.Billing_Calculation_-_Time_based_(considering_transport_times)_US139738" name="Should create a new partner" time="0.005"/>
    <testcase classname="chrome.136_0_7103_93.windows.Billing_Calculation_-_Time_based_(considering_transport_times)_US139738" name="Should create a new site" time="0.005"/>
    <testcase classname="chrome.136_0_7103_93.windows.Billing_Calculation_-_Time_based_(considering_transport_times)_US139738" name="Should create the equipment" time="161.085">
      <system-out><![CDATA[
COMMAND: POST /session/9eab2abfb92109d83111f8a107828286/execute/async - {"script":"<script> [1562 bytes]","args":[{"selector":{"controlType":"sap.m.GenericTile","properties":{"header":"Manage Resources"}},"wdio_ui5_key":"sapm.GenericTile{\"header\":\"Manage Resources\"}"}]}
RESULT: {"script":"<script> [1562 bytes]","args":[{"selector":{"controlType":"sap.m.GenericTile","properties":{"header":"Manage Resources"}},"wdio_ui5_key":"sapm.GenericTile{\"header\":\"Manage Resources\"}"}]}
RESULT: undefined
COMMAND: POST /session/9eab2abfb92109d83111f8a107828286/element - {"using":"xpath","value":"//*[@id=\"__tile39\"]"}
RESULT: {"using":"xpath","value":"//*[@id=\"__tile39\"]"}
COMMAND: POST /session/9eab2abfb92109d83111f8a107828286/element/f.5DB0E6D2BB4820C6A36F69CDDED9F1D7.d.9CD59E2FA18FD047C190214778F6B958.e.18564/click - {}
RESULT: {}
COMMAND: GET /session/9eab2abfb92109d83111f8a107828286/screenshot - {}
RESULT: {}
COMMAND: POST /session/9eab2abfb92109d83111f8a107828286/elements - {"using":"xpath","value":"//span[text()='Error']"}
RESULT: {"using":"xpath","value":"//span[text()='Error']"}
COMMAND: POST /session/9eab2abfb92109d83111f8a107828286/element - {"using":"xpath","value":"//button[@data-kt=\"addNewRUOverflowToolbarButton\"]"}
RESULT: {"using":"xpath","value":"//button[@data-kt=\"addNewRUOverflowToolbarButton\"]"}
COMMAND: POST /session/9eab2abfb92109d83111f8a107828286/elements - {"using":"xpath","value":"//button[@data-kt=\"addNewRUOverflowToolbarButton\"]"}
RESULT: {"using":"xpath","value":"//button[@data-kt=\"addNewRUOverflowToolbarButton\"]"}
COMMAND: POST /session/9eab2abfb92109d83111f8a107828286/elements - {"using":"xpath","value":"//button[@data-kt=\"addNewRUOverflowToolbarButton\"]"}
RESULT: {"using":"xpath","value":"//button[@data-kt=\"addNewRUOverflowToolbarButton\"]"}
COMMAND: POST /session/9eab2abfb92109d83111f8a107828286/elements - {"using":"xpath","value":"//button[@data-kt=\"addNewRUOverflowToolbarButton\"]"}
RESULT: {"using":"xpath","value":"//button[@data-kt=\"addNewRUOverflowToolbarButton\"]"}
COMMAND: POST /session/9eab2abfb92109d83111f8a107828286/elements - {"using":"xpath","value":"//button[@data-kt=\"addNewRUOverflowToolbarButton\"]"}
RESULT: {"using":"xpath","value":"//button[@data-kt=\"addNewRUOverflowToolbarButton\"]"}
COMMAND: POST /session/9eab2abfb92109d83111f8a107828286/element - {"using":"xpath","value":"//button[@data-kt=\"addNewRUOverflowToolbarButton\"]"}
RESULT: {"using":"xpath","value":"//button[@data-kt=\"addNewRUOverflowToolbarButton\"]"}
COMMAND: POST /session/9eab2abfb92109d83111f8a107828286/execute/sync - {"script":"<script> [8489 bytes]","args":[{"element-6066-11e4-a52e-4f735466cecf":"f.5DB0E6D2BB4820C6A36F69CDDED9F1D7.d.9CD59E2FA18FD047C190214778F6B958.e.18693","ELEMENT":"f.5DB0E6D2BB4820C6A36F69CDDED9F1D7.d.9CD59E2FA18FD047C190214778F6B958.e.18693"}]}
RESULT: {"script":"<script> [8489 bytes]","args":[{"element-6066-11e4-a52e-4f735466cecf":"f.5DB0E6D2BB4820C6A36F69CDDED9F1D7.d.9CD59E2FA18FD047C190214778F6B958.e.18693","ELEMENT":"f.5DB0E6D2BB4820C6A36F69CDDED9F1D7.d.9CD59E2FA18FD047C190214778F6B958.e.18693"}]}
COMMAND: GET /session/9eab2abfb92109d83111f8a107828286/element/f.5DB0E6D2BB4820C6A36F69CDDED9F1D7.d.9CD59E2FA18FD047C190214778F6B958.e.18693/enabled - {}
COMMAND: GET /session/9eab2abfb92109d83111f8a107828286/screenshot - {}
RESULT: {}
COMMAND: POST /session/9eab2abfb92109d83111f8a107828286/execute/sync - {"script":"<script> [8489 bytes]","args":[{"element-6066-11e4-a52e-4f735466cecf":"f.5DB0E6D2BB4820C6A36F69CDDED9F1D7.d.9CD59E2FA18FD047C190214778F6B958.e.18693","ELEMENT":"f.5DB0E6D2BB4820C6A36F69CDDED9F1D7.d.9CD59E2FA18FD047C190214778F6B958.e.18693"}]}
COMMAND: GET /session/9eab2abfb92109d83111f8a107828286/screenshot - {}
RESULT: {}
RESULT: {"script":"<script> [8489 bytes]","args":[{"element-6066-11e4-a52e-4f735466cecf":"f.5DB0E6D2BB4820C6A36F69CDDED9F1D7.d.9CD59E2FA18FD047C190214778F6B958.e.18693","ELEMENT":"f.5DB0E6D2BB4820C6A36F69CDDED9F1D7.d.9CD59E2FA18FD047C190214778F6B958.e.18693"}]}
COMMAND: POST /session/9eab2abfb92109d83111f8a107828286/execute/sync - {"script":"<script> [5351 bytes]","args":[{"element-6066-11e4-a52e-4f735466cecf":"f.5DB0E6D2BB4820C6A36F69CDDED9F1D7.d.9CD59E2FA18FD047C190214778F6B958.e.18693","ELEMENT":"f.5DB0E6D2BB4820C6A36F69CDDED9F1D7.d.9CD59E2FA18FD047C190214778F6B958.e.18693"}]}
COMMAND: GET /session/9eab2abfb92109d83111f8a107828286/screenshot - {}
RESULT: {}
RESULT: {"script":"<script> [5351 bytes]","args":[{"element-6066-11e4-a52e-4f735466cecf":"f.5DB0E6D2BB4820C6A36F69CDDED9F1D7.d.9CD59E2FA18FD047C190214778F6B958.e.18693","ELEMENT":"f.5DB0E6D2BB4820C6A36F69CDDED9F1D7.d.9CD59E2FA18FD047C190214778F6B958.e.18693"}]}
COMMAND: POST /session/9eab2abfb92109d83111f8a107828286/element/f.5DB0E6D2BB4820C6A36F69CDDED9F1D7.d.9CD59E2FA18FD047C190214778F6B958.e.18693/click - {}
COMMAND: GET /session/9eab2abfb92109d83111f8a107828286/screenshot - {}
RESULT: {}
RESULT: {}
COMMAND: GET /session/9eab2abfb92109d83111f8a107828286/screenshot - {}
COMMAND: POST /session/9eab2abfb92109d83111f8a107828286/execute/async - {"script":"<script> [1562 bytes]","args":[{"selector":{"id":"application-manageresources-display-component---newResourceUnit--TYPE-arrow"},"wdio_ui5_key":"applicationmanageresources-display-component---newResourceUnit--TYPE-arrow"}]}
RESULT: {}
RESULT: {}
RESULT: {"script":"<script> [1562 bytes]","args":[{"selector":{"id":"application-manageresources-display-component---newResourceUnit--TYPE-arrow"},"wdio_ui5_key":"applicationmanageresources-display-component---newResourceUnit--TYPE-arrow"}]}
RESULT: undefined
COMMAND: POST /session/9eab2abfb92109d83111f8a107828286/element - {"using":"xpath","value":"//*[@id=\"application-manageresources-display-component---newResourceUnit--TYPE-arrow\"]"}
RESULT: {"using":"xpath","value":"//*[@id=\"application-manageresources-display-component---newResourceUnit--TYPE-arrow\"]"}
COMMAND: POST /session/9eab2abfb92109d83111f8a107828286/element/f.5DB0E6D2BB4820C6A36F69CDDED9F1D7.d.9CD59E2FA18FD047C190214778F6B958.e.19057/click - {}
RESULT: {}
COMMAND: POST /session/9eab2abfb92109d83111f8a107828286/element - {"using":"xpath","value":"//input[@id=\"application-manageresources-display-component---newResourceUnit--TYPE-inner\"]"}
COMMAND: GET /session/9eab2abfb92109d83111f8a107828286/screenshot - {}
RESULT: {"using":"xpath","value":"//input[@id=\"application-manageresources-display-component---newResourceUnit--TYPE-inner\"]"}
COMMAND: POST /session/9eab2abfb92109d83111f8a107828286/element/f.5DB0E6D2BB4820C6A36F69CDDED9F1D7.d.9CD59E2FA18FD047C190214778F6B958.e.19053/clear - {}
RESULT: {}
RESULT: {}
COMMAND: POST /session/9eab2abfb92109d83111f8a107828286/element/f.5DB0E6D2BB4820C6A36F69CDDED9F1D7.d.9CD59E2FA18FD047C190214778F6B958.e.19053/value - {"text":"Equipment"}
COMMAND: GET /session/9eab2abfb92109d83111f8a107828286/screenshot - {}
RESULT: {"text":"Equipment"}
COMMAND: GET /session/9eab2abfb92109d83111f8a107828286/screenshot - {}
RESULT: {}
RESULT: {}
COMMAND: POST /session/9eab2abfb92109d83111f8a107828286/actions - {"actions":[{"id":"action68","type":"key","parameters":{},"actions":[{"type":"keyDown","value":""},{"type":"pause","duration":10},{"type":"keyUp","value":""}]}]}
RESULT: {"actions":[{"id":"action68","type":"key","parameters":{},"actions":[{"type":"keyDown","value":""},{"type":"pause","duration":10},{"type":"keyUp","value":""}]}]}
COMMAND: POST /session/9eab2abfb92109d83111f8a107828286/execute/async - {"script":"<script> [1562 bytes]","args":[{"selector":{"id":"application-manageresources-display-component---newResourceUnit--resourceId","interaction":{"idSuffix":"inner"}},"wdio_ui5_key":"applicationmanageresources-display-component---newResourceUnit--resourceId"}]}
COMMAND: GET /session/9eab2abfb92109d83111f8a107828286/screenshot - {}
RESULT: {"script":"<script> [1562 bytes]","args":[{"selector":{"id":"application-manageresources-display-component---newResourceUnit--resourceId","interaction":{"idSuffix":"inner"}},"wdio_ui5_key":"applicationmanageresources-display-component---newResourceUnit--resourceId"}]}
RESULT: undefined
COMMAND: POST /session/9eab2abfb92109d83111f8a107828286/execute/async - {"script":"<script> [776 bytes]","args":[{"enterText":"osA3VhZifn","selector":{"id":"application-manageresources-display-component---newResourceUnit--resourceId","interaction":{"idSuffix":"inner"}},"clearTextFirst":true,"interactionType":"ENTER_TEXT"}]}
RESULT: {}
RESULT: {"script":"<script> [776 bytes]","args":[{"enterText":"osA3VhZifn","selector":{"id":"application-manageresources-display-component---newResourceUnit--resourceId","interaction":{"idSuffix":"inner"}},"clearTextFirst":true,"interactionType":"ENTER_TEXT"}]}
COMMAND: POST /session/9eab2abfb92109d83111f8a107828286/execute/async - {"script":"<script> [1562 bytes]","args":[{"selector":{"id":"application-manageresources-display-component---newResourceUnit--SHORT_TEXT","interaction":{"idSuffix":"inner"}},"wdio_ui5_key":"applicationmanageresources-display-component---newResourceUnit--SHORT_TEXT"}]}
RESULT: {"script":"<script> [1562 bytes]","args":[{"selector":{"id":"application-manageresources-display-component---newResourceUnit--SHORT_TEXT","interaction":{"idSuffix":"inner"}},"wdio_ui5_key":"applicationmanageresources-display-component---newResourceUnit--SHORT_TEXT"}]}
RESULT: undefined
COMMAND: POST /session/9eab2abfb92109d83111f8a107828286/execute/async - {"script":"<script> [776 bytes]","args":[{"enterText":"Intercompany Equipment WDIO","selector":{"id":"application-manageresources-display-component---newResourceUnit--SHORT_TEXT","interaction":{"idSuffix":"inner"}},"clearTextFirst":true,"interactionType":"ENTER_TEXT"}]}
RESULT: {"script":"<script> [776 bytes]","args":[{"enterText":"Intercompany Equipment WDIO","selector":{"id":"application-manageresources-display-component---newResourceUnit--SHORT_TEXT","interaction":{"idSuffix":"inner"}},"clearTextFirst":true,"interactionType":"ENTER_TEXT"}]}
COMMAND: POST /session/9eab2abfb92109d83111f8a107828286/execute/async - {"script":"<script> [1562 bytes]","args":[{"selector":{"id":"application-manageresources-display-component---newResourceUnit--BASE_UNIT_OF_MEASURE","interaction":{"idSuffix":"inner"}},"wdio_ui5_key":"applicationmanageresources-display-component---newResourceUnit--BASE_UNIT_OF_MEASURE"}]}
RESULT: {"script":"<script> [1562 bytes]","args":[{"selector":{"id":"application-manageresources-display-component---newResourceUnit--BASE_UNIT_OF_MEASURE","interaction":{"idSuffix":"inner"}},"wdio_ui5_key":"applicationmanageresources-display-component---newResourceUnit--BASE_UNIT_OF_MEASURE"}]}
RESULT: undefined
COMMAND: POST /session/9eab2abfb92109d83111f8a107828286/execute/async - {"script":"<script> [776 bytes]","args":[{"enterText":"Piece","selector":{"id":"application-manageresources-display-component---newResourceUnit--BASE_UNIT_OF_MEASURE","interaction":{"idSuffix":"inner"}},"clearTextFirst":true,"interactionType":"ENTER_TEXT"}]}
RESULT: {"script":"<script> [776 bytes]","args":[{"enterText":"Piece","selector":{"id":"application-manageresources-display-component---newResourceUnit--BASE_UNIT_OF_MEASURE","interaction":{"idSuffix":"inner"}},"clearTextFirst":true,"interactionType":"ENTER_TEXT"}]}
COMMAND: POST /session/9eab2abfb92109d83111f8a107828286/execute/async - {"script":"<script> [1562 bytes]","args":[{"selector":{"id":"application-manageresources-display-component---newResourceUnit--WEIGHT_UNIT","interaction":{"idSuffix":"inner"}},"wdio_ui5_key":"applicationmanageresources-display-component---newResourceUnit--WEIGHT_UNIT"}]}
RESULT: {"script":"<script> [1562 bytes]","args":[{"selector":{"id":"application-manageresources-display-component---newResourceUnit--WEIGHT_UNIT","interaction":{"idSuffix":"inner"}},"wdio_ui5_key":"applicationmanageresources-display-component---newResourceUnit--WEIGHT_UNIT"}]}
RESULT: undefined
COMMAND: POST /session/9eab2abfb92109d83111f8a107828286/execute/async - {"script":"<script> [776 bytes]","args":[{"enterText":"Gram","selector":{"id":"application-manageresources-display-component---newResourceUnit--WEIGHT_UNIT","interaction":{"idSuffix":"inner"}},"clearTextFirst":true,"interactionType":"ENTER_TEXT"}]}
RESULT: {"script":"<script> [776 bytes]","args":[{"enterText":"Gram","selector":{"id":"application-manageresources-display-component---newResourceUnit--WEIGHT_UNIT","interaction":{"idSuffix":"inner"}},"clearTextFirst":true,"interactionType":"ENTER_TEXT"}]}
COMMAND: POST /session/9eab2abfb92109d83111f8a107828286/execute/async - {"script":"<script> [1562 bytes]","args":[{"selector":{"id":"application-manageresources-display-component---newResourceUnit--DIMENSION_UNIT","interaction":{"idSuffix":"inner"}},"wdio_ui5_key":"applicationmanageresources-display-component---newResourceUnit--DIMENSION_UNIT"}]}
RESULT: {"script":"<script> [1562 bytes]","args":[{"selector":{"id":"application-manageresources-display-component---newResourceUnit--DIMENSION_UNIT","interaction":{"idSuffix":"inner"}},"wdio_ui5_key":"applicationmanageresources-display-component---newResourceUnit--DIMENSION_UNIT"}]}
RESULT: undefined
COMMAND: POST /session/9eab2abfb92109d83111f8a107828286/execute/async - {"script":"<script> [776 bytes]","args":[{"enterText":"Meter","selector":{"id":"application-manageresources-display-component---newResourceUnit--DIMENSION_UNIT","interaction":{"idSuffix":"inner"}},"clearTextFirst":true,"interactionType":"ENTER_TEXT"}]}
RESULT: {"script":"<script> [776 bytes]","args":[{"enterText":"Meter","selector":{"id":"application-manageresources-display-component---newResourceUnit--DIMENSION_UNIT","interaction":{"idSuffix":"inner"}},"clearTextFirst":true,"interactionType":"ENTER_TEXT"}]}
COMMAND: POST /session/9eab2abfb92109d83111f8a107828286/execute/async - {"script":"<script> [1562 bytes]","args":[{"selector":{"id":"application-manageresources-display-component---newResourceUnit--newRRUPage-anchBar-application-manageresources-display-component---newResourceUnit--control-anchor","interaction":{"idSuffix":"BDI-content"}},"wdio_ui5_key":"applicationmanageresources-display-component---newResourceUnit--newRRUPage-anchBar-application-manageresources-display-component---newResourceUnit--control-anchor"}]}
RESULT: {"script":"<script> [1562 bytes]","args":[{"selector":{"id":"application-manageresources-display-component---newResourceUnit--newRRUPage-anchBar-application-manageresources-display-component---newResourceUnit--control-anchor","interaction":{"idSuffix":"BDI-content"}},"wdio_ui5_key":"applicationmanageresources-display-component---newResourceUnit--newRRUPage-anchBar-application-manageresources-display-component---newResourceUnit--control-anchor"}]}
RESULT: undefined
COMMAND: POST /session/9eab2abfb92109d83111f8a107828286/element - {"using":"xpath","value":"//*[@id=\"application-manageresources-display-component---newResourceUnit--newRRUPage-anchBar-application-manageresources-display-component---newResourceUnit--control-anchor\"]"}
RESULT: {"using":"xpath","value":"//*[@id=\"application-manageresources-display-component---newResourceUnit--newRRUPage-anchBar-application-manageresources-display-component---newResourceUnit--control-anchor\"]"}
COMMAND: POST /session/9eab2abfb92109d83111f8a107828286/element/f.5DB0E6D2BB4820C6A36F69CDDED9F1D7.d.9CD59E2FA18FD047C190214778F6B958.e.19216/click - {}
RESULT: {}
COMMAND: POST /session/9eab2abfb92109d83111f8a107828286/execute/async - {"script":"<script> [1562 bytes]","args":[{"selector":{"id":"application-manageresources-display-component---newResourceUnit--PLANNING_GROUP","interaction":{"idSuffix":"inner"}},"wdio_ui5_key":"applicationmanageresources-display-component---newResourceUnit--PLANNING_GROUP"}]}
COMMAND: GET /session/9eab2abfb92109d83111f8a107828286/screenshot - {}
RESULT: {"script":"<script> [1562 bytes]","args":[{"selector":{"id":"application-manageresources-display-component---newResourceUnit--PLANNING_GROUP","interaction":{"idSuffix":"inner"}},"wdio_ui5_key":"applicationmanageresources-display-component---newResourceUnit--PLANNING_GROUP"}]}
RESULT: undefined
COMMAND: POST /session/9eab2abfb92109d83111f8a107828286/execute/async - {"script":"<script> [776 bytes]","args":[{"enterText":"Heavy Equi","selector":{"id":"application-manageresources-display-component---newResourceUnit--PLANNING_GROUP","interaction":{"idSuffix":"inner"}},"clearTextFirst":true,"interactionType":"ENTER_TEXT"}]}
RESULT: {}
RESULT: {"script":"<script> [776 bytes]","args":[{"enterText":"Heavy Equi","selector":{"id":"application-manageresources-display-component---newResourceUnit--PLANNING_GROUP","interaction":{"idSuffix":"inner"}},"clearTextFirst":true,"interactionType":"ENTER_TEXT"}]}
COMMAND: POST /session/9eab2abfb92109d83111f8a107828286/execute/async - {"script":"<script> [1562 bytes]","args":[{"selector":{"id":"application-manageresources-display-component---newResourceUnit--ITEM_TYPE-arrow"},"wdio_ui5_key":"applicationmanageresources-display-component---newResourceUnit--ITEM_TYPE-arrow"}]}
RESULT: {"script":"<script> [1562 bytes]","args":[{"selector":{"id":"application-manageresources-display-component---newResourceUnit--ITEM_TYPE-arrow"},"wdio_ui5_key":"applicationmanageresources-display-component---newResourceUnit--ITEM_TYPE-arrow"}]}
RESULT: undefined
COMMAND: POST /session/9eab2abfb92109d83111f8a107828286/element - {"using":"xpath","value":"//*[@id=\"application-manageresources-display-component---newResourceUnit--ITEM_TYPE-arrow\"]"}
RESULT: {"using":"xpath","value":"//*[@id=\"application-manageresources-display-component---newResourceUnit--ITEM_TYPE-arrow\"]"}
COMMAND: POST /session/9eab2abfb92109d83111f8a107828286/element/f.5DB0E6D2BB4820C6A36F69CDDED9F1D7.d.9CD59E2FA18FD047C190214778F6B958.e.19225/click - {}
RESULT: {}
COMMAND: POST /session/9eab2abfb92109d83111f8a107828286/element - {"using":"xpath","value":"(//span[contains(text(), \"Resource Unit\")])[2]"}
COMMAND: GET /session/9eab2abfb92109d83111f8a107828286/screenshot - {}
RESULT: {"using":"xpath","value":"(//span[contains(text(), \"Resource Unit\")])[2]"}
COMMAND: POST /session/9eab2abfb92109d83111f8a107828286/element/f.5DB0E6D2BB4820C6A36F69CDDED9F1D7.d.9CD59E2FA18FD047C190214778F6B958.e.19226/click - {}
RESULT: {}
RESULT: {}
COMMAND: GET /session/9eab2abfb92109d83111f8a107828286/screenshot - {}
RESULT: {}
COMMAND: POST /session/9eab2abfb92109d83111f8a107828286/element - {"using":"css selector","value":"#application-manageresources-display-component---newResourceUnit--btnAddTimeSegment"}
RESULT: {"using":"css selector","value":"#application-manageresources-display-component---newResourceUnit--btnAddTimeSegment"}
COMMAND: GET /session/9eab2abfb92109d83111f8a107828286/element/f.5DB0E6D2BB4820C6A36F69CDDED9F1D7.d.9CD59E2FA18FD047C190214778F6B958.e.19233/rect - {}
RESULT: {}
COMMAND: GET /session/9eab2abfb92109d83111f8a107828286/window/rect - {}
RESULT: {}
COMMAND: POST /session/9eab2abfb92109d83111f8a107828286/execute/sync - {"script":"<script> [92 bytes]","args":[]}
RESULT: {"script":"<script> [92 bytes]","args":[]}
COMMAND: POST /session/9eab2abfb92109d83111f8a107828286/actions - {"actions":[{"id":"action69","type":"wheel","parameters":{},"actions":[{"type":"scroll","x":-1888,"y":-32,"deltaX":0,"deltaY":0,"duration":0,"origin":{"element-6066-11e4-a52e-4f735466cecf":"f.5DB0E6D2BB4820C6A36F69CDDED9F1D7.d.9CD59E2FA18FD047C190214778F6B958.e.19233"}}]}]}
COMMAND: GET /session/9eab2abfb92109d83111f8a107828286/screenshot - {}
RESULT: {}
COMMAND: POST /session/9eab2abfb92109d83111f8a107828286/execute/sync - {"script":"<script> [79 bytes]","args":[{"element-6066-11e4-a52e-4f735466cecf":"f.5DB0E6D2BB4820C6A36F69CDDED9F1D7.d.9CD59E2FA18FD047C190214778F6B958.e.19233","ELEMENT":"f.5DB0E6D2BB4820C6A36F69CDDED9F1D7.d.9CD59E2FA18FD047C190214778F6B958.e.19233"},{"block":"start","inline":"nearest"}]}
RESULT: {"script":"<script> [79 bytes]","args":[{"element-6066-11e4-a52e-4f735466cecf":"f.5DB0E6D2BB4820C6A36F69CDDED9F1D7.d.9CD59E2FA18FD047C190214778F6B958.e.19233","ELEMENT":"f.5DB0E6D2BB4820C6A36F69CDDED9F1D7.d.9CD59E2FA18FD047C190214778F6B958.e.19233"},{"block":"start","inline":"nearest"}]}
COMMAND: POST /session/9eab2abfb92109d83111f8a107828286/execute/async - {"script":"<script> [1562 bytes]","args":[{"selector":{"id":"application-manageresources-display-component---newResourceUnit--btnAddTimeSegment","interaction":{"idSuffix":"inner"}},"wdio_ui5_key":"applicationmanageresources-display-component---newResourceUnit--btnAddTimeSegment"}]}
COMMAND: GET /session/9eab2abfb92109d83111f8a107828286/screenshot - {}
RESULT: {"script":"<script> [1562 bytes]","args":[{"selector":{"id":"application-manageresources-display-component---newResourceUnit--btnAddTimeSegment","interaction":{"idSuffix":"inner"}},"wdio_ui5_key":"applicationmanageresources-display-component---newResourceUnit--btnAddTimeSegment"}]}
RESULT: undefined
COMMAND: POST /session/9eab2abfb92109d83111f8a107828286/element - {"using":"xpath","value":"//*[@id=\"application-manageresources-display-component---newResourceUnit--btnAddTimeSegment\"]"}
RESULT: {}
RESULT: {"using":"xpath","value":"//*[@id=\"application-manageresources-display-component---newResourceUnit--btnAddTimeSegment\"]"}
COMMAND: POST /session/9eab2abfb92109d83111f8a107828286/element/f.5DB0E6D2BB4820C6A36F69CDDED9F1D7.d.9CD59E2FA18FD047C190214778F6B958.e.19233/click - {}
RESULT: {}
COMMAND: GET /session/9eab2abfb92109d83111f8a107828286/screenshot - {}
RESULT: {}
COMMAND: POST /session/9eab2abfb92109d83111f8a107828286/element - {"using":"xpath","value":"//input[@id=\"application-manageresources-display-component---newResourceUnit--idRuTSAdmin-application-manageresources-display-component---newResourceUnit--RUTimeSegment-0-inner\"]"}
RESULT: {"using":"xpath","value":"//input[@id=\"application-manageresources-display-component---newResourceUnit--idRuTSAdmin-application-manageresources-display-component---newResourceUnit--RUTimeSegment-0-inner\"]"}
COMMAND: POST /session/9eab2abfb92109d83111f8a107828286/element/f.5DB0E6D2BB4820C6A36F69CDDED9F1D7.d.9CD59E2FA18FD047C190214778F6B958.e.19239/clear - {}
RESULT: {}
COMMAND: POST /session/9eab2abfb92109d83111f8a107828286/element/f.5DB0E6D2BB4820C6A36F69CDDED9F1D7.d.9CD59E2FA18FD047C190214778F6B958.e.19239/value - {"text":"395"}
COMMAND: GET /session/9eab2abfb92109d83111f8a107828286/screenshot - {}
RESULT: {"text":"395"}
COMMAND: GET /session/9eab2abfb92109d83111f8a107828286/screenshot - {}
RESULT: {}
RESULT: {}
COMMAND: POST /session/9eab2abfb92109d83111f8a107828286/element - {"using":"xpath","value":"//li[.//span[text()='395']]"}
RESULT: {"using":"xpath","value":"//li[.//span[text()='395']]"}
COMMAND: POST /session/9eab2abfb92109d83111f8a107828286/element/f.5DB0E6D2BB4820C6A36F69CDDED9F1D7.d.9CD59E2FA18FD047C190214778F6B958.e.19251/click - {}
RESULT: {}
COMMAND: GET /session/9eab2abfb92109d83111f8a107828286/screenshot - {}
RESULT: {}
COMMAND: POST /session/9eab2abfb92109d83111f8a107828286/element - {"using":"xpath","value":"(//span[contains(@id, \"-application-manageresources-display-component---newResourceUnit--RUTimeSegment-0-arrow\")])[6]"}
RESULT: {"using":"xpath","value":"(//span[contains(@id, \"-application-manageresources-display-component---newResourceUnit--RUTimeSegment-0-arrow\")])[6]"}
COMMAND: POST /session/9eab2abfb92109d83111f8a107828286/element/f.5DB0E6D2BB4820C6A36F69CDDED9F1D7.d.9CD59E2FA18FD047C190214778F6B958.e.19252/click - {}
RESULT: {}
COMMAND: GET /session/9eab2abfb92109d83111f8a107828286/screenshot - {}
RESULT: {}
COMMAND: POST /session/9eab2abfb92109d83111f8a107828286/element - {"using":"xpath","value":"//span[contains(text(), \"PM Order\")]"}
RESULT: {"using":"xpath","value":"//span[contains(text(), \"PM Order\")]"}
COMMAND: POST /session/9eab2abfb92109d83111f8a107828286/element/f.5DB0E6D2BB4820C6A36F69CDDED9F1D7.d.9CD59E2FA18FD047C190214778F6B958.e.19255/click - {}
RESULT: {}
COMMAND: GET /session/9eab2abfb92109d83111f8a107828286/screenshot - {}
RESULT: {}
COMMAND: POST /session/9eab2abfb92109d83111f8a107828286/element - {"using":"xpath","value":"(//span[contains(@id ,\"manageresources-display-component---newResourceUnit--RUTimeSegment-0-vhi\")])[1]"}
RESULT: {"using":"xpath","value":"(//span[contains(@id ,\"manageresources-display-component---newResourceUnit--RUTimeSegment-0-vhi\")])[1]"}
COMMAND: GET /session/9eab2abfb92109d83111f8a107828286/element/f.5DB0E6D2BB4820C6A36F69CDDED9F1D7.d.9CD59E2FA18FD047C190214778F6B958.e.19259/rect - {}
RESULT: {}
COMMAND: GET /session/9eab2abfb92109d83111f8a107828286/window/rect - {}
RESULT: {}
COMMAND: POST /session/9eab2abfb92109d83111f8a107828286/execute/sync - {"script":"<script> [92 bytes]","args":[]}
RESULT: {"script":"<script> [92 bytes]","args":[]}
COMMAND: POST /session/9eab2abfb92109d83111f8a107828286/actions - {"actions":[{"id":"action70","type":"wheel","parameters":{},"actions":[{"type":"scroll","x":-869,"y":-24,"deltaX":0,"deltaY":0,"duration":0,"origin":{"element-6066-11e4-a52e-4f735466cecf":"f.5DB0E6D2BB4820C6A36F69CDDED9F1D7.d.9CD59E2FA18FD047C190214778F6B958.e.19259"}}]}]}
COMMAND: GET /session/9eab2abfb92109d83111f8a107828286/screenshot - {}
RESULT: {"actions":[{"id":"action70","type":"wheel","parameters":{},"actions":[{"type":"scroll","x":-869,"y":-24,"deltaX":0,"deltaY":0,"duration":0,"origin":{"element-6066-11e4-a52e-4f735466cecf":"f.5DB0E6D2BB4820C6A36F69CDDED9F1D7.d.9CD59E2FA18FD047C190214778F6B958.e.19259"}}]}]}
COMMAND: DELETE /session/9eab2abfb92109d83111f8a107828286/actions - {}
COMMAND: GET /session/9eab2abfb92109d83111f8a107828286/screenshot - {}
RESULT: {}
RESULT: {}
COMMAND: GET /session/9eab2abfb92109d83111f8a107828286/screenshot - {}
RESULT: {}
RESULT: {}
COMMAND: POST /session/9eab2abfb92109d83111f8a107828286/element/f.5DB0E6D2BB4820C6A36F69CDDED9F1D7.d.9CD59E2FA18FD047C190214778F6B958.e.19259/click - {}
RESULT: {}
COMMAND: GET /session/9eab2abfb92109d83111f8a107828286/screenshot - {}
RESULT: {}
COMMAND: POST /session/9eab2abfb92109d83111f8a107828286/execute/async - {"script":"<script> [1562 bytes]","args":[{"selector":{"controlType":"sap.m.SearchField","properties":{"placeholder":"Search"},"searchOpenDialogs":true,"interaction":{"idSuffix":"I"}},"wdio_ui5_key":"sapm.SearchField{\"placeholder\":\"Search\"}"}]}
RESULT: {"script":"<script> [1562 bytes]","args":[{"selector":{"controlType":"sap.m.SearchField","properties":{"placeholder":"Search"},"searchOpenDialogs":true,"interaction":{"idSuffix":"I"}},"wdio_ui5_key":"sapm.SearchField{\"placeholder\":\"Search\"}"}]}
RESULT: undefined
COMMAND: POST /session/9eab2abfb92109d83111f8a107828286/execute/async - {"script":"<script> [776 bytes]","args":[{"enterText":"4000360","selector":{"controlType":"sap.m.SearchField","properties":{"placeholder":"Search"},"searchOpenDialogs":true,"interaction":{"idSuffix":"I"}},"clearTextFirst":true,"interactionType":"ENTER_TEXT"}]}
RESULT: {"script":"<script> [776 bytes]","args":[{"enterText":"4000360","selector":{"controlType":"sap.m.SearchField","properties":{"placeholder":"Search"},"searchOpenDialogs":true,"interaction":{"idSuffix":"I"}},"clearTextFirst":true,"interactionType":"ENTER_TEXT"}]}
COMMAND: POST /session/9eab2abfb92109d83111f8a107828286/actions - {"actions":[{"id":"action71","type":"key","parameters":{},"actions":[{"type":"keyDown","value":""},{"type":"pause","duration":10},{"type":"keyUp","value":""}]}]}
RESULT: {"actions":[{"id":"action71","type":"key","parameters":{},"actions":[{"type":"keyDown","value":""},{"type":"pause","duration":10},{"type":"keyUp","value":""}]}]}
COMMAND: GET /session/9eab2abfb92109d83111f8a107828286/screenshot - {}
RESULT: {}
COMMAND: POST /session/9eab2abfb92109d83111f8a107828286/element - {"using":"xpath","value":"//td/div/span[contains(text(), \"BGL Vehicles\")]"}
RESULT: {"using":"xpath","value":"//td/div/span[contains(text(), \"BGL Vehicles\")]"}
COMMAND: POST /session/9eab2abfb92109d83111f8a107828286/element/f.5DB0E6D2BB4820C6A36F69CDDED9F1D7.d.9CD59E2FA18FD047C190214778F6B958.e.19280/click - {}
RESULT: {}
COMMAND: GET /session/9eab2abfb92109d83111f8a107828286/screenshot - {}
RESULT: {}
COMMAND: POST /session/9eab2abfb92109d83111f8a107828286/element - {"using":"xpath","value":"//bdi[contains(text(), \"OK\")]"}
RESULT: {"using":"xpath","value":"//bdi[contains(text(), \"OK\")]"}
COMMAND: POST /session/9eab2abfb92109d83111f8a107828286/element/f.5DB0E6D2BB4820C6A36F69CDDED9F1D7.d.9CD59E2FA18FD047C190214778F6B958.e.19281/click - {}
RESULT: {}
COMMAND: GET /session/9eab2abfb92109d83111f8a107828286/screenshot - {}
RESULT: {}
COMMAND: POST /session/9eab2abfb92109d83111f8a107828286/execute/async - {"script":"<script> [1562 bytes]","args":[{"selector":{"id":"application-manageresources-display-component---newResourceUnit--newRRUPage-anchBar-application-manageresources-display-component---newResourceUnit--resource-anchor","interaction":{"idSuffix":"BDI-content"}},"wdio_ui5_key":"applicationmanageresources-display-component---newResourceUnit--newRRUPage-anchBar-application-manageresources-display-component---newResourceUnit--resource-anchor"}]}
RESULT: {"script":"<script> [1562 bytes]","args":[{"selector":{"id":"application-manageresources-display-component---newResourceUnit--newRRUPage-anchBar-application-manageresources-display-component---newResourceUnit--resource-anchor","interaction":{"idSuffix":"BDI-content"}},"wdio_ui5_key":"applicationmanageresources-display-component---newResourceUnit--newRRUPage-anchBar-application-manageresources-display-component---newResourceUnit--resource-anchor"}]}
RESULT: undefined
COMMAND: POST /session/9eab2abfb92109d83111f8a107828286/element - {"using":"xpath","value":"//*[@id=\"application-manageresources-display-component---newResourceUnit--newRRUPage-anchBar-application-manageresources-display-component---newResourceUnit--resource-anchor\"]"}
RESULT: {"using":"xpath","value":"//*[@id=\"application-manageresources-display-component---newResourceUnit--newRRUPage-anchBar-application-manageresources-display-component---newResourceUnit--resource-anchor\"]"}
COMMAND: POST /session/9eab2abfb92109d83111f8a107828286/element/f.5DB0E6D2BB4820C6A36F69CDDED9F1D7.d.9CD59E2FA18FD047C190214778F6B958.e.19285/click - {}
RESULT: {}
COMMAND: POST /session/9eab2abfb92109d83111f8a107828286/execute/async - {"script":"<script> [1562 bytes]","args":[{"selector":{"id":"application-manageresources-display-component---newResourceUnit--PLANNED_DELIVERY_DATE","interaction":{"idSuffix":"inner"}},"wdio_ui5_key":"applicationmanageresources-display-component---newResourceUnit--PLANNED_DELIVERY_DATE"}]}
COMMAND: GET /session/9eab2abfb92109d83111f8a107828286/screenshot - {}
RESULT: {"script":"<script> [1562 bytes]","args":[{"selector":{"id":"application-manageresources-display-component---newResourceUnit--PLANNED_DELIVERY_DATE","interaction":{"idSuffix":"inner"}},"wdio_ui5_key":"applicationmanageresources-display-component---newResourceUnit--PLANNED_DELIVERY_DATE"}]}
RESULT: undefined
COMMAND: POST /session/9eab2abfb92109d83111f8a107828286/execute/async - {"script":"<script> [6424 bytes]","args":[{"element-6066-11e4-a52e-4f735466cecf":"f.5DB0E6D2BB4820C6A36F69CDDED9F1D7.d.9CD59E2FA18FD047C190214778F6B958.e.19115"},"setValue",["5/27/25"]]}
RESULT: {}
RESULT: {"script":"<script> [6424 bytes]","args":[{"element-6066-11e4-a52e-4f735466cecf":"f.5DB0E6D2BB4820C6A36F69CDDED9F1D7.d.9CD59E2FA18FD047C190214778F6B958.e.19115"},"setValue",["5/27/25"]]}
COMMAND: POST /session/9eab2abfb92109d83111f8a107828286/element - {"using":"xpath","value":"//label[contains(@class, 'sapMLabelRequired') and .//bdi[contains(text(), 'Planned Retirement')]]"}
RESULT: {"using":"xpath","value":"//label[contains(@class, 'sapMLabelRequired') and .//bdi[contains(text(), 'Planned Retirement')]]"}
COMMAND: POST /session/9eab2abfb92109d83111f8a107828286/elements - {"using":"xpath","value":"//label[contains(@class, 'sapMLabelRequired') and .//bdi[contains(text(), 'Planned Retirement')]]"}
RESULT: {"using":"xpath","value":"//label[contains(@class, 'sapMLabelRequired') and .//bdi[contains(text(), 'Planned Retirement')]]"}
COMMAND: POST /session/9eab2abfb92109d83111f8a107828286/element - {"using":"xpath","value":"//button[@data-kt=\"resourceUnitSaveButton\"]"}
RESULT: {"using":"xpath","value":"//button[@data-kt=\"resourceUnitSaveButton\"]"}
COMMAND: POST /session/9eab2abfb92109d83111f8a107828286/element/f.5DB0E6D2BB4820C6A36F69CDDED9F1D7.d.9CD59E2FA18FD047C190214778F6B958.e.19074/click - {}
RESULT: {}
COMMAND: GET /session/9eab2abfb92109d83111f8a107828286/screenshot - {}
RESULT: {}
COMMAND: POST /session/9eab2abfb92109d83111f8a107828286/element - {"using":"xpath","value":"//bdi[contains(text(), \"Close\")]"}
RESULT: {"using":"xpath","value":"//bdi[contains(text(), \"Close\")]"}
COMMAND: POST /session/9eab2abfb92109d83111f8a107828286/element/f.5DB0E6D2BB4820C6A36F69CDDED9F1D7.d.9CD59E2FA18FD047C190214778F6B958.e.19295/click - {}
RESULT: {}
COMMAND: GET /session/9eab2abfb92109d83111f8a107828286/screenshot - {}
COMMAND: POST /session/9eab2abfb92109d83111f8a107828286/element - {"using":"xpath","value":"(//button[contains(@id ,\"actionsToolbar-overflowButton\")])[1]"}
RESULT: {}
RESULT: {"using":"xpath","value":"(//button[contains(@id ,\"actionsToolbar-overflowButton\")])[1]"}
COMMAND: POST /session/9eab2abfb92109d83111f8a107828286/element/f.5DB0E6D2BB4820C6A36F69CDDED9F1D7.d.9CD59E2FA18FD047C190214778F6B958.e.19351/click - {}
RESULT: {}
COMMAND: GET /session/9eab2abfb92109d83111f8a107828286/screenshot - {}
RESULT: {}
COMMAND: POST /session/9eab2abfb92109d83111f8a107828286/element - {"using":"xpath","value":"//button[@data-kt=\"priceInfoButton\"]"}
RESULT: {"using":"xpath","value":"//button[@data-kt=\"priceInfoButton\"]"}
COMMAND: POST /session/9eab2abfb92109d83111f8a107828286/element/f.5DB0E6D2BB4820C6A36F69CDDED9F1D7.d.9CD59E2FA18FD047C190214778F6B958.e.19365/click - {}
RESULT: {}
COMMAND: GET /session/9eab2abfb92109d83111f8a107828286/screenshot - {}
RESULT: {}
]]></system-out>
    </testcase>
    <testcase classname="chrome.136_0_7103_93.windows.Billing_Calculation_-_Time_based_(considering_transport_times)_US139738" name="Should create new pricing rule for the equipment" time="56.717">
      <system-out><![CDATA[
COMMAND: POST /session/9eab2abfb92109d83111f8a107828286/element - {"using":"xpath","value":"//button[@data-kt=\"addButton\"]"}
RESULT: {"using":"xpath","value":"//button[@data-kt=\"addButton\"]"}
COMMAND: POST /session/9eab2abfb92109d83111f8a107828286/elements - {"using":"xpath","value":"//button[@data-kt=\"addButton\"]"}
RESULT: {"using":"xpath","value":"//button[@data-kt=\"addButton\"]"}
COMMAND: POST /session/9eab2abfb92109d83111f8a107828286/execute/sync - {"script":"<script> [8489 bytes]","args":[{"element-6066-11e4-a52e-4f735466cecf":"f.5DB0E6D2BB4820C6A36F69CDDED9F1D7.d.9CD59E2FA18FD047C190214778F6B958.e.19403","ELEMENT":"f.5DB0E6D2BB4820C6A36F69CDDED9F1D7.d.9CD59E2FA18FD047C190214778F6B958.e.19403"}]}
RESULT: {"script":"<script> [8489 bytes]","args":[{"element-6066-11e4-a52e-4f735466cecf":"f.5DB0E6D2BB4820C6A36F69CDDED9F1D7.d.9CD59E2FA18FD047C190214778F6B958.e.19403","ELEMENT":"f.5DB0E6D2BB4820C6A36F69CDDED9F1D7.d.9CD59E2FA18FD047C190214778F6B958.e.19403"}]}
COMMAND: GET /session/9eab2abfb92109d83111f8a107828286/element/f.5DB0E6D2BB4820C6A36F69CDDED9F1D7.d.9CD59E2FA18FD047C190214778F6B958.e.19403/enabled - {}
COMMAND: GET /session/9eab2abfb92109d83111f8a107828286/screenshot - {}
RESULT: {}
COMMAND: POST /session/9eab2abfb92109d83111f8a107828286/execute/sync - {"script":"<script> [8489 bytes]","args":[{"element-6066-11e4-a52e-4f735466cecf":"f.5DB0E6D2BB4820C6A36F69CDDED9F1D7.d.9CD59E2FA18FD047C190214778F6B958.e.19403","ELEMENT":"f.5DB0E6D2BB4820C6A36F69CDDED9F1D7.d.9CD59E2FA18FD047C190214778F6B958.e.19403"}]}
COMMAND: GET /session/9eab2abfb92109d83111f8a107828286/screenshot - {}
RESULT: {}
RESULT: {"script":"<script> [8489 bytes]","args":[{"element-6066-11e4-a52e-4f735466cecf":"f.5DB0E6D2BB4820C6A36F69CDDED9F1D7.d.9CD59E2FA18FD047C190214778F6B958.e.19403","ELEMENT":"f.5DB0E6D2BB4820C6A36F69CDDED9F1D7.d.9CD59E2FA18FD047C190214778F6B958.e.19403"}]}
COMMAND: POST /session/9eab2abfb92109d83111f8a107828286/execute/sync - {"script":"<script> [5351 bytes]","args":[{"element-6066-11e4-a52e-4f735466cecf":"f.5DB0E6D2BB4820C6A36F69CDDED9F1D7.d.9CD59E2FA18FD047C190214778F6B958.e.19403","ELEMENT":"f.5DB0E6D2BB4820C6A36F69CDDED9F1D7.d.9CD59E2FA18FD047C190214778F6B958.e.19403"}]}
COMMAND: GET /session/9eab2abfb92109d83111f8a107828286/screenshot - {}
RESULT: {}
RESULT: {"script":"<script> [5351 bytes]","args":[{"element-6066-11e4-a52e-4f735466cecf":"f.5DB0E6D2BB4820C6A36F69CDDED9F1D7.d.9CD59E2FA18FD047C190214778F6B958.e.19403","ELEMENT":"f.5DB0E6D2BB4820C6A36F69CDDED9F1D7.d.9CD59E2FA18FD047C190214778F6B958.e.19403"}]}
COMMAND: POST /session/9eab2abfb92109d83111f8a107828286/element/f.5DB0E6D2BB4820C6A36F69CDDED9F1D7.d.9CD59E2FA18FD047C190214778F6B958.e.19403/click - {}
COMMAND: GET /session/9eab2abfb92109d83111f8a107828286/screenshot - {}
RESULT: {}
RESULT: {}
COMMAND: GET /session/9eab2abfb92109d83111f8a107828286/screenshot - {}
RESULT: {}
RESULT: {}
COMMAND: POST /session/9eab2abfb92109d83111f8a107828286/execute/async - {"script":"<script> [1562 bytes]","args":[{"selector":{"controlType":"sap.m.Title","viewName":"etm.portal.ui.managepricingrules.view.NewItem","viewId":"application-managepricingrules-display-component---newInfoPriceItem","properties":{"text":"New Pricing Rules - Item Level"}},"wdio_ui5_key":"etmportal.ui.managepricingrules.view.NewItemsap.m.Title{\"text\":\"New Pricing Rules - Item Level\"}"}]}
RESULT: {"script":"<script> [1562 bytes]","args":[{"selector":{"controlType":"sap.m.Title","viewName":"etm.portal.ui.managepricingrules.view.NewItem","viewId":"application-managepricingrules-display-component---newInfoPriceItem","properties":{"text":"New Pricing Rules - Item Level"}},"wdio_ui5_key":"etmportal.ui.managepricingrules.view.NewItemsap.m.Title{\"text\":\"New Pricing Rules - Item Level\"}"}]}
RESULT: undefined
COMMAND: POST /session/9eab2abfb92109d83111f8a107828286/execute/async - {"script":"<script> [6424 bytes]","args":[{"element-6066-11e4-a52e-4f735466cecf":"f.5DB0E6D2BB4820C6A36F69CDDED9F1D7.d.9CD59E2FA18FD047C190214778F6B958.e.19564"},"getText",[]]}
RESULT: {"script":"<script> [6424 bytes]","args":[{"element-6066-11e4-a52e-4f735466cecf":"f.5DB0E6D2BB4820C6A36F69CDDED9F1D7.d.9CD59E2FA18FD047C190214778F6B958.e.19564"},"getText",[]]}
COMMAND: POST /session/9eab2abfb92109d83111f8a107828286/execute/async - {"script":"<script> [1562 bytes]","args":[{"selector":{"id":"application-managepricingrules-display-component---newInfoPriceItem--condValidTo","interaction":{"idSuffix":"inner"}},"wdio_ui5_key":"applicationmanagepricingrules-display-component---newInfoPriceItem--condValidTo"}]}
RESULT: {"script":"<script> [1562 bytes]","args":[{"selector":{"id":"application-managepricingrules-display-component---newInfoPriceItem--condValidTo","interaction":{"idSuffix":"inner"}},"wdio_ui5_key":"applicationmanagepricingrules-display-component---newInfoPriceItem--condValidTo"}]}
RESULT: undefined
COMMAND: POST /session/9eab2abfb92109d83111f8a107828286/execute/async - {"script":"<script> [776 bytes]","args":[{"enterText":"1/27/26","selector":{"id":"application-managepricingrules-display-component---newInfoPriceItem--condValidTo","interaction":{"idSuffix":"inner"}},"clearTextFirst":true,"interactionType":"ENTER_TEXT"}]}
RESULT: {"script":"<script> [776 bytes]","args":[{"enterText":"1/27/26","selector":{"id":"application-managepricingrules-display-component---newInfoPriceItem--condValidTo","interaction":{"idSuffix":"inner"}},"clearTextFirst":true,"interactionType":"ENTER_TEXT"}]}
COMMAND: POST /session/9eab2abfb92109d83111f8a107828286/execute/async - {"script":"<script> [1562 bytes]","args":[{"selector":{"id":"application-managepricingrules-display-component---newInfoPriceItem--billType-arrow"},"wdio_ui5_key":"applicationmanagepricingrules-display-component---newInfoPriceItem--billType-arrow"}]}
RESULT: {"script":"<script> [1562 bytes]","args":[{"selector":{"id":"application-managepricingrules-display-component---newInfoPriceItem--billType-arrow"},"wdio_ui5_key":"applicationmanagepricingrules-display-component---newInfoPriceItem--billType-arrow"}]}
RESULT: undefined
COMMAND: POST /session/9eab2abfb92109d83111f8a107828286/element - {"using":"xpath","value":"//*[@id=\"application-managepricingrules-display-component---newInfoPriceItem--billType-arrow\"]"}
RESULT: {"using":"xpath","value":"//*[@id=\"application-managepricingrules-display-component---newInfoPriceItem--billType-arrow\"]"}
COMMAND: POST /session/9eab2abfb92109d83111f8a107828286/element/f.5DB0E6D2BB4820C6A36F69CDDED9F1D7.d.9CD59E2FA18FD047C190214778F6B958.e.19566/click - {}
RESULT: {}
COMMAND: POST /session/9eab2abfb92109d83111f8a107828286/element - {"using":"xpath","value":"//span[contains(text(), \"TB - Time based\")]"}
COMMAND: GET /session/9eab2abfb92109d83111f8a107828286/screenshot - {}
RESULT: {"using":"xpath","value":"//span[contains(text(), \"TB - Time based\")]"}
COMMAND: POST /session/9eab2abfb92109d83111f8a107828286/element/f.5DB0E6D2BB4820C6A36F69CDDED9F1D7.d.9CD59E2FA18FD047C190214778F6B958.e.19567/click - {}
RESULT: {}
RESULT: {}
COMMAND: POST /session/9eab2abfb92109d83111f8a107828286/execute/async - {"script":"<script> [1562 bytes]","args":[{"selector":{"id":"application-managepricingrules-display-component---newInfoPriceItem--priceProc-arrow"},"wdio_ui5_key":"applicationmanagepricingrules-display-component---newInfoPriceItem--priceProc-arrow"}]}
COMMAND: GET /session/9eab2abfb92109d83111f8a107828286/screenshot - {}
RESULT: {"script":"<script> [1562 bytes]","args":[{"selector":{"id":"application-managepricingrules-display-component---newInfoPriceItem--priceProc-arrow"},"wdio_ui5_key":"applicationmanagepricingrules-display-component---newInfoPriceItem--priceProc-arrow"}]}
RESULT: undefined
COMMAND: POST /session/9eab2abfb92109d83111f8a107828286/element - {"using":"xpath","value":"//*[@id=\"application-managepricingrules-display-component---newInfoPriceItem--priceProc-arrow\"]"}
RESULT: {}
RESULT: {"using":"xpath","value":"//*[@id=\"application-managepricingrules-display-component---newInfoPriceItem--priceProc-arrow\"]"}
COMMAND: POST /session/9eab2abfb92109d83111f8a107828286/element/f.5DB0E6D2BB4820C6A36F69CDDED9F1D7.d.9CD59E2FA18FD047C190214778F6B958.e.19529/click - {}
RESULT: {}
COMMAND: POST /session/9eab2abfb92109d83111f8a107828286/element - {"using":"xpath","value":"//span[contains(text(), \"TBS - Time based standard\")]"}
COMMAND: GET /session/9eab2abfb92109d83111f8a107828286/screenshot - {}
RESULT: {"using":"xpath","value":"//span[contains(text(), \"TBS - Time based standard\")]"}
COMMAND: POST /session/9eab2abfb92109d83111f8a107828286/element/f.5DB0E6D2BB4820C6A36F69CDDED9F1D7.d.9CD59E2FA18FD047C190214778F6B958.e.19568/click - {}
RESULT: {}
RESULT: {}
COMMAND: POST /session/9eab2abfb92109d83111f8a107828286/execute/async - {"script":"<script> [1562 bytes]","args":[{"selector":{"id":"application-managepricingrules-display-component---newInfoPriceItem--calcBase-arrow"},"wdio_ui5_key":"applicationmanagepricingrules-display-component---newInfoPriceItem--calcBase-arrow"}]}
COMMAND: GET /session/9eab2abfb92109d83111f8a107828286/screenshot - {}
RESULT: {"script":"<script> [1562 bytes]","args":[{"selector":{"id":"application-managepricingrules-display-component---newInfoPriceItem--calcBase-arrow"},"wdio_ui5_key":"applicationmanagepricingrules-display-component---newInfoPriceItem--calcBase-arrow"}]}
RESULT: undefined
COMMAND: POST /session/9eab2abfb92109d83111f8a107828286/element - {"using":"xpath","value":"//*[@id=\"application-managepricingrules-display-component---newInfoPriceItem--calcBase-arrow\"]"}
RESULT: {}
RESULT: {"using":"xpath","value":"//*[@id=\"application-managepricingrules-display-component---newInfoPriceItem--calcBase-arrow\"]"}
COMMAND: POST /session/9eab2abfb92109d83111f8a107828286/element/f.5DB0E6D2BB4820C6A36F69CDDED9F1D7.d.9CD59E2FA18FD047C190214778F6B958.e.19536/click - {}
RESULT: {}
COMMAND: GET /session/9eab2abfb92109d83111f8a107828286/screenshot - {}
RESULT: {}
COMMAND: POST /session/9eab2abfb92109d83111f8a107828286/element - {"using":"xpath","value":"//span[contains(text(), \"0006 - TB(calendar days)\")]"}
RESULT: {"using":"xpath","value":"//span[contains(text(), \"0006 - TB(calendar days)\")]"}
COMMAND: POST /session/9eab2abfb92109d83111f8a107828286/element/f.5DB0E6D2BB4820C6A36F69CDDED9F1D7.d.9CD59E2FA18FD047C190214778F6B958.e.19569/click - {}
RESULT: {}
COMMAND: GET /session/9eab2abfb92109d83111f8a107828286/screenshot - {}
RESULT: {}
COMMAND: POST /session/9eab2abfb92109d83111f8a107828286/execute/async - {"script":"<script> [1562 bytes]","args":[{"selector":{"id":"application-managepricingrules-display-component---newInfoPriceItem--daysMonth","interaction":{"idSuffix":"inner"}},"wdio_ui5_key":"applicationmanagepricingrules-display-component---newInfoPriceItem--daysMonth"}]}
RESULT: {"script":"<script> [1562 bytes]","args":[{"selector":{"id":"application-managepricingrules-display-component---newInfoPriceItem--daysMonth","interaction":{"idSuffix":"inner"}},"wdio_ui5_key":"applicationmanagepricingrules-display-component---newInfoPriceItem--daysMonth"}]}
RESULT: undefined
COMMAND: POST /session/9eab2abfb92109d83111f8a107828286/execute/async - {"script":"<script> [776 bytes]","args":[{"enterText":"30","selector":{"id":"application-managepricingrules-display-component---newInfoPriceItem--daysMonth","interaction":{"idSuffix":"inner"}},"clearTextFirst":true,"interactionType":"ENTER_TEXT"}]}
RESULT: {"script":"<script> [776 bytes]","args":[{"enterText":"30","selector":{"id":"application-managepricingrules-display-component---newInfoPriceItem--daysMonth","interaction":{"idSuffix":"inner"}},"clearTextFirst":true,"interactionType":"ENTER_TEXT"}]}
COMMAND: POST /session/9eab2abfb92109d83111f8a107828286/element - {"using":"xpath","value":"//button[@data-kt=\"saveNewRuleButton\"]"}
RESULT: {"using":"xpath","value":"//button[@data-kt=\"saveNewRuleButton\"]"}
COMMAND: POST /session/9eab2abfb92109d83111f8a107828286/element/f.5DB0E6D2BB4820C6A36F69CDDED9F1D7.d.9CD59E2FA18FD047C190214778F6B958.e.19553/click - {}
RESULT: {}
COMMAND: GET /session/9eab2abfb92109d83111f8a107828286/screenshot - {}
RESULT: {}
COMMAND: POST /session/9eab2abfb92109d83111f8a107828286/execute/async - {"script":"<script> [1562 bytes]","args":[{"selector":{"id":"application-managepricingrules-display-component---priceInfoItem--smartFilterBar-btnBasicSearch","interaction":{"idSuffix":"I"}},"wdio_ui5_key":"applicationmanagepricingrules-display-component---priceInfoItem--smartFilterBar-btnBasicSearch"}]}
RESULT: {"script":"<script> [1562 bytes]","args":[{"selector":{"id":"application-managepricingrules-display-component---priceInfoItem--smartFilterBar-btnBasicSearch","interaction":{"idSuffix":"I"}},"wdio_ui5_key":"applicationmanagepricingrules-display-component---priceInfoItem--smartFilterBar-btnBasicSearch"}]}
RESULT: undefined
COMMAND: POST /session/9eab2abfb92109d83111f8a107828286/execute/async - {"script":"<script> [776 bytes]","args":[{"enterText":"osA3VhZifn","selector":{"id":"application-managepricingrules-display-component---priceInfoItem--smartFilterBar-btnBasicSearch","interaction":{"idSuffix":"I"}},"clearTextFirst":true,"interactionType":"ENTER_TEXT"}]}
RESULT: {"script":"<script> [776 bytes]","args":[{"enterText":"osA3VhZifn","selector":{"id":"application-managepricingrules-display-component---priceInfoItem--smartFilterBar-btnBasicSearch","interaction":{"idSuffix":"I"}},"clearTextFirst":true,"interactionType":"ENTER_TEXT"}]}
COMMAND: POST /session/9eab2abfb92109d83111f8a107828286/actions - {"actions":[{"id":"action72","type":"key","parameters":{},"actions":[{"type":"keyDown","value":""},{"type":"pause","duration":10},{"type":"keyUp","value":""}]}]}
RESULT: {"actions":[{"id":"action72","type":"key","parameters":{},"actions":[{"type":"keyDown","value":""},{"type":"pause","duration":10},{"type":"keyUp","value":""}]}]}
COMMAND: GET /session/9eab2abfb92109d83111f8a107828286/screenshot - {}
RESULT: {}
COMMAND: POST /session/9eab2abfb92109d83111f8a107828286/element - {"using":"xpath","value":"//span[@id=\"application-managepricingrules-display-component---priceInfoItem--smartTable-header-inner\"]"}
RESULT: {"using":"xpath","value":"//span[@id=\"application-managepricingrules-display-component---priceInfoItem--smartTable-header-inner\"]"}
COMMAND: POST /session/9eab2abfb92109d83111f8a107828286/elements - {"using":"xpath","value":"//span[@id=\"application-managepricingrules-display-component---priceInfoItem--smartTable-header-inner\"]"}
RESULT: {"using":"xpath","value":"//span[@id=\"application-managepricingrules-display-component---priceInfoItem--smartTable-header-inner\"]"}
COMMAND: POST /session/9eab2abfb92109d83111f8a107828286/execute/sync - {"script":"<script> [56 bytes]","args":[{"element-6066-11e4-a52e-4f735466cecf":"f.5DB0E6D2BB4820C6A36F69CDDED9F1D7.d.9CD59E2FA18FD047C190214778F6B958.e.19582","ELEMENT":"f.5DB0E6D2BB4820C6A36F69CDDED9F1D7.d.9CD59E2FA18FD047C190214778F6B958.e.19582"}]}
RESULT: {"script":"<script> [56 bytes]","args":[{"element-6066-11e4-a52e-4f735466cecf":"f.5DB0E6D2BB4820C6A36F69CDDED9F1D7.d.9CD59E2FA18FD047C190214778F6B958.e.19582","ELEMENT":"f.5DB0E6D2BB4820C6A36F69CDDED9F1D7.d.9CD59E2FA18FD047C190214778F6B958.e.19582"}]}
COMMAND: POST /session/9eab2abfb92109d83111f8a107828286/element - {"using":"css selector","value":"#shell-header-logo"}
COMMAND: GET /session/9eab2abfb92109d83111f8a107828286/screenshot - {}
RESULT: {"using":"css selector","value":"#shell-header-logo"}
COMMAND: POST /session/9eab2abfb92109d83111f8a107828286/element/f.5DB0E6D2BB4820C6A36F69CDDED9F1D7.d.9CD59E2FA18FD047C190214778F6B958.e.18666/click - {}
RESULT: {}
RESULT: {}
COMMAND: GET /session/9eab2abfb92109d83111f8a107828286/screenshot - {}
RESULT: {}
]]></system-out>
    </testcase>
    <testcase classname="chrome.136_0_7103_93.windows.Billing_Calculation_-_Time_based_(considering_transport_times)_US139738" name="Should create new pricing condition for the equipment" time="69.623">
      <system-out><![CDATA[
COMMAND: POST /session/9eab2abfb92109d83111f8a107828286/execute/async - {"script":"<script> [1562 bytes]","args":[{"selector":{"controlType":"sap.m.GenericTile","properties":{"header":"Manage Conditions & Prices"}},"wdio_ui5_key":"sapm.GenericTile{\"header\":\"Manage Conditions & Prices\"}"}]}
RESULT: {"script":"<script> [1562 bytes]","args":[{"selector":{"controlType":"sap.m.GenericTile","properties":{"header":"Manage Conditions & Prices"}},"wdio_ui5_key":"sapm.GenericTile{\"header\":\"Manage Conditions & Prices\"}"}]}
RESULT: undefined
COMMAND: POST /session/9eab2abfb92109d83111f8a107828286/element - {"using":"xpath","value":"//*[@id=\"__tile53\"]"}
RESULT: {"using":"xpath","value":"//*[@id=\"__tile53\"]"}
COMMAND: POST /session/9eab2abfb92109d83111f8a107828286/element/f.5DB0E6D2BB4820C6A36F69CDDED9F1D7.d.9CD59E2FA18FD047C190214778F6B958.e.18611/click - {}
RESULT: {}
COMMAND: GET /session/9eab2abfb92109d83111f8a107828286/screenshot - {}
COMMAND: POST /session/9eab2abfb92109d83111f8a107828286/elements - {"using":"xpath","value":"//span[text()='Error']"}
RESULT: {}
RESULT: {"using":"xpath","value":"//span[text()='Error']"}
COMMAND: POST /session/9eab2abfb92109d83111f8a107828286/element - {"using":"xpath","value":"//button[@aria-label=\"Create\"]"}
RESULT: {"using":"xpath","value":"//button[@aria-label=\"Create\"]"}
COMMAND: POST /session/9eab2abfb92109d83111f8a107828286/elements - {"using":"xpath","value":"//button[@aria-label=\"Create\"]"}
RESULT: {"using":"xpath","value":"//button[@aria-label=\"Create\"]"}
COMMAND: POST /session/9eab2abfb92109d83111f8a107828286/execute/sync - {"script":"<script> [8489 bytes]","args":[{"element-6066-11e4-a52e-4f735466cecf":"f.5DB0E6D2BB4820C6A36F69CDDED9F1D7.d.9CD59E2FA18FD047C190214778F6B958.e.19617","ELEMENT":"f.5DB0E6D2BB4820C6A36F69CDDED9F1D7.d.9CD59E2FA18FD047C190214778F6B958.e.19617"}]}
RESULT: {"script":"<script> [8489 bytes]","args":[{"element-6066-11e4-a52e-4f735466cecf":"f.5DB0E6D2BB4820C6A36F69CDDED9F1D7.d.9CD59E2FA18FD047C190214778F6B958.e.19617","ELEMENT":"f.5DB0E6D2BB4820C6A36F69CDDED9F1D7.d.9CD59E2FA18FD047C190214778F6B958.e.19617"}]}
COMMAND: GET /session/9eab2abfb92109d83111f8a107828286/element/f.5DB0E6D2BB4820C6A36F69CDDED9F1D7.d.9CD59E2FA18FD047C190214778F6B958.e.19617/enabled - {}
COMMAND: GET /session/9eab2abfb92109d83111f8a107828286/screenshot - {}
RESULT: {}
COMMAND: POST /session/9eab2abfb92109d83111f8a107828286/execute/sync - {"script":"<script> [8489 bytes]","args":[{"element-6066-11e4-a52e-4f735466cecf":"f.5DB0E6D2BB4820C6A36F69CDDED9F1D7.d.9CD59E2FA18FD047C190214778F6B958.e.19617","ELEMENT":"f.5DB0E6D2BB4820C6A36F69CDDED9F1D7.d.9CD59E2FA18FD047C190214778F6B958.e.19617"}]}
COMMAND: GET /session/9eab2abfb92109d83111f8a107828286/screenshot - {}
RESULT: {}
RESULT: {"script":"<script> [8489 bytes]","args":[{"element-6066-11e4-a52e-4f735466cecf":"f.5DB0E6D2BB4820C6A36F69CDDED9F1D7.d.9CD59E2FA18FD047C190214778F6B958.e.19617","ELEMENT":"f.5DB0E6D2BB4820C6A36F69CDDED9F1D7.d.9CD59E2FA18FD047C190214778F6B958.e.19617"}]}
COMMAND: POST /session/9eab2abfb92109d83111f8a107828286/execute/sync - {"script":"<script> [5351 bytes]","args":[{"element-6066-11e4-a52e-4f735466cecf":"f.5DB0E6D2BB4820C6A36F69CDDED9F1D7.d.9CD59E2FA18FD047C190214778F6B958.e.19617","ELEMENT":"f.5DB0E6D2BB4820C6A36F69CDDED9F1D7.d.9CD59E2FA18FD047C190214778F6B958.e.19617"}]}
COMMAND: GET /session/9eab2abfb92109d83111f8a107828286/screenshot - {}
RESULT: {}
RESULT: {"script":"<script> [5351 bytes]","args":[{"element-6066-11e4-a52e-4f735466cecf":"f.5DB0E6D2BB4820C6A36F69CDDED9F1D7.d.9CD59E2FA18FD047C190214778F6B958.e.19617","ELEMENT":"f.5DB0E6D2BB4820C6A36F69CDDED9F1D7.d.9CD59E2FA18FD047C190214778F6B958.e.19617"}]}
COMMAND: POST /session/9eab2abfb92109d83111f8a107828286/element/f.5DB0E6D2BB4820C6A36F69CDDED9F1D7.d.9CD59E2FA18FD047C190214778F6B958.e.19617/click - {}
COMMAND: GET /session/9eab2abfb92109d83111f8a107828286/screenshot - {}
RESULT: {}
RESULT: {}
COMMAND: GET /session/9eab2abfb92109d83111f8a107828286/screenshot - {}
RESULT: {}
RESULT: {}
COMMAND: POST /session/9eab2abfb92109d83111f8a107828286/actions - {"actions":[{"id":"action73","type":"key","parameters":{},"actions":[{"type":"keyDown","value":""},{"type":"pause","duration":10},{"type":"keyUp","value":""}]}]}
RESULT: {"actions":[{"id":"action73","type":"key","parameters":{},"actions":[{"type":"keyDown","value":""},{"type":"pause","duration":10},{"type":"keyUp","value":""}]}]}
COMMAND: GET /session/9eab2abfb92109d83111f8a107828286/screenshot - {}
RESULT: {}
COMMAND: POST /session/9eab2abfb92109d83111f8a107828286/execute/async - {"script":"<script> [1562 bytes]","args":[{"selector":{"id":"application-manageconditionprice-display-component---newCondition--condBillCond-arrow"},"wdio_ui5_key":"applicationmanageconditionprice-display-component---newCondition--condBillCond-arrow"}]}
RESULT: {"script":"<script> [1562 bytes]","args":[{"selector":{"id":"application-manageconditionprice-display-component---newCondition--condBillCond-arrow"},"wdio_ui5_key":"applicationmanageconditionprice-display-component---newCondition--condBillCond-arrow"}]}
RESULT: undefined
COMMAND: POST /session/9eab2abfb92109d83111f8a107828286/element - {"using":"xpath","value":"//*[@id=\"application-manageconditionprice-display-component---newCondition--condBillCond-arrow\"]"}
RESULT: {"using":"xpath","value":"//*[@id=\"application-manageconditionprice-display-component---newCondition--condBillCond-arrow\"]"}
COMMAND: POST /session/9eab2abfb92109d83111f8a107828286/element/f.5DB0E6D2BB4820C6A36F69CDDED9F1D7.d.9CD59E2FA18FD047C190214778F6B958.e.19797/click - {}
RESULT: {}
COMMAND: GET /session/9eab2abfb92109d83111f8a107828286/screenshot - {}
RESULT: {}
COMMAND: POST /session/9eab2abfb92109d83111f8a107828286/element - {"using":"xpath","value":"//li[.//span[contains(text(), \"DISP - D&I special price\")]]"}
RESULT: {"using":"xpath","value":"//li[.//span[contains(text(), \"DISP - D&I special price\")]]"}
COMMAND: POST /session/9eab2abfb92109d83111f8a107828286/element/f.5DB0E6D2BB4820C6A36F69CDDED9F1D7.d.9CD59E2FA18FD047C190214778F6B958.e.19800/click - {}
RESULT: {}
COMMAND: GET /session/9eab2abfb92109d83111f8a107828286/screenshot - {}
RESULT: {}
COMMAND: POST /session/9eab2abfb92109d83111f8a107828286/execute/async - {"script":"<script> [1562 bytes]","args":[{"selector":{"id":"application-manageconditionprice-display-component---newCondition--condValidTo","interaction":{"idSuffix":"inner"}},"wdio_ui5_key":"applicationmanageconditionprice-display-component---newCondition--condValidTo"}]}
RESULT: {"script":"<script> [1562 bytes]","args":[{"selector":{"id":"application-manageconditionprice-display-component---newCondition--condValidTo","interaction":{"idSuffix":"inner"}},"wdio_ui5_key":"applicationmanageconditionprice-display-component---newCondition--condValidTo"}]}
RESULT: undefined
COMMAND: POST /session/9eab2abfb92109d83111f8a107828286/execute/async - {"script":"<script> [776 bytes]","args":[{"enterText":"1/27/26","selector":{"id":"application-manageconditionprice-display-component---newCondition--condValidTo","interaction":{"idSuffix":"inner"}},"clearTextFirst":true,"interactionType":"ENTER_TEXT"}]}
RESULT: {"script":"<script> [776 bytes]","args":[{"enterText":"1/27/26","selector":{"id":"application-manageconditionprice-display-component---newCondition--condValidTo","interaction":{"idSuffix":"inner"}},"clearTextFirst":true,"interactionType":"ENTER_TEXT"}]}
COMMAND: POST /session/9eab2abfb92109d83111f8a107828286/element - {"using":"xpath","value":"//input[@id=\"application-manageconditionprice-display-component---newCondition--condRU-inner\"]"}
RESULT: {"using":"xpath","value":"//input[@id=\"application-manageconditionprice-display-component---newCondition--condRU-inner\"]"}
COMMAND: POST /session/9eab2abfb92109d83111f8a107828286/element/f.5DB0E6D2BB4820C6A36F69CDDED9F1D7.d.9CD59E2FA18FD047C190214778F6B958.e.19662/clear - {}
RESULT: {}
COMMAND: POST /session/9eab2abfb92109d83111f8a107828286/element/f.5DB0E6D2BB4820C6A36F69CDDED9F1D7.d.9CD59E2FA18FD047C190214778F6B958.e.19662/value - {"text":"osA3VhZifn"}
COMMAND: GET /session/9eab2abfb92109d83111f8a107828286/screenshot - {}
RESULT: {"text":"osA3VhZifn"}
COMMAND: GET /session/9eab2abfb92109d83111f8a107828286/screenshot - {}
RESULT: {}
RESULT: {}
COMMAND: POST /session/9eab2abfb92109d83111f8a107828286/actions - {"actions":[{"id":"action74","type":"key","parameters":{},"actions":[{"type":"keyDown","value":""},{"type":"pause","duration":10},{"type":"keyUp","value":""}]}]}
RESULT: {"actions":[{"id":"action74","type":"key","parameters":{},"actions":[{"type":"keyDown","value":""},{"type":"pause","duration":10},{"type":"keyUp","value":""}]}]}
COMMAND: POST /session/9eab2abfb92109d83111f8a107828286/execute/async - {"script":"<script> [1562 bytes]","args":[{"selector":{"id":"application-manageconditionprice-display-component---newCondition--condBaseQty","interaction":{"idSuffix":"inner"}},"wdio_ui5_key":"applicationmanageconditionprice-display-component---newCondition--condBaseQty"}]}
COMMAND: GET /session/9eab2abfb92109d83111f8a107828286/screenshot - {}
RESULT: {"script":"<script> [1562 bytes]","args":[{"selector":{"id":"application-manageconditionprice-display-component---newCondition--condBaseQty","interaction":{"idSuffix":"inner"}},"wdio_ui5_key":"applicationmanageconditionprice-display-component---newCondition--condBaseQty"}]}
RESULT: undefined
COMMAND: POST /session/9eab2abfb92109d83111f8a107828286/execute/async - {"script":"<script> [776 bytes]","args":[{"enterText":"1","selector":{"id":"application-manageconditionprice-display-component---newCondition--condBaseQty","interaction":{"idSuffix":"inner"}},"clearTextFirst":true,"interactionType":"ENTER_TEXT"}]}
RESULT: {}
RESULT: {"script":"<script> [776 bytes]","args":[{"enterText":"1","selector":{"id":"application-manageconditionprice-display-component---newCondition--condBaseQty","interaction":{"idSuffix":"inner"}},"clearTextFirst":true,"interactionType":"ENTER_TEXT"}]}
COMMAND: POST /session/9eab2abfb92109d83111f8a107828286/execute/async - {"script":"<script> [1562 bytes]","args":[{"selector":{"id":"application-manageconditionprice-display-component---newCondition--condValue","interaction":{"idSuffix":"inner"}},"wdio_ui5_key":"applicationmanageconditionprice-display-component---newCondition--condValue"}]}
RESULT: {"script":"<script> [1562 bytes]","args":[{"selector":{"id":"application-manageconditionprice-display-component---newCondition--condValue","interaction":{"idSuffix":"inner"}},"wdio_ui5_key":"applicationmanageconditionprice-display-component---newCondition--condValue"}]}
RESULT: undefined
COMMAND: POST /session/9eab2abfb92109d83111f8a107828286/execute/async - {"script":"<script> [776 bytes]","args":[{"enterText":"100","selector":{"id":"application-manageconditionprice-display-component---newCondition--condValue","interaction":{"idSuffix":"inner"}},"clearTextFirst":true,"interactionType":"ENTER_TEXT"}]}
RESULT: {"script":"<script> [776 bytes]","args":[{"enterText":"100","selector":{"id":"application-manageconditionprice-display-component---newCondition--condValue","interaction":{"idSuffix":"inner"}},"clearTextFirst":true,"interactionType":"ENTER_TEXT"}]}
COMMAND: POST /session/9eab2abfb92109d83111f8a107828286/execute/async - {"script":"<script> [1562 bytes]","args":[{"selector":{"id":"application-manageconditionprice-display-component---newCondition--condCurr-arrow"},"wdio_ui5_key":"applicationmanageconditionprice-display-component---newCondition--condCurr-arrow"}]}
RESULT: {"script":"<script> [1562 bytes]","args":[{"selector":{"id":"application-manageconditionprice-display-component---newCondition--condCurr-arrow"},"wdio_ui5_key":"applicationmanageconditionprice-display-component---newCondition--condCurr-arrow"}]}
RESULT: undefined
COMMAND: POST /session/9eab2abfb92109d83111f8a107828286/element - {"using":"xpath","value":"//*[@id=\"application-manageconditionprice-display-component---newCondition--condCurr-arrow\"]"}
RESULT: {"using":"xpath","value":"//*[@id=\"application-manageconditionprice-display-component---newCondition--condCurr-arrow\"]"}
COMMAND: POST /session/9eab2abfb92109d83111f8a107828286/element/f.5DB0E6D2BB4820C6A36F69CDDED9F1D7.d.9CD59E2FA18FD047C190214778F6B958.e.19775/click - {}
RESULT: {}
COMMAND: POST /session/9eab2abfb92109d83111f8a107828286/element - {"using":"xpath","value":"//span[contains(text(), \"Euro\")]"}
COMMAND: GET /session/9eab2abfb92109d83111f8a107828286/screenshot - {}
RESULT: {"using":"xpath","value":"//span[contains(text(), \"Euro\")]"}
COMMAND: POST /session/9eab2abfb92109d83111f8a107828286/element/f.5DB0E6D2BB4820C6A36F69CDDED9F1D7.d.9CD59E2FA18FD047C190214778F6B958.e.19839/click - {}
RESULT: {}
RESULT: {}
COMMAND: POST /session/9eab2abfb92109d83111f8a107828286/element - {"using":"xpath","value":"//button[@data-kt=\"saveButton\"]"}
COMMAND: GET /session/9eab2abfb92109d83111f8a107828286/screenshot - {}
RESULT: {"using":"xpath","value":"//button[@data-kt=\"saveButton\"]"}
COMMAND: POST /session/9eab2abfb92109d83111f8a107828286/element/f.5DB0E6D2BB4820C6A36F69CDDED9F1D7.d.9CD59E2FA18FD047C190214778F6B958.e.19776/click - {}
RESULT: {}
RESULT: {}
COMMAND: GET /session/9eab2abfb92109d83111f8a107828286/screenshot - {}
RESULT: {}
COMMAND: POST /session/9eab2abfb92109d83111f8a107828286/execute/async - {"script":"<script> [1562 bytes]","args":[{"selector":{"id":"application-manageconditionprice-display-component---conditions--smartFilterBar-btnBasicSearch","interaction":{"idSuffix":"I"}},"wdio_ui5_key":"applicationmanageconditionprice-display-component---conditions--smartFilterBar-btnBasicSearch"}]}
RESULT: {"script":"<script> [1562 bytes]","args":[{"selector":{"id":"application-manageconditionprice-display-component---conditions--smartFilterBar-btnBasicSearch","interaction":{"idSuffix":"I"}},"wdio_ui5_key":"applicationmanageconditionprice-display-component---conditions--smartFilterBar-btnBasicSearch"}]}
RESULT: undefined
COMMAND: POST /session/9eab2abfb92109d83111f8a107828286/execute/async - {"script":"<script> [776 bytes]","args":[{"enterText":"osA3VhZifn","selector":{"id":"application-manageconditionprice-display-component---conditions--smartFilterBar-btnBasicSearch","interaction":{"idSuffix":"I"}},"clearTextFirst":true,"interactionType":"ENTER_TEXT"}]}
RESULT: {"script":"<script> [776 bytes]","args":[{"enterText":"osA3VhZifn","selector":{"id":"application-manageconditionprice-display-component---conditions--smartFilterBar-btnBasicSearch","interaction":{"idSuffix":"I"}},"clearTextFirst":true,"interactionType":"ENTER_TEXT"}]}
COMMAND: POST /session/9eab2abfb92109d83111f8a107828286/actions - {"actions":[{"id":"action75","type":"key","parameters":{},"actions":[{"type":"keyDown","value":""},{"type":"pause","duration":10},{"type":"keyUp","value":""}]}]}
RESULT: {"actions":[{"id":"action75","type":"key","parameters":{},"actions":[{"type":"keyDown","value":""},{"type":"pause","duration":10},{"type":"keyUp","value":""}]}]}
COMMAND: GET /session/9eab2abfb92109d83111f8a107828286/screenshot - {}
RESULT: {}
COMMAND: POST /session/9eab2abfb92109d83111f8a107828286/execute/async - {"script":"<script> [1562 bytes]","args":[{"selector":{"id":"application-manageconditionprice-display-component---conditions--smartFilterBar-filterItemControl_BASIC-BILL_TYPES-vhi"},"wdio_ui5_key":"applicationmanageconditionprice-display-component---conditions--smartFilterBar-filterItemControl_BASIC-BILL_TYPES-vhi"}]}
RESULT: {"script":"<script> [1562 bytes]","args":[{"selector":{"id":"application-manageconditionprice-display-component---conditions--smartFilterBar-filterItemControl_BASIC-BILL_TYPES-vhi"},"wdio_ui5_key":"applicationmanageconditionprice-display-component---conditions--smartFilterBar-filterItemControl_BASIC-BILL_TYPES-vhi"}]}
RESULT: undefined
COMMAND: POST /session/9eab2abfb92109d83111f8a107828286/element - {"using":"xpath","value":"//*[@id=\"application-manageconditionprice-display-component---conditions--smartFilterBar-filterItemControl_BASIC-BILL_TYPES-vhi\"]"}
RESULT: {"using":"xpath","value":"//*[@id=\"application-manageconditionprice-display-component---conditions--smartFilterBar-filterItemControl_BASIC-BILL_TYPES-vhi\"]"}
COMMAND: POST /session/9eab2abfb92109d83111f8a107828286/element/f.5DB0E6D2BB4820C6A36F69CDDED9F1D7.d.9CD59E2FA18FD047C190214778F6B958.e.19946/click - {}
RESULT: {}
COMMAND: POST /session/9eab2abfb92109d83111f8a107828286/execute/async - {"script":"<script> [1562 bytes]","args":[{"selector":{"id":"application-manageconditionprice-display-component---conditions--smartFilterBar-filterItemControl_BASIC-BILL_TYPES-valueHelpDialog-smartFilterBar-btnBasicSearch","searchOpenDialogs":true,"interaction":{"idSuffix":"I"}},"wdio_ui5_key":"applicationmanageconditionprice-display-component---conditions--smartFilterBar-filterItemControl_BASIC-BILL_TYPES-valueHelpDialog-smartFilterBar-btnBasicSearch"}]}
COMMAND: GET /session/9eab2abfb92109d83111f8a107828286/screenshot - {}
RESULT: {"script":"<script> [1562 bytes]","args":[{"selector":{"id":"application-manageconditionprice-display-component---conditions--smartFilterBar-filterItemControl_BASIC-BILL_TYPES-valueHelpDialog-smartFilterBar-btnBasicSearch","searchOpenDialogs":true,"interaction":{"idSuffix":"I"}},"wdio_ui5_key":"applicationmanageconditionprice-display-component---conditions--smartFilterBar-filterItemControl_BASIC-BILL_TYPES-valueHelpDialog-smartFilterBar-btnBasicSearch"}]}
RESULT: undefined
COMMAND: POST /session/9eab2abfb92109d83111f8a107828286/execute/async - {"script":"<script> [776 bytes]","args":[{"enterText":"TB","selector":{"id":"application-manageconditionprice-display-component---conditions--smartFilterBar-filterItemControl_BASIC-BILL_TYPES-valueHelpDialog-smartFilterBar-btnBasicSearch","searchOpenDialogs":true,"interaction":{"idSuffix":"I"}},"clearTextFirst":true,"interactionType":"ENTER_TEXT"}]}
RESULT: {}
RESULT: {"script":"<script> [776 bytes]","args":[{"enterText":"TB","selector":{"id":"application-manageconditionprice-display-component---conditions--smartFilterBar-filterItemControl_BASIC-BILL_TYPES-valueHelpDialog-smartFilterBar-btnBasicSearch","searchOpenDialogs":true,"interaction":{"idSuffix":"I"}},"clearTextFirst":true,"interactionType":"ENTER_TEXT"}]}
COMMAND: POST /session/9eab2abfb92109d83111f8a107828286/actions - {"actions":[{"id":"action76","type":"key","parameters":{},"actions":[{"type":"keyDown","value":""},{"type":"pause","duration":10},{"type":"keyUp","value":""}]}]}
RESULT: {"actions":[{"id":"action76","type":"key","parameters":{},"actions":[{"type":"keyDown","value":""},{"type":"pause","duration":10},{"type":"keyUp","value":""}]}]}
COMMAND: GET /session/9eab2abfb92109d83111f8a107828286/screenshot - {}
RESULT: {}
COMMAND: POST /session/9eab2abfb92109d83111f8a107828286/element - {"using":"xpath","value":"//div[contains(@id, 'application-manageconditionprice-display-component---conditions--smartFilterBar-filterItemControl_BASIC-BILL_TYPES-valueHelpDialog-table-rowsel0')]"}
RESULT: {"using":"xpath","value":"//div[contains(@id, 'application-manageconditionprice-display-component---conditions--smartFilterBar-filterItemControl_BASIC-BILL_TYPES-valueHelpDialog-table-rowsel0')]"}
COMMAND: POST /session/9eab2abfb92109d83111f8a107828286/element/f.5DB0E6D2BB4820C6A36F69CDDED9F1D7.d.9CD59E2FA18FD047C190214778F6B958.e.19956/click - {}
RESULT: {}
COMMAND: GET /session/9eab2abfb92109d83111f8a107828286/screenshot - {}
RESULT: {}
COMMAND: POST /session/9eab2abfb92109d83111f8a107828286/element - {"using":"xpath","value":"//bdi[contains(text(), \"OK\")]"}
RESULT: {"using":"xpath","value":"//bdi[contains(text(), \"OK\")]"}
COMMAND: POST /session/9eab2abfb92109d83111f8a107828286/element/f.5DB0E6D2BB4820C6A36F69CDDED9F1D7.d.9CD59E2FA18FD047C190214778F6B958.e.19958/click - {}
RESULT: {}
COMMAND: GET /session/9eab2abfb92109d83111f8a107828286/screenshot - {}
RESULT: {}
COMMAND: POST /session/9eab2abfb92109d83111f8a107828286/element - {"using":"xpath","value":"//span[@id=\"application-manageconditionprice-display-component---conditions--smartTable-header-inner\"]"}
RESULT: {"using":"xpath","value":"//span[@id=\"application-manageconditionprice-display-component---conditions--smartTable-header-inner\"]"}
COMMAND: POST /session/9eab2abfb92109d83111f8a107828286/elements - {"using":"xpath","value":"//span[@id=\"application-manageconditionprice-display-component---conditions--smartTable-header-inner\"]"}
RESULT: {"using":"xpath","value":"//span[@id=\"application-manageconditionprice-display-component---conditions--smartTable-header-inner\"]"}
COMMAND: POST /session/9eab2abfb92109d83111f8a107828286/execute/sync - {"script":"<script> [56 bytes]","args":[{"element-6066-11e4-a52e-4f735466cecf":"f.5DB0E6D2BB4820C6A36F69CDDED9F1D7.d.9CD59E2FA18FD047C190214778F6B958.e.19961","ELEMENT":"f.5DB0E6D2BB4820C6A36F69CDDED9F1D7.d.9CD59E2FA18FD047C190214778F6B958.e.19961"}]}
RESULT: {"script":"<script> [56 bytes]","args":[{"element-6066-11e4-a52e-4f735466cecf":"f.5DB0E6D2BB4820C6A36F69CDDED9F1D7.d.9CD59E2FA18FD047C190214778F6B958.e.19961","ELEMENT":"f.5DB0E6D2BB4820C6A36F69CDDED9F1D7.d.9CD59E2FA18FD047C190214778F6B958.e.19961"}]}
COMMAND: POST /session/9eab2abfb92109d83111f8a107828286/element - {"using":"css selector","value":"#shell-header-logo"}
COMMAND: GET /session/9eab2abfb92109d83111f8a107828286/screenshot - {}
RESULT: {"using":"css selector","value":"#shell-header-logo"}
COMMAND: POST /session/9eab2abfb92109d83111f8a107828286/element/f.5DB0E6D2BB4820C6A36F69CDDED9F1D7.d.9CD59E2FA18FD047C190214778F6B958.e.19585/click - {}
RESULT: {}
RESULT: {}
COMMAND: GET /session/9eab2abfb92109d83111f8a107828286/screenshot - {}
RESULT: {}
]]></system-out>
    </testcase>
    <testcase classname="chrome.136_0_7103_93.windows.Billing_Calculation_-_Time_based_(considering_transport_times)_US139738" name="Should do a stock increase for the equipment" time="97.624">
      <system-out><![CDATA[
COMMAND: POST /session/9eab2abfb92109d83111f8a107828286/execute/async - {"script":"<script> [1562 bytes]","args":[{"selector":{"controlType":"sap.m.GenericTile","properties":{"header":"Manage Handovers"}},"wdio_ui5_key":"sapm.GenericTile{\"header\":\"Manage Handovers\"}"}]}
RESULT: {"script":"<script> [1562 bytes]","args":[{"selector":{"controlType":"sap.m.GenericTile","properties":{"header":"Manage Handovers"}},"wdio_ui5_key":"sapm.GenericTile{\"header\":\"Manage Handovers\"}"}]}
RESULT: undefined
COMMAND: POST /session/9eab2abfb92109d83111f8a107828286/element - {"using":"xpath","value":"//*[@id=\"__tile133\"]"}
RESULT: {"using":"xpath","value":"//*[@id=\"__tile133\"]"}
COMMAND: POST /session/9eab2abfb92109d83111f8a107828286/element/f.5DB0E6D2BB4820C6A36F69CDDED9F1D7.d.9CD59E2FA18FD047C190214778F6B958.e.18638/click - {}
RESULT: {}
COMMAND: GET /session/9eab2abfb92109d83111f8a107828286/screenshot - {}
RESULT: {}
COMMAND: POST /session/9eab2abfb92109d83111f8a107828286/elements - {"using":"xpath","value":"//span[text()='Error']"}
RESULT: {"using":"xpath","value":"//span[text()='Error']"}
COMMAND: POST /session/9eab2abfb92109d83111f8a107828286/element - {"using":"xpath","value":"//button[@data-kt=\"masterHOAddButton\"]"}
RESULT: {"using":"xpath","value":"//button[@data-kt=\"masterHOAddButton\"]"}
COMMAND: POST /session/9eab2abfb92109d83111f8a107828286/elements - {"using":"xpath","value":"//button[@data-kt=\"masterHOAddButton\"]"}
RESULT: {"using":"xpath","value":"//button[@data-kt=\"masterHOAddButton\"]"}
COMMAND: POST /session/9eab2abfb92109d83111f8a107828286/elements - {"using":"xpath","value":"//button[@data-kt=\"masterHOAddButton\"]"}
RESULT: {"using":"xpath","value":"//button[@data-kt=\"masterHOAddButton\"]"}
COMMAND: POST /session/9eab2abfb92109d83111f8a107828286/element - {"using":"xpath","value":"//button[@data-kt=\"masterHOAddButton\"]"}
RESULT: {"using":"xpath","value":"//button[@data-kt=\"masterHOAddButton\"]"}
COMMAND: POST /session/9eab2abfb92109d83111f8a107828286/execute/sync - {"script":"<script> [8489 bytes]","args":[{"element-6066-11e4-a52e-4f735466cecf":"f.5DB0E6D2BB4820C6A36F69CDDED9F1D7.d.9CD59E2FA18FD047C190214778F6B958.e.20005","ELEMENT":"f.5DB0E6D2BB4820C6A36F69CDDED9F1D7.d.9CD59E2FA18FD047C190214778F6B958.e.20005"}]}
RESULT: {"script":"<script> [8489 bytes]","args":[{"element-6066-11e4-a52e-4f735466cecf":"f.5DB0E6D2BB4820C6A36F69CDDED9F1D7.d.9CD59E2FA18FD047C190214778F6B958.e.20005","ELEMENT":"f.5DB0E6D2BB4820C6A36F69CDDED9F1D7.d.9CD59E2FA18FD047C190214778F6B958.e.20005"}]}
COMMAND: GET /session/9eab2abfb92109d83111f8a107828286/element/f.5DB0E6D2BB4820C6A36F69CDDED9F1D7.d.9CD59E2FA18FD047C190214778F6B958.e.20005/enabled - {}
COMMAND: GET /session/9eab2abfb92109d83111f8a107828286/screenshot - {}
RESULT: {}
COMMAND: POST /session/9eab2abfb92109d83111f8a107828286/execute/sync - {"script":"<script> [8489 bytes]","args":[{"element-6066-11e4-a52e-4f735466cecf":"f.5DB0E6D2BB4820C6A36F69CDDED9F1D7.d.9CD59E2FA18FD047C190214778F6B958.e.20005","ELEMENT":"f.5DB0E6D2BB4820C6A36F69CDDED9F1D7.d.9CD59E2FA18FD047C190214778F6B958.e.20005"}]}
COMMAND: GET /session/9eab2abfb92109d83111f8a107828286/screenshot - {}
RESULT: {}
RESULT: {"script":"<script> [8489 bytes]","args":[{"element-6066-11e4-a52e-4f735466cecf":"f.5DB0E6D2BB4820C6A36F69CDDED9F1D7.d.9CD59E2FA18FD047C190214778F6B958.e.20005","ELEMENT":"f.5DB0E6D2BB4820C6A36F69CDDED9F1D7.d.9CD59E2FA18FD047C190214778F6B958.e.20005"}]}
COMMAND: POST /session/9eab2abfb92109d83111f8a107828286/execute/sync - {"script":"<script> [5351 bytes]","args":[{"element-6066-11e4-a52e-4f735466cecf":"f.5DB0E6D2BB4820C6A36F69CDDED9F1D7.d.9CD59E2FA18FD047C190214778F6B958.e.20005","ELEMENT":"f.5DB0E6D2BB4820C6A36F69CDDED9F1D7.d.9CD59E2FA18FD047C190214778F6B958.e.20005"}]}
COMMAND: GET /session/9eab2abfb92109d83111f8a107828286/screenshot - {}
RESULT: {}
RESULT: {"script":"<script> [5351 bytes]","args":[{"element-6066-11e4-a52e-4f735466cecf":"f.5DB0E6D2BB4820C6A36F69CDDED9F1D7.d.9CD59E2FA18FD047C190214778F6B958.e.20005","ELEMENT":"f.5DB0E6D2BB4820C6A36F69CDDED9F1D7.d.9CD59E2FA18FD047C190214778F6B958.e.20005"}]}
COMMAND: POST /session/9eab2abfb92109d83111f8a107828286/element/f.5DB0E6D2BB4820C6A36F69CDDED9F1D7.d.9CD59E2FA18FD047C190214778F6B958.e.20005/click - {}
COMMAND: GET /session/9eab2abfb92109d83111f8a107828286/screenshot - {}
RESULT: {}
RESULT: {}
COMMAND: GET /session/9eab2abfb92109d83111f8a107828286/screenshot - {}
COMMAND: POST /session/9eab2abfb92109d83111f8a107828286/element - {"using":"xpath","value":"//span[contains(@id ,\"AddNewHO--typeSelect-arrow\")]"}
RESULT: {}
RESULT: {}
RESULT: {"using":"xpath","value":"//span[contains(@id ,\"AddNewHO--typeSelect-arrow\")]"}
COMMAND: POST /session/9eab2abfb92109d83111f8a107828286/element/f.5DB0E6D2BB4820C6A36F69CDDED9F1D7.d.9CD59E2FA18FD047C190214778F6B958.e.20345/click - {}
RESULT: {}
COMMAND: GET /session/9eab2abfb92109d83111f8a107828286/screenshot - {}
RESULT: {}
COMMAND: POST /session/9eab2abfb92109d83111f8a107828286/element - {"using":"xpath","value":"(//li[contains(text(), \"stock increase yard\")])[1]"}
RESULT: {"using":"xpath","value":"(//li[contains(text(), \"stock increase yard\")])[1]"}
COMMAND: POST /session/9eab2abfb92109d83111f8a107828286/element/f.5DB0E6D2BB4820C6A36F69CDDED9F1D7.d.9CD59E2FA18FD047C190214778F6B958.e.20346/click - {}
RESULT: {}
COMMAND: GET /session/9eab2abfb92109d83111f8a107828286/screenshot - {}
RESULT: {}
COMMAND: POST /session/9eab2abfb92109d83111f8a107828286/execute/async - {"script":"<script> [1562 bytes]","args":[{"selector":{"id":"application-managehandovers-display-component---AddNewHO--dueDate","interaction":{"idSuffix":"inner"}},"wdio_ui5_key":"applicationmanagehandovers-display-component---AddNewHO--dueDate"}]}
RESULT: {"script":"<script> [1562 bytes]","args":[{"selector":{"id":"application-managehandovers-display-component---AddNewHO--dueDate","interaction":{"idSuffix":"inner"}},"wdio_ui5_key":"applicationmanagehandovers-display-component---AddNewHO--dueDate"}]}
RESULT: undefined
COMMAND: POST /session/9eab2abfb92109d83111f8a107828286/execute/async - {"script":"<script> [6424 bytes]","args":[{"element-6066-11e4-a52e-4f735466cecf":"f.5DB0E6D2BB4820C6A36F69CDDED9F1D7.d.9CD59E2FA18FD047C190214778F6B958.e.20350"},"setValue",["5/27/25"]]}
RESULT: {"script":"<script> [6424 bytes]","args":[{"element-6066-11e4-a52e-4f735466cecf":"f.5DB0E6D2BB4820C6A36F69CDDED9F1D7.d.9CD59E2FA18FD047C190214778F6B958.e.20350"},"setValue",["5/27/25"]]}
COMMAND: POST /session/9eab2abfb92109d83111f8a107828286/element - {"using":"xpath","value":"//input[@id=\"generalSectionFrg--receiveYard-inner\"]"}
RESULT: {"using":"xpath","value":"//input[@id=\"generalSectionFrg--receiveYard-inner\"]"}
COMMAND: POST /session/9eab2abfb92109d83111f8a107828286/element/f.5DB0E6D2BB4820C6A36F69CDDED9F1D7.d.9CD59E2FA18FD047C190214778F6B958.e.20356/clear - {}
RESULT: {}
COMMAND: POST /session/9eab2abfb92109d83111f8a107828286/element/f.5DB0E6D2BB4820C6A36F69CDDED9F1D7.d.9CD59E2FA18FD047C190214778F6B958.e.20356/value - {"text":"395"}
COMMAND: GET /session/9eab2abfb92109d83111f8a107828286/screenshot - {}
RESULT: {"text":"395"}
COMMAND: GET /session/9eab2abfb92109d83111f8a107828286/screenshot - {}
RESULT: {}
RESULT: {}
COMMAND: POST /session/9eab2abfb92109d83111f8a107828286/element - {"using":"xpath","value":"//li[.//span[text()='395']]"}
RESULT: {"using":"xpath","value":"//li[.//span[text()='395']]"}
COMMAND: POST /session/9eab2abfb92109d83111f8a107828286/element/f.5DB0E6D2BB4820C6A36F69CDDED9F1D7.d.9CD59E2FA18FD047C190214778F6B958.e.20371/click - {}
RESULT: {}
COMMAND: GET /session/9eab2abfb92109d83111f8a107828286/screenshot - {}
RESULT: {}
COMMAND: POST /session/9eab2abfb92109d83111f8a107828286/execute/async - {"script":"<script> [1562 bytes]","args":[{"selector":{"id":"application-managehandovers-display-component---AddNewHO--ObjectPageLayout-anchBar-application-managehandovers-display-component---AddNewHO--section4-anchor","interaction":{"idSuffix":"BDI-content"}},"wdio_ui5_key":"applicationmanagehandovers-display-component---AddNewHO--ObjectPageLayout-anchBar-application-managehandovers-display-component---AddNewHO--section4-anchor"}]}
RESULT: {"script":"<script> [1562 bytes]","args":[{"selector":{"id":"application-managehandovers-display-component---AddNewHO--ObjectPageLayout-anchBar-application-managehandovers-display-component---AddNewHO--section4-anchor","interaction":{"idSuffix":"BDI-content"}},"wdio_ui5_key":"applicationmanagehandovers-display-component---AddNewHO--ObjectPageLayout-anchBar-application-managehandovers-display-component---AddNewHO--section4-anchor"}]}
RESULT: undefined
COMMAND: POST /session/9eab2abfb92109d83111f8a107828286/element - {"using":"xpath","value":"//*[@id=\"application-managehandovers-display-component---AddNewHO--ObjectPageLayout-anchBar-application-managehandovers-display-component---AddNewHO--section4-anchor\"]"}
RESULT: {"using":"xpath","value":"//*[@id=\"application-managehandovers-display-component---AddNewHO--ObjectPageLayout-anchBar-application-managehandovers-display-component---AddNewHO--section4-anchor\"]"}
COMMAND: POST /session/9eab2abfb92109d83111f8a107828286/element/f.5DB0E6D2BB4820C6A36F69CDDED9F1D7.d.9CD59E2FA18FD047C190214778F6B958.e.20373/click - {}
RESULT: {}
COMMAND: POST /session/9eab2abfb92109d83111f8a107828286/element - {"using":"xpath","value":"//button[@aria-label=\"Add\"]"}
COMMAND: GET /session/9eab2abfb92109d83111f8a107828286/screenshot - {}
RESULT: {"using":"xpath","value":"//button[@aria-label=\"Add\"]"}
COMMAND: POST /session/9eab2abfb92109d83111f8a107828286/element/f.5DB0E6D2BB4820C6A36F69CDDED9F1D7.d.9CD59E2FA18FD047C190214778F6B958.e.20375/click - {}
RESULT: {}
RESULT: {}
COMMAND: GET /session/9eab2abfb92109d83111f8a107828286/screenshot - {}
RESULT: {}
COMMAND: POST /session/9eab2abfb92109d83111f8a107828286/execute/async - {"script":"<script> [1562 bytes]","args":[{"selector":{"id":"application-managehandovers-display-component---AddNewHO--smartFilterBar-btnBasicSearch","searchOpenDialogs":true,"interaction":{"idSuffix":"I"}},"wdio_ui5_key":"applicationmanagehandovers-display-component---AddNewHO--smartFilterBar-btnBasicSearch"}]}
RESULT: {"script":"<script> [1562 bytes]","args":[{"selector":{"id":"application-managehandovers-display-component---AddNewHO--smartFilterBar-btnBasicSearch","searchOpenDialogs":true,"interaction":{"idSuffix":"I"}},"wdio_ui5_key":"applicationmanagehandovers-display-component---AddNewHO--smartFilterBar-btnBasicSearch"}]}
RESULT: undefined
COMMAND: POST /session/9eab2abfb92109d83111f8a107828286/execute/async - {"script":"<script> [776 bytes]","args":[{"enterText":"osA3VhZifn","selector":{"id":"application-managehandovers-display-component---AddNewHO--smartFilterBar-btnBasicSearch","searchOpenDialogs":true,"interaction":{"idSuffix":"I"}},"clearTextFirst":true,"interactionType":"ENTER_TEXT"}]}
RESULT: {"script":"<script> [776 bytes]","args":[{"enterText":"osA3VhZifn","selector":{"id":"application-managehandovers-display-component---AddNewHO--smartFilterBar-btnBasicSearch","searchOpenDialogs":true,"interaction":{"idSuffix":"I"}},"clearTextFirst":true,"interactionType":"ENTER_TEXT"}]}
COMMAND: POST /session/9eab2abfb92109d83111f8a107828286/actions - {"actions":[{"id":"action77","type":"key","parameters":{},"actions":[{"type":"keyDown","value":""},{"type":"pause","duration":10},{"type":"keyUp","value":""}]}]}
RESULT: {"actions":[{"id":"action77","type":"key","parameters":{},"actions":[{"type":"keyDown","value":""},{"type":"pause","duration":10},{"type":"keyUp","value":""}]}]}
COMMAND: GET /session/9eab2abfb92109d83111f8a107828286/screenshot - {}
RESULT: {}
COMMAND: POST /session/9eab2abfb92109d83111f8a107828286/execute/async - {"script":"<script> [1562 bytes]","args":[{"selector":{"id":"application-managehandovers-display-component---AddNewHO--popup-sa","searchOpenDialogs":true,"interaction":{"idSuffix":"CbBg"}},"wdio_ui5_key":"applicationmanagehandovers-display-component---AddNewHO--popup-sa"}]}
RESULT: {"script":"<script> [1562 bytes]","args":[{"selector":{"id":"application-managehandovers-display-component---AddNewHO--popup-sa","searchOpenDialogs":true,"interaction":{"idSuffix":"CbBg"}},"wdio_ui5_key":"applicationmanagehandovers-display-component---AddNewHO--popup-sa"}]}
RESULT: undefined
COMMAND: POST /session/9eab2abfb92109d83111f8a107828286/element - {"using":"xpath","value":"//*[@id=\"application-managehandovers-display-component---AddNewHO--popup-sa\"]"}
RESULT: {"using":"xpath","value":"//*[@id=\"application-managehandovers-display-component---AddNewHO--popup-sa\"]"}
COMMAND: POST /session/9eab2abfb92109d83111f8a107828286/element/f.5DB0E6D2BB4820C6A36F69CDDED9F1D7.d.9CD59E2FA18FD047C190214778F6B958.e.20529/click - {}
RESULT: {}
COMMAND: GET /session/9eab2abfb92109d83111f8a107828286/screenshot - {}
RESULT: {}
COMMAND: POST /session/9eab2abfb92109d83111f8a107828286/element - {"using":"xpath","value":"//bdi[contains(text(), \"Select\")]"}
RESULT: {"using":"xpath","value":"//bdi[contains(text(), \"Select\")]"}
COMMAND: POST /session/9eab2abfb92109d83111f8a107828286/element/f.5DB0E6D2BB4820C6A36F69CDDED9F1D7.d.9CD59E2FA18FD047C190214778F6B958.e.20530/click - {}
RESULT: {}
COMMAND: GET /session/9eab2abfb92109d83111f8a107828286/screenshot - {}
RESULT: {}
COMMAND: POST /session/9eab2abfb92109d83111f8a107828286/element - {"using":"xpath","value":"//button[@data-kt=\"AddNewHOSaveButton\"]"}
RESULT: {"using":"xpath","value":"//button[@data-kt=\"AddNewHOSaveButton\"]"}
COMMAND: POST /session/9eab2abfb92109d83111f8a107828286/element/f.5DB0E6D2BB4820C6A36F69CDDED9F1D7.d.9CD59E2FA18FD047C190214778F6B958.e.20534/click - {}
RESULT: {}
COMMAND: GET /session/9eab2abfb92109d83111f8a107828286/screenshot - {}
COMMAND: POST /session/9eab2abfb92109d83111f8a107828286/execute/async - {"script":"<script> [1562 bytes]","args":[{"selector":{"id":"receiptDatePicker","viewName":"etm.portal.ui.managehandovers.view.DetailExecuteHO","interaction":{"idSuffix":"inner"}},"wdio_ui5_key":"receiptDatePickeretmportal.ui.managehandovers.view.DetailExecuteHO"}]}
RESULT: {}
RESULT: {"script":"<script> [1562 bytes]","args":[{"selector":{"id":"receiptDatePicker","viewName":"etm.portal.ui.managehandovers.view.DetailExecuteHO","interaction":{"idSuffix":"inner"}},"wdio_ui5_key":"receiptDatePickeretmportal.ui.managehandovers.view.DetailExecuteHO"}]}
RESULT: undefined
COMMAND: POST /session/9eab2abfb92109d83111f8a107828286/execute/async - {"script":"<script> [6424 bytes]","args":[{"element-6066-11e4-a52e-4f735466cecf":"f.5DB0E6D2BB4820C6A36F69CDDED9F1D7.d.9CD59E2FA18FD047C190214778F6B958.e.20564"},"setValue",["5/27/25"]]}
RESULT: {"script":"<script> [6424 bytes]","args":[{"element-6066-11e4-a52e-4f735466cecf":"f.5DB0E6D2BB4820C6A36F69CDDED9F1D7.d.9CD59E2FA18FD047C190214778F6B958.e.20564"},"setValue",["5/27/25"]]}
COMMAND: POST /session/9eab2abfb92109d83111f8a107828286/element - {"using":"xpath","value":"//button[@data-kt=\"ReceivingTableConfirmAllButton\"]"}
RESULT: {"using":"xpath","value":"//button[@data-kt=\"ReceivingTableConfirmAllButton\"]"}
COMMAND: POST /session/9eab2abfb92109d83111f8a107828286/element/f.5DB0E6D2BB4820C6A36F69CDDED9F1D7.d.9CD59E2FA18FD047C190214778F6B958.e.20580/click - {}
RESULT: {}
COMMAND: GET /session/9eab2abfb92109d83111f8a107828286/screenshot - {}
RESULT: {}
COMMAND: POST /session/9eab2abfb92109d83111f8a107828286/element - {"using":"xpath","value":"//bdi[contains(text(), \"OK\")]"}
RESULT: {"using":"xpath","value":"//bdi[contains(text(), \"OK\")]"}
COMMAND: POST /session/9eab2abfb92109d83111f8a107828286/element/f.5DB0E6D2BB4820C6A36F69CDDED9F1D7.d.9CD59E2FA18FD047C190214778F6B958.e.20583/click - {}
RESULT: {}
COMMAND: GET /session/9eab2abfb92109d83111f8a107828286/screenshot - {}
RESULT: {}
COMMAND: POST /session/9eab2abfb92109d83111f8a107828286/element - {"using":"xpath","value":"(//bdi[contains(text(), \"Receive\")])[2]"}
RESULT: {"using":"xpath","value":"(//bdi[contains(text(), \"Receive\")])[2]"}
COMMAND: POST /session/9eab2abfb92109d83111f8a107828286/element/f.5DB0E6D2BB4820C6A36F69CDDED9F1D7.d.9CD59E2FA18FD047C190214778F6B958.e.20584/click - {}
RESULT: {}
COMMAND: GET /session/9eab2abfb92109d83111f8a107828286/screenshot - {}
RESULT: {}
COMMAND: POST /session/9eab2abfb92109d83111f8a107828286/element - {"using":"css selector","value":"#shell-header-logo"}
RESULT: {"using":"css selector","value":"#shell-header-logo"}
COMMAND: POST /session/9eab2abfb92109d83111f8a107828286/element/f.5DB0E6D2BB4820C6A36F69CDDED9F1D7.d.9CD59E2FA18FD047C190214778F6B958.e.19967/click - {}
RESULT: {}
COMMAND: GET /session/9eab2abfb92109d83111f8a107828286/screenshot - {}
RESULT: {}
]]></system-out>
    </testcase>
    <testcase classname="chrome.136_0_7103_93.windows.Billing_Calculation_-_Time_based_(considering_transport_times)_US139738" name="Should create a new contract" time="74.441">
      <system-out><![CDATA[
COMMAND: POST /session/9eab2abfb92109d83111f8a107828286/execute/async - {"script":"<script> [1562 bytes]","args":[{"selector":{"controlType":"sap.m.GenericTile","properties":{"header":"Manage Contracts"}},"wdio_ui5_key":"sapm.GenericTile{\"header\":\"Manage Contracts\"}"}]}
RESULT: {"script":"<script> [1562 bytes]","args":[{"selector":{"controlType":"sap.m.GenericTile","properties":{"header":"Manage Contracts"}},"wdio_ui5_key":"sapm.GenericTile{\"header\":\"Manage Contracts\"}"}]}
RESULT: undefined
COMMAND: POST /session/9eab2abfb92109d83111f8a107828286/element - {"using":"xpath","value":"//*[@id=\"__tile132\"]"}
RESULT: {"using":"xpath","value":"//*[@id=\"__tile132\"]"}
COMMAND: POST /session/9eab2abfb92109d83111f8a107828286/element/f.5DB0E6D2BB4820C6A36F69CDDED9F1D7.d.9CD59E2FA18FD047C190214778F6B958.e.18580/click - {}
RESULT: {}
COMMAND: GET /session/9eab2abfb92109d83111f8a107828286/screenshot - {}
RESULT: {}
COMMAND: POST /session/9eab2abfb92109d83111f8a107828286/elements - {"using":"xpath","value":"//span[text()='Error']"}
RESULT: {"using":"xpath","value":"//span[text()='Error']"}
COMMAND: POST /session/9eab2abfb92109d83111f8a107828286/element - {"using":"xpath","value":"//button[@data-kt=\"addButton\"]"}
RESULT: {"using":"xpath","value":"//button[@data-kt=\"addButton\"]"}
COMMAND: POST /session/9eab2abfb92109d83111f8a107828286/elements - {"using":"xpath","value":"//button[@data-kt=\"addButton\"]"}
RESULT: {"using":"xpath","value":"//button[@data-kt=\"addButton\"]"}
COMMAND: POST /session/9eab2abfb92109d83111f8a107828286/execute/sync - {"script":"<script> [8489 bytes]","args":[{"element-6066-11e4-a52e-4f735466cecf":"f.5DB0E6D2BB4820C6A36F69CDDED9F1D7.d.9CD59E2FA18FD047C190214778F6B958.e.20800","ELEMENT":"f.5DB0E6D2BB4820C6A36F69CDDED9F1D7.d.9CD59E2FA18FD047C190214778F6B958.e.20800"}]}
RESULT: {"script":"<script> [8489 bytes]","args":[{"element-6066-11e4-a52e-4f735466cecf":"f.5DB0E6D2BB4820C6A36F69CDDED9F1D7.d.9CD59E2FA18FD047C190214778F6B958.e.20800","ELEMENT":"f.5DB0E6D2BB4820C6A36F69CDDED9F1D7.d.9CD59E2FA18FD047C190214778F6B958.e.20800"}]}
COMMAND: GET /session/9eab2abfb92109d83111f8a107828286/element/f.5DB0E6D2BB4820C6A36F69CDDED9F1D7.d.9CD59E2FA18FD047C190214778F6B958.e.20800/enabled - {}
COMMAND: GET /session/9eab2abfb92109d83111f8a107828286/screenshot - {}
RESULT: {}
RESULT: {}
COMMAND: POST /session/9eab2abfb92109d83111f8a107828286/execute/sync - {"script":"<script> [8489 bytes]","args":[{"element-6066-11e4-a52e-4f735466cecf":"f.5DB0E6D2BB4820C6A36F69CDDED9F1D7.d.9CD59E2FA18FD047C190214778F6B958.e.20800","ELEMENT":"f.5DB0E6D2BB4820C6A36F69CDDED9F1D7.d.9CD59E2FA18FD047C190214778F6B958.e.20800"}]}
COMMAND: GET /session/9eab2abfb92109d83111f8a107828286/screenshot - {}
RESULT: {"script":"<script> [8489 bytes]","args":[{"element-6066-11e4-a52e-4f735466cecf":"f.5DB0E6D2BB4820C6A36F69CDDED9F1D7.d.9CD59E2FA18FD047C190214778F6B958.e.20800","ELEMENT":"f.5DB0E6D2BB4820C6A36F69CDDED9F1D7.d.9CD59E2FA18FD047C190214778F6B958.e.20800"}]}
COMMAND: POST /session/9eab2abfb92109d83111f8a107828286/execute/sync - {"script":"<script> [5351 bytes]","args":[{"element-6066-11e4-a52e-4f735466cecf":"f.5DB0E6D2BB4820C6A36F69CDDED9F1D7.d.9CD59E2FA18FD047C190214778F6B958.e.20800","ELEMENT":"f.5DB0E6D2BB4820C6A36F69CDDED9F1D7.d.9CD59E2FA18FD047C190214778F6B958.e.20800"}]}
COMMAND: GET /session/9eab2abfb92109d83111f8a107828286/screenshot - {}
RESULT: {}
RESULT: {"script":"<script> [5351 bytes]","args":[{"element-6066-11e4-a52e-4f735466cecf":"f.5DB0E6D2BB4820C6A36F69CDDED9F1D7.d.9CD59E2FA18FD047C190214778F6B958.e.20800","ELEMENT":"f.5DB0E6D2BB4820C6A36F69CDDED9F1D7.d.9CD59E2FA18FD047C190214778F6B958.e.20800"}]}
COMMAND: GET /session/9eab2abfb92109d83111f8a107828286/screenshot - {}
RESULT: {}
RESULT: {}
COMMAND: POST /session/9eab2abfb92109d83111f8a107828286/element/f.5DB0E6D2BB4820C6A36F69CDDED9F1D7.d.9CD59E2FA18FD047C190214778F6B958.e.20800/click - {}
RESULT: {}
COMMAND: GET /session/9eab2abfb92109d83111f8a107828286/screenshot - {}
COMMAND: POST /session/9eab2abfb92109d83111f8a107828286/execute/async - {"script":"<script> [1562 bytes]","args":[{"selector":{"id":"application-managecontracts-display-component---AddNewContract--projectDescription","interaction":{"idSuffix":"inner"}},"wdio_ui5_key":"applicationmanagecontracts-display-component---AddNewContract--projectDescription"}]}
RESULT: {}
RESULT: {"script":"<script> [1562 bytes]","args":[{"selector":{"id":"application-managecontracts-display-component---AddNewContract--projectDescription","interaction":{"idSuffix":"inner"}},"wdio_ui5_key":"applicationmanagecontracts-display-component---AddNewContract--projectDescription"}]}
RESULT: undefined
COMMAND: POST /session/9eab2abfb92109d83111f8a107828286/execute/async - {"script":"<script> [776 bytes]","args":[{"enterText":"Contract WDIO","selector":{"id":"application-managecontracts-display-component---AddNewContract--projectDescription","interaction":{"idSuffix":"inner"}},"clearTextFirst":true,"interactionType":"ENTER_TEXT"}]}
RESULT: {"script":"<script> [776 bytes]","args":[{"enterText":"Contract WDIO","selector":{"id":"application-managecontracts-display-component---AddNewContract--projectDescription","interaction":{"idSuffix":"inner"}},"clearTextFirst":true,"interactionType":"ENTER_TEXT"}]}
COMMAND: POST /session/9eab2abfb92109d83111f8a107828286/element - {"using":"xpath","value":"//input[@id=\"application-managecontracts-display-component---AddNewContract--site-inner\"]"}
RESULT: {"using":"xpath","value":"//input[@id=\"application-managecontracts-display-component---AddNewContract--site-inner\"]"}
COMMAND: POST /session/9eab2abfb92109d83111f8a107828286/element/f.5DB0E6D2BB4820C6A36F69CDDED9F1D7.d.9CD59E2FA18FD047C190214778F6B958.e.21121/clear - {}
RESULT: {}
COMMAND: POST /session/9eab2abfb92109d83111f8a107828286/element/f.5DB0E6D2BB4820C6A36F69CDDED9F1D7.d.9CD59E2FA18FD047C190214778F6B958.e.21121/value - {"text":"2186"}
COMMAND: GET /session/9eab2abfb92109d83111f8a107828286/screenshot - {}
RESULT: {"text":"2186"}
COMMAND: GET /session/9eab2abfb92109d83111f8a107828286/screenshot - {}
RESULT: {}
RESULT: {}
COMMAND: POST /session/9eab2abfb92109d83111f8a107828286/element - {"using":"xpath","value":"//li[.//span[text()='2186']]"}
RESULT: {"using":"xpath","value":"//li[.//span[text()='2186']]"}
COMMAND: POST /session/9eab2abfb92109d83111f8a107828286/element/f.5DB0E6D2BB4820C6A36F69CDDED9F1D7.d.9CD59E2FA18FD047C190214778F6B958.e.21203/click - {}
RESULT: {}
COMMAND: GET /session/9eab2abfb92109d83111f8a107828286/screenshot - {}
RESULT: {}
COMMAND: POST /session/9eab2abfb92109d83111f8a107828286/element - {"using":"xpath","value":"//input[@id=\"application-managecontracts-display-component---AddNewContract--yardId-inner\"]"}
RESULT: {"using":"xpath","value":"//input[@id=\"application-managecontracts-display-component---AddNewContract--yardId-inner\"]"}
COMMAND: GET /session/9eab2abfb92109d83111f8a107828286/element/f.5DB0E6D2BB4820C6A36F69CDDED9F1D7.d.9CD59E2FA18FD047C190214778F6B958.e.21122/property/value - {}
RESULT: {}
COMMAND: POST /session/9eab2abfb92109d83111f8a107828286/element - {"using":"xpath","value":"//input[@id=\"application-managecontracts-display-component---AddNewContract--customerSelect-inner\"]"}
COMMAND: GET /session/9eab2abfb92109d83111f8a107828286/screenshot - {}
RESULT: {"using":"xpath","value":"//input[@id=\"application-managecontracts-display-component---AddNewContract--customerSelect-inner\"]"}
COMMAND: POST /session/9eab2abfb92109d83111f8a107828286/element/f.5DB0E6D2BB4820C6A36F69CDDED9F1D7.d.9CD59E2FA18FD047C190214778F6B958.e.21120/clear - {}
RESULT: {}
RESULT: {}
COMMAND: POST /session/9eab2abfb92109d83111f8a107828286/element/f.5DB0E6D2BB4820C6A36F69CDDED9F1D7.d.9CD59E2FA18FD047C190214778F6B958.e.21120/value - {"text":"1202"}
COMMAND: GET /session/9eab2abfb92109d83111f8a107828286/screenshot - {}
RESULT: {"text":"1202"}
COMMAND: GET /session/9eab2abfb92109d83111f8a107828286/screenshot - {}
RESULT: {}
RESULT: {}
COMMAND: POST /session/9eab2abfb92109d83111f8a107828286/element - {"using":"xpath","value":"//li[.//span[text()='1202']]"}
RESULT: {"using":"xpath","value":"//li[.//span[text()='1202']]"}
COMMAND: POST /session/9eab2abfb92109d83111f8a107828286/element/f.5DB0E6D2BB4820C6A36F69CDDED9F1D7.d.9CD59E2FA18FD047C190214778F6B958.e.21206/click - {}
RESULT: {}
COMMAND: GET /session/9eab2abfb92109d83111f8a107828286/screenshot - {}
RESULT: {}
COMMAND: POST /session/9eab2abfb92109d83111f8a107828286/element - {"using":"xpath","value":"//button[@data-kt=\"saveButton\"]"}
RESULT: {"using":"xpath","value":"//button[@data-kt=\"saveButton\"]"}
COMMAND: POST /session/9eab2abfb92109d83111f8a107828286/element/f.5DB0E6D2BB4820C6A36F69CDDED9F1D7.d.9CD59E2FA18FD047C190214778F6B958.e.21196/click - {}
RESULT: {}
COMMAND: GET /session/9eab2abfb92109d83111f8a107828286/screenshot - {}
RESULT: {}
COMMAND: POST /session/9eab2abfb92109d83111f8a107828286/element - {"using":"xpath","value":"//span[contains(@id ,\"contractDetailTitleNoExpanded\")]"}
RESULT: {"using":"xpath","value":"//span[contains(@id ,\"contractDetailTitleNoExpanded\")]"}
COMMAND: POST /session/9eab2abfb92109d83111f8a107828286/elements - {"using":"xpath","value":"//span[contains(@id ,\"contractDetailTitleNoExpanded\")]"}
RESULT: {"using":"xpath","value":"//span[contains(@id ,\"contractDetailTitleNoExpanded\")]"}
COMMAND: POST /session/9eab2abfb92109d83111f8a107828286/execute/sync - {"script":"<script> [56 bytes]","args":[{"element-6066-11e4-a52e-4f735466cecf":"f.5DB0E6D2BB4820C6A36F69CDDED9F1D7.d.9CD59E2FA18FD047C190214778F6B958.e.21223","ELEMENT":"f.5DB0E6D2BB4820C6A36F69CDDED9F1D7.d.9CD59E2FA18FD047C190214778F6B958.e.21223"}]}
RESULT: {"script":"<script> [56 bytes]","args":[{"element-6066-11e4-a52e-4f735466cecf":"f.5DB0E6D2BB4820C6A36F69CDDED9F1D7.d.9CD59E2FA18FD047C190214778F6B958.e.21223","ELEMENT":"f.5DB0E6D2BB4820C6A36F69CDDED9F1D7.d.9CD59E2FA18FD047C190214778F6B958.e.21223"}]}
COMMAND: GET /session/9eab2abfb92109d83111f8a107828286/screenshot - {}
RESULT: {}
]]></system-out>
    </testcase>
    <testcase classname="chrome.136_0_7103_93.windows.Billing_Calculation_-_Time_based_(considering_transport_times)_US139738" name="Should add transport time checkbox on contract details" time="16.283">
      <system-out><![CDATA[
COMMAND: POST /session/9eab2abfb92109d83111f8a107828286/element - {"using":"xpath","value":"//button[@data-kt=\"contractDetailEditBtnButton\"]"}
RESULT: {"using":"xpath","value":"//button[@data-kt=\"contractDetailEditBtnButton\"]"}
COMMAND: POST /session/9eab2abfb92109d83111f8a107828286/element/f.5DB0E6D2BB4820C6A36F69CDDED9F1D7.d.9CD59E2FA18FD047C190214778F6B958.e.21224/click - {}
RESULT: {}
COMMAND: GET /session/9eab2abfb92109d83111f8a107828286/screenshot - {}
RESULT: {}
COMMAND: POST /session/9eab2abfb92109d83111f8a107828286/element - {"using":"xpath","value":"(//span[contains(text(), \"Contract Billing\")])[2]"}
RESULT: {"using":"xpath","value":"(//span[contains(text(), \"Contract Billing\")])[2]"}
COMMAND: POST /session/9eab2abfb92109d83111f8a107828286/element/f.5DB0E6D2BB4820C6A36F69CDDED9F1D7.d.9CD59E2FA18FD047C190214778F6B958.e.21281/click - {}
RESULT: {}
COMMAND: GET /session/9eab2abfb92109d83111f8a107828286/screenshot - {}
RESULT: {}
COMMAND: POST /session/9eab2abfb92109d83111f8a107828286/element - {"using":"xpath","value":"(//div[contains(@id, \"transportTimesBilled-CbBg\")])"}
RESULT: {"using":"xpath","value":"(//div[contains(@id, \"transportTimesBilled-CbBg\")])"}
COMMAND: POST /session/9eab2abfb92109d83111f8a107828286/element/f.5DB0E6D2BB4820C6A36F69CDDED9F1D7.d.9CD59E2FA18FD047C190214778F6B958.e.21311/click - {}
RESULT: {}
COMMAND: GET /session/9eab2abfb92109d83111f8a107828286/screenshot - {}
RESULT: {}
COMMAND: POST /session/9eab2abfb92109d83111f8a107828286/element - {"using":"xpath","value":"(//button[@data-kt=\"saveButton\"])[2]"}
RESULT: {"using":"xpath","value":"(//button[@data-kt=\"saveButton\"])[2]"}
COMMAND: POST /session/9eab2abfb92109d83111f8a107828286/element/f.5DB0E6D2BB4820C6A36F69CDDED9F1D7.d.9CD59E2FA18FD047C190214778F6B958.e.21312/click - {}
RESULT: {}
COMMAND: GET /session/9eab2abfb92109d83111f8a107828286/screenshot - {}
RESULT: {}
]]></system-out>
    </testcase>
    <testcase classname="chrome.136_0_7103_93.windows.Billing_Calculation_-_Time_based_(considering_transport_times)_US139738" name="Should add created equipment to contract" time="50.18">
      <system-out><![CDATA[
COMMAND: POST /session/9eab2abfb92109d83111f8a107828286/element - {"using":"xpath","value":"//button[@data-kt=\"contractDetailEditBtnButton\"]"}
RESULT: {"using":"xpath","value":"//button[@data-kt=\"contractDetailEditBtnButton\"]"}
COMMAND: POST /session/9eab2abfb92109d83111f8a107828286/element/f.5DB0E6D2BB4820C6A36F69CDDED9F1D7.d.9CD59E2FA18FD047C190214778F6B958.e.21224/click - {}
RESULT: {}
COMMAND: GET /session/9eab2abfb92109d83111f8a107828286/screenshot - {}
RESULT: {}
COMMAND: POST /session/9eab2abfb92109d83111f8a107828286/element - {"using":"xpath","value":"(//span[contains(text(), \"Additional Addresses\")])[2]"}
RESULT: {"using":"xpath","value":"(//span[contains(text(), \"Additional Addresses\")])[2]"}
COMMAND: POST /session/9eab2abfb92109d83111f8a107828286/element/f.5DB0E6D2BB4820C6A36F69CDDED9F1D7.d.9CD59E2FA18FD047C190214778F6B958.e.21331/click - {}
RESULT: {}
COMMAND: GET /session/9eab2abfb92109d83111f8a107828286/screenshot - {}
RESULT: {}
COMMAND: POST /session/9eab2abfb92109d83111f8a107828286/element - {"using":"xpath","value":"//button[@data-kt=\"btnAddTableRowOverflowToolbarButton\"]"}
RESULT: {"using":"xpath","value":"//button[@data-kt=\"btnAddTableRowOverflowToolbarButton\"]"}
COMMAND: POST /session/9eab2abfb92109d83111f8a107828286/element/f.5DB0E6D2BB4820C6A36F69CDDED9F1D7.d.9CD59E2FA18FD047C190214778F6B958.e.21334/click - {}
RESULT: {}
COMMAND: GET /session/9eab2abfb92109d83111f8a107828286/screenshot - {}
RESULT: {}
COMMAND: POST /session/9eab2abfb92109d83111f8a107828286/element - {"using":"xpath","value":"//div[(text() = 'Standard Entry' or . = 'Standard Entry')]"}
RESULT: {"using":"xpath","value":"//div[(text() = 'Standard Entry' or . = 'Standard Entry')]"}
COMMAND: POST /session/9eab2abfb92109d83111f8a107828286/element/f.5DB0E6D2BB4820C6A36F69CDDED9F1D7.d.9CD59E2FA18FD047C190214778F6B958.e.21336/click - {}
RESULT: {}
COMMAND: GET /session/9eab2abfb92109d83111f8a107828286/screenshot - {}
RESULT: {}
COMMAND: POST /session/9eab2abfb92109d83111f8a107828286/element - {"using":"xpath","value":"//td[7]/div/div/input"}
RESULT: {"using":"xpath","value":"//td[7]/div/div/input"}
COMMAND: POST /session/9eab2abfb92109d83111f8a107828286/element/f.5DB0E6D2BB4820C6A36F69CDDED9F1D7.d.9CD59E2FA18FD047C190214778F6B958.e.21345/clear - {}
RESULT: {}
COMMAND: POST /session/9eab2abfb92109d83111f8a107828286/element/f.5DB0E6D2BB4820C6A36F69CDDED9F1D7.d.9CD59E2FA18FD047C190214778F6B958.e.21345/value - {"text":"osA3VhZifn"}
COMMAND: GET /session/9eab2abfb92109d83111f8a107828286/screenshot - {}
RESULT: {"text":"osA3VhZifn"}
COMMAND: GET /session/9eab2abfb92109d83111f8a107828286/screenshot - {}
RESULT: {}
RESULT: {}
COMMAND: POST /session/9eab2abfb92109d83111f8a107828286/actions - {"actions":[{"id":"action78","type":"key","parameters":{},"actions":[{"type":"keyDown","value":""},{"type":"pause","duration":10},{"type":"keyUp","value":""}]}]}
RESULT: {"actions":[{"id":"action78","type":"key","parameters":{},"actions":[{"type":"keyDown","value":""},{"type":"pause","duration":10},{"type":"keyUp","value":""}]}]}
COMMAND: GET /session/9eab2abfb92109d83111f8a107828286/screenshot - {}
RESULT: {}
COMMAND: POST /session/9eab2abfb92109d83111f8a107828286/execute/sync - {"script":"<script> [276 bytes]","args":["No pricing information was found"]}
RESULT: {"script":"<script> [276 bytes]","args":["No pricing information was found"]}
COMMAND: POST /session/9eab2abfb92109d83111f8a107828286/element - {"using":"xpath","value":"(//button[@data-kt=\"saveButton\"])[2]"}
COMMAND: GET /session/9eab2abfb92109d83111f8a107828286/screenshot - {}
RESULT: {"using":"xpath","value":"(//button[@data-kt=\"saveButton\"])[2]"}
COMMAND: POST /session/9eab2abfb92109d83111f8a107828286/element/f.5DB0E6D2BB4820C6A36F69CDDED9F1D7.d.9CD59E2FA18FD047C190214778F6B958.e.21312/click - {}
RESULT: {}
RESULT: {}
COMMAND: GET /session/9eab2abfb92109d83111f8a107828286/screenshot - {}
RESULT: {}
COMMAND: POST /session/9eab2abfb92109d83111f8a107828286/execute/sync - {"script":"<script> [276 bytes]","args":["Some contract items are having rental validity exceeding header rental validity"]}
RESULT: {"script":"<script> [276 bytes]","args":["Some contract items are having rental validity exceeding header rental validity"]}
COMMAND: GET /session/9eab2abfb92109d83111f8a107828286/screenshot - {}
RESULT: {}
COMMAND: POST /session/9eab2abfb92109d83111f8a107828286/element - {"using":"xpath","value":"//span[contains(@id ,\"contractItemsSmartTable-header-inner\")]"}
RESULT: {"using":"xpath","value":"//span[contains(@id ,\"contractItemsSmartTable-header-inner\")]"}
COMMAND: POST /session/9eab2abfb92109d83111f8a107828286/elements - {"using":"xpath","value":"//span[contains(@id ,\"contractItemsSmartTable-header-inner\")]"}
RESULT: {"using":"xpath","value":"//span[contains(@id ,\"contractItemsSmartTable-header-inner\")]"}
COMMAND: POST /session/9eab2abfb92109d83111f8a107828286/execute/sync - {"script":"<script> [56 bytes]","args":[{"element-6066-11e4-a52e-4f735466cecf":"f.5DB0E6D2BB4820C6A36F69CDDED9F1D7.d.9CD59E2FA18FD047C190214778F6B958.e.21368","ELEMENT":"f.5DB0E6D2BB4820C6A36F69CDDED9F1D7.d.9CD59E2FA18FD047C190214778F6B958.e.21368"}]}
RESULT: {"script":"<script> [56 bytes]","args":[{"element-6066-11e4-a52e-4f735466cecf":"f.5DB0E6D2BB4820C6A36F69CDDED9F1D7.d.9CD59E2FA18FD047C190214778F6B958.e.21368","ELEMENT":"f.5DB0E6D2BB4820C6A36F69CDDED9F1D7.d.9CD59E2FA18FD047C190214778F6B958.e.21368"}]}
]]></system-out>
    </testcase>
    <testcase classname="chrome.136_0_7103_93.windows.Billing_Calculation_-_Time_based_(considering_transport_times)_US139738" name="Should do a provide to site 2 step" time="164.067">
      <system-out><![CDATA[
COMMAND: GET /session/9eab2abfb92109d83111f8a107828286/screenshot - {}
COMMAND: POST /session/9eab2abfb92109d83111f8a107828286/element - {"using":"xpath","value":"//button[@data-kt=\"provideButton\"]"}
RESULT: {}
RESULT: {"using":"xpath","value":"//button[@data-kt=\"provideButton\"]"}
COMMAND: POST /session/9eab2abfb92109d83111f8a107828286/element/f.5DB0E6D2BB4820C6A36F69CDDED9F1D7.d.9CD59E2FA18FD047C190214778F6B958.e.21369/click - {}
RESULT: {}
COMMAND: GET /session/9eab2abfb92109d83111f8a107828286/screenshot - {}
RESULT: {}
COMMAND: POST /session/9eab2abfb92109d83111f8a107828286/element - {"using":"xpath","value":"(//div[contains(@id, \"application-managehandovers-display-component---AddNewHO--oneStep-CbBg\")])"}
RESULT: {"using":"xpath","value":"(//div[contains(@id, \"application-managehandovers-display-component---AddNewHO--oneStep-CbBg\")])"}
COMMAND: POST /session/9eab2abfb92109d83111f8a107828286/element - {"using":"xpath","value":"(//div[contains(@id, \"application-managehandovers-display-component---AddNewHO--oneStep-CbBg\")])/input"}
RESULT: {"using":"xpath","value":"(//div[contains(@id, \"application-managehandovers-display-component---AddNewHO--oneStep-CbBg\")])/input"}
COMMAND: GET /session/9eab2abfb92109d83111f8a107828286/element/f.5DB0E6D2BB4820C6A36F69CDDED9F1D7.d.9CD59E2FA18FD047C190214778F6B958.e.21449/attribute/checked - {}
RESULT: {}
RESULT: undefined
COMMAND: POST /session/9eab2abfb92109d83111f8a107828286/execute/async - {"script":"<script> [6424 bytes]","args":[{"element-6066-11e4-a52e-4f735466cecf":"f.5DB0E6D2BB4820C6A36F69CDDED9F1D7.d.9CD59E2FA18FD047C190214778F6B958.e.20350"},"setValue",["5/27/25"]]}
COMMAND: POST /session/9eab2abfb92109d83111f8a107828286/element/f.5DB0E6D2BB4820C6A36F69CDDED9F1D7.d.9CD59E2FA18FD047C190214778F6B958.e.21684/click - {}
COMMAND: POST /session/9eab2abfb92109d83111f8a107828286/execute/async - {"script":"<script> [1562 bytes]","args":[{"selector":{"id":"application-managehandovers-display-component---AddNewHO--dueDate","interaction":{"idSuffix":"inner"}},"wdio_ui5_key":"applicationmanagehandovers-display-component---AddNewHO--dueDate"}]}
RESULT: {}
COMMAND: GET /session/9eab2abfb92109d83111f8a107828286/screenshot - {}
RESULT: {"script":"<script> [1562 bytes]","args":[{"selector":{"id":"application-managehandovers-display-component---AddNewHO--dueDate","interaction":{"idSuffix":"inner"}},"wdio_ui5_key":"applicationmanagehandovers-display-component---AddNewHO--dueDate"}]}
COMMAND: POST /session/9eab2abfb92109d83111f8a107828286/execute/async - {"script":"<script> [6424 bytes]","args":[{"element-6066-11e4-a52e-4f735466cecf":"f.5DB0E6D2BB4820C6A36F69CDDED9F1D7.d.9CD59E2FA18FD047C190214778F6B958.e.21445"},"setValue",["5/27/25"]]}
RESULT: {}
RESULT: {"script":"<script> [6424 bytes]","args":[{"element-6066-11e4-a52e-4f735466cecf":"f.5DB0E6D2BB4820C6A36F69CDDED9F1D7.d.9CD59E2FA18FD047C190214778F6B958.e.21445"},"setValue",["5/27/25"]]}
COMMAND: POST /session/9eab2abfb92109d83111f8a107828286/element - {"using":"xpath","value":"//bdi[contains(text(), \"Instructions\")]"}
RESULT: {"using":"xpath","value":"//bdi[contains(text(), \"Instructions\")]"}
COMMAND: POST /session/9eab2abfb92109d83111f8a107828286/element/f.5DB0E6D2BB4820C6A36F69CDDED9F1D7.d.9CD59E2FA18FD047C190214778F6B958.e.21688/click - {}
RESULT: {}
COMMAND: GET /session/9eab2abfb92109d83111f8a107828286/screenshot - {}
RESULT: {}
COMMAND: POST /session/9eab2abfb92109d83111f8a107828286/element - {"using":"xpath","value":"//button[@data-kt=\"AddNewHOProvideAddItemsButton\"]"}
RESULT: {"using":"xpath","value":"//button[@data-kt=\"AddNewHOProvideAddItemsButton\"]"}
COMMAND: POST /session/9eab2abfb92109d83111f8a107828286/element/f.5DB0E6D2BB4820C6A36F69CDDED9F1D7.d.9CD59E2FA18FD047C190214778F6B958.e.21692/click - {}
RESULT: {}
COMMAND: GET /session/9eab2abfb92109d83111f8a107828286/screenshot - {}
RESULT: {}
RESULT: undefined
COMMAND: POST /session/9eab2abfb92109d83111f8a107828286/element - {"using":"xpath","value":"//*[@id=\"application-managehandovers-display-component---AddNewHO--popup-sa\"]"}
RESULT: {"using":"xpath","value":"//*[@id=\"application-managehandovers-display-component---AddNewHO--popup-sa\"]"}
COMMAND: POST /session/9eab2abfb92109d83111f8a107828286/element/f.5DB0E6D2BB4820C6A36F69CDDED9F1D7.d.9CD59E2FA18FD047C190214778F6B958.e.21703/click - {}
RESULT: {}
COMMAND: GET /session/9eab2abfb92109d83111f8a107828286/screenshot - {}
RESULT: {}
COMMAND: POST /session/9eab2abfb92109d83111f8a107828286/element - {"using":"xpath","value":"//*[contains(@id ,\"BDI-content\")][contains(text(), \"Select\")]"}
RESULT: {"using":"xpath","value":"//*[contains(@id ,\"BDI-content\")][contains(text(), \"Select\")]"}
COMMAND: POST /session/9eab2abfb92109d83111f8a107828286/element/f.5DB0E6D2BB4820C6A36F69CDDED9F1D7.d.9CD59E2FA18FD047C190214778F6B958.e.21704/click - {}
RESULT: {}
COMMAND: GET /session/9eab2abfb92109d83111f8a107828286/screenshot - {}
RESULT: {}
COMMAND: POST /session/9eab2abfb92109d83111f8a107828286/execute/async - {"script":"<script> [1562 bytes]","args":[{"selector":{"id":"application-managehandovers-display-component---AddNewHO--confirmCreationButton","interaction":{"idSuffix":"BDI-content"}},"wdio_ui5_key":"applicationmanagehandovers-display-component---AddNewHO--confirmCreationButton"}]}
RESULT: {"script":"<script> [1562 bytes]","args":[{"selector":{"id":"application-managehandovers-display-component---AddNewHO--confirmCreationButton","interaction":{"idSuffix":"BDI-content"}},"wdio_ui5_key":"applicationmanagehandovers-display-component---AddNewHO--confirmCreationButton"}]}
RESULT: undefined
COMMAND: POST /session/9eab2abfb92109d83111f8a107828286/element - {"using":"xpath","value":"//*[@id=\"application-managehandovers-display-component---AddNewHO--confirmCreationButton\"]"}
RESULT: {"using":"xpath","value":"//*[@id=\"application-managehandovers-display-component---AddNewHO--confirmCreationButton\"]"}
COMMAND: POST /session/9eab2abfb92109d83111f8a107828286/element/f.5DB0E6D2BB4820C6A36F69CDDED9F1D7.d.9CD59E2FA18FD047C190214778F6B958.e.21493/click - {}
RESULT: {}
COMMAND: GET /session/9eab2abfb92109d83111f8a107828286/screenshot - {}
COMMAND: POST /session/9eab2abfb92109d83111f8a107828286/execute/async - {"script":"<script> [1562 bytes]","args":[{"selector":{"id":"issueDatePicker","viewName":"etm.portal.ui.managehandovers.view.DetailExecuteHO","interaction":{"idSuffix":"inner"}},"wdio_ui5_key":"issueDatePickeretmportal.ui.managehandovers.view.DetailExecuteHO"}]}
RESULT: {}
RESULT: {"script":"<script> [1562 bytes]","args":[{"selector":{"id":"issueDatePicker","viewName":"etm.portal.ui.managehandovers.view.DetailExecuteHO","interaction":{"idSuffix":"inner"}},"wdio_ui5_key":"issueDatePickeretmportal.ui.managehandovers.view.DetailExecuteHO"}]}
RESULT: undefined
COMMAND: POST /session/9eab2abfb92109d83111f8a107828286/execute/async - {"script":"<script> [776 bytes]","args":[{"enterText":"5/27/25","selector":{"id":"issueDatePicker","viewName":"etm.portal.ui.managehandovers.view.DetailExecuteHO","interaction":{"idSuffix":"inner"}},"clearTextFirst":true,"interactionType":"ENTER_TEXT"}]}
RESULT: {"script":"<script> [776 bytes]","args":[{"enterText":"5/27/25","selector":{"id":"issueDatePicker","viewName":"etm.portal.ui.managehandovers.view.DetailExecuteHO","interaction":{"idSuffix":"inner"}},"clearTextFirst":true,"interactionType":"ENTER_TEXT"}]}
COMMAND: POST /session/9eab2abfb92109d83111f8a107828286/element - {"using":"xpath","value":"//button[@data-kt=\"PickingTableConfirmAllButton\"]"}
RESULT: {"using":"xpath","value":"//button[@data-kt=\"PickingTableConfirmAllButton\"]"}
COMMAND: POST /session/9eab2abfb92109d83111f8a107828286/element/f.5DB0E6D2BB4820C6A36F69CDDED9F1D7.d.9CD59E2FA18FD047C190214778F6B958.e.21765/click - {}
RESULT: {}
COMMAND: GET /session/9eab2abfb92109d83111f8a107828286/screenshot - {}
RESULT: {}
COMMAND: POST /session/9eab2abfb92109d83111f8a107828286/element - {"using":"xpath","value":"//bdi[contains(text(), \"OK\")]"}
RESULT: {"using":"xpath","value":"//bdi[contains(text(), \"OK\")]"}
COMMAND: POST /session/9eab2abfb92109d83111f8a107828286/element/f.5DB0E6D2BB4820C6A36F69CDDED9F1D7.d.9CD59E2FA18FD047C190214778F6B958.e.21769/click - {}
RESULT: {}
COMMAND: GET /session/9eab2abfb92109d83111f8a107828286/screenshot - {}
RESULT: {}
COMMAND: POST /session/9eab2abfb92109d83111f8a107828286/element - {"using":"xpath","value":"//button[@data-kt=\"execHoPickButton\"]"}
RESULT: {"using":"xpath","value":"//button[@data-kt=\"execHoPickButton\"]"}
COMMAND: POST /session/9eab2abfb92109d83111f8a107828286/element/f.5DB0E6D2BB4820C6A36F69CDDED9F1D7.d.9CD59E2FA18FD047C190214778F6B958.e.21770/click - {}
RESULT: {}
COMMAND: GET /session/9eab2abfb92109d83111f8a107828286/screenshot - {}
RESULT: {}
COMMAND: POST /session/9eab2abfb92109d83111f8a107828286/element - {"using":"xpath","value":"//span[contains(@id ,\"filterItemControl_BASIC-RECEIVE_CONTRACT-vhi\")]"}
RESULT: {"using":"xpath","value":"//span[contains(@id ,\"filterItemControl_BASIC-RECEIVE_CONTRACT-vhi\")]"}
COMMAND: POST /session/9eab2abfb92109d83111f8a107828286/element/f.5DB0E6D2BB4820C6A36F69CDDED9F1D7.d.9CD59E2FA18FD047C190214778F6B958.e.21942/click - {}
RESULT: {}
COMMAND: GET /session/9eab2abfb92109d83111f8a107828286/screenshot - {}
RESULT: {}
COMMAND: POST /session/9eab2abfb92109d83111f8a107828286/execute/async - {"script":"<script> [1562 bytes]","args":[{"selector":{"controlType":"sap.m.SearchField","viewName":"etm.portal.ui.managehandovers.view.MasterHO","bindingPath":{"path":"","propertyPath":"/_BASIC_SEARCH_FIELD","modelName":"fi1t3rM0d31"},"searchOpenDialogs":true,"interaction":{"idSuffix":"I"}},"wdio_ui5_key":"etmportal.ui.managehandovers.view.MasterHOsap.m.SearchField{\"path\":\"\",\"propertyPath\":\"/_BASIC_SEARCH_FIELD\",\"modelName\":\"fi1t3rM0d31\"}"}]}
RESULT: {"script":"<script> [1562 bytes]","args":[{"selector":{"controlType":"sap.m.SearchField","viewName":"etm.portal.ui.managehandovers.view.MasterHO","bindingPath":{"path":"","propertyPath":"/_BASIC_SEARCH_FIELD","modelName":"fi1t3rM0d31"},"searchOpenDialogs":true,"interaction":{"idSuffix":"I"}},"wdio_ui5_key":"etmportal.ui.managehandovers.view.MasterHOsap.m.SearchField{\"path\":\"\",\"propertyPath\":\"/_BASIC_SEARCH_FIELD\",\"modelName\":\"fi1t3rM0d31\"}"}]}
RESULT: undefined
COMMAND: POST /session/9eab2abfb92109d83111f8a107828286/execute/async - {"script":"<script> [776 bytes]","args":[{"enterText":"10326","selector":{"controlType":"sap.m.SearchField","viewName":"etm.portal.ui.managehandovers.view.MasterHO","bindingPath":{"path":"","propertyPath":"/_BASIC_SEARCH_FIELD","modelName":"fi1t3rM0d31"},"searchOpenDialogs":true,"interaction":{"idSuffix":"I"}},"clearTextFirst":true,"interactionType":"ENTER_TEXT"}]}
RESULT: {"script":"<script> [776 bytes]","args":[{"enterText":"10326","selector":{"controlType":"sap.m.SearchField","viewName":"etm.portal.ui.managehandovers.view.MasterHO","bindingPath":{"path":"","propertyPath":"/_BASIC_SEARCH_FIELD","modelName":"fi1t3rM0d31"},"searchOpenDialogs":true,"interaction":{"idSuffix":"I"}},"clearTextFirst":true,"interactionType":"ENTER_TEXT"}]}
COMMAND: POST /session/9eab2abfb92109d83111f8a107828286/actions - {"actions":[{"id":"action79","type":"key","parameters":{},"actions":[{"type":"keyDown","value":""},{"type":"pause","duration":10},{"type":"keyUp","value":""}]}]}
RESULT: {"actions":[{"id":"action79","type":"key","parameters":{},"actions":[{"type":"keyDown","value":""},{"type":"pause","duration":10},{"type":"keyUp","value":""}]}]}
COMMAND: GET /session/9eab2abfb92109d83111f8a107828286/screenshot - {}
RESULT: {}
COMMAND: POST /session/9eab2abfb92109d83111f8a107828286/element - {"using":"xpath","value":"//div[contains(@id, 'filterItemControl_BASIC-RECEIVE_CONTRACT-valueHelpDialog-table-rowsel0')]"}
RESULT: {"using":"xpath","value":"//div[contains(@id, 'filterItemControl_BASIC-RECEIVE_CONTRACT-valueHelpDialog-table-rowsel0')]"}
COMMAND: POST /session/9eab2abfb92109d83111f8a107828286/element/f.5DB0E6D2BB4820C6A36F69CDDED9F1D7.d.9CD59E2FA18FD047C190214778F6B958.e.21952/click - {}
RESULT: {}
COMMAND: GET /session/9eab2abfb92109d83111f8a107828286/screenshot - {}
RESULT: {}
COMMAND: POST /session/9eab2abfb92109d83111f8a107828286/element - {"using":"xpath","value":"//bdi[contains(text(), \"OK\")]"}
RESULT: {"using":"xpath","value":"//bdi[contains(text(), \"OK\")]"}
COMMAND: POST /session/9eab2abfb92109d83111f8a107828286/element/f.5DB0E6D2BB4820C6A36F69CDDED9F1D7.d.9CD59E2FA18FD047C190214778F6B958.e.21954/click - {}
RESULT: {}
COMMAND: GET /session/9eab2abfb92109d83111f8a107828286/screenshot - {}
RESULT: {}
COMMAND: POST /session/9eab2abfb92109d83111f8a107828286/element - {"using":"xpath","value":"//span[contains(@id, \"smartTable-header-inner\")]"}
RESULT: {"using":"xpath","value":"//span[contains(@id, \"smartTable-header-inner\")]"}
COMMAND: POST /session/9eab2abfb92109d83111f8a107828286/elements - {"using":"xpath","value":"//span[contains(@id, \"smartTable-header-inner\")]"}
RESULT: {"using":"xpath","value":"//span[contains(@id, \"smartTable-header-inner\")]"}
COMMAND: POST /session/9eab2abfb92109d83111f8a107828286/execute/sync - {"script":"<script> [56 bytes]","args":[{"element-6066-11e4-a52e-4f735466cecf":"f.5DB0E6D2BB4820C6A36F69CDDED9F1D7.d.9CD59E2FA18FD047C190214778F6B958.e.21981","ELEMENT":"f.5DB0E6D2BB4820C6A36F69CDDED9F1D7.d.9CD59E2FA18FD047C190214778F6B958.e.21981"}]}
RESULT: {"script":"<script> [56 bytes]","args":[{"element-6066-11e4-a52e-4f735466cecf":"f.5DB0E6D2BB4820C6A36F69CDDED9F1D7.d.9CD59E2FA18FD047C190214778F6B958.e.21981","ELEMENT":"f.5DB0E6D2BB4820C6A36F69CDDED9F1D7.d.9CD59E2FA18FD047C190214778F6B958.e.21981"}]}
COMMAND: POST /session/9eab2abfb92109d83111f8a107828286/element - {"using":"xpath","value":"//table[contains(@id, \"customHandovers\")]//tbody/tr[1]/td[2]/span"}
COMMAND: GET /session/9eab2abfb92109d83111f8a107828286/screenshot - {}
RESULT: {"using":"xpath","value":"//table[contains(@id, \"customHandovers\")]//tbody/tr[1]/td[2]/span"}
COMMAND: POST /session/9eab2abfb92109d83111f8a107828286/execute/sync - {"script":"<script> [56 bytes]","args":[{"element-6066-11e4-a52e-4f735466cecf":"f.5DB0E6D2BB4820C6A36F69CDDED9F1D7.d.9CD59E2FA18FD047C190214778F6B958.e.21982","ELEMENT":"f.5DB0E6D2BB4820C6A36F69CDDED9F1D7.d.9CD59E2FA18FD047C190214778F6B958.e.21982"}]}
RESULT: {}
RESULT: {"script":"<script> [56 bytes]","args":[{"element-6066-11e4-a52e-4f735466cecf":"f.5DB0E6D2BB4820C6A36F69CDDED9F1D7.d.9CD59E2FA18FD047C190214778F6B958.e.21982","ELEMENT":"f.5DB0E6D2BB4820C6A36F69CDDED9F1D7.d.9CD59E2FA18FD047C190214778F6B958.e.21982"}]}
COMMAND: POST /session/9eab2abfb92109d83111f8a107828286/element - {"using":"xpath","value":"(//span[contains(@id, \"imgNav\")])[1]"}
COMMAND: GET /session/9eab2abfb92109d83111f8a107828286/screenshot - {}
RESULT: {"using":"xpath","value":"(//span[contains(@id, \"imgNav\")])[1]"}
COMMAND: POST /session/9eab2abfb92109d83111f8a107828286/element/f.5DB0E6D2BB4820C6A36F69CDDED9F1D7.d.9CD59E2FA18FD047C190214778F6B958.e.21980/click - {}
RESULT: {}
RESULT: {}
COMMAND: GET /session/9eab2abfb92109d83111f8a107828286/screenshot - {}
RESULT: {}
RESULT: undefined
COMMAND: POST /session/9eab2abfb92109d83111f8a107828286/execute/async - {"script":"<script> [776 bytes]","args":[{"enterText":"5/27/25","selector":{"id":"issueDatePicker","viewName":"etm.portal.ui.managehandovers.view.DetailExecuteHO","interaction":{"idSuffix":"inner"}},"clearTextFirst":true,"interactionType":"ENTER_TEXT"}]}
RESULT: {"script":"<script> [776 bytes]","args":[{"enterText":"5/27/25","selector":{"id":"issueDatePicker","viewName":"etm.portal.ui.managehandovers.view.DetailExecuteHO","interaction":{"idSuffix":"inner"}},"clearTextFirst":true,"interactionType":"ENTER_TEXT"}]}
COMMAND: POST /session/9eab2abfb92109d83111f8a107828286/element - {"using":"xpath","value":"//button[@data-kt=\"IssuingTableConfirmAllButton\"]"}
RESULT: {"using":"xpath","value":"//button[@data-kt=\"IssuingTableConfirmAllButton\"]"}
COMMAND: POST /session/9eab2abfb92109d83111f8a107828286/element/f.5DB0E6D2BB4820C6A36F69CDDED9F1D7.d.9CD59E2FA18FD047C190214778F6B958.e.22023/click - {}
RESULT: {}
COMMAND: GET /session/9eab2abfb92109d83111f8a107828286/screenshot - {}
RESULT: {}
COMMAND: POST /session/9eab2abfb92109d83111f8a107828286/element - {"using":"xpath","value":"//bdi[contains(text(), \"OK\")]"}
RESULT: {"using":"xpath","value":"//bdi[contains(text(), \"OK\")]"}
COMMAND: POST /session/9eab2abfb92109d83111f8a107828286/element/f.5DB0E6D2BB4820C6A36F69CDDED9F1D7.d.9CD59E2FA18FD047C190214778F6B958.e.22042/click - {}
RESULT: {}
COMMAND: GET /session/9eab2abfb92109d83111f8a107828286/screenshot - {}
RESULT: {}
COMMAND: POST /session/9eab2abfb92109d83111f8a107828286/element - {"using":"xpath","value":"//button[@data-kt=\"execHoIssueButton\"]"}
RESULT: {"using":"xpath","value":"//button[@data-kt=\"execHoIssueButton\"]"}
COMMAND: POST /session/9eab2abfb92109d83111f8a107828286/element/f.5DB0E6D2BB4820C6A36F69CDDED9F1D7.d.9CD59E2FA18FD047C190214778F6B958.e.22043/click - {}
RESULT: {}
COMMAND: GET /session/9eab2abfb92109d83111f8a107828286/screenshot - {}
RESULT: {}
COMMAND: POST /session/9eab2abfb92109d83111f8a107828286/element - {"using":"xpath","value":"//input[contains(@id ,\"smartFilterBar-btnBasicSearch-I\")]"}
RESULT: {"using":"xpath","value":"//input[contains(@id ,\"smartFilterBar-btnBasicSearch-I\")]"}
COMMAND: POST /session/9eab2abfb92109d83111f8a107828286/elements - {"using":"xpath","value":"//input[contains(@id ,\"smartFilterBar-btnBasicSearch-I\")]"}
RESULT: {"using":"xpath","value":"//input[contains(@id ,\"smartFilterBar-btnBasicSearch-I\")]"}
COMMAND: POST /session/9eab2abfb92109d83111f8a107828286/execute/sync - {"script":"<script> [8489 bytes]","args":[{"element-6066-11e4-a52e-4f735466cecf":"f.5DB0E6D2BB4820C6A36F69CDDED9F1D7.d.9CD59E2FA18FD047C190214778F6B958.e.21444","ELEMENT":"f.5DB0E6D2BB4820C6A36F69CDDED9F1D7.d.9CD59E2FA18FD047C190214778F6B958.e.21444"}]}
RESULT: {"script":"<script> [8489 bytes]","args":[{"element-6066-11e4-a52e-4f735466cecf":"f.5DB0E6D2BB4820C6A36F69CDDED9F1D7.d.9CD59E2FA18FD047C190214778F6B958.e.21444","ELEMENT":"f.5DB0E6D2BB4820C6A36F69CDDED9F1D7.d.9CD59E2FA18FD047C190214778F6B958.e.21444"}]}
COMMAND: GET /session/9eab2abfb92109d83111f8a107828286/element/f.5DB0E6D2BB4820C6A36F69CDDED9F1D7.d.9CD59E2FA18FD047C190214778F6B958.e.21444/enabled - {}
COMMAND: GET /session/9eab2abfb92109d83111f8a107828286/screenshot - {}
RESULT: {}
COMMAND: POST /session/9eab2abfb92109d83111f8a107828286/element/f.5DB0E6D2BB4820C6A36F69CDDED9F1D7.d.9CD59E2FA18FD047C190214778F6B958.e.21444/clear - {}
COMMAND: GET /session/9eab2abfb92109d83111f8a107828286/screenshot - {}
RESULT: {}
RESULT: {}
COMMAND: POST /session/9eab2abfb92109d83111f8a107828286/element/f.5DB0E6D2BB4820C6A36F69CDDED9F1D7.d.9CD59E2FA18FD047C190214778F6B958.e.21444/value - {"text":"30707"}
COMMAND: GET /session/9eab2abfb92109d83111f8a107828286/screenshot - {}
RESULT: {}
RESULT: {"text":"30707"}
COMMAND: GET /session/9eab2abfb92109d83111f8a107828286/screenshot - {}
RESULT: {}
RESULT: {}
COMMAND: POST /session/9eab2abfb92109d83111f8a107828286/actions - {"actions":[{"id":"action80","type":"key","parameters":{},"actions":[{"type":"keyDown","value":""},{"type":"pause","duration":10},{"type":"keyUp","value":""}]}]}
RESULT: {"actions":[{"id":"action80","type":"key","parameters":{},"actions":[{"type":"keyDown","value":""},{"type":"pause","duration":10},{"type":"keyUp","value":""}]}]}
COMMAND: GET /session/9eab2abfb92109d83111f8a107828286/screenshot - {}
RESULT: {}
COMMAND: POST /session/9eab2abfb92109d83111f8a107828286/element - {"using":"xpath","value":"//span[contains(@id, \"smartTable-header-inner\")]"}
RESULT: {"using":"xpath","value":"//span[contains(@id, \"smartTable-header-inner\")]"}
COMMAND: POST /session/9eab2abfb92109d83111f8a107828286/elements - {"using":"xpath","value":"//span[contains(@id, \"smartTable-header-inner\")]"}
RESULT: {"using":"xpath","value":"//span[contains(@id, \"smartTable-header-inner\")]"}
COMMAND: POST /session/9eab2abfb92109d83111f8a107828286/execute/sync - {"script":"<script> [56 bytes]","args":[{"element-6066-11e4-a52e-4f735466cecf":"f.5DB0E6D2BB4820C6A36F69CDDED9F1D7.d.9CD59E2FA18FD047C190214778F6B958.e.21981","ELEMENT":"f.5DB0E6D2BB4820C6A36F69CDDED9F1D7.d.9CD59E2FA18FD047C190214778F6B958.e.21981"}]}
RESULT: {"script":"<script> [56 bytes]","args":[{"element-6066-11e4-a52e-4f735466cecf":"f.5DB0E6D2BB4820C6A36F69CDDED9F1D7.d.9CD59E2FA18FD047C190214778F6B958.e.21981","ELEMENT":"f.5DB0E6D2BB4820C6A36F69CDDED9F1D7.d.9CD59E2FA18FD047C190214778F6B958.e.21981"}]}
COMMAND: POST /session/9eab2abfb92109d83111f8a107828286/elements - {"using":"xpath","value":"//thead[contains(@class, \"sapMTableTH\")]/tr/th"}
COMMAND: GET /session/9eab2abfb92109d83111f8a107828286/screenshot - {}
RESULT: {"using":"xpath","value":"//thead[contains(@class, \"sapMTableTH\")]/tr/th"}
COMMAND: GET /session/9eab2abfb92109d83111f8a107828286/element/f.5DB0E6D2BB4820C6A36F69CDDED9F1D7.d.9CD59E2FA18FD047C190214778F6B958.e.22077/text - {}
RESULT: {}
RESULT: {}
COMMAND: GET /session/9eab2abfb92109d83111f8a107828286/element/f.5DB0E6D2BB4820C6A36F69CDDED9F1D7.d.9CD59E2FA18FD047C190214778F6B958.e.22078/text - {}
RESULT: {}
COMMAND: GET /session/9eab2abfb92109d83111f8a107828286/element/f.5DB0E6D2BB4820C6A36F69CDDED9F1D7.d.9CD59E2FA18FD047C190214778F6B958.e.21438/text - {}
RESULT: {}
COMMAND: GET /session/9eab2abfb92109d83111f8a107828286/element/f.5DB0E6D2BB4820C6A36F69CDDED9F1D7.d.9CD59E2FA18FD047C190214778F6B958.e.21440/text - {}
RESULT: {}
COMMAND: GET /session/9eab2abfb92109d83111f8a107828286/element/f.5DB0E6D2BB4820C6A36F69CDDED9F1D7.d.9CD59E2FA18FD047C190214778F6B958.e.22048/text - {}
RESULT: {}
COMMAND: GET /session/9eab2abfb92109d83111f8a107828286/element/f.5DB0E6D2BB4820C6A36F69CDDED9F1D7.d.9CD59E2FA18FD047C190214778F6B958.e.22049/text - {}
RESULT: {}
COMMAND: GET /session/9eab2abfb92109d83111f8a107828286/element/f.5DB0E6D2BB4820C6A36F69CDDED9F1D7.d.9CD59E2FA18FD047C190214778F6B958.e.22050/text - {}
RESULT: {}
COMMAND: GET /session/9eab2abfb92109d83111f8a107828286/element/f.5DB0E6D2BB4820C6A36F69CDDED9F1D7.d.9CD59E2FA18FD047C190214778F6B958.e.22051/text - {}
RESULT: {}
COMMAND: GET /session/9eab2abfb92109d83111f8a107828286/element/f.5DB0E6D2BB4820C6A36F69CDDED9F1D7.d.9CD59E2FA18FD047C190214778F6B958.e.22052/text - {}
RESULT: {}
COMMAND: GET /session/9eab2abfb92109d83111f8a107828286/element/f.5DB0E6D2BB4820C6A36F69CDDED9F1D7.d.9CD59E2FA18FD047C190214778F6B958.e.22053/text - {}
RESULT: {}
COMMAND: GET /session/9eab2abfb92109d83111f8a107828286/element/f.5DB0E6D2BB4820C6A36F69CDDED9F1D7.d.9CD59E2FA18FD047C190214778F6B958.e.22054/text - {}
RESULT: {}
COMMAND: GET /session/9eab2abfb92109d83111f8a107828286/element/f.5DB0E6D2BB4820C6A36F69CDDED9F1D7.d.9CD59E2FA18FD047C190214778F6B958.e.22055/text - {}
RESULT: {}
COMMAND: GET /session/9eab2abfb92109d83111f8a107828286/element/f.5DB0E6D2BB4820C6A36F69CDDED9F1D7.d.9CD59E2FA18FD047C190214778F6B958.e.22056/text - {}
RESULT: {}
COMMAND: GET /session/9eab2abfb92109d83111f8a107828286/element/f.5DB0E6D2BB4820C6A36F69CDDED9F1D7.d.9CD59E2FA18FD047C190214778F6B958.e.21441/text - {}
RESULT: {}
COMMAND: POST /session/9eab2abfb92109d83111f8a107828286/element - {"using":"xpath","value":"//tbody[contains(@id, \"customHandoversTable-tblBody\")]/tr[1]/td[14]/div/span"}
RESULT: {"using":"xpath","value":"//tbody[contains(@id, \"customHandoversTable-tblBody\")]/tr[1]/td[14]/div/span"}
COMMAND: POST /session/9eab2abfb92109d83111f8a107828286/execute/sync - {"script":"<script> [56 bytes]","args":[{"element-6066-11e4-a52e-4f735466cecf":"f.5DB0E6D2BB4820C6A36F69CDDED9F1D7.d.9CD59E2FA18FD047C190214778F6B958.e.22127","ELEMENT":"f.5DB0E6D2BB4820C6A36F69CDDED9F1D7.d.9CD59E2FA18FD047C190214778F6B958.e.22127"}]}
RESULT: {"script":"<script> [56 bytes]","args":[{"element-6066-11e4-a52e-4f735466cecf":"f.5DB0E6D2BB4820C6A36F69CDDED9F1D7.d.9CD59E2FA18FD047C190214778F6B958.e.22127","ELEMENT":"f.5DB0E6D2BB4820C6A36F69CDDED9F1D7.d.9CD59E2FA18FD047C190214778F6B958.e.22127"}]}
COMMAND: POST /session/9eab2abfb92109d83111f8a107828286/element - {"using":"xpath","value":"(//span[contains(@id, \"imgNav\")])[1]"}
COMMAND: GET /session/9eab2abfb92109d83111f8a107828286/screenshot - {}
RESULT: {"using":"xpath","value":"(//span[contains(@id, \"imgNav\")])[1]"}
COMMAND: POST /session/9eab2abfb92109d83111f8a107828286/element/f.5DB0E6D2BB4820C6A36F69CDDED9F1D7.d.9CD59E2FA18FD047C190214778F6B958.e.22128/click - {}
RESULT: {}
RESULT: {}
COMMAND: GET /session/9eab2abfb92109d83111f8a107828286/screenshot - {}
RESULT: {}
RESULT: undefined
COMMAND: POST /session/9eab2abfb92109d83111f8a107828286/execute/async - {"script":"<script> [776 bytes]","args":[{"enterText":"6/3/25","selector":{"id":"receiptDatePicker","viewName":"etm.portal.ui.managehandovers.view.DetailExecuteHO","interaction":{"idSuffix":"inner"}},"clearTextFirst":true,"interactionType":"ENTER_TEXT"}]}
RESULT: {"script":"<script> [776 bytes]","args":[{"enterText":"6/3/25","selector":{"id":"receiptDatePicker","viewName":"etm.portal.ui.managehandovers.view.DetailExecuteHO","interaction":{"idSuffix":"inner"}},"clearTextFirst":true,"interactionType":"ENTER_TEXT"}]}
COMMAND: POST /session/9eab2abfb92109d83111f8a107828286/element - {"using":"xpath","value":"//bdi[contains(text(), \"OK\")]"}
RESULT: {"using":"xpath","value":"//bdi[contains(text(), \"OK\")]"}
COMMAND: POST /session/9eab2abfb92109d83111f8a107828286/element/f.5DB0E6D2BB4820C6A36F69CDDED9F1D7.d.9CD59E2FA18FD047C190214778F6B958.e.22166/click - {}
RESULT: {}
COMMAND: GET /session/9eab2abfb92109d83111f8a107828286/screenshot - {}
RESULT: {}
COMMAND: POST /session/9eab2abfb92109d83111f8a107828286/element - {"using":"xpath","value":"//button[@data-kt=\"ReceivingTableConfirmAllButton\"]"}
RESULT: {"using":"xpath","value":"//button[@data-kt=\"ReceivingTableConfirmAllButton\"]"}
COMMAND: POST /session/9eab2abfb92109d83111f8a107828286/element/f.5DB0E6D2BB4820C6A36F69CDDED9F1D7.d.9CD59E2FA18FD047C190214778F6B958.e.22151/click - {}
RESULT: {}
COMMAND: GET /session/9eab2abfb92109d83111f8a107828286/screenshot - {}
RESULT: {}
COMMAND: POST /session/9eab2abfb92109d83111f8a107828286/element - {"using":"xpath","value":"//bdi[contains(text(), \"OK\")]"}
RESULT: {"using":"xpath","value":"//bdi[contains(text(), \"OK\")]"}
COMMAND: POST /session/9eab2abfb92109d83111f8a107828286/element/f.5DB0E6D2BB4820C6A36F69CDDED9F1D7.d.9CD59E2FA18FD047C190214778F6B958.e.22180/click - {}
RESULT: {}
COMMAND: GET /session/9eab2abfb92109d83111f8a107828286/screenshot - {}
RESULT: {}
COMMAND: POST /session/9eab2abfb92109d83111f8a107828286/element - {"using":"xpath","value":"//button[@data-kt= \"execHoReceiveButton\"]"}
RESULT: {"using":"xpath","value":"//button[@data-kt= \"execHoReceiveButton\"]"}
COMMAND: POST /session/9eab2abfb92109d83111f8a107828286/element/f.5DB0E6D2BB4820C6A36F69CDDED9F1D7.d.9CD59E2FA18FD047C190214778F6B958.e.22181/click - {}
RESULT: {}
COMMAND: GET /session/9eab2abfb92109d83111f8a107828286/screenshot - {}
RESULT: {}
COMMAND: POST /session/9eab2abfb92109d83111f8a107828286/element - {"using":"xpath","value":"//input[contains(@id ,\"smartFilterBar-btnBasicSearch-I\")]"}
RESULT: {"using":"xpath","value":"//input[contains(@id ,\"smartFilterBar-btnBasicSearch-I\")]"}
COMMAND: POST /session/9eab2abfb92109d83111f8a107828286/elements - {"using":"xpath","value":"//input[contains(@id ,\"smartFilterBar-btnBasicSearch-I\")]"}
RESULT: {"using":"xpath","value":"//input[contains(@id ,\"smartFilterBar-btnBasicSearch-I\")]"}
COMMAND: POST /session/9eab2abfb92109d83111f8a107828286/execute/sync - {"script":"<script> [8489 bytes]","args":[{"element-6066-11e4-a52e-4f735466cecf":"f.5DB0E6D2BB4820C6A36F69CDDED9F1D7.d.9CD59E2FA18FD047C190214778F6B958.e.21444","ELEMENT":"f.5DB0E6D2BB4820C6A36F69CDDED9F1D7.d.9CD59E2FA18FD047C190214778F6B958.e.21444"}]}
RESULT: {"script":"<script> [8489 bytes]","args":[{"element-6066-11e4-a52e-4f735466cecf":"f.5DB0E6D2BB4820C6A36F69CDDED9F1D7.d.9CD59E2FA18FD047C190214778F6B958.e.21444","ELEMENT":"f.5DB0E6D2BB4820C6A36F69CDDED9F1D7.d.9CD59E2FA18FD047C190214778F6B958.e.21444"}]}
COMMAND: GET /session/9eab2abfb92109d83111f8a107828286/element/f.5DB0E6D2BB4820C6A36F69CDDED9F1D7.d.9CD59E2FA18FD047C190214778F6B958.e.21444/enabled - {}
COMMAND: GET /session/9eab2abfb92109d83111f8a107828286/screenshot - {}
RESULT: {}
COMMAND: POST /session/9eab2abfb92109d83111f8a107828286/element/f.5DB0E6D2BB4820C6A36F69CDDED9F1D7.d.9CD59E2FA18FD047C190214778F6B958.e.21444/clear - {}
COMMAND: GET /session/9eab2abfb92109d83111f8a107828286/screenshot - {}
RESULT: {}
RESULT: {}
COMMAND: POST /session/9eab2abfb92109d83111f8a107828286/element/f.5DB0E6D2BB4820C6A36F69CDDED9F1D7.d.9CD59E2FA18FD047C190214778F6B958.e.21444/value - {"text":"30707"}
COMMAND: GET /session/9eab2abfb92109d83111f8a107828286/screenshot - {}
RESULT: {}
RESULT: {"text":"30707"}
COMMAND: GET /session/9eab2abfb92109d83111f8a107828286/screenshot - {}
RESULT: {}
RESULT: {}
COMMAND: POST /session/9eab2abfb92109d83111f8a107828286/actions - {"actions":[{"id":"action81","type":"key","parameters":{},"actions":[{"type":"keyDown","value":""},{"type":"pause","duration":10},{"type":"keyUp","value":""}]}]}
RESULT: {"actions":[{"id":"action81","type":"key","parameters":{},"actions":[{"type":"keyDown","value":""},{"type":"pause","duration":10},{"type":"keyUp","value":""}]}]}
COMMAND: GET /session/9eab2abfb92109d83111f8a107828286/screenshot - {}
RESULT: {}
COMMAND: POST /session/9eab2abfb92109d83111f8a107828286/element - {"using":"xpath","value":"//span[contains(@id, \"smartTable-header-inner\")]"}
RESULT: {"using":"xpath","value":"//span[contains(@id, \"smartTable-header-inner\")]"}
COMMAND: POST /session/9eab2abfb92109d83111f8a107828286/elements - {"using":"xpath","value":"//span[contains(@id, \"smartTable-header-inner\")]"}
RESULT: {"using":"xpath","value":"//span[contains(@id, \"smartTable-header-inner\")]"}
COMMAND: POST /session/9eab2abfb92109d83111f8a107828286/execute/sync - {"script":"<script> [56 bytes]","args":[{"element-6066-11e4-a52e-4f735466cecf":"f.5DB0E6D2BB4820C6A36F69CDDED9F1D7.d.9CD59E2FA18FD047C190214778F6B958.e.21981","ELEMENT":"f.5DB0E6D2BB4820C6A36F69CDDED9F1D7.d.9CD59E2FA18FD047C190214778F6B958.e.21981"}]}
RESULT: {"script":"<script> [56 bytes]","args":[{"element-6066-11e4-a52e-4f735466cecf":"f.5DB0E6D2BB4820C6A36F69CDDED9F1D7.d.9CD59E2FA18FD047C190214778F6B958.e.21981","ELEMENT":"f.5DB0E6D2BB4820C6A36F69CDDED9F1D7.d.9CD59E2FA18FD047C190214778F6B958.e.21981"}]}
COMMAND: POST /session/9eab2abfb92109d83111f8a107828286/elements - {"using":"xpath","value":"//thead[contains(@class, \"sapMTableTH\")]/tr/th"}
COMMAND: GET /session/9eab2abfb92109d83111f8a107828286/screenshot - {}
RESULT: {"using":"xpath","value":"//thead[contains(@class, \"sapMTableTH\")]/tr/th"}
COMMAND: GET /session/9eab2abfb92109d83111f8a107828286/element/f.5DB0E6D2BB4820C6A36F69CDDED9F1D7.d.9CD59E2FA18FD047C190214778F6B958.e.22077/text - {}
RESULT: {}
RESULT: {}
COMMAND: GET /session/9eab2abfb92109d83111f8a107828286/element/f.5DB0E6D2BB4820C6A36F69CDDED9F1D7.d.9CD59E2FA18FD047C190214778F6B958.e.22078/text - {}
RESULT: {}
COMMAND: GET /session/9eab2abfb92109d83111f8a107828286/element/f.5DB0E6D2BB4820C6A36F69CDDED9F1D7.d.9CD59E2FA18FD047C190214778F6B958.e.21438/text - {}
RESULT: {}
COMMAND: GET /session/9eab2abfb92109d83111f8a107828286/element/f.5DB0E6D2BB4820C6A36F69CDDED9F1D7.d.9CD59E2FA18FD047C190214778F6B958.e.21440/text - {}
RESULT: {}
COMMAND: GET /session/9eab2abfb92109d83111f8a107828286/element/f.5DB0E6D2BB4820C6A36F69CDDED9F1D7.d.9CD59E2FA18FD047C190214778F6B958.e.22186/text - {}
RESULT: {}
COMMAND: GET /session/9eab2abfb92109d83111f8a107828286/element/f.5DB0E6D2BB4820C6A36F69CDDED9F1D7.d.9CD59E2FA18FD047C190214778F6B958.e.22187/text - {}
RESULT: {}
COMMAND: GET /session/9eab2abfb92109d83111f8a107828286/element/f.5DB0E6D2BB4820C6A36F69CDDED9F1D7.d.9CD59E2FA18FD047C190214778F6B958.e.22188/text - {}
RESULT: {}
COMMAND: GET /session/9eab2abfb92109d83111f8a107828286/element/f.5DB0E6D2BB4820C6A36F69CDDED9F1D7.d.9CD59E2FA18FD047C190214778F6B958.e.22189/text - {}
RESULT: {}
COMMAND: GET /session/9eab2abfb92109d83111f8a107828286/element/f.5DB0E6D2BB4820C6A36F69CDDED9F1D7.d.9CD59E2FA18FD047C190214778F6B958.e.22190/text - {}
RESULT: {}
COMMAND: GET /session/9eab2abfb92109d83111f8a107828286/element/f.5DB0E6D2BB4820C6A36F69CDDED9F1D7.d.9CD59E2FA18FD047C190214778F6B958.e.22191/text - {}
RESULT: {}
COMMAND: GET /session/9eab2abfb92109d83111f8a107828286/element/f.5DB0E6D2BB4820C6A36F69CDDED9F1D7.d.9CD59E2FA18FD047C190214778F6B958.e.22192/text - {}
RESULT: {}
COMMAND: GET /session/9eab2abfb92109d83111f8a107828286/element/f.5DB0E6D2BB4820C6A36F69CDDED9F1D7.d.9CD59E2FA18FD047C190214778F6B958.e.22193/text - {}
RESULT: {}
COMMAND: GET /session/9eab2abfb92109d83111f8a107828286/element/f.5DB0E6D2BB4820C6A36F69CDDED9F1D7.d.9CD59E2FA18FD047C190214778F6B958.e.22194/text - {}
RESULT: {}
COMMAND: GET /session/9eab2abfb92109d83111f8a107828286/element/f.5DB0E6D2BB4820C6A36F69CDDED9F1D7.d.9CD59E2FA18FD047C190214778F6B958.e.21441/text - {}
RESULT: {}
COMMAND: POST /session/9eab2abfb92109d83111f8a107828286/element - {"using":"xpath","value":"//tbody[contains(@id, \"customHandoversTable-tblBody\")]/tr[1]/td[14]/div/span"}
RESULT: {"using":"xpath","value":"//tbody[contains(@id, \"customHandoversTable-tblBody\")]/tr[1]/td[14]/div/span"}
COMMAND: POST /session/9eab2abfb92109d83111f8a107828286/execute/sync - {"script":"<script> [56 bytes]","args":[{"element-6066-11e4-a52e-4f735466cecf":"f.5DB0E6D2BB4820C6A36F69CDDED9F1D7.d.9CD59E2FA18FD047C190214778F6B958.e.22238","ELEMENT":"f.5DB0E6D2BB4820C6A36F69CDDED9F1D7.d.9CD59E2FA18FD047C190214778F6B958.e.22238"}]}
RESULT: {"script":"<script> [56 bytes]","args":[{"element-6066-11e4-a52e-4f735466cecf":"f.5DB0E6D2BB4820C6A36F69CDDED9F1D7.d.9CD59E2FA18FD047C190214778F6B958.e.22238","ELEMENT":"f.5DB0E6D2BB4820C6A36F69CDDED9F1D7.d.9CD59E2FA18FD047C190214778F6B958.e.22238"}]}
COMMAND: POST /session/9eab2abfb92109d83111f8a107828286/element - {"using":"css selector","value":"#shell-header-logo"}
COMMAND: GET /session/9eab2abfb92109d83111f8a107828286/screenshot - {}
RESULT: {"using":"css selector","value":"#shell-header-logo"}
COMMAND: POST /session/9eab2abfb92109d83111f8a107828286/element/f.5DB0E6D2BB4820C6A36F69CDDED9F1D7.d.9CD59E2FA18FD047C190214778F6B958.e.20754/click - {}
RESULT: {}
RESULT: {}
COMMAND: GET /session/9eab2abfb92109d83111f8a107828286/screenshot - {}
RESULT: {}
]]></system-out>
    </testcase>
    <testcase classname="chrome.136_0_7103_93.windows.Billing_Calculation_-_Time_based_(considering_transport_times)_US139738" name="Should navigate to Manage Billings and trigger contract calculation business confirm it" time="76.369">
      <system-out><![CDATA[
COMMAND: POST /session/9eab2abfb92109d83111f8a107828286/execute/async - {"script":"<script> [1562 bytes]","args":[{"selector":{"controlType":"sap.m.GenericTile","properties":{"header":"Manage Billings"}},"wdio_ui5_key":"sapm.GenericTile{\"header\":\"Manage Billings\"}"}]}
RESULT: {"script":"<script> [1562 bytes]","args":[{"selector":{"controlType":"sap.m.GenericTile","properties":{"header":"Manage Billings"}},"wdio_ui5_key":"sapm.GenericTile{\"header\":\"Manage Billings\"}"}]}
RESULT: undefined
COMMAND: POST /session/9eab2abfb92109d83111f8a107828286/element - {"using":"xpath","value":"//*[@id=\"__tile51\"]"}
RESULT: {"using":"xpath","value":"//*[@id=\"__tile51\"]"}
COMMAND: POST /session/9eab2abfb92109d83111f8a107828286/element/f.5DB0E6D2BB4820C6A36F69CDDED9F1D7.d.9CD59E2FA18FD047C190214778F6B958.e.18607/click - {}
RESULT: {}
COMMAND: GET /session/9eab2abfb92109d83111f8a107828286/screenshot - {}
RESULT: {}
COMMAND: POST /session/9eab2abfb92109d83111f8a107828286/elements - {"using":"xpath","value":"//span[text()='Error']"}
RESULT: {"using":"xpath","value":"//span[text()='Error']"}
COMMAND: POST /session/9eab2abfb92109d83111f8a107828286/execute/async - {"script":"<script> [1562 bytes]","args":[{"selector":{"id":"application-managebillings-display-component---billRunCalcResult--smartFilterBar-btnBasicSearch","interaction":{"idSuffix":"I"}},"wdio_ui5_key":"applicationmanagebillings-display-component---billRunCalcResult--smartFilterBar-btnBasicSearch"}]}
RESULT: {"script":"<script> [1562 bytes]","args":[{"selector":{"id":"application-managebillings-display-component---billRunCalcResult--smartFilterBar-btnBasicSearch","interaction":{"idSuffix":"I"}},"wdio_ui5_key":"applicationmanagebillings-display-component---billRunCalcResult--smartFilterBar-btnBasicSearch"}]}
RESULT: undefined
COMMAND: POST /session/9eab2abfb92109d83111f8a107828286/execute/async - {"script":"<script> [776 bytes]","args":[{"enterText":"10326","selector":{"id":"application-managebillings-display-component---billRunCalcResult--smartFilterBar-btnBasicSearch","interaction":{"idSuffix":"I"}},"clearTextFirst":true,"interactionType":"ENTER_TEXT"}]}
RESULT: {"script":"<script> [776 bytes]","args":[{"enterText":"10326","selector":{"id":"application-managebillings-display-component---billRunCalcResult--smartFilterBar-btnBasicSearch","interaction":{"idSuffix":"I"}},"clearTextFirst":true,"interactionType":"ENTER_TEXT"}]}
COMMAND: POST /session/9eab2abfb92109d83111f8a107828286/actions - {"actions":[{"id":"action82","type":"key","parameters":{},"actions":[{"type":"keyDown","value":""},{"type":"pause","duration":10},{"type":"keyUp","value":""}]}]}
RESULT: {"actions":[{"id":"action82","type":"key","parameters":{},"actions":[{"type":"keyDown","value":""},{"type":"pause","duration":10},{"type":"keyUp","value":""}]}]}
COMMAND: GET /session/9eab2abfb92109d83111f8a107828286/screenshot - {}
COMMAND: POST /session/9eab2abfb92109d83111f8a107828286/element - {"using":"xpath","value":"//td[@aria-colindex=\"1\"]/div/div[contains(@class, \"sapMCbBg\")]"}
RESULT: {}
RESULT: {"using":"xpath","value":"//td[@aria-colindex=\"1\"]/div/div[contains(@class, \"sapMCbBg\")]"}
COMMAND: POST /session/9eab2abfb92109d83111f8a107828286/element/f.5DB0E6D2BB4820C6A36F69CDDED9F1D7.d.9CD59E2FA18FD047C190214778F6B958.e.22452/click - {}
RESULT: {}
COMMAND: GET /session/9eab2abfb92109d83111f8a107828286/screenshot - {}
RESULT: {}
COMMAND: POST /session/9eab2abfb92109d83111f8a107828286/execute/async - {"script":"<script> [1562 bytes]","args":[{"selector":{"id":"application-managebillings-display-component---billRunCalcResult--contractBillRunDate","interaction":{"idSuffix":"inner"}},"wdio_ui5_key":"applicationmanagebillings-display-component---billRunCalcResult--contractBillRunDate"}]}
RESULT: {"script":"<script> [1562 bytes]","args":[{"selector":{"id":"application-managebillings-display-component---billRunCalcResult--contractBillRunDate","interaction":{"idSuffix":"inner"}},"wdio_ui5_key":"applicationmanagebillings-display-component---billRunCalcResult--contractBillRunDate"}]}
RESULT: undefined
COMMAND: POST /session/9eab2abfb92109d83111f8a107828286/execute/async - {"script":"<script> [776 bytes]","args":[{"enterText":"5/27/25","selector":{"id":"application-managebillings-display-component---billRunCalcResult--contractBillRunDate","interaction":{"idSuffix":"inner"}},"clearTextFirst":true,"interactionType":"ENTER_TEXT"}]}
RESULT: {"script":"<script> [776 bytes]","args":[{"enterText":"5/27/25","selector":{"id":"application-managebillings-display-component---billRunCalcResult--contractBillRunDate","interaction":{"idSuffix":"inner"}},"clearTextFirst":true,"interactionType":"ENTER_TEXT"}]}
COMMAND: POST /session/9eab2abfb92109d83111f8a107828286/element - {"using":"xpath","value":"//bdi[contains(text(), \"Trigger Calculation\")]"}
RESULT: {"using":"xpath","value":"//bdi[contains(text(), \"Trigger Calculation\")]"}
COMMAND: POST /session/9eab2abfb92109d83111f8a107828286/element/f.5DB0E6D2BB4820C6A36F69CDDED9F1D7.d.9CD59E2FA18FD047C190214778F6B958.e.22503/click - {}
RESULT: {}
COMMAND: GET /session/9eab2abfb92109d83111f8a107828286/screenshot - {}
RESULT: {}
COMMAND: POST /session/9eab2abfb92109d83111f8a107828286/element - {"using":"xpath","value":"(//span[contains(@id, \"imgNav\")])[1]"}
RESULT: {"using":"xpath","value":"(//span[contains(@id, \"imgNav\")])[1]"}
COMMAND: POST /session/9eab2abfb92109d83111f8a107828286/element/f.5DB0E6D2BB4820C6A36F69CDDED9F1D7.d.9CD59E2FA18FD047C190214778F6B958.e.22453/click - {}
RESULT: {}
COMMAND: GET /session/9eab2abfb92109d83111f8a107828286/screenshot - {}
RESULT: {}
COMMAND: POST /session/9eab2abfb92109d83111f8a107828286/element - {"using":"xpath","value":"//tr/td[6]/div[1]/span[1]/span[1]"}
RESULT: {"using":"xpath","value":"//tr/td[6]/div[1]/span[1]/span[1]"}
COMMAND: GET /session/9eab2abfb92109d83111f8a107828286/element/f.5DB0E6D2BB4820C6A36F69CDDED9F1D7.d.9CD59E2FA18FD047C190214778F6B958.e.22508/text - {}
RESULT: {}
COMMAND: POST /session/9eab2abfb92109d83111f8a107828286/element - {"using":"xpath","value":"(//span[contains(@id, \"imgNav\")])[2]"}
RESULT: {"using":"xpath","value":"(//span[contains(@id, \"imgNav\")])[2]"}
COMMAND: POST /session/9eab2abfb92109d83111f8a107828286/element/f.5DB0E6D2BB4820C6A36F69CDDED9F1D7.d.9CD59E2FA18FD047C190214778F6B958.e.22509/click - {}
RESULT: {}
COMMAND: POST /session/9eab2abfb92109d83111f8a107828286/element - {"using":"xpath","value":"//bdi[contains(text(), \"Business Confirm\")]"}
COMMAND: GET /session/9eab2abfb92109d83111f8a107828286/screenshot - {}
RESULT: {"using":"xpath","value":"//bdi[contains(text(), \"Business Confirm\")]"}
COMMAND: POST /session/9eab2abfb92109d83111f8a107828286/elements - {"using":"xpath","value":"//bdi[contains(text(), \"Business Confirm\")]"}
RESULT: {}
RESULT: {"using":"xpath","value":"//bdi[contains(text(), \"Business Confirm\")]"}
COMMAND: POST /session/9eab2abfb92109d83111f8a107828286/element - {"using":"xpath","value":"//bdi[contains(text(), \"Business Confirm\")]"}
RESULT: {"using":"xpath","value":"//bdi[contains(text(), \"Business Confirm\")]"}
COMMAND: POST /session/9eab2abfb92109d83111f8a107828286/element/f.5DB0E6D2BB4820C6A36F69CDDED9F1D7.d.9CD59E2FA18FD047C190214778F6B958.e.22516/click - {}
RESULT: {}
COMMAND: POST /session/9eab2abfb92109d83111f8a107828286/element - {"using":"css selector","value":"#shell-header-logo"}
COMMAND: GET /session/9eab2abfb92109d83111f8a107828286/screenshot - {}
RESULT: {"using":"css selector","value":"#shell-header-logo"}
COMMAND: POST /session/9eab2abfb92109d83111f8a107828286/element/f.5DB0E6D2BB4820C6A36F69CDDED9F1D7.d.9CD59E2FA18FD047C190214778F6B958.e.22243/click - {}
RESULT: {}
RESULT: {}
COMMAND: GET /session/9eab2abfb92109d83111f8a107828286/screenshot - {}
RESULT: {}
]]></system-out>
    </testcase>
    <testcase classname="chrome.136_0_7103_93.windows.Billing_Calculation_-_Time_based_(considering_transport_times)_US139738" name="Should transfer the billing all the way to completion" time="81.242">
      <system-out><![CDATA[
COMMAND: POST /session/9eab2abfb92109d83111f8a107828286/execute/async - {"script":"<script> [1562 bytes]","args":[{"selector":{"controlType":"sap.m.GenericTile","properties":{"header":"Billing Transfer"}},"wdio_ui5_key":"sapm.GenericTile{\"header\":\"Billing Transfer\"}"}]}
RESULT: {"script":"<script> [1562 bytes]","args":[{"selector":{"controlType":"sap.m.GenericTile","properties":{"header":"Billing Transfer"}},"wdio_ui5_key":"sapm.GenericTile{\"header\":\"Billing Transfer\"}"}]}
RESULT: undefined
COMMAND: POST /session/9eab2abfb92109d83111f8a107828286/element - {"using":"xpath","value":"//*[@id=\"__tile50\"]"}
RESULT: {"using":"xpath","value":"//*[@id=\"__tile50\"]"}
COMMAND: POST /session/9eab2abfb92109d83111f8a107828286/element/f.5DB0E6D2BB4820C6A36F69CDDED9F1D7.d.9CD59E2FA18FD047C190214778F6B958.e.18605/click - {}
RESULT: {}
COMMAND: GET /session/9eab2abfb92109d83111f8a107828286/screenshot - {}
RESULT: {}
COMMAND: POST /session/9eab2abfb92109d83111f8a107828286/elements - {"using":"xpath","value":"//span[text()='Error']"}
RESULT: {"using":"xpath","value":"//span[text()='Error']"}
COMMAND: POST /session/9eab2abfb92109d83111f8a107828286/element - {"using":"xpath","value":"//input[contains(@id ,\"application-billingtransfer-display-component---billingWorkbench--smartFilterBar-btnBasicSearch\")]"}
RESULT: {"using":"xpath","value":"//input[contains(@id ,\"application-billingtransfer-display-component---billingWorkbench--smartFilterBar-btnBasicSearch\")]"}
COMMAND: POST /session/9eab2abfb92109d83111f8a107828286/elements - {"using":"xpath","value":"//input[contains(@id ,\"application-billingtransfer-display-component---billingWorkbench--smartFilterBar-btnBasicSearch\")]"}
RESULT: {"using":"xpath","value":"//input[contains(@id ,\"application-billingtransfer-display-component---billingWorkbench--smartFilterBar-btnBasicSearch\")]"}
COMMAND: POST /session/9eab2abfb92109d83111f8a107828286/execute/sync - {"script":"<script> [8489 bytes]","args":[{"element-6066-11e4-a52e-4f735466cecf":"f.5DB0E6D2BB4820C6A36F69CDDED9F1D7.d.9CD59E2FA18FD047C190214778F6B958.e.22588","ELEMENT":"f.5DB0E6D2BB4820C6A36F69CDDED9F1D7.d.9CD59E2FA18FD047C190214778F6B958.e.22588"}]}
RESULT: {"script":"<script> [8489 bytes]","args":[{"element-6066-11e4-a52e-4f735466cecf":"f.5DB0E6D2BB4820C6A36F69CDDED9F1D7.d.9CD59E2FA18FD047C190214778F6B958.e.22588","ELEMENT":"f.5DB0E6D2BB4820C6A36F69CDDED9F1D7.d.9CD59E2FA18FD047C190214778F6B958.e.22588"}]}
COMMAND: GET /session/9eab2abfb92109d83111f8a107828286/element/f.5DB0E6D2BB4820C6A36F69CDDED9F1D7.d.9CD59E2FA18FD047C190214778F6B958.e.22588/enabled - {}
COMMAND: GET /session/9eab2abfb92109d83111f8a107828286/screenshot - {}
RESULT: {}
COMMAND: POST /session/9eab2abfb92109d83111f8a107828286/element/f.5DB0E6D2BB4820C6A36F69CDDED9F1D7.d.9CD59E2FA18FD047C190214778F6B958.e.22588/click - {}
COMMAND: GET /session/9eab2abfb92109d83111f8a107828286/screenshot - {}
RESULT: {}
RESULT: {}
RESULT: {}
COMMAND: GET /session/9eab2abfb92109d83111f8a107828286/screenshot - {}
RESULT: {}
COMMAND: POST /session/9eab2abfb92109d83111f8a107828286/element/f.5DB0E6D2BB4820C6A36F69CDDED9F1D7.d.9CD59E2FA18FD047C190214778F6B958.e.22588/clear - {}
RESULT: {}
COMMAND: POST /session/9eab2abfb92109d83111f8a107828286/element/f.5DB0E6D2BB4820C6A36F69CDDED9F1D7.d.9CD59E2FA18FD047C190214778F6B958.e.22588/value - {"text":"10326"}
COMMAND: GET /session/9eab2abfb92109d83111f8a107828286/screenshot - {}
RESULT: {"text":"10326"}
COMMAND: POST /session/9eab2abfb92109d83111f8a107828286/actions - {"actions":[{"id":"action83","type":"key","parameters":{},"actions":[{"type":"keyDown","value":""},{"type":"pause","duration":10},{"type":"keyUp","value":""}]}]}
COMMAND: GET /session/9eab2abfb92109d83111f8a107828286/screenshot - {}
RESULT: {}
RESULT: {"actions":[{"id":"action83","type":"key","parameters":{},"actions":[{"type":"keyDown","value":""},{"type":"pause","duration":10},{"type":"keyUp","value":""}]}]}
COMMAND: GET /session/9eab2abfb92109d83111f8a107828286/screenshot - {}
RESULT: {}
RESULT: {}
COMMAND: POST /session/9eab2abfb92109d83111f8a107828286/element - {"using":"xpath","value":"//span[contains(@id ,\"application-billingtransfer-display-component---billingWorkbench--smartTableBillingRuns-header-inner\")]"}
RESULT: {"using":"xpath","value":"//span[contains(@id ,\"application-billingtransfer-display-component---billingWorkbench--smartTableBillingRuns-header-inner\")]"}
COMMAND: POST /session/9eab2abfb92109d83111f8a107828286/elements - {"using":"xpath","value":"//span[contains(@id ,\"application-billingtransfer-display-component---billingWorkbench--smartTableBillingRuns-header-inner\")]"}
RESULT: {"using":"xpath","value":"//span[contains(@id ,\"application-billingtransfer-display-component---billingWorkbench--smartTableBillingRuns-header-inner\")]"}
COMMAND: POST /session/9eab2abfb92109d83111f8a107828286/execute/sync - {"script":"<script> [56 bytes]","args":[{"element-6066-11e4-a52e-4f735466cecf":"f.5DB0E6D2BB4820C6A36F69CDDED9F1D7.d.9CD59E2FA18FD047C190214778F6B958.e.22740","ELEMENT":"f.5DB0E6D2BB4820C6A36F69CDDED9F1D7.d.9CD59E2FA18FD047C190214778F6B958.e.22740"}]}
RESULT: {"script":"<script> [56 bytes]","args":[{"element-6066-11e4-a52e-4f735466cecf":"f.5DB0E6D2BB4820C6A36F69CDDED9F1D7.d.9CD59E2FA18FD047C190214778F6B958.e.22740","ELEMENT":"f.5DB0E6D2BB4820C6A36F69CDDED9F1D7.d.9CD59E2FA18FD047C190214778F6B958.e.22740"}]}
COMMAND: POST /session/9eab2abfb92109d83111f8a107828286/element - {"using":"xpath","value":"//td[@aria-colindex=\"1\"]/div/div[contains(@class, \"sapMCbBg\")]"}
COMMAND: GET /session/9eab2abfb92109d83111f8a107828286/screenshot - {}
RESULT: {"using":"xpath","value":"//td[@aria-colindex=\"1\"]/div/div[contains(@class, \"sapMCbBg\")]"}
COMMAND: POST /session/9eab2abfb92109d83111f8a107828286/element/f.5DB0E6D2BB4820C6A36F69CDDED9F1D7.d.9CD59E2FA18FD047C190214778F6B958.e.22722/click - {}
RESULT: {}
RESULT: {}
COMMAND: GET /session/9eab2abfb92109d83111f8a107828286/screenshot - {}
RESULT: {}
COMMAND: POST /session/9eab2abfb92109d83111f8a107828286/element - {"using":"xpath","value":"//bdi[contains(text(), \"Check\")]"}
RESULT: {"using":"xpath","value":"//bdi[contains(text(), \"Check\")]"}
COMMAND: POST /session/9eab2abfb92109d83111f8a107828286/element/f.5DB0E6D2BB4820C6A36F69CDDED9F1D7.d.9CD59E2FA18FD047C190214778F6B958.e.22741/click - {}
RESULT: {}
COMMAND: GET /session/9eab2abfb92109d83111f8a107828286/screenshot - {}
RESULT: {}
COMMAND: POST /session/9eab2abfb92109d83111f8a107828286/element - {"using":"xpath","value":"//bdi[contains(text(), \"OK\")]"}
RESULT: {"using":"xpath","value":"//bdi[contains(text(), \"OK\")]"}
COMMAND: POST /session/9eab2abfb92109d83111f8a107828286/element/f.5DB0E6D2BB4820C6A36F69CDDED9F1D7.d.9CD59E2FA18FD047C190214778F6B958.e.22744/click - {}
RESULT: {}
COMMAND: GET /session/9eab2abfb92109d83111f8a107828286/screenshot - {}
RESULT: {}
COMMAND: POST /session/9eab2abfb92109d83111f8a107828286/element - {"using":"xpath","value":"(//span[contains(text(), \"CO/SD checked\")]/parent::div/preceding-sibling::div/span)[1]"}
RESULT: {"using":"xpath","value":"(//span[contains(text(), \"CO/SD checked\")]/parent::div/preceding-sibling::div/span)[1]"}
COMMAND: POST /session/9eab2abfb92109d83111f8a107828286/element/f.5DB0E6D2BB4820C6A36F69CDDED9F1D7.d.9CD59E2FA18FD047C190214778F6B958.e.22745/click - {}
RESULT: {}
COMMAND: GET /session/9eab2abfb92109d83111f8a107828286/screenshot - {}
RESULT: {}
COMMAND: POST /session/9eab2abfb92109d83111f8a107828286/element - {"using":"xpath","value":"//input[contains(@id ,\"application-billingtransfer-display-component---billingWorkbench--smartFilterBar-btnBasicSearch\")]"}
RESULT: {"using":"xpath","value":"//input[contains(@id ,\"application-billingtransfer-display-component---billingWorkbench--smartFilterBar-btnBasicSearch\")]"}
COMMAND: POST /session/9eab2abfb92109d83111f8a107828286/elements - {"using":"xpath","value":"//input[contains(@id ,\"application-billingtransfer-display-component---billingWorkbench--smartFilterBar-btnBasicSearch\")]"}
RESULT: {"using":"xpath","value":"//input[contains(@id ,\"application-billingtransfer-display-component---billingWorkbench--smartFilterBar-btnBasicSearch\")]"}
COMMAND: POST /session/9eab2abfb92109d83111f8a107828286/execute/sync - {"script":"<script> [8489 bytes]","args":[{"element-6066-11e4-a52e-4f735466cecf":"f.5DB0E6D2BB4820C6A36F69CDDED9F1D7.d.9CD59E2FA18FD047C190214778F6B958.e.22588","ELEMENT":"f.5DB0E6D2BB4820C6A36F69CDDED9F1D7.d.9CD59E2FA18FD047C190214778F6B958.e.22588"}]}
RESULT: {"script":"<script> [8489 bytes]","args":[{"element-6066-11e4-a52e-4f735466cecf":"f.5DB0E6D2BB4820C6A36F69CDDED9F1D7.d.9CD59E2FA18FD047C190214778F6B958.e.22588","ELEMENT":"f.5DB0E6D2BB4820C6A36F69CDDED9F1D7.d.9CD59E2FA18FD047C190214778F6B958.e.22588"}]}
COMMAND: GET /session/9eab2abfb92109d83111f8a107828286/element/f.5DB0E6D2BB4820C6A36F69CDDED9F1D7.d.9CD59E2FA18FD047C190214778F6B958.e.22588/enabled - {}
COMMAND: GET /session/9eab2abfb92109d83111f8a107828286/screenshot - {}
RESULT: {}
COMMAND: POST /session/9eab2abfb92109d83111f8a107828286/element/f.5DB0E6D2BB4820C6A36F69CDDED9F1D7.d.9CD59E2FA18FD047C190214778F6B958.e.22588/click - {}
COMMAND: GET /session/9eab2abfb92109d83111f8a107828286/screenshot - {}
RESULT: {}
RESULT: {}
COMMAND: GET /session/9eab2abfb92109d83111f8a107828286/screenshot - {}
RESULT: {}
RESULT: {}
COMMAND: POST /session/9eab2abfb92109d83111f8a107828286/element/f.5DB0E6D2BB4820C6A36F69CDDED9F1D7.d.9CD59E2FA18FD047C190214778F6B958.e.22588/clear - {}
RESULT: {}
COMMAND: POST /session/9eab2abfb92109d83111f8a107828286/element/f.5DB0E6D2BB4820C6A36F69CDDED9F1D7.d.9CD59E2FA18FD047C190214778F6B958.e.22588/value - {"text":"10326"}
COMMAND: GET /session/9eab2abfb92109d83111f8a107828286/screenshot - {}
RESULT: {"text":"10326"}
COMMAND: POST /session/9eab2abfb92109d83111f8a107828286/actions - {"actions":[{"id":"action84","type":"key","parameters":{},"actions":[{"type":"keyDown","value":""},{"type":"pause","duration":10},{"type":"keyUp","value":""}]}]}
COMMAND: GET /session/9eab2abfb92109d83111f8a107828286/screenshot - {}
RESULT: {}
RESULT: {"actions":[{"id":"action84","type":"key","parameters":{},"actions":[{"type":"keyDown","value":""},{"type":"pause","duration":10},{"type":"keyUp","value":""}]}]}
COMMAND: GET /session/9eab2abfb92109d83111f8a107828286/screenshot - {}
RESULT: {}
RESULT: {}
COMMAND: POST /session/9eab2abfb92109d83111f8a107828286/element - {"using":"xpath","value":"//span[contains(@id ,\"application-billingtransfer-display-component---billingWorkbench--smartTableBillingRuns-header-inner\")]"}
RESULT: {"using":"xpath","value":"//span[contains(@id ,\"application-billingtransfer-display-component---billingWorkbench--smartTableBillingRuns-header-inner\")]"}
COMMAND: POST /session/9eab2abfb92109d83111f8a107828286/elements - {"using":"xpath","value":"//span[contains(@id ,\"application-billingtransfer-display-component---billingWorkbench--smartTableBillingRuns-header-inner\")]"}
RESULT: {"using":"xpath","value":"//span[contains(@id ,\"application-billingtransfer-display-component---billingWorkbench--smartTableBillingRuns-header-inner\")]"}
COMMAND: POST /session/9eab2abfb92109d83111f8a107828286/execute/sync - {"script":"<script> [56 bytes]","args":[{"element-6066-11e4-a52e-4f735466cecf":"f.5DB0E6D2BB4820C6A36F69CDDED9F1D7.d.9CD59E2FA18FD047C190214778F6B958.e.22740","ELEMENT":"f.5DB0E6D2BB4820C6A36F69CDDED9F1D7.d.9CD59E2FA18FD047C190214778F6B958.e.22740"}]}
RESULT: {"script":"<script> [56 bytes]","args":[{"element-6066-11e4-a52e-4f735466cecf":"f.5DB0E6D2BB4820C6A36F69CDDED9F1D7.d.9CD59E2FA18FD047C190214778F6B958.e.22740","ELEMENT":"f.5DB0E6D2BB4820C6A36F69CDDED9F1D7.d.9CD59E2FA18FD047C190214778F6B958.e.22740"}]}
COMMAND: POST /session/9eab2abfb92109d83111f8a107828286/element - {"using":"xpath","value":"//td[@aria-colindex=\"1\"]/div/div[contains(@class, \"sapMCbBg\")]"}
COMMAND: GET /session/9eab2abfb92109d83111f8a107828286/screenshot - {}
RESULT: {"using":"xpath","value":"//td[@aria-colindex=\"1\"]/div/div[contains(@class, \"sapMCbBg\")]"}
COMMAND: POST /session/9eab2abfb92109d83111f8a107828286/element/f.5DB0E6D2BB4820C6A36F69CDDED9F1D7.d.9CD59E2FA18FD047C190214778F6B958.e.22749/click - {}
RESULT: {}
RESULT: {}
COMMAND: GET /session/9eab2abfb92109d83111f8a107828286/screenshot - {}
RESULT: {}
COMMAND: POST /session/9eab2abfb92109d83111f8a107828286/element - {"using":"xpath","value":"//bdi[text()=\"Transfer\"]"}
RESULT: {"using":"xpath","value":"//bdi[text()=\"Transfer\"]"}
COMMAND: POST /session/9eab2abfb92109d83111f8a107828286/element/f.5DB0E6D2BB4820C6A36F69CDDED9F1D7.d.9CD59E2FA18FD047C190214778F6B958.e.22750/click - {}
RESULT: {}
COMMAND: GET /session/9eab2abfb92109d83111f8a107828286/screenshot - {}
RESULT: {}
COMMAND: POST /session/9eab2abfb92109d83111f8a107828286/element - {"using":"xpath","value":"//bdi[contains(text(), \"OK\")]"}
RESULT: {"using":"xpath","value":"//bdi[contains(text(), \"OK\")]"}
COMMAND: POST /session/9eab2abfb92109d83111f8a107828286/element/f.5DB0E6D2BB4820C6A36F69CDDED9F1D7.d.9CD59E2FA18FD047C190214778F6B958.e.22753/click - {}
RESULT: {}
COMMAND: GET /session/9eab2abfb92109d83111f8a107828286/screenshot - {}
RESULT: {}
COMMAND: POST /session/9eab2abfb92109d83111f8a107828286/element - {"using":"xpath","value":"(//span[contains(text(), \"Completed\")]/parent::div/preceding-sibling::div/span)[1]"}
RESULT: {"using":"xpath","value":"(//span[contains(text(), \"Completed\")]/parent::div/preceding-sibling::div/span)[1]"}
COMMAND: POST /session/9eab2abfb92109d83111f8a107828286/element/f.5DB0E6D2BB4820C6A36F69CDDED9F1D7.d.9CD59E2FA18FD047C190214778F6B958.e.22766/click - {}
RESULT: {}
COMMAND: POST /session/9eab2abfb92109d83111f8a107828286/element - {"using":"xpath","value":"//input[contains(@id ,\"application-billingtransfer-display-component---billingWorkbench--smartFilterBar-btnBasicSearch\")]"}
COMMAND: GET /session/9eab2abfb92109d83111f8a107828286/screenshot - {}
RESULT: {"using":"xpath","value":"//input[contains(@id ,\"application-billingtransfer-display-component---billingWorkbench--smartFilterBar-btnBasicSearch\")]"}
COMMAND: POST /session/9eab2abfb92109d83111f8a107828286/elements - {"using":"xpath","value":"//input[contains(@id ,\"application-billingtransfer-display-component---billingWorkbench--smartFilterBar-btnBasicSearch\")]"}
RESULT: {}
RESULT: {"using":"xpath","value":"//input[contains(@id ,\"application-billingtransfer-display-component---billingWorkbench--smartFilterBar-btnBasicSearch\")]"}
COMMAND: POST /session/9eab2abfb92109d83111f8a107828286/execute/sync - {"script":"<script> [8489 bytes]","args":[{"element-6066-11e4-a52e-4f735466cecf":"f.5DB0E6D2BB4820C6A36F69CDDED9F1D7.d.9CD59E2FA18FD047C190214778F6B958.e.22588","ELEMENT":"f.5DB0E6D2BB4820C6A36F69CDDED9F1D7.d.9CD59E2FA18FD047C190214778F6B958.e.22588"}]}
RESULT: {"script":"<script> [8489 bytes]","args":[{"element-6066-11e4-a52e-4f735466cecf":"f.5DB0E6D2BB4820C6A36F69CDDED9F1D7.d.9CD59E2FA18FD047C190214778F6B958.e.22588","ELEMENT":"f.5DB0E6D2BB4820C6A36F69CDDED9F1D7.d.9CD59E2FA18FD047C190214778F6B958.e.22588"}]}
COMMAND: GET /session/9eab2abfb92109d83111f8a107828286/element/f.5DB0E6D2BB4820C6A36F69CDDED9F1D7.d.9CD59E2FA18FD047C190214778F6B958.e.22588/enabled - {}
COMMAND: GET /session/9eab2abfb92109d83111f8a107828286/screenshot - {}
RESULT: {}
COMMAND: POST /session/9eab2abfb92109d83111f8a107828286/element/f.5DB0E6D2BB4820C6A36F69CDDED9F1D7.d.9CD59E2FA18FD047C190214778F6B958.e.22588/click - {}
COMMAND: GET /session/9eab2abfb92109d83111f8a107828286/screenshot - {}
RESULT: {}
RESULT: {}
COMMAND: GET /session/9eab2abfb92109d83111f8a107828286/screenshot - {}
RESULT: {}
RESULT: {}
COMMAND: POST /session/9eab2abfb92109d83111f8a107828286/element/f.5DB0E6D2BB4820C6A36F69CDDED9F1D7.d.9CD59E2FA18FD047C190214778F6B958.e.22588/clear - {}
RESULT: {}
COMMAND: POST /session/9eab2abfb92109d83111f8a107828286/element/f.5DB0E6D2BB4820C6A36F69CDDED9F1D7.d.9CD59E2FA18FD047C190214778F6B958.e.22588/value - {"text":"10326"}
COMMAND: GET /session/9eab2abfb92109d83111f8a107828286/screenshot - {}
RESULT: {}
RESULT: {"text":"10326"}
COMMAND: POST /session/9eab2abfb92109d83111f8a107828286/actions - {"actions":[{"id":"action85","type":"key","parameters":{},"actions":[{"type":"keyDown","value":""},{"type":"pause","duration":10},{"type":"keyUp","value":""}]}]}
COMMAND: GET /session/9eab2abfb92109d83111f8a107828286/screenshot - {}
RESULT: {"actions":[{"id":"action85","type":"key","parameters":{},"actions":[{"type":"keyDown","value":""},{"type":"pause","duration":10},{"type":"keyUp","value":""}]}]}
COMMAND: GET /session/9eab2abfb92109d83111f8a107828286/screenshot - {}
RESULT: {}
RESULT: {}
COMMAND: POST /session/9eab2abfb92109d83111f8a107828286/element - {"using":"xpath","value":"//span[contains(@id ,\"application-billingtransfer-display-component---billingWorkbench--smartTableBillingRuns-header-inner\")]"}
RESULT: {"using":"xpath","value":"//span[contains(@id ,\"application-billingtransfer-display-component---billingWorkbench--smartTableBillingRuns-header-inner\")]"}
COMMAND: POST /session/9eab2abfb92109d83111f8a107828286/elements - {"using":"xpath","value":"//span[contains(@id ,\"application-billingtransfer-display-component---billingWorkbench--smartTableBillingRuns-header-inner\")]"}
RESULT: {"using":"xpath","value":"//span[contains(@id ,\"application-billingtransfer-display-component---billingWorkbench--smartTableBillingRuns-header-inner\")]"}
COMMAND: POST /session/9eab2abfb92109d83111f8a107828286/execute/sync - {"script":"<script> [56 bytes]","args":[{"element-6066-11e4-a52e-4f735466cecf":"f.5DB0E6D2BB4820C6A36F69CDDED9F1D7.d.9CD59E2FA18FD047C190214778F6B958.e.22740","ELEMENT":"f.5DB0E6D2BB4820C6A36F69CDDED9F1D7.d.9CD59E2FA18FD047C190214778F6B958.e.22740"}]}
RESULT: {"script":"<script> [56 bytes]","args":[{"element-6066-11e4-a52e-4f735466cecf":"f.5DB0E6D2BB4820C6A36F69CDDED9F1D7.d.9CD59E2FA18FD047C190214778F6B958.e.22740","ELEMENT":"f.5DB0E6D2BB4820C6A36F69CDDED9F1D7.d.9CD59E2FA18FD047C190214778F6B958.e.22740"}]}
COMMAND: POST /session/9eab2abfb92109d83111f8a107828286/element - {"using":"css selector","value":"#shell-header-logo"}
COMMAND: GET /session/9eab2abfb92109d83111f8a107828286/screenshot - {}
RESULT: {"using":"css selector","value":"#shell-header-logo"}
COMMAND: POST /session/9eab2abfb92109d83111f8a107828286/element/f.5DB0E6D2BB4820C6A36F69CDDED9F1D7.d.9CD59E2FA18FD047C190214778F6B958.e.22593/click - {}
RESULT: {}
RESULT: {}
COMMAND: GET /session/9eab2abfb92109d83111f8a107828286/screenshot - {}
RESULT: {}
]]></system-out>
    </testcase>
    <testcase classname="chrome.136_0_7103_93.windows.Billing_Calculation_-_Time_based_(considering_transport_times)_US139738" name="Should navigate to the contract item check the billed until field value" time="53.025">
      <system-out><![CDATA[
RESULT: undefined
COMMAND: POST /session/9eab2abfb92109d83111f8a107828286/element - {"using":"xpath","value":"//*[@id=\"__tile132\"]"}
RESULT: {"using":"xpath","value":"//*[@id=\"__tile132\"]"}
COMMAND: POST /session/9eab2abfb92109d83111f8a107828286/element/f.5DB0E6D2BB4820C6A36F69CDDED9F1D7.d.9CD59E2FA18FD047C190214778F6B958.e.18580/click - {}
RESULT: {}
COMMAND: GET /session/9eab2abfb92109d83111f8a107828286/screenshot - {}
RESULT: {}
COMMAND: POST /session/9eab2abfb92109d83111f8a107828286/elements - {"using":"xpath","value":"//span[text()='Error']"}
RESULT: {"using":"xpath","value":"//span[text()='Error']"}
COMMAND: POST /session/9eab2abfb92109d83111f8a107828286/element - {"using":"xpath","value":"//button[@data-kt=\"addButton\"]"}
RESULT: {"using":"xpath","value":"//button[@data-kt=\"addButton\"]"}
COMMAND: POST /session/9eab2abfb92109d83111f8a107828286/elements - {"using":"xpath","value":"//button[@data-kt=\"addButton\"]"}
RESULT: {"using":"xpath","value":"//button[@data-kt=\"addButton\"]"}
COMMAND: POST /session/9eab2abfb92109d83111f8a107828286/execute/sync - {"script":"<script> [8489 bytes]","args":[{"element-6066-11e4-a52e-4f735466cecf":"f.5DB0E6D2BB4820C6A36F69CDDED9F1D7.d.9CD59E2FA18FD047C190214778F6B958.e.22815","ELEMENT":"f.5DB0E6D2BB4820C6A36F69CDDED9F1D7.d.9CD59E2FA18FD047C190214778F6B958.e.22815"}]}
RESULT: {"script":"<script> [8489 bytes]","args":[{"element-6066-11e4-a52e-4f735466cecf":"f.5DB0E6D2BB4820C6A36F69CDDED9F1D7.d.9CD59E2FA18FD047C190214778F6B958.e.22815","ELEMENT":"f.5DB0E6D2BB4820C6A36F69CDDED9F1D7.d.9CD59E2FA18FD047C190214778F6B958.e.22815"}]}
COMMAND: GET /session/9eab2abfb92109d83111f8a107828286/element/f.5DB0E6D2BB4820C6A36F69CDDED9F1D7.d.9CD59E2FA18FD047C190214778F6B958.e.22815/enabled - {}
COMMAND: GET /session/9eab2abfb92109d83111f8a107828286/screenshot - {}
RESULT: {}
COMMAND: POST /session/9eab2abfb92109d83111f8a107828286/execute/sync - {"script":"<script> [8489 bytes]","args":[{"element-6066-11e4-a52e-4f735466cecf":"f.5DB0E6D2BB4820C6A36F69CDDED9F1D7.d.9CD59E2FA18FD047C190214778F6B958.e.22815","ELEMENT":"f.5DB0E6D2BB4820C6A36F69CDDED9F1D7.d.9CD59E2FA18FD047C190214778F6B958.e.22815"}]}
COMMAND: GET /session/9eab2abfb92109d83111f8a107828286/screenshot - {}
RESULT: {}
RESULT: {"script":"<script> [8489 bytes]","args":[{"element-6066-11e4-a52e-4f735466cecf":"f.5DB0E6D2BB4820C6A36F69CDDED9F1D7.d.9CD59E2FA18FD047C190214778F6B958.e.22815","ELEMENT":"f.5DB0E6D2BB4820C6A36F69CDDED9F1D7.d.9CD59E2FA18FD047C190214778F6B958.e.22815"}]}
COMMAND: POST /session/9eab2abfb92109d83111f8a107828286/execute/sync - {"script":"<script> [5351 bytes]","args":[{"element-6066-11e4-a52e-4f735466cecf":"f.5DB0E6D2BB4820C6A36F69CDDED9F1D7.d.9CD59E2FA18FD047C190214778F6B958.e.22815","ELEMENT":"f.5DB0E6D2BB4820C6A36F69CDDED9F1D7.d.9CD59E2FA18FD047C190214778F6B958.e.22815"}]}
COMMAND: GET /session/9eab2abfb92109d83111f8a107828286/screenshot - {}
RESULT: {}
RESULT: {"script":"<script> [5351 bytes]","args":[{"element-6066-11e4-a52e-4f735466cecf":"f.5DB0E6D2BB4820C6A36F69CDDED9F1D7.d.9CD59E2FA18FD047C190214778F6B958.e.22815","ELEMENT":"f.5DB0E6D2BB4820C6A36F69CDDED9F1D7.d.9CD59E2FA18FD047C190214778F6B958.e.22815"}]}
COMMAND: POST /session/9eab2abfb92109d83111f8a107828286/element - {"using":"xpath","value":"//input[contains(@id ,\"smartContractFilterBar-btnBasicSearch-I\")]"}
COMMAND: GET /session/9eab2abfb92109d83111f8a107828286/screenshot - {}
RESULT: {}
RESULT: {"using":"xpath","value":"//input[contains(@id ,\"smartContractFilterBar-btnBasicSearch-I\")]"}
COMMAND: POST /session/9eab2abfb92109d83111f8a107828286/elements - {"using":"xpath","value":"//input[contains(@id ,\"smartContractFilterBar-btnBasicSearch-I\")]"}
RESULT: {}
RESULT: {"using":"xpath","value":"//input[contains(@id ,\"smartContractFilterBar-btnBasicSearch-I\")]"}
COMMAND: POST /session/9eab2abfb92109d83111f8a107828286/execute/sync - {"script":"<script> [8489 bytes]","args":[{"element-6066-11e4-a52e-4f735466cecf":"f.5DB0E6D2BB4820C6A36F69CDDED9F1D7.d.9CD59E2FA18FD047C190214778F6B958.e.22779","ELEMENT":"f.5DB0E6D2BB4820C6A36F69CDDED9F1D7.d.9CD59E2FA18FD047C190214778F6B958.e.22779"}]}
RESULT: {"script":"<script> [8489 bytes]","args":[{"element-6066-11e4-a52e-4f735466cecf":"f.5DB0E6D2BB4820C6A36F69CDDED9F1D7.d.9CD59E2FA18FD047C190214778F6B958.e.22779","ELEMENT":"f.5DB0E6D2BB4820C6A36F69CDDED9F1D7.d.9CD59E2FA18FD047C190214778F6B958.e.22779"}]}
COMMAND: GET /session/9eab2abfb92109d83111f8a107828286/element/f.5DB0E6D2BB4820C6A36F69CDDED9F1D7.d.9CD59E2FA18FD047C190214778F6B958.e.22779/enabled - {}
COMMAND: GET /session/9eab2abfb92109d83111f8a107828286/screenshot - {}
RESULT: {}
COMMAND: POST /session/9eab2abfb92109d83111f8a107828286/element/f.5DB0E6D2BB4820C6A36F69CDDED9F1D7.d.9CD59E2FA18FD047C190214778F6B958.e.22779/clear - {}
COMMAND: GET /session/9eab2abfb92109d83111f8a107828286/screenshot - {}
RESULT: {}
RESULT: {}
COMMAND: POST /session/9eab2abfb92109d83111f8a107828286/element/f.5DB0E6D2BB4820C6A36F69CDDED9F1D7.d.9CD59E2FA18FD047C190214778F6B958.e.22779/value - {"text":"10326"}
COMMAND: GET /session/9eab2abfb92109d83111f8a107828286/screenshot - {}
RESULT: {}
RESULT: {}
RESULT: {"text":"10326"}
COMMAND: GET /session/9eab2abfb92109d83111f8a107828286/screenshot - {}
RESULT: {}
COMMAND: POST /session/9eab2abfb92109d83111f8a107828286/actions - {"actions":[{"id":"action86","type":"key","parameters":{},"actions":[{"type":"keyDown","value":""},{"type":"pause","duration":10},{"type":"keyUp","value":""}]}]}
RESULT: {"actions":[{"id":"action86","type":"key","parameters":{},"actions":[{"type":"keyDown","value":""},{"type":"pause","duration":10},{"type":"keyUp","value":""}]}]}
COMMAND: GET /session/9eab2abfb92109d83111f8a107828286/screenshot - {}
RESULT: {}
COMMAND: POST /session/9eab2abfb92109d83111f8a107828286/element - {"using":"xpath","value":"//span[contains(@id, \"masterListContractsSmartTable-header-inner\")]"}
RESULT: {"using":"xpath","value":"//span[contains(@id, \"masterListContractsSmartTable-header-inner\")]"}
COMMAND: POST /session/9eab2abfb92109d83111f8a107828286/elements - {"using":"xpath","value":"//span[contains(@id, \"masterListContractsSmartTable-header-inner\")]"}
RESULT: {"using":"xpath","value":"//span[contains(@id, \"masterListContractsSmartTable-header-inner\")]"}
COMMAND: POST /session/9eab2abfb92109d83111f8a107828286/execute/sync - {"script":"<script> [56 bytes]","args":[{"element-6066-11e4-a52e-4f735466cecf":"f.5DB0E6D2BB4820C6A36F69CDDED9F1D7.d.9CD59E2FA18FD047C190214778F6B958.e.22883","ELEMENT":"f.5DB0E6D2BB4820C6A36F69CDDED9F1D7.d.9CD59E2FA18FD047C190214778F6B958.e.22883"}]}
RESULT: {"script":"<script> [56 bytes]","args":[{"element-6066-11e4-a52e-4f735466cecf":"f.5DB0E6D2BB4820C6A36F69CDDED9F1D7.d.9CD59E2FA18FD047C190214778F6B958.e.22883","ELEMENT":"f.5DB0E6D2BB4820C6A36F69CDDED9F1D7.d.9CD59E2FA18FD047C190214778F6B958.e.22883"}]}
COMMAND: POST /session/9eab2abfb92109d83111f8a107828286/element - {"using":"xpath","value":"(//span[contains(@id, \"imgNav\")])[1]"}
COMMAND: GET /session/9eab2abfb92109d83111f8a107828286/screenshot - {}
RESULT: {"using":"xpath","value":"(//span[contains(@id, \"imgNav\")])[1]"}
COMMAND: POST /session/9eab2abfb92109d83111f8a107828286/element/f.5DB0E6D2BB4820C6A36F69CDDED9F1D7.d.9CD59E2FA18FD047C190214778F6B958.e.22881/click - {}
RESULT: {}
RESULT: {}
COMMAND: GET /session/9eab2abfb92109d83111f8a107828286/screenshot - {}
RESULT: {}
COMMAND: POST /session/9eab2abfb92109d83111f8a107828286/element - {"using":"xpath","value":"//tr[@data-kt=\"productsColumnListItem\"]//td//span[contains(@id, \"imgNav\")][1]"}
RESULT: {"using":"xpath","value":"//tr[@data-kt=\"productsColumnListItem\"]//td//span[contains(@id, \"imgNav\")][1]"}
COMMAND: POST /session/9eab2abfb92109d83111f8a107828286/element/f.5DB0E6D2BB4820C6A36F69CDDED9F1D7.d.9CD59E2FA18FD047C190214778F6B958.e.23057/click - {}
RESULT: {}
COMMAND: GET /session/9eab2abfb92109d83111f8a107828286/screenshot - {}
RESULT: {}
COMMAND: POST /session/9eab2abfb92109d83111f8a107828286/element - {"using":"xpath","value":"//section[contains(@id, \"application-managecontracts-display-component---BillingItem--ObjectPageLayout-OPHeaderContent\")]/div/div/div/div/div[2]/div/div[2]/span"}
RESULT: {"using":"xpath","value":"//section[contains(@id, \"application-managecontracts-display-component---BillingItem--ObjectPageLayout-OPHeaderContent\")]/div/div/div/div/div[2]/div/div[2]/span"}
COMMAND: POST /session/9eab2abfb92109d83111f8a107828286/execute/sync - {"script":"<script> [56 bytes]","args":[{"element-6066-11e4-a52e-4f735466cecf":"f.5DB0E6D2BB4820C6A36F69CDDED9F1D7.d.9CD59E2FA18FD047C190214778F6B958.e.23194","ELEMENT":"f.5DB0E6D2BB4820C6A36F69CDDED9F1D7.d.9CD59E2FA18FD047C190214778F6B958.e.23194"}]}
RESULT: {"script":"<script> [56 bytes]","args":[{"element-6066-11e4-a52e-4f735466cecf":"f.5DB0E6D2BB4820C6A36F69CDDED9F1D7.d.9CD59E2FA18FD047C190214778F6B958.e.23194","ELEMENT":"f.5DB0E6D2BB4820C6A36F69CDDED9F1D7.d.9CD59E2FA18FD047C190214778F6B958.e.23194"}]}
COMMAND: POST /session/9eab2abfb92109d83111f8a107828286/element - {"using":"xpath","value":"//table[contains(@id, \"application-managecontracts-display-component---BillingItem--billingList-listUl\")]//td//*[contains(text(), \"partial billed\")]"}
COMMAND: GET /session/9eab2abfb92109d83111f8a107828286/screenshot - {}
RESULT: {"using":"xpath","value":"//table[contains(@id, \"application-managecontracts-display-component---BillingItem--billingList-listUl\")]//td//*[contains(text(), \"partial billed\")]"}
COMMAND: POST /session/9eab2abfb92109d83111f8a107828286/execute/sync - {"script":"<script> [56 bytes]","args":[{"element-6066-11e4-a52e-4f735466cecf":"f.5DB0E6D2BB4820C6A36F69CDDED9F1D7.d.9CD59E2FA18FD047C190214778F6B958.e.23195","ELEMENT":"f.5DB0E6D2BB4820C6A36F69CDDED9F1D7.d.9CD59E2FA18FD047C190214778F6B958.e.23195"}]}
RESULT: {}
RESULT: {"script":"<script> [56 bytes]","args":[{"element-6066-11e4-a52e-4f735466cecf":"f.5DB0E6D2BB4820C6A36F69CDDED9F1D7.d.9CD59E2FA18FD047C190214778F6B958.e.23195","ELEMENT":"f.5DB0E6D2BB4820C6A36F69CDDED9F1D7.d.9CD59E2FA18FD047C190214778F6B958.e.23195"}]}
COMMAND: POST /session/9eab2abfb92109d83111f8a107828286/element - {"using":"css selector","value":"#shell-header-logo"}
COMMAND: GET /session/9eab2abfb92109d83111f8a107828286/screenshot - {}
RESULT: {"using":"css selector","value":"#shell-header-logo"}
COMMAND: POST /session/9eab2abfb92109d83111f8a107828286/element/f.5DB0E6D2BB4820C6A36F69CDDED9F1D7.d.9CD59E2FA18FD047C190214778F6B958.e.22770/click - {}
RESULT: {}
RESULT: {}
COMMAND: GET /session/9eab2abfb92109d83111f8a107828286/screenshot - {}
RESULT: {}
]]></system-out>
    </testcase>
    <testcase classname="chrome.136_0_7103_93.windows.Billing_Calculation_-_Time_based_(considering_transport_times)_US139738" name="Should do a handover return 2 step 7 days after provide or 14 days from today receive it in 21 days" time="191.882">
      <system-out><![CDATA[
RESULT: undefined
COMMAND: POST /session/9eab2abfb92109d83111f8a107828286/element - {"using":"xpath","value":"//*[@id=\"__tile132\"]"}
RESULT: {"using":"xpath","value":"//*[@id=\"__tile132\"]"}
COMMAND: POST /session/9eab2abfb92109d83111f8a107828286/element/f.5DB0E6D2BB4820C6A36F69CDDED9F1D7.d.9CD59E2FA18FD047C190214778F6B958.e.18580/click - {}
RESULT: {}
COMMAND: GET /session/9eab2abfb92109d83111f8a107828286/screenshot - {}
RESULT: {}
COMMAND: POST /session/9eab2abfb92109d83111f8a107828286/elements - {"using":"xpath","value":"//span[text()='Error']"}
RESULT: {"using":"xpath","value":"//span[text()='Error']"}
COMMAND: POST /session/9eab2abfb92109d83111f8a107828286/element - {"using":"xpath","value":"//button[@data-kt=\"addButton\"]"}
RESULT: {"using":"xpath","value":"//button[@data-kt=\"addButton\"]"}
COMMAND: POST /session/9eab2abfb92109d83111f8a107828286/elements - {"using":"xpath","value":"//button[@data-kt=\"addButton\"]"}
RESULT: {"using":"xpath","value":"//button[@data-kt=\"addButton\"]"}
COMMAND: POST /session/9eab2abfb92109d83111f8a107828286/execute/sync - {"script":"<script> [8489 bytes]","args":[{"element-6066-11e4-a52e-4f735466cecf":"f.5DB0E6D2BB4820C6A36F69CDDED9F1D7.d.9CD59E2FA18FD047C190214778F6B958.e.23243","ELEMENT":"f.5DB0E6D2BB4820C6A36F69CDDED9F1D7.d.9CD59E2FA18FD047C190214778F6B958.e.23243"}]}
RESULT: {"script":"<script> [8489 bytes]","args":[{"element-6066-11e4-a52e-4f735466cecf":"f.5DB0E6D2BB4820C6A36F69CDDED9F1D7.d.9CD59E2FA18FD047C190214778F6B958.e.23243","ELEMENT":"f.5DB0E6D2BB4820C6A36F69CDDED9F1D7.d.9CD59E2FA18FD047C190214778F6B958.e.23243"}]}
COMMAND: GET /session/9eab2abfb92109d83111f8a107828286/element/f.5DB0E6D2BB4820C6A36F69CDDED9F1D7.d.9CD59E2FA18FD047C190214778F6B958.e.23243/enabled - {}
COMMAND: GET /session/9eab2abfb92109d83111f8a107828286/screenshot - {}
RESULT: {}
COMMAND: POST /session/9eab2abfb92109d83111f8a107828286/execute/sync - {"script":"<script> [8489 bytes]","args":[{"element-6066-11e4-a52e-4f735466cecf":"f.5DB0E6D2BB4820C6A36F69CDDED9F1D7.d.9CD59E2FA18FD047C190214778F6B958.e.23243","ELEMENT":"f.5DB0E6D2BB4820C6A36F69CDDED9F1D7.d.9CD59E2FA18FD047C190214778F6B958.e.23243"}]}
COMMAND: GET /session/9eab2abfb92109d83111f8a107828286/screenshot - {}
RESULT: {}
RESULT: {"script":"<script> [8489 bytes]","args":[{"element-6066-11e4-a52e-4f735466cecf":"f.5DB0E6D2BB4820C6A36F69CDDED9F1D7.d.9CD59E2FA18FD047C190214778F6B958.e.23243","ELEMENT":"f.5DB0E6D2BB4820C6A36F69CDDED9F1D7.d.9CD59E2FA18FD047C190214778F6B958.e.23243"}]}
COMMAND: POST /session/9eab2abfb92109d83111f8a107828286/execute/sync - {"script":"<script> [5351 bytes]","args":[{"element-6066-11e4-a52e-4f735466cecf":"f.5DB0E6D2BB4820C6A36F69CDDED9F1D7.d.9CD59E2FA18FD047C190214778F6B958.e.23243","ELEMENT":"f.5DB0E6D2BB4820C6A36F69CDDED9F1D7.d.9CD59E2FA18FD047C190214778F6B958.e.23243"}]}
COMMAND: GET /session/9eab2abfb92109d83111f8a107828286/screenshot - {}
RESULT: {}
RESULT: {"script":"<script> [5351 bytes]","args":[{"element-6066-11e4-a52e-4f735466cecf":"f.5DB0E6D2BB4820C6A36F69CDDED9F1D7.d.9CD59E2FA18FD047C190214778F6B958.e.23243","ELEMENT":"f.5DB0E6D2BB4820C6A36F69CDDED9F1D7.d.9CD59E2FA18FD047C190214778F6B958.e.23243"}]}
COMMAND: GET /session/9eab2abfb92109d83111f8a107828286/screenshot - {}
RESULT: {}
RESULT: {}
COMMAND: POST /session/9eab2abfb92109d83111f8a107828286/element - {"using":"xpath","value":"//input[contains(@id ,\"smartContractFilterBar-btnBasicSearch-I\")]"}
RESULT: {"using":"xpath","value":"//input[contains(@id ,\"smartContractFilterBar-btnBasicSearch-I\")]"}
COMMAND: POST /session/9eab2abfb92109d83111f8a107828286/elements - {"using":"xpath","value":"//input[contains(@id ,\"smartContractFilterBar-btnBasicSearch-I\")]"}
RESULT: {"using":"xpath","value":"//input[contains(@id ,\"smartContractFilterBar-btnBasicSearch-I\")]"}
COMMAND: POST /session/9eab2abfb92109d83111f8a107828286/execute/sync - {"script":"<script> [8489 bytes]","args":[{"element-6066-11e4-a52e-4f735466cecf":"f.5DB0E6D2BB4820C6A36F69CDDED9F1D7.d.9CD59E2FA18FD047C190214778F6B958.e.23207","ELEMENT":"f.5DB0E6D2BB4820C6A36F69CDDED9F1D7.d.9CD59E2FA18FD047C190214778F6B958.e.23207"}]}
RESULT: {"script":"<script> [8489 bytes]","args":[{"element-6066-11e4-a52e-4f735466cecf":"f.5DB0E6D2BB4820C6A36F69CDDED9F1D7.d.9CD59E2FA18FD047C190214778F6B958.e.23207","ELEMENT":"f.5DB0E6D2BB4820C6A36F69CDDED9F1D7.d.9CD59E2FA18FD047C190214778F6B958.e.23207"}]}
COMMAND: GET /session/9eab2abfb92109d83111f8a107828286/element/f.5DB0E6D2BB4820C6A36F69CDDED9F1D7.d.9CD59E2FA18FD047C190214778F6B958.e.23207/enabled - {}
COMMAND: GET /session/9eab2abfb92109d83111f8a107828286/screenshot - {}
RESULT: {}
COMMAND: POST /session/9eab2abfb92109d83111f8a107828286/element/f.5DB0E6D2BB4820C6A36F69CDDED9F1D7.d.9CD59E2FA18FD047C190214778F6B958.e.23207/clear - {}
COMMAND: GET /session/9eab2abfb92109d83111f8a107828286/screenshot - {}
RESULT: {}
RESULT: {}
COMMAND: POST /session/9eab2abfb92109d83111f8a107828286/element/f.5DB0E6D2BB4820C6A36F69CDDED9F1D7.d.9CD59E2FA18FD047C190214778F6B958.e.23207/value - {"text":"10326"}
COMMAND: GET /session/9eab2abfb92109d83111f8a107828286/screenshot - {}
RESULT: {}
RESULT: {"text":"10326"}
COMMAND: GET /session/9eab2abfb92109d83111f8a107828286/screenshot - {}
RESULT: {}
RESULT: {}
COMMAND: POST /session/9eab2abfb92109d83111f8a107828286/actions - {"actions":[{"id":"action87","type":"key","parameters":{},"actions":[{"type":"keyDown","value":""},{"type":"pause","duration":10},{"type":"keyUp","value":""}]}]}
RESULT: {"actions":[{"id":"action87","type":"key","parameters":{},"actions":[{"type":"keyDown","value":""},{"type":"pause","duration":10},{"type":"keyUp","value":""}]}]}
COMMAND: GET /session/9eab2abfb92109d83111f8a107828286/screenshot - {}
RESULT: {}
COMMAND: POST /session/9eab2abfb92109d83111f8a107828286/element - {"using":"xpath","value":"//span[contains(@id, \"masterListContractsSmartTable-header-inner\")]"}
RESULT: {"using":"xpath","value":"//span[contains(@id, \"masterListContractsSmartTable-header-inner\")]"}
COMMAND: POST /session/9eab2abfb92109d83111f8a107828286/elements - {"using":"xpath","value":"//span[contains(@id, \"masterListContractsSmartTable-header-inner\")]"}
RESULT: {"using":"xpath","value":"//span[contains(@id, \"masterListContractsSmartTable-header-inner\")]"}
COMMAND: POST /session/9eab2abfb92109d83111f8a107828286/execute/sync - {"script":"<script> [56 bytes]","args":[{"element-6066-11e4-a52e-4f735466cecf":"f.5DB0E6D2BB4820C6A36F69CDDED9F1D7.d.9CD59E2FA18FD047C190214778F6B958.e.23309","ELEMENT":"f.5DB0E6D2BB4820C6A36F69CDDED9F1D7.d.9CD59E2FA18FD047C190214778F6B958.e.23309"}]}
RESULT: {"script":"<script> [56 bytes]","args":[{"element-6066-11e4-a52e-4f735466cecf":"f.5DB0E6D2BB4820C6A36F69CDDED9F1D7.d.9CD59E2FA18FD047C190214778F6B958.e.23309","ELEMENT":"f.5DB0E6D2BB4820C6A36F69CDDED9F1D7.d.9CD59E2FA18FD047C190214778F6B958.e.23309"}]}
COMMAND: POST /session/9eab2abfb92109d83111f8a107828286/element - {"using":"xpath","value":"(//span[contains(@id, \"imgNav\")])[1]"}
COMMAND: GET /session/9eab2abfb92109d83111f8a107828286/screenshot - {}
RESULT: {"using":"xpath","value":"(//span[contains(@id, \"imgNav\")])[1]"}
COMMAND: POST /session/9eab2abfb92109d83111f8a107828286/element/f.5DB0E6D2BB4820C6A36F69CDDED9F1D7.d.9CD59E2FA18FD047C190214778F6B958.e.23307/click - {}
RESULT: {}
RESULT: {}
COMMAND: GET /session/9eab2abfb92109d83111f8a107828286/screenshot - {}
RESULT: {}
COMMAND: POST /session/9eab2abfb92109d83111f8a107828286/element - {"using":"xpath","value":"//button[contains(@id, \"contractDetailReturnButton\")]"}
RESULT: {"using":"xpath","value":"//button[contains(@id, \"contractDetailReturnButton\")]"}
COMMAND: POST /session/9eab2abfb92109d83111f8a107828286/element/f.5DB0E6D2BB4820C6A36F69CDDED9F1D7.d.9CD59E2FA18FD047C190214778F6B958.e.23384/click - {}
RESULT: {}
COMMAND: GET /session/9eab2abfb92109d83111f8a107828286/screenshot - {}
RESULT: {}
RESULT: undefined
COMMAND: POST /session/9eab2abfb92109d83111f8a107828286/execute/async - {"script":"<script> [776 bytes]","args":[{"enterText":"6/10/25","selector":{"id":"application-managehandovers-display-component---AddNewHO--dueDate","interaction":{"idSuffix":"inner"}},"clearTextFirst":true,"interactionType":"ENTER_TEXT"}]}
RESULT: {"script":"<script> [776 bytes]","args":[{"enterText":"6/10/25","selector":{"id":"application-managehandovers-display-component---AddNewHO--dueDate","interaction":{"idSuffix":"inner"}},"clearTextFirst":true,"interactionType":"ENTER_TEXT"}]}
COMMAND: POST /session/9eab2abfb92109d83111f8a107828286/element - {"using":"xpath","value":"//bdi[contains(text(), \"Instructions\")]"}
RESULT: {"using":"xpath","value":"//bdi[contains(text(), \"Instructions\")]"}
COMMAND: POST /session/9eab2abfb92109d83111f8a107828286/element/f.5DB0E6D2BB4820C6A36F69CDDED9F1D7.d.9CD59E2FA18FD047C190214778F6B958.e.23792/click - {}
RESULT: {}
COMMAND: GET /session/9eab2abfb92109d83111f8a107828286/screenshot - {}
RESULT: {}
COMMAND: POST /session/9eab2abfb92109d83111f8a107828286/element - {"using":"xpath","value":"//button[@data-kt=\"AddNewHOProvideAddItemsButton\"]"}
RESULT: {"using":"xpath","value":"//button[@data-kt=\"AddNewHOProvideAddItemsButton\"]"}
COMMAND: POST /session/9eab2abfb92109d83111f8a107828286/element/f.5DB0E6D2BB4820C6A36F69CDDED9F1D7.d.9CD59E2FA18FD047C190214778F6B958.e.23796/click - {}
RESULT: {}
COMMAND: GET /session/9eab2abfb92109d83111f8a107828286/screenshot - {}
RESULT: {}
RESULT: undefined
COMMAND: POST /session/9eab2abfb92109d83111f8a107828286/element - {"using":"xpath","value":"//*[@id=\"application-managehandovers-display-component---AddNewHO--popup-sa\"]"}
RESULT: {"using":"xpath","value":"//*[@id=\"application-managehandovers-display-component---AddNewHO--popup-sa\"]"}
COMMAND: POST /session/9eab2abfb92109d83111f8a107828286/element/f.5DB0E6D2BB4820C6A36F69CDDED9F1D7.d.9CD59E2FA18FD047C190214778F6B958.e.23806/click - {}
RESULT: {}
COMMAND: GET /session/9eab2abfb92109d83111f8a107828286/screenshot - {}
RESULT: {}
COMMAND: POST /session/9eab2abfb92109d83111f8a107828286/element - {"using":"xpath","value":"//*[contains(@id ,\"BDI-content\")][contains(text(), \"Select\")]"}
RESULT: {"using":"xpath","value":"//*[contains(@id ,\"BDI-content\")][contains(text(), \"Select\")]"}
COMMAND: POST /session/9eab2abfb92109d83111f8a107828286/element/f.5DB0E6D2BB4820C6A36F69CDDED9F1D7.d.9CD59E2FA18FD047C190214778F6B958.e.23807/click - {}
RESULT: {}
COMMAND: GET /session/9eab2abfb92109d83111f8a107828286/screenshot - {}
RESULT: {}
COMMAND: POST /session/9eab2abfb92109d83111f8a107828286/element - {"using":"xpath","value":"(//div[contains(@id, \"application-managehandovers-display-component---AddNewHO--oneStep-CbBg\")])"}
RESULT: {"using":"xpath","value":"(//div[contains(@id, \"application-managehandovers-display-component---AddNewHO--oneStep-CbBg\")])"}
COMMAND: POST /session/9eab2abfb92109d83111f8a107828286/element/f.5DB0E6D2BB4820C6A36F69CDDED9F1D7.d.9CD59E2FA18FD047C190214778F6B958.e.23815/click - {}
RESULT: {}
RESULT: undefined
COMMAND: POST /session/9eab2abfb92109d83111f8a107828286/element - {"using":"xpath","value":"//*[@id=\"application-managehandovers-display-component---AddNewHO--confirmCreationButton\"]"}
COMMAND: GET /session/9eab2abfb92109d83111f8a107828286/screenshot - {}
RESULT: {"using":"xpath","value":"//*[@id=\"application-managehandovers-display-component---AddNewHO--confirmCreationButton\"]"}
COMMAND: POST /session/9eab2abfb92109d83111f8a107828286/element/f.5DB0E6D2BB4820C6A36F69CDDED9F1D7.d.9CD59E2FA18FD047C190214778F6B958.e.23602/click - {}
RESULT: {}
RESULT: {}
COMMAND: GET /session/9eab2abfb92109d83111f8a107828286/screenshot - {}
RESULT: {}
RESULT: undefined
COMMAND: POST /session/9eab2abfb92109d83111f8a107828286/execute/async - {"script":"<script> [776 bytes]","args":[{"enterText":"6/10/25","selector":{"id":"issueDatePicker","viewName":"etm.portal.ui.managehandovers.view.DetailExecuteHO","interaction":{"idSuffix":"inner"}},"clearTextFirst":true,"interactionType":"ENTER_TEXT"}]}
RESULT: {"script":"<script> [776 bytes]","args":[{"enterText":"6/10/25","selector":{"id":"issueDatePicker","viewName":"etm.portal.ui.managehandovers.view.DetailExecuteHO","interaction":{"idSuffix":"inner"}},"clearTextFirst":true,"interactionType":"ENTER_TEXT"}]}
COMMAND: POST /session/9eab2abfb92109d83111f8a107828286/element - {"using":"xpath","value":"//button[@data-kt=\"PickingTableConfirmAllButton\"]"}
RESULT: {"using":"xpath","value":"//button[@data-kt=\"PickingTableConfirmAllButton\"]"}
COMMAND: POST /session/9eab2abfb92109d83111f8a107828286/element/f.5DB0E6D2BB4820C6A36F69CDDED9F1D7.d.9CD59E2FA18FD047C190214778F6B958.e.23869/click - {}
RESULT: {}
COMMAND: GET /session/9eab2abfb92109d83111f8a107828286/screenshot - {}
RESULT: {}
COMMAND: POST /session/9eab2abfb92109d83111f8a107828286/element - {"using":"xpath","value":"//bdi[contains(text(), \"OK\")]"}
RESULT: {"using":"xpath","value":"//bdi[contains(text(), \"OK\")]"}
COMMAND: POST /session/9eab2abfb92109d83111f8a107828286/element/f.5DB0E6D2BB4820C6A36F69CDDED9F1D7.d.9CD59E2FA18FD047C190214778F6B958.e.23873/click - {}
RESULT: {}
COMMAND: GET /session/9eab2abfb92109d83111f8a107828286/screenshot - {}
RESULT: {}
COMMAND: POST /session/9eab2abfb92109d83111f8a107828286/element - {"using":"xpath","value":"//button[@data-kt=\"execHoPickButton\"]"}
RESULT: {"using":"xpath","value":"//button[@data-kt=\"execHoPickButton\"]"}
COMMAND: POST /session/9eab2abfb92109d83111f8a107828286/element/f.5DB0E6D2BB4820C6A36F69CDDED9F1D7.d.9CD59E2FA18FD047C190214778F6B958.e.23874/click - {}
RESULT: {}
COMMAND: GET /session/9eab2abfb92109d83111f8a107828286/screenshot - {}
RESULT: {}
COMMAND: POST /session/9eab2abfb92109d83111f8a107828286/element - {"using":"xpath","value":"//span[contains(@id ,\"filterItemControl_BASIC-SEND_CONTRACT-vhi\")]"}
RESULT: {"using":"xpath","value":"//span[contains(@id ,\"filterItemControl_BASIC-SEND_CONTRACT-vhi\")]"}
COMMAND: POST /session/9eab2abfb92109d83111f8a107828286/element/f.5DB0E6D2BB4820C6A36F69CDDED9F1D7.d.9CD59E2FA18FD047C190214778F6B958.e.24161/click - {}
RESULT: {}
COMMAND: GET /session/9eab2abfb92109d83111f8a107828286/screenshot - {}
RESULT: {}
RESULT: undefined
COMMAND: POST /session/9eab2abfb92109d83111f8a107828286/execute/async - {"script":"<script> [776 bytes]","args":[{"enterText":"10326","selector":{"controlType":"sap.m.SearchField","viewName":"etm.portal.ui.managehandovers.view.MasterHO","bindingPath":{"path":"","propertyPath":"/_BASIC_SEARCH_FIELD","modelName":"fi1t3rM0d31"},"searchOpenDialogs":true,"interaction":{"idSuffix":"I"}},"clearTextFirst":true,"interactionType":"ENTER_TEXT"}]}
RESULT: {"script":"<script> [776 bytes]","args":[{"enterText":"10326","selector":{"controlType":"sap.m.SearchField","viewName":"etm.portal.ui.managehandovers.view.MasterHO","bindingPath":{"path":"","propertyPath":"/_BASIC_SEARCH_FIELD","modelName":"fi1t3rM0d31"},"searchOpenDialogs":true,"interaction":{"idSuffix":"I"}},"clearTextFirst":true,"interactionType":"ENTER_TEXT"}]}
COMMAND: POST /session/9eab2abfb92109d83111f8a107828286/actions - {"actions":[{"id":"action88","type":"key","parameters":{},"actions":[{"type":"keyDown","value":""},{"type":"pause","duration":10},{"type":"keyUp","value":""}]}]}
RESULT: {"actions":[{"id":"action88","type":"key","parameters":{},"actions":[{"type":"keyDown","value":""},{"type":"pause","duration":10},{"type":"keyUp","value":""}]}]}
COMMAND: GET /session/9eab2abfb92109d83111f8a107828286/screenshot - {}
RESULT: {}
COMMAND: POST /session/9eab2abfb92109d83111f8a107828286/element - {"using":"xpath","value":"//div[contains(@id, 'filterItemControl_BASIC-SEND_CONTRACT-valueHelpDialog-table-rowsel0')]"}
RESULT: {"using":"xpath","value":"//div[contains(@id, 'filterItemControl_BASIC-SEND_CONTRACT-valueHelpDialog-table-rowsel0')]"}
COMMAND: POST /session/9eab2abfb92109d83111f8a107828286/element/f.5DB0E6D2BB4820C6A36F69CDDED9F1D7.d.9CD59E2FA18FD047C190214778F6B958.e.24169/click - {}
RESULT: {}
COMMAND: GET /session/9eab2abfb92109d83111f8a107828286/screenshot - {}
RESULT: {}
COMMAND: POST /session/9eab2abfb92109d83111f8a107828286/element - {"using":"xpath","value":"//bdi[contains(text(), \"OK\")]"}
RESULT: {"using":"xpath","value":"//bdi[contains(text(), \"OK\")]"}
COMMAND: POST /session/9eab2abfb92109d83111f8a107828286/element/f.5DB0E6D2BB4820C6A36F69CDDED9F1D7.d.9CD59E2FA18FD047C190214778F6B958.e.24171/click - {}
RESULT: {}
COMMAND: GET /session/9eab2abfb92109d83111f8a107828286/screenshot - {}
RESULT: {}
COMMAND: POST /session/9eab2abfb92109d83111f8a107828286/element - {"using":"xpath","value":"//span[contains(@id, \"smartTable-header-inner\")]"}
RESULT: {"using":"xpath","value":"//span[contains(@id, \"smartTable-header-inner\")]"}
COMMAND: POST /session/9eab2abfb92109d83111f8a107828286/elements - {"using":"xpath","value":"//span[contains(@id, \"smartTable-header-inner\")]"}
RESULT: {"using":"xpath","value":"//span[contains(@id, \"smartTable-header-inner\")]"}
COMMAND: POST /session/9eab2abfb92109d83111f8a107828286/execute/sync - {"script":"<script> [56 bytes]","args":[{"element-6066-11e4-a52e-4f735466cecf":"f.5DB0E6D2BB4820C6A36F69CDDED9F1D7.d.9CD59E2FA18FD047C190214778F6B958.e.24200","ELEMENT":"f.5DB0E6D2BB4820C6A36F69CDDED9F1D7.d.9CD59E2FA18FD047C190214778F6B958.e.24200"}]}
RESULT: {"script":"<script> [56 bytes]","args":[{"element-6066-11e4-a52e-4f735466cecf":"f.5DB0E6D2BB4820C6A36F69CDDED9F1D7.d.9CD59E2FA18FD047C190214778F6B958.e.24200","ELEMENT":"f.5DB0E6D2BB4820C6A36F69CDDED9F1D7.d.9CD59E2FA18FD047C190214778F6B958.e.24200"}]}
COMMAND: POST /session/9eab2abfb92109d83111f8a107828286/element - {"using":"xpath","value":"//table[contains(@id, \"customHandovers\")]//tbody/tr[1]/td[2]/span"}
COMMAND: GET /session/9eab2abfb92109d83111f8a107828286/screenshot - {}
RESULT: {"using":"xpath","value":"//table[contains(@id, \"customHandovers\")]//tbody/tr[1]/td[2]/span"}
COMMAND: POST /session/9eab2abfb92109d83111f8a107828286/execute/sync - {"script":"<script> [56 bytes]","args":[{"element-6066-11e4-a52e-4f735466cecf":"f.5DB0E6D2BB4820C6A36F69CDDED9F1D7.d.9CD59E2FA18FD047C190214778F6B958.e.24201","ELEMENT":"f.5DB0E6D2BB4820C6A36F69CDDED9F1D7.d.9CD59E2FA18FD047C190214778F6B958.e.24201"}]}
RESULT: {}
RESULT: {"script":"<script> [56 bytes]","args":[{"element-6066-11e4-a52e-4f735466cecf":"f.5DB0E6D2BB4820C6A36F69CDDED9F1D7.d.9CD59E2FA18FD047C190214778F6B958.e.24201","ELEMENT":"f.5DB0E6D2BB4820C6A36F69CDDED9F1D7.d.9CD59E2FA18FD047C190214778F6B958.e.24201"}]}
COMMAND: POST /session/9eab2abfb92109d83111f8a107828286/element - {"using":"xpath","value":"(//span[contains(@id, \"imgNav\")])[1]"}
COMMAND: GET /session/9eab2abfb92109d83111f8a107828286/screenshot - {}
RESULT: {"using":"xpath","value":"(//span[contains(@id, \"imgNav\")])[1]"}
COMMAND: POST /session/9eab2abfb92109d83111f8a107828286/element/f.5DB0E6D2BB4820C6A36F69CDDED9F1D7.d.9CD59E2FA18FD047C190214778F6B958.e.24197/click - {}
RESULT: {}
RESULT: {}
COMMAND: GET /session/9eab2abfb92109d83111f8a107828286/screenshot - {}
RESULT: {}
RESULT: undefined
COMMAND: POST /session/9eab2abfb92109d83111f8a107828286/execute/async - {"script":"<script> [776 bytes]","args":[{"enterText":"6/10/25","selector":{"id":"issueDatePicker","viewName":"etm.portal.ui.managehandovers.view.DetailExecuteHO","interaction":{"idSuffix":"inner"}},"clearTextFirst":true,"interactionType":"ENTER_TEXT"}]}
RESULT: {"script":"<script> [776 bytes]","args":[{"enterText":"6/10/25","selector":{"id":"issueDatePicker","viewName":"etm.portal.ui.managehandovers.view.DetailExecuteHO","interaction":{"idSuffix":"inner"}},"clearTextFirst":true,"interactionType":"ENTER_TEXT"}]}
COMMAND: POST /session/9eab2abfb92109d83111f8a107828286/element - {"using":"xpath","value":"//button[@data-kt=\"IssuingTableConfirmAllButton\"]"}
RESULT: {"using":"xpath","value":"//button[@data-kt=\"IssuingTableConfirmAllButton\"]"}
COMMAND: POST /session/9eab2abfb92109d83111f8a107828286/element/f.5DB0E6D2BB4820C6A36F69CDDED9F1D7.d.9CD59E2FA18FD047C190214778F6B958.e.24242/click - {}
RESULT: {}
COMMAND: GET /session/9eab2abfb92109d83111f8a107828286/screenshot - {}
RESULT: {}
COMMAND: POST /session/9eab2abfb92109d83111f8a107828286/element - {"using":"xpath","value":"//bdi[contains(text(), \"OK\")]"}
RESULT: {"using":"xpath","value":"//bdi[contains(text(), \"OK\")]"}
COMMAND: POST /session/9eab2abfb92109d83111f8a107828286/element/f.5DB0E6D2BB4820C6A36F69CDDED9F1D7.d.9CD59E2FA18FD047C190214778F6B958.e.24261/click - {}
RESULT: {}
COMMAND: GET /session/9eab2abfb92109d83111f8a107828286/screenshot - {}
RESULT: {}
COMMAND: POST /session/9eab2abfb92109d83111f8a107828286/element - {"using":"xpath","value":"//button[@data-kt=\"execHoIssueButton\"]"}
RESULT: {"using":"xpath","value":"//button[@data-kt=\"execHoIssueButton\"]"}
COMMAND: POST /session/9eab2abfb92109d83111f8a107828286/element/f.5DB0E6D2BB4820C6A36F69CDDED9F1D7.d.9CD59E2FA18FD047C190214778F6B958.e.24262/click - {}
RESULT: {}
COMMAND: GET /session/9eab2abfb92109d83111f8a107828286/screenshot - {}
RESULT: {}
COMMAND: POST /session/9eab2abfb92109d83111f8a107828286/element - {"using":"xpath","value":"//input[contains(@id ,\"smartFilterBar-btnBasicSearch-I\")]"}
RESULT: {"using":"xpath","value":"//input[contains(@id ,\"smartFilterBar-btnBasicSearch-I\")]"}
COMMAND: POST /session/9eab2abfb92109d83111f8a107828286/elements - {"using":"xpath","value":"//input[contains(@id ,\"smartFilterBar-btnBasicSearch-I\")]"}
RESULT: {"using":"xpath","value":"//input[contains(@id ,\"smartFilterBar-btnBasicSearch-I\")]"}
COMMAND: POST /session/9eab2abfb92109d83111f8a107828286/execute/sync - {"script":"<script> [8489 bytes]","args":[{"element-6066-11e4-a52e-4f735466cecf":"f.5DB0E6D2BB4820C6A36F69CDDED9F1D7.d.9CD59E2FA18FD047C190214778F6B958.e.23614","ELEMENT":"f.5DB0E6D2BB4820C6A36F69CDDED9F1D7.d.9CD59E2FA18FD047C190214778F6B958.e.23614"}]}
RESULT: {"script":"<script> [8489 bytes]","args":[{"element-6066-11e4-a52e-4f735466cecf":"f.5DB0E6D2BB4820C6A36F69CDDED9F1D7.d.9CD59E2FA18FD047C190214778F6B958.e.23614","ELEMENT":"f.5DB0E6D2BB4820C6A36F69CDDED9F1D7.d.9CD59E2FA18FD047C190214778F6B958.e.23614"}]}
COMMAND: GET /session/9eab2abfb92109d83111f8a107828286/element/f.5DB0E6D2BB4820C6A36F69CDDED9F1D7.d.9CD59E2FA18FD047C190214778F6B958.e.23614/enabled - {}
COMMAND: GET /session/9eab2abfb92109d83111f8a107828286/screenshot - {}
RESULT: {}
COMMAND: POST /session/9eab2abfb92109d83111f8a107828286/element/f.5DB0E6D2BB4820C6A36F69CDDED9F1D7.d.9CD59E2FA18FD047C190214778F6B958.e.23614/clear - {}
COMMAND: GET /session/9eab2abfb92109d83111f8a107828286/screenshot - {}
RESULT: {}
RESULT: {}
COMMAND: POST /session/9eab2abfb92109d83111f8a107828286/element/f.5DB0E6D2BB4820C6A36F69CDDED9F1D7.d.9CD59E2FA18FD047C190214778F6B958.e.23614/value - {"text":"30709"}
COMMAND: GET /session/9eab2abfb92109d83111f8a107828286/screenshot - {}
RESULT: {}
RESULT: {"text":"30709"}
COMMAND: GET /session/9eab2abfb92109d83111f8a107828286/screenshot - {}
RESULT: {}
RESULT: {}
COMMAND: POST /session/9eab2abfb92109d83111f8a107828286/actions - {"actions":[{"id":"action89","type":"key","parameters":{},"actions":[{"type":"keyDown","value":""},{"type":"pause","duration":10},{"type":"keyUp","value":""}]}]}
RESULT: {"actions":[{"id":"action89","type":"key","parameters":{},"actions":[{"type":"keyDown","value":""},{"type":"pause","duration":10},{"type":"keyUp","value":""}]}]}
COMMAND: GET /session/9eab2abfb92109d83111f8a107828286/screenshot - {}
RESULT: {}
COMMAND: POST /session/9eab2abfb92109d83111f8a107828286/element - {"using":"xpath","value":"//span[contains(@id, \"smartTable-header-inner\")]"}
RESULT: {"using":"xpath","value":"//span[contains(@id, \"smartTable-header-inner\")]"}
COMMAND: POST /session/9eab2abfb92109d83111f8a107828286/elements - {"using":"xpath","value":"//span[contains(@id, \"smartTable-header-inner\")]"}
RESULT: {"using":"xpath","value":"//span[contains(@id, \"smartTable-header-inner\")]"}
COMMAND: POST /session/9eab2abfb92109d83111f8a107828286/execute/sync - {"script":"<script> [56 bytes]","args":[{"element-6066-11e4-a52e-4f735466cecf":"f.5DB0E6D2BB4820C6A36F69CDDED9F1D7.d.9CD59E2FA18FD047C190214778F6B958.e.24200","ELEMENT":"f.5DB0E6D2BB4820C6A36F69CDDED9F1D7.d.9CD59E2FA18FD047C190214778F6B958.e.24200"}]}
RESULT: {"script":"<script> [56 bytes]","args":[{"element-6066-11e4-a52e-4f735466cecf":"f.5DB0E6D2BB4820C6A36F69CDDED9F1D7.d.9CD59E2FA18FD047C190214778F6B958.e.24200","ELEMENT":"f.5DB0E6D2BB4820C6A36F69CDDED9F1D7.d.9CD59E2FA18FD047C190214778F6B958.e.24200"}]}
COMMAND: POST /session/9eab2abfb92109d83111f8a107828286/elements - {"using":"xpath","value":"//thead[contains(@class, \"sapMTableTH\")]/tr/th"}
COMMAND: GET /session/9eab2abfb92109d83111f8a107828286/screenshot - {}
RESULT: {"using":"xpath","value":"//thead[contains(@class, \"sapMTableTH\")]/tr/th"}
COMMAND: GET /session/9eab2abfb92109d83111f8a107828286/element/f.5DB0E6D2BB4820C6A36F69CDDED9F1D7.d.9CD59E2FA18FD047C190214778F6B958.e.24299/text - {}
RESULT: {}
RESULT: {}
COMMAND: GET /session/9eab2abfb92109d83111f8a107828286/element/f.5DB0E6D2BB4820C6A36F69CDDED9F1D7.d.9CD59E2FA18FD047C190214778F6B958.e.24300/text - {}
RESULT: {}
COMMAND: GET /session/9eab2abfb92109d83111f8a107828286/element/f.5DB0E6D2BB4820C6A36F69CDDED9F1D7.d.9CD59E2FA18FD047C190214778F6B958.e.23565/text - {}
RESULT: {}
COMMAND: GET /session/9eab2abfb92109d83111f8a107828286/element/f.5DB0E6D2BB4820C6A36F69CDDED9F1D7.d.9CD59E2FA18FD047C190214778F6B958.e.23567/text - {}
RESULT: {}
COMMAND: GET /session/9eab2abfb92109d83111f8a107828286/element/f.5DB0E6D2BB4820C6A36F69CDDED9F1D7.d.9CD59E2FA18FD047C190214778F6B958.e.24267/text - {}
RESULT: {}
COMMAND: GET /session/9eab2abfb92109d83111f8a107828286/element/f.5DB0E6D2BB4820C6A36F69CDDED9F1D7.d.9CD59E2FA18FD047C190214778F6B958.e.24268/text - {}
RESULT: {}
COMMAND: GET /session/9eab2abfb92109d83111f8a107828286/element/f.5DB0E6D2BB4820C6A36F69CDDED9F1D7.d.9CD59E2FA18FD047C190214778F6B958.e.24269/text - {}
RESULT: {}
COMMAND: GET /session/9eab2abfb92109d83111f8a107828286/element/f.5DB0E6D2BB4820C6A36F69CDDED9F1D7.d.9CD59E2FA18FD047C190214778F6B958.e.24270/text - {}
RESULT: {}
COMMAND: GET /session/9eab2abfb92109d83111f8a107828286/element/f.5DB0E6D2BB4820C6A36F69CDDED9F1D7.d.9CD59E2FA18FD047C190214778F6B958.e.24271/text - {}
RESULT: {}
COMMAND: GET /session/9eab2abfb92109d83111f8a107828286/element/f.5DB0E6D2BB4820C6A36F69CDDED9F1D7.d.9CD59E2FA18FD047C190214778F6B958.e.24272/text - {}
RESULT: {}
COMMAND: GET /session/9eab2abfb92109d83111f8a107828286/element/f.5DB0E6D2BB4820C6A36F69CDDED9F1D7.d.9CD59E2FA18FD047C190214778F6B958.e.24273/text - {}
RESULT: {}
COMMAND: GET /session/9eab2abfb92109d83111f8a107828286/element/f.5DB0E6D2BB4820C6A36F69CDDED9F1D7.d.9CD59E2FA18FD047C190214778F6B958.e.24274/text - {}
RESULT: {}
COMMAND: GET /session/9eab2abfb92109d83111f8a107828286/element/f.5DB0E6D2BB4820C6A36F69CDDED9F1D7.d.9CD59E2FA18FD047C190214778F6B958.e.24275/text - {}
RESULT: {}
COMMAND: GET /session/9eab2abfb92109d83111f8a107828286/element/f.5DB0E6D2BB4820C6A36F69CDDED9F1D7.d.9CD59E2FA18FD047C190214778F6B958.e.23568/text - {}
RESULT: {}
COMMAND: POST /session/9eab2abfb92109d83111f8a107828286/element - {"using":"xpath","value":"//tbody[contains(@id, \"customHandoversTable-tblBody\")]/tr[1]/td[14]/div/span"}
RESULT: {"using":"xpath","value":"//tbody[contains(@id, \"customHandoversTable-tblBody\")]/tr[1]/td[14]/div/span"}
COMMAND: POST /session/9eab2abfb92109d83111f8a107828286/execute/sync - {"script":"<script> [56 bytes]","args":[{"element-6066-11e4-a52e-4f735466cecf":"f.5DB0E6D2BB4820C6A36F69CDDED9F1D7.d.9CD59E2FA18FD047C190214778F6B958.e.24349","ELEMENT":"f.5DB0E6D2BB4820C6A36F69CDDED9F1D7.d.9CD59E2FA18FD047C190214778F6B958.e.24349"}]}
RESULT: {"script":"<script> [56 bytes]","args":[{"element-6066-11e4-a52e-4f735466cecf":"f.5DB0E6D2BB4820C6A36F69CDDED9F1D7.d.9CD59E2FA18FD047C190214778F6B958.e.24349","ELEMENT":"f.5DB0E6D2BB4820C6A36F69CDDED9F1D7.d.9CD59E2FA18FD047C190214778F6B958.e.24349"}]}
COMMAND: POST /session/9eab2abfb92109d83111f8a107828286/element - {"using":"xpath","value":"(//span[contains(@id, \"imgNav\")])[1]"}
COMMAND: GET /session/9eab2abfb92109d83111f8a107828286/screenshot - {}
RESULT: {"using":"xpath","value":"(//span[contains(@id, \"imgNav\")])[1]"}
COMMAND: POST /session/9eab2abfb92109d83111f8a107828286/element/f.5DB0E6D2BB4820C6A36F69CDDED9F1D7.d.9CD59E2FA18FD047C190214778F6B958.e.24350/click - {}
RESULT: {}
RESULT: {}
COMMAND: GET /session/9eab2abfb92109d83111f8a107828286/screenshot - {}
RESULT: {}
RESULT: undefined
COMMAND: POST /session/9eab2abfb92109d83111f8a107828286/execute/async - {"script":"<script> [776 bytes]","args":[{"enterText":"6/17/25","selector":{"id":"receiptDatePicker","viewName":"etm.portal.ui.managehandovers.view.DetailExecuteHO","interaction":{"idSuffix":"inner"}},"clearTextFirst":true,"interactionType":"ENTER_TEXT"}]}
RESULT: {"script":"<script> [776 bytes]","args":[{"enterText":"6/17/25","selector":{"id":"receiptDatePicker","viewName":"etm.portal.ui.managehandovers.view.DetailExecuteHO","interaction":{"idSuffix":"inner"}},"clearTextFirst":true,"interactionType":"ENTER_TEXT"}]}
COMMAND: POST /session/9eab2abfb92109d83111f8a107828286/element - {"using":"xpath","value":"//bdi[contains(text(), \"OK\")]"}
RESULT: {"using":"xpath","value":"//bdi[contains(text(), \"OK\")]"}
COMMAND: POST /session/9eab2abfb92109d83111f8a107828286/element/f.5DB0E6D2BB4820C6A36F69CDDED9F1D7.d.9CD59E2FA18FD047C190214778F6B958.e.24389/click - {}
RESULT: {}
COMMAND: GET /session/9eab2abfb92109d83111f8a107828286/screenshot - {}
RESULT: {}
COMMAND: POST /session/9eab2abfb92109d83111f8a107828286/element - {"using":"xpath","value":"//button[@data-kt=\"ReceivingTableConfirmAllButton\"]"}
RESULT: {"using":"xpath","value":"//button[@data-kt=\"ReceivingTableConfirmAllButton\"]"}
COMMAND: POST /session/9eab2abfb92109d83111f8a107828286/element/f.5DB0E6D2BB4820C6A36F69CDDED9F1D7.d.9CD59E2FA18FD047C190214778F6B958.e.24373/click - {}
RESULT: {}
COMMAND: GET /session/9eab2abfb92109d83111f8a107828286/screenshot - {}
RESULT: {}
COMMAND: POST /session/9eab2abfb92109d83111f8a107828286/element - {"using":"xpath","value":"//bdi[contains(text(), \"OK\")]"}
RESULT: {"using":"xpath","value":"//bdi[contains(text(), \"OK\")]"}
COMMAND: POST /session/9eab2abfb92109d83111f8a107828286/element/f.5DB0E6D2BB4820C6A36F69CDDED9F1D7.d.9CD59E2FA18FD047C190214778F6B958.e.24404/click - {}
RESULT: {}
COMMAND: GET /session/9eab2abfb92109d83111f8a107828286/screenshot - {}
RESULT: {}
COMMAND: POST /session/9eab2abfb92109d83111f8a107828286/element - {"using":"xpath","value":"//button[@data-kt= \"execHoReceiveButton\"]"}
RESULT: {"using":"xpath","value":"//button[@data-kt= \"execHoReceiveButton\"]"}
COMMAND: POST /session/9eab2abfb92109d83111f8a107828286/element/f.5DB0E6D2BB4820C6A36F69CDDED9F1D7.d.9CD59E2FA18FD047C190214778F6B958.e.24405/click - {}
RESULT: {}
COMMAND: GET /session/9eab2abfb92109d83111f8a107828286/screenshot - {}
RESULT: {}
COMMAND: POST /session/9eab2abfb92109d83111f8a107828286/element - {"using":"xpath","value":"//input[contains(@id ,\"smartFilterBar-btnBasicSearch-I\")]"}
RESULT: {"using":"xpath","value":"//input[contains(@id ,\"smartFilterBar-btnBasicSearch-I\")]"}
COMMAND: POST /session/9eab2abfb92109d83111f8a107828286/elements - {"using":"xpath","value":"//input[contains(@id ,\"smartFilterBar-btnBasicSearch-I\")]"}
RESULT: {"using":"xpath","value":"//input[contains(@id ,\"smartFilterBar-btnBasicSearch-I\")]"}
COMMAND: POST /session/9eab2abfb92109d83111f8a107828286/execute/sync - {"script":"<script> [8489 bytes]","args":[{"element-6066-11e4-a52e-4f735466cecf":"f.5DB0E6D2BB4820C6A36F69CDDED9F1D7.d.9CD59E2FA18FD047C190214778F6B958.e.23614","ELEMENT":"f.5DB0E6D2BB4820C6A36F69CDDED9F1D7.d.9CD59E2FA18FD047C190214778F6B958.e.23614"}]}
RESULT: {"script":"<script> [8489 bytes]","args":[{"element-6066-11e4-a52e-4f735466cecf":"f.5DB0E6D2BB4820C6A36F69CDDED9F1D7.d.9CD59E2FA18FD047C190214778F6B958.e.23614","ELEMENT":"f.5DB0E6D2BB4820C6A36F69CDDED9F1D7.d.9CD59E2FA18FD047C190214778F6B958.e.23614"}]}
COMMAND: GET /session/9eab2abfb92109d83111f8a107828286/element/f.5DB0E6D2BB4820C6A36F69CDDED9F1D7.d.9CD59E2FA18FD047C190214778F6B958.e.23614/enabled - {}
COMMAND: GET /session/9eab2abfb92109d83111f8a107828286/screenshot - {}
RESULT: {}
COMMAND: POST /session/9eab2abfb92109d83111f8a107828286/element/f.5DB0E6D2BB4820C6A36F69CDDED9F1D7.d.9CD59E2FA18FD047C190214778F6B958.e.23614/clear - {}
COMMAND: GET /session/9eab2abfb92109d83111f8a107828286/screenshot - {}
RESULT: {}
RESULT: {}
COMMAND: POST /session/9eab2abfb92109d83111f8a107828286/element/f.5DB0E6D2BB4820C6A36F69CDDED9F1D7.d.9CD59E2FA18FD047C190214778F6B958.e.23614/value - {"text":"30709"}
COMMAND: GET /session/9eab2abfb92109d83111f8a107828286/screenshot - {}
RESULT: {}
RESULT: {"text":"30709"}
COMMAND: GET /session/9eab2abfb92109d83111f8a107828286/screenshot - {}
RESULT: {}
RESULT: {}
COMMAND: POST /session/9eab2abfb92109d83111f8a107828286/actions - {"actions":[{"id":"action90","type":"key","parameters":{},"actions":[{"type":"keyDown","value":""},{"type":"pause","duration":10},{"type":"keyUp","value":""}]}]}
RESULT: {"actions":[{"id":"action90","type":"key","parameters":{},"actions":[{"type":"keyDown","value":""},{"type":"pause","duration":10},{"type":"keyUp","value":""}]}]}
COMMAND: GET /session/9eab2abfb92109d83111f8a107828286/screenshot - {}
RESULT: {}
COMMAND: POST /session/9eab2abfb92109d83111f8a107828286/element - {"using":"xpath","value":"//span[contains(@id, \"smartTable-header-inner\")]"}
RESULT: {"using":"xpath","value":"//span[contains(@id, \"smartTable-header-inner\")]"}
COMMAND: POST /session/9eab2abfb92109d83111f8a107828286/elements - {"using":"xpath","value":"//span[contains(@id, \"smartTable-header-inner\")]"}
RESULT: {"using":"xpath","value":"//span[contains(@id, \"smartTable-header-inner\")]"}
COMMAND: POST /session/9eab2abfb92109d83111f8a107828286/execute/sync - {"script":"<script> [56 bytes]","args":[{"element-6066-11e4-a52e-4f735466cecf":"f.5DB0E6D2BB4820C6A36F69CDDED9F1D7.d.9CD59E2FA18FD047C190214778F6B958.e.24200","ELEMENT":"f.5DB0E6D2BB4820C6A36F69CDDED9F1D7.d.9CD59E2FA18FD047C190214778F6B958.e.24200"}]}
RESULT: {"script":"<script> [56 bytes]","args":[{"element-6066-11e4-a52e-4f735466cecf":"f.5DB0E6D2BB4820C6A36F69CDDED9F1D7.d.9CD59E2FA18FD047C190214778F6B958.e.24200","ELEMENT":"f.5DB0E6D2BB4820C6A36F69CDDED9F1D7.d.9CD59E2FA18FD047C190214778F6B958.e.24200"}]}
COMMAND: POST /session/9eab2abfb92109d83111f8a107828286/elements - {"using":"xpath","value":"//thead[contains(@class, \"sapMTableTH\")]/tr/th"}
COMMAND: GET /session/9eab2abfb92109d83111f8a107828286/screenshot - {}
RESULT: {"using":"xpath","value":"//thead[contains(@class, \"sapMTableTH\")]/tr/th"}
COMMAND: GET /session/9eab2abfb92109d83111f8a107828286/element/f.5DB0E6D2BB4820C6A36F69CDDED9F1D7.d.9CD59E2FA18FD047C190214778F6B958.e.24299/text - {}
RESULT: {}
RESULT: {}
COMMAND: GET /session/9eab2abfb92109d83111f8a107828286/element/f.5DB0E6D2BB4820C6A36F69CDDED9F1D7.d.9CD59E2FA18FD047C190214778F6B958.e.24300/text - {}
RESULT: {}
COMMAND: GET /session/9eab2abfb92109d83111f8a107828286/element/f.5DB0E6D2BB4820C6A36F69CDDED9F1D7.d.9CD59E2FA18FD047C190214778F6B958.e.23565/text - {}
RESULT: {}
COMMAND: GET /session/9eab2abfb92109d83111f8a107828286/element/f.5DB0E6D2BB4820C6A36F69CDDED9F1D7.d.9CD59E2FA18FD047C190214778F6B958.e.23567/text - {}
RESULT: {}
COMMAND: GET /session/9eab2abfb92109d83111f8a107828286/element/f.5DB0E6D2BB4820C6A36F69CDDED9F1D7.d.9CD59E2FA18FD047C190214778F6B958.e.24411/text - {}
RESULT: {}
COMMAND: GET /session/9eab2abfb92109d83111f8a107828286/element/f.5DB0E6D2BB4820C6A36F69CDDED9F1D7.d.9CD59E2FA18FD047C190214778F6B958.e.24412/text - {}
RESULT: {}
COMMAND: GET /session/9eab2abfb92109d83111f8a107828286/element/f.5DB0E6D2BB4820C6A36F69CDDED9F1D7.d.9CD59E2FA18FD047C190214778F6B958.e.24413/text - {}
RESULT: {}
COMMAND: GET /session/9eab2abfb92109d83111f8a107828286/element/f.5DB0E6D2BB4820C6A36F69CDDED9F1D7.d.9CD59E2FA18FD047C190214778F6B958.e.24414/text - {}
RESULT: {}
COMMAND: GET /session/9eab2abfb92109d83111f8a107828286/element/f.5DB0E6D2BB4820C6A36F69CDDED9F1D7.d.9CD59E2FA18FD047C190214778F6B958.e.24415/text - {}
RESULT: {}
COMMAND: GET /session/9eab2abfb92109d83111f8a107828286/element/f.5DB0E6D2BB4820C6A36F69CDDED9F1D7.d.9CD59E2FA18FD047C190214778F6B958.e.24416/text - {}
RESULT: {}
COMMAND: GET /session/9eab2abfb92109d83111f8a107828286/element/f.5DB0E6D2BB4820C6A36F69CDDED9F1D7.d.9CD59E2FA18FD047C190214778F6B958.e.24417/text - {}
RESULT: {}
COMMAND: GET /session/9eab2abfb92109d83111f8a107828286/element/f.5DB0E6D2BB4820C6A36F69CDDED9F1D7.d.9CD59E2FA18FD047C190214778F6B958.e.24418/text - {}
RESULT: {}
COMMAND: GET /session/9eab2abfb92109d83111f8a107828286/element/f.5DB0E6D2BB4820C6A36F69CDDED9F1D7.d.9CD59E2FA18FD047C190214778F6B958.e.24419/text - {}
RESULT: {}
COMMAND: GET /session/9eab2abfb92109d83111f8a107828286/element/f.5DB0E6D2BB4820C6A36F69CDDED9F1D7.d.9CD59E2FA18FD047C190214778F6B958.e.23568/text - {}
RESULT: {}
COMMAND: POST /session/9eab2abfb92109d83111f8a107828286/element - {"using":"xpath","value":"//tbody[contains(@id, \"customHandoversTable-tblBody\")]/tr[1]/td[14]/div/span"}
RESULT: {"using":"xpath","value":"//tbody[contains(@id, \"customHandoversTable-tblBody\")]/tr[1]/td[14]/div/span"}
COMMAND: POST /session/9eab2abfb92109d83111f8a107828286/execute/sync - {"script":"<script> [56 bytes]","args":[{"element-6066-11e4-a52e-4f735466cecf":"f.5DB0E6D2BB4820C6A36F69CDDED9F1D7.d.9CD59E2FA18FD047C190214778F6B958.e.24461","ELEMENT":"f.5DB0E6D2BB4820C6A36F69CDDED9F1D7.d.9CD59E2FA18FD047C190214778F6B958.e.24461"}]}
RESULT: {"script":"<script> [56 bytes]","args":[{"element-6066-11e4-a52e-4f735466cecf":"f.5DB0E6D2BB4820C6A36F69CDDED9F1D7.d.9CD59E2FA18FD047C190214778F6B958.e.24461","ELEMENT":"f.5DB0E6D2BB4820C6A36F69CDDED9F1D7.d.9CD59E2FA18FD047C190214778F6B958.e.24461"}]}
COMMAND: POST /session/9eab2abfb92109d83111f8a107828286/element - {"using":"css selector","value":"#shell-header-logo"}
COMMAND: GET /session/9eab2abfb92109d83111f8a107828286/screenshot - {}
RESULT: {"using":"css selector","value":"#shell-header-logo"}
COMMAND: POST /session/9eab2abfb92109d83111f8a107828286/element/f.5DB0E6D2BB4820C6A36F69CDDED9F1D7.d.9CD59E2FA18FD047C190214778F6B958.e.23198/click - {}
RESULT: {}
RESULT: {}
COMMAND: GET /session/9eab2abfb92109d83111f8a107828286/screenshot - {}
RESULT: {}
]]></system-out>
    </testcase>
    <testcase classname="chrome.136_0_7103_93.windows.Billing_Calculation_-_Time_based_(considering_transport_times)_US139738" name="Should do another billing run but in around 17 days from today" time="72.669">
      <system-out><![CDATA[
RESULT: undefined
COMMAND: POST /session/9eab2abfb92109d83111f8a107828286/element - {"using":"xpath","value":"//*[@id=\"__tile51\"]"}
RESULT: {"using":"xpath","value":"//*[@id=\"__tile51\"]"}
COMMAND: POST /session/9eab2abfb92109d83111f8a107828286/element/f.5DB0E6D2BB4820C6A36F69CDDED9F1D7.d.9CD59E2FA18FD047C190214778F6B958.e.18607/click - {}
RESULT: {}
COMMAND: GET /session/9eab2abfb92109d83111f8a107828286/screenshot - {}
RESULT: {}
COMMAND: POST /session/9eab2abfb92109d83111f8a107828286/elements - {"using":"xpath","value":"//span[text()='Error']"}
RESULT: {"using":"xpath","value":"//span[text()='Error']"}
RESULT: undefined
COMMAND: POST /session/9eab2abfb92109d83111f8a107828286/execute/async - {"script":"<script> [776 bytes]","args":[{"enterText":"10326","selector":{"id":"application-managebillings-display-component---billRunCalcResult--smartFilterBar-btnBasicSearch","interaction":{"idSuffix":"I"}},"clearTextFirst":true,"interactionType":"ENTER_TEXT"}]}
RESULT: {"script":"<script> [776 bytes]","args":[{"enterText":"10326","selector":{"id":"application-managebillings-display-component---billRunCalcResult--smartFilterBar-btnBasicSearch","interaction":{"idSuffix":"I"}},"clearTextFirst":true,"interactionType":"ENTER_TEXT"}]}
COMMAND: POST /session/9eab2abfb92109d83111f8a107828286/actions - {"actions":[{"id":"action91","type":"key","parameters":{},"actions":[{"type":"keyDown","value":""},{"type":"pause","duration":10},{"type":"keyUp","value":""}]}]}
RESULT: {"actions":[{"id":"action91","type":"key","parameters":{},"actions":[{"type":"keyDown","value":""},{"type":"pause","duration":10},{"type":"keyUp","value":""}]}]}
COMMAND: GET /session/9eab2abfb92109d83111f8a107828286/screenshot - {}
RESULT: {}
COMMAND: POST /session/9eab2abfb92109d83111f8a107828286/element - {"using":"xpath","value":"//td[@aria-colindex=\"1\"]/div/div[contains(@class, \"sapMCbBg\")]"}
RESULT: {"using":"xpath","value":"//td[@aria-colindex=\"1\"]/div/div[contains(@class, \"sapMCbBg\")]"}
COMMAND: POST /session/9eab2abfb92109d83111f8a107828286/element/f.5DB0E6D2BB4820C6A36F69CDDED9F1D7.d.9CD59E2FA18FD047C190214778F6B958.e.24673/click - {}
RESULT: {}
COMMAND: GET /session/9eab2abfb92109d83111f8a107828286/screenshot - {}
RESULT: {}
RESULT: undefined
COMMAND: POST /session/9eab2abfb92109d83111f8a107828286/execute/async - {"script":"<script> [776 bytes]","args":[{"enterText":"6/13/25","selector":{"id":"application-managebillings-display-component---billRunCalcResult--contractBillRunDate","interaction":{"idSuffix":"inner"}},"clearTextFirst":true,"interactionType":"ENTER_TEXT"}]}
RESULT: {"script":"<script> [776 bytes]","args":[{"enterText":"6/13/25","selector":{"id":"application-managebillings-display-component---billRunCalcResult--contractBillRunDate","interaction":{"idSuffix":"inner"}},"clearTextFirst":true,"interactionType":"ENTER_TEXT"}]}
COMMAND: POST /session/9eab2abfb92109d83111f8a107828286/element - {"using":"xpath","value":"//bdi[contains(text(), \"Trigger Calculation\")]"}
RESULT: {"using":"xpath","value":"//bdi[contains(text(), \"Trigger Calculation\")]"}
COMMAND: POST /session/9eab2abfb92109d83111f8a107828286/element/f.5DB0E6D2BB4820C6A36F69CDDED9F1D7.d.9CD59E2FA18FD047C190214778F6B958.e.24724/click - {}
RESULT: {}
COMMAND: GET /session/9eab2abfb92109d83111f8a107828286/screenshot - {}
RESULT: {}
COMMAND: POST /session/9eab2abfb92109d83111f8a107828286/element - {"using":"xpath","value":"(//span[contains(@id, \"imgNav\")])[1]"}
RESULT: {"using":"xpath","value":"(//span[contains(@id, \"imgNav\")])[1]"}
COMMAND: POST /session/9eab2abfb92109d83111f8a107828286/element/f.5DB0E6D2BB4820C6A36F69CDDED9F1D7.d.9CD59E2FA18FD047C190214778F6B958.e.24674/click - {}
RESULT: {}
COMMAND: GET /session/9eab2abfb92109d83111f8a107828286/screenshot - {}
RESULT: {}
COMMAND: POST /session/9eab2abfb92109d83111f8a107828286/element - {"using":"xpath","value":"//tr/td[6]/div[1]/span[1]/span[1]"}
RESULT: {"using":"xpath","value":"//tr/td[6]/div[1]/span[1]/span[1]"}
COMMAND: GET /session/9eab2abfb92109d83111f8a107828286/element/f.5DB0E6D2BB4820C6A36F69CDDED9F1D7.d.9CD59E2FA18FD047C190214778F6B958.e.24729/text - {}
RESULT: {}
COMMAND: POST /session/9eab2abfb92109d83111f8a107828286/element - {"using":"xpath","value":"(//span[contains(@id, \"imgNav\")])[2]"}
RESULT: {"using":"xpath","value":"(//span[contains(@id, \"imgNav\")])[2]"}
COMMAND: POST /session/9eab2abfb92109d83111f8a107828286/element/f.5DB0E6D2BB4820C6A36F69CDDED9F1D7.d.9CD59E2FA18FD047C190214778F6B958.e.24730/click - {}
RESULT: {}
COMMAND: POST /session/9eab2abfb92109d83111f8a107828286/element - {"using":"xpath","value":"//bdi[contains(text(), \"Business Confirm\")]"}
COMMAND: GET /session/9eab2abfb92109d83111f8a107828286/screenshot - {}
RESULT: {"using":"xpath","value":"//bdi[contains(text(), \"Business Confirm\")]"}
COMMAND: POST /session/9eab2abfb92109d83111f8a107828286/elements - {"using":"xpath","value":"//bdi[contains(text(), \"Business Confirm\")]"}
RESULT: {}
RESULT: {"using":"xpath","value":"//bdi[contains(text(), \"Business Confirm\")]"}
COMMAND: POST /session/9eab2abfb92109d83111f8a107828286/element - {"using":"xpath","value":"//bdi[contains(text(), \"Business Confirm\")]"}
RESULT: {"using":"xpath","value":"//bdi[contains(text(), \"Business Confirm\")]"}
COMMAND: POST /session/9eab2abfb92109d83111f8a107828286/element/f.5DB0E6D2BB4820C6A36F69CDDED9F1D7.d.9CD59E2FA18FD047C190214778F6B958.e.24800/click - {}
RESULT: {}
COMMAND: POST /session/9eab2abfb92109d83111f8a107828286/element - {"using":"css selector","value":"#shell-header-logo"}
COMMAND: GET /session/9eab2abfb92109d83111f8a107828286/screenshot - {}
RESULT: {"using":"css selector","value":"#shell-header-logo"}
COMMAND: POST /session/9eab2abfb92109d83111f8a107828286/element/f.5DB0E6D2BB4820C6A36F69CDDED9F1D7.d.9CD59E2FA18FD047C190214778F6B958.e.24465/click - {}
RESULT: {}
RESULT: {}
COMMAND: GET /session/9eab2abfb92109d83111f8a107828286/screenshot - {}
RESULT: {}
]]></system-out>
    </testcase>
    <testcase classname="chrome.136_0_7103_93.windows.Billing_Calculation_-_Time_based_(considering_transport_times)_US139738" name="Should transfer the billing all the way to completion" time="89.357">
      <system-out><![CDATA[
RESULT: undefined
COMMAND: POST /session/9eab2abfb92109d83111f8a107828286/element - {"using":"xpath","value":"//*[@id=\"__tile50\"]"}
RESULT: {"using":"xpath","value":"//*[@id=\"__tile50\"]"}
COMMAND: POST /session/9eab2abfb92109d83111f8a107828286/element/f.5DB0E6D2BB4820C6A36F69CDDED9F1D7.d.9CD59E2FA18FD047C190214778F6B958.e.18605/click - {}
RESULT: {}
COMMAND: GET /session/9eab2abfb92109d83111f8a107828286/screenshot - {}
RESULT: {}
COMMAND: POST /session/9eab2abfb92109d83111f8a107828286/elements - {"using":"xpath","value":"//span[text()='Error']"}
RESULT: {"using":"xpath","value":"//span[text()='Error']"}
COMMAND: POST /session/9eab2abfb92109d83111f8a107828286/element - {"using":"xpath","value":"//input[contains(@id ,\"application-billingtransfer-display-component---billingWorkbench--smartFilterBar-btnBasicSearch\")]"}
RESULT: {"using":"xpath","value":"//input[contains(@id ,\"application-billingtransfer-display-component---billingWorkbench--smartFilterBar-btnBasicSearch\")]"}
COMMAND: POST /session/9eab2abfb92109d83111f8a107828286/elements - {"using":"xpath","value":"//input[contains(@id ,\"application-billingtransfer-display-component---billingWorkbench--smartFilterBar-btnBasicSearch\")]"}
RESULT: {"using":"xpath","value":"//input[contains(@id ,\"application-billingtransfer-display-component---billingWorkbench--smartFilterBar-btnBasicSearch\")]"}
COMMAND: POST /session/9eab2abfb92109d83111f8a107828286/execute/sync - {"script":"<script> [8489 bytes]","args":[{"element-6066-11e4-a52e-4f735466cecf":"f.5DB0E6D2BB4820C6A36F69CDDED9F1D7.d.9CD59E2FA18FD047C190214778F6B958.e.24811","ELEMENT":"f.5DB0E6D2BB4820C6A36F69CDDED9F1D7.d.9CD59E2FA18FD047C190214778F6B958.e.24811"}]}
RESULT: {"script":"<script> [8489 bytes]","args":[{"element-6066-11e4-a52e-4f735466cecf":"f.5DB0E6D2BB4820C6A36F69CDDED9F1D7.d.9CD59E2FA18FD047C190214778F6B958.e.24811","ELEMENT":"f.5DB0E6D2BB4820C6A36F69CDDED9F1D7.d.9CD59E2FA18FD047C190214778F6B958.e.24811"}]}
COMMAND: GET /session/9eab2abfb92109d83111f8a107828286/element/f.5DB0E6D2BB4820C6A36F69CDDED9F1D7.d.9CD59E2FA18FD047C190214778F6B958.e.24811/enabled - {}
COMMAND: GET /session/9eab2abfb92109d83111f8a107828286/screenshot - {}
RESULT: {}
COMMAND: POST /session/9eab2abfb92109d83111f8a107828286/element/f.5DB0E6D2BB4820C6A36F69CDDED9F1D7.d.9CD59E2FA18FD047C190214778F6B958.e.24811/click - {}
COMMAND: GET /session/9eab2abfb92109d83111f8a107828286/screenshot - {}
RESULT: {}
RESULT: {}
COMMAND: GET /session/9eab2abfb92109d83111f8a107828286/screenshot - {}
RESULT: {}
RESULT: {}
COMMAND: POST /session/9eab2abfb92109d83111f8a107828286/element/f.5DB0E6D2BB4820C6A36F69CDDED9F1D7.d.9CD59E2FA18FD047C190214778F6B958.e.24811/clear - {}
RESULT: {}
COMMAND: POST /session/9eab2abfb92109d83111f8a107828286/element/f.5DB0E6D2BB4820C6A36F69CDDED9F1D7.d.9CD59E2FA18FD047C190214778F6B958.e.24811/value - {"text":"10326"}
COMMAND: GET /session/9eab2abfb92109d83111f8a107828286/screenshot - {}
RESULT: {"text":"10326"}
COMMAND: POST /session/9eab2abfb92109d83111f8a107828286/actions - {"actions":[{"id":"action92","type":"key","parameters":{},"actions":[{"type":"keyDown","value":""},{"type":"pause","duration":10},{"type":"keyUp","value":""}]}]}
COMMAND: GET /session/9eab2abfb92109d83111f8a107828286/screenshot - {}
RESULT: {}
RESULT: {"actions":[{"id":"action92","type":"key","parameters":{},"actions":[{"type":"keyDown","value":""},{"type":"pause","duration":10},{"type":"keyUp","value":""}]}]}
COMMAND: GET /session/9eab2abfb92109d83111f8a107828286/screenshot - {}
RESULT: {}
RESULT: {}
COMMAND: POST /session/9eab2abfb92109d83111f8a107828286/element - {"using":"xpath","value":"//span[contains(@id ,\"application-billingtransfer-display-component---billingWorkbench--smartTableBillingRuns-header-inner\")]"}
RESULT: {"using":"xpath","value":"//span[contains(@id ,\"application-billingtransfer-display-component---billingWorkbench--smartTableBillingRuns-header-inner\")]"}
COMMAND: POST /session/9eab2abfb92109d83111f8a107828286/elements - {"using":"xpath","value":"//span[contains(@id ,\"application-billingtransfer-display-component---billingWorkbench--smartTableBillingRuns-header-inner\")]"}
RESULT: {"using":"xpath","value":"//span[contains(@id ,\"application-billingtransfer-display-component---billingWorkbench--smartTableBillingRuns-header-inner\")]"}
COMMAND: POST /session/9eab2abfb92109d83111f8a107828286/execute/sync - {"script":"<script> [56 bytes]","args":[{"element-6066-11e4-a52e-4f735466cecf":"f.5DB0E6D2BB4820C6A36F69CDDED9F1D7.d.9CD59E2FA18FD047C190214778F6B958.e.24964","ELEMENT":"f.5DB0E6D2BB4820C6A36F69CDDED9F1D7.d.9CD59E2FA18FD047C190214778F6B958.e.24964"}]}
RESULT: {"script":"<script> [56 bytes]","args":[{"element-6066-11e4-a52e-4f735466cecf":"f.5DB0E6D2BB4820C6A36F69CDDED9F1D7.d.9CD59E2FA18FD047C190214778F6B958.e.24964","ELEMENT":"f.5DB0E6D2BB4820C6A36F69CDDED9F1D7.d.9CD59E2FA18FD047C190214778F6B958.e.24964"}]}
COMMAND: POST /session/9eab2abfb92109d83111f8a107828286/element - {"using":"xpath","value":"//td[@aria-colindex=\"1\"]/div/div[contains(@class, \"sapMCbBg\")]"}
COMMAND: GET /session/9eab2abfb92109d83111f8a107828286/screenshot - {}
RESULT: {"using":"xpath","value":"//td[@aria-colindex=\"1\"]/div/div[contains(@class, \"sapMCbBg\")]"}
COMMAND: POST /session/9eab2abfb92109d83111f8a107828286/element/f.5DB0E6D2BB4820C6A36F69CDDED9F1D7.d.9CD59E2FA18FD047C190214778F6B958.e.24934/click - {}
RESULT: {}
RESULT: {}
COMMAND: GET /session/9eab2abfb92109d83111f8a107828286/screenshot - {}
RESULT: {}
COMMAND: POST /session/9eab2abfb92109d83111f8a107828286/element - {"using":"xpath","value":"//bdi[contains(text(), \"Check\")]"}
RESULT: {"using":"xpath","value":"//bdi[contains(text(), \"Check\")]"}
COMMAND: POST /session/9eab2abfb92109d83111f8a107828286/element/f.5DB0E6D2BB4820C6A36F69CDDED9F1D7.d.9CD59E2FA18FD047C190214778F6B958.e.24965/click - {}
RESULT: {}
COMMAND: GET /session/9eab2abfb92109d83111f8a107828286/screenshot - {}
RESULT: {}
COMMAND: POST /session/9eab2abfb92109d83111f8a107828286/element - {"using":"xpath","value":"//bdi[contains(text(), \"OK\")]"}
RESULT: {"using":"xpath","value":"//bdi[contains(text(), \"OK\")]"}
COMMAND: POST /session/9eab2abfb92109d83111f8a107828286/element/f.5DB0E6D2BB4820C6A36F69CDDED9F1D7.d.9CD59E2FA18FD047C190214778F6B958.e.24969/click - {}
RESULT: {}
COMMAND: GET /session/9eab2abfb92109d83111f8a107828286/screenshot - {}
RESULT: {}
COMMAND: POST /session/9eab2abfb92109d83111f8a107828286/element - {"using":"xpath","value":"(//span[contains(text(), \"CO/SD checked\")]/parent::div/preceding-sibling::div/span)[1]"}
RESULT: {"using":"xpath","value":"(//span[contains(text(), \"CO/SD checked\")]/parent::div/preceding-sibling::div/span)[1]"}
COMMAND: POST /session/9eab2abfb92109d83111f8a107828286/element/f.5DB0E6D2BB4820C6A36F69CDDED9F1D7.d.9CD59E2FA18FD047C190214778F6B958.e.24978/click - {}
RESULT: {}
COMMAND: GET /session/9eab2abfb92109d83111f8a107828286/screenshot - {}
RESULT: {}
COMMAND: POST /session/9eab2abfb92109d83111f8a107828286/element - {"using":"xpath","value":"//input[contains(@id ,\"application-billingtransfer-display-component---billingWorkbench--smartFilterBar-btnBasicSearch\")]"}
RESULT: {"using":"xpath","value":"//input[contains(@id ,\"application-billingtransfer-display-component---billingWorkbench--smartFilterBar-btnBasicSearch\")]"}
COMMAND: POST /session/9eab2abfb92109d83111f8a107828286/elements - {"using":"xpath","value":"//input[contains(@id ,\"application-billingtransfer-display-component---billingWorkbench--smartFilterBar-btnBasicSearch\")]"}
RESULT: {"using":"xpath","value":"//input[contains(@id ,\"application-billingtransfer-display-component---billingWorkbench--smartFilterBar-btnBasicSearch\")]"}
COMMAND: POST /session/9eab2abfb92109d83111f8a107828286/execute/sync - {"script":"<script> [8489 bytes]","args":[{"element-6066-11e4-a52e-4f735466cecf":"f.5DB0E6D2BB4820C6A36F69CDDED9F1D7.d.9CD59E2FA18FD047C190214778F6B958.e.24811","ELEMENT":"f.5DB0E6D2BB4820C6A36F69CDDED9F1D7.d.9CD59E2FA18FD047C190214778F6B958.e.24811"}]}
RESULT: {"script":"<script> [8489 bytes]","args":[{"element-6066-11e4-a52e-4f735466cecf":"f.5DB0E6D2BB4820C6A36F69CDDED9F1D7.d.9CD59E2FA18FD047C190214778F6B958.e.24811","ELEMENT":"f.5DB0E6D2BB4820C6A36F69CDDED9F1D7.d.9CD59E2FA18FD047C190214778F6B958.e.24811"}]}
COMMAND: GET /session/9eab2abfb92109d83111f8a107828286/element/f.5DB0E6D2BB4820C6A36F69CDDED9F1D7.d.9CD59E2FA18FD047C190214778F6B958.e.24811/enabled - {}
COMMAND: GET /session/9eab2abfb92109d83111f8a107828286/screenshot - {}
RESULT: {}
COMMAND: POST /session/9eab2abfb92109d83111f8a107828286/element/f.5DB0E6D2BB4820C6A36F69CDDED9F1D7.d.9CD59E2FA18FD047C190214778F6B958.e.24811/click - {}
COMMAND: GET /session/9eab2abfb92109d83111f8a107828286/screenshot - {}
RESULT: {}
RESULT: {}
COMMAND: GET /session/9eab2abfb92109d83111f8a107828286/screenshot - {}
RESULT: {}
RESULT: {}
COMMAND: POST /session/9eab2abfb92109d83111f8a107828286/element/f.5DB0E6D2BB4820C6A36F69CDDED9F1D7.d.9CD59E2FA18FD047C190214778F6B958.e.24811/clear - {}
RESULT: {}
COMMAND: POST /session/9eab2abfb92109d83111f8a107828286/element/f.5DB0E6D2BB4820C6A36F69CDDED9F1D7.d.9CD59E2FA18FD047C190214778F6B958.e.24811/value - {"text":"10326"}
COMMAND: GET /session/9eab2abfb92109d83111f8a107828286/screenshot - {}
RESULT: {"text":"10326"}
COMMAND: POST /session/9eab2abfb92109d83111f8a107828286/actions - {"actions":[{"id":"action93","type":"key","parameters":{},"actions":[{"type":"keyDown","value":""},{"type":"pause","duration":10},{"type":"keyUp","value":""}]}]}
COMMAND: GET /session/9eab2abfb92109d83111f8a107828286/screenshot - {}
RESULT: {}
RESULT: {"actions":[{"id":"action93","type":"key","parameters":{},"actions":[{"type":"keyDown","value":""},{"type":"pause","duration":10},{"type":"keyUp","value":""}]}]}
COMMAND: GET /session/9eab2abfb92109d83111f8a107828286/screenshot - {}
RESULT: {}
RESULT: {}
COMMAND: POST /session/9eab2abfb92109d83111f8a107828286/element - {"using":"xpath","value":"//span[contains(@id ,\"application-billingtransfer-display-component---billingWorkbench--smartTableBillingRuns-header-inner\")]"}
RESULT: {"using":"xpath","value":"//span[contains(@id ,\"application-billingtransfer-display-component---billingWorkbench--smartTableBillingRuns-header-inner\")]"}
COMMAND: POST /session/9eab2abfb92109d83111f8a107828286/elements - {"using":"xpath","value":"//span[contains(@id ,\"application-billingtransfer-display-component---billingWorkbench--smartTableBillingRuns-header-inner\")]"}
RESULT: {"using":"xpath","value":"//span[contains(@id ,\"application-billingtransfer-display-component---billingWorkbench--smartTableBillingRuns-header-inner\")]"}
COMMAND: POST /session/9eab2abfb92109d83111f8a107828286/execute/sync - {"script":"<script> [56 bytes]","args":[{"element-6066-11e4-a52e-4f735466cecf":"f.5DB0E6D2BB4820C6A36F69CDDED9F1D7.d.9CD59E2FA18FD047C190214778F6B958.e.24964","ELEMENT":"f.5DB0E6D2BB4820C6A36F69CDDED9F1D7.d.9CD59E2FA18FD047C190214778F6B958.e.24964"}]}
RESULT: {"script":"<script> [56 bytes]","args":[{"element-6066-11e4-a52e-4f735466cecf":"f.5DB0E6D2BB4820C6A36F69CDDED9F1D7.d.9CD59E2FA18FD047C190214778F6B958.e.24964","ELEMENT":"f.5DB0E6D2BB4820C6A36F69CDDED9F1D7.d.9CD59E2FA18FD047C190214778F6B958.e.24964"}]}
COMMAND: POST /session/9eab2abfb92109d83111f8a107828286/element - {"using":"xpath","value":"//td[@aria-colindex=\"1\"]/div/div[contains(@class, \"sapMCbBg\")]"}
COMMAND: GET /session/9eab2abfb92109d83111f8a107828286/screenshot - {}
RESULT: {"using":"xpath","value":"//td[@aria-colindex=\"1\"]/div/div[contains(@class, \"sapMCbBg\")]"}
COMMAND: POST /session/9eab2abfb92109d83111f8a107828286/element/f.5DB0E6D2BB4820C6A36F69CDDED9F1D7.d.9CD59E2FA18FD047C190214778F6B958.e.24981/click - {}
RESULT: {}
RESULT: {}
COMMAND: GET /session/9eab2abfb92109d83111f8a107828286/screenshot - {}
RESULT: {}
COMMAND: POST /session/9eab2abfb92109d83111f8a107828286/element - {"using":"xpath","value":"//bdi[text()=\"Transfer\"]"}
RESULT: {"using":"xpath","value":"//bdi[text()=\"Transfer\"]"}
COMMAND: POST /session/9eab2abfb92109d83111f8a107828286/element/f.5DB0E6D2BB4820C6A36F69CDDED9F1D7.d.9CD59E2FA18FD047C190214778F6B958.e.24982/click - {}
RESULT: {}
COMMAND: GET /session/9eab2abfb92109d83111f8a107828286/screenshot - {}
RESULT: {}
COMMAND: POST /session/9eab2abfb92109d83111f8a107828286/element - {"using":"xpath","value":"//bdi[contains(text(), \"OK\")]"}
RESULT: {"using":"xpath","value":"//bdi[contains(text(), \"OK\")]"}
COMMAND: POST /session/9eab2abfb92109d83111f8a107828286/element/f.5DB0E6D2BB4820C6A36F69CDDED9F1D7.d.9CD59E2FA18FD047C190214778F6B958.e.24985/click - {}
RESULT: {}
COMMAND: GET /session/9eab2abfb92109d83111f8a107828286/screenshot - {}
RESULT: {}
COMMAND: POST /session/9eab2abfb92109d83111f8a107828286/element - {"using":"xpath","value":"(//span[contains(text(), \"Completed\")]/parent::div/preceding-sibling::div/span)[1]"}
RESULT: {"using":"xpath","value":"(//span[contains(text(), \"Completed\")]/parent::div/preceding-sibling::div/span)[1]"}
COMMAND: POST /session/9eab2abfb92109d83111f8a107828286/element/f.5DB0E6D2BB4820C6A36F69CDDED9F1D7.d.9CD59E2FA18FD047C190214778F6B958.e.24994/click - {}
RESULT: {}
COMMAND: POST /session/9eab2abfb92109d83111f8a107828286/element - {"using":"xpath","value":"//input[contains(@id ,\"application-billingtransfer-display-component---billingWorkbench--smartFilterBar-btnBasicSearch\")]"}
COMMAND: GET /session/9eab2abfb92109d83111f8a107828286/screenshot - {}
RESULT: {"using":"xpath","value":"//input[contains(@id ,\"application-billingtransfer-display-component---billingWorkbench--smartFilterBar-btnBasicSearch\")]"}
COMMAND: POST /session/9eab2abfb92109d83111f8a107828286/elements - {"using":"xpath","value":"//input[contains(@id ,\"application-billingtransfer-display-component---billingWorkbench--smartFilterBar-btnBasicSearch\")]"}
RESULT: {}
RESULT: {"using":"xpath","value":"//input[contains(@id ,\"application-billingtransfer-display-component---billingWorkbench--smartFilterBar-btnBasicSearch\")]"}
COMMAND: POST /session/9eab2abfb92109d83111f8a107828286/execute/sync - {"script":"<script> [8489 bytes]","args":[{"element-6066-11e4-a52e-4f735466cecf":"f.5DB0E6D2BB4820C6A36F69CDDED9F1D7.d.9CD59E2FA18FD047C190214778F6B958.e.24811","ELEMENT":"f.5DB0E6D2BB4820C6A36F69CDDED9F1D7.d.9CD59E2FA18FD047C190214778F6B958.e.24811"}]}
RESULT: {"script":"<script> [8489 bytes]","args":[{"element-6066-11e4-a52e-4f735466cecf":"f.5DB0E6D2BB4820C6A36F69CDDED9F1D7.d.9CD59E2FA18FD047C190214778F6B958.e.24811","ELEMENT":"f.5DB0E6D2BB4820C6A36F69CDDED9F1D7.d.9CD59E2FA18FD047C190214778F6B958.e.24811"}]}
COMMAND: GET /session/9eab2abfb92109d83111f8a107828286/element/f.5DB0E6D2BB4820C6A36F69CDDED9F1D7.d.9CD59E2FA18FD047C190214778F6B958.e.24811/enabled - {}
COMMAND: GET /session/9eab2abfb92109d83111f8a107828286/screenshot - {}
RESULT: {}
COMMAND: POST /session/9eab2abfb92109d83111f8a107828286/element/f.5DB0E6D2BB4820C6A36F69CDDED9F1D7.d.9CD59E2FA18FD047C190214778F6B958.e.24811/click - {}
COMMAND: GET /session/9eab2abfb92109d83111f8a107828286/screenshot - {}
RESULT: {}
RESULT: {}
COMMAND: GET /session/9eab2abfb92109d83111f8a107828286/screenshot - {}
RESULT: {}
RESULT: {}
COMMAND: POST /session/9eab2abfb92109d83111f8a107828286/element/f.5DB0E6D2BB4820C6A36F69CDDED9F1D7.d.9CD59E2FA18FD047C190214778F6B958.e.24811/clear - {}
RESULT: {}
COMMAND: POST /session/9eab2abfb92109d83111f8a107828286/element/f.5DB0E6D2BB4820C6A36F69CDDED9F1D7.d.9CD59E2FA18FD047C190214778F6B958.e.24811/value - {"text":"10326"}
COMMAND: GET /session/9eab2abfb92109d83111f8a107828286/screenshot - {}
RESULT: {"text":"10326"}
COMMAND: POST /session/9eab2abfb92109d83111f8a107828286/actions - {"actions":[{"id":"action94","type":"key","parameters":{},"actions":[{"type":"keyDown","value":""},{"type":"pause","duration":10},{"type":"keyUp","value":""}]}]}
COMMAND: GET /session/9eab2abfb92109d83111f8a107828286/screenshot - {}
RESULT: {}
RESULT: {"actions":[{"id":"action94","type":"key","parameters":{},"actions":[{"type":"keyDown","value":""},{"type":"pause","duration":10},{"type":"keyUp","value":""}]}]}
COMMAND: GET /session/9eab2abfb92109d83111f8a107828286/screenshot - {}
RESULT: {}
RESULT: {}
COMMAND: POST /session/9eab2abfb92109d83111f8a107828286/element - {"using":"xpath","value":"//span[contains(@id ,\"application-billingtransfer-display-component---billingWorkbench--smartTableBillingRuns-header-inner\")]"}
RESULT: {"using":"xpath","value":"//span[contains(@id ,\"application-billingtransfer-display-component---billingWorkbench--smartTableBillingRuns-header-inner\")]"}
COMMAND: POST /session/9eab2abfb92109d83111f8a107828286/elements - {"using":"xpath","value":"//span[contains(@id ,\"application-billingtransfer-display-component---billingWorkbench--smartTableBillingRuns-header-inner\")]"}
RESULT: {"using":"xpath","value":"//span[contains(@id ,\"application-billingtransfer-display-component---billingWorkbench--smartTableBillingRuns-header-inner\")]"}
COMMAND: POST /session/9eab2abfb92109d83111f8a107828286/execute/sync - {"script":"<script> [56 bytes]","args":[{"element-6066-11e4-a52e-4f735466cecf":"f.5DB0E6D2BB4820C6A36F69CDDED9F1D7.d.9CD59E2FA18FD047C190214778F6B958.e.24964","ELEMENT":"f.5DB0E6D2BB4820C6A36F69CDDED9F1D7.d.9CD59E2FA18FD047C190214778F6B958.e.24964"}]}
RESULT: {"script":"<script> [56 bytes]","args":[{"element-6066-11e4-a52e-4f735466cecf":"f.5DB0E6D2BB4820C6A36F69CDDED9F1D7.d.9CD59E2FA18FD047C190214778F6B958.e.24964","ELEMENT":"f.5DB0E6D2BB4820C6A36F69CDDED9F1D7.d.9CD59E2FA18FD047C190214778F6B958.e.24964"}]}
COMMAND: POST /session/9eab2abfb92109d83111f8a107828286/element - {"using":"css selector","value":"#shell-header-logo"}
COMMAND: GET /session/9eab2abfb92109d83111f8a107828286/screenshot - {}
RESULT: {"using":"css selector","value":"#shell-header-logo"}
COMMAND: POST /session/9eab2abfb92109d83111f8a107828286/element/f.5DB0E6D2BB4820C6A36F69CDDED9F1D7.d.9CD59E2FA18FD047C190214778F6B958.e.24809/click - {}
RESULT: {}
RESULT: {}
COMMAND: GET /session/9eab2abfb92109d83111f8a107828286/screenshot - {}
RESULT: {}
]]></system-out>
    </testcase>
    <testcase classname="chrome.136_0_7103_93.windows.Billing_Calculation_-_Time_based_(considering_transport_times)_US139738" name="Should do another billing run but in around 25 days from today" time="73.679">
      <system-out><![CDATA[
RESULT: undefined
COMMAND: POST /session/9eab2abfb92109d83111f8a107828286/element - {"using":"xpath","value":"//*[@id=\"__tile51\"]"}
RESULT: {"using":"xpath","value":"//*[@id=\"__tile51\"]"}
COMMAND: POST /session/9eab2abfb92109d83111f8a107828286/element/f.5DB0E6D2BB4820C6A36F69CDDED9F1D7.d.9CD59E2FA18FD047C190214778F6B958.e.18607/click - {}
RESULT: {}
COMMAND: GET /session/9eab2abfb92109d83111f8a107828286/screenshot - {}
RESULT: {}
COMMAND: POST /session/9eab2abfb92109d83111f8a107828286/elements - {"using":"xpath","value":"//span[text()='Error']"}
RESULT: {"using":"xpath","value":"//span[text()='Error']"}
RESULT: undefined
COMMAND: POST /session/9eab2abfb92109d83111f8a107828286/execute/async - {"script":"<script> [776 bytes]","args":[{"enterText":"10326","selector":{"id":"application-managebillings-display-component---billRunCalcResult--smartFilterBar-btnBasicSearch","interaction":{"idSuffix":"I"}},"clearTextFirst":true,"interactionType":"ENTER_TEXT"}]}
RESULT: {"script":"<script> [776 bytes]","args":[{"enterText":"10326","selector":{"id":"application-managebillings-display-component---billRunCalcResult--smartFilterBar-btnBasicSearch","interaction":{"idSuffix":"I"}},"clearTextFirst":true,"interactionType":"ENTER_TEXT"}]}
COMMAND: POST /session/9eab2abfb92109d83111f8a107828286/actions - {"actions":[{"id":"action95","type":"key","parameters":{},"actions":[{"type":"keyDown","value":""},{"type":"pause","duration":10},{"type":"keyUp","value":""}]}]}
RESULT: {"actions":[{"id":"action95","type":"key","parameters":{},"actions":[{"type":"keyDown","value":""},{"type":"pause","duration":10},{"type":"keyUp","value":""}]}]}
COMMAND: GET /session/9eab2abfb92109d83111f8a107828286/screenshot - {}
RESULT: {}
COMMAND: POST /session/9eab2abfb92109d83111f8a107828286/element - {"using":"xpath","value":"//td[@aria-colindex=\"1\"]/div/div[contains(@class, \"sapMCbBg\")]"}
RESULT: {"using":"xpath","value":"//td[@aria-colindex=\"1\"]/div/div[contains(@class, \"sapMCbBg\")]"}
COMMAND: POST /session/9eab2abfb92109d83111f8a107828286/element/f.5DB0E6D2BB4820C6A36F69CDDED9F1D7.d.9CD59E2FA18FD047C190214778F6B958.e.25202/click - {}
RESULT: {}
COMMAND: GET /session/9eab2abfb92109d83111f8a107828286/screenshot - {}
RESULT: {}
RESULT: undefined
COMMAND: POST /session/9eab2abfb92109d83111f8a107828286/execute/async - {"script":"<script> [776 bytes]","args":[{"enterText":"6/21/25","selector":{"id":"application-managebillings-display-component---billRunCalcResult--contractBillRunDate","interaction":{"idSuffix":"inner"}},"clearTextFirst":true,"interactionType":"ENTER_TEXT"}]}
RESULT: {"script":"<script> [776 bytes]","args":[{"enterText":"6/21/25","selector":{"id":"application-managebillings-display-component---billRunCalcResult--contractBillRunDate","interaction":{"idSuffix":"inner"}},"clearTextFirst":true,"interactionType":"ENTER_TEXT"}]}
COMMAND: POST /session/9eab2abfb92109d83111f8a107828286/element - {"using":"xpath","value":"//bdi[contains(text(), \"Trigger Calculation\")]"}
RESULT: {"using":"xpath","value":"//bdi[contains(text(), \"Trigger Calculation\")]"}
COMMAND: POST /session/9eab2abfb92109d83111f8a107828286/element/f.5DB0E6D2BB4820C6A36F69CDDED9F1D7.d.9CD59E2FA18FD047C190214778F6B958.e.25338/click - {}
RESULT: {}
COMMAND: GET /session/9eab2abfb92109d83111f8a107828286/screenshot - {}
RESULT: {}
COMMAND: POST /session/9eab2abfb92109d83111f8a107828286/element - {"using":"xpath","value":"(//span[contains(@id, \"imgNav\")])[1]"}
RESULT: {"using":"xpath","value":"(//span[contains(@id, \"imgNav\")])[1]"}
COMMAND: POST /session/9eab2abfb92109d83111f8a107828286/element/f.5DB0E6D2BB4820C6A36F69CDDED9F1D7.d.9CD59E2FA18FD047C190214778F6B958.e.25203/click - {}
RESULT: {}
COMMAND: GET /session/9eab2abfb92109d83111f8a107828286/screenshot - {}
RESULT: {}
COMMAND: POST /session/9eab2abfb92109d83111f8a107828286/element - {"using":"xpath","value":"//tr/td[6]/div[1]/span[1]/span[1]"}
RESULT: {"using":"xpath","value":"//tr/td[6]/div[1]/span[1]/span[1]"}
COMMAND: GET /session/9eab2abfb92109d83111f8a107828286/element/f.5DB0E6D2BB4820C6A36F69CDDED9F1D7.d.9CD59E2FA18FD047C190214778F6B958.e.25343/text - {}
RESULT: {}
COMMAND: POST /session/9eab2abfb92109d83111f8a107828286/element - {"using":"xpath","value":"(//span[contains(@id, \"imgNav\")])[2]"}
RESULT: {"using":"xpath","value":"(//span[contains(@id, \"imgNav\")])[2]"}
COMMAND: POST /session/9eab2abfb92109d83111f8a107828286/element/f.5DB0E6D2BB4820C6A36F69CDDED9F1D7.d.9CD59E2FA18FD047C190214778F6B958.e.25344/click - {}
RESULT: {}
COMMAND: POST /session/9eab2abfb92109d83111f8a107828286/element - {"using":"xpath","value":"//bdi[contains(text(), \"Business Confirm\")]"}
COMMAND: GET /session/9eab2abfb92109d83111f8a107828286/screenshot - {}
RESULT: {"using":"xpath","value":"//bdi[contains(text(), \"Business Confirm\")]"}
COMMAND: POST /session/9eab2abfb92109d83111f8a107828286/elements - {"using":"xpath","value":"//bdi[contains(text(), \"Business Confirm\")]"}
RESULT: {}
RESULT: {"using":"xpath","value":"//bdi[contains(text(), \"Business Confirm\")]"}
COMMAND: POST /session/9eab2abfb92109d83111f8a107828286/element - {"using":"xpath","value":"//bdi[contains(text(), \"Business Confirm\")]"}
RESULT: {"using":"xpath","value":"//bdi[contains(text(), \"Business Confirm\")]"}
COMMAND: POST /session/9eab2abfb92109d83111f8a107828286/element/f.5DB0E6D2BB4820C6A36F69CDDED9F1D7.d.9CD59E2FA18FD047C190214778F6B958.e.25377/click - {}
RESULT: {}
COMMAND: POST /session/9eab2abfb92109d83111f8a107828286/element - {"using":"css selector","value":"#shell-header-logo"}
COMMAND: GET /session/9eab2abfb92109d83111f8a107828286/screenshot - {}
RESULT: {"using":"css selector","value":"#shell-header-logo"}
COMMAND: POST /session/9eab2abfb92109d83111f8a107828286/element/f.5DB0E6D2BB4820C6A36F69CDDED9F1D7.d.9CD59E2FA18FD047C190214778F6B958.e.25004/click - {}
RESULT: {}
RESULT: {}
COMMAND: GET /session/9eab2abfb92109d83111f8a107828286/screenshot - {}
RESULT: {}
]]></system-out>
    </testcase>
    <testcase classname="chrome.136_0_7103_93.windows.Billing_Calculation_-_Time_based_(considering_transport_times)_US139738" name="Should transfer the billing all the way to completion" time="87.414">
      <system-out><![CDATA[
RESULT: undefined
COMMAND: POST /session/9eab2abfb92109d83111f8a107828286/element - {"using":"xpath","value":"//*[@id=\"__tile50\"]"}
RESULT: {"using":"xpath","value":"//*[@id=\"__tile50\"]"}
COMMAND: POST /session/9eab2abfb92109d83111f8a107828286/element/f.5DB0E6D2BB4820C6A36F69CDDED9F1D7.d.9CD59E2FA18FD047C190214778F6B958.e.18605/click - {}
RESULT: {}
COMMAND: GET /session/9eab2abfb92109d83111f8a107828286/screenshot - {}
RESULT: {}
COMMAND: POST /session/9eab2abfb92109d83111f8a107828286/elements - {"using":"xpath","value":"//span[text()='Error']"}
RESULT: {"using":"xpath","value":"//span[text()='Error']"}
COMMAND: POST /session/9eab2abfb92109d83111f8a107828286/element - {"using":"xpath","value":"//input[contains(@id ,\"application-billingtransfer-display-component---billingWorkbench--smartFilterBar-btnBasicSearch\")]"}
RESULT: {"using":"xpath","value":"//input[contains(@id ,\"application-billingtransfer-display-component---billingWorkbench--smartFilterBar-btnBasicSearch\")]"}
COMMAND: POST /session/9eab2abfb92109d83111f8a107828286/elements - {"using":"xpath","value":"//input[contains(@id ,\"application-billingtransfer-display-component---billingWorkbench--smartFilterBar-btnBasicSearch\")]"}
RESULT: {"using":"xpath","value":"//input[contains(@id ,\"application-billingtransfer-display-component---billingWorkbench--smartFilterBar-btnBasicSearch\")]"}
COMMAND: POST /session/9eab2abfb92109d83111f8a107828286/execute/sync - {"script":"<script> [8489 bytes]","args":[{"element-6066-11e4-a52e-4f735466cecf":"f.5DB0E6D2BB4820C6A36F69CDDED9F1D7.d.9CD59E2FA18FD047C190214778F6B958.e.25405","ELEMENT":"f.5DB0E6D2BB4820C6A36F69CDDED9F1D7.d.9CD59E2FA18FD047C190214778F6B958.e.25405"}]}
RESULT: {"script":"<script> [8489 bytes]","args":[{"element-6066-11e4-a52e-4f735466cecf":"f.5DB0E6D2BB4820C6A36F69CDDED9F1D7.d.9CD59E2FA18FD047C190214778F6B958.e.25405","ELEMENT":"f.5DB0E6D2BB4820C6A36F69CDDED9F1D7.d.9CD59E2FA18FD047C190214778F6B958.e.25405"}]}
COMMAND: GET /session/9eab2abfb92109d83111f8a107828286/element/f.5DB0E6D2BB4820C6A36F69CDDED9F1D7.d.9CD59E2FA18FD047C190214778F6B958.e.25405/enabled - {}
COMMAND: GET /session/9eab2abfb92109d83111f8a107828286/screenshot - {}
RESULT: {}
COMMAND: POST /session/9eab2abfb92109d83111f8a107828286/element/f.5DB0E6D2BB4820C6A36F69CDDED9F1D7.d.9CD59E2FA18FD047C190214778F6B958.e.25405/click - {}
COMMAND: GET /session/9eab2abfb92109d83111f8a107828286/screenshot - {}
RESULT: {}
RESULT: {}
COMMAND: GET /session/9eab2abfb92109d83111f8a107828286/screenshot - {}
RESULT: {}
RESULT: {}
COMMAND: POST /session/9eab2abfb92109d83111f8a107828286/element/f.5DB0E6D2BB4820C6A36F69CDDED9F1D7.d.9CD59E2FA18FD047C190214778F6B958.e.25405/clear - {}
RESULT: {}
COMMAND: POST /session/9eab2abfb92109d83111f8a107828286/element/f.5DB0E6D2BB4820C6A36F69CDDED9F1D7.d.9CD59E2FA18FD047C190214778F6B958.e.25405/value - {"text":"10326"}
COMMAND: GET /session/9eab2abfb92109d83111f8a107828286/screenshot - {}
RESULT: {"text":"10326"}
COMMAND: POST /session/9eab2abfb92109d83111f8a107828286/actions - {"actions":[{"id":"action96","type":"key","parameters":{},"actions":[{"type":"keyDown","value":""},{"type":"pause","duration":10},{"type":"keyUp","value":""}]}]}
COMMAND: GET /session/9eab2abfb92109d83111f8a107828286/screenshot - {}
RESULT: {}
RESULT: {"actions":[{"id":"action96","type":"key","parameters":{},"actions":[{"type":"keyDown","value":""},{"type":"pause","duration":10},{"type":"keyUp","value":""}]}]}
COMMAND: GET /session/9eab2abfb92109d83111f8a107828286/screenshot - {}
RESULT: {}
RESULT: {}
COMMAND: POST /session/9eab2abfb92109d83111f8a107828286/element - {"using":"xpath","value":"//span[contains(@id ,\"application-billingtransfer-display-component---billingWorkbench--smartTableBillingRuns-header-inner\")]"}
RESULT: {"using":"xpath","value":"//span[contains(@id ,\"application-billingtransfer-display-component---billingWorkbench--smartTableBillingRuns-header-inner\")]"}
COMMAND: POST /session/9eab2abfb92109d83111f8a107828286/elements - {"using":"xpath","value":"//span[contains(@id ,\"application-billingtransfer-display-component---billingWorkbench--smartTableBillingRuns-header-inner\")]"}
RESULT: {"using":"xpath","value":"//span[contains(@id ,\"application-billingtransfer-display-component---billingWorkbench--smartTableBillingRuns-header-inner\")]"}
COMMAND: POST /session/9eab2abfb92109d83111f8a107828286/execute/sync - {"script":"<script> [56 bytes]","args":[{"element-6066-11e4-a52e-4f735466cecf":"f.5DB0E6D2BB4820C6A36F69CDDED9F1D7.d.9CD59E2FA18FD047C190214778F6B958.e.25722","ELEMENT":"f.5DB0E6D2BB4820C6A36F69CDDED9F1D7.d.9CD59E2FA18FD047C190214778F6B958.e.25722"}]}
RESULT: {"script":"<script> [56 bytes]","args":[{"element-6066-11e4-a52e-4f735466cecf":"f.5DB0E6D2BB4820C6A36F69CDDED9F1D7.d.9CD59E2FA18FD047C190214778F6B958.e.25722","ELEMENT":"f.5DB0E6D2BB4820C6A36F69CDDED9F1D7.d.9CD59E2FA18FD047C190214778F6B958.e.25722"}]}
COMMAND: POST /session/9eab2abfb92109d83111f8a107828286/element - {"using":"xpath","value":"//td[@aria-colindex=\"1\"]/div/div[contains(@class, \"sapMCbBg\")]"}
COMMAND: GET /session/9eab2abfb92109d83111f8a107828286/screenshot - {}
RESULT: {"using":"xpath","value":"//td[@aria-colindex=\"1\"]/div/div[contains(@class, \"sapMCbBg\")]"}
COMMAND: POST /session/9eab2abfb92109d83111f8a107828286/element/f.5DB0E6D2BB4820C6A36F69CDDED9F1D7.d.9CD59E2FA18FD047C190214778F6B958.e.25569/click - {}
RESULT: {}
RESULT: {}
COMMAND: GET /session/9eab2abfb92109d83111f8a107828286/screenshot - {}
RESULT: {}
COMMAND: POST /session/9eab2abfb92109d83111f8a107828286/element - {"using":"xpath","value":"//bdi[contains(text(), \"Check\")]"}
RESULT: {"using":"xpath","value":"//bdi[contains(text(), \"Check\")]"}
COMMAND: POST /session/9eab2abfb92109d83111f8a107828286/element/f.5DB0E6D2BB4820C6A36F69CDDED9F1D7.d.9CD59E2FA18FD047C190214778F6B958.e.25723/click - {}
RESULT: {}
COMMAND: GET /session/9eab2abfb92109d83111f8a107828286/screenshot - {}
RESULT: {}
COMMAND: POST /session/9eab2abfb92109d83111f8a107828286/element - {"using":"xpath","value":"//bdi[contains(text(), \"OK\")]"}
RESULT: {"using":"xpath","value":"//bdi[contains(text(), \"OK\")]"}
COMMAND: POST /session/9eab2abfb92109d83111f8a107828286/element/f.5DB0E6D2BB4820C6A36F69CDDED9F1D7.d.9CD59E2FA18FD047C190214778F6B958.e.25726/click - {}
RESULT: {}
COMMAND: GET /session/9eab2abfb92109d83111f8a107828286/screenshot - {}
RESULT: {}
COMMAND: POST /session/9eab2abfb92109d83111f8a107828286/element - {"using":"xpath","value":"(//span[contains(text(), \"CO/SD checked\")]/parent::div/preceding-sibling::div/span)[1]"}
RESULT: {"using":"xpath","value":"(//span[contains(text(), \"CO/SD checked\")]/parent::div/preceding-sibling::div/span)[1]"}
COMMAND: POST /session/9eab2abfb92109d83111f8a107828286/element/f.5DB0E6D2BB4820C6A36F69CDDED9F1D7.d.9CD59E2FA18FD047C190214778F6B958.e.25727/click - {}
RESULT: {}
COMMAND: GET /session/9eab2abfb92109d83111f8a107828286/screenshot - {}
RESULT: {}
COMMAND: POST /session/9eab2abfb92109d83111f8a107828286/element - {"using":"xpath","value":"//input[contains(@id ,\"application-billingtransfer-display-component---billingWorkbench--smartFilterBar-btnBasicSearch\")]"}
RESULT: {"using":"xpath","value":"//input[contains(@id ,\"application-billingtransfer-display-component---billingWorkbench--smartFilterBar-btnBasicSearch\")]"}
COMMAND: POST /session/9eab2abfb92109d83111f8a107828286/elements - {"using":"xpath","value":"//input[contains(@id ,\"application-billingtransfer-display-component---billingWorkbench--smartFilterBar-btnBasicSearch\")]"}
RESULT: {"using":"xpath","value":"//input[contains(@id ,\"application-billingtransfer-display-component---billingWorkbench--smartFilterBar-btnBasicSearch\")]"}
COMMAND: POST /session/9eab2abfb92109d83111f8a107828286/execute/sync - {"script":"<script> [8489 bytes]","args":[{"element-6066-11e4-a52e-4f735466cecf":"f.5DB0E6D2BB4820C6A36F69CDDED9F1D7.d.9CD59E2FA18FD047C190214778F6B958.e.25405","ELEMENT":"f.5DB0E6D2BB4820C6A36F69CDDED9F1D7.d.9CD59E2FA18FD047C190214778F6B958.e.25405"}]}
RESULT: {"script":"<script> [8489 bytes]","args":[{"element-6066-11e4-a52e-4f735466cecf":"f.5DB0E6D2BB4820C6A36F69CDDED9F1D7.d.9CD59E2FA18FD047C190214778F6B958.e.25405","ELEMENT":"f.5DB0E6D2BB4820C6A36F69CDDED9F1D7.d.9CD59E2FA18FD047C190214778F6B958.e.25405"}]}
COMMAND: GET /session/9eab2abfb92109d83111f8a107828286/element/f.5DB0E6D2BB4820C6A36F69CDDED9F1D7.d.9CD59E2FA18FD047C190214778F6B958.e.25405/enabled - {}
COMMAND: GET /session/9eab2abfb92109d83111f8a107828286/screenshot - {}
RESULT: {}
COMMAND: POST /session/9eab2abfb92109d83111f8a107828286/element/f.5DB0E6D2BB4820C6A36F69CDDED9F1D7.d.9CD59E2FA18FD047C190214778F6B958.e.25405/click - {}
COMMAND: GET /session/9eab2abfb92109d83111f8a107828286/screenshot - {}
RESULT: {}
RESULT: {}
COMMAND: GET /session/9eab2abfb92109d83111f8a107828286/screenshot - {}
RESULT: {}
RESULT: {}
COMMAND: POST /session/9eab2abfb92109d83111f8a107828286/element/f.5DB0E6D2BB4820C6A36F69CDDED9F1D7.d.9CD59E2FA18FD047C190214778F6B958.e.25405/clear - {}
RESULT: {}
COMMAND: POST /session/9eab2abfb92109d83111f8a107828286/element/f.5DB0E6D2BB4820C6A36F69CDDED9F1D7.d.9CD59E2FA18FD047C190214778F6B958.e.25405/value - {"text":"10326"}
COMMAND: GET /session/9eab2abfb92109d83111f8a107828286/screenshot - {}
RESULT: {"text":"10326"}
COMMAND: POST /session/9eab2abfb92109d83111f8a107828286/actions - {"actions":[{"id":"action97","type":"key","parameters":{},"actions":[{"type":"keyDown","value":""},{"type":"pause","duration":10},{"type":"keyUp","value":""}]}]}
COMMAND: GET /session/9eab2abfb92109d83111f8a107828286/screenshot - {}
RESULT: {}
RESULT: {"actions":[{"id":"action97","type":"key","parameters":{},"actions":[{"type":"keyDown","value":""},{"type":"pause","duration":10},{"type":"keyUp","value":""}]}]}
COMMAND: GET /session/9eab2abfb92109d83111f8a107828286/screenshot - {}
RESULT: {}
RESULT: {}
COMMAND: POST /session/9eab2abfb92109d83111f8a107828286/element - {"using":"xpath","value":"//span[contains(@id ,\"application-billingtransfer-display-component---billingWorkbench--smartTableBillingRuns-header-inner\")]"}
RESULT: {"using":"xpath","value":"//span[contains(@id ,\"application-billingtransfer-display-component---billingWorkbench--smartTableBillingRuns-header-inner\")]"}
COMMAND: POST /session/9eab2abfb92109d83111f8a107828286/elements - {"using":"xpath","value":"//span[contains(@id ,\"application-billingtransfer-display-component---billingWorkbench--smartTableBillingRuns-header-inner\")]"}
RESULT: {"using":"xpath","value":"//span[contains(@id ,\"application-billingtransfer-display-component---billingWorkbench--smartTableBillingRuns-header-inner\")]"}
COMMAND: POST /session/9eab2abfb92109d83111f8a107828286/execute/sync - {"script":"<script> [56 bytes]","args":[{"element-6066-11e4-a52e-4f735466cecf":"f.5DB0E6D2BB4820C6A36F69CDDED9F1D7.d.9CD59E2FA18FD047C190214778F6B958.e.25722","ELEMENT":"f.5DB0E6D2BB4820C6A36F69CDDED9F1D7.d.9CD59E2FA18FD047C190214778F6B958.e.25722"}]}
RESULT: {"script":"<script> [56 bytes]","args":[{"element-6066-11e4-a52e-4f735466cecf":"f.5DB0E6D2BB4820C6A36F69CDDED9F1D7.d.9CD59E2FA18FD047C190214778F6B958.e.25722","ELEMENT":"f.5DB0E6D2BB4820C6A36F69CDDED9F1D7.d.9CD59E2FA18FD047C190214778F6B958.e.25722"}]}
COMMAND: POST /session/9eab2abfb92109d83111f8a107828286/element - {"using":"xpath","value":"//td[@aria-colindex=\"1\"]/div/div[contains(@class, \"sapMCbBg\")]"}
COMMAND: GET /session/9eab2abfb92109d83111f8a107828286/screenshot - {}
RESULT: {"using":"xpath","value":"//td[@aria-colindex=\"1\"]/div/div[contains(@class, \"sapMCbBg\")]"}
COMMAND: POST /session/9eab2abfb92109d83111f8a107828286/element/f.5DB0E6D2BB4820C6A36F69CDDED9F1D7.d.9CD59E2FA18FD047C190214778F6B958.e.25730/click - {}
RESULT: {}
RESULT: {}
COMMAND: GET /session/9eab2abfb92109d83111f8a107828286/screenshot - {}
RESULT: {}
COMMAND: POST /session/9eab2abfb92109d83111f8a107828286/element - {"using":"xpath","value":"//bdi[text()=\"Transfer\"]"}
RESULT: {"using":"xpath","value":"//bdi[text()=\"Transfer\"]"}
COMMAND: POST /session/9eab2abfb92109d83111f8a107828286/element/f.5DB0E6D2BB4820C6A36F69CDDED9F1D7.d.9CD59E2FA18FD047C190214778F6B958.e.25731/click - {}
RESULT: {}
COMMAND: GET /session/9eab2abfb92109d83111f8a107828286/screenshot - {}
RESULT: {}
COMMAND: POST /session/9eab2abfb92109d83111f8a107828286/element - {"using":"xpath","value":"//bdi[contains(text(), \"OK\")]"}
RESULT: {"using":"xpath","value":"//bdi[contains(text(), \"OK\")]"}
COMMAND: POST /session/9eab2abfb92109d83111f8a107828286/element/f.5DB0E6D2BB4820C6A36F69CDDED9F1D7.d.9CD59E2FA18FD047C190214778F6B958.e.25734/click - {}
RESULT: {}
COMMAND: GET /session/9eab2abfb92109d83111f8a107828286/screenshot - {}
RESULT: {}
COMMAND: POST /session/9eab2abfb92109d83111f8a107828286/element - {"using":"xpath","value":"(//span[contains(text(), \"Completed\")]/parent::div/preceding-sibling::div/span)[1]"}
RESULT: {"using":"xpath","value":"(//span[contains(text(), \"Completed\")]/parent::div/preceding-sibling::div/span)[1]"}
COMMAND: POST /session/9eab2abfb92109d83111f8a107828286/element/f.5DB0E6D2BB4820C6A36F69CDDED9F1D7.d.9CD59E2FA18FD047C190214778F6B958.e.25747/click - {}
RESULT: {}
COMMAND: POST /session/9eab2abfb92109d83111f8a107828286/element - {"using":"xpath","value":"//input[contains(@id ,\"application-billingtransfer-display-component---billingWorkbench--smartFilterBar-btnBasicSearch\")]"}
COMMAND: GET /session/9eab2abfb92109d83111f8a107828286/screenshot - {}
RESULT: {"using":"xpath","value":"//input[contains(@id ,\"application-billingtransfer-display-component---billingWorkbench--smartFilterBar-btnBasicSearch\")]"}
COMMAND: POST /session/9eab2abfb92109d83111f8a107828286/elements - {"using":"xpath","value":"//input[contains(@id ,\"application-billingtransfer-display-component---billingWorkbench--smartFilterBar-btnBasicSearch\")]"}
RESULT: {}
RESULT: {"using":"xpath","value":"//input[contains(@id ,\"application-billingtransfer-display-component---billingWorkbench--smartFilterBar-btnBasicSearch\")]"}
COMMAND: POST /session/9eab2abfb92109d83111f8a107828286/execute/sync - {"script":"<script> [8489 bytes]","args":[{"element-6066-11e4-a52e-4f735466cecf":"f.5DB0E6D2BB4820C6A36F69CDDED9F1D7.d.9CD59E2FA18FD047C190214778F6B958.e.25405","ELEMENT":"f.5DB0E6D2BB4820C6A36F69CDDED9F1D7.d.9CD59E2FA18FD047C190214778F6B958.e.25405"}]}
RESULT: {"script":"<script> [8489 bytes]","args":[{"element-6066-11e4-a52e-4f735466cecf":"f.5DB0E6D2BB4820C6A36F69CDDED9F1D7.d.9CD59E2FA18FD047C190214778F6B958.e.25405","ELEMENT":"f.5DB0E6D2BB4820C6A36F69CDDED9F1D7.d.9CD59E2FA18FD047C190214778F6B958.e.25405"}]}
COMMAND: GET /session/9eab2abfb92109d83111f8a107828286/element/f.5DB0E6D2BB4820C6A36F69CDDED9F1D7.d.9CD59E2FA18FD047C190214778F6B958.e.25405/enabled - {}
COMMAND: GET /session/9eab2abfb92109d83111f8a107828286/screenshot - {}
RESULT: {}
COMMAND: POST /session/9eab2abfb92109d83111f8a107828286/element/f.5DB0E6D2BB4820C6A36F69CDDED9F1D7.d.9CD59E2FA18FD047C190214778F6B958.e.25405/click - {}
COMMAND: GET /session/9eab2abfb92109d83111f8a107828286/screenshot - {}
RESULT: {}
RESULT: {}
COMMAND: GET /session/9eab2abfb92109d83111f8a107828286/screenshot - {}
RESULT: {}
RESULT: {}
COMMAND: POST /session/9eab2abfb92109d83111f8a107828286/element/f.5DB0E6D2BB4820C6A36F69CDDED9F1D7.d.9CD59E2FA18FD047C190214778F6B958.e.25405/clear - {}
RESULT: {}
COMMAND: POST /session/9eab2abfb92109d83111f8a107828286/element/f.5DB0E6D2BB4820C6A36F69CDDED9F1D7.d.9CD59E2FA18FD047C190214778F6B958.e.25405/value - {"text":"10326"}
COMMAND: GET /session/9eab2abfb92109d83111f8a107828286/screenshot - {}
RESULT: {"text":"10326"}
COMMAND: POST /session/9eab2abfb92109d83111f8a107828286/actions - {"actions":[{"id":"action98","type":"key","parameters":{},"actions":[{"type":"keyDown","value":""},{"type":"pause","duration":10},{"type":"keyUp","value":""}]}]}
COMMAND: GET /session/9eab2abfb92109d83111f8a107828286/screenshot - {}
RESULT: {}
RESULT: {"actions":[{"id":"action98","type":"key","parameters":{},"actions":[{"type":"keyDown","value":""},{"type":"pause","duration":10},{"type":"keyUp","value":""}]}]}
COMMAND: GET /session/9eab2abfb92109d83111f8a107828286/screenshot - {}
RESULT: {}
RESULT: {}
COMMAND: POST /session/9eab2abfb92109d83111f8a107828286/element - {"using":"xpath","value":"//span[contains(@id ,\"application-billingtransfer-display-component---billingWorkbench--smartTableBillingRuns-header-inner\")]"}
RESULT: {"using":"xpath","value":"//span[contains(@id ,\"application-billingtransfer-display-component---billingWorkbench--smartTableBillingRuns-header-inner\")]"}
COMMAND: POST /session/9eab2abfb92109d83111f8a107828286/elements - {"using":"xpath","value":"//span[contains(@id ,\"application-billingtransfer-display-component---billingWorkbench--smartTableBillingRuns-header-inner\")]"}
RESULT: {"using":"xpath","value":"//span[contains(@id ,\"application-billingtransfer-display-component---billingWorkbench--smartTableBillingRuns-header-inner\")]"}
COMMAND: POST /session/9eab2abfb92109d83111f8a107828286/execute/sync - {"script":"<script> [56 bytes]","args":[{"element-6066-11e4-a52e-4f735466cecf":"f.5DB0E6D2BB4820C6A36F69CDDED9F1D7.d.9CD59E2FA18FD047C190214778F6B958.e.25722","ELEMENT":"f.5DB0E6D2BB4820C6A36F69CDDED9F1D7.d.9CD59E2FA18FD047C190214778F6B958.e.25722"}]}
RESULT: {"script":"<script> [56 bytes]","args":[{"element-6066-11e4-a52e-4f735466cecf":"f.5DB0E6D2BB4820C6A36F69CDDED9F1D7.d.9CD59E2FA18FD047C190214778F6B958.e.25722","ELEMENT":"f.5DB0E6D2BB4820C6A36F69CDDED9F1D7.d.9CD59E2FA18FD047C190214778F6B958.e.25722"}]}
COMMAND: POST /session/9eab2abfb92109d83111f8a107828286/element - {"using":"css selector","value":"#shell-header-logo"}
COMMAND: GET /session/9eab2abfb92109d83111f8a107828286/screenshot - {}
RESULT: {"using":"css selector","value":"#shell-header-logo"}
COMMAND: POST /session/9eab2abfb92109d83111f8a107828286/element/f.5DB0E6D2BB4820C6A36F69CDDED9F1D7.d.9CD59E2FA18FD047C190214778F6B958.e.25403/click - {}
RESULT: {}
RESULT: {}
COMMAND: GET /session/9eab2abfb92109d83111f8a107828286/screenshot - {}
RESULT: {}
]]></system-out>
    </testcase>
    <testcase classname="chrome.136_0_7103_93.windows.Billing_Calculation_-_Time_based_(considering_transport_times)_US139738" name="Should navigate to the contract item check the billed until field value" time="53.538">
      <system-out><![CDATA[
RESULT: undefined
COMMAND: POST /session/9eab2abfb92109d83111f8a107828286/element - {"using":"xpath","value":"//*[@id=\"__tile132\"]"}
RESULT: {"using":"xpath","value":"//*[@id=\"__tile132\"]"}
COMMAND: POST /session/9eab2abfb92109d83111f8a107828286/element/f.5DB0E6D2BB4820C6A36F69CDDED9F1D7.d.9CD59E2FA18FD047C190214778F6B958.e.18580/click - {}
RESULT: {}
COMMAND: GET /session/9eab2abfb92109d83111f8a107828286/screenshot - {}
RESULT: {}
COMMAND: POST /session/9eab2abfb92109d83111f8a107828286/elements - {"using":"xpath","value":"//span[text()='Error']"}
RESULT: {"using":"xpath","value":"//span[text()='Error']"}
COMMAND: POST /session/9eab2abfb92109d83111f8a107828286/element - {"using":"xpath","value":"//button[@data-kt=\"addButton\"]"}
RESULT: {"using":"xpath","value":"//button[@data-kt=\"addButton\"]"}
COMMAND: POST /session/9eab2abfb92109d83111f8a107828286/elements - {"using":"xpath","value":"//button[@data-kt=\"addButton\"]"}
RESULT: {"using":"xpath","value":"//button[@data-kt=\"addButton\"]"}
COMMAND: POST /session/9eab2abfb92109d83111f8a107828286/execute/sync - {"script":"<script> [8489 bytes]","args":[{"element-6066-11e4-a52e-4f735466cecf":"f.5DB0E6D2BB4820C6A36F69CDDED9F1D7.d.9CD59E2FA18FD047C190214778F6B958.e.25801","ELEMENT":"f.5DB0E6D2BB4820C6A36F69CDDED9F1D7.d.9CD59E2FA18FD047C190214778F6B958.e.25801"}]}
RESULT: {"script":"<script> [8489 bytes]","args":[{"element-6066-11e4-a52e-4f735466cecf":"f.5DB0E6D2BB4820C6A36F69CDDED9F1D7.d.9CD59E2FA18FD047C190214778F6B958.e.25801","ELEMENT":"f.5DB0E6D2BB4820C6A36F69CDDED9F1D7.d.9CD59E2FA18FD047C190214778F6B958.e.25801"}]}
COMMAND: GET /session/9eab2abfb92109d83111f8a107828286/element/f.5DB0E6D2BB4820C6A36F69CDDED9F1D7.d.9CD59E2FA18FD047C190214778F6B958.e.25801/enabled - {}
COMMAND: GET /session/9eab2abfb92109d83111f8a107828286/screenshot - {}
RESULT: {}
COMMAND: POST /session/9eab2abfb92109d83111f8a107828286/execute/sync - {"script":"<script> [8489 bytes]","args":[{"element-6066-11e4-a52e-4f735466cecf":"f.5DB0E6D2BB4820C6A36F69CDDED9F1D7.d.9CD59E2FA18FD047C190214778F6B958.e.25801","ELEMENT":"f.5DB0E6D2BB4820C6A36F69CDDED9F1D7.d.9CD59E2FA18FD047C190214778F6B958.e.25801"}]}
COMMAND: GET /session/9eab2abfb92109d83111f8a107828286/screenshot - {}
RESULT: {}
RESULT: {"script":"<script> [8489 bytes]","args":[{"element-6066-11e4-a52e-4f735466cecf":"f.5DB0E6D2BB4820C6A36F69CDDED9F1D7.d.9CD59E2FA18FD047C190214778F6B958.e.25801","ELEMENT":"f.5DB0E6D2BB4820C6A36F69CDDED9F1D7.d.9CD59E2FA18FD047C190214778F6B958.e.25801"}]}
COMMAND: POST /session/9eab2abfb92109d83111f8a107828286/execute/sync - {"script":"<script> [5351 bytes]","args":[{"element-6066-11e4-a52e-4f735466cecf":"f.5DB0E6D2BB4820C6A36F69CDDED9F1D7.d.9CD59E2FA18FD047C190214778F6B958.e.25801","ELEMENT":"f.5DB0E6D2BB4820C6A36F69CDDED9F1D7.d.9CD59E2FA18FD047C190214778F6B958.e.25801"}]}
COMMAND: GET /session/9eab2abfb92109d83111f8a107828286/screenshot - {}
RESULT: {}
RESULT: {"script":"<script> [5351 bytes]","args":[{"element-6066-11e4-a52e-4f735466cecf":"f.5DB0E6D2BB4820C6A36F69CDDED9F1D7.d.9CD59E2FA18FD047C190214778F6B958.e.25801","ELEMENT":"f.5DB0E6D2BB4820C6A36F69CDDED9F1D7.d.9CD59E2FA18FD047C190214778F6B958.e.25801"}]}
COMMAND: POST /session/9eab2abfb92109d83111f8a107828286/element - {"using":"xpath","value":"//input[contains(@id ,\"smartContractFilterBar-btnBasicSearch-I\")]"}
COMMAND: GET /session/9eab2abfb92109d83111f8a107828286/screenshot - {}
RESULT: {}
RESULT: {"using":"xpath","value":"//input[contains(@id ,\"smartContractFilterBar-btnBasicSearch-I\")]"}
COMMAND: POST /session/9eab2abfb92109d83111f8a107828286/elements - {"using":"xpath","value":"//input[contains(@id ,\"smartContractFilterBar-btnBasicSearch-I\")]"}
RESULT: {}
RESULT: {"using":"xpath","value":"//input[contains(@id ,\"smartContractFilterBar-btnBasicSearch-I\")]"}
COMMAND: POST /session/9eab2abfb92109d83111f8a107828286/execute/sync - {"script":"<script> [8489 bytes]","args":[{"element-6066-11e4-a52e-4f735466cecf":"f.5DB0E6D2BB4820C6A36F69CDDED9F1D7.d.9CD59E2FA18FD047C190214778F6B958.e.25764","ELEMENT":"f.5DB0E6D2BB4820C6A36F69CDDED9F1D7.d.9CD59E2FA18FD047C190214778F6B958.e.25764"}]}
RESULT: {"script":"<script> [8489 bytes]","args":[{"element-6066-11e4-a52e-4f735466cecf":"f.5DB0E6D2BB4820C6A36F69CDDED9F1D7.d.9CD59E2FA18FD047C190214778F6B958.e.25764","ELEMENT":"f.5DB0E6D2BB4820C6A36F69CDDED9F1D7.d.9CD59E2FA18FD047C190214778F6B958.e.25764"}]}
COMMAND: GET /session/9eab2abfb92109d83111f8a107828286/element/f.5DB0E6D2BB4820C6A36F69CDDED9F1D7.d.9CD59E2FA18FD047C190214778F6B958.e.25764/enabled - {}
COMMAND: GET /session/9eab2abfb92109d83111f8a107828286/screenshot - {}
RESULT: {}
COMMAND: POST /session/9eab2abfb92109d83111f8a107828286/element/f.5DB0E6D2BB4820C6A36F69CDDED9F1D7.d.9CD59E2FA18FD047C190214778F6B958.e.25764/clear - {}
COMMAND: GET /session/9eab2abfb92109d83111f8a107828286/screenshot - {}
RESULT: {}
RESULT: {}
COMMAND: POST /session/9eab2abfb92109d83111f8a107828286/element/f.5DB0E6D2BB4820C6A36F69CDDED9F1D7.d.9CD59E2FA18FD047C190214778F6B958.e.25764/value - {"text":"10326"}
COMMAND: GET /session/9eab2abfb92109d83111f8a107828286/screenshot - {}
RESULT: {}
RESULT: {"text":"10326"}
COMMAND: GET /session/9eab2abfb92109d83111f8a107828286/screenshot - {}
RESULT: {}
RESULT: {}
COMMAND: POST /session/9eab2abfb92109d83111f8a107828286/actions - {"actions":[{"id":"action99","type":"key","parameters":{},"actions":[{"type":"keyDown","value":""},{"type":"pause","duration":10},{"type":"keyUp","value":""}]}]}
RESULT: {"actions":[{"id":"action99","type":"key","parameters":{},"actions":[{"type":"keyDown","value":""},{"type":"pause","duration":10},{"type":"keyUp","value":""}]}]}
COMMAND: GET /session/9eab2abfb92109d83111f8a107828286/screenshot - {}
RESULT: {}
COMMAND: POST /session/9eab2abfb92109d83111f8a107828286/element - {"using":"xpath","value":"//span[contains(@id, \"masterListContractsSmartTable-header-inner\")]"}
RESULT: {"using":"xpath","value":"//span[contains(@id, \"masterListContractsSmartTable-header-inner\")]"}
COMMAND: POST /session/9eab2abfb92109d83111f8a107828286/elements - {"using":"xpath","value":"//span[contains(@id, \"masterListContractsSmartTable-header-inner\")]"}
RESULT: {"using":"xpath","value":"//span[contains(@id, \"masterListContractsSmartTable-header-inner\")]"}
COMMAND: POST /session/9eab2abfb92109d83111f8a107828286/execute/sync - {"script":"<script> [56 bytes]","args":[{"element-6066-11e4-a52e-4f735466cecf":"f.5DB0E6D2BB4820C6A36F69CDDED9F1D7.d.9CD59E2FA18FD047C190214778F6B958.e.25868","ELEMENT":"f.5DB0E6D2BB4820C6A36F69CDDED9F1D7.d.9CD59E2FA18FD047C190214778F6B958.e.25868"}]}
RESULT: {"script":"<script> [56 bytes]","args":[{"element-6066-11e4-a52e-4f735466cecf":"f.5DB0E6D2BB4820C6A36F69CDDED9F1D7.d.9CD59E2FA18FD047C190214778F6B958.e.25868","ELEMENT":"f.5DB0E6D2BB4820C6A36F69CDDED9F1D7.d.9CD59E2FA18FD047C190214778F6B958.e.25868"}]}
COMMAND: POST /session/9eab2abfb92109d83111f8a107828286/element - {"using":"xpath","value":"(//span[contains(@id, \"imgNav\")])[1]"}
COMMAND: GET /session/9eab2abfb92109d83111f8a107828286/screenshot - {}
RESULT: {"using":"xpath","value":"(//span[contains(@id, \"imgNav\")])[1]"}
COMMAND: POST /session/9eab2abfb92109d83111f8a107828286/element/f.5DB0E6D2BB4820C6A36F69CDDED9F1D7.d.9CD59E2FA18FD047C190214778F6B958.e.25866/click - {}
RESULT: {}
RESULT: {}
COMMAND: GET /session/9eab2abfb92109d83111f8a107828286/screenshot - {}
RESULT: {}
COMMAND: POST /session/9eab2abfb92109d83111f8a107828286/element - {"using":"xpath","value":"//tr[@data-kt=\"productsColumnListItem\"]//td//span[contains(@id, \"imgNav\")][1]"}
RESULT: {"using":"xpath","value":"//tr[@data-kt=\"productsColumnListItem\"]//td//span[contains(@id, \"imgNav\")][1]"}
COMMAND: POST /session/9eab2abfb92109d83111f8a107828286/element/f.5DB0E6D2BB4820C6A36F69CDDED9F1D7.d.9CD59E2FA18FD047C190214778F6B958.e.26030/click - {}
RESULT: {}
COMMAND: GET /session/9eab2abfb92109d83111f8a107828286/screenshot - {}
RESULT: {}
COMMAND: POST /session/9eab2abfb92109d83111f8a107828286/element - {"using":"xpath","value":"//section[contains(@id, \"application-managecontracts-display-component---BillingItem--ObjectPageLayout-OPHeaderContent\")]/div/div/div/div/div[2]/div/div[2]/span"}
RESULT: {"using":"xpath","value":"//section[contains(@id, \"application-managecontracts-display-component---BillingItem--ObjectPageLayout-OPHeaderContent\")]/div/div/div/div/div[2]/div/div[2]/span"}
COMMAND: POST /session/9eab2abfb92109d83111f8a107828286/execute/sync - {"script":"<script> [56 bytes]","args":[{"element-6066-11e4-a52e-4f735466cecf":"f.5DB0E6D2BB4820C6A36F69CDDED9F1D7.d.9CD59E2FA18FD047C190214778F6B958.e.26159","ELEMENT":"f.5DB0E6D2BB4820C6A36F69CDDED9F1D7.d.9CD59E2FA18FD047C190214778F6B958.e.26159"}]}
RESULT: {"script":"<script> [56 bytes]","args":[{"element-6066-11e4-a52e-4f735466cecf":"f.5DB0E6D2BB4820C6A36F69CDDED9F1D7.d.9CD59E2FA18FD047C190214778F6B958.e.26159","ELEMENT":"f.5DB0E6D2BB4820C6A36F69CDDED9F1D7.d.9CD59E2FA18FD047C190214778F6B958.e.26159"}]}
COMMAND: POST /session/9eab2abfb92109d83111f8a107828286/element - {"using":"xpath","value":"//table[contains(@id, \"application-managecontracts-display-component---BillingItem--billingList-listUl\")]//td//*[contains(text(), \"final billed\")]"}
COMMAND: GET /session/9eab2abfb92109d83111f8a107828286/screenshot - {}
RESULT: {"using":"xpath","value":"//table[contains(@id, \"application-managecontracts-display-component---BillingItem--billingList-listUl\")]//td//*[contains(text(), \"final billed\")]"}
COMMAND: POST /session/9eab2abfb92109d83111f8a107828286/execute/sync - {"script":"<script> [56 bytes]","args":[{"element-6066-11e4-a52e-4f735466cecf":"f.5DB0E6D2BB4820C6A36F69CDDED9F1D7.d.9CD59E2FA18FD047C190214778F6B958.e.26160","ELEMENT":"f.5DB0E6D2BB4820C6A36F69CDDED9F1D7.d.9CD59E2FA18FD047C190214778F6B958.e.26160"}]}
RESULT: {}
RESULT: {"script":"<script> [56 bytes]","args":[{"element-6066-11e4-a52e-4f735466cecf":"f.5DB0E6D2BB4820C6A36F69CDDED9F1D7.d.9CD59E2FA18FD047C190214778F6B958.e.26160","ELEMENT":"f.5DB0E6D2BB4820C6A36F69CDDED9F1D7.d.9CD59E2FA18FD047C190214778F6B958.e.26160"}]}
COMMAND: POST /session/9eab2abfb92109d83111f8a107828286/element - {"using":"css selector","value":"#shell-header-logo"}
COMMAND: GET /session/9eab2abfb92109d83111f8a107828286/screenshot - {}
RESULT: {"using":"css selector","value":"#shell-header-logo"}
COMMAND: POST /session/9eab2abfb92109d83111f8a107828286/element/f.5DB0E6D2BB4820C6A36F69CDDED9F1D7.d.9CD59E2FA18FD047C190214778F6B958.e.25755/click - {}
RESULT: {}
RESULT: {}
COMMAND: GET /session/9eab2abfb92109d83111f8a107828286/screenshot - {}
RESULT: {}
COMMAND: DELETE /session/9eab2abfb92109d83111f8a107828286 - {}
RESULT: {}
]]></system-out>
    </testcase>
  </testsuite>
</testsuites>