<?xml version="1.0" encoding="UTF-8"?>
<testsuites tests="9" failures="1" errors="1" skipped="0">
  <testsuite timestamp="2025-05-02T17:57:28" time="946.348" tests="9" failures="1" errors="1" skipped="0">
    <properties>
      <property name="specId" value="0" />
      <property name="suiteName" value="Tests for Mass State Change on Manage States &amp; Performances US104416 US" />
      <property name="capabilities" value="chrome.135_0_7049_96.windows" />
      <property name="file" value="file:///D:/a/1/s/test/specs/HTR/create-mass-state-change.spec.js" />
    </properties>
    <testcase classname="chrome.135_0_7049_96.windows.Tests_for_Mass_State_Change_on_Manage_States_&amp;_Performances_US104416_US" name="Prereq Should create a new yard used for all following tests" time="137.794">
      <system-out><![CDATA[
COMMAND: POST /session/4ec1c74e4e20137f0b04e573c219e7fc/window/fullscreen - {}
RESULT: {}
COMMAND: POST /session/4ec1c74e4e20137f0b04e573c219e7fc/execute/async - {"script":"<script> [1562 bytes]","args":[{"selector":{"controlType":"sap.m.GenericTile","properties":{"header":"Manage Yards"}},"wdio_ui5_key":"sapm.GenericTile{\"header\":\"Manage Yards\"}"}]}
RESULT: {"script":"<script> [1562 bytes]","args":[{"selector":{"controlType":"sap.m.GenericTile","properties":{"header":"Manage Yards"}},"wdio_ui5_key":"sapm.GenericTile{\"header\":\"Manage Yards\"}"}]}
RESULT: undefined
COMMAND: POST /session/4ec1c74e4e20137f0b04e573c219e7fc/element - {"using":"xpath","value":"//*[@id=\"__tile41\"]"}
RESULT: {"using":"xpath","value":"//*[@id=\"__tile41\"]"}
COMMAND: POST /session/4ec1c74e4e20137f0b04e573c219e7fc/element/f.A540A0CCC69AE3F101933FDACCCCD7CE.d.C7548F9E921B559079E557FC388BBF2F.e.165/click - {}
RESULT: {}
COMMAND: POST /session/4ec1c74e4e20137f0b04e573c219e7fc/element - {"using":"xpath","value":"//button[@data-kt=\"addNewYardOverflowToolbarButton\"]"}
COMMAND: GET /session/4ec1c74e4e20137f0b04e573c219e7fc/screenshot - {}
RESULT: {"using":"xpath","value":"//button[@data-kt=\"addNewYardOverflowToolbarButton\"]"}
COMMAND: POST /session/4ec1c74e4e20137f0b04e573c219e7fc/elements - {"using":"xpath","value":"//button[@data-kt=\"addNewYardOverflowToolbarButton\"]"}
RESULT: {}
RESULT: {"using":"xpath","value":"//button[@data-kt=\"addNewYardOverflowToolbarButton\"]"}
COMMAND: POST /session/4ec1c74e4e20137f0b04e573c219e7fc/elements - {"using":"xpath","value":"//button[@data-kt=\"addNewYardOverflowToolbarButton\"]"}
RESULT: {"using":"xpath","value":"//button[@data-kt=\"addNewYardOverflowToolbarButton\"]"}
COMMAND: POST /session/4ec1c74e4e20137f0b04e573c219e7fc/elements - {"using":"xpath","value":"//button[@data-kt=\"addNewYardOverflowToolbarButton\"]"}
RESULT: {"using":"xpath","value":"//button[@data-kt=\"addNewYardOverflowToolbarButton\"]"}
COMMAND: POST /session/4ec1c74e4e20137f0b04e573c219e7fc/elements - {"using":"xpath","value":"//button[@data-kt=\"addNewYardOverflowToolbarButton\"]"}
RESULT: {"using":"xpath","value":"//button[@data-kt=\"addNewYardOverflowToolbarButton\"]"}
COMMAND: POST /session/4ec1c74e4e20137f0b04e573c219e7fc/elements - {"using":"xpath","value":"//button[@data-kt=\"addNewYardOverflowToolbarButton\"]"}
RESULT: {"using":"xpath","value":"//button[@data-kt=\"addNewYardOverflowToolbarButton\"]"}
COMMAND: POST /session/4ec1c74e4e20137f0b04e573c219e7fc/elements - {"using":"xpath","value":"//button[@data-kt=\"addNewYardOverflowToolbarButton\"]"}
RESULT: {"using":"xpath","value":"//button[@data-kt=\"addNewYardOverflowToolbarButton\"]"}
COMMAND: POST /session/4ec1c74e4e20137f0b04e573c219e7fc/elements - {"using":"xpath","value":"//button[@data-kt=\"addNewYardOverflowToolbarButton\"]"}
RESULT: {"using":"xpath","value":"//button[@data-kt=\"addNewYardOverflowToolbarButton\"]"}
COMMAND: POST /session/4ec1c74e4e20137f0b04e573c219e7fc/elements - {"using":"xpath","value":"//button[@data-kt=\"addNewYardOverflowToolbarButton\"]"}
RESULT: {"using":"xpath","value":"//button[@data-kt=\"addNewYardOverflowToolbarButton\"]"}
COMMAND: POST /session/4ec1c74e4e20137f0b04e573c219e7fc/elements - {"using":"xpath","value":"//button[@data-kt=\"addNewYardOverflowToolbarButton\"]"}
RESULT: {"using":"xpath","value":"//button[@data-kt=\"addNewYardOverflowToolbarButton\"]"}
COMMAND: POST /session/4ec1c74e4e20137f0b04e573c219e7fc/elements - {"using":"xpath","value":"//button[@data-kt=\"addNewYardOverflowToolbarButton\"]"}
RESULT: {"using":"xpath","value":"//button[@data-kt=\"addNewYardOverflowToolbarButton\"]"}
COMMAND: POST /session/4ec1c74e4e20137f0b04e573c219e7fc/elements - {"using":"xpath","value":"//button[@data-kt=\"addNewYardOverflowToolbarButton\"]"}
RESULT: {"using":"xpath","value":"//button[@data-kt=\"addNewYardOverflowToolbarButton\"]"}
COMMAND: POST /session/4ec1c74e4e20137f0b04e573c219e7fc/elements - {"using":"xpath","value":"//button[@data-kt=\"addNewYardOverflowToolbarButton\"]"}
RESULT: {"using":"xpath","value":"//button[@data-kt=\"addNewYardOverflowToolbarButton\"]"}
COMMAND: POST /session/4ec1c74e4e20137f0b04e573c219e7fc/elements - {"using":"xpath","value":"//button[@data-kt=\"addNewYardOverflowToolbarButton\"]"}
RESULT: {"using":"xpath","value":"//button[@data-kt=\"addNewYardOverflowToolbarButton\"]"}
COMMAND: POST /session/4ec1c74e4e20137f0b04e573c219e7fc/elements - {"using":"xpath","value":"//button[@data-kt=\"addNewYardOverflowToolbarButton\"]"}
RESULT: {"using":"xpath","value":"//button[@data-kt=\"addNewYardOverflowToolbarButton\"]"}
COMMAND: POST /session/4ec1c74e4e20137f0b04e573c219e7fc/elements - {"using":"xpath","value":"//button[@data-kt=\"addNewYardOverflowToolbarButton\"]"}
RESULT: {"using":"xpath","value":"//button[@data-kt=\"addNewYardOverflowToolbarButton\"]"}
COMMAND: POST /session/4ec1c74e4e20137f0b04e573c219e7fc/elements - {"using":"xpath","value":"//button[@data-kt=\"addNewYardOverflowToolbarButton\"]"}
RESULT: {"using":"xpath","value":"//button[@data-kt=\"addNewYardOverflowToolbarButton\"]"}
COMMAND: POST /session/4ec1c74e4e20137f0b04e573c219e7fc/elements - {"using":"xpath","value":"//button[@data-kt=\"addNewYardOverflowToolbarButton\"]"}
RESULT: {"using":"xpath","value":"//button[@data-kt=\"addNewYardOverflowToolbarButton\"]"}
COMMAND: POST /session/4ec1c74e4e20137f0b04e573c219e7fc/elements - {"using":"xpath","value":"//button[@data-kt=\"addNewYardOverflowToolbarButton\"]"}
RESULT: {"using":"xpath","value":"//button[@data-kt=\"addNewYardOverflowToolbarButton\"]"}
COMMAND: POST /session/4ec1c74e4e20137f0b04e573c219e7fc/elements - {"using":"xpath","value":"//button[@data-kt=\"addNewYardOverflowToolbarButton\"]"}
RESULT: {"using":"xpath","value":"//button[@data-kt=\"addNewYardOverflowToolbarButton\"]"}
COMMAND: POST /session/4ec1c74e4e20137f0b04e573c219e7fc/elements - {"using":"xpath","value":"//button[@data-kt=\"addNewYardOverflowToolbarButton\"]"}
RESULT: {"using":"xpath","value":"//button[@data-kt=\"addNewYardOverflowToolbarButton\"]"}
COMMAND: POST /session/4ec1c74e4e20137f0b04e573c219e7fc/elements - {"using":"xpath","value":"//button[@data-kt=\"addNewYardOverflowToolbarButton\"]"}
RESULT: {"using":"xpath","value":"//button[@data-kt=\"addNewYardOverflowToolbarButton\"]"}
COMMAND: POST /session/4ec1c74e4e20137f0b04e573c219e7fc/elements - {"using":"xpath","value":"//button[@data-kt=\"addNewYardOverflowToolbarButton\"]"}
RESULT: {"using":"xpath","value":"//button[@data-kt=\"addNewYardOverflowToolbarButton\"]"}
COMMAND: POST /session/4ec1c74e4e20137f0b04e573c219e7fc/elements - {"using":"xpath","value":"//button[@data-kt=\"addNewYardOverflowToolbarButton\"]"}
RESULT: {"using":"xpath","value":"//button[@data-kt=\"addNewYardOverflowToolbarButton\"]"}
COMMAND: POST /session/4ec1c74e4e20137f0b04e573c219e7fc/elements - {"using":"xpath","value":"//button[@data-kt=\"addNewYardOverflowToolbarButton\"]"}
RESULT: {"using":"xpath","value":"//button[@data-kt=\"addNewYardOverflowToolbarButton\"]"}
COMMAND: POST /session/4ec1c74e4e20137f0b04e573c219e7fc/elements - {"using":"xpath","value":"//button[@data-kt=\"addNewYardOverflowToolbarButton\"]"}
RESULT: {"using":"xpath","value":"//button[@data-kt=\"addNewYardOverflowToolbarButton\"]"}
COMMAND: POST /session/4ec1c74e4e20137f0b04e573c219e7fc/elements - {"using":"xpath","value":"//button[@data-kt=\"addNewYardOverflowToolbarButton\"]"}
RESULT: {"using":"xpath","value":"//button[@data-kt=\"addNewYardOverflowToolbarButton\"]"}
COMMAND: POST /session/4ec1c74e4e20137f0b04e573c219e7fc/elements - {"using":"xpath","value":"//button[@data-kt=\"addNewYardOverflowToolbarButton\"]"}
RESULT: {"using":"xpath","value":"//button[@data-kt=\"addNewYardOverflowToolbarButton\"]"}
COMMAND: POST /session/4ec1c74e4e20137f0b04e573c219e7fc/elements - {"using":"xpath","value":"//button[@data-kt=\"addNewYardOverflowToolbarButton\"]"}
RESULT: {"using":"xpath","value":"//button[@data-kt=\"addNewYardOverflowToolbarButton\"]"}
COMMAND: POST /session/4ec1c74e4e20137f0b04e573c219e7fc/elements - {"using":"xpath","value":"//button[@data-kt=\"addNewYardOverflowToolbarButton\"]"}
RESULT: {"using":"xpath","value":"//button[@data-kt=\"addNewYardOverflowToolbarButton\"]"}
COMMAND: POST /session/4ec1c74e4e20137f0b04e573c219e7fc/elements - {"using":"xpath","value":"//button[@data-kt=\"addNewYardOverflowToolbarButton\"]"}
RESULT: {"using":"xpath","value":"//button[@data-kt=\"addNewYardOverflowToolbarButton\"]"}
COMMAND: POST /session/4ec1c74e4e20137f0b04e573c219e7fc/elements - {"using":"xpath","value":"//button[@data-kt=\"addNewYardOverflowToolbarButton\"]"}
RESULT: {"using":"xpath","value":"//button[@data-kt=\"addNewYardOverflowToolbarButton\"]"}
COMMAND: POST /session/4ec1c74e4e20137f0b04e573c219e7fc/elements - {"using":"xpath","value":"//button[@data-kt=\"addNewYardOverflowToolbarButton\"]"}
RESULT: {"using":"xpath","value":"//button[@data-kt=\"addNewYardOverflowToolbarButton\"]"}
COMMAND: POST /session/4ec1c74e4e20137f0b04e573c219e7fc/elements - {"using":"xpath","value":"//button[@data-kt=\"addNewYardOverflowToolbarButton\"]"}
RESULT: {"using":"xpath","value":"//button[@data-kt=\"addNewYardOverflowToolbarButton\"]"}
COMMAND: POST /session/4ec1c74e4e20137f0b04e573c219e7fc/elements - {"using":"xpath","value":"//button[@data-kt=\"addNewYardOverflowToolbarButton\"]"}
RESULT: {"using":"xpath","value":"//button[@data-kt=\"addNewYardOverflowToolbarButton\"]"}
COMMAND: POST /session/4ec1c74e4e20137f0b04e573c219e7fc/element - {"using":"xpath","value":"//button[@data-kt=\"addNewYardOverflowToolbarButton\"]"}
RESULT: {"using":"xpath","value":"//button[@data-kt=\"addNewYardOverflowToolbarButton\"]"}
COMMAND: POST /session/4ec1c74e4e20137f0b04e573c219e7fc/execute/sync - {"script":"<script> [8489 bytes]","args":[{"element-6066-11e4-a52e-4f735466cecf":"f.A540A0CCC69AE3F101933FDACCCCD7CE.d.C7548F9E921B559079E557FC388BBF2F.e.302","ELEMENT":"f.A540A0CCC69AE3F101933FDACCCCD7CE.d.C7548F9E921B559079E557FC388BBF2F.e.302"}]}
RESULT: {"script":"<script> [8489 bytes]","args":[{"element-6066-11e4-a52e-4f735466cecf":"f.A540A0CCC69AE3F101933FDACCCCD7CE.d.C7548F9E921B559079E557FC388BBF2F.e.302","ELEMENT":"f.A540A0CCC69AE3F101933FDACCCCD7CE.d.C7548F9E921B559079E557FC388BBF2F.e.302"}]}
COMMAND: GET /session/4ec1c74e4e20137f0b04e573c219e7fc/element/f.A540A0CCC69AE3F101933FDACCCCD7CE.d.C7548F9E921B559079E557FC388BBF2F.e.302/enabled - {}
COMMAND: GET /session/4ec1c74e4e20137f0b04e573c219e7fc/screenshot - {}
RESULT: {}
COMMAND: POST /session/4ec1c74e4e20137f0b04e573c219e7fc/execute/sync - {"script":"<script> [8489 bytes]","args":[{"element-6066-11e4-a52e-4f735466cecf":"f.A540A0CCC69AE3F101933FDACCCCD7CE.d.C7548F9E921B559079E557FC388BBF2F.e.302","ELEMENT":"f.A540A0CCC69AE3F101933FDACCCCD7CE.d.C7548F9E921B559079E557FC388BBF2F.e.302"}]}
COMMAND: GET /session/4ec1c74e4e20137f0b04e573c219e7fc/screenshot - {}
RESULT: {}
RESULT: {"script":"<script> [8489 bytes]","args":[{"element-6066-11e4-a52e-4f735466cecf":"f.A540A0CCC69AE3F101933FDACCCCD7CE.d.C7548F9E921B559079E557FC388BBF2F.e.302","ELEMENT":"f.A540A0CCC69AE3F101933FDACCCCD7CE.d.C7548F9E921B559079E557FC388BBF2F.e.302"}]}
COMMAND: POST /session/4ec1c74e4e20137f0b04e573c219e7fc/execute/sync - {"script":"<script> [5351 bytes]","args":[{"element-6066-11e4-a52e-4f735466cecf":"f.A540A0CCC69AE3F101933FDACCCCD7CE.d.C7548F9E921B559079E557FC388BBF2F.e.302","ELEMENT":"f.A540A0CCC69AE3F101933FDACCCCD7CE.d.C7548F9E921B559079E557FC388BBF2F.e.302"}]}
COMMAND: GET /session/4ec1c74e4e20137f0b04e573c219e7fc/screenshot - {}
RESULT: {}
RESULT: {"script":"<script> [5351 bytes]","args":[{"element-6066-11e4-a52e-4f735466cecf":"f.A540A0CCC69AE3F101933FDACCCCD7CE.d.C7548F9E921B559079E557FC388BBF2F.e.302","ELEMENT":"f.A540A0CCC69AE3F101933FDACCCCD7CE.d.C7548F9E921B559079E557FC388BBF2F.e.302"}]}
COMMAND: POST /session/4ec1c74e4e20137f0b04e573c219e7fc/element/f.A540A0CCC69AE3F101933FDACCCCD7CE.d.C7548F9E921B559079E557FC388BBF2F.e.302/click - {}
COMMAND: GET /session/4ec1c74e4e20137f0b04e573c219e7fc/screenshot - {}
RESULT: {}
RESULT: {}
COMMAND: GET /session/4ec1c74e4e20137f0b04e573c219e7fc/screenshot - {}
COMMAND: POST /session/4ec1c74e4e20137f0b04e573c219e7fc/element - {"using":"xpath","value":"//input[@id=\"application-manageyards-display-component---NewYard--yardId-inner\"]"}
RESULT: {}
RESULT: {}
RESULT: {"using":"xpath","value":"//input[@id=\"application-manageyards-display-component---NewYard--yardId-inner\"]"}
COMMAND: POST /session/4ec1c74e4e20137f0b04e573c219e7fc/element - {"using":"xpath","value":"//input[@id=\"application-manageyards-display-component---NewYard--yardId-inner\"]"}
RESULT: {"using":"xpath","value":"//input[@id=\"application-manageyards-display-component---NewYard--yardId-inner\"]"}
COMMAND: POST /session/4ec1c74e4e20137f0b04e573c219e7fc/execute/async - {"script":"<script> [1562 bytes]","args":[{"selector":{"id":"application-manageyards-display-component---NewYard--addressDetailDetailsName1","interaction":{"idSuffix":"inner"}},"wdio_ui5_key":"applicationmanageyards-display-component---NewYard--addressDetailDetailsName1"}]}
RESULT: {"script":"<script> [1562 bytes]","args":[{"selector":{"id":"application-manageyards-display-component---NewYard--addressDetailDetailsName1","interaction":{"idSuffix":"inner"}},"wdio_ui5_key":"applicationmanageyards-display-component---NewYard--addressDetailDetailsName1"}]}
RESULT: undefined
COMMAND: POST /session/4ec1c74e4e20137f0b04e573c219e7fc/execute/async - {"script":"<script> [776 bytes]","args":[{"enterText":"Other Yard WDIO","selector":{"id":"application-manageyards-display-component---NewYard--addressDetailDetailsName1","interaction":{"idSuffix":"inner"}},"clearTextFirst":true,"interactionType":"ENTER_TEXT"}]}
RESULT: {"script":"<script> [776 bytes]","args":[{"enterText":"Other Yard WDIO","selector":{"id":"application-manageyards-display-component---NewYard--addressDetailDetailsName1","interaction":{"idSuffix":"inner"}},"clearTextFirst":true,"interactionType":"ENTER_TEXT"}]}
COMMAND: POST /session/4ec1c74e4e20137f0b04e573c219e7fc/execute/async - {"script":"<script> [1562 bytes]","args":[{"selector":{"id":"application-manageyards-display-component---NewYard--addressDetailDetailsLanguage-arrow"},"wdio_ui5_key":"applicationmanageyards-display-component---NewYard--addressDetailDetailsLanguage-arrow"}]}
RESULT: {"script":"<script> [1562 bytes]","args":[{"selector":{"id":"application-manageyards-display-component---NewYard--addressDetailDetailsLanguage-arrow"},"wdio_ui5_key":"applicationmanageyards-display-component---NewYard--addressDetailDetailsLanguage-arrow"}]}
RESULT: undefined
COMMAND: POST /session/4ec1c74e4e20137f0b04e573c219e7fc/element - {"using":"xpath","value":"//*[@id=\"application-manageyards-display-component---NewYard--addressDetailDetailsLanguage-arrow\"]"}
RESULT: {"using":"xpath","value":"//*[@id=\"application-manageyards-display-component---NewYard--addressDetailDetailsLanguage-arrow\"]"}
COMMAND: POST /session/4ec1c74e4e20137f0b04e573c219e7fc/element/f.A540A0CCC69AE3F101933FDACCCCD7CE.d.C7548F9E921B559079E557FC388BBF2F.e.736/click - {}
RESULT: {}
COMMAND: POST /session/4ec1c74e4e20137f0b04e573c219e7fc/element - {"using":"xpath","value":"//span[contains(text(), \"English\")]"}
COMMAND: GET /session/4ec1c74e4e20137f0b04e573c219e7fc/screenshot - {}
RESULT: {"using":"xpath","value":"//span[contains(text(), \"English\")]"}
COMMAND: POST /session/4ec1c74e4e20137f0b04e573c219e7fc/element/f.A540A0CCC69AE3F101933FDACCCCD7CE.d.C7548F9E921B559079E557FC388BBF2F.e.737/click - {}
RESULT: {}
RESULT: {}
COMMAND: POST /session/4ec1c74e4e20137f0b04e573c219e7fc/execute/async - {"script":"<script> [1562 bytes]","args":[{"selector":{"id":"application-manageyards-display-component---NewYard--addressDetailDetailsCity1","interaction":{"idSuffix":"inner"}},"wdio_ui5_key":"applicationmanageyards-display-component---NewYard--addressDetailDetailsCity1"}]}
COMMAND: GET /session/4ec1c74e4e20137f0b04e573c219e7fc/screenshot - {}
RESULT: {"script":"<script> [1562 bytes]","args":[{"selector":{"id":"application-manageyards-display-component---NewYard--addressDetailDetailsCity1","interaction":{"idSuffix":"inner"}},"wdio_ui5_key":"applicationmanageyards-display-component---NewYard--addressDetailDetailsCity1"}]}
RESULT: undefined
COMMAND: POST /session/4ec1c74e4e20137f0b04e573c219e7fc/execute/async - {"script":"<script> [776 bytes]","args":[{"enterText":"Rosario","selector":{"id":"application-manageyards-display-component---NewYard--addressDetailDetailsCity1","interaction":{"idSuffix":"inner"}},"clearTextFirst":true,"interactionType":"ENTER_TEXT"}]}
RESULT: {}
RESULT: {"script":"<script> [776 bytes]","args":[{"enterText":"Rosario","selector":{"id":"application-manageyards-display-component---NewYard--addressDetailDetailsCity1","interaction":{"idSuffix":"inner"}},"clearTextFirst":true,"interactionType":"ENTER_TEXT"}]}
COMMAND: POST /session/4ec1c74e4e20137f0b04e573c219e7fc/execute/async - {"script":"<script> [1562 bytes]","args":[{"selector":{"id":"application-manageyards-display-component---NewYard--addressDetailDetailsCountry-arrow"},"wdio_ui5_key":"applicationmanageyards-display-component---NewYard--addressDetailDetailsCountry-arrow"}]}
RESULT: {"script":"<script> [1562 bytes]","args":[{"selector":{"id":"application-manageyards-display-component---NewYard--addressDetailDetailsCountry-arrow"},"wdio_ui5_key":"applicationmanageyards-display-component---NewYard--addressDetailDetailsCountry-arrow"}]}
RESULT: undefined
COMMAND: POST /session/4ec1c74e4e20137f0b04e573c219e7fc/element - {"using":"xpath","value":"//*[@id=\"application-manageyards-display-component---NewYard--addressDetailDetailsCountry-arrow\"]"}
RESULT: {"using":"xpath","value":"//*[@id=\"application-manageyards-display-component---NewYard--addressDetailDetailsCountry-arrow\"]"}
COMMAND: POST /session/4ec1c74e4e20137f0b04e573c219e7fc/element/f.A540A0CCC69AE3F101933FDACCCCD7CE.d.C7548F9E921B559079E557FC388BBF2F.e.739/click - {}
RESULT: {}
COMMAND: POST /session/4ec1c74e4e20137f0b04e573c219e7fc/element - {"using":"xpath","value":"//span[contains(text(), \"Argentina\")]"}
COMMAND: GET /session/4ec1c74e4e20137f0b04e573c219e7fc/screenshot - {}
RESULT: {"using":"xpath","value":"//span[contains(text(), \"Argentina\")]"}
COMMAND: POST /session/4ec1c74e4e20137f0b04e573c219e7fc/element/f.A540A0CCC69AE3F101933FDACCCCD7CE.d.C7548F9E921B559079E557FC388BBF2F.e.740/click - {}
RESULT: {}
RESULT: {}
COMMAND: POST /session/4ec1c74e4e20137f0b04e573c219e7fc/execute/async - {"script":"<script> [1562 bytes]","args":[{"selector":{"id":"application-manageyards-display-component---NewYard--addressEditDetailsCostObjectCstType-arrow"},"wdio_ui5_key":"applicationmanageyards-display-component---NewYard--addressEditDetailsCostObjectCstType-arrow"}]}
COMMAND: GET /session/4ec1c74e4e20137f0b04e573c219e7fc/screenshot - {}
RESULT: {"script":"<script> [1562 bytes]","args":[{"selector":{"id":"application-manageyards-display-component---NewYard--addressEditDetailsCostObjectCstType-arrow"},"wdio_ui5_key":"applicationmanageyards-display-component---NewYard--addressEditDetailsCostObjectCstType-arrow"}]}
RESULT: undefined
COMMAND: POST /session/4ec1c74e4e20137f0b04e573c219e7fc/element - {"using":"xpath","value":"//*[@id=\"application-manageyards-display-component---NewYard--addressEditDetailsCostObjectCstType-arrow\"]"}
RESULT: {}
RESULT: {"using":"xpath","value":"//*[@id=\"application-manageyards-display-component---NewYard--addressEditDetailsCostObjectCstType-arrow\"]"}
COMMAND: POST /session/4ec1c74e4e20137f0b04e573c219e7fc/element/f.A540A0CCC69AE3F101933FDACCCCD7CE.d.C7548F9E921B559079E557FC388BBF2F.e.742/click - {}
RESULT: {}
COMMAND: POST /session/4ec1c74e4e20137f0b04e573c219e7fc/element - {"using":"xpath","value":"//span[contains(text(), \"Cost Center\")]"}
COMMAND: GET /session/4ec1c74e4e20137f0b04e573c219e7fc/screenshot - {}
RESULT: {"using":"xpath","value":"//span[contains(text(), \"Cost Center\")]"}
COMMAND: POST /session/4ec1c74e4e20137f0b04e573c219e7fc/element/f.A540A0CCC69AE3F101933FDACCCCD7CE.d.C7548F9E921B559079E557FC388BBF2F.e.743/click - {}
RESULT: {}
RESULT: {}
COMMAND: GET /session/4ec1c74e4e20137f0b04e573c219e7fc/screenshot - {}
RESULT: {}
COMMAND: POST /session/4ec1c74e4e20137f0b04e573c219e7fc/element - {"using":"xpath","value":"//span[@id=\"application-manageyards-display-component---NewYard--addressNewCostObjectCstID-vhi\"]"}
RESULT: {"using":"xpath","value":"//span[@id=\"application-manageyards-display-component---NewYard--addressNewCostObjectCstID-vhi\"]"}
COMMAND: POST /session/4ec1c74e4e20137f0b04e573c219e7fc/element - {"using":"xpath","value":"//span[@id=\"application-manageyards-display-component---NewYard--addressNewCostObjectCstID-vhi\"]"}
RESULT: {"using":"xpath","value":"//span[@id=\"application-manageyards-display-component---NewYard--addressNewCostObjectCstID-vhi\"]"}
COMMAND: POST /session/4ec1c74e4e20137f0b04e573c219e7fc/execute/sync - {"script":"<script> [8489 bytes]","args":[{"element-6066-11e4-a52e-4f735466cecf":"f.A540A0CCC69AE3F101933FDACCCCD7CE.d.C7548F9E921B559079E557FC388BBF2F.e.747","ELEMENT":"f.A540A0CCC69AE3F101933FDACCCCD7CE.d.C7548F9E921B559079E557FC388BBF2F.e.747"}]}
RESULT: {"script":"<script> [8489 bytes]","args":[{"element-6066-11e4-a52e-4f735466cecf":"f.A540A0CCC69AE3F101933FDACCCCD7CE.d.C7548F9E921B559079E557FC388BBF2F.e.747","ELEMENT":"f.A540A0CCC69AE3F101933FDACCCCD7CE.d.C7548F9E921B559079E557FC388BBF2F.e.747"}]}
COMMAND: POST /session/4ec1c74e4e20137f0b04e573c219e7fc/execute/async - {"script":"<script> [1562 bytes]","args":[{"selector":{"id":"application-manageyards-display-component---NewYard--addressNewCostObjectCstID-vhi"},"wdio_ui5_key":"applicationmanageyards-display-component---NewYard--addressNewCostObjectCstID-vhi"}]}
COMMAND: GET /session/4ec1c74e4e20137f0b04e573c219e7fc/screenshot - {}
RESULT: {"script":"<script> [1562 bytes]","args":[{"selector":{"id":"application-manageyards-display-component---NewYard--addressNewCostObjectCstID-vhi"},"wdio_ui5_key":"applicationmanageyards-display-component---NewYard--addressNewCostObjectCstID-vhi"}]}
RESULT: undefined
COMMAND: POST /session/4ec1c74e4e20137f0b04e573c219e7fc/element - {"using":"xpath","value":"//*[@id=\"application-manageyards-display-component---NewYard--addressNewCostObjectCstID-vhi\"]"}
RESULT: {}
RESULT: {"using":"xpath","value":"//*[@id=\"application-manageyards-display-component---NewYard--addressNewCostObjectCstID-vhi\"]"}
COMMAND: POST /session/4ec1c74e4e20137f0b04e573c219e7fc/element/f.A540A0CCC69AE3F101933FDACCCCD7CE.d.C7548F9E921B559079E557FC388BBF2F.e.747/click - {}
RESULT: {}
COMMAND: GET /session/4ec1c74e4e20137f0b04e573c219e7fc/screenshot - {}
RESULT: {}
COMMAND: POST /session/4ec1c74e4e20137f0b04e573c219e7fc/execute/async - {"script":"<script> [1562 bytes]","args":[{"selector":{"controlType":"sap.m.SearchField","properties":{"placeholder":"Search"},"searchOpenDialogs":true,"interaction":{"idSuffix":"I"}},"wdio_ui5_key":"sapm.SearchField{\"placeholder\":\"Search\"}"}]}
RESULT: {"script":"<script> [1562 bytes]","args":[{"selector":{"controlType":"sap.m.SearchField","properties":{"placeholder":"Search"},"searchOpenDialogs":true,"interaction":{"idSuffix":"I"}},"wdio_ui5_key":"sapm.SearchField{\"placeholder\":\"Search\"}"}]}
RESULT: undefined
COMMAND: POST /session/4ec1c74e4e20137f0b04e573c219e7fc/execute/async - {"script":"<script> [776 bytes]","args":[{"enterText":"10001013","selector":{"controlType":"sap.m.SearchField","properties":{"placeholder":"Search"},"searchOpenDialogs":true,"interaction":{"idSuffix":"I"}},"clearTextFirst":true,"interactionType":"ENTER_TEXT"}]}
RESULT: {"script":"<script> [776 bytes]","args":[{"enterText":"10001013","selector":{"controlType":"sap.m.SearchField","properties":{"placeholder":"Search"},"searchOpenDialogs":true,"interaction":{"idSuffix":"I"}},"clearTextFirst":true,"interactionType":"ENTER_TEXT"}]}
COMMAND: POST /session/4ec1c74e4e20137f0b04e573c219e7fc/actions - {"actions":[{"id":"action1","type":"key","parameters":{},"actions":[{"type":"keyDown","value":"î€‡"},{"type":"pause","duration":10},{"type":"keyUp","value":"î€‡"}]}]}
RESULT: {"actions":[{"id":"action1","type":"key","parameters":{},"actions":[{"type":"keyDown","value":"î€‡"},{"type":"pause","duration":10},{"type":"keyUp","value":"î€‡"}]}]}
COMMAND: GET /session/4ec1c74e4e20137f0b04e573c219e7fc/screenshot - {}
RESULT: {}
COMMAND: POST /session/4ec1c74e4e20137f0b04e573c219e7fc/element - {"using":"xpath","value":"//span[contains(text(), \"General Management\")]"}
RESULT: {"using":"xpath","value":"//span[contains(text(), \"General Management\")]"}
COMMAND: POST /session/4ec1c74e4e20137f0b04e573c219e7fc/element/f.A540A0CCC69AE3F101933FDACCCCD7CE.d.C7548F9E921B559079E557FC388BBF2F.e.789/click - {}
RESULT: {}
COMMAND: GET /session/4ec1c74e4e20137f0b04e573c219e7fc/screenshot - {}
RESULT: {}
COMMAND: POST /session/4ec1c74e4e20137f0b04e573c219e7fc/element - {"using":"xpath","value":"//bdi[contains(text(), \"OK\")]"}
RESULT: {"using":"xpath","value":"//bdi[contains(text(), \"OK\")]"}
COMMAND: POST /session/4ec1c74e4e20137f0b04e573c219e7fc/element/f.A540A0CCC69AE3F101933FDACCCCD7CE.d.C7548F9E921B559079E557FC388BBF2F.e.790/click - {}
RESULT: {}
COMMAND: GET /session/4ec1c74e4e20137f0b04e573c219e7fc/screenshot - {}
RESULT: {}
COMMAND: POST /session/4ec1c74e4e20137f0b04e573c219e7fc/execute/async - {"script":"<script> [1562 bytes]","args":[{"selector":{"id":"application-manageyards-display-component---NewYard--addressEditDetailsCurrency-arrow"},"wdio_ui5_key":"applicationmanageyards-display-component---NewYard--addressEditDetailsCurrency-arrow"}]}
RESULT: {"script":"<script> [1562 bytes]","args":[{"selector":{"id":"application-manageyards-display-component---NewYard--addressEditDetailsCurrency-arrow"},"wdio_ui5_key":"applicationmanageyards-display-component---NewYard--addressEditDetailsCurrency-arrow"}]}
RESULT: undefined
COMMAND: POST /session/4ec1c74e4e20137f0b04e573c219e7fc/element - {"using":"xpath","value":"//*[@id=\"application-manageyards-display-component---NewYard--addressEditDetailsCurrency-arrow\"]"}
RESULT: {"using":"xpath","value":"//*[@id=\"application-manageyards-display-component---NewYard--addressEditDetailsCurrency-arrow\"]"}
COMMAND: POST /session/4ec1c74e4e20137f0b04e573c219e7fc/element/f.A540A0CCC69AE3F101933FDACCCCD7CE.d.C7548F9E921B559079E557FC388BBF2F.e.793/click - {}
RESULT: {}
COMMAND: POST /session/4ec1c74e4e20137f0b04e573c219e7fc/element - {"using":"xpath","value":"//span[contains(text(), \"Euro\")]"}
COMMAND: GET /session/4ec1c74e4e20137f0b04e573c219e7fc/screenshot - {}
RESULT: {"using":"xpath","value":"//span[contains(text(), \"Euro\")]"}
COMMAND: POST /session/4ec1c74e4e20137f0b04e573c219e7fc/element/f.A540A0CCC69AE3F101933FDACCCCD7CE.d.C7548F9E921B559079E557FC388BBF2F.e.794/click - {}
RESULT: {}
RESULT: {}
COMMAND: POST /session/4ec1c74e4e20137f0b04e573c219e7fc/execute/async - {"script":"<script> [1562 bytes]","args":[{"selector":{"controlType":"sap.m.Input","viewName":"etm.portal.ui.manageyards.view.New","viewId":"application-manageyards-display-component---NewYard","bindingPath":{"path":"","propertyPath":"/CONTROLLING_AREA","modelName":"NewYardModel"},"interaction":{"idSuffix":"inner"}},"wdio_ui5_key":"etmportal.ui.manageyards.view.Newsap.m.Input{\"path\":\"\",\"propertyPath\":\"/CONTROLLING_AREA\",\"modelName\":\"NewYardModel\"}"}]}
COMMAND: GET /session/4ec1c74e4e20137f0b04e573c219e7fc/screenshot - {}
RESULT: {}
RESULT: {"script":"<script> [1562 bytes]","args":[{"selector":{"controlType":"sap.m.Input","viewName":"etm.portal.ui.manageyards.view.New","viewId":"application-manageyards-display-component---NewYard","bindingPath":{"path":"","propertyPath":"/CONTROLLING_AREA","modelName":"NewYardModel"},"interaction":{"idSuffix":"inner"}},"wdio_ui5_key":"etmportal.ui.manageyards.view.Newsap.m.Input{\"path\":\"\",\"propertyPath\":\"/CONTROLLING_AREA\",\"modelName\":\"NewYardModel\"}"}]}
RESULT: undefined
COMMAND: POST /session/4ec1c74e4e20137f0b04e573c219e7fc/execute/async - {"script":"<script> [776 bytes]","args":[{"enterText":"Z001","selector":{"controlType":"sap.m.Input","viewName":"etm.portal.ui.manageyards.view.New","viewId":"application-manageyards-display-component---NewYard","bindingPath":{"path":"","propertyPath":"/CONTROLLING_AREA","modelName":"NewYardModel"},"interaction":{"idSuffix":"inner"}},"clearTextFirst":true,"interactionType":"ENTER_TEXT"}]}
RESULT: {"script":"<script> [776 bytes]","args":[{"enterText":"Z001","selector":{"controlType":"sap.m.Input","viewName":"etm.portal.ui.manageyards.view.New","viewId":"application-manageyards-display-component---NewYard","bindingPath":{"path":"","propertyPath":"/CONTROLLING_AREA","modelName":"NewYardModel"},"interaction":{"idSuffix":"inner"}},"clearTextFirst":true,"interactionType":"ENTER_TEXT"}]}
COMMAND: POST /session/4ec1c74e4e20137f0b04e573c219e7fc/execute/async - {"script":"<script> [1562 bytes]","args":[{"selector":{"id":"application-manageyards-display-component---NewYard--companyCodeComboBox","interaction":{"idSuffix":"inner"}},"wdio_ui5_key":"applicationmanageyards-display-component---NewYard--companyCodeComboBox"}]}
RESULT: {"script":"<script> [1562 bytes]","args":[{"selector":{"id":"application-manageyards-display-component---NewYard--companyCodeComboBox","interaction":{"idSuffix":"inner"}},"wdio_ui5_key":"applicationmanageyards-display-component---NewYard--companyCodeComboBox"}]}
RESULT: undefined
COMMAND: POST /session/4ec1c74e4e20137f0b04e573c219e7fc/execute/async - {"script":"<script> [776 bytes]","args":[{"enterText":"1000","selector":{"id":"application-manageyards-display-component---NewYard--companyCodeComboBox","interaction":{"idSuffix":"inner"}},"clearTextFirst":true,"interactionType":"ENTER_TEXT"}]}
RESULT: {"script":"<script> [776 bytes]","args":[{"enterText":"1000","selector":{"id":"application-manageyards-display-component---NewYard--companyCodeComboBox","interaction":{"idSuffix":"inner"}},"clearTextFirst":true,"interactionType":"ENTER_TEXT"}]}
COMMAND: POST /session/4ec1c74e4e20137f0b04e573c219e7fc/execute/async - {"script":"<script> [1562 bytes]","args":[{"selector":{"controlType":"sap.m.Input","viewName":"etm.portal.ui.manageyards.view.New","viewId":"application-manageyards-display-component---NewYard","bindingPath":{"path":"","propertyPath":"/PLANT","modelName":"NewYardModel"},"interaction":{"idSuffix":"inner"}},"wdio_ui5_key":"etmportal.ui.manageyards.view.Newsap.m.Input{\"path\":\"\",\"propertyPath\":\"/PLANT\",\"modelName\":\"NewYardModel\"}"}]}
RESULT: {"script":"<script> [1562 bytes]","args":[{"selector":{"controlType":"sap.m.Input","viewName":"etm.portal.ui.manageyards.view.New","viewId":"application-manageyards-display-component---NewYard","bindingPath":{"path":"","propertyPath":"/PLANT","modelName":"NewYardModel"},"interaction":{"idSuffix":"inner"}},"wdio_ui5_key":"etmportal.ui.manageyards.view.Newsap.m.Input{\"path\":\"\",\"propertyPath\":\"/PLANT\",\"modelName\":\"NewYardModel\"}"}]}
RESULT: undefined
COMMAND: POST /session/4ec1c74e4e20137f0b04e573c219e7fc/execute/async - {"script":"<script> [776 bytes]","args":[{"enterText":"1001","selector":{"controlType":"sap.m.Input","viewName":"etm.portal.ui.manageyards.view.New","viewId":"application-manageyards-display-component---NewYard","bindingPath":{"path":"","propertyPath":"/PLANT","modelName":"NewYardModel"},"interaction":{"idSuffix":"inner"}},"clearTextFirst":true,"interactionType":"ENTER_TEXT"}]}
RESULT: {"script":"<script> [776 bytes]","args":[{"enterText":"1001","selector":{"controlType":"sap.m.Input","viewName":"etm.portal.ui.manageyards.view.New","viewId":"application-manageyards-display-component---NewYard","bindingPath":{"path":"","propertyPath":"/PLANT","modelName":"NewYardModel"},"interaction":{"idSuffix":"inner"}},"clearTextFirst":true,"interactionType":"ENTER_TEXT"}]}
COMMAND: POST /session/4ec1c74e4e20137f0b04e573c219e7fc/execute/async - {"script":"<script> [1562 bytes]","args":[{"selector":{"controlType":"sap.m.Input","viewName":"etm.portal.ui.manageyards.view.New","viewId":"application-manageyards-display-component---NewYard","bindingPath":{"path":"","propertyPath":"/SALES_AREA_VKORG","modelName":"NewYardModel"},"interaction":{"idSuffix":"inner"}},"wdio_ui5_key":"etmportal.ui.manageyards.view.Newsap.m.Input{\"path\":\"\",\"propertyPath\":\"/SALES_AREA_VKORG\",\"modelName\":\"NewYardModel\"}"}]}
RESULT: {"script":"<script> [1562 bytes]","args":[{"selector":{"controlType":"sap.m.Input","viewName":"etm.portal.ui.manageyards.view.New","viewId":"application-manageyards-display-component---NewYard","bindingPath":{"path":"","propertyPath":"/SALES_AREA_VKORG","modelName":"NewYardModel"},"interaction":{"idSuffix":"inner"}},"wdio_ui5_key":"etmportal.ui.manageyards.view.Newsap.m.Input{\"path\":\"\",\"propertyPath\":\"/SALES_AREA_VKORG\",\"modelName\":\"NewYardModel\"}"}]}
RESULT: undefined
COMMAND: POST /session/4ec1c74e4e20137f0b04e573c219e7fc/execute/async - {"script":"<script> [776 bytes]","args":[{"enterText":"C002","selector":{"controlType":"sap.m.Input","viewName":"etm.portal.ui.manageyards.view.New","viewId":"application-manageyards-display-component---NewYard","bindingPath":{"path":"","propertyPath":"/SALES_AREA_VKORG","modelName":"NewYardModel"},"interaction":{"idSuffix":"inner"}},"clearTextFirst":true,"interactionType":"ENTER_TEXT"}]}
RESULT: {"script":"<script> [776 bytes]","args":[{"enterText":"C002","selector":{"controlType":"sap.m.Input","viewName":"etm.portal.ui.manageyards.view.New","viewId":"application-manageyards-display-component---NewYard","bindingPath":{"path":"","propertyPath":"/SALES_AREA_VKORG","modelName":"NewYardModel"},"interaction":{"idSuffix":"inner"}},"clearTextFirst":true,"interactionType":"ENTER_TEXT"}]}
COMMAND: POST /session/4ec1c74e4e20137f0b04e573c219e7fc/execute/async - {"script":"<script> [1562 bytes]","args":[{"selector":{"controlType":"sap.m.Input","viewName":"etm.portal.ui.manageyards.view.New","viewId":"application-manageyards-display-component---NewYard","bindingPath":{"path":"","propertyPath":"/SALES_AREA_VTWEG","modelName":"NewYardModel"},"interaction":{"idSuffix":"inner"}},"wdio_ui5_key":"etmportal.ui.manageyards.view.Newsap.m.Input{\"path\":\"\",\"propertyPath\":\"/SALES_AREA_VTWEG\",\"modelName\":\"NewYardModel\"}"}]}
RESULT: {"script":"<script> [1562 bytes]","args":[{"selector":{"controlType":"sap.m.Input","viewName":"etm.portal.ui.manageyards.view.New","viewId":"application-manageyards-display-component---NewYard","bindingPath":{"path":"","propertyPath":"/SALES_AREA_VTWEG","modelName":"NewYardModel"},"interaction":{"idSuffix":"inner"}},"wdio_ui5_key":"etmportal.ui.manageyards.view.Newsap.m.Input{\"path\":\"\",\"propertyPath\":\"/SALES_AREA_VTWEG\",\"modelName\":\"NewYardModel\"}"}]}
RESULT: undefined
COMMAND: POST /session/4ec1c74e4e20137f0b04e573c219e7fc/execute/async - {"script":"<script> [776 bytes]","args":[{"enterText":"C2","selector":{"controlType":"sap.m.Input","viewName":"etm.portal.ui.manageyards.view.New","viewId":"application-manageyards-display-component---NewYard","bindingPath":{"path":"","propertyPath":"/SALES_AREA_VTWEG","modelName":"NewYardModel"},"interaction":{"idSuffix":"inner"}},"clearTextFirst":true,"interactionType":"ENTER_TEXT"}]}
RESULT: {"script":"<script> [776 bytes]","args":[{"enterText":"C2","selector":{"controlType":"sap.m.Input","viewName":"etm.portal.ui.manageyards.view.New","viewId":"application-manageyards-display-component---NewYard","bindingPath":{"path":"","propertyPath":"/SALES_AREA_VTWEG","modelName":"NewYardModel"},"interaction":{"idSuffix":"inner"}},"clearTextFirst":true,"interactionType":"ENTER_TEXT"}]}
COMMAND: POST /session/4ec1c74e4e20137f0b04e573c219e7fc/execute/async - {"script":"<script> [1562 bytes]","args":[{"selector":{"controlType":"sap.m.Input","viewName":"etm.portal.ui.manageyards.view.New","viewId":"application-manageyards-display-component---NewYard","bindingPath":{"path":"","propertyPath":"/SALES_AREA_SPART","modelName":"NewYardModel"},"interaction":{"idSuffix":"inner"}},"wdio_ui5_key":"etmportal.ui.manageyards.view.Newsap.m.Input{\"path\":\"\",\"propertyPath\":\"/SALES_AREA_SPART\",\"modelName\":\"NewYardModel\"}"}]}
RESULT: {"script":"<script> [1562 bytes]","args":[{"selector":{"controlType":"sap.m.Input","viewName":"etm.portal.ui.manageyards.view.New","viewId":"application-manageyards-display-component---NewYard","bindingPath":{"path":"","propertyPath":"/SALES_AREA_SPART","modelName":"NewYardModel"},"interaction":{"idSuffix":"inner"}},"wdio_ui5_key":"etmportal.ui.manageyards.view.Newsap.m.Input{\"path\":\"\",\"propertyPath\":\"/SALES_AREA_SPART\",\"modelName\":\"NewYardModel\"}"}]}
RESULT: undefined
COMMAND: POST /session/4ec1c74e4e20137f0b04e573c219e7fc/execute/async - {"script":"<script> [776 bytes]","args":[{"enterText":"C2","selector":{"controlType":"sap.m.Input","viewName":"etm.portal.ui.manageyards.view.New","viewId":"application-manageyards-display-component---NewYard","bindingPath":{"path":"","propertyPath":"/SALES_AREA_SPART","modelName":"NewYardModel"},"interaction":{"idSuffix":"inner"}},"clearTextFirst":true,"interactionType":"ENTER_TEXT"}]}
RESULT: {"script":"<script> [776 bytes]","args":[{"enterText":"C2","selector":{"controlType":"sap.m.Input","viewName":"etm.portal.ui.manageyards.view.New","viewId":"application-manageyards-display-component---NewYard","bindingPath":{"path":"","propertyPath":"/SALES_AREA_SPART","modelName":"NewYardModel"},"interaction":{"idSuffix":"inner"}},"clearTextFirst":true,"interactionType":"ENTER_TEXT"}]}
COMMAND: POST /session/4ec1c74e4e20137f0b04e573c219e7fc/execute/async - {"script":"<script> [1562 bytes]","args":[{"selector":{"controlType":"sap.m.Input","viewName":"etm.portal.ui.manageyards.view.New","viewId":"application-manageyards-display-component---NewYard","bindingPath":{"path":"","propertyPath":"/SHIP_POINT","modelName":"NewYardModel"},"interaction":{"idSuffix":"inner"}},"wdio_ui5_key":"etmportal.ui.manageyards.view.Newsap.m.Input{\"path\":\"\",\"propertyPath\":\"/SHIP_POINT\",\"modelName\":\"NewYardModel\"}"}]}
RESULT: {"script":"<script> [1562 bytes]","args":[{"selector":{"controlType":"sap.m.Input","viewName":"etm.portal.ui.manageyards.view.New","viewId":"application-manageyards-display-component---NewYard","bindingPath":{"path":"","propertyPath":"/SHIP_POINT","modelName":"NewYardModel"},"interaction":{"idSuffix":"inner"}},"wdio_ui5_key":"etmportal.ui.manageyards.view.Newsap.m.Input{\"path\":\"\",\"propertyPath\":\"/SHIP_POINT\",\"modelName\":\"NewYardModel\"}"}]}
RESULT: undefined
COMMAND: POST /session/4ec1c74e4e20137f0b04e573c219e7fc/execute/async - {"script":"<script> [776 bytes]","args":[{"enterText":"1710","selector":{"controlType":"sap.m.Input","viewName":"etm.portal.ui.manageyards.view.New","viewId":"application-manageyards-display-component---NewYard","bindingPath":{"path":"","propertyPath":"/SHIP_POINT","modelName":"NewYardModel"},"interaction":{"idSuffix":"inner"}},"clearTextFirst":true,"interactionType":"ENTER_TEXT"}]}
RESULT: {"script":"<script> [776 bytes]","args":[{"enterText":"1710","selector":{"controlType":"sap.m.Input","viewName":"etm.portal.ui.manageyards.view.New","viewId":"application-manageyards-display-component---NewYard","bindingPath":{"path":"","propertyPath":"/SHIP_POINT","modelName":"NewYardModel"},"interaction":{"idSuffix":"inner"}},"clearTextFirst":true,"interactionType":"ENTER_TEXT"}]}
COMMAND: POST /session/4ec1c74e4e20137f0b04e573c219e7fc/execute/async - {"script":"<script> [1562 bytes]","args":[{"selector":{"controlType":"sap.m.Input","viewName":"etm.portal.ui.manageyards.view.New","viewId":"application-manageyards-display-component---NewYard","bindingPath":{"path":"","propertyPath":"/DELIVERY_TYPE","modelName":"NewYardModel"},"interaction":{"idSuffix":"inner"}},"wdio_ui5_key":"etmportal.ui.manageyards.view.Newsap.m.Input{\"path\":\"\",\"propertyPath\":\"/DELIVERY_TYPE\",\"modelName\":\"NewYardModel\"}"}]}
RESULT: {"script":"<script> [1562 bytes]","args":[{"selector":{"controlType":"sap.m.Input","viewName":"etm.portal.ui.manageyards.view.New","viewId":"application-manageyards-display-component---NewYard","bindingPath":{"path":"","propertyPath":"/DELIVERY_TYPE","modelName":"NewYardModel"},"interaction":{"idSuffix":"inner"}},"wdio_ui5_key":"etmportal.ui.manageyards.view.Newsap.m.Input{\"path\":\"\",\"propertyPath\":\"/DELIVERY_TYPE\",\"modelName\":\"NewYardModel\"}"}]}
RESULT: undefined
COMMAND: POST /session/4ec1c74e4e20137f0b04e573c219e7fc/execute/async - {"script":"<script> [776 bytes]","args":[{"enterText":"ZL01","selector":{"controlType":"sap.m.Input","viewName":"etm.portal.ui.manageyards.view.New","viewId":"application-manageyards-display-component---NewYard","bindingPath":{"path":"","propertyPath":"/DELIVERY_TYPE","modelName":"NewYardModel"},"interaction":{"idSuffix":"inner"}},"clearTextFirst":true,"interactionType":"ENTER_TEXT"}]}
RESULT: {"script":"<script> [776 bytes]","args":[{"enterText":"ZL01","selector":{"controlType":"sap.m.Input","viewName":"etm.portal.ui.manageyards.view.New","viewId":"application-manageyards-display-component---NewYard","bindingPath":{"path":"","propertyPath":"/DELIVERY_TYPE","modelName":"NewYardModel"},"interaction":{"idSuffix":"inner"}},"clearTextFirst":true,"interactionType":"ENTER_TEXT"}]}
COMMAND: POST /session/4ec1c74e4e20137f0b04e573c219e7fc/execute/async - {"script":"<script> [1562 bytes]","args":[{"selector":{"controlType":"sap.m.Input","viewName":"etm.portal.ui.manageyards.view.New","viewId":"application-manageyards-display-component---NewYard","bindingPath":{"path":"","propertyPath":"/AUART","modelName":"NewYardModel"},"interaction":{"idSuffix":"inner"}},"wdio_ui5_key":"etmportal.ui.manageyards.view.Newsap.m.Input{\"path\":\"\",\"propertyPath\":\"/AUART\",\"modelName\":\"NewYardModel\"}"}]}
RESULT: {"script":"<script> [1562 bytes]","args":[{"selector":{"controlType":"sap.m.Input","viewName":"etm.portal.ui.manageyards.view.New","viewId":"application-manageyards-display-component---NewYard","bindingPath":{"path":"","propertyPath":"/AUART","modelName":"NewYardModel"},"interaction":{"idSuffix":"inner"}},"wdio_ui5_key":"etmportal.ui.manageyards.view.Newsap.m.Input{\"path\":\"\",\"propertyPath\":\"/AUART\",\"modelName\":\"NewYardModel\"}"}]}
RESULT: undefined
COMMAND: POST /session/4ec1c74e4e20137f0b04e573c219e7fc/execute/async - {"script":"<script> [776 bytes]","args":[{"enterText":"TA","selector":{"controlType":"sap.m.Input","viewName":"etm.portal.ui.manageyards.view.New","viewId":"application-manageyards-display-component---NewYard","bindingPath":{"path":"","propertyPath":"/AUART","modelName":"NewYardModel"},"interaction":{"idSuffix":"inner"}},"clearTextFirst":true,"interactionType":"ENTER_TEXT"}]}
RESULT: {"script":"<script> [776 bytes]","args":[{"enterText":"TA","selector":{"controlType":"sap.m.Input","viewName":"etm.portal.ui.manageyards.view.New","viewId":"application-manageyards-display-component---NewYard","bindingPath":{"path":"","propertyPath":"/AUART","modelName":"NewYardModel"},"interaction":{"idSuffix":"inner"}},"clearTextFirst":true,"interactionType":"ENTER_TEXT"}]}
COMMAND: POST /session/4ec1c74e4e20137f0b04e573c219e7fc/element - {"using":"xpath","value":"//button[@data-kt=\"newYardSaveButton\"]"}
RESULT: {"using":"xpath","value":"//button[@data-kt=\"newYardSaveButton\"]"}
COMMAND: POST /session/4ec1c74e4e20137f0b04e573c219e7fc/element/f.A540A0CCC69AE3F101933FDACCCCD7CE.d.C7548F9E921B559079E557FC388BBF2F.e.721/click - {}
RESULT: {}
COMMAND: GET /session/4ec1c74e4e20137f0b04e573c219e7fc/screenshot - {}
RESULT: {}
COMMAND: POST /session/4ec1c74e4e20137f0b04e573c219e7fc/element - {"using":"xpath","value":"//header[contains(@id, 'ObjectPageLayout-headerTitle')]/div[1]/div[2]/div[1]/span[1]"}
RESULT: {"using":"xpath","value":"//header[contains(@id, 'ObjectPageLayout-headerTitle')]/div[1]/div[2]/div[1]/span[1]"}
COMMAND: POST /session/4ec1c74e4e20137f0b04e573c219e7fc/elements - {"using":"xpath","value":"//header[contains(@id, 'ObjectPageLayout-headerTitle')]/div[1]/div[2]/div[1]/span[1]"}
RESULT: {"using":"xpath","value":"//header[contains(@id, 'ObjectPageLayout-headerTitle')]/div[1]/div[2]/div[1]/span[1]"}
COMMAND: POST /session/4ec1c74e4e20137f0b04e573c219e7fc/execute/sync - {"script":"<script> [56 bytes]","args":[{"element-6066-11e4-a52e-4f735466cecf":"f.A540A0CCC69AE3F101933FDACCCCD7CE.d.C7548F9E921B559079E557FC388BBF2F.e.1019","ELEMENT":"f.A540A0CCC69AE3F101933FDACCCCD7CE.d.C7548F9E921B559079E557FC388BBF2F.e.1019"}]}
RESULT: {"script":"<script> [56 bytes]","args":[{"element-6066-11e4-a52e-4f735466cecf":"f.A540A0CCC69AE3F101933FDACCCCD7CE.d.C7548F9E921B559079E557FC388BBF2F.e.1019","ELEMENT":"f.A540A0CCC69AE3F101933FDACCCCD7CE.d.C7548F9E921B559079E557FC388BBF2F.e.1019"}]}
COMMAND: GET /session/4ec1c74e4e20137f0b04e573c219e7fc/screenshot - {}
RESULT: {}
COMMAND: POST /session/4ec1c74e4e20137f0b04e573c219e7fc/element - {"using":"css selector","value":"#shell-header-logo"}
RESULT: {"using":"css selector","value":"#shell-header-logo"}
COMMAND: POST /session/4ec1c74e4e20137f0b04e573c219e7fc/element/f.A540A0CCC69AE3F101933FDACCCCD7CE.d.C7548F9E921B559079E557FC388BBF2F.e.271/click - {}
RESULT: {}
COMMAND: GET /session/4ec1c74e4e20137f0b04e573c219e7fc/screenshot - {}
RESULT: {}
COMMAND: POST /session/4ec1c74e4e20137f0b04e573c219e7fc/execute/sync - {"script":"<script> [299 bytes]","args":[["getModel","getResource"]]}
RESULT: {"script":"<script> [299 bytes]","args":[["getModel","getResource"]]}
]]></system-out>
    </testcase>
    <testcase classname="chrome.135_0_7049_96.windows.Tests_for_Mass_State_Change_on_Manage_States_&amp;_Performances_US104416_US" name="Prereq Should create a new partner" time="152.96">
      <system-out><![CDATA[
COMMAND: GET /session/4ec1c74e4e20137f0b04e573c219e7fc/screenshot - {}
COMMAND: POST /session/4ec1c74e4e20137f0b04e573c219e7fc/window/fullscreen - {}
RESULT: {}
COMMAND: POST /session/4ec1c74e4e20137f0b04e573c219e7fc/execute/async - {"script":"<script> [1562 bytes]","args":[{"selector":{"controlType":"sap.m.GenericTile","properties":{"header":"Manage Partners"}},"wdio_ui5_key":"sapm.GenericTile{\"header\":\"Manage Partners\"}"}]}
RESULT: {}
RESULT: {"script":"<script> [1562 bytes]","args":[{"selector":{"controlType":"sap.m.GenericTile","properties":{"header":"Manage Partners"}},"wdio_ui5_key":"sapm.GenericTile{\"header\":\"Manage Partners\"}"}]}
RESULT: undefined
COMMAND: POST /session/4ec1c74e4e20137f0b04e573c219e7fc/element - {"using":"xpath","value":"//*[@id=\"__tile38\"]"}
RESULT: {"using":"xpath","value":"//*[@id=\"__tile38\"]"}
COMMAND: POST /session/4ec1c74e4e20137f0b04e573c219e7fc/element/f.A540A0CCC69AE3F101933FDACCCCD7CE.d.C7548F9E921B559079E557FC388BBF2F.e.156/click - {}
RESULT: {}
COMMAND: POST /session/4ec1c74e4e20137f0b04e573c219e7fc/element - {"using":"xpath","value":"//button[@data-kt=\"addButton\"]"}
COMMAND: GET /session/4ec1c74e4e20137f0b04e573c219e7fc/screenshot - {}
RESULT: {"using":"xpath","value":"//button[@data-kt=\"addButton\"]"}
COMMAND: POST /session/4ec1c74e4e20137f0b04e573c219e7fc/elements - {"using":"xpath","value":"//button[@data-kt=\"addButton\"]"}
RESULT: {}
RESULT: {"using":"xpath","value":"//button[@data-kt=\"addButton\"]"}
COMMAND: POST /session/4ec1c74e4e20137f0b04e573c219e7fc/elements - {"using":"xpath","value":"//button[@data-kt=\"addButton\"]"}
RESULT: {"using":"xpath","value":"//button[@data-kt=\"addButton\"]"}
COMMAND: POST /session/4ec1c74e4e20137f0b04e573c219e7fc/elements - {"using":"xpath","value":"//button[@data-kt=\"addButton\"]"}
RESULT: {"using":"xpath","value":"//button[@data-kt=\"addButton\"]"}
COMMAND: POST /session/4ec1c74e4e20137f0b04e573c219e7fc/elements - {"using":"xpath","value":"//button[@data-kt=\"addButton\"]"}
RESULT: {"using":"xpath","value":"//button[@data-kt=\"addButton\"]"}
COMMAND: POST /session/4ec1c74e4e20137f0b04e573c219e7fc/elements - {"using":"xpath","value":"//button[@data-kt=\"addButton\"]"}
RESULT: {"using":"xpath","value":"//button[@data-kt=\"addButton\"]"}
COMMAND: POST /session/4ec1c74e4e20137f0b04e573c219e7fc/elements - {"using":"xpath","value":"//button[@data-kt=\"addButton\"]"}
RESULT: {"using":"xpath","value":"//button[@data-kt=\"addButton\"]"}
COMMAND: POST /session/4ec1c74e4e20137f0b04e573c219e7fc/elements - {"using":"xpath","value":"//button[@data-kt=\"addButton\"]"}
RESULT: {"using":"xpath","value":"//button[@data-kt=\"addButton\"]"}
COMMAND: POST /session/4ec1c74e4e20137f0b04e573c219e7fc/elements - {"using":"xpath","value":"//button[@data-kt=\"addButton\"]"}
RESULT: {"using":"xpath","value":"//button[@data-kt=\"addButton\"]"}
COMMAND: POST /session/4ec1c74e4e20137f0b04e573c219e7fc/elements - {"using":"xpath","value":"//button[@data-kt=\"addButton\"]"}
RESULT: {"using":"xpath","value":"//button[@data-kt=\"addButton\"]"}
COMMAND: POST /session/4ec1c74e4e20137f0b04e573c219e7fc/elements - {"using":"xpath","value":"//button[@data-kt=\"addButton\"]"}
RESULT: {"using":"xpath","value":"//button[@data-kt=\"addButton\"]"}
COMMAND: POST /session/4ec1c74e4e20137f0b04e573c219e7fc/elements - {"using":"xpath","value":"//button[@data-kt=\"addButton\"]"}
RESULT: {"using":"xpath","value":"//button[@data-kt=\"addButton\"]"}
COMMAND: POST /session/4ec1c74e4e20137f0b04e573c219e7fc/elements - {"using":"xpath","value":"//button[@data-kt=\"addButton\"]"}
RESULT: {"using":"xpath","value":"//button[@data-kt=\"addButton\"]"}
COMMAND: POST /session/4ec1c74e4e20137f0b04e573c219e7fc/elements - {"using":"xpath","value":"//button[@data-kt=\"addButton\"]"}
RESULT: {"using":"xpath","value":"//button[@data-kt=\"addButton\"]"}
COMMAND: POST /session/4ec1c74e4e20137f0b04e573c219e7fc/elements - {"using":"xpath","value":"//button[@data-kt=\"addButton\"]"}
RESULT: {"using":"xpath","value":"//button[@data-kt=\"addButton\"]"}
COMMAND: POST /session/4ec1c74e4e20137f0b04e573c219e7fc/elements - {"using":"xpath","value":"//button[@data-kt=\"addButton\"]"}
RESULT: {"using":"xpath","value":"//button[@data-kt=\"addButton\"]"}
COMMAND: POST /session/4ec1c74e4e20137f0b04e573c219e7fc/elements - {"using":"xpath","value":"//button[@data-kt=\"addButton\"]"}
RESULT: {"using":"xpath","value":"//button[@data-kt=\"addButton\"]"}
COMMAND: POST /session/4ec1c74e4e20137f0b04e573c219e7fc/elements - {"using":"xpath","value":"//button[@data-kt=\"addButton\"]"}
RESULT: {"using":"xpath","value":"//button[@data-kt=\"addButton\"]"}
COMMAND: POST /session/4ec1c74e4e20137f0b04e573c219e7fc/elements - {"using":"xpath","value":"//button[@data-kt=\"addButton\"]"}
RESULT: {"using":"xpath","value":"//button[@data-kt=\"addButton\"]"}
COMMAND: POST /session/4ec1c74e4e20137f0b04e573c219e7fc/elements - {"using":"xpath","value":"//button[@data-kt=\"addButton\"]"}
RESULT: {"using":"xpath","value":"//button[@data-kt=\"addButton\"]"}
COMMAND: POST /session/4ec1c74e4e20137f0b04e573c219e7fc/elements - {"using":"xpath","value":"//button[@data-kt=\"addButton\"]"}
RESULT: {"using":"xpath","value":"//button[@data-kt=\"addButton\"]"}
COMMAND: POST /session/4ec1c74e4e20137f0b04e573c219e7fc/elements - {"using":"xpath","value":"//button[@data-kt=\"addButton\"]"}
RESULT: {"using":"xpath","value":"//button[@data-kt=\"addButton\"]"}
COMMAND: POST /session/4ec1c74e4e20137f0b04e573c219e7fc/elements - {"using":"xpath","value":"//button[@data-kt=\"addButton\"]"}
RESULT: {"using":"xpath","value":"//button[@data-kt=\"addButton\"]"}
COMMAND: POST /session/4ec1c74e4e20137f0b04e573c219e7fc/elements - {"using":"xpath","value":"//button[@data-kt=\"addButton\"]"}
RESULT: {"using":"xpath","value":"//button[@data-kt=\"addButton\"]"}
COMMAND: POST /session/4ec1c74e4e20137f0b04e573c219e7fc/elements - {"using":"xpath","value":"//button[@data-kt=\"addButton\"]"}
RESULT: {"using":"xpath","value":"//button[@data-kt=\"addButton\"]"}
COMMAND: POST /session/4ec1c74e4e20137f0b04e573c219e7fc/elements - {"using":"xpath","value":"//button[@data-kt=\"addButton\"]"}
RESULT: {"using":"xpath","value":"//button[@data-kt=\"addButton\"]"}
COMMAND: POST /session/4ec1c74e4e20137f0b04e573c219e7fc/elements - {"using":"xpath","value":"//button[@data-kt=\"addButton\"]"}
RESULT: {"using":"xpath","value":"//button[@data-kt=\"addButton\"]"}
COMMAND: POST /session/4ec1c74e4e20137f0b04e573c219e7fc/elements - {"using":"xpath","value":"//button[@data-kt=\"addButton\"]"}
RESULT: {"using":"xpath","value":"//button[@data-kt=\"addButton\"]"}
COMMAND: POST /session/4ec1c74e4e20137f0b04e573c219e7fc/elements - {"using":"xpath","value":"//button[@data-kt=\"addButton\"]"}
RESULT: {"using":"xpath","value":"//button[@data-kt=\"addButton\"]"}
COMMAND: POST /session/4ec1c74e4e20137f0b04e573c219e7fc/elements - {"using":"xpath","value":"//button[@data-kt=\"addButton\"]"}
RESULT: {"using":"xpath","value":"//button[@data-kt=\"addButton\"]"}
COMMAND: POST /session/4ec1c74e4e20137f0b04e573c219e7fc/elements - {"using":"xpath","value":"//button[@data-kt=\"addButton\"]"}
RESULT: {"using":"xpath","value":"//button[@data-kt=\"addButton\"]"}
COMMAND: POST /session/4ec1c74e4e20137f0b04e573c219e7fc/elements - {"using":"xpath","value":"//button[@data-kt=\"addButton\"]"}
RESULT: {"using":"xpath","value":"//button[@data-kt=\"addButton\"]"}
COMMAND: POST /session/4ec1c74e4e20137f0b04e573c219e7fc/elements - {"using":"xpath","value":"//button[@data-kt=\"addButton\"]"}
RESULT: {"using":"xpath","value":"//button[@data-kt=\"addButton\"]"}
COMMAND: POST /session/4ec1c74e4e20137f0b04e573c219e7fc/elements - {"using":"xpath","value":"//button[@data-kt=\"addButton\"]"}
RESULT: {"using":"xpath","value":"//button[@data-kt=\"addButton\"]"}
COMMAND: POST /session/4ec1c74e4e20137f0b04e573c219e7fc/elements - {"using":"xpath","value":"//button[@data-kt=\"addButton\"]"}
RESULT: {"using":"xpath","value":"//button[@data-kt=\"addButton\"]"}
COMMAND: POST /session/4ec1c74e4e20137f0b04e573c219e7fc/elements - {"using":"xpath","value":"//button[@data-kt=\"addButton\"]"}
RESULT: {"using":"xpath","value":"//button[@data-kt=\"addButton\"]"}
COMMAND: POST /session/4ec1c74e4e20137f0b04e573c219e7fc/elements - {"using":"xpath","value":"//button[@data-kt=\"addButton\"]"}
RESULT: {"using":"xpath","value":"//button[@data-kt=\"addButton\"]"}
COMMAND: POST /session/4ec1c74e4e20137f0b04e573c219e7fc/elements - {"using":"xpath","value":"//button[@data-kt=\"addButton\"]"}
RESULT: {"using":"xpath","value":"//button[@data-kt=\"addButton\"]"}
COMMAND: POST /session/4ec1c74e4e20137f0b04e573c219e7fc/elements - {"using":"xpath","value":"//button[@data-kt=\"addButton\"]"}
RESULT: {"using":"xpath","value":"//button[@data-kt=\"addButton\"]"}
COMMAND: POST /session/4ec1c74e4e20137f0b04e573c219e7fc/elements - {"using":"xpath","value":"//button[@data-kt=\"addButton\"]"}
RESULT: {"using":"xpath","value":"//button[@data-kt=\"addButton\"]"}
COMMAND: POST /session/4ec1c74e4e20137f0b04e573c219e7fc/elements - {"using":"xpath","value":"//button[@data-kt=\"addButton\"]"}
RESULT: {"using":"xpath","value":"//button[@data-kt=\"addButton\"]"}
COMMAND: POST /session/4ec1c74e4e20137f0b04e573c219e7fc/elements - {"using":"xpath","value":"//button[@data-kt=\"addButton\"]"}
RESULT: {"using":"xpath","value":"//button[@data-kt=\"addButton\"]"}
COMMAND: POST /session/4ec1c74e4e20137f0b04e573c219e7fc/elements - {"using":"xpath","value":"//button[@data-kt=\"addButton\"]"}
RESULT: {"using":"xpath","value":"//button[@data-kt=\"addButton\"]"}
COMMAND: POST /session/4ec1c74e4e20137f0b04e573c219e7fc/elements - {"using":"xpath","value":"//button[@data-kt=\"addButton\"]"}
RESULT: {"using":"xpath","value":"//button[@data-kt=\"addButton\"]"}
COMMAND: POST /session/4ec1c74e4e20137f0b04e573c219e7fc/elements - {"using":"xpath","value":"//button[@data-kt=\"addButton\"]"}
RESULT: {"using":"xpath","value":"//button[@data-kt=\"addButton\"]"}
COMMAND: POST /session/4ec1c74e4e20137f0b04e573c219e7fc/elements - {"using":"xpath","value":"//button[@data-kt=\"addButton\"]"}
RESULT: {"using":"xpath","value":"//button[@data-kt=\"addButton\"]"}
COMMAND: POST /session/4ec1c74e4e20137f0b04e573c219e7fc/element - {"using":"xpath","value":"//button[@data-kt=\"addButton\"]"}
RESULT: {"using":"xpath","value":"//button[@data-kt=\"addButton\"]"}
COMMAND: POST /session/4ec1c74e4e20137f0b04e573c219e7fc/execute/sync - {"script":"<script> [8489 bytes]","args":[{"element-6066-11e4-a52e-4f735466cecf":"f.A540A0CCC69AE3F101933FDACCCCD7CE.d.C7548F9E921B559079E557FC388BBF2F.e.1067","ELEMENT":"f.A540A0CCC69AE3F101933FDACCCCD7CE.d.C7548F9E921B559079E557FC388BBF2F.e.1067"}]}
RESULT: {"script":"<script> [8489 bytes]","args":[{"element-6066-11e4-a52e-4f735466cecf":"f.A540A0CCC69AE3F101933FDACCCCD7CE.d.C7548F9E921B559079E557FC388BBF2F.e.1067","ELEMENT":"f.A540A0CCC69AE3F101933FDACCCCD7CE.d.C7548F9E921B559079E557FC388BBF2F.e.1067"}]}
COMMAND: GET /session/4ec1c74e4e20137f0b04e573c219e7fc/element/f.A540A0CCC69AE3F101933FDACCCCD7CE.d.C7548F9E921B559079E557FC388BBF2F.e.1067/enabled - {}
COMMAND: GET /session/4ec1c74e4e20137f0b04e573c219e7fc/screenshot - {}
RESULT: {}
COMMAND: POST /session/4ec1c74e4e20137f0b04e573c219e7fc/execute/sync - {"script":"<script> [8489 bytes]","args":[{"element-6066-11e4-a52e-4f735466cecf":"f.A540A0CCC69AE3F101933FDACCCCD7CE.d.C7548F9E921B559079E557FC388BBF2F.e.1067","ELEMENT":"f.A540A0CCC69AE3F101933FDACCCCD7CE.d.C7548F9E921B559079E557FC388BBF2F.e.1067"}]}
COMMAND: GET /session/4ec1c74e4e20137f0b04e573c219e7fc/screenshot - {}
RESULT: {}
RESULT: {"script":"<script> [8489 bytes]","args":[{"element-6066-11e4-a52e-4f735466cecf":"f.A540A0CCC69AE3F101933FDACCCCD7CE.d.C7548F9E921B559079E557FC388BBF2F.e.1067","ELEMENT":"f.A540A0CCC69AE3F101933FDACCCCD7CE.d.C7548F9E921B559079E557FC388BBF2F.e.1067"}]}
COMMAND: POST /session/4ec1c74e4e20137f0b04e573c219e7fc/execute/sync - {"script":"<script> [5351 bytes]","args":[{"element-6066-11e4-a52e-4f735466cecf":"f.A540A0CCC69AE3F101933FDACCCCD7CE.d.C7548F9E921B559079E557FC388BBF2F.e.1067","ELEMENT":"f.A540A0CCC69AE3F101933FDACCCCD7CE.d.C7548F9E921B559079E557FC388BBF2F.e.1067"}]}
COMMAND: GET /session/4ec1c74e4e20137f0b04e573c219e7fc/screenshot - {}
RESULT: {}
RESULT: {"script":"<script> [5351 bytes]","args":[{"element-6066-11e4-a52e-4f735466cecf":"f.A540A0CCC69AE3F101933FDACCCCD7CE.d.C7548F9E921B559079E557FC388BBF2F.e.1067","ELEMENT":"f.A540A0CCC69AE3F101933FDACCCCD7CE.d.C7548F9E921B559079E557FC388BBF2F.e.1067"}]}
COMMAND: POST /session/4ec1c74e4e20137f0b04e573c219e7fc/element/f.A540A0CCC69AE3F101933FDACCCCD7CE.d.C7548F9E921B559079E557FC388BBF2F.e.1067/click - {}
COMMAND: GET /session/4ec1c74e4e20137f0b04e573c219e7fc/screenshot - {}
RESULT: {}
RESULT: {}
COMMAND: GET /session/4ec1c74e4e20137f0b04e573c219e7fc/screenshot - {}
COMMAND: POST /session/4ec1c74e4e20137f0b04e573c219e7fc/execute/async - {"script":"<script> [1562 bytes]","args":[{"selector":{"id":"application-managepartners-display-component---NewPartner--addressDetailDetailsName1","interaction":{"idSuffix":"inner"}},"wdio_ui5_key":"applicationmanagepartners-display-component---NewPartner--addressDetailDetailsName1"}]}
RESULT: {}
RESULT: {}
RESULT: {"script":"<script> [1562 bytes]","args":[{"selector":{"id":"application-managepartners-display-component---NewPartner--addressDetailDetailsName1","interaction":{"idSuffix":"inner"}},"wdio_ui5_key":"applicationmanagepartners-display-component---NewPartner--addressDetailDetailsName1"}]}
RESULT: undefined
COMMAND: POST /session/4ec1c74e4e20137f0b04e573c219e7fc/execute/async - {"script":"<script> [776 bytes]","args":[{"enterText":"Intracompany Partner WDIO","selector":{"id":"application-managepartners-display-component---NewPartner--addressDetailDetailsName1","interaction":{"idSuffix":"inner"}},"clearTextFirst":true,"interactionType":"ENTER_TEXT"}]}
RESULT: {"script":"<script> [776 bytes]","args":[{"enterText":"Intracompany Partner WDIO","selector":{"id":"application-managepartners-display-component---NewPartner--addressDetailDetailsName1","interaction":{"idSuffix":"inner"}},"clearTextFirst":true,"interactionType":"ENTER_TEXT"}]}
COMMAND: POST /session/4ec1c74e4e20137f0b04e573c219e7fc/execute/async - {"script":"<script> [1562 bytes]","args":[{"selector":{"id":"application-managepartners-display-component---NewPartner--addressDetailDetailsLanguage-arrow"},"wdio_ui5_key":"applicationmanagepartners-display-component---NewPartner--addressDetailDetailsLanguage-arrow"}]}
RESULT: {"script":"<script> [1562 bytes]","args":[{"selector":{"id":"application-managepartners-display-component---NewPartner--addressDetailDetailsLanguage-arrow"},"wdio_ui5_key":"applicationmanagepartners-display-component---NewPartner--addressDetailDetailsLanguage-arrow"}]}
RESULT: undefined
COMMAND: POST /session/4ec1c74e4e20137f0b04e573c219e7fc/element - {"using":"xpath","value":"//*[@id=\"application-managepartners-display-component---NewPartner--addressDetailDetailsLanguage-arrow\"]"}
RESULT: {"using":"xpath","value":"//*[@id=\"application-managepartners-display-component---NewPartner--addressDetailDetailsLanguage-arrow\"]"}
COMMAND: POST /session/4ec1c74e4e20137f0b04e573c219e7fc/element/f.A540A0CCC69AE3F101933FDACCCCD7CE.d.C7548F9E921B559079E557FC388BBF2F.e.1505/click - {}
RESULT: {}
COMMAND: POST /session/4ec1c74e4e20137f0b04e573c219e7fc/element - {"using":"xpath","value":"//span[contains(text(), \"English\")]"}
COMMAND: GET /session/4ec1c74e4e20137f0b04e573c219e7fc/screenshot - {}
RESULT: {"using":"xpath","value":"//span[contains(text(), \"English\")]"}
COMMAND: POST /session/4ec1c74e4e20137f0b04e573c219e7fc/element/f.A540A0CCC69AE3F101933FDACCCCD7CE.d.C7548F9E921B559079E557FC388BBF2F.e.1506/click - {}
RESULT: {}
RESULT: {}
COMMAND: GET /session/4ec1c74e4e20137f0b04e573c219e7fc/screenshot - {}
RESULT: {}
COMMAND: POST /session/4ec1c74e4e20137f0b04e573c219e7fc/execute/async - {"script":"<script> [1562 bytes]","args":[{"selector":{"id":"application-managepartners-display-component---NewPartner--addressDetailDetailsCity1","interaction":{"idSuffix":"inner"}},"wdio_ui5_key":"applicationmanagepartners-display-component---NewPartner--addressDetailDetailsCity1"}]}
RESULT: {"script":"<script> [1562 bytes]","args":[{"selector":{"id":"application-managepartners-display-component---NewPartner--addressDetailDetailsCity1","interaction":{"idSuffix":"inner"}},"wdio_ui5_key":"applicationmanagepartners-display-component---NewPartner--addressDetailDetailsCity1"}]}
RESULT: undefined
COMMAND: POST /session/4ec1c74e4e20137f0b04e573c219e7fc/execute/async - {"script":"<script> [776 bytes]","args":[{"enterText":"Rosario","selector":{"id":"application-managepartners-display-component---NewPartner--addressDetailDetailsCity1","interaction":{"idSuffix":"inner"}},"clearTextFirst":true,"interactionType":"ENTER_TEXT"}]}
RESULT: {"script":"<script> [776 bytes]","args":[{"enterText":"Rosario","selector":{"id":"application-managepartners-display-component---NewPartner--addressDetailDetailsCity1","interaction":{"idSuffix":"inner"}},"clearTextFirst":true,"interactionType":"ENTER_TEXT"}]}
COMMAND: POST /session/4ec1c74e4e20137f0b04e573c219e7fc/execute/async - {"script":"<script> [1562 bytes]","args":[{"selector":{"id":"application-managepartners-display-component---NewPartner--addressDetailDetailsCountry-arrow"},"wdio_ui5_key":"applicationmanagepartners-display-component---NewPartner--addressDetailDetailsCountry-arrow"}]}
RESULT: {"script":"<script> [1562 bytes]","args":[{"selector":{"id":"application-managepartners-display-component---NewPartner--addressDetailDetailsCountry-arrow"},"wdio_ui5_key":"applicationmanagepartners-display-component---NewPartner--addressDetailDetailsCountry-arrow"}]}
RESULT: undefined
COMMAND: POST /session/4ec1c74e4e20137f0b04e573c219e7fc/element - {"using":"xpath","value":"//*[@id=\"application-managepartners-display-component---NewPartner--addressDetailDetailsCountry-arrow\"]"}
RESULT: {"using":"xpath","value":"//*[@id=\"application-managepartners-display-component---NewPartner--addressDetailDetailsCountry-arrow\"]"}
COMMAND: POST /session/4ec1c74e4e20137f0b04e573c219e7fc/element/f.A540A0CCC69AE3F101933FDACCCCD7CE.d.C7548F9E921B559079E557FC388BBF2F.e.1459/click - {}
RESULT: {}
COMMAND: POST /session/4ec1c74e4e20137f0b04e573c219e7fc/element - {"using":"xpath","value":"//span[contains(text(), \"Argentina\")]"}
COMMAND: GET /session/4ec1c74e4e20137f0b04e573c219e7fc/screenshot - {}
RESULT: {"using":"xpath","value":"//span[contains(text(), \"Argentina\")]"}
COMMAND: POST /session/4ec1c74e4e20137f0b04e573c219e7fc/element/f.A540A0CCC69AE3F101933FDACCCCD7CE.d.C7548F9E921B559079E557FC388BBF2F.e.1508/click - {}
RESULT: {}
RESULT: {}
COMMAND: GET /session/4ec1c74e4e20137f0b04e573c219e7fc/screenshot - {}
RESULT: {}
COMMAND: POST /session/4ec1c74e4e20137f0b04e573c219e7fc/element - {"using":"xpath","value":"//bdi[contains(text(), \"Commercial\")]"}
RESULT: {"using":"xpath","value":"//bdi[contains(text(), \"Commercial\")]"}
COMMAND: POST /session/4ec1c74e4e20137f0b04e573c219e7fc/element/f.A540A0CCC69AE3F101933FDACCCCD7CE.d.C7548F9E921B559079E557FC388BBF2F.e.1509/click - {}
RESULT: {}
COMMAND: GET /session/4ec1c74e4e20137f0b04e573c219e7fc/screenshot - {}
RESULT: {}
COMMAND: POST /session/4ec1c74e4e20137f0b04e573c219e7fc/execute/async - {"script":"<script> [1562 bytes]","args":[{"selector":{"id":"application-managepartners-display-component---NewPartner--partnerDetailInternal-arrow"},"wdio_ui5_key":"applicationmanagepartners-display-component---NewPartner--partnerDetailInternal-arrow"}]}
RESULT: {"script":"<script> [1562 bytes]","args":[{"selector":{"id":"application-managepartners-display-component---NewPartner--partnerDetailInternal-arrow"},"wdio_ui5_key":"applicationmanagepartners-display-component---NewPartner--partnerDetailInternal-arrow"}]}
RESULT: undefined
COMMAND: POST /session/4ec1c74e4e20137f0b04e573c219e7fc/element - {"using":"xpath","value":"//*[@id=\"application-managepartners-display-component---NewPartner--partnerDetailInternal-arrow\"]"}
RESULT: {"using":"xpath","value":"//*[@id=\"application-managepartners-display-component---NewPartner--partnerDetailInternal-arrow\"]"}
COMMAND: POST /session/4ec1c74e4e20137f0b04e573c219e7fc/element/f.A540A0CCC69AE3F101933FDACCCCD7CE.d.C7548F9E921B559079E557FC388BBF2F.e.1515/click - {}
RESULT: {}
COMMAND: POST /session/4ec1c74e4e20137f0b04e573c219e7fc/element - {"using":"xpath","value":"//span[contains(text(), \"Affiliated company\")]"}
COMMAND: GET /session/4ec1c74e4e20137f0b04e573c219e7fc/screenshot - {}
RESULT: {"using":"xpath","value":"//span[contains(text(), \"Affiliated company\")]"}
COMMAND: POST /session/4ec1c74e4e20137f0b04e573c219e7fc/element/f.A540A0CCC69AE3F101933FDACCCCD7CE.d.C7548F9E921B559079E557FC388BBF2F.e.1516/click - {}
RESULT: {}
RESULT: {}
COMMAND: POST /session/4ec1c74e4e20137f0b04e573c219e7fc/execute/async - {"script":"<script> [1562 bytes]","args":[{"selector":{"id":"application-managepartners-display-component---NewPartner--partnerDetailsCurrency-arrow"},"wdio_ui5_key":"applicationmanagepartners-display-component---NewPartner--partnerDetailsCurrency-arrow"}]}
COMMAND: GET /session/4ec1c74e4e20137f0b04e573c219e7fc/screenshot - {}
RESULT: {"script":"<script> [1562 bytes]","args":[{"selector":{"id":"application-managepartners-display-component---NewPartner--partnerDetailsCurrency-arrow"},"wdio_ui5_key":"applicationmanagepartners-display-component---NewPartner--partnerDetailsCurrency-arrow"}]}
RESULT: undefined
COMMAND: POST /session/4ec1c74e4e20137f0b04e573c219e7fc/element - {"using":"xpath","value":"//*[@id=\"application-managepartners-display-component---NewPartner--partnerDetailsCurrency-arrow\"]"}
RESULT: {}
RESULT: {"using":"xpath","value":"//*[@id=\"application-managepartners-display-component---NewPartner--partnerDetailsCurrency-arrow\"]"}
COMMAND: POST /session/4ec1c74e4e20137f0b04e573c219e7fc/element/f.A540A0CCC69AE3F101933FDACCCCD7CE.d.C7548F9E921B559079E557FC388BBF2F.e.1523/click - {}
RESULT: {}
COMMAND: POST /session/4ec1c74e4e20137f0b04e573c219e7fc/element - {"using":"xpath","value":"//span[contains(text(), \"Euro\")]"}
COMMAND: GET /session/4ec1c74e4e20137f0b04e573c219e7fc/screenshot - {}
RESULT: {"using":"xpath","value":"//span[contains(text(), \"Euro\")]"}
COMMAND: POST /session/4ec1c74e4e20137f0b04e573c219e7fc/element/f.A540A0CCC69AE3F101933FDACCCCD7CE.d.C7548F9E921B559079E557FC388BBF2F.e.1524/click - {}
RESULT: {}
RESULT: {}
COMMAND: POST /session/4ec1c74e4e20137f0b04e573c219e7fc/execute/async - {"script":"<script> [1562 bytes]","args":[{"selector":{"id":"application-managepartners-display-component---NewPartner--addressEditDetailsCostObjectCstType-arrow"},"wdio_ui5_key":"applicationmanagepartners-display-component---NewPartner--addressEditDetailsCostObjectCstType-arrow"}]}
COMMAND: GET /session/4ec1c74e4e20137f0b04e573c219e7fc/screenshot - {}
RESULT: {"script":"<script> [1562 bytes]","args":[{"selector":{"id":"application-managepartners-display-component---NewPartner--addressEditDetailsCostObjectCstType-arrow"},"wdio_ui5_key":"applicationmanagepartners-display-component---NewPartner--addressEditDetailsCostObjectCstType-arrow"}]}
RESULT: undefined
COMMAND: POST /session/4ec1c74e4e20137f0b04e573c219e7fc/element - {"using":"xpath","value":"//*[@id=\"application-managepartners-display-component---NewPartner--addressEditDetailsCostObjectCstType-arrow\"]"}
RESULT: {}
RESULT: {"using":"xpath","value":"//*[@id=\"application-managepartners-display-component---NewPartner--addressEditDetailsCostObjectCstType-arrow\"]"}
COMMAND: POST /session/4ec1c74e4e20137f0b04e573c219e7fc/element/f.A540A0CCC69AE3F101933FDACCCCD7CE.d.C7548F9E921B559079E557FC388BBF2F.e.1525/click - {}
RESULT: {}
COMMAND: POST /session/4ec1c74e4e20137f0b04e573c219e7fc/element - {"using":"xpath","value":"//span[contains(text(), \"Cost Center\")]"}
COMMAND: GET /session/4ec1c74e4e20137f0b04e573c219e7fc/screenshot - {}
RESULT: {"using":"xpath","value":"//span[contains(text(), \"Cost Center\")]"}
COMMAND: POST /session/4ec1c74e4e20137f0b04e573c219e7fc/element/f.A540A0CCC69AE3F101933FDACCCCD7CE.d.C7548F9E921B559079E557FC388BBF2F.e.1526/click - {}
RESULT: {}
RESULT: {}
COMMAND: GET /session/4ec1c74e4e20137f0b04e573c219e7fc/screenshot - {}
RESULT: {}
COMMAND: POST /session/4ec1c74e4e20137f0b04e573c219e7fc/element - {"using":"xpath","value":"//span[@id=\"application-managepartners-display-component---NewPartner--addressNewCostObjectCstID-vhi\"]"}
RESULT: {"using":"xpath","value":"//span[@id=\"application-managepartners-display-component---NewPartner--addressNewCostObjectCstID-vhi\"]"}
COMMAND: POST /session/4ec1c74e4e20137f0b04e573c219e7fc/execute/sync - {"script":"<script> [8489 bytes]","args":[{"element-6066-11e4-a52e-4f735466cecf":"f.A540A0CCC69AE3F101933FDACCCCD7CE.d.C7548F9E921B559079E557FC388BBF2F.e.1530","ELEMENT":"f.A540A0CCC69AE3F101933FDACCCCD7CE.d.C7548F9E921B559079E557FC388BBF2F.e.1530"}]}
RESULT: {"script":"<script> [8489 bytes]","args":[{"element-6066-11e4-a52e-4f735466cecf":"f.A540A0CCC69AE3F101933FDACCCCD7CE.d.C7548F9E921B559079E557FC388BBF2F.e.1530","ELEMENT":"f.A540A0CCC69AE3F101933FDACCCCD7CE.d.C7548F9E921B559079E557FC388BBF2F.e.1530"}]}
COMMAND: POST /session/4ec1c74e4e20137f0b04e573c219e7fc/execute/async - {"script":"<script> [1562 bytes]","args":[{"selector":{"id":"application-managepartners-display-component---NewPartner--addressNewCostObjectCstID-vhi"},"wdio_ui5_key":"applicationmanagepartners-display-component---NewPartner--addressNewCostObjectCstID-vhi"}]}
COMMAND: GET /session/4ec1c74e4e20137f0b04e573c219e7fc/screenshot - {}
RESULT: {"script":"<script> [1562 bytes]","args":[{"selector":{"id":"application-managepartners-display-component---NewPartner--addressNewCostObjectCstID-vhi"},"wdio_ui5_key":"applicationmanagepartners-display-component---NewPartner--addressNewCostObjectCstID-vhi"}]}
RESULT: undefined
COMMAND: POST /session/4ec1c74e4e20137f0b04e573c219e7fc/element - {"using":"xpath","value":"//*[@id=\"application-managepartners-display-component---NewPartner--addressNewCostObjectCstID-vhi\"]"}
RESULT: {}
RESULT: {"using":"xpath","value":"//*[@id=\"application-managepartners-display-component---NewPartner--addressNewCostObjectCstID-vhi\"]"}
COMMAND: POST /session/4ec1c74e4e20137f0b04e573c219e7fc/element/f.A540A0CCC69AE3F101933FDACCCCD7CE.d.C7548F9E921B559079E557FC388BBF2F.e.1530/click - {}
RESULT: {}
COMMAND: GET /session/4ec1c74e4e20137f0b04e573c219e7fc/screenshot - {}
RESULT: {}
RESULT: undefined
COMMAND: POST /session/4ec1c74e4e20137f0b04e573c219e7fc/execute/async - {"script":"<script> [776 bytes]","args":[{"enterText":"10001013","selector":{"controlType":"sap.m.SearchField","properties":{"placeholder":"Search"},"searchOpenDialogs":true,"interaction":{"idSuffix":"I"}},"clearTextFirst":true,"interactionType":"ENTER_TEXT"}]}
RESULT: {"script":"<script> [776 bytes]","args":[{"enterText":"10001013","selector":{"controlType":"sap.m.SearchField","properties":{"placeholder":"Search"},"searchOpenDialogs":true,"interaction":{"idSuffix":"I"}},"clearTextFirst":true,"interactionType":"ENTER_TEXT"}]}
COMMAND: POST /session/4ec1c74e4e20137f0b04e573c219e7fc/actions - {"actions":[{"id":"action2","type":"key","parameters":{},"actions":[{"type":"keyDown","value":"î€‡"},{"type":"pause","duration":10},{"type":"keyUp","value":"î€‡"}]}]}
RESULT: {"actions":[{"id":"action2","type":"key","parameters":{},"actions":[{"type":"keyDown","value":"î€‡"},{"type":"pause","duration":10},{"type":"keyUp","value":"î€‡"}]}]}
COMMAND: GET /session/4ec1c74e4e20137f0b04e573c219e7fc/screenshot - {}
RESULT: {}
COMMAND: POST /session/4ec1c74e4e20137f0b04e573c219e7fc/element - {"using":"xpath","value":"//span[contains(text(), \"General Management\")]"}
RESULT: {"using":"xpath","value":"//span[contains(text(), \"General Management\")]"}
COMMAND: POST /session/4ec1c74e4e20137f0b04e573c219e7fc/element/f.A540A0CCC69AE3F101933FDACCCCD7CE.d.C7548F9E921B559079E557FC388BBF2F.e.1569/click - {}
RESULT: {}
COMMAND: GET /session/4ec1c74e4e20137f0b04e573c219e7fc/screenshot - {}
RESULT: {}
COMMAND: POST /session/4ec1c74e4e20137f0b04e573c219e7fc/element - {"using":"xpath","value":"//bdi[contains(text(), \"OK\")]"}
RESULT: {"using":"xpath","value":"//bdi[contains(text(), \"OK\")]"}
COMMAND: POST /session/4ec1c74e4e20137f0b04e573c219e7fc/element/f.A540A0CCC69AE3F101933FDACCCCD7CE.d.C7548F9E921B559079E557FC388BBF2F.e.1570/click - {}
RESULT: {}
COMMAND: GET /session/4ec1c74e4e20137f0b04e573c219e7fc/screenshot - {}
RESULT: {}
COMMAND: POST /session/4ec1c74e4e20137f0b04e573c219e7fc/element - {"using":"xpath","value":"//input[@id=\"application-managepartners-display-component---NewPartner--companyCodeComboBox-inner\"]"}
RESULT: {"using":"xpath","value":"//input[@id=\"application-managepartners-display-component---NewPartner--companyCodeComboBox-inner\"]"}
COMMAND: POST /session/4ec1c74e4e20137f0b04e573c219e7fc/element/f.A540A0CCC69AE3F101933FDACCCCD7CE.d.C7548F9E921B559079E557FC388BBF2F.e.1454/clear - {}
RESULT: {}
COMMAND: POST /session/4ec1c74e4e20137f0b04e573c219e7fc/element/f.A540A0CCC69AE3F101933FDACCCCD7CE.d.C7548F9E921B559079E557FC388BBF2F.e.1454/value - {"text":"1000"}
COMMAND: GET /session/4ec1c74e4e20137f0b04e573c219e7fc/screenshot - {}
RESULT: {"text":"1000"}
COMMAND: GET /session/4ec1c74e4e20137f0b04e573c219e7fc/screenshot - {}
RESULT: {}
RESULT: {}
COMMAND: POST /session/4ec1c74e4e20137f0b04e573c219e7fc/element - {"using":"xpath","value":"//span[contains(text(), \"1000\")]"}
RESULT: {"using":"xpath","value":"//span[contains(text(), \"1000\")]"}
COMMAND: POST /session/4ec1c74e4e20137f0b04e573c219e7fc/element/f.A540A0CCC69AE3F101933FDACCCCD7CE.d.C7548F9E921B559079E557FC388BBF2F.e.1576/click - {}
RESULT: {}
COMMAND: GET /session/4ec1c74e4e20137f0b04e573c219e7fc/screenshot - {}
RESULT: {}
COMMAND: POST /session/4ec1c74e4e20137f0b04e573c219e7fc/execute/async - {"script":"<script> [1562 bytes]","args":[{"selector":{"id":"application-managepartners-display-component---NewPartner--btnAddTableRow-img"},"wdio_ui5_key":"applicationmanagepartners-display-component---NewPartner--btnAddTableRow-img"}]}
RESULT: {"script":"<script> [1562 bytes]","args":[{"selector":{"id":"application-managepartners-display-component---NewPartner--btnAddTableRow-img"},"wdio_ui5_key":"applicationmanagepartners-display-component---NewPartner--btnAddTableRow-img"}]}
RESULT: undefined
COMMAND: POST /session/4ec1c74e4e20137f0b04e573c219e7fc/element - {"using":"xpath","value":"//*[@id=\"application-managepartners-display-component---NewPartner--btnAddTableRow-img\"]"}
RESULT: {"using":"xpath","value":"//*[@id=\"application-managepartners-display-component---NewPartner--btnAddTableRow-img\"]"}
COMMAND: POST /session/4ec1c74e4e20137f0b04e573c219e7fc/element/f.A540A0CCC69AE3F101933FDACCCCD7CE.d.C7548F9E921B559079E557FC388BBF2F.e.1577/click - {}
RESULT: {}
COMMAND: GET /session/4ec1c74e4e20137f0b04e573c219e7fc/screenshot - {}
RESULT: {}
COMMAND: POST /session/4ec1c74e4e20137f0b04e573c219e7fc/element - {"using":"xpath","value":"//input[@id=\"application-managepartners-display-component---NewPartner--assignmentYard-application-managepartners-display-component---NewPartner--assignmentsTable-0-inner\"]"}
RESULT: {"using":"xpath","value":"//input[@id=\"application-managepartners-display-component---NewPartner--assignmentYard-application-managepartners-display-component---NewPartner--assignmentsTable-0-inner\"]"}
COMMAND: POST /session/4ec1c74e4e20137f0b04e573c219e7fc/element/f.A540A0CCC69AE3F101933FDACCCCD7CE.d.C7548F9E921B559079E557FC388BBF2F.e.1580/clear - {}
RESULT: {}
COMMAND: POST /session/4ec1c74e4e20137f0b04e573c219e7fc/element/f.A540A0CCC69AE3F101933FDACCCCD7CE.d.C7548F9E921B559079E557FC388BBF2F.e.1580/value - {"text":"517"}
COMMAND: GET /session/4ec1c74e4e20137f0b04e573c219e7fc/screenshot - {}
RESULT: {"text":"517"}
COMMAND: GET /session/4ec1c74e4e20137f0b04e573c219e7fc/screenshot - {}
RESULT: {}
RESULT: {}
COMMAND: POST /session/4ec1c74e4e20137f0b04e573c219e7fc/element - {"using":"xpath","value":"//li[.//span[text()='517']]"}
RESULT: {"using":"xpath","value":"//li[.//span[text()='517']]"}
COMMAND: POST /session/4ec1c74e4e20137f0b04e573c219e7fc/element/f.A540A0CCC69AE3F101933FDACCCCD7CE.d.C7548F9E921B559079E557FC388BBF2F.e.1589/click - {}
RESULT: {}
COMMAND: GET /session/4ec1c74e4e20137f0b04e573c219e7fc/screenshot - {}
RESULT: {}
COMMAND: POST /session/4ec1c74e4e20137f0b04e573c219e7fc/actions - {"actions":[{"id":"action3","type":"key","parameters":{},"actions":[{"type":"keyDown","value":"î€‡"},{"type":"pause","duration":10},{"type":"keyUp","value":"î€‡"}]}]}
RESULT: {"actions":[{"id":"action3","type":"key","parameters":{},"actions":[{"type":"keyDown","value":"î€‡"},{"type":"pause","duration":10},{"type":"keyUp","value":"î€‡"}]}]}
COMMAND: POST /session/4ec1c74e4e20137f0b04e573c219e7fc/execute/async - {"script":"<script> [1562 bytes]","args":[{"selector":{"id":"application-managepartners-display-component---NewPartner--externalCustomerComboBox-application-managepartners-display-component---NewPartner--assignmentsTable-0-vhi"},"wdio_ui5_key":"applicationmanagepartners-display-component---NewPartner--externalCustomerComboBox-application-managepartners-display-component---NewPartner--assignmentsTable-0-vhi"}]}
COMMAND: GET /session/4ec1c74e4e20137f0b04e573c219e7fc/screenshot - {}
RESULT: {"script":"<script> [1562 bytes]","args":[{"selector":{"id":"application-managepartners-display-component---NewPartner--externalCustomerComboBox-application-managepartners-display-component---NewPartner--assignmentsTable-0-vhi"},"wdio_ui5_key":"applicationmanagepartners-display-component---NewPartner--externalCustomerComboBox-application-managepartners-display-component---NewPartner--assignmentsTable-0-vhi"}]}
RESULT: undefined
COMMAND: POST /session/4ec1c74e4e20137f0b04e573c219e7fc/element - {"using":"xpath","value":"//*[@id=\"application-managepartners-display-component---NewPartner--externalCustomerComboBox-application-managepartners-display-component---NewPartner--assignmentsTable-0-vhi\"]"}
RESULT: {}
RESULT: {"using":"xpath","value":"//*[@id=\"application-managepartners-display-component---NewPartner--externalCustomerComboBox-application-managepartners-display-component---NewPartner--assignmentsTable-0-vhi\"]"}
COMMAND: POST /session/4ec1c74e4e20137f0b04e573c219e7fc/element/f.A540A0CCC69AE3F101933FDACCCCD7CE.d.C7548F9E921B559079E557FC388BBF2F.e.1593/click - {}
RESULT: {}
RESULT: undefined
COMMAND: POST /session/4ec1c74e4e20137f0b04e573c219e7fc/execute/async - {"script":"<script> [776 bytes]","args":[{"enterText":"300003","selector":{"controlType":"sap.m.SearchField","properties":{"placeholder":"Search"},"searchOpenDialogs":true,"interaction":{"idSuffix":"I"}},"clearTextFirst":true,"interactionType":"ENTER_TEXT"}]}
COMMAND: GET /session/4ec1c74e4e20137f0b04e573c219e7fc/screenshot - {}
RESULT: {"script":"<script> [776 bytes]","args":[{"enterText":"300003","selector":{"controlType":"sap.m.SearchField","properties":{"placeholder":"Search"},"searchOpenDialogs":true,"interaction":{"idSuffix":"I"}},"clearTextFirst":true,"interactionType":"ENTER_TEXT"}]}
COMMAND: POST /session/4ec1c74e4e20137f0b04e573c219e7fc/actions - {"actions":[{"id":"action4","type":"key","parameters":{},"actions":[{"type":"keyDown","value":"î€‡"},{"type":"pause","duration":10},{"type":"keyUp","value":"î€‡"}]}]}
RESULT: {}
RESULT: {"actions":[{"id":"action4","type":"key","parameters":{},"actions":[{"type":"keyDown","value":"î€‡"},{"type":"pause","duration":10},{"type":"keyUp","value":"î€‡"}]}]}
COMMAND: GET /session/4ec1c74e4e20137f0b04e573c219e7fc/screenshot - {}
RESULT: {}
COMMAND: POST /session/4ec1c74e4e20137f0b04e573c219e7fc/element - {"using":"xpath","value":"//span[contains(text(), \"300003\")]"}
RESULT: {"using":"xpath","value":"//span[contains(text(), \"300003\")]"}
COMMAND: POST /session/4ec1c74e4e20137f0b04e573c219e7fc/element/f.A540A0CCC69AE3F101933FDACCCCD7CE.d.C7548F9E921B559079E557FC388BBF2F.e.1611/click - {}
RESULT: {}
COMMAND: GET /session/4ec1c74e4e20137f0b04e573c219e7fc/screenshot - {}
RESULT: {}
COMMAND: POST /session/4ec1c74e4e20137f0b04e573c219e7fc/element - {"using":"xpath","value":"//bdi[contains(text(), \"OK\")]"}
RESULT: {"using":"xpath","value":"//bdi[contains(text(), \"OK\")]"}
COMMAND: POST /session/4ec1c74e4e20137f0b04e573c219e7fc/element/f.A540A0CCC69AE3F101933FDACCCCD7CE.d.C7548F9E921B559079E557FC388BBF2F.e.1613/click - {}
RESULT: {}
COMMAND: GET /session/4ec1c74e4e20137f0b04e573c219e7fc/screenshot - {}
RESULT: {}
COMMAND: POST /session/4ec1c74e4e20137f0b04e573c219e7fc/execute/async - {"script":"<script> [1562 bytes]","args":[{"selector":{"id":"application-managepartners-display-component---NewPartner--intercompVendorComboBox-application-managepartners-display-component---NewPartner--assignmentsTable-0-vhi"},"wdio_ui5_key":"applicationmanagepartners-display-component---NewPartner--intercompVendorComboBox-application-managepartners-display-component---NewPartner--assignmentsTable-0-vhi"}]}
RESULT: {"script":"<script> [1562 bytes]","args":[{"selector":{"id":"application-managepartners-display-component---NewPartner--intercompVendorComboBox-application-managepartners-display-component---NewPartner--assignmentsTable-0-vhi"},"wdio_ui5_key":"applicationmanagepartners-display-component---NewPartner--intercompVendorComboBox-application-managepartners-display-component---NewPartner--assignmentsTable-0-vhi"}]}
RESULT: undefined
COMMAND: POST /session/4ec1c74e4e20137f0b04e573c219e7fc/element - {"using":"xpath","value":"//*[@id=\"application-managepartners-display-component---NewPartner--intercompVendorComboBox-application-managepartners-display-component---NewPartner--assignmentsTable-0-vhi\"]"}
RESULT: {"using":"xpath","value":"//*[@id=\"application-managepartners-display-component---NewPartner--intercompVendorComboBox-application-managepartners-display-component---NewPartner--assignmentsTable-0-vhi\"]"}
COMMAND: POST /session/4ec1c74e4e20137f0b04e573c219e7fc/element/f.A540A0CCC69AE3F101933FDACCCCD7CE.d.C7548F9E921B559079E557FC388BBF2F.e.1617/click - {}
RESULT: {}
RESULT: undefined
COMMAND: POST /session/4ec1c74e4e20137f0b04e573c219e7fc/execute/async - {"script":"<script> [776 bytes]","args":[{"enterText":"100005","selector":{"controlType":"sap.m.SearchField","properties":{"placeholder":"Search"},"searchOpenDialogs":true,"interaction":{"idSuffix":"I"}},"clearTextFirst":true,"interactionType":"ENTER_TEXT"}]}
COMMAND: GET /session/4ec1c74e4e20137f0b04e573c219e7fc/screenshot - {}
RESULT: {"script":"<script> [776 bytes]","args":[{"enterText":"100005","selector":{"controlType":"sap.m.SearchField","properties":{"placeholder":"Search"},"searchOpenDialogs":true,"interaction":{"idSuffix":"I"}},"clearTextFirst":true,"interactionType":"ENTER_TEXT"}]}
COMMAND: POST /session/4ec1c74e4e20137f0b04e573c219e7fc/actions - {"actions":[{"id":"action5","type":"key","parameters":{},"actions":[{"type":"keyDown","value":"î€‡"},{"type":"pause","duration":10},{"type":"keyUp","value":"î€‡"}]}]}
RESULT: {}
RESULT: {"actions":[{"id":"action5","type":"key","parameters":{},"actions":[{"type":"keyDown","value":"î€‡"},{"type":"pause","duration":10},{"type":"keyUp","value":"î€‡"}]}]}
COMMAND: GET /session/4ec1c74e4e20137f0b04e573c219e7fc/screenshot - {}
RESULT: {}
COMMAND: POST /session/4ec1c74e4e20137f0b04e573c219e7fc/element - {"using":"xpath","value":"//span[contains(text(), \"Penguins - Field/12345 Berlin\")]"}
RESULT: {"using":"xpath","value":"//span[contains(text(), \"Penguins - Field/12345 Berlin\")]"}
COMMAND: POST /session/4ec1c74e4e20137f0b04e573c219e7fc/element/f.A540A0CCC69AE3F101933FDACCCCD7CE.d.C7548F9E921B559079E557FC388BBF2F.e.1634/click - {}
RESULT: {}
COMMAND: GET /session/4ec1c74e4e20137f0b04e573c219e7fc/screenshot - {}
RESULT: {}
COMMAND: POST /session/4ec1c74e4e20137f0b04e573c219e7fc/element - {"using":"xpath","value":"//bdi[contains(text(), \"OK\")]"}
RESULT: {"using":"xpath","value":"//bdi[contains(text(), \"OK\")]"}
COMMAND: POST /session/4ec1c74e4e20137f0b04e573c219e7fc/element/f.A540A0CCC69AE3F101933FDACCCCD7CE.d.C7548F9E921B559079E557FC388BBF2F.e.1635/click - {}
RESULT: {}
COMMAND: GET /session/4ec1c74e4e20137f0b04e573c219e7fc/screenshot - {}
RESULT: {}
COMMAND: POST /session/4ec1c74e4e20137f0b04e573c219e7fc/element - {"using":"xpath","value":"//button[@data-kt=\"saveButton\"]"}
RESULT: {"using":"xpath","value":"//button[@data-kt=\"saveButton\"]"}
COMMAND: POST /session/4ec1c74e4e20137f0b04e573c219e7fc/element/f.A540A0CCC69AE3F101933FDACCCCD7CE.d.C7548F9E921B559079E557FC388BBF2F.e.1490/click - {}
RESULT: {}
COMMAND: GET /session/4ec1c74e4e20137f0b04e573c219e7fc/screenshot - {}
RESULT: {}
COMMAND: POST /session/4ec1c74e4e20137f0b04e573c219e7fc/element - {"using":"xpath","value":"//header[contains(@id, 'ObjectPageLayout-headerTitle')]/div[1]/div[2]/div[2]/span[1]"}
RESULT: {"using":"xpath","value":"//header[contains(@id, 'ObjectPageLayout-headerTitle')]/div[1]/div[2]/div[2]/span[1]"}
COMMAND: POST /session/4ec1c74e4e20137f0b04e573c219e7fc/elements - {"using":"xpath","value":"//header[contains(@id, 'ObjectPageLayout-headerTitle')]/div[1]/div[2]/div[2]/span[1]"}
RESULT: {"using":"xpath","value":"//header[contains(@id, 'ObjectPageLayout-headerTitle')]/div[1]/div[2]/div[2]/span[1]"}
COMMAND: POST /session/4ec1c74e4e20137f0b04e573c219e7fc/execute/sync - {"script":"<script> [56 bytes]","args":[{"element-6066-11e4-a52e-4f735466cecf":"f.A540A0CCC69AE3F101933FDACCCCD7CE.d.C7548F9E921B559079E557FC388BBF2F.e.1800","ELEMENT":"f.A540A0CCC69AE3F101933FDACCCCD7CE.d.C7548F9E921B559079E557FC388BBF2F.e.1800"}]}
RESULT: {"script":"<script> [56 bytes]","args":[{"element-6066-11e4-a52e-4f735466cecf":"f.A540A0CCC69AE3F101933FDACCCCD7CE.d.C7548F9E921B559079E557FC388BBF2F.e.1800","ELEMENT":"f.A540A0CCC69AE3F101933FDACCCCD7CE.d.C7548F9E921B559079E557FC388BBF2F.e.1800"}]}
COMMAND: POST /session/4ec1c74e4e20137f0b04e573c219e7fc/element - {"using":"css selector","value":"#shell-header-logo"}
COMMAND: GET /session/4ec1c74e4e20137f0b04e573c219e7fc/screenshot - {}
RESULT: {"using":"css selector","value":"#shell-header-logo"}
COMMAND: POST /session/4ec1c74e4e20137f0b04e573c219e7fc/element/f.A540A0CCC69AE3F101933FDACCCCD7CE.d.C7548F9E921B559079E557FC388BBF2F.e.1022/click - {}
RESULT: {}
RESULT: {}
COMMAND: GET /session/4ec1c74e4e20137f0b04e573c219e7fc/screenshot - {}
RESULT: {}
COMMAND: POST /session/4ec1c74e4e20137f0b04e573c219e7fc/execute/sync - {"script":"<script> [299 bytes]","args":[["getModel","getResource"]]}
RESULT: {"script":"<script> [299 bytes]","args":[["getModel","getResource"]]}
]]></system-out>
    </testcase>
    <testcase classname="chrome.135_0_7049_96.windows.Tests_for_Mass_State_Change_on_Manage_States_&amp;_Performances_US104416_US" name="Prereq Should create a new site" time="116.914">
      <system-out><![CDATA[
COMMAND: POST /session/4ec1c74e4e20137f0b04e573c219e7fc/execute/async - {"script":"<script> [1562 bytes]","args":[{"selector":{"controlType":"sap.m.TileContent","bindingPath":{"path":"","propertyPath":"/properties/info"},"ancestor":{"controlType":"sap.m.GenericTile","properties":{"header":"Manage Sites"}}},"wdio_ui5_key":"sapm.TileContent{\"path\":\"\",\"propertyPath\":\"/properties/info\"}{\"controlType\":\"sap.m.GenericTile\",\"properties\":{\"header\":\"Manage Sites\"}}"}]}
COMMAND: GET /session/4ec1c74e4e20137f0b04e573c219e7fc/screenshot - {}
RESULT: {}
RESULT: {"script":"<script> [1562 bytes]","args":[{"selector":{"controlType":"sap.m.TileContent","bindingPath":{"path":"","propertyPath":"/properties/info"},"ancestor":{"controlType":"sap.m.GenericTile","properties":{"header":"Manage Sites"}}},"wdio_ui5_key":"sapm.TileContent{\"path\":\"\",\"propertyPath\":\"/properties/info\"}{\"controlType\":\"sap.m.GenericTile\",\"properties\":{\"header\":\"Manage Sites\"}}"}]}
RESULT: undefined
COMMAND: POST /session/4ec1c74e4e20137f0b04e573c219e7fc/element - {"using":"xpath","value":"//*[@id=\"__xmlview7--numericTileContent\"]"}
RESULT: {"using":"xpath","value":"//*[@id=\"__xmlview7--numericTileContent\"]"}
COMMAND: POST /session/4ec1c74e4e20137f0b04e573c219e7fc/element/f.A540A0CCC69AE3F101933FDACCCCD7CE.d.C7548F9E921B559079E557FC388BBF2F.e.1802/click - {}
RESULT: {}
COMMAND: POST /session/4ec1c74e4e20137f0b04e573c219e7fc/element - {"using":"xpath","value":"//button[@data-kt=\"addOverflowToolbarButton\"]"}
COMMAND: GET /session/4ec1c74e4e20137f0b04e573c219e7fc/screenshot - {}
RESULT: {"using":"xpath","value":"//button[@data-kt=\"addOverflowToolbarButton\"]"}
COMMAND: POST /session/4ec1c74e4e20137f0b04e573c219e7fc/elements - {"using":"xpath","value":"//button[@data-kt=\"addOverflowToolbarButton\"]"}
RESULT: {}
RESULT: {"using":"xpath","value":"//button[@data-kt=\"addOverflowToolbarButton\"]"}
COMMAND: POST /session/4ec1c74e4e20137f0b04e573c219e7fc/elements - {"using":"xpath","value":"//button[@data-kt=\"addOverflowToolbarButton\"]"}
RESULT: {"using":"xpath","value":"//button[@data-kt=\"addOverflowToolbarButton\"]"}
COMMAND: POST /session/4ec1c74e4e20137f0b04e573c219e7fc/elements - {"using":"xpath","value":"//button[@data-kt=\"addOverflowToolbarButton\"]"}
RESULT: {"using":"xpath","value":"//button[@data-kt=\"addOverflowToolbarButton\"]"}
COMMAND: POST /session/4ec1c74e4e20137f0b04e573c219e7fc/elements - {"using":"xpath","value":"//button[@data-kt=\"addOverflowToolbarButton\"]"}
RESULT: {"using":"xpath","value":"//button[@data-kt=\"addOverflowToolbarButton\"]"}
COMMAND: POST /session/4ec1c74e4e20137f0b04e573c219e7fc/element - {"using":"xpath","value":"//button[@data-kt=\"addOverflowToolbarButton\"]"}
RESULT: {"using":"xpath","value":"//button[@data-kt=\"addOverflowToolbarButton\"]"}
COMMAND: POST /session/4ec1c74e4e20137f0b04e573c219e7fc/execute/sync - {"script":"<script> [8489 bytes]","args":[{"element-6066-11e4-a52e-4f735466cecf":"f.A540A0CCC69AE3F101933FDACCCCD7CE.d.C7548F9E921B559079E557FC388BBF2F.e.1816","ELEMENT":"f.A540A0CCC69AE3F101933FDACCCCD7CE.d.C7548F9E921B559079E557FC388BBF2F.e.1816"}]}
RESULT: {"script":"<script> [8489 bytes]","args":[{"element-6066-11e4-a52e-4f735466cecf":"f.A540A0CCC69AE3F101933FDACCCCD7CE.d.C7548F9E921B559079E557FC388BBF2F.e.1816","ELEMENT":"f.A540A0CCC69AE3F101933FDACCCCD7CE.d.C7548F9E921B559079E557FC388BBF2F.e.1816"}]}
COMMAND: GET /session/4ec1c74e4e20137f0b04e573c219e7fc/element/f.A540A0CCC69AE3F101933FDACCCCD7CE.d.C7548F9E921B559079E557FC388BBF2F.e.1816/enabled - {}
COMMAND: GET /session/4ec1c74e4e20137f0b04e573c219e7fc/screenshot - {}
RESULT: {}
COMMAND: POST /session/4ec1c74e4e20137f0b04e573c219e7fc/execute/sync - {"script":"<script> [8489 bytes]","args":[{"element-6066-11e4-a52e-4f735466cecf":"f.A540A0CCC69AE3F101933FDACCCCD7CE.d.C7548F9E921B559079E557FC388BBF2F.e.1816","ELEMENT":"f.A540A0CCC69AE3F101933FDACCCCD7CE.d.C7548F9E921B559079E557FC388BBF2F.e.1816"}]}
COMMAND: GET /session/4ec1c74e4e20137f0b04e573c219e7fc/screenshot - {}
RESULT: {}
RESULT: {"script":"<script> [8489 bytes]","args":[{"element-6066-11e4-a52e-4f735466cecf":"f.A540A0CCC69AE3F101933FDACCCCD7CE.d.C7548F9E921B559079E557FC388BBF2F.e.1816","ELEMENT":"f.A540A0CCC69AE3F101933FDACCCCD7CE.d.C7548F9E921B559079E557FC388BBF2F.e.1816"}]}
COMMAND: POST /session/4ec1c74e4e20137f0b04e573c219e7fc/execute/sync - {"script":"<script> [5351 bytes]","args":[{"element-6066-11e4-a52e-4f735466cecf":"f.A540A0CCC69AE3F101933FDACCCCD7CE.d.C7548F9E921B559079E557FC388BBF2F.e.1816","ELEMENT":"f.A540A0CCC69AE3F101933FDACCCCD7CE.d.C7548F9E921B559079E557FC388BBF2F.e.1816"}]}
COMMAND: GET /session/4ec1c74e4e20137f0b04e573c219e7fc/screenshot - {}
RESULT: {}
RESULT: {"script":"<script> [5351 bytes]","args":[{"element-6066-11e4-a52e-4f735466cecf":"f.A540A0CCC69AE3F101933FDACCCCD7CE.d.C7548F9E921B559079E557FC388BBF2F.e.1816","ELEMENT":"f.A540A0CCC69AE3F101933FDACCCCD7CE.d.C7548F9E921B559079E557FC388BBF2F.e.1816"}]}
COMMAND: POST /session/4ec1c74e4e20137f0b04e573c219e7fc/element/f.A540A0CCC69AE3F101933FDACCCCD7CE.d.C7548F9E921B559079E557FC388BBF2F.e.1816/click - {}
COMMAND: GET /session/4ec1c74e4e20137f0b04e573c219e7fc/screenshot - {}
RESULT: {}
RESULT: {}
COMMAND: GET /session/4ec1c74e4e20137f0b04e573c219e7fc/screenshot - {}
COMMAND: POST /session/4ec1c74e4e20137f0b04e573c219e7fc/execute/async - {"script":"<script> [1562 bytes]","args":[{"selector":{"id":"application-managesites-display-component---NewSite--addressDetailDetailsName1","interaction":{"idSuffix":"inner"}},"wdio_ui5_key":"applicationmanagesites-display-component---NewSite--addressDetailDetailsName1"}]}
RESULT: {}
RESULT: {}
RESULT: {"script":"<script> [1562 bytes]","args":[{"selector":{"id":"application-managesites-display-component---NewSite--addressDetailDetailsName1","interaction":{"idSuffix":"inner"}},"wdio_ui5_key":"applicationmanagesites-display-component---NewSite--addressDetailDetailsName1"}]}
RESULT: undefined
COMMAND: POST /session/4ec1c74e4e20137f0b04e573c219e7fc/execute/async - {"script":"<script> [776 bytes]","args":[{"enterText":"Intracompany Site wdIO","selector":{"id":"application-managesites-display-component---NewSite--addressDetailDetailsName1","interaction":{"idSuffix":"inner"}},"clearTextFirst":true,"interactionType":"ENTER_TEXT"}]}
RESULT: {"script":"<script> [776 bytes]","args":[{"enterText":"Intracompany Site wdIO","selector":{"id":"application-managesites-display-component---NewSite--addressDetailDetailsName1","interaction":{"idSuffix":"inner"}},"clearTextFirst":true,"interactionType":"ENTER_TEXT"}]}
COMMAND: POST /session/4ec1c74e4e20137f0b04e573c219e7fc/execute/async - {"script":"<script> [1562 bytes]","args":[{"selector":{"id":"application-managesites-display-component---NewSite--addressDetailDetailsLanguage-arrow"},"wdio_ui5_key":"applicationmanagesites-display-component---NewSite--addressDetailDetailsLanguage-arrow"}]}
RESULT: {"script":"<script> [1562 bytes]","args":[{"selector":{"id":"application-managesites-display-component---NewSite--addressDetailDetailsLanguage-arrow"},"wdio_ui5_key":"applicationmanagesites-display-component---NewSite--addressDetailDetailsLanguage-arrow"}]}
RESULT: undefined
COMMAND: POST /session/4ec1c74e4e20137f0b04e573c219e7fc/element - {"using":"xpath","value":"//*[@id=\"application-managesites-display-component---NewSite--addressDetailDetailsLanguage-arrow\"]"}
RESULT: {"using":"xpath","value":"//*[@id=\"application-managesites-display-component---NewSite--addressDetailDetailsLanguage-arrow\"]"}
COMMAND: POST /session/4ec1c74e4e20137f0b04e573c219e7fc/element/f.A540A0CCC69AE3F101933FDACCCCD7CE.d.C7548F9E921B559079E557FC388BBF2F.e.2476/click - {}
RESULT: {}
COMMAND: POST /session/4ec1c74e4e20137f0b04e573c219e7fc/element - {"using":"xpath","value":"//span[contains(text(), \"English\")]"}
COMMAND: GET /session/4ec1c74e4e20137f0b04e573c219e7fc/screenshot - {}
RESULT: {"using":"xpath","value":"//span[contains(text(), \"English\")]"}
COMMAND: POST /session/4ec1c74e4e20137f0b04e573c219e7fc/element/f.A540A0CCC69AE3F101933FDACCCCD7CE.d.C7548F9E921B559079E557FC388BBF2F.e.2477/click - {}
RESULT: {}
RESULT: {}
COMMAND: POST /session/4ec1c74e4e20137f0b04e573c219e7fc/execute/async - {"script":"<script> [1562 bytes]","args":[{"selector":{"id":"application-managesites-display-component---NewSite--addressDetailDetailsCity1","interaction":{"idSuffix":"inner"}},"wdio_ui5_key":"applicationmanagesites-display-component---NewSite--addressDetailDetailsCity1"}]}
COMMAND: GET /session/4ec1c74e4e20137f0b04e573c219e7fc/screenshot - {}
RESULT: {"script":"<script> [1562 bytes]","args":[{"selector":{"id":"application-managesites-display-component---NewSite--addressDetailDetailsCity1","interaction":{"idSuffix":"inner"}},"wdio_ui5_key":"applicationmanagesites-display-component---NewSite--addressDetailDetailsCity1"}]}
RESULT: undefined
COMMAND: POST /session/4ec1c74e4e20137f0b04e573c219e7fc/execute/async - {"script":"<script> [776 bytes]","args":[{"enterText":"Rosario","selector":{"id":"application-managesites-display-component---NewSite--addressDetailDetailsCity1","interaction":{"idSuffix":"inner"}},"clearTextFirst":true,"interactionType":"ENTER_TEXT"}]}
RESULT: {}
RESULT: {"script":"<script> [776 bytes]","args":[{"enterText":"Rosario","selector":{"id":"application-managesites-display-component---NewSite--addressDetailDetailsCity1","interaction":{"idSuffix":"inner"}},"clearTextFirst":true,"interactionType":"ENTER_TEXT"}]}
COMMAND: POST /session/4ec1c74e4e20137f0b04e573c219e7fc/execute/async - {"script":"<script> [1562 bytes]","args":[{"selector":{"id":"application-managesites-display-component---NewSite--addressDetailDetailsCountry-arrow"},"wdio_ui5_key":"applicationmanagesites-display-component---NewSite--addressDetailDetailsCountry-arrow"}]}
RESULT: {"script":"<script> [1562 bytes]","args":[{"selector":{"id":"application-managesites-display-component---NewSite--addressDetailDetailsCountry-arrow"},"wdio_ui5_key":"applicationmanagesites-display-component---NewSite--addressDetailDetailsCountry-arrow"}]}
RESULT: undefined
COMMAND: POST /session/4ec1c74e4e20137f0b04e573c219e7fc/element - {"using":"xpath","value":"//*[@id=\"application-managesites-display-component---NewSite--addressDetailDetailsCountry-arrow\"]"}
RESULT: {"using":"xpath","value":"//*[@id=\"application-managesites-display-component---NewSite--addressDetailDetailsCountry-arrow\"]"}
COMMAND: POST /session/4ec1c74e4e20137f0b04e573c219e7fc/element/f.A540A0CCC69AE3F101933FDACCCCD7CE.d.C7548F9E921B559079E557FC388BBF2F.e.2479/click - {}
RESULT: {}
COMMAND: POST /session/4ec1c74e4e20137f0b04e573c219e7fc/element - {"using":"xpath","value":"//span[contains(text(), \"Argentina\")]"}
COMMAND: GET /session/4ec1c74e4e20137f0b04e573c219e7fc/screenshot - {}
RESULT: {"using":"xpath","value":"//span[contains(text(), \"Argentina\")]"}
COMMAND: POST /session/4ec1c74e4e20137f0b04e573c219e7fc/element/f.A540A0CCC69AE3F101933FDACCCCD7CE.d.C7548F9E921B559079E557FC388BBF2F.e.2480/click - {}
RESULT: {}
RESULT: {}
COMMAND: GET /session/4ec1c74e4e20137f0b04e573c219e7fc/screenshot - {}
RESULT: {}
COMMAND: POST /session/4ec1c74e4e20137f0b04e573c219e7fc/execute/async - {"script":"<script> [1562 bytes]","args":[{"selector":{"id":"application-managesites-display-component---NewSite--addressEditDetailsCostObjectCstType-arrow"},"wdio_ui5_key":"applicationmanagesites-display-component---NewSite--addressEditDetailsCostObjectCstType-arrow"}]}
RESULT: {"script":"<script> [1562 bytes]","args":[{"selector":{"id":"application-managesites-display-component---NewSite--addressEditDetailsCostObjectCstType-arrow"},"wdio_ui5_key":"applicationmanagesites-display-component---NewSite--addressEditDetailsCostObjectCstType-arrow"}]}
RESULT: undefined
COMMAND: POST /session/4ec1c74e4e20137f0b04e573c219e7fc/element - {"using":"xpath","value":"//*[@id=\"application-managesites-display-component---NewSite--addressEditDetailsCostObjectCstType-arrow\"]"}
RESULT: {"using":"xpath","value":"//*[@id=\"application-managesites-display-component---NewSite--addressEditDetailsCostObjectCstType-arrow\"]"}
COMMAND: POST /session/4ec1c74e4e20137f0b04e573c219e7fc/element/f.A540A0CCC69AE3F101933FDACCCCD7CE.d.C7548F9E921B559079E557FC388BBF2F.e.2482/click - {}
RESULT: {}
COMMAND: POST /session/4ec1c74e4e20137f0b04e573c219e7fc/element - {"using":"xpath","value":"//span[contains(text(), \"Cost Center\")]"}
COMMAND: GET /session/4ec1c74e4e20137f0b04e573c219e7fc/screenshot - {}
RESULT: {"using":"xpath","value":"//span[contains(text(), \"Cost Center\")]"}
COMMAND: POST /session/4ec1c74e4e20137f0b04e573c219e7fc/element/f.A540A0CCC69AE3F101933FDACCCCD7CE.d.C7548F9E921B559079E557FC388BBF2F.e.2483/click - {}
RESULT: {}
RESULT: {}
COMMAND: GET /session/4ec1c74e4e20137f0b04e573c219e7fc/screenshot - {}
RESULT: {}
COMMAND: POST /session/4ec1c74e4e20137f0b04e573c219e7fc/element - {"using":"xpath","value":"//span[@id=\"application-managesites-display-component---NewSite--addressNewCostObjectCstID-vhi\"]"}
RESULT: {"using":"xpath","value":"//span[@id=\"application-managesites-display-component---NewSite--addressNewCostObjectCstID-vhi\"]"}
COMMAND: POST /session/4ec1c74e4e20137f0b04e573c219e7fc/execute/sync - {"script":"<script> [8489 bytes]","args":[{"element-6066-11e4-a52e-4f735466cecf":"f.A540A0CCC69AE3F101933FDACCCCD7CE.d.C7548F9E921B559079E557FC388BBF2F.e.2488","ELEMENT":"f.A540A0CCC69AE3F101933FDACCCCD7CE.d.C7548F9E921B559079E557FC388BBF2F.e.2488"}]}
RESULT: {"script":"<script> [8489 bytes]","args":[{"element-6066-11e4-a52e-4f735466cecf":"f.A540A0CCC69AE3F101933FDACCCCD7CE.d.C7548F9E921B559079E557FC388BBF2F.e.2488","ELEMENT":"f.A540A0CCC69AE3F101933FDACCCCD7CE.d.C7548F9E921B559079E557FC388BBF2F.e.2488"}]}
COMMAND: POST /session/4ec1c74e4e20137f0b04e573c219e7fc/execute/async - {"script":"<script> [1562 bytes]","args":[{"selector":{"id":"application-managesites-display-component---NewSite--addressNewCostObjectCstID-vhi"},"wdio_ui5_key":"applicationmanagesites-display-component---NewSite--addressNewCostObjectCstID-vhi"}]}
COMMAND: GET /session/4ec1c74e4e20137f0b04e573c219e7fc/screenshot - {}
RESULT: {"script":"<script> [1562 bytes]","args":[{"selector":{"id":"application-managesites-display-component---NewSite--addressNewCostObjectCstID-vhi"},"wdio_ui5_key":"applicationmanagesites-display-component---NewSite--addressNewCostObjectCstID-vhi"}]}
RESULT: undefined
COMMAND: POST /session/4ec1c74e4e20137f0b04e573c219e7fc/element - {"using":"xpath","value":"//*[@id=\"application-managesites-display-component---NewSite--addressNewCostObjectCstID-vhi\"]"}
RESULT: {}
RESULT: {"using":"xpath","value":"//*[@id=\"application-managesites-display-component---NewSite--addressNewCostObjectCstID-vhi\"]"}
COMMAND: POST /session/4ec1c74e4e20137f0b04e573c219e7fc/element/f.A540A0CCC69AE3F101933FDACCCCD7CE.d.C7548F9E921B559079E557FC388BBF2F.e.2488/click - {}
RESULT: {}
COMMAND: GET /session/4ec1c74e4e20137f0b04e573c219e7fc/screenshot - {}
RESULT: {}
RESULT: undefined
COMMAND: POST /session/4ec1c74e4e20137f0b04e573c219e7fc/execute/async - {"script":"<script> [776 bytes]","args":[{"enterText":"10001013","selector":{"controlType":"sap.m.SearchField","properties":{"placeholder":"Search"},"searchOpenDialogs":true,"interaction":{"idSuffix":"I"}},"clearTextFirst":true,"interactionType":"ENTER_TEXT"}]}
RESULT: {"script":"<script> [776 bytes]","args":[{"enterText":"10001013","selector":{"controlType":"sap.m.SearchField","properties":{"placeholder":"Search"},"searchOpenDialogs":true,"interaction":{"idSuffix":"I"}},"clearTextFirst":true,"interactionType":"ENTER_TEXT"}]}
COMMAND: POST /session/4ec1c74e4e20137f0b04e573c219e7fc/actions - {"actions":[{"id":"action6","type":"key","parameters":{},"actions":[{"type":"keyDown","value":"î€‡"},{"type":"pause","duration":10},{"type":"keyUp","value":"î€‡"}]}]}
RESULT: {"actions":[{"id":"action6","type":"key","parameters":{},"actions":[{"type":"keyDown","value":"î€‡"},{"type":"pause","duration":10},{"type":"keyUp","value":"î€‡"}]}]}
COMMAND: GET /session/4ec1c74e4e20137f0b04e573c219e7fc/screenshot - {}
RESULT: {}
COMMAND: POST /session/4ec1c74e4e20137f0b04e573c219e7fc/element - {"using":"xpath","value":"//span[contains(text(), \"General Management\")]"}
RESULT: {"using":"xpath","value":"//span[contains(text(), \"General Management\")]"}
COMMAND: POST /session/4ec1c74e4e20137f0b04e573c219e7fc/element/f.A540A0CCC69AE3F101933FDACCCCD7CE.d.C7548F9E921B559079E557FC388BBF2F.e.2528/click - {}
RESULT: {}
COMMAND: GET /session/4ec1c74e4e20137f0b04e573c219e7fc/screenshot - {}
RESULT: {}
COMMAND: POST /session/4ec1c74e4e20137f0b04e573c219e7fc/element - {"using":"xpath","value":"//bdi[contains(text(), \"OK\")]"}
RESULT: {"using":"xpath","value":"//bdi[contains(text(), \"OK\")]"}
COMMAND: POST /session/4ec1c74e4e20137f0b04e573c219e7fc/element/f.A540A0CCC69AE3F101933FDACCCCD7CE.d.C7548F9E921B559079E557FC388BBF2F.e.2529/click - {}
RESULT: {}
COMMAND: GET /session/4ec1c74e4e20137f0b04e573c219e7fc/screenshot - {}
RESULT: {}
COMMAND: POST /session/4ec1c74e4e20137f0b04e573c219e7fc/element - {"using":"xpath","value":"//input[@id=\"application-managesites-display-component---NewSite--addressDetailDetailsCalendar-inner\"]"}
RESULT: {"using":"xpath","value":"//input[@id=\"application-managesites-display-component---NewSite--addressDetailDetailsCalendar-inner\"]"}
COMMAND: POST /session/4ec1c74e4e20137f0b04e573c219e7fc/element/f.A540A0CCC69AE3F101933FDACCCCD7CE.d.C7548F9E921B559079E557FC388BBF2F.e.2273/clear - {}
RESULT: {}
COMMAND: POST /session/4ec1c74e4e20137f0b04e573c219e7fc/element/f.A540A0CCC69AE3F101933FDACCCCD7CE.d.C7548F9E921B559079E557FC388BBF2F.e.2273/value - {"text":"Unit"}
COMMAND: GET /session/4ec1c74e4e20137f0b04e573c219e7fc/screenshot - {}
RESULT: {"text":"Unit"}
COMMAND: GET /session/4ec1c74e4e20137f0b04e573c219e7fc/screenshot - {}
RESULT: {}
RESULT: {}
COMMAND: POST /session/4ec1c74e4e20137f0b04e573c219e7fc/actions - {"actions":[{"id":"action7","type":"key","parameters":{},"actions":[{"type":"keyDown","value":"î€‡"},{"type":"pause","duration":10},{"type":"keyUp","value":"î€‡"}]}]}
RESULT: {"actions":[{"id":"action7","type":"key","parameters":{},"actions":[{"type":"keyDown","value":"î€‡"},{"type":"pause","duration":10},{"type":"keyUp","value":"î€‡"}]}]}
COMMAND: POST /session/4ec1c74e4e20137f0b04e573c219e7fc/element - {"using":"xpath","value":"//input[@id=\"application-managesites-display-component---NewSite--addressDetailDetailsYard-inner\"]"}
COMMAND: GET /session/4ec1c74e4e20137f0b04e573c219e7fc/screenshot - {}
RESULT: {"using":"xpath","value":"//input[@id=\"application-managesites-display-component---NewSite--addressDetailDetailsYard-inner\"]"}
COMMAND: POST /session/4ec1c74e4e20137f0b04e573c219e7fc/element/f.A540A0CCC69AE3F101933FDACCCCD7CE.d.C7548F9E921B559079E557FC388BBF2F.e.2274/clear - {}
RESULT: {}
RESULT: {}
COMMAND: POST /session/4ec1c74e4e20137f0b04e573c219e7fc/element/f.A540A0CCC69AE3F101933FDACCCCD7CE.d.C7548F9E921B559079E557FC388BBF2F.e.2274/value - {"text":"517"}
COMMAND: GET /session/4ec1c74e4e20137f0b04e573c219e7fc/screenshot - {}
RESULT: {"text":"517"}
COMMAND: GET /session/4ec1c74e4e20137f0b04e573c219e7fc/screenshot - {}
RESULT: {}
RESULT: {}
COMMAND: POST /session/4ec1c74e4e20137f0b04e573c219e7fc/element - {"using":"xpath","value":"//li[.//span[text()='517']]"}
RESULT: {"using":"xpath","value":"//li[.//span[text()='517']]"}
COMMAND: POST /session/4ec1c74e4e20137f0b04e573c219e7fc/element/f.A540A0CCC69AE3F101933FDACCCCD7CE.d.C7548F9E921B559079E557FC388BBF2F.e.2537/click - {}
RESULT: {}
COMMAND: GET /session/4ec1c74e4e20137f0b04e573c219e7fc/screenshot - {}
RESULT: {}
COMMAND: POST /session/4ec1c74e4e20137f0b04e573c219e7fc/element - {"using":"xpath","value":"//input[@id=\"application-managesites-display-component---NewSite--addressDetailDetailsPartner-inner\"]"}
RESULT: {"using":"xpath","value":"//input[@id=\"application-managesites-display-component---NewSite--addressDetailDetailsPartner-inner\"]"}
COMMAND: POST /session/4ec1c74e4e20137f0b04e573c219e7fc/element - {"using":"xpath","value":"//input[@id=\"application-managesites-display-component---NewSite--addressDetailDetailsPartner-inner\"]"}
RESULT: {"using":"xpath","value":"//input[@id=\"application-managesites-display-component---NewSite--addressDetailDetailsPartner-inner\"]"}
COMMAND: POST /session/4ec1c74e4e20137f0b04e573c219e7fc/element - {"using":"xpath","value":"//button[@data-kt=\"saveButton\"]"}
RESULT: {"using":"xpath","value":"//button[@data-kt=\"saveButton\"]"}
COMMAND: POST /session/4ec1c74e4e20137f0b04e573c219e7fc/element/f.A540A0CCC69AE3F101933FDACCCCD7CE.d.C7548F9E921B559079E557FC388BBF2F.e.2461/click - {}
RESULT: {}
COMMAND: GET /session/4ec1c74e4e20137f0b04e573c219e7fc/screenshot - {}
RESULT: {}
COMMAND: POST /session/4ec1c74e4e20137f0b04e573c219e7fc/element - {"using":"xpath","value":"//header[contains(@id, 'ObjectPageLayout-headerTitle')]/div[1]/div[2]/div[2]/span[1]"}
RESULT: {"using":"xpath","value":"//header[contains(@id, 'ObjectPageLayout-headerTitle')]/div[1]/div[2]/div[2]/span[1]"}
COMMAND: POST /session/4ec1c74e4e20137f0b04e573c219e7fc/elements - {"using":"xpath","value":"//header[contains(@id, 'ObjectPageLayout-headerTitle')]/div[1]/div[2]/div[2]/span[1]"}
RESULT: {"using":"xpath","value":"//header[contains(@id, 'ObjectPageLayout-headerTitle')]/div[1]/div[2]/div[2]/span[1]"}
COMMAND: POST /session/4ec1c74e4e20137f0b04e573c219e7fc/execute/sync - {"script":"<script> [56 bytes]","args":[{"element-6066-11e4-a52e-4f735466cecf":"f.A540A0CCC69AE3F101933FDACCCCD7CE.d.C7548F9E921B559079E557FC388BBF2F.e.2741","ELEMENT":"f.A540A0CCC69AE3F101933FDACCCCD7CE.d.C7548F9E921B559079E557FC388BBF2F.e.2741"}]}
RESULT: {"script":"<script> [56 bytes]","args":[{"element-6066-11e4-a52e-4f735466cecf":"f.A540A0CCC69AE3F101933FDACCCCD7CE.d.C7548F9E921B559079E557FC388BBF2F.e.2741","ELEMENT":"f.A540A0CCC69AE3F101933FDACCCCD7CE.d.C7548F9E921B559079E557FC388BBF2F.e.2741"}]}
COMMAND: POST /session/4ec1c74e4e20137f0b04e573c219e7fc/element - {"using":"css selector","value":"#shell-header-logo"}
COMMAND: GET /session/4ec1c74e4e20137f0b04e573c219e7fc/screenshot - {}
RESULT: {"using":"css selector","value":"#shell-header-logo"}
COMMAND: POST /session/4ec1c74e4e20137f0b04e573c219e7fc/element/f.A540A0CCC69AE3F101933FDACCCCD7CE.d.C7548F9E921B559079E557FC388BBF2F.e.1806/click - {}
RESULT: {}
RESULT: {}
COMMAND: GET /session/4ec1c74e4e20137f0b04e573c219e7fc/screenshot - {}
RESULT: {}
COMMAND: POST /session/4ec1c74e4e20137f0b04e573c219e7fc/execute/sync - {"script":"<script> [299 bytes]","args":[["getModel","getResource"]]}
RESULT: {"script":"<script> [299 bytes]","args":[["getModel","getResource"]]}
COMMAND: GET /session/4ec1c74e4e20137f0b04e573c219e7fc/screenshot - {}
]]></system-out>
    </testcase>
    <testcase classname="chrome.135_0_7049_96.windows.Tests_for_Mass_State_Change_on_Manage_States_&amp;_Performances_US104416_US" name="Prereq Should create a new equipment multipart" time="136.844">
      <system-out><![CDATA[
RESULT: {}
COMMAND: POST /session/4ec1c74e4e20137f0b04e573c219e7fc/execute/async - {"script":"<script> [1562 bytes]","args":[{"selector":{"controlType":"sap.m.GenericTile","properties":{"header":"Manage Resources"}},"wdio_ui5_key":"sapm.GenericTile{\"header\":\"Manage Resources\"}"}]}
RESULT: {"script":"<script> [1562 bytes]","args":[{"selector":{"controlType":"sap.m.GenericTile","properties":{"header":"Manage Resources"}},"wdio_ui5_key":"sapm.GenericTile{\"header\":\"Manage Resources\"}"}]}
RESULT: undefined
COMMAND: POST /session/4ec1c74e4e20137f0b04e573c219e7fc/element - {"using":"xpath","value":"//*[@id=\"__tile39\"]"}
RESULT: {"using":"xpath","value":"//*[@id=\"__tile39\"]"}
COMMAND: POST /session/4ec1c74e4e20137f0b04e573c219e7fc/element/f.A540A0CCC69AE3F101933FDACCCCD7CE.d.C7548F9E921B559079E557FC388BBF2F.e.159/click - {}
RESULT: {}
COMMAND: POST /session/4ec1c74e4e20137f0b04e573c219e7fc/element - {"using":"xpath","value":"//button[@data-kt=\"addNewRUOverflowToolbarButton\"]"}
COMMAND: GET /session/4ec1c74e4e20137f0b04e573c219e7fc/screenshot - {}
RESULT: {"using":"xpath","value":"//button[@data-kt=\"addNewRUOverflowToolbarButton\"]"}
COMMAND: POST /session/4ec1c74e4e20137f0b04e573c219e7fc/elements - {"using":"xpath","value":"//button[@data-kt=\"addNewRUOverflowToolbarButton\"]"}
RESULT: {}
RESULT: {"using":"xpath","value":"//button[@data-kt=\"addNewRUOverflowToolbarButton\"]"}
COMMAND: POST /session/4ec1c74e4e20137f0b04e573c219e7fc/elements - {"using":"xpath","value":"//button[@data-kt=\"addNewRUOverflowToolbarButton\"]"}
RESULT: {"using":"xpath","value":"//button[@data-kt=\"addNewRUOverflowToolbarButton\"]"}
COMMAND: POST /session/4ec1c74e4e20137f0b04e573c219e7fc/elements - {"using":"xpath","value":"//button[@data-kt=\"addNewRUOverflowToolbarButton\"]"}
RESULT: {"using":"xpath","value":"//button[@data-kt=\"addNewRUOverflowToolbarButton\"]"}
COMMAND: POST /session/4ec1c74e4e20137f0b04e573c219e7fc/elements - {"using":"xpath","value":"//button[@data-kt=\"addNewRUOverflowToolbarButton\"]"}
RESULT: {"using":"xpath","value":"//button[@data-kt=\"addNewRUOverflowToolbarButton\"]"}
COMMAND: POST /session/4ec1c74e4e20137f0b04e573c219e7fc/elements - {"using":"xpath","value":"//button[@data-kt=\"addNewRUOverflowToolbarButton\"]"}
RESULT: {"using":"xpath","value":"//button[@data-kt=\"addNewRUOverflowToolbarButton\"]"}
COMMAND: POST /session/4ec1c74e4e20137f0b04e573c219e7fc/elements - {"using":"xpath","value":"//button[@data-kt=\"addNewRUOverflowToolbarButton\"]"}
RESULT: {"using":"xpath","value":"//button[@data-kt=\"addNewRUOverflowToolbarButton\"]"}
COMMAND: POST /session/4ec1c74e4e20137f0b04e573c219e7fc/elements - {"using":"xpath","value":"//button[@data-kt=\"addNewRUOverflowToolbarButton\"]"}
RESULT: {"using":"xpath","value":"//button[@data-kt=\"addNewRUOverflowToolbarButton\"]"}
COMMAND: POST /session/4ec1c74e4e20137f0b04e573c219e7fc/elements - {"using":"xpath","value":"//button[@data-kt=\"addNewRUOverflowToolbarButton\"]"}
RESULT: {"using":"xpath","value":"//button[@data-kt=\"addNewRUOverflowToolbarButton\"]"}
COMMAND: POST /session/4ec1c74e4e20137f0b04e573c219e7fc/elements - {"using":"xpath","value":"//button[@data-kt=\"addNewRUOverflowToolbarButton\"]"}
RESULT: {"using":"xpath","value":"//button[@data-kt=\"addNewRUOverflowToolbarButton\"]"}
COMMAND: POST /session/4ec1c74e4e20137f0b04e573c219e7fc/elements - {"using":"xpath","value":"//button[@data-kt=\"addNewRUOverflowToolbarButton\"]"}
RESULT: {"using":"xpath","value":"//button[@data-kt=\"addNewRUOverflowToolbarButton\"]"}
COMMAND: POST /session/4ec1c74e4e20137f0b04e573c219e7fc/elements - {"using":"xpath","value":"//button[@data-kt=\"addNewRUOverflowToolbarButton\"]"}
RESULT: {"using":"xpath","value":"//button[@data-kt=\"addNewRUOverflowToolbarButton\"]"}
COMMAND: POST /session/4ec1c74e4e20137f0b04e573c219e7fc/elements - {"using":"xpath","value":"//button[@data-kt=\"addNewRUOverflowToolbarButton\"]"}
RESULT: {"using":"xpath","value":"//button[@data-kt=\"addNewRUOverflowToolbarButton\"]"}
COMMAND: POST /session/4ec1c74e4e20137f0b04e573c219e7fc/elements - {"using":"xpath","value":"//button[@data-kt=\"addNewRUOverflowToolbarButton\"]"}
RESULT: {"using":"xpath","value":"//button[@data-kt=\"addNewRUOverflowToolbarButton\"]"}
COMMAND: POST /session/4ec1c74e4e20137f0b04e573c219e7fc/elements - {"using":"xpath","value":"//button[@data-kt=\"addNewRUOverflowToolbarButton\"]"}
RESULT: {"using":"xpath","value":"//button[@data-kt=\"addNewRUOverflowToolbarButton\"]"}
COMMAND: POST /session/4ec1c74e4e20137f0b04e573c219e7fc/elements - {"using":"xpath","value":"//button[@data-kt=\"addNewRUOverflowToolbarButton\"]"}
RESULT: {"using":"xpath","value":"//button[@data-kt=\"addNewRUOverflowToolbarButton\"]"}
COMMAND: POST /session/4ec1c74e4e20137f0b04e573c219e7fc/elements - {"using":"xpath","value":"//button[@data-kt=\"addNewRUOverflowToolbarButton\"]"}
RESULT: {"using":"xpath","value":"//button[@data-kt=\"addNewRUOverflowToolbarButton\"]"}
COMMAND: POST /session/4ec1c74e4e20137f0b04e573c219e7fc/elements - {"using":"xpath","value":"//button[@data-kt=\"addNewRUOverflowToolbarButton\"]"}
RESULT: {"using":"xpath","value":"//button[@data-kt=\"addNewRUOverflowToolbarButton\"]"}
COMMAND: POST /session/4ec1c74e4e20137f0b04e573c219e7fc/elements - {"using":"xpath","value":"//button[@data-kt=\"addNewRUOverflowToolbarButton\"]"}
RESULT: {"using":"xpath","value":"//button[@data-kt=\"addNewRUOverflowToolbarButton\"]"}
COMMAND: POST /session/4ec1c74e4e20137f0b04e573c219e7fc/elements - {"using":"xpath","value":"//button[@data-kt=\"addNewRUOverflowToolbarButton\"]"}
RESULT: {"using":"xpath","value":"//button[@data-kt=\"addNewRUOverflowToolbarButton\"]"}
COMMAND: POST /session/4ec1c74e4e20137f0b04e573c219e7fc/elements - {"using":"xpath","value":"//button[@data-kt=\"addNewRUOverflowToolbarButton\"]"}
RESULT: {"using":"xpath","value":"//button[@data-kt=\"addNewRUOverflowToolbarButton\"]"}
COMMAND: POST /session/4ec1c74e4e20137f0b04e573c219e7fc/elements - {"using":"xpath","value":"//button[@data-kt=\"addNewRUOverflowToolbarButton\"]"}
RESULT: {"using":"xpath","value":"//button[@data-kt=\"addNewRUOverflowToolbarButton\"]"}
COMMAND: POST /session/4ec1c74e4e20137f0b04e573c219e7fc/elements - {"using":"xpath","value":"//button[@data-kt=\"addNewRUOverflowToolbarButton\"]"}
RESULT: {"using":"xpath","value":"//button[@data-kt=\"addNewRUOverflowToolbarButton\"]"}
COMMAND: POST /session/4ec1c74e4e20137f0b04e573c219e7fc/elements - {"using":"xpath","value":"//button[@data-kt=\"addNewRUOverflowToolbarButton\"]"}
RESULT: {"using":"xpath","value":"//button[@data-kt=\"addNewRUOverflowToolbarButton\"]"}
COMMAND: POST /session/4ec1c74e4e20137f0b04e573c219e7fc/elements - {"using":"xpath","value":"//button[@data-kt=\"addNewRUOverflowToolbarButton\"]"}
RESULT: {"using":"xpath","value":"//button[@data-kt=\"addNewRUOverflowToolbarButton\"]"}
COMMAND: POST /session/4ec1c74e4e20137f0b04e573c219e7fc/elements - {"using":"xpath","value":"//button[@data-kt=\"addNewRUOverflowToolbarButton\"]"}
RESULT: {"using":"xpath","value":"//button[@data-kt=\"addNewRUOverflowToolbarButton\"]"}
COMMAND: POST /session/4ec1c74e4e20137f0b04e573c219e7fc/elements - {"using":"xpath","value":"//button[@data-kt=\"addNewRUOverflowToolbarButton\"]"}
RESULT: {"using":"xpath","value":"//button[@data-kt=\"addNewRUOverflowToolbarButton\"]"}
COMMAND: POST /session/4ec1c74e4e20137f0b04e573c219e7fc/elements - {"using":"xpath","value":"//button[@data-kt=\"addNewRUOverflowToolbarButton\"]"}
RESULT: {"using":"xpath","value":"//button[@data-kt=\"addNewRUOverflowToolbarButton\"]"}
COMMAND: POST /session/4ec1c74e4e20137f0b04e573c219e7fc/element - {"using":"xpath","value":"//button[@data-kt=\"addNewRUOverflowToolbarButton\"]"}
RESULT: {"using":"xpath","value":"//button[@data-kt=\"addNewRUOverflowToolbarButton\"]"}
COMMAND: POST /session/4ec1c74e4e20137f0b04e573c219e7fc/execute/sync - {"script":"<script> [8489 bytes]","args":[{"element-6066-11e4-a52e-4f735466cecf":"f.A540A0CCC69AE3F101933FDACCCCD7CE.d.C7548F9E921B559079E557FC388BBF2F.e.2773","ELEMENT":"f.A540A0CCC69AE3F101933FDACCCCD7CE.d.C7548F9E921B559079E557FC388BBF2F.e.2773"}]}
RESULT: {"script":"<script> [8489 bytes]","args":[{"element-6066-11e4-a52e-4f735466cecf":"f.A540A0CCC69AE3F101933FDACCCCD7CE.d.C7548F9E921B559079E557FC388BBF2F.e.2773","ELEMENT":"f.A540A0CCC69AE3F101933FDACCCCD7CE.d.C7548F9E921B559079E557FC388BBF2F.e.2773"}]}
COMMAND: GET /session/4ec1c74e4e20137f0b04e573c219e7fc/element/f.A540A0CCC69AE3F101933FDACCCCD7CE.d.C7548F9E921B559079E557FC388BBF2F.e.2773/enabled - {}
COMMAND: GET /session/4ec1c74e4e20137f0b04e573c219e7fc/screenshot - {}
RESULT: {}
COMMAND: POST /session/4ec1c74e4e20137f0b04e573c219e7fc/execute/sync - {"script":"<script> [8489 bytes]","args":[{"element-6066-11e4-a52e-4f735466cecf":"f.A540A0CCC69AE3F101933FDACCCCD7CE.d.C7548F9E921B559079E557FC388BBF2F.e.2773","ELEMENT":"f.A540A0CCC69AE3F101933FDACCCCD7CE.d.C7548F9E921B559079E557FC388BBF2F.e.2773"}]}
COMMAND: GET /session/4ec1c74e4e20137f0b04e573c219e7fc/screenshot - {}
RESULT: {}
RESULT: {"script":"<script> [8489 bytes]","args":[{"element-6066-11e4-a52e-4f735466cecf":"f.A540A0CCC69AE3F101933FDACCCCD7CE.d.C7548F9E921B559079E557FC388BBF2F.e.2773","ELEMENT":"f.A540A0CCC69AE3F101933FDACCCCD7CE.d.C7548F9E921B559079E557FC388BBF2F.e.2773"}]}
COMMAND: POST /session/4ec1c74e4e20137f0b04e573c219e7fc/execute/sync - {"script":"<script> [5351 bytes]","args":[{"element-6066-11e4-a52e-4f735466cecf":"f.A540A0CCC69AE3F101933FDACCCCD7CE.d.C7548F9E921B559079E557FC388BBF2F.e.2773","ELEMENT":"f.A540A0CCC69AE3F101933FDACCCCD7CE.d.C7548F9E921B559079E557FC388BBF2F.e.2773"}]}
COMMAND: GET /session/4ec1c74e4e20137f0b04e573c219e7fc/screenshot - {}
RESULT: {}
RESULT: {"script":"<script> [5351 bytes]","args":[{"element-6066-11e4-a52e-4f735466cecf":"f.A540A0CCC69AE3F101933FDACCCCD7CE.d.C7548F9E921B559079E557FC388BBF2F.e.2773","ELEMENT":"f.A540A0CCC69AE3F101933FDACCCCD7CE.d.C7548F9E921B559079E557FC388BBF2F.e.2773"}]}
COMMAND: POST /session/4ec1c74e4e20137f0b04e573c219e7fc/element/f.A540A0CCC69AE3F101933FDACCCCD7CE.d.C7548F9E921B559079E557FC388BBF2F.e.2773/click - {}
COMMAND: GET /session/4ec1c74e4e20137f0b04e573c219e7fc/screenshot - {}
RESULT: {}
RESULT: {}
COMMAND: GET /session/4ec1c74e4e20137f0b04e573c219e7fc/screenshot - {}
RESULT: {}
RESULT: {}
COMMAND: POST /session/4ec1c74e4e20137f0b04e573c219e7fc/execute/async - {"script":"<script> [1562 bytes]","args":[{"selector":{"id":"application-manageresources-display-component---newResourceUnit--TYPE-arrow"},"wdio_ui5_key":"applicationmanageresources-display-component---newResourceUnit--TYPE-arrow"}]}
RESULT: {"script":"<script> [1562 bytes]","args":[{"selector":{"id":"application-manageresources-display-component---newResourceUnit--TYPE-arrow"},"wdio_ui5_key":"applicationmanageresources-display-component---newResourceUnit--TYPE-arrow"}]}
RESULT: undefined
COMMAND: POST /session/4ec1c74e4e20137f0b04e573c219e7fc/element - {"using":"xpath","value":"//*[@id=\"application-manageresources-display-component---newResourceUnit--TYPE-arrow\"]"}
RESULT: {"using":"xpath","value":"//*[@id=\"application-manageresources-display-component---newResourceUnit--TYPE-arrow\"]"}
COMMAND: POST /session/4ec1c74e4e20137f0b04e573c219e7fc/element/f.A540A0CCC69AE3F101933FDACCCCD7CE.d.C7548F9E921B559079E557FC388BBF2F.e.2944/click - {}
RESULT: {}
COMMAND: POST /session/4ec1c74e4e20137f0b04e573c219e7fc/element - {"using":"xpath","value":"//input[@id=\"application-manageresources-display-component---newResourceUnit--TYPE-inner\"]"}
COMMAND: GET /session/4ec1c74e4e20137f0b04e573c219e7fc/screenshot - {}
RESULT: {"using":"xpath","value":"//input[@id=\"application-manageresources-display-component---newResourceUnit--TYPE-inner\"]"}
COMMAND: POST /session/4ec1c74e4e20137f0b04e573c219e7fc/element/f.A540A0CCC69AE3F101933FDACCCCD7CE.d.C7548F9E921B559079E557FC388BBF2F.e.2940/clear - {}
RESULT: {}
RESULT: {}
COMMAND: POST /session/4ec1c74e4e20137f0b04e573c219e7fc/element/f.A540A0CCC69AE3F101933FDACCCCD7CE.d.C7548F9E921B559079E557FC388BBF2F.e.2940/value - {"text":"Equi Multipart"}
COMMAND: GET /session/4ec1c74e4e20137f0b04e573c219e7fc/screenshot - {}
RESULT: {"text":"Equi Multipart"}
COMMAND: GET /session/4ec1c74e4e20137f0b04e573c219e7fc/screenshot - {}
RESULT: {}
RESULT: {}
COMMAND: POST /session/4ec1c74e4e20137f0b04e573c219e7fc/actions - {"actions":[{"id":"action8","type":"key","parameters":{},"actions":[{"type":"keyDown","value":"î€‡"},{"type":"pause","duration":10},{"type":"keyUp","value":"î€‡"}]}]}
RESULT: {"actions":[{"id":"action8","type":"key","parameters":{},"actions":[{"type":"keyDown","value":"î€‡"},{"type":"pause","duration":10},{"type":"keyUp","value":"î€‡"}]}]}
COMMAND: POST /session/4ec1c74e4e20137f0b04e573c219e7fc/execute/async - {"script":"<script> [1562 bytes]","args":[{"selector":{"id":"application-manageresources-display-component---newResourceUnit--SHORT_TEXT","interaction":{"idSuffix":"inner"}},"wdio_ui5_key":"applicationmanageresources-display-component---newResourceUnit--SHORT_TEXT"}]}
COMMAND: GET /session/4ec1c74e4e20137f0b04e573c219e7fc/screenshot - {}
RESULT: {"script":"<script> [1562 bytes]","args":[{"selector":{"id":"application-manageresources-display-component---newResourceUnit--SHORT_TEXT","interaction":{"idSuffix":"inner"}},"wdio_ui5_key":"applicationmanageresources-display-component---newResourceUnit--SHORT_TEXT"}]}
RESULT: undefined
COMMAND: POST /session/4ec1c74e4e20137f0b04e573c219e7fc/execute/async - {"script":"<script> [776 bytes]","args":[{"enterText":"Equipment Multipart WDIO","selector":{"id":"application-manageresources-display-component---newResourceUnit--SHORT_TEXT","interaction":{"idSuffix":"inner"}},"clearTextFirst":true,"interactionType":"ENTER_TEXT"}]}
RESULT: {}
RESULT: {"script":"<script> [776 bytes]","args":[{"enterText":"Equipment Multipart WDIO","selector":{"id":"application-manageresources-display-component---newResourceUnit--SHORT_TEXT","interaction":{"idSuffix":"inner"}},"clearTextFirst":true,"interactionType":"ENTER_TEXT"}]}
COMMAND: POST /session/4ec1c74e4e20137f0b04e573c219e7fc/execute/async - {"script":"<script> [1562 bytes]","args":[{"selector":{"id":"application-manageresources-display-component---newResourceUnit--BASE_UNIT_OF_MEASURE","interaction":{"idSuffix":"inner"}},"wdio_ui5_key":"applicationmanageresources-display-component---newResourceUnit--BASE_UNIT_OF_MEASURE"}]}
RESULT: {"script":"<script> [1562 bytes]","args":[{"selector":{"id":"application-manageresources-display-component---newResourceUnit--BASE_UNIT_OF_MEASURE","interaction":{"idSuffix":"inner"}},"wdio_ui5_key":"applicationmanageresources-display-component---newResourceUnit--BASE_UNIT_OF_MEASURE"}]}
RESULT: undefined
COMMAND: POST /session/4ec1c74e4e20137f0b04e573c219e7fc/execute/async - {"script":"<script> [776 bytes]","args":[{"enterText":"Piece","selector":{"id":"application-manageresources-display-component---newResourceUnit--BASE_UNIT_OF_MEASURE","interaction":{"idSuffix":"inner"}},"clearTextFirst":true,"interactionType":"ENTER_TEXT"}]}
RESULT: {"script":"<script> [776 bytes]","args":[{"enterText":"Piece","selector":{"id":"application-manageresources-display-component---newResourceUnit--BASE_UNIT_OF_MEASURE","interaction":{"idSuffix":"inner"}},"clearTextFirst":true,"interactionType":"ENTER_TEXT"}]}
COMMAND: POST /session/4ec1c74e4e20137f0b04e573c219e7fc/execute/async - {"script":"<script> [1562 bytes]","args":[{"selector":{"id":"application-manageresources-display-component---newResourceUnit--WEIGHT_UNIT","interaction":{"idSuffix":"inner"}},"wdio_ui5_key":"applicationmanageresources-display-component---newResourceUnit--WEIGHT_UNIT"}]}
RESULT: {"script":"<script> [1562 bytes]","args":[{"selector":{"id":"application-manageresources-display-component---newResourceUnit--WEIGHT_UNIT","interaction":{"idSuffix":"inner"}},"wdio_ui5_key":"applicationmanageresources-display-component---newResourceUnit--WEIGHT_UNIT"}]}
RESULT: undefined
COMMAND: POST /session/4ec1c74e4e20137f0b04e573c219e7fc/execute/async - {"script":"<script> [776 bytes]","args":[{"enterText":"Gram","selector":{"id":"application-manageresources-display-component---newResourceUnit--WEIGHT_UNIT","interaction":{"idSuffix":"inner"}},"clearTextFirst":true,"interactionType":"ENTER_TEXT"}]}
RESULT: {"script":"<script> [776 bytes]","args":[{"enterText":"Gram","selector":{"id":"application-manageresources-display-component---newResourceUnit--WEIGHT_UNIT","interaction":{"idSuffix":"inner"}},"clearTextFirst":true,"interactionType":"ENTER_TEXT"}]}
COMMAND: POST /session/4ec1c74e4e20137f0b04e573c219e7fc/execute/async - {"script":"<script> [1562 bytes]","args":[{"selector":{"id":"application-manageresources-display-component---newResourceUnit--DIMENSION_UNIT","interaction":{"idSuffix":"inner"}},"wdio_ui5_key":"applicationmanageresources-display-component---newResourceUnit--DIMENSION_UNIT"}]}
RESULT: {"script":"<script> [1562 bytes]","args":[{"selector":{"id":"application-manageresources-display-component---newResourceUnit--DIMENSION_UNIT","interaction":{"idSuffix":"inner"}},"wdio_ui5_key":"applicationmanageresources-display-component---newResourceUnit--DIMENSION_UNIT"}]}
RESULT: undefined
COMMAND: POST /session/4ec1c74e4e20137f0b04e573c219e7fc/execute/async - {"script":"<script> [776 bytes]","args":[{"enterText":"Meter","selector":{"id":"application-manageresources-display-component---newResourceUnit--DIMENSION_UNIT","interaction":{"idSuffix":"inner"}},"clearTextFirst":true,"interactionType":"ENTER_TEXT"}]}
RESULT: {"script":"<script> [776 bytes]","args":[{"enterText":"Meter","selector":{"id":"application-manageresources-display-component---newResourceUnit--DIMENSION_UNIT","interaction":{"idSuffix":"inner"}},"clearTextFirst":true,"interactionType":"ENTER_TEXT"}]}
COMMAND: POST /session/4ec1c74e4e20137f0b04e573c219e7fc/execute/async - {"script":"<script> [1562 bytes]","args":[{"selector":{"id":"application-manageresources-display-component---newResourceUnit--newRRUPage-anchBar-application-manageresources-display-component---newResourceUnit--control-anchor","interaction":{"idSuffix":"BDI-content"}},"wdio_ui5_key":"applicationmanageresources-display-component---newResourceUnit--newRRUPage-anchBar-application-manageresources-display-component---newResourceUnit--control-anchor"}]}
RESULT: {"script":"<script> [1562 bytes]","args":[{"selector":{"id":"application-manageresources-display-component---newResourceUnit--newRRUPage-anchBar-application-manageresources-display-component---newResourceUnit--control-anchor","interaction":{"idSuffix":"BDI-content"}},"wdio_ui5_key":"applicationmanageresources-display-component---newResourceUnit--newRRUPage-anchBar-application-manageresources-display-component---newResourceUnit--control-anchor"}]}
RESULT: undefined
COMMAND: POST /session/4ec1c74e4e20137f0b04e573c219e7fc/element - {"using":"xpath","value":"//*[@id=\"application-manageresources-display-component---newResourceUnit--newRRUPage-anchBar-application-manageresources-display-component---newResourceUnit--control-anchor\"]"}
RESULT: {"using":"xpath","value":"//*[@id=\"application-manageresources-display-component---newResourceUnit--newRRUPage-anchBar-application-manageresources-display-component---newResourceUnit--control-anchor\"]"}
COMMAND: POST /session/4ec1c74e4e20137f0b04e573c219e7fc/element/f.A540A0CCC69AE3F101933FDACCCCD7CE.d.C7548F9E921B559079E557FC388BBF2F.e.3014/click - {}
RESULT: {}
COMMAND: POST /session/4ec1c74e4e20137f0b04e573c219e7fc/execute/async - {"script":"<script> [1562 bytes]","args":[{"selector":{"id":"application-manageresources-display-component---newResourceUnit--PLANNING_GROUP","interaction":{"idSuffix":"inner"}},"wdio_ui5_key":"applicationmanageresources-display-component---newResourceUnit--PLANNING_GROUP"}]}
COMMAND: GET /session/4ec1c74e4e20137f0b04e573c219e7fc/screenshot - {}
RESULT: {"script":"<script> [1562 bytes]","args":[{"selector":{"id":"application-manageresources-display-component---newResourceUnit--PLANNING_GROUP","interaction":{"idSuffix":"inner"}},"wdio_ui5_key":"applicationmanageresources-display-component---newResourceUnit--PLANNING_GROUP"}]}
RESULT: undefined
COMMAND: POST /session/4ec1c74e4e20137f0b04e573c219e7fc/execute/async - {"script":"<script> [776 bytes]","args":[{"enterText":"Heavy Equi","selector":{"id":"application-manageresources-display-component---newResourceUnit--PLANNING_GROUP","interaction":{"idSuffix":"inner"}},"clearTextFirst":true,"interactionType":"ENTER_TEXT"}]}
RESULT: {}
RESULT: {"script":"<script> [776 bytes]","args":[{"enterText":"Heavy Equi","selector":{"id":"application-manageresources-display-component---newResourceUnit--PLANNING_GROUP","interaction":{"idSuffix":"inner"}},"clearTextFirst":true,"interactionType":"ENTER_TEXT"}]}
COMMAND: POST /session/4ec1c74e4e20137f0b04e573c219e7fc/execute/async - {"script":"<script> [1562 bytes]","args":[{"selector":{"id":"application-manageresources-display-component---newResourceUnit--PLANNING_INDICATOR","interaction":{"idSuffix":"inner"}},"wdio_ui5_key":"applicationmanageresources-display-component---newResourceUnit--PLANNING_INDICATOR"}]}
RESULT: {"script":"<script> [1562 bytes]","args":[{"selector":{"id":"application-manageresources-display-component---newResourceUnit--PLANNING_INDICATOR","interaction":{"idSuffix":"inner"}},"wdio_ui5_key":"applicationmanageresources-display-component---newResourceUnit--PLANNING_INDICATOR"}]}
RESULT: undefined
COMMAND: POST /session/4ec1c74e4e20137f0b04e573c219e7fc/execute/async - {"script":"<script> [776 bytes]","args":[{"enterText":"10 - infinite","selector":{"id":"application-manageresources-display-component---newResourceUnit--PLANNING_INDICATOR","interaction":{"idSuffix":"inner"}},"clearTextFirst":true,"interactionType":"ENTER_TEXT"}]}
RESULT: {"script":"<script> [776 bytes]","args":[{"enterText":"10 - infinite","selector":{"id":"application-manageresources-display-component---newResourceUnit--PLANNING_INDICATOR","interaction":{"idSuffix":"inner"}},"clearTextFirst":true,"interactionType":"ENTER_TEXT"}]}
COMMAND: POST /session/4ec1c74e4e20137f0b04e573c219e7fc/execute/async - {"script":"<script> [1562 bytes]","args":[{"selector":{"id":"application-manageresources-display-component---newResourceUnit--ITEM_TYPE-arrow"},"wdio_ui5_key":"applicationmanageresources-display-component---newResourceUnit--ITEM_TYPE-arrow"}]}
RESULT: {"script":"<script> [1562 bytes]","args":[{"selector":{"id":"application-manageresources-display-component---newResourceUnit--ITEM_TYPE-arrow"},"wdio_ui5_key":"applicationmanageresources-display-component---newResourceUnit--ITEM_TYPE-arrow"}]}
RESULT: undefined
COMMAND: POST /session/4ec1c74e4e20137f0b04e573c219e7fc/element - {"using":"xpath","value":"//*[@id=\"application-manageresources-display-component---newResourceUnit--ITEM_TYPE-arrow\"]"}
RESULT: {"using":"xpath","value":"//*[@id=\"application-manageresources-display-component---newResourceUnit--ITEM_TYPE-arrow\"]"}
COMMAND: POST /session/4ec1c74e4e20137f0b04e573c219e7fc/element/f.A540A0CCC69AE3F101933FDACCCCD7CE.d.C7548F9E921B559079E557FC388BBF2F.e.3024/click - {}
RESULT: {}
COMMAND: GET /session/4ec1c74e4e20137f0b04e573c219e7fc/screenshot - {}
RESULT: {}
COMMAND: POST /session/4ec1c74e4e20137f0b04e573c219e7fc/execute/async - {"script":"<script> [1562 bytes]","args":[{"selector":{"controlType":"sap.m.StandardListItem","viewName":"reusables.view.manageresources.NewResourceUnit","viewId":"application-manageresources-display-component---newResourceUnit","properties":{"title":"Pool Equipment"},"searchOpenDialogs":true,"interaction":{"idSuffix":"content"}},"wdio_ui5_key":"reusablesview.manageresources.NewResourceUnitsap.m.StandardListItem{\"title\":\"Pool Equipment\"}"}]}
RESULT: {"script":"<script> [1562 bytes]","args":[{"selector":{"controlType":"sap.m.StandardListItem","viewName":"reusables.view.manageresources.NewResourceUnit","viewId":"application-manageresources-display-component---newResourceUnit","properties":{"title":"Pool Equipment"},"searchOpenDialogs":true,"interaction":{"idSuffix":"content"}},"wdio_ui5_key":"reusablesview.manageresources.NewResourceUnitsap.m.StandardListItem{\"title\":\"Pool Equipment\"}"}]}
RESULT: undefined
COMMAND: POST /session/4ec1c74e4e20137f0b04e573c219e7fc/element - {"using":"xpath","value":"//*[@id=\"__item1816\"]"}
RESULT: {"using":"xpath","value":"//*[@id=\"__item1816\"]"}
COMMAND: POST /session/4ec1c74e4e20137f0b04e573c219e7fc/element/f.A540A0CCC69AE3F101933FDACCCCD7CE.d.C7548F9E921B559079E557FC388BBF2F.e.3026/click - {}
RESULT: {}
COMMAND: GET /session/4ec1c74e4e20137f0b04e573c219e7fc/screenshot - {}
RESULT: {}
COMMAND: POST /session/4ec1c74e4e20137f0b04e573c219e7fc/element - {"using":"css selector","value":"#application-manageresources-display-component---newResourceUnit--btnAddTimeSegment"}
RESULT: {"using":"css selector","value":"#application-manageresources-display-component---newResourceUnit--btnAddTimeSegment"}
COMMAND: GET /session/4ec1c74e4e20137f0b04e573c219e7fc/element/f.A540A0CCC69AE3F101933FDACCCCD7CE.d.C7548F9E921B559079E557FC388BBF2F.e.3027/rect - {}
RESULT: {}
COMMAND: GET /session/4ec1c74e4e20137f0b04e573c219e7fc/window/rect - {}
RESULT: {}
COMMAND: POST /session/4ec1c74e4e20137f0b04e573c219e7fc/execute/sync - {"script":"<script> [92 bytes]","args":[]}
RESULT: {"script":"<script> [92 bytes]","args":[]}
COMMAND: POST /session/4ec1c74e4e20137f0b04e573c219e7fc/actions - {"actions":[{"id":"action9","type":"wheel","parameters":{},"actions":[{"type":"scroll","x":-1888,"y":-32,"deltaX":0,"deltaY":0,"duration":0,"origin":{"element-6066-11e4-a52e-4f735466cecf":"f.A540A0CCC69AE3F101933FDACCCCD7CE.d.C7548F9E921B559079E557FC388BBF2F.e.3027"}}]}]}
COMMAND: GET /session/4ec1c74e4e20137f0b04e573c219e7fc/screenshot - {}
RESULT: {}
COMMAND: POST /session/4ec1c74e4e20137f0b04e573c219e7fc/execute/sync - {"script":"<script> [79 bytes]","args":[{"element-6066-11e4-a52e-4f735466cecf":"f.A540A0CCC69AE3F101933FDACCCCD7CE.d.C7548F9E921B559079E557FC388BBF2F.e.3027","ELEMENT":"f.A540A0CCC69AE3F101933FDACCCCD7CE.d.C7548F9E921B559079E557FC388BBF2F.e.3027"},{"block":"start","inline":"nearest"}]}
RESULT: {"script":"<script> [79 bytes]","args":[{"element-6066-11e4-a52e-4f735466cecf":"f.A540A0CCC69AE3F101933FDACCCCD7CE.d.C7548F9E921B559079E557FC388BBF2F.e.3027","ELEMENT":"f.A540A0CCC69AE3F101933FDACCCCD7CE.d.C7548F9E921B559079E557FC388BBF2F.e.3027"},{"block":"start","inline":"nearest"}]}
COMMAND: POST /session/4ec1c74e4e20137f0b04e573c219e7fc/execute/async - {"script":"<script> [1562 bytes]","args":[{"selector":{"id":"application-manageresources-display-component---newResourceUnit--btnAddTimeSegment","interaction":{"idSuffix":"inner"}},"wdio_ui5_key":"applicationmanageresources-display-component---newResourceUnit--btnAddTimeSegment"}]}
COMMAND: GET /session/4ec1c74e4e20137f0b04e573c219e7fc/screenshot - {}
RESULT: {"script":"<script> [1562 bytes]","args":[{"selector":{"id":"application-manageresources-display-component---newResourceUnit--btnAddTimeSegment","interaction":{"idSuffix":"inner"}},"wdio_ui5_key":"applicationmanageresources-display-component---newResourceUnit--btnAddTimeSegment"}]}
RESULT: undefined
COMMAND: POST /session/4ec1c74e4e20137f0b04e573c219e7fc/element - {"using":"xpath","value":"//*[@id=\"application-manageresources-display-component---newResourceUnit--btnAddTimeSegment\"]"}
RESULT: {}
RESULT: {"using":"xpath","value":"//*[@id=\"application-manageresources-display-component---newResourceUnit--btnAddTimeSegment\"]"}
COMMAND: POST /session/4ec1c74e4e20137f0b04e573c219e7fc/element/f.A540A0CCC69AE3F101933FDACCCCD7CE.d.C7548F9E921B559079E557FC388BBF2F.e.3027/click - {}
RESULT: {}
COMMAND: GET /session/4ec1c74e4e20137f0b04e573c219e7fc/screenshot - {}
RESULT: {}
COMMAND: POST /session/4ec1c74e4e20137f0b04e573c219e7fc/element - {"using":"xpath","value":"//input[@id=\"application-manageresources-display-component---newResourceUnit--idRuTSAdmin-application-manageresources-display-component---newResourceUnit--RUTimeSegment-0-inner\"]"}
RESULT: {"using":"xpath","value":"//input[@id=\"application-manageresources-display-component---newResourceUnit--idRuTSAdmin-application-manageresources-display-component---newResourceUnit--RUTimeSegment-0-inner\"]"}
COMMAND: POST /session/4ec1c74e4e20137f0b04e573c219e7fc/element/f.A540A0CCC69AE3F101933FDACCCCD7CE.d.C7548F9E921B559079E557FC388BBF2F.e.3033/clear - {}
RESULT: {}
COMMAND: POST /session/4ec1c74e4e20137f0b04e573c219e7fc/element/f.A540A0CCC69AE3F101933FDACCCCD7CE.d.C7548F9E921B559079E557FC388BBF2F.e.3033/value - {"text":"517"}
COMMAND: GET /session/4ec1c74e4e20137f0b04e573c219e7fc/screenshot - {}
RESULT: {"text":"517"}
COMMAND: GET /session/4ec1c74e4e20137f0b04e573c219e7fc/screenshot - {}
RESULT: {}
RESULT: {}
COMMAND: POST /session/4ec1c74e4e20137f0b04e573c219e7fc/element - {"using":"xpath","value":"//li[.//span[text()='517']]"}
RESULT: {"using":"xpath","value":"//li[.//span[text()='517']]"}
COMMAND: POST /session/4ec1c74e4e20137f0b04e573c219e7fc/element/f.A540A0CCC69AE3F101933FDACCCCD7CE.d.C7548F9E921B559079E557FC388BBF2F.e.3046/click - {}
RESULT: {}
COMMAND: GET /session/4ec1c74e4e20137f0b04e573c219e7fc/screenshot - {}
RESULT: {}
COMMAND: POST /session/4ec1c74e4e20137f0b04e573c219e7fc/element - {"using":"xpath","value":"(//span[contains(@id, \"-application-manageresources-display-component---newResourceUnit--RUTimeSegment-0-arrow\")])[5]"}
RESULT: {"using":"xpath","value":"(//span[contains(@id, \"-application-manageresources-display-component---newResourceUnit--RUTimeSegment-0-arrow\")])[5]"}
COMMAND: POST /session/4ec1c74e4e20137f0b04e573c219e7fc/element/f.A540A0CCC69AE3F101933FDACCCCD7CE.d.C7548F9E921B559079E557FC388BBF2F.e.3047/click - {}
RESULT: {}
COMMAND: GET /session/4ec1c74e4e20137f0b04e573c219e7fc/screenshot - {}
RESULT: {}
COMMAND: POST /session/4ec1c74e4e20137f0b04e573c219e7fc/element - {"using":"xpath","value":"//span[contains(text(), \"PM Order\")]"}
RESULT: {"using":"xpath","value":"//span[contains(text(), \"PM Order\")]"}
COMMAND: POST /session/4ec1c74e4e20137f0b04e573c219e7fc/element/f.A540A0CCC69AE3F101933FDACCCCD7CE.d.C7548F9E921B559079E557FC388BBF2F.e.3048/click - {}
RESULT: {}
COMMAND: GET /session/4ec1c74e4e20137f0b04e573c219e7fc/screenshot - {}
RESULT: {}
COMMAND: POST /session/4ec1c74e4e20137f0b04e573c219e7fc/element - {"using":"xpath","value":"(//span[contains(@id ,\"manageresources-display-component---newResourceUnit--RUTimeSegment-0-vhi\")])[1]"}
RESULT: {"using":"xpath","value":"(//span[contains(@id ,\"manageresources-display-component---newResourceUnit--RUTimeSegment-0-vhi\")])[1]"}
COMMAND: GET /session/4ec1c74e4e20137f0b04e573c219e7fc/element/f.A540A0CCC69AE3F101933FDACCCCD7CE.d.C7548F9E921B559079E557FC388BBF2F.e.3052/rect - {}
RESULT: {}
COMMAND: GET /session/4ec1c74e4e20137f0b04e573c219e7fc/window/rect - {}
RESULT: {}
COMMAND: POST /session/4ec1c74e4e20137f0b04e573c219e7fc/execute/sync - {"script":"<script> [92 bytes]","args":[]}
RESULT: {"script":"<script> [92 bytes]","args":[]}
COMMAND: POST /session/4ec1c74e4e20137f0b04e573c219e7fc/actions - {"actions":[{"id":"action10","type":"wheel","parameters":{},"actions":[{"type":"scroll","x":-1888,"y":-24,"deltaX":0,"deltaY":0,"duration":0,"origin":{"element-6066-11e4-a52e-4f735466cecf":"f.A540A0CCC69AE3F101933FDACCCCD7CE.d.C7548F9E921B559079E557FC388BBF2F.e.3052"}}]}]}
COMMAND: GET /session/4ec1c74e4e20137f0b04e573c219e7fc/screenshot - {}
RESULT: {}
COMMAND: POST /session/4ec1c74e4e20137f0b04e573c219e7fc/execute/sync - {"script":"<script> [79 bytes]","args":[{"element-6066-11e4-a52e-4f735466cecf":"f.A540A0CCC69AE3F101933FDACCCCD7CE.d.C7548F9E921B559079E557FC388BBF2F.e.3052","ELEMENT":"f.A540A0CCC69AE3F101933FDACCCCD7CE.d.C7548F9E921B559079E557FC388BBF2F.e.3052"},{"block":"start","inline":"nearest"}]}
RESULT: {"script":"<script> [79 bytes]","args":[{"element-6066-11e4-a52e-4f735466cecf":"f.A540A0CCC69AE3F101933FDACCCCD7CE.d.C7548F9E921B559079E557FC388BBF2F.e.3052","ELEMENT":"f.A540A0CCC69AE3F101933FDACCCCD7CE.d.C7548F9E921B559079E557FC388BBF2F.e.3052"},{"block":"start","inline":"nearest"}]}
COMMAND: GET /session/4ec1c74e4e20137f0b04e573c219e7fc/screenshot - {}
RESULT: {}
COMMAND: POST /session/4ec1c74e4e20137f0b04e573c219e7fc/element/f.A540A0CCC69AE3F101933FDACCCCD7CE.d.C7548F9E921B559079E557FC388BBF2F.e.3052/click - {}
RESULT: {}
COMMAND: GET /session/4ec1c74e4e20137f0b04e573c219e7fc/screenshot - {}
RESULT: {}
RESULT: undefined
COMMAND: POST /session/4ec1c74e4e20137f0b04e573c219e7fc/execute/async - {"script":"<script> [776 bytes]","args":[{"enterText":"4000360","selector":{"controlType":"sap.m.SearchField","properties":{"placeholder":"Search"},"searchOpenDialogs":true,"interaction":{"idSuffix":"I"}},"clearTextFirst":true,"interactionType":"ENTER_TEXT"}]}
RESULT: {"script":"<script> [776 bytes]","args":[{"enterText":"4000360","selector":{"controlType":"sap.m.SearchField","properties":{"placeholder":"Search"},"searchOpenDialogs":true,"interaction":{"idSuffix":"I"}},"clearTextFirst":true,"interactionType":"ENTER_TEXT"}]}
COMMAND: POST /session/4ec1c74e4e20137f0b04e573c219e7fc/actions - {"actions":[{"id":"action11","type":"key","parameters":{},"actions":[{"type":"keyDown","value":"î€‡"},{"type":"pause","duration":10},{"type":"keyUp","value":"î€‡"}]}]}
RESULT: {"actions":[{"id":"action11","type":"key","parameters":{},"actions":[{"type":"keyDown","value":"î€‡"},{"type":"pause","duration":10},{"type":"keyUp","value":"î€‡"}]}]}
COMMAND: GET /session/4ec1c74e4e20137f0b04e573c219e7fc/screenshot - {}
RESULT: {}
COMMAND: POST /session/4ec1c74e4e20137f0b04e573c219e7fc/element - {"using":"xpath","value":"//td/div/span[contains(text(), \"BGL Vehicles\")]"}
RESULT: {"using":"xpath","value":"//td/div/span[contains(text(), \"BGL Vehicles\")]"}
COMMAND: POST /session/4ec1c74e4e20137f0b04e573c219e7fc/element/f.A540A0CCC69AE3F101933FDACCCCD7CE.d.C7548F9E921B559079E557FC388BBF2F.e.3071/click - {}
RESULT: {}
COMMAND: GET /session/4ec1c74e4e20137f0b04e573c219e7fc/screenshot - {}
RESULT: {}
COMMAND: POST /session/4ec1c74e4e20137f0b04e573c219e7fc/element - {"using":"xpath","value":"//bdi[contains(text(), \"OK\")]"}
RESULT: {"using":"xpath","value":"//bdi[contains(text(), \"OK\")]"}
COMMAND: POST /session/4ec1c74e4e20137f0b04e573c219e7fc/element/f.A540A0CCC69AE3F101933FDACCCCD7CE.d.C7548F9E921B559079E557FC388BBF2F.e.3072/click - {}
RESULT: {}
COMMAND: GET /session/4ec1c74e4e20137f0b04e573c219e7fc/screenshot - {}
RESULT: {}
COMMAND: POST /session/4ec1c74e4e20137f0b04e573c219e7fc/element - {"using":"xpath","value":"//button[@data-kt=\"resourceUnitSaveButton\"]"}
RESULT: {"using":"xpath","value":"//button[@data-kt=\"resourceUnitSaveButton\"]"}
COMMAND: POST /session/4ec1c74e4e20137f0b04e573c219e7fc/element/f.A540A0CCC69AE3F101933FDACCCCD7CE.d.C7548F9E921B559079E557FC388BBF2F.e.2961/click - {}
RESULT: {}
COMMAND: GET /session/4ec1c74e4e20137f0b04e573c219e7fc/screenshot - {}
RESULT: {}
COMMAND: POST /session/4ec1c74e4e20137f0b04e573c219e7fc/element - {"using":"xpath","value":"//bdi[contains(text(), \"Close\")]"}
RESULT: {"using":"xpath","value":"//bdi[contains(text(), \"Close\")]"}
COMMAND: POST /session/4ec1c74e4e20137f0b04e573c219e7fc/element/f.A540A0CCC69AE3F101933FDACCCCD7CE.d.C7548F9E921B559079E557FC388BBF2F.e.3079/click - {}
RESULT: {}
COMMAND: GET /session/4ec1c74e4e20137f0b04e573c219e7fc/screenshot - {}
RESULT: {}
COMMAND: POST /session/4ec1c74e4e20137f0b04e573c219e7fc/element - {"using":"xpath","value":"//header[contains(@id, 'detailRruPage-headerTitle')]/div[1]/div[2]/div[2]/span[1]"}
RESULT: {"using":"xpath","value":"//header[contains(@id, 'detailRruPage-headerTitle')]/div[1]/div[2]/div[2]/span[1]"}
COMMAND: POST /session/4ec1c74e4e20137f0b04e573c219e7fc/elements - {"using":"xpath","value":"//header[contains(@id, 'detailRruPage-headerTitle')]/div[1]/div[2]/div[2]/span[1]"}
RESULT: {"using":"xpath","value":"//header[contains(@id, 'detailRruPage-headerTitle')]/div[1]/div[2]/div[2]/span[1]"}
COMMAND: POST /session/4ec1c74e4e20137f0b04e573c219e7fc/execute/sync - {"script":"<script> [56 bytes]","args":[{"element-6066-11e4-a52e-4f735466cecf":"f.A540A0CCC69AE3F101933FDACCCCD7CE.d.C7548F9E921B559079E557FC388BBF2F.e.3112","ELEMENT":"f.A540A0CCC69AE3F101933FDACCCCD7CE.d.C7548F9E921B559079E557FC388BBF2F.e.3112"}]}
RESULT: {"script":"<script> [56 bytes]","args":[{"element-6066-11e4-a52e-4f735466cecf":"f.A540A0CCC69AE3F101933FDACCCCD7CE.d.C7548F9E921B559079E557FC388BBF2F.e.3112","ELEMENT":"f.A540A0CCC69AE3F101933FDACCCCD7CE.d.C7548F9E921B559079E557FC388BBF2F.e.3112"}]}
COMMAND: POST /session/4ec1c74e4e20137f0b04e573c219e7fc/element - {"using":"css selector","value":"#shell-header-logo"}
COMMAND: GET /session/4ec1c74e4e20137f0b04e573c219e7fc/screenshot - {}
RESULT: {"using":"css selector","value":"#shell-header-logo"}
COMMAND: POST /session/4ec1c74e4e20137f0b04e573c219e7fc/element/f.A540A0CCC69AE3F101933FDACCCCD7CE.d.C7548F9E921B559079E557FC388BBF2F.e.2746/click - {}
RESULT: {}
RESULT: {}
COMMAND: GET /session/4ec1c74e4e20137f0b04e573c219e7fc/screenshot - {}
RESULT: {}
]]></system-out>
    </testcase>
    <testcase classname="chrome.135_0_7049_96.windows.Tests_for_Mass_State_Change_on_Manage_States_&amp;_Performances_US104416_US" name="Prereq Should do stock increase" time="92.564">
      <system-out><![CDATA[
COMMAND: POST /session/4ec1c74e4e20137f0b04e573c219e7fc/execute/async - {"script":"<script> [1562 bytes]","args":[{"selector":{"controlType":"sap.m.Text","viewName":"etm.portal.ui.managehandoverstile.view.Master","properties":{"text":"Manage Handovers"},"interaction":{"idSuffix":"inner"}},"wdio_ui5_key":"etmportal.ui.managehandoverstile.view.Mastersap.m.Text{\"text\":\"Manage Handovers\"}"}]}
RESULT: {"script":"<script> [1562 bytes]","args":[{"selector":{"controlType":"sap.m.Text","viewName":"etm.portal.ui.managehandoverstile.view.Master","properties":{"text":"Manage Handovers"},"interaction":{"idSuffix":"inner"}},"wdio_ui5_key":"etmportal.ui.managehandoverstile.view.Mastersap.m.Text{\"text\":\"Manage Handovers\"}"}]}
RESULT: undefined
COMMAND: POST /session/4ec1c74e4e20137f0b04e573c219e7fc/element - {"using":"xpath","value":"//*[@id=\"__tile132-title\"]"}
RESULT: {"using":"xpath","value":"//*[@id=\"__tile132-title\"]"}
COMMAND: POST /session/4ec1c74e4e20137f0b04e573c219e7fc/element/f.A540A0CCC69AE3F101933FDACCCCD7CE.d.C7548F9E921B559079E557FC388BBF2F.e.3115/click - {}
RESULT: {}
COMMAND: POST /session/4ec1c74e4e20137f0b04e573c219e7fc/element - {"using":"xpath","value":"//button[@data-kt=\"masterHOAddButton\"]"}
COMMAND: GET /session/4ec1c74e4e20137f0b04e573c219e7fc/screenshot - {}
RESULT: {"using":"xpath","value":"//button[@data-kt=\"masterHOAddButton\"]"}
COMMAND: POST /session/4ec1c74e4e20137f0b04e573c219e7fc/elements - {"using":"xpath","value":"//button[@data-kt=\"masterHOAddButton\"]"}
RESULT: {}
RESULT: {"using":"xpath","value":"//button[@data-kt=\"masterHOAddButton\"]"}
COMMAND: POST /session/4ec1c74e4e20137f0b04e573c219e7fc/elements - {"using":"xpath","value":"//button[@data-kt=\"masterHOAddButton\"]"}
RESULT: {"using":"xpath","value":"//button[@data-kt=\"masterHOAddButton\"]"}
COMMAND: POST /session/4ec1c74e4e20137f0b04e573c219e7fc/elements - {"using":"xpath","value":"//button[@data-kt=\"masterHOAddButton\"]"}
RESULT: {"using":"xpath","value":"//button[@data-kt=\"masterHOAddButton\"]"}
COMMAND: POST /session/4ec1c74e4e20137f0b04e573c219e7fc/elements - {"using":"xpath","value":"//button[@data-kt=\"masterHOAddButton\"]"}
RESULT: {"using":"xpath","value":"//button[@data-kt=\"masterHOAddButton\"]"}
COMMAND: POST /session/4ec1c74e4e20137f0b04e573c219e7fc/element - {"using":"xpath","value":"//button[@data-kt=\"masterHOAddButton\"]"}
RESULT: {"using":"xpath","value":"//button[@data-kt=\"masterHOAddButton\"]"}
COMMAND: POST /session/4ec1c74e4e20137f0b04e573c219e7fc/execute/sync - {"script":"<script> [8489 bytes]","args":[{"element-6066-11e4-a52e-4f735466cecf":"f.A540A0CCC69AE3F101933FDACCCCD7CE.d.C7548F9E921B559079E557FC388BBF2F.e.3155","ELEMENT":"f.A540A0CCC69AE3F101933FDACCCCD7CE.d.C7548F9E921B559079E557FC388BBF2F.e.3155"}]}
RESULT: {"script":"<script> [8489 bytes]","args":[{"element-6066-11e4-a52e-4f735466cecf":"f.A540A0CCC69AE3F101933FDACCCCD7CE.d.C7548F9E921B559079E557FC388BBF2F.e.3155","ELEMENT":"f.A540A0CCC69AE3F101933FDACCCCD7CE.d.C7548F9E921B559079E557FC388BBF2F.e.3155"}]}
COMMAND: GET /session/4ec1c74e4e20137f0b04e573c219e7fc/element/f.A540A0CCC69AE3F101933FDACCCCD7CE.d.C7548F9E921B559079E557FC388BBF2F.e.3155/enabled - {}
COMMAND: GET /session/4ec1c74e4e20137f0b04e573c219e7fc/screenshot - {}
RESULT: {}
COMMAND: POST /session/4ec1c74e4e20137f0b04e573c219e7fc/execute/sync - {"script":"<script> [8489 bytes]","args":[{"element-6066-11e4-a52e-4f735466cecf":"f.A540A0CCC69AE3F101933FDACCCCD7CE.d.C7548F9E921B559079E557FC388BBF2F.e.3155","ELEMENT":"f.A540A0CCC69AE3F101933FDACCCCD7CE.d.C7548F9E921B559079E557FC388BBF2F.e.3155"}]}
COMMAND: GET /session/4ec1c74e4e20137f0b04e573c219e7fc/screenshot - {}
RESULT: {}
RESULT: {"script":"<script> [8489 bytes]","args":[{"element-6066-11e4-a52e-4f735466cecf":"f.A540A0CCC69AE3F101933FDACCCCD7CE.d.C7548F9E921B559079E557FC388BBF2F.e.3155","ELEMENT":"f.A540A0CCC69AE3F101933FDACCCCD7CE.d.C7548F9E921B559079E557FC388BBF2F.e.3155"}]}
COMMAND: POST /session/4ec1c74e4e20137f0b04e573c219e7fc/execute/sync - {"script":"<script> [5351 bytes]","args":[{"element-6066-11e4-a52e-4f735466cecf":"f.A540A0CCC69AE3F101933FDACCCCD7CE.d.C7548F9E921B559079E557FC388BBF2F.e.3155","ELEMENT":"f.A540A0CCC69AE3F101933FDACCCCD7CE.d.C7548F9E921B559079E557FC388BBF2F.e.3155"}]}
COMMAND: GET /session/4ec1c74e4e20137f0b04e573c219e7fc/screenshot - {}
RESULT: {}
RESULT: {"script":"<script> [5351 bytes]","args":[{"element-6066-11e4-a52e-4f735466cecf":"f.A540A0CCC69AE3F101933FDACCCCD7CE.d.C7548F9E921B559079E557FC388BBF2F.e.3155","ELEMENT":"f.A540A0CCC69AE3F101933FDACCCCD7CE.d.C7548F9E921B559079E557FC388BBF2F.e.3155"}]}
COMMAND: POST /session/4ec1c74e4e20137f0b04e573c219e7fc/element/f.A540A0CCC69AE3F101933FDACCCCD7CE.d.C7548F9E921B559079E557FC388BBF2F.e.3155/click - {}
COMMAND: GET /session/4ec1c74e4e20137f0b04e573c219e7fc/screenshot - {}
RESULT: {}
RESULT: {}
COMMAND: GET /session/4ec1c74e4e20137f0b04e573c219e7fc/screenshot - {}
COMMAND: POST /session/4ec1c74e4e20137f0b04e573c219e7fc/element - {"using":"xpath","value":"//span[contains(@id ,\"AddNewHO--typeSelect-arrow\")]"}
RESULT: {}
RESULT: {}
RESULT: {"using":"xpath","value":"//span[contains(@id ,\"AddNewHO--typeSelect-arrow\")]"}
COMMAND: POST /session/4ec1c74e4e20137f0b04e573c219e7fc/element/f.A540A0CCC69AE3F101933FDACCCCD7CE.d.C7548F9E921B559079E557FC388BBF2F.e.3493/click - {}
RESULT: {}
COMMAND: GET /session/4ec1c74e4e20137f0b04e573c219e7fc/screenshot - {}
RESULT: {}
COMMAND: POST /session/4ec1c74e4e20137f0b04e573c219e7fc/element - {"using":"xpath","value":"(//li[contains(text(), \"stock increase yard\")])[1]"}
RESULT: {"using":"xpath","value":"(//li[contains(text(), \"stock increase yard\")])[1]"}
COMMAND: POST /session/4ec1c74e4e20137f0b04e573c219e7fc/element/f.A540A0CCC69AE3F101933FDACCCCD7CE.d.C7548F9E921B559079E557FC388BBF2F.e.3494/click - {}
RESULT: {}
COMMAND: GET /session/4ec1c74e4e20137f0b04e573c219e7fc/screenshot - {}
RESULT: {}
COMMAND: POST /session/4ec1c74e4e20137f0b04e573c219e7fc/execute/async - {"script":"<script> [1562 bytes]","args":[{"selector":{"id":"application-managehandovers-display-component---AddNewHO--dueDate","interaction":{"idSuffix":"inner"}},"wdio_ui5_key":"applicationmanagehandovers-display-component---AddNewHO--dueDate"}]}
RESULT: {"script":"<script> [1562 bytes]","args":[{"selector":{"id":"application-managehandovers-display-component---AddNewHO--dueDate","interaction":{"idSuffix":"inner"}},"wdio_ui5_key":"applicationmanagehandovers-display-component---AddNewHO--dueDate"}]}
RESULT: undefined
COMMAND: POST /session/4ec1c74e4e20137f0b04e573c219e7fc/execute/async - {"script":"<script> [6424 bytes]","args":[{"element-6066-11e4-a52e-4f735466cecf":"f.A540A0CCC69AE3F101933FDACCCCD7CE.d.C7548F9E921B559079E557FC388BBF2F.e.3498"},"setValue",["05/02/2025"]]}
RESULT: {"script":"<script> [6424 bytes]","args":[{"element-6066-11e4-a52e-4f735466cecf":"f.A540A0CCC69AE3F101933FDACCCCD7CE.d.C7548F9E921B559079E557FC388BBF2F.e.3498"},"setValue",["05/02/2025"]]}
COMMAND: POST /session/4ec1c74e4e20137f0b04e573c219e7fc/element - {"using":"xpath","value":"//input[@id=\"generalSectionFrg--receiveYard-inner\"]"}
RESULT: {"using":"xpath","value":"//input[@id=\"generalSectionFrg--receiveYard-inner\"]"}
COMMAND: POST /session/4ec1c74e4e20137f0b04e573c219e7fc/element/f.A540A0CCC69AE3F101933FDACCCCD7CE.d.C7548F9E921B559079E557FC388BBF2F.e.3504/clear - {}
RESULT: {}
COMMAND: POST /session/4ec1c74e4e20137f0b04e573c219e7fc/element/f.A540A0CCC69AE3F101933FDACCCCD7CE.d.C7548F9E921B559079E557FC388BBF2F.e.3504/value - {"text":"517"}
COMMAND: GET /session/4ec1c74e4e20137f0b04e573c219e7fc/screenshot - {}
RESULT: {"text":"517"}
COMMAND: GET /session/4ec1c74e4e20137f0b04e573c219e7fc/screenshot - {}
RESULT: {}
RESULT: {}
COMMAND: POST /session/4ec1c74e4e20137f0b04e573c219e7fc/element - {"using":"xpath","value":"//li[.//span[text()='517']]"}
RESULT: {"using":"xpath","value":"//li[.//span[text()='517']]"}
COMMAND: POST /session/4ec1c74e4e20137f0b04e573c219e7fc/element/f.A540A0CCC69AE3F101933FDACCCCD7CE.d.C7548F9E921B559079E557FC388BBF2F.e.3520/click - {}
RESULT: {}
COMMAND: GET /session/4ec1c74e4e20137f0b04e573c219e7fc/screenshot - {}
RESULT: {}
COMMAND: POST /session/4ec1c74e4e20137f0b04e573c219e7fc/execute/async - {"script":"<script> [1562 bytes]","args":[{"selector":{"id":"application-managehandovers-display-component---AddNewHO--ObjectPageLayout-anchBar-application-managehandovers-display-component---AddNewHO--section4-anchor","interaction":{"idSuffix":"BDI-content"}},"wdio_ui5_key":"applicationmanagehandovers-display-component---AddNewHO--ObjectPageLayout-anchBar-application-managehandovers-display-component---AddNewHO--section4-anchor"}]}
RESULT: {"script":"<script> [1562 bytes]","args":[{"selector":{"id":"application-managehandovers-display-component---AddNewHO--ObjectPageLayout-anchBar-application-managehandovers-display-component---AddNewHO--section4-anchor","interaction":{"idSuffix":"BDI-content"}},"wdio_ui5_key":"applicationmanagehandovers-display-component---AddNewHO--ObjectPageLayout-anchBar-application-managehandovers-display-component---AddNewHO--section4-anchor"}]}
RESULT: undefined
COMMAND: POST /session/4ec1c74e4e20137f0b04e573c219e7fc/element - {"using":"xpath","value":"//*[@id=\"application-managehandovers-display-component---AddNewHO--ObjectPageLayout-anchBar-application-managehandovers-display-component---AddNewHO--section4-anchor\"]"}
RESULT: {"using":"xpath","value":"//*[@id=\"application-managehandovers-display-component---AddNewHO--ObjectPageLayout-anchBar-application-managehandovers-display-component---AddNewHO--section4-anchor\"]"}
COMMAND: POST /session/4ec1c74e4e20137f0b04e573c219e7fc/element/f.A540A0CCC69AE3F101933FDACCCCD7CE.d.C7548F9E921B559079E557FC388BBF2F.e.3522/click - {}
RESULT: {}
COMMAND: POST /session/4ec1c74e4e20137f0b04e573c219e7fc/element - {"using":"xpath","value":"//button[@aria-label=\"Add\"]"}
COMMAND: GET /session/4ec1c74e4e20137f0b04e573c219e7fc/screenshot - {}
RESULT: {"using":"xpath","value":"//button[@aria-label=\"Add\"]"}
COMMAND: POST /session/4ec1c74e4e20137f0b04e573c219e7fc/element/f.A540A0CCC69AE3F101933FDACCCCD7CE.d.C7548F9E921B559079E557FC388BBF2F.e.3524/click - {}
RESULT: {}
RESULT: {}
COMMAND: GET /session/4ec1c74e4e20137f0b04e573c219e7fc/screenshot - {}
RESULT: {}
COMMAND: POST /session/4ec1c74e4e20137f0b04e573c219e7fc/execute/async - {"script":"<script> [1562 bytes]","args":[{"selector":{"id":"application-managehandovers-display-component---AddNewHO--smartFilterBar-btnBasicSearch","searchOpenDialogs":true,"interaction":{"idSuffix":"I"}},"wdio_ui5_key":"applicationmanagehandovers-display-component---AddNewHO--smartFilterBar-btnBasicSearch"}]}
RESULT: {"script":"<script> [1562 bytes]","args":[{"selector":{"id":"application-managehandovers-display-component---AddNewHO--smartFilterBar-btnBasicSearch","searchOpenDialogs":true,"interaction":{"idSuffix":"I"}},"wdio_ui5_key":"applicationmanagehandovers-display-component---AddNewHO--smartFilterBar-btnBasicSearch"}]}
RESULT: undefined
COMMAND: POST /session/4ec1c74e4e20137f0b04e573c219e7fc/execute/async - {"script":"<script> [776 bytes]","args":[{"enterText":"400035","selector":{"id":"application-managehandovers-display-component---AddNewHO--smartFilterBar-btnBasicSearch","searchOpenDialogs":true,"interaction":{"idSuffix":"I"}},"clearTextFirst":true,"interactionType":"ENTER_TEXT"}]}
RESULT: {"script":"<script> [776 bytes]","args":[{"enterText":"400035","selector":{"id":"application-managehandovers-display-component---AddNewHO--smartFilterBar-btnBasicSearch","searchOpenDialogs":true,"interaction":{"idSuffix":"I"}},"clearTextFirst":true,"interactionType":"ENTER_TEXT"}]}
COMMAND: POST /session/4ec1c74e4e20137f0b04e573c219e7fc/actions - {"actions":[{"id":"action12","type":"key","parameters":{},"actions":[{"type":"keyDown","value":"î€‡"},{"type":"pause","duration":10},{"type":"keyUp","value":"î€‡"}]}]}
RESULT: {"actions":[{"id":"action12","type":"key","parameters":{},"actions":[{"type":"keyDown","value":"î€‡"},{"type":"pause","duration":10},{"type":"keyUp","value":"î€‡"}]}]}
COMMAND: GET /session/4ec1c74e4e20137f0b04e573c219e7fc/screenshot - {}
RESULT: {}
COMMAND: POST /session/4ec1c74e4e20137f0b04e573c219e7fc/execute/async - {"script":"<script> [1562 bytes]","args":[{"selector":{"id":"application-managehandovers-display-component---AddNewHO--popup-sa","searchOpenDialogs":true,"interaction":{"idSuffix":"CbBg"}},"wdio_ui5_key":"applicationmanagehandovers-display-component---AddNewHO--popup-sa"}]}
RESULT: {"script":"<script> [1562 bytes]","args":[{"selector":{"id":"application-managehandovers-display-component---AddNewHO--popup-sa","searchOpenDialogs":true,"interaction":{"idSuffix":"CbBg"}},"wdio_ui5_key":"applicationmanagehandovers-display-component---AddNewHO--popup-sa"}]}
RESULT: undefined
COMMAND: POST /session/4ec1c74e4e20137f0b04e573c219e7fc/element - {"using":"xpath","value":"//*[@id=\"application-managehandovers-display-component---AddNewHO--popup-sa\"]"}
RESULT: {"using":"xpath","value":"//*[@id=\"application-managehandovers-display-component---AddNewHO--popup-sa\"]"}
COMMAND: POST /session/4ec1c74e4e20137f0b04e573c219e7fc/element/f.A540A0CCC69AE3F101933FDACCCCD7CE.d.C7548F9E921B559079E557FC388BBF2F.e.3656/click - {}
RESULT: {}
COMMAND: GET /session/4ec1c74e4e20137f0b04e573c219e7fc/screenshot - {}
RESULT: {}
COMMAND: POST /session/4ec1c74e4e20137f0b04e573c219e7fc/element - {"using":"xpath","value":"//bdi[contains(text(), \"Select\")]"}
RESULT: {"using":"xpath","value":"//bdi[contains(text(), \"Select\")]"}
COMMAND: POST /session/4ec1c74e4e20137f0b04e573c219e7fc/element/f.A540A0CCC69AE3F101933FDACCCCD7CE.d.C7548F9E921B559079E557FC388BBF2F.e.3657/click - {}
RESULT: {}
COMMAND: GET /session/4ec1c74e4e20137f0b04e573c219e7fc/screenshot - {}
RESULT: {}
COMMAND: POST /session/4ec1c74e4e20137f0b04e573c219e7fc/element - {"using":"xpath","value":"//button[@data-kt=\"AddNewHOSaveButton\"]"}
RESULT: {"using":"xpath","value":"//button[@data-kt=\"AddNewHOSaveButton\"]"}
COMMAND: POST /session/4ec1c74e4e20137f0b04e573c219e7fc/element/f.A540A0CCC69AE3F101933FDACCCCD7CE.d.C7548F9E921B559079E557FC388BBF2F.e.3661/click - {}
RESULT: {}
COMMAND: GET /session/4ec1c74e4e20137f0b04e573c219e7fc/screenshot - {}
COMMAND: POST /session/4ec1c74e4e20137f0b04e573c219e7fc/execute/async - {"script":"<script> [1562 bytes]","args":[{"selector":{"id":"receiptDatePicker","viewName":"etm.portal.ui.managehandovers.view.DetailExecuteHO","interaction":{"idSuffix":"inner"}},"wdio_ui5_key":"receiptDatePickeretmportal.ui.managehandovers.view.DetailExecuteHO"}]}
RESULT: {}
RESULT: {"script":"<script> [1562 bytes]","args":[{"selector":{"id":"receiptDatePicker","viewName":"etm.portal.ui.managehandovers.view.DetailExecuteHO","interaction":{"idSuffix":"inner"}},"wdio_ui5_key":"receiptDatePickeretmportal.ui.managehandovers.view.DetailExecuteHO"}]}
RESULT: undefined
COMMAND: POST /session/4ec1c74e4e20137f0b04e573c219e7fc/execute/async - {"script":"<script> [6424 bytes]","args":[{"element-6066-11e4-a52e-4f735466cecf":"f.A540A0CCC69AE3F101933FDACCCCD7CE.d.C7548F9E921B559079E557FC388BBF2F.e.3690"},"setValue",["05/02/2025"]]}
RESULT: {"script":"<script> [6424 bytes]","args":[{"element-6066-11e4-a52e-4f735466cecf":"f.A540A0CCC69AE3F101933FDACCCCD7CE.d.C7548F9E921B559079E557FC388BBF2F.e.3690"},"setValue",["05/02/2025"]]}
COMMAND: POST /session/4ec1c74e4e20137f0b04e573c219e7fc/element - {"using":"xpath","value":"//button[@data-kt=\"PickingTableConfirmAllButton\"]"}
RESULT: {"using":"xpath","value":"//button[@data-kt=\"PickingTableConfirmAllButton\"]"}
COMMAND: POST /session/4ec1c74e4e20137f0b04e573c219e7fc/element/f.A540A0CCC69AE3F101933FDACCCCD7CE.d.C7548F9E921B559079E557FC388BBF2F.e.3704/click - {}
RESULT: {}
COMMAND: GET /session/4ec1c74e4e20137f0b04e573c219e7fc/screenshot - {}
RESULT: {}
COMMAND: POST /session/4ec1c74e4e20137f0b04e573c219e7fc/element - {"using":"xpath","value":"//bdi[contains(text(), \"OK\")]"}
RESULT: {"using":"xpath","value":"//bdi[contains(text(), \"OK\")]"}
COMMAND: POST /session/4ec1c74e4e20137f0b04e573c219e7fc/element/f.A540A0CCC69AE3F101933FDACCCCD7CE.d.C7548F9E921B559079E557FC388BBF2F.e.3707/click - {}
RESULT: {}
COMMAND: GET /session/4ec1c74e4e20137f0b04e573c219e7fc/screenshot - {}
RESULT: {}
COMMAND: POST /session/4ec1c74e4e20137f0b04e573c219e7fc/element - {"using":"xpath","value":"(//bdi[contains(text(), \"Receive\")])[2]"}
RESULT: {"using":"xpath","value":"(//bdi[contains(text(), \"Receive\")])[2]"}
COMMAND: POST /session/4ec1c74e4e20137f0b04e573c219e7fc/element/f.A540A0CCC69AE3F101933FDACCCCD7CE.d.C7548F9E921B559079E557FC388BBF2F.e.3708/click - {}
RESULT: {}
COMMAND: GET /session/4ec1c74e4e20137f0b04e573c219e7fc/screenshot - {}
RESULT: {}
COMMAND: POST /session/4ec1c74e4e20137f0b04e573c219e7fc/element - {"using":"css selector","value":"#shell-header-logo"}
RESULT: {"using":"css selector","value":"#shell-header-logo"}
COMMAND: POST /session/4ec1c74e4e20137f0b04e573c219e7fc/element/f.A540A0CCC69AE3F101933FDACCCCD7CE.d.C7548F9E921B559079E557FC388BBF2F.e.3118/click - {}
RESULT: {}
COMMAND: GET /session/4ec1c74e4e20137f0b04e573c219e7fc/screenshot - {}
RESULT: {}
]]></system-out>
    </testcase>
    <testcase classname="chrome.135_0_7049_96.windows.Tests_for_Mass_State_Change_on_Manage_States_&amp;_Performances_US104416_US" name="Prereq Should create a new contract" time="69.494">
      <system-out><![CDATA[
COMMAND: POST /session/4ec1c74e4e20137f0b04e573c219e7fc/execute/async - {"script":"<script> [1562 bytes]","args":[{"selector":{"controlType":"sap.m.Text","viewName":"etm.portal.ui.managecontractstile.view.Master","properties":{"text":"Manage Contracts"},"interaction":{"idSuffix":"inner"}},"wdio_ui5_key":"etmportal.ui.managecontractstile.view.Mastersap.m.Text{\"text\":\"Manage Contracts\"}"}]}
RESULT: {"script":"<script> [1562 bytes]","args":[{"selector":{"controlType":"sap.m.Text","viewName":"etm.portal.ui.managecontractstile.view.Master","properties":{"text":"Manage Contracts"},"interaction":{"idSuffix":"inner"}},"wdio_ui5_key":"etmportal.ui.managecontractstile.view.Mastersap.m.Text{\"text\":\"Manage Contracts\"}"}]}
RESULT: undefined
COMMAND: POST /session/4ec1c74e4e20137f0b04e573c219e7fc/element - {"using":"xpath","value":"//*[@id=\"__tile130-title\"]"}
RESULT: {"using":"xpath","value":"//*[@id=\"__tile130-title\"]"}
COMMAND: POST /session/4ec1c74e4e20137f0b04e573c219e7fc/element/f.A540A0CCC69AE3F101933FDACCCCD7CE.d.C7548F9E921B559079E557FC388BBF2F.e.4063/click - {}
RESULT: {}
COMMAND: GET /session/4ec1c74e4e20137f0b04e573c219e7fc/screenshot - {}
RESULT: {}
COMMAND: POST /session/4ec1c74e4e20137f0b04e573c219e7fc/element - {"using":"xpath","value":"//button[@data-kt=\"addButton\"]"}
RESULT: {"using":"xpath","value":"//button[@data-kt=\"addButton\"]"}
COMMAND: POST /session/4ec1c74e4e20137f0b04e573c219e7fc/elements - {"using":"xpath","value":"//button[@data-kt=\"addButton\"]"}
RESULT: {"using":"xpath","value":"//button[@data-kt=\"addButton\"]"}
COMMAND: POST /session/4ec1c74e4e20137f0b04e573c219e7fc/element - {"using":"xpath","value":"//button[@data-kt=\"addButton\"]"}
RESULT: {"using":"xpath","value":"//button[@data-kt=\"addButton\"]"}
COMMAND: POST /session/4ec1c74e4e20137f0b04e573c219e7fc/execute/sync - {"script":"<script> [8489 bytes]","args":[{"element-6066-11e4-a52e-4f735466cecf":"f.A540A0CCC69AE3F101933FDACCCCD7CE.d.C7548F9E921B559079E557FC388BBF2F.e.4135","ELEMENT":"f.A540A0CCC69AE3F101933FDACCCCD7CE.d.C7548F9E921B559079E557FC388BBF2F.e.4135"}]}
RESULT: {"script":"<script> [8489 bytes]","args":[{"element-6066-11e4-a52e-4f735466cecf":"f.A540A0CCC69AE3F101933FDACCCCD7CE.d.C7548F9E921B559079E557FC388BBF2F.e.4135","ELEMENT":"f.A540A0CCC69AE3F101933FDACCCCD7CE.d.C7548F9E921B559079E557FC388BBF2F.e.4135"}]}
COMMAND: GET /session/4ec1c74e4e20137f0b04e573c219e7fc/element/f.A540A0CCC69AE3F101933FDACCCCD7CE.d.C7548F9E921B559079E557FC388BBF2F.e.4135/enabled - {}
COMMAND: GET /session/4ec1c74e4e20137f0b04e573c219e7fc/screenshot - {}
RESULT: {}
COMMAND: POST /session/4ec1c74e4e20137f0b04e573c219e7fc/execute/sync - {"script":"<script> [8489 bytes]","args":[{"element-6066-11e4-a52e-4f735466cecf":"f.A540A0CCC69AE3F101933FDACCCCD7CE.d.C7548F9E921B559079E557FC388BBF2F.e.4135","ELEMENT":"f.A540A0CCC69AE3F101933FDACCCCD7CE.d.C7548F9E921B559079E557FC388BBF2F.e.4135"}]}
COMMAND: GET /session/4ec1c74e4e20137f0b04e573c219e7fc/screenshot - {}
RESULT: {}
RESULT: {"script":"<script> [8489 bytes]","args":[{"element-6066-11e4-a52e-4f735466cecf":"f.A540A0CCC69AE3F101933FDACCCCD7CE.d.C7548F9E921B559079E557FC388BBF2F.e.4135","ELEMENT":"f.A540A0CCC69AE3F101933FDACCCCD7CE.d.C7548F9E921B559079E557FC388BBF2F.e.4135"}]}
COMMAND: POST /session/4ec1c74e4e20137f0b04e573c219e7fc/execute/sync - {"script":"<script> [5351 bytes]","args":[{"element-6066-11e4-a52e-4f735466cecf":"f.A540A0CCC69AE3F101933FDACCCCD7CE.d.C7548F9E921B559079E557FC388BBF2F.e.4135","ELEMENT":"f.A540A0CCC69AE3F101933FDACCCCD7CE.d.C7548F9E921B559079E557FC388BBF2F.e.4135"}]}
COMMAND: GET /session/4ec1c74e4e20137f0b04e573c219e7fc/screenshot - {}
RESULT: {}
RESULT: {"script":"<script> [5351 bytes]","args":[{"element-6066-11e4-a52e-4f735466cecf":"f.A540A0CCC69AE3F101933FDACCCCD7CE.d.C7548F9E921B559079E557FC388BBF2F.e.4135","ELEMENT":"f.A540A0CCC69AE3F101933FDACCCCD7CE.d.C7548F9E921B559079E557FC388BBF2F.e.4135"}]}
COMMAND: GET /session/4ec1c74e4e20137f0b04e573c219e7fc/screenshot - {}
RESULT: {}
RESULT: {}
COMMAND: POST /session/4ec1c74e4e20137f0b04e573c219e7fc/element/f.A540A0CCC69AE3F101933FDACCCCD7CE.d.C7548F9E921B559079E557FC388BBF2F.e.4135/click - {}
RESULT: {}
COMMAND: GET /session/4ec1c74e4e20137f0b04e573c219e7fc/screenshot - {}
COMMAND: POST /session/4ec1c74e4e20137f0b04e573c219e7fc/execute/async - {"script":"<script> [1562 bytes]","args":[{"selector":{"id":"application-managecontracts-display-component---AddNewContract--projectDescription","interaction":{"idSuffix":"inner"}},"wdio_ui5_key":"applicationmanagecontracts-display-component---AddNewContract--projectDescription"}]}
RESULT: {}
RESULT: {"script":"<script> [1562 bytes]","args":[{"selector":{"id":"application-managecontracts-display-component---AddNewContract--projectDescription","interaction":{"idSuffix":"inner"}},"wdio_ui5_key":"applicationmanagecontracts-display-component---AddNewContract--projectDescription"}]}
RESULT: undefined
COMMAND: POST /session/4ec1c74e4e20137f0b04e573c219e7fc/execute/async - {"script":"<script> [776 bytes]","args":[{"enterText":"Contract WDIO","selector":{"id":"application-managecontracts-display-component---AddNewContract--projectDescription","interaction":{"idSuffix":"inner"}},"clearTextFirst":true,"interactionType":"ENTER_TEXT"}]}
RESULT: {"script":"<script> [776 bytes]","args":[{"enterText":"Contract WDIO","selector":{"id":"application-managecontracts-display-component---AddNewContract--projectDescription","interaction":{"idSuffix":"inner"}},"clearTextFirst":true,"interactionType":"ENTER_TEXT"}]}
COMMAND: POST /session/4ec1c74e4e20137f0b04e573c219e7fc/element - {"using":"xpath","value":"//input[@id=\"application-managecontracts-display-component---AddNewContract--site-inner\"]"}
RESULT: {"using":"xpath","value":"//input[@id=\"application-managecontracts-display-component---AddNewContract--site-inner\"]"}
COMMAND: POST /session/4ec1c74e4e20137f0b04e573c219e7fc/element/f.A540A0CCC69AE3F101933FDACCCCD7CE.d.C7548F9E921B559079E557FC388BBF2F.e.4431/clear - {}
RESULT: {}
COMMAND: POST /session/4ec1c74e4e20137f0b04e573c219e7fc/element/f.A540A0CCC69AE3F101933FDACCCCD7CE.d.C7548F9E921B559079E557FC388BBF2F.e.4431/value - {"text":"2351"}
COMMAND: GET /session/4ec1c74e4e20137f0b04e573c219e7fc/screenshot - {}
RESULT: {"text":"2351"}
COMMAND: GET /session/4ec1c74e4e20137f0b04e573c219e7fc/screenshot - {}
RESULT: {}
COMMAND: POST /session/4ec1c74e4e20137f0b04e573c219e7fc/element - {"using":"xpath","value":"//li[.//span[text()='2351']]"}
RESULT: {}
RESULT: {"using":"xpath","value":"//li[.//span[text()='2351']]"}
COMMAND: POST /session/4ec1c74e4e20137f0b04e573c219e7fc/element/f.A540A0CCC69AE3F101933FDACCCCD7CE.d.C7548F9E921B559079E557FC388BBF2F.e.4454/click - {}
RESULT: {}
COMMAND: GET /session/4ec1c74e4e20137f0b04e573c219e7fc/screenshot - {}
RESULT: {}
COMMAND: POST /session/4ec1c74e4e20137f0b04e573c219e7fc/element - {"using":"xpath","value":"//input[@id=\"application-managecontracts-display-component---AddNewContract--yardId-inner\"]"}
RESULT: {"using":"xpath","value":"//input[@id=\"application-managecontracts-display-component---AddNewContract--yardId-inner\"]"}
COMMAND: GET /session/4ec1c74e4e20137f0b04e573c219e7fc/element/f.A540A0CCC69AE3F101933FDACCCCD7CE.d.C7548F9E921B559079E557FC388BBF2F.e.4432/property/value - {}
RESULT: {}
COMMAND: POST /session/4ec1c74e4e20137f0b04e573c219e7fc/element - {"using":"xpath","value":"//input[@id=\"application-managecontracts-display-component---AddNewContract--customerSelect-inner\"]"}
COMMAND: GET /session/4ec1c74e4e20137f0b04e573c219e7fc/screenshot - {}
RESULT: {"using":"xpath","value":"//input[@id=\"application-managecontracts-display-component---AddNewContract--customerSelect-inner\"]"}
COMMAND: POST /session/4ec1c74e4e20137f0b04e573c219e7fc/element/f.A540A0CCC69AE3F101933FDACCCCD7CE.d.C7548F9E921B559079E557FC388BBF2F.e.4430/clear - {}
RESULT: {}
RESULT: {}
COMMAND: POST /session/4ec1c74e4e20137f0b04e573c219e7fc/element/f.A540A0CCC69AE3F101933FDACCCCD7CE.d.C7548F9E921B559079E557FC388BBF2F.e.4430/value - {"text":"1392"}
COMMAND: GET /session/4ec1c74e4e20137f0b04e573c219e7fc/screenshot - {}
RESULT: {"text":"1392"}
COMMAND: GET /session/4ec1c74e4e20137f0b04e573c219e7fc/screenshot - {}
RESULT: {}
RESULT: {}
COMMAND: POST /session/4ec1c74e4e20137f0b04e573c219e7fc/element - {"using":"xpath","value":"//li[.//span[text()='1392']]"}
RESULT: {"using":"xpath","value":"//li[.//span[text()='1392']]"}
COMMAND: POST /session/4ec1c74e4e20137f0b04e573c219e7fc/element/f.A540A0CCC69AE3F101933FDACCCCD7CE.d.C7548F9E921B559079E557FC388BBF2F.e.4457/click - {}
RESULT: {}
COMMAND: GET /session/4ec1c74e4e20137f0b04e573c219e7fc/screenshot - {}
RESULT: {}
COMMAND: POST /session/4ec1c74e4e20137f0b04e573c219e7fc/element - {"using":"xpath","value":"//button[@data-kt=\"saveButton\"]"}
RESULT: {"using":"xpath","value":"//button[@data-kt=\"saveButton\"]"}
COMMAND: POST /session/4ec1c74e4e20137f0b04e573c219e7fc/element/f.A540A0CCC69AE3F101933FDACCCCD7CE.d.C7548F9E921B559079E557FC388BBF2F.e.4444/click - {}
RESULT: {}
COMMAND: GET /session/4ec1c74e4e20137f0b04e573c219e7fc/screenshot - {}
RESULT: {}
COMMAND: POST /session/4ec1c74e4e20137f0b04e573c219e7fc/element - {"using":"xpath","value":"//span[contains(@id ,\"contractDetailTitleNoExpanded\")]"}
RESULT: {"using":"xpath","value":"//span[contains(@id ,\"contractDetailTitleNoExpanded\")]"}
COMMAND: POST /session/4ec1c74e4e20137f0b04e573c219e7fc/elements - {"using":"xpath","value":"//span[contains(@id ,\"contractDetailTitleNoExpanded\")]"}
RESULT: {"using":"xpath","value":"//span[contains(@id ,\"contractDetailTitleNoExpanded\")]"}
COMMAND: POST /session/4ec1c74e4e20137f0b04e573c219e7fc/execute/sync - {"script":"<script> [56 bytes]","args":[{"element-6066-11e4-a52e-4f735466cecf":"f.A540A0CCC69AE3F101933FDACCCCD7CE.d.C7548F9E921B559079E557FC388BBF2F.e.4530","ELEMENT":"f.A540A0CCC69AE3F101933FDACCCCD7CE.d.C7548F9E921B559079E557FC388BBF2F.e.4530"}]}
RESULT: {"script":"<script> [56 bytes]","args":[{"element-6066-11e4-a52e-4f735466cecf":"f.A540A0CCC69AE3F101933FDACCCCD7CE.d.C7548F9E921B559079E557FC388BBF2F.e.4530","ELEMENT":"f.A540A0CCC69AE3F101933FDACCCCD7CE.d.C7548F9E921B559079E557FC388BBF2F.e.4530"}]}
COMMAND: GET /session/4ec1c74e4e20137f0b04e573c219e7fc/screenshot - {}
RESULT: {}
]]></system-out>
    </testcase>
    <testcase classname="chrome.135_0_7049_96.windows.Tests_for_Mass_State_Change_on_Manage_States_&amp;_Performances_US104416_US" name="Prereq Should add created equipment to contract but to have the item 2 days earlier" time="72.336">
      <system-out><![CDATA[
COMMAND: POST /session/4ec1c74e4e20137f0b04e573c219e7fc/element - {"using":"xpath","value":"//button[@data-kt=\"contractDetailEditBtnButton\"]"}
RESULT: {"using":"xpath","value":"//button[@data-kt=\"contractDetailEditBtnButton\"]"}
COMMAND: POST /session/4ec1c74e4e20137f0b04e573c219e7fc/element/f.A540A0CCC69AE3F101933FDACCCCD7CE.d.C7548F9E921B559079E557FC388BBF2F.e.4532/click - {}
RESULT: {}
COMMAND: GET /session/4ec1c74e4e20137f0b04e573c219e7fc/screenshot - {}
RESULT: {}
COMMAND: POST /session/4ec1c74e4e20137f0b04e573c219e7fc/element - {"using":"xpath","value":"(//span[contains(text(), \"Additional Addresses\")])[2]"}
RESULT: {"using":"xpath","value":"(//span[contains(text(), \"Additional Addresses\")])[2]"}
COMMAND: POST /session/4ec1c74e4e20137f0b04e573c219e7fc/element/f.A540A0CCC69AE3F101933FDACCCCD7CE.d.C7548F9E921B559079E557FC388BBF2F.e.4589/click - {}
RESULT: {}
COMMAND: GET /session/4ec1c74e4e20137f0b04e573c219e7fc/screenshot - {}
RESULT: {}
COMMAND: POST /session/4ec1c74e4e20137f0b04e573c219e7fc/element - {"using":"xpath","value":"//button[@data-kt=\"btnAddTableRowOverflowToolbarButton\"]"}
RESULT: {"using":"xpath","value":"//button[@data-kt=\"btnAddTableRowOverflowToolbarButton\"]"}
COMMAND: POST /session/4ec1c74e4e20137f0b04e573c219e7fc/element/f.A540A0CCC69AE3F101933FDACCCCD7CE.d.C7548F9E921B559079E557FC388BBF2F.e.4591/click - {}
RESULT: {}
COMMAND: GET /session/4ec1c74e4e20137f0b04e573c219e7fc/screenshot - {}
RESULT: {}
COMMAND: POST /session/4ec1c74e4e20137f0b04e573c219e7fc/element - {"using":"xpath","value":"//div[(text() = 'Standard Entry' or . = 'Standard Entry')]"}
RESULT: {"using":"xpath","value":"//div[(text() = 'Standard Entry' or . = 'Standard Entry')]"}
COMMAND: POST /session/4ec1c74e4e20137f0b04e573c219e7fc/element/f.A540A0CCC69AE3F101933FDACCCCD7CE.d.C7548F9E921B559079E557FC388BBF2F.e.4593/click - {}
RESULT: {}
COMMAND: GET /session/4ec1c74e4e20137f0b04e573c219e7fc/screenshot - {}
RESULT: {}
COMMAND: POST /session/4ec1c74e4e20137f0b04e573c219e7fc/element - {"using":"xpath","value":"//td[6]/div/div/div/span"}
RESULT: {"using":"xpath","value":"//td[6]/div/div/div/span"}
COMMAND: POST /session/4ec1c74e4e20137f0b04e573c219e7fc/element/f.A540A0CCC69AE3F101933FDACCCCD7CE.d.C7548F9E921B559079E557FC388BBF2F.e.4605/click - {}
RESULT: {}
COMMAND: GET /session/4ec1c74e4e20137f0b04e573c219e7fc/screenshot - {}
RESULT: {}
COMMAND: POST /session/4ec1c74e4e20137f0b04e573c219e7fc/element - {"using":"xpath","value":"(//span[contains(text(), \"Equi Multipart\")])"}
RESULT: {"using":"xpath","value":"(//span[contains(text(), \"Equi Multipart\")])"}
COMMAND: POST /session/4ec1c74e4e20137f0b04e573c219e7fc/element/f.A540A0CCC69AE3F101933FDACCCCD7CE.d.C7548F9E921B559079E557FC388BBF2F.e.4606/click - {}
RESULT: {}
COMMAND: GET /session/4ec1c74e4e20137f0b04e573c219e7fc/screenshot - {}
RESULT: {}
COMMAND: POST /session/4ec1c74e4e20137f0b04e573c219e7fc/element - {"using":"xpath","value":"//td[7]/div/div/input"}
RESULT: {"using":"xpath","value":"//td[7]/div/div/input"}
COMMAND: POST /session/4ec1c74e4e20137f0b04e573c219e7fc/element/f.A540A0CCC69AE3F101933FDACCCCD7CE.d.C7548F9E921B559079E557FC388BBF2F.e.4610/clear - {}
RESULT: {}
COMMAND: POST /session/4ec1c74e4e20137f0b04e573c219e7fc/element/f.A540A0CCC69AE3F101933FDACCCCD7CE.d.C7548F9E921B559079E557FC388BBF2F.e.4610/value - {"text":"400035"}
COMMAND: GET /session/4ec1c74e4e20137f0b04e573c219e7fc/screenshot - {}
RESULT: {"text":"400035"}
COMMAND: GET /session/4ec1c74e4e20137f0b04e573c219e7fc/screenshot - {}
RESULT: {}
RESULT: {}
COMMAND: POST /session/4ec1c74e4e20137f0b04e573c219e7fc/actions - {"actions":[{"id":"action13","type":"key","parameters":{},"actions":[{"type":"keyDown","value":"î€‡"},{"type":"pause","duration":10},{"type":"keyUp","value":"î€‡"}]}]}
RESULT: {"actions":[{"id":"action13","type":"key","parameters":{},"actions":[{"type":"keyDown","value":"î€‡"},{"type":"pause","duration":10},{"type":"keyUp","value":"î€‡"}]}]}
COMMAND: GET /session/4ec1c74e4e20137f0b04e573c219e7fc/screenshot - {}
COMMAND: POST /session/4ec1c74e4e20137f0b04e573c219e7fc/execute/sync - {"script":"<script> [276 bytes]","args":["No pricing information was found"]}
RESULT: {}
RESULT: {"script":"<script> [276 bytes]","args":["No pricing information was found"]}
COMMAND: POST /session/4ec1c74e4e20137f0b04e573c219e7fc/element - {"using":"xpath","value":"//bdi[contains(text(), \"OK\")]"}
RESULT: {"using":"xpath","value":"//bdi[contains(text(), \"OK\")]"}
COMMAND: POST /session/4ec1c74e4e20137f0b04e573c219e7fc/element/f.A540A0CCC69AE3F101933FDACCCCD7CE.d.C7548F9E921B559079E557FC388BBF2F.e.4636/click - {}
COMMAND: GET /session/4ec1c74e4e20137f0b04e573c219e7fc/screenshot - {}
RESULT: {}
COMMAND: GET /session/4ec1c74e4e20137f0b04e573c219e7fc/screenshot - {}
RESULT: {}
RESULT: {}
COMMAND: POST /session/4ec1c74e4e20137f0b04e573c219e7fc/element - {"using":"xpath","value":"//td[19]/div/div/input"}
RESULT: {"using":"xpath","value":"//td[19]/div/div/input"}
COMMAND: POST /session/4ec1c74e4e20137f0b04e573c219e7fc/element/f.A540A0CCC69AE3F101933FDACCCCD7CE.d.C7548F9E921B559079E557FC388BBF2F.e.4633/clear - {}
RESULT: {}
COMMAND: POST /session/4ec1c74e4e20137f0b04e573c219e7fc/element/f.A540A0CCC69AE3F101933FDACCCCD7CE.d.C7548F9E921B559079E557FC388BBF2F.e.4633/value - {"text":"04/30/25"}
COMMAND: GET /session/4ec1c74e4e20137f0b04e573c219e7fc/screenshot - {}
RESULT: {"text":"04/30/25"}
COMMAND: GET /session/4ec1c74e4e20137f0b04e573c219e7fc/screenshot - {}
RESULT: {}
RESULT: {}
COMMAND: POST /session/4ec1c74e4e20137f0b04e573c219e7fc/element - {"using":"xpath","value":"(//button[@data-kt=\"saveButton\"])[2]"}
RESULT: {"using":"xpath","value":"(//button[@data-kt=\"saveButton\"])[2]"}
COMMAND: POST /session/4ec1c74e4e20137f0b04e573c219e7fc/element/f.A540A0CCC69AE3F101933FDACCCCD7CE.d.C7548F9E921B559079E557FC388BBF2F.e.4638/click - {}
RESULT: {}
COMMAND: GET /session/4ec1c74e4e20137f0b04e573c219e7fc/screenshot - {}
RESULT: {}
COMMAND: POST /session/4ec1c74e4e20137f0b04e573c219e7fc/execute/sync - {"script":"<script> [276 bytes]","args":["Some contract items are having rental validity exceeding header rental validity"]}
RESULT: {"script":"<script> [276 bytes]","args":["Some contract items are having rental validity exceeding header rental validity"]}
COMMAND: POST /session/4ec1c74e4e20137f0b04e573c219e7fc/element - {"using":"xpath","value":"//bdi[contains(text(), \"OK\")]"}
COMMAND: GET /session/4ec1c74e4e20137f0b04e573c219e7fc/screenshot - {}
RESULT: {"using":"xpath","value":"//bdi[contains(text(), \"OK\")]"}
COMMAND: POST /session/4ec1c74e4e20137f0b04e573c219e7fc/element/f.A540A0CCC69AE3F101933FDACCCCD7CE.d.C7548F9E921B559079E557FC388BBF2F.e.4641/click - {}
RESULT: {}
RESULT: {}
COMMAND: GET /session/4ec1c74e4e20137f0b04e573c219e7fc/screenshot - {}
RESULT: {}
COMMAND: POST /session/4ec1c74e4e20137f0b04e573c219e7fc/element - {"using":"xpath","value":"//span[contains(@id ,\"contractItemsSmartTable-header-inner\")]"}
RESULT: {"using":"xpath","value":"//span[contains(@id ,\"contractItemsSmartTable-header-inner\")]"}
COMMAND: POST /session/4ec1c74e4e20137f0b04e573c219e7fc/elements - {"using":"xpath","value":"//span[contains(@id ,\"contractItemsSmartTable-header-inner\")]"}
RESULT: {"using":"xpath","value":"//span[contains(@id ,\"contractItemsSmartTable-header-inner\")]"}
COMMAND: POST /session/4ec1c74e4e20137f0b04e573c219e7fc/execute/sync - {"script":"<script> [56 bytes]","args":[{"element-6066-11e4-a52e-4f735466cecf":"f.A540A0CCC69AE3F101933FDACCCCD7CE.d.C7548F9E921B559079E557FC388BBF2F.e.4649","ELEMENT":"f.A540A0CCC69AE3F101933FDACCCCD7CE.d.C7548F9E921B559079E557FC388BBF2F.e.4649"}]}
RESULT: {"script":"<script> [56 bytes]","args":[{"element-6066-11e4-a52e-4f735466cecf":"f.A540A0CCC69AE3F101933FDACCCCD7CE.d.C7548F9E921B559079E557FC388BBF2F.e.4649","ELEMENT":"f.A540A0CCC69AE3F101933FDACCCCD7CE.d.C7548F9E921B559079E557FC388BBF2F.e.4649"}]}
COMMAND: GET /session/4ec1c74e4e20137f0b04e573c219e7fc/screenshot - {}
]]></system-out>
    </testcase>
    <testcase classname="chrome.135_0_7049_96.windows.Tests_for_Mass_State_Change_on_Manage_States_&amp;_Performances_US104416_US" name="Prereq Should do a provide to site handover for today" time="63.318">
      <system-out><![CDATA[
COMMAND: POST /session/4ec1c74e4e20137f0b04e573c219e7fc/element - {"using":"xpath","value":"//button[@data-kt=\"provideButton\"]"}
RESULT: {}
RESULT: {"using":"xpath","value":"//button[@data-kt=\"provideButton\"]"}
COMMAND: POST /session/4ec1c74e4e20137f0b04e573c219e7fc/element/f.A540A0CCC69AE3F101933FDACCCCD7CE.d.C7548F9E921B559079E557FC388BBF2F.e.4650/click - {}
RESULT: {}
COMMAND: GET /session/4ec1c74e4e20137f0b04e573c219e7fc/screenshot - {}
RESULT: undefined
COMMAND: POST /session/4ec1c74e4e20137f0b04e573c219e7fc/execute/async - {"script":"<script> [6424 bytes]","args":[{"element-6066-11e4-a52e-4f735466cecf":"f.A540A0CCC69AE3F101933FDACCCCD7CE.d.C7548F9E921B559079E557FC388BBF2F.e.3498"},"setValue",["05/02/2025"]]}
RESULT: {}
COMMAND: POST /session/4ec1c74e4e20137f0b04e573c219e7fc/execute/async - {"script":"<script> [1562 bytes]","args":[{"selector":{"id":"application-managehandovers-display-component---AddNewHO--dueDate","interaction":{"idSuffix":"inner"}},"wdio_ui5_key":"applicationmanagehandovers-display-component---AddNewHO--dueDate"}]}
RESULT: {"script":"<script> [1562 bytes]","args":[{"selector":{"id":"application-managehandovers-display-component---AddNewHO--dueDate","interaction":{"idSuffix":"inner"}},"wdio_ui5_key":"applicationmanagehandovers-display-component---AddNewHO--dueDate"}]}
COMMAND: POST /session/4ec1c74e4e20137f0b04e573c219e7fc/execute/async - {"script":"<script> [6424 bytes]","args":[{"element-6066-11e4-a52e-4f735466cecf":"f.A540A0CCC69AE3F101933FDACCCCD7CE.d.C7548F9E921B559079E557FC388BBF2F.e.4726"},"setValue",["05/02/2025"]]}
RESULT: {"script":"<script> [6424 bytes]","args":[{"element-6066-11e4-a52e-4f735466cecf":"f.A540A0CCC69AE3F101933FDACCCCD7CE.d.C7548F9E921B559079E557FC388BBF2F.e.4726"},"setValue",["05/02/2025"]]}
COMMAND: POST /session/4ec1c74e4e20137f0b04e573c219e7fc/element - {"using":"xpath","value":"//bdi[contains(text(), \"Instructions\")]"}
RESULT: {"using":"xpath","value":"//bdi[contains(text(), \"Instructions\")]"}
COMMAND: POST /session/4ec1c74e4e20137f0b04e573c219e7fc/element/f.A540A0CCC69AE3F101933FDACCCCD7CE.d.C7548F9E921B559079E557FC388BBF2F.e.4972/click - {}
RESULT: {}
COMMAND: GET /session/4ec1c74e4e20137f0b04e573c219e7fc/screenshot - {}
RESULT: {}
COMMAND: POST /session/4ec1c74e4e20137f0b04e573c219e7fc/element - {"using":"xpath","value":"//button[@data-kt=\"AddNewHOProvideAddItemsButton\"]"}
RESULT: {"using":"xpath","value":"//button[@data-kt=\"AddNewHOProvideAddItemsButton\"]"}
COMMAND: POST /session/4ec1c74e4e20137f0b04e573c219e7fc/element/f.A540A0CCC69AE3F101933FDACCCCD7CE.d.C7548F9E921B559079E557FC388BBF2F.e.4976/click - {}
RESULT: {}
COMMAND: GET /session/4ec1c74e4e20137f0b04e573c219e7fc/screenshot - {}
RESULT: {}
RESULT: undefined
COMMAND: POST /session/4ec1c74e4e20137f0b04e573c219e7fc/element - {"using":"xpath","value":"//*[@id=\"application-managehandovers-display-component---AddNewHO--popup-sa\"]"}
RESULT: {"using":"xpath","value":"//*[@id=\"application-managehandovers-display-component---AddNewHO--popup-sa\"]"}
COMMAND: POST /session/4ec1c74e4e20137f0b04e573c219e7fc/element/f.A540A0CCC69AE3F101933FDACCCCD7CE.d.C7548F9E921B559079E557FC388BBF2F.e.4992/click - {}
RESULT: {}
COMMAND: GET /session/4ec1c74e4e20137f0b04e573c219e7fc/screenshot - {}
RESULT: {}
COMMAND: POST /session/4ec1c74e4e20137f0b04e573c219e7fc/element - {"using":"xpath","value":"//*[contains(@id ,\"BDI-content\")][contains(text(), \"Select\")]"}
RESULT: {"using":"xpath","value":"//*[contains(@id ,\"BDI-content\")][contains(text(), \"Select\")]"}
COMMAND: POST /session/4ec1c74e4e20137f0b04e573c219e7fc/element/f.A540A0CCC69AE3F101933FDACCCCD7CE.d.C7548F9E921B559079E557FC388BBF2F.e.4994/click - {}
RESULT: {}
COMMAND: GET /session/4ec1c74e4e20137f0b04e573c219e7fc/screenshot - {}
RESULT: {}
COMMAND: POST /session/4ec1c74e4e20137f0b04e573c219e7fc/execute/async - {"script":"<script> [1562 bytes]","args":[{"selector":{"id":"application-managehandovers-display-component---AddNewHO--confirmCreationButton","interaction":{"idSuffix":"BDI-content"}},"wdio_ui5_key":"applicationmanagehandovers-display-component---AddNewHO--confirmCreationButton"}]}
RESULT: {"script":"<script> [1562 bytes]","args":[{"selector":{"id":"application-managehandovers-display-component---AddNewHO--confirmCreationButton","interaction":{"idSuffix":"BDI-content"}},"wdio_ui5_key":"applicationmanagehandovers-display-component---AddNewHO--confirmCreationButton"}]}
RESULT: undefined
COMMAND: POST /session/4ec1c74e4e20137f0b04e573c219e7fc/element - {"using":"xpath","value":"//*[@id=\"application-managehandovers-display-component---AddNewHO--confirmCreationButton\"]"}
RESULT: {"using":"xpath","value":"//*[@id=\"application-managehandovers-display-component---AddNewHO--confirmCreationButton\"]"}
COMMAND: POST /session/4ec1c74e4e20137f0b04e573c219e7fc/element/f.A540A0CCC69AE3F101933FDACCCCD7CE.d.C7548F9E921B559079E557FC388BBF2F.e.4773/click - {}
RESULT: {}
COMMAND: GET /session/4ec1c74e4e20137f0b04e573c219e7fc/screenshot - {}
RESULT: {}
COMMAND: POST /session/4ec1c74e4e20137f0b04e573c219e7fc/element - {"using":"xpath","value":"//button[@data-kt=\"PickingTableConfirmAllButton\"]"}
RESULT: {"using":"xpath","value":"//button[@data-kt=\"PickingTableConfirmAllButton\"]"}
COMMAND: POST /session/4ec1c74e4e20137f0b04e573c219e7fc/elements - {"using":"xpath","value":"//button[@data-kt=\"PickingTableConfirmAllButton\"]"}
RESULT: {"using":"xpath","value":"//button[@data-kt=\"PickingTableConfirmAllButton\"]"}
COMMAND: POST /session/4ec1c74e4e20137f0b04e573c219e7fc/elements - {"using":"xpath","value":"//button[@data-kt=\"PickingTableConfirmAllButton\"]"}
RESULT: {"using":"xpath","value":"//button[@data-kt=\"PickingTableConfirmAllButton\"]"}
COMMAND: POST /session/4ec1c74e4e20137f0b04e573c219e7fc/element - {"using":"xpath","value":"//button[@data-kt=\"PickingTableConfirmAllButton\"]"}
RESULT: {"using":"xpath","value":"//button[@data-kt=\"PickingTableConfirmAllButton\"]"}
COMMAND: POST /session/4ec1c74e4e20137f0b04e573c219e7fc/element/f.A540A0CCC69AE3F101933FDACCCCD7CE.d.C7548F9E921B559079E557FC388BBF2F.e.5033/click - {}
COMMAND: POST /session/4ec1c74e4e20137f0b04e573c219e7fc/element - {"using":"xpath","value":"//button[@data-kt=\"PickingTableConfirmAllButton\"]"}
RESULT: {"using":"xpath","value":"//button[@data-kt=\"PickingTableConfirmAllButton\"]"}
COMMAND: POST /session/4ec1c74e4e20137f0b04e573c219e7fc/element/f.A540A0CCC69AE3F101933FDACCCCD7CE.d.C7548F9E921B559079E557FC388BBF2F.e.5033/click - {}
COMMAND: POST /session/4ec1c74e4e20137f0b04e573c219e7fc/element - {"using":"xpath","value":"//button[@data-kt=\"PickingTableConfirmAllButton\"]"}
RESULT: {"using":"xpath","value":"//button[@data-kt=\"PickingTableConfirmAllButton\"]"}
COMMAND: POST /session/4ec1c74e4e20137f0b04e573c219e7fc/element/f.A540A0CCC69AE3F101933FDACCCCD7CE.d.C7548F9E921B559079E557FC388BBF2F.e.5051/click - {}
RESULT: {}
COMMAND: GET /session/4ec1c74e4e20137f0b04e573c219e7fc/screenshot - {}
RESULT: {}
COMMAND: POST /session/4ec1c74e4e20137f0b04e573c219e7fc/element - {"using":"xpath","value":"//bdi[contains(text(), \"OK\")]"}
RESULT: {"using":"xpath","value":"//bdi[contains(text(), \"OK\")]"}
COMMAND: POST /session/4ec1c74e4e20137f0b04e573c219e7fc/element/f.A540A0CCC69AE3F101933FDACCCCD7CE.d.C7548F9E921B559079E557FC388BBF2F.e.5055/click - {}
RESULT: {}
COMMAND: GET /session/4ec1c74e4e20137f0b04e573c219e7fc/screenshot - {}
RESULT: {}
COMMAND: POST /session/4ec1c74e4e20137f0b04e573c219e7fc/element - {"using":"xpath","value":"//bdi[contains(text(), \"Issue\")]"}
RESULT: {"using":"xpath","value":"//bdi[contains(text(), \"Issue\")]"}
COMMAND: POST /session/4ec1c74e4e20137f0b04e573c219e7fc/element/f.A540A0CCC69AE3F101933FDACCCCD7CE.d.C7548F9E921B559079E557FC388BBF2F.e.5057/click - {}
RESULT: {}
COMMAND: GET /session/4ec1c74e4e20137f0b04e573c219e7fc/screenshot - {}
RESULT: {}
COMMAND: POST /session/4ec1c74e4e20137f0b04e573c219e7fc/element - {"using":"css selector","value":"#shell-header-logo"}
RESULT: {"using":"css selector","value":"#shell-header-logo"}
COMMAND: POST /session/4ec1c74e4e20137f0b04e573c219e7fc/element/f.A540A0CCC69AE3F101933FDACCCCD7CE.d.C7548F9E921B559079E557FC388BBF2F.e.4066/click - {}
RESULT: {}
COMMAND: GET /session/4ec1c74e4e20137f0b04e573c219e7fc/screenshot - {}
RESULT: {}
]]></system-out>
    </testcase>
  </testsuite>
</testsuites>