<?xml version="1.0" encoding="UTF-8"?>
<testsuites tests="6" failures="0" errors="0" skipped="0">
  <testsuite timestamp="2025-05-07T16:10:59" time="943.12" tests="4" failures="0" errors="0" skipped="0">
    <properties>
      <property name="specId" value="0" />
      <property name="suiteName" value="Webshop - Hyperlinks visible and working properly  US139085" />
      <property name="capabilities" value="chrome.135_0_7049_115.windows" />
      <property name="file" value="file:///D:/a/1/s/test/specs/R2C/webshop-hyperlinks-yard-site.spec.js" />
    </properties>
    <testcase classname="chrome.135_0_7049_115.windows.Webshop_-_Hyperlinks_visible_and_working_properly__US139085" name="Should create prerequisites for webshop suite" time="318.016">
      <system-out><![CDATA[
COMMAND: POST /session/7590a931e204057e68c97157dfd3b2ed/execute/async - {"script":"<script> [1562 bytes]","args":[{"selector":{"controlType":"sap.m.GenericTile","properties":{"header":"Manage Yards"}},"wdio_ui5_key":"sapm.GenericTile{\"header\":\"Manage Yards\"}"}]}
RESULT: {"script":"<script> [1562 bytes]","args":[{"selector":{"controlType":"sap.m.GenericTile","properties":{"header":"Manage Yards"}},"wdio_ui5_key":"sapm.GenericTile{\"header\":\"Manage Yards\"}"}]}
RESULT: undefined
COMMAND: POST /session/7590a931e204057e68c97157dfd3b2ed/element - {"using":"xpath","value":"//*[@id=\"__tile41\"]"}
RESULT: {"using":"xpath","value":"//*[@id=\"__tile41\"]"}
COMMAND: POST /session/7590a931e204057e68c97157dfd3b2ed/element/f.12702CF722B5FE42F3DA0862B080648A.d.E2834A55DB16EC91F21D440DDE7677F3.e.121/click - {}
RESULT: {}
COMMAND: GET /session/7590a931e204057e68c97157dfd3b2ed/screenshot - {}
RESULT: {}
COMMAND: POST /session/7590a931e204057e68c97157dfd3b2ed/execute/async - {"script":"<script> [1562 bytes]","args":[{"selector":{"controlType":"sap.ui.core.Icon","viewName":"etm.portal.ui.manageyards.view.Master","viewId":"application-manageyards-display-component---masterYard","properties":{"src":{"regex":{"source":"add"}}}},"wdio_ui5_key":"etmportal.ui.manageyards.view.Mastersap.ui.core.Icon{\"src\":{\"regex\":{\"source\":\"add\"}}}"}]}
RESULT: {"script":"<script> [1562 bytes]","args":[{"selector":{"controlType":"sap.ui.core.Icon","viewName":"etm.portal.ui.manageyards.view.Master","viewId":"application-manageyards-display-component---masterYard","properties":{"src":{"regex":{"source":"add"}}}},"wdio_ui5_key":"etmportal.ui.manageyards.view.Mastersap.ui.core.Icon{\"src\":{\"regex\":{\"source\":\"add\"}}}"}]}
RESULT: undefined
COMMAND: POST /session/7590a931e204057e68c97157dfd3b2ed/element - {"using":"xpath","value":"//*[@id=\"__button4-img\"]"}
RESULT: {"using":"xpath","value":"//*[@id=\"__button4-img\"]"}
COMMAND: POST /session/7590a931e204057e68c97157dfd3b2ed/element/f.12702CF722B5FE42F3DA0862B080648A.d.E2834A55DB16EC91F21D440DDE7677F3.e.168/click - {}
RESULT: {}
COMMAND: GET /session/7590a931e204057e68c97157dfd3b2ed/screenshot - {}
RESULT: {}
COMMAND: POST /session/7590a931e204057e68c97157dfd3b2ed/execute/async - {"script":"<script> [1562 bytes]","args":[{"selector":{"id":"application-manageyards-display-component---NewYard--yardId","interaction":{"idSuffix":"inner"}},"wdio_ui5_key":"applicationmanageyards-display-component---NewYard--yardId"}]}
RESULT: {"script":"<script> [1562 bytes]","args":[{"selector":{"id":"application-manageyards-display-component---NewYard--yardId","interaction":{"idSuffix":"inner"}},"wdio_ui5_key":"applicationmanageyards-display-component---NewYard--yardId"}]}
RESULT: undefined
COMMAND: POST /session/7590a931e204057e68c97157dfd3b2ed/element - {"using":"xpath","value":"//*[@id=\"application-manageyards-display-component---NewYard--addressDetailDetailsName1-inner\"]"}
RESULT: {"using":"xpath","value":"//*[@id=\"application-manageyards-display-component---NewYard--addressDetailDetailsName1-inner\"]"}
COMMAND: POST /session/7590a931e204057e68c97157dfd3b2ed/element/f.12702CF722B5FE42F3DA0862B080648A.d.E2834A55DB16EC91F21D440DDE7677F3.e.381/clear - {}
RESULT: {}
COMMAND: POST /session/7590a931e204057e68c97157dfd3b2ed/element/f.12702CF722B5FE42F3DA0862B080648A.d.E2834A55DB16EC91F21D440DDE7677F3.e.381/value - {"text":"WebdriverYardbqbmb"}
COMMAND: GET /session/7590a931e204057e68c97157dfd3b2ed/screenshot - {}
RESULT: {"text":"WebdriverYardbqbmb"}
COMMAND: POST /session/7590a931e204057e68c97157dfd3b2ed/element - {"using":"xpath","value":"//*[@id=\"application-manageyards-display-component---NewYard--addressDetailDetailsLanguage-inner\"]"}
COMMAND: GET /session/7590a931e204057e68c97157dfd3b2ed/screenshot - {}
RESULT: {}
RESULT: {"using":"xpath","value":"//*[@id=\"application-manageyards-display-component---NewYard--addressDetailDetailsLanguage-inner\"]"}
COMMAND: POST /session/7590a931e204057e68c97157dfd3b2ed/element/f.12702CF722B5FE42F3DA0862B080648A.d.E2834A55DB16EC91F21D440DDE7677F3.e.382/clear - {}
RESULT: {}
RESULT: {}
COMMAND: POST /session/7590a931e204057e68c97157dfd3b2ed/element/f.12702CF722B5FE42F3DA0862B080648A.d.E2834A55DB16EC91F21D440DDE7677F3.e.382/value - {"text":"Romanian"}
COMMAND: GET /session/7590a931e204057e68c97157dfd3b2ed/screenshot - {}
RESULT: {"text":"Romanian"}
COMMAND: POST /session/7590a931e204057e68c97157dfd3b2ed/element - {"using":"xpath","value":"//input[contains(@id ,\"application-manageyards-display-component---NewYard--addressDetailDetailsName1-inner\")]"}
COMMAND: GET /session/7590a931e204057e68c97157dfd3b2ed/screenshot - {}
RESULT: {}
RESULT: {"using":"xpath","value":"//input[contains(@id ,\"application-manageyards-display-component---NewYard--addressDetailDetailsName1-inner\")]"}
COMMAND: GET /session/7590a931e204057e68c97157dfd3b2ed/element/f.12702CF722B5FE42F3DA0862B080648A.d.E2834A55DB16EC91F21D440DDE7677F3.e.381/property/value - {}
RESULT: {}
RESULT: {}
COMMAND: GET /session/7590a931e204057e68c97157dfd3b2ed/screenshot - {}
RESULT: {}
COMMAND: POST /session/7590a931e204057e68c97157dfd3b2ed/element - {"using":"xpath","value":"//*[@id=\"application-manageyards-display-component---NewYard--addressDetailDetailsCity1-inner\"]"}
RESULT: {"using":"xpath","value":"//*[@id=\"application-manageyards-display-component---NewYard--addressDetailDetailsCity1-inner\"]"}
COMMAND: POST /session/7590a931e204057e68c97157dfd3b2ed/element/f.12702CF722B5FE42F3DA0862B080648A.d.E2834A55DB16EC91F21D440DDE7677F3.e.384/clear - {}
RESULT: {}
COMMAND: POST /session/7590a931e204057e68c97157dfd3b2ed/element/f.12702CF722B5FE42F3DA0862B080648A.d.E2834A55DB16EC91F21D440DDE7677F3.e.384/value - {"text":"Bucuresti"}
COMMAND: GET /session/7590a931e204057e68c97157dfd3b2ed/screenshot - {}
RESULT: {"text":"Bucuresti"}
COMMAND: GET /session/7590a931e204057e68c97157dfd3b2ed/screenshot - {}
RESULT: {}
RESULT: {}
COMMAND: POST /session/7590a931e204057e68c97157dfd3b2ed/element - {"using":"xpath","value":"//*[@id=\"application-manageyards-display-component---NewYard--addressDetailDetailsCountry-inner\"]"}
RESULT: {"using":"xpath","value":"//*[@id=\"application-manageyards-display-component---NewYard--addressDetailDetailsCountry-inner\"]"}
COMMAND: POST /session/7590a931e204057e68c97157dfd3b2ed/element/f.12702CF722B5FE42F3DA0862B080648A.d.E2834A55DB16EC91F21D440DDE7677F3.e.388/clear - {}
RESULT: {}
COMMAND: POST /session/7590a931e204057e68c97157dfd3b2ed/element/f.12702CF722B5FE42F3DA0862B080648A.d.E2834A55DB16EC91F21D440DDE7677F3.e.388/value - {"text":"Romania"}
COMMAND: GET /session/7590a931e204057e68c97157dfd3b2ed/screenshot - {}
RESULT: {"text":"Romania"}
COMMAND: GET /session/7590a931e204057e68c97157dfd3b2ed/screenshot - {}
RESULT: {}
RESULT: {}
COMMAND: POST /session/7590a931e204057e68c97157dfd3b2ed/element - {"using":"xpath","value":"//div[contains(text(), \"Commercial\")]"}
RESULT: {"using":"xpath","value":"//div[contains(text(), \"Commercial\")]"}
COMMAND: GET /session/7590a931e204057e68c97157dfd3b2ed/element/f.12702CF722B5FE42F3DA0862B080648A.d.E2834A55DB16EC91F21D440DDE7677F3.e.577/rect - {}
RESULT: {}
COMMAND: GET /session/7590a931e204057e68c97157dfd3b2ed/window/rect - {}
RESULT: {}
COMMAND: POST /session/7590a931e204057e68c97157dfd3b2ed/execute/sync - {"script":"<script> [92 bytes]","args":[]}
RESULT: {"script":"<script> [92 bytes]","args":[]}
COMMAND: POST /session/7590a931e204057e68c97157dfd3b2ed/actions - {"actions":[{"id":"action1","type":"wheel","parameters":{},"actions":[{"type":"scroll","x":-1841,"y":-44,"deltaX":0,"deltaY":0,"duration":0,"origin":{"element-6066-11e4-a52e-4f735466cecf":"f.12702CF722B5FE42F3DA0862B080648A.d.E2834A55DB16EC91F21D440DDE7677F3.e.577"}}]}]}
COMMAND: GET /session/7590a931e204057e68c97157dfd3b2ed/screenshot - {}
RESULT: {}
COMMAND: POST /session/7590a931e204057e68c97157dfd3b2ed/execute/sync - {"script":"<script> [79 bytes]","args":[{"element-6066-11e4-a52e-4f735466cecf":"f.12702CF722B5FE42F3DA0862B080648A.d.E2834A55DB16EC91F21D440DDE7677F3.e.577","ELEMENT":"f.12702CF722B5FE42F3DA0862B080648A.d.E2834A55DB16EC91F21D440DDE7677F3.e.577"},{"block":"start","inline":"nearest"}]}
RESULT: {"script":"<script> [79 bytes]","args":[{"element-6066-11e4-a52e-4f735466cecf":"f.12702CF722B5FE42F3DA0862B080648A.d.E2834A55DB16EC91F21D440DDE7677F3.e.577","ELEMENT":"f.12702CF722B5FE42F3DA0862B080648A.d.E2834A55DB16EC91F21D440DDE7677F3.e.577"},{"block":"start","inline":"nearest"}]}
COMMAND: GET /session/7590a931e204057e68c97157dfd3b2ed/screenshot - {}
RESULT: {}
COMMAND: POST /session/7590a931e204057e68c97157dfd3b2ed/execute/async - {"script":"<script> [1562 bytes]","args":[{"selector":{"id":"application-manageyards-display-component---NewYard--addressEditDetailsCostObjectCstType-arrow"},"wdio_ui5_key":"applicationmanageyards-display-component---NewYard--addressEditDetailsCostObjectCstType-arrow"}]}
RESULT: {"script":"<script> [1562 bytes]","args":[{"selector":{"id":"application-manageyards-display-component---NewYard--addressEditDetailsCostObjectCstType-arrow"},"wdio_ui5_key":"applicationmanageyards-display-component---NewYard--addressEditDetailsCostObjectCstType-arrow"}]}
RESULT: undefined
COMMAND: POST /session/7590a931e204057e68c97157dfd3b2ed/element - {"using":"xpath","value":"//*[@id=\"application-manageyards-display-component---NewYard--addressEditDetailsCostObjectCstType-arrow\"]"}
RESULT: {"using":"xpath","value":"//*[@id=\"application-manageyards-display-component---NewYard--addressEditDetailsCostObjectCstType-arrow\"]"}
COMMAND: POST /session/7590a931e204057e68c97157dfd3b2ed/element/f.12702CF722B5FE42F3DA0862B080648A.d.E2834A55DB16EC91F21D440DDE7677F3.e.585/click - {}
RESULT: {}
COMMAND: POST /session/7590a931e204057e68c97157dfd3b2ed/element - {"using":"xpath","value":"//span[contains(text(), \"Cost Center\")]"}
COMMAND: GET /session/7590a931e204057e68c97157dfd3b2ed/screenshot - {}
RESULT: {"using":"xpath","value":"//span[contains(text(), \"Cost Center\")]"}
COMMAND: POST /session/7590a931e204057e68c97157dfd3b2ed/element/f.12702CF722B5FE42F3DA0862B080648A.d.E2834A55DB16EC91F21D440DDE7677F3.e.586/click - {}
RESULT: {}
RESULT: {}
COMMAND: GET /session/7590a931e204057e68c97157dfd3b2ed/screenshot - {}
RESULT: {}
COMMAND: POST /session/7590a931e204057e68c97157dfd3b2ed/execute/async - {"script":"<script> [1562 bytes]","args":[{"selector":{"id":"application-manageyards-display-component---NewYard--addressNewCostObjectCstID-vhi"},"wdio_ui5_key":"applicationmanageyards-display-component---NewYard--addressNewCostObjectCstID-vhi"}]}
RESULT: {"script":"<script> [1562 bytes]","args":[{"selector":{"id":"application-manageyards-display-component---NewYard--addressNewCostObjectCstID-vhi"},"wdio_ui5_key":"applicationmanageyards-display-component---NewYard--addressNewCostObjectCstID-vhi"}]}
RESULT: undefined
COMMAND: POST /session/7590a931e204057e68c97157dfd3b2ed/element - {"using":"xpath","value":"//*[@id=\"application-manageyards-display-component---NewYard--addressNewCostObjectCstID-vhi\"]"}
RESULT: {"using":"xpath","value":"//*[@id=\"application-manageyards-display-component---NewYard--addressNewCostObjectCstID-vhi\"]"}
COMMAND: POST /session/7590a931e204057e68c97157dfd3b2ed/element/f.12702CF722B5FE42F3DA0862B080648A.d.E2834A55DB16EC91F21D440DDE7677F3.e.590/click - {}
RESULT: {}
COMMAND: GET /session/7590a931e204057e68c97157dfd3b2ed/screenshot - {}
RESULT: {}
COMMAND: POST /session/7590a931e204057e68c97157dfd3b2ed/execute/async - {"script":"<script> [1562 bytes]","args":[{"selector":{"controlType":"sap.m.SearchField","properties":{"placeholder":"Search"},"searchOpenDialogs":true,"interaction":{"idSuffix":"I"}},"wdio_ui5_key":"sapm.SearchField{\"placeholder\":\"Search\"}"}]}
RESULT: {"script":"<script> [1562 bytes]","args":[{"selector":{"controlType":"sap.m.SearchField","properties":{"placeholder":"Search"},"searchOpenDialogs":true,"interaction":{"idSuffix":"I"}},"wdio_ui5_key":"sapm.SearchField{\"placeholder\":\"Search\"}"}]}
RESULT: undefined
COMMAND: POST /session/7590a931e204057e68c97157dfd3b2ed/execute/async - {"script":"<script> [776 bytes]","args":[{"enterText":"10001013","selector":{"controlType":"sap.m.SearchField","properties":{"placeholder":"Search"},"searchOpenDialogs":true,"interaction":{"idSuffix":"I"}},"clearTextFirst":true,"interactionType":"ENTER_TEXT"}]}
RESULT: {"script":"<script> [776 bytes]","args":[{"enterText":"10001013","selector":{"controlType":"sap.m.SearchField","properties":{"placeholder":"Search"},"searchOpenDialogs":true,"interaction":{"idSuffix":"I"}},"clearTextFirst":true,"interactionType":"ENTER_TEXT"}]}
COMMAND: POST /session/7590a931e204057e68c97157dfd3b2ed/actions - {"actions":[{"id":"action2","type":"key","parameters":{},"actions":[{"type":"keyDown","value":"î€‡"},{"type":"pause","duration":10},{"type":"keyUp","value":"î€‡"}]}]}
RESULT: {"actions":[{"id":"action2","type":"key","parameters":{},"actions":[{"type":"keyDown","value":"î€‡"},{"type":"pause","duration":10},{"type":"keyUp","value":"î€‡"}]}]}
COMMAND: GET /session/7590a931e204057e68c97157dfd3b2ed/screenshot - {}
RESULT: {}
COMMAND: POST /session/7590a931e204057e68c97157dfd3b2ed/element - {"using":"xpath","value":"//span[contains(text(), \"General Management\")]"}
RESULT: {"using":"xpath","value":"//span[contains(text(), \"General Management\")]"}
COMMAND: POST /session/7590a931e204057e68c97157dfd3b2ed/element/f.12702CF722B5FE42F3DA0862B080648A.d.E2834A55DB16EC91F21D440DDE7677F3.e.631/click - {}
RESULT: {}
COMMAND: GET /session/7590a931e204057e68c97157dfd3b2ed/screenshot - {}
RESULT: {}
COMMAND: POST /session/7590a931e204057e68c97157dfd3b2ed/element - {"using":"xpath","value":"//bdi[contains(text(), \"OK\")]"}
RESULT: {"using":"xpath","value":"//bdi[contains(text(), \"OK\")]"}
COMMAND: POST /session/7590a931e204057e68c97157dfd3b2ed/element/f.12702CF722B5FE42F3DA0862B080648A.d.E2834A55DB16EC91F21D440DDE7677F3.e.632/click - {}
RESULT: {}
COMMAND: GET /session/7590a931e204057e68c97157dfd3b2ed/screenshot - {}
RESULT: {}
COMMAND: POST /session/7590a931e204057e68c97157dfd3b2ed/execute/async - {"script":"<script> [1562 bytes]","args":[{"selector":{"controlType":"sap.m.Button","viewName":"etm.portal.ui.manageyards.view.New","viewId":"application-manageyards-display-component---NewYard","i18NText":{"propertyName":"text","key":"save"},"interaction":{"idSuffix":"inner"}},"wdio_ui5_key":"etmportal.ui.manageyards.view.Newsap.m.Button{\"propertyName\":\"text\",\"key\":\"save\"}"}]}
RESULT: {"script":"<script> [1562 bytes]","args":[{"selector":{"controlType":"sap.m.Button","viewName":"etm.portal.ui.manageyards.view.New","viewId":"application-manageyards-display-component---NewYard","i18NText":{"propertyName":"text","key":"save"},"interaction":{"idSuffix":"inner"}},"wdio_ui5_key":"etmportal.ui.manageyards.view.Newsap.m.Button{\"propertyName\":\"text\",\"key\":\"save\"}"}]}
RESULT: undefined
COMMAND: POST /session/7590a931e204057e68c97157dfd3b2ed/element - {"using":"xpath","value":"//*[@id=\"__button18\"]"}
RESULT: {"using":"xpath","value":"//*[@id=\"__button18\"]"}
COMMAND: POST /session/7590a931e204057e68c97157dfd3b2ed/element/f.12702CF722B5FE42F3DA0862B080648A.d.E2834A55DB16EC91F21D440DDE7677F3.e.565/click - {}
RESULT: {}
COMMAND: GET /session/7590a931e204057e68c97157dfd3b2ed/screenshot - {}
RESULT: {}
COMMAND: POST /session/7590a931e204057e68c97157dfd3b2ed/element - {"using":"xpath","value":"//header/div/div[2]/div[2]/span"}
RESULT: {"using":"xpath","value":"//header/div/div[2]/div[2]/span"}
COMMAND: GET /session/7590a931e204057e68c97157dfd3b2ed/element/f.12702CF722B5FE42F3DA0862B080648A.d.E2834A55DB16EC91F21D440DDE7677F3.e.828/text - {}
RESULT: {}
COMMAND: POST /session/7590a931e204057e68c97157dfd3b2ed/execute/async - {"script":"<script> [1562 bytes]","args":[{"selector":{"controlType":"sap.m.OverflowToolbarButton","viewName":"etm.portal.ui.manageyards.view.Detail","viewId":"application-manageyards-display-component---detailYard","i18NText":{"propertyName":"tooltip","key":"closeColumn"},"interaction":{"idSuffix":"inner"}},"wdio_ui5_key":"etmportal.ui.manageyards.view.Detailsap.m.OverflowToolbarButton{\"propertyName\":\"tooltip\",\"key\":\"closeColumn\"}"}]}
RESULT: {"script":"<script> [1562 bytes]","args":[{"selector":{"controlType":"sap.m.OverflowToolbarButton","viewName":"etm.portal.ui.manageyards.view.Detail","viewId":"application-manageyards-display-component---detailYard","i18NText":{"propertyName":"tooltip","key":"closeColumn"},"interaction":{"idSuffix":"inner"}},"wdio_ui5_key":"etmportal.ui.manageyards.view.Detailsap.m.OverflowToolbarButton{\"propertyName\":\"tooltip\",\"key\":\"closeColumn\"}"}]}
RESULT: undefined
COMMAND: POST /session/7590a931e204057e68c97157dfd3b2ed/element - {"using":"xpath","value":"//*[@id=\"__button42\"]"}
RESULT: {"using":"xpath","value":"//*[@id=\"__button42\"]"}
COMMAND: POST /session/7590a931e204057e68c97157dfd3b2ed/element/f.12702CF722B5FE42F3DA0862B080648A.d.E2834A55DB16EC91F21D440DDE7677F3.e.830/click - {}
RESULT: {}
COMMAND: GET /session/7590a931e204057e68c97157dfd3b2ed/screenshot - {}
RESULT: {}
COMMAND: POST /session/7590a931e204057e68c97157dfd3b2ed/element - {"using":"css selector","value":"#shell-header-logo"}
RESULT: {"using":"css selector","value":"#shell-header-logo"}
COMMAND: POST /session/7590a931e204057e68c97157dfd3b2ed/element/f.12702CF722B5FE42F3DA0862B080648A.d.E2834A55DB16EC91F21D440DDE7677F3.e.124/click - {}
RESULT: {}
COMMAND: GET /session/7590a931e204057e68c97157dfd3b2ed/screenshot - {}
RESULT: {}
COMMAND: POST /session/7590a931e204057e68c97157dfd3b2ed/refresh - {}
RESULT: {}
COMMAND: GET /session/7590a931e204057e68c97157dfd3b2ed/screenshot - {}
RESULT: {}
COMMAND: POST /session/7590a931e204057e68c97157dfd3b2ed/execute/async - {"script":"<script> [189 bytes]","args":[]}
RESULT: {"script":"<script> [189 bytes]","args":[]}
COMMAND: POST /session/7590a931e204057e68c97157dfd3b2ed/execute/async - {"script":"<script> [123 bytes]","args":[]}
RESULT: {"script":"<script> [123 bytes]","args":[]}
COMMAND: POST /session/7590a931e204057e68c97157dfd3b2ed/timeouts - {"script":"<number>"}
RESULT: {"script":"<number>"}
COMMAND: GET /session/7590a931e204057e68c97157dfd3b2ed/timeouts - {}
RESULT: {}
RESULT: undefined
COMMAND: POST /session/7590a931e204057e68c97157dfd3b2ed/execute/async - {"script":"<script> [2676 bytes]","args":[]}
RESULT: {"script":"<script> [2676 bytes]","args":[]}
COMMAND: POST /session/7590a931e204057e68c97157dfd3b2ed/execute/async - {"script":"<script> [2342 bytes]","args":[{"protocol":"http","hostname":"0.0.0.0","path":"/","capabilities":{"browserName":"chrome","goog:chromeOptions":{"binary":"C:\\Program Files\\Google\\Chrome\\Application\\chrome.exe","args":["--start-maximized"]}},"logLevel":"warn","connectionRetryTimeout":120000,"connectionRetryCount":3,"logLevels":{},"enableDirectConnect":true,"strictSSL":true,"_":"65 more keys: [\"cacheDir\",\"port\",\"requestedCapabilities\",\"automationProtocol\",\"baseUrl\",\"waitforInterval\",\"waitforTimeout\",\"onReload\",\"beforeCommand\",\"afterCommand\",\"rootDir\",\"specs\",\"suites\",\"exclude\",\"groupLogsByTestSpec\",\"excludeDriverLogs\",\"bail\",\"framework\",\"reporters\",\"services\",\"maxInstances\",\"maxInstancesPerCapability\",\"injectGlobals\",\"filesToWatch\",\"execArgv\",\"runnerEnv\",\"runner\",\"shard\",\"specFileRetries\",\"specFileRetriesDelay\",\"specFileRetriesDeferred\",\"reporterSyncInterval\",\"reporterSyncTimeout\",\"cucumberFeaturesWithLineNumbers\",\"autoCompileOpts\",\"mochaOpts\",\"jasmineOpts\",\"cucumberOpts\",\"onPrepare\",\"onWorkerStart\",\"onWorkerEnd\",\"before\",\"beforeSession\",\"beforeSuite\",\"beforeHook\",\"beforeTest\",\"afterTest\",\"afterHook\",\"afterSuite\",\"afterSession\",\"after\",\"onComplete\",\"beforeAssertion\",\"afterAssertion\",\"beforeFeature\",\"beforeScenario\",\"beforeStep\",\"afterStep\",\"afterScenario\",\"afterFeature\",\"_\",\"suite\",\"$0\",\"ignoredWorkerServices\",\"wdi5\"]"}]}
RESULT: {"script":"<script> [2342 bytes]","args":[{"protocol":"http","hostname":"0.0.0.0","path":"/","capabilities":{"browserName":"chrome","goog:chromeOptions":{"binary":"C:\\Program Files\\Google\\Chrome\\Application\\chrome.exe","args":["--start-maximized"]}},"logLevel":"warn","connectionRetryTimeout":120000,"connectionRetryCount":3,"logLevels":{},"enableDirectConnect":true,"strictSSL":true,"_":"65 more keys: [\"cacheDir\",\"port\",\"requestedCapabilities\",\"automationProtocol\",\"baseUrl\",\"waitforInterval\",\"waitforTimeout\",\"onReload\",\"beforeCommand\",\"afterCommand\",\"rootDir\",\"specs\",\"suites\",\"exclude\",\"groupLogsByTestSpec\",\"excludeDriverLogs\",\"bail\",\"framework\",\"reporters\",\"services\",\"maxInstances\",\"maxInstancesPerCapability\",\"injectGlobals\",\"filesToWatch\",\"execArgv\",\"runnerEnv\",\"runner\",\"shard\",\"specFileRetries\",\"specFileRetriesDelay\",\"specFileRetriesDeferred\",\"reporterSyncInterval\",\"reporterSyncTimeout\",\"cucumberFeaturesWithLineNumbers\",\"autoCompileOpts\",\"mochaOpts\",\"jasmineOpts\",\"cucumberOpts\",\"onPrepare\",\"onWorkerStart\",\"onWorkerEnd\",\"before\",\"beforeSession\",\"beforeSuite\",\"beforeHook\",\"beforeTest\",\"afterTest\",\"afterHook\",\"afterSuite\",\"afterSession\",\"after\",\"onComplete\",\"beforeAssertion\",\"afterAssertion\",\"beforeFeature\",\"beforeScenario\",\"beforeStep\",\"afterStep\",\"afterScenario\",\"afterFeature\",\"_\",\"suite\",\"$0\",\"ignoredWorkerServices\",\"wdi5\"]"}]}
COMMAND: POST /session/7590a931e204057e68c97157dfd3b2ed/execute/async - {"script":"<script> [21126 bytes]","args":[35000]}
RESULT: {"script":"<script> [21126 bytes]","args":[35000]}
COMMAND: POST /session/7590a931e204057e68c97157dfd3b2ed/execute/async - {"script":"<script> [1562 bytes]","args":[{"selector":{"controlType":"sap.m.GenericTile","properties":{"header":"Manage Sites"}},"wdio_ui5_key":"sapm.GenericTile{\"header\":\"Manage Sites\"}"}]}
RESULT: {"script":"<script> [1562 bytes]","args":[{"selector":{"controlType":"sap.m.GenericTile","properties":{"header":"Manage Sites"}},"wdio_ui5_key":"sapm.GenericTile{\"header\":\"Manage Sites\"}"}]}
RESULT: undefined
COMMAND: POST /session/7590a931e204057e68c97157dfd3b2ed/element - {"using":"xpath","value":"//*[@id=\"__tile40\"]"}
RESULT: {"using":"xpath","value":"//*[@id=\"__tile40\"]"}
COMMAND: POST /session/7590a931e204057e68c97157dfd3b2ed/element/f.12702CF722B5FE42F3DA0862B080648A.d.DBF096EB6AC8380FAFBA260B2B4A90E0.e.1179/click - {}
RESULT: {}
COMMAND: GET /session/7590a931e204057e68c97157dfd3b2ed/screenshot - {}
RESULT: {}
COMMAND: POST /session/7590a931e204057e68c97157dfd3b2ed/execute/async - {"script":"<script> [1562 bytes]","args":[{"selector":{"controlType":"sap.ui.core.Icon","viewName":"etm.portal.ui.managesites.view.Master","viewId":"application-managesites-display-component---masterSite","properties":{"src":{"regex":{"source":"add"}}}},"wdio_ui5_key":"etmportal.ui.managesites.view.Mastersap.ui.core.Icon{\"src\":{\"regex\":{\"source\":\"add\"}}}"}]}
RESULT: {"script":"<script> [1562 bytes]","args":[{"selector":{"controlType":"sap.ui.core.Icon","viewName":"etm.portal.ui.managesites.view.Master","viewId":"application-managesites-display-component---masterSite","properties":{"src":{"regex":{"source":"add"}}}},"wdio_ui5_key":"etmportal.ui.managesites.view.Mastersap.ui.core.Icon{\"src\":{\"regex\":{\"source\":\"add\"}}}"}]}
RESULT: undefined
COMMAND: POST /session/7590a931e204057e68c97157dfd3b2ed/element - {"using":"xpath","value":"//*[@id=\"__button4-img\"]"}
RESULT: {"using":"xpath","value":"//*[@id=\"__button4-img\"]"}
COMMAND: POST /session/7590a931e204057e68c97157dfd3b2ed/element/f.12702CF722B5FE42F3DA0862B080648A.d.DBF096EB6AC8380FAFBA260B2B4A90E0.e.1229/click - {}
RESULT: {}
COMMAND: POST /session/7590a931e204057e68c97157dfd3b2ed/execute/async - {"script":"<script> [1562 bytes]","args":[{"selector":{"id":"application-managesites-display-component---NewSite--siteId","interaction":{"idSuffix":"inner"}},"wdio_ui5_key":"applicationmanagesites-display-component---NewSite--siteId"}]}
COMMAND: GET /session/7590a931e204057e68c97157dfd3b2ed/screenshot - {}
RESULT: {"script":"<script> [1562 bytes]","args":[{"selector":{"id":"application-managesites-display-component---NewSite--siteId","interaction":{"idSuffix":"inner"}},"wdio_ui5_key":"applicationmanagesites-display-component---NewSite--siteId"}]}
RESULT: undefined
COMMAND: POST /session/7590a931e204057e68c97157dfd3b2ed/execute/async - {"script":"<script> [1562 bytes]","args":[{"selector":{"id":"application-managesites-display-component---NewSite--addressDetailDetailsName1","interaction":{"idSuffix":"inner"}},"wdio_ui5_key":"applicationmanagesites-display-component---NewSite--addressDetailDetailsName1"}]}
RESULT: {}
RESULT: {"script":"<script> [1562 bytes]","args":[{"selector":{"id":"application-managesites-display-component---NewSite--addressDetailDetailsName1","interaction":{"idSuffix":"inner"}},"wdio_ui5_key":"applicationmanagesites-display-component---NewSite--addressDetailDetailsName1"}]}
RESULT: undefined
COMMAND: POST /session/7590a931e204057e68c97157dfd3b2ed/execute/async - {"script":"<script> [776 bytes]","args":[{"enterText":"WebdriverSite50s22","selector":{"id":"application-managesites-display-component---NewSite--addressDetailDetailsName1","interaction":{"idSuffix":"inner"}},"clearTextFirst":true,"interactionType":"ENTER_TEXT"}]}
RESULT: {"script":"<script> [776 bytes]","args":[{"enterText":"WebdriverSite50s22","selector":{"id":"application-managesites-display-component---NewSite--addressDetailDetailsName1","interaction":{"idSuffix":"inner"}},"clearTextFirst":true,"interactionType":"ENTER_TEXT"}]}
COMMAND: POST /session/7590a931e204057e68c97157dfd3b2ed/execute/async - {"script":"<script> [1562 bytes]","args":[{"selector":{"id":"application-managesites-display-component---NewSite--addressDetailDetailsLanguage","interaction":{"idSuffix":"inner"}},"wdio_ui5_key":"applicationmanagesites-display-component---NewSite--addressDetailDetailsLanguage"}]}
RESULT: {"script":"<script> [1562 bytes]","args":[{"selector":{"id":"application-managesites-display-component---NewSite--addressDetailDetailsLanguage","interaction":{"idSuffix":"inner"}},"wdio_ui5_key":"applicationmanagesites-display-component---NewSite--addressDetailDetailsLanguage"}]}
RESULT: undefined
COMMAND: POST /session/7590a931e204057e68c97157dfd3b2ed/execute/async - {"script":"<script> [776 bytes]","args":[{"enterText":"Romanian","selector":{"id":"application-managesites-display-component---NewSite--addressDetailDetailsLanguage","interaction":{"idSuffix":"inner"}},"clearTextFirst":true,"interactionType":"ENTER_TEXT"}]}
RESULT: {"script":"<script> [776 bytes]","args":[{"enterText":"Romanian","selector":{"id":"application-managesites-display-component---NewSite--addressDetailDetailsLanguage","interaction":{"idSuffix":"inner"}},"clearTextFirst":true,"interactionType":"ENTER_TEXT"}]}
COMMAND: POST /session/7590a931e204057e68c97157dfd3b2ed/execute/async - {"script":"<script> [1562 bytes]","args":[{"selector":{"id":"application-managesites-display-component---NewSite--addressDetailDetailsCity1","interaction":{"idSuffix":"inner"}},"wdio_ui5_key":"applicationmanagesites-display-component---NewSite--addressDetailDetailsCity1"}]}
RESULT: {"script":"<script> [1562 bytes]","args":[{"selector":{"id":"application-managesites-display-component---NewSite--addressDetailDetailsCity1","interaction":{"idSuffix":"inner"}},"wdio_ui5_key":"applicationmanagesites-display-component---NewSite--addressDetailDetailsCity1"}]}
RESULT: undefined
COMMAND: POST /session/7590a931e204057e68c97157dfd3b2ed/execute/async - {"script":"<script> [776 bytes]","args":[{"enterText":"Bucharest","selector":{"id":"application-managesites-display-component---NewSite--addressDetailDetailsCity1","interaction":{"idSuffix":"inner"}},"clearTextFirst":true,"interactionType":"ENTER_TEXT"}]}
RESULT: {"script":"<script> [776 bytes]","args":[{"enterText":"Bucharest","selector":{"id":"application-managesites-display-component---NewSite--addressDetailDetailsCity1","interaction":{"idSuffix":"inner"}},"clearTextFirst":true,"interactionType":"ENTER_TEXT"}]}
COMMAND: POST /session/7590a931e204057e68c97157dfd3b2ed/execute/async - {"script":"<script> [1562 bytes]","args":[{"selector":{"id":"application-managesites-display-component---NewSite--addressDetailDetailsCountry","interaction":{"idSuffix":"inner"}},"wdio_ui5_key":"applicationmanagesites-display-component---NewSite--addressDetailDetailsCountry"}]}
RESULT: {"script":"<script> [1562 bytes]","args":[{"selector":{"id":"application-managesites-display-component---NewSite--addressDetailDetailsCountry","interaction":{"idSuffix":"inner"}},"wdio_ui5_key":"applicationmanagesites-display-component---NewSite--addressDetailDetailsCountry"}]}
RESULT: undefined
COMMAND: POST /session/7590a931e204057e68c97157dfd3b2ed/execute/async - {"script":"<script> [776 bytes]","args":[{"enterText":"Romania","selector":{"id":"application-managesites-display-component---NewSite--addressDetailDetailsCountry","interaction":{"idSuffix":"inner"}},"clearTextFirst":true,"interactionType":"ENTER_TEXT"}]}
RESULT: {"script":"<script> [776 bytes]","args":[{"enterText":"Romania","selector":{"id":"application-managesites-display-component---NewSite--addressDetailDetailsCountry","interaction":{"idSuffix":"inner"}},"clearTextFirst":true,"interactionType":"ENTER_TEXT"}]}
COMMAND: POST /session/7590a931e204057e68c97157dfd3b2ed/element - {"using":"css selector","value":"#application-managesites-display-component---NewSite--addressDetailDetailsCalendar-inner"}
RESULT: {"using":"css selector","value":"#application-managesites-display-component---NewSite--addressDetailDetailsCalendar-inner"}
COMMAND: POST /session/7590a931e204057e68c97157dfd3b2ed/element/f.12702CF722B5FE42F3DA0862B080648A.d.DBF096EB6AC8380FAFBA260B2B4A90E0.e.1411/clear - {}
RESULT: {}
COMMAND: POST /session/7590a931e204057e68c97157dfd3b2ed/element/f.12702CF722B5FE42F3DA0862B080648A.d.DBF096EB6AC8380FAFBA260B2B4A90E0.e.1411/value - {"text":"Germany"}
COMMAND: GET /session/7590a931e204057e68c97157dfd3b2ed/screenshot - {}
RESULT: {"text":"Germany"}
COMMAND: POST /session/7590a931e204057e68c97157dfd3b2ed/execute/async - {"script":"<script> [1562 bytes]","args":[{"selector":{"id":"application-managesites-display-component---NewSite--addressEditDetailsCostObjectCstType-arrow"},"wdio_ui5_key":"applicationmanagesites-display-component---NewSite--addressEditDetailsCostObjectCstType-arrow"}]}
COMMAND: GET /session/7590a931e204057e68c97157dfd3b2ed/screenshot - {}
RESULT: {}
RESULT: {"script":"<script> [1562 bytes]","args":[{"selector":{"id":"application-managesites-display-component---NewSite--addressEditDetailsCostObjectCstType-arrow"},"wdio_ui5_key":"applicationmanagesites-display-component---NewSite--addressEditDetailsCostObjectCstType-arrow"}]}
RESULT: undefined
COMMAND: POST /session/7590a931e204057e68c97157dfd3b2ed/element - {"using":"xpath","value":"//*[@id=\"application-managesites-display-component---NewSite--addressEditDetailsCostObjectCstType-arrow\"]"}
RESULT: {}
RESULT: {"using":"xpath","value":"//*[@id=\"application-managesites-display-component---NewSite--addressEditDetailsCostObjectCstType-arrow\"]"}
COMMAND: POST /session/7590a931e204057e68c97157dfd3b2ed/element/f.12702CF722B5FE42F3DA0862B080648A.d.DBF096EB6AC8380FAFBA260B2B4A90E0.e.1607/click - {}
RESULT: {}
COMMAND: POST /session/7590a931e204057e68c97157dfd3b2ed/element - {"using":"xpath","value":"//span[contains(text(), \"Work Breakdown Structure\")]"}
COMMAND: GET /session/7590a931e204057e68c97157dfd3b2ed/screenshot - {}
RESULT: {"using":"xpath","value":"//span[contains(text(), \"Work Breakdown Structure\")]"}
COMMAND: POST /session/7590a931e204057e68c97157dfd3b2ed/element/f.12702CF722B5FE42F3DA0862B080648A.d.DBF096EB6AC8380FAFBA260B2B4A90E0.e.1608/click - {}
RESULT: {}
RESULT: {}
COMMAND: GET /session/7590a931e204057e68c97157dfd3b2ed/screenshot - {}
RESULT: {}
COMMAND: POST /session/7590a931e204057e68c97157dfd3b2ed/execute/async - {"script":"<script> [1562 bytes]","args":[{"selector":{"id":"application-managesites-display-component---NewSite--addressNewCostObjectCstID-vhi"},"wdio_ui5_key":"applicationmanagesites-display-component---NewSite--addressNewCostObjectCstID-vhi"}]}
RESULT: {"script":"<script> [1562 bytes]","args":[{"selector":{"id":"application-managesites-display-component---NewSite--addressNewCostObjectCstID-vhi"},"wdio_ui5_key":"applicationmanagesites-display-component---NewSite--addressNewCostObjectCstID-vhi"}]}
RESULT: undefined
COMMAND: POST /session/7590a931e204057e68c97157dfd3b2ed/element - {"using":"xpath","value":"//*[@id=\"application-managesites-display-component---NewSite--addressNewCostObjectCstID-vhi\"]"}
RESULT: {"using":"xpath","value":"//*[@id=\"application-managesites-display-component---NewSite--addressNewCostObjectCstID-vhi\"]"}
COMMAND: POST /session/7590a931e204057e68c97157dfd3b2ed/element/f.12702CF722B5FE42F3DA0862B080648A.d.DBF096EB6AC8380FAFBA260B2B4A90E0.e.1613/click - {}
RESULT: {}
COMMAND: GET /session/7590a931e204057e68c97157dfd3b2ed/screenshot - {}
RESULT: {}
COMMAND: POST /session/7590a931e204057e68c97157dfd3b2ed/execute/async - {"script":"<script> [1562 bytes]","args":[{"selector":{"controlType":"sap.m.SearchField","properties":{"placeholder":"Search"},"searchOpenDialogs":true,"interaction":{"idSuffix":"I"}},"wdio_ui5_key":"sapm.SearchField{\"placeholder\":\"Search\"}"}]}
RESULT: {"script":"<script> [1562 bytes]","args":[{"selector":{"controlType":"sap.m.SearchField","properties":{"placeholder":"Search"},"searchOpenDialogs":true,"interaction":{"idSuffix":"I"}},"wdio_ui5_key":"sapm.SearchField{\"placeholder\":\"Search\"}"}]}
RESULT: undefined
COMMAND: POST /session/7590a931e204057e68c97157dfd3b2ed/execute/async - {"script":"<script> [776 bytes]","args":[{"enterText":"A1-000100-01","selector":{"controlType":"sap.m.SearchField","properties":{"placeholder":"Search"},"searchOpenDialogs":true,"interaction":{"idSuffix":"I"}},"clearTextFirst":true,"interactionType":"ENTER_TEXT"}]}
RESULT: {"script":"<script> [776 bytes]","args":[{"enterText":"A1-000100-01","selector":{"controlType":"sap.m.SearchField","properties":{"placeholder":"Search"},"searchOpenDialogs":true,"interaction":{"idSuffix":"I"}},"clearTextFirst":true,"interactionType":"ENTER_TEXT"}]}
COMMAND: POST /session/7590a931e204057e68c97157dfd3b2ed/actions - {"actions":[{"id":"action3","type":"key","parameters":{},"actions":[{"type":"keyDown","value":"î€‡"},{"type":"pause","duration":10},{"type":"keyUp","value":"î€‡"}]}]}
RESULT: {"actions":[{"id":"action3","type":"key","parameters":{},"actions":[{"type":"keyDown","value":"î€‡"},{"type":"pause","duration":10},{"type":"keyUp","value":"î€‡"}]}]}
COMMAND: GET /session/7590a931e204057e68c97157dfd3b2ed/screenshot - {}
RESULT: {}
COMMAND: POST /session/7590a931e204057e68c97157dfd3b2ed/element - {"using":"xpath","value":"//span[contains(text(), \"Template for ETO-Process\")]"}
RESULT: {"using":"xpath","value":"//span[contains(text(), \"Template for ETO-Process\")]"}
COMMAND: POST /session/7590a931e204057e68c97157dfd3b2ed/element/f.12702CF722B5FE42F3DA0862B080648A.d.DBF096EB6AC8380FAFBA260B2B4A90E0.e.1632/click - {}
RESULT: {}
COMMAND: GET /session/7590a931e204057e68c97157dfd3b2ed/screenshot - {}
RESULT: {}
COMMAND: POST /session/7590a931e204057e68c97157dfd3b2ed/element - {"using":"xpath","value":"//bdi[contains(text(), \"OK\")]"}
RESULT: {"using":"xpath","value":"//bdi[contains(text(), \"OK\")]"}
COMMAND: POST /session/7590a931e204057e68c97157dfd3b2ed/element/f.12702CF722B5FE42F3DA0862B080648A.d.DBF096EB6AC8380FAFBA260B2B4A90E0.e.1633/click - {}
RESULT: {}
COMMAND: GET /session/7590a931e204057e68c97157dfd3b2ed/screenshot - {}
RESULT: {}
COMMAND: POST /session/7590a931e204057e68c97157dfd3b2ed/element - {"using":"xpath","value":"//input[@id=\"application-managesites-display-component---NewSite--addressDetailDetailsYard-inner\"]"}
RESULT: {"using":"xpath","value":"//input[@id=\"application-managesites-display-component---NewSite--addressDetailDetailsYard-inner\"]"}
COMMAND: POST /session/7590a931e204057e68c97157dfd3b2ed/element/f.12702CF722B5FE42F3DA0862B080648A.d.DBF096EB6AC8380FAFBA260B2B4A90E0.e.1412/value - {"text":"661"}
RESULT: {"text":"661"}
COMMAND: GET /session/7590a931e204057e68c97157dfd3b2ed/screenshot - {}
RESULT: {}
COMMAND: POST /session/7590a931e204057e68c97157dfd3b2ed/actions - {"actions":[{"id":"action4","type":"key","parameters":{},"actions":[{"type":"keyDown","value":"î€‡"},{"type":"pause","duration":10},{"type":"keyUp","value":"î€‡"}]}]}
RESULT: {"actions":[{"id":"action4","type":"key","parameters":{},"actions":[{"type":"keyDown","value":"î€‡"},{"type":"pause","duration":10},{"type":"keyUp","value":"î€‡"}]}]}
COMMAND: GET /session/7590a931e204057e68c97157dfd3b2ed/screenshot - {}
RESULT: {}
COMMAND: POST /session/7590a931e204057e68c97157dfd3b2ed/element - {"using":"xpath","value":"//input[@id=\"application-managesites-display-component---NewSite--addressDetailDetailsPartner-inner\"]"}
RESULT: {"using":"xpath","value":"//input[@id=\"application-managesites-display-component---NewSite--addressDetailDetailsPartner-inner\"]"}
COMMAND: POST /session/7590a931e204057e68c97157dfd3b2ed/elements - {"using":"xpath","value":"//input[@id=\"application-managesites-display-component---NewSite--addressDetailDetailsPartner-inner\"]"}
RESULT: {"using":"xpath","value":"//input[@id=\"application-managesites-display-component---NewSite--addressDetailDetailsPartner-inner\"]"}
COMMAND: POST /session/7590a931e204057e68c97157dfd3b2ed/execute/async - {"script":"<script> [1562 bytes]","args":[{"selector":{"controlType":"sap.m.Button","viewName":"etm.portal.ui.managesites.view.NewSmartSite","viewId":"application-managesites-display-component---NewSite","properties":{"text":"Commercial"},"interaction":{"idSuffix":"BDI-content"}},"wdio_ui5_key":"etmportal.ui.managesites.view.NewSmartSitesap.m.Button{\"text\":\"Commercial\"}"}]}
RESULT: {"script":"<script> [1562 bytes]","args":[{"selector":{"controlType":"sap.m.Button","viewName":"etm.portal.ui.managesites.view.NewSmartSite","viewId":"application-managesites-display-component---NewSite","properties":{"text":"Commercial"},"interaction":{"idSuffix":"BDI-content"}},"wdio_ui5_key":"etmportal.ui.managesites.view.NewSmartSitesap.m.Button{\"text\":\"Commercial\"}"}]}
RESULT: undefined
COMMAND: POST /session/7590a931e204057e68c97157dfd3b2ed/element - {"using":"xpath","value":"//*[@id=\"application-managesites-display-component---NewSite--ObjectPageLayout-anchBar-__section5-anchor\"]"}
RESULT: {"using":"xpath","value":"//*[@id=\"application-managesites-display-component---NewSite--ObjectPageLayout-anchBar-__section5-anchor\"]"}
COMMAND: POST /session/7590a931e204057e68c97157dfd3b2ed/element/f.12702CF722B5FE42F3DA0862B080648A.d.DBF096EB6AC8380FAFBA260B2B4A90E0.e.1640/click - {}
RESULT: {}
COMMAND: POST /session/7590a931e204057e68c97157dfd3b2ed/execute/async - {"script":"<script> [1562 bytes]","args":[{"selector":{"controlType":"sap.m.Button","viewName":"etm.portal.ui.managesites.view.NewSmartSite","viewId":"application-managesites-display-component---NewSite","i18NText":{"propertyName":"text","key":"save"},"interaction":{"idSuffix":"BDI-content"}},"wdio_ui5_key":"etmportal.ui.managesites.view.NewSmartSitesap.m.Button{\"propertyName\":\"text\",\"key\":\"save\"}"}]}
COMMAND: GET /session/7590a931e204057e68c97157dfd3b2ed/screenshot - {}
RESULT: {"script":"<script> [1562 bytes]","args":[{"selector":{"controlType":"sap.m.Button","viewName":"etm.portal.ui.managesites.view.NewSmartSite","viewId":"application-managesites-display-component---NewSite","i18NText":{"propertyName":"text","key":"save"},"interaction":{"idSuffix":"BDI-content"}},"wdio_ui5_key":"etmportal.ui.managesites.view.NewSmartSitesap.m.Button{\"propertyName\":\"text\",\"key\":\"save\"}"}]}
RESULT: undefined
COMMAND: POST /session/7590a931e204057e68c97157dfd3b2ed/element - {"using":"xpath","value":"//*[@id=\"__button16\"]"}
RESULT: {}
RESULT: {"using":"xpath","value":"//*[@id=\"__button16\"]"}
COMMAND: POST /session/7590a931e204057e68c97157dfd3b2ed/element/f.12702CF722B5FE42F3DA0862B080648A.d.DBF096EB6AC8380FAFBA260B2B4A90E0.e.1586/click - {}
RESULT: {}
COMMAND: GET /session/7590a931e204057e68c97157dfd3b2ed/screenshot - {}
RESULT: {}
COMMAND: POST /session/7590a931e204057e68c97157dfd3b2ed/execute/async - {"script":"<script> [1562 bytes]","args":[{"selector":{"id":"application-managesites-display-component---detailSite--addressDetailDetailsYardText"},"wdio_ui5_key":"applicationmanagesites-display-component---detailSite--addressDetailDetailsYardText"}]}
RESULT: {"script":"<script> [1562 bytes]","args":[{"selector":{"id":"application-managesites-display-component---detailSite--addressDetailDetailsYardText"},"wdio_ui5_key":"applicationmanagesites-display-component---detailSite--addressDetailDetailsYardText"}]}
RESULT: undefined
COMMAND: POST /session/7590a931e204057e68c97157dfd3b2ed/element - {"using":"xpath","value":"//header/div/div[2]/div[2]/span"}
RESULT: {"using":"xpath","value":"//header/div/div[2]/div[2]/span"}
COMMAND: GET /session/7590a931e204057e68c97157dfd3b2ed/element/f.12702CF722B5FE42F3DA0862B080648A.d.DBF096EB6AC8380FAFBA260B2B4A90E0.e.1842/text - {}
RESULT: {}
COMMAND: POST /session/7590a931e204057e68c97157dfd3b2ed/element - {"using":"xpath","value":"//header/div/div/div/div/div/div[2]/div/span"}
RESULT: {"using":"xpath","value":"//header/div/div/div/div/div/div[2]/div/span"}
COMMAND: GET /session/7590a931e204057e68c97157dfd3b2ed/element/f.12702CF722B5FE42F3DA0862B080648A.d.DBF096EB6AC8380FAFBA260B2B4A90E0.e.1843/text - {}
RESULT: {}
COMMAND: POST /session/7590a931e204057e68c97157dfd3b2ed/element - {"using":"css selector","value":"#shell-header-logo"}
RESULT: {"using":"css selector","value":"#shell-header-logo"}
COMMAND: POST /session/7590a931e204057e68c97157dfd3b2ed/element/f.12702CF722B5FE42F3DA0862B080648A.d.DBF096EB6AC8380FAFBA260B2B4A90E0.e.1182/click - {}
RESULT: {}
COMMAND: GET /session/7590a931e204057e68c97157dfd3b2ed/screenshot - {}
RESULT: {}
COMMAND: POST /session/7590a931e204057e68c97157dfd3b2ed/execute/async - {"script":"<script> [1562 bytes]","args":[{"selector":{"controlType":"sap.m.GenericTile","properties":{"header":"Manage Partners"}},"wdio_ui5_key":"sapm.GenericTile{\"header\":\"Manage Partners\"}"}]}
RESULT: {"script":"<script> [1562 bytes]","args":[{"selector":{"controlType":"sap.m.GenericTile","properties":{"header":"Manage Partners"}},"wdio_ui5_key":"sapm.GenericTile{\"header\":\"Manage Partners\"}"}]}
RESULT: undefined
COMMAND: POST /session/7590a931e204057e68c97157dfd3b2ed/element - {"using":"xpath","value":"//*[@id=\"__tile38\"]"}
RESULT: {"using":"xpath","value":"//*[@id=\"__tile38\"]"}
COMMAND: POST /session/7590a931e204057e68c97157dfd3b2ed/element/f.12702CF722B5FE42F3DA0862B080648A.d.DBF096EB6AC8380FAFBA260B2B4A90E0.e.1845/click - {}
RESULT: {}
COMMAND: GET /session/7590a931e204057e68c97157dfd3b2ed/screenshot - {}
RESULT: {}
COMMAND: POST /session/7590a931e204057e68c97157dfd3b2ed/execute/async - {"script":"<script> [1562 bytes]","args":[{"selector":{"controlType":"sap.ui.core.Icon","viewName":"etm.portal.ui.managepartners.view.Master","viewId":"application-managepartners-display-component---masterPtm","properties":{"src":{"regex":{"source":"add"}}}},"wdio_ui5_key":"etmportal.ui.managepartners.view.Mastersap.ui.core.Icon{\"src\":{\"regex\":{\"source\":\"add\"}}}"}]}
RESULT: {"script":"<script> [1562 bytes]","args":[{"selector":{"controlType":"sap.ui.core.Icon","viewName":"etm.portal.ui.managepartners.view.Master","viewId":"application-managepartners-display-component---masterPtm","properties":{"src":{"regex":{"source":"add"}}}},"wdio_ui5_key":"etmportal.ui.managepartners.view.Mastersap.ui.core.Icon{\"src\":{\"regex\":{\"source\":\"add\"}}}"}]}
RESULT: undefined
COMMAND: POST /session/7590a931e204057e68c97157dfd3b2ed/element - {"using":"xpath","value":"//*[@id=\"__button60-img\"]"}
RESULT: {"using":"xpath","value":"//*[@id=\"__button60-img\"]"}
COMMAND: POST /session/7590a931e204057e68c97157dfd3b2ed/element/f.12702CF722B5FE42F3DA0862B080648A.d.DBF096EB6AC8380FAFBA260B2B4A90E0.e.1896/click - {}
RESULT: {}
COMMAND: GET /session/7590a931e204057e68c97157dfd3b2ed/screenshot - {}
RESULT: {}
COMMAND: POST /session/7590a931e204057e68c97157dfd3b2ed/execute/async - {"script":"<script> [1562 bytes]","args":[{"selector":{"id":"application-managepartners-display-component---NewPartner--partnerId","interaction":{"idSuffix":"inner"}},"wdio_ui5_key":"applicationmanagepartners-display-component---NewPartner--partnerId"}]}
RESULT: {"script":"<script> [1562 bytes]","args":[{"selector":{"id":"application-managepartners-display-component---NewPartner--partnerId","interaction":{"idSuffix":"inner"}},"wdio_ui5_key":"applicationmanagepartners-display-component---NewPartner--partnerId"}]}
RESULT: undefined
COMMAND: POST /session/7590a931e204057e68c97157dfd3b2ed/execute/async - {"script":"<script> [1562 bytes]","args":[{"selector":{"id":"application-managepartners-display-component---NewPartner--addressDetailDetailsName1","interaction":{"idSuffix":"inner"}},"wdio_ui5_key":"applicationmanagepartners-display-component---NewPartner--addressDetailDetailsName1"}]}
RESULT: {"script":"<script> [1562 bytes]","args":[{"selector":{"id":"application-managepartners-display-component---NewPartner--addressDetailDetailsName1","interaction":{"idSuffix":"inner"}},"wdio_ui5_key":"applicationmanagepartners-display-component---NewPartner--addressDetailDetailsName1"}]}
RESULT: undefined
COMMAND: POST /session/7590a931e204057e68c97157dfd3b2ed/execute/async - {"script":"<script> [776 bytes]","args":[{"enterText":"WebdriverPartnern84s8","selector":{"id":"application-managepartners-display-component---NewPartner--addressDetailDetailsName1","interaction":{"idSuffix":"inner"}},"clearTextFirst":true,"interactionType":"ENTER_TEXT"}]}
RESULT: {"script":"<script> [776 bytes]","args":[{"enterText":"WebdriverPartnern84s8","selector":{"id":"application-managepartners-display-component---NewPartner--addressDetailDetailsName1","interaction":{"idSuffix":"inner"}},"clearTextFirst":true,"interactionType":"ENTER_TEXT"}]}
COMMAND: POST /session/7590a931e204057e68c97157dfd3b2ed/execute/async - {"script":"<script> [1562 bytes]","args":[{"selector":{"id":"application-managepartners-display-component---NewPartner--addressDetailDetailsLanguage","interaction":{"idSuffix":"inner"}},"wdio_ui5_key":"applicationmanagepartners-display-component---NewPartner--addressDetailDetailsLanguage"}]}
RESULT: {"script":"<script> [1562 bytes]","args":[{"selector":{"id":"application-managepartners-display-component---NewPartner--addressDetailDetailsLanguage","interaction":{"idSuffix":"inner"}},"wdio_ui5_key":"applicationmanagepartners-display-component---NewPartner--addressDetailDetailsLanguage"}]}
RESULT: undefined
COMMAND: POST /session/7590a931e204057e68c97157dfd3b2ed/execute/async - {"script":"<script> [776 bytes]","args":[{"enterText":"Romanian","selector":{"id":"application-managepartners-display-component---NewPartner--addressDetailDetailsLanguage","interaction":{"idSuffix":"inner"}},"clearTextFirst":true,"interactionType":"ENTER_TEXT"}]}
RESULT: {"script":"<script> [776 bytes]","args":[{"enterText":"Romanian","selector":{"id":"application-managepartners-display-component---NewPartner--addressDetailDetailsLanguage","interaction":{"idSuffix":"inner"}},"clearTextFirst":true,"interactionType":"ENTER_TEXT"}]}
COMMAND: POST /session/7590a931e204057e68c97157dfd3b2ed/element - {"using":"xpath","value":"//input[contains(@id ,\"application-managepartners-display-component---NewPartner--addressDetailDetailsName1-inner\")]"}
RESULT: {"using":"xpath","value":"//input[contains(@id ,\"application-managepartners-display-component---NewPartner--addressDetailDetailsName1-inner\")]"}
COMMAND: GET /session/7590a931e204057e68c97157dfd3b2ed/element/f.12702CF722B5FE42F3DA0862B080648A.d.DBF096EB6AC8380FAFBA260B2B4A90E0.e.2112/property/value - {}
RESULT: {}
COMMAND: POST /session/7590a931e204057e68c97157dfd3b2ed/execute/async - {"script":"<script> [1562 bytes]","args":[{"selector":{"id":"application-managepartners-display-component---NewPartner--addressDetailDetailsCity1","interaction":{"idSuffix":"inner"}},"wdio_ui5_key":"applicationmanagepartners-display-component---NewPartner--addressDetailDetailsCity1"}]}
COMMAND: GET /session/7590a931e204057e68c97157dfd3b2ed/screenshot - {}
RESULT: {"script":"<script> [1562 bytes]","args":[{"selector":{"id":"application-managepartners-display-component---NewPartner--addressDetailDetailsCity1","interaction":{"idSuffix":"inner"}},"wdio_ui5_key":"applicationmanagepartners-display-component---NewPartner--addressDetailDetailsCity1"}]}
RESULT: undefined
COMMAND: POST /session/7590a931e204057e68c97157dfd3b2ed/execute/async - {"script":"<script> [776 bytes]","args":[{"enterText":"Bucharest","selector":{"id":"application-managepartners-display-component---NewPartner--addressDetailDetailsCity1","interaction":{"idSuffix":"inner"}},"clearTextFirst":true,"interactionType":"ENTER_TEXT"}]}
RESULT: {}
RESULT: {"script":"<script> [776 bytes]","args":[{"enterText":"Bucharest","selector":{"id":"application-managepartners-display-component---NewPartner--addressDetailDetailsCity1","interaction":{"idSuffix":"inner"}},"clearTextFirst":true,"interactionType":"ENTER_TEXT"}]}
COMMAND: POST /session/7590a931e204057e68c97157dfd3b2ed/execute/async - {"script":"<script> [1562 bytes]","args":[{"selector":{"id":"application-managepartners-display-component---NewPartner--addressDetailDetailsCountry","interaction":{"idSuffix":"inner"}},"wdio_ui5_key":"applicationmanagepartners-display-component---NewPartner--addressDetailDetailsCountry"}]}
RESULT: {"script":"<script> [1562 bytes]","args":[{"selector":{"id":"application-managepartners-display-component---NewPartner--addressDetailDetailsCountry","interaction":{"idSuffix":"inner"}},"wdio_ui5_key":"applicationmanagepartners-display-component---NewPartner--addressDetailDetailsCountry"}]}
RESULT: undefined
COMMAND: POST /session/7590a931e204057e68c97157dfd3b2ed/execute/async - {"script":"<script> [6424 bytes]","args":[{"element-6066-11e4-a52e-4f735466cecf":"f.12702CF722B5FE42F3DA0862B080648A.d.DBF096EB6AC8380FAFBA260B2B4A90E0.e.2119"},"setValue",["Romania"]]}
RESULT: {"script":"<script> [6424 bytes]","args":[{"element-6066-11e4-a52e-4f735466cecf":"f.12702CF722B5FE42F3DA0862B080648A.d.DBF096EB6AC8380FAFBA260B2B4A90E0.e.2119"},"setValue",["Romania"]]}
COMMAND: POST /session/7590a931e204057e68c97157dfd3b2ed/execute/async - {"script":"<script> [1562 bytes]","args":[{"selector":{"id":"application-managepartners-display-component---NewPartner--partnerDetailInternal","interaction":{"idSuffix":"inner"}},"wdio_ui5_key":"applicationmanagepartners-display-component---NewPartner--partnerDetailInternal"}]}
RESULT: {"script":"<script> [1562 bytes]","args":[{"selector":{"id":"application-managepartners-display-component---NewPartner--partnerDetailInternal","interaction":{"idSuffix":"inner"}},"wdio_ui5_key":"applicationmanagepartners-display-component---NewPartner--partnerDetailInternal"}]}
RESULT: undefined
COMMAND: POST /session/7590a931e204057e68c97157dfd3b2ed/execute/async - {"script":"<script> [776 bytes]","args":[{"enterText":"External partner","selector":{"id":"application-managepartners-display-component---NewPartner--partnerDetailInternal","interaction":{"idSuffix":"inner"}},"clearTextFirst":true,"interactionType":"ENTER_TEXT"}]}
RESULT: {"script":"<script> [776 bytes]","args":[{"enterText":"External partner","selector":{"id":"application-managepartners-display-component---NewPartner--partnerDetailInternal","interaction":{"idSuffix":"inner"}},"clearTextFirst":true,"interactionType":"ENTER_TEXT"}]}
COMMAND: POST /session/7590a931e204057e68c97157dfd3b2ed/execute/async - {"script":"<script> [1562 bytes]","args":[{"selector":{"id":"application-managepartners-display-component---NewPartner--partnerDetailsCurrency","interaction":{"idSuffix":"inner"}},"wdio_ui5_key":"applicationmanagepartners-display-component---NewPartner--partnerDetailsCurrency"}]}
RESULT: {"script":"<script> [1562 bytes]","args":[{"selector":{"id":"application-managepartners-display-component---NewPartner--partnerDetailsCurrency","interaction":{"idSuffix":"inner"}},"wdio_ui5_key":"applicationmanagepartners-display-component---NewPartner--partnerDetailsCurrency"}]}
RESULT: undefined
COMMAND: POST /session/7590a931e204057e68c97157dfd3b2ed/execute/async - {"script":"<script> [776 bytes]","args":[{"enterText":"Euro","selector":{"id":"application-managepartners-display-component---NewPartner--partnerDetailsCurrency","interaction":{"idSuffix":"inner"}},"clearTextFirst":true,"interactionType":"ENTER_TEXT"}]}
RESULT: {"script":"<script> [776 bytes]","args":[{"enterText":"Euro","selector":{"id":"application-managepartners-display-component---NewPartner--partnerDetailsCurrency","interaction":{"idSuffix":"inner"}},"clearTextFirst":true,"interactionType":"ENTER_TEXT"}]}
COMMAND: POST /session/7590a931e204057e68c97157dfd3b2ed/execute/async - {"script":"<script> [1562 bytes]","args":[{"selector":{"controlType":"sap.m.Button","viewName":"etm.portal.ui.managepartners.view.NewPartner","viewId":"application-managepartners-display-component---NewPartner","properties":{"text":"Commercial"},"interaction":{"idSuffix":"BDI-content"}},"wdio_ui5_key":"etmportal.ui.managepartners.view.NewPartnersap.m.Button{\"text\":\"Commercial\"}"}]}
RESULT: {"script":"<script> [1562 bytes]","args":[{"selector":{"controlType":"sap.m.Button","viewName":"etm.portal.ui.managepartners.view.NewPartner","viewId":"application-managepartners-display-component---NewPartner","properties":{"text":"Commercial"},"interaction":{"idSuffix":"BDI-content"}},"wdio_ui5_key":"etmportal.ui.managepartners.view.NewPartnersap.m.Button{\"text\":\"Commercial\"}"}]}
RESULT: undefined
COMMAND: POST /session/7590a931e204057e68c97157dfd3b2ed/element - {"using":"xpath","value":"//*[@id=\"application-managepartners-display-component---NewPartner--ObjectPageLayout-anchBar-__section29-anchor\"]"}
RESULT: {"using":"xpath","value":"//*[@id=\"application-managepartners-display-component---NewPartner--ObjectPageLayout-anchBar-__section29-anchor\"]"}
COMMAND: POST /session/7590a931e204057e68c97157dfd3b2ed/element/f.12702CF722B5FE42F3DA0862B080648A.d.DBF096EB6AC8380FAFBA260B2B4A90E0.e.2316/click - {}
RESULT: {}
COMMAND: GET /session/7590a931e204057e68c97157dfd3b2ed/screenshot - {}
RESULT: {}
COMMAND: POST /session/7590a931e204057e68c97157dfd3b2ed/execute/async - {"script":"<script> [1562 bytes]","args":[{"selector":{"id":"application-managepartners-display-component---NewPartner--btnAddTableRow-img"},"wdio_ui5_key":"applicationmanagepartners-display-component---NewPartner--btnAddTableRow-img"}]}
RESULT: {"script":"<script> [1562 bytes]","args":[{"selector":{"id":"application-managepartners-display-component---NewPartner--btnAddTableRow-img"},"wdio_ui5_key":"applicationmanagepartners-display-component---NewPartner--btnAddTableRow-img"}]}
RESULT: undefined
COMMAND: POST /session/7590a931e204057e68c97157dfd3b2ed/element - {"using":"xpath","value":"//*[@id=\"application-managepartners-display-component---NewPartner--btnAddTableRow-img\"]"}
RESULT: {"using":"xpath","value":"//*[@id=\"application-managepartners-display-component---NewPartner--btnAddTableRow-img\"]"}
COMMAND: POST /session/7590a931e204057e68c97157dfd3b2ed/element/f.12702CF722B5FE42F3DA0862B080648A.d.DBF096EB6AC8380FAFBA260B2B4A90E0.e.2322/click - {}
RESULT: {}
COMMAND: POST /session/7590a931e204057e68c97157dfd3b2ed/element - {"using":"xpath","value":"//input[contains(@id ,\"application-managepartners-display-component---NewPartner--assignmentYard-application-managepartners-display-component---NewPartner\")]"}
COMMAND: GET /session/7590a931e204057e68c97157dfd3b2ed/screenshot - {}
RESULT: {"using":"xpath","value":"//input[contains(@id ,\"application-managepartners-display-component---NewPartner--assignmentYard-application-managepartners-display-component---NewPartner\")]"}
COMMAND: POST /session/7590a931e204057e68c97157dfd3b2ed/element/f.12702CF722B5FE42F3DA0862B080648A.d.DBF096EB6AC8380FAFBA260B2B4A90E0.e.2325/clear - {}
RESULT: {}
RESULT: {}
COMMAND: POST /session/7590a931e204057e68c97157dfd3b2ed/element/f.12702CF722B5FE42F3DA0862B080648A.d.DBF096EB6AC8380FAFBA260B2B4A90E0.e.2325/value - {"text":"661"}
COMMAND: GET /session/7590a931e204057e68c97157dfd3b2ed/screenshot - {}
RESULT: {"text":"661"}
COMMAND: GET /session/7590a931e204057e68c97157dfd3b2ed/screenshot - {}
RESULT: {}
RESULT: {}
COMMAND: POST /session/7590a931e204057e68c97157dfd3b2ed/execute/async - {"script":"<script> [1562 bytes]","args":[{"selector":{"controlType":"sap.m.Button","viewName":"etm.portal.ui.managepartners.view.NewPartner","viewId":"application-managepartners-display-component---NewPartner","i18NText":{"propertyName":"text","key":"save"},"interaction":{"idSuffix":"BDI-content"}},"wdio_ui5_key":"etmportal.ui.managepartners.view.NewPartnersap.m.Button{\"propertyName\":\"text\",\"key\":\"save\"}"}]}
RESULT: {"script":"<script> [1562 bytes]","args":[{"selector":{"controlType":"sap.m.Button","viewName":"etm.portal.ui.managepartners.view.NewPartner","viewId":"application-managepartners-display-component---NewPartner","i18NText":{"propertyName":"text","key":"save"},"interaction":{"idSuffix":"BDI-content"}},"wdio_ui5_key":"etmportal.ui.managepartners.view.NewPartnersap.m.Button{\"propertyName\":\"text\",\"key\":\"save\"}"}]}
RESULT: undefined
COMMAND: POST /session/7590a931e204057e68c97157dfd3b2ed/element - {"using":"xpath","value":"//*[@id=\"__button68\"]"}
RESULT: {"using":"xpath","value":"//*[@id=\"__button68\"]"}
COMMAND: POST /session/7590a931e204057e68c97157dfd3b2ed/element/f.12702CF722B5FE42F3DA0862B080648A.d.DBF096EB6AC8380FAFBA260B2B4A90E0.e.2287/click - {}
RESULT: {}
COMMAND: GET /session/7590a931e204057e68c97157dfd3b2ed/screenshot - {}
RESULT: {}
COMMAND: POST /session/7590a931e204057e68c97157dfd3b2ed/element - {"using":"xpath","value":"//header/div/div[2]/div[2]/span"}
RESULT: {"using":"xpath","value":"//header/div/div[2]/div[2]/span"}
COMMAND: GET /session/7590a931e204057e68c97157dfd3b2ed/element/f.12702CF722B5FE42F3DA0862B080648A.d.DBF096EB6AC8380FAFBA260B2B4A90E0.e.2497/text - {}
RESULT: {}
COMMAND: POST /session/7590a931e204057e68c97157dfd3b2ed/element - {"using":"xpath","value":"//header/div/div/div/div/div/div[2]/div/span"}
RESULT: {"using":"xpath","value":"//header/div/div/div/div/div/div[2]/div/span"}
COMMAND: GET /session/7590a931e204057e68c97157dfd3b2ed/element/f.12702CF722B5FE42F3DA0862B080648A.d.DBF096EB6AC8380FAFBA260B2B4A90E0.e.2498/text - {}
RESULT: {}
COMMAND: POST /session/7590a931e204057e68c97157dfd3b2ed/execute/async - {"script":"<script> [1562 bytes]","args":[{"selector":{"id":"application-managepartners-display-component---detailPtm--partnerType"},"wdio_ui5_key":"applicationmanagepartners-display-component---detailPtm--partnerType"}]}
RESULT: {"script":"<script> [1562 bytes]","args":[{"selector":{"id":"application-managepartners-display-component---detailPtm--partnerType"},"wdio_ui5_key":"applicationmanagepartners-display-component---detailPtm--partnerType"}]}
RESULT: undefined
COMMAND: POST /session/7590a931e204057e68c97157dfd3b2ed/execute/async - {"script":"<script> [6424 bytes]","args":[{"element-6066-11e4-a52e-4f735466cecf":"f.12702CF722B5FE42F3DA0862B080648A.d.DBF096EB6AC8380FAFBA260B2B4A90E0.e.2499"},"getText",[]]}
RESULT: {"script":"<script> [6424 bytes]","args":[{"element-6066-11e4-a52e-4f735466cecf":"f.12702CF722B5FE42F3DA0862B080648A.d.DBF096EB6AC8380FAFBA260B2B4A90E0.e.2499"},"getText",[]]}
COMMAND: POST /session/7590a931e204057e68c97157dfd3b2ed/element - {"using":"css selector","value":"#shell-header-logo"}
RESULT: {"using":"css selector","value":"#shell-header-logo"}
COMMAND: POST /session/7590a931e204057e68c97157dfd3b2ed/element/f.12702CF722B5FE42F3DA0862B080648A.d.DBF096EB6AC8380FAFBA260B2B4A90E0.e.1848/click - {}
RESULT: {}
COMMAND: GET /session/7590a931e204057e68c97157dfd3b2ed/screenshot - {}
RESULT: {}
]]></system-out>
    </testcase>
    <testcase classname="chrome.135_0_7049_115.windows.Webshop_-_Hyperlinks_visible_and_working_properly__US139085" name="Should create a new contract" time="107.877">
      <system-out><![CDATA[
COMMAND: POST /session/7590a931e204057e68c97157dfd3b2ed/execute/async - {"script":"<script> [1562 bytes]","args":[{"selector":{"controlType":"sap.m.Text","viewName":"etm.portal.ui.managecontractstile.view.Master","properties":{"text":"Manage Contracts"},"interaction":{"idSuffix":"inner"}},"wdio_ui5_key":"etmportal.ui.managecontractstile.view.Mastersap.m.Text{\"text\":\"Manage Contracts\"}"}]}
RESULT: {"script":"<script> [1562 bytes]","args":[{"selector":{"controlType":"sap.m.Text","viewName":"etm.portal.ui.managecontractstile.view.Master","properties":{"text":"Manage Contracts"},"interaction":{"idSuffix":"inner"}},"wdio_ui5_key":"etmportal.ui.managecontractstile.view.Mastersap.m.Text{\"text\":\"Manage Contracts\"}"}]}
RESULT: undefined
COMMAND: POST /session/7590a931e204057e68c97157dfd3b2ed/element - {"using":"xpath","value":"//*[@id=\"__tile131-title\"]"}
RESULT: {"using":"xpath","value":"//*[@id=\"__tile131-title\"]"}
COMMAND: POST /session/7590a931e204057e68c97157dfd3b2ed/element/f.12702CF722B5FE42F3DA0862B080648A.d.DBF096EB6AC8380FAFBA260B2B4A90E0.e.2502/click - {}
RESULT: {}
COMMAND: GET /session/7590a931e204057e68c97157dfd3b2ed/screenshot - {}
RESULT: {}
COMMAND: POST /session/7590a931e204057e68c97157dfd3b2ed/element - {"using":"xpath","value":"//button[@data-kt=\"addButton\"]"}
RESULT: {"using":"xpath","value":"//button[@data-kt=\"addButton\"]"}
COMMAND: POST /session/7590a931e204057e68c97157dfd3b2ed/element/f.12702CF722B5FE42F3DA0862B080648A.d.DBF096EB6AC8380FAFBA260B2B4A90E0.e.2554/click - {}
RESULT: {}
COMMAND: GET /session/7590a931e204057e68c97157dfd3b2ed/screenshot - {}
RESULT: {}
COMMAND: POST /session/7590a931e204057e68c97157dfd3b2ed/execute/async - {"script":"<script> [1562 bytes]","args":[{"selector":{"id":"application-managecontracts-display-component---AddNewContract--projectDescription","interaction":{"idSuffix":"inner"}},"wdio_ui5_key":"applicationmanagecontracts-display-component---AddNewContract--projectDescription"}]}
RESULT: {"script":"<script> [1562 bytes]","args":[{"selector":{"id":"application-managecontracts-display-component---AddNewContract--projectDescription","interaction":{"idSuffix":"inner"}},"wdio_ui5_key":"applicationmanagecontracts-display-component---AddNewContract--projectDescription"}]}
RESULT: undefined
COMMAND: POST /session/7590a931e204057e68c97157dfd3b2ed/execute/async - {"script":"<script> [776 bytes]","args":[{"enterText":"WdIOR2cnhn8y","selector":{"id":"application-managecontracts-display-component---AddNewContract--projectDescription","interaction":{"idSuffix":"inner"}},"clearTextFirst":true,"interactionType":"ENTER_TEXT"}]}
RESULT: {"script":"<script> [776 bytes]","args":[{"enterText":"WdIOR2cnhn8y","selector":{"id":"application-managecontracts-display-component---AddNewContract--projectDescription","interaction":{"idSuffix":"inner"}},"clearTextFirst":true,"interactionType":"ENTER_TEXT"}]}
COMMAND: POST /session/7590a931e204057e68c97157dfd3b2ed/element - {"using":"xpath","value":"//input[@id=\"application-managecontracts-display-component---AddNewContract--yardId-inner\"]"}
RESULT: {"using":"xpath","value":"//input[@id=\"application-managecontracts-display-component---AddNewContract--yardId-inner\"]"}
COMMAND: POST /session/7590a931e204057e68c97157dfd3b2ed/element/f.12702CF722B5FE42F3DA0862B080648A.d.DBF096EB6AC8380FAFBA260B2B4A90E0.e.2841/clear - {}
RESULT: {}
COMMAND: POST /session/7590a931e204057e68c97157dfd3b2ed/element/f.12702CF722B5FE42F3DA0862B080648A.d.DBF096EB6AC8380FAFBA260B2B4A90E0.e.2841/value - {"text":"WebdriverYardbqbmb"}
COMMAND: GET /session/7590a931e204057e68c97157dfd3b2ed/screenshot - {}
RESULT: {"text":"WebdriverYardbqbmb"}
COMMAND: GET /session/7590a931e204057e68c97157dfd3b2ed/screenshot - {}
RESULT: {}
RESULT: {}
COMMAND: POST /session/7590a931e204057e68c97157dfd3b2ed/actions - {"actions":[{"id":"action5","type":"key","parameters":{},"actions":[{"type":"keyDown","value":"î€‡"},{"type":"pause","duration":10},{"type":"keyUp","value":"î€‡"}]}]}
RESULT: {"actions":[{"id":"action5","type":"key","parameters":{},"actions":[{"type":"keyDown","value":"î€‡"},{"type":"pause","duration":10},{"type":"keyUp","value":"î€‡"}]}]}
COMMAND: GET /session/7590a931e204057e68c97157dfd3b2ed/screenshot - {}
RESULT: {}
COMMAND: POST /session/7590a931e204057e68c97157dfd3b2ed/element - {"using":"xpath","value":"//input[@id=\"application-managecontracts-display-component---AddNewContract--customerSelect-inner\"]"}
RESULT: {"using":"xpath","value":"//input[@id=\"application-managecontracts-display-component---AddNewContract--customerSelect-inner\"]"}
COMMAND: POST /session/7590a931e204057e68c97157dfd3b2ed/element/f.12702CF722B5FE42F3DA0862B080648A.d.DBF096EB6AC8380FAFBA260B2B4A90E0.e.2839/clear - {}
RESULT: {}
COMMAND: POST /session/7590a931e204057e68c97157dfd3b2ed/element/f.12702CF722B5FE42F3DA0862B080648A.d.DBF096EB6AC8380FAFBA260B2B4A90E0.e.2839/value - {"text":"WebdriverPartnern84s8"}
COMMAND: GET /session/7590a931e204057e68c97157dfd3b2ed/screenshot - {}
RESULT: {"text":"WebdriverPartnern84s8"}
COMMAND: GET /session/7590a931e204057e68c97157dfd3b2ed/screenshot - {}
RESULT: {}
RESULT: {}
COMMAND: POST /session/7590a931e204057e68c97157dfd3b2ed/actions - {"actions":[{"id":"action6","type":"key","parameters":{},"actions":[{"type":"keyDown","value":"î€‡"},{"type":"pause","duration":10},{"type":"keyUp","value":"î€‡"}]}]}
RESULT: {"actions":[{"id":"action6","type":"key","parameters":{},"actions":[{"type":"keyDown","value":"î€‡"},{"type":"pause","duration":10},{"type":"keyUp","value":"î€‡"}]}]}
COMMAND: GET /session/7590a931e204057e68c97157dfd3b2ed/screenshot - {}
RESULT: {}
COMMAND: POST /session/7590a931e204057e68c97157dfd3b2ed/element - {"using":"xpath","value":"//input[@id=\"application-managecontracts-display-component---AddNewContract--site-inner\"]"}
RESULT: {"using":"xpath","value":"//input[@id=\"application-managecontracts-display-component---AddNewContract--site-inner\"]"}
COMMAND: POST /session/7590a931e204057e68c97157dfd3b2ed/element/f.12702CF722B5FE42F3DA0862B080648A.d.DBF096EB6AC8380FAFBA260B2B4A90E0.e.2840/clear - {}
RESULT: {}
COMMAND: POST /session/7590a931e204057e68c97157dfd3b2ed/element/f.12702CF722B5FE42F3DA0862B080648A.d.DBF096EB6AC8380FAFBA260B2B4A90E0.e.2840/value - {"text":"WebdriverSite50s22"}
COMMAND: GET /session/7590a931e204057e68c97157dfd3b2ed/screenshot - {}
RESULT: {"text":"WebdriverSite50s22"}
COMMAND: GET /session/7590a931e204057e68c97157dfd3b2ed/screenshot - {}
RESULT: {}
RESULT: {}
COMMAND: POST /session/7590a931e204057e68c97157dfd3b2ed/actions - {"actions":[{"id":"action7","type":"key","parameters":{},"actions":[{"type":"keyDown","value":"î€‡"},{"type":"pause","duration":10},{"type":"keyUp","value":"î€‡"}]}]}
RESULT: {"actions":[{"id":"action7","type":"key","parameters":{},"actions":[{"type":"keyDown","value":"î€‡"},{"type":"pause","duration":10},{"type":"keyUp","value":"î€‡"}]}]}
COMMAND: GET /session/7590a931e204057e68c97157dfd3b2ed/screenshot - {}
COMMAND: POST /session/7590a931e204057e68c97157dfd3b2ed/element - {"using":"xpath","value":"//button[@data-kt=\"saveButton\"]"}
RESULT: {}
RESULT: {"using":"xpath","value":"//button[@data-kt=\"saveButton\"]"}
COMMAND: POST /session/7590a931e204057e68c97157dfd3b2ed/element/f.12702CF722B5FE42F3DA0862B080648A.d.DBF096EB6AC8380FAFBA260B2B4A90E0.e.2854/click - {}
RESULT: {}
COMMAND: GET /session/7590a931e204057e68c97157dfd3b2ed/screenshot - {}
RESULT: {}
COMMAND: POST /session/7590a931e204057e68c97157dfd3b2ed/execute/async - {"script":"<script> [1562 bytes]","args":[{"selector":{"id":"contractDetailTitleNoExpanded","viewName":"etm.portal.ui.managecontracts.view.Detail"},"wdio_ui5_key":"contractDetailTitleNoExpandedetmportal.ui.managecontracts.view.Detail"}]}
RESULT: {"script":"<script> [1562 bytes]","args":[{"selector":{"id":"contractDetailTitleNoExpanded","viewName":"etm.portal.ui.managecontracts.view.Detail"},"wdio_ui5_key":"contractDetailTitleNoExpandedetmportal.ui.managecontracts.view.Detail"}]}
RESULT: undefined
COMMAND: POST /session/7590a931e204057e68c97157dfd3b2ed/execute/async - {"script":"<script> [6424 bytes]","args":[{"element-6066-11e4-a52e-4f735466cecf":"f.12702CF722B5FE42F3DA0862B080648A.d.DBF096EB6AC8380FAFBA260B2B4A90E0.e.2880"},"getText",[]]}
RESULT: {"script":"<script> [6424 bytes]","args":[{"element-6066-11e4-a52e-4f735466cecf":"f.12702CF722B5FE42F3DA0862B080648A.d.DBF096EB6AC8380FAFBA260B2B4A90E0.e.2880"},"getText",[]]}
COMMAND: POST /session/7590a931e204057e68c97157dfd3b2ed/element - {"using":"css selector","value":"#shell-header-logo"}
RESULT: {"using":"css selector","value":"#shell-header-logo"}
COMMAND: POST /session/7590a931e204057e68c97157dfd3b2ed/element/f.12702CF722B5FE42F3DA0862B080648A.d.DBF096EB6AC8380FAFBA260B2B4A90E0.e.2505/click - {}
RESULT: {}
COMMAND: GET /session/7590a931e204057e68c97157dfd3b2ed/screenshot - {}
RESULT: {}
]]></system-out>
    </testcase>
    <testcase classname="chrome.135_0_7049_115.windows.Webshop_-_Hyperlinks_visible_and_working_properly__US139085" name="Should create a new webshop request and verify yard hyperlinks" time="236.084">
      <system-out><![CDATA[
COMMAND: POST /session/7590a931e204057e68c97157dfd3b2ed/execute/async - {"script":"<script> [1562 bytes]","args":[{"selector":{"controlType":"sap.m.GenericTile","properties":{"header":"Webshop"}},"wdio_ui5_key":"sapm.GenericTile{\"header\":\"Webshop\"}"}]}
RESULT: {"script":"<script> [1562 bytes]","args":[{"selector":{"controlType":"sap.m.GenericTile","properties":{"header":"Webshop"}},"wdio_ui5_key":"sapm.GenericTile{\"header\":\"Webshop\"}"}]}
RESULT: undefined
COMMAND: POST /session/7590a931e204057e68c97157dfd3b2ed/element - {"using":"xpath","value":"//*[@id=\"__tile49\"]"}
RESULT: {"using":"xpath","value":"//*[@id=\"__tile49\"]"}
COMMAND: POST /session/7590a931e204057e68c97157dfd3b2ed/element/f.12702CF722B5FE42F3DA0862B080648A.d.DBF096EB6AC8380FAFBA260B2B4A90E0.e.2883/click - {}
RESULT: {}
COMMAND: GET /session/7590a931e204057e68c97157dfd3b2ed/screenshot - {}
RESULT: {}
COMMAND: POST /session/7590a931e204057e68c97157dfd3b2ed/element - {"using":"css selector","value":"#requestCreationDialog--createRequestPopUp-title-inner"}
RESULT: {"using":"css selector","value":"#requestCreationDialog--createRequestPopUp-title-inner"}
COMMAND: POST /session/7590a931e204057e68c97157dfd3b2ed/execute/sync - {"script":"<script> [8489 bytes]","args":[{"element-6066-11e4-a52e-4f735466cecf":"f.12702CF722B5FE42F3DA0862B080648A.d.DBF096EB6AC8380FAFBA260B2B4A90E0.e.2911","ELEMENT":"f.12702CF722B5FE42F3DA0862B080648A.d.DBF096EB6AC8380FAFBA260B2B4A90E0.e.2911"}]}
RESULT: {"script":"<script> [8489 bytes]","args":[{"element-6066-11e4-a52e-4f735466cecf":"f.12702CF722B5FE42F3DA0862B080648A.d.DBF096EB6AC8380FAFBA260B2B4A90E0.e.2911","ELEMENT":"f.12702CF722B5FE42F3DA0862B080648A.d.DBF096EB6AC8380FAFBA260B2B4A90E0.e.2911"}]}
COMMAND: GET /session/7590a931e204057e68c97157dfd3b2ed/element/f.12702CF722B5FE42F3DA0862B080648A.d.DBF096EB6AC8380FAFBA260B2B4A90E0.e.2911/enabled - {}
COMMAND: GET /session/7590a931e204057e68c97157dfd3b2ed/screenshot - {}
RESULT: {}
COMMAND: POST /session/7590a931e204057e68c97157dfd3b2ed/execute/async - {"script":"<script> [1562 bytes]","args":[{"selector":{"id":"requestCreationDialog--requestName","searchOpenDialogs":true,"interaction":{"idSuffix":"inner"}},"wdio_ui5_key":"requestCreationDialogrequestName"}]}
COMMAND: GET /session/7590a931e204057e68c97157dfd3b2ed/screenshot - {}
RESULT: {}
RESULT: {"script":"<script> [1562 bytes]","args":[{"selector":{"id":"requestCreationDialog--requestName","searchOpenDialogs":true,"interaction":{"idSuffix":"inner"}},"wdio_ui5_key":"requestCreationDialogrequestName"}]}
RESULT: undefined
COMMAND: POST /session/7590a931e204057e68c97157dfd3b2ed/execute/async - {"script":"<script> [776 bytes]","args":[{"enterText":"WebdriverTest","selector":{"id":"requestCreationDialog--requestName","searchOpenDialogs":true,"interaction":{"idSuffix":"inner"}},"clearTextFirst":true,"interactionType":"ENTER_TEXT"}]}
RESULT: {}
RESULT: {"script":"<script> [776 bytes]","args":[{"enterText":"WebdriverTest","selector":{"id":"requestCreationDialog--requestName","searchOpenDialogs":true,"interaction":{"idSuffix":"inner"}},"clearTextFirst":true,"interactionType":"ENTER_TEXT"}]}
COMMAND: POST /session/7590a931e204057e68c97157dfd3b2ed/element - {"using":"xpath","value":"//input[contains(@id ,\"requestCreationDialog--contract-inner\")]"}
RESULT: {"using":"xpath","value":"//input[contains(@id ,\"requestCreationDialog--contract-inner\")]"}
COMMAND: POST /session/7590a931e204057e68c97157dfd3b2ed/element/f.12702CF722B5FE42F3DA0862B080648A.d.DBF096EB6AC8380FAFBA260B2B4A90E0.e.2897/clear - {}
RESULT: {}
COMMAND: POST /session/7590a931e204057e68c97157dfd3b2ed/element/f.12702CF722B5FE42F3DA0862B080648A.d.DBF096EB6AC8380FAFBA260B2B4A90E0.e.2897/value - {"text":"10612"}
COMMAND: GET /session/7590a931e204057e68c97157dfd3b2ed/screenshot - {}
RESULT: {"text":"10612"}
COMMAND: GET /session/7590a931e204057e68c97157dfd3b2ed/screenshot - {}
RESULT: {}
RESULT: {}
COMMAND: POST /session/7590a931e204057e68c97157dfd3b2ed/actions - {"actions":[{"id":"action8","type":"key","parameters":{},"actions":[{"type":"keyDown","value":"î€‡"},{"type":"pause","duration":10},{"type":"keyUp","value":"î€‡"}]}]}
RESULT: {"actions":[{"id":"action8","type":"key","parameters":{},"actions":[{"type":"keyDown","value":"î€‡"},{"type":"pause","duration":10},{"type":"keyUp","value":"î€‡"}]}]}
COMMAND: GET /session/7590a931e204057e68c97157dfd3b2ed/screenshot - {}
RESULT: {}
COMMAND: POST /session/7590a931e204057e68c97157dfd3b2ed/element - {"using":"xpath","value":"//input[contains(@id ,\"requestCreationDialog--contract-inner\")]"}
RESULT: {"using":"xpath","value":"//input[contains(@id ,\"requestCreationDialog--contract-inner\")]"}
COMMAND: GET /session/7590a931e204057e68c97157dfd3b2ed/element/f.12702CF722B5FE42F3DA0862B080648A.d.DBF096EB6AC8380FAFBA260B2B4A90E0.e.2897/property/value - {}
RESULT: {}
COMMAND: POST /session/7590a931e204057e68c97157dfd3b2ed/element - {"using":"xpath","value":"//input[contains(@id ,\"requestCreationDialog--contract-inner\")]"}
COMMAND: GET /session/7590a931e204057e68c97157dfd3b2ed/screenshot - {}
RESULT: {"using":"xpath","value":"//input[contains(@id ,\"requestCreationDialog--contract-inner\")]"}
COMMAND: POST /session/7590a931e204057e68c97157dfd3b2ed/execute/async - {"script":"<script> [1562 bytes]","args":[{"selector":{"id":"requestCreationDialog--okButton","searchOpenDialogs":true,"interaction":{"idSuffix":"BDI-content"}},"wdio_ui5_key":"requestCreationDialogokButton"}]}
RESULT: {}
RESULT: {"script":"<script> [1562 bytes]","args":[{"selector":{"id":"requestCreationDialog--okButton","searchOpenDialogs":true,"interaction":{"idSuffix":"BDI-content"}},"wdio_ui5_key":"requestCreationDialogokButton"}]}
RESULT: undefined
COMMAND: POST /session/7590a931e204057e68c97157dfd3b2ed/element - {"using":"xpath","value":"//*[@id=\"requestCreationDialog--okButton\"]"}
RESULT: {"using":"xpath","value":"//*[@id=\"requestCreationDialog--okButton\"]"}
COMMAND: POST /session/7590a931e204057e68c97157dfd3b2ed/element/f.12702CF722B5FE42F3DA0862B080648A.d.DBF096EB6AC8380FAFBA260B2B4A90E0.e.2919/click - {}
RESULT: {}
COMMAND: GET /session/7590a931e204057e68c97157dfd3b2ed/screenshot - {}
RESULT: {}
COMMAND: POST /session/7590a931e204057e68c97157dfd3b2ed/element - {"using":"xpath","value":"//input[contains(@id ,\"searchFiledId-I\")]"}
RESULT: {"using":"xpath","value":"//input[contains(@id ,\"searchFiledId-I\")]"}
COMMAND: POST /session/7590a931e204057e68c97157dfd3b2ed/element/f.12702CF722B5FE42F3DA0862B080648A.d.DBF096EB6AC8380FAFBA260B2B4A90E0.e.2889/value - {"text":"Dri-Prime CD150M Diesel Pump"}
RESULT: {"text":"Dri-Prime CD150M Diesel Pump"}
COMMAND: POST /session/7590a931e204057e68c97157dfd3b2ed/actions - {"actions":[{"id":"action9","type":"key","parameters":{},"actions":[{"type":"keyDown","value":"î€‡"},{"type":"pause","duration":10},{"type":"keyUp","value":"î€‡"}]}]}
COMMAND: GET /session/7590a931e204057e68c97157dfd3b2ed/screenshot - {}
RESULT: {"actions":[{"id":"action9","type":"key","parameters":{},"actions":[{"type":"keyDown","value":"î€‡"},{"type":"pause","duration":10},{"type":"keyUp","value":"î€‡"}]}]}
COMMAND: GET /session/7590a931e204057e68c97157dfd3b2ed/screenshot - {}
RESULT: {}
RESULT: {}
COMMAND: POST /session/7590a931e204057e68c97157dfd3b2ed/element - {"using":"xpath","value":"//span[contains(@id ,\"subTitle\")][contains(text(), \"Dri-Prime CD150M Diesel Pump\")]"}
RESULT: {"using":"xpath","value":"//span[contains(@id ,\"subTitle\")][contains(text(), \"Dri-Prime CD150M Diesel Pump\")]"}
COMMAND: POST /session/7590a931e204057e68c97157dfd3b2ed/element/f.12702CF722B5FE42F3DA0862B080648A.d.DBF096EB6AC8380FAFBA260B2B4A90E0.e.2924/click - {}
RESULT: {}
COMMAND: GET /session/7590a931e204057e68c97157dfd3b2ed/screenshot - {}
RESULT: {}
COMMAND: POST /session/7590a931e204057e68c97157dfd3b2ed/execute/async - {"script":"<script> [1562 bytes]","args":[{"selector":{"controlType":"sap.m.Button","viewName":"etm.portal.ui.webshop.view.Homepage","i18NText":{"propertyName":"text","key":"addToRequest"},"interaction":{"idSuffix":"BDI-content"}},"wdio_ui5_key":"etmportal.ui.webshop.view.Homepagesap.m.Button{\"propertyName\":\"text\",\"key\":\"addToRequest\"}"}]}
RESULT: {"script":"<script> [1562 bytes]","args":[{"selector":{"controlType":"sap.m.Button","viewName":"etm.portal.ui.webshop.view.Homepage","i18NText":{"propertyName":"text","key":"addToRequest"},"interaction":{"idSuffix":"BDI-content"}},"wdio_ui5_key":"etmportal.ui.webshop.view.Homepagesap.m.Button{\"propertyName\":\"text\",\"key\":\"addToRequest\"}"}]}
RESULT: undefined
COMMAND: POST /session/7590a931e204057e68c97157dfd3b2ed/element - {"using":"xpath","value":"//*[@id=\"__button132\"]"}
RESULT: {"using":"xpath","value":"//*[@id=\"__button132\"]"}
COMMAND: POST /session/7590a931e204057e68c97157dfd3b2ed/element/f.12702CF722B5FE42F3DA0862B080648A.d.DBF096EB6AC8380FAFBA260B2B4A90E0.e.2937/click - {}
RESULT: {}
COMMAND: GET /session/7590a931e204057e68c97157dfd3b2ed/screenshot - {}
RESULT: {}
COMMAND: POST /session/7590a931e204057e68c97157dfd3b2ed/element - {"using":"xpath","value":"//*[contains(@id ,\"activeCartId-BDI-content\")]"}
RESULT: {"using":"xpath","value":"//*[contains(@id ,\"activeCartId-BDI-content\")]"}
COMMAND: POST /session/7590a931e204057e68c97157dfd3b2ed/element/f.12702CF722B5FE42F3DA0862B080648A.d.DBF096EB6AC8380FAFBA260B2B4A90E0.e.2945/click - {}
RESULT: {}
COMMAND: GET /session/7590a931e204057e68c97157dfd3b2ed/screenshot - {}
RESULT: {}
COMMAND: POST /session/7590a931e204057e68c97157dfd3b2ed/element - {"using":"xpath","value":"//bdi[contains(text(), \"Check out my request\")]"}
RESULT: {"using":"xpath","value":"//bdi[contains(text(), \"Check out my request\")]"}
COMMAND: POST /session/7590a931e204057e68c97157dfd3b2ed/element/f.12702CF722B5FE42F3DA0862B080648A.d.DBF096EB6AC8380FAFBA260B2B4A90E0.e.2947/click - {}
RESULT: {}
COMMAND: GET /session/7590a931e204057e68c97157dfd3b2ed/screenshot - {}
RESULT: {}
COMMAND: POST /session/7590a931e204057e68c97157dfd3b2ed/element - {"using":"xpath","value":"//*[contains(@data-kt ,\"webshopDetailYardLink\")]"}
RESULT: {"using":"xpath","value":"//*[contains(@data-kt ,\"webshopDetailYardLink\")]"}
COMMAND: POST /session/7590a931e204057e68c97157dfd3b2ed/element/f.12702CF722B5FE42F3DA0862B080648A.d.DBF096EB6AC8380FAFBA260B2B4A90E0.e.2983/click - {}
RESULT: {}
COMMAND: POST /session/7590a931e204057e68c97157dfd3b2ed/element - {"using":"xpath","value":"//*[contains(@data-kt ,\"ContextMenuId2Link\")][contains(text(), \"Yard Overview\")]"}
COMMAND: GET /session/7590a931e204057e68c97157dfd3b2ed/screenshot - {}
RESULT: {"using":"xpath","value":"//*[contains(@data-kt ,\"ContextMenuId2Link\")][contains(text(), \"Yard Overview\")]"}
COMMAND: POST /session/7590a931e204057e68c97157dfd3b2ed/execute/sync - {"script":"<script> [8489 bytes]","args":[{"element-6066-11e4-a52e-4f735466cecf":"f.12702CF722B5FE42F3DA0862B080648A.d.DBF096EB6AC8380FAFBA260B2B4A90E0.e.3001","ELEMENT":"f.12702CF722B5FE42F3DA0862B080648A.d.DBF096EB6AC8380FAFBA260B2B4A90E0.e.3001"}]}
COMMAND: POST /session/7590a931e204057e68c97157dfd3b2ed/element - {"using":"xpath","value":"//*[contains(@data-kt ,\"ContextMenuId3Link\")][contains(text(), \"Yard Main Address\")]"}
RESULT: {}
RESULT: {"using":"xpath","value":"//*[contains(@data-kt ,\"ContextMenuId3Link\")][contains(text(), \"Yard Main Address\")]"}
COMMAND: POST /session/7590a931e204057e68c97157dfd3b2ed/execute/sync - {"script":"<script> [8489 bytes]","args":[{"element-6066-11e4-a52e-4f735466cecf":"f.12702CF722B5FE42F3DA0862B080648A.d.DBF096EB6AC8380FAFBA260B2B4A90E0.e.3002","ELEMENT":"f.12702CF722B5FE42F3DA0862B080648A.d.DBF096EB6AC8380FAFBA260B2B4A90E0.e.3002"}]}
COMMAND: POST /session/7590a931e204057e68c97157dfd3b2ed/element - {"using":"xpath","value":"//*[contains(@data-kt ,\"ContextMenuId2Link\")][contains(text(), \"Yard Overview\")]"}
RESULT: {"script":"<script> [8489 bytes]","args":[{"element-6066-11e4-a52e-4f735466cecf":"f.12702CF722B5FE42F3DA0862B080648A.d.DBF096EB6AC8380FAFBA260B2B4A90E0.e.3001","ELEMENT":"f.12702CF722B5FE42F3DA0862B080648A.d.DBF096EB6AC8380FAFBA260B2B4A90E0.e.3001"}]}
COMMAND: GET /session/7590a931e204057e68c97157dfd3b2ed/screenshot - {}
RESULT: {"script":"<script> [8489 bytes]","args":[{"element-6066-11e4-a52e-4f735466cecf":"f.12702CF722B5FE42F3DA0862B080648A.d.DBF096EB6AC8380FAFBA260B2B4A90E0.e.3002","ELEMENT":"f.12702CF722B5FE42F3DA0862B080648A.d.DBF096EB6AC8380FAFBA260B2B4A90E0.e.3002"}]}
COMMAND: GET /session/7590a931e204057e68c97157dfd3b2ed/screenshot - {}
RESULT: {"using":"xpath","value":"//*[contains(@data-kt ,\"ContextMenuId2Link\")][contains(text(), \"Yard Overview\")]"}
COMMAND: POST /session/7590a931e204057e68c97157dfd3b2ed/element/f.12702CF722B5FE42F3DA0862B080648A.d.DBF096EB6AC8380FAFBA260B2B4A90E0.e.3001/click - {}
RESULT: {}
RESULT: {}
RESULT: {}
COMMAND: GET /session/7590a931e204057e68c97157dfd3b2ed/screenshot - {}
RESULT: {}
COMMAND: POST /session/7590a931e204057e68c97157dfd3b2ed/execute/async - {"script":"<script> [1562 bytes]","args":[{"selector":{"id":"shellAppTitle"},"wdio_ui5_key":"shellAppTitle"}]}
RESULT: {"script":"<script> [1562 bytes]","args":[{"selector":{"id":"shellAppTitle"},"wdio_ui5_key":"shellAppTitle"}]}
RESULT: undefined
COMMAND: POST /session/7590a931e204057e68c97157dfd3b2ed/execute/async - {"script":"<script> [6424 bytes]","args":[{"element-6066-11e4-a52e-4f735466cecf":"f.12702CF722B5FE42F3DA0862B080648A.d.DBF096EB6AC8380FAFBA260B2B4A90E0.e.3134"},"getTitle",[]]}
RESULT: {"script":"<script> [6424 bytes]","args":[{"element-6066-11e4-a52e-4f735466cecf":"f.12702CF722B5FE42F3DA0862B080648A.d.DBF096EB6AC8380FAFBA260B2B4A90E0.e.3134"},"getTitle",[]]}
COMMAND: POST /session/7590a931e204057e68c97157dfd3b2ed/element - {"using":"xpath","value":"//span[contains(@id ,\"title\")][contains(text(), \"WebdriverYardbqbmb\")]"}
RESULT: {"using":"xpath","value":"//span[contains(@id ,\"title\")][contains(text(), \"WebdriverYardbqbmb\")]"}
COMMAND: POST /session/7590a931e204057e68c97157dfd3b2ed/execute/sync - {"script":"<script> [8489 bytes]","args":[{"element-6066-11e4-a52e-4f735466cecf":"f.12702CF722B5FE42F3DA0862B080648A.d.DBF096EB6AC8380FAFBA260B2B4A90E0.e.3135","ELEMENT":"f.12702CF722B5FE42F3DA0862B080648A.d.DBF096EB6AC8380FAFBA260B2B4A90E0.e.3135"}]}
COMMAND: POST /session/7590a931e204057e68c97157dfd3b2ed/execute/async - {"script":"<script> [1562 bytes]","args":[{"selector":{"id":"backBtn"},"wdio_ui5_key":"backBtn"}]}
RESULT: {"script":"<script> [1562 bytes]","args":[{"selector":{"id":"backBtn"},"wdio_ui5_key":"backBtn"}]}
RESULT: undefined
COMMAND: POST /session/7590a931e204057e68c97157dfd3b2ed/element - {"using":"xpath","value":"//*[@id=\"backBtn\"]"}
RESULT: {"script":"<script> [8489 bytes]","args":[{"element-6066-11e4-a52e-4f735466cecf":"f.12702CF722B5FE42F3DA0862B080648A.d.DBF096EB6AC8380FAFBA260B2B4A90E0.e.3135","ELEMENT":"f.12702CF722B5FE42F3DA0862B080648A.d.DBF096EB6AC8380FAFBA260B2B4A90E0.e.3135"}]}
COMMAND: GET /session/7590a931e204057e68c97157dfd3b2ed/screenshot - {}
RESULT: {"using":"xpath","value":"//*[@id=\"backBtn\"]"}
COMMAND: POST /session/7590a931e204057e68c97157dfd3b2ed/element/f.12702CF722B5FE42F3DA0862B080648A.d.DBF096EB6AC8380FAFBA260B2B4A90E0.e.3136/click - {}
RESULT: {}
COMMAND: POST /session/7590a931e204057e68c97157dfd3b2ed/execute/sync - {"script":"<script> [8489 bytes]","args":[{"element-6066-11e4-a52e-4f735466cecf":"f.12702CF722B5FE42F3DA0862B080648A.d.DBF096EB6AC8380FAFBA260B2B4A90E0.e.3135","ELEMENT":"f.12702CF722B5FE42F3DA0862B080648A.d.DBF096EB6AC8380FAFBA260B2B4A90E0.e.3135"}]}
RESULT: {}
COMMAND: GET /session/7590a931e204057e68c97157dfd3b2ed/screenshot - {}
COMMAND: POST /session/7590a931e204057e68c97157dfd3b2ed/element - {"using":"xpath","value":"//span[contains(@id ,\"title\")][contains(text(), \"WebdriverYardbqbmb\")]"}
RESULT: {}
RESULT: {"using":"xpath","value":"//span[contains(@id ,\"title\")][contains(text(), \"WebdriverYardbqbmb\")]"}
COMMAND: POST /session/7590a931e204057e68c97157dfd3b2ed/element - {"using":"xpath","value":"//span[contains(@id ,\"title\")][contains(text(), \"WebdriverYardbqbmb\")]"}
RESULT: {"using":"xpath","value":"//span[contains(@id ,\"title\")][contains(text(), \"WebdriverYardbqbmb\")]"}
COMMAND: POST /session/7590a931e204057e68c97157dfd3b2ed/element - {"using":"xpath","value":"//span[contains(@id ,\"title\")][contains(text(), \"WebdriverYardbqbmb\")]"}
RESULT: {"using":"xpath","value":"//span[contains(@id ,\"title\")][contains(text(), \"WebdriverYardbqbmb\")]"}
COMMAND: POST /session/7590a931e204057e68c97157dfd3b2ed/element - {"using":"xpath","value":"//span[contains(@id ,\"title\")][contains(text(), \"WebdriverYardbqbmb\")]"}
RESULT: {"using":"xpath","value":"//span[contains(@id ,\"title\")][contains(text(), \"WebdriverYardbqbmb\")]"}
COMMAND: POST /session/7590a931e204057e68c97157dfd3b2ed/element - {"using":"xpath","value":"//span[contains(@id ,\"title\")][contains(text(), \"WebdriverYardbqbmb\")]"}
RESULT: {"using":"xpath","value":"//span[contains(@id ,\"title\")][contains(text(), \"WebdriverYardbqbmb\")]"}
COMMAND: POST /session/7590a931e204057e68c97157dfd3b2ed/element - {"using":"xpath","value":"//span[contains(@id ,\"title\")][contains(text(), \"WebdriverYardbqbmb\")]"}
RESULT: {"using":"xpath","value":"//span[contains(@id ,\"title\")][contains(text(), \"WebdriverYardbqbmb\")]"}
COMMAND: POST /session/7590a931e204057e68c97157dfd3b2ed/element - {"using":"xpath","value":"//span[contains(@id ,\"title\")][contains(text(), \"WebdriverYardbqbmb\")]"}
RESULT: {"using":"xpath","value":"//span[contains(@id ,\"title\")][contains(text(), \"WebdriverYardbqbmb\")]"}
COMMAND: POST /session/7590a931e204057e68c97157dfd3b2ed/element - {"using":"xpath","value":"//*[contains(@data-kt ,\"webshopDetailYardLink\")]"}
RESULT: {"using":"xpath","value":"//*[contains(@data-kt ,\"webshopDetailYardLink\")]"}
COMMAND: POST /session/7590a931e204057e68c97157dfd3b2ed/execute/sync - {"script":"<script> [8489 bytes]","args":[{"element-6066-11e4-a52e-4f735466cecf":"f.12702CF722B5FE42F3DA0862B080648A.d.DBF096EB6AC8380FAFBA260B2B4A90E0.e.3301","ELEMENT":"f.12702CF722B5FE42F3DA0862B080648A.d.DBF096EB6AC8380FAFBA260B2B4A90E0.e.3301"}]}
RESULT: {"script":"<script> [8489 bytes]","args":[{"element-6066-11e4-a52e-4f735466cecf":"f.12702CF722B5FE42F3DA0862B080648A.d.DBF096EB6AC8380FAFBA260B2B4A90E0.e.3301","ELEMENT":"f.12702CF722B5FE42F3DA0862B080648A.d.DBF096EB6AC8380FAFBA260B2B4A90E0.e.3301"}]}
COMMAND: POST /session/7590a931e204057e68c97157dfd3b2ed/execute/sync - {"script":"<script> [5351 bytes]","args":[{"element-6066-11e4-a52e-4f735466cecf":"f.12702CF722B5FE42F3DA0862B080648A.d.DBF096EB6AC8380FAFBA260B2B4A90E0.e.3301","ELEMENT":"f.12702CF722B5FE42F3DA0862B080648A.d.DBF096EB6AC8380FAFBA260B2B4A90E0.e.3301"}]}
COMMAND: GET /session/7590a931e204057e68c97157dfd3b2ed/screenshot - {}
RESULT: {"script":"<script> [5351 bytes]","args":[{"element-6066-11e4-a52e-4f735466cecf":"f.12702CF722B5FE42F3DA0862B080648A.d.DBF096EB6AC8380FAFBA260B2B4A90E0.e.3301","ELEMENT":"f.12702CF722B5FE42F3DA0862B080648A.d.DBF096EB6AC8380FAFBA260B2B4A90E0.e.3301"}]}
COMMAND: POST /session/7590a931e204057e68c97157dfd3b2ed/element - {"using":"xpath","value":"//*[contains(@data-kt ,\"webshopDetailYardLink\")]"}
COMMAND: GET /session/7590a931e204057e68c97157dfd3b2ed/screenshot - {}
COMMAND: POST /session/7590a931e204057e68c97157dfd3b2ed/element - {"using":"xpath","value":"//span[contains(@id ,\"title\")][contains(text(), \"WebdriverYardbqbmb\")]"}
RESULT: {}
RESULT: {"using":"xpath","value":"//*[contains(@data-kt ,\"webshopDetailYardLink\")]"}
COMMAND: POST /session/7590a931e204057e68c97157dfd3b2ed/element/f.12702CF722B5FE42F3DA0862B080648A.d.DBF096EB6AC8380FAFBA260B2B4A90E0.e.3301/click - {}
RESULT: {}
RESULT: {"using":"xpath","value":"//span[contains(@id ,\"title\")][contains(text(), \"WebdriverYardbqbmb\")]"}
RESULT: {}
COMMAND: GET /session/7590a931e204057e68c97157dfd3b2ed/screenshot - {}
COMMAND: POST /session/7590a931e204057e68c97157dfd3b2ed/element - {"using":"xpath","value":"//span[contains(@id ,\"title\")][contains(text(), \"WebdriverYardbqbmb\")]"}
RESULT: {}
RESULT: {"using":"xpath","value":"//span[contains(@id ,\"title\")][contains(text(), \"WebdriverYardbqbmb\")]"}
COMMAND: POST /session/7590a931e204057e68c97157dfd3b2ed/execute/sync - {"script":"<script> [8489 bytes]","args":[{"element-6066-11e4-a52e-4f735466cecf":"f.12702CF722B5FE42F3DA0862B080648A.d.DBF096EB6AC8380FAFBA260B2B4A90E0.e.3304","ELEMENT":"f.12702CF722B5FE42F3DA0862B080648A.d.DBF096EB6AC8380FAFBA260B2B4A90E0.e.3304"}]}
RESULT: {"script":"<script> [8489 bytes]","args":[{"element-6066-11e4-a52e-4f735466cecf":"f.12702CF722B5FE42F3DA0862B080648A.d.DBF096EB6AC8380FAFBA260B2B4A90E0.e.3304","ELEMENT":"f.12702CF722B5FE42F3DA0862B080648A.d.DBF096EB6AC8380FAFBA260B2B4A90E0.e.3304"}]}
COMMAND: GET /session/7590a931e204057e68c97157dfd3b2ed/screenshot - {}
RESULT: {}
COMMAND: POST /session/7590a931e204057e68c97157dfd3b2ed/element - {"using":"xpath","value":"//*[contains(@data-kt ,\"ContextMenuId3Link\")][contains(text(), \"Yard Main Address\")]"}
RESULT: {"using":"xpath","value":"//*[contains(@data-kt ,\"ContextMenuId3Link\")][contains(text(), \"Yard Main Address\")]"}
COMMAND: POST /session/7590a931e204057e68c97157dfd3b2ed/element/f.12702CF722B5FE42F3DA0862B080648A.d.DBF096EB6AC8380FAFBA260B2B4A90E0.e.3305/click - {}
RESULT: {}
COMMAND: GET /session/7590a931e204057e68c97157dfd3b2ed/screenshot - {}
RESULT: {}
COMMAND: POST /session/7590a931e204057e68c97157dfd3b2ed/execute/async - {"script":"<script> [1562 bytes]","args":[{"selector":{"id":"application-addressmanagement-display-component---masterAdm--title1"},"wdio_ui5_key":"applicationaddressmanagement-display-component---masterAdm--title1"}]}
RESULT: {"script":"<script> [1562 bytes]","args":[{"selector":{"id":"application-addressmanagement-display-component---masterAdm--title1"},"wdio_ui5_key":"applicationaddressmanagement-display-component---masterAdm--title1"}]}
RESULT: undefined
COMMAND: POST /session/7590a931e204057e68c97157dfd3b2ed/execute/async - {"script":"<script> [6424 bytes]","args":[{"element-6066-11e4-a52e-4f735466cecf":"f.12702CF722B5FE42F3DA0862B080648A.d.DBF096EB6AC8380FAFBA260B2B4A90E0.e.3586"},"getText",[]]}
RESULT: {"script":"<script> [6424 bytes]","args":[{"element-6066-11e4-a52e-4f735466cecf":"f.12702CF722B5FE42F3DA0862B080648A.d.DBF096EB6AC8380FAFBA260B2B4A90E0.e.3586"},"getText",[]]}
COMMAND: POST /session/7590a931e204057e68c97157dfd3b2ed/element - {"using":"xpath","value":"//span[contains(text(), \"WebdriverYardjjtihg\")][contains(@id ,\"application-addressmanagement-display-component---detailAdm--addressDetailDetailsName1\")]"}
RESULT: {"using":"xpath","value":"//span[contains(text(), \"WebdriverYardjjtihg\")][contains(@id ,\"application-addressmanagement-display-component---detailAdm--addressDetailDetailsName1\")]"}
COMMAND: POST /session/7590a931e204057e68c97157dfd3b2ed/element - {"using":"xpath","value":"//span[contains(text(), \"WebdriverYardjjtihg\")][contains(@id ,\"application-addressmanagement-display-component---detailAdm--addressDetailDetailsName1\")]"}
RESULT: undefined
COMMAND: POST /session/7590a931e204057e68c97157dfd3b2ed/element - {"using":"xpath","value":"//*[@id=\"backBtn\"]"}
RESULT: {"using":"xpath","value":"//*[@id=\"backBtn\"]"}
COMMAND: POST /session/7590a931e204057e68c97157dfd3b2ed/element/f.12702CF722B5FE42F3DA0862B080648A.d.DBF096EB6AC8380FAFBA260B2B4A90E0.e.3136/click - {}
RESULT: {"using":"xpath","value":"//span[contains(text(), \"WebdriverYardjjtihg\")][contains(@id ,\"application-addressmanagement-display-component---detailAdm--addressDetailDetailsName1\")]"}
COMMAND: POST /session/7590a931e204057e68c97157dfd3b2ed/element - {"using":"xpath","value":"//span[contains(text(), \"WebdriverYardjjtihg\")][contains(@id ,\"application-addressmanagement-display-component---detailAdm--addressDetailDetailsName1\")]"}
RESULT: {}
COMMAND: GET /session/7590a931e204057e68c97157dfd3b2ed/screenshot - {}
RESULT: {"using":"xpath","value":"//span[contains(text(), \"WebdriverYardjjtihg\")][contains(@id ,\"application-addressmanagement-display-component---detailAdm--addressDetailDetailsName1\")]"}
RESULT: {}
COMMAND: POST /session/7590a931e204057e68c97157dfd3b2ed/element - {"using":"xpath","value":"//span[contains(text(), \"WebdriverYardjjtihg\")][contains(@id ,\"application-addressmanagement-display-component---detailAdm--addressDetailDetailsName1\")]"}
RESULT: {"using":"xpath","value":"//span[contains(text(), \"WebdriverYardjjtihg\")][contains(@id ,\"application-addressmanagement-display-component---detailAdm--addressDetailDetailsName1\")]"}
COMMAND: POST /session/7590a931e204057e68c97157dfd3b2ed/element - {"using":"xpath","value":"//span[contains(text(), \"WebdriverYardjjtihg\")][contains(@id ,\"application-addressmanagement-display-component---detailAdm--addressDetailDetailsName1\")]"}
RESULT: {"using":"xpath","value":"//span[contains(text(), \"WebdriverYardjjtihg\")][contains(@id ,\"application-addressmanagement-display-component---detailAdm--addressDetailDetailsName1\")]"}
COMMAND: POST /session/7590a931e204057e68c97157dfd3b2ed/element - {"using":"xpath","value":"//span[contains(text(), \"WebdriverYardjjtihg\")][contains(@id ,\"application-addressmanagement-display-component---detailAdm--addressDetailDetailsName1\")]"}
RESULT: {"using":"xpath","value":"//span[contains(text(), \"WebdriverYardjjtihg\")][contains(@id ,\"application-addressmanagement-display-component---detailAdm--addressDetailDetailsName1\")]"}
COMMAND: POST /session/7590a931e204057e68c97157dfd3b2ed/element - {"using":"xpath","value":"//span[contains(text(), \"WebdriverYardjjtihg\")][contains(@id ,\"application-addressmanagement-display-component---detailAdm--addressDetailDetailsName1\")]"}
RESULT: {"using":"xpath","value":"//span[contains(text(), \"WebdriverYardjjtihg\")][contains(@id ,\"application-addressmanagement-display-component---detailAdm--addressDetailDetailsName1\")]"}
COMMAND: POST /session/7590a931e204057e68c97157dfd3b2ed/element - {"using":"xpath","value":"//span[contains(text(), \"WebdriverYardjjtihg\")][contains(@id ,\"application-addressmanagement-display-component---detailAdm--addressDetailDetailsName1\")]"}
RESULT: {"using":"xpath","value":"//span[contains(text(), \"WebdriverYardjjtihg\")][contains(@id ,\"application-addressmanagement-display-component---detailAdm--addressDetailDetailsName1\")]"}
COMMAND: POST /session/7590a931e204057e68c97157dfd3b2ed/execute/sync - {"script":"<script> [8489 bytes]","args":[{"element-6066-11e4-a52e-4f735466cecf":"f.12702CF722B5FE42F3DA0862B080648A.d.DBF096EB6AC8380FAFBA260B2B4A90E0.e.3301","ELEMENT":"f.12702CF722B5FE42F3DA0862B080648A.d.DBF096EB6AC8380FAFBA260B2B4A90E0.e.3301"}]}
COMMAND: POST /session/7590a931e204057e68c97157dfd3b2ed/element - {"using":"xpath","value":"//span[contains(text(), \"WebdriverYardjjtihg\")][contains(@id ,\"application-addressmanagement-display-component---detailAdm--addressDetailDetailsName1\")]"}
COMMAND: POST /session/7590a931e204057e68c97157dfd3b2ed/element - {"using":"xpath","value":"//*[contains(@data-kt ,\"webshopDetailYardLink\")]"}
RESULT: {"using":"xpath","value":"//span[contains(text(), \"WebdriverYardjjtihg\")][contains(@id ,\"application-addressmanagement-display-component---detailAdm--addressDetailDetailsName1\")]"}
RESULT: {"using":"xpath","value":"//*[contains(@data-kt ,\"webshopDetailYardLink\")]"}
COMMAND: POST /session/7590a931e204057e68c97157dfd3b2ed/execute/sync - {"script":"<script> [8489 bytes]","args":[{"element-6066-11e4-a52e-4f735466cecf":"f.12702CF722B5FE42F3DA0862B080648A.d.DBF096EB6AC8380FAFBA260B2B4A90E0.e.3754","ELEMENT":"f.12702CF722B5FE42F3DA0862B080648A.d.DBF096EB6AC8380FAFBA260B2B4A90E0.e.3754"}]}
RESULT: {"script":"<script> [8489 bytes]","args":[{"element-6066-11e4-a52e-4f735466cecf":"f.12702CF722B5FE42F3DA0862B080648A.d.DBF096EB6AC8380FAFBA260B2B4A90E0.e.3754","ELEMENT":"f.12702CF722B5FE42F3DA0862B080648A.d.DBF096EB6AC8380FAFBA260B2B4A90E0.e.3754"}]}
COMMAND: POST /session/7590a931e204057e68c97157dfd3b2ed/execute/sync - {"script":"<script> [5351 bytes]","args":[{"element-6066-11e4-a52e-4f735466cecf":"f.12702CF722B5FE42F3DA0862B080648A.d.DBF096EB6AC8380FAFBA260B2B4A90E0.e.3754","ELEMENT":"f.12702CF722B5FE42F3DA0862B080648A.d.DBF096EB6AC8380FAFBA260B2B4A90E0.e.3754"}]}
COMMAND: GET /session/7590a931e204057e68c97157dfd3b2ed/screenshot - {}
RESULT: {"script":"<script> [5351 bytes]","args":[{"element-6066-11e4-a52e-4f735466cecf":"f.12702CF722B5FE42F3DA0862B080648A.d.DBF096EB6AC8380FAFBA260B2B4A90E0.e.3754","ELEMENT":"f.12702CF722B5FE42F3DA0862B080648A.d.DBF096EB6AC8380FAFBA260B2B4A90E0.e.3754"}]}
COMMAND: POST /session/7590a931e204057e68c97157dfd3b2ed/element - {"using":"xpath","value":"//*[contains(@data-kt ,\"webshopDetailYardLink\")]"}
COMMAND: GET /session/7590a931e204057e68c97157dfd3b2ed/screenshot - {}
RESULT: {}
RESULT: {"using":"xpath","value":"//*[contains(@data-kt ,\"webshopDetailYardLink\")]"}
COMMAND: POST /session/7590a931e204057e68c97157dfd3b2ed/element/f.12702CF722B5FE42F3DA0862B080648A.d.DBF096EB6AC8380FAFBA260B2B4A90E0.e.3754/click - {}
COMMAND: POST /session/7590a931e204057e68c97157dfd3b2ed/element - {"using":"xpath","value":"//span[contains(text(), \"WebdriverYardjjtihg\")][contains(@id ,\"application-addressmanagement-display-component---detailAdm--addressDetailDetailsName1\")]"}
RESULT: {}
RESULT: {}
COMMAND: GET /session/7590a931e204057e68c97157dfd3b2ed/screenshot - {}
RESULT: {"using":"xpath","value":"//span[contains(text(), \"WebdriverYardjjtihg\")][contains(@id ,\"application-addressmanagement-display-component---detailAdm--addressDetailDetailsName1\")]"}
RESULT: {}
COMMAND: POST /session/7590a931e204057e68c97157dfd3b2ed/element - {"using":"xpath","value":"//span[contains(text(), \"WebdriverYardjjtihg\")][contains(@id ,\"application-addressmanagement-display-component---detailAdm--addressDetailDetailsName1\")]"}
RESULT: {"using":"xpath","value":"//span[contains(text(), \"WebdriverYardjjtihg\")][contains(@id ,\"application-addressmanagement-display-component---detailAdm--addressDetailDetailsName1\")]"}
COMMAND: POST /session/7590a931e204057e68c97157dfd3b2ed/element - {"using":"xpath","value":"//span[contains(text(), \"WebdriverYardjjtihg\")][contains(@id ,\"application-addressmanagement-display-component---detailAdm--addressDetailDetailsName1\")]"}
RESULT: {"using":"xpath","value":"//span[contains(text(), \"WebdriverYardjjtihg\")][contains(@id ,\"application-addressmanagement-display-component---detailAdm--addressDetailDetailsName1\")]"}
COMMAND: POST /session/7590a931e204057e68c97157dfd3b2ed/element - {"using":"xpath","value":"//button[contains(@data-kt ,\"ContextMenuExternalId2Link\")]"}
RESULT: {"using":"xpath","value":"//button[contains(@data-kt ,\"ContextMenuExternalId2Link\")]"}
COMMAND: POST /session/7590a931e204057e68c97157dfd3b2ed/element/f.12702CF722B5FE42F3DA0862B080648A.d.DBF096EB6AC8380FAFBA260B2B4A90E0.e.3756/click - {}
COMMAND: POST /session/7590a931e204057e68c97157dfd3b2ed/element - {"using":"xpath","value":"//span[contains(text(), \"WebdriverYardjjtihg\")][contains(@id ,\"application-addressmanagement-display-component---detailAdm--addressDetailDetailsName1\")]"}
RESULT: {}
COMMAND: GET /session/7590a931e204057e68c97157dfd3b2ed/screenshot - {}
RESULT: {"using":"xpath","value":"//span[contains(text(), \"WebdriverYardjjtihg\")][contains(@id ,\"application-addressmanagement-display-component---detailAdm--addressDetailDetailsName1\")]"}
COMMAND: POST /session/7590a931e204057e68c97157dfd3b2ed/element - {"using":"xpath","value":"//span[contains(text(), \"WebdriverYardjjtihg\")][contains(@id ,\"application-addressmanagement-display-component---detailAdm--addressDetailDetailsName1\")]"}
RESULT: {}
RESULT: {"using":"xpath","value":"//span[contains(text(), \"WebdriverYardjjtihg\")][contains(@id ,\"application-addressmanagement-display-component---detailAdm--addressDetailDetailsName1\")]"}
COMMAND: POST /session/7590a931e204057e68c97157dfd3b2ed/element - {"using":"xpath","value":"//span[contains(text(), \"WebdriverYardjjtihg\")][contains(@id ,\"application-addressmanagement-display-component---detailAdm--addressDetailDetailsName1\")]"}
RESULT: {"using":"xpath","value":"//span[contains(text(), \"WebdriverYardjjtihg\")][contains(@id ,\"application-addressmanagement-display-component---detailAdm--addressDetailDetailsName1\")]"}
COMMAND: POST /session/7590a931e204057e68c97157dfd3b2ed/element - {"using":"xpath","value":"//span[contains(text(), \"WebdriverYardjjtihg\")][contains(@id ,\"application-addressmanagement-display-component---detailAdm--addressDetailDetailsName1\")]"}
RESULT: {"using":"xpath","value":"//span[contains(text(), \"WebdriverYardjjtihg\")][contains(@id ,\"application-addressmanagement-display-component---detailAdm--addressDetailDetailsName1\")]"}
COMMAND: POST /session/7590a931e204057e68c97157dfd3b2ed/element - {"using":"xpath","value":"//span[contains(text(), \"WebdriverYardjjtihg\")][contains(@id ,\"application-addressmanagement-display-component---detailAdm--addressDetailDetailsName1\")]"}
RESULT: {"using":"xpath","value":"//span[contains(text(), \"WebdriverYardjjtihg\")][contains(@id ,\"application-addressmanagement-display-component---detailAdm--addressDetailDetailsName1\")]"}
COMMAND: POST /session/7590a931e204057e68c97157dfd3b2ed/element - {"using":"xpath","value":"//span[contains(text(), \"WebdriverYardjjtihg\")][contains(@id ,\"application-addressmanagement-display-component---detailAdm--addressDetailDetailsName1\")]"}
RESULT: {"using":"xpath","value":"//span[contains(text(), \"WebdriverYardjjtihg\")][contains(@id ,\"application-addressmanagement-display-component---detailAdm--addressDetailDetailsName1\")]"}
COMMAND: POST /session/7590a931e204057e68c97157dfd3b2ed/element - {"using":"xpath","value":"//span[contains(text(), \"WebdriverYardjjtihg\")][contains(@id ,\"application-addressmanagement-display-component---detailAdm--addressDetailDetailsName1\")]"}
COMMAND: GET /session/7590a931e204057e68c97157dfd3b2ed/window/handles - {}
RESULT: {"using":"xpath","value":"//span[contains(text(), \"WebdriverYardjjtihg\")][contains(@id ,\"application-addressmanagement-display-component---detailAdm--addressDetailDetailsName1\")]"}
RESULT: {}
COMMAND: POST /session/7590a931e204057e68c97157dfd3b2ed/window - {"handle":"A79F65B23E0A443103378B5D59114DE4"}
RESULT: {"handle":"A79F65B23E0A443103378B5D59114DE4"}
COMMAND: GET /session/7590a931e204057e68c97157dfd3b2ed/url - {}
COMMAND: POST /session/7590a931e204057e68c97157dfd3b2ed/element - {"using":"xpath","value":"//span[contains(text(), \"WebdriverYardjjtihg\")][contains(@id ,\"application-addressmanagement-display-component---detailAdm--addressDetailDetailsName1\")]"}
RESULT: {}
COMMAND: GET /session/7590a931e204057e68c97157dfd3b2ed/screenshot - {}
RESULT: {"using":"xpath","value":"//span[contains(text(), \"WebdriverYardjjtihg\")][contains(@id ,\"application-addressmanagement-display-component---detailAdm--addressDetailDetailsName1\")]"}
RESULT: {}
COMMAND: POST /session/7590a931e204057e68c97157dfd3b2ed/element - {"using":"xpath","value":"//span[contains(text(), \"WebdriverYardjjtihg\")][contains(@id ,\"application-addressmanagement-display-component---detailAdm--addressDetailDetailsName1\")]"}
RESULT: {"using":"xpath","value":"//span[contains(text(), \"WebdriverYardjjtihg\")][contains(@id ,\"application-addressmanagement-display-component---detailAdm--addressDetailDetailsName1\")]"}
COMMAND: POST /session/7590a931e204057e68c97157dfd3b2ed/element - {"using":"xpath","value":"//span[contains(text(), \"WebdriverYardjjtihg\")][contains(@id ,\"application-addressmanagement-display-component---detailAdm--addressDetailDetailsName1\")]"}
RESULT: {"using":"xpath","value":"//span[contains(text(), \"WebdriverYardjjtihg\")][contains(@id ,\"application-addressmanagement-display-component---detailAdm--addressDetailDetailsName1\")]"}
COMMAND: POST /session/7590a931e204057e68c97157dfd3b2ed/element - {"using":"xpath","value":"//span[contains(text(), \"WebdriverYardjjtihg\")][contains(@id ,\"application-addressmanagement-display-component---detailAdm--addressDetailDetailsName1\")]"}
RESULT: {"using":"xpath","value":"//span[contains(text(), \"WebdriverYardjjtihg\")][contains(@id ,\"application-addressmanagement-display-component---detailAdm--addressDetailDetailsName1\")]"}
COMMAND: POST /session/7590a931e204057e68c97157dfd3b2ed/execute/sync - {"script":"<script> [8489 bytes]","args":[{"element-6066-11e4-a52e-4f735466cecf":"f.12702CF722B5FE42F3DA0862B080648A.d.DBF096EB6AC8380FAFBA260B2B4A90E0.e.3304","ELEMENT":"f.12702CF722B5FE42F3DA0862B080648A.d.DBF096EB6AC8380FAFBA260B2B4A90E0.e.3304"}]}
COMMAND: DELETE /session/7590a931e204057e68c97157dfd3b2ed/window - {}
COMMAND: POST /session/7590a931e204057e68c97157dfd3b2ed/element - {"using":"xpath","value":"//span[contains(text(), \"WebdriverYardjjtihg\")][contains(@id ,\"application-addressmanagement-display-component---detailAdm--addressDetailDetailsName1\")]"}
RESULT: {"script":"<script> [8489 bytes]","args":[{"element-6066-11e4-a52e-4f735466cecf":"f.12702CF722B5FE42F3DA0862B080648A.d.DBF096EB6AC8380FAFBA260B2B4A90E0.e.3304","ELEMENT":"f.12702CF722B5FE42F3DA0862B080648A.d.DBF096EB6AC8380FAFBA260B2B4A90E0.e.3304"}]}
COMMAND: GET /session/7590a931e204057e68c97157dfd3b2ed/screenshot - {}
RESULT: {}
COMMAND: POST /session/7590a931e204057e68c97157dfd3b2ed/window - {"handle":"12702CF722B5FE42F3DA0862B080648A"}
RESULT: {"handle":"12702CF722B5FE42F3DA0862B080648A"}
COMMAND: GET /session/7590a931e204057e68c97157dfd3b2ed/url - {}
COMMAND: POST /session/7590a931e204057e68c97157dfd3b2ed/execute/sync - {"script":"<script> [8489 bytes]","args":[{"element-6066-11e4-a52e-4f735466cecf":"f.12702CF722B5FE42F3DA0862B080648A.d.DBF096EB6AC8380FAFBA260B2B4A90E0.e.3304","ELEMENT":"f.12702CF722B5FE42F3DA0862B080648A.d.DBF096EB6AC8380FAFBA260B2B4A90E0.e.3304"}]}
RESULT: {"using":"xpath","value":"//span[contains(text(), \"WebdriverYardjjtihg\")][contains(@id ,\"application-addressmanagement-display-component---detailAdm--addressDetailDetailsName1\")]"}
RESULT: {}
RESULT: {}
COMMAND: GET /session/7590a931e204057e68c97157dfd3b2ed/screenshot - {}
COMMAND: POST /session/7590a931e204057e68c97157dfd3b2ed/element - {"using":"xpath","value":"//span[contains(text(), \"WebdriverYardjjtihg\")][contains(@id ,\"application-addressmanagement-display-component---detailAdm--addressDetailDetailsName1\")]"}
COMMAND: POST /session/7590a931e204057e68c97157dfd3b2ed/element - {"using":"xpath","value":"//span[contains(@id ,\"title\")][contains(text(), \"WebdriverYardbqbmb\")]"}
RESULT: {}
RESULT: {"using":"xpath","value":"//span[contains(text(), \"WebdriverYardjjtihg\")][contains(@id ,\"application-addressmanagement-display-component---detailAdm--addressDetailDetailsName1\")]"}
RESULT: {"using":"xpath","value":"//span[contains(@id ,\"title\")][contains(text(), \"WebdriverYardbqbmb\")]"}
COMMAND: POST /session/7590a931e204057e68c97157dfd3b2ed/execute/sync - {"script":"<script> [8489 bytes]","args":[{"element-6066-11e4-a52e-4f735466cecf":"f.12702CF722B5FE42F3DA0862B080648A.d.DBF096EB6AC8380FAFBA260B2B4A90E0.e.3877","ELEMENT":"f.12702CF722B5FE42F3DA0862B080648A.d.DBF096EB6AC8380FAFBA260B2B4A90E0.e.3877"}]}
RESULT: {"script":"<script> [8489 bytes]","args":[{"element-6066-11e4-a52e-4f735466cecf":"f.12702CF722B5FE42F3DA0862B080648A.d.DBF096EB6AC8380FAFBA260B2B4A90E0.e.3877","ELEMENT":"f.12702CF722B5FE42F3DA0862B080648A.d.DBF096EB6AC8380FAFBA260B2B4A90E0.e.3877"}]}
COMMAND: GET /session/7590a931e204057e68c97157dfd3b2ed/screenshot - {}
RESULT: {}
COMMAND: POST /session/7590a931e204057e68c97157dfd3b2ed/element - {"using":"xpath","value":"//span[contains(text(), \"WebdriverYardjjtihg\")][contains(@id ,\"application-addressmanagement-display-component---detailAdm--addressDetailDetailsName1\")]"}
RESULT: {"using":"xpath","value":"//span[contains(text(), \"WebdriverYardjjtihg\")][contains(@id ,\"application-addressmanagement-display-component---detailAdm--addressDetailDetailsName1\")]"}
COMMAND: POST /session/7590a931e204057e68c97157dfd3b2ed/element - {"using":"xpath","value":"//span[contains(text(), \"WebdriverYardjjtihg\")][contains(@id ,\"application-addressmanagement-display-component---detailAdm--addressDetailDetailsName1\")]"}
RESULT: {"using":"xpath","value":"//span[contains(text(), \"WebdriverYardjjtihg\")][contains(@id ,\"application-addressmanagement-display-component---detailAdm--addressDetailDetailsName1\")]"}
COMMAND: POST /session/7590a931e204057e68c97157dfd3b2ed/element - {"using":"xpath","value":"//span[contains(text(), \"WebdriverYardjjtihg\")][contains(@id ,\"application-addressmanagement-display-component---detailAdm--addressDetailDetailsName1\")]"}
RESULT: {"using":"xpath","value":"//span[contains(text(), \"WebdriverYardjjtihg\")][contains(@id ,\"application-addressmanagement-display-component---detailAdm--addressDetailDetailsName1\")]"}
COMMAND: POST /session/7590a931e204057e68c97157dfd3b2ed/element - {"using":"xpath","value":"//span[contains(text(), \"WebdriverYardjjtihg\")][contains(@id ,\"application-addressmanagement-display-component---detailAdm--addressDetailDetailsName1\")]"}
RESULT: {"using":"xpath","value":"//span[contains(text(), \"WebdriverYardjjtihg\")][contains(@id ,\"application-addressmanagement-display-component---detailAdm--addressDetailDetailsName1\")]"}
COMMAND: POST /session/7590a931e204057e68c97157dfd3b2ed/element - {"using":"xpath","value":"//span[contains(text(), \"WebdriverYardjjtihg\")][contains(@id ,\"application-addressmanagement-display-component---detailAdm--addressDetailDetailsName1\")]"}
RESULT: {"using":"xpath","value":"//span[contains(text(), \"WebdriverYardjjtihg\")][contains(@id ,\"application-addressmanagement-display-component---detailAdm--addressDetailDetailsName1\")]"}
COMMAND: POST /session/7590a931e204057e68c97157dfd3b2ed/element - {"using":"xpath","value":"//span[contains(text(), \"WebdriverYardjjtihg\")][contains(@id ,\"application-addressmanagement-display-component---detailAdm--addressDetailDetailsName1\")]"}
RESULT: {"using":"xpath","value":"//span[contains(text(), \"WebdriverYardjjtihg\")][contains(@id ,\"application-addressmanagement-display-component---detailAdm--addressDetailDetailsName1\")]"}
COMMAND: POST /session/7590a931e204057e68c97157dfd3b2ed/element - {"using":"xpath","value":"//span[contains(text(), \"WebdriverYardjjtihg\")][contains(@id ,\"application-addressmanagement-display-component---detailAdm--addressDetailDetailsName1\")]"}
RESULT: {"using":"xpath","value":"//span[contains(text(), \"WebdriverYardjjtihg\")][contains(@id ,\"application-addressmanagement-display-component---detailAdm--addressDetailDetailsName1\")]"}
COMMAND: POST /session/7590a931e204057e68c97157dfd3b2ed/element - {"using":"xpath","value":"//button[contains(@data-kt ,\"ContextMenuExternalId3Link\")]"}
RESULT: {"using":"xpath","value":"//button[contains(@data-kt ,\"ContextMenuExternalId3Link\")]"}
COMMAND: POST /session/7590a931e204057e68c97157dfd3b2ed/element/f.12702CF722B5FE42F3DA0862B080648A.d.DBF096EB6AC8380FAFBA260B2B4A90E0.e.3878/click - {}
COMMAND: POST /session/7590a931e204057e68c97157dfd3b2ed/element - {"using":"xpath","value":"//span[contains(text(), \"WebdriverYardjjtihg\")][contains(@id ,\"application-addressmanagement-display-component---detailAdm--addressDetailDetailsName1\")]"}
RESULT: {}
COMMAND: GET /session/7590a931e204057e68c97157dfd3b2ed/screenshot - {}
RESULT: {"using":"xpath","value":"//span[contains(text(), \"WebdriverYardjjtihg\")][contains(@id ,\"application-addressmanagement-display-component---detailAdm--addressDetailDetailsName1\")]"}
COMMAND: POST /session/7590a931e204057e68c97157dfd3b2ed/element - {"using":"xpath","value":"//span[contains(text(), \"WebdriverYardjjtihg\")][contains(@id ,\"application-addressmanagement-display-component---detailAdm--addressDetailDetailsName1\")]"}
RESULT: {}
RESULT: {"using":"xpath","value":"//span[contains(text(), \"WebdriverYardjjtihg\")][contains(@id ,\"application-addressmanagement-display-component---detailAdm--addressDetailDetailsName1\")]"}
COMMAND: POST /session/7590a931e204057e68c97157dfd3b2ed/element - {"using":"xpath","value":"//span[contains(text(), \"WebdriverYardjjtihg\")][contains(@id ,\"application-addressmanagement-display-component---detailAdm--addressDetailDetailsName1\")]"}
RESULT: {"using":"xpath","value":"//span[contains(text(), \"WebdriverYardjjtihg\")][contains(@id ,\"application-addressmanagement-display-component---detailAdm--addressDetailDetailsName1\")]"}
COMMAND: POST /session/7590a931e204057e68c97157dfd3b2ed/element - {"using":"xpath","value":"//span[contains(text(), \"WebdriverYardjjtihg\")][contains(@id ,\"application-addressmanagement-display-component---detailAdm--addressDetailDetailsName1\")]"}
RESULT: {"using":"xpath","value":"//span[contains(text(), \"WebdriverYardjjtihg\")][contains(@id ,\"application-addressmanagement-display-component---detailAdm--addressDetailDetailsName1\")]"}
COMMAND: POST /session/7590a931e204057e68c97157dfd3b2ed/element - {"using":"xpath","value":"//span[contains(text(), \"WebdriverYardjjtihg\")][contains(@id ,\"application-addressmanagement-display-component---detailAdm--addressDetailDetailsName1\")]"}
RESULT: {"using":"xpath","value":"//span[contains(text(), \"WebdriverYardjjtihg\")][contains(@id ,\"application-addressmanagement-display-component---detailAdm--addressDetailDetailsName1\")]"}
COMMAND: GET /session/7590a931e204057e68c97157dfd3b2ed/window/handles - {}
RESULT: {}
COMMAND: POST /session/7590a931e204057e68c97157dfd3b2ed/window - {"handle":"A0B45C39065B61D015A3D8EECB163F34"}
RESULT: {"handle":"A0B45C39065B61D015A3D8EECB163F34"}
COMMAND: GET /session/7590a931e204057e68c97157dfd3b2ed/url - {}
RESULT: {}
COMMAND: GET /session/7590a931e204057e68c97157dfd3b2ed/screenshot - {}
RESULT: {}
COMMAND: POST /session/7590a931e204057e68c97157dfd3b2ed/element - {"using":"xpath","value":"//span[contains(text(), \"WebdriverYardjjtihg\")][contains(@id ,\"application-addressmanagement-display-component---detailAdm--addressDetailDetailsName1\")]"}
COMMAND: DELETE /session/7590a931e204057e68c97157dfd3b2ed/window - {}
RESULT: {}
COMMAND: POST /session/7590a931e204057e68c97157dfd3b2ed/window - {"handle":"12702CF722B5FE42F3DA0862B080648A"}
RESULT: {"handle":"12702CF722B5FE42F3DA0862B080648A"}
COMMAND: GET /session/7590a931e204057e68c97157dfd3b2ed/url - {}
RESULT: {"using":"xpath","value":"//span[contains(text(), \"WebdriverYardjjtihg\")][contains(@id ,\"application-addressmanagement-display-component---detailAdm--addressDetailDetailsName1\")]"}
RESULT: {}
COMMAND: GET /session/7590a931e204057e68c97157dfd3b2ed/screenshot - {}
COMMAND: POST /session/7590a931e204057e68c97157dfd3b2ed/element - {"using":"xpath","value":"//span[contains(text(), \"WebdriverYardjjtihg\")][contains(@id ,\"application-addressmanagement-display-component---detailAdm--addressDetailDetailsName1\")]"}
RESULT: {}
RESULT: {"using":"xpath","value":"//span[contains(text(), \"WebdriverYardjjtihg\")][contains(@id ,\"application-addressmanagement-display-component---detailAdm--addressDetailDetailsName1\")]"}
COMMAND: POST /session/7590a931e204057e68c97157dfd3b2ed/element - {"using":"xpath","value":"//span[contains(text(), \"WebdriverYardjjtihg\")][contains(@id ,\"application-addressmanagement-display-component---detailAdm--addressDetailDetailsName1\")]"}
RESULT: {"using":"xpath","value":"//span[contains(text(), \"WebdriverYardjjtihg\")][contains(@id ,\"application-addressmanagement-display-component---detailAdm--addressDetailDetailsName1\")]"}
COMMAND: POST /session/7590a931e204057e68c97157dfd3b2ed/element - {"using":"xpath","value":"//span[contains(text(), \"WebdriverYardjjtihg\")][contains(@id ,\"application-addressmanagement-display-component---detailAdm--addressDetailDetailsName1\")]"}
RESULT: {"using":"xpath","value":"//span[contains(text(), \"WebdriverYardjjtihg\")][contains(@id ,\"application-addressmanagement-display-component---detailAdm--addressDetailDetailsName1\")]"}
COMMAND: POST /session/7590a931e204057e68c97157dfd3b2ed/element - {"using":"xpath","value":"//span[contains(text(), \"WebdriverYardjjtihg\")][contains(@id ,\"application-addressmanagement-display-component---detailAdm--addressDetailDetailsName1\")]"}
RESULT: {"using":"xpath","value":"//span[contains(text(), \"WebdriverYardjjtihg\")][contains(@id ,\"application-addressmanagement-display-component---detailAdm--addressDetailDetailsName1\")]"}
COMMAND: POST /session/7590a931e204057e68c97157dfd3b2ed/element - {"using":"xpath","value":"//span[contains(text(), \"WebdriverYardjjtihg\")][contains(@id ,\"application-addressmanagement-display-component---detailAdm--addressDetailDetailsName1\")]"}
RESULT: {"using":"xpath","value":"//span[contains(text(), \"WebdriverYardjjtihg\")][contains(@id ,\"application-addressmanagement-display-component---detailAdm--addressDetailDetailsName1\")]"}
COMMAND: POST /session/7590a931e204057e68c97157dfd3b2ed/element - {"using":"xpath","value":"//span[contains(text(), \"WebdriverYardjjtihg\")][contains(@id ,\"application-addressmanagement-display-component---detailAdm--addressDetailDetailsName1\")]"}
RESULT: {"using":"xpath","value":"//span[contains(text(), \"WebdriverYardjjtihg\")][contains(@id ,\"application-addressmanagement-display-component---detailAdm--addressDetailDetailsName1\")]"}
COMMAND: POST /session/7590a931e204057e68c97157dfd3b2ed/element - {"using":"xpath","value":"//span[contains(text(), \"WebdriverYardjjtihg\")][contains(@id ,\"application-addressmanagement-display-component---detailAdm--addressDetailDetailsName1\")]"}
RESULT: {"using":"xpath","value":"//span[contains(text(), \"WebdriverYardjjtihg\")][contains(@id ,\"application-addressmanagement-display-component---detailAdm--addressDetailDetailsName1\")]"}
COMMAND: POST /session/7590a931e204057e68c97157dfd3b2ed/element - {"using":"xpath","value":"//span[contains(text(), \"WebdriverYardjjtihg\")][contains(@id ,\"application-addressmanagement-display-component---detailAdm--addressDetailDetailsName1\")]"}
RESULT: {"using":"xpath","value":"//span[contains(text(), \"WebdriverYardjjtihg\")][contains(@id ,\"application-addressmanagement-display-component---detailAdm--addressDetailDetailsName1\")]"}
COMMAND: POST /session/7590a931e204057e68c97157dfd3b2ed/element - {"using":"xpath","value":"//span[contains(text(), \"WebdriverYardjjtihg\")][contains(@id ,\"application-addressmanagement-display-component---detailAdm--addressDetailDetailsName1\")]"}
RESULT: {"using":"xpath","value":"//span[contains(text(), \"WebdriverYardjjtihg\")][contains(@id ,\"application-addressmanagement-display-component---detailAdm--addressDetailDetailsName1\")]"}
]]></system-out>
    </testcase>
    <testcase classname="chrome.135_0_7049_115.windows.Webshop_-_Hyperlinks_visible_and_working_properly__US139085" name="Shpuld verify site hyperlinks" time="247.386">
      <system-out><![CDATA[
COMMAND: POST /session/7590a931e204057e68c97157dfd3b2ed/element - {"using":"xpath","value":"//*[contains(@data-kt ,\"webshopDetailSiteLink\")]"}
RESULT: {"using":"xpath","value":"//*[contains(@data-kt ,\"webshopDetailSiteLink\")]"}
COMMAND: POST /session/7590a931e204057e68c97157dfd3b2ed/execute/sync - {"script":"<script> [8489 bytes]","args":[{"element-6066-11e4-a52e-4f735466cecf":"f.12702CF722B5FE42F3DA0862B080648A.d.DBF096EB6AC8380FAFBA260B2B4A90E0.e.4119","ELEMENT":"f.12702CF722B5FE42F3DA0862B080648A.d.DBF096EB6AC8380FAFBA260B2B4A90E0.e.4119"}]}
RESULT: {"script":"<script> [8489 bytes]","args":[{"element-6066-11e4-a52e-4f735466cecf":"f.12702CF722B5FE42F3DA0862B080648A.d.DBF096EB6AC8380FAFBA260B2B4A90E0.e.4119","ELEMENT":"f.12702CF722B5FE42F3DA0862B080648A.d.DBF096EB6AC8380FAFBA260B2B4A90E0.e.4119"}]}
COMMAND: POST /session/7590a931e204057e68c97157dfd3b2ed/execute/sync - {"script":"<script> [5351 bytes]","args":[{"element-6066-11e4-a52e-4f735466cecf":"f.12702CF722B5FE42F3DA0862B080648A.d.DBF096EB6AC8380FAFBA260B2B4A90E0.e.4119","ELEMENT":"f.12702CF722B5FE42F3DA0862B080648A.d.DBF096EB6AC8380FAFBA260B2B4A90E0.e.4119"}]}
COMMAND: GET /session/7590a931e204057e68c97157dfd3b2ed/screenshot - {}
RESULT: {"script":"<script> [5351 bytes]","args":[{"element-6066-11e4-a52e-4f735466cecf":"f.12702CF722B5FE42F3DA0862B080648A.d.DBF096EB6AC8380FAFBA260B2B4A90E0.e.4119","ELEMENT":"f.12702CF722B5FE42F3DA0862B080648A.d.DBF096EB6AC8380FAFBA260B2B4A90E0.e.4119"}]}
COMMAND: POST /session/7590a931e204057e68c97157dfd3b2ed/element - {"using":"xpath","value":"//*[contains(@data-kt ,\"webshopDetailSiteLink\")]"}
COMMAND: GET /session/7590a931e204057e68c97157dfd3b2ed/screenshot - {}
COMMAND: POST /session/7590a931e204057e68c97157dfd3b2ed/element - {"using":"xpath","value":"//span[contains(text(), \"WebdriverYardjjtihg\")][contains(@id ,\"application-addressmanagement-display-component---detailAdm--addressDetailDetailsName1\")]"}
RESULT: {}
RESULT: {"using":"xpath","value":"//*[contains(@data-kt ,\"webshopDetailSiteLink\")]"}
COMMAND: POST /session/7590a931e204057e68c97157dfd3b2ed/element/f.12702CF722B5FE42F3DA0862B080648A.d.DBF096EB6AC8380FAFBA260B2B4A90E0.e.4119/click - {}
RESULT: {}
RESULT: {"using":"xpath","value":"//span[contains(text(), \"WebdriverYardjjtihg\")][contains(@id ,\"application-addressmanagement-display-component---detailAdm--addressDetailDetailsName1\")]"}
RESULT: {}
COMMAND: GET /session/7590a931e204057e68c97157dfd3b2ed/screenshot - {}
COMMAND: POST /session/7590a931e204057e68c97157dfd3b2ed/element - {"using":"xpath","value":"//span[contains(text(), \"WebdriverYardjjtihg\")][contains(@id ,\"application-addressmanagement-display-component---detailAdm--addressDetailDetailsName1\")]"}
RESULT: {}
RESULT: {"using":"xpath","value":"//span[contains(text(), \"WebdriverYardjjtihg\")][contains(@id ,\"application-addressmanagement-display-component---detailAdm--addressDetailDetailsName1\")]"}
COMMAND: POST /session/7590a931e204057e68c97157dfd3b2ed/element - {"using":"xpath","value":"//span[contains(text(), \"WebdriverYardjjtihg\")][contains(@id ,\"application-addressmanagement-display-component---detailAdm--addressDetailDetailsName1\")]"}
RESULT: {"using":"xpath","value":"//span[contains(text(), \"WebdriverYardjjtihg\")][contains(@id ,\"application-addressmanagement-display-component---detailAdm--addressDetailDetailsName1\")]"}
COMMAND: POST /session/7590a931e204057e68c97157dfd3b2ed/element - {"using":"xpath","value":"//span[contains(text(), \"WebdriverYardjjtihg\")][contains(@id ,\"application-addressmanagement-display-component---detailAdm--addressDetailDetailsName1\")]"}
RESULT: {"using":"xpath","value":"//span[contains(text(), \"WebdriverYardjjtihg\")][contains(@id ,\"application-addressmanagement-display-component---detailAdm--addressDetailDetailsName1\")]"}
COMMAND: POST /session/7590a931e204057e68c97157dfd3b2ed/element - {"using":"xpath","value":"//span[contains(text(), \"WebdriverYardjjtihg\")][contains(@id ,\"application-addressmanagement-display-component---detailAdm--addressDetailDetailsName1\")]"}
RESULT: {"using":"xpath","value":"//span[contains(text(), \"WebdriverYardjjtihg\")][contains(@id ,\"application-addressmanagement-display-component---detailAdm--addressDetailDetailsName1\")]"}
COMMAND: POST /session/7590a931e204057e68c97157dfd3b2ed/element - {"using":"xpath","value":"//*[contains(@data-kt ,\"ContextMenuIdLink\")][contains(text(), \"Manage Site\")]"}
RESULT: {"using":"xpath","value":"//*[contains(@data-kt ,\"ContextMenuIdLink\")][contains(text(), \"Manage Site\")]"}
COMMAND: POST /session/7590a931e204057e68c97157dfd3b2ed/execute/sync - {"script":"<script> [8489 bytes]","args":[{"element-6066-11e4-a52e-4f735466cecf":"f.12702CF722B5FE42F3DA0862B080648A.d.DBF096EB6AC8380FAFBA260B2B4A90E0.e.4121","ELEMENT":"f.12702CF722B5FE42F3DA0862B080648A.d.DBF096EB6AC8380FAFBA260B2B4A90E0.e.4121"}]}
COMMAND: POST /session/7590a931e204057e68c97157dfd3b2ed/element - {"using":"xpath","value":"//*[contains(@data-kt ,\"ContextMenuId2Link\")][contains(text(), \"Site Overview\")]"}
RESULT: {"script":"<script> [8489 bytes]","args":[{"element-6066-11e4-a52e-4f735466cecf":"f.12702CF722B5FE42F3DA0862B080648A.d.DBF096EB6AC8380FAFBA260B2B4A90E0.e.4121","ELEMENT":"f.12702CF722B5FE42F3DA0862B080648A.d.DBF096EB6AC8380FAFBA260B2B4A90E0.e.4121"}]}
COMMAND: GET /session/7590a931e204057e68c97157dfd3b2ed/screenshot - {}
RESULT: {"using":"xpath","value":"//*[contains(@data-kt ,\"ContextMenuId2Link\")][contains(text(), \"Site Overview\")]"}
COMMAND: POST /session/7590a931e204057e68c97157dfd3b2ed/execute/sync - {"script":"<script> [8489 bytes]","args":[{"element-6066-11e4-a52e-4f735466cecf":"f.12702CF722B5FE42F3DA0862B080648A.d.DBF096EB6AC8380FAFBA260B2B4A90E0.e.4122","ELEMENT":"f.12702CF722B5FE42F3DA0862B080648A.d.DBF096EB6AC8380FAFBA260B2B4A90E0.e.4122"}]}
COMMAND: POST /session/7590a931e204057e68c97157dfd3b2ed/element - {"using":"xpath","value":"//*[contains(@data-kt ,\"ContextMenuId3Link\")][contains(text(), \"Site Main Address\")]"}
RESULT: {}
RESULT: {"script":"<script> [8489 bytes]","args":[{"element-6066-11e4-a52e-4f735466cecf":"f.12702CF722B5FE42F3DA0862B080648A.d.DBF096EB6AC8380FAFBA260B2B4A90E0.e.4122","ELEMENT":"f.12702CF722B5FE42F3DA0862B080648A.d.DBF096EB6AC8380FAFBA260B2B4A90E0.e.4122"}]}
COMMAND: GET /session/7590a931e204057e68c97157dfd3b2ed/screenshot - {}
RESULT: {"using":"xpath","value":"//*[contains(@data-kt ,\"ContextMenuId3Link\")][contains(text(), \"Site Main Address\")]"}
COMMAND: POST /session/7590a931e204057e68c97157dfd3b2ed/execute/sync - {"script":"<script> [8489 bytes]","args":[{"element-6066-11e4-a52e-4f735466cecf":"f.12702CF722B5FE42F3DA0862B080648A.d.DBF096EB6AC8380FAFBA260B2B4A90E0.e.4123","ELEMENT":"f.12702CF722B5FE42F3DA0862B080648A.d.DBF096EB6AC8380FAFBA260B2B4A90E0.e.4123"}]}
COMMAND: POST /session/7590a931e204057e68c97157dfd3b2ed/element/f.12702CF722B5FE42F3DA0862B080648A.d.DBF096EB6AC8380FAFBA260B2B4A90E0.e.4121/click - {}
COMMAND: POST /session/7590a931e204057e68c97157dfd3b2ed/element - {"using":"xpath","value":"//span[contains(text(), \"WebdriverYardjjtihg\")][contains(@id ,\"application-addressmanagement-display-component---detailAdm--addressDetailDetailsName1\")]"}
RESULT: {}
RESULT: {"script":"<script> [8489 bytes]","args":[{"element-6066-11e4-a52e-4f735466cecf":"f.12702CF722B5FE42F3DA0862B080648A.d.DBF096EB6AC8380FAFBA260B2B4A90E0.e.4123","ELEMENT":"f.12702CF722B5FE42F3DA0862B080648A.d.DBF096EB6AC8380FAFBA260B2B4A90E0.e.4123"}]}
COMMAND: GET /session/7590a931e204057e68c97157dfd3b2ed/screenshot - {}
RESULT: {}
COMMAND: GET /session/7590a931e204057e68c97157dfd3b2ed/screenshot - {}
COMMAND: POST /session/7590a931e204057e68c97157dfd3b2ed/execute/async - {"script":"<script> [1562 bytes]","args":[{"selector":{"controlType":"sap.m.Title","viewName":"etm.portal.ui.managesites.view.Master","viewId":"application-managesites-display-component---masterSite","i18NText":{"propertyName":"text","key":"sites"}},"wdio_ui5_key":"etmportal.ui.managesites.view.Mastersap.m.Title{\"propertyName\":\"text\",\"key\":\"sites\"}"}]}
RESULT: {"using":"xpath","value":"//span[contains(text(), \"WebdriverYardjjtihg\")][contains(@id ,\"application-addressmanagement-display-component---detailAdm--addressDetailDetailsName1\")]"}
COMMAND: POST /session/7590a931e204057e68c97157dfd3b2ed/element - {"using":"xpath","value":"//span[contains(text(), \"WebdriverYardjjtihg\")][contains(@id ,\"application-addressmanagement-display-component---detailAdm--addressDetailDetailsName1\")]"}
RESULT: {}
RESULT: {}
RESULT: {"script":"<script> [1562 bytes]","args":[{"selector":{"controlType":"sap.m.Title","viewName":"etm.portal.ui.managesites.view.Master","viewId":"application-managesites-display-component---masterSite","i18NText":{"propertyName":"text","key":"sites"}},"wdio_ui5_key":"etmportal.ui.managesites.view.Mastersap.m.Title{\"propertyName\":\"text\",\"key\":\"sites\"}"}]}
RESULT: undefined
COMMAND: POST /session/7590a931e204057e68c97157dfd3b2ed/execute/async - {"script":"<script> [6424 bytes]","args":[{"element-6066-11e4-a52e-4f735466cecf":"f.12702CF722B5FE42F3DA0862B080648A.d.DBF096EB6AC8380FAFBA260B2B4A90E0.e.4412"},"getText",[]]}
RESULT: {"using":"xpath","value":"//span[contains(text(), \"WebdriverYardjjtihg\")][contains(@id ,\"application-addressmanagement-display-component---detailAdm--addressDetailDetailsName1\")]"}
RESULT: {"script":"<script> [6424 bytes]","args":[{"element-6066-11e4-a52e-4f735466cecf":"f.12702CF722B5FE42F3DA0862B080648A.d.DBF096EB6AC8380FAFBA260B2B4A90E0.e.4412"},"getText",[]]}
COMMAND: POST /session/7590a931e204057e68c97157dfd3b2ed/execute/async - {"script":"<script> [1562 bytes]","args":[{"selector":{"id":"application-managesites-display-component---detailSite--addressDetailDetailsName1"},"wdio_ui5_key":"applicationmanagesites-display-component---detailSite--addressDetailDetailsName1"}]}
COMMAND: POST /session/7590a931e204057e68c97157dfd3b2ed/element - {"using":"xpath","value":"//span[contains(text(), \"WebdriverYardjjtihg\")][contains(@id ,\"application-addressmanagement-display-component---detailAdm--addressDetailDetailsName1\")]"}
RESULT: {"script":"<script> [1562 bytes]","args":[{"selector":{"id":"application-managesites-display-component---detailSite--addressDetailDetailsName1"},"wdio_ui5_key":"applicationmanagesites-display-component---detailSite--addressDetailDetailsName1"}]}
RESULT: undefined
COMMAND: POST /session/7590a931e204057e68c97157dfd3b2ed/execute/async - {"script":"<script> [6424 bytes]","args":[{"element-6066-11e4-a52e-4f735466cecf":"f.12702CF722B5FE42F3DA0862B080648A.d.DBF096EB6AC8380FAFBA260B2B4A90E0.e.4173"},"getValue",[]]}
RESULT: {"using":"xpath","value":"//span[contains(text(), \"WebdriverYardjjtihg\")][contains(@id ,\"application-addressmanagement-display-component---detailAdm--addressDetailDetailsName1\")]"}
RESULT: {"script":"<script> [6424 bytes]","args":[{"element-6066-11e4-a52e-4f735466cecf":"f.12702CF722B5FE42F3DA0862B080648A.d.DBF096EB6AC8380FAFBA260B2B4A90E0.e.4173"},"getValue",[]]}
RESULT: undefined
COMMAND: POST /session/7590a931e204057e68c97157dfd3b2ed/element - {"using":"xpath","value":"//*[@id=\"backBtn\"]"}
RESULT: {"using":"xpath","value":"//*[@id=\"backBtn\"]"}
COMMAND: POST /session/7590a931e204057e68c97157dfd3b2ed/element/f.12702CF722B5FE42F3DA0862B080648A.d.DBF096EB6AC8380FAFBA260B2B4A90E0.e.3136/click - {}
COMMAND: POST /session/7590a931e204057e68c97157dfd3b2ed/element - {"using":"xpath","value":"//span[contains(text(), \"WebdriverYardjjtihg\")][contains(@id ,\"application-addressmanagement-display-component---detailAdm--addressDetailDetailsName1\")]"}
RESULT: {}
COMMAND: GET /session/7590a931e204057e68c97157dfd3b2ed/screenshot - {}
RESULT: {"using":"xpath","value":"//span[contains(text(), \"WebdriverYardjjtihg\")][contains(@id ,\"application-addressmanagement-display-component---detailAdm--addressDetailDetailsName1\")]"}
COMMAND: POST /session/7590a931e204057e68c97157dfd3b2ed/element - {"using":"xpath","value":"//span[contains(text(), \"WebdriverYardjjtihg\")][contains(@id ,\"application-addressmanagement-display-component---detailAdm--addressDetailDetailsName1\")]"}
RESULT: {}
RESULT: {"using":"xpath","value":"//span[contains(text(), \"WebdriverYardjjtihg\")][contains(@id ,\"application-addressmanagement-display-component---detailAdm--addressDetailDetailsName1\")]"}
COMMAND: POST /session/7590a931e204057e68c97157dfd3b2ed/element - {"using":"xpath","value":"//span[contains(text(), \"WebdriverYardjjtihg\")][contains(@id ,\"application-addressmanagement-display-component---detailAdm--addressDetailDetailsName1\")]"}
RESULT: {"using":"xpath","value":"//span[contains(text(), \"WebdriverYardjjtihg\")][contains(@id ,\"application-addressmanagement-display-component---detailAdm--addressDetailDetailsName1\")]"}
COMMAND: POST /session/7590a931e204057e68c97157dfd3b2ed/element - {"using":"xpath","value":"//span[contains(text(), \"WebdriverYardjjtihg\")][contains(@id ,\"application-addressmanagement-display-component---detailAdm--addressDetailDetailsName1\")]"}
RESULT: {"using":"xpath","value":"//span[contains(text(), \"WebdriverYardjjtihg\")][contains(@id ,\"application-addressmanagement-display-component---detailAdm--addressDetailDetailsName1\")]"}
COMMAND: POST /session/7590a931e204057e68c97157dfd3b2ed/element - {"using":"xpath","value":"//span[contains(text(), \"WebdriverYardjjtihg\")][contains(@id ,\"application-addressmanagement-display-component---detailAdm--addressDetailDetailsName1\")]"}
RESULT: {"using":"xpath","value":"//span[contains(text(), \"WebdriverYardjjtihg\")][contains(@id ,\"application-addressmanagement-display-component---detailAdm--addressDetailDetailsName1\")]"}
COMMAND: POST /session/7590a931e204057e68c97157dfd3b2ed/element - {"using":"xpath","value":"//span[contains(text(), \"WebdriverYardjjtihg\")][contains(@id ,\"application-addressmanagement-display-component---detailAdm--addressDetailDetailsName1\")]"}
RESULT: {"using":"xpath","value":"//span[contains(text(), \"WebdriverYardjjtihg\")][contains(@id ,\"application-addressmanagement-display-component---detailAdm--addressDetailDetailsName1\")]"}
COMMAND: POST /session/7590a931e204057e68c97157dfd3b2ed/execute/sync - {"script":"<script> [8489 bytes]","args":[{"element-6066-11e4-a52e-4f735466cecf":"f.12702CF722B5FE42F3DA0862B080648A.d.DBF096EB6AC8380FAFBA260B2B4A90E0.e.4119","ELEMENT":"f.12702CF722B5FE42F3DA0862B080648A.d.DBF096EB6AC8380FAFBA260B2B4A90E0.e.4119"}]}
COMMAND: POST /session/7590a931e204057e68c97157dfd3b2ed/element - {"using":"xpath","value":"//*[contains(@data-kt ,\"webshopDetailSiteLink\")]"}
RESULT: {"using":"xpath","value":"//*[contains(@data-kt ,\"webshopDetailSiteLink\")]"}
COMMAND: POST /session/7590a931e204057e68c97157dfd3b2ed/execute/sync - {"script":"<script> [8489 bytes]","args":[{"element-6066-11e4-a52e-4f735466cecf":"f.12702CF722B5FE42F3DA0862B080648A.d.DBF096EB6AC8380FAFBA260B2B4A90E0.e.4545","ELEMENT":"f.12702CF722B5FE42F3DA0862B080648A.d.DBF096EB6AC8380FAFBA260B2B4A90E0.e.4545"}]}
RESULT: {"script":"<script> [8489 bytes]","args":[{"element-6066-11e4-a52e-4f735466cecf":"f.12702CF722B5FE42F3DA0862B080648A.d.DBF096EB6AC8380FAFBA260B2B4A90E0.e.4545","ELEMENT":"f.12702CF722B5FE42F3DA0862B080648A.d.DBF096EB6AC8380FAFBA260B2B4A90E0.e.4545"}]}
COMMAND: POST /session/7590a931e204057e68c97157dfd3b2ed/execute/sync - {"script":"<script> [5351 bytes]","args":[{"element-6066-11e4-a52e-4f735466cecf":"f.12702CF722B5FE42F3DA0862B080648A.d.DBF096EB6AC8380FAFBA260B2B4A90E0.e.4545","ELEMENT":"f.12702CF722B5FE42F3DA0862B080648A.d.DBF096EB6AC8380FAFBA260B2B4A90E0.e.4545"}]}
COMMAND: GET /session/7590a931e204057e68c97157dfd3b2ed/screenshot - {}
RESULT: {"script":"<script> [5351 bytes]","args":[{"element-6066-11e4-a52e-4f735466cecf":"f.12702CF722B5FE42F3DA0862B080648A.d.DBF096EB6AC8380FAFBA260B2B4A90E0.e.4545","ELEMENT":"f.12702CF722B5FE42F3DA0862B080648A.d.DBF096EB6AC8380FAFBA260B2B4A90E0.e.4545"}]}
COMMAND: POST /session/7590a931e204057e68c97157dfd3b2ed/element - {"using":"xpath","value":"//*[contains(@data-kt ,\"webshopDetailSiteLink\")]"}
COMMAND: GET /session/7590a931e204057e68c97157dfd3b2ed/screenshot - {}
COMMAND: POST /session/7590a931e204057e68c97157dfd3b2ed/element - {"using":"xpath","value":"//span[contains(text(), \"WebdriverYardjjtihg\")][contains(@id ,\"application-addressmanagement-display-component---detailAdm--addressDetailDetailsName1\")]"}
RESULT: {}
RESULT: {"using":"xpath","value":"//*[contains(@data-kt ,\"webshopDetailSiteLink\")]"}
COMMAND: POST /session/7590a931e204057e68c97157dfd3b2ed/element/f.12702CF722B5FE42F3DA0862B080648A.d.DBF096EB6AC8380FAFBA260B2B4A90E0.e.4545/click - {}
RESULT: {}
RESULT: {"using":"xpath","value":"//span[contains(text(), \"WebdriverYardjjtihg\")][contains(@id ,\"application-addressmanagement-display-component---detailAdm--addressDetailDetailsName1\")]"}
RESULT: {}
COMMAND: GET /session/7590a931e204057e68c97157dfd3b2ed/screenshot - {}
RESULT: {}
COMMAND: POST /session/7590a931e204057e68c97157dfd3b2ed/element - {"using":"xpath","value":"//span[contains(text(), \"WebdriverYardjjtihg\")][contains(@id ,\"application-addressmanagement-display-component---detailAdm--addressDetailDetailsName1\")]"}
RESULT: {"using":"xpath","value":"//span[contains(text(), \"WebdriverYardjjtihg\")][contains(@id ,\"application-addressmanagement-display-component---detailAdm--addressDetailDetailsName1\")]"}
COMMAND: POST /session/7590a931e204057e68c97157dfd3b2ed/element - {"using":"xpath","value":"//span[contains(text(), \"WebdriverYardjjtihg\")][contains(@id ,\"application-addressmanagement-display-component---detailAdm--addressDetailDetailsName1\")]"}
RESULT: {"using":"xpath","value":"//span[contains(text(), \"WebdriverYardjjtihg\")][contains(@id ,\"application-addressmanagement-display-component---detailAdm--addressDetailDetailsName1\")]"}
COMMAND: POST /session/7590a931e204057e68c97157dfd3b2ed/element - {"using":"xpath","value":"//span[contains(text(), \"WebdriverYardjjtihg\")][contains(@id ,\"application-addressmanagement-display-component---detailAdm--addressDetailDetailsName1\")]"}
RESULT: {"using":"xpath","value":"//span[contains(text(), \"WebdriverYardjjtihg\")][contains(@id ,\"application-addressmanagement-display-component---detailAdm--addressDetailDetailsName1\")]"}
COMMAND: POST /session/7590a931e204057e68c97157dfd3b2ed/element - {"using":"xpath","value":"//span[contains(text(), \"WebdriverYardjjtihg\")][contains(@id ,\"application-addressmanagement-display-component---detailAdm--addressDetailDetailsName1\")]"}
RESULT: {"using":"xpath","value":"//span[contains(text(), \"WebdriverYardjjtihg\")][contains(@id ,\"application-addressmanagement-display-component---detailAdm--addressDetailDetailsName1\")]"}
COMMAND: POST /session/7590a931e204057e68c97157dfd3b2ed/element/f.12702CF722B5FE42F3DA0862B080648A.d.DBF096EB6AC8380FAFBA260B2B4A90E0.e.4122/click - {}
COMMAND: POST /session/7590a931e204057e68c97157dfd3b2ed/element - {"using":"xpath","value":"//*[contains(@data-kt ,\"ContextMenuId2Link\")][contains(text(), \"Site Overview\")]"}
RESULT: {"using":"xpath","value":"//*[contains(@data-kt ,\"ContextMenuId2Link\")][contains(text(), \"Site Overview\")]"}
COMMAND: POST /session/7590a931e204057e68c97157dfd3b2ed/element/f.12702CF722B5FE42F3DA0862B080648A.d.DBF096EB6AC8380FAFBA260B2B4A90E0.e.4122/click - {}
COMMAND: POST /session/7590a931e204057e68c97157dfd3b2ed/element - {"using":"xpath","value":"//*[contains(@data-kt ,\"ContextMenuId2Link\")][contains(text(), \"Site Overview\")]"}
RESULT: {"using":"xpath","value":"//*[contains(@data-kt ,\"ContextMenuId2Link\")][contains(text(), \"Site Overview\")]"}
COMMAND: POST /session/7590a931e204057e68c97157dfd3b2ed/element/f.12702CF722B5FE42F3DA0862B080648A.d.DBF096EB6AC8380FAFBA260B2B4A90E0.e.4547/click - {}
RESULT: {}
COMMAND: GET /session/7590a931e204057e68c97157dfd3b2ed/screenshot - {}
COMMAND: POST /session/7590a931e204057e68c97157dfd3b2ed/element - {"using":"xpath","value":"//span[contains(text(), \"WebdriverYardjjtihg\")][contains(@id ,\"application-addressmanagement-display-component---detailAdm--addressDetailDetailsName1\")]"}
RESULT: {}
RESULT: {"using":"xpath","value":"//span[contains(text(), \"WebdriverYardjjtihg\")][contains(@id ,\"application-addressmanagement-display-component---detailAdm--addressDetailDetailsName1\")]"}
COMMAND: POST /session/7590a931e204057e68c97157dfd3b2ed/element - {"using":"xpath","value":"//span[contains(text(), \"WebdriverYardjjtihg\")][contains(@id ,\"application-addressmanagement-display-component---detailAdm--addressDetailDetailsName1\")]"}
RESULT: {"using":"xpath","value":"//span[contains(text(), \"WebdriverYardjjtihg\")][contains(@id ,\"application-addressmanagement-display-component---detailAdm--addressDetailDetailsName1\")]"}
COMMAND: POST /session/7590a931e204057e68c97157dfd3b2ed/element - {"using":"xpath","value":"//span[contains(text(), \"WebdriverYardjjtihg\")][contains(@id ,\"application-addressmanagement-display-component---detailAdm--addressDetailDetailsName1\")]"}
RESULT: {"using":"xpath","value":"//span[contains(text(), \"WebdriverYardjjtihg\")][contains(@id ,\"application-addressmanagement-display-component---detailAdm--addressDetailDetailsName1\")]"}
RESULT: undefined
COMMAND: POST /session/7590a931e204057e68c97157dfd3b2ed/execute/async - {"script":"<script> [6424 bytes]","args":[{"element-6066-11e4-a52e-4f735466cecf":"f.12702CF722B5FE42F3DA0862B080648A.d.DBF096EB6AC8380FAFBA260B2B4A90E0.e.3134"},"getTitle",[]]}
COMMAND: POST /session/7590a931e204057e68c97157dfd3b2ed/execute/async - {"script":"<script> [1562 bytes]","args":[{"selector":{"id":"shellAppTitle"},"wdio_ui5_key":"shellAppTitle"}]}
RESULT: {"script":"<script> [1562 bytes]","args":[{"selector":{"id":"shellAppTitle"},"wdio_ui5_key":"shellAppTitle"}]}
COMMAND: POST /session/7590a931e204057e68c97157dfd3b2ed/execute/async - {"script":"<script> [6424 bytes]","args":[{"element-6066-11e4-a52e-4f735466cecf":"f.12702CF722B5FE42F3DA0862B080648A.d.DBF096EB6AC8380FAFBA260B2B4A90E0.e.4628"},"getTitle",[]]}
RESULT: {"script":"<script> [6424 bytes]","args":[{"element-6066-11e4-a52e-4f735466cecf":"f.12702CF722B5FE42F3DA0862B080648A.d.DBF096EB6AC8380FAFBA260B2B4A90E0.e.4628"},"getTitle",[]]}
COMMAND: POST /session/7590a931e204057e68c97157dfd3b2ed/element - {"using":"xpath","value":"(//span[contains(text(), \"WebdriverSite50s22\")])[2]"}
RESULT: {"using":"xpath","value":"(//span[contains(text(), \"WebdriverSite50s22\")])[2]"}
COMMAND: POST /session/7590a931e204057e68c97157dfd3b2ed/execute/sync - {"script":"<script> [8489 bytes]","args":[{"element-6066-11e4-a52e-4f735466cecf":"f.12702CF722B5FE42F3DA0862B080648A.d.DBF096EB6AC8380FAFBA260B2B4A90E0.e.4629","ELEMENT":"f.12702CF722B5FE42F3DA0862B080648A.d.DBF096EB6AC8380FAFBA260B2B4A90E0.e.4629"}]}
RESULT: undefined
COMMAND: POST /session/7590a931e204057e68c97157dfd3b2ed/element - {"using":"xpath","value":"//*[@id=\"backBtn\"]"}
RESULT: {"using":"xpath","value":"//*[@id=\"backBtn\"]"}
COMMAND: POST /session/7590a931e204057e68c97157dfd3b2ed/element/f.12702CF722B5FE42F3DA0862B080648A.d.DBF096EB6AC8380FAFBA260B2B4A90E0.e.3136/click - {}
RESULT: {"script":"<script> [8489 bytes]","args":[{"element-6066-11e4-a52e-4f735466cecf":"f.12702CF722B5FE42F3DA0862B080648A.d.DBF096EB6AC8380FAFBA260B2B4A90E0.e.4629","ELEMENT":"f.12702CF722B5FE42F3DA0862B080648A.d.DBF096EB6AC8380FAFBA260B2B4A90E0.e.4629"}]}
COMMAND: GET /session/7590a931e204057e68c97157dfd3b2ed/screenshot - {}
RESULT: {}
COMMAND: GET /session/7590a931e204057e68c97157dfd3b2ed/screenshot - {}
RESULT: {}
RESULT: {}
COMMAND: POST /session/7590a931e204057e68c97157dfd3b2ed/execute/sync - {"script":"<script> [8489 bytes]","args":[{"element-6066-11e4-a52e-4f735466cecf":"f.12702CF722B5FE42F3DA0862B080648A.d.DBF096EB6AC8380FAFBA260B2B4A90E0.e.4545","ELEMENT":"f.12702CF722B5FE42F3DA0862B080648A.d.DBF096EB6AC8380FAFBA260B2B4A90E0.e.4545"}]}
COMMAND: POST /session/7590a931e204057e68c97157dfd3b2ed/element - {"using":"xpath","value":"//*[contains(@data-kt ,\"webshopDetailSiteLink\")]"}
RESULT: {"using":"xpath","value":"//*[contains(@data-kt ,\"webshopDetailSiteLink\")]"}
COMMAND: POST /session/7590a931e204057e68c97157dfd3b2ed/execute/sync - {"script":"<script> [8489 bytes]","args":[{"element-6066-11e4-a52e-4f735466cecf":"f.12702CF722B5FE42F3DA0862B080648A.d.DBF096EB6AC8380FAFBA260B2B4A90E0.e.4801","ELEMENT":"f.12702CF722B5FE42F3DA0862B080648A.d.DBF096EB6AC8380FAFBA260B2B4A90E0.e.4801"}]}
RESULT: {"script":"<script> [8489 bytes]","args":[{"element-6066-11e4-a52e-4f735466cecf":"f.12702CF722B5FE42F3DA0862B080648A.d.DBF096EB6AC8380FAFBA260B2B4A90E0.e.4801","ELEMENT":"f.12702CF722B5FE42F3DA0862B080648A.d.DBF096EB6AC8380FAFBA260B2B4A90E0.e.4801"}]}
COMMAND: POST /session/7590a931e204057e68c97157dfd3b2ed/execute/sync - {"script":"<script> [5351 bytes]","args":[{"element-6066-11e4-a52e-4f735466cecf":"f.12702CF722B5FE42F3DA0862B080648A.d.DBF096EB6AC8380FAFBA260B2B4A90E0.e.4801","ELEMENT":"f.12702CF722B5FE42F3DA0862B080648A.d.DBF096EB6AC8380FAFBA260B2B4A90E0.e.4801"}]}
COMMAND: GET /session/7590a931e204057e68c97157dfd3b2ed/screenshot - {}
RESULT: {"script":"<script> [5351 bytes]","args":[{"element-6066-11e4-a52e-4f735466cecf":"f.12702CF722B5FE42F3DA0862B080648A.d.DBF096EB6AC8380FAFBA260B2B4A90E0.e.4801","ELEMENT":"f.12702CF722B5FE42F3DA0862B080648A.d.DBF096EB6AC8380FAFBA260B2B4A90E0.e.4801"}]}
COMMAND: GET /session/7590a931e204057e68c97157dfd3b2ed/screenshot - {}
COMMAND: POST /session/7590a931e204057e68c97157dfd3b2ed/execute/sync - {"script":"<script> [8489 bytes]","args":[{"element-6066-11e4-a52e-4f735466cecf":"f.12702CF722B5FE42F3DA0862B080648A.d.DBF096EB6AC8380FAFBA260B2B4A90E0.e.4801","ELEMENT":"f.12702CF722B5FE42F3DA0862B080648A.d.DBF096EB6AC8380FAFBA260B2B4A90E0.e.4801"}]}
RESULT: {}
RESULT: {}
RESULT: {"script":"<script> [8489 bytes]","args":[{"element-6066-11e4-a52e-4f735466cecf":"f.12702CF722B5FE42F3DA0862B080648A.d.DBF096EB6AC8380FAFBA260B2B4A90E0.e.4801","ELEMENT":"f.12702CF722B5FE42F3DA0862B080648A.d.DBF096EB6AC8380FAFBA260B2B4A90E0.e.4801"}]}
COMMAND: POST /session/7590a931e204057e68c97157dfd3b2ed/execute/sync - {"script":"<script> [5351 bytes]","args":[{"element-6066-11e4-a52e-4f735466cecf":"f.12702CF722B5FE42F3DA0862B080648A.d.DBF096EB6AC8380FAFBA260B2B4A90E0.e.4801","ELEMENT":"f.12702CF722B5FE42F3DA0862B080648A.d.DBF096EB6AC8380FAFBA260B2B4A90E0.e.4801"}]}
COMMAND: GET /session/7590a931e204057e68c97157dfd3b2ed/screenshot - {}
RESULT: {"script":"<script> [5351 bytes]","args":[{"element-6066-11e4-a52e-4f735466cecf":"f.12702CF722B5FE42F3DA0862B080648A.d.DBF096EB6AC8380FAFBA260B2B4A90E0.e.4801","ELEMENT":"f.12702CF722B5FE42F3DA0862B080648A.d.DBF096EB6AC8380FAFBA260B2B4A90E0.e.4801"}]}
COMMAND: POST /session/7590a931e204057e68c97157dfd3b2ed/execute/sync - {"script":"<script> [8489 bytes]","args":[{"element-6066-11e4-a52e-4f735466cecf":"f.12702CF722B5FE42F3DA0862B080648A.d.DBF096EB6AC8380FAFBA260B2B4A90E0.e.4801","ELEMENT":"f.12702CF722B5FE42F3DA0862B080648A.d.DBF096EB6AC8380FAFBA260B2B4A90E0.e.4801"}]}
COMMAND: GET /session/7590a931e204057e68c97157dfd3b2ed/screenshot - {}
RESULT: {}
RESULT: {"script":"<script> [8489 bytes]","args":[{"element-6066-11e4-a52e-4f735466cecf":"f.12702CF722B5FE42F3DA0862B080648A.d.DBF096EB6AC8380FAFBA260B2B4A90E0.e.4801","ELEMENT":"f.12702CF722B5FE42F3DA0862B080648A.d.DBF096EB6AC8380FAFBA260B2B4A90E0.e.4801"}]}
COMMAND: POST /session/7590a931e204057e68c97157dfd3b2ed/execute/sync - {"script":"<script> [5351 bytes]","args":[{"element-6066-11e4-a52e-4f735466cecf":"f.12702CF722B5FE42F3DA0862B080648A.d.DBF096EB6AC8380FAFBA260B2B4A90E0.e.4801","ELEMENT":"f.12702CF722B5FE42F3DA0862B080648A.d.DBF096EB6AC8380FAFBA260B2B4A90E0.e.4801"}]}
COMMAND: GET /session/7590a931e204057e68c97157dfd3b2ed/screenshot - {}
RESULT: {}
RESULT: {"script":"<script> [5351 bytes]","args":[{"element-6066-11e4-a52e-4f735466cecf":"f.12702CF722B5FE42F3DA0862B080648A.d.DBF096EB6AC8380FAFBA260B2B4A90E0.e.4801","ELEMENT":"f.12702CF722B5FE42F3DA0862B080648A.d.DBF096EB6AC8380FAFBA260B2B4A90E0.e.4801"}]}
COMMAND: POST /session/7590a931e204057e68c97157dfd3b2ed/execute/sync - {"script":"<script> [8489 bytes]","args":[{"element-6066-11e4-a52e-4f735466cecf":"f.12702CF722B5FE42F3DA0862B080648A.d.DBF096EB6AC8380FAFBA260B2B4A90E0.e.4801","ELEMENT":"f.12702CF722B5FE42F3DA0862B080648A.d.DBF096EB6AC8380FAFBA260B2B4A90E0.e.4801"}]}
COMMAND: GET /session/7590a931e204057e68c97157dfd3b2ed/screenshot - {}
RESULT: {}
RESULT: {"script":"<script> [8489 bytes]","args":[{"element-6066-11e4-a52e-4f735466cecf":"f.12702CF722B5FE42F3DA0862B080648A.d.DBF096EB6AC8380FAFBA260B2B4A90E0.e.4801","ELEMENT":"f.12702CF722B5FE42F3DA0862B080648A.d.DBF096EB6AC8380FAFBA260B2B4A90E0.e.4801"}]}
COMMAND: POST /session/7590a931e204057e68c97157dfd3b2ed/execute/sync - {"script":"<script> [5351 bytes]","args":[{"element-6066-11e4-a52e-4f735466cecf":"f.12702CF722B5FE42F3DA0862B080648A.d.DBF096EB6AC8380FAFBA260B2B4A90E0.e.4801","ELEMENT":"f.12702CF722B5FE42F3DA0862B080648A.d.DBF096EB6AC8380FAFBA260B2B4A90E0.e.4801"}]}
COMMAND: GET /session/7590a931e204057e68c97157dfd3b2ed/screenshot - {}
RESULT: {}
RESULT: {"script":"<script> [5351 bytes]","args":[{"element-6066-11e4-a52e-4f735466cecf":"f.12702CF722B5FE42F3DA0862B080648A.d.DBF096EB6AC8380FAFBA260B2B4A90E0.e.4801","ELEMENT":"f.12702CF722B5FE42F3DA0862B080648A.d.DBF096EB6AC8380FAFBA260B2B4A90E0.e.4801"}]}
COMMAND: POST /session/7590a931e204057e68c97157dfd3b2ed/execute/sync - {"script":"<script> [8489 bytes]","args":[{"element-6066-11e4-a52e-4f735466cecf":"f.12702CF722B5FE42F3DA0862B080648A.d.DBF096EB6AC8380FAFBA260B2B4A90E0.e.4801","ELEMENT":"f.12702CF722B5FE42F3DA0862B080648A.d.DBF096EB6AC8380FAFBA260B2B4A90E0.e.4801"}]}
COMMAND: GET /session/7590a931e204057e68c97157dfd3b2ed/screenshot - {}
RESULT: {}
RESULT: {"script":"<script> [8489 bytes]","args":[{"element-6066-11e4-a52e-4f735466cecf":"f.12702CF722B5FE42F3DA0862B080648A.d.DBF096EB6AC8380FAFBA260B2B4A90E0.e.4801","ELEMENT":"f.12702CF722B5FE42F3DA0862B080648A.d.DBF096EB6AC8380FAFBA260B2B4A90E0.e.4801"}]}
COMMAND: POST /session/7590a931e204057e68c97157dfd3b2ed/execute/sync - {"script":"<script> [5351 bytes]","args":[{"element-6066-11e4-a52e-4f735466cecf":"f.12702CF722B5FE42F3DA0862B080648A.d.DBF096EB6AC8380FAFBA260B2B4A90E0.e.4801","ELEMENT":"f.12702CF722B5FE42F3DA0862B080648A.d.DBF096EB6AC8380FAFBA260B2B4A90E0.e.4801"}]}
COMMAND: GET /session/7590a931e204057e68c97157dfd3b2ed/screenshot - {}
RESULT: {}
RESULT: {"script":"<script> [5351 bytes]","args":[{"element-6066-11e4-a52e-4f735466cecf":"f.12702CF722B5FE42F3DA0862B080648A.d.DBF096EB6AC8380FAFBA260B2B4A90E0.e.4801","ELEMENT":"f.12702CF722B5FE42F3DA0862B080648A.d.DBF096EB6AC8380FAFBA260B2B4A90E0.e.4801"}]}
COMMAND: POST /session/7590a931e204057e68c97157dfd3b2ed/execute/sync - {"script":"<script> [8489 bytes]","args":[{"element-6066-11e4-a52e-4f735466cecf":"f.12702CF722B5FE42F3DA0862B080648A.d.DBF096EB6AC8380FAFBA260B2B4A90E0.e.4801","ELEMENT":"f.12702CF722B5FE42F3DA0862B080648A.d.DBF096EB6AC8380FAFBA260B2B4A90E0.e.4801"}]}
COMMAND: GET /session/7590a931e204057e68c97157dfd3b2ed/screenshot - {}
RESULT: {}
RESULT: {"script":"<script> [8489 bytes]","args":[{"element-6066-11e4-a52e-4f735466cecf":"f.12702CF722B5FE42F3DA0862B080648A.d.DBF096EB6AC8380FAFBA260B2B4A90E0.e.4801","ELEMENT":"f.12702CF722B5FE42F3DA0862B080648A.d.DBF096EB6AC8380FAFBA260B2B4A90E0.e.4801"}]}
COMMAND: POST /session/7590a931e204057e68c97157dfd3b2ed/execute/sync - {"script":"<script> [5351 bytes]","args":[{"element-6066-11e4-a52e-4f735466cecf":"f.12702CF722B5FE42F3DA0862B080648A.d.DBF096EB6AC8380FAFBA260B2B4A90E0.e.4801","ELEMENT":"f.12702CF722B5FE42F3DA0862B080648A.d.DBF096EB6AC8380FAFBA260B2B4A90E0.e.4801"}]}
COMMAND: GET /session/7590a931e204057e68c97157dfd3b2ed/screenshot - {}
RESULT: {}
RESULT: {"script":"<script> [5351 bytes]","args":[{"element-6066-11e4-a52e-4f735466cecf":"f.12702CF722B5FE42F3DA0862B080648A.d.DBF096EB6AC8380FAFBA260B2B4A90E0.e.4801","ELEMENT":"f.12702CF722B5FE42F3DA0862B080648A.d.DBF096EB6AC8380FAFBA260B2B4A90E0.e.4801"}]}
COMMAND: POST /session/7590a931e204057e68c97157dfd3b2ed/execute/sync - {"script":"<script> [8489 bytes]","args":[{"element-6066-11e4-a52e-4f735466cecf":"f.12702CF722B5FE42F3DA0862B080648A.d.DBF096EB6AC8380FAFBA260B2B4A90E0.e.4801","ELEMENT":"f.12702CF722B5FE42F3DA0862B080648A.d.DBF096EB6AC8380FAFBA260B2B4A90E0.e.4801"}]}
COMMAND: GET /session/7590a931e204057e68c97157dfd3b2ed/screenshot - {}
RESULT: {}
RESULT: {"script":"<script> [8489 bytes]","args":[{"element-6066-11e4-a52e-4f735466cecf":"f.12702CF722B5FE42F3DA0862B080648A.d.DBF096EB6AC8380FAFBA260B2B4A90E0.e.4801","ELEMENT":"f.12702CF722B5FE42F3DA0862B080648A.d.DBF096EB6AC8380FAFBA260B2B4A90E0.e.4801"}]}
COMMAND: POST /session/7590a931e204057e68c97157dfd3b2ed/execute/sync - {"script":"<script> [5351 bytes]","args":[{"element-6066-11e4-a52e-4f735466cecf":"f.12702CF722B5FE42F3DA0862B080648A.d.DBF096EB6AC8380FAFBA260B2B4A90E0.e.4801","ELEMENT":"f.12702CF722B5FE42F3DA0862B080648A.d.DBF096EB6AC8380FAFBA260B2B4A90E0.e.4801"}]}
COMMAND: GET /session/7590a931e204057e68c97157dfd3b2ed/screenshot - {}
RESULT: {}
RESULT: {"script":"<script> [5351 bytes]","args":[{"element-6066-11e4-a52e-4f735466cecf":"f.12702CF722B5FE42F3DA0862B080648A.d.DBF096EB6AC8380FAFBA260B2B4A90E0.e.4801","ELEMENT":"f.12702CF722B5FE42F3DA0862B080648A.d.DBF096EB6AC8380FAFBA260B2B4A90E0.e.4801"}]}
COMMAND: POST /session/7590a931e204057e68c97157dfd3b2ed/execute/sync - {"script":"<script> [8489 bytes]","args":[{"element-6066-11e4-a52e-4f735466cecf":"f.12702CF722B5FE42F3DA0862B080648A.d.DBF096EB6AC8380FAFBA260B2B4A90E0.e.4801","ELEMENT":"f.12702CF722B5FE42F3DA0862B080648A.d.DBF096EB6AC8380FAFBA260B2B4A90E0.e.4801"}]}
COMMAND: GET /session/7590a931e204057e68c97157dfd3b2ed/screenshot - {}
RESULT: {}
RESULT: {"script":"<script> [8489 bytes]","args":[{"element-6066-11e4-a52e-4f735466cecf":"f.12702CF722B5FE42F3DA0862B080648A.d.DBF096EB6AC8380FAFBA260B2B4A90E0.e.4801","ELEMENT":"f.12702CF722B5FE42F3DA0862B080648A.d.DBF096EB6AC8380FAFBA260B2B4A90E0.e.4801"}]}
COMMAND: POST /session/7590a931e204057e68c97157dfd3b2ed/execute/sync - {"script":"<script> [5351 bytes]","args":[{"element-6066-11e4-a52e-4f735466cecf":"f.12702CF722B5FE42F3DA0862B080648A.d.DBF096EB6AC8380FAFBA260B2B4A90E0.e.4801","ELEMENT":"f.12702CF722B5FE42F3DA0862B080648A.d.DBF096EB6AC8380FAFBA260B2B4A90E0.e.4801"}]}
COMMAND: GET /session/7590a931e204057e68c97157dfd3b2ed/screenshot - {}
RESULT: {}
RESULT: {"script":"<script> [5351 bytes]","args":[{"element-6066-11e4-a52e-4f735466cecf":"f.12702CF722B5FE42F3DA0862B080648A.d.DBF096EB6AC8380FAFBA260B2B4A90E0.e.4801","ELEMENT":"f.12702CF722B5FE42F3DA0862B080648A.d.DBF096EB6AC8380FAFBA260B2B4A90E0.e.4801"}]}
COMMAND: POST /session/7590a931e204057e68c97157dfd3b2ed/execute/sync - {"script":"<script> [8489 bytes]","args":[{"element-6066-11e4-a52e-4f735466cecf":"f.12702CF722B5FE42F3DA0862B080648A.d.DBF096EB6AC8380FAFBA260B2B4A90E0.e.4801","ELEMENT":"f.12702CF722B5FE42F3DA0862B080648A.d.DBF096EB6AC8380FAFBA260B2B4A90E0.e.4801"}]}
COMMAND: GET /session/7590a931e204057e68c97157dfd3b2ed/screenshot - {}
RESULT: {}
RESULT: {"script":"<script> [8489 bytes]","args":[{"element-6066-11e4-a52e-4f735466cecf":"f.12702CF722B5FE42F3DA0862B080648A.d.DBF096EB6AC8380FAFBA260B2B4A90E0.e.4801","ELEMENT":"f.12702CF722B5FE42F3DA0862B080648A.d.DBF096EB6AC8380FAFBA260B2B4A90E0.e.4801"}]}
COMMAND: POST /session/7590a931e204057e68c97157dfd3b2ed/execute/sync - {"script":"<script> [5351 bytes]","args":[{"element-6066-11e4-a52e-4f735466cecf":"f.12702CF722B5FE42F3DA0862B080648A.d.DBF096EB6AC8380FAFBA260B2B4A90E0.e.4801","ELEMENT":"f.12702CF722B5FE42F3DA0862B080648A.d.DBF096EB6AC8380FAFBA260B2B4A90E0.e.4801"}]}
COMMAND: GET /session/7590a931e204057e68c97157dfd3b2ed/screenshot - {}
RESULT: {}
RESULT: {"script":"<script> [5351 bytes]","args":[{"element-6066-11e4-a52e-4f735466cecf":"f.12702CF722B5FE42F3DA0862B080648A.d.DBF096EB6AC8380FAFBA260B2B4A90E0.e.4801","ELEMENT":"f.12702CF722B5FE42F3DA0862B080648A.d.DBF096EB6AC8380FAFBA260B2B4A90E0.e.4801"}]}
RESULT: {}
COMMAND: POST /session/7590a931e204057e68c97157dfd3b2ed/execute/sync - {"script":"<script> [8489 bytes]","args":[{"element-6066-11e4-a52e-4f735466cecf":"f.12702CF722B5FE42F3DA0862B080648A.d.DBF096EB6AC8380FAFBA260B2B4A90E0.e.4801","ELEMENT":"f.12702CF722B5FE42F3DA0862B080648A.d.DBF096EB6AC8380FAFBA260B2B4A90E0.e.4801"}]}
COMMAND: GET /session/7590a931e204057e68c97157dfd3b2ed/screenshot - {}
RESULT: {"script":"<script> [8489 bytes]","args":[{"element-6066-11e4-a52e-4f735466cecf":"f.12702CF722B5FE42F3DA0862B080648A.d.DBF096EB6AC8380FAFBA260B2B4A90E0.e.4801","ELEMENT":"f.12702CF722B5FE42F3DA0862B080648A.d.DBF096EB6AC8380FAFBA260B2B4A90E0.e.4801"}]}
COMMAND: POST /session/7590a931e204057e68c97157dfd3b2ed/execute/sync - {"script":"<script> [5351 bytes]","args":[{"element-6066-11e4-a52e-4f735466cecf":"f.12702CF722B5FE42F3DA0862B080648A.d.DBF096EB6AC8380FAFBA260B2B4A90E0.e.4801","ELEMENT":"f.12702CF722B5FE42F3DA0862B080648A.d.DBF096EB6AC8380FAFBA260B2B4A90E0.e.4801"}]}
RESULT: {"script":"<script> [5351 bytes]","args":[{"element-6066-11e4-a52e-4f735466cecf":"f.12702CF722B5FE42F3DA0862B080648A.d.DBF096EB6AC8380FAFBA260B2B4A90E0.e.4801","ELEMENT":"f.12702CF722B5FE42F3DA0862B080648A.d.DBF096EB6AC8380FAFBA260B2B4A90E0.e.4801"}]}
COMMAND: POST /session/7590a931e204057e68c97157dfd3b2ed/element - {"using":"xpath","value":"//*[contains(@data-kt ,\"webshopDetailSiteLink\")]"}
RESULT: {"using":"xpath","value":"//*[contains(@data-kt ,\"webshopDetailSiteLink\")]"}
COMMAND: POST /session/7590a931e204057e68c97157dfd3b2ed/element/f.12702CF722B5FE42F3DA0862B080648A.d.DBF096EB6AC8380FAFBA260B2B4A90E0.e.4801/click - {}
COMMAND: GET /session/7590a931e204057e68c97157dfd3b2ed/screenshot - {}
COMMAND: GET /session/7590a931e204057e68c97157dfd3b2ed/screenshot - {}
RESULT: {}
RESULT: {}
RESULT: {}
COMMAND: GET /session/7590a931e204057e68c97157dfd3b2ed/screenshot - {}
RESULT: {}
RESULT: {}
COMMAND: POST /session/7590a931e204057e68c97157dfd3b2ed/element/f.12702CF722B5FE42F3DA0862B080648A.d.DBF096EB6AC8380FAFBA260B2B4A90E0.e.4123/click - {}
COMMAND: POST /session/7590a931e204057e68c97157dfd3b2ed/element - {"using":"xpath","value":"//*[contains(@data-kt ,\"ContextMenuId3Link\")][contains(text(), \"Site Main Address\")]"}
RESULT: {"using":"xpath","value":"//*[contains(@data-kt ,\"ContextMenuId3Link\")][contains(text(), \"Site Main Address\")]"}
COMMAND: POST /session/7590a931e204057e68c97157dfd3b2ed/element/f.12702CF722B5FE42F3DA0862B080648A.d.DBF096EB6AC8380FAFBA260B2B4A90E0.e.4123/click - {}
COMMAND: POST /session/7590a931e204057e68c97157dfd3b2ed/element - {"using":"xpath","value":"//*[contains(@data-kt ,\"ContextMenuId3Link\")][contains(text(), \"Site Main Address\")]"}
RESULT: {"using":"xpath","value":"//*[contains(@data-kt ,\"ContextMenuId3Link\")][contains(text(), \"Site Main Address\")]"}
COMMAND: POST /session/7590a931e204057e68c97157dfd3b2ed/element/f.12702CF722B5FE42F3DA0862B080648A.d.DBF096EB6AC8380FAFBA260B2B4A90E0.e.4805/click - {}
RESULT: {}
COMMAND: GET /session/7590a931e204057e68c97157dfd3b2ed/screenshot - {}
RESULT: {}
COMMAND: POST /session/7590a931e204057e68c97157dfd3b2ed/element - {"using":"xpath","value":"//span[contains(@id ,\"application-addressmanagement-display-component---masterAdm--title1-inner\")]"}
RESULT: {"using":"xpath","value":"//span[contains(@id ,\"application-addressmanagement-display-component---masterAdm--title1-inner\")]"}
COMMAND: GET /session/7590a931e204057e68c97157dfd3b2ed/element/f.12702CF722B5FE42F3DA0862B080648A.d.DBF096EB6AC8380FAFBA260B2B4A90E0.e.4997/text - {}
RESULT: {}
COMMAND: POST /session/7590a931e204057e68c97157dfd3b2ed/element - {"using":"xpath","value":"//span[contains(@id ,\"application-addressmanagement-display-component---detailAdm--addressDetailDetailsName1\")][contains(text(), \"WebdriverSite50s22\")]"}
RESULT: {"using":"xpath","value":"//span[contains(@id ,\"application-addressmanagement-display-component---detailAdm--addressDetailDetailsName1\")][contains(text(), \"WebdriverSite50s22\")]"}
COMMAND: POST /session/7590a931e204057e68c97157dfd3b2ed/execute/sync - {"script":"<script> [8489 bytes]","args":[{"element-6066-11e4-a52e-4f735466cecf":"f.12702CF722B5FE42F3DA0862B080648A.d.DBF096EB6AC8380FAFBA260B2B4A90E0.e.4998","ELEMENT":"f.12702CF722B5FE42F3DA0862B080648A.d.DBF096EB6AC8380FAFBA260B2B4A90E0.e.4998"}]}
RESULT: undefined
COMMAND: POST /session/7590a931e204057e68c97157dfd3b2ed/element - {"using":"xpath","value":"//*[@id=\"backBtn\"]"}
RESULT: {"script":"<script> [8489 bytes]","args":[{"element-6066-11e4-a52e-4f735466cecf":"f.12702CF722B5FE42F3DA0862B080648A.d.DBF096EB6AC8380FAFBA260B2B4A90E0.e.4998","ELEMENT":"f.12702CF722B5FE42F3DA0862B080648A.d.DBF096EB6AC8380FAFBA260B2B4A90E0.e.4998"}]}
COMMAND: GET /session/7590a931e204057e68c97157dfd3b2ed/screenshot - {}
RESULT: {"using":"xpath","value":"//*[@id=\"backBtn\"]"}
COMMAND: POST /session/7590a931e204057e68c97157dfd3b2ed/element/f.12702CF722B5FE42F3DA0862B080648A.d.DBF096EB6AC8380FAFBA260B2B4A90E0.e.3136/click - {}
RESULT: {}
RESULT: {}
COMMAND: GET /session/7590a931e204057e68c97157dfd3b2ed/screenshot - {}
RESULT: {}
COMMAND: POST /session/7590a931e204057e68c97157dfd3b2ed/execute/sync - {"script":"<script> [8489 bytes]","args":[{"element-6066-11e4-a52e-4f735466cecf":"f.12702CF722B5FE42F3DA0862B080648A.d.DBF096EB6AC8380FAFBA260B2B4A90E0.e.4801","ELEMENT":"f.12702CF722B5FE42F3DA0862B080648A.d.DBF096EB6AC8380FAFBA260B2B4A90E0.e.4801"}]}
COMMAND: POST /session/7590a931e204057e68c97157dfd3b2ed/element - {"using":"xpath","value":"//*[contains(@data-kt ,\"webshopDetailSiteLink\")]"}
RESULT: {"using":"xpath","value":"//*[contains(@data-kt ,\"webshopDetailSiteLink\")]"}
COMMAND: POST /session/7590a931e204057e68c97157dfd3b2ed/execute/sync - {"script":"<script> [8489 bytes]","args":[{"element-6066-11e4-a52e-4f735466cecf":"f.12702CF722B5FE42F3DA0862B080648A.d.DBF096EB6AC8380FAFBA260B2B4A90E0.e.5130","ELEMENT":"f.12702CF722B5FE42F3DA0862B080648A.d.DBF096EB6AC8380FAFBA260B2B4A90E0.e.5130"}]}
RESULT: {"script":"<script> [8489 bytes]","args":[{"element-6066-11e4-a52e-4f735466cecf":"f.12702CF722B5FE42F3DA0862B080648A.d.DBF096EB6AC8380FAFBA260B2B4A90E0.e.5130","ELEMENT":"f.12702CF722B5FE42F3DA0862B080648A.d.DBF096EB6AC8380FAFBA260B2B4A90E0.e.5130"}]}
COMMAND: POST /session/7590a931e204057e68c97157dfd3b2ed/execute/sync - {"script":"<script> [5351 bytes]","args":[{"element-6066-11e4-a52e-4f735466cecf":"f.12702CF722B5FE42F3DA0862B080648A.d.DBF096EB6AC8380FAFBA260B2B4A90E0.e.5130","ELEMENT":"f.12702CF722B5FE42F3DA0862B080648A.d.DBF096EB6AC8380FAFBA260B2B4A90E0.e.5130"}]}
COMMAND: GET /session/7590a931e204057e68c97157dfd3b2ed/screenshot - {}
RESULT: {"script":"<script> [5351 bytes]","args":[{"element-6066-11e4-a52e-4f735466cecf":"f.12702CF722B5FE42F3DA0862B080648A.d.DBF096EB6AC8380FAFBA260B2B4A90E0.e.5130","ELEMENT":"f.12702CF722B5FE42F3DA0862B080648A.d.DBF096EB6AC8380FAFBA260B2B4A90E0.e.5130"}]}
COMMAND: POST /session/7590a931e204057e68c97157dfd3b2ed/element - {"using":"xpath","value":"//*[contains(@data-kt ,\"webshopDetailSiteLink\")]"}
COMMAND: GET /session/7590a931e204057e68c97157dfd3b2ed/screenshot - {}
RESULT: {}
RESULT: {"using":"xpath","value":"//*[contains(@data-kt ,\"webshopDetailSiteLink\")]"}
COMMAND: POST /session/7590a931e204057e68c97157dfd3b2ed/element/f.12702CF722B5FE42F3DA0862B080648A.d.DBF096EB6AC8380FAFBA260B2B4A90E0.e.5130/click - {}
RESULT: {}
RESULT: {}
COMMAND: GET /session/7590a931e204057e68c97157dfd3b2ed/screenshot - {}
RESULT: {}
COMMAND: POST /session/7590a931e204057e68c97157dfd3b2ed/element - {"using":"xpath","value":"//button[contains(@data-kt ,\"ContextMenuIdExternalLink\")]"}
RESULT: {"using":"xpath","value":"//button[contains(@data-kt ,\"ContextMenuIdExternalLink\")]"}
COMMAND: POST /session/7590a931e204057e68c97157dfd3b2ed/element/f.12702CF722B5FE42F3DA0862B080648A.d.DBF096EB6AC8380FAFBA260B2B4A90E0.e.5131/click - {}
RESULT: {}
COMMAND: GET /session/7590a931e204057e68c97157dfd3b2ed/screenshot - {}
RESULT: {}
COMMAND: GET /session/7590a931e204057e68c97157dfd3b2ed/window/handles - {}
RESULT: {}
COMMAND: POST /session/7590a931e204057e68c97157dfd3b2ed/window - {"handle":"0D60A2A97F724C32860D693B0201BCEA"}
RESULT: {"handle":"0D60A2A97F724C32860D693B0201BCEA"}
COMMAND: GET /session/7590a931e204057e68c97157dfd3b2ed/url - {}
RESULT: {}
COMMAND: GET /session/7590a931e204057e68c97157dfd3b2ed/screenshot - {}
COMMAND: DELETE /session/7590a931e204057e68c97157dfd3b2ed/window - {}
RESULT: {}
RESULT: {}
COMMAND: POST /session/7590a931e204057e68c97157dfd3b2ed/window - {"handle":"12702CF722B5FE42F3DA0862B080648A"}
RESULT: {"handle":"12702CF722B5FE42F3DA0862B080648A"}
COMMAND: GET /session/7590a931e204057e68c97157dfd3b2ed/url - {}
RESULT: {}
COMMAND: GET /session/7590a931e204057e68c97157dfd3b2ed/screenshot - {}
RESULT: {}
COMMAND: POST /session/7590a931e204057e68c97157dfd3b2ed/element - {"using":"xpath","value":"//button[contains(@data-kt ,\"ContextMenuExternalId2Link\")]"}
RESULT: {"using":"xpath","value":"//button[contains(@data-kt ,\"ContextMenuExternalId2Link\")]"}
COMMAND: POST /session/7590a931e204057e68c97157dfd3b2ed/element/f.12702CF722B5FE42F3DA0862B080648A.d.DBF096EB6AC8380FAFBA260B2B4A90E0.e.5359/click - {}
RESULT: {}
COMMAND: GET /session/7590a931e204057e68c97157dfd3b2ed/screenshot - {}
RESULT: {}
COMMAND: GET /session/7590a931e204057e68c97157dfd3b2ed/window/handles - {}
RESULT: {}
COMMAND: POST /session/7590a931e204057e68c97157dfd3b2ed/window - {"handle":"EE25A52998DACE6C133ED8BF6E504154"}
RESULT: {"handle":"EE25A52998DACE6C133ED8BF6E504154"}
COMMAND: GET /session/7590a931e204057e68c97157dfd3b2ed/url - {}
RESULT: {}
COMMAND: GET /session/7590a931e204057e68c97157dfd3b2ed/screenshot - {}
RESULT: {}
COMMAND: POST /session/7590a931e204057e68c97157dfd3b2ed/execute/sync - {"script":"<script> [8489 bytes]","args":[{"element-6066-11e4-a52e-4f735466cecf":"f.12702CF722B5FE42F3DA0862B080648A.d.DBF096EB6AC8380FAFBA260B2B4A90E0.e.4629","ELEMENT":"f.12702CF722B5FE42F3DA0862B080648A.d.DBF096EB6AC8380FAFBA260B2B4A90E0.e.4629"}]}
COMMAND: DELETE /session/7590a931e204057e68c97157dfd3b2ed/window - {}
RESULT: {}
COMMAND: POST /session/7590a931e204057e68c97157dfd3b2ed/window - {"handle":"12702CF722B5FE42F3DA0862B080648A"}
RESULT: {"handle":"12702CF722B5FE42F3DA0862B080648A"}
COMMAND: GET /session/7590a931e204057e68c97157dfd3b2ed/url - {}
COMMAND: POST /session/7590a931e204057e68c97157dfd3b2ed/element - {"using":"xpath","value":"(//span[contains(text(), \"WebdriverSite50s22\")])[2]"}
RESULT: {}
COMMAND: GET /session/7590a931e204057e68c97157dfd3b2ed/screenshot - {}
RESULT: {"using":"xpath","value":"(//span[contains(text(), \"WebdriverSite50s22\")])[2]"}
COMMAND: POST /session/7590a931e204057e68c97157dfd3b2ed/element - {"using":"xpath","value":"(//span[contains(text(), \"WebdriverSite50s22\")])[2]"}
RESULT: {}
RESULT: {"using":"xpath","value":"(//span[contains(text(), \"WebdriverSite50s22\")])[2]"}
COMMAND: POST /session/7590a931e204057e68c97157dfd3b2ed/element - {"using":"xpath","value":"(//span[contains(text(), \"WebdriverSite50s22\")])[2]"}
RESULT: {"using":"xpath","value":"(//span[contains(text(), \"WebdriverSite50s22\")])[2]"}
COMMAND: POST /session/7590a931e204057e68c97157dfd3b2ed/element - {"using":"xpath","value":"(//span[contains(text(), \"WebdriverSite50s22\")])[2]"}
RESULT: {"using":"xpath","value":"(//span[contains(text(), \"WebdriverSite50s22\")])[2]"}
COMMAND: POST /session/7590a931e204057e68c97157dfd3b2ed/element - {"using":"xpath","value":"(//span[contains(text(), \"WebdriverSite50s22\")])[2]"}
RESULT: {"using":"xpath","value":"(//span[contains(text(), \"WebdriverSite50s22\")])[2]"}
COMMAND: POST /session/7590a931e204057e68c97157dfd3b2ed/element - {"using":"xpath","value":"(//span[contains(text(), \"WebdriverSite50s22\")])[2]"}
RESULT: {"using":"xpath","value":"(//span[contains(text(), \"WebdriverSite50s22\")])[2]"}
COMMAND: POST /session/7590a931e204057e68c97157dfd3b2ed/execute/sync - {"script":"<script> [8489 bytes]","args":[{"element-6066-11e4-a52e-4f735466cecf":"f.12702CF722B5FE42F3DA0862B080648A.d.DBF096EB6AC8380FAFBA260B2B4A90E0.e.5130","ELEMENT":"f.12702CF722B5FE42F3DA0862B080648A.d.DBF096EB6AC8380FAFBA260B2B4A90E0.e.5130"}]}
RESULT: {"script":"<script> [8489 bytes]","args":[{"element-6066-11e4-a52e-4f735466cecf":"f.12702CF722B5FE42F3DA0862B080648A.d.DBF096EB6AC8380FAFBA260B2B4A90E0.e.5130","ELEMENT":"f.12702CF722B5FE42F3DA0862B080648A.d.DBF096EB6AC8380FAFBA260B2B4A90E0.e.5130"}]}
COMMAND: POST /session/7590a931e204057e68c97157dfd3b2ed/execute/sync - {"script":"<script> [5351 bytes]","args":[{"element-6066-11e4-a52e-4f735466cecf":"f.12702CF722B5FE42F3DA0862B080648A.d.DBF096EB6AC8380FAFBA260B2B4A90E0.e.5130","ELEMENT":"f.12702CF722B5FE42F3DA0862B080648A.d.DBF096EB6AC8380FAFBA260B2B4A90E0.e.5130"}]}
COMMAND: GET /session/7590a931e204057e68c97157dfd3b2ed/screenshot - {}
RESULT: {"script":"<script> [5351 bytes]","args":[{"element-6066-11e4-a52e-4f735466cecf":"f.12702CF722B5FE42F3DA0862B080648A.d.DBF096EB6AC8380FAFBA260B2B4A90E0.e.5130","ELEMENT":"f.12702CF722B5FE42F3DA0862B080648A.d.DBF096EB6AC8380FAFBA260B2B4A90E0.e.5130"}]}
COMMAND: POST /session/7590a931e204057e68c97157dfd3b2ed/element - {"using":"xpath","value":"//*[contains(@data-kt ,\"webshopDetailSiteLink\")]"}
COMMAND: GET /session/7590a931e204057e68c97157dfd3b2ed/screenshot - {}
COMMAND: POST /session/7590a931e204057e68c97157dfd3b2ed/element - {"using":"xpath","value":"(//span[contains(text(), \"WebdriverSite50s22\")])[2]"}
RESULT: {}
RESULT: {"using":"xpath","value":"//*[contains(@data-kt ,\"webshopDetailSiteLink\")]"}
COMMAND: POST /session/7590a931e204057e68c97157dfd3b2ed/element/f.12702CF722B5FE42F3DA0862B080648A.d.DBF096EB6AC8380FAFBA260B2B4A90E0.e.5130/click - {}
RESULT: {}
RESULT: {"using":"xpath","value":"(//span[contains(text(), \"WebdriverSite50s22\")])[2]"}
RESULT: {}
COMMAND: GET /session/7590a931e204057e68c97157dfd3b2ed/screenshot - {}
COMMAND: POST /session/7590a931e204057e68c97157dfd3b2ed/element - {"using":"xpath","value":"(//span[contains(text(), \"WebdriverSite50s22\")])[2]"}
RESULT: {}
RESULT: {"using":"xpath","value":"(//span[contains(text(), \"WebdriverSite50s22\")])[2]"}
COMMAND: POST /session/7590a931e204057e68c97157dfd3b2ed/execute/sync - {"script":"<script> [8489 bytes]","args":[{"element-6066-11e4-a52e-4f735466cecf":"f.12702CF722B5FE42F3DA0862B080648A.d.DBF096EB6AC8380FAFBA260B2B4A90E0.e.5374","ELEMENT":"f.12702CF722B5FE42F3DA0862B080648A.d.DBF096EB6AC8380FAFBA260B2B4A90E0.e.5374"}]}
RESULT: {"script":"<script> [8489 bytes]","args":[{"element-6066-11e4-a52e-4f735466cecf":"f.12702CF722B5FE42F3DA0862B080648A.d.DBF096EB6AC8380FAFBA260B2B4A90E0.e.5374","ELEMENT":"f.12702CF722B5FE42F3DA0862B080648A.d.DBF096EB6AC8380FAFBA260B2B4A90E0.e.5374"}]}
COMMAND: GET /session/7590a931e204057e68c97157dfd3b2ed/screenshot - {}
RESULT: {}
COMMAND: POST /session/7590a931e204057e68c97157dfd3b2ed/element - {"using":"xpath","value":"(//button[contains(@data-kt ,\"ContextMenuExternalId3Link\")])[2]"}
RESULT: {"using":"xpath","value":"(//button[contains(@data-kt ,\"ContextMenuExternalId3Link\")])[2]"}
COMMAND: POST /session/7590a931e204057e68c97157dfd3b2ed/element/f.12702CF722B5FE42F3DA0862B080648A.d.DBF096EB6AC8380FAFBA260B2B4A90E0.e.5375/click - {}
RESULT: {}
COMMAND: GET /session/7590a931e204057e68c97157dfd3b2ed/screenshot - {}
RESULT: {}
COMMAND: GET /session/7590a931e204057e68c97157dfd3b2ed/window/handles - {}
RESULT: {}
COMMAND: POST /session/7590a931e204057e68c97157dfd3b2ed/window - {"handle":"795874323BF11D9F4C2BEA8F7C237187"}
RESULT: {"handle":"795874323BF11D9F4C2BEA8F7C237187"}
COMMAND: GET /session/7590a931e204057e68c97157dfd3b2ed/url - {}
RESULT: {}
COMMAND: GET /session/7590a931e204057e68c97157dfd3b2ed/screenshot - {}
RESULT: {}
COMMAND: POST /session/7590a931e204057e68c97157dfd3b2ed/execute/sync - {"script":"<script> [8489 bytes]","args":[{"element-6066-11e4-a52e-4f735466cecf":"f.12702CF722B5FE42F3DA0862B080648A.d.DBF096EB6AC8380FAFBA260B2B4A90E0.e.4998","ELEMENT":"f.12702CF722B5FE42F3DA0862B080648A.d.DBF096EB6AC8380FAFBA260B2B4A90E0.e.4998"}]}
RESULT: {"script":"<script> [8489 bytes]","args":[{"element-6066-11e4-a52e-4f735466cecf":"f.12702CF722B5FE42F3DA0862B080648A.d.DBF096EB6AC8380FAFBA260B2B4A90E0.e.4998","ELEMENT":"f.12702CF722B5FE42F3DA0862B080648A.d.DBF096EB6AC8380FAFBA260B2B4A90E0.e.4998"}]}
COMMAND: GET /session/7590a931e204057e68c97157dfd3b2ed/screenshot - {}
RESULT: {}
COMMAND: POST /session/7590a931e204057e68c97157dfd3b2ed/execute/sync - {"script":"<script> [8489 bytes]","args":[{"element-6066-11e4-a52e-4f735466cecf":"f.12702CF722B5FE42F3DA0862B080648A.d.DBF096EB6AC8380FAFBA260B2B4A90E0.e.4998","ELEMENT":"f.12702CF722B5FE42F3DA0862B080648A.d.DBF096EB6AC8380FAFBA260B2B4A90E0.e.4998"}]}
RESULT: {"script":"<script> [8489 bytes]","args":[{"element-6066-11e4-a52e-4f735466cecf":"f.12702CF722B5FE42F3DA0862B080648A.d.DBF096EB6AC8380FAFBA260B2B4A90E0.e.4998","ELEMENT":"f.12702CF722B5FE42F3DA0862B080648A.d.DBF096EB6AC8380FAFBA260B2B4A90E0.e.4998"}]}
COMMAND: GET /session/7590a931e204057e68c97157dfd3b2ed/screenshot - {}
RESULT: {}
COMMAND: POST /session/7590a931e204057e68c97157dfd3b2ed/execute/sync - {"script":"<script> [8489 bytes]","args":[{"element-6066-11e4-a52e-4f735466cecf":"f.12702CF722B5FE42F3DA0862B080648A.d.DBF096EB6AC8380FAFBA260B2B4A90E0.e.4998","ELEMENT":"f.12702CF722B5FE42F3DA0862B080648A.d.DBF096EB6AC8380FAFBA260B2B4A90E0.e.4998"}]}
RESULT: {"script":"<script> [8489 bytes]","args":[{"element-6066-11e4-a52e-4f735466cecf":"f.12702CF722B5FE42F3DA0862B080648A.d.DBF096EB6AC8380FAFBA260B2B4A90E0.e.4998","ELEMENT":"f.12702CF722B5FE42F3DA0862B080648A.d.DBF096EB6AC8380FAFBA260B2B4A90E0.e.4998"}]}
COMMAND: GET /session/7590a931e204057e68c97157dfd3b2ed/screenshot - {}
COMMAND: POST /session/7590a931e204057e68c97157dfd3b2ed/execute/sync - {"script":"<script> [8489 bytes]","args":[{"element-6066-11e4-a52e-4f735466cecf":"f.12702CF722B5FE42F3DA0862B080648A.d.DBF096EB6AC8380FAFBA260B2B4A90E0.e.4998","ELEMENT":"f.12702CF722B5FE42F3DA0862B080648A.d.DBF096EB6AC8380FAFBA260B2B4A90E0.e.4998"}]}
RESULT: {}
RESULT: {"script":"<script> [8489 bytes]","args":[{"element-6066-11e4-a52e-4f735466cecf":"f.12702CF722B5FE42F3DA0862B080648A.d.DBF096EB6AC8380FAFBA260B2B4A90E0.e.4998","ELEMENT":"f.12702CF722B5FE42F3DA0862B080648A.d.DBF096EB6AC8380FAFBA260B2B4A90E0.e.4998"}]}
COMMAND: GET /session/7590a931e204057e68c97157dfd3b2ed/screenshot - {}
RESULT: {}
COMMAND: POST /session/7590a931e204057e68c97157dfd3b2ed/execute/sync - {"script":"<script> [8489 bytes]","args":[{"element-6066-11e4-a52e-4f735466cecf":"f.12702CF722B5FE42F3DA0862B080648A.d.DBF096EB6AC8380FAFBA260B2B4A90E0.e.4998","ELEMENT":"f.12702CF722B5FE42F3DA0862B080648A.d.DBF096EB6AC8380FAFBA260B2B4A90E0.e.4998"}]}
RESULT: {"script":"<script> [8489 bytes]","args":[{"element-6066-11e4-a52e-4f735466cecf":"f.12702CF722B5FE42F3DA0862B080648A.d.DBF096EB6AC8380FAFBA260B2B4A90E0.e.4998","ELEMENT":"f.12702CF722B5FE42F3DA0862B080648A.d.DBF096EB6AC8380FAFBA260B2B4A90E0.e.4998"}]}
COMMAND: GET /session/7590a931e204057e68c97157dfd3b2ed/screenshot - {}
COMMAND: DELETE /session/7590a931e204057e68c97157dfd3b2ed/window - {}
RESULT: {}
COMMAND: POST /session/7590a931e204057e68c97157dfd3b2ed/execute/sync - {"script":"<script> [8489 bytes]","args":[{"element-6066-11e4-a52e-4f735466cecf":"f.12702CF722B5FE42F3DA0862B080648A.d.DBF096EB6AC8380FAFBA260B2B4A90E0.e.4998","ELEMENT":"f.12702CF722B5FE42F3DA0862B080648A.d.DBF096EB6AC8380FAFBA260B2B4A90E0.e.4998"}]}
RESULT: {}
COMMAND: POST /session/7590a931e204057e68c97157dfd3b2ed/window - {"handle":"12702CF722B5FE42F3DA0862B080648A"}
COMMAND: POST /session/7590a931e204057e68c97157dfd3b2ed/element - {"using":"xpath","value":"//span[contains(@id ,\"application-addressmanagement-display-component---detailAdm--addressDetailDetailsName1\")][contains(text(), \"WebdriverSite50s22\")]"}
RESULT: {"using":"xpath","value":"//span[contains(@id ,\"application-addressmanagement-display-component---detailAdm--addressDetailDetailsName1\")][contains(text(), \"WebdriverSite50s22\")]"}
COMMAND: POST /session/7590a931e204057e68c97157dfd3b2ed/element - {"using":"xpath","value":"//span[contains(@id ,\"application-addressmanagement-display-component---detailAdm--addressDetailDetailsName1\")][contains(text(), \"WebdriverSite50s22\")]"}
RESULT: {"using":"xpath","value":"//span[contains(@id ,\"application-addressmanagement-display-component---detailAdm--addressDetailDetailsName1\")][contains(text(), \"WebdriverSite50s22\")]"}
RESULT: {"handle":"12702CF722B5FE42F3DA0862B080648A"}
COMMAND: GET /session/7590a931e204057e68c97157dfd3b2ed/url - {}
RESULT: {}
COMMAND: GET /session/7590a931e204057e68c97157dfd3b2ed/screenshot - {}
COMMAND: POST /session/7590a931e204057e68c97157dfd3b2ed/element - {"using":"xpath","value":"//span[contains(@id ,\"application-addressmanagement-display-component---detailAdm--addressDetailDetailsName1\")][contains(text(), \"WebdriverSite50s22\")]"}
RESULT: {}
RESULT: {"using":"xpath","value":"//span[contains(@id ,\"application-addressmanagement-display-component---detailAdm--addressDetailDetailsName1\")][contains(text(), \"WebdriverSite50s22\")]"}
COMMAND: POST /session/7590a931e204057e68c97157dfd3b2ed/element - {"using":"xpath","value":"//span[contains(@id ,\"application-addressmanagement-display-component---detailAdm--addressDetailDetailsName1\")][contains(text(), \"WebdriverSite50s22\")]"}
RESULT: {"using":"xpath","value":"//span[contains(@id ,\"application-addressmanagement-display-component---detailAdm--addressDetailDetailsName1\")][contains(text(), \"WebdriverSite50s22\")]"}
COMMAND: POST /session/7590a931e204057e68c97157dfd3b2ed/element - {"using":"xpath","value":"//span[contains(@id ,\"application-addressmanagement-display-component---detailAdm--addressDetailDetailsName1\")][contains(text(), \"WebdriverSite50s22\")]"}
RESULT: {"using":"xpath","value":"//span[contains(@id ,\"application-addressmanagement-display-component---detailAdm--addressDetailDetailsName1\")][contains(text(), \"WebdriverSite50s22\")]"}
COMMAND: POST /session/7590a931e204057e68c97157dfd3b2ed/element - {"using":"xpath","value":"//span[contains(@id ,\"application-addressmanagement-display-component---detailAdm--addressDetailDetailsName1\")][contains(text(), \"WebdriverSite50s22\")]"}
RESULT: {"using":"xpath","value":"//span[contains(@id ,\"application-addressmanagement-display-component---detailAdm--addressDetailDetailsName1\")][contains(text(), \"WebdriverSite50s22\")]"}
COMMAND: POST /session/7590a931e204057e68c97157dfd3b2ed/element - {"using":"xpath","value":"//span[contains(@id ,\"application-addressmanagement-display-component---detailAdm--addressDetailDetailsName1\")][contains(text(), \"WebdriverSite50s22\")]"}
RESULT: {"using":"xpath","value":"//span[contains(@id ,\"application-addressmanagement-display-component---detailAdm--addressDetailDetailsName1\")][contains(text(), \"WebdriverSite50s22\")]"}
COMMAND: POST /session/7590a931e204057e68c97157dfd3b2ed/element - {"using":"xpath","value":"//span[contains(@id ,\"application-addressmanagement-display-component---detailAdm--addressDetailDetailsName1\")][contains(text(), \"WebdriverSite50s22\")]"}
RESULT: {"using":"xpath","value":"//span[contains(@id ,\"application-addressmanagement-display-component---detailAdm--addressDetailDetailsName1\")][contains(text(), \"WebdriverSite50s22\")]"}
COMMAND: POST /session/7590a931e204057e68c97157dfd3b2ed/element - {"using":"xpath","value":"//span[contains(@id ,\"application-addressmanagement-display-component---detailAdm--addressDetailDetailsName1\")][contains(text(), \"WebdriverSite50s22\")]"}
RESULT: {"using":"xpath","value":"//span[contains(@id ,\"application-addressmanagement-display-component---detailAdm--addressDetailDetailsName1\")][contains(text(), \"WebdriverSite50s22\")]"}
COMMAND: POST /session/7590a931e204057e68c97157dfd3b2ed/element - {"using":"xpath","value":"//span[contains(@id ,\"application-addressmanagement-display-component---detailAdm--addressDetailDetailsName1\")][contains(text(), \"WebdriverSite50s22\")]"}
RESULT: {"using":"xpath","value":"//span[contains(@id ,\"application-addressmanagement-display-component---detailAdm--addressDetailDetailsName1\")][contains(text(), \"WebdriverSite50s22\")]"}
COMMAND: POST /session/7590a931e204057e68c97157dfd3b2ed/element - {"using":"xpath","value":"//span[contains(@id ,\"application-addressmanagement-display-component---detailAdm--addressDetailDetailsName1\")][contains(text(), \"WebdriverSite50s22\")]"}
RESULT: {"using":"xpath","value":"//span[contains(@id ,\"application-addressmanagement-display-component---detailAdm--addressDetailDetailsName1\")][contains(text(), \"WebdriverSite50s22\")]"}
]]></system-out>
    </testcase>
  </testsuite>
  <testsuite timestamp="2025-05-07T16:26:42" time="285.259" tests="2" failures="0" errors="0" skipped="0">
    <properties>
      <property name="specId" value="0" />
      <property name="suiteName" value="Webshop - Hyperlinks visible and working properly  US139085" />
      <property name="capabilities" value="chrome.135_0_7049_115.windows" />
      <property name="file" value="file:///D:/a/1/s/test/specs/R2C/webshop-hyperlinks-partner-address-contract-item.spec.js" />
    </properties>
    <testcase classname="chrome.135_0_7049_115.windows.Webshop_-_Hyperlinks_visible_and_working_properly__US139085" name="Should verify the customer and address hyperlinks" time="181.941">
      <system-out><![CDATA[
COMMAND: POST /session/7590a931e204057e68c97157dfd3b2ed/element - {"using":"xpath","value":"//*[contains(@data-kt ,\"webshopDetailAddressLink\")]"}
RESULT: {"using":"xpath","value":"//*[contains(@data-kt ,\"webshopDetailAddressLink\")]"}
COMMAND: POST /session/7590a931e204057e68c97157dfd3b2ed/execute/sync - {"script":"<script> [8489 bytes]","args":[{"element-6066-11e4-a52e-4f735466cecf":"f.12702CF722B5FE42F3DA0862B080648A.d.DBF096EB6AC8380FAFBA260B2B4A90E0.e.5581","ELEMENT":"f.12702CF722B5FE42F3DA0862B080648A.d.DBF096EB6AC8380FAFBA260B2B4A90E0.e.5581"}]}
RESULT: {"script":"<script> [8489 bytes]","args":[{"element-6066-11e4-a52e-4f735466cecf":"f.12702CF722B5FE42F3DA0862B080648A.d.DBF096EB6AC8380FAFBA260B2B4A90E0.e.5581","ELEMENT":"f.12702CF722B5FE42F3DA0862B080648A.d.DBF096EB6AC8380FAFBA260B2B4A90E0.e.5581"}]}
COMMAND: POST /session/7590a931e204057e68c97157dfd3b2ed/execute/sync - {"script":"<script> [5351 bytes]","args":[{"element-6066-11e4-a52e-4f735466cecf":"f.12702CF722B5FE42F3DA0862B080648A.d.DBF096EB6AC8380FAFBA260B2B4A90E0.e.5581","ELEMENT":"f.12702CF722B5FE42F3DA0862B080648A.d.DBF096EB6AC8380FAFBA260B2B4A90E0.e.5581"}]}
COMMAND: GET /session/7590a931e204057e68c97157dfd3b2ed/screenshot - {}
RESULT: {"script":"<script> [5351 bytes]","args":[{"element-6066-11e4-a52e-4f735466cecf":"f.12702CF722B5FE42F3DA0862B080648A.d.DBF096EB6AC8380FAFBA260B2B4A90E0.e.5581","ELEMENT":"f.12702CF722B5FE42F3DA0862B080648A.d.DBF096EB6AC8380FAFBA260B2B4A90E0.e.5581"}]}
COMMAND: GET /session/7590a931e204057e68c97157dfd3b2ed/screenshot - {}
COMMAND: POST /session/7590a931e204057e68c97157dfd3b2ed/element - {"using":"xpath","value":"//span[contains(@id ,\"application-addressmanagement-display-component---detailAdm--addressDetailDetailsName1\")][contains(text(), \"WebdriverSite50s22\")]"}
RESULT: {}
RESULT: {}
RESULT: {"using":"xpath","value":"//span[contains(@id ,\"application-addressmanagement-display-component---detailAdm--addressDetailDetailsName1\")][contains(text(), \"WebdriverSite50s22\")]"}
COMMAND: POST /session/7590a931e204057e68c97157dfd3b2ed/element - {"using":"xpath","value":"//span[contains(@id ,\"application-addressmanagement-display-component---detailAdm--addressDetailDetailsName1\")][contains(text(), \"WebdriverSite50s22\")]"}
RESULT: {"using":"xpath","value":"//span[contains(@id ,\"application-addressmanagement-display-component---detailAdm--addressDetailDetailsName1\")][contains(text(), \"WebdriverSite50s22\")]"}
COMMAND: POST /session/7590a931e204057e68c97157dfd3b2ed/element - {"using":"xpath","value":"//span[contains(@id ,\"application-addressmanagement-display-component---detailAdm--addressDetailDetailsName1\")][contains(text(), \"WebdriverSite50s22\")]"}
RESULT: {"using":"xpath","value":"//span[contains(@id ,\"application-addressmanagement-display-component---detailAdm--addressDetailDetailsName1\")][contains(text(), \"WebdriverSite50s22\")]"}
COMMAND: POST /session/7590a931e204057e68c97157dfd3b2ed/element - {"using":"xpath","value":"//span[contains(@id ,\"application-addressmanagement-display-component---detailAdm--addressDetailDetailsName1\")][contains(text(), \"WebdriverSite50s22\")]"}
RESULT: {"using":"xpath","value":"//span[contains(@id ,\"application-addressmanagement-display-component---detailAdm--addressDetailDetailsName1\")][contains(text(), \"WebdriverSite50s22\")]"}
COMMAND: POST /session/7590a931e204057e68c97157dfd3b2ed/element - {"using":"xpath","value":"//span[contains(@id ,\"application-addressmanagement-display-component---detailAdm--addressDetailDetailsName1\")][contains(text(), \"WebdriverSite50s22\")]"}
RESULT: {"using":"xpath","value":"//span[contains(@id ,\"application-addressmanagement-display-component---detailAdm--addressDetailDetailsName1\")][contains(text(), \"WebdriverSite50s22\")]"}
COMMAND: POST /session/7590a931e204057e68c97157dfd3b2ed/element - {"using":"xpath","value":"//span[contains(@id ,\"application-addressmanagement-display-component---detailAdm--addressDetailDetailsName1\")][contains(text(), \"WebdriverSite50s22\")]"}
RESULT: {"using":"xpath","value":"//span[contains(@id ,\"application-addressmanagement-display-component---detailAdm--addressDetailDetailsName1\")][contains(text(), \"WebdriverSite50s22\")]"}
COMMAND: POST /session/7590a931e204057e68c97157dfd3b2ed/element - {"using":"xpath","value":"//span[contains(@id ,\"application-addressmanagement-display-component---detailAdm--addressDetailDetailsName1\")][contains(text(), \"WebdriverSite50s22\")]"}
RESULT: {"using":"xpath","value":"//span[contains(@id ,\"application-addressmanagement-display-component---detailAdm--addressDetailDetailsName1\")][contains(text(), \"WebdriverSite50s22\")]"}
COMMAND: POST /session/7590a931e204057e68c97157dfd3b2ed/element - {"using":"xpath","value":"//span[contains(@id ,\"application-addressmanagement-display-component---detailAdm--addressDetailDetailsName1\")][contains(text(), \"WebdriverSite50s22\")]"}
COMMAND: POST /session/7590a931e204057e68c97157dfd3b2ed/element - {"using":"xpath","value":"//*[contains(@data-kt ,\"webshopDetailAddressLink\")]"}
RESULT: {"using":"xpath","value":"//span[contains(@id ,\"application-addressmanagement-display-component---detailAdm--addressDetailDetailsName1\")][contains(text(), \"WebdriverSite50s22\")]"}
RESULT: {"using":"xpath","value":"//*[contains(@data-kt ,\"webshopDetailAddressLink\")]"}
COMMAND: POST /session/7590a931e204057e68c97157dfd3b2ed/element/f.12702CF722B5FE42F3DA0862B080648A.d.DBF096EB6AC8380FAFBA260B2B4A90E0.e.5581/click - {}
RESULT: {}
COMMAND: GET /session/7590a931e204057e68c97157dfd3b2ed/screenshot - {}
COMMAND: POST /session/7590a931e204057e68c97157dfd3b2ed/element - {"using":"xpath","value":"//span[contains(@id ,\"application-addressmanagement-display-component---detailAdm--addressDetailDetailsName1\")][contains(text(), \"WebdriverSite50s22\")]"}
RESULT: {}
RESULT: {"using":"xpath","value":"//span[contains(@id ,\"application-addressmanagement-display-component---detailAdm--addressDetailDetailsName1\")][contains(text(), \"WebdriverSite50s22\")]"}
COMMAND: POST /session/7590a931e204057e68c97157dfd3b2ed/element - {"using":"xpath","value":"//span[contains(@id ,\"application-addressmanagement-display-component---detailAdm--addressDetailDetailsName1\")][contains(text(), \"WebdriverSite50s22\")]"}
RESULT: {"using":"xpath","value":"//span[contains(@id ,\"application-addressmanagement-display-component---detailAdm--addressDetailDetailsName1\")][contains(text(), \"WebdriverSite50s22\")]"}
COMMAND: POST /session/7590a931e204057e68c97157dfd3b2ed/element - {"using":"xpath","value":"//span[contains(@id ,\"application-addressmanagement-display-component---detailAdm--addressDetailDetailsName1\")][contains(text(), \"WebdriverSite50s22\")]"}
RESULT: {"using":"xpath","value":"//span[contains(@id ,\"application-addressmanagement-display-component---detailAdm--addressDetailDetailsName1\")][contains(text(), \"WebdriverSite50s22\")]"}
COMMAND: POST /session/7590a931e204057e68c97157dfd3b2ed/element - {"using":"xpath","value":"//span[contains(@id ,\"application-addressmanagement-display-component---detailAdm--addressDetailDetailsName1\")][contains(text(), \"WebdriverSite50s22\")]"}
RESULT: {"using":"xpath","value":"//span[contains(@id ,\"application-addressmanagement-display-component---detailAdm--addressDetailDetailsName1\")][contains(text(), \"WebdriverSite50s22\")]"}
COMMAND: POST /session/7590a931e204057e68c97157dfd3b2ed/element - {"using":"xpath","value":"//*[contains(@data-kt ,\"ContextMenuId2Link\")][contains(text(), \"Address Overview\")]"}
RESULT: {"using":"xpath","value":"//*[contains(@data-kt ,\"ContextMenuId2Link\")][contains(text(), \"Address Overview\")]"}
COMMAND: POST /session/7590a931e204057e68c97157dfd3b2ed/execute/sync - {"script":"<script> [8489 bytes]","args":[{"element-6066-11e4-a52e-4f735466cecf":"f.12702CF722B5FE42F3DA0862B080648A.d.DBF096EB6AC8380FAFBA260B2B4A90E0.e.5583","ELEMENT":"f.12702CF722B5FE42F3DA0862B080648A.d.DBF096EB6AC8380FAFBA260B2B4A90E0.e.5583"}]}
COMMAND: POST /session/7590a931e204057e68c97157dfd3b2ed/element - {"using":"xpath","value":"//*[contains(@data-kt ,\"ContextMenuId2Link\")][contains(text(), \"Address Overview\")]"}
RESULT: {"script":"<script> [8489 bytes]","args":[{"element-6066-11e4-a52e-4f735466cecf":"f.12702CF722B5FE42F3DA0862B080648A.d.DBF096EB6AC8380FAFBA260B2B4A90E0.e.5583","ELEMENT":"f.12702CF722B5FE42F3DA0862B080648A.d.DBF096EB6AC8380FAFBA260B2B4A90E0.e.5583"}]}
COMMAND: GET /session/7590a931e204057e68c97157dfd3b2ed/screenshot - {}
RESULT: {"using":"xpath","value":"//*[contains(@data-kt ,\"ContextMenuId2Link\")][contains(text(), \"Address Overview\")]"}
COMMAND: POST /session/7590a931e204057e68c97157dfd3b2ed/element/f.12702CF722B5FE42F3DA0862B080648A.d.DBF096EB6AC8380FAFBA260B2B4A90E0.e.5583/click - {}
RESULT: {}
COMMAND: POST /session/7590a931e204057e68c97157dfd3b2ed/element - {"using":"xpath","value":"//span[contains(@id ,\"application-addressmanagement-display-component---detailAdm--addressDetailDetailsName1\")][contains(text(), \"WebdriverSite50s22\")]"}
RESULT: {}
COMMAND: GET /session/7590a931e204057e68c97157dfd3b2ed/screenshot - {}
RESULT: {"using":"xpath","value":"//span[contains(@id ,\"application-addressmanagement-display-component---detailAdm--addressDetailDetailsName1\")][contains(text(), \"WebdriverSite50s22\")]"}
RESULT: {}
COMMAND: POST /session/7590a931e204057e68c97157dfd3b2ed/element - {"using":"xpath","value":"//span[contains(@id ,\"application-addressmanagement-display-component---detailAdm--addressDetailDetailsName1\")][contains(text(), \"WebdriverSite50s22\")]"}
RESULT: undefined
COMMAND: POST /session/7590a931e204057e68c97157dfd3b2ed/execute/async - {"script":"<script> [6424 bytes]","args":[{"element-6066-11e4-a52e-4f735466cecf":"f.12702CF722B5FE42F3DA0862B080648A.d.DBF096EB6AC8380FAFBA260B2B4A90E0.e.3134"},"getTitle",[]]}
RESULT: {"using":"xpath","value":"//span[contains(@id ,\"application-addressmanagement-display-component---detailAdm--addressDetailDetailsName1\")][contains(text(), \"WebdriverSite50s22\")]"}
COMMAND: POST /session/7590a931e204057e68c97157dfd3b2ed/execute/async - {"script":"<script> [1562 bytes]","args":[{"selector":{"id":"shellAppTitle"},"wdio_ui5_key":"shellAppTitle"}]}
COMMAND: POST /session/7590a931e204057e68c97157dfd3b2ed/element - {"using":"xpath","value":"//span[contains(@id ,\"application-addressmanagement-display-component---detailAdm--addressDetailDetailsName1\")][contains(text(), \"WebdriverSite50s22\")]"}
RESULT: {"script":"<script> [1562 bytes]","args":[{"selector":{"id":"shellAppTitle"},"wdio_ui5_key":"shellAppTitle"}]}
COMMAND: POST /session/7590a931e204057e68c97157dfd3b2ed/execute/async - {"script":"<script> [6424 bytes]","args":[{"element-6066-11e4-a52e-4f735466cecf":"f.12702CF722B5FE42F3DA0862B080648A.d.DBF096EB6AC8380FAFBA260B2B4A90E0.e.5775"},"getTitle",[]]}
RESULT: {"using":"xpath","value":"//span[contains(@id ,\"application-addressmanagement-display-component---detailAdm--addressDetailDetailsName1\")][contains(text(), \"WebdriverSite50s22\")]"}
COMMAND: POST /session/7590a931e204057e68c97157dfd3b2ed/execute/sync - {"script":"<script> [8489 bytes]","args":[{"element-6066-11e4-a52e-4f735466cecf":"f.12702CF722B5FE42F3DA0862B080648A.d.DBF096EB6AC8380FAFBA260B2B4A90E0.e.5776","ELEMENT":"f.12702CF722B5FE42F3DA0862B080648A.d.DBF096EB6AC8380FAFBA260B2B4A90E0.e.5776"}]}
RESULT: {"script":"<script> [6424 bytes]","args":[{"element-6066-11e4-a52e-4f735466cecf":"f.12702CF722B5FE42F3DA0862B080648A.d.DBF096EB6AC8380FAFBA260B2B4A90E0.e.5775"},"getTitle",[]]}
COMMAND: POST /session/7590a931e204057e68c97157dfd3b2ed/element - {"using":"xpath","value":"//span[contains(@id ,\"application-addressmanagement-display-component---detailAdm--addressDetailDetailsName1\")][contains(text(), \"WebdriverSite50s22\")]"}
RESULT: {"script":"<script> [8489 bytes]","args":[{"element-6066-11e4-a52e-4f735466cecf":"f.12702CF722B5FE42F3DA0862B080648A.d.DBF096EB6AC8380FAFBA260B2B4A90E0.e.5776","ELEMENT":"f.12702CF722B5FE42F3DA0862B080648A.d.DBF096EB6AC8380FAFBA260B2B4A90E0.e.5776"}]}
COMMAND: GET /session/7590a931e204057e68c97157dfd3b2ed/screenshot - {}
RESULT: {"using":"xpath","value":"//span[contains(@id ,\"application-addressmanagement-display-component---detailAdm--addressDetailDetailsName1\")][contains(text(), \"WebdriverSite50s22\")]"}
COMMAND: POST /session/7590a931e204057e68c97157dfd3b2ed/execute/sync - {"script":"<script> [8489 bytes]","args":[{"element-6066-11e4-a52e-4f735466cecf":"f.12702CF722B5FE42F3DA0862B080648A.d.DBF096EB6AC8380FAFBA260B2B4A90E0.e.5776","ELEMENT":"f.12702CF722B5FE42F3DA0862B080648A.d.DBF096EB6AC8380FAFBA260B2B4A90E0.e.5776"}]}
RESULT: undefined
COMMAND: POST /session/7590a931e204057e68c97157dfd3b2ed/element - {"using":"xpath","value":"//*[@id=\"backBtn\"]"}
RESULT: {}
RESULT: {"script":"<script> [8489 bytes]","args":[{"element-6066-11e4-a52e-4f735466cecf":"f.12702CF722B5FE42F3DA0862B080648A.d.DBF096EB6AC8380FAFBA260B2B4A90E0.e.5776","ELEMENT":"f.12702CF722B5FE42F3DA0862B080648A.d.DBF096EB6AC8380FAFBA260B2B4A90E0.e.5776"}]}
COMMAND: GET /session/7590a931e204057e68c97157dfd3b2ed/screenshot - {}
RESULT: {"using":"xpath","value":"//*[@id=\"backBtn\"]"}
COMMAND: POST /session/7590a931e204057e68c97157dfd3b2ed/element/f.12702CF722B5FE42F3DA0862B080648A.d.DBF096EB6AC8380FAFBA260B2B4A90E0.e.3136/click - {}
RESULT: {}
RESULT: {}
COMMAND: GET /session/7590a931e204057e68c97157dfd3b2ed/screenshot - {}
RESULT: {}
COMMAND: POST /session/7590a931e204057e68c97157dfd3b2ed/execute/sync - {"script":"<script> [8489 bytes]","args":[{"element-6066-11e4-a52e-4f735466cecf":"f.12702CF722B5FE42F3DA0862B080648A.d.DBF096EB6AC8380FAFBA260B2B4A90E0.e.5581","ELEMENT":"f.12702CF722B5FE42F3DA0862B080648A.d.DBF096EB6AC8380FAFBA260B2B4A90E0.e.5581"}]}
COMMAND: POST /session/7590a931e204057e68c97157dfd3b2ed/element - {"using":"xpath","value":"//*[contains(@data-kt ,\"webshopDetailAddressLink\")]"}
RESULT: {"using":"xpath","value":"//*[contains(@data-kt ,\"webshopDetailAddressLink\")]"}
COMMAND: POST /session/7590a931e204057e68c97157dfd3b2ed/execute/sync - {"script":"<script> [8489 bytes]","args":[{"element-6066-11e4-a52e-4f735466cecf":"f.12702CF722B5FE42F3DA0862B080648A.d.DBF096EB6AC8380FAFBA260B2B4A90E0.e.5963","ELEMENT":"f.12702CF722B5FE42F3DA0862B080648A.d.DBF096EB6AC8380FAFBA260B2B4A90E0.e.5963"}]}
RESULT: {"script":"<script> [8489 bytes]","args":[{"element-6066-11e4-a52e-4f735466cecf":"f.12702CF722B5FE42F3DA0862B080648A.d.DBF096EB6AC8380FAFBA260B2B4A90E0.e.5963","ELEMENT":"f.12702CF722B5FE42F3DA0862B080648A.d.DBF096EB6AC8380FAFBA260B2B4A90E0.e.5963"}]}
COMMAND: POST /session/7590a931e204057e68c97157dfd3b2ed/execute/sync - {"script":"<script> [5351 bytes]","args":[{"element-6066-11e4-a52e-4f735466cecf":"f.12702CF722B5FE42F3DA0862B080648A.d.DBF096EB6AC8380FAFBA260B2B4A90E0.e.5963","ELEMENT":"f.12702CF722B5FE42F3DA0862B080648A.d.DBF096EB6AC8380FAFBA260B2B4A90E0.e.5963"}]}
COMMAND: GET /session/7590a931e204057e68c97157dfd3b2ed/screenshot - {}
RESULT: {"script":"<script> [5351 bytes]","args":[{"element-6066-11e4-a52e-4f735466cecf":"f.12702CF722B5FE42F3DA0862B080648A.d.DBF096EB6AC8380FAFBA260B2B4A90E0.e.5963","ELEMENT":"f.12702CF722B5FE42F3DA0862B080648A.d.DBF096EB6AC8380FAFBA260B2B4A90E0.e.5963"}]}
COMMAND: GET /session/7590a931e204057e68c97157dfd3b2ed/screenshot - {}
COMMAND: POST /session/7590a931e204057e68c97157dfd3b2ed/execute/sync - {"script":"<script> [8489 bytes]","args":[{"element-6066-11e4-a52e-4f735466cecf":"f.12702CF722B5FE42F3DA0862B080648A.d.DBF096EB6AC8380FAFBA260B2B4A90E0.e.5963","ELEMENT":"f.12702CF722B5FE42F3DA0862B080648A.d.DBF096EB6AC8380FAFBA260B2B4A90E0.e.5963"}]}
RESULT: {}
RESULT: {"script":"<script> [8489 bytes]","args":[{"element-6066-11e4-a52e-4f735466cecf":"f.12702CF722B5FE42F3DA0862B080648A.d.DBF096EB6AC8380FAFBA260B2B4A90E0.e.5963","ELEMENT":"f.12702CF722B5FE42F3DA0862B080648A.d.DBF096EB6AC8380FAFBA260B2B4A90E0.e.5963"}]}
COMMAND: POST /session/7590a931e204057e68c97157dfd3b2ed/execute/sync - {"script":"<script> [5351 bytes]","args":[{"element-6066-11e4-a52e-4f735466cecf":"f.12702CF722B5FE42F3DA0862B080648A.d.DBF096EB6AC8380FAFBA260B2B4A90E0.e.5963","ELEMENT":"f.12702CF722B5FE42F3DA0862B080648A.d.DBF096EB6AC8380FAFBA260B2B4A90E0.e.5963"}]}
COMMAND: GET /session/7590a931e204057e68c97157dfd3b2ed/screenshot - {}
RESULT: {}
RESULT: {"script":"<script> [5351 bytes]","args":[{"element-6066-11e4-a52e-4f735466cecf":"f.12702CF722B5FE42F3DA0862B080648A.d.DBF096EB6AC8380FAFBA260B2B4A90E0.e.5963","ELEMENT":"f.12702CF722B5FE42F3DA0862B080648A.d.DBF096EB6AC8380FAFBA260B2B4A90E0.e.5963"}]}
COMMAND: POST /session/7590a931e204057e68c97157dfd3b2ed/element - {"using":"xpath","value":"//*[contains(@data-kt ,\"webshopDetailAddressLink\")]"}
COMMAND: GET /session/7590a931e204057e68c97157dfd3b2ed/screenshot - {}
RESULT: {}
RESULT: {"using":"xpath","value":"//*[contains(@data-kt ,\"webshopDetailAddressLink\")]"}
COMMAND: POST /session/7590a931e204057e68c97157dfd3b2ed/element/f.12702CF722B5FE42F3DA0862B080648A.d.DBF096EB6AC8380FAFBA260B2B4A90E0.e.5963/click - {}
RESULT: {}
RESULT: {}
COMMAND: GET /session/7590a931e204057e68c97157dfd3b2ed/screenshot - {}
RESULT: {}
COMMAND: POST /session/7590a931e204057e68c97157dfd3b2ed/element - {"using":"xpath","value":"//button[contains(@data-kt ,\"ContextMenuExternalId2Link\")]"}
RESULT: {"using":"xpath","value":"//button[contains(@data-kt ,\"ContextMenuExternalId2Link\")]"}
COMMAND: POST /session/7590a931e204057e68c97157dfd3b2ed/element/f.12702CF722B5FE42F3DA0862B080648A.d.DBF096EB6AC8380FAFBA260B2B4A90E0.e.5967/click - {}
RESULT: {}
COMMAND: GET /session/7590a931e204057e68c97157dfd3b2ed/screenshot - {}
RESULT: {}
COMMAND: GET /session/7590a931e204057e68c97157dfd3b2ed/window/handles - {}
RESULT: {}
COMMAND: POST /session/7590a931e204057e68c97157dfd3b2ed/window - {"handle":"F8331AE49D099DA1A6C77012B1674DD4"}
RESULT: {"handle":"F8331AE49D099DA1A6C77012B1674DD4"}
COMMAND: GET /session/7590a931e204057e68c97157dfd3b2ed/url - {}
RESULT: {}
COMMAND: GET /session/7590a931e204057e68c97157dfd3b2ed/screenshot - {}
RESULT: {}
COMMAND: POST /session/7590a931e204057e68c97157dfd3b2ed/execute/sync - {"script":"<script> [8489 bytes]","args":[{"element-6066-11e4-a52e-4f735466cecf":"f.12702CF722B5FE42F3DA0862B080648A.d.DBF096EB6AC8380FAFBA260B2B4A90E0.e.5776","ELEMENT":"f.12702CF722B5FE42F3DA0862B080648A.d.DBF096EB6AC8380FAFBA260B2B4A90E0.e.5776"}]}
COMMAND: DELETE /session/7590a931e204057e68c97157dfd3b2ed/window - {}
RESULT: {}
COMMAND: POST /session/7590a931e204057e68c97157dfd3b2ed/window - {"handle":"12702CF722B5FE42F3DA0862B080648A"}
RESULT: {"handle":"12702CF722B5FE42F3DA0862B080648A"}
COMMAND: GET /session/7590a931e204057e68c97157dfd3b2ed/url - {}
COMMAND: POST /session/7590a931e204057e68c97157dfd3b2ed/element - {"using":"xpath","value":"//span[contains(@id ,\"application-addressmanagement-display-component---detailAdm--addressDetailDetailsName1\")][contains(text(), \"WebdriverSite50s22\")]"}
RESULT: {}
COMMAND: GET /session/7590a931e204057e68c97157dfd3b2ed/screenshot - {}
RESULT: {"using":"xpath","value":"//span[contains(@id ,\"application-addressmanagement-display-component---detailAdm--addressDetailDetailsName1\")][contains(text(), \"WebdriverSite50s22\")]"}
COMMAND: POST /session/7590a931e204057e68c97157dfd3b2ed/element - {"using":"xpath","value":"//span[contains(@id ,\"application-addressmanagement-display-component---detailAdm--addressDetailDetailsName1\")][contains(text(), \"WebdriverSite50s22\")]"}
RESULT: {}
RESULT: {"using":"xpath","value":"//span[contains(@id ,\"application-addressmanagement-display-component---detailAdm--addressDetailDetailsName1\")][contains(text(), \"WebdriverSite50s22\")]"}
COMMAND: POST /session/7590a931e204057e68c97157dfd3b2ed/element - {"using":"xpath","value":"//span[contains(@id ,\"application-addressmanagement-display-component---detailAdm--addressDetailDetailsName1\")][contains(text(), \"WebdriverSite50s22\")]"}
RESULT: {"using":"xpath","value":"//span[contains(@id ,\"application-addressmanagement-display-component---detailAdm--addressDetailDetailsName1\")][contains(text(), \"WebdriverSite50s22\")]"}
COMMAND: POST /session/7590a931e204057e68c97157dfd3b2ed/element - {"using":"xpath","value":"//span[contains(@id ,\"application-addressmanagement-display-component---detailAdm--addressDetailDetailsName1\")][contains(text(), \"WebdriverSite50s22\")]"}
RESULT: {"using":"xpath","value":"//span[contains(@id ,\"application-addressmanagement-display-component---detailAdm--addressDetailDetailsName1\")][contains(text(), \"WebdriverSite50s22\")]"}
COMMAND: POST /session/7590a931e204057e68c97157dfd3b2ed/element - {"using":"xpath","value":"//span[contains(@id ,\"application-addressmanagement-display-component---detailAdm--addressDetailDetailsName1\")][contains(text(), \"WebdriverSite50s22\")]"}
COMMAND: POST /session/7590a931e204057e68c97157dfd3b2ed/element - {"using":"xpath","value":"//*[contains(@data-kt ,\"webshopDetailCustomerLink\")]"}
RESULT: {"using":"xpath","value":"//span[contains(@id ,\"application-addressmanagement-display-component---detailAdm--addressDetailDetailsName1\")][contains(text(), \"WebdriverSite50s22\")]"}
RESULT: {"using":"xpath","value":"//*[contains(@data-kt ,\"webshopDetailCustomerLink\")]"}
COMMAND: POST /session/7590a931e204057e68c97157dfd3b2ed/execute/sync - {"script":"<script> [8489 bytes]","args":[{"element-6066-11e4-a52e-4f735466cecf":"f.12702CF722B5FE42F3DA0862B080648A.d.DBF096EB6AC8380FAFBA260B2B4A90E0.e.6178","ELEMENT":"f.12702CF722B5FE42F3DA0862B080648A.d.DBF096EB6AC8380FAFBA260B2B4A90E0.e.6178"}]}
RESULT: {"script":"<script> [8489 bytes]","args":[{"element-6066-11e4-a52e-4f735466cecf":"f.12702CF722B5FE42F3DA0862B080648A.d.DBF096EB6AC8380FAFBA260B2B4A90E0.e.6178","ELEMENT":"f.12702CF722B5FE42F3DA0862B080648A.d.DBF096EB6AC8380FAFBA260B2B4A90E0.e.6178"}]}
COMMAND: POST /session/7590a931e204057e68c97157dfd3b2ed/execute/sync - {"script":"<script> [5351 bytes]","args":[{"element-6066-11e4-a52e-4f735466cecf":"f.12702CF722B5FE42F3DA0862B080648A.d.DBF096EB6AC8380FAFBA260B2B4A90E0.e.6178","ELEMENT":"f.12702CF722B5FE42F3DA0862B080648A.d.DBF096EB6AC8380FAFBA260B2B4A90E0.e.6178"}]}
RESULT: {"script":"<script> [5351 bytes]","args":[{"element-6066-11e4-a52e-4f735466cecf":"f.12702CF722B5FE42F3DA0862B080648A.d.DBF096EB6AC8380FAFBA260B2B4A90E0.e.6178","ELEMENT":"f.12702CF722B5FE42F3DA0862B080648A.d.DBF096EB6AC8380FAFBA260B2B4A90E0.e.6178"}]}
COMMAND: POST /session/7590a931e204057e68c97157dfd3b2ed/element - {"using":"xpath","value":"//*[contains(@data-kt ,\"webshopDetailCustomerLink\")]"}
RESULT: {"using":"xpath","value":"//*[contains(@data-kt ,\"webshopDetailCustomerLink\")]"}
COMMAND: POST /session/7590a931e204057e68c97157dfd3b2ed/element/f.12702CF722B5FE42F3DA0862B080648A.d.DBF096EB6AC8380FAFBA260B2B4A90E0.e.6178/click - {}
COMMAND: GET /session/7590a931e204057e68c97157dfd3b2ed/screenshot - {}
COMMAND: GET /session/7590a931e204057e68c97157dfd3b2ed/screenshot - {}
RESULT: {}
COMMAND: GET /session/7590a931e204057e68c97157dfd3b2ed/screenshot - {}
RESULT: {}
COMMAND: POST /session/7590a931e204057e68c97157dfd3b2ed/element - {"using":"xpath","value":"//span[contains(@id ,\"application-addressmanagement-display-component---detailAdm--addressDetailDetailsName1\")][contains(text(), \"WebdriverSite50s22\")]"}
RESULT: {}
RESULT: {}
RESULT: {"using":"xpath","value":"//span[contains(@id ,\"application-addressmanagement-display-component---detailAdm--addressDetailDetailsName1\")][contains(text(), \"WebdriverSite50s22\")]"}
COMMAND: POST /session/7590a931e204057e68c97157dfd3b2ed/element - {"using":"xpath","value":"//span[contains(@id ,\"application-addressmanagement-display-component---detailAdm--addressDetailDetailsName1\")][contains(text(), \"WebdriverSite50s22\")]"}
RESULT: {"using":"xpath","value":"//span[contains(@id ,\"application-addressmanagement-display-component---detailAdm--addressDetailDetailsName1\")][contains(text(), \"WebdriverSite50s22\")]"}
COMMAND: POST /session/7590a931e204057e68c97157dfd3b2ed/element - {"using":"xpath","value":"//span[contains(@id ,\"application-addressmanagement-display-component---detailAdm--addressDetailDetailsName1\")][contains(text(), \"WebdriverSite50s22\")]"}
RESULT: {"using":"xpath","value":"//span[contains(@id ,\"application-addressmanagement-display-component---detailAdm--addressDetailDetailsName1\")][contains(text(), \"WebdriverSite50s22\")]"}
COMMAND: POST /session/7590a931e204057e68c97157dfd3b2ed/element - {"using":"xpath","value":"//*[contains(@data-kt ,\"ContextMenuId2Link\")][contains(text(), \"Partner Overview\")]"}
RESULT: {"using":"xpath","value":"//*[contains(@data-kt ,\"ContextMenuId2Link\")][contains(text(), \"Partner Overview\")]"}
COMMAND: POST /session/7590a931e204057e68c97157dfd3b2ed/execute/sync - {"script":"<script> [8489 bytes]","args":[{"element-6066-11e4-a52e-4f735466cecf":"f.12702CF722B5FE42F3DA0862B080648A.d.DBF096EB6AC8380FAFBA260B2B4A90E0.e.6180","ELEMENT":"f.12702CF722B5FE42F3DA0862B080648A.d.DBF096EB6AC8380FAFBA260B2B4A90E0.e.6180"}]}
COMMAND: POST /session/7590a931e204057e68c97157dfd3b2ed/element - {"using":"xpath","value":"//*[contains(@data-kt ,\"ContextMenuId2Link\")][contains(text(), \"Partner Overview\")]"}
RESULT: {"script":"<script> [8489 bytes]","args":[{"element-6066-11e4-a52e-4f735466cecf":"f.12702CF722B5FE42F3DA0862B080648A.d.DBF096EB6AC8380FAFBA260B2B4A90E0.e.6180","ELEMENT":"f.12702CF722B5FE42F3DA0862B080648A.d.DBF096EB6AC8380FAFBA260B2B4A90E0.e.6180"}]}
RESULT: {"using":"xpath","value":"//*[contains(@data-kt ,\"ContextMenuId2Link\")][contains(text(), \"Partner Overview\")]"}
COMMAND: POST /session/7590a931e204057e68c97157dfd3b2ed/element/f.12702CF722B5FE42F3DA0862B080648A.d.DBF096EB6AC8380FAFBA260B2B4A90E0.e.6180/click - {}
COMMAND: GET /session/7590a931e204057e68c97157dfd3b2ed/screenshot - {}
COMMAND: POST /session/7590a931e204057e68c97157dfd3b2ed/element - {"using":"xpath","value":"//span[contains(@id ,\"application-addressmanagement-display-component---detailAdm--addressDetailDetailsName1\")][contains(text(), \"WebdriverSite50s22\")]"}
RESULT: {}
RESULT: {}
RESULT: {"using":"xpath","value":"//span[contains(@id ,\"application-addressmanagement-display-component---detailAdm--addressDetailDetailsName1\")][contains(text(), \"WebdriverSite50s22\")]"}
COMMAND: GET /session/7590a931e204057e68c97157dfd3b2ed/screenshot - {}
COMMAND: POST /session/7590a931e204057e68c97157dfd3b2ed/element - {"using":"xpath","value":"//span[contains(@id ,\"application-addressmanagement-display-component---detailAdm--addressDetailDetailsName1\")][contains(text(), \"WebdriverSite50s22\")]"}
RESULT: {}
RESULT: {"using":"xpath","value":"//span[contains(@id ,\"application-addressmanagement-display-component---detailAdm--addressDetailDetailsName1\")][contains(text(), \"WebdriverSite50s22\")]"}
COMMAND: POST /session/7590a931e204057e68c97157dfd3b2ed/element - {"using":"xpath","value":"//span[contains(@id ,\"application-addressmanagement-display-component---detailAdm--addressDetailDetailsName1\")][contains(text(), \"WebdriverSite50s22\")]"}
RESULT: {"using":"xpath","value":"//span[contains(@id ,\"application-addressmanagement-display-component---detailAdm--addressDetailDetailsName1\")][contains(text(), \"WebdriverSite50s22\")]"}
COMMAND: POST /session/7590a931e204057e68c97157dfd3b2ed/element - {"using":"xpath","value":"//span[contains(@id ,\"application-addressmanagement-display-component---detailAdm--addressDetailDetailsName1\")][contains(text(), \"WebdriverSite50s22\")]"}
RESULT: undefined
COMMAND: POST /session/7590a931e204057e68c97157dfd3b2ed/execute/async - {"script":"<script> [6424 bytes]","args":[{"element-6066-11e4-a52e-4f735466cecf":"f.12702CF722B5FE42F3DA0862B080648A.d.DBF096EB6AC8380FAFBA260B2B4A90E0.e.3134"},"getTitle",[]]}
RESULT: {"using":"xpath","value":"//span[contains(@id ,\"application-addressmanagement-display-component---detailAdm--addressDetailDetailsName1\")][contains(text(), \"WebdriverSite50s22\")]"}
COMMAND: POST /session/7590a931e204057e68c97157dfd3b2ed/execute/async - {"script":"<script> [1562 bytes]","args":[{"selector":{"id":"shellAppTitle"},"wdio_ui5_key":"shellAppTitle"}]}
COMMAND: POST /session/7590a931e204057e68c97157dfd3b2ed/element - {"using":"xpath","value":"//span[contains(@id ,\"application-addressmanagement-display-component---detailAdm--addressDetailDetailsName1\")][contains(text(), \"WebdriverSite50s22\")]"}
RESULT: {"script":"<script> [1562 bytes]","args":[{"selector":{"id":"shellAppTitle"},"wdio_ui5_key":"shellAppTitle"}]}
COMMAND: POST /session/7590a931e204057e68c97157dfd3b2ed/execute/async - {"script":"<script> [6424 bytes]","args":[{"element-6066-11e4-a52e-4f735466cecf":"f.12702CF722B5FE42F3DA0862B080648A.d.DBF096EB6AC8380FAFBA260B2B4A90E0.e.6418"},"getTitle",[]]}
RESULT: {"using":"xpath","value":"//span[contains(@id ,\"application-addressmanagement-display-component---detailAdm--addressDetailDetailsName1\")][contains(text(), \"WebdriverSite50s22\")]"}
RESULT: {"script":"<script> [6424 bytes]","args":[{"element-6066-11e4-a52e-4f735466cecf":"f.12702CF722B5FE42F3DA0862B080648A.d.DBF096EB6AC8380FAFBA260B2B4A90E0.e.6418"},"getTitle",[]]}
COMMAND: POST /session/7590a931e204057e68c97157dfd3b2ed/element - {"using":"xpath","value":"//span[contains(@id ,\"title\")][contains(text(), \"WebdriverPartnern84s8\")]"}
RESULT: {"using":"xpath","value":"//span[contains(@id ,\"title\")][contains(text(), \"WebdriverPartnern84s8\")]"}
COMMAND: POST /session/7590a931e204057e68c97157dfd3b2ed/execute/sync - {"script":"<script> [8489 bytes]","args":[{"element-6066-11e4-a52e-4f735466cecf":"f.12702CF722B5FE42F3DA0862B080648A.d.DBF096EB6AC8380FAFBA260B2B4A90E0.e.6419","ELEMENT":"f.12702CF722B5FE42F3DA0862B080648A.d.DBF096EB6AC8380FAFBA260B2B4A90E0.e.6419"}]}
RESULT: undefined
COMMAND: POST /session/7590a931e204057e68c97157dfd3b2ed/element - {"using":"xpath","value":"//*[@id=\"backBtn\"]"}
RESULT: {"script":"<script> [8489 bytes]","args":[{"element-6066-11e4-a52e-4f735466cecf":"f.12702CF722B5FE42F3DA0862B080648A.d.DBF096EB6AC8380FAFBA260B2B4A90E0.e.6419","ELEMENT":"f.12702CF722B5FE42F3DA0862B080648A.d.DBF096EB6AC8380FAFBA260B2B4A90E0.e.6419"}]}
COMMAND: GET /session/7590a931e204057e68c97157dfd3b2ed/screenshot - {}
RESULT: {"using":"xpath","value":"//*[@id=\"backBtn\"]"}
COMMAND: POST /session/7590a931e204057e68c97157dfd3b2ed/element/f.12702CF722B5FE42F3DA0862B080648A.d.DBF096EB6AC8380FAFBA260B2B4A90E0.e.3136/click - {}
COMMAND: POST /session/7590a931e204057e68c97157dfd3b2ed/element - {"using":"xpath","value":"//span[contains(@id ,\"application-addressmanagement-display-component---detailAdm--addressDetailDetailsName1\")][contains(text(), \"WebdriverSite50s22\")]"}
RESULT: {}
RESULT: {"using":"xpath","value":"//span[contains(@id ,\"application-addressmanagement-display-component---detailAdm--addressDetailDetailsName1\")][contains(text(), \"WebdriverSite50s22\")]"}
COMMAND: POST /session/7590a931e204057e68c97157dfd3b2ed/execute/sync - {"script":"<script> [8489 bytes]","args":[{"element-6066-11e4-a52e-4f735466cecf":"f.12702CF722B5FE42F3DA0862B080648A.d.DBF096EB6AC8380FAFBA260B2B4A90E0.e.6419","ELEMENT":"f.12702CF722B5FE42F3DA0862B080648A.d.DBF096EB6AC8380FAFBA260B2B4A90E0.e.6419"}]}
RESULT: {}
COMMAND: GET /session/7590a931e204057e68c97157dfd3b2ed/screenshot - {}
RESULT: {"script":"<script> [8489 bytes]","args":[{"element-6066-11e4-a52e-4f735466cecf":"f.12702CF722B5FE42F3DA0862B080648A.d.DBF096EB6AC8380FAFBA260B2B4A90E0.e.6419","ELEMENT":"f.12702CF722B5FE42F3DA0862B080648A.d.DBF096EB6AC8380FAFBA260B2B4A90E0.e.6419"}]}
COMMAND: GET /session/7590a931e204057e68c97157dfd3b2ed/screenshot - {}
COMMAND: POST /session/7590a931e204057e68c97157dfd3b2ed/element - {"using":"xpath","value":"//span[contains(@id ,\"application-addressmanagement-display-component---detailAdm--addressDetailDetailsName1\")][contains(text(), \"WebdriverSite50s22\")]"}
COMMAND: POST /session/7590a931e204057e68c97157dfd3b2ed/execute/sync - {"script":"<script> [8489 bytes]","args":[{"element-6066-11e4-a52e-4f735466cecf":"f.12702CF722B5FE42F3DA0862B080648A.d.DBF096EB6AC8380FAFBA260B2B4A90E0.e.6419","ELEMENT":"f.12702CF722B5FE42F3DA0862B080648A.d.DBF096EB6AC8380FAFBA260B2B4A90E0.e.6419"}]}
RESULT: {}
RESULT: {}
RESULT: {"using":"xpath","value":"//span[contains(@id ,\"application-addressmanagement-display-component---detailAdm--addressDetailDetailsName1\")][contains(text(), \"WebdriverSite50s22\")]"}
COMMAND: POST /session/7590a931e204057e68c97157dfd3b2ed/element - {"using":"xpath","value":"//span[contains(@id ,\"title\")][contains(text(), \"WebdriverPartnern84s8\")]"}
RESULT: {"using":"xpath","value":"//span[contains(@id ,\"title\")][contains(text(), \"WebdriverPartnern84s8\")]"}
COMMAND: POST /session/7590a931e204057e68c97157dfd3b2ed/element - {"using":"xpath","value":"//span[contains(@id ,\"title\")][contains(text(), \"WebdriverPartnern84s8\")]"}
COMMAND: POST /session/7590a931e204057e68c97157dfd3b2ed/element - {"using":"xpath","value":"//span[contains(@id ,\"application-addressmanagement-display-component---detailAdm--addressDetailDetailsName1\")][contains(text(), \"WebdriverSite50s22\")]"}
RESULT: {"using":"xpath","value":"//span[contains(@id ,\"title\")][contains(text(), \"WebdriverPartnern84s8\")]"}
RESULT: {"using":"xpath","value":"//span[contains(@id ,\"application-addressmanagement-display-component---detailAdm--addressDetailDetailsName1\")][contains(text(), \"WebdriverSite50s22\")]"}
COMMAND: POST /session/7590a931e204057e68c97157dfd3b2ed/element - {"using":"xpath","value":"//span[contains(@id ,\"title\")][contains(text(), \"WebdriverPartnern84s8\")]"}
COMMAND: POST /session/7590a931e204057e68c97157dfd3b2ed/element - {"using":"xpath","value":"//span[contains(@id ,\"application-addressmanagement-display-component---detailAdm--addressDetailDetailsName1\")][contains(text(), \"WebdriverSite50s22\")]"}
RESULT: {"using":"xpath","value":"//span[contains(@id ,\"title\")][contains(text(), \"WebdriverPartnern84s8\")]"}
RESULT: {"using":"xpath","value":"//span[contains(@id ,\"application-addressmanagement-display-component---detailAdm--addressDetailDetailsName1\")][contains(text(), \"WebdriverSite50s22\")]"}
COMMAND: POST /session/7590a931e204057e68c97157dfd3b2ed/element - {"using":"xpath","value":"//span[contains(@id ,\"title\")][contains(text(), \"WebdriverPartnern84s8\")]"}
COMMAND: POST /session/7590a931e204057e68c97157dfd3b2ed/element - {"using":"xpath","value":"//span[contains(@id ,\"application-addressmanagement-display-component---detailAdm--addressDetailDetailsName1\")][contains(text(), \"WebdriverSite50s22\")]"}
RESULT: {"using":"xpath","value":"//span[contains(@id ,\"title\")][contains(text(), \"WebdriverPartnern84s8\")]"}
RESULT: {"using":"xpath","value":"//span[contains(@id ,\"application-addressmanagement-display-component---detailAdm--addressDetailDetailsName1\")][contains(text(), \"WebdriverSite50s22\")]"}
COMMAND: POST /session/7590a931e204057e68c97157dfd3b2ed/execute/sync - {"script":"<script> [8489 bytes]","args":[{"element-6066-11e4-a52e-4f735466cecf":"f.12702CF722B5FE42F3DA0862B080648A.d.DBF096EB6AC8380FAFBA260B2B4A90E0.e.6178","ELEMENT":"f.12702CF722B5FE42F3DA0862B080648A.d.DBF096EB6AC8380FAFBA260B2B4A90E0.e.6178"}]}
COMMAND: POST /session/7590a931e204057e68c97157dfd3b2ed/element - {"using":"xpath","value":"//span[contains(@id ,\"title\")][contains(text(), \"WebdriverPartnern84s8\")]"}
COMMAND: POST /session/7590a931e204057e68c97157dfd3b2ed/element - {"using":"xpath","value":"//span[contains(@id ,\"application-addressmanagement-display-component---detailAdm--addressDetailDetailsName1\")][contains(text(), \"WebdriverSite50s22\")]"}
COMMAND: POST /session/7590a931e204057e68c97157dfd3b2ed/element - {"using":"xpath","value":"//*[contains(@data-kt ,\"webshopDetailCustomerLink\")]"}
RESULT: {"using":"xpath","value":"//span[contains(@id ,\"title\")][contains(text(), \"WebdriverPartnern84s8\")]"}
RESULT: {"using":"xpath","value":"//span[contains(@id ,\"application-addressmanagement-display-component---detailAdm--addressDetailDetailsName1\")][contains(text(), \"WebdriverSite50s22\")]"}
RESULT: {"using":"xpath","value":"//*[contains(@data-kt ,\"webshopDetailCustomerLink\")]"}
COMMAND: POST /session/7590a931e204057e68c97157dfd3b2ed/execute/sync - {"script":"<script> [8489 bytes]","args":[{"element-6066-11e4-a52e-4f735466cecf":"f.12702CF722B5FE42F3DA0862B080648A.d.DBF096EB6AC8380FAFBA260B2B4A90E0.e.6568","ELEMENT":"f.12702CF722B5FE42F3DA0862B080648A.d.DBF096EB6AC8380FAFBA260B2B4A90E0.e.6568"}]}
RESULT: {"script":"<script> [8489 bytes]","args":[{"element-6066-11e4-a52e-4f735466cecf":"f.12702CF722B5FE42F3DA0862B080648A.d.DBF096EB6AC8380FAFBA260B2B4A90E0.e.6568","ELEMENT":"f.12702CF722B5FE42F3DA0862B080648A.d.DBF096EB6AC8380FAFBA260B2B4A90E0.e.6568"}]}
COMMAND: GET /session/7590a931e204057e68c97157dfd3b2ed/screenshot - {}
COMMAND: POST /session/7590a931e204057e68c97157dfd3b2ed/execute/sync - {"script":"<script> [8489 bytes]","args":[{"element-6066-11e4-a52e-4f735466cecf":"f.12702CF722B5FE42F3DA0862B080648A.d.DBF096EB6AC8380FAFBA260B2B4A90E0.e.6568","ELEMENT":"f.12702CF722B5FE42F3DA0862B080648A.d.DBF096EB6AC8380FAFBA260B2B4A90E0.e.6568"}]}
COMMAND: POST /session/7590a931e204057e68c97157dfd3b2ed/element - {"using":"xpath","value":"//span[contains(@id ,\"title\")][contains(text(), \"WebdriverPartnern84s8\")]"}
COMMAND: POST /session/7590a931e204057e68c97157dfd3b2ed/element - {"using":"xpath","value":"//span[contains(@id ,\"application-addressmanagement-display-component---detailAdm--addressDetailDetailsName1\")][contains(text(), \"WebdriverSite50s22\")]"}
RESULT: {}
RESULT: {"script":"<script> [8489 bytes]","args":[{"element-6066-11e4-a52e-4f735466cecf":"f.12702CF722B5FE42F3DA0862B080648A.d.DBF096EB6AC8380FAFBA260B2B4A90E0.e.6568","ELEMENT":"f.12702CF722B5FE42F3DA0862B080648A.d.DBF096EB6AC8380FAFBA260B2B4A90E0.e.6568"}]}
COMMAND: POST /session/7590a931e204057e68c97157dfd3b2ed/execute/sync - {"script":"<script> [8489 bytes]","args":[{"element-6066-11e4-a52e-4f735466cecf":"f.12702CF722B5FE42F3DA0862B080648A.d.DBF096EB6AC8380FAFBA260B2B4A90E0.e.6568","ELEMENT":"f.12702CF722B5FE42F3DA0862B080648A.d.DBF096EB6AC8380FAFBA260B2B4A90E0.e.6568"}]}
COMMAND: GET /session/7590a931e204057e68c97157dfd3b2ed/screenshot - {}
RESULT: {"using":"xpath","value":"//span[contains(@id ,\"title\")][contains(text(), \"WebdriverPartnern84s8\")]"}
RESULT: {"using":"xpath","value":"//span[contains(@id ,\"application-addressmanagement-display-component---detailAdm--addressDetailDetailsName1\")][contains(text(), \"WebdriverSite50s22\")]"}
RESULT: {"script":"<script> [8489 bytes]","args":[{"element-6066-11e4-a52e-4f735466cecf":"f.12702CF722B5FE42F3DA0862B080648A.d.DBF096EB6AC8380FAFBA260B2B4A90E0.e.6568","ELEMENT":"f.12702CF722B5FE42F3DA0862B080648A.d.DBF096EB6AC8380FAFBA260B2B4A90E0.e.6568"}]}
COMMAND: POST /session/7590a931e204057e68c97157dfd3b2ed/execute/sync - {"script":"<script> [8489 bytes]","args":[{"element-6066-11e4-a52e-4f735466cecf":"f.12702CF722B5FE42F3DA0862B080648A.d.DBF096EB6AC8380FAFBA260B2B4A90E0.e.6568","ELEMENT":"f.12702CF722B5FE42F3DA0862B080648A.d.DBF096EB6AC8380FAFBA260B2B4A90E0.e.6568"}]}
COMMAND: GET /session/7590a931e204057e68c97157dfd3b2ed/screenshot - {}
RESULT: {}
RESULT: {"script":"<script> [8489 bytes]","args":[{"element-6066-11e4-a52e-4f735466cecf":"f.12702CF722B5FE42F3DA0862B080648A.d.DBF096EB6AC8380FAFBA260B2B4A90E0.e.6568","ELEMENT":"f.12702CF722B5FE42F3DA0862B080648A.d.DBF096EB6AC8380FAFBA260B2B4A90E0.e.6568"}]}
COMMAND: GET /session/7590a931e204057e68c97157dfd3b2ed/screenshot - {}
COMMAND: POST /session/7590a931e204057e68c97157dfd3b2ed/execute/sync - {"script":"<script> [8489 bytes]","args":[{"element-6066-11e4-a52e-4f735466cecf":"f.12702CF722B5FE42F3DA0862B080648A.d.DBF096EB6AC8380FAFBA260B2B4A90E0.e.6568","ELEMENT":"f.12702CF722B5FE42F3DA0862B080648A.d.DBF096EB6AC8380FAFBA260B2B4A90E0.e.6568"}]}
COMMAND: POST /session/7590a931e204057e68c97157dfd3b2ed/element - {"using":"xpath","value":"//span[contains(@id ,\"title\")][contains(text(), \"WebdriverPartnern84s8\")]"}
COMMAND: POST /session/7590a931e204057e68c97157dfd3b2ed/element - {"using":"xpath","value":"//span[contains(@id ,\"application-addressmanagement-display-component---detailAdm--addressDetailDetailsName1\")][contains(text(), \"WebdriverSite50s22\")]"}
RESULT: {}
RESULT: {}
RESULT: {"script":"<script> [8489 bytes]","args":[{"element-6066-11e4-a52e-4f735466cecf":"f.12702CF722B5FE42F3DA0862B080648A.d.DBF096EB6AC8380FAFBA260B2B4A90E0.e.6568","ELEMENT":"f.12702CF722B5FE42F3DA0862B080648A.d.DBF096EB6AC8380FAFBA260B2B4A90E0.e.6568"}]}
COMMAND: POST /session/7590a931e204057e68c97157dfd3b2ed/execute/sync - {"script":"<script> [8489 bytes]","args":[{"element-6066-11e4-a52e-4f735466cecf":"f.12702CF722B5FE42F3DA0862B080648A.d.DBF096EB6AC8380FAFBA260B2B4A90E0.e.6568","ELEMENT":"f.12702CF722B5FE42F3DA0862B080648A.d.DBF096EB6AC8380FAFBA260B2B4A90E0.e.6568"}]}
COMMAND: GET /session/7590a931e204057e68c97157dfd3b2ed/screenshot - {}
RESULT: {"using":"xpath","value":"//span[contains(@id ,\"title\")][contains(text(), \"WebdriverPartnern84s8\")]"}
COMMAND: POST /session/7590a931e204057e68c97157dfd3b2ed/element - {"using":"xpath","value":"//span[contains(@id ,\"title\")][contains(text(), \"WebdriverPartnern84s8\")]"}
RESULT: {"using":"xpath","value":"//span[contains(@id ,\"application-addressmanagement-display-component---detailAdm--addressDetailDetailsName1\")][contains(text(), \"WebdriverSite50s22\")]"}
RESULT: {"script":"<script> [8489 bytes]","args":[{"element-6066-11e4-a52e-4f735466cecf":"f.12702CF722B5FE42F3DA0862B080648A.d.DBF096EB6AC8380FAFBA260B2B4A90E0.e.6568","ELEMENT":"f.12702CF722B5FE42F3DA0862B080648A.d.DBF096EB6AC8380FAFBA260B2B4A90E0.e.6568"}]}
RESULT: {}
RESULT: {"using":"xpath","value":"//span[contains(@id ,\"title\")][contains(text(), \"WebdriverPartnern84s8\")]"}
COMMAND: POST /session/7590a931e204057e68c97157dfd3b2ed/execute/sync - {"script":"<script> [8489 bytes]","args":[{"element-6066-11e4-a52e-4f735466cecf":"f.12702CF722B5FE42F3DA0862B080648A.d.DBF096EB6AC8380FAFBA260B2B4A90E0.e.6568","ELEMENT":"f.12702CF722B5FE42F3DA0862B080648A.d.DBF096EB6AC8380FAFBA260B2B4A90E0.e.6568"}]}
COMMAND: GET /session/7590a931e204057e68c97157dfd3b2ed/screenshot - {}
RESULT: {"script":"<script> [8489 bytes]","args":[{"element-6066-11e4-a52e-4f735466cecf":"f.12702CF722B5FE42F3DA0862B080648A.d.DBF096EB6AC8380FAFBA260B2B4A90E0.e.6568","ELEMENT":"f.12702CF722B5FE42F3DA0862B080648A.d.DBF096EB6AC8380FAFBA260B2B4A90E0.e.6568"}]}
COMMAND: POST /session/7590a931e204057e68c97157dfd3b2ed/execute/sync - {"script":"<script> [5351 bytes]","args":[{"element-6066-11e4-a52e-4f735466cecf":"f.12702CF722B5FE42F3DA0862B080648A.d.DBF096EB6AC8380FAFBA260B2B4A90E0.e.6568","ELEMENT":"f.12702CF722B5FE42F3DA0862B080648A.d.DBF096EB6AC8380FAFBA260B2B4A90E0.e.6568"}]}
COMMAND: GET /session/7590a931e204057e68c97157dfd3b2ed/screenshot - {}
RESULT: {}
RESULT: {"script":"<script> [5351 bytes]","args":[{"element-6066-11e4-a52e-4f735466cecf":"f.12702CF722B5FE42F3DA0862B080648A.d.DBF096EB6AC8380FAFBA260B2B4A90E0.e.6568","ELEMENT":"f.12702CF722B5FE42F3DA0862B080648A.d.DBF096EB6AC8380FAFBA260B2B4A90E0.e.6568"}]}
COMMAND: POST /session/7590a931e204057e68c97157dfd3b2ed/execute/sync - {"script":"<script> [8489 bytes]","args":[{"element-6066-11e4-a52e-4f735466cecf":"f.12702CF722B5FE42F3DA0862B080648A.d.DBF096EB6AC8380FAFBA260B2B4A90E0.e.6568","ELEMENT":"f.12702CF722B5FE42F3DA0862B080648A.d.DBF096EB6AC8380FAFBA260B2B4A90E0.e.6568"}]}
COMMAND: GET /session/7590a931e204057e68c97157dfd3b2ed/screenshot - {}
COMMAND: POST /session/7590a931e204057e68c97157dfd3b2ed/element - {"using":"xpath","value":"//span[contains(@id ,\"application-addressmanagement-display-component---detailAdm--addressDetailDetailsName1\")][contains(text(), \"WebdriverSite50s22\")]"}
COMMAND: POST /session/7590a931e204057e68c97157dfd3b2ed/element - {"using":"xpath","value":"//span[contains(@id ,\"title\")][contains(text(), \"WebdriverPartnern84s8\")]"}
RESULT: {}
RESULT: {"script":"<script> [8489 bytes]","args":[{"element-6066-11e4-a52e-4f735466cecf":"f.12702CF722B5FE42F3DA0862B080648A.d.DBF096EB6AC8380FAFBA260B2B4A90E0.e.6568","ELEMENT":"f.12702CF722B5FE42F3DA0862B080648A.d.DBF096EB6AC8380FAFBA260B2B4A90E0.e.6568"}]}
COMMAND: POST /session/7590a931e204057e68c97157dfd3b2ed/execute/sync - {"script":"<script> [5351 bytes]","args":[{"element-6066-11e4-a52e-4f735466cecf":"f.12702CF722B5FE42F3DA0862B080648A.d.DBF096EB6AC8380FAFBA260B2B4A90E0.e.6568","ELEMENT":"f.12702CF722B5FE42F3DA0862B080648A.d.DBF096EB6AC8380FAFBA260B2B4A90E0.e.6568"}]}
RESULT: {}
RESULT: {"using":"xpath","value":"//span[contains(@id ,\"application-addressmanagement-display-component---detailAdm--addressDetailDetailsName1\")][contains(text(), \"WebdriverSite50s22\")]"}
RESULT: {"script":"<script> [5351 bytes]","args":[{"element-6066-11e4-a52e-4f735466cecf":"f.12702CF722B5FE42F3DA0862B080648A.d.DBF096EB6AC8380FAFBA260B2B4A90E0.e.6568","ELEMENT":"f.12702CF722B5FE42F3DA0862B080648A.d.DBF096EB6AC8380FAFBA260B2B4A90E0.e.6568"}]}
RESULT: {"using":"xpath","value":"//span[contains(@id ,\"title\")][contains(text(), \"WebdriverPartnern84s8\")]"}
COMMAND: GET /session/7590a931e204057e68c97157dfd3b2ed/screenshot - {}
COMMAND: GET /session/7590a931e204057e68c97157dfd3b2ed/screenshot - {}
COMMAND: POST /session/7590a931e204057e68c97157dfd3b2ed/execute/sync - {"script":"<script> [8489 bytes]","args":[{"element-6066-11e4-a52e-4f735466cecf":"f.12702CF722B5FE42F3DA0862B080648A.d.DBF096EB6AC8380FAFBA260B2B4A90E0.e.6568","ELEMENT":"f.12702CF722B5FE42F3DA0862B080648A.d.DBF096EB6AC8380FAFBA260B2B4A90E0.e.6568"}]}
RESULT: {}
COMMAND: POST /session/7590a931e204057e68c97157dfd3b2ed/element - {"using":"xpath","value":"//span[contains(@id ,\"application-addressmanagement-display-component---detailAdm--addressDetailDetailsName1\")][contains(text(), \"WebdriverSite50s22\")]"}
COMMAND: POST /session/7590a931e204057e68c97157dfd3b2ed/element - {"using":"xpath","value":"//span[contains(@id ,\"title\")][contains(text(), \"WebdriverPartnern84s8\")]"}
RESULT: {}
RESULT: {"script":"<script> [8489 bytes]","args":[{"element-6066-11e4-a52e-4f735466cecf":"f.12702CF722B5FE42F3DA0862B080648A.d.DBF096EB6AC8380FAFBA260B2B4A90E0.e.6568","ELEMENT":"f.12702CF722B5FE42F3DA0862B080648A.d.DBF096EB6AC8380FAFBA260B2B4A90E0.e.6568"}]}
COMMAND: POST /session/7590a931e204057e68c97157dfd3b2ed/execute/sync - {"script":"<script> [5351 bytes]","args":[{"element-6066-11e4-a52e-4f735466cecf":"f.12702CF722B5FE42F3DA0862B080648A.d.DBF096EB6AC8380FAFBA260B2B4A90E0.e.6568","ELEMENT":"f.12702CF722B5FE42F3DA0862B080648A.d.DBF096EB6AC8380FAFBA260B2B4A90E0.e.6568"}]}
COMMAND: GET /session/7590a931e204057e68c97157dfd3b2ed/screenshot - {}
RESULT: {"using":"xpath","value":"//span[contains(@id ,\"application-addressmanagement-display-component---detailAdm--addressDetailDetailsName1\")][contains(text(), \"WebdriverSite50s22\")]"}
RESULT: {"using":"xpath","value":"//span[contains(@id ,\"title\")][contains(text(), \"WebdriverPartnern84s8\")]"}
RESULT: {"script":"<script> [5351 bytes]","args":[{"element-6066-11e4-a52e-4f735466cecf":"f.12702CF722B5FE42F3DA0862B080648A.d.DBF096EB6AC8380FAFBA260B2B4A90E0.e.6568","ELEMENT":"f.12702CF722B5FE42F3DA0862B080648A.d.DBF096EB6AC8380FAFBA260B2B4A90E0.e.6568"}]}
COMMAND: POST /session/7590a931e204057e68c97157dfd3b2ed/execute/sync - {"script":"<script> [8489 bytes]","args":[{"element-6066-11e4-a52e-4f735466cecf":"f.12702CF722B5FE42F3DA0862B080648A.d.DBF096EB6AC8380FAFBA260B2B4A90E0.e.6568","ELEMENT":"f.12702CF722B5FE42F3DA0862B080648A.d.DBF096EB6AC8380FAFBA260B2B4A90E0.e.6568"}]}
COMMAND: GET /session/7590a931e204057e68c97157dfd3b2ed/screenshot - {}
RESULT: {}
RESULT: {"script":"<script> [8489 bytes]","args":[{"element-6066-11e4-a52e-4f735466cecf":"f.12702CF722B5FE42F3DA0862B080648A.d.DBF096EB6AC8380FAFBA260B2B4A90E0.e.6568","ELEMENT":"f.12702CF722B5FE42F3DA0862B080648A.d.DBF096EB6AC8380FAFBA260B2B4A90E0.e.6568"}]}
COMMAND: POST /session/7590a931e204057e68c97157dfd3b2ed/execute/sync - {"script":"<script> [5351 bytes]","args":[{"element-6066-11e4-a52e-4f735466cecf":"f.12702CF722B5FE42F3DA0862B080648A.d.DBF096EB6AC8380FAFBA260B2B4A90E0.e.6568","ELEMENT":"f.12702CF722B5FE42F3DA0862B080648A.d.DBF096EB6AC8380FAFBA260B2B4A90E0.e.6568"}]}
COMMAND: GET /session/7590a931e204057e68c97157dfd3b2ed/screenshot - {}
COMMAND: POST /session/7590a931e204057e68c97157dfd3b2ed/element - {"using":"xpath","value":"//span[contains(@id ,\"application-addressmanagement-display-component---detailAdm--addressDetailDetailsName1\")][contains(text(), \"WebdriverSite50s22\")]"}
COMMAND: POST /session/7590a931e204057e68c97157dfd3b2ed/element - {"using":"xpath","value":"//span[contains(@id ,\"title\")][contains(text(), \"WebdriverPartnern84s8\")]"}
RESULT: {}
RESULT: {"script":"<script> [5351 bytes]","args":[{"element-6066-11e4-a52e-4f735466cecf":"f.12702CF722B5FE42F3DA0862B080648A.d.DBF096EB6AC8380FAFBA260B2B4A90E0.e.6568","ELEMENT":"f.12702CF722B5FE42F3DA0862B080648A.d.DBF096EB6AC8380FAFBA260B2B4A90E0.e.6568"}]}
COMMAND: POST /session/7590a931e204057e68c97157dfd3b2ed/execute/sync - {"script":"<script> [8489 bytes]","args":[{"element-6066-11e4-a52e-4f735466cecf":"f.12702CF722B5FE42F3DA0862B080648A.d.DBF096EB6AC8380FAFBA260B2B4A90E0.e.6568","ELEMENT":"f.12702CF722B5FE42F3DA0862B080648A.d.DBF096EB6AC8380FAFBA260B2B4A90E0.e.6568"}]}
COMMAND: GET /session/7590a931e204057e68c97157dfd3b2ed/screenshot - {}
RESULT: {}
RESULT: {"using":"xpath","value":"//span[contains(@id ,\"application-addressmanagement-display-component---detailAdm--addressDetailDetailsName1\")][contains(text(), \"WebdriverSite50s22\")]"}
RESULT: {"using":"xpath","value":"//span[contains(@id ,\"title\")][contains(text(), \"WebdriverPartnern84s8\")]"}
RESULT: {"script":"<script> [8489 bytes]","args":[{"element-6066-11e4-a52e-4f735466cecf":"f.12702CF722B5FE42F3DA0862B080648A.d.DBF096EB6AC8380FAFBA260B2B4A90E0.e.6568","ELEMENT":"f.12702CF722B5FE42F3DA0862B080648A.d.DBF096EB6AC8380FAFBA260B2B4A90E0.e.6568"}]}
COMMAND: POST /session/7590a931e204057e68c97157dfd3b2ed/execute/sync - {"script":"<script> [5351 bytes]","args":[{"element-6066-11e4-a52e-4f735466cecf":"f.12702CF722B5FE42F3DA0862B080648A.d.DBF096EB6AC8380FAFBA260B2B4A90E0.e.6568","ELEMENT":"f.12702CF722B5FE42F3DA0862B080648A.d.DBF096EB6AC8380FAFBA260B2B4A90E0.e.6568"}]}
COMMAND: GET /session/7590a931e204057e68c97157dfd3b2ed/screenshot - {}
COMMAND: POST /session/7590a931e204057e68c97157dfd3b2ed/element - {"using":"xpath","value":"//span[contains(@id ,\"application-addressmanagement-display-component---detailAdm--addressDetailDetailsName1\")][contains(text(), \"WebdriverSite50s22\")]"}
COMMAND: POST /session/7590a931e204057e68c97157dfd3b2ed/element - {"using":"xpath","value":"//span[contains(@id ,\"title\")][contains(text(), \"WebdriverPartnern84s8\")]"}
RESULT: {}
RESULT: {"script":"<script> [5351 bytes]","args":[{"element-6066-11e4-a52e-4f735466cecf":"f.12702CF722B5FE42F3DA0862B080648A.d.DBF096EB6AC8380FAFBA260B2B4A90E0.e.6568","ELEMENT":"f.12702CF722B5FE42F3DA0862B080648A.d.DBF096EB6AC8380FAFBA260B2B4A90E0.e.6568"}]}
COMMAND: POST /session/7590a931e204057e68c97157dfd3b2ed/execute/sync - {"script":"<script> [8489 bytes]","args":[{"element-6066-11e4-a52e-4f735466cecf":"f.12702CF722B5FE42F3DA0862B080648A.d.DBF096EB6AC8380FAFBA260B2B4A90E0.e.6568","ELEMENT":"f.12702CF722B5FE42F3DA0862B080648A.d.DBF096EB6AC8380FAFBA260B2B4A90E0.e.6568"}]}
COMMAND: GET /session/7590a931e204057e68c97157dfd3b2ed/screenshot - {}
RESULT: {}
RESULT: {"using":"xpath","value":"//span[contains(@id ,\"application-addressmanagement-display-component---detailAdm--addressDetailDetailsName1\")][contains(text(), \"WebdriverSite50s22\")]"}
RESULT: {"using":"xpath","value":"//span[contains(@id ,\"title\")][contains(text(), \"WebdriverPartnern84s8\")]"}
RESULT: {"script":"<script> [8489 bytes]","args":[{"element-6066-11e4-a52e-4f735466cecf":"f.12702CF722B5FE42F3DA0862B080648A.d.DBF096EB6AC8380FAFBA260B2B4A90E0.e.6568","ELEMENT":"f.12702CF722B5FE42F3DA0862B080648A.d.DBF096EB6AC8380FAFBA260B2B4A90E0.e.6568"}]}
COMMAND: POST /session/7590a931e204057e68c97157dfd3b2ed/execute/sync - {"script":"<script> [5351 bytes]","args":[{"element-6066-11e4-a52e-4f735466cecf":"f.12702CF722B5FE42F3DA0862B080648A.d.DBF096EB6AC8380FAFBA260B2B4A90E0.e.6568","ELEMENT":"f.12702CF722B5FE42F3DA0862B080648A.d.DBF096EB6AC8380FAFBA260B2B4A90E0.e.6568"}]}
COMMAND: GET /session/7590a931e204057e68c97157dfd3b2ed/screenshot - {}
RESULT: {}
RESULT: {"script":"<script> [5351 bytes]","args":[{"element-6066-11e4-a52e-4f735466cecf":"f.12702CF722B5FE42F3DA0862B080648A.d.DBF096EB6AC8380FAFBA260B2B4A90E0.e.6568","ELEMENT":"f.12702CF722B5FE42F3DA0862B080648A.d.DBF096EB6AC8380FAFBA260B2B4A90E0.e.6568"}]}
COMMAND: POST /session/7590a931e204057e68c97157dfd3b2ed/execute/sync - {"script":"<script> [8489 bytes]","args":[{"element-6066-11e4-a52e-4f735466cecf":"f.12702CF722B5FE42F3DA0862B080648A.d.DBF096EB6AC8380FAFBA260B2B4A90E0.e.6568","ELEMENT":"f.12702CF722B5FE42F3DA0862B080648A.d.DBF096EB6AC8380FAFBA260B2B4A90E0.e.6568"}]}
COMMAND: GET /session/7590a931e204057e68c97157dfd3b2ed/screenshot - {}
COMMAND: POST /session/7590a931e204057e68c97157dfd3b2ed/element - {"using":"xpath","value":"//span[contains(@id ,\"title\")][contains(text(), \"WebdriverPartnern84s8\")]"}
RESULT: {}
RESULT: {"script":"<script> [8489 bytes]","args":[{"element-6066-11e4-a52e-4f735466cecf":"f.12702CF722B5FE42F3DA0862B080648A.d.DBF096EB6AC8380FAFBA260B2B4A90E0.e.6568","ELEMENT":"f.12702CF722B5FE42F3DA0862B080648A.d.DBF096EB6AC8380FAFBA260B2B4A90E0.e.6568"}]}
COMMAND: POST /session/7590a931e204057e68c97157dfd3b2ed/execute/sync - {"script":"<script> [5351 bytes]","args":[{"element-6066-11e4-a52e-4f735466cecf":"f.12702CF722B5FE42F3DA0862B080648A.d.DBF096EB6AC8380FAFBA260B2B4A90E0.e.6568","ELEMENT":"f.12702CF722B5FE42F3DA0862B080648A.d.DBF096EB6AC8380FAFBA260B2B4A90E0.e.6568"}]}
COMMAND: GET /session/7590a931e204057e68c97157dfd3b2ed/screenshot - {}
RESULT: {}
RESULT: {"using":"xpath","value":"//span[contains(@id ,\"title\")][contains(text(), \"WebdriverPartnern84s8\")]"}
RESULT: {"script":"<script> [5351 bytes]","args":[{"element-6066-11e4-a52e-4f735466cecf":"f.12702CF722B5FE42F3DA0862B080648A.d.DBF096EB6AC8380FAFBA260B2B4A90E0.e.6568","ELEMENT":"f.12702CF722B5FE42F3DA0862B080648A.d.DBF096EB6AC8380FAFBA260B2B4A90E0.e.6568"}]}
RESULT: {}
COMMAND: POST /session/7590a931e204057e68c97157dfd3b2ed/execute/sync - {"script":"<script> [8489 bytes]","args":[{"element-6066-11e4-a52e-4f735466cecf":"f.12702CF722B5FE42F3DA0862B080648A.d.DBF096EB6AC8380FAFBA260B2B4A90E0.e.6568","ELEMENT":"f.12702CF722B5FE42F3DA0862B080648A.d.DBF096EB6AC8380FAFBA260B2B4A90E0.e.6568"}]}
COMMAND: GET /session/7590a931e204057e68c97157dfd3b2ed/screenshot - {}
RESULT: {"script":"<script> [8489 bytes]","args":[{"element-6066-11e4-a52e-4f735466cecf":"f.12702CF722B5FE42F3DA0862B080648A.d.DBF096EB6AC8380FAFBA260B2B4A90E0.e.6568","ELEMENT":"f.12702CF722B5FE42F3DA0862B080648A.d.DBF096EB6AC8380FAFBA260B2B4A90E0.e.6568"}]}
COMMAND: POST /session/7590a931e204057e68c97157dfd3b2ed/execute/sync - {"script":"<script> [5351 bytes]","args":[{"element-6066-11e4-a52e-4f735466cecf":"f.12702CF722B5FE42F3DA0862B080648A.d.DBF096EB6AC8380FAFBA260B2B4A90E0.e.6568","ELEMENT":"f.12702CF722B5FE42F3DA0862B080648A.d.DBF096EB6AC8380FAFBA260B2B4A90E0.e.6568"}]}
COMMAND: GET /session/7590a931e204057e68c97157dfd3b2ed/screenshot - {}
RESULT: {}
RESULT: {"script":"<script> [5351 bytes]","args":[{"element-6066-11e4-a52e-4f735466cecf":"f.12702CF722B5FE42F3DA0862B080648A.d.DBF096EB6AC8380FAFBA260B2B4A90E0.e.6568","ELEMENT":"f.12702CF722B5FE42F3DA0862B080648A.d.DBF096EB6AC8380FAFBA260B2B4A90E0.e.6568"}]}
COMMAND: POST /session/7590a931e204057e68c97157dfd3b2ed/execute/sync - {"script":"<script> [8489 bytes]","args":[{"element-6066-11e4-a52e-4f735466cecf":"f.12702CF722B5FE42F3DA0862B080648A.d.DBF096EB6AC8380FAFBA260B2B4A90E0.e.6568","ELEMENT":"f.12702CF722B5FE42F3DA0862B080648A.d.DBF096EB6AC8380FAFBA260B2B4A90E0.e.6568"}]}
COMMAND: GET /session/7590a931e204057e68c97157dfd3b2ed/screenshot - {}
COMMAND: POST /session/7590a931e204057e68c97157dfd3b2ed/element - {"using":"xpath","value":"//span[contains(@id ,\"title\")][contains(text(), \"WebdriverPartnern84s8\")]"}
RESULT: {}
RESULT: {"script":"<script> [8489 bytes]","args":[{"element-6066-11e4-a52e-4f735466cecf":"f.12702CF722B5FE42F3DA0862B080648A.d.DBF096EB6AC8380FAFBA260B2B4A90E0.e.6568","ELEMENT":"f.12702CF722B5FE42F3DA0862B080648A.d.DBF096EB6AC8380FAFBA260B2B4A90E0.e.6568"}]}
COMMAND: POST /session/7590a931e204057e68c97157dfd3b2ed/execute/sync - {"script":"<script> [5351 bytes]","args":[{"element-6066-11e4-a52e-4f735466cecf":"f.12702CF722B5FE42F3DA0862B080648A.d.DBF096EB6AC8380FAFBA260B2B4A90E0.e.6568","ELEMENT":"f.12702CF722B5FE42F3DA0862B080648A.d.DBF096EB6AC8380FAFBA260B2B4A90E0.e.6568"}]}
COMMAND: GET /session/7590a931e204057e68c97157dfd3b2ed/screenshot - {}
RESULT: {}
RESULT: {"using":"xpath","value":"//span[contains(@id ,\"title\")][contains(text(), \"WebdriverPartnern84s8\")]"}
RESULT: {"script":"<script> [5351 bytes]","args":[{"element-6066-11e4-a52e-4f735466cecf":"f.12702CF722B5FE42F3DA0862B080648A.d.DBF096EB6AC8380FAFBA260B2B4A90E0.e.6568","ELEMENT":"f.12702CF722B5FE42F3DA0862B080648A.d.DBF096EB6AC8380FAFBA260B2B4A90E0.e.6568"}]}
COMMAND: POST /session/7590a931e204057e68c97157dfd3b2ed/execute/sync - {"script":"<script> [8489 bytes]","args":[{"element-6066-11e4-a52e-4f735466cecf":"f.12702CF722B5FE42F3DA0862B080648A.d.DBF096EB6AC8380FAFBA260B2B4A90E0.e.6568","ELEMENT":"f.12702CF722B5FE42F3DA0862B080648A.d.DBF096EB6AC8380FAFBA260B2B4A90E0.e.6568"}]}
COMMAND: GET /session/7590a931e204057e68c97157dfd3b2ed/screenshot - {}
COMMAND: POST /session/7590a931e204057e68c97157dfd3b2ed/element - {"using":"xpath","value":"//span[contains(@id ,\"title\")][contains(text(), \"WebdriverPartnern84s8\")]"}
RESULT: {}
RESULT: {"script":"<script> [8489 bytes]","args":[{"element-6066-11e4-a52e-4f735466cecf":"f.12702CF722B5FE42F3DA0862B080648A.d.DBF096EB6AC8380FAFBA260B2B4A90E0.e.6568","ELEMENT":"f.12702CF722B5FE42F3DA0862B080648A.d.DBF096EB6AC8380FAFBA260B2B4A90E0.e.6568"}]}
COMMAND: POST /session/7590a931e204057e68c97157dfd3b2ed/execute/sync - {"script":"<script> [5351 bytes]","args":[{"element-6066-11e4-a52e-4f735466cecf":"f.12702CF722B5FE42F3DA0862B080648A.d.DBF096EB6AC8380FAFBA260B2B4A90E0.e.6568","ELEMENT":"f.12702CF722B5FE42F3DA0862B080648A.d.DBF096EB6AC8380FAFBA260B2B4A90E0.e.6568"}]}
COMMAND: GET /session/7590a931e204057e68c97157dfd3b2ed/screenshot - {}
RESULT: {}
RESULT: {"using":"xpath","value":"//span[contains(@id ,\"title\")][contains(text(), \"WebdriverPartnern84s8\")]"}
RESULT: {"script":"<script> [5351 bytes]","args":[{"element-6066-11e4-a52e-4f735466cecf":"f.12702CF722B5FE42F3DA0862B080648A.d.DBF096EB6AC8380FAFBA260B2B4A90E0.e.6568","ELEMENT":"f.12702CF722B5FE42F3DA0862B080648A.d.DBF096EB6AC8380FAFBA260B2B4A90E0.e.6568"}]}
COMMAND: POST /session/7590a931e204057e68c97157dfd3b2ed/element - {"using":"xpath","value":"//*[contains(@data-kt ,\"webshopDetailCustomerLink\")]"}
COMMAND: GET /session/7590a931e204057e68c97157dfd3b2ed/screenshot - {}
RESULT: {}
RESULT: {"using":"xpath","value":"//*[contains(@data-kt ,\"webshopDetailCustomerLink\")]"}
COMMAND: POST /session/7590a931e204057e68c97157dfd3b2ed/element/f.12702CF722B5FE42F3DA0862B080648A.d.DBF096EB6AC8380FAFBA260B2B4A90E0.e.6568/click - {}
COMMAND: POST /session/7590a931e204057e68c97157dfd3b2ed/element - {"using":"xpath","value":"//span[contains(@id ,\"title\")][contains(text(), \"WebdriverPartnern84s8\")]"}
RESULT: {}
RESULT: {}
COMMAND: GET /session/7590a931e204057e68c97157dfd3b2ed/screenshot - {}
RESULT: {"using":"xpath","value":"//span[contains(@id ,\"title\")][contains(text(), \"WebdriverPartnern84s8\")]"}
COMMAND: POST /session/7590a931e204057e68c97157dfd3b2ed/execute/sync - {"script":"<script> [8489 bytes]","args":[{"element-6066-11e4-a52e-4f735466cecf":"f.12702CF722B5FE42F3DA0862B080648A.d.DBF096EB6AC8380FAFBA260B2B4A90E0.e.6599","ELEMENT":"f.12702CF722B5FE42F3DA0862B080648A.d.DBF096EB6AC8380FAFBA260B2B4A90E0.e.6599"}]}
RESULT: {}
RESULT: {"script":"<script> [8489 bytes]","args":[{"element-6066-11e4-a52e-4f735466cecf":"f.12702CF722B5FE42F3DA0862B080648A.d.DBF096EB6AC8380FAFBA260B2B4A90E0.e.6599","ELEMENT":"f.12702CF722B5FE42F3DA0862B080648A.d.DBF096EB6AC8380FAFBA260B2B4A90E0.e.6599"}]}
COMMAND: GET /session/7590a931e204057e68c97157dfd3b2ed/screenshot - {}
RESULT: {}
COMMAND: POST /session/7590a931e204057e68c97157dfd3b2ed/element - {"using":"xpath","value":"//button[contains(@data-kt ,\"ContextMenuExternalId2Link\")]"}
RESULT: {"using":"xpath","value":"//button[contains(@data-kt ,\"ContextMenuExternalId2Link\")]"}
COMMAND: POST /session/7590a931e204057e68c97157dfd3b2ed/element/f.12702CF722B5FE42F3DA0862B080648A.d.DBF096EB6AC8380FAFBA260B2B4A90E0.e.6598/click - {}
RESULT: {}
COMMAND: GET /session/7590a931e204057e68c97157dfd3b2ed/screenshot - {}
RESULT: {}
COMMAND: GET /session/7590a931e204057e68c97157dfd3b2ed/window/handles - {}
RESULT: {}
COMMAND: POST /session/7590a931e204057e68c97157dfd3b2ed/window - {"handle":"22918D710932F11BC13F6EC7FAC648F6"}
RESULT: {"handle":"22918D710932F11BC13F6EC7FAC648F6"}
COMMAND: GET /session/7590a931e204057e68c97157dfd3b2ed/url - {}
RESULT: {}
COMMAND: GET /session/7590a931e204057e68c97157dfd3b2ed/screenshot - {}
RESULT: {}
COMMAND: POST /session/7590a931e204057e68c97157dfd3b2ed/execute/sync - {"script":"<script> [8489 bytes]","args":[{"element-6066-11e4-a52e-4f735466cecf":"f.12702CF722B5FE42F3DA0862B080648A.d.DBF096EB6AC8380FAFBA260B2B4A90E0.e.6599","ELEMENT":"f.12702CF722B5FE42F3DA0862B080648A.d.DBF096EB6AC8380FAFBA260B2B4A90E0.e.6599"}]}
COMMAND: DELETE /session/7590a931e204057e68c97157dfd3b2ed/window - {}
RESULT: {}
COMMAND: POST /session/7590a931e204057e68c97157dfd3b2ed/window - {"handle":"12702CF722B5FE42F3DA0862B080648A"}
RESULT: {"handle":"12702CF722B5FE42F3DA0862B080648A"}
COMMAND: GET /session/7590a931e204057e68c97157dfd3b2ed/url - {}
RESULT: {"script":"<script> [8489 bytes]","args":[{"element-6066-11e4-a52e-4f735466cecf":"f.12702CF722B5FE42F3DA0862B080648A.d.DBF096EB6AC8380FAFBA260B2B4A90E0.e.6599","ELEMENT":"f.12702CF722B5FE42F3DA0862B080648A.d.DBF096EB6AC8380FAFBA260B2B4A90E0.e.6599"}]}
COMMAND: GET /session/7590a931e204057e68c97157dfd3b2ed/screenshot - {}
RESULT: {}
COMMAND: GET /session/7590a931e204057e68c97157dfd3b2ed/screenshot - {}
RESULT: {}
RESULT: {}
]]></system-out>
    </testcase>
    <testcase classname="chrome.135_0_7049_115.windows.Webshop_-_Hyperlinks_visible_and_working_properly__US139085" name="Should verify the contract and catalog item hyperlinks" time="102.945">
      <system-out><![CDATA[
COMMAND: POST /session/7590a931e204057e68c97157dfd3b2ed/element - {"using":"xpath","value":"//*[contains(@data-kt ,\"webshopDetailContractLink\")]"}
RESULT: {"using":"xpath","value":"//*[contains(@data-kt ,\"webshopDetailContractLink\")]"}
COMMAND: POST /session/7590a931e204057e68c97157dfd3b2ed/execute/sync - {"script":"<script> [8489 bytes]","args":[{"element-6066-11e4-a52e-4f735466cecf":"f.12702CF722B5FE42F3DA0862B080648A.d.DBF096EB6AC8380FAFBA260B2B4A90E0.e.6878","ELEMENT":"f.12702CF722B5FE42F3DA0862B080648A.d.DBF096EB6AC8380FAFBA260B2B4A90E0.e.6878"}]}
RESULT: {"script":"<script> [8489 bytes]","args":[{"element-6066-11e4-a52e-4f735466cecf":"f.12702CF722B5FE42F3DA0862B080648A.d.DBF096EB6AC8380FAFBA260B2B4A90E0.e.6878","ELEMENT":"f.12702CF722B5FE42F3DA0862B080648A.d.DBF096EB6AC8380FAFBA260B2B4A90E0.e.6878"}]}
COMMAND: POST /session/7590a931e204057e68c97157dfd3b2ed/execute/sync - {"script":"<script> [5351 bytes]","args":[{"element-6066-11e4-a52e-4f735466cecf":"f.12702CF722B5FE42F3DA0862B080648A.d.DBF096EB6AC8380FAFBA260B2B4A90E0.e.6878","ELEMENT":"f.12702CF722B5FE42F3DA0862B080648A.d.DBF096EB6AC8380FAFBA260B2B4A90E0.e.6878"}]}
RESULT: {"script":"<script> [5351 bytes]","args":[{"element-6066-11e4-a52e-4f735466cecf":"f.12702CF722B5FE42F3DA0862B080648A.d.DBF096EB6AC8380FAFBA260B2B4A90E0.e.6878","ELEMENT":"f.12702CF722B5FE42F3DA0862B080648A.d.DBF096EB6AC8380FAFBA260B2B4A90E0.e.6878"}]}
COMMAND: POST /session/7590a931e204057e68c97157dfd3b2ed/element - {"using":"xpath","value":"//*[contains(@data-kt ,\"webshopDetailContractLink\")]"}
RESULT: {"using":"xpath","value":"//*[contains(@data-kt ,\"webshopDetailContractLink\")]"}
COMMAND: POST /session/7590a931e204057e68c97157dfd3b2ed/element/f.12702CF722B5FE42F3DA0862B080648A.d.DBF096EB6AC8380FAFBA260B2B4A90E0.e.6878/click - {}
COMMAND: GET /session/7590a931e204057e68c97157dfd3b2ed/screenshot - {}
COMMAND: GET /session/7590a931e204057e68c97157dfd3b2ed/screenshot - {}
RESULT: {}
COMMAND: GET /session/7590a931e204057e68c97157dfd3b2ed/screenshot - {}
RESULT: {}
COMMAND: POST /session/7590a931e204057e68c97157dfd3b2ed/element - {"using":"xpath","value":"//*[contains(@data-kt ,\"ContextMenuId2Link\")][contains(text(), \"Contract Overview\")]"}
RESULT: {}
RESULT: {}
RESULT: {"using":"xpath","value":"//*[contains(@data-kt ,\"ContextMenuId2Link\")][contains(text(), \"Contract Overview\")]"}
COMMAND: POST /session/7590a931e204057e68c97157dfd3b2ed/execute/sync - {"script":"<script> [8489 bytes]","args":[{"element-6066-11e4-a52e-4f735466cecf":"f.12702CF722B5FE42F3DA0862B080648A.d.DBF096EB6AC8380FAFBA260B2B4A90E0.e.6880","ELEMENT":"f.12702CF722B5FE42F3DA0862B080648A.d.DBF096EB6AC8380FAFBA260B2B4A90E0.e.6880"}]}
COMMAND: POST /session/7590a931e204057e68c97157dfd3b2ed/element - {"using":"xpath","value":"//*[contains(@data-kt ,\"ContextMenuId2Link\")][contains(text(), \"Contract Overview\")]"}
RESULT: {"script":"<script> [8489 bytes]","args":[{"element-6066-11e4-a52e-4f735466cecf":"f.12702CF722B5FE42F3DA0862B080648A.d.DBF096EB6AC8380FAFBA260B2B4A90E0.e.6880","ELEMENT":"f.12702CF722B5FE42F3DA0862B080648A.d.DBF096EB6AC8380FAFBA260B2B4A90E0.e.6880"}]}
COMMAND: GET /session/7590a931e204057e68c97157dfd3b2ed/screenshot - {}
RESULT: {"using":"xpath","value":"//*[contains(@data-kt ,\"ContextMenuId2Link\")][contains(text(), \"Contract Overview\")]"}
COMMAND: POST /session/7590a931e204057e68c97157dfd3b2ed/element/f.12702CF722B5FE42F3DA0862B080648A.d.DBF096EB6AC8380FAFBA260B2B4A90E0.e.6880/click - {}
RESULT: {}
RESULT: {}
COMMAND: GET /session/7590a931e204057e68c97157dfd3b2ed/screenshot - {}
RESULT: undefined
COMMAND: POST /session/7590a931e204057e68c97157dfd3b2ed/execute/async - {"script":"<script> [6424 bytes]","args":[{"element-6066-11e4-a52e-4f735466cecf":"f.12702CF722B5FE42F3DA0862B080648A.d.DBF096EB6AC8380FAFBA260B2B4A90E0.e.3134"},"getTitle",[]]}
RESULT: {}
COMMAND: POST /session/7590a931e204057e68c97157dfd3b2ed/execute/async - {"script":"<script> [1562 bytes]","args":[{"selector":{"id":"shellAppTitle"},"wdio_ui5_key":"shellAppTitle"}]}
RESULT: {"script":"<script> [1562 bytes]","args":[{"selector":{"id":"shellAppTitle"},"wdio_ui5_key":"shellAppTitle"}]}
COMMAND: POST /session/7590a931e204057e68c97157dfd3b2ed/execute/async - {"script":"<script> [6424 bytes]","args":[{"element-6066-11e4-a52e-4f735466cecf":"f.12702CF722B5FE42F3DA0862B080648A.d.DBF096EB6AC8380FAFBA260B2B4A90E0.e.7080"},"getTitle",[]]}
RESULT: {"script":"<script> [6424 bytes]","args":[{"element-6066-11e4-a52e-4f735466cecf":"f.12702CF722B5FE42F3DA0862B080648A.d.DBF096EB6AC8380FAFBA260B2B4A90E0.e.7080"},"getTitle",[]]}
COMMAND: POST /session/7590a931e204057e68c97157dfd3b2ed/element - {"using":"xpath","value":"//span[contains(@id ,\"contractDetailTitleNoExpanded\")][contains(text(), \"10612\")]"}
RESULT: {"using":"xpath","value":"//span[contains(@id ,\"contractDetailTitleNoExpanded\")][contains(text(), \"10612\")]"}
COMMAND: POST /session/7590a931e204057e68c97157dfd3b2ed/execute/sync - {"script":"<script> [8489 bytes]","args":[{"element-6066-11e4-a52e-4f735466cecf":"f.12702CF722B5FE42F3DA0862B080648A.d.DBF096EB6AC8380FAFBA260B2B4A90E0.e.7081","ELEMENT":"f.12702CF722B5FE42F3DA0862B080648A.d.DBF096EB6AC8380FAFBA260B2B4A90E0.e.7081"}]}
RESULT: undefined
COMMAND: POST /session/7590a931e204057e68c97157dfd3b2ed/element - {"using":"xpath","value":"//*[@id=\"backBtn\"]"}
RESULT: {"script":"<script> [8489 bytes]","args":[{"element-6066-11e4-a52e-4f735466cecf":"f.12702CF722B5FE42F3DA0862B080648A.d.DBF096EB6AC8380FAFBA260B2B4A90E0.e.7081","ELEMENT":"f.12702CF722B5FE42F3DA0862B080648A.d.DBF096EB6AC8380FAFBA260B2B4A90E0.e.7081"}]}
COMMAND: GET /session/7590a931e204057e68c97157dfd3b2ed/screenshot - {}
RESULT: {"using":"xpath","value":"//*[@id=\"backBtn\"]"}
COMMAND: POST /session/7590a931e204057e68c97157dfd3b2ed/element/f.12702CF722B5FE42F3DA0862B080648A.d.DBF096EB6AC8380FAFBA260B2B4A90E0.e.3136/click - {}
RESULT: {}
RESULT: {}
COMMAND: GET /session/7590a931e204057e68c97157dfd3b2ed/screenshot - {}
RESULT: {}
COMMAND: POST /session/7590a931e204057e68c97157dfd3b2ed/execute/sync - {"script":"<script> [8489 bytes]","args":[{"element-6066-11e4-a52e-4f735466cecf":"f.12702CF722B5FE42F3DA0862B080648A.d.DBF096EB6AC8380FAFBA260B2B4A90E0.e.6878","ELEMENT":"f.12702CF722B5FE42F3DA0862B080648A.d.DBF096EB6AC8380FAFBA260B2B4A90E0.e.6878"}]}
COMMAND: POST /session/7590a931e204057e68c97157dfd3b2ed/element - {"using":"xpath","value":"//*[contains(@data-kt ,\"webshopDetailContractLink\")]"}
RESULT: {"using":"xpath","value":"//*[contains(@data-kt ,\"webshopDetailContractLink\")]"}
COMMAND: POST /session/7590a931e204057e68c97157dfd3b2ed/execute/sync - {"script":"<script> [8489 bytes]","args":[{"element-6066-11e4-a52e-4f735466cecf":"f.12702CF722B5FE42F3DA0862B080648A.d.DBF096EB6AC8380FAFBA260B2B4A90E0.e.7261","ELEMENT":"f.12702CF722B5FE42F3DA0862B080648A.d.DBF096EB6AC8380FAFBA260B2B4A90E0.e.7261"}]}
RESULT: {"script":"<script> [8489 bytes]","args":[{"element-6066-11e4-a52e-4f735466cecf":"f.12702CF722B5FE42F3DA0862B080648A.d.DBF096EB6AC8380FAFBA260B2B4A90E0.e.7261","ELEMENT":"f.12702CF722B5FE42F3DA0862B080648A.d.DBF096EB6AC8380FAFBA260B2B4A90E0.e.7261"}]}
COMMAND: POST /session/7590a931e204057e68c97157dfd3b2ed/execute/sync - {"script":"<script> [5351 bytes]","args":[{"element-6066-11e4-a52e-4f735466cecf":"f.12702CF722B5FE42F3DA0862B080648A.d.DBF096EB6AC8380FAFBA260B2B4A90E0.e.7261","ELEMENT":"f.12702CF722B5FE42F3DA0862B080648A.d.DBF096EB6AC8380FAFBA260B2B4A90E0.e.7261"}]}
COMMAND: GET /session/7590a931e204057e68c97157dfd3b2ed/screenshot - {}
RESULT: {"script":"<script> [5351 bytes]","args":[{"element-6066-11e4-a52e-4f735466cecf":"f.12702CF722B5FE42F3DA0862B080648A.d.DBF096EB6AC8380FAFBA260B2B4A90E0.e.7261","ELEMENT":"f.12702CF722B5FE42F3DA0862B080648A.d.DBF096EB6AC8380FAFBA260B2B4A90E0.e.7261"}]}
COMMAND: POST /session/7590a931e204057e68c97157dfd3b2ed/element - {"using":"xpath","value":"//*[contains(@data-kt ,\"webshopDetailContractLink\")]"}
COMMAND: GET /session/7590a931e204057e68c97157dfd3b2ed/screenshot - {}
RESULT: {}
RESULT: {"using":"xpath","value":"//*[contains(@data-kt ,\"webshopDetailContractLink\")]"}
COMMAND: POST /session/7590a931e204057e68c97157dfd3b2ed/element/f.12702CF722B5FE42F3DA0862B080648A.d.DBF096EB6AC8380FAFBA260B2B4A90E0.e.7261/click - {}
RESULT: {}
RESULT: {}
COMMAND: GET /session/7590a931e204057e68c97157dfd3b2ed/screenshot - {}
RESULT: {}
COMMAND: POST /session/7590a931e204057e68c97157dfd3b2ed/element - {"using":"xpath","value":"//button[contains(@data-kt ,\"ContextMenuExternalId2Link\")]"}
RESULT: {"using":"xpath","value":"//button[contains(@data-kt ,\"ContextMenuExternalId2Link\")]"}
COMMAND: POST /session/7590a931e204057e68c97157dfd3b2ed/element/f.12702CF722B5FE42F3DA0862B080648A.d.DBF096EB6AC8380FAFBA260B2B4A90E0.e.7262/click - {}
RESULT: {}
COMMAND: GET /session/7590a931e204057e68c97157dfd3b2ed/screenshot - {}
RESULT: {}
COMMAND: GET /session/7590a931e204057e68c97157dfd3b2ed/window/handles - {}
RESULT: {}
COMMAND: POST /session/7590a931e204057e68c97157dfd3b2ed/window - {"handle":"2B4B8A1EF3181F1C9D72AFC320406579"}
RESULT: {"handle":"2B4B8A1EF3181F1C9D72AFC320406579"}
COMMAND: GET /session/7590a931e204057e68c97157dfd3b2ed/url - {}
RESULT: {}
COMMAND: GET /session/7590a931e204057e68c97157dfd3b2ed/screenshot - {}
RESULT: {}
COMMAND: POST /session/7590a931e204057e68c97157dfd3b2ed/execute/sync - {"script":"<script> [8489 bytes]","args":[{"element-6066-11e4-a52e-4f735466cecf":"f.12702CF722B5FE42F3DA0862B080648A.d.DBF096EB6AC8380FAFBA260B2B4A90E0.e.7081","ELEMENT":"f.12702CF722B5FE42F3DA0862B080648A.d.DBF096EB6AC8380FAFBA260B2B4A90E0.e.7081"}]}
COMMAND: DELETE /session/7590a931e204057e68c97157dfd3b2ed/window - {}
RESULT: {}
COMMAND: POST /session/7590a931e204057e68c97157dfd3b2ed/window - {"handle":"12702CF722B5FE42F3DA0862B080648A"}
RESULT: {"handle":"12702CF722B5FE42F3DA0862B080648A"}
COMMAND: GET /session/7590a931e204057e68c97157dfd3b2ed/url - {}
COMMAND: POST /session/7590a931e204057e68c97157dfd3b2ed/element - {"using":"xpath","value":"//span[contains(@id ,\"contractDetailTitleNoExpanded\")][contains(text(), \"10612\")]"}
RESULT: {}
COMMAND: GET /session/7590a931e204057e68c97157dfd3b2ed/screenshot - {}
RESULT: {"using":"xpath","value":"//span[contains(@id ,\"contractDetailTitleNoExpanded\")][contains(text(), \"10612\")]"}
COMMAND: POST /session/7590a931e204057e68c97157dfd3b2ed/element - {"using":"xpath","value":"//span[contains(@id ,\"contractDetailTitleNoExpanded\")][contains(text(), \"10612\")]"}
RESULT: {}
RESULT: {"using":"xpath","value":"//span[contains(@id ,\"contractDetailTitleNoExpanded\")][contains(text(), \"10612\")]"}
COMMAND: POST /session/7590a931e204057e68c97157dfd3b2ed/element - {"using":"xpath","value":"//*[contains(@data-kt ,\"webshopDetailCatalogItemLink\")]"}
RESULT: {"using":"xpath","value":"//*[contains(@data-kt ,\"webshopDetailCatalogItemLink\")]"}
COMMAND: POST /session/7590a931e204057e68c97157dfd3b2ed/execute/sync - {"script":"<script> [8489 bytes]","args":[{"element-6066-11e4-a52e-4f735466cecf":"f.12702CF722B5FE42F3DA0862B080648A.d.DBF096EB6AC8380FAFBA260B2B4A90E0.e.7222","ELEMENT":"f.12702CF722B5FE42F3DA0862B080648A.d.DBF096EB6AC8380FAFBA260B2B4A90E0.e.7222"}]}
RESULT: {"script":"<script> [8489 bytes]","args":[{"element-6066-11e4-a52e-4f735466cecf":"f.12702CF722B5FE42F3DA0862B080648A.d.DBF096EB6AC8380FAFBA260B2B4A90E0.e.7222","ELEMENT":"f.12702CF722B5FE42F3DA0862B080648A.d.DBF096EB6AC8380FAFBA260B2B4A90E0.e.7222"}]}
COMMAND: POST /session/7590a931e204057e68c97157dfd3b2ed/execute/sync - {"script":"<script> [5351 bytes]","args":[{"element-6066-11e4-a52e-4f735466cecf":"f.12702CF722B5FE42F3DA0862B080648A.d.DBF096EB6AC8380FAFBA260B2B4A90E0.e.7222","ELEMENT":"f.12702CF722B5FE42F3DA0862B080648A.d.DBF096EB6AC8380FAFBA260B2B4A90E0.e.7222"}]}
COMMAND: GET /session/7590a931e204057e68c97157dfd3b2ed/screenshot - {}
RESULT: {"script":"<script> [5351 bytes]","args":[{"element-6066-11e4-a52e-4f735466cecf":"f.12702CF722B5FE42F3DA0862B080648A.d.DBF096EB6AC8380FAFBA260B2B4A90E0.e.7222","ELEMENT":"f.12702CF722B5FE42F3DA0862B080648A.d.DBF096EB6AC8380FAFBA260B2B4A90E0.e.7222"}]}
COMMAND: POST /session/7590a931e204057e68c97157dfd3b2ed/element - {"using":"xpath","value":"//*[contains(@data-kt ,\"webshopDetailCatalogItemLink\")]"}
RESULT: {}
COMMAND: GET /session/7590a931e204057e68c97157dfd3b2ed/screenshot - {}
RESULT: {"using":"xpath","value":"//*[contains(@data-kt ,\"webshopDetailCatalogItemLink\")]"}
COMMAND: POST /session/7590a931e204057e68c97157dfd3b2ed/element/f.12702CF722B5FE42F3DA0862B080648A.d.DBF096EB6AC8380FAFBA260B2B4A90E0.e.7222/click - {}
COMMAND: POST /session/7590a931e204057e68c97157dfd3b2ed/element - {"using":"xpath","value":"//span[contains(@id ,\"contractDetailTitleNoExpanded\")][contains(text(), \"10612\")]"}
RESULT: {}
RESULT: {}
COMMAND: GET /session/7590a931e204057e68c97157dfd3b2ed/screenshot - {}
RESULT: {"using":"xpath","value":"//span[contains(@id ,\"contractDetailTitleNoExpanded\")][contains(text(), \"10612\")]"}
COMMAND: POST /session/7590a931e204057e68c97157dfd3b2ed/element - {"using":"xpath","value":"//span[contains(@id ,\"contractDetailTitleNoExpanded\")][contains(text(), \"10612\")]"}
RESULT: {}
RESULT: {"using":"xpath","value":"//span[contains(@id ,\"contractDetailTitleNoExpanded\")][contains(text(), \"10612\")]"}
COMMAND: POST /session/7590a931e204057e68c97157dfd3b2ed/element - {"using":"xpath","value":"//span[contains(@id ,\"contractDetailTitleNoExpanded\")][contains(text(), \"10612\")]"}
RESULT: {"using":"xpath","value":"//span[contains(@id ,\"contractDetailTitleNoExpanded\")][contains(text(), \"10612\")]"}
COMMAND: POST /session/7590a931e204057e68c97157dfd3b2ed/element - {"using":"xpath","value":"//span[contains(@id ,\"contractDetailTitleNoExpanded\")][contains(text(), \"10612\")]"}
RESULT: {"using":"xpath","value":"//span[contains(@id ,\"contractDetailTitleNoExpanded\")][contains(text(), \"10612\")]"}
COMMAND: POST /session/7590a931e204057e68c97157dfd3b2ed/element - {"using":"xpath","value":"//span[contains(@id ,\"contractDetailTitleNoExpanded\")][contains(text(), \"10612\")]"}
RESULT: {"using":"xpath","value":"//span[contains(@id ,\"contractDetailTitleNoExpanded\")][contains(text(), \"10612\")]"}
COMMAND: POST /session/7590a931e204057e68c97157dfd3b2ed/element - {"using":"xpath","value":"//span[contains(@id ,\"contractDetailTitleNoExpanded\")][contains(text(), \"10612\")]"}
RESULT: {"using":"xpath","value":"//span[contains(@id ,\"contractDetailTitleNoExpanded\")][contains(text(), \"10612\")]"}
COMMAND: POST /session/7590a931e204057e68c97157dfd3b2ed/element - {"using":"xpath","value":"//span[contains(@id ,\"contractDetailTitleNoExpanded\")][contains(text(), \"10612\")]"}
RESULT: {"using":"xpath","value":"//span[contains(@id ,\"contractDetailTitleNoExpanded\")][contains(text(), \"10612\")]"}
COMMAND: POST /session/7590a931e204057e68c97157dfd3b2ed/element - {"using":"xpath","value":"//span[contains(@id ,\"contractDetailTitleNoExpanded\")][contains(text(), \"10612\")]"}
RESULT: {"using":"xpath","value":"//span[contains(@id ,\"contractDetailTitleNoExpanded\")][contains(text(), \"10612\")]"}
COMMAND: POST /session/7590a931e204057e68c97157dfd3b2ed/element - {"using":"xpath","value":"(//span[contains(text(), \"Dri-Prime CD150M Diesel Pump\")])[2]"}
RESULT: {"using":"xpath","value":"(//span[contains(text(), \"Dri-Prime CD150M Diesel Pump\")])[2]"}
COMMAND: POST /session/7590a931e204057e68c97157dfd3b2ed/execute/sync - {"script":"<script> [8489 bytes]","args":[{"element-6066-11e4-a52e-4f735466cecf":"f.12702CF722B5FE42F3DA0862B080648A.d.DBF096EB6AC8380FAFBA260B2B4A90E0.e.7428","ELEMENT":"f.12702CF722B5FE42F3DA0862B080648A.d.DBF096EB6AC8380FAFBA260B2B4A90E0.e.7428"}]}
COMMAND: POST /session/7590a931e204057e68c97157dfd3b2ed/element - {"using":"xpath","value":"(//span[contains(text(), \"Description\")])[1]"}
RESULT: {"script":"<script> [8489 bytes]","args":[{"element-6066-11e4-a52e-4f735466cecf":"f.12702CF722B5FE42F3DA0862B080648A.d.DBF096EB6AC8380FAFBA260B2B4A90E0.e.7428","ELEMENT":"f.12702CF722B5FE42F3DA0862B080648A.d.DBF096EB6AC8380FAFBA260B2B4A90E0.e.7428"}]}
COMMAND: GET /session/7590a931e204057e68c97157dfd3b2ed/screenshot - {}
RESULT: {"using":"xpath","value":"(//span[contains(text(), \"Description\")])[1]"}
COMMAND: GET /session/7590a931e204057e68c97157dfd3b2ed/element/f.12702CF722B5FE42F3DA0862B080648A.d.DBF096EB6AC8380FAFBA260B2B4A90E0.e.7429/rect - {}
RESULT: {}
RESULT: {}
COMMAND: GET /session/7590a931e204057e68c97157dfd3b2ed/window/rect - {}
COMMAND: POST /session/7590a931e204057e68c97157dfd3b2ed/element - {"using":"xpath","value":"//span[contains(@id ,\"contractDetailTitleNoExpanded\")][contains(text(), \"10612\")]"}
RESULT: {"using":"xpath","value":"//span[contains(@id ,\"contractDetailTitleNoExpanded\")][contains(text(), \"10612\")]"}
RESULT: {}
COMMAND: POST /session/7590a931e204057e68c97157dfd3b2ed/execute/sync - {"script":"<script> [92 bytes]","args":[]}
RESULT: {"script":"<script> [92 bytes]","args":[]}
COMMAND: POST /session/7590a931e204057e68c97157dfd3b2ed/actions - {"actions":[{"id":"action10","type":"wheel","parameters":{},"actions":[{"type":"scroll","x":-1833,"y":-23,"deltaX":0,"deltaY":0,"duration":0,"origin":{"element-6066-11e4-a52e-4f735466cecf":"f.12702CF722B5FE42F3DA0862B080648A.d.DBF096EB6AC8380FAFBA260B2B4A90E0.e.7429"}}]}]}
COMMAND: GET /session/7590a931e204057e68c97157dfd3b2ed/screenshot - {}
RESULT: {}
COMMAND: POST /session/7590a931e204057e68c97157dfd3b2ed/execute/sync - {"script":"<script> [79 bytes]","args":[{"element-6066-11e4-a52e-4f735466cecf":"f.12702CF722B5FE42F3DA0862B080648A.d.DBF096EB6AC8380FAFBA260B2B4A90E0.e.7429","ELEMENT":"f.12702CF722B5FE42F3DA0862B080648A.d.DBF096EB6AC8380FAFBA260B2B4A90E0.e.7429"},{"block":"start","inline":"nearest"}]}
COMMAND: POST /session/7590a931e204057e68c97157dfd3b2ed/element - {"using":"xpath","value":"//span[contains(@id ,\"contractDetailTitleNoExpanded\")][contains(text(), \"10612\")]"}
RESULT: {"script":"<script> [79 bytes]","args":[{"element-6066-11e4-a52e-4f735466cecf":"f.12702CF722B5FE42F3DA0862B080648A.d.DBF096EB6AC8380FAFBA260B2B4A90E0.e.7429","ELEMENT":"f.12702CF722B5FE42F3DA0862B080648A.d.DBF096EB6AC8380FAFBA260B2B4A90E0.e.7429"},{"block":"start","inline":"nearest"}]}
COMMAND: GET /session/7590a931e204057e68c97157dfd3b2ed/screenshot - {}
RESULT: {"using":"xpath","value":"//span[contains(@id ,\"contractDetailTitleNoExpanded\")][contains(text(), \"10612\")]"}
RESULT: {}
COMMAND: POST /session/7590a931e204057e68c97157dfd3b2ed/element - {"using":"xpath","value":"//span[contains(@id ,\"contractDetailTitleNoExpanded\")][contains(text(), \"10612\")]"}
RESULT: {"using":"xpath","value":"//span[contains(@id ,\"contractDetailTitleNoExpanded\")][contains(text(), \"10612\")]"}
COMMAND: POST /session/7590a931e204057e68c97157dfd3b2ed/element - {"using":"xpath","value":"//span[contains(@id ,\"contractDetailTitleNoExpanded\")][contains(text(), \"10612\")]"}
RESULT: {"using":"xpath","value":"//span[contains(@id ,\"contractDetailTitleNoExpanded\")][contains(text(), \"10612\")]"}
COMMAND: POST /session/7590a931e204057e68c97157dfd3b2ed/element - {"using":"xpath","value":"//span[contains(@id ,\"contractDetailTitleNoExpanded\")][contains(text(), \"10612\")]"}
RESULT: {"using":"xpath","value":"//span[contains(@id ,\"contractDetailTitleNoExpanded\")][contains(text(), \"10612\")]"}
COMMAND: POST /session/7590a931e204057e68c97157dfd3b2ed/element - {"using":"xpath","value":"//span[contains(@id ,\"contractDetailTitleNoExpanded\")][contains(text(), \"10612\")]"}
RESULT: {"using":"xpath","value":"//span[contains(@id ,\"contractDetailTitleNoExpanded\")][contains(text(), \"10612\")]"}
COMMAND: POST /session/7590a931e204057e68c97157dfd3b2ed/element - {"using":"xpath","value":"//span[contains(@id ,\"contractDetailTitleNoExpanded\")][contains(text(), \"10612\")]"}
RESULT: {"using":"xpath","value":"//span[contains(@id ,\"contractDetailTitleNoExpanded\")][contains(text(), \"10612\")]"}
COMMAND: POST /session/7590a931e204057e68c97157dfd3b2ed/element - {"using":"xpath","value":"(//textarea[@rows=\"15\"])[1]"}
RESULT: {"using":"xpath","value":"(//textarea[@rows=\"15\"])[1]"}
COMMAND: POST /session/7590a931e204057e68c97157dfd3b2ed/execute/sync - {"script":"<script> [8489 bytes]","args":[{"element-6066-11e4-a52e-4f735466cecf":"f.12702CF722B5FE42F3DA0862B080648A.d.DBF096EB6AC8380FAFBA260B2B4A90E0.e.7427","ELEMENT":"f.12702CF722B5FE42F3DA0862B080648A.d.DBF096EB6AC8380FAFBA260B2B4A90E0.e.7427"}]}
RESULT: {"script":"<script> [8489 bytes]","args":[{"element-6066-11e4-a52e-4f735466cecf":"f.12702CF722B5FE42F3DA0862B080648A.d.DBF096EB6AC8380FAFBA260B2B4A90E0.e.7427","ELEMENT":"f.12702CF722B5FE42F3DA0862B080648A.d.DBF096EB6AC8380FAFBA260B2B4A90E0.e.7427"}]}
COMMAND: GET /session/7590a931e204057e68c97157dfd3b2ed/screenshot - {}
RESULT: {}
COMMAND: POST /session/7590a931e204057e68c97157dfd3b2ed/element - {"using":"xpath","value":"//span[contains(@id ,\"contractDetailTitleNoExpanded\")][contains(text(), \"10612\")]"}
RESULT: {"using":"xpath","value":"//span[contains(@id ,\"contractDetailTitleNoExpanded\")][contains(text(), \"10612\")]"}
COMMAND: POST /session/7590a931e204057e68c97157dfd3b2ed/element - {"using":"xpath","value":"//span[contains(@id ,\"contractDetailTitleNoExpanded\")][contains(text(), \"10612\")]"}
RESULT: {"using":"xpath","value":"//span[contains(@id ,\"contractDetailTitleNoExpanded\")][contains(text(), \"10612\")]"}
COMMAND: POST /session/7590a931e204057e68c97157dfd3b2ed/element - {"using":"xpath","value":"//span[contains(@id ,\"contractDetailTitleNoExpanded\")][contains(text(), \"10612\")]"}
RESULT: {"using":"xpath","value":"//span[contains(@id ,\"contractDetailTitleNoExpanded\")][contains(text(), \"10612\")]"}
COMMAND: POST /session/7590a931e204057e68c97157dfd3b2ed/element - {"using":"xpath","value":"//span[contains(@id ,\"contractDetailTitleNoExpanded\")][contains(text(), \"10612\")]"}
RESULT: {"using":"xpath","value":"//span[contains(@id ,\"contractDetailTitleNoExpanded\")][contains(text(), \"10612\")]"}
COMMAND: POST /session/7590a931e204057e68c97157dfd3b2ed/element - {"using":"xpath","value":"//span[contains(@id ,\"contractDetailTitleNoExpanded\")][contains(text(), \"10612\")]"}
RESULT: {"using":"xpath","value":"//span[contains(@id ,\"contractDetailTitleNoExpanded\")][contains(text(), \"10612\")]"}
COMMAND: POST /session/7590a931e204057e68c97157dfd3b2ed/element - {"using":"xpath","value":"//span[contains(@id ,\"contractDetailTitleNoExpanded\")][contains(text(), \"10612\")]"}
RESULT: {"using":"xpath","value":"//span[contains(@id ,\"contractDetailTitleNoExpanded\")][contains(text(), \"10612\")]"}
COMMAND: POST /session/7590a931e204057e68c97157dfd3b2ed/element - {"using":"xpath","value":"//span[contains(@id ,\"contractDetailTitleNoExpanded\")][contains(text(), \"10612\")]"}
RESULT: {"using":"xpath","value":"//span[contains(@id ,\"contractDetailTitleNoExpanded\")][contains(text(), \"10612\")]"}
COMMAND: POST /session/7590a931e204057e68c97157dfd3b2ed/element - {"using":"xpath","value":"//span[contains(@id ,\"contractDetailTitleNoExpanded\")][contains(text(), \"10612\")]"}
RESULT: {"using":"xpath","value":"//span[contains(@id ,\"contractDetailTitleNoExpanded\")][contains(text(), \"10612\")]"}
COMMAND: POST /session/7590a931e204057e68c97157dfd3b2ed/element - {"using":"xpath","value":"//span[contains(@id ,\"contractDetailTitleNoExpanded\")][contains(text(), \"10612\")]"}
RESULT: {"using":"xpath","value":"//span[contains(@id ,\"contractDetailTitleNoExpanded\")][contains(text(), \"10612\")]"}
COMMAND: POST /session/7590a931e204057e68c97157dfd3b2ed/execute/async - {"script":"<script> [1562 bytes]","args":[{"selector":{"controlType":"sap.tnt.NavigationListItem","viewName":"etm.portal.ui.webshop.view.RequestDetail","i18NText":{"propertyName":"text","key":"exit"},"interaction":{"idSuffix":"a"}},"wdio_ui5_key":"etmportal.ui.webshop.view.RequestDetailsap.tnt.NavigationListItem{\"propertyName\":\"text\",\"key\":\"exit\"}"}]}
COMMAND: POST /session/7590a931e204057e68c97157dfd3b2ed/element - {"using":"xpath","value":"//span[contains(@id ,\"contractDetailTitleNoExpanded\")][contains(text(), \"10612\")]"}
RESULT: {"script":"<script> [1562 bytes]","args":[{"selector":{"controlType":"sap.tnt.NavigationListItem","viewName":"etm.portal.ui.webshop.view.RequestDetail","i18NText":{"propertyName":"text","key":"exit"},"interaction":{"idSuffix":"a"}},"wdio_ui5_key":"etmportal.ui.webshop.view.RequestDetailsap.tnt.NavigationListItem{\"propertyName\":\"text\",\"key\":\"exit\"}"}]}
RESULT: undefined
COMMAND: POST /session/7590a931e204057e68c97157dfd3b2ed/element - {"using":"xpath","value":"//*[@id=\"__item5018\"]"}
RESULT: {"using":"xpath","value":"//span[contains(@id ,\"contractDetailTitleNoExpanded\")][contains(text(), \"10612\")]"}
RESULT: {"using":"xpath","value":"//*[@id=\"__item5018\"]"}
COMMAND: POST /session/7590a931e204057e68c97157dfd3b2ed/element/f.12702CF722B5FE42F3DA0862B080648A.d.DBF096EB6AC8380FAFBA260B2B4A90E0.e.7435/click - {}
COMMAND: POST /session/7590a931e204057e68c97157dfd3b2ed/element - {"using":"xpath","value":"//span[contains(@id ,\"contractDetailTitleNoExpanded\")][contains(text(), \"10612\")]"}
RESULT: {}
COMMAND: GET /session/7590a931e204057e68c97157dfd3b2ed/screenshot - {}
RESULT: {"using":"xpath","value":"//span[contains(@id ,\"contractDetailTitleNoExpanded\")][contains(text(), \"10612\")]"}
RESULT: {}
COMMAND: POST /session/7590a931e204057e68c97157dfd3b2ed/element - {"using":"xpath","value":"//span[contains(@id ,\"contractDetailTitleNoExpanded\")][contains(text(), \"10612\")]"}
RESULT: {"using":"xpath","value":"//span[contains(@id ,\"contractDetailTitleNoExpanded\")][contains(text(), \"10612\")]"}
COMMAND: POST /session/7590a931e204057e68c97157dfd3b2ed/element - {"using":"xpath","value":"//span[contains(@id ,\"contractDetailTitleNoExpanded\")][contains(text(), \"10612\")]"}
RESULT: {"using":"xpath","value":"//span[contains(@id ,\"contractDetailTitleNoExpanded\")][contains(text(), \"10612\")]"}
COMMAND: POST /session/7590a931e204057e68c97157dfd3b2ed/element - {"using":"xpath","value":"//span[contains(@id ,\"contractDetailTitleNoExpanded\")][contains(text(), \"10612\")]"}
RESULT: {"using":"xpath","value":"//span[contains(@id ,\"contractDetailTitleNoExpanded\")][contains(text(), \"10612\")]"}
COMMAND: POST /session/7590a931e204057e68c97157dfd3b2ed/element - {"using":"xpath","value":"//span[contains(@id ,\"contractDetailTitleNoExpanded\")][contains(text(), \"10612\")]"}
RESULT: {"using":"xpath","value":"//span[contains(@id ,\"contractDetailTitleNoExpanded\")][contains(text(), \"10612\")]"}
COMMAND: POST /session/7590a931e204057e68c97157dfd3b2ed/element - {"using":"xpath","value":"//span[contains(@id ,\"contractDetailTitleNoExpanded\")][contains(text(), \"10612\")]"}
RESULT: {"using":"xpath","value":"//span[contains(@id ,\"contractDetailTitleNoExpanded\")][contains(text(), \"10612\")]"}
COMMAND: POST /session/7590a931e204057e68c97157dfd3b2ed/element - {"using":"xpath","value":"//span[contains(@id ,\"contractDetailTitleNoExpanded\")][contains(text(), \"10612\")]"}
RESULT: {"using":"xpath","value":"//span[contains(@id ,\"contractDetailTitleNoExpanded\")][contains(text(), \"10612\")]"}
COMMAND: POST /session/7590a931e204057e68c97157dfd3b2ed/element - {"using":"xpath","value":"//span[contains(@id ,\"contractDetailTitleNoExpanded\")][contains(text(), \"10612\")]"}
RESULT: {"using":"xpath","value":"//span[contains(@id ,\"contractDetailTitleNoExpanded\")][contains(text(), \"10612\")]"}
COMMAND: POST /session/7590a931e204057e68c97157dfd3b2ed/element - {"using":"xpath","value":"//span[contains(@id ,\"contractDetailTitleNoExpanded\")][contains(text(), \"10612\")]"}
RESULT: {"using":"xpath","value":"//span[contains(@id ,\"contractDetailTitleNoExpanded\")][contains(text(), \"10612\")]"}
COMMAND: POST /session/7590a931e204057e68c97157dfd3b2ed/element - {"using":"xpath","value":"//span[contains(@id ,\"contractDetailTitleNoExpanded\")][contains(text(), \"10612\")]"}
RESULT: {"using":"xpath","value":"//span[contains(@id ,\"contractDetailTitleNoExpanded\")][contains(text(), \"10612\")]"}
COMMAND: POST /session/7590a931e204057e68c97157dfd3b2ed/element - {"using":"xpath","value":"//span[contains(@id ,\"contractDetailTitleNoExpanded\")][contains(text(), \"10612\")]"}
RESULT: {"using":"xpath","value":"//span[contains(@id ,\"contractDetailTitleNoExpanded\")][contains(text(), \"10612\")]"}
COMMAND: POST /session/7590a931e204057e68c97157dfd3b2ed/element - {"using":"xpath","value":"//span[contains(@id ,\"contractDetailTitleNoExpanded\")][contains(text(), \"10612\")]"}
RESULT: {"using":"xpath","value":"//span[contains(@id ,\"contractDetailTitleNoExpanded\")][contains(text(), \"10612\")]"}
COMMAND: POST /session/7590a931e204057e68c97157dfd3b2ed/element - {"using":"xpath","value":"//span[contains(@id ,\"contractDetailTitleNoExpanded\")][contains(text(), \"10612\")]"}
RESULT: {"using":"xpath","value":"//span[contains(@id ,\"contractDetailTitleNoExpanded\")][contains(text(), \"10612\")]"}
COMMAND: POST /session/7590a931e204057e68c97157dfd3b2ed/element - {"using":"xpath","value":"//span[contains(@id ,\"contractDetailTitleNoExpanded\")][contains(text(), \"10612\")]"}
RESULT: {"using":"xpath","value":"//span[contains(@id ,\"contractDetailTitleNoExpanded\")][contains(text(), \"10612\")]"}
COMMAND: POST /session/7590a931e204057e68c97157dfd3b2ed/element - {"using":"xpath","value":"//span[contains(@id ,\"contractDetailTitleNoExpanded\")][contains(text(), \"10612\")]"}
RESULT: {"using":"xpath","value":"//span[contains(@id ,\"contractDetailTitleNoExpanded\")][contains(text(), \"10612\")]"}
COMMAND: POST /session/7590a931e204057e68c97157dfd3b2ed/element - {"using":"xpath","value":"//span[contains(@id ,\"contractDetailTitleNoExpanded\")][contains(text(), \"10612\")]"}
RESULT: {"using":"xpath","value":"//span[contains(@id ,\"contractDetailTitleNoExpanded\")][contains(text(), \"10612\")]"}
COMMAND: POST /session/7590a931e204057e68c97157dfd3b2ed/element - {"using":"xpath","value":"//span[contains(@id ,\"contractDetailTitleNoExpanded\")][contains(text(), \"10612\")]"}
RESULT: {"using":"xpath","value":"//span[contains(@id ,\"contractDetailTitleNoExpanded\")][contains(text(), \"10612\")]"}
COMMAND: POST /session/7590a931e204057e68c97157dfd3b2ed/element - {"using":"xpath","value":"//span[contains(@id ,\"contractDetailTitleNoExpanded\")][contains(text(), \"10612\")]"}
RESULT: {"using":"xpath","value":"//span[contains(@id ,\"contractDetailTitleNoExpanded\")][contains(text(), \"10612\")]"}
COMMAND: POST /session/7590a931e204057e68c97157dfd3b2ed/element - {"using":"xpath","value":"//span[contains(@id ,\"contractDetailTitleNoExpanded\")][contains(text(), \"10612\")]"}
RESULT: {"using":"xpath","value":"//span[contains(@id ,\"contractDetailTitleNoExpanded\")][contains(text(), \"10612\")]"}
COMMAND: POST /session/7590a931e204057e68c97157dfd3b2ed/element - {"using":"xpath","value":"//span[contains(@id ,\"contractDetailTitleNoExpanded\")][contains(text(), \"10612\")]"}
RESULT: {"using":"xpath","value":"//span[contains(@id ,\"contractDetailTitleNoExpanded\")][contains(text(), \"10612\")]"}
COMMAND: POST /session/7590a931e204057e68c97157dfd3b2ed/element - {"using":"xpath","value":"//span[contains(@id ,\"contractDetailTitleNoExpanded\")][contains(text(), \"10612\")]"}
RESULT: {"using":"xpath","value":"//span[contains(@id ,\"contractDetailTitleNoExpanded\")][contains(text(), \"10612\")]"}
COMMAND: POST /session/7590a931e204057e68c97157dfd3b2ed/element - {"using":"xpath","value":"//span[contains(@id ,\"contractDetailTitleNoExpanded\")][contains(text(), \"10612\")]"}
RESULT: {"using":"xpath","value":"//span[contains(@id ,\"contractDetailTitleNoExpanded\")][contains(text(), \"10612\")]"}
COMMAND: POST /session/7590a931e204057e68c97157dfd3b2ed/element - {"using":"xpath","value":"//span[contains(@id ,\"contractDetailTitleNoExpanded\")][contains(text(), \"10612\")]"}
RESULT: {"using":"xpath","value":"//span[contains(@id ,\"contractDetailTitleNoExpanded\")][contains(text(), \"10612\")]"}
COMMAND: POST /session/7590a931e204057e68c97157dfd3b2ed/element - {"using":"xpath","value":"//span[contains(@id ,\"contractDetailTitleNoExpanded\")][contains(text(), \"10612\")]"}
RESULT: {"using":"xpath","value":"//span[contains(@id ,\"contractDetailTitleNoExpanded\")][contains(text(), \"10612\")]"}
COMMAND: POST /session/7590a931e204057e68c97157dfd3b2ed/element - {"using":"xpath","value":"//span[contains(@id ,\"contractDetailTitleNoExpanded\")][contains(text(), \"10612\")]"}
RESULT: {"using":"xpath","value":"//span[contains(@id ,\"contractDetailTitleNoExpanded\")][contains(text(), \"10612\")]"}
COMMAND: POST /session/7590a931e204057e68c97157dfd3b2ed/element - {"using":"xpath","value":"//span[contains(@id ,\"contractDetailTitleNoExpanded\")][contains(text(), \"10612\")]"}
RESULT: {"using":"xpath","value":"//span[contains(@id ,\"contractDetailTitleNoExpanded\")][contains(text(), \"10612\")]"}
COMMAND: POST /session/7590a931e204057e68c97157dfd3b2ed/element - {"using":"xpath","value":"//span[contains(@id ,\"contractDetailTitleNoExpanded\")][contains(text(), \"10612\")]"}
RESULT: {"using":"xpath","value":"//span[contains(@id ,\"contractDetailTitleNoExpanded\")][contains(text(), \"10612\")]"}
COMMAND: DELETE /session/7590a931e204057e68c97157dfd3b2ed - {}
RESULT: {}
]]></system-out>
    </testcase>
  </testsuite>
</testsuites>