<?xml version="1.0" encoding="UTF-8"?>
<testsuites tests="64" failures="4" errors="4" skipped="0">
  <testsuite timestamp="2025-04-25T16:18:27" time="90.121" tests="1" failures="0" errors="0" skipped="0">
    <properties>
      <property name="specId" value="0" />
      <property name="suiteName" value="US104422 Create new bin &amp; section - select nothing " />
      <property name="capabilities" value="chrome.135_0_7049_96.windows" />
      <property name="file" value="file:///D:/a/1/s/test/specs/HTR/create-bin.spec.js" />
    </properties>
    <testcase classname="chrome.135_0_7049_96.windows.US104422_Create_new_bin_&amp;_section_-_select_nothing_" name="Create new bin section" time="65.761">
      <system-out><![CDATA[
COMMAND: POST /session/2eb25f1cbe9612d735ab0219d8fb520b/element - {"using":"xpath","value":"//div[text()='Warehouse']"}
RESULT: {"using":"xpath","value":"//div[text()='Warehouse']"}
COMMAND: POST /session/2eb25f1cbe9612d735ab0219d8fb520b/elements - {"using":"xpath","value":"//div[text()='Warehouse']"}
RESULT: {"using":"xpath","value":"//div[text()='Warehouse']"}
COMMAND: POST /session/2eb25f1cbe9612d735ab0219d8fb520b/element/f.1920C544C16071EF810842AAA08EA988.d.7219FAF14D5C6BD5C75C851E0EBD63B3.e.126/click - {}
RESULT: {}
COMMAND: POST /session/2eb25f1cbe9612d735ab0219d8fb520b/execute/async - {"script":"<script> [1562 bytes]","args":[{"selector":{"controlType":"sap.m.GenericTile","properties":{"header":"Bin Status Report"}},"wdio_ui5_key":"sapm.GenericTile{\"header\":\"Bin Status Report\"}"}]}
COMMAND: GET /session/2eb25f1cbe9612d735ab0219d8fb520b/screenshot - {}
RESULT: {"script":"<script> [1562 bytes]","args":[{"selector":{"controlType":"sap.m.GenericTile","properties":{"header":"Bin Status Report"}},"wdio_ui5_key":"sapm.GenericTile{\"header\":\"Bin Status Report\"}"}]}
RESULT: undefined
COMMAND: POST /session/2eb25f1cbe9612d735ab0219d8fb520b/element - {"using":"xpath","value":"//*[@id=\"__tile104\"]"}
RESULT: {}
RESULT: {"using":"xpath","value":"//*[@id=\"__tile104\"]"}
COMMAND: POST /session/2eb25f1cbe9612d735ab0219d8fb520b/element/f.1920C544C16071EF810842AAA08EA988.d.7219FAF14D5C6BD5C75C851E0EBD63B3.e.127/click - {}
RESULT: {}
COMMAND: GET /session/2eb25f1cbe9612d735ab0219d8fb520b/screenshot - {}
RESULT: {}
COMMAND: POST /session/2eb25f1cbe9612d735ab0219d8fb520b/element - {"using":"xpath","value":"//bdi[text()='Create New Organization']"}
RESULT: {"using":"xpath","value":"//bdi[text()='Create New Organization']"}
COMMAND: POST /session/2eb25f1cbe9612d735ab0219d8fb520b/elements - {"using":"xpath","value":"//bdi[text()='Create New Organization']"}
RESULT: {"using":"xpath","value":"//bdi[text()='Create New Organization']"}
COMMAND: POST /session/2eb25f1cbe9612d735ab0219d8fb520b/elements - {"using":"xpath","value":"//bdi[text()='Create New Organization']"}
RESULT: {"using":"xpath","value":"//bdi[text()='Create New Organization']"}
COMMAND: POST /session/2eb25f1cbe9612d735ab0219d8fb520b/elements - {"using":"xpath","value":"//bdi[text()='Create New Organization']"}
RESULT: {"using":"xpath","value":"//bdi[text()='Create New Organization']"}
COMMAND: POST /session/2eb25f1cbe9612d735ab0219d8fb520b/elements - {"using":"xpath","value":"//bdi[text()='Create New Organization']"}
RESULT: {"using":"xpath","value":"//bdi[text()='Create New Organization']"}
COMMAND: POST /session/2eb25f1cbe9612d735ab0219d8fb520b/elements - {"using":"xpath","value":"//bdi[text()='Create New Organization']"}
RESULT: {"using":"xpath","value":"//bdi[text()='Create New Organization']"}
COMMAND: POST /session/2eb25f1cbe9612d735ab0219d8fb520b/elements - {"using":"xpath","value":"//bdi[text()='Create New Organization']"}
RESULT: {"using":"xpath","value":"//bdi[text()='Create New Organization']"}
COMMAND: POST /session/2eb25f1cbe9612d735ab0219d8fb520b/elements - {"using":"xpath","value":"//bdi[text()='Create New Organization']"}
RESULT: {"using":"xpath","value":"//bdi[text()='Create New Organization']"}
COMMAND: POST /session/2eb25f1cbe9612d735ab0219d8fb520b/elements - {"using":"xpath","value":"//bdi[text()='Create New Organization']"}
RESULT: {"using":"xpath","value":"//bdi[text()='Create New Organization']"}
COMMAND: POST /session/2eb25f1cbe9612d735ab0219d8fb520b/elements - {"using":"xpath","value":"//bdi[text()='Create New Organization']"}
RESULT: {"using":"xpath","value":"//bdi[text()='Create New Organization']"}
COMMAND: POST /session/2eb25f1cbe9612d735ab0219d8fb520b/elements - {"using":"xpath","value":"//bdi[text()='Create New Organization']"}
RESULT: {"using":"xpath","value":"//bdi[text()='Create New Organization']"}
COMMAND: POST /session/2eb25f1cbe9612d735ab0219d8fb520b/elements - {"using":"xpath","value":"//bdi[text()='Create New Organization']"}
RESULT: {"using":"xpath","value":"//bdi[text()='Create New Organization']"}
COMMAND: POST /session/2eb25f1cbe9612d735ab0219d8fb520b/elements - {"using":"xpath","value":"//bdi[text()='Create New Organization']"}
RESULT: {"using":"xpath","value":"//bdi[text()='Create New Organization']"}
COMMAND: POST /session/2eb25f1cbe9612d735ab0219d8fb520b/elements - {"using":"xpath","value":"//bdi[text()='Create New Organization']"}
RESULT: {"using":"xpath","value":"//bdi[text()='Create New Organization']"}
COMMAND: POST /session/2eb25f1cbe9612d735ab0219d8fb520b/elements - {"using":"xpath","value":"//bdi[text()='Create New Organization']"}
RESULT: {"using":"xpath","value":"//bdi[text()='Create New Organization']"}
COMMAND: POST /session/2eb25f1cbe9612d735ab0219d8fb520b/elements - {"using":"xpath","value":"//bdi[text()='Create New Organization']"}
RESULT: {"using":"xpath","value":"//bdi[text()='Create New Organization']"}
COMMAND: POST /session/2eb25f1cbe9612d735ab0219d8fb520b/elements - {"using":"xpath","value":"//bdi[text()='Create New Organization']"}
RESULT: {"using":"xpath","value":"//bdi[text()='Create New Organization']"}
COMMAND: POST /session/2eb25f1cbe9612d735ab0219d8fb520b/element - {"using":"xpath","value":"//bdi[text()='Create New Organization']"}
RESULT: {"using":"xpath","value":"//bdi[text()='Create New Organization']"}
COMMAND: GET /session/2eb25f1cbe9612d735ab0219d8fb520b/element/f.1920C544C16071EF810842AAA08EA988.d.7219FAF14D5C6BD5C75C851E0EBD63B3.e.167/enabled - {}
RESULT: {}
COMMAND: POST /session/2eb25f1cbe9612d735ab0219d8fb520b/execute/sync - {"script":"<script> [8489 bytes]","args":[{"element-6066-11e4-a52e-4f735466cecf":"f.1920C544C16071EF810842AAA08EA988.d.7219FAF14D5C6BD5C75C851E0EBD63B3.e.167","ELEMENT":"f.1920C544C16071EF810842AAA08EA988.d.7219FAF14D5C6BD5C75C851E0EBD63B3.e.167"}]}
COMMAND: GET /session/2eb25f1cbe9612d735ab0219d8fb520b/screenshot - {}
RESULT: {"script":"<script> [8489 bytes]","args":[{"element-6066-11e4-a52e-4f735466cecf":"f.1920C544C16071EF810842AAA08EA988.d.7219FAF14D5C6BD5C75C851E0EBD63B3.e.167","ELEMENT":"f.1920C544C16071EF810842AAA08EA988.d.7219FAF14D5C6BD5C75C851E0EBD63B3.e.167"}]}
COMMAND: POST /session/2eb25f1cbe9612d735ab0219d8fb520b/execute/sync - {"script":"<script> [5351 bytes]","args":[{"element-6066-11e4-a52e-4f735466cecf":"f.1920C544C16071EF810842AAA08EA988.d.7219FAF14D5C6BD5C75C851E0EBD63B3.e.167","ELEMENT":"f.1920C544C16071EF810842AAA08EA988.d.7219FAF14D5C6BD5C75C851E0EBD63B3.e.167"}]}
COMMAND: GET /session/2eb25f1cbe9612d735ab0219d8fb520b/screenshot - {}
RESULT: {}
RESULT: {"script":"<script> [5351 bytes]","args":[{"element-6066-11e4-a52e-4f735466cecf":"f.1920C544C16071EF810842AAA08EA988.d.7219FAF14D5C6BD5C75C851E0EBD63B3.e.167","ELEMENT":"f.1920C544C16071EF810842AAA08EA988.d.7219FAF14D5C6BD5C75C851E0EBD63B3.e.167"}]}
COMMAND: POST /session/2eb25f1cbe9612d735ab0219d8fb520b/element/f.1920C544C16071EF810842AAA08EA988.d.7219FAF14D5C6BD5C75C851E0EBD63B3.e.167/click - {}
COMMAND: GET /session/2eb25f1cbe9612d735ab0219d8fb520b/screenshot - {}
RESULT: {}
RESULT: {}
COMMAND: POST /session/2eb25f1cbe9612d735ab0219d8fb520b/execute/async - {"script":"<script> [1562 bytes]","args":[{"selector":{"id":"createOrganizationPop--sectionInput","searchOpenDialogs":true,"interaction":{"idSuffix":"inner"}},"wdio_ui5_key":"createOrganizationPopsectionInput"}]}
COMMAND: GET /session/2eb25f1cbe9612d735ab0219d8fb520b/screenshot - {}
RESULT: {}
RESULT: {"script":"<script> [1562 bytes]","args":[{"selector":{"id":"createOrganizationPop--sectionInput","searchOpenDialogs":true,"interaction":{"idSuffix":"inner"}},"wdio_ui5_key":"createOrganizationPopsectionInput"}]}
RESULT: undefined
COMMAND: POST /session/2eb25f1cbe9612d735ab0219d8fb520b/execute/async - {"script":"<script> [776 bytes]","args":[{"enterText":"WHIb8uu45prseucj915vviz1dem7ify2ebry4pd81wn7hrwyu8hrjn6t5dey63zl2cb3ylretrzmsvnyhy1ueprljxihmmnas7wh1mv9pmyvbvsviwjixl6e1iioshxbmjoqi420x560dli7rg1oq6ldodlsc8fx8l5vcfbtncgfmfehp0kwk9yro1jwhnbr1vp96xfg ... (803 more bytes)","selector":{"id":"createOrganizationPop--sectionInput","searchOpenDialogs":true,"interaction":{"idSuffix":"inner"}},"clearTextFirst":true,"interactionType":"ENTER_TEXT"}]}
RESULT: {}
RESULT: {"script":"<script> [776 bytes]","args":[{"enterText":"WHIb8uu45prseucj915vviz1dem7ify2ebry4pd81wn7hrwyu8hrjn6t5dey63zl2cb3ylretrzmsvnyhy1ueprljxihmmnas7wh1mv9pmyvbvsviwjixl6e1iioshxbmjoqi420x560dli7rg1oq6ldodlsc8fx8l5vcfbtncgfmfehp0kwk9yro1jwhnbr1vp96xfg ... (803 more bytes)","selector":{"id":"createOrganizationPop--sectionInput","searchOpenDialogs":true,"interaction":{"idSuffix":"inner"}},"clearTextFirst":true,"interactionType":"ENTER_TEXT"}]}
COMMAND: POST /session/2eb25f1cbe9612d735ab0219d8fb520b/execute/async - {"script":"<script> [1562 bytes]","args":[{"selector":{"id":"createOrganizationPop--descriptionInput","searchOpenDialogs":true,"interaction":{"idSuffix":"inner"}},"wdio_ui5_key":"createOrganizationPopdescriptionInput"}]}
RESULT: {"script":"<script> [1562 bytes]","args":[{"selector":{"id":"createOrganizationPop--descriptionInput","searchOpenDialogs":true,"interaction":{"idSuffix":"inner"}},"wdio_ui5_key":"createOrganizationPopdescriptionInput"}]}
RESULT: undefined
COMMAND: POST /session/2eb25f1cbe9612d735ab0219d8fb520b/execute/async - {"script":"<script> [776 bytes]","args":[{"enterText":"WHIb8uu45prseucj915vviz1dem7ify2ebry4pd81wn7hrwyu8hrjn6t5dey63zl2cb3ylretrzmsvnyhy1ueprljxihmmnas7wh1mv9pmyvbvsviwjixl6e1iioshxbmjoqi420x560dli7rg1oq6ldodlsc8fx8l5vcfbtncgfmfehp0kwk9yro1jwhnbr1vp96xfg ... (803 more bytes)","selector":{"id":"createOrganizationPop--descriptionInput","searchOpenDialogs":true,"interaction":{"idSuffix":"inner"}},"clearTextFirst":true,"interactionType":"ENTER_TEXT"}]}
RESULT: {"script":"<script> [776 bytes]","args":[{"enterText":"WHIb8uu45prseucj915vviz1dem7ify2ebry4pd81wn7hrwyu8hrjn6t5dey63zl2cb3ylretrzmsvnyhy1ueprljxihmmnas7wh1mv9pmyvbvsviwjixl6e1iioshxbmjoqi420x560dli7rg1oq6ldodlsc8fx8l5vcfbtncgfmfehp0kwk9yro1jwhnbr1vp96xfg ... (803 more bytes)","selector":{"id":"createOrganizationPop--descriptionInput","searchOpenDialogs":true,"interaction":{"idSuffix":"inner"}},"clearTextFirst":true,"interactionType":"ENTER_TEXT"}]}
COMMAND: POST /session/2eb25f1cbe9612d735ab0219d8fb520b/element - {"using":"css selector","value":"#createOrganizationPop--yardOrg-inner"}
RESULT: {"using":"css selector","value":"#createOrganizationPop--yardOrg-inner"}
COMMAND: POST /session/2eb25f1cbe9612d735ab0219d8fb520b/element/f.1920C544C16071EF810842AAA08EA988.d.7219FAF14D5C6BD5C75C851E0EBD63B3.e.212/clear - {}
RESULT: {}
COMMAND: POST /session/2eb25f1cbe9612d735ab0219d8fb520b/element/f.1920C544C16071EF810842AAA08EA988.d.7219FAF14D5C6BD5C75C851E0EBD63B3.e.212/value - {"text":"WHM"}
COMMAND: GET /session/2eb25f1cbe9612d735ab0219d8fb520b/screenshot - {}
RESULT: {"text":"WHM"}
COMMAND: GET /session/2eb25f1cbe9612d735ab0219d8fb520b/screenshot - {}
RESULT: {}
RESULT: {}
COMMAND: POST /session/2eb25f1cbe9612d735ab0219d8fb520b/actions - {"actions":[{"id":"action1","type":"key","parameters":{},"actions":[{"type":"keyDown","value":"î€‡"},{"type":"pause","duration":10},{"type":"keyUp","value":"î€‡"}]}]}
RESULT: {"actions":[{"id":"action1","type":"key","parameters":{},"actions":[{"type":"keyDown","value":"î€‡"},{"type":"pause","duration":10},{"type":"keyUp","value":"î€‡"}]}]}
COMMAND: POST /session/2eb25f1cbe9612d735ab0219d8fb520b/execute/async - {"script":"<script> [1562 bytes]","args":[{"selector":{"id":"createOrganizationPop--grZone","searchOpenDialogs":true,"interaction":{"idSuffix":"CbBg"}},"wdio_ui5_key":"createOrganizationPopgrZone"}]}
COMMAND: GET /session/2eb25f1cbe9612d735ab0219d8fb520b/screenshot - {}
RESULT: {"script":"<script> [1562 bytes]","args":[{"selector":{"id":"createOrganizationPop--grZone","searchOpenDialogs":true,"interaction":{"idSuffix":"CbBg"}},"wdio_ui5_key":"createOrganizationPopgrZone"}]}
RESULT: undefined
COMMAND: POST /session/2eb25f1cbe9612d735ab0219d8fb520b/element - {"using":"xpath","value":"//*[@id=\"createOrganizationPop--grZone\"]"}
RESULT: {}
RESULT: {"using":"xpath","value":"//*[@id=\"createOrganizationPop--grZone\"]"}
COMMAND: POST /session/2eb25f1cbe9612d735ab0219d8fb520b/element/f.1920C544C16071EF810842AAA08EA988.d.7219FAF14D5C6BD5C75C851E0EBD63B3.e.232/click - {}
RESULT: {}
COMMAND: POST /session/2eb25f1cbe9612d735ab0219d8fb520b/execute/async - {"script":"<script> [1562 bytes]","args":[{"selector":{"id":"createOrganizationPop--giZone","searchOpenDialogs":true,"interaction":{"idSuffix":"CbBg"}},"wdio_ui5_key":"createOrganizationPopgiZone"}]}
COMMAND: GET /session/2eb25f1cbe9612d735ab0219d8fb520b/screenshot - {}
RESULT: {"script":"<script> [1562 bytes]","args":[{"selector":{"id":"createOrganizationPop--giZone","searchOpenDialogs":true,"interaction":{"idSuffix":"CbBg"}},"wdio_ui5_key":"createOrganizationPopgiZone"}]}
RESULT: undefined
COMMAND: POST /session/2eb25f1cbe9612d735ab0219d8fb520b/element - {"using":"xpath","value":"//*[@id=\"createOrganizationPop--giZone\"]"}
RESULT: {}
RESULT: {"using":"xpath","value":"//*[@id=\"createOrganizationPop--giZone\"]"}
COMMAND: POST /session/2eb25f1cbe9612d735ab0219d8fb520b/element/f.1920C544C16071EF810842AAA08EA988.d.7219FAF14D5C6BD5C75C851E0EBD63B3.e.234/click - {}
RESULT: {}
COMMAND: POST /session/2eb25f1cbe9612d735ab0219d8fb520b/execute/async - {"script":"<script> [1562 bytes]","args":[{"selector":{"id":"createOrganizationPop--binNoInput","searchOpenDialogs":true,"interaction":{"idSuffix":"inner"}},"wdio_ui5_key":"createOrganizationPopbinNoInput"}]}
COMMAND: GET /session/2eb25f1cbe9612d735ab0219d8fb520b/screenshot - {}
RESULT: {"script":"<script> [1562 bytes]","args":[{"selector":{"id":"createOrganizationPop--binNoInput","searchOpenDialogs":true,"interaction":{"idSuffix":"inner"}},"wdio_ui5_key":"createOrganizationPopbinNoInput"}]}
RESULT: undefined
COMMAND: POST /session/2eb25f1cbe9612d735ab0219d8fb520b/execute/async - {"script":"<script> [776 bytes]","args":[{"enterText":"Bin-Wd","selector":{"id":"createOrganizationPop--binNoInput","searchOpenDialogs":true,"interaction":{"idSuffix":"inner"}},"clearTextFirst":true,"interactionType":"ENTER_TEXT"}]}
RESULT: {}
RESULT: {"script":"<script> [776 bytes]","args":[{"enterText":"Bin-Wd","selector":{"id":"createOrganizationPop--binNoInput","searchOpenDialogs":true,"interaction":{"idSuffix":"inner"}},"clearTextFirst":true,"interactionType":"ENTER_TEXT"}]}
COMMAND: POST /session/2eb25f1cbe9612d735ab0219d8fb520b/execute/async - {"script":"<script> [1562 bytes]","args":[{"selector":{"id":"createOrganizationPop--descriptionId","searchOpenDialogs":true,"interaction":{"idSuffix":"inner"}},"wdio_ui5_key":"createOrganizationPopdescriptionId"}]}
RESULT: {"script":"<script> [1562 bytes]","args":[{"selector":{"id":"createOrganizationPop--descriptionId","searchOpenDialogs":true,"interaction":{"idSuffix":"inner"}},"wdio_ui5_key":"createOrganizationPopdescriptionId"}]}
RESULT: undefined
COMMAND: POST /session/2eb25f1cbe9612d735ab0219d8fb520b/execute/async - {"script":"<script> [776 bytes]","args":[{"enterText":"Shipping-Wd","selector":{"id":"createOrganizationPop--descriptionId","searchOpenDialogs":true,"interaction":{"idSuffix":"inner"}},"clearTextFirst":true,"interactionType":"ENTER_TEXT"}]}
RESULT: {"script":"<script> [776 bytes]","args":[{"enterText":"Shipping-Wd","selector":{"id":"createOrganizationPop--descriptionId","searchOpenDialogs":true,"interaction":{"idSuffix":"inner"}},"clearTextFirst":true,"interactionType":"ENTER_TEXT"}]}
COMMAND: POST /session/2eb25f1cbe9612d735ab0219d8fb520b/execute/async - {"script":"<script> [1562 bytes]","args":[{"selector":{"controlType":"sap.m.CheckBox","viewName":"etm.portal.ui.binstatusreport.view.MasterWareBins","viewId":"application-binstatusreport-display-component---warehousing","bindingPath":{"path":"","propertyPath":"/ZONE","modelName":"newBin"},"searchOpenDialogs":true,"interaction":{"idSuffix":"CbBg"}},"wdio_ui5_key":"etmportal.ui.binstatusreport.view.MasterWareBinssap.m.CheckBox{\"path\":\"\",\"propertyPath\":\"/ZONE\",\"modelName\":\"newBin\"}"}]}
RESULT: {"script":"<script> [1562 bytes]","args":[{"selector":{"controlType":"sap.m.CheckBox","viewName":"etm.portal.ui.binstatusreport.view.MasterWareBins","viewId":"application-binstatusreport-display-component---warehousing","bindingPath":{"path":"","propertyPath":"/ZONE","modelName":"newBin"},"searchOpenDialogs":true,"interaction":{"idSuffix":"CbBg"}},"wdio_ui5_key":"etmportal.ui.binstatusreport.view.MasterWareBinssap.m.CheckBox{\"path\":\"\",\"propertyPath\":\"/ZONE\",\"modelName\":\"newBin\"}"}]}
RESULT: undefined
COMMAND: POST /session/2eb25f1cbe9612d735ab0219d8fb520b/element - {"using":"xpath","value":"//*[@id=\"__box12\"]"}
RESULT: {"using":"xpath","value":"//*[@id=\"__box12\"]"}
COMMAND: POST /session/2eb25f1cbe9612d735ab0219d8fb520b/element/f.1920C544C16071EF810842AAA08EA988.d.7219FAF14D5C6BD5C75C851E0EBD63B3.e.238/click - {}
RESULT: {}
COMMAND: POST /session/2eb25f1cbe9612d735ab0219d8fb520b/execute/async - {"script":"<script> [1562 bytes]","args":[{"selector":{"id":"createOrganizationPop--binTypesCB-arrow","searchOpenDialogs":true},"wdio_ui5_key":"createOrganizationPopbinTypesCB-arrow"}]}
COMMAND: GET /session/2eb25f1cbe9612d735ab0219d8fb520b/screenshot - {}
RESULT: {"script":"<script> [1562 bytes]","args":[{"selector":{"id":"createOrganizationPop--binTypesCB-arrow","searchOpenDialogs":true},"wdio_ui5_key":"createOrganizationPopbinTypesCB-arrow"}]}
RESULT: undefined
COMMAND: POST /session/2eb25f1cbe9612d735ab0219d8fb520b/element - {"using":"xpath","value":"//*[@id=\"createOrganizationPop--binTypesCB-arrow\"]"}
RESULT: {}
RESULT: {"using":"xpath","value":"//*[@id=\"createOrganizationPop--binTypesCB-arrow\"]"}
COMMAND: POST /session/2eb25f1cbe9612d735ab0219d8fb520b/element/f.1920C544C16071EF810842AAA08EA988.d.7219FAF14D5C6BD5C75C851E0EBD63B3.e.239/click - {}
RESULT: {}
COMMAND: POST /session/2eb25f1cbe9612d735ab0219d8fb520b/execute/async - {"script":"<script> [1562 bytes]","args":[{"selector":{"id":"createOrganizationPop--binTypesCB","searchOpenDialogs":true,"interaction":{"idSuffix":"inner"}},"wdio_ui5_key":"createOrganizationPopbinTypesCB"}]}
COMMAND: GET /session/2eb25f1cbe9612d735ab0219d8fb520b/screenshot - {}
RESULT: {"script":"<script> [1562 bytes]","args":[{"selector":{"id":"createOrganizationPop--binTypesCB","searchOpenDialogs":true,"interaction":{"idSuffix":"inner"}},"wdio_ui5_key":"createOrganizationPopbinTypesCB"}]}
RESULT: undefined
COMMAND: POST /session/2eb25f1cbe9612d735ab0219d8fb520b/execute/async - {"script":"<script> [776 bytes]","args":[{"enterText":"1 - General / No capacity check","selector":{"id":"createOrganizationPop--binTypesCB","searchOpenDialogs":true,"interaction":{"idSuffix":"inner"}},"clearTextFirst":true,"interactionType":"ENTER_TEXT"}]}
RESULT: {}
RESULT: {"script":"<script> [776 bytes]","args":[{"enterText":"1 - General / No capacity check","selector":{"id":"createOrganizationPop--binTypesCB","searchOpenDialogs":true,"interaction":{"idSuffix":"inner"}},"clearTextFirst":true,"interactionType":"ENTER_TEXT"}]}
COMMAND: POST /session/2eb25f1cbe9612d735ab0219d8fb520b/actions - {"actions":[{"id":"action2","type":"key","parameters":{},"actions":[{"type":"keyDown","value":"î€‡"},{"type":"pause","duration":10},{"type":"keyUp","value":"î€‡"}]}]}
RESULT: {"actions":[{"id":"action2","type":"key","parameters":{},"actions":[{"type":"keyDown","value":"î€‡"},{"type":"pause","duration":10},{"type":"keyUp","value":"î€‡"}]}]}
COMMAND: GET /session/2eb25f1cbe9612d735ab0219d8fb520b/screenshot - {}
RESULT: {}
COMMAND: POST /session/2eb25f1cbe9612d735ab0219d8fb520b/execute/async - {"script":"<script> [1562 bytes]","args":[{"selector":{"id":"createOrganizationPop--finishBtn","searchOpenDialogs":true,"interaction":{"idSuffix":"BDI-content"}},"wdio_ui5_key":"createOrganizationPopfinishBtn"}]}
RESULT: {"script":"<script> [1562 bytes]","args":[{"selector":{"id":"createOrganizationPop--finishBtn","searchOpenDialogs":true,"interaction":{"idSuffix":"BDI-content"}},"wdio_ui5_key":"createOrganizationPopfinishBtn"}]}
RESULT: undefined
COMMAND: POST /session/2eb25f1cbe9612d735ab0219d8fb520b/element - {"using":"xpath","value":"//*[@id=\"createOrganizationPop--finishBtn\"]"}
RESULT: {"using":"xpath","value":"//*[@id=\"createOrganizationPop--finishBtn\"]"}
COMMAND: POST /session/2eb25f1cbe9612d735ab0219d8fb520b/element/f.1920C544C16071EF810842AAA08EA988.d.7219FAF14D5C6BD5C75C851E0EBD63B3.e.242/click - {}
RESULT: {}
COMMAND: POST /session/2eb25f1cbe9612d735ab0219d8fb520b/element - {"using":"css selector","value":"#j_username"}
COMMAND: POST /session/2eb25f1cbe9612d735ab0219d8fb520b/url - {"url":"https://qa-testing-00-live-etm-ui.cfapps.eu10-004.hana.ondemand.com/"}
COMMAND: GET /session/2eb25f1cbe9612d735ab0219d8fb520b/screenshot - {}
RESULT: {"url":"https://qa-testing-00-live-etm-ui.cfapps.eu10-004.hana.ondemand.com/"}
RESULT: undefined
COMMAND: GET /session/2eb25f1cbe9612d735ab0219d8fb520b/screenshot - {}
RESULT: {"using":"css selector","value":"#j_username"}
COMMAND: POST /session/2eb25f1cbe9612d735ab0219d8fb520b/element - {"using":"css selector","value":"#j_username"}
RESULT: {}
RESULT: {}
RESULT: {"using":"css selector","value":"#j_username"}
COMMAND: POST /session/2eb25f1cbe9612d735ab0219d8fb520b/element - {"using":"css selector","value":"#shell-header-logo"}
RESULT: {"using":"css selector","value":"#shell-header-logo"}
COMMAND: POST /session/2eb25f1cbe9612d735ab0219d8fb520b/execute/sync - {"script":"<script> [8489 bytes]","args":[{"element-6066-11e4-a52e-4f735466cecf":"f.1920C544C16071EF810842AAA08EA988.d.9435782383128C371DAB37B81DC33FEF.e.254","ELEMENT":"f.1920C544C16071EF810842AAA08EA988.d.9435782383128C371DAB37B81DC33FEF.e.254"}]}
RESULT: {"script":"<script> [8489 bytes]","args":[{"element-6066-11e4-a52e-4f735466cecf":"f.1920C544C16071EF810842AAA08EA988.d.9435782383128C371DAB37B81DC33FEF.e.254","ELEMENT":"f.1920C544C16071EF810842AAA08EA988.d.9435782383128C371DAB37B81DC33FEF.e.254"}]}
COMMAND: POST /session/2eb25f1cbe9612d735ab0219d8fb520b/element - {"using":"css selector","value":"#shell-header-logo"}
COMMAND: GET /session/2eb25f1cbe9612d735ab0219d8fb520b/screenshot - {}
RESULT: {"using":"css selector","value":"#shell-header-logo"}
COMMAND: POST /session/2eb25f1cbe9612d735ab0219d8fb520b/execute/sync - {"script":"<script> [8489 bytes]","args":[{"element-6066-11e4-a52e-4f735466cecf":"f.1920C544C16071EF810842AAA08EA988.d.9435782383128C371DAB37B81DC33FEF.e.254","ELEMENT":"f.1920C544C16071EF810842AAA08EA988.d.9435782383128C371DAB37B81DC33FEF.e.254"}]}
RESULT: {}
RESULT: {"script":"<script> [8489 bytes]","args":[{"element-6066-11e4-a52e-4f735466cecf":"f.1920C544C16071EF810842AAA08EA988.d.9435782383128C371DAB37B81DC33FEF.e.254","ELEMENT":"f.1920C544C16071EF810842AAA08EA988.d.9435782383128C371DAB37B81DC33FEF.e.254"}]}
COMMAND: POST /session/2eb25f1cbe9612d735ab0219d8fb520b/execute/sync - {"script":"<script> [5351 bytes]","args":[{"element-6066-11e4-a52e-4f735466cecf":"f.1920C544C16071EF810842AAA08EA988.d.9435782383128C371DAB37B81DC33FEF.e.254","ELEMENT":"f.1920C544C16071EF810842AAA08EA988.d.9435782383128C371DAB37B81DC33FEF.e.254"}]}
COMMAND: GET /session/2eb25f1cbe9612d735ab0219d8fb520b/screenshot - {}
RESULT: {"script":"<script> [5351 bytes]","args":[{"element-6066-11e4-a52e-4f735466cecf":"f.1920C544C16071EF810842AAA08EA988.d.9435782383128C371DAB37B81DC33FEF.e.254","ELEMENT":"f.1920C544C16071EF810842AAA08EA988.d.9435782383128C371DAB37B81DC33FEF.e.254"}]}
COMMAND: POST /session/2eb25f1cbe9612d735ab0219d8fb520b/element - {"using":"css selector","value":"#shell-header-logo"}
COMMAND: GET /session/2eb25f1cbe9612d735ab0219d8fb520b/screenshot - {}
RESULT: {}
RESULT: {"using":"css selector","value":"#shell-header-logo"}
COMMAND: POST /session/2eb25f1cbe9612d735ab0219d8fb520b/element/f.1920C544C16071EF810842AAA08EA988.d.9435782383128C371DAB37B81DC33FEF.e.254/click - {}
RESULT: {}
RESULT: {}
COMMAND: GET /session/2eb25f1cbe9612d735ab0219d8fb520b/screenshot - {}
RESULT: {}
COMMAND: POST /session/2eb25f1cbe9612d735ab0219d8fb520b/execute/async - {"script":"<script> [189 bytes]","args":[]}
RESULT: {"script":"<script> [189 bytes]","args":[]}
COMMAND: POST /session/2eb25f1cbe9612d735ab0219d8fb520b/execute/async - {"script":"<script> [123 bytes]","args":[]}
RESULT: {"script":"<script> [123 bytes]","args":[]}
COMMAND: POST /session/2eb25f1cbe9612d735ab0219d8fb520b/timeouts - {"script":"<number>"}
RESULT: {"script":"<number>"}
COMMAND: GET /session/2eb25f1cbe9612d735ab0219d8fb520b/timeouts - {}
RESULT: {}
RESULT: undefined
COMMAND: POST /session/2eb25f1cbe9612d735ab0219d8fb520b/execute/async - {"script":"<script> [2676 bytes]","args":[]}
RESULT: {"script":"<script> [2676 bytes]","args":[]}
COMMAND: POST /session/2eb25f1cbe9612d735ab0219d8fb520b/execute/async - {"script":"<script> [2342 bytes]","args":[{"protocol":"http","hostname":"0.0.0.0","path":"/","capabilities":{"browserName":"chrome","goog:chromeOptions":{"binary":"C:\\Program Files\\Google\\Chrome\\Application\\chrome.exe","args":["--start-maximized"]}},"logLevel":"warn","connectionRetryTimeout":120000,"connectionRetryCount":3,"logLevels":{},"enableDirectConnect":true,"strictSSL":true,"_":"65 more keys: [\"cacheDir\",\"port\",\"requestedCapabilities\",\"automationProtocol\",\"baseUrl\",\"waitforInterval\",\"waitforTimeout\",\"onReload\",\"beforeCommand\",\"afterCommand\",\"rootDir\",\"specs\",\"suites\",\"exclude\",\"groupLogsByTestSpec\",\"excludeDriverLogs\",\"bail\",\"framework\",\"reporters\",\"services\",\"maxInstances\",\"maxInstancesPerCapability\",\"injectGlobals\",\"filesToWatch\",\"execArgv\",\"runnerEnv\",\"runner\",\"shard\",\"specFileRetries\",\"specFileRetriesDelay\",\"specFileRetriesDeferred\",\"reporterSyncInterval\",\"reporterSyncTimeout\",\"cucumberFeaturesWithLineNumbers\",\"autoCompileOpts\",\"mochaOpts\",\"jasmineOpts\",\"cucumberOpts\",\"onPrepare\",\"onWorkerStart\",\"onWorkerEnd\",\"before\",\"beforeSession\",\"beforeSuite\",\"beforeHook\",\"beforeTest\",\"afterTest\",\"afterHook\",\"afterSuite\",\"afterSession\",\"after\",\"onComplete\",\"beforeAssertion\",\"afterAssertion\",\"beforeFeature\",\"beforeScenario\",\"beforeStep\",\"afterStep\",\"afterScenario\",\"afterFeature\",\"_\",\"suite\",\"$0\",\"ignoredWorkerServices\",\"wdi5\"]"}]}
RESULT: {"script":"<script> [2342 bytes]","args":[{"protocol":"http","hostname":"0.0.0.0","path":"/","capabilities":{"browserName":"chrome","goog:chromeOptions":{"binary":"C:\\Program Files\\Google\\Chrome\\Application\\chrome.exe","args":["--start-maximized"]}},"logLevel":"warn","connectionRetryTimeout":120000,"connectionRetryCount":3,"logLevels":{},"enableDirectConnect":true,"strictSSL":true,"_":"65 more keys: [\"cacheDir\",\"port\",\"requestedCapabilities\",\"automationProtocol\",\"baseUrl\",\"waitforInterval\",\"waitforTimeout\",\"onReload\",\"beforeCommand\",\"afterCommand\",\"rootDir\",\"specs\",\"suites\",\"exclude\",\"groupLogsByTestSpec\",\"excludeDriverLogs\",\"bail\",\"framework\",\"reporters\",\"services\",\"maxInstances\",\"maxInstancesPerCapability\",\"injectGlobals\",\"filesToWatch\",\"execArgv\",\"runnerEnv\",\"runner\",\"shard\",\"specFileRetries\",\"specFileRetriesDelay\",\"specFileRetriesDeferred\",\"reporterSyncInterval\",\"reporterSyncTimeout\",\"cucumberFeaturesWithLineNumbers\",\"autoCompileOpts\",\"mochaOpts\",\"jasmineOpts\",\"cucumberOpts\",\"onPrepare\",\"onWorkerStart\",\"onWorkerEnd\",\"before\",\"beforeSession\",\"beforeSuite\",\"beforeHook\",\"beforeTest\",\"afterTest\",\"afterHook\",\"afterSuite\",\"afterSession\",\"after\",\"onComplete\",\"beforeAssertion\",\"afterAssertion\",\"beforeFeature\",\"beforeScenario\",\"beforeStep\",\"afterStep\",\"afterScenario\",\"afterFeature\",\"_\",\"suite\",\"$0\",\"ignoredWorkerServices\",\"wdi5\"]"}]}
COMMAND: POST /session/2eb25f1cbe9612d735ab0219d8fb520b/execute/async - {"script":"<script> [21126 bytes]","args":[35000]}
RESULT: {"script":"<script> [21126 bytes]","args":[35000]}
COMMAND: POST /session/2eb25f1cbe9612d735ab0219d8fb520b/window/maximize - {}
RESULT: {}
COMMAND: POST /session/2eb25f1cbe9612d735ab0219d8fb520b/execute/async - {"script":"<script> [1562 bytes]","args":[{"selector":{"id":"shell-header","interaction":{"idSuffix":"icon"}},"wdio_ui5_key":"shellheader"}]}
COMMAND: GET /session/2eb25f1cbe9612d735ab0219d8fb520b/screenshot - {}
RESULT: {"script":"<script> [1562 bytes]","args":[{"selector":{"id":"shell-header","interaction":{"idSuffix":"icon"}},"wdio_ui5_key":"shellheader"}]}
RESULT: undefined
]]></system-out>
    </testcase>
  </testsuite>
  <testsuite timestamp="2025-04-25T16:19:57" time="822.972" tests="8" failures="0" errors="0" skipped="0">
    <properties>
      <property name="specId" value="0" />
      <property name="suiteName" value="Stock increase - with WHM US125587" />
      <property name="capabilities" value="chrome.135_0_7049_96.windows" />
      <property name="file" value="file:///D:/a/1/s/test/specs/HTR/stock-increase.spec.js" />
    </properties>
    <testcase classname="chrome.135_0_7049_96.windows.Stock_increase_-_with_WHM_US125587" name="Should create a WHM yard" time="103.224">
      <system-out><![CDATA[
COMMAND: POST /session/2eb25f1cbe9612d735ab0219d8fb520b/element - {"using":"css selector","value":"#shell-header-logo"}
RESULT: {}
RESULT: {"using":"css selector","value":"#shell-header-logo"}
COMMAND: POST /session/2eb25f1cbe9612d735ab0219d8fb520b/element/f.1920C544C16071EF810842AAA08EA988.d.9435782383128C371DAB37B81DC33FEF.e.254/click - {}
RESULT: {}
COMMAND: GET /session/2eb25f1cbe9612d735ab0219d8fb520b/screenshot - {}
RESULT: {}
COMMAND: POST /session/2eb25f1cbe9612d735ab0219d8fb520b/execute/async - {"script":"<script> [1562 bytes]","args":[{"selector":{"controlType":"sap.m.GenericTile","properties":{"header":"Manage Yards"}},"wdio_ui5_key":"sapm.GenericTile{\"header\":\"Manage Yards\"}"}]}
RESULT: {"script":"<script> [1562 bytes]","args":[{"selector":{"controlType":"sap.m.GenericTile","properties":{"header":"Manage Yards"}},"wdio_ui5_key":"sapm.GenericTile{\"header\":\"Manage Yards\"}"}]}
RESULT: undefined
COMMAND: POST /session/2eb25f1cbe9612d735ab0219d8fb520b/element - {"using":"xpath","value":"//*[@id=\"__tile41\"]"}
RESULT: {"using":"xpath","value":"//*[@id=\"__tile41\"]"}
COMMAND: POST /session/2eb25f1cbe9612d735ab0219d8fb520b/element/f.1920C544C16071EF810842AAA08EA988.d.9435782383128C371DAB37B81DC33FEF.e.266/click - {}
RESULT: {}
COMMAND: GET /session/2eb25f1cbe9612d735ab0219d8fb520b/screenshot - {}
RESULT: {}
COMMAND: POST /session/2eb25f1cbe9612d735ab0219d8fb520b/execute/async - {"script":"<script> [1562 bytes]","args":[{"selector":{"controlType":"sap.ui.core.Icon","viewName":"etm.portal.ui.manageyards.view.Master","viewId":"application-manageyards-display-component---masterYard","properties":{"src":{"regex":{"source":"add"}}}},"wdio_ui5_key":"etmportal.ui.manageyards.view.Mastersap.ui.core.Icon{\"src\":{\"regex\":{\"source\":\"add\"}}}"}]}
RESULT: {"script":"<script> [1562 bytes]","args":[{"selector":{"controlType":"sap.ui.core.Icon","viewName":"etm.portal.ui.manageyards.view.Master","viewId":"application-manageyards-display-component---masterYard","properties":{"src":{"regex":{"source":"add"}}}},"wdio_ui5_key":"etmportal.ui.manageyards.view.Mastersap.ui.core.Icon{\"src\":{\"regex\":{\"source\":\"add\"}}}"}]}
RESULT: undefined
COMMAND: POST /session/2eb25f1cbe9612d735ab0219d8fb520b/element - {"using":"xpath","value":"//*[@id=\"__button4-img\"]"}
RESULT: {"using":"xpath","value":"//*[@id=\"__button4-img\"]"}
COMMAND: POST /session/2eb25f1cbe9612d735ab0219d8fb520b/element/f.1920C544C16071EF810842AAA08EA988.d.9435782383128C371DAB37B81DC33FEF.e.313/click - {}
RESULT: {}
COMMAND: GET /session/2eb25f1cbe9612d735ab0219d8fb520b/screenshot - {}
RESULT: {}
COMMAND: POST /session/2eb25f1cbe9612d735ab0219d8fb520b/execute/async - {"script":"<script> [1562 bytes]","args":[{"selector":{"id":"application-manageyards-display-component---NewYard--yardId","interaction":{"idSuffix":"inner"}},"wdio_ui5_key":"applicationmanageyards-display-component---NewYard--yardId"}]}
RESULT: {"script":"<script> [1562 bytes]","args":[{"selector":{"id":"application-manageyards-display-component---NewYard--yardId","interaction":{"idSuffix":"inner"}},"wdio_ui5_key":"applicationmanageyards-display-component---NewYard--yardId"}]}
RESULT: undefined
COMMAND: POST /session/2eb25f1cbe9612d735ab0219d8fb520b/element - {"using":"xpath","value":"//*[@id=\"application-manageyards-display-component---NewYard--addressDetailDetailsName1-inner\"]"}
RESULT: {"using":"xpath","value":"//*[@id=\"application-manageyards-display-component---NewYard--addressDetailDetailsName1-inner\"]"}
COMMAND: POST /session/2eb25f1cbe9612d735ab0219d8fb520b/element/f.1920C544C16071EF810842AAA08EA988.d.9435782383128C371DAB37B81DC33FEF.e.528/clear - {}
RESULT: {}
COMMAND: POST /session/2eb25f1cbe9612d735ab0219d8fb520b/element/f.1920C544C16071EF810842AAA08EA988.d.9435782383128C371DAB37B81DC33FEF.e.528/value - {"text":"WebdriverWHMYardvfzjpf"}
COMMAND: GET /session/2eb25f1cbe9612d735ab0219d8fb520b/screenshot - {}
RESULT: {"text":"WebdriverWHMYardvfzjpf"}
COMMAND: POST /session/2eb25f1cbe9612d735ab0219d8fb520b/element - {"using":"xpath","value":"//*[@id=\"application-manageyards-display-component---NewYard--addressDetailDetailsLanguage-inner\"]"}
COMMAND: GET /session/2eb25f1cbe9612d735ab0219d8fb520b/screenshot - {}
RESULT: {}
RESULT: {"using":"xpath","value":"//*[@id=\"application-manageyards-display-component---NewYard--addressDetailDetailsLanguage-inner\"]"}
COMMAND: POST /session/2eb25f1cbe9612d735ab0219d8fb520b/element/f.1920C544C16071EF810842AAA08EA988.d.9435782383128C371DAB37B81DC33FEF.e.529/clear - {}
RESULT: {}
RESULT: {}
COMMAND: POST /session/2eb25f1cbe9612d735ab0219d8fb520b/element/f.1920C544C16071EF810842AAA08EA988.d.9435782383128C371DAB37B81DC33FEF.e.529/value - {"text":"Romanian"}
COMMAND: GET /session/2eb25f1cbe9612d735ab0219d8fb520b/screenshot - {}
RESULT: {"text":"Romanian"}
COMMAND: GET /session/2eb25f1cbe9612d735ab0219d8fb520b/screenshot - {}
RESULT: {}
RESULT: {}
COMMAND: POST /session/2eb25f1cbe9612d735ab0219d8fb520b/element - {"using":"xpath","value":"//*[@id=\"application-manageyards-display-component---NewYard--addressDetailDetailsCity1-inner\"]"}
RESULT: {"using":"xpath","value":"//*[@id=\"application-manageyards-display-component---NewYard--addressDetailDetailsCity1-inner\"]"}
COMMAND: POST /session/2eb25f1cbe9612d735ab0219d8fb520b/element/f.1920C544C16071EF810842AAA08EA988.d.9435782383128C371DAB37B81DC33FEF.e.531/clear - {}
RESULT: {}
COMMAND: POST /session/2eb25f1cbe9612d735ab0219d8fb520b/element/f.1920C544C16071EF810842AAA08EA988.d.9435782383128C371DAB37B81DC33FEF.e.531/value - {"text":"Bucuresti"}
COMMAND: GET /session/2eb25f1cbe9612d735ab0219d8fb520b/screenshot - {}
RESULT: {"text":"Bucuresti"}
COMMAND: GET /session/2eb25f1cbe9612d735ab0219d8fb520b/screenshot - {}
RESULT: {}
RESULT: {}
COMMAND: POST /session/2eb25f1cbe9612d735ab0219d8fb520b/element - {"using":"xpath","value":"//*[@id=\"application-manageyards-display-component---NewYard--addressDetailDetailsCountry-inner\"]"}
RESULT: {"using":"xpath","value":"//*[@id=\"application-manageyards-display-component---NewYard--addressDetailDetailsCountry-inner\"]"}
COMMAND: POST /session/2eb25f1cbe9612d735ab0219d8fb520b/element/f.1920C544C16071EF810842AAA08EA988.d.9435782383128C371DAB37B81DC33FEF.e.535/clear - {}
RESULT: {}
COMMAND: POST /session/2eb25f1cbe9612d735ab0219d8fb520b/element/f.1920C544C16071EF810842AAA08EA988.d.9435782383128C371DAB37B81DC33FEF.e.535/value - {"text":"Romania"}
COMMAND: GET /session/2eb25f1cbe9612d735ab0219d8fb520b/screenshot - {}
RESULT: {"text":"Romania"}
COMMAND: GET /session/2eb25f1cbe9612d735ab0219d8fb520b/screenshot - {}
RESULT: {}
RESULT: {}
COMMAND: POST /session/2eb25f1cbe9612d735ab0219d8fb520b/execute/async - {"script":"<script> [1562 bytes]","args":[{"selector":{"controlType":"sap.m.Button","viewName":"etm.portal.ui.manageyards.view.New","viewId":"application-manageyards-display-component---NewYard","properties":{"text":"Commercial"},"interaction":{"idSuffix":"BDI-content"}},"wdio_ui5_key":"etmportal.ui.manageyards.view.Newsap.m.Button{\"text\":\"Commercial\"}"}]}
RESULT: {"script":"<script> [1562 bytes]","args":[{"selector":{"controlType":"sap.m.Button","viewName":"etm.portal.ui.manageyards.view.New","viewId":"application-manageyards-display-component---NewYard","properties":{"text":"Commercial"},"interaction":{"idSuffix":"BDI-content"}},"wdio_ui5_key":"etmportal.ui.manageyards.view.Newsap.m.Button{\"text\":\"Commercial\"}"}]}
RESULT: undefined
COMMAND: POST /session/2eb25f1cbe9612d735ab0219d8fb520b/element - {"using":"xpath","value":"//*[@id=\"application-manageyards-display-component---NewYard--ObjectPageLayout-anchBar-__section5-anchor\"]"}
RESULT: {"using":"xpath","value":"//*[@id=\"application-manageyards-display-component---NewYard--ObjectPageLayout-anchBar-__section5-anchor\"]"}
COMMAND: POST /session/2eb25f1cbe9612d735ab0219d8fb520b/element/f.1920C544C16071EF810842AAA08EA988.d.9435782383128C371DAB37B81DC33FEF.e.725/click - {}
RESULT: {}
COMMAND: GET /session/2eb25f1cbe9612d735ab0219d8fb520b/screenshot - {}
RESULT: {}
COMMAND: POST /session/2eb25f1cbe9612d735ab0219d8fb520b/element - {"using":"xpath","value":"//input[@id='application-manageyards-display-component---NewYard--addressEditDetailsCostObjectCstType-inner']"}
RESULT: {"using":"xpath","value":"//input[@id='application-manageyards-display-component---NewYard--addressEditDetailsCostObjectCstType-inner']"}
COMMAND: POST /session/2eb25f1cbe9612d735ab0219d8fb520b/execute/sync - {"script":"<script> [8489 bytes]","args":[{"element-6066-11e4-a52e-4f735466cecf":"f.1920C544C16071EF810842AAA08EA988.d.9435782383128C371DAB37B81DC33FEF.e.541","ELEMENT":"f.1920C544C16071EF810842AAA08EA988.d.9435782383128C371DAB37B81DC33FEF.e.541"}]}
RESULT: {"script":"<script> [8489 bytes]","args":[{"element-6066-11e4-a52e-4f735466cecf":"f.1920C544C16071EF810842AAA08EA988.d.9435782383128C371DAB37B81DC33FEF.e.541","ELEMENT":"f.1920C544C16071EF810842AAA08EA988.d.9435782383128C371DAB37B81DC33FEF.e.541"}]}
COMMAND: POST /session/2eb25f1cbe9612d735ab0219d8fb520b/element/f.1920C544C16071EF810842AAA08EA988.d.9435782383128C371DAB37B81DC33FEF.e.541/clear - {}
COMMAND: GET /session/2eb25f1cbe9612d735ab0219d8fb520b/screenshot - {}
RESULT: {}
COMMAND: POST /session/2eb25f1cbe9612d735ab0219d8fb520b/element/f.1920C544C16071EF810842AAA08EA988.d.9435782383128C371DAB37B81DC33FEF.e.541/value - {"text":"Cost"}
COMMAND: GET /session/2eb25f1cbe9612d735ab0219d8fb520b/screenshot - {}
RESULT: {}
RESULT: {"text":"Cost"}
COMMAND: GET /session/2eb25f1cbe9612d735ab0219d8fb520b/screenshot - {}
RESULT: {}
RESULT: {}
COMMAND: POST /session/2eb25f1cbe9612d735ab0219d8fb520b/execute/async - {"script":"<script> [1562 bytes]","args":[{"selector":{"id":"application-manageyards-display-component---NewYard--addressNewCostObjectCstID","interaction":{"idSuffix":"inner"}},"wdio_ui5_key":"applicationmanageyards-display-component---NewYard--addressNewCostObjectCstID"}]}
RESULT: {"script":"<script> [1562 bytes]","args":[{"selector":{"id":"application-manageyards-display-component---NewYard--addressNewCostObjectCstID","interaction":{"idSuffix":"inner"}},"wdio_ui5_key":"applicationmanageyards-display-component---NewYard--addressNewCostObjectCstID"}]}
RESULT: undefined
COMMAND: POST /session/2eb25f1cbe9612d735ab0219d8fb520b/execute/async - {"script":"<script> [776 bytes]","args":[{"enterText":"10001013","selector":{"id":"application-manageyards-display-component---NewYard--addressNewCostObjectCstID","interaction":{"idSuffix":"inner"}},"clearTextFirst":true,"interactionType":"ENTER_TEXT"}]}
RESULT: {"script":"<script> [776 bytes]","args":[{"enterText":"10001013","selector":{"id":"application-manageyards-display-component---NewYard--addressNewCostObjectCstID","interaction":{"idSuffix":"inner"}},"clearTextFirst":true,"interactionType":"ENTER_TEXT"}]}
COMMAND: POST /session/2eb25f1cbe9612d735ab0219d8fb520b/actions - {"actions":[{"id":"action3","type":"key","parameters":{},"actions":[{"type":"keyDown","value":"î€‡"},{"type":"pause","duration":10},{"type":"keyUp","value":"î€‡"}]}]}
RESULT: {"actions":[{"id":"action3","type":"key","parameters":{},"actions":[{"type":"keyDown","value":"î€‡"},{"type":"pause","duration":10},{"type":"keyUp","value":"î€‡"}]}]}
COMMAND: POST /session/2eb25f1cbe9612d735ab0219d8fb520b/execute/async - {"script":"<script> [1562 bytes]","args":[{"selector":{"id":"application-manageyards-display-component---NewYard--addressEditDetailsCurrency","interaction":{"idSuffix":"inner"}},"wdio_ui5_key":"applicationmanageyards-display-component---NewYard--addressEditDetailsCurrency"}]}
COMMAND: GET /session/2eb25f1cbe9612d735ab0219d8fb520b/screenshot - {}
RESULT: {"script":"<script> [1562 bytes]","args":[{"selector":{"id":"application-manageyards-display-component---NewYard--addressEditDetailsCurrency","interaction":{"idSuffix":"inner"}},"wdio_ui5_key":"applicationmanageyards-display-component---NewYard--addressEditDetailsCurrency"}]}
RESULT: undefined
COMMAND: POST /session/2eb25f1cbe9612d735ab0219d8fb520b/execute/async - {"script":"<script> [776 bytes]","args":[{"enterText":"Euro","selector":{"id":"application-manageyards-display-component---NewYard--addressEditDetailsCurrency","interaction":{"idSuffix":"inner"}},"clearTextFirst":true,"interactionType":"ENTER_TEXT"}]}
RESULT: {}
RESULT: {"script":"<script> [776 bytes]","args":[{"enterText":"Euro","selector":{"id":"application-manageyards-display-component---NewYard--addressEditDetailsCurrency","interaction":{"idSuffix":"inner"}},"clearTextFirst":true,"interactionType":"ENTER_TEXT"}]}
COMMAND: POST /session/2eb25f1cbe9612d735ab0219d8fb520b/execute/async - {"script":"<script> [1562 bytes]","args":[{"selector":{"controlType":"sap.m.Input","viewName":"etm.portal.ui.manageyards.view.New","viewId":"application-manageyards-display-component---NewYard","bindingPath":{"path":"","propertyPath":"/CONTROLLING_AREA","modelName":"NewYardModel"},"interaction":{"idSuffix":"inner"}},"wdio_ui5_key":"etmportal.ui.manageyards.view.Newsap.m.Input{\"path\":\"\",\"propertyPath\":\"/CONTROLLING_AREA\",\"modelName\":\"NewYardModel\"}"}]}
RESULT: {"script":"<script> [1562 bytes]","args":[{"selector":{"controlType":"sap.m.Input","viewName":"etm.portal.ui.manageyards.view.New","viewId":"application-manageyards-display-component---NewYard","bindingPath":{"path":"","propertyPath":"/CONTROLLING_AREA","modelName":"NewYardModel"},"interaction":{"idSuffix":"inner"}},"wdio_ui5_key":"etmportal.ui.manageyards.view.Newsap.m.Input{\"path\":\"\",\"propertyPath\":\"/CONTROLLING_AREA\",\"modelName\":\"NewYardModel\"}"}]}
RESULT: undefined
COMMAND: POST /session/2eb25f1cbe9612d735ab0219d8fb520b/execute/async - {"script":"<script> [776 bytes]","args":[{"enterText":"Z001","selector":{"controlType":"sap.m.Input","viewName":"etm.portal.ui.manageyards.view.New","viewId":"application-manageyards-display-component---NewYard","bindingPath":{"path":"","propertyPath":"/CONTROLLING_AREA","modelName":"NewYardModel"},"interaction":{"idSuffix":"inner"}},"clearTextFirst":true,"interactionType":"ENTER_TEXT"}]}
RESULT: {"script":"<script> [776 bytes]","args":[{"enterText":"Z001","selector":{"controlType":"sap.m.Input","viewName":"etm.portal.ui.manageyards.view.New","viewId":"application-manageyards-display-component---NewYard","bindingPath":{"path":"","propertyPath":"/CONTROLLING_AREA","modelName":"NewYardModel"},"interaction":{"idSuffix":"inner"}},"clearTextFirst":true,"interactionType":"ENTER_TEXT"}]}
COMMAND: POST /session/2eb25f1cbe9612d735ab0219d8fb520b/execute/async - {"script":"<script> [1562 bytes]","args":[{"selector":{"id":"application-manageyards-display-component---NewYard--companyCodeComboBox","interaction":{"idSuffix":"inner"}},"wdio_ui5_key":"applicationmanageyards-display-component---NewYard--companyCodeComboBox"}]}
RESULT: {"script":"<script> [1562 bytes]","args":[{"selector":{"id":"application-manageyards-display-component---NewYard--companyCodeComboBox","interaction":{"idSuffix":"inner"}},"wdio_ui5_key":"applicationmanageyards-display-component---NewYard--companyCodeComboBox"}]}
RESULT: undefined
COMMAND: POST /session/2eb25f1cbe9612d735ab0219d8fb520b/execute/async - {"script":"<script> [776 bytes]","args":[{"enterText":"1000","selector":{"id":"application-manageyards-display-component---NewYard--companyCodeComboBox","interaction":{"idSuffix":"inner"}},"clearTextFirst":true,"interactionType":"ENTER_TEXT"}]}
RESULT: {"script":"<script> [776 bytes]","args":[{"enterText":"1000","selector":{"id":"application-manageyards-display-component---NewYard--companyCodeComboBox","interaction":{"idSuffix":"inner"}},"clearTextFirst":true,"interactionType":"ENTER_TEXT"}]}
COMMAND: POST /session/2eb25f1cbe9612d735ab0219d8fb520b/actions - {"actions":[{"id":"action4","type":"key","parameters":{},"actions":[{"type":"keyDown","value":"î€‡"},{"type":"pause","duration":10},{"type":"keyUp","value":"î€‡"}]}]}
RESULT: {"actions":[{"id":"action4","type":"key","parameters":{},"actions":[{"type":"keyDown","value":"î€‡"},{"type":"pause","duration":10},{"type":"keyUp","value":"î€‡"}]}]}
COMMAND: POST /session/2eb25f1cbe9612d735ab0219d8fb520b/execute/async - {"script":"<script> [1562 bytes]","args":[{"selector":{"controlType":"sap.m.Input","viewName":"etm.portal.ui.manageyards.view.New","viewId":"application-manageyards-display-component---NewYard","bindingPath":{"path":"","propertyPath":"/PLANT","modelName":"NewYardModel"},"interaction":{"idSuffix":"inner"}},"wdio_ui5_key":"etmportal.ui.manageyards.view.Newsap.m.Input{\"path\":\"\",\"propertyPath\":\"/PLANT\",\"modelName\":\"NewYardModel\"}"}]}
COMMAND: GET /session/2eb25f1cbe9612d735ab0219d8fb520b/screenshot - {}
RESULT: {"script":"<script> [1562 bytes]","args":[{"selector":{"controlType":"sap.m.Input","viewName":"etm.portal.ui.manageyards.view.New","viewId":"application-manageyards-display-component---NewYard","bindingPath":{"path":"","propertyPath":"/PLANT","modelName":"NewYardModel"},"interaction":{"idSuffix":"inner"}},"wdio_ui5_key":"etmportal.ui.manageyards.view.Newsap.m.Input{\"path\":\"\",\"propertyPath\":\"/PLANT\",\"modelName\":\"NewYardModel\"}"}]}
RESULT: undefined
COMMAND: POST /session/2eb25f1cbe9612d735ab0219d8fb520b/execute/async - {"script":"<script> [776 bytes]","args":[{"enterText":"1001","selector":{"controlType":"sap.m.Input","viewName":"etm.portal.ui.manageyards.view.New","viewId":"application-manageyards-display-component---NewYard","bindingPath":{"path":"","propertyPath":"/PLANT","modelName":"NewYardModel"},"interaction":{"idSuffix":"inner"}},"clearTextFirst":true,"interactionType":"ENTER_TEXT"}]}
RESULT: {}
RESULT: {"script":"<script> [776 bytes]","args":[{"enterText":"1001","selector":{"controlType":"sap.m.Input","viewName":"etm.portal.ui.manageyards.view.New","viewId":"application-manageyards-display-component---NewYard","bindingPath":{"path":"","propertyPath":"/PLANT","modelName":"NewYardModel"},"interaction":{"idSuffix":"inner"}},"clearTextFirst":true,"interactionType":"ENTER_TEXT"}]}
COMMAND: POST /session/2eb25f1cbe9612d735ab0219d8fb520b/execute/async - {"script":"<script> [1562 bytes]","args":[{"selector":{"controlType":"sap.m.Input","viewName":"etm.portal.ui.manageyards.view.New","viewId":"application-manageyards-display-component---NewYard","bindingPath":{"path":"","propertyPath":"/SALES_AREA_VKORG","modelName":"NewYardModel"},"interaction":{"idSuffix":"inner"}},"wdio_ui5_key":"etmportal.ui.manageyards.view.Newsap.m.Input{\"path\":\"\",\"propertyPath\":\"/SALES_AREA_VKORG\",\"modelName\":\"NewYardModel\"}"}]}
RESULT: {"script":"<script> [1562 bytes]","args":[{"selector":{"controlType":"sap.m.Input","viewName":"etm.portal.ui.manageyards.view.New","viewId":"application-manageyards-display-component---NewYard","bindingPath":{"path":"","propertyPath":"/SALES_AREA_VKORG","modelName":"NewYardModel"},"interaction":{"idSuffix":"inner"}},"wdio_ui5_key":"etmportal.ui.manageyards.view.Newsap.m.Input{\"path\":\"\",\"propertyPath\":\"/SALES_AREA_VKORG\",\"modelName\":\"NewYardModel\"}"}]}
RESULT: undefined
COMMAND: POST /session/2eb25f1cbe9612d735ab0219d8fb520b/execute/async - {"script":"<script> [776 bytes]","args":[{"enterText":"C002","selector":{"controlType":"sap.m.Input","viewName":"etm.portal.ui.manageyards.view.New","viewId":"application-manageyards-display-component---NewYard","bindingPath":{"path":"","propertyPath":"/SALES_AREA_VKORG","modelName":"NewYardModel"},"interaction":{"idSuffix":"inner"}},"clearTextFirst":true,"interactionType":"ENTER_TEXT"}]}
RESULT: {"script":"<script> [776 bytes]","args":[{"enterText":"C002","selector":{"controlType":"sap.m.Input","viewName":"etm.portal.ui.manageyards.view.New","viewId":"application-manageyards-display-component---NewYard","bindingPath":{"path":"","propertyPath":"/SALES_AREA_VKORG","modelName":"NewYardModel"},"interaction":{"idSuffix":"inner"}},"clearTextFirst":true,"interactionType":"ENTER_TEXT"}]}
COMMAND: POST /session/2eb25f1cbe9612d735ab0219d8fb520b/execute/async - {"script":"<script> [1562 bytes]","args":[{"selector":{"controlType":"sap.m.Input","viewName":"etm.portal.ui.manageyards.view.New","viewId":"application-manageyards-display-component---NewYard","bindingPath":{"path":"","propertyPath":"/SALES_AREA_VTWEG","modelName":"NewYardModel"},"interaction":{"idSuffix":"inner"}},"wdio_ui5_key":"etmportal.ui.manageyards.view.Newsap.m.Input{\"path\":\"\",\"propertyPath\":\"/SALES_AREA_VTWEG\",\"modelName\":\"NewYardModel\"}"}]}
RESULT: {"script":"<script> [1562 bytes]","args":[{"selector":{"controlType":"sap.m.Input","viewName":"etm.portal.ui.manageyards.view.New","viewId":"application-manageyards-display-component---NewYard","bindingPath":{"path":"","propertyPath":"/SALES_AREA_VTWEG","modelName":"NewYardModel"},"interaction":{"idSuffix":"inner"}},"wdio_ui5_key":"etmportal.ui.manageyards.view.Newsap.m.Input{\"path\":\"\",\"propertyPath\":\"/SALES_AREA_VTWEG\",\"modelName\":\"NewYardModel\"}"}]}
RESULT: undefined
COMMAND: POST /session/2eb25f1cbe9612d735ab0219d8fb520b/execute/async - {"script":"<script> [776 bytes]","args":[{"enterText":"C2","selector":{"controlType":"sap.m.Input","viewName":"etm.portal.ui.manageyards.view.New","viewId":"application-manageyards-display-component---NewYard","bindingPath":{"path":"","propertyPath":"/SALES_AREA_VTWEG","modelName":"NewYardModel"},"interaction":{"idSuffix":"inner"}},"clearTextFirst":true,"interactionType":"ENTER_TEXT"}]}
RESULT: {"script":"<script> [776 bytes]","args":[{"enterText":"C2","selector":{"controlType":"sap.m.Input","viewName":"etm.portal.ui.manageyards.view.New","viewId":"application-manageyards-display-component---NewYard","bindingPath":{"path":"","propertyPath":"/SALES_AREA_VTWEG","modelName":"NewYardModel"},"interaction":{"idSuffix":"inner"}},"clearTextFirst":true,"interactionType":"ENTER_TEXT"}]}
COMMAND: POST /session/2eb25f1cbe9612d735ab0219d8fb520b/execute/async - {"script":"<script> [1562 bytes]","args":[{"selector":{"controlType":"sap.m.Input","viewName":"etm.portal.ui.manageyards.view.New","viewId":"application-manageyards-display-component---NewYard","bindingPath":{"path":"","propertyPath":"/SALES_AREA_SPART","modelName":"NewYardModel"},"interaction":{"idSuffix":"inner"}},"wdio_ui5_key":"etmportal.ui.manageyards.view.Newsap.m.Input{\"path\":\"\",\"propertyPath\":\"/SALES_AREA_SPART\",\"modelName\":\"NewYardModel\"}"}]}
RESULT: {"script":"<script> [1562 bytes]","args":[{"selector":{"controlType":"sap.m.Input","viewName":"etm.portal.ui.manageyards.view.New","viewId":"application-manageyards-display-component---NewYard","bindingPath":{"path":"","propertyPath":"/SALES_AREA_SPART","modelName":"NewYardModel"},"interaction":{"idSuffix":"inner"}},"wdio_ui5_key":"etmportal.ui.manageyards.view.Newsap.m.Input{\"path\":\"\",\"propertyPath\":\"/SALES_AREA_SPART\",\"modelName\":\"NewYardModel\"}"}]}
RESULT: undefined
COMMAND: POST /session/2eb25f1cbe9612d735ab0219d8fb520b/execute/async - {"script":"<script> [776 bytes]","args":[{"enterText":"C2","selector":{"controlType":"sap.m.Input","viewName":"etm.portal.ui.manageyards.view.New","viewId":"application-manageyards-display-component---NewYard","bindingPath":{"path":"","propertyPath":"/SALES_AREA_SPART","modelName":"NewYardModel"},"interaction":{"idSuffix":"inner"}},"clearTextFirst":true,"interactionType":"ENTER_TEXT"}]}
RESULT: {"script":"<script> [776 bytes]","args":[{"enterText":"C2","selector":{"controlType":"sap.m.Input","viewName":"etm.portal.ui.manageyards.view.New","viewId":"application-manageyards-display-component---NewYard","bindingPath":{"path":"","propertyPath":"/SALES_AREA_SPART","modelName":"NewYardModel"},"interaction":{"idSuffix":"inner"}},"clearTextFirst":true,"interactionType":"ENTER_TEXT"}]}
COMMAND: POST /session/2eb25f1cbe9612d735ab0219d8fb520b/execute/async - {"script":"<script> [1562 bytes]","args":[{"selector":{"id":"application-manageyards-display-component---NewYard--whmCheckBox","interaction":{"idSuffix":"CbBg"}},"wdio_ui5_key":"applicationmanageyards-display-component---NewYard--whmCheckBox"}]}
RESULT: {"script":"<script> [1562 bytes]","args":[{"selector":{"id":"application-manageyards-display-component---NewYard--whmCheckBox","interaction":{"idSuffix":"CbBg"}},"wdio_ui5_key":"applicationmanageyards-display-component---NewYard--whmCheckBox"}]}
RESULT: undefined
COMMAND: POST /session/2eb25f1cbe9612d735ab0219d8fb520b/element - {"using":"xpath","value":"//*[@id=\"application-manageyards-display-component---NewYard--whmCheckBox\"]"}
RESULT: {"using":"xpath","value":"//*[@id=\"application-manageyards-display-component---NewYard--whmCheckBox\"]"}
COMMAND: POST /session/2eb25f1cbe9612d735ab0219d8fb520b/element/f.1920C544C16071EF810842AAA08EA988.d.9435782383128C371DAB37B81DC33FEF.e.748/click - {}
RESULT: {}
COMMAND: POST /session/2eb25f1cbe9612d735ab0219d8fb520b/execute/async - {"script":"<script> [1562 bytes]","args":[{"selector":{"controlType":"sap.m.Button","viewName":"etm.portal.ui.manageyards.view.New","viewId":"application-manageyards-display-component---NewYard","i18NText":{"propertyName":"text","key":"save"},"interaction":{"idSuffix":"inner"}},"wdio_ui5_key":"etmportal.ui.manageyards.view.Newsap.m.Button{\"propertyName\":\"text\",\"key\":\"save\"}"}]}
COMMAND: GET /session/2eb25f1cbe9612d735ab0219d8fb520b/screenshot - {}
RESULT: {"script":"<script> [1562 bytes]","args":[{"selector":{"controlType":"sap.m.Button","viewName":"etm.portal.ui.manageyards.view.New","viewId":"application-manageyards-display-component---NewYard","i18NText":{"propertyName":"text","key":"save"},"interaction":{"idSuffix":"inner"}},"wdio_ui5_key":"etmportal.ui.manageyards.view.Newsap.m.Button{\"propertyName\":\"text\",\"key\":\"save\"}"}]}
RESULT: undefined
COMMAND: POST /session/2eb25f1cbe9612d735ab0219d8fb520b/element - {"using":"xpath","value":"//*[@id=\"__button18\"]"}
RESULT: {}
RESULT: {"using":"xpath","value":"//*[@id=\"__button18\"]"}
COMMAND: POST /session/2eb25f1cbe9612d735ab0219d8fb520b/element/f.1920C544C16071EF810842AAA08EA988.d.9435782383128C371DAB37B81DC33FEF.e.704/click - {}
RESULT: {}
COMMAND: GET /session/2eb25f1cbe9612d735ab0219d8fb520b/screenshot - {}
RESULT: {}
COMMAND: POST /session/2eb25f1cbe9612d735ab0219d8fb520b/element - {"using":"xpath","value":"//header/div/div/div/div/div/div[2]/div/span"}
RESULT: {"using":"xpath","value":"//header/div/div/div/div/div/div[2]/div/span"}
COMMAND: GET /session/2eb25f1cbe9612d735ab0219d8fb520b/element/f.1920C544C16071EF810842AAA08EA988.d.9435782383128C371DAB37B81DC33FEF.e.942/text - {}
RESULT: {}
COMMAND: POST /session/2eb25f1cbe9612d735ab0219d8fb520b/element - {"using":"xpath","value":"//header/div/div[2]/div[2]/span"}
RESULT: {"using":"xpath","value":"//header/div/div[2]/div[2]/span"}
COMMAND: GET /session/2eb25f1cbe9612d735ab0219d8fb520b/element/f.1920C544C16071EF810842AAA08EA988.d.9435782383128C371DAB37B81DC33FEF.e.943/text - {}
RESULT: {}
]]></system-out>
    </testcase>
    <testcase classname="chrome.135_0_7049_96.windows.Stock_increase_-_with_WHM_US125587" name="Should create new whm partner" time="119.572">
      <system-out><![CDATA[
COMMAND: POST /session/2eb25f1cbe9612d735ab0219d8fb520b/element - {"using":"css selector","value":"#shell-header-logo"}
RESULT: {"using":"css selector","value":"#shell-header-logo"}
COMMAND: POST /session/2eb25f1cbe9612d735ab0219d8fb520b/element/f.1920C544C16071EF810842AAA08EA988.d.9435782383128C371DAB37B81DC33FEF.e.254/click - {}
RESULT: {}
COMMAND: GET /session/2eb25f1cbe9612d735ab0219d8fb520b/screenshot - {}
RESULT: {}
COMMAND: POST /session/2eb25f1cbe9612d735ab0219d8fb520b/execute/async - {"script":"<script> [1562 bytes]","args":[{"selector":{"controlType":"sap.m.GenericTile","properties":{"header":"Manage Partners"}},"wdio_ui5_key":"sapm.GenericTile{\"header\":\"Manage Partners\"}"}]}
RESULT: {"script":"<script> [1562 bytes]","args":[{"selector":{"controlType":"sap.m.GenericTile","properties":{"header":"Manage Partners"}},"wdio_ui5_key":"sapm.GenericTile{\"header\":\"Manage Partners\"}"}]}
RESULT: undefined
COMMAND: POST /session/2eb25f1cbe9612d735ab0219d8fb520b/element - {"using":"xpath","value":"//*[@id=\"__tile38\"]"}
RESULT: {"using":"xpath","value":"//*[@id=\"__tile38\"]"}
COMMAND: POST /session/2eb25f1cbe9612d735ab0219d8fb520b/element/f.1920C544C16071EF810842AAA08EA988.d.9435782383128C371DAB37B81DC33FEF.e.945/click - {}
RESULT: {}
COMMAND: GET /session/2eb25f1cbe9612d735ab0219d8fb520b/screenshot - {}
RESULT: {}
COMMAND: POST /session/2eb25f1cbe9612d735ab0219d8fb520b/refresh - {}
RESULT: {}
COMMAND: GET /session/2eb25f1cbe9612d735ab0219d8fb520b/screenshot - {}
RESULT: {}
COMMAND: POST /session/2eb25f1cbe9612d735ab0219d8fb520b/refresh - {}
RESULT: {}
COMMAND: GET /session/2eb25f1cbe9612d735ab0219d8fb520b/screenshot - {}
RESULT: {}
COMMAND: POST /session/2eb25f1cbe9612d735ab0219d8fb520b/window/fullscreen - {}
RESULT: {}
COMMAND: POST /session/2eb25f1cbe9612d735ab0219d8fb520b/execute/async - {"script":"<script> [189 bytes]","args":[]}
RESULT: {"script":"<script> [189 bytes]","args":[]}
COMMAND: POST /session/2eb25f1cbe9612d735ab0219d8fb520b/execute/async - {"script":"<script> [123 bytes]","args":[]}
RESULT: {"script":"<script> [123 bytes]","args":[]}
COMMAND: POST /session/2eb25f1cbe9612d735ab0219d8fb520b/timeouts - {"script":"<number>"}
RESULT: {"script":"<number>"}
COMMAND: GET /session/2eb25f1cbe9612d735ab0219d8fb520b/timeouts - {}
RESULT: {}
RESULT: undefined
COMMAND: POST /session/2eb25f1cbe9612d735ab0219d8fb520b/execute/async - {"script":"<script> [2676 bytes]","args":[]}
RESULT: {"script":"<script> [2676 bytes]","args":[]}
COMMAND: POST /session/2eb25f1cbe9612d735ab0219d8fb520b/execute/async - {"script":"<script> [2342 bytes]","args":[{"protocol":"http","hostname":"0.0.0.0","path":"/","capabilities":{"browserName":"chrome","goog:chromeOptions":{"binary":"C:\\Program Files\\Google\\Chrome\\Application\\chrome.exe","args":["--start-maximized"]}},"logLevel":"warn","connectionRetryTimeout":120000,"connectionRetryCount":3,"logLevels":{},"enableDirectConnect":true,"strictSSL":true,"_":"65 more keys: [\"cacheDir\",\"port\",\"requestedCapabilities\",\"automationProtocol\",\"baseUrl\",\"waitforInterval\",\"waitforTimeout\",\"onReload\",\"beforeCommand\",\"afterCommand\",\"rootDir\",\"specs\",\"suites\",\"exclude\",\"groupLogsByTestSpec\",\"excludeDriverLogs\",\"bail\",\"framework\",\"reporters\",\"services\",\"maxInstances\",\"maxInstancesPerCapability\",\"injectGlobals\",\"filesToWatch\",\"execArgv\",\"runnerEnv\",\"runner\",\"shard\",\"specFileRetries\",\"specFileRetriesDelay\",\"specFileRetriesDeferred\",\"reporterSyncInterval\",\"reporterSyncTimeout\",\"cucumberFeaturesWithLineNumbers\",\"autoCompileOpts\",\"mochaOpts\",\"jasmineOpts\",\"cucumberOpts\",\"onPrepare\",\"onWorkerStart\",\"onWorkerEnd\",\"before\",\"beforeSession\",\"beforeSuite\",\"beforeHook\",\"beforeTest\",\"afterTest\",\"afterHook\",\"afterSuite\",\"afterSession\",\"after\",\"onComplete\",\"beforeAssertion\",\"afterAssertion\",\"beforeFeature\",\"beforeScenario\",\"beforeStep\",\"afterStep\",\"afterScenario\",\"afterFeature\",\"_\",\"suite\",\"$0\",\"ignoredWorkerServices\",\"wdi5\"]"}]}
RESULT: {"script":"<script> [2342 bytes]","args":[{"protocol":"http","hostname":"0.0.0.0","path":"/","capabilities":{"browserName":"chrome","goog:chromeOptions":{"binary":"C:\\Program Files\\Google\\Chrome\\Application\\chrome.exe","args":["--start-maximized"]}},"logLevel":"warn","connectionRetryTimeout":120000,"connectionRetryCount":3,"logLevels":{},"enableDirectConnect":true,"strictSSL":true,"_":"65 more keys: [\"cacheDir\",\"port\",\"requestedCapabilities\",\"automationProtocol\",\"baseUrl\",\"waitforInterval\",\"waitforTimeout\",\"onReload\",\"beforeCommand\",\"afterCommand\",\"rootDir\",\"specs\",\"suites\",\"exclude\",\"groupLogsByTestSpec\",\"excludeDriverLogs\",\"bail\",\"framework\",\"reporters\",\"services\",\"maxInstances\",\"maxInstancesPerCapability\",\"injectGlobals\",\"filesToWatch\",\"execArgv\",\"runnerEnv\",\"runner\",\"shard\",\"specFileRetries\",\"specFileRetriesDelay\",\"specFileRetriesDeferred\",\"reporterSyncInterval\",\"reporterSyncTimeout\",\"cucumberFeaturesWithLineNumbers\",\"autoCompileOpts\",\"mochaOpts\",\"jasmineOpts\",\"cucumberOpts\",\"onPrepare\",\"onWorkerStart\",\"onWorkerEnd\",\"before\",\"beforeSession\",\"beforeSuite\",\"beforeHook\",\"beforeTest\",\"afterTest\",\"afterHook\",\"afterSuite\",\"afterSession\",\"after\",\"onComplete\",\"beforeAssertion\",\"afterAssertion\",\"beforeFeature\",\"beforeScenario\",\"beforeStep\",\"afterStep\",\"afterScenario\",\"afterFeature\",\"_\",\"suite\",\"$0\",\"ignoredWorkerServices\",\"wdi5\"]"}]}
COMMAND: POST /session/2eb25f1cbe9612d735ab0219d8fb520b/execute/async - {"script":"<script> [21126 bytes]","args":[35000]}
RESULT: {"script":"<script> [21126 bytes]","args":[35000]}
COMMAND: POST /session/2eb25f1cbe9612d735ab0219d8fb520b/execute/async - {"script":"<script> [1562 bytes]","args":[{"selector":{"controlType":"sap.ui.core.Icon","viewName":"etm.portal.ui.managepartners.view.Master","viewId":"application-managepartners-display-component---masterPtm","properties":{"src":{"regex":{"source":"add"}}}},"wdio_ui5_key":"etmportal.ui.managepartners.view.Mastersap.ui.core.Icon{\"src\":{\"regex\":{\"source\":\"add\"}}}"}]}
RESULT: {"script":"<script> [1562 bytes]","args":[{"selector":{"controlType":"sap.ui.core.Icon","viewName":"etm.portal.ui.managepartners.view.Master","viewId":"application-managepartners-display-component---masterPtm","properties":{"src":{"regex":{"source":"add"}}}},"wdio_ui5_key":"etmportal.ui.managepartners.view.Mastersap.ui.core.Icon{\"src\":{\"regex\":{\"source\":\"add\"}}}"}]}
RESULT: undefined
COMMAND: POST /session/2eb25f1cbe9612d735ab0219d8fb520b/element - {"using":"xpath","value":"//*[@id=\"__button2-img\"]"}
RESULT: {"using":"xpath","value":"//*[@id=\"__button2-img\"]"}
COMMAND: POST /session/2eb25f1cbe9612d735ab0219d8fb520b/element/f.1920C544C16071EF810842AAA08EA988.d.7553289A7683DE0E6FF3E6152D7AAB62.e.1167/click - {}
RESULT: {}
COMMAND: GET /session/2eb25f1cbe9612d735ab0219d8fb520b/screenshot - {}
COMMAND: POST /session/2eb25f1cbe9612d735ab0219d8fb520b/execute/async - {"script":"<script> [1562 bytes]","args":[{"selector":{"controlType":"sap.m.Title","viewName":"etm.portal.ui.managepartners.view.NewPartner","viewId":"application-managepartners-display-component---NewPartner","i18NText":{"propertyName":"text","key":"newPartner"},"interaction":{"idSuffix":"inner"}},"wdio_ui5_key":"etmportal.ui.managepartners.view.NewPartnersap.m.Title{\"propertyName\":\"text\",\"key\":\"newPartner\"}"}]}
RESULT: {"script":"<script> [1562 bytes]","args":[{"selector":{"controlType":"sap.m.Title","viewName":"etm.portal.ui.managepartners.view.NewPartner","viewId":"application-managepartners-display-component---NewPartner","i18NText":{"propertyName":"text","key":"newPartner"},"interaction":{"idSuffix":"inner"}},"wdio_ui5_key":"etmportal.ui.managepartners.view.NewPartnersap.m.Title{\"propertyName\":\"text\",\"key\":\"newPartner\"}"}]}
RESULT: undefined
COMMAND: POST /session/2eb25f1cbe9612d735ab0219d8fb520b/execute/async - {"script":"<script> [6424 bytes]","args":[{"element-6066-11e4-a52e-4f735466cecf":"f.1920C544C16071EF810842AAA08EA988.d.7553289A7683DE0E6FF3E6152D7AAB62.e.1570"},"getText",[]]}
RESULT: {}
RESULT: {"script":"<script> [6424 bytes]","args":[{"element-6066-11e4-a52e-4f735466cecf":"f.1920C544C16071EF810842AAA08EA988.d.7553289A7683DE0E6FF3E6152D7AAB62.e.1570"},"getText",[]]}
COMMAND: POST /session/2eb25f1cbe9612d735ab0219d8fb520b/execute/async - {"script":"<script> [1562 bytes]","args":[{"selector":{"id":"application-managepartners-display-component---NewPartner--partnerId","interaction":{"idSuffix":"inner"}},"wdio_ui5_key":"applicationmanagepartners-display-component---NewPartner--partnerId"}]}
RESULT: {"script":"<script> [1562 bytes]","args":[{"selector":{"id":"application-managepartners-display-component---NewPartner--partnerId","interaction":{"idSuffix":"inner"}},"wdio_ui5_key":"applicationmanagepartners-display-component---NewPartner--partnerId"}]}
RESULT: undefined
COMMAND: POST /session/2eb25f1cbe9612d735ab0219d8fb520b/execute/async - {"script":"<script> [1562 bytes]","args":[{"selector":{"id":"application-managepartners-display-component---NewPartner--addressDetailDetailsName1","interaction":{"idSuffix":"inner"}},"wdio_ui5_key":"applicationmanagepartners-display-component---NewPartner--addressDetailDetailsName1"}]}
RESULT: {"script":"<script> [1562 bytes]","args":[{"selector":{"id":"application-managepartners-display-component---NewPartner--addressDetailDetailsName1","interaction":{"idSuffix":"inner"}},"wdio_ui5_key":"applicationmanagepartners-display-component---NewPartner--addressDetailDetailsName1"}]}
RESULT: undefined
COMMAND: POST /session/2eb25f1cbe9612d735ab0219d8fb520b/execute/async - {"script":"<script> [776 bytes]","args":[{"enterText":"WebdriverWHMPartnervfzjpf","selector":{"id":"application-managepartners-display-component---NewPartner--addressDetailDetailsName1","interaction":{"idSuffix":"inner"}},"clearTextFirst":true,"interactionType":"ENTER_TEXT"}]}
RESULT: {"script":"<script> [776 bytes]","args":[{"enterText":"WebdriverWHMPartnervfzjpf","selector":{"id":"application-managepartners-display-component---NewPartner--addressDetailDetailsName1","interaction":{"idSuffix":"inner"}},"clearTextFirst":true,"interactionType":"ENTER_TEXT"}]}
COMMAND: POST /session/2eb25f1cbe9612d735ab0219d8fb520b/execute/async - {"script":"<script> [1562 bytes]","args":[{"selector":{"id":"application-managepartners-display-component---NewPartner--addressDetailDetailsLanguage","interaction":{"idSuffix":"inner"}},"wdio_ui5_key":"applicationmanagepartners-display-component---NewPartner--addressDetailDetailsLanguage"}]}
RESULT: {"script":"<script> [1562 bytes]","args":[{"selector":{"id":"application-managepartners-display-component---NewPartner--addressDetailDetailsLanguage","interaction":{"idSuffix":"inner"}},"wdio_ui5_key":"applicationmanagepartners-display-component---NewPartner--addressDetailDetailsLanguage"}]}
RESULT: undefined
COMMAND: POST /session/2eb25f1cbe9612d735ab0219d8fb520b/execute/async - {"script":"<script> [776 bytes]","args":[{"enterText":"Romanian","selector":{"id":"application-managepartners-display-component---NewPartner--addressDetailDetailsLanguage","interaction":{"idSuffix":"inner"}},"clearTextFirst":true,"interactionType":"ENTER_TEXT"}]}
RESULT: {"script":"<script> [776 bytes]","args":[{"enterText":"Romanian","selector":{"id":"application-managepartners-display-component---NewPartner--addressDetailDetailsLanguage","interaction":{"idSuffix":"inner"}},"clearTextFirst":true,"interactionType":"ENTER_TEXT"}]}
COMMAND: POST /session/2eb25f1cbe9612d735ab0219d8fb520b/execute/async - {"script":"<script> [1562 bytes]","args":[{"selector":{"controlType":"sap.m.StandardListItem","viewName":"etm.portal.ui.managepartners.view.NewPartner","viewId":"application-managepartners-display-component---NewPartner","properties":{"type":"Active"},"searchOpenDialogs":true,"interaction":{"idSuffix":"content"}},"wdio_ui5_key":"etmportal.ui.managepartners.view.NewPartnersap.m.StandardListItem{\"type\":\"Active\"}"}]}
RESULT: {"script":"<script> [1562 bytes]","args":[{"selector":{"controlType":"sap.m.StandardListItem","viewName":"etm.portal.ui.managepartners.view.NewPartner","viewId":"application-managepartners-display-component---NewPartner","properties":{"type":"Active"},"searchOpenDialogs":true,"interaction":{"idSuffix":"content"}},"wdio_ui5_key":"etmportal.ui.managepartners.view.NewPartnersap.m.StandardListItem{\"type\":\"Active\"}"}]}
RESULT: undefined
COMMAND: POST /session/2eb25f1cbe9612d735ab0219d8fb520b/element - {"using":"xpath","value":"//*[@id=\"__item131\"]"}
RESULT: {"using":"xpath","value":"//*[@id=\"__item131\"]"}
COMMAND: POST /session/2eb25f1cbe9612d735ab0219d8fb520b/element/f.1920C544C16071EF810842AAA08EA988.d.7553289A7683DE0E6FF3E6152D7AAB62.e.1574/click - {}
RESULT: {}
COMMAND: POST /session/2eb25f1cbe9612d735ab0219d8fb520b/execute/async - {"script":"<script> [1562 bytes]","args":[{"selector":{"id":"application-managepartners-display-component---NewPartner--addressDetailDetailsCity1","interaction":{"idSuffix":"inner"}},"wdio_ui5_key":"applicationmanagepartners-display-component---NewPartner--addressDetailDetailsCity1"}]}
COMMAND: GET /session/2eb25f1cbe9612d735ab0219d8fb520b/screenshot - {}
RESULT: {"script":"<script> [1562 bytes]","args":[{"selector":{"id":"application-managepartners-display-component---NewPartner--addressDetailDetailsCity1","interaction":{"idSuffix":"inner"}},"wdio_ui5_key":"applicationmanagepartners-display-component---NewPartner--addressDetailDetailsCity1"}]}
RESULT: undefined
COMMAND: POST /session/2eb25f1cbe9612d735ab0219d8fb520b/execute/async - {"script":"<script> [776 bytes]","args":[{"enterText":"Cluj","selector":{"id":"application-managepartners-display-component---NewPartner--addressDetailDetailsCity1","interaction":{"idSuffix":"inner"}},"clearTextFirst":true,"interactionType":"ENTER_TEXT"}]}
RESULT: {}
RESULT: {"script":"<script> [776 bytes]","args":[{"enterText":"Cluj","selector":{"id":"application-managepartners-display-component---NewPartner--addressDetailDetailsCity1","interaction":{"idSuffix":"inner"}},"clearTextFirst":true,"interactionType":"ENTER_TEXT"}]}
COMMAND: POST /session/2eb25f1cbe9612d735ab0219d8fb520b/execute/async - {"script":"<script> [1562 bytes]","args":[{"selector":{"id":"application-managepartners-display-component---NewPartner--addressDetailDetailsCountry","interaction":{"idSuffix":"inner"}},"wdio_ui5_key":"applicationmanagepartners-display-component---NewPartner--addressDetailDetailsCountry"}]}
RESULT: {"script":"<script> [1562 bytes]","args":[{"selector":{"id":"application-managepartners-display-component---NewPartner--addressDetailDetailsCountry","interaction":{"idSuffix":"inner"}},"wdio_ui5_key":"applicationmanagepartners-display-component---NewPartner--addressDetailDetailsCountry"}]}
RESULT: undefined
COMMAND: POST /session/2eb25f1cbe9612d735ab0219d8fb520b/execute/async - {"script":"<script> [6424 bytes]","args":[{"element-6066-11e4-a52e-4f735466cecf":"f.1920C544C16071EF810842AAA08EA988.d.7553289A7683DE0E6FF3E6152D7AAB62.e.1388"},"setValue",["Romania"]]}
RESULT: {"script":"<script> [6424 bytes]","args":[{"element-6066-11e4-a52e-4f735466cecf":"f.1920C544C16071EF810842AAA08EA988.d.7553289A7683DE0E6FF3E6152D7AAB62.e.1388"},"setValue",["Romania"]]}
COMMAND: POST /session/2eb25f1cbe9612d735ab0219d8fb520b/execute/async - {"script":"<script> [1562 bytes]","args":[{"selector":{"id":"application-managepartners-display-component---NewPartner--partnerDetailInternal","interaction":{"idSuffix":"inner"}},"wdio_ui5_key":"applicationmanagepartners-display-component---NewPartner--partnerDetailInternal"}]}
RESULT: {"script":"<script> [1562 bytes]","args":[{"selector":{"id":"application-managepartners-display-component---NewPartner--partnerDetailInternal","interaction":{"idSuffix":"inner"}},"wdio_ui5_key":"applicationmanagepartners-display-component---NewPartner--partnerDetailInternal"}]}
RESULT: undefined
COMMAND: POST /session/2eb25f1cbe9612d735ab0219d8fb520b/execute/async - {"script":"<script> [776 bytes]","args":[{"enterText":"External partner","selector":{"id":"application-managepartners-display-component---NewPartner--partnerDetailInternal","interaction":{"idSuffix":"inner"}},"clearTextFirst":true,"interactionType":"ENTER_TEXT"}]}
RESULT: {"script":"<script> [776 bytes]","args":[{"enterText":"External partner","selector":{"id":"application-managepartners-display-component---NewPartner--partnerDetailInternal","interaction":{"idSuffix":"inner"}},"clearTextFirst":true,"interactionType":"ENTER_TEXT"}]}
COMMAND: POST /session/2eb25f1cbe9612d735ab0219d8fb520b/execute/async - {"script":"<script> [1562 bytes]","args":[{"selector":{"id":"application-managepartners-display-component---NewPartner--partnerDetailsCurrency","interaction":{"idSuffix":"inner"}},"wdio_ui5_key":"applicationmanagepartners-display-component---NewPartner--partnerDetailsCurrency"}]}
RESULT: {"script":"<script> [1562 bytes]","args":[{"selector":{"id":"application-managepartners-display-component---NewPartner--partnerDetailsCurrency","interaction":{"idSuffix":"inner"}},"wdio_ui5_key":"applicationmanagepartners-display-component---NewPartner--partnerDetailsCurrency"}]}
RESULT: undefined
COMMAND: POST /session/2eb25f1cbe9612d735ab0219d8fb520b/execute/async - {"script":"<script> [776 bytes]","args":[{"enterText":"Euro","selector":{"id":"application-managepartners-display-component---NewPartner--partnerDetailsCurrency","interaction":{"idSuffix":"inner"}},"clearTextFirst":true,"interactionType":"ENTER_TEXT"}]}
RESULT: {"script":"<script> [776 bytes]","args":[{"enterText":"Euro","selector":{"id":"application-managepartners-display-component---NewPartner--partnerDetailsCurrency","interaction":{"idSuffix":"inner"}},"clearTextFirst":true,"interactionType":"ENTER_TEXT"}]}
COMMAND: POST /session/2eb25f1cbe9612d735ab0219d8fb520b/execute/async - {"script":"<script> [1562 bytes]","args":[{"selector":{"controlType":"sap.m.Button","viewName":"etm.portal.ui.managepartners.view.NewPartner","viewId":"application-managepartners-display-component---NewPartner","properties":{"text":"Commercial"},"interaction":{"idSuffix":"BDI-content"}},"wdio_ui5_key":"etmportal.ui.managepartners.view.NewPartnersap.m.Button{\"text\":\"Commercial\"}"}]}
RESULT: {"script":"<script> [1562 bytes]","args":[{"selector":{"controlType":"sap.m.Button","viewName":"etm.portal.ui.managepartners.view.NewPartner","viewId":"application-managepartners-display-component---NewPartner","properties":{"text":"Commercial"},"interaction":{"idSuffix":"BDI-content"}},"wdio_ui5_key":"etmportal.ui.managepartners.view.NewPartnersap.m.Button{\"text\":\"Commercial\"}"}]}
RESULT: undefined
COMMAND: POST /session/2eb25f1cbe9612d735ab0219d8fb520b/element - {"using":"xpath","value":"//*[@id=\"application-managepartners-display-component---NewPartner--ObjectPageLayout-anchBar-__section5-anchor\"]"}
RESULT: {"using":"xpath","value":"//*[@id=\"application-managepartners-display-component---NewPartner--ObjectPageLayout-anchBar-__section5-anchor\"]"}
COMMAND: POST /session/2eb25f1cbe9612d735ab0219d8fb520b/element/f.1920C544C16071EF810842AAA08EA988.d.7553289A7683DE0E6FF3E6152D7AAB62.e.1580/click - {}
RESULT: {}
COMMAND: GET /session/2eb25f1cbe9612d735ab0219d8fb520b/screenshot - {}
RESULT: {}
COMMAND: POST /session/2eb25f1cbe9612d735ab0219d8fb520b/execute/async - {"script":"<script> [1562 bytes]","args":[{"selector":{"id":"application-managepartners-display-component---NewPartner--btnAddTableRow-img"},"wdio_ui5_key":"applicationmanagepartners-display-component---NewPartner--btnAddTableRow-img"}]}
RESULT: {"script":"<script> [1562 bytes]","args":[{"selector":{"id":"application-managepartners-display-component---NewPartner--btnAddTableRow-img"},"wdio_ui5_key":"applicationmanagepartners-display-component---NewPartner--btnAddTableRow-img"}]}
RESULT: undefined
COMMAND: POST /session/2eb25f1cbe9612d735ab0219d8fb520b/element - {"using":"xpath","value":"//*[@id=\"application-managepartners-display-component---NewPartner--btnAddTableRow-img\"]"}
RESULT: {"using":"xpath","value":"//*[@id=\"application-managepartners-display-component---NewPartner--btnAddTableRow-img\"]"}
COMMAND: POST /session/2eb25f1cbe9612d735ab0219d8fb520b/element/f.1920C544C16071EF810842AAA08EA988.d.7553289A7683DE0E6FF3E6152D7AAB62.e.1585/click - {}
RESULT: {}
COMMAND: POST /session/2eb25f1cbe9612d735ab0219d8fb520b/element - {"using":"xpath","value":"//input[contains(@id ,\"application-managepartners-display-component---NewPartner--assignmentYard-application-managepartners-display-component---NewPartner\")]"}
COMMAND: GET /session/2eb25f1cbe9612d735ab0219d8fb520b/screenshot - {}
RESULT: {"using":"xpath","value":"//input[contains(@id ,\"application-managepartners-display-component---NewPartner--assignmentYard-application-managepartners-display-component---NewPartner\")]"}
COMMAND: POST /session/2eb25f1cbe9612d735ab0219d8fb520b/elements - {"using":"xpath","value":"//input[contains(@id ,\"application-managepartners-display-component---NewPartner--assignmentYard-application-managepartners-display-component---NewPartner\")]"}
RESULT: {}
RESULT: {"using":"xpath","value":"//input[contains(@id ,\"application-managepartners-display-component---NewPartner--assignmentYard-application-managepartners-display-component---NewPartner\")]"}
COMMAND: POST /session/2eb25f1cbe9612d735ab0219d8fb520b/element/f.1920C544C16071EF810842AAA08EA988.d.7553289A7683DE0E6FF3E6152D7AAB62.e.1588/value - {"text":"228"}
RESULT: {"text":"228"}
COMMAND: GET /session/2eb25f1cbe9612d735ab0219d8fb520b/screenshot - {}
RESULT: {}
COMMAND: POST /session/2eb25f1cbe9612d735ab0219d8fb520b/actions - {"actions":[{"id":"action5","type":"key","parameters":{},"actions":[{"type":"keyDown","value":"î€‡"},{"type":"pause","duration":10},{"type":"keyUp","value":"î€‡"}]}]}
RESULT: {"actions":[{"id":"action5","type":"key","parameters":{},"actions":[{"type":"keyDown","value":"î€‡"},{"type":"pause","duration":10},{"type":"keyUp","value":"î€‡"}]}]}
COMMAND: POST /session/2eb25f1cbe9612d735ab0219d8fb520b/execute/async - {"script":"<script> [1562 bytes]","args":[{"selector":{"controlType":"sap.m.Button","viewName":"etm.portal.ui.managepartners.view.NewPartner","viewId":"application-managepartners-display-component---NewPartner","i18NText":{"propertyName":"text","key":"save"},"interaction":{"idSuffix":"BDI-content"}},"wdio_ui5_key":"etmportal.ui.managepartners.view.NewPartnersap.m.Button{\"propertyName\":\"text\",\"key\":\"save\"}"}]}
COMMAND: GET /session/2eb25f1cbe9612d735ab0219d8fb520b/screenshot - {}
RESULT: {"script":"<script> [1562 bytes]","args":[{"selector":{"controlType":"sap.m.Button","viewName":"etm.portal.ui.managepartners.view.NewPartner","viewId":"application-managepartners-display-component---NewPartner","i18NText":{"propertyName":"text","key":"save"},"interaction":{"idSuffix":"BDI-content"}},"wdio_ui5_key":"etmportal.ui.managepartners.view.NewPartnersap.m.Button{\"propertyName\":\"text\",\"key\":\"save\"}"}]}
RESULT: undefined
COMMAND: POST /session/2eb25f1cbe9612d735ab0219d8fb520b/element - {"using":"xpath","value":"//*[@id=\"__button10\"]"}
RESULT: {}
RESULT: {"using":"xpath","value":"//*[@id=\"__button10\"]"}
COMMAND: POST /session/2eb25f1cbe9612d735ab0219d8fb520b/element/f.1920C544C16071EF810842AAA08EA988.d.7553289A7683DE0E6FF3E6152D7AAB62.e.1549/click - {}
RESULT: {}
COMMAND: GET /session/2eb25f1cbe9612d735ab0219d8fb520b/screenshot - {}
RESULT: {}
COMMAND: POST /session/2eb25f1cbe9612d735ab0219d8fb520b/element - {"using":"xpath","value":"//header/div/div[2]/div[2]/span"}
RESULT: {"using":"xpath","value":"//header/div/div[2]/div[2]/span"}
COMMAND: POST /session/2eb25f1cbe9612d735ab0219d8fb520b/elements - {"using":"xpath","value":"//header/div/div[2]/div[2]/span"}
RESULT: {"using":"xpath","value":"//header/div/div[2]/div[2]/span"}
COMMAND: POST /session/2eb25f1cbe9612d735ab0219d8fb520b/execute/sync - {"script":"<script> [8489 bytes]","args":[{"element-6066-11e4-a52e-4f735466cecf":"f.1920C544C16071EF810842AAA08EA988.d.7553289A7683DE0E6FF3E6152D7AAB62.e.1740","ELEMENT":"f.1920C544C16071EF810842AAA08EA988.d.7553289A7683DE0E6FF3E6152D7AAB62.e.1740"}]}
RESULT: {"script":"<script> [8489 bytes]","args":[{"element-6066-11e4-a52e-4f735466cecf":"f.1920C544C16071EF810842AAA08EA988.d.7553289A7683DE0E6FF3E6152D7AAB62.e.1740","ELEMENT":"f.1920C544C16071EF810842AAA08EA988.d.7553289A7683DE0E6FF3E6152D7AAB62.e.1740"}]}
COMMAND: GET /session/2eb25f1cbe9612d735ab0219d8fb520b/element/f.1920C544C16071EF810842AAA08EA988.d.7553289A7683DE0E6FF3E6152D7AAB62.e.1740/text - {}
COMMAND: GET /session/2eb25f1cbe9612d735ab0219d8fb520b/screenshot - {}
RESULT: {}
COMMAND: POST /session/2eb25f1cbe9612d735ab0219d8fb520b/element - {"using":"xpath","value":"//header/div/div/div/div/div/div[2]/div/span"}
RESULT: {}
RESULT: {"using":"xpath","value":"//header/div/div/div/div/div/div[2]/div/span"}
COMMAND: POST /session/2eb25f1cbe9612d735ab0219d8fb520b/elements - {"using":"xpath","value":"//header/div/div/div/div/div/div[2]/div/span"}
RESULT: {"using":"xpath","value":"//header/div/div/div/div/div/div[2]/div/span"}
COMMAND: POST /session/2eb25f1cbe9612d735ab0219d8fb520b/execute/sync - {"script":"<script> [8489 bytes]","args":[{"element-6066-11e4-a52e-4f735466cecf":"f.1920C544C16071EF810842AAA08EA988.d.7553289A7683DE0E6FF3E6152D7AAB62.e.1741","ELEMENT":"f.1920C544C16071EF810842AAA08EA988.d.7553289A7683DE0E6FF3E6152D7AAB62.e.1741"}]}
RESULT: {"script":"<script> [8489 bytes]","args":[{"element-6066-11e4-a52e-4f735466cecf":"f.1920C544C16071EF810842AAA08EA988.d.7553289A7683DE0E6FF3E6152D7AAB62.e.1741","ELEMENT":"f.1920C544C16071EF810842AAA08EA988.d.7553289A7683DE0E6FF3E6152D7AAB62.e.1741"}]}
COMMAND: GET /session/2eb25f1cbe9612d735ab0219d8fb520b/element/f.1920C544C16071EF810842AAA08EA988.d.7553289A7683DE0E6FF3E6152D7AAB62.e.1741/text - {}
COMMAND: GET /session/2eb25f1cbe9612d735ab0219d8fb520b/screenshot - {}
RESULT: {}
]]></system-out>
    </testcase>
    <testcase classname="chrome.135_0_7049_96.windows.Stock_increase_-_with_WHM_US125587" name="Should create WHM site" time="96.038">
      <system-out><![CDATA[
COMMAND: POST /session/2eb25f1cbe9612d735ab0219d8fb520b/element - {"using":"css selector","value":"#shell-header-logo"}
RESULT: {}
RESULT: {"using":"css selector","value":"#shell-header-logo"}
COMMAND: POST /session/2eb25f1cbe9612d735ab0219d8fb520b/element/f.1920C544C16071EF810842AAA08EA988.d.7553289A7683DE0E6FF3E6152D7AAB62.e.1112/click - {}
RESULT: {}
COMMAND: GET /session/2eb25f1cbe9612d735ab0219d8fb520b/screenshot - {}
COMMAND: POST /session/2eb25f1cbe9612d735ab0219d8fb520b/execute/async - {"script":"<script> [1562 bytes]","args":[{"selector":{"controlType":"sap.m.GenericTile","properties":{"header":"Manage Sites"}},"wdio_ui5_key":"sapm.GenericTile{\"header\":\"Manage Sites\"}"}]}
RESULT: {}
RESULT: {"script":"<script> [1562 bytes]","args":[{"selector":{"controlType":"sap.m.GenericTile","properties":{"header":"Manage Sites"}},"wdio_ui5_key":"sapm.GenericTile{\"header\":\"Manage Sites\"}"}]}
RESULT: undefined
COMMAND: POST /session/2eb25f1cbe9612d735ab0219d8fb520b/element - {"using":"xpath","value":"//*[@id=\"__tile51\"]"}
RESULT: {"using":"xpath","value":"//*[@id=\"__tile51\"]"}
COMMAND: POST /session/2eb25f1cbe9612d735ab0219d8fb520b/element/f.1920C544C16071EF810842AAA08EA988.d.7553289A7683DE0E6FF3E6152D7AAB62.e.1757/click - {}
RESULT: {}
COMMAND: GET /session/2eb25f1cbe9612d735ab0219d8fb520b/screenshot - {}
RESULT: {}
COMMAND: POST /session/2eb25f1cbe9612d735ab0219d8fb520b/execute/async - {"script":"<script> [1562 bytes]","args":[{"selector":{"controlType":"sap.ui.core.Icon","viewName":"etm.portal.ui.managesites.view.Master","viewId":"application-managesites-display-component---masterSite","properties":{"src":{"regex":{"source":"add"}}}},"wdio_ui5_key":"etmportal.ui.managesites.view.Mastersap.ui.core.Icon{\"src\":{\"regex\":{\"source\":\"add\"}}}"}]}
RESULT: {"script":"<script> [1562 bytes]","args":[{"selector":{"controlType":"sap.ui.core.Icon","viewName":"etm.portal.ui.managesites.view.Master","viewId":"application-managesites-display-component---masterSite","properties":{"src":{"regex":{"source":"add"}}}},"wdio_ui5_key":"etmportal.ui.managesites.view.Mastersap.ui.core.Icon{\"src\":{\"regex\":{\"source\":\"add\"}}}"}]}
RESULT: undefined
COMMAND: POST /session/2eb25f1cbe9612d735ab0219d8fb520b/element - {"using":"xpath","value":"//*[@id=\"__button52-img\"]"}
RESULT: {"using":"xpath","value":"//*[@id=\"__button52-img\"]"}
COMMAND: POST /session/2eb25f1cbe9612d735ab0219d8fb520b/element/f.1920C544C16071EF810842AAA08EA988.d.7553289A7683DE0E6FF3E6152D7AAB62.e.1806/click - {}
RESULT: {}
COMMAND: GET /session/2eb25f1cbe9612d735ab0219d8fb520b/screenshot - {}
RESULT: {}
COMMAND: POST /session/2eb25f1cbe9612d735ab0219d8fb520b/execute/async - {"script":"<script> [1562 bytes]","args":[{"selector":{"id":"application-managesites-display-component---NewSite--siteId","interaction":{"idSuffix":"inner"}},"wdio_ui5_key":"applicationmanagesites-display-component---NewSite--siteId"}]}
RESULT: {"script":"<script> [1562 bytes]","args":[{"selector":{"id":"application-managesites-display-component---NewSite--siteId","interaction":{"idSuffix":"inner"}},"wdio_ui5_key":"applicationmanagesites-display-component---NewSite--siteId"}]}
RESULT: undefined
COMMAND: POST /session/2eb25f1cbe9612d735ab0219d8fb520b/execute/async - {"script":"<script> [1562 bytes]","args":[{"selector":{"controlType":"sap.m.Button","viewName":"etm.portal.ui.managesites.view.NewSmartSite","viewId":"application-managesites-display-component---NewSite","properties":{"text":"General Information"},"interaction":{"idSuffix":"BDI-content"}},"wdio_ui5_key":"etmportal.ui.managesites.view.NewSmartSitesap.m.Button{\"text\":\"General Information\"}"}]}
RESULT: {"script":"<script> [1562 bytes]","args":[{"selector":{"controlType":"sap.m.Button","viewName":"etm.portal.ui.managesites.view.NewSmartSite","viewId":"application-managesites-display-component---NewSite","properties":{"text":"General Information"},"interaction":{"idSuffix":"BDI-content"}},"wdio_ui5_key":"etmportal.ui.managesites.view.NewSmartSitesap.m.Button{\"text\":\"General Information\"}"}]}
RESULT: undefined
COMMAND: POST /session/2eb25f1cbe9612d735ab0219d8fb520b/element - {"using":"xpath","value":"//*[@id=\"application-managesites-display-component---NewSite--ObjectPageLayout-anchBar-__section29-anchor\"]"}
RESULT: {"using":"xpath","value":"//*[@id=\"application-managesites-display-component---NewSite--ObjectPageLayout-anchBar-__section29-anchor\"]"}
COMMAND: POST /session/2eb25f1cbe9612d735ab0219d8fb520b/element/f.1920C544C16071EF810842AAA08EA988.d.7553289A7683DE0E6FF3E6152D7AAB62.e.2394/click - {}
RESULT: {}
COMMAND: POST /session/2eb25f1cbe9612d735ab0219d8fb520b/execute/async - {"script":"<script> [1562 bytes]","args":[{"selector":{"id":"application-managesites-display-component---NewSite--addressDetailDetailsName1","interaction":{"idSuffix":"inner"}},"wdio_ui5_key":"applicationmanagesites-display-component---NewSite--addressDetailDetailsName1"}]}
COMMAND: GET /session/2eb25f1cbe9612d735ab0219d8fb520b/screenshot - {}
RESULT: {"script":"<script> [1562 bytes]","args":[{"selector":{"id":"application-managesites-display-component---NewSite--addressDetailDetailsName1","interaction":{"idSuffix":"inner"}},"wdio_ui5_key":"applicationmanagesites-display-component---NewSite--addressDetailDetailsName1"}]}
RESULT: undefined
COMMAND: POST /session/2eb25f1cbe9612d735ab0219d8fb520b/execute/async - {"script":"<script> [776 bytes]","args":[{"enterText":"WebdriverWHMSitevfzjpf","selector":{"id":"application-managesites-display-component---NewSite--addressDetailDetailsName1","interaction":{"idSuffix":"inner"}},"clearTextFirst":true,"interactionType":"ENTER_TEXT"}]}
RESULT: {}
RESULT: {"script":"<script> [776 bytes]","args":[{"enterText":"WebdriverWHMSitevfzjpf","selector":{"id":"application-managesites-display-component---NewSite--addressDetailDetailsName1","interaction":{"idSuffix":"inner"}},"clearTextFirst":true,"interactionType":"ENTER_TEXT"}]}
COMMAND: POST /session/2eb25f1cbe9612d735ab0219d8fb520b/execute/async - {"script":"<script> [1562 bytes]","args":[{"selector":{"id":"application-managesites-display-component---NewSite--addressDetailDetailsLanguage","interaction":{"idSuffix":"inner"}},"wdio_ui5_key":"applicationmanagesites-display-component---NewSite--addressDetailDetailsLanguage"}]}
RESULT: {"script":"<script> [1562 bytes]","args":[{"selector":{"id":"application-managesites-display-component---NewSite--addressDetailDetailsLanguage","interaction":{"idSuffix":"inner"}},"wdio_ui5_key":"applicationmanagesites-display-component---NewSite--addressDetailDetailsLanguage"}]}
RESULT: undefined
COMMAND: POST /session/2eb25f1cbe9612d735ab0219d8fb520b/execute/async - {"script":"<script> [776 bytes]","args":[{"enterText":"Romanian","selector":{"id":"application-managesites-display-component---NewSite--addressDetailDetailsLanguage","interaction":{"idSuffix":"inner"}},"clearTextFirst":true,"interactionType":"ENTER_TEXT"}]}
RESULT: {"script":"<script> [776 bytes]","args":[{"enterText":"Romanian","selector":{"id":"application-managesites-display-component---NewSite--addressDetailDetailsLanguage","interaction":{"idSuffix":"inner"}},"clearTextFirst":true,"interactionType":"ENTER_TEXT"}]}
COMMAND: POST /session/2eb25f1cbe9612d735ab0219d8fb520b/actions - {"actions":[{"id":"action6","type":"key","parameters":{},"actions":[{"type":"keyDown","value":"î€‡"},{"type":"pause","duration":10},{"type":"keyUp","value":"î€‡"}]}]}
RESULT: {"actions":[{"id":"action6","type":"key","parameters":{},"actions":[{"type":"keyDown","value":"î€‡"},{"type":"pause","duration":10},{"type":"keyUp","value":"î€‡"}]}]}
COMMAND: POST /session/2eb25f1cbe9612d735ab0219d8fb520b/execute/async - {"script":"<script> [1562 bytes]","args":[{"selector":{"id":"application-managesites-display-component---NewSite--addressDetailDetailsCity1","interaction":{"idSuffix":"inner"}},"wdio_ui5_key":"applicationmanagesites-display-component---NewSite--addressDetailDetailsCity1"}]}
COMMAND: GET /session/2eb25f1cbe9612d735ab0219d8fb520b/screenshot - {}
RESULT: {"script":"<script> [1562 bytes]","args":[{"selector":{"id":"application-managesites-display-component---NewSite--addressDetailDetailsCity1","interaction":{"idSuffix":"inner"}},"wdio_ui5_key":"applicationmanagesites-display-component---NewSite--addressDetailDetailsCity1"}]}
RESULT: undefined
COMMAND: POST /session/2eb25f1cbe9612d735ab0219d8fb520b/execute/async - {"script":"<script> [776 bytes]","args":[{"enterText":"Bucharest","selector":{"id":"application-managesites-display-component---NewSite--addressDetailDetailsCity1","interaction":{"idSuffix":"inner"}},"clearTextFirst":true,"interactionType":"ENTER_TEXT"}]}
RESULT: {}
RESULT: {"script":"<script> [776 bytes]","args":[{"enterText":"Bucharest","selector":{"id":"application-managesites-display-component---NewSite--addressDetailDetailsCity1","interaction":{"idSuffix":"inner"}},"clearTextFirst":true,"interactionType":"ENTER_TEXT"}]}
COMMAND: POST /session/2eb25f1cbe9612d735ab0219d8fb520b/actions - {"actions":[{"id":"action7","type":"key","parameters":{},"actions":[{"type":"keyDown","value":"î€‡"},{"type":"pause","duration":10},{"type":"keyUp","value":"î€‡"}]}]}
RESULT: {"actions":[{"id":"action7","type":"key","parameters":{},"actions":[{"type":"keyDown","value":"î€‡"},{"type":"pause","duration":10},{"type":"keyUp","value":"î€‡"}]}]}
COMMAND: POST /session/2eb25f1cbe9612d735ab0219d8fb520b/execute/async - {"script":"<script> [1562 bytes]","args":[{"selector":{"id":"application-managesites-display-component---NewSite--addressDetailDetailsCountry","interaction":{"idSuffix":"inner"}},"wdio_ui5_key":"applicationmanagesites-display-component---NewSite--addressDetailDetailsCountry"}]}
COMMAND: GET /session/2eb25f1cbe9612d735ab0219d8fb520b/screenshot - {}
RESULT: {"script":"<script> [1562 bytes]","args":[{"selector":{"id":"application-managesites-display-component---NewSite--addressDetailDetailsCountry","interaction":{"idSuffix":"inner"}},"wdio_ui5_key":"applicationmanagesites-display-component---NewSite--addressDetailDetailsCountry"}]}
RESULT: undefined
COMMAND: POST /session/2eb25f1cbe9612d735ab0219d8fb520b/execute/async - {"script":"<script> [6424 bytes]","args":[{"element-6066-11e4-a52e-4f735466cecf":"f.1920C544C16071EF810842AAA08EA988.d.7553289A7683DE0E6FF3E6152D7AAB62.e.2201"},"setValue",["Romania"]]}
RESULT: {}
RESULT: {"script":"<script> [6424 bytes]","args":[{"element-6066-11e4-a52e-4f735466cecf":"f.1920C544C16071EF810842AAA08EA988.d.7553289A7683DE0E6FF3E6152D7AAB62.e.2201"},"setValue",["Romania"]]}
COMMAND: POST /session/2eb25f1cbe9612d735ab0219d8fb520b/actions - {"actions":[{"id":"action8","type":"key","parameters":{},"actions":[{"type":"keyDown","value":"î€‡"},{"type":"pause","duration":10},{"type":"keyUp","value":"î€‡"}]}]}
RESULT: {"actions":[{"id":"action8","type":"key","parameters":{},"actions":[{"type":"keyDown","value":"î€‡"},{"type":"pause","duration":10},{"type":"keyUp","value":"î€‡"}]}]}
COMMAND: POST /session/2eb25f1cbe9612d735ab0219d8fb520b/execute/async - {"script":"<script> [1562 bytes]","args":[{"selector":{"id":"application-managesites-display-component---NewSite--addressDetailDetailsCalendar","interaction":{"idSuffix":"inner"}},"wdio_ui5_key":"applicationmanagesites-display-component---NewSite--addressDetailDetailsCalendar"}]}
COMMAND: GET /session/2eb25f1cbe9612d735ab0219d8fb520b/screenshot - {}
RESULT: {"script":"<script> [1562 bytes]","args":[{"selector":{"id":"application-managesites-display-component---NewSite--addressDetailDetailsCalendar","interaction":{"idSuffix":"inner"}},"wdio_ui5_key":"applicationmanagesites-display-component---NewSite--addressDetailDetailsCalendar"}]}
RESULT: undefined
COMMAND: POST /session/2eb25f1cbe9612d735ab0219d8fb520b/execute/async - {"script":"<script> [776 bytes]","args":[{"enterText":"Germany","selector":{"id":"application-managesites-display-component---NewSite--addressDetailDetailsCalendar","interaction":{"idSuffix":"inner"}},"clearTextFirst":true,"interactionType":"ENTER_TEXT"}]}
RESULT: {}
RESULT: {"script":"<script> [776 bytes]","args":[{"enterText":"Germany","selector":{"id":"application-managesites-display-component---NewSite--addressDetailDetailsCalendar","interaction":{"idSuffix":"inner"}},"clearTextFirst":true,"interactionType":"ENTER_TEXT"}]}
COMMAND: POST /session/2eb25f1cbe9612d735ab0219d8fb520b/actions - {"actions":[{"id":"action9","type":"key","parameters":{},"actions":[{"type":"keyDown","value":"î€‡"},{"type":"pause","duration":10},{"type":"keyUp","value":"î€‡"}]}]}
RESULT: {"actions":[{"id":"action9","type":"key","parameters":{},"actions":[{"type":"keyDown","value":"î€‡"},{"type":"pause","duration":10},{"type":"keyUp","value":"î€‡"}]}]}
COMMAND: POST /session/2eb25f1cbe9612d735ab0219d8fb520b/execute/async - {"script":"<script> [1562 bytes]","args":[{"selector":{"id":"application-managesites-display-component---NewSite--addressEditDetailsCostObjectCstType","interaction":{"idSuffix":"inner"}},"wdio_ui5_key":"applicationmanagesites-display-component---NewSite--addressEditDetailsCostObjectCstType"}]}
COMMAND: GET /session/2eb25f1cbe9612d735ab0219d8fb520b/screenshot - {}
RESULT: {"script":"<script> [1562 bytes]","args":[{"selector":{"id":"application-managesites-display-component---NewSite--addressEditDetailsCostObjectCstType","interaction":{"idSuffix":"inner"}},"wdio_ui5_key":"applicationmanagesites-display-component---NewSite--addressEditDetailsCostObjectCstType"}]}
RESULT: undefined
COMMAND: POST /session/2eb25f1cbe9612d735ab0219d8fb520b/execute/async - {"script":"<script> [776 bytes]","args":[{"enterText":"Cost","selector":{"id":"application-managesites-display-component---NewSite--addressEditDetailsCostObjectCstType","interaction":{"idSuffix":"inner"}},"clearTextFirst":true,"interactionType":"ENTER_TEXT"}]}
RESULT: {}
RESULT: {"script":"<script> [776 bytes]","args":[{"enterText":"Cost","selector":{"id":"application-managesites-display-component---NewSite--addressEditDetailsCostObjectCstType","interaction":{"idSuffix":"inner"}},"clearTextFirst":true,"interactionType":"ENTER_TEXT"}]}
COMMAND: POST /session/2eb25f1cbe9612d735ab0219d8fb520b/actions - {"actions":[{"id":"action10","type":"key","parameters":{},"actions":[{"type":"keyDown","value":"î€‡"},{"type":"pause","duration":10},{"type":"keyUp","value":"î€‡"}]}]}
RESULT: {"actions":[{"id":"action10","type":"key","parameters":{},"actions":[{"type":"keyDown","value":"î€‡"},{"type":"pause","duration":10},{"type":"keyUp","value":"î€‡"}]}]}
COMMAND: POST /session/2eb25f1cbe9612d735ab0219d8fb520b/execute/async - {"script":"<script> [1562 bytes]","args":[{"selector":{"id":"application-managesites-display-component---NewSite--addressNewCostObjectCstID","interaction":{"idSuffix":"inner"}},"wdio_ui5_key":"applicationmanagesites-display-component---NewSite--addressNewCostObjectCstID"}]}
COMMAND: GET /session/2eb25f1cbe9612d735ab0219d8fb520b/screenshot - {}
RESULT: {"script":"<script> [1562 bytes]","args":[{"selector":{"id":"application-managesites-display-component---NewSite--addressNewCostObjectCstID","interaction":{"idSuffix":"inner"}},"wdio_ui5_key":"applicationmanagesites-display-component---NewSite--addressNewCostObjectCstID"}]}
RESULT: undefined
COMMAND: POST /session/2eb25f1cbe9612d735ab0219d8fb520b/execute/async - {"script":"<script> [776 bytes]","args":[{"enterText":"1001","selector":{"id":"application-managesites-display-component---NewSite--addressNewCostObjectCstID","interaction":{"idSuffix":"inner"}},"clearTextFirst":true,"interactionType":"ENTER_TEXT"}]}
RESULT: {}
RESULT: {"script":"<script> [776 bytes]","args":[{"enterText":"1001","selector":{"id":"application-managesites-display-component---NewSite--addressNewCostObjectCstID","interaction":{"idSuffix":"inner"}},"clearTextFirst":true,"interactionType":"ENTER_TEXT"}]}
COMMAND: POST /session/2eb25f1cbe9612d735ab0219d8fb520b/actions - {"actions":[{"id":"action11","type":"key","parameters":{},"actions":[{"type":"keyDown","value":"î€‡"},{"type":"pause","duration":10},{"type":"keyUp","value":"î€‡"}]}]}
RESULT: {"actions":[{"id":"action11","type":"key","parameters":{},"actions":[{"type":"keyDown","value":"î€‡"},{"type":"pause","duration":10},{"type":"keyUp","value":"î€‡"}]}]}
COMMAND: POST /session/2eb25f1cbe9612d735ab0219d8fb520b/element - {"using":"xpath","value":"//input[@id=\"application-managesites-display-component---NewSite--addressDetailDetailsYard-inner\"]"}
COMMAND: GET /session/2eb25f1cbe9612d735ab0219d8fb520b/screenshot - {}
RESULT: {"using":"xpath","value":"//input[@id=\"application-managesites-display-component---NewSite--addressDetailDetailsYard-inner\"]"}
COMMAND: POST /session/2eb25f1cbe9612d735ab0219d8fb520b/element/f.1920C544C16071EF810842AAA08EA988.d.7553289A7683DE0E6FF3E6152D7AAB62.e.2212/value - {"text":"228"}
RESULT: {}
RESULT: {"text":"228"}
COMMAND: GET /session/2eb25f1cbe9612d735ab0219d8fb520b/screenshot - {}
RESULT: {}
COMMAND: POST /session/2eb25f1cbe9612d735ab0219d8fb520b/actions - {"actions":[{"id":"action12","type":"key","parameters":{},"actions":[{"type":"keyDown","value":"î€‡"},{"type":"pause","duration":10},{"type":"keyUp","value":"î€‡"}]}]}
RESULT: {"actions":[{"id":"action12","type":"key","parameters":{},"actions":[{"type":"keyDown","value":"î€‡"},{"type":"pause","duration":10},{"type":"keyUp","value":"î€‡"}]}]}
COMMAND: GET /session/2eb25f1cbe9612d735ab0219d8fb520b/screenshot - {}
RESULT: {}
COMMAND: POST /session/2eb25f1cbe9612d735ab0219d8fb520b/element - {"using":"xpath","value":"//input[@id=\"application-managesites-display-component---NewSite--addressDetailDetailsPartner-inner\"]"}
RESULT: {"using":"xpath","value":"//input[@id=\"application-managesites-display-component---NewSite--addressDetailDetailsPartner-inner\"]"}
COMMAND: POST /session/2eb25f1cbe9612d735ab0219d8fb520b/elements - {"using":"xpath","value":"//input[@id=\"application-managesites-display-component---NewSite--addressDetailDetailsPartner-inner\"]"}
RESULT: {"using":"xpath","value":"//input[@id=\"application-managesites-display-component---NewSite--addressDetailDetailsPartner-inner\"]"}
COMMAND: POST /session/2eb25f1cbe9612d735ab0219d8fb520b/execute/async - {"script":"<script> [1562 bytes]","args":[{"selector":{"controlType":"sap.m.Button","viewName":"etm.portal.ui.managesites.view.NewSmartSite","viewId":"application-managesites-display-component---NewSite","properties":{"text":"Commercial"},"interaction":{"idSuffix":"BDI-content"}},"wdio_ui5_key":"etmportal.ui.managesites.view.NewSmartSitesap.m.Button{\"text\":\"Commercial\"}"}]}
RESULT: {"script":"<script> [1562 bytes]","args":[{"selector":{"controlType":"sap.m.Button","viewName":"etm.portal.ui.managesites.view.NewSmartSite","viewId":"application-managesites-display-component---NewSite","properties":{"text":"Commercial"},"interaction":{"idSuffix":"BDI-content"}},"wdio_ui5_key":"etmportal.ui.managesites.view.NewSmartSitesap.m.Button{\"text\":\"Commercial\"}"}]}
RESULT: undefined
COMMAND: POST /session/2eb25f1cbe9612d735ab0219d8fb520b/element - {"using":"xpath","value":"//*[@id=\"application-managesites-display-component---NewSite--ObjectPageLayout-anchBar-__section31-anchor\"]"}
RESULT: {"using":"xpath","value":"//*[@id=\"application-managesites-display-component---NewSite--ObjectPageLayout-anchBar-__section31-anchor\"]"}
COMMAND: POST /session/2eb25f1cbe9612d735ab0219d8fb520b/element/f.1920C544C16071EF810842AAA08EA988.d.7553289A7683DE0E6FF3E6152D7AAB62.e.2406/click - {}
RESULT: {}
COMMAND: POST /session/2eb25f1cbe9612d735ab0219d8fb520b/execute/async - {"script":"<script> [1562 bytes]","args":[{"selector":{"id":"application-managesites-display-component---NewSite--siteWhmCheckBox-label","interaction":{"idSuffix":"bdi"}},"wdio_ui5_key":"applicationmanagesites-display-component---NewSite--siteWhmCheckBox-label"}]}
COMMAND: GET /session/2eb25f1cbe9612d735ab0219d8fb520b/screenshot - {}
RESULT: {"script":"<script> [1562 bytes]","args":[{"selector":{"id":"application-managesites-display-component---NewSite--siteWhmCheckBox-label","interaction":{"idSuffix":"bdi"}},"wdio_ui5_key":"applicationmanagesites-display-component---NewSite--siteWhmCheckBox-label"}]}
RESULT: undefined
COMMAND: POST /session/2eb25f1cbe9612d735ab0219d8fb520b/element - {"using":"xpath","value":"//*[@id=\"application-managesites-display-component---NewSite--siteWhmCheckBox-label\"]"}
RESULT: {}
RESULT: {"using":"xpath","value":"//*[@id=\"application-managesites-display-component---NewSite--siteWhmCheckBox-label\"]"}
COMMAND: POST /session/2eb25f1cbe9612d735ab0219d8fb520b/element/f.1920C544C16071EF810842AAA08EA988.d.7553289A7683DE0E6FF3E6152D7AAB62.e.2416/click - {}
RESULT: {}
COMMAND: POST /session/2eb25f1cbe9612d735ab0219d8fb520b/execute/async - {"script":"<script> [1562 bytes]","args":[{"selector":{"controlType":"sap.m.Button","viewName":"etm.portal.ui.managesites.view.NewSmartSite","viewId":"application-managesites-display-component---NewSite","i18NText":{"propertyName":"text","key":"save"},"interaction":{"idSuffix":"BDI-content"}},"wdio_ui5_key":"etmportal.ui.managesites.view.NewSmartSitesap.m.Button{\"propertyName\":\"text\",\"key\":\"save\"}"}]}
COMMAND: GET /session/2eb25f1cbe9612d735ab0219d8fb520b/screenshot - {}
RESULT: {"script":"<script> [1562 bytes]","args":[{"selector":{"controlType":"sap.m.Button","viewName":"etm.portal.ui.managesites.view.NewSmartSite","viewId":"application-managesites-display-component---NewSite","i18NText":{"propertyName":"text","key":"save"},"interaction":{"idSuffix":"BDI-content"}},"wdio_ui5_key":"etmportal.ui.managesites.view.NewSmartSitesap.m.Button{\"propertyName\":\"text\",\"key\":\"save\"}"}]}
RESULT: undefined
COMMAND: POST /session/2eb25f1cbe9612d735ab0219d8fb520b/element - {"using":"xpath","value":"//*[@id=\"__button64\"]"}
RESULT: {}
RESULT: {"using":"xpath","value":"//*[@id=\"__button64\"]"}
COMMAND: POST /session/2eb25f1cbe9612d735ab0219d8fb520b/element/f.1920C544C16071EF810842AAA08EA988.d.7553289A7683DE0E6FF3E6152D7AAB62.e.2373/click - {}
RESULT: {}
COMMAND: GET /session/2eb25f1cbe9612d735ab0219d8fb520b/screenshot - {}
RESULT: {}
COMMAND: POST /session/2eb25f1cbe9612d735ab0219d8fb520b/element - {"using":"xpath","value":"//header/div/div[2]/div[2]/span"}
RESULT: {"using":"xpath","value":"//header/div/div[2]/div[2]/span"}
COMMAND: GET /session/2eb25f1cbe9612d735ab0219d8fb520b/element/f.1920C544C16071EF810842AAA08EA988.d.7553289A7683DE0E6FF3E6152D7AAB62.e.2605/text - {}
RESULT: {}
COMMAND: POST /session/2eb25f1cbe9612d735ab0219d8fb520b/execute/async - {"script":"<script> [1562 bytes]","args":[{"selector":{"id":"application-managesites-display-component---detailSite--addressDetailDetailsYardText"},"wdio_ui5_key":"applicationmanagesites-display-component---detailSite--addressDetailDetailsYardText"}]}
RESULT: {"script":"<script> [1562 bytes]","args":[{"selector":{"id":"application-managesites-display-component---detailSite--addressDetailDetailsYardText"},"wdio_ui5_key":"applicationmanagesites-display-component---detailSite--addressDetailDetailsYardText"}]}
RESULT: undefined
COMMAND: POST /session/2eb25f1cbe9612d735ab0219d8fb520b/execute/async - {"script":"<script> [1562 bytes]","args":[{"selector":{"controlType":"sap.m.Label","viewName":"etm.portal.ui.managesites.view.Detail","viewId":"application-managesites-display-component---detailSite","i18NText":{"propertyName":"text","key":"status"}},"wdio_ui5_key":"etmportal.ui.managesites.view.Detailsap.m.Label{\"propertyName\":\"text\",\"key\":\"status\"}"}]}
RESULT: {"script":"<script> [1562 bytes]","args":[{"selector":{"controlType":"sap.m.Label","viewName":"etm.portal.ui.managesites.view.Detail","viewId":"application-managesites-display-component---detailSite","i18NText":{"propertyName":"text","key":"status"}},"wdio_ui5_key":"etmportal.ui.managesites.view.Detailsap.m.Label{\"propertyName\":\"text\",\"key\":\"status\"}"}]}
RESULT: undefined
COMMAND: POST /session/2eb25f1cbe9612d735ab0219d8fb520b/execute/async - {"script":"<script> [6424 bytes]","args":[{"element-6066-11e4-a52e-4f735466cecf":"f.1920C544C16071EF810842AAA08EA988.d.7553289A7683DE0E6FF3E6152D7AAB62.e.2593"},"getText",[]]}
RESULT: {"script":"<script> [6424 bytes]","args":[{"element-6066-11e4-a52e-4f735466cecf":"f.1920C544C16071EF810842AAA08EA988.d.7553289A7683DE0E6FF3E6152D7AAB62.e.2593"},"getText",[]]}
COMMAND: POST /session/2eb25f1cbe9612d735ab0219d8fb520b/execute/async - {"script":"<script> [1562 bytes]","args":[{"selector":{"id":"shell-header","interaction":{"idSuffix":"icon"}},"wdio_ui5_key":"shellheader"}]}
RESULT: {"script":"<script> [1562 bytes]","args":[{"selector":{"id":"shell-header","interaction":{"idSuffix":"icon"}},"wdio_ui5_key":"shellheader"}]}
RESULT: undefined
COMMAND: POST /session/2eb25f1cbe9612d735ab0219d8fb520b/element - {"using":"xpath","value":"//*[@id=\"shell-header\"]"}
RESULT: {"using":"xpath","value":"//*[@id=\"shell-header\"]"}
COMMAND: POST /session/2eb25f1cbe9612d735ab0219d8fb520b/element/f.1920C544C16071EF810842AAA08EA988.d.7553289A7683DE0E6FF3E6152D7AAB62.e.2606/click - {}
RESULT: {}
]]></system-out>
    </testcase>
    <testcase classname="chrome.135_0_7049_96.windows.Stock_increase_-_with_WHM_US125587" name="Create WHM material" time="239.171">
      <system-out><![CDATA[
COMMAND: POST /session/2eb25f1cbe9612d735ab0219d8fb520b/element - {"using":"css selector","value":"#shell-header-logo"}
COMMAND: GET /session/2eb25f1cbe9612d735ab0219d8fb520b/screenshot - {}
RESULT: {"using":"css selector","value":"#shell-header-logo"}
COMMAND: POST /session/2eb25f1cbe9612d735ab0219d8fb520b/element/f.1920C544C16071EF810842AAA08EA988.d.7553289A7683DE0E6FF3E6152D7AAB62.e.1762/click - {}
RESULT: {}
RESULT: {}
COMMAND: GET /session/2eb25f1cbe9612d735ab0219d8fb520b/screenshot - {}
RESULT: {}
COMMAND: POST /session/2eb25f1cbe9612d735ab0219d8fb520b/execute/async - {"script":"<script> [1562 bytes]","args":[{"selector":{"controlType":"sap.m.GenericTile","properties":{"header":"Manage Resources"}},"wdio_ui5_key":"sapm.GenericTile{\"header\":\"Manage Resources\"}"}]}
RESULT: {"script":"<script> [1562 bytes]","args":[{"selector":{"controlType":"sap.m.GenericTile","properties":{"header":"Manage Resources"}},"wdio_ui5_key":"sapm.GenericTile{\"header\":\"Manage Resources\"}"}]}
RESULT: undefined
COMMAND: POST /session/2eb25f1cbe9612d735ab0219d8fb520b/element - {"using":"xpath","value":"//*[@id=\"__tile50\"]"}
RESULT: {"using":"xpath","value":"//*[@id=\"__tile50\"]"}
COMMAND: POST /session/2eb25f1cbe9612d735ab0219d8fb520b/element/f.1920C544C16071EF810842AAA08EA988.d.7553289A7683DE0E6FF3E6152D7AAB62.e.2611/click - {}
RESULT: {}
COMMAND: GET /session/2eb25f1cbe9612d735ab0219d8fb520b/screenshot - {}
RESULT: {}
COMMAND: POST /session/2eb25f1cbe9612d735ab0219d8fb520b/element - {"using":"xpath","value":"//button[@data-kt=\"addNewRUOverflowToolbarButton\"]"}
RESULT: {"using":"xpath","value":"//button[@data-kt=\"addNewRUOverflowToolbarButton\"]"}
COMMAND: POST /session/2eb25f1cbe9612d735ab0219d8fb520b/element - {"using":"xpath","value":"//button[@data-kt=\"addNewRUOverflowToolbarButton\"]"}
RESULT: {"using":"xpath","value":"//button[@data-kt=\"addNewRUOverflowToolbarButton\"]"}
COMMAND: POST /session/2eb25f1cbe9612d735ab0219d8fb520b/element - {"using":"xpath","value":"//button[@data-kt=\"addNewRUOverflowToolbarButton\"]"}
RESULT: {"using":"xpath","value":"//button[@data-kt=\"addNewRUOverflowToolbarButton\"]"}
COMMAND: POST /session/2eb25f1cbe9612d735ab0219d8fb520b/execute/sync - {"script":"<script> [8489 bytes]","args":[{"element-6066-11e4-a52e-4f735466cecf":"f.1920C544C16071EF810842AAA08EA988.d.7553289A7683DE0E6FF3E6152D7AAB62.e.2643","ELEMENT":"f.1920C544C16071EF810842AAA08EA988.d.7553289A7683DE0E6FF3E6152D7AAB62.e.2643"}]}
RESULT: {"script":"<script> [8489 bytes]","args":[{"element-6066-11e4-a52e-4f735466cecf":"f.1920C544C16071EF810842AAA08EA988.d.7553289A7683DE0E6FF3E6152D7AAB62.e.2643","ELEMENT":"f.1920C544C16071EF810842AAA08EA988.d.7553289A7683DE0E6FF3E6152D7AAB62.e.2643"}]}
COMMAND: POST /session/2eb25f1cbe9612d735ab0219d8fb520b/element/f.1920C544C16071EF810842AAA08EA988.d.7553289A7683DE0E6FF3E6152D7AAB62.e.2643/click - {}
COMMAND: GET /session/2eb25f1cbe9612d735ab0219d8fb520b/screenshot - {}
RESULT: {}
COMMAND: GET /session/2eb25f1cbe9612d735ab0219d8fb520b/screenshot - {}
RESULT: {}
RESULT: {}
COMMAND: POST /session/2eb25f1cbe9612d735ab0219d8fb520b/execute/async - {"script":"<script> [1562 bytes]","args":[{"selector":{"controlType":"sap.m.ComboBox","viewName":"reusables.view.manageresources.NewResourceUnit","viewId":"application-manageresources-display-component---newResourceUnit","bindingPath":{"path":"","propertyPath":"/RuTypes","modelName":"catalogModel"},"searchOpenDialogs":true},"wdio_ui5_key":"reusablesview.manageresources.NewResourceUnitsap.m.ComboBox{\"path\":\"\",\"propertyPath\":\"/RuTypes\",\"modelName\":\"catalogModel\"}"}]}
RESULT: {"script":"<script> [1562 bytes]","args":[{"selector":{"controlType":"sap.m.ComboBox","viewName":"reusables.view.manageresources.NewResourceUnit","viewId":"application-manageresources-display-component---newResourceUnit","bindingPath":{"path":"","propertyPath":"/RuTypes","modelName":"catalogModel"},"searchOpenDialogs":true},"wdio_ui5_key":"reusablesview.manageresources.NewResourceUnitsap.m.ComboBox{\"path\":\"\",\"propertyPath\":\"/RuTypes\",\"modelName\":\"catalogModel\"}"}]}
RESULT: undefined
COMMAND: POST /session/2eb25f1cbe9612d735ab0219d8fb520b/execute/async - {"script":"<script> [1562 bytes]","args":[{"selector":{"controlType":"sap.m.ComboBox","viewName":"reusables.view.manageresources.NewResourceUnit","viewId":"application-manageresources-display-component---newResourceUnit","bindingPath":{"path":"","propertyPath":"/Yards","modelName":"catalogModel"},"searchOpenDialogs":true},"wdio_ui5_key":"reusablesview.manageresources.NewResourceUnitsap.m.ComboBox{\"path\":\"\",\"propertyPath\":\"/Yards\",\"modelName\":\"catalogModel\"}"}]}
RESULT: {"script":"<script> [1562 bytes]","args":[{"selector":{"controlType":"sap.m.ComboBox","viewName":"reusables.view.manageresources.NewResourceUnit","viewId":"application-manageresources-display-component---newResourceUnit","bindingPath":{"path":"","propertyPath":"/Yards","modelName":"catalogModel"},"searchOpenDialogs":true},"wdio_ui5_key":"reusablesview.manageresources.NewResourceUnitsap.m.ComboBox{\"path\":\"\",\"propertyPath\":\"/Yards\",\"modelName\":\"catalogModel\"}"}]}
RESULT: undefined
COMMAND: POST /session/2eb25f1cbe9612d735ab0219d8fb520b/execute/async - {"script":"<script> [1562 bytes]","args":[{"selector":{"controlType":"etm.portal.ui.reusables.customControls.LiveSearchComboBox","viewName":"reusables.view.manageresources.NewResourceUnit","viewId":"application-manageresources-display-component---newResourceUnit","bindingPath":{"path":"","propertyPath":"/CatalogItems","modelName":"catalogModel"},"searchOpenDialogs":true},"wdio_ui5_key":"reusablesview.manageresources.NewResourceUnitetm.portal.ui.reusables.customControls.LiveSearchComboBox{\"path\":\"\",\"propertyPath\":\"/CatalogItems\",\"modelName\":\"catalogModel\"}"}]}
RESULT: {"script":"<script> [1562 bytes]","args":[{"selector":{"controlType":"etm.portal.ui.reusables.customControls.LiveSearchComboBox","viewName":"reusables.view.manageresources.NewResourceUnit","viewId":"application-manageresources-display-component---newResourceUnit","bindingPath":{"path":"","propertyPath":"/CatalogItems","modelName":"catalogModel"},"searchOpenDialogs":true},"wdio_ui5_key":"reusablesview.manageresources.NewResourceUnitetm.portal.ui.reusables.customControls.LiveSearchComboBox{\"path\":\"\",\"propertyPath\":\"/CatalogItems\",\"modelName\":\"catalogModel\"}"}]}
RESULT: undefined
COMMAND: POST /session/2eb25f1cbe9612d735ab0219d8fb520b/element - {"using":"xpath","value":"//bdi[text()=\"OK\"]"}
RESULT: {"using":"xpath","value":"//bdi[text()=\"OK\"]"}
COMMAND: POST /session/2eb25f1cbe9612d735ab0219d8fb520b/elements - {"using":"xpath","value":"//bdi[text()=\"OK\"]"}
RESULT: {"using":"xpath","value":"//bdi[text()=\"OK\"]"}
COMMAND: POST /session/2eb25f1cbe9612d735ab0219d8fb520b/elements - {"using":"xpath","value":"//bdi[text()=\"OK\"]"}
RESULT: {"using":"xpath","value":"//bdi[text()=\"OK\"]"}
COMMAND: POST /session/2eb25f1cbe9612d735ab0219d8fb520b/elements - {"using":"xpath","value":"//bdi[text()=\"OK\"]"}
RESULT: {"using":"xpath","value":"//bdi[text()=\"OK\"]"}
COMMAND: POST /session/2eb25f1cbe9612d735ab0219d8fb520b/elements - {"using":"xpath","value":"//bdi[text()=\"OK\"]"}
RESULT: {"using":"xpath","value":"//bdi[text()=\"OK\"]"}
COMMAND: POST /session/2eb25f1cbe9612d735ab0219d8fb520b/elements - {"using":"xpath","value":"//bdi[text()=\"OK\"]"}
RESULT: {"using":"xpath","value":"//bdi[text()=\"OK\"]"}
COMMAND: POST /session/2eb25f1cbe9612d735ab0219d8fb520b/elements - {"using":"xpath","value":"//bdi[text()=\"OK\"]"}
RESULT: {"using":"xpath","value":"//bdi[text()=\"OK\"]"}
COMMAND: POST /session/2eb25f1cbe9612d735ab0219d8fb520b/elements - {"using":"xpath","value":"//bdi[text()=\"OK\"]"}
RESULT: {"using":"xpath","value":"//bdi[text()=\"OK\"]"}
COMMAND: POST /session/2eb25f1cbe9612d735ab0219d8fb520b/elements - {"using":"xpath","value":"//bdi[text()=\"OK\"]"}
RESULT: {"using":"xpath","value":"//bdi[text()=\"OK\"]"}
COMMAND: POST /session/2eb25f1cbe9612d735ab0219d8fb520b/elements - {"using":"xpath","value":"//bdi[text()=\"OK\"]"}
RESULT: {"using":"xpath","value":"//bdi[text()=\"OK\"]"}
COMMAND: POST /session/2eb25f1cbe9612d735ab0219d8fb520b/elements - {"using":"xpath","value":"//bdi[text()=\"OK\"]"}
RESULT: {"using":"xpath","value":"//bdi[text()=\"OK\"]"}
COMMAND: POST /session/2eb25f1cbe9612d735ab0219d8fb520b/elements - {"using":"xpath","value":"//bdi[text()=\"OK\"]"}
RESULT: {"using":"xpath","value":"//bdi[text()=\"OK\"]"}
COMMAND: POST /session/2eb25f1cbe9612d735ab0219d8fb520b/elements - {"using":"xpath","value":"//bdi[text()=\"OK\"]"}
RESULT: {"using":"xpath","value":"//bdi[text()=\"OK\"]"}
COMMAND: POST /session/2eb25f1cbe9612d735ab0219d8fb520b/elements - {"using":"xpath","value":"//bdi[text()=\"OK\"]"}
RESULT: {"using":"xpath","value":"//bdi[text()=\"OK\"]"}
COMMAND: POST /session/2eb25f1cbe9612d735ab0219d8fb520b/elements - {"using":"xpath","value":"//bdi[text()=\"OK\"]"}
RESULT: {"using":"xpath","value":"//bdi[text()=\"OK\"]"}
COMMAND: POST /session/2eb25f1cbe9612d735ab0219d8fb520b/elements - {"using":"xpath","value":"//bdi[text()=\"OK\"]"}
RESULT: {"using":"xpath","value":"//bdi[text()=\"OK\"]"}
COMMAND: POST /session/2eb25f1cbe9612d735ab0219d8fb520b/elements - {"using":"xpath","value":"//bdi[text()=\"OK\"]"}
RESULT: {"using":"xpath","value":"//bdi[text()=\"OK\"]"}
COMMAND: POST /session/2eb25f1cbe9612d735ab0219d8fb520b/elements - {"using":"xpath","value":"//bdi[text()=\"OK\"]"}
RESULT: {"using":"xpath","value":"//bdi[text()=\"OK\"]"}
COMMAND: POST /session/2eb25f1cbe9612d735ab0219d8fb520b/elements - {"using":"xpath","value":"//bdi[text()=\"OK\"]"}
RESULT: {"using":"xpath","value":"//bdi[text()=\"OK\"]"}
COMMAND: POST /session/2eb25f1cbe9612d735ab0219d8fb520b/elements - {"using":"xpath","value":"//bdi[text()=\"OK\"]"}
RESULT: {"using":"xpath","value":"//bdi[text()=\"OK\"]"}
COMMAND: POST /session/2eb25f1cbe9612d735ab0219d8fb520b/elements - {"using":"xpath","value":"//bdi[text()=\"OK\"]"}
RESULT: {"using":"xpath","value":"//bdi[text()=\"OK\"]"}
COMMAND: POST /session/2eb25f1cbe9612d735ab0219d8fb520b/elements - {"using":"xpath","value":"//bdi[text()=\"OK\"]"}
RESULT: {"using":"xpath","value":"//bdi[text()=\"OK\"]"}
COMMAND: POST /session/2eb25f1cbe9612d735ab0219d8fb520b/elements - {"using":"xpath","value":"//bdi[text()=\"OK\"]"}
RESULT: {"using":"xpath","value":"//bdi[text()=\"OK\"]"}
COMMAND: POST /session/2eb25f1cbe9612d735ab0219d8fb520b/elements - {"using":"xpath","value":"//bdi[text()=\"OK\"]"}
RESULT: {"using":"xpath","value":"//bdi[text()=\"OK\"]"}
COMMAND: POST /session/2eb25f1cbe9612d735ab0219d8fb520b/elements - {"using":"xpath","value":"//bdi[text()=\"OK\"]"}
RESULT: {"using":"xpath","value":"//bdi[text()=\"OK\"]"}
COMMAND: POST /session/2eb25f1cbe9612d735ab0219d8fb520b/elements - {"using":"xpath","value":"//bdi[text()=\"OK\"]"}
RESULT: {"using":"xpath","value":"//bdi[text()=\"OK\"]"}
COMMAND: POST /session/2eb25f1cbe9612d735ab0219d8fb520b/elements - {"using":"xpath","value":"//bdi[text()=\"OK\"]"}
RESULT: {"using":"xpath","value":"//bdi[text()=\"OK\"]"}
COMMAND: POST /session/2eb25f1cbe9612d735ab0219d8fb520b/elements - {"using":"xpath","value":"//bdi[text()=\"OK\"]"}
RESULT: {"using":"xpath","value":"//bdi[text()=\"OK\"]"}
COMMAND: POST /session/2eb25f1cbe9612d735ab0219d8fb520b/elements - {"using":"xpath","value":"//bdi[text()=\"OK\"]"}
RESULT: {"using":"xpath","value":"//bdi[text()=\"OK\"]"}
COMMAND: POST /session/2eb25f1cbe9612d735ab0219d8fb520b/elements - {"using":"xpath","value":"//bdi[text()=\"OK\"]"}
RESULT: {"using":"xpath","value":"//bdi[text()=\"OK\"]"}
COMMAND: POST /session/2eb25f1cbe9612d735ab0219d8fb520b/elements - {"using":"xpath","value":"//bdi[text()=\"OK\"]"}
RESULT: {"using":"xpath","value":"//bdi[text()=\"OK\"]"}
COMMAND: POST /session/2eb25f1cbe9612d735ab0219d8fb520b/elements - {"using":"xpath","value":"//bdi[text()=\"OK\"]"}
RESULT: {"using":"xpath","value":"//bdi[text()=\"OK\"]"}
COMMAND: POST /session/2eb25f1cbe9612d735ab0219d8fb520b/elements - {"using":"xpath","value":"//bdi[text()=\"OK\"]"}
RESULT: {"using":"xpath","value":"//bdi[text()=\"OK\"]"}
COMMAND: POST /session/2eb25f1cbe9612d735ab0219d8fb520b/elements - {"using":"xpath","value":"//bdi[text()=\"OK\"]"}
RESULT: {"using":"xpath","value":"//bdi[text()=\"OK\"]"}
COMMAND: POST /session/2eb25f1cbe9612d735ab0219d8fb520b/elements - {"using":"xpath","value":"//bdi[text()=\"OK\"]"}
RESULT: {"using":"xpath","value":"//bdi[text()=\"OK\"]"}
COMMAND: POST /session/2eb25f1cbe9612d735ab0219d8fb520b/elements - {"using":"xpath","value":"//bdi[text()=\"OK\"]"}
RESULT: {"using":"xpath","value":"//bdi[text()=\"OK\"]"}
COMMAND: POST /session/2eb25f1cbe9612d735ab0219d8fb520b/elements - {"using":"xpath","value":"//bdi[text()=\"OK\"]"}
RESULT: {"using":"xpath","value":"//bdi[text()=\"OK\"]"}
COMMAND: POST /session/2eb25f1cbe9612d735ab0219d8fb520b/elements - {"using":"xpath","value":"//bdi[text()=\"OK\"]"}
RESULT: {"using":"xpath","value":"//bdi[text()=\"OK\"]"}
COMMAND: POST /session/2eb25f1cbe9612d735ab0219d8fb520b/elements - {"using":"xpath","value":"//bdi[text()=\"OK\"]"}
RESULT: {"using":"xpath","value":"//bdi[text()=\"OK\"]"}
COMMAND: POST /session/2eb25f1cbe9612d735ab0219d8fb520b/elements - {"using":"xpath","value":"//bdi[text()=\"OK\"]"}
RESULT: {"using":"xpath","value":"//bdi[text()=\"OK\"]"}
COMMAND: POST /session/2eb25f1cbe9612d735ab0219d8fb520b/elements - {"using":"xpath","value":"//bdi[text()=\"OK\"]"}
RESULT: {"using":"xpath","value":"//bdi[text()=\"OK\"]"}
COMMAND: POST /session/2eb25f1cbe9612d735ab0219d8fb520b/elements - {"using":"xpath","value":"//bdi[text()=\"OK\"]"}
RESULT: {"using":"xpath","value":"//bdi[text()=\"OK\"]"}
COMMAND: POST /session/2eb25f1cbe9612d735ab0219d8fb520b/elements - {"using":"xpath","value":"//bdi[text()=\"OK\"]"}
RESULT: {"using":"xpath","value":"//bdi[text()=\"OK\"]"}
COMMAND: POST /session/2eb25f1cbe9612d735ab0219d8fb520b/elements - {"using":"xpath","value":"//bdi[text()=\"OK\"]"}
RESULT: {"using":"xpath","value":"//bdi[text()=\"OK\"]"}
COMMAND: POST /session/2eb25f1cbe9612d735ab0219d8fb520b/elements - {"using":"xpath","value":"//bdi[text()=\"OK\"]"}
RESULT: {"using":"xpath","value":"//bdi[text()=\"OK\"]"}
COMMAND: POST /session/2eb25f1cbe9612d735ab0219d8fb520b/elements - {"using":"xpath","value":"//bdi[text()=\"OK\"]"}
RESULT: {"using":"xpath","value":"//bdi[text()=\"OK\"]"}
COMMAND: POST /session/2eb25f1cbe9612d735ab0219d8fb520b/elements - {"using":"xpath","value":"//bdi[text()=\"OK\"]"}
RESULT: {"using":"xpath","value":"//bdi[text()=\"OK\"]"}
COMMAND: POST /session/2eb25f1cbe9612d735ab0219d8fb520b/elements - {"using":"xpath","value":"//bdi[text()=\"OK\"]"}
RESULT: {"using":"xpath","value":"//bdi[text()=\"OK\"]"}
COMMAND: POST /session/2eb25f1cbe9612d735ab0219d8fb520b/elements - {"using":"xpath","value":"//bdi[text()=\"OK\"]"}
RESULT: {"using":"xpath","value":"//bdi[text()=\"OK\"]"}
COMMAND: POST /session/2eb25f1cbe9612d735ab0219d8fb520b/elements - {"using":"xpath","value":"//bdi[text()=\"OK\"]"}
RESULT: {"using":"xpath","value":"//bdi[text()=\"OK\"]"}
COMMAND: POST /session/2eb25f1cbe9612d735ab0219d8fb520b/elements - {"using":"xpath","value":"//bdi[text()=\"OK\"]"}
RESULT: {"using":"xpath","value":"//bdi[text()=\"OK\"]"}
COMMAND: POST /session/2eb25f1cbe9612d735ab0219d8fb520b/elements - {"using":"xpath","value":"//bdi[text()=\"OK\"]"}
RESULT: {"using":"xpath","value":"//bdi[text()=\"OK\"]"}
COMMAND: POST /session/2eb25f1cbe9612d735ab0219d8fb520b/elements - {"using":"xpath","value":"//bdi[text()=\"OK\"]"}
RESULT: {"using":"xpath","value":"//bdi[text()=\"OK\"]"}
COMMAND: POST /session/2eb25f1cbe9612d735ab0219d8fb520b/elements - {"using":"xpath","value":"//bdi[text()=\"OK\"]"}
RESULT: {"using":"xpath","value":"//bdi[text()=\"OK\"]"}
COMMAND: POST /session/2eb25f1cbe9612d735ab0219d8fb520b/elements - {"using":"xpath","value":"//bdi[text()=\"OK\"]"}
RESULT: {"using":"xpath","value":"//bdi[text()=\"OK\"]"}
COMMAND: POST /session/2eb25f1cbe9612d735ab0219d8fb520b/elements - {"using":"xpath","value":"//bdi[text()=\"OK\"]"}
RESULT: {"using":"xpath","value":"//bdi[text()=\"OK\"]"}
COMMAND: POST /session/2eb25f1cbe9612d735ab0219d8fb520b/elements - {"using":"xpath","value":"//bdi[text()=\"OK\"]"}
RESULT: {"using":"xpath","value":"//bdi[text()=\"OK\"]"}
COMMAND: POST /session/2eb25f1cbe9612d735ab0219d8fb520b/elements - {"using":"xpath","value":"//bdi[text()=\"OK\"]"}
RESULT: {"using":"xpath","value":"//bdi[text()=\"OK\"]"}
COMMAND: POST /session/2eb25f1cbe9612d735ab0219d8fb520b/elements - {"using":"xpath","value":"//bdi[text()=\"OK\"]"}
RESULT: {"using":"xpath","value":"//bdi[text()=\"OK\"]"}
COMMAND: POST /session/2eb25f1cbe9612d735ab0219d8fb520b/elements - {"using":"xpath","value":"//bdi[text()=\"OK\"]"}
RESULT: {"using":"xpath","value":"//bdi[text()=\"OK\"]"}
COMMAND: POST /session/2eb25f1cbe9612d735ab0219d8fb520b/elements - {"using":"xpath","value":"//bdi[text()=\"OK\"]"}
RESULT: {"using":"xpath","value":"//bdi[text()=\"OK\"]"}
COMMAND: POST /session/2eb25f1cbe9612d735ab0219d8fb520b/elements - {"using":"xpath","value":"//bdi[text()=\"OK\"]"}
RESULT: {"using":"xpath","value":"//bdi[text()=\"OK\"]"}
COMMAND: POST /session/2eb25f1cbe9612d735ab0219d8fb520b/elements - {"using":"xpath","value":"//bdi[text()=\"OK\"]"}
RESULT: {"using":"xpath","value":"//bdi[text()=\"OK\"]"}
COMMAND: POST /session/2eb25f1cbe9612d735ab0219d8fb520b/elements - {"using":"xpath","value":"//bdi[text()=\"OK\"]"}
RESULT: {"using":"xpath","value":"//bdi[text()=\"OK\"]"}
COMMAND: POST /session/2eb25f1cbe9612d735ab0219d8fb520b/elements - {"using":"xpath","value":"//bdi[text()=\"OK\"]"}
RESULT: {"using":"xpath","value":"//bdi[text()=\"OK\"]"}
COMMAND: POST /session/2eb25f1cbe9612d735ab0219d8fb520b/elements - {"using":"xpath","value":"//bdi[text()=\"OK\"]"}
RESULT: {"using":"xpath","value":"//bdi[text()=\"OK\"]"}
COMMAND: POST /session/2eb25f1cbe9612d735ab0219d8fb520b/elements - {"using":"xpath","value":"//bdi[text()=\"OK\"]"}
RESULT: {"using":"xpath","value":"//bdi[text()=\"OK\"]"}
COMMAND: POST /session/2eb25f1cbe9612d735ab0219d8fb520b/elements - {"using":"xpath","value":"//bdi[text()=\"OK\"]"}
RESULT: {"using":"xpath","value":"//bdi[text()=\"OK\"]"}
COMMAND: POST /session/2eb25f1cbe9612d735ab0219d8fb520b/elements - {"using":"xpath","value":"//bdi[text()=\"OK\"]"}
RESULT: {"using":"xpath","value":"//bdi[text()=\"OK\"]"}
COMMAND: POST /session/2eb25f1cbe9612d735ab0219d8fb520b/elements - {"using":"xpath","value":"//bdi[text()=\"OK\"]"}
RESULT: {"using":"xpath","value":"//bdi[text()=\"OK\"]"}
COMMAND: POST /session/2eb25f1cbe9612d735ab0219d8fb520b/elements - {"using":"xpath","value":"//bdi[text()=\"OK\"]"}
RESULT: {"using":"xpath","value":"//bdi[text()=\"OK\"]"}
COMMAND: POST /session/2eb25f1cbe9612d735ab0219d8fb520b/elements - {"using":"xpath","value":"//bdi[text()=\"OK\"]"}
RESULT: {"using":"xpath","value":"//bdi[text()=\"OK\"]"}
COMMAND: POST /session/2eb25f1cbe9612d735ab0219d8fb520b/elements - {"using":"xpath","value":"//bdi[text()=\"OK\"]"}
RESULT: {"using":"xpath","value":"//bdi[text()=\"OK\"]"}
COMMAND: POST /session/2eb25f1cbe9612d735ab0219d8fb520b/elements - {"using":"xpath","value":"//bdi[text()=\"OK\"]"}
RESULT: {"using":"xpath","value":"//bdi[text()=\"OK\"]"}
COMMAND: POST /session/2eb25f1cbe9612d735ab0219d8fb520b/elements - {"using":"xpath","value":"//bdi[text()=\"OK\"]"}
RESULT: {"using":"xpath","value":"//bdi[text()=\"OK\"]"}
COMMAND: POST /session/2eb25f1cbe9612d735ab0219d8fb520b/elements - {"using":"xpath","value":"//bdi[text()=\"OK\"]"}
RESULT: {"using":"xpath","value":"//bdi[text()=\"OK\"]"}
COMMAND: POST /session/2eb25f1cbe9612d735ab0219d8fb520b/elements - {"using":"xpath","value":"//bdi[text()=\"OK\"]"}
RESULT: {"using":"xpath","value":"//bdi[text()=\"OK\"]"}
COMMAND: POST /session/2eb25f1cbe9612d735ab0219d8fb520b/elements - {"using":"xpath","value":"//bdi[text()=\"OK\"]"}
RESULT: {"using":"xpath","value":"//bdi[text()=\"OK\"]"}
COMMAND: POST /session/2eb25f1cbe9612d735ab0219d8fb520b/elements - {"using":"xpath","value":"//bdi[text()=\"OK\"]"}
RESULT: {"using":"xpath","value":"//bdi[text()=\"OK\"]"}
COMMAND: POST /session/2eb25f1cbe9612d735ab0219d8fb520b/elements - {"using":"xpath","value":"//bdi[text()=\"OK\"]"}
RESULT: {"using":"xpath","value":"//bdi[text()=\"OK\"]"}
COMMAND: POST /session/2eb25f1cbe9612d735ab0219d8fb520b/elements - {"using":"xpath","value":"//bdi[text()=\"OK\"]"}
RESULT: {"using":"xpath","value":"//bdi[text()=\"OK\"]"}
COMMAND: POST /session/2eb25f1cbe9612d735ab0219d8fb520b/elements - {"using":"xpath","value":"//bdi[text()=\"OK\"]"}
RESULT: {"using":"xpath","value":"//bdi[text()=\"OK\"]"}
COMMAND: POST /session/2eb25f1cbe9612d735ab0219d8fb520b/elements - {"using":"xpath","value":"//bdi[text()=\"OK\"]"}
RESULT: {"using":"xpath","value":"//bdi[text()=\"OK\"]"}
COMMAND: POST /session/2eb25f1cbe9612d735ab0219d8fb520b/elements - {"using":"xpath","value":"//bdi[text()=\"OK\"]"}
RESULT: {"using":"xpath","value":"//bdi[text()=\"OK\"]"}
COMMAND: POST /session/2eb25f1cbe9612d735ab0219d8fb520b/elements - {"using":"xpath","value":"//bdi[text()=\"OK\"]"}
RESULT: {"using":"xpath","value":"//bdi[text()=\"OK\"]"}
COMMAND: POST /session/2eb25f1cbe9612d735ab0219d8fb520b/elements - {"using":"xpath","value":"//bdi[text()=\"OK\"]"}
RESULT: {"using":"xpath","value":"//bdi[text()=\"OK\"]"}
COMMAND: POST /session/2eb25f1cbe9612d735ab0219d8fb520b/elements - {"using":"xpath","value":"//bdi[text()=\"OK\"]"}
RESULT: {"using":"xpath","value":"//bdi[text()=\"OK\"]"}
COMMAND: POST /session/2eb25f1cbe9612d735ab0219d8fb520b/elements - {"using":"xpath","value":"//bdi[text()=\"OK\"]"}
RESULT: {"using":"xpath","value":"//bdi[text()=\"OK\"]"}
COMMAND: POST /session/2eb25f1cbe9612d735ab0219d8fb520b/elements - {"using":"xpath","value":"//bdi[text()=\"OK\"]"}
RESULT: {"using":"xpath","value":"//bdi[text()=\"OK\"]"}
COMMAND: POST /session/2eb25f1cbe9612d735ab0219d8fb520b/elements - {"using":"xpath","value":"//bdi[text()=\"OK\"]"}
RESULT: {"using":"xpath","value":"//bdi[text()=\"OK\"]"}
COMMAND: POST /session/2eb25f1cbe9612d735ab0219d8fb520b/elements - {"using":"xpath","value":"//bdi[text()=\"OK\"]"}
RESULT: {"using":"xpath","value":"//bdi[text()=\"OK\"]"}
COMMAND: POST /session/2eb25f1cbe9612d735ab0219d8fb520b/elements - {"using":"xpath","value":"//bdi[text()=\"OK\"]"}
RESULT: {"using":"xpath","value":"//bdi[text()=\"OK\"]"}
COMMAND: POST /session/2eb25f1cbe9612d735ab0219d8fb520b/elements - {"using":"xpath","value":"//bdi[text()=\"OK\"]"}
RESULT: {"using":"xpath","value":"//bdi[text()=\"OK\"]"}
COMMAND: POST /session/2eb25f1cbe9612d735ab0219d8fb520b/elements - {"using":"xpath","value":"//bdi[text()=\"OK\"]"}
RESULT: {"using":"xpath","value":"//bdi[text()=\"OK\"]"}
COMMAND: POST /session/2eb25f1cbe9612d735ab0219d8fb520b/elements - {"using":"xpath","value":"//bdi[text()=\"OK\"]"}
RESULT: {"using":"xpath","value":"//bdi[text()=\"OK\"]"}
COMMAND: POST /session/2eb25f1cbe9612d735ab0219d8fb520b/elements - {"using":"xpath","value":"//bdi[text()=\"OK\"]"}
RESULT: {"using":"xpath","value":"//bdi[text()=\"OK\"]"}
COMMAND: POST /session/2eb25f1cbe9612d735ab0219d8fb520b/elements - {"using":"xpath","value":"//bdi[text()=\"OK\"]"}
RESULT: {"using":"xpath","value":"//bdi[text()=\"OK\"]"}
COMMAND: POST /session/2eb25f1cbe9612d735ab0219d8fb520b/elements - {"using":"xpath","value":"//bdi[text()=\"OK\"]"}
RESULT: {"using":"xpath","value":"//bdi[text()=\"OK\"]"}
COMMAND: POST /session/2eb25f1cbe9612d735ab0219d8fb520b/elements - {"using":"xpath","value":"//bdi[text()=\"OK\"]"}
RESULT: {"using":"xpath","value":"//bdi[text()=\"OK\"]"}
COMMAND: POST /session/2eb25f1cbe9612d735ab0219d8fb520b/elements - {"using":"xpath","value":"//bdi[text()=\"OK\"]"}
RESULT: {"using":"xpath","value":"//bdi[text()=\"OK\"]"}
COMMAND: POST /session/2eb25f1cbe9612d735ab0219d8fb520b/elements - {"using":"xpath","value":"//bdi[text()=\"OK\"]"}
RESULT: {"using":"xpath","value":"//bdi[text()=\"OK\"]"}
COMMAND: POST /session/2eb25f1cbe9612d735ab0219d8fb520b/elements - {"using":"xpath","value":"//bdi[text()=\"OK\"]"}
RESULT: {"using":"xpath","value":"//bdi[text()=\"OK\"]"}
COMMAND: POST /session/2eb25f1cbe9612d735ab0219d8fb520b/elements - {"using":"xpath","value":"//bdi[text()=\"OK\"]"}
RESULT: {"using":"xpath","value":"//bdi[text()=\"OK\"]"}
COMMAND: POST /session/2eb25f1cbe9612d735ab0219d8fb520b/elements - {"using":"xpath","value":"//bdi[text()=\"OK\"]"}
RESULT: {"using":"xpath","value":"//bdi[text()=\"OK\"]"}
COMMAND: POST /session/2eb25f1cbe9612d735ab0219d8fb520b/elements - {"using":"xpath","value":"//bdi[text()=\"OK\"]"}
RESULT: {"using":"xpath","value":"//bdi[text()=\"OK\"]"}
COMMAND: POST /session/2eb25f1cbe9612d735ab0219d8fb520b/elements - {"using":"xpath","value":"//bdi[text()=\"OK\"]"}
RESULT: {"using":"xpath","value":"//bdi[text()=\"OK\"]"}
COMMAND: POST /session/2eb25f1cbe9612d735ab0219d8fb520b/elements - {"using":"xpath","value":"//bdi[text()=\"OK\"]"}
RESULT: {"using":"xpath","value":"//bdi[text()=\"OK\"]"}
COMMAND: POST /session/2eb25f1cbe9612d735ab0219d8fb520b/elements - {"using":"xpath","value":"//bdi[text()=\"OK\"]"}
RESULT: {"using":"xpath","value":"//bdi[text()=\"OK\"]"}
COMMAND: POST /session/2eb25f1cbe9612d735ab0219d8fb520b/elements - {"using":"xpath","value":"//bdi[text()=\"OK\"]"}
RESULT: {"using":"xpath","value":"//bdi[text()=\"OK\"]"}
COMMAND: POST /session/2eb25f1cbe9612d735ab0219d8fb520b/elements - {"using":"xpath","value":"//bdi[text()=\"OK\"]"}
RESULT: {"using":"xpath","value":"//bdi[text()=\"OK\"]"}
COMMAND: POST /session/2eb25f1cbe9612d735ab0219d8fb520b/elements - {"using":"xpath","value":"//bdi[text()=\"OK\"]"}
RESULT: {"using":"xpath","value":"//bdi[text()=\"OK\"]"}
COMMAND: POST /session/2eb25f1cbe9612d735ab0219d8fb520b/elements - {"using":"xpath","value":"//bdi[text()=\"OK\"]"}
RESULT: {"using":"xpath","value":"//bdi[text()=\"OK\"]"}
COMMAND: POST /session/2eb25f1cbe9612d735ab0219d8fb520b/elements - {"using":"xpath","value":"//bdi[text()=\"OK\"]"}
RESULT: {"using":"xpath","value":"//bdi[text()=\"OK\"]"}
COMMAND: POST /session/2eb25f1cbe9612d735ab0219d8fb520b/elements - {"using":"xpath","value":"//bdi[text()=\"OK\"]"}
RESULT: {"using":"xpath","value":"//bdi[text()=\"OK\"]"}
COMMAND: POST /session/2eb25f1cbe9612d735ab0219d8fb520b/elements - {"using":"xpath","value":"//bdi[text()=\"OK\"]"}
RESULT: {"using":"xpath","value":"//bdi[text()=\"OK\"]"}
COMMAND: POST /session/2eb25f1cbe9612d735ab0219d8fb520b/elements - {"using":"xpath","value":"//bdi[text()=\"OK\"]"}
RESULT: {"using":"xpath","value":"//bdi[text()=\"OK\"]"}
COMMAND: POST /session/2eb25f1cbe9612d735ab0219d8fb520b/elements - {"using":"xpath","value":"//bdi[text()=\"OK\"]"}
RESULT: {"using":"xpath","value":"//bdi[text()=\"OK\"]"}
COMMAND: POST /session/2eb25f1cbe9612d735ab0219d8fb520b/elements - {"using":"xpath","value":"//bdi[text()=\"OK\"]"}
RESULT: {"using":"xpath","value":"//bdi[text()=\"OK\"]"}
COMMAND: POST /session/2eb25f1cbe9612d735ab0219d8fb520b/elements - {"using":"xpath","value":"//bdi[text()=\"OK\"]"}
RESULT: {"using":"xpath","value":"//bdi[text()=\"OK\"]"}
COMMAND: POST /session/2eb25f1cbe9612d735ab0219d8fb520b/elements - {"using":"xpath","value":"//bdi[text()=\"OK\"]"}
RESULT: {"using":"xpath","value":"//bdi[text()=\"OK\"]"}
COMMAND: POST /session/2eb25f1cbe9612d735ab0219d8fb520b/elements - {"using":"xpath","value":"//bdi[text()=\"OK\"]"}
RESULT: {"using":"xpath","value":"//bdi[text()=\"OK\"]"}
COMMAND: POST /session/2eb25f1cbe9612d735ab0219d8fb520b/elements - {"using":"xpath","value":"//bdi[text()=\"OK\"]"}
COMMAND: POST /session/2eb25f1cbe9612d735ab0219d8fb520b/element - {"using":"xpath","value":"//bdi[text()=\"OK\"]"}
RESULT: {"using":"xpath","value":"//bdi[text()=\"OK\"]"}
RESULT: {"using":"xpath","value":"//bdi[text()=\"OK\"]"}
COMMAND: POST /session/2eb25f1cbe9612d735ab0219d8fb520b/elements - {"using":"xpath","value":"//bdi[text()=\"OK\"]"}
RESULT: {"using":"xpath","value":"//bdi[text()=\"OK\"]"}
COMMAND: POST /session/2eb25f1cbe9612d735ab0219d8fb520b/elements - {"using":"xpath","value":"//bdi[text()=\"OK\"]"}
RESULT: {"using":"xpath","value":"//bdi[text()=\"OK\"]"}
COMMAND: POST /session/2eb25f1cbe9612d735ab0219d8fb520b/elements - {"using":"xpath","value":"//bdi[text()=\"OK\"]"}
RESULT: {"using":"xpath","value":"//bdi[text()=\"OK\"]"}
COMMAND: POST /session/2eb25f1cbe9612d735ab0219d8fb520b/elements - {"using":"xpath","value":"//bdi[text()=\"OK\"]"}
RESULT: {"using":"xpath","value":"//bdi[text()=\"OK\"]"}
COMMAND: POST /session/2eb25f1cbe9612d735ab0219d8fb520b/elements - {"using":"xpath","value":"//bdi[text()=\"OK\"]"}
RESULT: {"using":"xpath","value":"//bdi[text()=\"OK\"]"}
COMMAND: POST /session/2eb25f1cbe9612d735ab0219d8fb520b/elements - {"using":"xpath","value":"//bdi[text()=\"OK\"]"}
RESULT: {"using":"xpath","value":"//bdi[text()=\"OK\"]"}
COMMAND: POST /session/2eb25f1cbe9612d735ab0219d8fb520b/elements - {"using":"xpath","value":"//bdi[text()=\"OK\"]"}
RESULT: {"using":"xpath","value":"//bdi[text()=\"OK\"]"}
COMMAND: POST /session/2eb25f1cbe9612d735ab0219d8fb520b/elements - {"using":"xpath","value":"//bdi[text()=\"OK\"]"}
RESULT: {"using":"xpath","value":"//bdi[text()=\"OK\"]"}
COMMAND: POST /session/2eb25f1cbe9612d735ab0219d8fb520b/elements - {"using":"xpath","value":"//bdi[text()=\"OK\"]"}
RESULT: {"using":"xpath","value":"//bdi[text()=\"OK\"]"}
COMMAND: POST /session/2eb25f1cbe9612d735ab0219d8fb520b/elements - {"using":"xpath","value":"//bdi[text()=\"OK\"]"}
RESULT: {"using":"xpath","value":"//bdi[text()=\"OK\"]"}
COMMAND: POST /session/2eb25f1cbe9612d735ab0219d8fb520b/elements - {"using":"xpath","value":"//bdi[text()=\"OK\"]"}
RESULT: {"using":"xpath","value":"//bdi[text()=\"OK\"]"}
COMMAND: POST /session/2eb25f1cbe9612d735ab0219d8fb520b/elements - {"using":"xpath","value":"//bdi[text()=\"OK\"]"}
RESULT: {"using":"xpath","value":"//bdi[text()=\"OK\"]"}
COMMAND: POST /session/2eb25f1cbe9612d735ab0219d8fb520b/elements - {"using":"xpath","value":"//bdi[text()=\"OK\"]"}
RESULT: {"using":"xpath","value":"//bdi[text()=\"OK\"]"}
COMMAND: POST /session/2eb25f1cbe9612d735ab0219d8fb520b/elements - {"using":"xpath","value":"//bdi[text()=\"OK\"]"}
RESULT: {"using":"xpath","value":"//bdi[text()=\"OK\"]"}
COMMAND: POST /session/2eb25f1cbe9612d735ab0219d8fb520b/elements - {"using":"xpath","value":"//bdi[text()=\"OK\"]"}
RESULT: {"using":"xpath","value":"//bdi[text()=\"OK\"]"}
COMMAND: POST /session/2eb25f1cbe9612d735ab0219d8fb520b/elements - {"using":"xpath","value":"//bdi[text()=\"OK\"]"}
RESULT: {"using":"xpath","value":"//bdi[text()=\"OK\"]"}
COMMAND: POST /session/2eb25f1cbe9612d735ab0219d8fb520b/elements - {"using":"xpath","value":"//bdi[text()=\"OK\"]"}
RESULT: {"using":"xpath","value":"//bdi[text()=\"OK\"]"}
COMMAND: POST /session/2eb25f1cbe9612d735ab0219d8fb520b/elements - {"using":"xpath","value":"//bdi[text()=\"OK\"]"}
RESULT: {"using":"xpath","value":"//bdi[text()=\"OK\"]"}
COMMAND: POST /session/2eb25f1cbe9612d735ab0219d8fb520b/elements - {"using":"xpath","value":"//bdi[text()=\"OK\"]"}
RESULT: {"using":"xpath","value":"//bdi[text()=\"OK\"]"}
COMMAND: POST /session/2eb25f1cbe9612d735ab0219d8fb520b/elements - {"using":"xpath","value":"//bdi[text()=\"OK\"]"}
RESULT: {"using":"xpath","value":"//bdi[text()=\"OK\"]"}
COMMAND: POST /session/2eb25f1cbe9612d735ab0219d8fb520b/elements - {"using":"xpath","value":"//bdi[text()=\"OK\"]"}
RESULT: {"using":"xpath","value":"//bdi[text()=\"OK\"]"}
COMMAND: POST /session/2eb25f1cbe9612d735ab0219d8fb520b/elements - {"using":"xpath","value":"//bdi[text()=\"OK\"]"}
RESULT: {"using":"xpath","value":"//bdi[text()=\"OK\"]"}
COMMAND: POST /session/2eb25f1cbe9612d735ab0219d8fb520b/elements - {"using":"xpath","value":"//bdi[text()=\"OK\"]"}
RESULT: {"using":"xpath","value":"//bdi[text()=\"OK\"]"}
COMMAND: POST /session/2eb25f1cbe9612d735ab0219d8fb520b/elements - {"using":"xpath","value":"//bdi[text()=\"OK\"]"}
RESULT: {"using":"xpath","value":"//bdi[text()=\"OK\"]"}
COMMAND: POST /session/2eb25f1cbe9612d735ab0219d8fb520b/elements - {"using":"xpath","value":"//bdi[text()=\"OK\"]"}
RESULT: {"using":"xpath","value":"//bdi[text()=\"OK\"]"}
COMMAND: POST /session/2eb25f1cbe9612d735ab0219d8fb520b/elements - {"using":"xpath","value":"//bdi[text()=\"OK\"]"}
RESULT: {"using":"xpath","value":"//bdi[text()=\"OK\"]"}
COMMAND: POST /session/2eb25f1cbe9612d735ab0219d8fb520b/elements - {"using":"xpath","value":"//bdi[text()=\"OK\"]"}
RESULT: {"using":"xpath","value":"//bdi[text()=\"OK\"]"}
COMMAND: POST /session/2eb25f1cbe9612d735ab0219d8fb520b/elements - {"using":"xpath","value":"//bdi[text()=\"OK\"]"}
RESULT: {"using":"xpath","value":"//bdi[text()=\"OK\"]"}
COMMAND: POST /session/2eb25f1cbe9612d735ab0219d8fb520b/elements - {"using":"xpath","value":"//bdi[text()=\"OK\"]"}
RESULT: {"using":"xpath","value":"//bdi[text()=\"OK\"]"}
COMMAND: POST /session/2eb25f1cbe9612d735ab0219d8fb520b/elements - {"using":"xpath","value":"//bdi[text()=\"OK\"]"}
RESULT: {"using":"xpath","value":"//bdi[text()=\"OK\"]"}
COMMAND: POST /session/2eb25f1cbe9612d735ab0219d8fb520b/elements - {"using":"xpath","value":"//bdi[text()=\"OK\"]"}
RESULT: {"using":"xpath","value":"//bdi[text()=\"OK\"]"}
COMMAND: POST /session/2eb25f1cbe9612d735ab0219d8fb520b/elements - {"using":"xpath","value":"//bdi[text()=\"OK\"]"}
RESULT: {"using":"xpath","value":"//bdi[text()=\"OK\"]"}
COMMAND: POST /session/2eb25f1cbe9612d735ab0219d8fb520b/elements - {"using":"xpath","value":"//bdi[text()=\"OK\"]"}
RESULT: {"using":"xpath","value":"//bdi[text()=\"OK\"]"}
COMMAND: POST /session/2eb25f1cbe9612d735ab0219d8fb520b/elements - {"using":"xpath","value":"//bdi[text()=\"OK\"]"}
RESULT: {"using":"xpath","value":"//bdi[text()=\"OK\"]"}
COMMAND: POST /session/2eb25f1cbe9612d735ab0219d8fb520b/elements - {"using":"xpath","value":"//bdi[text()=\"OK\"]"}
RESULT: {"using":"xpath","value":"//bdi[text()=\"OK\"]"}
COMMAND: POST /session/2eb25f1cbe9612d735ab0219d8fb520b/elements - {"using":"xpath","value":"//bdi[text()=\"OK\"]"}
RESULT: {"using":"xpath","value":"//bdi[text()=\"OK\"]"}
COMMAND: POST /session/2eb25f1cbe9612d735ab0219d8fb520b/elements - {"using":"xpath","value":"//bdi[text()=\"OK\"]"}
RESULT: {"using":"xpath","value":"//bdi[text()=\"OK\"]"}
COMMAND: POST /session/2eb25f1cbe9612d735ab0219d8fb520b/elements - {"using":"xpath","value":"//bdi[text()=\"OK\"]"}
RESULT: {"using":"xpath","value":"//bdi[text()=\"OK\"]"}
COMMAND: POST /session/2eb25f1cbe9612d735ab0219d8fb520b/elements - {"using":"xpath","value":"//bdi[text()=\"OK\"]"}
RESULT: {"using":"xpath","value":"//bdi[text()=\"OK\"]"}
COMMAND: POST /session/2eb25f1cbe9612d735ab0219d8fb520b/elements - {"using":"xpath","value":"//bdi[text()=\"OK\"]"}
RESULT: {"using":"xpath","value":"//bdi[text()=\"OK\"]"}
COMMAND: POST /session/2eb25f1cbe9612d735ab0219d8fb520b/elements - {"using":"xpath","value":"//bdi[text()=\"OK\"]"}
RESULT: {"using":"xpath","value":"//bdi[text()=\"OK\"]"}
COMMAND: POST /session/2eb25f1cbe9612d735ab0219d8fb520b/elements - {"using":"xpath","value":"//bdi[text()=\"OK\"]"}
RESULT: {"using":"xpath","value":"//bdi[text()=\"OK\"]"}
COMMAND: POST /session/2eb25f1cbe9612d735ab0219d8fb520b/elements - {"using":"xpath","value":"//bdi[text()=\"OK\"]"}
RESULT: {"using":"xpath","value":"//bdi[text()=\"OK\"]"}
COMMAND: POST /session/2eb25f1cbe9612d735ab0219d8fb520b/elements - {"using":"xpath","value":"//bdi[text()=\"OK\"]"}
RESULT: {"using":"xpath","value":"//bdi[text()=\"OK\"]"}
COMMAND: POST /session/2eb25f1cbe9612d735ab0219d8fb520b/elements - {"using":"xpath","value":"//bdi[text()=\"OK\"]"}
RESULT: {"using":"xpath","value":"//bdi[text()=\"OK\"]"}
COMMAND: POST /session/2eb25f1cbe9612d735ab0219d8fb520b/elements - {"using":"xpath","value":"//bdi[text()=\"OK\"]"}
RESULT: {"using":"xpath","value":"//bdi[text()=\"OK\"]"}
COMMAND: POST /session/2eb25f1cbe9612d735ab0219d8fb520b/elements - {"using":"xpath","value":"//bdi[text()=\"OK\"]"}
RESULT: {"using":"xpath","value":"//bdi[text()=\"OK\"]"}
COMMAND: POST /session/2eb25f1cbe9612d735ab0219d8fb520b/elements - {"using":"xpath","value":"//bdi[text()=\"OK\"]"}
RESULT: {"using":"xpath","value":"//bdi[text()=\"OK\"]"}
COMMAND: POST /session/2eb25f1cbe9612d735ab0219d8fb520b/elements - {"using":"xpath","value":"//bdi[text()=\"OK\"]"}
RESULT: {"using":"xpath","value":"//bdi[text()=\"OK\"]"}
COMMAND: POST /session/2eb25f1cbe9612d735ab0219d8fb520b/elements - {"using":"xpath","value":"//bdi[text()=\"OK\"]"}
RESULT: {"using":"xpath","value":"//bdi[text()=\"OK\"]"}
COMMAND: POST /session/2eb25f1cbe9612d735ab0219d8fb520b/elements - {"using":"xpath","value":"//bdi[text()=\"OK\"]"}
RESULT: {"using":"xpath","value":"//bdi[text()=\"OK\"]"}
COMMAND: POST /session/2eb25f1cbe9612d735ab0219d8fb520b/elements - {"using":"xpath","value":"//bdi[text()=\"OK\"]"}
RESULT: {"using":"xpath","value":"//bdi[text()=\"OK\"]"}
COMMAND: POST /session/2eb25f1cbe9612d735ab0219d8fb520b/elements - {"using":"xpath","value":"//bdi[text()=\"OK\"]"}
RESULT: {"using":"xpath","value":"//bdi[text()=\"OK\"]"}
COMMAND: POST /session/2eb25f1cbe9612d735ab0219d8fb520b/elements - {"using":"xpath","value":"//bdi[text()=\"OK\"]"}
RESULT: {"using":"xpath","value":"//bdi[text()=\"OK\"]"}
COMMAND: POST /session/2eb25f1cbe9612d735ab0219d8fb520b/elements - {"using":"xpath","value":"//bdi[text()=\"OK\"]"}
RESULT: {"using":"xpath","value":"//bdi[text()=\"OK\"]"}
COMMAND: POST /session/2eb25f1cbe9612d735ab0219d8fb520b/elements - {"using":"xpath","value":"//bdi[text()=\"OK\"]"}
RESULT: {"using":"xpath","value":"//bdi[text()=\"OK\"]"}
COMMAND: POST /session/2eb25f1cbe9612d735ab0219d8fb520b/elements - {"using":"xpath","value":"//bdi[text()=\"OK\"]"}
RESULT: {"using":"xpath","value":"//bdi[text()=\"OK\"]"}
COMMAND: POST /session/2eb25f1cbe9612d735ab0219d8fb520b/elements - {"using":"xpath","value":"//bdi[text()=\"OK\"]"}
RESULT: {"using":"xpath","value":"//bdi[text()=\"OK\"]"}
COMMAND: POST /session/2eb25f1cbe9612d735ab0219d8fb520b/elements - {"using":"xpath","value":"//bdi[text()=\"OK\"]"}
RESULT: {"using":"xpath","value":"//bdi[text()=\"OK\"]"}
COMMAND: POST /session/2eb25f1cbe9612d735ab0219d8fb520b/elements - {"using":"xpath","value":"//bdi[text()=\"OK\"]"}
RESULT: {"using":"xpath","value":"//bdi[text()=\"OK\"]"}
COMMAND: POST /session/2eb25f1cbe9612d735ab0219d8fb520b/elements - {"using":"xpath","value":"//bdi[text()=\"OK\"]"}
RESULT: {"using":"xpath","value":"//bdi[text()=\"OK\"]"}
COMMAND: POST /session/2eb25f1cbe9612d735ab0219d8fb520b/elements - {"using":"xpath","value":"//bdi[text()=\"OK\"]"}
RESULT: {"using":"xpath","value":"//bdi[text()=\"OK\"]"}
COMMAND: POST /session/2eb25f1cbe9612d735ab0219d8fb520b/elements - {"using":"xpath","value":"//bdi[text()=\"OK\"]"}
RESULT: {"using":"xpath","value":"//bdi[text()=\"OK\"]"}
COMMAND: POST /session/2eb25f1cbe9612d735ab0219d8fb520b/elements - {"using":"xpath","value":"//bdi[text()=\"OK\"]"}
RESULT: {"using":"xpath","value":"//bdi[text()=\"OK\"]"}
COMMAND: POST /session/2eb25f1cbe9612d735ab0219d8fb520b/elements - {"using":"xpath","value":"//bdi[text()=\"OK\"]"}
RESULT: {"using":"xpath","value":"//bdi[text()=\"OK\"]"}
COMMAND: POST /session/2eb25f1cbe9612d735ab0219d8fb520b/elements - {"using":"xpath","value":"//bdi[text()=\"OK\"]"}
RESULT: {"using":"xpath","value":"//bdi[text()=\"OK\"]"}
COMMAND: POST /session/2eb25f1cbe9612d735ab0219d8fb520b/elements - {"using":"xpath","value":"//bdi[text()=\"OK\"]"}
RESULT: {"using":"xpath","value":"//bdi[text()=\"OK\"]"}
COMMAND: POST /session/2eb25f1cbe9612d735ab0219d8fb520b/elements - {"using":"xpath","value":"//bdi[text()=\"OK\"]"}
RESULT: {"using":"xpath","value":"//bdi[text()=\"OK\"]"}
COMMAND: POST /session/2eb25f1cbe9612d735ab0219d8fb520b/elements - {"using":"xpath","value":"//bdi[text()=\"OK\"]"}
RESULT: {"using":"xpath","value":"//bdi[text()=\"OK\"]"}
COMMAND: POST /session/2eb25f1cbe9612d735ab0219d8fb520b/elements - {"using":"xpath","value":"//bdi[text()=\"OK\"]"}
RESULT: {"using":"xpath","value":"//bdi[text()=\"OK\"]"}
COMMAND: POST /session/2eb25f1cbe9612d735ab0219d8fb520b/elements - {"using":"xpath","value":"//bdi[text()=\"OK\"]"}
RESULT: {"using":"xpath","value":"//bdi[text()=\"OK\"]"}
COMMAND: POST /session/2eb25f1cbe9612d735ab0219d8fb520b/elements - {"using":"xpath","value":"//bdi[text()=\"OK\"]"}
RESULT: {"using":"xpath","value":"//bdi[text()=\"OK\"]"}
COMMAND: POST /session/2eb25f1cbe9612d735ab0219d8fb520b/elements - {"using":"xpath","value":"//bdi[text()=\"OK\"]"}
RESULT: {"using":"xpath","value":"//bdi[text()=\"OK\"]"}
COMMAND: POST /session/2eb25f1cbe9612d735ab0219d8fb520b/elements - {"using":"xpath","value":"//bdi[text()=\"OK\"]"}
RESULT: {"using":"xpath","value":"//bdi[text()=\"OK\"]"}
COMMAND: POST /session/2eb25f1cbe9612d735ab0219d8fb520b/elements - {"using":"xpath","value":"//bdi[text()=\"OK\"]"}
RESULT: {"using":"xpath","value":"//bdi[text()=\"OK\"]"}
COMMAND: POST /session/2eb25f1cbe9612d735ab0219d8fb520b/elements - {"using":"xpath","value":"//bdi[text()=\"OK\"]"}
RESULT: {"using":"xpath","value":"//bdi[text()=\"OK\"]"}
COMMAND: POST /session/2eb25f1cbe9612d735ab0219d8fb520b/elements - {"using":"xpath","value":"//bdi[text()=\"OK\"]"}
RESULT: {"using":"xpath","value":"//bdi[text()=\"OK\"]"}
COMMAND: POST /session/2eb25f1cbe9612d735ab0219d8fb520b/elements - {"using":"xpath","value":"//bdi[text()=\"OK\"]"}
RESULT: {"using":"xpath","value":"//bdi[text()=\"OK\"]"}
COMMAND: POST /session/2eb25f1cbe9612d735ab0219d8fb520b/elements - {"using":"xpath","value":"//bdi[text()=\"OK\"]"}
RESULT: {"using":"xpath","value":"//bdi[text()=\"OK\"]"}
COMMAND: POST /session/2eb25f1cbe9612d735ab0219d8fb520b/elements - {"using":"xpath","value":"//bdi[text()=\"OK\"]"}
RESULT: {"using":"xpath","value":"//bdi[text()=\"OK\"]"}
COMMAND: POST /session/2eb25f1cbe9612d735ab0219d8fb520b/elements - {"using":"xpath","value":"//bdi[text()=\"OK\"]"}
RESULT: {"using":"xpath","value":"//bdi[text()=\"OK\"]"}
COMMAND: POST /session/2eb25f1cbe9612d735ab0219d8fb520b/elements - {"using":"xpath","value":"//bdi[text()=\"OK\"]"}
RESULT: {"using":"xpath","value":"//bdi[text()=\"OK\"]"}
COMMAND: POST /session/2eb25f1cbe9612d735ab0219d8fb520b/elements - {"using":"xpath","value":"//bdi[text()=\"OK\"]"}
RESULT: {"using":"xpath","value":"//bdi[text()=\"OK\"]"}
COMMAND: POST /session/2eb25f1cbe9612d735ab0219d8fb520b/elements - {"using":"xpath","value":"//bdi[text()=\"OK\"]"}
RESULT: {"using":"xpath","value":"//bdi[text()=\"OK\"]"}
COMMAND: POST /session/2eb25f1cbe9612d735ab0219d8fb520b/elements - {"using":"xpath","value":"//bdi[text()=\"OK\"]"}
RESULT: {"using":"xpath","value":"//bdi[text()=\"OK\"]"}
COMMAND: POST /session/2eb25f1cbe9612d735ab0219d8fb520b/elements - {"using":"xpath","value":"//bdi[text()=\"OK\"]"}
RESULT: {"using":"xpath","value":"//bdi[text()=\"OK\"]"}
COMMAND: POST /session/2eb25f1cbe9612d735ab0219d8fb520b/elements - {"using":"xpath","value":"//bdi[text()=\"OK\"]"}
RESULT: {"using":"xpath","value":"//bdi[text()=\"OK\"]"}
COMMAND: POST /session/2eb25f1cbe9612d735ab0219d8fb520b/elements - {"using":"xpath","value":"//bdi[text()=\"OK\"]"}
RESULT: {"using":"xpath","value":"//bdi[text()=\"OK\"]"}
COMMAND: POST /session/2eb25f1cbe9612d735ab0219d8fb520b/elements - {"using":"xpath","value":"//bdi[text()=\"OK\"]"}
RESULT: {"using":"xpath","value":"//bdi[text()=\"OK\"]"}
COMMAND: POST /session/2eb25f1cbe9612d735ab0219d8fb520b/elements - {"using":"xpath","value":"//bdi[text()=\"OK\"]"}
RESULT: {"using":"xpath","value":"//bdi[text()=\"OK\"]"}
COMMAND: POST /session/2eb25f1cbe9612d735ab0219d8fb520b/elements - {"using":"xpath","value":"//bdi[text()=\"OK\"]"}
RESULT: {"using":"xpath","value":"//bdi[text()=\"OK\"]"}
COMMAND: POST /session/2eb25f1cbe9612d735ab0219d8fb520b/elements - {"using":"xpath","value":"//bdi[text()=\"OK\"]"}
RESULT: {"using":"xpath","value":"//bdi[text()=\"OK\"]"}
COMMAND: POST /session/2eb25f1cbe9612d735ab0219d8fb520b/elements - {"using":"xpath","value":"//bdi[text()=\"OK\"]"}
RESULT: {"using":"xpath","value":"//bdi[text()=\"OK\"]"}
COMMAND: POST /session/2eb25f1cbe9612d735ab0219d8fb520b/elements - {"using":"xpath","value":"//bdi[text()=\"OK\"]"}
RESULT: {"using":"xpath","value":"//bdi[text()=\"OK\"]"}
COMMAND: POST /session/2eb25f1cbe9612d735ab0219d8fb520b/elements - {"using":"xpath","value":"//bdi[text()=\"OK\"]"}
RESULT: {"using":"xpath","value":"//bdi[text()=\"OK\"]"}
COMMAND: POST /session/2eb25f1cbe9612d735ab0219d8fb520b/elements - {"using":"xpath","value":"//bdi[text()=\"OK\"]"}
RESULT: {"using":"xpath","value":"//bdi[text()=\"OK\"]"}
COMMAND: POST /session/2eb25f1cbe9612d735ab0219d8fb520b/elements - {"using":"xpath","value":"//bdi[text()=\"OK\"]"}
RESULT: {"using":"xpath","value":"//bdi[text()=\"OK\"]"}
COMMAND: POST /session/2eb25f1cbe9612d735ab0219d8fb520b/elements - {"using":"xpath","value":"//bdi[text()=\"OK\"]"}
RESULT: {"using":"xpath","value":"//bdi[text()=\"OK\"]"}
COMMAND: POST /session/2eb25f1cbe9612d735ab0219d8fb520b/elements - {"using":"xpath","value":"//bdi[text()=\"OK\"]"}
RESULT: {"using":"xpath","value":"//bdi[text()=\"OK\"]"}
COMMAND: POST /session/2eb25f1cbe9612d735ab0219d8fb520b/elements - {"using":"xpath","value":"//bdi[text()=\"OK\"]"}
RESULT: {"using":"xpath","value":"//bdi[text()=\"OK\"]"}
COMMAND: POST /session/2eb25f1cbe9612d735ab0219d8fb520b/elements - {"using":"xpath","value":"//bdi[text()=\"OK\"]"}
RESULT: {"using":"xpath","value":"//bdi[text()=\"OK\"]"}
COMMAND: POST /session/2eb25f1cbe9612d735ab0219d8fb520b/elements - {"using":"xpath","value":"//bdi[text()=\"OK\"]"}
RESULT: {"using":"xpath","value":"//bdi[text()=\"OK\"]"}
COMMAND: POST /session/2eb25f1cbe9612d735ab0219d8fb520b/elements - {"using":"xpath","value":"//bdi[text()=\"OK\"]"}
RESULT: {"using":"xpath","value":"//bdi[text()=\"OK\"]"}
COMMAND: POST /session/2eb25f1cbe9612d735ab0219d8fb520b/elements - {"using":"xpath","value":"//bdi[text()=\"OK\"]"}
RESULT: {"using":"xpath","value":"//bdi[text()=\"OK\"]"}
COMMAND: POST /session/2eb25f1cbe9612d735ab0219d8fb520b/elements - {"using":"xpath","value":"//bdi[text()=\"OK\"]"}
RESULT: {"using":"xpath","value":"//bdi[text()=\"OK\"]"}
COMMAND: POST /session/2eb25f1cbe9612d735ab0219d8fb520b/elements - {"using":"xpath","value":"//bdi[text()=\"OK\"]"}
RESULT: {"using":"xpath","value":"//bdi[text()=\"OK\"]"}
COMMAND: POST /session/2eb25f1cbe9612d735ab0219d8fb520b/elements - {"using":"xpath","value":"//bdi[text()=\"OK\"]"}
RESULT: {"using":"xpath","value":"//bdi[text()=\"OK\"]"}
COMMAND: POST /session/2eb25f1cbe9612d735ab0219d8fb520b/elements - {"using":"xpath","value":"//bdi[text()=\"OK\"]"}
RESULT: {"using":"xpath","value":"//bdi[text()=\"OK\"]"}
COMMAND: POST /session/2eb25f1cbe9612d735ab0219d8fb520b/elements - {"using":"xpath","value":"//bdi[text()=\"OK\"]"}
RESULT: {"using":"xpath","value":"//bdi[text()=\"OK\"]"}
COMMAND: POST /session/2eb25f1cbe9612d735ab0219d8fb520b/elements - {"using":"xpath","value":"//bdi[text()=\"OK\"]"}
RESULT: {"using":"xpath","value":"//bdi[text()=\"OK\"]"}
COMMAND: POST /session/2eb25f1cbe9612d735ab0219d8fb520b/elements - {"using":"xpath","value":"//bdi[text()=\"OK\"]"}
RESULT: {"using":"xpath","value":"//bdi[text()=\"OK\"]"}
COMMAND: POST /session/2eb25f1cbe9612d735ab0219d8fb520b/elements - {"using":"xpath","value":"//bdi[text()=\"OK\"]"}
RESULT: {"using":"xpath","value":"//bdi[text()=\"OK\"]"}
COMMAND: POST /session/2eb25f1cbe9612d735ab0219d8fb520b/elements - {"using":"xpath","value":"//bdi[text()=\"OK\"]"}
RESULT: {"using":"xpath","value":"//bdi[text()=\"OK\"]"}
COMMAND: POST /session/2eb25f1cbe9612d735ab0219d8fb520b/elements - {"using":"xpath","value":"//bdi[text()=\"OK\"]"}
RESULT: {"using":"xpath","value":"//bdi[text()=\"OK\"]"}
COMMAND: POST /session/2eb25f1cbe9612d735ab0219d8fb520b/elements - {"using":"xpath","value":"//bdi[text()=\"OK\"]"}
RESULT: {"using":"xpath","value":"//bdi[text()=\"OK\"]"}
COMMAND: POST /session/2eb25f1cbe9612d735ab0219d8fb520b/elements - {"using":"xpath","value":"//bdi[text()=\"OK\"]"}
RESULT: {"using":"xpath","value":"//bdi[text()=\"OK\"]"}
COMMAND: POST /session/2eb25f1cbe9612d735ab0219d8fb520b/elements - {"using":"xpath","value":"//bdi[text()=\"OK\"]"}
RESULT: {"using":"xpath","value":"//bdi[text()=\"OK\"]"}
COMMAND: POST /session/2eb25f1cbe9612d735ab0219d8fb520b/elements - {"using":"xpath","value":"//bdi[text()=\"OK\"]"}
RESULT: {"using":"xpath","value":"//bdi[text()=\"OK\"]"}
COMMAND: POST /session/2eb25f1cbe9612d735ab0219d8fb520b/elements - {"using":"xpath","value":"//bdi[text()=\"OK\"]"}
RESULT: {"using":"xpath","value":"//bdi[text()=\"OK\"]"}
COMMAND: POST /session/2eb25f1cbe9612d735ab0219d8fb520b/elements - {"using":"xpath","value":"//bdi[text()=\"OK\"]"}
RESULT: {"using":"xpath","value":"//bdi[text()=\"OK\"]"}
COMMAND: POST /session/2eb25f1cbe9612d735ab0219d8fb520b/execute/async - {"script":"<script> [1562 bytes]","args":[{"selector":{"id":"application-manageresources-display-component---newResourceUnit--TYPE-arrow"},"wdio_ui5_key":"applicationmanageresources-display-component---newResourceUnit--TYPE-arrow"}]}
RESULT: {"script":"<script> [1562 bytes]","args":[{"selector":{"id":"application-manageresources-display-component---newResourceUnit--TYPE-arrow"},"wdio_ui5_key":"applicationmanageresources-display-component---newResourceUnit--TYPE-arrow"}]}
RESULT: undefined
COMMAND: POST /session/2eb25f1cbe9612d735ab0219d8fb520b/element - {"using":"xpath","value":"//*[@id=\"application-manageresources-display-component---newResourceUnit--TYPE-arrow\"]"}
RESULT: {"using":"xpath","value":"//*[@id=\"application-manageresources-display-component---newResourceUnit--TYPE-arrow\"]"}
COMMAND: POST /session/2eb25f1cbe9612d735ab0219d8fb520b/element/f.1920C544C16071EF810842AAA08EA988.d.7553289A7683DE0E6FF3E6152D7AAB62.e.3003/click - {}
RESULT: {}
COMMAND: POST /session/2eb25f1cbe9612d735ab0219d8fb520b/execute/async - {"script":"<script> [1562 bytes]","args":[{"selector":{"controlType":"sap.m.StandardListItem","viewName":"reusables.view.manageresources.NewResourceUnit","viewId":"application-manageresources-display-component---newResourceUnit","properties":{"title":"Material"},"searchOpenDialogs":true,"interaction":{"idSuffix":"titleText"}},"wdio_ui5_key":"reusablesview.manageresources.NewResourceUnitsap.m.StandardListItem{\"title\":\"Material\"}"}]}
COMMAND: GET /session/2eb25f1cbe9612d735ab0219d8fb520b/screenshot - {}
RESULT: {"script":"<script> [1562 bytes]","args":[{"selector":{"controlType":"sap.m.StandardListItem","viewName":"reusables.view.manageresources.NewResourceUnit","viewId":"application-manageresources-display-component---newResourceUnit","properties":{"title":"Material"},"searchOpenDialogs":true,"interaction":{"idSuffix":"titleText"}},"wdio_ui5_key":"reusablesview.manageresources.NewResourceUnitsap.m.StandardListItem{\"title\":\"Material\"}"}]}
RESULT: undefined
COMMAND: POST /session/2eb25f1cbe9612d735ab0219d8fb520b/element - {"using":"xpath","value":"//*[@id=\"__item705\"]"}
RESULT: {}
RESULT: {"using":"xpath","value":"//*[@id=\"__item705\"]"}
COMMAND: POST /session/2eb25f1cbe9612d735ab0219d8fb520b/element/f.1920C544C16071EF810842AAA08EA988.d.7553289A7683DE0E6FF3E6152D7AAB62.e.3006/click - {}
RESULT: {}
COMMAND: GET /session/2eb25f1cbe9612d735ab0219d8fb520b/screenshot - {}
RESULT: {}
COMMAND: POST /session/2eb25f1cbe9612d735ab0219d8fb520b/execute/async - {"script":"<script> [1562 bytes]","args":[{"selector":{"id":"application-manageresources-display-component---newResourceUnit--newRRUPage-OPHeaderContent-collapseBtn-img"},"wdio_ui5_key":"applicationmanageresources-display-component---newResourceUnit--newRRUPage-OPHeaderContent-collapseBtn-img"}]}
RESULT: {"script":"<script> [1562 bytes]","args":[{"selector":{"id":"application-manageresources-display-component---newResourceUnit--newRRUPage-OPHeaderContent-collapseBtn-img"},"wdio_ui5_key":"applicationmanageresources-display-component---newResourceUnit--newRRUPage-OPHeaderContent-collapseBtn-img"}]}
RESULT: undefined
COMMAND: POST /session/2eb25f1cbe9612d735ab0219d8fb520b/element - {"using":"xpath","value":"//*[@id=\"application-manageresources-display-component---newResourceUnit--newRRUPage-OPHeaderContent-collapseBtn-img\"]"}
RESULT: {"using":"xpath","value":"//*[@id=\"application-manageresources-display-component---newResourceUnit--newRRUPage-OPHeaderContent-collapseBtn-img\"]"}
COMMAND: POST /session/2eb25f1cbe9612d735ab0219d8fb520b/element/f.1920C544C16071EF810842AAA08EA988.d.7553289A7683DE0E6FF3E6152D7AAB62.e.3013/click - {}
RESULT: {}
COMMAND: GET /session/2eb25f1cbe9612d735ab0219d8fb520b/screenshot - {}
RESULT: {}
COMMAND: POST /session/2eb25f1cbe9612d735ab0219d8fb520b/execute/async - {"script":"<script> [1562 bytes]","args":[{"selector":{"id":"application-manageresources-display-component---newResourceUnit--SHORT_TEXT","interaction":{"idSuffix":"inner"}},"wdio_ui5_key":"applicationmanageresources-display-component---newResourceUnit--SHORT_TEXT"}]}
RESULT: {"script":"<script> [1562 bytes]","args":[{"selector":{"id":"application-manageresources-display-component---newResourceUnit--SHORT_TEXT","interaction":{"idSuffix":"inner"}},"wdio_ui5_key":"applicationmanageresources-display-component---newResourceUnit--SHORT_TEXT"}]}
RESULT: undefined
COMMAND: POST /session/2eb25f1cbe9612d735ab0219d8fb520b/execute/async - {"script":"<script> [776 bytes]","args":[{"enterText":"WebdriverWHM_RUR2Cvfzjpf","selector":{"id":"application-manageresources-display-component---newResourceUnit--SHORT_TEXT","interaction":{"idSuffix":"inner"}},"clearTextFirst":true,"interactionType":"ENTER_TEXT"}]}
RESULT: {"script":"<script> [776 bytes]","args":[{"enterText":"WebdriverWHM_RUR2Cvfzjpf","selector":{"id":"application-manageresources-display-component---newResourceUnit--SHORT_TEXT","interaction":{"idSuffix":"inner"}},"clearTextFirst":true,"interactionType":"ENTER_TEXT"}]}
COMMAND: POST /session/2eb25f1cbe9612d735ab0219d8fb520b/execute/async - {"script":"<script> [1562 bytes]","args":[{"selector":{"id":"application-manageresources-display-component---newResourceUnit--BASE_UNIT_OF_MEASURE-arrow"},"wdio_ui5_key":"applicationmanageresources-display-component---newResourceUnit--BASE_UNIT_OF_MEASURE-arrow"}]}
RESULT: {"script":"<script> [1562 bytes]","args":[{"selector":{"id":"application-manageresources-display-component---newResourceUnit--BASE_UNIT_OF_MEASURE-arrow"},"wdio_ui5_key":"applicationmanageresources-display-component---newResourceUnit--BASE_UNIT_OF_MEASURE-arrow"}]}
RESULT: undefined
COMMAND: POST /session/2eb25f1cbe9612d735ab0219d8fb520b/element - {"using":"xpath","value":"//*[@id=\"application-manageresources-display-component---newResourceUnit--BASE_UNIT_OF_MEASURE-arrow\"]"}
RESULT: {"using":"xpath","value":"//*[@id=\"application-manageresources-display-component---newResourceUnit--BASE_UNIT_OF_MEASURE-arrow\"]"}
COMMAND: POST /session/2eb25f1cbe9612d735ab0219d8fb520b/element/f.1920C544C16071EF810842AAA08EA988.d.7553289A7683DE0E6FF3E6152D7AAB62.e.3066/click - {}
RESULT: {}
COMMAND: POST /session/2eb25f1cbe9612d735ab0219d8fb520b/execute/async - {"script":"<script> [1562 bytes]","args":[{"selector":{"controlType":"sap.m.StandardListItem","viewName":"reusables.view.manageresources.NewResourceUnit","viewId":"application-manageresources-display-component---newResourceUnit","properties":{"title":"Piece"},"searchOpenDialogs":true,"interaction":{"idSuffix":"content"}},"wdio_ui5_key":"reusablesview.manageresources.NewResourceUnitsap.m.StandardListItem{\"title\":\"Piece\"}"}]}
COMMAND: GET /session/2eb25f1cbe9612d735ab0219d8fb520b/screenshot - {}
RESULT: {"script":"<script> [1562 bytes]","args":[{"selector":{"controlType":"sap.m.StandardListItem","viewName":"reusables.view.manageresources.NewResourceUnit","viewId":"application-manageresources-display-component---newResourceUnit","properties":{"title":"Piece"},"searchOpenDialogs":true,"interaction":{"idSuffix":"content"}},"wdio_ui5_key":"reusablesview.manageresources.NewResourceUnitsap.m.StandardListItem{\"title\":\"Piece\"}"}]}
RESULT: undefined
COMMAND: POST /session/2eb25f1cbe9612d735ab0219d8fb520b/element - {"using":"xpath","value":"//*[@id=\"__item749\"]"}
RESULT: {}
RESULT: {"using":"xpath","value":"//*[@id=\"__item749\"]"}
COMMAND: POST /session/2eb25f1cbe9612d735ab0219d8fb520b/element/f.1920C544C16071EF810842AAA08EA988.d.7553289A7683DE0E6FF3E6152D7AAB62.e.3068/click - {}
RESULT: {}
COMMAND: POST /session/2eb25f1cbe9612d735ab0219d8fb520b/execute/async - {"script":"<script> [1562 bytes]","args":[{"selector":{"id":"application-manageresources-display-component---newResourceUnit--WEIGHT_UNIT-arrow"},"wdio_ui5_key":"applicationmanageresources-display-component---newResourceUnit--WEIGHT_UNIT-arrow"}]}
COMMAND: GET /session/2eb25f1cbe9612d735ab0219d8fb520b/screenshot - {}
RESULT: {"script":"<script> [1562 bytes]","args":[{"selector":{"id":"application-manageresources-display-component---newResourceUnit--WEIGHT_UNIT-arrow"},"wdio_ui5_key":"applicationmanageresources-display-component---newResourceUnit--WEIGHT_UNIT-arrow"}]}
RESULT: undefined
COMMAND: POST /session/2eb25f1cbe9612d735ab0219d8fb520b/element - {"using":"xpath","value":"//*[@id=\"application-manageresources-display-component---newResourceUnit--WEIGHT_UNIT-arrow\"]"}
RESULT: {}
RESULT: {"using":"xpath","value":"//*[@id=\"application-manageresources-display-component---newResourceUnit--WEIGHT_UNIT-arrow\"]"}
COMMAND: POST /session/2eb25f1cbe9612d735ab0219d8fb520b/element/f.1920C544C16071EF810842AAA08EA988.d.7553289A7683DE0E6FF3E6152D7AAB62.e.3069/click - {}
RESULT: {}
COMMAND: POST /session/2eb25f1cbe9612d735ab0219d8fb520b/execute/async - {"script":"<script> [1562 bytes]","args":[{"selector":{"controlType":"sap.m.StandardListItem","viewName":"reusables.view.manageresources.NewResourceUnit","viewId":"application-manageresources-display-component---newResourceUnit","properties":{"title":"Gram"},"searchOpenDialogs":true,"interaction":{"idSuffix":"content"}},"wdio_ui5_key":"reusablesview.manageresources.NewResourceUnitsap.m.StandardListItem{\"title\":\"Gram\"}"}]}
COMMAND: GET /session/2eb25f1cbe9612d735ab0219d8fb520b/screenshot - {}
RESULT: {"script":"<script> [1562 bytes]","args":[{"selector":{"controlType":"sap.m.StandardListItem","viewName":"reusables.view.manageresources.NewResourceUnit","viewId":"application-manageresources-display-component---newResourceUnit","properties":{"title":"Gram"},"searchOpenDialogs":true,"interaction":{"idSuffix":"content"}},"wdio_ui5_key":"reusablesview.manageresources.NewResourceUnitsap.m.StandardListItem{\"title\":\"Gram\"}"}]}
RESULT: undefined
COMMAND: POST /session/2eb25f1cbe9612d735ab0219d8fb520b/element - {"using":"xpath","value":"//*[@id=\"__item814\"]"}
RESULT: {}
RESULT: {"using":"xpath","value":"//*[@id=\"__item814\"]"}
COMMAND: POST /session/2eb25f1cbe9612d735ab0219d8fb520b/element/f.1920C544C16071EF810842AAA08EA988.d.7553289A7683DE0E6FF3E6152D7AAB62.e.3071/click - {}
RESULT: {}
COMMAND: POST /session/2eb25f1cbe9612d735ab0219d8fb520b/element - {"using":"xpath","value":"//bdi[text()='Reference']"}
COMMAND: GET /session/2eb25f1cbe9612d735ab0219d8fb520b/screenshot - {}
RESULT: {"using":"xpath","value":"//bdi[text()='Reference']"}
COMMAND: GET /session/2eb25f1cbe9612d735ab0219d8fb520b/element/f.1920C544C16071EF810842AAA08EA988.d.7553289A7683DE0E6FF3E6152D7AAB62.e.3072/enabled - {}
RESULT: {}
RESULT: {}
COMMAND: POST /session/2eb25f1cbe9612d735ab0219d8fb520b/execute/sync - {"script":"<script> [8489 bytes]","args":[{"element-6066-11e4-a52e-4f735466cecf":"f.1920C544C16071EF810842AAA08EA988.d.7553289A7683DE0E6FF3E6152D7AAB62.e.3072","ELEMENT":"f.1920C544C16071EF810842AAA08EA988.d.7553289A7683DE0E6FF3E6152D7AAB62.e.3072"}]}
COMMAND: GET /session/2eb25f1cbe9612d735ab0219d8fb520b/screenshot - {}
RESULT: {"script":"<script> [8489 bytes]","args":[{"element-6066-11e4-a52e-4f735466cecf":"f.1920C544C16071EF810842AAA08EA988.d.7553289A7683DE0E6FF3E6152D7AAB62.e.3072","ELEMENT":"f.1920C544C16071EF810842AAA08EA988.d.7553289A7683DE0E6FF3E6152D7AAB62.e.3072"}]}
COMMAND: POST /session/2eb25f1cbe9612d735ab0219d8fb520b/execute/sync - {"script":"<script> [5351 bytes]","args":[{"element-6066-11e4-a52e-4f735466cecf":"f.1920C544C16071EF810842AAA08EA988.d.7553289A7683DE0E6FF3E6152D7AAB62.e.3072","ELEMENT":"f.1920C544C16071EF810842AAA08EA988.d.7553289A7683DE0E6FF3E6152D7AAB62.e.3072"}]}
COMMAND: GET /session/2eb25f1cbe9612d735ab0219d8fb520b/screenshot - {}
RESULT: {}
RESULT: {"script":"<script> [5351 bytes]","args":[{"element-6066-11e4-a52e-4f735466cecf":"f.1920C544C16071EF810842AAA08EA988.d.7553289A7683DE0E6FF3E6152D7AAB62.e.3072","ELEMENT":"f.1920C544C16071EF810842AAA08EA988.d.7553289A7683DE0E6FF3E6152D7AAB62.e.3072"}]}
COMMAND: POST /session/2eb25f1cbe9612d735ab0219d8fb520b/element/f.1920C544C16071EF810842AAA08EA988.d.7553289A7683DE0E6FF3E6152D7AAB62.e.3072/click - {}
COMMAND: GET /session/2eb25f1cbe9612d735ab0219d8fb520b/screenshot - {}
RESULT: {}
RESULT: {}
COMMAND: POST /session/2eb25f1cbe9612d735ab0219d8fb520b/element - {"using":"xpath","value":"//bdi[text()='General Information']"}
COMMAND: GET /session/2eb25f1cbe9612d735ab0219d8fb520b/screenshot - {}
RESULT: {}
RESULT: {"using":"xpath","value":"//bdi[text()='General Information']"}
COMMAND: GET /session/2eb25f1cbe9612d735ab0219d8fb520b/element/f.1920C544C16071EF810842AAA08EA988.d.7553289A7683DE0E6FF3E6152D7AAB62.e.3077/enabled - {}
RESULT: {}
RESULT: {}
COMMAND: POST /session/2eb25f1cbe9612d735ab0219d8fb520b/execute/sync - {"script":"<script> [8489 bytes]","args":[{"element-6066-11e4-a52e-4f735466cecf":"f.1920C544C16071EF810842AAA08EA988.d.7553289A7683DE0E6FF3E6152D7AAB62.e.3077","ELEMENT":"f.1920C544C16071EF810842AAA08EA988.d.7553289A7683DE0E6FF3E6152D7AAB62.e.3077"}]}
COMMAND: GET /session/2eb25f1cbe9612d735ab0219d8fb520b/screenshot - {}
RESULT: {"script":"<script> [8489 bytes]","args":[{"element-6066-11e4-a52e-4f735466cecf":"f.1920C544C16071EF810842AAA08EA988.d.7553289A7683DE0E6FF3E6152D7AAB62.e.3077","ELEMENT":"f.1920C544C16071EF810842AAA08EA988.d.7553289A7683DE0E6FF3E6152D7AAB62.e.3077"}]}
COMMAND: POST /session/2eb25f1cbe9612d735ab0219d8fb520b/execute/sync - {"script":"<script> [5351 bytes]","args":[{"element-6066-11e4-a52e-4f735466cecf":"f.1920C544C16071EF810842AAA08EA988.d.7553289A7683DE0E6FF3E6152D7AAB62.e.3077","ELEMENT":"f.1920C544C16071EF810842AAA08EA988.d.7553289A7683DE0E6FF3E6152D7AAB62.e.3077"}]}
COMMAND: GET /session/2eb25f1cbe9612d735ab0219d8fb520b/screenshot - {}
RESULT: {}
RESULT: {"script":"<script> [5351 bytes]","args":[{"element-6066-11e4-a52e-4f735466cecf":"f.1920C544C16071EF810842AAA08EA988.d.7553289A7683DE0E6FF3E6152D7AAB62.e.3077","ELEMENT":"f.1920C544C16071EF810842AAA08EA988.d.7553289A7683DE0E6FF3E6152D7AAB62.e.3077"}]}
COMMAND: POST /session/2eb25f1cbe9612d735ab0219d8fb520b/element/f.1920C544C16071EF810842AAA08EA988.d.7553289A7683DE0E6FF3E6152D7AAB62.e.3077/click - {}
COMMAND: GET /session/2eb25f1cbe9612d735ab0219d8fb520b/screenshot - {}
RESULT: {}
RESULT: {}
COMMAND: POST /session/2eb25f1cbe9612d735ab0219d8fb520b/execute/async - {"script":"<script> [1562 bytes]","args":[{"selector":{"id":"application-manageresources-display-component---newResourceUnit--DIMENSION_UNIT-arrow"},"wdio_ui5_key":"applicationmanageresources-display-component---newResourceUnit--DIMENSION_UNIT-arrow"}]}
COMMAND: GET /session/2eb25f1cbe9612d735ab0219d8fb520b/screenshot - {}
RESULT: {}
RESULT: {"script":"<script> [1562 bytes]","args":[{"selector":{"id":"application-manageresources-display-component---newResourceUnit--DIMENSION_UNIT-arrow"},"wdio_ui5_key":"applicationmanageresources-display-component---newResourceUnit--DIMENSION_UNIT-arrow"}]}
RESULT: undefined
COMMAND: POST /session/2eb25f1cbe9612d735ab0219d8fb520b/element - {"using":"xpath","value":"//*[@id=\"application-manageresources-display-component---newResourceUnit--DIMENSION_UNIT-arrow\"]"}
RESULT: {}
RESULT: {"using":"xpath","value":"//*[@id=\"application-manageresources-display-component---newResourceUnit--DIMENSION_UNIT-arrow\"]"}
COMMAND: POST /session/2eb25f1cbe9612d735ab0219d8fb520b/element/f.1920C544C16071EF810842AAA08EA988.d.7553289A7683DE0E6FF3E6152D7AAB62.e.3079/click - {}
RESULT: {}
COMMAND: GET /session/2eb25f1cbe9612d735ab0219d8fb520b/screenshot - {}
RESULT: {}
COMMAND: POST /session/2eb25f1cbe9612d735ab0219d8fb520b/execute/async - {"script":"<script> [1562 bytes]","args":[{"selector":{"controlType":"sap.m.StandardListItem","viewName":"reusables.view.manageresources.NewResourceUnit","viewId":"application-manageresources-display-component---newResourceUnit","properties":{"title":"Centimeter"},"searchOpenDialogs":true,"interaction":{"idSuffix":"titleText"}},"wdio_ui5_key":"reusablesview.manageresources.NewResourceUnitsap.m.StandardListItem{\"title\":\"Centimeter\"}"}]}
RESULT: {"script":"<script> [1562 bytes]","args":[{"selector":{"controlType":"sap.m.StandardListItem","viewName":"reusables.view.manageresources.NewResourceUnit","viewId":"application-manageresources-display-component---newResourceUnit","properties":{"title":"Centimeter"},"searchOpenDialogs":true,"interaction":{"idSuffix":"titleText"}},"wdio_ui5_key":"reusablesview.manageresources.NewResourceUnitsap.m.StandardListItem{\"title\":\"Centimeter\"}"}]}
RESULT: undefined
COMMAND: POST /session/2eb25f1cbe9612d735ab0219d8fb520b/element - {"using":"xpath","value":"//*[@id=\"__item817\"]"}
RESULT: {"using":"xpath","value":"//*[@id=\"__item817\"]"}
COMMAND: POST /session/2eb25f1cbe9612d735ab0219d8fb520b/element/f.1920C544C16071EF810842AAA08EA988.d.7553289A7683DE0E6FF3E6152D7AAB62.e.3081/click - {}
RESULT: {}
COMMAND: POST /session/2eb25f1cbe9612d735ab0219d8fb520b/execute/async - {"script":"<script> [1562 bytes]","args":[{"selector":{"id":"application-manageresources-display-component---newResourceUnit--newRRUPage-anchBar-application-manageresources-display-component---newResourceUnit--reference-anchor","interaction":{"idSuffix":"BDI-content"}},"wdio_ui5_key":"applicationmanageresources-display-component---newResourceUnit--newRRUPage-anchBar-application-manageresources-display-component---newResourceUnit--reference-anchor"}]}
COMMAND: GET /session/2eb25f1cbe9612d735ab0219d8fb520b/screenshot - {}
RESULT: {"script":"<script> [1562 bytes]","args":[{"selector":{"id":"application-manageresources-display-component---newResourceUnit--newRRUPage-anchBar-application-manageresources-display-component---newResourceUnit--reference-anchor","interaction":{"idSuffix":"BDI-content"}},"wdio_ui5_key":"applicationmanageresources-display-component---newResourceUnit--newRRUPage-anchBar-application-manageresources-display-component---newResourceUnit--reference-anchor"}]}
RESULT: undefined
COMMAND: POST /session/2eb25f1cbe9612d735ab0219d8fb520b/element - {"using":"xpath","value":"//*[@id=\"application-manageresources-display-component---newResourceUnit--newRRUPage-anchBar-application-manageresources-display-component---newResourceUnit--reference-anchor\"]"}
RESULT: {}
RESULT: {"using":"xpath","value":"//*[@id=\"application-manageresources-display-component---newResourceUnit--newRRUPage-anchBar-application-manageresources-display-component---newResourceUnit--reference-anchor\"]"}
COMMAND: POST /session/2eb25f1cbe9612d735ab0219d8fb520b/element/f.1920C544C16071EF810842AAA08EA988.d.7553289A7683DE0E6FF3E6152D7AAB62.e.3073/click - {}
RESULT: {}
COMMAND: POST /session/2eb25f1cbe9612d735ab0219d8fb520b/execute/async - {"script":"<script> [1562 bytes]","args":[{"selector":{"id":"application-manageresources-display-component---newResourceUnit--PLANNING_GROUP-arrow"},"wdio_ui5_key":"applicationmanageresources-display-component---newResourceUnit--PLANNING_GROUP-arrow"}]}
COMMAND: GET /session/2eb25f1cbe9612d735ab0219d8fb520b/screenshot - {}
RESULT: {"script":"<script> [1562 bytes]","args":[{"selector":{"id":"application-manageresources-display-component---newResourceUnit--PLANNING_GROUP-arrow"},"wdio_ui5_key":"applicationmanageresources-display-component---newResourceUnit--PLANNING_GROUP-arrow"}]}
RESULT: undefined
COMMAND: POST /session/2eb25f1cbe9612d735ab0219d8fb520b/element - {"using":"xpath","value":"//*[@id=\"application-manageresources-display-component---newResourceUnit--PLANNING_GROUP-arrow\"]"}
RESULT: {}
RESULT: {"using":"xpath","value":"//*[@id=\"application-manageresources-display-component---newResourceUnit--PLANNING_GROUP-arrow\"]"}
COMMAND: POST /session/2eb25f1cbe9612d735ab0219d8fb520b/element/f.1920C544C16071EF810842AAA08EA988.d.7553289A7683DE0E6FF3E6152D7AAB62.e.3084/click - {}
RESULT: {}
COMMAND: POST /session/2eb25f1cbe9612d735ab0219d8fb520b/execute/async - {"script":"<script> [1562 bytes]","args":[{"selector":{"controlType":"sap.m.StandardListItem","viewName":"reusables.view.manageresources.NewResourceUnit","viewId":"application-manageresources-display-component---newResourceUnit","properties":{"title":"Heavy Equi"},"searchOpenDialogs":true,"interaction":{"idSuffix":"content"}},"wdio_ui5_key":"reusablesview.manageresources.NewResourceUnitsap.m.StandardListItem{\"title\":\"Heavy Equi\"}"}]}
COMMAND: GET /session/2eb25f1cbe9612d735ab0219d8fb520b/screenshot - {}
RESULT: {"script":"<script> [1562 bytes]","args":[{"selector":{"controlType":"sap.m.StandardListItem","viewName":"reusables.view.manageresources.NewResourceUnit","viewId":"application-manageresources-display-component---newResourceUnit","properties":{"title":"Heavy Equi"},"searchOpenDialogs":true,"interaction":{"idSuffix":"content"}},"wdio_ui5_key":"reusablesview.manageresources.NewResourceUnitsap.m.StandardListItem{\"title\":\"Heavy Equi\"}"}]}
RESULT: undefined
COMMAND: POST /session/2eb25f1cbe9612d735ab0219d8fb520b/element - {"using":"xpath","value":"//*[@id=\"__item825\"]"}
RESULT: {}
RESULT: {"using":"xpath","value":"//*[@id=\"__item825\"]"}
COMMAND: POST /session/2eb25f1cbe9612d735ab0219d8fb520b/element/f.1920C544C16071EF810842AAA08EA988.d.7553289A7683DE0E6FF3E6152D7AAB62.e.3086/click - {}
RESULT: {}
COMMAND: GET /session/2eb25f1cbe9612d735ab0219d8fb520b/screenshot - {}
RESULT: {}
COMMAND: POST /session/2eb25f1cbe9612d735ab0219d8fb520b/execute/async - {"script":"<script> [1562 bytes]","args":[{"selector":{"id":"application-manageresources-display-component---newResourceUnit--PLANNING_INDICATOR-arrow"},"wdio_ui5_key":"applicationmanageresources-display-component---newResourceUnit--PLANNING_INDICATOR-arrow"}]}
RESULT: {"script":"<script> [1562 bytes]","args":[{"selector":{"id":"application-manageresources-display-component---newResourceUnit--PLANNING_INDICATOR-arrow"},"wdio_ui5_key":"applicationmanageresources-display-component---newResourceUnit--PLANNING_INDICATOR-arrow"}]}
RESULT: undefined
COMMAND: POST /session/2eb25f1cbe9612d735ab0219d8fb520b/element - {"using":"xpath","value":"//*[@id=\"application-manageresources-display-component---newResourceUnit--PLANNING_INDICATOR-arrow\"]"}
RESULT: {"using":"xpath","value":"//*[@id=\"application-manageresources-display-component---newResourceUnit--PLANNING_INDICATOR-arrow\"]"}
COMMAND: POST /session/2eb25f1cbe9612d735ab0219d8fb520b/element/f.1920C544C16071EF810842AAA08EA988.d.7553289A7683DE0E6FF3E6152D7AAB62.e.3087/click - {}
RESULT: {}
COMMAND: POST /session/2eb25f1cbe9612d735ab0219d8fb520b/execute/async - {"script":"<script> [1562 bytes]","args":[{"selector":{"controlType":"sap.m.StandardListItem","viewName":"reusables.view.manageresources.NewResourceUnit","viewId":"application-manageresources-display-component---newResourceUnit","properties":{"title":"10 - infinite"},"searchOpenDialogs":true,"interaction":{"idSuffix":"content"}},"wdio_ui5_key":"reusablesview.manageresources.NewResourceUnitsap.m.StandardListItem{\"title\":\"10 - infinite\"}"}]}
COMMAND: GET /session/2eb25f1cbe9612d735ab0219d8fb520b/screenshot - {}
RESULT: {"script":"<script> [1562 bytes]","args":[{"selector":{"controlType":"sap.m.StandardListItem","viewName":"reusables.view.manageresources.NewResourceUnit","viewId":"application-manageresources-display-component---newResourceUnit","properties":{"title":"10 - infinite"},"searchOpenDialogs":true,"interaction":{"idSuffix":"content"}},"wdio_ui5_key":"reusablesview.manageresources.NewResourceUnitsap.m.StandardListItem{\"title\":\"10 - infinite\"}"}]}
RESULT: undefined
COMMAND: POST /session/2eb25f1cbe9612d735ab0219d8fb520b/element - {"using":"xpath","value":"//*[@id=\"__item835\"]"}
RESULT: {}
RESULT: {"using":"xpath","value":"//*[@id=\"__item835\"]"}
COMMAND: POST /session/2eb25f1cbe9612d735ab0219d8fb520b/element/f.1920C544C16071EF810842AAA08EA988.d.7553289A7683DE0E6FF3E6152D7AAB62.e.3089/click - {}
RESULT: {}
COMMAND: GET /session/2eb25f1cbe9612d735ab0219d8fb520b/screenshot - {}
RESULT: {}
COMMAND: POST /session/2eb25f1cbe9612d735ab0219d8fb520b/element - {"using":"xpath","value":"//bdi[contains(text(), \"Time Segment\")]"}
RESULT: {"using":"xpath","value":"//bdi[contains(text(), \"Time Segment\")]"}
COMMAND: GET /session/2eb25f1cbe9612d735ab0219d8fb520b/element/f.1920C544C16071EF810842AAA08EA988.d.7553289A7683DE0E6FF3E6152D7AAB62.e.3090/rect - {}
RESULT: {}
COMMAND: GET /session/2eb25f1cbe9612d735ab0219d8fb520b/window/rect - {}
RESULT: {}
COMMAND: POST /session/2eb25f1cbe9612d735ab0219d8fb520b/execute/sync - {"script":"<script> [92 bytes]","args":[]}
RESULT: {"script":"<script> [92 bytes]","args":[]}
COMMAND: POST /session/2eb25f1cbe9612d735ab0219d8fb520b/actions - {"actions":[{"id":"action13","type":"wheel","parameters":{},"actions":[{"type":"scroll","x":-1804,"y":-21,"deltaX":0,"deltaY":0,"duration":0,"origin":{"element-6066-11e4-a52e-4f735466cecf":"f.1920C544C16071EF810842AAA08EA988.d.7553289A7683DE0E6FF3E6152D7AAB62.e.3090"}}]}]}
COMMAND: GET /session/2eb25f1cbe9612d735ab0219d8fb520b/screenshot - {}
RESULT: {}
COMMAND: POST /session/2eb25f1cbe9612d735ab0219d8fb520b/execute/sync - {"script":"<script> [79 bytes]","args":[{"element-6066-11e4-a52e-4f735466cecf":"f.1920C544C16071EF810842AAA08EA988.d.7553289A7683DE0E6FF3E6152D7AAB62.e.3090","ELEMENT":"f.1920C544C16071EF810842AAA08EA988.d.7553289A7683DE0E6FF3E6152D7AAB62.e.3090"},{"block":"start","inline":"nearest"}]}
RESULT: {"script":"<script> [79 bytes]","args":[{"element-6066-11e4-a52e-4f735466cecf":"f.1920C544C16071EF810842AAA08EA988.d.7553289A7683DE0E6FF3E6152D7AAB62.e.3090","ELEMENT":"f.1920C544C16071EF810842AAA08EA988.d.7553289A7683DE0E6FF3E6152D7AAB62.e.3090"},{"block":"start","inline":"nearest"}]}
COMMAND: GET /session/2eb25f1cbe9612d735ab0219d8fb520b/screenshot - {}
RESULT: {}
COMMAND: POST /session/2eb25f1cbe9612d735ab0219d8fb520b/element - {"using":"xpath","value":"//span[@id=\"application-manageresources-display-component---newResourceUnit--btnAddTimeSegment-img\"]"}
RESULT: {"using":"xpath","value":"//span[@id=\"application-manageresources-display-component---newResourceUnit--btnAddTimeSegment-img\"]"}
COMMAND: POST /session/2eb25f1cbe9612d735ab0219d8fb520b/execute/sync - {"script":"<script> [8489 bytes]","args":[{"element-6066-11e4-a52e-4f735466cecf":"f.1920C544C16071EF810842AAA08EA988.d.7553289A7683DE0E6FF3E6152D7AAB62.e.3093","ELEMENT":"f.1920C544C16071EF810842AAA08EA988.d.7553289A7683DE0E6FF3E6152D7AAB62.e.3093"}]}
RESULT: {"script":"<script> [8489 bytes]","args":[{"element-6066-11e4-a52e-4f735466cecf":"f.1920C544C16071EF810842AAA08EA988.d.7553289A7683DE0E6FF3E6152D7AAB62.e.3093","ELEMENT":"f.1920C544C16071EF810842AAA08EA988.d.7553289A7683DE0E6FF3E6152D7AAB62.e.3093"}]}
COMMAND: POST /session/2eb25f1cbe9612d735ab0219d8fb520b/element/f.1920C544C16071EF810842AAA08EA988.d.7553289A7683DE0E6FF3E6152D7AAB62.e.3093/click - {}
COMMAND: GET /session/2eb25f1cbe9612d735ab0219d8fb520b/screenshot - {}
RESULT: {}
COMMAND: GET /session/2eb25f1cbe9612d735ab0219d8fb520b/screenshot - {}
COMMAND: POST /session/2eb25f1cbe9612d735ab0219d8fb520b/element - {"using":"xpath","value":"//input[@id=\"application-manageresources-display-component---newResourceUnit--idRuTSAdmin-application-manageresources-display-component---newResourceUnit--RUTimeSegment-0-inner\"]"}
RESULT: {}
RESULT: {}
RESULT: {"using":"xpath","value":"//input[@id=\"application-manageresources-display-component---newResourceUnit--idRuTSAdmin-application-manageresources-display-component---newResourceUnit--RUTimeSegment-0-inner\"]"}
COMMAND: POST /session/2eb25f1cbe9612d735ab0219d8fb520b/element/f.1920C544C16071EF810842AAA08EA988.d.7553289A7683DE0E6FF3E6152D7AAB62.e.3096/clear - {}
RESULT: {}
COMMAND: POST /session/2eb25f1cbe9612d735ab0219d8fb520b/element/f.1920C544C16071EF810842AAA08EA988.d.7553289A7683DE0E6FF3E6152D7AAB62.e.3096/value - {"text":"228"}
COMMAND: GET /session/2eb25f1cbe9612d735ab0219d8fb520b/screenshot - {}
RESULT: {"text":"228"}
COMMAND: GET /session/2eb25f1cbe9612d735ab0219d8fb520b/screenshot - {}
RESULT: {}
RESULT: {}
COMMAND: POST /session/2eb25f1cbe9612d735ab0219d8fb520b/actions - {"actions":[{"id":"action14","type":"key","parameters":{},"actions":[{"type":"keyDown","value":"î€‡"},{"type":"pause","duration":10},{"type":"keyUp","value":"î€‡"}]}]}
RESULT: {"actions":[{"id":"action14","type":"key","parameters":{},"actions":[{"type":"keyDown","value":"î€‡"},{"type":"pause","duration":10},{"type":"keyUp","value":"î€‡"}]}]}
COMMAND: POST /session/2eb25f1cbe9612d735ab0219d8fb520b/execute/async - {"script":"<script> [1562 bytes]","args":[{"selector":{"controlType":"sap.m.Button","viewName":"reusables.view.manageresources.NewResourceUnit","viewId":"application-manageresources-display-component---newResourceUnit","i18NText":{"propertyName":"tooltip","key":"save"},"interaction":{"idSuffix":"BDI-content"}},"wdio_ui5_key":"reusablesview.manageresources.NewResourceUnitsap.m.Button{\"propertyName\":\"tooltip\",\"key\":\"save\"}"}]}
COMMAND: GET /session/2eb25f1cbe9612d735ab0219d8fb520b/screenshot - {}
RESULT: {"script":"<script> [1562 bytes]","args":[{"selector":{"controlType":"sap.m.Button","viewName":"reusables.view.manageresources.NewResourceUnit","viewId":"application-manageresources-display-component---newResourceUnit","i18NText":{"propertyName":"tooltip","key":"save"},"interaction":{"idSuffix":"BDI-content"}},"wdio_ui5_key":"reusablesview.manageresources.NewResourceUnitsap.m.Button{\"propertyName\":\"tooltip\",\"key\":\"save\"}"}]}
RESULT: undefined
COMMAND: POST /session/2eb25f1cbe9612d735ab0219d8fb520b/element - {"using":"xpath","value":"//*[@id=\"application-manageresources-display-component---newResourceUnit--createRuButton\"]"}
RESULT: {}
RESULT: {"using":"xpath","value":"//*[@id=\"application-manageresources-display-component---newResourceUnit--createRuButton\"]"}
COMMAND: POST /session/2eb25f1cbe9612d735ab0219d8fb520b/element/f.1920C544C16071EF810842AAA08EA988.d.7553289A7683DE0E6FF3E6152D7AAB62.e.3019/click - {}
RESULT: {}
COMMAND: GET /session/2eb25f1cbe9612d735ab0219d8fb520b/screenshot - {}
RESULT: {}
COMMAND: POST /session/2eb25f1cbe9612d735ab0219d8fb520b/execute/async - {"script":"<script> [1562 bytes]","args":[{"selector":{"controlType":"sap.m.Title","properties":{"text":"Success"},"searchOpenDialogs":true},"wdio_ui5_key":"sapm.Title{\"text\":\"Success\"}"}]}
RESULT: {"script":"<script> [1562 bytes]","args":[{"selector":{"controlType":"sap.m.Title","properties":{"text":"Success"},"searchOpenDialogs":true},"wdio_ui5_key":"sapm.Title{\"text\":\"Success\"}"}]}
RESULT: undefined
COMMAND: POST /session/2eb25f1cbe9612d735ab0219d8fb520b/execute/async - {"script":"<script> [6424 bytes]","args":[{"element-6066-11e4-a52e-4f735466cecf":"f.1920C544C16071EF810842AAA08EA988.d.7553289A7683DE0E6FF3E6152D7AAB62.e.3110"},"getText",[]]}
RESULT: {"script":"<script> [6424 bytes]","args":[{"element-6066-11e4-a52e-4f735466cecf":"f.1920C544C16071EF810842AAA08EA988.d.7553289A7683DE0E6FF3E6152D7AAB62.e.3110"},"getText",[]]}
COMMAND: POST /session/2eb25f1cbe9612d735ab0219d8fb520b/element - {"using":"xpath","value":"//*[contains(@id, '__text') and (contains(text(), 'successfully created') or contains(., 'successfully created'))]"}
RESULT: {"using":"xpath","value":"//*[contains(@id, '__text') and (contains(text(), 'successfully created') or contains(., 'successfully created'))]"}
COMMAND: GET /session/2eb25f1cbe9612d735ab0219d8fb520b/element/f.1920C544C16071EF810842AAA08EA988.d.7553289A7683DE0E6FF3E6152D7AAB62.e.3108/text - {}
RESULT: {}
COMMAND: POST /session/2eb25f1cbe9612d735ab0219d8fb520b/execute/async - {"script":"<script> [1562 bytes]","args":[{"selector":{"controlType":"sap.m.Button","properties":{"text":"Close"},"searchOpenDialogs":true,"interaction":{"idSuffix":"BDI-content"}},"wdio_ui5_key":"sapm.Button{\"text\":\"Close\"}"}]}
RESULT: {"script":"<script> [1562 bytes]","args":[{"selector":{"controlType":"sap.m.Button","properties":{"text":"Close"},"searchOpenDialogs":true,"interaction":{"idSuffix":"BDI-content"}},"wdio_ui5_key":"sapm.Button{\"text\":\"Close\"}"}]}
RESULT: undefined
COMMAND: POST /session/2eb25f1cbe9612d735ab0219d8fb520b/element - {"using":"xpath","value":"//*[@id=\"__mbox-btn-0\"]"}
RESULT: {"using":"xpath","value":"//*[@id=\"__mbox-btn-0\"]"}
COMMAND: POST /session/2eb25f1cbe9612d735ab0219d8fb520b/element/f.1920C544C16071EF810842AAA08EA988.d.7553289A7683DE0E6FF3E6152D7AAB62.e.3106/click - {}
RESULT: {}
COMMAND: GET /session/2eb25f1cbe9612d735ab0219d8fb520b/screenshot - {}
RESULT: {}
COMMAND: POST /session/2eb25f1cbe9612d735ab0219d8fb520b/execute/async - {"script":"<script> [1562 bytes]","args":[{"selector":{"controlType":"sap.ui.core.Icon","viewName":"etm.portal.ui.manageresources.view.Detail","viewId":"application-manageresources-display-component---detailRU","properties":{"src":{"regex":{"source":"overflow"}}}},"wdio_ui5_key":"etmportal.ui.manageresources.view.Detailsap.ui.core.Icon{\"src\":{\"regex\":{\"source\":\"overflow\"}}}"}]}
RESULT: {"script":"<script> [1562 bytes]","args":[{"selector":{"controlType":"sap.ui.core.Icon","viewName":"etm.portal.ui.manageresources.view.Detail","viewId":"application-manageresources-display-component---detailRU","properties":{"src":{"regex":{"source":"overflow"}}}},"wdio_ui5_key":"etmportal.ui.manageresources.view.Detailsap.ui.core.Icon{\"src\":{\"regex\":{\"source\":\"overflow\"}}}"}]}
RESULT: undefined
COMMAND: POST /session/2eb25f1cbe9612d735ab0219d8fb520b/element - {"using":"xpath","value":"//*[@id=\"__title35-_actionsToolbar-overflowButton-img\"]"}
RESULT: {"using":"xpath","value":"//*[@id=\"__title35-_actionsToolbar-overflowButton-img\"]"}
COMMAND: POST /session/2eb25f1cbe9612d735ab0219d8fb520b/element/f.1920C544C16071EF810842AAA08EA988.d.7553289A7683DE0E6FF3E6152D7AAB62.e.3143/click - {}
RESULT: {}
COMMAND: POST /session/2eb25f1cbe9612d735ab0219d8fb520b/execute/async - {"script":"<script> [1562 bytes]","args":[{"selector":{"controlType":"sap.m.Button","viewName":"etm.portal.ui.manageresources.view.Detail","viewId":"application-manageresources-display-component---detailRU","i18NText":{"propertyName":"tooltip","key":"closeColumn"},"searchOpenDialogs":true,"interaction":{"idSuffix":"inner"}},"wdio_ui5_key":"etmportal.ui.manageresources.view.Detailsap.m.Button{\"propertyName\":\"tooltip\",\"key\":\"closeColumn\"}"}]}
COMMAND: GET /session/2eb25f1cbe9612d735ab0219d8fb520b/screenshot - {}
RESULT: {"script":"<script> [1562 bytes]","args":[{"selector":{"controlType":"sap.m.Button","viewName":"etm.portal.ui.manageresources.view.Detail","viewId":"application-manageresources-display-component---detailRU","i18NText":{"propertyName":"tooltip","key":"closeColumn"},"searchOpenDialogs":true,"interaction":{"idSuffix":"inner"}},"wdio_ui5_key":"etmportal.ui.manageresources.view.Detailsap.m.Button{\"propertyName\":\"tooltip\",\"key\":\"closeColumn\"}"}]}
RESULT: undefined
COMMAND: POST /session/2eb25f1cbe9612d735ab0219d8fb520b/element - {"using":"xpath","value":"//*[@id=\"__button146\"]"}
RESULT: {}
RESULT: {"using":"xpath","value":"//*[@id=\"__button146\"]"}
COMMAND: POST /session/2eb25f1cbe9612d735ab0219d8fb520b/element/f.1920C544C16071EF810842AAA08EA988.d.7553289A7683DE0E6FF3E6152D7AAB62.e.3147/click - {}
RESULT: {}
COMMAND: POST /session/2eb25f1cbe9612d735ab0219d8fb520b/element - {"using":"css selector","value":"#shell-header-logo"}
COMMAND: GET /session/2eb25f1cbe9612d735ab0219d8fb520b/screenshot - {}
RESULT: {"using":"css selector","value":"#shell-header-logo"}
COMMAND: POST /session/2eb25f1cbe9612d735ab0219d8fb520b/element/f.1920C544C16071EF810842AAA08EA988.d.7553289A7683DE0E6FF3E6152D7AAB62.e.2614/click - {}
RESULT: {}
RESULT: {}
COMMAND: GET /session/2eb25f1cbe9612d735ab0219d8fb520b/screenshot - {}
RESULT: {}
]]></system-out>
    </testcase>
    <testcase classname="chrome.135_0_7049_96.windows.Stock_increase_-_with_WHM_US125587" name="Bin Status Report Should Create New Organization yard" time="47.913">
      <system-out><![CDATA[
COMMAND: POST /session/2eb25f1cbe9612d735ab0219d8fb520b/element - {"using":"xpath","value":"//div[text()='Warehouse']"}
RESULT: {"using":"xpath","value":"//div[text()='Warehouse']"}
COMMAND: POST /session/2eb25f1cbe9612d735ab0219d8fb520b/elements - {"using":"xpath","value":"//div[text()='Warehouse']"}
RESULT: {"using":"xpath","value":"//div[text()='Warehouse']"}
COMMAND: POST /session/2eb25f1cbe9612d735ab0219d8fb520b/element/f.1920C544C16071EF810842AAA08EA988.d.7553289A7683DE0E6FF3E6152D7AAB62.e.3264/click - {}
RESULT: {}
COMMAND: POST /session/2eb25f1cbe9612d735ab0219d8fb520b/execute/async - {"script":"<script> [1562 bytes]","args":[{"selector":{"controlType":"sap.m.GenericTile","properties":{"header":"Bin Status Report"}},"wdio_ui5_key":"sapm.GenericTile{\"header\":\"Bin Status Report\"}"}]}
COMMAND: GET /session/2eb25f1cbe9612d735ab0219d8fb520b/screenshot - {}
RESULT: {"script":"<script> [1562 bytes]","args":[{"selector":{"controlType":"sap.m.GenericTile","properties":{"header":"Bin Status Report"}},"wdio_ui5_key":"sapm.GenericTile{\"header\":\"Bin Status Report\"}"}]}
RESULT: undefined
COMMAND: POST /session/2eb25f1cbe9612d735ab0219d8fb520b/element - {"using":"xpath","value":"//*[@id=\"__tile108\"]"}
RESULT: {}
RESULT: {"using":"xpath","value":"//*[@id=\"__tile108\"]"}
COMMAND: POST /session/2eb25f1cbe9612d735ab0219d8fb520b/element/f.1920C544C16071EF810842AAA08EA988.d.7553289A7683DE0E6FF3E6152D7AAB62.e.3268/click - {}
RESULT: {}
COMMAND: GET /session/2eb25f1cbe9612d735ab0219d8fb520b/screenshot - {}
COMMAND: POST /session/2eb25f1cbe9612d735ab0219d8fb520b/element - {"using":"xpath","value":"//bdi[text()='Create New Organization']"}
RESULT: {}
RESULT: {"using":"xpath","value":"//bdi[text()='Create New Organization']"}
COMMAND: POST /session/2eb25f1cbe9612d735ab0219d8fb520b/elements - {"using":"xpath","value":"//bdi[text()='Create New Organization']"}
RESULT: {"using":"xpath","value":"//bdi[text()='Create New Organization']"}
COMMAND: POST /session/2eb25f1cbe9612d735ab0219d8fb520b/element/f.1920C544C16071EF810842AAA08EA988.d.7553289A7683DE0E6FF3E6152D7AAB62.e.3352/click - {}
RESULT: {}
COMMAND: POST /session/2eb25f1cbe9612d735ab0219d8fb520b/execute/async - {"script":"<script> [1562 bytes]","args":[{"selector":{"id":"createOrganizationPop--sectionInput","searchOpenDialogs":true,"interaction":{"idSuffix":"inner"}},"wdio_ui5_key":"createOrganizationPopsectionInput"}]}
COMMAND: GET /session/2eb25f1cbe9612d735ab0219d8fb520b/screenshot - {}
RESULT: {"script":"<script> [1562 bytes]","args":[{"selector":{"id":"createOrganizationPop--sectionInput","searchOpenDialogs":true,"interaction":{"idSuffix":"inner"}},"wdio_ui5_key":"createOrganizationPopsectionInput"}]}
RESULT: undefined
COMMAND: POST /session/2eb25f1cbe9612d735ab0219d8fb520b/execute/async - {"script":"<script> [776 bytes]","args":[{"enterText":"WHIvfzjpf","selector":{"id":"createOrganizationPop--sectionInput","searchOpenDialogs":true,"interaction":{"idSuffix":"inner"}},"clearTextFirst":true,"interactionType":"ENTER_TEXT"}]}
RESULT: {}
RESULT: {"script":"<script> [776 bytes]","args":[{"enterText":"WHIvfzjpf","selector":{"id":"createOrganizationPop--sectionInput","searchOpenDialogs":true,"interaction":{"idSuffix":"inner"}},"clearTextFirst":true,"interactionType":"ENTER_TEXT"}]}
COMMAND: POST /session/2eb25f1cbe9612d735ab0219d8fb520b/execute/async - {"script":"<script> [1562 bytes]","args":[{"selector":{"id":"createOrganizationPop--descriptionInput","searchOpenDialogs":true,"interaction":{"idSuffix":"inner"}},"wdio_ui5_key":"createOrganizationPopdescriptionInput"}]}
RESULT: {"script":"<script> [1562 bytes]","args":[{"selector":{"id":"createOrganizationPop--descriptionInput","searchOpenDialogs":true,"interaction":{"idSuffix":"inner"}},"wdio_ui5_key":"createOrganizationPopdescriptionInput"}]}
RESULT: undefined
COMMAND: POST /session/2eb25f1cbe9612d735ab0219d8fb520b/execute/async - {"script":"<script> [776 bytes]","args":[{"enterText":"WHIvfzjpf","selector":{"id":"createOrganizationPop--descriptionInput","searchOpenDialogs":true,"interaction":{"idSuffix":"inner"}},"clearTextFirst":true,"interactionType":"ENTER_TEXT"}]}
RESULT: {"script":"<script> [776 bytes]","args":[{"enterText":"WHIvfzjpf","selector":{"id":"createOrganizationPop--descriptionInput","searchOpenDialogs":true,"interaction":{"idSuffix":"inner"}},"clearTextFirst":true,"interactionType":"ENTER_TEXT"}]}
COMMAND: POST /session/2eb25f1cbe9612d735ab0219d8fb520b/element - {"using":"css selector","value":"#createOrganizationPop--yardOrg-inner"}
RESULT: {"using":"css selector","value":"#createOrganizationPop--yardOrg-inner"}
COMMAND: POST /session/2eb25f1cbe9612d735ab0219d8fb520b/element/f.1920C544C16071EF810842AAA08EA988.d.7553289A7683DE0E6FF3E6152D7AAB62.e.3356/clear - {}
RESULT: {}
COMMAND: POST /session/2eb25f1cbe9612d735ab0219d8fb520b/element/f.1920C544C16071EF810842AAA08EA988.d.7553289A7683DE0E6FF3E6152D7AAB62.e.3356/value - {"text":"228"}
COMMAND: GET /session/2eb25f1cbe9612d735ab0219d8fb520b/screenshot - {}
RESULT: {"text":"228"}
COMMAND: GET /session/2eb25f1cbe9612d735ab0219d8fb520b/screenshot - {}
RESULT: {}
RESULT: {}
COMMAND: POST /session/2eb25f1cbe9612d735ab0219d8fb520b/actions - {"actions":[{"id":"action15","type":"key","parameters":{},"actions":[{"type":"keyDown","value":"î€‡"},{"type":"pause","duration":10},{"type":"keyUp","value":"î€‡"}]}]}
RESULT: {"actions":[{"id":"action15","type":"key","parameters":{},"actions":[{"type":"keyDown","value":"î€‡"},{"type":"pause","duration":10},{"type":"keyUp","value":"î€‡"}]}]}
COMMAND: POST /session/2eb25f1cbe9612d735ab0219d8fb520b/execute/async - {"script":"<script> [1562 bytes]","args":[{"selector":{"id":"createOrganizationPop--grZone","searchOpenDialogs":true,"interaction":{"idSuffix":"CbBg"}},"wdio_ui5_key":"createOrganizationPopgrZone"}]}
COMMAND: GET /session/2eb25f1cbe9612d735ab0219d8fb520b/screenshot - {}
RESULT: {"script":"<script> [1562 bytes]","args":[{"selector":{"id":"createOrganizationPop--grZone","searchOpenDialogs":true,"interaction":{"idSuffix":"CbBg"}},"wdio_ui5_key":"createOrganizationPopgrZone"}]}
RESULT: undefined
COMMAND: POST /session/2eb25f1cbe9612d735ab0219d8fb520b/element - {"using":"xpath","value":"//*[@id=\"createOrganizationPop--grZone\"]"}
RESULT: {}
RESULT: {"using":"xpath","value":"//*[@id=\"createOrganizationPop--grZone\"]"}
COMMAND: POST /session/2eb25f1cbe9612d735ab0219d8fb520b/element/f.1920C544C16071EF810842AAA08EA988.d.7553289A7683DE0E6FF3E6152D7AAB62.e.3376/click - {}
RESULT: {}
COMMAND: POST /session/2eb25f1cbe9612d735ab0219d8fb520b/execute/async - {"script":"<script> [1562 bytes]","args":[{"selector":{"id":"createOrganizationPop--giZone","searchOpenDialogs":true,"interaction":{"idSuffix":"CbBg"}},"wdio_ui5_key":"createOrganizationPopgiZone"}]}
COMMAND: GET /session/2eb25f1cbe9612d735ab0219d8fb520b/screenshot - {}
RESULT: {"script":"<script> [1562 bytes]","args":[{"selector":{"id":"createOrganizationPop--giZone","searchOpenDialogs":true,"interaction":{"idSuffix":"CbBg"}},"wdio_ui5_key":"createOrganizationPopgiZone"}]}
RESULT: undefined
COMMAND: POST /session/2eb25f1cbe9612d735ab0219d8fb520b/element - {"using":"xpath","value":"//*[@id=\"createOrganizationPop--giZone\"]"}
RESULT: {}
RESULT: {"using":"xpath","value":"//*[@id=\"createOrganizationPop--giZone\"]"}
COMMAND: POST /session/2eb25f1cbe9612d735ab0219d8fb520b/element/f.1920C544C16071EF810842AAA08EA988.d.7553289A7683DE0E6FF3E6152D7AAB62.e.3378/click - {}
RESULT: {}
COMMAND: POST /session/2eb25f1cbe9612d735ab0219d8fb520b/execute/async - {"script":"<script> [1562 bytes]","args":[{"selector":{"id":"createOrganizationPop--binNoInput","searchOpenDialogs":true,"interaction":{"idSuffix":"inner"}},"wdio_ui5_key":"createOrganizationPopbinNoInput"}]}
COMMAND: GET /session/2eb25f1cbe9612d735ab0219d8fb520b/screenshot - {}
RESULT: {"script":"<script> [1562 bytes]","args":[{"selector":{"id":"createOrganizationPop--binNoInput","searchOpenDialogs":true,"interaction":{"idSuffix":"inner"}},"wdio_ui5_key":"createOrganizationPopbinNoInput"}]}
RESULT: undefined
COMMAND: POST /session/2eb25f1cbe9612d735ab0219d8fb520b/execute/async - {"script":"<script> [776 bytes]","args":[{"enterText":"Bin-Wd","selector":{"id":"createOrganizationPop--binNoInput","searchOpenDialogs":true,"interaction":{"idSuffix":"inner"}},"clearTextFirst":true,"interactionType":"ENTER_TEXT"}]}
RESULT: {}
RESULT: {"script":"<script> [776 bytes]","args":[{"enterText":"Bin-Wd","selector":{"id":"createOrganizationPop--binNoInput","searchOpenDialogs":true,"interaction":{"idSuffix":"inner"}},"clearTextFirst":true,"interactionType":"ENTER_TEXT"}]}
COMMAND: POST /session/2eb25f1cbe9612d735ab0219d8fb520b/execute/async - {"script":"<script> [1562 bytes]","args":[{"selector":{"id":"createOrganizationPop--descriptionId","searchOpenDialogs":true,"interaction":{"idSuffix":"inner"}},"wdio_ui5_key":"createOrganizationPopdescriptionId"}]}
RESULT: {"script":"<script> [1562 bytes]","args":[{"selector":{"id":"createOrganizationPop--descriptionId","searchOpenDialogs":true,"interaction":{"idSuffix":"inner"}},"wdio_ui5_key":"createOrganizationPopdescriptionId"}]}
RESULT: undefined
COMMAND: POST /session/2eb25f1cbe9612d735ab0219d8fb520b/execute/async - {"script":"<script> [776 bytes]","args":[{"enterText":"Shipping-Wd","selector":{"id":"createOrganizationPop--descriptionId","searchOpenDialogs":true,"interaction":{"idSuffix":"inner"}},"clearTextFirst":true,"interactionType":"ENTER_TEXT"}]}
RESULT: {"script":"<script> [776 bytes]","args":[{"enterText":"Shipping-Wd","selector":{"id":"createOrganizationPop--descriptionId","searchOpenDialogs":true,"interaction":{"idSuffix":"inner"}},"clearTextFirst":true,"interactionType":"ENTER_TEXT"}]}
COMMAND: POST /session/2eb25f1cbe9612d735ab0219d8fb520b/execute/async - {"script":"<script> [1562 bytes]","args":[{"selector":{"controlType":"sap.m.CheckBox","viewName":"etm.portal.ui.binstatusreport.view.MasterWareBins","viewId":"application-binstatusreport-display-component---warehousing","bindingPath":{"path":"","propertyPath":"/ZONE","modelName":"newBin"},"searchOpenDialogs":true,"interaction":{"idSuffix":"CbBg"}},"wdio_ui5_key":"etmportal.ui.binstatusreport.view.MasterWareBinssap.m.CheckBox{\"path\":\"\",\"propertyPath\":\"/ZONE\",\"modelName\":\"newBin\"}"}]}
RESULT: {"script":"<script> [1562 bytes]","args":[{"selector":{"controlType":"sap.m.CheckBox","viewName":"etm.portal.ui.binstatusreport.view.MasterWareBins","viewId":"application-binstatusreport-display-component---warehousing","bindingPath":{"path":"","propertyPath":"/ZONE","modelName":"newBin"},"searchOpenDialogs":true,"interaction":{"idSuffix":"CbBg"}},"wdio_ui5_key":"etmportal.ui.binstatusreport.view.MasterWareBinssap.m.CheckBox{\"path\":\"\",\"propertyPath\":\"/ZONE\",\"modelName\":\"newBin\"}"}]}
RESULT: undefined
COMMAND: POST /session/2eb25f1cbe9612d735ab0219d8fb520b/element - {"using":"xpath","value":"//*[@id=\"__box41\"]"}
RESULT: {"using":"xpath","value":"//*[@id=\"__box41\"]"}
COMMAND: POST /session/2eb25f1cbe9612d735ab0219d8fb520b/element/f.1920C544C16071EF810842AAA08EA988.d.7553289A7683DE0E6FF3E6152D7AAB62.e.3382/click - {}
RESULT: {}
COMMAND: POST /session/2eb25f1cbe9612d735ab0219d8fb520b/execute/async - {"script":"<script> [1562 bytes]","args":[{"selector":{"id":"createOrganizationPop--binTypesCB-arrow","searchOpenDialogs":true},"wdio_ui5_key":"createOrganizationPopbinTypesCB-arrow"}]}
COMMAND: GET /session/2eb25f1cbe9612d735ab0219d8fb520b/screenshot - {}
RESULT: {"script":"<script> [1562 bytes]","args":[{"selector":{"id":"createOrganizationPop--binTypesCB-arrow","searchOpenDialogs":true},"wdio_ui5_key":"createOrganizationPopbinTypesCB-arrow"}]}
RESULT: undefined
COMMAND: POST /session/2eb25f1cbe9612d735ab0219d8fb520b/element - {"using":"xpath","value":"//*[@id=\"createOrganizationPop--binTypesCB-arrow\"]"}
RESULT: {}
RESULT: {"using":"xpath","value":"//*[@id=\"createOrganizationPop--binTypesCB-arrow\"]"}
COMMAND: POST /session/2eb25f1cbe9612d735ab0219d8fb520b/element/f.1920C544C16071EF810842AAA08EA988.d.7553289A7683DE0E6FF3E6152D7AAB62.e.3383/click - {}
RESULT: {}
COMMAND: POST /session/2eb25f1cbe9612d735ab0219d8fb520b/execute/async - {"script":"<script> [1562 bytes]","args":[{"selector":{"id":"createOrganizationPop--binTypesCB","searchOpenDialogs":true,"interaction":{"idSuffix":"inner"}},"wdio_ui5_key":"createOrganizationPopbinTypesCB"}]}
COMMAND: GET /session/2eb25f1cbe9612d735ab0219d8fb520b/screenshot - {}
RESULT: {"script":"<script> [1562 bytes]","args":[{"selector":{"id":"createOrganizationPop--binTypesCB","searchOpenDialogs":true,"interaction":{"idSuffix":"inner"}},"wdio_ui5_key":"createOrganizationPopbinTypesCB"}]}
RESULT: undefined
COMMAND: POST /session/2eb25f1cbe9612d735ab0219d8fb520b/execute/async - {"script":"<script> [776 bytes]","args":[{"enterText":"1 - General / No capacity check","selector":{"id":"createOrganizationPop--binTypesCB","searchOpenDialogs":true,"interaction":{"idSuffix":"inner"}},"clearTextFirst":true,"interactionType":"ENTER_TEXT"}]}
RESULT: {}
RESULT: {"script":"<script> [776 bytes]","args":[{"enterText":"1 - General / No capacity check","selector":{"id":"createOrganizationPop--binTypesCB","searchOpenDialogs":true,"interaction":{"idSuffix":"inner"}},"clearTextFirst":true,"interactionType":"ENTER_TEXT"}]}
COMMAND: POST /session/2eb25f1cbe9612d735ab0219d8fb520b/actions - {"actions":[{"id":"action16","type":"key","parameters":{},"actions":[{"type":"keyDown","value":"î€‡"},{"type":"pause","duration":10},{"type":"keyUp","value":"î€‡"}]}]}
RESULT: {"actions":[{"id":"action16","type":"key","parameters":{},"actions":[{"type":"keyDown","value":"î€‡"},{"type":"pause","duration":10},{"type":"keyUp","value":"î€‡"}]}]}
COMMAND: GET /session/2eb25f1cbe9612d735ab0219d8fb520b/screenshot - {}
RESULT: {}
COMMAND: POST /session/2eb25f1cbe9612d735ab0219d8fb520b/execute/async - {"script":"<script> [1562 bytes]","args":[{"selector":{"id":"createOrganizationPop--finishBtn","searchOpenDialogs":true,"interaction":{"idSuffix":"BDI-content"}},"wdio_ui5_key":"createOrganizationPopfinishBtn"}]}
RESULT: {"script":"<script> [1562 bytes]","args":[{"selector":{"id":"createOrganizationPop--finishBtn","searchOpenDialogs":true,"interaction":{"idSuffix":"BDI-content"}},"wdio_ui5_key":"createOrganizationPopfinishBtn"}]}
RESULT: undefined
COMMAND: POST /session/2eb25f1cbe9612d735ab0219d8fb520b/element - {"using":"xpath","value":"//*[@id=\"createOrganizationPop--finishBtn\"]"}
RESULT: {"using":"xpath","value":"//*[@id=\"createOrganizationPop--finishBtn\"]"}
COMMAND: POST /session/2eb25f1cbe9612d735ab0219d8fb520b/element/f.1920C544C16071EF810842AAA08EA988.d.7553289A7683DE0E6FF3E6152D7AAB62.e.3386/click - {}
RESULT: {}
COMMAND: GET /session/2eb25f1cbe9612d735ab0219d8fb520b/screenshot - {}
]]></system-out>
    </testcase>
    <testcase classname="chrome.135_0_7049_96.windows.Stock_increase_-_with_WHM_US125587" name="Bin Status Report Should Create New Organization for Site" time="65.074">
      <system-out><![CDATA[
RESULT: {}
COMMAND: POST /session/2eb25f1cbe9612d735ab0219d8fb520b/execute/async - {"script":"<script> [1562 bytes]","args":[{"selector":{"id":"application-binstatusreport-display-component---warehousing--createOrgBtn","interaction":{"idSuffix":"content"}},"wdio_ui5_key":"applicationbinstatusreport-display-component---warehousing--createOrgBtn"}]}
RESULT: {"script":"<script> [1562 bytes]","args":[{"selector":{"id":"application-binstatusreport-display-component---warehousing--createOrgBtn","interaction":{"idSuffix":"content"}},"wdio_ui5_key":"applicationbinstatusreport-display-component---warehousing--createOrgBtn"}]}
RESULT: undefined
COMMAND: POST /session/2eb25f1cbe9612d735ab0219d8fb520b/element - {"using":"xpath","value":"//*[@id=\"application-binstatusreport-display-component---warehousing--createOrgBtn\"]"}
RESULT: {"using":"xpath","value":"//*[@id=\"application-binstatusreport-display-component---warehousing--createOrgBtn\"]"}
COMMAND: POST /session/2eb25f1cbe9612d735ab0219d8fb520b/element/f.1920C544C16071EF810842AAA08EA988.d.7553289A7683DE0E6FF3E6152D7AAB62.e.3304/click - {}
RESULT: {}
RESULT: undefined
COMMAND: POST /session/2eb25f1cbe9612d735ab0219d8fb520b/execute/async - {"script":"<script> [776 bytes]","args":[{"enterText":"2085","selector":{"id":"createOrganizationPop--sectionInput","searchOpenDialogs":true,"interaction":{"idSuffix":"inner"}},"clearTextFirst":true,"interactionType":"ENTER_TEXT"}]}
COMMAND: GET /session/2eb25f1cbe9612d735ab0219d8fb520b/screenshot - {}
RESULT: {"script":"<script> [776 bytes]","args":[{"enterText":"2085","selector":{"id":"createOrganizationPop--sectionInput","searchOpenDialogs":true,"interaction":{"idSuffix":"inner"}},"clearTextFirst":true,"interactionType":"ENTER_TEXT"}]}
RESULT: undefined
COMMAND: POST /session/2eb25f1cbe9612d735ab0219d8fb520b/execute/async - {"script":"<script> [776 bytes]","args":[{"enterText":"2085","selector":{"id":"createOrganizationPop--descriptionInput","searchOpenDialogs":true,"interaction":{"idSuffix":"inner"}},"clearTextFirst":true,"interactionType":"ENTER_TEXT"}]}
RESULT: {}
RESULT: {"script":"<script> [776 bytes]","args":[{"enterText":"2085","selector":{"id":"createOrganizationPop--descriptionInput","searchOpenDialogs":true,"interaction":{"idSuffix":"inner"}},"clearTextFirst":true,"interactionType":"ENTER_TEXT"}]}
COMMAND: POST /session/2eb25f1cbe9612d735ab0219d8fb520b/element - {"using":"css selector","value":"#createOrganizationPop--siteOrg-inner"}
RESULT: {"using":"css selector","value":"#createOrganizationPop--siteOrg-inner"}
COMMAND: POST /session/2eb25f1cbe9612d735ab0219d8fb520b/element/f.1920C544C16071EF810842AAA08EA988.d.7553289A7683DE0E6FF3E6152D7AAB62.e.3394/clear - {}
RESULT: {}
COMMAND: POST /session/2eb25f1cbe9612d735ab0219d8fb520b/element/f.1920C544C16071EF810842AAA08EA988.d.7553289A7683DE0E6FF3E6152D7AAB62.e.3394/value - {"text":"2085"}
COMMAND: GET /session/2eb25f1cbe9612d735ab0219d8fb520b/screenshot - {}
RESULT: {"text":"2085"}
COMMAND: GET /session/2eb25f1cbe9612d735ab0219d8fb520b/screenshot - {}
RESULT: {}
RESULT: {}
COMMAND: POST /session/2eb25f1cbe9612d735ab0219d8fb520b/actions - {"actions":[{"id":"action17","type":"key","parameters":{},"actions":[{"type":"keyDown","value":"î€‡"},{"type":"pause","duration":10},{"type":"keyUp","value":"î€‡"}]}]}
RESULT: {"actions":[{"id":"action17","type":"key","parameters":{},"actions":[{"type":"keyDown","value":"î€‡"},{"type":"pause","duration":10},{"type":"keyUp","value":"î€‡"}]}]}
RESULT: undefined
COMMAND: POST /session/2eb25f1cbe9612d735ab0219d8fb520b/element - {"using":"xpath","value":"//*[@id=\"createOrganizationPop--giZone\"]"}
COMMAND: GET /session/2eb25f1cbe9612d735ab0219d8fb520b/screenshot - {}
RESULT: {"using":"xpath","value":"//*[@id=\"createOrganizationPop--giZone\"]"}
COMMAND: POST /session/2eb25f1cbe9612d735ab0219d8fb520b/element/f.1920C544C16071EF810842AAA08EA988.d.7553289A7683DE0E6FF3E6152D7AAB62.e.3412/click - {}
RESULT: {}
RESULT: {}
RESULT: undefined
COMMAND: POST /session/2eb25f1cbe9612d735ab0219d8fb520b/execute/async - {"script":"<script> [776 bytes]","args":[{"enterText":"WD-BIN","selector":{"id":"createOrganizationPop--binNoInput","searchOpenDialogs":true,"interaction":{"idSuffix":"inner"}},"clearTextFirst":true,"interactionType":"ENTER_TEXT"}]}
COMMAND: GET /session/2eb25f1cbe9612d735ab0219d8fb520b/screenshot - {}
RESULT: {"script":"<script> [776 bytes]","args":[{"enterText":"WD-BIN","selector":{"id":"createOrganizationPop--binNoInput","searchOpenDialogs":true,"interaction":{"idSuffix":"inner"}},"clearTextFirst":true,"interactionType":"ENTER_TEXT"}]}
RESULT: undefined
COMMAND: POST /session/2eb25f1cbe9612d735ab0219d8fb520b/execute/async - {"script":"<script> [776 bytes]","args":[{"enterText":"WD-BIN","selector":{"id":"createOrganizationPop--descriptionId","searchOpenDialogs":true,"interaction":{"idSuffix":"inner"}},"clearTextFirst":true,"interactionType":"ENTER_TEXT"}]}
RESULT: {}
RESULT: {"script":"<script> [776 bytes]","args":[{"enterText":"WD-BIN","selector":{"id":"createOrganizationPop--descriptionId","searchOpenDialogs":true,"interaction":{"idSuffix":"inner"}},"clearTextFirst":true,"interactionType":"ENTER_TEXT"}]}
COMMAND: POST /session/2eb25f1cbe9612d735ab0219d8fb520b/execute/async - {"script":"<script> [1562 bytes]","args":[{"selector":{"controlType":"sap.m.CheckBox","viewName":"etm.portal.ui.binstatusreport.view.MasterWareBins","viewId":"application-binstatusreport-display-component---warehousing","bindingPath":{"propertyPath":"/ZONE","modelName":"newBin"},"searchOpenDialogs":true,"interaction":{"idSuffix":"CbBg"}},"wdio_ui5_key":"etmportal.ui.binstatusreport.view.MasterWareBinssap.m.CheckBox{\"propertyPath\":\"/ZONE\",\"modelName\":\"newBin\"}"}]}
RESULT: {"script":"<script> [1562 bytes]","args":[{"selector":{"controlType":"sap.m.CheckBox","viewName":"etm.portal.ui.binstatusreport.view.MasterWareBins","viewId":"application-binstatusreport-display-component---warehousing","bindingPath":{"propertyPath":"/ZONE","modelName":"newBin"},"searchOpenDialogs":true,"interaction":{"idSuffix":"CbBg"}},"wdio_ui5_key":"etmportal.ui.binstatusreport.view.MasterWareBinssap.m.CheckBox{\"propertyPath\":\"/ZONE\",\"modelName\":\"newBin\"}"}]}
RESULT: undefined
COMMAND: POST /session/2eb25f1cbe9612d735ab0219d8fb520b/element - {"using":"xpath","value":"//*[@id=\"__box44\"]"}
RESULT: {"using":"xpath","value":"//*[@id=\"__box44\"]"}
COMMAND: POST /session/2eb25f1cbe9612d735ab0219d8fb520b/element/f.1920C544C16071EF810842AAA08EA988.d.7553289A7683DE0E6FF3E6152D7AAB62.e.3414/click - {}
RESULT: {}
COMMAND: GET /session/2eb25f1cbe9612d735ab0219d8fb520b/screenshot - {}
RESULT: {}
RESULT: undefined
COMMAND: POST /session/2eb25f1cbe9612d735ab0219d8fb520b/execute/async - {"script":"<script> [776 bytes]","args":[{"enterText":"1 - General / No capacity check","selector":{"id":"createOrganizationPop--binTypesCB","searchOpenDialogs":true,"interaction":{"idSuffix":"inner"}},"clearTextFirst":true,"interactionType":"ENTER_TEXT"}]}
RESULT: {"script":"<script> [776 bytes]","args":[{"enterText":"1 - General / No capacity check","selector":{"id":"createOrganizationPop--binTypesCB","searchOpenDialogs":true,"interaction":{"idSuffix":"inner"}},"clearTextFirst":true,"interactionType":"ENTER_TEXT"}]}
COMMAND: POST /session/2eb25f1cbe9612d735ab0219d8fb520b/execute/async - {"script":"<script> [1562 bytes]","args":[{"selector":{"id":"createOrganizationPop--capacityId","searchOpenDialogs":true,"interaction":{"idSuffix":"inner"}},"wdio_ui5_key":"createOrganizationPopcapacityId"}]}
RESULT: {"script":"<script> [1562 bytes]","args":[{"selector":{"id":"createOrganizationPop--capacityId","searchOpenDialogs":true,"interaction":{"idSuffix":"inner"}},"wdio_ui5_key":"createOrganizationPopcapacityId"}]}
RESULT: undefined
COMMAND: POST /session/2eb25f1cbe9612d735ab0219d8fb520b/actions - {"actions":[{"id":"action18","type":"key","parameters":{},"actions":[{"type":"keyDown","value":"î€‡"},{"type":"pause","duration":10},{"type":"keyUp","value":"î€‡"}]}]}
RESULT: {"actions":[{"id":"action18","type":"key","parameters":{},"actions":[{"type":"keyDown","value":"î€‡"},{"type":"pause","duration":10},{"type":"keyUp","value":"î€‡"}]}]}
COMMAND: GET /session/2eb25f1cbe9612d735ab0219d8fb520b/screenshot - {}
RESULT: {}
RESULT: undefined
COMMAND: POST /session/2eb25f1cbe9612d735ab0219d8fb520b/element - {"using":"xpath","value":"//*[@id=\"createOrganizationPop--finishBtn\"]"}
RESULT: {"using":"xpath","value":"//*[@id=\"createOrganizationPop--finishBtn\"]"}
COMMAND: POST /session/2eb25f1cbe9612d735ab0219d8fb520b/element/f.1920C544C16071EF810842AAA08EA988.d.7553289A7683DE0E6FF3E6152D7AAB62.e.3415/click - {}
RESULT: {}
COMMAND: GET /session/2eb25f1cbe9612d735ab0219d8fb520b/screenshot - {}
RESULT: {}
COMMAND: POST /session/2eb25f1cbe9612d735ab0219d8fb520b/element - {"using":"css selector","value":"#shell-header-icon"}
RESULT: {"using":"css selector","value":"#shell-header-icon"}
COMMAND: POST /session/2eb25f1cbe9612d735ab0219d8fb520b/execute/sync - {"script":"<script> [8489 bytes]","args":[{"element-6066-11e4-a52e-4f735466cecf":"f.1920C544C16071EF810842AAA08EA988.d.7553289A7683DE0E6FF3E6152D7AAB62.e.3263","ELEMENT":"f.1920C544C16071EF810842AAA08EA988.d.7553289A7683DE0E6FF3E6152D7AAB62.e.3263"}]}
RESULT: {"script":"<script> [8489 bytes]","args":[{"element-6066-11e4-a52e-4f735466cecf":"f.1920C544C16071EF810842AAA08EA988.d.7553289A7683DE0E6FF3E6152D7AAB62.e.3263","ELEMENT":"f.1920C544C16071EF810842AAA08EA988.d.7553289A7683DE0E6FF3E6152D7AAB62.e.3263"}]}
COMMAND: GET /session/2eb25f1cbe9612d735ab0219d8fb520b/element/f.1920C544C16071EF810842AAA08EA988.d.7553289A7683DE0E6FF3E6152D7AAB62.e.3263/enabled - {}
COMMAND: GET /session/2eb25f1cbe9612d735ab0219d8fb520b/screenshot - {}
RESULT: {}
COMMAND: POST /session/2eb25f1cbe9612d735ab0219d8fb520b/element/f.1920C544C16071EF810842AAA08EA988.d.7553289A7683DE0E6FF3E6152D7AAB62.e.3263/click - {}
COMMAND: GET /session/2eb25f1cbe9612d735ab0219d8fb520b/screenshot - {}
RESULT: {}
RESULT: {}
COMMAND: GET /session/2eb25f1cbe9612d735ab0219d8fb520b/screenshot - {}
RESULT: {}
RESULT: {}
]]></system-out>
    </testcase>
    <testcase classname="chrome.135_0_7049_96.windows.Stock_increase_-_with_WHM_US125587" name="create a whm for yard" time="33.786">
      <system-out><![CDATA[
COMMAND: POST /session/2eb25f1cbe9612d735ab0219d8fb520b/element - {"using":"xpath","value":"//div[text()='Warehouse']"}
RESULT: {"using":"xpath","value":"//div[text()='Warehouse']"}
COMMAND: POST /session/2eb25f1cbe9612d735ab0219d8fb520b/elements - {"using":"xpath","value":"//div[text()='Warehouse']"}
RESULT: {"using":"xpath","value":"//div[text()='Warehouse']"}
COMMAND: POST /session/2eb25f1cbe9612d735ab0219d8fb520b/element/f.1920C544C16071EF810842AAA08EA988.d.7553289A7683DE0E6FF3E6152D7AAB62.e.3264/click - {}
RESULT: {}
COMMAND: POST /session/2eb25f1cbe9612d735ab0219d8fb520b/element - {"using":"xpath","value":"//span[text()='Manage Warehouse Movements']"}
COMMAND: GET /session/2eb25f1cbe9612d735ab0219d8fb520b/screenshot - {}
RESULT: {"using":"xpath","value":"//span[text()='Manage Warehouse Movements']"}
COMMAND: POST /session/2eb25f1cbe9612d735ab0219d8fb520b/elements - {"using":"xpath","value":"//span[text()='Manage Warehouse Movements']"}
RESULT: {}
RESULT: {"using":"xpath","value":"//span[text()='Manage Warehouse Movements']"}
COMMAND: POST /session/2eb25f1cbe9612d735ab0219d8fb520b/element - {"using":"xpath","value":"//input[@id='application-warehousemovements-display-component---warehouseMovements--smartFilterBar-filterItemControl_BASIC-YARD-inner']"}
RESULT: {"using":"xpath","value":"//input[@id='application-warehousemovements-display-component---warehouseMovements--smartFilterBar-filterItemControl_BASIC-YARD-inner']"}
COMMAND: POST /session/2eb25f1cbe9612d735ab0219d8fb520b/element - {"using":"xpath","value":"//input[@id='application-warehousemovements-display-component---warehouseMovements--smartFilterBar-filterItemControl_BASIC-YARD-inner']"}
RESULT: {"using":"xpath","value":"//input[@id='application-warehousemovements-display-component---warehouseMovements--smartFilterBar-filterItemControl_BASIC-YARD-inner']"}
COMMAND: POST /session/2eb25f1cbe9612d735ab0219d8fb520b/actions - {"actions":[{"id":"action19","type":"key","parameters":{},"actions":[{"type":"keyDown","value":"î€‡"},{"type":"pause","duration":10},{"type":"keyUp","value":"î€‡"}]}]}
RESULT: {"actions":[{"id":"action19","type":"key","parameters":{},"actions":[{"type":"keyDown","value":"î€‡"},{"type":"pause","duration":10},{"type":"keyUp","value":"î€‡"}]}]}
COMMAND: POST /session/2eb25f1cbe9612d735ab0219d8fb520b/element - {"using":"xpath","value":"(//*[@title=\"Add New Movement\"])[1]"}
COMMAND: GET /session/2eb25f1cbe9612d735ab0219d8fb520b/screenshot - {}
RESULT: {"using":"xpath","value":"(//*[@title=\"Add New Movement\"])[1]"}
COMMAND: POST /session/2eb25f1cbe9612d735ab0219d8fb520b/element - {"using":"xpath","value":"(//*[@title=\"Add New Movement\"])[1]"}
RESULT: {}
RESULT: {"using":"xpath","value":"(//*[@title=\"Add New Movement\"])[1]"}
COMMAND: POST /session/2eb25f1cbe9612d735ab0219d8fb520b/element - {"using":"xpath","value":"//*[@id=\"application-warehousemovements-display-component---addMovement--sectionsList-arrow\"]"}
RESULT: {"using":"xpath","value":"//*[@id=\"application-warehousemovements-display-component---addMovement--sectionsList-arrow\"]"}
COMMAND: POST /session/2eb25f1cbe9612d735ab0219d8fb520b/element - {"using":"xpath","value":"//*[@id=\"application-warehousemovements-display-component---addMovement--sectionsList-arrow\"]"}
RESULT: {"using":"xpath","value":"//*[@id=\"application-warehousemovements-display-component---addMovement--sectionsList-arrow\"]"}
COMMAND: POST /session/2eb25f1cbe9612d735ab0219d8fb520b/element - {"using":"xpath","value":"//*[@id=\"application-warehousemovements-display-component---addMovement--saveMovementBtn-BDI-content\" and text()=\"Save\"]"}
RESULT: {"using":"xpath","value":"//*[@id=\"application-warehousemovements-display-component---addMovement--saveMovementBtn-BDI-content\" and text()=\"Save\"]"}
COMMAND: POST /session/2eb25f1cbe9612d735ab0219d8fb520b/element - {"using":"xpath","value":"//*[@id=\"application-warehousemovements-display-component---addMovement--saveMovementBtn-BDI-content\" and text()=\"Save\"]"}
RESULT: {"using":"xpath","value":"//*[@id=\"application-warehousemovements-display-component---addMovement--saveMovementBtn-BDI-content\" and text()=\"Save\"]"}
COMMAND: POST /session/2eb25f1cbe9612d735ab0219d8fb520b/element - {"using":"css selector","value":"#shell-header-icon"}
RESULT: {"using":"css selector","value":"#shell-header-icon"}
COMMAND: POST /session/2eb25f1cbe9612d735ab0219d8fb520b/execute/sync - {"script":"<script> [8489 bytes]","args":[{"element-6066-11e4-a52e-4f735466cecf":"f.1920C544C16071EF810842AAA08EA988.d.7553289A7683DE0E6FF3E6152D7AAB62.e.3447","ELEMENT":"f.1920C544C16071EF810842AAA08EA988.d.7553289A7683DE0E6FF3E6152D7AAB62.e.3447"}]}
RESULT: {"script":"<script> [8489 bytes]","args":[{"element-6066-11e4-a52e-4f735466cecf":"f.1920C544C16071EF810842AAA08EA988.d.7553289A7683DE0E6FF3E6152D7AAB62.e.3447","ELEMENT":"f.1920C544C16071EF810842AAA08EA988.d.7553289A7683DE0E6FF3E6152D7AAB62.e.3447"}]}
COMMAND: GET /session/2eb25f1cbe9612d735ab0219d8fb520b/element/f.1920C544C16071EF810842AAA08EA988.d.7553289A7683DE0E6FF3E6152D7AAB62.e.3447/enabled - {}
COMMAND: GET /session/2eb25f1cbe9612d735ab0219d8fb520b/screenshot - {}
RESULT: {}
COMMAND: POST /session/2eb25f1cbe9612d735ab0219d8fb520b/element/f.1920C544C16071EF810842AAA08EA988.d.7553289A7683DE0E6FF3E6152D7AAB62.e.3447/click - {}
COMMAND: GET /session/2eb25f1cbe9612d735ab0219d8fb520b/screenshot - {}
RESULT: {}
RESULT: {}
COMMAND: GET /session/2eb25f1cbe9612d735ab0219d8fb520b/screenshot - {}
RESULT: {}
RESULT: {}
]]></system-out>
    </testcase>
    <testcase classname="chrome.135_0_7049_96.windows.Stock_increase_-_with_WHM_US125587" name="Should do a stock increase handover" time="94.641">
      <system-out><![CDATA[
COMMAND: POST /session/2eb25f1cbe9612d735ab0219d8fb520b/execute/async - {"script":"<script> [1562 bytes]","args":[{"selector":{"controlType":"sap.m.Text","viewName":"etm.portal.ui.managehandoverstile.view.Master","properties":{"text":"Manage Handovers"},"interaction":{"idSuffix":"inner"}},"wdio_ui5_key":"etmportal.ui.managehandoverstile.view.Mastersap.m.Text{\"text\":\"Manage Handovers\"}"}]}
RESULT: {"script":"<script> [1562 bytes]","args":[{"selector":{"controlType":"sap.m.Text","viewName":"etm.portal.ui.managehandoverstile.view.Master","properties":{"text":"Manage Handovers"},"interaction":{"idSuffix":"inner"}},"wdio_ui5_key":"etmportal.ui.managehandoverstile.view.Mastersap.m.Text{\"text\":\"Manage Handovers\"}"}]}
RESULT: undefined
COMMAND: POST /session/2eb25f1cbe9612d735ab0219d8fb520b/element - {"using":"xpath","value":"//*[@id=\"__tile133-title\"]"}
RESULT: {"using":"xpath","value":"//*[@id=\"__tile133-title\"]"}
COMMAND: POST /session/2eb25f1cbe9612d735ab0219d8fb520b/element/f.1920C544C16071EF810842AAA08EA988.d.7553289A7683DE0E6FF3E6152D7AAB62.e.3449/click - {}
RESULT: {}
COMMAND: GET /session/2eb25f1cbe9612d735ab0219d8fb520b/screenshot - {}
RESULT: {}
COMMAND: POST /session/2eb25f1cbe9612d735ab0219d8fb520b/execute/async - {"script":"<script> [1562 bytes]","args":[{"selector":{"controlType":"sap.ui.core.Icon","viewName":"etm.portal.ui.managehandovers.view.MasterHO","properties":{"src":{"regex":{"source":"add"}}}},"wdio_ui5_key":"etmportal.ui.managehandovers.view.MasterHOsap.ui.core.Icon{\"src\":{\"regex\":{\"source\":\"add\"}}}"}]}
RESULT: {"script":"<script> [1562 bytes]","args":[{"selector":{"controlType":"sap.ui.core.Icon","viewName":"etm.portal.ui.managehandovers.view.MasterHO","properties":{"src":{"regex":{"source":"add"}}}},"wdio_ui5_key":"etmportal.ui.managehandovers.view.MasterHOsap.ui.core.Icon{\"src\":{\"regex\":{\"source\":\"add\"}}}"}]}
RESULT: undefined
COMMAND: POST /session/2eb25f1cbe9612d735ab0219d8fb520b/element - {"using":"xpath","value":"//*[@id=\"__button179-img\"]"}
RESULT: {"using":"xpath","value":"//*[@id=\"__button179-img\"]"}
COMMAND: POST /session/2eb25f1cbe9612d735ab0219d8fb520b/element/f.1920C544C16071EF810842AAA08EA988.d.7553289A7683DE0E6FF3E6152D7AAB62.e.3495/click - {}
RESULT: {}
COMMAND: GET /session/2eb25f1cbe9612d735ab0219d8fb520b/screenshot - {}
RESULT: {}
COMMAND: POST /session/2eb25f1cbe9612d735ab0219d8fb520b/execute/async - {"script":"<script> [1562 bytes]","args":[{"selector":{"id":"application-managehandovers-display-component---AddNewHO--typeSelect","interaction":{"idSuffix":"arrow"}},"wdio_ui5_key":"applicationmanagehandovers-display-component---AddNewHO--typeSelect"}]}
RESULT: {"script":"<script> [1562 bytes]","args":[{"selector":{"id":"application-managehandovers-display-component---AddNewHO--typeSelect","interaction":{"idSuffix":"arrow"}},"wdio_ui5_key":"applicationmanagehandovers-display-component---AddNewHO--typeSelect"}]}
RESULT: undefined
COMMAND: POST /session/2eb25f1cbe9612d735ab0219d8fb520b/element - {"using":"xpath","value":"//*[@id=\"application-managehandovers-display-component---AddNewHO--typeSelect\"]"}
RESULT: {"using":"xpath","value":"//*[@id=\"application-managehandovers-display-component---AddNewHO--typeSelect\"]"}
COMMAND: POST /session/2eb25f1cbe9612d735ab0219d8fb520b/element/f.1920C544C16071EF810842AAA08EA988.d.7553289A7683DE0E6FF3E6152D7AAB62.e.3830/click - {}
RESULT: {}
COMMAND: POST /session/2eb25f1cbe9612d735ab0219d8fb520b/execute/async - {"script":"<script> [1562 bytes]","args":[{"selector":{"controlType":"sap.ui.core.Item","viewName":"etm.portal.ui.managehandovers.view.AddNewHO","viewId":"application-managehandovers-display-component---AddNewHO","bindingPath":{"path":"/HandOverTypes('100')","propertyPath":"ID","modelName":"catalogModel"},"searchOpenDialogs":true},"wdio_ui5_key":"etmportal.ui.managehandovers.view.AddNewHOsap.ui.core.Item{\"path\":\"/HandOverTypes('100')\",\"propertyPath\":\"ID\",\"modelName\":\"catalogModel\"}"}]}
COMMAND: GET /session/2eb25f1cbe9612d735ab0219d8fb520b/screenshot - {}
RESULT: {"script":"<script> [1562 bytes]","args":[{"selector":{"controlType":"sap.ui.core.Item","viewName":"etm.portal.ui.managehandovers.view.AddNewHO","viewId":"application-managehandovers-display-component---AddNewHO","bindingPath":{"path":"/HandOverTypes('100')","propertyPath":"ID","modelName":"catalogModel"},"searchOpenDialogs":true},"wdio_ui5_key":"etmportal.ui.managehandovers.view.AddNewHOsap.ui.core.Item{\"path\":\"/HandOverTypes('100')\",\"propertyPath\":\"ID\",\"modelName\":\"catalogModel\"}"}]}
RESULT: undefined
COMMAND: POST /session/2eb25f1cbe9612d735ab0219d8fb520b/element - {"using":"xpath","value":"//*[@id=\"__item1065-application-managehandovers-display-component---AddNewHO--typeSelect-1\"]"}
RESULT: {}
RESULT: {"using":"xpath","value":"//*[@id=\"__item1065-application-managehandovers-display-component---AddNewHO--typeSelect-1\"]"}
COMMAND: POST /session/2eb25f1cbe9612d735ab0219d8fb520b/element/f.1920C544C16071EF810842AAA08EA988.d.7553289A7683DE0E6FF3E6152D7AAB62.e.3831/click - {}
RESULT: {}
COMMAND: POST /session/2eb25f1cbe9612d735ab0219d8fb520b/element - {"using":"css selector","value":"#application-managehandovers-display-component---AddNewHO--oneStep-CB"}
COMMAND: GET /session/2eb25f1cbe9612d735ab0219d8fb520b/screenshot - {}
RESULT: {"using":"css selector","value":"#application-managehandovers-display-component---AddNewHO--oneStep-CB"}
COMMAND: POST /session/2eb25f1cbe9612d735ab0219d8fb520b/execute/sync - {"script":"<script> [8489 bytes]","args":[{"element-6066-11e4-a52e-4f735466cecf":"f.1920C544C16071EF810842AAA08EA988.d.7553289A7683DE0E6FF3E6152D7AAB62.e.3839","ELEMENT":"f.1920C544C16071EF810842AAA08EA988.d.7553289A7683DE0E6FF3E6152D7AAB62.e.3839"}]}
RESULT: {}
RESULT: {"script":"<script> [8489 bytes]","args":[{"element-6066-11e4-a52e-4f735466cecf":"f.1920C544C16071EF810842AAA08EA988.d.7553289A7683DE0E6FF3E6152D7AAB62.e.3839","ELEMENT":"f.1920C544C16071EF810842AAA08EA988.d.7553289A7683DE0E6FF3E6152D7AAB62.e.3839"}]}
COMMAND: GET /session/2eb25f1cbe9612d735ab0219d8fb520b/screenshot - {}
RESULT: {}
COMMAND: POST /session/2eb25f1cbe9612d735ab0219d8fb520b/element - {"using":"css selector","value":"input[id=\"generalSectionFrg--receiveYard-inner\"]"}
RESULT: {"using":"css selector","value":"input[id=\"generalSectionFrg--receiveYard-inner\"]"}
COMMAND: POST /session/2eb25f1cbe9612d735ab0219d8fb520b/element/f.1920C544C16071EF810842AAA08EA988.d.7553289A7683DE0E6FF3E6152D7AAB62.e.3841/clear - {}
RESULT: {}
COMMAND: POST /session/2eb25f1cbe9612d735ab0219d8fb520b/element/f.1920C544C16071EF810842AAA08EA988.d.7553289A7683DE0E6FF3E6152D7AAB62.e.3841/value - {"text":"228"}
COMMAND: GET /session/2eb25f1cbe9612d735ab0219d8fb520b/screenshot - {}
RESULT: {"text":"228"}
COMMAND: GET /session/2eb25f1cbe9612d735ab0219d8fb520b/screenshot - {}
RESULT: {}
RESULT: {}
COMMAND: POST /session/2eb25f1cbe9612d735ab0219d8fb520b/element - {"using":"css selector","value":"#application-managehandovers-display-component---AddNewHO--dueDate-inner"}
RESULT: {"using":"css selector","value":"#application-managehandovers-display-component---AddNewHO--dueDate-inner"}
COMMAND: POST /session/2eb25f1cbe9612d735ab0219d8fb520b/element/f.1920C544C16071EF810842AAA08EA988.d.7553289A7683DE0E6FF3E6152D7AAB62.e.3835/clear - {}
RESULT: {}
COMMAND: POST /session/2eb25f1cbe9612d735ab0219d8fb520b/element/f.1920C544C16071EF810842AAA08EA988.d.7553289A7683DE0E6FF3E6152D7AAB62.e.3835/value - {"text":"4/25/25"}
COMMAND: GET /session/2eb25f1cbe9612d735ab0219d8fb520b/screenshot - {}
RESULT: {"text":"4/25/25"}
COMMAND: GET /session/2eb25f1cbe9612d735ab0219d8fb520b/screenshot - {}
RESULT: {}
RESULT: {}
COMMAND: POST /session/2eb25f1cbe9612d735ab0219d8fb520b/element - {"using":"xpath","value":"//bdi[(text() = 'Items' or . = 'Items')]"}
RESULT: {"using":"xpath","value":"//bdi[(text() = 'Items' or . = 'Items')]"}
COMMAND: POST /session/2eb25f1cbe9612d735ab0219d8fb520b/element/f.1920C544C16071EF810842AAA08EA988.d.7553289A7683DE0E6FF3E6152D7AAB62.e.3857/click - {}
RESULT: {}
COMMAND: GET /session/2eb25f1cbe9612d735ab0219d8fb520b/screenshot - {}
RESULT: {}
COMMAND: POST /session/2eb25f1cbe9612d735ab0219d8fb520b/element - {"using":"xpath","value":"//button[@aria-label=\"Add\"]"}
RESULT: {"using":"xpath","value":"//button[@aria-label=\"Add\"]"}
COMMAND: POST /session/2eb25f1cbe9612d735ab0219d8fb520b/element/f.1920C544C16071EF810842AAA08EA988.d.7553289A7683DE0E6FF3E6152D7AAB62.e.3862/click - {}
RESULT: {}
COMMAND: GET /session/2eb25f1cbe9612d735ab0219d8fb520b/screenshot - {}
RESULT: {}
COMMAND: POST /session/2eb25f1cbe9612d735ab0219d8fb520b/element - {"using":"css selector","value":"input[id= \"application-managehandovers-display-component---AddNewHO--smartFilterBar-btnBasicSearch-I\"]"}
RESULT: {"using":"css selector","value":"input[id= \"application-managehandovers-display-component---AddNewHO--smartFilterBar-btnBasicSearch-I\"]"}
COMMAND: POST /session/2eb25f1cbe9612d735ab0219d8fb520b/element/f.1920C544C16071EF810842AAA08EA988.d.7553289A7683DE0E6FF3E6152D7AAB62.e.3865/clear - {}
RESULT: {}
COMMAND: POST /session/2eb25f1cbe9612d735ab0219d8fb520b/element/f.1920C544C16071EF810842AAA08EA988.d.7553289A7683DE0E6FF3E6152D7AAB62.e.3865/value - {"text":"200076"}
COMMAND: GET /session/2eb25f1cbe9612d735ab0219d8fb520b/screenshot - {}
RESULT: {"text":"200076"}
COMMAND: POST /session/2eb25f1cbe9612d735ab0219d8fb520b/actions - {"actions":[{"id":"action20","type":"key","parameters":{},"actions":[{"type":"keyDown","value":"î€‡"},{"type":"pause","duration":10},{"type":"keyUp","value":"î€‡"}]}]}
COMMAND: GET /session/2eb25f1cbe9612d735ab0219d8fb520b/screenshot - {}
RESULT: {}
RESULT: {"actions":[{"id":"action20","type":"key","parameters":{},"actions":[{"type":"keyDown","value":"î€‡"},{"type":"pause","duration":10},{"type":"keyUp","value":"î€‡"}]}]}
COMMAND: POST /session/2eb25f1cbe9612d735ab0219d8fb520b/element - {"using":"css selector","value":"div[id= \"application-managehandovers-display-component---AddNewHO--smartFilterBar-btnBasicSearch-search\"]"}
COMMAND: GET /session/2eb25f1cbe9612d735ab0219d8fb520b/screenshot - {}
RESULT: {}
RESULT: {"using":"css selector","value":"div[id= \"application-managehandovers-display-component---AddNewHO--smartFilterBar-btnBasicSearch-search\"]"}
COMMAND: POST /session/2eb25f1cbe9612d735ab0219d8fb520b/element/f.1920C544C16071EF810842AAA08EA988.d.7553289A7683DE0E6FF3E6152D7AAB62.e.4000/click - {}
RESULT: {}
RESULT: {}
COMMAND: GET /session/2eb25f1cbe9612d735ab0219d8fb520b/screenshot - {}
RESULT: {}
COMMAND: POST /session/2eb25f1cbe9612d735ab0219d8fb520b/element - {"using":"css selector","value":"div[id= \"application-managehandovers-display-component---AddNewHO--popup-sa-CbBg\"]"}
RESULT: {"using":"css selector","value":"div[id= \"application-managehandovers-display-component---AddNewHO--popup-sa-CbBg\"]"}
COMMAND: POST /session/2eb25f1cbe9612d735ab0219d8fb520b/element/f.1920C544C16071EF810842AAA08EA988.d.7553289A7683DE0E6FF3E6152D7AAB62.e.4001/click - {}
RESULT: {}
COMMAND: POST /session/2eb25f1cbe9612d735ab0219d8fb520b/element - {"using":"xpath","value":"//bdi[(text() = 'Select' or . = 'Select')]"}
COMMAND: GET /session/2eb25f1cbe9612d735ab0219d8fb520b/screenshot - {}
RESULT: {"using":"xpath","value":"//bdi[(text() = 'Select' or . = 'Select')]"}
COMMAND: POST /session/2eb25f1cbe9612d735ab0219d8fb520b/element/f.1920C544C16071EF810842AAA08EA988.d.7553289A7683DE0E6FF3E6152D7AAB62.e.4002/click - {}
RESULT: {}
RESULT: {}
COMMAND: GET /session/2eb25f1cbe9612d735ab0219d8fb520b/screenshot - {}
RESULT: {}
COMMAND: POST /session/2eb25f1cbe9612d735ab0219d8fb520b/element - {"using":"xpath","value":"//bdi[(text() = 'Save' or . = 'Save')]"}
RESULT: {"using":"xpath","value":"//bdi[(text() = 'Save' or . = 'Save')]"}
COMMAND: POST /session/2eb25f1cbe9612d735ab0219d8fb520b/element/f.1920C544C16071EF810842AAA08EA988.d.7553289A7683DE0E6FF3E6152D7AAB62.e.4006/click - {}
RESULT: {}
COMMAND: GET /session/2eb25f1cbe9612d735ab0219d8fb520b/screenshot - {}
RESULT: {}
COMMAND: POST /session/2eb25f1cbe9612d735ab0219d8fb520b/element - {"using":"xpath","value":"//input[contains(@id ,\"receiptDatePicker-inner\")]"}
RESULT: {"using":"xpath","value":"//input[contains(@id ,\"receiptDatePicker-inner\")]"}
COMMAND: POST /session/2eb25f1cbe9612d735ab0219d8fb520b/element/f.1920C544C16071EF810842AAA08EA988.d.7553289A7683DE0E6FF3E6152D7AAB62.e.4036/click - {}
RESULT: {}
COMMAND: POST /session/2eb25f1cbe9612d735ab0219d8fb520b/element - {"using":"xpath","value":"//input[contains(@id ,\"receiptDatePicker-inner\")]"}
COMMAND: GET /session/2eb25f1cbe9612d735ab0219d8fb520b/screenshot - {}
RESULT: {"using":"xpath","value":"//input[contains(@id ,\"receiptDatePicker-inner\")]"}
COMMAND: POST /session/2eb25f1cbe9612d735ab0219d8fb520b/element/f.1920C544C16071EF810842AAA08EA988.d.7553289A7683DE0E6FF3E6152D7AAB62.e.4036/clear - {}
RESULT: {}
RESULT: {}
COMMAND: POST /session/2eb25f1cbe9612d735ab0219d8fb520b/element/f.1920C544C16071EF810842AAA08EA988.d.7553289A7683DE0E6FF3E6152D7AAB62.e.4036/value - {"text":"4/25/25"}
COMMAND: GET /session/2eb25f1cbe9612d735ab0219d8fb520b/screenshot - {}
RESULT: {"text":"4/25/25"}
COMMAND: GET /session/2eb25f1cbe9612d735ab0219d8fb520b/screenshot - {}
RESULT: {}
RESULT: {}
COMMAND: POST /session/2eb25f1cbe9612d735ab0219d8fb520b/execute/async - {"script":"<script> [1562 bytes]","args":[{"selector":{"id":"administrationTabFilter","viewName":"etm.portal.ui.managehandovers.view.DetailExecuteHO","interaction":{"idSuffix":"text"}},"wdio_ui5_key":"administrationTabFilteretmportal.ui.managehandovers.view.DetailExecuteHO"}]}
RESULT: {"script":"<script> [1562 bytes]","args":[{"selector":{"id":"administrationTabFilter","viewName":"etm.portal.ui.managehandovers.view.DetailExecuteHO","interaction":{"idSuffix":"text"}},"wdio_ui5_key":"administrationTabFilteretmportal.ui.managehandovers.view.DetailExecuteHO"}]}
RESULT: undefined
COMMAND: POST /session/2eb25f1cbe9612d735ab0219d8fb520b/element - {"using":"xpath","value":"//*[@id=\"__xmlview61--administrationTabFilter\"]"}
RESULT: {"using":"xpath","value":"//*[@id=\"__xmlview61--administrationTabFilter\"]"}
COMMAND: POST /session/2eb25f1cbe9612d735ab0219d8fb520b/element/f.1920C544C16071EF810842AAA08EA988.d.7553289A7683DE0E6FF3E6152D7AAB62.e.4054/click - {}
RESULT: {}
RESULT: undefined
COMMAND: POST /session/2eb25f1cbe9612d735ab0219d8fb520b/element - {"using":"xpath","value":"//*[@id=\"__xmlview61--administrationTabFilter\"]"}
COMMAND: GET /session/2eb25f1cbe9612d735ab0219d8fb520b/screenshot - {}
RESULT: {"using":"xpath","value":"//*[@id=\"__xmlview61--administrationTabFilter\"]"}
COMMAND: POST /session/2eb25f1cbe9612d735ab0219d8fb520b/element/f.1920C544C16071EF810842AAA08EA988.d.7553289A7683DE0E6FF3E6152D7AAB62.e.4054/click - {}
RESULT: {}
RESULT: {}
COMMAND: GET /session/2eb25f1cbe9612d735ab0219d8fb520b/screenshot - {}
RESULT: {}
COMMAND: POST /session/2eb25f1cbe9612d735ab0219d8fb520b/element - {"using":"xpath","value":"//bdi[(text() = 'Confirm' or . = 'Confirm')]"}
RESULT: {"using":"xpath","value":"//bdi[(text() = 'Confirm' or . = 'Confirm')]"}
COMMAND: POST /session/2eb25f1cbe9612d735ab0219d8fb520b/element/f.1920C544C16071EF810842AAA08EA988.d.7553289A7683DE0E6FF3E6152D7AAB62.e.4061/click - {}
RESULT: {}
COMMAND: GET /session/2eb25f1cbe9612d735ab0219d8fb520b/screenshot - {}
RESULT: {}
COMMAND: POST /session/2eb25f1cbe9612d735ab0219d8fb520b/execute/async - {"script":"<script> [1562 bytes]","args":[{"selector":{"id":"confirmationButton","viewName":"etm.portal.ui.managehandovers.view.DetailExecuteHO","interaction":{"idSuffix":"BDI-content"}},"wdio_ui5_key":"confirmationButtonetmportal.ui.managehandovers.view.DetailExecuteHO"}]}
RESULT: {"script":"<script> [1562 bytes]","args":[{"selector":{"id":"confirmationButton","viewName":"etm.portal.ui.managehandovers.view.DetailExecuteHO","interaction":{"idSuffix":"BDI-content"}},"wdio_ui5_key":"confirmationButtonetmportal.ui.managehandovers.view.DetailExecuteHO"}]}
RESULT: undefined
COMMAND: POST /session/2eb25f1cbe9612d735ab0219d8fb520b/element - {"using":"css selector","value":"bdi[aria-live=\"off\"][text=\"Close\"]"}
RESULT: {"using":"css selector","value":"bdi[aria-live=\"off\"][text=\"Close\"]"}
COMMAND: POST /session/2eb25f1cbe9612d735ab0219d8fb520b/element - {"using":"css selector","value":"bdi[aria-live=\"off\"][text=\"Close\"]"}
RESULT: {"using":"css selector","value":"bdi[aria-live=\"off\"][text=\"Close\"]"}
COMMAND: POST /session/2eb25f1cbe9612d735ab0219d8fb520b/element - {"using":"css selector","value":"#shell-header-logo"}
RESULT: {"using":"css selector","value":"#shell-header-logo"}
COMMAND: POST /session/2eb25f1cbe9612d735ab0219d8fb520b/element/f.1920C544C16071EF810842AAA08EA988.d.7553289A7683DE0E6FF3E6152D7AAB62.e.3453/click - {}
RESULT: {}
COMMAND: GET /session/2eb25f1cbe9612d735ab0219d8fb520b/screenshot - {}
RESULT: {}
COMMAND: POST /session/2eb25f1cbe9612d735ab0219d8fb520b/element - {"using":"css selector","value":"#j_username"}
COMMAND: POST /session/2eb25f1cbe9612d735ab0219d8fb520b/url - {"url":"https://qa-testing-00-live-etm-ui.cfapps.eu10-004.hana.ondemand.com/"}
RESULT: {"using":"css selector","value":"#j_username"}
COMMAND: POST /session/2eb25f1cbe9612d735ab0219d8fb520b/element - {"using":"css selector","value":"#j_username"}
RESULT: {"url":"https://qa-testing-00-live-etm-ui.cfapps.eu10-004.hana.ondemand.com/"}
RESULT: undefined
COMMAND: GET /session/2eb25f1cbe9612d735ab0219d8fb520b/screenshot - {}
RESULT: {"using":"css selector","value":"#j_username"}
COMMAND: POST /session/2eb25f1cbe9612d735ab0219d8fb520b/element - {"using":"css selector","value":"#shell-header-logo"}
RESULT: {}
RESULT: {"using":"css selector","value":"#shell-header-logo"}
COMMAND: POST /session/2eb25f1cbe9612d735ab0219d8fb520b/execute/sync - {"script":"<script> [8489 bytes]","args":[{"element-6066-11e4-a52e-4f735466cecf":"f.1920C544C16071EF810842AAA08EA988.d.5E5F470BE82BDDA3D8D36FBB2CA2640A.e.4084","ELEMENT":"f.1920C544C16071EF810842AAA08EA988.d.5E5F470BE82BDDA3D8D36FBB2CA2640A.e.4084"}]}
RESULT: {"script":"<script> [8489 bytes]","args":[{"element-6066-11e4-a52e-4f735466cecf":"f.1920C544C16071EF810842AAA08EA988.d.5E5F470BE82BDDA3D8D36FBB2CA2640A.e.4084","ELEMENT":"f.1920C544C16071EF810842AAA08EA988.d.5E5F470BE82BDDA3D8D36FBB2CA2640A.e.4084"}]}
COMMAND: POST /session/2eb25f1cbe9612d735ab0219d8fb520b/element - {"using":"css selector","value":"#shell-header-logo"}
COMMAND: GET /session/2eb25f1cbe9612d735ab0219d8fb520b/screenshot - {}
RESULT: {"using":"css selector","value":"#shell-header-logo"}
COMMAND: POST /session/2eb25f1cbe9612d735ab0219d8fb520b/execute/sync - {"script":"<script> [8489 bytes]","args":[{"element-6066-11e4-a52e-4f735466cecf":"f.1920C544C16071EF810842AAA08EA988.d.5E5F470BE82BDDA3D8D36FBB2CA2640A.e.4084","ELEMENT":"f.1920C544C16071EF810842AAA08EA988.d.5E5F470BE82BDDA3D8D36FBB2CA2640A.e.4084"}]}
RESULT: {}
RESULT: {"script":"<script> [8489 bytes]","args":[{"element-6066-11e4-a52e-4f735466cecf":"f.1920C544C16071EF810842AAA08EA988.d.5E5F470BE82BDDA3D8D36FBB2CA2640A.e.4084","ELEMENT":"f.1920C544C16071EF810842AAA08EA988.d.5E5F470BE82BDDA3D8D36FBB2CA2640A.e.4084"}]}
COMMAND: POST /session/2eb25f1cbe9612d735ab0219d8fb520b/execute/sync - {"script":"<script> [5351 bytes]","args":[{"element-6066-11e4-a52e-4f735466cecf":"f.1920C544C16071EF810842AAA08EA988.d.5E5F470BE82BDDA3D8D36FBB2CA2640A.e.4084","ELEMENT":"f.1920C544C16071EF810842AAA08EA988.d.5E5F470BE82BDDA3D8D36FBB2CA2640A.e.4084"}]}
COMMAND: GET /session/2eb25f1cbe9612d735ab0219d8fb520b/screenshot - {}
RESULT: {"script":"<script> [5351 bytes]","args":[{"element-6066-11e4-a52e-4f735466cecf":"f.1920C544C16071EF810842AAA08EA988.d.5E5F470BE82BDDA3D8D36FBB2CA2640A.e.4084","ELEMENT":"f.1920C544C16071EF810842AAA08EA988.d.5E5F470BE82BDDA3D8D36FBB2CA2640A.e.4084"}]}
COMMAND: POST /session/2eb25f1cbe9612d735ab0219d8fb520b/element - {"using":"css selector","value":"#shell-header-logo"}
COMMAND: GET /session/2eb25f1cbe9612d735ab0219d8fb520b/screenshot - {}
RESULT: {}
RESULT: {"using":"css selector","value":"#shell-header-logo"}
COMMAND: POST /session/2eb25f1cbe9612d735ab0219d8fb520b/element/f.1920C544C16071EF810842AAA08EA988.d.5E5F470BE82BDDA3D8D36FBB2CA2640A.e.4084/click - {}
RESULT: {}
RESULT: {}
COMMAND: GET /session/2eb25f1cbe9612d735ab0219d8fb520b/screenshot - {}
RESULT: {}
COMMAND: POST /session/2eb25f1cbe9612d735ab0219d8fb520b/execute/async - {"script":"<script> [189 bytes]","args":[]}
RESULT: {"script":"<script> [189 bytes]","args":[]}
COMMAND: POST /session/2eb25f1cbe9612d735ab0219d8fb520b/execute/async - {"script":"<script> [123 bytes]","args":[]}
RESULT: {"script":"<script> [123 bytes]","args":[]}
COMMAND: POST /session/2eb25f1cbe9612d735ab0219d8fb520b/timeouts - {"script":"<number>"}
RESULT: {"script":"<number>"}
COMMAND: GET /session/2eb25f1cbe9612d735ab0219d8fb520b/timeouts - {}
RESULT: {}
RESULT: undefined
COMMAND: POST /session/2eb25f1cbe9612d735ab0219d8fb520b/execute/async - {"script":"<script> [2676 bytes]","args":[]}
RESULT: {"script":"<script> [2676 bytes]","args":[]}
COMMAND: POST /session/2eb25f1cbe9612d735ab0219d8fb520b/execute/async - {"script":"<script> [2342 bytes]","args":[{"protocol":"http","hostname":"0.0.0.0","path":"/","capabilities":{"browserName":"chrome","goog:chromeOptions":{"binary":"C:\\Program Files\\Google\\Chrome\\Application\\chrome.exe","args":["--start-maximized"]}},"logLevel":"warn","connectionRetryTimeout":120000,"connectionRetryCount":3,"logLevels":{},"enableDirectConnect":true,"strictSSL":true,"_":"65 more keys: [\"cacheDir\",\"port\",\"requestedCapabilities\",\"automationProtocol\",\"baseUrl\",\"waitforInterval\",\"waitforTimeout\",\"onReload\",\"beforeCommand\",\"afterCommand\",\"rootDir\",\"specs\",\"suites\",\"exclude\",\"groupLogsByTestSpec\",\"excludeDriverLogs\",\"bail\",\"framework\",\"reporters\",\"services\",\"maxInstances\",\"maxInstancesPerCapability\",\"injectGlobals\",\"filesToWatch\",\"execArgv\",\"runnerEnv\",\"runner\",\"shard\",\"specFileRetries\",\"specFileRetriesDelay\",\"specFileRetriesDeferred\",\"reporterSyncInterval\",\"reporterSyncTimeout\",\"cucumberFeaturesWithLineNumbers\",\"autoCompileOpts\",\"mochaOpts\",\"jasmineOpts\",\"cucumberOpts\",\"onPrepare\",\"onWorkerStart\",\"onWorkerEnd\",\"before\",\"beforeSession\",\"beforeSuite\",\"beforeHook\",\"beforeTest\",\"afterTest\",\"afterHook\",\"afterSuite\",\"afterSession\",\"after\",\"onComplete\",\"beforeAssertion\",\"afterAssertion\",\"beforeFeature\",\"beforeScenario\",\"beforeStep\",\"afterStep\",\"afterScenario\",\"afterFeature\",\"_\",\"suite\",\"$0\",\"ignoredWorkerServices\",\"wdi5\"]"}]}
RESULT: {"script":"<script> [2342 bytes]","args":[{"protocol":"http","hostname":"0.0.0.0","path":"/","capabilities":{"browserName":"chrome","goog:chromeOptions":{"binary":"C:\\Program Files\\Google\\Chrome\\Application\\chrome.exe","args":["--start-maximized"]}},"logLevel":"warn","connectionRetryTimeout":120000,"connectionRetryCount":3,"logLevels":{},"enableDirectConnect":true,"strictSSL":true,"_":"65 more keys: [\"cacheDir\",\"port\",\"requestedCapabilities\",\"automationProtocol\",\"baseUrl\",\"waitforInterval\",\"waitforTimeout\",\"onReload\",\"beforeCommand\",\"afterCommand\",\"rootDir\",\"specs\",\"suites\",\"exclude\",\"groupLogsByTestSpec\",\"excludeDriverLogs\",\"bail\",\"framework\",\"reporters\",\"services\",\"maxInstances\",\"maxInstancesPerCapability\",\"injectGlobals\",\"filesToWatch\",\"execArgv\",\"runnerEnv\",\"runner\",\"shard\",\"specFileRetries\",\"specFileRetriesDelay\",\"specFileRetriesDeferred\",\"reporterSyncInterval\",\"reporterSyncTimeout\",\"cucumberFeaturesWithLineNumbers\",\"autoCompileOpts\",\"mochaOpts\",\"jasmineOpts\",\"cucumberOpts\",\"onPrepare\",\"onWorkerStart\",\"onWorkerEnd\",\"before\",\"beforeSession\",\"beforeSuite\",\"beforeHook\",\"beforeTest\",\"afterTest\",\"afterHook\",\"afterSuite\",\"afterSession\",\"after\",\"onComplete\",\"beforeAssertion\",\"afterAssertion\",\"beforeFeature\",\"beforeScenario\",\"beforeStep\",\"afterStep\",\"afterScenario\",\"afterFeature\",\"_\",\"suite\",\"$0\",\"ignoredWorkerServices\",\"wdi5\"]"}]}
COMMAND: POST /session/2eb25f1cbe9612d735ab0219d8fb520b/execute/async - {"script":"<script> [21126 bytes]","args":[35000]}
RESULT: {"script":"<script> [21126 bytes]","args":[35000]}
COMMAND: POST /session/2eb25f1cbe9612d735ab0219d8fb520b/window/maximize - {}
RESULT: {}
COMMAND: POST /session/2eb25f1cbe9612d735ab0219d8fb520b/execute/async - {"script":"<script> [1562 bytes]","args":[{"selector":{"id":"shell-header","interaction":{"idSuffix":"icon"}},"wdio_ui5_key":"shellheader"}]}
COMMAND: GET /session/2eb25f1cbe9612d735ab0219d8fb520b/screenshot - {}
RESULT: {"script":"<script> [1562 bytes]","args":[{"selector":{"id":"shell-header","interaction":{"idSuffix":"icon"}},"wdio_ui5_key":"shellheader"}]}
RESULT: undefined
]]></system-out>
    </testcase>
  </testsuite>
  <testsuite timestamp="2025-04-25T16:33:40" time="421.554" tests="6" failures="0" errors="0" skipped="0">
    <properties>
      <property name="specId" value="0" />
      <property name="suiteName" value="Provide to Site w/ warehouse management w/ clarification US115878" />
      <property name="capabilities" value="chrome.135_0_7049_96.windows" />
      <property name="file" value="file:///D:/a/1/s/test/specs/HTR/provide-to-site-w-warehouse-w-clarification.spec.js" />
    </properties>
    <testcase classname="chrome.135_0_7049_96.windows.Provide_to_Site_w/_warehouse_management_w/_clarification_US115878" name="Should create a WHM yard" time="115.985">
      <system-out><![CDATA[
COMMAND: POST /session/2eb25f1cbe9612d735ab0219d8fb520b/execute/async - {"script":"<script> [1562 bytes]","args":[{"selector":{"controlType":"sap.m.GenericTile","properties":{"header":"Manage Yards"}},"wdio_ui5_key":"sapm.GenericTile{\"header\":\"Manage Yards\"}"}]}
RESULT: {}
RESULT: {"script":"<script> [1562 bytes]","args":[{"selector":{"controlType":"sap.m.GenericTile","properties":{"header":"Manage Yards"}},"wdio_ui5_key":"sapm.GenericTile{\"header\":\"Manage Yards\"}"}]}
RESULT: undefined
COMMAND: POST /session/2eb25f1cbe9612d735ab0219d8fb520b/element - {"using":"xpath","value":"//*[@id=\"__tile33\"]"}
RESULT: {"using":"xpath","value":"//*[@id=\"__tile33\"]"}
COMMAND: POST /session/2eb25f1cbe9612d735ab0219d8fb520b/element/f.1920C544C16071EF810842AAA08EA988.d.5E5F470BE82BDDA3D8D36FBB2CA2640A.e.4107/click - {}
RESULT: {}
COMMAND: POST /session/2eb25f1cbe9612d735ab0219d8fb520b/execute/async - {"script":"<script> [1562 bytes]","args":[{"selector":{"controlType":"sap.ui.core.Icon","viewName":"etm.portal.ui.manageyards.view.Master","viewId":"application-manageyards-display-component---masterYard","properties":{"src":{"regex":{"source":"add"}}}},"wdio_ui5_key":"etmportal.ui.manageyards.view.Mastersap.ui.core.Icon{\"src\":{\"regex\":{\"source\":\"add\"}}}"}]}
COMMAND: GET /session/2eb25f1cbe9612d735ab0219d8fb520b/screenshot - {}
RESULT: {"script":"<script> [1562 bytes]","args":[{"selector":{"controlType":"sap.ui.core.Icon","viewName":"etm.portal.ui.manageyards.view.Master","viewId":"application-manageyards-display-component---masterYard","properties":{"src":{"regex":{"source":"add"}}}},"wdio_ui5_key":"etmportal.ui.manageyards.view.Mastersap.ui.core.Icon{\"src\":{\"regex\":{\"source\":\"add\"}}}"}]}
RESULT: undefined
COMMAND: POST /session/2eb25f1cbe9612d735ab0219d8fb520b/element - {"using":"xpath","value":"//*[@id=\"__button4-img\"]"}
RESULT: {}
RESULT: {"using":"xpath","value":"//*[@id=\"__button4-img\"]"}
COMMAND: POST /session/2eb25f1cbe9612d735ab0219d8fb520b/element/f.1920C544C16071EF810842AAA08EA988.d.5E5F470BE82BDDA3D8D36FBB2CA2640A.e.4240/click - {}
RESULT: {}
COMMAND: POST /session/2eb25f1cbe9612d735ab0219d8fb520b/execute/async - {"script":"<script> [1562 bytes]","args":[{"selector":{"id":"application-manageyards-display-component---NewYard--addressDetailDetailsName1","interaction":{"idSuffix":"inner"}},"wdio_ui5_key":"applicationmanageyards-display-component---NewYard--addressDetailDetailsName1"}]}
COMMAND: GET /session/2eb25f1cbe9612d735ab0219d8fb520b/screenshot - {}
RESULT: {"script":"<script> [1562 bytes]","args":[{"selector":{"id":"application-manageyards-display-component---NewYard--addressDetailDetailsName1","interaction":{"idSuffix":"inner"}},"wdio_ui5_key":"applicationmanageyards-display-component---NewYard--addressDetailDetailsName1"}]}
RESULT: undefined
COMMAND: POST /session/2eb25f1cbe9612d735ab0219d8fb520b/execute/async - {"script":"<script> [776 bytes]","args":[{"enterText":"warehouse managed Yard","selector":{"id":"application-manageyards-display-component---NewYard--addressDetailDetailsName1","interaction":{"idSuffix":"inner"}},"clearTextFirst":true,"interactionType":"ENTER_TEXT"}]}
RESULT: {}
RESULT: {"script":"<script> [776 bytes]","args":[{"enterText":"warehouse managed Yard","selector":{"id":"application-manageyards-display-component---NewYard--addressDetailDetailsName1","interaction":{"idSuffix":"inner"}},"clearTextFirst":true,"interactionType":"ENTER_TEXT"}]}
COMMAND: POST /session/2eb25f1cbe9612d735ab0219d8fb520b/execute/async - {"script":"<script> [1562 bytes]","args":[{"selector":{"id":"application-manageyards-display-component---NewYard--addressDetailDetailsLanguage-arrow"},"wdio_ui5_key":"applicationmanageyards-display-component---NewYard--addressDetailDetailsLanguage-arrow"}]}
RESULT: {"script":"<script> [1562 bytes]","args":[{"selector":{"id":"application-manageyards-display-component---NewYard--addressDetailDetailsLanguage-arrow"},"wdio_ui5_key":"applicationmanageyards-display-component---NewYard--addressDetailDetailsLanguage-arrow"}]}
RESULT: undefined
COMMAND: POST /session/2eb25f1cbe9612d735ab0219d8fb520b/element - {"using":"xpath","value":"//*[@id=\"application-manageyards-display-component---NewYard--addressDetailDetailsLanguage-arrow\"]"}
RESULT: {"using":"xpath","value":"//*[@id=\"application-manageyards-display-component---NewYard--addressDetailDetailsLanguage-arrow\"]"}
COMMAND: POST /session/2eb25f1cbe9612d735ab0219d8fb520b/element/f.1920C544C16071EF810842AAA08EA988.d.5E5F470BE82BDDA3D8D36FBB2CA2640A.e.4645/click - {}
RESULT: {}
COMMAND: POST /session/2eb25f1cbe9612d735ab0219d8fb520b/execute/async - {"script":"<script> [1562 bytes]","args":[{"selector":{"controlType":"sap.m.StandardListItem","viewName":"etm.portal.ui.manageyards.view.New","viewId":"application-manageyards-display-component---NewYard","properties":{"title":"English"},"searchOpenDialogs":true,"interaction":{"idSuffix":"content"}},"wdio_ui5_key":"etmportal.ui.manageyards.view.Newsap.m.StandardListItem{\"title\":\"English\"}"}]}
COMMAND: GET /session/2eb25f1cbe9612d735ab0219d8fb520b/screenshot - {}
RESULT: {"script":"<script> [1562 bytes]","args":[{"selector":{"controlType":"sap.m.StandardListItem","viewName":"etm.portal.ui.manageyards.view.New","viewId":"application-manageyards-display-component---NewYard","properties":{"title":"English"},"searchOpenDialogs":true,"interaction":{"idSuffix":"content"}},"wdio_ui5_key":"etmportal.ui.manageyards.view.Newsap.m.StandardListItem{\"title\":\"English\"}"}]}
RESULT: undefined
COMMAND: POST /session/2eb25f1cbe9612d735ab0219d8fb520b/element - {"using":"xpath","value":"//*[@id=\"__item99\"]"}
RESULT: {}
RESULT: {"using":"xpath","value":"//*[@id=\"__item99\"]"}
COMMAND: POST /session/2eb25f1cbe9612d735ab0219d8fb520b/element/f.1920C544C16071EF810842AAA08EA988.d.5E5F470BE82BDDA3D8D36FBB2CA2640A.e.4647/click - {}
RESULT: {}
COMMAND: POST /session/2eb25f1cbe9612d735ab0219d8fb520b/execute/async - {"script":"<script> [1562 bytes]","args":[{"selector":{"id":"application-manageyards-display-component---NewYard--addressDetailDetailsCity1","interaction":{"idSuffix":"inner"}},"wdio_ui5_key":"applicationmanageyards-display-component---NewYard--addressDetailDetailsCity1"}]}
COMMAND: GET /session/2eb25f1cbe9612d735ab0219d8fb520b/screenshot - {}
RESULT: {"script":"<script> [1562 bytes]","args":[{"selector":{"id":"application-manageyards-display-component---NewYard--addressDetailDetailsCity1","interaction":{"idSuffix":"inner"}},"wdio_ui5_key":"applicationmanageyards-display-component---NewYard--addressDetailDetailsCity1"}]}
RESULT: undefined
COMMAND: POST /session/2eb25f1cbe9612d735ab0219d8fb520b/execute/async - {"script":"<script> [776 bytes]","args":[{"enterText":"Rosario","selector":{"id":"application-manageyards-display-component---NewYard--addressDetailDetailsCity1","interaction":{"idSuffix":"inner"}},"clearTextFirst":true,"interactionType":"ENTER_TEXT"}]}
RESULT: {}
RESULT: {"script":"<script> [776 bytes]","args":[{"enterText":"Rosario","selector":{"id":"application-manageyards-display-component---NewYard--addressDetailDetailsCity1","interaction":{"idSuffix":"inner"}},"clearTextFirst":true,"interactionType":"ENTER_TEXT"}]}
COMMAND: POST /session/2eb25f1cbe9612d735ab0219d8fb520b/execute/async - {"script":"<script> [1562 bytes]","args":[{"selector":{"id":"application-manageyards-display-component---NewYard--addressDetailDetailsCountry-arrow"},"wdio_ui5_key":"applicationmanageyards-display-component---NewYard--addressDetailDetailsCountry-arrow"}]}
RESULT: {"script":"<script> [1562 bytes]","args":[{"selector":{"id":"application-manageyards-display-component---NewYard--addressDetailDetailsCountry-arrow"},"wdio_ui5_key":"applicationmanageyards-display-component---NewYard--addressDetailDetailsCountry-arrow"}]}
RESULT: undefined
COMMAND: POST /session/2eb25f1cbe9612d735ab0219d8fb520b/element - {"using":"xpath","value":"//*[@id=\"application-manageyards-display-component---NewYard--addressDetailDetailsCountry-arrow\"]"}
RESULT: {"using":"xpath","value":"//*[@id=\"application-manageyards-display-component---NewYard--addressDetailDetailsCountry-arrow\"]"}
COMMAND: POST /session/2eb25f1cbe9612d735ab0219d8fb520b/element/f.1920C544C16071EF810842AAA08EA988.d.5E5F470BE82BDDA3D8D36FBB2CA2640A.e.4608/click - {}
RESULT: {}
COMMAND: POST /session/2eb25f1cbe9612d735ab0219d8fb520b/execute/async - {"script":"<script> [1562 bytes]","args":[{"selector":{"controlType":"sap.m.StandardListItem","viewName":"etm.portal.ui.manageyards.view.New","viewId":"application-manageyards-display-component---NewYard","properties":{"title":"Argentina"},"searchOpenDialogs":true,"interaction":{"idSuffix":"content"}},"wdio_ui5_key":"etmportal.ui.manageyards.view.Newsap.m.StandardListItem{\"title\":\"Argentina\"}"}]}
COMMAND: GET /session/2eb25f1cbe9612d735ab0219d8fb520b/screenshot - {}
RESULT: {"script":"<script> [1562 bytes]","args":[{"selector":{"controlType":"sap.m.StandardListItem","viewName":"etm.portal.ui.manageyards.view.New","viewId":"application-manageyards-display-component---NewYard","properties":{"title":"Argentina"},"searchOpenDialogs":true,"interaction":{"idSuffix":"content"}},"wdio_ui5_key":"etmportal.ui.manageyards.view.Newsap.m.StandardListItem{\"title\":\"Argentina\"}"}]}
RESULT: undefined
COMMAND: POST /session/2eb25f1cbe9612d735ab0219d8fb520b/element - {"using":"xpath","value":"//*[@id=\"__item142\"]"}
RESULT: {}
RESULT: {"using":"xpath","value":"//*[@id=\"__item142\"]"}
COMMAND: POST /session/2eb25f1cbe9612d735ab0219d8fb520b/element/f.1920C544C16071EF810842AAA08EA988.d.5E5F470BE82BDDA3D8D36FBB2CA2640A.e.4651/click - {}
RESULT: {}
COMMAND: POST /session/2eb25f1cbe9612d735ab0219d8fb520b/execute/async - {"script":"<script> [1562 bytes]","args":[{"selector":{"controlType":"sap.m.Button","viewName":"etm.portal.ui.manageyards.view.New","viewId":"application-manageyards-display-component---NewYard","properties":{"text":"Commercial"},"interaction":{"idSuffix":"BDI-content"}},"wdio_ui5_key":"etmportal.ui.manageyards.view.Newsap.m.Button{\"text\":\"Commercial\"}"}]}
COMMAND: GET /session/2eb25f1cbe9612d735ab0219d8fb520b/screenshot - {}
RESULT: {"script":"<script> [1562 bytes]","args":[{"selector":{"controlType":"sap.m.Button","viewName":"etm.portal.ui.manageyards.view.New","viewId":"application-manageyards-display-component---NewYard","properties":{"text":"Commercial"},"interaction":{"idSuffix":"BDI-content"}},"wdio_ui5_key":"etmportal.ui.manageyards.view.Newsap.m.Button{\"text\":\"Commercial\"}"}]}
RESULT: undefined
COMMAND: POST /session/2eb25f1cbe9612d735ab0219d8fb520b/element - {"using":"xpath","value":"//*[@id=\"application-manageyards-display-component---NewYard--ObjectPageLayout-anchBar-__section5-anchor\"]"}
RESULT: {}
RESULT: {"using":"xpath","value":"//*[@id=\"application-manageyards-display-component---NewYard--ObjectPageLayout-anchBar-__section5-anchor\"]"}
COMMAND: POST /session/2eb25f1cbe9612d735ab0219d8fb520b/element/f.1920C544C16071EF810842AAA08EA988.d.5E5F470BE82BDDA3D8D36FBB2CA2640A.e.4653/click - {}
RESULT: {}
COMMAND: GET /session/2eb25f1cbe9612d735ab0219d8fb520b/screenshot - {}
RESULT: {}
COMMAND: POST /session/2eb25f1cbe9612d735ab0219d8fb520b/execute/async - {"script":"<script> [1562 bytes]","args":[{"selector":{"id":"application-manageyards-display-component---NewYard--addressEditDetailsCostObjectCstType-arrow"},"wdio_ui5_key":"applicationmanageyards-display-component---NewYard--addressEditDetailsCostObjectCstType-arrow"}]}
RESULT: {"script":"<script> [1562 bytes]","args":[{"selector":{"id":"application-manageyards-display-component---NewYard--addressEditDetailsCostObjectCstType-arrow"},"wdio_ui5_key":"applicationmanageyards-display-component---NewYard--addressEditDetailsCostObjectCstType-arrow"}]}
RESULT: undefined
COMMAND: POST /session/2eb25f1cbe9612d735ab0219d8fb520b/element - {"using":"xpath","value":"//*[@id=\"application-manageyards-display-component---NewYard--addressEditDetailsCostObjectCstType-arrow\"]"}
RESULT: {"using":"xpath","value":"//*[@id=\"application-manageyards-display-component---NewYard--addressEditDetailsCostObjectCstType-arrow\"]"}
COMMAND: POST /session/2eb25f1cbe9612d735ab0219d8fb520b/element/f.1920C544C16071EF810842AAA08EA988.d.5E5F470BE82BDDA3D8D36FBB2CA2640A.e.4662/click - {}
RESULT: {}
COMMAND: GET /session/2eb25f1cbe9612d735ab0219d8fb520b/screenshot - {}
RESULT: {}
COMMAND: POST /session/2eb25f1cbe9612d735ab0219d8fb520b/execute/async - {"script":"<script> [1562 bytes]","args":[{"selector":{"controlType":"sap.m.StandardListItem","viewName":"etm.portal.ui.manageyards.view.New","viewId":"application-manageyards-display-component---NewYard","properties":{"title":"Cost Center"},"searchOpenDialogs":true,"interaction":{"idSuffix":"titleText"}},"wdio_ui5_key":"etmportal.ui.manageyards.view.Newsap.m.StandardListItem{\"title\":\"Cost Center\"}"}]}
RESULT: {"script":"<script> [1562 bytes]","args":[{"selector":{"controlType":"sap.m.StandardListItem","viewName":"etm.portal.ui.manageyards.view.New","viewId":"application-manageyards-display-component---NewYard","properties":{"title":"Cost Center"},"searchOpenDialogs":true,"interaction":{"idSuffix":"titleText"}},"wdio_ui5_key":"etmportal.ui.manageyards.view.Newsap.m.StandardListItem{\"title\":\"Cost Center\"}"}]}
RESULT: undefined
COMMAND: POST /session/2eb25f1cbe9612d735ab0219d8fb520b/element - {"using":"xpath","value":"//*[@id=\"__item232\"]"}
RESULT: {"using":"xpath","value":"//*[@id=\"__item232\"]"}
COMMAND: POST /session/2eb25f1cbe9612d735ab0219d8fb520b/element/f.1920C544C16071EF810842AAA08EA988.d.5E5F470BE82BDDA3D8D36FBB2CA2640A.e.4664/click - {}
RESULT: {}
COMMAND: POST /session/2eb25f1cbe9612d735ab0219d8fb520b/element - {"using":"xpath","value":"//input[@id=\"application-manageyards-display-component---NewYard--addressNewCostObjectCstID-inner\"]"}
COMMAND: GET /session/2eb25f1cbe9612d735ab0219d8fb520b/screenshot - {}
RESULT: {"using":"xpath","value":"//input[@id=\"application-manageyards-display-component---NewYard--addressNewCostObjectCstID-inner\"]"}
COMMAND: POST /session/2eb25f1cbe9612d735ab0219d8fb520b/element/f.1920C544C16071EF810842AAA08EA988.d.5E5F470BE82BDDA3D8D36FBB2CA2640A.e.4468/clear - {}
RESULT: {}
COMMAND: POST /session/2eb25f1cbe9612d735ab0219d8fb520b/element - {"using":"xpath","value":"//input[@id=\"application-manageyards-display-component---NewYard--addressNewCostObjectCstID-inner\"]"}
RESULT: {"using":"xpath","value":"//input[@id=\"application-manageyards-display-component---NewYard--addressNewCostObjectCstID-inner\"]"}
COMMAND: POST /session/2eb25f1cbe9612d735ab0219d8fb520b/element/f.1920C544C16071EF810842AAA08EA988.d.5E5F470BE82BDDA3D8D36FBB2CA2640A.e.4468/clear - {}
COMMAND: POST /session/2eb25f1cbe9612d735ab0219d8fb520b/element - {"using":"xpath","value":"//input[@id=\"application-manageyards-display-component---NewYard--addressNewCostObjectCstID-inner\"]"}
RESULT: {"using":"xpath","value":"//input[@id=\"application-manageyards-display-component---NewYard--addressNewCostObjectCstID-inner\"]"}
COMMAND: POST /session/2eb25f1cbe9612d735ab0219d8fb520b/element/f.1920C544C16071EF810842AAA08EA988.d.5E5F470BE82BDDA3D8D36FBB2CA2640A.e.4668/clear - {}
COMMAND: POST /session/2eb25f1cbe9612d735ab0219d8fb520b/element - {"using":"xpath","value":"//input[@id=\"application-manageyards-display-component---NewYard--addressNewCostObjectCstID-inner\"]"}
RESULT: {"using":"xpath","value":"//input[@id=\"application-manageyards-display-component---NewYard--addressNewCostObjectCstID-inner\"]"}
COMMAND: POST /session/2eb25f1cbe9612d735ab0219d8fb520b/element/f.1920C544C16071EF810842AAA08EA988.d.5E5F470BE82BDDA3D8D36FBB2CA2640A.e.4668/clear - {}
COMMAND: POST /session/2eb25f1cbe9612d735ab0219d8fb520b/element - {"using":"xpath","value":"//input[@id=\"application-manageyards-display-component---NewYard--addressNewCostObjectCstID-inner\"]"}
RESULT: {"using":"xpath","value":"//input[@id=\"application-manageyards-display-component---NewYard--addressNewCostObjectCstID-inner\"]"}
COMMAND: POST /session/2eb25f1cbe9612d735ab0219d8fb520b/element/f.1920C544C16071EF810842AAA08EA988.d.5E5F470BE82BDDA3D8D36FBB2CA2640A.e.4670/clear - {}
RESULT: {}
COMMAND: POST /session/2eb25f1cbe9612d735ab0219d8fb520b/element/f.1920C544C16071EF810842AAA08EA988.d.5E5F470BE82BDDA3D8D36FBB2CA2640A.e.4670/value - {"text":"10001013"}
COMMAND: GET /session/2eb25f1cbe9612d735ab0219d8fb520b/screenshot - {}
RESULT: {"text":"10001013"}
COMMAND: GET /session/2eb25f1cbe9612d735ab0219d8fb520b/screenshot - {}
RESULT: {}
RESULT: {}
COMMAND: POST /session/2eb25f1cbe9612d735ab0219d8fb520b/execute/async - {"script":"<script> [1562 bytes]","args":[{"selector":{"controlType":"sap.m.StandardListItem","viewName":"etm.portal.ui.manageyards.view.New","viewId":"application-manageyards-display-component---NewYard","properties":{"type":"Active"},"searchOpenDialogs":true,"interaction":{"idSuffix":"titleText"}},"wdio_ui5_key":"etmportal.ui.manageyards.view.Newsap.m.StandardListItem{\"type\":\"Active\"}"}]}
RESULT: {"script":"<script> [1562 bytes]","args":[{"selector":{"controlType":"sap.m.StandardListItem","viewName":"etm.portal.ui.manageyards.view.New","viewId":"application-manageyards-display-component---NewYard","properties":{"type":"Active"},"searchOpenDialogs":true,"interaction":{"idSuffix":"titleText"}},"wdio_ui5_key":"etmportal.ui.manageyards.view.Newsap.m.StandardListItem{\"type\":\"Active\"}"}]}
RESULT: undefined
COMMAND: POST /session/2eb25f1cbe9612d735ab0219d8fb520b/element - {"using":"xpath","value":"//*[@id=\"__item337\"]"}
RESULT: {"using":"xpath","value":"//*[@id=\"__item337\"]"}
COMMAND: POST /session/2eb25f1cbe9612d735ab0219d8fb520b/element/f.1920C544C16071EF810842AAA08EA988.d.5E5F470BE82BDDA3D8D36FBB2CA2640A.e.4674/click - {}
RESULT: {}
COMMAND: POST /session/2eb25f1cbe9612d735ab0219d8fb520b/execute/async - {"script":"<script> [1562 bytes]","args":[{"selector":{"id":"application-manageyards-display-component---NewYard--addressEditDetailsCurrency-arrow"},"wdio_ui5_key":"applicationmanageyards-display-component---NewYard--addressEditDetailsCurrency-arrow"}]}
COMMAND: GET /session/2eb25f1cbe9612d735ab0219d8fb520b/screenshot - {}
RESULT: {"script":"<script> [1562 bytes]","args":[{"selector":{"id":"application-manageyards-display-component---NewYard--addressEditDetailsCurrency-arrow"},"wdio_ui5_key":"applicationmanageyards-display-component---NewYard--addressEditDetailsCurrency-arrow"}]}
RESULT: undefined
COMMAND: POST /session/2eb25f1cbe9612d735ab0219d8fb520b/element - {"using":"xpath","value":"//*[@id=\"application-manageyards-display-component---NewYard--addressEditDetailsCurrency-arrow\"]"}
RESULT: {}
RESULT: {"using":"xpath","value":"//*[@id=\"application-manageyards-display-component---NewYard--addressEditDetailsCurrency-arrow\"]"}
COMMAND: POST /session/2eb25f1cbe9612d735ab0219d8fb520b/element/f.1920C544C16071EF810842AAA08EA988.d.5E5F470BE82BDDA3D8D36FBB2CA2640A.e.4676/click - {}
RESULT: {}
COMMAND: POST /session/2eb25f1cbe9612d735ab0219d8fb520b/execute/async - {"script":"<script> [1562 bytes]","args":[{"selector":{"controlType":"sap.m.StandardListItem","viewName":"etm.portal.ui.manageyards.view.New","viewId":"application-manageyards-display-component---NewYard","properties":{"title":"Euro"},"searchOpenDialogs":true,"interaction":{"idSuffix":"content"}},"wdio_ui5_key":"etmportal.ui.manageyards.view.Newsap.m.StandardListItem{\"title\":\"Euro\"}"}]}
COMMAND: GET /session/2eb25f1cbe9612d735ab0219d8fb520b/screenshot - {}
RESULT: {"script":"<script> [1562 bytes]","args":[{"selector":{"controlType":"sap.m.StandardListItem","viewName":"etm.portal.ui.manageyards.view.New","viewId":"application-manageyards-display-component---NewYard","properties":{"title":"Euro"},"searchOpenDialogs":true,"interaction":{"idSuffix":"content"}},"wdio_ui5_key":"etmportal.ui.manageyards.view.Newsap.m.StandardListItem{\"title\":\"Euro\"}"}]}
RESULT: undefined
COMMAND: POST /session/2eb25f1cbe9612d735ab0219d8fb520b/element - {"using":"xpath","value":"//*[@id=\"__item338\"]"}
RESULT: {}
RESULT: {"using":"xpath","value":"//*[@id=\"__item338\"]"}
COMMAND: POST /session/2eb25f1cbe9612d735ab0219d8fb520b/element/f.1920C544C16071EF810842AAA08EA988.d.5E5F470BE82BDDA3D8D36FBB2CA2640A.e.4678/click - {}
RESULT: {}
COMMAND: POST /session/2eb25f1cbe9612d735ab0219d8fb520b/execute/async - {"script":"<script> [1562 bytes]","args":[{"selector":{"controlType":"sap.m.Input","viewName":"etm.portal.ui.manageyards.view.New","viewId":"application-manageyards-display-component---NewYard","bindingPath":{"path":"","propertyPath":"/CONTROLLING_AREA","modelName":"NewYardModel"},"interaction":{"idSuffix":"inner"}},"wdio_ui5_key":"etmportal.ui.manageyards.view.Newsap.m.Input{\"path\":\"\",\"propertyPath\":\"/CONTROLLING_AREA\",\"modelName\":\"NewYardModel\"}"}]}
COMMAND: GET /session/2eb25f1cbe9612d735ab0219d8fb520b/screenshot - {}
RESULT: {"script":"<script> [1562 bytes]","args":[{"selector":{"controlType":"sap.m.Input","viewName":"etm.portal.ui.manageyards.view.New","viewId":"application-manageyards-display-component---NewYard","bindingPath":{"path":"","propertyPath":"/CONTROLLING_AREA","modelName":"NewYardModel"},"interaction":{"idSuffix":"inner"}},"wdio_ui5_key":"etmportal.ui.manageyards.view.Newsap.m.Input{\"path\":\"\",\"propertyPath\":\"/CONTROLLING_AREA\",\"modelName\":\"NewYardModel\"}"}]}
RESULT: undefined
COMMAND: POST /session/2eb25f1cbe9612d735ab0219d8fb520b/execute/async - {"script":"<script> [776 bytes]","args":[{"enterText":"Z001","selector":{"controlType":"sap.m.Input","viewName":"etm.portal.ui.manageyards.view.New","viewId":"application-manageyards-display-component---NewYard","bindingPath":{"path":"","propertyPath":"/CONTROLLING_AREA","modelName":"NewYardModel"},"interaction":{"idSuffix":"inner"}},"clearTextFirst":true,"interactionType":"ENTER_TEXT"}]}
RESULT: {}
RESULT: {"script":"<script> [776 bytes]","args":[{"enterText":"Z001","selector":{"controlType":"sap.m.Input","viewName":"etm.portal.ui.manageyards.view.New","viewId":"application-manageyards-display-component---NewYard","bindingPath":{"path":"","propertyPath":"/CONTROLLING_AREA","modelName":"NewYardModel"},"interaction":{"idSuffix":"inner"}},"clearTextFirst":true,"interactionType":"ENTER_TEXT"}]}
COMMAND: POST /session/2eb25f1cbe9612d735ab0219d8fb520b/execute/async - {"script":"<script> [1562 bytes]","args":[{"selector":{"id":"application-manageyards-display-component---NewYard--companyCodeComboBox","interaction":{"idSuffix":"inner"}},"wdio_ui5_key":"applicationmanageyards-display-component---NewYard--companyCodeComboBox"}]}
RESULT: {"script":"<script> [1562 bytes]","args":[{"selector":{"id":"application-manageyards-display-component---NewYard--companyCodeComboBox","interaction":{"idSuffix":"inner"}},"wdio_ui5_key":"applicationmanageyards-display-component---NewYard--companyCodeComboBox"}]}
RESULT: undefined
COMMAND: POST /session/2eb25f1cbe9612d735ab0219d8fb520b/execute/async - {"script":"<script> [776 bytes]","args":[{"enterText":"1000","selector":{"id":"application-manageyards-display-component---NewYard--companyCodeComboBox","interaction":{"idSuffix":"inner"}},"clearTextFirst":true,"interactionType":"ENTER_TEXT"}]}
RESULT: {"script":"<script> [776 bytes]","args":[{"enterText":"1000","selector":{"id":"application-manageyards-display-component---NewYard--companyCodeComboBox","interaction":{"idSuffix":"inner"}},"clearTextFirst":true,"interactionType":"ENTER_TEXT"}]}
COMMAND: POST /session/2eb25f1cbe9612d735ab0219d8fb520b/execute/async - {"script":"<script> [1562 bytes]","args":[{"selector":{"controlType":"sap.m.Input","viewName":"etm.portal.ui.manageyards.view.New","viewId":"application-manageyards-display-component---NewYard","bindingPath":{"path":"","propertyPath":"/PLANT","modelName":"NewYardModel"},"interaction":{"idSuffix":"inner"}},"wdio_ui5_key":"etmportal.ui.manageyards.view.Newsap.m.Input{\"path\":\"\",\"propertyPath\":\"/PLANT\",\"modelName\":\"NewYardModel\"}"}]}
RESULT: {"script":"<script> [1562 bytes]","args":[{"selector":{"controlType":"sap.m.Input","viewName":"etm.portal.ui.manageyards.view.New","viewId":"application-manageyards-display-component---NewYard","bindingPath":{"path":"","propertyPath":"/PLANT","modelName":"NewYardModel"},"interaction":{"idSuffix":"inner"}},"wdio_ui5_key":"etmportal.ui.manageyards.view.Newsap.m.Input{\"path\":\"\",\"propertyPath\":\"/PLANT\",\"modelName\":\"NewYardModel\"}"}]}
RESULT: undefined
COMMAND: POST /session/2eb25f1cbe9612d735ab0219d8fb520b/execute/async - {"script":"<script> [776 bytes]","args":[{"enterText":"1001","selector":{"controlType":"sap.m.Input","viewName":"etm.portal.ui.manageyards.view.New","viewId":"application-manageyards-display-component---NewYard","bindingPath":{"path":"","propertyPath":"/PLANT","modelName":"NewYardModel"},"interaction":{"idSuffix":"inner"}},"clearTextFirst":true,"interactionType":"ENTER_TEXT"}]}
RESULT: {"script":"<script> [776 bytes]","args":[{"enterText":"1001","selector":{"controlType":"sap.m.Input","viewName":"etm.portal.ui.manageyards.view.New","viewId":"application-manageyards-display-component---NewYard","bindingPath":{"path":"","propertyPath":"/PLANT","modelName":"NewYardModel"},"interaction":{"idSuffix":"inner"}},"clearTextFirst":true,"interactionType":"ENTER_TEXT"}]}
COMMAND: POST /session/2eb25f1cbe9612d735ab0219d8fb520b/execute/async - {"script":"<script> [1562 bytes]","args":[{"selector":{"controlType":"sap.m.Input","viewName":"etm.portal.ui.manageyards.view.New","viewId":"application-manageyards-display-component---NewYard","bindingPath":{"path":"","propertyPath":"/SALES_AREA_VKORG","modelName":"NewYardModel"},"interaction":{"idSuffix":"inner"}},"wdio_ui5_key":"etmportal.ui.manageyards.view.Newsap.m.Input{\"path\":\"\",\"propertyPath\":\"/SALES_AREA_VKORG\",\"modelName\":\"NewYardModel\"}"}]}
RESULT: {"script":"<script> [1562 bytes]","args":[{"selector":{"controlType":"sap.m.Input","viewName":"etm.portal.ui.manageyards.view.New","viewId":"application-manageyards-display-component---NewYard","bindingPath":{"path":"","propertyPath":"/SALES_AREA_VKORG","modelName":"NewYardModel"},"interaction":{"idSuffix":"inner"}},"wdio_ui5_key":"etmportal.ui.manageyards.view.Newsap.m.Input{\"path\":\"\",\"propertyPath\":\"/SALES_AREA_VKORG\",\"modelName\":\"NewYardModel\"}"}]}
RESULT: undefined
COMMAND: POST /session/2eb25f1cbe9612d735ab0219d8fb520b/execute/async - {"script":"<script> [776 bytes]","args":[{"enterText":"C002","selector":{"controlType":"sap.m.Input","viewName":"etm.portal.ui.manageyards.view.New","viewId":"application-manageyards-display-component---NewYard","bindingPath":{"path":"","propertyPath":"/SALES_AREA_VKORG","modelName":"NewYardModel"},"interaction":{"idSuffix":"inner"}},"clearTextFirst":true,"interactionType":"ENTER_TEXT"}]}
RESULT: {"script":"<script> [776 bytes]","args":[{"enterText":"C002","selector":{"controlType":"sap.m.Input","viewName":"etm.portal.ui.manageyards.view.New","viewId":"application-manageyards-display-component---NewYard","bindingPath":{"path":"","propertyPath":"/SALES_AREA_VKORG","modelName":"NewYardModel"},"interaction":{"idSuffix":"inner"}},"clearTextFirst":true,"interactionType":"ENTER_TEXT"}]}
COMMAND: POST /session/2eb25f1cbe9612d735ab0219d8fb520b/execute/async - {"script":"<script> [1562 bytes]","args":[{"selector":{"controlType":"sap.m.Input","viewName":"etm.portal.ui.manageyards.view.New","viewId":"application-manageyards-display-component---NewYard","bindingPath":{"path":"","propertyPath":"/SALES_AREA_VTWEG","modelName":"NewYardModel"},"interaction":{"idSuffix":"inner"}},"wdio_ui5_key":"etmportal.ui.manageyards.view.Newsap.m.Input{\"path\":\"\",\"propertyPath\":\"/SALES_AREA_VTWEG\",\"modelName\":\"NewYardModel\"}"}]}
RESULT: {"script":"<script> [1562 bytes]","args":[{"selector":{"controlType":"sap.m.Input","viewName":"etm.portal.ui.manageyards.view.New","viewId":"application-manageyards-display-component---NewYard","bindingPath":{"path":"","propertyPath":"/SALES_AREA_VTWEG","modelName":"NewYardModel"},"interaction":{"idSuffix":"inner"}},"wdio_ui5_key":"etmportal.ui.manageyards.view.Newsap.m.Input{\"path\":\"\",\"propertyPath\":\"/SALES_AREA_VTWEG\",\"modelName\":\"NewYardModel\"}"}]}
RESULT: undefined
COMMAND: POST /session/2eb25f1cbe9612d735ab0219d8fb520b/execute/async - {"script":"<script> [776 bytes]","args":[{"enterText":"C2","selector":{"controlType":"sap.m.Input","viewName":"etm.portal.ui.manageyards.view.New","viewId":"application-manageyards-display-component---NewYard","bindingPath":{"path":"","propertyPath":"/SALES_AREA_VTWEG","modelName":"NewYardModel"},"interaction":{"idSuffix":"inner"}},"clearTextFirst":true,"interactionType":"ENTER_TEXT"}]}
RESULT: {"script":"<script> [776 bytes]","args":[{"enterText":"C2","selector":{"controlType":"sap.m.Input","viewName":"etm.portal.ui.manageyards.view.New","viewId":"application-manageyards-display-component---NewYard","bindingPath":{"path":"","propertyPath":"/SALES_AREA_VTWEG","modelName":"NewYardModel"},"interaction":{"idSuffix":"inner"}},"clearTextFirst":true,"interactionType":"ENTER_TEXT"}]}
COMMAND: POST /session/2eb25f1cbe9612d735ab0219d8fb520b/execute/async - {"script":"<script> [1562 bytes]","args":[{"selector":{"controlType":"sap.m.Input","viewName":"etm.portal.ui.manageyards.view.New","viewId":"application-manageyards-display-component---NewYard","bindingPath":{"path":"","propertyPath":"/SALES_AREA_SPART","modelName":"NewYardModel"},"interaction":{"idSuffix":"inner"}},"wdio_ui5_key":"etmportal.ui.manageyards.view.Newsap.m.Input{\"path\":\"\",\"propertyPath\":\"/SALES_AREA_SPART\",\"modelName\":\"NewYardModel\"}"}]}
RESULT: {"script":"<script> [1562 bytes]","args":[{"selector":{"controlType":"sap.m.Input","viewName":"etm.portal.ui.manageyards.view.New","viewId":"application-manageyards-display-component---NewYard","bindingPath":{"path":"","propertyPath":"/SALES_AREA_SPART","modelName":"NewYardModel"},"interaction":{"idSuffix":"inner"}},"wdio_ui5_key":"etmportal.ui.manageyards.view.Newsap.m.Input{\"path\":\"\",\"propertyPath\":\"/SALES_AREA_SPART\",\"modelName\":\"NewYardModel\"}"}]}
RESULT: undefined
COMMAND: POST /session/2eb25f1cbe9612d735ab0219d8fb520b/execute/async - {"script":"<script> [776 bytes]","args":[{"enterText":"C2","selector":{"controlType":"sap.m.Input","viewName":"etm.portal.ui.manageyards.view.New","viewId":"application-manageyards-display-component---NewYard","bindingPath":{"path":"","propertyPath":"/SALES_AREA_SPART","modelName":"NewYardModel"},"interaction":{"idSuffix":"inner"}},"clearTextFirst":true,"interactionType":"ENTER_TEXT"}]}
RESULT: {"script":"<script> [776 bytes]","args":[{"enterText":"C2","selector":{"controlType":"sap.m.Input","viewName":"etm.portal.ui.manageyards.view.New","viewId":"application-manageyards-display-component---NewYard","bindingPath":{"path":"","propertyPath":"/SALES_AREA_SPART","modelName":"NewYardModel"},"interaction":{"idSuffix":"inner"}},"clearTextFirst":true,"interactionType":"ENTER_TEXT"}]}
COMMAND: POST /session/2eb25f1cbe9612d735ab0219d8fb520b/execute/async - {"script":"<script> [1562 bytes]","args":[{"selector":{"controlType":"sap.m.Input","viewName":"etm.portal.ui.manageyards.view.New","viewId":"application-manageyards-display-component---NewYard","bindingPath":{"path":"","propertyPath":"/SHIP_POINT","modelName":"NewYardModel"},"interaction":{"idSuffix":"inner"}},"wdio_ui5_key":"etmportal.ui.manageyards.view.Newsap.m.Input{\"path\":\"\",\"propertyPath\":\"/SHIP_POINT\",\"modelName\":\"NewYardModel\"}"}]}
RESULT: {"script":"<script> [1562 bytes]","args":[{"selector":{"controlType":"sap.m.Input","viewName":"etm.portal.ui.manageyards.view.New","viewId":"application-manageyards-display-component---NewYard","bindingPath":{"path":"","propertyPath":"/SHIP_POINT","modelName":"NewYardModel"},"interaction":{"idSuffix":"inner"}},"wdio_ui5_key":"etmportal.ui.manageyards.view.Newsap.m.Input{\"path\":\"\",\"propertyPath\":\"/SHIP_POINT\",\"modelName\":\"NewYardModel\"}"}]}
RESULT: undefined
COMMAND: POST /session/2eb25f1cbe9612d735ab0219d8fb520b/execute/async - {"script":"<script> [776 bytes]","args":[{"enterText":"1710","selector":{"controlType":"sap.m.Input","viewName":"etm.portal.ui.manageyards.view.New","viewId":"application-manageyards-display-component---NewYard","bindingPath":{"path":"","propertyPath":"/SHIP_POINT","modelName":"NewYardModel"},"interaction":{"idSuffix":"inner"}},"clearTextFirst":true,"interactionType":"ENTER_TEXT"}]}
RESULT: {"script":"<script> [776 bytes]","args":[{"enterText":"1710","selector":{"controlType":"sap.m.Input","viewName":"etm.portal.ui.manageyards.view.New","viewId":"application-manageyards-display-component---NewYard","bindingPath":{"path":"","propertyPath":"/SHIP_POINT","modelName":"NewYardModel"},"interaction":{"idSuffix":"inner"}},"clearTextFirst":true,"interactionType":"ENTER_TEXT"}]}
COMMAND: POST /session/2eb25f1cbe9612d735ab0219d8fb520b/execute/async - {"script":"<script> [1562 bytes]","args":[{"selector":{"controlType":"sap.m.Input","viewName":"etm.portal.ui.manageyards.view.New","viewId":"application-manageyards-display-component---NewYard","bindingPath":{"path":"","propertyPath":"/DELIVERY_TYPE","modelName":"NewYardModel"},"interaction":{"idSuffix":"inner"}},"wdio_ui5_key":"etmportal.ui.manageyards.view.Newsap.m.Input{\"path\":\"\",\"propertyPath\":\"/DELIVERY_TYPE\",\"modelName\":\"NewYardModel\"}"}]}
RESULT: {"script":"<script> [1562 bytes]","args":[{"selector":{"controlType":"sap.m.Input","viewName":"etm.portal.ui.manageyards.view.New","viewId":"application-manageyards-display-component---NewYard","bindingPath":{"path":"","propertyPath":"/DELIVERY_TYPE","modelName":"NewYardModel"},"interaction":{"idSuffix":"inner"}},"wdio_ui5_key":"etmportal.ui.manageyards.view.Newsap.m.Input{\"path\":\"\",\"propertyPath\":\"/DELIVERY_TYPE\",\"modelName\":\"NewYardModel\"}"}]}
RESULT: undefined
COMMAND: POST /session/2eb25f1cbe9612d735ab0219d8fb520b/execute/async - {"script":"<script> [776 bytes]","args":[{"enterText":"ZL01","selector":{"controlType":"sap.m.Input","viewName":"etm.portal.ui.manageyards.view.New","viewId":"application-manageyards-display-component---NewYard","bindingPath":{"path":"","propertyPath":"/DELIVERY_TYPE","modelName":"NewYardModel"},"interaction":{"idSuffix":"inner"}},"clearTextFirst":true,"interactionType":"ENTER_TEXT"}]}
RESULT: {"script":"<script> [776 bytes]","args":[{"enterText":"ZL01","selector":{"controlType":"sap.m.Input","viewName":"etm.portal.ui.manageyards.view.New","viewId":"application-manageyards-display-component---NewYard","bindingPath":{"path":"","propertyPath":"/DELIVERY_TYPE","modelName":"NewYardModel"},"interaction":{"idSuffix":"inner"}},"clearTextFirst":true,"interactionType":"ENTER_TEXT"}]}
COMMAND: POST /session/2eb25f1cbe9612d735ab0219d8fb520b/execute/async - {"script":"<script> [1562 bytes]","args":[{"selector":{"controlType":"sap.m.Input","viewName":"etm.portal.ui.manageyards.view.New","viewId":"application-manageyards-display-component---NewYard","bindingPath":{"path":"","propertyPath":"/AUART","modelName":"NewYardModel"},"interaction":{"idSuffix":"inner"}},"wdio_ui5_key":"etmportal.ui.manageyards.view.Newsap.m.Input{\"path\":\"\",\"propertyPath\":\"/AUART\",\"modelName\":\"NewYardModel\"}"}]}
RESULT: {"script":"<script> [1562 bytes]","args":[{"selector":{"controlType":"sap.m.Input","viewName":"etm.portal.ui.manageyards.view.New","viewId":"application-manageyards-display-component---NewYard","bindingPath":{"path":"","propertyPath":"/AUART","modelName":"NewYardModel"},"interaction":{"idSuffix":"inner"}},"wdio_ui5_key":"etmportal.ui.manageyards.view.Newsap.m.Input{\"path\":\"\",\"propertyPath\":\"/AUART\",\"modelName\":\"NewYardModel\"}"}]}
RESULT: undefined
COMMAND: POST /session/2eb25f1cbe9612d735ab0219d8fb520b/execute/async - {"script":"<script> [776 bytes]","args":[{"enterText":"TA","selector":{"controlType":"sap.m.Input","viewName":"etm.portal.ui.manageyards.view.New","viewId":"application-manageyards-display-component---NewYard","bindingPath":{"path":"","propertyPath":"/AUART","modelName":"NewYardModel"},"interaction":{"idSuffix":"inner"}},"clearTextFirst":true,"interactionType":"ENTER_TEXT"}]}
RESULT: {"script":"<script> [776 bytes]","args":[{"enterText":"TA","selector":{"controlType":"sap.m.Input","viewName":"etm.portal.ui.manageyards.view.New","viewId":"application-manageyards-display-component---NewYard","bindingPath":{"path":"","propertyPath":"/AUART","modelName":"NewYardModel"},"interaction":{"idSuffix":"inner"}},"clearTextFirst":true,"interactionType":"ENTER_TEXT"}]}
COMMAND: POST /session/2eb25f1cbe9612d735ab0219d8fb520b/execute/async - {"script":"<script> [1562 bytes]","args":[{"selector":{"id":"application-manageyards-display-component---NewYard--whmCheckBox","interaction":{"idSuffix":"CbBg"}},"wdio_ui5_key":"applicationmanageyards-display-component---NewYard--whmCheckBox"}]}
RESULT: {"script":"<script> [1562 bytes]","args":[{"selector":{"id":"application-manageyards-display-component---NewYard--whmCheckBox","interaction":{"idSuffix":"CbBg"}},"wdio_ui5_key":"applicationmanageyards-display-component---NewYard--whmCheckBox"}]}
RESULT: undefined
COMMAND: POST /session/2eb25f1cbe9612d735ab0219d8fb520b/element - {"using":"xpath","value":"//*[@id=\"application-manageyards-display-component---NewYard--whmCheckBox\"]"}
RESULT: {"using":"xpath","value":"//*[@id=\"application-manageyards-display-component---NewYard--whmCheckBox\"]"}
COMMAND: POST /session/2eb25f1cbe9612d735ab0219d8fb520b/element/f.1920C544C16071EF810842AAA08EA988.d.5E5F470BE82BDDA3D8D36FBB2CA2640A.e.4689/click - {}
RESULT: {}
COMMAND: POST /session/2eb25f1cbe9612d735ab0219d8fb520b/execute/async - {"script":"<script> [1562 bytes]","args":[{"selector":{"controlType":"sap.m.Button","viewName":"etm.portal.ui.manageyards.view.New","viewId":"application-manageyards-display-component---NewYard","i18NText":{"propertyName":"text","key":"save"},"interaction":{"idSuffix":"BDI-content"}},"wdio_ui5_key":"etmportal.ui.manageyards.view.Newsap.m.Button{\"propertyName\":\"text\",\"key\":\"save\"}"}]}
COMMAND: GET /session/2eb25f1cbe9612d735ab0219d8fb520b/screenshot - {}
RESULT: {"script":"<script> [1562 bytes]","args":[{"selector":{"controlType":"sap.m.Button","viewName":"etm.portal.ui.manageyards.view.New","viewId":"application-manageyards-display-component---NewYard","i18NText":{"propertyName":"text","key":"save"},"interaction":{"idSuffix":"BDI-content"}},"wdio_ui5_key":"etmportal.ui.manageyards.view.Newsap.m.Button{\"propertyName\":\"text\",\"key\":\"save\"}"}]}
RESULT: undefined
COMMAND: POST /session/2eb25f1cbe9612d735ab0219d8fb520b/element - {"using":"xpath","value":"//*[@id=\"__button18\"]"}
RESULT: {}
RESULT: {"using":"xpath","value":"//*[@id=\"__button18\"]"}
COMMAND: POST /session/2eb25f1cbe9612d735ab0219d8fb520b/element/f.1920C544C16071EF810842AAA08EA988.d.5E5F470BE82BDDA3D8D36FBB2CA2640A.e.4630/click - {}
RESULT: {}
COMMAND: GET /session/2eb25f1cbe9612d735ab0219d8fb520b/screenshot - {}
RESULT: {}
COMMAND: POST /session/2eb25f1cbe9612d735ab0219d8fb520b/execute/async - {"script":"<script> [1562 bytes]","args":[{"selector":{"controlType":"sap.m.Text","viewName":"etm.portal.ui.manageyards.view.Detail","viewId":"application-manageyards-display-component---detailYard","bindingPath":{"propertyPath":"ID","modelName":"catalogModel"}},"wdio_ui5_key":"etmportal.ui.manageyards.view.Detailsap.m.Text{\"propertyPath\":\"ID\",\"modelName\":\"catalogModel\"}"}]}
RESULT: {"script":"<script> [1562 bytes]","args":[{"selector":{"controlType":"sap.m.Text","viewName":"etm.portal.ui.manageyards.view.Detail","viewId":"application-manageyards-display-component---detailYard","bindingPath":{"propertyPath":"ID","modelName":"catalogModel"}},"wdio_ui5_key":"etmportal.ui.manageyards.view.Detailsap.m.Text{\"propertyPath\":\"ID\",\"modelName\":\"catalogModel\"}"}]}
RESULT: undefined
COMMAND: POST /session/2eb25f1cbe9612d735ab0219d8fb520b/execute/async - {"script":"<script> [6424 bytes]","args":[{"element-6066-11e4-a52e-4f735466cecf":"f.1920C544C16071EF810842AAA08EA988.d.5E5F470BE82BDDA3D8D36FBB2CA2640A.e.4886"},"getText",[]]}
RESULT: {"script":"<script> [6424 bytes]","args":[{"element-6066-11e4-a52e-4f735466cecf":"f.1920C544C16071EF810842AAA08EA988.d.5E5F470BE82BDDA3D8D36FBB2CA2640A.e.4886"},"getText",[]]}
COMMAND: POST /session/2eb25f1cbe9612d735ab0219d8fb520b/element - {"using":"css selector","value":"#shell-header-logo"}
RESULT: {"using":"css selector","value":"#shell-header-logo"}
COMMAND: POST /session/2eb25f1cbe9612d735ab0219d8fb520b/element/f.1920C544C16071EF810842AAA08EA988.d.5E5F470BE82BDDA3D8D36FBB2CA2640A.e.4084/click - {}
RESULT: {}
COMMAND: GET /session/2eb25f1cbe9612d735ab0219d8fb520b/screenshot - {}
RESULT: {}
]]></system-out>
    </testcase>
    <testcase classname="chrome.135_0_7049_96.windows.Provide_to_Site_w/_warehouse_management_w/_clarification_US115878" name="Should create WHM site" time="56.653">
      <system-out><![CDATA[
COMMAND: POST /session/2eb25f1cbe9612d735ab0219d8fb520b/execute/async - {"script":"<script> [1562 bytes]","args":[{"selector":{"controlType":"sap.m.GenericTile","properties":{"header":"Manage Sites"}},"wdio_ui5_key":"sapm.GenericTile{\"header\":\"Manage Sites\"}"}]}
RESULT: {"script":"<script> [1562 bytes]","args":[{"selector":{"controlType":"sap.m.GenericTile","properties":{"header":"Manage Sites"}},"wdio_ui5_key":"sapm.GenericTile{\"header\":\"Manage Sites\"}"}]}
RESULT: undefined
COMMAND: POST /session/2eb25f1cbe9612d735ab0219d8fb520b/element - {"using":"xpath","value":"//*[@id=\"__tile32\"]"}
RESULT: {"using":"xpath","value":"//*[@id=\"__tile32\"]"}
COMMAND: POST /session/2eb25f1cbe9612d735ab0219d8fb520b/element/f.1920C544C16071EF810842AAA08EA988.d.5E5F470BE82BDDA3D8D36FBB2CA2640A.e.4104/click - {}
RESULT: {}
COMMAND: GET /session/2eb25f1cbe9612d735ab0219d8fb520b/screenshot - {}
RESULT: {}
COMMAND: POST /session/2eb25f1cbe9612d735ab0219d8fb520b/execute/async - {"script":"<script> [1562 bytes]","args":[{"selector":{"controlType":"sap.ui.core.Icon","viewName":"etm.portal.ui.managesites.view.Master","viewId":"application-managesites-display-component---masterSite","properties":{"src":{"regex":{"source":"add"}}}},"wdio_ui5_key":"etmportal.ui.managesites.view.Mastersap.ui.core.Icon{\"src\":{\"regex\":{\"source\":\"add\"}}}"}]}
RESULT: {"script":"<script> [1562 bytes]","args":[{"selector":{"controlType":"sap.ui.core.Icon","viewName":"etm.portal.ui.managesites.view.Master","viewId":"application-managesites-display-component---masterSite","properties":{"src":{"regex":{"source":"add"}}}},"wdio_ui5_key":"etmportal.ui.managesites.view.Mastersap.ui.core.Icon{\"src\":{\"regex\":{\"source\":\"add\"}}}"}]}
RESULT: undefined
COMMAND: POST /session/2eb25f1cbe9612d735ab0219d8fb520b/element - {"using":"xpath","value":"//*[@id=\"__button64-img\"]"}
RESULT: {"using":"xpath","value":"//*[@id=\"__button64-img\"]"}
COMMAND: POST /session/2eb25f1cbe9612d735ab0219d8fb520b/element/f.1920C544C16071EF810842AAA08EA988.d.5E5F470BE82BDDA3D8D36FBB2CA2640A.e.4935/click - {}
RESULT: {}
COMMAND: GET /session/2eb25f1cbe9612d735ab0219d8fb520b/screenshot - {}
COMMAND: POST /session/2eb25f1cbe9612d735ab0219d8fb520b/execute/async - {"script":"<script> [1562 bytes]","args":[{"selector":{"controlType":"sap.m.Button","viewName":"etm.portal.ui.managesites.view.NewSmartSite","viewId":"application-managesites-display-component---NewSite","properties":{"text":"General Information"},"interaction":{"idSuffix":"BDI-content"}},"wdio_ui5_key":"etmportal.ui.managesites.view.NewSmartSitesap.m.Button{\"text\":\"General Information\"}"}]}
RESULT: {}
RESULT: {"script":"<script> [1562 bytes]","args":[{"selector":{"controlType":"sap.m.Button","viewName":"etm.portal.ui.managesites.view.NewSmartSite","viewId":"application-managesites-display-component---NewSite","properties":{"text":"General Information"},"interaction":{"idSuffix":"BDI-content"}},"wdio_ui5_key":"etmportal.ui.managesites.view.NewSmartSitesap.m.Button{\"text\":\"General Information\"}"}]}
RESULT: undefined
COMMAND: POST /session/2eb25f1cbe9612d735ab0219d8fb520b/element - {"using":"xpath","value":"//*[@id=\"application-managesites-display-component---NewSite--ObjectPageLayout-anchBar-__section31-anchor\"]"}
RESULT: {"using":"xpath","value":"//*[@id=\"application-managesites-display-component---NewSite--ObjectPageLayout-anchBar-__section31-anchor\"]"}
COMMAND: POST /session/2eb25f1cbe9612d735ab0219d8fb520b/element/f.1920C544C16071EF810842AAA08EA988.d.5E5F470BE82BDDA3D8D36FBB2CA2640A.e.5283/click - {}
RESULT: {}
COMMAND: POST /session/2eb25f1cbe9612d735ab0219d8fb520b/execute/async - {"script":"<script> [1562 bytes]","args":[{"selector":{"id":"application-managesites-display-component---NewSite--addressDetailDetailsName1","interaction":{"idSuffix":"inner"}},"wdio_ui5_key":"applicationmanagesites-display-component---NewSite--addressDetailDetailsName1"}]}
COMMAND: GET /session/2eb25f1cbe9612d735ab0219d8fb520b/screenshot - {}
RESULT: {"script":"<script> [1562 bytes]","args":[{"selector":{"id":"application-managesites-display-component---NewSite--addressDetailDetailsName1","interaction":{"idSuffix":"inner"}},"wdio_ui5_key":"applicationmanagesites-display-component---NewSite--addressDetailDetailsName1"}]}
RESULT: undefined
COMMAND: POST /session/2eb25f1cbe9612d735ab0219d8fb520b/execute/async - {"script":"<script> [776 bytes]","args":[{"enterText":"WDI5 WHM Site","selector":{"id":"application-managesites-display-component---NewSite--addressDetailDetailsName1","interaction":{"idSuffix":"inner"}},"clearTextFirst":true,"interactionType":"ENTER_TEXT"}]}
RESULT: {}
RESULT: {"script":"<script> [776 bytes]","args":[{"enterText":"WDI5 WHM Site","selector":{"id":"application-managesites-display-component---NewSite--addressDetailDetailsName1","interaction":{"idSuffix":"inner"}},"clearTextFirst":true,"interactionType":"ENTER_TEXT"}]}
COMMAND: POST /session/2eb25f1cbe9612d735ab0219d8fb520b/execute/async - {"script":"<script> [1562 bytes]","args":[{"selector":{"id":"application-managesites-display-component---NewSite--addressDetailDetailsLanguage","interaction":{"idSuffix":"inner"}},"wdio_ui5_key":"applicationmanagesites-display-component---NewSite--addressDetailDetailsLanguage"}]}
RESULT: {"script":"<script> [1562 bytes]","args":[{"selector":{"id":"application-managesites-display-component---NewSite--addressDetailDetailsLanguage","interaction":{"idSuffix":"inner"}},"wdio_ui5_key":"applicationmanagesites-display-component---NewSite--addressDetailDetailsLanguage"}]}
RESULT: undefined
COMMAND: POST /session/2eb25f1cbe9612d735ab0219d8fb520b/execute/async - {"script":"<script> [776 bytes]","args":[{"enterText":"Romanian","selector":{"id":"application-managesites-display-component---NewSite--addressDetailDetailsLanguage","interaction":{"idSuffix":"inner"}},"clearTextFirst":true,"interactionType":"ENTER_TEXT"}]}
RESULT: {"script":"<script> [776 bytes]","args":[{"enterText":"Romanian","selector":{"id":"application-managesites-display-component---NewSite--addressDetailDetailsLanguage","interaction":{"idSuffix":"inner"}},"clearTextFirst":true,"interactionType":"ENTER_TEXT"}]}
COMMAND: POST /session/2eb25f1cbe9612d735ab0219d8fb520b/execute/async - {"script":"<script> [1562 bytes]","args":[{"selector":{"id":"application-managesites-display-component---NewSite--addressDetailDetailsCity1","interaction":{"idSuffix":"inner"}},"wdio_ui5_key":"applicationmanagesites-display-component---NewSite--addressDetailDetailsCity1"}]}
RESULT: {"script":"<script> [1562 bytes]","args":[{"selector":{"id":"application-managesites-display-component---NewSite--addressDetailDetailsCity1","interaction":{"idSuffix":"inner"}},"wdio_ui5_key":"applicationmanagesites-display-component---NewSite--addressDetailDetailsCity1"}]}
RESULT: undefined
COMMAND: POST /session/2eb25f1cbe9612d735ab0219d8fb520b/execute/async - {"script":"<script> [776 bytes]","args":[{"enterText":"Bucharest","selector":{"id":"application-managesites-display-component---NewSite--addressDetailDetailsCity1","interaction":{"idSuffix":"inner"}},"clearTextFirst":true,"interactionType":"ENTER_TEXT"}]}
RESULT: {"script":"<script> [776 bytes]","args":[{"enterText":"Bucharest","selector":{"id":"application-managesites-display-component---NewSite--addressDetailDetailsCity1","interaction":{"idSuffix":"inner"}},"clearTextFirst":true,"interactionType":"ENTER_TEXT"}]}
COMMAND: POST /session/2eb25f1cbe9612d735ab0219d8fb520b/execute/async - {"script":"<script> [1562 bytes]","args":[{"selector":{"id":"application-managesites-display-component---NewSite--addressDetailDetailsCountry","interaction":{"idSuffix":"inner"}},"wdio_ui5_key":"applicationmanagesites-display-component---NewSite--addressDetailDetailsCountry"}]}
RESULT: {"script":"<script> [1562 bytes]","args":[{"selector":{"id":"application-managesites-display-component---NewSite--addressDetailDetailsCountry","interaction":{"idSuffix":"inner"}},"wdio_ui5_key":"applicationmanagesites-display-component---NewSite--addressDetailDetailsCountry"}]}
RESULT: undefined
COMMAND: POST /session/2eb25f1cbe9612d735ab0219d8fb520b/execute/async - {"script":"<script> [6424 bytes]","args":[{"element-6066-11e4-a52e-4f735466cecf":"f.1920C544C16071EF810842AAA08EA988.d.5E5F470BE82BDDA3D8D36FBB2CA2640A.e.5145"},"setValue",["Romania"]]}
RESULT: {"script":"<script> [6424 bytes]","args":[{"element-6066-11e4-a52e-4f735466cecf":"f.1920C544C16071EF810842AAA08EA988.d.5E5F470BE82BDDA3D8D36FBB2CA2640A.e.5145"},"setValue",["Romania"]]}
COMMAND: POST /session/2eb25f1cbe9612d735ab0219d8fb520b/execute/async - {"script":"<script> [1562 bytes]","args":[{"selector":{"id":"application-managesites-display-component---NewSite--addressDetailDetailsCalendar","interaction":{"idSuffix":"inner"}},"wdio_ui5_key":"applicationmanagesites-display-component---NewSite--addressDetailDetailsCalendar"}]}
RESULT: {"script":"<script> [1562 bytes]","args":[{"selector":{"id":"application-managesites-display-component---NewSite--addressDetailDetailsCalendar","interaction":{"idSuffix":"inner"}},"wdio_ui5_key":"applicationmanagesites-display-component---NewSite--addressDetailDetailsCalendar"}]}
RESULT: undefined
COMMAND: POST /session/2eb25f1cbe9612d735ab0219d8fb520b/execute/async - {"script":"<script> [776 bytes]","args":[{"enterText":"8 - Germany (Standard)","selector":{"id":"application-managesites-display-component---NewSite--addressDetailDetailsCalendar","interaction":{"idSuffix":"inner"}},"clearTextFirst":true,"interactionType":"ENTER_TEXT"}]}
RESULT: {"script":"<script> [776 bytes]","args":[{"enterText":"8 - Germany (Standard)","selector":{"id":"application-managesites-display-component---NewSite--addressDetailDetailsCalendar","interaction":{"idSuffix":"inner"}},"clearTextFirst":true,"interactionType":"ENTER_TEXT"}]}
COMMAND: POST /session/2eb25f1cbe9612d735ab0219d8fb520b/element - {"using":"xpath","value":"//input[@id=\"application-managesites-display-component---NewSite--addressDetailDetailsYard-inner\"]"}
RESULT: {"using":"xpath","value":"//input[@id=\"application-managesites-display-component---NewSite--addressDetailDetailsYard-inner\"]"}
COMMAND: POST /session/2eb25f1cbe9612d735ab0219d8fb520b/element/f.1920C544C16071EF810842AAA08EA988.d.5E5F470BE82BDDA3D8D36FBB2CA2640A.e.5156/clear - {}
RESULT: {}
COMMAND: POST /session/2eb25f1cbe9612d735ab0219d8fb520b/element/f.1920C544C16071EF810842AAA08EA988.d.5E5F470BE82BDDA3D8D36FBB2CA2640A.e.5156/value - {"text":"229"}
COMMAND: GET /session/2eb25f1cbe9612d735ab0219d8fb520b/screenshot - {}
RESULT: {"text":"229"}
COMMAND: GET /session/2eb25f1cbe9612d735ab0219d8fb520b/screenshot - {}
RESULT: {}
RESULT: {}
COMMAND: POST /session/2eb25f1cbe9612d735ab0219d8fb520b/execute/async - {"script":"<script> [1562 bytes]","args":[{"selector":{"controlType":"sap.m.Button","viewName":"etm.portal.ui.managesites.view.NewSmartSite","viewId":"application-managesites-display-component---NewSite","properties":{"text":"Commercial"},"interaction":{"idSuffix":"BDI-content"}},"wdio_ui5_key":"etmportal.ui.managesites.view.NewSmartSitesap.m.Button{\"text\":\"Commercial\"}"}]}
RESULT: {"script":"<script> [1562 bytes]","args":[{"selector":{"controlType":"sap.m.Button","viewName":"etm.portal.ui.managesites.view.NewSmartSite","viewId":"application-managesites-display-component---NewSite","properties":{"text":"Commercial"},"interaction":{"idSuffix":"BDI-content"}},"wdio_ui5_key":"etmportal.ui.managesites.view.NewSmartSitesap.m.Button{\"text\":\"Commercial\"}"}]}
RESULT: undefined
COMMAND: POST /session/2eb25f1cbe9612d735ab0219d8fb520b/element - {"using":"xpath","value":"//*[@id=\"application-managesites-display-component---NewSite--ObjectPageLayout-anchBar-__section33-anchor\"]"}
RESULT: {"using":"xpath","value":"//*[@id=\"application-managesites-display-component---NewSite--ObjectPageLayout-anchBar-__section33-anchor\"]"}
COMMAND: POST /session/2eb25f1cbe9612d735ab0219d8fb520b/element/f.1920C544C16071EF810842AAA08EA988.d.5E5F470BE82BDDA3D8D36FBB2CA2640A.e.5292/click - {}
RESULT: {}
COMMAND: POST /session/2eb25f1cbe9612d735ab0219d8fb520b/execute/async - {"script":"<script> [1562 bytes]","args":[{"selector":{"id":"application-managesites-display-component---NewSite--siteWhmCheckBox-label","interaction":{"idSuffix":"bdi"}},"wdio_ui5_key":"applicationmanagesites-display-component---NewSite--siteWhmCheckBox-label"}]}
COMMAND: GET /session/2eb25f1cbe9612d735ab0219d8fb520b/screenshot - {}
RESULT: {"script":"<script> [1562 bytes]","args":[{"selector":{"id":"application-managesites-display-component---NewSite--siteWhmCheckBox-label","interaction":{"idSuffix":"bdi"}},"wdio_ui5_key":"applicationmanagesites-display-component---NewSite--siteWhmCheckBox-label"}]}
RESULT: undefined
COMMAND: POST /session/2eb25f1cbe9612d735ab0219d8fb520b/element - {"using":"xpath","value":"//*[@id=\"application-managesites-display-component---NewSite--siteWhmCheckBox-label\"]"}
RESULT: {}
RESULT: {"using":"xpath","value":"//*[@id=\"application-managesites-display-component---NewSite--siteWhmCheckBox-label\"]"}
COMMAND: POST /session/2eb25f1cbe9612d735ab0219d8fb520b/element/f.1920C544C16071EF810842AAA08EA988.d.5E5F470BE82BDDA3D8D36FBB2CA2640A.e.5302/click - {}
RESULT: {}
COMMAND: POST /session/2eb25f1cbe9612d735ab0219d8fb520b/execute/async - {"script":"<script> [1562 bytes]","args":[{"selector":{"controlType":"sap.m.Button","viewName":"etm.portal.ui.managesites.view.NewSmartSite","viewId":"application-managesites-display-component---NewSite","i18NText":{"propertyName":"text","key":"save"},"interaction":{"idSuffix":"BDI-content"}},"wdio_ui5_key":"etmportal.ui.managesites.view.NewSmartSitesap.m.Button{\"propertyName\":\"text\",\"key\":\"save\"}"}]}
COMMAND: GET /session/2eb25f1cbe9612d735ab0219d8fb520b/screenshot - {}
RESULT: {"script":"<script> [1562 bytes]","args":[{"selector":{"controlType":"sap.m.Button","viewName":"etm.portal.ui.managesites.view.NewSmartSite","viewId":"application-managesites-display-component---NewSite","i18NText":{"propertyName":"text","key":"save"},"interaction":{"idSuffix":"BDI-content"}},"wdio_ui5_key":"etmportal.ui.managesites.view.NewSmartSitesap.m.Button{\"propertyName\":\"text\",\"key\":\"save\"}"}]}
RESULT: undefined
COMMAND: POST /session/2eb25f1cbe9612d735ab0219d8fb520b/element - {"using":"xpath","value":"//*[@id=\"__button76\"]"}
RESULT: {}
RESULT: {"using":"xpath","value":"//*[@id=\"__button76\"]"}
COMMAND: POST /session/2eb25f1cbe9612d735ab0219d8fb520b/element/f.1920C544C16071EF810842AAA08EA988.d.5E5F470BE82BDDA3D8D36FBB2CA2640A.e.5277/click - {}
RESULT: {}
COMMAND: GET /session/2eb25f1cbe9612d735ab0219d8fb520b/screenshot - {}
RESULT: {}
COMMAND: POST /session/2eb25f1cbe9612d735ab0219d8fb520b/execute/async - {"script":"<script> [1562 bytes]","args":[{"selector":{"controlType":"sap.m.Text","viewName":"etm.portal.ui.managesites.view.Detail","viewId":"application-managesites-display-component---detailSite","bindingPath":{"propertyPath":"ID","modelName":"catalogModel"}},"wdio_ui5_key":"etmportal.ui.managesites.view.Detailsap.m.Text{\"propertyPath\":\"ID\",\"modelName\":\"catalogModel\"}"}]}
RESULT: {"script":"<script> [1562 bytes]","args":[{"selector":{"controlType":"sap.m.Text","viewName":"etm.portal.ui.managesites.view.Detail","viewId":"application-managesites-display-component---detailSite","bindingPath":{"propertyPath":"ID","modelName":"catalogModel"}},"wdio_ui5_key":"etmportal.ui.managesites.view.Detailsap.m.Text{\"propertyPath\":\"ID\",\"modelName\":\"catalogModel\"}"}]}
RESULT: undefined
COMMAND: POST /session/2eb25f1cbe9612d735ab0219d8fb520b/execute/async - {"script":"<script> [6424 bytes]","args":[{"element-6066-11e4-a52e-4f735466cecf":"f.1920C544C16071EF810842AAA08EA988.d.5E5F470BE82BDDA3D8D36FBB2CA2640A.e.5479"},"getText",[]]}
RESULT: {"script":"<script> [6424 bytes]","args":[{"element-6066-11e4-a52e-4f735466cecf":"f.1920C544C16071EF810842AAA08EA988.d.5E5F470BE82BDDA3D8D36FBB2CA2640A.e.5479"},"getText",[]]}
COMMAND: POST /session/2eb25f1cbe9612d735ab0219d8fb520b/execute/async - {"script":"<script> [1562 bytes]","args":[{"selector":{"controlType":"sap.m.Label","viewName":"etm.portal.ui.managesites.view.Detail","viewId":"application-managesites-display-component---detailSite","i18NText":{"propertyName":"text","key":"status"}},"wdio_ui5_key":"etmportal.ui.managesites.view.Detailsap.m.Label{\"propertyName\":\"text\",\"key\":\"status\"}"}]}
RESULT: {"script":"<script> [1562 bytes]","args":[{"selector":{"controlType":"sap.m.Label","viewName":"etm.portal.ui.managesites.view.Detail","viewId":"application-managesites-display-component---detailSite","i18NText":{"propertyName":"text","key":"status"}},"wdio_ui5_key":"etmportal.ui.managesites.view.Detailsap.m.Label{\"propertyName\":\"text\",\"key\":\"status\"}"}]}
RESULT: undefined
COMMAND: POST /session/2eb25f1cbe9612d735ab0219d8fb520b/execute/async - {"script":"<script> [6424 bytes]","args":[{"element-6066-11e4-a52e-4f735466cecf":"f.1920C544C16071EF810842AAA08EA988.d.5E5F470BE82BDDA3D8D36FBB2CA2640A.e.5467"},"getText",[]]}
RESULT: {"script":"<script> [6424 bytes]","args":[{"element-6066-11e4-a52e-4f735466cecf":"f.1920C544C16071EF810842AAA08EA988.d.5E5F470BE82BDDA3D8D36FBB2CA2640A.e.5467"},"getText",[]]}
RESULT: undefined
COMMAND: POST /session/2eb25f1cbe9612d735ab0219d8fb520b/element - {"using":"xpath","value":"//*[@id=\"shell-header\"]"}
RESULT: {"using":"xpath","value":"//*[@id=\"shell-header\"]"}
COMMAND: POST /session/2eb25f1cbe9612d735ab0219d8fb520b/element/f.1920C544C16071EF810842AAA08EA988.d.5E5F470BE82BDDA3D8D36FBB2CA2640A.e.5480/click - {}
RESULT: {}
COMMAND: POST /session/2eb25f1cbe9612d735ab0219d8fb520b/element - {"using":"css selector","value":"#shell-header-logo"}
COMMAND: GET /session/2eb25f1cbe9612d735ab0219d8fb520b/screenshot - {}
RESULT: {"using":"css selector","value":"#shell-header-logo"}
COMMAND: POST /session/2eb25f1cbe9612d735ab0219d8fb520b/element/f.1920C544C16071EF810842AAA08EA988.d.5E5F470BE82BDDA3D8D36FBB2CA2640A.e.4890/click - {}
RESULT: {}
RESULT: {}
]]></system-out>
    </testcase>
    <testcase classname="chrome.135_0_7049_96.windows.Provide_to_Site_w/_warehouse_management_w/_clarification_US115878" name="Should create WHM Partner" time="59.8">
      <system-out><![CDATA[
COMMAND: POST /session/2eb25f1cbe9612d735ab0219d8fb520b/execute/async - {"script":"<script> [1562 bytes]","args":[{"selector":{"controlType":"sap.m.GenericTile","properties":{"header":"Manage Partners"}},"wdio_ui5_key":"sapm.GenericTile{\"header\":\"Manage Partners\"}"}]}
COMMAND: GET /session/2eb25f1cbe9612d735ab0219d8fb520b/screenshot - {}
RESULT: {"script":"<script> [1562 bytes]","args":[{"selector":{"controlType":"sap.m.GenericTile","properties":{"header":"Manage Partners"}},"wdio_ui5_key":"sapm.GenericTile{\"header\":\"Manage Partners\"}"}]}
RESULT: undefined
COMMAND: POST /session/2eb25f1cbe9612d735ab0219d8fb520b/element - {"using":"xpath","value":"//*[@id=\"__tile30\"]"}
RESULT: {}
RESULT: {"using":"xpath","value":"//*[@id=\"__tile30\"]"}
COMMAND: POST /session/2eb25f1cbe9612d735ab0219d8fb520b/element/f.1920C544C16071EF810842AAA08EA988.d.5E5F470BE82BDDA3D8D36FBB2CA2640A.e.4098/click - {}
RESULT: {}
COMMAND: GET /session/2eb25f1cbe9612d735ab0219d8fb520b/screenshot - {}
COMMAND: POST /session/2eb25f1cbe9612d735ab0219d8fb520b/element - {"using":"xpath","value":"//button[(@data-kt = 'addButton')]"}
RESULT: {}
RESULT: {"using":"xpath","value":"//button[(@data-kt = 'addButton')]"}
COMMAND: POST /session/2eb25f1cbe9612d735ab0219d8fb520b/element/f.1920C544C16071EF810842AAA08EA988.d.5E5F470BE82BDDA3D8D36FBB2CA2640A.e.5517/click - {}
RESULT: {}
COMMAND: POST /session/2eb25f1cbe9612d735ab0219d8fb520b/execute/async - {"script":"<script> [1562 bytes]","args":[{"selector":{"id":"application-managepartners-display-component---NewPartner--addressDetailDetailsName1","interaction":{"idSuffix":"inner"}},"wdio_ui5_key":"applicationmanagepartners-display-component---NewPartner--addressDetailDetailsName1"}]}
COMMAND: GET /session/2eb25f1cbe9612d735ab0219d8fb520b/screenshot - {}
RESULT: {"script":"<script> [1562 bytes]","args":[{"selector":{"id":"application-managepartners-display-component---NewPartner--addressDetailDetailsName1","interaction":{"idSuffix":"inner"}},"wdio_ui5_key":"applicationmanagepartners-display-component---NewPartner--addressDetailDetailsName1"}]}
RESULT: undefined
COMMAND: POST /session/2eb25f1cbe9612d735ab0219d8fb520b/execute/async - {"script":"<script> [776 bytes]","args":[{"enterText":"WDI5-Partners","selector":{"id":"application-managepartners-display-component---NewPartner--addressDetailDetailsName1","interaction":{"idSuffix":"inner"}},"clearTextFirst":true,"interactionType":"ENTER_TEXT"}]}
RESULT: {}
RESULT: {"script":"<script> [776 bytes]","args":[{"enterText":"WDI5-Partners","selector":{"id":"application-managepartners-display-component---NewPartner--addressDetailDetailsName1","interaction":{"idSuffix":"inner"}},"clearTextFirst":true,"interactionType":"ENTER_TEXT"}]}
COMMAND: POST /session/2eb25f1cbe9612d735ab0219d8fb520b/execute/async - {"script":"<script> [1562 bytes]","args":[{"selector":{"id":"application-managepartners-display-component---NewPartner--addressDetailDetailsLanguage-arrow"},"wdio_ui5_key":"applicationmanagepartners-display-component---NewPartner--addressDetailDetailsLanguage-arrow"}]}
RESULT: {"script":"<script> [1562 bytes]","args":[{"selector":{"id":"application-managepartners-display-component---NewPartner--addressDetailDetailsLanguage-arrow"},"wdio_ui5_key":"applicationmanagepartners-display-component---NewPartner--addressDetailDetailsLanguage-arrow"}]}
RESULT: undefined
COMMAND: POST /session/2eb25f1cbe9612d735ab0219d8fb520b/element - {"using":"xpath","value":"//*[@id=\"application-managepartners-display-component---NewPartner--addressDetailDetailsLanguage-arrow\"]"}
RESULT: {"using":"xpath","value":"//*[@id=\"application-managepartners-display-component---NewPartner--addressDetailDetailsLanguage-arrow\"]"}
COMMAND: POST /session/2eb25f1cbe9612d735ab0219d8fb520b/element/f.1920C544C16071EF810842AAA08EA988.d.5E5F470BE82BDDA3D8D36FBB2CA2640A.e.5916/click - {}
RESULT: {}
COMMAND: POST /session/2eb25f1cbe9612d735ab0219d8fb520b/execute/async - {"script":"<script> [1562 bytes]","args":[{"selector":{"controlType":"sap.m.StandardListItem","viewName":"etm.portal.ui.managepartners.view.NewPartner","viewId":"application-managepartners-display-component---NewPartner","properties":{"title":"English"},"searchOpenDialogs":true,"interaction":{"idSuffix":"content"}},"wdio_ui5_key":"etmportal.ui.managepartners.view.NewPartnersap.m.StandardListItem{\"title\":\"English\"}"}]}
COMMAND: GET /session/2eb25f1cbe9612d735ab0219d8fb520b/screenshot - {}
RESULT: {"script":"<script> [1562 bytes]","args":[{"selector":{"controlType":"sap.m.StandardListItem","viewName":"etm.portal.ui.managepartners.view.NewPartner","viewId":"application-managepartners-display-component---NewPartner","properties":{"title":"English"},"searchOpenDialogs":true,"interaction":{"idSuffix":"content"}},"wdio_ui5_key":"etmportal.ui.managepartners.view.NewPartnersap.m.StandardListItem{\"title\":\"English\"}"}]}
RESULT: undefined
COMMAND: POST /session/2eb25f1cbe9612d735ab0219d8fb520b/element - {"using":"xpath","value":"//*[@id=\"__item849\"]"}
RESULT: {}
RESULT: {"using":"xpath","value":"//*[@id=\"__item849\"]"}
COMMAND: POST /session/2eb25f1cbe9612d735ab0219d8fb520b/element/f.1920C544C16071EF810842AAA08EA988.d.5E5F470BE82BDDA3D8D36FBB2CA2640A.e.5918/click - {}
RESULT: {}
COMMAND: POST /session/2eb25f1cbe9612d735ab0219d8fb520b/execute/async - {"script":"<script> [1562 bytes]","args":[{"selector":{"id":"application-managepartners-display-component---NewPartner--addressDetailDetailsCity1","interaction":{"idSuffix":"inner"}},"wdio_ui5_key":"applicationmanagepartners-display-component---NewPartner--addressDetailDetailsCity1"}]}
COMMAND: GET /session/2eb25f1cbe9612d735ab0219d8fb520b/screenshot - {}
RESULT: {"script":"<script> [1562 bytes]","args":[{"selector":{"id":"application-managepartners-display-component---NewPartner--addressDetailDetailsCity1","interaction":{"idSuffix":"inner"}},"wdio_ui5_key":"applicationmanagepartners-display-component---NewPartner--addressDetailDetailsCity1"}]}
RESULT: undefined
COMMAND: POST /session/2eb25f1cbe9612d735ab0219d8fb520b/execute/async - {"script":"<script> [776 bytes]","args":[{"enterText":"Bangalore","selector":{"id":"application-managepartners-display-component---NewPartner--addressDetailDetailsCity1","interaction":{"idSuffix":"inner"}},"clearTextFirst":true,"interactionType":"ENTER_TEXT"}]}
RESULT: {}
RESULT: {"script":"<script> [776 bytes]","args":[{"enterText":"Bangalore","selector":{"id":"application-managepartners-display-component---NewPartner--addressDetailDetailsCity1","interaction":{"idSuffix":"inner"}},"clearTextFirst":true,"interactionType":"ENTER_TEXT"}]}
COMMAND: POST /session/2eb25f1cbe9612d735ab0219d8fb520b/execute/async - {"script":"<script> [1562 bytes]","args":[{"selector":{"id":"application-managepartners-display-component---NewPartner--addressDetailDetailsCountry-arrow"},"wdio_ui5_key":"applicationmanagepartners-display-component---NewPartner--addressDetailDetailsCountry-arrow"}]}
RESULT: {"script":"<script> [1562 bytes]","args":[{"selector":{"id":"application-managepartners-display-component---NewPartner--addressDetailDetailsCountry-arrow"},"wdio_ui5_key":"applicationmanagepartners-display-component---NewPartner--addressDetailDetailsCountry-arrow"}]}
RESULT: undefined
COMMAND: POST /session/2eb25f1cbe9612d735ab0219d8fb520b/element - {"using":"xpath","value":"//*[@id=\"application-managepartners-display-component---NewPartner--addressDetailDetailsCountry-arrow\"]"}
RESULT: {"using":"xpath","value":"//*[@id=\"application-managepartners-display-component---NewPartner--addressDetailDetailsCountry-arrow\"]"}
COMMAND: POST /session/2eb25f1cbe9612d735ab0219d8fb520b/element/f.1920C544C16071EF810842AAA08EA988.d.5E5F470BE82BDDA3D8D36FBB2CA2640A.e.5920/click - {}
RESULT: {}
COMMAND: POST /session/2eb25f1cbe9612d735ab0219d8fb520b/execute/async - {"script":"<script> [1562 bytes]","args":[{"selector":{"id":"application-managepartners-display-component---NewPartner--addressDetailDetailsCountry","interaction":{"idSuffix":"inner"}},"wdio_ui5_key":"applicationmanagepartners-display-component---NewPartner--addressDetailDetailsCountry"}]}
COMMAND: GET /session/2eb25f1cbe9612d735ab0219d8fb520b/screenshot - {}
RESULT: {"script":"<script> [1562 bytes]","args":[{"selector":{"id":"application-managepartners-display-component---NewPartner--addressDetailDetailsCountry","interaction":{"idSuffix":"inner"}},"wdio_ui5_key":"applicationmanagepartners-display-component---NewPartner--addressDetailDetailsCountry"}]}
RESULT: undefined
COMMAND: POST /session/2eb25f1cbe9612d735ab0219d8fb520b/execute/async - {"script":"<script> [776 bytes]","args":[{"enterText":"India","selector":{"id":"application-managepartners-display-component---NewPartner--addressDetailDetailsCountry","interaction":{"idSuffix":"inner"}},"clearTextFirst":true,"interactionType":"ENTER_TEXT"}]}
RESULT: {}
RESULT: {"script":"<script> [776 bytes]","args":[{"enterText":"India","selector":{"id":"application-managepartners-display-component---NewPartner--addressDetailDetailsCountry","interaction":{"idSuffix":"inner"}},"clearTextFirst":true,"interactionType":"ENTER_TEXT"}]}
COMMAND: POST /session/2eb25f1cbe9612d735ab0219d8fb520b/execute/async - {"script":"<script> [1562 bytes]","args":[{"selector":{"controlType":"sap.m.StandardListItem","viewName":"etm.portal.ui.managepartners.view.NewPartner","viewId":"application-managepartners-display-component---NewPartner","properties":{"title":"India"},"searchOpenDialogs":true,"interaction":{"idSuffix":"content"}},"wdio_ui5_key":"etmportal.ui.managepartners.view.NewPartnersap.m.StandardListItem{\"title\":\"India\"}"}]}
RESULT: {"script":"<script> [1562 bytes]","args":[{"selector":{"controlType":"sap.m.StandardListItem","viewName":"etm.portal.ui.managepartners.view.NewPartner","viewId":"application-managepartners-display-component---NewPartner","properties":{"title":"India"},"searchOpenDialogs":true,"interaction":{"idSuffix":"content"}},"wdio_ui5_key":"etmportal.ui.managepartners.view.NewPartnersap.m.StandardListItem{\"title\":\"India\"}"}]}
RESULT: undefined
COMMAND: POST /session/2eb25f1cbe9612d735ab0219d8fb520b/execute/async - {"script":"<script> [1562 bytes]","args":[{"selector":{"controlType":"sap.m.Button","viewName":"etm.portal.ui.managepartners.view.NewPartner","viewId":"application-managepartners-display-component---NewPartner","properties":{"text":"Commercial"},"interaction":{"idSuffix":"BDI-content"}},"wdio_ui5_key":"etmportal.ui.managepartners.view.NewPartnersap.m.Button{\"text\":\"Commercial\"}"}]}
RESULT: {"script":"<script> [1562 bytes]","args":[{"selector":{"controlType":"sap.m.Button","viewName":"etm.portal.ui.managepartners.view.NewPartner","viewId":"application-managepartners-display-component---NewPartner","properties":{"text":"Commercial"},"interaction":{"idSuffix":"BDI-content"}},"wdio_ui5_key":"etmportal.ui.managepartners.view.NewPartnersap.m.Button{\"text\":\"Commercial\"}"}]}
RESULT: undefined
COMMAND: POST /session/2eb25f1cbe9612d735ab0219d8fb520b/element - {"using":"xpath","value":"//*[@id=\"application-managepartners-display-component---NewPartner--ObjectPageLayout-anchBar-__section57-anchor\"]"}
RESULT: {"using":"xpath","value":"//*[@id=\"application-managepartners-display-component---NewPartner--ObjectPageLayout-anchBar-__section57-anchor\"]"}
COMMAND: POST /session/2eb25f1cbe9612d735ab0219d8fb520b/element/f.1920C544C16071EF810842AAA08EA988.d.5E5F470BE82BDDA3D8D36FBB2CA2640A.e.5925/click - {}
RESULT: {}
COMMAND: POST /session/2eb25f1cbe9612d735ab0219d8fb520b/execute/async - {"script":"<script> [1562 bytes]","args":[{"selector":{"id":"application-managepartners-display-component---NewPartner--partnerDetailInternal-arrow"},"wdio_ui5_key":"applicationmanagepartners-display-component---NewPartner--partnerDetailInternal-arrow"}]}
COMMAND: GET /session/2eb25f1cbe9612d735ab0219d8fb520b/screenshot - {}
RESULT: {"script":"<script> [1562 bytes]","args":[{"selector":{"id":"application-managepartners-display-component---NewPartner--partnerDetailInternal-arrow"},"wdio_ui5_key":"applicationmanagepartners-display-component---NewPartner--partnerDetailInternal-arrow"}]}
RESULT: undefined
COMMAND: POST /session/2eb25f1cbe9612d735ab0219d8fb520b/element - {"using":"xpath","value":"//*[@id=\"application-managepartners-display-component---NewPartner--partnerDetailInternal-arrow\"]"}
RESULT: {}
RESULT: {"using":"xpath","value":"//*[@id=\"application-managepartners-display-component---NewPartner--partnerDetailInternal-arrow\"]"}
COMMAND: POST /session/2eb25f1cbe9612d735ab0219d8fb520b/element/f.1920C544C16071EF810842AAA08EA988.d.5E5F470BE82BDDA3D8D36FBB2CA2640A.e.5930/click - {}
RESULT: {}
COMMAND: POST /session/2eb25f1cbe9612d735ab0219d8fb520b/execute/async - {"script":"<script> [1562 bytes]","args":[{"selector":{"controlType":"sap.m.StandardListItem","viewName":"etm.portal.ui.managepartners.view.NewPartner","viewId":"application-managepartners-display-component---NewPartner","properties":{"title":"External partner"},"searchOpenDialogs":true,"interaction":{"idSuffix":"content"}},"wdio_ui5_key":"etmportal.ui.managepartners.view.NewPartnersap.m.StandardListItem{\"title\":\"External partner\"}"}]}
COMMAND: GET /session/2eb25f1cbe9612d735ab0219d8fb520b/screenshot - {}
RESULT: {"script":"<script> [1562 bytes]","args":[{"selector":{"controlType":"sap.m.StandardListItem","viewName":"etm.portal.ui.managepartners.view.NewPartner","viewId":"application-managepartners-display-component---NewPartner","properties":{"title":"External partner"},"searchOpenDialogs":true,"interaction":{"idSuffix":"content"}},"wdio_ui5_key":"etmportal.ui.managepartners.view.NewPartnersap.m.StandardListItem{\"title\":\"External partner\"}"}]}
RESULT: undefined
COMMAND: POST /session/2eb25f1cbe9612d735ab0219d8fb520b/element - {"using":"xpath","value":"//*[@id=\"__item983\"]"}
RESULT: {}
RESULT: {"using":"xpath","value":"//*[@id=\"__item983\"]"}
COMMAND: POST /session/2eb25f1cbe9612d735ab0219d8fb520b/element/f.1920C544C16071EF810842AAA08EA988.d.5E5F470BE82BDDA3D8D36FBB2CA2640A.e.5932/click - {}
RESULT: {}
COMMAND: POST /session/2eb25f1cbe9612d735ab0219d8fb520b/execute/async - {"script":"<script> [1562 bytes]","args":[{"selector":{"id":"application-managepartners-display-component---NewPartner--partnerDetailsCurrency-arrow"},"wdio_ui5_key":"applicationmanagepartners-display-component---NewPartner--partnerDetailsCurrency-arrow"}]}
COMMAND: GET /session/2eb25f1cbe9612d735ab0219d8fb520b/screenshot - {}
RESULT: {"script":"<script> [1562 bytes]","args":[{"selector":{"id":"application-managepartners-display-component---NewPartner--partnerDetailsCurrency-arrow"},"wdio_ui5_key":"applicationmanagepartners-display-component---NewPartner--partnerDetailsCurrency-arrow"}]}
RESULT: undefined
COMMAND: POST /session/2eb25f1cbe9612d735ab0219d8fb520b/element - {"using":"xpath","value":"//*[@id=\"application-managepartners-display-component---NewPartner--partnerDetailsCurrency-arrow\"]"}
RESULT: {}
RESULT: {"using":"xpath","value":"//*[@id=\"application-managepartners-display-component---NewPartner--partnerDetailsCurrency-arrow\"]"}
COMMAND: POST /session/2eb25f1cbe9612d735ab0219d8fb520b/element/f.1920C544C16071EF810842AAA08EA988.d.5E5F470BE82BDDA3D8D36FBB2CA2640A.e.5937/click - {}
RESULT: {}
COMMAND: POST /session/2eb25f1cbe9612d735ab0219d8fb520b/execute/async - {"script":"<script> [1562 bytes]","args":[{"selector":{"controlType":"sap.m.StandardListItem","viewName":"etm.portal.ui.managepartners.view.NewPartner","viewId":"application-managepartners-display-component---NewPartner","properties":{"title":"Euro"},"searchOpenDialogs":true,"interaction":{"idSuffix":"content"}},"wdio_ui5_key":"etmportal.ui.managepartners.view.NewPartnersap.m.StandardListItem{\"title\":\"Euro\"}"}]}
COMMAND: GET /session/2eb25f1cbe9612d735ab0219d8fb520b/screenshot - {}
RESULT: {"script":"<script> [1562 bytes]","args":[{"selector":{"controlType":"sap.m.StandardListItem","viewName":"etm.portal.ui.managepartners.view.NewPartner","viewId":"application-managepartners-display-component---NewPartner","properties":{"title":"Euro"},"searchOpenDialogs":true,"interaction":{"idSuffix":"content"}},"wdio_ui5_key":"etmportal.ui.managepartners.view.NewPartnersap.m.StandardListItem{\"title\":\"Euro\"}"}]}
RESULT: undefined
COMMAND: POST /session/2eb25f1cbe9612d735ab0219d8fb520b/element - {"using":"xpath","value":"//*[@id=\"__item985\"]"}
RESULT: {}
RESULT: {"using":"xpath","value":"//*[@id=\"__item985\"]"}
COMMAND: POST /session/2eb25f1cbe9612d735ab0219d8fb520b/element/f.1920C544C16071EF810842AAA08EA988.d.5E5F470BE82BDDA3D8D36FBB2CA2640A.e.5939/click - {}
RESULT: {}
COMMAND: POST /session/2eb25f1cbe9612d735ab0219d8fb520b/execute/async - {"script":"<script> [1562 bytes]","args":[{"selector":{"controlType":"sap.m.Button","viewName":"etm.portal.ui.managepartners.view.NewPartner","viewId":"application-managepartners-display-component---NewPartner","properties":{"text":"Assignments"},"interaction":{"idSuffix":"BDI-content"}},"wdio_ui5_key":"etmportal.ui.managepartners.view.NewPartnersap.m.Button{\"text\":\"Assignments\"}"}]}
COMMAND: GET /session/2eb25f1cbe9612d735ab0219d8fb520b/screenshot - {}
RESULT: {"script":"<script> [1562 bytes]","args":[{"selector":{"controlType":"sap.m.Button","viewName":"etm.portal.ui.managepartners.view.NewPartner","viewId":"application-managepartners-display-component---NewPartner","properties":{"text":"Assignments"},"interaction":{"idSuffix":"BDI-content"}},"wdio_ui5_key":"etmportal.ui.managepartners.view.NewPartnersap.m.Button{\"text\":\"Assignments\"}"}]}
RESULT: undefined
COMMAND: POST /session/2eb25f1cbe9612d735ab0219d8fb520b/element - {"using":"xpath","value":"//*[@id=\"application-managepartners-display-component---NewPartner--ObjectPageLayout-anchBar-__section61-anchor\"]"}
RESULT: {}
RESULT: {"using":"xpath","value":"//*[@id=\"application-managepartners-display-component---NewPartner--ObjectPageLayout-anchBar-__section61-anchor\"]"}
COMMAND: POST /session/2eb25f1cbe9612d735ab0219d8fb520b/element/f.1920C544C16071EF810842AAA08EA988.d.5E5F470BE82BDDA3D8D36FBB2CA2640A.e.5941/click - {}
RESULT: {}
COMMAND: POST /session/2eb25f1cbe9612d735ab0219d8fb520b/execute/async - {"script":"<script> [1562 bytes]","args":[{"selector":{"id":"application-managepartners-display-component---NewPartner--btnAddTableRow","interaction":{"idSuffix":"inner"}},"wdio_ui5_key":"applicationmanagepartners-display-component---NewPartner--btnAddTableRow"}]}
COMMAND: GET /session/2eb25f1cbe9612d735ab0219d8fb520b/screenshot - {}
RESULT: {"script":"<script> [1562 bytes]","args":[{"selector":{"id":"application-managepartners-display-component---NewPartner--btnAddTableRow","interaction":{"idSuffix":"inner"}},"wdio_ui5_key":"applicationmanagepartners-display-component---NewPartner--btnAddTableRow"}]}
RESULT: undefined
COMMAND: POST /session/2eb25f1cbe9612d735ab0219d8fb520b/element - {"using":"xpath","value":"//*[@id=\"application-managepartners-display-component---NewPartner--btnAddTableRow\"]"}
RESULT: {}
RESULT: {"using":"xpath","value":"//*[@id=\"application-managepartners-display-component---NewPartner--btnAddTableRow\"]"}
COMMAND: POST /session/2eb25f1cbe9612d735ab0219d8fb520b/element/f.1920C544C16071EF810842AAA08EA988.d.5E5F470BE82BDDA3D8D36FBB2CA2640A.e.5946/click - {}
RESULT: {}
COMMAND: POST /session/2eb25f1cbe9612d735ab0219d8fb520b/element - {"using":"css selector","value":"#application-managepartners-display-component---NewPartner--assignmentYard-application-managepartners-display-component---NewPartner--assignmentsTable-0-inner"}
COMMAND: GET /session/2eb25f1cbe9612d735ab0219d8fb520b/screenshot - {}
RESULT: {"using":"css selector","value":"#application-managepartners-display-component---NewPartner--assignmentYard-application-managepartners-display-component---NewPartner--assignmentsTable-0-inner"}
COMMAND: POST /session/2eb25f1cbe9612d735ab0219d8fb520b/element/f.1920C544C16071EF810842AAA08EA988.d.5E5F470BE82BDDA3D8D36FBB2CA2640A.e.5948/clear - {}
RESULT: {}
RESULT: {}
COMMAND: POST /session/2eb25f1cbe9612d735ab0219d8fb520b/element/f.1920C544C16071EF810842AAA08EA988.d.5E5F470BE82BDDA3D8D36FBB2CA2640A.e.5948/value - {"text":"229"}
COMMAND: GET /session/2eb25f1cbe9612d735ab0219d8fb520b/screenshot - {}
RESULT: {"text":"229"}
COMMAND: POST /session/2eb25f1cbe9612d735ab0219d8fb520b/execute/async - {"script":"<script> [1562 bytes]","args":[{"selector":{"id":"application-managepartners-display-component---NewPartner--assignmentYard-application-managepartners-display-component---NewPartner--assignmentsTable-0-arrow"},"wdio_ui5_key":"applicationmanagepartners-display-component---NewPartner--assignmentYard-application-managepartners-display-component---NewPartner--assignmentsTable-0-arrow"}]}
COMMAND: GET /session/2eb25f1cbe9612d735ab0219d8fb520b/screenshot - {}
RESULT: {}
RESULT: {"script":"<script> [1562 bytes]","args":[{"selector":{"id":"application-managepartners-display-component---NewPartner--assignmentYard-application-managepartners-display-component---NewPartner--assignmentsTable-0-arrow"},"wdio_ui5_key":"applicationmanagepartners-display-component---NewPartner--assignmentYard-application-managepartners-display-component---NewPartner--assignmentsTable-0-arrow"}]}
RESULT: undefined
COMMAND: POST /session/2eb25f1cbe9612d735ab0219d8fb520b/element - {"using":"xpath","value":"//*[@id=\"application-managepartners-display-component---NewPartner--assignmentYard-application-managepartners-display-component---NewPartner--assignmentsTable-0-arrow\"]"}
RESULT: {}
RESULT: {"using":"xpath","value":"//*[@id=\"application-managepartners-display-component---NewPartner--assignmentYard-application-managepartners-display-component---NewPartner--assignmentsTable-0-arrow\"]"}
COMMAND: POST /session/2eb25f1cbe9612d735ab0219d8fb520b/element/f.1920C544C16071EF810842AAA08EA988.d.5E5F470BE82BDDA3D8D36FBB2CA2640A.e.5956/click - {}
RESULT: {}
COMMAND: GET /session/2eb25f1cbe9612d735ab0219d8fb520b/screenshot - {}
RESULT: {}
COMMAND: POST /session/2eb25f1cbe9612d735ab0219d8fb520b/execute/async - {"script":"<script> [1562 bytes]","args":[{"selector":{"controlType":"sap.m.Button","viewName":"etm.portal.ui.managepartners.view.NewPartner","viewId":"application-managepartners-display-component---NewPartner","i18NText":{"propertyName":"text","key":"save"},"interaction":{"idSuffix":"BDI-content"}},"wdio_ui5_key":"etmportal.ui.managepartners.view.NewPartnersap.m.Button{\"propertyName\":\"text\",\"key\":\"save\"}"}]}
RESULT: {"script":"<script> [1562 bytes]","args":[{"selector":{"controlType":"sap.m.Button","viewName":"etm.portal.ui.managepartners.view.NewPartner","viewId":"application-managepartners-display-component---NewPartner","i18NText":{"propertyName":"text","key":"save"},"interaction":{"idSuffix":"BDI-content"}},"wdio_ui5_key":"etmportal.ui.managepartners.view.NewPartnersap.m.Button{\"propertyName\":\"text\",\"key\":\"save\"}"}]}
RESULT: undefined
COMMAND: POST /session/2eb25f1cbe9612d735ab0219d8fb520b/element - {"using":"xpath","value":"//*[@id=\"__button127\"]"}
RESULT: {"using":"xpath","value":"//*[@id=\"__button127\"]"}
COMMAND: POST /session/2eb25f1cbe9612d735ab0219d8fb520b/element/f.1920C544C16071EF810842AAA08EA988.d.5E5F470BE82BDDA3D8D36FBB2CA2640A.e.5899/click - {}
RESULT: {}
COMMAND: GET /session/2eb25f1cbe9612d735ab0219d8fb520b/screenshot - {}
RESULT: {}
COMMAND: POST /session/2eb25f1cbe9612d735ab0219d8fb520b/execute/async - {"script":"<script> [1562 bytes]","args":[{"selector":{"controlType":"sap.m.Text","viewName":"etm.portal.ui.managepartners.view.Detail","viewId":"application-managepartners-display-component---detailPtm","bindingPath":{"propertyPath":"ID","modelName":"catalogModel"}},"wdio_ui5_key":"etmportal.ui.managepartners.view.Detailsap.m.Text{\"propertyPath\":\"ID\",\"modelName\":\"catalogModel\"}"}]}
RESULT: {"script":"<script> [1562 bytes]","args":[{"selector":{"controlType":"sap.m.Text","viewName":"etm.portal.ui.managepartners.view.Detail","viewId":"application-managepartners-display-component---detailPtm","bindingPath":{"propertyPath":"ID","modelName":"catalogModel"}},"wdio_ui5_key":"etmportal.ui.managepartners.view.Detailsap.m.Text{\"propertyPath\":\"ID\",\"modelName\":\"catalogModel\"}"}]}
RESULT: undefined
COMMAND: POST /session/2eb25f1cbe9612d735ab0219d8fb520b/execute/async - {"script":"<script> [6424 bytes]","args":[{"element-6066-11e4-a52e-4f735466cecf":"f.1920C544C16071EF810842AAA08EA988.d.5E5F470BE82BDDA3D8D36FBB2CA2640A.e.6101"},"getText",[]]}
RESULT: {"script":"<script> [6424 bytes]","args":[{"element-6066-11e4-a52e-4f735466cecf":"f.1920C544C16071EF810842AAA08EA988.d.5E5F470BE82BDDA3D8D36FBB2CA2640A.e.6101"},"getText",[]]}
COMMAND: POST /session/2eb25f1cbe9612d735ab0219d8fb520b/element - {"using":"css selector","value":"#shell-header-logo"}
RESULT: {"using":"css selector","value":"#shell-header-logo"}
COMMAND: POST /session/2eb25f1cbe9612d735ab0219d8fb520b/element/f.1920C544C16071EF810842AAA08EA988.d.5E5F470BE82BDDA3D8D36FBB2CA2640A.e.5484/click - {}
RESULT: {}
COMMAND: GET /session/2eb25f1cbe9612d735ab0219d8fb520b/screenshot - {}
]]></system-out>
    </testcase>
    <testcase classname="chrome.135_0_7049_96.windows.Provide_to_Site_w/_warehouse_management_w/_clarification_US115878" name="Should create a new WHM Material" time="86.577">
      <system-out><![CDATA[
COMMAND: POST /session/2eb25f1cbe9612d735ab0219d8fb520b/execute/async - {"script":"<script> [1562 bytes]","args":[{"selector":{"controlType":"sap.m.GenericTile","properties":{"header":"Manage Resources"}},"wdio_ui5_key":"sapm.GenericTile{\"header\":\"Manage Resources\"}"}]}
RESULT: {"script":"<script> [1562 bytes]","args":[{"selector":{"controlType":"sap.m.GenericTile","properties":{"header":"Manage Resources"}},"wdio_ui5_key":"sapm.GenericTile{\"header\":\"Manage Resources\"}"}]}
RESULT: undefined
COMMAND: POST /session/2eb25f1cbe9612d735ab0219d8fb520b/element - {"using":"xpath","value":"//*[@id=\"__tile31\"]"}
RESULT: {}
RESULT: {"using":"xpath","value":"//*[@id=\"__tile31\"]"}
COMMAND: POST /session/2eb25f1cbe9612d735ab0219d8fb520b/element/f.1920C544C16071EF810842AAA08EA988.d.5E5F470BE82BDDA3D8D36FBB2CA2640A.e.4101/click - {}
RESULT: {}
COMMAND: POST /session/2eb25f1cbe9612d735ab0219d8fb520b/execute/async - {"script":"<script> [1562 bytes]","args":[{"selector":{"controlType":"sap.m.OverflowToolbarButton","viewName":"etm.portal.ui.manageresources.view.Master","viewId":"application-manageresources-display-component---masterRU","bindingPath":{"path":"","propertyPath":"/isLogbook","modelName":"minimumStockRPGModel"},"interaction":{"idSuffix":"inner"}},"wdio_ui5_key":"etmportal.ui.manageresources.view.Mastersap.m.OverflowToolbarButton{\"path\":\"\",\"propertyPath\":\"/isLogbook\",\"modelName\":\"minimumStockRPGModel\"}"}]}
COMMAND: GET /session/2eb25f1cbe9612d735ab0219d8fb520b/screenshot - {}
RESULT: {"script":"<script> [1562 bytes]","args":[{"selector":{"controlType":"sap.m.OverflowToolbarButton","viewName":"etm.portal.ui.manageresources.view.Master","viewId":"application-manageresources-display-component---masterRU","bindingPath":{"path":"","propertyPath":"/isLogbook","modelName":"minimumStockRPGModel"},"interaction":{"idSuffix":"inner"}},"wdio_ui5_key":"etmportal.ui.manageresources.view.Mastersap.m.OverflowToolbarButton{\"path\":\"\",\"propertyPath\":\"/isLogbook\",\"modelName\":\"minimumStockRPGModel\"}"}]}
RESULT: undefined
COMMAND: POST /session/2eb25f1cbe9612d735ab0219d8fb520b/element - {"using":"xpath","value":"//*[@id=\"__button168\"]"}
RESULT: {}
RESULT: {"using":"xpath","value":"//*[@id=\"__button168\"]"}
COMMAND: POST /session/2eb25f1cbe9612d735ab0219d8fb520b/element/f.1920C544C16071EF810842AAA08EA988.d.5E5F470BE82BDDA3D8D36FBB2CA2640A.e.6144/click - {}
RESULT: {}
COMMAND: GET /session/2eb25f1cbe9612d735ab0219d8fb520b/screenshot - {}
COMMAND: POST /session/2eb25f1cbe9612d735ab0219d8fb520b/execute/async - {"script":"<script> [1562 bytes]","args":[{"selector":{"id":"application-manageresources-display-component---newResourceUnit--TYPE-arrow"},"wdio_ui5_key":"applicationmanageresources-display-component---newResourceUnit--TYPE-arrow"}]}
RESULT: {}
RESULT: {"script":"<script> [1562 bytes]","args":[{"selector":{"id":"application-manageresources-display-component---newResourceUnit--TYPE-arrow"},"wdio_ui5_key":"applicationmanageresources-display-component---newResourceUnit--TYPE-arrow"}]}
RESULT: undefined
COMMAND: POST /session/2eb25f1cbe9612d735ab0219d8fb520b/element - {"using":"xpath","value":"//*[@id=\"application-manageresources-display-component---newResourceUnit--TYPE-arrow\"]"}
RESULT: {"using":"xpath","value":"//*[@id=\"application-manageresources-display-component---newResourceUnit--TYPE-arrow\"]"}
COMMAND: POST /session/2eb25f1cbe9612d735ab0219d8fb520b/element/f.1920C544C16071EF810842AAA08EA988.d.5E5F470BE82BDDA3D8D36FBB2CA2640A.e.6464/click - {}
RESULT: {}
COMMAND: POST /session/2eb25f1cbe9612d735ab0219d8fb520b/execute/async - {"script":"<script> [1562 bytes]","args":[{"selector":{"controlType":"sap.m.StandardListItem","viewName":"reusables.view.manageresources.NewResourceUnit","viewId":"application-manageresources-display-component---newResourceUnit","properties":{"title":"Material"},"searchOpenDialogs":true,"interaction":{"idSuffix":"content"}},"wdio_ui5_key":"reusablesview.manageresources.NewResourceUnitsap.m.StandardListItem{\"title\":\"Material\"}"}]}
COMMAND: GET /session/2eb25f1cbe9612d735ab0219d8fb520b/screenshot - {}
RESULT: {"script":"<script> [1562 bytes]","args":[{"selector":{"controlType":"sap.m.StandardListItem","viewName":"reusables.view.manageresources.NewResourceUnit","viewId":"application-manageresources-display-component---newResourceUnit","properties":{"title":"Material"},"searchOpenDialogs":true,"interaction":{"idSuffix":"content"}},"wdio_ui5_key":"reusablesview.manageresources.NewResourceUnitsap.m.StandardListItem{\"title\":\"Material\"}"}]}
RESULT: undefined
COMMAND: POST /session/2eb25f1cbe9612d735ab0219d8fb520b/element - {"using":"xpath","value":"//*[@id=\"__item1266\"]"}
RESULT: {}
RESULT: {"using":"xpath","value":"//*[@id=\"__item1266\"]"}
COMMAND: POST /session/2eb25f1cbe9612d735ab0219d8fb520b/element/f.1920C544C16071EF810842AAA08EA988.d.5E5F470BE82BDDA3D8D36FBB2CA2640A.e.6467/click - {}
RESULT: {}
COMMAND: POST /session/2eb25f1cbe9612d735ab0219d8fb520b/execute/async - {"script":"<script> [1562 bytes]","args":[{"selector":{"id":"application-manageresources-display-component---newResourceUnit--resourceId","interaction":{"idSuffix":"inner"}},"wdio_ui5_key":"applicationmanageresources-display-component---newResourceUnit--resourceId"}]}
COMMAND: GET /session/2eb25f1cbe9612d735ab0219d8fb520b/screenshot - {}
RESULT: {"script":"<script> [1562 bytes]","args":[{"selector":{"id":"application-manageresources-display-component---newResourceUnit--resourceId","interaction":{"idSuffix":"inner"}},"wdio_ui5_key":"applicationmanageresources-display-component---newResourceUnit--resourceId"}]}
RESULT: undefined
COMMAND: POST /session/2eb25f1cbe9612d735ab0219d8fb520b/execute/async - {"script":"<script> [1562 bytes]","args":[{"selector":{"id":"application-manageresources-display-component---newResourceUnit--SHORT_TEXT","interaction":{"idSuffix":"inner"}},"wdio_ui5_key":"applicationmanageresources-display-component---newResourceUnit--SHORT_TEXT"}]}
RESULT: {}
RESULT: {"script":"<script> [1562 bytes]","args":[{"selector":{"id":"application-manageresources-display-component---newResourceUnit--SHORT_TEXT","interaction":{"idSuffix":"inner"}},"wdio_ui5_key":"applicationmanageresources-display-component---newResourceUnit--SHORT_TEXT"}]}
RESULT: undefined
COMMAND: POST /session/2eb25f1cbe9612d735ab0219d8fb520b/execute/async - {"script":"<script> [776 bytes]","args":[{"enterText":"material WHM","selector":{"id":"application-manageresources-display-component---newResourceUnit--SHORT_TEXT","interaction":{"idSuffix":"inner"}},"clearTextFirst":true,"interactionType":"ENTER_TEXT"}]}
RESULT: {"script":"<script> [776 bytes]","args":[{"enterText":"material WHM","selector":{"id":"application-manageresources-display-component---newResourceUnit--SHORT_TEXT","interaction":{"idSuffix":"inner"}},"clearTextFirst":true,"interactionType":"ENTER_TEXT"}]}
COMMAND: POST /session/2eb25f1cbe9612d735ab0219d8fb520b/execute/async - {"script":"<script> [1562 bytes]","args":[{"selector":{"id":"application-manageresources-display-component---newResourceUnit--BASE_UNIT_OF_MEASURE","interaction":{"idSuffix":"inner"}},"wdio_ui5_key":"applicationmanageresources-display-component---newResourceUnit--BASE_UNIT_OF_MEASURE"}]}
RESULT: {"script":"<script> [1562 bytes]","args":[{"selector":{"id":"application-manageresources-display-component---newResourceUnit--BASE_UNIT_OF_MEASURE","interaction":{"idSuffix":"inner"}},"wdio_ui5_key":"applicationmanageresources-display-component---newResourceUnit--BASE_UNIT_OF_MEASURE"}]}
RESULT: undefined
COMMAND: POST /session/2eb25f1cbe9612d735ab0219d8fb520b/execute/async - {"script":"<script> [776 bytes]","args":[{"enterText":"Piece","selector":{"id":"application-manageresources-display-component---newResourceUnit--BASE_UNIT_OF_MEASURE","interaction":{"idSuffix":"inner"}},"clearTextFirst":true,"interactionType":"ENTER_TEXT"}]}
RESULT: {"script":"<script> [776 bytes]","args":[{"enterText":"Piece","selector":{"id":"application-manageresources-display-component---newResourceUnit--BASE_UNIT_OF_MEASURE","interaction":{"idSuffix":"inner"}},"clearTextFirst":true,"interactionType":"ENTER_TEXT"}]}
COMMAND: POST /session/2eb25f1cbe9612d735ab0219d8fb520b/execute/async - {"script":"<script> [1562 bytes]","args":[{"selector":{"id":"application-manageresources-display-component---newResourceUnit--WEIGHT_UNIT","interaction":{"idSuffix":"inner"}},"wdio_ui5_key":"applicationmanageresources-display-component---newResourceUnit--WEIGHT_UNIT"}]}
RESULT: {"script":"<script> [1562 bytes]","args":[{"selector":{"id":"application-manageresources-display-component---newResourceUnit--WEIGHT_UNIT","interaction":{"idSuffix":"inner"}},"wdio_ui5_key":"applicationmanageresources-display-component---newResourceUnit--WEIGHT_UNIT"}]}
RESULT: undefined
COMMAND: POST /session/2eb25f1cbe9612d735ab0219d8fb520b/execute/async - {"script":"<script> [776 bytes]","args":[{"enterText":"Gram","selector":{"id":"application-manageresources-display-component---newResourceUnit--WEIGHT_UNIT","interaction":{"idSuffix":"inner"}},"clearTextFirst":true,"interactionType":"ENTER_TEXT"}]}
RESULT: {"script":"<script> [776 bytes]","args":[{"enterText":"Gram","selector":{"id":"application-manageresources-display-component---newResourceUnit--WEIGHT_UNIT","interaction":{"idSuffix":"inner"}},"clearTextFirst":true,"interactionType":"ENTER_TEXT"}]}
COMMAND: POST /session/2eb25f1cbe9612d735ab0219d8fb520b/execute/async - {"script":"<script> [1562 bytes]","args":[{"selector":{"id":"application-manageresources-display-component---newResourceUnit--DIMENSION_UNIT","interaction":{"idSuffix":"inner"}},"wdio_ui5_key":"applicationmanageresources-display-component---newResourceUnit--DIMENSION_UNIT"}]}
RESULT: {"script":"<script> [1562 bytes]","args":[{"selector":{"id":"application-manageresources-display-component---newResourceUnit--DIMENSION_UNIT","interaction":{"idSuffix":"inner"}},"wdio_ui5_key":"applicationmanageresources-display-component---newResourceUnit--DIMENSION_UNIT"}]}
RESULT: undefined
COMMAND: POST /session/2eb25f1cbe9612d735ab0219d8fb520b/execute/async - {"script":"<script> [776 bytes]","args":[{"enterText":"Meter","selector":{"id":"application-manageresources-display-component---newResourceUnit--DIMENSION_UNIT","interaction":{"idSuffix":"inner"}},"clearTextFirst":true,"interactionType":"ENTER_TEXT"}]}
RESULT: {"script":"<script> [776 bytes]","args":[{"enterText":"Meter","selector":{"id":"application-manageresources-display-component---newResourceUnit--DIMENSION_UNIT","interaction":{"idSuffix":"inner"}},"clearTextFirst":true,"interactionType":"ENTER_TEXT"}]}
COMMAND: POST /session/2eb25f1cbe9612d735ab0219d8fb520b/execute/async - {"script":"<script> [1562 bytes]","args":[{"selector":{"id":"application-manageresources-display-component---newResourceUnit--newRRUPage-anchBar-application-manageresources-display-component---newResourceUnit--control-anchor","interaction":{"idSuffix":"content"}},"wdio_ui5_key":"applicationmanageresources-display-component---newResourceUnit--newRRUPage-anchBar-application-manageresources-display-component---newResourceUnit--control-anchor"}]}
RESULT: {"script":"<script> [1562 bytes]","args":[{"selector":{"id":"application-manageresources-display-component---newResourceUnit--newRRUPage-anchBar-application-manageresources-display-component---newResourceUnit--control-anchor","interaction":{"idSuffix":"content"}},"wdio_ui5_key":"applicationmanageresources-display-component---newResourceUnit--newRRUPage-anchBar-application-manageresources-display-component---newResourceUnit--control-anchor"}]}
RESULT: undefined
COMMAND: POST /session/2eb25f1cbe9612d735ab0219d8fb520b/element - {"using":"xpath","value":"//*[@id=\"application-manageresources-display-component---newResourceUnit--newRRUPage-anchBar-application-manageresources-display-component---newResourceUnit--control-anchor\"]"}
RESULT: {"using":"xpath","value":"//*[@id=\"application-manageresources-display-component---newResourceUnit--newRRUPage-anchBar-application-manageresources-display-component---newResourceUnit--control-anchor\"]"}
COMMAND: POST /session/2eb25f1cbe9612d735ab0219d8fb520b/element/f.1920C544C16071EF810842AAA08EA988.d.5E5F470BE82BDDA3D8D36FBB2CA2640A.e.6531/click - {}
RESULT: {}
COMMAND: POST /session/2eb25f1cbe9612d735ab0219d8fb520b/execute/async - {"script":"<script> [1562 bytes]","args":[{"selector":{"id":"application-manageresources-display-component---newResourceUnit--PLANNING_GROUP","interaction":{"idSuffix":"inner"}},"wdio_ui5_key":"applicationmanageresources-display-component---newResourceUnit--PLANNING_GROUP"}]}
COMMAND: GET /session/2eb25f1cbe9612d735ab0219d8fb520b/screenshot - {}
RESULT: {}
RESULT: {"script":"<script> [1562 bytes]","args":[{"selector":{"id":"application-manageresources-display-component---newResourceUnit--PLANNING_GROUP","interaction":{"idSuffix":"inner"}},"wdio_ui5_key":"applicationmanageresources-display-component---newResourceUnit--PLANNING_GROUP"}]}
RESULT: undefined
COMMAND: POST /session/2eb25f1cbe9612d735ab0219d8fb520b/execute/async - {"script":"<script> [776 bytes]","args":[{"enterText":"Heavy Equi","selector":{"id":"application-manageresources-display-component---newResourceUnit--PLANNING_GROUP","interaction":{"idSuffix":"inner"}},"clearTextFirst":true,"interactionType":"ENTER_TEXT"}]}
RESULT: {"script":"<script> [776 bytes]","args":[{"enterText":"Heavy Equi","selector":{"id":"application-manageresources-display-component---newResourceUnit--PLANNING_GROUP","interaction":{"idSuffix":"inner"}},"clearTextFirst":true,"interactionType":"ENTER_TEXT"}]}
COMMAND: POST /session/2eb25f1cbe9612d735ab0219d8fb520b/execute/async - {"script":"<script> [1562 bytes]","args":[{"selector":{"id":"application-manageresources-display-component---newResourceUnit--PLANNING_INDICATOR","interaction":{"idSuffix":"inner"}},"wdio_ui5_key":"applicationmanageresources-display-component---newResourceUnit--PLANNING_INDICATOR"}]}
RESULT: {"script":"<script> [1562 bytes]","args":[{"selector":{"id":"application-manageresources-display-component---newResourceUnit--PLANNING_INDICATOR","interaction":{"idSuffix":"inner"}},"wdio_ui5_key":"applicationmanageresources-display-component---newResourceUnit--PLANNING_INDICATOR"}]}
RESULT: undefined
COMMAND: POST /session/2eb25f1cbe9612d735ab0219d8fb520b/execute/async - {"script":"<script> [776 bytes]","args":[{"enterText":"10 - infinite","selector":{"id":"application-manageresources-display-component---newResourceUnit--PLANNING_INDICATOR","interaction":{"idSuffix":"inner"}},"clearTextFirst":true,"interactionType":"ENTER_TEXT"}]}
RESULT: {"script":"<script> [776 bytes]","args":[{"enterText":"10 - infinite","selector":{"id":"application-manageresources-display-component---newResourceUnit--PLANNING_INDICATOR","interaction":{"idSuffix":"inner"}},"clearTextFirst":true,"interactionType":"ENTER_TEXT"}]}
COMMAND: POST /session/2eb25f1cbe9612d735ab0219d8fb520b/actions - {"actions":[{"id":"action21","type":"key","parameters":{},"actions":[{"type":"keyDown","value":"î€‡"},{"type":"pause","duration":10},{"type":"keyUp","value":"î€‡"}]}]}
RESULT: {"actions":[{"id":"action21","type":"key","parameters":{},"actions":[{"type":"keyDown","value":"î€‡"},{"type":"pause","duration":10},{"type":"keyUp","value":"î€‡"}]}]}
COMMAND: POST /session/2eb25f1cbe9612d735ab0219d8fb520b/execute/async - {"script":"<script> [1562 bytes]","args":[{"selector":{"id":"application-manageresources-display-component---newResourceUnit--ITEM_TYPE-arrow"},"wdio_ui5_key":"applicationmanageresources-display-component---newResourceUnit--ITEM_TYPE-arrow"}]}
COMMAND: GET /session/2eb25f1cbe9612d735ab0219d8fb520b/screenshot - {}
RESULT: {"script":"<script> [1562 bytes]","args":[{"selector":{"id":"application-manageresources-display-component---newResourceUnit--ITEM_TYPE-arrow"},"wdio_ui5_key":"applicationmanageresources-display-component---newResourceUnit--ITEM_TYPE-arrow"}]}
RESULT: undefined
COMMAND: POST /session/2eb25f1cbe9612d735ab0219d8fb520b/element - {"using":"xpath","value":"//*[@id=\"application-manageresources-display-component---newResourceUnit--ITEM_TYPE-arrow\"]"}
RESULT: {}
RESULT: {"using":"xpath","value":"//*[@id=\"application-manageresources-display-component---newResourceUnit--ITEM_TYPE-arrow\"]"}
COMMAND: POST /session/2eb25f1cbe9612d735ab0219d8fb520b/element/f.1920C544C16071EF810842AAA08EA988.d.5E5F470BE82BDDA3D8D36FBB2CA2640A.e.6539/click - {}
RESULT: {}
COMMAND: POST /session/2eb25f1cbe9612d735ab0219d8fb520b/execute/async - {"script":"<script> [1562 bytes]","args":[{"selector":{"controlType":"sap.m.StandardListItem","viewName":"reusables.view.manageresources.NewResourceUnit","viewId":"application-manageresources-display-component---newResourceUnit","properties":{"title":"Resource Unit"},"searchOpenDialogs":true,"interaction":{"idSuffix":"titleText"}},"wdio_ui5_key":"reusablesview.manageresources.NewResourceUnitsap.m.StandardListItem{\"title\":\"Resource Unit\"}"}]}
COMMAND: GET /session/2eb25f1cbe9612d735ab0219d8fb520b/screenshot - {}
RESULT: {"script":"<script> [1562 bytes]","args":[{"selector":{"controlType":"sap.m.StandardListItem","viewName":"reusables.view.manageresources.NewResourceUnit","viewId":"application-manageresources-display-component---newResourceUnit","properties":{"title":"Resource Unit"},"searchOpenDialogs":true,"interaction":{"idSuffix":"titleText"}},"wdio_ui5_key":"reusablesview.manageresources.NewResourceUnitsap.m.StandardListItem{\"title\":\"Resource Unit\"}"}]}
RESULT: undefined
RESULT: {}
COMMAND: POST /session/2eb25f1cbe9612d735ab0219d8fb520b/execute/async - {"script":"<script> [1562 bytes]","args":[{"selector":{"controlType":"sap.m.Label","viewName":"reusables.view.manageresources.NewResourceUnit","viewId":"application-manageresources-display-component---newResourceUnit","i18NText":{"propertyName":"text","key":"planningGroup"},"interaction":{"idSuffix":"bdi"}},"wdio_ui5_key":"reusablesview.manageresources.NewResourceUnitsap.m.Label{\"propertyName\":\"text\",\"key\":\"planningGroup\"}"}]}
RESULT: {"script":"<script> [1562 bytes]","args":[{"selector":{"controlType":"sap.m.Label","viewName":"reusables.view.manageresources.NewResourceUnit","viewId":"application-manageresources-display-component---newResourceUnit","i18NText":{"propertyName":"text","key":"planningGroup"},"interaction":{"idSuffix":"bdi"}},"wdio_ui5_key":"reusablesview.manageresources.NewResourceUnitsap.m.Label{\"propertyName\":\"text\",\"key\":\"planningGroup\"}"}]}
RESULT: undefined
COMMAND: POST /session/2eb25f1cbe9612d735ab0219d8fb520b/element - {"using":"xpath","value":"//*[@id=\"__label263\"]"}
RESULT: {"using":"xpath","value":"//*[@id=\"__label263\"]"}
COMMAND: POST /session/2eb25f1cbe9612d735ab0219d8fb520b/element/f.1920C544C16071EF810842AAA08EA988.d.5E5F470BE82BDDA3D8D36FBB2CA2640A.e.6541/click - {}
RESULT: {}
COMMAND: GET /session/2eb25f1cbe9612d735ab0219d8fb520b/screenshot - {}
RESULT: {}
COMMAND: POST /session/2eb25f1cbe9612d735ab0219d8fb520b/actions - {"actions":[{"type":"key","id":"keyboard","actions":[{"type":"keyDown","value":"î›"}]}]}
RESULT: {"actions":[{"type":"key","id":"keyboard","actions":[{"type":"keyDown","value":"î›"}]}]}
COMMAND: GET /session/2eb25f1cbe9612d735ab0219d8fb520b/screenshot - {}
RESULT: {}
COMMAND: POST /session/2eb25f1cbe9612d735ab0219d8fb520b/actions - {"actions":[{"type":"key","id":"keyboard","actions":[{"type":"keyDown","value":"î›"}]}]}
RESULT: {"actions":[{"type":"key","id":"keyboard","actions":[{"type":"keyDown","value":"î›"}]}]}
COMMAND: GET /session/2eb25f1cbe9612d735ab0219d8fb520b/screenshot - {}
RESULT: {}
COMMAND: POST /session/2eb25f1cbe9612d735ab0219d8fb520b/actions - {"actions":[{"type":"key","id":"keyboard","actions":[{"type":"keyDown","value":"î›"}]}]}
RESULT: {"actions":[{"type":"key","id":"keyboard","actions":[{"type":"keyDown","value":"î›"}]}]}
COMMAND: GET /session/2eb25f1cbe9612d735ab0219d8fb520b/screenshot - {}
RESULT: {}
COMMAND: POST /session/2eb25f1cbe9612d735ab0219d8fb520b/actions - {"actions":[{"type":"key","id":"keyboard","actions":[{"type":"keyDown","value":"î›"}]}]}
RESULT: {"actions":[{"type":"key","id":"keyboard","actions":[{"type":"keyDown","value":"î›"}]}]}
COMMAND: GET /session/2eb25f1cbe9612d735ab0219d8fb520b/screenshot - {}
RESULT: {}
COMMAND: POST /session/2eb25f1cbe9612d735ab0219d8fb520b/actions - {"actions":[{"type":"key","id":"keyboard","actions":[{"type":"keyDown","value":"î›"}]}]}
RESULT: {"actions":[{"type":"key","id":"keyboard","actions":[{"type":"keyDown","value":"î›"}]}]}
COMMAND: GET /session/2eb25f1cbe9612d735ab0219d8fb520b/screenshot - {}
RESULT: {}
COMMAND: POST /session/2eb25f1cbe9612d735ab0219d8fb520b/actions - {"actions":[{"type":"key","id":"keyboard","actions":[{"type":"keyDown","value":"î›"}]}]}
RESULT: {"actions":[{"type":"key","id":"keyboard","actions":[{"type":"keyDown","value":"î›"}]}]}
COMMAND: GET /session/2eb25f1cbe9612d735ab0219d8fb520b/screenshot - {}
RESULT: {}
COMMAND: POST /session/2eb25f1cbe9612d735ab0219d8fb520b/execute/async - {"script":"<script> [1562 bytes]","args":[{"selector":{"id":"application-manageresources-display-component---newResourceUnit--btnAddTimeSegment-img"},"wdio_ui5_key":"applicationmanageresources-display-component---newResourceUnit--btnAddTimeSegment-img"}]}
RESULT: {"script":"<script> [1562 bytes]","args":[{"selector":{"id":"application-manageresources-display-component---newResourceUnit--btnAddTimeSegment-img"},"wdio_ui5_key":"applicationmanageresources-display-component---newResourceUnit--btnAddTimeSegment-img"}]}
RESULT: undefined
COMMAND: POST /session/2eb25f1cbe9612d735ab0219d8fb520b/element - {"using":"xpath","value":"//*[@id=\"application-manageresources-display-component---newResourceUnit--btnAddTimeSegment-img\"]"}
RESULT: {"using":"xpath","value":"//*[@id=\"application-manageresources-display-component---newResourceUnit--btnAddTimeSegment-img\"]"}
COMMAND: POST /session/2eb25f1cbe9612d735ab0219d8fb520b/element/f.1920C544C16071EF810842AAA08EA988.d.5E5F470BE82BDDA3D8D36FBB2CA2640A.e.6542/click - {}
RESULT: {}
COMMAND: POST /session/2eb25f1cbe9612d735ab0219d8fb520b/element - {"using":"xpath","value":"//input[@id=\"application-manageresources-display-component---newResourceUnit--idRuTSAdmin-application-manageresources-display-component---newResourceUnit--RUTimeSegment-0-inner\"]"}
COMMAND: GET /session/2eb25f1cbe9612d735ab0219d8fb520b/screenshot - {}
RESULT: {"using":"xpath","value":"//input[@id=\"application-manageresources-display-component---newResourceUnit--idRuTSAdmin-application-manageresources-display-component---newResourceUnit--RUTimeSegment-0-inner\"]"}
COMMAND: POST /session/2eb25f1cbe9612d735ab0219d8fb520b/element/f.1920C544C16071EF810842AAA08EA988.d.5E5F470BE82BDDA3D8D36FBB2CA2640A.e.6545/clear - {}
RESULT: {}
RESULT: {}
COMMAND: POST /session/2eb25f1cbe9612d735ab0219d8fb520b/element/f.1920C544C16071EF810842AAA08EA988.d.5E5F470BE82BDDA3D8D36FBB2CA2640A.e.6545/value - {"text":"229"}
COMMAND: GET /session/2eb25f1cbe9612d735ab0219d8fb520b/screenshot - {}
RESULT: {"text":"229"}
COMMAND: GET /session/2eb25f1cbe9612d735ab0219d8fb520b/screenshot - {}
RESULT: {}
RESULT: {}
COMMAND: POST /session/2eb25f1cbe9612d735ab0219d8fb520b/actions - {"actions":[{"id":"action22","type":"key","parameters":{},"actions":[{"type":"keyDown","value":"î€‡"},{"type":"pause","duration":10},{"type":"keyUp","value":"î€‡"}]}]}
RESULT: {"actions":[{"id":"action22","type":"key","parameters":{},"actions":[{"type":"keyDown","value":"î€‡"},{"type":"pause","duration":10},{"type":"keyUp","value":"î€‡"}]}]}
COMMAND: GET /session/2eb25f1cbe9612d735ab0219d8fb520b/screenshot - {}
RESULT: {}
COMMAND: POST /session/2eb25f1cbe9612d735ab0219d8fb520b/execute/async - {"script":"<script> [1562 bytes]","args":[{"selector":{"controlType":"sap.m.Button","viewName":"reusables.view.manageresources.NewResourceUnit","viewId":"application-manageresources-display-component---newResourceUnit","i18NText":{"propertyName":"tooltip","key":"save"},"interaction":{"idSuffix":"BDI-content"}},"wdio_ui5_key":"reusablesview.manageresources.NewResourceUnitsap.m.Button{\"propertyName\":\"tooltip\",\"key\":\"save\"}"}]}
RESULT: {"script":"<script> [1562 bytes]","args":[{"selector":{"controlType":"sap.m.Button","viewName":"reusables.view.manageresources.NewResourceUnit","viewId":"application-manageresources-display-component---newResourceUnit","i18NText":{"propertyName":"tooltip","key":"save"},"interaction":{"idSuffix":"BDI-content"}},"wdio_ui5_key":"reusablesview.manageresources.NewResourceUnitsap.m.Button{\"propertyName\":\"tooltip\",\"key\":\"save\"}"}]}
RESULT: undefined
COMMAND: POST /session/2eb25f1cbe9612d735ab0219d8fb520b/element - {"using":"xpath","value":"//*[@id=\"application-manageresources-display-component---newResourceUnit--createRuButton\"]"}
RESULT: {"using":"xpath","value":"//*[@id=\"application-manageresources-display-component---newResourceUnit--createRuButton\"]"}
COMMAND: POST /session/2eb25f1cbe9612d735ab0219d8fb520b/element/f.1920C544C16071EF810842AAA08EA988.d.5E5F470BE82BDDA3D8D36FBB2CA2640A.e.6480/click - {}
RESULT: {}
COMMAND: POST /session/2eb25f1cbe9612d735ab0219d8fb520b/execute/async - {"script":"<script> [1562 bytes]","args":[{"selector":{"controlType":"sap.m.Button","properties":{"text":"Close"},"searchOpenDialogs":true,"interaction":{"idSuffix":"BDI-content"}},"wdio_ui5_key":"sapm.Button{\"text\":\"Close\"}"}]}
COMMAND: GET /session/2eb25f1cbe9612d735ab0219d8fb520b/screenshot - {}
RESULT: {"script":"<script> [1562 bytes]","args":[{"selector":{"controlType":"sap.m.Button","properties":{"text":"Close"},"searchOpenDialogs":true,"interaction":{"idSuffix":"BDI-content"}},"wdio_ui5_key":"sapm.Button{\"text\":\"Close\"}"}]}
RESULT: undefined
COMMAND: POST /session/2eb25f1cbe9612d735ab0219d8fb520b/element - {"using":"xpath","value":"//*[@id=\"__mbox-btn-0\"]"}
RESULT: {}
RESULT: {"using":"xpath","value":"//*[@id=\"__mbox-btn-0\"]"}
COMMAND: POST /session/2eb25f1cbe9612d735ab0219d8fb520b/element/f.1920C544C16071EF810842AAA08EA988.d.5E5F470BE82BDDA3D8D36FBB2CA2640A.e.6558/click - {}
RESULT: {}
COMMAND: GET /session/2eb25f1cbe9612d735ab0219d8fb520b/screenshot - {}
RESULT: {}
COMMAND: POST /session/2eb25f1cbe9612d735ab0219d8fb520b/execute/async - {"script":"<script> [1562 bytes]","args":[{"selector":{"controlType":"sap.m.Text","viewName":"etm.portal.ui.manageresources.view.Detail","viewId":"application-manageresources-display-component---detailRU","bindingPath":{"propertyPath":"ID","modelName":"catalogModel"}},"wdio_ui5_key":"etmportal.ui.manageresources.view.Detailsap.m.Text{\"propertyPath\":\"ID\",\"modelName\":\"catalogModel\"}"}]}
RESULT: {"script":"<script> [1562 bytes]","args":[{"selector":{"controlType":"sap.m.Text","viewName":"etm.portal.ui.manageresources.view.Detail","viewId":"application-manageresources-display-component---detailRU","bindingPath":{"propertyPath":"ID","modelName":"catalogModel"}},"wdio_ui5_key":"etmportal.ui.manageresources.view.Detailsap.m.Text{\"propertyPath\":\"ID\",\"modelName\":\"catalogModel\"}"}]}
RESULT: undefined
COMMAND: POST /session/2eb25f1cbe9612d735ab0219d8fb520b/execute/async - {"script":"<script> [6424 bytes]","args":[{"element-6066-11e4-a52e-4f735466cecf":"f.1920C544C16071EF810842AAA08EA988.d.5E5F470BE82BDDA3D8D36FBB2CA2640A.e.6594"},"getText",[]]}
RESULT: {"script":"<script> [6424 bytes]","args":[{"element-6066-11e4-a52e-4f735466cecf":"f.1920C544C16071EF810842AAA08EA988.d.5E5F470BE82BDDA3D8D36FBB2CA2640A.e.6594"},"getText",[]]}
COMMAND: POST /session/2eb25f1cbe9612d735ab0219d8fb520b/element - {"using":"css selector","value":"#shell-header-logo"}
RESULT: {"using":"css selector","value":"#shell-header-logo"}
COMMAND: POST /session/2eb25f1cbe9612d735ab0219d8fb520b/element/f.1920C544C16071EF810842AAA08EA988.d.5E5F470BE82BDDA3D8D36FBB2CA2640A.e.6104/click - {}
RESULT: {}
COMMAND: GET /session/2eb25f1cbe9612d735ab0219d8fb520b/screenshot - {}
RESULT: {}
]]></system-out>
    </testcase>
    <testcase classname="chrome.135_0_7049_96.windows.Provide_to_Site_w/_warehouse_management_w/_clarification_US115878" name="Bin Status Report Should Create New Organization yard" time="45.298">
      <system-out><![CDATA[
COMMAND: POST /session/2eb25f1cbe9612d735ab0219d8fb520b/execute/async - {"script":"<script> [1562 bytes]","args":[{"selector":{"controlType":"sap.m.GenericTile","properties":{"header":"Bin Status Report"}},"wdio_ui5_key":"sapm.GenericTile{\"header\":\"Bin Status Report\"}"}]}
RESULT: {"script":"<script> [1562 bytes]","args":[{"selector":{"controlType":"sap.m.GenericTile","properties":{"header":"Bin Status Report"}},"wdio_ui5_key":"sapm.GenericTile{\"header\":\"Bin Status Report\"}"}]}
RESULT: undefined
COMMAND: POST /session/2eb25f1cbe9612d735ab0219d8fb520b/element - {"using":"xpath","value":"//*[@id=\"__tile104\"]"}
RESULT: {"using":"xpath","value":"//*[@id=\"__tile104\"]"}
COMMAND: POST /session/2eb25f1cbe9612d735ab0219d8fb520b/element/f.1920C544C16071EF810842AAA08EA988.d.5E5F470BE82BDDA3D8D36FBB2CA2640A.e.6598/click - {}
RESULT: {}
COMMAND: GET /session/2eb25f1cbe9612d735ab0219d8fb520b/screenshot - {}
COMMAND: POST /session/2eb25f1cbe9612d735ab0219d8fb520b/execute/async - {"script":"<script> [1562 bytes]","args":[{"selector":{"id":"application-binstatusreport-display-component---warehousing--createOrgBtn","interaction":{"idSuffix":"content"}},"wdio_ui5_key":"applicationbinstatusreport-display-component---warehousing--createOrgBtn"}]}
RESULT: {}
RESULT: {"script":"<script> [1562 bytes]","args":[{"selector":{"id":"application-binstatusreport-display-component---warehousing--createOrgBtn","interaction":{"idSuffix":"content"}},"wdio_ui5_key":"applicationbinstatusreport-display-component---warehousing--createOrgBtn"}]}
RESULT: undefined
COMMAND: POST /session/2eb25f1cbe9612d735ab0219d8fb520b/element - {"using":"xpath","value":"//*[@id=\"application-binstatusreport-display-component---warehousing--createOrgBtn\"]"}
RESULT: {"using":"xpath","value":"//*[@id=\"application-binstatusreport-display-component---warehousing--createOrgBtn\"]"}
COMMAND: POST /session/2eb25f1cbe9612d735ab0219d8fb520b/element/f.1920C544C16071EF810842AAA08EA988.d.5E5F470BE82BDDA3D8D36FBB2CA2640A.e.6640/click - {}
RESULT: {}
COMMAND: POST /session/2eb25f1cbe9612d735ab0219d8fb520b/execute/async - {"script":"<script> [1562 bytes]","args":[{"selector":{"id":"createOrganizationPop--sectionInput","searchOpenDialogs":true,"interaction":{"idSuffix":"inner"}},"wdio_ui5_key":"createOrganizationPopsectionInput"}]}
COMMAND: GET /session/2eb25f1cbe9612d735ab0219d8fb520b/screenshot - {}
RESULT: {"script":"<script> [1562 bytes]","args":[{"selector":{"id":"createOrganizationPop--sectionInput","searchOpenDialogs":true,"interaction":{"idSuffix":"inner"}},"wdio_ui5_key":"createOrganizationPopsectionInput"}]}
RESULT: undefined
COMMAND: POST /session/2eb25f1cbe9612d735ab0219d8fb520b/execute/async - {"script":"<script> [776 bytes]","args":[{"enterText":"WDI229","selector":{"id":"createOrganizationPop--sectionInput","searchOpenDialogs":true,"interaction":{"idSuffix":"inner"}},"clearTextFirst":true,"interactionType":"ENTER_TEXT"}]}
RESULT: {}
RESULT: {"script":"<script> [776 bytes]","args":[{"enterText":"WDI229","selector":{"id":"createOrganizationPop--sectionInput","searchOpenDialogs":true,"interaction":{"idSuffix":"inner"}},"clearTextFirst":true,"interactionType":"ENTER_TEXT"}]}
COMMAND: POST /session/2eb25f1cbe9612d735ab0219d8fb520b/execute/async - {"script":"<script> [1562 bytes]","args":[{"selector":{"id":"createOrganizationPop--descriptionInput","searchOpenDialogs":true,"interaction":{"idSuffix":"inner"}},"wdio_ui5_key":"createOrganizationPopdescriptionInput"}]}
RESULT: {"script":"<script> [1562 bytes]","args":[{"selector":{"id":"createOrganizationPop--descriptionInput","searchOpenDialogs":true,"interaction":{"idSuffix":"inner"}},"wdio_ui5_key":"createOrganizationPopdescriptionInput"}]}
RESULT: undefined
COMMAND: POST /session/2eb25f1cbe9612d735ab0219d8fb520b/execute/async - {"script":"<script> [776 bytes]","args":[{"enterText":"Shipping229","selector":{"id":"createOrganizationPop--descriptionInput","searchOpenDialogs":true,"interaction":{"idSuffix":"inner"}},"clearTextFirst":true,"interactionType":"ENTER_TEXT"}]}
RESULT: {"script":"<script> [776 bytes]","args":[{"enterText":"Shipping229","selector":{"id":"createOrganizationPop--descriptionInput","searchOpenDialogs":true,"interaction":{"idSuffix":"inner"}},"clearTextFirst":true,"interactionType":"ENTER_TEXT"}]}
COMMAND: POST /session/2eb25f1cbe9612d735ab0219d8fb520b/element - {"using":"css selector","value":"#createOrganizationPop--yardOrg-inner"}
RESULT: {"using":"css selector","value":"#createOrganizationPop--yardOrg-inner"}
COMMAND: POST /session/2eb25f1cbe9612d735ab0219d8fb520b/element/f.1920C544C16071EF810842AAA08EA988.d.5E5F470BE82BDDA3D8D36FBB2CA2640A.e.6696/clear - {}
RESULT: {}
COMMAND: POST /session/2eb25f1cbe9612d735ab0219d8fb520b/element/f.1920C544C16071EF810842AAA08EA988.d.5E5F470BE82BDDA3D8D36FBB2CA2640A.e.6696/value - {"text":"229"}
COMMAND: GET /session/2eb25f1cbe9612d735ab0219d8fb520b/screenshot - {}
RESULT: {"text":"229"}
COMMAND: GET /session/2eb25f1cbe9612d735ab0219d8fb520b/screenshot - {}
RESULT: {}
RESULT: {}
COMMAND: POST /session/2eb25f1cbe9612d735ab0219d8fb520b/actions - {"actions":[{"id":"action23","type":"key","parameters":{},"actions":[{"type":"keyDown","value":"î€‡"},{"type":"pause","duration":10},{"type":"keyUp","value":"î€‡"}]}]}
RESULT: {"actions":[{"id":"action23","type":"key","parameters":{},"actions":[{"type":"keyDown","value":"î€‡"},{"type":"pause","duration":10},{"type":"keyUp","value":"î€‡"}]}]}
COMMAND: POST /session/2eb25f1cbe9612d735ab0219d8fb520b/execute/async - {"script":"<script> [1562 bytes]","args":[{"selector":{"id":"createOrganizationPop--grZone","searchOpenDialogs":true,"interaction":{"idSuffix":"CbBg"}},"wdio_ui5_key":"createOrganizationPopgrZone"}]}
COMMAND: GET /session/2eb25f1cbe9612d735ab0219d8fb520b/screenshot - {}
RESULT: {"script":"<script> [1562 bytes]","args":[{"selector":{"id":"createOrganizationPop--grZone","searchOpenDialogs":true,"interaction":{"idSuffix":"CbBg"}},"wdio_ui5_key":"createOrganizationPopgrZone"}]}
RESULT: undefined
COMMAND: POST /session/2eb25f1cbe9612d735ab0219d8fb520b/element - {"using":"xpath","value":"//*[@id=\"createOrganizationPop--grZone\"]"}
RESULT: {}
RESULT: {"using":"xpath","value":"//*[@id=\"createOrganizationPop--grZone\"]"}
COMMAND: POST /session/2eb25f1cbe9612d735ab0219d8fb520b/element/f.1920C544C16071EF810842AAA08EA988.d.5E5F470BE82BDDA3D8D36FBB2CA2640A.e.6716/click - {}
RESULT: {}
COMMAND: POST /session/2eb25f1cbe9612d735ab0219d8fb520b/execute/async - {"script":"<script> [1562 bytes]","args":[{"selector":{"id":"createOrganizationPop--giZone","searchOpenDialogs":true,"interaction":{"idSuffix":"CbBg"}},"wdio_ui5_key":"createOrganizationPopgiZone"}]}
COMMAND: GET /session/2eb25f1cbe9612d735ab0219d8fb520b/screenshot - {}
RESULT: {"script":"<script> [1562 bytes]","args":[{"selector":{"id":"createOrganizationPop--giZone","searchOpenDialogs":true,"interaction":{"idSuffix":"CbBg"}},"wdio_ui5_key":"createOrganizationPopgiZone"}]}
RESULT: undefined
COMMAND: POST /session/2eb25f1cbe9612d735ab0219d8fb520b/element - {"using":"xpath","value":"//*[@id=\"createOrganizationPop--giZone\"]"}
RESULT: {}
RESULT: {"using":"xpath","value":"//*[@id=\"createOrganizationPop--giZone\"]"}
COMMAND: POST /session/2eb25f1cbe9612d735ab0219d8fb520b/element/f.1920C544C16071EF810842AAA08EA988.d.5E5F470BE82BDDA3D8D36FBB2CA2640A.e.6718/click - {}
RESULT: {}
COMMAND: POST /session/2eb25f1cbe9612d735ab0219d8fb520b/execute/async - {"script":"<script> [1562 bytes]","args":[{"selector":{"id":"createOrganizationPop--binNoInput","searchOpenDialogs":true,"interaction":{"idSuffix":"inner"}},"wdio_ui5_key":"createOrganizationPopbinNoInput"}]}
COMMAND: GET /session/2eb25f1cbe9612d735ab0219d8fb520b/screenshot - {}
RESULT: {"script":"<script> [1562 bytes]","args":[{"selector":{"id":"createOrganizationPop--binNoInput","searchOpenDialogs":true,"interaction":{"idSuffix":"inner"}},"wdio_ui5_key":"createOrganizationPopbinNoInput"}]}
RESULT: undefined
COMMAND: POST /session/2eb25f1cbe9612d735ab0219d8fb520b/execute/async - {"script":"<script> [776 bytes]","args":[{"enterText":"Bin-Wd","selector":{"id":"createOrganizationPop--binNoInput","searchOpenDialogs":true,"interaction":{"idSuffix":"inner"}},"clearTextFirst":true,"interactionType":"ENTER_TEXT"}]}
RESULT: {}
RESULT: {"script":"<script> [776 bytes]","args":[{"enterText":"Bin-Wd","selector":{"id":"createOrganizationPop--binNoInput","searchOpenDialogs":true,"interaction":{"idSuffix":"inner"}},"clearTextFirst":true,"interactionType":"ENTER_TEXT"}]}
COMMAND: POST /session/2eb25f1cbe9612d735ab0219d8fb520b/execute/async - {"script":"<script> [1562 bytes]","args":[{"selector":{"id":"createOrganizationPop--descriptionId","searchOpenDialogs":true,"interaction":{"idSuffix":"inner"}},"wdio_ui5_key":"createOrganizationPopdescriptionId"}]}
RESULT: {"script":"<script> [1562 bytes]","args":[{"selector":{"id":"createOrganizationPop--descriptionId","searchOpenDialogs":true,"interaction":{"idSuffix":"inner"}},"wdio_ui5_key":"createOrganizationPopdescriptionId"}]}
RESULT: undefined
COMMAND: POST /session/2eb25f1cbe9612d735ab0219d8fb520b/execute/async - {"script":"<script> [776 bytes]","args":[{"enterText":"Shipping-Wd","selector":{"id":"createOrganizationPop--descriptionId","searchOpenDialogs":true,"interaction":{"idSuffix":"inner"}},"clearTextFirst":true,"interactionType":"ENTER_TEXT"}]}
RESULT: {"script":"<script> [776 bytes]","args":[{"enterText":"Shipping-Wd","selector":{"id":"createOrganizationPop--descriptionId","searchOpenDialogs":true,"interaction":{"idSuffix":"inner"}},"clearTextFirst":true,"interactionType":"ENTER_TEXT"}]}
COMMAND: POST /session/2eb25f1cbe9612d735ab0219d8fb520b/execute/async - {"script":"<script> [1562 bytes]","args":[{"selector":{"controlType":"sap.m.CheckBox","viewName":"etm.portal.ui.binstatusreport.view.MasterWareBins","viewId":"application-binstatusreport-display-component---warehousing","bindingPath":{"path":"","propertyPath":"/ZONE","modelName":"newBin"},"searchOpenDialogs":true,"interaction":{"idSuffix":"CbBg"}},"wdio_ui5_key":"etmportal.ui.binstatusreport.view.MasterWareBinssap.m.CheckBox{\"path\":\"\",\"propertyPath\":\"/ZONE\",\"modelName\":\"newBin\"}"}]}
RESULT: {"script":"<script> [1562 bytes]","args":[{"selector":{"controlType":"sap.m.CheckBox","viewName":"etm.portal.ui.binstatusreport.view.MasterWareBins","viewId":"application-binstatusreport-display-component---warehousing","bindingPath":{"path":"","propertyPath":"/ZONE","modelName":"newBin"},"searchOpenDialogs":true,"interaction":{"idSuffix":"CbBg"}},"wdio_ui5_key":"etmportal.ui.binstatusreport.view.MasterWareBinssap.m.CheckBox{\"path\":\"\",\"propertyPath\":\"/ZONE\",\"modelName\":\"newBin\"}"}]}
RESULT: undefined
COMMAND: POST /session/2eb25f1cbe9612d735ab0219d8fb520b/element - {"using":"xpath","value":"//*[@id=\"__box55\"]"}
RESULT: {"using":"xpath","value":"//*[@id=\"__box55\"]"}
COMMAND: POST /session/2eb25f1cbe9612d735ab0219d8fb520b/element/f.1920C544C16071EF810842AAA08EA988.d.5E5F470BE82BDDA3D8D36FBB2CA2640A.e.6722/click - {}
RESULT: {}
COMMAND: POST /session/2eb25f1cbe9612d735ab0219d8fb520b/execute/async - {"script":"<script> [1562 bytes]","args":[{"selector":{"id":"createOrganizationPop--binTypesCB","searchOpenDialogs":true,"interaction":{"idSuffix":"inner"}},"wdio_ui5_key":"createOrganizationPopbinTypesCB"}]}
COMMAND: GET /session/2eb25f1cbe9612d735ab0219d8fb520b/screenshot - {}
RESULT: {}
RESULT: {"script":"<script> [1562 bytes]","args":[{"selector":{"id":"createOrganizationPop--binTypesCB","searchOpenDialogs":true,"interaction":{"idSuffix":"inner"}},"wdio_ui5_key":"createOrganizationPopbinTypesCB"}]}
RESULT: undefined
COMMAND: POST /session/2eb25f1cbe9612d735ab0219d8fb520b/execute/async - {"script":"<script> [776 bytes]","args":[{"enterText":"1 - General / No capacity check","selector":{"id":"createOrganizationPop--binTypesCB","searchOpenDialogs":true,"interaction":{"idSuffix":"inner"}},"clearTextFirst":true,"interactionType":"ENTER_TEXT"}]}
RESULT: {"script":"<script> [776 bytes]","args":[{"enterText":"1 - General / No capacity check","selector":{"id":"createOrganizationPop--binTypesCB","searchOpenDialogs":true,"interaction":{"idSuffix":"inner"}},"clearTextFirst":true,"interactionType":"ENTER_TEXT"}]}
COMMAND: POST /session/2eb25f1cbe9612d735ab0219d8fb520b/actions - {"actions":[{"id":"action24","type":"key","parameters":{},"actions":[{"type":"keyDown","value":"î€‡"},{"type":"pause","duration":10},{"type":"keyUp","value":"î€‡"}]}]}
RESULT: {"actions":[{"id":"action24","type":"key","parameters":{},"actions":[{"type":"keyDown","value":"î€‡"},{"type":"pause","duration":10},{"type":"keyUp","value":"î€‡"}]}]}
COMMAND: GET /session/2eb25f1cbe9612d735ab0219d8fb520b/screenshot - {}
RESULT: {}
COMMAND: POST /session/2eb25f1cbe9612d735ab0219d8fb520b/execute/async - {"script":"<script> [1562 bytes]","args":[{"selector":{"id":"createOrganizationPop--finishBtn","searchOpenDialogs":true,"interaction":{"idSuffix":"BDI-content"}},"wdio_ui5_key":"createOrganizationPopfinishBtn"}]}
RESULT: {"script":"<script> [1562 bytes]","args":[{"selector":{"id":"createOrganizationPop--finishBtn","searchOpenDialogs":true,"interaction":{"idSuffix":"BDI-content"}},"wdio_ui5_key":"createOrganizationPopfinishBtn"}]}
RESULT: undefined
COMMAND: POST /session/2eb25f1cbe9612d735ab0219d8fb520b/element - {"using":"xpath","value":"//*[@id=\"createOrganizationPop--finishBtn\"]"}
RESULT: {"using":"xpath","value":"//*[@id=\"createOrganizationPop--finishBtn\"]"}
COMMAND: POST /session/2eb25f1cbe9612d735ab0219d8fb520b/element/f.1920C544C16071EF810842AAA08EA988.d.5E5F470BE82BDDA3D8D36FBB2CA2640A.e.6725/click - {}
RESULT: {}
]]></system-out>
    </testcase>
    <testcase classname="chrome.135_0_7049_96.windows.Provide_to_Site_w/_warehouse_management_w/_clarification_US115878" name="Bin Status Report Should Create New Organization for Site" time="36.994">
      <system-out><![CDATA[
COMMAND: GET /session/2eb25f1cbe9612d735ab0219d8fb520b/screenshot - {}
RESULT: {}
RESULT: undefined
COMMAND: POST /session/2eb25f1cbe9612d735ab0219d8fb520b/element - {"using":"xpath","value":"//*[@id=\"application-binstatusreport-display-component---warehousing--createOrgBtn\"]"}
RESULT: {"using":"xpath","value":"//*[@id=\"application-binstatusreport-display-component---warehousing--createOrgBtn\"]"}
COMMAND: POST /session/2eb25f1cbe9612d735ab0219d8fb520b/element/f.1920C544C16071EF810842AAA08EA988.d.5E5F470BE82BDDA3D8D36FBB2CA2640A.e.6640/click - {}
RESULT: {}
RESULT: undefined
COMMAND: POST /session/2eb25f1cbe9612d735ab0219d8fb520b/execute/async - {"script":"<script> [776 bytes]","args":[{"enterText":"2086","selector":{"id":"createOrganizationPop--sectionInput","searchOpenDialogs":true,"interaction":{"idSuffix":"inner"}},"clearTextFirst":true,"interactionType":"ENTER_TEXT"}]}
COMMAND: GET /session/2eb25f1cbe9612d735ab0219d8fb520b/screenshot - {}
RESULT: {"script":"<script> [776 bytes]","args":[{"enterText":"2086","selector":{"id":"createOrganizationPop--sectionInput","searchOpenDialogs":true,"interaction":{"idSuffix":"inner"}},"clearTextFirst":true,"interactionType":"ENTER_TEXT"}]}
RESULT: undefined
COMMAND: POST /session/2eb25f1cbe9612d735ab0219d8fb520b/execute/async - {"script":"<script> [776 bytes]","args":[{"enterText":"WDI2086","selector":{"id":"createOrganizationPop--descriptionInput","searchOpenDialogs":true,"interaction":{"idSuffix":"inner"}},"clearTextFirst":true,"interactionType":"ENTER_TEXT"}]}
RESULT: {}
RESULT: {"script":"<script> [776 bytes]","args":[{"enterText":"WDI2086","selector":{"id":"createOrganizationPop--descriptionInput","searchOpenDialogs":true,"interaction":{"idSuffix":"inner"}},"clearTextFirst":true,"interactionType":"ENTER_TEXT"}]}
COMMAND: POST /session/2eb25f1cbe9612d735ab0219d8fb520b/element - {"using":"css selector","value":"#createOrganizationPop--siteOrg-inner"}
RESULT: {"using":"css selector","value":"#createOrganizationPop--siteOrg-inner"}
COMMAND: POST /session/2eb25f1cbe9612d735ab0219d8fb520b/element/f.1920C544C16071EF810842AAA08EA988.d.5E5F470BE82BDDA3D8D36FBB2CA2640A.e.6731/clear - {}
RESULT: {}
COMMAND: POST /session/2eb25f1cbe9612d735ab0219d8fb520b/element/f.1920C544C16071EF810842AAA08EA988.d.5E5F470BE82BDDA3D8D36FBB2CA2640A.e.6731/value - {"text":"2086"}
COMMAND: GET /session/2eb25f1cbe9612d735ab0219d8fb520b/screenshot - {}
RESULT: {"text":"2086"}
COMMAND: GET /session/2eb25f1cbe9612d735ab0219d8fb520b/screenshot - {}
RESULT: {}
RESULT: {}
COMMAND: POST /session/2eb25f1cbe9612d735ab0219d8fb520b/actions - {"actions":[{"id":"action25","type":"key","parameters":{},"actions":[{"type":"keyDown","value":"î€‡"},{"type":"pause","duration":10},{"type":"keyUp","value":"î€‡"}]}]}
RESULT: {"actions":[{"id":"action25","type":"key","parameters":{},"actions":[{"type":"keyDown","value":"î€‡"},{"type":"pause","duration":10},{"type":"keyUp","value":"î€‡"}]}]}
RESULT: undefined
COMMAND: POST /session/2eb25f1cbe9612d735ab0219d8fb520b/element - {"using":"xpath","value":"//*[@id=\"createOrganizationPop--giZone\"]"}
COMMAND: GET /session/2eb25f1cbe9612d735ab0219d8fb520b/screenshot - {}
RESULT: {"using":"xpath","value":"//*[@id=\"createOrganizationPop--giZone\"]"}
COMMAND: POST /session/2eb25f1cbe9612d735ab0219d8fb520b/element/f.1920C544C16071EF810842AAA08EA988.d.5E5F470BE82BDDA3D8D36FBB2CA2640A.e.6749/click - {}
RESULT: {}
RESULT: {}
RESULT: undefined
COMMAND: POST /session/2eb25f1cbe9612d735ab0219d8fb520b/execute/async - {"script":"<script> [776 bytes]","args":[{"enterText":"WD-BIN","selector":{"id":"createOrganizationPop--binNoInput","searchOpenDialogs":true,"interaction":{"idSuffix":"inner"}},"clearTextFirst":true,"interactionType":"ENTER_TEXT"}]}
COMMAND: GET /session/2eb25f1cbe9612d735ab0219d8fb520b/screenshot - {}
RESULT: {"script":"<script> [776 bytes]","args":[{"enterText":"WD-BIN","selector":{"id":"createOrganizationPop--binNoInput","searchOpenDialogs":true,"interaction":{"idSuffix":"inner"}},"clearTextFirst":true,"interactionType":"ENTER_TEXT"}]}
RESULT: undefined
COMMAND: POST /session/2eb25f1cbe9612d735ab0219d8fb520b/execute/async - {"script":"<script> [776 bytes]","args":[{"enterText":"WD-BIN","selector":{"id":"createOrganizationPop--descriptionId","searchOpenDialogs":true,"interaction":{"idSuffix":"inner"}},"clearTextFirst":true,"interactionType":"ENTER_TEXT"}]}
RESULT: {}
RESULT: {"script":"<script> [776 bytes]","args":[{"enterText":"WD-BIN","selector":{"id":"createOrganizationPop--descriptionId","searchOpenDialogs":true,"interaction":{"idSuffix":"inner"}},"clearTextFirst":true,"interactionType":"ENTER_TEXT"}]}
COMMAND: POST /session/2eb25f1cbe9612d735ab0219d8fb520b/execute/async - {"script":"<script> [1562 bytes]","args":[{"selector":{"controlType":"sap.m.CheckBox","viewName":"etm.portal.ui.binstatusreport.view.MasterWareBins","viewId":"application-binstatusreport-display-component---warehousing","bindingPath":{"propertyPath":"/ZONE","modelName":"newBin"},"searchOpenDialogs":true,"interaction":{"idSuffix":"CbBg"}},"wdio_ui5_key":"etmportal.ui.binstatusreport.view.MasterWareBinssap.m.CheckBox{\"propertyPath\":\"/ZONE\",\"modelName\":\"newBin\"}"}]}
RESULT: {"script":"<script> [1562 bytes]","args":[{"selector":{"controlType":"sap.m.CheckBox","viewName":"etm.portal.ui.binstatusreport.view.MasterWareBins","viewId":"application-binstatusreport-display-component---warehousing","bindingPath":{"propertyPath":"/ZONE","modelName":"newBin"},"searchOpenDialogs":true,"interaction":{"idSuffix":"CbBg"}},"wdio_ui5_key":"etmportal.ui.binstatusreport.view.MasterWareBinssap.m.CheckBox{\"propertyPath\":\"/ZONE\",\"modelName\":\"newBin\"}"}]}
RESULT: undefined
COMMAND: POST /session/2eb25f1cbe9612d735ab0219d8fb520b/element - {"using":"xpath","value":"//*[@id=\"__box58\"]"}
RESULT: {"using":"xpath","value":"//*[@id=\"__box58\"]"}
COMMAND: POST /session/2eb25f1cbe9612d735ab0219d8fb520b/element/f.1920C544C16071EF810842AAA08EA988.d.5E5F470BE82BDDA3D8D36FBB2CA2640A.e.6751/click - {}
RESULT: {}
COMMAND: GET /session/2eb25f1cbe9612d735ab0219d8fb520b/screenshot - {}
RESULT: {}
RESULT: undefined
COMMAND: POST /session/2eb25f1cbe9612d735ab0219d8fb520b/execute/async - {"script":"<script> [776 bytes]","args":[{"enterText":"1 - General / No capacity check","selector":{"id":"createOrganizationPop--binTypesCB","searchOpenDialogs":true,"interaction":{"idSuffix":"inner"}},"clearTextFirst":true,"interactionType":"ENTER_TEXT"}]}
RESULT: {"script":"<script> [776 bytes]","args":[{"enterText":"1 - General / No capacity check","selector":{"id":"createOrganizationPop--binTypesCB","searchOpenDialogs":true,"interaction":{"idSuffix":"inner"}},"clearTextFirst":true,"interactionType":"ENTER_TEXT"}]}
COMMAND: POST /session/2eb25f1cbe9612d735ab0219d8fb520b/execute/async - {"script":"<script> [1562 bytes]","args":[{"selector":{"id":"createOrganizationPop--capacityId","searchOpenDialogs":true,"interaction":{"idSuffix":"inner"}},"wdio_ui5_key":"createOrganizationPopcapacityId"}]}
RESULT: {"script":"<script> [1562 bytes]","args":[{"selector":{"id":"createOrganizationPop--capacityId","searchOpenDialogs":true,"interaction":{"idSuffix":"inner"}},"wdio_ui5_key":"createOrganizationPopcapacityId"}]}
RESULT: undefined
COMMAND: POST /session/2eb25f1cbe9612d735ab0219d8fb520b/actions - {"actions":[{"id":"action26","type":"key","parameters":{},"actions":[{"type":"keyDown","value":"î€‡"},{"type":"pause","duration":10},{"type":"keyUp","value":"î€‡"}]}]}
RESULT: {"actions":[{"id":"action26","type":"key","parameters":{},"actions":[{"type":"keyDown","value":"î€‡"},{"type":"pause","duration":10},{"type":"keyUp","value":"î€‡"}]}]}
COMMAND: GET /session/2eb25f1cbe9612d735ab0219d8fb520b/screenshot - {}
RESULT: {}
RESULT: undefined
COMMAND: POST /session/2eb25f1cbe9612d735ab0219d8fb520b/element - {"using":"xpath","value":"//*[@id=\"createOrganizationPop--finishBtn\"]"}
RESULT: {"using":"xpath","value":"//*[@id=\"createOrganizationPop--finishBtn\"]"}
COMMAND: POST /session/2eb25f1cbe9612d735ab0219d8fb520b/element/f.1920C544C16071EF810842AAA08EA988.d.5E5F470BE82BDDA3D8D36FBB2CA2640A.e.6752/click - {}
RESULT: {}
COMMAND: POST /session/2eb25f1cbe9612d735ab0219d8fb520b/element - {"using":"css selector","value":"#shell-header-logo"}
COMMAND: GET /session/2eb25f1cbe9612d735ab0219d8fb520b/screenshot - {}
RESULT: {"using":"css selector","value":"#shell-header-logo"}
COMMAND: POST /session/2eb25f1cbe9612d735ab0219d8fb520b/element/f.1920C544C16071EF810842AAA08EA988.d.5E5F470BE82BDDA3D8D36FBB2CA2640A.e.6604/click - {}
RESULT: {}
RESULT: {}
]]></system-out>
    </testcase>
  </testsuite>
  <testsuite timestamp="2025-04-25T16:40:42" time="524.111" tests="6" failures="2" errors="2" skipped="0">
    <properties>
      <property name="specId" value="0" />
      <property name="suiteName" value="Provide to Site w/ warehouse management w clarification" />
      <property name="capabilities" value="chrome.135_0_7049_96.windows" />
      <property name="file" value="file:///D:/a/1/s/test/specs/HTR/provide-to-site-w-warehouse-w-clarification.spec.js" />
    </properties>
    <testcase classname="chrome.135_0_7049_96.windows.Provide_to_Site_w/_warehouse_management_w_clarification" name="Should do a stock increase handover" time="81.434">
      <system-out><![CDATA[
COMMAND: POST /session/2eb25f1cbe9612d735ab0219d8fb520b/execute/async - {"script":"<script> [1562 bytes]","args":[{"selector":{"controlType":"sap.m.GenericTile","properties":{"header":"Manage Handovers"}},"wdio_ui5_key":"sapm.GenericTile{\"header\":\"Manage Handovers\"}"}]}
COMMAND: GET /session/2eb25f1cbe9612d735ab0219d8fb520b/screenshot - {}
RESULT: {"script":"<script> [1562 bytes]","args":[{"selector":{"controlType":"sap.m.GenericTile","properties":{"header":"Manage Handovers"}},"wdio_ui5_key":"sapm.GenericTile{\"header\":\"Manage Handovers\"}"}]}
RESULT: undefined
COMMAND: POST /session/2eb25f1cbe9612d735ab0219d8fb520b/element - {"using":"xpath","value":"//*[@id=\"__tile132\"]"}
RESULT: {}
RESULT: {"using":"xpath","value":"//*[@id=\"__tile132\"]"}
COMMAND: POST /session/2eb25f1cbe9612d735ab0219d8fb520b/element/f.1920C544C16071EF810842AAA08EA988.d.5E5F470BE82BDDA3D8D36FBB2CA2640A.e.4128/click - {}
RESULT: {}
COMMAND: GET /session/2eb25f1cbe9612d735ab0219d8fb520b/screenshot - {}
COMMAND: POST /session/2eb25f1cbe9612d735ab0219d8fb520b/element - {"using":"xpath","value":"//button[(@data-kt = 'masterHOAddButton')]"}
RESULT: {}
RESULT: {"using":"xpath","value":"//button[(@data-kt = 'masterHOAddButton')]"}
COMMAND: POST /session/2eb25f1cbe9612d735ab0219d8fb520b/element/f.1920C544C16071EF810842AAA08EA988.d.5E5F470BE82BDDA3D8D36FBB2CA2640A.e.6808/click - {}
RESULT: {}
COMMAND: POST /session/2eb25f1cbe9612d735ab0219d8fb520b/element - {"using":"css selector","value":"span[id=\"application-managehandovers-display-component---AddNewHO--typeSelect-label\"]"}
COMMAND: GET /session/2eb25f1cbe9612d735ab0219d8fb520b/screenshot - {}
RESULT: {"using":"css selector","value":"span[id=\"application-managehandovers-display-component---AddNewHO--typeSelect-label\"]"}
COMMAND: POST /session/2eb25f1cbe9612d735ab0219d8fb520b/elements - {"using":"css selector","value":"span[id=\"application-managehandovers-display-component---AddNewHO--typeSelect-label\"]"}
RESULT: {}
RESULT: {"using":"css selector","value":"span[id=\"application-managehandovers-display-component---AddNewHO--typeSelect-label\"]"}
COMMAND: POST /session/2eb25f1cbe9612d735ab0219d8fb520b/element - {"using":"css selector","value":"span[id=\"application-managehandovers-display-component---AddNewHO--typeSelect-label\"]"}
RESULT: {"using":"css selector","value":"span[id=\"application-managehandovers-display-component---AddNewHO--typeSelect-label\"]"}
COMMAND: POST /session/2eb25f1cbe9612d735ab0219d8fb520b/element/f.1920C544C16071EF810842AAA08EA988.d.5E5F470BE82BDDA3D8D36FBB2CA2640A.e.7110/click - {}
RESULT: {}
COMMAND: POST /session/2eb25f1cbe9612d735ab0219d8fb520b/element - {"using":"css selector","value":"#application-managehandovers-display-component---AddNewHO--oneStep-CB"}
COMMAND: GET /session/2eb25f1cbe9612d735ab0219d8fb520b/screenshot - {}
RESULT: {"using":"css selector","value":"#application-managehandovers-display-component---AddNewHO--oneStep-CB"}
COMMAND: GET /session/2eb25f1cbe9612d735ab0219d8fb520b/element/f.1920C544C16071EF810842AAA08EA988.d.5E5F470BE82BDDA3D8D36FBB2CA2640A.e.7050/selected - {}
RESULT: {}
RESULT: {}
COMMAND: POST /session/2eb25f1cbe9612d735ab0219d8fb520b/element - {"using":"xpath","value":"//li[contains(text(), \"stock increase yard\")]"}
COMMAND: GET /session/2eb25f1cbe9612d735ab0219d8fb520b/screenshot - {}
RESULT: {"using":"xpath","value":"//li[contains(text(), \"stock increase yard\")]"}
COMMAND: POST /session/2eb25f1cbe9612d735ab0219d8fb520b/element/f.1920C544C16071EF810842AAA08EA988.d.5E5F470BE82BDDA3D8D36FBB2CA2640A.e.7111/click - {}
RESULT: {}
RESULT: {}
COMMAND: GET /session/2eb25f1cbe9612d735ab0219d8fb520b/screenshot - {}
RESULT: {}
COMMAND: POST /session/2eb25f1cbe9612d735ab0219d8fb520b/element - {"using":"css selector","value":"input[id=\"generalSectionFrg--receiveYard-inner\"]"}
RESULT: {"using":"css selector","value":"input[id=\"generalSectionFrg--receiveYard-inner\"]"}
COMMAND: POST /session/2eb25f1cbe9612d735ab0219d8fb520b/element/f.1920C544C16071EF810842AAA08EA988.d.5E5F470BE82BDDA3D8D36FBB2CA2640A.e.7119/clear - {}
RESULT: {}
COMMAND: POST /session/2eb25f1cbe9612d735ab0219d8fb520b/element/f.1920C544C16071EF810842AAA08EA988.d.5E5F470BE82BDDA3D8D36FBB2CA2640A.e.7119/value - {"text":"229"}
COMMAND: GET /session/2eb25f1cbe9612d735ab0219d8fb520b/screenshot - {}
RESULT: {"text":"229"}
COMMAND: GET /session/2eb25f1cbe9612d735ab0219d8fb520b/screenshot - {}
RESULT: {}
RESULT: {}
COMMAND: POST /session/2eb25f1cbe9612d735ab0219d8fb520b/element - {"using":"css selector","value":"#application-managehandovers-display-component---AddNewHO--dueDate-inner"}
RESULT: {"using":"css selector","value":"#application-managehandovers-display-component---AddNewHO--dueDate-inner"}
COMMAND: POST /session/2eb25f1cbe9612d735ab0219d8fb520b/element/f.1920C544C16071EF810842AAA08EA988.d.5E5F470BE82BDDA3D8D36FBB2CA2640A.e.7113/clear - {}
RESULT: {}
COMMAND: POST /session/2eb25f1cbe9612d735ab0219d8fb520b/element/f.1920C544C16071EF810842AAA08EA988.d.5E5F470BE82BDDA3D8D36FBB2CA2640A.e.7113/value - {"text":"4/25/25"}
COMMAND: GET /session/2eb25f1cbe9612d735ab0219d8fb520b/screenshot - {}
RESULT: {"text":"4/25/25"}
COMMAND: GET /session/2eb25f1cbe9612d735ab0219d8fb520b/screenshot - {}
RESULT: {}
RESULT: {}
COMMAND: POST /session/2eb25f1cbe9612d735ab0219d8fb520b/element - {"using":"xpath","value":"//bdi[(text() = 'Items' or . = 'Items')]"}
RESULT: {"using":"xpath","value":"//bdi[(text() = 'Items' or . = 'Items')]"}
COMMAND: POST /session/2eb25f1cbe9612d735ab0219d8fb520b/element/f.1920C544C16071EF810842AAA08EA988.d.5E5F470BE82BDDA3D8D36FBB2CA2640A.e.7138/click - {}
RESULT: {}
COMMAND: GET /session/2eb25f1cbe9612d735ab0219d8fb520b/screenshot - {}
RESULT: {}
COMMAND: POST /session/2eb25f1cbe9612d735ab0219d8fb520b/element - {"using":"xpath","value":"//button[@aria-label=\"Add\"]"}
RESULT: {"using":"xpath","value":"//button[@aria-label=\"Add\"]"}
COMMAND: POST /session/2eb25f1cbe9612d735ab0219d8fb520b/element/f.1920C544C16071EF810842AAA08EA988.d.5E5F470BE82BDDA3D8D36FBB2CA2640A.e.7143/click - {}
RESULT: {}
COMMAND: GET /session/2eb25f1cbe9612d735ab0219d8fb520b/screenshot - {}
RESULT: {}
COMMAND: POST /session/2eb25f1cbe9612d735ab0219d8fb520b/element - {"using":"css selector","value":"input[id= \"application-managehandovers-display-component---AddNewHO--smartFilterBar-btnBasicSearch-I\"]"}
RESULT: {"using":"css selector","value":"input[id= \"application-managehandovers-display-component---AddNewHO--smartFilterBar-btnBasicSearch-I\"]"}
COMMAND: POST /session/2eb25f1cbe9612d735ab0219d8fb520b/element/f.1920C544C16071EF810842AAA08EA988.d.5E5F470BE82BDDA3D8D36FBB2CA2640A.e.7147/clear - {}
RESULT: {}
COMMAND: POST /session/2eb25f1cbe9612d735ab0219d8fb520b/element/f.1920C544C16071EF810842AAA08EA988.d.5E5F470BE82BDDA3D8D36FBB2CA2640A.e.7147/value - {"text":"200077"}
COMMAND: GET /session/2eb25f1cbe9612d735ab0219d8fb520b/screenshot - {}
RESULT: {"text":"200077"}
COMMAND: POST /session/2eb25f1cbe9612d735ab0219d8fb520b/actions - {"actions":[{"id":"action27","type":"key","parameters":{},"actions":[{"type":"keyDown","value":"î€‡"},{"type":"pause","duration":10},{"type":"keyUp","value":"î€‡"}]}]}
COMMAND: GET /session/2eb25f1cbe9612d735ab0219d8fb520b/screenshot - {}
RESULT: {}
RESULT: {"actions":[{"id":"action27","type":"key","parameters":{},"actions":[{"type":"keyDown","value":"î€‡"},{"type":"pause","duration":10},{"type":"keyUp","value":"î€‡"}]}]}
COMMAND: POST /session/2eb25f1cbe9612d735ab0219d8fb520b/element - {"using":"css selector","value":"div[id= \"application-managehandovers-display-component---AddNewHO--smartFilterBar-btnBasicSearch-search\"]"}
COMMAND: GET /session/2eb25f1cbe9612d735ab0219d8fb520b/screenshot - {}
RESULT: {}
RESULT: {"using":"css selector","value":"div[id= \"application-managehandovers-display-component---AddNewHO--smartFilterBar-btnBasicSearch-search\"]"}
COMMAND: POST /session/2eb25f1cbe9612d735ab0219d8fb520b/element/f.1920C544C16071EF810842AAA08EA988.d.5E5F470BE82BDDA3D8D36FBB2CA2640A.e.7282/click - {}
RESULT: {}
RESULT: {}
COMMAND: GET /session/2eb25f1cbe9612d735ab0219d8fb520b/screenshot - {}
RESULT: {}
COMMAND: POST /session/2eb25f1cbe9612d735ab0219d8fb520b/element - {"using":"css selector","value":"div[id= \"application-managehandovers-display-component---AddNewHO--popup-sa-CbBg\"]"}
RESULT: {"using":"css selector","value":"div[id= \"application-managehandovers-display-component---AddNewHO--popup-sa-CbBg\"]"}
COMMAND: POST /session/2eb25f1cbe9612d735ab0219d8fb520b/element/f.1920C544C16071EF810842AAA08EA988.d.5E5F470BE82BDDA3D8D36FBB2CA2640A.e.7283/click - {}
RESULT: {}
COMMAND: POST /session/2eb25f1cbe9612d735ab0219d8fb520b/element - {"using":"xpath","value":"//bdi[(text() = 'Select' or . = 'Select')]"}
COMMAND: GET /session/2eb25f1cbe9612d735ab0219d8fb520b/screenshot - {}
RESULT: {"using":"xpath","value":"//bdi[(text() = 'Select' or . = 'Select')]"}
COMMAND: POST /session/2eb25f1cbe9612d735ab0219d8fb520b/element/f.1920C544C16071EF810842AAA08EA988.d.5E5F470BE82BDDA3D8D36FBB2CA2640A.e.7284/click - {}
RESULT: {}
RESULT: {}
COMMAND: GET /session/2eb25f1cbe9612d735ab0219d8fb520b/screenshot - {}
RESULT: {}
COMMAND: POST /session/2eb25f1cbe9612d735ab0219d8fb520b/element - {"using":"xpath","value":"//bdi[(text() = 'Save' or . = 'Save')]"}
RESULT: {"using":"xpath","value":"//bdi[(text() = 'Save' or . = 'Save')]"}
COMMAND: POST /session/2eb25f1cbe9612d735ab0219d8fb520b/element/f.1920C544C16071EF810842AAA08EA988.d.5E5F470BE82BDDA3D8D36FBB2CA2640A.e.7288/click - {}
RESULT: {}
COMMAND: GET /session/2eb25f1cbe9612d735ab0219d8fb520b/screenshot - {}
RESULT: {}
COMMAND: POST /session/2eb25f1cbe9612d735ab0219d8fb520b/element - {"using":"xpath","value":"//input[contains(@id ,\"receiptDatePicker-inner\")]"}
RESULT: {"using":"xpath","value":"//input[contains(@id ,\"receiptDatePicker-inner\")]"}
COMMAND: POST /session/2eb25f1cbe9612d735ab0219d8fb520b/element/f.1920C544C16071EF810842AAA08EA988.d.5E5F470BE82BDDA3D8D36FBB2CA2640A.e.7318/click - {}
RESULT: {}
COMMAND: POST /session/2eb25f1cbe9612d735ab0219d8fb520b/element - {"using":"xpath","value":"//input[contains(@id ,\"receiptDatePicker-inner\")]"}
COMMAND: GET /session/2eb25f1cbe9612d735ab0219d8fb520b/screenshot - {}
RESULT: {"using":"xpath","value":"//input[contains(@id ,\"receiptDatePicker-inner\")]"}
COMMAND: POST /session/2eb25f1cbe9612d735ab0219d8fb520b/element/f.1920C544C16071EF810842AAA08EA988.d.5E5F470BE82BDDA3D8D36FBB2CA2640A.e.7318/clear - {}
RESULT: {}
RESULT: {}
COMMAND: POST /session/2eb25f1cbe9612d735ab0219d8fb520b/element/f.1920C544C16071EF810842AAA08EA988.d.5E5F470BE82BDDA3D8D36FBB2CA2640A.e.7318/value - {"text":"4/25/25"}
COMMAND: GET /session/2eb25f1cbe9612d735ab0219d8fb520b/screenshot - {}
RESULT: {"text":"4/25/25"}
COMMAND: GET /session/2eb25f1cbe9612d735ab0219d8fb520b/screenshot - {}
RESULT: {}
RESULT: {}
COMMAND: POST /session/2eb25f1cbe9612d735ab0219d8fb520b/execute/async - {"script":"<script> [1562 bytes]","args":[{"selector":{"id":"administrationTabFilter","viewName":"etm.portal.ui.managehandovers.view.DetailExecuteHO","interaction":{"idSuffix":"text"}},"wdio_ui5_key":"administrationTabFilteretmportal.ui.managehandovers.view.DetailExecuteHO"}]}
RESULT: {"script":"<script> [1562 bytes]","args":[{"selector":{"id":"administrationTabFilter","viewName":"etm.portal.ui.managehandovers.view.DetailExecuteHO","interaction":{"idSuffix":"text"}},"wdio_ui5_key":"administrationTabFilteretmportal.ui.managehandovers.view.DetailExecuteHO"}]}
RESULT: undefined
COMMAND: POST /session/2eb25f1cbe9612d735ab0219d8fb520b/element - {"using":"xpath","value":"//*[@id=\"__xmlview61--administrationTabFilter\"]"}
RESULT: {"using":"xpath","value":"//*[@id=\"__xmlview61--administrationTabFilter\"]"}
COMMAND: POST /session/2eb25f1cbe9612d735ab0219d8fb520b/element/f.1920C544C16071EF810842AAA08EA988.d.5E5F470BE82BDDA3D8D36FBB2CA2640A.e.7338/click - {}
RESULT: {}
RESULT: undefined
COMMAND: POST /session/2eb25f1cbe9612d735ab0219d8fb520b/element - {"using":"xpath","value":"//*[@id=\"__xmlview61--administrationTabFilter\"]"}
COMMAND: GET /session/2eb25f1cbe9612d735ab0219d8fb520b/screenshot - {}
RESULT: {"using":"xpath","value":"//*[@id=\"__xmlview61--administrationTabFilter\"]"}
COMMAND: POST /session/2eb25f1cbe9612d735ab0219d8fb520b/element/f.1920C544C16071EF810842AAA08EA988.d.5E5F470BE82BDDA3D8D36FBB2CA2640A.e.7338/click - {}
RESULT: {}
RESULT: {}
COMMAND: GET /session/2eb25f1cbe9612d735ab0219d8fb520b/screenshot - {}
RESULT: {}
COMMAND: POST /session/2eb25f1cbe9612d735ab0219d8fb520b/element - {"using":"xpath","value":"//bdi[(text() = 'Confirm' or . = 'Confirm')]"}
RESULT: {"using":"xpath","value":"//bdi[(text() = 'Confirm' or . = 'Confirm')]"}
COMMAND: POST /session/2eb25f1cbe9612d735ab0219d8fb520b/element/f.1920C544C16071EF810842AAA08EA988.d.5E5F470BE82BDDA3D8D36FBB2CA2640A.e.7346/click - {}
RESULT: {}
COMMAND: GET /session/2eb25f1cbe9612d735ab0219d8fb520b/screenshot - {}
RESULT: {}
COMMAND: POST /session/2eb25f1cbe9612d735ab0219d8fb520b/execute/async - {"script":"<script> [1562 bytes]","args":[{"selector":{"id":"confirmationButton","viewName":"etm.portal.ui.managehandovers.view.DetailExecuteHO","interaction":{"idSuffix":"BDI-content"}},"wdio_ui5_key":"confirmationButtonetmportal.ui.managehandovers.view.DetailExecuteHO"}]}
RESULT: {"script":"<script> [1562 bytes]","args":[{"selector":{"id":"confirmationButton","viewName":"etm.portal.ui.managehandovers.view.DetailExecuteHO","interaction":{"idSuffix":"BDI-content"}},"wdio_ui5_key":"confirmationButtonetmportal.ui.managehandovers.view.DetailExecuteHO"}]}
RESULT: undefined
COMMAND: POST /session/2eb25f1cbe9612d735ab0219d8fb520b/element - {"using":"xpath","value":"(//*[text()='Receive'])[2]"}
RESULT: {"using":"xpath","value":"(//*[text()='Receive'])[2]"}
COMMAND: GET /session/2eb25f1cbe9612d735ab0219d8fb520b/element/f.1920C544C16071EF810842AAA08EA988.d.5E5F470BE82BDDA3D8D36FBB2CA2640A.e.7348/enabled - {}
RESULT: {}
COMMAND: POST /session/2eb25f1cbe9612d735ab0219d8fb520b/execute/sync - {"script":"<script> [8489 bytes]","args":[{"element-6066-11e4-a52e-4f735466cecf":"f.1920C544C16071EF810842AAA08EA988.d.5E5F470BE82BDDA3D8D36FBB2CA2640A.e.7348","ELEMENT":"f.1920C544C16071EF810842AAA08EA988.d.5E5F470BE82BDDA3D8D36FBB2CA2640A.e.7348"}]}
COMMAND: GET /session/2eb25f1cbe9612d735ab0219d8fb520b/screenshot - {}
RESULT: {"script":"<script> [8489 bytes]","args":[{"element-6066-11e4-a52e-4f735466cecf":"f.1920C544C16071EF810842AAA08EA988.d.5E5F470BE82BDDA3D8D36FBB2CA2640A.e.7348","ELEMENT":"f.1920C544C16071EF810842AAA08EA988.d.5E5F470BE82BDDA3D8D36FBB2CA2640A.e.7348"}]}
COMMAND: POST /session/2eb25f1cbe9612d735ab0219d8fb520b/execute/sync - {"script":"<script> [5351 bytes]","args":[{"element-6066-11e4-a52e-4f735466cecf":"f.1920C544C16071EF810842AAA08EA988.d.5E5F470BE82BDDA3D8D36FBB2CA2640A.e.7348","ELEMENT":"f.1920C544C16071EF810842AAA08EA988.d.5E5F470BE82BDDA3D8D36FBB2CA2640A.e.7348"}]}
COMMAND: GET /session/2eb25f1cbe9612d735ab0219d8fb520b/screenshot - {}
RESULT: {}
RESULT: {"script":"<script> [5351 bytes]","args":[{"element-6066-11e4-a52e-4f735466cecf":"f.1920C544C16071EF810842AAA08EA988.d.5E5F470BE82BDDA3D8D36FBB2CA2640A.e.7348","ELEMENT":"f.1920C544C16071EF810842AAA08EA988.d.5E5F470BE82BDDA3D8D36FBB2CA2640A.e.7348"}]}
COMMAND: POST /session/2eb25f1cbe9612d735ab0219d8fb520b/element/f.1920C544C16071EF810842AAA08EA988.d.5E5F470BE82BDDA3D8D36FBB2CA2640A.e.7348/click - {}
COMMAND: GET /session/2eb25f1cbe9612d735ab0219d8fb520b/screenshot - {}
RESULT: {}
RESULT: {}
COMMAND: GET /session/2eb25f1cbe9612d735ab0219d8fb520b/screenshot - {}
RESULT: {}
RESULT: {}
COMMAND: POST /session/2eb25f1cbe9612d735ab0219d8fb520b/element - {"using":"css selector","value":"#shell-header-logo"}
RESULT: {"using":"css selector","value":"#shell-header-logo"}
COMMAND: POST /session/2eb25f1cbe9612d735ab0219d8fb520b/element/f.1920C544C16071EF810842AAA08EA988.d.5E5F470BE82BDDA3D8D36FBB2CA2640A.e.6780/click - {}
RESULT: {}
COMMAND: GET /session/2eb25f1cbe9612d735ab0219d8fb520b/screenshot - {}
RESULT: {}
]]></system-out>
    </testcase>
    <testcase classname="chrome.135_0_7049_96.windows.Provide_to_Site_w/_warehouse_management_w_clarification" name="Should create a new contract" time="60.763">
      <system-out><![CDATA[
COMMAND: POST /session/2eb25f1cbe9612d735ab0219d8fb520b/execute/async - {"script":"<script> [1562 bytes]","args":[{"selector":{"controlType":"sap.m.GenericTile","properties":{"header":"Manage Contracts"}},"wdio_ui5_key":"sapm.GenericTile{\"header\":\"Manage Contracts\"}"}]}
RESULT: {"script":"<script> [1562 bytes]","args":[{"selector":{"controlType":"sap.m.GenericTile","properties":{"header":"Manage Contracts"}},"wdio_ui5_key":"sapm.GenericTile{\"header\":\"Manage Contracts\"}"}]}
RESULT: undefined
COMMAND: POST /session/2eb25f1cbe9612d735ab0219d8fb520b/element - {"using":"xpath","value":"//*[@id=\"__tile130\"]"}
RESULT: {"using":"xpath","value":"//*[@id=\"__tile130\"]"}
COMMAND: POST /session/2eb25f1cbe9612d735ab0219d8fb520b/element/f.1920C544C16071EF810842AAA08EA988.d.5E5F470BE82BDDA3D8D36FBB2CA2640A.e.4117/click - {}
RESULT: {}
COMMAND: GET /session/2eb25f1cbe9612d735ab0219d8fb520b/screenshot - {}
RESULT: {}
COMMAND: POST /session/2eb25f1cbe9612d735ab0219d8fb520b/execute/async - {"script":"<script> [1562 bytes]","args":[{"selector":{"controlType":"sap.ui.core.Icon","viewName":"etm.portal.ui.managecontracts.view.Master","properties":{"src":{"regex":{"source":"add"}}}},"wdio_ui5_key":"etmportal.ui.managecontracts.view.Mastersap.ui.core.Icon{\"src\":{\"regex\":{\"source\":\"add\"}}}"}]}
RESULT: {"script":"<script> [1562 bytes]","args":[{"selector":{"controlType":"sap.ui.core.Icon","viewName":"etm.portal.ui.managecontracts.view.Master","properties":{"src":{"regex":{"source":"add"}}}},"wdio_ui5_key":"etmportal.ui.managecontracts.view.Mastersap.ui.core.Icon{\"src\":{\"regex\":{\"source\":\"add\"}}}"}]}
RESULT: undefined
COMMAND: POST /session/2eb25f1cbe9612d735ab0219d8fb520b/element - {"using":"xpath","value":"//*[@id=\"__button303-img\"]"}
RESULT: {"using":"xpath","value":"//*[@id=\"__button303-img\"]"}
COMMAND: POST /session/2eb25f1cbe9612d735ab0219d8fb520b/element/f.1920C544C16071EF810842AAA08EA988.d.5E5F470BE82BDDA3D8D36FBB2CA2640A.e.7578/click - {}
RESULT: {}
COMMAND: POST /session/2eb25f1cbe9612d735ab0219d8fb520b/execute/async - {"script":"<script> [1562 bytes]","args":[{"selector":{"id":"application-managecontracts-display-component---AddNewContract--projectDescription","interaction":{"idSuffix":"inner"}},"wdio_ui5_key":"applicationmanagecontracts-display-component---AddNewContract--projectDescription"}]}
COMMAND: GET /session/2eb25f1cbe9612d735ab0219d8fb520b/screenshot - {}
RESULT: {"script":"<script> [1562 bytes]","args":[{"selector":{"id":"application-managecontracts-display-component---AddNewContract--projectDescription","interaction":{"idSuffix":"inner"}},"wdio_ui5_key":"applicationmanagecontracts-display-component---AddNewContract--projectDescription"}]}
RESULT: undefined
COMMAND: POST /session/2eb25f1cbe9612d735ab0219d8fb520b/execute/async - {"script":"<script> [776 bytes]","args":[{"enterText":"wdi5 contract for billing","selector":{"id":"application-managecontracts-display-component---AddNewContract--projectDescription","interaction":{"idSuffix":"inner"}},"clearTextFirst":true,"interactionType":"ENTER_TEXT"}]}
RESULT: {}
RESULT: {"script":"<script> [776 bytes]","args":[{"enterText":"wdi5 contract for billing","selector":{"id":"application-managecontracts-display-component---AddNewContract--projectDescription","interaction":{"idSuffix":"inner"}},"clearTextFirst":true,"interactionType":"ENTER_TEXT"}]}
COMMAND: POST /session/2eb25f1cbe9612d735ab0219d8fb520b/element - {"using":"xpath","value":"//input[@id=\"application-managecontracts-display-component---AddNewContract--customerSelect-inner\"]"}
RESULT: {"using":"xpath","value":"//input[@id=\"application-managecontracts-display-component---AddNewContract--customerSelect-inner\"]"}
COMMAND: POST /session/2eb25f1cbe9612d735ab0219d8fb520b/element/f.1920C544C16071EF810842AAA08EA988.d.5E5F470BE82BDDA3D8D36FBB2CA2640A.e.7824/clear - {}
RESULT: {}
COMMAND: POST /session/2eb25f1cbe9612d735ab0219d8fb520b/element/f.1920C544C16071EF810842AAA08EA988.d.5E5F470BE82BDDA3D8D36FBB2CA2640A.e.7824/value - {"text":"1089"}
COMMAND: GET /session/2eb25f1cbe9612d735ab0219d8fb520b/screenshot - {}
RESULT: {"text":"1089"}
COMMAND: GET /session/2eb25f1cbe9612d735ab0219d8fb520b/screenshot - {}
RESULT: {}
RESULT: {}
COMMAND: POST /session/2eb25f1cbe9612d735ab0219d8fb520b/actions - {"actions":[{"id":"action28","type":"key","parameters":{},"actions":[{"type":"keyDown","value":"î€‡"},{"type":"pause","duration":10},{"type":"keyUp","value":"î€‡"}]}]}
RESULT: {"actions":[{"id":"action28","type":"key","parameters":{},"actions":[{"type":"keyDown","value":"î€‡"},{"type":"pause","duration":10},{"type":"keyUp","value":"î€‡"}]}]}
COMMAND: POST /session/2eb25f1cbe9612d735ab0219d8fb520b/element - {"using":"xpath","value":"//input[@id=\"application-managecontracts-display-component---AddNewContract--site-inner\"]"}
COMMAND: GET /session/2eb25f1cbe9612d735ab0219d8fb520b/screenshot - {}
RESULT: {"using":"xpath","value":"//input[@id=\"application-managecontracts-display-component---AddNewContract--site-inner\"]"}
COMMAND: POST /session/2eb25f1cbe9612d735ab0219d8fb520b/element/f.1920C544C16071EF810842AAA08EA988.d.5E5F470BE82BDDA3D8D36FBB2CA2640A.e.7825/clear - {}
RESULT: {}
RESULT: {}
COMMAND: POST /session/2eb25f1cbe9612d735ab0219d8fb520b/element/f.1920C544C16071EF810842AAA08EA988.d.5E5F470BE82BDDA3D8D36FBB2CA2640A.e.7825/value - {"text":"2086"}
COMMAND: GET /session/2eb25f1cbe9612d735ab0219d8fb520b/screenshot - {}
RESULT: {"text":"2086"}
COMMAND: GET /session/2eb25f1cbe9612d735ab0219d8fb520b/screenshot - {}
RESULT: {}
RESULT: {}
COMMAND: POST /session/2eb25f1cbe9612d735ab0219d8fb520b/actions - {"actions":[{"id":"action29","type":"key","parameters":{},"actions":[{"type":"keyDown","value":"î€‡"},{"type":"pause","duration":10},{"type":"keyUp","value":"î€‡"}]}]}
RESULT: {"actions":[{"id":"action29","type":"key","parameters":{},"actions":[{"type":"keyDown","value":"î€‡"},{"type":"pause","duration":10},{"type":"keyUp","value":"î€‡"}]}]}
COMMAND: POST /session/2eb25f1cbe9612d735ab0219d8fb520b/execute/async - {"script":"<script> [1562 bytes]","args":[{"selector":{"id":"application-managecontracts-display-component---AddNewContract--calendarInput","interaction":{"idSuffix":"inner"}},"wdio_ui5_key":"applicationmanagecontracts-display-component---AddNewContract--calendarInput"}]}
COMMAND: GET /session/2eb25f1cbe9612d735ab0219d8fb520b/screenshot - {}
RESULT: {"script":"<script> [1562 bytes]","args":[{"selector":{"id":"application-managecontracts-display-component---AddNewContract--calendarInput","interaction":{"idSuffix":"inner"}},"wdio_ui5_key":"applicationmanagecontracts-display-component---AddNewContract--calendarInput"}]}
RESULT: undefined
COMMAND: POST /session/2eb25f1cbe9612d735ab0219d8fb520b/execute/async - {"script":"<script> [776 bytes]","args":[{"enterText":"1 - Calendar unit test patch","selector":{"id":"application-managecontracts-display-component---AddNewContract--calendarInput","interaction":{"idSuffix":"inner"}},"clearTextFirst":true,"interactionType":"ENTER_TEXT"}]}
RESULT: {}
RESULT: {"script":"<script> [776 bytes]","args":[{"enterText":"1 - Calendar unit test patch","selector":{"id":"application-managecontracts-display-component---AddNewContract--calendarInput","interaction":{"idSuffix":"inner"}},"clearTextFirst":true,"interactionType":"ENTER_TEXT"}]}
COMMAND: POST /session/2eb25f1cbe9612d735ab0219d8fb520b/actions - {"actions":[{"id":"action30","type":"key","parameters":{},"actions":[{"type":"keyDown","value":"î€‡"},{"type":"pause","duration":10},{"type":"keyUp","value":"î€‡"}]}]}
RESULT: {"actions":[{"id":"action30","type":"key","parameters":{},"actions":[{"type":"keyDown","value":"î€‡"},{"type":"pause","duration":10},{"type":"keyUp","value":"î€‡"}]}]}
COMMAND: POST /session/2eb25f1cbe9612d735ab0219d8fb520b/execute/async - {"script":"<script> [1562 bytes]","args":[{"selector":{"id":"application-managecontracts-display-component---AddNewContract--languageCB","interaction":{"idSuffix":"inner"}},"wdio_ui5_key":"applicationmanagecontracts-display-component---AddNewContract--languageCB"}]}
COMMAND: GET /session/2eb25f1cbe9612d735ab0219d8fb520b/screenshot - {}
RESULT: {"script":"<script> [1562 bytes]","args":[{"selector":{"id":"application-managecontracts-display-component---AddNewContract--languageCB","interaction":{"idSuffix":"inner"}},"wdio_ui5_key":"applicationmanagecontracts-display-component---AddNewContract--languageCB"}]}
RESULT: undefined
COMMAND: POST /session/2eb25f1cbe9612d735ab0219d8fb520b/execute/async - {"script":"<script> [776 bytes]","args":[{"enterText":"EN - English","selector":{"id":"application-managecontracts-display-component---AddNewContract--languageCB","interaction":{"idSuffix":"inner"}},"clearTextFirst":true,"interactionType":"ENTER_TEXT"}]}
RESULT: {}
RESULT: {"script":"<script> [776 bytes]","args":[{"enterText":"EN - English","selector":{"id":"application-managecontracts-display-component---AddNewContract--languageCB","interaction":{"idSuffix":"inner"}},"clearTextFirst":true,"interactionType":"ENTER_TEXT"}]}
COMMAND: POST /session/2eb25f1cbe9612d735ab0219d8fb520b/actions - {"actions":[{"id":"action31","type":"key","parameters":{},"actions":[{"type":"keyDown","value":"î€‡"},{"type":"pause","duration":10},{"type":"keyUp","value":"î€‡"}]}]}
RESULT: {"actions":[{"id":"action31","type":"key","parameters":{},"actions":[{"type":"keyDown","value":"î€‡"},{"type":"pause","duration":10},{"type":"keyUp","value":"î€‡"}]}]}
COMMAND: POST /session/2eb25f1cbe9612d735ab0219d8fb520b/execute/async - {"script":"<script> [1562 bytes]","args":[{"selector":{"id":"application-managecontracts-display-component---AddNewContract--saveBtn","interaction":{"idSuffix":"BDI-content"}},"wdio_ui5_key":"applicationmanagecontracts-display-component---AddNewContract--saveBtn"}]}
COMMAND: GET /session/2eb25f1cbe9612d735ab0219d8fb520b/screenshot - {}
RESULT: {"script":"<script> [1562 bytes]","args":[{"selector":{"id":"application-managecontracts-display-component---AddNewContract--saveBtn","interaction":{"idSuffix":"BDI-content"}},"wdio_ui5_key":"applicationmanagecontracts-display-component---AddNewContract--saveBtn"}]}
RESULT: undefined
COMMAND: POST /session/2eb25f1cbe9612d735ab0219d8fb520b/element - {"using":"xpath","value":"//*[@id=\"application-managecontracts-display-component---AddNewContract--saveBtn\"]"}
RESULT: {}
RESULT: {"using":"xpath","value":"//*[@id=\"application-managecontracts-display-component---AddNewContract--saveBtn\"]"}
COMMAND: POST /session/2eb25f1cbe9612d735ab0219d8fb520b/element/f.1920C544C16071EF810842AAA08EA988.d.5E5F470BE82BDDA3D8D36FBB2CA2640A.e.7842/click - {}
RESULT: {}
COMMAND: GET /session/2eb25f1cbe9612d735ab0219d8fb520b/screenshot - {}
RESULT: {}
COMMAND: POST /session/2eb25f1cbe9612d735ab0219d8fb520b/execute/async - {"script":"<script> [1562 bytes]","args":[{"selector":{"id":"contractDetailTitleNoExpanded","viewName":"etm.portal.ui.managecontracts.view.Detail"},"wdio_ui5_key":"contractDetailTitleNoExpandedetmportal.ui.managecontracts.view.Detail"}]}
RESULT: {"script":"<script> [1562 bytes]","args":[{"selector":{"id":"contractDetailTitleNoExpanded","viewName":"etm.portal.ui.managecontracts.view.Detail"},"wdio_ui5_key":"contractDetailTitleNoExpandedetmportal.ui.managecontracts.view.Detail"}]}
RESULT: undefined
COMMAND: POST /session/2eb25f1cbe9612d735ab0219d8fb520b/execute/async - {"script":"<script> [6424 bytes]","args":[{"element-6066-11e4-a52e-4f735466cecf":"f.1920C544C16071EF810842AAA08EA988.d.5E5F470BE82BDDA3D8D36FBB2CA2640A.e.7926"},"getText",[]]}
RESULT: {"script":"<script> [6424 bytes]","args":[{"element-6066-11e4-a52e-4f735466cecf":"f.1920C544C16071EF810842AAA08EA988.d.5E5F470BE82BDDA3D8D36FBB2CA2640A.e.7926"},"getText",[]]}
]]></system-out>
    </testcase>
    <testcase classname="chrome.135_0_7049_96.windows.Provide_to_Site_w/_warehouse_management_w_clarification" name="Should add resource to the contract" time="64.178">
      <system-out><![CDATA[
COMMAND: POST /session/2eb25f1cbe9612d735ab0219d8fb520b/execute/async - {"script":"<script> [1562 bytes]","args":[{"selector":{"id":"contractDetailEditBtn","viewName":"etm.portal.ui.managecontracts.view.Detail","interaction":{"idSuffix":"BDI-content"}},"wdio_ui5_key":"contractDetailEditBtnetmportal.ui.managecontracts.view.Detail"}]}
RESULT: {"script":"<script> [1562 bytes]","args":[{"selector":{"id":"contractDetailEditBtn","viewName":"etm.portal.ui.managecontracts.view.Detail","interaction":{"idSuffix":"BDI-content"}},"wdio_ui5_key":"contractDetailEditBtnetmportal.ui.managecontracts.view.Detail"}]}
RESULT: undefined
COMMAND: POST /session/2eb25f1cbe9612d735ab0219d8fb520b/element - {"using":"xpath","value":"//*[@id=\"__xmlview63--contractDetailEditBtn\"]"}
RESULT: {"using":"xpath","value":"//*[@id=\"__xmlview63--contractDetailEditBtn\"]"}
COMMAND: POST /session/2eb25f1cbe9612d735ab0219d8fb520b/element/f.1920C544C16071EF810842AAA08EA988.d.5E5F470BE82BDDA3D8D36FBB2CA2640A.e.7928/click - {}
RESULT: {}
COMMAND: GET /session/2eb25f1cbe9612d735ab0219d8fb520b/screenshot - {}
RESULT: {}
COMMAND: POST /session/2eb25f1cbe9612d735ab0219d8fb520b/execute/async - {"script":"<script> [1562 bytes]","args":[{"selector":{"id":"additionalAddressesTabFilter","viewName":"etm.portal.ui.managecontracts.view.EditContract","interaction":{"idSuffix":"text"}},"wdio_ui5_key":"additionalAddressesTabFilteretmportal.ui.managecontracts.view.EditContract"}]}
RESULT: {"script":"<script> [1562 bytes]","args":[{"selector":{"id":"additionalAddressesTabFilter","viewName":"etm.portal.ui.managecontracts.view.EditContract","interaction":{"idSuffix":"text"}},"wdio_ui5_key":"additionalAddressesTabFilteretmportal.ui.managecontracts.view.EditContract"}]}
RESULT: undefined
COMMAND: POST /session/2eb25f1cbe9612d735ab0219d8fb520b/element - {"using":"xpath","value":"//*[@id=\"__xmlview64--additionalAddressesTabFilter\"]"}
RESULT: {"using":"xpath","value":"//*[@id=\"__xmlview64--additionalAddressesTabFilter\"]"}
COMMAND: POST /session/2eb25f1cbe9612d735ab0219d8fb520b/element/f.1920C544C16071EF810842AAA08EA988.d.5E5F470BE82BDDA3D8D36FBB2CA2640A.e.7988/click - {}
RESULT: {}
RESULT: undefined
COMMAND: POST /session/2eb25f1cbe9612d735ab0219d8fb520b/element - {"using":"xpath","value":"//*[@id=\"__xmlview64--additionalAddressesTabFilter\"]"}
COMMAND: GET /session/2eb25f1cbe9612d735ab0219d8fb520b/screenshot - {}
RESULT: {"using":"xpath","value":"//*[@id=\"__xmlview64--additionalAddressesTabFilter\"]"}
COMMAND: POST /session/2eb25f1cbe9612d735ab0219d8fb520b/element/f.1920C544C16071EF810842AAA08EA988.d.5E5F470BE82BDDA3D8D36FBB2CA2640A.e.7988/click - {}
RESULT: {}
RESULT: {}
COMMAND: POST /session/2eb25f1cbe9612d735ab0219d8fb520b/execute/async - {"script":"<script> [1562 bytes]","args":[{"selector":{"controlType":"sap.ui.core.Icon","viewName":"etm.portal.ui.managecontracts.view.EditContract","properties":{"src":{"regex":{"source":"add"}}}},"wdio_ui5_key":"etmportal.ui.managecontracts.view.EditContractsap.ui.core.Icon{\"src\":{\"regex\":{\"source\":\"add\"}}}"}]}
COMMAND: GET /session/2eb25f1cbe9612d735ab0219d8fb520b/screenshot - {}
RESULT: {"script":"<script> [1562 bytes]","args":[{"selector":{"controlType":"sap.ui.core.Icon","viewName":"etm.portal.ui.managecontracts.view.EditContract","properties":{"src":{"regex":{"source":"add"}}}},"wdio_ui5_key":"etmportal.ui.managecontracts.view.EditContractsap.ui.core.Icon{\"src\":{\"regex\":{\"source\":\"add\"}}}"}]}
RESULT: undefined
COMMAND: POST /session/2eb25f1cbe9612d735ab0219d8fb520b/element - {"using":"xpath","value":"//*[@id=\"__xmlview64--btnAddTableRow-img\"]"}
RESULT: {}
RESULT: {"using":"xpath","value":"//*[@id=\"__xmlview64--btnAddTableRow-img\"]"}
COMMAND: POST /session/2eb25f1cbe9612d735ab0219d8fb520b/element/f.1920C544C16071EF810842AAA08EA988.d.5E5F470BE82BDDA3D8D36FBB2CA2640A.e.7991/click - {}
RESULT: {}
COMMAND: POST /session/2eb25f1cbe9612d735ab0219d8fb520b/element - {"using":"xpath","value":"//div[(text() = 'Standard Entry' or . = 'Standard Entry')]"}
COMMAND: GET /session/2eb25f1cbe9612d735ab0219d8fb520b/screenshot - {}
RESULT: {"using":"xpath","value":"//div[(text() = 'Standard Entry' or . = 'Standard Entry')]"}
COMMAND: POST /session/2eb25f1cbe9612d735ab0219d8fb520b/element/f.1920C544C16071EF810842AAA08EA988.d.5E5F470BE82BDDA3D8D36FBB2CA2640A.e.7993/click - {}
RESULT: {}
RESULT: {}
COMMAND: POST /session/2eb25f1cbe9612d735ab0219d8fb520b/execute/async - {"script":"<script> [1562 bytes]","args":[{"selector":{"controlType":"sap.ui.core.Icon","viewName":"etm.portal.ui.managecontracts.view.EditContract","properties":{"src":{"regex":{"source":"inspect"}}}},"wdio_ui5_key":"etmportal.ui.managecontracts.view.EditContractsap.ui.core.Icon{\"src\":{\"regex\":{\"source\":\"inspect\"}}}"}]}
COMMAND: GET /session/2eb25f1cbe9612d735ab0219d8fb520b/screenshot - {}
RESULT: {"script":"<script> [1562 bytes]","args":[{"selector":{"controlType":"sap.ui.core.Icon","viewName":"etm.portal.ui.managecontracts.view.EditContract","properties":{"src":{"regex":{"source":"inspect"}}}},"wdio_ui5_key":"etmportal.ui.managecontracts.view.EditContractsap.ui.core.Icon{\"src\":{\"regex\":{\"source\":\"inspect\"}}}"}]}
RESULT: undefined
COMMAND: POST /session/2eb25f1cbe9612d735ab0219d8fb520b/element - {"using":"xpath","value":"//*[@id=\"__button329-img\"]"}
RESULT: {}
RESULT: {"using":"xpath","value":"//*[@id=\"__button329-img\"]"}
COMMAND: POST /session/2eb25f1cbe9612d735ab0219d8fb520b/element/f.1920C544C16071EF810842AAA08EA988.d.5E5F470BE82BDDA3D8D36FBB2CA2640A.e.8005/click - {}
RESULT: {}
COMMAND: GET /session/2eb25f1cbe9612d735ab0219d8fb520b/screenshot - {}
RESULT: {}
COMMAND: POST /session/2eb25f1cbe9612d735ab0219d8fb520b/element - {"using":"xpath","value":"//td[6]/div/div/input[1]"}
RESULT: {"using":"xpath","value":"//td[6]/div/div/input[1]"}
COMMAND: POST /session/2eb25f1cbe9612d735ab0219d8fb520b/element/f.1920C544C16071EF810842AAA08EA988.d.5E5F470BE82BDDA3D8D36FBB2CA2640A.e.7995/clear - {}
RESULT: {}
COMMAND: GET /session/2eb25f1cbe9612d735ab0219d8fb520b/screenshot - {}
RESULT: {}
COMMAND: POST /session/2eb25f1cbe9612d735ab0219d8fb520b/element - {"using":"xpath","value":"//td[6]/div/div/input[1]"}
RESULT: {"using":"xpath","value":"//td[6]/div/div/input[1]"}
COMMAND: POST /session/2eb25f1cbe9612d735ab0219d8fb520b/element/f.1920C544C16071EF810842AAA08EA988.d.5E5F470BE82BDDA3D8D36FBB2CA2640A.e.8021/click - {}
RESULT: {}
COMMAND: POST /session/2eb25f1cbe9612d735ab0219d8fb520b/actions - {"actions":[{"id":"action32","type":"key","parameters":{},"actions":[{"type":"keyDown","value":"î€ƒ"},{"type":"pause","duration":10},{"type":"keyUp","value":"î€ƒ"}]}]}
COMMAND: GET /session/2eb25f1cbe9612d735ab0219d8fb520b/screenshot - {}
RESULT: {"actions":[{"id":"action32","type":"key","parameters":{},"actions":[{"type":"keyDown","value":"î€ƒ"},{"type":"pause","duration":10},{"type":"keyUp","value":"î€ƒ"}]}]}
COMMAND: POST /session/2eb25f1cbe9612d735ab0219d8fb520b/element - {"using":"xpath","value":"//td[6]/div/div/input[1]"}
COMMAND: GET /session/2eb25f1cbe9612d735ab0219d8fb520b/screenshot - {}
RESULT: {}
RESULT: {"using":"xpath","value":"//td[6]/div/div/input[1]"}
COMMAND: POST /session/2eb25f1cbe9612d735ab0219d8fb520b/element/f.1920C544C16071EF810842AAA08EA988.d.5E5F470BE82BDDA3D8D36FBB2CA2640A.e.8021/clear - {}
RESULT: {}
RESULT: {}
COMMAND: POST /session/2eb25f1cbe9612d735ab0219d8fb520b/element/f.1920C544C16071EF810842AAA08EA988.d.5E5F470BE82BDDA3D8D36FBB2CA2640A.e.8021/value - {"text":"Material"}
COMMAND: GET /session/2eb25f1cbe9612d735ab0219d8fb520b/screenshot - {}
RESULT: {"text":"Material"}
COMMAND: GET /session/2eb25f1cbe9612d735ab0219d8fb520b/screenshot - {}
RESULT: {}
RESULT: {}
COMMAND: POST /session/2eb25f1cbe9612d735ab0219d8fb520b/actions - {"actions":[{"id":"action33","type":"key","parameters":{},"actions":[{"type":"keyDown","value":"î€‡"},{"type":"pause","duration":10},{"type":"keyUp","value":"î€‡"}]}]}
RESULT: {"actions":[{"id":"action33","type":"key","parameters":{},"actions":[{"type":"keyDown","value":"î€‡"},{"type":"pause","duration":10},{"type":"keyUp","value":"î€‡"}]}]}
COMMAND: POST /session/2eb25f1cbe9612d735ab0219d8fb520b/element - {"using":"xpath","value":"//td[7]/div/div/input[1]"}
COMMAND: GET /session/2eb25f1cbe9612d735ab0219d8fb520b/screenshot - {}
RESULT: {"using":"xpath","value":"//td[7]/div/div/input[1]"}
COMMAND: POST /session/2eb25f1cbe9612d735ab0219d8fb520b/element/f.1920C544C16071EF810842AAA08EA988.d.5E5F470BE82BDDA3D8D36FBB2CA2640A.e.8043/clear - {}
RESULT: {}
RESULT: {}
COMMAND: POST /session/2eb25f1cbe9612d735ab0219d8fb520b/element/f.1920C544C16071EF810842AAA08EA988.d.5E5F470BE82BDDA3D8D36FBB2CA2640A.e.8043/value - {"text":"200077"}
COMMAND: GET /session/2eb25f1cbe9612d735ab0219d8fb520b/screenshot - {}
RESULT: {"text":"200077"}
COMMAND: GET /session/2eb25f1cbe9612d735ab0219d8fb520b/screenshot - {}
RESULT: {}
RESULT: {}
COMMAND: POST /session/2eb25f1cbe9612d735ab0219d8fb520b/actions - {"actions":[{"id":"action34","type":"key","parameters":{},"actions":[{"type":"keyDown","value":"î€‡"},{"type":"pause","duration":10},{"type":"keyUp","value":"î€‡"}]}]}
RESULT: {"actions":[{"id":"action34","type":"key","parameters":{},"actions":[{"type":"keyDown","value":"î€‡"},{"type":"pause","duration":10},{"type":"keyUp","value":"î€‡"}]}]}
COMMAND: POST /session/2eb25f1cbe9612d735ab0219d8fb520b/execute/async - {"script":"<script> [1562 bytes]","args":[{"selector":{"controlType":"sap.m.Button","properties":{"text":"OK"},"searchOpenDialogs":true,"interaction":{"idSuffix":"BDI-content"}},"wdio_ui5_key":"sapm.Button{\"text\":\"OK\"}"}]}
COMMAND: GET /session/2eb25f1cbe9612d735ab0219d8fb520b/screenshot - {}
RESULT: {"script":"<script> [1562 bytes]","args":[{"selector":{"controlType":"sap.m.Button","properties":{"text":"OK"},"searchOpenDialogs":true,"interaction":{"idSuffix":"BDI-content"}},"wdio_ui5_key":"sapm.Button{\"text\":\"OK\"}"}]}
RESULT: undefined
COMMAND: POST /session/2eb25f1cbe9612d735ab0219d8fb520b/element - {"using":"xpath","value":"//*[@id=\"__mbox-btn-1\"]"}
RESULT: {}
RESULT: {"using":"xpath","value":"//*[@id=\"__mbox-btn-1\"]"}
COMMAND: POST /session/2eb25f1cbe9612d735ab0219d8fb520b/element/f.1920C544C16071EF810842AAA08EA988.d.5E5F470BE82BDDA3D8D36FBB2CA2640A.e.8065/click - {}
RESULT: {}
COMMAND: POST /session/2eb25f1cbe9612d735ab0219d8fb520b/execute/async - {"script":"<script> [1562 bytes]","args":[{"selector":{"id":"saveBtn","viewName":"etm.portal.ui.managecontracts.view.EditContract","interaction":{"idSuffix":"BDI-content"}},"wdio_ui5_key":"saveBtnetmportal.ui.managecontracts.view.EditContract"}]}
COMMAND: GET /session/2eb25f1cbe9612d735ab0219d8fb520b/screenshot - {}
RESULT: {"script":"<script> [1562 bytes]","args":[{"selector":{"id":"saveBtn","viewName":"etm.portal.ui.managecontracts.view.EditContract","interaction":{"idSuffix":"BDI-content"}},"wdio_ui5_key":"saveBtnetmportal.ui.managecontracts.view.EditContract"}]}
RESULT: undefined
COMMAND: POST /session/2eb25f1cbe9612d735ab0219d8fb520b/element - {"using":"xpath","value":"//*[@id=\"__xmlview64--saveBtn\"]"}
RESULT: {}
RESULT: {"using":"xpath","value":"//*[@id=\"__xmlview64--saveBtn\"]"}
COMMAND: POST /session/2eb25f1cbe9612d735ab0219d8fb520b/element/f.1920C544C16071EF810842AAA08EA988.d.5E5F470BE82BDDA3D8D36FBB2CA2640A.e.8091/click - {}
RESULT: {}
COMMAND: GET /session/2eb25f1cbe9612d735ab0219d8fb520b/screenshot - {}
RESULT: {}
COMMAND: POST /session/2eb25f1cbe9612d735ab0219d8fb520b/execute/async - {"script":"<script> [1562 bytes]","args":[{"selector":{"id":"additionalAddressesTabFilter","viewName":"etm.portal.ui.managecontracts.view.Detail","interaction":{"idSuffix":"text"}},"wdio_ui5_key":"additionalAddressesTabFilteretmportal.ui.managecontracts.view.Detail"}]}
RESULT: {"script":"<script> [1562 bytes]","args":[{"selector":{"id":"additionalAddressesTabFilter","viewName":"etm.portal.ui.managecontracts.view.Detail","interaction":{"idSuffix":"text"}},"wdio_ui5_key":"additionalAddressesTabFilteretmportal.ui.managecontracts.view.Detail"}]}
RESULT: undefined
COMMAND: POST /session/2eb25f1cbe9612d735ab0219d8fb520b/element - {"using":"xpath","value":"//*[@id=\"__xmlview63--additionalAddressesTabFilter\"]"}
RESULT: {"using":"xpath","value":"//*[@id=\"__xmlview63--additionalAddressesTabFilter\"]"}
COMMAND: POST /session/2eb25f1cbe9612d735ab0219d8fb520b/element/f.1920C544C16071EF810842AAA08EA988.d.5E5F470BE82BDDA3D8D36FBB2CA2640A.e.8095/click - {}
RESULT: {}
COMMAND: POST /session/2eb25f1cbe9612d735ab0219d8fb520b/execute/async - {"script":"<script> [1562 bytes]","args":[{"selector":{"id":"contractDetailProvideButton","viewName":"etm.portal.ui.managecontracts.view.Detail","interaction":{"idSuffix":"BDI-content"}},"wdio_ui5_key":"contractDetailProvideButtonetmportal.ui.managecontracts.view.Detail"}]}
COMMAND: GET /session/2eb25f1cbe9612d735ab0219d8fb520b/screenshot - {}
RESULT: {"script":"<script> [1562 bytes]","args":[{"selector":{"id":"contractDetailProvideButton","viewName":"etm.portal.ui.managecontracts.view.Detail","interaction":{"idSuffix":"BDI-content"}},"wdio_ui5_key":"contractDetailProvideButtonetmportal.ui.managecontracts.view.Detail"}]}
RESULT: undefined
COMMAND: POST /session/2eb25f1cbe9612d735ab0219d8fb520b/element - {"using":"xpath","value":"//*[@id=\"__xmlview63--contractDetailProvideButton\"]"}
RESULT: {}
RESULT: {"using":"xpath","value":"//*[@id=\"__xmlview63--contractDetailProvideButton\"]"}
COMMAND: POST /session/2eb25f1cbe9612d735ab0219d8fb520b/element/f.1920C544C16071EF810842AAA08EA988.d.5E5F470BE82BDDA3D8D36FBB2CA2640A.e.8100/click - {}
RESULT: {}
COMMAND: GET /session/2eb25f1cbe9612d735ab0219d8fb520b/screenshot - {}
RESULT: {}
]]></system-out>
    </testcase>
    <testcase classname="chrome.135_0_7049_96.windows.Provide_to_Site_w/_warehouse_management_w_clarification" name="Should Create HandOvers provide to site" time="67.769">
      <system-out><![CDATA[
COMMAND: POST /session/2eb25f1cbe9612d735ab0219d8fb520b/element - {"using":"css selector","value":"#application-managehandovers-display-component---AddNewHO--dueDate-inner"}
RESULT: {"using":"css selector","value":"#application-managehandovers-display-component---AddNewHO--dueDate-inner"}
COMMAND: POST /session/2eb25f1cbe9612d735ab0219d8fb520b/element/f.1920C544C16071EF810842AAA08EA988.d.5E5F470BE82BDDA3D8D36FBB2CA2640A.e.8176/clear - {}
RESULT: {}
COMMAND: POST /session/2eb25f1cbe9612d735ab0219d8fb520b/element/f.1920C544C16071EF810842AAA08EA988.d.5E5F470BE82BDDA3D8D36FBB2CA2640A.e.8176/value - {"text":"4/25/25"}
COMMAND: GET /session/2eb25f1cbe9612d735ab0219d8fb520b/screenshot - {}
RESULT: {"text":"4/25/25"}
COMMAND: POST /session/2eb25f1cbe9612d735ab0219d8fb520b/element - {"using":"xpath","value":"//bdi[(text() = 'Items' or . = 'Items')]"}
COMMAND: GET /session/2eb25f1cbe9612d735ab0219d8fb520b/screenshot - {}
RESULT: {}
RESULT: {"using":"xpath","value":"//bdi[(text() = 'Items' or . = 'Items')]"}
COMMAND: POST /session/2eb25f1cbe9612d735ab0219d8fb520b/element/f.1920C544C16071EF810842AAA08EA988.d.5E5F470BE82BDDA3D8D36FBB2CA2640A.e.8259/click - {}
RESULT: {}
RESULT: {}
COMMAND: POST /session/2eb25f1cbe9612d735ab0219d8fb520b/execute/async - {"script":"<script> [1562 bytes]","args":[{"selector":{"controlType":"sap.m.Button","viewName":"etm.portal.ui.managehandovers.view.AddNewHO","viewId":"application-managehandovers-display-component---AddNewHO","i18NText":{"propertyName":"tooltip","key":"addItems"}},"wdio_ui5_key":"etmportal.ui.managehandovers.view.AddNewHOsap.m.Button{\"propertyName\":\"tooltip\",\"key\":\"addItems\"}"}]}
COMMAND: GET /session/2eb25f1cbe9612d735ab0219d8fb520b/screenshot - {}
RESULT: {"script":"<script> [1562 bytes]","args":[{"selector":{"controlType":"sap.m.Button","viewName":"etm.portal.ui.managehandovers.view.AddNewHO","viewId":"application-managehandovers-display-component---AddNewHO","i18NText":{"propertyName":"tooltip","key":"addItems"}},"wdio_ui5_key":"etmportal.ui.managehandovers.view.AddNewHOsap.m.Button{\"propertyName\":\"tooltip\",\"key\":\"addItems\"}"}]}
RESULT: undefined
COMMAND: POST /session/2eb25f1cbe9612d735ab0219d8fb520b/element - {"using":"xpath","value":"//*[@id=\"__button354\"]"}
RESULT: {}
RESULT: {"using":"xpath","value":"//*[@id=\"__button354\"]"}
COMMAND: POST /session/2eb25f1cbe9612d735ab0219d8fb520b/element/f.1920C544C16071EF810842AAA08EA988.d.5E5F470BE82BDDA3D8D36FBB2CA2640A.e.8265/click - {}
RESULT: {}
COMMAND: GET /session/2eb25f1cbe9612d735ab0219d8fb520b/screenshot - {}
RESULT: {}
COMMAND: POST /session/2eb25f1cbe9612d735ab0219d8fb520b/element - {"using":"css selector","value":"div[id= \"application-managehandovers-display-component---AddNewHO--popup-sa-CbBg\"]"}
RESULT: {"using":"css selector","value":"div[id= \"application-managehandovers-display-component---AddNewHO--popup-sa-CbBg\"]"}
COMMAND: POST /session/2eb25f1cbe9612d735ab0219d8fb520b/element/f.1920C544C16071EF810842AAA08EA988.d.5E5F470BE82BDDA3D8D36FBB2CA2640A.e.8275/click - {}
RESULT: {}
COMMAND: GET /session/2eb25f1cbe9612d735ab0219d8fb520b/screenshot - {}
RESULT: {}
COMMAND: POST /session/2eb25f1cbe9612d735ab0219d8fb520b/element - {"using":"xpath","value":"//bdi[(text() = 'Select' or . = 'Select')]"}
RESULT: {"using":"xpath","value":"//bdi[(text() = 'Select' or . = 'Select')]"}
COMMAND: POST /session/2eb25f1cbe9612d735ab0219d8fb520b/element/f.1920C544C16071EF810842AAA08EA988.d.5E5F470BE82BDDA3D8D36FBB2CA2640A.e.8277/click - {}
RESULT: {}
COMMAND: GET /session/2eb25f1cbe9612d735ab0219d8fb520b/screenshot - {}
RESULT: {}
COMMAND: POST /session/2eb25f1cbe9612d735ab0219d8fb520b/element - {"using":"xpath","value":"//bdi[(text() = 'Save' or . = 'Save')]"}
RESULT: {"using":"xpath","value":"//bdi[(text() = 'Save' or . = 'Save')]"}
COMMAND: POST /session/2eb25f1cbe9612d735ab0219d8fb520b/element/f.1920C544C16071EF810842AAA08EA988.d.5E5F470BE82BDDA3D8D36FBB2CA2640A.e.8285/click - {}
RESULT: {}
COMMAND: GET /session/2eb25f1cbe9612d735ab0219d8fb520b/screenshot - {}
RESULT: {}
COMMAND: POST /session/2eb25f1cbe9612d735ab0219d8fb520b/elements - {"using":"xpath","value":"//*[text()='Close']"}
RESULT: {"using":"xpath","value":"//*[text()='Close']"}
COMMAND: GET /session/2eb25f1cbe9612d735ab0219d8fb520b/element/f.1920C544C16071EF810842AAA08EA988.d.5E5F470BE82BDDA3D8D36FBB2CA2640A.e.8325/enabled - {}
RESULT: {}
COMMAND: POST /session/2eb25f1cbe9612d735ab0219d8fb520b/execute/sync - {"script":"<script> [8489 bytes]","args":[{"element-6066-11e4-a52e-4f735466cecf":"f.1920C544C16071EF810842AAA08EA988.d.5E5F470BE82BDDA3D8D36FBB2CA2640A.e.8325","ELEMENT":"f.1920C544C16071EF810842AAA08EA988.d.5E5F470BE82BDDA3D8D36FBB2CA2640A.e.8325"}]}
COMMAND: GET /session/2eb25f1cbe9612d735ab0219d8fb520b/screenshot - {}
RESULT: {"script":"<script> [8489 bytes]","args":[{"element-6066-11e4-a52e-4f735466cecf":"f.1920C544C16071EF810842AAA08EA988.d.5E5F470BE82BDDA3D8D36FBB2CA2640A.e.8325","ELEMENT":"f.1920C544C16071EF810842AAA08EA988.d.5E5F470BE82BDDA3D8D36FBB2CA2640A.e.8325"}]}
COMMAND: GET /session/2eb25f1cbe9612d735ab0219d8fb520b/screenshot - {}
RESULT: {}
COMMAND: POST /session/2eb25f1cbe9612d735ab0219d8fb520b/execute/sync - {"script":"<script> [8489 bytes]","args":[{"element-6066-11e4-a52e-4f735466cecf":"f.1920C544C16071EF810842AAA08EA988.d.5E5F470BE82BDDA3D8D36FBB2CA2640A.e.8325","ELEMENT":"f.1920C544C16071EF810842AAA08EA988.d.5E5F470BE82BDDA3D8D36FBB2CA2640A.e.8325"}]}
RESULT: {}
RESULT: {"script":"<script> [8489 bytes]","args":[{"element-6066-11e4-a52e-4f735466cecf":"f.1920C544C16071EF810842AAA08EA988.d.5E5F470BE82BDDA3D8D36FBB2CA2640A.e.8325","ELEMENT":"f.1920C544C16071EF810842AAA08EA988.d.5E5F470BE82BDDA3D8D36FBB2CA2640A.e.8325"}]}
COMMAND: GET /session/2eb25f1cbe9612d735ab0219d8fb520b/screenshot - {}
RESULT: {}
COMMAND: POST /session/2eb25f1cbe9612d735ab0219d8fb520b/execute/sync - {"script":"<script> [8489 bytes]","args":[{"element-6066-11e4-a52e-4f735466cecf":"f.1920C544C16071EF810842AAA08EA988.d.5E5F470BE82BDDA3D8D36FBB2CA2640A.e.8325","ELEMENT":"f.1920C544C16071EF810842AAA08EA988.d.5E5F470BE82BDDA3D8D36FBB2CA2640A.e.8325"}]}
RESULT: {"script":"<script> [8489 bytes]","args":[{"element-6066-11e4-a52e-4f735466cecf":"f.1920C544C16071EF810842AAA08EA988.d.5E5F470BE82BDDA3D8D36FBB2CA2640A.e.8325","ELEMENT":"f.1920C544C16071EF810842AAA08EA988.d.5E5F470BE82BDDA3D8D36FBB2CA2640A.e.8325"}]}
COMMAND: POST /session/2eb25f1cbe9612d735ab0219d8fb520b/execute/sync - {"script":"<script> [8489 bytes]","args":[{"element-6066-11e4-a52e-4f735466cecf":"f.1920C544C16071EF810842AAA08EA988.d.5E5F470BE82BDDA3D8D36FBB2CA2640A.e.8325","ELEMENT":"f.1920C544C16071EF810842AAA08EA988.d.5E5F470BE82BDDA3D8D36FBB2CA2640A.e.8325"}]}
COMMAND: GET /session/2eb25f1cbe9612d735ab0219d8fb520b/screenshot - {}
RESULT: {"script":"<script> [8489 bytes]","args":[{"element-6066-11e4-a52e-4f735466cecf":"f.1920C544C16071EF810842AAA08EA988.d.5E5F470BE82BDDA3D8D36FBB2CA2640A.e.8325","ELEMENT":"f.1920C544C16071EF810842AAA08EA988.d.5E5F470BE82BDDA3D8D36FBB2CA2640A.e.8325"}]}
COMMAND: POST /session/2eb25f1cbe9612d735ab0219d8fb520b/execute/sync - {"script":"<script> [8489 bytes]","args":[{"element-6066-11e4-a52e-4f735466cecf":"f.1920C544C16071EF810842AAA08EA988.d.5E5F470BE82BDDA3D8D36FBB2CA2640A.e.8325","ELEMENT":"f.1920C544C16071EF810842AAA08EA988.d.5E5F470BE82BDDA3D8D36FBB2CA2640A.e.8325"}]}
COMMAND: GET /session/2eb25f1cbe9612d735ab0219d8fb520b/screenshot - {}
RESULT: {}
RESULT: {"script":"<script> [8489 bytes]","args":[{"element-6066-11e4-a52e-4f735466cecf":"f.1920C544C16071EF810842AAA08EA988.d.5E5F470BE82BDDA3D8D36FBB2CA2640A.e.8325","ELEMENT":"f.1920C544C16071EF810842AAA08EA988.d.5E5F470BE82BDDA3D8D36FBB2CA2640A.e.8325"}]}
COMMAND: POST /session/2eb25f1cbe9612d735ab0219d8fb520b/execute/sync - {"script":"<script> [8489 bytes]","args":[{"element-6066-11e4-a52e-4f735466cecf":"f.1920C544C16071EF810842AAA08EA988.d.5E5F470BE82BDDA3D8D36FBB2CA2640A.e.8325","ELEMENT":"f.1920C544C16071EF810842AAA08EA988.d.5E5F470BE82BDDA3D8D36FBB2CA2640A.e.8325"}]}
COMMAND: GET /session/2eb25f1cbe9612d735ab0219d8fb520b/screenshot - {}
RESULT: {}
RESULT: {"script":"<script> [8489 bytes]","args":[{"element-6066-11e4-a52e-4f735466cecf":"f.1920C544C16071EF810842AAA08EA988.d.5E5F470BE82BDDA3D8D36FBB2CA2640A.e.8325","ELEMENT":"f.1920C544C16071EF810842AAA08EA988.d.5E5F470BE82BDDA3D8D36FBB2CA2640A.e.8325"}]}
COMMAND: GET /session/2eb25f1cbe9612d735ab0219d8fb520b/screenshot - {}
COMMAND: POST /session/2eb25f1cbe9612d735ab0219d8fb520b/execute/sync - {"script":"<script> [8489 bytes]","args":[{"element-6066-11e4-a52e-4f735466cecf":"f.1920C544C16071EF810842AAA08EA988.d.5E5F470BE82BDDA3D8D36FBB2CA2640A.e.8325","ELEMENT":"f.1920C544C16071EF810842AAA08EA988.d.5E5F470BE82BDDA3D8D36FBB2CA2640A.e.8325"}]}
RESULT: {}
RESULT: {}
RESULT: {"script":"<script> [8489 bytes]","args":[{"element-6066-11e4-a52e-4f735466cecf":"f.1920C544C16071EF810842AAA08EA988.d.5E5F470BE82BDDA3D8D36FBB2CA2640A.e.8325","ELEMENT":"f.1920C544C16071EF810842AAA08EA988.d.5E5F470BE82BDDA3D8D36FBB2CA2640A.e.8325"}]}
COMMAND: GET /session/2eb25f1cbe9612d735ab0219d8fb520b/screenshot - {}
COMMAND: POST /session/2eb25f1cbe9612d735ab0219d8fb520b/execute/sync - {"script":"<script> [8489 bytes]","args":[{"element-6066-11e4-a52e-4f735466cecf":"f.1920C544C16071EF810842AAA08EA988.d.5E5F470BE82BDDA3D8D36FBB2CA2640A.e.8325","ELEMENT":"f.1920C544C16071EF810842AAA08EA988.d.5E5F470BE82BDDA3D8D36FBB2CA2640A.e.8325"}]}
RESULT: {}
RESULT: {"script":"<script> [8489 bytes]","args":[{"element-6066-11e4-a52e-4f735466cecf":"f.1920C544C16071EF810842AAA08EA988.d.5E5F470BE82BDDA3D8D36FBB2CA2640A.e.8325","ELEMENT":"f.1920C544C16071EF810842AAA08EA988.d.5E5F470BE82BDDA3D8D36FBB2CA2640A.e.8325"}]}
COMMAND: GET /session/2eb25f1cbe9612d735ab0219d8fb520b/screenshot - {}
COMMAND: POST /session/2eb25f1cbe9612d735ab0219d8fb520b/execute/sync - {"script":"<script> [8489 bytes]","args":[{"element-6066-11e4-a52e-4f735466cecf":"f.1920C544C16071EF810842AAA08EA988.d.5E5F470BE82BDDA3D8D36FBB2CA2640A.e.8325","ELEMENT":"f.1920C544C16071EF810842AAA08EA988.d.5E5F470BE82BDDA3D8D36FBB2CA2640A.e.8325"}]}
RESULT: {}
RESULT: {"script":"<script> [8489 bytes]","args":[{"element-6066-11e4-a52e-4f735466cecf":"f.1920C544C16071EF810842AAA08EA988.d.5E5F470BE82BDDA3D8D36FBB2CA2640A.e.8325","ELEMENT":"f.1920C544C16071EF810842AAA08EA988.d.5E5F470BE82BDDA3D8D36FBB2CA2640A.e.8325"}]}
COMMAND: GET /session/2eb25f1cbe9612d735ab0219d8fb520b/screenshot - {}
COMMAND: POST /session/2eb25f1cbe9612d735ab0219d8fb520b/execute/sync - {"script":"<script> [8489 bytes]","args":[{"element-6066-11e4-a52e-4f735466cecf":"f.1920C544C16071EF810842AAA08EA988.d.5E5F470BE82BDDA3D8D36FBB2CA2640A.e.8325","ELEMENT":"f.1920C544C16071EF810842AAA08EA988.d.5E5F470BE82BDDA3D8D36FBB2CA2640A.e.8325"}]}
RESULT: {"script":"<script> [8489 bytes]","args":[{"element-6066-11e4-a52e-4f735466cecf":"f.1920C544C16071EF810842AAA08EA988.d.5E5F470BE82BDDA3D8D36FBB2CA2640A.e.8325","ELEMENT":"f.1920C544C16071EF810842AAA08EA988.d.5E5F470BE82BDDA3D8D36FBB2CA2640A.e.8325"}]}
COMMAND: GET /session/2eb25f1cbe9612d735ab0219d8fb520b/screenshot - {}
COMMAND: POST /session/2eb25f1cbe9612d735ab0219d8fb520b/execute/sync - {"script":"<script> [8489 bytes]","args":[{"element-6066-11e4-a52e-4f735466cecf":"f.1920C544C16071EF810842AAA08EA988.d.5E5F470BE82BDDA3D8D36FBB2CA2640A.e.8325","ELEMENT":"f.1920C544C16071EF810842AAA08EA988.d.5E5F470BE82BDDA3D8D36FBB2CA2640A.e.8325"}]}
RESULT: {}
RESULT: {}
RESULT: {"script":"<script> [8489 bytes]","args":[{"element-6066-11e4-a52e-4f735466cecf":"f.1920C544C16071EF810842AAA08EA988.d.5E5F470BE82BDDA3D8D36FBB2CA2640A.e.8325","ELEMENT":"f.1920C544C16071EF810842AAA08EA988.d.5E5F470BE82BDDA3D8D36FBB2CA2640A.e.8325"}]}
COMMAND: GET /session/2eb25f1cbe9612d735ab0219d8fb520b/screenshot - {}
COMMAND: POST /session/2eb25f1cbe9612d735ab0219d8fb520b/execute/sync - {"script":"<script> [8489 bytes]","args":[{"element-6066-11e4-a52e-4f735466cecf":"f.1920C544C16071EF810842AAA08EA988.d.5E5F470BE82BDDA3D8D36FBB2CA2640A.e.8325","ELEMENT":"f.1920C544C16071EF810842AAA08EA988.d.5E5F470BE82BDDA3D8D36FBB2CA2640A.e.8325"}]}
RESULT: {}
RESULT: {"script":"<script> [8489 bytes]","args":[{"element-6066-11e4-a52e-4f735466cecf":"f.1920C544C16071EF810842AAA08EA988.d.5E5F470BE82BDDA3D8D36FBB2CA2640A.e.8325","ELEMENT":"f.1920C544C16071EF810842AAA08EA988.d.5E5F470BE82BDDA3D8D36FBB2CA2640A.e.8325"}]}
COMMAND: GET /session/2eb25f1cbe9612d735ab0219d8fb520b/screenshot - {}
RESULT: {}
COMMAND: POST /session/2eb25f1cbe9612d735ab0219d8fb520b/execute/sync - {"script":"<script> [8489 bytes]","args":[{"element-6066-11e4-a52e-4f735466cecf":"f.1920C544C16071EF810842AAA08EA988.d.5E5F470BE82BDDA3D8D36FBB2CA2640A.e.8325","ELEMENT":"f.1920C544C16071EF810842AAA08EA988.d.5E5F470BE82BDDA3D8D36FBB2CA2640A.e.8325"}]}
RESULT: {"script":"<script> [8489 bytes]","args":[{"element-6066-11e4-a52e-4f735466cecf":"f.1920C544C16071EF810842AAA08EA988.d.5E5F470BE82BDDA3D8D36FBB2CA2640A.e.8325","ELEMENT":"f.1920C544C16071EF810842AAA08EA988.d.5E5F470BE82BDDA3D8D36FBB2CA2640A.e.8325"}]}
COMMAND: GET /session/2eb25f1cbe9612d735ab0219d8fb520b/screenshot - {}
COMMAND: POST /session/2eb25f1cbe9612d735ab0219d8fb520b/execute/sync - {"script":"<script> [8489 bytes]","args":[{"element-6066-11e4-a52e-4f735466cecf":"f.1920C544C16071EF810842AAA08EA988.d.5E5F470BE82BDDA3D8D36FBB2CA2640A.e.8325","ELEMENT":"f.1920C544C16071EF810842AAA08EA988.d.5E5F470BE82BDDA3D8D36FBB2CA2640A.e.8325"}]}
RESULT: {}
RESULT: {"script":"<script> [8489 bytes]","args":[{"element-6066-11e4-a52e-4f735466cecf":"f.1920C544C16071EF810842AAA08EA988.d.5E5F470BE82BDDA3D8D36FBB2CA2640A.e.8325","ELEMENT":"f.1920C544C16071EF810842AAA08EA988.d.5E5F470BE82BDDA3D8D36FBB2CA2640A.e.8325"}]}
COMMAND: GET /session/2eb25f1cbe9612d735ab0219d8fb520b/screenshot - {}
RESULT: {}
COMMAND: POST /session/2eb25f1cbe9612d735ab0219d8fb520b/execute/sync - {"script":"<script> [8489 bytes]","args":[{"element-6066-11e4-a52e-4f735466cecf":"f.1920C544C16071EF810842AAA08EA988.d.5E5F470BE82BDDA3D8D36FBB2CA2640A.e.8325","ELEMENT":"f.1920C544C16071EF810842AAA08EA988.d.5E5F470BE82BDDA3D8D36FBB2CA2640A.e.8325"}]}
RESULT: {"script":"<script> [8489 bytes]","args":[{"element-6066-11e4-a52e-4f735466cecf":"f.1920C544C16071EF810842AAA08EA988.d.5E5F470BE82BDDA3D8D36FBB2CA2640A.e.8325","ELEMENT":"f.1920C544C16071EF810842AAA08EA988.d.5E5F470BE82BDDA3D8D36FBB2CA2640A.e.8325"}]}
COMMAND: GET /session/2eb25f1cbe9612d735ab0219d8fb520b/screenshot - {}
RESULT: {}
COMMAND: POST /session/2eb25f1cbe9612d735ab0219d8fb520b/execute/sync - {"script":"<script> [8489 bytes]","args":[{"element-6066-11e4-a52e-4f735466cecf":"f.1920C544C16071EF810842AAA08EA988.d.5E5F470BE82BDDA3D8D36FBB2CA2640A.e.8325","ELEMENT":"f.1920C544C16071EF810842AAA08EA988.d.5E5F470BE82BDDA3D8D36FBB2CA2640A.e.8325"}]}
RESULT: {"script":"<script> [8489 bytes]","args":[{"element-6066-11e4-a52e-4f735466cecf":"f.1920C544C16071EF810842AAA08EA988.d.5E5F470BE82BDDA3D8D36FBB2CA2640A.e.8325","ELEMENT":"f.1920C544C16071EF810842AAA08EA988.d.5E5F470BE82BDDA3D8D36FBB2CA2640A.e.8325"}]}
COMMAND: GET /session/2eb25f1cbe9612d735ab0219d8fb520b/screenshot - {}
RESULT: {}
COMMAND: POST /session/2eb25f1cbe9612d735ab0219d8fb520b/execute/sync - {"script":"<script> [8489 bytes]","args":[{"element-6066-11e4-a52e-4f735466cecf":"f.1920C544C16071EF810842AAA08EA988.d.5E5F470BE82BDDA3D8D36FBB2CA2640A.e.8325","ELEMENT":"f.1920C544C16071EF810842AAA08EA988.d.5E5F470BE82BDDA3D8D36FBB2CA2640A.e.8325"}]}
RESULT: {"script":"<script> [8489 bytes]","args":[{"element-6066-11e4-a52e-4f735466cecf":"f.1920C544C16071EF810842AAA08EA988.d.5E5F470BE82BDDA3D8D36FBB2CA2640A.e.8325","ELEMENT":"f.1920C544C16071EF810842AAA08EA988.d.5E5F470BE82BDDA3D8D36FBB2CA2640A.e.8325"}]}
COMMAND: GET /session/2eb25f1cbe9612d735ab0219d8fb520b/screenshot - {}
RESULT: {}
COMMAND: POST /session/2eb25f1cbe9612d735ab0219d8fb520b/execute/sync - {"script":"<script> [8489 bytes]","args":[{"element-6066-11e4-a52e-4f735466cecf":"f.1920C544C16071EF810842AAA08EA988.d.5E5F470BE82BDDA3D8D36FBB2CA2640A.e.8325","ELEMENT":"f.1920C544C16071EF810842AAA08EA988.d.5E5F470BE82BDDA3D8D36FBB2CA2640A.e.8325"}]}
RESULT: {"script":"<script> [8489 bytes]","args":[{"element-6066-11e4-a52e-4f735466cecf":"f.1920C544C16071EF810842AAA08EA988.d.5E5F470BE82BDDA3D8D36FBB2CA2640A.e.8325","ELEMENT":"f.1920C544C16071EF810842AAA08EA988.d.5E5F470BE82BDDA3D8D36FBB2CA2640A.e.8325"}]}
COMMAND: GET /session/2eb25f1cbe9612d735ab0219d8fb520b/screenshot - {}
RESULT: {}
COMMAND: POST /session/2eb25f1cbe9612d735ab0219d8fb520b/execute/sync - {"script":"<script> [8489 bytes]","args":[{"element-6066-11e4-a52e-4f735466cecf":"f.1920C544C16071EF810842AAA08EA988.d.5E5F470BE82BDDA3D8D36FBB2CA2640A.e.8325","ELEMENT":"f.1920C544C16071EF810842AAA08EA988.d.5E5F470BE82BDDA3D8D36FBB2CA2640A.e.8325"}]}
RESULT: {"script":"<script> [8489 bytes]","args":[{"element-6066-11e4-a52e-4f735466cecf":"f.1920C544C16071EF810842AAA08EA988.d.5E5F470BE82BDDA3D8D36FBB2CA2640A.e.8325","ELEMENT":"f.1920C544C16071EF810842AAA08EA988.d.5E5F470BE82BDDA3D8D36FBB2CA2640A.e.8325"}]}
COMMAND: GET /session/2eb25f1cbe9612d735ab0219d8fb520b/screenshot - {}
RESULT: {}
COMMAND: POST /session/2eb25f1cbe9612d735ab0219d8fb520b/execute/sync - {"script":"<script> [8489 bytes]","args":[{"element-6066-11e4-a52e-4f735466cecf":"f.1920C544C16071EF810842AAA08EA988.d.5E5F470BE82BDDA3D8D36FBB2CA2640A.e.8325","ELEMENT":"f.1920C544C16071EF810842AAA08EA988.d.5E5F470BE82BDDA3D8D36FBB2CA2640A.e.8325"}]}
RESULT: {"script":"<script> [8489 bytes]","args":[{"element-6066-11e4-a52e-4f735466cecf":"f.1920C544C16071EF810842AAA08EA988.d.5E5F470BE82BDDA3D8D36FBB2CA2640A.e.8325","ELEMENT":"f.1920C544C16071EF810842AAA08EA988.d.5E5F470BE82BDDA3D8D36FBB2CA2640A.e.8325"}]}
COMMAND: GET /session/2eb25f1cbe9612d735ab0219d8fb520b/screenshot - {}
RESULT: {}
COMMAND: POST /session/2eb25f1cbe9612d735ab0219d8fb520b/execute/sync - {"script":"<script> [8489 bytes]","args":[{"element-6066-11e4-a52e-4f735466cecf":"f.1920C544C16071EF810842AAA08EA988.d.5E5F470BE82BDDA3D8D36FBB2CA2640A.e.8325","ELEMENT":"f.1920C544C16071EF810842AAA08EA988.d.5E5F470BE82BDDA3D8D36FBB2CA2640A.e.8325"}]}
RESULT: {"script":"<script> [8489 bytes]","args":[{"element-6066-11e4-a52e-4f735466cecf":"f.1920C544C16071EF810842AAA08EA988.d.5E5F470BE82BDDA3D8D36FBB2CA2640A.e.8325","ELEMENT":"f.1920C544C16071EF810842AAA08EA988.d.5E5F470BE82BDDA3D8D36FBB2CA2640A.e.8325"}]}
COMMAND: GET /session/2eb25f1cbe9612d735ab0219d8fb520b/screenshot - {}
RESULT: {}
COMMAND: POST /session/2eb25f1cbe9612d735ab0219d8fb520b/execute/sync - {"script":"<script> [8489 bytes]","args":[{"element-6066-11e4-a52e-4f735466cecf":"f.1920C544C16071EF810842AAA08EA988.d.5E5F470BE82BDDA3D8D36FBB2CA2640A.e.8325","ELEMENT":"f.1920C544C16071EF810842AAA08EA988.d.5E5F470BE82BDDA3D8D36FBB2CA2640A.e.8325"}]}
RESULT: {"script":"<script> [8489 bytes]","args":[{"element-6066-11e4-a52e-4f735466cecf":"f.1920C544C16071EF810842AAA08EA988.d.5E5F470BE82BDDA3D8D36FBB2CA2640A.e.8325","ELEMENT":"f.1920C544C16071EF810842AAA08EA988.d.5E5F470BE82BDDA3D8D36FBB2CA2640A.e.8325"}]}
COMMAND: GET /session/2eb25f1cbe9612d735ab0219d8fb520b/screenshot - {}
RESULT: {}
COMMAND: POST /session/2eb25f1cbe9612d735ab0219d8fb520b/execute/sync - {"script":"<script> [8489 bytes]","args":[{"element-6066-11e4-a52e-4f735466cecf":"f.1920C544C16071EF810842AAA08EA988.d.5E5F470BE82BDDA3D8D36FBB2CA2640A.e.8325","ELEMENT":"f.1920C544C16071EF810842AAA08EA988.d.5E5F470BE82BDDA3D8D36FBB2CA2640A.e.8325"}]}
RESULT: {"script":"<script> [8489 bytes]","args":[{"element-6066-11e4-a52e-4f735466cecf":"f.1920C544C16071EF810842AAA08EA988.d.5E5F470BE82BDDA3D8D36FBB2CA2640A.e.8325","ELEMENT":"f.1920C544C16071EF810842AAA08EA988.d.5E5F470BE82BDDA3D8D36FBB2CA2640A.e.8325"}]}
COMMAND: GET /session/2eb25f1cbe9612d735ab0219d8fb520b/screenshot - {}
RESULT: {}
COMMAND: POST /session/2eb25f1cbe9612d735ab0219d8fb520b/execute/sync - {"script":"<script> [8489 bytes]","args":[{"element-6066-11e4-a52e-4f735466cecf":"f.1920C544C16071EF810842AAA08EA988.d.5E5F470BE82BDDA3D8D36FBB2CA2640A.e.8325","ELEMENT":"f.1920C544C16071EF810842AAA08EA988.d.5E5F470BE82BDDA3D8D36FBB2CA2640A.e.8325"}]}
RESULT: {"script":"<script> [8489 bytes]","args":[{"element-6066-11e4-a52e-4f735466cecf":"f.1920C544C16071EF810842AAA08EA988.d.5E5F470BE82BDDA3D8D36FBB2CA2640A.e.8325","ELEMENT":"f.1920C544C16071EF810842AAA08EA988.d.5E5F470BE82BDDA3D8D36FBB2CA2640A.e.8325"}]}
COMMAND: GET /session/2eb25f1cbe9612d735ab0219d8fb520b/screenshot - {}
RESULT: {}
COMMAND: POST /session/2eb25f1cbe9612d735ab0219d8fb520b/execute/sync - {"script":"<script> [8489 bytes]","args":[{"element-6066-11e4-a52e-4f735466cecf":"f.1920C544C16071EF810842AAA08EA988.d.5E5F470BE82BDDA3D8D36FBB2CA2640A.e.8325","ELEMENT":"f.1920C544C16071EF810842AAA08EA988.d.5E5F470BE82BDDA3D8D36FBB2CA2640A.e.8325"}]}
RESULT: {"script":"<script> [8489 bytes]","args":[{"element-6066-11e4-a52e-4f735466cecf":"f.1920C544C16071EF810842AAA08EA988.d.5E5F470BE82BDDA3D8D36FBB2CA2640A.e.8325","ELEMENT":"f.1920C544C16071EF810842AAA08EA988.d.5E5F470BE82BDDA3D8D36FBB2CA2640A.e.8325"}]}
COMMAND: GET /session/2eb25f1cbe9612d735ab0219d8fb520b/screenshot - {}
COMMAND: POST /session/2eb25f1cbe9612d735ab0219d8fb520b/execute/sync - {"script":"<script> [8489 bytes]","args":[{"element-6066-11e4-a52e-4f735466cecf":"f.1920C544C16071EF810842AAA08EA988.d.5E5F470BE82BDDA3D8D36FBB2CA2640A.e.8325","ELEMENT":"f.1920C544C16071EF810842AAA08EA988.d.5E5F470BE82BDDA3D8D36FBB2CA2640A.e.8325"}]}
RESULT: {}
RESULT: {"script":"<script> [8489 bytes]","args":[{"element-6066-11e4-a52e-4f735466cecf":"f.1920C544C16071EF810842AAA08EA988.d.5E5F470BE82BDDA3D8D36FBB2CA2640A.e.8325","ELEMENT":"f.1920C544C16071EF810842AAA08EA988.d.5E5F470BE82BDDA3D8D36FBB2CA2640A.e.8325"}]}
COMMAND: GET /session/2eb25f1cbe9612d735ab0219d8fb520b/screenshot - {}
RESULT: {}
COMMAND: POST /session/2eb25f1cbe9612d735ab0219d8fb520b/execute/sync - {"script":"<script> [8489 bytes]","args":[{"element-6066-11e4-a52e-4f735466cecf":"f.1920C544C16071EF810842AAA08EA988.d.5E5F470BE82BDDA3D8D36FBB2CA2640A.e.8325","ELEMENT":"f.1920C544C16071EF810842AAA08EA988.d.5E5F470BE82BDDA3D8D36FBB2CA2640A.e.8325"}]}
RESULT: {"script":"<script> [8489 bytes]","args":[{"element-6066-11e4-a52e-4f735466cecf":"f.1920C544C16071EF810842AAA08EA988.d.5E5F470BE82BDDA3D8D36FBB2CA2640A.e.8325","ELEMENT":"f.1920C544C16071EF810842AAA08EA988.d.5E5F470BE82BDDA3D8D36FBB2CA2640A.e.8325"}]}
COMMAND: GET /session/2eb25f1cbe9612d735ab0219d8fb520b/screenshot - {}
RESULT: {}
COMMAND: POST /session/2eb25f1cbe9612d735ab0219d8fb520b/execute/sync - {"script":"<script> [8489 bytes]","args":[{"element-6066-11e4-a52e-4f735466cecf":"f.1920C544C16071EF810842AAA08EA988.d.5E5F470BE82BDDA3D8D36FBB2CA2640A.e.8325","ELEMENT":"f.1920C544C16071EF810842AAA08EA988.d.5E5F470BE82BDDA3D8D36FBB2CA2640A.e.8325"}]}
RESULT: {"script":"<script> [8489 bytes]","args":[{"element-6066-11e4-a52e-4f735466cecf":"f.1920C544C16071EF810842AAA08EA988.d.5E5F470BE82BDDA3D8D36FBB2CA2640A.e.8325","ELEMENT":"f.1920C544C16071EF810842AAA08EA988.d.5E5F470BE82BDDA3D8D36FBB2CA2640A.e.8325"}]}
COMMAND: GET /session/2eb25f1cbe9612d735ab0219d8fb520b/screenshot - {}
RESULT: {}
COMMAND: POST /session/2eb25f1cbe9612d735ab0219d8fb520b/execute/sync - {"script":"<script> [8489 bytes]","args":[{"element-6066-11e4-a52e-4f735466cecf":"f.1920C544C16071EF810842AAA08EA988.d.5E5F470BE82BDDA3D8D36FBB2CA2640A.e.8325","ELEMENT":"f.1920C544C16071EF810842AAA08EA988.d.5E5F470BE82BDDA3D8D36FBB2CA2640A.e.8325"}]}
RESULT: {"script":"<script> [8489 bytes]","args":[{"element-6066-11e4-a52e-4f735466cecf":"f.1920C544C16071EF810842AAA08EA988.d.5E5F470BE82BDDA3D8D36FBB2CA2640A.e.8325","ELEMENT":"f.1920C544C16071EF810842AAA08EA988.d.5E5F470BE82BDDA3D8D36FBB2CA2640A.e.8325"}]}
COMMAND: GET /session/2eb25f1cbe9612d735ab0219d8fb520b/screenshot - {}
RESULT: {}
COMMAND: POST /session/2eb25f1cbe9612d735ab0219d8fb520b/execute/sync - {"script":"<script> [8489 bytes]","args":[{"element-6066-11e4-a52e-4f735466cecf":"f.1920C544C16071EF810842AAA08EA988.d.5E5F470BE82BDDA3D8D36FBB2CA2640A.e.8325","ELEMENT":"f.1920C544C16071EF810842AAA08EA988.d.5E5F470BE82BDDA3D8D36FBB2CA2640A.e.8325"}]}
RESULT: {"script":"<script> [8489 bytes]","args":[{"element-6066-11e4-a52e-4f735466cecf":"f.1920C544C16071EF810842AAA08EA988.d.5E5F470BE82BDDA3D8D36FBB2CA2640A.e.8325","ELEMENT":"f.1920C544C16071EF810842AAA08EA988.d.5E5F470BE82BDDA3D8D36FBB2CA2640A.e.8325"}]}
COMMAND: GET /session/2eb25f1cbe9612d735ab0219d8fb520b/screenshot - {}
RESULT: {}
COMMAND: POST /session/2eb25f1cbe9612d735ab0219d8fb520b/execute/sync - {"script":"<script> [8489 bytes]","args":[{"element-6066-11e4-a52e-4f735466cecf":"f.1920C544C16071EF810842AAA08EA988.d.5E5F470BE82BDDA3D8D36FBB2CA2640A.e.8325","ELEMENT":"f.1920C544C16071EF810842AAA08EA988.d.5E5F470BE82BDDA3D8D36FBB2CA2640A.e.8325"}]}
RESULT: {"script":"<script> [8489 bytes]","args":[{"element-6066-11e4-a52e-4f735466cecf":"f.1920C544C16071EF810842AAA08EA988.d.5E5F470BE82BDDA3D8D36FBB2CA2640A.e.8325","ELEMENT":"f.1920C544C16071EF810842AAA08EA988.d.5E5F470BE82BDDA3D8D36FBB2CA2640A.e.8325"}]}
COMMAND: GET /session/2eb25f1cbe9612d735ab0219d8fb520b/screenshot - {}
RESULT: {}
COMMAND: POST /session/2eb25f1cbe9612d735ab0219d8fb520b/execute/sync - {"script":"<script> [8489 bytes]","args":[{"element-6066-11e4-a52e-4f735466cecf":"f.1920C544C16071EF810842AAA08EA988.d.5E5F470BE82BDDA3D8D36FBB2CA2640A.e.8325","ELEMENT":"f.1920C544C16071EF810842AAA08EA988.d.5E5F470BE82BDDA3D8D36FBB2CA2640A.e.8325"}]}
RESULT: {"script":"<script> [8489 bytes]","args":[{"element-6066-11e4-a52e-4f735466cecf":"f.1920C544C16071EF810842AAA08EA988.d.5E5F470BE82BDDA3D8D36FBB2CA2640A.e.8325","ELEMENT":"f.1920C544C16071EF810842AAA08EA988.d.5E5F470BE82BDDA3D8D36FBB2CA2640A.e.8325"}]}
COMMAND: GET /session/2eb25f1cbe9612d735ab0219d8fb520b/screenshot - {}
RESULT: {}
COMMAND: POST /session/2eb25f1cbe9612d735ab0219d8fb520b/execute/sync - {"script":"<script> [8489 bytes]","args":[{"element-6066-11e4-a52e-4f735466cecf":"f.1920C544C16071EF810842AAA08EA988.d.5E5F470BE82BDDA3D8D36FBB2CA2640A.e.8325","ELEMENT":"f.1920C544C16071EF810842AAA08EA988.d.5E5F470BE82BDDA3D8D36FBB2CA2640A.e.8325"}]}
RESULT: {"script":"<script> [8489 bytes]","args":[{"element-6066-11e4-a52e-4f735466cecf":"f.1920C544C16071EF810842AAA08EA988.d.5E5F470BE82BDDA3D8D36FBB2CA2640A.e.8325","ELEMENT":"f.1920C544C16071EF810842AAA08EA988.d.5E5F470BE82BDDA3D8D36FBB2CA2640A.e.8325"}]}
COMMAND: GET /session/2eb25f1cbe9612d735ab0219d8fb520b/screenshot - {}
RESULT: {}
COMMAND: POST /session/2eb25f1cbe9612d735ab0219d8fb520b/execute/sync - {"script":"<script> [8489 bytes]","args":[{"element-6066-11e4-a52e-4f735466cecf":"f.1920C544C16071EF810842AAA08EA988.d.5E5F470BE82BDDA3D8D36FBB2CA2640A.e.8325","ELEMENT":"f.1920C544C16071EF810842AAA08EA988.d.5E5F470BE82BDDA3D8D36FBB2CA2640A.e.8325"}]}
RESULT: {"script":"<script> [8489 bytes]","args":[{"element-6066-11e4-a52e-4f735466cecf":"f.1920C544C16071EF810842AAA08EA988.d.5E5F470BE82BDDA3D8D36FBB2CA2640A.e.8325","ELEMENT":"f.1920C544C16071EF810842AAA08EA988.d.5E5F470BE82BDDA3D8D36FBB2CA2640A.e.8325"}]}
COMMAND: GET /session/2eb25f1cbe9612d735ab0219d8fb520b/screenshot - {}
RESULT: {}
COMMAND: POST /session/2eb25f1cbe9612d735ab0219d8fb520b/execute/sync - {"script":"<script> [8489 bytes]","args":[{"element-6066-11e4-a52e-4f735466cecf":"f.1920C544C16071EF810842AAA08EA988.d.5E5F470BE82BDDA3D8D36FBB2CA2640A.e.8325","ELEMENT":"f.1920C544C16071EF810842AAA08EA988.d.5E5F470BE82BDDA3D8D36FBB2CA2640A.e.8325"}]}
RESULT: {"script":"<script> [8489 bytes]","args":[{"element-6066-11e4-a52e-4f735466cecf":"f.1920C544C16071EF810842AAA08EA988.d.5E5F470BE82BDDA3D8D36FBB2CA2640A.e.8325","ELEMENT":"f.1920C544C16071EF810842AAA08EA988.d.5E5F470BE82BDDA3D8D36FBB2CA2640A.e.8325"}]}
COMMAND: GET /session/2eb25f1cbe9612d735ab0219d8fb520b/screenshot - {}
RESULT: {}
COMMAND: POST /session/2eb25f1cbe9612d735ab0219d8fb520b/execute/sync - {"script":"<script> [8489 bytes]","args":[{"element-6066-11e4-a52e-4f735466cecf":"f.1920C544C16071EF810842AAA08EA988.d.5E5F470BE82BDDA3D8D36FBB2CA2640A.e.8325","ELEMENT":"f.1920C544C16071EF810842AAA08EA988.d.5E5F470BE82BDDA3D8D36FBB2CA2640A.e.8325"}]}
RESULT: {"script":"<script> [8489 bytes]","args":[{"element-6066-11e4-a52e-4f735466cecf":"f.1920C544C16071EF810842AAA08EA988.d.5E5F470BE82BDDA3D8D36FBB2CA2640A.e.8325","ELEMENT":"f.1920C544C16071EF810842AAA08EA988.d.5E5F470BE82BDDA3D8D36FBB2CA2640A.e.8325"}]}
COMMAND: GET /session/2eb25f1cbe9612d735ab0219d8fb520b/screenshot - {}
RESULT: {}
COMMAND: POST /session/2eb25f1cbe9612d735ab0219d8fb520b/execute/sync - {"script":"<script> [8489 bytes]","args":[{"element-6066-11e4-a52e-4f735466cecf":"f.1920C544C16071EF810842AAA08EA988.d.5E5F470BE82BDDA3D8D36FBB2CA2640A.e.8325","ELEMENT":"f.1920C544C16071EF810842AAA08EA988.d.5E5F470BE82BDDA3D8D36FBB2CA2640A.e.8325"}]}
RESULT: {"script":"<script> [8489 bytes]","args":[{"element-6066-11e4-a52e-4f735466cecf":"f.1920C544C16071EF810842AAA08EA988.d.5E5F470BE82BDDA3D8D36FBB2CA2640A.e.8325","ELEMENT":"f.1920C544C16071EF810842AAA08EA988.d.5E5F470BE82BDDA3D8D36FBB2CA2640A.e.8325"}]}
COMMAND: GET /session/2eb25f1cbe9612d735ab0219d8fb520b/screenshot - {}
RESULT: {}
COMMAND: POST /session/2eb25f1cbe9612d735ab0219d8fb520b/execute/sync - {"script":"<script> [8489 bytes]","args":[{"element-6066-11e4-a52e-4f735466cecf":"f.1920C544C16071EF810842AAA08EA988.d.5E5F470BE82BDDA3D8D36FBB2CA2640A.e.8325","ELEMENT":"f.1920C544C16071EF810842AAA08EA988.d.5E5F470BE82BDDA3D8D36FBB2CA2640A.e.8325"}]}
RESULT: {"script":"<script> [8489 bytes]","args":[{"element-6066-11e4-a52e-4f735466cecf":"f.1920C544C16071EF810842AAA08EA988.d.5E5F470BE82BDDA3D8D36FBB2CA2640A.e.8325","ELEMENT":"f.1920C544C16071EF810842AAA08EA988.d.5E5F470BE82BDDA3D8D36FBB2CA2640A.e.8325"}]}
COMMAND: GET /session/2eb25f1cbe9612d735ab0219d8fb520b/screenshot - {}
RESULT: {}
COMMAND: POST /session/2eb25f1cbe9612d735ab0219d8fb520b/execute/sync - {"script":"<script> [8489 bytes]","args":[{"element-6066-11e4-a52e-4f735466cecf":"f.1920C544C16071EF810842AAA08EA988.d.5E5F470BE82BDDA3D8D36FBB2CA2640A.e.8325","ELEMENT":"f.1920C544C16071EF810842AAA08EA988.d.5E5F470BE82BDDA3D8D36FBB2CA2640A.e.8325"}]}
RESULT: {"script":"<script> [8489 bytes]","args":[{"element-6066-11e4-a52e-4f735466cecf":"f.1920C544C16071EF810842AAA08EA988.d.5E5F470BE82BDDA3D8D36FBB2CA2640A.e.8325","ELEMENT":"f.1920C544C16071EF810842AAA08EA988.d.5E5F470BE82BDDA3D8D36FBB2CA2640A.e.8325"}]}
COMMAND: GET /session/2eb25f1cbe9612d735ab0219d8fb520b/screenshot - {}
RESULT: {}
COMMAND: POST /session/2eb25f1cbe9612d735ab0219d8fb520b/execute/sync - {"script":"<script> [8489 bytes]","args":[{"element-6066-11e4-a52e-4f735466cecf":"f.1920C544C16071EF810842AAA08EA988.d.5E5F470BE82BDDA3D8D36FBB2CA2640A.e.8325","ELEMENT":"f.1920C544C16071EF810842AAA08EA988.d.5E5F470BE82BDDA3D8D36FBB2CA2640A.e.8325"}]}
RESULT: {"script":"<script> [8489 bytes]","args":[{"element-6066-11e4-a52e-4f735466cecf":"f.1920C544C16071EF810842AAA08EA988.d.5E5F470BE82BDDA3D8D36FBB2CA2640A.e.8325","ELEMENT":"f.1920C544C16071EF810842AAA08EA988.d.5E5F470BE82BDDA3D8D36FBB2CA2640A.e.8325"}]}
COMMAND: GET /session/2eb25f1cbe9612d735ab0219d8fb520b/screenshot - {}
RESULT: {}
COMMAND: POST /session/2eb25f1cbe9612d735ab0219d8fb520b/execute/sync - {"script":"<script> [8489 bytes]","args":[{"element-6066-11e4-a52e-4f735466cecf":"f.1920C544C16071EF810842AAA08EA988.d.5E5F470BE82BDDA3D8D36FBB2CA2640A.e.8325","ELEMENT":"f.1920C544C16071EF810842AAA08EA988.d.5E5F470BE82BDDA3D8D36FBB2CA2640A.e.8325"}]}
RESULT: {"script":"<script> [8489 bytes]","args":[{"element-6066-11e4-a52e-4f735466cecf":"f.1920C544C16071EF810842AAA08EA988.d.5E5F470BE82BDDA3D8D36FBB2CA2640A.e.8325","ELEMENT":"f.1920C544C16071EF810842AAA08EA988.d.5E5F470BE82BDDA3D8D36FBB2CA2640A.e.8325"}]}
COMMAND: GET /session/2eb25f1cbe9612d735ab0219d8fb520b/screenshot - {}
COMMAND: POST /session/2eb25f1cbe9612d735ab0219d8fb520b/execute/sync - {"script":"<script> [8489 bytes]","args":[{"element-6066-11e4-a52e-4f735466cecf":"f.1920C544C16071EF810842AAA08EA988.d.5E5F470BE82BDDA3D8D36FBB2CA2640A.e.8325","ELEMENT":"f.1920C544C16071EF810842AAA08EA988.d.5E5F470BE82BDDA3D8D36FBB2CA2640A.e.8325"}]}
RESULT: {}
RESULT: {"script":"<script> [8489 bytes]","args":[{"element-6066-11e4-a52e-4f735466cecf":"f.1920C544C16071EF810842AAA08EA988.d.5E5F470BE82BDDA3D8D36FBB2CA2640A.e.8325","ELEMENT":"f.1920C544C16071EF810842AAA08EA988.d.5E5F470BE82BDDA3D8D36FBB2CA2640A.e.8325"}]}
COMMAND: GET /session/2eb25f1cbe9612d735ab0219d8fb520b/screenshot - {}
RESULT: {}
COMMAND: POST /session/2eb25f1cbe9612d735ab0219d8fb520b/execute/sync - {"script":"<script> [8489 bytes]","args":[{"element-6066-11e4-a52e-4f735466cecf":"f.1920C544C16071EF810842AAA08EA988.d.5E5F470BE82BDDA3D8D36FBB2CA2640A.e.8325","ELEMENT":"f.1920C544C16071EF810842AAA08EA988.d.5E5F470BE82BDDA3D8D36FBB2CA2640A.e.8325"}]}
RESULT: {"script":"<script> [8489 bytes]","args":[{"element-6066-11e4-a52e-4f735466cecf":"f.1920C544C16071EF810842AAA08EA988.d.5E5F470BE82BDDA3D8D36FBB2CA2640A.e.8325","ELEMENT":"f.1920C544C16071EF810842AAA08EA988.d.5E5F470BE82BDDA3D8D36FBB2CA2640A.e.8325"}]}
COMMAND: GET /session/2eb25f1cbe9612d735ab0219d8fb520b/screenshot - {}
RESULT: {}
COMMAND: POST /session/2eb25f1cbe9612d735ab0219d8fb520b/execute/sync - {"script":"<script> [8489 bytes]","args":[{"element-6066-11e4-a52e-4f735466cecf":"f.1920C544C16071EF810842AAA08EA988.d.5E5F470BE82BDDA3D8D36FBB2CA2640A.e.8325","ELEMENT":"f.1920C544C16071EF810842AAA08EA988.d.5E5F470BE82BDDA3D8D36FBB2CA2640A.e.8325"}]}
RESULT: {"script":"<script> [8489 bytes]","args":[{"element-6066-11e4-a52e-4f735466cecf":"f.1920C544C16071EF810842AAA08EA988.d.5E5F470BE82BDDA3D8D36FBB2CA2640A.e.8325","ELEMENT":"f.1920C544C16071EF810842AAA08EA988.d.5E5F470BE82BDDA3D8D36FBB2CA2640A.e.8325"}]}
COMMAND: GET /session/2eb25f1cbe9612d735ab0219d8fb520b/screenshot - {}
RESULT: {}
COMMAND: POST /session/2eb25f1cbe9612d735ab0219d8fb520b/execute/sync - {"script":"<script> [8489 bytes]","args":[{"element-6066-11e4-a52e-4f735466cecf":"f.1920C544C16071EF810842AAA08EA988.d.5E5F470BE82BDDA3D8D36FBB2CA2640A.e.8325","ELEMENT":"f.1920C544C16071EF810842AAA08EA988.d.5E5F470BE82BDDA3D8D36FBB2CA2640A.e.8325"}]}
RESULT: {"script":"<script> [8489 bytes]","args":[{"element-6066-11e4-a52e-4f735466cecf":"f.1920C544C16071EF810842AAA08EA988.d.5E5F470BE82BDDA3D8D36FBB2CA2640A.e.8325","ELEMENT":"f.1920C544C16071EF810842AAA08EA988.d.5E5F470BE82BDDA3D8D36FBB2CA2640A.e.8325"}]}
COMMAND: GET /session/2eb25f1cbe9612d735ab0219d8fb520b/screenshot - {}
RESULT: {}
COMMAND: POST /session/2eb25f1cbe9612d735ab0219d8fb520b/execute/sync - {"script":"<script> [8489 bytes]","args":[{"element-6066-11e4-a52e-4f735466cecf":"f.1920C544C16071EF810842AAA08EA988.d.5E5F470BE82BDDA3D8D36FBB2CA2640A.e.8325","ELEMENT":"f.1920C544C16071EF810842AAA08EA988.d.5E5F470BE82BDDA3D8D36FBB2CA2640A.e.8325"}]}
RESULT: {"script":"<script> [8489 bytes]","args":[{"element-6066-11e4-a52e-4f735466cecf":"f.1920C544C16071EF810842AAA08EA988.d.5E5F470BE82BDDA3D8D36FBB2CA2640A.e.8325","ELEMENT":"f.1920C544C16071EF810842AAA08EA988.d.5E5F470BE82BDDA3D8D36FBB2CA2640A.e.8325"}]}
COMMAND: GET /session/2eb25f1cbe9612d735ab0219d8fb520b/screenshot - {}
RESULT: {}
COMMAND: POST /session/2eb25f1cbe9612d735ab0219d8fb520b/execute/sync - {"script":"<script> [8489 bytes]","args":[{"element-6066-11e4-a52e-4f735466cecf":"f.1920C544C16071EF810842AAA08EA988.d.5E5F470BE82BDDA3D8D36FBB2CA2640A.e.8325","ELEMENT":"f.1920C544C16071EF810842AAA08EA988.d.5E5F470BE82BDDA3D8D36FBB2CA2640A.e.8325"}]}
RESULT: {"script":"<script> [8489 bytes]","args":[{"element-6066-11e4-a52e-4f735466cecf":"f.1920C544C16071EF810842AAA08EA988.d.5E5F470BE82BDDA3D8D36FBB2CA2640A.e.8325","ELEMENT":"f.1920C544C16071EF810842AAA08EA988.d.5E5F470BE82BDDA3D8D36FBB2CA2640A.e.8325"}]}
COMMAND: GET /session/2eb25f1cbe9612d735ab0219d8fb520b/screenshot - {}
RESULT: {}
COMMAND: POST /session/2eb25f1cbe9612d735ab0219d8fb520b/execute/sync - {"script":"<script> [8489 bytes]","args":[{"element-6066-11e4-a52e-4f735466cecf":"f.1920C544C16071EF810842AAA08EA988.d.5E5F470BE82BDDA3D8D36FBB2CA2640A.e.8325","ELEMENT":"f.1920C544C16071EF810842AAA08EA988.d.5E5F470BE82BDDA3D8D36FBB2CA2640A.e.8325"}]}
RESULT: {"script":"<script> [8489 bytes]","args":[{"element-6066-11e4-a52e-4f735466cecf":"f.1920C544C16071EF810842AAA08EA988.d.5E5F470BE82BDDA3D8D36FBB2CA2640A.e.8325","ELEMENT":"f.1920C544C16071EF810842AAA08EA988.d.5E5F470BE82BDDA3D8D36FBB2CA2640A.e.8325"}]}
COMMAND: GET /session/2eb25f1cbe9612d735ab0219d8fb520b/screenshot - {}
RESULT: {}
COMMAND: POST /session/2eb25f1cbe9612d735ab0219d8fb520b/execute/sync - {"script":"<script> [8489 bytes]","args":[{"element-6066-11e4-a52e-4f735466cecf":"f.1920C544C16071EF810842AAA08EA988.d.5E5F470BE82BDDA3D8D36FBB2CA2640A.e.8325","ELEMENT":"f.1920C544C16071EF810842AAA08EA988.d.5E5F470BE82BDDA3D8D36FBB2CA2640A.e.8325"}]}
RESULT: {"script":"<script> [8489 bytes]","args":[{"element-6066-11e4-a52e-4f735466cecf":"f.1920C544C16071EF810842AAA08EA988.d.5E5F470BE82BDDA3D8D36FBB2CA2640A.e.8325","ELEMENT":"f.1920C544C16071EF810842AAA08EA988.d.5E5F470BE82BDDA3D8D36FBB2CA2640A.e.8325"}]}
COMMAND: GET /session/2eb25f1cbe9612d735ab0219d8fb520b/screenshot - {}
RESULT: {}
COMMAND: POST /session/2eb25f1cbe9612d735ab0219d8fb520b/execute/sync - {"script":"<script> [8489 bytes]","args":[{"element-6066-11e4-a52e-4f735466cecf":"f.1920C544C16071EF810842AAA08EA988.d.5E5F470BE82BDDA3D8D36FBB2CA2640A.e.8325","ELEMENT":"f.1920C544C16071EF810842AAA08EA988.d.5E5F470BE82BDDA3D8D36FBB2CA2640A.e.8325"}]}
RESULT: {"script":"<script> [8489 bytes]","args":[{"element-6066-11e4-a52e-4f735466cecf":"f.1920C544C16071EF810842AAA08EA988.d.5E5F470BE82BDDA3D8D36FBB2CA2640A.e.8325","ELEMENT":"f.1920C544C16071EF810842AAA08EA988.d.5E5F470BE82BDDA3D8D36FBB2CA2640A.e.8325"}]}
COMMAND: GET /session/2eb25f1cbe9612d735ab0219d8fb520b/screenshot - {}
RESULT: {}
COMMAND: POST /session/2eb25f1cbe9612d735ab0219d8fb520b/execute/sync - {"script":"<script> [8489 bytes]","args":[{"element-6066-11e4-a52e-4f735466cecf":"f.1920C544C16071EF810842AAA08EA988.d.5E5F470BE82BDDA3D8D36FBB2CA2640A.e.8325","ELEMENT":"f.1920C544C16071EF810842AAA08EA988.d.5E5F470BE82BDDA3D8D36FBB2CA2640A.e.8325"}]}
RESULT: {"script":"<script> [8489 bytes]","args":[{"element-6066-11e4-a52e-4f735466cecf":"f.1920C544C16071EF810842AAA08EA988.d.5E5F470BE82BDDA3D8D36FBB2CA2640A.e.8325","ELEMENT":"f.1920C544C16071EF810842AAA08EA988.d.5E5F470BE82BDDA3D8D36FBB2CA2640A.e.8325"}]}
COMMAND: GET /session/2eb25f1cbe9612d735ab0219d8fb520b/screenshot - {}
RESULT: {}
COMMAND: POST /session/2eb25f1cbe9612d735ab0219d8fb520b/execute/sync - {"script":"<script> [8489 bytes]","args":[{"element-6066-11e4-a52e-4f735466cecf":"f.1920C544C16071EF810842AAA08EA988.d.5E5F470BE82BDDA3D8D36FBB2CA2640A.e.8325","ELEMENT":"f.1920C544C16071EF810842AAA08EA988.d.5E5F470BE82BDDA3D8D36FBB2CA2640A.e.8325"}]}
RESULT: {"script":"<script> [8489 bytes]","args":[{"element-6066-11e4-a52e-4f735466cecf":"f.1920C544C16071EF810842AAA08EA988.d.5E5F470BE82BDDA3D8D36FBB2CA2640A.e.8325","ELEMENT":"f.1920C544C16071EF810842AAA08EA988.d.5E5F470BE82BDDA3D8D36FBB2CA2640A.e.8325"}]}
COMMAND: GET /session/2eb25f1cbe9612d735ab0219d8fb520b/screenshot - {}
RESULT: {}
COMMAND: POST /session/2eb25f1cbe9612d735ab0219d8fb520b/execute/sync - {"script":"<script> [8489 bytes]","args":[{"element-6066-11e4-a52e-4f735466cecf":"f.1920C544C16071EF810842AAA08EA988.d.5E5F470BE82BDDA3D8D36FBB2CA2640A.e.8325","ELEMENT":"f.1920C544C16071EF810842AAA08EA988.d.5E5F470BE82BDDA3D8D36FBB2CA2640A.e.8325"}]}
RESULT: {"script":"<script> [8489 bytes]","args":[{"element-6066-11e4-a52e-4f735466cecf":"f.1920C544C16071EF810842AAA08EA988.d.5E5F470BE82BDDA3D8D36FBB2CA2640A.e.8325","ELEMENT":"f.1920C544C16071EF810842AAA08EA988.d.5E5F470BE82BDDA3D8D36FBB2CA2640A.e.8325"}]}
COMMAND: GET /session/2eb25f1cbe9612d735ab0219d8fb520b/screenshot - {}
RESULT: {}
COMMAND: POST /session/2eb25f1cbe9612d735ab0219d8fb520b/execute/sync - {"script":"<script> [8489 bytes]","args":[{"element-6066-11e4-a52e-4f735466cecf":"f.1920C544C16071EF810842AAA08EA988.d.5E5F470BE82BDDA3D8D36FBB2CA2640A.e.8325","ELEMENT":"f.1920C544C16071EF810842AAA08EA988.d.5E5F470BE82BDDA3D8D36FBB2CA2640A.e.8325"}]}
RESULT: {"script":"<script> [8489 bytes]","args":[{"element-6066-11e4-a52e-4f735466cecf":"f.1920C544C16071EF810842AAA08EA988.d.5E5F470BE82BDDA3D8D36FBB2CA2640A.e.8325","ELEMENT":"f.1920C544C16071EF810842AAA08EA988.d.5E5F470BE82BDDA3D8D36FBB2CA2640A.e.8325"}]}
COMMAND: GET /session/2eb25f1cbe9612d735ab0219d8fb520b/screenshot - {}
RESULT: {}
COMMAND: POST /session/2eb25f1cbe9612d735ab0219d8fb520b/execute/sync - {"script":"<script> [8489 bytes]","args":[{"element-6066-11e4-a52e-4f735466cecf":"f.1920C544C16071EF810842AAA08EA988.d.5E5F470BE82BDDA3D8D36FBB2CA2640A.e.8325","ELEMENT":"f.1920C544C16071EF810842AAA08EA988.d.5E5F470BE82BDDA3D8D36FBB2CA2640A.e.8325"}]}
RESULT: {"script":"<script> [8489 bytes]","args":[{"element-6066-11e4-a52e-4f735466cecf":"f.1920C544C16071EF810842AAA08EA988.d.5E5F470BE82BDDA3D8D36FBB2CA2640A.e.8325","ELEMENT":"f.1920C544C16071EF810842AAA08EA988.d.5E5F470BE82BDDA3D8D36FBB2CA2640A.e.8325"}]}
COMMAND: GET /session/2eb25f1cbe9612d735ab0219d8fb520b/screenshot - {}
RESULT: {}
COMMAND: POST /session/2eb25f1cbe9612d735ab0219d8fb520b/execute/sync - {"script":"<script> [8489 bytes]","args":[{"element-6066-11e4-a52e-4f735466cecf":"f.1920C544C16071EF810842AAA08EA988.d.5E5F470BE82BDDA3D8D36FBB2CA2640A.e.8325","ELEMENT":"f.1920C544C16071EF810842AAA08EA988.d.5E5F470BE82BDDA3D8D36FBB2CA2640A.e.8325"}]}
RESULT: {"script":"<script> [8489 bytes]","args":[{"element-6066-11e4-a52e-4f735466cecf":"f.1920C544C16071EF810842AAA08EA988.d.5E5F470BE82BDDA3D8D36FBB2CA2640A.e.8325","ELEMENT":"f.1920C544C16071EF810842AAA08EA988.d.5E5F470BE82BDDA3D8D36FBB2CA2640A.e.8325"}]}
COMMAND: GET /session/2eb25f1cbe9612d735ab0219d8fb520b/screenshot - {}
RESULT: {}
COMMAND: POST /session/2eb25f1cbe9612d735ab0219d8fb520b/execute/sync - {"script":"<script> [8489 bytes]","args":[{"element-6066-11e4-a52e-4f735466cecf":"f.1920C544C16071EF810842AAA08EA988.d.5E5F470BE82BDDA3D8D36FBB2CA2640A.e.8325","ELEMENT":"f.1920C544C16071EF810842AAA08EA988.d.5E5F470BE82BDDA3D8D36FBB2CA2640A.e.8325"}]}
RESULT: {"script":"<script> [8489 bytes]","args":[{"element-6066-11e4-a52e-4f735466cecf":"f.1920C544C16071EF810842AAA08EA988.d.5E5F470BE82BDDA3D8D36FBB2CA2640A.e.8325","ELEMENT":"f.1920C544C16071EF810842AAA08EA988.d.5E5F470BE82BDDA3D8D36FBB2CA2640A.e.8325"}]}
COMMAND: GET /session/2eb25f1cbe9612d735ab0219d8fb520b/screenshot - {}
RESULT: {}
COMMAND: POST /session/2eb25f1cbe9612d735ab0219d8fb520b/execute/sync - {"script":"<script> [8489 bytes]","args":[{"element-6066-11e4-a52e-4f735466cecf":"f.1920C544C16071EF810842AAA08EA988.d.5E5F470BE82BDDA3D8D36FBB2CA2640A.e.8325","ELEMENT":"f.1920C544C16071EF810842AAA08EA988.d.5E5F470BE82BDDA3D8D36FBB2CA2640A.e.8325"}]}
RESULT: {"script":"<script> [8489 bytes]","args":[{"element-6066-11e4-a52e-4f735466cecf":"f.1920C544C16071EF810842AAA08EA988.d.5E5F470BE82BDDA3D8D36FBB2CA2640A.e.8325","ELEMENT":"f.1920C544C16071EF810842AAA08EA988.d.5E5F470BE82BDDA3D8D36FBB2CA2640A.e.8325"}]}
COMMAND: GET /session/2eb25f1cbe9612d735ab0219d8fb520b/screenshot - {}
RESULT: {}
COMMAND: POST /session/2eb25f1cbe9612d735ab0219d8fb520b/execute/sync - {"script":"<script> [8489 bytes]","args":[{"element-6066-11e4-a52e-4f735466cecf":"f.1920C544C16071EF810842AAA08EA988.d.5E5F470BE82BDDA3D8D36FBB2CA2640A.e.8325","ELEMENT":"f.1920C544C16071EF810842AAA08EA988.d.5E5F470BE82BDDA3D8D36FBB2CA2640A.e.8325"}]}
RESULT: {"script":"<script> [8489 bytes]","args":[{"element-6066-11e4-a52e-4f735466cecf":"f.1920C544C16071EF810842AAA08EA988.d.5E5F470BE82BDDA3D8D36FBB2CA2640A.e.8325","ELEMENT":"f.1920C544C16071EF810842AAA08EA988.d.5E5F470BE82BDDA3D8D36FBB2CA2640A.e.8325"}]}
COMMAND: GET /session/2eb25f1cbe9612d735ab0219d8fb520b/screenshot - {}
RESULT: {}
COMMAND: POST /session/2eb25f1cbe9612d735ab0219d8fb520b/execute/sync - {"script":"<script> [8489 bytes]","args":[{"element-6066-11e4-a52e-4f735466cecf":"f.1920C544C16071EF810842AAA08EA988.d.5E5F470BE82BDDA3D8D36FBB2CA2640A.e.8325","ELEMENT":"f.1920C544C16071EF810842AAA08EA988.d.5E5F470BE82BDDA3D8D36FBB2CA2640A.e.8325"}]}
RESULT: {"script":"<script> [8489 bytes]","args":[{"element-6066-11e4-a52e-4f735466cecf":"f.1920C544C16071EF810842AAA08EA988.d.5E5F470BE82BDDA3D8D36FBB2CA2640A.e.8325","ELEMENT":"f.1920C544C16071EF810842AAA08EA988.d.5E5F470BE82BDDA3D8D36FBB2CA2640A.e.8325"}]}
COMMAND: GET /session/2eb25f1cbe9612d735ab0219d8fb520b/screenshot - {}
RESULT: {}
COMMAND: POST /session/2eb25f1cbe9612d735ab0219d8fb520b/execute/sync - {"script":"<script> [8489 bytes]","args":[{"element-6066-11e4-a52e-4f735466cecf":"f.1920C544C16071EF810842AAA08EA988.d.5E5F470BE82BDDA3D8D36FBB2CA2640A.e.8325","ELEMENT":"f.1920C544C16071EF810842AAA08EA988.d.5E5F470BE82BDDA3D8D36FBB2CA2640A.e.8325"}]}
RESULT: {"script":"<script> [8489 bytes]","args":[{"element-6066-11e4-a52e-4f735466cecf":"f.1920C544C16071EF810842AAA08EA988.d.5E5F470BE82BDDA3D8D36FBB2CA2640A.e.8325","ELEMENT":"f.1920C544C16071EF810842AAA08EA988.d.5E5F470BE82BDDA3D8D36FBB2CA2640A.e.8325"}]}
COMMAND: GET /session/2eb25f1cbe9612d735ab0219d8fb520b/screenshot - {}
RESULT: {}
COMMAND: POST /session/2eb25f1cbe9612d735ab0219d8fb520b/execute/sync - {"script":"<script> [8489 bytes]","args":[{"element-6066-11e4-a52e-4f735466cecf":"f.1920C544C16071EF810842AAA08EA988.d.5E5F470BE82BDDA3D8D36FBB2CA2640A.e.8325","ELEMENT":"f.1920C544C16071EF810842AAA08EA988.d.5E5F470BE82BDDA3D8D36FBB2CA2640A.e.8325"}]}
RESULT: {"script":"<script> [8489 bytes]","args":[{"element-6066-11e4-a52e-4f735466cecf":"f.1920C544C16071EF810842AAA08EA988.d.5E5F470BE82BDDA3D8D36FBB2CA2640A.e.8325","ELEMENT":"f.1920C544C16071EF810842AAA08EA988.d.5E5F470BE82BDDA3D8D36FBB2CA2640A.e.8325"}]}
COMMAND: GET /session/2eb25f1cbe9612d735ab0219d8fb520b/screenshot - {}
RESULT: {}
COMMAND: POST /session/2eb25f1cbe9612d735ab0219d8fb520b/execute/sync - {"script":"<script> [8489 bytes]","args":[{"element-6066-11e4-a52e-4f735466cecf":"f.1920C544C16071EF810842AAA08EA988.d.5E5F470BE82BDDA3D8D36FBB2CA2640A.e.8325","ELEMENT":"f.1920C544C16071EF810842AAA08EA988.d.5E5F470BE82BDDA3D8D36FBB2CA2640A.e.8325"}]}
RESULT: {"script":"<script> [8489 bytes]","args":[{"element-6066-11e4-a52e-4f735466cecf":"f.1920C544C16071EF810842AAA08EA988.d.5E5F470BE82BDDA3D8D36FBB2CA2640A.e.8325","ELEMENT":"f.1920C544C16071EF810842AAA08EA988.d.5E5F470BE82BDDA3D8D36FBB2CA2640A.e.8325"}]}
COMMAND: GET /session/2eb25f1cbe9612d735ab0219d8fb520b/screenshot - {}
RESULT: {}
COMMAND: POST /session/2eb25f1cbe9612d735ab0219d8fb520b/execute/sync - {"script":"<script> [8489 bytes]","args":[{"element-6066-11e4-a52e-4f735466cecf":"f.1920C544C16071EF810842AAA08EA988.d.5E5F470BE82BDDA3D8D36FBB2CA2640A.e.8325","ELEMENT":"f.1920C544C16071EF810842AAA08EA988.d.5E5F470BE82BDDA3D8D36FBB2CA2640A.e.8325"}]}
RESULT: {"script":"<script> [8489 bytes]","args":[{"element-6066-11e4-a52e-4f735466cecf":"f.1920C544C16071EF810842AAA08EA988.d.5E5F470BE82BDDA3D8D36FBB2CA2640A.e.8325","ELEMENT":"f.1920C544C16071EF810842AAA08EA988.d.5E5F470BE82BDDA3D8D36FBB2CA2640A.e.8325"}]}
COMMAND: GET /session/2eb25f1cbe9612d735ab0219d8fb520b/screenshot - {}
RESULT: {}
COMMAND: POST /session/2eb25f1cbe9612d735ab0219d8fb520b/execute/sync - {"script":"<script> [8489 bytes]","args":[{"element-6066-11e4-a52e-4f735466cecf":"f.1920C544C16071EF810842AAA08EA988.d.5E5F470BE82BDDA3D8D36FBB2CA2640A.e.8325","ELEMENT":"f.1920C544C16071EF810842AAA08EA988.d.5E5F470BE82BDDA3D8D36FBB2CA2640A.e.8325"}]}
RESULT: {"script":"<script> [8489 bytes]","args":[{"element-6066-11e4-a52e-4f735466cecf":"f.1920C544C16071EF810842AAA08EA988.d.5E5F470BE82BDDA3D8D36FBB2CA2640A.e.8325","ELEMENT":"f.1920C544C16071EF810842AAA08EA988.d.5E5F470BE82BDDA3D8D36FBB2CA2640A.e.8325"}]}
COMMAND: GET /session/2eb25f1cbe9612d735ab0219d8fb520b/screenshot - {}
RESULT: {}
COMMAND: POST /session/2eb25f1cbe9612d735ab0219d8fb520b/execute/sync - {"script":"<script> [8489 bytes]","args":[{"element-6066-11e4-a52e-4f735466cecf":"f.1920C544C16071EF810842AAA08EA988.d.5E5F470BE82BDDA3D8D36FBB2CA2640A.e.8325","ELEMENT":"f.1920C544C16071EF810842AAA08EA988.d.5E5F470BE82BDDA3D8D36FBB2CA2640A.e.8325"}]}
RESULT: {"script":"<script> [8489 bytes]","args":[{"element-6066-11e4-a52e-4f735466cecf":"f.1920C544C16071EF810842AAA08EA988.d.5E5F470BE82BDDA3D8D36FBB2CA2640A.e.8325","ELEMENT":"f.1920C544C16071EF810842AAA08EA988.d.5E5F470BE82BDDA3D8D36FBB2CA2640A.e.8325"}]}
COMMAND: GET /session/2eb25f1cbe9612d735ab0219d8fb520b/screenshot - {}
RESULT: {}
COMMAND: POST /session/2eb25f1cbe9612d735ab0219d8fb520b/execute/sync - {"script":"<script> [8489 bytes]","args":[{"element-6066-11e4-a52e-4f735466cecf":"f.1920C544C16071EF810842AAA08EA988.d.5E5F470BE82BDDA3D8D36FBB2CA2640A.e.8325","ELEMENT":"f.1920C544C16071EF810842AAA08EA988.d.5E5F470BE82BDDA3D8D36FBB2CA2640A.e.8325"}]}
RESULT: {"script":"<script> [8489 bytes]","args":[{"element-6066-11e4-a52e-4f735466cecf":"f.1920C544C16071EF810842AAA08EA988.d.5E5F470BE82BDDA3D8D36FBB2CA2640A.e.8325","ELEMENT":"f.1920C544C16071EF810842AAA08EA988.d.5E5F470BE82BDDA3D8D36FBB2CA2640A.e.8325"}]}
COMMAND: GET /session/2eb25f1cbe9612d735ab0219d8fb520b/screenshot - {}
COMMAND: POST /session/2eb25f1cbe9612d735ab0219d8fb520b/execute/sync - {"script":"<script> [8489 bytes]","args":[{"element-6066-11e4-a52e-4f735466cecf":"f.1920C544C16071EF810842AAA08EA988.d.5E5F470BE82BDDA3D8D36FBB2CA2640A.e.8325","ELEMENT":"f.1920C544C16071EF810842AAA08EA988.d.5E5F470BE82BDDA3D8D36FBB2CA2640A.e.8325"}]}
RESULT: {}
RESULT: {"script":"<script> [8489 bytes]","args":[{"element-6066-11e4-a52e-4f735466cecf":"f.1920C544C16071EF810842AAA08EA988.d.5E5F470BE82BDDA3D8D36FBB2CA2640A.e.8325","ELEMENT":"f.1920C544C16071EF810842AAA08EA988.d.5E5F470BE82BDDA3D8D36FBB2CA2640A.e.8325"}]}
COMMAND: GET /session/2eb25f1cbe9612d735ab0219d8fb520b/screenshot - {}
RESULT: {}
COMMAND: POST /session/2eb25f1cbe9612d735ab0219d8fb520b/execute/sync - {"script":"<script> [8489 bytes]","args":[{"element-6066-11e4-a52e-4f735466cecf":"f.1920C544C16071EF810842AAA08EA988.d.5E5F470BE82BDDA3D8D36FBB2CA2640A.e.8325","ELEMENT":"f.1920C544C16071EF810842AAA08EA988.d.5E5F470BE82BDDA3D8D36FBB2CA2640A.e.8325"}]}
RESULT: {"script":"<script> [8489 bytes]","args":[{"element-6066-11e4-a52e-4f735466cecf":"f.1920C544C16071EF810842AAA08EA988.d.5E5F470BE82BDDA3D8D36FBB2CA2640A.e.8325","ELEMENT":"f.1920C544C16071EF810842AAA08EA988.d.5E5F470BE82BDDA3D8D36FBB2CA2640A.e.8325"}]}
COMMAND: GET /session/2eb25f1cbe9612d735ab0219d8fb520b/screenshot - {}
RESULT: {}
COMMAND: POST /session/2eb25f1cbe9612d735ab0219d8fb520b/execute/sync - {"script":"<script> [8489 bytes]","args":[{"element-6066-11e4-a52e-4f735466cecf":"f.1920C544C16071EF810842AAA08EA988.d.5E5F470BE82BDDA3D8D36FBB2CA2640A.e.8325","ELEMENT":"f.1920C544C16071EF810842AAA08EA988.d.5E5F470BE82BDDA3D8D36FBB2CA2640A.e.8325"}]}
RESULT: {"script":"<script> [8489 bytes]","args":[{"element-6066-11e4-a52e-4f735466cecf":"f.1920C544C16071EF810842AAA08EA988.d.5E5F470BE82BDDA3D8D36FBB2CA2640A.e.8325","ELEMENT":"f.1920C544C16071EF810842AAA08EA988.d.5E5F470BE82BDDA3D8D36FBB2CA2640A.e.8325"}]}
COMMAND: GET /session/2eb25f1cbe9612d735ab0219d8fb520b/screenshot - {}
RESULT: {}
COMMAND: POST /session/2eb25f1cbe9612d735ab0219d8fb520b/execute/sync - {"script":"<script> [8489 bytes]","args":[{"element-6066-11e4-a52e-4f735466cecf":"f.1920C544C16071EF810842AAA08EA988.d.5E5F470BE82BDDA3D8D36FBB2CA2640A.e.8325","ELEMENT":"f.1920C544C16071EF810842AAA08EA988.d.5E5F470BE82BDDA3D8D36FBB2CA2640A.e.8325"}]}
RESULT: {"script":"<script> [8489 bytes]","args":[{"element-6066-11e4-a52e-4f735466cecf":"f.1920C544C16071EF810842AAA08EA988.d.5E5F470BE82BDDA3D8D36FBB2CA2640A.e.8325","ELEMENT":"f.1920C544C16071EF810842AAA08EA988.d.5E5F470BE82BDDA3D8D36FBB2CA2640A.e.8325"}]}
COMMAND: GET /session/2eb25f1cbe9612d735ab0219d8fb520b/screenshot - {}
RESULT: {}
COMMAND: POST /session/2eb25f1cbe9612d735ab0219d8fb520b/execute/sync - {"script":"<script> [8489 bytes]","args":[{"element-6066-11e4-a52e-4f735466cecf":"f.1920C544C16071EF810842AAA08EA988.d.5E5F470BE82BDDA3D8D36FBB2CA2640A.e.8325","ELEMENT":"f.1920C544C16071EF810842AAA08EA988.d.5E5F470BE82BDDA3D8D36FBB2CA2640A.e.8325"}]}
RESULT: {"script":"<script> [8489 bytes]","args":[{"element-6066-11e4-a52e-4f735466cecf":"f.1920C544C16071EF810842AAA08EA988.d.5E5F470BE82BDDA3D8D36FBB2CA2640A.e.8325","ELEMENT":"f.1920C544C16071EF810842AAA08EA988.d.5E5F470BE82BDDA3D8D36FBB2CA2640A.e.8325"}]}
COMMAND: GET /session/2eb25f1cbe9612d735ab0219d8fb520b/screenshot - {}
RESULT: {}
COMMAND: POST /session/2eb25f1cbe9612d735ab0219d8fb520b/execute/sync - {"script":"<script> [8489 bytes]","args":[{"element-6066-11e4-a52e-4f735466cecf":"f.1920C544C16071EF810842AAA08EA988.d.5E5F470BE82BDDA3D8D36FBB2CA2640A.e.8325","ELEMENT":"f.1920C544C16071EF810842AAA08EA988.d.5E5F470BE82BDDA3D8D36FBB2CA2640A.e.8325"}]}
RESULT: {"script":"<script> [8489 bytes]","args":[{"element-6066-11e4-a52e-4f735466cecf":"f.1920C544C16071EF810842AAA08EA988.d.5E5F470BE82BDDA3D8D36FBB2CA2640A.e.8325","ELEMENT":"f.1920C544C16071EF810842AAA08EA988.d.5E5F470BE82BDDA3D8D36FBB2CA2640A.e.8325"}]}
COMMAND: GET /session/2eb25f1cbe9612d735ab0219d8fb520b/screenshot - {}
RESULT: {}
COMMAND: POST /session/2eb25f1cbe9612d735ab0219d8fb520b/execute/sync - {"script":"<script> [8489 bytes]","args":[{"element-6066-11e4-a52e-4f735466cecf":"f.1920C544C16071EF810842AAA08EA988.d.5E5F470BE82BDDA3D8D36FBB2CA2640A.e.8325","ELEMENT":"f.1920C544C16071EF810842AAA08EA988.d.5E5F470BE82BDDA3D8D36FBB2CA2640A.e.8325"}]}
RESULT: {"script":"<script> [8489 bytes]","args":[{"element-6066-11e4-a52e-4f735466cecf":"f.1920C544C16071EF810842AAA08EA988.d.5E5F470BE82BDDA3D8D36FBB2CA2640A.e.8325","ELEMENT":"f.1920C544C16071EF810842AAA08EA988.d.5E5F470BE82BDDA3D8D36FBB2CA2640A.e.8325"}]}
COMMAND: GET /session/2eb25f1cbe9612d735ab0219d8fb520b/screenshot - {}
RESULT: {}
COMMAND: POST /session/2eb25f1cbe9612d735ab0219d8fb520b/execute/sync - {"script":"<script> [8489 bytes]","args":[{"element-6066-11e4-a52e-4f735466cecf":"f.1920C544C16071EF810842AAA08EA988.d.5E5F470BE82BDDA3D8D36FBB2CA2640A.e.8325","ELEMENT":"f.1920C544C16071EF810842AAA08EA988.d.5E5F470BE82BDDA3D8D36FBB2CA2640A.e.8325"}]}
RESULT: {"script":"<script> [8489 bytes]","args":[{"element-6066-11e4-a52e-4f735466cecf":"f.1920C544C16071EF810842AAA08EA988.d.5E5F470BE82BDDA3D8D36FBB2CA2640A.e.8325","ELEMENT":"f.1920C544C16071EF810842AAA08EA988.d.5E5F470BE82BDDA3D8D36FBB2CA2640A.e.8325"}]}
COMMAND: GET /session/2eb25f1cbe9612d735ab0219d8fb520b/screenshot - {}
RESULT: {}
COMMAND: POST /session/2eb25f1cbe9612d735ab0219d8fb520b/execute/sync - {"script":"<script> [8489 bytes]","args":[{"element-6066-11e4-a52e-4f735466cecf":"f.1920C544C16071EF810842AAA08EA988.d.5E5F470BE82BDDA3D8D36FBB2CA2640A.e.8325","ELEMENT":"f.1920C544C16071EF810842AAA08EA988.d.5E5F470BE82BDDA3D8D36FBB2CA2640A.e.8325"}]}
RESULT: {"script":"<script> [8489 bytes]","args":[{"element-6066-11e4-a52e-4f735466cecf":"f.1920C544C16071EF810842AAA08EA988.d.5E5F470BE82BDDA3D8D36FBB2CA2640A.e.8325","ELEMENT":"f.1920C544C16071EF810842AAA08EA988.d.5E5F470BE82BDDA3D8D36FBB2CA2640A.e.8325"}]}
COMMAND: GET /session/2eb25f1cbe9612d735ab0219d8fb520b/screenshot - {}
RESULT: {}
COMMAND: POST /session/2eb25f1cbe9612d735ab0219d8fb520b/execute/sync - {"script":"<script> [8489 bytes]","args":[{"element-6066-11e4-a52e-4f735466cecf":"f.1920C544C16071EF810842AAA08EA988.d.5E5F470BE82BDDA3D8D36FBB2CA2640A.e.8325","ELEMENT":"f.1920C544C16071EF810842AAA08EA988.d.5E5F470BE82BDDA3D8D36FBB2CA2640A.e.8325"}]}
RESULT: {"script":"<script> [8489 bytes]","args":[{"element-6066-11e4-a52e-4f735466cecf":"f.1920C544C16071EF810842AAA08EA988.d.5E5F470BE82BDDA3D8D36FBB2CA2640A.e.8325","ELEMENT":"f.1920C544C16071EF810842AAA08EA988.d.5E5F470BE82BDDA3D8D36FBB2CA2640A.e.8325"}]}
COMMAND: GET /session/2eb25f1cbe9612d735ab0219d8fb520b/screenshot - {}
RESULT: {}
COMMAND: POST /session/2eb25f1cbe9612d735ab0219d8fb520b/execute/sync - {"script":"<script> [8489 bytes]","args":[{"element-6066-11e4-a52e-4f735466cecf":"f.1920C544C16071EF810842AAA08EA988.d.5E5F470BE82BDDA3D8D36FBB2CA2640A.e.8325","ELEMENT":"f.1920C544C16071EF810842AAA08EA988.d.5E5F470BE82BDDA3D8D36FBB2CA2640A.e.8325"}]}
RESULT: {"script":"<script> [8489 bytes]","args":[{"element-6066-11e4-a52e-4f735466cecf":"f.1920C544C16071EF810842AAA08EA988.d.5E5F470BE82BDDA3D8D36FBB2CA2640A.e.8325","ELEMENT":"f.1920C544C16071EF810842AAA08EA988.d.5E5F470BE82BDDA3D8D36FBB2CA2640A.e.8325"}]}
COMMAND: GET /session/2eb25f1cbe9612d735ab0219d8fb520b/screenshot - {}
RESULT: {}
COMMAND: POST /session/2eb25f1cbe9612d735ab0219d8fb520b/execute/sync - {"script":"<script> [8489 bytes]","args":[{"element-6066-11e4-a52e-4f735466cecf":"f.1920C544C16071EF810842AAA08EA988.d.5E5F470BE82BDDA3D8D36FBB2CA2640A.e.8325","ELEMENT":"f.1920C544C16071EF810842AAA08EA988.d.5E5F470BE82BDDA3D8D36FBB2CA2640A.e.8325"}]}
RESULT: {"script":"<script> [8489 bytes]","args":[{"element-6066-11e4-a52e-4f735466cecf":"f.1920C544C16071EF810842AAA08EA988.d.5E5F470BE82BDDA3D8D36FBB2CA2640A.e.8325","ELEMENT":"f.1920C544C16071EF810842AAA08EA988.d.5E5F470BE82BDDA3D8D36FBB2CA2640A.e.8325"}]}
COMMAND: GET /session/2eb25f1cbe9612d735ab0219d8fb520b/screenshot - {}
RESULT: {}
COMMAND: POST /session/2eb25f1cbe9612d735ab0219d8fb520b/execute/sync - {"script":"<script> [8489 bytes]","args":[{"element-6066-11e4-a52e-4f735466cecf":"f.1920C544C16071EF810842AAA08EA988.d.5E5F470BE82BDDA3D8D36FBB2CA2640A.e.8325","ELEMENT":"f.1920C544C16071EF810842AAA08EA988.d.5E5F470BE82BDDA3D8D36FBB2CA2640A.e.8325"}]}
RESULT: {"script":"<script> [8489 bytes]","args":[{"element-6066-11e4-a52e-4f735466cecf":"f.1920C544C16071EF810842AAA08EA988.d.5E5F470BE82BDDA3D8D36FBB2CA2640A.e.8325","ELEMENT":"f.1920C544C16071EF810842AAA08EA988.d.5E5F470BE82BDDA3D8D36FBB2CA2640A.e.8325"}]}
COMMAND: GET /session/2eb25f1cbe9612d735ab0219d8fb520b/screenshot - {}
RESULT: {}
COMMAND: POST /session/2eb25f1cbe9612d735ab0219d8fb520b/execute/sync - {"script":"<script> [8489 bytes]","args":[{"element-6066-11e4-a52e-4f735466cecf":"f.1920C544C16071EF810842AAA08EA988.d.5E5F470BE82BDDA3D8D36FBB2CA2640A.e.8325","ELEMENT":"f.1920C544C16071EF810842AAA08EA988.d.5E5F470BE82BDDA3D8D36FBB2CA2640A.e.8325"}]}
RESULT: {"script":"<script> [8489 bytes]","args":[{"element-6066-11e4-a52e-4f735466cecf":"f.1920C544C16071EF810842AAA08EA988.d.5E5F470BE82BDDA3D8D36FBB2CA2640A.e.8325","ELEMENT":"f.1920C544C16071EF810842AAA08EA988.d.5E5F470BE82BDDA3D8D36FBB2CA2640A.e.8325"}]}
COMMAND: GET /session/2eb25f1cbe9612d735ab0219d8fb520b/screenshot - {}
RESULT: {}
COMMAND: POST /session/2eb25f1cbe9612d735ab0219d8fb520b/execute/sync - {"script":"<script> [8489 bytes]","args":[{"element-6066-11e4-a52e-4f735466cecf":"f.1920C544C16071EF810842AAA08EA988.d.5E5F470BE82BDDA3D8D36FBB2CA2640A.e.8325","ELEMENT":"f.1920C544C16071EF810842AAA08EA988.d.5E5F470BE82BDDA3D8D36FBB2CA2640A.e.8325"}]}
RESULT: {"script":"<script> [8489 bytes]","args":[{"element-6066-11e4-a52e-4f735466cecf":"f.1920C544C16071EF810842AAA08EA988.d.5E5F470BE82BDDA3D8D36FBB2CA2640A.e.8325","ELEMENT":"f.1920C544C16071EF810842AAA08EA988.d.5E5F470BE82BDDA3D8D36FBB2CA2640A.e.8325"}]}
COMMAND: GET /session/2eb25f1cbe9612d735ab0219d8fb520b/screenshot - {}
RESULT: {}
COMMAND: POST /session/2eb25f1cbe9612d735ab0219d8fb520b/execute/sync - {"script":"<script> [8489 bytes]","args":[{"element-6066-11e4-a52e-4f735466cecf":"f.1920C544C16071EF810842AAA08EA988.d.5E5F470BE82BDDA3D8D36FBB2CA2640A.e.8325","ELEMENT":"f.1920C544C16071EF810842AAA08EA988.d.5E5F470BE82BDDA3D8D36FBB2CA2640A.e.8325"}]}
RESULT: {"script":"<script> [8489 bytes]","args":[{"element-6066-11e4-a52e-4f735466cecf":"f.1920C544C16071EF810842AAA08EA988.d.5E5F470BE82BDDA3D8D36FBB2CA2640A.e.8325","ELEMENT":"f.1920C544C16071EF810842AAA08EA988.d.5E5F470BE82BDDA3D8D36FBB2CA2640A.e.8325"}]}
COMMAND: GET /session/2eb25f1cbe9612d735ab0219d8fb520b/screenshot - {}
RESULT: {}
COMMAND: POST /session/2eb25f1cbe9612d735ab0219d8fb520b/execute/sync - {"script":"<script> [8489 bytes]","args":[{"element-6066-11e4-a52e-4f735466cecf":"f.1920C544C16071EF810842AAA08EA988.d.5E5F470BE82BDDA3D8D36FBB2CA2640A.e.8325","ELEMENT":"f.1920C544C16071EF810842AAA08EA988.d.5E5F470BE82BDDA3D8D36FBB2CA2640A.e.8325"}]}
RESULT: {"script":"<script> [8489 bytes]","args":[{"element-6066-11e4-a52e-4f735466cecf":"f.1920C544C16071EF810842AAA08EA988.d.5E5F470BE82BDDA3D8D36FBB2CA2640A.e.8325","ELEMENT":"f.1920C544C16071EF810842AAA08EA988.d.5E5F470BE82BDDA3D8D36FBB2CA2640A.e.8325"}]}
COMMAND: GET /session/2eb25f1cbe9612d735ab0219d8fb520b/screenshot - {}
RESULT: {}
COMMAND: POST /session/2eb25f1cbe9612d735ab0219d8fb520b/execute/sync - {"script":"<script> [8489 bytes]","args":[{"element-6066-11e4-a52e-4f735466cecf":"f.1920C544C16071EF810842AAA08EA988.d.5E5F470BE82BDDA3D8D36FBB2CA2640A.e.8325","ELEMENT":"f.1920C544C16071EF810842AAA08EA988.d.5E5F470BE82BDDA3D8D36FBB2CA2640A.e.8325"}]}
RESULT: {"script":"<script> [8489 bytes]","args":[{"element-6066-11e4-a52e-4f735466cecf":"f.1920C544C16071EF810842AAA08EA988.d.5E5F470BE82BDDA3D8D36FBB2CA2640A.e.8325","ELEMENT":"f.1920C544C16071EF810842AAA08EA988.d.5E5F470BE82BDDA3D8D36FBB2CA2640A.e.8325"}]}
COMMAND: GET /session/2eb25f1cbe9612d735ab0219d8fb520b/screenshot - {}
RESULT: {}
COMMAND: POST /session/2eb25f1cbe9612d735ab0219d8fb520b/execute/sync - {"script":"<script> [8489 bytes]","args":[{"element-6066-11e4-a52e-4f735466cecf":"f.1920C544C16071EF810842AAA08EA988.d.5E5F470BE82BDDA3D8D36FBB2CA2640A.e.8325","ELEMENT":"f.1920C544C16071EF810842AAA08EA988.d.5E5F470BE82BDDA3D8D36FBB2CA2640A.e.8325"}]}
RESULT: {"script":"<script> [8489 bytes]","args":[{"element-6066-11e4-a52e-4f735466cecf":"f.1920C544C16071EF810842AAA08EA988.d.5E5F470BE82BDDA3D8D36FBB2CA2640A.e.8325","ELEMENT":"f.1920C544C16071EF810842AAA08EA988.d.5E5F470BE82BDDA3D8D36FBB2CA2640A.e.8325"}]}
COMMAND: GET /session/2eb25f1cbe9612d735ab0219d8fb520b/screenshot - {}
RESULT: {}
COMMAND: POST /session/2eb25f1cbe9612d735ab0219d8fb520b/execute/sync - {"script":"<script> [8489 bytes]","args":[{"element-6066-11e4-a52e-4f735466cecf":"f.1920C544C16071EF810842AAA08EA988.d.5E5F470BE82BDDA3D8D36FBB2CA2640A.e.8325","ELEMENT":"f.1920C544C16071EF810842AAA08EA988.d.5E5F470BE82BDDA3D8D36FBB2CA2640A.e.8325"}]}
RESULT: {"script":"<script> [8489 bytes]","args":[{"element-6066-11e4-a52e-4f735466cecf":"f.1920C544C16071EF810842AAA08EA988.d.5E5F470BE82BDDA3D8D36FBB2CA2640A.e.8325","ELEMENT":"f.1920C544C16071EF810842AAA08EA988.d.5E5F470BE82BDDA3D8D36FBB2CA2640A.e.8325"}]}
COMMAND: GET /session/2eb25f1cbe9612d735ab0219d8fb520b/screenshot - {}
RESULT: {}
COMMAND: POST /session/2eb25f1cbe9612d735ab0219d8fb520b/execute/sync - {"script":"<script> [8489 bytes]","args":[{"element-6066-11e4-a52e-4f735466cecf":"f.1920C544C16071EF810842AAA08EA988.d.5E5F470BE82BDDA3D8D36FBB2CA2640A.e.8325","ELEMENT":"f.1920C544C16071EF810842AAA08EA988.d.5E5F470BE82BDDA3D8D36FBB2CA2640A.e.8325"}]}
RESULT: {"script":"<script> [8489 bytes]","args":[{"element-6066-11e4-a52e-4f735466cecf":"f.1920C544C16071EF810842AAA08EA988.d.5E5F470BE82BDDA3D8D36FBB2CA2640A.e.8325","ELEMENT":"f.1920C544C16071EF810842AAA08EA988.d.5E5F470BE82BDDA3D8D36FBB2CA2640A.e.8325"}]}
COMMAND: GET /session/2eb25f1cbe9612d735ab0219d8fb520b/screenshot - {}
RESULT: {}
COMMAND: POST /session/2eb25f1cbe9612d735ab0219d8fb520b/execute/sync - {"script":"<script> [8489 bytes]","args":[{"element-6066-11e4-a52e-4f735466cecf":"f.1920C544C16071EF810842AAA08EA988.d.5E5F470BE82BDDA3D8D36FBB2CA2640A.e.8325","ELEMENT":"f.1920C544C16071EF810842AAA08EA988.d.5E5F470BE82BDDA3D8D36FBB2CA2640A.e.8325"}]}
RESULT: {"script":"<script> [8489 bytes]","args":[{"element-6066-11e4-a52e-4f735466cecf":"f.1920C544C16071EF810842AAA08EA988.d.5E5F470BE82BDDA3D8D36FBB2CA2640A.e.8325","ELEMENT":"f.1920C544C16071EF810842AAA08EA988.d.5E5F470BE82BDDA3D8D36FBB2CA2640A.e.8325"}]}
COMMAND: GET /session/2eb25f1cbe9612d735ab0219d8fb520b/screenshot - {}
RESULT: {}
COMMAND: POST /session/2eb25f1cbe9612d735ab0219d8fb520b/execute/sync - {"script":"<script> [8489 bytes]","args":[{"element-6066-11e4-a52e-4f735466cecf":"f.1920C544C16071EF810842AAA08EA988.d.5E5F470BE82BDDA3D8D36FBB2CA2640A.e.8325","ELEMENT":"f.1920C544C16071EF810842AAA08EA988.d.5E5F470BE82BDDA3D8D36FBB2CA2640A.e.8325"}]}
RESULT: {"script":"<script> [8489 bytes]","args":[{"element-6066-11e4-a52e-4f735466cecf":"f.1920C544C16071EF810842AAA08EA988.d.5E5F470BE82BDDA3D8D36FBB2CA2640A.e.8325","ELEMENT":"f.1920C544C16071EF810842AAA08EA988.d.5E5F470BE82BDDA3D8D36FBB2CA2640A.e.8325"}]}
COMMAND: GET /session/2eb25f1cbe9612d735ab0219d8fb520b/screenshot - {}
RESULT: {}
]]></system-out>
    </testcase>
  </testsuite>
  <testsuite timestamp="2025-04-25T16:49:26" time="477.089" tests="6" failures="0" errors="0" skipped="0">
    <properties>
      <property name="specId" value="0" />
      <property name="suiteName" value="Provide to Site w/ warehouse management w/o clarification US113782 " />
      <property name="capabilities" value="chrome.135_0_7049_96.windows" />
      <property name="file" value="file:///D:/a/1/s/test/specs/HTR/provide-to-site-w-warehouse-wo-clarification.spec.js" />
    </properties>
    <testcase classname="chrome.135_0_7049_96.windows.Provide_to_Site_w/_warehouse_management_w/o_clarification_US113782_" name="Should create a WHM yard" time="110.076">
      <system-out><![CDATA[
COMMAND: POST /session/2eb25f1cbe9612d735ab0219d8fb520b/execute/async - {"script":"<script> [1562 bytes]","args":[{"selector":{"controlType":"sap.m.GenericTile","properties":{"header":"Manage Yards"}},"wdio_ui5_key":"sapm.GenericTile{\"header\":\"Manage Yards\"}"}]}
RESULT: {}
RESULT: {"script":"<script> [1562 bytes]","args":[{"selector":{"controlType":"sap.m.GenericTile","properties":{"header":"Manage Yards"}},"wdio_ui5_key":"sapm.GenericTile{\"header\":\"Manage Yards\"}"}]}
RESULT: undefined
COMMAND: POST /session/2eb25f1cbe9612d735ab0219d8fb520b/element - {"using":"xpath","value":"//*[@id=\"__tile41\"]"}
RESULT: {"using":"xpath","value":"//*[@id=\"__tile41\"]"}
COMMAND: POST /session/2eb25f1cbe9612d735ab0219d8fb520b/element/f.1920C544C16071EF810842AAA08EA988.d.BDFA18C235149EA40E267BA9B9A1FFE2.e.9087/click - {}
RESULT: {}
COMMAND: POST /session/2eb25f1cbe9612d735ab0219d8fb520b/execute/async - {"script":"<script> [1562 bytes]","args":[{"selector":{"controlType":"sap.ui.core.Icon","viewName":"etm.portal.ui.manageyards.view.Master","viewId":"application-manageyards-display-component---masterYard","properties":{"src":{"regex":{"source":"add"}}}},"wdio_ui5_key":"etmportal.ui.manageyards.view.Mastersap.ui.core.Icon{\"src\":{\"regex\":{\"source\":\"add\"}}}"}]}
COMMAND: GET /session/2eb25f1cbe9612d735ab0219d8fb520b/screenshot - {}
RESULT: {"script":"<script> [1562 bytes]","args":[{"selector":{"controlType":"sap.ui.core.Icon","viewName":"etm.portal.ui.manageyards.view.Master","viewId":"application-manageyards-display-component---masterYard","properties":{"src":{"regex":{"source":"add"}}}},"wdio_ui5_key":"etmportal.ui.manageyards.view.Mastersap.ui.core.Icon{\"src\":{\"regex\":{\"source\":\"add\"}}}"}]}
RESULT: undefined
COMMAND: POST /session/2eb25f1cbe9612d735ab0219d8fb520b/element - {"using":"xpath","value":"//*[@id=\"__button4-img\"]"}
RESULT: {}
RESULT: {"using":"xpath","value":"//*[@id=\"__button4-img\"]"}
COMMAND: POST /session/2eb25f1cbe9612d735ab0219d8fb520b/element/f.1920C544C16071EF810842AAA08EA988.d.BDFA18C235149EA40E267BA9B9A1FFE2.e.9133/click - {}
RESULT: {}
COMMAND: POST /session/2eb25f1cbe9612d735ab0219d8fb520b/execute/async - {"script":"<script> [1562 bytes]","args":[{"selector":{"id":"application-manageyards-display-component---NewYard--addressDetailDetailsName1","interaction":{"idSuffix":"inner"}},"wdio_ui5_key":"applicationmanageyards-display-component---NewYard--addressDetailDetailsName1"}]}
COMMAND: GET /session/2eb25f1cbe9612d735ab0219d8fb520b/screenshot - {}
RESULT: {"script":"<script> [1562 bytes]","args":[{"selector":{"id":"application-manageyards-display-component---NewYard--addressDetailDetailsName1","interaction":{"idSuffix":"inner"}},"wdio_ui5_key":"applicationmanageyards-display-component---NewYard--addressDetailDetailsName1"}]}
RESULT: undefined
COMMAND: POST /session/2eb25f1cbe9612d735ab0219d8fb520b/execute/async - {"script":"<script> [776 bytes]","args":[{"enterText":"warehouse managed Yard","selector":{"id":"application-manageyards-display-component---NewYard--addressDetailDetailsName1","interaction":{"idSuffix":"inner"}},"clearTextFirst":true,"interactionType":"ENTER_TEXT"}]}
RESULT: {}
RESULT: {"script":"<script> [776 bytes]","args":[{"enterText":"warehouse managed Yard","selector":{"id":"application-manageyards-display-component---NewYard--addressDetailDetailsName1","interaction":{"idSuffix":"inner"}},"clearTextFirst":true,"interactionType":"ENTER_TEXT"}]}
COMMAND: POST /session/2eb25f1cbe9612d735ab0219d8fb520b/execute/async - {"script":"<script> [1562 bytes]","args":[{"selector":{"id":"application-manageyards-display-component---NewYard--addressDetailDetailsLanguage-arrow"},"wdio_ui5_key":"applicationmanageyards-display-component---NewYard--addressDetailDetailsLanguage-arrow"}]}
RESULT: {"script":"<script> [1562 bytes]","args":[{"selector":{"id":"application-manageyards-display-component---NewYard--addressDetailDetailsLanguage-arrow"},"wdio_ui5_key":"applicationmanageyards-display-component---NewYard--addressDetailDetailsLanguage-arrow"}]}
RESULT: undefined
COMMAND: POST /session/2eb25f1cbe9612d735ab0219d8fb520b/element - {"using":"xpath","value":"//*[@id=\"application-manageyards-display-component---NewYard--addressDetailDetailsLanguage-arrow\"]"}
RESULT: {"using":"xpath","value":"//*[@id=\"application-manageyards-display-component---NewYard--addressDetailDetailsLanguage-arrow\"]"}
COMMAND: POST /session/2eb25f1cbe9612d735ab0219d8fb520b/element/f.1920C544C16071EF810842AAA08EA988.d.BDFA18C235149EA40E267BA9B9A1FFE2.e.9538/click - {}
RESULT: {}
COMMAND: POST /session/2eb25f1cbe9612d735ab0219d8fb520b/execute/async - {"script":"<script> [1562 bytes]","args":[{"selector":{"controlType":"sap.m.StandardListItem","viewName":"etm.portal.ui.manageyards.view.New","viewId":"application-manageyards-display-component---NewYard","properties":{"title":"English"},"searchOpenDialogs":true,"interaction":{"idSuffix":"content"}},"wdio_ui5_key":"etmportal.ui.manageyards.view.Newsap.m.StandardListItem{\"title\":\"English\"}"}]}
COMMAND: GET /session/2eb25f1cbe9612d735ab0219d8fb520b/screenshot - {}
RESULT: {"script":"<script> [1562 bytes]","args":[{"selector":{"controlType":"sap.m.StandardListItem","viewName":"etm.portal.ui.manageyards.view.New","viewId":"application-manageyards-display-component---NewYard","properties":{"title":"English"},"searchOpenDialogs":true,"interaction":{"idSuffix":"content"}},"wdio_ui5_key":"etmportal.ui.manageyards.view.Newsap.m.StandardListItem{\"title\":\"English\"}"}]}
RESULT: undefined
COMMAND: POST /session/2eb25f1cbe9612d735ab0219d8fb520b/element - {"using":"xpath","value":"//*[@id=\"__item101\"]"}
RESULT: {}
RESULT: {"using":"xpath","value":"//*[@id=\"__item101\"]"}
COMMAND: POST /session/2eb25f1cbe9612d735ab0219d8fb520b/element/f.1920C544C16071EF810842AAA08EA988.d.BDFA18C235149EA40E267BA9B9A1FFE2.e.9540/click - {}
RESULT: {}
COMMAND: POST /session/2eb25f1cbe9612d735ab0219d8fb520b/execute/async - {"script":"<script> [1562 bytes]","args":[{"selector":{"id":"application-manageyards-display-component---NewYard--addressDetailDetailsCity1","interaction":{"idSuffix":"inner"}},"wdio_ui5_key":"applicationmanageyards-display-component---NewYard--addressDetailDetailsCity1"}]}
COMMAND: GET /session/2eb25f1cbe9612d735ab0219d8fb520b/screenshot - {}
RESULT: {"script":"<script> [1562 bytes]","args":[{"selector":{"id":"application-manageyards-display-component---NewYard--addressDetailDetailsCity1","interaction":{"idSuffix":"inner"}},"wdio_ui5_key":"applicationmanageyards-display-component---NewYard--addressDetailDetailsCity1"}]}
RESULT: undefined
COMMAND: POST /session/2eb25f1cbe9612d735ab0219d8fb520b/execute/async - {"script":"<script> [776 bytes]","args":[{"enterText":"Rosario","selector":{"id":"application-manageyards-display-component---NewYard--addressDetailDetailsCity1","interaction":{"idSuffix":"inner"}},"clearTextFirst":true,"interactionType":"ENTER_TEXT"}]}
RESULT: {}
RESULT: {"script":"<script> [776 bytes]","args":[{"enterText":"Rosario","selector":{"id":"application-manageyards-display-component---NewYard--addressDetailDetailsCity1","interaction":{"idSuffix":"inner"}},"clearTextFirst":true,"interactionType":"ENTER_TEXT"}]}
COMMAND: POST /session/2eb25f1cbe9612d735ab0219d8fb520b/execute/async - {"script":"<script> [1562 bytes]","args":[{"selector":{"id":"application-manageyards-display-component---NewYard--addressDetailDetailsCountry-arrow"},"wdio_ui5_key":"applicationmanageyards-display-component---NewYard--addressDetailDetailsCountry-arrow"}]}
RESULT: {"script":"<script> [1562 bytes]","args":[{"selector":{"id":"application-manageyards-display-component---NewYard--addressDetailDetailsCountry-arrow"},"wdio_ui5_key":"applicationmanageyards-display-component---NewYard--addressDetailDetailsCountry-arrow"}]}
RESULT: undefined
COMMAND: POST /session/2eb25f1cbe9612d735ab0219d8fb520b/element - {"using":"xpath","value":"//*[@id=\"application-manageyards-display-component---NewYard--addressDetailDetailsCountry-arrow\"]"}
RESULT: {"using":"xpath","value":"//*[@id=\"application-manageyards-display-component---NewYard--addressDetailDetailsCountry-arrow\"]"}
COMMAND: POST /session/2eb25f1cbe9612d735ab0219d8fb520b/element/f.1920C544C16071EF810842AAA08EA988.d.BDFA18C235149EA40E267BA9B9A1FFE2.e.9501/click - {}
RESULT: {}
COMMAND: POST /session/2eb25f1cbe9612d735ab0219d8fb520b/execute/async - {"script":"<script> [1562 bytes]","args":[{"selector":{"controlType":"sap.m.StandardListItem","viewName":"etm.portal.ui.manageyards.view.New","viewId":"application-manageyards-display-component---NewYard","properties":{"title":"Argentina"},"searchOpenDialogs":true,"interaction":{"idSuffix":"content"}},"wdio_ui5_key":"etmportal.ui.manageyards.view.Newsap.m.StandardListItem{\"title\":\"Argentina\"}"}]}
COMMAND: GET /session/2eb25f1cbe9612d735ab0219d8fb520b/screenshot - {}
RESULT: {"script":"<script> [1562 bytes]","args":[{"selector":{"controlType":"sap.m.StandardListItem","viewName":"etm.portal.ui.manageyards.view.New","viewId":"application-manageyards-display-component---NewYard","properties":{"title":"Argentina"},"searchOpenDialogs":true,"interaction":{"idSuffix":"content"}},"wdio_ui5_key":"etmportal.ui.manageyards.view.Newsap.m.StandardListItem{\"title\":\"Argentina\"}"}]}
RESULT: undefined
COMMAND: POST /session/2eb25f1cbe9612d735ab0219d8fb520b/element - {"using":"xpath","value":"//*[@id=\"__item144\"]"}
RESULT: {}
RESULT: {"using":"xpath","value":"//*[@id=\"__item144\"]"}
COMMAND: POST /session/2eb25f1cbe9612d735ab0219d8fb520b/element/f.1920C544C16071EF810842AAA08EA988.d.BDFA18C235149EA40E267BA9B9A1FFE2.e.9544/click - {}
RESULT: {}
COMMAND: POST /session/2eb25f1cbe9612d735ab0219d8fb520b/execute/async - {"script":"<script> [1562 bytes]","args":[{"selector":{"controlType":"sap.m.Button","viewName":"etm.portal.ui.manageyards.view.New","viewId":"application-manageyards-display-component---NewYard","properties":{"text":"Commercial"},"interaction":{"idSuffix":"BDI-content"}},"wdio_ui5_key":"etmportal.ui.manageyards.view.Newsap.m.Button{\"text\":\"Commercial\"}"}]}
COMMAND: GET /session/2eb25f1cbe9612d735ab0219d8fb520b/screenshot - {}
RESULT: {"script":"<script> [1562 bytes]","args":[{"selector":{"controlType":"sap.m.Button","viewName":"etm.portal.ui.manageyards.view.New","viewId":"application-manageyards-display-component---NewYard","properties":{"text":"Commercial"},"interaction":{"idSuffix":"BDI-content"}},"wdio_ui5_key":"etmportal.ui.manageyards.view.Newsap.m.Button{\"text\":\"Commercial\"}"}]}
RESULT: undefined
COMMAND: POST /session/2eb25f1cbe9612d735ab0219d8fb520b/element - {"using":"xpath","value":"//*[@id=\"application-manageyards-display-component---NewYard--ObjectPageLayout-anchBar-__section5-anchor\"]"}
RESULT: {}
RESULT: {"using":"xpath","value":"//*[@id=\"application-manageyards-display-component---NewYard--ObjectPageLayout-anchBar-__section5-anchor\"]"}
COMMAND: POST /session/2eb25f1cbe9612d735ab0219d8fb520b/element/f.1920C544C16071EF810842AAA08EA988.d.BDFA18C235149EA40E267BA9B9A1FFE2.e.9546/click - {}
RESULT: {}
COMMAND: GET /session/2eb25f1cbe9612d735ab0219d8fb520b/screenshot - {}
RESULT: {}
COMMAND: POST /session/2eb25f1cbe9612d735ab0219d8fb520b/execute/async - {"script":"<script> [1562 bytes]","args":[{"selector":{"id":"application-manageyards-display-component---NewYard--addressEditDetailsCostObjectCstType-arrow"},"wdio_ui5_key":"applicationmanageyards-display-component---NewYard--addressEditDetailsCostObjectCstType-arrow"}]}
RESULT: {"script":"<script> [1562 bytes]","args":[{"selector":{"id":"application-manageyards-display-component---NewYard--addressEditDetailsCostObjectCstType-arrow"},"wdio_ui5_key":"applicationmanageyards-display-component---NewYard--addressEditDetailsCostObjectCstType-arrow"}]}
RESULT: undefined
COMMAND: POST /session/2eb25f1cbe9612d735ab0219d8fb520b/element - {"using":"xpath","value":"//*[@id=\"application-manageyards-display-component---NewYard--addressEditDetailsCostObjectCstType-arrow\"]"}
RESULT: {"using":"xpath","value":"//*[@id=\"application-manageyards-display-component---NewYard--addressEditDetailsCostObjectCstType-arrow\"]"}
COMMAND: POST /session/2eb25f1cbe9612d735ab0219d8fb520b/element/f.1920C544C16071EF810842AAA08EA988.d.BDFA18C235149EA40E267BA9B9A1FFE2.e.9555/click - {}
RESULT: {}
COMMAND: GET /session/2eb25f1cbe9612d735ab0219d8fb520b/screenshot - {}
RESULT: {}
COMMAND: POST /session/2eb25f1cbe9612d735ab0219d8fb520b/execute/async - {"script":"<script> [1562 bytes]","args":[{"selector":{"controlType":"sap.m.StandardListItem","viewName":"etm.portal.ui.manageyards.view.New","viewId":"application-manageyards-display-component---NewYard","properties":{"title":"Cost Center"},"searchOpenDialogs":true,"interaction":{"idSuffix":"titleText"}},"wdio_ui5_key":"etmportal.ui.manageyards.view.Newsap.m.StandardListItem{\"title\":\"Cost Center\"}"}]}
RESULT: {"script":"<script> [1562 bytes]","args":[{"selector":{"controlType":"sap.m.StandardListItem","viewName":"etm.portal.ui.manageyards.view.New","viewId":"application-manageyards-display-component---NewYard","properties":{"title":"Cost Center"},"searchOpenDialogs":true,"interaction":{"idSuffix":"titleText"}},"wdio_ui5_key":"etmportal.ui.manageyards.view.Newsap.m.StandardListItem{\"title\":\"Cost Center\"}"}]}
RESULT: undefined
COMMAND: POST /session/2eb25f1cbe9612d735ab0219d8fb520b/element - {"using":"xpath","value":"//*[@id=\"__item234\"]"}
RESULT: {"using":"xpath","value":"//*[@id=\"__item234\"]"}
COMMAND: POST /session/2eb25f1cbe9612d735ab0219d8fb520b/element/f.1920C544C16071EF810842AAA08EA988.d.BDFA18C235149EA40E267BA9B9A1FFE2.e.9557/click - {}
RESULT: {}
COMMAND: POST /session/2eb25f1cbe9612d735ab0219d8fb520b/element - {"using":"xpath","value":"//input[@id=\"application-manageyards-display-component---NewYard--addressNewCostObjectCstID-inner\"]"}
COMMAND: GET /session/2eb25f1cbe9612d735ab0219d8fb520b/screenshot - {}
RESULT: {"using":"xpath","value":"//input[@id=\"application-manageyards-display-component---NewYard--addressNewCostObjectCstID-inner\"]"}
COMMAND: POST /session/2eb25f1cbe9612d735ab0219d8fb520b/element/f.1920C544C16071EF810842AAA08EA988.d.BDFA18C235149EA40E267BA9B9A1FFE2.e.9361/clear - {}
RESULT: {}
COMMAND: POST /session/2eb25f1cbe9612d735ab0219d8fb520b/element - {"using":"xpath","value":"//input[@id=\"application-manageyards-display-component---NewYard--addressNewCostObjectCstID-inner\"]"}
RESULT: {"using":"xpath","value":"//input[@id=\"application-manageyards-display-component---NewYard--addressNewCostObjectCstID-inner\"]"}
COMMAND: POST /session/2eb25f1cbe9612d735ab0219d8fb520b/element/f.1920C544C16071EF810842AAA08EA988.d.BDFA18C235149EA40E267BA9B9A1FFE2.e.9361/clear - {}
COMMAND: POST /session/2eb25f1cbe9612d735ab0219d8fb520b/element - {"using":"xpath","value":"//input[@id=\"application-manageyards-display-component---NewYard--addressNewCostObjectCstID-inner\"]"}
RESULT: {"using":"xpath","value":"//input[@id=\"application-manageyards-display-component---NewYard--addressNewCostObjectCstID-inner\"]"}
COMMAND: POST /session/2eb25f1cbe9612d735ab0219d8fb520b/element/f.1920C544C16071EF810842AAA08EA988.d.BDFA18C235149EA40E267BA9B9A1FFE2.e.9561/clear - {}
COMMAND: POST /session/2eb25f1cbe9612d735ab0219d8fb520b/element - {"using":"xpath","value":"//input[@id=\"application-manageyards-display-component---NewYard--addressNewCostObjectCstID-inner\"]"}
RESULT: {"using":"xpath","value":"//input[@id=\"application-manageyards-display-component---NewYard--addressNewCostObjectCstID-inner\"]"}
COMMAND: POST /session/2eb25f1cbe9612d735ab0219d8fb520b/element/f.1920C544C16071EF810842AAA08EA988.d.BDFA18C235149EA40E267BA9B9A1FFE2.e.9561/clear - {}
COMMAND: POST /session/2eb25f1cbe9612d735ab0219d8fb520b/element - {"using":"xpath","value":"//input[@id=\"application-manageyards-display-component---NewYard--addressNewCostObjectCstID-inner\"]"}
RESULT: {"using":"xpath","value":"//input[@id=\"application-manageyards-display-component---NewYard--addressNewCostObjectCstID-inner\"]"}
COMMAND: POST /session/2eb25f1cbe9612d735ab0219d8fb520b/element/f.1920C544C16071EF810842AAA08EA988.d.BDFA18C235149EA40E267BA9B9A1FFE2.e.9563/clear - {}
RESULT: {}
COMMAND: POST /session/2eb25f1cbe9612d735ab0219d8fb520b/element/f.1920C544C16071EF810842AAA08EA988.d.BDFA18C235149EA40E267BA9B9A1FFE2.e.9563/value - {"text":"10001013"}
COMMAND: GET /session/2eb25f1cbe9612d735ab0219d8fb520b/screenshot - {}
RESULT: {"text":"10001013"}
COMMAND: GET /session/2eb25f1cbe9612d735ab0219d8fb520b/screenshot - {}
RESULT: {}
RESULT: {}
COMMAND: POST /session/2eb25f1cbe9612d735ab0219d8fb520b/execute/async - {"script":"<script> [1562 bytes]","args":[{"selector":{"controlType":"sap.m.StandardListItem","viewName":"etm.portal.ui.manageyards.view.New","viewId":"application-manageyards-display-component---NewYard","properties":{"type":"Active"},"searchOpenDialogs":true,"interaction":{"idSuffix":"titleText"}},"wdio_ui5_key":"etmportal.ui.manageyards.view.Newsap.m.StandardListItem{\"type\":\"Active\"}"}]}
RESULT: {"script":"<script> [1562 bytes]","args":[{"selector":{"controlType":"sap.m.StandardListItem","viewName":"etm.portal.ui.manageyards.view.New","viewId":"application-manageyards-display-component---NewYard","properties":{"type":"Active"},"searchOpenDialogs":true,"interaction":{"idSuffix":"titleText"}},"wdio_ui5_key":"etmportal.ui.manageyards.view.Newsap.m.StandardListItem{\"type\":\"Active\"}"}]}
RESULT: undefined
COMMAND: POST /session/2eb25f1cbe9612d735ab0219d8fb520b/element - {"using":"xpath","value":"//*[@id=\"__item339\"]"}
RESULT: {"using":"xpath","value":"//*[@id=\"__item339\"]"}
COMMAND: POST /session/2eb25f1cbe9612d735ab0219d8fb520b/element/f.1920C544C16071EF810842AAA08EA988.d.BDFA18C235149EA40E267BA9B9A1FFE2.e.9567/click - {}
RESULT: {}
COMMAND: POST /session/2eb25f1cbe9612d735ab0219d8fb520b/execute/async - {"script":"<script> [1562 bytes]","args":[{"selector":{"id":"application-manageyards-display-component---NewYard--addressEditDetailsCurrency-arrow"},"wdio_ui5_key":"applicationmanageyards-display-component---NewYard--addressEditDetailsCurrency-arrow"}]}
COMMAND: GET /session/2eb25f1cbe9612d735ab0219d8fb520b/screenshot - {}
RESULT: {"script":"<script> [1562 bytes]","args":[{"selector":{"id":"application-manageyards-display-component---NewYard--addressEditDetailsCurrency-arrow"},"wdio_ui5_key":"applicationmanageyards-display-component---NewYard--addressEditDetailsCurrency-arrow"}]}
RESULT: undefined
COMMAND: POST /session/2eb25f1cbe9612d735ab0219d8fb520b/element - {"using":"xpath","value":"//*[@id=\"application-manageyards-display-component---NewYard--addressEditDetailsCurrency-arrow\"]"}
RESULT: {}
RESULT: {"using":"xpath","value":"//*[@id=\"application-manageyards-display-component---NewYard--addressEditDetailsCurrency-arrow\"]"}
COMMAND: POST /session/2eb25f1cbe9612d735ab0219d8fb520b/element/f.1920C544C16071EF810842AAA08EA988.d.BDFA18C235149EA40E267BA9B9A1FFE2.e.9569/click - {}
RESULT: {}
COMMAND: POST /session/2eb25f1cbe9612d735ab0219d8fb520b/execute/async - {"script":"<script> [1562 bytes]","args":[{"selector":{"controlType":"sap.m.StandardListItem","viewName":"etm.portal.ui.manageyards.view.New","viewId":"application-manageyards-display-component---NewYard","properties":{"title":"Euro"},"searchOpenDialogs":true,"interaction":{"idSuffix":"content"}},"wdio_ui5_key":"etmportal.ui.manageyards.view.Newsap.m.StandardListItem{\"title\":\"Euro\"}"}]}
COMMAND: GET /session/2eb25f1cbe9612d735ab0219d8fb520b/screenshot - {}
RESULT: {"script":"<script> [1562 bytes]","args":[{"selector":{"controlType":"sap.m.StandardListItem","viewName":"etm.portal.ui.manageyards.view.New","viewId":"application-manageyards-display-component---NewYard","properties":{"title":"Euro"},"searchOpenDialogs":true,"interaction":{"idSuffix":"content"}},"wdio_ui5_key":"etmportal.ui.manageyards.view.Newsap.m.StandardListItem{\"title\":\"Euro\"}"}]}
RESULT: undefined
COMMAND: POST /session/2eb25f1cbe9612d735ab0219d8fb520b/element - {"using":"xpath","value":"//*[@id=\"__item340\"]"}
RESULT: {}
RESULT: {"using":"xpath","value":"//*[@id=\"__item340\"]"}
COMMAND: POST /session/2eb25f1cbe9612d735ab0219d8fb520b/element/f.1920C544C16071EF810842AAA08EA988.d.BDFA18C235149EA40E267BA9B9A1FFE2.e.9571/click - {}
RESULT: {}
COMMAND: POST /session/2eb25f1cbe9612d735ab0219d8fb520b/execute/async - {"script":"<script> [1562 bytes]","args":[{"selector":{"controlType":"sap.m.Input","viewName":"etm.portal.ui.manageyards.view.New","viewId":"application-manageyards-display-component---NewYard","bindingPath":{"path":"","propertyPath":"/CONTROLLING_AREA","modelName":"NewYardModel"},"interaction":{"idSuffix":"inner"}},"wdio_ui5_key":"etmportal.ui.manageyards.view.Newsap.m.Input{\"path\":\"\",\"propertyPath\":\"/CONTROLLING_AREA\",\"modelName\":\"NewYardModel\"}"}]}
COMMAND: GET /session/2eb25f1cbe9612d735ab0219d8fb520b/screenshot - {}
RESULT: {"script":"<script> [1562 bytes]","args":[{"selector":{"controlType":"sap.m.Input","viewName":"etm.portal.ui.manageyards.view.New","viewId":"application-manageyards-display-component---NewYard","bindingPath":{"path":"","propertyPath":"/CONTROLLING_AREA","modelName":"NewYardModel"},"interaction":{"idSuffix":"inner"}},"wdio_ui5_key":"etmportal.ui.manageyards.view.Newsap.m.Input{\"path\":\"\",\"propertyPath\":\"/CONTROLLING_AREA\",\"modelName\":\"NewYardModel\"}"}]}
RESULT: undefined
COMMAND: POST /session/2eb25f1cbe9612d735ab0219d8fb520b/execute/async - {"script":"<script> [776 bytes]","args":[{"enterText":"Z001","selector":{"controlType":"sap.m.Input","viewName":"etm.portal.ui.manageyards.view.New","viewId":"application-manageyards-display-component---NewYard","bindingPath":{"path":"","propertyPath":"/CONTROLLING_AREA","modelName":"NewYardModel"},"interaction":{"idSuffix":"inner"}},"clearTextFirst":true,"interactionType":"ENTER_TEXT"}]}
RESULT: {}
RESULT: {"script":"<script> [776 bytes]","args":[{"enterText":"Z001","selector":{"controlType":"sap.m.Input","viewName":"etm.portal.ui.manageyards.view.New","viewId":"application-manageyards-display-component---NewYard","bindingPath":{"path":"","propertyPath":"/CONTROLLING_AREA","modelName":"NewYardModel"},"interaction":{"idSuffix":"inner"}},"clearTextFirst":true,"interactionType":"ENTER_TEXT"}]}
COMMAND: POST /session/2eb25f1cbe9612d735ab0219d8fb520b/execute/async - {"script":"<script> [1562 bytes]","args":[{"selector":{"id":"application-manageyards-display-component---NewYard--companyCodeComboBox","interaction":{"idSuffix":"inner"}},"wdio_ui5_key":"applicationmanageyards-display-component---NewYard--companyCodeComboBox"}]}
RESULT: {"script":"<script> [1562 bytes]","args":[{"selector":{"id":"application-manageyards-display-component---NewYard--companyCodeComboBox","interaction":{"idSuffix":"inner"}},"wdio_ui5_key":"applicationmanageyards-display-component---NewYard--companyCodeComboBox"}]}
RESULT: undefined
COMMAND: POST /session/2eb25f1cbe9612d735ab0219d8fb520b/execute/async - {"script":"<script> [776 bytes]","args":[{"enterText":"1000","selector":{"id":"application-manageyards-display-component---NewYard--companyCodeComboBox","interaction":{"idSuffix":"inner"}},"clearTextFirst":true,"interactionType":"ENTER_TEXT"}]}
RESULT: {"script":"<script> [776 bytes]","args":[{"enterText":"1000","selector":{"id":"application-manageyards-display-component---NewYard--companyCodeComboBox","interaction":{"idSuffix":"inner"}},"clearTextFirst":true,"interactionType":"ENTER_TEXT"}]}
COMMAND: POST /session/2eb25f1cbe9612d735ab0219d8fb520b/execute/async - {"script":"<script> [1562 bytes]","args":[{"selector":{"controlType":"sap.m.Input","viewName":"etm.portal.ui.manageyards.view.New","viewId":"application-manageyards-display-component---NewYard","bindingPath":{"path":"","propertyPath":"/PLANT","modelName":"NewYardModel"},"interaction":{"idSuffix":"inner"}},"wdio_ui5_key":"etmportal.ui.manageyards.view.Newsap.m.Input{\"path\":\"\",\"propertyPath\":\"/PLANT\",\"modelName\":\"NewYardModel\"}"}]}
RESULT: {"script":"<script> [1562 bytes]","args":[{"selector":{"controlType":"sap.m.Input","viewName":"etm.portal.ui.manageyards.view.New","viewId":"application-manageyards-display-component---NewYard","bindingPath":{"path":"","propertyPath":"/PLANT","modelName":"NewYardModel"},"interaction":{"idSuffix":"inner"}},"wdio_ui5_key":"etmportal.ui.manageyards.view.Newsap.m.Input{\"path\":\"\",\"propertyPath\":\"/PLANT\",\"modelName\":\"NewYardModel\"}"}]}
RESULT: undefined
COMMAND: POST /session/2eb25f1cbe9612d735ab0219d8fb520b/execute/async - {"script":"<script> [776 bytes]","args":[{"enterText":"1001","selector":{"controlType":"sap.m.Input","viewName":"etm.portal.ui.manageyards.view.New","viewId":"application-manageyards-display-component---NewYard","bindingPath":{"path":"","propertyPath":"/PLANT","modelName":"NewYardModel"},"interaction":{"idSuffix":"inner"}},"clearTextFirst":true,"interactionType":"ENTER_TEXT"}]}
RESULT: {"script":"<script> [776 bytes]","args":[{"enterText":"1001","selector":{"controlType":"sap.m.Input","viewName":"etm.portal.ui.manageyards.view.New","viewId":"application-manageyards-display-component---NewYard","bindingPath":{"path":"","propertyPath":"/PLANT","modelName":"NewYardModel"},"interaction":{"idSuffix":"inner"}},"clearTextFirst":true,"interactionType":"ENTER_TEXT"}]}
COMMAND: POST /session/2eb25f1cbe9612d735ab0219d8fb520b/execute/async - {"script":"<script> [1562 bytes]","args":[{"selector":{"controlType":"sap.m.Input","viewName":"etm.portal.ui.manageyards.view.New","viewId":"application-manageyards-display-component---NewYard","bindingPath":{"path":"","propertyPath":"/SALES_AREA_VKORG","modelName":"NewYardModel"},"interaction":{"idSuffix":"inner"}},"wdio_ui5_key":"etmportal.ui.manageyards.view.Newsap.m.Input{\"path\":\"\",\"propertyPath\":\"/SALES_AREA_VKORG\",\"modelName\":\"NewYardModel\"}"}]}
RESULT: {"script":"<script> [1562 bytes]","args":[{"selector":{"controlType":"sap.m.Input","viewName":"etm.portal.ui.manageyards.view.New","viewId":"application-manageyards-display-component---NewYard","bindingPath":{"path":"","propertyPath":"/SALES_AREA_VKORG","modelName":"NewYardModel"},"interaction":{"idSuffix":"inner"}},"wdio_ui5_key":"etmportal.ui.manageyards.view.Newsap.m.Input{\"path\":\"\",\"propertyPath\":\"/SALES_AREA_VKORG\",\"modelName\":\"NewYardModel\"}"}]}
RESULT: undefined
COMMAND: POST /session/2eb25f1cbe9612d735ab0219d8fb520b/execute/async - {"script":"<script> [776 bytes]","args":[{"enterText":"C002","selector":{"controlType":"sap.m.Input","viewName":"etm.portal.ui.manageyards.view.New","viewId":"application-manageyards-display-component---NewYard","bindingPath":{"path":"","propertyPath":"/SALES_AREA_VKORG","modelName":"NewYardModel"},"interaction":{"idSuffix":"inner"}},"clearTextFirst":true,"interactionType":"ENTER_TEXT"}]}
RESULT: {"script":"<script> [776 bytes]","args":[{"enterText":"C002","selector":{"controlType":"sap.m.Input","viewName":"etm.portal.ui.manageyards.view.New","viewId":"application-manageyards-display-component---NewYard","bindingPath":{"path":"","propertyPath":"/SALES_AREA_VKORG","modelName":"NewYardModel"},"interaction":{"idSuffix":"inner"}},"clearTextFirst":true,"interactionType":"ENTER_TEXT"}]}
COMMAND: POST /session/2eb25f1cbe9612d735ab0219d8fb520b/execute/async - {"script":"<script> [1562 bytes]","args":[{"selector":{"controlType":"sap.m.Input","viewName":"etm.portal.ui.manageyards.view.New","viewId":"application-manageyards-display-component---NewYard","bindingPath":{"path":"","propertyPath":"/SALES_AREA_VTWEG","modelName":"NewYardModel"},"interaction":{"idSuffix":"inner"}},"wdio_ui5_key":"etmportal.ui.manageyards.view.Newsap.m.Input{\"path\":\"\",\"propertyPath\":\"/SALES_AREA_VTWEG\",\"modelName\":\"NewYardModel\"}"}]}
RESULT: {"script":"<script> [1562 bytes]","args":[{"selector":{"controlType":"sap.m.Input","viewName":"etm.portal.ui.manageyards.view.New","viewId":"application-manageyards-display-component---NewYard","bindingPath":{"path":"","propertyPath":"/SALES_AREA_VTWEG","modelName":"NewYardModel"},"interaction":{"idSuffix":"inner"}},"wdio_ui5_key":"etmportal.ui.manageyards.view.Newsap.m.Input{\"path\":\"\",\"propertyPath\":\"/SALES_AREA_VTWEG\",\"modelName\":\"NewYardModel\"}"}]}
RESULT: undefined
COMMAND: POST /session/2eb25f1cbe9612d735ab0219d8fb520b/execute/async - {"script":"<script> [776 bytes]","args":[{"enterText":"C2","selector":{"controlType":"sap.m.Input","viewName":"etm.portal.ui.manageyards.view.New","viewId":"application-manageyards-display-component---NewYard","bindingPath":{"path":"","propertyPath":"/SALES_AREA_VTWEG","modelName":"NewYardModel"},"interaction":{"idSuffix":"inner"}},"clearTextFirst":true,"interactionType":"ENTER_TEXT"}]}
RESULT: {"script":"<script> [776 bytes]","args":[{"enterText":"C2","selector":{"controlType":"sap.m.Input","viewName":"etm.portal.ui.manageyards.view.New","viewId":"application-manageyards-display-component---NewYard","bindingPath":{"path":"","propertyPath":"/SALES_AREA_VTWEG","modelName":"NewYardModel"},"interaction":{"idSuffix":"inner"}},"clearTextFirst":true,"interactionType":"ENTER_TEXT"}]}
COMMAND: POST /session/2eb25f1cbe9612d735ab0219d8fb520b/execute/async - {"script":"<script> [1562 bytes]","args":[{"selector":{"controlType":"sap.m.Input","viewName":"etm.portal.ui.manageyards.view.New","viewId":"application-manageyards-display-component---NewYard","bindingPath":{"path":"","propertyPath":"/SALES_AREA_SPART","modelName":"NewYardModel"},"interaction":{"idSuffix":"inner"}},"wdio_ui5_key":"etmportal.ui.manageyards.view.Newsap.m.Input{\"path\":\"\",\"propertyPath\":\"/SALES_AREA_SPART\",\"modelName\":\"NewYardModel\"}"}]}
RESULT: {"script":"<script> [1562 bytes]","args":[{"selector":{"controlType":"sap.m.Input","viewName":"etm.portal.ui.manageyards.view.New","viewId":"application-manageyards-display-component---NewYard","bindingPath":{"path":"","propertyPath":"/SALES_AREA_SPART","modelName":"NewYardModel"},"interaction":{"idSuffix":"inner"}},"wdio_ui5_key":"etmportal.ui.manageyards.view.Newsap.m.Input{\"path\":\"\",\"propertyPath\":\"/SALES_AREA_SPART\",\"modelName\":\"NewYardModel\"}"}]}
RESULT: undefined
COMMAND: POST /session/2eb25f1cbe9612d735ab0219d8fb520b/execute/async - {"script":"<script> [776 bytes]","args":[{"enterText":"C2","selector":{"controlType":"sap.m.Input","viewName":"etm.portal.ui.manageyards.view.New","viewId":"application-manageyards-display-component---NewYard","bindingPath":{"path":"","propertyPath":"/SALES_AREA_SPART","modelName":"NewYardModel"},"interaction":{"idSuffix":"inner"}},"clearTextFirst":true,"interactionType":"ENTER_TEXT"}]}
RESULT: {"script":"<script> [776 bytes]","args":[{"enterText":"C2","selector":{"controlType":"sap.m.Input","viewName":"etm.portal.ui.manageyards.view.New","viewId":"application-manageyards-display-component---NewYard","bindingPath":{"path":"","propertyPath":"/SALES_AREA_SPART","modelName":"NewYardModel"},"interaction":{"idSuffix":"inner"}},"clearTextFirst":true,"interactionType":"ENTER_TEXT"}]}
COMMAND: POST /session/2eb25f1cbe9612d735ab0219d8fb520b/execute/async - {"script":"<script> [1562 bytes]","args":[{"selector":{"controlType":"sap.m.Input","viewName":"etm.portal.ui.manageyards.view.New","viewId":"application-manageyards-display-component---NewYard","bindingPath":{"path":"","propertyPath":"/SHIP_POINT","modelName":"NewYardModel"},"interaction":{"idSuffix":"inner"}},"wdio_ui5_key":"etmportal.ui.manageyards.view.Newsap.m.Input{\"path\":\"\",\"propertyPath\":\"/SHIP_POINT\",\"modelName\":\"NewYardModel\"}"}]}
RESULT: {"script":"<script> [1562 bytes]","args":[{"selector":{"controlType":"sap.m.Input","viewName":"etm.portal.ui.manageyards.view.New","viewId":"application-manageyards-display-component---NewYard","bindingPath":{"path":"","propertyPath":"/SHIP_POINT","modelName":"NewYardModel"},"interaction":{"idSuffix":"inner"}},"wdio_ui5_key":"etmportal.ui.manageyards.view.Newsap.m.Input{\"path\":\"\",\"propertyPath\":\"/SHIP_POINT\",\"modelName\":\"NewYardModel\"}"}]}
RESULT: undefined
COMMAND: POST /session/2eb25f1cbe9612d735ab0219d8fb520b/execute/async - {"script":"<script> [776 bytes]","args":[{"enterText":"1710","selector":{"controlType":"sap.m.Input","viewName":"etm.portal.ui.manageyards.view.New","viewId":"application-manageyards-display-component---NewYard","bindingPath":{"path":"","propertyPath":"/SHIP_POINT","modelName":"NewYardModel"},"interaction":{"idSuffix":"inner"}},"clearTextFirst":true,"interactionType":"ENTER_TEXT"}]}
RESULT: {"script":"<script> [776 bytes]","args":[{"enterText":"1710","selector":{"controlType":"sap.m.Input","viewName":"etm.portal.ui.manageyards.view.New","viewId":"application-manageyards-display-component---NewYard","bindingPath":{"path":"","propertyPath":"/SHIP_POINT","modelName":"NewYardModel"},"interaction":{"idSuffix":"inner"}},"clearTextFirst":true,"interactionType":"ENTER_TEXT"}]}
COMMAND: POST /session/2eb25f1cbe9612d735ab0219d8fb520b/execute/async - {"script":"<script> [1562 bytes]","args":[{"selector":{"controlType":"sap.m.Input","viewName":"etm.portal.ui.manageyards.view.New","viewId":"application-manageyards-display-component---NewYard","bindingPath":{"path":"","propertyPath":"/DELIVERY_TYPE","modelName":"NewYardModel"},"interaction":{"idSuffix":"inner"}},"wdio_ui5_key":"etmportal.ui.manageyards.view.Newsap.m.Input{\"path\":\"\",\"propertyPath\":\"/DELIVERY_TYPE\",\"modelName\":\"NewYardModel\"}"}]}
RESULT: {"script":"<script> [1562 bytes]","args":[{"selector":{"controlType":"sap.m.Input","viewName":"etm.portal.ui.manageyards.view.New","viewId":"application-manageyards-display-component---NewYard","bindingPath":{"path":"","propertyPath":"/DELIVERY_TYPE","modelName":"NewYardModel"},"interaction":{"idSuffix":"inner"}},"wdio_ui5_key":"etmportal.ui.manageyards.view.Newsap.m.Input{\"path\":\"\",\"propertyPath\":\"/DELIVERY_TYPE\",\"modelName\":\"NewYardModel\"}"}]}
RESULT: undefined
COMMAND: POST /session/2eb25f1cbe9612d735ab0219d8fb520b/execute/async - {"script":"<script> [776 bytes]","args":[{"enterText":"ZL01","selector":{"controlType":"sap.m.Input","viewName":"etm.portal.ui.manageyards.view.New","viewId":"application-manageyards-display-component---NewYard","bindingPath":{"path":"","propertyPath":"/DELIVERY_TYPE","modelName":"NewYardModel"},"interaction":{"idSuffix":"inner"}},"clearTextFirst":true,"interactionType":"ENTER_TEXT"}]}
RESULT: {"script":"<script> [776 bytes]","args":[{"enterText":"ZL01","selector":{"controlType":"sap.m.Input","viewName":"etm.portal.ui.manageyards.view.New","viewId":"application-manageyards-display-component---NewYard","bindingPath":{"path":"","propertyPath":"/DELIVERY_TYPE","modelName":"NewYardModel"},"interaction":{"idSuffix":"inner"}},"clearTextFirst":true,"interactionType":"ENTER_TEXT"}]}
COMMAND: POST /session/2eb25f1cbe9612d735ab0219d8fb520b/execute/async - {"script":"<script> [1562 bytes]","args":[{"selector":{"controlType":"sap.m.Input","viewName":"etm.portal.ui.manageyards.view.New","viewId":"application-manageyards-display-component---NewYard","bindingPath":{"path":"","propertyPath":"/AUART","modelName":"NewYardModel"},"interaction":{"idSuffix":"inner"}},"wdio_ui5_key":"etmportal.ui.manageyards.view.Newsap.m.Input{\"path\":\"\",\"propertyPath\":\"/AUART\",\"modelName\":\"NewYardModel\"}"}]}
RESULT: {"script":"<script> [1562 bytes]","args":[{"selector":{"controlType":"sap.m.Input","viewName":"etm.portal.ui.manageyards.view.New","viewId":"application-manageyards-display-component---NewYard","bindingPath":{"path":"","propertyPath":"/AUART","modelName":"NewYardModel"},"interaction":{"idSuffix":"inner"}},"wdio_ui5_key":"etmportal.ui.manageyards.view.Newsap.m.Input{\"path\":\"\",\"propertyPath\":\"/AUART\",\"modelName\":\"NewYardModel\"}"}]}
RESULT: undefined
COMMAND: POST /session/2eb25f1cbe9612d735ab0219d8fb520b/execute/async - {"script":"<script> [776 bytes]","args":[{"enterText":"TA","selector":{"controlType":"sap.m.Input","viewName":"etm.portal.ui.manageyards.view.New","viewId":"application-manageyards-display-component---NewYard","bindingPath":{"path":"","propertyPath":"/AUART","modelName":"NewYardModel"},"interaction":{"idSuffix":"inner"}},"clearTextFirst":true,"interactionType":"ENTER_TEXT"}]}
RESULT: {"script":"<script> [776 bytes]","args":[{"enterText":"TA","selector":{"controlType":"sap.m.Input","viewName":"etm.portal.ui.manageyards.view.New","viewId":"application-manageyards-display-component---NewYard","bindingPath":{"path":"","propertyPath":"/AUART","modelName":"NewYardModel"},"interaction":{"idSuffix":"inner"}},"clearTextFirst":true,"interactionType":"ENTER_TEXT"}]}
COMMAND: POST /session/2eb25f1cbe9612d735ab0219d8fb520b/execute/async - {"script":"<script> [1562 bytes]","args":[{"selector":{"id":"application-manageyards-display-component---NewYard--whmCheckBox","interaction":{"idSuffix":"CbBg"}},"wdio_ui5_key":"applicationmanageyards-display-component---NewYard--whmCheckBox"}]}
RESULT: {"script":"<script> [1562 bytes]","args":[{"selector":{"id":"application-manageyards-display-component---NewYard--whmCheckBox","interaction":{"idSuffix":"CbBg"}},"wdio_ui5_key":"applicationmanageyards-display-component---NewYard--whmCheckBox"}]}
RESULT: undefined
COMMAND: POST /session/2eb25f1cbe9612d735ab0219d8fb520b/element - {"using":"xpath","value":"//*[@id=\"application-manageyards-display-component---NewYard--whmCheckBox\"]"}
RESULT: {"using":"xpath","value":"//*[@id=\"application-manageyards-display-component---NewYard--whmCheckBox\"]"}
COMMAND: POST /session/2eb25f1cbe9612d735ab0219d8fb520b/element/f.1920C544C16071EF810842AAA08EA988.d.BDFA18C235149EA40E267BA9B9A1FFE2.e.9582/click - {}
RESULT: {}
COMMAND: POST /session/2eb25f1cbe9612d735ab0219d8fb520b/execute/async - {"script":"<script> [1562 bytes]","args":[{"selector":{"controlType":"sap.m.Button","viewName":"etm.portal.ui.manageyards.view.New","viewId":"application-manageyards-display-component---NewYard","i18NText":{"propertyName":"text","key":"save"},"interaction":{"idSuffix":"BDI-content"}},"wdio_ui5_key":"etmportal.ui.manageyards.view.Newsap.m.Button{\"propertyName\":\"text\",\"key\":\"save\"}"}]}
COMMAND: GET /session/2eb25f1cbe9612d735ab0219d8fb520b/screenshot - {}
RESULT: {"script":"<script> [1562 bytes]","args":[{"selector":{"controlType":"sap.m.Button","viewName":"etm.portal.ui.manageyards.view.New","viewId":"application-manageyards-display-component---NewYard","i18NText":{"propertyName":"text","key":"save"},"interaction":{"idSuffix":"BDI-content"}},"wdio_ui5_key":"etmportal.ui.manageyards.view.Newsap.m.Button{\"propertyName\":\"text\",\"key\":\"save\"}"}]}
RESULT: undefined
COMMAND: POST /session/2eb25f1cbe9612d735ab0219d8fb520b/element - {"using":"xpath","value":"//*[@id=\"__button18\"]"}
RESULT: {}
RESULT: {"using":"xpath","value":"//*[@id=\"__button18\"]"}
COMMAND: POST /session/2eb25f1cbe9612d735ab0219d8fb520b/element/f.1920C544C16071EF810842AAA08EA988.d.BDFA18C235149EA40E267BA9B9A1FFE2.e.9523/click - {}
RESULT: {}
COMMAND: GET /session/2eb25f1cbe9612d735ab0219d8fb520b/screenshot - {}
RESULT: {}
COMMAND: POST /session/2eb25f1cbe9612d735ab0219d8fb520b/execute/async - {"script":"<script> [1562 bytes]","args":[{"selector":{"controlType":"sap.m.Text","viewName":"etm.portal.ui.manageyards.view.Detail","viewId":"application-manageyards-display-component---detailYard","bindingPath":{"propertyPath":"ID","modelName":"catalogModel"}},"wdio_ui5_key":"etmportal.ui.manageyards.view.Detailsap.m.Text{\"propertyPath\":\"ID\",\"modelName\":\"catalogModel\"}"}]}
RESULT: {"script":"<script> [1562 bytes]","args":[{"selector":{"controlType":"sap.m.Text","viewName":"etm.portal.ui.manageyards.view.Detail","viewId":"application-manageyards-display-component---detailYard","bindingPath":{"propertyPath":"ID","modelName":"catalogModel"}},"wdio_ui5_key":"etmportal.ui.manageyards.view.Detailsap.m.Text{\"propertyPath\":\"ID\",\"modelName\":\"catalogModel\"}"}]}
RESULT: undefined
COMMAND: POST /session/2eb25f1cbe9612d735ab0219d8fb520b/execute/async - {"script":"<script> [6424 bytes]","args":[{"element-6066-11e4-a52e-4f735466cecf":"f.1920C544C16071EF810842AAA08EA988.d.BDFA18C235149EA40E267BA9B9A1FFE2.e.9777"},"getText",[]]}
RESULT: {"script":"<script> [6424 bytes]","args":[{"element-6066-11e4-a52e-4f735466cecf":"f.1920C544C16071EF810842AAA08EA988.d.BDFA18C235149EA40E267BA9B9A1FFE2.e.9777"},"getText",[]]}
COMMAND: POST /session/2eb25f1cbe9612d735ab0219d8fb520b/element - {"using":"css selector","value":"#shell-header-logo"}
RESULT: {"using":"css selector","value":"#shell-header-logo"}
COMMAND: POST /session/2eb25f1cbe9612d735ab0219d8fb520b/element/f.1920C544C16071EF810842AAA08EA988.d.BDFA18C235149EA40E267BA9B9A1FFE2.e.9078/click - {}
RESULT: {}
COMMAND: GET /session/2eb25f1cbe9612d735ab0219d8fb520b/screenshot - {}
RESULT: {}
]]></system-out>
    </testcase>
    <testcase classname="chrome.135_0_7049_96.windows.Provide_to_Site_w/_warehouse_management_w/o_clarification_US113782_" name="Should create WHM site" time="108.515">
      <system-out><![CDATA[
COMMAND: POST /session/2eb25f1cbe9612d735ab0219d8fb520b/execute/async - {"script":"<script> [1562 bytes]","args":[{"selector":{"controlType":"sap.m.GenericTile","properties":{"header":"Manage Sites"}},"wdio_ui5_key":"sapm.GenericTile{\"header\":\"Manage Sites\"}"}]}
RESULT: {"script":"<script> [1562 bytes]","args":[{"selector":{"controlType":"sap.m.GenericTile","properties":{"header":"Manage Sites"}},"wdio_ui5_key":"sapm.GenericTile{\"header\":\"Manage Sites\"}"}]}
RESULT: undefined
COMMAND: POST /session/2eb25f1cbe9612d735ab0219d8fb520b/element - {"using":"xpath","value":"//*[@id=\"__tile40\"]"}
RESULT: {"using":"xpath","value":"//*[@id=\"__tile40\"]"}
COMMAND: POST /session/2eb25f1cbe9612d735ab0219d8fb520b/element/f.1920C544C16071EF810842AAA08EA988.d.BDFA18C235149EA40E267BA9B9A1FFE2.e.9779/click - {}
RESULT: {}
COMMAND: GET /session/2eb25f1cbe9612d735ab0219d8fb520b/screenshot - {}
RESULT: {}
COMMAND: POST /session/2eb25f1cbe9612d735ab0219d8fb520b/execute/async - {"script":"<script> [1562 bytes]","args":[{"selector":{"controlType":"sap.ui.core.Icon","viewName":"etm.portal.ui.managesites.view.Master","viewId":"application-managesites-display-component---masterSite","properties":{"src":{"regex":{"source":"add"}}}},"wdio_ui5_key":"etmportal.ui.managesites.view.Mastersap.ui.core.Icon{\"src\":{\"regex\":{\"source\":\"add\"}}}"}]}
RESULT: {"script":"<script> [1562 bytes]","args":[{"selector":{"controlType":"sap.ui.core.Icon","viewName":"etm.portal.ui.managesites.view.Master","viewId":"application-managesites-display-component---masterSite","properties":{"src":{"regex":{"source":"add"}}}},"wdio_ui5_key":"etmportal.ui.managesites.view.Mastersap.ui.core.Icon{\"src\":{\"regex\":{\"source\":\"add\"}}}"}]}
RESULT: undefined
COMMAND: POST /session/2eb25f1cbe9612d735ab0219d8fb520b/element - {"using":"xpath","value":"//*[@id=\"__button64-img\"]"}
RESULT: {"using":"xpath","value":"//*[@id=\"__button64-img\"]"}
COMMAND: POST /session/2eb25f1cbe9612d735ab0219d8fb520b/element/f.1920C544C16071EF810842AAA08EA988.d.BDFA18C235149EA40E267BA9B9A1FFE2.e.9827/click - {}
RESULT: {}
COMMAND: POST /session/2eb25f1cbe9612d735ab0219d8fb520b/element - {"using":"xpath","value":"//*[text()='Add New Site']"}
COMMAND: GET /session/2eb25f1cbe9612d735ab0219d8fb520b/screenshot - {}
RESULT: {"using":"xpath","value":"//*[text()='Add New Site']"}
COMMAND: GET /session/2eb25f1cbe9612d735ab0219d8fb520b/element/f.1920C544C16071EF810842AAA08EA988.d.BDFA18C235149EA40E267BA9B9A1FFE2.e.9948/enabled - {}
RESULT: {}
COMMAND: POST /session/2eb25f1cbe9612d735ab0219d8fb520b/element - {"using":"xpath","value":"//*[text()='Add New Site']"}
RESULT: {"using":"xpath","value":"//*[text()='Add New Site']"}
COMMAND: GET /session/2eb25f1cbe9612d735ab0219d8fb520b/element/f.1920C544C16071EF810842AAA08EA988.d.BDFA18C235149EA40E267BA9B9A1FFE2.e.9948/enabled - {}
COMMAND: POST /session/2eb25f1cbe9612d735ab0219d8fb520b/element - {"using":"xpath","value":"//*[text()='Add New Site']"}
RESULT: {"using":"xpath","value":"//*[text()='Add New Site']"}
COMMAND: GET /session/2eb25f1cbe9612d735ab0219d8fb520b/element/f.1920C544C16071EF810842AAA08EA988.d.BDFA18C235149EA40E267BA9B9A1FFE2.e.10189/enabled - {}
RESULT: {}
COMMAND: POST /session/2eb25f1cbe9612d735ab0219d8fb520b/execute/sync - {"script":"<script> [8489 bytes]","args":[{"element-6066-11e4-a52e-4f735466cecf":"f.1920C544C16071EF810842AAA08EA988.d.BDFA18C235149EA40E267BA9B9A1FFE2.e.10189","ELEMENT":"f.1920C544C16071EF810842AAA08EA988.d.BDFA18C235149EA40E267BA9B9A1FFE2.e.10189"}]}
COMMAND: GET /session/2eb25f1cbe9612d735ab0219d8fb520b/screenshot - {}
RESULT: {"script":"<script> [8489 bytes]","args":[{"element-6066-11e4-a52e-4f735466cecf":"f.1920C544C16071EF810842AAA08EA988.d.BDFA18C235149EA40E267BA9B9A1FFE2.e.10189","ELEMENT":"f.1920C544C16071EF810842AAA08EA988.d.BDFA18C235149EA40E267BA9B9A1FFE2.e.10189"}]}
COMMAND: GET /session/2eb25f1cbe9612d735ab0219d8fb520b/screenshot - {}
RESULT: {}
COMMAND: POST /session/2eb25f1cbe9612d735ab0219d8fb520b/execute/sync - {"script":"<script> [8489 bytes]","args":[{"element-6066-11e4-a52e-4f735466cecf":"f.1920C544C16071EF810842AAA08EA988.d.BDFA18C235149EA40E267BA9B9A1FFE2.e.10189","ELEMENT":"f.1920C544C16071EF810842AAA08EA988.d.BDFA18C235149EA40E267BA9B9A1FFE2.e.10189"}]}
RESULT: {}
RESULT: {"script":"<script> [8489 bytes]","args":[{"element-6066-11e4-a52e-4f735466cecf":"f.1920C544C16071EF810842AAA08EA988.d.BDFA18C235149EA40E267BA9B9A1FFE2.e.10189","ELEMENT":"f.1920C544C16071EF810842AAA08EA988.d.BDFA18C235149EA40E267BA9B9A1FFE2.e.10189"}]}
COMMAND: GET /session/2eb25f1cbe9612d735ab0219d8fb520b/screenshot - {}
RESULT: {}
COMMAND: POST /session/2eb25f1cbe9612d735ab0219d8fb520b/execute/sync - {"script":"<script> [8489 bytes]","args":[{"element-6066-11e4-a52e-4f735466cecf":"f.1920C544C16071EF810842AAA08EA988.d.BDFA18C235149EA40E267BA9B9A1FFE2.e.10189","ELEMENT":"f.1920C544C16071EF810842AAA08EA988.d.BDFA18C235149EA40E267BA9B9A1FFE2.e.10189"}]}
RESULT: {"script":"<script> [8489 bytes]","args":[{"element-6066-11e4-a52e-4f735466cecf":"f.1920C544C16071EF810842AAA08EA988.d.BDFA18C235149EA40E267BA9B9A1FFE2.e.10189","ELEMENT":"f.1920C544C16071EF810842AAA08EA988.d.BDFA18C235149EA40E267BA9B9A1FFE2.e.10189"}]}
COMMAND: GET /session/2eb25f1cbe9612d735ab0219d8fb520b/screenshot - {}
RESULT: {}
COMMAND: POST /session/2eb25f1cbe9612d735ab0219d8fb520b/execute/sync - {"script":"<script> [8489 bytes]","args":[{"element-6066-11e4-a52e-4f735466cecf":"f.1920C544C16071EF810842AAA08EA988.d.BDFA18C235149EA40E267BA9B9A1FFE2.e.10189","ELEMENT":"f.1920C544C16071EF810842AAA08EA988.d.BDFA18C235149EA40E267BA9B9A1FFE2.e.10189"}]}
RESULT: {"script":"<script> [8489 bytes]","args":[{"element-6066-11e4-a52e-4f735466cecf":"f.1920C544C16071EF810842AAA08EA988.d.BDFA18C235149EA40E267BA9B9A1FFE2.e.10189","ELEMENT":"f.1920C544C16071EF810842AAA08EA988.d.BDFA18C235149EA40E267BA9B9A1FFE2.e.10189"}]}
COMMAND: GET /session/2eb25f1cbe9612d735ab0219d8fb520b/screenshot - {}
RESULT: {}
COMMAND: POST /session/2eb25f1cbe9612d735ab0219d8fb520b/execute/sync - {"script":"<script> [8489 bytes]","args":[{"element-6066-11e4-a52e-4f735466cecf":"f.1920C544C16071EF810842AAA08EA988.d.BDFA18C235149EA40E267BA9B9A1FFE2.e.10189","ELEMENT":"f.1920C544C16071EF810842AAA08EA988.d.BDFA18C235149EA40E267BA9B9A1FFE2.e.10189"}]}
RESULT: {"script":"<script> [8489 bytes]","args":[{"element-6066-11e4-a52e-4f735466cecf":"f.1920C544C16071EF810842AAA08EA988.d.BDFA18C235149EA40E267BA9B9A1FFE2.e.10189","ELEMENT":"f.1920C544C16071EF810842AAA08EA988.d.BDFA18C235149EA40E267BA9B9A1FFE2.e.10189"}]}
COMMAND: GET /session/2eb25f1cbe9612d735ab0219d8fb520b/screenshot - {}
RESULT: {}
COMMAND: POST /session/2eb25f1cbe9612d735ab0219d8fb520b/execute/sync - {"script":"<script> [8489 bytes]","args":[{"element-6066-11e4-a52e-4f735466cecf":"f.1920C544C16071EF810842AAA08EA988.d.BDFA18C235149EA40E267BA9B9A1FFE2.e.10189","ELEMENT":"f.1920C544C16071EF810842AAA08EA988.d.BDFA18C235149EA40E267BA9B9A1FFE2.e.10189"}]}
RESULT: {"script":"<script> [8489 bytes]","args":[{"element-6066-11e4-a52e-4f735466cecf":"f.1920C544C16071EF810842AAA08EA988.d.BDFA18C235149EA40E267BA9B9A1FFE2.e.10189","ELEMENT":"f.1920C544C16071EF810842AAA08EA988.d.BDFA18C235149EA40E267BA9B9A1FFE2.e.10189"}]}
COMMAND: GET /session/2eb25f1cbe9612d735ab0219d8fb520b/screenshot - {}
RESULT: {}
COMMAND: POST /session/2eb25f1cbe9612d735ab0219d8fb520b/execute/sync - {"script":"<script> [8489 bytes]","args":[{"element-6066-11e4-a52e-4f735466cecf":"f.1920C544C16071EF810842AAA08EA988.d.BDFA18C235149EA40E267BA9B9A1FFE2.e.10189","ELEMENT":"f.1920C544C16071EF810842AAA08EA988.d.BDFA18C235149EA40E267BA9B9A1FFE2.e.10189"}]}
RESULT: {"script":"<script> [8489 bytes]","args":[{"element-6066-11e4-a52e-4f735466cecf":"f.1920C544C16071EF810842AAA08EA988.d.BDFA18C235149EA40E267BA9B9A1FFE2.e.10189","ELEMENT":"f.1920C544C16071EF810842AAA08EA988.d.BDFA18C235149EA40E267BA9B9A1FFE2.e.10189"}]}
COMMAND: GET /session/2eb25f1cbe9612d735ab0219d8fb520b/screenshot - {}
RESULT: {}
COMMAND: POST /session/2eb25f1cbe9612d735ab0219d8fb520b/execute/sync - {"script":"<script> [8489 bytes]","args":[{"element-6066-11e4-a52e-4f735466cecf":"f.1920C544C16071EF810842AAA08EA988.d.BDFA18C235149EA40E267BA9B9A1FFE2.e.10189","ELEMENT":"f.1920C544C16071EF810842AAA08EA988.d.BDFA18C235149EA40E267BA9B9A1FFE2.e.10189"}]}
RESULT: {"script":"<script> [8489 bytes]","args":[{"element-6066-11e4-a52e-4f735466cecf":"f.1920C544C16071EF810842AAA08EA988.d.BDFA18C235149EA40E267BA9B9A1FFE2.e.10189","ELEMENT":"f.1920C544C16071EF810842AAA08EA988.d.BDFA18C235149EA40E267BA9B9A1FFE2.e.10189"}]}
COMMAND: GET /session/2eb25f1cbe9612d735ab0219d8fb520b/screenshot - {}
COMMAND: POST /session/2eb25f1cbe9612d735ab0219d8fb520b/execute/sync - {"script":"<script> [8489 bytes]","args":[{"element-6066-11e4-a52e-4f735466cecf":"f.1920C544C16071EF810842AAA08EA988.d.BDFA18C235149EA40E267BA9B9A1FFE2.e.10189","ELEMENT":"f.1920C544C16071EF810842AAA08EA988.d.BDFA18C235149EA40E267BA9B9A1FFE2.e.10189"}]}
RESULT: {}
RESULT: {"script":"<script> [8489 bytes]","args":[{"element-6066-11e4-a52e-4f735466cecf":"f.1920C544C16071EF810842AAA08EA988.d.BDFA18C235149EA40E267BA9B9A1FFE2.e.10189","ELEMENT":"f.1920C544C16071EF810842AAA08EA988.d.BDFA18C235149EA40E267BA9B9A1FFE2.e.10189"}]}
COMMAND: GET /session/2eb25f1cbe9612d735ab0219d8fb520b/screenshot - {}
COMMAND: POST /session/2eb25f1cbe9612d735ab0219d8fb520b/execute/sync - {"script":"<script> [8489 bytes]","args":[{"element-6066-11e4-a52e-4f735466cecf":"f.1920C544C16071EF810842AAA08EA988.d.BDFA18C235149EA40E267BA9B9A1FFE2.e.10189","ELEMENT":"f.1920C544C16071EF810842AAA08EA988.d.BDFA18C235149EA40E267BA9B9A1FFE2.e.10189"}]}
RESULT: {}
RESULT: {"script":"<script> [8489 bytes]","args":[{"element-6066-11e4-a52e-4f735466cecf":"f.1920C544C16071EF810842AAA08EA988.d.BDFA18C235149EA40E267BA9B9A1FFE2.e.10189","ELEMENT":"f.1920C544C16071EF810842AAA08EA988.d.BDFA18C235149EA40E267BA9B9A1FFE2.e.10189"}]}
COMMAND: GET /session/2eb25f1cbe9612d735ab0219d8fb520b/screenshot - {}
RESULT: {}
COMMAND: POST /session/2eb25f1cbe9612d735ab0219d8fb520b/execute/sync - {"script":"<script> [8489 bytes]","args":[{"element-6066-11e4-a52e-4f735466cecf":"f.1920C544C16071EF810842AAA08EA988.d.BDFA18C235149EA40E267BA9B9A1FFE2.e.10189","ELEMENT":"f.1920C544C16071EF810842AAA08EA988.d.BDFA18C235149EA40E267BA9B9A1FFE2.e.10189"}]}
RESULT: {"script":"<script> [8489 bytes]","args":[{"element-6066-11e4-a52e-4f735466cecf":"f.1920C544C16071EF810842AAA08EA988.d.BDFA18C235149EA40E267BA9B9A1FFE2.e.10189","ELEMENT":"f.1920C544C16071EF810842AAA08EA988.d.BDFA18C235149EA40E267BA9B9A1FFE2.e.10189"}]}
COMMAND: GET /session/2eb25f1cbe9612d735ab0219d8fb520b/screenshot - {}
RESULT: {}
COMMAND: POST /session/2eb25f1cbe9612d735ab0219d8fb520b/execute/sync - {"script":"<script> [8489 bytes]","args":[{"element-6066-11e4-a52e-4f735466cecf":"f.1920C544C16071EF810842AAA08EA988.d.BDFA18C235149EA40E267BA9B9A1FFE2.e.10189","ELEMENT":"f.1920C544C16071EF810842AAA08EA988.d.BDFA18C235149EA40E267BA9B9A1FFE2.e.10189"}]}
RESULT: {"script":"<script> [8489 bytes]","args":[{"element-6066-11e4-a52e-4f735466cecf":"f.1920C544C16071EF810842AAA08EA988.d.BDFA18C235149EA40E267BA9B9A1FFE2.e.10189","ELEMENT":"f.1920C544C16071EF810842AAA08EA988.d.BDFA18C235149EA40E267BA9B9A1FFE2.e.10189"}]}
COMMAND: GET /session/2eb25f1cbe9612d735ab0219d8fb520b/screenshot - {}
RESULT: {}
COMMAND: POST /session/2eb25f1cbe9612d735ab0219d8fb520b/execute/sync - {"script":"<script> [8489 bytes]","args":[{"element-6066-11e4-a52e-4f735466cecf":"f.1920C544C16071EF810842AAA08EA988.d.BDFA18C235149EA40E267BA9B9A1FFE2.e.10189","ELEMENT":"f.1920C544C16071EF810842AAA08EA988.d.BDFA18C235149EA40E267BA9B9A1FFE2.e.10189"}]}
RESULT: {"script":"<script> [8489 bytes]","args":[{"element-6066-11e4-a52e-4f735466cecf":"f.1920C544C16071EF810842AAA08EA988.d.BDFA18C235149EA40E267BA9B9A1FFE2.e.10189","ELEMENT":"f.1920C544C16071EF810842AAA08EA988.d.BDFA18C235149EA40E267BA9B9A1FFE2.e.10189"}]}
COMMAND: GET /session/2eb25f1cbe9612d735ab0219d8fb520b/screenshot - {}
RESULT: {}
COMMAND: POST /session/2eb25f1cbe9612d735ab0219d8fb520b/execute/sync - {"script":"<script> [8489 bytes]","args":[{"element-6066-11e4-a52e-4f735466cecf":"f.1920C544C16071EF810842AAA08EA988.d.BDFA18C235149EA40E267BA9B9A1FFE2.e.10189","ELEMENT":"f.1920C544C16071EF810842AAA08EA988.d.BDFA18C235149EA40E267BA9B9A1FFE2.e.10189"}]}
RESULT: {"script":"<script> [8489 bytes]","args":[{"element-6066-11e4-a52e-4f735466cecf":"f.1920C544C16071EF810842AAA08EA988.d.BDFA18C235149EA40E267BA9B9A1FFE2.e.10189","ELEMENT":"f.1920C544C16071EF810842AAA08EA988.d.BDFA18C235149EA40E267BA9B9A1FFE2.e.10189"}]}
COMMAND: GET /session/2eb25f1cbe9612d735ab0219d8fb520b/screenshot - {}
RESULT: {}
COMMAND: POST /session/2eb25f1cbe9612d735ab0219d8fb520b/execute/sync - {"script":"<script> [8489 bytes]","args":[{"element-6066-11e4-a52e-4f735466cecf":"f.1920C544C16071EF810842AAA08EA988.d.BDFA18C235149EA40E267BA9B9A1FFE2.e.10189","ELEMENT":"f.1920C544C16071EF810842AAA08EA988.d.BDFA18C235149EA40E267BA9B9A1FFE2.e.10189"}]}
RESULT: {"script":"<script> [8489 bytes]","args":[{"element-6066-11e4-a52e-4f735466cecf":"f.1920C544C16071EF810842AAA08EA988.d.BDFA18C235149EA40E267BA9B9A1FFE2.e.10189","ELEMENT":"f.1920C544C16071EF810842AAA08EA988.d.BDFA18C235149EA40E267BA9B9A1FFE2.e.10189"}]}
COMMAND: GET /session/2eb25f1cbe9612d735ab0219d8fb520b/screenshot - {}
RESULT: {}
COMMAND: POST /session/2eb25f1cbe9612d735ab0219d8fb520b/execute/sync - {"script":"<script> [8489 bytes]","args":[{"element-6066-11e4-a52e-4f735466cecf":"f.1920C544C16071EF810842AAA08EA988.d.BDFA18C235149EA40E267BA9B9A1FFE2.e.10189","ELEMENT":"f.1920C544C16071EF810842AAA08EA988.d.BDFA18C235149EA40E267BA9B9A1FFE2.e.10189"}]}
RESULT: {"script":"<script> [8489 bytes]","args":[{"element-6066-11e4-a52e-4f735466cecf":"f.1920C544C16071EF810842AAA08EA988.d.BDFA18C235149EA40E267BA9B9A1FFE2.e.10189","ELEMENT":"f.1920C544C16071EF810842AAA08EA988.d.BDFA18C235149EA40E267BA9B9A1FFE2.e.10189"}]}
COMMAND: GET /session/2eb25f1cbe9612d735ab0219d8fb520b/screenshot - {}
RESULT: {}
COMMAND: POST /session/2eb25f1cbe9612d735ab0219d8fb520b/execute/sync - {"script":"<script> [8489 bytes]","args":[{"element-6066-11e4-a52e-4f735466cecf":"f.1920C544C16071EF810842AAA08EA988.d.BDFA18C235149EA40E267BA9B9A1FFE2.e.10189","ELEMENT":"f.1920C544C16071EF810842AAA08EA988.d.BDFA18C235149EA40E267BA9B9A1FFE2.e.10189"}]}
RESULT: {"script":"<script> [8489 bytes]","args":[{"element-6066-11e4-a52e-4f735466cecf":"f.1920C544C16071EF810842AAA08EA988.d.BDFA18C235149EA40E267BA9B9A1FFE2.e.10189","ELEMENT":"f.1920C544C16071EF810842AAA08EA988.d.BDFA18C235149EA40E267BA9B9A1FFE2.e.10189"}]}
COMMAND: GET /session/2eb25f1cbe9612d735ab0219d8fb520b/screenshot - {}
RESULT: {}
COMMAND: POST /session/2eb25f1cbe9612d735ab0219d8fb520b/execute/sync - {"script":"<script> [8489 bytes]","args":[{"element-6066-11e4-a52e-4f735466cecf":"f.1920C544C16071EF810842AAA08EA988.d.BDFA18C235149EA40E267BA9B9A1FFE2.e.10189","ELEMENT":"f.1920C544C16071EF810842AAA08EA988.d.BDFA18C235149EA40E267BA9B9A1FFE2.e.10189"}]}
RESULT: {"script":"<script> [8489 bytes]","args":[{"element-6066-11e4-a52e-4f735466cecf":"f.1920C544C16071EF810842AAA08EA988.d.BDFA18C235149EA40E267BA9B9A1FFE2.e.10189","ELEMENT":"f.1920C544C16071EF810842AAA08EA988.d.BDFA18C235149EA40E267BA9B9A1FFE2.e.10189"}]}
COMMAND: GET /session/2eb25f1cbe9612d735ab0219d8fb520b/screenshot - {}
RESULT: {}
COMMAND: POST /session/2eb25f1cbe9612d735ab0219d8fb520b/execute/sync - {"script":"<script> [8489 bytes]","args":[{"element-6066-11e4-a52e-4f735466cecf":"f.1920C544C16071EF810842AAA08EA988.d.BDFA18C235149EA40E267BA9B9A1FFE2.e.10189","ELEMENT":"f.1920C544C16071EF810842AAA08EA988.d.BDFA18C235149EA40E267BA9B9A1FFE2.e.10189"}]}
RESULT: {"script":"<script> [8489 bytes]","args":[{"element-6066-11e4-a52e-4f735466cecf":"f.1920C544C16071EF810842AAA08EA988.d.BDFA18C235149EA40E267BA9B9A1FFE2.e.10189","ELEMENT":"f.1920C544C16071EF810842AAA08EA988.d.BDFA18C235149EA40E267BA9B9A1FFE2.e.10189"}]}
COMMAND: GET /session/2eb25f1cbe9612d735ab0219d8fb520b/screenshot - {}
RESULT: {}
COMMAND: POST /session/2eb25f1cbe9612d735ab0219d8fb520b/execute/sync - {"script":"<script> [8489 bytes]","args":[{"element-6066-11e4-a52e-4f735466cecf":"f.1920C544C16071EF810842AAA08EA988.d.BDFA18C235149EA40E267BA9B9A1FFE2.e.10189","ELEMENT":"f.1920C544C16071EF810842AAA08EA988.d.BDFA18C235149EA40E267BA9B9A1FFE2.e.10189"}]}
RESULT: {"script":"<script> [8489 bytes]","args":[{"element-6066-11e4-a52e-4f735466cecf":"f.1920C544C16071EF810842AAA08EA988.d.BDFA18C235149EA40E267BA9B9A1FFE2.e.10189","ELEMENT":"f.1920C544C16071EF810842AAA08EA988.d.BDFA18C235149EA40E267BA9B9A1FFE2.e.10189"}]}
COMMAND: GET /session/2eb25f1cbe9612d735ab0219d8fb520b/screenshot - {}
RESULT: {}
COMMAND: POST /session/2eb25f1cbe9612d735ab0219d8fb520b/execute/sync - {"script":"<script> [8489 bytes]","args":[{"element-6066-11e4-a52e-4f735466cecf":"f.1920C544C16071EF810842AAA08EA988.d.BDFA18C235149EA40E267BA9B9A1FFE2.e.10189","ELEMENT":"f.1920C544C16071EF810842AAA08EA988.d.BDFA18C235149EA40E267BA9B9A1FFE2.e.10189"}]}
RESULT: {"script":"<script> [8489 bytes]","args":[{"element-6066-11e4-a52e-4f735466cecf":"f.1920C544C16071EF810842AAA08EA988.d.BDFA18C235149EA40E267BA9B9A1FFE2.e.10189","ELEMENT":"f.1920C544C16071EF810842AAA08EA988.d.BDFA18C235149EA40E267BA9B9A1FFE2.e.10189"}]}
COMMAND: GET /session/2eb25f1cbe9612d735ab0219d8fb520b/screenshot - {}
RESULT: {}
COMMAND: POST /session/2eb25f1cbe9612d735ab0219d8fb520b/execute/sync - {"script":"<script> [8489 bytes]","args":[{"element-6066-11e4-a52e-4f735466cecf":"f.1920C544C16071EF810842AAA08EA988.d.BDFA18C235149EA40E267BA9B9A1FFE2.e.10189","ELEMENT":"f.1920C544C16071EF810842AAA08EA988.d.BDFA18C235149EA40E267BA9B9A1FFE2.e.10189"}]}
RESULT: {"script":"<script> [8489 bytes]","args":[{"element-6066-11e4-a52e-4f735466cecf":"f.1920C544C16071EF810842AAA08EA988.d.BDFA18C235149EA40E267BA9B9A1FFE2.e.10189","ELEMENT":"f.1920C544C16071EF810842AAA08EA988.d.BDFA18C235149EA40E267BA9B9A1FFE2.e.10189"}]}
COMMAND: GET /session/2eb25f1cbe9612d735ab0219d8fb520b/screenshot - {}
COMMAND: POST /session/2eb25f1cbe9612d735ab0219d8fb520b/execute/sync - {"script":"<script> [8489 bytes]","args":[{"element-6066-11e4-a52e-4f735466cecf":"f.1920C544C16071EF810842AAA08EA988.d.BDFA18C235149EA40E267BA9B9A1FFE2.e.10189","ELEMENT":"f.1920C544C16071EF810842AAA08EA988.d.BDFA18C235149EA40E267BA9B9A1FFE2.e.10189"}]}
RESULT: {}
RESULT: {"script":"<script> [8489 bytes]","args":[{"element-6066-11e4-a52e-4f735466cecf":"f.1920C544C16071EF810842AAA08EA988.d.BDFA18C235149EA40E267BA9B9A1FFE2.e.10189","ELEMENT":"f.1920C544C16071EF810842AAA08EA988.d.BDFA18C235149EA40E267BA9B9A1FFE2.e.10189"}]}
COMMAND: GET /session/2eb25f1cbe9612d735ab0219d8fb520b/screenshot - {}
RESULT: {}
COMMAND: POST /session/2eb25f1cbe9612d735ab0219d8fb520b/execute/sync - {"script":"<script> [8489 bytes]","args":[{"element-6066-11e4-a52e-4f735466cecf":"f.1920C544C16071EF810842AAA08EA988.d.BDFA18C235149EA40E267BA9B9A1FFE2.e.10189","ELEMENT":"f.1920C544C16071EF810842AAA08EA988.d.BDFA18C235149EA40E267BA9B9A1FFE2.e.10189"}]}
RESULT: {"script":"<script> [8489 bytes]","args":[{"element-6066-11e4-a52e-4f735466cecf":"f.1920C544C16071EF810842AAA08EA988.d.BDFA18C235149EA40E267BA9B9A1FFE2.e.10189","ELEMENT":"f.1920C544C16071EF810842AAA08EA988.d.BDFA18C235149EA40E267BA9B9A1FFE2.e.10189"}]}
COMMAND: GET /session/2eb25f1cbe9612d735ab0219d8fb520b/screenshot - {}
RESULT: {}
COMMAND: POST /session/2eb25f1cbe9612d735ab0219d8fb520b/execute/sync - {"script":"<script> [8489 bytes]","args":[{"element-6066-11e4-a52e-4f735466cecf":"f.1920C544C16071EF810842AAA08EA988.d.BDFA18C235149EA40E267BA9B9A1FFE2.e.10189","ELEMENT":"f.1920C544C16071EF810842AAA08EA988.d.BDFA18C235149EA40E267BA9B9A1FFE2.e.10189"}]}
RESULT: {"script":"<script> [8489 bytes]","args":[{"element-6066-11e4-a52e-4f735466cecf":"f.1920C544C16071EF810842AAA08EA988.d.BDFA18C235149EA40E267BA9B9A1FFE2.e.10189","ELEMENT":"f.1920C544C16071EF810842AAA08EA988.d.BDFA18C235149EA40E267BA9B9A1FFE2.e.10189"}]}
COMMAND: GET /session/2eb25f1cbe9612d735ab0219d8fb520b/screenshot - {}
RESULT: {}
COMMAND: POST /session/2eb25f1cbe9612d735ab0219d8fb520b/execute/sync - {"script":"<script> [8489 bytes]","args":[{"element-6066-11e4-a52e-4f735466cecf":"f.1920C544C16071EF810842AAA08EA988.d.BDFA18C235149EA40E267BA9B9A1FFE2.e.10189","ELEMENT":"f.1920C544C16071EF810842AAA08EA988.d.BDFA18C235149EA40E267BA9B9A1FFE2.e.10189"}]}
RESULT: {"script":"<script> [8489 bytes]","args":[{"element-6066-11e4-a52e-4f735466cecf":"f.1920C544C16071EF810842AAA08EA988.d.BDFA18C235149EA40E267BA9B9A1FFE2.e.10189","ELEMENT":"f.1920C544C16071EF810842AAA08EA988.d.BDFA18C235149EA40E267BA9B9A1FFE2.e.10189"}]}
COMMAND: GET /session/2eb25f1cbe9612d735ab0219d8fb520b/screenshot - {}
RESULT: {}
COMMAND: POST /session/2eb25f1cbe9612d735ab0219d8fb520b/execute/sync - {"script":"<script> [8489 bytes]","args":[{"element-6066-11e4-a52e-4f735466cecf":"f.1920C544C16071EF810842AAA08EA988.d.BDFA18C235149EA40E267BA9B9A1FFE2.e.10189","ELEMENT":"f.1920C544C16071EF810842AAA08EA988.d.BDFA18C235149EA40E267BA9B9A1FFE2.e.10189"}]}
RESULT: {"script":"<script> [8489 bytes]","args":[{"element-6066-11e4-a52e-4f735466cecf":"f.1920C544C16071EF810842AAA08EA988.d.BDFA18C235149EA40E267BA9B9A1FFE2.e.10189","ELEMENT":"f.1920C544C16071EF810842AAA08EA988.d.BDFA18C235149EA40E267BA9B9A1FFE2.e.10189"}]}
COMMAND: GET /session/2eb25f1cbe9612d735ab0219d8fb520b/screenshot - {}
COMMAND: POST /session/2eb25f1cbe9612d735ab0219d8fb520b/execute/sync - {"script":"<script> [8489 bytes]","args":[{"element-6066-11e4-a52e-4f735466cecf":"f.1920C544C16071EF810842AAA08EA988.d.BDFA18C235149EA40E267BA9B9A1FFE2.e.10189","ELEMENT":"f.1920C544C16071EF810842AAA08EA988.d.BDFA18C235149EA40E267BA9B9A1FFE2.e.10189"}]}
RESULT: {}
RESULT: {"script":"<script> [8489 bytes]","args":[{"element-6066-11e4-a52e-4f735466cecf":"f.1920C544C16071EF810842AAA08EA988.d.BDFA18C235149EA40E267BA9B9A1FFE2.e.10189","ELEMENT":"f.1920C544C16071EF810842AAA08EA988.d.BDFA18C235149EA40E267BA9B9A1FFE2.e.10189"}]}
COMMAND: GET /session/2eb25f1cbe9612d735ab0219d8fb520b/screenshot - {}
COMMAND: POST /session/2eb25f1cbe9612d735ab0219d8fb520b/execute/sync - {"script":"<script> [8489 bytes]","args":[{"element-6066-11e4-a52e-4f735466cecf":"f.1920C544C16071EF810842AAA08EA988.d.BDFA18C235149EA40E267BA9B9A1FFE2.e.10189","ELEMENT":"f.1920C544C16071EF810842AAA08EA988.d.BDFA18C235149EA40E267BA9B9A1FFE2.e.10189"}]}
RESULT: {}
RESULT: {"script":"<script> [8489 bytes]","args":[{"element-6066-11e4-a52e-4f735466cecf":"f.1920C544C16071EF810842AAA08EA988.d.BDFA18C235149EA40E267BA9B9A1FFE2.e.10189","ELEMENT":"f.1920C544C16071EF810842AAA08EA988.d.BDFA18C235149EA40E267BA9B9A1FFE2.e.10189"}]}
COMMAND: GET /session/2eb25f1cbe9612d735ab0219d8fb520b/screenshot - {}
RESULT: {}
COMMAND: POST /session/2eb25f1cbe9612d735ab0219d8fb520b/execute/sync - {"script":"<script> [8489 bytes]","args":[{"element-6066-11e4-a52e-4f735466cecf":"f.1920C544C16071EF810842AAA08EA988.d.BDFA18C235149EA40E267BA9B9A1FFE2.e.10189","ELEMENT":"f.1920C544C16071EF810842AAA08EA988.d.BDFA18C235149EA40E267BA9B9A1FFE2.e.10189"}]}
RESULT: {"script":"<script> [8489 bytes]","args":[{"element-6066-11e4-a52e-4f735466cecf":"f.1920C544C16071EF810842AAA08EA988.d.BDFA18C235149EA40E267BA9B9A1FFE2.e.10189","ELEMENT":"f.1920C544C16071EF810842AAA08EA988.d.BDFA18C235149EA40E267BA9B9A1FFE2.e.10189"}]}
COMMAND: GET /session/2eb25f1cbe9612d735ab0219d8fb520b/screenshot - {}
RESULT: {}
COMMAND: POST /session/2eb25f1cbe9612d735ab0219d8fb520b/execute/sync - {"script":"<script> [8489 bytes]","args":[{"element-6066-11e4-a52e-4f735466cecf":"f.1920C544C16071EF810842AAA08EA988.d.BDFA18C235149EA40E267BA9B9A1FFE2.e.10189","ELEMENT":"f.1920C544C16071EF810842AAA08EA988.d.BDFA18C235149EA40E267BA9B9A1FFE2.e.10189"}]}
RESULT: {"script":"<script> [8489 bytes]","args":[{"element-6066-11e4-a52e-4f735466cecf":"f.1920C544C16071EF810842AAA08EA988.d.BDFA18C235149EA40E267BA9B9A1FFE2.e.10189","ELEMENT":"f.1920C544C16071EF810842AAA08EA988.d.BDFA18C235149EA40E267BA9B9A1FFE2.e.10189"}]}
COMMAND: GET /session/2eb25f1cbe9612d735ab0219d8fb520b/screenshot - {}
RESULT: {}
COMMAND: POST /session/2eb25f1cbe9612d735ab0219d8fb520b/execute/sync - {"script":"<script> [8489 bytes]","args":[{"element-6066-11e4-a52e-4f735466cecf":"f.1920C544C16071EF810842AAA08EA988.d.BDFA18C235149EA40E267BA9B9A1FFE2.e.10189","ELEMENT":"f.1920C544C16071EF810842AAA08EA988.d.BDFA18C235149EA40E267BA9B9A1FFE2.e.10189"}]}
RESULT: {"script":"<script> [8489 bytes]","args":[{"element-6066-11e4-a52e-4f735466cecf":"f.1920C544C16071EF810842AAA08EA988.d.BDFA18C235149EA40E267BA9B9A1FFE2.e.10189","ELEMENT":"f.1920C544C16071EF810842AAA08EA988.d.BDFA18C235149EA40E267BA9B9A1FFE2.e.10189"}]}
COMMAND: GET /session/2eb25f1cbe9612d735ab0219d8fb520b/screenshot - {}
RESULT: {}
COMMAND: POST /session/2eb25f1cbe9612d735ab0219d8fb520b/execute/sync - {"script":"<script> [8489 bytes]","args":[{"element-6066-11e4-a52e-4f735466cecf":"f.1920C544C16071EF810842AAA08EA988.d.BDFA18C235149EA40E267BA9B9A1FFE2.e.10189","ELEMENT":"f.1920C544C16071EF810842AAA08EA988.d.BDFA18C235149EA40E267BA9B9A1FFE2.e.10189"}]}
RESULT: {"script":"<script> [8489 bytes]","args":[{"element-6066-11e4-a52e-4f735466cecf":"f.1920C544C16071EF810842AAA08EA988.d.BDFA18C235149EA40E267BA9B9A1FFE2.e.10189","ELEMENT":"f.1920C544C16071EF810842AAA08EA988.d.BDFA18C235149EA40E267BA9B9A1FFE2.e.10189"}]}
COMMAND: GET /session/2eb25f1cbe9612d735ab0219d8fb520b/screenshot - {}
RESULT: {}
COMMAND: POST /session/2eb25f1cbe9612d735ab0219d8fb520b/execute/sync - {"script":"<script> [8489 bytes]","args":[{"element-6066-11e4-a52e-4f735466cecf":"f.1920C544C16071EF810842AAA08EA988.d.BDFA18C235149EA40E267BA9B9A1FFE2.e.10189","ELEMENT":"f.1920C544C16071EF810842AAA08EA988.d.BDFA18C235149EA40E267BA9B9A1FFE2.e.10189"}]}
RESULT: {"script":"<script> [8489 bytes]","args":[{"element-6066-11e4-a52e-4f735466cecf":"f.1920C544C16071EF810842AAA08EA988.d.BDFA18C235149EA40E267BA9B9A1FFE2.e.10189","ELEMENT":"f.1920C544C16071EF810842AAA08EA988.d.BDFA18C235149EA40E267BA9B9A1FFE2.e.10189"}]}
COMMAND: GET /session/2eb25f1cbe9612d735ab0219d8fb520b/screenshot - {}
RESULT: {}
COMMAND: POST /session/2eb25f1cbe9612d735ab0219d8fb520b/execute/sync - {"script":"<script> [8489 bytes]","args":[{"element-6066-11e4-a52e-4f735466cecf":"f.1920C544C16071EF810842AAA08EA988.d.BDFA18C235149EA40E267BA9B9A1FFE2.e.10189","ELEMENT":"f.1920C544C16071EF810842AAA08EA988.d.BDFA18C235149EA40E267BA9B9A1FFE2.e.10189"}]}
RESULT: {"script":"<script> [8489 bytes]","args":[{"element-6066-11e4-a52e-4f735466cecf":"f.1920C544C16071EF810842AAA08EA988.d.BDFA18C235149EA40E267BA9B9A1FFE2.e.10189","ELEMENT":"f.1920C544C16071EF810842AAA08EA988.d.BDFA18C235149EA40E267BA9B9A1FFE2.e.10189"}]}
COMMAND: GET /session/2eb25f1cbe9612d735ab0219d8fb520b/screenshot - {}
RESULT: {}
COMMAND: POST /session/2eb25f1cbe9612d735ab0219d8fb520b/execute/sync - {"script":"<script> [8489 bytes]","args":[{"element-6066-11e4-a52e-4f735466cecf":"f.1920C544C16071EF810842AAA08EA988.d.BDFA18C235149EA40E267BA9B9A1FFE2.e.10189","ELEMENT":"f.1920C544C16071EF810842AAA08EA988.d.BDFA18C235149EA40E267BA9B9A1FFE2.e.10189"}]}
RESULT: {"script":"<script> [8489 bytes]","args":[{"element-6066-11e4-a52e-4f735466cecf":"f.1920C544C16071EF810842AAA08EA988.d.BDFA18C235149EA40E267BA9B9A1FFE2.e.10189","ELEMENT":"f.1920C544C16071EF810842AAA08EA988.d.BDFA18C235149EA40E267BA9B9A1FFE2.e.10189"}]}
COMMAND: GET /session/2eb25f1cbe9612d735ab0219d8fb520b/screenshot - {}
RESULT: {}
COMMAND: POST /session/2eb25f1cbe9612d735ab0219d8fb520b/execute/sync - {"script":"<script> [8489 bytes]","args":[{"element-6066-11e4-a52e-4f735466cecf":"f.1920C544C16071EF810842AAA08EA988.d.BDFA18C235149EA40E267BA9B9A1FFE2.e.10189","ELEMENT":"f.1920C544C16071EF810842AAA08EA988.d.BDFA18C235149EA40E267BA9B9A1FFE2.e.10189"}]}
RESULT: {"script":"<script> [8489 bytes]","args":[{"element-6066-11e4-a52e-4f735466cecf":"f.1920C544C16071EF810842AAA08EA988.d.BDFA18C235149EA40E267BA9B9A1FFE2.e.10189","ELEMENT":"f.1920C544C16071EF810842AAA08EA988.d.BDFA18C235149EA40E267BA9B9A1FFE2.e.10189"}]}
COMMAND: GET /session/2eb25f1cbe9612d735ab0219d8fb520b/screenshot - {}
RESULT: {}
COMMAND: POST /session/2eb25f1cbe9612d735ab0219d8fb520b/execute/sync - {"script":"<script> [8489 bytes]","args":[{"element-6066-11e4-a52e-4f735466cecf":"f.1920C544C16071EF810842AAA08EA988.d.BDFA18C235149EA40E267BA9B9A1FFE2.e.10189","ELEMENT":"f.1920C544C16071EF810842AAA08EA988.d.BDFA18C235149EA40E267BA9B9A1FFE2.e.10189"}]}
RESULT: {"script":"<script> [8489 bytes]","args":[{"element-6066-11e4-a52e-4f735466cecf":"f.1920C544C16071EF810842AAA08EA988.d.BDFA18C235149EA40E267BA9B9A1FFE2.e.10189","ELEMENT":"f.1920C544C16071EF810842AAA08EA988.d.BDFA18C235149EA40E267BA9B9A1FFE2.e.10189"}]}
COMMAND: GET /session/2eb25f1cbe9612d735ab0219d8fb520b/screenshot - {}
RESULT: {}
COMMAND: POST /session/2eb25f1cbe9612d735ab0219d8fb520b/execute/sync - {"script":"<script> [8489 bytes]","args":[{"element-6066-11e4-a52e-4f735466cecf":"f.1920C544C16071EF810842AAA08EA988.d.BDFA18C235149EA40E267BA9B9A1FFE2.e.10189","ELEMENT":"f.1920C544C16071EF810842AAA08EA988.d.BDFA18C235149EA40E267BA9B9A1FFE2.e.10189"}]}
RESULT: {"script":"<script> [8489 bytes]","args":[{"element-6066-11e4-a52e-4f735466cecf":"f.1920C544C16071EF810842AAA08EA988.d.BDFA18C235149EA40E267BA9B9A1FFE2.e.10189","ELEMENT":"f.1920C544C16071EF810842AAA08EA988.d.BDFA18C235149EA40E267BA9B9A1FFE2.e.10189"}]}
COMMAND: GET /session/2eb25f1cbe9612d735ab0219d8fb520b/screenshot - {}
RESULT: {}
COMMAND: POST /session/2eb25f1cbe9612d735ab0219d8fb520b/execute/sync - {"script":"<script> [8489 bytes]","args":[{"element-6066-11e4-a52e-4f735466cecf":"f.1920C544C16071EF810842AAA08EA988.d.BDFA18C235149EA40E267BA9B9A1FFE2.e.10189","ELEMENT":"f.1920C544C16071EF810842AAA08EA988.d.BDFA18C235149EA40E267BA9B9A1FFE2.e.10189"}]}
RESULT: {"script":"<script> [8489 bytes]","args":[{"element-6066-11e4-a52e-4f735466cecf":"f.1920C544C16071EF810842AAA08EA988.d.BDFA18C235149EA40E267BA9B9A1FFE2.e.10189","ELEMENT":"f.1920C544C16071EF810842AAA08EA988.d.BDFA18C235149EA40E267BA9B9A1FFE2.e.10189"}]}
COMMAND: GET /session/2eb25f1cbe9612d735ab0219d8fb520b/screenshot - {}
COMMAND: POST /session/2eb25f1cbe9612d735ab0219d8fb520b/execute/sync - {"script":"<script> [8489 bytes]","args":[{"element-6066-11e4-a52e-4f735466cecf":"f.1920C544C16071EF810842AAA08EA988.d.BDFA18C235149EA40E267BA9B9A1FFE2.e.10189","ELEMENT":"f.1920C544C16071EF810842AAA08EA988.d.BDFA18C235149EA40E267BA9B9A1FFE2.e.10189"}]}
RESULT: {}
RESULT: {"script":"<script> [8489 bytes]","args":[{"element-6066-11e4-a52e-4f735466cecf":"f.1920C544C16071EF810842AAA08EA988.d.BDFA18C235149EA40E267BA9B9A1FFE2.e.10189","ELEMENT":"f.1920C544C16071EF810842AAA08EA988.d.BDFA18C235149EA40E267BA9B9A1FFE2.e.10189"}]}
COMMAND: GET /session/2eb25f1cbe9612d735ab0219d8fb520b/screenshot - {}
RESULT: {}
COMMAND: POST /session/2eb25f1cbe9612d735ab0219d8fb520b/execute/sync - {"script":"<script> [8489 bytes]","args":[{"element-6066-11e4-a52e-4f735466cecf":"f.1920C544C16071EF810842AAA08EA988.d.BDFA18C235149EA40E267BA9B9A1FFE2.e.10189","ELEMENT":"f.1920C544C16071EF810842AAA08EA988.d.BDFA18C235149EA40E267BA9B9A1FFE2.e.10189"}]}
RESULT: {"script":"<script> [8489 bytes]","args":[{"element-6066-11e4-a52e-4f735466cecf":"f.1920C544C16071EF810842AAA08EA988.d.BDFA18C235149EA40E267BA9B9A1FFE2.e.10189","ELEMENT":"f.1920C544C16071EF810842AAA08EA988.d.BDFA18C235149EA40E267BA9B9A1FFE2.e.10189"}]}
COMMAND: GET /session/2eb25f1cbe9612d735ab0219d8fb520b/screenshot - {}
RESULT: {}
COMMAND: POST /session/2eb25f1cbe9612d735ab0219d8fb520b/execute/sync - {"script":"<script> [8489 bytes]","args":[{"element-6066-11e4-a52e-4f735466cecf":"f.1920C544C16071EF810842AAA08EA988.d.BDFA18C235149EA40E267BA9B9A1FFE2.e.10189","ELEMENT":"f.1920C544C16071EF810842AAA08EA988.d.BDFA18C235149EA40E267BA9B9A1FFE2.e.10189"}]}
RESULT: {"script":"<script> [8489 bytes]","args":[{"element-6066-11e4-a52e-4f735466cecf":"f.1920C544C16071EF810842AAA08EA988.d.BDFA18C235149EA40E267BA9B9A1FFE2.e.10189","ELEMENT":"f.1920C544C16071EF810842AAA08EA988.d.BDFA18C235149EA40E267BA9B9A1FFE2.e.10189"}]}
COMMAND: GET /session/2eb25f1cbe9612d735ab0219d8fb520b/screenshot - {}
RESULT: {}
COMMAND: POST /session/2eb25f1cbe9612d735ab0219d8fb520b/execute/sync - {"script":"<script> [8489 bytes]","args":[{"element-6066-11e4-a52e-4f735466cecf":"f.1920C544C16071EF810842AAA08EA988.d.BDFA18C235149EA40E267BA9B9A1FFE2.e.10189","ELEMENT":"f.1920C544C16071EF810842AAA08EA988.d.BDFA18C235149EA40E267BA9B9A1FFE2.e.10189"}]}
RESULT: {"script":"<script> [8489 bytes]","args":[{"element-6066-11e4-a52e-4f735466cecf":"f.1920C544C16071EF810842AAA08EA988.d.BDFA18C235149EA40E267BA9B9A1FFE2.e.10189","ELEMENT":"f.1920C544C16071EF810842AAA08EA988.d.BDFA18C235149EA40E267BA9B9A1FFE2.e.10189"}]}
COMMAND: GET /session/2eb25f1cbe9612d735ab0219d8fb520b/screenshot - {}
RESULT: {}
COMMAND: POST /session/2eb25f1cbe9612d735ab0219d8fb520b/execute/sync - {"script":"<script> [8489 bytes]","args":[{"element-6066-11e4-a52e-4f735466cecf":"f.1920C544C16071EF810842AAA08EA988.d.BDFA18C235149EA40E267BA9B9A1FFE2.e.10189","ELEMENT":"f.1920C544C16071EF810842AAA08EA988.d.BDFA18C235149EA40E267BA9B9A1FFE2.e.10189"}]}
RESULT: {"script":"<script> [8489 bytes]","args":[{"element-6066-11e4-a52e-4f735466cecf":"f.1920C544C16071EF810842AAA08EA988.d.BDFA18C235149EA40E267BA9B9A1FFE2.e.10189","ELEMENT":"f.1920C544C16071EF810842AAA08EA988.d.BDFA18C235149EA40E267BA9B9A1FFE2.e.10189"}]}
COMMAND: GET /session/2eb25f1cbe9612d735ab0219d8fb520b/screenshot - {}
RESULT: {}
COMMAND: POST /session/2eb25f1cbe9612d735ab0219d8fb520b/execute/sync - {"script":"<script> [8489 bytes]","args":[{"element-6066-11e4-a52e-4f735466cecf":"f.1920C544C16071EF810842AAA08EA988.d.BDFA18C235149EA40E267BA9B9A1FFE2.e.10189","ELEMENT":"f.1920C544C16071EF810842AAA08EA988.d.BDFA18C235149EA40E267BA9B9A1FFE2.e.10189"}]}
RESULT: {"script":"<script> [8489 bytes]","args":[{"element-6066-11e4-a52e-4f735466cecf":"f.1920C544C16071EF810842AAA08EA988.d.BDFA18C235149EA40E267BA9B9A1FFE2.e.10189","ELEMENT":"f.1920C544C16071EF810842AAA08EA988.d.BDFA18C235149EA40E267BA9B9A1FFE2.e.10189"}]}
COMMAND: GET /session/2eb25f1cbe9612d735ab0219d8fb520b/screenshot - {}
RESULT: {}
COMMAND: POST /session/2eb25f1cbe9612d735ab0219d8fb520b/execute/sync - {"script":"<script> [8489 bytes]","args":[{"element-6066-11e4-a52e-4f735466cecf":"f.1920C544C16071EF810842AAA08EA988.d.BDFA18C235149EA40E267BA9B9A1FFE2.e.10189","ELEMENT":"f.1920C544C16071EF810842AAA08EA988.d.BDFA18C235149EA40E267BA9B9A1FFE2.e.10189"}]}
RESULT: {"script":"<script> [8489 bytes]","args":[{"element-6066-11e4-a52e-4f735466cecf":"f.1920C544C16071EF810842AAA08EA988.d.BDFA18C235149EA40E267BA9B9A1FFE2.e.10189","ELEMENT":"f.1920C544C16071EF810842AAA08EA988.d.BDFA18C235149EA40E267BA9B9A1FFE2.e.10189"}]}
COMMAND: GET /session/2eb25f1cbe9612d735ab0219d8fb520b/screenshot - {}
RESULT: {}
COMMAND: POST /session/2eb25f1cbe9612d735ab0219d8fb520b/execute/sync - {"script":"<script> [8489 bytes]","args":[{"element-6066-11e4-a52e-4f735466cecf":"f.1920C544C16071EF810842AAA08EA988.d.BDFA18C235149EA40E267BA9B9A1FFE2.e.10189","ELEMENT":"f.1920C544C16071EF810842AAA08EA988.d.BDFA18C235149EA40E267BA9B9A1FFE2.e.10189"}]}
RESULT: {"script":"<script> [8489 bytes]","args":[{"element-6066-11e4-a52e-4f735466cecf":"f.1920C544C16071EF810842AAA08EA988.d.BDFA18C235149EA40E267BA9B9A1FFE2.e.10189","ELEMENT":"f.1920C544C16071EF810842AAA08EA988.d.BDFA18C235149EA40E267BA9B9A1FFE2.e.10189"}]}
COMMAND: GET /session/2eb25f1cbe9612d735ab0219d8fb520b/screenshot - {}
RESULT: {}
COMMAND: POST /session/2eb25f1cbe9612d735ab0219d8fb520b/execute/sync - {"script":"<script> [8489 bytes]","args":[{"element-6066-11e4-a52e-4f735466cecf":"f.1920C544C16071EF810842AAA08EA988.d.BDFA18C235149EA40E267BA9B9A1FFE2.e.10189","ELEMENT":"f.1920C544C16071EF810842AAA08EA988.d.BDFA18C235149EA40E267BA9B9A1FFE2.e.10189"}]}
RESULT: {"script":"<script> [8489 bytes]","args":[{"element-6066-11e4-a52e-4f735466cecf":"f.1920C544C16071EF810842AAA08EA988.d.BDFA18C235149EA40E267BA9B9A1FFE2.e.10189","ELEMENT":"f.1920C544C16071EF810842AAA08EA988.d.BDFA18C235149EA40E267BA9B9A1FFE2.e.10189"}]}
COMMAND: GET /session/2eb25f1cbe9612d735ab0219d8fb520b/screenshot - {}
RESULT: {}
COMMAND: POST /session/2eb25f1cbe9612d735ab0219d8fb520b/execute/sync - {"script":"<script> [8489 bytes]","args":[{"element-6066-11e4-a52e-4f735466cecf":"f.1920C544C16071EF810842AAA08EA988.d.BDFA18C235149EA40E267BA9B9A1FFE2.e.10189","ELEMENT":"f.1920C544C16071EF810842AAA08EA988.d.BDFA18C235149EA40E267BA9B9A1FFE2.e.10189"}]}
RESULT: {"script":"<script> [8489 bytes]","args":[{"element-6066-11e4-a52e-4f735466cecf":"f.1920C544C16071EF810842AAA08EA988.d.BDFA18C235149EA40E267BA9B9A1FFE2.e.10189","ELEMENT":"f.1920C544C16071EF810842AAA08EA988.d.BDFA18C235149EA40E267BA9B9A1FFE2.e.10189"}]}
COMMAND: GET /session/2eb25f1cbe9612d735ab0219d8fb520b/screenshot - {}
RESULT: {}
COMMAND: POST /session/2eb25f1cbe9612d735ab0219d8fb520b/execute/sync - {"script":"<script> [8489 bytes]","args":[{"element-6066-11e4-a52e-4f735466cecf":"f.1920C544C16071EF810842AAA08EA988.d.BDFA18C235149EA40E267BA9B9A1FFE2.e.10189","ELEMENT":"f.1920C544C16071EF810842AAA08EA988.d.BDFA18C235149EA40E267BA9B9A1FFE2.e.10189"}]}
RESULT: {"script":"<script> [8489 bytes]","args":[{"element-6066-11e4-a52e-4f735466cecf":"f.1920C544C16071EF810842AAA08EA988.d.BDFA18C235149EA40E267BA9B9A1FFE2.e.10189","ELEMENT":"f.1920C544C16071EF810842AAA08EA988.d.BDFA18C235149EA40E267BA9B9A1FFE2.e.10189"}]}
COMMAND: GET /session/2eb25f1cbe9612d735ab0219d8fb520b/screenshot - {}
RESULT: {}
COMMAND: POST /session/2eb25f1cbe9612d735ab0219d8fb520b/execute/sync - {"script":"<script> [8489 bytes]","args":[{"element-6066-11e4-a52e-4f735466cecf":"f.1920C544C16071EF810842AAA08EA988.d.BDFA18C235149EA40E267BA9B9A1FFE2.e.10189","ELEMENT":"f.1920C544C16071EF810842AAA08EA988.d.BDFA18C235149EA40E267BA9B9A1FFE2.e.10189"}]}
RESULT: {"script":"<script> [8489 bytes]","args":[{"element-6066-11e4-a52e-4f735466cecf":"f.1920C544C16071EF810842AAA08EA988.d.BDFA18C235149EA40E267BA9B9A1FFE2.e.10189","ELEMENT":"f.1920C544C16071EF810842AAA08EA988.d.BDFA18C235149EA40E267BA9B9A1FFE2.e.10189"}]}
COMMAND: GET /session/2eb25f1cbe9612d735ab0219d8fb520b/screenshot - {}
RESULT: {}
COMMAND: POST /session/2eb25f1cbe9612d735ab0219d8fb520b/execute/sync - {"script":"<script> [8489 bytes]","args":[{"element-6066-11e4-a52e-4f735466cecf":"f.1920C544C16071EF810842AAA08EA988.d.BDFA18C235149EA40E267BA9B9A1FFE2.e.10189","ELEMENT":"f.1920C544C16071EF810842AAA08EA988.d.BDFA18C235149EA40E267BA9B9A1FFE2.e.10189"}]}
RESULT: {"script":"<script> [8489 bytes]","args":[{"element-6066-11e4-a52e-4f735466cecf":"f.1920C544C16071EF810842AAA08EA988.d.BDFA18C235149EA40E267BA9B9A1FFE2.e.10189","ELEMENT":"f.1920C544C16071EF810842AAA08EA988.d.BDFA18C235149EA40E267BA9B9A1FFE2.e.10189"}]}
COMMAND: GET /session/2eb25f1cbe9612d735ab0219d8fb520b/screenshot - {}
RESULT: {}
COMMAND: POST /session/2eb25f1cbe9612d735ab0219d8fb520b/execute/sync - {"script":"<script> [8489 bytes]","args":[{"element-6066-11e4-a52e-4f735466cecf":"f.1920C544C16071EF810842AAA08EA988.d.BDFA18C235149EA40E267BA9B9A1FFE2.e.10189","ELEMENT":"f.1920C544C16071EF810842AAA08EA988.d.BDFA18C235149EA40E267BA9B9A1FFE2.e.10189"}]}
RESULT: {"script":"<script> [8489 bytes]","args":[{"element-6066-11e4-a52e-4f735466cecf":"f.1920C544C16071EF810842AAA08EA988.d.BDFA18C235149EA40E267BA9B9A1FFE2.e.10189","ELEMENT":"f.1920C544C16071EF810842AAA08EA988.d.BDFA18C235149EA40E267BA9B9A1FFE2.e.10189"}]}
COMMAND: GET /session/2eb25f1cbe9612d735ab0219d8fb520b/screenshot - {}
RESULT: {}
COMMAND: POST /session/2eb25f1cbe9612d735ab0219d8fb520b/execute/sync - {"script":"<script> [8489 bytes]","args":[{"element-6066-11e4-a52e-4f735466cecf":"f.1920C544C16071EF810842AAA08EA988.d.BDFA18C235149EA40E267BA9B9A1FFE2.e.10189","ELEMENT":"f.1920C544C16071EF810842AAA08EA988.d.BDFA18C235149EA40E267BA9B9A1FFE2.e.10189"}]}
RESULT: {"script":"<script> [8489 bytes]","args":[{"element-6066-11e4-a52e-4f735466cecf":"f.1920C544C16071EF810842AAA08EA988.d.BDFA18C235149EA40E267BA9B9A1FFE2.e.10189","ELEMENT":"f.1920C544C16071EF810842AAA08EA988.d.BDFA18C235149EA40E267BA9B9A1FFE2.e.10189"}]}
COMMAND: GET /session/2eb25f1cbe9612d735ab0219d8fb520b/screenshot - {}
RESULT: {}
COMMAND: POST /session/2eb25f1cbe9612d735ab0219d8fb520b/execute/sync - {"script":"<script> [8489 bytes]","args":[{"element-6066-11e4-a52e-4f735466cecf":"f.1920C544C16071EF810842AAA08EA988.d.BDFA18C235149EA40E267BA9B9A1FFE2.e.10189","ELEMENT":"f.1920C544C16071EF810842AAA08EA988.d.BDFA18C235149EA40E267BA9B9A1FFE2.e.10189"}]}
RESULT: {"script":"<script> [8489 bytes]","args":[{"element-6066-11e4-a52e-4f735466cecf":"f.1920C544C16071EF810842AAA08EA988.d.BDFA18C235149EA40E267BA9B9A1FFE2.e.10189","ELEMENT":"f.1920C544C16071EF810842AAA08EA988.d.BDFA18C235149EA40E267BA9B9A1FFE2.e.10189"}]}
COMMAND: GET /session/2eb25f1cbe9612d735ab0219d8fb520b/screenshot - {}
RESULT: {}
COMMAND: POST /session/2eb25f1cbe9612d735ab0219d8fb520b/execute/sync - {"script":"<script> [8489 bytes]","args":[{"element-6066-11e4-a52e-4f735466cecf":"f.1920C544C16071EF810842AAA08EA988.d.BDFA18C235149EA40E267BA9B9A1FFE2.e.10189","ELEMENT":"f.1920C544C16071EF810842AAA08EA988.d.BDFA18C235149EA40E267BA9B9A1FFE2.e.10189"}]}
RESULT: {"script":"<script> [8489 bytes]","args":[{"element-6066-11e4-a52e-4f735466cecf":"f.1920C544C16071EF810842AAA08EA988.d.BDFA18C235149EA40E267BA9B9A1FFE2.e.10189","ELEMENT":"f.1920C544C16071EF810842AAA08EA988.d.BDFA18C235149EA40E267BA9B9A1FFE2.e.10189"}]}
COMMAND: GET /session/2eb25f1cbe9612d735ab0219d8fb520b/screenshot - {}
RESULT: {}
COMMAND: POST /session/2eb25f1cbe9612d735ab0219d8fb520b/execute/sync - {"script":"<script> [8489 bytes]","args":[{"element-6066-11e4-a52e-4f735466cecf":"f.1920C544C16071EF810842AAA08EA988.d.BDFA18C235149EA40E267BA9B9A1FFE2.e.10189","ELEMENT":"f.1920C544C16071EF810842AAA08EA988.d.BDFA18C235149EA40E267BA9B9A1FFE2.e.10189"}]}
RESULT: {"script":"<script> [8489 bytes]","args":[{"element-6066-11e4-a52e-4f735466cecf":"f.1920C544C16071EF810842AAA08EA988.d.BDFA18C235149EA40E267BA9B9A1FFE2.e.10189","ELEMENT":"f.1920C544C16071EF810842AAA08EA988.d.BDFA18C235149EA40E267BA9B9A1FFE2.e.10189"}]}
COMMAND: GET /session/2eb25f1cbe9612d735ab0219d8fb520b/screenshot - {}
RESULT: {}
COMMAND: POST /session/2eb25f1cbe9612d735ab0219d8fb520b/execute/sync - {"script":"<script> [8489 bytes]","args":[{"element-6066-11e4-a52e-4f735466cecf":"f.1920C544C16071EF810842AAA08EA988.d.BDFA18C235149EA40E267BA9B9A1FFE2.e.10189","ELEMENT":"f.1920C544C16071EF810842AAA08EA988.d.BDFA18C235149EA40E267BA9B9A1FFE2.e.10189"}]}
RESULT: {"script":"<script> [8489 bytes]","args":[{"element-6066-11e4-a52e-4f735466cecf":"f.1920C544C16071EF810842AAA08EA988.d.BDFA18C235149EA40E267BA9B9A1FFE2.e.10189","ELEMENT":"f.1920C544C16071EF810842AAA08EA988.d.BDFA18C235149EA40E267BA9B9A1FFE2.e.10189"}]}
COMMAND: GET /session/2eb25f1cbe9612d735ab0219d8fb520b/screenshot - {}
RESULT: {}
COMMAND: POST /session/2eb25f1cbe9612d735ab0219d8fb520b/execute/sync - {"script":"<script> [8489 bytes]","args":[{"element-6066-11e4-a52e-4f735466cecf":"f.1920C544C16071EF810842AAA08EA988.d.BDFA18C235149EA40E267BA9B9A1FFE2.e.10189","ELEMENT":"f.1920C544C16071EF810842AAA08EA988.d.BDFA18C235149EA40E267BA9B9A1FFE2.e.10189"}]}
RESULT: {"script":"<script> [8489 bytes]","args":[{"element-6066-11e4-a52e-4f735466cecf":"f.1920C544C16071EF810842AAA08EA988.d.BDFA18C235149EA40E267BA9B9A1FFE2.e.10189","ELEMENT":"f.1920C544C16071EF810842AAA08EA988.d.BDFA18C235149EA40E267BA9B9A1FFE2.e.10189"}]}
COMMAND: GET /session/2eb25f1cbe9612d735ab0219d8fb520b/screenshot - {}
RESULT: {}
COMMAND: POST /session/2eb25f1cbe9612d735ab0219d8fb520b/execute/sync - {"script":"<script> [8489 bytes]","args":[{"element-6066-11e4-a52e-4f735466cecf":"f.1920C544C16071EF810842AAA08EA988.d.BDFA18C235149EA40E267BA9B9A1FFE2.e.10189","ELEMENT":"f.1920C544C16071EF810842AAA08EA988.d.BDFA18C235149EA40E267BA9B9A1FFE2.e.10189"}]}
RESULT: {"script":"<script> [8489 bytes]","args":[{"element-6066-11e4-a52e-4f735466cecf":"f.1920C544C16071EF810842AAA08EA988.d.BDFA18C235149EA40E267BA9B9A1FFE2.e.10189","ELEMENT":"f.1920C544C16071EF810842AAA08EA988.d.BDFA18C235149EA40E267BA9B9A1FFE2.e.10189"}]}
COMMAND: GET /session/2eb25f1cbe9612d735ab0219d8fb520b/screenshot - {}
RESULT: {}
COMMAND: POST /session/2eb25f1cbe9612d735ab0219d8fb520b/execute/sync - {"script":"<script> [8489 bytes]","args":[{"element-6066-11e4-a52e-4f735466cecf":"f.1920C544C16071EF810842AAA08EA988.d.BDFA18C235149EA40E267BA9B9A1FFE2.e.10189","ELEMENT":"f.1920C544C16071EF810842AAA08EA988.d.BDFA18C235149EA40E267BA9B9A1FFE2.e.10189"}]}
RESULT: {"script":"<script> [8489 bytes]","args":[{"element-6066-11e4-a52e-4f735466cecf":"f.1920C544C16071EF810842AAA08EA988.d.BDFA18C235149EA40E267BA9B9A1FFE2.e.10189","ELEMENT":"f.1920C544C16071EF810842AAA08EA988.d.BDFA18C235149EA40E267BA9B9A1FFE2.e.10189"}]}
COMMAND: GET /session/2eb25f1cbe9612d735ab0219d8fb520b/screenshot - {}
RESULT: {}
COMMAND: POST /session/2eb25f1cbe9612d735ab0219d8fb520b/execute/sync - {"script":"<script> [8489 bytes]","args":[{"element-6066-11e4-a52e-4f735466cecf":"f.1920C544C16071EF810842AAA08EA988.d.BDFA18C235149EA40E267BA9B9A1FFE2.e.10189","ELEMENT":"f.1920C544C16071EF810842AAA08EA988.d.BDFA18C235149EA40E267BA9B9A1FFE2.e.10189"}]}
RESULT: {"script":"<script> [8489 bytes]","args":[{"element-6066-11e4-a52e-4f735466cecf":"f.1920C544C16071EF810842AAA08EA988.d.BDFA18C235149EA40E267BA9B9A1FFE2.e.10189","ELEMENT":"f.1920C544C16071EF810842AAA08EA988.d.BDFA18C235149EA40E267BA9B9A1FFE2.e.10189"}]}
COMMAND: GET /session/2eb25f1cbe9612d735ab0219d8fb520b/screenshot - {}
RESULT: {}
COMMAND: POST /session/2eb25f1cbe9612d735ab0219d8fb520b/execute/sync - {"script":"<script> [8489 bytes]","args":[{"element-6066-11e4-a52e-4f735466cecf":"f.1920C544C16071EF810842AAA08EA988.d.BDFA18C235149EA40E267BA9B9A1FFE2.e.10189","ELEMENT":"f.1920C544C16071EF810842AAA08EA988.d.BDFA18C235149EA40E267BA9B9A1FFE2.e.10189"}]}
RESULT: {"script":"<script> [8489 bytes]","args":[{"element-6066-11e4-a52e-4f735466cecf":"f.1920C544C16071EF810842AAA08EA988.d.BDFA18C235149EA40E267BA9B9A1FFE2.e.10189","ELEMENT":"f.1920C544C16071EF810842AAA08EA988.d.BDFA18C235149EA40E267BA9B9A1FFE2.e.10189"}]}
COMMAND: GET /session/2eb25f1cbe9612d735ab0219d8fb520b/screenshot - {}
RESULT: {}
COMMAND: POST /session/2eb25f1cbe9612d735ab0219d8fb520b/execute/sync - {"script":"<script> [8489 bytes]","args":[{"element-6066-11e4-a52e-4f735466cecf":"f.1920C544C16071EF810842AAA08EA988.d.BDFA18C235149EA40E267BA9B9A1FFE2.e.10189","ELEMENT":"f.1920C544C16071EF810842AAA08EA988.d.BDFA18C235149EA40E267BA9B9A1FFE2.e.10189"}]}
RESULT: {"script":"<script> [8489 bytes]","args":[{"element-6066-11e4-a52e-4f735466cecf":"f.1920C544C16071EF810842AAA08EA988.d.BDFA18C235149EA40E267BA9B9A1FFE2.e.10189","ELEMENT":"f.1920C544C16071EF810842AAA08EA988.d.BDFA18C235149EA40E267BA9B9A1FFE2.e.10189"}]}
COMMAND: GET /session/2eb25f1cbe9612d735ab0219d8fb520b/screenshot - {}
RESULT: {}
COMMAND: POST /session/2eb25f1cbe9612d735ab0219d8fb520b/execute/sync - {"script":"<script> [8489 bytes]","args":[{"element-6066-11e4-a52e-4f735466cecf":"f.1920C544C16071EF810842AAA08EA988.d.BDFA18C235149EA40E267BA9B9A1FFE2.e.10189","ELEMENT":"f.1920C544C16071EF810842AAA08EA988.d.BDFA18C235149EA40E267BA9B9A1FFE2.e.10189"}]}
RESULT: {"script":"<script> [8489 bytes]","args":[{"element-6066-11e4-a52e-4f735466cecf":"f.1920C544C16071EF810842AAA08EA988.d.BDFA18C235149EA40E267BA9B9A1FFE2.e.10189","ELEMENT":"f.1920C544C16071EF810842AAA08EA988.d.BDFA18C235149EA40E267BA9B9A1FFE2.e.10189"}]}
COMMAND: GET /session/2eb25f1cbe9612d735ab0219d8fb520b/screenshot - {}
RESULT: {}
COMMAND: POST /session/2eb25f1cbe9612d735ab0219d8fb520b/execute/sync - {"script":"<script> [8489 bytes]","args":[{"element-6066-11e4-a52e-4f735466cecf":"f.1920C544C16071EF810842AAA08EA988.d.BDFA18C235149EA40E267BA9B9A1FFE2.e.10189","ELEMENT":"f.1920C544C16071EF810842AAA08EA988.d.BDFA18C235149EA40E267BA9B9A1FFE2.e.10189"}]}
RESULT: {"script":"<script> [8489 bytes]","args":[{"element-6066-11e4-a52e-4f735466cecf":"f.1920C544C16071EF810842AAA08EA988.d.BDFA18C235149EA40E267BA9B9A1FFE2.e.10189","ELEMENT":"f.1920C544C16071EF810842AAA08EA988.d.BDFA18C235149EA40E267BA9B9A1FFE2.e.10189"}]}
COMMAND: GET /session/2eb25f1cbe9612d735ab0219d8fb520b/screenshot - {}
RESULT: {}
COMMAND: POST /session/2eb25f1cbe9612d735ab0219d8fb520b/execute/sync - {"script":"<script> [8489 bytes]","args":[{"element-6066-11e4-a52e-4f735466cecf":"f.1920C544C16071EF810842AAA08EA988.d.BDFA18C235149EA40E267BA9B9A1FFE2.e.10189","ELEMENT":"f.1920C544C16071EF810842AAA08EA988.d.BDFA18C235149EA40E267BA9B9A1FFE2.e.10189"}]}
RESULT: {"script":"<script> [8489 bytes]","args":[{"element-6066-11e4-a52e-4f735466cecf":"f.1920C544C16071EF810842AAA08EA988.d.BDFA18C235149EA40E267BA9B9A1FFE2.e.10189","ELEMENT":"f.1920C544C16071EF810842AAA08EA988.d.BDFA18C235149EA40E267BA9B9A1FFE2.e.10189"}]}
COMMAND: GET /session/2eb25f1cbe9612d735ab0219d8fb520b/screenshot - {}
RESULT: {}
COMMAND: POST /session/2eb25f1cbe9612d735ab0219d8fb520b/execute/sync - {"script":"<script> [8489 bytes]","args":[{"element-6066-11e4-a52e-4f735466cecf":"f.1920C544C16071EF810842AAA08EA988.d.BDFA18C235149EA40E267BA9B9A1FFE2.e.10189","ELEMENT":"f.1920C544C16071EF810842AAA08EA988.d.BDFA18C235149EA40E267BA9B9A1FFE2.e.10189"}]}
RESULT: {"script":"<script> [8489 bytes]","args":[{"element-6066-11e4-a52e-4f735466cecf":"f.1920C544C16071EF810842AAA08EA988.d.BDFA18C235149EA40E267BA9B9A1FFE2.e.10189","ELEMENT":"f.1920C544C16071EF810842AAA08EA988.d.BDFA18C235149EA40E267BA9B9A1FFE2.e.10189"}]}
COMMAND: GET /session/2eb25f1cbe9612d735ab0219d8fb520b/screenshot - {}
RESULT: {}
COMMAND: POST /session/2eb25f1cbe9612d735ab0219d8fb520b/execute/sync - {"script":"<script> [8489 bytes]","args":[{"element-6066-11e4-a52e-4f735466cecf":"f.1920C544C16071EF810842AAA08EA988.d.BDFA18C235149EA40E267BA9B9A1FFE2.e.10189","ELEMENT":"f.1920C544C16071EF810842AAA08EA988.d.BDFA18C235149EA40E267BA9B9A1FFE2.e.10189"}]}
RESULT: {"script":"<script> [8489 bytes]","args":[{"element-6066-11e4-a52e-4f735466cecf":"f.1920C544C16071EF810842AAA08EA988.d.BDFA18C235149EA40E267BA9B9A1FFE2.e.10189","ELEMENT":"f.1920C544C16071EF810842AAA08EA988.d.BDFA18C235149EA40E267BA9B9A1FFE2.e.10189"}]}
COMMAND: GET /session/2eb25f1cbe9612d735ab0219d8fb520b/screenshot - {}
RESULT: {}
COMMAND: POST /session/2eb25f1cbe9612d735ab0219d8fb520b/execute/sync - {"script":"<script> [8489 bytes]","args":[{"element-6066-11e4-a52e-4f735466cecf":"f.1920C544C16071EF810842AAA08EA988.d.BDFA18C235149EA40E267BA9B9A1FFE2.e.10189","ELEMENT":"f.1920C544C16071EF810842AAA08EA988.d.BDFA18C235149EA40E267BA9B9A1FFE2.e.10189"}]}
RESULT: {"script":"<script> [8489 bytes]","args":[{"element-6066-11e4-a52e-4f735466cecf":"f.1920C544C16071EF810842AAA08EA988.d.BDFA18C235149EA40E267BA9B9A1FFE2.e.10189","ELEMENT":"f.1920C544C16071EF810842AAA08EA988.d.BDFA18C235149EA40E267BA9B9A1FFE2.e.10189"}]}
COMMAND: GET /session/2eb25f1cbe9612d735ab0219d8fb520b/screenshot - {}
RESULT: {}
COMMAND: POST /session/2eb25f1cbe9612d735ab0219d8fb520b/execute/sync - {"script":"<script> [8489 bytes]","args":[{"element-6066-11e4-a52e-4f735466cecf":"f.1920C544C16071EF810842AAA08EA988.d.BDFA18C235149EA40E267BA9B9A1FFE2.e.10189","ELEMENT":"f.1920C544C16071EF810842AAA08EA988.d.BDFA18C235149EA40E267BA9B9A1FFE2.e.10189"}]}
RESULT: {"script":"<script> [8489 bytes]","args":[{"element-6066-11e4-a52e-4f735466cecf":"f.1920C544C16071EF810842AAA08EA988.d.BDFA18C235149EA40E267BA9B9A1FFE2.e.10189","ELEMENT":"f.1920C544C16071EF810842AAA08EA988.d.BDFA18C235149EA40E267BA9B9A1FFE2.e.10189"}]}
COMMAND: GET /session/2eb25f1cbe9612d735ab0219d8fb520b/screenshot - {}
RESULT: {}
COMMAND: POST /session/2eb25f1cbe9612d735ab0219d8fb520b/execute/sync - {"script":"<script> [8489 bytes]","args":[{"element-6066-11e4-a52e-4f735466cecf":"f.1920C544C16071EF810842AAA08EA988.d.BDFA18C235149EA40E267BA9B9A1FFE2.e.10189","ELEMENT":"f.1920C544C16071EF810842AAA08EA988.d.BDFA18C235149EA40E267BA9B9A1FFE2.e.10189"}]}
RESULT: {"script":"<script> [8489 bytes]","args":[{"element-6066-11e4-a52e-4f735466cecf":"f.1920C544C16071EF810842AAA08EA988.d.BDFA18C235149EA40E267BA9B9A1FFE2.e.10189","ELEMENT":"f.1920C544C16071EF810842AAA08EA988.d.BDFA18C235149EA40E267BA9B9A1FFE2.e.10189"}]}
COMMAND: GET /session/2eb25f1cbe9612d735ab0219d8fb520b/screenshot - {}
RESULT: {}
COMMAND: POST /session/2eb25f1cbe9612d735ab0219d8fb520b/execute/sync - {"script":"<script> [8489 bytes]","args":[{"element-6066-11e4-a52e-4f735466cecf":"f.1920C544C16071EF810842AAA08EA988.d.BDFA18C235149EA40E267BA9B9A1FFE2.e.10189","ELEMENT":"f.1920C544C16071EF810842AAA08EA988.d.BDFA18C235149EA40E267BA9B9A1FFE2.e.10189"}]}
RESULT: {"script":"<script> [8489 bytes]","args":[{"element-6066-11e4-a52e-4f735466cecf":"f.1920C544C16071EF810842AAA08EA988.d.BDFA18C235149EA40E267BA9B9A1FFE2.e.10189","ELEMENT":"f.1920C544C16071EF810842AAA08EA988.d.BDFA18C235149EA40E267BA9B9A1FFE2.e.10189"}]}
COMMAND: GET /session/2eb25f1cbe9612d735ab0219d8fb520b/screenshot - {}
RESULT: {}
COMMAND: POST /session/2eb25f1cbe9612d735ab0219d8fb520b/execute/sync - {"script":"<script> [8489 bytes]","args":[{"element-6066-11e4-a52e-4f735466cecf":"f.1920C544C16071EF810842AAA08EA988.d.BDFA18C235149EA40E267BA9B9A1FFE2.e.10189","ELEMENT":"f.1920C544C16071EF810842AAA08EA988.d.BDFA18C235149EA40E267BA9B9A1FFE2.e.10189"}]}
RESULT: {"script":"<script> [8489 bytes]","args":[{"element-6066-11e4-a52e-4f735466cecf":"f.1920C544C16071EF810842AAA08EA988.d.BDFA18C235149EA40E267BA9B9A1FFE2.e.10189","ELEMENT":"f.1920C544C16071EF810842AAA08EA988.d.BDFA18C235149EA40E267BA9B9A1FFE2.e.10189"}]}
COMMAND: GET /session/2eb25f1cbe9612d735ab0219d8fb520b/screenshot - {}
RESULT: {}
COMMAND: POST /session/2eb25f1cbe9612d735ab0219d8fb520b/execute/sync - {"script":"<script> [8489 bytes]","args":[{"element-6066-11e4-a52e-4f735466cecf":"f.1920C544C16071EF810842AAA08EA988.d.BDFA18C235149EA40E267BA9B9A1FFE2.e.10189","ELEMENT":"f.1920C544C16071EF810842AAA08EA988.d.BDFA18C235149EA40E267BA9B9A1FFE2.e.10189"}]}
RESULT: {"script":"<script> [8489 bytes]","args":[{"element-6066-11e4-a52e-4f735466cecf":"f.1920C544C16071EF810842AAA08EA988.d.BDFA18C235149EA40E267BA9B9A1FFE2.e.10189","ELEMENT":"f.1920C544C16071EF810842AAA08EA988.d.BDFA18C235149EA40E267BA9B9A1FFE2.e.10189"}]}
COMMAND: GET /session/2eb25f1cbe9612d735ab0219d8fb520b/screenshot - {}
COMMAND: POST /session/2eb25f1cbe9612d735ab0219d8fb520b/execute/sync - {"script":"<script> [8489 bytes]","args":[{"element-6066-11e4-a52e-4f735466cecf":"f.1920C544C16071EF810842AAA08EA988.d.BDFA18C235149EA40E267BA9B9A1FFE2.e.10189","ELEMENT":"f.1920C544C16071EF810842AAA08EA988.d.BDFA18C235149EA40E267BA9B9A1FFE2.e.10189"}]}
RESULT: {}
RESULT: {"script":"<script> [8489 bytes]","args":[{"element-6066-11e4-a52e-4f735466cecf":"f.1920C544C16071EF810842AAA08EA988.d.BDFA18C235149EA40E267BA9B9A1FFE2.e.10189","ELEMENT":"f.1920C544C16071EF810842AAA08EA988.d.BDFA18C235149EA40E267BA9B9A1FFE2.e.10189"}]}
COMMAND: GET /session/2eb25f1cbe9612d735ab0219d8fb520b/screenshot - {}
RESULT: {}
COMMAND: POST /session/2eb25f1cbe9612d735ab0219d8fb520b/execute/sync - {"script":"<script> [8489 bytes]","args":[{"element-6066-11e4-a52e-4f735466cecf":"f.1920C544C16071EF810842AAA08EA988.d.BDFA18C235149EA40E267BA9B9A1FFE2.e.10189","ELEMENT":"f.1920C544C16071EF810842AAA08EA988.d.BDFA18C235149EA40E267BA9B9A1FFE2.e.10189"}]}
RESULT: {"script":"<script> [8489 bytes]","args":[{"element-6066-11e4-a52e-4f735466cecf":"f.1920C544C16071EF810842AAA08EA988.d.BDFA18C235149EA40E267BA9B9A1FFE2.e.10189","ELEMENT":"f.1920C544C16071EF810842AAA08EA988.d.BDFA18C235149EA40E267BA9B9A1FFE2.e.10189"}]}
COMMAND: GET /session/2eb25f1cbe9612d735ab0219d8fb520b/screenshot - {}
RESULT: {}
COMMAND: POST /session/2eb25f1cbe9612d735ab0219d8fb520b/execute/sync - {"script":"<script> [8489 bytes]","args":[{"element-6066-11e4-a52e-4f735466cecf":"f.1920C544C16071EF810842AAA08EA988.d.BDFA18C235149EA40E267BA9B9A1FFE2.e.10189","ELEMENT":"f.1920C544C16071EF810842AAA08EA988.d.BDFA18C235149EA40E267BA9B9A1FFE2.e.10189"}]}
RESULT: {"script":"<script> [8489 bytes]","args":[{"element-6066-11e4-a52e-4f735466cecf":"f.1920C544C16071EF810842AAA08EA988.d.BDFA18C235149EA40E267BA9B9A1FFE2.e.10189","ELEMENT":"f.1920C544C16071EF810842AAA08EA988.d.BDFA18C235149EA40E267BA9B9A1FFE2.e.10189"}]}
COMMAND: GET /session/2eb25f1cbe9612d735ab0219d8fb520b/screenshot - {}
RESULT: {}
COMMAND: POST /session/2eb25f1cbe9612d735ab0219d8fb520b/execute/sync - {"script":"<script> [8489 bytes]","args":[{"element-6066-11e4-a52e-4f735466cecf":"f.1920C544C16071EF810842AAA08EA988.d.BDFA18C235149EA40E267BA9B9A1FFE2.e.10189","ELEMENT":"f.1920C544C16071EF810842AAA08EA988.d.BDFA18C235149EA40E267BA9B9A1FFE2.e.10189"}]}
RESULT: {"script":"<script> [8489 bytes]","args":[{"element-6066-11e4-a52e-4f735466cecf":"f.1920C544C16071EF810842AAA08EA988.d.BDFA18C235149EA40E267BA9B9A1FFE2.e.10189","ELEMENT":"f.1920C544C16071EF810842AAA08EA988.d.BDFA18C235149EA40E267BA9B9A1FFE2.e.10189"}]}
COMMAND: GET /session/2eb25f1cbe9612d735ab0219d8fb520b/screenshot - {}
RESULT: {}
COMMAND: POST /session/2eb25f1cbe9612d735ab0219d8fb520b/execute/sync - {"script":"<script> [8489 bytes]","args":[{"element-6066-11e4-a52e-4f735466cecf":"f.1920C544C16071EF810842AAA08EA988.d.BDFA18C235149EA40E267BA9B9A1FFE2.e.10189","ELEMENT":"f.1920C544C16071EF810842AAA08EA988.d.BDFA18C235149EA40E267BA9B9A1FFE2.e.10189"}]}
RESULT: {"script":"<script> [8489 bytes]","args":[{"element-6066-11e4-a52e-4f735466cecf":"f.1920C544C16071EF810842AAA08EA988.d.BDFA18C235149EA40E267BA9B9A1FFE2.e.10189","ELEMENT":"f.1920C544C16071EF810842AAA08EA988.d.BDFA18C235149EA40E267BA9B9A1FFE2.e.10189"}]}
COMMAND: GET /session/2eb25f1cbe9612d735ab0219d8fb520b/screenshot - {}
RESULT: {}
COMMAND: POST /session/2eb25f1cbe9612d735ab0219d8fb520b/execute/sync - {"script":"<script> [8489 bytes]","args":[{"element-6066-11e4-a52e-4f735466cecf":"f.1920C544C16071EF810842AAA08EA988.d.BDFA18C235149EA40E267BA9B9A1FFE2.e.10189","ELEMENT":"f.1920C544C16071EF810842AAA08EA988.d.BDFA18C235149EA40E267BA9B9A1FFE2.e.10189"}]}
RESULT: {"script":"<script> [8489 bytes]","args":[{"element-6066-11e4-a52e-4f735466cecf":"f.1920C544C16071EF810842AAA08EA988.d.BDFA18C235149EA40E267BA9B9A1FFE2.e.10189","ELEMENT":"f.1920C544C16071EF810842AAA08EA988.d.BDFA18C235149EA40E267BA9B9A1FFE2.e.10189"}]}
COMMAND: GET /session/2eb25f1cbe9612d735ab0219d8fb520b/screenshot - {}
RESULT: {}
COMMAND: POST /session/2eb25f1cbe9612d735ab0219d8fb520b/execute/sync - {"script":"<script> [8489 bytes]","args":[{"element-6066-11e4-a52e-4f735466cecf":"f.1920C544C16071EF810842AAA08EA988.d.BDFA18C235149EA40E267BA9B9A1FFE2.e.10189","ELEMENT":"f.1920C544C16071EF810842AAA08EA988.d.BDFA18C235149EA40E267BA9B9A1FFE2.e.10189"}]}
RESULT: {"script":"<script> [8489 bytes]","args":[{"element-6066-11e4-a52e-4f735466cecf":"f.1920C544C16071EF810842AAA08EA988.d.BDFA18C235149EA40E267BA9B9A1FFE2.e.10189","ELEMENT":"f.1920C544C16071EF810842AAA08EA988.d.BDFA18C235149EA40E267BA9B9A1FFE2.e.10189"}]}
COMMAND: GET /session/2eb25f1cbe9612d735ab0219d8fb520b/screenshot - {}
RESULT: {}
COMMAND: POST /session/2eb25f1cbe9612d735ab0219d8fb520b/execute/sync - {"script":"<script> [8489 bytes]","args":[{"element-6066-11e4-a52e-4f735466cecf":"f.1920C544C16071EF810842AAA08EA988.d.BDFA18C235149EA40E267BA9B9A1FFE2.e.10189","ELEMENT":"f.1920C544C16071EF810842AAA08EA988.d.BDFA18C235149EA40E267BA9B9A1FFE2.e.10189"}]}
RESULT: {"script":"<script> [8489 bytes]","args":[{"element-6066-11e4-a52e-4f735466cecf":"f.1920C544C16071EF810842AAA08EA988.d.BDFA18C235149EA40E267BA9B9A1FFE2.e.10189","ELEMENT":"f.1920C544C16071EF810842AAA08EA988.d.BDFA18C235149EA40E267BA9B9A1FFE2.e.10189"}]}
COMMAND: GET /session/2eb25f1cbe9612d735ab0219d8fb520b/screenshot - {}
RESULT: {}
COMMAND: POST /session/2eb25f1cbe9612d735ab0219d8fb520b/execute/sync - {"script":"<script> [8489 bytes]","args":[{"element-6066-11e4-a52e-4f735466cecf":"f.1920C544C16071EF810842AAA08EA988.d.BDFA18C235149EA40E267BA9B9A1FFE2.e.10189","ELEMENT":"f.1920C544C16071EF810842AAA08EA988.d.BDFA18C235149EA40E267BA9B9A1FFE2.e.10189"}]}
RESULT: {"script":"<script> [8489 bytes]","args":[{"element-6066-11e4-a52e-4f735466cecf":"f.1920C544C16071EF810842AAA08EA988.d.BDFA18C235149EA40E267BA9B9A1FFE2.e.10189","ELEMENT":"f.1920C544C16071EF810842AAA08EA988.d.BDFA18C235149EA40E267BA9B9A1FFE2.e.10189"}]}
COMMAND: GET /session/2eb25f1cbe9612d735ab0219d8fb520b/screenshot - {}
RESULT: {}
COMMAND: POST /session/2eb25f1cbe9612d735ab0219d8fb520b/execute/sync - {"script":"<script> [8489 bytes]","args":[{"element-6066-11e4-a52e-4f735466cecf":"f.1920C544C16071EF810842AAA08EA988.d.BDFA18C235149EA40E267BA9B9A1FFE2.e.10189","ELEMENT":"f.1920C544C16071EF810842AAA08EA988.d.BDFA18C235149EA40E267BA9B9A1FFE2.e.10189"}]}
RESULT: {"script":"<script> [8489 bytes]","args":[{"element-6066-11e4-a52e-4f735466cecf":"f.1920C544C16071EF810842AAA08EA988.d.BDFA18C235149EA40E267BA9B9A1FFE2.e.10189","ELEMENT":"f.1920C544C16071EF810842AAA08EA988.d.BDFA18C235149EA40E267BA9B9A1FFE2.e.10189"}]}
COMMAND: GET /session/2eb25f1cbe9612d735ab0219d8fb520b/screenshot - {}
RESULT: {}
COMMAND: POST /session/2eb25f1cbe9612d735ab0219d8fb520b/execute/sync - {"script":"<script> [8489 bytes]","args":[{"element-6066-11e4-a52e-4f735466cecf":"f.1920C544C16071EF810842AAA08EA988.d.BDFA18C235149EA40E267BA9B9A1FFE2.e.10189","ELEMENT":"f.1920C544C16071EF810842AAA08EA988.d.BDFA18C235149EA40E267BA9B9A1FFE2.e.10189"}]}
RESULT: {"script":"<script> [8489 bytes]","args":[{"element-6066-11e4-a52e-4f735466cecf":"f.1920C544C16071EF810842AAA08EA988.d.BDFA18C235149EA40E267BA9B9A1FFE2.e.10189","ELEMENT":"f.1920C544C16071EF810842AAA08EA988.d.BDFA18C235149EA40E267BA9B9A1FFE2.e.10189"}]}
COMMAND: GET /session/2eb25f1cbe9612d735ab0219d8fb520b/screenshot - {}
RESULT: {}
COMMAND: POST /session/2eb25f1cbe9612d735ab0219d8fb520b/execute/sync - {"script":"<script> [8489 bytes]","args":[{"element-6066-11e4-a52e-4f735466cecf":"f.1920C544C16071EF810842AAA08EA988.d.BDFA18C235149EA40E267BA9B9A1FFE2.e.10189","ELEMENT":"f.1920C544C16071EF810842AAA08EA988.d.BDFA18C235149EA40E267BA9B9A1FFE2.e.10189"}]}
RESULT: {"script":"<script> [8489 bytes]","args":[{"element-6066-11e4-a52e-4f735466cecf":"f.1920C544C16071EF810842AAA08EA988.d.BDFA18C235149EA40E267BA9B9A1FFE2.e.10189","ELEMENT":"f.1920C544C16071EF810842AAA08EA988.d.BDFA18C235149EA40E267BA9B9A1FFE2.e.10189"}]}
COMMAND: GET /session/2eb25f1cbe9612d735ab0219d8fb520b/screenshot - {}
RESULT: {}
COMMAND: POST /session/2eb25f1cbe9612d735ab0219d8fb520b/execute/sync - {"script":"<script> [8489 bytes]","args":[{"element-6066-11e4-a52e-4f735466cecf":"f.1920C544C16071EF810842AAA08EA988.d.BDFA18C235149EA40E267BA9B9A1FFE2.e.10189","ELEMENT":"f.1920C544C16071EF810842AAA08EA988.d.BDFA18C235149EA40E267BA9B9A1FFE2.e.10189"}]}
RESULT: {"script":"<script> [8489 bytes]","args":[{"element-6066-11e4-a52e-4f735466cecf":"f.1920C544C16071EF810842AAA08EA988.d.BDFA18C235149EA40E267BA9B9A1FFE2.e.10189","ELEMENT":"f.1920C544C16071EF810842AAA08EA988.d.BDFA18C235149EA40E267BA9B9A1FFE2.e.10189"}]}
COMMAND: GET /session/2eb25f1cbe9612d735ab0219d8fb520b/screenshot - {}
RESULT: {}
COMMAND: POST /session/2eb25f1cbe9612d735ab0219d8fb520b/execute/sync - {"script":"<script> [8489 bytes]","args":[{"element-6066-11e4-a52e-4f735466cecf":"f.1920C544C16071EF810842AAA08EA988.d.BDFA18C235149EA40E267BA9B9A1FFE2.e.10189","ELEMENT":"f.1920C544C16071EF810842AAA08EA988.d.BDFA18C235149EA40E267BA9B9A1FFE2.e.10189"}]}
RESULT: {"script":"<script> [8489 bytes]","args":[{"element-6066-11e4-a52e-4f735466cecf":"f.1920C544C16071EF810842AAA08EA988.d.BDFA18C235149EA40E267BA9B9A1FFE2.e.10189","ELEMENT":"f.1920C544C16071EF810842AAA08EA988.d.BDFA18C235149EA40E267BA9B9A1FFE2.e.10189"}]}
COMMAND: GET /session/2eb25f1cbe9612d735ab0219d8fb520b/screenshot - {}
RESULT: {}
COMMAND: POST /session/2eb25f1cbe9612d735ab0219d8fb520b/execute/sync - {"script":"<script> [8489 bytes]","args":[{"element-6066-11e4-a52e-4f735466cecf":"f.1920C544C16071EF810842AAA08EA988.d.BDFA18C235149EA40E267BA9B9A1FFE2.e.10189","ELEMENT":"f.1920C544C16071EF810842AAA08EA988.d.BDFA18C235149EA40E267BA9B9A1FFE2.e.10189"}]}
RESULT: {"script":"<script> [8489 bytes]","args":[{"element-6066-11e4-a52e-4f735466cecf":"f.1920C544C16071EF810842AAA08EA988.d.BDFA18C235149EA40E267BA9B9A1FFE2.e.10189","ELEMENT":"f.1920C544C16071EF810842AAA08EA988.d.BDFA18C235149EA40E267BA9B9A1FFE2.e.10189"}]}
COMMAND: GET /session/2eb25f1cbe9612d735ab0219d8fb520b/screenshot - {}
RESULT: {}
COMMAND: POST /session/2eb25f1cbe9612d735ab0219d8fb520b/execute/async - {"script":"<script> [1562 bytes]","args":[{"selector":{"controlType":"sap.m.Button","viewName":"etm.portal.ui.managesites.view.NewSmartSite","viewId":"application-managesites-display-component---NewSite","properties":{"text":"General Information"},"interaction":{"idSuffix":"BDI-content"}},"wdio_ui5_key":"etmportal.ui.managesites.view.NewSmartSitesap.m.Button{\"text\":\"General Information\"}"}]}
RESULT: {"script":"<script> [1562 bytes]","args":[{"selector":{"controlType":"sap.m.Button","viewName":"etm.portal.ui.managesites.view.NewSmartSite","viewId":"application-managesites-display-component---NewSite","properties":{"text":"General Information"},"interaction":{"idSuffix":"BDI-content"}},"wdio_ui5_key":"etmportal.ui.managesites.view.NewSmartSitesap.m.Button{\"text\":\"General Information\"}"}]}
RESULT: undefined
COMMAND: POST /session/2eb25f1cbe9612d735ab0219d8fb520b/element - {"using":"xpath","value":"//*[@id=\"application-managesites-display-component---NewSite--ObjectPageLayout-anchBar-__section31-anchor\"]"}
RESULT: {"using":"xpath","value":"//*[@id=\"application-managesites-display-component---NewSite--ObjectPageLayout-anchBar-__section31-anchor\"]"}
COMMAND: POST /session/2eb25f1cbe9612d735ab0219d8fb520b/element/f.1920C544C16071EF810842AAA08EA988.d.BDFA18C235149EA40E267BA9B9A1FFE2.e.10191/click - {}
RESULT: {}
COMMAND: POST /session/2eb25f1cbe9612d735ab0219d8fb520b/execute/async - {"script":"<script> [1562 bytes]","args":[{"selector":{"id":"application-managesites-display-component---NewSite--addressDetailDetailsName1","interaction":{"idSuffix":"inner"}},"wdio_ui5_key":"applicationmanagesites-display-component---NewSite--addressDetailDetailsName1"}]}
COMMAND: GET /session/2eb25f1cbe9612d735ab0219d8fb520b/screenshot - {}
RESULT: {"script":"<script> [1562 bytes]","args":[{"selector":{"id":"application-managesites-display-component---NewSite--addressDetailDetailsName1","interaction":{"idSuffix":"inner"}},"wdio_ui5_key":"applicationmanagesites-display-component---NewSite--addressDetailDetailsName1"}]}
RESULT: undefined
COMMAND: POST /session/2eb25f1cbe9612d735ab0219d8fb520b/execute/async - {"script":"<script> [776 bytes]","args":[{"enterText":"WDI5 WHM Site","selector":{"id":"application-managesites-display-component---NewSite--addressDetailDetailsName1","interaction":{"idSuffix":"inner"}},"clearTextFirst":true,"interactionType":"ENTER_TEXT"}]}
RESULT: {}
RESULT: {"script":"<script> [776 bytes]","args":[{"enterText":"WDI5 WHM Site","selector":{"id":"application-managesites-display-component---NewSite--addressDetailDetailsName1","interaction":{"idSuffix":"inner"}},"clearTextFirst":true,"interactionType":"ENTER_TEXT"}]}
COMMAND: POST /session/2eb25f1cbe9612d735ab0219d8fb520b/execute/async - {"script":"<script> [1562 bytes]","args":[{"selector":{"id":"application-managesites-display-component---NewSite--addressDetailDetailsLanguage","interaction":{"idSuffix":"inner"}},"wdio_ui5_key":"applicationmanagesites-display-component---NewSite--addressDetailDetailsLanguage"}]}
RESULT: {"script":"<script> [1562 bytes]","args":[{"selector":{"id":"application-managesites-display-component---NewSite--addressDetailDetailsLanguage","interaction":{"idSuffix":"inner"}},"wdio_ui5_key":"applicationmanagesites-display-component---NewSite--addressDetailDetailsLanguage"}]}
RESULT: undefined
COMMAND: POST /session/2eb25f1cbe9612d735ab0219d8fb520b/execute/async - {"script":"<script> [776 bytes]","args":[{"enterText":"Romanian","selector":{"id":"application-managesites-display-component---NewSite--addressDetailDetailsLanguage","interaction":{"idSuffix":"inner"}},"clearTextFirst":true,"interactionType":"ENTER_TEXT"}]}
RESULT: {"script":"<script> [776 bytes]","args":[{"enterText":"Romanian","selector":{"id":"application-managesites-display-component---NewSite--addressDetailDetailsLanguage","interaction":{"idSuffix":"inner"}},"clearTextFirst":true,"interactionType":"ENTER_TEXT"}]}
COMMAND: POST /session/2eb25f1cbe9612d735ab0219d8fb520b/execute/async - {"script":"<script> [1562 bytes]","args":[{"selector":{"id":"application-managesites-display-component---NewSite--addressDetailDetailsCity1","interaction":{"idSuffix":"inner"}},"wdio_ui5_key":"applicationmanagesites-display-component---NewSite--addressDetailDetailsCity1"}]}
RESULT: {"script":"<script> [1562 bytes]","args":[{"selector":{"id":"application-managesites-display-component---NewSite--addressDetailDetailsCity1","interaction":{"idSuffix":"inner"}},"wdio_ui5_key":"applicationmanagesites-display-component---NewSite--addressDetailDetailsCity1"}]}
RESULT: undefined
COMMAND: POST /session/2eb25f1cbe9612d735ab0219d8fb520b/execute/async - {"script":"<script> [776 bytes]","args":[{"enterText":"Bucharest","selector":{"id":"application-managesites-display-component---NewSite--addressDetailDetailsCity1","interaction":{"idSuffix":"inner"}},"clearTextFirst":true,"interactionType":"ENTER_TEXT"}]}
RESULT: {"script":"<script> [776 bytes]","args":[{"enterText":"Bucharest","selector":{"id":"application-managesites-display-component---NewSite--addressDetailDetailsCity1","interaction":{"idSuffix":"inner"}},"clearTextFirst":true,"interactionType":"ENTER_TEXT"}]}
COMMAND: POST /session/2eb25f1cbe9612d735ab0219d8fb520b/execute/async - {"script":"<script> [1562 bytes]","args":[{"selector":{"id":"application-managesites-display-component---NewSite--addressDetailDetailsCountry","interaction":{"idSuffix":"inner"}},"wdio_ui5_key":"applicationmanagesites-display-component---NewSite--addressDetailDetailsCountry"}]}
RESULT: {"script":"<script> [1562 bytes]","args":[{"selector":{"id":"application-managesites-display-component---NewSite--addressDetailDetailsCountry","interaction":{"idSuffix":"inner"}},"wdio_ui5_key":"applicationmanagesites-display-component---NewSite--addressDetailDetailsCountry"}]}
RESULT: undefined
COMMAND: POST /session/2eb25f1cbe9612d735ab0219d8fb520b/execute/async - {"script":"<script> [6424 bytes]","args":[{"element-6066-11e4-a52e-4f735466cecf":"f.1920C544C16071EF810842AAA08EA988.d.BDFA18C235149EA40E267BA9B9A1FFE2.e.9997"},"setValue",["Romania"]]}
RESULT: {"script":"<script> [6424 bytes]","args":[{"element-6066-11e4-a52e-4f735466cecf":"f.1920C544C16071EF810842AAA08EA988.d.BDFA18C235149EA40E267BA9B9A1FFE2.e.9997"},"setValue",["Romania"]]}
COMMAND: POST /session/2eb25f1cbe9612d735ab0219d8fb520b/execute/async - {"script":"<script> [1562 bytes]","args":[{"selector":{"id":"application-managesites-display-component---NewSite--addressDetailDetailsCalendar","interaction":{"idSuffix":"inner"}},"wdio_ui5_key":"applicationmanagesites-display-component---NewSite--addressDetailDetailsCalendar"}]}
RESULT: {"script":"<script> [1562 bytes]","args":[{"selector":{"id":"application-managesites-display-component---NewSite--addressDetailDetailsCalendar","interaction":{"idSuffix":"inner"}},"wdio_ui5_key":"applicationmanagesites-display-component---NewSite--addressDetailDetailsCalendar"}]}
RESULT: undefined
COMMAND: POST /session/2eb25f1cbe9612d735ab0219d8fb520b/execute/async - {"script":"<script> [776 bytes]","args":[{"enterText":"8 - Germany (Standard)","selector":{"id":"application-managesites-display-component---NewSite--addressDetailDetailsCalendar","interaction":{"idSuffix":"inner"}},"clearTextFirst":true,"interactionType":"ENTER_TEXT"}]}
RESULT: {"script":"<script> [776 bytes]","args":[{"enterText":"8 - Germany (Standard)","selector":{"id":"application-managesites-display-component---NewSite--addressDetailDetailsCalendar","interaction":{"idSuffix":"inner"}},"clearTextFirst":true,"interactionType":"ENTER_TEXT"}]}
COMMAND: POST /session/2eb25f1cbe9612d735ab0219d8fb520b/element - {"using":"xpath","value":"//input[@id=\"application-managesites-display-component---NewSite--addressDetailDetailsYard-inner\"]"}
RESULT: {"using":"xpath","value":"//input[@id=\"application-managesites-display-component---NewSite--addressDetailDetailsYard-inner\"]"}
COMMAND: POST /session/2eb25f1cbe9612d735ab0219d8fb520b/element/f.1920C544C16071EF810842AAA08EA988.d.BDFA18C235149EA40E267BA9B9A1FFE2.e.10008/clear - {}
RESULT: {}
COMMAND: POST /session/2eb25f1cbe9612d735ab0219d8fb520b/element/f.1920C544C16071EF810842AAA08EA988.d.BDFA18C235149EA40E267BA9B9A1FFE2.e.10008/value - {"text":"230"}
COMMAND: GET /session/2eb25f1cbe9612d735ab0219d8fb520b/screenshot - {}
RESULT: {"text":"230"}
COMMAND: GET /session/2eb25f1cbe9612d735ab0219d8fb520b/screenshot - {}
RESULT: {}
RESULT: {}
COMMAND: POST /session/2eb25f1cbe9612d735ab0219d8fb520b/execute/async - {"script":"<script> [1562 bytes]","args":[{"selector":{"controlType":"sap.m.Button","viewName":"etm.portal.ui.managesites.view.NewSmartSite","viewId":"application-managesites-display-component---NewSite","properties":{"text":"Commercial"},"interaction":{"idSuffix":"BDI-content"}},"wdio_ui5_key":"etmportal.ui.managesites.view.NewSmartSitesap.m.Button{\"text\":\"Commercial\"}"}]}
RESULT: {"script":"<script> [1562 bytes]","args":[{"selector":{"controlType":"sap.m.Button","viewName":"etm.portal.ui.managesites.view.NewSmartSite","viewId":"application-managesites-display-component---NewSite","properties":{"text":"Commercial"},"interaction":{"idSuffix":"BDI-content"}},"wdio_ui5_key":"etmportal.ui.managesites.view.NewSmartSitesap.m.Button{\"text\":\"Commercial\"}"}]}
RESULT: undefined
COMMAND: POST /session/2eb25f1cbe9612d735ab0219d8fb520b/element - {"using":"xpath","value":"//*[@id=\"application-managesites-display-component---NewSite--ObjectPageLayout-anchBar-__section33-anchor\"]"}
RESULT: {"using":"xpath","value":"//*[@id=\"application-managesites-display-component---NewSite--ObjectPageLayout-anchBar-__section33-anchor\"]"}
COMMAND: POST /session/2eb25f1cbe9612d735ab0219d8fb520b/element/f.1920C544C16071EF810842AAA08EA988.d.BDFA18C235149EA40E267BA9B9A1FFE2.e.10200/click - {}
RESULT: {}
COMMAND: POST /session/2eb25f1cbe9612d735ab0219d8fb520b/execute/async - {"script":"<script> [1562 bytes]","args":[{"selector":{"id":"application-managesites-display-component---NewSite--siteWhmCheckBox-label","interaction":{"idSuffix":"bdi"}},"wdio_ui5_key":"applicationmanagesites-display-component---NewSite--siteWhmCheckBox-label"}]}
COMMAND: GET /session/2eb25f1cbe9612d735ab0219d8fb520b/screenshot - {}
RESULT: {"script":"<script> [1562 bytes]","args":[{"selector":{"id":"application-managesites-display-component---NewSite--siteWhmCheckBox-label","interaction":{"idSuffix":"bdi"}},"wdio_ui5_key":"applicationmanagesites-display-component---NewSite--siteWhmCheckBox-label"}]}
RESULT: undefined
COMMAND: POST /session/2eb25f1cbe9612d735ab0219d8fb520b/element - {"using":"xpath","value":"//*[@id=\"application-managesites-display-component---NewSite--siteWhmCheckBox-label\"]"}
RESULT: {}
RESULT: {"using":"xpath","value":"//*[@id=\"application-managesites-display-component---NewSite--siteWhmCheckBox-label\"]"}
COMMAND: POST /session/2eb25f1cbe9612d735ab0219d8fb520b/element/f.1920C544C16071EF810842AAA08EA988.d.BDFA18C235149EA40E267BA9B9A1FFE2.e.10211/click - {}
RESULT: {}
COMMAND: POST /session/2eb25f1cbe9612d735ab0219d8fb520b/execute/async - {"script":"<script> [1562 bytes]","args":[{"selector":{"controlType":"sap.m.Button","viewName":"etm.portal.ui.managesites.view.NewSmartSite","viewId":"application-managesites-display-component---NewSite","i18NText":{"propertyName":"text","key":"save"},"interaction":{"idSuffix":"BDI-content"}},"wdio_ui5_key":"etmportal.ui.managesites.view.NewSmartSitesap.m.Button{\"propertyName\":\"text\",\"key\":\"save\"}"}]}
COMMAND: GET /session/2eb25f1cbe9612d735ab0219d8fb520b/screenshot - {}
RESULT: {"script":"<script> [1562 bytes]","args":[{"selector":{"controlType":"sap.m.Button","viewName":"etm.portal.ui.managesites.view.NewSmartSite","viewId":"application-managesites-display-component---NewSite","i18NText":{"propertyName":"text","key":"save"},"interaction":{"idSuffix":"BDI-content"}},"wdio_ui5_key":"etmportal.ui.managesites.view.NewSmartSitesap.m.Button{\"propertyName\":\"text\",\"key\":\"save\"}"}]}
RESULT: undefined
COMMAND: POST /session/2eb25f1cbe9612d735ab0219d8fb520b/element - {"using":"xpath","value":"//*[@id=\"__button76\"]"}
RESULT: {}
RESULT: {"using":"xpath","value":"//*[@id=\"__button76\"]"}
COMMAND: POST /session/2eb25f1cbe9612d735ab0219d8fb520b/element/f.1920C544C16071EF810842AAA08EA988.d.BDFA18C235149EA40E267BA9B9A1FFE2.e.10174/click - {}
RESULT: {}
COMMAND: GET /session/2eb25f1cbe9612d735ab0219d8fb520b/screenshot - {}
RESULT: {}
COMMAND: POST /session/2eb25f1cbe9612d735ab0219d8fb520b/execute/async - {"script":"<script> [1562 bytes]","args":[{"selector":{"controlType":"sap.m.Text","viewName":"etm.portal.ui.managesites.view.Detail","viewId":"application-managesites-display-component---detailSite","bindingPath":{"propertyPath":"ID","modelName":"catalogModel"}},"wdio_ui5_key":"etmportal.ui.managesites.view.Detailsap.m.Text{\"propertyPath\":\"ID\",\"modelName\":\"catalogModel\"}"}]}
RESULT: {"script":"<script> [1562 bytes]","args":[{"selector":{"controlType":"sap.m.Text","viewName":"etm.portal.ui.managesites.view.Detail","viewId":"application-managesites-display-component---detailSite","bindingPath":{"propertyPath":"ID","modelName":"catalogModel"}},"wdio_ui5_key":"etmportal.ui.managesites.view.Detailsap.m.Text{\"propertyPath\":\"ID\",\"modelName\":\"catalogModel\"}"}]}
RESULT: undefined
COMMAND: POST /session/2eb25f1cbe9612d735ab0219d8fb520b/execute/async - {"script":"<script> [6424 bytes]","args":[{"element-6066-11e4-a52e-4f735466cecf":"f.1920C544C16071EF810842AAA08EA988.d.BDFA18C235149EA40E267BA9B9A1FFE2.e.10389"},"getText",[]]}
RESULT: {"script":"<script> [6424 bytes]","args":[{"element-6066-11e4-a52e-4f735466cecf":"f.1920C544C16071EF810842AAA08EA988.d.BDFA18C235149EA40E267BA9B9A1FFE2.e.10389"},"getText",[]]}
COMMAND: POST /session/2eb25f1cbe9612d735ab0219d8fb520b/execute/async - {"script":"<script> [1562 bytes]","args":[{"selector":{"controlType":"sap.m.Label","viewName":"etm.portal.ui.managesites.view.Detail","viewId":"application-managesites-display-component---detailSite","i18NText":{"propertyName":"text","key":"status"}},"wdio_ui5_key":"etmportal.ui.managesites.view.Detailsap.m.Label{\"propertyName\":\"text\",\"key\":\"status\"}"}]}
RESULT: {"script":"<script> [1562 bytes]","args":[{"selector":{"controlType":"sap.m.Label","viewName":"etm.portal.ui.managesites.view.Detail","viewId":"application-managesites-display-component---detailSite","i18NText":{"propertyName":"text","key":"status"}},"wdio_ui5_key":"etmportal.ui.managesites.view.Detailsap.m.Label{\"propertyName\":\"text\",\"key\":\"status\"}"}]}
RESULT: undefined
COMMAND: POST /session/2eb25f1cbe9612d735ab0219d8fb520b/execute/async - {"script":"<script> [6424 bytes]","args":[{"element-6066-11e4-a52e-4f735466cecf":"f.1920C544C16071EF810842AAA08EA988.d.BDFA18C235149EA40E267BA9B9A1FFE2.e.10377"},"getText",[]]}
RESULT: {"script":"<script> [6424 bytes]","args":[{"element-6066-11e4-a52e-4f735466cecf":"f.1920C544C16071EF810842AAA08EA988.d.BDFA18C235149EA40E267BA9B9A1FFE2.e.10377"},"getText",[]]}
RESULT: undefined
COMMAND: POST /session/2eb25f1cbe9612d735ab0219d8fb520b/element - {"using":"xpath","value":"//*[@id=\"shell-header\"]"}
RESULT: {"using":"xpath","value":"//*[@id=\"shell-header\"]"}
COMMAND: POST /session/2eb25f1cbe9612d735ab0219d8fb520b/element/f.1920C544C16071EF810842AAA08EA988.d.BDFA18C235149EA40E267BA9B9A1FFE2.e.10390/click - {}
RESULT: {}
COMMAND: POST /session/2eb25f1cbe9612d735ab0219d8fb520b/element - {"using":"css selector","value":"#shell-header-logo"}
COMMAND: GET /session/2eb25f1cbe9612d735ab0219d8fb520b/screenshot - {}
RESULT: {"using":"css selector","value":"#shell-header-logo"}
COMMAND: POST /session/2eb25f1cbe9612d735ab0219d8fb520b/element/f.1920C544C16071EF810842AAA08EA988.d.BDFA18C235149EA40E267BA9B9A1FFE2.e.9782/click - {}
RESULT: {}
RESULT: {}
]]></system-out>
    </testcase>
    <testcase classname="chrome.135_0_7049_96.windows.Provide_to_Site_w/_warehouse_management_w/o_clarification_US113782_" name="Should create WHM Partner" time="58.861">
      <system-out><![CDATA[
COMMAND: POST /session/2eb25f1cbe9612d735ab0219d8fb520b/execute/async - {"script":"<script> [1562 bytes]","args":[{"selector":{"controlType":"sap.m.GenericTile","properties":{"header":"Manage Partners"}},"wdio_ui5_key":"sapm.GenericTile{\"header\":\"Manage Partners\"}"}]}
COMMAND: GET /session/2eb25f1cbe9612d735ab0219d8fb520b/screenshot - {}
RESULT: {"script":"<script> [1562 bytes]","args":[{"selector":{"controlType":"sap.m.GenericTile","properties":{"header":"Manage Partners"}},"wdio_ui5_key":"sapm.GenericTile{\"header\":\"Manage Partners\"}"}]}
RESULT: undefined
COMMAND: POST /session/2eb25f1cbe9612d735ab0219d8fb520b/element - {"using":"xpath","value":"//*[@id=\"__tile38\"]"}
RESULT: {}
RESULT: {"using":"xpath","value":"//*[@id=\"__tile38\"]"}
COMMAND: POST /session/2eb25f1cbe9612d735ab0219d8fb520b/element/f.1920C544C16071EF810842AAA08EA988.d.BDFA18C235149EA40E267BA9B9A1FFE2.e.10396/click - {}
RESULT: {}
COMMAND: GET /session/2eb25f1cbe9612d735ab0219d8fb520b/screenshot - {}
COMMAND: POST /session/2eb25f1cbe9612d735ab0219d8fb520b/element - {"using":"xpath","value":"//button[(@data-kt = 'addButton')]"}
RESULT: {}
RESULT: {"using":"xpath","value":"//button[(@data-kt = 'addButton')]"}
COMMAND: POST /session/2eb25f1cbe9612d735ab0219d8fb520b/elements - {"using":"xpath","value":"//button[(@data-kt = 'addButton')]"}
RESULT: {"using":"xpath","value":"//button[(@data-kt = 'addButton')]"}
COMMAND: POST /session/2eb25f1cbe9612d735ab0219d8fb520b/elements - {"using":"xpath","value":"//button[(@data-kt = 'addButton')]"}
RESULT: {"using":"xpath","value":"//button[(@data-kt = 'addButton')]"}
COMMAND: POST /session/2eb25f1cbe9612d735ab0219d8fb520b/element - {"using":"xpath","value":"//button[(@data-kt = 'addButton')]"}
RESULT: {"using":"xpath","value":"//button[(@data-kt = 'addButton')]"}
COMMAND: POST /session/2eb25f1cbe9612d735ab0219d8fb520b/element/f.1920C544C16071EF810842AAA08EA988.d.BDFA18C235149EA40E267BA9B9A1FFE2.e.10443/click - {}
RESULT: {}
COMMAND: POST /session/2eb25f1cbe9612d735ab0219d8fb520b/execute/async - {"script":"<script> [1562 bytes]","args":[{"selector":{"id":"application-managepartners-display-component---NewPartner--addressDetailDetailsName1","interaction":{"idSuffix":"inner"}},"wdio_ui5_key":"applicationmanagepartners-display-component---NewPartner--addressDetailDetailsName1"}]}
COMMAND: GET /session/2eb25f1cbe9612d735ab0219d8fb520b/screenshot - {}
RESULT: {"script":"<script> [1562 bytes]","args":[{"selector":{"id":"application-managepartners-display-component---NewPartner--addressDetailDetailsName1","interaction":{"idSuffix":"inner"}},"wdio_ui5_key":"applicationmanagepartners-display-component---NewPartner--addressDetailDetailsName1"}]}
RESULT: undefined
COMMAND: POST /session/2eb25f1cbe9612d735ab0219d8fb520b/execute/async - {"script":"<script> [776 bytes]","args":[{"enterText":"WDI5-Partners","selector":{"id":"application-managepartners-display-component---NewPartner--addressDetailDetailsName1","interaction":{"idSuffix":"inner"}},"clearTextFirst":true,"interactionType":"ENTER_TEXT"}]}
RESULT: {}
RESULT: {"script":"<script> [776 bytes]","args":[{"enterText":"WDI5-Partners","selector":{"id":"application-managepartners-display-component---NewPartner--addressDetailDetailsName1","interaction":{"idSuffix":"inner"}},"clearTextFirst":true,"interactionType":"ENTER_TEXT"}]}
COMMAND: POST /session/2eb25f1cbe9612d735ab0219d8fb520b/execute/async - {"script":"<script> [1562 bytes]","args":[{"selector":{"id":"application-managepartners-display-component---NewPartner--addressDetailDetailsLanguage-arrow"},"wdio_ui5_key":"applicationmanagepartners-display-component---NewPartner--addressDetailDetailsLanguage-arrow"}]}
RESULT: {"script":"<script> [1562 bytes]","args":[{"selector":{"id":"application-managepartners-display-component---NewPartner--addressDetailDetailsLanguage-arrow"},"wdio_ui5_key":"applicationmanagepartners-display-component---NewPartner--addressDetailDetailsLanguage-arrow"}]}
RESULT: undefined
COMMAND: POST /session/2eb25f1cbe9612d735ab0219d8fb520b/element - {"using":"xpath","value":"//*[@id=\"application-managepartners-display-component---NewPartner--addressDetailDetailsLanguage-arrow\"]"}
RESULT: {"using":"xpath","value":"//*[@id=\"application-managepartners-display-component---NewPartner--addressDetailDetailsLanguage-arrow\"]"}
COMMAND: POST /session/2eb25f1cbe9612d735ab0219d8fb520b/element/f.1920C544C16071EF810842AAA08EA988.d.BDFA18C235149EA40E267BA9B9A1FFE2.e.10833/click - {}
RESULT: {}
COMMAND: POST /session/2eb25f1cbe9612d735ab0219d8fb520b/execute/async - {"script":"<script> [1562 bytes]","args":[{"selector":{"controlType":"sap.m.StandardListItem","viewName":"etm.portal.ui.managepartners.view.NewPartner","viewId":"application-managepartners-display-component---NewPartner","properties":{"title":"English"},"searchOpenDialogs":true,"interaction":{"idSuffix":"content"}},"wdio_ui5_key":"etmportal.ui.managepartners.view.NewPartnersap.m.StandardListItem{\"title\":\"English\"}"}]}
COMMAND: GET /session/2eb25f1cbe9612d735ab0219d8fb520b/screenshot - {}
RESULT: {"script":"<script> [1562 bytes]","args":[{"selector":{"controlType":"sap.m.StandardListItem","viewName":"etm.portal.ui.managepartners.view.NewPartner","viewId":"application-managepartners-display-component---NewPartner","properties":{"title":"English"},"searchOpenDialogs":true,"interaction":{"idSuffix":"content"}},"wdio_ui5_key":"etmportal.ui.managepartners.view.NewPartnersap.m.StandardListItem{\"title\":\"English\"}"}]}
RESULT: undefined
COMMAND: POST /session/2eb25f1cbe9612d735ab0219d8fb520b/element - {"using":"xpath","value":"//*[@id=\"__item845\"]"}
RESULT: {}
RESULT: {"using":"xpath","value":"//*[@id=\"__item845\"]"}
COMMAND: POST /session/2eb25f1cbe9612d735ab0219d8fb520b/element/f.1920C544C16071EF810842AAA08EA988.d.BDFA18C235149EA40E267BA9B9A1FFE2.e.10835/click - {}
RESULT: {}
COMMAND: POST /session/2eb25f1cbe9612d735ab0219d8fb520b/execute/async - {"script":"<script> [1562 bytes]","args":[{"selector":{"id":"application-managepartners-display-component---NewPartner--addressDetailDetailsCity1","interaction":{"idSuffix":"inner"}},"wdio_ui5_key":"applicationmanagepartners-display-component---NewPartner--addressDetailDetailsCity1"}]}
COMMAND: GET /session/2eb25f1cbe9612d735ab0219d8fb520b/screenshot - {}
RESULT: {"script":"<script> [1562 bytes]","args":[{"selector":{"id":"application-managepartners-display-component---NewPartner--addressDetailDetailsCity1","interaction":{"idSuffix":"inner"}},"wdio_ui5_key":"applicationmanagepartners-display-component---NewPartner--addressDetailDetailsCity1"}]}
RESULT: undefined
COMMAND: POST /session/2eb25f1cbe9612d735ab0219d8fb520b/execute/async - {"script":"<script> [776 bytes]","args":[{"enterText":"Bangalore","selector":{"id":"application-managepartners-display-component---NewPartner--addressDetailDetailsCity1","interaction":{"idSuffix":"inner"}},"clearTextFirst":true,"interactionType":"ENTER_TEXT"}]}
RESULT: {}
RESULT: {"script":"<script> [776 bytes]","args":[{"enterText":"Bangalore","selector":{"id":"application-managepartners-display-component---NewPartner--addressDetailDetailsCity1","interaction":{"idSuffix":"inner"}},"clearTextFirst":true,"interactionType":"ENTER_TEXT"}]}
COMMAND: POST /session/2eb25f1cbe9612d735ab0219d8fb520b/execute/async - {"script":"<script> [1562 bytes]","args":[{"selector":{"id":"application-managepartners-display-component---NewPartner--addressDetailDetailsCountry-arrow"},"wdio_ui5_key":"applicationmanagepartners-display-component---NewPartner--addressDetailDetailsCountry-arrow"}]}
RESULT: {"script":"<script> [1562 bytes]","args":[{"selector":{"id":"application-managepartners-display-component---NewPartner--addressDetailDetailsCountry-arrow"},"wdio_ui5_key":"applicationmanagepartners-display-component---NewPartner--addressDetailDetailsCountry-arrow"}]}
RESULT: undefined
COMMAND: POST /session/2eb25f1cbe9612d735ab0219d8fb520b/element - {"using":"xpath","value":"//*[@id=\"application-managepartners-display-component---NewPartner--addressDetailDetailsCountry-arrow\"]"}
RESULT: {"using":"xpath","value":"//*[@id=\"application-managepartners-display-component---NewPartner--addressDetailDetailsCountry-arrow\"]"}
COMMAND: POST /session/2eb25f1cbe9612d735ab0219d8fb520b/element/f.1920C544C16071EF810842AAA08EA988.d.BDFA18C235149EA40E267BA9B9A1FFE2.e.10837/click - {}
RESULT: {}
COMMAND: POST /session/2eb25f1cbe9612d735ab0219d8fb520b/execute/async - {"script":"<script> [1562 bytes]","args":[{"selector":{"id":"application-managepartners-display-component---NewPartner--addressDetailDetailsCountry","interaction":{"idSuffix":"inner"}},"wdio_ui5_key":"applicationmanagepartners-display-component---NewPartner--addressDetailDetailsCountry"}]}
COMMAND: GET /session/2eb25f1cbe9612d735ab0219d8fb520b/screenshot - {}
RESULT: {"script":"<script> [1562 bytes]","args":[{"selector":{"id":"application-managepartners-display-component---NewPartner--addressDetailDetailsCountry","interaction":{"idSuffix":"inner"}},"wdio_ui5_key":"applicationmanagepartners-display-component---NewPartner--addressDetailDetailsCountry"}]}
RESULT: undefined
COMMAND: POST /session/2eb25f1cbe9612d735ab0219d8fb520b/execute/async - {"script":"<script> [776 bytes]","args":[{"enterText":"India","selector":{"id":"application-managepartners-display-component---NewPartner--addressDetailDetailsCountry","interaction":{"idSuffix":"inner"}},"clearTextFirst":true,"interactionType":"ENTER_TEXT"}]}
RESULT: {}
RESULT: {"script":"<script> [776 bytes]","args":[{"enterText":"India","selector":{"id":"application-managepartners-display-component---NewPartner--addressDetailDetailsCountry","interaction":{"idSuffix":"inner"}},"clearTextFirst":true,"interactionType":"ENTER_TEXT"}]}
COMMAND: POST /session/2eb25f1cbe9612d735ab0219d8fb520b/execute/async - {"script":"<script> [1562 bytes]","args":[{"selector":{"controlType":"sap.m.StandardListItem","viewName":"etm.portal.ui.managepartners.view.NewPartner","viewId":"application-managepartners-display-component---NewPartner","properties":{"title":"India"},"searchOpenDialogs":true,"interaction":{"idSuffix":"content"}},"wdio_ui5_key":"etmportal.ui.managepartners.view.NewPartnersap.m.StandardListItem{\"title\":\"India\"}"}]}
RESULT: {"script":"<script> [1562 bytes]","args":[{"selector":{"controlType":"sap.m.StandardListItem","viewName":"etm.portal.ui.managepartners.view.NewPartner","viewId":"application-managepartners-display-component---NewPartner","properties":{"title":"India"},"searchOpenDialogs":true,"interaction":{"idSuffix":"content"}},"wdio_ui5_key":"etmportal.ui.managepartners.view.NewPartnersap.m.StandardListItem{\"title\":\"India\"}"}]}
RESULT: undefined
COMMAND: POST /session/2eb25f1cbe9612d735ab0219d8fb520b/execute/async - {"script":"<script> [1562 bytes]","args":[{"selector":{"controlType":"sap.m.Button","viewName":"etm.portal.ui.managepartners.view.NewPartner","viewId":"application-managepartners-display-component---NewPartner","properties":{"text":"Commercial"},"interaction":{"idSuffix":"BDI-content"}},"wdio_ui5_key":"etmportal.ui.managepartners.view.NewPartnersap.m.Button{\"text\":\"Commercial\"}"}]}
RESULT: {"script":"<script> [1562 bytes]","args":[{"selector":{"controlType":"sap.m.Button","viewName":"etm.portal.ui.managepartners.view.NewPartner","viewId":"application-managepartners-display-component---NewPartner","properties":{"text":"Commercial"},"interaction":{"idSuffix":"BDI-content"}},"wdio_ui5_key":"etmportal.ui.managepartners.view.NewPartnersap.m.Button{\"text\":\"Commercial\"}"}]}
RESULT: undefined
COMMAND: POST /session/2eb25f1cbe9612d735ab0219d8fb520b/element - {"using":"xpath","value":"//*[@id=\"application-managepartners-display-component---NewPartner--ObjectPageLayout-anchBar-__section57-anchor\"]"}
RESULT: {"using":"xpath","value":"//*[@id=\"application-managepartners-display-component---NewPartner--ObjectPageLayout-anchBar-__section57-anchor\"]"}
COMMAND: POST /session/2eb25f1cbe9612d735ab0219d8fb520b/element/f.1920C544C16071EF810842AAA08EA988.d.BDFA18C235149EA40E267BA9B9A1FFE2.e.10842/click - {}
RESULT: {}
COMMAND: POST /session/2eb25f1cbe9612d735ab0219d8fb520b/execute/async - {"script":"<script> [1562 bytes]","args":[{"selector":{"id":"application-managepartners-display-component---NewPartner--partnerDetailInternal-arrow"},"wdio_ui5_key":"applicationmanagepartners-display-component---NewPartner--partnerDetailInternal-arrow"}]}
COMMAND: GET /session/2eb25f1cbe9612d735ab0219d8fb520b/screenshot - {}
RESULT: {"script":"<script> [1562 bytes]","args":[{"selector":{"id":"application-managepartners-display-component---NewPartner--partnerDetailInternal-arrow"},"wdio_ui5_key":"applicationmanagepartners-display-component---NewPartner--partnerDetailInternal-arrow"}]}
RESULT: undefined
COMMAND: POST /session/2eb25f1cbe9612d735ab0219d8fb520b/element - {"using":"xpath","value":"//*[@id=\"application-managepartners-display-component---NewPartner--partnerDetailInternal-arrow\"]"}
RESULT: {}
RESULT: {"using":"xpath","value":"//*[@id=\"application-managepartners-display-component---NewPartner--partnerDetailInternal-arrow\"]"}
COMMAND: POST /session/2eb25f1cbe9612d735ab0219d8fb520b/element/f.1920C544C16071EF810842AAA08EA988.d.BDFA18C235149EA40E267BA9B9A1FFE2.e.10847/click - {}
RESULT: {}
COMMAND: POST /session/2eb25f1cbe9612d735ab0219d8fb520b/execute/async - {"script":"<script> [1562 bytes]","args":[{"selector":{"controlType":"sap.m.StandardListItem","viewName":"etm.portal.ui.managepartners.view.NewPartner","viewId":"application-managepartners-display-component---NewPartner","properties":{"title":"External partner"},"searchOpenDialogs":true,"interaction":{"idSuffix":"content"}},"wdio_ui5_key":"etmportal.ui.managepartners.view.NewPartnersap.m.StandardListItem{\"title\":\"External partner\"}"}]}
COMMAND: GET /session/2eb25f1cbe9612d735ab0219d8fb520b/screenshot - {}
RESULT: {"script":"<script> [1562 bytes]","args":[{"selector":{"controlType":"sap.m.StandardListItem","viewName":"etm.portal.ui.managepartners.view.NewPartner","viewId":"application-managepartners-display-component---NewPartner","properties":{"title":"External partner"},"searchOpenDialogs":true,"interaction":{"idSuffix":"content"}},"wdio_ui5_key":"etmportal.ui.managepartners.view.NewPartnersap.m.StandardListItem{\"title\":\"External partner\"}"}]}
RESULT: undefined
COMMAND: POST /session/2eb25f1cbe9612d735ab0219d8fb520b/element - {"using":"xpath","value":"//*[@id=\"__item979\"]"}
RESULT: {}
RESULT: {"using":"xpath","value":"//*[@id=\"__item979\"]"}
COMMAND: POST /session/2eb25f1cbe9612d735ab0219d8fb520b/element/f.1920C544C16071EF810842AAA08EA988.d.BDFA18C235149EA40E267BA9B9A1FFE2.e.10851/click - {}
RESULT: {}
COMMAND: POST /session/2eb25f1cbe9612d735ab0219d8fb520b/execute/async - {"script":"<script> [1562 bytes]","args":[{"selector":{"id":"application-managepartners-display-component---NewPartner--partnerDetailsCurrency-arrow"},"wdio_ui5_key":"applicationmanagepartners-display-component---NewPartner--partnerDetailsCurrency-arrow"}]}
COMMAND: GET /session/2eb25f1cbe9612d735ab0219d8fb520b/screenshot - {}
RESULT: {"script":"<script> [1562 bytes]","args":[{"selector":{"id":"application-managepartners-display-component---NewPartner--partnerDetailsCurrency-arrow"},"wdio_ui5_key":"applicationmanagepartners-display-component---NewPartner--partnerDetailsCurrency-arrow"}]}
RESULT: undefined
COMMAND: POST /session/2eb25f1cbe9612d735ab0219d8fb520b/element - {"using":"xpath","value":"//*[@id=\"application-managepartners-display-component---NewPartner--partnerDetailsCurrency-arrow\"]"}
RESULT: {}
RESULT: {"using":"xpath","value":"//*[@id=\"application-managepartners-display-component---NewPartner--partnerDetailsCurrency-arrow\"]"}
COMMAND: POST /session/2eb25f1cbe9612d735ab0219d8fb520b/element/f.1920C544C16071EF810842AAA08EA988.d.BDFA18C235149EA40E267BA9B9A1FFE2.e.10856/click - {}
RESULT: {}
COMMAND: POST /session/2eb25f1cbe9612d735ab0219d8fb520b/execute/async - {"script":"<script> [1562 bytes]","args":[{"selector":{"controlType":"sap.m.StandardListItem","viewName":"etm.portal.ui.managepartners.view.NewPartner","viewId":"application-managepartners-display-component---NewPartner","properties":{"title":"Euro"},"searchOpenDialogs":true,"interaction":{"idSuffix":"content"}},"wdio_ui5_key":"etmportal.ui.managepartners.view.NewPartnersap.m.StandardListItem{\"title\":\"Euro\"}"}]}
COMMAND: GET /session/2eb25f1cbe9612d735ab0219d8fb520b/screenshot - {}
RESULT: {"script":"<script> [1562 bytes]","args":[{"selector":{"controlType":"sap.m.StandardListItem","viewName":"etm.portal.ui.managepartners.view.NewPartner","viewId":"application-managepartners-display-component---NewPartner","properties":{"title":"Euro"},"searchOpenDialogs":true,"interaction":{"idSuffix":"content"}},"wdio_ui5_key":"etmportal.ui.managepartners.view.NewPartnersap.m.StandardListItem{\"title\":\"Euro\"}"}]}
RESULT: undefined
COMMAND: POST /session/2eb25f1cbe9612d735ab0219d8fb520b/element - {"using":"xpath","value":"//*[@id=\"__item981\"]"}
RESULT: {}
RESULT: {"using":"xpath","value":"//*[@id=\"__item981\"]"}
COMMAND: POST /session/2eb25f1cbe9612d735ab0219d8fb520b/element/f.1920C544C16071EF810842AAA08EA988.d.BDFA18C235149EA40E267BA9B9A1FFE2.e.10858/click - {}
RESULT: {}
COMMAND: POST /session/2eb25f1cbe9612d735ab0219d8fb520b/execute/async - {"script":"<script> [1562 bytes]","args":[{"selector":{"controlType":"sap.m.Button","viewName":"etm.portal.ui.managepartners.view.NewPartner","viewId":"application-managepartners-display-component---NewPartner","properties":{"text":"Assignments"},"interaction":{"idSuffix":"BDI-content"}},"wdio_ui5_key":"etmportal.ui.managepartners.view.NewPartnersap.m.Button{\"text\":\"Assignments\"}"}]}
COMMAND: GET /session/2eb25f1cbe9612d735ab0219d8fb520b/screenshot - {}
RESULT: {"script":"<script> [1562 bytes]","args":[{"selector":{"controlType":"sap.m.Button","viewName":"etm.portal.ui.managepartners.view.NewPartner","viewId":"application-managepartners-display-component---NewPartner","properties":{"text":"Assignments"},"interaction":{"idSuffix":"BDI-content"}},"wdio_ui5_key":"etmportal.ui.managepartners.view.NewPartnersap.m.Button{\"text\":\"Assignments\"}"}]}
RESULT: undefined
COMMAND: POST /session/2eb25f1cbe9612d735ab0219d8fb520b/element - {"using":"xpath","value":"//*[@id=\"application-managepartners-display-component---NewPartner--ObjectPageLayout-anchBar-__section61-anchor\"]"}
RESULT: {}
RESULT: {"using":"xpath","value":"//*[@id=\"application-managepartners-display-component---NewPartner--ObjectPageLayout-anchBar-__section61-anchor\"]"}
COMMAND: POST /session/2eb25f1cbe9612d735ab0219d8fb520b/element/f.1920C544C16071EF810842AAA08EA988.d.BDFA18C235149EA40E267BA9B9A1FFE2.e.10860/click - {}
RESULT: {}
COMMAND: POST /session/2eb25f1cbe9612d735ab0219d8fb520b/execute/async - {"script":"<script> [1562 bytes]","args":[{"selector":{"id":"application-managepartners-display-component---NewPartner--btnAddTableRow","interaction":{"idSuffix":"inner"}},"wdio_ui5_key":"applicationmanagepartners-display-component---NewPartner--btnAddTableRow"}]}
COMMAND: GET /session/2eb25f1cbe9612d735ab0219d8fb520b/screenshot - {}
RESULT: {"script":"<script> [1562 bytes]","args":[{"selector":{"id":"application-managepartners-display-component---NewPartner--btnAddTableRow","interaction":{"idSuffix":"inner"}},"wdio_ui5_key":"applicationmanagepartners-display-component---NewPartner--btnAddTableRow"}]}
RESULT: undefined
COMMAND: POST /session/2eb25f1cbe9612d735ab0219d8fb520b/element - {"using":"xpath","value":"//*[@id=\"application-managepartners-display-component---NewPartner--btnAddTableRow\"]"}
RESULT: {}
RESULT: {"using":"xpath","value":"//*[@id=\"application-managepartners-display-component---NewPartner--btnAddTableRow\"]"}
COMMAND: POST /session/2eb25f1cbe9612d735ab0219d8fb520b/element/f.1920C544C16071EF810842AAA08EA988.d.BDFA18C235149EA40E267BA9B9A1FFE2.e.10865/click - {}
RESULT: {}
COMMAND: POST /session/2eb25f1cbe9612d735ab0219d8fb520b/element - {"using":"css selector","value":"#application-managepartners-display-component---NewPartner--assignmentYard-application-managepartners-display-component---NewPartner--assignmentsTable-0-inner"}
COMMAND: GET /session/2eb25f1cbe9612d735ab0219d8fb520b/screenshot - {}
RESULT: {}
RESULT: {"using":"css selector","value":"#application-managepartners-display-component---NewPartner--assignmentYard-application-managepartners-display-component---NewPartner--assignmentsTable-0-inner"}
COMMAND: POST /session/2eb25f1cbe9612d735ab0219d8fb520b/element/f.1920C544C16071EF810842AAA08EA988.d.BDFA18C235149EA40E267BA9B9A1FFE2.e.10867/clear - {}
RESULT: {}
COMMAND: POST /session/2eb25f1cbe9612d735ab0219d8fb520b/element/f.1920C544C16071EF810842AAA08EA988.d.BDFA18C235149EA40E267BA9B9A1FFE2.e.10867/value - {"text":"230"}
COMMAND: GET /session/2eb25f1cbe9612d735ab0219d8fb520b/screenshot - {}
RESULT: {"text":"230"}
COMMAND: POST /session/2eb25f1cbe9612d735ab0219d8fb520b/execute/async - {"script":"<script> [1562 bytes]","args":[{"selector":{"id":"application-managepartners-display-component---NewPartner--assignmentYard-application-managepartners-display-component---NewPartner--assignmentsTable-0-arrow"},"wdio_ui5_key":"applicationmanagepartners-display-component---NewPartner--assignmentYard-application-managepartners-display-component---NewPartner--assignmentsTable-0-arrow"}]}
COMMAND: GET /session/2eb25f1cbe9612d735ab0219d8fb520b/screenshot - {}
RESULT: {}
RESULT: {"script":"<script> [1562 bytes]","args":[{"selector":{"id":"application-managepartners-display-component---NewPartner--assignmentYard-application-managepartners-display-component---NewPartner--assignmentsTable-0-arrow"},"wdio_ui5_key":"applicationmanagepartners-display-component---NewPartner--assignmentYard-application-managepartners-display-component---NewPartner--assignmentsTable-0-arrow"}]}
RESULT: undefined
COMMAND: POST /session/2eb25f1cbe9612d735ab0219d8fb520b/element - {"using":"xpath","value":"//*[@id=\"application-managepartners-display-component---NewPartner--assignmentYard-application-managepartners-display-component---NewPartner--assignmentsTable-0-arrow\"]"}
RESULT: {}
RESULT: {"using":"xpath","value":"//*[@id=\"application-managepartners-display-component---NewPartner--assignmentYard-application-managepartners-display-component---NewPartner--assignmentsTable-0-arrow\"]"}
COMMAND: POST /session/2eb25f1cbe9612d735ab0219d8fb520b/element/f.1920C544C16071EF810842AAA08EA988.d.BDFA18C235149EA40E267BA9B9A1FFE2.e.10875/click - {}
RESULT: {}
COMMAND: GET /session/2eb25f1cbe9612d735ab0219d8fb520b/screenshot - {}
RESULT: {}
COMMAND: POST /session/2eb25f1cbe9612d735ab0219d8fb520b/execute/async - {"script":"<script> [1562 bytes]","args":[{"selector":{"controlType":"sap.m.Button","viewName":"etm.portal.ui.managepartners.view.NewPartner","viewId":"application-managepartners-display-component---NewPartner","i18NText":{"propertyName":"text","key":"save"},"interaction":{"idSuffix":"BDI-content"}},"wdio_ui5_key":"etmportal.ui.managepartners.view.NewPartnersap.m.Button{\"propertyName\":\"text\",\"key\":\"save\"}"}]}
RESULT: {"script":"<script> [1562 bytes]","args":[{"selector":{"controlType":"sap.m.Button","viewName":"etm.portal.ui.managepartners.view.NewPartner","viewId":"application-managepartners-display-component---NewPartner","i18NText":{"propertyName":"text","key":"save"},"interaction":{"idSuffix":"BDI-content"}},"wdio_ui5_key":"etmportal.ui.managepartners.view.NewPartnersap.m.Button{\"propertyName\":\"text\",\"key\":\"save\"}"}]}
RESULT: undefined
COMMAND: POST /session/2eb25f1cbe9612d735ab0219d8fb520b/element - {"using":"xpath","value":"//*[@id=\"__button127\"]"}
RESULT: {"using":"xpath","value":"//*[@id=\"__button127\"]"}
COMMAND: POST /session/2eb25f1cbe9612d735ab0219d8fb520b/element/f.1920C544C16071EF810842AAA08EA988.d.BDFA18C235149EA40E267BA9B9A1FFE2.e.10811/click - {}
RESULT: {}
COMMAND: GET /session/2eb25f1cbe9612d735ab0219d8fb520b/screenshot - {}
RESULT: {}
COMMAND: POST /session/2eb25f1cbe9612d735ab0219d8fb520b/execute/async - {"script":"<script> [1562 bytes]","args":[{"selector":{"controlType":"sap.m.Text","viewName":"etm.portal.ui.managepartners.view.Detail","viewId":"application-managepartners-display-component---detailPtm","bindingPath":{"propertyPath":"ID","modelName":"catalogModel"}},"wdio_ui5_key":"etmportal.ui.managepartners.view.Detailsap.m.Text{\"propertyPath\":\"ID\",\"modelName\":\"catalogModel\"}"}]}
RESULT: {"script":"<script> [1562 bytes]","args":[{"selector":{"controlType":"sap.m.Text","viewName":"etm.portal.ui.managepartners.view.Detail","viewId":"application-managepartners-display-component---detailPtm","bindingPath":{"propertyPath":"ID","modelName":"catalogModel"}},"wdio_ui5_key":"etmportal.ui.managepartners.view.Detailsap.m.Text{\"propertyPath\":\"ID\",\"modelName\":\"catalogModel\"}"}]}
RESULT: undefined
COMMAND: POST /session/2eb25f1cbe9612d735ab0219d8fb520b/execute/async - {"script":"<script> [6424 bytes]","args":[{"element-6066-11e4-a52e-4f735466cecf":"f.1920C544C16071EF810842AAA08EA988.d.BDFA18C235149EA40E267BA9B9A1FFE2.e.11022"},"getText",[]]}
RESULT: {"script":"<script> [6424 bytes]","args":[{"element-6066-11e4-a52e-4f735466cecf":"f.1920C544C16071EF810842AAA08EA988.d.BDFA18C235149EA40E267BA9B9A1FFE2.e.11022"},"getText",[]]}
COMMAND: POST /session/2eb25f1cbe9612d735ab0219d8fb520b/element - {"using":"css selector","value":"#shell-header-logo"}
RESULT: {"using":"css selector","value":"#shell-header-logo"}
COMMAND: POST /session/2eb25f1cbe9612d735ab0219d8fb520b/element/f.1920C544C16071EF810842AAA08EA988.d.BDFA18C235149EA40E267BA9B9A1FFE2.e.10398/click - {}
RESULT: {}
]]></system-out>
    </testcase>
    <testcase classname="chrome.135_0_7049_96.windows.Provide_to_Site_w/_warehouse_management_w/o_clarification_US113782_" name="Should create a new WHM Material" time="93.729">
      <system-out><![CDATA[
COMMAND: POST /session/2eb25f1cbe9612d735ab0219d8fb520b/execute/async - {"script":"<script> [1562 bytes]","args":[{"selector":{"controlType":"sap.m.GenericTile","properties":{"header":"Manage Resources"}},"wdio_ui5_key":"sapm.GenericTile{\"header\":\"Manage Resources\"}"}]}
COMMAND: GET /session/2eb25f1cbe9612d735ab0219d8fb520b/screenshot - {}
RESULT: {"script":"<script> [1562 bytes]","args":[{"selector":{"controlType":"sap.m.GenericTile","properties":{"header":"Manage Resources"}},"wdio_ui5_key":"sapm.GenericTile{\"header\":\"Manage Resources\"}"}]}
RESULT: undefined
COMMAND: POST /session/2eb25f1cbe9612d735ab0219d8fb520b/element - {"using":"xpath","value":"//*[@id=\"__tile39\"]"}
RESULT: {}
RESULT: {"using":"xpath","value":"//*[@id=\"__tile39\"]"}
COMMAND: POST /session/2eb25f1cbe9612d735ab0219d8fb520b/element/f.1920C544C16071EF810842AAA08EA988.d.BDFA18C235149EA40E267BA9B9A1FFE2.e.11024/click - {}
RESULT: {}
COMMAND: POST /session/2eb25f1cbe9612d735ab0219d8fb520b/execute/async - {"script":"<script> [1562 bytes]","args":[{"selector":{"controlType":"sap.m.OverflowToolbarButton","viewName":"etm.portal.ui.manageresources.view.Master","viewId":"application-manageresources-display-component---masterRU","bindingPath":{"path":"","propertyPath":"/isLogbook","modelName":"minimumStockRPGModel"},"interaction":{"idSuffix":"inner"}},"wdio_ui5_key":"etmportal.ui.manageresources.view.Mastersap.m.OverflowToolbarButton{\"path\":\"\",\"propertyPath\":\"/isLogbook\",\"modelName\":\"minimumStockRPGModel\"}"}]}
COMMAND: GET /session/2eb25f1cbe9612d735ab0219d8fb520b/screenshot - {}
RESULT: {"script":"<script> [1562 bytes]","args":[{"selector":{"controlType":"sap.m.OverflowToolbarButton","viewName":"etm.portal.ui.manageresources.view.Master","viewId":"application-manageresources-display-component---masterRU","bindingPath":{"path":"","propertyPath":"/isLogbook","modelName":"minimumStockRPGModel"},"interaction":{"idSuffix":"inner"}},"wdio_ui5_key":"etmportal.ui.manageresources.view.Mastersap.m.OverflowToolbarButton{\"path\":\"\",\"propertyPath\":\"/isLogbook\",\"modelName\":\"minimumStockRPGModel\"}"}]}
RESULT: undefined
COMMAND: POST /session/2eb25f1cbe9612d735ab0219d8fb520b/element - {"using":"xpath","value":"//*[@id=\"__button168\"]"}
RESULT: {}
RESULT: {"using":"xpath","value":"//*[@id=\"__button168\"]"}
COMMAND: POST /session/2eb25f1cbe9612d735ab0219d8fb520b/element/f.1920C544C16071EF810842AAA08EA988.d.BDFA18C235149EA40E267BA9B9A1FFE2.e.11066/click - {}
RESULT: {}
COMMAND: GET /session/2eb25f1cbe9612d735ab0219d8fb520b/screenshot - {}
COMMAND: POST /session/2eb25f1cbe9612d735ab0219d8fb520b/execute/async - {"script":"<script> [1562 bytes]","args":[{"selector":{"id":"application-manageresources-display-component---newResourceUnit--TYPE-arrow"},"wdio_ui5_key":"applicationmanageresources-display-component---newResourceUnit--TYPE-arrow"}]}
RESULT: {}
RESULT: {"script":"<script> [1562 bytes]","args":[{"selector":{"id":"application-manageresources-display-component---newResourceUnit--TYPE-arrow"},"wdio_ui5_key":"applicationmanageresources-display-component---newResourceUnit--TYPE-arrow"}]}
RESULT: undefined
COMMAND: POST /session/2eb25f1cbe9612d735ab0219d8fb520b/element - {"using":"xpath","value":"//*[@id=\"application-manageresources-display-component---newResourceUnit--TYPE-arrow\"]"}
RESULT: {"using":"xpath","value":"//*[@id=\"application-manageresources-display-component---newResourceUnit--TYPE-arrow\"]"}
COMMAND: POST /session/2eb25f1cbe9612d735ab0219d8fb520b/element/f.1920C544C16071EF810842AAA08EA988.d.BDFA18C235149EA40E267BA9B9A1FFE2.e.11385/click - {}
RESULT: {}
COMMAND: POST /session/2eb25f1cbe9612d735ab0219d8fb520b/execute/async - {"script":"<script> [1562 bytes]","args":[{"selector":{"controlType":"sap.m.StandardListItem","viewName":"reusables.view.manageresources.NewResourceUnit","viewId":"application-manageresources-display-component---newResourceUnit","properties":{"title":"Material"},"searchOpenDialogs":true,"interaction":{"idSuffix":"content"}},"wdio_ui5_key":"reusablesview.manageresources.NewResourceUnitsap.m.StandardListItem{\"title\":\"Material\"}"}]}
COMMAND: GET /session/2eb25f1cbe9612d735ab0219d8fb520b/screenshot - {}
RESULT: {"script":"<script> [1562 bytes]","args":[{"selector":{"controlType":"sap.m.StandardListItem","viewName":"reusables.view.manageresources.NewResourceUnit","viewId":"application-manageresources-display-component---newResourceUnit","properties":{"title":"Material"},"searchOpenDialogs":true,"interaction":{"idSuffix":"content"}},"wdio_ui5_key":"reusablesview.manageresources.NewResourceUnitsap.m.StandardListItem{\"title\":\"Material\"}"}]}
RESULT: undefined
COMMAND: POST /session/2eb25f1cbe9612d735ab0219d8fb520b/element - {"using":"xpath","value":"//*[@id=\"__item1270\"]"}
RESULT: {}
RESULT: {"using":"xpath","value":"//*[@id=\"__item1270\"]"}
COMMAND: POST /session/2eb25f1cbe9612d735ab0219d8fb520b/element/f.1920C544C16071EF810842AAA08EA988.d.BDFA18C235149EA40E267BA9B9A1FFE2.e.11388/click - {}
RESULT: {}
COMMAND: POST /session/2eb25f1cbe9612d735ab0219d8fb520b/execute/async - {"script":"<script> [1562 bytes]","args":[{"selector":{"id":"application-manageresources-display-component---newResourceUnit--resourceId","interaction":{"idSuffix":"inner"}},"wdio_ui5_key":"applicationmanageresources-display-component---newResourceUnit--resourceId"}]}
COMMAND: GET /session/2eb25f1cbe9612d735ab0219d8fb520b/screenshot - {}
RESULT: {"script":"<script> [1562 bytes]","args":[{"selector":{"id":"application-manageresources-display-component---newResourceUnit--resourceId","interaction":{"idSuffix":"inner"}},"wdio_ui5_key":"applicationmanageresources-display-component---newResourceUnit--resourceId"}]}
RESULT: undefined
COMMAND: POST /session/2eb25f1cbe9612d735ab0219d8fb520b/execute/async - {"script":"<script> [1562 bytes]","args":[{"selector":{"id":"application-manageresources-display-component---newResourceUnit--SHORT_TEXT","interaction":{"idSuffix":"inner"}},"wdio_ui5_key":"applicationmanageresources-display-component---newResourceUnit--SHORT_TEXT"}]}
RESULT: {}
RESULT: {"script":"<script> [1562 bytes]","args":[{"selector":{"id":"application-manageresources-display-component---newResourceUnit--SHORT_TEXT","interaction":{"idSuffix":"inner"}},"wdio_ui5_key":"applicationmanageresources-display-component---newResourceUnit--SHORT_TEXT"}]}
RESULT: undefined
COMMAND: POST /session/2eb25f1cbe9612d735ab0219d8fb520b/execute/async - {"script":"<script> [776 bytes]","args":[{"enterText":"material WHM","selector":{"id":"application-manageresources-display-component---newResourceUnit--SHORT_TEXT","interaction":{"idSuffix":"inner"}},"clearTextFirst":true,"interactionType":"ENTER_TEXT"}]}
RESULT: {"script":"<script> [776 bytes]","args":[{"enterText":"material WHM","selector":{"id":"application-manageresources-display-component---newResourceUnit--SHORT_TEXT","interaction":{"idSuffix":"inner"}},"clearTextFirst":true,"interactionType":"ENTER_TEXT"}]}
COMMAND: POST /session/2eb25f1cbe9612d735ab0219d8fb520b/execute/async - {"script":"<script> [1562 bytes]","args":[{"selector":{"id":"application-manageresources-display-component---newResourceUnit--BASE_UNIT_OF_MEASURE","interaction":{"idSuffix":"inner"}},"wdio_ui5_key":"applicationmanageresources-display-component---newResourceUnit--BASE_UNIT_OF_MEASURE"}]}
RESULT: {"script":"<script> [1562 bytes]","args":[{"selector":{"id":"application-manageresources-display-component---newResourceUnit--BASE_UNIT_OF_MEASURE","interaction":{"idSuffix":"inner"}},"wdio_ui5_key":"applicationmanageresources-display-component---newResourceUnit--BASE_UNIT_OF_MEASURE"}]}
RESULT: undefined
COMMAND: POST /session/2eb25f1cbe9612d735ab0219d8fb520b/execute/async - {"script":"<script> [776 bytes]","args":[{"enterText":"Piece","selector":{"id":"application-manageresources-display-component---newResourceUnit--BASE_UNIT_OF_MEASURE","interaction":{"idSuffix":"inner"}},"clearTextFirst":true,"interactionType":"ENTER_TEXT"}]}
RESULT: {"script":"<script> [776 bytes]","args":[{"enterText":"Piece","selector":{"id":"application-manageresources-display-component---newResourceUnit--BASE_UNIT_OF_MEASURE","interaction":{"idSuffix":"inner"}},"clearTextFirst":true,"interactionType":"ENTER_TEXT"}]}
COMMAND: POST /session/2eb25f1cbe9612d735ab0219d8fb520b/execute/async - {"script":"<script> [1562 bytes]","args":[{"selector":{"id":"application-manageresources-display-component---newResourceUnit--WEIGHT_UNIT","interaction":{"idSuffix":"inner"}},"wdio_ui5_key":"applicationmanageresources-display-component---newResourceUnit--WEIGHT_UNIT"}]}
RESULT: {"script":"<script> [1562 bytes]","args":[{"selector":{"id":"application-manageresources-display-component---newResourceUnit--WEIGHT_UNIT","interaction":{"idSuffix":"inner"}},"wdio_ui5_key":"applicationmanageresources-display-component---newResourceUnit--WEIGHT_UNIT"}]}
RESULT: undefined
COMMAND: POST /session/2eb25f1cbe9612d735ab0219d8fb520b/execute/async - {"script":"<script> [776 bytes]","args":[{"enterText":"Gram","selector":{"id":"application-manageresources-display-component---newResourceUnit--WEIGHT_UNIT","interaction":{"idSuffix":"inner"}},"clearTextFirst":true,"interactionType":"ENTER_TEXT"}]}
RESULT: {"script":"<script> [776 bytes]","args":[{"enterText":"Gram","selector":{"id":"application-manageresources-display-component---newResourceUnit--WEIGHT_UNIT","interaction":{"idSuffix":"inner"}},"clearTextFirst":true,"interactionType":"ENTER_TEXT"}]}
COMMAND: POST /session/2eb25f1cbe9612d735ab0219d8fb520b/execute/async - {"script":"<script> [1562 bytes]","args":[{"selector":{"id":"application-manageresources-display-component---newResourceUnit--DIMENSION_UNIT","interaction":{"idSuffix":"inner"}},"wdio_ui5_key":"applicationmanageresources-display-component---newResourceUnit--DIMENSION_UNIT"}]}
RESULT: {"script":"<script> [1562 bytes]","args":[{"selector":{"id":"application-manageresources-display-component---newResourceUnit--DIMENSION_UNIT","interaction":{"idSuffix":"inner"}},"wdio_ui5_key":"applicationmanageresources-display-component---newResourceUnit--DIMENSION_UNIT"}]}
RESULT: undefined
COMMAND: POST /session/2eb25f1cbe9612d735ab0219d8fb520b/execute/async - {"script":"<script> [776 bytes]","args":[{"enterText":"Meter","selector":{"id":"application-manageresources-display-component---newResourceUnit--DIMENSION_UNIT","interaction":{"idSuffix":"inner"}},"clearTextFirst":true,"interactionType":"ENTER_TEXT"}]}
RESULT: {"script":"<script> [776 bytes]","args":[{"enterText":"Meter","selector":{"id":"application-manageresources-display-component---newResourceUnit--DIMENSION_UNIT","interaction":{"idSuffix":"inner"}},"clearTextFirst":true,"interactionType":"ENTER_TEXT"}]}
COMMAND: POST /session/2eb25f1cbe9612d735ab0219d8fb520b/execute/async - {"script":"<script> [1562 bytes]","args":[{"selector":{"id":"application-manageresources-display-component---newResourceUnit--newRRUPage-anchBar-application-manageresources-display-component---newResourceUnit--control-anchor","interaction":{"idSuffix":"content"}},"wdio_ui5_key":"applicationmanageresources-display-component---newResourceUnit--newRRUPage-anchBar-application-manageresources-display-component---newResourceUnit--control-anchor"}]}
RESULT: {"script":"<script> [1562 bytes]","args":[{"selector":{"id":"application-manageresources-display-component---newResourceUnit--newRRUPage-anchBar-application-manageresources-display-component---newResourceUnit--control-anchor","interaction":{"idSuffix":"content"}},"wdio_ui5_key":"applicationmanageresources-display-component---newResourceUnit--newRRUPage-anchBar-application-manageresources-display-component---newResourceUnit--control-anchor"}]}
RESULT: undefined
COMMAND: POST /session/2eb25f1cbe9612d735ab0219d8fb520b/element - {"using":"xpath","value":"//*[@id=\"application-manageresources-display-component---newResourceUnit--newRRUPage-anchBar-application-manageresources-display-component---newResourceUnit--control-anchor\"]"}
RESULT: {"using":"xpath","value":"//*[@id=\"application-manageresources-display-component---newResourceUnit--newRRUPage-anchBar-application-manageresources-display-component---newResourceUnit--control-anchor\"]"}
COMMAND: POST /session/2eb25f1cbe9612d735ab0219d8fb520b/element/f.1920C544C16071EF810842AAA08EA988.d.BDFA18C235149EA40E267BA9B9A1FFE2.e.11452/click - {}
RESULT: {}
COMMAND: POST /session/2eb25f1cbe9612d735ab0219d8fb520b/execute/async - {"script":"<script> [1562 bytes]","args":[{"selector":{"id":"application-manageresources-display-component---newResourceUnit--PLANNING_GROUP","interaction":{"idSuffix":"inner"}},"wdio_ui5_key":"applicationmanageresources-display-component---newResourceUnit--PLANNING_GROUP"}]}
COMMAND: GET /session/2eb25f1cbe9612d735ab0219d8fb520b/screenshot - {}
RESULT: {"script":"<script> [1562 bytes]","args":[{"selector":{"id":"application-manageresources-display-component---newResourceUnit--PLANNING_GROUP","interaction":{"idSuffix":"inner"}},"wdio_ui5_key":"applicationmanageresources-display-component---newResourceUnit--PLANNING_GROUP"}]}
RESULT: undefined
COMMAND: POST /session/2eb25f1cbe9612d735ab0219d8fb520b/execute/async - {"script":"<script> [776 bytes]","args":[{"enterText":"Heavy Equi","selector":{"id":"application-manageresources-display-component---newResourceUnit--PLANNING_GROUP","interaction":{"idSuffix":"inner"}},"clearTextFirst":true,"interactionType":"ENTER_TEXT"}]}
RESULT: {}
RESULT: {"script":"<script> [776 bytes]","args":[{"enterText":"Heavy Equi","selector":{"id":"application-manageresources-display-component---newResourceUnit--PLANNING_GROUP","interaction":{"idSuffix":"inner"}},"clearTextFirst":true,"interactionType":"ENTER_TEXT"}]}
COMMAND: POST /session/2eb25f1cbe9612d735ab0219d8fb520b/execute/async - {"script":"<script> [1562 bytes]","args":[{"selector":{"id":"application-manageresources-display-component---newResourceUnit--PLANNING_INDICATOR","interaction":{"idSuffix":"inner"}},"wdio_ui5_key":"applicationmanageresources-display-component---newResourceUnit--PLANNING_INDICATOR"}]}
RESULT: {"script":"<script> [1562 bytes]","args":[{"selector":{"id":"application-manageresources-display-component---newResourceUnit--PLANNING_INDICATOR","interaction":{"idSuffix":"inner"}},"wdio_ui5_key":"applicationmanageresources-display-component---newResourceUnit--PLANNING_INDICATOR"}]}
RESULT: undefined
COMMAND: POST /session/2eb25f1cbe9612d735ab0219d8fb520b/execute/async - {"script":"<script> [776 bytes]","args":[{"enterText":"10 - infinite","selector":{"id":"application-manageresources-display-component---newResourceUnit--PLANNING_INDICATOR","interaction":{"idSuffix":"inner"}},"clearTextFirst":true,"interactionType":"ENTER_TEXT"}]}
RESULT: {"script":"<script> [776 bytes]","args":[{"enterText":"10 - infinite","selector":{"id":"application-manageresources-display-component---newResourceUnit--PLANNING_INDICATOR","interaction":{"idSuffix":"inner"}},"clearTextFirst":true,"interactionType":"ENTER_TEXT"}]}
COMMAND: POST /session/2eb25f1cbe9612d735ab0219d8fb520b/actions - {"actions":[{"id":"action40","type":"key","parameters":{},"actions":[{"type":"keyDown","value":"î€‡"},{"type":"pause","duration":10},{"type":"keyUp","value":"î€‡"}]}]}
RESULT: {"actions":[{"id":"action40","type":"key","parameters":{},"actions":[{"type":"keyDown","value":"î€‡"},{"type":"pause","duration":10},{"type":"keyUp","value":"î€‡"}]}]}
COMMAND: POST /session/2eb25f1cbe9612d735ab0219d8fb520b/execute/async - {"script":"<script> [1562 bytes]","args":[{"selector":{"id":"application-manageresources-display-component---newResourceUnit--ITEM_TYPE-arrow"},"wdio_ui5_key":"applicationmanageresources-display-component---newResourceUnit--ITEM_TYPE-arrow"}]}
COMMAND: GET /session/2eb25f1cbe9612d735ab0219d8fb520b/screenshot - {}
RESULT: {"script":"<script> [1562 bytes]","args":[{"selector":{"id":"application-manageresources-display-component---newResourceUnit--ITEM_TYPE-arrow"},"wdio_ui5_key":"applicationmanageresources-display-component---newResourceUnit--ITEM_TYPE-arrow"}]}
RESULT: undefined
COMMAND: POST /session/2eb25f1cbe9612d735ab0219d8fb520b/element - {"using":"xpath","value":"//*[@id=\"application-manageresources-display-component---newResourceUnit--ITEM_TYPE-arrow\"]"}
RESULT: {}
RESULT: {"using":"xpath","value":"//*[@id=\"application-manageresources-display-component---newResourceUnit--ITEM_TYPE-arrow\"]"}
COMMAND: POST /session/2eb25f1cbe9612d735ab0219d8fb520b/element/f.1920C544C16071EF810842AAA08EA988.d.BDFA18C235149EA40E267BA9B9A1FFE2.e.11462/click - {}
RESULT: {}
COMMAND: POST /session/2eb25f1cbe9612d735ab0219d8fb520b/execute/async - {"script":"<script> [1562 bytes]","args":[{"selector":{"controlType":"sap.m.StandardListItem","viewName":"reusables.view.manageresources.NewResourceUnit","viewId":"application-manageresources-display-component---newResourceUnit","properties":{"title":"Resource Unit"},"searchOpenDialogs":true,"interaction":{"idSuffix":"titleText"}},"wdio_ui5_key":"reusablesview.manageresources.NewResourceUnitsap.m.StandardListItem{\"title\":\"Resource Unit\"}"}]}
COMMAND: GET /session/2eb25f1cbe9612d735ab0219d8fb520b/screenshot - {}
RESULT: {"script":"<script> [1562 bytes]","args":[{"selector":{"controlType":"sap.m.StandardListItem","viewName":"reusables.view.manageresources.NewResourceUnit","viewId":"application-manageresources-display-component---newResourceUnit","properties":{"title":"Resource Unit"},"searchOpenDialogs":true,"interaction":{"idSuffix":"titleText"}},"wdio_ui5_key":"reusablesview.manageresources.NewResourceUnitsap.m.StandardListItem{\"title\":\"Resource Unit\"}"}]}
RESULT: undefined
RESULT: {}
COMMAND: POST /session/2eb25f1cbe9612d735ab0219d8fb520b/execute/async - {"script":"<script> [1562 bytes]","args":[{"selector":{"controlType":"sap.m.Label","viewName":"reusables.view.manageresources.NewResourceUnit","viewId":"application-manageresources-display-component---newResourceUnit","i18NText":{"propertyName":"text","key":"planningGroup"},"interaction":{"idSuffix":"bdi"}},"wdio_ui5_key":"reusablesview.manageresources.NewResourceUnitsap.m.Label{\"propertyName\":\"text\",\"key\":\"planningGroup\"}"}]}
RESULT: {"script":"<script> [1562 bytes]","args":[{"selector":{"controlType":"sap.m.Label","viewName":"reusables.view.manageresources.NewResourceUnit","viewId":"application-manageresources-display-component---newResourceUnit","i18NText":{"propertyName":"text","key":"planningGroup"},"interaction":{"idSuffix":"bdi"}},"wdio_ui5_key":"reusablesview.manageresources.NewResourceUnitsap.m.Label{\"propertyName\":\"text\",\"key\":\"planningGroup\"}"}]}
RESULT: undefined
COMMAND: POST /session/2eb25f1cbe9612d735ab0219d8fb520b/element - {"using":"xpath","value":"//*[@id=\"__label263\"]"}
RESULT: {"using":"xpath","value":"//*[@id=\"__label263\"]"}
COMMAND: POST /session/2eb25f1cbe9612d735ab0219d8fb520b/element/f.1920C544C16071EF810842AAA08EA988.d.BDFA18C235149EA40E267BA9B9A1FFE2.e.11464/click - {}
RESULT: {}
COMMAND: GET /session/2eb25f1cbe9612d735ab0219d8fb520b/screenshot - {}
RESULT: {}
COMMAND: POST /session/2eb25f1cbe9612d735ab0219d8fb520b/actions - {"actions":[{"type":"key","id":"keyboard","actions":[{"type":"keyDown","value":"î›"}]}]}
RESULT: {"actions":[{"type":"key","id":"keyboard","actions":[{"type":"keyDown","value":"î›"}]}]}
COMMAND: GET /session/2eb25f1cbe9612d735ab0219d8fb520b/screenshot - {}
RESULT: {}
COMMAND: POST /session/2eb25f1cbe9612d735ab0219d8fb520b/actions - {"actions":[{"type":"key","id":"keyboard","actions":[{"type":"keyDown","value":"î›"}]}]}
RESULT: {"actions":[{"type":"key","id":"keyboard","actions":[{"type":"keyDown","value":"î›"}]}]}
COMMAND: GET /session/2eb25f1cbe9612d735ab0219d8fb520b/screenshot - {}
RESULT: {}
COMMAND: POST /session/2eb25f1cbe9612d735ab0219d8fb520b/actions - {"actions":[{"type":"key","id":"keyboard","actions":[{"type":"keyDown","value":"î›"}]}]}
RESULT: {"actions":[{"type":"key","id":"keyboard","actions":[{"type":"keyDown","value":"î›"}]}]}
COMMAND: GET /session/2eb25f1cbe9612d735ab0219d8fb520b/screenshot - {}
RESULT: {}
COMMAND: POST /session/2eb25f1cbe9612d735ab0219d8fb520b/actions - {"actions":[{"type":"key","id":"keyboard","actions":[{"type":"keyDown","value":"î›"}]}]}
RESULT: {"actions":[{"type":"key","id":"keyboard","actions":[{"type":"keyDown","value":"î›"}]}]}
COMMAND: GET /session/2eb25f1cbe9612d735ab0219d8fb520b/screenshot - {}
RESULT: {}
COMMAND: POST /session/2eb25f1cbe9612d735ab0219d8fb520b/actions - {"actions":[{"type":"key","id":"keyboard","actions":[{"type":"keyDown","value":"î›"}]}]}
RESULT: {"actions":[{"type":"key","id":"keyboard","actions":[{"type":"keyDown","value":"î›"}]}]}
COMMAND: GET /session/2eb25f1cbe9612d735ab0219d8fb520b/screenshot - {}
RESULT: {}
COMMAND: POST /session/2eb25f1cbe9612d735ab0219d8fb520b/actions - {"actions":[{"type":"key","id":"keyboard","actions":[{"type":"keyDown","value":"î›"}]}]}
RESULT: {"actions":[{"type":"key","id":"keyboard","actions":[{"type":"keyDown","value":"î›"}]}]}
COMMAND: GET /session/2eb25f1cbe9612d735ab0219d8fb520b/screenshot - {}
RESULT: {}
COMMAND: POST /session/2eb25f1cbe9612d735ab0219d8fb520b/execute/async - {"script":"<script> [1562 bytes]","args":[{"selector":{"id":"application-manageresources-display-component---newResourceUnit--btnAddTimeSegment-img"},"wdio_ui5_key":"applicationmanageresources-display-component---newResourceUnit--btnAddTimeSegment-img"}]}
RESULT: {"script":"<script> [1562 bytes]","args":[{"selector":{"id":"application-manageresources-display-component---newResourceUnit--btnAddTimeSegment-img"},"wdio_ui5_key":"applicationmanageresources-display-component---newResourceUnit--btnAddTimeSegment-img"}]}
RESULT: undefined
COMMAND: POST /session/2eb25f1cbe9612d735ab0219d8fb520b/element - {"using":"xpath","value":"//*[@id=\"application-manageresources-display-component---newResourceUnit--btnAddTimeSegment-img\"]"}
RESULT: {"using":"xpath","value":"//*[@id=\"application-manageresources-display-component---newResourceUnit--btnAddTimeSegment-img\"]"}
COMMAND: POST /session/2eb25f1cbe9612d735ab0219d8fb520b/element/f.1920C544C16071EF810842AAA08EA988.d.BDFA18C235149EA40E267BA9B9A1FFE2.e.11465/click - {}
RESULT: {}
COMMAND: POST /session/2eb25f1cbe9612d735ab0219d8fb520b/element - {"using":"xpath","value":"//input[@id=\"application-manageresources-display-component---newResourceUnit--idRuTSAdmin-application-manageresources-display-component---newResourceUnit--RUTimeSegment-0-inner\"]"}
COMMAND: GET /session/2eb25f1cbe9612d735ab0219d8fb520b/screenshot - {}
RESULT: {"using":"xpath","value":"//input[@id=\"application-manageresources-display-component---newResourceUnit--idRuTSAdmin-application-manageresources-display-component---newResourceUnit--RUTimeSegment-0-inner\"]"}
COMMAND: POST /session/2eb25f1cbe9612d735ab0219d8fb520b/element/f.1920C544C16071EF810842AAA08EA988.d.BDFA18C235149EA40E267BA9B9A1FFE2.e.11468/clear - {}
RESULT: {}
RESULT: {}
COMMAND: POST /session/2eb25f1cbe9612d735ab0219d8fb520b/element/f.1920C544C16071EF810842AAA08EA988.d.BDFA18C235149EA40E267BA9B9A1FFE2.e.11468/value - {"text":"230"}
COMMAND: GET /session/2eb25f1cbe9612d735ab0219d8fb520b/screenshot - {}
RESULT: {"text":"230"}
COMMAND: GET /session/2eb25f1cbe9612d735ab0219d8fb520b/screenshot - {}
RESULT: {}
RESULT: {}
COMMAND: POST /session/2eb25f1cbe9612d735ab0219d8fb520b/actions - {"actions":[{"id":"action41","type":"key","parameters":{},"actions":[{"type":"keyDown","value":"î€‡"},{"type":"pause","duration":10},{"type":"keyUp","value":"î€‡"}]}]}
RESULT: {"actions":[{"id":"action41","type":"key","parameters":{},"actions":[{"type":"keyDown","value":"î€‡"},{"type":"pause","duration":10},{"type":"keyUp","value":"î€‡"}]}]}
COMMAND: GET /session/2eb25f1cbe9612d735ab0219d8fb520b/screenshot - {}
RESULT: {}
COMMAND: POST /session/2eb25f1cbe9612d735ab0219d8fb520b/execute/async - {"script":"<script> [1562 bytes]","args":[{"selector":{"controlType":"sap.m.Button","viewName":"reusables.view.manageresources.NewResourceUnit","viewId":"application-manageresources-display-component---newResourceUnit","i18NText":{"propertyName":"tooltip","key":"save"},"interaction":{"idSuffix":"BDI-content"}},"wdio_ui5_key":"reusablesview.manageresources.NewResourceUnitsap.m.Button{\"propertyName\":\"tooltip\",\"key\":\"save\"}"}]}
RESULT: {"script":"<script> [1562 bytes]","args":[{"selector":{"controlType":"sap.m.Button","viewName":"reusables.view.manageresources.NewResourceUnit","viewId":"application-manageresources-display-component---newResourceUnit","i18NText":{"propertyName":"tooltip","key":"save"},"interaction":{"idSuffix":"BDI-content"}},"wdio_ui5_key":"reusablesview.manageresources.NewResourceUnitsap.m.Button{\"propertyName\":\"tooltip\",\"key\":\"save\"}"}]}
RESULT: undefined
COMMAND: POST /session/2eb25f1cbe9612d735ab0219d8fb520b/element - {"using":"xpath","value":"//*[@id=\"application-manageresources-display-component---newResourceUnit--createRuButton\"]"}
RESULT: {"using":"xpath","value":"//*[@id=\"application-manageresources-display-component---newResourceUnit--createRuButton\"]"}
COMMAND: POST /session/2eb25f1cbe9612d735ab0219d8fb520b/element/f.1920C544C16071EF810842AAA08EA988.d.BDFA18C235149EA40E267BA9B9A1FFE2.e.11401/click - {}
RESULT: {}
COMMAND: POST /session/2eb25f1cbe9612d735ab0219d8fb520b/execute/async - {"script":"<script> [1562 bytes]","args":[{"selector":{"controlType":"sap.m.Button","properties":{"text":"Close"},"searchOpenDialogs":true,"interaction":{"idSuffix":"BDI-content"}},"wdio_ui5_key":"sapm.Button{\"text\":\"Close\"}"}]}
COMMAND: GET /session/2eb25f1cbe9612d735ab0219d8fb520b/screenshot - {}
RESULT: {"script":"<script> [1562 bytes]","args":[{"selector":{"controlType":"sap.m.Button","properties":{"text":"Close"},"searchOpenDialogs":true,"interaction":{"idSuffix":"BDI-content"}},"wdio_ui5_key":"sapm.Button{\"text\":\"Close\"}"}]}
RESULT: undefined
COMMAND: POST /session/2eb25f1cbe9612d735ab0219d8fb520b/element - {"using":"xpath","value":"//*[@id=\"__mbox-btn-0\"]"}
RESULT: {}
RESULT: {"using":"xpath","value":"//*[@id=\"__mbox-btn-0\"]"}
COMMAND: POST /session/2eb25f1cbe9612d735ab0219d8fb520b/element/f.1920C544C16071EF810842AAA08EA988.d.BDFA18C235149EA40E267BA9B9A1FFE2.e.11481/click - {}
RESULT: {}
COMMAND: GET /session/2eb25f1cbe9612d735ab0219d8fb520b/screenshot - {}
COMMAND: POST /session/2eb25f1cbe9612d735ab0219d8fb520b/execute/async - {"script":"<script> [1562 bytes]","args":[{"selector":{"controlType":"sap.m.Text","viewName":"etm.portal.ui.manageresources.view.Detail","viewId":"application-manageresources-display-component---detailRU","bindingPath":{"propertyPath":"ID","modelName":"catalogModel"}},"wdio_ui5_key":"etmportal.ui.manageresources.view.Detailsap.m.Text{\"propertyPath\":\"ID\",\"modelName\":\"catalogModel\"}"}]}
RESULT: {}
RESULT: {"script":"<script> [1562 bytes]","args":[{"selector":{"controlType":"sap.m.Text","viewName":"etm.portal.ui.manageresources.view.Detail","viewId":"application-manageresources-display-component---detailRU","bindingPath":{"propertyPath":"ID","modelName":"catalogModel"}},"wdio_ui5_key":"etmportal.ui.manageresources.view.Detailsap.m.Text{\"propertyPath\":\"ID\",\"modelName\":\"catalogModel\"}"}]}
RESULT: undefined
COMMAND: POST /session/2eb25f1cbe9612d735ab0219d8fb520b/execute/async - {"script":"<script> [6424 bytes]","args":[{"element-6066-11e4-a52e-4f735466cecf":"f.1920C544C16071EF810842AAA08EA988.d.BDFA18C235149EA40E267BA9B9A1FFE2.e.11513"},"getText",[]]}
RESULT: {"script":"<script> [6424 bytes]","args":[{"element-6066-11e4-a52e-4f735466cecf":"f.1920C544C16071EF810842AAA08EA988.d.BDFA18C235149EA40E267BA9B9A1FFE2.e.11513"},"getText",[]]}
COMMAND: POST /session/2eb25f1cbe9612d735ab0219d8fb520b/element - {"using":"css selector","value":"#shell-header-logo"}
RESULT: {"using":"css selector","value":"#shell-header-logo"}
COMMAND: POST /session/2eb25f1cbe9612d735ab0219d8fb520b/element/f.1920C544C16071EF810842AAA08EA988.d.BDFA18C235149EA40E267BA9B9A1FFE2.e.11026/click - {}
RESULT: {}
COMMAND: GET /session/2eb25f1cbe9612d735ab0219d8fb520b/screenshot - {}
RESULT: {}
]]></system-out>
    </testcase>
    <testcase classname="chrome.135_0_7049_96.windows.Provide_to_Site_w/_warehouse_management_w/o_clarification_US113782_" name="Bin Status Report Should Create New Organization yard" time="46.747">
      <system-out><![CDATA[
COMMAND: POST /session/2eb25f1cbe9612d735ab0219d8fb520b/execute/async - {"script":"<script> [1562 bytes]","args":[{"selector":{"controlType":"sap.m.GenericTile","properties":{"header":"Bin Status Report"}},"wdio_ui5_key":"sapm.GenericTile{\"header\":\"Bin Status Report\"}"}]}
RESULT: {"script":"<script> [1562 bytes]","args":[{"selector":{"controlType":"sap.m.GenericTile","properties":{"header":"Bin Status Report"}},"wdio_ui5_key":"sapm.GenericTile{\"header\":\"Bin Status Report\"}"}]}
RESULT: undefined
COMMAND: POST /session/2eb25f1cbe9612d735ab0219d8fb520b/element - {"using":"xpath","value":"//*[@id=\"__tile104\"]"}
RESULT: {"using":"xpath","value":"//*[@id=\"__tile104\"]"}
COMMAND: POST /session/2eb25f1cbe9612d735ab0219d8fb520b/element/f.1920C544C16071EF810842AAA08EA988.d.BDFA18C235149EA40E267BA9B9A1FFE2.e.11515/click - {}
RESULT: {}
COMMAND: GET /session/2eb25f1cbe9612d735ab0219d8fb520b/screenshot - {}
COMMAND: POST /session/2eb25f1cbe9612d735ab0219d8fb520b/execute/async - {"script":"<script> [1562 bytes]","args":[{"selector":{"id":"application-binstatusreport-display-component---warehousing--createOrgBtn","interaction":{"idSuffix":"content"}},"wdio_ui5_key":"applicationbinstatusreport-display-component---warehousing--createOrgBtn"}]}
RESULT: {}
RESULT: {"script":"<script> [1562 bytes]","args":[{"selector":{"id":"application-binstatusreport-display-component---warehousing--createOrgBtn","interaction":{"idSuffix":"content"}},"wdio_ui5_key":"applicationbinstatusreport-display-component---warehousing--createOrgBtn"}]}
RESULT: undefined
COMMAND: POST /session/2eb25f1cbe9612d735ab0219d8fb520b/element - {"using":"xpath","value":"//*[@id=\"application-binstatusreport-display-component---warehousing--createOrgBtn\"]"}
RESULT: {"using":"xpath","value":"//*[@id=\"application-binstatusreport-display-component---warehousing--createOrgBtn\"]"}
COMMAND: POST /session/2eb25f1cbe9612d735ab0219d8fb520b/element/f.1920C544C16071EF810842AAA08EA988.d.BDFA18C235149EA40E267BA9B9A1FFE2.e.11549/click - {}
RESULT: {}
COMMAND: POST /session/2eb25f1cbe9612d735ab0219d8fb520b/execute/async - {"script":"<script> [1562 bytes]","args":[{"selector":{"id":"createOrganizationPop--sectionInput","searchOpenDialogs":true,"interaction":{"idSuffix":"inner"}},"wdio_ui5_key":"createOrganizationPopsectionInput"}]}
COMMAND: GET /session/2eb25f1cbe9612d735ab0219d8fb520b/screenshot - {}
RESULT: {"script":"<script> [1562 bytes]","args":[{"selector":{"id":"createOrganizationPop--sectionInput","searchOpenDialogs":true,"interaction":{"idSuffix":"inner"}},"wdio_ui5_key":"createOrganizationPopsectionInput"}]}
RESULT: undefined
COMMAND: POST /session/2eb25f1cbe9612d735ab0219d8fb520b/execute/async - {"script":"<script> [776 bytes]","args":[{"enterText":"WDI230","selector":{"id":"createOrganizationPop--sectionInput","searchOpenDialogs":true,"interaction":{"idSuffix":"inner"}},"clearTextFirst":true,"interactionType":"ENTER_TEXT"}]}
RESULT: {}
RESULT: {"script":"<script> [776 bytes]","args":[{"enterText":"WDI230","selector":{"id":"createOrganizationPop--sectionInput","searchOpenDialogs":true,"interaction":{"idSuffix":"inner"}},"clearTextFirst":true,"interactionType":"ENTER_TEXT"}]}
COMMAND: POST /session/2eb25f1cbe9612d735ab0219d8fb520b/execute/async - {"script":"<script> [1562 bytes]","args":[{"selector":{"id":"createOrganizationPop--descriptionInput","searchOpenDialogs":true,"interaction":{"idSuffix":"inner"}},"wdio_ui5_key":"createOrganizationPopdescriptionInput"}]}
RESULT: {"script":"<script> [1562 bytes]","args":[{"selector":{"id":"createOrganizationPop--descriptionInput","searchOpenDialogs":true,"interaction":{"idSuffix":"inner"}},"wdio_ui5_key":"createOrganizationPopdescriptionInput"}]}
RESULT: undefined
COMMAND: POST /session/2eb25f1cbe9612d735ab0219d8fb520b/execute/async - {"script":"<script> [776 bytes]","args":[{"enterText":"Shipping230","selector":{"id":"createOrganizationPop--descriptionInput","searchOpenDialogs":true,"interaction":{"idSuffix":"inner"}},"clearTextFirst":true,"interactionType":"ENTER_TEXT"}]}
RESULT: {"script":"<script> [776 bytes]","args":[{"enterText":"Shipping230","selector":{"id":"createOrganizationPop--descriptionInput","searchOpenDialogs":true,"interaction":{"idSuffix":"inner"}},"clearTextFirst":true,"interactionType":"ENTER_TEXT"}]}
COMMAND: POST /session/2eb25f1cbe9612d735ab0219d8fb520b/element - {"using":"css selector","value":"#createOrganizationPop--yardOrg-inner"}
RESULT: {"using":"css selector","value":"#createOrganizationPop--yardOrg-inner"}
COMMAND: POST /session/2eb25f1cbe9612d735ab0219d8fb520b/element/f.1920C544C16071EF810842AAA08EA988.d.BDFA18C235149EA40E267BA9B9A1FFE2.e.11599/clear - {}
RESULT: {}
COMMAND: POST /session/2eb25f1cbe9612d735ab0219d8fb520b/element/f.1920C544C16071EF810842AAA08EA988.d.BDFA18C235149EA40E267BA9B9A1FFE2.e.11599/value - {"text":"230"}
COMMAND: GET /session/2eb25f1cbe9612d735ab0219d8fb520b/screenshot - {}
RESULT: {"text":"230"}
COMMAND: GET /session/2eb25f1cbe9612d735ab0219d8fb520b/screenshot - {}
RESULT: {}
RESULT: {}
COMMAND: POST /session/2eb25f1cbe9612d735ab0219d8fb520b/actions - {"actions":[{"id":"action42","type":"key","parameters":{},"actions":[{"type":"keyDown","value":"î€‡"},{"type":"pause","duration":10},{"type":"keyUp","value":"î€‡"}]}]}
RESULT: {"actions":[{"id":"action42","type":"key","parameters":{},"actions":[{"type":"keyDown","value":"î€‡"},{"type":"pause","duration":10},{"type":"keyUp","value":"î€‡"}]}]}
COMMAND: POST /session/2eb25f1cbe9612d735ab0219d8fb520b/execute/async - {"script":"<script> [1562 bytes]","args":[{"selector":{"id":"createOrganizationPop--grZone","searchOpenDialogs":true,"interaction":{"idSuffix":"CbBg"}},"wdio_ui5_key":"createOrganizationPopgrZone"}]}
COMMAND: GET /session/2eb25f1cbe9612d735ab0219d8fb520b/screenshot - {}
RESULT: {"script":"<script> [1562 bytes]","args":[{"selector":{"id":"createOrganizationPop--grZone","searchOpenDialogs":true,"interaction":{"idSuffix":"CbBg"}},"wdio_ui5_key":"createOrganizationPopgrZone"}]}
RESULT: undefined
COMMAND: POST /session/2eb25f1cbe9612d735ab0219d8fb520b/element - {"using":"xpath","value":"//*[@id=\"createOrganizationPop--grZone\"]"}
RESULT: {}
RESULT: {"using":"xpath","value":"//*[@id=\"createOrganizationPop--grZone\"]"}
COMMAND: POST /session/2eb25f1cbe9612d735ab0219d8fb520b/element/f.1920C544C16071EF810842AAA08EA988.d.BDFA18C235149EA40E267BA9B9A1FFE2.e.11620/click - {}
RESULT: {}
COMMAND: POST /session/2eb25f1cbe9612d735ab0219d8fb520b/execute/async - {"script":"<script> [1562 bytes]","args":[{"selector":{"id":"createOrganizationPop--giZone","searchOpenDialogs":true,"interaction":{"idSuffix":"CbBg"}},"wdio_ui5_key":"createOrganizationPopgiZone"}]}
COMMAND: GET /session/2eb25f1cbe9612d735ab0219d8fb520b/screenshot - {}
RESULT: {"script":"<script> [1562 bytes]","args":[{"selector":{"id":"createOrganizationPop--giZone","searchOpenDialogs":true,"interaction":{"idSuffix":"CbBg"}},"wdio_ui5_key":"createOrganizationPopgiZone"}]}
RESULT: undefined
COMMAND: POST /session/2eb25f1cbe9612d735ab0219d8fb520b/element - {"using":"xpath","value":"//*[@id=\"createOrganizationPop--giZone\"]"}
RESULT: {}
RESULT: {"using":"xpath","value":"//*[@id=\"createOrganizationPop--giZone\"]"}
COMMAND: POST /session/2eb25f1cbe9612d735ab0219d8fb520b/element/f.1920C544C16071EF810842AAA08EA988.d.BDFA18C235149EA40E267BA9B9A1FFE2.e.11622/click - {}
RESULT: {}
COMMAND: POST /session/2eb25f1cbe9612d735ab0219d8fb520b/execute/async - {"script":"<script> [1562 bytes]","args":[{"selector":{"id":"createOrganizationPop--binNoInput","searchOpenDialogs":true,"interaction":{"idSuffix":"inner"}},"wdio_ui5_key":"createOrganizationPopbinNoInput"}]}
COMMAND: GET /session/2eb25f1cbe9612d735ab0219d8fb520b/screenshot - {}
RESULT: {"script":"<script> [1562 bytes]","args":[{"selector":{"id":"createOrganizationPop--binNoInput","searchOpenDialogs":true,"interaction":{"idSuffix":"inner"}},"wdio_ui5_key":"createOrganizationPopbinNoInput"}]}
RESULT: undefined
COMMAND: POST /session/2eb25f1cbe9612d735ab0219d8fb520b/execute/async - {"script":"<script> [776 bytes]","args":[{"enterText":"Bin-Wd","selector":{"id":"createOrganizationPop--binNoInput","searchOpenDialogs":true,"interaction":{"idSuffix":"inner"}},"clearTextFirst":true,"interactionType":"ENTER_TEXT"}]}
RESULT: {}
RESULT: {"script":"<script> [776 bytes]","args":[{"enterText":"Bin-Wd","selector":{"id":"createOrganizationPop--binNoInput","searchOpenDialogs":true,"interaction":{"idSuffix":"inner"}},"clearTextFirst":true,"interactionType":"ENTER_TEXT"}]}
COMMAND: POST /session/2eb25f1cbe9612d735ab0219d8fb520b/execute/async - {"script":"<script> [1562 bytes]","args":[{"selector":{"id":"createOrganizationPop--descriptionId","searchOpenDialogs":true,"interaction":{"idSuffix":"inner"}},"wdio_ui5_key":"createOrganizationPopdescriptionId"}]}
RESULT: {"script":"<script> [1562 bytes]","args":[{"selector":{"id":"createOrganizationPop--descriptionId","searchOpenDialogs":true,"interaction":{"idSuffix":"inner"}},"wdio_ui5_key":"createOrganizationPopdescriptionId"}]}
RESULT: undefined
COMMAND: POST /session/2eb25f1cbe9612d735ab0219d8fb520b/execute/async - {"script":"<script> [776 bytes]","args":[{"enterText":"Shipping-Wd","selector":{"id":"createOrganizationPop--descriptionId","searchOpenDialogs":true,"interaction":{"idSuffix":"inner"}},"clearTextFirst":true,"interactionType":"ENTER_TEXT"}]}
RESULT: {"script":"<script> [776 bytes]","args":[{"enterText":"Shipping-Wd","selector":{"id":"createOrganizationPop--descriptionId","searchOpenDialogs":true,"interaction":{"idSuffix":"inner"}},"clearTextFirst":true,"interactionType":"ENTER_TEXT"}]}
COMMAND: POST /session/2eb25f1cbe9612d735ab0219d8fb520b/execute/async - {"script":"<script> [1562 bytes]","args":[{"selector":{"controlType":"sap.m.CheckBox","viewName":"etm.portal.ui.binstatusreport.view.MasterWareBins","viewId":"application-binstatusreport-display-component---warehousing","bindingPath":{"path":"","propertyPath":"/ZONE","modelName":"newBin"},"searchOpenDialogs":true,"interaction":{"idSuffix":"CbBg"}},"wdio_ui5_key":"etmportal.ui.binstatusreport.view.MasterWareBinssap.m.CheckBox{\"path\":\"\",\"propertyPath\":\"/ZONE\",\"modelName\":\"newBin\"}"}]}
RESULT: {"script":"<script> [1562 bytes]","args":[{"selector":{"controlType":"sap.m.CheckBox","viewName":"etm.portal.ui.binstatusreport.view.MasterWareBins","viewId":"application-binstatusreport-display-component---warehousing","bindingPath":{"path":"","propertyPath":"/ZONE","modelName":"newBin"},"searchOpenDialogs":true,"interaction":{"idSuffix":"CbBg"}},"wdio_ui5_key":"etmportal.ui.binstatusreport.view.MasterWareBinssap.m.CheckBox{\"path\":\"\",\"propertyPath\":\"/ZONE\",\"modelName\":\"newBin\"}"}]}
RESULT: undefined
COMMAND: POST /session/2eb25f1cbe9612d735ab0219d8fb520b/element - {"using":"xpath","value":"//*[@id=\"__box56\"]"}
RESULT: {"using":"xpath","value":"//*[@id=\"__box56\"]"}
COMMAND: POST /session/2eb25f1cbe9612d735ab0219d8fb520b/element/f.1920C544C16071EF810842AAA08EA988.d.BDFA18C235149EA40E267BA9B9A1FFE2.e.11626/click - {}
RESULT: {}
COMMAND: POST /session/2eb25f1cbe9612d735ab0219d8fb520b/execute/async - {"script":"<script> [1562 bytes]","args":[{"selector":{"id":"createOrganizationPop--binTypesCB","searchOpenDialogs":true,"interaction":{"idSuffix":"inner"}},"wdio_ui5_key":"createOrganizationPopbinTypesCB"}]}
COMMAND: GET /session/2eb25f1cbe9612d735ab0219d8fb520b/screenshot - {}
RESULT: {"script":"<script> [1562 bytes]","args":[{"selector":{"id":"createOrganizationPop--binTypesCB","searchOpenDialogs":true,"interaction":{"idSuffix":"inner"}},"wdio_ui5_key":"createOrganizationPopbinTypesCB"}]}
RESULT: undefined
COMMAND: POST /session/2eb25f1cbe9612d735ab0219d8fb520b/execute/async - {"script":"<script> [776 bytes]","args":[{"enterText":"1 - General / No capacity check","selector":{"id":"createOrganizationPop--binTypesCB","searchOpenDialogs":true,"interaction":{"idSuffix":"inner"}},"clearTextFirst":true,"interactionType":"ENTER_TEXT"}]}
RESULT: {}
RESULT: {"script":"<script> [776 bytes]","args":[{"enterText":"1 - General / No capacity check","selector":{"id":"createOrganizationPop--binTypesCB","searchOpenDialogs":true,"interaction":{"idSuffix":"inner"}},"clearTextFirst":true,"interactionType":"ENTER_TEXT"}]}
COMMAND: POST /session/2eb25f1cbe9612d735ab0219d8fb520b/actions - {"actions":[{"id":"action43","type":"key","parameters":{},"actions":[{"type":"keyDown","value":"î€‡"},{"type":"pause","duration":10},{"type":"keyUp","value":"î€‡"}]}]}
RESULT: {"actions":[{"id":"action43","type":"key","parameters":{},"actions":[{"type":"keyDown","value":"î€‡"},{"type":"pause","duration":10},{"type":"keyUp","value":"î€‡"}]}]}
COMMAND: GET /session/2eb25f1cbe9612d735ab0219d8fb520b/screenshot - {}
RESULT: {}
COMMAND: POST /session/2eb25f1cbe9612d735ab0219d8fb520b/execute/async - {"script":"<script> [1562 bytes]","args":[{"selector":{"id":"createOrganizationPop--finishBtn","searchOpenDialogs":true,"interaction":{"idSuffix":"BDI-content"}},"wdio_ui5_key":"createOrganizationPopfinishBtn"}]}
RESULT: {"script":"<script> [1562 bytes]","args":[{"selector":{"id":"createOrganizationPop--finishBtn","searchOpenDialogs":true,"interaction":{"idSuffix":"BDI-content"}},"wdio_ui5_key":"createOrganizationPopfinishBtn"}]}
RESULT: undefined
COMMAND: POST /session/2eb25f1cbe9612d735ab0219d8fb520b/element - {"using":"xpath","value":"//*[@id=\"createOrganizationPop--finishBtn\"]"}
RESULT: {"using":"xpath","value":"//*[@id=\"createOrganizationPop--finishBtn\"]"}
COMMAND: POST /session/2eb25f1cbe9612d735ab0219d8fb520b/element/f.1920C544C16071EF810842AAA08EA988.d.BDFA18C235149EA40E267BA9B9A1FFE2.e.11629/click - {}
RESULT: {}
]]></system-out>
    </testcase>
    <testcase classname="chrome.135_0_7049_96.windows.Provide_to_Site_w/_warehouse_management_w/o_clarification_US113782_" name="Bin Status Report Should Create New Organization for Site" time="34.657">
      <system-out><![CDATA[
COMMAND: GET /session/2eb25f1cbe9612d735ab0219d8fb520b/screenshot - {}
RESULT: {}
RESULT: undefined
COMMAND: POST /session/2eb25f1cbe9612d735ab0219d8fb520b/element - {"using":"xpath","value":"//*[@id=\"application-binstatusreport-display-component---warehousing--createOrgBtn\"]"}
RESULT: {"using":"xpath","value":"//*[@id=\"application-binstatusreport-display-component---warehousing--createOrgBtn\"]"}
COMMAND: POST /session/2eb25f1cbe9612d735ab0219d8fb520b/element/f.1920C544C16071EF810842AAA08EA988.d.BDFA18C235149EA40E267BA9B9A1FFE2.e.11549/click - {}
RESULT: {}
RESULT: undefined
COMMAND: POST /session/2eb25f1cbe9612d735ab0219d8fb520b/execute/async - {"script":"<script> [776 bytes]","args":[{"enterText":"2087","selector":{"id":"createOrganizationPop--sectionInput","searchOpenDialogs":true,"interaction":{"idSuffix":"inner"}},"clearTextFirst":true,"interactionType":"ENTER_TEXT"}]}
COMMAND: GET /session/2eb25f1cbe9612d735ab0219d8fb520b/screenshot - {}
RESULT: {"script":"<script> [776 bytes]","args":[{"enterText":"2087","selector":{"id":"createOrganizationPop--sectionInput","searchOpenDialogs":true,"interaction":{"idSuffix":"inner"}},"clearTextFirst":true,"interactionType":"ENTER_TEXT"}]}
RESULT: undefined
COMMAND: POST /session/2eb25f1cbe9612d735ab0219d8fb520b/execute/async - {"script":"<script> [776 bytes]","args":[{"enterText":"WDI2087","selector":{"id":"createOrganizationPop--descriptionInput","searchOpenDialogs":true,"interaction":{"idSuffix":"inner"}},"clearTextFirst":true,"interactionType":"ENTER_TEXT"}]}
RESULT: {}
RESULT: {"script":"<script> [776 bytes]","args":[{"enterText":"WDI2087","selector":{"id":"createOrganizationPop--descriptionInput","searchOpenDialogs":true,"interaction":{"idSuffix":"inner"}},"clearTextFirst":true,"interactionType":"ENTER_TEXT"}]}
COMMAND: POST /session/2eb25f1cbe9612d735ab0219d8fb520b/element - {"using":"css selector","value":"#createOrganizationPop--siteOrg-inner"}
RESULT: {"using":"css selector","value":"#createOrganizationPop--siteOrg-inner"}
COMMAND: POST /session/2eb25f1cbe9612d735ab0219d8fb520b/element/f.1920C544C16071EF810842AAA08EA988.d.BDFA18C235149EA40E267BA9B9A1FFE2.e.11636/clear - {}
RESULT: {}
COMMAND: POST /session/2eb25f1cbe9612d735ab0219d8fb520b/element/f.1920C544C16071EF810842AAA08EA988.d.BDFA18C235149EA40E267BA9B9A1FFE2.e.11636/value - {"text":"2087"}
COMMAND: GET /session/2eb25f1cbe9612d735ab0219d8fb520b/screenshot - {}
RESULT: {"text":"2087"}
COMMAND: GET /session/2eb25f1cbe9612d735ab0219d8fb520b/screenshot - {}
RESULT: {}
RESULT: {}
COMMAND: POST /session/2eb25f1cbe9612d735ab0219d8fb520b/actions - {"actions":[{"id":"action44","type":"key","parameters":{},"actions":[{"type":"keyDown","value":"î€‡"},{"type":"pause","duration":10},{"type":"keyUp","value":"î€‡"}]}]}
RESULT: {"actions":[{"id":"action44","type":"key","parameters":{},"actions":[{"type":"keyDown","value":"î€‡"},{"type":"pause","duration":10},{"type":"keyUp","value":"î€‡"}]}]}
RESULT: undefined
COMMAND: POST /session/2eb25f1cbe9612d735ab0219d8fb520b/element - {"using":"xpath","value":"//*[@id=\"createOrganizationPop--giZone\"]"}
COMMAND: GET /session/2eb25f1cbe9612d735ab0219d8fb520b/screenshot - {}
RESULT: {"using":"xpath","value":"//*[@id=\"createOrganizationPop--giZone\"]"}
COMMAND: POST /session/2eb25f1cbe9612d735ab0219d8fb520b/element/f.1920C544C16071EF810842AAA08EA988.d.BDFA18C235149EA40E267BA9B9A1FFE2.e.11653/click - {}
RESULT: {}
RESULT: {}
RESULT: undefined
COMMAND: POST /session/2eb25f1cbe9612d735ab0219d8fb520b/execute/async - {"script":"<script> [776 bytes]","args":[{"enterText":"WD-BIN","selector":{"id":"createOrganizationPop--binNoInput","searchOpenDialogs":true,"interaction":{"idSuffix":"inner"}},"clearTextFirst":true,"interactionType":"ENTER_TEXT"}]}
COMMAND: GET /session/2eb25f1cbe9612d735ab0219d8fb520b/screenshot - {}
RESULT: {"script":"<script> [776 bytes]","args":[{"enterText":"WD-BIN","selector":{"id":"createOrganizationPop--binNoInput","searchOpenDialogs":true,"interaction":{"idSuffix":"inner"}},"clearTextFirst":true,"interactionType":"ENTER_TEXT"}]}
RESULT: undefined
COMMAND: POST /session/2eb25f1cbe9612d735ab0219d8fb520b/execute/async - {"script":"<script> [776 bytes]","args":[{"enterText":"WD-BIN","selector":{"id":"createOrganizationPop--descriptionId","searchOpenDialogs":true,"interaction":{"idSuffix":"inner"}},"clearTextFirst":true,"interactionType":"ENTER_TEXT"}]}
RESULT: {}
RESULT: {"script":"<script> [776 bytes]","args":[{"enterText":"WD-BIN","selector":{"id":"createOrganizationPop--descriptionId","searchOpenDialogs":true,"interaction":{"idSuffix":"inner"}},"clearTextFirst":true,"interactionType":"ENTER_TEXT"}]}
COMMAND: POST /session/2eb25f1cbe9612d735ab0219d8fb520b/execute/async - {"script":"<script> [1562 bytes]","args":[{"selector":{"controlType":"sap.m.CheckBox","viewName":"etm.portal.ui.binstatusreport.view.MasterWareBins","viewId":"application-binstatusreport-display-component---warehousing","bindingPath":{"propertyPath":"/ZONE","modelName":"newBin"},"searchOpenDialogs":true,"interaction":{"idSuffix":"CbBg"}},"wdio_ui5_key":"etmportal.ui.binstatusreport.view.MasterWareBinssap.m.CheckBox{\"propertyPath\":\"/ZONE\",\"modelName\":\"newBin\"}"}]}
RESULT: {"script":"<script> [1562 bytes]","args":[{"selector":{"controlType":"sap.m.CheckBox","viewName":"etm.portal.ui.binstatusreport.view.MasterWareBins","viewId":"application-binstatusreport-display-component---warehousing","bindingPath":{"propertyPath":"/ZONE","modelName":"newBin"},"searchOpenDialogs":true,"interaction":{"idSuffix":"CbBg"}},"wdio_ui5_key":"etmportal.ui.binstatusreport.view.MasterWareBinssap.m.CheckBox{\"propertyPath\":\"/ZONE\",\"modelName\":\"newBin\"}"}]}
RESULT: undefined
COMMAND: POST /session/2eb25f1cbe9612d735ab0219d8fb520b/element - {"using":"xpath","value":"//*[@id=\"__box59\"]"}
RESULT: {"using":"xpath","value":"//*[@id=\"__box59\"]"}
COMMAND: POST /session/2eb25f1cbe9612d735ab0219d8fb520b/element/f.1920C544C16071EF810842AAA08EA988.d.BDFA18C235149EA40E267BA9B9A1FFE2.e.11655/click - {}
RESULT: {}
COMMAND: GET /session/2eb25f1cbe9612d735ab0219d8fb520b/screenshot - {}
RESULT: {}
RESULT: undefined
COMMAND: POST /session/2eb25f1cbe9612d735ab0219d8fb520b/execute/async - {"script":"<script> [776 bytes]","args":[{"enterText":"1 - General / No capacity check","selector":{"id":"createOrganizationPop--binTypesCB","searchOpenDialogs":true,"interaction":{"idSuffix":"inner"}},"clearTextFirst":true,"interactionType":"ENTER_TEXT"}]}
RESULT: {"script":"<script> [776 bytes]","args":[{"enterText":"1 - General / No capacity check","selector":{"id":"createOrganizationPop--binTypesCB","searchOpenDialogs":true,"interaction":{"idSuffix":"inner"}},"clearTextFirst":true,"interactionType":"ENTER_TEXT"}]}
COMMAND: POST /session/2eb25f1cbe9612d735ab0219d8fb520b/execute/async - {"script":"<script> [1562 bytes]","args":[{"selector":{"id":"createOrganizationPop--capacityId","searchOpenDialogs":true,"interaction":{"idSuffix":"inner"}},"wdio_ui5_key":"createOrganizationPopcapacityId"}]}
RESULT: {"script":"<script> [1562 bytes]","args":[{"selector":{"id":"createOrganizationPop--capacityId","searchOpenDialogs":true,"interaction":{"idSuffix":"inner"}},"wdio_ui5_key":"createOrganizationPopcapacityId"}]}
RESULT: undefined
COMMAND: POST /session/2eb25f1cbe9612d735ab0219d8fb520b/actions - {"actions":[{"id":"action45","type":"key","parameters":{},"actions":[{"type":"keyDown","value":"î€‡"},{"type":"pause","duration":10},{"type":"keyUp","value":"î€‡"}]}]}
RESULT: {"actions":[{"id":"action45","type":"key","parameters":{},"actions":[{"type":"keyDown","value":"î€‡"},{"type":"pause","duration":10},{"type":"keyUp","value":"î€‡"}]}]}
COMMAND: GET /session/2eb25f1cbe9612d735ab0219d8fb520b/screenshot - {}
RESULT: {}
RESULT: undefined
COMMAND: POST /session/2eb25f1cbe9612d735ab0219d8fb520b/element - {"using":"xpath","value":"//*[@id=\"createOrganizationPop--finishBtn\"]"}
RESULT: {"using":"xpath","value":"//*[@id=\"createOrganizationPop--finishBtn\"]"}
COMMAND: POST /session/2eb25f1cbe9612d735ab0219d8fb520b/element/f.1920C544C16071EF810842AAA08EA988.d.BDFA18C235149EA40E267BA9B9A1FFE2.e.11656/click - {}
RESULT: {}
COMMAND: POST /session/2eb25f1cbe9612d735ab0219d8fb520b/element - {"using":"css selector","value":"#shell-header-logo"}
COMMAND: GET /session/2eb25f1cbe9612d735ab0219d8fb520b/screenshot - {}
RESULT: {}
RESULT: {"using":"css selector","value":"#shell-header-logo"}
COMMAND: POST /session/2eb25f1cbe9612d735ab0219d8fb520b/element/f.1920C544C16071EF810842AAA08EA988.d.BDFA18C235149EA40E267BA9B9A1FFE2.e.11519/click - {}
RESULT: {}
]]></system-out>
    </testcase>
  </testsuite>
  <testsuite timestamp="2025-04-25T16:57:23" time="490.839" tests="5" failures="0" errors="0" skipped="0">
    <properties>
      <property name="specId" value="0" />
      <property name="suiteName" value="Provide to Site w/ warehouse management wo clarification" />
      <property name="capabilities" value="chrome.135_0_7049_96.windows" />
      <property name="file" value="file:///D:/a/1/s/test/specs/HTR/provide-to-site-w-warehouse-wo-clarification.spec.js" />
    </properties>
    <testcase classname="chrome.135_0_7049_96.windows.Provide_to_Site_w/_warehouse_management_wo_clarification" name="Should do a stock increase handover" time="76.958">
      <system-out><![CDATA[
COMMAND: POST /session/2eb25f1cbe9612d735ab0219d8fb520b/execute/async - {"script":"<script> [1562 bytes]","args":[{"selector":{"controlType":"sap.m.GenericTile","properties":{"header":"Manage Handovers"}},"wdio_ui5_key":"sapm.GenericTile{\"header\":\"Manage Handovers\"}"}]}
COMMAND: GET /session/2eb25f1cbe9612d735ab0219d8fb520b/screenshot - {}
RESULT: {"script":"<script> [1562 bytes]","args":[{"selector":{"controlType":"sap.m.GenericTile","properties":{"header":"Manage Handovers"}},"wdio_ui5_key":"sapm.GenericTile{\"header\":\"Manage Handovers\"}"}]}
RESULT: undefined
COMMAND: POST /session/2eb25f1cbe9612d735ab0219d8fb520b/element - {"using":"xpath","value":"//*[@id=\"__tile131\"]"}
RESULT: {}
RESULT: {"using":"xpath","value":"//*[@id=\"__tile131\"]"}
COMMAND: POST /session/2eb25f1cbe9612d735ab0219d8fb520b/element/f.1920C544C16071EF810842AAA08EA988.d.BDFA18C235149EA40E267BA9B9A1FFE2.e.11681/click - {}
RESULT: {}
COMMAND: GET /session/2eb25f1cbe9612d735ab0219d8fb520b/screenshot - {}
RESULT: {}
COMMAND: POST /session/2eb25f1cbe9612d735ab0219d8fb520b/element - {"using":"xpath","value":"//button[(@data-kt = 'masterHOAddButton')]"}
RESULT: {"using":"xpath","value":"//button[(@data-kt = 'masterHOAddButton')]"}
COMMAND: POST /session/2eb25f1cbe9612d735ab0219d8fb520b/element/f.1920C544C16071EF810842AAA08EA988.d.BDFA18C235149EA40E267BA9B9A1FFE2.e.11722/click - {}
RESULT: {}
COMMAND: POST /session/2eb25f1cbe9612d735ab0219d8fb520b/element - {"using":"css selector","value":"span[id=\"application-managehandovers-display-component---AddNewHO--typeSelect-label\"]"}
COMMAND: GET /session/2eb25f1cbe9612d735ab0219d8fb520b/screenshot - {}
RESULT: {"using":"css selector","value":"span[id=\"application-managehandovers-display-component---AddNewHO--typeSelect-label\"]"}
COMMAND: POST /session/2eb25f1cbe9612d735ab0219d8fb520b/element/f.1920C544C16071EF810842AAA08EA988.d.BDFA18C235149EA40E267BA9B9A1FFE2.e.12019/click - {}
RESULT: {}
RESULT: {}
COMMAND: POST /session/2eb25f1cbe9612d735ab0219d8fb520b/element - {"using":"css selector","value":"#application-managehandovers-display-component---AddNewHO--oneStep-CB"}
COMMAND: GET /session/2eb25f1cbe9612d735ab0219d8fb520b/screenshot - {}
RESULT: {"using":"css selector","value":"#application-managehandovers-display-component---AddNewHO--oneStep-CB"}
COMMAND: GET /session/2eb25f1cbe9612d735ab0219d8fb520b/element/f.1920C544C16071EF810842AAA08EA988.d.BDFA18C235149EA40E267BA9B9A1FFE2.e.11957/selected - {}
RESULT: {}
RESULT: {}
COMMAND: POST /session/2eb25f1cbe9612d735ab0219d8fb520b/element - {"using":"xpath","value":"//li[contains(text(), \"stock increase yard\")]"}
COMMAND: GET /session/2eb25f1cbe9612d735ab0219d8fb520b/screenshot - {}
RESULT: {}
RESULT: {"using":"xpath","value":"//li[contains(text(), \"stock increase yard\")]"}
COMMAND: POST /session/2eb25f1cbe9612d735ab0219d8fb520b/element/f.1920C544C16071EF810842AAA08EA988.d.BDFA18C235149EA40E267BA9B9A1FFE2.e.12020/click - {}
RESULT: {}
COMMAND: GET /session/2eb25f1cbe9612d735ab0219d8fb520b/screenshot - {}
RESULT: {}
COMMAND: POST /session/2eb25f1cbe9612d735ab0219d8fb520b/element - {"using":"css selector","value":"input[id=\"generalSectionFrg--receiveYard-inner\"]"}
RESULT: {"using":"css selector","value":"input[id=\"generalSectionFrg--receiveYard-inner\"]"}
COMMAND: POST /session/2eb25f1cbe9612d735ab0219d8fb520b/element/f.1920C544C16071EF810842AAA08EA988.d.BDFA18C235149EA40E267BA9B9A1FFE2.e.12030/clear - {}
RESULT: {}
COMMAND: POST /session/2eb25f1cbe9612d735ab0219d8fb520b/element/f.1920C544C16071EF810842AAA08EA988.d.BDFA18C235149EA40E267BA9B9A1FFE2.e.12030/value - {"text":"230"}
COMMAND: GET /session/2eb25f1cbe9612d735ab0219d8fb520b/screenshot - {}
RESULT: {"text":"230"}
COMMAND: GET /session/2eb25f1cbe9612d735ab0219d8fb520b/screenshot - {}
RESULT: {}
RESULT: {}
COMMAND: POST /session/2eb25f1cbe9612d735ab0219d8fb520b/element - {"using":"css selector","value":"#application-managehandovers-display-component---AddNewHO--dueDate-inner"}
RESULT: {"using":"css selector","value":"#application-managehandovers-display-component---AddNewHO--dueDate-inner"}
COMMAND: POST /session/2eb25f1cbe9612d735ab0219d8fb520b/element/f.1920C544C16071EF810842AAA08EA988.d.BDFA18C235149EA40E267BA9B9A1FFE2.e.12024/clear - {}
RESULT: {}
COMMAND: POST /session/2eb25f1cbe9612d735ab0219d8fb520b/element/f.1920C544C16071EF810842AAA08EA988.d.BDFA18C235149EA40E267BA9B9A1FFE2.e.12024/value - {"text":"4/25/25"}
COMMAND: GET /session/2eb25f1cbe9612d735ab0219d8fb520b/screenshot - {}
RESULT: {"text":"4/25/25"}
COMMAND: GET /session/2eb25f1cbe9612d735ab0219d8fb520b/screenshot - {}
RESULT: {}
RESULT: {}
COMMAND: POST /session/2eb25f1cbe9612d735ab0219d8fb520b/element - {"using":"xpath","value":"//bdi[(text() = 'Items' or . = 'Items')]"}
RESULT: {"using":"xpath","value":"//bdi[(text() = 'Items' or . = 'Items')]"}
COMMAND: POST /session/2eb25f1cbe9612d735ab0219d8fb520b/element/f.1920C544C16071EF810842AAA08EA988.d.BDFA18C235149EA40E267BA9B9A1FFE2.e.12047/click - {}
RESULT: {}
COMMAND: GET /session/2eb25f1cbe9612d735ab0219d8fb520b/screenshot - {}
RESULT: {}
COMMAND: POST /session/2eb25f1cbe9612d735ab0219d8fb520b/element - {"using":"xpath","value":"//button[@aria-label=\"Add\"]"}
RESULT: {"using":"xpath","value":"//button[@aria-label=\"Add\"]"}
COMMAND: POST /session/2eb25f1cbe9612d735ab0219d8fb520b/element/f.1920C544C16071EF810842AAA08EA988.d.BDFA18C235149EA40E267BA9B9A1FFE2.e.12052/click - {}
RESULT: {}
COMMAND: GET /session/2eb25f1cbe9612d735ab0219d8fb520b/screenshot - {}
COMMAND: POST /session/2eb25f1cbe9612d735ab0219d8fb520b/element - {"using":"css selector","value":"input[id= \"application-managehandovers-display-component---AddNewHO--smartFilterBar-btnBasicSearch-I\"]"}
RESULT: {}
RESULT: {"using":"css selector","value":"input[id= \"application-managehandovers-display-component---AddNewHO--smartFilterBar-btnBasicSearch-I\"]"}
COMMAND: POST /session/2eb25f1cbe9612d735ab0219d8fb520b/element/f.1920C544C16071EF810842AAA08EA988.d.BDFA18C235149EA40E267BA9B9A1FFE2.e.12055/clear - {}
RESULT: {}
COMMAND: POST /session/2eb25f1cbe9612d735ab0219d8fb520b/element/f.1920C544C16071EF810842AAA08EA988.d.BDFA18C235149EA40E267BA9B9A1FFE2.e.12055/value - {"text":"200079"}
COMMAND: GET /session/2eb25f1cbe9612d735ab0219d8fb520b/screenshot - {}
RESULT: {"text":"200079"}
COMMAND: POST /session/2eb25f1cbe9612d735ab0219d8fb520b/actions - {"actions":[{"id":"action46","type":"key","parameters":{},"actions":[{"type":"keyDown","value":"î€‡"},{"type":"pause","duration":10},{"type":"keyUp","value":"î€‡"}]}]}
COMMAND: GET /session/2eb25f1cbe9612d735ab0219d8fb520b/screenshot - {}
RESULT: {}
RESULT: {"actions":[{"id":"action46","type":"key","parameters":{},"actions":[{"type":"keyDown","value":"î€‡"},{"type":"pause","duration":10},{"type":"keyUp","value":"î€‡"}]}]}
COMMAND: POST /session/2eb25f1cbe9612d735ab0219d8fb520b/element - {"using":"css selector","value":"div[id= \"application-managehandovers-display-component---AddNewHO--smartFilterBar-btnBasicSearch-search\"]"}
COMMAND: GET /session/2eb25f1cbe9612d735ab0219d8fb520b/screenshot - {}
RESULT: {}
RESULT: {"using":"css selector","value":"div[id= \"application-managehandovers-display-component---AddNewHO--smartFilterBar-btnBasicSearch-search\"]"}
COMMAND: POST /session/2eb25f1cbe9612d735ab0219d8fb520b/element/f.1920C544C16071EF810842AAA08EA988.d.BDFA18C235149EA40E267BA9B9A1FFE2.e.12192/click - {}
RESULT: {}
RESULT: {}
COMMAND: GET /session/2eb25f1cbe9612d735ab0219d8fb520b/screenshot - {}
RESULT: {}
COMMAND: POST /session/2eb25f1cbe9612d735ab0219d8fb520b/element - {"using":"css selector","value":"div[id= \"application-managehandovers-display-component---AddNewHO--popup-sa-CbBg\"]"}
RESULT: {"using":"css selector","value":"div[id= \"application-managehandovers-display-component---AddNewHO--popup-sa-CbBg\"]"}
COMMAND: POST /session/2eb25f1cbe9612d735ab0219d8fb520b/element/f.1920C544C16071EF810842AAA08EA988.d.BDFA18C235149EA40E267BA9B9A1FFE2.e.12193/click - {}
RESULT: {}
COMMAND: POST /session/2eb25f1cbe9612d735ab0219d8fb520b/element - {"using":"xpath","value":"//bdi[(text() = 'Select' or . = 'Select')]"}
COMMAND: GET /session/2eb25f1cbe9612d735ab0219d8fb520b/screenshot - {}
RESULT: {"using":"xpath","value":"//bdi[(text() = 'Select' or . = 'Select')]"}
COMMAND: POST /session/2eb25f1cbe9612d735ab0219d8fb520b/element/f.1920C544C16071EF810842AAA08EA988.d.BDFA18C235149EA40E267BA9B9A1FFE2.e.12194/click - {}
RESULT: {}
RESULT: {}
COMMAND: GET /session/2eb25f1cbe9612d735ab0219d8fb520b/screenshot - {}
RESULT: {}
COMMAND: POST /session/2eb25f1cbe9612d735ab0219d8fb520b/element - {"using":"xpath","value":"//bdi[(text() = 'Save' or . = 'Save')]"}
RESULT: {"using":"xpath","value":"//bdi[(text() = 'Save' or . = 'Save')]"}
COMMAND: POST /session/2eb25f1cbe9612d735ab0219d8fb520b/element/f.1920C544C16071EF810842AAA08EA988.d.BDFA18C235149EA40E267BA9B9A1FFE2.e.12198/click - {}
RESULT: {}
COMMAND: GET /session/2eb25f1cbe9612d735ab0219d8fb520b/screenshot - {}
RESULT: {}
COMMAND: POST /session/2eb25f1cbe9612d735ab0219d8fb520b/element - {"using":"xpath","value":"//input[contains(@id ,\"receiptDatePicker-inner\")]"}
RESULT: {"using":"xpath","value":"//input[contains(@id ,\"receiptDatePicker-inner\")]"}
COMMAND: POST /session/2eb25f1cbe9612d735ab0219d8fb520b/element/f.1920C544C16071EF810842AAA08EA988.d.BDFA18C235149EA40E267BA9B9A1FFE2.e.12228/click - {}
RESULT: {}
COMMAND: POST /session/2eb25f1cbe9612d735ab0219d8fb520b/element - {"using":"xpath","value":"//input[contains(@id ,\"receiptDatePicker-inner\")]"}
COMMAND: GET /session/2eb25f1cbe9612d735ab0219d8fb520b/screenshot - {}
RESULT: {"using":"xpath","value":"//input[contains(@id ,\"receiptDatePicker-inner\")]"}
COMMAND: POST /session/2eb25f1cbe9612d735ab0219d8fb520b/element/f.1920C544C16071EF810842AAA08EA988.d.BDFA18C235149EA40E267BA9B9A1FFE2.e.12228/clear - {}
RESULT: {}
RESULT: {}
COMMAND: POST /session/2eb25f1cbe9612d735ab0219d8fb520b/element/f.1920C544C16071EF810842AAA08EA988.d.BDFA18C235149EA40E267BA9B9A1FFE2.e.12228/value - {"text":"4/25/25"}
COMMAND: GET /session/2eb25f1cbe9612d735ab0219d8fb520b/screenshot - {}
RESULT: {"text":"4/25/25"}
COMMAND: GET /session/2eb25f1cbe9612d735ab0219d8fb520b/screenshot - {}
RESULT: {}
RESULT: {}
COMMAND: POST /session/2eb25f1cbe9612d735ab0219d8fb520b/execute/async - {"script":"<script> [1562 bytes]","args":[{"selector":{"id":"administrationTabFilter","viewName":"etm.portal.ui.managehandovers.view.DetailExecuteHO","interaction":{"idSuffix":"text"}},"wdio_ui5_key":"administrationTabFilteretmportal.ui.managehandovers.view.DetailExecuteHO"}]}
RESULT: {"script":"<script> [1562 bytes]","args":[{"selector":{"id":"administrationTabFilter","viewName":"etm.portal.ui.managehandovers.view.DetailExecuteHO","interaction":{"idSuffix":"text"}},"wdio_ui5_key":"administrationTabFilteretmportal.ui.managehandovers.view.DetailExecuteHO"}]}
RESULT: undefined
COMMAND: POST /session/2eb25f1cbe9612d735ab0219d8fb520b/element - {"using":"xpath","value":"//*[@id=\"__xmlview61--administrationTabFilter\"]"}
RESULT: {"using":"xpath","value":"//*[@id=\"__xmlview61--administrationTabFilter\"]"}
COMMAND: POST /session/2eb25f1cbe9612d735ab0219d8fb520b/element/f.1920C544C16071EF810842AAA08EA988.d.BDFA18C235149EA40E267BA9B9A1FFE2.e.12247/click - {}
RESULT: {}
RESULT: undefined
COMMAND: POST /session/2eb25f1cbe9612d735ab0219d8fb520b/element - {"using":"xpath","value":"//*[@id=\"__xmlview61--administrationTabFilter\"]"}
COMMAND: GET /session/2eb25f1cbe9612d735ab0219d8fb520b/screenshot - {}
RESULT: {"using":"xpath","value":"//*[@id=\"__xmlview61--administrationTabFilter\"]"}
COMMAND: POST /session/2eb25f1cbe9612d735ab0219d8fb520b/element/f.1920C544C16071EF810842AAA08EA988.d.BDFA18C235149EA40E267BA9B9A1FFE2.e.12247/click - {}
RESULT: {}
RESULT: {}
COMMAND: GET /session/2eb25f1cbe9612d735ab0219d8fb520b/screenshot - {}
RESULT: {}
COMMAND: POST /session/2eb25f1cbe9612d735ab0219d8fb520b/element - {"using":"xpath","value":"//bdi[(text() = 'Confirm' or . = 'Confirm')]"}
RESULT: {"using":"xpath","value":"//bdi[(text() = 'Confirm' or . = 'Confirm')]"}
COMMAND: POST /session/2eb25f1cbe9612d735ab0219d8fb520b/element/f.1920C544C16071EF810842AAA08EA988.d.BDFA18C235149EA40E267BA9B9A1FFE2.e.12255/click - {}
RESULT: {}
COMMAND: GET /session/2eb25f1cbe9612d735ab0219d8fb520b/screenshot - {}
RESULT: {}
COMMAND: POST /session/2eb25f1cbe9612d735ab0219d8fb520b/execute/async - {"script":"<script> [1562 bytes]","args":[{"selector":{"id":"confirmationButton","viewName":"etm.portal.ui.managehandovers.view.DetailExecuteHO","interaction":{"idSuffix":"BDI-content"}},"wdio_ui5_key":"confirmationButtonetmportal.ui.managehandovers.view.DetailExecuteHO"}]}
RESULT: {"script":"<script> [1562 bytes]","args":[{"selector":{"id":"confirmationButton","viewName":"etm.portal.ui.managehandovers.view.DetailExecuteHO","interaction":{"idSuffix":"BDI-content"}},"wdio_ui5_key":"confirmationButtonetmportal.ui.managehandovers.view.DetailExecuteHO"}]}
RESULT: undefined
COMMAND: POST /session/2eb25f1cbe9612d735ab0219d8fb520b/element - {"using":"xpath","value":"(//*[text()='Receive'])[2]"}
RESULT: {"using":"xpath","value":"(//*[text()='Receive'])[2]"}
COMMAND: GET /session/2eb25f1cbe9612d735ab0219d8fb520b/element/f.1920C544C16071EF810842AAA08EA988.d.BDFA18C235149EA40E267BA9B9A1FFE2.e.12259/enabled - {}
RESULT: {}
COMMAND: POST /session/2eb25f1cbe9612d735ab0219d8fb520b/execute/sync - {"script":"<script> [8489 bytes]","args":[{"element-6066-11e4-a52e-4f735466cecf":"f.1920C544C16071EF810842AAA08EA988.d.BDFA18C235149EA40E267BA9B9A1FFE2.e.12259","ELEMENT":"f.1920C544C16071EF810842AAA08EA988.d.BDFA18C235149EA40E267BA9B9A1FFE2.e.12259"}]}
COMMAND: GET /session/2eb25f1cbe9612d735ab0219d8fb520b/screenshot - {}
RESULT: {"script":"<script> [8489 bytes]","args":[{"element-6066-11e4-a52e-4f735466cecf":"f.1920C544C16071EF810842AAA08EA988.d.BDFA18C235149EA40E267BA9B9A1FFE2.e.12259","ELEMENT":"f.1920C544C16071EF810842AAA08EA988.d.BDFA18C235149EA40E267BA9B9A1FFE2.e.12259"}]}
COMMAND: POST /session/2eb25f1cbe9612d735ab0219d8fb520b/execute/sync - {"script":"<script> [5351 bytes]","args":[{"element-6066-11e4-a52e-4f735466cecf":"f.1920C544C16071EF810842AAA08EA988.d.BDFA18C235149EA40E267BA9B9A1FFE2.e.12259","ELEMENT":"f.1920C544C16071EF810842AAA08EA988.d.BDFA18C235149EA40E267BA9B9A1FFE2.e.12259"}]}
COMMAND: GET /session/2eb25f1cbe9612d735ab0219d8fb520b/screenshot - {}
RESULT: {}
RESULT: {"script":"<script> [5351 bytes]","args":[{"element-6066-11e4-a52e-4f735466cecf":"f.1920C544C16071EF810842AAA08EA988.d.BDFA18C235149EA40E267BA9B9A1FFE2.e.12259","ELEMENT":"f.1920C544C16071EF810842AAA08EA988.d.BDFA18C235149EA40E267BA9B9A1FFE2.e.12259"}]}
COMMAND: POST /session/2eb25f1cbe9612d735ab0219d8fb520b/element/f.1920C544C16071EF810842AAA08EA988.d.BDFA18C235149EA40E267BA9B9A1FFE2.e.12259/click - {}
COMMAND: GET /session/2eb25f1cbe9612d735ab0219d8fb520b/screenshot - {}
RESULT: {}
RESULT: {}
COMMAND: GET /session/2eb25f1cbe9612d735ab0219d8fb520b/screenshot - {}
RESULT: {}
RESULT: {}
COMMAND: POST /session/2eb25f1cbe9612d735ab0219d8fb520b/element - {"using":"css selector","value":"#shell-header-logo"}
RESULT: {"using":"css selector","value":"#shell-header-logo"}
COMMAND: POST /session/2eb25f1cbe9612d735ab0219d8fb520b/element/f.1920C544C16071EF810842AAA08EA988.d.BDFA18C235149EA40E267BA9B9A1FFE2.e.11684/click - {}
RESULT: {}
COMMAND: GET /session/2eb25f1cbe9612d735ab0219d8fb520b/screenshot - {}
RESULT: {}
]]></system-out>
    </testcase>
    <testcase classname="chrome.135_0_7049_96.windows.Provide_to_Site_w/_warehouse_management_wo_clarification" name="Should create a new contract" time="56.368">
      <system-out><![CDATA[
COMMAND: POST /session/2eb25f1cbe9612d735ab0219d8fb520b/execute/async - {"script":"<script> [1562 bytes]","args":[{"selector":{"controlType":"sap.m.GenericTile","properties":{"header":"Manage Contracts"}},"wdio_ui5_key":"sapm.GenericTile{\"header\":\"Manage Contracts\"}"}]}
RESULT: {"script":"<script> [1562 bytes]","args":[{"selector":{"controlType":"sap.m.GenericTile","properties":{"header":"Manage Contracts"}},"wdio_ui5_key":"sapm.GenericTile{\"header\":\"Manage Contracts\"}"}]}
RESULT: undefined
COMMAND: POST /session/2eb25f1cbe9612d735ab0219d8fb520b/element - {"using":"xpath","value":"//*[@id=\"__tile130\"]"}
RESULT: {"using":"xpath","value":"//*[@id=\"__tile130\"]"}
COMMAND: POST /session/2eb25f1cbe9612d735ab0219d8fb520b/element/f.1920C544C16071EF810842AAA08EA988.d.BDFA18C235149EA40E267BA9B9A1FFE2.e.12412/click - {}
RESULT: {}
COMMAND: GET /session/2eb25f1cbe9612d735ab0219d8fb520b/screenshot - {}
COMMAND: POST /session/2eb25f1cbe9612d735ab0219d8fb520b/execute/async - {"script":"<script> [1562 bytes]","args":[{"selector":{"controlType":"sap.ui.core.Icon","viewName":"etm.portal.ui.managecontracts.view.Master","properties":{"src":{"regex":{"source":"add"}}}},"wdio_ui5_key":"etmportal.ui.managecontracts.view.Mastersap.ui.core.Icon{\"src\":{\"regex\":{\"source\":\"add\"}}}"}]}
RESULT: {}
RESULT: {"script":"<script> [1562 bytes]","args":[{"selector":{"controlType":"sap.ui.core.Icon","viewName":"etm.portal.ui.managecontracts.view.Master","properties":{"src":{"regex":{"source":"add"}}}},"wdio_ui5_key":"etmportal.ui.managecontracts.view.Mastersap.ui.core.Icon{\"src\":{\"regex\":{\"source\":\"add\"}}}"}]}
RESULT: undefined
COMMAND: POST /session/2eb25f1cbe9612d735ab0219d8fb520b/element - {"using":"xpath","value":"//*[@id=\"__button303-img\"]"}
RESULT: {"using":"xpath","value":"//*[@id=\"__button303-img\"]"}
COMMAND: POST /session/2eb25f1cbe9612d735ab0219d8fb520b/element/f.1920C544C16071EF810842AAA08EA988.d.BDFA18C235149EA40E267BA9B9A1FFE2.e.12504/click - {}
RESULT: {}
COMMAND: POST /session/2eb25f1cbe9612d735ab0219d8fb520b/execute/async - {"script":"<script> [1562 bytes]","args":[{"selector":{"id":"application-managecontracts-display-component---AddNewContract--projectDescription","interaction":{"idSuffix":"inner"}},"wdio_ui5_key":"applicationmanagecontracts-display-component---AddNewContract--projectDescription"}]}
COMMAND: GET /session/2eb25f1cbe9612d735ab0219d8fb520b/screenshot - {}
RESULT: {"script":"<script> [1562 bytes]","args":[{"selector":{"id":"application-managecontracts-display-component---AddNewContract--projectDescription","interaction":{"idSuffix":"inner"}},"wdio_ui5_key":"applicationmanagecontracts-display-component---AddNewContract--projectDescription"}]}
RESULT: undefined
COMMAND: POST /session/2eb25f1cbe9612d735ab0219d8fb520b/execute/async - {"script":"<script> [776 bytes]","args":[{"enterText":"wdi5 contract for billing","selector":{"id":"application-managecontracts-display-component---AddNewContract--projectDescription","interaction":{"idSuffix":"inner"}},"clearTextFirst":true,"interactionType":"ENTER_TEXT"}]}
RESULT: {}
RESULT: {"script":"<script> [776 bytes]","args":[{"enterText":"wdi5 contract for billing","selector":{"id":"application-managecontracts-display-component---AddNewContract--projectDescription","interaction":{"idSuffix":"inner"}},"clearTextFirst":true,"interactionType":"ENTER_TEXT"}]}
COMMAND: POST /session/2eb25f1cbe9612d735ab0219d8fb520b/element - {"using":"xpath","value":"//input[@id=\"application-managecontracts-display-component---AddNewContract--customerSelect-inner\"]"}
RESULT: {"using":"xpath","value":"//input[@id=\"application-managecontracts-display-component---AddNewContract--customerSelect-inner\"]"}
COMMAND: POST /session/2eb25f1cbe9612d735ab0219d8fb520b/element/f.1920C544C16071EF810842AAA08EA988.d.BDFA18C235149EA40E267BA9B9A1FFE2.e.12732/clear - {}
RESULT: {}
COMMAND: POST /session/2eb25f1cbe9612d735ab0219d8fb520b/element/f.1920C544C16071EF810842AAA08EA988.d.BDFA18C235149EA40E267BA9B9A1FFE2.e.12732/value - {"text":"1091"}
COMMAND: GET /session/2eb25f1cbe9612d735ab0219d8fb520b/screenshot - {}
RESULT: {"text":"1091"}
COMMAND: GET /session/2eb25f1cbe9612d735ab0219d8fb520b/screenshot - {}
RESULT: {}
RESULT: {}
COMMAND: POST /session/2eb25f1cbe9612d735ab0219d8fb520b/actions - {"actions":[{"id":"action47","type":"key","parameters":{},"actions":[{"type":"keyDown","value":"î€‡"},{"type":"pause","duration":10},{"type":"keyUp","value":"î€‡"}]}]}
RESULT: {"actions":[{"id":"action47","type":"key","parameters":{},"actions":[{"type":"keyDown","value":"î€‡"},{"type":"pause","duration":10},{"type":"keyUp","value":"î€‡"}]}]}
COMMAND: POST /session/2eb25f1cbe9612d735ab0219d8fb520b/element - {"using":"xpath","value":"//input[@id=\"application-managecontracts-display-component---AddNewContract--site-inner\"]"}
COMMAND: GET /session/2eb25f1cbe9612d735ab0219d8fb520b/screenshot - {}
RESULT: {"using":"xpath","value":"//input[@id=\"application-managecontracts-display-component---AddNewContract--site-inner\"]"}
COMMAND: POST /session/2eb25f1cbe9612d735ab0219d8fb520b/element/f.1920C544C16071EF810842AAA08EA988.d.BDFA18C235149EA40E267BA9B9A1FFE2.e.12733/clear - {}
RESULT: {}
RESULT: {}
COMMAND: POST /session/2eb25f1cbe9612d735ab0219d8fb520b/element/f.1920C544C16071EF810842AAA08EA988.d.BDFA18C235149EA40E267BA9B9A1FFE2.e.12733/value - {"text":"2087"}
COMMAND: GET /session/2eb25f1cbe9612d735ab0219d8fb520b/screenshot - {}
RESULT: {"text":"2087"}
COMMAND: GET /session/2eb25f1cbe9612d735ab0219d8fb520b/screenshot - {}
RESULT: {}
RESULT: {}
COMMAND: POST /session/2eb25f1cbe9612d735ab0219d8fb520b/actions - {"actions":[{"id":"action48","type":"key","parameters":{},"actions":[{"type":"keyDown","value":"î€‡"},{"type":"pause","duration":10},{"type":"keyUp","value":"î€‡"}]}]}
RESULT: {"actions":[{"id":"action48","type":"key","parameters":{},"actions":[{"type":"keyDown","value":"î€‡"},{"type":"pause","duration":10},{"type":"keyUp","value":"î€‡"}]}]}
COMMAND: POST /session/2eb25f1cbe9612d735ab0219d8fb520b/execute/async - {"script":"<script> [1562 bytes]","args":[{"selector":{"id":"application-managecontracts-display-component---AddNewContract--calendarInput","interaction":{"idSuffix":"inner"}},"wdio_ui5_key":"applicationmanagecontracts-display-component---AddNewContract--calendarInput"}]}
COMMAND: GET /session/2eb25f1cbe9612d735ab0219d8fb520b/screenshot - {}
RESULT: {"script":"<script> [1562 bytes]","args":[{"selector":{"id":"application-managecontracts-display-component---AddNewContract--calendarInput","interaction":{"idSuffix":"inner"}},"wdio_ui5_key":"applicationmanagecontracts-display-component---AddNewContract--calendarInput"}]}
RESULT: undefined
COMMAND: POST /session/2eb25f1cbe9612d735ab0219d8fb520b/execute/async - {"script":"<script> [776 bytes]","args":[{"enterText":"1 - Calendar unit test patch","selector":{"id":"application-managecontracts-display-component---AddNewContract--calendarInput","interaction":{"idSuffix":"inner"}},"clearTextFirst":true,"interactionType":"ENTER_TEXT"}]}
RESULT: {}
RESULT: {"script":"<script> [776 bytes]","args":[{"enterText":"1 - Calendar unit test patch","selector":{"id":"application-managecontracts-display-component---AddNewContract--calendarInput","interaction":{"idSuffix":"inner"}},"clearTextFirst":true,"interactionType":"ENTER_TEXT"}]}
COMMAND: POST /session/2eb25f1cbe9612d735ab0219d8fb520b/actions - {"actions":[{"id":"action49","type":"key","parameters":{},"actions":[{"type":"keyDown","value":"î€‡"},{"type":"pause","duration":10},{"type":"keyUp","value":"î€‡"}]}]}
RESULT: {"actions":[{"id":"action49","type":"key","parameters":{},"actions":[{"type":"keyDown","value":"î€‡"},{"type":"pause","duration":10},{"type":"keyUp","value":"î€‡"}]}]}
COMMAND: POST /session/2eb25f1cbe9612d735ab0219d8fb520b/execute/async - {"script":"<script> [1562 bytes]","args":[{"selector":{"id":"application-managecontracts-display-component---AddNewContract--languageCB","interaction":{"idSuffix":"inner"}},"wdio_ui5_key":"applicationmanagecontracts-display-component---AddNewContract--languageCB"}]}
COMMAND: GET /session/2eb25f1cbe9612d735ab0219d8fb520b/screenshot - {}
RESULT: {"script":"<script> [1562 bytes]","args":[{"selector":{"id":"application-managecontracts-display-component---AddNewContract--languageCB","interaction":{"idSuffix":"inner"}},"wdio_ui5_key":"applicationmanagecontracts-display-component---AddNewContract--languageCB"}]}
RESULT: undefined
COMMAND: POST /session/2eb25f1cbe9612d735ab0219d8fb520b/execute/async - {"script":"<script> [776 bytes]","args":[{"enterText":"EN - English","selector":{"id":"application-managecontracts-display-component---AddNewContract--languageCB","interaction":{"idSuffix":"inner"}},"clearTextFirst":true,"interactionType":"ENTER_TEXT"}]}
RESULT: {}
RESULT: {"script":"<script> [776 bytes]","args":[{"enterText":"EN - English","selector":{"id":"application-managecontracts-display-component---AddNewContract--languageCB","interaction":{"idSuffix":"inner"}},"clearTextFirst":true,"interactionType":"ENTER_TEXT"}]}
COMMAND: POST /session/2eb25f1cbe9612d735ab0219d8fb520b/actions - {"actions":[{"id":"action50","type":"key","parameters":{},"actions":[{"type":"keyDown","value":"î€‡"},{"type":"pause","duration":10},{"type":"keyUp","value":"î€‡"}]}]}
RESULT: {"actions":[{"id":"action50","type":"key","parameters":{},"actions":[{"type":"keyDown","value":"î€‡"},{"type":"pause","duration":10},{"type":"keyUp","value":"î€‡"}]}]}
COMMAND: POST /session/2eb25f1cbe9612d735ab0219d8fb520b/execute/async - {"script":"<script> [1562 bytes]","args":[{"selector":{"id":"application-managecontracts-display-component---AddNewContract--saveBtn","interaction":{"idSuffix":"BDI-content"}},"wdio_ui5_key":"applicationmanagecontracts-display-component---AddNewContract--saveBtn"}]}
COMMAND: GET /session/2eb25f1cbe9612d735ab0219d8fb520b/screenshot - {}
RESULT: {"script":"<script> [1562 bytes]","args":[{"selector":{"id":"application-managecontracts-display-component---AddNewContract--saveBtn","interaction":{"idSuffix":"BDI-content"}},"wdio_ui5_key":"applicationmanagecontracts-display-component---AddNewContract--saveBtn"}]}
RESULT: undefined
COMMAND: POST /session/2eb25f1cbe9612d735ab0219d8fb520b/element - {"using":"xpath","value":"//*[@id=\"application-managecontracts-display-component---AddNewContract--saveBtn\"]"}
RESULT: {}
RESULT: {"using":"xpath","value":"//*[@id=\"application-managecontracts-display-component---AddNewContract--saveBtn\"]"}
COMMAND: POST /session/2eb25f1cbe9612d735ab0219d8fb520b/element/f.1920C544C16071EF810842AAA08EA988.d.BDFA18C235149EA40E267BA9B9A1FFE2.e.12750/click - {}
RESULT: {}
COMMAND: GET /session/2eb25f1cbe9612d735ab0219d8fb520b/screenshot - {}
RESULT: {}
COMMAND: POST /session/2eb25f1cbe9612d735ab0219d8fb520b/execute/async - {"script":"<script> [1562 bytes]","args":[{"selector":{"id":"contractDetailTitleNoExpanded","viewName":"etm.portal.ui.managecontracts.view.Detail"},"wdio_ui5_key":"contractDetailTitleNoExpandedetmportal.ui.managecontracts.view.Detail"}]}
RESULT: {"script":"<script> [1562 bytes]","args":[{"selector":{"id":"contractDetailTitleNoExpanded","viewName":"etm.portal.ui.managecontracts.view.Detail"},"wdio_ui5_key":"contractDetailTitleNoExpandedetmportal.ui.managecontracts.view.Detail"}]}
RESULT: undefined
COMMAND: POST /session/2eb25f1cbe9612d735ab0219d8fb520b/execute/async - {"script":"<script> [6424 bytes]","args":[{"element-6066-11e4-a52e-4f735466cecf":"f.1920C544C16071EF810842AAA08EA988.d.BDFA18C235149EA40E267BA9B9A1FFE2.e.12834"},"getText",[]]}
RESULT: {"script":"<script> [6424 bytes]","args":[{"element-6066-11e4-a52e-4f735466cecf":"f.1920C544C16071EF810842AAA08EA988.d.BDFA18C235149EA40E267BA9B9A1FFE2.e.12834"},"getText",[]]}
]]></system-out>
    </testcase>
    <testcase classname="chrome.135_0_7049_96.windows.Provide_to_Site_w/_warehouse_management_wo_clarification" name="Should add resource to the contract" time="48.998">
      <system-out><![CDATA[
COMMAND: POST /session/2eb25f1cbe9612d735ab0219d8fb520b/execute/async - {"script":"<script> [1562 bytes]","args":[{"selector":{"id":"contractDetailEditBtn","viewName":"etm.portal.ui.managecontracts.view.Detail","interaction":{"idSuffix":"BDI-content"}},"wdio_ui5_key":"contractDetailEditBtnetmportal.ui.managecontracts.view.Detail"}]}
RESULT: {"script":"<script> [1562 bytes]","args":[{"selector":{"id":"contractDetailEditBtn","viewName":"etm.portal.ui.managecontracts.view.Detail","interaction":{"idSuffix":"BDI-content"}},"wdio_ui5_key":"contractDetailEditBtnetmportal.ui.managecontracts.view.Detail"}]}
RESULT: undefined
COMMAND: POST /session/2eb25f1cbe9612d735ab0219d8fb520b/element - {"using":"xpath","value":"//*[@id=\"__xmlview63--contractDetailEditBtn\"]"}
RESULT: {"using":"xpath","value":"//*[@id=\"__xmlview63--contractDetailEditBtn\"]"}
COMMAND: POST /session/2eb25f1cbe9612d735ab0219d8fb520b/element/f.1920C544C16071EF810842AAA08EA988.d.BDFA18C235149EA40E267BA9B9A1FFE2.e.12836/click - {}
RESULT: {}
COMMAND: GET /session/2eb25f1cbe9612d735ab0219d8fb520b/screenshot - {}
RESULT: {}
COMMAND: POST /session/2eb25f1cbe9612d735ab0219d8fb520b/execute/async - {"script":"<script> [1562 bytes]","args":[{"selector":{"id":"additionalAddressesTabFilter","viewName":"etm.portal.ui.managecontracts.view.EditContract","interaction":{"idSuffix":"text"}},"wdio_ui5_key":"additionalAddressesTabFilteretmportal.ui.managecontracts.view.EditContract"}]}
RESULT: {"script":"<script> [1562 bytes]","args":[{"selector":{"id":"additionalAddressesTabFilter","viewName":"etm.portal.ui.managecontracts.view.EditContract","interaction":{"idSuffix":"text"}},"wdio_ui5_key":"additionalAddressesTabFilteretmportal.ui.managecontracts.view.EditContract"}]}
RESULT: undefined
COMMAND: POST /session/2eb25f1cbe9612d735ab0219d8fb520b/element - {"using":"xpath","value":"//*[@id=\"__xmlview64--additionalAddressesTabFilter\"]"}
RESULT: {"using":"xpath","value":"//*[@id=\"__xmlview64--additionalAddressesTabFilter\"]"}
COMMAND: POST /session/2eb25f1cbe9612d735ab0219d8fb520b/element/f.1920C544C16071EF810842AAA08EA988.d.BDFA18C235149EA40E267BA9B9A1FFE2.e.12893/click - {}
RESULT: {}
RESULT: undefined
COMMAND: POST /session/2eb25f1cbe9612d735ab0219d8fb520b/element - {"using":"xpath","value":"//*[@id=\"__xmlview64--additionalAddressesTabFilter\"]"}
COMMAND: GET /session/2eb25f1cbe9612d735ab0219d8fb520b/screenshot - {}
RESULT: {"using":"xpath","value":"//*[@id=\"__xmlview64--additionalAddressesTabFilter\"]"}
COMMAND: POST /session/2eb25f1cbe9612d735ab0219d8fb520b/element/f.1920C544C16071EF810842AAA08EA988.d.BDFA18C235149EA40E267BA9B9A1FFE2.e.12893/click - {}
RESULT: {}
RESULT: {}
COMMAND: POST /session/2eb25f1cbe9612d735ab0219d8fb520b/execute/async - {"script":"<script> [1562 bytes]","args":[{"selector":{"controlType":"sap.ui.core.Icon","viewName":"etm.portal.ui.managecontracts.view.EditContract","properties":{"src":{"regex":{"source":"add"}}}},"wdio_ui5_key":"etmportal.ui.managecontracts.view.EditContractsap.ui.core.Icon{\"src\":{\"regex\":{\"source\":\"add\"}}}"}]}
COMMAND: GET /session/2eb25f1cbe9612d735ab0219d8fb520b/screenshot - {}
RESULT: {"script":"<script> [1562 bytes]","args":[{"selector":{"controlType":"sap.ui.core.Icon","viewName":"etm.portal.ui.managecontracts.view.EditContract","properties":{"src":{"regex":{"source":"add"}}}},"wdio_ui5_key":"etmportal.ui.managecontracts.view.EditContractsap.ui.core.Icon{\"src\":{\"regex\":{\"source\":\"add\"}}}"}]}
RESULT: undefined
COMMAND: POST /session/2eb25f1cbe9612d735ab0219d8fb520b/element - {"using":"xpath","value":"//*[@id=\"__xmlview64--btnAddTableRow-img\"]"}
RESULT: {}
RESULT: {"using":"xpath","value":"//*[@id=\"__xmlview64--btnAddTableRow-img\"]"}
COMMAND: POST /session/2eb25f1cbe9612d735ab0219d8fb520b/element/f.1920C544C16071EF810842AAA08EA988.d.BDFA18C235149EA40E267BA9B9A1FFE2.e.12898/click - {}
RESULT: {}
COMMAND: POST /session/2eb25f1cbe9612d735ab0219d8fb520b/element - {"using":"xpath","value":"//div[(text() = 'Standard Entry' or . = 'Standard Entry')]"}
COMMAND: GET /session/2eb25f1cbe9612d735ab0219d8fb520b/screenshot - {}
RESULT: {"using":"xpath","value":"//div[(text() = 'Standard Entry' or . = 'Standard Entry')]"}
COMMAND: POST /session/2eb25f1cbe9612d735ab0219d8fb520b/element/f.1920C544C16071EF810842AAA08EA988.d.BDFA18C235149EA40E267BA9B9A1FFE2.e.12901/click - {}
RESULT: {}
RESULT: {}
COMMAND: POST /session/2eb25f1cbe9612d735ab0219d8fb520b/execute/async - {"script":"<script> [1562 bytes]","args":[{"selector":{"controlType":"sap.ui.core.Icon","viewName":"etm.portal.ui.managecontracts.view.EditContract","properties":{"src":{"regex":{"source":"inspect"}}}},"wdio_ui5_key":"etmportal.ui.managecontracts.view.EditContractsap.ui.core.Icon{\"src\":{\"regex\":{\"source\":\"inspect\"}}}"}]}
COMMAND: GET /session/2eb25f1cbe9612d735ab0219d8fb520b/screenshot - {}
RESULT: {"script":"<script> [1562 bytes]","args":[{"selector":{"controlType":"sap.ui.core.Icon","viewName":"etm.portal.ui.managecontracts.view.EditContract","properties":{"src":{"regex":{"source":"inspect"}}}},"wdio_ui5_key":"etmportal.ui.managecontracts.view.EditContractsap.ui.core.Icon{\"src\":{\"regex\":{\"source\":\"inspect\"}}}"}]}
RESULT: undefined
COMMAND: POST /session/2eb25f1cbe9612d735ab0219d8fb520b/element - {"using":"xpath","value":"//*[@id=\"__button329-img\"]"}
RESULT: {}
RESULT: {"using":"xpath","value":"//*[@id=\"__button329-img\"]"}
COMMAND: POST /session/2eb25f1cbe9612d735ab0219d8fb520b/element/f.1920C544C16071EF810842AAA08EA988.d.BDFA18C235149EA40E267BA9B9A1FFE2.e.12913/click - {}
RESULT: {}
COMMAND: GET /session/2eb25f1cbe9612d735ab0219d8fb520b/screenshot - {}
RESULT: {}
COMMAND: POST /session/2eb25f1cbe9612d735ab0219d8fb520b/element - {"using":"xpath","value":"//td[6]/div/div/input[1]"}
RESULT: {"using":"xpath","value":"//td[6]/div/div/input[1]"}
COMMAND: POST /session/2eb25f1cbe9612d735ab0219d8fb520b/element/f.1920C544C16071EF810842AAA08EA988.d.BDFA18C235149EA40E267BA9B9A1FFE2.e.12903/clear - {}
RESULT: {}
COMMAND: GET /session/2eb25f1cbe9612d735ab0219d8fb520b/screenshot - {}
RESULT: {}
COMMAND: POST /session/2eb25f1cbe9612d735ab0219d8fb520b/element - {"using":"xpath","value":"//td[6]/div/div/input[1]"}
RESULT: {"using":"xpath","value":"//td[6]/div/div/input[1]"}
COMMAND: POST /session/2eb25f1cbe9612d735ab0219d8fb520b/element/f.1920C544C16071EF810842AAA08EA988.d.BDFA18C235149EA40E267BA9B9A1FFE2.e.12929/click - {}
RESULT: {}
COMMAND: POST /session/2eb25f1cbe9612d735ab0219d8fb520b/actions - {"actions":[{"id":"action51","type":"key","parameters":{},"actions":[{"type":"keyDown","value":"î€ƒ"},{"type":"pause","duration":10},{"type":"keyUp","value":"î€ƒ"}]}]}
COMMAND: GET /session/2eb25f1cbe9612d735ab0219d8fb520b/screenshot - {}
RESULT: {"actions":[{"id":"action51","type":"key","parameters":{},"actions":[{"type":"keyDown","value":"î€ƒ"},{"type":"pause","duration":10},{"type":"keyUp","value":"î€ƒ"}]}]}
COMMAND: POST /session/2eb25f1cbe9612d735ab0219d8fb520b/element - {"using":"xpath","value":"//td[6]/div/div/input[1]"}
COMMAND: GET /session/2eb25f1cbe9612d735ab0219d8fb520b/screenshot - {}
RESULT: {}
RESULT: {"using":"xpath","value":"//td[6]/div/div/input[1]"}
COMMAND: POST /session/2eb25f1cbe9612d735ab0219d8fb520b/element/f.1920C544C16071EF810842AAA08EA988.d.BDFA18C235149EA40E267BA9B9A1FFE2.e.12929/clear - {}
RESULT: {}
RESULT: {}
COMMAND: POST /session/2eb25f1cbe9612d735ab0219d8fb520b/element/f.1920C544C16071EF810842AAA08EA988.d.BDFA18C235149EA40E267BA9B9A1FFE2.e.12929/value - {"text":"Material"}
COMMAND: GET /session/2eb25f1cbe9612d735ab0219d8fb520b/screenshot - {}
RESULT: {"text":"Material"}
COMMAND: GET /session/2eb25f1cbe9612d735ab0219d8fb520b/screenshot - {}
RESULT: {}
RESULT: {}
COMMAND: POST /session/2eb25f1cbe9612d735ab0219d8fb520b/actions - {"actions":[{"id":"action52","type":"key","parameters":{},"actions":[{"type":"keyDown","value":"î€‡"},{"type":"pause","duration":10},{"type":"keyUp","value":"î€‡"}]}]}
RESULT: {"actions":[{"id":"action52","type":"key","parameters":{},"actions":[{"type":"keyDown","value":"î€‡"},{"type":"pause","duration":10},{"type":"keyUp","value":"î€‡"}]}]}
COMMAND: POST /session/2eb25f1cbe9612d735ab0219d8fb520b/element - {"using":"xpath","value":"//td[7]/div/div/input[1]"}
COMMAND: GET /session/2eb25f1cbe9612d735ab0219d8fb520b/screenshot - {}
RESULT: {"using":"xpath","value":"//td[7]/div/div/input[1]"}
COMMAND: POST /session/2eb25f1cbe9612d735ab0219d8fb520b/element/f.1920C544C16071EF810842AAA08EA988.d.BDFA18C235149EA40E267BA9B9A1FFE2.e.12951/clear - {}
RESULT: {}
RESULT: {}
COMMAND: POST /session/2eb25f1cbe9612d735ab0219d8fb520b/element/f.1920C544C16071EF810842AAA08EA988.d.BDFA18C235149EA40E267BA9B9A1FFE2.e.12951/value - {"text":"200079"}
COMMAND: GET /session/2eb25f1cbe9612d735ab0219d8fb520b/screenshot - {}
RESULT: {"text":"200079"}
COMMAND: GET /session/2eb25f1cbe9612d735ab0219d8fb520b/screenshot - {}
RESULT: {}
RESULT: {}
COMMAND: POST /session/2eb25f1cbe9612d735ab0219d8fb520b/actions - {"actions":[{"id":"action53","type":"key","parameters":{},"actions":[{"type":"keyDown","value":"î€‡"},{"type":"pause","duration":10},{"type":"keyUp","value":"î€‡"}]}]}
RESULT: {"actions":[{"id":"action53","type":"key","parameters":{},"actions":[{"type":"keyDown","value":"î€‡"},{"type":"pause","duration":10},{"type":"keyUp","value":"î€‡"}]}]}
COMMAND: POST /session/2eb25f1cbe9612d735ab0219d8fb520b/execute/async - {"script":"<script> [1562 bytes]","args":[{"selector":{"controlType":"sap.m.Button","properties":{"text":"OK"},"searchOpenDialogs":true,"interaction":{"idSuffix":"BDI-content"}},"wdio_ui5_key":"sapm.Button{\"text\":\"OK\"}"}]}
COMMAND: GET /session/2eb25f1cbe9612d735ab0219d8fb520b/screenshot - {}
RESULT: {"script":"<script> [1562 bytes]","args":[{"selector":{"controlType":"sap.m.Button","properties":{"text":"OK"},"searchOpenDialogs":true,"interaction":{"idSuffix":"BDI-content"}},"wdio_ui5_key":"sapm.Button{\"text\":\"OK\"}"}]}
RESULT: undefined
COMMAND: POST /session/2eb25f1cbe9612d735ab0219d8fb520b/element - {"using":"xpath","value":"//*[@id=\"__mbox-btn-1\"]"}
RESULT: {}
RESULT: {"using":"xpath","value":"//*[@id=\"__mbox-btn-1\"]"}
COMMAND: POST /session/2eb25f1cbe9612d735ab0219d8fb520b/element/f.1920C544C16071EF810842AAA08EA988.d.BDFA18C235149EA40E267BA9B9A1FFE2.e.12972/click - {}
RESULT: {}
COMMAND: POST /session/2eb25f1cbe9612d735ab0219d8fb520b/execute/async - {"script":"<script> [1562 bytes]","args":[{"selector":{"id":"saveBtn","viewName":"etm.portal.ui.managecontracts.view.EditContract","interaction":{"idSuffix":"BDI-content"}},"wdio_ui5_key":"saveBtnetmportal.ui.managecontracts.view.EditContract"}]}
COMMAND: GET /session/2eb25f1cbe9612d735ab0219d8fb520b/screenshot - {}
RESULT: {"script":"<script> [1562 bytes]","args":[{"selector":{"id":"saveBtn","viewName":"etm.portal.ui.managecontracts.view.EditContract","interaction":{"idSuffix":"BDI-content"}},"wdio_ui5_key":"saveBtnetmportal.ui.managecontracts.view.EditContract"}]}
RESULT: undefined
COMMAND: POST /session/2eb25f1cbe9612d735ab0219d8fb520b/element - {"using":"xpath","value":"//*[@id=\"__xmlview64--saveBtn\"]"}
RESULT: {}
RESULT: {"using":"xpath","value":"//*[@id=\"__xmlview64--saveBtn\"]"}
COMMAND: POST /session/2eb25f1cbe9612d735ab0219d8fb520b/element/f.1920C544C16071EF810842AAA08EA988.d.BDFA18C235149EA40E267BA9B9A1FFE2.e.12998/click - {}
RESULT: {}
COMMAND: GET /session/2eb25f1cbe9612d735ab0219d8fb520b/screenshot - {}
RESULT: {}
COMMAND: POST /session/2eb25f1cbe9612d735ab0219d8fb520b/execute/async - {"script":"<script> [1562 bytes]","args":[{"selector":{"id":"additionalAddressesTabFilter","viewName":"etm.portal.ui.managecontracts.view.Detail","interaction":{"idSuffix":"text"}},"wdio_ui5_key":"additionalAddressesTabFilteretmportal.ui.managecontracts.view.Detail"}]}
RESULT: {"script":"<script> [1562 bytes]","args":[{"selector":{"id":"additionalAddressesTabFilter","viewName":"etm.portal.ui.managecontracts.view.Detail","interaction":{"idSuffix":"text"}},"wdio_ui5_key":"additionalAddressesTabFilteretmportal.ui.managecontracts.view.Detail"}]}
RESULT: undefined
COMMAND: POST /session/2eb25f1cbe9612d735ab0219d8fb520b/element - {"using":"xpath","value":"//*[@id=\"__xmlview63--additionalAddressesTabFilter\"]"}
RESULT: {"using":"xpath","value":"//*[@id=\"__xmlview63--additionalAddressesTabFilter\"]"}
COMMAND: POST /session/2eb25f1cbe9612d735ab0219d8fb520b/element/f.1920C544C16071EF810842AAA08EA988.d.BDFA18C235149EA40E267BA9B9A1FFE2.e.13002/click - {}
RESULT: {}
COMMAND: POST /session/2eb25f1cbe9612d735ab0219d8fb520b/execute/async - {"script":"<script> [1562 bytes]","args":[{"selector":{"id":"contractDetailProvideButton","viewName":"etm.portal.ui.managecontracts.view.Detail","interaction":{"idSuffix":"BDI-content"}},"wdio_ui5_key":"contractDetailProvideButtonetmportal.ui.managecontracts.view.Detail"}]}
COMMAND: GET /session/2eb25f1cbe9612d735ab0219d8fb520b/screenshot - {}
RESULT: {"script":"<script> [1562 bytes]","args":[{"selector":{"id":"contractDetailProvideButton","viewName":"etm.portal.ui.managecontracts.view.Detail","interaction":{"idSuffix":"BDI-content"}},"wdio_ui5_key":"contractDetailProvideButtonetmportal.ui.managecontracts.view.Detail"}]}
RESULT: undefined
COMMAND: POST /session/2eb25f1cbe9612d735ab0219d8fb520b/element - {"using":"xpath","value":"//*[@id=\"__xmlview63--contractDetailProvideButton\"]"}
RESULT: {}
RESULT: {"using":"xpath","value":"//*[@id=\"__xmlview63--contractDetailProvideButton\"]"}
COMMAND: POST /session/2eb25f1cbe9612d735ab0219d8fb520b/element/f.1920C544C16071EF810842AAA08EA988.d.BDFA18C235149EA40E267BA9B9A1FFE2.e.13007/click - {}
RESULT: {}
COMMAND: GET /session/2eb25f1cbe9612d735ab0219d8fb520b/screenshot - {}
RESULT: {}
]]></system-out>
    </testcase>
    <testcase classname="chrome.135_0_7049_96.windows.Provide_to_Site_w/_warehouse_management_wo_clarification" name="Should Create HandOvers provide to site" time="80.678">
      <system-out><![CDATA[
COMMAND: POST /session/2eb25f1cbe9612d735ab0219d8fb520b/element - {"using":"css selector","value":"#application-managehandovers-display-component---AddNewHO--dueDate-inner"}
RESULT: {"using":"css selector","value":"#application-managehandovers-display-component---AddNewHO--dueDate-inner"}
COMMAND: POST /session/2eb25f1cbe9612d735ab0219d8fb520b/element/f.1920C544C16071EF810842AAA08EA988.d.BDFA18C235149EA40E267BA9B9A1FFE2.e.13064/clear - {}
RESULT: {}
COMMAND: POST /session/2eb25f1cbe9612d735ab0219d8fb520b/element/f.1920C544C16071EF810842AAA08EA988.d.BDFA18C235149EA40E267BA9B9A1FFE2.e.13064/value - {"text":"4/25/25"}
COMMAND: GET /session/2eb25f1cbe9612d735ab0219d8fb520b/screenshot - {}
RESULT: {"text":"4/25/25"}
COMMAND: POST /session/2eb25f1cbe9612d735ab0219d8fb520b/element - {"using":"xpath","value":"//bdi[(text() = 'Items' or . = 'Items')]"}
COMMAND: GET /session/2eb25f1cbe9612d735ab0219d8fb520b/screenshot - {}
RESULT: {}
RESULT: {"using":"xpath","value":"//bdi[(text() = 'Items' or . = 'Items')]"}
COMMAND: POST /session/2eb25f1cbe9612d735ab0219d8fb520b/element/f.1920C544C16071EF810842AAA08EA988.d.BDFA18C235149EA40E267BA9B9A1FFE2.e.13177/click - {}
RESULT: {}
RESULT: {}
COMMAND: POST /session/2eb25f1cbe9612d735ab0219d8fb520b/execute/async - {"script":"<script> [1562 bytes]","args":[{"selector":{"controlType":"sap.m.Button","viewName":"etm.portal.ui.managehandovers.view.AddNewHO","viewId":"application-managehandovers-display-component---AddNewHO","i18NText":{"propertyName":"tooltip","key":"addItems"}},"wdio_ui5_key":"etmportal.ui.managehandovers.view.AddNewHOsap.m.Button{\"propertyName\":\"tooltip\",\"key\":\"addItems\"}"}]}
COMMAND: GET /session/2eb25f1cbe9612d735ab0219d8fb520b/screenshot - {}
RESULT: {"script":"<script> [1562 bytes]","args":[{"selector":{"controlType":"sap.m.Button","viewName":"etm.portal.ui.managehandovers.view.AddNewHO","viewId":"application-managehandovers-display-component---AddNewHO","i18NText":{"propertyName":"tooltip","key":"addItems"}},"wdio_ui5_key":"etmportal.ui.managehandovers.view.AddNewHOsap.m.Button{\"propertyName\":\"tooltip\",\"key\":\"addItems\"}"}]}
RESULT: undefined
COMMAND: POST /session/2eb25f1cbe9612d735ab0219d8fb520b/element - {"using":"xpath","value":"//*[@id=\"__button354\"]"}
RESULT: {}
RESULT: {"using":"xpath","value":"//*[@id=\"__button354\"]"}
COMMAND: POST /session/2eb25f1cbe9612d735ab0219d8fb520b/element/f.1920C544C16071EF810842AAA08EA988.d.BDFA18C235149EA40E267BA9B9A1FFE2.e.13182/click - {}
RESULT: {}
COMMAND: GET /session/2eb25f1cbe9612d735ab0219d8fb520b/screenshot - {}
RESULT: {}
COMMAND: POST /session/2eb25f1cbe9612d735ab0219d8fb520b/element - {"using":"css selector","value":"div[id= \"application-managehandovers-display-component---AddNewHO--popup-sa-CbBg\"]"}
RESULT: {"using":"css selector","value":"div[id= \"application-managehandovers-display-component---AddNewHO--popup-sa-CbBg\"]"}
COMMAND: POST /session/2eb25f1cbe9612d735ab0219d8fb520b/element/f.1920C544C16071EF810842AAA08EA988.d.BDFA18C235149EA40E267BA9B9A1FFE2.e.13190/click - {}
RESULT: {}
COMMAND: GET /session/2eb25f1cbe9612d735ab0219d8fb520b/screenshot - {}
RESULT: {}
COMMAND: POST /session/2eb25f1cbe9612d735ab0219d8fb520b/element - {"using":"xpath","value":"//bdi[(text() = 'Select' or . = 'Select')]"}
RESULT: {"using":"xpath","value":"//bdi[(text() = 'Select' or . = 'Select')]"}
COMMAND: POST /session/2eb25f1cbe9612d735ab0219d8fb520b/element/f.1920C544C16071EF810842AAA08EA988.d.BDFA18C235149EA40E267BA9B9A1FFE2.e.13191/click - {}
RESULT: {}
COMMAND: GET /session/2eb25f1cbe9612d735ab0219d8fb520b/screenshot - {}
RESULT: {}
COMMAND: POST /session/2eb25f1cbe9612d735ab0219d8fb520b/element - {"using":"xpath","value":"//bdi[(text() = 'Save' or . = 'Save')]"}
RESULT: {"using":"xpath","value":"//bdi[(text() = 'Save' or . = 'Save')]"}
COMMAND: POST /session/2eb25f1cbe9612d735ab0219d8fb520b/element/f.1920C544C16071EF810842AAA08EA988.d.BDFA18C235149EA40E267BA9B9A1FFE2.e.13199/click - {}
RESULT: {}
COMMAND: GET /session/2eb25f1cbe9612d735ab0219d8fb520b/screenshot - {}
RESULT: {}
COMMAND: POST /session/2eb25f1cbe9612d735ab0219d8fb520b/elements - {"using":"xpath","value":"//*[text()='Close']"}
RESULT: {"using":"xpath","value":"//*[text()='Close']"}
COMMAND: GET /session/2eb25f1cbe9612d735ab0219d8fb520b/element/f.1920C544C16071EF810842AAA08EA988.d.BDFA18C235149EA40E267BA9B9A1FFE2.e.13242/enabled - {}
RESULT: {}
COMMAND: POST /session/2eb25f1cbe9612d735ab0219d8fb520b/execute/sync - {"script":"<script> [8489 bytes]","args":[{"element-6066-11e4-a52e-4f735466cecf":"f.1920C544C16071EF810842AAA08EA988.d.BDFA18C235149EA40E267BA9B9A1FFE2.e.13242","ELEMENT":"f.1920C544C16071EF810842AAA08EA988.d.BDFA18C235149EA40E267BA9B9A1FFE2.e.13242"}]}
COMMAND: GET /session/2eb25f1cbe9612d735ab0219d8fb520b/screenshot - {}
RESULT: {"script":"<script> [8489 bytes]","args":[{"element-6066-11e4-a52e-4f735466cecf":"f.1920C544C16071EF810842AAA08EA988.d.BDFA18C235149EA40E267BA9B9A1FFE2.e.13242","ELEMENT":"f.1920C544C16071EF810842AAA08EA988.d.BDFA18C235149EA40E267BA9B9A1FFE2.e.13242"}]}
COMMAND: GET /session/2eb25f1cbe9612d735ab0219d8fb520b/screenshot - {}
RESULT: {}
COMMAND: POST /session/2eb25f1cbe9612d735ab0219d8fb520b/execute/sync - {"script":"<script> [8489 bytes]","args":[{"element-6066-11e4-a52e-4f735466cecf":"f.1920C544C16071EF810842AAA08EA988.d.BDFA18C235149EA40E267BA9B9A1FFE2.e.13242","ELEMENT":"f.1920C544C16071EF810842AAA08EA988.d.BDFA18C235149EA40E267BA9B9A1FFE2.e.13242"}]}
RESULT: {}
RESULT: {"script":"<script> [8489 bytes]","args":[{"element-6066-11e4-a52e-4f735466cecf":"f.1920C544C16071EF810842AAA08EA988.d.BDFA18C235149EA40E267BA9B9A1FFE2.e.13242","ELEMENT":"f.1920C544C16071EF810842AAA08EA988.d.BDFA18C235149EA40E267BA9B9A1FFE2.e.13242"}]}
COMMAND: GET /session/2eb25f1cbe9612d735ab0219d8fb520b/screenshot - {}
RESULT: {}
COMMAND: POST /session/2eb25f1cbe9612d735ab0219d8fb520b/execute/sync - {"script":"<script> [8489 bytes]","args":[{"element-6066-11e4-a52e-4f735466cecf":"f.1920C544C16071EF810842AAA08EA988.d.BDFA18C235149EA40E267BA9B9A1FFE2.e.13242","ELEMENT":"f.1920C544C16071EF810842AAA08EA988.d.BDFA18C235149EA40E267BA9B9A1FFE2.e.13242"}]}
RESULT: {"script":"<script> [8489 bytes]","args":[{"element-6066-11e4-a52e-4f735466cecf":"f.1920C544C16071EF810842AAA08EA988.d.BDFA18C235149EA40E267BA9B9A1FFE2.e.13242","ELEMENT":"f.1920C544C16071EF810842AAA08EA988.d.BDFA18C235149EA40E267BA9B9A1FFE2.e.13242"}]}
COMMAND: GET /session/2eb25f1cbe9612d735ab0219d8fb520b/screenshot - {}
RESULT: {}
COMMAND: POST /session/2eb25f1cbe9612d735ab0219d8fb520b/execute/sync - {"script":"<script> [8489 bytes]","args":[{"element-6066-11e4-a52e-4f735466cecf":"f.1920C544C16071EF810842AAA08EA988.d.BDFA18C235149EA40E267BA9B9A1FFE2.e.13242","ELEMENT":"f.1920C544C16071EF810842AAA08EA988.d.BDFA18C235149EA40E267BA9B9A1FFE2.e.13242"}]}
RESULT: {"script":"<script> [8489 bytes]","args":[{"element-6066-11e4-a52e-4f735466cecf":"f.1920C544C16071EF810842AAA08EA988.d.BDFA18C235149EA40E267BA9B9A1FFE2.e.13242","ELEMENT":"f.1920C544C16071EF810842AAA08EA988.d.BDFA18C235149EA40E267BA9B9A1FFE2.e.13242"}]}
COMMAND: GET /session/2eb25f1cbe9612d735ab0219d8fb520b/screenshot - {}
RESULT: {}
COMMAND: POST /session/2eb25f1cbe9612d735ab0219d8fb520b/execute/sync - {"script":"<script> [8489 bytes]","args":[{"element-6066-11e4-a52e-4f735466cecf":"f.1920C544C16071EF810842AAA08EA988.d.BDFA18C235149EA40E267BA9B9A1FFE2.e.13242","ELEMENT":"f.1920C544C16071EF810842AAA08EA988.d.BDFA18C235149EA40E267BA9B9A1FFE2.e.13242"}]}
RESULT: {"script":"<script> [8489 bytes]","args":[{"element-6066-11e4-a52e-4f735466cecf":"f.1920C544C16071EF810842AAA08EA988.d.BDFA18C235149EA40E267BA9B9A1FFE2.e.13242","ELEMENT":"f.1920C544C16071EF810842AAA08EA988.d.BDFA18C235149EA40E267BA9B9A1FFE2.e.13242"}]}
COMMAND: GET /session/2eb25f1cbe9612d735ab0219d8fb520b/screenshot - {}
RESULT: {}
COMMAND: POST /session/2eb25f1cbe9612d735ab0219d8fb520b/execute/sync - {"script":"<script> [8489 bytes]","args":[{"element-6066-11e4-a52e-4f735466cecf":"f.1920C544C16071EF810842AAA08EA988.d.BDFA18C235149EA40E267BA9B9A1FFE2.e.13242","ELEMENT":"f.1920C544C16071EF810842AAA08EA988.d.BDFA18C235149EA40E267BA9B9A1FFE2.e.13242"}]}
RESULT: {"script":"<script> [8489 bytes]","args":[{"element-6066-11e4-a52e-4f735466cecf":"f.1920C544C16071EF810842AAA08EA988.d.BDFA18C235149EA40E267BA9B9A1FFE2.e.13242","ELEMENT":"f.1920C544C16071EF810842AAA08EA988.d.BDFA18C235149EA40E267BA9B9A1FFE2.e.13242"}]}
COMMAND: GET /session/2eb25f1cbe9612d735ab0219d8fb520b/screenshot - {}
RESULT: {}
COMMAND: POST /session/2eb25f1cbe9612d735ab0219d8fb520b/execute/sync - {"script":"<script> [8489 bytes]","args":[{"element-6066-11e4-a52e-4f735466cecf":"f.1920C544C16071EF810842AAA08EA988.d.BDFA18C235149EA40E267BA9B9A1FFE2.e.13242","ELEMENT":"f.1920C544C16071EF810842AAA08EA988.d.BDFA18C235149EA40E267BA9B9A1FFE2.e.13242"}]}
RESULT: {"script":"<script> [8489 bytes]","args":[{"element-6066-11e4-a52e-4f735466cecf":"f.1920C544C16071EF810842AAA08EA988.d.BDFA18C235149EA40E267BA9B9A1FFE2.e.13242","ELEMENT":"f.1920C544C16071EF810842AAA08EA988.d.BDFA18C235149EA40E267BA9B9A1FFE2.e.13242"}]}
COMMAND: GET /session/2eb25f1cbe9612d735ab0219d8fb520b/screenshot - {}
RESULT: {}
COMMAND: POST /session/2eb25f1cbe9612d735ab0219d8fb520b/execute/sync - {"script":"<script> [8489 bytes]","args":[{"element-6066-11e4-a52e-4f735466cecf":"f.1920C544C16071EF810842AAA08EA988.d.BDFA18C235149EA40E267BA9B9A1FFE2.e.13242","ELEMENT":"f.1920C544C16071EF810842AAA08EA988.d.BDFA18C235149EA40E267BA9B9A1FFE2.e.13242"}]}
RESULT: {"script":"<script> [8489 bytes]","args":[{"element-6066-11e4-a52e-4f735466cecf":"f.1920C544C16071EF810842AAA08EA988.d.BDFA18C235149EA40E267BA9B9A1FFE2.e.13242","ELEMENT":"f.1920C544C16071EF810842AAA08EA988.d.BDFA18C235149EA40E267BA9B9A1FFE2.e.13242"}]}
COMMAND: GET /session/2eb25f1cbe9612d735ab0219d8fb520b/screenshot - {}
RESULT: {}
COMMAND: POST /session/2eb25f1cbe9612d735ab0219d8fb520b/execute/sync - {"script":"<script> [8489 bytes]","args":[{"element-6066-11e4-a52e-4f735466cecf":"f.1920C544C16071EF810842AAA08EA988.d.BDFA18C235149EA40E267BA9B9A1FFE2.e.13242","ELEMENT":"f.1920C544C16071EF810842AAA08EA988.d.BDFA18C235149EA40E267BA9B9A1FFE2.e.13242"}]}
RESULT: {"script":"<script> [8489 bytes]","args":[{"element-6066-11e4-a52e-4f735466cecf":"f.1920C544C16071EF810842AAA08EA988.d.BDFA18C235149EA40E267BA9B9A1FFE2.e.13242","ELEMENT":"f.1920C544C16071EF810842AAA08EA988.d.BDFA18C235149EA40E267BA9B9A1FFE2.e.13242"}]}
COMMAND: GET /session/2eb25f1cbe9612d735ab0219d8fb520b/screenshot - {}
RESULT: {}
COMMAND: POST /session/2eb25f1cbe9612d735ab0219d8fb520b/execute/sync - {"script":"<script> [8489 bytes]","args":[{"element-6066-11e4-a52e-4f735466cecf":"f.1920C544C16071EF810842AAA08EA988.d.BDFA18C235149EA40E267BA9B9A1FFE2.e.13242","ELEMENT":"f.1920C544C16071EF810842AAA08EA988.d.BDFA18C235149EA40E267BA9B9A1FFE2.e.13242"}]}
RESULT: {"script":"<script> [8489 bytes]","args":[{"element-6066-11e4-a52e-4f735466cecf":"f.1920C544C16071EF810842AAA08EA988.d.BDFA18C235149EA40E267BA9B9A1FFE2.e.13242","ELEMENT":"f.1920C544C16071EF810842AAA08EA988.d.BDFA18C235149EA40E267BA9B9A1FFE2.e.13242"}]}
COMMAND: GET /session/2eb25f1cbe9612d735ab0219d8fb520b/screenshot - {}
RESULT: {}
COMMAND: POST /session/2eb25f1cbe9612d735ab0219d8fb520b/execute/sync - {"script":"<script> [8489 bytes]","args":[{"element-6066-11e4-a52e-4f735466cecf":"f.1920C544C16071EF810842AAA08EA988.d.BDFA18C235149EA40E267BA9B9A1FFE2.e.13242","ELEMENT":"f.1920C544C16071EF810842AAA08EA988.d.BDFA18C235149EA40E267BA9B9A1FFE2.e.13242"}]}
RESULT: {"script":"<script> [8489 bytes]","args":[{"element-6066-11e4-a52e-4f735466cecf":"f.1920C544C16071EF810842AAA08EA988.d.BDFA18C235149EA40E267BA9B9A1FFE2.e.13242","ELEMENT":"f.1920C544C16071EF810842AAA08EA988.d.BDFA18C235149EA40E267BA9B9A1FFE2.e.13242"}]}
COMMAND: GET /session/2eb25f1cbe9612d735ab0219d8fb520b/screenshot - {}
RESULT: {}
COMMAND: POST /session/2eb25f1cbe9612d735ab0219d8fb520b/execute/sync - {"script":"<script> [8489 bytes]","args":[{"element-6066-11e4-a52e-4f735466cecf":"f.1920C544C16071EF810842AAA08EA988.d.BDFA18C235149EA40E267BA9B9A1FFE2.e.13242","ELEMENT":"f.1920C544C16071EF810842AAA08EA988.d.BDFA18C235149EA40E267BA9B9A1FFE2.e.13242"}]}
RESULT: {"script":"<script> [8489 bytes]","args":[{"element-6066-11e4-a52e-4f735466cecf":"f.1920C544C16071EF810842AAA08EA988.d.BDFA18C235149EA40E267BA9B9A1FFE2.e.13242","ELEMENT":"f.1920C544C16071EF810842AAA08EA988.d.BDFA18C235149EA40E267BA9B9A1FFE2.e.13242"}]}
COMMAND: GET /session/2eb25f1cbe9612d735ab0219d8fb520b/screenshot - {}
RESULT: {}
COMMAND: POST /session/2eb25f1cbe9612d735ab0219d8fb520b/execute/sync - {"script":"<script> [8489 bytes]","args":[{"element-6066-11e4-a52e-4f735466cecf":"f.1920C544C16071EF810842AAA08EA988.d.BDFA18C235149EA40E267BA9B9A1FFE2.e.13242","ELEMENT":"f.1920C544C16071EF810842AAA08EA988.d.BDFA18C235149EA40E267BA9B9A1FFE2.e.13242"}]}
RESULT: {"script":"<script> [8489 bytes]","args":[{"element-6066-11e4-a52e-4f735466cecf":"f.1920C544C16071EF810842AAA08EA988.d.BDFA18C235149EA40E267BA9B9A1FFE2.e.13242","ELEMENT":"f.1920C544C16071EF810842AAA08EA988.d.BDFA18C235149EA40E267BA9B9A1FFE2.e.13242"}]}
COMMAND: GET /session/2eb25f1cbe9612d735ab0219d8fb520b/screenshot - {}
RESULT: {}
COMMAND: POST /session/2eb25f1cbe9612d735ab0219d8fb520b/execute/sync - {"script":"<script> [8489 bytes]","args":[{"element-6066-11e4-a52e-4f735466cecf":"f.1920C544C16071EF810842AAA08EA988.d.BDFA18C235149EA40E267BA9B9A1FFE2.e.13242","ELEMENT":"f.1920C544C16071EF810842AAA08EA988.d.BDFA18C235149EA40E267BA9B9A1FFE2.e.13242"}]}
RESULT: {"script":"<script> [8489 bytes]","args":[{"element-6066-11e4-a52e-4f735466cecf":"f.1920C544C16071EF810842AAA08EA988.d.BDFA18C235149EA40E267BA9B9A1FFE2.e.13242","ELEMENT":"f.1920C544C16071EF810842AAA08EA988.d.BDFA18C235149EA40E267BA9B9A1FFE2.e.13242"}]}
COMMAND: GET /session/2eb25f1cbe9612d735ab0219d8fb520b/screenshot - {}
RESULT: {}
COMMAND: POST /session/2eb25f1cbe9612d735ab0219d8fb520b/execute/sync - {"script":"<script> [8489 bytes]","args":[{"element-6066-11e4-a52e-4f735466cecf":"f.1920C544C16071EF810842AAA08EA988.d.BDFA18C235149EA40E267BA9B9A1FFE2.e.13242","ELEMENT":"f.1920C544C16071EF810842AAA08EA988.d.BDFA18C235149EA40E267BA9B9A1FFE2.e.13242"}]}
RESULT: {"script":"<script> [8489 bytes]","args":[{"element-6066-11e4-a52e-4f735466cecf":"f.1920C544C16071EF810842AAA08EA988.d.BDFA18C235149EA40E267BA9B9A1FFE2.e.13242","ELEMENT":"f.1920C544C16071EF810842AAA08EA988.d.BDFA18C235149EA40E267BA9B9A1FFE2.e.13242"}]}
COMMAND: GET /session/2eb25f1cbe9612d735ab0219d8fb520b/screenshot - {}
RESULT: {}
COMMAND: POST /session/2eb25f1cbe9612d735ab0219d8fb520b/execute/sync - {"script":"<script> [8489 bytes]","args":[{"element-6066-11e4-a52e-4f735466cecf":"f.1920C544C16071EF810842AAA08EA988.d.BDFA18C235149EA40E267BA9B9A1FFE2.e.13242","ELEMENT":"f.1920C544C16071EF810842AAA08EA988.d.BDFA18C235149EA40E267BA9B9A1FFE2.e.13242"}]}
RESULT: {"script":"<script> [8489 bytes]","args":[{"element-6066-11e4-a52e-4f735466cecf":"f.1920C544C16071EF810842AAA08EA988.d.BDFA18C235149EA40E267BA9B9A1FFE2.e.13242","ELEMENT":"f.1920C544C16071EF810842AAA08EA988.d.BDFA18C235149EA40E267BA9B9A1FFE2.e.13242"}]}
COMMAND: GET /session/2eb25f1cbe9612d735ab0219d8fb520b/screenshot - {}
RESULT: {}
COMMAND: POST /session/2eb25f1cbe9612d735ab0219d8fb520b/execute/sync - {"script":"<script> [8489 bytes]","args":[{"element-6066-11e4-a52e-4f735466cecf":"f.1920C544C16071EF810842AAA08EA988.d.BDFA18C235149EA40E267BA9B9A1FFE2.e.13242","ELEMENT":"f.1920C544C16071EF810842AAA08EA988.d.BDFA18C235149EA40E267BA9B9A1FFE2.e.13242"}]}
RESULT: {"script":"<script> [8489 bytes]","args":[{"element-6066-11e4-a52e-4f735466cecf":"f.1920C544C16071EF810842AAA08EA988.d.BDFA18C235149EA40E267BA9B9A1FFE2.e.13242","ELEMENT":"f.1920C544C16071EF810842AAA08EA988.d.BDFA18C235149EA40E267BA9B9A1FFE2.e.13242"}]}
COMMAND: GET /session/2eb25f1cbe9612d735ab0219d8fb520b/screenshot - {}
RESULT: {}
COMMAND: POST /session/2eb25f1cbe9612d735ab0219d8fb520b/execute/sync - {"script":"<script> [8489 bytes]","args":[{"element-6066-11e4-a52e-4f735466cecf":"f.1920C544C16071EF810842AAA08EA988.d.BDFA18C235149EA40E267BA9B9A1FFE2.e.13242","ELEMENT":"f.1920C544C16071EF810842AAA08EA988.d.BDFA18C235149EA40E267BA9B9A1FFE2.e.13242"}]}
RESULT: {"script":"<script> [8489 bytes]","args":[{"element-6066-11e4-a52e-4f735466cecf":"f.1920C544C16071EF810842AAA08EA988.d.BDFA18C235149EA40E267BA9B9A1FFE2.e.13242","ELEMENT":"f.1920C544C16071EF810842AAA08EA988.d.BDFA18C235149EA40E267BA9B9A1FFE2.e.13242"}]}
COMMAND: GET /session/2eb25f1cbe9612d735ab0219d8fb520b/screenshot - {}
RESULT: {}
COMMAND: POST /session/2eb25f1cbe9612d735ab0219d8fb520b/execute/sync - {"script":"<script> [8489 bytes]","args":[{"element-6066-11e4-a52e-4f735466cecf":"f.1920C544C16071EF810842AAA08EA988.d.BDFA18C235149EA40E267BA9B9A1FFE2.e.13242","ELEMENT":"f.1920C544C16071EF810842AAA08EA988.d.BDFA18C235149EA40E267BA9B9A1FFE2.e.13242"}]}
RESULT: {"script":"<script> [8489 bytes]","args":[{"element-6066-11e4-a52e-4f735466cecf":"f.1920C544C16071EF810842AAA08EA988.d.BDFA18C235149EA40E267BA9B9A1FFE2.e.13242","ELEMENT":"f.1920C544C16071EF810842AAA08EA988.d.BDFA18C235149EA40E267BA9B9A1FFE2.e.13242"}]}
COMMAND: GET /session/2eb25f1cbe9612d735ab0219d8fb520b/screenshot - {}
RESULT: {}
COMMAND: POST /session/2eb25f1cbe9612d735ab0219d8fb520b/execute/sync - {"script":"<script> [8489 bytes]","args":[{"element-6066-11e4-a52e-4f735466cecf":"f.1920C544C16071EF810842AAA08EA988.d.BDFA18C235149EA40E267BA9B9A1FFE2.e.13242","ELEMENT":"f.1920C544C16071EF810842AAA08EA988.d.BDFA18C235149EA40E267BA9B9A1FFE2.e.13242"}]}
RESULT: {"script":"<script> [8489 bytes]","args":[{"element-6066-11e4-a52e-4f735466cecf":"f.1920C544C16071EF810842AAA08EA988.d.BDFA18C235149EA40E267BA9B9A1FFE2.e.13242","ELEMENT":"f.1920C544C16071EF810842AAA08EA988.d.BDFA18C235149EA40E267BA9B9A1FFE2.e.13242"}]}
COMMAND: GET /session/2eb25f1cbe9612d735ab0219d8fb520b/screenshot - {}
RESULT: {}
COMMAND: POST /session/2eb25f1cbe9612d735ab0219d8fb520b/execute/sync - {"script":"<script> [8489 bytes]","args":[{"element-6066-11e4-a52e-4f735466cecf":"f.1920C544C16071EF810842AAA08EA988.d.BDFA18C235149EA40E267BA9B9A1FFE2.e.13242","ELEMENT":"f.1920C544C16071EF810842AAA08EA988.d.BDFA18C235149EA40E267BA9B9A1FFE2.e.13242"}]}
RESULT: {"script":"<script> [8489 bytes]","args":[{"element-6066-11e4-a52e-4f735466cecf":"f.1920C544C16071EF810842AAA08EA988.d.BDFA18C235149EA40E267BA9B9A1FFE2.e.13242","ELEMENT":"f.1920C544C16071EF810842AAA08EA988.d.BDFA18C235149EA40E267BA9B9A1FFE2.e.13242"}]}
COMMAND: GET /session/2eb25f1cbe9612d735ab0219d8fb520b/screenshot - {}
RESULT: {}
COMMAND: POST /session/2eb25f1cbe9612d735ab0219d8fb520b/execute/sync - {"script":"<script> [8489 bytes]","args":[{"element-6066-11e4-a52e-4f735466cecf":"f.1920C544C16071EF810842AAA08EA988.d.BDFA18C235149EA40E267BA9B9A1FFE2.e.13242","ELEMENT":"f.1920C544C16071EF810842AAA08EA988.d.BDFA18C235149EA40E267BA9B9A1FFE2.e.13242"}]}
RESULT: {"script":"<script> [8489 bytes]","args":[{"element-6066-11e4-a52e-4f735466cecf":"f.1920C544C16071EF810842AAA08EA988.d.BDFA18C235149EA40E267BA9B9A1FFE2.e.13242","ELEMENT":"f.1920C544C16071EF810842AAA08EA988.d.BDFA18C235149EA40E267BA9B9A1FFE2.e.13242"}]}
COMMAND: GET /session/2eb25f1cbe9612d735ab0219d8fb520b/screenshot - {}
RESULT: {}
COMMAND: POST /session/2eb25f1cbe9612d735ab0219d8fb520b/execute/sync - {"script":"<script> [8489 bytes]","args":[{"element-6066-11e4-a52e-4f735466cecf":"f.1920C544C16071EF810842AAA08EA988.d.BDFA18C235149EA40E267BA9B9A1FFE2.e.13242","ELEMENT":"f.1920C544C16071EF810842AAA08EA988.d.BDFA18C235149EA40E267BA9B9A1FFE2.e.13242"}]}
RESULT: {"script":"<script> [8489 bytes]","args":[{"element-6066-11e4-a52e-4f735466cecf":"f.1920C544C16071EF810842AAA08EA988.d.BDFA18C235149EA40E267BA9B9A1FFE2.e.13242","ELEMENT":"f.1920C544C16071EF810842AAA08EA988.d.BDFA18C235149EA40E267BA9B9A1FFE2.e.13242"}]}
COMMAND: GET /session/2eb25f1cbe9612d735ab0219d8fb520b/screenshot - {}
RESULT: {}
COMMAND: POST /session/2eb25f1cbe9612d735ab0219d8fb520b/execute/sync - {"script":"<script> [8489 bytes]","args":[{"element-6066-11e4-a52e-4f735466cecf":"f.1920C544C16071EF810842AAA08EA988.d.BDFA18C235149EA40E267BA9B9A1FFE2.e.13242","ELEMENT":"f.1920C544C16071EF810842AAA08EA988.d.BDFA18C235149EA40E267BA9B9A1FFE2.e.13242"}]}
RESULT: {"script":"<script> [8489 bytes]","args":[{"element-6066-11e4-a52e-4f735466cecf":"f.1920C544C16071EF810842AAA08EA988.d.BDFA18C235149EA40E267BA9B9A1FFE2.e.13242","ELEMENT":"f.1920C544C16071EF810842AAA08EA988.d.BDFA18C235149EA40E267BA9B9A1FFE2.e.13242"}]}
COMMAND: GET /session/2eb25f1cbe9612d735ab0219d8fb520b/screenshot - {}
RESULT: {}
COMMAND: POST /session/2eb25f1cbe9612d735ab0219d8fb520b/execute/sync - {"script":"<script> [8489 bytes]","args":[{"element-6066-11e4-a52e-4f735466cecf":"f.1920C544C16071EF810842AAA08EA988.d.BDFA18C235149EA40E267BA9B9A1FFE2.e.13242","ELEMENT":"f.1920C544C16071EF810842AAA08EA988.d.BDFA18C235149EA40E267BA9B9A1FFE2.e.13242"}]}
RESULT: {"script":"<script> [8489 bytes]","args":[{"element-6066-11e4-a52e-4f735466cecf":"f.1920C544C16071EF810842AAA08EA988.d.BDFA18C235149EA40E267BA9B9A1FFE2.e.13242","ELEMENT":"f.1920C544C16071EF810842AAA08EA988.d.BDFA18C235149EA40E267BA9B9A1FFE2.e.13242"}]}
COMMAND: GET /session/2eb25f1cbe9612d735ab0219d8fb520b/screenshot - {}
RESULT: {}
COMMAND: POST /session/2eb25f1cbe9612d735ab0219d8fb520b/execute/sync - {"script":"<script> [8489 bytes]","args":[{"element-6066-11e4-a52e-4f735466cecf":"f.1920C544C16071EF810842AAA08EA988.d.BDFA18C235149EA40E267BA9B9A1FFE2.e.13242","ELEMENT":"f.1920C544C16071EF810842AAA08EA988.d.BDFA18C235149EA40E267BA9B9A1FFE2.e.13242"}]}
RESULT: {"script":"<script> [8489 bytes]","args":[{"element-6066-11e4-a52e-4f735466cecf":"f.1920C544C16071EF810842AAA08EA988.d.BDFA18C235149EA40E267BA9B9A1FFE2.e.13242","ELEMENT":"f.1920C544C16071EF810842AAA08EA988.d.BDFA18C235149EA40E267BA9B9A1FFE2.e.13242"}]}
COMMAND: GET /session/2eb25f1cbe9612d735ab0219d8fb520b/screenshot - {}
RESULT: {}
COMMAND: POST /session/2eb25f1cbe9612d735ab0219d8fb520b/execute/sync - {"script":"<script> [8489 bytes]","args":[{"element-6066-11e4-a52e-4f735466cecf":"f.1920C544C16071EF810842AAA08EA988.d.BDFA18C235149EA40E267BA9B9A1FFE2.e.13242","ELEMENT":"f.1920C544C16071EF810842AAA08EA988.d.BDFA18C235149EA40E267BA9B9A1FFE2.e.13242"}]}
RESULT: {"script":"<script> [8489 bytes]","args":[{"element-6066-11e4-a52e-4f735466cecf":"f.1920C544C16071EF810842AAA08EA988.d.BDFA18C235149EA40E267BA9B9A1FFE2.e.13242","ELEMENT":"f.1920C544C16071EF810842AAA08EA988.d.BDFA18C235149EA40E267BA9B9A1FFE2.e.13242"}]}
COMMAND: GET /session/2eb25f1cbe9612d735ab0219d8fb520b/screenshot - {}
RESULT: {}
COMMAND: POST /session/2eb25f1cbe9612d735ab0219d8fb520b/execute/sync - {"script":"<script> [8489 bytes]","args":[{"element-6066-11e4-a52e-4f735466cecf":"f.1920C544C16071EF810842AAA08EA988.d.BDFA18C235149EA40E267BA9B9A1FFE2.e.13242","ELEMENT":"f.1920C544C16071EF810842AAA08EA988.d.BDFA18C235149EA40E267BA9B9A1FFE2.e.13242"}]}
RESULT: {"script":"<script> [8489 bytes]","args":[{"element-6066-11e4-a52e-4f735466cecf":"f.1920C544C16071EF810842AAA08EA988.d.BDFA18C235149EA40E267BA9B9A1FFE2.e.13242","ELEMENT":"f.1920C544C16071EF810842AAA08EA988.d.BDFA18C235149EA40E267BA9B9A1FFE2.e.13242"}]}
COMMAND: GET /session/2eb25f1cbe9612d735ab0219d8fb520b/screenshot - {}
RESULT: {}
COMMAND: POST /session/2eb25f1cbe9612d735ab0219d8fb520b/execute/sync - {"script":"<script> [8489 bytes]","args":[{"element-6066-11e4-a52e-4f735466cecf":"f.1920C544C16071EF810842AAA08EA988.d.BDFA18C235149EA40E267BA9B9A1FFE2.e.13242","ELEMENT":"f.1920C544C16071EF810842AAA08EA988.d.BDFA18C235149EA40E267BA9B9A1FFE2.e.13242"}]}
RESULT: {"script":"<script> [8489 bytes]","args":[{"element-6066-11e4-a52e-4f735466cecf":"f.1920C544C16071EF810842AAA08EA988.d.BDFA18C235149EA40E267BA9B9A1FFE2.e.13242","ELEMENT":"f.1920C544C16071EF810842AAA08EA988.d.BDFA18C235149EA40E267BA9B9A1FFE2.e.13242"}]}
COMMAND: GET /session/2eb25f1cbe9612d735ab0219d8fb520b/screenshot - {}
RESULT: {}
COMMAND: POST /session/2eb25f1cbe9612d735ab0219d8fb520b/execute/sync - {"script":"<script> [8489 bytes]","args":[{"element-6066-11e4-a52e-4f735466cecf":"f.1920C544C16071EF810842AAA08EA988.d.BDFA18C235149EA40E267BA9B9A1FFE2.e.13242","ELEMENT":"f.1920C544C16071EF810842AAA08EA988.d.BDFA18C235149EA40E267BA9B9A1FFE2.e.13242"}]}
RESULT: {"script":"<script> [8489 bytes]","args":[{"element-6066-11e4-a52e-4f735466cecf":"f.1920C544C16071EF810842AAA08EA988.d.BDFA18C235149EA40E267BA9B9A1FFE2.e.13242","ELEMENT":"f.1920C544C16071EF810842AAA08EA988.d.BDFA18C235149EA40E267BA9B9A1FFE2.e.13242"}]}
COMMAND: GET /session/2eb25f1cbe9612d735ab0219d8fb520b/screenshot - {}
RESULT: {}
COMMAND: POST /session/2eb25f1cbe9612d735ab0219d8fb520b/execute/sync - {"script":"<script> [8489 bytes]","args":[{"element-6066-11e4-a52e-4f735466cecf":"f.1920C544C16071EF810842AAA08EA988.d.BDFA18C235149EA40E267BA9B9A1FFE2.e.13242","ELEMENT":"f.1920C544C16071EF810842AAA08EA988.d.BDFA18C235149EA40E267BA9B9A1FFE2.e.13242"}]}
RESULT: {"script":"<script> [8489 bytes]","args":[{"element-6066-11e4-a52e-4f735466cecf":"f.1920C544C16071EF810842AAA08EA988.d.BDFA18C235149EA40E267BA9B9A1FFE2.e.13242","ELEMENT":"f.1920C544C16071EF810842AAA08EA988.d.BDFA18C235149EA40E267BA9B9A1FFE2.e.13242"}]}
COMMAND: GET /session/2eb25f1cbe9612d735ab0219d8fb520b/screenshot - {}
RESULT: {}
COMMAND: POST /session/2eb25f1cbe9612d735ab0219d8fb520b/execute/sync - {"script":"<script> [8489 bytes]","args":[{"element-6066-11e4-a52e-4f735466cecf":"f.1920C544C16071EF810842AAA08EA988.d.BDFA18C235149EA40E267BA9B9A1FFE2.e.13242","ELEMENT":"f.1920C544C16071EF810842AAA08EA988.d.BDFA18C235149EA40E267BA9B9A1FFE2.e.13242"}]}
RESULT: {"script":"<script> [8489 bytes]","args":[{"element-6066-11e4-a52e-4f735466cecf":"f.1920C544C16071EF810842AAA08EA988.d.BDFA18C235149EA40E267BA9B9A1FFE2.e.13242","ELEMENT":"f.1920C544C16071EF810842AAA08EA988.d.BDFA18C235149EA40E267BA9B9A1FFE2.e.13242"}]}
COMMAND: GET /session/2eb25f1cbe9612d735ab0219d8fb520b/screenshot - {}
RESULT: {}
COMMAND: POST /session/2eb25f1cbe9612d735ab0219d8fb520b/execute/sync - {"script":"<script> [8489 bytes]","args":[{"element-6066-11e4-a52e-4f735466cecf":"f.1920C544C16071EF810842AAA08EA988.d.BDFA18C235149EA40E267BA9B9A1FFE2.e.13242","ELEMENT":"f.1920C544C16071EF810842AAA08EA988.d.BDFA18C235149EA40E267BA9B9A1FFE2.e.13242"}]}
RESULT: {"script":"<script> [8489 bytes]","args":[{"element-6066-11e4-a52e-4f735466cecf":"f.1920C544C16071EF810842AAA08EA988.d.BDFA18C235149EA40E267BA9B9A1FFE2.e.13242","ELEMENT":"f.1920C544C16071EF810842AAA08EA988.d.BDFA18C235149EA40E267BA9B9A1FFE2.e.13242"}]}
COMMAND: GET /session/2eb25f1cbe9612d735ab0219d8fb520b/screenshot - {}
RESULT: {}
COMMAND: POST /session/2eb25f1cbe9612d735ab0219d8fb520b/execute/sync - {"script":"<script> [8489 bytes]","args":[{"element-6066-11e4-a52e-4f735466cecf":"f.1920C544C16071EF810842AAA08EA988.d.BDFA18C235149EA40E267BA9B9A1FFE2.e.13242","ELEMENT":"f.1920C544C16071EF810842AAA08EA988.d.BDFA18C235149EA40E267BA9B9A1FFE2.e.13242"}]}
RESULT: {"script":"<script> [8489 bytes]","args":[{"element-6066-11e4-a52e-4f735466cecf":"f.1920C544C16071EF810842AAA08EA988.d.BDFA18C235149EA40E267BA9B9A1FFE2.e.13242","ELEMENT":"f.1920C544C16071EF810842AAA08EA988.d.BDFA18C235149EA40E267BA9B9A1FFE2.e.13242"}]}
COMMAND: GET /session/2eb25f1cbe9612d735ab0219d8fb520b/screenshot - {}
RESULT: {}
COMMAND: POST /session/2eb25f1cbe9612d735ab0219d8fb520b/execute/sync - {"script":"<script> [8489 bytes]","args":[{"element-6066-11e4-a52e-4f735466cecf":"f.1920C544C16071EF810842AAA08EA988.d.BDFA18C235149EA40E267BA9B9A1FFE2.e.13242","ELEMENT":"f.1920C544C16071EF810842AAA08EA988.d.BDFA18C235149EA40E267BA9B9A1FFE2.e.13242"}]}
RESULT: {"script":"<script> [8489 bytes]","args":[{"element-6066-11e4-a52e-4f735466cecf":"f.1920C544C16071EF810842AAA08EA988.d.BDFA18C235149EA40E267BA9B9A1FFE2.e.13242","ELEMENT":"f.1920C544C16071EF810842AAA08EA988.d.BDFA18C235149EA40E267BA9B9A1FFE2.e.13242"}]}
COMMAND: GET /session/2eb25f1cbe9612d735ab0219d8fb520b/screenshot - {}
RESULT: {}
COMMAND: POST /session/2eb25f1cbe9612d735ab0219d8fb520b/execute/sync - {"script":"<script> [8489 bytes]","args":[{"element-6066-11e4-a52e-4f735466cecf":"f.1920C544C16071EF810842AAA08EA988.d.BDFA18C235149EA40E267BA9B9A1FFE2.e.13242","ELEMENT":"f.1920C544C16071EF810842AAA08EA988.d.BDFA18C235149EA40E267BA9B9A1FFE2.e.13242"}]}
RESULT: {"script":"<script> [8489 bytes]","args":[{"element-6066-11e4-a52e-4f735466cecf":"f.1920C544C16071EF810842AAA08EA988.d.BDFA18C235149EA40E267BA9B9A1FFE2.e.13242","ELEMENT":"f.1920C544C16071EF810842AAA08EA988.d.BDFA18C235149EA40E267BA9B9A1FFE2.e.13242"}]}
COMMAND: GET /session/2eb25f1cbe9612d735ab0219d8fb520b/screenshot - {}
COMMAND: POST /session/2eb25f1cbe9612d735ab0219d8fb520b/execute/sync - {"script":"<script> [8489 bytes]","args":[{"element-6066-11e4-a52e-4f735466cecf":"f.1920C544C16071EF810842AAA08EA988.d.BDFA18C235149EA40E267BA9B9A1FFE2.e.13242","ELEMENT":"f.1920C544C16071EF810842AAA08EA988.d.BDFA18C235149EA40E267BA9B9A1FFE2.e.13242"}]}
RESULT: {}
RESULT: {"script":"<script> [8489 bytes]","args":[{"element-6066-11e4-a52e-4f735466cecf":"f.1920C544C16071EF810842AAA08EA988.d.BDFA18C235149EA40E267BA9B9A1FFE2.e.13242","ELEMENT":"f.1920C544C16071EF810842AAA08EA988.d.BDFA18C235149EA40E267BA9B9A1FFE2.e.13242"}]}
COMMAND: GET /session/2eb25f1cbe9612d735ab0219d8fb520b/screenshot - {}
RESULT: {}
COMMAND: POST /session/2eb25f1cbe9612d735ab0219d8fb520b/execute/sync - {"script":"<script> [8489 bytes]","args":[{"element-6066-11e4-a52e-4f735466cecf":"f.1920C544C16071EF810842AAA08EA988.d.BDFA18C235149EA40E267BA9B9A1FFE2.e.13242","ELEMENT":"f.1920C544C16071EF810842AAA08EA988.d.BDFA18C235149EA40E267BA9B9A1FFE2.e.13242"}]}
RESULT: {"script":"<script> [8489 bytes]","args":[{"element-6066-11e4-a52e-4f735466cecf":"f.1920C544C16071EF810842AAA08EA988.d.BDFA18C235149EA40E267BA9B9A1FFE2.e.13242","ELEMENT":"f.1920C544C16071EF810842AAA08EA988.d.BDFA18C235149EA40E267BA9B9A1FFE2.e.13242"}]}
COMMAND: GET /session/2eb25f1cbe9612d735ab0219d8fb520b/screenshot - {}
RESULT: {}
COMMAND: POST /session/2eb25f1cbe9612d735ab0219d8fb520b/execute/sync - {"script":"<script> [8489 bytes]","args":[{"element-6066-11e4-a52e-4f735466cecf":"f.1920C544C16071EF810842AAA08EA988.d.BDFA18C235149EA40E267BA9B9A1FFE2.e.13242","ELEMENT":"f.1920C544C16071EF810842AAA08EA988.d.BDFA18C235149EA40E267BA9B9A1FFE2.e.13242"}]}
RESULT: {"script":"<script> [8489 bytes]","args":[{"element-6066-11e4-a52e-4f735466cecf":"f.1920C544C16071EF810842AAA08EA988.d.BDFA18C235149EA40E267BA9B9A1FFE2.e.13242","ELEMENT":"f.1920C544C16071EF810842AAA08EA988.d.BDFA18C235149EA40E267BA9B9A1FFE2.e.13242"}]}
COMMAND: GET /session/2eb25f1cbe9612d735ab0219d8fb520b/screenshot - {}
RESULT: {}
COMMAND: POST /session/2eb25f1cbe9612d735ab0219d8fb520b/execute/sync - {"script":"<script> [8489 bytes]","args":[{"element-6066-11e4-a52e-4f735466cecf":"f.1920C544C16071EF810842AAA08EA988.d.BDFA18C235149EA40E267BA9B9A1FFE2.e.13242","ELEMENT":"f.1920C544C16071EF810842AAA08EA988.d.BDFA18C235149EA40E267BA9B9A1FFE2.e.13242"}]}
RESULT: {"script":"<script> [8489 bytes]","args":[{"element-6066-11e4-a52e-4f735466cecf":"f.1920C544C16071EF810842AAA08EA988.d.BDFA18C235149EA40E267BA9B9A1FFE2.e.13242","ELEMENT":"f.1920C544C16071EF810842AAA08EA988.d.BDFA18C235149EA40E267BA9B9A1FFE2.e.13242"}]}
COMMAND: GET /session/2eb25f1cbe9612d735ab0219d8fb520b/screenshot - {}
RESULT: {}
COMMAND: POST /session/2eb25f1cbe9612d735ab0219d8fb520b/execute/sync - {"script":"<script> [8489 bytes]","args":[{"element-6066-11e4-a52e-4f735466cecf":"f.1920C544C16071EF810842AAA08EA988.d.BDFA18C235149EA40E267BA9B9A1FFE2.e.13242","ELEMENT":"f.1920C544C16071EF810842AAA08EA988.d.BDFA18C235149EA40E267BA9B9A1FFE2.e.13242"}]}
RESULT: {"script":"<script> [8489 bytes]","args":[{"element-6066-11e4-a52e-4f735466cecf":"f.1920C544C16071EF810842AAA08EA988.d.BDFA18C235149EA40E267BA9B9A1FFE2.e.13242","ELEMENT":"f.1920C544C16071EF810842AAA08EA988.d.BDFA18C235149EA40E267BA9B9A1FFE2.e.13242"}]}
COMMAND: GET /session/2eb25f1cbe9612d735ab0219d8fb520b/screenshot - {}
RESULT: {}
COMMAND: POST /session/2eb25f1cbe9612d735ab0219d8fb520b/execute/sync - {"script":"<script> [8489 bytes]","args":[{"element-6066-11e4-a52e-4f735466cecf":"f.1920C544C16071EF810842AAA08EA988.d.BDFA18C235149EA40E267BA9B9A1FFE2.e.13242","ELEMENT":"f.1920C544C16071EF810842AAA08EA988.d.BDFA18C235149EA40E267BA9B9A1FFE2.e.13242"}]}
RESULT: {"script":"<script> [8489 bytes]","args":[{"element-6066-11e4-a52e-4f735466cecf":"f.1920C544C16071EF810842AAA08EA988.d.BDFA18C235149EA40E267BA9B9A1FFE2.e.13242","ELEMENT":"f.1920C544C16071EF810842AAA08EA988.d.BDFA18C235149EA40E267BA9B9A1FFE2.e.13242"}]}
COMMAND: GET /session/2eb25f1cbe9612d735ab0219d8fb520b/screenshot - {}
RESULT: {}
COMMAND: POST /session/2eb25f1cbe9612d735ab0219d8fb520b/execute/sync - {"script":"<script> [8489 bytes]","args":[{"element-6066-11e4-a52e-4f735466cecf":"f.1920C544C16071EF810842AAA08EA988.d.BDFA18C235149EA40E267BA9B9A1FFE2.e.13242","ELEMENT":"f.1920C544C16071EF810842AAA08EA988.d.BDFA18C235149EA40E267BA9B9A1FFE2.e.13242"}]}
RESULT: {"script":"<script> [8489 bytes]","args":[{"element-6066-11e4-a52e-4f735466cecf":"f.1920C544C16071EF810842AAA08EA988.d.BDFA18C235149EA40E267BA9B9A1FFE2.e.13242","ELEMENT":"f.1920C544C16071EF810842AAA08EA988.d.BDFA18C235149EA40E267BA9B9A1FFE2.e.13242"}]}
COMMAND: GET /session/2eb25f1cbe9612d735ab0219d8fb520b/screenshot - {}
RESULT: {}
COMMAND: POST /session/2eb25f1cbe9612d735ab0219d8fb520b/execute/sync - {"script":"<script> [8489 bytes]","args":[{"element-6066-11e4-a52e-4f735466cecf":"f.1920C544C16071EF810842AAA08EA988.d.BDFA18C235149EA40E267BA9B9A1FFE2.e.13242","ELEMENT":"f.1920C544C16071EF810842AAA08EA988.d.BDFA18C235149EA40E267BA9B9A1FFE2.e.13242"}]}
RESULT: {"script":"<script> [8489 bytes]","args":[{"element-6066-11e4-a52e-4f735466cecf":"f.1920C544C16071EF810842AAA08EA988.d.BDFA18C235149EA40E267BA9B9A1FFE2.e.13242","ELEMENT":"f.1920C544C16071EF810842AAA08EA988.d.BDFA18C235149EA40E267BA9B9A1FFE2.e.13242"}]}
COMMAND: GET /session/2eb25f1cbe9612d735ab0219d8fb520b/screenshot - {}
RESULT: {}
COMMAND: POST /session/2eb25f1cbe9612d735ab0219d8fb520b/execute/sync - {"script":"<script> [8489 bytes]","args":[{"element-6066-11e4-a52e-4f735466cecf":"f.1920C544C16071EF810842AAA08EA988.d.BDFA18C235149EA40E267BA9B9A1FFE2.e.13242","ELEMENT":"f.1920C544C16071EF810842AAA08EA988.d.BDFA18C235149EA40E267BA9B9A1FFE2.e.13242"}]}
RESULT: {"script":"<script> [8489 bytes]","args":[{"element-6066-11e4-a52e-4f735466cecf":"f.1920C544C16071EF810842AAA08EA988.d.BDFA18C235149EA40E267BA9B9A1FFE2.e.13242","ELEMENT":"f.1920C544C16071EF810842AAA08EA988.d.BDFA18C235149EA40E267BA9B9A1FFE2.e.13242"}]}
COMMAND: GET /session/2eb25f1cbe9612d735ab0219d8fb520b/screenshot - {}
RESULT: {}
COMMAND: POST /session/2eb25f1cbe9612d735ab0219d8fb520b/execute/sync - {"script":"<script> [8489 bytes]","args":[{"element-6066-11e4-a52e-4f735466cecf":"f.1920C544C16071EF810842AAA08EA988.d.BDFA18C235149EA40E267BA9B9A1FFE2.e.13242","ELEMENT":"f.1920C544C16071EF810842AAA08EA988.d.BDFA18C235149EA40E267BA9B9A1FFE2.e.13242"}]}
RESULT: {"script":"<script> [8489 bytes]","args":[{"element-6066-11e4-a52e-4f735466cecf":"f.1920C544C16071EF810842AAA08EA988.d.BDFA18C235149EA40E267BA9B9A1FFE2.e.13242","ELEMENT":"f.1920C544C16071EF810842AAA08EA988.d.BDFA18C235149EA40E267BA9B9A1FFE2.e.13242"}]}
COMMAND: GET /session/2eb25f1cbe9612d735ab0219d8fb520b/screenshot - {}
RESULT: {}
COMMAND: POST /session/2eb25f1cbe9612d735ab0219d8fb520b/execute/sync - {"script":"<script> [8489 bytes]","args":[{"element-6066-11e4-a52e-4f735466cecf":"f.1920C544C16071EF810842AAA08EA988.d.BDFA18C235149EA40E267BA9B9A1FFE2.e.13242","ELEMENT":"f.1920C544C16071EF810842AAA08EA988.d.BDFA18C235149EA40E267BA9B9A1FFE2.e.13242"}]}
RESULT: {"script":"<script> [8489 bytes]","args":[{"element-6066-11e4-a52e-4f735466cecf":"f.1920C544C16071EF810842AAA08EA988.d.BDFA18C235149EA40E267BA9B9A1FFE2.e.13242","ELEMENT":"f.1920C544C16071EF810842AAA08EA988.d.BDFA18C235149EA40E267BA9B9A1FFE2.e.13242"}]}
COMMAND: GET /session/2eb25f1cbe9612d735ab0219d8fb520b/screenshot - {}
RESULT: {}
COMMAND: POST /session/2eb25f1cbe9612d735ab0219d8fb520b/execute/sync - {"script":"<script> [8489 bytes]","args":[{"element-6066-11e4-a52e-4f735466cecf":"f.1920C544C16071EF810842AAA08EA988.d.BDFA18C235149EA40E267BA9B9A1FFE2.e.13242","ELEMENT":"f.1920C544C16071EF810842AAA08EA988.d.BDFA18C235149EA40E267BA9B9A1FFE2.e.13242"}]}
RESULT: {"script":"<script> [8489 bytes]","args":[{"element-6066-11e4-a52e-4f735466cecf":"f.1920C544C16071EF810842AAA08EA988.d.BDFA18C235149EA40E267BA9B9A1FFE2.e.13242","ELEMENT":"f.1920C544C16071EF810842AAA08EA988.d.BDFA18C235149EA40E267BA9B9A1FFE2.e.13242"}]}
COMMAND: GET /session/2eb25f1cbe9612d735ab0219d8fb520b/screenshot - {}
RESULT: {}
COMMAND: POST /session/2eb25f1cbe9612d735ab0219d8fb520b/execute/sync - {"script":"<script> [8489 bytes]","args":[{"element-6066-11e4-a52e-4f735466cecf":"f.1920C544C16071EF810842AAA08EA988.d.BDFA18C235149EA40E267BA9B9A1FFE2.e.13242","ELEMENT":"f.1920C544C16071EF810842AAA08EA988.d.BDFA18C235149EA40E267BA9B9A1FFE2.e.13242"}]}
RESULT: {"script":"<script> [8489 bytes]","args":[{"element-6066-11e4-a52e-4f735466cecf":"f.1920C544C16071EF810842AAA08EA988.d.BDFA18C235149EA40E267BA9B9A1FFE2.e.13242","ELEMENT":"f.1920C544C16071EF810842AAA08EA988.d.BDFA18C235149EA40E267BA9B9A1FFE2.e.13242"}]}
COMMAND: GET /session/2eb25f1cbe9612d735ab0219d8fb520b/screenshot - {}
RESULT: {}
COMMAND: POST /session/2eb25f1cbe9612d735ab0219d8fb520b/execute/sync - {"script":"<script> [8489 bytes]","args":[{"element-6066-11e4-a52e-4f735466cecf":"f.1920C544C16071EF810842AAA08EA988.d.BDFA18C235149EA40E267BA9B9A1FFE2.e.13242","ELEMENT":"f.1920C544C16071EF810842AAA08EA988.d.BDFA18C235149EA40E267BA9B9A1FFE2.e.13242"}]}
RESULT: {"script":"<script> [8489 bytes]","args":[{"element-6066-11e4-a52e-4f735466cecf":"f.1920C544C16071EF810842AAA08EA988.d.BDFA18C235149EA40E267BA9B9A1FFE2.e.13242","ELEMENT":"f.1920C544C16071EF810842AAA08EA988.d.BDFA18C235149EA40E267BA9B9A1FFE2.e.13242"}]}
COMMAND: GET /session/2eb25f1cbe9612d735ab0219d8fb520b/screenshot - {}
RESULT: {}
COMMAND: POST /session/2eb25f1cbe9612d735ab0219d8fb520b/execute/sync - {"script":"<script> [8489 bytes]","args":[{"element-6066-11e4-a52e-4f735466cecf":"f.1920C544C16071EF810842AAA08EA988.d.BDFA18C235149EA40E267BA9B9A1FFE2.e.13242","ELEMENT":"f.1920C544C16071EF810842AAA08EA988.d.BDFA18C235149EA40E267BA9B9A1FFE2.e.13242"}]}
RESULT: {"script":"<script> [8489 bytes]","args":[{"element-6066-11e4-a52e-4f735466cecf":"f.1920C544C16071EF810842AAA08EA988.d.BDFA18C235149EA40E267BA9B9A1FFE2.e.13242","ELEMENT":"f.1920C544C16071EF810842AAA08EA988.d.BDFA18C235149EA40E267BA9B9A1FFE2.e.13242"}]}
COMMAND: GET /session/2eb25f1cbe9612d735ab0219d8fb520b/screenshot - {}
RESULT: {}
COMMAND: POST /session/2eb25f1cbe9612d735ab0219d8fb520b/execute/sync - {"script":"<script> [8489 bytes]","args":[{"element-6066-11e4-a52e-4f735466cecf":"f.1920C544C16071EF810842AAA08EA988.d.BDFA18C235149EA40E267BA9B9A1FFE2.e.13242","ELEMENT":"f.1920C544C16071EF810842AAA08EA988.d.BDFA18C235149EA40E267BA9B9A1FFE2.e.13242"}]}
RESULT: {"script":"<script> [8489 bytes]","args":[{"element-6066-11e4-a52e-4f735466cecf":"f.1920C544C16071EF810842AAA08EA988.d.BDFA18C235149EA40E267BA9B9A1FFE2.e.13242","ELEMENT":"f.1920C544C16071EF810842AAA08EA988.d.BDFA18C235149EA40E267BA9B9A1FFE2.e.13242"}]}
COMMAND: GET /session/2eb25f1cbe9612d735ab0219d8fb520b/screenshot - {}
RESULT: {}
COMMAND: POST /session/2eb25f1cbe9612d735ab0219d8fb520b/execute/sync - {"script":"<script> [8489 bytes]","args":[{"element-6066-11e4-a52e-4f735466cecf":"f.1920C544C16071EF810842AAA08EA988.d.BDFA18C235149EA40E267BA9B9A1FFE2.e.13242","ELEMENT":"f.1920C544C16071EF810842AAA08EA988.d.BDFA18C235149EA40E267BA9B9A1FFE2.e.13242"}]}
RESULT: {"script":"<script> [8489 bytes]","args":[{"element-6066-11e4-a52e-4f735466cecf":"f.1920C544C16071EF810842AAA08EA988.d.BDFA18C235149EA40E267BA9B9A1FFE2.e.13242","ELEMENT":"f.1920C544C16071EF810842AAA08EA988.d.BDFA18C235149EA40E267BA9B9A1FFE2.e.13242"}]}
COMMAND: GET /session/2eb25f1cbe9612d735ab0219d8fb520b/screenshot - {}
RESULT: {}
COMMAND: POST /session/2eb25f1cbe9612d735ab0219d8fb520b/execute/sync - {"script":"<script> [8489 bytes]","args":[{"element-6066-11e4-a52e-4f735466cecf":"f.1920C544C16071EF810842AAA08EA988.d.BDFA18C235149EA40E267BA9B9A1FFE2.e.13242","ELEMENT":"f.1920C544C16071EF810842AAA08EA988.d.BDFA18C235149EA40E267BA9B9A1FFE2.e.13242"}]}
RESULT: {"script":"<script> [8489 bytes]","args":[{"element-6066-11e4-a52e-4f735466cecf":"f.1920C544C16071EF810842AAA08EA988.d.BDFA18C235149EA40E267BA9B9A1FFE2.e.13242","ELEMENT":"f.1920C544C16071EF810842AAA08EA988.d.BDFA18C235149EA40E267BA9B9A1FFE2.e.13242"}]}
COMMAND: GET /session/2eb25f1cbe9612d735ab0219d8fb520b/screenshot - {}
RESULT: {}
COMMAND: POST /session/2eb25f1cbe9612d735ab0219d8fb520b/execute/sync - {"script":"<script> [8489 bytes]","args":[{"element-6066-11e4-a52e-4f735466cecf":"f.1920C544C16071EF810842AAA08EA988.d.BDFA18C235149EA40E267BA9B9A1FFE2.e.13242","ELEMENT":"f.1920C544C16071EF810842AAA08EA988.d.BDFA18C235149EA40E267BA9B9A1FFE2.e.13242"}]}
RESULT: {"script":"<script> [8489 bytes]","args":[{"element-6066-11e4-a52e-4f735466cecf":"f.1920C544C16071EF810842AAA08EA988.d.BDFA18C235149EA40E267BA9B9A1FFE2.e.13242","ELEMENT":"f.1920C544C16071EF810842AAA08EA988.d.BDFA18C235149EA40E267BA9B9A1FFE2.e.13242"}]}
COMMAND: GET /session/2eb25f1cbe9612d735ab0219d8fb520b/screenshot - {}
RESULT: {}
COMMAND: POST /session/2eb25f1cbe9612d735ab0219d8fb520b/execute/sync - {"script":"<script> [8489 bytes]","args":[{"element-6066-11e4-a52e-4f735466cecf":"f.1920C544C16071EF810842AAA08EA988.d.BDFA18C235149EA40E267BA9B9A1FFE2.e.13242","ELEMENT":"f.1920C544C16071EF810842AAA08EA988.d.BDFA18C235149EA40E267BA9B9A1FFE2.e.13242"}]}
RESULT: {"script":"<script> [8489 bytes]","args":[{"element-6066-11e4-a52e-4f735466cecf":"f.1920C544C16071EF810842AAA08EA988.d.BDFA18C235149EA40E267BA9B9A1FFE2.e.13242","ELEMENT":"f.1920C544C16071EF810842AAA08EA988.d.BDFA18C235149EA40E267BA9B9A1FFE2.e.13242"}]}
COMMAND: GET /session/2eb25f1cbe9612d735ab0219d8fb520b/screenshot - {}
RESULT: {}
COMMAND: POST /session/2eb25f1cbe9612d735ab0219d8fb520b/execute/sync - {"script":"<script> [8489 bytes]","args":[{"element-6066-11e4-a52e-4f735466cecf":"f.1920C544C16071EF810842AAA08EA988.d.BDFA18C235149EA40E267BA9B9A1FFE2.e.13242","ELEMENT":"f.1920C544C16071EF810842AAA08EA988.d.BDFA18C235149EA40E267BA9B9A1FFE2.e.13242"}]}
RESULT: {"script":"<script> [8489 bytes]","args":[{"element-6066-11e4-a52e-4f735466cecf":"f.1920C544C16071EF810842AAA08EA988.d.BDFA18C235149EA40E267BA9B9A1FFE2.e.13242","ELEMENT":"f.1920C544C16071EF810842AAA08EA988.d.BDFA18C235149EA40E267BA9B9A1FFE2.e.13242"}]}
COMMAND: GET /session/2eb25f1cbe9612d735ab0219d8fb520b/screenshot - {}
RESULT: {}
COMMAND: POST /session/2eb25f1cbe9612d735ab0219d8fb520b/execute/sync - {"script":"<script> [8489 bytes]","args":[{"element-6066-11e4-a52e-4f735466cecf":"f.1920C544C16071EF810842AAA08EA988.d.BDFA18C235149EA40E267BA9B9A1FFE2.e.13242","ELEMENT":"f.1920C544C16071EF810842AAA08EA988.d.BDFA18C235149EA40E267BA9B9A1FFE2.e.13242"}]}
RESULT: {"script":"<script> [8489 bytes]","args":[{"element-6066-11e4-a52e-4f735466cecf":"f.1920C544C16071EF810842AAA08EA988.d.BDFA18C235149EA40E267BA9B9A1FFE2.e.13242","ELEMENT":"f.1920C544C16071EF810842AAA08EA988.d.BDFA18C235149EA40E267BA9B9A1FFE2.e.13242"}]}
COMMAND: GET /session/2eb25f1cbe9612d735ab0219d8fb520b/screenshot - {}
RESULT: {}
COMMAND: POST /session/2eb25f1cbe9612d735ab0219d8fb520b/execute/sync - {"script":"<script> [8489 bytes]","args":[{"element-6066-11e4-a52e-4f735466cecf":"f.1920C544C16071EF810842AAA08EA988.d.BDFA18C235149EA40E267BA9B9A1FFE2.e.13242","ELEMENT":"f.1920C544C16071EF810842AAA08EA988.d.BDFA18C235149EA40E267BA9B9A1FFE2.e.13242"}]}
RESULT: {"script":"<script> [8489 bytes]","args":[{"element-6066-11e4-a52e-4f735466cecf":"f.1920C544C16071EF810842AAA08EA988.d.BDFA18C235149EA40E267BA9B9A1FFE2.e.13242","ELEMENT":"f.1920C544C16071EF810842AAA08EA988.d.BDFA18C235149EA40E267BA9B9A1FFE2.e.13242"}]}
COMMAND: GET /session/2eb25f1cbe9612d735ab0219d8fb520b/screenshot - {}
RESULT: {}
COMMAND: POST /session/2eb25f1cbe9612d735ab0219d8fb520b/execute/sync - {"script":"<script> [8489 bytes]","args":[{"element-6066-11e4-a52e-4f735466cecf":"f.1920C544C16071EF810842AAA08EA988.d.BDFA18C235149EA40E267BA9B9A1FFE2.e.13242","ELEMENT":"f.1920C544C16071EF810842AAA08EA988.d.BDFA18C235149EA40E267BA9B9A1FFE2.e.13242"}]}
RESULT: {"script":"<script> [8489 bytes]","args":[{"element-6066-11e4-a52e-4f735466cecf":"f.1920C544C16071EF810842AAA08EA988.d.BDFA18C235149EA40E267BA9B9A1FFE2.e.13242","ELEMENT":"f.1920C544C16071EF810842AAA08EA988.d.BDFA18C235149EA40E267BA9B9A1FFE2.e.13242"}]}
COMMAND: GET /session/2eb25f1cbe9612d735ab0219d8fb520b/screenshot - {}
RESULT: {}
COMMAND: POST /session/2eb25f1cbe9612d735ab0219d8fb520b/execute/sync - {"script":"<script> [8489 bytes]","args":[{"element-6066-11e4-a52e-4f735466cecf":"f.1920C544C16071EF810842AAA08EA988.d.BDFA18C235149EA40E267BA9B9A1FFE2.e.13242","ELEMENT":"f.1920C544C16071EF810842AAA08EA988.d.BDFA18C235149EA40E267BA9B9A1FFE2.e.13242"}]}
RESULT: {"script":"<script> [8489 bytes]","args":[{"element-6066-11e4-a52e-4f735466cecf":"f.1920C544C16071EF810842AAA08EA988.d.BDFA18C235149EA40E267BA9B9A1FFE2.e.13242","ELEMENT":"f.1920C544C16071EF810842AAA08EA988.d.BDFA18C235149EA40E267BA9B9A1FFE2.e.13242"}]}
COMMAND: GET /session/2eb25f1cbe9612d735ab0219d8fb520b/screenshot - {}
RESULT: {}
COMMAND: POST /session/2eb25f1cbe9612d735ab0219d8fb520b/execute/sync - {"script":"<script> [8489 bytes]","args":[{"element-6066-11e4-a52e-4f735466cecf":"f.1920C544C16071EF810842AAA08EA988.d.BDFA18C235149EA40E267BA9B9A1FFE2.e.13242","ELEMENT":"f.1920C544C16071EF810842AAA08EA988.d.BDFA18C235149EA40E267BA9B9A1FFE2.e.13242"}]}
RESULT: {"script":"<script> [8489 bytes]","args":[{"element-6066-11e4-a52e-4f735466cecf":"f.1920C544C16071EF810842AAA08EA988.d.BDFA18C235149EA40E267BA9B9A1FFE2.e.13242","ELEMENT":"f.1920C544C16071EF810842AAA08EA988.d.BDFA18C235149EA40E267BA9B9A1FFE2.e.13242"}]}
COMMAND: GET /session/2eb25f1cbe9612d735ab0219d8fb520b/screenshot - {}
RESULT: {}
COMMAND: POST /session/2eb25f1cbe9612d735ab0219d8fb520b/execute/sync - {"script":"<script> [8489 bytes]","args":[{"element-6066-11e4-a52e-4f735466cecf":"f.1920C544C16071EF810842AAA08EA988.d.BDFA18C235149EA40E267BA9B9A1FFE2.e.13242","ELEMENT":"f.1920C544C16071EF810842AAA08EA988.d.BDFA18C235149EA40E267BA9B9A1FFE2.e.13242"}]}
RESULT: {"script":"<script> [8489 bytes]","args":[{"element-6066-11e4-a52e-4f735466cecf":"f.1920C544C16071EF810842AAA08EA988.d.BDFA18C235149EA40E267BA9B9A1FFE2.e.13242","ELEMENT":"f.1920C544C16071EF810842AAA08EA988.d.BDFA18C235149EA40E267BA9B9A1FFE2.e.13242"}]}
COMMAND: GET /session/2eb25f1cbe9612d735ab0219d8fb520b/screenshot - {}
RESULT: {}
COMMAND: POST /session/2eb25f1cbe9612d735ab0219d8fb520b/execute/sync - {"script":"<script> [8489 bytes]","args":[{"element-6066-11e4-a52e-4f735466cecf":"f.1920C544C16071EF810842AAA08EA988.d.BDFA18C235149EA40E267BA9B9A1FFE2.e.13242","ELEMENT":"f.1920C544C16071EF810842AAA08EA988.d.BDFA18C235149EA40E267BA9B9A1FFE2.e.13242"}]}
RESULT: {"script":"<script> [8489 bytes]","args":[{"element-6066-11e4-a52e-4f735466cecf":"f.1920C544C16071EF810842AAA08EA988.d.BDFA18C235149EA40E267BA9B9A1FFE2.e.13242","ELEMENT":"f.1920C544C16071EF810842AAA08EA988.d.BDFA18C235149EA40E267BA9B9A1FFE2.e.13242"}]}
COMMAND: GET /session/2eb25f1cbe9612d735ab0219d8fb520b/screenshot - {}
RESULT: {}
COMMAND: POST /session/2eb25f1cbe9612d735ab0219d8fb520b/execute/sync - {"script":"<script> [8489 bytes]","args":[{"element-6066-11e4-a52e-4f735466cecf":"f.1920C544C16071EF810842AAA08EA988.d.BDFA18C235149EA40E267BA9B9A1FFE2.e.13242","ELEMENT":"f.1920C544C16071EF810842AAA08EA988.d.BDFA18C235149EA40E267BA9B9A1FFE2.e.13242"}]}
RESULT: {"script":"<script> [8489 bytes]","args":[{"element-6066-11e4-a52e-4f735466cecf":"f.1920C544C16071EF810842AAA08EA988.d.BDFA18C235149EA40E267BA9B9A1FFE2.e.13242","ELEMENT":"f.1920C544C16071EF810842AAA08EA988.d.BDFA18C235149EA40E267BA9B9A1FFE2.e.13242"}]}
COMMAND: GET /session/2eb25f1cbe9612d735ab0219d8fb520b/screenshot - {}
RESULT: {}
COMMAND: POST /session/2eb25f1cbe9612d735ab0219d8fb520b/execute/sync - {"script":"<script> [8489 bytes]","args":[{"element-6066-11e4-a52e-4f735466cecf":"f.1920C544C16071EF810842AAA08EA988.d.BDFA18C235149EA40E267BA9B9A1FFE2.e.13242","ELEMENT":"f.1920C544C16071EF810842AAA08EA988.d.BDFA18C235149EA40E267BA9B9A1FFE2.e.13242"}]}
RESULT: {"script":"<script> [8489 bytes]","args":[{"element-6066-11e4-a52e-4f735466cecf":"f.1920C544C16071EF810842AAA08EA988.d.BDFA18C235149EA40E267BA9B9A1FFE2.e.13242","ELEMENT":"f.1920C544C16071EF810842AAA08EA988.d.BDFA18C235149EA40E267BA9B9A1FFE2.e.13242"}]}
COMMAND: GET /session/2eb25f1cbe9612d735ab0219d8fb520b/screenshot - {}
RESULT: {}
COMMAND: POST /session/2eb25f1cbe9612d735ab0219d8fb520b/execute/sync - {"script":"<script> [8489 bytes]","args":[{"element-6066-11e4-a52e-4f735466cecf":"f.1920C544C16071EF810842AAA08EA988.d.BDFA18C235149EA40E267BA9B9A1FFE2.e.13242","ELEMENT":"f.1920C544C16071EF810842AAA08EA988.d.BDFA18C235149EA40E267BA9B9A1FFE2.e.13242"}]}
RESULT: {"script":"<script> [8489 bytes]","args":[{"element-6066-11e4-a52e-4f735466cecf":"f.1920C544C16071EF810842AAA08EA988.d.BDFA18C235149EA40E267BA9B9A1FFE2.e.13242","ELEMENT":"f.1920C544C16071EF810842AAA08EA988.d.BDFA18C235149EA40E267BA9B9A1FFE2.e.13242"}]}
COMMAND: GET /session/2eb25f1cbe9612d735ab0219d8fb520b/screenshot - {}
RESULT: {}
COMMAND: POST /session/2eb25f1cbe9612d735ab0219d8fb520b/execute/sync - {"script":"<script> [8489 bytes]","args":[{"element-6066-11e4-a52e-4f735466cecf":"f.1920C544C16071EF810842AAA08EA988.d.BDFA18C235149EA40E267BA9B9A1FFE2.e.13242","ELEMENT":"f.1920C544C16071EF810842AAA08EA988.d.BDFA18C235149EA40E267BA9B9A1FFE2.e.13242"}]}
RESULT: {"script":"<script> [8489 bytes]","args":[{"element-6066-11e4-a52e-4f735466cecf":"f.1920C544C16071EF810842AAA08EA988.d.BDFA18C235149EA40E267BA9B9A1FFE2.e.13242","ELEMENT":"f.1920C544C16071EF810842AAA08EA988.d.BDFA18C235149EA40E267BA9B9A1FFE2.e.13242"}]}
COMMAND: GET /session/2eb25f1cbe9612d735ab0219d8fb520b/screenshot - {}
RESULT: {}
COMMAND: POST /session/2eb25f1cbe9612d735ab0219d8fb520b/execute/sync - {"script":"<script> [8489 bytes]","args":[{"element-6066-11e4-a52e-4f735466cecf":"f.1920C544C16071EF810842AAA08EA988.d.BDFA18C235149EA40E267BA9B9A1FFE2.e.13242","ELEMENT":"f.1920C544C16071EF810842AAA08EA988.d.BDFA18C235149EA40E267BA9B9A1FFE2.e.13242"}]}
RESULT: {"script":"<script> [8489 bytes]","args":[{"element-6066-11e4-a52e-4f735466cecf":"f.1920C544C16071EF810842AAA08EA988.d.BDFA18C235149EA40E267BA9B9A1FFE2.e.13242","ELEMENT":"f.1920C544C16071EF810842AAA08EA988.d.BDFA18C235149EA40E267BA9B9A1FFE2.e.13242"}]}
COMMAND: GET /session/2eb25f1cbe9612d735ab0219d8fb520b/screenshot - {}
RESULT: {}
COMMAND: POST /session/2eb25f1cbe9612d735ab0219d8fb520b/execute/sync - {"script":"<script> [8489 bytes]","args":[{"element-6066-11e4-a52e-4f735466cecf":"f.1920C544C16071EF810842AAA08EA988.d.BDFA18C235149EA40E267BA9B9A1FFE2.e.13242","ELEMENT":"f.1920C544C16071EF810842AAA08EA988.d.BDFA18C235149EA40E267BA9B9A1FFE2.e.13242"}]}
RESULT: {"script":"<script> [8489 bytes]","args":[{"element-6066-11e4-a52e-4f735466cecf":"f.1920C544C16071EF810842AAA08EA988.d.BDFA18C235149EA40E267BA9B9A1FFE2.e.13242","ELEMENT":"f.1920C544C16071EF810842AAA08EA988.d.BDFA18C235149EA40E267BA9B9A1FFE2.e.13242"}]}
COMMAND: GET /session/2eb25f1cbe9612d735ab0219d8fb520b/screenshot - {}
RESULT: {}
COMMAND: POST /session/2eb25f1cbe9612d735ab0219d8fb520b/execute/sync - {"script":"<script> [8489 bytes]","args":[{"element-6066-11e4-a52e-4f735466cecf":"f.1920C544C16071EF810842AAA08EA988.d.BDFA18C235149EA40E267BA9B9A1FFE2.e.13242","ELEMENT":"f.1920C544C16071EF810842AAA08EA988.d.BDFA18C235149EA40E267BA9B9A1FFE2.e.13242"}]}
RESULT: {"script":"<script> [8489 bytes]","args":[{"element-6066-11e4-a52e-4f735466cecf":"f.1920C544C16071EF810842AAA08EA988.d.BDFA18C235149EA40E267BA9B9A1FFE2.e.13242","ELEMENT":"f.1920C544C16071EF810842AAA08EA988.d.BDFA18C235149EA40E267BA9B9A1FFE2.e.13242"}]}
COMMAND: GET /session/2eb25f1cbe9612d735ab0219d8fb520b/screenshot - {}
RESULT: {}
COMMAND: POST /session/2eb25f1cbe9612d735ab0219d8fb520b/execute/sync - {"script":"<script> [8489 bytes]","args":[{"element-6066-11e4-a52e-4f735466cecf":"f.1920C544C16071EF810842AAA08EA988.d.BDFA18C235149EA40E267BA9B9A1FFE2.e.13242","ELEMENT":"f.1920C544C16071EF810842AAA08EA988.d.BDFA18C235149EA40E267BA9B9A1FFE2.e.13242"}]}
RESULT: {"script":"<script> [8489 bytes]","args":[{"element-6066-11e4-a52e-4f735466cecf":"f.1920C544C16071EF810842AAA08EA988.d.BDFA18C235149EA40E267BA9B9A1FFE2.e.13242","ELEMENT":"f.1920C544C16071EF810842AAA08EA988.d.BDFA18C235149EA40E267BA9B9A1FFE2.e.13242"}]}
COMMAND: GET /session/2eb25f1cbe9612d735ab0219d8fb520b/screenshot - {}
COMMAND: POST /session/2eb25f1cbe9612d735ab0219d8fb520b/execute/sync - {"script":"<script> [8489 bytes]","args":[{"element-6066-11e4-a52e-4f735466cecf":"f.1920C544C16071EF810842AAA08EA988.d.BDFA18C235149EA40E267BA9B9A1FFE2.e.13242","ELEMENT":"f.1920C544C16071EF810842AAA08EA988.d.BDFA18C235149EA40E267BA9B9A1FFE2.e.13242"}]}
RESULT: {}
RESULT: {"script":"<script> [8489 bytes]","args":[{"element-6066-11e4-a52e-4f735466cecf":"f.1920C544C16071EF810842AAA08EA988.d.BDFA18C235149EA40E267BA9B9A1FFE2.e.13242","ELEMENT":"f.1920C544C16071EF810842AAA08EA988.d.BDFA18C235149EA40E267BA9B9A1FFE2.e.13242"}]}
COMMAND: GET /session/2eb25f1cbe9612d735ab0219d8fb520b/screenshot - {}
COMMAND: POST /session/2eb25f1cbe9612d735ab0219d8fb520b/execute/sync - {"script":"<script> [8489 bytes]","args":[{"element-6066-11e4-a52e-4f735466cecf":"f.1920C544C16071EF810842AAA08EA988.d.BDFA18C235149EA40E267BA9B9A1FFE2.e.13242","ELEMENT":"f.1920C544C16071EF810842AAA08EA988.d.BDFA18C235149EA40E267BA9B9A1FFE2.e.13242"}]}
RESULT: {}
RESULT: {"script":"<script> [8489 bytes]","args":[{"element-6066-11e4-a52e-4f735466cecf":"f.1920C544C16071EF810842AAA08EA988.d.BDFA18C235149EA40E267BA9B9A1FFE2.e.13242","ELEMENT":"f.1920C544C16071EF810842AAA08EA988.d.BDFA18C235149EA40E267BA9B9A1FFE2.e.13242"}]}
COMMAND: GET /session/2eb25f1cbe9612d735ab0219d8fb520b/screenshot - {}
RESULT: {}
COMMAND: POST /session/2eb25f1cbe9612d735ab0219d8fb520b/execute/sync - {"script":"<script> [8489 bytes]","args":[{"element-6066-11e4-a52e-4f735466cecf":"f.1920C544C16071EF810842AAA08EA988.d.BDFA18C235149EA40E267BA9B9A1FFE2.e.13242","ELEMENT":"f.1920C544C16071EF810842AAA08EA988.d.BDFA18C235149EA40E267BA9B9A1FFE2.e.13242"}]}
RESULT: {"script":"<script> [8489 bytes]","args":[{"element-6066-11e4-a52e-4f735466cecf":"f.1920C544C16071EF810842AAA08EA988.d.BDFA18C235149EA40E267BA9B9A1FFE2.e.13242","ELEMENT":"f.1920C544C16071EF810842AAA08EA988.d.BDFA18C235149EA40E267BA9B9A1FFE2.e.13242"}]}
COMMAND: GET /session/2eb25f1cbe9612d735ab0219d8fb520b/screenshot - {}
RESULT: {}
COMMAND: POST /session/2eb25f1cbe9612d735ab0219d8fb520b/execute/sync - {"script":"<script> [8489 bytes]","args":[{"element-6066-11e4-a52e-4f735466cecf":"f.1920C544C16071EF810842AAA08EA988.d.BDFA18C235149EA40E267BA9B9A1FFE2.e.13242","ELEMENT":"f.1920C544C16071EF810842AAA08EA988.d.BDFA18C235149EA40E267BA9B9A1FFE2.e.13242"}]}
RESULT: {"script":"<script> [8489 bytes]","args":[{"element-6066-11e4-a52e-4f735466cecf":"f.1920C544C16071EF810842AAA08EA988.d.BDFA18C235149EA40E267BA9B9A1FFE2.e.13242","ELEMENT":"f.1920C544C16071EF810842AAA08EA988.d.BDFA18C235149EA40E267BA9B9A1FFE2.e.13242"}]}
COMMAND: GET /session/2eb25f1cbe9612d735ab0219d8fb520b/screenshot - {}
RESULT: {}
COMMAND: POST /session/2eb25f1cbe9612d735ab0219d8fb520b/execute/sync - {"script":"<script> [8489 bytes]","args":[{"element-6066-11e4-a52e-4f735466cecf":"f.1920C544C16071EF810842AAA08EA988.d.BDFA18C235149EA40E267BA9B9A1FFE2.e.13242","ELEMENT":"f.1920C544C16071EF810842AAA08EA988.d.BDFA18C235149EA40E267BA9B9A1FFE2.e.13242"}]}
RESULT: {"script":"<script> [8489 bytes]","args":[{"element-6066-11e4-a52e-4f735466cecf":"f.1920C544C16071EF810842AAA08EA988.d.BDFA18C235149EA40E267BA9B9A1FFE2.e.13242","ELEMENT":"f.1920C544C16071EF810842AAA08EA988.d.BDFA18C235149EA40E267BA9B9A1FFE2.e.13242"}]}
COMMAND: GET /session/2eb25f1cbe9612d735ab0219d8fb520b/screenshot - {}
RESULT: {}
COMMAND: POST /session/2eb25f1cbe9612d735ab0219d8fb520b/execute/sync - {"script":"<script> [8489 bytes]","args":[{"element-6066-11e4-a52e-4f735466cecf":"f.1920C544C16071EF810842AAA08EA988.d.BDFA18C235149EA40E267BA9B9A1FFE2.e.13242","ELEMENT":"f.1920C544C16071EF810842AAA08EA988.d.BDFA18C235149EA40E267BA9B9A1FFE2.e.13242"}]}
RESULT: {"script":"<script> [8489 bytes]","args":[{"element-6066-11e4-a52e-4f735466cecf":"f.1920C544C16071EF810842AAA08EA988.d.BDFA18C235149EA40E267BA9B9A1FFE2.e.13242","ELEMENT":"f.1920C544C16071EF810842AAA08EA988.d.BDFA18C235149EA40E267BA9B9A1FFE2.e.13242"}]}
COMMAND: GET /session/2eb25f1cbe9612d735ab0219d8fb520b/screenshot - {}
RESULT: {}
COMMAND: POST /session/2eb25f1cbe9612d735ab0219d8fb520b/execute/sync - {"script":"<script> [8489 bytes]","args":[{"element-6066-11e4-a52e-4f735466cecf":"f.1920C544C16071EF810842AAA08EA988.d.BDFA18C235149EA40E267BA9B9A1FFE2.e.13242","ELEMENT":"f.1920C544C16071EF810842AAA08EA988.d.BDFA18C235149EA40E267BA9B9A1FFE2.e.13242"}]}
RESULT: {"script":"<script> [8489 bytes]","args":[{"element-6066-11e4-a52e-4f735466cecf":"f.1920C544C16071EF810842AAA08EA988.d.BDFA18C235149EA40E267BA9B9A1FFE2.e.13242","ELEMENT":"f.1920C544C16071EF810842AAA08EA988.d.BDFA18C235149EA40E267BA9B9A1FFE2.e.13242"}]}
COMMAND: GET /session/2eb25f1cbe9612d735ab0219d8fb520b/screenshot - {}
RESULT: {}
COMMAND: POST /session/2eb25f1cbe9612d735ab0219d8fb520b/execute/sync - {"script":"<script> [8489 bytes]","args":[{"element-6066-11e4-a52e-4f735466cecf":"f.1920C544C16071EF810842AAA08EA988.d.BDFA18C235149EA40E267BA9B9A1FFE2.e.13242","ELEMENT":"f.1920C544C16071EF810842AAA08EA988.d.BDFA18C235149EA40E267BA9B9A1FFE2.e.13242"}]}
RESULT: {"script":"<script> [8489 bytes]","args":[{"element-6066-11e4-a52e-4f735466cecf":"f.1920C544C16071EF810842AAA08EA988.d.BDFA18C235149EA40E267BA9B9A1FFE2.e.13242","ELEMENT":"f.1920C544C16071EF810842AAA08EA988.d.BDFA18C235149EA40E267BA9B9A1FFE2.e.13242"}]}
COMMAND: GET /session/2eb25f1cbe9612d735ab0219d8fb520b/screenshot - {}
RESULT: {}
COMMAND: POST /session/2eb25f1cbe9612d735ab0219d8fb520b/execute/sync - {"script":"<script> [8489 bytes]","args":[{"element-6066-11e4-a52e-4f735466cecf":"f.1920C544C16071EF810842AAA08EA988.d.BDFA18C235149EA40E267BA9B9A1FFE2.e.13242","ELEMENT":"f.1920C544C16071EF810842AAA08EA988.d.BDFA18C235149EA40E267BA9B9A1FFE2.e.13242"}]}
RESULT: {"script":"<script> [8489 bytes]","args":[{"element-6066-11e4-a52e-4f735466cecf":"f.1920C544C16071EF810842AAA08EA988.d.BDFA18C235149EA40E267BA9B9A1FFE2.e.13242","ELEMENT":"f.1920C544C16071EF810842AAA08EA988.d.BDFA18C235149EA40E267BA9B9A1FFE2.e.13242"}]}
COMMAND: GET /session/2eb25f1cbe9612d735ab0219d8fb520b/screenshot - {}
RESULT: {}
COMMAND: POST /session/2eb25f1cbe9612d735ab0219d8fb520b/execute/sync - {"script":"<script> [8489 bytes]","args":[{"element-6066-11e4-a52e-4f735466cecf":"f.1920C544C16071EF810842AAA08EA988.d.BDFA18C235149EA40E267BA9B9A1FFE2.e.13242","ELEMENT":"f.1920C544C16071EF810842AAA08EA988.d.BDFA18C235149EA40E267BA9B9A1FFE2.e.13242"}]}
RESULT: {"script":"<script> [8489 bytes]","args":[{"element-6066-11e4-a52e-4f735466cecf":"f.1920C544C16071EF810842AAA08EA988.d.BDFA18C235149EA40E267BA9B9A1FFE2.e.13242","ELEMENT":"f.1920C544C16071EF810842AAA08EA988.d.BDFA18C235149EA40E267BA9B9A1FFE2.e.13242"}]}
COMMAND: GET /session/2eb25f1cbe9612d735ab0219d8fb520b/screenshot - {}
RESULT: {}
COMMAND: POST /session/2eb25f1cbe9612d735ab0219d8fb520b/execute/sync - {"script":"<script> [8489 bytes]","args":[{"element-6066-11e4-a52e-4f735466cecf":"f.1920C544C16071EF810842AAA08EA988.d.BDFA18C235149EA40E267BA9B9A1FFE2.e.13242","ELEMENT":"f.1920C544C16071EF810842AAA08EA988.d.BDFA18C235149EA40E267BA9B9A1FFE2.e.13242"}]}
RESULT: {"script":"<script> [8489 bytes]","args":[{"element-6066-11e4-a52e-4f735466cecf":"f.1920C544C16071EF810842AAA08EA988.d.BDFA18C235149EA40E267BA9B9A1FFE2.e.13242","ELEMENT":"f.1920C544C16071EF810842AAA08EA988.d.BDFA18C235149EA40E267BA9B9A1FFE2.e.13242"}]}
COMMAND: GET /session/2eb25f1cbe9612d735ab0219d8fb520b/screenshot - {}
RESULT: {}
COMMAND: POST /session/2eb25f1cbe9612d735ab0219d8fb520b/execute/sync - {"script":"<script> [8489 bytes]","args":[{"element-6066-11e4-a52e-4f735466cecf":"f.1920C544C16071EF810842AAA08EA988.d.BDFA18C235149EA40E267BA9B9A1FFE2.e.13242","ELEMENT":"f.1920C544C16071EF810842AAA08EA988.d.BDFA18C235149EA40E267BA9B9A1FFE2.e.13242"}]}
RESULT: {"script":"<script> [8489 bytes]","args":[{"element-6066-11e4-a52e-4f735466cecf":"f.1920C544C16071EF810842AAA08EA988.d.BDFA18C235149EA40E267BA9B9A1FFE2.e.13242","ELEMENT":"f.1920C544C16071EF810842AAA08EA988.d.BDFA18C235149EA40E267BA9B9A1FFE2.e.13242"}]}
COMMAND: GET /session/2eb25f1cbe9612d735ab0219d8fb520b/screenshot - {}
RESULT: {}
COMMAND: POST /session/2eb25f1cbe9612d735ab0219d8fb520b/execute/sync - {"script":"<script> [8489 bytes]","args":[{"element-6066-11e4-a52e-4f735466cecf":"f.1920C544C16071EF810842AAA08EA988.d.BDFA18C235149EA40E267BA9B9A1FFE2.e.13242","ELEMENT":"f.1920C544C16071EF810842AAA08EA988.d.BDFA18C235149EA40E267BA9B9A1FFE2.e.13242"}]}
RESULT: {"script":"<script> [8489 bytes]","args":[{"element-6066-11e4-a52e-4f735466cecf":"f.1920C544C16071EF810842AAA08EA988.d.BDFA18C235149EA40E267BA9B9A1FFE2.e.13242","ELEMENT":"f.1920C544C16071EF810842AAA08EA988.d.BDFA18C235149EA40E267BA9B9A1FFE2.e.13242"}]}
COMMAND: GET /session/2eb25f1cbe9612d735ab0219d8fb520b/screenshot - {}
RESULT: {}
COMMAND: POST /session/2eb25f1cbe9612d735ab0219d8fb520b/execute/sync - {"script":"<script> [8489 bytes]","args":[{"element-6066-11e4-a52e-4f735466cecf":"f.1920C544C16071EF810842AAA08EA988.d.BDFA18C235149EA40E267BA9B9A1FFE2.e.13242","ELEMENT":"f.1920C544C16071EF810842AAA08EA988.d.BDFA18C235149EA40E267BA9B9A1FFE2.e.13242"}]}
RESULT: {"script":"<script> [8489 bytes]","args":[{"element-6066-11e4-a52e-4f735466cecf":"f.1920C544C16071EF810842AAA08EA988.d.BDFA18C235149EA40E267BA9B9A1FFE2.e.13242","ELEMENT":"f.1920C544C16071EF810842AAA08EA988.d.BDFA18C235149EA40E267BA9B9A1FFE2.e.13242"}]}
COMMAND: GET /session/2eb25f1cbe9612d735ab0219d8fb520b/screenshot - {}
RESULT: {}
COMMAND: POST /session/2eb25f1cbe9612d735ab0219d8fb520b/execute/sync - {"script":"<script> [8489 bytes]","args":[{"element-6066-11e4-a52e-4f735466cecf":"f.1920C544C16071EF810842AAA08EA988.d.BDFA18C235149EA40E267BA9B9A1FFE2.e.13242","ELEMENT":"f.1920C544C16071EF810842AAA08EA988.d.BDFA18C235149EA40E267BA9B9A1FFE2.e.13242"}]}
RESULT: {"script":"<script> [8489 bytes]","args":[{"element-6066-11e4-a52e-4f735466cecf":"f.1920C544C16071EF810842AAA08EA988.d.BDFA18C235149EA40E267BA9B9A1FFE2.e.13242","ELEMENT":"f.1920C544C16071EF810842AAA08EA988.d.BDFA18C235149EA40E267BA9B9A1FFE2.e.13242"}]}
COMMAND: GET /session/2eb25f1cbe9612d735ab0219d8fb520b/screenshot - {}
RESULT: {}
COMMAND: POST /session/2eb25f1cbe9612d735ab0219d8fb520b/execute/sync - {"script":"<script> [8489 bytes]","args":[{"element-6066-11e4-a52e-4f735466cecf":"f.1920C544C16071EF810842AAA08EA988.d.BDFA18C235149EA40E267BA9B9A1FFE2.e.13242","ELEMENT":"f.1920C544C16071EF810842AAA08EA988.d.BDFA18C235149EA40E267BA9B9A1FFE2.e.13242"}]}
RESULT: {"script":"<script> [8489 bytes]","args":[{"element-6066-11e4-a52e-4f735466cecf":"f.1920C544C16071EF810842AAA08EA988.d.BDFA18C235149EA40E267BA9B9A1FFE2.e.13242","ELEMENT":"f.1920C544C16071EF810842AAA08EA988.d.BDFA18C235149EA40E267BA9B9A1FFE2.e.13242"}]}
COMMAND: GET /session/2eb25f1cbe9612d735ab0219d8fb520b/screenshot - {}
RESULT: {}
COMMAND: POST /session/2eb25f1cbe9612d735ab0219d8fb520b/execute/sync - {"script":"<script> [8489 bytes]","args":[{"element-6066-11e4-a52e-4f735466cecf":"f.1920C544C16071EF810842AAA08EA988.d.BDFA18C235149EA40E267BA9B9A1FFE2.e.13242","ELEMENT":"f.1920C544C16071EF810842AAA08EA988.d.BDFA18C235149EA40E267BA9B9A1FFE2.e.13242"}]}
RESULT: {"script":"<script> [8489 bytes]","args":[{"element-6066-11e4-a52e-4f735466cecf":"f.1920C544C16071EF810842AAA08EA988.d.BDFA18C235149EA40E267BA9B9A1FFE2.e.13242","ELEMENT":"f.1920C544C16071EF810842AAA08EA988.d.BDFA18C235149EA40E267BA9B9A1FFE2.e.13242"}]}
COMMAND: GET /session/2eb25f1cbe9612d735ab0219d8fb520b/screenshot - {}
RESULT: {}
COMMAND: POST /session/2eb25f1cbe9612d735ab0219d8fb520b/execute/sync - {"script":"<script> [8489 bytes]","args":[{"element-6066-11e4-a52e-4f735466cecf":"f.1920C544C16071EF810842AAA08EA988.d.BDFA18C235149EA40E267BA9B9A1FFE2.e.13242","ELEMENT":"f.1920C544C16071EF810842AAA08EA988.d.BDFA18C235149EA40E267BA9B9A1FFE2.e.13242"}]}
RESULT: {"script":"<script> [8489 bytes]","args":[{"element-6066-11e4-a52e-4f735466cecf":"f.1920C544C16071EF810842AAA08EA988.d.BDFA18C235149EA40E267BA9B9A1FFE2.e.13242","ELEMENT":"f.1920C544C16071EF810842AAA08EA988.d.BDFA18C235149EA40E267BA9B9A1FFE2.e.13242"}]}
COMMAND: GET /session/2eb25f1cbe9612d735ab0219d8fb520b/screenshot - {}
RESULT: {}
COMMAND: POST /session/2eb25f1cbe9612d735ab0219d8fb520b/execute/sync - {"script":"<script> [8489 bytes]","args":[{"element-6066-11e4-a52e-4f735466cecf":"f.1920C544C16071EF810842AAA08EA988.d.BDFA18C235149EA40E267BA9B9A1FFE2.e.13242","ELEMENT":"f.1920C544C16071EF810842AAA08EA988.d.BDFA18C235149EA40E267BA9B9A1FFE2.e.13242"}]}
]]></system-out>
    </testcase>
    <testcase classname="chrome.135_0_7049_96.windows.Provide_to_Site_w/_warehouse_management_wo_clarification" name="Should Test for Handover Execution" time="227.829">
      <system-out><![CDATA[
RESULT: {"script":"<script> [8489 bytes]","args":[{"element-6066-11e4-a52e-4f735466cecf":"f.1920C544C16071EF810842AAA08EA988.d.BDFA18C235149EA40E267BA9B9A1FFE2.e.13242","ELEMENT":"f.1920C544C16071EF810842AAA08EA988.d.BDFA18C235149EA40E267BA9B9A1FFE2.e.13242"}]}
COMMAND: GET /session/2eb25f1cbe9612d735ab0219d8fb520b/screenshot - {}
RESULT: {}
COMMAND: POST /session/2eb25f1cbe9612d735ab0219d8fb520b/execute/async - {"script":"<script> [1562 bytes]","args":[{"selector":{"controlType":"sap.m.Link","viewName":"etm.portal.ui.managehandovers.view.DetailExecuteHO","bindingPath":{"path":"","propertyPath":"/wmDoc","modelName":"warehouseMovModel"}},"wdio_ui5_key":"etmportal.ui.managehandovers.view.DetailExecuteHOsap.m.Link{\"path\":\"\",\"propertyPath\":\"/wmDoc\",\"modelName\":\"warehouseMovModel\"}"}]}
RESULT: {"script":"<script> [1562 bytes]","args":[{"selector":{"controlType":"sap.m.Link","viewName":"etm.portal.ui.managehandovers.view.DetailExecuteHO","bindingPath":{"path":"","propertyPath":"/wmDoc","modelName":"warehouseMovModel"}},"wdio_ui5_key":"etmportal.ui.managehandovers.view.DetailExecuteHOsap.m.Link{\"path\":\"\",\"propertyPath\":\"/wmDoc\",\"modelName\":\"warehouseMovModel\"}"}]}
RESULT: undefined
COMMAND: POST /session/2eb25f1cbe9612d735ab0219d8fb520b/element - {"using":"xpath","value":"//*[@id=\"__link93\"]"}
RESULT: {"using":"xpath","value":"//*[@id=\"__link93\"]"}
COMMAND: POST /session/2eb25f1cbe9612d735ab0219d8fb520b/element/f.1920C544C16071EF810842AAA08EA988.d.BDFA18C235149EA40E267BA9B9A1FFE2.e.13244/click - {}
RESULT: {}
COMMAND: GET /session/2eb25f1cbe9612d735ab0219d8fb520b/screenshot - {}
RESULT: {}
COMMAND: POST /session/2eb25f1cbe9612d735ab0219d8fb520b/execute/async - {"script":"<script> [1562 bytes]","args":[{"selector":{"controlType":"sap.m.Link","viewName":"etm.portal.ui.managehandovers.view.DetailExecuteHO","properties":{"text":"Warehouse Overview"},"searchOpenDialogs":true},"wdio_ui5_key":"etmportal.ui.managehandovers.view.DetailExecuteHOsap.m.Link{\"text\":\"Warehouse Overview\"}"}]}
RESULT: {"script":"<script> [1562 bytes]","args":[{"selector":{"controlType":"sap.m.Link","viewName":"etm.portal.ui.managehandovers.view.DetailExecuteHO","properties":{"text":"Warehouse Overview"},"searchOpenDialogs":true},"wdio_ui5_key":"etmportal.ui.managehandovers.view.DetailExecuteHOsap.m.Link{\"text\":\"Warehouse Overview\"}"}]}
RESULT: undefined
COMMAND: POST /session/2eb25f1cbe9612d735ab0219d8fb520b/element - {"using":"xpath","value":"//*[@id=\"__link108\"]"}
RESULT: {"using":"xpath","value":"//*[@id=\"__link108\"]"}
COMMAND: POST /session/2eb25f1cbe9612d735ab0219d8fb520b/element/f.1920C544C16071EF810842AAA08EA988.d.BDFA18C235149EA40E267BA9B9A1FFE2.e.13246/click - {}
RESULT: {}
COMMAND: POST /session/2eb25f1cbe9612d735ab0219d8fb520b/execute/async - {"script":"<script> [1562 bytes]","args":[{"selector":{"controlType":"sap.m.Button","viewName":"etm.portal.ui.warehousemovements.view.DisplayMovement","viewId":"application-warehousemovements-display-component---displayMovement","i18NText":{"propertyName":"text","key":"execution"},"interaction":{"idSuffix":"BDI-content"}},"wdio_ui5_key":"etmportal.ui.warehousemovements.view.DisplayMovementsap.m.Button{\"propertyName\":\"text\",\"key\":\"execution\"}"}]}
COMMAND: GET /session/2eb25f1cbe9612d735ab0219d8fb520b/screenshot - {}
RESULT: {"script":"<script> [1562 bytes]","args":[{"selector":{"controlType":"sap.m.Button","viewName":"etm.portal.ui.warehousemovements.view.DisplayMovement","viewId":"application-warehousemovements-display-component---displayMovement","i18NText":{"propertyName":"text","key":"execution"},"interaction":{"idSuffix":"BDI-content"}},"wdio_ui5_key":"etmportal.ui.warehousemovements.view.DisplayMovementsap.m.Button{\"propertyName\":\"text\",\"key\":\"execution\"}"}]}
RESULT: undefined
COMMAND: POST /session/2eb25f1cbe9612d735ab0219d8fb520b/element - {"using":"xpath","value":"//*[@id=\"__button402\"]"}
RESULT: {}
RESULT: {"using":"xpath","value":"//*[@id=\"__button402\"]"}
COMMAND: POST /session/2eb25f1cbe9612d735ab0219d8fb520b/element/f.1920C544C16071EF810842AAA08EA988.d.BDFA18C235149EA40E267BA9B9A1FFE2.e.13355/click - {}
RESULT: {}
COMMAND: POST /session/2eb25f1cbe9612d735ab0219d8fb520b/execute/async - {"script":"<script> [1562 bytes]","args":[{"selector":{"controlType":"sap.m.Button","viewName":"etm.portal.ui.warehousemovements.view.ExecuteMovement","viewId":"application-warehousemovements-display-component---executeMovement","properties":{"text":"Items"},"interaction":{"idSuffix":"BDI-content"}},"wdio_ui5_key":"etmportal.ui.warehousemovements.view.ExecuteMovementsap.m.Button{\"text\":\"Items\"}"}]}
COMMAND: GET /session/2eb25f1cbe9612d735ab0219d8fb520b/screenshot - {}
RESULT: {"script":"<script> [1562 bytes]","args":[{"selector":{"controlType":"sap.m.Button","viewName":"etm.portal.ui.warehousemovements.view.ExecuteMovement","viewId":"application-warehousemovements-display-component---executeMovement","properties":{"text":"Items"},"interaction":{"idSuffix":"BDI-content"}},"wdio_ui5_key":"etmportal.ui.warehousemovements.view.ExecuteMovementsap.m.Button{\"text\":\"Items\"}"}]}
RESULT: undefined
COMMAND: POST /session/2eb25f1cbe9612d735ab0219d8fb520b/element - {"using":"xpath","value":"//*[@id=\"__layout489-anchBar-application-warehousemovements-display-component---executeMovement--itemsSection-anchor\"]"}
RESULT: {}
RESULT: {"using":"xpath","value":"//*[@id=\"__layout489-anchBar-application-warehousemovements-display-component---executeMovement--itemsSection-anchor\"]"}
COMMAND: POST /session/2eb25f1cbe9612d735ab0219d8fb520b/element/f.1920C544C16071EF810842AAA08EA988.d.BDFA18C235149EA40E267BA9B9A1FFE2.e.13463/click - {}
RESULT: {}
COMMAND: POST /session/2eb25f1cbe9612d735ab0219d8fb520b/element - {"using":"xpath","value":"//*[text()='Pick From Warehouse']"}
COMMAND: GET /session/2eb25f1cbe9612d735ab0219d8fb520b/screenshot - {}
RESULT: {"using":"xpath","value":"//*[text()='Pick From Warehouse']"}
COMMAND: POST /session/2eb25f1cbe9612d735ab0219d8fb520b/elements - {"using":"xpath","value":"//*[text()='Pick From Warehouse']"}
RESULT: {}
RESULT: {"using":"xpath","value":"//*[text()='Pick From Warehouse']"}
COMMAND: POST /session/2eb25f1cbe9612d735ab0219d8fb520b/elements - {"using":"xpath","value":"//*[text()='Pick From Warehouse']"}
RESULT: {"using":"xpath","value":"//*[text()='Pick From Warehouse']"}
COMMAND: POST /session/2eb25f1cbe9612d735ab0219d8fb520b/elements - {"using":"xpath","value":"//*[text()='Pick From Warehouse']"}
RESULT: {"using":"xpath","value":"//*[text()='Pick From Warehouse']"}
COMMAND: POST /session/2eb25f1cbe9612d735ab0219d8fb520b/elements - {"using":"xpath","value":"//*[text()='Pick From Warehouse']"}
RESULT: {"using":"xpath","value":"//*[text()='Pick From Warehouse']"}
COMMAND: POST /session/2eb25f1cbe9612d735ab0219d8fb520b/elements - {"using":"xpath","value":"//*[text()='Pick From Warehouse']"}
RESULT: {"using":"xpath","value":"//*[text()='Pick From Warehouse']"}
COMMAND: POST /session/2eb25f1cbe9612d735ab0219d8fb520b/elements - {"using":"xpath","value":"//*[text()='Pick From Warehouse']"}
RESULT: {"using":"xpath","value":"//*[text()='Pick From Warehouse']"}
COMMAND: POST /session/2eb25f1cbe9612d735ab0219d8fb520b/elements - {"using":"xpath","value":"//*[text()='Pick From Warehouse']"}
RESULT: {"using":"xpath","value":"//*[text()='Pick From Warehouse']"}
COMMAND: POST /session/2eb25f1cbe9612d735ab0219d8fb520b/elements - {"using":"xpath","value":"//*[text()='Pick From Warehouse']"}
RESULT: {"using":"xpath","value":"//*[text()='Pick From Warehouse']"}
COMMAND: POST /session/2eb25f1cbe9612d735ab0219d8fb520b/elements - {"using":"xpath","value":"//*[text()='Pick From Warehouse']"}
RESULT: {"using":"xpath","value":"//*[text()='Pick From Warehouse']"}
COMMAND: POST /session/2eb25f1cbe9612d735ab0219d8fb520b/elements - {"using":"xpath","value":"//*[text()='Pick From Warehouse']"}
RESULT: {"using":"xpath","value":"//*[text()='Pick From Warehouse']"}
COMMAND: POST /session/2eb25f1cbe9612d735ab0219d8fb520b/elements - {"using":"xpath","value":"//*[text()='Pick From Warehouse']"}
RESULT: {"using":"xpath","value":"//*[text()='Pick From Warehouse']"}
COMMAND: POST /session/2eb25f1cbe9612d735ab0219d8fb520b/elements - {"using":"xpath","value":"//*[text()='Pick From Warehouse']"}
RESULT: {"using":"xpath","value":"//*[text()='Pick From Warehouse']"}
COMMAND: POST /session/2eb25f1cbe9612d735ab0219d8fb520b/elements - {"using":"xpath","value":"//*[text()='Pick From Warehouse']"}
RESULT: {"using":"xpath","value":"//*[text()='Pick From Warehouse']"}
COMMAND: POST /session/2eb25f1cbe9612d735ab0219d8fb520b/elements - {"using":"xpath","value":"//*[text()='Pick From Warehouse']"}
RESULT: {"using":"xpath","value":"//*[text()='Pick From Warehouse']"}
COMMAND: POST /session/2eb25f1cbe9612d735ab0219d8fb520b/elements - {"using":"xpath","value":"//*[text()='Pick From Warehouse']"}
RESULT: {"using":"xpath","value":"//*[text()='Pick From Warehouse']"}
COMMAND: POST /session/2eb25f1cbe9612d735ab0219d8fb520b/elements - {"using":"xpath","value":"//*[text()='Pick From Warehouse']"}
RESULT: {"using":"xpath","value":"//*[text()='Pick From Warehouse']"}
COMMAND: POST /session/2eb25f1cbe9612d735ab0219d8fb520b/elements - {"using":"xpath","value":"//*[text()='Pick From Warehouse']"}
RESULT: {"using":"xpath","value":"//*[text()='Pick From Warehouse']"}
COMMAND: POST /session/2eb25f1cbe9612d735ab0219d8fb520b/elements - {"using":"xpath","value":"//*[text()='Pick From Warehouse']"}
RESULT: {"using":"xpath","value":"//*[text()='Pick From Warehouse']"}
COMMAND: POST /session/2eb25f1cbe9612d735ab0219d8fb520b/elements - {"using":"xpath","value":"//*[text()='Pick From Warehouse']"}
RESULT: {"using":"xpath","value":"//*[text()='Pick From Warehouse']"}
COMMAND: POST /session/2eb25f1cbe9612d735ab0219d8fb520b/elements - {"using":"xpath","value":"//*[text()='Pick From Warehouse']"}
RESULT: {"using":"xpath","value":"//*[text()='Pick From Warehouse']"}
COMMAND: POST /session/2eb25f1cbe9612d735ab0219d8fb520b/elements - {"using":"xpath","value":"//*[text()='Pick From Warehouse']"}
RESULT: {"using":"xpath","value":"//*[text()='Pick From Warehouse']"}
COMMAND: POST /session/2eb25f1cbe9612d735ab0219d8fb520b/elements - {"using":"xpath","value":"//*[text()='Pick From Warehouse']"}
RESULT: {"using":"xpath","value":"//*[text()='Pick From Warehouse']"}
COMMAND: POST /session/2eb25f1cbe9612d735ab0219d8fb520b/elements - {"using":"xpath","value":"//*[text()='Pick From Warehouse']"}
RESULT: {"using":"xpath","value":"//*[text()='Pick From Warehouse']"}
COMMAND: POST /session/2eb25f1cbe9612d735ab0219d8fb520b/elements - {"using":"xpath","value":"//*[text()='Pick From Warehouse']"}
RESULT: {"using":"xpath","value":"//*[text()='Pick From Warehouse']"}
COMMAND: POST /session/2eb25f1cbe9612d735ab0219d8fb520b/elements - {"using":"xpath","value":"//*[text()='Pick From Warehouse']"}
RESULT: {"using":"xpath","value":"//*[text()='Pick From Warehouse']"}
COMMAND: POST /session/2eb25f1cbe9612d735ab0219d8fb520b/elements - {"using":"xpath","value":"//*[text()='Pick From Warehouse']"}
RESULT: {"using":"xpath","value":"//*[text()='Pick From Warehouse']"}
COMMAND: POST /session/2eb25f1cbe9612d735ab0219d8fb520b/elements - {"using":"xpath","value":"//*[text()='Pick From Warehouse']"}
RESULT: {"using":"xpath","value":"//*[text()='Pick From Warehouse']"}
COMMAND: POST /session/2eb25f1cbe9612d735ab0219d8fb520b/elements - {"using":"xpath","value":"//*[text()='Pick From Warehouse']"}
RESULT: {"using":"xpath","value":"//*[text()='Pick From Warehouse']"}
COMMAND: POST /session/2eb25f1cbe9612d735ab0219d8fb520b/elements - {"using":"xpath","value":"//*[text()='Pick From Warehouse']"}
RESULT: {"using":"xpath","value":"//*[text()='Pick From Warehouse']"}
COMMAND: POST /session/2eb25f1cbe9612d735ab0219d8fb520b/elements - {"using":"xpath","value":"//*[text()='Pick From Warehouse']"}
RESULT: {"using":"xpath","value":"//*[text()='Pick From Warehouse']"}
COMMAND: POST /session/2eb25f1cbe9612d735ab0219d8fb520b/elements - {"using":"xpath","value":"//*[text()='Pick From Warehouse']"}
RESULT: {"using":"xpath","value":"//*[text()='Pick From Warehouse']"}
COMMAND: POST /session/2eb25f1cbe9612d735ab0219d8fb520b/elements - {"using":"xpath","value":"//*[text()='Pick From Warehouse']"}
RESULT: {"using":"xpath","value":"//*[text()='Pick From Warehouse']"}
COMMAND: POST /session/2eb25f1cbe9612d735ab0219d8fb520b/elements - {"using":"xpath","value":"//*[text()='Pick From Warehouse']"}
RESULT: {"using":"xpath","value":"//*[text()='Pick From Warehouse']"}
COMMAND: POST /session/2eb25f1cbe9612d735ab0219d8fb520b/elements - {"using":"xpath","value":"//*[text()='Pick From Warehouse']"}
RESULT: {"using":"xpath","value":"//*[text()='Pick From Warehouse']"}
COMMAND: POST /session/2eb25f1cbe9612d735ab0219d8fb520b/elements - {"using":"xpath","value":"//*[text()='Pick From Warehouse']"}
RESULT: {"using":"xpath","value":"//*[text()='Pick From Warehouse']"}
COMMAND: POST /session/2eb25f1cbe9612d735ab0219d8fb520b/elements - {"using":"xpath","value":"//*[text()='Pick From Warehouse']"}
RESULT: {"using":"xpath","value":"//*[text()='Pick From Warehouse']"}
COMMAND: POST /session/2eb25f1cbe9612d735ab0219d8fb520b/elements - {"using":"xpath","value":"//*[text()='Pick From Warehouse']"}
RESULT: {"using":"xpath","value":"//*[text()='Pick From Warehouse']"}
COMMAND: POST /session/2eb25f1cbe9612d735ab0219d8fb520b/elements - {"using":"xpath","value":"//*[text()='Pick From Warehouse']"}
RESULT: {"using":"xpath","value":"//*[text()='Pick From Warehouse']"}
COMMAND: POST /session/2eb25f1cbe9612d735ab0219d8fb520b/elements - {"using":"xpath","value":"//*[text()='Pick From Warehouse']"}
RESULT: {"using":"xpath","value":"//*[text()='Pick From Warehouse']"}
COMMAND: POST /session/2eb25f1cbe9612d735ab0219d8fb520b/elements - {"using":"xpath","value":"//*[text()='Pick From Warehouse']"}
RESULT: {"using":"xpath","value":"//*[text()='Pick From Warehouse']"}
COMMAND: POST /session/2eb25f1cbe9612d735ab0219d8fb520b/elements - {"using":"xpath","value":"//*[text()='Pick From Warehouse']"}
RESULT: {"using":"xpath","value":"//*[text()='Pick From Warehouse']"}
COMMAND: POST /session/2eb25f1cbe9612d735ab0219d8fb520b/elements - {"using":"xpath","value":"//*[text()='Pick From Warehouse']"}
RESULT: {"using":"xpath","value":"//*[text()='Pick From Warehouse']"}
COMMAND: POST /session/2eb25f1cbe9612d735ab0219d8fb520b/elements - {"using":"xpath","value":"//*[text()='Pick From Warehouse']"}
RESULT: {"using":"xpath","value":"//*[text()='Pick From Warehouse']"}
COMMAND: POST /session/2eb25f1cbe9612d735ab0219d8fb520b/elements - {"using":"xpath","value":"//*[text()='Pick From Warehouse']"}
RESULT: {"using":"xpath","value":"//*[text()='Pick From Warehouse']"}
COMMAND: POST /session/2eb25f1cbe9612d735ab0219d8fb520b/elements - {"using":"xpath","value":"//*[text()='Pick From Warehouse']"}
RESULT: {"using":"xpath","value":"//*[text()='Pick From Warehouse']"}
COMMAND: POST /session/2eb25f1cbe9612d735ab0219d8fb520b/elements - {"using":"xpath","value":"//*[text()='Pick From Warehouse']"}
RESULT: {"using":"xpath","value":"//*[text()='Pick From Warehouse']"}
COMMAND: POST /session/2eb25f1cbe9612d735ab0219d8fb520b/elements - {"using":"xpath","value":"//*[text()='Pick From Warehouse']"}
RESULT: {"using":"xpath","value":"//*[text()='Pick From Warehouse']"}
COMMAND: POST /session/2eb25f1cbe9612d735ab0219d8fb520b/elements - {"using":"xpath","value":"//*[text()='Pick From Warehouse']"}
RESULT: {"using":"xpath","value":"//*[text()='Pick From Warehouse']"}
COMMAND: POST /session/2eb25f1cbe9612d735ab0219d8fb520b/elements - {"using":"xpath","value":"//*[text()='Pick From Warehouse']"}
RESULT: {"using":"xpath","value":"//*[text()='Pick From Warehouse']"}
COMMAND: POST /session/2eb25f1cbe9612d735ab0219d8fb520b/elements - {"using":"xpath","value":"//*[text()='Pick From Warehouse']"}
RESULT: {"using":"xpath","value":"//*[text()='Pick From Warehouse']"}
COMMAND: POST /session/2eb25f1cbe9612d735ab0219d8fb520b/elements - {"using":"xpath","value":"//*[text()='Pick From Warehouse']"}
RESULT: {"using":"xpath","value":"//*[text()='Pick From Warehouse']"}
COMMAND: POST /session/2eb25f1cbe9612d735ab0219d8fb520b/elements - {"using":"xpath","value":"//*[text()='Pick From Warehouse']"}
RESULT: {"using":"xpath","value":"//*[text()='Pick From Warehouse']"}
COMMAND: POST /session/2eb25f1cbe9612d735ab0219d8fb520b/elements - {"using":"xpath","value":"//*[text()='Pick From Warehouse']"}
RESULT: {"using":"xpath","value":"//*[text()='Pick From Warehouse']"}
COMMAND: POST /session/2eb25f1cbe9612d735ab0219d8fb520b/elements - {"using":"xpath","value":"//*[text()='Pick From Warehouse']"}
RESULT: {"using":"xpath","value":"//*[text()='Pick From Warehouse']"}
COMMAND: POST /session/2eb25f1cbe9612d735ab0219d8fb520b/elements - {"using":"xpath","value":"//*[text()='Pick From Warehouse']"}
RESULT: {"using":"xpath","value":"//*[text()='Pick From Warehouse']"}
COMMAND: POST /session/2eb25f1cbe9612d735ab0219d8fb520b/elements - {"using":"xpath","value":"//*[text()='Pick From Warehouse']"}
RESULT: {"using":"xpath","value":"//*[text()='Pick From Warehouse']"}
COMMAND: POST /session/2eb25f1cbe9612d735ab0219d8fb520b/elements - {"using":"xpath","value":"//*[text()='Pick From Warehouse']"}
RESULT: {"using":"xpath","value":"//*[text()='Pick From Warehouse']"}
COMMAND: POST /session/2eb25f1cbe9612d735ab0219d8fb520b/elements - {"using":"xpath","value":"//*[text()='Pick From Warehouse']"}
RESULT: {"using":"xpath","value":"//*[text()='Pick From Warehouse']"}
COMMAND: POST /session/2eb25f1cbe9612d735ab0219d8fb520b/elements - {"using":"xpath","value":"//*[text()='Pick From Warehouse']"}
RESULT: {"using":"xpath","value":"//*[text()='Pick From Warehouse']"}
COMMAND: POST /session/2eb25f1cbe9612d735ab0219d8fb520b/elements - {"using":"xpath","value":"//*[text()='Pick From Warehouse']"}
RESULT: {"using":"xpath","value":"//*[text()='Pick From Warehouse']"}
COMMAND: POST /session/2eb25f1cbe9612d735ab0219d8fb520b/elements - {"using":"xpath","value":"//*[text()='Pick From Warehouse']"}
RESULT: {"using":"xpath","value":"//*[text()='Pick From Warehouse']"}
COMMAND: POST /session/2eb25f1cbe9612d735ab0219d8fb520b/elements - {"using":"xpath","value":"//*[text()='Pick From Warehouse']"}
RESULT: {"using":"xpath","value":"//*[text()='Pick From Warehouse']"}
COMMAND: POST /session/2eb25f1cbe9612d735ab0219d8fb520b/elements - {"using":"xpath","value":"//*[text()='Pick From Warehouse']"}
RESULT: {"using":"xpath","value":"//*[text()='Pick From Warehouse']"}
COMMAND: POST /session/2eb25f1cbe9612d735ab0219d8fb520b/elements - {"using":"xpath","value":"//*[text()='Pick From Warehouse']"}
RESULT: {"using":"xpath","value":"//*[text()='Pick From Warehouse']"}
COMMAND: POST /session/2eb25f1cbe9612d735ab0219d8fb520b/elements - {"using":"xpath","value":"//*[text()='Pick From Warehouse']"}
RESULT: {"using":"xpath","value":"//*[text()='Pick From Warehouse']"}
COMMAND: POST /session/2eb25f1cbe9612d735ab0219d8fb520b/elements - {"using":"xpath","value":"//*[text()='Pick From Warehouse']"}
RESULT: {"using":"xpath","value":"//*[text()='Pick From Warehouse']"}
COMMAND: POST /session/2eb25f1cbe9612d735ab0219d8fb520b/elements - {"using":"xpath","value":"//*[text()='Pick From Warehouse']"}
RESULT: {"using":"xpath","value":"//*[text()='Pick From Warehouse']"}
COMMAND: POST /session/2eb25f1cbe9612d735ab0219d8fb520b/elements - {"using":"xpath","value":"//*[text()='Pick From Warehouse']"}
RESULT: {"using":"xpath","value":"//*[text()='Pick From Warehouse']"}
COMMAND: POST /session/2eb25f1cbe9612d735ab0219d8fb520b/elements - {"using":"xpath","value":"//*[text()='Pick From Warehouse']"}
RESULT: {"using":"xpath","value":"//*[text()='Pick From Warehouse']"}
COMMAND: POST /session/2eb25f1cbe9612d735ab0219d8fb520b/elements - {"using":"xpath","value":"//*[text()='Pick From Warehouse']"}
RESULT: {"using":"xpath","value":"//*[text()='Pick From Warehouse']"}
COMMAND: POST /session/2eb25f1cbe9612d735ab0219d8fb520b/elements - {"using":"xpath","value":"//*[text()='Pick From Warehouse']"}
RESULT: {"using":"xpath","value":"//*[text()='Pick From Warehouse']"}
COMMAND: POST /session/2eb25f1cbe9612d735ab0219d8fb520b/elements - {"using":"xpath","value":"//*[text()='Pick From Warehouse']"}
RESULT: {"using":"xpath","value":"//*[text()='Pick From Warehouse']"}
COMMAND: POST /session/2eb25f1cbe9612d735ab0219d8fb520b/elements - {"using":"xpath","value":"//*[text()='Pick From Warehouse']"}
RESULT: {"using":"xpath","value":"//*[text()='Pick From Warehouse']"}
COMMAND: POST /session/2eb25f1cbe9612d735ab0219d8fb520b/elements - {"using":"xpath","value":"//*[text()='Pick From Warehouse']"}
RESULT: {"using":"xpath","value":"//*[text()='Pick From Warehouse']"}
COMMAND: POST /session/2eb25f1cbe9612d735ab0219d8fb520b/elements - {"using":"xpath","value":"//*[text()='Pick From Warehouse']"}
RESULT: {"using":"xpath","value":"//*[text()='Pick From Warehouse']"}
COMMAND: POST /session/2eb25f1cbe9612d735ab0219d8fb520b/elements - {"using":"xpath","value":"//*[text()='Pick From Warehouse']"}
RESULT: {"using":"xpath","value":"//*[text()='Pick From Warehouse']"}
COMMAND: POST /session/2eb25f1cbe9612d735ab0219d8fb520b/elements - {"using":"xpath","value":"//*[text()='Pick From Warehouse']"}
RESULT: {"using":"xpath","value":"//*[text()='Pick From Warehouse']"}
COMMAND: POST /session/2eb25f1cbe9612d735ab0219d8fb520b/elements - {"using":"xpath","value":"//*[text()='Pick From Warehouse']"}
RESULT: {"using":"xpath","value":"//*[text()='Pick From Warehouse']"}
COMMAND: POST /session/2eb25f1cbe9612d735ab0219d8fb520b/elements - {"using":"xpath","value":"//*[text()='Pick From Warehouse']"}
RESULT: {"using":"xpath","value":"//*[text()='Pick From Warehouse']"}
COMMAND: POST /session/2eb25f1cbe9612d735ab0219d8fb520b/elements - {"using":"xpath","value":"//*[text()='Pick From Warehouse']"}
RESULT: {"using":"xpath","value":"//*[text()='Pick From Warehouse']"}
COMMAND: POST /session/2eb25f1cbe9612d735ab0219d8fb520b/elements - {"using":"xpath","value":"//*[text()='Pick From Warehouse']"}
RESULT: {"using":"xpath","value":"//*[text()='Pick From Warehouse']"}
COMMAND: POST /session/2eb25f1cbe9612d735ab0219d8fb520b/elements - {"using":"xpath","value":"//*[text()='Pick From Warehouse']"}
RESULT: {"using":"xpath","value":"//*[text()='Pick From Warehouse']"}
COMMAND: POST /session/2eb25f1cbe9612d735ab0219d8fb520b/elements - {"using":"xpath","value":"//*[text()='Pick From Warehouse']"}
RESULT: {"using":"xpath","value":"//*[text()='Pick From Warehouse']"}
COMMAND: POST /session/2eb25f1cbe9612d735ab0219d8fb520b/elements - {"using":"xpath","value":"//*[text()='Pick From Warehouse']"}
RESULT: {"using":"xpath","value":"//*[text()='Pick From Warehouse']"}
COMMAND: POST /session/2eb25f1cbe9612d735ab0219d8fb520b/elements - {"using":"xpath","value":"//*[text()='Pick From Warehouse']"}
RESULT: {"using":"xpath","value":"//*[text()='Pick From Warehouse']"}
COMMAND: POST /session/2eb25f1cbe9612d735ab0219d8fb520b/elements - {"using":"xpath","value":"//*[text()='Pick From Warehouse']"}
RESULT: {"using":"xpath","value":"//*[text()='Pick From Warehouse']"}
COMMAND: POST /session/2eb25f1cbe9612d735ab0219d8fb520b/elements - {"using":"xpath","value":"//*[text()='Pick From Warehouse']"}
RESULT: {"using":"xpath","value":"//*[text()='Pick From Warehouse']"}
COMMAND: POST /session/2eb25f1cbe9612d735ab0219d8fb520b/elements - {"using":"xpath","value":"//*[text()='Pick From Warehouse']"}
RESULT: {"using":"xpath","value":"//*[text()='Pick From Warehouse']"}
COMMAND: POST /session/2eb25f1cbe9612d735ab0219d8fb520b/elements - {"using":"xpath","value":"//*[text()='Pick From Warehouse']"}
RESULT: {"using":"xpath","value":"//*[text()='Pick From Warehouse']"}
COMMAND: POST /session/2eb25f1cbe9612d735ab0219d8fb520b/elements - {"using":"xpath","value":"//*[text()='Pick From Warehouse']"}
RESULT: {"using":"xpath","value":"//*[text()='Pick From Warehouse']"}
COMMAND: POST /session/2eb25f1cbe9612d735ab0219d8fb520b/elements - {"using":"xpath","value":"//*[text()='Close']"}
RESULT: {"using":"xpath","value":"//*[text()='Close']"}
COMMAND: GET /session/2eb25f1cbe9612d735ab0219d8fb520b/element/f.1920C544C16071EF810842AAA08EA988.d.BDFA18C235149EA40E267BA9B9A1FFE2.e.13468/enabled - {}
RESULT: {}
COMMAND: POST /session/2eb25f1cbe9612d735ab0219d8fb520b/execute/sync - {"script":"<script> [8489 bytes]","args":[{"element-6066-11e4-a52e-4f735466cecf":"f.1920C544C16071EF810842AAA08EA988.d.BDFA18C235149EA40E267BA9B9A1FFE2.e.13468","ELEMENT":"f.1920C544C16071EF810842AAA08EA988.d.BDFA18C235149EA40E267BA9B9A1FFE2.e.13468"}]}
RESULT: {"script":"<script> [8489 bytes]","args":[{"element-6066-11e4-a52e-4f735466cecf":"f.1920C544C16071EF810842AAA08EA988.d.BDFA18C235149EA40E267BA9B9A1FFE2.e.13468","ELEMENT":"f.1920C544C16071EF810842AAA08EA988.d.BDFA18C235149EA40E267BA9B9A1FFE2.e.13468"}]}
COMMAND: GET /session/2eb25f1cbe9612d735ab0219d8fb520b/screenshot - {}
COMMAND: GET /session/2eb25f1cbe9612d735ab0219d8fb520b/screenshot - {}
RESULT: {}
COMMAND: POST /session/2eb25f1cbe9612d735ab0219d8fb520b/execute/sync - {"script":"<script> [8489 bytes]","args":[{"element-6066-11e4-a52e-4f735466cecf":"f.1920C544C16071EF810842AAA08EA988.d.BDFA18C235149EA40E267BA9B9A1FFE2.e.13468","ELEMENT":"f.1920C544C16071EF810842AAA08EA988.d.BDFA18C235149EA40E267BA9B9A1FFE2.e.13468"}]}
RESULT: {}
RESULT: {"script":"<script> [8489 bytes]","args":[{"element-6066-11e4-a52e-4f735466cecf":"f.1920C544C16071EF810842AAA08EA988.d.BDFA18C235149EA40E267BA9B9A1FFE2.e.13468","ELEMENT":"f.1920C544C16071EF810842AAA08EA988.d.BDFA18C235149EA40E267BA9B9A1FFE2.e.13468"}]}
COMMAND: GET /session/2eb25f1cbe9612d735ab0219d8fb520b/screenshot - {}
RESULT: {}
COMMAND: POST /session/2eb25f1cbe9612d735ab0219d8fb520b/execute/sync - {"script":"<script> [8489 bytes]","args":[{"element-6066-11e4-a52e-4f735466cecf":"f.1920C544C16071EF810842AAA08EA988.d.BDFA18C235149EA40E267BA9B9A1FFE2.e.13468","ELEMENT":"f.1920C544C16071EF810842AAA08EA988.d.BDFA18C235149EA40E267BA9B9A1FFE2.e.13468"}]}
RESULT: {"script":"<script> [8489 bytes]","args":[{"element-6066-11e4-a52e-4f735466cecf":"f.1920C544C16071EF810842AAA08EA988.d.BDFA18C235149EA40E267BA9B9A1FFE2.e.13468","ELEMENT":"f.1920C544C16071EF810842AAA08EA988.d.BDFA18C235149EA40E267BA9B9A1FFE2.e.13468"}]}
COMMAND: GET /session/2eb25f1cbe9612d735ab0219d8fb520b/screenshot - {}
RESULT: {}
COMMAND: POST /session/2eb25f1cbe9612d735ab0219d8fb520b/execute/sync - {"script":"<script> [8489 bytes]","args":[{"element-6066-11e4-a52e-4f735466cecf":"f.1920C544C16071EF810842AAA08EA988.d.BDFA18C235149EA40E267BA9B9A1FFE2.e.13468","ELEMENT":"f.1920C544C16071EF810842AAA08EA988.d.BDFA18C235149EA40E267BA9B9A1FFE2.e.13468"}]}
RESULT: {"script":"<script> [8489 bytes]","args":[{"element-6066-11e4-a52e-4f735466cecf":"f.1920C544C16071EF810842AAA08EA988.d.BDFA18C235149EA40E267BA9B9A1FFE2.e.13468","ELEMENT":"f.1920C544C16071EF810842AAA08EA988.d.BDFA18C235149EA40E267BA9B9A1FFE2.e.13468"}]}
COMMAND: GET /session/2eb25f1cbe9612d735ab0219d8fb520b/screenshot - {}
RESULT: {}
COMMAND: POST /session/2eb25f1cbe9612d735ab0219d8fb520b/execute/sync - {"script":"<script> [8489 bytes]","args":[{"element-6066-11e4-a52e-4f735466cecf":"f.1920C544C16071EF810842AAA08EA988.d.BDFA18C235149EA40E267BA9B9A1FFE2.e.13468","ELEMENT":"f.1920C544C16071EF810842AAA08EA988.d.BDFA18C235149EA40E267BA9B9A1FFE2.e.13468"}]}
RESULT: {"script":"<script> [8489 bytes]","args":[{"element-6066-11e4-a52e-4f735466cecf":"f.1920C544C16071EF810842AAA08EA988.d.BDFA18C235149EA40E267BA9B9A1FFE2.e.13468","ELEMENT":"f.1920C544C16071EF810842AAA08EA988.d.BDFA18C235149EA40E267BA9B9A1FFE2.e.13468"}]}
COMMAND: GET /session/2eb25f1cbe9612d735ab0219d8fb520b/screenshot - {}
RESULT: {}
COMMAND: POST /session/2eb25f1cbe9612d735ab0219d8fb520b/execute/sync - {"script":"<script> [8489 bytes]","args":[{"element-6066-11e4-a52e-4f735466cecf":"f.1920C544C16071EF810842AAA08EA988.d.BDFA18C235149EA40E267BA9B9A1FFE2.e.13468","ELEMENT":"f.1920C544C16071EF810842AAA08EA988.d.BDFA18C235149EA40E267BA9B9A1FFE2.e.13468"}]}
RESULT: {"script":"<script> [8489 bytes]","args":[{"element-6066-11e4-a52e-4f735466cecf":"f.1920C544C16071EF810842AAA08EA988.d.BDFA18C235149EA40E267BA9B9A1FFE2.e.13468","ELEMENT":"f.1920C544C16071EF810842AAA08EA988.d.BDFA18C235149EA40E267BA9B9A1FFE2.e.13468"}]}
COMMAND: GET /session/2eb25f1cbe9612d735ab0219d8fb520b/screenshot - {}
RESULT: {}
COMMAND: POST /session/2eb25f1cbe9612d735ab0219d8fb520b/execute/sync - {"script":"<script> [8489 bytes]","args":[{"element-6066-11e4-a52e-4f735466cecf":"f.1920C544C16071EF810842AAA08EA988.d.BDFA18C235149EA40E267BA9B9A1FFE2.e.13468","ELEMENT":"f.1920C544C16071EF810842AAA08EA988.d.BDFA18C235149EA40E267BA9B9A1FFE2.e.13468"}]}
RESULT: {"script":"<script> [8489 bytes]","args":[{"element-6066-11e4-a52e-4f735466cecf":"f.1920C544C16071EF810842AAA08EA988.d.BDFA18C235149EA40E267BA9B9A1FFE2.e.13468","ELEMENT":"f.1920C544C16071EF810842AAA08EA988.d.BDFA18C235149EA40E267BA9B9A1FFE2.e.13468"}]}
COMMAND: GET /session/2eb25f1cbe9612d735ab0219d8fb520b/screenshot - {}
RESULT: {}
COMMAND: POST /session/2eb25f1cbe9612d735ab0219d8fb520b/execute/sync - {"script":"<script> [8489 bytes]","args":[{"element-6066-11e4-a52e-4f735466cecf":"f.1920C544C16071EF810842AAA08EA988.d.BDFA18C235149EA40E267BA9B9A1FFE2.e.13468","ELEMENT":"f.1920C544C16071EF810842AAA08EA988.d.BDFA18C235149EA40E267BA9B9A1FFE2.e.13468"}]}
RESULT: {"script":"<script> [8489 bytes]","args":[{"element-6066-11e4-a52e-4f735466cecf":"f.1920C544C16071EF810842AAA08EA988.d.BDFA18C235149EA40E267BA9B9A1FFE2.e.13468","ELEMENT":"f.1920C544C16071EF810842AAA08EA988.d.BDFA18C235149EA40E267BA9B9A1FFE2.e.13468"}]}
COMMAND: GET /session/2eb25f1cbe9612d735ab0219d8fb520b/screenshot - {}
RESULT: {}
COMMAND: POST /session/2eb25f1cbe9612d735ab0219d8fb520b/execute/sync - {"script":"<script> [8489 bytes]","args":[{"element-6066-11e4-a52e-4f735466cecf":"f.1920C544C16071EF810842AAA08EA988.d.BDFA18C235149EA40E267BA9B9A1FFE2.e.13468","ELEMENT":"f.1920C544C16071EF810842AAA08EA988.d.BDFA18C235149EA40E267BA9B9A1FFE2.e.13468"}]}
RESULT: {"script":"<script> [8489 bytes]","args":[{"element-6066-11e4-a52e-4f735466cecf":"f.1920C544C16071EF810842AAA08EA988.d.BDFA18C235149EA40E267BA9B9A1FFE2.e.13468","ELEMENT":"f.1920C544C16071EF810842AAA08EA988.d.BDFA18C235149EA40E267BA9B9A1FFE2.e.13468"}]}
COMMAND: GET /session/2eb25f1cbe9612d735ab0219d8fb520b/screenshot - {}
RESULT: {}
COMMAND: POST /session/2eb25f1cbe9612d735ab0219d8fb520b/execute/sync - {"script":"<script> [8489 bytes]","args":[{"element-6066-11e4-a52e-4f735466cecf":"f.1920C544C16071EF810842AAA08EA988.d.BDFA18C235149EA40E267BA9B9A1FFE2.e.13468","ELEMENT":"f.1920C544C16071EF810842AAA08EA988.d.BDFA18C235149EA40E267BA9B9A1FFE2.e.13468"}]}
RESULT: {"script":"<script> [8489 bytes]","args":[{"element-6066-11e4-a52e-4f735466cecf":"f.1920C544C16071EF810842AAA08EA988.d.BDFA18C235149EA40E267BA9B9A1FFE2.e.13468","ELEMENT":"f.1920C544C16071EF810842AAA08EA988.d.BDFA18C235149EA40E267BA9B9A1FFE2.e.13468"}]}
COMMAND: GET /session/2eb25f1cbe9612d735ab0219d8fb520b/screenshot - {}
RESULT: {}
COMMAND: POST /session/2eb25f1cbe9612d735ab0219d8fb520b/execute/sync - {"script":"<script> [8489 bytes]","args":[{"element-6066-11e4-a52e-4f735466cecf":"f.1920C544C16071EF810842AAA08EA988.d.BDFA18C235149EA40E267BA9B9A1FFE2.e.13468","ELEMENT":"f.1920C544C16071EF810842AAA08EA988.d.BDFA18C235149EA40E267BA9B9A1FFE2.e.13468"}]}
RESULT: {"script":"<script> [8489 bytes]","args":[{"element-6066-11e4-a52e-4f735466cecf":"f.1920C544C16071EF810842AAA08EA988.d.BDFA18C235149EA40E267BA9B9A1FFE2.e.13468","ELEMENT":"f.1920C544C16071EF810842AAA08EA988.d.BDFA18C235149EA40E267BA9B9A1FFE2.e.13468"}]}
COMMAND: GET /session/2eb25f1cbe9612d735ab0219d8fb520b/screenshot - {}
RESULT: {}
COMMAND: POST /session/2eb25f1cbe9612d735ab0219d8fb520b/execute/sync - {"script":"<script> [8489 bytes]","args":[{"element-6066-11e4-a52e-4f735466cecf":"f.1920C544C16071EF810842AAA08EA988.d.BDFA18C235149EA40E267BA9B9A1FFE2.e.13468","ELEMENT":"f.1920C544C16071EF810842AAA08EA988.d.BDFA18C235149EA40E267BA9B9A1FFE2.e.13468"}]}
RESULT: {"script":"<script> [8489 bytes]","args":[{"element-6066-11e4-a52e-4f735466cecf":"f.1920C544C16071EF810842AAA08EA988.d.BDFA18C235149EA40E267BA9B9A1FFE2.e.13468","ELEMENT":"f.1920C544C16071EF810842AAA08EA988.d.BDFA18C235149EA40E267BA9B9A1FFE2.e.13468"}]}
COMMAND: GET /session/2eb25f1cbe9612d735ab0219d8fb520b/screenshot - {}
RESULT: {}
COMMAND: POST /session/2eb25f1cbe9612d735ab0219d8fb520b/execute/sync - {"script":"<script> [8489 bytes]","args":[{"element-6066-11e4-a52e-4f735466cecf":"f.1920C544C16071EF810842AAA08EA988.d.BDFA18C235149EA40E267BA9B9A1FFE2.e.13468","ELEMENT":"f.1920C544C16071EF810842AAA08EA988.d.BDFA18C235149EA40E267BA9B9A1FFE2.e.13468"}]}
RESULT: {"script":"<script> [8489 bytes]","args":[{"element-6066-11e4-a52e-4f735466cecf":"f.1920C544C16071EF810842AAA08EA988.d.BDFA18C235149EA40E267BA9B9A1FFE2.e.13468","ELEMENT":"f.1920C544C16071EF810842AAA08EA988.d.BDFA18C235149EA40E267BA9B9A1FFE2.e.13468"}]}
COMMAND: GET /session/2eb25f1cbe9612d735ab0219d8fb520b/screenshot - {}
RESULT: {}
COMMAND: POST /session/2eb25f1cbe9612d735ab0219d8fb520b/execute/sync - {"script":"<script> [8489 bytes]","args":[{"element-6066-11e4-a52e-4f735466cecf":"f.1920C544C16071EF810842AAA08EA988.d.BDFA18C235149EA40E267BA9B9A1FFE2.e.13468","ELEMENT":"f.1920C544C16071EF810842AAA08EA988.d.BDFA18C235149EA40E267BA9B9A1FFE2.e.13468"}]}
RESULT: {"script":"<script> [8489 bytes]","args":[{"element-6066-11e4-a52e-4f735466cecf":"f.1920C544C16071EF810842AAA08EA988.d.BDFA18C235149EA40E267BA9B9A1FFE2.e.13468","ELEMENT":"f.1920C544C16071EF810842AAA08EA988.d.BDFA18C235149EA40E267BA9B9A1FFE2.e.13468"}]}
COMMAND: GET /session/2eb25f1cbe9612d735ab0219d8fb520b/screenshot - {}
RESULT: {}
COMMAND: POST /session/2eb25f1cbe9612d735ab0219d8fb520b/execute/sync - {"script":"<script> [8489 bytes]","args":[{"element-6066-11e4-a52e-4f735466cecf":"f.1920C544C16071EF810842AAA08EA988.d.BDFA18C235149EA40E267BA9B9A1FFE2.e.13468","ELEMENT":"f.1920C544C16071EF810842AAA08EA988.d.BDFA18C235149EA40E267BA9B9A1FFE2.e.13468"}]}
RESULT: {"script":"<script> [8489 bytes]","args":[{"element-6066-11e4-a52e-4f735466cecf":"f.1920C544C16071EF810842AAA08EA988.d.BDFA18C235149EA40E267BA9B9A1FFE2.e.13468","ELEMENT":"f.1920C544C16071EF810842AAA08EA988.d.BDFA18C235149EA40E267BA9B9A1FFE2.e.13468"}]}
COMMAND: GET /session/2eb25f1cbe9612d735ab0219d8fb520b/screenshot - {}
RESULT: {}
COMMAND: POST /session/2eb25f1cbe9612d735ab0219d8fb520b/execute/sync - {"script":"<script> [8489 bytes]","args":[{"element-6066-11e4-a52e-4f735466cecf":"f.1920C544C16071EF810842AAA08EA988.d.BDFA18C235149EA40E267BA9B9A1FFE2.e.13468","ELEMENT":"f.1920C544C16071EF810842AAA08EA988.d.BDFA18C235149EA40E267BA9B9A1FFE2.e.13468"}]}
RESULT: {"script":"<script> [8489 bytes]","args":[{"element-6066-11e4-a52e-4f735466cecf":"f.1920C544C16071EF810842AAA08EA988.d.BDFA18C235149EA40E267BA9B9A1FFE2.e.13468","ELEMENT":"f.1920C544C16071EF810842AAA08EA988.d.BDFA18C235149EA40E267BA9B9A1FFE2.e.13468"}]}
COMMAND: GET /session/2eb25f1cbe9612d735ab0219d8fb520b/screenshot - {}
RESULT: {}
COMMAND: POST /session/2eb25f1cbe9612d735ab0219d8fb520b/execute/sync - {"script":"<script> [8489 bytes]","args":[{"element-6066-11e4-a52e-4f735466cecf":"f.1920C544C16071EF810842AAA08EA988.d.BDFA18C235149EA40E267BA9B9A1FFE2.e.13468","ELEMENT":"f.1920C544C16071EF810842AAA08EA988.d.BDFA18C235149EA40E267BA9B9A1FFE2.e.13468"}]}
RESULT: {"script":"<script> [8489 bytes]","args":[{"element-6066-11e4-a52e-4f735466cecf":"f.1920C544C16071EF810842AAA08EA988.d.BDFA18C235149EA40E267BA9B9A1FFE2.e.13468","ELEMENT":"f.1920C544C16071EF810842AAA08EA988.d.BDFA18C235149EA40E267BA9B9A1FFE2.e.13468"}]}
COMMAND: GET /session/2eb25f1cbe9612d735ab0219d8fb520b/screenshot - {}
RESULT: {}
COMMAND: POST /session/2eb25f1cbe9612d735ab0219d8fb520b/execute/sync - {"script":"<script> [8489 bytes]","args":[{"element-6066-11e4-a52e-4f735466cecf":"f.1920C544C16071EF810842AAA08EA988.d.BDFA18C235149EA40E267BA9B9A1FFE2.e.13468","ELEMENT":"f.1920C544C16071EF810842AAA08EA988.d.BDFA18C235149EA40E267BA9B9A1FFE2.e.13468"}]}
RESULT: {"script":"<script> [8489 bytes]","args":[{"element-6066-11e4-a52e-4f735466cecf":"f.1920C544C16071EF810842AAA08EA988.d.BDFA18C235149EA40E267BA9B9A1FFE2.e.13468","ELEMENT":"f.1920C544C16071EF810842AAA08EA988.d.BDFA18C235149EA40E267BA9B9A1FFE2.e.13468"}]}
COMMAND: GET /session/2eb25f1cbe9612d735ab0219d8fb520b/screenshot - {}
RESULT: {}
COMMAND: POST /session/2eb25f1cbe9612d735ab0219d8fb520b/execute/sync - {"script":"<script> [8489 bytes]","args":[{"element-6066-11e4-a52e-4f735466cecf":"f.1920C544C16071EF810842AAA08EA988.d.BDFA18C235149EA40E267BA9B9A1FFE2.e.13468","ELEMENT":"f.1920C544C16071EF810842AAA08EA988.d.BDFA18C235149EA40E267BA9B9A1FFE2.e.13468"}]}
RESULT: {"script":"<script> [8489 bytes]","args":[{"element-6066-11e4-a52e-4f735466cecf":"f.1920C544C16071EF810842AAA08EA988.d.BDFA18C235149EA40E267BA9B9A1FFE2.e.13468","ELEMENT":"f.1920C544C16071EF810842AAA08EA988.d.BDFA18C235149EA40E267BA9B9A1FFE2.e.13468"}]}
COMMAND: GET /session/2eb25f1cbe9612d735ab0219d8fb520b/screenshot - {}
RESULT: {}
COMMAND: POST /session/2eb25f1cbe9612d735ab0219d8fb520b/execute/sync - {"script":"<script> [8489 bytes]","args":[{"element-6066-11e4-a52e-4f735466cecf":"f.1920C544C16071EF810842AAA08EA988.d.BDFA18C235149EA40E267BA9B9A1FFE2.e.13468","ELEMENT":"f.1920C544C16071EF810842AAA08EA988.d.BDFA18C235149EA40E267BA9B9A1FFE2.e.13468"}]}
RESULT: {"script":"<script> [8489 bytes]","args":[{"element-6066-11e4-a52e-4f735466cecf":"f.1920C544C16071EF810842AAA08EA988.d.BDFA18C235149EA40E267BA9B9A1FFE2.e.13468","ELEMENT":"f.1920C544C16071EF810842AAA08EA988.d.BDFA18C235149EA40E267BA9B9A1FFE2.e.13468"}]}
COMMAND: GET /session/2eb25f1cbe9612d735ab0219d8fb520b/screenshot - {}
RESULT: {}
COMMAND: POST /session/2eb25f1cbe9612d735ab0219d8fb520b/execute/sync - {"script":"<script> [8489 bytes]","args":[{"element-6066-11e4-a52e-4f735466cecf":"f.1920C544C16071EF810842AAA08EA988.d.BDFA18C235149EA40E267BA9B9A1FFE2.e.13468","ELEMENT":"f.1920C544C16071EF810842AAA08EA988.d.BDFA18C235149EA40E267BA9B9A1FFE2.e.13468"}]}
RESULT: {"script":"<script> [8489 bytes]","args":[{"element-6066-11e4-a52e-4f735466cecf":"f.1920C544C16071EF810842AAA08EA988.d.BDFA18C235149EA40E267BA9B9A1FFE2.e.13468","ELEMENT":"f.1920C544C16071EF810842AAA08EA988.d.BDFA18C235149EA40E267BA9B9A1FFE2.e.13468"}]}
COMMAND: GET /session/2eb25f1cbe9612d735ab0219d8fb520b/screenshot - {}
RESULT: {}
COMMAND: POST /session/2eb25f1cbe9612d735ab0219d8fb520b/execute/sync - {"script":"<script> [8489 bytes]","args":[{"element-6066-11e4-a52e-4f735466cecf":"f.1920C544C16071EF810842AAA08EA988.d.BDFA18C235149EA40E267BA9B9A1FFE2.e.13468","ELEMENT":"f.1920C544C16071EF810842AAA08EA988.d.BDFA18C235149EA40E267BA9B9A1FFE2.e.13468"}]}
RESULT: {"script":"<script> [8489 bytes]","args":[{"element-6066-11e4-a52e-4f735466cecf":"f.1920C544C16071EF810842AAA08EA988.d.BDFA18C235149EA40E267BA9B9A1FFE2.e.13468","ELEMENT":"f.1920C544C16071EF810842AAA08EA988.d.BDFA18C235149EA40E267BA9B9A1FFE2.e.13468"}]}
COMMAND: GET /session/2eb25f1cbe9612d735ab0219d8fb520b/screenshot - {}
RESULT: {}
COMMAND: POST /session/2eb25f1cbe9612d735ab0219d8fb520b/execute/sync - {"script":"<script> [8489 bytes]","args":[{"element-6066-11e4-a52e-4f735466cecf":"f.1920C544C16071EF810842AAA08EA988.d.BDFA18C235149EA40E267BA9B9A1FFE2.e.13468","ELEMENT":"f.1920C544C16071EF810842AAA08EA988.d.BDFA18C235149EA40E267BA9B9A1FFE2.e.13468"}]}
RESULT: {"script":"<script> [8489 bytes]","args":[{"element-6066-11e4-a52e-4f735466cecf":"f.1920C544C16071EF810842AAA08EA988.d.BDFA18C235149EA40E267BA9B9A1FFE2.e.13468","ELEMENT":"f.1920C544C16071EF810842AAA08EA988.d.BDFA18C235149EA40E267BA9B9A1FFE2.e.13468"}]}
COMMAND: GET /session/2eb25f1cbe9612d735ab0219d8fb520b/screenshot - {}
COMMAND: POST /session/2eb25f1cbe9612d735ab0219d8fb520b/execute/sync - {"script":"<script> [8489 bytes]","args":[{"element-6066-11e4-a52e-4f735466cecf":"f.1920C544C16071EF810842AAA08EA988.d.BDFA18C235149EA40E267BA9B9A1FFE2.e.13468","ELEMENT":"f.1920C544C16071EF810842AAA08EA988.d.BDFA18C235149EA40E267BA9B9A1FFE2.e.13468"}]}
RESULT: {}
RESULT: {"script":"<script> [8489 bytes]","args":[{"element-6066-11e4-a52e-4f735466cecf":"f.1920C544C16071EF810842AAA08EA988.d.BDFA18C235149EA40E267BA9B9A1FFE2.e.13468","ELEMENT":"f.1920C544C16071EF810842AAA08EA988.d.BDFA18C235149EA40E267BA9B9A1FFE2.e.13468"}]}
COMMAND: GET /session/2eb25f1cbe9612d735ab0219d8fb520b/screenshot - {}
RESULT: {}
COMMAND: POST /session/2eb25f1cbe9612d735ab0219d8fb520b/execute/sync - {"script":"<script> [8489 bytes]","args":[{"element-6066-11e4-a52e-4f735466cecf":"f.1920C544C16071EF810842AAA08EA988.d.BDFA18C235149EA40E267BA9B9A1FFE2.e.13468","ELEMENT":"f.1920C544C16071EF810842AAA08EA988.d.BDFA18C235149EA40E267BA9B9A1FFE2.e.13468"}]}
RESULT: {"script":"<script> [8489 bytes]","args":[{"element-6066-11e4-a52e-4f735466cecf":"f.1920C544C16071EF810842AAA08EA988.d.BDFA18C235149EA40E267BA9B9A1FFE2.e.13468","ELEMENT":"f.1920C544C16071EF810842AAA08EA988.d.BDFA18C235149EA40E267BA9B9A1FFE2.e.13468"}]}
COMMAND: GET /session/2eb25f1cbe9612d735ab0219d8fb520b/screenshot - {}
RESULT: {}
COMMAND: POST /session/2eb25f1cbe9612d735ab0219d8fb520b/execute/sync - {"script":"<script> [8489 bytes]","args":[{"element-6066-11e4-a52e-4f735466cecf":"f.1920C544C16071EF810842AAA08EA988.d.BDFA18C235149EA40E267BA9B9A1FFE2.e.13468","ELEMENT":"f.1920C544C16071EF810842AAA08EA988.d.BDFA18C235149EA40E267BA9B9A1FFE2.e.13468"}]}
RESULT: {"script":"<script> [8489 bytes]","args":[{"element-6066-11e4-a52e-4f735466cecf":"f.1920C544C16071EF810842AAA08EA988.d.BDFA18C235149EA40E267BA9B9A1FFE2.e.13468","ELEMENT":"f.1920C544C16071EF810842AAA08EA988.d.BDFA18C235149EA40E267BA9B9A1FFE2.e.13468"}]}
COMMAND: GET /session/2eb25f1cbe9612d735ab0219d8fb520b/screenshot - {}
RESULT: {}
COMMAND: POST /session/2eb25f1cbe9612d735ab0219d8fb520b/execute/sync - {"script":"<script> [8489 bytes]","args":[{"element-6066-11e4-a52e-4f735466cecf":"f.1920C544C16071EF810842AAA08EA988.d.BDFA18C235149EA40E267BA9B9A1FFE2.e.13468","ELEMENT":"f.1920C544C16071EF810842AAA08EA988.d.BDFA18C235149EA40E267BA9B9A1FFE2.e.13468"}]}
RESULT: {"script":"<script> [8489 bytes]","args":[{"element-6066-11e4-a52e-4f735466cecf":"f.1920C544C16071EF810842AAA08EA988.d.BDFA18C235149EA40E267BA9B9A1FFE2.e.13468","ELEMENT":"f.1920C544C16071EF810842AAA08EA988.d.BDFA18C235149EA40E267BA9B9A1FFE2.e.13468"}]}
COMMAND: GET /session/2eb25f1cbe9612d735ab0219d8fb520b/screenshot - {}
RESULT: {}
COMMAND: POST /session/2eb25f1cbe9612d735ab0219d8fb520b/execute/sync - {"script":"<script> [8489 bytes]","args":[{"element-6066-11e4-a52e-4f735466cecf":"f.1920C544C16071EF810842AAA08EA988.d.BDFA18C235149EA40E267BA9B9A1FFE2.e.13468","ELEMENT":"f.1920C544C16071EF810842AAA08EA988.d.BDFA18C235149EA40E267BA9B9A1FFE2.e.13468"}]}
RESULT: {"script":"<script> [8489 bytes]","args":[{"element-6066-11e4-a52e-4f735466cecf":"f.1920C544C16071EF810842AAA08EA988.d.BDFA18C235149EA40E267BA9B9A1FFE2.e.13468","ELEMENT":"f.1920C544C16071EF810842AAA08EA988.d.BDFA18C235149EA40E267BA9B9A1FFE2.e.13468"}]}
COMMAND: GET /session/2eb25f1cbe9612d735ab0219d8fb520b/screenshot - {}
RESULT: {}
COMMAND: POST /session/2eb25f1cbe9612d735ab0219d8fb520b/execute/sync - {"script":"<script> [8489 bytes]","args":[{"element-6066-11e4-a52e-4f735466cecf":"f.1920C544C16071EF810842AAA08EA988.d.BDFA18C235149EA40E267BA9B9A1FFE2.e.13468","ELEMENT":"f.1920C544C16071EF810842AAA08EA988.d.BDFA18C235149EA40E267BA9B9A1FFE2.e.13468"}]}
RESULT: {"script":"<script> [8489 bytes]","args":[{"element-6066-11e4-a52e-4f735466cecf":"f.1920C544C16071EF810842AAA08EA988.d.BDFA18C235149EA40E267BA9B9A1FFE2.e.13468","ELEMENT":"f.1920C544C16071EF810842AAA08EA988.d.BDFA18C235149EA40E267BA9B9A1FFE2.e.13468"}]}
COMMAND: GET /session/2eb25f1cbe9612d735ab0219d8fb520b/screenshot - {}
RESULT: {}
COMMAND: POST /session/2eb25f1cbe9612d735ab0219d8fb520b/execute/sync - {"script":"<script> [8489 bytes]","args":[{"element-6066-11e4-a52e-4f735466cecf":"f.1920C544C16071EF810842AAA08EA988.d.BDFA18C235149EA40E267BA9B9A1FFE2.e.13468","ELEMENT":"f.1920C544C16071EF810842AAA08EA988.d.BDFA18C235149EA40E267BA9B9A1FFE2.e.13468"}]}
RESULT: {"script":"<script> [8489 bytes]","args":[{"element-6066-11e4-a52e-4f735466cecf":"f.1920C544C16071EF810842AAA08EA988.d.BDFA18C235149EA40E267BA9B9A1FFE2.e.13468","ELEMENT":"f.1920C544C16071EF810842AAA08EA988.d.BDFA18C235149EA40E267BA9B9A1FFE2.e.13468"}]}
COMMAND: GET /session/2eb25f1cbe9612d735ab0219d8fb520b/screenshot - {}
RESULT: {}
COMMAND: POST /session/2eb25f1cbe9612d735ab0219d8fb520b/execute/sync - {"script":"<script> [8489 bytes]","args":[{"element-6066-11e4-a52e-4f735466cecf":"f.1920C544C16071EF810842AAA08EA988.d.BDFA18C235149EA40E267BA9B9A1FFE2.e.13468","ELEMENT":"f.1920C544C16071EF810842AAA08EA988.d.BDFA18C235149EA40E267BA9B9A1FFE2.e.13468"}]}
RESULT: {"script":"<script> [8489 bytes]","args":[{"element-6066-11e4-a52e-4f735466cecf":"f.1920C544C16071EF810842AAA08EA988.d.BDFA18C235149EA40E267BA9B9A1FFE2.e.13468","ELEMENT":"f.1920C544C16071EF810842AAA08EA988.d.BDFA18C235149EA40E267BA9B9A1FFE2.e.13468"}]}
COMMAND: GET /session/2eb25f1cbe9612d735ab0219d8fb520b/screenshot - {}
RESULT: {}
COMMAND: POST /session/2eb25f1cbe9612d735ab0219d8fb520b/execute/sync - {"script":"<script> [8489 bytes]","args":[{"element-6066-11e4-a52e-4f735466cecf":"f.1920C544C16071EF810842AAA08EA988.d.BDFA18C235149EA40E267BA9B9A1FFE2.e.13468","ELEMENT":"f.1920C544C16071EF810842AAA08EA988.d.BDFA18C235149EA40E267BA9B9A1FFE2.e.13468"}]}
RESULT: {"script":"<script> [8489 bytes]","args":[{"element-6066-11e4-a52e-4f735466cecf":"f.1920C544C16071EF810842AAA08EA988.d.BDFA18C235149EA40E267BA9B9A1FFE2.e.13468","ELEMENT":"f.1920C544C16071EF810842AAA08EA988.d.BDFA18C235149EA40E267BA9B9A1FFE2.e.13468"}]}
COMMAND: GET /session/2eb25f1cbe9612d735ab0219d8fb520b/screenshot - {}
RESULT: {}
COMMAND: POST /session/2eb25f1cbe9612d735ab0219d8fb520b/execute/sync - {"script":"<script> [8489 bytes]","args":[{"element-6066-11e4-a52e-4f735466cecf":"f.1920C544C16071EF810842AAA08EA988.d.BDFA18C235149EA40E267BA9B9A1FFE2.e.13468","ELEMENT":"f.1920C544C16071EF810842AAA08EA988.d.BDFA18C235149EA40E267BA9B9A1FFE2.e.13468"}]}
RESULT: {"script":"<script> [8489 bytes]","args":[{"element-6066-11e4-a52e-4f735466cecf":"f.1920C544C16071EF810842AAA08EA988.d.BDFA18C235149EA40E267BA9B9A1FFE2.e.13468","ELEMENT":"f.1920C544C16071EF810842AAA08EA988.d.BDFA18C235149EA40E267BA9B9A1FFE2.e.13468"}]}
COMMAND: GET /session/2eb25f1cbe9612d735ab0219d8fb520b/screenshot - {}
RESULT: {}
COMMAND: POST /session/2eb25f1cbe9612d735ab0219d8fb520b/execute/sync - {"script":"<script> [8489 bytes]","args":[{"element-6066-11e4-a52e-4f735466cecf":"f.1920C544C16071EF810842AAA08EA988.d.BDFA18C235149EA40E267BA9B9A1FFE2.e.13468","ELEMENT":"f.1920C544C16071EF810842AAA08EA988.d.BDFA18C235149EA40E267BA9B9A1FFE2.e.13468"}]}
RESULT: {"script":"<script> [8489 bytes]","args":[{"element-6066-11e4-a52e-4f735466cecf":"f.1920C544C16071EF810842AAA08EA988.d.BDFA18C235149EA40E267BA9B9A1FFE2.e.13468","ELEMENT":"f.1920C544C16071EF810842AAA08EA988.d.BDFA18C235149EA40E267BA9B9A1FFE2.e.13468"}]}
COMMAND: GET /session/2eb25f1cbe9612d735ab0219d8fb520b/screenshot - {}
RESULT: {}
COMMAND: POST /session/2eb25f1cbe9612d735ab0219d8fb520b/execute/sync - {"script":"<script> [8489 bytes]","args":[{"element-6066-11e4-a52e-4f735466cecf":"f.1920C544C16071EF810842AAA08EA988.d.BDFA18C235149EA40E267BA9B9A1FFE2.e.13468","ELEMENT":"f.1920C544C16071EF810842AAA08EA988.d.BDFA18C235149EA40E267BA9B9A1FFE2.e.13468"}]}
RESULT: {"script":"<script> [8489 bytes]","args":[{"element-6066-11e4-a52e-4f735466cecf":"f.1920C544C16071EF810842AAA08EA988.d.BDFA18C235149EA40E267BA9B9A1FFE2.e.13468","ELEMENT":"f.1920C544C16071EF810842AAA08EA988.d.BDFA18C235149EA40E267BA9B9A1FFE2.e.13468"}]}
COMMAND: GET /session/2eb25f1cbe9612d735ab0219d8fb520b/screenshot - {}
RESULT: {}
COMMAND: POST /session/2eb25f1cbe9612d735ab0219d8fb520b/execute/sync - {"script":"<script> [8489 bytes]","args":[{"element-6066-11e4-a52e-4f735466cecf":"f.1920C544C16071EF810842AAA08EA988.d.BDFA18C235149EA40E267BA9B9A1FFE2.e.13468","ELEMENT":"f.1920C544C16071EF810842AAA08EA988.d.BDFA18C235149EA40E267BA9B9A1FFE2.e.13468"}]}
RESULT: {"script":"<script> [8489 bytes]","args":[{"element-6066-11e4-a52e-4f735466cecf":"f.1920C544C16071EF810842AAA08EA988.d.BDFA18C235149EA40E267BA9B9A1FFE2.e.13468","ELEMENT":"f.1920C544C16071EF810842AAA08EA988.d.BDFA18C235149EA40E267BA9B9A1FFE2.e.13468"}]}
COMMAND: GET /session/2eb25f1cbe9612d735ab0219d8fb520b/screenshot - {}
RESULT: {}
COMMAND: POST /session/2eb25f1cbe9612d735ab0219d8fb520b/execute/sync - {"script":"<script> [8489 bytes]","args":[{"element-6066-11e4-a52e-4f735466cecf":"f.1920C544C16071EF810842AAA08EA988.d.BDFA18C235149EA40E267BA9B9A1FFE2.e.13468","ELEMENT":"f.1920C544C16071EF810842AAA08EA988.d.BDFA18C235149EA40E267BA9B9A1FFE2.e.13468"}]}
RESULT: {"script":"<script> [8489 bytes]","args":[{"element-6066-11e4-a52e-4f735466cecf":"f.1920C544C16071EF810842AAA08EA988.d.BDFA18C235149EA40E267BA9B9A1FFE2.e.13468","ELEMENT":"f.1920C544C16071EF810842AAA08EA988.d.BDFA18C235149EA40E267BA9B9A1FFE2.e.13468"}]}
COMMAND: GET /session/2eb25f1cbe9612d735ab0219d8fb520b/screenshot - {}
RESULT: {}
COMMAND: POST /session/2eb25f1cbe9612d735ab0219d8fb520b/execute/sync - {"script":"<script> [8489 bytes]","args":[{"element-6066-11e4-a52e-4f735466cecf":"f.1920C544C16071EF810842AAA08EA988.d.BDFA18C235149EA40E267BA9B9A1FFE2.e.13468","ELEMENT":"f.1920C544C16071EF810842AAA08EA988.d.BDFA18C235149EA40E267BA9B9A1FFE2.e.13468"}]}
RESULT: {"script":"<script> [8489 bytes]","args":[{"element-6066-11e4-a52e-4f735466cecf":"f.1920C544C16071EF810842AAA08EA988.d.BDFA18C235149EA40E267BA9B9A1FFE2.e.13468","ELEMENT":"f.1920C544C16071EF810842AAA08EA988.d.BDFA18C235149EA40E267BA9B9A1FFE2.e.13468"}]}
COMMAND: GET /session/2eb25f1cbe9612d735ab0219d8fb520b/screenshot - {}
RESULT: {}
COMMAND: POST /session/2eb25f1cbe9612d735ab0219d8fb520b/execute/sync - {"script":"<script> [8489 bytes]","args":[{"element-6066-11e4-a52e-4f735466cecf":"f.1920C544C16071EF810842AAA08EA988.d.BDFA18C235149EA40E267BA9B9A1FFE2.e.13468","ELEMENT":"f.1920C544C16071EF810842AAA08EA988.d.BDFA18C235149EA40E267BA9B9A1FFE2.e.13468"}]}
RESULT: {"script":"<script> [8489 bytes]","args":[{"element-6066-11e4-a52e-4f735466cecf":"f.1920C544C16071EF810842AAA08EA988.d.BDFA18C235149EA40E267BA9B9A1FFE2.e.13468","ELEMENT":"f.1920C544C16071EF810842AAA08EA988.d.BDFA18C235149EA40E267BA9B9A1FFE2.e.13468"}]}
COMMAND: GET /session/2eb25f1cbe9612d735ab0219d8fb520b/screenshot - {}
RESULT: {}
COMMAND: POST /session/2eb25f1cbe9612d735ab0219d8fb520b/execute/sync - {"script":"<script> [8489 bytes]","args":[{"element-6066-11e4-a52e-4f735466cecf":"f.1920C544C16071EF810842AAA08EA988.d.BDFA18C235149EA40E267BA9B9A1FFE2.e.13468","ELEMENT":"f.1920C544C16071EF810842AAA08EA988.d.BDFA18C235149EA40E267BA9B9A1FFE2.e.13468"}]}
RESULT: {"script":"<script> [8489 bytes]","args":[{"element-6066-11e4-a52e-4f735466cecf":"f.1920C544C16071EF810842AAA08EA988.d.BDFA18C235149EA40E267BA9B9A1FFE2.e.13468","ELEMENT":"f.1920C544C16071EF810842AAA08EA988.d.BDFA18C235149EA40E267BA9B9A1FFE2.e.13468"}]}
COMMAND: GET /session/2eb25f1cbe9612d735ab0219d8fb520b/screenshot - {}
RESULT: {}
COMMAND: POST /session/2eb25f1cbe9612d735ab0219d8fb520b/execute/sync - {"script":"<script> [8489 bytes]","args":[{"element-6066-11e4-a52e-4f735466cecf":"f.1920C544C16071EF810842AAA08EA988.d.BDFA18C235149EA40E267BA9B9A1FFE2.e.13468","ELEMENT":"f.1920C544C16071EF810842AAA08EA988.d.BDFA18C235149EA40E267BA9B9A1FFE2.e.13468"}]}
RESULT: {"script":"<script> [8489 bytes]","args":[{"element-6066-11e4-a52e-4f735466cecf":"f.1920C544C16071EF810842AAA08EA988.d.BDFA18C235149EA40E267BA9B9A1FFE2.e.13468","ELEMENT":"f.1920C544C16071EF810842AAA08EA988.d.BDFA18C235149EA40E267BA9B9A1FFE2.e.13468"}]}
COMMAND: GET /session/2eb25f1cbe9612d735ab0219d8fb520b/screenshot - {}
COMMAND: POST /session/2eb25f1cbe9612d735ab0219d8fb520b/execute/sync - {"script":"<script> [8489 bytes]","args":[{"element-6066-11e4-a52e-4f735466cecf":"f.1920C544C16071EF810842AAA08EA988.d.BDFA18C235149EA40E267BA9B9A1FFE2.e.13468","ELEMENT":"f.1920C544C16071EF810842AAA08EA988.d.BDFA18C235149EA40E267BA9B9A1FFE2.e.13468"}]}
RESULT: {}
RESULT: {"script":"<script> [8489 bytes]","args":[{"element-6066-11e4-a52e-4f735466cecf":"f.1920C544C16071EF810842AAA08EA988.d.BDFA18C235149EA40E267BA9B9A1FFE2.e.13468","ELEMENT":"f.1920C544C16071EF810842AAA08EA988.d.BDFA18C235149EA40E267BA9B9A1FFE2.e.13468"}]}
COMMAND: GET /session/2eb25f1cbe9612d735ab0219d8fb520b/screenshot - {}
RESULT: {}
COMMAND: POST /session/2eb25f1cbe9612d735ab0219d8fb520b/execute/sync - {"script":"<script> [8489 bytes]","args":[{"element-6066-11e4-a52e-4f735466cecf":"f.1920C544C16071EF810842AAA08EA988.d.BDFA18C235149EA40E267BA9B9A1FFE2.e.13468","ELEMENT":"f.1920C544C16071EF810842AAA08EA988.d.BDFA18C235149EA40E267BA9B9A1FFE2.e.13468"}]}
RESULT: {"script":"<script> [8489 bytes]","args":[{"element-6066-11e4-a52e-4f735466cecf":"f.1920C544C16071EF810842AAA08EA988.d.BDFA18C235149EA40E267BA9B9A1FFE2.e.13468","ELEMENT":"f.1920C544C16071EF810842AAA08EA988.d.BDFA18C235149EA40E267BA9B9A1FFE2.e.13468"}]}
COMMAND: GET /session/2eb25f1cbe9612d735ab0219d8fb520b/screenshot - {}
RESULT: {}
COMMAND: POST /session/2eb25f1cbe9612d735ab0219d8fb520b/execute/sync - {"script":"<script> [8489 bytes]","args":[{"element-6066-11e4-a52e-4f735466cecf":"f.1920C544C16071EF810842AAA08EA988.d.BDFA18C235149EA40E267BA9B9A1FFE2.e.13468","ELEMENT":"f.1920C544C16071EF810842AAA08EA988.d.BDFA18C235149EA40E267BA9B9A1FFE2.e.13468"}]}
RESULT: {"script":"<script> [8489 bytes]","args":[{"element-6066-11e4-a52e-4f735466cecf":"f.1920C544C16071EF810842AAA08EA988.d.BDFA18C235149EA40E267BA9B9A1FFE2.e.13468","ELEMENT":"f.1920C544C16071EF810842AAA08EA988.d.BDFA18C235149EA40E267BA9B9A1FFE2.e.13468"}]}
COMMAND: GET /session/2eb25f1cbe9612d735ab0219d8fb520b/screenshot - {}
RESULT: {}
COMMAND: POST /session/2eb25f1cbe9612d735ab0219d8fb520b/execute/sync - {"script":"<script> [8489 bytes]","args":[{"element-6066-11e4-a52e-4f735466cecf":"f.1920C544C16071EF810842AAA08EA988.d.BDFA18C235149EA40E267BA9B9A1FFE2.e.13468","ELEMENT":"f.1920C544C16071EF810842AAA08EA988.d.BDFA18C235149EA40E267BA9B9A1FFE2.e.13468"}]}
RESULT: {"script":"<script> [8489 bytes]","args":[{"element-6066-11e4-a52e-4f735466cecf":"f.1920C544C16071EF810842AAA08EA988.d.BDFA18C235149EA40E267BA9B9A1FFE2.e.13468","ELEMENT":"f.1920C544C16071EF810842AAA08EA988.d.BDFA18C235149EA40E267BA9B9A1FFE2.e.13468"}]}
COMMAND: GET /session/2eb25f1cbe9612d735ab0219d8fb520b/screenshot - {}
RESULT: {}
COMMAND: POST /session/2eb25f1cbe9612d735ab0219d8fb520b/execute/sync - {"script":"<script> [8489 bytes]","args":[{"element-6066-11e4-a52e-4f735466cecf":"f.1920C544C16071EF810842AAA08EA988.d.BDFA18C235149EA40E267BA9B9A1FFE2.e.13468","ELEMENT":"f.1920C544C16071EF810842AAA08EA988.d.BDFA18C235149EA40E267BA9B9A1FFE2.e.13468"}]}
RESULT: {"script":"<script> [8489 bytes]","args":[{"element-6066-11e4-a52e-4f735466cecf":"f.1920C544C16071EF810842AAA08EA988.d.BDFA18C235149EA40E267BA9B9A1FFE2.e.13468","ELEMENT":"f.1920C544C16071EF810842AAA08EA988.d.BDFA18C235149EA40E267BA9B9A1FFE2.e.13468"}]}
COMMAND: GET /session/2eb25f1cbe9612d735ab0219d8fb520b/screenshot - {}
RESULT: {}
COMMAND: POST /session/2eb25f1cbe9612d735ab0219d8fb520b/execute/sync - {"script":"<script> [8489 bytes]","args":[{"element-6066-11e4-a52e-4f735466cecf":"f.1920C544C16071EF810842AAA08EA988.d.BDFA18C235149EA40E267BA9B9A1FFE2.e.13468","ELEMENT":"f.1920C544C16071EF810842AAA08EA988.d.BDFA18C235149EA40E267BA9B9A1FFE2.e.13468"}]}
RESULT: {"script":"<script> [8489 bytes]","args":[{"element-6066-11e4-a52e-4f735466cecf":"f.1920C544C16071EF810842AAA08EA988.d.BDFA18C235149EA40E267BA9B9A1FFE2.e.13468","ELEMENT":"f.1920C544C16071EF810842AAA08EA988.d.BDFA18C235149EA40E267BA9B9A1FFE2.e.13468"}]}
COMMAND: GET /session/2eb25f1cbe9612d735ab0219d8fb520b/screenshot - {}
RESULT: {}
COMMAND: POST /session/2eb25f1cbe9612d735ab0219d8fb520b/execute/sync - {"script":"<script> [8489 bytes]","args":[{"element-6066-11e4-a52e-4f735466cecf":"f.1920C544C16071EF810842AAA08EA988.d.BDFA18C235149EA40E267BA9B9A1FFE2.e.13468","ELEMENT":"f.1920C544C16071EF810842AAA08EA988.d.BDFA18C235149EA40E267BA9B9A1FFE2.e.13468"}]}
RESULT: {"script":"<script> [8489 bytes]","args":[{"element-6066-11e4-a52e-4f735466cecf":"f.1920C544C16071EF810842AAA08EA988.d.BDFA18C235149EA40E267BA9B9A1FFE2.e.13468","ELEMENT":"f.1920C544C16071EF810842AAA08EA988.d.BDFA18C235149EA40E267BA9B9A1FFE2.e.13468"}]}
COMMAND: GET /session/2eb25f1cbe9612d735ab0219d8fb520b/screenshot - {}
RESULT: {}
COMMAND: POST /session/2eb25f1cbe9612d735ab0219d8fb520b/execute/sync - {"script":"<script> [8489 bytes]","args":[{"element-6066-11e4-a52e-4f735466cecf":"f.1920C544C16071EF810842AAA08EA988.d.BDFA18C235149EA40E267BA9B9A1FFE2.e.13468","ELEMENT":"f.1920C544C16071EF810842AAA08EA988.d.BDFA18C235149EA40E267BA9B9A1FFE2.e.13468"}]}
RESULT: {"script":"<script> [8489 bytes]","args":[{"element-6066-11e4-a52e-4f735466cecf":"f.1920C544C16071EF810842AAA08EA988.d.BDFA18C235149EA40E267BA9B9A1FFE2.e.13468","ELEMENT":"f.1920C544C16071EF810842AAA08EA988.d.BDFA18C235149EA40E267BA9B9A1FFE2.e.13468"}]}
COMMAND: GET /session/2eb25f1cbe9612d735ab0219d8fb520b/screenshot - {}
RESULT: {}
COMMAND: POST /session/2eb25f1cbe9612d735ab0219d8fb520b/execute/sync - {"script":"<script> [8489 bytes]","args":[{"element-6066-11e4-a52e-4f735466cecf":"f.1920C544C16071EF810842AAA08EA988.d.BDFA18C235149EA40E267BA9B9A1FFE2.e.13468","ELEMENT":"f.1920C544C16071EF810842AAA08EA988.d.BDFA18C235149EA40E267BA9B9A1FFE2.e.13468"}]}
RESULT: {"script":"<script> [8489 bytes]","args":[{"element-6066-11e4-a52e-4f735466cecf":"f.1920C544C16071EF810842AAA08EA988.d.BDFA18C235149EA40E267BA9B9A1FFE2.e.13468","ELEMENT":"f.1920C544C16071EF810842AAA08EA988.d.BDFA18C235149EA40E267BA9B9A1FFE2.e.13468"}]}
COMMAND: GET /session/2eb25f1cbe9612d735ab0219d8fb520b/screenshot - {}
RESULT: {}
COMMAND: POST /session/2eb25f1cbe9612d735ab0219d8fb520b/execute/sync - {"script":"<script> [8489 bytes]","args":[{"element-6066-11e4-a52e-4f735466cecf":"f.1920C544C16071EF810842AAA08EA988.d.BDFA18C235149EA40E267BA9B9A1FFE2.e.13468","ELEMENT":"f.1920C544C16071EF810842AAA08EA988.d.BDFA18C235149EA40E267BA9B9A1FFE2.e.13468"}]}
RESULT: {"script":"<script> [8489 bytes]","args":[{"element-6066-11e4-a52e-4f735466cecf":"f.1920C544C16071EF810842AAA08EA988.d.BDFA18C235149EA40E267BA9B9A1FFE2.e.13468","ELEMENT":"f.1920C544C16071EF810842AAA08EA988.d.BDFA18C235149EA40E267BA9B9A1FFE2.e.13468"}]}
COMMAND: GET /session/2eb25f1cbe9612d735ab0219d8fb520b/screenshot - {}
RESULT: {}
COMMAND: POST /session/2eb25f1cbe9612d735ab0219d8fb520b/execute/sync - {"script":"<script> [8489 bytes]","args":[{"element-6066-11e4-a52e-4f735466cecf":"f.1920C544C16071EF810842AAA08EA988.d.BDFA18C235149EA40E267BA9B9A1FFE2.e.13468","ELEMENT":"f.1920C544C16071EF810842AAA08EA988.d.BDFA18C235149EA40E267BA9B9A1FFE2.e.13468"}]}
RESULT: {"script":"<script> [8489 bytes]","args":[{"element-6066-11e4-a52e-4f735466cecf":"f.1920C544C16071EF810842AAA08EA988.d.BDFA18C235149EA40E267BA9B9A1FFE2.e.13468","ELEMENT":"f.1920C544C16071EF810842AAA08EA988.d.BDFA18C235149EA40E267BA9B9A1FFE2.e.13468"}]}
COMMAND: GET /session/2eb25f1cbe9612d735ab0219d8fb520b/screenshot - {}
RESULT: {}
COMMAND: POST /session/2eb25f1cbe9612d735ab0219d8fb520b/execute/sync - {"script":"<script> [8489 bytes]","args":[{"element-6066-11e4-a52e-4f735466cecf":"f.1920C544C16071EF810842AAA08EA988.d.BDFA18C235149EA40E267BA9B9A1FFE2.e.13468","ELEMENT":"f.1920C544C16071EF810842AAA08EA988.d.BDFA18C235149EA40E267BA9B9A1FFE2.e.13468"}]}
RESULT: {"script":"<script> [8489 bytes]","args":[{"element-6066-11e4-a52e-4f735466cecf":"f.1920C544C16071EF810842AAA08EA988.d.BDFA18C235149EA40E267BA9B9A1FFE2.e.13468","ELEMENT":"f.1920C544C16071EF810842AAA08EA988.d.BDFA18C235149EA40E267BA9B9A1FFE2.e.13468"}]}
COMMAND: GET /session/2eb25f1cbe9612d735ab0219d8fb520b/screenshot - {}
RESULT: {}
COMMAND: POST /session/2eb25f1cbe9612d735ab0219d8fb520b/execute/sync - {"script":"<script> [8489 bytes]","args":[{"element-6066-11e4-a52e-4f735466cecf":"f.1920C544C16071EF810842AAA08EA988.d.BDFA18C235149EA40E267BA9B9A1FFE2.e.13468","ELEMENT":"f.1920C544C16071EF810842AAA08EA988.d.BDFA18C235149EA40E267BA9B9A1FFE2.e.13468"}]}
RESULT: {"script":"<script> [8489 bytes]","args":[{"element-6066-11e4-a52e-4f735466cecf":"f.1920C544C16071EF810842AAA08EA988.d.BDFA18C235149EA40E267BA9B9A1FFE2.e.13468","ELEMENT":"f.1920C544C16071EF810842AAA08EA988.d.BDFA18C235149EA40E267BA9B9A1FFE2.e.13468"}]}
COMMAND: GET /session/2eb25f1cbe9612d735ab0219d8fb520b/screenshot - {}
RESULT: {}
COMMAND: POST /session/2eb25f1cbe9612d735ab0219d8fb520b/execute/sync - {"script":"<script> [8489 bytes]","args":[{"element-6066-11e4-a52e-4f735466cecf":"f.1920C544C16071EF810842AAA08EA988.d.BDFA18C235149EA40E267BA9B9A1FFE2.e.13468","ELEMENT":"f.1920C544C16071EF810842AAA08EA988.d.BDFA18C235149EA40E267BA9B9A1FFE2.e.13468"}]}
RESULT: {"script":"<script> [8489 bytes]","args":[{"element-6066-11e4-a52e-4f735466cecf":"f.1920C544C16071EF810842AAA08EA988.d.BDFA18C235149EA40E267BA9B9A1FFE2.e.13468","ELEMENT":"f.1920C544C16071EF810842AAA08EA988.d.BDFA18C235149EA40E267BA9B9A1FFE2.e.13468"}]}
COMMAND: GET /session/2eb25f1cbe9612d735ab0219d8fb520b/screenshot - {}
RESULT: {}
COMMAND: POST /session/2eb25f1cbe9612d735ab0219d8fb520b/execute/sync - {"script":"<script> [8489 bytes]","args":[{"element-6066-11e4-a52e-4f735466cecf":"f.1920C544C16071EF810842AAA08EA988.d.BDFA18C235149EA40E267BA9B9A1FFE2.e.13468","ELEMENT":"f.1920C544C16071EF810842AAA08EA988.d.BDFA18C235149EA40E267BA9B9A1FFE2.e.13468"}]}
RESULT: {"script":"<script> [8489 bytes]","args":[{"element-6066-11e4-a52e-4f735466cecf":"f.1920C544C16071EF810842AAA08EA988.d.BDFA18C235149EA40E267BA9B9A1FFE2.e.13468","ELEMENT":"f.1920C544C16071EF810842AAA08EA988.d.BDFA18C235149EA40E267BA9B9A1FFE2.e.13468"}]}
COMMAND: GET /session/2eb25f1cbe9612d735ab0219d8fb520b/screenshot - {}
RESULT: {}
COMMAND: POST /session/2eb25f1cbe9612d735ab0219d8fb520b/execute/sync - {"script":"<script> [8489 bytes]","args":[{"element-6066-11e4-a52e-4f735466cecf":"f.1920C544C16071EF810842AAA08EA988.d.BDFA18C235149EA40E267BA9B9A1FFE2.e.13468","ELEMENT":"f.1920C544C16071EF810842AAA08EA988.d.BDFA18C235149EA40E267BA9B9A1FFE2.e.13468"}]}
RESULT: {"script":"<script> [8489 bytes]","args":[{"element-6066-11e4-a52e-4f735466cecf":"f.1920C544C16071EF810842AAA08EA988.d.BDFA18C235149EA40E267BA9B9A1FFE2.e.13468","ELEMENT":"f.1920C544C16071EF810842AAA08EA988.d.BDFA18C235149EA40E267BA9B9A1FFE2.e.13468"}]}
COMMAND: GET /session/2eb25f1cbe9612d735ab0219d8fb520b/screenshot - {}
RESULT: {}
COMMAND: POST /session/2eb25f1cbe9612d735ab0219d8fb520b/execute/sync - {"script":"<script> [8489 bytes]","args":[{"element-6066-11e4-a52e-4f735466cecf":"f.1920C544C16071EF810842AAA08EA988.d.BDFA18C235149EA40E267BA9B9A1FFE2.e.13468","ELEMENT":"f.1920C544C16071EF810842AAA08EA988.d.BDFA18C235149EA40E267BA9B9A1FFE2.e.13468"}]}
RESULT: {"script":"<script> [8489 bytes]","args":[{"element-6066-11e4-a52e-4f735466cecf":"f.1920C544C16071EF810842AAA08EA988.d.BDFA18C235149EA40E267BA9B9A1FFE2.e.13468","ELEMENT":"f.1920C544C16071EF810842AAA08EA988.d.BDFA18C235149EA40E267BA9B9A1FFE2.e.13468"}]}
COMMAND: GET /session/2eb25f1cbe9612d735ab0219d8fb520b/screenshot - {}
RESULT: {}
COMMAND: POST /session/2eb25f1cbe9612d735ab0219d8fb520b/execute/sync - {"script":"<script> [8489 bytes]","args":[{"element-6066-11e4-a52e-4f735466cecf":"f.1920C544C16071EF810842AAA08EA988.d.BDFA18C235149EA40E267BA9B9A1FFE2.e.13468","ELEMENT":"f.1920C544C16071EF810842AAA08EA988.d.BDFA18C235149EA40E267BA9B9A1FFE2.e.13468"}]}
RESULT: {"script":"<script> [8489 bytes]","args":[{"element-6066-11e4-a52e-4f735466cecf":"f.1920C544C16071EF810842AAA08EA988.d.BDFA18C235149EA40E267BA9B9A1FFE2.e.13468","ELEMENT":"f.1920C544C16071EF810842AAA08EA988.d.BDFA18C235149EA40E267BA9B9A1FFE2.e.13468"}]}
COMMAND: GET /session/2eb25f1cbe9612d735ab0219d8fb520b/screenshot - {}
RESULT: {}
COMMAND: POST /session/2eb25f1cbe9612d735ab0219d8fb520b/execute/sync - {"script":"<script> [8489 bytes]","args":[{"element-6066-11e4-a52e-4f735466cecf":"f.1920C544C16071EF810842AAA08EA988.d.BDFA18C235149EA40E267BA9B9A1FFE2.e.13468","ELEMENT":"f.1920C544C16071EF810842AAA08EA988.d.BDFA18C235149EA40E267BA9B9A1FFE2.e.13468"}]}
RESULT: {"script":"<script> [8489 bytes]","args":[{"element-6066-11e4-a52e-4f735466cecf":"f.1920C544C16071EF810842AAA08EA988.d.BDFA18C235149EA40E267BA9B9A1FFE2.e.13468","ELEMENT":"f.1920C544C16071EF810842AAA08EA988.d.BDFA18C235149EA40E267BA9B9A1FFE2.e.13468"}]}
COMMAND: GET /session/2eb25f1cbe9612d735ab0219d8fb520b/screenshot - {}
RESULT: {}
COMMAND: POST /session/2eb25f1cbe9612d735ab0219d8fb520b/execute/sync - {"script":"<script> [8489 bytes]","args":[{"element-6066-11e4-a52e-4f735466cecf":"f.1920C544C16071EF810842AAA08EA988.d.BDFA18C235149EA40E267BA9B9A1FFE2.e.13468","ELEMENT":"f.1920C544C16071EF810842AAA08EA988.d.BDFA18C235149EA40E267BA9B9A1FFE2.e.13468"}]}
RESULT: {"script":"<script> [8489 bytes]","args":[{"element-6066-11e4-a52e-4f735466cecf":"f.1920C544C16071EF810842AAA08EA988.d.BDFA18C235149EA40E267BA9B9A1FFE2.e.13468","ELEMENT":"f.1920C544C16071EF810842AAA08EA988.d.BDFA18C235149EA40E267BA9B9A1FFE2.e.13468"}]}
COMMAND: GET /session/2eb25f1cbe9612d735ab0219d8fb520b/screenshot - {}
RESULT: {}
COMMAND: POST /session/2eb25f1cbe9612d735ab0219d8fb520b/execute/sync - {"script":"<script> [8489 bytes]","args":[{"element-6066-11e4-a52e-4f735466cecf":"f.1920C544C16071EF810842AAA08EA988.d.BDFA18C235149EA40E267BA9B9A1FFE2.e.13468","ELEMENT":"f.1920C544C16071EF810842AAA08EA988.d.BDFA18C235149EA40E267BA9B9A1FFE2.e.13468"}]}
RESULT: {"script":"<script> [8489 bytes]","args":[{"element-6066-11e4-a52e-4f735466cecf":"f.1920C544C16071EF810842AAA08EA988.d.BDFA18C235149EA40E267BA9B9A1FFE2.e.13468","ELEMENT":"f.1920C544C16071EF810842AAA08EA988.d.BDFA18C235149EA40E267BA9B9A1FFE2.e.13468"}]}
COMMAND: GET /session/2eb25f1cbe9612d735ab0219d8fb520b/screenshot - {}
RESULT: {}
COMMAND: POST /session/2eb25f1cbe9612d735ab0219d8fb520b/execute/sync - {"script":"<script> [8489 bytes]","args":[{"element-6066-11e4-a52e-4f735466cecf":"f.1920C544C16071EF810842AAA08EA988.d.BDFA18C235149EA40E267BA9B9A1FFE2.e.13468","ELEMENT":"f.1920C544C16071EF810842AAA08EA988.d.BDFA18C235149EA40E267BA9B9A1FFE2.e.13468"}]}
RESULT: {"script":"<script> [8489 bytes]","args":[{"element-6066-11e4-a52e-4f735466cecf":"f.1920C544C16071EF810842AAA08EA988.d.BDFA18C235149EA40E267BA9B9A1FFE2.e.13468","ELEMENT":"f.1920C544C16071EF810842AAA08EA988.d.BDFA18C235149EA40E267BA9B9A1FFE2.e.13468"}]}
COMMAND: GET /session/2eb25f1cbe9612d735ab0219d8fb520b/screenshot - {}
RESULT: {}
COMMAND: POST /session/2eb25f1cbe9612d735ab0219d8fb520b/execute/sync - {"script":"<script> [8489 bytes]","args":[{"element-6066-11e4-a52e-4f735466cecf":"f.1920C544C16071EF810842AAA08EA988.d.BDFA18C235149EA40E267BA9B9A1FFE2.e.13468","ELEMENT":"f.1920C544C16071EF810842AAA08EA988.d.BDFA18C235149EA40E267BA9B9A1FFE2.e.13468"}]}
RESULT: {"script":"<script> [8489 bytes]","args":[{"element-6066-11e4-a52e-4f735466cecf":"f.1920C544C16071EF810842AAA08EA988.d.BDFA18C235149EA40E267BA9B9A1FFE2.e.13468","ELEMENT":"f.1920C544C16071EF810842AAA08EA988.d.BDFA18C235149EA40E267BA9B9A1FFE2.e.13468"}]}
COMMAND: GET /session/2eb25f1cbe9612d735ab0219d8fb520b/screenshot - {}
RESULT: {}
COMMAND: POST /session/2eb25f1cbe9612d735ab0219d8fb520b/execute/sync - {"script":"<script> [8489 bytes]","args":[{"element-6066-11e4-a52e-4f735466cecf":"f.1920C544C16071EF810842AAA08EA988.d.BDFA18C235149EA40E267BA9B9A1FFE2.e.13468","ELEMENT":"f.1920C544C16071EF810842AAA08EA988.d.BDFA18C235149EA40E267BA9B9A1FFE2.e.13468"}]}
RESULT: {"script":"<script> [8489 bytes]","args":[{"element-6066-11e4-a52e-4f735466cecf":"f.1920C544C16071EF810842AAA08EA988.d.BDFA18C235149EA40E267BA9B9A1FFE2.e.13468","ELEMENT":"f.1920C544C16071EF810842AAA08EA988.d.BDFA18C235149EA40E267BA9B9A1FFE2.e.13468"}]}
COMMAND: GET /session/2eb25f1cbe9612d735ab0219d8fb520b/screenshot - {}
RESULT: {}
COMMAND: POST /session/2eb25f1cbe9612d735ab0219d8fb520b/execute/sync - {"script":"<script> [8489 bytes]","args":[{"element-6066-11e4-a52e-4f735466cecf":"f.1920C544C16071EF810842AAA08EA988.d.BDFA18C235149EA40E267BA9B9A1FFE2.e.13468","ELEMENT":"f.1920C544C16071EF810842AAA08EA988.d.BDFA18C235149EA40E267BA9B9A1FFE2.e.13468"}]}
RESULT: {"script":"<script> [8489 bytes]","args":[{"element-6066-11e4-a52e-4f735466cecf":"f.1920C544C16071EF810842AAA08EA988.d.BDFA18C235149EA40E267BA9B9A1FFE2.e.13468","ELEMENT":"f.1920C544C16071EF810842AAA08EA988.d.BDFA18C235149EA40E267BA9B9A1FFE2.e.13468"}]}
COMMAND: GET /session/2eb25f1cbe9612d735ab0219d8fb520b/screenshot - {}
RESULT: {}
COMMAND: POST /session/2eb25f1cbe9612d735ab0219d8fb520b/execute/sync - {"script":"<script> [8489 bytes]","args":[{"element-6066-11e4-a52e-4f735466cecf":"f.1920C544C16071EF810842AAA08EA988.d.BDFA18C235149EA40E267BA9B9A1FFE2.e.13468","ELEMENT":"f.1920C544C16071EF810842AAA08EA988.d.BDFA18C235149EA40E267BA9B9A1FFE2.e.13468"}]}
RESULT: {"script":"<script> [8489 bytes]","args":[{"element-6066-11e4-a52e-4f735466cecf":"f.1920C544C16071EF810842AAA08EA988.d.BDFA18C235149EA40E267BA9B9A1FFE2.e.13468","ELEMENT":"f.1920C544C16071EF810842AAA08EA988.d.BDFA18C235149EA40E267BA9B9A1FFE2.e.13468"}]}
COMMAND: GET /session/2eb25f1cbe9612d735ab0219d8fb520b/screenshot - {}
RESULT: {}
COMMAND: POST /session/2eb25f1cbe9612d735ab0219d8fb520b/execute/sync - {"script":"<script> [8489 bytes]","args":[{"element-6066-11e4-a52e-4f735466cecf":"f.1920C544C16071EF810842AAA08EA988.d.BDFA18C235149EA40E267BA9B9A1FFE2.e.13468","ELEMENT":"f.1920C544C16071EF810842AAA08EA988.d.BDFA18C235149EA40E267BA9B9A1FFE2.e.13468"}]}
RESULT: {"script":"<script> [8489 bytes]","args":[{"element-6066-11e4-a52e-4f735466cecf":"f.1920C544C16071EF810842AAA08EA988.d.BDFA18C235149EA40E267BA9B9A1FFE2.e.13468","ELEMENT":"f.1920C544C16071EF810842AAA08EA988.d.BDFA18C235149EA40E267BA9B9A1FFE2.e.13468"}]}
COMMAND: GET /session/2eb25f1cbe9612d735ab0219d8fb520b/screenshot - {}
RESULT: {}
COMMAND: POST /session/2eb25f1cbe9612d735ab0219d8fb520b/execute/sync - {"script":"<script> [8489 bytes]","args":[{"element-6066-11e4-a52e-4f735466cecf":"f.1920C544C16071EF810842AAA08EA988.d.BDFA18C235149EA40E267BA9B9A1FFE2.e.13468","ELEMENT":"f.1920C544C16071EF810842AAA08EA988.d.BDFA18C235149EA40E267BA9B9A1FFE2.e.13468"}]}
RESULT: {"script":"<script> [8489 bytes]","args":[{"element-6066-11e4-a52e-4f735466cecf":"f.1920C544C16071EF810842AAA08EA988.d.BDFA18C235149EA40E267BA9B9A1FFE2.e.13468","ELEMENT":"f.1920C544C16071EF810842AAA08EA988.d.BDFA18C235149EA40E267BA9B9A1FFE2.e.13468"}]}
COMMAND: GET /session/2eb25f1cbe9612d735ab0219d8fb520b/screenshot - {}
RESULT: {}
COMMAND: POST /session/2eb25f1cbe9612d735ab0219d8fb520b/execute/sync - {"script":"<script> [8489 bytes]","args":[{"element-6066-11e4-a52e-4f735466cecf":"f.1920C544C16071EF810842AAA08EA988.d.BDFA18C235149EA40E267BA9B9A1FFE2.e.13468","ELEMENT":"f.1920C544C16071EF810842AAA08EA988.d.BDFA18C235149EA40E267BA9B9A1FFE2.e.13468"}]}
RESULT: {"script":"<script> [8489 bytes]","args":[{"element-6066-11e4-a52e-4f735466cecf":"f.1920C544C16071EF810842AAA08EA988.d.BDFA18C235149EA40E267BA9B9A1FFE2.e.13468","ELEMENT":"f.1920C544C16071EF810842AAA08EA988.d.BDFA18C235149EA40E267BA9B9A1FFE2.e.13468"}]}
COMMAND: GET /session/2eb25f1cbe9612d735ab0219d8fb520b/screenshot - {}
RESULT: {}
COMMAND: POST /session/2eb25f1cbe9612d735ab0219d8fb520b/execute/sync - {"script":"<script> [8489 bytes]","args":[{"element-6066-11e4-a52e-4f735466cecf":"f.1920C544C16071EF810842AAA08EA988.d.BDFA18C235149EA40E267BA9B9A1FFE2.e.13468","ELEMENT":"f.1920C544C16071EF810842AAA08EA988.d.BDFA18C235149EA40E267BA9B9A1FFE2.e.13468"}]}
RESULT: {"script":"<script> [8489 bytes]","args":[{"element-6066-11e4-a52e-4f735466cecf":"f.1920C544C16071EF810842AAA08EA988.d.BDFA18C235149EA40E267BA9B9A1FFE2.e.13468","ELEMENT":"f.1920C544C16071EF810842AAA08EA988.d.BDFA18C235149EA40E267BA9B9A1FFE2.e.13468"}]}
COMMAND: GET /session/2eb25f1cbe9612d735ab0219d8fb520b/screenshot - {}
RESULT: {}
COMMAND: POST /session/2eb25f1cbe9612d735ab0219d8fb520b/execute/sync - {"script":"<script> [8489 bytes]","args":[{"element-6066-11e4-a52e-4f735466cecf":"f.1920C544C16071EF810842AAA08EA988.d.BDFA18C235149EA40E267BA9B9A1FFE2.e.13468","ELEMENT":"f.1920C544C16071EF810842AAA08EA988.d.BDFA18C235149EA40E267BA9B9A1FFE2.e.13468"}]}
RESULT: {"script":"<script> [8489 bytes]","args":[{"element-6066-11e4-a52e-4f735466cecf":"f.1920C544C16071EF810842AAA08EA988.d.BDFA18C235149EA40E267BA9B9A1FFE2.e.13468","ELEMENT":"f.1920C544C16071EF810842AAA08EA988.d.BDFA18C235149EA40E267BA9B9A1FFE2.e.13468"}]}
COMMAND: GET /session/2eb25f1cbe9612d735ab0219d8fb520b/screenshot - {}
RESULT: {}
COMMAND: POST /session/2eb25f1cbe9612d735ab0219d8fb520b/execute/sync - {"script":"<script> [8489 bytes]","args":[{"element-6066-11e4-a52e-4f735466cecf":"f.1920C544C16071EF810842AAA08EA988.d.BDFA18C235149EA40E267BA9B9A1FFE2.e.13468","ELEMENT":"f.1920C544C16071EF810842AAA08EA988.d.BDFA18C235149EA40E267BA9B9A1FFE2.e.13468"}]}
RESULT: {"script":"<script> [8489 bytes]","args":[{"element-6066-11e4-a52e-4f735466cecf":"f.1920C544C16071EF810842AAA08EA988.d.BDFA18C235149EA40E267BA9B9A1FFE2.e.13468","ELEMENT":"f.1920C544C16071EF810842AAA08EA988.d.BDFA18C235149EA40E267BA9B9A1FFE2.e.13468"}]}
COMMAND: GET /session/2eb25f1cbe9612d735ab0219d8fb520b/screenshot - {}
RESULT: {}
COMMAND: POST /session/2eb25f1cbe9612d735ab0219d8fb520b/execute/sync - {"script":"<script> [8489 bytes]","args":[{"element-6066-11e4-a52e-4f735466cecf":"f.1920C544C16071EF810842AAA08EA988.d.BDFA18C235149EA40E267BA9B9A1FFE2.e.13468","ELEMENT":"f.1920C544C16071EF810842AAA08EA988.d.BDFA18C235149EA40E267BA9B9A1FFE2.e.13468"}]}
RESULT: {"script":"<script> [8489 bytes]","args":[{"element-6066-11e4-a52e-4f735466cecf":"f.1920C544C16071EF810842AAA08EA988.d.BDFA18C235149EA40E267BA9B9A1FFE2.e.13468","ELEMENT":"f.1920C544C16071EF810842AAA08EA988.d.BDFA18C235149EA40E267BA9B9A1FFE2.e.13468"}]}
COMMAND: GET /session/2eb25f1cbe9612d735ab0219d8fb520b/screenshot - {}
RESULT: {}
COMMAND: POST /session/2eb25f1cbe9612d735ab0219d8fb520b/execute/sync - {"script":"<script> [8489 bytes]","args":[{"element-6066-11e4-a52e-4f735466cecf":"f.1920C544C16071EF810842AAA08EA988.d.BDFA18C235149EA40E267BA9B9A1FFE2.e.13468","ELEMENT":"f.1920C544C16071EF810842AAA08EA988.d.BDFA18C235149EA40E267BA9B9A1FFE2.e.13468"}]}
RESULT: {"script":"<script> [8489 bytes]","args":[{"element-6066-11e4-a52e-4f735466cecf":"f.1920C544C16071EF810842AAA08EA988.d.BDFA18C235149EA40E267BA9B9A1FFE2.e.13468","ELEMENT":"f.1920C544C16071EF810842AAA08EA988.d.BDFA18C235149EA40E267BA9B9A1FFE2.e.13468"}]}
COMMAND: GET /session/2eb25f1cbe9612d735ab0219d8fb520b/screenshot - {}
RESULT: {}
COMMAND: POST /session/2eb25f1cbe9612d735ab0219d8fb520b/execute/sync - {"script":"<script> [8489 bytes]","args":[{"element-6066-11e4-a52e-4f735466cecf":"f.1920C544C16071EF810842AAA08EA988.d.BDFA18C235149EA40E267BA9B9A1FFE2.e.13468","ELEMENT":"f.1920C544C16071EF810842AAA08EA988.d.BDFA18C235149EA40E267BA9B9A1FFE2.e.13468"}]}
RESULT: {"script":"<script> [8489 bytes]","args":[{"element-6066-11e4-a52e-4f735466cecf":"f.1920C544C16071EF810842AAA08EA988.d.BDFA18C235149EA40E267BA9B9A1FFE2.e.13468","ELEMENT":"f.1920C544C16071EF810842AAA08EA988.d.BDFA18C235149EA40E267BA9B9A1FFE2.e.13468"}]}
COMMAND: GET /session/2eb25f1cbe9612d735ab0219d8fb520b/screenshot - {}
RESULT: {}
COMMAND: POST /session/2eb25f1cbe9612d735ab0219d8fb520b/execute/sync - {"script":"<script> [8489 bytes]","args":[{"element-6066-11e4-a52e-4f735466cecf":"f.1920C544C16071EF810842AAA08EA988.d.BDFA18C235149EA40E267BA9B9A1FFE2.e.13468","ELEMENT":"f.1920C544C16071EF810842AAA08EA988.d.BDFA18C235149EA40E267BA9B9A1FFE2.e.13468"}]}
RESULT: {"script":"<script> [8489 bytes]","args":[{"element-6066-11e4-a52e-4f735466cecf":"f.1920C544C16071EF810842AAA08EA988.d.BDFA18C235149EA40E267BA9B9A1FFE2.e.13468","ELEMENT":"f.1920C544C16071EF810842AAA08EA988.d.BDFA18C235149EA40E267BA9B9A1FFE2.e.13468"}]}
COMMAND: GET /session/2eb25f1cbe9612d735ab0219d8fb520b/screenshot - {}
RESULT: {}
COMMAND: POST /session/2eb25f1cbe9612d735ab0219d8fb520b/execute/sync - {"script":"<script> [8489 bytes]","args":[{"element-6066-11e4-a52e-4f735466cecf":"f.1920C544C16071EF810842AAA08EA988.d.BDFA18C235149EA40E267BA9B9A1FFE2.e.13468","ELEMENT":"f.1920C544C16071EF810842AAA08EA988.d.BDFA18C235149EA40E267BA9B9A1FFE2.e.13468"}]}
RESULT: {"script":"<script> [8489 bytes]","args":[{"element-6066-11e4-a52e-4f735466cecf":"f.1920C544C16071EF810842AAA08EA988.d.BDFA18C235149EA40E267BA9B9A1FFE2.e.13468","ELEMENT":"f.1920C544C16071EF810842AAA08EA988.d.BDFA18C235149EA40E267BA9B9A1FFE2.e.13468"}]}
COMMAND: GET /session/2eb25f1cbe9612d735ab0219d8fb520b/screenshot - {}
RESULT: {}
COMMAND: POST /session/2eb25f1cbe9612d735ab0219d8fb520b/execute/sync - {"script":"<script> [8489 bytes]","args":[{"element-6066-11e4-a52e-4f735466cecf":"f.1920C544C16071EF810842AAA08EA988.d.BDFA18C235149EA40E267BA9B9A1FFE2.e.13468","ELEMENT":"f.1920C544C16071EF810842AAA08EA988.d.BDFA18C235149EA40E267BA9B9A1FFE2.e.13468"}]}
RESULT: {"script":"<script> [8489 bytes]","args":[{"element-6066-11e4-a52e-4f735466cecf":"f.1920C544C16071EF810842AAA08EA988.d.BDFA18C235149EA40E267BA9B9A1FFE2.e.13468","ELEMENT":"f.1920C544C16071EF810842AAA08EA988.d.BDFA18C235149EA40E267BA9B9A1FFE2.e.13468"}]}
COMMAND: GET /session/2eb25f1cbe9612d735ab0219d8fb520b/screenshot - {}
RESULT: {}
COMMAND: POST /session/2eb25f1cbe9612d735ab0219d8fb520b/execute/sync - {"script":"<script> [8489 bytes]","args":[{"element-6066-11e4-a52e-4f735466cecf":"f.1920C544C16071EF810842AAA08EA988.d.BDFA18C235149EA40E267BA9B9A1FFE2.e.13468","ELEMENT":"f.1920C544C16071EF810842AAA08EA988.d.BDFA18C235149EA40E267BA9B9A1FFE2.e.13468"}]}
RESULT: {"script":"<script> [8489 bytes]","args":[{"element-6066-11e4-a52e-4f735466cecf":"f.1920C544C16071EF810842AAA08EA988.d.BDFA18C235149EA40E267BA9B9A1FFE2.e.13468","ELEMENT":"f.1920C544C16071EF810842AAA08EA988.d.BDFA18C235149EA40E267BA9B9A1FFE2.e.13468"}]}
COMMAND: GET /session/2eb25f1cbe9612d735ab0219d8fb520b/screenshot - {}
RESULT: {}
COMMAND: POST /session/2eb25f1cbe9612d735ab0219d8fb520b/execute/sync - {"script":"<script> [8489 bytes]","args":[{"element-6066-11e4-a52e-4f735466cecf":"f.1920C544C16071EF810842AAA08EA988.d.BDFA18C235149EA40E267BA9B9A1FFE2.e.13468","ELEMENT":"f.1920C544C16071EF810842AAA08EA988.d.BDFA18C235149EA40E267BA9B9A1FFE2.e.13468"}]}
RESULT: {"script":"<script> [8489 bytes]","args":[{"element-6066-11e4-a52e-4f735466cecf":"f.1920C544C16071EF810842AAA08EA988.d.BDFA18C235149EA40E267BA9B9A1FFE2.e.13468","ELEMENT":"f.1920C544C16071EF810842AAA08EA988.d.BDFA18C235149EA40E267BA9B9A1FFE2.e.13468"}]}
COMMAND: GET /session/2eb25f1cbe9612d735ab0219d8fb520b/screenshot - {}
RESULT: {}
COMMAND: POST /session/2eb25f1cbe9612d735ab0219d8fb520b/execute/sync - {"script":"<script> [8489 bytes]","args":[{"element-6066-11e4-a52e-4f735466cecf":"f.1920C544C16071EF810842AAA08EA988.d.BDFA18C235149EA40E267BA9B9A1FFE2.e.13468","ELEMENT":"f.1920C544C16071EF810842AAA08EA988.d.BDFA18C235149EA40E267BA9B9A1FFE2.e.13468"}]}
RESULT: {"script":"<script> [8489 bytes]","args":[{"element-6066-11e4-a52e-4f735466cecf":"f.1920C544C16071EF810842AAA08EA988.d.BDFA18C235149EA40E267BA9B9A1FFE2.e.13468","ELEMENT":"f.1920C544C16071EF810842AAA08EA988.d.BDFA18C235149EA40E267BA9B9A1FFE2.e.13468"}]}
COMMAND: GET /session/2eb25f1cbe9612d735ab0219d8fb520b/screenshot - {}
RESULT: {}
COMMAND: POST /session/2eb25f1cbe9612d735ab0219d8fb520b/execute/sync - {"script":"<script> [8489 bytes]","args":[{"element-6066-11e4-a52e-4f735466cecf":"f.1920C544C16071EF810842AAA08EA988.d.BDFA18C235149EA40E267BA9B9A1FFE2.e.13468","ELEMENT":"f.1920C544C16071EF810842AAA08EA988.d.BDFA18C235149EA40E267BA9B9A1FFE2.e.13468"}]}
RESULT: {"script":"<script> [8489 bytes]","args":[{"element-6066-11e4-a52e-4f735466cecf":"f.1920C544C16071EF810842AAA08EA988.d.BDFA18C235149EA40E267BA9B9A1FFE2.e.13468","ELEMENT":"f.1920C544C16071EF810842AAA08EA988.d.BDFA18C235149EA40E267BA9B9A1FFE2.e.13468"}]}
COMMAND: GET /session/2eb25f1cbe9612d735ab0219d8fb520b/screenshot - {}
RESULT: {}
COMMAND: POST /session/2eb25f1cbe9612d735ab0219d8fb520b/execute/sync - {"script":"<script> [8489 bytes]","args":[{"element-6066-11e4-a52e-4f735466cecf":"f.1920C544C16071EF810842AAA08EA988.d.BDFA18C235149EA40E267BA9B9A1FFE2.e.13468","ELEMENT":"f.1920C544C16071EF810842AAA08EA988.d.BDFA18C235149EA40E267BA9B9A1FFE2.e.13468"}]}
RESULT: {"script":"<script> [8489 bytes]","args":[{"element-6066-11e4-a52e-4f735466cecf":"f.1920C544C16071EF810842AAA08EA988.d.BDFA18C235149EA40E267BA9B9A1FFE2.e.13468","ELEMENT":"f.1920C544C16071EF810842AAA08EA988.d.BDFA18C235149EA40E267BA9B9A1FFE2.e.13468"}]}
COMMAND: GET /session/2eb25f1cbe9612d735ab0219d8fb520b/screenshot - {}
RESULT: {}
COMMAND: POST /session/2eb25f1cbe9612d735ab0219d8fb520b/execute/sync - {"script":"<script> [8489 bytes]","args":[{"element-6066-11e4-a52e-4f735466cecf":"f.1920C544C16071EF810842AAA08EA988.d.BDFA18C235149EA40E267BA9B9A1FFE2.e.13468","ELEMENT":"f.1920C544C16071EF810842AAA08EA988.d.BDFA18C235149EA40E267BA9B9A1FFE2.e.13468"}]}
RESULT: {"script":"<script> [8489 bytes]","args":[{"element-6066-11e4-a52e-4f735466cecf":"f.1920C544C16071EF810842AAA08EA988.d.BDFA18C235149EA40E267BA9B9A1FFE2.e.13468","ELEMENT":"f.1920C544C16071EF810842AAA08EA988.d.BDFA18C235149EA40E267BA9B9A1FFE2.e.13468"}]}
COMMAND: GET /session/2eb25f1cbe9612d735ab0219d8fb520b/screenshot - {}
COMMAND: POST /session/2eb25f1cbe9612d735ab0219d8fb520b/execute/sync - {"script":"<script> [8489 bytes]","args":[{"element-6066-11e4-a52e-4f735466cecf":"f.1920C544C16071EF810842AAA08EA988.d.BDFA18C235149EA40E267BA9B9A1FFE2.e.13468","ELEMENT":"f.1920C544C16071EF810842AAA08EA988.d.BDFA18C235149EA40E267BA9B9A1FFE2.e.13468"}]}
RESULT: {}
RESULT: {"script":"<script> [8489 bytes]","args":[{"element-6066-11e4-a52e-4f735466cecf":"f.1920C544C16071EF810842AAA08EA988.d.BDFA18C235149EA40E267BA9B9A1FFE2.e.13468","ELEMENT":"f.1920C544C16071EF810842AAA08EA988.d.BDFA18C235149EA40E267BA9B9A1FFE2.e.13468"}]}
COMMAND: GET /session/2eb25f1cbe9612d735ab0219d8fb520b/screenshot - {}
RESULT: {}
COMMAND: POST /session/2eb25f1cbe9612d735ab0219d8fb520b/execute/sync - {"script":"<script> [8489 bytes]","args":[{"element-6066-11e4-a52e-4f735466cecf":"f.1920C544C16071EF810842AAA08EA988.d.BDFA18C235149EA40E267BA9B9A1FFE2.e.13468","ELEMENT":"f.1920C544C16071EF810842AAA08EA988.d.BDFA18C235149EA40E267BA9B9A1FFE2.e.13468"}]}
RESULT: {"script":"<script> [8489 bytes]","args":[{"element-6066-11e4-a52e-4f735466cecf":"f.1920C544C16071EF810842AAA08EA988.d.BDFA18C235149EA40E267BA9B9A1FFE2.e.13468","ELEMENT":"f.1920C544C16071EF810842AAA08EA988.d.BDFA18C235149EA40E267BA9B9A1FFE2.e.13468"}]}
COMMAND: GET /session/2eb25f1cbe9612d735ab0219d8fb520b/screenshot - {}
RESULT: {}
COMMAND: POST /session/2eb25f1cbe9612d735ab0219d8fb520b/execute/sync - {"script":"<script> [8489 bytes]","args":[{"element-6066-11e4-a52e-4f735466cecf":"f.1920C544C16071EF810842AAA08EA988.d.BDFA18C235149EA40E267BA9B9A1FFE2.e.13468","ELEMENT":"f.1920C544C16071EF810842AAA08EA988.d.BDFA18C235149EA40E267BA9B9A1FFE2.e.13468"}]}
RESULT: {"script":"<script> [8489 bytes]","args":[{"element-6066-11e4-a52e-4f735466cecf":"f.1920C544C16071EF810842AAA08EA988.d.BDFA18C235149EA40E267BA9B9A1FFE2.e.13468","ELEMENT":"f.1920C544C16071EF810842AAA08EA988.d.BDFA18C235149EA40E267BA9B9A1FFE2.e.13468"}]}
COMMAND: GET /session/2eb25f1cbe9612d735ab0219d8fb520b/screenshot - {}
RESULT: {}
COMMAND: POST /session/2eb25f1cbe9612d735ab0219d8fb520b/execute/sync - {"script":"<script> [8489 bytes]","args":[{"element-6066-11e4-a52e-4f735466cecf":"f.1920C544C16071EF810842AAA08EA988.d.BDFA18C235149EA40E267BA9B9A1FFE2.e.13468","ELEMENT":"f.1920C544C16071EF810842AAA08EA988.d.BDFA18C235149EA40E267BA9B9A1FFE2.e.13468"}]}
RESULT: {"script":"<script> [8489 bytes]","args":[{"element-6066-11e4-a52e-4f735466cecf":"f.1920C544C16071EF810842AAA08EA988.d.BDFA18C235149EA40E267BA9B9A1FFE2.e.13468","ELEMENT":"f.1920C544C16071EF810842AAA08EA988.d.BDFA18C235149EA40E267BA9B9A1FFE2.e.13468"}]}
COMMAND: GET /session/2eb25f1cbe9612d735ab0219d8fb520b/screenshot - {}
RESULT: {}
COMMAND: POST /session/2eb25f1cbe9612d735ab0219d8fb520b/execute/sync - {"script":"<script> [8489 bytes]","args":[{"element-6066-11e4-a52e-4f735466cecf":"f.1920C544C16071EF810842AAA08EA988.d.BDFA18C235149EA40E267BA9B9A1FFE2.e.13468","ELEMENT":"f.1920C544C16071EF810842AAA08EA988.d.BDFA18C235149EA40E267BA9B9A1FFE2.e.13468"}]}
RESULT: {"script":"<script> [8489 bytes]","args":[{"element-6066-11e4-a52e-4f735466cecf":"f.1920C544C16071EF810842AAA08EA988.d.BDFA18C235149EA40E267BA9B9A1FFE2.e.13468","ELEMENT":"f.1920C544C16071EF810842AAA08EA988.d.BDFA18C235149EA40E267BA9B9A1FFE2.e.13468"}]}
COMMAND: GET /session/2eb25f1cbe9612d735ab0219d8fb520b/screenshot - {}
RESULT: {}
COMMAND: POST /session/2eb25f1cbe9612d735ab0219d8fb520b/execute/async - {"script":"<script> [1562 bytes]","args":[{"selector":{"controlType":"sap.m.ToggleButton","viewName":"etm.portal.ui.warehousemovements.view.ExecuteMovement","viewId":"application-warehousemovements-display-component---executeMovement","bindingPath":{"propertyPath":"STATUS","modelName":"catalogModel"},"interaction":{"idSuffix":"BDI-content"}},"wdio_ui5_key":"etmportal.ui.warehousemovements.view.ExecuteMovementsap.m.ToggleButton{\"propertyPath\":\"STATUS\",\"modelName\":\"catalogModel\"}"}]}
RESULT: {"script":"<script> [1562 bytes]","args":[{"selector":{"controlType":"sap.m.ToggleButton","viewName":"etm.portal.ui.warehousemovements.view.ExecuteMovement","viewId":"application-warehousemovements-display-component---executeMovement","bindingPath":{"propertyPath":"STATUS","modelName":"catalogModel"},"interaction":{"idSuffix":"BDI-content"}},"wdio_ui5_key":"etmportal.ui.warehousemovements.view.ExecuteMovementsap.m.ToggleButton{\"propertyPath\":\"STATUS\",\"modelName\":\"catalogModel\"}"}]}
RESULT: undefined
COMMAND: POST /session/2eb25f1cbe9612d735ab0219d8fb520b/element - {"using":"xpath","value":"//*[@id=\"__button427-__clone6906\"]"}
RESULT: {"using":"xpath","value":"//*[@id=\"__button427-__clone6906\"]"}
COMMAND: POST /session/2eb25f1cbe9612d735ab0219d8fb520b/element/f.1920C544C16071EF810842AAA08EA988.d.BDFA18C235149EA40E267BA9B9A1FFE2.e.13442/click - {}
RESULT: {}
RESULT: undefined
COMMAND: POST /session/2eb25f1cbe9612d735ab0219d8fb520b/element - {"using":"xpath","value":"//*[@id=\"__button427-__clone6906\"]"}
COMMAND: GET /session/2eb25f1cbe9612d735ab0219d8fb520b/screenshot - {}
RESULT: {"using":"xpath","value":"//*[@id=\"__button427-__clone6906\"]"}
COMMAND: POST /session/2eb25f1cbe9612d735ab0219d8fb520b/element/f.1920C544C16071EF810842AAA08EA988.d.BDFA18C235149EA40E267BA9B9A1FFE2.e.13442/click - {}
RESULT: {}
RESULT: {}
RESULT: undefined
COMMAND: POST /session/2eb25f1cbe9612d735ab0219d8fb520b/execute/async - {"script":"<script> [6424 bytes]","args":[{"element-6066-11e4-a52e-4f735466cecf":"f.1920C544C16071EF810842AAA08EA988.d.BDFA18C235149EA40E267BA9B9A1FFE2.e.13469"},"getText",[]]}
COMMAND: GET /session/2eb25f1cbe9612d735ab0219d8fb520b/screenshot - {}
RESULT: {"script":"<script> [6424 bytes]","args":[{"element-6066-11e4-a52e-4f735466cecf":"f.1920C544C16071EF810842AAA08EA988.d.BDFA18C235149EA40E267BA9B9A1FFE2.e.13469"},"getText",[]]}
COMMAND: POST /session/2eb25f1cbe9612d735ab0219d8fb520b/execute/async - {"script":"<script> [1562 bytes]","args":[{"selector":{"id":"application-warehousemovements-display-component---executeMovement--executeId","interaction":{"idSuffix":"BDI-content"}},"wdio_ui5_key":"applicationwarehousemovements-display-component---executeMovement--executeId"}]}
RESULT: {}
RESULT: {"script":"<script> [1562 bytes]","args":[{"selector":{"id":"application-warehousemovements-display-component---executeMovement--executeId","interaction":{"idSuffix":"BDI-content"}},"wdio_ui5_key":"applicationwarehousemovements-display-component---executeMovement--executeId"}]}
RESULT: undefined
COMMAND: POST /session/2eb25f1cbe9612d735ab0219d8fb520b/element - {"using":"xpath","value":"//*[@id=\"application-warehousemovements-display-component---executeMovement--executeId\"]"}
RESULT: {"using":"xpath","value":"//*[@id=\"application-warehousemovements-display-component---executeMovement--executeId\"]"}
COMMAND: POST /session/2eb25f1cbe9612d735ab0219d8fb520b/element/f.1920C544C16071EF810842AAA08EA988.d.BDFA18C235149EA40E267BA9B9A1FFE2.e.13436/click - {}
RESULT: {}
COMMAND: POST /session/2eb25f1cbe9612d735ab0219d8fb520b/execute/async - {"script":"<script> [1562 bytes]","args":[{"selector":{"controlType":"sap.m.Link","viewName":"etm.portal.ui.warehousemovements.view.DisplayMovement","viewId":"application-warehousemovements-display-component---displayMovement","bindingPath":{"propertyPath":"HAND_OVER_NO","modelName":"catalogModel"}},"wdio_ui5_key":"etmportal.ui.warehousemovements.view.DisplayMovementsap.m.Link{\"propertyPath\":\"HAND_OVER_NO\",\"modelName\":\"catalogModel\"}"}]}
COMMAND: GET /session/2eb25f1cbe9612d735ab0219d8fb520b/screenshot - {}
RESULT: {"script":"<script> [1562 bytes]","args":[{"selector":{"controlType":"sap.m.Link","viewName":"etm.portal.ui.warehousemovements.view.DisplayMovement","viewId":"application-warehousemovements-display-component---displayMovement","bindingPath":{"propertyPath":"HAND_OVER_NO","modelName":"catalogModel"}},"wdio_ui5_key":"etmportal.ui.warehousemovements.view.DisplayMovementsap.m.Link{\"propertyPath\":\"HAND_OVER_NO\",\"modelName\":\"catalogModel\"}"}]}
RESULT: undefined
COMMAND: POST /session/2eb25f1cbe9612d735ab0219d8fb520b/execute/async - {"script":"<script> [6424 bytes]","args":[{"element-6066-11e4-a52e-4f735466cecf":"f.1920C544C16071EF810842AAA08EA988.d.BDFA18C235149EA40E267BA9B9A1FFE2.e.13515"},"getText",[]]}
RESULT: {}
RESULT: {"script":"<script> [6424 bytes]","args":[{"element-6066-11e4-a52e-4f735466cecf":"f.1920C544C16071EF810842AAA08EA988.d.BDFA18C235149EA40E267BA9B9A1FFE2.e.13515"},"getText",[]]}
COMMAND: POST /session/2eb25f1cbe9612d735ab0219d8fb520b/element - {"using":"css selector","value":"#shell-header-logo"}
RESULT: {"using":"css selector","value":"#shell-header-logo"}
COMMAND: POST /session/2eb25f1cbe9612d735ab0219d8fb520b/element/f.1920C544C16071EF810842AAA08EA988.d.BDFA18C235149EA40E267BA9B9A1FFE2.e.12415/click - {}
RESULT: {}
COMMAND: GET /session/2eb25f1cbe9612d735ab0219d8fb520b/screenshot - {}
RESULT: {}
RESULT: undefined
COMMAND: POST /session/2eb25f1cbe9612d735ab0219d8fb520b/element - {"using":"xpath","value":"//*[@id=\"__tile131\"]"}
RESULT: {"using":"xpath","value":"//*[@id=\"__tile131\"]"}
COMMAND: POST /session/2eb25f1cbe9612d735ab0219d8fb520b/element/f.1920C544C16071EF810842AAA08EA988.d.BDFA18C235149EA40E267BA9B9A1FFE2.e.11681/click - {}
RESULT: {}
COMMAND: GET /session/2eb25f1cbe9612d735ab0219d8fb520b/screenshot - {}
RESULT: {}
COMMAND: POST /session/2eb25f1cbe9612d735ab0219d8fb520b/execute/async - {"script":"<script> [1562 bytes]","args":[{"selector":{"controlType":"sap.m.SearchField","viewName":"etm.portal.ui.managehandovers.view.MasterHO","bindingPath":{"propertyPath":"/_BASIC_SEARCH_FIELD","modelName":"fi1t3rM0d31"},"interaction":{"idSuffix":"I"}},"wdio_ui5_key":"etmportal.ui.managehandovers.view.MasterHOsap.m.SearchField{\"propertyPath\":\"/_BASIC_SEARCH_FIELD\",\"modelName\":\"fi1t3rM0d31\"}"}]}
RESULT: {"script":"<script> [1562 bytes]","args":[{"selector":{"controlType":"sap.m.SearchField","viewName":"etm.portal.ui.managehandovers.view.MasterHO","bindingPath":{"propertyPath":"/_BASIC_SEARCH_FIELD","modelName":"fi1t3rM0d31"},"interaction":{"idSuffix":"I"}},"wdio_ui5_key":"etmportal.ui.managehandovers.view.MasterHOsap.m.SearchField{\"propertyPath\":\"/_BASIC_SEARCH_FIELD\",\"modelName\":\"fi1t3rM0d31\"}"}]}
RESULT: undefined
COMMAND: POST /session/2eb25f1cbe9612d735ab0219d8fb520b/execute/async - {"script":"<script> [776 bytes]","args":[{"enterText":"30285","selector":{"controlType":"sap.m.SearchField","viewName":"etm.portal.ui.managehandovers.view.MasterHO","bindingPath":{"propertyPath":"/_BASIC_SEARCH_FIELD","modelName":"fi1t3rM0d31"},"interaction":{"idSuffix":"I"}},"clearTextFirst":true,"interactionType":"ENTER_TEXT"}]}
RESULT: {"script":"<script> [776 bytes]","args":[{"enterText":"30285","selector":{"controlType":"sap.m.SearchField","viewName":"etm.portal.ui.managehandovers.view.MasterHO","bindingPath":{"propertyPath":"/_BASIC_SEARCH_FIELD","modelName":"fi1t3rM0d31"},"interaction":{"idSuffix":"I"}},"clearTextFirst":true,"interactionType":"ENTER_TEXT"}]}
COMMAND: POST /session/2eb25f1cbe9612d735ab0219d8fb520b/actions - {"actions":[{"id":"action54","type":"key","parameters":{},"actions":[{"type":"keyDown","value":"î€‡"},{"type":"pause","duration":10},{"type":"keyUp","value":"î€‡"}]}]}
RESULT: {"actions":[{"id":"action54","type":"key","parameters":{},"actions":[{"type":"keyDown","value":"î€‡"},{"type":"pause","duration":10},{"type":"keyUp","value":"î€‡"}]}]}
COMMAND: GET /session/2eb25f1cbe9612d735ab0219d8fb520b/screenshot - {}
RESULT: {}
COMMAND: POST /session/2eb25f1cbe9612d735ab0219d8fb520b/execute/async - {"script":"<script> [1562 bytes]","args":[{"selector":{"controlType":"sap.ui.core.Icon","viewName":"etm.portal.ui.managehandovers.view.MasterHO","properties":{"src":{"regex":{"source":"slim\\-arrow\\-right"}}}},"wdio_ui5_key":"etmportal.ui.managehandovers.view.MasterHOsap.ui.core.Icon{\"src\":{\"regex\":{\"source\":\"slim\\\\-arrow\\\\-right\"}}}"}]}
RESULT: {"script":"<script> [1562 bytes]","args":[{"selector":{"controlType":"sap.ui.core.Icon","viewName":"etm.portal.ui.managehandovers.view.MasterHO","properties":{"src":{"regex":{"source":"slim\\-arrow\\-right"}}}},"wdio_ui5_key":"etmportal.ui.managehandovers.view.MasterHOsap.ui.core.Icon{\"src\":{\"regex\":{\"source\":\"slim\\\\-arrow\\\\-right\"}}}"}]}
RESULT: undefined
COMMAND: POST /session/2eb25f1cbe9612d735ab0219d8fb520b/element - {"using":"xpath","value":"//*[@id=\"__item2384-__clone6957-imgNav\"]"}
RESULT: {"using":"xpath","value":"//*[@id=\"__item2384-__clone6957-imgNav\"]"}
COMMAND: POST /session/2eb25f1cbe9612d735ab0219d8fb520b/element/f.1920C544C16071EF810842AAA08EA988.d.BDFA18C235149EA40E267BA9B9A1FFE2.e.13743/click - {}
RESULT: {}
COMMAND: POST /session/2eb25f1cbe9612d735ab0219d8fb520b/execute/async - {"script":"<script> [1562 bytes]","args":[{"selector":{"controlType":"sap.m.Button","viewName":"etm.portal.ui.managehandovers.view.DetailExecuteHO","i18NText":{"propertyName":"text","key":"confirmAll"},"interaction":{"idSuffix":"BDI-content"}},"wdio_ui5_key":"etmportal.ui.managehandovers.view.DetailExecuteHOsap.m.Button{\"propertyName\":\"text\",\"key\":\"confirmAll\"}"}]}
COMMAND: GET /session/2eb25f1cbe9612d735ab0219d8fb520b/screenshot - {}
RESULT: {"script":"<script> [1562 bytes]","args":[{"selector":{"controlType":"sap.m.Button","viewName":"etm.portal.ui.managehandovers.view.DetailExecuteHO","i18NText":{"propertyName":"text","key":"confirmAll"},"interaction":{"idSuffix":"BDI-content"}},"wdio_ui5_key":"etmportal.ui.managehandovers.view.DetailExecuteHOsap.m.Button{\"propertyName\":\"text\",\"key\":\"confirmAll\"}"}]}
RESULT: undefined
COMMAND: POST /session/2eb25f1cbe9612d735ab0219d8fb520b/element - {"using":"xpath","value":"//*[@id=\"__button468\"]"}
RESULT: {}
RESULT: {"using":"xpath","value":"//*[@id=\"__button468\"]"}
COMMAND: POST /session/2eb25f1cbe9612d735ab0219d8fb520b/element/f.1920C544C16071EF810842AAA08EA988.d.BDFA18C235149EA40E267BA9B9A1FFE2.e.13835/click - {}
RESULT: {}
COMMAND: GET /session/2eb25f1cbe9612d735ab0219d8fb520b/screenshot - {}
RESULT: {}
COMMAND: POST /session/2eb25f1cbe9612d735ab0219d8fb520b/actions - {"actions":[{"id":"action55","type":"key","parameters":{},"actions":[{"type":"keyDown","value":"î€‡"},{"type":"pause","duration":10},{"type":"keyUp","value":"î€‡"}]}]}
RESULT: {"actions":[{"id":"action55","type":"key","parameters":{},"actions":[{"type":"keyDown","value":"î€‡"},{"type":"pause","duration":10},{"type":"keyUp","value":"î€‡"}]}]}
COMMAND: GET /session/2eb25f1cbe9612d735ab0219d8fb520b/screenshot - {}
RESULT: {}
COMMAND: POST /session/2eb25f1cbe9612d735ab0219d8fb520b/execute/async - {"script":"<script> [1562 bytes]","args":[{"selector":{"id":"confirmationButton","viewName":"etm.portal.ui.managehandovers.view.DetailExecuteHO","properties":{"text":"Issue"},"interaction":{"idSuffix":"BDI-content"}},"wdio_ui5_key":"confirmationButtonetmportal.ui.managehandovers.view.DetailExecuteHO{\"text\":\"Issue\"}"}]}
RESULT: {"script":"<script> [1562 bytes]","args":[{"selector":{"id":"confirmationButton","viewName":"etm.portal.ui.managehandovers.view.DetailExecuteHO","properties":{"text":"Issue"},"interaction":{"idSuffix":"BDI-content"}},"wdio_ui5_key":"confirmationButtonetmportal.ui.managehandovers.view.DetailExecuteHO{\"text\":\"Issue\"}"}]}
RESULT: undefined
RESULT: undefined
COMMAND: POST /session/2eb25f1cbe9612d735ab0219d8fb520b/execute/async - {"script":"<script> [776 bytes]","args":[{"enterText":"30285","selector":{"controlType":"sap.m.SearchField","viewName":"etm.portal.ui.managehandovers.view.MasterHO","bindingPath":{"propertyPath":"/_BASIC_SEARCH_FIELD","modelName":"fi1t3rM0d31"},"interaction":{"idSuffix":"I"}},"clearTextFirst":true,"interactionType":"ENTER_TEXT"}]}
RESULT: {"script":"<script> [776 bytes]","args":[{"enterText":"30285","selector":{"controlType":"sap.m.SearchField","viewName":"etm.portal.ui.managehandovers.view.MasterHO","bindingPath":{"propertyPath":"/_BASIC_SEARCH_FIELD","modelName":"fi1t3rM0d31"},"interaction":{"idSuffix":"I"}},"clearTextFirst":true,"interactionType":"ENTER_TEXT"}]}
COMMAND: POST /session/2eb25f1cbe9612d735ab0219d8fb520b/actions - {"actions":[{"id":"action56","type":"key","parameters":{},"actions":[{"type":"keyDown","value":"î€‡"},{"type":"pause","duration":10},{"type":"keyUp","value":"î€‡"}]}]}
RESULT: {"actions":[{"id":"action56","type":"key","parameters":{},"actions":[{"type":"keyDown","value":"î€‡"},{"type":"pause","duration":10},{"type":"keyUp","value":"î€‡"}]}]}
COMMAND: GET /session/2eb25f1cbe9612d735ab0219d8fb520b/screenshot - {}
RESULT: {}
COMMAND: POST /session/2eb25f1cbe9612d735ab0219d8fb520b/element - {"using":"xpath","value":"//span[(text() = '30285' or . = '30285')]"}
RESULT: {"using":"xpath","value":"//span[(text() = '30285' or . = '30285')]"}
COMMAND: POST /session/2eb25f1cbe9612d735ab0219d8fb520b/element/f.1920C544C16071EF810842AAA08EA988.d.BDFA18C235149EA40E267BA9B9A1FFE2.e.13751/click - {}
RESULT: {}
COMMAND: GET /session/2eb25f1cbe9612d735ab0219d8fb520b/screenshot - {}
RESULT: {}
COMMAND: POST /session/2eb25f1cbe9612d735ab0219d8fb520b/execute/async - {"script":"<script> [1562 bytes]","args":[{"selector":{"id":"instructionsTabFilter","viewName":"etm.portal.ui.managehandovers.view.DetailExecuteHO","interaction":{"idSuffix":"text"}},"wdio_ui5_key":"instructionsTabFilteretmportal.ui.managehandovers.view.DetailExecuteHO"}]}
RESULT: {"script":"<script> [1562 bytes]","args":[{"selector":{"id":"instructionsTabFilter","viewName":"etm.portal.ui.managehandovers.view.DetailExecuteHO","interaction":{"idSuffix":"text"}},"wdio_ui5_key":"instructionsTabFilteretmportal.ui.managehandovers.view.DetailExecuteHO"}]}
RESULT: undefined
COMMAND: POST /session/2eb25f1cbe9612d735ab0219d8fb520b/element - {"using":"xpath","value":"//*[@id=\"__xmlview68--instructionsTabFilter\"]"}
RESULT: {"using":"xpath","value":"//*[@id=\"__xmlview68--instructionsTabFilter\"]"}
COMMAND: POST /session/2eb25f1cbe9612d735ab0219d8fb520b/element/f.1920C544C16071EF810842AAA08EA988.d.BDFA18C235149EA40E267BA9B9A1FFE2.e.13847/click - {}
RESULT: undefined
COMMAND: POST /session/2eb25f1cbe9612d735ab0219d8fb520b/element - {"using":"xpath","value":"//*[@id=\"__xmlview68--instructionsTabFilter\"]"}
RESULT: {"using":"xpath","value":"//*[@id=\"__xmlview68--instructionsTabFilter\"]"}
COMMAND: POST /session/2eb25f1cbe9612d735ab0219d8fb520b/element/f.1920C544C16071EF810842AAA08EA988.d.BDFA18C235149EA40E267BA9B9A1FFE2.e.13847/click - {}
COMMAND: POST /session/2eb25f1cbe9612d735ab0219d8fb520b/execute/async - {"script":"<script> [1562 bytes]","args":[{"selector":{"controlType":"sap.m.ComboBox","viewName":"etm.portal.ui.managehandovers.view.DetailExecuteHO","bindingPath":{"propertyPath":"RECEIVING_SECTION","modelName":"catalogModel"},"interaction":{"idSuffix":"inner"}},"wdio_ui5_key":"etmportal.ui.managehandovers.view.DetailExecuteHOsap.m.ComboBox{\"propertyPath\":\"RECEIVING_SECTION\",\"modelName\":\"catalogModel\"}"}]}
RESULT: {"script":"<script> [1562 bytes]","args":[{"selector":{"controlType":"sap.m.ComboBox","viewName":"etm.portal.ui.managehandovers.view.DetailExecuteHO","bindingPath":{"propertyPath":"RECEIVING_SECTION","modelName":"catalogModel"},"interaction":{"idSuffix":"inner"}},"wdio_ui5_key":"etmportal.ui.managehandovers.view.DetailExecuteHOsap.m.ComboBox{\"propertyPath\":\"RECEIVING_SECTION\",\"modelName\":\"catalogModel\"}"}]}
RESULT: undefined
COMMAND: POST /session/2eb25f1cbe9612d735ab0219d8fb520b/actions - {"actions":[{"id":"action57","type":"key","parameters":{},"actions":[{"type":"keyDown","value":"î€‡"},{"type":"pause","duration":10},{"type":"keyUp","value":"î€‡"}]}]}
RESULT: {"actions":[{"id":"action57","type":"key","parameters":{},"actions":[{"type":"keyDown","value":"î€‡"},{"type":"pause","duration":10},{"type":"keyUp","value":"î€‡"}]}]}
COMMAND: GET /session/2eb25f1cbe9612d735ab0219d8fb520b/screenshot - {}
RESULT: {}
COMMAND: POST /session/2eb25f1cbe9612d735ab0219d8fb520b/execute/async - {"script":"<script> [1562 bytes]","args":[{"selector":{"id":"confirmationButton","viewName":"etm.portal.ui.managehandovers.view.DetailExecuteHO","properties":{"text":"Receive"},"interaction":{"idSuffix":"BDI-content"}},"wdio_ui5_key":"confirmationButtonetmportal.ui.managehandovers.view.DetailExecuteHO{\"text\":\"Receive\"}"}]}
RESULT: {"script":"<script> [1562 bytes]","args":[{"selector":{"id":"confirmationButton","viewName":"etm.portal.ui.managehandovers.view.DetailExecuteHO","properties":{"text":"Receive"},"interaction":{"idSuffix":"BDI-content"}},"wdio_ui5_key":"confirmationButtonetmportal.ui.managehandovers.view.DetailExecuteHO{\"text\":\"Receive\"}"}]}
RESULT: undefined
COMMAND: POST /session/2eb25f1cbe9612d735ab0219d8fb520b/execute/async - {"script":"<script> [1562 bytes]","args":[{"selector":{"controlType":"sap.m.Button","properties":{"text":"Continue"},"searchOpenDialogs":true,"interaction":{"idSuffix":"content"}},"wdio_ui5_key":"sapm.Button{\"text\":\"Continue\"}"}]}
RESULT: {"script":"<script> [1562 bytes]","args":[{"selector":{"controlType":"sap.m.Button","properties":{"text":"Continue"},"searchOpenDialogs":true,"interaction":{"idSuffix":"content"}},"wdio_ui5_key":"sapm.Button{\"text\":\"Continue\"}"}]}
RESULT: undefined
COMMAND: POST /session/2eb25f1cbe9612d735ab0219d8fb520b/element - {"using":"css selector","value":"#j_username"}
COMMAND: POST /session/2eb25f1cbe9612d735ab0219d8fb520b/url - {"url":"https://qa-testing-00-live-etm-ui.cfapps.eu10-004.hana.ondemand.com/"}
RESULT: {"using":"css selector","value":"#j_username"}
COMMAND: POST /session/2eb25f1cbe9612d735ab0219d8fb520b/element - {"using":"css selector","value":"#j_username"}
RESULT: {"url":"https://qa-testing-00-live-etm-ui.cfapps.eu10-004.hana.ondemand.com/"}
RESULT: undefined
COMMAND: GET /session/2eb25f1cbe9612d735ab0219d8fb520b/screenshot - {}
RESULT: {"using":"css selector","value":"#j_username"}
COMMAND: POST /session/2eb25f1cbe9612d735ab0219d8fb520b/element - {"using":"css selector","value":"#shell-header-logo"}
RESULT: {}
RESULT: {"using":"css selector","value":"#shell-header-logo"}
COMMAND: POST /session/2eb25f1cbe9612d735ab0219d8fb520b/execute/sync - {"script":"<script> [8489 bytes]","args":[{"element-6066-11e4-a52e-4f735466cecf":"f.1920C544C16071EF810842AAA08EA988.d.7FF7DC5FC7E94DC48310FEC75F763D80.e.13856","ELEMENT":"f.1920C544C16071EF810842AAA08EA988.d.7FF7DC5FC7E94DC48310FEC75F763D80.e.13856"}]}
RESULT: {"script":"<script> [8489 bytes]","args":[{"element-6066-11e4-a52e-4f735466cecf":"f.1920C544C16071EF810842AAA08EA988.d.7FF7DC5FC7E94DC48310FEC75F763D80.e.13856","ELEMENT":"f.1920C544C16071EF810842AAA08EA988.d.7FF7DC5FC7E94DC48310FEC75F763D80.e.13856"}]}
COMMAND: POST /session/2eb25f1cbe9612d735ab0219d8fb520b/element - {"using":"css selector","value":"#shell-header-logo"}
COMMAND: GET /session/2eb25f1cbe9612d735ab0219d8fb520b/screenshot - {}
RESULT: {"using":"css selector","value":"#shell-header-logo"}
COMMAND: POST /session/2eb25f1cbe9612d735ab0219d8fb520b/execute/sync - {"script":"<script> [8489 bytes]","args":[{"element-6066-11e4-a52e-4f735466cecf":"f.1920C544C16071EF810842AAA08EA988.d.7FF7DC5FC7E94DC48310FEC75F763D80.e.13856","ELEMENT":"f.1920C544C16071EF810842AAA08EA988.d.7FF7DC5FC7E94DC48310FEC75F763D80.e.13856"}]}
RESULT: {}
RESULT: {"script":"<script> [8489 bytes]","args":[{"element-6066-11e4-a52e-4f735466cecf":"f.1920C544C16071EF810842AAA08EA988.d.7FF7DC5FC7E94DC48310FEC75F763D80.e.13856","ELEMENT":"f.1920C544C16071EF810842AAA08EA988.d.7FF7DC5FC7E94DC48310FEC75F763D80.e.13856"}]}
COMMAND: POST /session/2eb25f1cbe9612d735ab0219d8fb520b/execute/sync - {"script":"<script> [5351 bytes]","args":[{"element-6066-11e4-a52e-4f735466cecf":"f.1920C544C16071EF810842AAA08EA988.d.7FF7DC5FC7E94DC48310FEC75F763D80.e.13856","ELEMENT":"f.1920C544C16071EF810842AAA08EA988.d.7FF7DC5FC7E94DC48310FEC75F763D80.e.13856"}]}
COMMAND: GET /session/2eb25f1cbe9612d735ab0219d8fb520b/screenshot - {}
RESULT: {"script":"<script> [5351 bytes]","args":[{"element-6066-11e4-a52e-4f735466cecf":"f.1920C544C16071EF810842AAA08EA988.d.7FF7DC5FC7E94DC48310FEC75F763D80.e.13856","ELEMENT":"f.1920C544C16071EF810842AAA08EA988.d.7FF7DC5FC7E94DC48310FEC75F763D80.e.13856"}]}
COMMAND: POST /session/2eb25f1cbe9612d735ab0219d8fb520b/element - {"using":"css selector","value":"#shell-header-logo"}
COMMAND: GET /session/2eb25f1cbe9612d735ab0219d8fb520b/screenshot - {}
RESULT: {}
RESULT: {"using":"css selector","value":"#shell-header-logo"}
COMMAND: POST /session/2eb25f1cbe9612d735ab0219d8fb520b/element/f.1920C544C16071EF810842AAA08EA988.d.7FF7DC5FC7E94DC48310FEC75F763D80.e.13856/click - {}
RESULT: {}
RESULT: {}
COMMAND: GET /session/2eb25f1cbe9612d735ab0219d8fb520b/screenshot - {}
RESULT: {}
COMMAND: POST /session/2eb25f1cbe9612d735ab0219d8fb520b/execute/async - {"script":"<script> [189 bytes]","args":[]}
RESULT: {"script":"<script> [189 bytes]","args":[]}
COMMAND: POST /session/2eb25f1cbe9612d735ab0219d8fb520b/execute/async - {"script":"<script> [123 bytes]","args":[]}
RESULT: {"script":"<script> [123 bytes]","args":[]}
COMMAND: POST /session/2eb25f1cbe9612d735ab0219d8fb520b/timeouts - {"script":"<number>"}
RESULT: {"script":"<number>"}
COMMAND: GET /session/2eb25f1cbe9612d735ab0219d8fb520b/timeouts - {}
RESULT: {}
RESULT: undefined
COMMAND: POST /session/2eb25f1cbe9612d735ab0219d8fb520b/execute/async - {"script":"<script> [2676 bytes]","args":[]}
RESULT: {"script":"<script> [2676 bytes]","args":[]}
COMMAND: POST /session/2eb25f1cbe9612d735ab0219d8fb520b/execute/async - {"script":"<script> [2342 bytes]","args":[{"protocol":"http","hostname":"0.0.0.0","path":"/","capabilities":{"browserName":"chrome","goog:chromeOptions":{"binary":"C:\\Program Files\\Google\\Chrome\\Application\\chrome.exe","args":["--start-maximized"]}},"logLevel":"warn","connectionRetryTimeout":120000,"connectionRetryCount":3,"logLevels":{},"enableDirectConnect":true,"strictSSL":true,"_":"65 more keys: [\"cacheDir\",\"port\",\"requestedCapabilities\",\"automationProtocol\",\"baseUrl\",\"waitforInterval\",\"waitforTimeout\",\"onReload\",\"beforeCommand\",\"afterCommand\",\"rootDir\",\"specs\",\"suites\",\"exclude\",\"groupLogsByTestSpec\",\"excludeDriverLogs\",\"bail\",\"framework\",\"reporters\",\"services\",\"maxInstances\",\"maxInstancesPerCapability\",\"injectGlobals\",\"filesToWatch\",\"execArgv\",\"runnerEnv\",\"runner\",\"shard\",\"specFileRetries\",\"specFileRetriesDelay\",\"specFileRetriesDeferred\",\"reporterSyncInterval\",\"reporterSyncTimeout\",\"cucumberFeaturesWithLineNumbers\",\"autoCompileOpts\",\"mochaOpts\",\"jasmineOpts\",\"cucumberOpts\",\"onPrepare\",\"onWorkerStart\",\"onWorkerEnd\",\"before\",\"beforeSession\",\"beforeSuite\",\"beforeHook\",\"beforeTest\",\"afterTest\",\"afterHook\",\"afterSuite\",\"afterSession\",\"after\",\"onComplete\",\"beforeAssertion\",\"afterAssertion\",\"beforeFeature\",\"beforeScenario\",\"beforeStep\",\"afterStep\",\"afterScenario\",\"afterFeature\",\"_\",\"suite\",\"$0\",\"ignoredWorkerServices\",\"wdi5\"]"}]}
RESULT: {"script":"<script> [2342 bytes]","args":[{"protocol":"http","hostname":"0.0.0.0","path":"/","capabilities":{"browserName":"chrome","goog:chromeOptions":{"binary":"C:\\Program Files\\Google\\Chrome\\Application\\chrome.exe","args":["--start-maximized"]}},"logLevel":"warn","connectionRetryTimeout":120000,"connectionRetryCount":3,"logLevels":{},"enableDirectConnect":true,"strictSSL":true,"_":"65 more keys: [\"cacheDir\",\"port\",\"requestedCapabilities\",\"automationProtocol\",\"baseUrl\",\"waitforInterval\",\"waitforTimeout\",\"onReload\",\"beforeCommand\",\"afterCommand\",\"rootDir\",\"specs\",\"suites\",\"exclude\",\"groupLogsByTestSpec\",\"excludeDriverLogs\",\"bail\",\"framework\",\"reporters\",\"services\",\"maxInstances\",\"maxInstancesPerCapability\",\"injectGlobals\",\"filesToWatch\",\"execArgv\",\"runnerEnv\",\"runner\",\"shard\",\"specFileRetries\",\"specFileRetriesDelay\",\"specFileRetriesDeferred\",\"reporterSyncInterval\",\"reporterSyncTimeout\",\"cucumberFeaturesWithLineNumbers\",\"autoCompileOpts\",\"mochaOpts\",\"jasmineOpts\",\"cucumberOpts\",\"onPrepare\",\"onWorkerStart\",\"onWorkerEnd\",\"before\",\"beforeSession\",\"beforeSuite\",\"beforeHook\",\"beforeTest\",\"afterTest\",\"afterHook\",\"afterSuite\",\"afterSession\",\"after\",\"onComplete\",\"beforeAssertion\",\"afterAssertion\",\"beforeFeature\",\"beforeScenario\",\"beforeStep\",\"afterStep\",\"afterScenario\",\"afterFeature\",\"_\",\"suite\",\"$0\",\"ignoredWorkerServices\",\"wdi5\"]"}]}
COMMAND: POST /session/2eb25f1cbe9612d735ab0219d8fb520b/execute/async - {"script":"<script> [21126 bytes]","args":[35000]}
RESULT: {"script":"<script> [21126 bytes]","args":[35000]}
COMMAND: POST /session/2eb25f1cbe9612d735ab0219d8fb520b/window/maximize - {}
RESULT: {}
COMMAND: POST /session/2eb25f1cbe9612d735ab0219d8fb520b/execute/async - {"script":"<script> [1562 bytes]","args":[{"selector":{"id":"shell-header","interaction":{"idSuffix":"icon"}},"wdio_ui5_key":"shellheader"}]}
COMMAND: GET /session/2eb25f1cbe9612d735ab0219d8fb520b/screenshot - {}
RESULT: {"script":"<script> [1562 bytes]","args":[{"selector":{"id":"shell-header","interaction":{"idSuffix":"icon"}},"wdio_ui5_key":"shellheader"}]}
RESULT: undefined
]]></system-out>
    </testcase>
  </testsuite>
  <testsuite timestamp="2025-04-25T17:05:34" time="320.409" tests="4" failures="0" errors="0" skipped="0">
    <properties>
      <property name="specId" value="0" />
      <property name="suiteName" value="Provide to Site w/o warehouse management w/ clarification US116605" />
      <property name="capabilities" value="chrome.135_0_7049_96.windows" />
      <property name="file" value="file:///D:/a/1/s/test/specs/HTR/provide-to-site-wo-warehouse-w-clarification.spec.js" />
    </properties>
    <testcase classname="chrome.135_0_7049_96.windows.Provide_to_Site_w/o_warehouse_management_w/_clarification_US116605" name="Should create a WHM yard" time="100.942">
      <system-out><![CDATA[
COMMAND: POST /session/2eb25f1cbe9612d735ab0219d8fb520b/execute/async - {"script":"<script> [1562 bytes]","args":[{"selector":{"controlType":"sap.m.GenericTile","properties":{"header":"Manage Yards"}},"wdio_ui5_key":"sapm.GenericTile{\"header\":\"Manage Yards\"}"}]}
RESULT: {}
RESULT: {"script":"<script> [1562 bytes]","args":[{"selector":{"controlType":"sap.m.GenericTile","properties":{"header":"Manage Yards"}},"wdio_ui5_key":"sapm.GenericTile{\"header\":\"Manage Yards\"}"}]}
RESULT: undefined
COMMAND: POST /session/2eb25f1cbe9612d735ab0219d8fb520b/element - {"using":"xpath","value":"//*[@id=\"__tile41\"]"}
RESULT: {"using":"xpath","value":"//*[@id=\"__tile41\"]"}
COMMAND: POST /session/2eb25f1cbe9612d735ab0219d8fb520b/element/f.1920C544C16071EF810842AAA08EA988.d.7FF7DC5FC7E94DC48310FEC75F763D80.e.13867/click - {}
RESULT: {}
COMMAND: POST /session/2eb25f1cbe9612d735ab0219d8fb520b/execute/async - {"script":"<script> [1562 bytes]","args":[{"selector":{"controlType":"sap.ui.core.Icon","viewName":"etm.portal.ui.manageyards.view.Master","viewId":"application-manageyards-display-component---masterYard","properties":{"src":{"regex":{"source":"add"}}}},"wdio_ui5_key":"etmportal.ui.manageyards.view.Mastersap.ui.core.Icon{\"src\":{\"regex\":{\"source\":\"add\"}}}"}]}
COMMAND: GET /session/2eb25f1cbe9612d735ab0219d8fb520b/screenshot - {}
RESULT: {"script":"<script> [1562 bytes]","args":[{"selector":{"controlType":"sap.ui.core.Icon","viewName":"etm.portal.ui.manageyards.view.Master","viewId":"application-manageyards-display-component---masterYard","properties":{"src":{"regex":{"source":"add"}}}},"wdio_ui5_key":"etmportal.ui.manageyards.view.Mastersap.ui.core.Icon{\"src\":{\"regex\":{\"source\":\"add\"}}}"}]}
RESULT: undefined
COMMAND: POST /session/2eb25f1cbe9612d735ab0219d8fb520b/element - {"using":"xpath","value":"//*[@id=\"__button4-img\"]"}
RESULT: {}
RESULT: {"using":"xpath","value":"//*[@id=\"__button4-img\"]"}
COMMAND: POST /session/2eb25f1cbe9612d735ab0219d8fb520b/element/f.1920C544C16071EF810842AAA08EA988.d.7FF7DC5FC7E94DC48310FEC75F763D80.e.13913/click - {}
RESULT: {}
COMMAND: POST /session/2eb25f1cbe9612d735ab0219d8fb520b/execute/async - {"script":"<script> [1562 bytes]","args":[{"selector":{"id":"application-manageyards-display-component---NewYard--addressDetailDetailsName1","interaction":{"idSuffix":"inner"}},"wdio_ui5_key":"applicationmanageyards-display-component---NewYard--addressDetailDetailsName1"}]}
COMMAND: GET /session/2eb25f1cbe9612d735ab0219d8fb520b/screenshot - {}
RESULT: {"script":"<script> [1562 bytes]","args":[{"selector":{"id":"application-manageyards-display-component---NewYard--addressDetailDetailsName1","interaction":{"idSuffix":"inner"}},"wdio_ui5_key":"applicationmanageyards-display-component---NewYard--addressDetailDetailsName1"}]}
RESULT: undefined
COMMAND: POST /session/2eb25f1cbe9612d735ab0219d8fb520b/execute/async - {"script":"<script> [776 bytes]","args":[{"enterText":"warehouse managed Yard","selector":{"id":"application-manageyards-display-component---NewYard--addressDetailDetailsName1","interaction":{"idSuffix":"inner"}},"clearTextFirst":true,"interactionType":"ENTER_TEXT"}]}
RESULT: {}
RESULT: {"script":"<script> [776 bytes]","args":[{"enterText":"warehouse managed Yard","selector":{"id":"application-manageyards-display-component---NewYard--addressDetailDetailsName1","interaction":{"idSuffix":"inner"}},"clearTextFirst":true,"interactionType":"ENTER_TEXT"}]}
COMMAND: POST /session/2eb25f1cbe9612d735ab0219d8fb520b/execute/async - {"script":"<script> [1562 bytes]","args":[{"selector":{"id":"application-manageyards-display-component---NewYard--addressDetailDetailsLanguage-arrow"},"wdio_ui5_key":"applicationmanageyards-display-component---NewYard--addressDetailDetailsLanguage-arrow"}]}
RESULT: {"script":"<script> [1562 bytes]","args":[{"selector":{"id":"application-manageyards-display-component---NewYard--addressDetailDetailsLanguage-arrow"},"wdio_ui5_key":"applicationmanageyards-display-component---NewYard--addressDetailDetailsLanguage-arrow"}]}
RESULT: undefined
COMMAND: POST /session/2eb25f1cbe9612d735ab0219d8fb520b/element - {"using":"xpath","value":"//*[@id=\"application-manageyards-display-component---NewYard--addressDetailDetailsLanguage-arrow\"]"}
RESULT: {"using":"xpath","value":"//*[@id=\"application-manageyards-display-component---NewYard--addressDetailDetailsLanguage-arrow\"]"}
COMMAND: POST /session/2eb25f1cbe9612d735ab0219d8fb520b/element/f.1920C544C16071EF810842AAA08EA988.d.7FF7DC5FC7E94DC48310FEC75F763D80.e.14317/click - {}
RESULT: {}
COMMAND: POST /session/2eb25f1cbe9612d735ab0219d8fb520b/execute/async - {"script":"<script> [1562 bytes]","args":[{"selector":{"controlType":"sap.m.StandardListItem","viewName":"etm.portal.ui.manageyards.view.New","viewId":"application-manageyards-display-component---NewYard","properties":{"title":"English"},"searchOpenDialogs":true,"interaction":{"idSuffix":"content"}},"wdio_ui5_key":"etmportal.ui.manageyards.view.Newsap.m.StandardListItem{\"title\":\"English\"}"}]}
COMMAND: GET /session/2eb25f1cbe9612d735ab0219d8fb520b/screenshot - {}
RESULT: {"script":"<script> [1562 bytes]","args":[{"selector":{"controlType":"sap.m.StandardListItem","viewName":"etm.portal.ui.manageyards.view.New","viewId":"application-manageyards-display-component---NewYard","properties":{"title":"English"},"searchOpenDialogs":true,"interaction":{"idSuffix":"content"}},"wdio_ui5_key":"etmportal.ui.manageyards.view.Newsap.m.StandardListItem{\"title\":\"English\"}"}]}
RESULT: undefined
COMMAND: POST /session/2eb25f1cbe9612d735ab0219d8fb520b/element - {"using":"xpath","value":"//*[@id=\"__item101\"]"}
RESULT: {}
RESULT: {"using":"xpath","value":"//*[@id=\"__item101\"]"}
COMMAND: POST /session/2eb25f1cbe9612d735ab0219d8fb520b/element/f.1920C544C16071EF810842AAA08EA988.d.7FF7DC5FC7E94DC48310FEC75F763D80.e.14319/click - {}
RESULT: {}
COMMAND: POST /session/2eb25f1cbe9612d735ab0219d8fb520b/execute/async - {"script":"<script> [1562 bytes]","args":[{"selector":{"id":"application-manageyards-display-component---NewYard--addressDetailDetailsCity1","interaction":{"idSuffix":"inner"}},"wdio_ui5_key":"applicationmanageyards-display-component---NewYard--addressDetailDetailsCity1"}]}
COMMAND: GET /session/2eb25f1cbe9612d735ab0219d8fb520b/screenshot - {}
RESULT: {"script":"<script> [1562 bytes]","args":[{"selector":{"id":"application-manageyards-display-component---NewYard--addressDetailDetailsCity1","interaction":{"idSuffix":"inner"}},"wdio_ui5_key":"applicationmanageyards-display-component---NewYard--addressDetailDetailsCity1"}]}
RESULT: undefined
COMMAND: POST /session/2eb25f1cbe9612d735ab0219d8fb520b/execute/async - {"script":"<script> [776 bytes]","args":[{"enterText":"Rosario","selector":{"id":"application-manageyards-display-component---NewYard--addressDetailDetailsCity1","interaction":{"idSuffix":"inner"}},"clearTextFirst":true,"interactionType":"ENTER_TEXT"}]}
RESULT: {}
RESULT: {"script":"<script> [776 bytes]","args":[{"enterText":"Rosario","selector":{"id":"application-manageyards-display-component---NewYard--addressDetailDetailsCity1","interaction":{"idSuffix":"inner"}},"clearTextFirst":true,"interactionType":"ENTER_TEXT"}]}
COMMAND: POST /session/2eb25f1cbe9612d735ab0219d8fb520b/execute/async - {"script":"<script> [1562 bytes]","args":[{"selector":{"id":"application-manageyards-display-component---NewYard--addressDetailDetailsCountry-arrow"},"wdio_ui5_key":"applicationmanageyards-display-component---NewYard--addressDetailDetailsCountry-arrow"}]}
RESULT: {"script":"<script> [1562 bytes]","args":[{"selector":{"id":"application-manageyards-display-component---NewYard--addressDetailDetailsCountry-arrow"},"wdio_ui5_key":"applicationmanageyards-display-component---NewYard--addressDetailDetailsCountry-arrow"}]}
RESULT: undefined
COMMAND: POST /session/2eb25f1cbe9612d735ab0219d8fb520b/element - {"using":"xpath","value":"//*[@id=\"application-manageyards-display-component---NewYard--addressDetailDetailsCountry-arrow\"]"}
RESULT: {"using":"xpath","value":"//*[@id=\"application-manageyards-display-component---NewYard--addressDetailDetailsCountry-arrow\"]"}
COMMAND: POST /session/2eb25f1cbe9612d735ab0219d8fb520b/element/f.1920C544C16071EF810842AAA08EA988.d.7FF7DC5FC7E94DC48310FEC75F763D80.e.14300/click - {}
RESULT: {}
COMMAND: POST /session/2eb25f1cbe9612d735ab0219d8fb520b/execute/async - {"script":"<script> [1562 bytes]","args":[{"selector":{"controlType":"sap.m.StandardListItem","viewName":"etm.portal.ui.manageyards.view.New","viewId":"application-manageyards-display-component---NewYard","properties":{"title":"Argentina"},"searchOpenDialogs":true,"interaction":{"idSuffix":"content"}},"wdio_ui5_key":"etmportal.ui.manageyards.view.Newsap.m.StandardListItem{\"title\":\"Argentina\"}"}]}
COMMAND: GET /session/2eb25f1cbe9612d735ab0219d8fb520b/screenshot - {}
RESULT: {"script":"<script> [1562 bytes]","args":[{"selector":{"controlType":"sap.m.StandardListItem","viewName":"etm.portal.ui.manageyards.view.New","viewId":"application-manageyards-display-component---NewYard","properties":{"title":"Argentina"},"searchOpenDialogs":true,"interaction":{"idSuffix":"content"}},"wdio_ui5_key":"etmportal.ui.manageyards.view.Newsap.m.StandardListItem{\"title\":\"Argentina\"}"}]}
RESULT: undefined
COMMAND: POST /session/2eb25f1cbe9612d735ab0219d8fb520b/element - {"using":"xpath","value":"//*[@id=\"__item144\"]"}
RESULT: {}
RESULT: {"using":"xpath","value":"//*[@id=\"__item144\"]"}
COMMAND: POST /session/2eb25f1cbe9612d735ab0219d8fb520b/element/f.1920C544C16071EF810842AAA08EA988.d.7FF7DC5FC7E94DC48310FEC75F763D80.e.14323/click - {}
RESULT: {}
COMMAND: POST /session/2eb25f1cbe9612d735ab0219d8fb520b/execute/async - {"script":"<script> [1562 bytes]","args":[{"selector":{"controlType":"sap.m.Button","viewName":"etm.portal.ui.manageyards.view.New","viewId":"application-manageyards-display-component---NewYard","properties":{"text":"Commercial"},"interaction":{"idSuffix":"BDI-content"}},"wdio_ui5_key":"etmportal.ui.manageyards.view.Newsap.m.Button{\"text\":\"Commercial\"}"}]}
COMMAND: GET /session/2eb25f1cbe9612d735ab0219d8fb520b/screenshot - {}
RESULT: {"script":"<script> [1562 bytes]","args":[{"selector":{"controlType":"sap.m.Button","viewName":"etm.portal.ui.manageyards.view.New","viewId":"application-manageyards-display-component---NewYard","properties":{"text":"Commercial"},"interaction":{"idSuffix":"BDI-content"}},"wdio_ui5_key":"etmportal.ui.manageyards.view.Newsap.m.Button{\"text\":\"Commercial\"}"}]}
RESULT: undefined
COMMAND: POST /session/2eb25f1cbe9612d735ab0219d8fb520b/element - {"using":"xpath","value":"//*[@id=\"application-manageyards-display-component---NewYard--ObjectPageLayout-anchBar-__section5-anchor\"]"}
RESULT: {}
RESULT: {"using":"xpath","value":"//*[@id=\"application-manageyards-display-component---NewYard--ObjectPageLayout-anchBar-__section5-anchor\"]"}
COMMAND: POST /session/2eb25f1cbe9612d735ab0219d8fb520b/element/f.1920C544C16071EF810842AAA08EA988.d.7FF7DC5FC7E94DC48310FEC75F763D80.e.14325/click - {}
RESULT: {}
COMMAND: GET /session/2eb25f1cbe9612d735ab0219d8fb520b/screenshot - {}
RESULT: {}
COMMAND: POST /session/2eb25f1cbe9612d735ab0219d8fb520b/execute/async - {"script":"<script> [1562 bytes]","args":[{"selector":{"id":"application-manageyards-display-component---NewYard--addressEditDetailsCostObjectCstType-arrow"},"wdio_ui5_key":"applicationmanageyards-display-component---NewYard--addressEditDetailsCostObjectCstType-arrow"}]}
RESULT: {"script":"<script> [1562 bytes]","args":[{"selector":{"id":"application-manageyards-display-component---NewYard--addressEditDetailsCostObjectCstType-arrow"},"wdio_ui5_key":"applicationmanageyards-display-component---NewYard--addressEditDetailsCostObjectCstType-arrow"}]}
RESULT: undefined
COMMAND: POST /session/2eb25f1cbe9612d735ab0219d8fb520b/element - {"using":"xpath","value":"//*[@id=\"application-manageyards-display-component---NewYard--addressEditDetailsCostObjectCstType-arrow\"]"}
RESULT: {"using":"xpath","value":"//*[@id=\"application-manageyards-display-component---NewYard--addressEditDetailsCostObjectCstType-arrow\"]"}
COMMAND: POST /session/2eb25f1cbe9612d735ab0219d8fb520b/element/f.1920C544C16071EF810842AAA08EA988.d.7FF7DC5FC7E94DC48310FEC75F763D80.e.14335/click - {}
RESULT: {}
COMMAND: GET /session/2eb25f1cbe9612d735ab0219d8fb520b/screenshot - {}
RESULT: {}
COMMAND: POST /session/2eb25f1cbe9612d735ab0219d8fb520b/execute/async - {"script":"<script> [1562 bytes]","args":[{"selector":{"controlType":"sap.m.StandardListItem","viewName":"etm.portal.ui.manageyards.view.New","viewId":"application-manageyards-display-component---NewYard","properties":{"title":"Cost Center"},"searchOpenDialogs":true,"interaction":{"idSuffix":"titleText"}},"wdio_ui5_key":"etmportal.ui.manageyards.view.Newsap.m.StandardListItem{\"title\":\"Cost Center\"}"}]}
RESULT: {"script":"<script> [1562 bytes]","args":[{"selector":{"controlType":"sap.m.StandardListItem","viewName":"etm.portal.ui.manageyards.view.New","viewId":"application-manageyards-display-component---NewYard","properties":{"title":"Cost Center"},"searchOpenDialogs":true,"interaction":{"idSuffix":"titleText"}},"wdio_ui5_key":"etmportal.ui.manageyards.view.Newsap.m.StandardListItem{\"title\":\"Cost Center\"}"}]}
RESULT: undefined
COMMAND: POST /session/2eb25f1cbe9612d735ab0219d8fb520b/element - {"using":"xpath","value":"//*[@id=\"__item234\"]"}
RESULT: {"using":"xpath","value":"//*[@id=\"__item234\"]"}
COMMAND: POST /session/2eb25f1cbe9612d735ab0219d8fb520b/element/f.1920C544C16071EF810842AAA08EA988.d.7FF7DC5FC7E94DC48310FEC75F763D80.e.14337/click - {}
RESULT: {}
COMMAND: POST /session/2eb25f1cbe9612d735ab0219d8fb520b/element - {"using":"xpath","value":"//input[@id=\"application-manageyards-display-component---NewYard--addressNewCostObjectCstID-inner\"]"}
COMMAND: GET /session/2eb25f1cbe9612d735ab0219d8fb520b/screenshot - {}
RESULT: {"using":"xpath","value":"//input[@id=\"application-manageyards-display-component---NewYard--addressNewCostObjectCstID-inner\"]"}
COMMAND: POST /session/2eb25f1cbe9612d735ab0219d8fb520b/element/f.1920C544C16071EF810842AAA08EA988.d.7FF7DC5FC7E94DC48310FEC75F763D80.e.14140/clear - {}
RESULT: {}
COMMAND: POST /session/2eb25f1cbe9612d735ab0219d8fb520b/element - {"using":"xpath","value":"//input[@id=\"application-manageyards-display-component---NewYard--addressNewCostObjectCstID-inner\"]"}
RESULT: {"using":"xpath","value":"//input[@id=\"application-manageyards-display-component---NewYard--addressNewCostObjectCstID-inner\"]"}
COMMAND: POST /session/2eb25f1cbe9612d735ab0219d8fb520b/element/f.1920C544C16071EF810842AAA08EA988.d.7FF7DC5FC7E94DC48310FEC75F763D80.e.14140/clear - {}
COMMAND: POST /session/2eb25f1cbe9612d735ab0219d8fb520b/element - {"using":"xpath","value":"//input[@id=\"application-manageyards-display-component---NewYard--addressNewCostObjectCstID-inner\"]"}
RESULT: {"using":"xpath","value":"//input[@id=\"application-manageyards-display-component---NewYard--addressNewCostObjectCstID-inner\"]"}
COMMAND: POST /session/2eb25f1cbe9612d735ab0219d8fb520b/element/f.1920C544C16071EF810842AAA08EA988.d.7FF7DC5FC7E94DC48310FEC75F763D80.e.14341/clear - {}
COMMAND: POST /session/2eb25f1cbe9612d735ab0219d8fb520b/element - {"using":"xpath","value":"//input[@id=\"application-manageyards-display-component---NewYard--addressNewCostObjectCstID-inner\"]"}
RESULT: {"using":"xpath","value":"//input[@id=\"application-manageyards-display-component---NewYard--addressNewCostObjectCstID-inner\"]"}
COMMAND: POST /session/2eb25f1cbe9612d735ab0219d8fb520b/element/f.1920C544C16071EF810842AAA08EA988.d.7FF7DC5FC7E94DC48310FEC75F763D80.e.14341/clear - {}
COMMAND: POST /session/2eb25f1cbe9612d735ab0219d8fb520b/element - {"using":"xpath","value":"//input[@id=\"application-manageyards-display-component---NewYard--addressNewCostObjectCstID-inner\"]"}
RESULT: {"using":"xpath","value":"//input[@id=\"application-manageyards-display-component---NewYard--addressNewCostObjectCstID-inner\"]"}
COMMAND: POST /session/2eb25f1cbe9612d735ab0219d8fb520b/element/f.1920C544C16071EF810842AAA08EA988.d.7FF7DC5FC7E94DC48310FEC75F763D80.e.14343/clear - {}
RESULT: {}
COMMAND: POST /session/2eb25f1cbe9612d735ab0219d8fb520b/element/f.1920C544C16071EF810842AAA08EA988.d.7FF7DC5FC7E94DC48310FEC75F763D80.e.14343/value - {"text":"10001013"}
COMMAND: GET /session/2eb25f1cbe9612d735ab0219d8fb520b/screenshot - {}
RESULT: {"text":"10001013"}
COMMAND: GET /session/2eb25f1cbe9612d735ab0219d8fb520b/screenshot - {}
RESULT: {}
RESULT: {}
COMMAND: POST /session/2eb25f1cbe9612d735ab0219d8fb520b/execute/async - {"script":"<script> [1562 bytes]","args":[{"selector":{"controlType":"sap.m.StandardListItem","viewName":"etm.portal.ui.manageyards.view.New","viewId":"application-manageyards-display-component---NewYard","properties":{"type":"Active"},"searchOpenDialogs":true,"interaction":{"idSuffix":"titleText"}},"wdio_ui5_key":"etmportal.ui.manageyards.view.Newsap.m.StandardListItem{\"type\":\"Active\"}"}]}
RESULT: {"script":"<script> [1562 bytes]","args":[{"selector":{"controlType":"sap.m.StandardListItem","viewName":"etm.portal.ui.manageyards.view.New","viewId":"application-manageyards-display-component---NewYard","properties":{"type":"Active"},"searchOpenDialogs":true,"interaction":{"idSuffix":"titleText"}},"wdio_ui5_key":"etmportal.ui.manageyards.view.Newsap.m.StandardListItem{\"type\":\"Active\"}"}]}
RESULT: undefined
COMMAND: POST /session/2eb25f1cbe9612d735ab0219d8fb520b/element - {"using":"xpath","value":"//*[@id=\"__item339\"]"}
RESULT: {"using":"xpath","value":"//*[@id=\"__item339\"]"}
COMMAND: POST /session/2eb25f1cbe9612d735ab0219d8fb520b/element/f.1920C544C16071EF810842AAA08EA988.d.7FF7DC5FC7E94DC48310FEC75F763D80.e.14347/click - {}
RESULT: {}
COMMAND: POST /session/2eb25f1cbe9612d735ab0219d8fb520b/execute/async - {"script":"<script> [1562 bytes]","args":[{"selector":{"id":"application-manageyards-display-component---NewYard--addressEditDetailsCurrency-arrow"},"wdio_ui5_key":"applicationmanageyards-display-component---NewYard--addressEditDetailsCurrency-arrow"}]}
COMMAND: GET /session/2eb25f1cbe9612d735ab0219d8fb520b/screenshot - {}
RESULT: {"script":"<script> [1562 bytes]","args":[{"selector":{"id":"application-manageyards-display-component---NewYard--addressEditDetailsCurrency-arrow"},"wdio_ui5_key":"applicationmanageyards-display-component---NewYard--addressEditDetailsCurrency-arrow"}]}
RESULT: undefined
COMMAND: POST /session/2eb25f1cbe9612d735ab0219d8fb520b/element - {"using":"xpath","value":"//*[@id=\"application-manageyards-display-component---NewYard--addressEditDetailsCurrency-arrow\"]"}
RESULT: {}
RESULT: {"using":"xpath","value":"//*[@id=\"application-manageyards-display-component---NewYard--addressEditDetailsCurrency-arrow\"]"}
COMMAND: POST /session/2eb25f1cbe9612d735ab0219d8fb520b/element/f.1920C544C16071EF810842AAA08EA988.d.7FF7DC5FC7E94DC48310FEC75F763D80.e.14349/click - {}
RESULT: {}
COMMAND: POST /session/2eb25f1cbe9612d735ab0219d8fb520b/execute/async - {"script":"<script> [1562 bytes]","args":[{"selector":{"controlType":"sap.m.StandardListItem","viewName":"etm.portal.ui.manageyards.view.New","viewId":"application-manageyards-display-component---NewYard","properties":{"title":"Euro"},"searchOpenDialogs":true,"interaction":{"idSuffix":"content"}},"wdio_ui5_key":"etmportal.ui.manageyards.view.Newsap.m.StandardListItem{\"title\":\"Euro\"}"}]}
COMMAND: GET /session/2eb25f1cbe9612d735ab0219d8fb520b/screenshot - {}
RESULT: {"script":"<script> [1562 bytes]","args":[{"selector":{"controlType":"sap.m.StandardListItem","viewName":"etm.portal.ui.manageyards.view.New","viewId":"application-manageyards-display-component---NewYard","properties":{"title":"Euro"},"searchOpenDialogs":true,"interaction":{"idSuffix":"content"}},"wdio_ui5_key":"etmportal.ui.manageyards.view.Newsap.m.StandardListItem{\"title\":\"Euro\"}"}]}
RESULT: undefined
COMMAND: POST /session/2eb25f1cbe9612d735ab0219d8fb520b/element - {"using":"xpath","value":"//*[@id=\"__item340\"]"}
RESULT: {}
RESULT: {"using":"xpath","value":"//*[@id=\"__item340\"]"}
COMMAND: POST /session/2eb25f1cbe9612d735ab0219d8fb520b/element/f.1920C544C16071EF810842AAA08EA988.d.7FF7DC5FC7E94DC48310FEC75F763D80.e.14351/click - {}
RESULT: {}
COMMAND: POST /session/2eb25f1cbe9612d735ab0219d8fb520b/execute/async - {"script":"<script> [1562 bytes]","args":[{"selector":{"controlType":"sap.m.Input","viewName":"etm.portal.ui.manageyards.view.New","viewId":"application-manageyards-display-component---NewYard","bindingPath":{"path":"","propertyPath":"/CONTROLLING_AREA","modelName":"NewYardModel"},"interaction":{"idSuffix":"inner"}},"wdio_ui5_key":"etmportal.ui.manageyards.view.Newsap.m.Input{\"path\":\"\",\"propertyPath\":\"/CONTROLLING_AREA\",\"modelName\":\"NewYardModel\"}"}]}
COMMAND: GET /session/2eb25f1cbe9612d735ab0219d8fb520b/screenshot - {}
RESULT: {"script":"<script> [1562 bytes]","args":[{"selector":{"controlType":"sap.m.Input","viewName":"etm.portal.ui.manageyards.view.New","viewId":"application-manageyards-display-component---NewYard","bindingPath":{"path":"","propertyPath":"/CONTROLLING_AREA","modelName":"NewYardModel"},"interaction":{"idSuffix":"inner"}},"wdio_ui5_key":"etmportal.ui.manageyards.view.Newsap.m.Input{\"path\":\"\",\"propertyPath\":\"/CONTROLLING_AREA\",\"modelName\":\"NewYardModel\"}"}]}
RESULT: undefined
COMMAND: POST /session/2eb25f1cbe9612d735ab0219d8fb520b/execute/async - {"script":"<script> [776 bytes]","args":[{"enterText":"Z001","selector":{"controlType":"sap.m.Input","viewName":"etm.portal.ui.manageyards.view.New","viewId":"application-manageyards-display-component---NewYard","bindingPath":{"path":"","propertyPath":"/CONTROLLING_AREA","modelName":"NewYardModel"},"interaction":{"idSuffix":"inner"}},"clearTextFirst":true,"interactionType":"ENTER_TEXT"}]}
RESULT: {}
RESULT: {"script":"<script> [776 bytes]","args":[{"enterText":"Z001","selector":{"controlType":"sap.m.Input","viewName":"etm.portal.ui.manageyards.view.New","viewId":"application-manageyards-display-component---NewYard","bindingPath":{"path":"","propertyPath":"/CONTROLLING_AREA","modelName":"NewYardModel"},"interaction":{"idSuffix":"inner"}},"clearTextFirst":true,"interactionType":"ENTER_TEXT"}]}
COMMAND: POST /session/2eb25f1cbe9612d735ab0219d8fb520b/execute/async - {"script":"<script> [1562 bytes]","args":[{"selector":{"id":"application-manageyards-display-component---NewYard--companyCodeComboBox","interaction":{"idSuffix":"inner"}},"wdio_ui5_key":"applicationmanageyards-display-component---NewYard--companyCodeComboBox"}]}
RESULT: {"script":"<script> [1562 bytes]","args":[{"selector":{"id":"application-manageyards-display-component---NewYard--companyCodeComboBox","interaction":{"idSuffix":"inner"}},"wdio_ui5_key":"applicationmanageyards-display-component---NewYard--companyCodeComboBox"}]}
RESULT: undefined
COMMAND: POST /session/2eb25f1cbe9612d735ab0219d8fb520b/execute/async - {"script":"<script> [776 bytes]","args":[{"enterText":"1000","selector":{"id":"application-manageyards-display-component---NewYard--companyCodeComboBox","interaction":{"idSuffix":"inner"}},"clearTextFirst":true,"interactionType":"ENTER_TEXT"}]}
RESULT: {"script":"<script> [776 bytes]","args":[{"enterText":"1000","selector":{"id":"application-manageyards-display-component---NewYard--companyCodeComboBox","interaction":{"idSuffix":"inner"}},"clearTextFirst":true,"interactionType":"ENTER_TEXT"}]}
COMMAND: POST /session/2eb25f1cbe9612d735ab0219d8fb520b/execute/async - {"script":"<script> [1562 bytes]","args":[{"selector":{"controlType":"sap.m.Input","viewName":"etm.portal.ui.manageyards.view.New","viewId":"application-manageyards-display-component---NewYard","bindingPath":{"path":"","propertyPath":"/PLANT","modelName":"NewYardModel"},"interaction":{"idSuffix":"inner"}},"wdio_ui5_key":"etmportal.ui.manageyards.view.Newsap.m.Input{\"path\":\"\",\"propertyPath\":\"/PLANT\",\"modelName\":\"NewYardModel\"}"}]}
RESULT: {"script":"<script> [1562 bytes]","args":[{"selector":{"controlType":"sap.m.Input","viewName":"etm.portal.ui.manageyards.view.New","viewId":"application-manageyards-display-component---NewYard","bindingPath":{"path":"","propertyPath":"/PLANT","modelName":"NewYardModel"},"interaction":{"idSuffix":"inner"}},"wdio_ui5_key":"etmportal.ui.manageyards.view.Newsap.m.Input{\"path\":\"\",\"propertyPath\":\"/PLANT\",\"modelName\":\"NewYardModel\"}"}]}
RESULT: undefined
COMMAND: POST /session/2eb25f1cbe9612d735ab0219d8fb520b/execute/async - {"script":"<script> [776 bytes]","args":[{"enterText":"1001","selector":{"controlType":"sap.m.Input","viewName":"etm.portal.ui.manageyards.view.New","viewId":"application-manageyards-display-component---NewYard","bindingPath":{"path":"","propertyPath":"/PLANT","modelName":"NewYardModel"},"interaction":{"idSuffix":"inner"}},"clearTextFirst":true,"interactionType":"ENTER_TEXT"}]}
RESULT: {"script":"<script> [776 bytes]","args":[{"enterText":"1001","selector":{"controlType":"sap.m.Input","viewName":"etm.portal.ui.manageyards.view.New","viewId":"application-manageyards-display-component---NewYard","bindingPath":{"path":"","propertyPath":"/PLANT","modelName":"NewYardModel"},"interaction":{"idSuffix":"inner"}},"clearTextFirst":true,"interactionType":"ENTER_TEXT"}]}
COMMAND: POST /session/2eb25f1cbe9612d735ab0219d8fb520b/execute/async - {"script":"<script> [1562 bytes]","args":[{"selector":{"controlType":"sap.m.Input","viewName":"etm.portal.ui.manageyards.view.New","viewId":"application-manageyards-display-component---NewYard","bindingPath":{"path":"","propertyPath":"/SALES_AREA_VKORG","modelName":"NewYardModel"},"interaction":{"idSuffix":"inner"}},"wdio_ui5_key":"etmportal.ui.manageyards.view.Newsap.m.Input{\"path\":\"\",\"propertyPath\":\"/SALES_AREA_VKORG\",\"modelName\":\"NewYardModel\"}"}]}
RESULT: {"script":"<script> [1562 bytes]","args":[{"selector":{"controlType":"sap.m.Input","viewName":"etm.portal.ui.manageyards.view.New","viewId":"application-manageyards-display-component---NewYard","bindingPath":{"path":"","propertyPath":"/SALES_AREA_VKORG","modelName":"NewYardModel"},"interaction":{"idSuffix":"inner"}},"wdio_ui5_key":"etmportal.ui.manageyards.view.Newsap.m.Input{\"path\":\"\",\"propertyPath\":\"/SALES_AREA_VKORG\",\"modelName\":\"NewYardModel\"}"}]}
RESULT: undefined
COMMAND: POST /session/2eb25f1cbe9612d735ab0219d8fb520b/execute/async - {"script":"<script> [776 bytes]","args":[{"enterText":"C002","selector":{"controlType":"sap.m.Input","viewName":"etm.portal.ui.manageyards.view.New","viewId":"application-manageyards-display-component---NewYard","bindingPath":{"path":"","propertyPath":"/SALES_AREA_VKORG","modelName":"NewYardModel"},"interaction":{"idSuffix":"inner"}},"clearTextFirst":true,"interactionType":"ENTER_TEXT"}]}
RESULT: {"script":"<script> [776 bytes]","args":[{"enterText":"C002","selector":{"controlType":"sap.m.Input","viewName":"etm.portal.ui.manageyards.view.New","viewId":"application-manageyards-display-component---NewYard","bindingPath":{"path":"","propertyPath":"/SALES_AREA_VKORG","modelName":"NewYardModel"},"interaction":{"idSuffix":"inner"}},"clearTextFirst":true,"interactionType":"ENTER_TEXT"}]}
COMMAND: POST /session/2eb25f1cbe9612d735ab0219d8fb520b/execute/async - {"script":"<script> [1562 bytes]","args":[{"selector":{"controlType":"sap.m.Input","viewName":"etm.portal.ui.manageyards.view.New","viewId":"application-manageyards-display-component---NewYard","bindingPath":{"path":"","propertyPath":"/SALES_AREA_VTWEG","modelName":"NewYardModel"},"interaction":{"idSuffix":"inner"}},"wdio_ui5_key":"etmportal.ui.manageyards.view.Newsap.m.Input{\"path\":\"\",\"propertyPath\":\"/SALES_AREA_VTWEG\",\"modelName\":\"NewYardModel\"}"}]}
RESULT: {"script":"<script> [1562 bytes]","args":[{"selector":{"controlType":"sap.m.Input","viewName":"etm.portal.ui.manageyards.view.New","viewId":"application-manageyards-display-component---NewYard","bindingPath":{"path":"","propertyPath":"/SALES_AREA_VTWEG","modelName":"NewYardModel"},"interaction":{"idSuffix":"inner"}},"wdio_ui5_key":"etmportal.ui.manageyards.view.Newsap.m.Input{\"path\":\"\",\"propertyPath\":\"/SALES_AREA_VTWEG\",\"modelName\":\"NewYardModel\"}"}]}
RESULT: undefined
COMMAND: POST /session/2eb25f1cbe9612d735ab0219d8fb520b/execute/async - {"script":"<script> [776 bytes]","args":[{"enterText":"C2","selector":{"controlType":"sap.m.Input","viewName":"etm.portal.ui.manageyards.view.New","viewId":"application-manageyards-display-component---NewYard","bindingPath":{"path":"","propertyPath":"/SALES_AREA_VTWEG","modelName":"NewYardModel"},"interaction":{"idSuffix":"inner"}},"clearTextFirst":true,"interactionType":"ENTER_TEXT"}]}
RESULT: {"script":"<script> [776 bytes]","args":[{"enterText":"C2","selector":{"controlType":"sap.m.Input","viewName":"etm.portal.ui.manageyards.view.New","viewId":"application-manageyards-display-component---NewYard","bindingPath":{"path":"","propertyPath":"/SALES_AREA_VTWEG","modelName":"NewYardModel"},"interaction":{"idSuffix":"inner"}},"clearTextFirst":true,"interactionType":"ENTER_TEXT"}]}
COMMAND: POST /session/2eb25f1cbe9612d735ab0219d8fb520b/execute/async - {"script":"<script> [1562 bytes]","args":[{"selector":{"controlType":"sap.m.Input","viewName":"etm.portal.ui.manageyards.view.New","viewId":"application-manageyards-display-component---NewYard","bindingPath":{"path":"","propertyPath":"/SALES_AREA_SPART","modelName":"NewYardModel"},"interaction":{"idSuffix":"inner"}},"wdio_ui5_key":"etmportal.ui.manageyards.view.Newsap.m.Input{\"path\":\"\",\"propertyPath\":\"/SALES_AREA_SPART\",\"modelName\":\"NewYardModel\"}"}]}
RESULT: {"script":"<script> [1562 bytes]","args":[{"selector":{"controlType":"sap.m.Input","viewName":"etm.portal.ui.manageyards.view.New","viewId":"application-manageyards-display-component---NewYard","bindingPath":{"path":"","propertyPath":"/SALES_AREA_SPART","modelName":"NewYardModel"},"interaction":{"idSuffix":"inner"}},"wdio_ui5_key":"etmportal.ui.manageyards.view.Newsap.m.Input{\"path\":\"\",\"propertyPath\":\"/SALES_AREA_SPART\",\"modelName\":\"NewYardModel\"}"}]}
RESULT: undefined
COMMAND: POST /session/2eb25f1cbe9612d735ab0219d8fb520b/execute/async - {"script":"<script> [776 bytes]","args":[{"enterText":"C2","selector":{"controlType":"sap.m.Input","viewName":"etm.portal.ui.manageyards.view.New","viewId":"application-manageyards-display-component---NewYard","bindingPath":{"path":"","propertyPath":"/SALES_AREA_SPART","modelName":"NewYardModel"},"interaction":{"idSuffix":"inner"}},"clearTextFirst":true,"interactionType":"ENTER_TEXT"}]}
RESULT: {"script":"<script> [776 bytes]","args":[{"enterText":"C2","selector":{"controlType":"sap.m.Input","viewName":"etm.portal.ui.manageyards.view.New","viewId":"application-manageyards-display-component---NewYard","bindingPath":{"path":"","propertyPath":"/SALES_AREA_SPART","modelName":"NewYardModel"},"interaction":{"idSuffix":"inner"}},"clearTextFirst":true,"interactionType":"ENTER_TEXT"}]}
COMMAND: POST /session/2eb25f1cbe9612d735ab0219d8fb520b/execute/async - {"script":"<script> [1562 bytes]","args":[{"selector":{"controlType":"sap.m.Input","viewName":"etm.portal.ui.manageyards.view.New","viewId":"application-manageyards-display-component---NewYard","bindingPath":{"path":"","propertyPath":"/SHIP_POINT","modelName":"NewYardModel"},"interaction":{"idSuffix":"inner"}},"wdio_ui5_key":"etmportal.ui.manageyards.view.Newsap.m.Input{\"path\":\"\",\"propertyPath\":\"/SHIP_POINT\",\"modelName\":\"NewYardModel\"}"}]}
RESULT: {"script":"<script> [1562 bytes]","args":[{"selector":{"controlType":"sap.m.Input","viewName":"etm.portal.ui.manageyards.view.New","viewId":"application-manageyards-display-component---NewYard","bindingPath":{"path":"","propertyPath":"/SHIP_POINT","modelName":"NewYardModel"},"interaction":{"idSuffix":"inner"}},"wdio_ui5_key":"etmportal.ui.manageyards.view.Newsap.m.Input{\"path\":\"\",\"propertyPath\":\"/SHIP_POINT\",\"modelName\":\"NewYardModel\"}"}]}
RESULT: undefined
COMMAND: POST /session/2eb25f1cbe9612d735ab0219d8fb520b/execute/async - {"script":"<script> [776 bytes]","args":[{"enterText":"1710","selector":{"controlType":"sap.m.Input","viewName":"etm.portal.ui.manageyards.view.New","viewId":"application-manageyards-display-component---NewYard","bindingPath":{"path":"","propertyPath":"/SHIP_POINT","modelName":"NewYardModel"},"interaction":{"idSuffix":"inner"}},"clearTextFirst":true,"interactionType":"ENTER_TEXT"}]}
RESULT: {"script":"<script> [776 bytes]","args":[{"enterText":"1710","selector":{"controlType":"sap.m.Input","viewName":"etm.portal.ui.manageyards.view.New","viewId":"application-manageyards-display-component---NewYard","bindingPath":{"path":"","propertyPath":"/SHIP_POINT","modelName":"NewYardModel"},"interaction":{"idSuffix":"inner"}},"clearTextFirst":true,"interactionType":"ENTER_TEXT"}]}
COMMAND: POST /session/2eb25f1cbe9612d735ab0219d8fb520b/execute/async - {"script":"<script> [1562 bytes]","args":[{"selector":{"controlType":"sap.m.Input","viewName":"etm.portal.ui.manageyards.view.New","viewId":"application-manageyards-display-component---NewYard","bindingPath":{"path":"","propertyPath":"/DELIVERY_TYPE","modelName":"NewYardModel"},"interaction":{"idSuffix":"inner"}},"wdio_ui5_key":"etmportal.ui.manageyards.view.Newsap.m.Input{\"path\":\"\",\"propertyPath\":\"/DELIVERY_TYPE\",\"modelName\":\"NewYardModel\"}"}]}
RESULT: {"script":"<script> [1562 bytes]","args":[{"selector":{"controlType":"sap.m.Input","viewName":"etm.portal.ui.manageyards.view.New","viewId":"application-manageyards-display-component---NewYard","bindingPath":{"path":"","propertyPath":"/DELIVERY_TYPE","modelName":"NewYardModel"},"interaction":{"idSuffix":"inner"}},"wdio_ui5_key":"etmportal.ui.manageyards.view.Newsap.m.Input{\"path\":\"\",\"propertyPath\":\"/DELIVERY_TYPE\",\"modelName\":\"NewYardModel\"}"}]}
RESULT: undefined
COMMAND: POST /session/2eb25f1cbe9612d735ab0219d8fb520b/execute/async - {"script":"<script> [776 bytes]","args":[{"enterText":"ZL01","selector":{"controlType":"sap.m.Input","viewName":"etm.portal.ui.manageyards.view.New","viewId":"application-manageyards-display-component---NewYard","bindingPath":{"path":"","propertyPath":"/DELIVERY_TYPE","modelName":"NewYardModel"},"interaction":{"idSuffix":"inner"}},"clearTextFirst":true,"interactionType":"ENTER_TEXT"}]}
RESULT: {"script":"<script> [776 bytes]","args":[{"enterText":"ZL01","selector":{"controlType":"sap.m.Input","viewName":"etm.portal.ui.manageyards.view.New","viewId":"application-manageyards-display-component---NewYard","bindingPath":{"path":"","propertyPath":"/DELIVERY_TYPE","modelName":"NewYardModel"},"interaction":{"idSuffix":"inner"}},"clearTextFirst":true,"interactionType":"ENTER_TEXT"}]}
COMMAND: POST /session/2eb25f1cbe9612d735ab0219d8fb520b/execute/async - {"script":"<script> [1562 bytes]","args":[{"selector":{"controlType":"sap.m.Input","viewName":"etm.portal.ui.manageyards.view.New","viewId":"application-manageyards-display-component---NewYard","bindingPath":{"path":"","propertyPath":"/AUART","modelName":"NewYardModel"},"interaction":{"idSuffix":"inner"}},"wdio_ui5_key":"etmportal.ui.manageyards.view.Newsap.m.Input{\"path\":\"\",\"propertyPath\":\"/AUART\",\"modelName\":\"NewYardModel\"}"}]}
RESULT: {"script":"<script> [1562 bytes]","args":[{"selector":{"controlType":"sap.m.Input","viewName":"etm.portal.ui.manageyards.view.New","viewId":"application-manageyards-display-component---NewYard","bindingPath":{"path":"","propertyPath":"/AUART","modelName":"NewYardModel"},"interaction":{"idSuffix":"inner"}},"wdio_ui5_key":"etmportal.ui.manageyards.view.Newsap.m.Input{\"path\":\"\",\"propertyPath\":\"/AUART\",\"modelName\":\"NewYardModel\"}"}]}
RESULT: undefined
COMMAND: POST /session/2eb25f1cbe9612d735ab0219d8fb520b/execute/async - {"script":"<script> [776 bytes]","args":[{"enterText":"TA","selector":{"controlType":"sap.m.Input","viewName":"etm.portal.ui.manageyards.view.New","viewId":"application-manageyards-display-component---NewYard","bindingPath":{"path":"","propertyPath":"/AUART","modelName":"NewYardModel"},"interaction":{"idSuffix":"inner"}},"clearTextFirst":true,"interactionType":"ENTER_TEXT"}]}
RESULT: {"script":"<script> [776 bytes]","args":[{"enterText":"TA","selector":{"controlType":"sap.m.Input","viewName":"etm.portal.ui.manageyards.view.New","viewId":"application-manageyards-display-component---NewYard","bindingPath":{"path":"","propertyPath":"/AUART","modelName":"NewYardModel"},"interaction":{"idSuffix":"inner"}},"clearTextFirst":true,"interactionType":"ENTER_TEXT"}]}
COMMAND: POST /session/2eb25f1cbe9612d735ab0219d8fb520b/execute/async - {"script":"<script> [1562 bytes]","args":[{"selector":{"controlType":"sap.m.Button","viewName":"etm.portal.ui.manageyards.view.New","viewId":"application-manageyards-display-component---NewYard","i18NText":{"propertyName":"text","key":"save"},"interaction":{"idSuffix":"BDI-content"}},"wdio_ui5_key":"etmportal.ui.manageyards.view.Newsap.m.Button{\"propertyName\":\"text\",\"key\":\"save\"}"}]}
RESULT: {"script":"<script> [1562 bytes]","args":[{"selector":{"controlType":"sap.m.Button","viewName":"etm.portal.ui.manageyards.view.New","viewId":"application-manageyards-display-component---NewYard","i18NText":{"propertyName":"text","key":"save"},"interaction":{"idSuffix":"BDI-content"}},"wdio_ui5_key":"etmportal.ui.manageyards.view.Newsap.m.Button{\"propertyName\":\"text\",\"key\":\"save\"}"}]}
RESULT: undefined
COMMAND: POST /session/2eb25f1cbe9612d735ab0219d8fb520b/element - {"using":"xpath","value":"//*[@id=\"__button18\"]"}
RESULT: {"using":"xpath","value":"//*[@id=\"__button18\"]"}
COMMAND: POST /session/2eb25f1cbe9612d735ab0219d8fb520b/element/f.1920C544C16071EF810842AAA08EA988.d.7FF7DC5FC7E94DC48310FEC75F763D80.e.14302/click - {}
RESULT: {}
COMMAND: GET /session/2eb25f1cbe9612d735ab0219d8fb520b/screenshot - {}
RESULT: {}
COMMAND: POST /session/2eb25f1cbe9612d735ab0219d8fb520b/execute/async - {"script":"<script> [1562 bytes]","args":[{"selector":{"controlType":"sap.m.Text","viewName":"etm.portal.ui.manageyards.view.Detail","viewId":"application-manageyards-display-component---detailYard","bindingPath":{"propertyPath":"ID","modelName":"catalogModel"}},"wdio_ui5_key":"etmportal.ui.manageyards.view.Detailsap.m.Text{\"propertyPath\":\"ID\",\"modelName\":\"catalogModel\"}"}]}
RESULT: {"script":"<script> [1562 bytes]","args":[{"selector":{"controlType":"sap.m.Text","viewName":"etm.portal.ui.manageyards.view.Detail","viewId":"application-manageyards-display-component---detailYard","bindingPath":{"propertyPath":"ID","modelName":"catalogModel"}},"wdio_ui5_key":"etmportal.ui.manageyards.view.Detailsap.m.Text{\"propertyPath\":\"ID\",\"modelName\":\"catalogModel\"}"}]}
RESULT: undefined
COMMAND: POST /session/2eb25f1cbe9612d735ab0219d8fb520b/execute/async - {"script":"<script> [6424 bytes]","args":[{"element-6066-11e4-a52e-4f735466cecf":"f.1920C544C16071EF810842AAA08EA988.d.7FF7DC5FC7E94DC48310FEC75F763D80.e.14554"},"getText",[]]}
RESULT: {"script":"<script> [6424 bytes]","args":[{"element-6066-11e4-a52e-4f735466cecf":"f.1920C544C16071EF810842AAA08EA988.d.7FF7DC5FC7E94DC48310FEC75F763D80.e.14554"},"getText",[]]}
COMMAND: POST /session/2eb25f1cbe9612d735ab0219d8fb520b/element - {"using":"css selector","value":"#shell-header-logo"}
RESULT: {"using":"css selector","value":"#shell-header-logo"}
COMMAND: POST /session/2eb25f1cbe9612d735ab0219d8fb520b/element/f.1920C544C16071EF810842AAA08EA988.d.7FF7DC5FC7E94DC48310FEC75F763D80.e.13856/click - {}
RESULT: {}
COMMAND: GET /session/2eb25f1cbe9612d735ab0219d8fb520b/screenshot - {}
RESULT: {}
]]></system-out>
    </testcase>
    <testcase classname="chrome.135_0_7049_96.windows.Provide_to_Site_w/o_warehouse_management_w/_clarification_US116605" name="Should create WHM site" time="54.044">
      <system-out><![CDATA[
COMMAND: POST /session/2eb25f1cbe9612d735ab0219d8fb520b/execute/async - {"script":"<script> [1562 bytes]","args":[{"selector":{"controlType":"sap.m.GenericTile","properties":{"header":"Manage Sites"}},"wdio_ui5_key":"sapm.GenericTile{\"header\":\"Manage Sites\"}"}]}
RESULT: {"script":"<script> [1562 bytes]","args":[{"selector":{"controlType":"sap.m.GenericTile","properties":{"header":"Manage Sites"}},"wdio_ui5_key":"sapm.GenericTile{\"header\":\"Manage Sites\"}"}]}
RESULT: undefined
COMMAND: POST /session/2eb25f1cbe9612d735ab0219d8fb520b/element - {"using":"xpath","value":"//*[@id=\"__tile40\"]"}
RESULT: {"using":"xpath","value":"//*[@id=\"__tile40\"]"}
COMMAND: POST /session/2eb25f1cbe9612d735ab0219d8fb520b/element/f.1920C544C16071EF810842AAA08EA988.d.7FF7DC5FC7E94DC48310FEC75F763D80.e.14556/click - {}
RESULT: {}
COMMAND: GET /session/2eb25f1cbe9612d735ab0219d8fb520b/screenshot - {}
RESULT: {}
COMMAND: POST /session/2eb25f1cbe9612d735ab0219d8fb520b/execute/async - {"script":"<script> [1562 bytes]","args":[{"selector":{"controlType":"sap.ui.core.Icon","viewName":"etm.portal.ui.managesites.view.Master","viewId":"application-managesites-display-component---masterSite","properties":{"src":{"regex":{"source":"add"}}}},"wdio_ui5_key":"etmportal.ui.managesites.view.Mastersap.ui.core.Icon{\"src\":{\"regex\":{\"source\":\"add\"}}}"}]}
RESULT: {"script":"<script> [1562 bytes]","args":[{"selector":{"controlType":"sap.ui.core.Icon","viewName":"etm.portal.ui.managesites.view.Master","viewId":"application-managesites-display-component---masterSite","properties":{"src":{"regex":{"source":"add"}}}},"wdio_ui5_key":"etmportal.ui.managesites.view.Mastersap.ui.core.Icon{\"src\":{\"regex\":{\"source\":\"add\"}}}"}]}
RESULT: undefined
COMMAND: POST /session/2eb25f1cbe9612d735ab0219d8fb520b/element - {"using":"xpath","value":"//*[@id=\"__button64-img\"]"}
RESULT: {"using":"xpath","value":"//*[@id=\"__button64-img\"]"}
COMMAND: POST /session/2eb25f1cbe9612d735ab0219d8fb520b/element/f.1920C544C16071EF810842AAA08EA988.d.7FF7DC5FC7E94DC48310FEC75F763D80.e.14604/click - {}
RESULT: {}
COMMAND: GET /session/2eb25f1cbe9612d735ab0219d8fb520b/screenshot - {}
COMMAND: POST /session/2eb25f1cbe9612d735ab0219d8fb520b/execute/async - {"script":"<script> [1562 bytes]","args":[{"selector":{"controlType":"sap.m.Button","viewName":"etm.portal.ui.managesites.view.NewSmartSite","viewId":"application-managesites-display-component---NewSite","properties":{"text":"General Information"},"interaction":{"idSuffix":"BDI-content"}},"wdio_ui5_key":"etmportal.ui.managesites.view.NewSmartSitesap.m.Button{\"text\":\"General Information\"}"}]}
RESULT: {}
RESULT: {"script":"<script> [1562 bytes]","args":[{"selector":{"controlType":"sap.m.Button","viewName":"etm.portal.ui.managesites.view.NewSmartSite","viewId":"application-managesites-display-component---NewSite","properties":{"text":"General Information"},"interaction":{"idSuffix":"BDI-content"}},"wdio_ui5_key":"etmportal.ui.managesites.view.NewSmartSitesap.m.Button{\"text\":\"General Information\"}"}]}
RESULT: undefined
COMMAND: POST /session/2eb25f1cbe9612d735ab0219d8fb520b/element - {"using":"xpath","value":"//*[@id=\"application-managesites-display-component---NewSite--ObjectPageLayout-anchBar-__section31-anchor\"]"}
RESULT: {"using":"xpath","value":"//*[@id=\"application-managesites-display-component---NewSite--ObjectPageLayout-anchBar-__section31-anchor\"]"}
COMMAND: POST /session/2eb25f1cbe9612d735ab0219d8fb520b/element/f.1920C544C16071EF810842AAA08EA988.d.7FF7DC5FC7E94DC48310FEC75F763D80.e.14970/click - {}
RESULT: {}
COMMAND: POST /session/2eb25f1cbe9612d735ab0219d8fb520b/execute/async - {"script":"<script> [1562 bytes]","args":[{"selector":{"id":"application-managesites-display-component---NewSite--addressDetailDetailsName1","interaction":{"idSuffix":"inner"}},"wdio_ui5_key":"applicationmanagesites-display-component---NewSite--addressDetailDetailsName1"}]}
COMMAND: GET /session/2eb25f1cbe9612d735ab0219d8fb520b/screenshot - {}
RESULT: {"script":"<script> [1562 bytes]","args":[{"selector":{"id":"application-managesites-display-component---NewSite--addressDetailDetailsName1","interaction":{"idSuffix":"inner"}},"wdio_ui5_key":"applicationmanagesites-display-component---NewSite--addressDetailDetailsName1"}]}
RESULT: undefined
COMMAND: POST /session/2eb25f1cbe9612d735ab0219d8fb520b/execute/async - {"script":"<script> [776 bytes]","args":[{"enterText":"WDI5 WHM Site","selector":{"id":"application-managesites-display-component---NewSite--addressDetailDetailsName1","interaction":{"idSuffix":"inner"}},"clearTextFirst":true,"interactionType":"ENTER_TEXT"}]}
RESULT: {}
RESULT: {"script":"<script> [776 bytes]","args":[{"enterText":"WDI5 WHM Site","selector":{"id":"application-managesites-display-component---NewSite--addressDetailDetailsName1","interaction":{"idSuffix":"inner"}},"clearTextFirst":true,"interactionType":"ENTER_TEXT"}]}
COMMAND: POST /session/2eb25f1cbe9612d735ab0219d8fb520b/execute/async - {"script":"<script> [1562 bytes]","args":[{"selector":{"id":"application-managesites-display-component---NewSite--addressDetailDetailsLanguage","interaction":{"idSuffix":"inner"}},"wdio_ui5_key":"applicationmanagesites-display-component---NewSite--addressDetailDetailsLanguage"}]}
RESULT: {"script":"<script> [1562 bytes]","args":[{"selector":{"id":"application-managesites-display-component---NewSite--addressDetailDetailsLanguage","interaction":{"idSuffix":"inner"}},"wdio_ui5_key":"applicationmanagesites-display-component---NewSite--addressDetailDetailsLanguage"}]}
RESULT: undefined
COMMAND: POST /session/2eb25f1cbe9612d735ab0219d8fb520b/execute/async - {"script":"<script> [776 bytes]","args":[{"enterText":"Romanian","selector":{"id":"application-managesites-display-component---NewSite--addressDetailDetailsLanguage","interaction":{"idSuffix":"inner"}},"clearTextFirst":true,"interactionType":"ENTER_TEXT"}]}
RESULT: {"script":"<script> [776 bytes]","args":[{"enterText":"Romanian","selector":{"id":"application-managesites-display-component---NewSite--addressDetailDetailsLanguage","interaction":{"idSuffix":"inner"}},"clearTextFirst":true,"interactionType":"ENTER_TEXT"}]}
COMMAND: POST /session/2eb25f1cbe9612d735ab0219d8fb520b/execute/async - {"script":"<script> [1562 bytes]","args":[{"selector":{"id":"application-managesites-display-component---NewSite--addressDetailDetailsCity1","interaction":{"idSuffix":"inner"}},"wdio_ui5_key":"applicationmanagesites-display-component---NewSite--addressDetailDetailsCity1"}]}
RESULT: {"script":"<script> [1562 bytes]","args":[{"selector":{"id":"application-managesites-display-component---NewSite--addressDetailDetailsCity1","interaction":{"idSuffix":"inner"}},"wdio_ui5_key":"applicationmanagesites-display-component---NewSite--addressDetailDetailsCity1"}]}
RESULT: undefined
COMMAND: POST /session/2eb25f1cbe9612d735ab0219d8fb520b/execute/async - {"script":"<script> [776 bytes]","args":[{"enterText":"Bucharest","selector":{"id":"application-managesites-display-component---NewSite--addressDetailDetailsCity1","interaction":{"idSuffix":"inner"}},"clearTextFirst":true,"interactionType":"ENTER_TEXT"}]}
RESULT: {"script":"<script> [776 bytes]","args":[{"enterText":"Bucharest","selector":{"id":"application-managesites-display-component---NewSite--addressDetailDetailsCity1","interaction":{"idSuffix":"inner"}},"clearTextFirst":true,"interactionType":"ENTER_TEXT"}]}
COMMAND: POST /session/2eb25f1cbe9612d735ab0219d8fb520b/execute/async - {"script":"<script> [1562 bytes]","args":[{"selector":{"id":"application-managesites-display-component---NewSite--addressDetailDetailsCountry","interaction":{"idSuffix":"inner"}},"wdio_ui5_key":"applicationmanagesites-display-component---NewSite--addressDetailDetailsCountry"}]}
RESULT: {"script":"<script> [1562 bytes]","args":[{"selector":{"id":"application-managesites-display-component---NewSite--addressDetailDetailsCountry","interaction":{"idSuffix":"inner"}},"wdio_ui5_key":"applicationmanagesites-display-component---NewSite--addressDetailDetailsCountry"}]}
RESULT: undefined
COMMAND: POST /session/2eb25f1cbe9612d735ab0219d8fb520b/execute/async - {"script":"<script> [6424 bytes]","args":[{"element-6066-11e4-a52e-4f735466cecf":"f.1920C544C16071EF810842AAA08EA988.d.7FF7DC5FC7E94DC48310FEC75F763D80.e.14777"},"setValue",["Romania"]]}
RESULT: {"script":"<script> [6424 bytes]","args":[{"element-6066-11e4-a52e-4f735466cecf":"f.1920C544C16071EF810842AAA08EA988.d.7FF7DC5FC7E94DC48310FEC75F763D80.e.14777"},"setValue",["Romania"]]}
COMMAND: POST /session/2eb25f1cbe9612d735ab0219d8fb520b/execute/async - {"script":"<script> [1562 bytes]","args":[{"selector":{"id":"application-managesites-display-component---NewSite--addressDetailDetailsCalendar","interaction":{"idSuffix":"inner"}},"wdio_ui5_key":"applicationmanagesites-display-component---NewSite--addressDetailDetailsCalendar"}]}
RESULT: {"script":"<script> [1562 bytes]","args":[{"selector":{"id":"application-managesites-display-component---NewSite--addressDetailDetailsCalendar","interaction":{"idSuffix":"inner"}},"wdio_ui5_key":"applicationmanagesites-display-component---NewSite--addressDetailDetailsCalendar"}]}
RESULT: undefined
COMMAND: POST /session/2eb25f1cbe9612d735ab0219d8fb520b/execute/async - {"script":"<script> [776 bytes]","args":[{"enterText":"8 - Germany (Standard)","selector":{"id":"application-managesites-display-component---NewSite--addressDetailDetailsCalendar","interaction":{"idSuffix":"inner"}},"clearTextFirst":true,"interactionType":"ENTER_TEXT"}]}
RESULT: {"script":"<script> [776 bytes]","args":[{"enterText":"8 - Germany (Standard)","selector":{"id":"application-managesites-display-component---NewSite--addressDetailDetailsCalendar","interaction":{"idSuffix":"inner"}},"clearTextFirst":true,"interactionType":"ENTER_TEXT"}]}
COMMAND: POST /session/2eb25f1cbe9612d735ab0219d8fb520b/element - {"using":"xpath","value":"//input[@id=\"application-managesites-display-component---NewSite--addressDetailDetailsYard-inner\"]"}
RESULT: {"using":"xpath","value":"//input[@id=\"application-managesites-display-component---NewSite--addressDetailDetailsYard-inner\"]"}
COMMAND: POST /session/2eb25f1cbe9612d735ab0219d8fb520b/element/f.1920C544C16071EF810842AAA08EA988.d.7FF7DC5FC7E94DC48310FEC75F763D80.e.14788/clear - {}
RESULT: {}
COMMAND: POST /session/2eb25f1cbe9612d735ab0219d8fb520b/element/f.1920C544C16071EF810842AAA08EA988.d.7FF7DC5FC7E94DC48310FEC75F763D80.e.14788/value - {"text":"233"}
COMMAND: GET /session/2eb25f1cbe9612d735ab0219d8fb520b/screenshot - {}
RESULT: {"text":"233"}
COMMAND: GET /session/2eb25f1cbe9612d735ab0219d8fb520b/screenshot - {}
RESULT: {}
RESULT: {}
COMMAND: POST /session/2eb25f1cbe9612d735ab0219d8fb520b/execute/async - {"script":"<script> [1562 bytes]","args":[{"selector":{"controlType":"sap.m.Button","viewName":"etm.portal.ui.managesites.view.NewSmartSite","viewId":"application-managesites-display-component---NewSite","properties":{"text":"Commercial"},"interaction":{"idSuffix":"BDI-content"}},"wdio_ui5_key":"etmportal.ui.managesites.view.NewSmartSitesap.m.Button{\"text\":\"Commercial\"}"}]}
RESULT: {"script":"<script> [1562 bytes]","args":[{"selector":{"controlType":"sap.m.Button","viewName":"etm.portal.ui.managesites.view.NewSmartSite","viewId":"application-managesites-display-component---NewSite","properties":{"text":"Commercial"},"interaction":{"idSuffix":"BDI-content"}},"wdio_ui5_key":"etmportal.ui.managesites.view.NewSmartSitesap.m.Button{\"text\":\"Commercial\"}"}]}
RESULT: undefined
COMMAND: POST /session/2eb25f1cbe9612d735ab0219d8fb520b/element - {"using":"xpath","value":"//*[@id=\"application-managesites-display-component---NewSite--ObjectPageLayout-anchBar-__section33-anchor\"]"}
RESULT: {"using":"xpath","value":"//*[@id=\"application-managesites-display-component---NewSite--ObjectPageLayout-anchBar-__section33-anchor\"]"}
COMMAND: POST /session/2eb25f1cbe9612d735ab0219d8fb520b/element/f.1920C544C16071EF810842AAA08EA988.d.7FF7DC5FC7E94DC48310FEC75F763D80.e.14979/click - {}
RESULT: {}
COMMAND: POST /session/2eb25f1cbe9612d735ab0219d8fb520b/execute/async - {"script":"<script> [1562 bytes]","args":[{"selector":{"controlType":"sap.m.Button","viewName":"etm.portal.ui.managesites.view.NewSmartSite","viewId":"application-managesites-display-component---NewSite","i18NText":{"propertyName":"text","key":"save"},"interaction":{"idSuffix":"BDI-content"}},"wdio_ui5_key":"etmportal.ui.managesites.view.NewSmartSitesap.m.Button{\"propertyName\":\"text\",\"key\":\"save\"}"}]}
COMMAND: GET /session/2eb25f1cbe9612d735ab0219d8fb520b/screenshot - {}
RESULT: {"script":"<script> [1562 bytes]","args":[{"selector":{"controlType":"sap.m.Button","viewName":"etm.portal.ui.managesites.view.NewSmartSite","viewId":"application-managesites-display-component---NewSite","i18NText":{"propertyName":"text","key":"save"},"interaction":{"idSuffix":"BDI-content"}},"wdio_ui5_key":"etmportal.ui.managesites.view.NewSmartSitesap.m.Button{\"propertyName\":\"text\",\"key\":\"save\"}"}]}
RESULT: undefined
COMMAND: POST /session/2eb25f1cbe9612d735ab0219d8fb520b/element - {"using":"xpath","value":"//*[@id=\"__button76\"]"}
RESULT: {}
RESULT: {"using":"xpath","value":"//*[@id=\"__button76\"]"}
COMMAND: POST /session/2eb25f1cbe9612d735ab0219d8fb520b/element/f.1920C544C16071EF810842AAA08EA988.d.7FF7DC5FC7E94DC48310FEC75F763D80.e.14956/click - {}
RESULT: {}
COMMAND: GET /session/2eb25f1cbe9612d735ab0219d8fb520b/screenshot - {}
RESULT: {}
COMMAND: POST /session/2eb25f1cbe9612d735ab0219d8fb520b/execute/async - {"script":"<script> [1562 bytes]","args":[{"selector":{"controlType":"sap.m.Text","viewName":"etm.portal.ui.managesites.view.Detail","viewId":"application-managesites-display-component---detailSite","bindingPath":{"propertyPath":"ID","modelName":"catalogModel"}},"wdio_ui5_key":"etmportal.ui.managesites.view.Detailsap.m.Text{\"propertyPath\":\"ID\",\"modelName\":\"catalogModel\"}"}]}
RESULT: {"script":"<script> [1562 bytes]","args":[{"selector":{"controlType":"sap.m.Text","viewName":"etm.portal.ui.managesites.view.Detail","viewId":"application-managesites-display-component---detailSite","bindingPath":{"propertyPath":"ID","modelName":"catalogModel"}},"wdio_ui5_key":"etmportal.ui.managesites.view.Detailsap.m.Text{\"propertyPath\":\"ID\",\"modelName\":\"catalogModel\"}"}]}
RESULT: undefined
COMMAND: POST /session/2eb25f1cbe9612d735ab0219d8fb520b/execute/async - {"script":"<script> [6424 bytes]","args":[{"element-6066-11e4-a52e-4f735466cecf":"f.1920C544C16071EF810842AAA08EA988.d.7FF7DC5FC7E94DC48310FEC75F763D80.e.15165"},"getText",[]]}
RESULT: {"script":"<script> [6424 bytes]","args":[{"element-6066-11e4-a52e-4f735466cecf":"f.1920C544C16071EF810842AAA08EA988.d.7FF7DC5FC7E94DC48310FEC75F763D80.e.15165"},"getText",[]]}
COMMAND: POST /session/2eb25f1cbe9612d735ab0219d8fb520b/execute/async - {"script":"<script> [1562 bytes]","args":[{"selector":{"controlType":"sap.m.Label","viewName":"etm.portal.ui.managesites.view.Detail","viewId":"application-managesites-display-component---detailSite","i18NText":{"propertyName":"text","key":"status"}},"wdio_ui5_key":"etmportal.ui.managesites.view.Detailsap.m.Label{\"propertyName\":\"text\",\"key\":\"status\"}"}]}
RESULT: {"script":"<script> [1562 bytes]","args":[{"selector":{"controlType":"sap.m.Label","viewName":"etm.portal.ui.managesites.view.Detail","viewId":"application-managesites-display-component---detailSite","i18NText":{"propertyName":"text","key":"status"}},"wdio_ui5_key":"etmportal.ui.managesites.view.Detailsap.m.Label{\"propertyName\":\"text\",\"key\":\"status\"}"}]}
RESULT: undefined
COMMAND: POST /session/2eb25f1cbe9612d735ab0219d8fb520b/execute/async - {"script":"<script> [6424 bytes]","args":[{"element-6066-11e4-a52e-4f735466cecf":"f.1920C544C16071EF810842AAA08EA988.d.7FF7DC5FC7E94DC48310FEC75F763D80.e.15153"},"getText",[]]}
RESULT: {"script":"<script> [6424 bytes]","args":[{"element-6066-11e4-a52e-4f735466cecf":"f.1920C544C16071EF810842AAA08EA988.d.7FF7DC5FC7E94DC48310FEC75F763D80.e.15153"},"getText",[]]}
RESULT: undefined
COMMAND: POST /session/2eb25f1cbe9612d735ab0219d8fb520b/element - {"using":"xpath","value":"//*[@id=\"shell-header\"]"}
RESULT: {"using":"xpath","value":"//*[@id=\"shell-header\"]"}
COMMAND: POST /session/2eb25f1cbe9612d735ab0219d8fb520b/element/f.1920C544C16071EF810842AAA08EA988.d.7FF7DC5FC7E94DC48310FEC75F763D80.e.15166/click - {}
RESULT: {}
COMMAND: POST /session/2eb25f1cbe9612d735ab0219d8fb520b/element - {"using":"css selector","value":"#shell-header-logo"}
COMMAND: GET /session/2eb25f1cbe9612d735ab0219d8fb520b/screenshot - {}
RESULT: {"using":"css selector","value":"#shell-header-logo"}
COMMAND: POST /session/2eb25f1cbe9612d735ab0219d8fb520b/element/f.1920C544C16071EF810842AAA08EA988.d.7FF7DC5FC7E94DC48310FEC75F763D80.e.14559/click - {}
RESULT: {}
RESULT: {}
]]></system-out>
    </testcase>
    <testcase classname="chrome.135_0_7049_96.windows.Provide_to_Site_w/o_warehouse_management_w/_clarification_US116605" name="Should create WHM Partner" time="58.288">
      <system-out><![CDATA[
COMMAND: POST /session/2eb25f1cbe9612d735ab0219d8fb520b/execute/async - {"script":"<script> [1562 bytes]","args":[{"selector":{"controlType":"sap.m.GenericTile","properties":{"header":"Manage Partners"}},"wdio_ui5_key":"sapm.GenericTile{\"header\":\"Manage Partners\"}"}]}
COMMAND: GET /session/2eb25f1cbe9612d735ab0219d8fb520b/screenshot - {}
RESULT: {"script":"<script> [1562 bytes]","args":[{"selector":{"controlType":"sap.m.GenericTile","properties":{"header":"Manage Partners"}},"wdio_ui5_key":"sapm.GenericTile{\"header\":\"Manage Partners\"}"}]}
RESULT: undefined
COMMAND: POST /session/2eb25f1cbe9612d735ab0219d8fb520b/element - {"using":"xpath","value":"//*[@id=\"__tile38\"]"}
RESULT: {}
RESULT: {"using":"xpath","value":"//*[@id=\"__tile38\"]"}
COMMAND: POST /session/2eb25f1cbe9612d735ab0219d8fb520b/element/f.1920C544C16071EF810842AAA08EA988.d.7FF7DC5FC7E94DC48310FEC75F763D80.e.15172/click - {}
RESULT: {}
COMMAND: GET /session/2eb25f1cbe9612d735ab0219d8fb520b/screenshot - {}
COMMAND: POST /session/2eb25f1cbe9612d735ab0219d8fb520b/element - {"using":"xpath","value":"//button[(@data-kt = 'addButton')]"}
RESULT: {}
RESULT: {"using":"xpath","value":"//button[(@data-kt = 'addButton')]"}
COMMAND: POST /session/2eb25f1cbe9612d735ab0219d8fb520b/element/f.1920C544C16071EF810842AAA08EA988.d.7FF7DC5FC7E94DC48310FEC75F763D80.e.15219/click - {}
RESULT: {}
COMMAND: POST /session/2eb25f1cbe9612d735ab0219d8fb520b/execute/async - {"script":"<script> [1562 bytes]","args":[{"selector":{"id":"application-managepartners-display-component---NewPartner--addressDetailDetailsName1","interaction":{"idSuffix":"inner"}},"wdio_ui5_key":"applicationmanagepartners-display-component---NewPartner--addressDetailDetailsName1"}]}
COMMAND: GET /session/2eb25f1cbe9612d735ab0219d8fb520b/screenshot - {}
RESULT: {"script":"<script> [1562 bytes]","args":[{"selector":{"id":"application-managepartners-display-component---NewPartner--addressDetailDetailsName1","interaction":{"idSuffix":"inner"}},"wdio_ui5_key":"applicationmanagepartners-display-component---NewPartner--addressDetailDetailsName1"}]}
RESULT: undefined
COMMAND: POST /session/2eb25f1cbe9612d735ab0219d8fb520b/execute/async - {"script":"<script> [776 bytes]","args":[{"enterText":"WDI5-Partners","selector":{"id":"application-managepartners-display-component---NewPartner--addressDetailDetailsName1","interaction":{"idSuffix":"inner"}},"clearTextFirst":true,"interactionType":"ENTER_TEXT"}]}
RESULT: {}
RESULT: {"script":"<script> [776 bytes]","args":[{"enterText":"WDI5-Partners","selector":{"id":"application-managepartners-display-component---NewPartner--addressDetailDetailsName1","interaction":{"idSuffix":"inner"}},"clearTextFirst":true,"interactionType":"ENTER_TEXT"}]}
COMMAND: POST /session/2eb25f1cbe9612d735ab0219d8fb520b/execute/async - {"script":"<script> [1562 bytes]","args":[{"selector":{"id":"application-managepartners-display-component---NewPartner--addressDetailDetailsLanguage-arrow"},"wdio_ui5_key":"applicationmanagepartners-display-component---NewPartner--addressDetailDetailsLanguage-arrow"}]}
RESULT: {"script":"<script> [1562 bytes]","args":[{"selector":{"id":"application-managepartners-display-component---NewPartner--addressDetailDetailsLanguage-arrow"},"wdio_ui5_key":"applicationmanagepartners-display-component---NewPartner--addressDetailDetailsLanguage-arrow"}]}
RESULT: undefined
COMMAND: POST /session/2eb25f1cbe9612d735ab0219d8fb520b/element - {"using":"xpath","value":"//*[@id=\"application-managepartners-display-component---NewPartner--addressDetailDetailsLanguage-arrow\"]"}
RESULT: {"using":"xpath","value":"//*[@id=\"application-managepartners-display-component---NewPartner--addressDetailDetailsLanguage-arrow\"]"}
COMMAND: POST /session/2eb25f1cbe9612d735ab0219d8fb520b/element/f.1920C544C16071EF810842AAA08EA988.d.7FF7DC5FC7E94DC48310FEC75F763D80.e.15576/click - {}
RESULT: {}
COMMAND: POST /session/2eb25f1cbe9612d735ab0219d8fb520b/execute/async - {"script":"<script> [1562 bytes]","args":[{"selector":{"controlType":"sap.m.StandardListItem","viewName":"etm.portal.ui.managepartners.view.NewPartner","viewId":"application-managepartners-display-component---NewPartner","properties":{"title":"English"},"searchOpenDialogs":true,"interaction":{"idSuffix":"content"}},"wdio_ui5_key":"etmportal.ui.managepartners.view.NewPartnersap.m.StandardListItem{\"title\":\"English\"}"}]}
COMMAND: GET /session/2eb25f1cbe9612d735ab0219d8fb520b/screenshot - {}
RESULT: {"script":"<script> [1562 bytes]","args":[{"selector":{"controlType":"sap.m.StandardListItem","viewName":"etm.portal.ui.managepartners.view.NewPartner","viewId":"application-managepartners-display-component---NewPartner","properties":{"title":"English"},"searchOpenDialogs":true,"interaction":{"idSuffix":"content"}},"wdio_ui5_key":"etmportal.ui.managepartners.view.NewPartnersap.m.StandardListItem{\"title\":\"English\"}"}]}
RESULT: undefined
COMMAND: POST /session/2eb25f1cbe9612d735ab0219d8fb520b/element - {"using":"xpath","value":"//*[@id=\"__item862\"]"}
RESULT: {}
RESULT: {"using":"xpath","value":"//*[@id=\"__item862\"]"}
COMMAND: POST /session/2eb25f1cbe9612d735ab0219d8fb520b/element/f.1920C544C16071EF810842AAA08EA988.d.7FF7DC5FC7E94DC48310FEC75F763D80.e.15578/click - {}
RESULT: {}
COMMAND: POST /session/2eb25f1cbe9612d735ab0219d8fb520b/execute/async - {"script":"<script> [1562 bytes]","args":[{"selector":{"id":"application-managepartners-display-component---NewPartner--addressDetailDetailsCity1","interaction":{"idSuffix":"inner"}},"wdio_ui5_key":"applicationmanagepartners-display-component---NewPartner--addressDetailDetailsCity1"}]}
COMMAND: GET /session/2eb25f1cbe9612d735ab0219d8fb520b/screenshot - {}
RESULT: {"script":"<script> [1562 bytes]","args":[{"selector":{"id":"application-managepartners-display-component---NewPartner--addressDetailDetailsCity1","interaction":{"idSuffix":"inner"}},"wdio_ui5_key":"applicationmanagepartners-display-component---NewPartner--addressDetailDetailsCity1"}]}
RESULT: undefined
COMMAND: POST /session/2eb25f1cbe9612d735ab0219d8fb520b/execute/async - {"script":"<script> [776 bytes]","args":[{"enterText":"Bangalore","selector":{"id":"application-managepartners-display-component---NewPartner--addressDetailDetailsCity1","interaction":{"idSuffix":"inner"}},"clearTextFirst":true,"interactionType":"ENTER_TEXT"}]}
RESULT: {}
RESULT: {"script":"<script> [776 bytes]","args":[{"enterText":"Bangalore","selector":{"id":"application-managepartners-display-component---NewPartner--addressDetailDetailsCity1","interaction":{"idSuffix":"inner"}},"clearTextFirst":true,"interactionType":"ENTER_TEXT"}]}
COMMAND: POST /session/2eb25f1cbe9612d735ab0219d8fb520b/execute/async - {"script":"<script> [1562 bytes]","args":[{"selector":{"id":"application-managepartners-display-component---NewPartner--addressDetailDetailsCountry-arrow"},"wdio_ui5_key":"applicationmanagepartners-display-component---NewPartner--addressDetailDetailsCountry-arrow"}]}
RESULT: {"script":"<script> [1562 bytes]","args":[{"selector":{"id":"application-managepartners-display-component---NewPartner--addressDetailDetailsCountry-arrow"},"wdio_ui5_key":"applicationmanagepartners-display-component---NewPartner--addressDetailDetailsCountry-arrow"}]}
RESULT: undefined
COMMAND: POST /session/2eb25f1cbe9612d735ab0219d8fb520b/element - {"using":"xpath","value":"//*[@id=\"application-managepartners-display-component---NewPartner--addressDetailDetailsCountry-arrow\"]"}
RESULT: {"using":"xpath","value":"//*[@id=\"application-managepartners-display-component---NewPartner--addressDetailDetailsCountry-arrow\"]"}
COMMAND: POST /session/2eb25f1cbe9612d735ab0219d8fb520b/element/f.1920C544C16071EF810842AAA08EA988.d.7FF7DC5FC7E94DC48310FEC75F763D80.e.15580/click - {}
RESULT: {}
COMMAND: POST /session/2eb25f1cbe9612d735ab0219d8fb520b/execute/async - {"script":"<script> [1562 bytes]","args":[{"selector":{"id":"application-managepartners-display-component---NewPartner--addressDetailDetailsCountry","interaction":{"idSuffix":"inner"}},"wdio_ui5_key":"applicationmanagepartners-display-component---NewPartner--addressDetailDetailsCountry"}]}
COMMAND: GET /session/2eb25f1cbe9612d735ab0219d8fb520b/screenshot - {}
RESULT: {"script":"<script> [1562 bytes]","args":[{"selector":{"id":"application-managepartners-display-component---NewPartner--addressDetailDetailsCountry","interaction":{"idSuffix":"inner"}},"wdio_ui5_key":"applicationmanagepartners-display-component---NewPartner--addressDetailDetailsCountry"}]}
RESULT: undefined
COMMAND: POST /session/2eb25f1cbe9612d735ab0219d8fb520b/execute/async - {"script":"<script> [776 bytes]","args":[{"enterText":"India","selector":{"id":"application-managepartners-display-component---NewPartner--addressDetailDetailsCountry","interaction":{"idSuffix":"inner"}},"clearTextFirst":true,"interactionType":"ENTER_TEXT"}]}
RESULT: {}
RESULT: {"script":"<script> [776 bytes]","args":[{"enterText":"India","selector":{"id":"application-managepartners-display-component---NewPartner--addressDetailDetailsCountry","interaction":{"idSuffix":"inner"}},"clearTextFirst":true,"interactionType":"ENTER_TEXT"}]}
COMMAND: POST /session/2eb25f1cbe9612d735ab0219d8fb520b/execute/async - {"script":"<script> [1562 bytes]","args":[{"selector":{"controlType":"sap.m.StandardListItem","viewName":"etm.portal.ui.managepartners.view.NewPartner","viewId":"application-managepartners-display-component---NewPartner","properties":{"title":"India"},"searchOpenDialogs":true,"interaction":{"idSuffix":"content"}},"wdio_ui5_key":"etmportal.ui.managepartners.view.NewPartnersap.m.StandardListItem{\"title\":\"India\"}"}]}
RESULT: {"script":"<script> [1562 bytes]","args":[{"selector":{"controlType":"sap.m.StandardListItem","viewName":"etm.portal.ui.managepartners.view.NewPartner","viewId":"application-managepartners-display-component---NewPartner","properties":{"title":"India"},"searchOpenDialogs":true,"interaction":{"idSuffix":"content"}},"wdio_ui5_key":"etmportal.ui.managepartners.view.NewPartnersap.m.StandardListItem{\"title\":\"India\"}"}]}
RESULT: undefined
COMMAND: POST /session/2eb25f1cbe9612d735ab0219d8fb520b/execute/async - {"script":"<script> [1562 bytes]","args":[{"selector":{"controlType":"sap.m.Button","viewName":"etm.portal.ui.managepartners.view.NewPartner","viewId":"application-managepartners-display-component---NewPartner","properties":{"text":"Commercial"},"interaction":{"idSuffix":"BDI-content"}},"wdio_ui5_key":"etmportal.ui.managepartners.view.NewPartnersap.m.Button{\"text\":\"Commercial\"}"}]}
RESULT: {"script":"<script> [1562 bytes]","args":[{"selector":{"controlType":"sap.m.Button","viewName":"etm.portal.ui.managepartners.view.NewPartner","viewId":"application-managepartners-display-component---NewPartner","properties":{"text":"Commercial"},"interaction":{"idSuffix":"BDI-content"}},"wdio_ui5_key":"etmportal.ui.managepartners.view.NewPartnersap.m.Button{\"text\":\"Commercial\"}"}]}
RESULT: undefined
COMMAND: POST /session/2eb25f1cbe9612d735ab0219d8fb520b/element - {"using":"xpath","value":"//*[@id=\"application-managepartners-display-component---NewPartner--ObjectPageLayout-anchBar-__section57-anchor\"]"}
RESULT: {"using":"xpath","value":"//*[@id=\"application-managepartners-display-component---NewPartner--ObjectPageLayout-anchBar-__section57-anchor\"]"}
COMMAND: POST /session/2eb25f1cbe9612d735ab0219d8fb520b/element/f.1920C544C16071EF810842AAA08EA988.d.7FF7DC5FC7E94DC48310FEC75F763D80.e.15585/click - {}
RESULT: {}
COMMAND: POST /session/2eb25f1cbe9612d735ab0219d8fb520b/execute/async - {"script":"<script> [1562 bytes]","args":[{"selector":{"id":"application-managepartners-display-component---NewPartner--partnerDetailInternal-arrow"},"wdio_ui5_key":"applicationmanagepartners-display-component---NewPartner--partnerDetailInternal-arrow"}]}
COMMAND: GET /session/2eb25f1cbe9612d735ab0219d8fb520b/screenshot - {}
RESULT: {"script":"<script> [1562 bytes]","args":[{"selector":{"id":"application-managepartners-display-component---NewPartner--partnerDetailInternal-arrow"},"wdio_ui5_key":"applicationmanagepartners-display-component---NewPartner--partnerDetailInternal-arrow"}]}
RESULT: undefined
COMMAND: POST /session/2eb25f1cbe9612d735ab0219d8fb520b/element - {"using":"xpath","value":"//*[@id=\"application-managepartners-display-component---NewPartner--partnerDetailInternal-arrow\"]"}
RESULT: {}
RESULT: {"using":"xpath","value":"//*[@id=\"application-managepartners-display-component---NewPartner--partnerDetailInternal-arrow\"]"}
COMMAND: POST /session/2eb25f1cbe9612d735ab0219d8fb520b/element/f.1920C544C16071EF810842AAA08EA988.d.7FF7DC5FC7E94DC48310FEC75F763D80.e.15590/click - {}
RESULT: {}
COMMAND: POST /session/2eb25f1cbe9612d735ab0219d8fb520b/execute/async - {"script":"<script> [1562 bytes]","args":[{"selector":{"controlType":"sap.m.StandardListItem","viewName":"etm.portal.ui.managepartners.view.NewPartner","viewId":"application-managepartners-display-component---NewPartner","properties":{"title":"External partner"},"searchOpenDialogs":true,"interaction":{"idSuffix":"content"}},"wdio_ui5_key":"etmportal.ui.managepartners.view.NewPartnersap.m.StandardListItem{\"title\":\"External partner\"}"}]}
COMMAND: GET /session/2eb25f1cbe9612d735ab0219d8fb520b/screenshot - {}
RESULT: {"script":"<script> [1562 bytes]","args":[{"selector":{"controlType":"sap.m.StandardListItem","viewName":"etm.portal.ui.managepartners.view.NewPartner","viewId":"application-managepartners-display-component---NewPartner","properties":{"title":"External partner"},"searchOpenDialogs":true,"interaction":{"idSuffix":"content"}},"wdio_ui5_key":"etmportal.ui.managepartners.view.NewPartnersap.m.StandardListItem{\"title\":\"External partner\"}"}]}
RESULT: undefined
COMMAND: POST /session/2eb25f1cbe9612d735ab0219d8fb520b/element - {"using":"xpath","value":"//*[@id=\"__item996\"]"}
RESULT: {}
RESULT: {"using":"xpath","value":"//*[@id=\"__item996\"]"}
COMMAND: POST /session/2eb25f1cbe9612d735ab0219d8fb520b/element/f.1920C544C16071EF810842AAA08EA988.d.7FF7DC5FC7E94DC48310FEC75F763D80.e.15594/click - {}
RESULT: {}
COMMAND: POST /session/2eb25f1cbe9612d735ab0219d8fb520b/execute/async - {"script":"<script> [1562 bytes]","args":[{"selector":{"id":"application-managepartners-display-component---NewPartner--partnerDetailsCurrency-arrow"},"wdio_ui5_key":"applicationmanagepartners-display-component---NewPartner--partnerDetailsCurrency-arrow"}]}
COMMAND: GET /session/2eb25f1cbe9612d735ab0219d8fb520b/screenshot - {}
RESULT: {"script":"<script> [1562 bytes]","args":[{"selector":{"id":"application-managepartners-display-component---NewPartner--partnerDetailsCurrency-arrow"},"wdio_ui5_key":"applicationmanagepartners-display-component---NewPartner--partnerDetailsCurrency-arrow"}]}
RESULT: undefined
COMMAND: POST /session/2eb25f1cbe9612d735ab0219d8fb520b/element - {"using":"xpath","value":"//*[@id=\"application-managepartners-display-component---NewPartner--partnerDetailsCurrency-arrow\"]"}
RESULT: {}
RESULT: {"using":"xpath","value":"//*[@id=\"application-managepartners-display-component---NewPartner--partnerDetailsCurrency-arrow\"]"}
COMMAND: POST /session/2eb25f1cbe9612d735ab0219d8fb520b/element/f.1920C544C16071EF810842AAA08EA988.d.7FF7DC5FC7E94DC48310FEC75F763D80.e.15599/click - {}
RESULT: {}
COMMAND: POST /session/2eb25f1cbe9612d735ab0219d8fb520b/execute/async - {"script":"<script> [1562 bytes]","args":[{"selector":{"controlType":"sap.m.StandardListItem","viewName":"etm.portal.ui.managepartners.view.NewPartner","viewId":"application-managepartners-display-component---NewPartner","properties":{"title":"Euro"},"searchOpenDialogs":true,"interaction":{"idSuffix":"content"}},"wdio_ui5_key":"etmportal.ui.managepartners.view.NewPartnersap.m.StandardListItem{\"title\":\"Euro\"}"}]}
COMMAND: GET /session/2eb25f1cbe9612d735ab0219d8fb520b/screenshot - {}
RESULT: {"script":"<script> [1562 bytes]","args":[{"selector":{"controlType":"sap.m.StandardListItem","viewName":"etm.portal.ui.managepartners.view.NewPartner","viewId":"application-managepartners-display-component---NewPartner","properties":{"title":"Euro"},"searchOpenDialogs":true,"interaction":{"idSuffix":"content"}},"wdio_ui5_key":"etmportal.ui.managepartners.view.NewPartnersap.m.StandardListItem{\"title\":\"Euro\"}"}]}
RESULT: undefined
COMMAND: POST /session/2eb25f1cbe9612d735ab0219d8fb520b/element - {"using":"xpath","value":"//*[@id=\"__item998\"]"}
RESULT: {}
RESULT: {"using":"xpath","value":"//*[@id=\"__item998\"]"}
COMMAND: POST /session/2eb25f1cbe9612d735ab0219d8fb520b/element/f.1920C544C16071EF810842AAA08EA988.d.7FF7DC5FC7E94DC48310FEC75F763D80.e.15601/click - {}
RESULT: {}
COMMAND: POST /session/2eb25f1cbe9612d735ab0219d8fb520b/execute/async - {"script":"<script> [1562 bytes]","args":[{"selector":{"controlType":"sap.m.Button","viewName":"etm.portal.ui.managepartners.view.NewPartner","viewId":"application-managepartners-display-component---NewPartner","properties":{"text":"Assignments"},"interaction":{"idSuffix":"BDI-content"}},"wdio_ui5_key":"etmportal.ui.managepartners.view.NewPartnersap.m.Button{\"text\":\"Assignments\"}"}]}
COMMAND: GET /session/2eb25f1cbe9612d735ab0219d8fb520b/screenshot - {}
RESULT: {"script":"<script> [1562 bytes]","args":[{"selector":{"controlType":"sap.m.Button","viewName":"etm.portal.ui.managepartners.view.NewPartner","viewId":"application-managepartners-display-component---NewPartner","properties":{"text":"Assignments"},"interaction":{"idSuffix":"BDI-content"}},"wdio_ui5_key":"etmportal.ui.managepartners.view.NewPartnersap.m.Button{\"text\":\"Assignments\"}"}]}
RESULT: undefined
COMMAND: POST /session/2eb25f1cbe9612d735ab0219d8fb520b/element - {"using":"xpath","value":"//*[@id=\"application-managepartners-display-component---NewPartner--ObjectPageLayout-anchBar-__section61-anchor\"]"}
RESULT: {}
RESULT: {"using":"xpath","value":"//*[@id=\"application-managepartners-display-component---NewPartner--ObjectPageLayout-anchBar-__section61-anchor\"]"}
COMMAND: POST /session/2eb25f1cbe9612d735ab0219d8fb520b/element/f.1920C544C16071EF810842AAA08EA988.d.7FF7DC5FC7E94DC48310FEC75F763D80.e.15603/click - {}
RESULT: {}
COMMAND: POST /session/2eb25f1cbe9612d735ab0219d8fb520b/execute/async - {"script":"<script> [1562 bytes]","args":[{"selector":{"id":"application-managepartners-display-component---NewPartner--btnAddTableRow","interaction":{"idSuffix":"inner"}},"wdio_ui5_key":"applicationmanagepartners-display-component---NewPartner--btnAddTableRow"}]}
COMMAND: GET /session/2eb25f1cbe9612d735ab0219d8fb520b/screenshot - {}
RESULT: {"script":"<script> [1562 bytes]","args":[{"selector":{"id":"application-managepartners-display-component---NewPartner--btnAddTableRow","interaction":{"idSuffix":"inner"}},"wdio_ui5_key":"applicationmanagepartners-display-component---NewPartner--btnAddTableRow"}]}
RESULT: undefined
COMMAND: POST /session/2eb25f1cbe9612d735ab0219d8fb520b/element - {"using":"xpath","value":"//*[@id=\"application-managepartners-display-component---NewPartner--btnAddTableRow\"]"}
RESULT: {}
RESULT: {"using":"xpath","value":"//*[@id=\"application-managepartners-display-component---NewPartner--btnAddTableRow\"]"}
COMMAND: POST /session/2eb25f1cbe9612d735ab0219d8fb520b/element/f.1920C544C16071EF810842AAA08EA988.d.7FF7DC5FC7E94DC48310FEC75F763D80.e.15607/click - {}
RESULT: {}
COMMAND: POST /session/2eb25f1cbe9612d735ab0219d8fb520b/element - {"using":"css selector","value":"#application-managepartners-display-component---NewPartner--assignmentYard-application-managepartners-display-component---NewPartner--assignmentsTable-0-inner"}
COMMAND: GET /session/2eb25f1cbe9612d735ab0219d8fb520b/screenshot - {}
RESULT: {"using":"css selector","value":"#application-managepartners-display-component---NewPartner--assignmentYard-application-managepartners-display-component---NewPartner--assignmentsTable-0-inner"}
COMMAND: POST /session/2eb25f1cbe9612d735ab0219d8fb520b/element/f.1920C544C16071EF810842AAA08EA988.d.7FF7DC5FC7E94DC48310FEC75F763D80.e.15610/clear - {}
RESULT: {}
RESULT: {}
COMMAND: POST /session/2eb25f1cbe9612d735ab0219d8fb520b/element/f.1920C544C16071EF810842AAA08EA988.d.7FF7DC5FC7E94DC48310FEC75F763D80.e.15610/value - {"text":"233"}
COMMAND: GET /session/2eb25f1cbe9612d735ab0219d8fb520b/screenshot - {}
RESULT: {"text":"233"}
COMMAND: POST /session/2eb25f1cbe9612d735ab0219d8fb520b/execute/async - {"script":"<script> [1562 bytes]","args":[{"selector":{"id":"application-managepartners-display-component---NewPartner--assignmentYard-application-managepartners-display-component---NewPartner--assignmentsTable-0-arrow"},"wdio_ui5_key":"applicationmanagepartners-display-component---NewPartner--assignmentYard-application-managepartners-display-component---NewPartner--assignmentsTable-0-arrow"}]}
COMMAND: GET /session/2eb25f1cbe9612d735ab0219d8fb520b/screenshot - {}
RESULT: {}
RESULT: {"script":"<script> [1562 bytes]","args":[{"selector":{"id":"application-managepartners-display-component---NewPartner--assignmentYard-application-managepartners-display-component---NewPartner--assignmentsTable-0-arrow"},"wdio_ui5_key":"applicationmanagepartners-display-component---NewPartner--assignmentYard-application-managepartners-display-component---NewPartner--assignmentsTable-0-arrow"}]}
RESULT: undefined
COMMAND: POST /session/2eb25f1cbe9612d735ab0219d8fb520b/element - {"using":"xpath","value":"//*[@id=\"application-managepartners-display-component---NewPartner--assignmentYard-application-managepartners-display-component---NewPartner--assignmentsTable-0-arrow\"]"}
RESULT: {}
RESULT: {"using":"xpath","value":"//*[@id=\"application-managepartners-display-component---NewPartner--assignmentYard-application-managepartners-display-component---NewPartner--assignmentsTable-0-arrow\"]"}
COMMAND: POST /session/2eb25f1cbe9612d735ab0219d8fb520b/element/f.1920C544C16071EF810842AAA08EA988.d.7FF7DC5FC7E94DC48310FEC75F763D80.e.15618/click - {}
RESULT: {}
COMMAND: GET /session/2eb25f1cbe9612d735ab0219d8fb520b/screenshot - {}
RESULT: {}
COMMAND: POST /session/2eb25f1cbe9612d735ab0219d8fb520b/execute/async - {"script":"<script> [1562 bytes]","args":[{"selector":{"controlType":"sap.m.Button","viewName":"etm.portal.ui.managepartners.view.NewPartner","viewId":"application-managepartners-display-component---NewPartner","i18NText":{"propertyName":"text","key":"save"},"interaction":{"idSuffix":"BDI-content"}},"wdio_ui5_key":"etmportal.ui.managepartners.view.NewPartnersap.m.Button{\"propertyName\":\"text\",\"key\":\"save\"}"}]}
RESULT: {"script":"<script> [1562 bytes]","args":[{"selector":{"controlType":"sap.m.Button","viewName":"etm.portal.ui.managepartners.view.NewPartner","viewId":"application-managepartners-display-component---NewPartner","i18NText":{"propertyName":"text","key":"save"},"interaction":{"idSuffix":"BDI-content"}},"wdio_ui5_key":"etmportal.ui.managepartners.view.NewPartnersap.m.Button{\"propertyName\":\"text\",\"key\":\"save\"}"}]}
RESULT: undefined
COMMAND: POST /session/2eb25f1cbe9612d735ab0219d8fb520b/element - {"using":"xpath","value":"//*[@id=\"__button127\"]"}
RESULT: {"using":"xpath","value":"//*[@id=\"__button127\"]"}
COMMAND: POST /session/2eb25f1cbe9612d735ab0219d8fb520b/element/f.1920C544C16071EF810842AAA08EA988.d.7FF7DC5FC7E94DC48310FEC75F763D80.e.15557/click - {}
RESULT: {}
COMMAND: GET /session/2eb25f1cbe9612d735ab0219d8fb520b/screenshot - {}
RESULT: {}
COMMAND: POST /session/2eb25f1cbe9612d735ab0219d8fb520b/execute/async - {"script":"<script> [1562 bytes]","args":[{"selector":{"controlType":"sap.m.Text","viewName":"etm.portal.ui.managepartners.view.Detail","viewId":"application-managepartners-display-component---detailPtm","bindingPath":{"propertyPath":"ID","modelName":"catalogModel"}},"wdio_ui5_key":"etmportal.ui.managepartners.view.Detailsap.m.Text{\"propertyPath\":\"ID\",\"modelName\":\"catalogModel\"}"}]}
RESULT: {"script":"<script> [1562 bytes]","args":[{"selector":{"controlType":"sap.m.Text","viewName":"etm.portal.ui.managepartners.view.Detail","viewId":"application-managepartners-display-component---detailPtm","bindingPath":{"propertyPath":"ID","modelName":"catalogModel"}},"wdio_ui5_key":"etmportal.ui.managepartners.view.Detailsap.m.Text{\"propertyPath\":\"ID\",\"modelName\":\"catalogModel\"}"}]}
RESULT: undefined
COMMAND: POST /session/2eb25f1cbe9612d735ab0219d8fb520b/execute/async - {"script":"<script> [6424 bytes]","args":[{"element-6066-11e4-a52e-4f735466cecf":"f.1920C544C16071EF810842AAA08EA988.d.7FF7DC5FC7E94DC48310FEC75F763D80.e.15764"},"getText",[]]}
RESULT: {"script":"<script> [6424 bytes]","args":[{"element-6066-11e4-a52e-4f735466cecf":"f.1920C544C16071EF810842AAA08EA988.d.7FF7DC5FC7E94DC48310FEC75F763D80.e.15764"},"getText",[]]}
COMMAND: POST /session/2eb25f1cbe9612d735ab0219d8fb520b/element - {"using":"css selector","value":"#shell-header-logo"}
RESULT: {"using":"css selector","value":"#shell-header-logo"}
COMMAND: POST /session/2eb25f1cbe9612d735ab0219d8fb520b/element/f.1920C544C16071EF810842AAA08EA988.d.7FF7DC5FC7E94DC48310FEC75F763D80.e.15174/click - {}
RESULT: {}
]]></system-out>
    </testcase>
    <testcase classname="chrome.135_0_7049_96.windows.Provide_to_Site_w/o_warehouse_management_w/_clarification_US116605" name="Should create a new WHM Material" time="87.747">
      <system-out><![CDATA[
COMMAND: POST /session/2eb25f1cbe9612d735ab0219d8fb520b/execute/async - {"script":"<script> [1562 bytes]","args":[{"selector":{"controlType":"sap.m.GenericTile","properties":{"header":"Manage Resources"}},"wdio_ui5_key":"sapm.GenericTile{\"header\":\"Manage Resources\"}"}]}
COMMAND: GET /session/2eb25f1cbe9612d735ab0219d8fb520b/screenshot - {}
RESULT: {"script":"<script> [1562 bytes]","args":[{"selector":{"controlType":"sap.m.GenericTile","properties":{"header":"Manage Resources"}},"wdio_ui5_key":"sapm.GenericTile{\"header\":\"Manage Resources\"}"}]}
RESULT: undefined
COMMAND: POST /session/2eb25f1cbe9612d735ab0219d8fb520b/element - {"using":"xpath","value":"//*[@id=\"__tile39\"]"}
RESULT: {}
RESULT: {"using":"xpath","value":"//*[@id=\"__tile39\"]"}
COMMAND: POST /session/2eb25f1cbe9612d735ab0219d8fb520b/element/f.1920C544C16071EF810842AAA08EA988.d.7FF7DC5FC7E94DC48310FEC75F763D80.e.15766/click - {}
RESULT: {}
COMMAND: POST /session/2eb25f1cbe9612d735ab0219d8fb520b/execute/async - {"script":"<script> [1562 bytes]","args":[{"selector":{"controlType":"sap.m.OverflowToolbarButton","viewName":"etm.portal.ui.manageresources.view.Master","viewId":"application-manageresources-display-component---masterRU","bindingPath":{"path":"","propertyPath":"/isLogbook","modelName":"minimumStockRPGModel"},"interaction":{"idSuffix":"inner"}},"wdio_ui5_key":"etmportal.ui.manageresources.view.Mastersap.m.OverflowToolbarButton{\"path\":\"\",\"propertyPath\":\"/isLogbook\",\"modelName\":\"minimumStockRPGModel\"}"}]}
COMMAND: GET /session/2eb25f1cbe9612d735ab0219d8fb520b/screenshot - {}
RESULT: {"script":"<script> [1562 bytes]","args":[{"selector":{"controlType":"sap.m.OverflowToolbarButton","viewName":"etm.portal.ui.manageresources.view.Master","viewId":"application-manageresources-display-component---masterRU","bindingPath":{"path":"","propertyPath":"/isLogbook","modelName":"minimumStockRPGModel"},"interaction":{"idSuffix":"inner"}},"wdio_ui5_key":"etmportal.ui.manageresources.view.Mastersap.m.OverflowToolbarButton{\"path\":\"\",\"propertyPath\":\"/isLogbook\",\"modelName\":\"minimumStockRPGModel\"}"}]}
RESULT: undefined
COMMAND: POST /session/2eb25f1cbe9612d735ab0219d8fb520b/element - {"using":"xpath","value":"//*[@id=\"__button168\"]"}
RESULT: {}
RESULT: {"using":"xpath","value":"//*[@id=\"__button168\"]"}
COMMAND: POST /session/2eb25f1cbe9612d735ab0219d8fb520b/element/f.1920C544C16071EF810842AAA08EA988.d.7FF7DC5FC7E94DC48310FEC75F763D80.e.15807/click - {}
RESULT: {}
COMMAND: GET /session/2eb25f1cbe9612d735ab0219d8fb520b/screenshot - {}
COMMAND: POST /session/2eb25f1cbe9612d735ab0219d8fb520b/execute/async - {"script":"<script> [1562 bytes]","args":[{"selector":{"id":"application-manageresources-display-component---newResourceUnit--TYPE-arrow"},"wdio_ui5_key":"applicationmanageresources-display-component---newResourceUnit--TYPE-arrow"}]}
RESULT: {}
RESULT: {"script":"<script> [1562 bytes]","args":[{"selector":{"id":"application-manageresources-display-component---newResourceUnit--TYPE-arrow"},"wdio_ui5_key":"applicationmanageresources-display-component---newResourceUnit--TYPE-arrow"}]}
RESULT: undefined
COMMAND: POST /session/2eb25f1cbe9612d735ab0219d8fb520b/element - {"using":"xpath","value":"//*[@id=\"application-manageresources-display-component---newResourceUnit--TYPE-arrow\"]"}
RESULT: {"using":"xpath","value":"//*[@id=\"application-manageresources-display-component---newResourceUnit--TYPE-arrow\"]"}
COMMAND: POST /session/2eb25f1cbe9612d735ab0219d8fb520b/element/f.1920C544C16071EF810842AAA08EA988.d.7FF7DC5FC7E94DC48310FEC75F763D80.e.16127/click - {}
RESULT: {}
COMMAND: POST /session/2eb25f1cbe9612d735ab0219d8fb520b/execute/async - {"script":"<script> [1562 bytes]","args":[{"selector":{"controlType":"sap.m.StandardListItem","viewName":"reusables.view.manageresources.NewResourceUnit","viewId":"application-manageresources-display-component---newResourceUnit","properties":{"title":"Material"},"searchOpenDialogs":true,"interaction":{"idSuffix":"content"}},"wdio_ui5_key":"reusablesview.manageresources.NewResourceUnitsap.m.StandardListItem{\"title\":\"Material\"}"}]}
COMMAND: GET /session/2eb25f1cbe9612d735ab0219d8fb520b/screenshot - {}
RESULT: {"script":"<script> [1562 bytes]","args":[{"selector":{"controlType":"sap.m.StandardListItem","viewName":"reusables.view.manageresources.NewResourceUnit","viewId":"application-manageresources-display-component---newResourceUnit","properties":{"title":"Material"},"searchOpenDialogs":true,"interaction":{"idSuffix":"content"}},"wdio_ui5_key":"reusablesview.manageresources.NewResourceUnitsap.m.StandardListItem{\"title\":\"Material\"}"}]}
RESULT: undefined
COMMAND: POST /session/2eb25f1cbe9612d735ab0219d8fb520b/element - {"using":"xpath","value":"//*[@id=\"__item1271\"]"}
RESULT: {}
RESULT: {"using":"xpath","value":"//*[@id=\"__item1271\"]"}
COMMAND: POST /session/2eb25f1cbe9612d735ab0219d8fb520b/element/f.1920C544C16071EF810842AAA08EA988.d.7FF7DC5FC7E94DC48310FEC75F763D80.e.16130/click - {}
RESULT: {}
COMMAND: POST /session/2eb25f1cbe9612d735ab0219d8fb520b/execute/async - {"script":"<script> [1562 bytes]","args":[{"selector":{"id":"application-manageresources-display-component---newResourceUnit--resourceId","interaction":{"idSuffix":"inner"}},"wdio_ui5_key":"applicationmanageresources-display-component---newResourceUnit--resourceId"}]}
COMMAND: GET /session/2eb25f1cbe9612d735ab0219d8fb520b/screenshot - {}
RESULT: {"script":"<script> [1562 bytes]","args":[{"selector":{"id":"application-manageresources-display-component---newResourceUnit--resourceId","interaction":{"idSuffix":"inner"}},"wdio_ui5_key":"applicationmanageresources-display-component---newResourceUnit--resourceId"}]}
RESULT: undefined
COMMAND: POST /session/2eb25f1cbe9612d735ab0219d8fb520b/execute/async - {"script":"<script> [1562 bytes]","args":[{"selector":{"id":"application-manageresources-display-component---newResourceUnit--SHORT_TEXT","interaction":{"idSuffix":"inner"}},"wdio_ui5_key":"applicationmanageresources-display-component---newResourceUnit--SHORT_TEXT"}]}
RESULT: {}
RESULT: {"script":"<script> [1562 bytes]","args":[{"selector":{"id":"application-manageresources-display-component---newResourceUnit--SHORT_TEXT","interaction":{"idSuffix":"inner"}},"wdio_ui5_key":"applicationmanageresources-display-component---newResourceUnit--SHORT_TEXT"}]}
RESULT: undefined
COMMAND: POST /session/2eb25f1cbe9612d735ab0219d8fb520b/execute/async - {"script":"<script> [776 bytes]","args":[{"enterText":"material WHM","selector":{"id":"application-manageresources-display-component---newResourceUnit--SHORT_TEXT","interaction":{"idSuffix":"inner"}},"clearTextFirst":true,"interactionType":"ENTER_TEXT"}]}
RESULT: {"script":"<script> [776 bytes]","args":[{"enterText":"material WHM","selector":{"id":"application-manageresources-display-component---newResourceUnit--SHORT_TEXT","interaction":{"idSuffix":"inner"}},"clearTextFirst":true,"interactionType":"ENTER_TEXT"}]}
COMMAND: POST /session/2eb25f1cbe9612d735ab0219d8fb520b/execute/async - {"script":"<script> [1562 bytes]","args":[{"selector":{"id":"application-manageresources-display-component---newResourceUnit--BASE_UNIT_OF_MEASURE","interaction":{"idSuffix":"inner"}},"wdio_ui5_key":"applicationmanageresources-display-component---newResourceUnit--BASE_UNIT_OF_MEASURE"}]}
RESULT: {"script":"<script> [1562 bytes]","args":[{"selector":{"id":"application-manageresources-display-component---newResourceUnit--BASE_UNIT_OF_MEASURE","interaction":{"idSuffix":"inner"}},"wdio_ui5_key":"applicationmanageresources-display-component---newResourceUnit--BASE_UNIT_OF_MEASURE"}]}
RESULT: undefined
COMMAND: POST /session/2eb25f1cbe9612d735ab0219d8fb520b/execute/async - {"script":"<script> [776 bytes]","args":[{"enterText":"Piece","selector":{"id":"application-manageresources-display-component---newResourceUnit--BASE_UNIT_OF_MEASURE","interaction":{"idSuffix":"inner"}},"clearTextFirst":true,"interactionType":"ENTER_TEXT"}]}
RESULT: {"script":"<script> [776 bytes]","args":[{"enterText":"Piece","selector":{"id":"application-manageresources-display-component---newResourceUnit--BASE_UNIT_OF_MEASURE","interaction":{"idSuffix":"inner"}},"clearTextFirst":true,"interactionType":"ENTER_TEXT"}]}
COMMAND: POST /session/2eb25f1cbe9612d735ab0219d8fb520b/execute/async - {"script":"<script> [1562 bytes]","args":[{"selector":{"id":"application-manageresources-display-component---newResourceUnit--WEIGHT_UNIT","interaction":{"idSuffix":"inner"}},"wdio_ui5_key":"applicationmanageresources-display-component---newResourceUnit--WEIGHT_UNIT"}]}
RESULT: {"script":"<script> [1562 bytes]","args":[{"selector":{"id":"application-manageresources-display-component---newResourceUnit--WEIGHT_UNIT","interaction":{"idSuffix":"inner"}},"wdio_ui5_key":"applicationmanageresources-display-component---newResourceUnit--WEIGHT_UNIT"}]}
RESULT: undefined
COMMAND: POST /session/2eb25f1cbe9612d735ab0219d8fb520b/execute/async - {"script":"<script> [776 bytes]","args":[{"enterText":"Gram","selector":{"id":"application-manageresources-display-component---newResourceUnit--WEIGHT_UNIT","interaction":{"idSuffix":"inner"}},"clearTextFirst":true,"interactionType":"ENTER_TEXT"}]}
RESULT: {"script":"<script> [776 bytes]","args":[{"enterText":"Gram","selector":{"id":"application-manageresources-display-component---newResourceUnit--WEIGHT_UNIT","interaction":{"idSuffix":"inner"}},"clearTextFirst":true,"interactionType":"ENTER_TEXT"}]}
COMMAND: POST /session/2eb25f1cbe9612d735ab0219d8fb520b/execute/async - {"script":"<script> [1562 bytes]","args":[{"selector":{"id":"application-manageresources-display-component---newResourceUnit--DIMENSION_UNIT","interaction":{"idSuffix":"inner"}},"wdio_ui5_key":"applicationmanageresources-display-component---newResourceUnit--DIMENSION_UNIT"}]}
RESULT: {"script":"<script> [1562 bytes]","args":[{"selector":{"id":"application-manageresources-display-component---newResourceUnit--DIMENSION_UNIT","interaction":{"idSuffix":"inner"}},"wdio_ui5_key":"applicationmanageresources-display-component---newResourceUnit--DIMENSION_UNIT"}]}
RESULT: undefined
COMMAND: POST /session/2eb25f1cbe9612d735ab0219d8fb520b/execute/async - {"script":"<script> [776 bytes]","args":[{"enterText":"Meter","selector":{"id":"application-manageresources-display-component---newResourceUnit--DIMENSION_UNIT","interaction":{"idSuffix":"inner"}},"clearTextFirst":true,"interactionType":"ENTER_TEXT"}]}
RESULT: {"script":"<script> [776 bytes]","args":[{"enterText":"Meter","selector":{"id":"application-manageresources-display-component---newResourceUnit--DIMENSION_UNIT","interaction":{"idSuffix":"inner"}},"clearTextFirst":true,"interactionType":"ENTER_TEXT"}]}
COMMAND: POST /session/2eb25f1cbe9612d735ab0219d8fb520b/execute/async - {"script":"<script> [1562 bytes]","args":[{"selector":{"id":"application-manageresources-display-component---newResourceUnit--newRRUPage-anchBar-application-manageresources-display-component---newResourceUnit--control-anchor","interaction":{"idSuffix":"content"}},"wdio_ui5_key":"applicationmanageresources-display-component---newResourceUnit--newRRUPage-anchBar-application-manageresources-display-component---newResourceUnit--control-anchor"}]}
RESULT: {"script":"<script> [1562 bytes]","args":[{"selector":{"id":"application-manageresources-display-component---newResourceUnit--newRRUPage-anchBar-application-manageresources-display-component---newResourceUnit--control-anchor","interaction":{"idSuffix":"content"}},"wdio_ui5_key":"applicationmanageresources-display-component---newResourceUnit--newRRUPage-anchBar-application-manageresources-display-component---newResourceUnit--control-anchor"}]}
RESULT: undefined
COMMAND: POST /session/2eb25f1cbe9612d735ab0219d8fb520b/element - {"using":"xpath","value":"//*[@id=\"application-manageresources-display-component---newResourceUnit--newRRUPage-anchBar-application-manageresources-display-component---newResourceUnit--control-anchor\"]"}
RESULT: {"using":"xpath","value":"//*[@id=\"application-manageresources-display-component---newResourceUnit--newRRUPage-anchBar-application-manageresources-display-component---newResourceUnit--control-anchor\"]"}
COMMAND: POST /session/2eb25f1cbe9612d735ab0219d8fb520b/element/f.1920C544C16071EF810842AAA08EA988.d.7FF7DC5FC7E94DC48310FEC75F763D80.e.16194/click - {}
RESULT: {}
COMMAND: POST /session/2eb25f1cbe9612d735ab0219d8fb520b/execute/async - {"script":"<script> [1562 bytes]","args":[{"selector":{"id":"application-manageresources-display-component---newResourceUnit--PLANNING_GROUP","interaction":{"idSuffix":"inner"}},"wdio_ui5_key":"applicationmanageresources-display-component---newResourceUnit--PLANNING_GROUP"}]}
COMMAND: GET /session/2eb25f1cbe9612d735ab0219d8fb520b/screenshot - {}
RESULT: {"script":"<script> [1562 bytes]","args":[{"selector":{"id":"application-manageresources-display-component---newResourceUnit--PLANNING_GROUP","interaction":{"idSuffix":"inner"}},"wdio_ui5_key":"applicationmanageresources-display-component---newResourceUnit--PLANNING_GROUP"}]}
RESULT: undefined
COMMAND: POST /session/2eb25f1cbe9612d735ab0219d8fb520b/execute/async - {"script":"<script> [776 bytes]","args":[{"enterText":"Heavy Equi","selector":{"id":"application-manageresources-display-component---newResourceUnit--PLANNING_GROUP","interaction":{"idSuffix":"inner"}},"clearTextFirst":true,"interactionType":"ENTER_TEXT"}]}
RESULT: {}
RESULT: {"script":"<script> [776 bytes]","args":[{"enterText":"Heavy Equi","selector":{"id":"application-manageresources-display-component---newResourceUnit--PLANNING_GROUP","interaction":{"idSuffix":"inner"}},"clearTextFirst":true,"interactionType":"ENTER_TEXT"}]}
COMMAND: POST /session/2eb25f1cbe9612d735ab0219d8fb520b/execute/async - {"script":"<script> [1562 bytes]","args":[{"selector":{"id":"application-manageresources-display-component---newResourceUnit--PLANNING_INDICATOR","interaction":{"idSuffix":"inner"}},"wdio_ui5_key":"applicationmanageresources-display-component---newResourceUnit--PLANNING_INDICATOR"}]}
RESULT: {"script":"<script> [1562 bytes]","args":[{"selector":{"id":"application-manageresources-display-component---newResourceUnit--PLANNING_INDICATOR","interaction":{"idSuffix":"inner"}},"wdio_ui5_key":"applicationmanageresources-display-component---newResourceUnit--PLANNING_INDICATOR"}]}
RESULT: undefined
COMMAND: POST /session/2eb25f1cbe9612d735ab0219d8fb520b/execute/async - {"script":"<script> [776 bytes]","args":[{"enterText":"10 - infinite","selector":{"id":"application-manageresources-display-component---newResourceUnit--PLANNING_INDICATOR","interaction":{"idSuffix":"inner"}},"clearTextFirst":true,"interactionType":"ENTER_TEXT"}]}
RESULT: {"script":"<script> [776 bytes]","args":[{"enterText":"10 - infinite","selector":{"id":"application-manageresources-display-component---newResourceUnit--PLANNING_INDICATOR","interaction":{"idSuffix":"inner"}},"clearTextFirst":true,"interactionType":"ENTER_TEXT"}]}
COMMAND: POST /session/2eb25f1cbe9612d735ab0219d8fb520b/actions - {"actions":[{"id":"action58","type":"key","parameters":{},"actions":[{"type":"keyDown","value":"î€‡"},{"type":"pause","duration":10},{"type":"keyUp","value":"î€‡"}]}]}
RESULT: {"actions":[{"id":"action58","type":"key","parameters":{},"actions":[{"type":"keyDown","value":"î€‡"},{"type":"pause","duration":10},{"type":"keyUp","value":"î€‡"}]}]}
COMMAND: POST /session/2eb25f1cbe9612d735ab0219d8fb520b/execute/async - {"script":"<script> [1562 bytes]","args":[{"selector":{"id":"application-manageresources-display-component---newResourceUnit--ITEM_TYPE-arrow"},"wdio_ui5_key":"applicationmanageresources-display-component---newResourceUnit--ITEM_TYPE-arrow"}]}
COMMAND: GET /session/2eb25f1cbe9612d735ab0219d8fb520b/screenshot - {}
RESULT: {"script":"<script> [1562 bytes]","args":[{"selector":{"id":"application-manageresources-display-component---newResourceUnit--ITEM_TYPE-arrow"},"wdio_ui5_key":"applicationmanageresources-display-component---newResourceUnit--ITEM_TYPE-arrow"}]}
RESULT: undefined
COMMAND: POST /session/2eb25f1cbe9612d735ab0219d8fb520b/element - {"using":"xpath","value":"//*[@id=\"application-manageresources-display-component---newResourceUnit--ITEM_TYPE-arrow\"]"}
RESULT: {}
RESULT: {"using":"xpath","value":"//*[@id=\"application-manageresources-display-component---newResourceUnit--ITEM_TYPE-arrow\"]"}
COMMAND: POST /session/2eb25f1cbe9612d735ab0219d8fb520b/element/f.1920C544C16071EF810842AAA08EA988.d.7FF7DC5FC7E94DC48310FEC75F763D80.e.16202/click - {}
RESULT: {}
COMMAND: POST /session/2eb25f1cbe9612d735ab0219d8fb520b/execute/async - {"script":"<script> [1562 bytes]","args":[{"selector":{"controlType":"sap.m.StandardListItem","viewName":"reusables.view.manageresources.NewResourceUnit","viewId":"application-manageresources-display-component---newResourceUnit","properties":{"title":"Resource Unit"},"searchOpenDialogs":true,"interaction":{"idSuffix":"titleText"}},"wdio_ui5_key":"reusablesview.manageresources.NewResourceUnitsap.m.StandardListItem{\"title\":\"Resource Unit\"}"}]}
COMMAND: GET /session/2eb25f1cbe9612d735ab0219d8fb520b/screenshot - {}
RESULT: {"script":"<script> [1562 bytes]","args":[{"selector":{"controlType":"sap.m.StandardListItem","viewName":"reusables.view.manageresources.NewResourceUnit","viewId":"application-manageresources-display-component---newResourceUnit","properties":{"title":"Resource Unit"},"searchOpenDialogs":true,"interaction":{"idSuffix":"titleText"}},"wdio_ui5_key":"reusablesview.manageresources.NewResourceUnitsap.m.StandardListItem{\"title\":\"Resource Unit\"}"}]}
RESULT: undefined
RESULT: {}
COMMAND: POST /session/2eb25f1cbe9612d735ab0219d8fb520b/execute/async - {"script":"<script> [1562 bytes]","args":[{"selector":{"controlType":"sap.m.Label","viewName":"reusables.view.manageresources.NewResourceUnit","viewId":"application-manageresources-display-component---newResourceUnit","i18NText":{"propertyName":"text","key":"planningGroup"},"interaction":{"idSuffix":"bdi"}},"wdio_ui5_key":"reusablesview.manageresources.NewResourceUnitsap.m.Label{\"propertyName\":\"text\",\"key\":\"planningGroup\"}"}]}
RESULT: {"script":"<script> [1562 bytes]","args":[{"selector":{"controlType":"sap.m.Label","viewName":"reusables.view.manageresources.NewResourceUnit","viewId":"application-manageresources-display-component---newResourceUnit","i18NText":{"propertyName":"text","key":"planningGroup"},"interaction":{"idSuffix":"bdi"}},"wdio_ui5_key":"reusablesview.manageresources.NewResourceUnitsap.m.Label{\"propertyName\":\"text\",\"key\":\"planningGroup\"}"}]}
RESULT: undefined
COMMAND: POST /session/2eb25f1cbe9612d735ab0219d8fb520b/element - {"using":"xpath","value":"//*[@id=\"__label263\"]"}
RESULT: {"using":"xpath","value":"//*[@id=\"__label263\"]"}
COMMAND: POST /session/2eb25f1cbe9612d735ab0219d8fb520b/element/f.1920C544C16071EF810842AAA08EA988.d.7FF7DC5FC7E94DC48310FEC75F763D80.e.16204/click - {}
RESULT: {}
COMMAND: GET /session/2eb25f1cbe9612d735ab0219d8fb520b/screenshot - {}
RESULT: {}
COMMAND: POST /session/2eb25f1cbe9612d735ab0219d8fb520b/actions - {"actions":[{"type":"key","id":"keyboard","actions":[{"type":"keyDown","value":"î›"}]}]}
RESULT: {"actions":[{"type":"key","id":"keyboard","actions":[{"type":"keyDown","value":"î›"}]}]}
COMMAND: GET /session/2eb25f1cbe9612d735ab0219d8fb520b/screenshot - {}
RESULT: {}
COMMAND: POST /session/2eb25f1cbe9612d735ab0219d8fb520b/actions - {"actions":[{"type":"key","id":"keyboard","actions":[{"type":"keyDown","value":"î›"}]}]}
RESULT: {"actions":[{"type":"key","id":"keyboard","actions":[{"type":"keyDown","value":"î›"}]}]}
COMMAND: GET /session/2eb25f1cbe9612d735ab0219d8fb520b/screenshot - {}
RESULT: {}
COMMAND: POST /session/2eb25f1cbe9612d735ab0219d8fb520b/actions - {"actions":[{"type":"key","id":"keyboard","actions":[{"type":"keyDown","value":"î›"}]}]}
RESULT: {"actions":[{"type":"key","id":"keyboard","actions":[{"type":"keyDown","value":"î›"}]}]}
COMMAND: GET /session/2eb25f1cbe9612d735ab0219d8fb520b/screenshot - {}
RESULT: {}
COMMAND: POST /session/2eb25f1cbe9612d735ab0219d8fb520b/actions - {"actions":[{"type":"key","id":"keyboard","actions":[{"type":"keyDown","value":"î›"}]}]}
RESULT: {"actions":[{"type":"key","id":"keyboard","actions":[{"type":"keyDown","value":"î›"}]}]}
COMMAND: GET /session/2eb25f1cbe9612d735ab0219d8fb520b/screenshot - {}
RESULT: {}
COMMAND: POST /session/2eb25f1cbe9612d735ab0219d8fb520b/actions - {"actions":[{"type":"key","id":"keyboard","actions":[{"type":"keyDown","value":"î›"}]}]}
RESULT: {"actions":[{"type":"key","id":"keyboard","actions":[{"type":"keyDown","value":"î›"}]}]}
COMMAND: GET /session/2eb25f1cbe9612d735ab0219d8fb520b/screenshot - {}
RESULT: {}
COMMAND: POST /session/2eb25f1cbe9612d735ab0219d8fb520b/actions - {"actions":[{"type":"key","id":"keyboard","actions":[{"type":"keyDown","value":"î›"}]}]}
RESULT: {"actions":[{"type":"key","id":"keyboard","actions":[{"type":"keyDown","value":"î›"}]}]}
COMMAND: GET /session/2eb25f1cbe9612d735ab0219d8fb520b/screenshot - {}
RESULT: {}
COMMAND: POST /session/2eb25f1cbe9612d735ab0219d8fb520b/execute/async - {"script":"<script> [1562 bytes]","args":[{"selector":{"id":"application-manageresources-display-component---newResourceUnit--btnAddTimeSegment-img"},"wdio_ui5_key":"applicationmanageresources-display-component---newResourceUnit--btnAddTimeSegment-img"}]}
RESULT: {"script":"<script> [1562 bytes]","args":[{"selector":{"id":"application-manageresources-display-component---newResourceUnit--btnAddTimeSegment-img"},"wdio_ui5_key":"applicationmanageresources-display-component---newResourceUnit--btnAddTimeSegment-img"}]}
RESULT: undefined
COMMAND: POST /session/2eb25f1cbe9612d735ab0219d8fb520b/element - {"using":"xpath","value":"//*[@id=\"application-manageresources-display-component---newResourceUnit--btnAddTimeSegment-img\"]"}
RESULT: {"using":"xpath","value":"//*[@id=\"application-manageresources-display-component---newResourceUnit--btnAddTimeSegment-img\"]"}
COMMAND: POST /session/2eb25f1cbe9612d735ab0219d8fb520b/element/f.1920C544C16071EF810842AAA08EA988.d.7FF7DC5FC7E94DC48310FEC75F763D80.e.16205/click - {}
RESULT: {}
COMMAND: POST /session/2eb25f1cbe9612d735ab0219d8fb520b/element - {"using":"xpath","value":"//input[@id=\"application-manageresources-display-component---newResourceUnit--idRuTSAdmin-application-manageresources-display-component---newResourceUnit--RUTimeSegment-0-inner\"]"}
COMMAND: GET /session/2eb25f1cbe9612d735ab0219d8fb520b/screenshot - {}
RESULT: {"using":"xpath","value":"//input[@id=\"application-manageresources-display-component---newResourceUnit--idRuTSAdmin-application-manageresources-display-component---newResourceUnit--RUTimeSegment-0-inner\"]"}
COMMAND: POST /session/2eb25f1cbe9612d735ab0219d8fb520b/element/f.1920C544C16071EF810842AAA08EA988.d.7FF7DC5FC7E94DC48310FEC75F763D80.e.16208/clear - {}
RESULT: {}
RESULT: {}
COMMAND: POST /session/2eb25f1cbe9612d735ab0219d8fb520b/element/f.1920C544C16071EF810842AAA08EA988.d.7FF7DC5FC7E94DC48310FEC75F763D80.e.16208/value - {"text":"233"}
COMMAND: GET /session/2eb25f1cbe9612d735ab0219d8fb520b/screenshot - {}
RESULT: {"text":"233"}
COMMAND: GET /session/2eb25f1cbe9612d735ab0219d8fb520b/screenshot - {}
RESULT: {}
RESULT: {}
COMMAND: POST /session/2eb25f1cbe9612d735ab0219d8fb520b/actions - {"actions":[{"id":"action59","type":"key","parameters":{},"actions":[{"type":"keyDown","value":"î€‡"},{"type":"pause","duration":10},{"type":"keyUp","value":"î€‡"}]}]}
RESULT: {"actions":[{"id":"action59","type":"key","parameters":{},"actions":[{"type":"keyDown","value":"î€‡"},{"type":"pause","duration":10},{"type":"keyUp","value":"î€‡"}]}]}
COMMAND: GET /session/2eb25f1cbe9612d735ab0219d8fb520b/screenshot - {}
RESULT: {}
COMMAND: POST /session/2eb25f1cbe9612d735ab0219d8fb520b/execute/async - {"script":"<script> [1562 bytes]","args":[{"selector":{"controlType":"sap.m.Button","viewName":"reusables.view.manageresources.NewResourceUnit","viewId":"application-manageresources-display-component---newResourceUnit","i18NText":{"propertyName":"tooltip","key":"save"},"interaction":{"idSuffix":"BDI-content"}},"wdio_ui5_key":"reusablesview.manageresources.NewResourceUnitsap.m.Button{\"propertyName\":\"tooltip\",\"key\":\"save\"}"}]}
RESULT: {"script":"<script> [1562 bytes]","args":[{"selector":{"controlType":"sap.m.Button","viewName":"reusables.view.manageresources.NewResourceUnit","viewId":"application-manageresources-display-component---newResourceUnit","i18NText":{"propertyName":"tooltip","key":"save"},"interaction":{"idSuffix":"BDI-content"}},"wdio_ui5_key":"reusablesview.manageresources.NewResourceUnitsap.m.Button{\"propertyName\":\"tooltip\",\"key\":\"save\"}"}]}
RESULT: undefined
COMMAND: POST /session/2eb25f1cbe9612d735ab0219d8fb520b/element - {"using":"xpath","value":"//*[@id=\"application-manageresources-display-component---newResourceUnit--createRuButton\"]"}
RESULT: {"using":"xpath","value":"//*[@id=\"application-manageresources-display-component---newResourceUnit--createRuButton\"]"}
COMMAND: POST /session/2eb25f1cbe9612d735ab0219d8fb520b/element/f.1920C544C16071EF810842AAA08EA988.d.7FF7DC5FC7E94DC48310FEC75F763D80.e.16143/click - {}
RESULT: {}
COMMAND: POST /session/2eb25f1cbe9612d735ab0219d8fb520b/execute/async - {"script":"<script> [1562 bytes]","args":[{"selector":{"controlType":"sap.m.Button","properties":{"text":"Close"},"searchOpenDialogs":true,"interaction":{"idSuffix":"BDI-content"}},"wdio_ui5_key":"sapm.Button{\"text\":\"Close\"}"}]}
COMMAND: GET /session/2eb25f1cbe9612d735ab0219d8fb520b/screenshot - {}
RESULT: {"script":"<script> [1562 bytes]","args":[{"selector":{"controlType":"sap.m.Button","properties":{"text":"Close"},"searchOpenDialogs":true,"interaction":{"idSuffix":"BDI-content"}},"wdio_ui5_key":"sapm.Button{\"text\":\"Close\"}"}]}
RESULT: undefined
COMMAND: POST /session/2eb25f1cbe9612d735ab0219d8fb520b/element - {"using":"xpath","value":"//*[@id=\"__mbox-btn-0\"]"}
RESULT: {}
RESULT: {"using":"xpath","value":"//*[@id=\"__mbox-btn-0\"]"}
COMMAND: POST /session/2eb25f1cbe9612d735ab0219d8fb520b/element/f.1920C544C16071EF810842AAA08EA988.d.7FF7DC5FC7E94DC48310FEC75F763D80.e.16221/click - {}
RESULT: {}
COMMAND: GET /session/2eb25f1cbe9612d735ab0219d8fb520b/screenshot - {}
RESULT: {}
COMMAND: POST /session/2eb25f1cbe9612d735ab0219d8fb520b/execute/async - {"script":"<script> [1562 bytes]","args":[{"selector":{"controlType":"sap.m.Text","viewName":"etm.portal.ui.manageresources.view.Detail","viewId":"application-manageresources-display-component---detailRU","bindingPath":{"propertyPath":"ID","modelName":"catalogModel"}},"wdio_ui5_key":"etmportal.ui.manageresources.view.Detailsap.m.Text{\"propertyPath\":\"ID\",\"modelName\":\"catalogModel\"}"}]}
RESULT: {"script":"<script> [1562 bytes]","args":[{"selector":{"controlType":"sap.m.Text","viewName":"etm.portal.ui.manageresources.view.Detail","viewId":"application-manageresources-display-component---detailRU","bindingPath":{"propertyPath":"ID","modelName":"catalogModel"}},"wdio_ui5_key":"etmportal.ui.manageresources.view.Detailsap.m.Text{\"propertyPath\":\"ID\",\"modelName\":\"catalogModel\"}"}]}
RESULT: undefined
COMMAND: POST /session/2eb25f1cbe9612d735ab0219d8fb520b/execute/async - {"script":"<script> [6424 bytes]","args":[{"element-6066-11e4-a52e-4f735466cecf":"f.1920C544C16071EF810842AAA08EA988.d.7FF7DC5FC7E94DC48310FEC75F763D80.e.16253"},"getText",[]]}
RESULT: {"script":"<script> [6424 bytes]","args":[{"element-6066-11e4-a52e-4f735466cecf":"f.1920C544C16071EF810842AAA08EA988.d.7FF7DC5FC7E94DC48310FEC75F763D80.e.16253"},"getText",[]]}
COMMAND: POST /session/2eb25f1cbe9612d735ab0219d8fb520b/element - {"using":"css selector","value":"#shell-header-logo"}
RESULT: {"using":"css selector","value":"#shell-header-logo"}
COMMAND: POST /session/2eb25f1cbe9612d735ab0219d8fb520b/element/f.1920C544C16071EF810842AAA08EA988.d.7FF7DC5FC7E94DC48310FEC75F763D80.e.15768/click - {}
RESULT: {}
COMMAND: GET /session/2eb25f1cbe9612d735ab0219d8fb520b/screenshot - {}
RESULT: {}
]]></system-out>
    </testcase>
  </testsuite>
  <testsuite timestamp="2025-04-25T17:10:54" time="863.311" tests="6" failures="0" errors="0" skipped="0">
    <properties>
      <property name="specId" value="0" />
      <property name="suiteName" value="Provide to Site w/o warehouse management w clarification" />
      <property name="capabilities" value="chrome.135_0_7049_96.windows" />
      <property name="file" value="file:///D:/a/1/s/test/specs/HTR/provide-to-site-wo-warehouse-w-clarification.spec.js" />
    </properties>
    <testcase classname="chrome.135_0_7049_96.windows.Provide_to_Site_w/o_warehouse_management_w_clarification" name="Should do a stock increase handover" time="177.945">
      <system-out><![CDATA[
COMMAND: POST /session/2eb25f1cbe9612d735ab0219d8fb520b/execute/async - {"script":"<script> [1562 bytes]","args":[{"selector":{"controlType":"sap.m.GenericTile","properties":{"header":"Manage Handovers"}},"wdio_ui5_key":"sapm.GenericTile{\"header\":\"Manage Handovers\"}"}]}
RESULT: {"script":"<script> [1562 bytes]","args":[{"selector":{"controlType":"sap.m.GenericTile","properties":{"header":"Manage Handovers"}},"wdio_ui5_key":"sapm.GenericTile{\"header\":\"Manage Handovers\"}"}]}
RESULT: undefined
COMMAND: POST /session/2eb25f1cbe9612d735ab0219d8fb520b/element - {"using":"xpath","value":"//*[@id=\"__tile133\"]"}
RESULT: {"using":"xpath","value":"//*[@id=\"__tile133\"]"}
COMMAND: POST /session/2eb25f1cbe9612d735ab0219d8fb520b/element/f.1920C544C16071EF810842AAA08EA988.d.7FF7DC5FC7E94DC48310FEC75F763D80.e.16255/click - {}
RESULT: {}
COMMAND: GET /session/2eb25f1cbe9612d735ab0219d8fb520b/screenshot - {}
COMMAND: POST /session/2eb25f1cbe9612d735ab0219d8fb520b/element - {"using":"xpath","value":"//button[(@data-kt = 'masterHOAddButton')]"}
RESULT: {}
RESULT: {"using":"xpath","value":"//button[(@data-kt = 'masterHOAddButton')]"}
COMMAND: POST /session/2eb25f1cbe9612d735ab0219d8fb520b/elements - {"using":"xpath","value":"//button[(@data-kt = 'masterHOAddButton')]"}
RESULT: {"using":"xpath","value":"//button[(@data-kt = 'masterHOAddButton')]"}
COMMAND: POST /session/2eb25f1cbe9612d735ab0219d8fb520b/elements - {"using":"xpath","value":"//button[(@data-kt = 'masterHOAddButton')]"}
RESULT: {"using":"xpath","value":"//button[(@data-kt = 'masterHOAddButton')]"}
COMMAND: POST /session/2eb25f1cbe9612d735ab0219d8fb520b/element - {"using":"xpath","value":"//button[(@data-kt = 'masterHOAddButton')]"}
RESULT: {"using":"xpath","value":"//button[(@data-kt = 'masterHOAddButton')]"}
COMMAND: POST /session/2eb25f1cbe9612d735ab0219d8fb520b/element/f.1920C544C16071EF810842AAA08EA988.d.7FF7DC5FC7E94DC48310FEC75F763D80.e.16294/click - {}
RESULT: {}
COMMAND: POST /session/2eb25f1cbe9612d735ab0219d8fb520b/element - {"using":"css selector","value":"span[id=\"application-managehandovers-display-component---AddNewHO--typeSelect-label\"]"}
COMMAND: GET /session/2eb25f1cbe9612d735ab0219d8fb520b/screenshot - {}
RESULT: {"using":"css selector","value":"span[id=\"application-managehandovers-display-component---AddNewHO--typeSelect-label\"]"}
COMMAND: POST /session/2eb25f1cbe9612d735ab0219d8fb520b/elements - {"using":"css selector","value":"span[id=\"application-managehandovers-display-component---AddNewHO--typeSelect-label\"]"}
RESULT: {}
RESULT: {"using":"css selector","value":"span[id=\"application-managehandovers-display-component---AddNewHO--typeSelect-label\"]"}
COMMAND: POST /session/2eb25f1cbe9612d735ab0219d8fb520b/element - {"using":"css selector","value":"span[id=\"application-managehandovers-display-component---AddNewHO--typeSelect-label\"]"}
RESULT: {"using":"css selector","value":"span[id=\"application-managehandovers-display-component---AddNewHO--typeSelect-label\"]"}
COMMAND: POST /session/2eb25f1cbe9612d735ab0219d8fb520b/element/f.1920C544C16071EF810842AAA08EA988.d.7FF7DC5FC7E94DC48310FEC75F763D80.e.16592/click - {}
RESULT: {}
COMMAND: POST /session/2eb25f1cbe9612d735ab0219d8fb520b/element - {"using":"css selector","value":"#application-managehandovers-display-component---AddNewHO--oneStep-CB"}
COMMAND: GET /session/2eb25f1cbe9612d735ab0219d8fb520b/screenshot - {}
RESULT: {"using":"css selector","value":"#application-managehandovers-display-component---AddNewHO--oneStep-CB"}
COMMAND: GET /session/2eb25f1cbe9612d735ab0219d8fb520b/element/f.1920C544C16071EF810842AAA08EA988.d.7FF7DC5FC7E94DC48310FEC75F763D80.e.16532/selected - {}
RESULT: {}
RESULT: {}
COMMAND: POST /session/2eb25f1cbe9612d735ab0219d8fb520b/element - {"using":"xpath","value":"//li[contains(text(), \"stock increase yard\")]"}
COMMAND: GET /session/2eb25f1cbe9612d735ab0219d8fb520b/screenshot - {}
RESULT: {"using":"xpath","value":"//li[contains(text(), \"stock increase yard\")]"}
COMMAND: POST /session/2eb25f1cbe9612d735ab0219d8fb520b/element/f.1920C544C16071EF810842AAA08EA988.d.7FF7DC5FC7E94DC48310FEC75F763D80.e.16593/click - {}
RESULT: {}
RESULT: {}
COMMAND: GET /session/2eb25f1cbe9612d735ab0219d8fb520b/screenshot - {}
RESULT: {}
COMMAND: POST /session/2eb25f1cbe9612d735ab0219d8fb520b/element - {"using":"css selector","value":"input[id=\"generalSectionFrg--receiveYard-inner\"]"}
RESULT: {"using":"css selector","value":"input[id=\"generalSectionFrg--receiveYard-inner\"]"}
COMMAND: POST /session/2eb25f1cbe9612d735ab0219d8fb520b/element/f.1920C544C16071EF810842AAA08EA988.d.7FF7DC5FC7E94DC48310FEC75F763D80.e.16603/clear - {}
RESULT: {}
COMMAND: POST /session/2eb25f1cbe9612d735ab0219d8fb520b/element/f.1920C544C16071EF810842AAA08EA988.d.7FF7DC5FC7E94DC48310FEC75F763D80.e.16603/value - {"text":"233"}
COMMAND: GET /session/2eb25f1cbe9612d735ab0219d8fb520b/screenshot - {}
RESULT: {"text":"233"}
COMMAND: GET /session/2eb25f1cbe9612d735ab0219d8fb520b/screenshot - {}
RESULT: {}
RESULT: {}
COMMAND: POST /session/2eb25f1cbe9612d735ab0219d8fb520b/element - {"using":"css selector","value":"#application-managehandovers-display-component---AddNewHO--dueDate-inner"}
RESULT: {"using":"css selector","value":"#application-managehandovers-display-component---AddNewHO--dueDate-inner"}
COMMAND: POST /session/2eb25f1cbe9612d735ab0219d8fb520b/element/f.1920C544C16071EF810842AAA08EA988.d.7FF7DC5FC7E94DC48310FEC75F763D80.e.16597/clear - {}
RESULT: {}
COMMAND: POST /session/2eb25f1cbe9612d735ab0219d8fb520b/element/f.1920C544C16071EF810842AAA08EA988.d.7FF7DC5FC7E94DC48310FEC75F763D80.e.16597/value - {"text":"4/25/25"}
COMMAND: GET /session/2eb25f1cbe9612d735ab0219d8fb520b/screenshot - {}
RESULT: {"text":"4/25/25"}
COMMAND: GET /session/2eb25f1cbe9612d735ab0219d8fb520b/screenshot - {}
RESULT: {}
RESULT: {}
COMMAND: POST /session/2eb25f1cbe9612d735ab0219d8fb520b/element - {"using":"xpath","value":"//bdi[(text() = 'Items' or . = 'Items')]"}
RESULT: {"using":"xpath","value":"//bdi[(text() = 'Items' or . = 'Items')]"}
COMMAND: POST /session/2eb25f1cbe9612d735ab0219d8fb520b/element/f.1920C544C16071EF810842AAA08EA988.d.7FF7DC5FC7E94DC48310FEC75F763D80.e.16620/click - {}
RESULT: {}
COMMAND: GET /session/2eb25f1cbe9612d735ab0219d8fb520b/screenshot - {}
RESULT: {}
COMMAND: POST /session/2eb25f1cbe9612d735ab0219d8fb520b/element - {"using":"xpath","value":"//button[@aria-label=\"Add\"]"}
RESULT: {"using":"xpath","value":"//button[@aria-label=\"Add\"]"}
COMMAND: POST /session/2eb25f1cbe9612d735ab0219d8fb520b/element/f.1920C544C16071EF810842AAA08EA988.d.7FF7DC5FC7E94DC48310FEC75F763D80.e.16625/click - {}
RESULT: {}
COMMAND: GET /session/2eb25f1cbe9612d735ab0219d8fb520b/screenshot - {}
RESULT: {}
COMMAND: POST /session/2eb25f1cbe9612d735ab0219d8fb520b/element - {"using":"css selector","value":"input[id= \"application-managehandovers-display-component---AddNewHO--smartFilterBar-btnBasicSearch-I\"]"}
RESULT: {"using":"css selector","value":"input[id= \"application-managehandovers-display-component---AddNewHO--smartFilterBar-btnBasicSearch-I\"]"}
COMMAND: POST /session/2eb25f1cbe9612d735ab0219d8fb520b/element/f.1920C544C16071EF810842AAA08EA988.d.7FF7DC5FC7E94DC48310FEC75F763D80.e.16628/clear - {}
RESULT: {}
COMMAND: POST /session/2eb25f1cbe9612d735ab0219d8fb520b/element/f.1920C544C16071EF810842AAA08EA988.d.7FF7DC5FC7E94DC48310FEC75F763D80.e.16628/value - {"text":"200080"}
COMMAND: GET /session/2eb25f1cbe9612d735ab0219d8fb520b/screenshot - {}
RESULT: {"text":"200080"}
COMMAND: POST /session/2eb25f1cbe9612d735ab0219d8fb520b/actions - {"actions":[{"id":"action60","type":"key","parameters":{},"actions":[{"type":"keyDown","value":"î€‡"},{"type":"pause","duration":10},{"type":"keyUp","value":"î€‡"}]}]}
COMMAND: GET /session/2eb25f1cbe9612d735ab0219d8fb520b/screenshot - {}
RESULT: {}
RESULT: {"actions":[{"id":"action60","type":"key","parameters":{},"actions":[{"type":"keyDown","value":"î€‡"},{"type":"pause","duration":10},{"type":"keyUp","value":"î€‡"}]}]}
COMMAND: POST /session/2eb25f1cbe9612d735ab0219d8fb520b/element - {"using":"css selector","value":"div[id= \"application-managehandovers-display-component---AddNewHO--smartFilterBar-btnBasicSearch-search\"]"}
COMMAND: GET /session/2eb25f1cbe9612d735ab0219d8fb520b/screenshot - {}
RESULT: {}
RESULT: {"using":"css selector","value":"div[id= \"application-managehandovers-display-component---AddNewHO--smartFilterBar-btnBasicSearch-search\"]"}
COMMAND: POST /session/2eb25f1cbe9612d735ab0219d8fb520b/element/f.1920C544C16071EF810842AAA08EA988.d.7FF7DC5FC7E94DC48310FEC75F763D80.e.16764/click - {}
RESULT: {}
RESULT: {}
COMMAND: GET /session/2eb25f1cbe9612d735ab0219d8fb520b/screenshot - {}
RESULT: {}
COMMAND: POST /session/2eb25f1cbe9612d735ab0219d8fb520b/element - {"using":"css selector","value":"div[id= \"application-managehandovers-display-component---AddNewHO--popup-sa-CbBg\"]"}
RESULT: {"using":"css selector","value":"div[id= \"application-managehandovers-display-component---AddNewHO--popup-sa-CbBg\"]"}
COMMAND: POST /session/2eb25f1cbe9612d735ab0219d8fb520b/element/f.1920C544C16071EF810842AAA08EA988.d.7FF7DC5FC7E94DC48310FEC75F763D80.e.16765/click - {}
RESULT: {}
COMMAND: GET /session/2eb25f1cbe9612d735ab0219d8fb520b/screenshot - {}
RESULT: {}
COMMAND: POST /session/2eb25f1cbe9612d735ab0219d8fb520b/element - {"using":"xpath","value":"//bdi[(text() = 'Select' or . = 'Select')]"}
RESULT: {"using":"xpath","value":"//bdi[(text() = 'Select' or . = 'Select')]"}
COMMAND: POST /session/2eb25f1cbe9612d735ab0219d8fb520b/element/f.1920C544C16071EF810842AAA08EA988.d.7FF7DC5FC7E94DC48310FEC75F763D80.e.16766/click - {}
RESULT: {}
COMMAND: GET /session/2eb25f1cbe9612d735ab0219d8fb520b/screenshot - {}
RESULT: {}
COMMAND: POST /session/2eb25f1cbe9612d735ab0219d8fb520b/execute/async - {"script":"<script> [1562 bytes]","args":[{"selector":{"controlType":"sap.m.Input","viewName":"etm.portal.ui.managehandovers.view.AddNewHO","viewId":"application-managehandovers-display-component---AddNewHO","bindingPath":{"path":"/items/0","propertyPath":"TYPE","modelName":"hoItemsModel"},"interaction":{"idSuffix":"inner"}},"wdio_ui5_key":"etmportal.ui.managehandovers.view.AddNewHOsap.m.Input{\"path\":\"/items/0\",\"propertyPath\":\"TYPE\",\"modelName\":\"hoItemsModel\"}"}]}
RESULT: {"script":"<script> [1562 bytes]","args":[{"selector":{"controlType":"sap.m.Input","viewName":"etm.portal.ui.managehandovers.view.AddNewHO","viewId":"application-managehandovers-display-component---AddNewHO","bindingPath":{"path":"/items/0","propertyPath":"TYPE","modelName":"hoItemsModel"},"interaction":{"idSuffix":"inner"}},"wdio_ui5_key":"etmportal.ui.managehandovers.view.AddNewHOsap.m.Input{\"path\":\"/items/0\",\"propertyPath\":\"TYPE\",\"modelName\":\"hoItemsModel\"}"}]}
RESULT: undefined
COMMAND: POST /session/2eb25f1cbe9612d735ab0219d8fb520b/execute/async - {"script":"<script> [776 bytes]","args":[{"enterText":"100","selector":{"controlType":"sap.m.Input","viewName":"etm.portal.ui.managehandovers.view.AddNewHO","viewId":"application-managehandovers-display-component---AddNewHO","bindingPath":{"path":"/items/0","propertyPath":"TYPE","modelName":"hoItemsModel"},"interaction":{"idSuffix":"inner"}},"clearTextFirst":true,"interactionType":"ENTER_TEXT"}]}
RESULT: {"script":"<script> [776 bytes]","args":[{"enterText":"100","selector":{"controlType":"sap.m.Input","viewName":"etm.portal.ui.managehandovers.view.AddNewHO","viewId":"application-managehandovers-display-component---AddNewHO","bindingPath":{"path":"/items/0","propertyPath":"TYPE","modelName":"hoItemsModel"},"interaction":{"idSuffix":"inner"}},"clearTextFirst":true,"interactionType":"ENTER_TEXT"}]}
COMMAND: POST /session/2eb25f1cbe9612d735ab0219d8fb520b/element - {"using":"xpath","value":"//bdi[(text() = 'Save' or . = 'Save')]"}
RESULT: {"using":"xpath","value":"//bdi[(text() = 'Save' or . = 'Save')]"}
COMMAND: POST /session/2eb25f1cbe9612d735ab0219d8fb520b/element/f.1920C544C16071EF810842AAA08EA988.d.7FF7DC5FC7E94DC48310FEC75F763D80.e.16771/click - {}
RESULT: {}
COMMAND: GET /session/2eb25f1cbe9612d735ab0219d8fb520b/screenshot - {}
RESULT: {}
COMMAND: POST /session/2eb25f1cbe9612d735ab0219d8fb520b/element - {"using":"xpath","value":"//input[contains(@id ,\"receiptDatePicker-inner\")]"}
RESULT: {"using":"xpath","value":"//input[contains(@id ,\"receiptDatePicker-inner\")]"}
COMMAND: POST /session/2eb25f1cbe9612d735ab0219d8fb520b/element/f.1920C544C16071EF810842AAA08EA988.d.7FF7DC5FC7E94DC48310FEC75F763D80.e.16797/click - {}
RESULT: {}
COMMAND: POST /session/2eb25f1cbe9612d735ab0219d8fb520b/element - {"using":"xpath","value":"//input[contains(@id ,\"receiptDatePicker-inner\")]"}
COMMAND: GET /session/2eb25f1cbe9612d735ab0219d8fb520b/screenshot - {}
RESULT: {"using":"xpath","value":"//input[contains(@id ,\"receiptDatePicker-inner\")]"}
COMMAND: POST /session/2eb25f1cbe9612d735ab0219d8fb520b/element/f.1920C544C16071EF810842AAA08EA988.d.7FF7DC5FC7E94DC48310FEC75F763D80.e.16797/clear - {}
RESULT: {}
RESULT: {}
COMMAND: POST /session/2eb25f1cbe9612d735ab0219d8fb520b/element/f.1920C544C16071EF810842AAA08EA988.d.7FF7DC5FC7E94DC48310FEC75F763D80.e.16797/value - {"text":"4/25/25"}
COMMAND: GET /session/2eb25f1cbe9612d735ab0219d8fb520b/screenshot - {}
RESULT: {"text":"4/25/25"}
COMMAND: GET /session/2eb25f1cbe9612d735ab0219d8fb520b/screenshot - {}
RESULT: {}
RESULT: {}
COMMAND: POST /session/2eb25f1cbe9612d735ab0219d8fb520b/element - {"using":"xpath","value":"//bdi[text()='Save']"}
RESULT: {"using":"xpath","value":"//bdi[text()='Save']"}
COMMAND: GET /session/2eb25f1cbe9612d735ab0219d8fb520b/element/f.1920C544C16071EF810842AAA08EA988.d.7FF7DC5FC7E94DC48310FEC75F763D80.e.16771/enabled - {}
RESULT: {}
COMMAND: POST /session/2eb25f1cbe9612d735ab0219d8fb520b/execute/sync - {"script":"<script> [8489 bytes]","args":[{"element-6066-11e4-a52e-4f735466cecf":"f.1920C544C16071EF810842AAA08EA988.d.7FF7DC5FC7E94DC48310FEC75F763D80.e.16771","ELEMENT":"f.1920C544C16071EF810842AAA08EA988.d.7FF7DC5FC7E94DC48310FEC75F763D80.e.16771"}]}
COMMAND: GET /session/2eb25f1cbe9612d735ab0219d8fb520b/screenshot - {}
RESULT: {"script":"<script> [8489 bytes]","args":[{"element-6066-11e4-a52e-4f735466cecf":"f.1920C544C16071EF810842AAA08EA988.d.7FF7DC5FC7E94DC48310FEC75F763D80.e.16771","ELEMENT":"f.1920C544C16071EF810842AAA08EA988.d.7FF7DC5FC7E94DC48310FEC75F763D80.e.16771"}]}
COMMAND: GET /session/2eb25f1cbe9612d735ab0219d8fb520b/screenshot - {}
RESULT: {}
COMMAND: POST /session/2eb25f1cbe9612d735ab0219d8fb520b/execute/sync - {"script":"<script> [8489 bytes]","args":[{"element-6066-11e4-a52e-4f735466cecf":"f.1920C544C16071EF810842AAA08EA988.d.7FF7DC5FC7E94DC48310FEC75F763D80.e.16771","ELEMENT":"f.1920C544C16071EF810842AAA08EA988.d.7FF7DC5FC7E94DC48310FEC75F763D80.e.16771"}]}
RESULT: {}
RESULT: {"script":"<script> [8489 bytes]","args":[{"element-6066-11e4-a52e-4f735466cecf":"f.1920C544C16071EF810842AAA08EA988.d.7FF7DC5FC7E94DC48310FEC75F763D80.e.16771","ELEMENT":"f.1920C544C16071EF810842AAA08EA988.d.7FF7DC5FC7E94DC48310FEC75F763D80.e.16771"}]}
COMMAND: GET /session/2eb25f1cbe9612d735ab0219d8fb520b/screenshot - {}
COMMAND: POST /session/2eb25f1cbe9612d735ab0219d8fb520b/execute/sync - {"script":"<script> [8489 bytes]","args":[{"element-6066-11e4-a52e-4f735466cecf":"f.1920C544C16071EF810842AAA08EA988.d.7FF7DC5FC7E94DC48310FEC75F763D80.e.16771","ELEMENT":"f.1920C544C16071EF810842AAA08EA988.d.7FF7DC5FC7E94DC48310FEC75F763D80.e.16771"}]}
RESULT: {}
RESULT: {"script":"<script> [8489 bytes]","args":[{"element-6066-11e4-a52e-4f735466cecf":"f.1920C544C16071EF810842AAA08EA988.d.7FF7DC5FC7E94DC48310FEC75F763D80.e.16771","ELEMENT":"f.1920C544C16071EF810842AAA08EA988.d.7FF7DC5FC7E94DC48310FEC75F763D80.e.16771"}]}
COMMAND: GET /session/2eb25f1cbe9612d735ab0219d8fb520b/screenshot - {}
RESULT: {}
COMMAND: POST /session/2eb25f1cbe9612d735ab0219d8fb520b/execute/sync - {"script":"<script> [8489 bytes]","args":[{"element-6066-11e4-a52e-4f735466cecf":"f.1920C544C16071EF810842AAA08EA988.d.7FF7DC5FC7E94DC48310FEC75F763D80.e.16771","ELEMENT":"f.1920C544C16071EF810842AAA08EA988.d.7FF7DC5FC7E94DC48310FEC75F763D80.e.16771"}]}
RESULT: {"script":"<script> [8489 bytes]","args":[{"element-6066-11e4-a52e-4f735466cecf":"f.1920C544C16071EF810842AAA08EA988.d.7FF7DC5FC7E94DC48310FEC75F763D80.e.16771","ELEMENT":"f.1920C544C16071EF810842AAA08EA988.d.7FF7DC5FC7E94DC48310FEC75F763D80.e.16771"}]}
COMMAND: GET /session/2eb25f1cbe9612d735ab0219d8fb520b/screenshot - {}
RESULT: {}
COMMAND: POST /session/2eb25f1cbe9612d735ab0219d8fb520b/execute/sync - {"script":"<script> [8489 bytes]","args":[{"element-6066-11e4-a52e-4f735466cecf":"f.1920C544C16071EF810842AAA08EA988.d.7FF7DC5FC7E94DC48310FEC75F763D80.e.16771","ELEMENT":"f.1920C544C16071EF810842AAA08EA988.d.7FF7DC5FC7E94DC48310FEC75F763D80.e.16771"}]}
RESULT: {"script":"<script> [8489 bytes]","args":[{"element-6066-11e4-a52e-4f735466cecf":"f.1920C544C16071EF810842AAA08EA988.d.7FF7DC5FC7E94DC48310FEC75F763D80.e.16771","ELEMENT":"f.1920C544C16071EF810842AAA08EA988.d.7FF7DC5FC7E94DC48310FEC75F763D80.e.16771"}]}
COMMAND: GET /session/2eb25f1cbe9612d735ab0219d8fb520b/screenshot - {}
RESULT: {}
COMMAND: POST /session/2eb25f1cbe9612d735ab0219d8fb520b/execute/sync - {"script":"<script> [8489 bytes]","args":[{"element-6066-11e4-a52e-4f735466cecf":"f.1920C544C16071EF810842AAA08EA988.d.7FF7DC5FC7E94DC48310FEC75F763D80.e.16771","ELEMENT":"f.1920C544C16071EF810842AAA08EA988.d.7FF7DC5FC7E94DC48310FEC75F763D80.e.16771"}]}
RESULT: {"script":"<script> [8489 bytes]","args":[{"element-6066-11e4-a52e-4f735466cecf":"f.1920C544C16071EF810842AAA08EA988.d.7FF7DC5FC7E94DC48310FEC75F763D80.e.16771","ELEMENT":"f.1920C544C16071EF810842AAA08EA988.d.7FF7DC5FC7E94DC48310FEC75F763D80.e.16771"}]}
COMMAND: GET /session/2eb25f1cbe9612d735ab0219d8fb520b/screenshot - {}
RESULT: {}
COMMAND: POST /session/2eb25f1cbe9612d735ab0219d8fb520b/execute/sync - {"script":"<script> [8489 bytes]","args":[{"element-6066-11e4-a52e-4f735466cecf":"f.1920C544C16071EF810842AAA08EA988.d.7FF7DC5FC7E94DC48310FEC75F763D80.e.16771","ELEMENT":"f.1920C544C16071EF810842AAA08EA988.d.7FF7DC5FC7E94DC48310FEC75F763D80.e.16771"}]}
RESULT: {"script":"<script> [8489 bytes]","args":[{"element-6066-11e4-a52e-4f735466cecf":"f.1920C544C16071EF810842AAA08EA988.d.7FF7DC5FC7E94DC48310FEC75F763D80.e.16771","ELEMENT":"f.1920C544C16071EF810842AAA08EA988.d.7FF7DC5FC7E94DC48310FEC75F763D80.e.16771"}]}
COMMAND: GET /session/2eb25f1cbe9612d735ab0219d8fb520b/screenshot - {}
RESULT: {}
COMMAND: POST /session/2eb25f1cbe9612d735ab0219d8fb520b/execute/sync - {"script":"<script> [8489 bytes]","args":[{"element-6066-11e4-a52e-4f735466cecf":"f.1920C544C16071EF810842AAA08EA988.d.7FF7DC5FC7E94DC48310FEC75F763D80.e.16771","ELEMENT":"f.1920C544C16071EF810842AAA08EA988.d.7FF7DC5FC7E94DC48310FEC75F763D80.e.16771"}]}
RESULT: {"script":"<script> [8489 bytes]","args":[{"element-6066-11e4-a52e-4f735466cecf":"f.1920C544C16071EF810842AAA08EA988.d.7FF7DC5FC7E94DC48310FEC75F763D80.e.16771","ELEMENT":"f.1920C544C16071EF810842AAA08EA988.d.7FF7DC5FC7E94DC48310FEC75F763D80.e.16771"}]}
COMMAND: GET /session/2eb25f1cbe9612d735ab0219d8fb520b/screenshot - {}
RESULT: {}
COMMAND: POST /session/2eb25f1cbe9612d735ab0219d8fb520b/execute/sync - {"script":"<script> [8489 bytes]","args":[{"element-6066-11e4-a52e-4f735466cecf":"f.1920C544C16071EF810842AAA08EA988.d.7FF7DC5FC7E94DC48310FEC75F763D80.e.16771","ELEMENT":"f.1920C544C16071EF810842AAA08EA988.d.7FF7DC5FC7E94DC48310FEC75F763D80.e.16771"}]}
RESULT: {"script":"<script> [8489 bytes]","args":[{"element-6066-11e4-a52e-4f735466cecf":"f.1920C544C16071EF810842AAA08EA988.d.7FF7DC5FC7E94DC48310FEC75F763D80.e.16771","ELEMENT":"f.1920C544C16071EF810842AAA08EA988.d.7FF7DC5FC7E94DC48310FEC75F763D80.e.16771"}]}
COMMAND: GET /session/2eb25f1cbe9612d735ab0219d8fb520b/screenshot - {}
RESULT: {}
COMMAND: POST /session/2eb25f1cbe9612d735ab0219d8fb520b/execute/sync - {"script":"<script> [8489 bytes]","args":[{"element-6066-11e4-a52e-4f735466cecf":"f.1920C544C16071EF810842AAA08EA988.d.7FF7DC5FC7E94DC48310FEC75F763D80.e.16771","ELEMENT":"f.1920C544C16071EF810842AAA08EA988.d.7FF7DC5FC7E94DC48310FEC75F763D80.e.16771"}]}
RESULT: {"script":"<script> [8489 bytes]","args":[{"element-6066-11e4-a52e-4f735466cecf":"f.1920C544C16071EF810842AAA08EA988.d.7FF7DC5FC7E94DC48310FEC75F763D80.e.16771","ELEMENT":"f.1920C544C16071EF810842AAA08EA988.d.7FF7DC5FC7E94DC48310FEC75F763D80.e.16771"}]}
COMMAND: GET /session/2eb25f1cbe9612d735ab0219d8fb520b/screenshot - {}
RESULT: {}
COMMAND: POST /session/2eb25f1cbe9612d735ab0219d8fb520b/execute/sync - {"script":"<script> [8489 bytes]","args":[{"element-6066-11e4-a52e-4f735466cecf":"f.1920C544C16071EF810842AAA08EA988.d.7FF7DC5FC7E94DC48310FEC75F763D80.e.16771","ELEMENT":"f.1920C544C16071EF810842AAA08EA988.d.7FF7DC5FC7E94DC48310FEC75F763D80.e.16771"}]}
RESULT: {"script":"<script> [8489 bytes]","args":[{"element-6066-11e4-a52e-4f735466cecf":"f.1920C544C16071EF810842AAA08EA988.d.7FF7DC5FC7E94DC48310FEC75F763D80.e.16771","ELEMENT":"f.1920C544C16071EF810842AAA08EA988.d.7FF7DC5FC7E94DC48310FEC75F763D80.e.16771"}]}
COMMAND: GET /session/2eb25f1cbe9612d735ab0219d8fb520b/screenshot - {}
RESULT: {}
COMMAND: POST /session/2eb25f1cbe9612d735ab0219d8fb520b/execute/sync - {"script":"<script> [8489 bytes]","args":[{"element-6066-11e4-a52e-4f735466cecf":"f.1920C544C16071EF810842AAA08EA988.d.7FF7DC5FC7E94DC48310FEC75F763D80.e.16771","ELEMENT":"f.1920C544C16071EF810842AAA08EA988.d.7FF7DC5FC7E94DC48310FEC75F763D80.e.16771"}]}
RESULT: {"script":"<script> [8489 bytes]","args":[{"element-6066-11e4-a52e-4f735466cecf":"f.1920C544C16071EF810842AAA08EA988.d.7FF7DC5FC7E94DC48310FEC75F763D80.e.16771","ELEMENT":"f.1920C544C16071EF810842AAA08EA988.d.7FF7DC5FC7E94DC48310FEC75F763D80.e.16771"}]}
COMMAND: GET /session/2eb25f1cbe9612d735ab0219d8fb520b/screenshot - {}
RESULT: {}
COMMAND: POST /session/2eb25f1cbe9612d735ab0219d8fb520b/execute/sync - {"script":"<script> [8489 bytes]","args":[{"element-6066-11e4-a52e-4f735466cecf":"f.1920C544C16071EF810842AAA08EA988.d.7FF7DC5FC7E94DC48310FEC75F763D80.e.16771","ELEMENT":"f.1920C544C16071EF810842AAA08EA988.d.7FF7DC5FC7E94DC48310FEC75F763D80.e.16771"}]}
RESULT: {"script":"<script> [8489 bytes]","args":[{"element-6066-11e4-a52e-4f735466cecf":"f.1920C544C16071EF810842AAA08EA988.d.7FF7DC5FC7E94DC48310FEC75F763D80.e.16771","ELEMENT":"f.1920C544C16071EF810842AAA08EA988.d.7FF7DC5FC7E94DC48310FEC75F763D80.e.16771"}]}
COMMAND: GET /session/2eb25f1cbe9612d735ab0219d8fb520b/screenshot - {}
RESULT: {}
COMMAND: POST /session/2eb25f1cbe9612d735ab0219d8fb520b/execute/sync - {"script":"<script> [8489 bytes]","args":[{"element-6066-11e4-a52e-4f735466cecf":"f.1920C544C16071EF810842AAA08EA988.d.7FF7DC5FC7E94DC48310FEC75F763D80.e.16771","ELEMENT":"f.1920C544C16071EF810842AAA08EA988.d.7FF7DC5FC7E94DC48310FEC75F763D80.e.16771"}]}
RESULT: {"script":"<script> [8489 bytes]","args":[{"element-6066-11e4-a52e-4f735466cecf":"f.1920C544C16071EF810842AAA08EA988.d.7FF7DC5FC7E94DC48310FEC75F763D80.e.16771","ELEMENT":"f.1920C544C16071EF810842AAA08EA988.d.7FF7DC5FC7E94DC48310FEC75F763D80.e.16771"}]}
COMMAND: GET /session/2eb25f1cbe9612d735ab0219d8fb520b/screenshot - {}
RESULT: {}
COMMAND: POST /session/2eb25f1cbe9612d735ab0219d8fb520b/execute/sync - {"script":"<script> [8489 bytes]","args":[{"element-6066-11e4-a52e-4f735466cecf":"f.1920C544C16071EF810842AAA08EA988.d.7FF7DC5FC7E94DC48310FEC75F763D80.e.16771","ELEMENT":"f.1920C544C16071EF810842AAA08EA988.d.7FF7DC5FC7E94DC48310FEC75F763D80.e.16771"}]}
RESULT: {"script":"<script> [8489 bytes]","args":[{"element-6066-11e4-a52e-4f735466cecf":"f.1920C544C16071EF810842AAA08EA988.d.7FF7DC5FC7E94DC48310FEC75F763D80.e.16771","ELEMENT":"f.1920C544C16071EF810842AAA08EA988.d.7FF7DC5FC7E94DC48310FEC75F763D80.e.16771"}]}
COMMAND: GET /session/2eb25f1cbe9612d735ab0219d8fb520b/screenshot - {}
RESULT: {}
COMMAND: POST /session/2eb25f1cbe9612d735ab0219d8fb520b/execute/sync - {"script":"<script> [8489 bytes]","args":[{"element-6066-11e4-a52e-4f735466cecf":"f.1920C544C16071EF810842AAA08EA988.d.7FF7DC5FC7E94DC48310FEC75F763D80.e.16771","ELEMENT":"f.1920C544C16071EF810842AAA08EA988.d.7FF7DC5FC7E94DC48310FEC75F763D80.e.16771"}]}
RESULT: {"script":"<script> [8489 bytes]","args":[{"element-6066-11e4-a52e-4f735466cecf":"f.1920C544C16071EF810842AAA08EA988.d.7FF7DC5FC7E94DC48310FEC75F763D80.e.16771","ELEMENT":"f.1920C544C16071EF810842AAA08EA988.d.7FF7DC5FC7E94DC48310FEC75F763D80.e.16771"}]}
COMMAND: GET /session/2eb25f1cbe9612d735ab0219d8fb520b/screenshot - {}
RESULT: {}
COMMAND: POST /session/2eb25f1cbe9612d735ab0219d8fb520b/execute/sync - {"script":"<script> [8489 bytes]","args":[{"element-6066-11e4-a52e-4f735466cecf":"f.1920C544C16071EF810842AAA08EA988.d.7FF7DC5FC7E94DC48310FEC75F763D80.e.16771","ELEMENT":"f.1920C544C16071EF810842AAA08EA988.d.7FF7DC5FC7E94DC48310FEC75F763D80.e.16771"}]}
RESULT: {"script":"<script> [8489 bytes]","args":[{"element-6066-11e4-a52e-4f735466cecf":"f.1920C544C16071EF810842AAA08EA988.d.7FF7DC5FC7E94DC48310FEC75F763D80.e.16771","ELEMENT":"f.1920C544C16071EF810842AAA08EA988.d.7FF7DC5FC7E94DC48310FEC75F763D80.e.16771"}]}
COMMAND: GET /session/2eb25f1cbe9612d735ab0219d8fb520b/screenshot - {}
RESULT: {}
COMMAND: POST /session/2eb25f1cbe9612d735ab0219d8fb520b/execute/sync - {"script":"<script> [8489 bytes]","args":[{"element-6066-11e4-a52e-4f735466cecf":"f.1920C544C16071EF810842AAA08EA988.d.7FF7DC5FC7E94DC48310FEC75F763D80.e.16771","ELEMENT":"f.1920C544C16071EF810842AAA08EA988.d.7FF7DC5FC7E94DC48310FEC75F763D80.e.16771"}]}
RESULT: {"script":"<script> [8489 bytes]","args":[{"element-6066-11e4-a52e-4f735466cecf":"f.1920C544C16071EF810842AAA08EA988.d.7FF7DC5FC7E94DC48310FEC75F763D80.e.16771","ELEMENT":"f.1920C544C16071EF810842AAA08EA988.d.7FF7DC5FC7E94DC48310FEC75F763D80.e.16771"}]}
COMMAND: GET /session/2eb25f1cbe9612d735ab0219d8fb520b/screenshot - {}
RESULT: {}
COMMAND: POST /session/2eb25f1cbe9612d735ab0219d8fb520b/execute/sync - {"script":"<script> [8489 bytes]","args":[{"element-6066-11e4-a52e-4f735466cecf":"f.1920C544C16071EF810842AAA08EA988.d.7FF7DC5FC7E94DC48310FEC75F763D80.e.16771","ELEMENT":"f.1920C544C16071EF810842AAA08EA988.d.7FF7DC5FC7E94DC48310FEC75F763D80.e.16771"}]}
RESULT: {"script":"<script> [8489 bytes]","args":[{"element-6066-11e4-a52e-4f735466cecf":"f.1920C544C16071EF810842AAA08EA988.d.7FF7DC5FC7E94DC48310FEC75F763D80.e.16771","ELEMENT":"f.1920C544C16071EF810842AAA08EA988.d.7FF7DC5FC7E94DC48310FEC75F763D80.e.16771"}]}
COMMAND: GET /session/2eb25f1cbe9612d735ab0219d8fb520b/screenshot - {}
RESULT: {}
COMMAND: POST /session/2eb25f1cbe9612d735ab0219d8fb520b/execute/sync - {"script":"<script> [8489 bytes]","args":[{"element-6066-11e4-a52e-4f735466cecf":"f.1920C544C16071EF810842AAA08EA988.d.7FF7DC5FC7E94DC48310FEC75F763D80.e.16771","ELEMENT":"f.1920C544C16071EF810842AAA08EA988.d.7FF7DC5FC7E94DC48310FEC75F763D80.e.16771"}]}
RESULT: {"script":"<script> [8489 bytes]","args":[{"element-6066-11e4-a52e-4f735466cecf":"f.1920C544C16071EF810842AAA08EA988.d.7FF7DC5FC7E94DC48310FEC75F763D80.e.16771","ELEMENT":"f.1920C544C16071EF810842AAA08EA988.d.7FF7DC5FC7E94DC48310FEC75F763D80.e.16771"}]}
COMMAND: GET /session/2eb25f1cbe9612d735ab0219d8fb520b/screenshot - {}
RESULT: {}
COMMAND: POST /session/2eb25f1cbe9612d735ab0219d8fb520b/execute/sync - {"script":"<script> [8489 bytes]","args":[{"element-6066-11e4-a52e-4f735466cecf":"f.1920C544C16071EF810842AAA08EA988.d.7FF7DC5FC7E94DC48310FEC75F763D80.e.16771","ELEMENT":"f.1920C544C16071EF810842AAA08EA988.d.7FF7DC5FC7E94DC48310FEC75F763D80.e.16771"}]}
RESULT: {"script":"<script> [8489 bytes]","args":[{"element-6066-11e4-a52e-4f735466cecf":"f.1920C544C16071EF810842AAA08EA988.d.7FF7DC5FC7E94DC48310FEC75F763D80.e.16771","ELEMENT":"f.1920C544C16071EF810842AAA08EA988.d.7FF7DC5FC7E94DC48310FEC75F763D80.e.16771"}]}
COMMAND: GET /session/2eb25f1cbe9612d735ab0219d8fb520b/screenshot - {}
RESULT: {}
COMMAND: POST /session/2eb25f1cbe9612d735ab0219d8fb520b/execute/sync - {"script":"<script> [8489 bytes]","args":[{"element-6066-11e4-a52e-4f735466cecf":"f.1920C544C16071EF810842AAA08EA988.d.7FF7DC5FC7E94DC48310FEC75F763D80.e.16771","ELEMENT":"f.1920C544C16071EF810842AAA08EA988.d.7FF7DC5FC7E94DC48310FEC75F763D80.e.16771"}]}
RESULT: {"script":"<script> [8489 bytes]","args":[{"element-6066-11e4-a52e-4f735466cecf":"f.1920C544C16071EF810842AAA08EA988.d.7FF7DC5FC7E94DC48310FEC75F763D80.e.16771","ELEMENT":"f.1920C544C16071EF810842AAA08EA988.d.7FF7DC5FC7E94DC48310FEC75F763D80.e.16771"}]}
COMMAND: GET /session/2eb25f1cbe9612d735ab0219d8fb520b/screenshot - {}
RESULT: {}
COMMAND: POST /session/2eb25f1cbe9612d735ab0219d8fb520b/execute/sync - {"script":"<script> [8489 bytes]","args":[{"element-6066-11e4-a52e-4f735466cecf":"f.1920C544C16071EF810842AAA08EA988.d.7FF7DC5FC7E94DC48310FEC75F763D80.e.16771","ELEMENT":"f.1920C544C16071EF810842AAA08EA988.d.7FF7DC5FC7E94DC48310FEC75F763D80.e.16771"}]}
RESULT: {"script":"<script> [8489 bytes]","args":[{"element-6066-11e4-a52e-4f735466cecf":"f.1920C544C16071EF810842AAA08EA988.d.7FF7DC5FC7E94DC48310FEC75F763D80.e.16771","ELEMENT":"f.1920C544C16071EF810842AAA08EA988.d.7FF7DC5FC7E94DC48310FEC75F763D80.e.16771"}]}
COMMAND: GET /session/2eb25f1cbe9612d735ab0219d8fb520b/screenshot - {}
RESULT: {}
COMMAND: POST /session/2eb25f1cbe9612d735ab0219d8fb520b/execute/sync - {"script":"<script> [8489 bytes]","args":[{"element-6066-11e4-a52e-4f735466cecf":"f.1920C544C16071EF810842AAA08EA988.d.7FF7DC5FC7E94DC48310FEC75F763D80.e.16771","ELEMENT":"f.1920C544C16071EF810842AAA08EA988.d.7FF7DC5FC7E94DC48310FEC75F763D80.e.16771"}]}
RESULT: {"script":"<script> [8489 bytes]","args":[{"element-6066-11e4-a52e-4f735466cecf":"f.1920C544C16071EF810842AAA08EA988.d.7FF7DC5FC7E94DC48310FEC75F763D80.e.16771","ELEMENT":"f.1920C544C16071EF810842AAA08EA988.d.7FF7DC5FC7E94DC48310FEC75F763D80.e.16771"}]}
COMMAND: GET /session/2eb25f1cbe9612d735ab0219d8fb520b/screenshot - {}
RESULT: {}
COMMAND: POST /session/2eb25f1cbe9612d735ab0219d8fb520b/execute/sync - {"script":"<script> [8489 bytes]","args":[{"element-6066-11e4-a52e-4f735466cecf":"f.1920C544C16071EF810842AAA08EA988.d.7FF7DC5FC7E94DC48310FEC75F763D80.e.16771","ELEMENT":"f.1920C544C16071EF810842AAA08EA988.d.7FF7DC5FC7E94DC48310FEC75F763D80.e.16771"}]}
RESULT: {"script":"<script> [8489 bytes]","args":[{"element-6066-11e4-a52e-4f735466cecf":"f.1920C544C16071EF810842AAA08EA988.d.7FF7DC5FC7E94DC48310FEC75F763D80.e.16771","ELEMENT":"f.1920C544C16071EF810842AAA08EA988.d.7FF7DC5FC7E94DC48310FEC75F763D80.e.16771"}]}
COMMAND: GET /session/2eb25f1cbe9612d735ab0219d8fb520b/screenshot - {}
RESULT: {}
COMMAND: POST /session/2eb25f1cbe9612d735ab0219d8fb520b/execute/sync - {"script":"<script> [8489 bytes]","args":[{"element-6066-11e4-a52e-4f735466cecf":"f.1920C544C16071EF810842AAA08EA988.d.7FF7DC5FC7E94DC48310FEC75F763D80.e.16771","ELEMENT":"f.1920C544C16071EF810842AAA08EA988.d.7FF7DC5FC7E94DC48310FEC75F763D80.e.16771"}]}
RESULT: {"script":"<script> [8489 bytes]","args":[{"element-6066-11e4-a52e-4f735466cecf":"f.1920C544C16071EF810842AAA08EA988.d.7FF7DC5FC7E94DC48310FEC75F763D80.e.16771","ELEMENT":"f.1920C544C16071EF810842AAA08EA988.d.7FF7DC5FC7E94DC48310FEC75F763D80.e.16771"}]}
COMMAND: GET /session/2eb25f1cbe9612d735ab0219d8fb520b/screenshot - {}
RESULT: {}
COMMAND: POST /session/2eb25f1cbe9612d735ab0219d8fb520b/execute/sync - {"script":"<script> [8489 bytes]","args":[{"element-6066-11e4-a52e-4f735466cecf":"f.1920C544C16071EF810842AAA08EA988.d.7FF7DC5FC7E94DC48310FEC75F763D80.e.16771","ELEMENT":"f.1920C544C16071EF810842AAA08EA988.d.7FF7DC5FC7E94DC48310FEC75F763D80.e.16771"}]}
RESULT: {"script":"<script> [8489 bytes]","args":[{"element-6066-11e4-a52e-4f735466cecf":"f.1920C544C16071EF810842AAA08EA988.d.7FF7DC5FC7E94DC48310FEC75F763D80.e.16771","ELEMENT":"f.1920C544C16071EF810842AAA08EA988.d.7FF7DC5FC7E94DC48310FEC75F763D80.e.16771"}]}
COMMAND: GET /session/2eb25f1cbe9612d735ab0219d8fb520b/screenshot - {}
RESULT: {}
COMMAND: POST /session/2eb25f1cbe9612d735ab0219d8fb520b/execute/sync - {"script":"<script> [8489 bytes]","args":[{"element-6066-11e4-a52e-4f735466cecf":"f.1920C544C16071EF810842AAA08EA988.d.7FF7DC5FC7E94DC48310FEC75F763D80.e.16771","ELEMENT":"f.1920C544C16071EF810842AAA08EA988.d.7FF7DC5FC7E94DC48310FEC75F763D80.e.16771"}]}
RESULT: {"script":"<script> [8489 bytes]","args":[{"element-6066-11e4-a52e-4f735466cecf":"f.1920C544C16071EF810842AAA08EA988.d.7FF7DC5FC7E94DC48310FEC75F763D80.e.16771","ELEMENT":"f.1920C544C16071EF810842AAA08EA988.d.7FF7DC5FC7E94DC48310FEC75F763D80.e.16771"}]}
COMMAND: GET /session/2eb25f1cbe9612d735ab0219d8fb520b/screenshot - {}
RESULT: {}
COMMAND: POST /session/2eb25f1cbe9612d735ab0219d8fb520b/execute/sync - {"script":"<script> [8489 bytes]","args":[{"element-6066-11e4-a52e-4f735466cecf":"f.1920C544C16071EF810842AAA08EA988.d.7FF7DC5FC7E94DC48310FEC75F763D80.e.16771","ELEMENT":"f.1920C544C16071EF810842AAA08EA988.d.7FF7DC5FC7E94DC48310FEC75F763D80.e.16771"}]}
RESULT: {"script":"<script> [8489 bytes]","args":[{"element-6066-11e4-a52e-4f735466cecf":"f.1920C544C16071EF810842AAA08EA988.d.7FF7DC5FC7E94DC48310FEC75F763D80.e.16771","ELEMENT":"f.1920C544C16071EF810842AAA08EA988.d.7FF7DC5FC7E94DC48310FEC75F763D80.e.16771"}]}
COMMAND: GET /session/2eb25f1cbe9612d735ab0219d8fb520b/screenshot - {}
RESULT: {}
COMMAND: POST /session/2eb25f1cbe9612d735ab0219d8fb520b/execute/sync - {"script":"<script> [8489 bytes]","args":[{"element-6066-11e4-a52e-4f735466cecf":"f.1920C544C16071EF810842AAA08EA988.d.7FF7DC5FC7E94DC48310FEC75F763D80.e.16771","ELEMENT":"f.1920C544C16071EF810842AAA08EA988.d.7FF7DC5FC7E94DC48310FEC75F763D80.e.16771"}]}
RESULT: {"script":"<script> [8489 bytes]","args":[{"element-6066-11e4-a52e-4f735466cecf":"f.1920C544C16071EF810842AAA08EA988.d.7FF7DC5FC7E94DC48310FEC75F763D80.e.16771","ELEMENT":"f.1920C544C16071EF810842AAA08EA988.d.7FF7DC5FC7E94DC48310FEC75F763D80.e.16771"}]}
COMMAND: GET /session/2eb25f1cbe9612d735ab0219d8fb520b/screenshot - {}
RESULT: {}
COMMAND: POST /session/2eb25f1cbe9612d735ab0219d8fb520b/execute/sync - {"script":"<script> [8489 bytes]","args":[{"element-6066-11e4-a52e-4f735466cecf":"f.1920C544C16071EF810842AAA08EA988.d.7FF7DC5FC7E94DC48310FEC75F763D80.e.16771","ELEMENT":"f.1920C544C16071EF810842AAA08EA988.d.7FF7DC5FC7E94DC48310FEC75F763D80.e.16771"}]}
RESULT: {"script":"<script> [8489 bytes]","args":[{"element-6066-11e4-a52e-4f735466cecf":"f.1920C544C16071EF810842AAA08EA988.d.7FF7DC5FC7E94DC48310FEC75F763D80.e.16771","ELEMENT":"f.1920C544C16071EF810842AAA08EA988.d.7FF7DC5FC7E94DC48310FEC75F763D80.e.16771"}]}
COMMAND: GET /session/2eb25f1cbe9612d735ab0219d8fb520b/screenshot - {}
RESULT: {}
COMMAND: POST /session/2eb25f1cbe9612d735ab0219d8fb520b/execute/sync - {"script":"<script> [8489 bytes]","args":[{"element-6066-11e4-a52e-4f735466cecf":"f.1920C544C16071EF810842AAA08EA988.d.7FF7DC5FC7E94DC48310FEC75F763D80.e.16771","ELEMENT":"f.1920C544C16071EF810842AAA08EA988.d.7FF7DC5FC7E94DC48310FEC75F763D80.e.16771"}]}
RESULT: {"script":"<script> [8489 bytes]","args":[{"element-6066-11e4-a52e-4f735466cecf":"f.1920C544C16071EF810842AAA08EA988.d.7FF7DC5FC7E94DC48310FEC75F763D80.e.16771","ELEMENT":"f.1920C544C16071EF810842AAA08EA988.d.7FF7DC5FC7E94DC48310FEC75F763D80.e.16771"}]}
COMMAND: GET /session/2eb25f1cbe9612d735ab0219d8fb520b/screenshot - {}
RESULT: {}
COMMAND: POST /session/2eb25f1cbe9612d735ab0219d8fb520b/execute/sync - {"script":"<script> [8489 bytes]","args":[{"element-6066-11e4-a52e-4f735466cecf":"f.1920C544C16071EF810842AAA08EA988.d.7FF7DC5FC7E94DC48310FEC75F763D80.e.16771","ELEMENT":"f.1920C544C16071EF810842AAA08EA988.d.7FF7DC5FC7E94DC48310FEC75F763D80.e.16771"}]}
RESULT: {"script":"<script> [8489 bytes]","args":[{"element-6066-11e4-a52e-4f735466cecf":"f.1920C544C16071EF810842AAA08EA988.d.7FF7DC5FC7E94DC48310FEC75F763D80.e.16771","ELEMENT":"f.1920C544C16071EF810842AAA08EA988.d.7FF7DC5FC7E94DC48310FEC75F763D80.e.16771"}]}
COMMAND: GET /session/2eb25f1cbe9612d735ab0219d8fb520b/screenshot - {}
RESULT: {}
COMMAND: POST /session/2eb25f1cbe9612d735ab0219d8fb520b/execute/sync - {"script":"<script> [8489 bytes]","args":[{"element-6066-11e4-a52e-4f735466cecf":"f.1920C544C16071EF810842AAA08EA988.d.7FF7DC5FC7E94DC48310FEC75F763D80.e.16771","ELEMENT":"f.1920C544C16071EF810842AAA08EA988.d.7FF7DC5FC7E94DC48310FEC75F763D80.e.16771"}]}
RESULT: {"script":"<script> [8489 bytes]","args":[{"element-6066-11e4-a52e-4f735466cecf":"f.1920C544C16071EF810842AAA08EA988.d.7FF7DC5FC7E94DC48310FEC75F763D80.e.16771","ELEMENT":"f.1920C544C16071EF810842AAA08EA988.d.7FF7DC5FC7E94DC48310FEC75F763D80.e.16771"}]}
COMMAND: GET /session/2eb25f1cbe9612d735ab0219d8fb520b/screenshot - {}
RESULT: {}
COMMAND: POST /session/2eb25f1cbe9612d735ab0219d8fb520b/execute/sync - {"script":"<script> [8489 bytes]","args":[{"element-6066-11e4-a52e-4f735466cecf":"f.1920C544C16071EF810842AAA08EA988.d.7FF7DC5FC7E94DC48310FEC75F763D80.e.16771","ELEMENT":"f.1920C544C16071EF810842AAA08EA988.d.7FF7DC5FC7E94DC48310FEC75F763D80.e.16771"}]}
RESULT: {"script":"<script> [8489 bytes]","args":[{"element-6066-11e4-a52e-4f735466cecf":"f.1920C544C16071EF810842AAA08EA988.d.7FF7DC5FC7E94DC48310FEC75F763D80.e.16771","ELEMENT":"f.1920C544C16071EF810842AAA08EA988.d.7FF7DC5FC7E94DC48310FEC75F763D80.e.16771"}]}
COMMAND: GET /session/2eb25f1cbe9612d735ab0219d8fb520b/screenshot - {}
RESULT: {}
COMMAND: POST /session/2eb25f1cbe9612d735ab0219d8fb520b/execute/sync - {"script":"<script> [8489 bytes]","args":[{"element-6066-11e4-a52e-4f735466cecf":"f.1920C544C16071EF810842AAA08EA988.d.7FF7DC5FC7E94DC48310FEC75F763D80.e.16771","ELEMENT":"f.1920C544C16071EF810842AAA08EA988.d.7FF7DC5FC7E94DC48310FEC75F763D80.e.16771"}]}
RESULT: {"script":"<script> [8489 bytes]","args":[{"element-6066-11e4-a52e-4f735466cecf":"f.1920C544C16071EF810842AAA08EA988.d.7FF7DC5FC7E94DC48310FEC75F763D80.e.16771","ELEMENT":"f.1920C544C16071EF810842AAA08EA988.d.7FF7DC5FC7E94DC48310FEC75F763D80.e.16771"}]}
COMMAND: GET /session/2eb25f1cbe9612d735ab0219d8fb520b/screenshot - {}
RESULT: {}
COMMAND: POST /session/2eb25f1cbe9612d735ab0219d8fb520b/execute/sync - {"script":"<script> [8489 bytes]","args":[{"element-6066-11e4-a52e-4f735466cecf":"f.1920C544C16071EF810842AAA08EA988.d.7FF7DC5FC7E94DC48310FEC75F763D80.e.16771","ELEMENT":"f.1920C544C16071EF810842AAA08EA988.d.7FF7DC5FC7E94DC48310FEC75F763D80.e.16771"}]}
RESULT: {"script":"<script> [8489 bytes]","args":[{"element-6066-11e4-a52e-4f735466cecf":"f.1920C544C16071EF810842AAA08EA988.d.7FF7DC5FC7E94DC48310FEC75F763D80.e.16771","ELEMENT":"f.1920C544C16071EF810842AAA08EA988.d.7FF7DC5FC7E94DC48310FEC75F763D80.e.16771"}]}
COMMAND: GET /session/2eb25f1cbe9612d735ab0219d8fb520b/screenshot - {}
COMMAND: POST /session/2eb25f1cbe9612d735ab0219d8fb520b/execute/sync - {"script":"<script> [8489 bytes]","args":[{"element-6066-11e4-a52e-4f735466cecf":"f.1920C544C16071EF810842AAA08EA988.d.7FF7DC5FC7E94DC48310FEC75F763D80.e.16771","ELEMENT":"f.1920C544C16071EF810842AAA08EA988.d.7FF7DC5FC7E94DC48310FEC75F763D80.e.16771"}]}
RESULT: {}
RESULT: {"script":"<script> [8489 bytes]","args":[{"element-6066-11e4-a52e-4f735466cecf":"f.1920C544C16071EF810842AAA08EA988.d.7FF7DC5FC7E94DC48310FEC75F763D80.e.16771","ELEMENT":"f.1920C544C16071EF810842AAA08EA988.d.7FF7DC5FC7E94DC48310FEC75F763D80.e.16771"}]}
COMMAND: GET /session/2eb25f1cbe9612d735ab0219d8fb520b/screenshot - {}
COMMAND: POST /session/2eb25f1cbe9612d735ab0219d8fb520b/execute/sync - {"script":"<script> [8489 bytes]","args":[{"element-6066-11e4-a52e-4f735466cecf":"f.1920C544C16071EF810842AAA08EA988.d.7FF7DC5FC7E94DC48310FEC75F763D80.e.16771","ELEMENT":"f.1920C544C16071EF810842AAA08EA988.d.7FF7DC5FC7E94DC48310FEC75F763D80.e.16771"}]}
RESULT: {}
RESULT: {"script":"<script> [8489 bytes]","args":[{"element-6066-11e4-a52e-4f735466cecf":"f.1920C544C16071EF810842AAA08EA988.d.7FF7DC5FC7E94DC48310FEC75F763D80.e.16771","ELEMENT":"f.1920C544C16071EF810842AAA08EA988.d.7FF7DC5FC7E94DC48310FEC75F763D80.e.16771"}]}
COMMAND: GET /session/2eb25f1cbe9612d735ab0219d8fb520b/screenshot - {}
RESULT: {}
COMMAND: POST /session/2eb25f1cbe9612d735ab0219d8fb520b/execute/sync - {"script":"<script> [8489 bytes]","args":[{"element-6066-11e4-a52e-4f735466cecf":"f.1920C544C16071EF810842AAA08EA988.d.7FF7DC5FC7E94DC48310FEC75F763D80.e.16771","ELEMENT":"f.1920C544C16071EF810842AAA08EA988.d.7FF7DC5FC7E94DC48310FEC75F763D80.e.16771"}]}
RESULT: {"script":"<script> [8489 bytes]","args":[{"element-6066-11e4-a52e-4f735466cecf":"f.1920C544C16071EF810842AAA08EA988.d.7FF7DC5FC7E94DC48310FEC75F763D80.e.16771","ELEMENT":"f.1920C544C16071EF810842AAA08EA988.d.7FF7DC5FC7E94DC48310FEC75F763D80.e.16771"}]}
COMMAND: GET /session/2eb25f1cbe9612d735ab0219d8fb520b/screenshot - {}
RESULT: {}
COMMAND: POST /session/2eb25f1cbe9612d735ab0219d8fb520b/execute/sync - {"script":"<script> [8489 bytes]","args":[{"element-6066-11e4-a52e-4f735466cecf":"f.1920C544C16071EF810842AAA08EA988.d.7FF7DC5FC7E94DC48310FEC75F763D80.e.16771","ELEMENT":"f.1920C544C16071EF810842AAA08EA988.d.7FF7DC5FC7E94DC48310FEC75F763D80.e.16771"}]}
RESULT: {"script":"<script> [8489 bytes]","args":[{"element-6066-11e4-a52e-4f735466cecf":"f.1920C544C16071EF810842AAA08EA988.d.7FF7DC5FC7E94DC48310FEC75F763D80.e.16771","ELEMENT":"f.1920C544C16071EF810842AAA08EA988.d.7FF7DC5FC7E94DC48310FEC75F763D80.e.16771"}]}
COMMAND: GET /session/2eb25f1cbe9612d735ab0219d8fb520b/screenshot - {}
RESULT: {}
COMMAND: POST /session/2eb25f1cbe9612d735ab0219d8fb520b/execute/sync - {"script":"<script> [8489 bytes]","args":[{"element-6066-11e4-a52e-4f735466cecf":"f.1920C544C16071EF810842AAA08EA988.d.7FF7DC5FC7E94DC48310FEC75F763D80.e.16771","ELEMENT":"f.1920C544C16071EF810842AAA08EA988.d.7FF7DC5FC7E94DC48310FEC75F763D80.e.16771"}]}
RESULT: {"script":"<script> [8489 bytes]","args":[{"element-6066-11e4-a52e-4f735466cecf":"f.1920C544C16071EF810842AAA08EA988.d.7FF7DC5FC7E94DC48310FEC75F763D80.e.16771","ELEMENT":"f.1920C544C16071EF810842AAA08EA988.d.7FF7DC5FC7E94DC48310FEC75F763D80.e.16771"}]}
COMMAND: GET /session/2eb25f1cbe9612d735ab0219d8fb520b/screenshot - {}
RESULT: {}
COMMAND: POST /session/2eb25f1cbe9612d735ab0219d8fb520b/execute/sync - {"script":"<script> [8489 bytes]","args":[{"element-6066-11e4-a52e-4f735466cecf":"f.1920C544C16071EF810842AAA08EA988.d.7FF7DC5FC7E94DC48310FEC75F763D80.e.16771","ELEMENT":"f.1920C544C16071EF810842AAA08EA988.d.7FF7DC5FC7E94DC48310FEC75F763D80.e.16771"}]}
RESULT: {"script":"<script> [8489 bytes]","args":[{"element-6066-11e4-a52e-4f735466cecf":"f.1920C544C16071EF810842AAA08EA988.d.7FF7DC5FC7E94DC48310FEC75F763D80.e.16771","ELEMENT":"f.1920C544C16071EF810842AAA08EA988.d.7FF7DC5FC7E94DC48310FEC75F763D80.e.16771"}]}
COMMAND: GET /session/2eb25f1cbe9612d735ab0219d8fb520b/screenshot - {}
RESULT: {}
COMMAND: POST /session/2eb25f1cbe9612d735ab0219d8fb520b/execute/sync - {"script":"<script> [8489 bytes]","args":[{"element-6066-11e4-a52e-4f735466cecf":"f.1920C544C16071EF810842AAA08EA988.d.7FF7DC5FC7E94DC48310FEC75F763D80.e.16771","ELEMENT":"f.1920C544C16071EF810842AAA08EA988.d.7FF7DC5FC7E94DC48310FEC75F763D80.e.16771"}]}
RESULT: {"script":"<script> [8489 bytes]","args":[{"element-6066-11e4-a52e-4f735466cecf":"f.1920C544C16071EF810842AAA08EA988.d.7FF7DC5FC7E94DC48310FEC75F763D80.e.16771","ELEMENT":"f.1920C544C16071EF810842AAA08EA988.d.7FF7DC5FC7E94DC48310FEC75F763D80.e.16771"}]}
COMMAND: GET /session/2eb25f1cbe9612d735ab0219d8fb520b/screenshot - {}
RESULT: {}
COMMAND: POST /session/2eb25f1cbe9612d735ab0219d8fb520b/execute/sync - {"script":"<script> [8489 bytes]","args":[{"element-6066-11e4-a52e-4f735466cecf":"f.1920C544C16071EF810842AAA08EA988.d.7FF7DC5FC7E94DC48310FEC75F763D80.e.16771","ELEMENT":"f.1920C544C16071EF810842AAA08EA988.d.7FF7DC5FC7E94DC48310FEC75F763D80.e.16771"}]}
RESULT: {"script":"<script> [8489 bytes]","args":[{"element-6066-11e4-a52e-4f735466cecf":"f.1920C544C16071EF810842AAA08EA988.d.7FF7DC5FC7E94DC48310FEC75F763D80.e.16771","ELEMENT":"f.1920C544C16071EF810842AAA08EA988.d.7FF7DC5FC7E94DC48310FEC75F763D80.e.16771"}]}
COMMAND: GET /session/2eb25f1cbe9612d735ab0219d8fb520b/screenshot - {}
RESULT: {}
COMMAND: POST /session/2eb25f1cbe9612d735ab0219d8fb520b/execute/sync - {"script":"<script> [8489 bytes]","args":[{"element-6066-11e4-a52e-4f735466cecf":"f.1920C544C16071EF810842AAA08EA988.d.7FF7DC5FC7E94DC48310FEC75F763D80.e.16771","ELEMENT":"f.1920C544C16071EF810842AAA08EA988.d.7FF7DC5FC7E94DC48310FEC75F763D80.e.16771"}]}
RESULT: {"script":"<script> [8489 bytes]","args":[{"element-6066-11e4-a52e-4f735466cecf":"f.1920C544C16071EF810842AAA08EA988.d.7FF7DC5FC7E94DC48310FEC75F763D80.e.16771","ELEMENT":"f.1920C544C16071EF810842AAA08EA988.d.7FF7DC5FC7E94DC48310FEC75F763D80.e.16771"}]}
COMMAND: GET /session/2eb25f1cbe9612d735ab0219d8fb520b/screenshot - {}
RESULT: {}
COMMAND: POST /session/2eb25f1cbe9612d735ab0219d8fb520b/execute/sync - {"script":"<script> [8489 bytes]","args":[{"element-6066-11e4-a52e-4f735466cecf":"f.1920C544C16071EF810842AAA08EA988.d.7FF7DC5FC7E94DC48310FEC75F763D80.e.16771","ELEMENT":"f.1920C544C16071EF810842AAA08EA988.d.7FF7DC5FC7E94DC48310FEC75F763D80.e.16771"}]}
RESULT: {"script":"<script> [8489 bytes]","args":[{"element-6066-11e4-a52e-4f735466cecf":"f.1920C544C16071EF810842AAA08EA988.d.7FF7DC5FC7E94DC48310FEC75F763D80.e.16771","ELEMENT":"f.1920C544C16071EF810842AAA08EA988.d.7FF7DC5FC7E94DC48310FEC75F763D80.e.16771"}]}
COMMAND: GET /session/2eb25f1cbe9612d735ab0219d8fb520b/screenshot - {}
RESULT: {}
COMMAND: POST /session/2eb25f1cbe9612d735ab0219d8fb520b/execute/sync - {"script":"<script> [8489 bytes]","args":[{"element-6066-11e4-a52e-4f735466cecf":"f.1920C544C16071EF810842AAA08EA988.d.7FF7DC5FC7E94DC48310FEC75F763D80.e.16771","ELEMENT":"f.1920C544C16071EF810842AAA08EA988.d.7FF7DC5FC7E94DC48310FEC75F763D80.e.16771"}]}
RESULT: {"script":"<script> [8489 bytes]","args":[{"element-6066-11e4-a52e-4f735466cecf":"f.1920C544C16071EF810842AAA08EA988.d.7FF7DC5FC7E94DC48310FEC75F763D80.e.16771","ELEMENT":"f.1920C544C16071EF810842AAA08EA988.d.7FF7DC5FC7E94DC48310FEC75F763D80.e.16771"}]}
COMMAND: GET /session/2eb25f1cbe9612d735ab0219d8fb520b/screenshot - {}
RESULT: {}
COMMAND: POST /session/2eb25f1cbe9612d735ab0219d8fb520b/execute/sync - {"script":"<script> [8489 bytes]","args":[{"element-6066-11e4-a52e-4f735466cecf":"f.1920C544C16071EF810842AAA08EA988.d.7FF7DC5FC7E94DC48310FEC75F763D80.e.16771","ELEMENT":"f.1920C544C16071EF810842AAA08EA988.d.7FF7DC5FC7E94DC48310FEC75F763D80.e.16771"}]}
RESULT: {"script":"<script> [8489 bytes]","args":[{"element-6066-11e4-a52e-4f735466cecf":"f.1920C544C16071EF810842AAA08EA988.d.7FF7DC5FC7E94DC48310FEC75F763D80.e.16771","ELEMENT":"f.1920C544C16071EF810842AAA08EA988.d.7FF7DC5FC7E94DC48310FEC75F763D80.e.16771"}]}
COMMAND: GET /session/2eb25f1cbe9612d735ab0219d8fb520b/screenshot - {}
RESULT: {}
COMMAND: POST /session/2eb25f1cbe9612d735ab0219d8fb520b/execute/sync - {"script":"<script> [8489 bytes]","args":[{"element-6066-11e4-a52e-4f735466cecf":"f.1920C544C16071EF810842AAA08EA988.d.7FF7DC5FC7E94DC48310FEC75F763D80.e.16771","ELEMENT":"f.1920C544C16071EF810842AAA08EA988.d.7FF7DC5FC7E94DC48310FEC75F763D80.e.16771"}]}
RESULT: {"script":"<script> [8489 bytes]","args":[{"element-6066-11e4-a52e-4f735466cecf":"f.1920C544C16071EF810842AAA08EA988.d.7FF7DC5FC7E94DC48310FEC75F763D80.e.16771","ELEMENT":"f.1920C544C16071EF810842AAA08EA988.d.7FF7DC5FC7E94DC48310FEC75F763D80.e.16771"}]}
COMMAND: GET /session/2eb25f1cbe9612d735ab0219d8fb520b/screenshot - {}
RESULT: {}
COMMAND: POST /session/2eb25f1cbe9612d735ab0219d8fb520b/execute/sync - {"script":"<script> [8489 bytes]","args":[{"element-6066-11e4-a52e-4f735466cecf":"f.1920C544C16071EF810842AAA08EA988.d.7FF7DC5FC7E94DC48310FEC75F763D80.e.16771","ELEMENT":"f.1920C544C16071EF810842AAA08EA988.d.7FF7DC5FC7E94DC48310FEC75F763D80.e.16771"}]}
RESULT: {"script":"<script> [8489 bytes]","args":[{"element-6066-11e4-a52e-4f735466cecf":"f.1920C544C16071EF810842AAA08EA988.d.7FF7DC5FC7E94DC48310FEC75F763D80.e.16771","ELEMENT":"f.1920C544C16071EF810842AAA08EA988.d.7FF7DC5FC7E94DC48310FEC75F763D80.e.16771"}]}
COMMAND: GET /session/2eb25f1cbe9612d735ab0219d8fb520b/screenshot - {}
RESULT: {}
COMMAND: POST /session/2eb25f1cbe9612d735ab0219d8fb520b/execute/sync - {"script":"<script> [8489 bytes]","args":[{"element-6066-11e4-a52e-4f735466cecf":"f.1920C544C16071EF810842AAA08EA988.d.7FF7DC5FC7E94DC48310FEC75F763D80.e.16771","ELEMENT":"f.1920C544C16071EF810842AAA08EA988.d.7FF7DC5FC7E94DC48310FEC75F763D80.e.16771"}]}
RESULT: {"script":"<script> [8489 bytes]","args":[{"element-6066-11e4-a52e-4f735466cecf":"f.1920C544C16071EF810842AAA08EA988.d.7FF7DC5FC7E94DC48310FEC75F763D80.e.16771","ELEMENT":"f.1920C544C16071EF810842AAA08EA988.d.7FF7DC5FC7E94DC48310FEC75F763D80.e.16771"}]}
COMMAND: GET /session/2eb25f1cbe9612d735ab0219d8fb520b/screenshot - {}
RESULT: {}
COMMAND: POST /session/2eb25f1cbe9612d735ab0219d8fb520b/execute/sync - {"script":"<script> [8489 bytes]","args":[{"element-6066-11e4-a52e-4f735466cecf":"f.1920C544C16071EF810842AAA08EA988.d.7FF7DC5FC7E94DC48310FEC75F763D80.e.16771","ELEMENT":"f.1920C544C16071EF810842AAA08EA988.d.7FF7DC5FC7E94DC48310FEC75F763D80.e.16771"}]}
RESULT: {"script":"<script> [8489 bytes]","args":[{"element-6066-11e4-a52e-4f735466cecf":"f.1920C544C16071EF810842AAA08EA988.d.7FF7DC5FC7E94DC48310FEC75F763D80.e.16771","ELEMENT":"f.1920C544C16071EF810842AAA08EA988.d.7FF7DC5FC7E94DC48310FEC75F763D80.e.16771"}]}
COMMAND: GET /session/2eb25f1cbe9612d735ab0219d8fb520b/screenshot - {}
RESULT: {}
COMMAND: POST /session/2eb25f1cbe9612d735ab0219d8fb520b/execute/sync - {"script":"<script> [8489 bytes]","args":[{"element-6066-11e4-a52e-4f735466cecf":"f.1920C544C16071EF810842AAA08EA988.d.7FF7DC5FC7E94DC48310FEC75F763D80.e.16771","ELEMENT":"f.1920C544C16071EF810842AAA08EA988.d.7FF7DC5FC7E94DC48310FEC75F763D80.e.16771"}]}
RESULT: {"script":"<script> [8489 bytes]","args":[{"element-6066-11e4-a52e-4f735466cecf":"f.1920C544C16071EF810842AAA08EA988.d.7FF7DC5FC7E94DC48310FEC75F763D80.e.16771","ELEMENT":"f.1920C544C16071EF810842AAA08EA988.d.7FF7DC5FC7E94DC48310FEC75F763D80.e.16771"}]}
COMMAND: GET /session/2eb25f1cbe9612d735ab0219d8fb520b/screenshot - {}
COMMAND: POST /session/2eb25f1cbe9612d735ab0219d8fb520b/execute/sync - {"script":"<script> [8489 bytes]","args":[{"element-6066-11e4-a52e-4f735466cecf":"f.1920C544C16071EF810842AAA08EA988.d.7FF7DC5FC7E94DC48310FEC75F763D80.e.16771","ELEMENT":"f.1920C544C16071EF810842AAA08EA988.d.7FF7DC5FC7E94DC48310FEC75F763D80.e.16771"}]}
RESULT: {}
RESULT: {"script":"<script> [8489 bytes]","args":[{"element-6066-11e4-a52e-4f735466cecf":"f.1920C544C16071EF810842AAA08EA988.d.7FF7DC5FC7E94DC48310FEC75F763D80.e.16771","ELEMENT":"f.1920C544C16071EF810842AAA08EA988.d.7FF7DC5FC7E94DC48310FEC75F763D80.e.16771"}]}
COMMAND: GET /session/2eb25f1cbe9612d735ab0219d8fb520b/screenshot - {}
RESULT: {}
COMMAND: POST /session/2eb25f1cbe9612d735ab0219d8fb520b/execute/sync - {"script":"<script> [8489 bytes]","args":[{"element-6066-11e4-a52e-4f735466cecf":"f.1920C544C16071EF810842AAA08EA988.d.7FF7DC5FC7E94DC48310FEC75F763D80.e.16771","ELEMENT":"f.1920C544C16071EF810842AAA08EA988.d.7FF7DC5FC7E94DC48310FEC75F763D80.e.16771"}]}
RESULT: {"script":"<script> [8489 bytes]","args":[{"element-6066-11e4-a52e-4f735466cecf":"f.1920C544C16071EF810842AAA08EA988.d.7FF7DC5FC7E94DC48310FEC75F763D80.e.16771","ELEMENT":"f.1920C544C16071EF810842AAA08EA988.d.7FF7DC5FC7E94DC48310FEC75F763D80.e.16771"}]}
COMMAND: GET /session/2eb25f1cbe9612d735ab0219d8fb520b/screenshot - {}
COMMAND: POST /session/2eb25f1cbe9612d735ab0219d8fb520b/execute/sync - {"script":"<script> [8489 bytes]","args":[{"element-6066-11e4-a52e-4f735466cecf":"f.1920C544C16071EF810842AAA08EA988.d.7FF7DC5FC7E94DC48310FEC75F763D80.e.16771","ELEMENT":"f.1920C544C16071EF810842AAA08EA988.d.7FF7DC5FC7E94DC48310FEC75F763D80.e.16771"}]}
RESULT: {}
RESULT: {"script":"<script> [8489 bytes]","args":[{"element-6066-11e4-a52e-4f735466cecf":"f.1920C544C16071EF810842AAA08EA988.d.7FF7DC5FC7E94DC48310FEC75F763D80.e.16771","ELEMENT":"f.1920C544C16071EF810842AAA08EA988.d.7FF7DC5FC7E94DC48310FEC75F763D80.e.16771"}]}
COMMAND: GET /session/2eb25f1cbe9612d735ab0219d8fb520b/screenshot - {}
RESULT: {}
COMMAND: POST /session/2eb25f1cbe9612d735ab0219d8fb520b/execute/sync - {"script":"<script> [8489 bytes]","args":[{"element-6066-11e4-a52e-4f735466cecf":"f.1920C544C16071EF810842AAA08EA988.d.7FF7DC5FC7E94DC48310FEC75F763D80.e.16771","ELEMENT":"f.1920C544C16071EF810842AAA08EA988.d.7FF7DC5FC7E94DC48310FEC75F763D80.e.16771"}]}
RESULT: {"script":"<script> [8489 bytes]","args":[{"element-6066-11e4-a52e-4f735466cecf":"f.1920C544C16071EF810842AAA08EA988.d.7FF7DC5FC7E94DC48310FEC75F763D80.e.16771","ELEMENT":"f.1920C544C16071EF810842AAA08EA988.d.7FF7DC5FC7E94DC48310FEC75F763D80.e.16771"}]}
COMMAND: GET /session/2eb25f1cbe9612d735ab0219d8fb520b/screenshot - {}
RESULT: {}
COMMAND: POST /session/2eb25f1cbe9612d735ab0219d8fb520b/execute/sync - {"script":"<script> [8489 bytes]","args":[{"element-6066-11e4-a52e-4f735466cecf":"f.1920C544C16071EF810842AAA08EA988.d.7FF7DC5FC7E94DC48310FEC75F763D80.e.16771","ELEMENT":"f.1920C544C16071EF810842AAA08EA988.d.7FF7DC5FC7E94DC48310FEC75F763D80.e.16771"}]}
RESULT: {"script":"<script> [8489 bytes]","args":[{"element-6066-11e4-a52e-4f735466cecf":"f.1920C544C16071EF810842AAA08EA988.d.7FF7DC5FC7E94DC48310FEC75F763D80.e.16771","ELEMENT":"f.1920C544C16071EF810842AAA08EA988.d.7FF7DC5FC7E94DC48310FEC75F763D80.e.16771"}]}
COMMAND: GET /session/2eb25f1cbe9612d735ab0219d8fb520b/screenshot - {}
RESULT: {}
COMMAND: POST /session/2eb25f1cbe9612d735ab0219d8fb520b/execute/sync - {"script":"<script> [8489 bytes]","args":[{"element-6066-11e4-a52e-4f735466cecf":"f.1920C544C16071EF810842AAA08EA988.d.7FF7DC5FC7E94DC48310FEC75F763D80.e.16771","ELEMENT":"f.1920C544C16071EF810842AAA08EA988.d.7FF7DC5FC7E94DC48310FEC75F763D80.e.16771"}]}
RESULT: {"script":"<script> [8489 bytes]","args":[{"element-6066-11e4-a52e-4f735466cecf":"f.1920C544C16071EF810842AAA08EA988.d.7FF7DC5FC7E94DC48310FEC75F763D80.e.16771","ELEMENT":"f.1920C544C16071EF810842AAA08EA988.d.7FF7DC5FC7E94DC48310FEC75F763D80.e.16771"}]}
COMMAND: GET /session/2eb25f1cbe9612d735ab0219d8fb520b/screenshot - {}
RESULT: {}
COMMAND: POST /session/2eb25f1cbe9612d735ab0219d8fb520b/execute/sync - {"script":"<script> [8489 bytes]","args":[{"element-6066-11e4-a52e-4f735466cecf":"f.1920C544C16071EF810842AAA08EA988.d.7FF7DC5FC7E94DC48310FEC75F763D80.e.16771","ELEMENT":"f.1920C544C16071EF810842AAA08EA988.d.7FF7DC5FC7E94DC48310FEC75F763D80.e.16771"}]}
RESULT: {"script":"<script> [8489 bytes]","args":[{"element-6066-11e4-a52e-4f735466cecf":"f.1920C544C16071EF810842AAA08EA988.d.7FF7DC5FC7E94DC48310FEC75F763D80.e.16771","ELEMENT":"f.1920C544C16071EF810842AAA08EA988.d.7FF7DC5FC7E94DC48310FEC75F763D80.e.16771"}]}
COMMAND: GET /session/2eb25f1cbe9612d735ab0219d8fb520b/screenshot - {}
RESULT: {}
COMMAND: POST /session/2eb25f1cbe9612d735ab0219d8fb520b/execute/sync - {"script":"<script> [8489 bytes]","args":[{"element-6066-11e4-a52e-4f735466cecf":"f.1920C544C16071EF810842AAA08EA988.d.7FF7DC5FC7E94DC48310FEC75F763D80.e.16771","ELEMENT":"f.1920C544C16071EF810842AAA08EA988.d.7FF7DC5FC7E94DC48310FEC75F763D80.e.16771"}]}
RESULT: {"script":"<script> [8489 bytes]","args":[{"element-6066-11e4-a52e-4f735466cecf":"f.1920C544C16071EF810842AAA08EA988.d.7FF7DC5FC7E94DC48310FEC75F763D80.e.16771","ELEMENT":"f.1920C544C16071EF810842AAA08EA988.d.7FF7DC5FC7E94DC48310FEC75F763D80.e.16771"}]}
COMMAND: GET /session/2eb25f1cbe9612d735ab0219d8fb520b/screenshot - {}
COMMAND: POST /session/2eb25f1cbe9612d735ab0219d8fb520b/execute/sync - {"script":"<script> [8489 bytes]","args":[{"element-6066-11e4-a52e-4f735466cecf":"f.1920C544C16071EF810842AAA08EA988.d.7FF7DC5FC7E94DC48310FEC75F763D80.e.16771","ELEMENT":"f.1920C544C16071EF810842AAA08EA988.d.7FF7DC5FC7E94DC48310FEC75F763D80.e.16771"}]}
RESULT: {}
RESULT: {"script":"<script> [8489 bytes]","args":[{"element-6066-11e4-a52e-4f735466cecf":"f.1920C544C16071EF810842AAA08EA988.d.7FF7DC5FC7E94DC48310FEC75F763D80.e.16771","ELEMENT":"f.1920C544C16071EF810842AAA08EA988.d.7FF7DC5FC7E94DC48310FEC75F763D80.e.16771"}]}
COMMAND: GET /session/2eb25f1cbe9612d735ab0219d8fb520b/screenshot - {}
COMMAND: POST /session/2eb25f1cbe9612d735ab0219d8fb520b/execute/sync - {"script":"<script> [8489 bytes]","args":[{"element-6066-11e4-a52e-4f735466cecf":"f.1920C544C16071EF810842AAA08EA988.d.7FF7DC5FC7E94DC48310FEC75F763D80.e.16771","ELEMENT":"f.1920C544C16071EF810842AAA08EA988.d.7FF7DC5FC7E94DC48310FEC75F763D80.e.16771"}]}
RESULT: {}
RESULT: {"script":"<script> [8489 bytes]","args":[{"element-6066-11e4-a52e-4f735466cecf":"f.1920C544C16071EF810842AAA08EA988.d.7FF7DC5FC7E94DC48310FEC75F763D80.e.16771","ELEMENT":"f.1920C544C16071EF810842AAA08EA988.d.7FF7DC5FC7E94DC48310FEC75F763D80.e.16771"}]}
COMMAND: GET /session/2eb25f1cbe9612d735ab0219d8fb520b/screenshot - {}
RESULT: {}
COMMAND: POST /session/2eb25f1cbe9612d735ab0219d8fb520b/execute/sync - {"script":"<script> [8489 bytes]","args":[{"element-6066-11e4-a52e-4f735466cecf":"f.1920C544C16071EF810842AAA08EA988.d.7FF7DC5FC7E94DC48310FEC75F763D80.e.16771","ELEMENT":"f.1920C544C16071EF810842AAA08EA988.d.7FF7DC5FC7E94DC48310FEC75F763D80.e.16771"}]}
RESULT: {"script":"<script> [8489 bytes]","args":[{"element-6066-11e4-a52e-4f735466cecf":"f.1920C544C16071EF810842AAA08EA988.d.7FF7DC5FC7E94DC48310FEC75F763D80.e.16771","ELEMENT":"f.1920C544C16071EF810842AAA08EA988.d.7FF7DC5FC7E94DC48310FEC75F763D80.e.16771"}]}
COMMAND: GET /session/2eb25f1cbe9612d735ab0219d8fb520b/screenshot - {}
RESULT: {}
COMMAND: POST /session/2eb25f1cbe9612d735ab0219d8fb520b/execute/sync - {"script":"<script> [8489 bytes]","args":[{"element-6066-11e4-a52e-4f735466cecf":"f.1920C544C16071EF810842AAA08EA988.d.7FF7DC5FC7E94DC48310FEC75F763D80.e.16771","ELEMENT":"f.1920C544C16071EF810842AAA08EA988.d.7FF7DC5FC7E94DC48310FEC75F763D80.e.16771"}]}
RESULT: {"script":"<script> [8489 bytes]","args":[{"element-6066-11e4-a52e-4f735466cecf":"f.1920C544C16071EF810842AAA08EA988.d.7FF7DC5FC7E94DC48310FEC75F763D80.e.16771","ELEMENT":"f.1920C544C16071EF810842AAA08EA988.d.7FF7DC5FC7E94DC48310FEC75F763D80.e.16771"}]}
COMMAND: GET /session/2eb25f1cbe9612d735ab0219d8fb520b/screenshot - {}
RESULT: {}
COMMAND: POST /session/2eb25f1cbe9612d735ab0219d8fb520b/execute/sync - {"script":"<script> [8489 bytes]","args":[{"element-6066-11e4-a52e-4f735466cecf":"f.1920C544C16071EF810842AAA08EA988.d.7FF7DC5FC7E94DC48310FEC75F763D80.e.16771","ELEMENT":"f.1920C544C16071EF810842AAA08EA988.d.7FF7DC5FC7E94DC48310FEC75F763D80.e.16771"}]}
RESULT: {"script":"<script> [8489 bytes]","args":[{"element-6066-11e4-a52e-4f735466cecf":"f.1920C544C16071EF810842AAA08EA988.d.7FF7DC5FC7E94DC48310FEC75F763D80.e.16771","ELEMENT":"f.1920C544C16071EF810842AAA08EA988.d.7FF7DC5FC7E94DC48310FEC75F763D80.e.16771"}]}
COMMAND: GET /session/2eb25f1cbe9612d735ab0219d8fb520b/screenshot - {}
RESULT: {}
COMMAND: POST /session/2eb25f1cbe9612d735ab0219d8fb520b/execute/sync - {"script":"<script> [8489 bytes]","args":[{"element-6066-11e4-a52e-4f735466cecf":"f.1920C544C16071EF810842AAA08EA988.d.7FF7DC5FC7E94DC48310FEC75F763D80.e.16771","ELEMENT":"f.1920C544C16071EF810842AAA08EA988.d.7FF7DC5FC7E94DC48310FEC75F763D80.e.16771"}]}
RESULT: {"script":"<script> [8489 bytes]","args":[{"element-6066-11e4-a52e-4f735466cecf":"f.1920C544C16071EF810842AAA08EA988.d.7FF7DC5FC7E94DC48310FEC75F763D80.e.16771","ELEMENT":"f.1920C544C16071EF810842AAA08EA988.d.7FF7DC5FC7E94DC48310FEC75F763D80.e.16771"}]}
COMMAND: GET /session/2eb25f1cbe9612d735ab0219d8fb520b/screenshot - {}
RESULT: {}
COMMAND: POST /session/2eb25f1cbe9612d735ab0219d8fb520b/execute/sync - {"script":"<script> [8489 bytes]","args":[{"element-6066-11e4-a52e-4f735466cecf":"f.1920C544C16071EF810842AAA08EA988.d.7FF7DC5FC7E94DC48310FEC75F763D80.e.16771","ELEMENT":"f.1920C544C16071EF810842AAA08EA988.d.7FF7DC5FC7E94DC48310FEC75F763D80.e.16771"}]}
RESULT: {"script":"<script> [8489 bytes]","args":[{"element-6066-11e4-a52e-4f735466cecf":"f.1920C544C16071EF810842AAA08EA988.d.7FF7DC5FC7E94DC48310FEC75F763D80.e.16771","ELEMENT":"f.1920C544C16071EF810842AAA08EA988.d.7FF7DC5FC7E94DC48310FEC75F763D80.e.16771"}]}
COMMAND: GET /session/2eb25f1cbe9612d735ab0219d8fb520b/screenshot - {}
RESULT: {}
COMMAND: POST /session/2eb25f1cbe9612d735ab0219d8fb520b/execute/sync - {"script":"<script> [8489 bytes]","args":[{"element-6066-11e4-a52e-4f735466cecf":"f.1920C544C16071EF810842AAA08EA988.d.7FF7DC5FC7E94DC48310FEC75F763D80.e.16771","ELEMENT":"f.1920C544C16071EF810842AAA08EA988.d.7FF7DC5FC7E94DC48310FEC75F763D80.e.16771"}]}
RESULT: {"script":"<script> [8489 bytes]","args":[{"element-6066-11e4-a52e-4f735466cecf":"f.1920C544C16071EF810842AAA08EA988.d.7FF7DC5FC7E94DC48310FEC75F763D80.e.16771","ELEMENT":"f.1920C544C16071EF810842AAA08EA988.d.7FF7DC5FC7E94DC48310FEC75F763D80.e.16771"}]}
COMMAND: GET /session/2eb25f1cbe9612d735ab0219d8fb520b/screenshot - {}
RESULT: {}
COMMAND: POST /session/2eb25f1cbe9612d735ab0219d8fb520b/execute/sync - {"script":"<script> [8489 bytes]","args":[{"element-6066-11e4-a52e-4f735466cecf":"f.1920C544C16071EF810842AAA08EA988.d.7FF7DC5FC7E94DC48310FEC75F763D80.e.16771","ELEMENT":"f.1920C544C16071EF810842AAA08EA988.d.7FF7DC5FC7E94DC48310FEC75F763D80.e.16771"}]}
RESULT: {"script":"<script> [8489 bytes]","args":[{"element-6066-11e4-a52e-4f735466cecf":"f.1920C544C16071EF810842AAA08EA988.d.7FF7DC5FC7E94DC48310FEC75F763D80.e.16771","ELEMENT":"f.1920C544C16071EF810842AAA08EA988.d.7FF7DC5FC7E94DC48310FEC75F763D80.e.16771"}]}
COMMAND: GET /session/2eb25f1cbe9612d735ab0219d8fb520b/screenshot - {}
RESULT: {}
COMMAND: POST /session/2eb25f1cbe9612d735ab0219d8fb520b/execute/sync - {"script":"<script> [8489 bytes]","args":[{"element-6066-11e4-a52e-4f735466cecf":"f.1920C544C16071EF810842AAA08EA988.d.7FF7DC5FC7E94DC48310FEC75F763D80.e.16771","ELEMENT":"f.1920C544C16071EF810842AAA08EA988.d.7FF7DC5FC7E94DC48310FEC75F763D80.e.16771"}]}
RESULT: {"script":"<script> [8489 bytes]","args":[{"element-6066-11e4-a52e-4f735466cecf":"f.1920C544C16071EF810842AAA08EA988.d.7FF7DC5FC7E94DC48310FEC75F763D80.e.16771","ELEMENT":"f.1920C544C16071EF810842AAA08EA988.d.7FF7DC5FC7E94DC48310FEC75F763D80.e.16771"}]}
COMMAND: GET /session/2eb25f1cbe9612d735ab0219d8fb520b/screenshot - {}
RESULT: {}
COMMAND: POST /session/2eb25f1cbe9612d735ab0219d8fb520b/execute/sync - {"script":"<script> [8489 bytes]","args":[{"element-6066-11e4-a52e-4f735466cecf":"f.1920C544C16071EF810842AAA08EA988.d.7FF7DC5FC7E94DC48310FEC75F763D80.e.16771","ELEMENT":"f.1920C544C16071EF810842AAA08EA988.d.7FF7DC5FC7E94DC48310FEC75F763D80.e.16771"}]}
RESULT: {"script":"<script> [8489 bytes]","args":[{"element-6066-11e4-a52e-4f735466cecf":"f.1920C544C16071EF810842AAA08EA988.d.7FF7DC5FC7E94DC48310FEC75F763D80.e.16771","ELEMENT":"f.1920C544C16071EF810842AAA08EA988.d.7FF7DC5FC7E94DC48310FEC75F763D80.e.16771"}]}
COMMAND: GET /session/2eb25f1cbe9612d735ab0219d8fb520b/screenshot - {}
RESULT: {}
COMMAND: POST /session/2eb25f1cbe9612d735ab0219d8fb520b/execute/sync - {"script":"<script> [8489 bytes]","args":[{"element-6066-11e4-a52e-4f735466cecf":"f.1920C544C16071EF810842AAA08EA988.d.7FF7DC5FC7E94DC48310FEC75F763D80.e.16771","ELEMENT":"f.1920C544C16071EF810842AAA08EA988.d.7FF7DC5FC7E94DC48310FEC75F763D80.e.16771"}]}
RESULT: {"script":"<script> [8489 bytes]","args":[{"element-6066-11e4-a52e-4f735466cecf":"f.1920C544C16071EF810842AAA08EA988.d.7FF7DC5FC7E94DC48310FEC75F763D80.e.16771","ELEMENT":"f.1920C544C16071EF810842AAA08EA988.d.7FF7DC5FC7E94DC48310FEC75F763D80.e.16771"}]}
COMMAND: GET /session/2eb25f1cbe9612d735ab0219d8fb520b/screenshot - {}
RESULT: {}
COMMAND: POST /session/2eb25f1cbe9612d735ab0219d8fb520b/execute/sync - {"script":"<script> [8489 bytes]","args":[{"element-6066-11e4-a52e-4f735466cecf":"f.1920C544C16071EF810842AAA08EA988.d.7FF7DC5FC7E94DC48310FEC75F763D80.e.16771","ELEMENT":"f.1920C544C16071EF810842AAA08EA988.d.7FF7DC5FC7E94DC48310FEC75F763D80.e.16771"}]}
RESULT: {"script":"<script> [8489 bytes]","args":[{"element-6066-11e4-a52e-4f735466cecf":"f.1920C544C16071EF810842AAA08EA988.d.7FF7DC5FC7E94DC48310FEC75F763D80.e.16771","ELEMENT":"f.1920C544C16071EF810842AAA08EA988.d.7FF7DC5FC7E94DC48310FEC75F763D80.e.16771"}]}
COMMAND: GET /session/2eb25f1cbe9612d735ab0219d8fb520b/screenshot - {}
RESULT: {}
COMMAND: POST /session/2eb25f1cbe9612d735ab0219d8fb520b/execute/sync - {"script":"<script> [8489 bytes]","args":[{"element-6066-11e4-a52e-4f735466cecf":"f.1920C544C16071EF810842AAA08EA988.d.7FF7DC5FC7E94DC48310FEC75F763D80.e.16771","ELEMENT":"f.1920C544C16071EF810842AAA08EA988.d.7FF7DC5FC7E94DC48310FEC75F763D80.e.16771"}]}
RESULT: {"script":"<script> [8489 bytes]","args":[{"element-6066-11e4-a52e-4f735466cecf":"f.1920C544C16071EF810842AAA08EA988.d.7FF7DC5FC7E94DC48310FEC75F763D80.e.16771","ELEMENT":"f.1920C544C16071EF810842AAA08EA988.d.7FF7DC5FC7E94DC48310FEC75F763D80.e.16771"}]}
COMMAND: GET /session/2eb25f1cbe9612d735ab0219d8fb520b/screenshot - {}
RESULT: {}
COMMAND: POST /session/2eb25f1cbe9612d735ab0219d8fb520b/execute/sync - {"script":"<script> [8489 bytes]","args":[{"element-6066-11e4-a52e-4f735466cecf":"f.1920C544C16071EF810842AAA08EA988.d.7FF7DC5FC7E94DC48310FEC75F763D80.e.16771","ELEMENT":"f.1920C544C16071EF810842AAA08EA988.d.7FF7DC5FC7E94DC48310FEC75F763D80.e.16771"}]}
RESULT: {"script":"<script> [8489 bytes]","args":[{"element-6066-11e4-a52e-4f735466cecf":"f.1920C544C16071EF810842AAA08EA988.d.7FF7DC5FC7E94DC48310FEC75F763D80.e.16771","ELEMENT":"f.1920C544C16071EF810842AAA08EA988.d.7FF7DC5FC7E94DC48310FEC75F763D80.e.16771"}]}
COMMAND: GET /session/2eb25f1cbe9612d735ab0219d8fb520b/screenshot - {}
RESULT: {}
COMMAND: POST /session/2eb25f1cbe9612d735ab0219d8fb520b/execute/sync - {"script":"<script> [8489 bytes]","args":[{"element-6066-11e4-a52e-4f735466cecf":"f.1920C544C16071EF810842AAA08EA988.d.7FF7DC5FC7E94DC48310FEC75F763D80.e.16771","ELEMENT":"f.1920C544C16071EF810842AAA08EA988.d.7FF7DC5FC7E94DC48310FEC75F763D80.e.16771"}]}
RESULT: {"script":"<script> [8489 bytes]","args":[{"element-6066-11e4-a52e-4f735466cecf":"f.1920C544C16071EF810842AAA08EA988.d.7FF7DC5FC7E94DC48310FEC75F763D80.e.16771","ELEMENT":"f.1920C544C16071EF810842AAA08EA988.d.7FF7DC5FC7E94DC48310FEC75F763D80.e.16771"}]}
COMMAND: GET /session/2eb25f1cbe9612d735ab0219d8fb520b/screenshot - {}
RESULT: {}
COMMAND: POST /session/2eb25f1cbe9612d735ab0219d8fb520b/execute/sync - {"script":"<script> [8489 bytes]","args":[{"element-6066-11e4-a52e-4f735466cecf":"f.1920C544C16071EF810842AAA08EA988.d.7FF7DC5FC7E94DC48310FEC75F763D80.e.16771","ELEMENT":"f.1920C544C16071EF810842AAA08EA988.d.7FF7DC5FC7E94DC48310FEC75F763D80.e.16771"}]}
RESULT: {"script":"<script> [8489 bytes]","args":[{"element-6066-11e4-a52e-4f735466cecf":"f.1920C544C16071EF810842AAA08EA988.d.7FF7DC5FC7E94DC48310FEC75F763D80.e.16771","ELEMENT":"f.1920C544C16071EF810842AAA08EA988.d.7FF7DC5FC7E94DC48310FEC75F763D80.e.16771"}]}
COMMAND: GET /session/2eb25f1cbe9612d735ab0219d8fb520b/screenshot - {}
RESULT: {}
COMMAND: POST /session/2eb25f1cbe9612d735ab0219d8fb520b/execute/sync - {"script":"<script> [8489 bytes]","args":[{"element-6066-11e4-a52e-4f735466cecf":"f.1920C544C16071EF810842AAA08EA988.d.7FF7DC5FC7E94DC48310FEC75F763D80.e.16771","ELEMENT":"f.1920C544C16071EF810842AAA08EA988.d.7FF7DC5FC7E94DC48310FEC75F763D80.e.16771"}]}
RESULT: {"script":"<script> [8489 bytes]","args":[{"element-6066-11e4-a52e-4f735466cecf":"f.1920C544C16071EF810842AAA08EA988.d.7FF7DC5FC7E94DC48310FEC75F763D80.e.16771","ELEMENT":"f.1920C544C16071EF810842AAA08EA988.d.7FF7DC5FC7E94DC48310FEC75F763D80.e.16771"}]}
COMMAND: GET /session/2eb25f1cbe9612d735ab0219d8fb520b/screenshot - {}
RESULT: {}
COMMAND: POST /session/2eb25f1cbe9612d735ab0219d8fb520b/execute/sync - {"script":"<script> [8489 bytes]","args":[{"element-6066-11e4-a52e-4f735466cecf":"f.1920C544C16071EF810842AAA08EA988.d.7FF7DC5FC7E94DC48310FEC75F763D80.e.16771","ELEMENT":"f.1920C544C16071EF810842AAA08EA988.d.7FF7DC5FC7E94DC48310FEC75F763D80.e.16771"}]}
RESULT: {"script":"<script> [8489 bytes]","args":[{"element-6066-11e4-a52e-4f735466cecf":"f.1920C544C16071EF810842AAA08EA988.d.7FF7DC5FC7E94DC48310FEC75F763D80.e.16771","ELEMENT":"f.1920C544C16071EF810842AAA08EA988.d.7FF7DC5FC7E94DC48310FEC75F763D80.e.16771"}]}
COMMAND: GET /session/2eb25f1cbe9612d735ab0219d8fb520b/screenshot - {}
RESULT: {}
COMMAND: POST /session/2eb25f1cbe9612d735ab0219d8fb520b/execute/sync - {"script":"<script> [8489 bytes]","args":[{"element-6066-11e4-a52e-4f735466cecf":"f.1920C544C16071EF810842AAA08EA988.d.7FF7DC5FC7E94DC48310FEC75F763D80.e.16771","ELEMENT":"f.1920C544C16071EF810842AAA08EA988.d.7FF7DC5FC7E94DC48310FEC75F763D80.e.16771"}]}
RESULT: {"script":"<script> [8489 bytes]","args":[{"element-6066-11e4-a52e-4f735466cecf":"f.1920C544C16071EF810842AAA08EA988.d.7FF7DC5FC7E94DC48310FEC75F763D80.e.16771","ELEMENT":"f.1920C544C16071EF810842AAA08EA988.d.7FF7DC5FC7E94DC48310FEC75F763D80.e.16771"}]}
COMMAND: GET /session/2eb25f1cbe9612d735ab0219d8fb520b/screenshot - {}
RESULT: {}
COMMAND: POST /session/2eb25f1cbe9612d735ab0219d8fb520b/execute/sync - {"script":"<script> [8489 bytes]","args":[{"element-6066-11e4-a52e-4f735466cecf":"f.1920C544C16071EF810842AAA08EA988.d.7FF7DC5FC7E94DC48310FEC75F763D80.e.16771","ELEMENT":"f.1920C544C16071EF810842AAA08EA988.d.7FF7DC5FC7E94DC48310FEC75F763D80.e.16771"}]}
RESULT: {"script":"<script> [8489 bytes]","args":[{"element-6066-11e4-a52e-4f735466cecf":"f.1920C544C16071EF810842AAA08EA988.d.7FF7DC5FC7E94DC48310FEC75F763D80.e.16771","ELEMENT":"f.1920C544C16071EF810842AAA08EA988.d.7FF7DC5FC7E94DC48310FEC75F763D80.e.16771"}]}
COMMAND: GET /session/2eb25f1cbe9612d735ab0219d8fb520b/screenshot - {}
RESULT: {}
COMMAND: POST /session/2eb25f1cbe9612d735ab0219d8fb520b/execute/sync - {"script":"<script> [8489 bytes]","args":[{"element-6066-11e4-a52e-4f735466cecf":"f.1920C544C16071EF810842AAA08EA988.d.7FF7DC5FC7E94DC48310FEC75F763D80.e.16771","ELEMENT":"f.1920C544C16071EF810842AAA08EA988.d.7FF7DC5FC7E94DC48310FEC75F763D80.e.16771"}]}
RESULT: {"script":"<script> [8489 bytes]","args":[{"element-6066-11e4-a52e-4f735466cecf":"f.1920C544C16071EF810842AAA08EA988.d.7FF7DC5FC7E94DC48310FEC75F763D80.e.16771","ELEMENT":"f.1920C544C16071EF810842AAA08EA988.d.7FF7DC5FC7E94DC48310FEC75F763D80.e.16771"}]}
COMMAND: GET /session/2eb25f1cbe9612d735ab0219d8fb520b/screenshot - {}
RESULT: {}
COMMAND: POST /session/2eb25f1cbe9612d735ab0219d8fb520b/execute/sync - {"script":"<script> [8489 bytes]","args":[{"element-6066-11e4-a52e-4f735466cecf":"f.1920C544C16071EF810842AAA08EA988.d.7FF7DC5FC7E94DC48310FEC75F763D80.e.16771","ELEMENT":"f.1920C544C16071EF810842AAA08EA988.d.7FF7DC5FC7E94DC48310FEC75F763D80.e.16771"}]}
RESULT: {"script":"<script> [8489 bytes]","args":[{"element-6066-11e4-a52e-4f735466cecf":"f.1920C544C16071EF810842AAA08EA988.d.7FF7DC5FC7E94DC48310FEC75F763D80.e.16771","ELEMENT":"f.1920C544C16071EF810842AAA08EA988.d.7FF7DC5FC7E94DC48310FEC75F763D80.e.16771"}]}
COMMAND: GET /session/2eb25f1cbe9612d735ab0219d8fb520b/screenshot - {}
RESULT: {}
COMMAND: POST /session/2eb25f1cbe9612d735ab0219d8fb520b/execute/sync - {"script":"<script> [8489 bytes]","args":[{"element-6066-11e4-a52e-4f735466cecf":"f.1920C544C16071EF810842AAA08EA988.d.7FF7DC5FC7E94DC48310FEC75F763D80.e.16771","ELEMENT":"f.1920C544C16071EF810842AAA08EA988.d.7FF7DC5FC7E94DC48310FEC75F763D80.e.16771"}]}
RESULT: {"script":"<script> [8489 bytes]","args":[{"element-6066-11e4-a52e-4f735466cecf":"f.1920C544C16071EF810842AAA08EA988.d.7FF7DC5FC7E94DC48310FEC75F763D80.e.16771","ELEMENT":"f.1920C544C16071EF810842AAA08EA988.d.7FF7DC5FC7E94DC48310FEC75F763D80.e.16771"}]}
COMMAND: GET /session/2eb25f1cbe9612d735ab0219d8fb520b/screenshot - {}
RESULT: {}
COMMAND: POST /session/2eb25f1cbe9612d735ab0219d8fb520b/execute/sync - {"script":"<script> [8489 bytes]","args":[{"element-6066-11e4-a52e-4f735466cecf":"f.1920C544C16071EF810842AAA08EA988.d.7FF7DC5FC7E94DC48310FEC75F763D80.e.16771","ELEMENT":"f.1920C544C16071EF810842AAA08EA988.d.7FF7DC5FC7E94DC48310FEC75F763D80.e.16771"}]}
RESULT: {"script":"<script> [8489 bytes]","args":[{"element-6066-11e4-a52e-4f735466cecf":"f.1920C544C16071EF810842AAA08EA988.d.7FF7DC5FC7E94DC48310FEC75F763D80.e.16771","ELEMENT":"f.1920C544C16071EF810842AAA08EA988.d.7FF7DC5FC7E94DC48310FEC75F763D80.e.16771"}]}
COMMAND: GET /session/2eb25f1cbe9612d735ab0219d8fb520b/screenshot - {}
RESULT: {}
COMMAND: POST /session/2eb25f1cbe9612d735ab0219d8fb520b/execute/sync - {"script":"<script> [8489 bytes]","args":[{"element-6066-11e4-a52e-4f735466cecf":"f.1920C544C16071EF810842AAA08EA988.d.7FF7DC5FC7E94DC48310FEC75F763D80.e.16771","ELEMENT":"f.1920C544C16071EF810842AAA08EA988.d.7FF7DC5FC7E94DC48310FEC75F763D80.e.16771"}]}
RESULT: {"script":"<script> [8489 bytes]","args":[{"element-6066-11e4-a52e-4f735466cecf":"f.1920C544C16071EF810842AAA08EA988.d.7FF7DC5FC7E94DC48310FEC75F763D80.e.16771","ELEMENT":"f.1920C544C16071EF810842AAA08EA988.d.7FF7DC5FC7E94DC48310FEC75F763D80.e.16771"}]}
COMMAND: GET /session/2eb25f1cbe9612d735ab0219d8fb520b/screenshot - {}
RESULT: {}
COMMAND: POST /session/2eb25f1cbe9612d735ab0219d8fb520b/execute/sync - {"script":"<script> [8489 bytes]","args":[{"element-6066-11e4-a52e-4f735466cecf":"f.1920C544C16071EF810842AAA08EA988.d.7FF7DC5FC7E94DC48310FEC75F763D80.e.16771","ELEMENT":"f.1920C544C16071EF810842AAA08EA988.d.7FF7DC5FC7E94DC48310FEC75F763D80.e.16771"}]}
RESULT: {"script":"<script> [8489 bytes]","args":[{"element-6066-11e4-a52e-4f735466cecf":"f.1920C544C16071EF810842AAA08EA988.d.7FF7DC5FC7E94DC48310FEC75F763D80.e.16771","ELEMENT":"f.1920C544C16071EF810842AAA08EA988.d.7FF7DC5FC7E94DC48310FEC75F763D80.e.16771"}]}
COMMAND: GET /session/2eb25f1cbe9612d735ab0219d8fb520b/screenshot - {}
RESULT: {}
COMMAND: POST /session/2eb25f1cbe9612d735ab0219d8fb520b/execute/sync - {"script":"<script> [8489 bytes]","args":[{"element-6066-11e4-a52e-4f735466cecf":"f.1920C544C16071EF810842AAA08EA988.d.7FF7DC5FC7E94DC48310FEC75F763D80.e.16771","ELEMENT":"f.1920C544C16071EF810842AAA08EA988.d.7FF7DC5FC7E94DC48310FEC75F763D80.e.16771"}]}
RESULT: {"script":"<script> [8489 bytes]","args":[{"element-6066-11e4-a52e-4f735466cecf":"f.1920C544C16071EF810842AAA08EA988.d.7FF7DC5FC7E94DC48310FEC75F763D80.e.16771","ELEMENT":"f.1920C544C16071EF810842AAA08EA988.d.7FF7DC5FC7E94DC48310FEC75F763D80.e.16771"}]}
COMMAND: GET /session/2eb25f1cbe9612d735ab0219d8fb520b/screenshot - {}
RESULT: {}
COMMAND: POST /session/2eb25f1cbe9612d735ab0219d8fb520b/execute/async - {"script":"<script> [1562 bytes]","args":[{"selector":{"id":"administrationTabFilter","viewName":"etm.portal.ui.managehandovers.view.DetailExecuteHO","interaction":{"idSuffix":"text"}},"wdio_ui5_key":"administrationTabFilteretmportal.ui.managehandovers.view.DetailExecuteHO"}]}
RESULT: {"script":"<script> [1562 bytes]","args":[{"selector":{"id":"administrationTabFilter","viewName":"etm.portal.ui.managehandovers.view.DetailExecuteHO","interaction":{"idSuffix":"text"}},"wdio_ui5_key":"administrationTabFilteretmportal.ui.managehandovers.view.DetailExecuteHO"}]}
RESULT: undefined
COMMAND: POST /session/2eb25f1cbe9612d735ab0219d8fb520b/element - {"using":"xpath","value":"//*[@id=\"__xmlview59--administrationTabFilter\"]"}
RESULT: {"using":"xpath","value":"//*[@id=\"__xmlview59--administrationTabFilter\"]"}
COMMAND: POST /session/2eb25f1cbe9612d735ab0219d8fb520b/element/f.1920C544C16071EF810842AAA08EA988.d.7FF7DC5FC7E94DC48310FEC75F763D80.e.16813/click - {}
RESULT: {}
RESULT: undefined
COMMAND: POST /session/2eb25f1cbe9612d735ab0219d8fb520b/element - {"using":"xpath","value":"//*[@id=\"__xmlview59--administrationTabFilter\"]"}
COMMAND: GET /session/2eb25f1cbe9612d735ab0219d8fb520b/screenshot - {}
RESULT: {"using":"xpath","value":"//*[@id=\"__xmlview59--administrationTabFilter\"]"}
COMMAND: POST /session/2eb25f1cbe9612d735ab0219d8fb520b/element/f.1920C544C16071EF810842AAA08EA988.d.7FF7DC5FC7E94DC48310FEC75F763D80.e.16813/click - {}
RESULT: {}
RESULT: {}
COMMAND: GET /session/2eb25f1cbe9612d735ab0219d8fb520b/screenshot - {}
RESULT: {}
COMMAND: POST /session/2eb25f1cbe9612d735ab0219d8fb520b/element - {"using":"xpath","value":"//bdi[(text() = 'Confirm' or . = 'Confirm')]"}
RESULT: {"using":"xpath","value":"//bdi[(text() = 'Confirm' or . = 'Confirm')]"}
COMMAND: POST /session/2eb25f1cbe9612d735ab0219d8fb520b/element/f.1920C544C16071EF810842AAA08EA988.d.7FF7DC5FC7E94DC48310FEC75F763D80.e.16820/click - {}
RESULT: {}
COMMAND: GET /session/2eb25f1cbe9612d735ab0219d8fb520b/screenshot - {}
RESULT: {}
COMMAND: POST /session/2eb25f1cbe9612d735ab0219d8fb520b/execute/async - {"script":"<script> [1562 bytes]","args":[{"selector":{"id":"confirmationButton","viewName":"etm.portal.ui.managehandovers.view.DetailExecuteHO","interaction":{"idSuffix":"BDI-content"}},"wdio_ui5_key":"confirmationButtonetmportal.ui.managehandovers.view.DetailExecuteHO"}]}
RESULT: {"script":"<script> [1562 bytes]","args":[{"selector":{"id":"confirmationButton","viewName":"etm.portal.ui.managehandovers.view.DetailExecuteHO","interaction":{"idSuffix":"BDI-content"}},"wdio_ui5_key":"confirmationButtonetmportal.ui.managehandovers.view.DetailExecuteHO"}]}
RESULT: undefined
COMMAND: POST /session/2eb25f1cbe9612d735ab0219d8fb520b/element - {"using":"xpath","value":"(//bdi[text()='Receive'])[2]"}
RESULT: {"using":"xpath","value":"(//bdi[text()='Receive'])[2]"}
COMMAND: GET /session/2eb25f1cbe9612d735ab0219d8fb520b/element/f.1920C544C16071EF810842AAA08EA988.d.7FF7DC5FC7E94DC48310FEC75F763D80.e.16824/enabled - {}
RESULT: {}
COMMAND: POST /session/2eb25f1cbe9612d735ab0219d8fb520b/execute/sync - {"script":"<script> [8489 bytes]","args":[{"element-6066-11e4-a52e-4f735466cecf":"f.1920C544C16071EF810842AAA08EA988.d.7FF7DC5FC7E94DC48310FEC75F763D80.e.16824","ELEMENT":"f.1920C544C16071EF810842AAA08EA988.d.7FF7DC5FC7E94DC48310FEC75F763D80.e.16824"}]}
COMMAND: GET /session/2eb25f1cbe9612d735ab0219d8fb520b/screenshot - {}
RESULT: {"script":"<script> [8489 bytes]","args":[{"element-6066-11e4-a52e-4f735466cecf":"f.1920C544C16071EF810842AAA08EA988.d.7FF7DC5FC7E94DC48310FEC75F763D80.e.16824","ELEMENT":"f.1920C544C16071EF810842AAA08EA988.d.7FF7DC5FC7E94DC48310FEC75F763D80.e.16824"}]}
COMMAND: POST /session/2eb25f1cbe9612d735ab0219d8fb520b/execute/sync - {"script":"<script> [5351 bytes]","args":[{"element-6066-11e4-a52e-4f735466cecf":"f.1920C544C16071EF810842AAA08EA988.d.7FF7DC5FC7E94DC48310FEC75F763D80.e.16824","ELEMENT":"f.1920C544C16071EF810842AAA08EA988.d.7FF7DC5FC7E94DC48310FEC75F763D80.e.16824"}]}
COMMAND: GET /session/2eb25f1cbe9612d735ab0219d8fb520b/screenshot - {}
RESULT: {}
RESULT: {"script":"<script> [5351 bytes]","args":[{"element-6066-11e4-a52e-4f735466cecf":"f.1920C544C16071EF810842AAA08EA988.d.7FF7DC5FC7E94DC48310FEC75F763D80.e.16824","ELEMENT":"f.1920C544C16071EF810842AAA08EA988.d.7FF7DC5FC7E94DC48310FEC75F763D80.e.16824"}]}
COMMAND: POST /session/2eb25f1cbe9612d735ab0219d8fb520b/element/f.1920C544C16071EF810842AAA08EA988.d.7FF7DC5FC7E94DC48310FEC75F763D80.e.16824/click - {}
COMMAND: GET /session/2eb25f1cbe9612d735ab0219d8fb520b/screenshot - {}
RESULT: {}
RESULT: {}
COMMAND: GET /session/2eb25f1cbe9612d735ab0219d8fb520b/screenshot - {}
RESULT: {}
RESULT: {}
COMMAND: POST /session/2eb25f1cbe9612d735ab0219d8fb520b/element - {"using":"css selector","value":"#shell-header-logo"}
RESULT: {"using":"css selector","value":"#shell-header-logo"}
COMMAND: POST /session/2eb25f1cbe9612d735ab0219d8fb520b/element/f.1920C544C16071EF810842AAA08EA988.d.7FF7DC5FC7E94DC48310FEC75F763D80.e.16257/click - {}
RESULT: {}
COMMAND: GET /session/2eb25f1cbe9612d735ab0219d8fb520b/screenshot - {}
RESULT: {}
]]></system-out>
    </testcase>
    <testcase classname="chrome.135_0_7049_96.windows.Provide_to_Site_w/o_warehouse_management_w_clarification" name="Should create a new contract" time="52.921">
      <system-out><![CDATA[
COMMAND: POST /session/2eb25f1cbe9612d735ab0219d8fb520b/execute/async - {"script":"<script> [1562 bytes]","args":[{"selector":{"controlType":"sap.m.GenericTile","properties":{"header":"Manage Contracts"}},"wdio_ui5_key":"sapm.GenericTile{\"header\":\"Manage Contracts\"}"}]}
RESULT: {"script":"<script> [1562 bytes]","args":[{"selector":{"controlType":"sap.m.GenericTile","properties":{"header":"Manage Contracts"}},"wdio_ui5_key":"sapm.GenericTile{\"header\":\"Manage Contracts\"}"}]}
RESULT: undefined
COMMAND: POST /session/2eb25f1cbe9612d735ab0219d8fb520b/element - {"using":"xpath","value":"//*[@id=\"__tile130\"]"}
RESULT: {"using":"xpath","value":"//*[@id=\"__tile130\"]"}
COMMAND: POST /session/2eb25f1cbe9612d735ab0219d8fb520b/element/f.1920C544C16071EF810842AAA08EA988.d.7FF7DC5FC7E94DC48310FEC75F763D80.e.16977/click - {}
RESULT: {}
COMMAND: GET /session/2eb25f1cbe9612d735ab0219d8fb520b/screenshot - {}
COMMAND: POST /session/2eb25f1cbe9612d735ab0219d8fb520b/execute/async - {"script":"<script> [1562 bytes]","args":[{"selector":{"controlType":"sap.ui.core.Icon","viewName":"etm.portal.ui.managecontracts.view.Master","properties":{"src":{"regex":{"source":"add"}}}},"wdio_ui5_key":"etmportal.ui.managecontracts.view.Mastersap.ui.core.Icon{\"src\":{\"regex\":{\"source\":\"add\"}}}"}]}
RESULT: {}
RESULT: {"script":"<script> [1562 bytes]","args":[{"selector":{"controlType":"sap.ui.core.Icon","viewName":"etm.portal.ui.managecontracts.view.Master","properties":{"src":{"regex":{"source":"add"}}}},"wdio_ui5_key":"etmportal.ui.managecontracts.view.Mastersap.ui.core.Icon{\"src\":{\"regex\":{\"source\":\"add\"}}}"}]}
RESULT: undefined
COMMAND: POST /session/2eb25f1cbe9612d735ab0219d8fb520b/element - {"using":"xpath","value":"//*[@id=\"__button298-img\"]"}
RESULT: {"using":"xpath","value":"//*[@id=\"__button298-img\"]"}
COMMAND: POST /session/2eb25f1cbe9612d735ab0219d8fb520b/element/f.1920C544C16071EF810842AAA08EA988.d.7FF7DC5FC7E94DC48310FEC75F763D80.e.17065/click - {}
RESULT: {}
COMMAND: POST /session/2eb25f1cbe9612d735ab0219d8fb520b/execute/async - {"script":"<script> [1562 bytes]","args":[{"selector":{"id":"application-managecontracts-display-component---AddNewContract--projectDescription","interaction":{"idSuffix":"inner"}},"wdio_ui5_key":"applicationmanagecontracts-display-component---AddNewContract--projectDescription"}]}
COMMAND: GET /session/2eb25f1cbe9612d735ab0219d8fb520b/screenshot - {}
RESULT: {"script":"<script> [1562 bytes]","args":[{"selector":{"id":"application-managecontracts-display-component---AddNewContract--projectDescription","interaction":{"idSuffix":"inner"}},"wdio_ui5_key":"applicationmanagecontracts-display-component---AddNewContract--projectDescription"}]}
RESULT: undefined
COMMAND: POST /session/2eb25f1cbe9612d735ab0219d8fb520b/execute/async - {"script":"<script> [776 bytes]","args":[{"enterText":"wdi5 contract for billing","selector":{"id":"application-managecontracts-display-component---AddNewContract--projectDescription","interaction":{"idSuffix":"inner"}},"clearTextFirst":true,"interactionType":"ENTER_TEXT"}]}
RESULT: {}
RESULT: {"script":"<script> [776 bytes]","args":[{"enterText":"wdi5 contract for billing","selector":{"id":"application-managecontracts-display-component---AddNewContract--projectDescription","interaction":{"idSuffix":"inner"}},"clearTextFirst":true,"interactionType":"ENTER_TEXT"}]}
COMMAND: POST /session/2eb25f1cbe9612d735ab0219d8fb520b/element - {"using":"xpath","value":"//input[@id=\"application-managecontracts-display-component---AddNewContract--customerSelect-inner\"]"}
RESULT: {"using":"xpath","value":"//input[@id=\"application-managecontracts-display-component---AddNewContract--customerSelect-inner\"]"}
COMMAND: POST /session/2eb25f1cbe9612d735ab0219d8fb520b/element/f.1920C544C16071EF810842AAA08EA988.d.7FF7DC5FC7E94DC48310FEC75F763D80.e.17295/clear - {}
RESULT: {}
COMMAND: POST /session/2eb25f1cbe9612d735ab0219d8fb520b/element/f.1920C544C16071EF810842AAA08EA988.d.7FF7DC5FC7E94DC48310FEC75F763D80.e.17295/value - {"text":"1092"}
COMMAND: GET /session/2eb25f1cbe9612d735ab0219d8fb520b/screenshot - {}
RESULT: {"text":"1092"}
COMMAND: GET /session/2eb25f1cbe9612d735ab0219d8fb520b/screenshot - {}
RESULT: {}
RESULT: {}
COMMAND: POST /session/2eb25f1cbe9612d735ab0219d8fb520b/actions - {"actions":[{"id":"action61","type":"key","parameters":{},"actions":[{"type":"keyDown","value":"î€‡"},{"type":"pause","duration":10},{"type":"keyUp","value":"î€‡"}]}]}
RESULT: {"actions":[{"id":"action61","type":"key","parameters":{},"actions":[{"type":"keyDown","value":"î€‡"},{"type":"pause","duration":10},{"type":"keyUp","value":"î€‡"}]}]}
COMMAND: POST /session/2eb25f1cbe9612d735ab0219d8fb520b/element - {"using":"xpath","value":"//input[@id=\"application-managecontracts-display-component---AddNewContract--site-inner\"]"}
COMMAND: GET /session/2eb25f1cbe9612d735ab0219d8fb520b/screenshot - {}
RESULT: {"using":"xpath","value":"//input[@id=\"application-managecontracts-display-component---AddNewContract--site-inner\"]"}
COMMAND: POST /session/2eb25f1cbe9612d735ab0219d8fb520b/element/f.1920C544C16071EF810842AAA08EA988.d.7FF7DC5FC7E94DC48310FEC75F763D80.e.17296/clear - {}
RESULT: {}
RESULT: {}
COMMAND: POST /session/2eb25f1cbe9612d735ab0219d8fb520b/element/f.1920C544C16071EF810842AAA08EA988.d.7FF7DC5FC7E94DC48310FEC75F763D80.e.17296/value - {"text":"2089"}
COMMAND: GET /session/2eb25f1cbe9612d735ab0219d8fb520b/screenshot - {}
RESULT: {"text":"2089"}
COMMAND: GET /session/2eb25f1cbe9612d735ab0219d8fb520b/screenshot - {}
RESULT: {}
RESULT: {}
COMMAND: POST /session/2eb25f1cbe9612d735ab0219d8fb520b/actions - {"actions":[{"id":"action62","type":"key","parameters":{},"actions":[{"type":"keyDown","value":"î€‡"},{"type":"pause","duration":10},{"type":"keyUp","value":"î€‡"}]}]}
RESULT: {"actions":[{"id":"action62","type":"key","parameters":{},"actions":[{"type":"keyDown","value":"î€‡"},{"type":"pause","duration":10},{"type":"keyUp","value":"î€‡"}]}]}
COMMAND: POST /session/2eb25f1cbe9612d735ab0219d8fb520b/execute/async - {"script":"<script> [1562 bytes]","args":[{"selector":{"id":"application-managecontracts-display-component---AddNewContract--calendarInput","interaction":{"idSuffix":"inner"}},"wdio_ui5_key":"applicationmanagecontracts-display-component---AddNewContract--calendarInput"}]}
COMMAND: GET /session/2eb25f1cbe9612d735ab0219d8fb520b/screenshot - {}
RESULT: {"script":"<script> [1562 bytes]","args":[{"selector":{"id":"application-managecontracts-display-component---AddNewContract--calendarInput","interaction":{"idSuffix":"inner"}},"wdio_ui5_key":"applicationmanagecontracts-display-component---AddNewContract--calendarInput"}]}
RESULT: undefined
COMMAND: POST /session/2eb25f1cbe9612d735ab0219d8fb520b/execute/async - {"script":"<script> [776 bytes]","args":[{"enterText":"1 - Calendar unit test patch","selector":{"id":"application-managecontracts-display-component---AddNewContract--calendarInput","interaction":{"idSuffix":"inner"}},"clearTextFirst":true,"interactionType":"ENTER_TEXT"}]}
RESULT: {}
RESULT: {"script":"<script> [776 bytes]","args":[{"enterText":"1 - Calendar unit test patch","selector":{"id":"application-managecontracts-display-component---AddNewContract--calendarInput","interaction":{"idSuffix":"inner"}},"clearTextFirst":true,"interactionType":"ENTER_TEXT"}]}
COMMAND: POST /session/2eb25f1cbe9612d735ab0219d8fb520b/actions - {"actions":[{"id":"action63","type":"key","parameters":{},"actions":[{"type":"keyDown","value":"î€‡"},{"type":"pause","duration":10},{"type":"keyUp","value":"î€‡"}]}]}
RESULT: {"actions":[{"id":"action63","type":"key","parameters":{},"actions":[{"type":"keyDown","value":"î€‡"},{"type":"pause","duration":10},{"type":"keyUp","value":"î€‡"}]}]}
COMMAND: POST /session/2eb25f1cbe9612d735ab0219d8fb520b/execute/async - {"script":"<script> [1562 bytes]","args":[{"selector":{"id":"application-managecontracts-display-component---AddNewContract--languageCB","interaction":{"idSuffix":"inner"}},"wdio_ui5_key":"applicationmanagecontracts-display-component---AddNewContract--languageCB"}]}
COMMAND: GET /session/2eb25f1cbe9612d735ab0219d8fb520b/screenshot - {}
RESULT: {"script":"<script> [1562 bytes]","args":[{"selector":{"id":"application-managecontracts-display-component---AddNewContract--languageCB","interaction":{"idSuffix":"inner"}},"wdio_ui5_key":"applicationmanagecontracts-display-component---AddNewContract--languageCB"}]}
RESULT: undefined
COMMAND: POST /session/2eb25f1cbe9612d735ab0219d8fb520b/execute/async - {"script":"<script> [776 bytes]","args":[{"enterText":"EN - English","selector":{"id":"application-managecontracts-display-component---AddNewContract--languageCB","interaction":{"idSuffix":"inner"}},"clearTextFirst":true,"interactionType":"ENTER_TEXT"}]}
RESULT: {}
RESULT: {"script":"<script> [776 bytes]","args":[{"enterText":"EN - English","selector":{"id":"application-managecontracts-display-component---AddNewContract--languageCB","interaction":{"idSuffix":"inner"}},"clearTextFirst":true,"interactionType":"ENTER_TEXT"}]}
COMMAND: POST /session/2eb25f1cbe9612d735ab0219d8fb520b/actions - {"actions":[{"id":"action64","type":"key","parameters":{},"actions":[{"type":"keyDown","value":"î€‡"},{"type":"pause","duration":10},{"type":"keyUp","value":"î€‡"}]}]}
RESULT: {"actions":[{"id":"action64","type":"key","parameters":{},"actions":[{"type":"keyDown","value":"î€‡"},{"type":"pause","duration":10},{"type":"keyUp","value":"î€‡"}]}]}
COMMAND: POST /session/2eb25f1cbe9612d735ab0219d8fb520b/execute/async - {"script":"<script> [1562 bytes]","args":[{"selector":{"id":"application-managecontracts-display-component---AddNewContract--saveBtn","interaction":{"idSuffix":"BDI-content"}},"wdio_ui5_key":"applicationmanagecontracts-display-component---AddNewContract--saveBtn"}]}
COMMAND: GET /session/2eb25f1cbe9612d735ab0219d8fb520b/screenshot - {}
RESULT: {"script":"<script> [1562 bytes]","args":[{"selector":{"id":"application-managecontracts-display-component---AddNewContract--saveBtn","interaction":{"idSuffix":"BDI-content"}},"wdio_ui5_key":"applicationmanagecontracts-display-component---AddNewContract--saveBtn"}]}
RESULT: undefined
COMMAND: POST /session/2eb25f1cbe9612d735ab0219d8fb520b/element - {"using":"xpath","value":"//*[@id=\"application-managecontracts-display-component---AddNewContract--saveBtn\"]"}
RESULT: {}
RESULT: {"using":"xpath","value":"//*[@id=\"application-managecontracts-display-component---AddNewContract--saveBtn\"]"}
COMMAND: POST /session/2eb25f1cbe9612d735ab0219d8fb520b/element/f.1920C544C16071EF810842AAA08EA988.d.7FF7DC5FC7E94DC48310FEC75F763D80.e.17313/click - {}
RESULT: {}
COMMAND: GET /session/2eb25f1cbe9612d735ab0219d8fb520b/screenshot - {}
RESULT: {}
COMMAND: POST /session/2eb25f1cbe9612d735ab0219d8fb520b/execute/async - {"script":"<script> [1562 bytes]","args":[{"selector":{"id":"contractDetailTitleNoExpanded","viewName":"etm.portal.ui.managecontracts.view.Detail"},"wdio_ui5_key":"contractDetailTitleNoExpandedetmportal.ui.managecontracts.view.Detail"}]}
RESULT: {"script":"<script> [1562 bytes]","args":[{"selector":{"id":"contractDetailTitleNoExpanded","viewName":"etm.portal.ui.managecontracts.view.Detail"},"wdio_ui5_key":"contractDetailTitleNoExpandedetmportal.ui.managecontracts.view.Detail"}]}
RESULT: undefined
COMMAND: POST /session/2eb25f1cbe9612d735ab0219d8fb520b/execute/async - {"script":"<script> [6424 bytes]","args":[{"element-6066-11e4-a52e-4f735466cecf":"f.1920C544C16071EF810842AAA08EA988.d.7FF7DC5FC7E94DC48310FEC75F763D80.e.17397"},"getText",[]]}
RESULT: {"script":"<script> [6424 bytes]","args":[{"element-6066-11e4-a52e-4f735466cecf":"f.1920C544C16071EF810842AAA08EA988.d.7FF7DC5FC7E94DC48310FEC75F763D80.e.17397"},"getText",[]]}
]]></system-out>
    </testcase>
    <testcase classname="chrome.135_0_7049_96.windows.Provide_to_Site_w/o_warehouse_management_w_clarification" name="Should add resource to the contract" time="64.303">
      <system-out><![CDATA[
COMMAND: POST /session/2eb25f1cbe9612d735ab0219d8fb520b/execute/async - {"script":"<script> [1562 bytes]","args":[{"selector":{"id":"contractDetailEditBtn","viewName":"etm.portal.ui.managecontracts.view.Detail","interaction":{"idSuffix":"BDI-content"}},"wdio_ui5_key":"contractDetailEditBtnetmportal.ui.managecontracts.view.Detail"}]}
RESULT: {"script":"<script> [1562 bytes]","args":[{"selector":{"id":"contractDetailEditBtn","viewName":"etm.portal.ui.managecontracts.view.Detail","interaction":{"idSuffix":"BDI-content"}},"wdio_ui5_key":"contractDetailEditBtnetmportal.ui.managecontracts.view.Detail"}]}
RESULT: undefined
COMMAND: POST /session/2eb25f1cbe9612d735ab0219d8fb520b/element - {"using":"xpath","value":"//*[@id=\"__xmlview61--contractDetailEditBtn\"]"}
RESULT: {"using":"xpath","value":"//*[@id=\"__xmlview61--contractDetailEditBtn\"]"}
COMMAND: POST /session/2eb25f1cbe9612d735ab0219d8fb520b/element/f.1920C544C16071EF810842AAA08EA988.d.7FF7DC5FC7E94DC48310FEC75F763D80.e.17399/click - {}
RESULT: {}
COMMAND: GET /session/2eb25f1cbe9612d735ab0219d8fb520b/screenshot - {}
RESULT: {}
COMMAND: POST /session/2eb25f1cbe9612d735ab0219d8fb520b/execute/async - {"script":"<script> [1562 bytes]","args":[{"selector":{"id":"additionalAddressesTabFilter","viewName":"etm.portal.ui.managecontracts.view.EditContract","interaction":{"idSuffix":"text"}},"wdio_ui5_key":"additionalAddressesTabFilteretmportal.ui.managecontracts.view.EditContract"}]}
RESULT: {"script":"<script> [1562 bytes]","args":[{"selector":{"id":"additionalAddressesTabFilter","viewName":"etm.portal.ui.managecontracts.view.EditContract","interaction":{"idSuffix":"text"}},"wdio_ui5_key":"additionalAddressesTabFilteretmportal.ui.managecontracts.view.EditContract"}]}
RESULT: undefined
COMMAND: POST /session/2eb25f1cbe9612d735ab0219d8fb520b/element - {"using":"xpath","value":"//*[@id=\"__xmlview62--additionalAddressesTabFilter\"]"}
RESULT: {"using":"xpath","value":"//*[@id=\"__xmlview62--additionalAddressesTabFilter\"]"}
COMMAND: POST /session/2eb25f1cbe9612d735ab0219d8fb520b/element/f.1920C544C16071EF810842AAA08EA988.d.7FF7DC5FC7E94DC48310FEC75F763D80.e.17458/click - {}
RESULT: {}
RESULT: undefined
COMMAND: POST /session/2eb25f1cbe9612d735ab0219d8fb520b/element - {"using":"xpath","value":"//*[@id=\"__xmlview62--additionalAddressesTabFilter\"]"}
COMMAND: GET /session/2eb25f1cbe9612d735ab0219d8fb520b/screenshot - {}
RESULT: {"using":"xpath","value":"//*[@id=\"__xmlview62--additionalAddressesTabFilter\"]"}
COMMAND: POST /session/2eb25f1cbe9612d735ab0219d8fb520b/element/f.1920C544C16071EF810842AAA08EA988.d.7FF7DC5FC7E94DC48310FEC75F763D80.e.17458/click - {}
RESULT: {}
RESULT: {}
COMMAND: POST /session/2eb25f1cbe9612d735ab0219d8fb520b/execute/async - {"script":"<script> [1562 bytes]","args":[{"selector":{"controlType":"sap.ui.core.Icon","viewName":"etm.portal.ui.managecontracts.view.EditContract","properties":{"src":{"regex":{"source":"add"}}}},"wdio_ui5_key":"etmportal.ui.managecontracts.view.EditContractsap.ui.core.Icon{\"src\":{\"regex\":{\"source\":\"add\"}}}"}]}
COMMAND: GET /session/2eb25f1cbe9612d735ab0219d8fb520b/screenshot - {}
RESULT: {"script":"<script> [1562 bytes]","args":[{"selector":{"controlType":"sap.ui.core.Icon","viewName":"etm.portal.ui.managecontracts.view.EditContract","properties":{"src":{"regex":{"source":"add"}}}},"wdio_ui5_key":"etmportal.ui.managecontracts.view.EditContractsap.ui.core.Icon{\"src\":{\"regex\":{\"source\":\"add\"}}}"}]}
RESULT: undefined
COMMAND: POST /session/2eb25f1cbe9612d735ab0219d8fb520b/element - {"using":"xpath","value":"//*[@id=\"__xmlview62--btnAddTableRow-img\"]"}
RESULT: {}
RESULT: {"using":"xpath","value":"//*[@id=\"__xmlview62--btnAddTableRow-img\"]"}
COMMAND: POST /session/2eb25f1cbe9612d735ab0219d8fb520b/element/f.1920C544C16071EF810842AAA08EA988.d.7FF7DC5FC7E94DC48310FEC75F763D80.e.17461/click - {}
RESULT: {}
COMMAND: POST /session/2eb25f1cbe9612d735ab0219d8fb520b/element - {"using":"xpath","value":"//div[(text() = 'Standard Entry' or . = 'Standard Entry')]"}
COMMAND: GET /session/2eb25f1cbe9612d735ab0219d8fb520b/screenshot - {}
RESULT: {"using":"xpath","value":"//div[(text() = 'Standard Entry' or . = 'Standard Entry')]"}
COMMAND: POST /session/2eb25f1cbe9612d735ab0219d8fb520b/element/f.1920C544C16071EF810842AAA08EA988.d.7FF7DC5FC7E94DC48310FEC75F763D80.e.17463/click - {}
RESULT: {}
RESULT: {}
COMMAND: POST /session/2eb25f1cbe9612d735ab0219d8fb520b/execute/async - {"script":"<script> [1562 bytes]","args":[{"selector":{"controlType":"sap.ui.core.Icon","viewName":"etm.portal.ui.managecontracts.view.EditContract","properties":{"src":{"regex":{"source":"inspect"}}}},"wdio_ui5_key":"etmportal.ui.managecontracts.view.EditContractsap.ui.core.Icon{\"src\":{\"regex\":{\"source\":\"inspect\"}}}"}]}
COMMAND: GET /session/2eb25f1cbe9612d735ab0219d8fb520b/screenshot - {}
RESULT: {"script":"<script> [1562 bytes]","args":[{"selector":{"controlType":"sap.ui.core.Icon","viewName":"etm.portal.ui.managecontracts.view.EditContract","properties":{"src":{"regex":{"source":"inspect"}}}},"wdio_ui5_key":"etmportal.ui.managecontracts.view.EditContractsap.ui.core.Icon{\"src\":{\"regex\":{\"source\":\"inspect\"}}}"}]}
RESULT: undefined
COMMAND: POST /session/2eb25f1cbe9612d735ab0219d8fb520b/element - {"using":"xpath","value":"//*[@id=\"__button324-img\"]"}
RESULT: {}
RESULT: {"using":"xpath","value":"//*[@id=\"__button324-img\"]"}
COMMAND: POST /session/2eb25f1cbe9612d735ab0219d8fb520b/element/f.1920C544C16071EF810842AAA08EA988.d.7FF7DC5FC7E94DC48310FEC75F763D80.e.17475/click - {}
RESULT: {}
COMMAND: GET /session/2eb25f1cbe9612d735ab0219d8fb520b/screenshot - {}
RESULT: {}
COMMAND: POST /session/2eb25f1cbe9612d735ab0219d8fb520b/element - {"using":"xpath","value":"//td[6]/div/div/input[1]"}
RESULT: {"using":"xpath","value":"//td[6]/div/div/input[1]"}
COMMAND: POST /session/2eb25f1cbe9612d735ab0219d8fb520b/element/f.1920C544C16071EF810842AAA08EA988.d.7FF7DC5FC7E94DC48310FEC75F763D80.e.17465/clear - {}
RESULT: {}
COMMAND: GET /session/2eb25f1cbe9612d735ab0219d8fb520b/screenshot - {}
RESULT: {}
COMMAND: POST /session/2eb25f1cbe9612d735ab0219d8fb520b/element - {"using":"xpath","value":"//td[6]/div/div/input[1]"}
RESULT: {"using":"xpath","value":"//td[6]/div/div/input[1]"}
COMMAND: POST /session/2eb25f1cbe9612d735ab0219d8fb520b/element/f.1920C544C16071EF810842AAA08EA988.d.7FF7DC5FC7E94DC48310FEC75F763D80.e.17491/click - {}
RESULT: {}
COMMAND: POST /session/2eb25f1cbe9612d735ab0219d8fb520b/actions - {"actions":[{"id":"action65","type":"key","parameters":{},"actions":[{"type":"keyDown","value":"î€ƒ"},{"type":"pause","duration":10},{"type":"keyUp","value":"î€ƒ"}]}]}
COMMAND: GET /session/2eb25f1cbe9612d735ab0219d8fb520b/screenshot - {}
RESULT: {"actions":[{"id":"action65","type":"key","parameters":{},"actions":[{"type":"keyDown","value":"î€ƒ"},{"type":"pause","duration":10},{"type":"keyUp","value":"î€ƒ"}]}]}
COMMAND: POST /session/2eb25f1cbe9612d735ab0219d8fb520b/element - {"using":"xpath","value":"//td[6]/div/div/input[1]"}
COMMAND: GET /session/2eb25f1cbe9612d735ab0219d8fb520b/screenshot - {}
RESULT: {}
RESULT: {"using":"xpath","value":"//td[6]/div/div/input[1]"}
COMMAND: POST /session/2eb25f1cbe9612d735ab0219d8fb520b/element/f.1920C544C16071EF810842AAA08EA988.d.7FF7DC5FC7E94DC48310FEC75F763D80.e.17491/clear - {}
RESULT: {}
RESULT: {}
COMMAND: POST /session/2eb25f1cbe9612d735ab0219d8fb520b/element/f.1920C544C16071EF810842AAA08EA988.d.7FF7DC5FC7E94DC48310FEC75F763D80.e.17491/value - {"text":"Material"}
COMMAND: GET /session/2eb25f1cbe9612d735ab0219d8fb520b/screenshot - {}
RESULT: {"text":"Material"}
COMMAND: GET /session/2eb25f1cbe9612d735ab0219d8fb520b/screenshot - {}
RESULT: {}
RESULT: {}
COMMAND: POST /session/2eb25f1cbe9612d735ab0219d8fb520b/actions - {"actions":[{"id":"action66","type":"key","parameters":{},"actions":[{"type":"keyDown","value":"î€‡"},{"type":"pause","duration":10},{"type":"keyUp","value":"î€‡"}]}]}
RESULT: {"actions":[{"id":"action66","type":"key","parameters":{},"actions":[{"type":"keyDown","value":"î€‡"},{"type":"pause","duration":10},{"type":"keyUp","value":"î€‡"}]}]}
COMMAND: POST /session/2eb25f1cbe9612d735ab0219d8fb520b/element - {"using":"xpath","value":"//td[7]/div/div/input[1]"}
COMMAND: GET /session/2eb25f1cbe9612d735ab0219d8fb520b/screenshot - {}
RESULT: {"using":"xpath","value":"//td[7]/div/div/input[1]"}
COMMAND: POST /session/2eb25f1cbe9612d735ab0219d8fb520b/element/f.1920C544C16071EF810842AAA08EA988.d.7FF7DC5FC7E94DC48310FEC75F763D80.e.17513/clear - {}
RESULT: {}
RESULT: {}
COMMAND: POST /session/2eb25f1cbe9612d735ab0219d8fb520b/element/f.1920C544C16071EF810842AAA08EA988.d.7FF7DC5FC7E94DC48310FEC75F763D80.e.17513/value - {"text":"200080"}
COMMAND: GET /session/2eb25f1cbe9612d735ab0219d8fb520b/screenshot - {}
RESULT: {"text":"200080"}
COMMAND: GET /session/2eb25f1cbe9612d735ab0219d8fb520b/screenshot - {}
RESULT: {}
RESULT: {}
COMMAND: POST /session/2eb25f1cbe9612d735ab0219d8fb520b/actions - {"actions":[{"id":"action67","type":"key","parameters":{},"actions":[{"type":"keyDown","value":"î€‡"},{"type":"pause","duration":10},{"type":"keyUp","value":"î€‡"}]}]}
RESULT: {"actions":[{"id":"action67","type":"key","parameters":{},"actions":[{"type":"keyDown","value":"î€‡"},{"type":"pause","duration":10},{"type":"keyUp","value":"î€‡"}]}]}
COMMAND: POST /session/2eb25f1cbe9612d735ab0219d8fb520b/execute/async - {"script":"<script> [1562 bytes]","args":[{"selector":{"controlType":"sap.m.Button","properties":{"text":"OK"},"searchOpenDialogs":true,"interaction":{"idSuffix":"BDI-content"}},"wdio_ui5_key":"sapm.Button{\"text\":\"OK\"}"}]}
COMMAND: GET /session/2eb25f1cbe9612d735ab0219d8fb520b/screenshot - {}
RESULT: {"script":"<script> [1562 bytes]","args":[{"selector":{"controlType":"sap.m.Button","properties":{"text":"OK"},"searchOpenDialogs":true,"interaction":{"idSuffix":"BDI-content"}},"wdio_ui5_key":"sapm.Button{\"text\":\"OK\"}"}]}
RESULT: undefined
COMMAND: POST /session/2eb25f1cbe9612d735ab0219d8fb520b/element - {"using":"xpath","value":"//*[@id=\"__mbox-btn-1\"]"}
RESULT: {}
RESULT: {"using":"xpath","value":"//*[@id=\"__mbox-btn-1\"]"}
COMMAND: POST /session/2eb25f1cbe9612d735ab0219d8fb520b/element/f.1920C544C16071EF810842AAA08EA988.d.7FF7DC5FC7E94DC48310FEC75F763D80.e.17534/click - {}
RESULT: {}
COMMAND: POST /session/2eb25f1cbe9612d735ab0219d8fb520b/execute/async - {"script":"<script> [1562 bytes]","args":[{"selector":{"id":"saveBtn","viewName":"etm.portal.ui.managecontracts.view.EditContract","interaction":{"idSuffix":"BDI-content"}},"wdio_ui5_key":"saveBtnetmportal.ui.managecontracts.view.EditContract"}]}
COMMAND: GET /session/2eb25f1cbe9612d735ab0219d8fb520b/screenshot - {}
RESULT: {"script":"<script> [1562 bytes]","args":[{"selector":{"id":"saveBtn","viewName":"etm.portal.ui.managecontracts.view.EditContract","interaction":{"idSuffix":"BDI-content"}},"wdio_ui5_key":"saveBtnetmportal.ui.managecontracts.view.EditContract"}]}
RESULT: undefined
COMMAND: POST /session/2eb25f1cbe9612d735ab0219d8fb520b/element - {"using":"xpath","value":"//*[@id=\"__xmlview62--saveBtn\"]"}
RESULT: {}
RESULT: {"using":"xpath","value":"//*[@id=\"__xmlview62--saveBtn\"]"}
COMMAND: POST /session/2eb25f1cbe9612d735ab0219d8fb520b/element/f.1920C544C16071EF810842AAA08EA988.d.7FF7DC5FC7E94DC48310FEC75F763D80.e.17560/click - {}
RESULT: {}
COMMAND: GET /session/2eb25f1cbe9612d735ab0219d8fb520b/screenshot - {}
RESULT: {}
COMMAND: POST /session/2eb25f1cbe9612d735ab0219d8fb520b/execute/async - {"script":"<script> [1562 bytes]","args":[{"selector":{"id":"additionalAddressesTabFilter","viewName":"etm.portal.ui.managecontracts.view.Detail","interaction":{"idSuffix":"text"}},"wdio_ui5_key":"additionalAddressesTabFilteretmportal.ui.managecontracts.view.Detail"}]}
RESULT: {"script":"<script> [1562 bytes]","args":[{"selector":{"id":"additionalAddressesTabFilter","viewName":"etm.portal.ui.managecontracts.view.Detail","interaction":{"idSuffix":"text"}},"wdio_ui5_key":"additionalAddressesTabFilteretmportal.ui.managecontracts.view.Detail"}]}
RESULT: undefined
COMMAND: POST /session/2eb25f1cbe9612d735ab0219d8fb520b/element - {"using":"xpath","value":"//*[@id=\"__xmlview61--additionalAddressesTabFilter\"]"}
RESULT: {"using":"xpath","value":"//*[@id=\"__xmlview61--additionalAddressesTabFilter\"]"}
COMMAND: POST /session/2eb25f1cbe9612d735ab0219d8fb520b/element/f.1920C544C16071EF810842AAA08EA988.d.7FF7DC5FC7E94DC48310FEC75F763D80.e.17564/click - {}
RESULT: {}
COMMAND: POST /session/2eb25f1cbe9612d735ab0219d8fb520b/execute/async - {"script":"<script> [1562 bytes]","args":[{"selector":{"id":"contractDetailProvideButton","viewName":"etm.portal.ui.managecontracts.view.Detail","interaction":{"idSuffix":"BDI-content"}},"wdio_ui5_key":"contractDetailProvideButtonetmportal.ui.managecontracts.view.Detail"}]}
COMMAND: GET /session/2eb25f1cbe9612d735ab0219d8fb520b/screenshot - {}
RESULT: {"script":"<script> [1562 bytes]","args":[{"selector":{"id":"contractDetailProvideButton","viewName":"etm.portal.ui.managecontracts.view.Detail","interaction":{"idSuffix":"BDI-content"}},"wdio_ui5_key":"contractDetailProvideButtonetmportal.ui.managecontracts.view.Detail"}]}
RESULT: undefined
COMMAND: POST /session/2eb25f1cbe9612d735ab0219d8fb520b/element - {"using":"xpath","value":"//*[@id=\"__xmlview61--contractDetailProvideButton\"]"}
RESULT: {}
RESULT: {"using":"xpath","value":"//*[@id=\"__xmlview61--contractDetailProvideButton\"]"}
COMMAND: POST /session/2eb25f1cbe9612d735ab0219d8fb520b/element/f.1920C544C16071EF810842AAA08EA988.d.7FF7DC5FC7E94DC48310FEC75F763D80.e.17569/click - {}
RESULT: {}
COMMAND: GET /session/2eb25f1cbe9612d735ab0219d8fb520b/screenshot - {}
RESULT: {}
]]></system-out>
    </testcase>
    <testcase classname="chrome.135_0_7049_96.windows.Provide_to_Site_w/o_warehouse_management_w_clarification" name="Should Create HandOvers provide to site" time="179.14">
      <system-out><![CDATA[
COMMAND: POST /session/2eb25f1cbe9612d735ab0219d8fb520b/element - {"using":"css selector","value":"#application-managehandovers-display-component---AddNewHO--dueDate-inner"}
RESULT: {"using":"css selector","value":"#application-managehandovers-display-component---AddNewHO--dueDate-inner"}
COMMAND: POST /session/2eb25f1cbe9612d735ab0219d8fb520b/element/f.1920C544C16071EF810842AAA08EA988.d.7FF7DC5FC7E94DC48310FEC75F763D80.e.17645/clear - {}
RESULT: {}
COMMAND: POST /session/2eb25f1cbe9612d735ab0219d8fb520b/element/f.1920C544C16071EF810842AAA08EA988.d.7FF7DC5FC7E94DC48310FEC75F763D80.e.17645/value - {"text":"4/25/25"}
COMMAND: GET /session/2eb25f1cbe9612d735ab0219d8fb520b/screenshot - {}
RESULT: {"text":"4/25/25"}
COMMAND: POST /session/2eb25f1cbe9612d735ab0219d8fb520b/element - {"using":"xpath","value":"//bdi[(text() = 'Items' or . = 'Items')]"}
COMMAND: GET /session/2eb25f1cbe9612d735ab0219d8fb520b/screenshot - {}
RESULT: {}
RESULT: {"using":"xpath","value":"//bdi[(text() = 'Items' or . = 'Items')]"}
COMMAND: POST /session/2eb25f1cbe9612d735ab0219d8fb520b/element/f.1920C544C16071EF810842AAA08EA988.d.7FF7DC5FC7E94DC48310FEC75F763D80.e.17737/click - {}
RESULT: {}
RESULT: {}
COMMAND: POST /session/2eb25f1cbe9612d735ab0219d8fb520b/execute/async - {"script":"<script> [1562 bytes]","args":[{"selector":{"controlType":"sap.m.Button","viewName":"etm.portal.ui.managehandovers.view.AddNewHO","viewId":"application-managehandovers-display-component---AddNewHO","i18NText":{"propertyName":"tooltip","key":"addItems"}},"wdio_ui5_key":"etmportal.ui.managehandovers.view.AddNewHOsap.m.Button{\"propertyName\":\"tooltip\",\"key\":\"addItems\"}"}]}
COMMAND: GET /session/2eb25f1cbe9612d735ab0219d8fb520b/screenshot - {}
RESULT: {"script":"<script> [1562 bytes]","args":[{"selector":{"controlType":"sap.m.Button","viewName":"etm.portal.ui.managehandovers.view.AddNewHO","viewId":"application-managehandovers-display-component---AddNewHO","i18NText":{"propertyName":"tooltip","key":"addItems"}},"wdio_ui5_key":"etmportal.ui.managehandovers.view.AddNewHOsap.m.Button{\"propertyName\":\"tooltip\",\"key\":\"addItems\"}"}]}
RESULT: undefined
COMMAND: POST /session/2eb25f1cbe9612d735ab0219d8fb520b/element - {"using":"xpath","value":"//*[@id=\"__button349\"]"}
RESULT: {}
RESULT: {"using":"xpath","value":"//*[@id=\"__button349\"]"}
COMMAND: POST /session/2eb25f1cbe9612d735ab0219d8fb520b/element/f.1920C544C16071EF810842AAA08EA988.d.7FF7DC5FC7E94DC48310FEC75F763D80.e.17743/click - {}
RESULT: {}
COMMAND: GET /session/2eb25f1cbe9612d735ab0219d8fb520b/screenshot - {}
RESULT: {}
COMMAND: POST /session/2eb25f1cbe9612d735ab0219d8fb520b/element - {"using":"css selector","value":"div[id= \"application-managehandovers-display-component---AddNewHO--popup-sa-CbBg\"]"}
RESULT: {"using":"css selector","value":"div[id= \"application-managehandovers-display-component---AddNewHO--popup-sa-CbBg\"]"}
COMMAND: POST /session/2eb25f1cbe9612d735ab0219d8fb520b/element/f.1920C544C16071EF810842AAA08EA988.d.7FF7DC5FC7E94DC48310FEC75F763D80.e.17753/click - {}
RESULT: {}
COMMAND: GET /session/2eb25f1cbe9612d735ab0219d8fb520b/screenshot - {}
RESULT: {}
COMMAND: POST /session/2eb25f1cbe9612d735ab0219d8fb520b/element - {"using":"xpath","value":"//bdi[(text() = 'Select' or . = 'Select')]"}
RESULT: {"using":"xpath","value":"//bdi[(text() = 'Select' or . = 'Select')]"}
COMMAND: POST /session/2eb25f1cbe9612d735ab0219d8fb520b/element/f.1920C544C16071EF810842AAA08EA988.d.7FF7DC5FC7E94DC48310FEC75F763D80.e.17755/click - {}
RESULT: {}
COMMAND: GET /session/2eb25f1cbe9612d735ab0219d8fb520b/screenshot - {}
RESULT: {}
COMMAND: POST /session/2eb25f1cbe9612d735ab0219d8fb520b/element - {"using":"xpath","value":"//bdi[(text() = 'Save' or . = 'Save')]"}
RESULT: {"using":"xpath","value":"//bdi[(text() = 'Save' or . = 'Save')]"}
COMMAND: POST /session/2eb25f1cbe9612d735ab0219d8fb520b/element/f.1920C544C16071EF810842AAA08EA988.d.7FF7DC5FC7E94DC48310FEC75F763D80.e.17763/click - {}
RESULT: {}
COMMAND: GET /session/2eb25f1cbe9612d735ab0219d8fb520b/screenshot - {}
RESULT: {}
COMMAND: POST /session/2eb25f1cbe9612d735ab0219d8fb520b/element - {"using":"xpath","value":"//*[text()='OK']"}
RESULT: {"using":"xpath","value":"//*[text()='OK']"}
COMMAND: POST /session/2eb25f1cbe9612d735ab0219d8fb520b/elements - {"using":"xpath","value":"//*[text()='OK']"}
RESULT: {"using":"xpath","value":"//*[text()='OK']"}
COMMAND: POST /session/2eb25f1cbe9612d735ab0219d8fb520b/elements - {"using":"xpath","value":"//*[text()='OK']"}
RESULT: {"using":"xpath","value":"//*[text()='OK']"}
COMMAND: POST /session/2eb25f1cbe9612d735ab0219d8fb520b/elements - {"using":"xpath","value":"//*[text()='OK']"}
RESULT: {"using":"xpath","value":"//*[text()='OK']"}
COMMAND: POST /session/2eb25f1cbe9612d735ab0219d8fb520b/elements - {"using":"xpath","value":"//*[text()='OK']"}
RESULT: {"using":"xpath","value":"//*[text()='OK']"}
COMMAND: POST /session/2eb25f1cbe9612d735ab0219d8fb520b/elements - {"using":"xpath","value":"//*[text()='OK']"}
RESULT: {"using":"xpath","value":"//*[text()='OK']"}
COMMAND: POST /session/2eb25f1cbe9612d735ab0219d8fb520b/elements - {"using":"xpath","value":"//*[text()='OK']"}
RESULT: {"using":"xpath","value":"//*[text()='OK']"}
COMMAND: POST /session/2eb25f1cbe9612d735ab0219d8fb520b/elements - {"using":"xpath","value":"//*[text()='OK']"}
RESULT: {"using":"xpath","value":"//*[text()='OK']"}
COMMAND: POST /session/2eb25f1cbe9612d735ab0219d8fb520b/elements - {"using":"xpath","value":"//*[text()='OK']"}
RESULT: {"using":"xpath","value":"//*[text()='OK']"}
COMMAND: POST /session/2eb25f1cbe9612d735ab0219d8fb520b/elements - {"using":"xpath","value":"//*[text()='OK']"}
RESULT: {"using":"xpath","value":"//*[text()='OK']"}
COMMAND: POST /session/2eb25f1cbe9612d735ab0219d8fb520b/elements - {"using":"xpath","value":"//*[text()='OK']"}
RESULT: {"using":"xpath","value":"//*[text()='OK']"}
COMMAND: POST /session/2eb25f1cbe9612d735ab0219d8fb520b/elements - {"using":"xpath","value":"//*[text()='OK']"}
RESULT: {"using":"xpath","value":"//*[text()='OK']"}
COMMAND: POST /session/2eb25f1cbe9612d735ab0219d8fb520b/elements - {"using":"xpath","value":"//*[text()='OK']"}
RESULT: {"using":"xpath","value":"//*[text()='OK']"}
COMMAND: POST /session/2eb25f1cbe9612d735ab0219d8fb520b/elements - {"using":"xpath","value":"//*[text()='OK']"}
RESULT: {"using":"xpath","value":"//*[text()='OK']"}
COMMAND: POST /session/2eb25f1cbe9612d735ab0219d8fb520b/elements - {"using":"xpath","value":"//*[text()='OK']"}
RESULT: {"using":"xpath","value":"//*[text()='OK']"}
COMMAND: POST /session/2eb25f1cbe9612d735ab0219d8fb520b/elements - {"using":"xpath","value":"//*[text()='OK']"}
RESULT: {"using":"xpath","value":"//*[text()='OK']"}
COMMAND: POST /session/2eb25f1cbe9612d735ab0219d8fb520b/elements - {"using":"xpath","value":"//*[text()='OK']"}
RESULT: {"using":"xpath","value":"//*[text()='OK']"}
COMMAND: POST /session/2eb25f1cbe9612d735ab0219d8fb520b/elements - {"using":"xpath","value":"//*[text()='OK']"}
RESULT: {"using":"xpath","value":"//*[text()='OK']"}
COMMAND: POST /session/2eb25f1cbe9612d735ab0219d8fb520b/elements - {"using":"xpath","value":"//*[text()='OK']"}
RESULT: {"using":"xpath","value":"//*[text()='OK']"}
COMMAND: POST /session/2eb25f1cbe9612d735ab0219d8fb520b/elements - {"using":"xpath","value":"//*[text()='OK']"}
RESULT: {"using":"xpath","value":"//*[text()='OK']"}
COMMAND: POST /session/2eb25f1cbe9612d735ab0219d8fb520b/elements - {"using":"xpath","value":"//*[text()='OK']"}
RESULT: {"using":"xpath","value":"//*[text()='OK']"}
COMMAND: POST /session/2eb25f1cbe9612d735ab0219d8fb520b/elements - {"using":"xpath","value":"//*[text()='OK']"}
RESULT: {"using":"xpath","value":"//*[text()='OK']"}
COMMAND: POST /session/2eb25f1cbe9612d735ab0219d8fb520b/elements - {"using":"xpath","value":"//*[text()='OK']"}
RESULT: {"using":"xpath","value":"//*[text()='OK']"}
COMMAND: POST /session/2eb25f1cbe9612d735ab0219d8fb520b/elements - {"using":"xpath","value":"//*[text()='OK']"}
RESULT: {"using":"xpath","value":"//*[text()='OK']"}
COMMAND: POST /session/2eb25f1cbe9612d735ab0219d8fb520b/elements - {"using":"xpath","value":"//*[text()='OK']"}
RESULT: {"using":"xpath","value":"//*[text()='OK']"}
COMMAND: POST /session/2eb25f1cbe9612d735ab0219d8fb520b/elements - {"using":"xpath","value":"//*[text()='OK']"}
RESULT: {"using":"xpath","value":"//*[text()='OK']"}
COMMAND: POST /session/2eb25f1cbe9612d735ab0219d8fb520b/elements - {"using":"xpath","value":"//*[text()='OK']"}
RESULT: {"using":"xpath","value":"//*[text()='OK']"}
COMMAND: POST /session/2eb25f1cbe9612d735ab0219d8fb520b/elements - {"using":"xpath","value":"//*[text()='OK']"}
RESULT: {"using":"xpath","value":"//*[text()='OK']"}
COMMAND: POST /session/2eb25f1cbe9612d735ab0219d8fb520b/elements - {"using":"xpath","value":"//*[text()='OK']"}
RESULT: {"using":"xpath","value":"//*[text()='OK']"}
COMMAND: POST /session/2eb25f1cbe9612d735ab0219d8fb520b/elements - {"using":"xpath","value":"//*[text()='OK']"}
RESULT: {"using":"xpath","value":"//*[text()='OK']"}
COMMAND: POST /session/2eb25f1cbe9612d735ab0219d8fb520b/elements - {"using":"xpath","value":"//*[text()='OK']"}
RESULT: {"using":"xpath","value":"//*[text()='OK']"}
COMMAND: POST /session/2eb25f1cbe9612d735ab0219d8fb520b/elements - {"using":"xpath","value":"//*[text()='OK']"}
RESULT: {"using":"xpath","value":"//*[text()='OK']"}
COMMAND: POST /session/2eb25f1cbe9612d735ab0219d8fb520b/elements - {"using":"xpath","value":"//*[text()='OK']"}
RESULT: {"using":"xpath","value":"//*[text()='OK']"}
COMMAND: POST /session/2eb25f1cbe9612d735ab0219d8fb520b/elements - {"using":"xpath","value":"//*[text()='OK']"}
RESULT: {"using":"xpath","value":"//*[text()='OK']"}
COMMAND: POST /session/2eb25f1cbe9612d735ab0219d8fb520b/elements - {"using":"xpath","value":"//*[text()='OK']"}
RESULT: {"using":"xpath","value":"//*[text()='OK']"}
COMMAND: POST /session/2eb25f1cbe9612d735ab0219d8fb520b/elements - {"using":"xpath","value":"//*[text()='OK']"}
RESULT: {"using":"xpath","value":"//*[text()='OK']"}
COMMAND: POST /session/2eb25f1cbe9612d735ab0219d8fb520b/elements - {"using":"xpath","value":"//*[text()='OK']"}
RESULT: {"using":"xpath","value":"//*[text()='OK']"}
COMMAND: POST /session/2eb25f1cbe9612d735ab0219d8fb520b/elements - {"using":"xpath","value":"//*[text()='OK']"}
RESULT: {"using":"xpath","value":"//*[text()='OK']"}
COMMAND: POST /session/2eb25f1cbe9612d735ab0219d8fb520b/elements - {"using":"xpath","value":"//*[text()='OK']"}
RESULT: {"using":"xpath","value":"//*[text()='OK']"}
COMMAND: POST /session/2eb25f1cbe9612d735ab0219d8fb520b/elements - {"using":"xpath","value":"//*[text()='OK']"}
RESULT: {"using":"xpath","value":"//*[text()='OK']"}
COMMAND: POST /session/2eb25f1cbe9612d735ab0219d8fb520b/elements - {"using":"xpath","value":"//*[text()='OK']"}
RESULT: {"using":"xpath","value":"//*[text()='OK']"}
COMMAND: POST /session/2eb25f1cbe9612d735ab0219d8fb520b/elements - {"using":"xpath","value":"//*[text()='OK']"}
RESULT: {"using":"xpath","value":"//*[text()='OK']"}
COMMAND: POST /session/2eb25f1cbe9612d735ab0219d8fb520b/elements - {"using":"xpath","value":"//*[text()='OK']"}
RESULT: {"using":"xpath","value":"//*[text()='OK']"}
COMMAND: POST /session/2eb25f1cbe9612d735ab0219d8fb520b/elements - {"using":"xpath","value":"//*[text()='OK']"}
RESULT: {"using":"xpath","value":"//*[text()='OK']"}
COMMAND: POST /session/2eb25f1cbe9612d735ab0219d8fb520b/elements - {"using":"xpath","value":"//*[text()='OK']"}
RESULT: {"using":"xpath","value":"//*[text()='OK']"}
COMMAND: POST /session/2eb25f1cbe9612d735ab0219d8fb520b/elements - {"using":"xpath","value":"//*[text()='OK']"}
RESULT: {"using":"xpath","value":"//*[text()='OK']"}
COMMAND: POST /session/2eb25f1cbe9612d735ab0219d8fb520b/elements - {"using":"xpath","value":"//*[text()='OK']"}
RESULT: {"using":"xpath","value":"//*[text()='OK']"}
COMMAND: POST /session/2eb25f1cbe9612d735ab0219d8fb520b/elements - {"using":"xpath","value":"//*[text()='OK']"}
RESULT: {"using":"xpath","value":"//*[text()='OK']"}
COMMAND: POST /session/2eb25f1cbe9612d735ab0219d8fb520b/elements - {"using":"xpath","value":"//*[text()='OK']"}
RESULT: {"using":"xpath","value":"//*[text()='OK']"}
COMMAND: POST /session/2eb25f1cbe9612d735ab0219d8fb520b/elements - {"using":"xpath","value":"//*[text()='OK']"}
RESULT: {"using":"xpath","value":"//*[text()='OK']"}
COMMAND: POST /session/2eb25f1cbe9612d735ab0219d8fb520b/elements - {"using":"xpath","value":"//*[text()='OK']"}
RESULT: {"using":"xpath","value":"//*[text()='OK']"}
COMMAND: POST /session/2eb25f1cbe9612d735ab0219d8fb520b/elements - {"using":"xpath","value":"//*[text()='OK']"}
RESULT: {"using":"xpath","value":"//*[text()='OK']"}
COMMAND: POST /session/2eb25f1cbe9612d735ab0219d8fb520b/elements - {"using":"xpath","value":"//*[text()='OK']"}
RESULT: {"using":"xpath","value":"//*[text()='OK']"}
COMMAND: POST /session/2eb25f1cbe9612d735ab0219d8fb520b/elements - {"using":"xpath","value":"//*[text()='OK']"}
RESULT: {"using":"xpath","value":"//*[text()='OK']"}
COMMAND: POST /session/2eb25f1cbe9612d735ab0219d8fb520b/elements - {"using":"xpath","value":"//*[text()='OK']"}
RESULT: {"using":"xpath","value":"//*[text()='OK']"}
COMMAND: POST /session/2eb25f1cbe9612d735ab0219d8fb520b/elements - {"using":"xpath","value":"//*[text()='OK']"}
RESULT: {"using":"xpath","value":"//*[text()='OK']"}
COMMAND: POST /session/2eb25f1cbe9612d735ab0219d8fb520b/elements - {"using":"xpath","value":"//*[text()='OK']"}
RESULT: {"using":"xpath","value":"//*[text()='OK']"}
COMMAND: POST /session/2eb25f1cbe9612d735ab0219d8fb520b/elements - {"using":"xpath","value":"//*[text()='OK']"}
RESULT: {"using":"xpath","value":"//*[text()='OK']"}
COMMAND: POST /session/2eb25f1cbe9612d735ab0219d8fb520b/elements - {"using":"xpath","value":"//*[text()='OK']"}
RESULT: {"using":"xpath","value":"//*[text()='OK']"}
COMMAND: POST /session/2eb25f1cbe9612d735ab0219d8fb520b/elements - {"using":"xpath","value":"//*[text()='OK']"}
RESULT: {"using":"xpath","value":"//*[text()='OK']"}
COMMAND: POST /session/2eb25f1cbe9612d735ab0219d8fb520b/elements - {"using":"xpath","value":"//*[text()='OK']"}
RESULT: {"using":"xpath","value":"//*[text()='OK']"}
COMMAND: POST /session/2eb25f1cbe9612d735ab0219d8fb520b/elements - {"using":"xpath","value":"//*[text()='OK']"}
RESULT: {"using":"xpath","value":"//*[text()='OK']"}
COMMAND: POST /session/2eb25f1cbe9612d735ab0219d8fb520b/elements - {"using":"xpath","value":"//*[text()='OK']"}
RESULT: {"using":"xpath","value":"//*[text()='OK']"}
COMMAND: POST /session/2eb25f1cbe9612d735ab0219d8fb520b/elements - {"using":"xpath","value":"//*[text()='OK']"}
RESULT: {"using":"xpath","value":"//*[text()='OK']"}
COMMAND: POST /session/2eb25f1cbe9612d735ab0219d8fb520b/elements - {"using":"xpath","value":"//*[text()='OK']"}
RESULT: {"using":"xpath","value":"//*[text()='OK']"}
COMMAND: POST /session/2eb25f1cbe9612d735ab0219d8fb520b/elements - {"using":"xpath","value":"//*[text()='OK']"}
RESULT: {"using":"xpath","value":"//*[text()='OK']"}
COMMAND: POST /session/2eb25f1cbe9612d735ab0219d8fb520b/elements - {"using":"xpath","value":"//*[text()='OK']"}
RESULT: {"using":"xpath","value":"//*[text()='OK']"}
COMMAND: POST /session/2eb25f1cbe9612d735ab0219d8fb520b/elements - {"using":"xpath","value":"//*[text()='OK']"}
RESULT: {"using":"xpath","value":"//*[text()='OK']"}
COMMAND: POST /session/2eb25f1cbe9612d735ab0219d8fb520b/elements - {"using":"xpath","value":"//*[text()='OK']"}
RESULT: {"using":"xpath","value":"//*[text()='OK']"}
COMMAND: POST /session/2eb25f1cbe9612d735ab0219d8fb520b/elements - {"using":"xpath","value":"//*[text()='OK']"}
RESULT: {"using":"xpath","value":"//*[text()='OK']"}
COMMAND: POST /session/2eb25f1cbe9612d735ab0219d8fb520b/elements - {"using":"xpath","value":"//*[text()='OK']"}
RESULT: {"using":"xpath","value":"//*[text()='OK']"}
COMMAND: POST /session/2eb25f1cbe9612d735ab0219d8fb520b/elements - {"using":"xpath","value":"//*[text()='OK']"}
RESULT: {"using":"xpath","value":"//*[text()='OK']"}
COMMAND: POST /session/2eb25f1cbe9612d735ab0219d8fb520b/elements - {"using":"xpath","value":"//*[text()='OK']"}
RESULT: {"using":"xpath","value":"//*[text()='OK']"}
COMMAND: POST /session/2eb25f1cbe9612d735ab0219d8fb520b/elements - {"using":"xpath","value":"//*[text()='OK']"}
RESULT: {"using":"xpath","value":"//*[text()='OK']"}
COMMAND: POST /session/2eb25f1cbe9612d735ab0219d8fb520b/elements - {"using":"xpath","value":"//*[text()='OK']"}
RESULT: {"using":"xpath","value":"//*[text()='OK']"}
COMMAND: POST /session/2eb25f1cbe9612d735ab0219d8fb520b/elements - {"using":"xpath","value":"//*[text()='OK']"}
RESULT: {"using":"xpath","value":"//*[text()='OK']"}
COMMAND: POST /session/2eb25f1cbe9612d735ab0219d8fb520b/elements - {"using":"xpath","value":"//*[text()='OK']"}
RESULT: {"using":"xpath","value":"//*[text()='OK']"}
COMMAND: POST /session/2eb25f1cbe9612d735ab0219d8fb520b/elements - {"using":"xpath","value":"//*[text()='OK']"}
RESULT: {"using":"xpath","value":"//*[text()='OK']"}
COMMAND: POST /session/2eb25f1cbe9612d735ab0219d8fb520b/elements - {"using":"xpath","value":"//*[text()='OK']"}
RESULT: {"using":"xpath","value":"//*[text()='OK']"}
COMMAND: POST /session/2eb25f1cbe9612d735ab0219d8fb520b/elements - {"using":"xpath","value":"//*[text()='OK']"}
RESULT: {"using":"xpath","value":"//*[text()='OK']"}
COMMAND: POST /session/2eb25f1cbe9612d735ab0219d8fb520b/elements - {"using":"xpath","value":"//*[text()='OK']"}
RESULT: {"using":"xpath","value":"//*[text()='OK']"}
COMMAND: POST /session/2eb25f1cbe9612d735ab0219d8fb520b/elements - {"using":"xpath","value":"//*[text()='OK']"}
RESULT: {"using":"xpath","value":"//*[text()='OK']"}
COMMAND: POST /session/2eb25f1cbe9612d735ab0219d8fb520b/elements - {"using":"xpath","value":"//*[text()='OK']"}
RESULT: {"using":"xpath","value":"//*[text()='OK']"}
COMMAND: POST /session/2eb25f1cbe9612d735ab0219d8fb520b/elements - {"using":"xpath","value":"//*[text()='OK']"}
RESULT: {"using":"xpath","value":"//*[text()='OK']"}
COMMAND: POST /session/2eb25f1cbe9612d735ab0219d8fb520b/elements - {"using":"xpath","value":"//*[text()='OK']"}
RESULT: {"using":"xpath","value":"//*[text()='OK']"}
COMMAND: POST /session/2eb25f1cbe9612d735ab0219d8fb520b/elements - {"using":"xpath","value":"//*[text()='OK']"}
RESULT: {"using":"xpath","value":"//*[text()='OK']"}
COMMAND: POST /session/2eb25f1cbe9612d735ab0219d8fb520b/elements - {"using":"xpath","value":"//*[text()='OK']"}
RESULT: {"using":"xpath","value":"//*[text()='OK']"}
COMMAND: POST /session/2eb25f1cbe9612d735ab0219d8fb520b/elements - {"using":"xpath","value":"//*[text()='OK']"}
RESULT: {"using":"xpath","value":"//*[text()='OK']"}
COMMAND: POST /session/2eb25f1cbe9612d735ab0219d8fb520b/elements - {"using":"xpath","value":"//*[text()='OK']"}
RESULT: {"using":"xpath","value":"//*[text()='OK']"}
COMMAND: POST /session/2eb25f1cbe9612d735ab0219d8fb520b/element - {"using":"xpath","value":"//*[text()='provide (prepared)']"}
RESULT: {"using":"xpath","value":"//*[text()='provide (prepared)']"}
COMMAND: GET /session/2eb25f1cbe9612d735ab0219d8fb520b/element/f.1920C544C16071EF810842AAA08EA988.d.7FF7DC5FC7E94DC48310FEC75F763D80.e.17808/text - {}
RESULT: {}
COMMAND: POST /session/2eb25f1cbe9612d735ab0219d8fb520b/element - {"using":"xpath","value":"//*[contains(text(), \"Instructions\")][@class=\"sapMITHTextContent\"]"}
RESULT: {"using":"xpath","value":"//*[contains(text(), \"Instructions\")][@class=\"sapMITHTextContent\"]"}
COMMAND: POST /session/2eb25f1cbe9612d735ab0219d8fb520b/execute/sync - {"script":"<script> [8489 bytes]","args":[{"element-6066-11e4-a52e-4f735466cecf":"f.1920C544C16071EF810842AAA08EA988.d.7FF7DC5FC7E94DC48310FEC75F763D80.e.17809","ELEMENT":"f.1920C544C16071EF810842AAA08EA988.d.7FF7DC5FC7E94DC48310FEC75F763D80.e.17809"}]}
RESULT: {"script":"<script> [8489 bytes]","args":[{"element-6066-11e4-a52e-4f735466cecf":"f.1920C544C16071EF810842AAA08EA988.d.7FF7DC5FC7E94DC48310FEC75F763D80.e.17809","ELEMENT":"f.1920C544C16071EF810842AAA08EA988.d.7FF7DC5FC7E94DC48310FEC75F763D80.e.17809"}]}
COMMAND: POST /session/2eb25f1cbe9612d735ab0219d8fb520b/execute/sync - {"script":"<script> [5351 bytes]","args":[{"element-6066-11e4-a52e-4f735466cecf":"f.1920C544C16071EF810842AAA08EA988.d.7FF7DC5FC7E94DC48310FEC75F763D80.e.17809","ELEMENT":"f.1920C544C16071EF810842AAA08EA988.d.7FF7DC5FC7E94DC48310FEC75F763D80.e.17809"}]}
COMMAND: GET /session/2eb25f1cbe9612d735ab0219d8fb520b/screenshot - {}
RESULT: {"script":"<script> [5351 bytes]","args":[{"element-6066-11e4-a52e-4f735466cecf":"f.1920C544C16071EF810842AAA08EA988.d.7FF7DC5FC7E94DC48310FEC75F763D80.e.17809","ELEMENT":"f.1920C544C16071EF810842AAA08EA988.d.7FF7DC5FC7E94DC48310FEC75F763D80.e.17809"}]}
COMMAND: POST /session/2eb25f1cbe9612d735ab0219d8fb520b/element/f.1920C544C16071EF810842AAA08EA988.d.7FF7DC5FC7E94DC48310FEC75F763D80.e.17809/click - {}
COMMAND: GET /session/2eb25f1cbe9612d735ab0219d8fb520b/screenshot - {}
RESULT: {}
RESULT: {}
COMMAND: POST /session/2eb25f1cbe9612d735ab0219d8fb520b/actions - {"actions":[{"id":"action68","type":"key","parameters":{},"actions":[{"type":"keyDown","value":"î€‡"},{"type":"pause","duration":10},{"type":"keyUp","value":"î€‡"}]}]}
COMMAND: GET /session/2eb25f1cbe9612d735ab0219d8fb520b/screenshot - {}
RESULT: {}
RESULT: {"actions":[{"id":"action68","type":"key","parameters":{},"actions":[{"type":"keyDown","value":"î€‡"},{"type":"pause","duration":10},{"type":"keyUp","value":"î€‡"}]}]}
COMMAND: POST /session/2eb25f1cbe9612d735ab0219d8fb520b/element - {"using":"css selector","value":"#pickDialog--hoItemsTable-sa-CbBg"}
COMMAND: GET /session/2eb25f1cbe9612d735ab0219d8fb520b/screenshot - {}
RESULT: {}
RESULT: {"using":"css selector","value":"#pickDialog--hoItemsTable-sa-CbBg"}
COMMAND: GET /session/2eb25f1cbe9612d735ab0219d8fb520b/element/f.1920C544C16071EF810842AAA08EA988.d.7FF7DC5FC7E94DC48310FEC75F763D80.e.17815/enabled - {}
RESULT: {}
RESULT: {}
COMMAND: POST /session/2eb25f1cbe9612d735ab0219d8fb520b/execute/sync - {"script":"<script> [8489 bytes]","args":[{"element-6066-11e4-a52e-4f735466cecf":"f.1920C544C16071EF810842AAA08EA988.d.7FF7DC5FC7E94DC48310FEC75F763D80.e.17815","ELEMENT":"f.1920C544C16071EF810842AAA08EA988.d.7FF7DC5FC7E94DC48310FEC75F763D80.e.17815"}]}
COMMAND: GET /session/2eb25f1cbe9612d735ab0219d8fb520b/screenshot - {}
RESULT: {}
RESULT: {"script":"<script> [8489 bytes]","args":[{"element-6066-11e4-a52e-4f735466cecf":"f.1920C544C16071EF810842AAA08EA988.d.7FF7DC5FC7E94DC48310FEC75F763D80.e.17815","ELEMENT":"f.1920C544C16071EF810842AAA08EA988.d.7FF7DC5FC7E94DC48310FEC75F763D80.e.17815"}]}
COMMAND: POST /session/2eb25f1cbe9612d735ab0219d8fb520b/execute/sync - {"script":"<script> [5351 bytes]","args":[{"element-6066-11e4-a52e-4f735466cecf":"f.1920C544C16071EF810842AAA08EA988.d.7FF7DC5FC7E94DC48310FEC75F763D80.e.17815","ELEMENT":"f.1920C544C16071EF810842AAA08EA988.d.7FF7DC5FC7E94DC48310FEC75F763D80.e.17815"}]}
COMMAND: GET /session/2eb25f1cbe9612d735ab0219d8fb520b/screenshot - {}
RESULT: {"script":"<script> [5351 bytes]","args":[{"element-6066-11e4-a52e-4f735466cecf":"f.1920C544C16071EF810842AAA08EA988.d.7FF7DC5FC7E94DC48310FEC75F763D80.e.17815","ELEMENT":"f.1920C544C16071EF810842AAA08EA988.d.7FF7DC5FC7E94DC48310FEC75F763D80.e.17815"}]}
COMMAND: POST /session/2eb25f1cbe9612d735ab0219d8fb520b/element/f.1920C544C16071EF810842AAA08EA988.d.7FF7DC5FC7E94DC48310FEC75F763D80.e.17815/click - {}
COMMAND: GET /session/2eb25f1cbe9612d735ab0219d8fb520b/screenshot - {}
RESULT: {}
RESULT: {}
COMMAND: POST /session/2eb25f1cbe9612d735ab0219d8fb520b/element - {"using":"xpath","value":"//bdi[text()='Confirm All']"}
COMMAND: GET /session/2eb25f1cbe9612d735ab0219d8fb520b/screenshot - {}
RESULT: {}
RESULT: {"using":"xpath","value":"//bdi[text()='Confirm All']"}
COMMAND: GET /session/2eb25f1cbe9612d735ab0219d8fb520b/element/f.1920C544C16071EF810842AAA08EA988.d.7FF7DC5FC7E94DC48310FEC75F763D80.e.17818/enabled - {}
RESULT: {}
RESULT: {}
COMMAND: POST /session/2eb25f1cbe9612d735ab0219d8fb520b/execute/sync - {"script":"<script> [8489 bytes]","args":[{"element-6066-11e4-a52e-4f735466cecf":"f.1920C544C16071EF810842AAA08EA988.d.7FF7DC5FC7E94DC48310FEC75F763D80.e.17818","ELEMENT":"f.1920C544C16071EF810842AAA08EA988.d.7FF7DC5FC7E94DC48310FEC75F763D80.e.17818"}]}
COMMAND: GET /session/2eb25f1cbe9612d735ab0219d8fb520b/screenshot - {}
RESULT: {"script":"<script> [8489 bytes]","args":[{"element-6066-11e4-a52e-4f735466cecf":"f.1920C544C16071EF810842AAA08EA988.d.7FF7DC5FC7E94DC48310FEC75F763D80.e.17818","ELEMENT":"f.1920C544C16071EF810842AAA08EA988.d.7FF7DC5FC7E94DC48310FEC75F763D80.e.17818"}]}
COMMAND: POST /session/2eb25f1cbe9612d735ab0219d8fb520b/execute/sync - {"script":"<script> [5351 bytes]","args":[{"element-6066-11e4-a52e-4f735466cecf":"f.1920C544C16071EF810842AAA08EA988.d.7FF7DC5FC7E94DC48310FEC75F763D80.e.17818","ELEMENT":"f.1920C544C16071EF810842AAA08EA988.d.7FF7DC5FC7E94DC48310FEC75F763D80.e.17818"}]}
COMMAND: GET /session/2eb25f1cbe9612d735ab0219d8fb520b/screenshot - {}
RESULT: {}
RESULT: {"script":"<script> [5351 bytes]","args":[{"element-6066-11e4-a52e-4f735466cecf":"f.1920C544C16071EF810842AAA08EA988.d.7FF7DC5FC7E94DC48310FEC75F763D80.e.17818","ELEMENT":"f.1920C544C16071EF810842AAA08EA988.d.7FF7DC5FC7E94DC48310FEC75F763D80.e.17818"}]}
COMMAND: POST /session/2eb25f1cbe9612d735ab0219d8fb520b/element/f.1920C544C16071EF810842AAA08EA988.d.7FF7DC5FC7E94DC48310FEC75F763D80.e.17818/click - {}
COMMAND: GET /session/2eb25f1cbe9612d735ab0219d8fb520b/screenshot - {}
RESULT: {}
RESULT: {}
COMMAND: GET /session/2eb25f1cbe9612d735ab0219d8fb520b/screenshot - {}
RESULT: {}
RESULT: {}
COMMAND: POST /session/2eb25f1cbe9612d735ab0219d8fb520b/actions - {"actions":[{"id":"action69","type":"key","parameters":{},"actions":[{"type":"keyDown","value":"î€‡"},{"type":"pause","duration":10},{"type":"keyUp","value":"î€‡"}]}]}
RESULT: {"actions":[{"id":"action69","type":"key","parameters":{},"actions":[{"type":"keyDown","value":"î€‡"},{"type":"pause","duration":10},{"type":"keyUp","value":"î€‡"}]}]}
COMMAND: POST /session/2eb25f1cbe9612d735ab0219d8fb520b/actions - {"actions":[{"id":"action70","type":"key","parameters":{},"actions":[{"type":"keyDown","value":"î€‡"},{"type":"pause","duration":10},{"type":"keyUp","value":"î€‡"}]}]}
COMMAND: GET /session/2eb25f1cbe9612d735ab0219d8fb520b/screenshot - {}
RESULT: {"actions":[{"id":"action70","type":"key","parameters":{},"actions":[{"type":"keyDown","value":"î€‡"},{"type":"pause","duration":10},{"type":"keyUp","value":"î€‡"}]}]}
COMMAND: POST /session/2eb25f1cbe9612d735ab0219d8fb520b/execute/async - {"script":"<script> [1562 bytes]","args":[{"selector":{"id":"statesDialog--okBttnStatesDialog","searchOpenDialogs":true,"interaction":{"idSuffix":"BDI-content"}},"wdio_ui5_key":"statesDialogokBttnStatesDialog"}]}
COMMAND: GET /session/2eb25f1cbe9612d735ab0219d8fb520b/screenshot - {}
RESULT: {}
RESULT: {"script":"<script> [1562 bytes]","args":[{"selector":{"id":"statesDialog--okBttnStatesDialog","searchOpenDialogs":true,"interaction":{"idSuffix":"BDI-content"}},"wdio_ui5_key":"statesDialogokBttnStatesDialog"}]}
RESULT: undefined
RESULT: {}
RESULT: undefined
RESULT: undefined
COMMAND: POST /session/2eb25f1cbe9612d735ab0219d8fb520b/actions - {"actions":[{"id":"action71","type":"key","parameters":{},"actions":[{"type":"keyDown","value":"î€‡"},{"type":"pause","duration":10},{"type":"keyUp","value":"î€‡"}]}]}
RESULT: {"actions":[{"id":"action71","type":"key","parameters":{},"actions":[{"type":"keyDown","value":"î€‡"},{"type":"pause","duration":10},{"type":"keyUp","value":"î€‡"}]}]}
COMMAND: POST /session/2eb25f1cbe9612d735ab0219d8fb520b/execute/async - {"script":"<script> [1562 bytes]","args":[{"selector":{"controlType":"sap.m.Text","viewName":"etm.portal.ui.managehandovers.view.DetailExecuteHO","bindingPath":{"propertyPath":"NO","modelName":"catalogModel"}},"wdio_ui5_key":"etmportal.ui.managehandovers.view.DetailExecuteHOsap.m.Text{\"propertyPath\":\"NO\",\"modelName\":\"catalogModel\"}"}]}
COMMAND: GET /session/2eb25f1cbe9612d735ab0219d8fb520b/screenshot - {}
RESULT: {"script":"<script> [1562 bytes]","args":[{"selector":{"controlType":"sap.m.Text","viewName":"etm.portal.ui.managehandovers.view.DetailExecuteHO","bindingPath":{"propertyPath":"NO","modelName":"catalogModel"}},"wdio_ui5_key":"etmportal.ui.managehandovers.view.DetailExecuteHOsap.m.Text{\"propertyPath\":\"NO\",\"modelName\":\"catalogModel\"}"}]}
RESULT: undefined
COMMAND: POST /session/2eb25f1cbe9612d735ab0219d8fb520b/execute/async - {"script":"<script> [6424 bytes]","args":[{"element-6066-11e4-a52e-4f735466cecf":"f.1920C544C16071EF810842AAA08EA988.d.7FF7DC5FC7E94DC48310FEC75F763D80.e.17824"},"getText",[]]}
RESULT: {}
RESULT: {"script":"<script> [6424 bytes]","args":[{"element-6066-11e4-a52e-4f735466cecf":"f.1920C544C16071EF810842AAA08EA988.d.7FF7DC5FC7E94DC48310FEC75F763D80.e.17824"},"getText",[]]}
COMMAND: POST /session/2eb25f1cbe9612d735ab0219d8fb520b/actions - {"actions":[{"id":"action72","type":"key","parameters":{},"actions":[{"type":"keyDown","value":"î€‡"},{"type":"pause","duration":10},{"type":"keyUp","value":"î€‡"}]}]}
RESULT: {"actions":[{"id":"action72","type":"key","parameters":{},"actions":[{"type":"keyDown","value":"î€‡"},{"type":"pause","duration":10},{"type":"keyUp","value":"î€‡"}]}]}
COMMAND: GET /session/2eb25f1cbe9612d735ab0219d8fb520b/screenshot - {}
RESULT: {}
COMMAND: POST /session/2eb25f1cbe9612d735ab0219d8fb520b/element - {"using":"xpath","value":"//bdi[text()='OK']"}
RESULT: {"using":"xpath","value":"//bdi[text()='OK']"}
COMMAND: POST /session/2eb25f1cbe9612d735ab0219d8fb520b/element - {"using":"xpath","value":"//bdi[text()='OK']"}
RESULT: {"using":"xpath","value":"//bdi[text()='OK']"}
COMMAND: POST /session/2eb25f1cbe9612d735ab0219d8fb520b/actions - {"actions":[{"id":"action73","type":"key","parameters":{},"actions":[{"type":"keyDown","value":"î€‡"},{"type":"pause","duration":10},{"type":"keyUp","value":"î€‡"}]}]}
RESULT: {"actions":[{"id":"action73","type":"key","parameters":{},"actions":[{"type":"keyDown","value":"î€‡"},{"type":"pause","duration":10},{"type":"keyUp","value":"î€‡"}]}]}
COMMAND: POST /session/2eb25f1cbe9612d735ab0219d8fb520b/element - {"using":"xpath","value":"//bdi[(text() = 'Confirm' or . = 'Confirm')]"}
COMMAND: GET /session/2eb25f1cbe9612d735ab0219d8fb520b/screenshot - {}
RESULT: {"using":"xpath","value":"//bdi[(text() = 'Confirm' or . = 'Confirm')]"}
COMMAND: POST /session/2eb25f1cbe9612d735ab0219d8fb520b/execute/sync - {"script":"<script> [8489 bytes]","args":[{"element-6066-11e4-a52e-4f735466cecf":"f.1920C544C16071EF810842AAA08EA988.d.7FF7DC5FC7E94DC48310FEC75F763D80.e.17827","ELEMENT":"f.1920C544C16071EF810842AAA08EA988.d.7FF7DC5FC7E94DC48310FEC75F763D80.e.17827"}]}
RESULT: {}
RESULT: {"script":"<script> [8489 bytes]","args":[{"element-6066-11e4-a52e-4f735466cecf":"f.1920C544C16071EF810842AAA08EA988.d.7FF7DC5FC7E94DC48310FEC75F763D80.e.17827","ELEMENT":"f.1920C544C16071EF810842AAA08EA988.d.7FF7DC5FC7E94DC48310FEC75F763D80.e.17827"}]}
COMMAND: POST /session/2eb25f1cbe9612d735ab0219d8fb520b/execute/sync - {"script":"<script> [8489 bytes]","args":[{"element-6066-11e4-a52e-4f735466cecf":"f.1920C544C16071EF810842AAA08EA988.d.7FF7DC5FC7E94DC48310FEC75F763D80.e.17827","ELEMENT":"f.1920C544C16071EF810842AAA08EA988.d.7FF7DC5FC7E94DC48310FEC75F763D80.e.17827"}]}
COMMAND: GET /session/2eb25f1cbe9612d735ab0219d8fb520b/screenshot - {}
RESULT: {"script":"<script> [8489 bytes]","args":[{"element-6066-11e4-a52e-4f735466cecf":"f.1920C544C16071EF810842AAA08EA988.d.7FF7DC5FC7E94DC48310FEC75F763D80.e.17827","ELEMENT":"f.1920C544C16071EF810842AAA08EA988.d.7FF7DC5FC7E94DC48310FEC75F763D80.e.17827"}]}
COMMAND: POST /session/2eb25f1cbe9612d735ab0219d8fb520b/execute/sync - {"script":"<script> [5351 bytes]","args":[{"element-6066-11e4-a52e-4f735466cecf":"f.1920C544C16071EF810842AAA08EA988.d.7FF7DC5FC7E94DC48310FEC75F763D80.e.17827","ELEMENT":"f.1920C544C16071EF810842AAA08EA988.d.7FF7DC5FC7E94DC48310FEC75F763D80.e.17827"}]}
COMMAND: GET /session/2eb25f1cbe9612d735ab0219d8fb520b/screenshot - {}
RESULT: {}
RESULT: {"script":"<script> [5351 bytes]","args":[{"element-6066-11e4-a52e-4f735466cecf":"f.1920C544C16071EF810842AAA08EA988.d.7FF7DC5FC7E94DC48310FEC75F763D80.e.17827","ELEMENT":"f.1920C544C16071EF810842AAA08EA988.d.7FF7DC5FC7E94DC48310FEC75F763D80.e.17827"}]}
COMMAND: POST /session/2eb25f1cbe9612d735ab0219d8fb520b/actions - {"actions":[{"id":"action74","type":"key","parameters":{},"actions":[{"type":"keyDown","value":"î€‡"},{"type":"pause","duration":10},{"type":"keyUp","value":"î€‡"}]}]}
COMMAND: GET /session/2eb25f1cbe9612d735ab0219d8fb520b/screenshot - {}
RESULT: {}
RESULT: {"actions":[{"id":"action74","type":"key","parameters":{},"actions":[{"type":"keyDown","value":"î€‡"},{"type":"pause","duration":10},{"type":"keyUp","value":"î€‡"}]}]}
COMMAND: POST /session/2eb25f1cbe9612d735ab0219d8fb520b/element - {"using":"xpath","value":"(//bdi[text()='Pick'])[1]"}
COMMAND: GET /session/2eb25f1cbe9612d735ab0219d8fb520b/screenshot - {}
RESULT: {}
RESULT: {"using":"xpath","value":"(//bdi[text()='Pick'])[1]"}
COMMAND: GET /session/2eb25f1cbe9612d735ab0219d8fb520b/element/f.1920C544C16071EF810842AAA08EA988.d.7FF7DC5FC7E94DC48310FEC75F763D80.e.17829/enabled - {}
RESULT: {}
RESULT: {}
COMMAND: POST /session/2eb25f1cbe9612d735ab0219d8fb520b/execute/sync - {"script":"<script> [8489 bytes]","args":[{"element-6066-11e4-a52e-4f735466cecf":"f.1920C544C16071EF810842AAA08EA988.d.7FF7DC5FC7E94DC48310FEC75F763D80.e.17829","ELEMENT":"f.1920C544C16071EF810842AAA08EA988.d.7FF7DC5FC7E94DC48310FEC75F763D80.e.17829"}]}
COMMAND: GET /session/2eb25f1cbe9612d735ab0219d8fb520b/screenshot - {}
RESULT: {"script":"<script> [8489 bytes]","args":[{"element-6066-11e4-a52e-4f735466cecf":"f.1920C544C16071EF810842AAA08EA988.d.7FF7DC5FC7E94DC48310FEC75F763D80.e.17829","ELEMENT":"f.1920C544C16071EF810842AAA08EA988.d.7FF7DC5FC7E94DC48310FEC75F763D80.e.17829"}]}
COMMAND: POST /session/2eb25f1cbe9612d735ab0219d8fb520b/execute/sync - {"script":"<script> [5351 bytes]","args":[{"element-6066-11e4-a52e-4f735466cecf":"f.1920C544C16071EF810842AAA08EA988.d.7FF7DC5FC7E94DC48310FEC75F763D80.e.17829","ELEMENT":"f.1920C544C16071EF810842AAA08EA988.d.7FF7DC5FC7E94DC48310FEC75F763D80.e.17829"}]}
COMMAND: GET /session/2eb25f1cbe9612d735ab0219d8fb520b/screenshot - {}
RESULT: {}
RESULT: {"script":"<script> [5351 bytes]","args":[{"element-6066-11e4-a52e-4f735466cecf":"f.1920C544C16071EF810842AAA08EA988.d.7FF7DC5FC7E94DC48310FEC75F763D80.e.17829","ELEMENT":"f.1920C544C16071EF810842AAA08EA988.d.7FF7DC5FC7E94DC48310FEC75F763D80.e.17829"}]}
COMMAND: POST /session/2eb25f1cbe9612d735ab0219d8fb520b/element/f.1920C544C16071EF810842AAA08EA988.d.7FF7DC5FC7E94DC48310FEC75F763D80.e.17829/click - {}
COMMAND: GET /session/2eb25f1cbe9612d735ab0219d8fb520b/screenshot - {}
RESULT: {}
RESULT: {}
COMMAND: POST /session/2eb25f1cbe9612d735ab0219d8fb520b/actions - {"actions":[{"id":"action75","type":"key","parameters":{},"actions":[{"type":"keyDown","value":"î€‡"},{"type":"pause","duration":10},{"type":"keyUp","value":"î€‡"}]}]}
COMMAND: GET /session/2eb25f1cbe9612d735ab0219d8fb520b/screenshot - {}
RESULT: {}
RESULT: {"actions":[{"id":"action75","type":"key","parameters":{},"actions":[{"type":"keyDown","value":"î€‡"},{"type":"pause","duration":10},{"type":"keyUp","value":"î€‡"}]}]}
COMMAND: GET /session/2eb25f1cbe9612d735ab0219d8fb520b/screenshot - {}
RESULT: {}
RESULT: {}
COMMAND: POST /session/2eb25f1cbe9612d735ab0219d8fb520b/execute/async - {"script":"<script> [1562 bytes]","args":[{"selector":{"controlType":"sap.m.SearchField","viewName":"etm.portal.ui.managehandovers.view.MasterHO","bindingPath":{"path":"","propertyPath":"/_BASIC_SEARCH_FIELD","modelName":"fi1t3rM0d31"},"interaction":{"idSuffix":"I"}},"wdio_ui5_key":"etmportal.ui.managehandovers.view.MasterHOsap.m.SearchField{\"path\":\"\",\"propertyPath\":\"/_BASIC_SEARCH_FIELD\",\"modelName\":\"fi1t3rM0d31\"}"}]}
RESULT: {"script":"<script> [1562 bytes]","args":[{"selector":{"controlType":"sap.m.SearchField","viewName":"etm.portal.ui.managehandovers.view.MasterHO","bindingPath":{"path":"","propertyPath":"/_BASIC_SEARCH_FIELD","modelName":"fi1t3rM0d31"},"interaction":{"idSuffix":"I"}},"wdio_ui5_key":"etmportal.ui.managehandovers.view.MasterHOsap.m.SearchField{\"path\":\"\",\"propertyPath\":\"/_BASIC_SEARCH_FIELD\",\"modelName\":\"fi1t3rM0d31\"}"}]}
RESULT: undefined
COMMAND: POST /session/2eb25f1cbe9612d735ab0219d8fb520b/execute/async - {"script":"<script> [776 bytes]","args":[{"enterText":"30288","selector":{"controlType":"sap.m.SearchField","viewName":"etm.portal.ui.managehandovers.view.MasterHO","bindingPath":{"path":"","propertyPath":"/_BASIC_SEARCH_FIELD","modelName":"fi1t3rM0d31"},"interaction":{"idSuffix":"I"}},"clearTextFirst":true,"interactionType":"ENTER_TEXT"}]}
RESULT: {"script":"<script> [776 bytes]","args":[{"enterText":"30288","selector":{"controlType":"sap.m.SearchField","viewName":"etm.portal.ui.managehandovers.view.MasterHO","bindingPath":{"path":"","propertyPath":"/_BASIC_SEARCH_FIELD","modelName":"fi1t3rM0d31"},"interaction":{"idSuffix":"I"}},"clearTextFirst":true,"interactionType":"ENTER_TEXT"}]}
COMMAND: POST /session/2eb25f1cbe9612d735ab0219d8fb520b/actions - {"actions":[{"id":"action76","type":"key","parameters":{},"actions":[{"type":"keyDown","value":"î€‡"},{"type":"pause","duration":10},{"type":"keyUp","value":"î€‡"}]}]}
RESULT: {"actions":[{"id":"action76","type":"key","parameters":{},"actions":[{"type":"keyDown","value":"î€‡"},{"type":"pause","duration":10},{"type":"keyUp","value":"î€‡"}]}]}
COMMAND: GET /session/2eb25f1cbe9612d735ab0219d8fb520b/screenshot - {}
RESULT: {}
COMMAND: POST /session/2eb25f1cbe9612d735ab0219d8fb520b/execute/async - {"script":"<script> [1562 bytes]","args":[{"selector":{"controlType":"sap.ui.core.Icon","viewName":"etm.portal.ui.managehandovers.view.MasterHO","properties":{"src":{"regex":{"source":"slim\\-arrow\\-right"}}}},"wdio_ui5_key":"etmportal.ui.managehandovers.view.MasterHOsap.ui.core.Icon{\"src\":{\"regex\":{\"source\":\"slim\\\\-arrow\\\\-right\"}}}"}]}
RESULT: {"script":"<script> [1562 bytes]","args":[{"selector":{"controlType":"sap.ui.core.Icon","viewName":"etm.portal.ui.managehandovers.view.MasterHO","properties":{"src":{"regex":{"source":"slim\\-arrow\\-right"}}}},"wdio_ui5_key":"etmportal.ui.managehandovers.view.MasterHOsap.ui.core.Icon{\"src\":{\"regex\":{\"source\":\"slim\\\\-arrow\\\\-right\"}}}"}]}
RESULT: undefined
COMMAND: POST /session/2eb25f1cbe9612d735ab0219d8fb520b/element - {"using":"xpath","value":"//*[@id=\"__item2196-__clone6751-imgNav\"]"}
RESULT: {"using":"xpath","value":"//*[@id=\"__item2196-__clone6751-imgNav\"]"}
COMMAND: POST /session/2eb25f1cbe9612d735ab0219d8fb520b/element/f.1920C544C16071EF810842AAA08EA988.d.7FF7DC5FC7E94DC48310FEC75F763D80.e.18031/click - {}
RESULT: {}
COMMAND: POST /session/2eb25f1cbe9612d735ab0219d8fb520b/element - {"using":"xpath","value":"(//span[text()='Instructions'])[2]"}
COMMAND: GET /session/2eb25f1cbe9612d735ab0219d8fb520b/screenshot - {}
RESULT: {"using":"xpath","value":"(//span[text()='Instructions'])[2]"}
COMMAND: GET /session/2eb25f1cbe9612d735ab0219d8fb520b/element/f.1920C544C16071EF810842AAA08EA988.d.7FF7DC5FC7E94DC48310FEC75F763D80.e.17809/enabled - {}
RESULT: {}
RESULT: {}
COMMAND: POST /session/2eb25f1cbe9612d735ab0219d8fb520b/execute/sync - {"script":"<script> [8489 bytes]","args":[{"element-6066-11e4-a52e-4f735466cecf":"f.1920C544C16071EF810842AAA08EA988.d.7FF7DC5FC7E94DC48310FEC75F763D80.e.17809","ELEMENT":"f.1920C544C16071EF810842AAA08EA988.d.7FF7DC5FC7E94DC48310FEC75F763D80.e.17809"}]}
COMMAND: GET /session/2eb25f1cbe9612d735ab0219d8fb520b/screenshot - {}
RESULT: {"script":"<script> [8489 bytes]","args":[{"element-6066-11e4-a52e-4f735466cecf":"f.1920C544C16071EF810842AAA08EA988.d.7FF7DC5FC7E94DC48310FEC75F763D80.e.17809","ELEMENT":"f.1920C544C16071EF810842AAA08EA988.d.7FF7DC5FC7E94DC48310FEC75F763D80.e.17809"}]}
COMMAND: POST /session/2eb25f1cbe9612d735ab0219d8fb520b/execute/sync - {"script":"<script> [5351 bytes]","args":[{"element-6066-11e4-a52e-4f735466cecf":"f.1920C544C16071EF810842AAA08EA988.d.7FF7DC5FC7E94DC48310FEC75F763D80.e.17809","ELEMENT":"f.1920C544C16071EF810842AAA08EA988.d.7FF7DC5FC7E94DC48310FEC75F763D80.e.17809"}]}
COMMAND: GET /session/2eb25f1cbe9612d735ab0219d8fb520b/screenshot - {}
RESULT: {}
RESULT: {"script":"<script> [5351 bytes]","args":[{"element-6066-11e4-a52e-4f735466cecf":"f.1920C544C16071EF810842AAA08EA988.d.7FF7DC5FC7E94DC48310FEC75F763D80.e.17809","ELEMENT":"f.1920C544C16071EF810842AAA08EA988.d.7FF7DC5FC7E94DC48310FEC75F763D80.e.17809"}]}
COMMAND: POST /session/2eb25f1cbe9612d735ab0219d8fb520b/element/f.1920C544C16071EF810842AAA08EA988.d.7FF7DC5FC7E94DC48310FEC75F763D80.e.17809/click - {}
COMMAND: GET /session/2eb25f1cbe9612d735ab0219d8fb520b/screenshot - {}
RESULT: {}
RESULT: {}
COMMAND: POST /session/2eb25f1cbe9612d735ab0219d8fb520b/element - {"using":"xpath","value":"//bdi[text()='Confirm']"}
COMMAND: GET /session/2eb25f1cbe9612d735ab0219d8fb520b/screenshot - {}
RESULT: {}
RESULT: {"using":"xpath","value":"//bdi[text()='Confirm']"}
COMMAND: GET /session/2eb25f1cbe9612d735ab0219d8fb520b/element/f.1920C544C16071EF810842AAA08EA988.d.7FF7DC5FC7E94DC48310FEC75F763D80.e.18080/enabled - {}
RESULT: {}
RESULT: {}
COMMAND: POST /session/2eb25f1cbe9612d735ab0219d8fb520b/execute/sync - {"script":"<script> [8489 bytes]","args":[{"element-6066-11e4-a52e-4f735466cecf":"f.1920C544C16071EF810842AAA08EA988.d.7FF7DC5FC7E94DC48310FEC75F763D80.e.18080","ELEMENT":"f.1920C544C16071EF810842AAA08EA988.d.7FF7DC5FC7E94DC48310FEC75F763D80.e.18080"}]}
COMMAND: GET /session/2eb25f1cbe9612d735ab0219d8fb520b/screenshot - {}
RESULT: {"script":"<script> [8489 bytes]","args":[{"element-6066-11e4-a52e-4f735466cecf":"f.1920C544C16071EF810842AAA08EA988.d.7FF7DC5FC7E94DC48310FEC75F763D80.e.18080","ELEMENT":"f.1920C544C16071EF810842AAA08EA988.d.7FF7DC5FC7E94DC48310FEC75F763D80.e.18080"}]}
COMMAND: POST /session/2eb25f1cbe9612d735ab0219d8fb520b/execute/sync - {"script":"<script> [5351 bytes]","args":[{"element-6066-11e4-a52e-4f735466cecf":"f.1920C544C16071EF810842AAA08EA988.d.7FF7DC5FC7E94DC48310FEC75F763D80.e.18080","ELEMENT":"f.1920C544C16071EF810842AAA08EA988.d.7FF7DC5FC7E94DC48310FEC75F763D80.e.18080"}]}
COMMAND: GET /session/2eb25f1cbe9612d735ab0219d8fb520b/screenshot - {}
RESULT: {}
RESULT: {"script":"<script> [5351 bytes]","args":[{"element-6066-11e4-a52e-4f735466cecf":"f.1920C544C16071EF810842AAA08EA988.d.7FF7DC5FC7E94DC48310FEC75F763D80.e.18080","ELEMENT":"f.1920C544C16071EF810842AAA08EA988.d.7FF7DC5FC7E94DC48310FEC75F763D80.e.18080"}]}
COMMAND: POST /session/2eb25f1cbe9612d735ab0219d8fb520b/element/f.1920C544C16071EF810842AAA08EA988.d.7FF7DC5FC7E94DC48310FEC75F763D80.e.18080/click - {}
COMMAND: GET /session/2eb25f1cbe9612d735ab0219d8fb520b/screenshot - {}
RESULT: {}
RESULT: {}
COMMAND: POST /session/2eb25f1cbe9612d735ab0219d8fb520b/actions - {"actions":[{"id":"action77","type":"key","parameters":{},"actions":[{"type":"keyDown","value":"î€‡"},{"type":"pause","duration":10},{"type":"keyUp","value":"î€‡"}]}]}
COMMAND: GET /session/2eb25f1cbe9612d735ab0219d8fb520b/screenshot - {}
RESULT: {}
RESULT: {"actions":[{"id":"action77","type":"key","parameters":{},"actions":[{"type":"keyDown","value":"î€‡"},{"type":"pause","duration":10},{"type":"keyUp","value":"î€‡"}]}]}
COMMAND: POST /session/2eb25f1cbe9612d735ab0219d8fb520b/element - {"using":"xpath","value":"//bdi[text()='Issue']"}
COMMAND: GET /session/2eb25f1cbe9612d735ab0219d8fb520b/screenshot - {}
RESULT: {}
RESULT: {"using":"xpath","value":"//bdi[text()='Issue']"}
COMMAND: GET /session/2eb25f1cbe9612d735ab0219d8fb520b/element/f.1920C544C16071EF810842AAA08EA988.d.7FF7DC5FC7E94DC48310FEC75F763D80.e.18084/enabled - {}
RESULT: {}
RESULT: {}
COMMAND: POST /session/2eb25f1cbe9612d735ab0219d8fb520b/execute/sync - {"script":"<script> [8489 bytes]","args":[{"element-6066-11e4-a52e-4f735466cecf":"f.1920C544C16071EF810842AAA08EA988.d.7FF7DC5FC7E94DC48310FEC75F763D80.e.18084","ELEMENT":"f.1920C544C16071EF810842AAA08EA988.d.7FF7DC5FC7E94DC48310FEC75F763D80.e.18084"}]}
COMMAND: GET /session/2eb25f1cbe9612d735ab0219d8fb520b/screenshot - {}
RESULT: {"script":"<script> [8489 bytes]","args":[{"element-6066-11e4-a52e-4f735466cecf":"f.1920C544C16071EF810842AAA08EA988.d.7FF7DC5FC7E94DC48310FEC75F763D80.e.18084","ELEMENT":"f.1920C544C16071EF810842AAA08EA988.d.7FF7DC5FC7E94DC48310FEC75F763D80.e.18084"}]}
COMMAND: POST /session/2eb25f1cbe9612d735ab0219d8fb520b/execute/sync - {"script":"<script> [5351 bytes]","args":[{"element-6066-11e4-a52e-4f735466cecf":"f.1920C544C16071EF810842AAA08EA988.d.7FF7DC5FC7E94DC48310FEC75F763D80.e.18084","ELEMENT":"f.1920C544C16071EF810842AAA08EA988.d.7FF7DC5FC7E94DC48310FEC75F763D80.e.18084"}]}
COMMAND: GET /session/2eb25f1cbe9612d735ab0219d8fb520b/screenshot - {}
RESULT: {}
RESULT: {"script":"<script> [5351 bytes]","args":[{"element-6066-11e4-a52e-4f735466cecf":"f.1920C544C16071EF810842AAA08EA988.d.7FF7DC5FC7E94DC48310FEC75F763D80.e.18084","ELEMENT":"f.1920C544C16071EF810842AAA08EA988.d.7FF7DC5FC7E94DC48310FEC75F763D80.e.18084"}]}
COMMAND: POST /session/2eb25f1cbe9612d735ab0219d8fb520b/element/f.1920C544C16071EF810842AAA08EA988.d.7FF7DC5FC7E94DC48310FEC75F763D80.e.18084/click - {}
COMMAND: GET /session/2eb25f1cbe9612d735ab0219d8fb520b/screenshot - {}
RESULT: {}
RESULT: {}
COMMAND: POST /session/2eb25f1cbe9612d735ab0219d8fb520b/element - {"using":"xpath","value":"//*[text()='Provide to site']"}
COMMAND: GET /session/2eb25f1cbe9612d735ab0219d8fb520b/screenshot - {}
RESULT: {}
RESULT: {"using":"xpath","value":"//*[text()='Provide to site']"}
COMMAND: POST /session/2eb25f1cbe9612d735ab0219d8fb520b/elements - {"using":"xpath","value":"//*[text()='Provide to site']"}
RESULT: {}
RESULT: {"using":"xpath","value":"//*[text()='Provide to site']"}
COMMAND: POST /session/2eb25f1cbe9612d735ab0219d8fb520b/elements - {"using":"xpath","value":"//*[text()='Provide to site']"}
RESULT: {"using":"xpath","value":"//*[text()='Provide to site']"}
COMMAND: POST /session/2eb25f1cbe9612d735ab0219d8fb520b/elements - {"using":"xpath","value":"//*[text()='Provide to site']"}
RESULT: {"using":"xpath","value":"//*[text()='Provide to site']"}
COMMAND: POST /session/2eb25f1cbe9612d735ab0219d8fb520b/elements - {"using":"xpath","value":"//*[text()='Provide to site']"}
RESULT: {"using":"xpath","value":"//*[text()='Provide to site']"}
COMMAND: POST /session/2eb25f1cbe9612d735ab0219d8fb520b/elements - {"using":"xpath","value":"//*[text()='Provide to site']"}
RESULT: {"using":"xpath","value":"//*[text()='Provide to site']"}
COMMAND: POST /session/2eb25f1cbe9612d735ab0219d8fb520b/elements - {"using":"xpath","value":"//*[text()='Provide to site']"}
RESULT: {"using":"xpath","value":"//*[text()='Provide to site']"}
COMMAND: POST /session/2eb25f1cbe9612d735ab0219d8fb520b/elements - {"using":"xpath","value":"//*[text()='Provide to site']"}
RESULT: {"using":"xpath","value":"//*[text()='Provide to site']"}
COMMAND: POST /session/2eb25f1cbe9612d735ab0219d8fb520b/elements - {"using":"xpath","value":"//*[text()='Provide to site']"}
RESULT: {"using":"xpath","value":"//*[text()='Provide to site']"}
COMMAND: POST /session/2eb25f1cbe9612d735ab0219d8fb520b/elements - {"using":"xpath","value":"//*[text()='Provide to site']"}
RESULT: {"using":"xpath","value":"//*[text()='Provide to site']"}
COMMAND: POST /session/2eb25f1cbe9612d735ab0219d8fb520b/elements - {"using":"xpath","value":"//*[text()='Provide to site']"}
RESULT: {"using":"xpath","value":"//*[text()='Provide to site']"}
COMMAND: POST /session/2eb25f1cbe9612d735ab0219d8fb520b/elements - {"using":"xpath","value":"//*[text()='Provide to site']"}
RESULT: {"using":"xpath","value":"//*[text()='Provide to site']"}
COMMAND: POST /session/2eb25f1cbe9612d735ab0219d8fb520b/elements - {"using":"xpath","value":"//*[text()='Provide to site']"}
RESULT: {"using":"xpath","value":"//*[text()='Provide to site']"}
COMMAND: POST /session/2eb25f1cbe9612d735ab0219d8fb520b/elements - {"using":"xpath","value":"//*[text()='Provide to site']"}
RESULT: {"using":"xpath","value":"//*[text()='Provide to site']"}
COMMAND: POST /session/2eb25f1cbe9612d735ab0219d8fb520b/elements - {"using":"xpath","value":"//*[text()='Provide to site']"}
RESULT: {"using":"xpath","value":"//*[text()='Provide to site']"}
COMMAND: POST /session/2eb25f1cbe9612d735ab0219d8fb520b/elements - {"using":"xpath","value":"//*[text()='Provide to site']"}
RESULT: {"using":"xpath","value":"//*[text()='Provide to site']"}
COMMAND: POST /session/2eb25f1cbe9612d735ab0219d8fb520b/elements - {"using":"xpath","value":"//*[text()='Provide to site']"}
RESULT: {"using":"xpath","value":"//*[text()='Provide to site']"}
COMMAND: POST /session/2eb25f1cbe9612d735ab0219d8fb520b/elements - {"using":"xpath","value":"//*[text()='Provide to site']"}
RESULT: {"using":"xpath","value":"//*[text()='Provide to site']"}
COMMAND: POST /session/2eb25f1cbe9612d735ab0219d8fb520b/elements - {"using":"xpath","value":"//*[text()='Provide to site']"}
RESULT: {"using":"xpath","value":"//*[text()='Provide to site']"}
COMMAND: POST /session/2eb25f1cbe9612d735ab0219d8fb520b/elements - {"using":"xpath","value":"//*[text()='Provide to site']"}
RESULT: {"using":"xpath","value":"//*[text()='Provide to site']"}
COMMAND: POST /session/2eb25f1cbe9612d735ab0219d8fb520b/elements - {"using":"xpath","value":"//*[text()='Provide to site']"}
RESULT: {"using":"xpath","value":"//*[text()='Provide to site']"}
COMMAND: POST /session/2eb25f1cbe9612d735ab0219d8fb520b/elements - {"using":"xpath","value":"//*[text()='Provide to site']"}
RESULT: {"using":"xpath","value":"//*[text()='Provide to site']"}
COMMAND: POST /session/2eb25f1cbe9612d735ab0219d8fb520b/elements - {"using":"xpath","value":"//*[text()='Provide to site']"}
RESULT: {"using":"xpath","value":"//*[text()='Provide to site']"}
COMMAND: POST /session/2eb25f1cbe9612d735ab0219d8fb520b/elements - {"using":"xpath","value":"//*[text()='Provide to site']"}
RESULT: {"using":"xpath","value":"//*[text()='Provide to site']"}
COMMAND: POST /session/2eb25f1cbe9612d735ab0219d8fb520b/elements - {"using":"xpath","value":"//*[text()='Provide to site']"}
RESULT: {"using":"xpath","value":"//*[text()='Provide to site']"}
COMMAND: POST /session/2eb25f1cbe9612d735ab0219d8fb520b/elements - {"using":"xpath","value":"//*[text()='Provide to site']"}
RESULT: {"using":"xpath","value":"//*[text()='Provide to site']"}
COMMAND: POST /session/2eb25f1cbe9612d735ab0219d8fb520b/elements - {"using":"xpath","value":"//*[text()='Provide to site']"}
RESULT: {"using":"xpath","value":"//*[text()='Provide to site']"}
COMMAND: POST /session/2eb25f1cbe9612d735ab0219d8fb520b/elements - {"using":"xpath","value":"//*[text()='Provide to site']"}
RESULT: {"using":"xpath","value":"//*[text()='Provide to site']"}
COMMAND: POST /session/2eb25f1cbe9612d735ab0219d8fb520b/elements - {"using":"xpath","value":"//*[text()='Provide to site']"}
RESULT: {"using":"xpath","value":"//*[text()='Provide to site']"}
COMMAND: POST /session/2eb25f1cbe9612d735ab0219d8fb520b/elements - {"using":"xpath","value":"//*[text()='Provide to site']"}
RESULT: {"using":"xpath","value":"//*[text()='Provide to site']"}
COMMAND: POST /session/2eb25f1cbe9612d735ab0219d8fb520b/elements - {"using":"xpath","value":"//*[text()='Provide to site']"}
RESULT: {"using":"xpath","value":"//*[text()='Provide to site']"}
COMMAND: POST /session/2eb25f1cbe9612d735ab0219d8fb520b/elements - {"using":"xpath","value":"//*[text()='Provide to site']"}
RESULT: {"using":"xpath","value":"//*[text()='Provide to site']"}
COMMAND: POST /session/2eb25f1cbe9612d735ab0219d8fb520b/elements - {"using":"xpath","value":"//*[text()='Provide to site']"}
RESULT: {"using":"xpath","value":"//*[text()='Provide to site']"}
COMMAND: POST /session/2eb25f1cbe9612d735ab0219d8fb520b/elements - {"using":"xpath","value":"//*[text()='Provide to site']"}
RESULT: {"using":"xpath","value":"//*[text()='Provide to site']"}
COMMAND: POST /session/2eb25f1cbe9612d735ab0219d8fb520b/elements - {"using":"xpath","value":"//*[text()='Provide to site']"}
RESULT: {"using":"xpath","value":"//*[text()='Provide to site']"}
COMMAND: POST /session/2eb25f1cbe9612d735ab0219d8fb520b/elements - {"using":"xpath","value":"//*[text()='Provide to site']"}
RESULT: {"using":"xpath","value":"//*[text()='Provide to site']"}
COMMAND: POST /session/2eb25f1cbe9612d735ab0219d8fb520b/elements - {"using":"xpath","value":"//*[text()='Provide to site']"}
RESULT: {"using":"xpath","value":"//*[text()='Provide to site']"}
COMMAND: POST /session/2eb25f1cbe9612d735ab0219d8fb520b/elements - {"using":"xpath","value":"//*[text()='Provide to site']"}
RESULT: {"using":"xpath","value":"//*[text()='Provide to site']"}
COMMAND: POST /session/2eb25f1cbe9612d735ab0219d8fb520b/elements - {"using":"xpath","value":"//*[text()='Provide to site']"}
RESULT: {"using":"xpath","value":"//*[text()='Provide to site']"}
COMMAND: POST /session/2eb25f1cbe9612d735ab0219d8fb520b/elements - {"using":"xpath","value":"//*[text()='Provide to site']"}
RESULT: {"using":"xpath","value":"//*[text()='Provide to site']"}
COMMAND: POST /session/2eb25f1cbe9612d735ab0219d8fb520b/elements - {"using":"xpath","value":"//*[text()='Provide to site']"}
RESULT: {"using":"xpath","value":"//*[text()='Provide to site']"}
COMMAND: POST /session/2eb25f1cbe9612d735ab0219d8fb520b/elements - {"using":"xpath","value":"//*[text()='Provide to site']"}
RESULT: {"using":"xpath","value":"//*[text()='Provide to site']"}
COMMAND: POST /session/2eb25f1cbe9612d735ab0219d8fb520b/elements - {"using":"xpath","value":"//*[text()='Provide to site']"}
RESULT: {"using":"xpath","value":"//*[text()='Provide to site']"}
COMMAND: POST /session/2eb25f1cbe9612d735ab0219d8fb520b/elements - {"using":"xpath","value":"//*[text()='Provide to site']"}
RESULT: {"using":"xpath","value":"//*[text()='Provide to site']"}
COMMAND: POST /session/2eb25f1cbe9612d735ab0219d8fb520b/elements - {"using":"xpath","value":"//*[text()='Provide to site']"}
RESULT: {"using":"xpath","value":"//*[text()='Provide to site']"}
COMMAND: POST /session/2eb25f1cbe9612d735ab0219d8fb520b/elements - {"using":"xpath","value":"//*[text()='Provide to site']"}
RESULT: {"using":"xpath","value":"//*[text()='Provide to site']"}
COMMAND: POST /session/2eb25f1cbe9612d735ab0219d8fb520b/elements - {"using":"xpath","value":"//*[text()='Provide to site']"}
RESULT: {"using":"xpath","value":"//*[text()='Provide to site']"}
COMMAND: POST /session/2eb25f1cbe9612d735ab0219d8fb520b/elements - {"using":"xpath","value":"//*[text()='Provide to site']"}
RESULT: {"using":"xpath","value":"//*[text()='Provide to site']"}
COMMAND: POST /session/2eb25f1cbe9612d735ab0219d8fb520b/elements - {"using":"xpath","value":"//*[text()='Provide to site']"}
RESULT: {"using":"xpath","value":"//*[text()='Provide to site']"}
COMMAND: POST /session/2eb25f1cbe9612d735ab0219d8fb520b/elements - {"using":"xpath","value":"//*[text()='Provide to site']"}
RESULT: {"using":"xpath","value":"//*[text()='Provide to site']"}
COMMAND: POST /session/2eb25f1cbe9612d735ab0219d8fb520b/elements - {"using":"xpath","value":"//*[text()='Provide to site']"}
RESULT: {"using":"xpath","value":"//*[text()='Provide to site']"}
COMMAND: POST /session/2eb25f1cbe9612d735ab0219d8fb520b/elements - {"using":"xpath","value":"//*[text()='Provide to site']"}
RESULT: {"using":"xpath","value":"//*[text()='Provide to site']"}
COMMAND: POST /session/2eb25f1cbe9612d735ab0219d8fb520b/elements - {"using":"xpath","value":"//*[text()='Provide to site']"}
RESULT: {"using":"xpath","value":"//*[text()='Provide to site']"}
COMMAND: POST /session/2eb25f1cbe9612d735ab0219d8fb520b/elements - {"using":"xpath","value":"//*[text()='Provide to site']"}
RESULT: {"using":"xpath","value":"//*[text()='Provide to site']"}
COMMAND: POST /session/2eb25f1cbe9612d735ab0219d8fb520b/elements - {"using":"xpath","value":"//*[text()='Provide to site']"}
RESULT: {"using":"xpath","value":"//*[text()='Provide to site']"}
COMMAND: POST /session/2eb25f1cbe9612d735ab0219d8fb520b/elements - {"using":"xpath","value":"//*[text()='Provide to site']"}
RESULT: {"using":"xpath","value":"//*[text()='Provide to site']"}
COMMAND: POST /session/2eb25f1cbe9612d735ab0219d8fb520b/elements - {"using":"xpath","value":"//*[text()='Provide to site']"}
RESULT: {"using":"xpath","value":"//*[text()='Provide to site']"}
COMMAND: POST /session/2eb25f1cbe9612d735ab0219d8fb520b/elements - {"using":"xpath","value":"//*[text()='Provide to site']"}
RESULT: {"using":"xpath","value":"//*[text()='Provide to site']"}
COMMAND: POST /session/2eb25f1cbe9612d735ab0219d8fb520b/elements - {"using":"xpath","value":"//*[text()='Provide to site']"}
RESULT: {"using":"xpath","value":"//*[text()='Provide to site']"}
COMMAND: POST /session/2eb25f1cbe9612d735ab0219d8fb520b/elements - {"using":"xpath","value":"//*[text()='Provide to site']"}
RESULT: {"using":"xpath","value":"//*[text()='Provide to site']"}
COMMAND: POST /session/2eb25f1cbe9612d735ab0219d8fb520b/elements - {"using":"xpath","value":"//*[text()='Provide to site']"}
RESULT: {"using":"xpath","value":"//*[text()='Provide to site']"}
COMMAND: POST /session/2eb25f1cbe9612d735ab0219d8fb520b/elements - {"using":"xpath","value":"//*[text()='Provide to site']"}
RESULT: {"using":"xpath","value":"//*[text()='Provide to site']"}
COMMAND: POST /session/2eb25f1cbe9612d735ab0219d8fb520b/elements - {"using":"xpath","value":"//*[text()='Provide to site']"}
RESULT: {"using":"xpath","value":"//*[text()='Provide to site']"}
COMMAND: POST /session/2eb25f1cbe9612d735ab0219d8fb520b/elements - {"using":"xpath","value":"//*[text()='Provide to site']"}
RESULT: {"using":"xpath","value":"//*[text()='Provide to site']"}
COMMAND: POST /session/2eb25f1cbe9612d735ab0219d8fb520b/elements - {"using":"xpath","value":"//*[text()='Provide to site']"}
RESULT: {"using":"xpath","value":"//*[text()='Provide to site']"}
COMMAND: POST /session/2eb25f1cbe9612d735ab0219d8fb520b/elements - {"using":"xpath","value":"//*[text()='Provide to site']"}
RESULT: {"using":"xpath","value":"//*[text()='Provide to site']"}
COMMAND: POST /session/2eb25f1cbe9612d735ab0219d8fb520b/elements - {"using":"xpath","value":"//*[text()='Provide to site']"}
RESULT: {"using":"xpath","value":"//*[text()='Provide to site']"}
COMMAND: POST /session/2eb25f1cbe9612d735ab0219d8fb520b/elements - {"using":"xpath","value":"//*[text()='Provide to site']"}
RESULT: {"using":"xpath","value":"//*[text()='Provide to site']"}
COMMAND: POST /session/2eb25f1cbe9612d735ab0219d8fb520b/elements - {"using":"xpath","value":"//*[text()='Provide to site']"}
RESULT: {"using":"xpath","value":"//*[text()='Provide to site']"}
COMMAND: POST /session/2eb25f1cbe9612d735ab0219d8fb520b/elements - {"using":"xpath","value":"//*[text()='Provide to site']"}
RESULT: {"using":"xpath","value":"//*[text()='Provide to site']"}
COMMAND: POST /session/2eb25f1cbe9612d735ab0219d8fb520b/elements - {"using":"xpath","value":"//*[text()='Provide to site']"}
RESULT: {"using":"xpath","value":"//*[text()='Provide to site']"}
COMMAND: POST /session/2eb25f1cbe9612d735ab0219d8fb520b/elements - {"using":"xpath","value":"//*[text()='Provide to site']"}
RESULT: {"using":"xpath","value":"//*[text()='Provide to site']"}
COMMAND: POST /session/2eb25f1cbe9612d735ab0219d8fb520b/elements - {"using":"xpath","value":"//*[text()='Provide to site']"}
RESULT: {"using":"xpath","value":"//*[text()='Provide to site']"}
COMMAND: POST /session/2eb25f1cbe9612d735ab0219d8fb520b/elements - {"using":"xpath","value":"//*[text()='Provide to site']"}
RESULT: {"using":"xpath","value":"//*[text()='Provide to site']"}
COMMAND: POST /session/2eb25f1cbe9612d735ab0219d8fb520b/elements - {"using":"xpath","value":"//*[text()='Provide to site']"}
RESULT: {"using":"xpath","value":"//*[text()='Provide to site']"}
COMMAND: POST /session/2eb25f1cbe9612d735ab0219d8fb520b/elements - {"using":"xpath","value":"//*[text()='Provide to site']"}
RESULT: {"using":"xpath","value":"//*[text()='Provide to site']"}
COMMAND: POST /session/2eb25f1cbe9612d735ab0219d8fb520b/elements - {"using":"xpath","value":"//*[text()='Provide to site']"}
RESULT: {"using":"xpath","value":"//*[text()='Provide to site']"}
COMMAND: POST /session/2eb25f1cbe9612d735ab0219d8fb520b/elements - {"using":"xpath","value":"//*[text()='Provide to site']"}
RESULT: {"using":"xpath","value":"//*[text()='Provide to site']"}
COMMAND: POST /session/2eb25f1cbe9612d735ab0219d8fb520b/elements - {"using":"xpath","value":"//*[text()='Provide to site']"}
RESULT: {"using":"xpath","value":"//*[text()='Provide to site']"}
COMMAND: POST /session/2eb25f1cbe9612d735ab0219d8fb520b/elements - {"using":"xpath","value":"//*[text()='Provide to site']"}
RESULT: {"using":"xpath","value":"//*[text()='Provide to site']"}
COMMAND: POST /session/2eb25f1cbe9612d735ab0219d8fb520b/elements - {"using":"xpath","value":"//*[text()='Provide to site']"}
RESULT: {"using":"xpath","value":"//*[text()='Provide to site']"}
COMMAND: POST /session/2eb25f1cbe9612d735ab0219d8fb520b/elements - {"using":"xpath","value":"//*[text()='Provide to site']"}
RESULT: {"using":"xpath","value":"//*[text()='Provide to site']"}
COMMAND: POST /session/2eb25f1cbe9612d735ab0219d8fb520b/elements - {"using":"xpath","value":"//*[text()='Provide to site']"}
RESULT: {"using":"xpath","value":"//*[text()='Provide to site']"}
COMMAND: POST /session/2eb25f1cbe9612d735ab0219d8fb520b/elements - {"using":"xpath","value":"//*[text()='Provide to site']"}
RESULT: {"using":"xpath","value":"//*[text()='Provide to site']"}
COMMAND: POST /session/2eb25f1cbe9612d735ab0219d8fb520b/elements - {"using":"xpath","value":"//*[text()='Provide to site']"}
RESULT: {"using":"xpath","value":"//*[text()='Provide to site']"}
COMMAND: POST /session/2eb25f1cbe9612d735ab0219d8fb520b/elements - {"using":"xpath","value":"//*[text()='Provide to site']"}
RESULT: {"using":"xpath","value":"//*[text()='Provide to site']"}
COMMAND: POST /session/2eb25f1cbe9612d735ab0219d8fb520b/elements - {"using":"xpath","value":"//*[text()='Provide to site']"}
RESULT: {"using":"xpath","value":"//*[text()='Provide to site']"}
COMMAND: POST /session/2eb25f1cbe9612d735ab0219d8fb520b/elements - {"using":"xpath","value":"//*[text()='Provide to site']"}
RESULT: {"using":"xpath","value":"//*[text()='Provide to site']"}
COMMAND: POST /session/2eb25f1cbe9612d735ab0219d8fb520b/elements - {"using":"xpath","value":"//*[text()='Provide to site']"}
RESULT: {"using":"xpath","value":"//*[text()='Provide to site']"}
COMMAND: POST /session/2eb25f1cbe9612d735ab0219d8fb520b/elements - {"using":"xpath","value":"//*[text()='Provide to site']"}
RESULT: {"using":"xpath","value":"//*[text()='Provide to site']"}
COMMAND: POST /session/2eb25f1cbe9612d735ab0219d8fb520b/elements - {"using":"xpath","value":"//*[text()='Provide to site']"}
RESULT: {"using":"xpath","value":"//*[text()='Provide to site']"}
COMMAND: POST /session/2eb25f1cbe9612d735ab0219d8fb520b/elements - {"using":"xpath","value":"//*[text()='provide (received)']"}
RESULT: {"using":"xpath","value":"//*[text()='provide (received)']"}
]]></system-out>
    </testcase>
    <testcase classname="chrome.135_0_7049_96.windows.Provide_to_Site_w/o_warehouse_management_w_clarification" name="Should Test for Handover Execution" time="300.329">
      <system-out><![CDATA[
COMMAND: POST /session/2eb25f1cbe9612d735ab0219d8fb520b/element - {"using":"xpath","value":"//*[text()='Provide to site']"}
RESULT: {"using":"xpath","value":"//*[text()='Provide to site']"}
COMMAND: POST /session/2eb25f1cbe9612d735ab0219d8fb520b/elements - {"using":"xpath","value":"//*[text()='Provide to site']"}
RESULT: {"using":"xpath","value":"//*[text()='Provide to site']"}
COMMAND: POST /session/2eb25f1cbe9612d735ab0219d8fb520b/elements - {"using":"xpath","value":"//*[text()='Provide to site']"}
RESULT: {"using":"xpath","value":"//*[text()='Provide to site']"}
COMMAND: POST /session/2eb25f1cbe9612d735ab0219d8fb520b/elements - {"using":"xpath","value":"//*[text()='Provide to site']"}
RESULT: {"using":"xpath","value":"//*[text()='Provide to site']"}
COMMAND: POST /session/2eb25f1cbe9612d735ab0219d8fb520b/elements - {"using":"xpath","value":"//*[text()='Provide to site']"}
RESULT: {"using":"xpath","value":"//*[text()='Provide to site']"}
COMMAND: POST /session/2eb25f1cbe9612d735ab0219d8fb520b/elements - {"using":"xpath","value":"//*[text()='Provide to site']"}
RESULT: {"using":"xpath","value":"//*[text()='Provide to site']"}
COMMAND: POST /session/2eb25f1cbe9612d735ab0219d8fb520b/elements - {"using":"xpath","value":"//*[text()='Provide to site']"}
RESULT: {"using":"xpath","value":"//*[text()='Provide to site']"}
COMMAND: POST /session/2eb25f1cbe9612d735ab0219d8fb520b/elements - {"using":"xpath","value":"//*[text()='Provide to site']"}
RESULT: {"using":"xpath","value":"//*[text()='Provide to site']"}
COMMAND: POST /session/2eb25f1cbe9612d735ab0219d8fb520b/elements - {"using":"xpath","value":"//*[text()='Provide to site']"}
RESULT: {"using":"xpath","value":"//*[text()='Provide to site']"}
COMMAND: POST /session/2eb25f1cbe9612d735ab0219d8fb520b/elements - {"using":"xpath","value":"//*[text()='Provide to site']"}
RESULT: {"using":"xpath","value":"//*[text()='Provide to site']"}
COMMAND: POST /session/2eb25f1cbe9612d735ab0219d8fb520b/elements - {"using":"xpath","value":"//*[text()='Provide to site']"}
RESULT: {"using":"xpath","value":"//*[text()='Provide to site']"}
COMMAND: POST /session/2eb25f1cbe9612d735ab0219d8fb520b/elements - {"using":"xpath","value":"//*[text()='Provide to site']"}
RESULT: {"using":"xpath","value":"//*[text()='Provide to site']"}
COMMAND: POST /session/2eb25f1cbe9612d735ab0219d8fb520b/elements - {"using":"xpath","value":"//*[text()='Provide to site']"}
RESULT: {"using":"xpath","value":"//*[text()='Provide to site']"}
COMMAND: POST /session/2eb25f1cbe9612d735ab0219d8fb520b/elements - {"using":"xpath","value":"//*[text()='Provide to site']"}
RESULT: {"using":"xpath","value":"//*[text()='Provide to site']"}
COMMAND: POST /session/2eb25f1cbe9612d735ab0219d8fb520b/elements - {"using":"xpath","value":"//*[text()='Provide to site']"}
RESULT: {"using":"xpath","value":"//*[text()='Provide to site']"}
COMMAND: POST /session/2eb25f1cbe9612d735ab0219d8fb520b/elements - {"using":"xpath","value":"//*[text()='Provide to site']"}
RESULT: {"using":"xpath","value":"//*[text()='Provide to site']"}
COMMAND: POST /session/2eb25f1cbe9612d735ab0219d8fb520b/elements - {"using":"xpath","value":"//*[text()='Provide to site']"}
RESULT: {"using":"xpath","value":"//*[text()='Provide to site']"}
COMMAND: POST /session/2eb25f1cbe9612d735ab0219d8fb520b/elements - {"using":"xpath","value":"//*[text()='Provide to site']"}
RESULT: {"using":"xpath","value":"//*[text()='Provide to site']"}
COMMAND: POST /session/2eb25f1cbe9612d735ab0219d8fb520b/elements - {"using":"xpath","value":"//*[text()='Provide to site']"}
RESULT: {"using":"xpath","value":"//*[text()='Provide to site']"}
COMMAND: POST /session/2eb25f1cbe9612d735ab0219d8fb520b/elements - {"using":"xpath","value":"//*[text()='Provide to site']"}
RESULT: {"using":"xpath","value":"//*[text()='Provide to site']"}
COMMAND: POST /session/2eb25f1cbe9612d735ab0219d8fb520b/elements - {"using":"xpath","value":"//*[text()='Provide to site']"}
RESULT: {"using":"xpath","value":"//*[text()='Provide to site']"}
COMMAND: POST /session/2eb25f1cbe9612d735ab0219d8fb520b/elements - {"using":"xpath","value":"//*[text()='Provide to site']"}
RESULT: {"using":"xpath","value":"//*[text()='Provide to site']"}
COMMAND: POST /session/2eb25f1cbe9612d735ab0219d8fb520b/elements - {"using":"xpath","value":"//*[text()='Provide to site']"}
RESULT: {"using":"xpath","value":"//*[text()='Provide to site']"}
COMMAND: POST /session/2eb25f1cbe9612d735ab0219d8fb520b/elements - {"using":"xpath","value":"//*[text()='Provide to site']"}
RESULT: {"using":"xpath","value":"//*[text()='Provide to site']"}
COMMAND: POST /session/2eb25f1cbe9612d735ab0219d8fb520b/elements - {"using":"xpath","value":"//*[text()='Provide to site']"}
RESULT: {"using":"xpath","value":"//*[text()='Provide to site']"}
COMMAND: POST /session/2eb25f1cbe9612d735ab0219d8fb520b/elements - {"using":"xpath","value":"//*[text()='Provide to site']"}
RESULT: {"using":"xpath","value":"//*[text()='Provide to site']"}
COMMAND: POST /session/2eb25f1cbe9612d735ab0219d8fb520b/elements - {"using":"xpath","value":"//*[text()='Provide to site']"}
RESULT: {"using":"xpath","value":"//*[text()='Provide to site']"}
COMMAND: POST /session/2eb25f1cbe9612d735ab0219d8fb520b/elements - {"using":"xpath","value":"//*[text()='Provide to site']"}
RESULT: {"using":"xpath","value":"//*[text()='Provide to site']"}
COMMAND: POST /session/2eb25f1cbe9612d735ab0219d8fb520b/elements - {"using":"xpath","value":"//*[text()='Provide to site']"}
RESULT: {"using":"xpath","value":"//*[text()='Provide to site']"}
COMMAND: POST /session/2eb25f1cbe9612d735ab0219d8fb520b/elements - {"using":"xpath","value":"//*[text()='Provide to site']"}
RESULT: {"using":"xpath","value":"//*[text()='Provide to site']"}
COMMAND: POST /session/2eb25f1cbe9612d735ab0219d8fb520b/elements - {"using":"xpath","value":"//*[text()='Provide to site']"}
RESULT: {"using":"xpath","value":"//*[text()='Provide to site']"}
COMMAND: POST /session/2eb25f1cbe9612d735ab0219d8fb520b/elements - {"using":"xpath","value":"//*[text()='Provide to site']"}
RESULT: {"using":"xpath","value":"//*[text()='Provide to site']"}
COMMAND: POST /session/2eb25f1cbe9612d735ab0219d8fb520b/elements - {"using":"xpath","value":"//*[text()='Provide to site']"}
RESULT: {"using":"xpath","value":"//*[text()='Provide to site']"}
COMMAND: POST /session/2eb25f1cbe9612d735ab0219d8fb520b/elements - {"using":"xpath","value":"//*[text()='Provide to site']"}
RESULT: {"using":"xpath","value":"//*[text()='Provide to site']"}
COMMAND: POST /session/2eb25f1cbe9612d735ab0219d8fb520b/elements - {"using":"xpath","value":"//*[text()='Provide to site']"}
RESULT: {"using":"xpath","value":"//*[text()='Provide to site']"}
COMMAND: POST /session/2eb25f1cbe9612d735ab0219d8fb520b/elements - {"using":"xpath","value":"//*[text()='Provide to site']"}
RESULT: {"using":"xpath","value":"//*[text()='Provide to site']"}
COMMAND: POST /session/2eb25f1cbe9612d735ab0219d8fb520b/elements - {"using":"xpath","value":"//*[text()='Provide to site']"}
RESULT: {"using":"xpath","value":"//*[text()='Provide to site']"}
COMMAND: POST /session/2eb25f1cbe9612d735ab0219d8fb520b/elements - {"using":"xpath","value":"//*[text()='Provide to site']"}
RESULT: {"using":"xpath","value":"//*[text()='Provide to site']"}
COMMAND: POST /session/2eb25f1cbe9612d735ab0219d8fb520b/elements - {"using":"xpath","value":"//*[text()='Provide to site']"}
RESULT: {"using":"xpath","value":"//*[text()='Provide to site']"}
COMMAND: POST /session/2eb25f1cbe9612d735ab0219d8fb520b/elements - {"using":"xpath","value":"//*[text()='Provide to site']"}
RESULT: {"using":"xpath","value":"//*[text()='Provide to site']"}
COMMAND: POST /session/2eb25f1cbe9612d735ab0219d8fb520b/elements - {"using":"xpath","value":"//*[text()='Provide to site']"}
RESULT: {"using":"xpath","value":"//*[text()='Provide to site']"}
COMMAND: POST /session/2eb25f1cbe9612d735ab0219d8fb520b/elements - {"using":"xpath","value":"//*[text()='Provide to site']"}
RESULT: {"using":"xpath","value":"//*[text()='Provide to site']"}
COMMAND: POST /session/2eb25f1cbe9612d735ab0219d8fb520b/elements - {"using":"xpath","value":"//*[text()='Provide to site']"}
RESULT: {"using":"xpath","value":"//*[text()='Provide to site']"}
COMMAND: POST /session/2eb25f1cbe9612d735ab0219d8fb520b/elements - {"using":"xpath","value":"//*[text()='Provide to site']"}
RESULT: {"using":"xpath","value":"//*[text()='Provide to site']"}
COMMAND: POST /session/2eb25f1cbe9612d735ab0219d8fb520b/elements - {"using":"xpath","value":"//*[text()='Provide to site']"}
RESULT: {"using":"xpath","value":"//*[text()='Provide to site']"}
COMMAND: POST /session/2eb25f1cbe9612d735ab0219d8fb520b/elements - {"using":"xpath","value":"//*[text()='Provide to site']"}
RESULT: {"using":"xpath","value":"//*[text()='Provide to site']"}
COMMAND: POST /session/2eb25f1cbe9612d735ab0219d8fb520b/elements - {"using":"xpath","value":"//*[text()='Provide to site']"}
RESULT: {"using":"xpath","value":"//*[text()='Provide to site']"}
COMMAND: POST /session/2eb25f1cbe9612d735ab0219d8fb520b/elements - {"using":"xpath","value":"//*[text()='Provide to site']"}
RESULT: {"using":"xpath","value":"//*[text()='Provide to site']"}
COMMAND: POST /session/2eb25f1cbe9612d735ab0219d8fb520b/elements - {"using":"xpath","value":"//*[text()='Provide to site']"}
RESULT: {"using":"xpath","value":"//*[text()='Provide to site']"}
COMMAND: POST /session/2eb25f1cbe9612d735ab0219d8fb520b/elements - {"using":"xpath","value":"//*[text()='Provide to site']"}
RESULT: {"using":"xpath","value":"//*[text()='Provide to site']"}
COMMAND: POST /session/2eb25f1cbe9612d735ab0219d8fb520b/elements - {"using":"xpath","value":"//*[text()='Provide to site']"}
RESULT: {"using":"xpath","value":"//*[text()='Provide to site']"}
COMMAND: POST /session/2eb25f1cbe9612d735ab0219d8fb520b/elements - {"using":"xpath","value":"//*[text()='Provide to site']"}
RESULT: {"using":"xpath","value":"//*[text()='Provide to site']"}
COMMAND: POST /session/2eb25f1cbe9612d735ab0219d8fb520b/elements - {"using":"xpath","value":"//*[text()='Provide to site']"}
RESULT: {"using":"xpath","value":"//*[text()='Provide to site']"}
COMMAND: POST /session/2eb25f1cbe9612d735ab0219d8fb520b/elements - {"using":"xpath","value":"//*[text()='Provide to site']"}
RESULT: {"using":"xpath","value":"//*[text()='Provide to site']"}
COMMAND: POST /session/2eb25f1cbe9612d735ab0219d8fb520b/elements - {"using":"xpath","value":"//*[text()='Provide to site']"}
RESULT: {"using":"xpath","value":"//*[text()='Provide to site']"}
COMMAND: POST /session/2eb25f1cbe9612d735ab0219d8fb520b/elements - {"using":"xpath","value":"//*[text()='Provide to site']"}
RESULT: {"using":"xpath","value":"//*[text()='Provide to site']"}
COMMAND: POST /session/2eb25f1cbe9612d735ab0219d8fb520b/elements - {"using":"xpath","value":"//*[text()='Provide to site']"}
RESULT: {"using":"xpath","value":"//*[text()='Provide to site']"}
COMMAND: POST /session/2eb25f1cbe9612d735ab0219d8fb520b/elements - {"using":"xpath","value":"//*[text()='Provide to site']"}
RESULT: {"using":"xpath","value":"//*[text()='Provide to site']"}
COMMAND: POST /session/2eb25f1cbe9612d735ab0219d8fb520b/elements - {"using":"xpath","value":"//*[text()='Provide to site']"}
RESULT: {"using":"xpath","value":"//*[text()='Provide to site']"}
COMMAND: POST /session/2eb25f1cbe9612d735ab0219d8fb520b/elements - {"using":"xpath","value":"//*[text()='Provide to site']"}
RESULT: {"using":"xpath","value":"//*[text()='Provide to site']"}
COMMAND: POST /session/2eb25f1cbe9612d735ab0219d8fb520b/elements - {"using":"xpath","value":"//*[text()='Provide to site']"}
RESULT: {"using":"xpath","value":"//*[text()='Provide to site']"}
COMMAND: POST /session/2eb25f1cbe9612d735ab0219d8fb520b/elements - {"using":"xpath","value":"//*[text()='Provide to site']"}
RESULT: {"using":"xpath","value":"//*[text()='Provide to site']"}
COMMAND: POST /session/2eb25f1cbe9612d735ab0219d8fb520b/elements - {"using":"xpath","value":"//*[text()='Provide to site']"}
RESULT: {"using":"xpath","value":"//*[text()='Provide to site']"}
COMMAND: POST /session/2eb25f1cbe9612d735ab0219d8fb520b/elements - {"using":"xpath","value":"//*[text()='Provide to site']"}
RESULT: {"using":"xpath","value":"//*[text()='Provide to site']"}
COMMAND: POST /session/2eb25f1cbe9612d735ab0219d8fb520b/elements - {"using":"xpath","value":"//*[text()='Provide to site']"}
RESULT: {"using":"xpath","value":"//*[text()='Provide to site']"}
COMMAND: POST /session/2eb25f1cbe9612d735ab0219d8fb520b/elements - {"using":"xpath","value":"//*[text()='Provide to site']"}
RESULT: {"using":"xpath","value":"//*[text()='Provide to site']"}
COMMAND: POST /session/2eb25f1cbe9612d735ab0219d8fb520b/elements - {"using":"xpath","value":"//*[text()='Provide to site']"}
RESULT: {"using":"xpath","value":"//*[text()='Provide to site']"}
COMMAND: POST /session/2eb25f1cbe9612d735ab0219d8fb520b/elements - {"using":"xpath","value":"//*[text()='Provide to site']"}
RESULT: {"using":"xpath","value":"//*[text()='Provide to site']"}
COMMAND: POST /session/2eb25f1cbe9612d735ab0219d8fb520b/elements - {"using":"xpath","value":"//*[text()='Provide to site']"}
RESULT: {"using":"xpath","value":"//*[text()='Provide to site']"}
COMMAND: POST /session/2eb25f1cbe9612d735ab0219d8fb520b/elements - {"using":"xpath","value":"//*[text()='Provide to site']"}
RESULT: {"using":"xpath","value":"//*[text()='Provide to site']"}
COMMAND: POST /session/2eb25f1cbe9612d735ab0219d8fb520b/elements - {"using":"xpath","value":"//*[text()='Provide to site']"}
RESULT: {"using":"xpath","value":"//*[text()='Provide to site']"}
COMMAND: POST /session/2eb25f1cbe9612d735ab0219d8fb520b/elements - {"using":"xpath","value":"//*[text()='Provide to site']"}
RESULT: {"using":"xpath","value":"//*[text()='Provide to site']"}
COMMAND: POST /session/2eb25f1cbe9612d735ab0219d8fb520b/elements - {"using":"xpath","value":"//*[text()='Provide to site']"}
RESULT: {"using":"xpath","value":"//*[text()='Provide to site']"}
COMMAND: POST /session/2eb25f1cbe9612d735ab0219d8fb520b/elements - {"using":"xpath","value":"//*[text()='Provide to site']"}
RESULT: {"using":"xpath","value":"//*[text()='Provide to site']"}
COMMAND: POST /session/2eb25f1cbe9612d735ab0219d8fb520b/elements - {"using":"xpath","value":"//*[text()='Provide to site']"}
RESULT: {"using":"xpath","value":"//*[text()='Provide to site']"}
COMMAND: POST /session/2eb25f1cbe9612d735ab0219d8fb520b/elements - {"using":"xpath","value":"//*[text()='Provide to site']"}
RESULT: {"using":"xpath","value":"//*[text()='Provide to site']"}
COMMAND: POST /session/2eb25f1cbe9612d735ab0219d8fb520b/elements - {"using":"xpath","value":"//*[text()='Provide to site']"}
RESULT: {"using":"xpath","value":"//*[text()='Provide to site']"}
COMMAND: POST /session/2eb25f1cbe9612d735ab0219d8fb520b/elements - {"using":"xpath","value":"//*[text()='Provide to site']"}
RESULT: {"using":"xpath","value":"//*[text()='Provide to site']"}
COMMAND: POST /session/2eb25f1cbe9612d735ab0219d8fb520b/elements - {"using":"xpath","value":"//*[text()='Provide to site']"}
RESULT: {"using":"xpath","value":"//*[text()='Provide to site']"}
COMMAND: POST /session/2eb25f1cbe9612d735ab0219d8fb520b/elements - {"using":"xpath","value":"//*[text()='Provide to site']"}
RESULT: {"using":"xpath","value":"//*[text()='Provide to site']"}
COMMAND: POST /session/2eb25f1cbe9612d735ab0219d8fb520b/elements - {"using":"xpath","value":"//*[text()='Provide to site']"}
RESULT: {"using":"xpath","value":"//*[text()='Provide to site']"}
COMMAND: POST /session/2eb25f1cbe9612d735ab0219d8fb520b/elements - {"using":"xpath","value":"//*[text()='Provide to site']"}
RESULT: {"using":"xpath","value":"//*[text()='Provide to site']"}
COMMAND: POST /session/2eb25f1cbe9612d735ab0219d8fb520b/elements - {"using":"xpath","value":"//*[text()='Provide to site']"}
RESULT: {"using":"xpath","value":"//*[text()='Provide to site']"}
COMMAND: POST /session/2eb25f1cbe9612d735ab0219d8fb520b/elements - {"using":"xpath","value":"//*[text()='Provide to site']"}
RESULT: {"using":"xpath","value":"//*[text()='Provide to site']"}
COMMAND: POST /session/2eb25f1cbe9612d735ab0219d8fb520b/elements - {"using":"xpath","value":"//*[text()='Provide to site']"}
RESULT: {"using":"xpath","value":"//*[text()='Provide to site']"}
COMMAND: POST /session/2eb25f1cbe9612d735ab0219d8fb520b/elements - {"using":"xpath","value":"//*[text()='Provide to site']"}
RESULT: {"using":"xpath","value":"//*[text()='Provide to site']"}
COMMAND: POST /session/2eb25f1cbe9612d735ab0219d8fb520b/elements - {"using":"xpath","value":"//*[text()='Provide to site']"}
RESULT: {"using":"xpath","value":"//*[text()='Provide to site']"}
COMMAND: POST /session/2eb25f1cbe9612d735ab0219d8fb520b/elements - {"using":"xpath","value":"//*[text()='Provide to site']"}
RESULT: {"using":"xpath","value":"//*[text()='Provide to site']"}
COMMAND: POST /session/2eb25f1cbe9612d735ab0219d8fb520b/elements - {"using":"xpath","value":"//*[text()='Provide to site']"}
RESULT: {"using":"xpath","value":"//*[text()='Provide to site']"}
COMMAND: POST /session/2eb25f1cbe9612d735ab0219d8fb520b/elements - {"using":"xpath","value":"//*[text()='Provide to site']"}
RESULT: {"using":"xpath","value":"//*[text()='Provide to site']"}
COMMAND: POST /session/2eb25f1cbe9612d735ab0219d8fb520b/elements - {"using":"xpath","value":"//*[text()='Provide to site']"}
RESULT: {"using":"xpath","value":"//*[text()='Provide to site']"}
COMMAND: POST /session/2eb25f1cbe9612d735ab0219d8fb520b/element - {"using":"xpath","value":"//span[text()='Provide to site - Completed']"}
RESULT: {"using":"xpath","value":"//span[text()='Provide to site - Completed']"}
COMMAND: POST /session/2eb25f1cbe9612d735ab0219d8fb520b/elements - {"using":"xpath","value":"//span[text()='Provide to site - Completed']"}
RESULT: {"using":"xpath","value":"//span[text()='Provide to site - Completed']"}
COMMAND: POST /session/2eb25f1cbe9612d735ab0219d8fb520b/elements - {"using":"xpath","value":"//span[text()='Provide to site - Completed']"}
RESULT: {"using":"xpath","value":"//span[text()='Provide to site - Completed']"}
COMMAND: POST /session/2eb25f1cbe9612d735ab0219d8fb520b/elements - {"using":"xpath","value":"//span[text()='Provide to site - Completed']"}
RESULT: {"using":"xpath","value":"//span[text()='Provide to site - Completed']"}
COMMAND: POST /session/2eb25f1cbe9612d735ab0219d8fb520b/elements - {"using":"xpath","value":"//span[text()='Provide to site - Completed']"}
RESULT: {"using":"xpath","value":"//span[text()='Provide to site - Completed']"}
COMMAND: POST /session/2eb25f1cbe9612d735ab0219d8fb520b/elements - {"using":"xpath","value":"//span[text()='Provide to site - Completed']"}
RESULT: {"using":"xpath","value":"//span[text()='Provide to site - Completed']"}
COMMAND: POST /session/2eb25f1cbe9612d735ab0219d8fb520b/elements - {"using":"xpath","value":"//span[text()='Provide to site - Completed']"}
RESULT: {"using":"xpath","value":"//span[text()='Provide to site - Completed']"}
COMMAND: POST /session/2eb25f1cbe9612d735ab0219d8fb520b/elements - {"using":"xpath","value":"//span[text()='Provide to site - Completed']"}
RESULT: {"using":"xpath","value":"//span[text()='Provide to site - Completed']"}
COMMAND: POST /session/2eb25f1cbe9612d735ab0219d8fb520b/elements - {"using":"xpath","value":"//span[text()='Provide to site - Completed']"}
RESULT: {"using":"xpath","value":"//span[text()='Provide to site - Completed']"}
COMMAND: POST /session/2eb25f1cbe9612d735ab0219d8fb520b/elements - {"using":"xpath","value":"//span[text()='Provide to site - Completed']"}
RESULT: {"using":"xpath","value":"//span[text()='Provide to site - Completed']"}
COMMAND: POST /session/2eb25f1cbe9612d735ab0219d8fb520b/elements - {"using":"xpath","value":"//span[text()='Provide to site - Completed']"}
RESULT: {"using":"xpath","value":"//span[text()='Provide to site - Completed']"}
COMMAND: POST /session/2eb25f1cbe9612d735ab0219d8fb520b/elements - {"using":"xpath","value":"//span[text()='Provide to site - Completed']"}
RESULT: {"using":"xpath","value":"//span[text()='Provide to site - Completed']"}
COMMAND: POST /session/2eb25f1cbe9612d735ab0219d8fb520b/elements - {"using":"xpath","value":"//span[text()='Provide to site - Completed']"}
RESULT: {"using":"xpath","value":"//span[text()='Provide to site - Completed']"}
COMMAND: POST /session/2eb25f1cbe9612d735ab0219d8fb520b/elements - {"using":"xpath","value":"//span[text()='Provide to site - Completed']"}
RESULT: {"using":"xpath","value":"//span[text()='Provide to site - Completed']"}
COMMAND: POST /session/2eb25f1cbe9612d735ab0219d8fb520b/elements - {"using":"xpath","value":"//span[text()='Provide to site - Completed']"}
RESULT: {"using":"xpath","value":"//span[text()='Provide to site - Completed']"}
COMMAND: POST /session/2eb25f1cbe9612d735ab0219d8fb520b/elements - {"using":"xpath","value":"//span[text()='Provide to site - Completed']"}
RESULT: {"using":"xpath","value":"//span[text()='Provide to site - Completed']"}
COMMAND: POST /session/2eb25f1cbe9612d735ab0219d8fb520b/elements - {"using":"xpath","value":"//span[text()='Provide to site - Completed']"}
RESULT: {"using":"xpath","value":"//span[text()='Provide to site - Completed']"}
COMMAND: POST /session/2eb25f1cbe9612d735ab0219d8fb520b/elements - {"using":"xpath","value":"//span[text()='Provide to site - Completed']"}
RESULT: {"using":"xpath","value":"//span[text()='Provide to site - Completed']"}
COMMAND: POST /session/2eb25f1cbe9612d735ab0219d8fb520b/elements - {"using":"xpath","value":"//span[text()='Provide to site - Completed']"}
RESULT: {"using":"xpath","value":"//span[text()='Provide to site - Completed']"}
COMMAND: POST /session/2eb25f1cbe9612d735ab0219d8fb520b/elements - {"using":"xpath","value":"//span[text()='Provide to site - Completed']"}
RESULT: {"using":"xpath","value":"//span[text()='Provide to site - Completed']"}
COMMAND: POST /session/2eb25f1cbe9612d735ab0219d8fb520b/elements - {"using":"xpath","value":"//span[text()='Provide to site - Completed']"}
RESULT: {"using":"xpath","value":"//span[text()='Provide to site - Completed']"}
COMMAND: POST /session/2eb25f1cbe9612d735ab0219d8fb520b/elements - {"using":"xpath","value":"//span[text()='Provide to site - Completed']"}
RESULT: {"using":"xpath","value":"//span[text()='Provide to site - Completed']"}
COMMAND: POST /session/2eb25f1cbe9612d735ab0219d8fb520b/elements - {"using":"xpath","value":"//span[text()='Provide to site - Completed']"}
RESULT: {"using":"xpath","value":"//span[text()='Provide to site - Completed']"}
COMMAND: POST /session/2eb25f1cbe9612d735ab0219d8fb520b/elements - {"using":"xpath","value":"//span[text()='Provide to site - Completed']"}
RESULT: {"using":"xpath","value":"//span[text()='Provide to site - Completed']"}
COMMAND: POST /session/2eb25f1cbe9612d735ab0219d8fb520b/elements - {"using":"xpath","value":"//span[text()='Provide to site - Completed']"}
RESULT: {"using":"xpath","value":"//span[text()='Provide to site - Completed']"}
COMMAND: POST /session/2eb25f1cbe9612d735ab0219d8fb520b/elements - {"using":"xpath","value":"//span[text()='Provide to site - Completed']"}
RESULT: {"using":"xpath","value":"//span[text()='Provide to site - Completed']"}
COMMAND: POST /session/2eb25f1cbe9612d735ab0219d8fb520b/elements - {"using":"xpath","value":"//span[text()='Provide to site - Completed']"}
RESULT: {"using":"xpath","value":"//span[text()='Provide to site - Completed']"}
COMMAND: POST /session/2eb25f1cbe9612d735ab0219d8fb520b/elements - {"using":"xpath","value":"//span[text()='Provide to site - Completed']"}
RESULT: {"using":"xpath","value":"//span[text()='Provide to site - Completed']"}
COMMAND: POST /session/2eb25f1cbe9612d735ab0219d8fb520b/elements - {"using":"xpath","value":"//span[text()='Provide to site - Completed']"}
RESULT: {"using":"xpath","value":"//span[text()='Provide to site - Completed']"}
COMMAND: POST /session/2eb25f1cbe9612d735ab0219d8fb520b/elements - {"using":"xpath","value":"//span[text()='Provide to site - Completed']"}
RESULT: {"using":"xpath","value":"//span[text()='Provide to site - Completed']"}
COMMAND: POST /session/2eb25f1cbe9612d735ab0219d8fb520b/elements - {"using":"xpath","value":"//span[text()='Provide to site - Completed']"}
RESULT: {"using":"xpath","value":"//span[text()='Provide to site - Completed']"}
COMMAND: POST /session/2eb25f1cbe9612d735ab0219d8fb520b/elements - {"using":"xpath","value":"//span[text()='Provide to site - Completed']"}
RESULT: {"using":"xpath","value":"//span[text()='Provide to site - Completed']"}
COMMAND: POST /session/2eb25f1cbe9612d735ab0219d8fb520b/elements - {"using":"xpath","value":"//span[text()='Provide to site - Completed']"}
RESULT: {"using":"xpath","value":"//span[text()='Provide to site - Completed']"}
COMMAND: POST /session/2eb25f1cbe9612d735ab0219d8fb520b/elements - {"using":"xpath","value":"//span[text()='Provide to site - Completed']"}
RESULT: {"using":"xpath","value":"//span[text()='Provide to site - Completed']"}
COMMAND: POST /session/2eb25f1cbe9612d735ab0219d8fb520b/elements - {"using":"xpath","value":"//span[text()='Provide to site - Completed']"}
RESULT: {"using":"xpath","value":"//span[text()='Provide to site - Completed']"}
COMMAND: POST /session/2eb25f1cbe9612d735ab0219d8fb520b/elements - {"using":"xpath","value":"//span[text()='Provide to site - Completed']"}
RESULT: {"using":"xpath","value":"//span[text()='Provide to site - Completed']"}
COMMAND: POST /session/2eb25f1cbe9612d735ab0219d8fb520b/elements - {"using":"xpath","value":"//span[text()='Provide to site - Completed']"}
RESULT: {"using":"xpath","value":"//span[text()='Provide to site - Completed']"}
COMMAND: POST /session/2eb25f1cbe9612d735ab0219d8fb520b/elements - {"using":"xpath","value":"//span[text()='Provide to site - Completed']"}
RESULT: {"using":"xpath","value":"//span[text()='Provide to site - Completed']"}
COMMAND: POST /session/2eb25f1cbe9612d735ab0219d8fb520b/elements - {"using":"xpath","value":"//span[text()='Provide to site - Completed']"}
RESULT: {"using":"xpath","value":"//span[text()='Provide to site - Completed']"}
COMMAND: POST /session/2eb25f1cbe9612d735ab0219d8fb520b/elements - {"using":"xpath","value":"//span[text()='Provide to site - Completed']"}
RESULT: {"using":"xpath","value":"//span[text()='Provide to site - Completed']"}
COMMAND: POST /session/2eb25f1cbe9612d735ab0219d8fb520b/elements - {"using":"xpath","value":"//span[text()='Provide to site - Completed']"}
RESULT: {"using":"xpath","value":"//span[text()='Provide to site - Completed']"}
COMMAND: POST /session/2eb25f1cbe9612d735ab0219d8fb520b/elements - {"using":"xpath","value":"//span[text()='Provide to site - Completed']"}
RESULT: {"using":"xpath","value":"//span[text()='Provide to site - Completed']"}
COMMAND: POST /session/2eb25f1cbe9612d735ab0219d8fb520b/elements - {"using":"xpath","value":"//span[text()='Provide to site - Completed']"}
RESULT: {"using":"xpath","value":"//span[text()='Provide to site - Completed']"}
COMMAND: POST /session/2eb25f1cbe9612d735ab0219d8fb520b/elements - {"using":"xpath","value":"//span[text()='Provide to site - Completed']"}
RESULT: {"using":"xpath","value":"//span[text()='Provide to site - Completed']"}
COMMAND: POST /session/2eb25f1cbe9612d735ab0219d8fb520b/elements - {"using":"xpath","value":"//span[text()='Provide to site - Completed']"}
RESULT: {"using":"xpath","value":"//span[text()='Provide to site - Completed']"}
COMMAND: POST /session/2eb25f1cbe9612d735ab0219d8fb520b/elements - {"using":"xpath","value":"//span[text()='Provide to site - Completed']"}
RESULT: {"using":"xpath","value":"//span[text()='Provide to site - Completed']"}
COMMAND: POST /session/2eb25f1cbe9612d735ab0219d8fb520b/elements - {"using":"xpath","value":"//span[text()='Provide to site - Completed']"}
RESULT: {"using":"xpath","value":"//span[text()='Provide to site - Completed']"}
COMMAND: POST /session/2eb25f1cbe9612d735ab0219d8fb520b/elements - {"using":"xpath","value":"//span[text()='Provide to site - Completed']"}
RESULT: {"using":"xpath","value":"//span[text()='Provide to site - Completed']"}
COMMAND: POST /session/2eb25f1cbe9612d735ab0219d8fb520b/elements - {"using":"xpath","value":"//span[text()='Provide to site - Completed']"}
RESULT: {"using":"xpath","value":"//span[text()='Provide to site - Completed']"}
COMMAND: POST /session/2eb25f1cbe9612d735ab0219d8fb520b/elements - {"using":"xpath","value":"//span[text()='Provide to site - Completed']"}
RESULT: {"using":"xpath","value":"//span[text()='Provide to site - Completed']"}
COMMAND: POST /session/2eb25f1cbe9612d735ab0219d8fb520b/elements - {"using":"xpath","value":"//span[text()='Provide to site - Completed']"}
RESULT: {"using":"xpath","value":"//span[text()='Provide to site - Completed']"}
COMMAND: POST /session/2eb25f1cbe9612d735ab0219d8fb520b/elements - {"using":"xpath","value":"//span[text()='Provide to site - Completed']"}
RESULT: {"using":"xpath","value":"//span[text()='Provide to site - Completed']"}
COMMAND: POST /session/2eb25f1cbe9612d735ab0219d8fb520b/elements - {"using":"xpath","value":"//span[text()='Provide to site - Completed']"}
RESULT: {"using":"xpath","value":"//span[text()='Provide to site - Completed']"}
COMMAND: POST /session/2eb25f1cbe9612d735ab0219d8fb520b/elements - {"using":"xpath","value":"//span[text()='Provide to site - Completed']"}
RESULT: {"using":"xpath","value":"//span[text()='Provide to site - Completed']"}
COMMAND: POST /session/2eb25f1cbe9612d735ab0219d8fb520b/elements - {"using":"xpath","value":"//span[text()='Provide to site - Completed']"}
RESULT: {"using":"xpath","value":"//span[text()='Provide to site - Completed']"}
COMMAND: POST /session/2eb25f1cbe9612d735ab0219d8fb520b/elements - {"using":"xpath","value":"//span[text()='Provide to site - Completed']"}
RESULT: {"using":"xpath","value":"//span[text()='Provide to site - Completed']"}
COMMAND: POST /session/2eb25f1cbe9612d735ab0219d8fb520b/elements - {"using":"xpath","value":"//span[text()='Provide to site - Completed']"}
RESULT: {"using":"xpath","value":"//span[text()='Provide to site - Completed']"}
COMMAND: POST /session/2eb25f1cbe9612d735ab0219d8fb520b/elements - {"using":"xpath","value":"//span[text()='Provide to site - Completed']"}
RESULT: {"using":"xpath","value":"//span[text()='Provide to site - Completed']"}
COMMAND: POST /session/2eb25f1cbe9612d735ab0219d8fb520b/elements - {"using":"xpath","value":"//span[text()='Provide to site - Completed']"}
RESULT: {"using":"xpath","value":"//span[text()='Provide to site - Completed']"}
COMMAND: POST /session/2eb25f1cbe9612d735ab0219d8fb520b/elements - {"using":"xpath","value":"//span[text()='Provide to site - Completed']"}
RESULT: {"using":"xpath","value":"//span[text()='Provide to site - Completed']"}
COMMAND: POST /session/2eb25f1cbe9612d735ab0219d8fb520b/elements - {"using":"xpath","value":"//span[text()='Provide to site - Completed']"}
RESULT: {"using":"xpath","value":"//span[text()='Provide to site - Completed']"}
COMMAND: POST /session/2eb25f1cbe9612d735ab0219d8fb520b/elements - {"using":"xpath","value":"//span[text()='Provide to site - Completed']"}
RESULT: {"using":"xpath","value":"//span[text()='Provide to site - Completed']"}
COMMAND: POST /session/2eb25f1cbe9612d735ab0219d8fb520b/elements - {"using":"xpath","value":"//span[text()='Provide to site - Completed']"}
RESULT: {"using":"xpath","value":"//span[text()='Provide to site - Completed']"}
COMMAND: POST /session/2eb25f1cbe9612d735ab0219d8fb520b/elements - {"using":"xpath","value":"//span[text()='Provide to site - Completed']"}
RESULT: {"using":"xpath","value":"//span[text()='Provide to site - Completed']"}
COMMAND: POST /session/2eb25f1cbe9612d735ab0219d8fb520b/elements - {"using":"xpath","value":"//span[text()='Provide to site - Completed']"}
RESULT: {"using":"xpath","value":"//span[text()='Provide to site - Completed']"}
COMMAND: POST /session/2eb25f1cbe9612d735ab0219d8fb520b/elements - {"using":"xpath","value":"//span[text()='Provide to site - Completed']"}
RESULT: {"using":"xpath","value":"//span[text()='Provide to site - Completed']"}
COMMAND: POST /session/2eb25f1cbe9612d735ab0219d8fb520b/elements - {"using":"xpath","value":"//span[text()='Provide to site - Completed']"}
RESULT: {"using":"xpath","value":"//span[text()='Provide to site - Completed']"}
COMMAND: POST /session/2eb25f1cbe9612d735ab0219d8fb520b/elements - {"using":"xpath","value":"//span[text()='Provide to site - Completed']"}
RESULT: {"using":"xpath","value":"//span[text()='Provide to site - Completed']"}
COMMAND: POST /session/2eb25f1cbe9612d735ab0219d8fb520b/elements - {"using":"xpath","value":"//span[text()='Provide to site - Completed']"}
RESULT: {"using":"xpath","value":"//span[text()='Provide to site - Completed']"}
COMMAND: POST /session/2eb25f1cbe9612d735ab0219d8fb520b/elements - {"using":"xpath","value":"//span[text()='Provide to site - Completed']"}
RESULT: {"using":"xpath","value":"//span[text()='Provide to site - Completed']"}
COMMAND: POST /session/2eb25f1cbe9612d735ab0219d8fb520b/elements - {"using":"xpath","value":"//span[text()='Provide to site - Completed']"}
RESULT: {"using":"xpath","value":"//span[text()='Provide to site - Completed']"}
COMMAND: POST /session/2eb25f1cbe9612d735ab0219d8fb520b/elements - {"using":"xpath","value":"//span[text()='Provide to site - Completed']"}
RESULT: {"using":"xpath","value":"//span[text()='Provide to site - Completed']"}
COMMAND: POST /session/2eb25f1cbe9612d735ab0219d8fb520b/elements - {"using":"xpath","value":"//span[text()='Provide to site - Completed']"}
RESULT: {"using":"xpath","value":"//span[text()='Provide to site - Completed']"}
COMMAND: POST /session/2eb25f1cbe9612d735ab0219d8fb520b/elements - {"using":"xpath","value":"//span[text()='Provide to site - Completed']"}
RESULT: {"using":"xpath","value":"//span[text()='Provide to site - Completed']"}
COMMAND: POST /session/2eb25f1cbe9612d735ab0219d8fb520b/elements - {"using":"xpath","value":"//span[text()='Provide to site - Completed']"}
RESULT: {"using":"xpath","value":"//span[text()='Provide to site - Completed']"}
COMMAND: POST /session/2eb25f1cbe9612d735ab0219d8fb520b/elements - {"using":"xpath","value":"//span[text()='Provide to site - Completed']"}
RESULT: {"using":"xpath","value":"//span[text()='Provide to site - Completed']"}
COMMAND: POST /session/2eb25f1cbe9612d735ab0219d8fb520b/elements - {"using":"xpath","value":"//span[text()='Provide to site - Completed']"}
RESULT: {"using":"xpath","value":"//span[text()='Provide to site - Completed']"}
COMMAND: POST /session/2eb25f1cbe9612d735ab0219d8fb520b/elements - {"using":"xpath","value":"//span[text()='Provide to site - Completed']"}
RESULT: {"using":"xpath","value":"//span[text()='Provide to site - Completed']"}
COMMAND: POST /session/2eb25f1cbe9612d735ab0219d8fb520b/elements - {"using":"xpath","value":"//span[text()='Provide to site - Completed']"}
RESULT: {"using":"xpath","value":"//span[text()='Provide to site - Completed']"}
COMMAND: POST /session/2eb25f1cbe9612d735ab0219d8fb520b/elements - {"using":"xpath","value":"//span[text()='Provide to site - Completed']"}
RESULT: {"using":"xpath","value":"//span[text()='Provide to site - Completed']"}
COMMAND: POST /session/2eb25f1cbe9612d735ab0219d8fb520b/elements - {"using":"xpath","value":"//span[text()='Provide to site - Completed']"}
RESULT: {"using":"xpath","value":"//span[text()='Provide to site - Completed']"}
COMMAND: POST /session/2eb25f1cbe9612d735ab0219d8fb520b/elements - {"using":"xpath","value":"//span[text()='Provide to site - Completed']"}
RESULT: {"using":"xpath","value":"//span[text()='Provide to site - Completed']"}
COMMAND: POST /session/2eb25f1cbe9612d735ab0219d8fb520b/elements - {"using":"xpath","value":"//span[text()='Provide to site - Completed']"}
RESULT: {"using":"xpath","value":"//span[text()='Provide to site - Completed']"}
COMMAND: POST /session/2eb25f1cbe9612d735ab0219d8fb520b/elements - {"using":"xpath","value":"//span[text()='Provide to site - Completed']"}
RESULT: {"using":"xpath","value":"//span[text()='Provide to site - Completed']"}
COMMAND: POST /session/2eb25f1cbe9612d735ab0219d8fb520b/elements - {"using":"xpath","value":"//span[text()='Provide to site - Completed']"}
RESULT: {"using":"xpath","value":"//span[text()='Provide to site - Completed']"}
COMMAND: POST /session/2eb25f1cbe9612d735ab0219d8fb520b/elements - {"using":"xpath","value":"//span[text()='Provide to site - Completed']"}
RESULT: {"using":"xpath","value":"//span[text()='Provide to site - Completed']"}
COMMAND: POST /session/2eb25f1cbe9612d735ab0219d8fb520b/elements - {"using":"xpath","value":"//span[text()='Provide to site - Completed']"}
RESULT: {"using":"xpath","value":"//span[text()='Provide to site - Completed']"}
COMMAND: POST /session/2eb25f1cbe9612d735ab0219d8fb520b/elements - {"using":"xpath","value":"//span[text()='Provide to site - Completed']"}
RESULT: {"using":"xpath","value":"//span[text()='Provide to site - Completed']"}
COMMAND: POST /session/2eb25f1cbe9612d735ab0219d8fb520b/elements - {"using":"xpath","value":"//span[text()='Provide to site - Completed']"}
RESULT: {"using":"xpath","value":"//span[text()='Provide to site - Completed']"}
COMMAND: POST /session/2eb25f1cbe9612d735ab0219d8fb520b/elements - {"using":"xpath","value":"//span[text()='Provide to site - Completed']"}
RESULT: {"using":"xpath","value":"//span[text()='Provide to site - Completed']"}
COMMAND: POST /session/2eb25f1cbe9612d735ab0219d8fb520b/elements - {"using":"xpath","value":"//span[text()='Provide to site - Completed']"}
RESULT: {"using":"xpath","value":"//span[text()='Provide to site - Completed']"}
COMMAND: POST /session/2eb25f1cbe9612d735ab0219d8fb520b/elements - {"using":"xpath","value":"//span[text()='Provide to site - Completed']"}
COMMAND: POST /session/2eb25f1cbe9612d735ab0219d8fb520b/execute/async - {"script":"<script> [1562 bytes]","args":[{"selector":{"controlType":"sap.m.Button","viewName":"etm.portal.ui.managehandovers.view.DetailExecuteHO","i18NText":{"propertyName":"text","key":"pickQty"},"interaction":{"idSuffix":"BDI-content"}},"wdio_ui5_key":"etmportal.ui.managehandovers.view.DetailExecuteHOsap.m.Button{\"propertyName\":\"text\",\"key\":\"pickQty\"}"}]}
RESULT: {"using":"xpath","value":"//span[text()='Provide to site - Completed']"}
RESULT: {"script":"<script> [1562 bytes]","args":[{"selector":{"controlType":"sap.m.Button","viewName":"etm.portal.ui.managehandovers.view.DetailExecuteHO","i18NText":{"propertyName":"text","key":"pickQty"},"interaction":{"idSuffix":"BDI-content"}},"wdio_ui5_key":"etmportal.ui.managehandovers.view.DetailExecuteHOsap.m.Button{\"propertyName\":\"text\",\"key\":\"pickQty\"}"}]}
RESULT: undefined
COMMAND: POST /session/2eb25f1cbe9612d735ab0219d8fb520b/execute/async - {"script":"<script> [1562 bytes]","args":[{"selector":{"controlType":"sap.m.Link","viewName":"etm.portal.ui.managehandovers.view.DetailExecuteHO","bindingPath":{"path":"","propertyPath":"/wmDoc","modelName":"warehouseMovModel"}},"wdio_ui5_key":"etmportal.ui.managehandovers.view.DetailExecuteHOsap.m.Link{\"path\":\"\",\"propertyPath\":\"/wmDoc\",\"modelName\":\"warehouseMovModel\"}"}]}
RESULT: {"script":"<script> [1562 bytes]","args":[{"selector":{"controlType":"sap.m.Link","viewName":"etm.portal.ui.managehandovers.view.DetailExecuteHO","bindingPath":{"path":"","propertyPath":"/wmDoc","modelName":"warehouseMovModel"}},"wdio_ui5_key":"etmportal.ui.managehandovers.view.DetailExecuteHOsap.m.Link{\"path\":\"\",\"propertyPath\":\"/wmDoc\",\"modelName\":\"warehouseMovModel\"}"}]}
RESULT: undefined
COMMAND: POST /session/2eb25f1cbe9612d735ab0219d8fb520b/execute/async - {"script":"<script> [1562 bytes]","args":[{"selector":{"controlType":"sap.m.Link","viewName":"etm.portal.ui.managehandovers.view.DetailExecuteHO","properties":{"text":"Warehouse Overview"},"searchOpenDialogs":true},"wdio_ui5_key":"etmportal.ui.managehandovers.view.DetailExecuteHOsap.m.Link{\"text\":\"Warehouse Overview\"}"}]}
RESULT: {"script":"<script> [1562 bytes]","args":[{"selector":{"controlType":"sap.m.Link","viewName":"etm.portal.ui.managehandovers.view.DetailExecuteHO","properties":{"text":"Warehouse Overview"},"searchOpenDialogs":true},"wdio_ui5_key":"etmportal.ui.managehandovers.view.DetailExecuteHOsap.m.Link{\"text\":\"Warehouse Overview\"}"}]}
RESULT: undefined
COMMAND: POST /session/2eb25f1cbe9612d735ab0219d8fb520b/execute/async - {"script":"<script> [1562 bytes]","args":[{"selector":{"controlType":"sap.m.Button","viewName":"etm.portal.ui.warehousemovements.view.DisplayMovement","viewId":"application-warehousemovements-display-component---displayMovement","i18NText":{"propertyName":"text","key":"execution"},"interaction":{"idSuffix":"BDI-content"}},"wdio_ui5_key":"etmportal.ui.warehousemovements.view.DisplayMovementsap.m.Button{\"propertyName\":\"text\",\"key\":\"execution\"}"}]}
RESULT: {"script":"<script> [1562 bytes]","args":[{"selector":{"controlType":"sap.m.Button","viewName":"etm.portal.ui.warehousemovements.view.DisplayMovement","viewId":"application-warehousemovements-display-component---displayMovement","i18NText":{"propertyName":"text","key":"execution"},"interaction":{"idSuffix":"BDI-content"}},"wdio_ui5_key":"etmportal.ui.warehousemovements.view.DisplayMovementsap.m.Button{\"propertyName\":\"text\",\"key\":\"execution\"}"}]}
RESULT: undefined
COMMAND: POST /session/2eb25f1cbe9612d735ab0219d8fb520b/execute/async - {"script":"<script> [1562 bytes]","args":[{"selector":{"controlType":"sap.m.Button","viewName":"etm.portal.ui.warehousemovements.view.ExecuteMovement","viewId":"application-warehousemovements-display-component---executeMovement","properties":{"text":"Items"},"interaction":{"idSuffix":"BDI-content"}},"wdio_ui5_key":"etmportal.ui.warehousemovements.view.ExecuteMovementsap.m.Button{\"text\":\"Items\"}"}]}
RESULT: {"script":"<script> [1562 bytes]","args":[{"selector":{"controlType":"sap.m.Button","viewName":"etm.portal.ui.warehousemovements.view.ExecuteMovement","viewId":"application-warehousemovements-display-component---executeMovement","properties":{"text":"Items"},"interaction":{"idSuffix":"BDI-content"}},"wdio_ui5_key":"etmportal.ui.warehousemovements.view.ExecuteMovementsap.m.Button{\"text\":\"Items\"}"}]}
RESULT: undefined
COMMAND: POST /session/2eb25f1cbe9612d735ab0219d8fb520b/execute/async - {"script":"<script> [1562 bytes]","args":[{"selector":{"controlType":"sap.m.ToggleButton","viewName":"etm.portal.ui.warehousemovements.view.ExecuteMovement","viewId":"application-warehousemovements-display-component---executeMovement","bindingPath":{"propertyPath":"STATUS","modelName":"catalogModel"},"interaction":{"idSuffix":"BDI-content"}},"wdio_ui5_key":"etmportal.ui.warehousemovements.view.ExecuteMovementsap.m.ToggleButton{\"propertyPath\":\"STATUS\",\"modelName\":\"catalogModel\"}"}]}
RESULT: {"script":"<script> [1562 bytes]","args":[{"selector":{"controlType":"sap.m.ToggleButton","viewName":"etm.portal.ui.warehousemovements.view.ExecuteMovement","viewId":"application-warehousemovements-display-component---executeMovement","bindingPath":{"propertyPath":"STATUS","modelName":"catalogModel"},"interaction":{"idSuffix":"BDI-content"}},"wdio_ui5_key":"etmportal.ui.warehousemovements.view.ExecuteMovementsap.m.ToggleButton{\"propertyPath\":\"STATUS\",\"modelName\":\"catalogModel\"}"}]}
RESULT: undefined
RESULT: undefined
RESULT: undefined
COMMAND: POST /session/2eb25f1cbe9612d735ab0219d8fb520b/execute/async - {"script":"<script> [1562 bytes]","args":[{"selector":{"id":"application-warehousemovements-display-component---executeMovement--executeId","interaction":{"idSuffix":"BDI-content"}},"wdio_ui5_key":"applicationwarehousemovements-display-component---executeMovement--executeId"}]}
RESULT: {"script":"<script> [1562 bytes]","args":[{"selector":{"id":"application-warehousemovements-display-component---executeMovement--executeId","interaction":{"idSuffix":"BDI-content"}},"wdio_ui5_key":"applicationwarehousemovements-display-component---executeMovement--executeId"}]}
RESULT: undefined
COMMAND: POST /session/2eb25f1cbe9612d735ab0219d8fb520b/element - {"using":"css selector","value":"#shell-header-logo"}
RESULT: {"using":"css selector","value":"#shell-header-logo"}
COMMAND: POST /session/2eb25f1cbe9612d735ab0219d8fb520b/element/f.1920C544C16071EF810842AAA08EA988.d.7FF7DC5FC7E94DC48310FEC75F763D80.e.16980/click - {}
RESULT: {}
COMMAND: GET /session/2eb25f1cbe9612d735ab0219d8fb520b/screenshot - {}
RESULT: {}
RESULT: undefined
COMMAND: POST /session/2eb25f1cbe9612d735ab0219d8fb520b/element - {"using":"xpath","value":"//*[@id=\"__tile133\"]"}
RESULT: {"using":"xpath","value":"//*[@id=\"__tile133\"]"}
COMMAND: POST /session/2eb25f1cbe9612d735ab0219d8fb520b/element/f.1920C544C16071EF810842AAA08EA988.d.7FF7DC5FC7E94DC48310FEC75F763D80.e.16255/click - {}
RESULT: {}
COMMAND: GET /session/2eb25f1cbe9612d735ab0219d8fb520b/screenshot - {}
RESULT: {}
COMMAND: POST /session/2eb25f1cbe9612d735ab0219d8fb520b/execute/async - {"script":"<script> [1562 bytes]","args":[{"selector":{"controlType":"sap.m.SearchField","viewName":"etm.portal.ui.managehandovers.view.MasterHO","bindingPath":{"propertyPath":"/_BASIC_SEARCH_FIELD","modelName":"fi1t3rM0d31"},"interaction":{"idSuffix":"I"}},"wdio_ui5_key":"etmportal.ui.managehandovers.view.MasterHOsap.m.SearchField{\"propertyPath\":\"/_BASIC_SEARCH_FIELD\",\"modelName\":\"fi1t3rM0d31\"}"}]}
RESULT: {"script":"<script> [1562 bytes]","args":[{"selector":{"controlType":"sap.m.SearchField","viewName":"etm.portal.ui.managehandovers.view.MasterHO","bindingPath":{"propertyPath":"/_BASIC_SEARCH_FIELD","modelName":"fi1t3rM0d31"},"interaction":{"idSuffix":"I"}},"wdio_ui5_key":"etmportal.ui.managehandovers.view.MasterHOsap.m.SearchField{\"propertyPath\":\"/_BASIC_SEARCH_FIELD\",\"modelName\":\"fi1t3rM0d31\"}"}]}
RESULT: undefined
COMMAND: POST /session/2eb25f1cbe9612d735ab0219d8fb520b/execute/async - {"script":"<script> [776 bytes]","args":[{"enterText":"30288","selector":{"controlType":"sap.m.SearchField","viewName":"etm.portal.ui.managehandovers.view.MasterHO","bindingPath":{"propertyPath":"/_BASIC_SEARCH_FIELD","modelName":"fi1t3rM0d31"},"interaction":{"idSuffix":"I"}},"clearTextFirst":true,"interactionType":"ENTER_TEXT"}]}
RESULT: {"script":"<script> [776 bytes]","args":[{"enterText":"30288","selector":{"controlType":"sap.m.SearchField","viewName":"etm.portal.ui.managehandovers.view.MasterHO","bindingPath":{"propertyPath":"/_BASIC_SEARCH_FIELD","modelName":"fi1t3rM0d31"},"interaction":{"idSuffix":"I"}},"clearTextFirst":true,"interactionType":"ENTER_TEXT"}]}
COMMAND: POST /session/2eb25f1cbe9612d735ab0219d8fb520b/actions - {"actions":[{"id":"action78","type":"key","parameters":{},"actions":[{"type":"keyDown","value":"î€‡"},{"type":"pause","duration":10},{"type":"keyUp","value":"î€‡"}]}]}
RESULT: {"actions":[{"id":"action78","type":"key","parameters":{},"actions":[{"type":"keyDown","value":"î€‡"},{"type":"pause","duration":10},{"type":"keyUp","value":"î€‡"}]}]}
COMMAND: GET /session/2eb25f1cbe9612d735ab0219d8fb520b/screenshot - {}
RESULT: {}
RESULT: undefined
COMMAND: POST /session/2eb25f1cbe9612d735ab0219d8fb520b/element - {"using":"xpath","value":"//*[@id=\"__item2196-__clone6751-imgNav\"]"}
RESULT: {"using":"xpath","value":"//*[@id=\"__item2196-__clone6751-imgNav\"]"}
COMMAND: POST /session/2eb25f1cbe9612d735ab0219d8fb520b/elements - {"using":"xpath","value":"//*[@id=\"__item2196-__clone6751-imgNav\"]"}
RESULT: {"using":"xpath","value":"//*[@id=\"__item2196-__clone6751-imgNav\"]"}
COMMAND: POST /session/2eb25f1cbe9612d735ab0219d8fb520b/elements - {"using":"xpath","value":"//*[@id=\"__item2196-__clone6751-imgNav\"]"}
RESULT: {"using":"xpath","value":"//*[@id=\"__item2196-__clone6751-imgNav\"]"}
COMMAND: POST /session/2eb25f1cbe9612d735ab0219d8fb520b/elements - {"using":"xpath","value":"//*[@id=\"__item2196-__clone6751-imgNav\"]"}
RESULT: {"using":"xpath","value":"//*[@id=\"__item2196-__clone6751-imgNav\"]"}
COMMAND: POST /session/2eb25f1cbe9612d735ab0219d8fb520b/elements - {"using":"xpath","value":"//*[@id=\"__item2196-__clone6751-imgNav\"]"}
RESULT: {"using":"xpath","value":"//*[@id=\"__item2196-__clone6751-imgNav\"]"}
COMMAND: POST /session/2eb25f1cbe9612d735ab0219d8fb520b/elements - {"using":"xpath","value":"//*[@id=\"__item2196-__clone6751-imgNav\"]"}
RESULT: {"using":"xpath","value":"//*[@id=\"__item2196-__clone6751-imgNav\"]"}
COMMAND: POST /session/2eb25f1cbe9612d735ab0219d8fb520b/elements - {"using":"xpath","value":"//*[@id=\"__item2196-__clone6751-imgNav\"]"}
RESULT: {"using":"xpath","value":"//*[@id=\"__item2196-__clone6751-imgNav\"]"}
COMMAND: POST /session/2eb25f1cbe9612d735ab0219d8fb520b/elements - {"using":"xpath","value":"//*[@id=\"__item2196-__clone6751-imgNav\"]"}
RESULT: {"using":"xpath","value":"//*[@id=\"__item2196-__clone6751-imgNav\"]"}
COMMAND: POST /session/2eb25f1cbe9612d735ab0219d8fb520b/elements - {"using":"xpath","value":"//*[@id=\"__item2196-__clone6751-imgNav\"]"}
RESULT: {"using":"xpath","value":"//*[@id=\"__item2196-__clone6751-imgNav\"]"}
COMMAND: POST /session/2eb25f1cbe9612d735ab0219d8fb520b/elements - {"using":"xpath","value":"//*[@id=\"__item2196-__clone6751-imgNav\"]"}
RESULT: {"using":"xpath","value":"//*[@id=\"__item2196-__clone6751-imgNav\"]"}
COMMAND: POST /session/2eb25f1cbe9612d735ab0219d8fb520b/elements - {"using":"xpath","value":"//*[@id=\"__item2196-__clone6751-imgNav\"]"}
RESULT: {"using":"xpath","value":"//*[@id=\"__item2196-__clone6751-imgNav\"]"}
COMMAND: POST /session/2eb25f1cbe9612d735ab0219d8fb520b/elements - {"using":"xpath","value":"//*[@id=\"__item2196-__clone6751-imgNav\"]"}
RESULT: {"using":"xpath","value":"//*[@id=\"__item2196-__clone6751-imgNav\"]"}
COMMAND: POST /session/2eb25f1cbe9612d735ab0219d8fb520b/elements - {"using":"xpath","value":"//*[@id=\"__item2196-__clone6751-imgNav\"]"}
RESULT: {"using":"xpath","value":"//*[@id=\"__item2196-__clone6751-imgNav\"]"}
COMMAND: POST /session/2eb25f1cbe9612d735ab0219d8fb520b/elements - {"using":"xpath","value":"//*[@id=\"__item2196-__clone6751-imgNav\"]"}
RESULT: {"using":"xpath","value":"//*[@id=\"__item2196-__clone6751-imgNav\"]"}
COMMAND: POST /session/2eb25f1cbe9612d735ab0219d8fb520b/elements - {"using":"xpath","value":"//*[@id=\"__item2196-__clone6751-imgNav\"]"}
RESULT: {"using":"xpath","value":"//*[@id=\"__item2196-__clone6751-imgNav\"]"}
COMMAND: POST /session/2eb25f1cbe9612d735ab0219d8fb520b/elements - {"using":"xpath","value":"//*[@id=\"__item2196-__clone6751-imgNav\"]"}
RESULT: {"using":"xpath","value":"//*[@id=\"__item2196-__clone6751-imgNav\"]"}
COMMAND: POST /session/2eb25f1cbe9612d735ab0219d8fb520b/elements - {"using":"xpath","value":"//*[@id=\"__item2196-__clone6751-imgNav\"]"}
RESULT: {"using":"xpath","value":"//*[@id=\"__item2196-__clone6751-imgNav\"]"}
COMMAND: POST /session/2eb25f1cbe9612d735ab0219d8fb520b/elements - {"using":"xpath","value":"//*[@id=\"__item2196-__clone6751-imgNav\"]"}
RESULT: {"using":"xpath","value":"//*[@id=\"__item2196-__clone6751-imgNav\"]"}
COMMAND: POST /session/2eb25f1cbe9612d735ab0219d8fb520b/elements - {"using":"xpath","value":"//*[@id=\"__item2196-__clone6751-imgNav\"]"}
RESULT: {"using":"xpath","value":"//*[@id=\"__item2196-__clone6751-imgNav\"]"}
COMMAND: POST /session/2eb25f1cbe9612d735ab0219d8fb520b/elements - {"using":"xpath","value":"//*[@id=\"__item2196-__clone6751-imgNav\"]"}
RESULT: {"using":"xpath","value":"//*[@id=\"__item2196-__clone6751-imgNav\"]"}
COMMAND: POST /session/2eb25f1cbe9612d735ab0219d8fb520b/elements - {"using":"xpath","value":"//*[@id=\"__item2196-__clone6751-imgNav\"]"}
RESULT: {"using":"xpath","value":"//*[@id=\"__item2196-__clone6751-imgNav\"]"}
COMMAND: POST /session/2eb25f1cbe9612d735ab0219d8fb520b/elements - {"using":"xpath","value":"//*[@id=\"__item2196-__clone6751-imgNav\"]"}
RESULT: {"using":"xpath","value":"//*[@id=\"__item2196-__clone6751-imgNav\"]"}
COMMAND: POST /session/2eb25f1cbe9612d735ab0219d8fb520b/elements - {"using":"xpath","value":"//*[@id=\"__item2196-__clone6751-imgNav\"]"}
RESULT: {"using":"xpath","value":"//*[@id=\"__item2196-__clone6751-imgNav\"]"}
COMMAND: POST /session/2eb25f1cbe9612d735ab0219d8fb520b/elements - {"using":"xpath","value":"//*[@id=\"__item2196-__clone6751-imgNav\"]"}
RESULT: {"using":"xpath","value":"//*[@id=\"__item2196-__clone6751-imgNav\"]"}
COMMAND: POST /session/2eb25f1cbe9612d735ab0219d8fb520b/elements - {"using":"xpath","value":"//*[@id=\"__item2196-__clone6751-imgNav\"]"}
RESULT: {"using":"xpath","value":"//*[@id=\"__item2196-__clone6751-imgNav\"]"}
COMMAND: POST /session/2eb25f1cbe9612d735ab0219d8fb520b/elements - {"using":"xpath","value":"//*[@id=\"__item2196-__clone6751-imgNav\"]"}
RESULT: {"using":"xpath","value":"//*[@id=\"__item2196-__clone6751-imgNav\"]"}
COMMAND: POST /session/2eb25f1cbe9612d735ab0219d8fb520b/elements - {"using":"xpath","value":"//*[@id=\"__item2196-__clone6751-imgNav\"]"}
RESULT: {"using":"xpath","value":"//*[@id=\"__item2196-__clone6751-imgNav\"]"}
COMMAND: POST /session/2eb25f1cbe9612d735ab0219d8fb520b/elements - {"using":"xpath","value":"//*[@id=\"__item2196-__clone6751-imgNav\"]"}
RESULT: {"using":"xpath","value":"//*[@id=\"__item2196-__clone6751-imgNav\"]"}
COMMAND: POST /session/2eb25f1cbe9612d735ab0219d8fb520b/elements - {"using":"xpath","value":"//*[@id=\"__item2196-__clone6751-imgNav\"]"}
RESULT: {"using":"xpath","value":"//*[@id=\"__item2196-__clone6751-imgNav\"]"}
COMMAND: POST /session/2eb25f1cbe9612d735ab0219d8fb520b/elements - {"using":"xpath","value":"//*[@id=\"__item2196-__clone6751-imgNav\"]"}
RESULT: {"using":"xpath","value":"//*[@id=\"__item2196-__clone6751-imgNav\"]"}
COMMAND: POST /session/2eb25f1cbe9612d735ab0219d8fb520b/elements - {"using":"xpath","value":"//*[@id=\"__item2196-__clone6751-imgNav\"]"}
RESULT: {"using":"xpath","value":"//*[@id=\"__item2196-__clone6751-imgNav\"]"}
COMMAND: POST /session/2eb25f1cbe9612d735ab0219d8fb520b/elements - {"using":"xpath","value":"//*[@id=\"__item2196-__clone6751-imgNav\"]"}
RESULT: {"using":"xpath","value":"//*[@id=\"__item2196-__clone6751-imgNav\"]"}
COMMAND: POST /session/2eb25f1cbe9612d735ab0219d8fb520b/elements - {"using":"xpath","value":"//*[@id=\"__item2196-__clone6751-imgNav\"]"}
RESULT: {"using":"xpath","value":"//*[@id=\"__item2196-__clone6751-imgNav\"]"}
COMMAND: POST /session/2eb25f1cbe9612d735ab0219d8fb520b/elements - {"using":"xpath","value":"//*[@id=\"__item2196-__clone6751-imgNav\"]"}
RESULT: {"using":"xpath","value":"//*[@id=\"__item2196-__clone6751-imgNav\"]"}
COMMAND: POST /session/2eb25f1cbe9612d735ab0219d8fb520b/elements - {"using":"xpath","value":"//*[@id=\"__item2196-__clone6751-imgNav\"]"}
RESULT: {"using":"xpath","value":"//*[@id=\"__item2196-__clone6751-imgNav\"]"}
COMMAND: POST /session/2eb25f1cbe9612d735ab0219d8fb520b/elements - {"using":"xpath","value":"//*[@id=\"__item2196-__clone6751-imgNav\"]"}
RESULT: {"using":"xpath","value":"//*[@id=\"__item2196-__clone6751-imgNav\"]"}
COMMAND: POST /session/2eb25f1cbe9612d735ab0219d8fb520b/elements - {"using":"xpath","value":"//*[@id=\"__item2196-__clone6751-imgNav\"]"}
RESULT: {"using":"xpath","value":"//*[@id=\"__item2196-__clone6751-imgNav\"]"}
COMMAND: POST /session/2eb25f1cbe9612d735ab0219d8fb520b/elements - {"using":"xpath","value":"//*[@id=\"__item2196-__clone6751-imgNav\"]"}
RESULT: {"using":"xpath","value":"//*[@id=\"__item2196-__clone6751-imgNav\"]"}
COMMAND: POST /session/2eb25f1cbe9612d735ab0219d8fb520b/elements - {"using":"xpath","value":"//*[@id=\"__item2196-__clone6751-imgNav\"]"}
RESULT: {"using":"xpath","value":"//*[@id=\"__item2196-__clone6751-imgNav\"]"}
COMMAND: POST /session/2eb25f1cbe9612d735ab0219d8fb520b/elements - {"using":"xpath","value":"//*[@id=\"__item2196-__clone6751-imgNav\"]"}
RESULT: {"using":"xpath","value":"//*[@id=\"__item2196-__clone6751-imgNav\"]"}
COMMAND: POST /session/2eb25f1cbe9612d735ab0219d8fb520b/elements - {"using":"xpath","value":"//*[@id=\"__item2196-__clone6751-imgNav\"]"}
RESULT: {"using":"xpath","value":"//*[@id=\"__item2196-__clone6751-imgNav\"]"}
COMMAND: POST /session/2eb25f1cbe9612d735ab0219d8fb520b/elements - {"using":"xpath","value":"//*[@id=\"__item2196-__clone6751-imgNav\"]"}
RESULT: {"using":"xpath","value":"//*[@id=\"__item2196-__clone6751-imgNav\"]"}
COMMAND: POST /session/2eb25f1cbe9612d735ab0219d8fb520b/elements - {"using":"xpath","value":"//*[@id=\"__item2196-__clone6751-imgNav\"]"}
RESULT: {"using":"xpath","value":"//*[@id=\"__item2196-__clone6751-imgNav\"]"}
COMMAND: POST /session/2eb25f1cbe9612d735ab0219d8fb520b/elements - {"using":"xpath","value":"//*[@id=\"__item2196-__clone6751-imgNav\"]"}
RESULT: {"using":"xpath","value":"//*[@id=\"__item2196-__clone6751-imgNav\"]"}
COMMAND: POST /session/2eb25f1cbe9612d735ab0219d8fb520b/elements - {"using":"xpath","value":"//*[@id=\"__item2196-__clone6751-imgNav\"]"}
RESULT: {"using":"xpath","value":"//*[@id=\"__item2196-__clone6751-imgNav\"]"}
COMMAND: POST /session/2eb25f1cbe9612d735ab0219d8fb520b/elements - {"using":"xpath","value":"//*[@id=\"__item2196-__clone6751-imgNav\"]"}
RESULT: {"using":"xpath","value":"//*[@id=\"__item2196-__clone6751-imgNav\"]"}
COMMAND: POST /session/2eb25f1cbe9612d735ab0219d8fb520b/elements - {"using":"xpath","value":"//*[@id=\"__item2196-__clone6751-imgNav\"]"}
RESULT: {"using":"xpath","value":"//*[@id=\"__item2196-__clone6751-imgNav\"]"}
COMMAND: POST /session/2eb25f1cbe9612d735ab0219d8fb520b/elements - {"using":"xpath","value":"//*[@id=\"__item2196-__clone6751-imgNav\"]"}
RESULT: {"using":"xpath","value":"//*[@id=\"__item2196-__clone6751-imgNav\"]"}
COMMAND: POST /session/2eb25f1cbe9612d735ab0219d8fb520b/elements - {"using":"xpath","value":"//*[@id=\"__item2196-__clone6751-imgNav\"]"}
RESULT: {"using":"xpath","value":"//*[@id=\"__item2196-__clone6751-imgNav\"]"}
COMMAND: POST /session/2eb25f1cbe9612d735ab0219d8fb520b/elements - {"using":"xpath","value":"//*[@id=\"__item2196-__clone6751-imgNav\"]"}
RESULT: {"using":"xpath","value":"//*[@id=\"__item2196-__clone6751-imgNav\"]"}
COMMAND: POST /session/2eb25f1cbe9612d735ab0219d8fb520b/elements - {"using":"xpath","value":"//*[@id=\"__item2196-__clone6751-imgNav\"]"}
RESULT: {"using":"xpath","value":"//*[@id=\"__item2196-__clone6751-imgNav\"]"}
COMMAND: POST /session/2eb25f1cbe9612d735ab0219d8fb520b/elements - {"using":"xpath","value":"//*[@id=\"__item2196-__clone6751-imgNav\"]"}
RESULT: {"using":"xpath","value":"//*[@id=\"__item2196-__clone6751-imgNav\"]"}
COMMAND: POST /session/2eb25f1cbe9612d735ab0219d8fb520b/elements - {"using":"xpath","value":"//*[@id=\"__item2196-__clone6751-imgNav\"]"}
RESULT: {"using":"xpath","value":"//*[@id=\"__item2196-__clone6751-imgNav\"]"}
COMMAND: POST /session/2eb25f1cbe9612d735ab0219d8fb520b/elements - {"using":"xpath","value":"//*[@id=\"__item2196-__clone6751-imgNav\"]"}
RESULT: {"using":"xpath","value":"//*[@id=\"__item2196-__clone6751-imgNav\"]"}
COMMAND: POST /session/2eb25f1cbe9612d735ab0219d8fb520b/elements - {"using":"xpath","value":"//*[@id=\"__item2196-__clone6751-imgNav\"]"}
RESULT: {"using":"xpath","value":"//*[@id=\"__item2196-__clone6751-imgNav\"]"}
COMMAND: POST /session/2eb25f1cbe9612d735ab0219d8fb520b/elements - {"using":"xpath","value":"//*[@id=\"__item2196-__clone6751-imgNav\"]"}
RESULT: {"using":"xpath","value":"//*[@id=\"__item2196-__clone6751-imgNav\"]"}
COMMAND: POST /session/2eb25f1cbe9612d735ab0219d8fb520b/elements - {"using":"xpath","value":"//*[@id=\"__item2196-__clone6751-imgNav\"]"}
RESULT: {"using":"xpath","value":"//*[@id=\"__item2196-__clone6751-imgNav\"]"}
COMMAND: POST /session/2eb25f1cbe9612d735ab0219d8fb520b/elements - {"using":"xpath","value":"//*[@id=\"__item2196-__clone6751-imgNav\"]"}
RESULT: {"using":"xpath","value":"//*[@id=\"__item2196-__clone6751-imgNav\"]"}
COMMAND: POST /session/2eb25f1cbe9612d735ab0219d8fb520b/elements - {"using":"xpath","value":"//*[@id=\"__item2196-__clone6751-imgNav\"]"}
RESULT: {"using":"xpath","value":"//*[@id=\"__item2196-__clone6751-imgNav\"]"}
COMMAND: POST /session/2eb25f1cbe9612d735ab0219d8fb520b/elements - {"using":"xpath","value":"//*[@id=\"__item2196-__clone6751-imgNav\"]"}
RESULT: {"using":"xpath","value":"//*[@id=\"__item2196-__clone6751-imgNav\"]"}
COMMAND: POST /session/2eb25f1cbe9612d735ab0219d8fb520b/elements - {"using":"xpath","value":"//*[@id=\"__item2196-__clone6751-imgNav\"]"}
RESULT: {"using":"xpath","value":"//*[@id=\"__item2196-__clone6751-imgNav\"]"}
COMMAND: POST /session/2eb25f1cbe9612d735ab0219d8fb520b/elements - {"using":"xpath","value":"//*[@id=\"__item2196-__clone6751-imgNav\"]"}
RESULT: {"using":"xpath","value":"//*[@id=\"__item2196-__clone6751-imgNav\"]"}
COMMAND: POST /session/2eb25f1cbe9612d735ab0219d8fb520b/elements - {"using":"xpath","value":"//*[@id=\"__item2196-__clone6751-imgNav\"]"}
RESULT: {"using":"xpath","value":"//*[@id=\"__item2196-__clone6751-imgNav\"]"}
COMMAND: POST /session/2eb25f1cbe9612d735ab0219d8fb520b/elements - {"using":"xpath","value":"//*[@id=\"__item2196-__clone6751-imgNav\"]"}
RESULT: {"using":"xpath","value":"//*[@id=\"__item2196-__clone6751-imgNav\"]"}
COMMAND: POST /session/2eb25f1cbe9612d735ab0219d8fb520b/elements - {"using":"xpath","value":"//*[@id=\"__item2196-__clone6751-imgNav\"]"}
RESULT: {"using":"xpath","value":"//*[@id=\"__item2196-__clone6751-imgNav\"]"}
COMMAND: POST /session/2eb25f1cbe9612d735ab0219d8fb520b/elements - {"using":"xpath","value":"//*[@id=\"__item2196-__clone6751-imgNav\"]"}
RESULT: {"using":"xpath","value":"//*[@id=\"__item2196-__clone6751-imgNav\"]"}
COMMAND: POST /session/2eb25f1cbe9612d735ab0219d8fb520b/elements - {"using":"xpath","value":"//*[@id=\"__item2196-__clone6751-imgNav\"]"}
RESULT: {"using":"xpath","value":"//*[@id=\"__item2196-__clone6751-imgNav\"]"}
COMMAND: POST /session/2eb25f1cbe9612d735ab0219d8fb520b/elements - {"using":"xpath","value":"//*[@id=\"__item2196-__clone6751-imgNav\"]"}
RESULT: {"using":"xpath","value":"//*[@id=\"__item2196-__clone6751-imgNav\"]"}
COMMAND: POST /session/2eb25f1cbe9612d735ab0219d8fb520b/elements - {"using":"xpath","value":"//*[@id=\"__item2196-__clone6751-imgNav\"]"}
RESULT: {"using":"xpath","value":"//*[@id=\"__item2196-__clone6751-imgNav\"]"}
COMMAND: POST /session/2eb25f1cbe9612d735ab0219d8fb520b/elements - {"using":"xpath","value":"//*[@id=\"__item2196-__clone6751-imgNav\"]"}
RESULT: {"using":"xpath","value":"//*[@id=\"__item2196-__clone6751-imgNav\"]"}
COMMAND: POST /session/2eb25f1cbe9612d735ab0219d8fb520b/elements - {"using":"xpath","value":"//*[@id=\"__item2196-__clone6751-imgNav\"]"}
RESULT: {"using":"xpath","value":"//*[@id=\"__item2196-__clone6751-imgNav\"]"}
COMMAND: POST /session/2eb25f1cbe9612d735ab0219d8fb520b/elements - {"using":"xpath","value":"//*[@id=\"__item2196-__clone6751-imgNav\"]"}
RESULT: {"using":"xpath","value":"//*[@id=\"__item2196-__clone6751-imgNav\"]"}
COMMAND: POST /session/2eb25f1cbe9612d735ab0219d8fb520b/elements - {"using":"xpath","value":"//*[@id=\"__item2196-__clone6751-imgNav\"]"}
RESULT: {"using":"xpath","value":"//*[@id=\"__item2196-__clone6751-imgNav\"]"}
COMMAND: POST /session/2eb25f1cbe9612d735ab0219d8fb520b/elements - {"using":"xpath","value":"//*[@id=\"__item2196-__clone6751-imgNav\"]"}
RESULT: {"using":"xpath","value":"//*[@id=\"__item2196-__clone6751-imgNav\"]"}
COMMAND: POST /session/2eb25f1cbe9612d735ab0219d8fb520b/elements - {"using":"xpath","value":"//*[@id=\"__item2196-__clone6751-imgNav\"]"}
RESULT: {"using":"xpath","value":"//*[@id=\"__item2196-__clone6751-imgNav\"]"}
COMMAND: POST /session/2eb25f1cbe9612d735ab0219d8fb520b/elements - {"using":"xpath","value":"//*[@id=\"__item2196-__clone6751-imgNav\"]"}
RESULT: {"using":"xpath","value":"//*[@id=\"__item2196-__clone6751-imgNav\"]"}
COMMAND: POST /session/2eb25f1cbe9612d735ab0219d8fb520b/elements - {"using":"xpath","value":"//*[@id=\"__item2196-__clone6751-imgNav\"]"}
RESULT: {"using":"xpath","value":"//*[@id=\"__item2196-__clone6751-imgNav\"]"}
COMMAND: POST /session/2eb25f1cbe9612d735ab0219d8fb520b/elements - {"using":"xpath","value":"//*[@id=\"__item2196-__clone6751-imgNav\"]"}
RESULT: {"using":"xpath","value":"//*[@id=\"__item2196-__clone6751-imgNav\"]"}
COMMAND: POST /session/2eb25f1cbe9612d735ab0219d8fb520b/elements - {"using":"xpath","value":"//*[@id=\"__item2196-__clone6751-imgNav\"]"}
RESULT: {"using":"xpath","value":"//*[@id=\"__item2196-__clone6751-imgNav\"]"}
COMMAND: POST /session/2eb25f1cbe9612d735ab0219d8fb520b/elements - {"using":"xpath","value":"//*[@id=\"__item2196-__clone6751-imgNav\"]"}
RESULT: {"using":"xpath","value":"//*[@id=\"__item2196-__clone6751-imgNav\"]"}
COMMAND: POST /session/2eb25f1cbe9612d735ab0219d8fb520b/elements - {"using":"xpath","value":"//*[@id=\"__item2196-__clone6751-imgNav\"]"}
RESULT: {"using":"xpath","value":"//*[@id=\"__item2196-__clone6751-imgNav\"]"}
COMMAND: POST /session/2eb25f1cbe9612d735ab0219d8fb520b/elements - {"using":"xpath","value":"//*[@id=\"__item2196-__clone6751-imgNav\"]"}
RESULT: {"using":"xpath","value":"//*[@id=\"__item2196-__clone6751-imgNav\"]"}
COMMAND: POST /session/2eb25f1cbe9612d735ab0219d8fb520b/elements - {"using":"xpath","value":"//*[@id=\"__item2196-__clone6751-imgNav\"]"}
RESULT: {"using":"xpath","value":"//*[@id=\"__item2196-__clone6751-imgNav\"]"}
COMMAND: POST /session/2eb25f1cbe9612d735ab0219d8fb520b/elements - {"using":"xpath","value":"//*[@id=\"__item2196-__clone6751-imgNav\"]"}
RESULT: {"using":"xpath","value":"//*[@id=\"__item2196-__clone6751-imgNav\"]"}
COMMAND: POST /session/2eb25f1cbe9612d735ab0219d8fb520b/elements - {"using":"xpath","value":"//*[@id=\"__item2196-__clone6751-imgNav\"]"}
RESULT: {"using":"xpath","value":"//*[@id=\"__item2196-__clone6751-imgNav\"]"}
COMMAND: POST /session/2eb25f1cbe9612d735ab0219d8fb520b/elements - {"using":"xpath","value":"//*[@id=\"__item2196-__clone6751-imgNav\"]"}
RESULT: {"using":"xpath","value":"//*[@id=\"__item2196-__clone6751-imgNav\"]"}
COMMAND: POST /session/2eb25f1cbe9612d735ab0219d8fb520b/elements - {"using":"xpath","value":"//*[@id=\"__item2196-__clone6751-imgNav\"]"}
RESULT: {"using":"xpath","value":"//*[@id=\"__item2196-__clone6751-imgNav\"]"}
COMMAND: POST /session/2eb25f1cbe9612d735ab0219d8fb520b/elements - {"using":"xpath","value":"//*[@id=\"__item2196-__clone6751-imgNav\"]"}
RESULT: {"using":"xpath","value":"//*[@id=\"__item2196-__clone6751-imgNav\"]"}
COMMAND: POST /session/2eb25f1cbe9612d735ab0219d8fb520b/elements - {"using":"xpath","value":"//*[@id=\"__item2196-__clone6751-imgNav\"]"}
RESULT: {"using":"xpath","value":"//*[@id=\"__item2196-__clone6751-imgNav\"]"}
COMMAND: POST /session/2eb25f1cbe9612d735ab0219d8fb520b/elements - {"using":"xpath","value":"//*[@id=\"__item2196-__clone6751-imgNav\"]"}
RESULT: {"using":"xpath","value":"//*[@id=\"__item2196-__clone6751-imgNav\"]"}
COMMAND: POST /session/2eb25f1cbe9612d735ab0219d8fb520b/elements - {"using":"xpath","value":"//*[@id=\"__item2196-__clone6751-imgNav\"]"}
RESULT: {"using":"xpath","value":"//*[@id=\"__item2196-__clone6751-imgNav\"]"}
COMMAND: POST /session/2eb25f1cbe9612d735ab0219d8fb520b/elements - {"using":"xpath","value":"//*[@id=\"__item2196-__clone6751-imgNav\"]"}
RESULT: {"using":"xpath","value":"//*[@id=\"__item2196-__clone6751-imgNav\"]"}
COMMAND: POST /session/2eb25f1cbe9612d735ab0219d8fb520b/elements - {"using":"xpath","value":"//*[@id=\"__item2196-__clone6751-imgNav\"]"}
RESULT: {"using":"xpath","value":"//*[@id=\"__item2196-__clone6751-imgNav\"]"}
COMMAND: POST /session/2eb25f1cbe9612d735ab0219d8fb520b/elements - {"using":"xpath","value":"//*[@id=\"__item2196-__clone6751-imgNav\"]"}
RESULT: {"using":"xpath","value":"//*[@id=\"__item2196-__clone6751-imgNav\"]"}
COMMAND: POST /session/2eb25f1cbe9612d735ab0219d8fb520b/elements - {"using":"xpath","value":"//*[@id=\"__item2196-__clone6751-imgNav\"]"}
RESULT: {"using":"xpath","value":"//*[@id=\"__item2196-__clone6751-imgNav\"]"}
COMMAND: POST /session/2eb25f1cbe9612d735ab0219d8fb520b/elements - {"using":"xpath","value":"//*[@id=\"__item2196-__clone6751-imgNav\"]"}
RESULT: {"using":"xpath","value":"//*[@id=\"__item2196-__clone6751-imgNav\"]"}
COMMAND: POST /session/2eb25f1cbe9612d735ab0219d8fb520b/elements - {"using":"xpath","value":"//*[@id=\"__item2196-__clone6751-imgNav\"]"}
RESULT: {"using":"xpath","value":"//*[@id=\"__item2196-__clone6751-imgNav\"]"}
COMMAND: POST /session/2eb25f1cbe9612d735ab0219d8fb520b/elements - {"using":"xpath","value":"//*[@id=\"__item2196-__clone6751-imgNav\"]"}
RESULT: {"using":"xpath","value":"//*[@id=\"__item2196-__clone6751-imgNav\"]"}
COMMAND: POST /session/2eb25f1cbe9612d735ab0219d8fb520b/elements - {"using":"xpath","value":"//*[@id=\"__item2196-__clone6751-imgNav\"]"}
RESULT: {"using":"xpath","value":"//*[@id=\"__item2196-__clone6751-imgNav\"]"}
COMMAND: POST /session/2eb25f1cbe9612d735ab0219d8fb520b/elements - {"using":"xpath","value":"//*[@id=\"__item2196-__clone6751-imgNav\"]"}
RESULT: {"using":"xpath","value":"//*[@id=\"__item2196-__clone6751-imgNav\"]"}
COMMAND: POST /session/2eb25f1cbe9612d735ab0219d8fb520b/elements - {"using":"xpath","value":"//*[@id=\"__item2196-__clone6751-imgNav\"]"}
RESULT: {"using":"xpath","value":"//*[@id=\"__item2196-__clone6751-imgNav\"]"}
COMMAND: POST /session/2eb25f1cbe9612d735ab0219d8fb520b/elements - {"using":"xpath","value":"//*[@id=\"__item2196-__clone6751-imgNav\"]"}
RESULT: {"using":"xpath","value":"//*[@id=\"__item2196-__clone6751-imgNav\"]"}
COMMAND: POST /session/2eb25f1cbe9612d735ab0219d8fb520b/elements - {"using":"xpath","value":"//*[@id=\"__item2196-__clone6751-imgNav\"]"}
RESULT: {"using":"xpath","value":"//*[@id=\"__item2196-__clone6751-imgNav\"]"}
COMMAND: POST /session/2eb25f1cbe9612d735ab0219d8fb520b/elements - {"using":"xpath","value":"//*[@id=\"__item2196-__clone6751-imgNav\"]"}
RESULT: {"using":"xpath","value":"//*[@id=\"__item2196-__clone6751-imgNav\"]"}
COMMAND: POST /session/2eb25f1cbe9612d735ab0219d8fb520b/elements - {"using":"xpath","value":"//*[@id=\"__item2196-__clone6751-imgNav\"]"}
RESULT: {"using":"xpath","value":"//*[@id=\"__item2196-__clone6751-imgNav\"]"}
COMMAND: POST /session/2eb25f1cbe9612d735ab0219d8fb520b/elements - {"using":"xpath","value":"//*[@id=\"__item2196-__clone6751-imgNav\"]"}
RESULT: {"using":"xpath","value":"//*[@id=\"__item2196-__clone6751-imgNav\"]"}
COMMAND: POST /session/2eb25f1cbe9612d735ab0219d8fb520b/elements - {"using":"xpath","value":"//*[@id=\"__item2196-__clone6751-imgNav\"]"}
RESULT: {"using":"xpath","value":"//*[@id=\"__item2196-__clone6751-imgNav\"]"}
COMMAND: POST /session/2eb25f1cbe9612d735ab0219d8fb520b/elements - {"using":"xpath","value":"//*[@id=\"__item2196-__clone6751-imgNav\"]"}
RESULT: {"using":"xpath","value":"//*[@id=\"__item2196-__clone6751-imgNav\"]"}
COMMAND: POST /session/2eb25f1cbe9612d735ab0219d8fb520b/elements - {"using":"xpath","value":"//*[@id=\"__item2196-__clone6751-imgNav\"]"}
RESULT: {"using":"xpath","value":"//*[@id=\"__item2196-__clone6751-imgNav\"]"}
COMMAND: POST /session/2eb25f1cbe9612d735ab0219d8fb520b/elements - {"using":"xpath","value":"//*[@id=\"__item2196-__clone6751-imgNav\"]"}
RESULT: {"using":"xpath","value":"//*[@id=\"__item2196-__clone6751-imgNav\"]"}
COMMAND: POST /session/2eb25f1cbe9612d735ab0219d8fb520b/elements - {"using":"xpath","value":"//*[@id=\"__item2196-__clone6751-imgNav\"]"}
RESULT: {"using":"xpath","value":"//*[@id=\"__item2196-__clone6751-imgNav\"]"}
COMMAND: POST /session/2eb25f1cbe9612d735ab0219d8fb520b/elements - {"using":"xpath","value":"//*[@id=\"__item2196-__clone6751-imgNav\"]"}
RESULT: {"using":"xpath","value":"//*[@id=\"__item2196-__clone6751-imgNav\"]"}
COMMAND: POST /session/2eb25f1cbe9612d735ab0219d8fb520b/elements - {"using":"xpath","value":"//*[@id=\"__item2196-__clone6751-imgNav\"]"}
RESULT: {"using":"xpath","value":"//*[@id=\"__item2196-__clone6751-imgNav\"]"}
COMMAND: POST /session/2eb25f1cbe9612d735ab0219d8fb520b/elements - {"using":"xpath","value":"//*[@id=\"__item2196-__clone6751-imgNav\"]"}
RESULT: {"using":"xpath","value":"//*[@id=\"__item2196-__clone6751-imgNav\"]"}
COMMAND: POST /session/2eb25f1cbe9612d735ab0219d8fb520b/elements - {"using":"xpath","value":"//*[@id=\"__item2196-__clone6751-imgNav\"]"}
RESULT: {"using":"xpath","value":"//*[@id=\"__item2196-__clone6751-imgNav\"]"}
COMMAND: POST /session/2eb25f1cbe9612d735ab0219d8fb520b/elements - {"using":"xpath","value":"//*[@id=\"__item2196-__clone6751-imgNav\"]"}
RESULT: {"using":"xpath","value":"//*[@id=\"__item2196-__clone6751-imgNav\"]"}
COMMAND: POST /session/2eb25f1cbe9612d735ab0219d8fb520b/elements - {"using":"xpath","value":"//*[@id=\"__item2196-__clone6751-imgNav\"]"}
RESULT: {"using":"xpath","value":"//*[@id=\"__item2196-__clone6751-imgNav\"]"}
COMMAND: POST /session/2eb25f1cbe9612d735ab0219d8fb520b/elements - {"using":"xpath","value":"//*[@id=\"__item2196-__clone6751-imgNav\"]"}
RESULT: {"using":"xpath","value":"//*[@id=\"__item2196-__clone6751-imgNav\"]"}
COMMAND: POST /session/2eb25f1cbe9612d735ab0219d8fb520b/elements - {"using":"xpath","value":"//*[@id=\"__item2196-__clone6751-imgNav\"]"}
RESULT: {"using":"xpath","value":"//*[@id=\"__item2196-__clone6751-imgNav\"]"}
COMMAND: POST /session/2eb25f1cbe9612d735ab0219d8fb520b/elements - {"using":"xpath","value":"//*[@id=\"__item2196-__clone6751-imgNav\"]"}
RESULT: {"using":"xpath","value":"//*[@id=\"__item2196-__clone6751-imgNav\"]"}
COMMAND: POST /session/2eb25f1cbe9612d735ab0219d8fb520b/elements - {"using":"xpath","value":"//*[@id=\"__item2196-__clone6751-imgNav\"]"}
RESULT: {"using":"xpath","value":"//*[@id=\"__item2196-__clone6751-imgNav\"]"}
COMMAND: POST /session/2eb25f1cbe9612d735ab0219d8fb520b/execute/async - {"script":"<script> [1562 bytes]","args":[{"selector":{"controlType":"sap.m.Button","viewName":"etm.portal.ui.managehandovers.view.DetailExecuteHO","i18NText":{"propertyName":"text","key":"confirmAll"},"interaction":{"idSuffix":"BDI-content"}},"wdio_ui5_key":"etmportal.ui.managehandovers.view.DetailExecuteHOsap.m.Button{\"propertyName\":\"text\",\"key\":\"confirmAll\"}"}]}
RESULT: {"script":"<script> [1562 bytes]","args":[{"selector":{"controlType":"sap.m.Button","viewName":"etm.portal.ui.managehandovers.view.DetailExecuteHO","i18NText":{"propertyName":"text","key":"confirmAll"},"interaction":{"idSuffix":"BDI-content"}},"wdio_ui5_key":"etmportal.ui.managehandovers.view.DetailExecuteHOsap.m.Button{\"propertyName\":\"text\",\"key\":\"confirmAll\"}"}]}
RESULT: undefined
COMMAND: POST /session/2eb25f1cbe9612d735ab0219d8fb520b/actions - {"actions":[{"id":"action79","type":"key","parameters":{},"actions":[{"type":"keyDown","value":"î€‡"},{"type":"pause","duration":10},{"type":"keyUp","value":"î€‡"}]}]}
RESULT: {"actions":[{"id":"action79","type":"key","parameters":{},"actions":[{"type":"keyDown","value":"î€‡"},{"type":"pause","duration":10},{"type":"keyUp","value":"î€‡"}]}]}
COMMAND: GET /session/2eb25f1cbe9612d735ab0219d8fb520b/screenshot - {}
RESULT: {}
COMMAND: POST /session/2eb25f1cbe9612d735ab0219d8fb520b/execute/async - {"script":"<script> [1562 bytes]","args":[{"selector":{"id":"confirmationButton","viewName":"etm.portal.ui.managehandovers.view.DetailExecuteHO","properties":{"text":"Issue"},"interaction":{"idSuffix":"BDI-content"}},"wdio_ui5_key":"confirmationButtonetmportal.ui.managehandovers.view.DetailExecuteHO{\"text\":\"Issue\"}"}]}
RESULT: {"script":"<script> [1562 bytes]","args":[{"selector":{"id":"confirmationButton","viewName":"etm.portal.ui.managehandovers.view.DetailExecuteHO","properties":{"text":"Issue"},"interaction":{"idSuffix":"BDI-content"}},"wdio_ui5_key":"confirmationButtonetmportal.ui.managehandovers.view.DetailExecuteHO{\"text\":\"Issue\"}"}]}
RESULT: undefined
RESULT: undefined
COMMAND: POST /session/2eb25f1cbe9612d735ab0219d8fb520b/execute/async - {"script":"<script> [776 bytes]","args":[{"enterText":"30288","selector":{"controlType":"sap.m.SearchField","viewName":"etm.portal.ui.managehandovers.view.MasterHO","bindingPath":{"propertyPath":"/_BASIC_SEARCH_FIELD","modelName":"fi1t3rM0d31"},"interaction":{"idSuffix":"I"}},"clearTextFirst":true,"interactionType":"ENTER_TEXT"}]}
RESULT: {"script":"<script> [776 bytes]","args":[{"enterText":"30288","selector":{"controlType":"sap.m.SearchField","viewName":"etm.portal.ui.managehandovers.view.MasterHO","bindingPath":{"propertyPath":"/_BASIC_SEARCH_FIELD","modelName":"fi1t3rM0d31"},"interaction":{"idSuffix":"I"}},"clearTextFirst":true,"interactionType":"ENTER_TEXT"}]}
COMMAND: POST /session/2eb25f1cbe9612d735ab0219d8fb520b/actions - {"actions":[{"id":"action80","type":"key","parameters":{},"actions":[{"type":"keyDown","value":"î€‡"},{"type":"pause","duration":10},{"type":"keyUp","value":"î€‡"}]}]}
RESULT: {"actions":[{"id":"action80","type":"key","parameters":{},"actions":[{"type":"keyDown","value":"î€‡"},{"type":"pause","duration":10},{"type":"keyUp","value":"î€‡"}]}]}
COMMAND: GET /session/2eb25f1cbe9612d735ab0219d8fb520b/screenshot - {}
RESULT: {}
RESULT: undefined
COMMAND: POST /session/2eb25f1cbe9612d735ab0219d8fb520b/element - {"using":"xpath","value":"//*[@id=\"__item2196-__clone6751-imgNav\"]"}
RESULT: {"using":"xpath","value":"//*[@id=\"__item2196-__clone6751-imgNav\"]"}
COMMAND: POST /session/2eb25f1cbe9612d735ab0219d8fb520b/elements - {"using":"xpath","value":"//*[@id=\"__item2196-__clone6751-imgNav\"]"}
RESULT: {"using":"xpath","value":"//*[@id=\"__item2196-__clone6751-imgNav\"]"}
COMMAND: POST /session/2eb25f1cbe9612d735ab0219d8fb520b/elements - {"using":"xpath","value":"//*[@id=\"__item2196-__clone6751-imgNav\"]"}
RESULT: {"using":"xpath","value":"//*[@id=\"__item2196-__clone6751-imgNav\"]"}
COMMAND: POST /session/2eb25f1cbe9612d735ab0219d8fb520b/elements - {"using":"xpath","value":"//*[@id=\"__item2196-__clone6751-imgNav\"]"}
RESULT: {"using":"xpath","value":"//*[@id=\"__item2196-__clone6751-imgNav\"]"}
COMMAND: POST /session/2eb25f1cbe9612d735ab0219d8fb520b/elements - {"using":"xpath","value":"//*[@id=\"__item2196-__clone6751-imgNav\"]"}
RESULT: {"using":"xpath","value":"//*[@id=\"__item2196-__clone6751-imgNav\"]"}
COMMAND: POST /session/2eb25f1cbe9612d735ab0219d8fb520b/elements - {"using":"xpath","value":"//*[@id=\"__item2196-__clone6751-imgNav\"]"}
RESULT: {"using":"xpath","value":"//*[@id=\"__item2196-__clone6751-imgNav\"]"}
COMMAND: POST /session/2eb25f1cbe9612d735ab0219d8fb520b/elements - {"using":"xpath","value":"//*[@id=\"__item2196-__clone6751-imgNav\"]"}
RESULT: {"using":"xpath","value":"//*[@id=\"__item2196-__clone6751-imgNav\"]"}
COMMAND: POST /session/2eb25f1cbe9612d735ab0219d8fb520b/elements - {"using":"xpath","value":"//*[@id=\"__item2196-__clone6751-imgNav\"]"}
RESULT: {"using":"xpath","value":"//*[@id=\"__item2196-__clone6751-imgNav\"]"}
COMMAND: POST /session/2eb25f1cbe9612d735ab0219d8fb520b/elements - {"using":"xpath","value":"//*[@id=\"__item2196-__clone6751-imgNav\"]"}
RESULT: {"using":"xpath","value":"//*[@id=\"__item2196-__clone6751-imgNav\"]"}
COMMAND: POST /session/2eb25f1cbe9612d735ab0219d8fb520b/elements - {"using":"xpath","value":"//*[@id=\"__item2196-__clone6751-imgNav\"]"}
RESULT: {"using":"xpath","value":"//*[@id=\"__item2196-__clone6751-imgNav\"]"}
COMMAND: POST /session/2eb25f1cbe9612d735ab0219d8fb520b/elements - {"using":"xpath","value":"//*[@id=\"__item2196-__clone6751-imgNav\"]"}
RESULT: {"using":"xpath","value":"//*[@id=\"__item2196-__clone6751-imgNav\"]"}
COMMAND: POST /session/2eb25f1cbe9612d735ab0219d8fb520b/elements - {"using":"xpath","value":"//*[@id=\"__item2196-__clone6751-imgNav\"]"}
RESULT: {"using":"xpath","value":"//*[@id=\"__item2196-__clone6751-imgNav\"]"}
COMMAND: POST /session/2eb25f1cbe9612d735ab0219d8fb520b/elements - {"using":"xpath","value":"//*[@id=\"__item2196-__clone6751-imgNav\"]"}
RESULT: {"using":"xpath","value":"//*[@id=\"__item2196-__clone6751-imgNav\"]"}
COMMAND: POST /session/2eb25f1cbe9612d735ab0219d8fb520b/elements - {"using":"xpath","value":"//*[@id=\"__item2196-__clone6751-imgNav\"]"}
RESULT: {"using":"xpath","value":"//*[@id=\"__item2196-__clone6751-imgNav\"]"}
COMMAND: POST /session/2eb25f1cbe9612d735ab0219d8fb520b/elements - {"using":"xpath","value":"//*[@id=\"__item2196-__clone6751-imgNav\"]"}
RESULT: {"using":"xpath","value":"//*[@id=\"__item2196-__clone6751-imgNav\"]"}
COMMAND: POST /session/2eb25f1cbe9612d735ab0219d8fb520b/elements - {"using":"xpath","value":"//*[@id=\"__item2196-__clone6751-imgNav\"]"}
RESULT: {"using":"xpath","value":"//*[@id=\"__item2196-__clone6751-imgNav\"]"}
COMMAND: POST /session/2eb25f1cbe9612d735ab0219d8fb520b/elements - {"using":"xpath","value":"//*[@id=\"__item2196-__clone6751-imgNav\"]"}
RESULT: {"using":"xpath","value":"//*[@id=\"__item2196-__clone6751-imgNav\"]"}
COMMAND: POST /session/2eb25f1cbe9612d735ab0219d8fb520b/elements - {"using":"xpath","value":"//*[@id=\"__item2196-__clone6751-imgNav\"]"}
RESULT: {"using":"xpath","value":"//*[@id=\"__item2196-__clone6751-imgNav\"]"}
COMMAND: POST /session/2eb25f1cbe9612d735ab0219d8fb520b/elements - {"using":"xpath","value":"//*[@id=\"__item2196-__clone6751-imgNav\"]"}
RESULT: {"using":"xpath","value":"//*[@id=\"__item2196-__clone6751-imgNav\"]"}
COMMAND: POST /session/2eb25f1cbe9612d735ab0219d8fb520b/elements - {"using":"xpath","value":"//*[@id=\"__item2196-__clone6751-imgNav\"]"}
RESULT: {"using":"xpath","value":"//*[@id=\"__item2196-__clone6751-imgNav\"]"}
COMMAND: POST /session/2eb25f1cbe9612d735ab0219d8fb520b/elements - {"using":"xpath","value":"//*[@id=\"__item2196-__clone6751-imgNav\"]"}
RESULT: {"using":"xpath","value":"//*[@id=\"__item2196-__clone6751-imgNav\"]"}
COMMAND: POST /session/2eb25f1cbe9612d735ab0219d8fb520b/elements - {"using":"xpath","value":"//*[@id=\"__item2196-__clone6751-imgNav\"]"}
RESULT: {"using":"xpath","value":"//*[@id=\"__item2196-__clone6751-imgNav\"]"}
COMMAND: POST /session/2eb25f1cbe9612d735ab0219d8fb520b/elements - {"using":"xpath","value":"//*[@id=\"__item2196-__clone6751-imgNav\"]"}
RESULT: {"using":"xpath","value":"//*[@id=\"__item2196-__clone6751-imgNav\"]"}
COMMAND: POST /session/2eb25f1cbe9612d735ab0219d8fb520b/elements - {"using":"xpath","value":"//*[@id=\"__item2196-__clone6751-imgNav\"]"}
RESULT: {"using":"xpath","value":"//*[@id=\"__item2196-__clone6751-imgNav\"]"}
COMMAND: POST /session/2eb25f1cbe9612d735ab0219d8fb520b/elements - {"using":"xpath","value":"//*[@id=\"__item2196-__clone6751-imgNav\"]"}
RESULT: {"using":"xpath","value":"//*[@id=\"__item2196-__clone6751-imgNav\"]"}
COMMAND: POST /session/2eb25f1cbe9612d735ab0219d8fb520b/elements - {"using":"xpath","value":"//*[@id=\"__item2196-__clone6751-imgNav\"]"}
RESULT: {"using":"xpath","value":"//*[@id=\"__item2196-__clone6751-imgNav\"]"}
COMMAND: POST /session/2eb25f1cbe9612d735ab0219d8fb520b/elements - {"using":"xpath","value":"//*[@id=\"__item2196-__clone6751-imgNav\"]"}
RESULT: {"using":"xpath","value":"//*[@id=\"__item2196-__clone6751-imgNav\"]"}
COMMAND: POST /session/2eb25f1cbe9612d735ab0219d8fb520b/elements - {"using":"xpath","value":"//*[@id=\"__item2196-__clone6751-imgNav\"]"}
RESULT: {"using":"xpath","value":"//*[@id=\"__item2196-__clone6751-imgNav\"]"}
COMMAND: POST /session/2eb25f1cbe9612d735ab0219d8fb520b/elements - {"using":"xpath","value":"//*[@id=\"__item2196-__clone6751-imgNav\"]"}
RESULT: {"using":"xpath","value":"//*[@id=\"__item2196-__clone6751-imgNav\"]"}
COMMAND: POST /session/2eb25f1cbe9612d735ab0219d8fb520b/elements - {"using":"xpath","value":"//*[@id=\"__item2196-__clone6751-imgNav\"]"}
RESULT: {"using":"xpath","value":"//*[@id=\"__item2196-__clone6751-imgNav\"]"}
COMMAND: POST /session/2eb25f1cbe9612d735ab0219d8fb520b/elements - {"using":"xpath","value":"//*[@id=\"__item2196-__clone6751-imgNav\"]"}
RESULT: {"using":"xpath","value":"//*[@id=\"__item2196-__clone6751-imgNav\"]"}
COMMAND: POST /session/2eb25f1cbe9612d735ab0219d8fb520b/elements - {"using":"xpath","value":"//*[@id=\"__item2196-__clone6751-imgNav\"]"}
RESULT: {"using":"xpath","value":"//*[@id=\"__item2196-__clone6751-imgNav\"]"}
COMMAND: POST /session/2eb25f1cbe9612d735ab0219d8fb520b/elements - {"using":"xpath","value":"//*[@id=\"__item2196-__clone6751-imgNav\"]"}
RESULT: {"using":"xpath","value":"//*[@id=\"__item2196-__clone6751-imgNav\"]"}
COMMAND: POST /session/2eb25f1cbe9612d735ab0219d8fb520b/elements - {"using":"xpath","value":"//*[@id=\"__item2196-__clone6751-imgNav\"]"}
RESULT: {"using":"xpath","value":"//*[@id=\"__item2196-__clone6751-imgNav\"]"}
COMMAND: POST /session/2eb25f1cbe9612d735ab0219d8fb520b/elements - {"using":"xpath","value":"//*[@id=\"__item2196-__clone6751-imgNav\"]"}
RESULT: {"using":"xpath","value":"//*[@id=\"__item2196-__clone6751-imgNav\"]"}
COMMAND: POST /session/2eb25f1cbe9612d735ab0219d8fb520b/elements - {"using":"xpath","value":"//*[@id=\"__item2196-__clone6751-imgNav\"]"}
RESULT: {"using":"xpath","value":"//*[@id=\"__item2196-__clone6751-imgNav\"]"}
COMMAND: POST /session/2eb25f1cbe9612d735ab0219d8fb520b/elements - {"using":"xpath","value":"//*[@id=\"__item2196-__clone6751-imgNav\"]"}
RESULT: {"using":"xpath","value":"//*[@id=\"__item2196-__clone6751-imgNav\"]"}
COMMAND: POST /session/2eb25f1cbe9612d735ab0219d8fb520b/elements - {"using":"xpath","value":"//*[@id=\"__item2196-__clone6751-imgNav\"]"}
RESULT: {"using":"xpath","value":"//*[@id=\"__item2196-__clone6751-imgNav\"]"}
COMMAND: POST /session/2eb25f1cbe9612d735ab0219d8fb520b/elements - {"using":"xpath","value":"//*[@id=\"__item2196-__clone6751-imgNav\"]"}
RESULT: {"using":"xpath","value":"//*[@id=\"__item2196-__clone6751-imgNav\"]"}
COMMAND: POST /session/2eb25f1cbe9612d735ab0219d8fb520b/elements - {"using":"xpath","value":"//*[@id=\"__item2196-__clone6751-imgNav\"]"}
RESULT: {"using":"xpath","value":"//*[@id=\"__item2196-__clone6751-imgNav\"]"}
COMMAND: POST /session/2eb25f1cbe9612d735ab0219d8fb520b/elements - {"using":"xpath","value":"//*[@id=\"__item2196-__clone6751-imgNav\"]"}
RESULT: {"using":"xpath","value":"//*[@id=\"__item2196-__clone6751-imgNav\"]"}
COMMAND: POST /session/2eb25f1cbe9612d735ab0219d8fb520b/elements - {"using":"xpath","value":"//*[@id=\"__item2196-__clone6751-imgNav\"]"}
RESULT: {"using":"xpath","value":"//*[@id=\"__item2196-__clone6751-imgNav\"]"}
COMMAND: POST /session/2eb25f1cbe9612d735ab0219d8fb520b/elements - {"using":"xpath","value":"//*[@id=\"__item2196-__clone6751-imgNav\"]"}
RESULT: {"using":"xpath","value":"//*[@id=\"__item2196-__clone6751-imgNav\"]"}
COMMAND: POST /session/2eb25f1cbe9612d735ab0219d8fb520b/elements - {"using":"xpath","value":"//*[@id=\"__item2196-__clone6751-imgNav\"]"}
RESULT: {"using":"xpath","value":"//*[@id=\"__item2196-__clone6751-imgNav\"]"}
COMMAND: POST /session/2eb25f1cbe9612d735ab0219d8fb520b/elements - {"using":"xpath","value":"//*[@id=\"__item2196-__clone6751-imgNav\"]"}
RESULT: {"using":"xpath","value":"//*[@id=\"__item2196-__clone6751-imgNav\"]"}
COMMAND: POST /session/2eb25f1cbe9612d735ab0219d8fb520b/elements - {"using":"xpath","value":"//*[@id=\"__item2196-__clone6751-imgNav\"]"}
RESULT: {"using":"xpath","value":"//*[@id=\"__item2196-__clone6751-imgNav\"]"}
COMMAND: POST /session/2eb25f1cbe9612d735ab0219d8fb520b/elements - {"using":"xpath","value":"//*[@id=\"__item2196-__clone6751-imgNav\"]"}
RESULT: {"using":"xpath","value":"//*[@id=\"__item2196-__clone6751-imgNav\"]"}
COMMAND: POST /session/2eb25f1cbe9612d735ab0219d8fb520b/elements - {"using":"xpath","value":"//*[@id=\"__item2196-__clone6751-imgNav\"]"}
RESULT: {"using":"xpath","value":"//*[@id=\"__item2196-__clone6751-imgNav\"]"}
COMMAND: POST /session/2eb25f1cbe9612d735ab0219d8fb520b/elements - {"using":"xpath","value":"//*[@id=\"__item2196-__clone6751-imgNav\"]"}
RESULT: {"using":"xpath","value":"//*[@id=\"__item2196-__clone6751-imgNav\"]"}
COMMAND: POST /session/2eb25f1cbe9612d735ab0219d8fb520b/elements - {"using":"xpath","value":"//*[@id=\"__item2196-__clone6751-imgNav\"]"}
RESULT: {"using":"xpath","value":"//*[@id=\"__item2196-__clone6751-imgNav\"]"}
COMMAND: POST /session/2eb25f1cbe9612d735ab0219d8fb520b/elements - {"using":"xpath","value":"//*[@id=\"__item2196-__clone6751-imgNav\"]"}
RESULT: {"using":"xpath","value":"//*[@id=\"__item2196-__clone6751-imgNav\"]"}
COMMAND: POST /session/2eb25f1cbe9612d735ab0219d8fb520b/elements - {"using":"xpath","value":"//*[@id=\"__item2196-__clone6751-imgNav\"]"}
RESULT: {"using":"xpath","value":"//*[@id=\"__item2196-__clone6751-imgNav\"]"}
COMMAND: POST /session/2eb25f1cbe9612d735ab0219d8fb520b/elements - {"using":"xpath","value":"//*[@id=\"__item2196-__clone6751-imgNav\"]"}
RESULT: {"using":"xpath","value":"//*[@id=\"__item2196-__clone6751-imgNav\"]"}
COMMAND: POST /session/2eb25f1cbe9612d735ab0219d8fb520b/elements - {"using":"xpath","value":"//*[@id=\"__item2196-__clone6751-imgNav\"]"}
RESULT: {"using":"xpath","value":"//*[@id=\"__item2196-__clone6751-imgNav\"]"}
COMMAND: POST /session/2eb25f1cbe9612d735ab0219d8fb520b/elements - {"using":"xpath","value":"//*[@id=\"__item2196-__clone6751-imgNav\"]"}
RESULT: {"using":"xpath","value":"//*[@id=\"__item2196-__clone6751-imgNav\"]"}
COMMAND: POST /session/2eb25f1cbe9612d735ab0219d8fb520b/elements - {"using":"xpath","value":"//*[@id=\"__item2196-__clone6751-imgNav\"]"}
RESULT: {"using":"xpath","value":"//*[@id=\"__item2196-__clone6751-imgNav\"]"}
COMMAND: POST /session/2eb25f1cbe9612d735ab0219d8fb520b/elements - {"using":"xpath","value":"//*[@id=\"__item2196-__clone6751-imgNav\"]"}
RESULT: {"using":"xpath","value":"//*[@id=\"__item2196-__clone6751-imgNav\"]"}
COMMAND: POST /session/2eb25f1cbe9612d735ab0219d8fb520b/elements - {"using":"xpath","value":"//*[@id=\"__item2196-__clone6751-imgNav\"]"}
RESULT: {"using":"xpath","value":"//*[@id=\"__item2196-__clone6751-imgNav\"]"}
COMMAND: POST /session/2eb25f1cbe9612d735ab0219d8fb520b/elements - {"using":"xpath","value":"//*[@id=\"__item2196-__clone6751-imgNav\"]"}
RESULT: {"using":"xpath","value":"//*[@id=\"__item2196-__clone6751-imgNav\"]"}
COMMAND: POST /session/2eb25f1cbe9612d735ab0219d8fb520b/elements - {"using":"xpath","value":"//*[@id=\"__item2196-__clone6751-imgNav\"]"}
RESULT: {"using":"xpath","value":"//*[@id=\"__item2196-__clone6751-imgNav\"]"}
COMMAND: POST /session/2eb25f1cbe9612d735ab0219d8fb520b/elements - {"using":"xpath","value":"//*[@id=\"__item2196-__clone6751-imgNav\"]"}
RESULT: {"using":"xpath","value":"//*[@id=\"__item2196-__clone6751-imgNav\"]"}
COMMAND: POST /session/2eb25f1cbe9612d735ab0219d8fb520b/elements - {"using":"xpath","value":"//*[@id=\"__item2196-__clone6751-imgNav\"]"}
RESULT: {"using":"xpath","value":"//*[@id=\"__item2196-__clone6751-imgNav\"]"}
COMMAND: POST /session/2eb25f1cbe9612d735ab0219d8fb520b/elements - {"using":"xpath","value":"//*[@id=\"__item2196-__clone6751-imgNav\"]"}
RESULT: {"using":"xpath","value":"//*[@id=\"__item2196-__clone6751-imgNav\"]"}
COMMAND: POST /session/2eb25f1cbe9612d735ab0219d8fb520b/elements - {"using":"xpath","value":"//*[@id=\"__item2196-__clone6751-imgNav\"]"}
RESULT: {"using":"xpath","value":"//*[@id=\"__item2196-__clone6751-imgNav\"]"}
COMMAND: POST /session/2eb25f1cbe9612d735ab0219d8fb520b/elements - {"using":"xpath","value":"//*[@id=\"__item2196-__clone6751-imgNav\"]"}
RESULT: {"using":"xpath","value":"//*[@id=\"__item2196-__clone6751-imgNav\"]"}
COMMAND: POST /session/2eb25f1cbe9612d735ab0219d8fb520b/elements - {"using":"xpath","value":"//*[@id=\"__item2196-__clone6751-imgNav\"]"}
RESULT: {"using":"xpath","value":"//*[@id=\"__item2196-__clone6751-imgNav\"]"}
COMMAND: POST /session/2eb25f1cbe9612d735ab0219d8fb520b/elements - {"using":"xpath","value":"//*[@id=\"__item2196-__clone6751-imgNav\"]"}
RESULT: {"using":"xpath","value":"//*[@id=\"__item2196-__clone6751-imgNav\"]"}
COMMAND: POST /session/2eb25f1cbe9612d735ab0219d8fb520b/elements - {"using":"xpath","value":"//*[@id=\"__item2196-__clone6751-imgNav\"]"}
RESULT: {"using":"xpath","value":"//*[@id=\"__item2196-__clone6751-imgNav\"]"}
COMMAND: POST /session/2eb25f1cbe9612d735ab0219d8fb520b/elements - {"using":"xpath","value":"//*[@id=\"__item2196-__clone6751-imgNav\"]"}
RESULT: {"using":"xpath","value":"//*[@id=\"__item2196-__clone6751-imgNav\"]"}
COMMAND: POST /session/2eb25f1cbe9612d735ab0219d8fb520b/elements - {"using":"xpath","value":"//*[@id=\"__item2196-__clone6751-imgNav\"]"}
RESULT: {"using":"xpath","value":"//*[@id=\"__item2196-__clone6751-imgNav\"]"}
COMMAND: POST /session/2eb25f1cbe9612d735ab0219d8fb520b/elements - {"using":"xpath","value":"//*[@id=\"__item2196-__clone6751-imgNav\"]"}
RESULT: {"using":"xpath","value":"//*[@id=\"__item2196-__clone6751-imgNav\"]"}
COMMAND: POST /session/2eb25f1cbe9612d735ab0219d8fb520b/elements - {"using":"xpath","value":"//*[@id=\"__item2196-__clone6751-imgNav\"]"}
RESULT: {"using":"xpath","value":"//*[@id=\"__item2196-__clone6751-imgNav\"]"}
COMMAND: POST /session/2eb25f1cbe9612d735ab0219d8fb520b/elements - {"using":"xpath","value":"//*[@id=\"__item2196-__clone6751-imgNav\"]"}
RESULT: {"using":"xpath","value":"//*[@id=\"__item2196-__clone6751-imgNav\"]"}
COMMAND: POST /session/2eb25f1cbe9612d735ab0219d8fb520b/elements - {"using":"xpath","value":"//*[@id=\"__item2196-__clone6751-imgNav\"]"}
RESULT: {"using":"xpath","value":"//*[@id=\"__item2196-__clone6751-imgNav\"]"}
COMMAND: POST /session/2eb25f1cbe9612d735ab0219d8fb520b/elements - {"using":"xpath","value":"//*[@id=\"__item2196-__clone6751-imgNav\"]"}
RESULT: {"using":"xpath","value":"//*[@id=\"__item2196-__clone6751-imgNav\"]"}
COMMAND: POST /session/2eb25f1cbe9612d735ab0219d8fb520b/elements - {"using":"xpath","value":"//*[@id=\"__item2196-__clone6751-imgNav\"]"}
RESULT: {"using":"xpath","value":"//*[@id=\"__item2196-__clone6751-imgNav\"]"}
COMMAND: POST /session/2eb25f1cbe9612d735ab0219d8fb520b/elements - {"using":"xpath","value":"//*[@id=\"__item2196-__clone6751-imgNav\"]"}
RESULT: {"using":"xpath","value":"//*[@id=\"__item2196-__clone6751-imgNav\"]"}
COMMAND: POST /session/2eb25f1cbe9612d735ab0219d8fb520b/elements - {"using":"xpath","value":"//*[@id=\"__item2196-__clone6751-imgNav\"]"}
RESULT: {"using":"xpath","value":"//*[@id=\"__item2196-__clone6751-imgNav\"]"}
COMMAND: POST /session/2eb25f1cbe9612d735ab0219d8fb520b/elements - {"using":"xpath","value":"//*[@id=\"__item2196-__clone6751-imgNav\"]"}
RESULT: {"using":"xpath","value":"//*[@id=\"__item2196-__clone6751-imgNav\"]"}
COMMAND: POST /session/2eb25f1cbe9612d735ab0219d8fb520b/elements - {"using":"xpath","value":"//*[@id=\"__item2196-__clone6751-imgNav\"]"}
RESULT: {"using":"xpath","value":"//*[@id=\"__item2196-__clone6751-imgNav\"]"}
COMMAND: POST /session/2eb25f1cbe9612d735ab0219d8fb520b/elements - {"using":"xpath","value":"//*[@id=\"__item2196-__clone6751-imgNav\"]"}
RESULT: {"using":"xpath","value":"//*[@id=\"__item2196-__clone6751-imgNav\"]"}
COMMAND: POST /session/2eb25f1cbe9612d735ab0219d8fb520b/elements - {"using":"xpath","value":"//*[@id=\"__item2196-__clone6751-imgNav\"]"}
RESULT: {"using":"xpath","value":"//*[@id=\"__item2196-__clone6751-imgNav\"]"}
COMMAND: POST /session/2eb25f1cbe9612d735ab0219d8fb520b/elements - {"using":"xpath","value":"//*[@id=\"__item2196-__clone6751-imgNav\"]"}
RESULT: {"using":"xpath","value":"//*[@id=\"__item2196-__clone6751-imgNav\"]"}
COMMAND: POST /session/2eb25f1cbe9612d735ab0219d8fb520b/elements - {"using":"xpath","value":"//*[@id=\"__item2196-__clone6751-imgNav\"]"}
RESULT: {"using":"xpath","value":"//*[@id=\"__item2196-__clone6751-imgNav\"]"}
COMMAND: POST /session/2eb25f1cbe9612d735ab0219d8fb520b/elements - {"using":"xpath","value":"//*[@id=\"__item2196-__clone6751-imgNav\"]"}
RESULT: {"using":"xpath","value":"//*[@id=\"__item2196-__clone6751-imgNav\"]"}
COMMAND: POST /session/2eb25f1cbe9612d735ab0219d8fb520b/elements - {"using":"xpath","value":"//*[@id=\"__item2196-__clone6751-imgNav\"]"}
RESULT: {"using":"xpath","value":"//*[@id=\"__item2196-__clone6751-imgNav\"]"}
COMMAND: POST /session/2eb25f1cbe9612d735ab0219d8fb520b/elements - {"using":"xpath","value":"//*[@id=\"__item2196-__clone6751-imgNav\"]"}
RESULT: {"using":"xpath","value":"//*[@id=\"__item2196-__clone6751-imgNav\"]"}
COMMAND: POST /session/2eb25f1cbe9612d735ab0219d8fb520b/elements - {"using":"xpath","value":"//*[@id=\"__item2196-__clone6751-imgNav\"]"}
RESULT: {"using":"xpath","value":"//*[@id=\"__item2196-__clone6751-imgNav\"]"}
COMMAND: POST /session/2eb25f1cbe9612d735ab0219d8fb520b/elements - {"using":"xpath","value":"//*[@id=\"__item2196-__clone6751-imgNav\"]"}
RESULT: {"using":"xpath","value":"//*[@id=\"__item2196-__clone6751-imgNav\"]"}
COMMAND: POST /session/2eb25f1cbe9612d735ab0219d8fb520b/elements - {"using":"xpath","value":"//*[@id=\"__item2196-__clone6751-imgNav\"]"}
RESULT: {"using":"xpath","value":"//*[@id=\"__item2196-__clone6751-imgNav\"]"}
COMMAND: POST /session/2eb25f1cbe9612d735ab0219d8fb520b/elements - {"using":"xpath","value":"//*[@id=\"__item2196-__clone6751-imgNav\"]"}
RESULT: {"using":"xpath","value":"//*[@id=\"__item2196-__clone6751-imgNav\"]"}
COMMAND: POST /session/2eb25f1cbe9612d735ab0219d8fb520b/elements - {"using":"xpath","value":"//*[@id=\"__item2196-__clone6751-imgNav\"]"}
RESULT: {"using":"xpath","value":"//*[@id=\"__item2196-__clone6751-imgNav\"]"}
COMMAND: POST /session/2eb25f1cbe9612d735ab0219d8fb520b/elements - {"using":"xpath","value":"//*[@id=\"__item2196-__clone6751-imgNav\"]"}
RESULT: {"using":"xpath","value":"//*[@id=\"__item2196-__clone6751-imgNav\"]"}
COMMAND: POST /session/2eb25f1cbe9612d735ab0219d8fb520b/elements - {"using":"xpath","value":"//*[@id=\"__item2196-__clone6751-imgNav\"]"}
RESULT: {"using":"xpath","value":"//*[@id=\"__item2196-__clone6751-imgNav\"]"}
COMMAND: POST /session/2eb25f1cbe9612d735ab0219d8fb520b/elements - {"using":"xpath","value":"//*[@id=\"__item2196-__clone6751-imgNav\"]"}
RESULT: {"using":"xpath","value":"//*[@id=\"__item2196-__clone6751-imgNav\"]"}
COMMAND: POST /session/2eb25f1cbe9612d735ab0219d8fb520b/elements - {"using":"xpath","value":"//*[@id=\"__item2196-__clone6751-imgNav\"]"}
RESULT: {"using":"xpath","value":"//*[@id=\"__item2196-__clone6751-imgNav\"]"}
COMMAND: POST /session/2eb25f1cbe9612d735ab0219d8fb520b/elements - {"using":"xpath","value":"//*[@id=\"__item2196-__clone6751-imgNav\"]"}
RESULT: {"using":"xpath","value":"//*[@id=\"__item2196-__clone6751-imgNav\"]"}
COMMAND: POST /session/2eb25f1cbe9612d735ab0219d8fb520b/elements - {"using":"xpath","value":"//*[@id=\"__item2196-__clone6751-imgNav\"]"}
RESULT: {"using":"xpath","value":"//*[@id=\"__item2196-__clone6751-imgNav\"]"}
COMMAND: POST /session/2eb25f1cbe9612d735ab0219d8fb520b/elements - {"using":"xpath","value":"//*[@id=\"__item2196-__clone6751-imgNav\"]"}
RESULT: {"using":"xpath","value":"//*[@id=\"__item2196-__clone6751-imgNav\"]"}
COMMAND: POST /session/2eb25f1cbe9612d735ab0219d8fb520b/elements - {"using":"xpath","value":"//*[@id=\"__item2196-__clone6751-imgNav\"]"}
RESULT: {"using":"xpath","value":"//*[@id=\"__item2196-__clone6751-imgNav\"]"}
COMMAND: POST /session/2eb25f1cbe9612d735ab0219d8fb520b/elements - {"using":"xpath","value":"//*[@id=\"__item2196-__clone6751-imgNav\"]"}
RESULT: {"using":"xpath","value":"//*[@id=\"__item2196-__clone6751-imgNav\"]"}
COMMAND: POST /session/2eb25f1cbe9612d735ab0219d8fb520b/elements - {"using":"xpath","value":"//*[@id=\"__item2196-__clone6751-imgNav\"]"}
RESULT: {"using":"xpath","value":"//*[@id=\"__item2196-__clone6751-imgNav\"]"}
COMMAND: POST /session/2eb25f1cbe9612d735ab0219d8fb520b/elements - {"using":"xpath","value":"//*[@id=\"__item2196-__clone6751-imgNav\"]"}
RESULT: {"using":"xpath","value":"//*[@id=\"__item2196-__clone6751-imgNav\"]"}
COMMAND: POST /session/2eb25f1cbe9612d735ab0219d8fb520b/elements - {"using":"xpath","value":"//*[@id=\"__item2196-__clone6751-imgNav\"]"}
RESULT: {"using":"xpath","value":"//*[@id=\"__item2196-__clone6751-imgNav\"]"}
COMMAND: POST /session/2eb25f1cbe9612d735ab0219d8fb520b/elements - {"using":"xpath","value":"//*[@id=\"__item2196-__clone6751-imgNav\"]"}
RESULT: {"using":"xpath","value":"//*[@id=\"__item2196-__clone6751-imgNav\"]"}
COMMAND: POST /session/2eb25f1cbe9612d735ab0219d8fb520b/elements - {"using":"xpath","value":"//*[@id=\"__item2196-__clone6751-imgNav\"]"}
RESULT: {"using":"xpath","value":"//*[@id=\"__item2196-__clone6751-imgNav\"]"}
COMMAND: POST /session/2eb25f1cbe9612d735ab0219d8fb520b/elements - {"using":"xpath","value":"//*[@id=\"__item2196-__clone6751-imgNav\"]"}
RESULT: {"using":"xpath","value":"//*[@id=\"__item2196-__clone6751-imgNav\"]"}
COMMAND: POST /session/2eb25f1cbe9612d735ab0219d8fb520b/elements - {"using":"xpath","value":"//*[@id=\"__item2196-__clone6751-imgNav\"]"}
RESULT: {"using":"xpath","value":"//*[@id=\"__item2196-__clone6751-imgNav\"]"}
COMMAND: POST /session/2eb25f1cbe9612d735ab0219d8fb520b/elements - {"using":"xpath","value":"//*[@id=\"__item2196-__clone6751-imgNav\"]"}
RESULT: {"using":"xpath","value":"//*[@id=\"__item2196-__clone6751-imgNav\"]"}
COMMAND: POST /session/2eb25f1cbe9612d735ab0219d8fb520b/elements - {"using":"xpath","value":"//*[@id=\"__item2196-__clone6751-imgNav\"]"}
RESULT: {"using":"xpath","value":"//*[@id=\"__item2196-__clone6751-imgNav\"]"}
COMMAND: POST /session/2eb25f1cbe9612d735ab0219d8fb520b/elements - {"using":"xpath","value":"//*[@id=\"__item2196-__clone6751-imgNav\"]"}
RESULT: {"using":"xpath","value":"//*[@id=\"__item2196-__clone6751-imgNav\"]"}
COMMAND: POST /session/2eb25f1cbe9612d735ab0219d8fb520b/elements - {"using":"xpath","value":"//*[@id=\"__item2196-__clone6751-imgNav\"]"}
RESULT: {"using":"xpath","value":"//*[@id=\"__item2196-__clone6751-imgNav\"]"}
COMMAND: POST /session/2eb25f1cbe9612d735ab0219d8fb520b/elements - {"using":"xpath","value":"//*[@id=\"__item2196-__clone6751-imgNav\"]"}
RESULT: {"using":"xpath","value":"//*[@id=\"__item2196-__clone6751-imgNav\"]"}
COMMAND: POST /session/2eb25f1cbe9612d735ab0219d8fb520b/elements - {"using":"xpath","value":"//*[@id=\"__item2196-__clone6751-imgNav\"]"}
RESULT: {"using":"xpath","value":"//*[@id=\"__item2196-__clone6751-imgNav\"]"}
COMMAND: POST /session/2eb25f1cbe9612d735ab0219d8fb520b/elements - {"using":"xpath","value":"//*[@id=\"__item2196-__clone6751-imgNav\"]"}
RESULT: {"using":"xpath","value":"//*[@id=\"__item2196-__clone6751-imgNav\"]"}
COMMAND: POST /session/2eb25f1cbe9612d735ab0219d8fb520b/elements - {"using":"xpath","value":"//*[@id=\"__item2196-__clone6751-imgNav\"]"}
RESULT: {"using":"xpath","value":"//*[@id=\"__item2196-__clone6751-imgNav\"]"}
COMMAND: POST /session/2eb25f1cbe9612d735ab0219d8fb520b/elements - {"using":"xpath","value":"//*[@id=\"__item2196-__clone6751-imgNav\"]"}
RESULT: {"using":"xpath","value":"//*[@id=\"__item2196-__clone6751-imgNav\"]"}
COMMAND: POST /session/2eb25f1cbe9612d735ab0219d8fb520b/elements - {"using":"xpath","value":"//*[@id=\"__item2196-__clone6751-imgNav\"]"}
RESULT: {"using":"xpath","value":"//*[@id=\"__item2196-__clone6751-imgNav\"]"}
COMMAND: POST /session/2eb25f1cbe9612d735ab0219d8fb520b/elements - {"using":"xpath","value":"//*[@id=\"__item2196-__clone6751-imgNav\"]"}
RESULT: {"using":"xpath","value":"//*[@id=\"__item2196-__clone6751-imgNav\"]"}
COMMAND: POST /session/2eb25f1cbe9612d735ab0219d8fb520b/elements - {"using":"xpath","value":"//*[@id=\"__item2196-__clone6751-imgNav\"]"}
RESULT: {"using":"xpath","value":"//*[@id=\"__item2196-__clone6751-imgNav\"]"}
COMMAND: POST /session/2eb25f1cbe9612d735ab0219d8fb520b/elements - {"using":"xpath","value":"//*[@id=\"__item2196-__clone6751-imgNav\"]"}
RESULT: {"using":"xpath","value":"//*[@id=\"__item2196-__clone6751-imgNav\"]"}
COMMAND: POST /session/2eb25f1cbe9612d735ab0219d8fb520b/elements - {"using":"xpath","value":"//*[@id=\"__item2196-__clone6751-imgNav\"]"}
RESULT: {"using":"xpath","value":"//*[@id=\"__item2196-__clone6751-imgNav\"]"}
COMMAND: POST /session/2eb25f1cbe9612d735ab0219d8fb520b/execute/async - {"script":"<script> [1562 bytes]","args":[{"selector":{"id":"instructionsTabFilter","viewName":"etm.portal.ui.managehandovers.view.DetailExecuteHO","interaction":{"idSuffix":"text"}},"wdio_ui5_key":"instructionsTabFilteretmportal.ui.managehandovers.view.DetailExecuteHO"}]}
RESULT: {"script":"<script> [1562 bytes]","args":[{"selector":{"id":"instructionsTabFilter","viewName":"etm.portal.ui.managehandovers.view.DetailExecuteHO","interaction":{"idSuffix":"text"}},"wdio_ui5_key":"instructionsTabFilteretmportal.ui.managehandovers.view.DetailExecuteHO"}]}
RESULT: undefined
RESULT: undefined
COMMAND: POST /session/2eb25f1cbe9612d735ab0219d8fb520b/execute/async - {"script":"<script> [1562 bytes]","args":[{"selector":{"controlType":"sap.m.ComboBox","viewName":"etm.portal.ui.managehandovers.view.DetailExecuteHO","bindingPath":{"propertyPath":"RECEIVING_SECTION","modelName":"catalogModel"},"interaction":{"idSuffix":"inner"}},"wdio_ui5_key":"etmportal.ui.managehandovers.view.DetailExecuteHOsap.m.ComboBox{\"propertyPath\":\"RECEIVING_SECTION\",\"modelName\":\"catalogModel\"}"}]}
RESULT: {"script":"<script> [1562 bytes]","args":[{"selector":{"controlType":"sap.m.ComboBox","viewName":"etm.portal.ui.managehandovers.view.DetailExecuteHO","bindingPath":{"propertyPath":"RECEIVING_SECTION","modelName":"catalogModel"},"interaction":{"idSuffix":"inner"}},"wdio_ui5_key":"etmportal.ui.managehandovers.view.DetailExecuteHOsap.m.ComboBox{\"propertyPath\":\"RECEIVING_SECTION\",\"modelName\":\"catalogModel\"}"}]}
RESULT: undefined
COMMAND: POST /session/2eb25f1cbe9612d735ab0219d8fb520b/actions - {"actions":[{"id":"action81","type":"key","parameters":{},"actions":[{"type":"keyDown","value":"î€‡"},{"type":"pause","duration":10},{"type":"keyUp","value":"î€‡"}]}]}
RESULT: {"actions":[{"id":"action81","type":"key","parameters":{},"actions":[{"type":"keyDown","value":"î€‡"},{"type":"pause","duration":10},{"type":"keyUp","value":"î€‡"}]}]}
COMMAND: GET /session/2eb25f1cbe9612d735ab0219d8fb520b/screenshot - {}
RESULT: {}
COMMAND: POST /session/2eb25f1cbe9612d735ab0219d8fb520b/execute/async - {"script":"<script> [1562 bytes]","args":[{"selector":{"id":"confirmationButton","viewName":"etm.portal.ui.managehandovers.view.DetailExecuteHO","properties":{"text":"Receive"},"interaction":{"idSuffix":"BDI-content"}},"wdio_ui5_key":"confirmationButtonetmportal.ui.managehandovers.view.DetailExecuteHO{\"text\":\"Receive\"}"}]}
RESULT: {"script":"<script> [1562 bytes]","args":[{"selector":{"id":"confirmationButton","viewName":"etm.portal.ui.managehandovers.view.DetailExecuteHO","properties":{"text":"Receive"},"interaction":{"idSuffix":"BDI-content"}},"wdio_ui5_key":"confirmationButtonetmportal.ui.managehandovers.view.DetailExecuteHO{\"text\":\"Receive\"}"}]}
RESULT: undefined
COMMAND: POST /session/2eb25f1cbe9612d735ab0219d8fb520b/execute/async - {"script":"<script> [1562 bytes]","args":[{"selector":{"controlType":"sap.m.Button","properties":{"text":"Continue"},"searchOpenDialogs":true,"interaction":{"idSuffix":"content"}},"wdio_ui5_key":"sapm.Button{\"text\":\"Continue\"}"}]}
RESULT: {"script":"<script> [1562 bytes]","args":[{"selector":{"controlType":"sap.m.Button","properties":{"text":"Continue"},"searchOpenDialogs":true,"interaction":{"idSuffix":"content"}},"wdio_ui5_key":"sapm.Button{\"text\":\"Continue\"}"}]}
RESULT: undefined
]]></system-out>
    </testcase>
    <testcase classname="chrome.135_0_7049_96.windows.Provide_to_Site_w/o_warehouse_management_w_clarification" name="Should test for Clarification" time="88.666">
      <system-out><![CDATA[
RESULT: undefined
COMMAND: POST /session/2eb25f1cbe9612d735ab0219d8fb520b/element - {"using":"xpath","value":"//*[@id=\"__tile133\"]"}
RESULT: {"using":"xpath","value":"//*[@id=\"__tile133\"]"}
COMMAND: POST /session/2eb25f1cbe9612d735ab0219d8fb520b/element/f.1920C544C16071EF810842AAA08EA988.d.7FF7DC5FC7E94DC48310FEC75F763D80.e.16255/click - {}
RESULT: undefined
COMMAND: POST /session/2eb25f1cbe9612d735ab0219d8fb520b/execute/async - {"script":"<script> [776 bytes]","args":[{"enterText":"30288","selector":{"controlType":"sap.m.SearchField","viewName":"etm.portal.ui.managehandovers.view.MasterHO","bindingPath":{"propertyPath":"/_BASIC_SEARCH_FIELD","modelName":"fi1t3rM0d31"},"interaction":{"idSuffix":"I"}},"clearTextFirst":true,"interactionType":"ENTER_TEXT"}]}
RESULT: {"script":"<script> [776 bytes]","args":[{"enterText":"30288","selector":{"controlType":"sap.m.SearchField","viewName":"etm.portal.ui.managehandovers.view.MasterHO","bindingPath":{"propertyPath":"/_BASIC_SEARCH_FIELD","modelName":"fi1t3rM0d31"},"interaction":{"idSuffix":"I"}},"clearTextFirst":true,"interactionType":"ENTER_TEXT"}]}
COMMAND: POST /session/2eb25f1cbe9612d735ab0219d8fb520b/actions - {"actions":[{"id":"action82","type":"key","parameters":{},"actions":[{"type":"keyDown","value":"î€‡"},{"type":"pause","duration":10},{"type":"keyUp","value":"î€‡"}]}]}
RESULT: {"actions":[{"id":"action82","type":"key","parameters":{},"actions":[{"type":"keyDown","value":"î€‡"},{"type":"pause","duration":10},{"type":"keyUp","value":"î€‡"}]}]}
COMMAND: GET /session/2eb25f1cbe9612d735ab0219d8fb520b/screenshot - {}
RESULT: {}
RESULT: undefined
COMMAND: POST /session/2eb25f1cbe9612d735ab0219d8fb520b/element - {"using":"xpath","value":"//*[@id=\"__item2196-__clone6751-imgNav\"]"}
RESULT: {"using":"xpath","value":"//*[@id=\"__item2196-__clone6751-imgNav\"]"}
COMMAND: POST /session/2eb25f1cbe9612d735ab0219d8fb520b/elements - {"using":"xpath","value":"//*[@id=\"__item2196-__clone6751-imgNav\"]"}
RESULT: {"using":"xpath","value":"//*[@id=\"__item2196-__clone6751-imgNav\"]"}
COMMAND: POST /session/2eb25f1cbe9612d735ab0219d8fb520b/elements - {"using":"xpath","value":"//*[@id=\"__item2196-__clone6751-imgNav\"]"}
RESULT: {"using":"xpath","value":"//*[@id=\"__item2196-__clone6751-imgNav\"]"}
COMMAND: POST /session/2eb25f1cbe9612d735ab0219d8fb520b/elements - {"using":"xpath","value":"//*[@id=\"__item2196-__clone6751-imgNav\"]"}
RESULT: {"using":"xpath","value":"//*[@id=\"__item2196-__clone6751-imgNav\"]"}
COMMAND: POST /session/2eb25f1cbe9612d735ab0219d8fb520b/elements - {"using":"xpath","value":"//*[@id=\"__item2196-__clone6751-imgNav\"]"}
RESULT: {"using":"xpath","value":"//*[@id=\"__item2196-__clone6751-imgNav\"]"}
COMMAND: POST /session/2eb25f1cbe9612d735ab0219d8fb520b/elements - {"using":"xpath","value":"//*[@id=\"__item2196-__clone6751-imgNav\"]"}
RESULT: {"using":"xpath","value":"//*[@id=\"__item2196-__clone6751-imgNav\"]"}
COMMAND: POST /session/2eb25f1cbe9612d735ab0219d8fb520b/elements - {"using":"xpath","value":"//*[@id=\"__item2196-__clone6751-imgNav\"]"}
RESULT: {"using":"xpath","value":"//*[@id=\"__item2196-__clone6751-imgNav\"]"}
COMMAND: POST /session/2eb25f1cbe9612d735ab0219d8fb520b/elements - {"using":"xpath","value":"//*[@id=\"__item2196-__clone6751-imgNav\"]"}
RESULT: {"using":"xpath","value":"//*[@id=\"__item2196-__clone6751-imgNav\"]"}
COMMAND: POST /session/2eb25f1cbe9612d735ab0219d8fb520b/elements - {"using":"xpath","value":"//*[@id=\"__item2196-__clone6751-imgNav\"]"}
RESULT: {"using":"xpath","value":"//*[@id=\"__item2196-__clone6751-imgNav\"]"}
COMMAND: POST /session/2eb25f1cbe9612d735ab0219d8fb520b/elements - {"using":"xpath","value":"//*[@id=\"__item2196-__clone6751-imgNav\"]"}
RESULT: {"using":"xpath","value":"//*[@id=\"__item2196-__clone6751-imgNav\"]"}
COMMAND: POST /session/2eb25f1cbe9612d735ab0219d8fb520b/elements - {"using":"xpath","value":"//*[@id=\"__item2196-__clone6751-imgNav\"]"}
RESULT: {"using":"xpath","value":"//*[@id=\"__item2196-__clone6751-imgNav\"]"}
COMMAND: POST /session/2eb25f1cbe9612d735ab0219d8fb520b/elements - {"using":"xpath","value":"//*[@id=\"__item2196-__clone6751-imgNav\"]"}
RESULT: {"using":"xpath","value":"//*[@id=\"__item2196-__clone6751-imgNav\"]"}
COMMAND: POST /session/2eb25f1cbe9612d735ab0219d8fb520b/elements - {"using":"xpath","value":"//*[@id=\"__item2196-__clone6751-imgNav\"]"}
RESULT: {"using":"xpath","value":"//*[@id=\"__item2196-__clone6751-imgNav\"]"}
COMMAND: POST /session/2eb25f1cbe9612d735ab0219d8fb520b/elements - {"using":"xpath","value":"//*[@id=\"__item2196-__clone6751-imgNav\"]"}
RESULT: {"using":"xpath","value":"//*[@id=\"__item2196-__clone6751-imgNav\"]"}
COMMAND: POST /session/2eb25f1cbe9612d735ab0219d8fb520b/elements - {"using":"xpath","value":"//*[@id=\"__item2196-__clone6751-imgNav\"]"}
RESULT: {"using":"xpath","value":"//*[@id=\"__item2196-__clone6751-imgNav\"]"}
COMMAND: POST /session/2eb25f1cbe9612d735ab0219d8fb520b/elements - {"using":"xpath","value":"//*[@id=\"__item2196-__clone6751-imgNav\"]"}
RESULT: {"using":"xpath","value":"//*[@id=\"__item2196-__clone6751-imgNav\"]"}
COMMAND: POST /session/2eb25f1cbe9612d735ab0219d8fb520b/elements - {"using":"xpath","value":"//*[@id=\"__item2196-__clone6751-imgNav\"]"}
RESULT: {"using":"xpath","value":"//*[@id=\"__item2196-__clone6751-imgNav\"]"}
COMMAND: POST /session/2eb25f1cbe9612d735ab0219d8fb520b/elements - {"using":"xpath","value":"//*[@id=\"__item2196-__clone6751-imgNav\"]"}
RESULT: {"using":"xpath","value":"//*[@id=\"__item2196-__clone6751-imgNav\"]"}
COMMAND: POST /session/2eb25f1cbe9612d735ab0219d8fb520b/elements - {"using":"xpath","value":"//*[@id=\"__item2196-__clone6751-imgNav\"]"}
RESULT: {"using":"xpath","value":"//*[@id=\"__item2196-__clone6751-imgNav\"]"}
COMMAND: POST /session/2eb25f1cbe9612d735ab0219d8fb520b/elements - {"using":"xpath","value":"//*[@id=\"__item2196-__clone6751-imgNav\"]"}
RESULT: {"using":"xpath","value":"//*[@id=\"__item2196-__clone6751-imgNav\"]"}
COMMAND: POST /session/2eb25f1cbe9612d735ab0219d8fb520b/elements - {"using":"xpath","value":"//*[@id=\"__item2196-__clone6751-imgNav\"]"}
RESULT: {"using":"xpath","value":"//*[@id=\"__item2196-__clone6751-imgNav\"]"}
COMMAND: POST /session/2eb25f1cbe9612d735ab0219d8fb520b/elements - {"using":"xpath","value":"//*[@id=\"__item2196-__clone6751-imgNav\"]"}
RESULT: {"using":"xpath","value":"//*[@id=\"__item2196-__clone6751-imgNav\"]"}
COMMAND: POST /session/2eb25f1cbe9612d735ab0219d8fb520b/elements - {"using":"xpath","value":"//*[@id=\"__item2196-__clone6751-imgNav\"]"}
RESULT: {"using":"xpath","value":"//*[@id=\"__item2196-__clone6751-imgNav\"]"}
COMMAND: POST /session/2eb25f1cbe9612d735ab0219d8fb520b/elements - {"using":"xpath","value":"//*[@id=\"__item2196-__clone6751-imgNav\"]"}
RESULT: {"using":"xpath","value":"//*[@id=\"__item2196-__clone6751-imgNav\"]"}
COMMAND: POST /session/2eb25f1cbe9612d735ab0219d8fb520b/elements - {"using":"xpath","value":"//*[@id=\"__item2196-__clone6751-imgNav\"]"}
RESULT: {"using":"xpath","value":"//*[@id=\"__item2196-__clone6751-imgNav\"]"}
COMMAND: POST /session/2eb25f1cbe9612d735ab0219d8fb520b/elements - {"using":"xpath","value":"//*[@id=\"__item2196-__clone6751-imgNav\"]"}
RESULT: {"using":"xpath","value":"//*[@id=\"__item2196-__clone6751-imgNav\"]"}
COMMAND: POST /session/2eb25f1cbe9612d735ab0219d8fb520b/elements - {"using":"xpath","value":"//*[@id=\"__item2196-__clone6751-imgNav\"]"}
RESULT: {"using":"xpath","value":"//*[@id=\"__item2196-__clone6751-imgNav\"]"}
COMMAND: POST /session/2eb25f1cbe9612d735ab0219d8fb520b/elements - {"using":"xpath","value":"//*[@id=\"__item2196-__clone6751-imgNav\"]"}
RESULT: {"using":"xpath","value":"//*[@id=\"__item2196-__clone6751-imgNav\"]"}
COMMAND: POST /session/2eb25f1cbe9612d735ab0219d8fb520b/elements - {"using":"xpath","value":"//*[@id=\"__item2196-__clone6751-imgNav\"]"}
RESULT: {"using":"xpath","value":"//*[@id=\"__item2196-__clone6751-imgNav\"]"}
COMMAND: POST /session/2eb25f1cbe9612d735ab0219d8fb520b/elements - {"using":"xpath","value":"//*[@id=\"__item2196-__clone6751-imgNav\"]"}
RESULT: {"using":"xpath","value":"//*[@id=\"__item2196-__clone6751-imgNav\"]"}
COMMAND: POST /session/2eb25f1cbe9612d735ab0219d8fb520b/elements - {"using":"xpath","value":"//*[@id=\"__item2196-__clone6751-imgNav\"]"}
RESULT: {"using":"xpath","value":"//*[@id=\"__item2196-__clone6751-imgNav\"]"}
COMMAND: POST /session/2eb25f1cbe9612d735ab0219d8fb520b/elements - {"using":"xpath","value":"//*[@id=\"__item2196-__clone6751-imgNav\"]"}
RESULT: {"using":"xpath","value":"//*[@id=\"__item2196-__clone6751-imgNav\"]"}
COMMAND: POST /session/2eb25f1cbe9612d735ab0219d8fb520b/elements - {"using":"xpath","value":"//*[@id=\"__item2196-__clone6751-imgNav\"]"}
RESULT: {"using":"xpath","value":"//*[@id=\"__item2196-__clone6751-imgNav\"]"}
COMMAND: POST /session/2eb25f1cbe9612d735ab0219d8fb520b/elements - {"using":"xpath","value":"//*[@id=\"__item2196-__clone6751-imgNav\"]"}
RESULT: {"using":"xpath","value":"//*[@id=\"__item2196-__clone6751-imgNav\"]"}
COMMAND: POST /session/2eb25f1cbe9612d735ab0219d8fb520b/elements - {"using":"xpath","value":"//*[@id=\"__item2196-__clone6751-imgNav\"]"}
RESULT: {"using":"xpath","value":"//*[@id=\"__item2196-__clone6751-imgNav\"]"}
COMMAND: POST /session/2eb25f1cbe9612d735ab0219d8fb520b/elements - {"using":"xpath","value":"//*[@id=\"__item2196-__clone6751-imgNav\"]"}
RESULT: {"using":"xpath","value":"//*[@id=\"__item2196-__clone6751-imgNav\"]"}
COMMAND: POST /session/2eb25f1cbe9612d735ab0219d8fb520b/elements - {"using":"xpath","value":"//*[@id=\"__item2196-__clone6751-imgNav\"]"}
RESULT: {"using":"xpath","value":"//*[@id=\"__item2196-__clone6751-imgNav\"]"}
COMMAND: POST /session/2eb25f1cbe9612d735ab0219d8fb520b/elements - {"using":"xpath","value":"//*[@id=\"__item2196-__clone6751-imgNav\"]"}
RESULT: {"using":"xpath","value":"//*[@id=\"__item2196-__clone6751-imgNav\"]"}
COMMAND: POST /session/2eb25f1cbe9612d735ab0219d8fb520b/elements - {"using":"xpath","value":"//*[@id=\"__item2196-__clone6751-imgNav\"]"}
RESULT: {"using":"xpath","value":"//*[@id=\"__item2196-__clone6751-imgNav\"]"}
COMMAND: POST /session/2eb25f1cbe9612d735ab0219d8fb520b/elements - {"using":"xpath","value":"//*[@id=\"__item2196-__clone6751-imgNav\"]"}
RESULT: {"using":"xpath","value":"//*[@id=\"__item2196-__clone6751-imgNav\"]"}
COMMAND: POST /session/2eb25f1cbe9612d735ab0219d8fb520b/elements - {"using":"xpath","value":"//*[@id=\"__item2196-__clone6751-imgNav\"]"}
RESULT: {"using":"xpath","value":"//*[@id=\"__item2196-__clone6751-imgNav\"]"}
COMMAND: POST /session/2eb25f1cbe9612d735ab0219d8fb520b/elements - {"using":"xpath","value":"//*[@id=\"__item2196-__clone6751-imgNav\"]"}
RESULT: {"using":"xpath","value":"//*[@id=\"__item2196-__clone6751-imgNav\"]"}
COMMAND: POST /session/2eb25f1cbe9612d735ab0219d8fb520b/elements - {"using":"xpath","value":"//*[@id=\"__item2196-__clone6751-imgNav\"]"}
RESULT: {"using":"xpath","value":"//*[@id=\"__item2196-__clone6751-imgNav\"]"}
COMMAND: POST /session/2eb25f1cbe9612d735ab0219d8fb520b/elements - {"using":"xpath","value":"//*[@id=\"__item2196-__clone6751-imgNav\"]"}
RESULT: {"using":"xpath","value":"//*[@id=\"__item2196-__clone6751-imgNav\"]"}
COMMAND: POST /session/2eb25f1cbe9612d735ab0219d8fb520b/elements - {"using":"xpath","value":"//*[@id=\"__item2196-__clone6751-imgNav\"]"}
RESULT: {"using":"xpath","value":"//*[@id=\"__item2196-__clone6751-imgNav\"]"}
COMMAND: POST /session/2eb25f1cbe9612d735ab0219d8fb520b/elements - {"using":"xpath","value":"//*[@id=\"__item2196-__clone6751-imgNav\"]"}
RESULT: {"using":"xpath","value":"//*[@id=\"__item2196-__clone6751-imgNav\"]"}
COMMAND: POST /session/2eb25f1cbe9612d735ab0219d8fb520b/elements - {"using":"xpath","value":"//*[@id=\"__item2196-__clone6751-imgNav\"]"}
RESULT: {"using":"xpath","value":"//*[@id=\"__item2196-__clone6751-imgNav\"]"}
COMMAND: POST /session/2eb25f1cbe9612d735ab0219d8fb520b/elements - {"using":"xpath","value":"//*[@id=\"__item2196-__clone6751-imgNav\"]"}
RESULT: {"using":"xpath","value":"//*[@id=\"__item2196-__clone6751-imgNav\"]"}
COMMAND: POST /session/2eb25f1cbe9612d735ab0219d8fb520b/elements - {"using":"xpath","value":"//*[@id=\"__item2196-__clone6751-imgNav\"]"}
RESULT: {"using":"xpath","value":"//*[@id=\"__item2196-__clone6751-imgNav\"]"}
COMMAND: POST /session/2eb25f1cbe9612d735ab0219d8fb520b/elements - {"using":"xpath","value":"//*[@id=\"__item2196-__clone6751-imgNav\"]"}
RESULT: {"using":"xpath","value":"//*[@id=\"__item2196-__clone6751-imgNav\"]"}
COMMAND: POST /session/2eb25f1cbe9612d735ab0219d8fb520b/elements - {"using":"xpath","value":"//*[@id=\"__item2196-__clone6751-imgNav\"]"}
RESULT: {"using":"xpath","value":"//*[@id=\"__item2196-__clone6751-imgNav\"]"}
COMMAND: POST /session/2eb25f1cbe9612d735ab0219d8fb520b/elements - {"using":"xpath","value":"//*[@id=\"__item2196-__clone6751-imgNav\"]"}
RESULT: {"using":"xpath","value":"//*[@id=\"__item2196-__clone6751-imgNav\"]"}
COMMAND: POST /session/2eb25f1cbe9612d735ab0219d8fb520b/elements - {"using":"xpath","value":"//*[@id=\"__item2196-__clone6751-imgNav\"]"}
RESULT: {"using":"xpath","value":"//*[@id=\"__item2196-__clone6751-imgNav\"]"}
COMMAND: POST /session/2eb25f1cbe9612d735ab0219d8fb520b/elements - {"using":"xpath","value":"//*[@id=\"__item2196-__clone6751-imgNav\"]"}
RESULT: {"using":"xpath","value":"//*[@id=\"__item2196-__clone6751-imgNav\"]"}
COMMAND: POST /session/2eb25f1cbe9612d735ab0219d8fb520b/elements - {"using":"xpath","value":"//*[@id=\"__item2196-__clone6751-imgNav\"]"}
RESULT: {"using":"xpath","value":"//*[@id=\"__item2196-__clone6751-imgNav\"]"}
COMMAND: POST /session/2eb25f1cbe9612d735ab0219d8fb520b/elements - {"using":"xpath","value":"//*[@id=\"__item2196-__clone6751-imgNav\"]"}
RESULT: {"using":"xpath","value":"//*[@id=\"__item2196-__clone6751-imgNav\"]"}
COMMAND: POST /session/2eb25f1cbe9612d735ab0219d8fb520b/elements - {"using":"xpath","value":"//*[@id=\"__item2196-__clone6751-imgNav\"]"}
RESULT: {"using":"xpath","value":"//*[@id=\"__item2196-__clone6751-imgNav\"]"}
COMMAND: POST /session/2eb25f1cbe9612d735ab0219d8fb520b/elements - {"using":"xpath","value":"//*[@id=\"__item2196-__clone6751-imgNav\"]"}
RESULT: {"using":"xpath","value":"//*[@id=\"__item2196-__clone6751-imgNav\"]"}
COMMAND: POST /session/2eb25f1cbe9612d735ab0219d8fb520b/elements - {"using":"xpath","value":"//*[@id=\"__item2196-__clone6751-imgNav\"]"}
RESULT: {"using":"xpath","value":"//*[@id=\"__item2196-__clone6751-imgNav\"]"}
COMMAND: POST /session/2eb25f1cbe9612d735ab0219d8fb520b/elements - {"using":"xpath","value":"//*[@id=\"__item2196-__clone6751-imgNav\"]"}
RESULT: {"using":"xpath","value":"//*[@id=\"__item2196-__clone6751-imgNav\"]"}
COMMAND: POST /session/2eb25f1cbe9612d735ab0219d8fb520b/elements - {"using":"xpath","value":"//*[@id=\"__item2196-__clone6751-imgNav\"]"}
RESULT: {"using":"xpath","value":"//*[@id=\"__item2196-__clone6751-imgNav\"]"}
COMMAND: POST /session/2eb25f1cbe9612d735ab0219d8fb520b/elements - {"using":"xpath","value":"//*[@id=\"__item2196-__clone6751-imgNav\"]"}
RESULT: {"using":"xpath","value":"//*[@id=\"__item2196-__clone6751-imgNav\"]"}
COMMAND: POST /session/2eb25f1cbe9612d735ab0219d8fb520b/elements - {"using":"xpath","value":"//*[@id=\"__item2196-__clone6751-imgNav\"]"}
RESULT: {"using":"xpath","value":"//*[@id=\"__item2196-__clone6751-imgNav\"]"}
COMMAND: POST /session/2eb25f1cbe9612d735ab0219d8fb520b/elements - {"using":"xpath","value":"//*[@id=\"__item2196-__clone6751-imgNav\"]"}
RESULT: {"using":"xpath","value":"//*[@id=\"__item2196-__clone6751-imgNav\"]"}
COMMAND: POST /session/2eb25f1cbe9612d735ab0219d8fb520b/elements - {"using":"xpath","value":"//*[@id=\"__item2196-__clone6751-imgNav\"]"}
RESULT: {"using":"xpath","value":"//*[@id=\"__item2196-__clone6751-imgNav\"]"}
COMMAND: POST /session/2eb25f1cbe9612d735ab0219d8fb520b/elements - {"using":"xpath","value":"//*[@id=\"__item2196-__clone6751-imgNav\"]"}
RESULT: {"using":"xpath","value":"//*[@id=\"__item2196-__clone6751-imgNav\"]"}
COMMAND: POST /session/2eb25f1cbe9612d735ab0219d8fb520b/elements - {"using":"xpath","value":"//*[@id=\"__item2196-__clone6751-imgNav\"]"}
RESULT: {"using":"xpath","value":"//*[@id=\"__item2196-__clone6751-imgNav\"]"}
COMMAND: POST /session/2eb25f1cbe9612d735ab0219d8fb520b/elements - {"using":"xpath","value":"//*[@id=\"__item2196-__clone6751-imgNav\"]"}
RESULT: {"using":"xpath","value":"//*[@id=\"__item2196-__clone6751-imgNav\"]"}
COMMAND: POST /session/2eb25f1cbe9612d735ab0219d8fb520b/elements - {"using":"xpath","value":"//*[@id=\"__item2196-__clone6751-imgNav\"]"}
RESULT: {"using":"xpath","value":"//*[@id=\"__item2196-__clone6751-imgNav\"]"}
COMMAND: POST /session/2eb25f1cbe9612d735ab0219d8fb520b/elements - {"using":"xpath","value":"//*[@id=\"__item2196-__clone6751-imgNav\"]"}
RESULT: {"using":"xpath","value":"//*[@id=\"__item2196-__clone6751-imgNav\"]"}
COMMAND: POST /session/2eb25f1cbe9612d735ab0219d8fb520b/elements - {"using":"xpath","value":"//*[@id=\"__item2196-__clone6751-imgNav\"]"}
RESULT: {"using":"xpath","value":"//*[@id=\"__item2196-__clone6751-imgNav\"]"}
COMMAND: POST /session/2eb25f1cbe9612d735ab0219d8fb520b/elements - {"using":"xpath","value":"//*[@id=\"__item2196-__clone6751-imgNav\"]"}
RESULT: {"using":"xpath","value":"//*[@id=\"__item2196-__clone6751-imgNav\"]"}
COMMAND: POST /session/2eb25f1cbe9612d735ab0219d8fb520b/elements - {"using":"xpath","value":"//*[@id=\"__item2196-__clone6751-imgNav\"]"}
RESULT: {"using":"xpath","value":"//*[@id=\"__item2196-__clone6751-imgNav\"]"}
COMMAND: POST /session/2eb25f1cbe9612d735ab0219d8fb520b/elements - {"using":"xpath","value":"//*[@id=\"__item2196-__clone6751-imgNav\"]"}
RESULT: {"using":"xpath","value":"//*[@id=\"__item2196-__clone6751-imgNav\"]"}
COMMAND: POST /session/2eb25f1cbe9612d735ab0219d8fb520b/elements - {"using":"xpath","value":"//*[@id=\"__item2196-__clone6751-imgNav\"]"}
RESULT: {"using":"xpath","value":"//*[@id=\"__item2196-__clone6751-imgNav\"]"}
COMMAND: POST /session/2eb25f1cbe9612d735ab0219d8fb520b/elements - {"using":"xpath","value":"//*[@id=\"__item2196-__clone6751-imgNav\"]"}
RESULT: {"using":"xpath","value":"//*[@id=\"__item2196-__clone6751-imgNav\"]"}
COMMAND: POST /session/2eb25f1cbe9612d735ab0219d8fb520b/elements - {"using":"xpath","value":"//*[@id=\"__item2196-__clone6751-imgNav\"]"}
RESULT: {"using":"xpath","value":"//*[@id=\"__item2196-__clone6751-imgNav\"]"}
COMMAND: POST /session/2eb25f1cbe9612d735ab0219d8fb520b/elements - {"using":"xpath","value":"//*[@id=\"__item2196-__clone6751-imgNav\"]"}
RESULT: {"using":"xpath","value":"//*[@id=\"__item2196-__clone6751-imgNav\"]"}
COMMAND: POST /session/2eb25f1cbe9612d735ab0219d8fb520b/elements - {"using":"xpath","value":"//*[@id=\"__item2196-__clone6751-imgNav\"]"}
RESULT: {"using":"xpath","value":"//*[@id=\"__item2196-__clone6751-imgNav\"]"}
COMMAND: POST /session/2eb25f1cbe9612d735ab0219d8fb520b/elements - {"using":"xpath","value":"//*[@id=\"__item2196-__clone6751-imgNav\"]"}
RESULT: {"using":"xpath","value":"//*[@id=\"__item2196-__clone6751-imgNav\"]"}
COMMAND: POST /session/2eb25f1cbe9612d735ab0219d8fb520b/elements - {"using":"xpath","value":"//*[@id=\"__item2196-__clone6751-imgNav\"]"}
RESULT: {"using":"xpath","value":"//*[@id=\"__item2196-__clone6751-imgNav\"]"}
COMMAND: POST /session/2eb25f1cbe9612d735ab0219d8fb520b/elements - {"using":"xpath","value":"//*[@id=\"__item2196-__clone6751-imgNav\"]"}
RESULT: {"using":"xpath","value":"//*[@id=\"__item2196-__clone6751-imgNav\"]"}
COMMAND: POST /session/2eb25f1cbe9612d735ab0219d8fb520b/elements - {"using":"xpath","value":"//*[@id=\"__item2196-__clone6751-imgNav\"]"}
RESULT: {"using":"xpath","value":"//*[@id=\"__item2196-__clone6751-imgNav\"]"}
COMMAND: POST /session/2eb25f1cbe9612d735ab0219d8fb520b/elements - {"using":"xpath","value":"//*[@id=\"__item2196-__clone6751-imgNav\"]"}
RESULT: {"using":"xpath","value":"//*[@id=\"__item2196-__clone6751-imgNav\"]"}
COMMAND: POST /session/2eb25f1cbe9612d735ab0219d8fb520b/elements - {"using":"xpath","value":"//*[@id=\"__item2196-__clone6751-imgNav\"]"}
RESULT: {"using":"xpath","value":"//*[@id=\"__item2196-__clone6751-imgNav\"]"}
COMMAND: POST /session/2eb25f1cbe9612d735ab0219d8fb520b/elements - {"using":"xpath","value":"//*[@id=\"__item2196-__clone6751-imgNav\"]"}
RESULT: {"using":"xpath","value":"//*[@id=\"__item2196-__clone6751-imgNav\"]"}
COMMAND: POST /session/2eb25f1cbe9612d735ab0219d8fb520b/elements - {"using":"xpath","value":"//*[@id=\"__item2196-__clone6751-imgNav\"]"}
RESULT: {"using":"xpath","value":"//*[@id=\"__item2196-__clone6751-imgNav\"]"}
COMMAND: POST /session/2eb25f1cbe9612d735ab0219d8fb520b/elements - {"using":"xpath","value":"//*[@id=\"__item2196-__clone6751-imgNav\"]"}
RESULT: {"using":"xpath","value":"//*[@id=\"__item2196-__clone6751-imgNav\"]"}
COMMAND: POST /session/2eb25f1cbe9612d735ab0219d8fb520b/elements - {"using":"xpath","value":"//*[@id=\"__item2196-__clone6751-imgNav\"]"}
RESULT: {"using":"xpath","value":"//*[@id=\"__item2196-__clone6751-imgNav\"]"}
COMMAND: POST /session/2eb25f1cbe9612d735ab0219d8fb520b/elements - {"using":"xpath","value":"//*[@id=\"__item2196-__clone6751-imgNav\"]"}
RESULT: {"using":"xpath","value":"//*[@id=\"__item2196-__clone6751-imgNav\"]"}
COMMAND: POST /session/2eb25f1cbe9612d735ab0219d8fb520b/elements - {"using":"xpath","value":"//*[@id=\"__item2196-__clone6751-imgNav\"]"}
RESULT: {"using":"xpath","value":"//*[@id=\"__item2196-__clone6751-imgNav\"]"}
COMMAND: POST /session/2eb25f1cbe9612d735ab0219d8fb520b/elements - {"using":"xpath","value":"//*[@id=\"__item2196-__clone6751-imgNav\"]"}
RESULT: {"using":"xpath","value":"//*[@id=\"__item2196-__clone6751-imgNav\"]"}
COMMAND: POST /session/2eb25f1cbe9612d735ab0219d8fb520b/elements - {"using":"xpath","value":"//*[@id=\"__item2196-__clone6751-imgNav\"]"}
RESULT: {"using":"xpath","value":"//*[@id=\"__item2196-__clone6751-imgNav\"]"}
COMMAND: POST /session/2eb25f1cbe9612d735ab0219d8fb520b/elements - {"using":"xpath","value":"//*[@id=\"__item2196-__clone6751-imgNav\"]"}
RESULT: {"using":"xpath","value":"//*[@id=\"__item2196-__clone6751-imgNav\"]"}
COMMAND: POST /session/2eb25f1cbe9612d735ab0219d8fb520b/elements - {"using":"xpath","value":"//*[@id=\"__item2196-__clone6751-imgNav\"]"}
RESULT: {"using":"xpath","value":"//*[@id=\"__item2196-__clone6751-imgNav\"]"}
COMMAND: POST /session/2eb25f1cbe9612d735ab0219d8fb520b/elements - {"using":"xpath","value":"//*[@id=\"__item2196-__clone6751-imgNav\"]"}
RESULT: {"using":"xpath","value":"//*[@id=\"__item2196-__clone6751-imgNav\"]"}
COMMAND: POST /session/2eb25f1cbe9612d735ab0219d8fb520b/elements - {"using":"xpath","value":"//*[@id=\"__item2196-__clone6751-imgNav\"]"}
RESULT: {"using":"xpath","value":"//*[@id=\"__item2196-__clone6751-imgNav\"]"}
COMMAND: POST /session/2eb25f1cbe9612d735ab0219d8fb520b/elements - {"using":"xpath","value":"//*[@id=\"__item2196-__clone6751-imgNav\"]"}
RESULT: {"using":"xpath","value":"//*[@id=\"__item2196-__clone6751-imgNav\"]"}
COMMAND: POST /session/2eb25f1cbe9612d735ab0219d8fb520b/elements - {"using":"xpath","value":"//*[@id=\"__item2196-__clone6751-imgNav\"]"}
RESULT: {"using":"xpath","value":"//*[@id=\"__item2196-__clone6751-imgNav\"]"}
COMMAND: POST /session/2eb25f1cbe9612d735ab0219d8fb520b/elements - {"using":"xpath","value":"//*[@id=\"__item2196-__clone6751-imgNav\"]"}
RESULT: {"using":"xpath","value":"//*[@id=\"__item2196-__clone6751-imgNav\"]"}
COMMAND: POST /session/2eb25f1cbe9612d735ab0219d8fb520b/elements - {"using":"xpath","value":"//*[@id=\"__item2196-__clone6751-imgNav\"]"}
RESULT: {"using":"xpath","value":"//*[@id=\"__item2196-__clone6751-imgNav\"]"}
COMMAND: POST /session/2eb25f1cbe9612d735ab0219d8fb520b/elements - {"using":"xpath","value":"//*[@id=\"__item2196-__clone6751-imgNav\"]"}
RESULT: {"using":"xpath","value":"//*[@id=\"__item2196-__clone6751-imgNav\"]"}
COMMAND: POST /session/2eb25f1cbe9612d735ab0219d8fb520b/elements - {"using":"xpath","value":"//*[@id=\"__item2196-__clone6751-imgNav\"]"}
RESULT: {"using":"xpath","value":"//*[@id=\"__item2196-__clone6751-imgNav\"]"}
COMMAND: POST /session/2eb25f1cbe9612d735ab0219d8fb520b/elements - {"using":"xpath","value":"//*[@id=\"__item2196-__clone6751-imgNav\"]"}
RESULT: {"using":"xpath","value":"//*[@id=\"__item2196-__clone6751-imgNav\"]"}
COMMAND: POST /session/2eb25f1cbe9612d735ab0219d8fb520b/elements - {"using":"xpath","value":"//*[@id=\"__item2196-__clone6751-imgNav\"]"}
RESULT: {"using":"xpath","value":"//*[@id=\"__item2196-__clone6751-imgNav\"]"}
COMMAND: POST /session/2eb25f1cbe9612d735ab0219d8fb520b/elements - {"using":"xpath","value":"//*[@id=\"__item2196-__clone6751-imgNav\"]"}
RESULT: {"using":"xpath","value":"//*[@id=\"__item2196-__clone6751-imgNav\"]"}
COMMAND: POST /session/2eb25f1cbe9612d735ab0219d8fb520b/elements - {"using":"xpath","value":"//*[@id=\"__item2196-__clone6751-imgNav\"]"}
RESULT: {"using":"xpath","value":"//*[@id=\"__item2196-__clone6751-imgNav\"]"}
COMMAND: POST /session/2eb25f1cbe9612d735ab0219d8fb520b/elements - {"using":"xpath","value":"//*[@id=\"__item2196-__clone6751-imgNav\"]"}
RESULT: {"using":"xpath","value":"//*[@id=\"__item2196-__clone6751-imgNav\"]"}
COMMAND: POST /session/2eb25f1cbe9612d735ab0219d8fb520b/elements - {"using":"xpath","value":"//*[@id=\"__item2196-__clone6751-imgNav\"]"}
RESULT: {"using":"xpath","value":"//*[@id=\"__item2196-__clone6751-imgNav\"]"}
COMMAND: POST /session/2eb25f1cbe9612d735ab0219d8fb520b/elements - {"using":"xpath","value":"//*[@id=\"__item2196-__clone6751-imgNav\"]"}
RESULT: {"using":"xpath","value":"//*[@id=\"__item2196-__clone6751-imgNav\"]"}
COMMAND: POST /session/2eb25f1cbe9612d735ab0219d8fb520b/elements - {"using":"xpath","value":"//*[@id=\"__item2196-__clone6751-imgNav\"]"}
RESULT: {"using":"xpath","value":"//*[@id=\"__item2196-__clone6751-imgNav\"]"}
COMMAND: POST /session/2eb25f1cbe9612d735ab0219d8fb520b/elements - {"using":"xpath","value":"//*[@id=\"__item2196-__clone6751-imgNav\"]"}
RESULT: {"using":"xpath","value":"//*[@id=\"__item2196-__clone6751-imgNav\"]"}
COMMAND: POST /session/2eb25f1cbe9612d735ab0219d8fb520b/elements - {"using":"xpath","value":"//*[@id=\"__item2196-__clone6751-imgNav\"]"}
RESULT: {"using":"xpath","value":"//*[@id=\"__item2196-__clone6751-imgNav\"]"}
COMMAND: POST /session/2eb25f1cbe9612d735ab0219d8fb520b/elements - {"using":"xpath","value":"//*[@id=\"__item2196-__clone6751-imgNav\"]"}
RESULT: {"using":"xpath","value":"//*[@id=\"__item2196-__clone6751-imgNav\"]"}
COMMAND: POST /session/2eb25f1cbe9612d735ab0219d8fb520b/elements - {"using":"xpath","value":"//*[@id=\"__item2196-__clone6751-imgNav\"]"}
RESULT: {"using":"xpath","value":"//*[@id=\"__item2196-__clone6751-imgNav\"]"}
COMMAND: POST /session/2eb25f1cbe9612d735ab0219d8fb520b/elements - {"using":"xpath","value":"//*[@id=\"__item2196-__clone6751-imgNav\"]"}
RESULT: {"using":"xpath","value":"//*[@id=\"__item2196-__clone6751-imgNav\"]"}
COMMAND: POST /session/2eb25f1cbe9612d735ab0219d8fb520b/elements - {"using":"xpath","value":"//*[@id=\"__item2196-__clone6751-imgNav\"]"}
RESULT: {"using":"xpath","value":"//*[@id=\"__item2196-__clone6751-imgNav\"]"}
COMMAND: POST /session/2eb25f1cbe9612d735ab0219d8fb520b/elements - {"using":"xpath","value":"//*[@id=\"__item2196-__clone6751-imgNav\"]"}
RESULT: {"using":"xpath","value":"//*[@id=\"__item2196-__clone6751-imgNav\"]"}
COMMAND: POST /session/2eb25f1cbe9612d735ab0219d8fb520b/elements - {"using":"xpath","value":"//*[@id=\"__item2196-__clone6751-imgNav\"]"}
RESULT: {"using":"xpath","value":"//*[@id=\"__item2196-__clone6751-imgNav\"]"}
COMMAND: POST /session/2eb25f1cbe9612d735ab0219d8fb520b/elements - {"using":"xpath","value":"//*[@id=\"__item2196-__clone6751-imgNav\"]"}
RESULT: {"using":"xpath","value":"//*[@id=\"__item2196-__clone6751-imgNav\"]"}
COMMAND: POST /session/2eb25f1cbe9612d735ab0219d8fb520b/elements - {"using":"xpath","value":"//*[@id=\"__item2196-__clone6751-imgNav\"]"}
RESULT: {"using":"xpath","value":"//*[@id=\"__item2196-__clone6751-imgNav\"]"}
COMMAND: POST /session/2eb25f1cbe9612d735ab0219d8fb520b/elements - {"using":"xpath","value":"//*[@id=\"__item2196-__clone6751-imgNav\"]"}
RESULT: {"using":"xpath","value":"//*[@id=\"__item2196-__clone6751-imgNav\"]"}
RESULT: undefined
RESULT: undefined
COMMAND: POST /session/2eb25f1cbe9612d735ab0219d8fb520b/execute/async - {"script":"<script> [1562 bytes]","args":[{"selector":{"controlType":"sap.m.ToggleButton","viewName":"etm.portal.ui.managehandovers.view.DetailExecuteHO","i18NText":{"propertyName":"text","key":"refuse"},"interaction":{"idSuffix":"BDI-content"}},"wdio_ui5_key":"etmportal.ui.managehandovers.view.DetailExecuteHOsap.m.ToggleButton{\"propertyName\":\"text\",\"key\":\"refuse\"}"}]}
RESULT: {"script":"<script> [1562 bytes]","args":[{"selector":{"controlType":"sap.m.ToggleButton","viewName":"etm.portal.ui.managehandovers.view.DetailExecuteHO","i18NText":{"propertyName":"text","key":"refuse"},"interaction":{"idSuffix":"BDI-content"}},"wdio_ui5_key":"etmportal.ui.managehandovers.view.DetailExecuteHOsap.m.ToggleButton{\"propertyName\":\"text\",\"key\":\"refuse\"}"}]}
RESULT: undefined
COMMAND: POST /session/2eb25f1cbe9612d735ab0219d8fb520b/execute/async - {"script":"<script> [1562 bytes]","args":[{"selector":{"id":"confirmationButton","viewName":"etm.portal.ui.managehandovers.view.DetailExecuteHO","interaction":{"idSuffix":"BDI-content"},"properties":{"text":"Receive / Refuse"}},"wdio_ui5_key":"confirmationButtonetmportal.ui.managehandovers.view.DetailExecuteHO{\"text\":\"Receive / Refuse\"}"}]}
RESULT: {"script":"<script> [1562 bytes]","args":[{"selector":{"id":"confirmationButton","viewName":"etm.portal.ui.managehandovers.view.DetailExecuteHO","interaction":{"idSuffix":"BDI-content"},"properties":{"text":"Receive / Refuse"}},"wdio_ui5_key":"confirmationButtonetmportal.ui.managehandovers.view.DetailExecuteHO{\"text\":\"Receive / Refuse\"}"}]}
RESULT: undefined
COMMAND: POST /session/2eb25f1cbe9612d735ab0219d8fb520b/element - {"using":"css selector","value":"#j_username"}
COMMAND: POST /session/2eb25f1cbe9612d735ab0219d8fb520b/url - {"url":"https://qa-testing-00-live-etm-ui.cfapps.eu10-004.hana.ondemand.com/"}
RESULT: {"using":"css selector","value":"#j_username"}
COMMAND: POST /session/2eb25f1cbe9612d735ab0219d8fb520b/element - {"using":"css selector","value":"#j_username"}
RESULT: {"url":"https://qa-testing-00-live-etm-ui.cfapps.eu10-004.hana.ondemand.com/"}
RESULT: undefined
COMMAND: GET /session/2eb25f1cbe9612d735ab0219d8fb520b/screenshot - {}
RESULT: {"using":"css selector","value":"#j_username"}
COMMAND: POST /session/2eb25f1cbe9612d735ab0219d8fb520b/element - {"using":"css selector","value":"#shell-header-logo"}
RESULT: {}
RESULT: {"using":"css selector","value":"#shell-header-logo"}
COMMAND: POST /session/2eb25f1cbe9612d735ab0219d8fb520b/execute/sync - {"script":"<script> [8489 bytes]","args":[{"element-6066-11e4-a52e-4f735466cecf":"f.1920C544C16071EF810842AAA08EA988.d.44F2F0A6EE24DCB1B20F700B124F7900.e.18247","ELEMENT":"f.1920C544C16071EF810842AAA08EA988.d.44F2F0A6EE24DCB1B20F700B124F7900.e.18247"}]}
RESULT: {"script":"<script> [8489 bytes]","args":[{"element-6066-11e4-a52e-4f735466cecf":"f.1920C544C16071EF810842AAA08EA988.d.44F2F0A6EE24DCB1B20F700B124F7900.e.18247","ELEMENT":"f.1920C544C16071EF810842AAA08EA988.d.44F2F0A6EE24DCB1B20F700B124F7900.e.18247"}]}
COMMAND: POST /session/2eb25f1cbe9612d735ab0219d8fb520b/element - {"using":"css selector","value":"#shell-header-logo"}
COMMAND: GET /session/2eb25f1cbe9612d735ab0219d8fb520b/screenshot - {}
RESULT: {"using":"css selector","value":"#shell-header-logo"}
COMMAND: POST /session/2eb25f1cbe9612d735ab0219d8fb520b/execute/sync - {"script":"<script> [8489 bytes]","args":[{"element-6066-11e4-a52e-4f735466cecf":"f.1920C544C16071EF810842AAA08EA988.d.44F2F0A6EE24DCB1B20F700B124F7900.e.18247","ELEMENT":"f.1920C544C16071EF810842AAA08EA988.d.44F2F0A6EE24DCB1B20F700B124F7900.e.18247"}]}
RESULT: {}
RESULT: {"script":"<script> [8489 bytes]","args":[{"element-6066-11e4-a52e-4f735466cecf":"f.1920C544C16071EF810842AAA08EA988.d.44F2F0A6EE24DCB1B20F700B124F7900.e.18247","ELEMENT":"f.1920C544C16071EF810842AAA08EA988.d.44F2F0A6EE24DCB1B20F700B124F7900.e.18247"}]}
COMMAND: POST /session/2eb25f1cbe9612d735ab0219d8fb520b/execute/sync - {"script":"<script> [5351 bytes]","args":[{"element-6066-11e4-a52e-4f735466cecf":"f.1920C544C16071EF810842AAA08EA988.d.44F2F0A6EE24DCB1B20F700B124F7900.e.18247","ELEMENT":"f.1920C544C16071EF810842AAA08EA988.d.44F2F0A6EE24DCB1B20F700B124F7900.e.18247"}]}
COMMAND: GET /session/2eb25f1cbe9612d735ab0219d8fb520b/screenshot - {}
RESULT: {"script":"<script> [5351 bytes]","args":[{"element-6066-11e4-a52e-4f735466cecf":"f.1920C544C16071EF810842AAA08EA988.d.44F2F0A6EE24DCB1B20F700B124F7900.e.18247","ELEMENT":"f.1920C544C16071EF810842AAA08EA988.d.44F2F0A6EE24DCB1B20F700B124F7900.e.18247"}]}
COMMAND: POST /session/2eb25f1cbe9612d735ab0219d8fb520b/element - {"using":"css selector","value":"#shell-header-logo"}
COMMAND: GET /session/2eb25f1cbe9612d735ab0219d8fb520b/screenshot - {}
RESULT: {}
RESULT: {"using":"css selector","value":"#shell-header-logo"}
COMMAND: POST /session/2eb25f1cbe9612d735ab0219d8fb520b/element/f.1920C544C16071EF810842AAA08EA988.d.44F2F0A6EE24DCB1B20F700B124F7900.e.18247/click - {}
RESULT: {}
RESULT: {}
COMMAND: GET /session/2eb25f1cbe9612d735ab0219d8fb520b/screenshot - {}
RESULT: {}
COMMAND: POST /session/2eb25f1cbe9612d735ab0219d8fb520b/execute/async - {"script":"<script> [189 bytes]","args":[]}
RESULT: {"script":"<script> [189 bytes]","args":[]}
COMMAND: POST /session/2eb25f1cbe9612d735ab0219d8fb520b/execute/async - {"script":"<script> [123 bytes]","args":[]}
RESULT: {"script":"<script> [123 bytes]","args":[]}
COMMAND: POST /session/2eb25f1cbe9612d735ab0219d8fb520b/timeouts - {"script":"<number>"}
RESULT: {"script":"<number>"}
COMMAND: GET /session/2eb25f1cbe9612d735ab0219d8fb520b/timeouts - {}
RESULT: {}
RESULT: undefined
COMMAND: POST /session/2eb25f1cbe9612d735ab0219d8fb520b/execute/async - {"script":"<script> [2676 bytes]","args":[]}
RESULT: {"script":"<script> [2676 bytes]","args":[]}
COMMAND: POST /session/2eb25f1cbe9612d735ab0219d8fb520b/execute/async - {"script":"<script> [2342 bytes]","args":[{"protocol":"http","hostname":"0.0.0.0","path":"/","capabilities":{"browserName":"chrome","goog:chromeOptions":{"binary":"C:\\Program Files\\Google\\Chrome\\Application\\chrome.exe","args":["--start-maximized"]}},"logLevel":"warn","connectionRetryTimeout":120000,"connectionRetryCount":3,"logLevels":{},"enableDirectConnect":true,"strictSSL":true,"_":"65 more keys: [\"cacheDir\",\"port\",\"requestedCapabilities\",\"automationProtocol\",\"baseUrl\",\"waitforInterval\",\"waitforTimeout\",\"onReload\",\"beforeCommand\",\"afterCommand\",\"rootDir\",\"specs\",\"suites\",\"exclude\",\"groupLogsByTestSpec\",\"excludeDriverLogs\",\"bail\",\"framework\",\"reporters\",\"services\",\"maxInstances\",\"maxInstancesPerCapability\",\"injectGlobals\",\"filesToWatch\",\"execArgv\",\"runnerEnv\",\"runner\",\"shard\",\"specFileRetries\",\"specFileRetriesDelay\",\"specFileRetriesDeferred\",\"reporterSyncInterval\",\"reporterSyncTimeout\",\"cucumberFeaturesWithLineNumbers\",\"autoCompileOpts\",\"mochaOpts\",\"jasmineOpts\",\"cucumberOpts\",\"onPrepare\",\"onWorkerStart\",\"onWorkerEnd\",\"before\",\"beforeSession\",\"beforeSuite\",\"beforeHook\",\"beforeTest\",\"afterTest\",\"afterHook\",\"afterSuite\",\"afterSession\",\"after\",\"onComplete\",\"beforeAssertion\",\"afterAssertion\",\"beforeFeature\",\"beforeScenario\",\"beforeStep\",\"afterStep\",\"afterScenario\",\"afterFeature\",\"_\",\"suite\",\"$0\",\"ignoredWorkerServices\",\"wdi5\"]"}]}
RESULT: {"script":"<script> [2342 bytes]","args":[{"protocol":"http","hostname":"0.0.0.0","path":"/","capabilities":{"browserName":"chrome","goog:chromeOptions":{"binary":"C:\\Program Files\\Google\\Chrome\\Application\\chrome.exe","args":["--start-maximized"]}},"logLevel":"warn","connectionRetryTimeout":120000,"connectionRetryCount":3,"logLevels":{},"enableDirectConnect":true,"strictSSL":true,"_":"65 more keys: [\"cacheDir\",\"port\",\"requestedCapabilities\",\"automationProtocol\",\"baseUrl\",\"waitforInterval\",\"waitforTimeout\",\"onReload\",\"beforeCommand\",\"afterCommand\",\"rootDir\",\"specs\",\"suites\",\"exclude\",\"groupLogsByTestSpec\",\"excludeDriverLogs\",\"bail\",\"framework\",\"reporters\",\"services\",\"maxInstances\",\"maxInstancesPerCapability\",\"injectGlobals\",\"filesToWatch\",\"execArgv\",\"runnerEnv\",\"runner\",\"shard\",\"specFileRetries\",\"specFileRetriesDelay\",\"specFileRetriesDeferred\",\"reporterSyncInterval\",\"reporterSyncTimeout\",\"cucumberFeaturesWithLineNumbers\",\"autoCompileOpts\",\"mochaOpts\",\"jasmineOpts\",\"cucumberOpts\",\"onPrepare\",\"onWorkerStart\",\"onWorkerEnd\",\"before\",\"beforeSession\",\"beforeSuite\",\"beforeHook\",\"beforeTest\",\"afterTest\",\"afterHook\",\"afterSuite\",\"afterSession\",\"after\",\"onComplete\",\"beforeAssertion\",\"afterAssertion\",\"beforeFeature\",\"beforeScenario\",\"beforeStep\",\"afterStep\",\"afterScenario\",\"afterFeature\",\"_\",\"suite\",\"$0\",\"ignoredWorkerServices\",\"wdi5\"]"}]}
COMMAND: POST /session/2eb25f1cbe9612d735ab0219d8fb520b/execute/async - {"script":"<script> [21126 bytes]","args":[35000]}
RESULT: {"script":"<script> [21126 bytes]","args":[35000]}
COMMAND: POST /session/2eb25f1cbe9612d735ab0219d8fb520b/window/maximize - {}
RESULT: {}
COMMAND: POST /session/2eb25f1cbe9612d735ab0219d8fb520b/execute/async - {"script":"<script> [1562 bytes]","args":[{"selector":{"id":"shell-header","interaction":{"idSuffix":"icon"}},"wdio_ui5_key":"shellheader"}]}
COMMAND: GET /session/2eb25f1cbe9612d735ab0219d8fb520b/screenshot - {}
RESULT: {"script":"<script> [1562 bytes]","args":[{"selector":{"id":"shell-header","interaction":{"idSuffix":"icon"}},"wdio_ui5_key":"shellheader"}]}
RESULT: undefined
]]></system-out>
    </testcase>
  </testsuite>
  <testsuite timestamp="2025-04-25T17:25:18" time="330.699" tests="4" failures="0" errors="0" skipped="0">
    <properties>
      <property name="specId" value="0" />
      <property name="suiteName" value="Provide to Site w/o warehouse management w/o clarification US116612" />
      <property name="capabilities" value="chrome.135_0_7049_96.windows" />
      <property name="file" value="file:///D:/a/1/s/test/specs/HTR/provide-to-site-wo-warehouse-wo-clarification.spec.js" />
    </properties>
    <testcase classname="chrome.135_0_7049_96.windows.Provide_to_Site_w/o_warehouse_management_w/o_clarification_US116612" name="Should create a WHM yard" time="101.781">
      <system-out><![CDATA[
COMMAND: POST /session/2eb25f1cbe9612d735ab0219d8fb520b/execute/async - {"script":"<script> [1562 bytes]","args":[{"selector":{"controlType":"sap.m.GenericTile","properties":{"header":"Manage Yards"}},"wdio_ui5_key":"sapm.GenericTile{\"header\":\"Manage Yards\"}"}]}
RESULT: {}
RESULT: {"script":"<script> [1562 bytes]","args":[{"selector":{"controlType":"sap.m.GenericTile","properties":{"header":"Manage Yards"}},"wdio_ui5_key":"sapm.GenericTile{\"header\":\"Manage Yards\"}"}]}
RESULT: undefined
COMMAND: POST /session/2eb25f1cbe9612d735ab0219d8fb520b/element - {"using":"xpath","value":"//*[@id=\"__tile41\"]"}
RESULT: {"using":"xpath","value":"//*[@id=\"__tile41\"]"}
COMMAND: POST /session/2eb25f1cbe9612d735ab0219d8fb520b/element/f.1920C544C16071EF810842AAA08EA988.d.44F2F0A6EE24DCB1B20F700B124F7900.e.18259/click - {}
RESULT: {}
COMMAND: POST /session/2eb25f1cbe9612d735ab0219d8fb520b/execute/async - {"script":"<script> [1562 bytes]","args":[{"selector":{"controlType":"sap.ui.core.Icon","viewName":"etm.portal.ui.manageyards.view.Master","viewId":"application-manageyards-display-component---masterYard","properties":{"src":{"regex":{"source":"add"}}}},"wdio_ui5_key":"etmportal.ui.manageyards.view.Mastersap.ui.core.Icon{\"src\":{\"regex\":{\"source\":\"add\"}}}"}]}
COMMAND: GET /session/2eb25f1cbe9612d735ab0219d8fb520b/screenshot - {}
RESULT: {"script":"<script> [1562 bytes]","args":[{"selector":{"controlType":"sap.ui.core.Icon","viewName":"etm.portal.ui.manageyards.view.Master","viewId":"application-manageyards-display-component---masterYard","properties":{"src":{"regex":{"source":"add"}}}},"wdio_ui5_key":"etmportal.ui.manageyards.view.Mastersap.ui.core.Icon{\"src\":{\"regex\":{\"source\":\"add\"}}}"}]}
RESULT: undefined
COMMAND: POST /session/2eb25f1cbe9612d735ab0219d8fb520b/element - {"using":"xpath","value":"//*[@id=\"__button4-img\"]"}
RESULT: {}
RESULT: {"using":"xpath","value":"//*[@id=\"__button4-img\"]"}
COMMAND: POST /session/2eb25f1cbe9612d735ab0219d8fb520b/element/f.1920C544C16071EF810842AAA08EA988.d.44F2F0A6EE24DCB1B20F700B124F7900.e.18403/click - {}
RESULT: {}
COMMAND: POST /session/2eb25f1cbe9612d735ab0219d8fb520b/execute/async - {"script":"<script> [1562 bytes]","args":[{"selector":{"id":"application-manageyards-display-component---NewYard--addressDetailDetailsName1","interaction":{"idSuffix":"inner"}},"wdio_ui5_key":"applicationmanageyards-display-component---NewYard--addressDetailDetailsName1"}]}
COMMAND: GET /session/2eb25f1cbe9612d735ab0219d8fb520b/screenshot - {}
RESULT: {"script":"<script> [1562 bytes]","args":[{"selector":{"id":"application-manageyards-display-component---NewYard--addressDetailDetailsName1","interaction":{"idSuffix":"inner"}},"wdio_ui5_key":"applicationmanageyards-display-component---NewYard--addressDetailDetailsName1"}]}
RESULT: undefined
COMMAND: POST /session/2eb25f1cbe9612d735ab0219d8fb520b/execute/async - {"script":"<script> [776 bytes]","args":[{"enterText":"warehouse managed Yard","selector":{"id":"application-manageyards-display-component---NewYard--addressDetailDetailsName1","interaction":{"idSuffix":"inner"}},"clearTextFirst":true,"interactionType":"ENTER_TEXT"}]}
RESULT: {}
RESULT: {"script":"<script> [776 bytes]","args":[{"enterText":"warehouse managed Yard","selector":{"id":"application-manageyards-display-component---NewYard--addressDetailDetailsName1","interaction":{"idSuffix":"inner"}},"clearTextFirst":true,"interactionType":"ENTER_TEXT"}]}
COMMAND: POST /session/2eb25f1cbe9612d735ab0219d8fb520b/execute/async - {"script":"<script> [1562 bytes]","args":[{"selector":{"id":"application-manageyards-display-component---NewYard--addressDetailDetailsLanguage-arrow"},"wdio_ui5_key":"applicationmanageyards-display-component---NewYard--addressDetailDetailsLanguage-arrow"}]}
RESULT: {"script":"<script> [1562 bytes]","args":[{"selector":{"id":"application-manageyards-display-component---NewYard--addressDetailDetailsLanguage-arrow"},"wdio_ui5_key":"applicationmanageyards-display-component---NewYard--addressDetailDetailsLanguage-arrow"}]}
RESULT: undefined
COMMAND: POST /session/2eb25f1cbe9612d735ab0219d8fb520b/element - {"using":"xpath","value":"//*[@id=\"application-manageyards-display-component---NewYard--addressDetailDetailsLanguage-arrow\"]"}
RESULT: {"using":"xpath","value":"//*[@id=\"application-manageyards-display-component---NewYard--addressDetailDetailsLanguage-arrow\"]"}
COMMAND: POST /session/2eb25f1cbe9612d735ab0219d8fb520b/element/f.1920C544C16071EF810842AAA08EA988.d.44F2F0A6EE24DCB1B20F700B124F7900.e.18708/click - {}
RESULT: {}
COMMAND: POST /session/2eb25f1cbe9612d735ab0219d8fb520b/execute/async - {"script":"<script> [1562 bytes]","args":[{"selector":{"controlType":"sap.m.StandardListItem","viewName":"etm.portal.ui.manageyards.view.New","viewId":"application-manageyards-display-component---NewYard","properties":{"title":"English"},"searchOpenDialogs":true,"interaction":{"idSuffix":"content"}},"wdio_ui5_key":"etmportal.ui.manageyards.view.Newsap.m.StandardListItem{\"title\":\"English\"}"}]}
COMMAND: GET /session/2eb25f1cbe9612d735ab0219d8fb520b/screenshot - {}
RESULT: {"script":"<script> [1562 bytes]","args":[{"selector":{"controlType":"sap.m.StandardListItem","viewName":"etm.portal.ui.manageyards.view.New","viewId":"application-manageyards-display-component---NewYard","properties":{"title":"English"},"searchOpenDialogs":true,"interaction":{"idSuffix":"content"}},"wdio_ui5_key":"etmportal.ui.manageyards.view.Newsap.m.StandardListItem{\"title\":\"English\"}"}]}
RESULT: undefined
COMMAND: POST /session/2eb25f1cbe9612d735ab0219d8fb520b/element - {"using":"xpath","value":"//*[@id=\"__item101\"]"}
RESULT: {}
RESULT: {"using":"xpath","value":"//*[@id=\"__item101\"]"}
COMMAND: POST /session/2eb25f1cbe9612d735ab0219d8fb520b/element/f.1920C544C16071EF810842AAA08EA988.d.44F2F0A6EE24DCB1B20F700B124F7900.e.18710/click - {}
RESULT: {}
COMMAND: POST /session/2eb25f1cbe9612d735ab0219d8fb520b/execute/async - {"script":"<script> [1562 bytes]","args":[{"selector":{"id":"application-manageyards-display-component---NewYard--addressDetailDetailsCity1","interaction":{"idSuffix":"inner"}},"wdio_ui5_key":"applicationmanageyards-display-component---NewYard--addressDetailDetailsCity1"}]}
COMMAND: GET /session/2eb25f1cbe9612d735ab0219d8fb520b/screenshot - {}
RESULT: {"script":"<script> [1562 bytes]","args":[{"selector":{"id":"application-manageyards-display-component---NewYard--addressDetailDetailsCity1","interaction":{"idSuffix":"inner"}},"wdio_ui5_key":"applicationmanageyards-display-component---NewYard--addressDetailDetailsCity1"}]}
RESULT: undefined
COMMAND: POST /session/2eb25f1cbe9612d735ab0219d8fb520b/execute/async - {"script":"<script> [776 bytes]","args":[{"enterText":"Rosario","selector":{"id":"application-manageyards-display-component---NewYard--addressDetailDetailsCity1","interaction":{"idSuffix":"inner"}},"clearTextFirst":true,"interactionType":"ENTER_TEXT"}]}
RESULT: {}
RESULT: {"script":"<script> [776 bytes]","args":[{"enterText":"Rosario","selector":{"id":"application-manageyards-display-component---NewYard--addressDetailDetailsCity1","interaction":{"idSuffix":"inner"}},"clearTextFirst":true,"interactionType":"ENTER_TEXT"}]}
COMMAND: POST /session/2eb25f1cbe9612d735ab0219d8fb520b/execute/async - {"script":"<script> [1562 bytes]","args":[{"selector":{"id":"application-manageyards-display-component---NewYard--addressDetailDetailsCountry-arrow"},"wdio_ui5_key":"applicationmanageyards-display-component---NewYard--addressDetailDetailsCountry-arrow"}]}
RESULT: {"script":"<script> [1562 bytes]","args":[{"selector":{"id":"application-manageyards-display-component---NewYard--addressDetailDetailsCountry-arrow"},"wdio_ui5_key":"applicationmanageyards-display-component---NewYard--addressDetailDetailsCountry-arrow"}]}
RESULT: undefined
COMMAND: POST /session/2eb25f1cbe9612d735ab0219d8fb520b/element - {"using":"xpath","value":"//*[@id=\"application-manageyards-display-component---NewYard--addressDetailDetailsCountry-arrow\"]"}
RESULT: {"using":"xpath","value":"//*[@id=\"application-manageyards-display-component---NewYard--addressDetailDetailsCountry-arrow\"]"}
COMMAND: POST /session/2eb25f1cbe9612d735ab0219d8fb520b/element/f.1920C544C16071EF810842AAA08EA988.d.44F2F0A6EE24DCB1B20F700B124F7900.e.18672/click - {}
RESULT: {}
COMMAND: POST /session/2eb25f1cbe9612d735ab0219d8fb520b/execute/async - {"script":"<script> [1562 bytes]","args":[{"selector":{"controlType":"sap.m.StandardListItem","viewName":"etm.portal.ui.manageyards.view.New","viewId":"application-manageyards-display-component---NewYard","properties":{"title":"Argentina"},"searchOpenDialogs":true,"interaction":{"idSuffix":"content"}},"wdio_ui5_key":"etmportal.ui.manageyards.view.Newsap.m.StandardListItem{\"title\":\"Argentina\"}"}]}
COMMAND: GET /session/2eb25f1cbe9612d735ab0219d8fb520b/screenshot - {}
RESULT: {"script":"<script> [1562 bytes]","args":[{"selector":{"controlType":"sap.m.StandardListItem","viewName":"etm.portal.ui.manageyards.view.New","viewId":"application-manageyards-display-component---NewYard","properties":{"title":"Argentina"},"searchOpenDialogs":true,"interaction":{"idSuffix":"content"}},"wdio_ui5_key":"etmportal.ui.manageyards.view.Newsap.m.StandardListItem{\"title\":\"Argentina\"}"}]}
RESULT: undefined
COMMAND: POST /session/2eb25f1cbe9612d735ab0219d8fb520b/element - {"using":"xpath","value":"//*[@id=\"__item144\"]"}
RESULT: {}
RESULT: {"using":"xpath","value":"//*[@id=\"__item144\"]"}
COMMAND: POST /session/2eb25f1cbe9612d735ab0219d8fb520b/element/f.1920C544C16071EF810842AAA08EA988.d.44F2F0A6EE24DCB1B20F700B124F7900.e.18714/click - {}
RESULT: {}
COMMAND: POST /session/2eb25f1cbe9612d735ab0219d8fb520b/execute/async - {"script":"<script> [1562 bytes]","args":[{"selector":{"controlType":"sap.m.Button","viewName":"etm.portal.ui.manageyards.view.New","viewId":"application-manageyards-display-component---NewYard","properties":{"text":"Commercial"},"interaction":{"idSuffix":"BDI-content"}},"wdio_ui5_key":"etmportal.ui.manageyards.view.Newsap.m.Button{\"text\":\"Commercial\"}"}]}
COMMAND: GET /session/2eb25f1cbe9612d735ab0219d8fb520b/screenshot - {}
RESULT: {"script":"<script> [1562 bytes]","args":[{"selector":{"controlType":"sap.m.Button","viewName":"etm.portal.ui.manageyards.view.New","viewId":"application-manageyards-display-component---NewYard","properties":{"text":"Commercial"},"interaction":{"idSuffix":"BDI-content"}},"wdio_ui5_key":"etmportal.ui.manageyards.view.Newsap.m.Button{\"text\":\"Commercial\"}"}]}
RESULT: undefined
COMMAND: POST /session/2eb25f1cbe9612d735ab0219d8fb520b/element - {"using":"xpath","value":"//*[@id=\"application-manageyards-display-component---NewYard--ObjectPageLayout-anchBar-__section5-anchor\"]"}
RESULT: {}
RESULT: {"using":"xpath","value":"//*[@id=\"application-manageyards-display-component---NewYard--ObjectPageLayout-anchBar-__section5-anchor\"]"}
COMMAND: POST /session/2eb25f1cbe9612d735ab0219d8fb520b/element/f.1920C544C16071EF810842AAA08EA988.d.44F2F0A6EE24DCB1B20F700B124F7900.e.18716/click - {}
RESULT: {}
COMMAND: GET /session/2eb25f1cbe9612d735ab0219d8fb520b/screenshot - {}
RESULT: {}
COMMAND: POST /session/2eb25f1cbe9612d735ab0219d8fb520b/execute/async - {"script":"<script> [1562 bytes]","args":[{"selector":{"id":"application-manageyards-display-component---NewYard--addressEditDetailsCostObjectCstType-arrow"},"wdio_ui5_key":"applicationmanageyards-display-component---NewYard--addressEditDetailsCostObjectCstType-arrow"}]}
RESULT: {"script":"<script> [1562 bytes]","args":[{"selector":{"id":"application-manageyards-display-component---NewYard--addressEditDetailsCostObjectCstType-arrow"},"wdio_ui5_key":"applicationmanageyards-display-component---NewYard--addressEditDetailsCostObjectCstType-arrow"}]}
RESULT: undefined
COMMAND: POST /session/2eb25f1cbe9612d735ab0219d8fb520b/element - {"using":"xpath","value":"//*[@id=\"application-manageyards-display-component---NewYard--addressEditDetailsCostObjectCstType-arrow\"]"}
RESULT: {"using":"xpath","value":"//*[@id=\"application-manageyards-display-component---NewYard--addressEditDetailsCostObjectCstType-arrow\"]"}
COMMAND: POST /session/2eb25f1cbe9612d735ab0219d8fb520b/element/f.1920C544C16071EF810842AAA08EA988.d.44F2F0A6EE24DCB1B20F700B124F7900.e.18724/click - {}
RESULT: {}
COMMAND: GET /session/2eb25f1cbe9612d735ab0219d8fb520b/screenshot - {}
RESULT: {}
COMMAND: POST /session/2eb25f1cbe9612d735ab0219d8fb520b/execute/async - {"script":"<script> [1562 bytes]","args":[{"selector":{"controlType":"sap.m.StandardListItem","viewName":"etm.portal.ui.manageyards.view.New","viewId":"application-manageyards-display-component---NewYard","properties":{"title":"Cost Center"},"searchOpenDialogs":true,"interaction":{"idSuffix":"titleText"}},"wdio_ui5_key":"etmportal.ui.manageyards.view.Newsap.m.StandardListItem{\"title\":\"Cost Center\"}"}]}
RESULT: {"script":"<script> [1562 bytes]","args":[{"selector":{"controlType":"sap.m.StandardListItem","viewName":"etm.portal.ui.manageyards.view.New","viewId":"application-manageyards-display-component---NewYard","properties":{"title":"Cost Center"},"searchOpenDialogs":true,"interaction":{"idSuffix":"titleText"}},"wdio_ui5_key":"etmportal.ui.manageyards.view.Newsap.m.StandardListItem{\"title\":\"Cost Center\"}"}]}
RESULT: undefined
COMMAND: POST /session/2eb25f1cbe9612d735ab0219d8fb520b/element - {"using":"xpath","value":"//*[@id=\"__item234\"]"}
RESULT: {"using":"xpath","value":"//*[@id=\"__item234\"]"}
COMMAND: POST /session/2eb25f1cbe9612d735ab0219d8fb520b/element/f.1920C544C16071EF810842AAA08EA988.d.44F2F0A6EE24DCB1B20F700B124F7900.e.18726/click - {}
RESULT: {}
COMMAND: POST /session/2eb25f1cbe9612d735ab0219d8fb520b/element - {"using":"xpath","value":"//input[@id=\"application-manageyards-display-component---NewYard--addressNewCostObjectCstID-inner\"]"}
COMMAND: GET /session/2eb25f1cbe9612d735ab0219d8fb520b/screenshot - {}
RESULT: {"using":"xpath","value":"//input[@id=\"application-manageyards-display-component---NewYard--addressNewCostObjectCstID-inner\"]"}
COMMAND: POST /session/2eb25f1cbe9612d735ab0219d8fb520b/element/f.1920C544C16071EF810842AAA08EA988.d.44F2F0A6EE24DCB1B20F700B124F7900.e.18531/clear - {}
RESULT: {}
COMMAND: POST /session/2eb25f1cbe9612d735ab0219d8fb520b/element - {"using":"xpath","value":"//input[@id=\"application-manageyards-display-component---NewYard--addressNewCostObjectCstID-inner\"]"}
RESULT: {"using":"xpath","value":"//input[@id=\"application-manageyards-display-component---NewYard--addressNewCostObjectCstID-inner\"]"}
COMMAND: POST /session/2eb25f1cbe9612d735ab0219d8fb520b/element/f.1920C544C16071EF810842AAA08EA988.d.44F2F0A6EE24DCB1B20F700B124F7900.e.18531/clear - {}
COMMAND: POST /session/2eb25f1cbe9612d735ab0219d8fb520b/element - {"using":"xpath","value":"//input[@id=\"application-manageyards-display-component---NewYard--addressNewCostObjectCstID-inner\"]"}
RESULT: {"using":"xpath","value":"//input[@id=\"application-manageyards-display-component---NewYard--addressNewCostObjectCstID-inner\"]"}
COMMAND: POST /session/2eb25f1cbe9612d735ab0219d8fb520b/element/f.1920C544C16071EF810842AAA08EA988.d.44F2F0A6EE24DCB1B20F700B124F7900.e.18728/clear - {}
COMMAND: POST /session/2eb25f1cbe9612d735ab0219d8fb520b/element - {"using":"xpath","value":"//input[@id=\"application-manageyards-display-component---NewYard--addressNewCostObjectCstID-inner\"]"}
RESULT: {"using":"xpath","value":"//input[@id=\"application-manageyards-display-component---NewYard--addressNewCostObjectCstID-inner\"]"}
COMMAND: POST /session/2eb25f1cbe9612d735ab0219d8fb520b/element/f.1920C544C16071EF810842AAA08EA988.d.44F2F0A6EE24DCB1B20F700B124F7900.e.18728/clear - {}
COMMAND: POST /session/2eb25f1cbe9612d735ab0219d8fb520b/element - {"using":"xpath","value":"//input[@id=\"application-manageyards-display-component---NewYard--addressNewCostObjectCstID-inner\"]"}
RESULT: {"using":"xpath","value":"//input[@id=\"application-manageyards-display-component---NewYard--addressNewCostObjectCstID-inner\"]"}
COMMAND: POST /session/2eb25f1cbe9612d735ab0219d8fb520b/element/f.1920C544C16071EF810842AAA08EA988.d.44F2F0A6EE24DCB1B20F700B124F7900.e.18730/clear - {}
COMMAND: POST /session/2eb25f1cbe9612d735ab0219d8fb520b/element - {"using":"xpath","value":"//input[@id=\"application-manageyards-display-component---NewYard--addressNewCostObjectCstID-inner\"]"}
RESULT: {"using":"xpath","value":"//input[@id=\"application-manageyards-display-component---NewYard--addressNewCostObjectCstID-inner\"]"}
COMMAND: POST /session/2eb25f1cbe9612d735ab0219d8fb520b/element/f.1920C544C16071EF810842AAA08EA988.d.44F2F0A6EE24DCB1B20F700B124F7900.e.18730/clear - {}
COMMAND: POST /session/2eb25f1cbe9612d735ab0219d8fb520b/element - {"using":"xpath","value":"//input[@id=\"application-manageyards-display-component---NewYard--addressNewCostObjectCstID-inner\"]"}
RESULT: {"using":"xpath","value":"//input[@id=\"application-manageyards-display-component---NewYard--addressNewCostObjectCstID-inner\"]"}
COMMAND: POST /session/2eb25f1cbe9612d735ab0219d8fb520b/element/f.1920C544C16071EF810842AAA08EA988.d.44F2F0A6EE24DCB1B20F700B124F7900.e.18732/clear - {}
RESULT: {}
COMMAND: POST /session/2eb25f1cbe9612d735ab0219d8fb520b/element/f.1920C544C16071EF810842AAA08EA988.d.44F2F0A6EE24DCB1B20F700B124F7900.e.18732/value - {"text":"10001013"}
COMMAND: GET /session/2eb25f1cbe9612d735ab0219d8fb520b/screenshot - {}
RESULT: {"text":"10001013"}
COMMAND: GET /session/2eb25f1cbe9612d735ab0219d8fb520b/screenshot - {}
RESULT: {}
RESULT: {}
COMMAND: POST /session/2eb25f1cbe9612d735ab0219d8fb520b/execute/async - {"script":"<script> [1562 bytes]","args":[{"selector":{"controlType":"sap.m.StandardListItem","viewName":"etm.portal.ui.manageyards.view.New","viewId":"application-manageyards-display-component---NewYard","properties":{"type":"Active"},"searchOpenDialogs":true,"interaction":{"idSuffix":"titleText"}},"wdio_ui5_key":"etmportal.ui.manageyards.view.Newsap.m.StandardListItem{\"type\":\"Active\"}"}]}
RESULT: {"script":"<script> [1562 bytes]","args":[{"selector":{"controlType":"sap.m.StandardListItem","viewName":"etm.portal.ui.manageyards.view.New","viewId":"application-manageyards-display-component---NewYard","properties":{"type":"Active"},"searchOpenDialogs":true,"interaction":{"idSuffix":"titleText"}},"wdio_ui5_key":"etmportal.ui.manageyards.view.Newsap.m.StandardListItem{\"type\":\"Active\"}"}]}
RESULT: undefined
COMMAND: POST /session/2eb25f1cbe9612d735ab0219d8fb520b/element - {"using":"xpath","value":"//*[@id=\"__item339\"]"}
RESULT: {"using":"xpath","value":"//*[@id=\"__item339\"]"}
COMMAND: POST /session/2eb25f1cbe9612d735ab0219d8fb520b/element/f.1920C544C16071EF810842AAA08EA988.d.44F2F0A6EE24DCB1B20F700B124F7900.e.18736/click - {}
RESULT: {}
COMMAND: POST /session/2eb25f1cbe9612d735ab0219d8fb520b/execute/async - {"script":"<script> [1562 bytes]","args":[{"selector":{"id":"application-manageyards-display-component---NewYard--addressEditDetailsCurrency-arrow"},"wdio_ui5_key":"applicationmanageyards-display-component---NewYard--addressEditDetailsCurrency-arrow"}]}
COMMAND: GET /session/2eb25f1cbe9612d735ab0219d8fb520b/screenshot - {}
RESULT: {"script":"<script> [1562 bytes]","args":[{"selector":{"id":"application-manageyards-display-component---NewYard--addressEditDetailsCurrency-arrow"},"wdio_ui5_key":"applicationmanageyards-display-component---NewYard--addressEditDetailsCurrency-arrow"}]}
RESULT: undefined
COMMAND: POST /session/2eb25f1cbe9612d735ab0219d8fb520b/element - {"using":"xpath","value":"//*[@id=\"application-manageyards-display-component---NewYard--addressEditDetailsCurrency-arrow\"]"}
RESULT: {}
RESULT: {"using":"xpath","value":"//*[@id=\"application-manageyards-display-component---NewYard--addressEditDetailsCurrency-arrow\"]"}
COMMAND: POST /session/2eb25f1cbe9612d735ab0219d8fb520b/element/f.1920C544C16071EF810842AAA08EA988.d.44F2F0A6EE24DCB1B20F700B124F7900.e.18738/click - {}
RESULT: {}
COMMAND: POST /session/2eb25f1cbe9612d735ab0219d8fb520b/execute/async - {"script":"<script> [1562 bytes]","args":[{"selector":{"controlType":"sap.m.StandardListItem","viewName":"etm.portal.ui.manageyards.view.New","viewId":"application-manageyards-display-component---NewYard","properties":{"title":"Euro"},"searchOpenDialogs":true,"interaction":{"idSuffix":"content"}},"wdio_ui5_key":"etmportal.ui.manageyards.view.Newsap.m.StandardListItem{\"title\":\"Euro\"}"}]}
COMMAND: GET /session/2eb25f1cbe9612d735ab0219d8fb520b/screenshot - {}
RESULT: {}
RESULT: {"script":"<script> [1562 bytes]","args":[{"selector":{"controlType":"sap.m.StandardListItem","viewName":"etm.portal.ui.manageyards.view.New","viewId":"application-manageyards-display-component---NewYard","properties":{"title":"Euro"},"searchOpenDialogs":true,"interaction":{"idSuffix":"content"}},"wdio_ui5_key":"etmportal.ui.manageyards.view.Newsap.m.StandardListItem{\"title\":\"Euro\"}"}]}
RESULT: undefined
COMMAND: POST /session/2eb25f1cbe9612d735ab0219d8fb520b/element - {"using":"xpath","value":"//*[@id=\"__item340\"]"}
RESULT: {"using":"xpath","value":"//*[@id=\"__item340\"]"}
COMMAND: POST /session/2eb25f1cbe9612d735ab0219d8fb520b/element/f.1920C544C16071EF810842AAA08EA988.d.44F2F0A6EE24DCB1B20F700B124F7900.e.18740/click - {}
RESULT: {}
COMMAND: POST /session/2eb25f1cbe9612d735ab0219d8fb520b/execute/async - {"script":"<script> [1562 bytes]","args":[{"selector":{"controlType":"sap.m.Input","viewName":"etm.portal.ui.manageyards.view.New","viewId":"application-manageyards-display-component---NewYard","bindingPath":{"path":"","propertyPath":"/CONTROLLING_AREA","modelName":"NewYardModel"},"interaction":{"idSuffix":"inner"}},"wdio_ui5_key":"etmportal.ui.manageyards.view.Newsap.m.Input{\"path\":\"\",\"propertyPath\":\"/CONTROLLING_AREA\",\"modelName\":\"NewYardModel\"}"}]}
COMMAND: GET /session/2eb25f1cbe9612d735ab0219d8fb520b/screenshot - {}
RESULT: {"script":"<script> [1562 bytes]","args":[{"selector":{"controlType":"sap.m.Input","viewName":"etm.portal.ui.manageyards.view.New","viewId":"application-manageyards-display-component---NewYard","bindingPath":{"path":"","propertyPath":"/CONTROLLING_AREA","modelName":"NewYardModel"},"interaction":{"idSuffix":"inner"}},"wdio_ui5_key":"etmportal.ui.manageyards.view.Newsap.m.Input{\"path\":\"\",\"propertyPath\":\"/CONTROLLING_AREA\",\"modelName\":\"NewYardModel\"}"}]}
RESULT: undefined
COMMAND: POST /session/2eb25f1cbe9612d735ab0219d8fb520b/execute/async - {"script":"<script> [776 bytes]","args":[{"enterText":"Z001","selector":{"controlType":"sap.m.Input","viewName":"etm.portal.ui.manageyards.view.New","viewId":"application-manageyards-display-component---NewYard","bindingPath":{"path":"","propertyPath":"/CONTROLLING_AREA","modelName":"NewYardModel"},"interaction":{"idSuffix":"inner"}},"clearTextFirst":true,"interactionType":"ENTER_TEXT"}]}
RESULT: {}
RESULT: {"script":"<script> [776 bytes]","args":[{"enterText":"Z001","selector":{"controlType":"sap.m.Input","viewName":"etm.portal.ui.manageyards.view.New","viewId":"application-manageyards-display-component---NewYard","bindingPath":{"path":"","propertyPath":"/CONTROLLING_AREA","modelName":"NewYardModel"},"interaction":{"idSuffix":"inner"}},"clearTextFirst":true,"interactionType":"ENTER_TEXT"}]}
COMMAND: POST /session/2eb25f1cbe9612d735ab0219d8fb520b/execute/async - {"script":"<script> [1562 bytes]","args":[{"selector":{"id":"application-manageyards-display-component---NewYard--companyCodeComboBox","interaction":{"idSuffix":"inner"}},"wdio_ui5_key":"applicationmanageyards-display-component---NewYard--companyCodeComboBox"}]}
RESULT: {"script":"<script> [1562 bytes]","args":[{"selector":{"id":"application-manageyards-display-component---NewYard--companyCodeComboBox","interaction":{"idSuffix":"inner"}},"wdio_ui5_key":"applicationmanageyards-display-component---NewYard--companyCodeComboBox"}]}
RESULT: undefined
COMMAND: POST /session/2eb25f1cbe9612d735ab0219d8fb520b/execute/async - {"script":"<script> [776 bytes]","args":[{"enterText":"1000","selector":{"id":"application-manageyards-display-component---NewYard--companyCodeComboBox","interaction":{"idSuffix":"inner"}},"clearTextFirst":true,"interactionType":"ENTER_TEXT"}]}
RESULT: {"script":"<script> [776 bytes]","args":[{"enterText":"1000","selector":{"id":"application-manageyards-display-component---NewYard--companyCodeComboBox","interaction":{"idSuffix":"inner"}},"clearTextFirst":true,"interactionType":"ENTER_TEXT"}]}
COMMAND: POST /session/2eb25f1cbe9612d735ab0219d8fb520b/execute/async - {"script":"<script> [1562 bytes]","args":[{"selector":{"controlType":"sap.m.Input","viewName":"etm.portal.ui.manageyards.view.New","viewId":"application-manageyards-display-component---NewYard","bindingPath":{"path":"","propertyPath":"/PLANT","modelName":"NewYardModel"},"interaction":{"idSuffix":"inner"}},"wdio_ui5_key":"etmportal.ui.manageyards.view.Newsap.m.Input{\"path\":\"\",\"propertyPath\":\"/PLANT\",\"modelName\":\"NewYardModel\"}"}]}
RESULT: {"script":"<script> [1562 bytes]","args":[{"selector":{"controlType":"sap.m.Input","viewName":"etm.portal.ui.manageyards.view.New","viewId":"application-manageyards-display-component---NewYard","bindingPath":{"path":"","propertyPath":"/PLANT","modelName":"NewYardModel"},"interaction":{"idSuffix":"inner"}},"wdio_ui5_key":"etmportal.ui.manageyards.view.Newsap.m.Input{\"path\":\"\",\"propertyPath\":\"/PLANT\",\"modelName\":\"NewYardModel\"}"}]}
RESULT: undefined
COMMAND: POST /session/2eb25f1cbe9612d735ab0219d8fb520b/execute/async - {"script":"<script> [776 bytes]","args":[{"enterText":"1001","selector":{"controlType":"sap.m.Input","viewName":"etm.portal.ui.manageyards.view.New","viewId":"application-manageyards-display-component---NewYard","bindingPath":{"path":"","propertyPath":"/PLANT","modelName":"NewYardModel"},"interaction":{"idSuffix":"inner"}},"clearTextFirst":true,"interactionType":"ENTER_TEXT"}]}
RESULT: {"script":"<script> [776 bytes]","args":[{"enterText":"1001","selector":{"controlType":"sap.m.Input","viewName":"etm.portal.ui.manageyards.view.New","viewId":"application-manageyards-display-component---NewYard","bindingPath":{"path":"","propertyPath":"/PLANT","modelName":"NewYardModel"},"interaction":{"idSuffix":"inner"}},"clearTextFirst":true,"interactionType":"ENTER_TEXT"}]}
COMMAND: POST /session/2eb25f1cbe9612d735ab0219d8fb520b/execute/async - {"script":"<script> [1562 bytes]","args":[{"selector":{"controlType":"sap.m.Input","viewName":"etm.portal.ui.manageyards.view.New","viewId":"application-manageyards-display-component---NewYard","bindingPath":{"path":"","propertyPath":"/SALES_AREA_VKORG","modelName":"NewYardModel"},"interaction":{"idSuffix":"inner"}},"wdio_ui5_key":"etmportal.ui.manageyards.view.Newsap.m.Input{\"path\":\"\",\"propertyPath\":\"/SALES_AREA_VKORG\",\"modelName\":\"NewYardModel\"}"}]}
RESULT: {"script":"<script> [1562 bytes]","args":[{"selector":{"controlType":"sap.m.Input","viewName":"etm.portal.ui.manageyards.view.New","viewId":"application-manageyards-display-component---NewYard","bindingPath":{"path":"","propertyPath":"/SALES_AREA_VKORG","modelName":"NewYardModel"},"interaction":{"idSuffix":"inner"}},"wdio_ui5_key":"etmportal.ui.manageyards.view.Newsap.m.Input{\"path\":\"\",\"propertyPath\":\"/SALES_AREA_VKORG\",\"modelName\":\"NewYardModel\"}"}]}
RESULT: undefined
COMMAND: POST /session/2eb25f1cbe9612d735ab0219d8fb520b/execute/async - {"script":"<script> [776 bytes]","args":[{"enterText":"C002","selector":{"controlType":"sap.m.Input","viewName":"etm.portal.ui.manageyards.view.New","viewId":"application-manageyards-display-component---NewYard","bindingPath":{"path":"","propertyPath":"/SALES_AREA_VKORG","modelName":"NewYardModel"},"interaction":{"idSuffix":"inner"}},"clearTextFirst":true,"interactionType":"ENTER_TEXT"}]}
RESULT: {"script":"<script> [776 bytes]","args":[{"enterText":"C002","selector":{"controlType":"sap.m.Input","viewName":"etm.portal.ui.manageyards.view.New","viewId":"application-manageyards-display-component---NewYard","bindingPath":{"path":"","propertyPath":"/SALES_AREA_VKORG","modelName":"NewYardModel"},"interaction":{"idSuffix":"inner"}},"clearTextFirst":true,"interactionType":"ENTER_TEXT"}]}
COMMAND: POST /session/2eb25f1cbe9612d735ab0219d8fb520b/execute/async - {"script":"<script> [1562 bytes]","args":[{"selector":{"controlType":"sap.m.Input","viewName":"etm.portal.ui.manageyards.view.New","viewId":"application-manageyards-display-component---NewYard","bindingPath":{"path":"","propertyPath":"/SALES_AREA_VTWEG","modelName":"NewYardModel"},"interaction":{"idSuffix":"inner"}},"wdio_ui5_key":"etmportal.ui.manageyards.view.Newsap.m.Input{\"path\":\"\",\"propertyPath\":\"/SALES_AREA_VTWEG\",\"modelName\":\"NewYardModel\"}"}]}
RESULT: {"script":"<script> [1562 bytes]","args":[{"selector":{"controlType":"sap.m.Input","viewName":"etm.portal.ui.manageyards.view.New","viewId":"application-manageyards-display-component---NewYard","bindingPath":{"path":"","propertyPath":"/SALES_AREA_VTWEG","modelName":"NewYardModel"},"interaction":{"idSuffix":"inner"}},"wdio_ui5_key":"etmportal.ui.manageyards.view.Newsap.m.Input{\"path\":\"\",\"propertyPath\":\"/SALES_AREA_VTWEG\",\"modelName\":\"NewYardModel\"}"}]}
RESULT: undefined
COMMAND: POST /session/2eb25f1cbe9612d735ab0219d8fb520b/execute/async - {"script":"<script> [776 bytes]","args":[{"enterText":"C2","selector":{"controlType":"sap.m.Input","viewName":"etm.portal.ui.manageyards.view.New","viewId":"application-manageyards-display-component---NewYard","bindingPath":{"path":"","propertyPath":"/SALES_AREA_VTWEG","modelName":"NewYardModel"},"interaction":{"idSuffix":"inner"}},"clearTextFirst":true,"interactionType":"ENTER_TEXT"}]}
RESULT: {"script":"<script> [776 bytes]","args":[{"enterText":"C2","selector":{"controlType":"sap.m.Input","viewName":"etm.portal.ui.manageyards.view.New","viewId":"application-manageyards-display-component---NewYard","bindingPath":{"path":"","propertyPath":"/SALES_AREA_VTWEG","modelName":"NewYardModel"},"interaction":{"idSuffix":"inner"}},"clearTextFirst":true,"interactionType":"ENTER_TEXT"}]}
COMMAND: POST /session/2eb25f1cbe9612d735ab0219d8fb520b/execute/async - {"script":"<script> [1562 bytes]","args":[{"selector":{"controlType":"sap.m.Input","viewName":"etm.portal.ui.manageyards.view.New","viewId":"application-manageyards-display-component---NewYard","bindingPath":{"path":"","propertyPath":"/SALES_AREA_SPART","modelName":"NewYardModel"},"interaction":{"idSuffix":"inner"}},"wdio_ui5_key":"etmportal.ui.manageyards.view.Newsap.m.Input{\"path\":\"\",\"propertyPath\":\"/SALES_AREA_SPART\",\"modelName\":\"NewYardModel\"}"}]}
RESULT: {"script":"<script> [1562 bytes]","args":[{"selector":{"controlType":"sap.m.Input","viewName":"etm.portal.ui.manageyards.view.New","viewId":"application-manageyards-display-component---NewYard","bindingPath":{"path":"","propertyPath":"/SALES_AREA_SPART","modelName":"NewYardModel"},"interaction":{"idSuffix":"inner"}},"wdio_ui5_key":"etmportal.ui.manageyards.view.Newsap.m.Input{\"path\":\"\",\"propertyPath\":\"/SALES_AREA_SPART\",\"modelName\":\"NewYardModel\"}"}]}
RESULT: undefined
COMMAND: POST /session/2eb25f1cbe9612d735ab0219d8fb520b/execute/async - {"script":"<script> [776 bytes]","args":[{"enterText":"C2","selector":{"controlType":"sap.m.Input","viewName":"etm.portal.ui.manageyards.view.New","viewId":"application-manageyards-display-component---NewYard","bindingPath":{"path":"","propertyPath":"/SALES_AREA_SPART","modelName":"NewYardModel"},"interaction":{"idSuffix":"inner"}},"clearTextFirst":true,"interactionType":"ENTER_TEXT"}]}
RESULT: {"script":"<script> [776 bytes]","args":[{"enterText":"C2","selector":{"controlType":"sap.m.Input","viewName":"etm.portal.ui.manageyards.view.New","viewId":"application-manageyards-display-component---NewYard","bindingPath":{"path":"","propertyPath":"/SALES_AREA_SPART","modelName":"NewYardModel"},"interaction":{"idSuffix":"inner"}},"clearTextFirst":true,"interactionType":"ENTER_TEXT"}]}
COMMAND: POST /session/2eb25f1cbe9612d735ab0219d8fb520b/execute/async - {"script":"<script> [1562 bytes]","args":[{"selector":{"controlType":"sap.m.Input","viewName":"etm.portal.ui.manageyards.view.New","viewId":"application-manageyards-display-component---NewYard","bindingPath":{"path":"","propertyPath":"/SHIP_POINT","modelName":"NewYardModel"},"interaction":{"idSuffix":"inner"}},"wdio_ui5_key":"etmportal.ui.manageyards.view.Newsap.m.Input{\"path\":\"\",\"propertyPath\":\"/SHIP_POINT\",\"modelName\":\"NewYardModel\"}"}]}
RESULT: {"script":"<script> [1562 bytes]","args":[{"selector":{"controlType":"sap.m.Input","viewName":"etm.portal.ui.manageyards.view.New","viewId":"application-manageyards-display-component---NewYard","bindingPath":{"path":"","propertyPath":"/SHIP_POINT","modelName":"NewYardModel"},"interaction":{"idSuffix":"inner"}},"wdio_ui5_key":"etmportal.ui.manageyards.view.Newsap.m.Input{\"path\":\"\",\"propertyPath\":\"/SHIP_POINT\",\"modelName\":\"NewYardModel\"}"}]}
RESULT: undefined
COMMAND: POST /session/2eb25f1cbe9612d735ab0219d8fb520b/execute/async - {"script":"<script> [776 bytes]","args":[{"enterText":"1710","selector":{"controlType":"sap.m.Input","viewName":"etm.portal.ui.manageyards.view.New","viewId":"application-manageyards-display-component---NewYard","bindingPath":{"path":"","propertyPath":"/SHIP_POINT","modelName":"NewYardModel"},"interaction":{"idSuffix":"inner"}},"clearTextFirst":true,"interactionType":"ENTER_TEXT"}]}
RESULT: {"script":"<script> [776 bytes]","args":[{"enterText":"1710","selector":{"controlType":"sap.m.Input","viewName":"etm.portal.ui.manageyards.view.New","viewId":"application-manageyards-display-component---NewYard","bindingPath":{"path":"","propertyPath":"/SHIP_POINT","modelName":"NewYardModel"},"interaction":{"idSuffix":"inner"}},"clearTextFirst":true,"interactionType":"ENTER_TEXT"}]}
COMMAND: POST /session/2eb25f1cbe9612d735ab0219d8fb520b/execute/async - {"script":"<script> [1562 bytes]","args":[{"selector":{"controlType":"sap.m.Input","viewName":"etm.portal.ui.manageyards.view.New","viewId":"application-manageyards-display-component---NewYard","bindingPath":{"path":"","propertyPath":"/DELIVERY_TYPE","modelName":"NewYardModel"},"interaction":{"idSuffix":"inner"}},"wdio_ui5_key":"etmportal.ui.manageyards.view.Newsap.m.Input{\"path\":\"\",\"propertyPath\":\"/DELIVERY_TYPE\",\"modelName\":\"NewYardModel\"}"}]}
RESULT: {"script":"<script> [1562 bytes]","args":[{"selector":{"controlType":"sap.m.Input","viewName":"etm.portal.ui.manageyards.view.New","viewId":"application-manageyards-display-component---NewYard","bindingPath":{"path":"","propertyPath":"/DELIVERY_TYPE","modelName":"NewYardModel"},"interaction":{"idSuffix":"inner"}},"wdio_ui5_key":"etmportal.ui.manageyards.view.Newsap.m.Input{\"path\":\"\",\"propertyPath\":\"/DELIVERY_TYPE\",\"modelName\":\"NewYardModel\"}"}]}
RESULT: undefined
COMMAND: POST /session/2eb25f1cbe9612d735ab0219d8fb520b/execute/async - {"script":"<script> [776 bytes]","args":[{"enterText":"ZL01","selector":{"controlType":"sap.m.Input","viewName":"etm.portal.ui.manageyards.view.New","viewId":"application-manageyards-display-component---NewYard","bindingPath":{"path":"","propertyPath":"/DELIVERY_TYPE","modelName":"NewYardModel"},"interaction":{"idSuffix":"inner"}},"clearTextFirst":true,"interactionType":"ENTER_TEXT"}]}
RESULT: {"script":"<script> [776 bytes]","args":[{"enterText":"ZL01","selector":{"controlType":"sap.m.Input","viewName":"etm.portal.ui.manageyards.view.New","viewId":"application-manageyards-display-component---NewYard","bindingPath":{"path":"","propertyPath":"/DELIVERY_TYPE","modelName":"NewYardModel"},"interaction":{"idSuffix":"inner"}},"clearTextFirst":true,"interactionType":"ENTER_TEXT"}]}
COMMAND: POST /session/2eb25f1cbe9612d735ab0219d8fb520b/execute/async - {"script":"<script> [1562 bytes]","args":[{"selector":{"controlType":"sap.m.Input","viewName":"etm.portal.ui.manageyards.view.New","viewId":"application-manageyards-display-component---NewYard","bindingPath":{"path":"","propertyPath":"/AUART","modelName":"NewYardModel"},"interaction":{"idSuffix":"inner"}},"wdio_ui5_key":"etmportal.ui.manageyards.view.Newsap.m.Input{\"path\":\"\",\"propertyPath\":\"/AUART\",\"modelName\":\"NewYardModel\"}"}]}
RESULT: {"script":"<script> [1562 bytes]","args":[{"selector":{"controlType":"sap.m.Input","viewName":"etm.portal.ui.manageyards.view.New","viewId":"application-manageyards-display-component---NewYard","bindingPath":{"path":"","propertyPath":"/AUART","modelName":"NewYardModel"},"interaction":{"idSuffix":"inner"}},"wdio_ui5_key":"etmportal.ui.manageyards.view.Newsap.m.Input{\"path\":\"\",\"propertyPath\":\"/AUART\",\"modelName\":\"NewYardModel\"}"}]}
RESULT: undefined
COMMAND: POST /session/2eb25f1cbe9612d735ab0219d8fb520b/execute/async - {"script":"<script> [776 bytes]","args":[{"enterText":"TA","selector":{"controlType":"sap.m.Input","viewName":"etm.portal.ui.manageyards.view.New","viewId":"application-manageyards-display-component---NewYard","bindingPath":{"path":"","propertyPath":"/AUART","modelName":"NewYardModel"},"interaction":{"idSuffix":"inner"}},"clearTextFirst":true,"interactionType":"ENTER_TEXT"}]}
RESULT: {"script":"<script> [776 bytes]","args":[{"enterText":"TA","selector":{"controlType":"sap.m.Input","viewName":"etm.portal.ui.manageyards.view.New","viewId":"application-manageyards-display-component---NewYard","bindingPath":{"path":"","propertyPath":"/AUART","modelName":"NewYardModel"},"interaction":{"idSuffix":"inner"}},"clearTextFirst":true,"interactionType":"ENTER_TEXT"}]}
COMMAND: POST /session/2eb25f1cbe9612d735ab0219d8fb520b/execute/async - {"script":"<script> [1562 bytes]","args":[{"selector":{"controlType":"sap.m.Button","viewName":"etm.portal.ui.manageyards.view.New","viewId":"application-manageyards-display-component---NewYard","i18NText":{"propertyName":"text","key":"save"},"interaction":{"idSuffix":"BDI-content"}},"wdio_ui5_key":"etmportal.ui.manageyards.view.Newsap.m.Button{\"propertyName\":\"text\",\"key\":\"save\"}"}]}
RESULT: {"script":"<script> [1562 bytes]","args":[{"selector":{"controlType":"sap.m.Button","viewName":"etm.portal.ui.manageyards.view.New","viewId":"application-manageyards-display-component---NewYard","i18NText":{"propertyName":"text","key":"save"},"interaction":{"idSuffix":"BDI-content"}},"wdio_ui5_key":"etmportal.ui.manageyards.view.Newsap.m.Button{\"propertyName\":\"text\",\"key\":\"save\"}"}]}
RESULT: undefined
COMMAND: POST /session/2eb25f1cbe9612d735ab0219d8fb520b/element - {"using":"xpath","value":"//*[@id=\"__button18\"]"}
RESULT: {"using":"xpath","value":"//*[@id=\"__button18\"]"}
COMMAND: POST /session/2eb25f1cbe9612d735ab0219d8fb520b/element/f.1920C544C16071EF810842AAA08EA988.d.44F2F0A6EE24DCB1B20F700B124F7900.e.18674/click - {}
RESULT: {}
COMMAND: GET /session/2eb25f1cbe9612d735ab0219d8fb520b/screenshot - {}
COMMAND: POST /session/2eb25f1cbe9612d735ab0219d8fb520b/execute/async - {"script":"<script> [1562 bytes]","args":[{"selector":{"controlType":"sap.m.Text","viewName":"etm.portal.ui.manageyards.view.Detail","viewId":"application-manageyards-display-component---detailYard","bindingPath":{"propertyPath":"ID","modelName":"catalogModel"}},"wdio_ui5_key":"etmportal.ui.manageyards.view.Detailsap.m.Text{\"propertyPath\":\"ID\",\"modelName\":\"catalogModel\"}"}]}
RESULT: {}
RESULT: {"script":"<script> [1562 bytes]","args":[{"selector":{"controlType":"sap.m.Text","viewName":"etm.portal.ui.manageyards.view.Detail","viewId":"application-manageyards-display-component---detailYard","bindingPath":{"propertyPath":"ID","modelName":"catalogModel"}},"wdio_ui5_key":"etmportal.ui.manageyards.view.Detailsap.m.Text{\"propertyPath\":\"ID\",\"modelName\":\"catalogModel\"}"}]}
RESULT: undefined
COMMAND: POST /session/2eb25f1cbe9612d735ab0219d8fb520b/execute/async - {"script":"<script> [6424 bytes]","args":[{"element-6066-11e4-a52e-4f735466cecf":"f.1920C544C16071EF810842AAA08EA988.d.44F2F0A6EE24DCB1B20F700B124F7900.e.18943"},"getText",[]]}
RESULT: {"script":"<script> [6424 bytes]","args":[{"element-6066-11e4-a52e-4f735466cecf":"f.1920C544C16071EF810842AAA08EA988.d.44F2F0A6EE24DCB1B20F700B124F7900.e.18943"},"getText",[]]}
COMMAND: POST /session/2eb25f1cbe9612d735ab0219d8fb520b/element - {"using":"css selector","value":"#shell-header-logo"}
RESULT: {"using":"css selector","value":"#shell-header-logo"}
COMMAND: POST /session/2eb25f1cbe9612d735ab0219d8fb520b/element/f.1920C544C16071EF810842AAA08EA988.d.44F2F0A6EE24DCB1B20F700B124F7900.e.18247/click - {}
RESULT: {}
COMMAND: GET /session/2eb25f1cbe9612d735ab0219d8fb520b/screenshot - {}
RESULT: {}
]]></system-out>
    </testcase>
    <testcase classname="chrome.135_0_7049_96.windows.Provide_to_Site_w/o_warehouse_management_w/o_clarification_US116612" name="Should create WHM site" time="56.864">
      <system-out><![CDATA[
COMMAND: POST /session/2eb25f1cbe9612d735ab0219d8fb520b/execute/async - {"script":"<script> [1562 bytes]","args":[{"selector":{"controlType":"sap.m.GenericTile","properties":{"header":"Manage Sites"}},"wdio_ui5_key":"sapm.GenericTile{\"header\":\"Manage Sites\"}"}]}
RESULT: {"script":"<script> [1562 bytes]","args":[{"selector":{"controlType":"sap.m.GenericTile","properties":{"header":"Manage Sites"}},"wdio_ui5_key":"sapm.GenericTile{\"header\":\"Manage Sites\"}"}]}
RESULT: undefined
COMMAND: POST /session/2eb25f1cbe9612d735ab0219d8fb520b/element - {"using":"xpath","value":"//*[@id=\"__tile40\"]"}
RESULT: {"using":"xpath","value":"//*[@id=\"__tile40\"]"}
COMMAND: POST /session/2eb25f1cbe9612d735ab0219d8fb520b/element/f.1920C544C16071EF810842AAA08EA988.d.44F2F0A6EE24DCB1B20F700B124F7900.e.18945/click - {}
RESULT: {}
COMMAND: GET /session/2eb25f1cbe9612d735ab0219d8fb520b/screenshot - {}
COMMAND: POST /session/2eb25f1cbe9612d735ab0219d8fb520b/execute/async - {"script":"<script> [1562 bytes]","args":[{"selector":{"controlType":"sap.ui.core.Icon","viewName":"etm.portal.ui.managesites.view.Master","viewId":"application-managesites-display-component---masterSite","properties":{"src":{"regex":{"source":"add"}}}},"wdio_ui5_key":"etmportal.ui.managesites.view.Mastersap.ui.core.Icon{\"src\":{\"regex\":{\"source\":\"add\"}}}"}]}
RESULT: {}
RESULT: {"script":"<script> [1562 bytes]","args":[{"selector":{"controlType":"sap.ui.core.Icon","viewName":"etm.portal.ui.managesites.view.Master","viewId":"application-managesites-display-component---masterSite","properties":{"src":{"regex":{"source":"add"}}}},"wdio_ui5_key":"etmportal.ui.managesites.view.Mastersap.ui.core.Icon{\"src\":{\"regex\":{\"source\":\"add\"}}}"}]}
RESULT: undefined
COMMAND: POST /session/2eb25f1cbe9612d735ab0219d8fb520b/element - {"using":"xpath","value":"//*[@id=\"__button64-img\"]"}
RESULT: {"using":"xpath","value":"//*[@id=\"__button64-img\"]"}
COMMAND: POST /session/2eb25f1cbe9612d735ab0219d8fb520b/element/f.1920C544C16071EF810842AAA08EA988.d.44F2F0A6EE24DCB1B20F700B124F7900.e.18993/click - {}
RESULT: {}
COMMAND: GET /session/2eb25f1cbe9612d735ab0219d8fb520b/screenshot - {}
COMMAND: POST /session/2eb25f1cbe9612d735ab0219d8fb520b/execute/async - {"script":"<script> [1562 bytes]","args":[{"selector":{"controlType":"sap.m.Button","viewName":"etm.portal.ui.managesites.view.NewSmartSite","viewId":"application-managesites-display-component---NewSite","properties":{"text":"General Information"},"interaction":{"idSuffix":"BDI-content"}},"wdio_ui5_key":"etmportal.ui.managesites.view.NewSmartSitesap.m.Button{\"text\":\"General Information\"}"}]}
RESULT: {}
RESULT: {"script":"<script> [1562 bytes]","args":[{"selector":{"controlType":"sap.m.Button","viewName":"etm.portal.ui.managesites.view.NewSmartSite","viewId":"application-managesites-display-component---NewSite","properties":{"text":"General Information"},"interaction":{"idSuffix":"BDI-content"}},"wdio_ui5_key":"etmportal.ui.managesites.view.NewSmartSitesap.m.Button{\"text\":\"General Information\"}"}]}
RESULT: undefined
COMMAND: POST /session/2eb25f1cbe9612d735ab0219d8fb520b/element - {"using":"xpath","value":"//*[@id=\"application-managesites-display-component---NewSite--ObjectPageLayout-anchBar-__section31-anchor\"]"}
RESULT: {"using":"xpath","value":"//*[@id=\"application-managesites-display-component---NewSite--ObjectPageLayout-anchBar-__section31-anchor\"]"}
COMMAND: POST /session/2eb25f1cbe9612d735ab0219d8fb520b/element/f.1920C544C16071EF810842AAA08EA988.d.44F2F0A6EE24DCB1B20F700B124F7900.e.19359/click - {}
RESULT: {}
COMMAND: POST /session/2eb25f1cbe9612d735ab0219d8fb520b/execute/async - {"script":"<script> [1562 bytes]","args":[{"selector":{"id":"application-managesites-display-component---NewSite--addressDetailDetailsName1","interaction":{"idSuffix":"inner"}},"wdio_ui5_key":"applicationmanagesites-display-component---NewSite--addressDetailDetailsName1"}]}
COMMAND: GET /session/2eb25f1cbe9612d735ab0219d8fb520b/screenshot - {}
RESULT: {"script":"<script> [1562 bytes]","args":[{"selector":{"id":"application-managesites-display-component---NewSite--addressDetailDetailsName1","interaction":{"idSuffix":"inner"}},"wdio_ui5_key":"applicationmanagesites-display-component---NewSite--addressDetailDetailsName1"}]}
RESULT: undefined
COMMAND: POST /session/2eb25f1cbe9612d735ab0219d8fb520b/execute/async - {"script":"<script> [776 bytes]","args":[{"enterText":"WDI5 WHM Site","selector":{"id":"application-managesites-display-component---NewSite--addressDetailDetailsName1","interaction":{"idSuffix":"inner"}},"clearTextFirst":true,"interactionType":"ENTER_TEXT"}]}
RESULT: {}
RESULT: {"script":"<script> [776 bytes]","args":[{"enterText":"WDI5 WHM Site","selector":{"id":"application-managesites-display-component---NewSite--addressDetailDetailsName1","interaction":{"idSuffix":"inner"}},"clearTextFirst":true,"interactionType":"ENTER_TEXT"}]}
COMMAND: POST /session/2eb25f1cbe9612d735ab0219d8fb520b/execute/async - {"script":"<script> [1562 bytes]","args":[{"selector":{"id":"application-managesites-display-component---NewSite--addressDetailDetailsLanguage","interaction":{"idSuffix":"inner"}},"wdio_ui5_key":"applicationmanagesites-display-component---NewSite--addressDetailDetailsLanguage"}]}
RESULT: {"script":"<script> [1562 bytes]","args":[{"selector":{"id":"application-managesites-display-component---NewSite--addressDetailDetailsLanguage","interaction":{"idSuffix":"inner"}},"wdio_ui5_key":"applicationmanagesites-display-component---NewSite--addressDetailDetailsLanguage"}]}
RESULT: undefined
COMMAND: POST /session/2eb25f1cbe9612d735ab0219d8fb520b/execute/async - {"script":"<script> [776 bytes]","args":[{"enterText":"Romanian","selector":{"id":"application-managesites-display-component---NewSite--addressDetailDetailsLanguage","interaction":{"idSuffix":"inner"}},"clearTextFirst":true,"interactionType":"ENTER_TEXT"}]}
RESULT: {"script":"<script> [776 bytes]","args":[{"enterText":"Romanian","selector":{"id":"application-managesites-display-component---NewSite--addressDetailDetailsLanguage","interaction":{"idSuffix":"inner"}},"clearTextFirst":true,"interactionType":"ENTER_TEXT"}]}
COMMAND: POST /session/2eb25f1cbe9612d735ab0219d8fb520b/execute/async - {"script":"<script> [1562 bytes]","args":[{"selector":{"id":"application-managesites-display-component---NewSite--addressDetailDetailsCity1","interaction":{"idSuffix":"inner"}},"wdio_ui5_key":"applicationmanagesites-display-component---NewSite--addressDetailDetailsCity1"}]}
RESULT: {"script":"<script> [1562 bytes]","args":[{"selector":{"id":"application-managesites-display-component---NewSite--addressDetailDetailsCity1","interaction":{"idSuffix":"inner"}},"wdio_ui5_key":"applicationmanagesites-display-component---NewSite--addressDetailDetailsCity1"}]}
RESULT: undefined
COMMAND: POST /session/2eb25f1cbe9612d735ab0219d8fb520b/execute/async - {"script":"<script> [776 bytes]","args":[{"enterText":"Bucharest","selector":{"id":"application-managesites-display-component---NewSite--addressDetailDetailsCity1","interaction":{"idSuffix":"inner"}},"clearTextFirst":true,"interactionType":"ENTER_TEXT"}]}
RESULT: {"script":"<script> [776 bytes]","args":[{"enterText":"Bucharest","selector":{"id":"application-managesites-display-component---NewSite--addressDetailDetailsCity1","interaction":{"idSuffix":"inner"}},"clearTextFirst":true,"interactionType":"ENTER_TEXT"}]}
COMMAND: POST /session/2eb25f1cbe9612d735ab0219d8fb520b/execute/async - {"script":"<script> [1562 bytes]","args":[{"selector":{"id":"application-managesites-display-component---NewSite--addressDetailDetailsCountry","interaction":{"idSuffix":"inner"}},"wdio_ui5_key":"applicationmanagesites-display-component---NewSite--addressDetailDetailsCountry"}]}
RESULT: {"script":"<script> [1562 bytes]","args":[{"selector":{"id":"application-managesites-display-component---NewSite--addressDetailDetailsCountry","interaction":{"idSuffix":"inner"}},"wdio_ui5_key":"applicationmanagesites-display-component---NewSite--addressDetailDetailsCountry"}]}
RESULT: undefined
COMMAND: POST /session/2eb25f1cbe9612d735ab0219d8fb520b/execute/async - {"script":"<script> [6424 bytes]","args":[{"element-6066-11e4-a52e-4f735466cecf":"f.1920C544C16071EF810842AAA08EA988.d.44F2F0A6EE24DCB1B20F700B124F7900.e.19167"},"setValue",["Romania"]]}
RESULT: {"script":"<script> [6424 bytes]","args":[{"element-6066-11e4-a52e-4f735466cecf":"f.1920C544C16071EF810842AAA08EA988.d.44F2F0A6EE24DCB1B20F700B124F7900.e.19167"},"setValue",["Romania"]]}
COMMAND: POST /session/2eb25f1cbe9612d735ab0219d8fb520b/execute/async - {"script":"<script> [1562 bytes]","args":[{"selector":{"id":"application-managesites-display-component---NewSite--addressDetailDetailsCalendar","interaction":{"idSuffix":"inner"}},"wdio_ui5_key":"applicationmanagesites-display-component---NewSite--addressDetailDetailsCalendar"}]}
RESULT: {"script":"<script> [1562 bytes]","args":[{"selector":{"id":"application-managesites-display-component---NewSite--addressDetailDetailsCalendar","interaction":{"idSuffix":"inner"}},"wdio_ui5_key":"applicationmanagesites-display-component---NewSite--addressDetailDetailsCalendar"}]}
RESULT: undefined
COMMAND: POST /session/2eb25f1cbe9612d735ab0219d8fb520b/execute/async - {"script":"<script> [776 bytes]","args":[{"enterText":"8 - Germany (Standard)","selector":{"id":"application-managesites-display-component---NewSite--addressDetailDetailsCalendar","interaction":{"idSuffix":"inner"}},"clearTextFirst":true,"interactionType":"ENTER_TEXT"}]}
RESULT: {"script":"<script> [776 bytes]","args":[{"enterText":"8 - Germany (Standard)","selector":{"id":"application-managesites-display-component---NewSite--addressDetailDetailsCalendar","interaction":{"idSuffix":"inner"}},"clearTextFirst":true,"interactionType":"ENTER_TEXT"}]}
COMMAND: POST /session/2eb25f1cbe9612d735ab0219d8fb520b/element - {"using":"xpath","value":"//input[@id=\"application-managesites-display-component---NewSite--addressDetailDetailsYard-inner\"]"}
RESULT: {"using":"xpath","value":"//input[@id=\"application-managesites-display-component---NewSite--addressDetailDetailsYard-inner\"]"}
COMMAND: POST /session/2eb25f1cbe9612d735ab0219d8fb520b/element/f.1920C544C16071EF810842AAA08EA988.d.44F2F0A6EE24DCB1B20F700B124F7900.e.19178/clear - {}
RESULT: {}
COMMAND: POST /session/2eb25f1cbe9612d735ab0219d8fb520b/element/f.1920C544C16071EF810842AAA08EA988.d.44F2F0A6EE24DCB1B20F700B124F7900.e.19178/value - {"text":"237"}
COMMAND: GET /session/2eb25f1cbe9612d735ab0219d8fb520b/screenshot - {}
RESULT: {"text":"237"}
COMMAND: GET /session/2eb25f1cbe9612d735ab0219d8fb520b/screenshot - {}
RESULT: {}
RESULT: {}
COMMAND: POST /session/2eb25f1cbe9612d735ab0219d8fb520b/execute/async - {"script":"<script> [1562 bytes]","args":[{"selector":{"controlType":"sap.m.Button","viewName":"etm.portal.ui.managesites.view.NewSmartSite","viewId":"application-managesites-display-component---NewSite","properties":{"text":"Commercial"},"interaction":{"idSuffix":"BDI-content"}},"wdio_ui5_key":"etmportal.ui.managesites.view.NewSmartSitesap.m.Button{\"text\":\"Commercial\"}"}]}
RESULT: {"script":"<script> [1562 bytes]","args":[{"selector":{"controlType":"sap.m.Button","viewName":"etm.portal.ui.managesites.view.NewSmartSite","viewId":"application-managesites-display-component---NewSite","properties":{"text":"Commercial"},"interaction":{"idSuffix":"BDI-content"}},"wdio_ui5_key":"etmportal.ui.managesites.view.NewSmartSitesap.m.Button{\"text\":\"Commercial\"}"}]}
RESULT: undefined
COMMAND: POST /session/2eb25f1cbe9612d735ab0219d8fb520b/element - {"using":"xpath","value":"//*[@id=\"application-managesites-display-component---NewSite--ObjectPageLayout-anchBar-__section33-anchor\"]"}
RESULT: {"using":"xpath","value":"//*[@id=\"application-managesites-display-component---NewSite--ObjectPageLayout-anchBar-__section33-anchor\"]"}
COMMAND: POST /session/2eb25f1cbe9612d735ab0219d8fb520b/element/f.1920C544C16071EF810842AAA08EA988.d.44F2F0A6EE24DCB1B20F700B124F7900.e.19368/click - {}
RESULT: {}
COMMAND: POST /session/2eb25f1cbe9612d735ab0219d8fb520b/execute/async - {"script":"<script> [1562 bytes]","args":[{"selector":{"controlType":"sap.m.Button","viewName":"etm.portal.ui.managesites.view.NewSmartSite","viewId":"application-managesites-display-component---NewSite","i18NText":{"propertyName":"text","key":"save"},"interaction":{"idSuffix":"BDI-content"}},"wdio_ui5_key":"etmportal.ui.managesites.view.NewSmartSitesap.m.Button{\"propertyName\":\"text\",\"key\":\"save\"}"}]}
COMMAND: GET /session/2eb25f1cbe9612d735ab0219d8fb520b/screenshot - {}
RESULT: {"script":"<script> [1562 bytes]","args":[{"selector":{"controlType":"sap.m.Button","viewName":"etm.portal.ui.managesites.view.NewSmartSite","viewId":"application-managesites-display-component---NewSite","i18NText":{"propertyName":"text","key":"save"},"interaction":{"idSuffix":"BDI-content"}},"wdio_ui5_key":"etmportal.ui.managesites.view.NewSmartSitesap.m.Button{\"propertyName\":\"text\",\"key\":\"save\"}"}]}
RESULT: undefined
COMMAND: POST /session/2eb25f1cbe9612d735ab0219d8fb520b/element - {"using":"xpath","value":"//*[@id=\"__button76\"]"}
RESULT: {}
RESULT: {"using":"xpath","value":"//*[@id=\"__button76\"]"}
COMMAND: POST /session/2eb25f1cbe9612d735ab0219d8fb520b/element/f.1920C544C16071EF810842AAA08EA988.d.44F2F0A6EE24DCB1B20F700B124F7900.e.19341/click - {}
RESULT: {}
COMMAND: GET /session/2eb25f1cbe9612d735ab0219d8fb520b/screenshot - {}
RESULT: {}
COMMAND: POST /session/2eb25f1cbe9612d735ab0219d8fb520b/execute/async - {"script":"<script> [1562 bytes]","args":[{"selector":{"controlType":"sap.m.Text","viewName":"etm.portal.ui.managesites.view.Detail","viewId":"application-managesites-display-component---detailSite","bindingPath":{"propertyPath":"ID","modelName":"catalogModel"}},"wdio_ui5_key":"etmportal.ui.managesites.view.Detailsap.m.Text{\"propertyPath\":\"ID\",\"modelName\":\"catalogModel\"}"}]}
RESULT: {"script":"<script> [1562 bytes]","args":[{"selector":{"controlType":"sap.m.Text","viewName":"etm.portal.ui.managesites.view.Detail","viewId":"application-managesites-display-component---detailSite","bindingPath":{"propertyPath":"ID","modelName":"catalogModel"}},"wdio_ui5_key":"etmportal.ui.managesites.view.Detailsap.m.Text{\"propertyPath\":\"ID\",\"modelName\":\"catalogModel\"}"}]}
RESULT: undefined
COMMAND: POST /session/2eb25f1cbe9612d735ab0219d8fb520b/execute/async - {"script":"<script> [6424 bytes]","args":[{"element-6066-11e4-a52e-4f735466cecf":"f.1920C544C16071EF810842AAA08EA988.d.44F2F0A6EE24DCB1B20F700B124F7900.e.19565"},"getText",[]]}
RESULT: {"script":"<script> [6424 bytes]","args":[{"element-6066-11e4-a52e-4f735466cecf":"f.1920C544C16071EF810842AAA08EA988.d.44F2F0A6EE24DCB1B20F700B124F7900.e.19565"},"getText",[]]}
COMMAND: POST /session/2eb25f1cbe9612d735ab0219d8fb520b/execute/async - {"script":"<script> [1562 bytes]","args":[{"selector":{"controlType":"sap.m.Label","viewName":"etm.portal.ui.managesites.view.Detail","viewId":"application-managesites-display-component---detailSite","i18NText":{"propertyName":"text","key":"status"}},"wdio_ui5_key":"etmportal.ui.managesites.view.Detailsap.m.Label{\"propertyName\":\"text\",\"key\":\"status\"}"}]}
RESULT: {"script":"<script> [1562 bytes]","args":[{"selector":{"controlType":"sap.m.Label","viewName":"etm.portal.ui.managesites.view.Detail","viewId":"application-managesites-display-component---detailSite","i18NText":{"propertyName":"text","key":"status"}},"wdio_ui5_key":"etmportal.ui.managesites.view.Detailsap.m.Label{\"propertyName\":\"text\",\"key\":\"status\"}"}]}
RESULT: undefined
COMMAND: POST /session/2eb25f1cbe9612d735ab0219d8fb520b/execute/async - {"script":"<script> [6424 bytes]","args":[{"element-6066-11e4-a52e-4f735466cecf":"f.1920C544C16071EF810842AAA08EA988.d.44F2F0A6EE24DCB1B20F700B124F7900.e.19552"},"getText",[]]}
RESULT: {"script":"<script> [6424 bytes]","args":[{"element-6066-11e4-a52e-4f735466cecf":"f.1920C544C16071EF810842AAA08EA988.d.44F2F0A6EE24DCB1B20F700B124F7900.e.19552"},"getText",[]]}
RESULT: undefined
COMMAND: POST /session/2eb25f1cbe9612d735ab0219d8fb520b/element - {"using":"xpath","value":"//*[@id=\"shell-header\"]"}
RESULT: {"using":"xpath","value":"//*[@id=\"shell-header\"]"}
COMMAND: POST /session/2eb25f1cbe9612d735ab0219d8fb520b/element/f.1920C544C16071EF810842AAA08EA988.d.44F2F0A6EE24DCB1B20F700B124F7900.e.19566/click - {}
RESULT: {}
COMMAND: POST /session/2eb25f1cbe9612d735ab0219d8fb520b/element - {"using":"css selector","value":"#shell-header-logo"}
COMMAND: GET /session/2eb25f1cbe9612d735ab0219d8fb520b/screenshot - {}
RESULT: {"using":"css selector","value":"#shell-header-logo"}
COMMAND: POST /session/2eb25f1cbe9612d735ab0219d8fb520b/element/f.1920C544C16071EF810842AAA08EA988.d.44F2F0A6EE24DCB1B20F700B124F7900.e.18948/click - {}
RESULT: {}
RESULT: {}
]]></system-out>
    </testcase>
    <testcase classname="chrome.135_0_7049_96.windows.Provide_to_Site_w/o_warehouse_management_w/o_clarification_US116612" name="Should create WHM Partner" time="69.467">
      <system-out><![CDATA[
COMMAND: GET /session/2eb25f1cbe9612d735ab0219d8fb520b/screenshot - {}
COMMAND: POST /session/2eb25f1cbe9612d735ab0219d8fb520b/execute/async - {"script":"<script> [1562 bytes]","args":[{"selector":{"controlType":"sap.m.GenericTile","properties":{"header":"Manage Partners"}},"wdio_ui5_key":"sapm.GenericTile{\"header\":\"Manage Partners\"}"}]}
RESULT: {}
RESULT: {"script":"<script> [1562 bytes]","args":[{"selector":{"controlType":"sap.m.GenericTile","properties":{"header":"Manage Partners"}},"wdio_ui5_key":"sapm.GenericTile{\"header\":\"Manage Partners\"}"}]}
RESULT: undefined
COMMAND: POST /session/2eb25f1cbe9612d735ab0219d8fb520b/element - {"using":"xpath","value":"//*[@id=\"__tile38\"]"}
RESULT: {"using":"xpath","value":"//*[@id=\"__tile38\"]"}
COMMAND: POST /session/2eb25f1cbe9612d735ab0219d8fb520b/element/f.1920C544C16071EF810842AAA08EA988.d.44F2F0A6EE24DCB1B20F700B124F7900.e.19571/click - {}
RESULT: {}
COMMAND: GET /session/2eb25f1cbe9612d735ab0219d8fb520b/screenshot - {}
RESULT: {}
COMMAND: POST /session/2eb25f1cbe9612d735ab0219d8fb520b/element - {"using":"xpath","value":"//button[(@data-kt = 'addButton')]"}
RESULT: {"using":"xpath","value":"//button[(@data-kt = 'addButton')]"}
COMMAND: POST /session/2eb25f1cbe9612d735ab0219d8fb520b/elements - {"using":"xpath","value":"//button[(@data-kt = 'addButton')]"}
RESULT: {"using":"xpath","value":"//button[(@data-kt = 'addButton')]"}
COMMAND: POST /session/2eb25f1cbe9612d735ab0219d8fb520b/elements - {"using":"xpath","value":"//button[(@data-kt = 'addButton')]"}
RESULT: {"using":"xpath","value":"//button[(@data-kt = 'addButton')]"}
COMMAND: POST /session/2eb25f1cbe9612d735ab0219d8fb520b/element - {"using":"xpath","value":"//button[(@data-kt = 'addButton')]"}
RESULT: {"using":"xpath","value":"//button[(@data-kt = 'addButton')]"}
COMMAND: POST /session/2eb25f1cbe9612d735ab0219d8fb520b/element/f.1920C544C16071EF810842AAA08EA988.d.44F2F0A6EE24DCB1B20F700B124F7900.e.19619/click - {}
RESULT: {}
COMMAND: POST /session/2eb25f1cbe9612d735ab0219d8fb520b/execute/async - {"script":"<script> [1562 bytes]","args":[{"selector":{"id":"application-managepartners-display-component---NewPartner--addressDetailDetailsName1","interaction":{"idSuffix":"inner"}},"wdio_ui5_key":"applicationmanagepartners-display-component---NewPartner--addressDetailDetailsName1"}]}
COMMAND: GET /session/2eb25f1cbe9612d735ab0219d8fb520b/screenshot - {}
RESULT: {"script":"<script> [1562 bytes]","args":[{"selector":{"id":"application-managepartners-display-component---NewPartner--addressDetailDetailsName1","interaction":{"idSuffix":"inner"}},"wdio_ui5_key":"applicationmanagepartners-display-component---NewPartner--addressDetailDetailsName1"}]}
RESULT: undefined
COMMAND: POST /session/2eb25f1cbe9612d735ab0219d8fb520b/execute/async - {"script":"<script> [776 bytes]","args":[{"enterText":"WDI5-Partners","selector":{"id":"application-managepartners-display-component---NewPartner--addressDetailDetailsName1","interaction":{"idSuffix":"inner"}},"clearTextFirst":true,"interactionType":"ENTER_TEXT"}]}
RESULT: {}
RESULT: {"script":"<script> [776 bytes]","args":[{"enterText":"WDI5-Partners","selector":{"id":"application-managepartners-display-component---NewPartner--addressDetailDetailsName1","interaction":{"idSuffix":"inner"}},"clearTextFirst":true,"interactionType":"ENTER_TEXT"}]}
COMMAND: POST /session/2eb25f1cbe9612d735ab0219d8fb520b/execute/async - {"script":"<script> [1562 bytes]","args":[{"selector":{"id":"application-managepartners-display-component---NewPartner--addressDetailDetailsLanguage-arrow"},"wdio_ui5_key":"applicationmanagepartners-display-component---NewPartner--addressDetailDetailsLanguage-arrow"}]}
RESULT: {"script":"<script> [1562 bytes]","args":[{"selector":{"id":"application-managepartners-display-component---NewPartner--addressDetailDetailsLanguage-arrow"},"wdio_ui5_key":"applicationmanagepartners-display-component---NewPartner--addressDetailDetailsLanguage-arrow"}]}
RESULT: undefined
COMMAND: POST /session/2eb25f1cbe9612d735ab0219d8fb520b/element - {"using":"xpath","value":"//*[@id=\"application-managepartners-display-component---NewPartner--addressDetailDetailsLanguage-arrow\"]"}
RESULT: {"using":"xpath","value":"//*[@id=\"application-managepartners-display-component---NewPartner--addressDetailDetailsLanguage-arrow\"]"}
COMMAND: POST /session/2eb25f1cbe9612d735ab0219d8fb520b/element/f.1920C544C16071EF810842AAA08EA988.d.44F2F0A6EE24DCB1B20F700B124F7900.e.20014/click - {}
RESULT: {}
COMMAND: POST /session/2eb25f1cbe9612d735ab0219d8fb520b/execute/async - {"script":"<script> [1562 bytes]","args":[{"selector":{"controlType":"sap.m.StandardListItem","viewName":"etm.portal.ui.managepartners.view.NewPartner","viewId":"application-managepartners-display-component---NewPartner","properties":{"title":"English"},"searchOpenDialogs":true,"interaction":{"idSuffix":"content"}},"wdio_ui5_key":"etmportal.ui.managepartners.view.NewPartnersap.m.StandardListItem{\"title\":\"English\"}"}]}
COMMAND: GET /session/2eb25f1cbe9612d735ab0219d8fb520b/screenshot - {}
RESULT: {"script":"<script> [1562 bytes]","args":[{"selector":{"controlType":"sap.m.StandardListItem","viewName":"etm.portal.ui.managepartners.view.NewPartner","viewId":"application-managepartners-display-component---NewPartner","properties":{"title":"English"},"searchOpenDialogs":true,"interaction":{"idSuffix":"content"}},"wdio_ui5_key":"etmportal.ui.managepartners.view.NewPartnersap.m.StandardListItem{\"title\":\"English\"}"}]}
RESULT: undefined
COMMAND: POST /session/2eb25f1cbe9612d735ab0219d8fb520b/element - {"using":"xpath","value":"//*[@id=\"__item851\"]"}
RESULT: {}
RESULT: {"using":"xpath","value":"//*[@id=\"__item851\"]"}
COMMAND: POST /session/2eb25f1cbe9612d735ab0219d8fb520b/element/f.1920C544C16071EF810842AAA08EA988.d.44F2F0A6EE24DCB1B20F700B124F7900.e.20016/click - {}
RESULT: {}
COMMAND: POST /session/2eb25f1cbe9612d735ab0219d8fb520b/execute/async - {"script":"<script> [1562 bytes]","args":[{"selector":{"id":"application-managepartners-display-component---NewPartner--addressDetailDetailsCity1","interaction":{"idSuffix":"inner"}},"wdio_ui5_key":"applicationmanagepartners-display-component---NewPartner--addressDetailDetailsCity1"}]}
COMMAND: GET /session/2eb25f1cbe9612d735ab0219d8fb520b/screenshot - {}
RESULT: {"script":"<script> [1562 bytes]","args":[{"selector":{"id":"application-managepartners-display-component---NewPartner--addressDetailDetailsCity1","interaction":{"idSuffix":"inner"}},"wdio_ui5_key":"applicationmanagepartners-display-component---NewPartner--addressDetailDetailsCity1"}]}
RESULT: undefined
COMMAND: POST /session/2eb25f1cbe9612d735ab0219d8fb520b/execute/async - {"script":"<script> [776 bytes]","args":[{"enterText":"Bangalore","selector":{"id":"application-managepartners-display-component---NewPartner--addressDetailDetailsCity1","interaction":{"idSuffix":"inner"}},"clearTextFirst":true,"interactionType":"ENTER_TEXT"}]}
RESULT: {}
RESULT: {"script":"<script> [776 bytes]","args":[{"enterText":"Bangalore","selector":{"id":"application-managepartners-display-component---NewPartner--addressDetailDetailsCity1","interaction":{"idSuffix":"inner"}},"clearTextFirst":true,"interactionType":"ENTER_TEXT"}]}
COMMAND: POST /session/2eb25f1cbe9612d735ab0219d8fb520b/execute/async - {"script":"<script> [1562 bytes]","args":[{"selector":{"id":"application-managepartners-display-component---NewPartner--addressDetailDetailsCountry-arrow"},"wdio_ui5_key":"applicationmanagepartners-display-component---NewPartner--addressDetailDetailsCountry-arrow"}]}
RESULT: {"script":"<script> [1562 bytes]","args":[{"selector":{"id":"application-managepartners-display-component---NewPartner--addressDetailDetailsCountry-arrow"},"wdio_ui5_key":"applicationmanagepartners-display-component---NewPartner--addressDetailDetailsCountry-arrow"}]}
RESULT: undefined
COMMAND: POST /session/2eb25f1cbe9612d735ab0219d8fb520b/element - {"using":"xpath","value":"//*[@id=\"application-managepartners-display-component---NewPartner--addressDetailDetailsCountry-arrow\"]"}
RESULT: {"using":"xpath","value":"//*[@id=\"application-managepartners-display-component---NewPartner--addressDetailDetailsCountry-arrow\"]"}
COMMAND: POST /session/2eb25f1cbe9612d735ab0219d8fb520b/element/f.1920C544C16071EF810842AAA08EA988.d.44F2F0A6EE24DCB1B20F700B124F7900.e.20018/click - {}
RESULT: {}
COMMAND: POST /session/2eb25f1cbe9612d735ab0219d8fb520b/execute/async - {"script":"<script> [1562 bytes]","args":[{"selector":{"id":"application-managepartners-display-component---NewPartner--addressDetailDetailsCountry","interaction":{"idSuffix":"inner"}},"wdio_ui5_key":"applicationmanagepartners-display-component---NewPartner--addressDetailDetailsCountry"}]}
COMMAND: GET /session/2eb25f1cbe9612d735ab0219d8fb520b/screenshot - {}
RESULT: {"script":"<script> [1562 bytes]","args":[{"selector":{"id":"application-managepartners-display-component---NewPartner--addressDetailDetailsCountry","interaction":{"idSuffix":"inner"}},"wdio_ui5_key":"applicationmanagepartners-display-component---NewPartner--addressDetailDetailsCountry"}]}
RESULT: undefined
COMMAND: POST /session/2eb25f1cbe9612d735ab0219d8fb520b/execute/async - {"script":"<script> [776 bytes]","args":[{"enterText":"India","selector":{"id":"application-managepartners-display-component---NewPartner--addressDetailDetailsCountry","interaction":{"idSuffix":"inner"}},"clearTextFirst":true,"interactionType":"ENTER_TEXT"}]}
RESULT: {}
RESULT: {"script":"<script> [776 bytes]","args":[{"enterText":"India","selector":{"id":"application-managepartners-display-component---NewPartner--addressDetailDetailsCountry","interaction":{"idSuffix":"inner"}},"clearTextFirst":true,"interactionType":"ENTER_TEXT"}]}
COMMAND: POST /session/2eb25f1cbe9612d735ab0219d8fb520b/execute/async - {"script":"<script> [1562 bytes]","args":[{"selector":{"controlType":"sap.m.StandardListItem","viewName":"etm.portal.ui.managepartners.view.NewPartner","viewId":"application-managepartners-display-component---NewPartner","properties":{"title":"India"},"searchOpenDialogs":true,"interaction":{"idSuffix":"content"}},"wdio_ui5_key":"etmportal.ui.managepartners.view.NewPartnersap.m.StandardListItem{\"title\":\"India\"}"}]}
RESULT: {"script":"<script> [1562 bytes]","args":[{"selector":{"controlType":"sap.m.StandardListItem","viewName":"etm.portal.ui.managepartners.view.NewPartner","viewId":"application-managepartners-display-component---NewPartner","properties":{"title":"India"},"searchOpenDialogs":true,"interaction":{"idSuffix":"content"}},"wdio_ui5_key":"etmportal.ui.managepartners.view.NewPartnersap.m.StandardListItem{\"title\":\"India\"}"}]}
RESULT: undefined
COMMAND: POST /session/2eb25f1cbe9612d735ab0219d8fb520b/execute/async - {"script":"<script> [1562 bytes]","args":[{"selector":{"controlType":"sap.m.Button","viewName":"etm.portal.ui.managepartners.view.NewPartner","viewId":"application-managepartners-display-component---NewPartner","properties":{"text":"Commercial"},"interaction":{"idSuffix":"BDI-content"}},"wdio_ui5_key":"etmportal.ui.managepartners.view.NewPartnersap.m.Button{\"text\":\"Commercial\"}"}]}
RESULT: {"script":"<script> [1562 bytes]","args":[{"selector":{"controlType":"sap.m.Button","viewName":"etm.portal.ui.managepartners.view.NewPartner","viewId":"application-managepartners-display-component---NewPartner","properties":{"text":"Commercial"},"interaction":{"idSuffix":"BDI-content"}},"wdio_ui5_key":"etmportal.ui.managepartners.view.NewPartnersap.m.Button{\"text\":\"Commercial\"}"}]}
RESULT: undefined
COMMAND: POST /session/2eb25f1cbe9612d735ab0219d8fb520b/element - {"using":"xpath","value":"//*[@id=\"application-managepartners-display-component---NewPartner--ObjectPageLayout-anchBar-__section57-anchor\"]"}
RESULT: {"using":"xpath","value":"//*[@id=\"application-managepartners-display-component---NewPartner--ObjectPageLayout-anchBar-__section57-anchor\"]"}
COMMAND: POST /session/2eb25f1cbe9612d735ab0219d8fb520b/element/f.1920C544C16071EF810842AAA08EA988.d.44F2F0A6EE24DCB1B20F700B124F7900.e.20023/click - {}
RESULT: {}
COMMAND: POST /session/2eb25f1cbe9612d735ab0219d8fb520b/execute/async - {"script":"<script> [1562 bytes]","args":[{"selector":{"id":"application-managepartners-display-component---NewPartner--partnerDetailInternal-arrow"},"wdio_ui5_key":"applicationmanagepartners-display-component---NewPartner--partnerDetailInternal-arrow"}]}
COMMAND: GET /session/2eb25f1cbe9612d735ab0219d8fb520b/screenshot - {}
RESULT: {"script":"<script> [1562 bytes]","args":[{"selector":{"id":"application-managepartners-display-component---NewPartner--partnerDetailInternal-arrow"},"wdio_ui5_key":"applicationmanagepartners-display-component---NewPartner--partnerDetailInternal-arrow"}]}
RESULT: undefined
COMMAND: POST /session/2eb25f1cbe9612d735ab0219d8fb520b/element - {"using":"xpath","value":"//*[@id=\"application-managepartners-display-component---NewPartner--partnerDetailInternal-arrow\"]"}
RESULT: {}
RESULT: {"using":"xpath","value":"//*[@id=\"application-managepartners-display-component---NewPartner--partnerDetailInternal-arrow\"]"}
COMMAND: POST /session/2eb25f1cbe9612d735ab0219d8fb520b/element/f.1920C544C16071EF810842AAA08EA988.d.44F2F0A6EE24DCB1B20F700B124F7900.e.20030/click - {}
RESULT: {}
COMMAND: POST /session/2eb25f1cbe9612d735ab0219d8fb520b/execute/async - {"script":"<script> [1562 bytes]","args":[{"selector":{"controlType":"sap.m.StandardListItem","viewName":"etm.portal.ui.managepartners.view.NewPartner","viewId":"application-managepartners-display-component---NewPartner","properties":{"title":"External partner"},"searchOpenDialogs":true,"interaction":{"idSuffix":"content"}},"wdio_ui5_key":"etmportal.ui.managepartners.view.NewPartnersap.m.StandardListItem{\"title\":\"External partner\"}"}]}
COMMAND: GET /session/2eb25f1cbe9612d735ab0219d8fb520b/screenshot - {}
RESULT: {"script":"<script> [1562 bytes]","args":[{"selector":{"controlType":"sap.m.StandardListItem","viewName":"etm.portal.ui.managepartners.view.NewPartner","viewId":"application-managepartners-display-component---NewPartner","properties":{"title":"External partner"},"searchOpenDialogs":true,"interaction":{"idSuffix":"content"}},"wdio_ui5_key":"etmportal.ui.managepartners.view.NewPartnersap.m.StandardListItem{\"title\":\"External partner\"}"}]}
RESULT: undefined
COMMAND: POST /session/2eb25f1cbe9612d735ab0219d8fb520b/element - {"using":"xpath","value":"//*[@id=\"__item985\"]"}
RESULT: {}
RESULT: {"using":"xpath","value":"//*[@id=\"__item985\"]"}
COMMAND: POST /session/2eb25f1cbe9612d735ab0219d8fb520b/element/f.1920C544C16071EF810842AAA08EA988.d.44F2F0A6EE24DCB1B20F700B124F7900.e.20032/click - {}
RESULT: {}
COMMAND: POST /session/2eb25f1cbe9612d735ab0219d8fb520b/execute/async - {"script":"<script> [1562 bytes]","args":[{"selector":{"id":"application-managepartners-display-component---NewPartner--partnerDetailsCurrency-arrow"},"wdio_ui5_key":"applicationmanagepartners-display-component---NewPartner--partnerDetailsCurrency-arrow"}]}
COMMAND: GET /session/2eb25f1cbe9612d735ab0219d8fb520b/screenshot - {}
RESULT: {"script":"<script> [1562 bytes]","args":[{"selector":{"id":"application-managepartners-display-component---NewPartner--partnerDetailsCurrency-arrow"},"wdio_ui5_key":"applicationmanagepartners-display-component---NewPartner--partnerDetailsCurrency-arrow"}]}
RESULT: undefined
COMMAND: POST /session/2eb25f1cbe9612d735ab0219d8fb520b/element - {"using":"xpath","value":"//*[@id=\"application-managepartners-display-component---NewPartner--partnerDetailsCurrency-arrow\"]"}
RESULT: {}
RESULT: {"using":"xpath","value":"//*[@id=\"application-managepartners-display-component---NewPartner--partnerDetailsCurrency-arrow\"]"}
COMMAND: POST /session/2eb25f1cbe9612d735ab0219d8fb520b/element/f.1920C544C16071EF810842AAA08EA988.d.44F2F0A6EE24DCB1B20F700B124F7900.e.20037/click - {}
RESULT: {}
COMMAND: POST /session/2eb25f1cbe9612d735ab0219d8fb520b/execute/async - {"script":"<script> [1562 bytes]","args":[{"selector":{"controlType":"sap.m.StandardListItem","viewName":"etm.portal.ui.managepartners.view.NewPartner","viewId":"application-managepartners-display-component---NewPartner","properties":{"title":"Euro"},"searchOpenDialogs":true,"interaction":{"idSuffix":"content"}},"wdio_ui5_key":"etmportal.ui.managepartners.view.NewPartnersap.m.StandardListItem{\"title\":\"Euro\"}"}]}
COMMAND: GET /session/2eb25f1cbe9612d735ab0219d8fb520b/screenshot - {}
RESULT: {"script":"<script> [1562 bytes]","args":[{"selector":{"controlType":"sap.m.StandardListItem","viewName":"etm.portal.ui.managepartners.view.NewPartner","viewId":"application-managepartners-display-component---NewPartner","properties":{"title":"Euro"},"searchOpenDialogs":true,"interaction":{"idSuffix":"content"}},"wdio_ui5_key":"etmportal.ui.managepartners.view.NewPartnersap.m.StandardListItem{\"title\":\"Euro\"}"}]}
RESULT: undefined
COMMAND: POST /session/2eb25f1cbe9612d735ab0219d8fb520b/element - {"using":"xpath","value":"//*[@id=\"__item987\"]"}
RESULT: {}
RESULT: {"using":"xpath","value":"//*[@id=\"__item987\"]"}
COMMAND: POST /session/2eb25f1cbe9612d735ab0219d8fb520b/element/f.1920C544C16071EF810842AAA08EA988.d.44F2F0A6EE24DCB1B20F700B124F7900.e.20039/click - {}
RESULT: {}
COMMAND: POST /session/2eb25f1cbe9612d735ab0219d8fb520b/execute/async - {"script":"<script> [1562 bytes]","args":[{"selector":{"controlType":"sap.m.Button","viewName":"etm.portal.ui.managepartners.view.NewPartner","viewId":"application-managepartners-display-component---NewPartner","properties":{"text":"Assignments"},"interaction":{"idSuffix":"BDI-content"}},"wdio_ui5_key":"etmportal.ui.managepartners.view.NewPartnersap.m.Button{\"text\":\"Assignments\"}"}]}
COMMAND: GET /session/2eb25f1cbe9612d735ab0219d8fb520b/screenshot - {}
RESULT: {"script":"<script> [1562 bytes]","args":[{"selector":{"controlType":"sap.m.Button","viewName":"etm.portal.ui.managepartners.view.NewPartner","viewId":"application-managepartners-display-component---NewPartner","properties":{"text":"Assignments"},"interaction":{"idSuffix":"BDI-content"}},"wdio_ui5_key":"etmportal.ui.managepartners.view.NewPartnersap.m.Button{\"text\":\"Assignments\"}"}]}
RESULT: undefined
COMMAND: POST /session/2eb25f1cbe9612d735ab0219d8fb520b/element - {"using":"xpath","value":"//*[@id=\"application-managepartners-display-component---NewPartner--ObjectPageLayout-anchBar-__section61-anchor\"]"}
RESULT: {}
RESULT: {"using":"xpath","value":"//*[@id=\"application-managepartners-display-component---NewPartner--ObjectPageLayout-anchBar-__section61-anchor\"]"}
COMMAND: POST /session/2eb25f1cbe9612d735ab0219d8fb520b/element/f.1920C544C16071EF810842AAA08EA988.d.44F2F0A6EE24DCB1B20F700B124F7900.e.20041/click - {}
RESULT: {}
COMMAND: POST /session/2eb25f1cbe9612d735ab0219d8fb520b/execute/async - {"script":"<script> [1562 bytes]","args":[{"selector":{"id":"application-managepartners-display-component---NewPartner--btnAddTableRow","interaction":{"idSuffix":"inner"}},"wdio_ui5_key":"applicationmanagepartners-display-component---NewPartner--btnAddTableRow"}]}
COMMAND: GET /session/2eb25f1cbe9612d735ab0219d8fb520b/screenshot - {}
RESULT: {"script":"<script> [1562 bytes]","args":[{"selector":{"id":"application-managepartners-display-component---NewPartner--btnAddTableRow","interaction":{"idSuffix":"inner"}},"wdio_ui5_key":"applicationmanagepartners-display-component---NewPartner--btnAddTableRow"}]}
RESULT: undefined
COMMAND: POST /session/2eb25f1cbe9612d735ab0219d8fb520b/element - {"using":"xpath","value":"//*[@id=\"application-managepartners-display-component---NewPartner--btnAddTableRow\"]"}
RESULT: {}
RESULT: {"using":"xpath","value":"//*[@id=\"application-managepartners-display-component---NewPartner--btnAddTableRow\"]"}
COMMAND: POST /session/2eb25f1cbe9612d735ab0219d8fb520b/element/f.1920C544C16071EF810842AAA08EA988.d.44F2F0A6EE24DCB1B20F700B124F7900.e.20046/click - {}
RESULT: {}
COMMAND: POST /session/2eb25f1cbe9612d735ab0219d8fb520b/element - {"using":"css selector","value":"#application-managepartners-display-component---NewPartner--assignmentYard-application-managepartners-display-component---NewPartner--assignmentsTable-0-inner"}
COMMAND: GET /session/2eb25f1cbe9612d735ab0219d8fb520b/screenshot - {}
RESULT: {"using":"css selector","value":"#application-managepartners-display-component---NewPartner--assignmentYard-application-managepartners-display-component---NewPartner--assignmentsTable-0-inner"}
COMMAND: POST /session/2eb25f1cbe9612d735ab0219d8fb520b/elements - {"using":"css selector","value":"#application-managepartners-display-component---NewPartner--assignmentYard-application-managepartners-display-component---NewPartner--assignmentsTable-0-inner"}
RESULT: {}
RESULT: {"using":"css selector","value":"#application-managepartners-display-component---NewPartner--assignmentYard-application-managepartners-display-component---NewPartner--assignmentsTable-0-inner"}
COMMAND: POST /session/2eb25f1cbe9612d735ab0219d8fb520b/element - {"using":"css selector","value":"#application-managepartners-display-component---NewPartner--assignmentYard-application-managepartners-display-component---NewPartner--assignmentsTable-0-inner"}
RESULT: {"using":"css selector","value":"#application-managepartners-display-component---NewPartner--assignmentYard-application-managepartners-display-component---NewPartner--assignmentsTable-0-inner"}
COMMAND: POST /session/2eb25f1cbe9612d735ab0219d8fb520b/element/f.1920C544C16071EF810842AAA08EA988.d.44F2F0A6EE24DCB1B20F700B124F7900.e.20050/clear - {}
RESULT: {}
COMMAND: POST /session/2eb25f1cbe9612d735ab0219d8fb520b/element/f.1920C544C16071EF810842AAA08EA988.d.44F2F0A6EE24DCB1B20F700B124F7900.e.20050/value - {"text":"237"}
COMMAND: GET /session/2eb25f1cbe9612d735ab0219d8fb520b/screenshot - {}
RESULT: {"text":"237"}
COMMAND: POST /session/2eb25f1cbe9612d735ab0219d8fb520b/execute/async - {"script":"<script> [1562 bytes]","args":[{"selector":{"id":"application-managepartners-display-component---NewPartner--assignmentYard-application-managepartners-display-component---NewPartner--assignmentsTable-0-arrow"},"wdio_ui5_key":"applicationmanagepartners-display-component---NewPartner--assignmentYard-application-managepartners-display-component---NewPartner--assignmentsTable-0-arrow"}]}
COMMAND: GET /session/2eb25f1cbe9612d735ab0219d8fb520b/screenshot - {}
RESULT: {}
RESULT: {"script":"<script> [1562 bytes]","args":[{"selector":{"id":"application-managepartners-display-component---NewPartner--assignmentYard-application-managepartners-display-component---NewPartner--assignmentsTable-0-arrow"},"wdio_ui5_key":"applicationmanagepartners-display-component---NewPartner--assignmentYard-application-managepartners-display-component---NewPartner--assignmentsTable-0-arrow"}]}
RESULT: undefined
COMMAND: POST /session/2eb25f1cbe9612d735ab0219d8fb520b/element - {"using":"xpath","value":"//*[@id=\"application-managepartners-display-component---NewPartner--assignmentYard-application-managepartners-display-component---NewPartner--assignmentsTable-0-arrow\"]"}
RESULT: {}
RESULT: {"using":"xpath","value":"//*[@id=\"application-managepartners-display-component---NewPartner--assignmentYard-application-managepartners-display-component---NewPartner--assignmentsTable-0-arrow\"]"}
COMMAND: POST /session/2eb25f1cbe9612d735ab0219d8fb520b/element/f.1920C544C16071EF810842AAA08EA988.d.44F2F0A6EE24DCB1B20F700B124F7900.e.20056/click - {}
RESULT: {}
COMMAND: GET /session/2eb25f1cbe9612d735ab0219d8fb520b/screenshot - {}
RESULT: {}
COMMAND: POST /session/2eb25f1cbe9612d735ab0219d8fb520b/execute/async - {"script":"<script> [1562 bytes]","args":[{"selector":{"controlType":"sap.m.Button","viewName":"etm.portal.ui.managepartners.view.NewPartner","viewId":"application-managepartners-display-component---NewPartner","i18NText":{"propertyName":"text","key":"save"},"interaction":{"idSuffix":"BDI-content"}},"wdio_ui5_key":"etmportal.ui.managepartners.view.NewPartnersap.m.Button{\"propertyName\":\"text\",\"key\":\"save\"}"}]}
RESULT: {"script":"<script> [1562 bytes]","args":[{"selector":{"controlType":"sap.m.Button","viewName":"etm.portal.ui.managepartners.view.NewPartner","viewId":"application-managepartners-display-component---NewPartner","i18NText":{"propertyName":"text","key":"save"},"interaction":{"idSuffix":"BDI-content"}},"wdio_ui5_key":"etmportal.ui.managepartners.view.NewPartnersap.m.Button{\"propertyName\":\"text\",\"key\":\"save\"}"}]}
RESULT: undefined
COMMAND: POST /session/2eb25f1cbe9612d735ab0219d8fb520b/element - {"using":"xpath","value":"//*[@id=\"__button127\"]"}
RESULT: {"using":"xpath","value":"//*[@id=\"__button127\"]"}
COMMAND: POST /session/2eb25f1cbe9612d735ab0219d8fb520b/element/f.1920C544C16071EF810842AAA08EA988.d.44F2F0A6EE24DCB1B20F700B124F7900.e.19994/click - {}
RESULT: {}
COMMAND: GET /session/2eb25f1cbe9612d735ab0219d8fb520b/screenshot - {}
RESULT: {}
COMMAND: POST /session/2eb25f1cbe9612d735ab0219d8fb520b/execute/async - {"script":"<script> [1562 bytes]","args":[{"selector":{"controlType":"sap.m.Text","viewName":"etm.portal.ui.managepartners.view.Detail","viewId":"application-managepartners-display-component---detailPtm","bindingPath":{"propertyPath":"ID","modelName":"catalogModel"}},"wdio_ui5_key":"etmportal.ui.managepartners.view.Detailsap.m.Text{\"propertyPath\":\"ID\",\"modelName\":\"catalogModel\"}"}]}
RESULT: {"script":"<script> [1562 bytes]","args":[{"selector":{"controlType":"sap.m.Text","viewName":"etm.portal.ui.managepartners.view.Detail","viewId":"application-managepartners-display-component---detailPtm","bindingPath":{"propertyPath":"ID","modelName":"catalogModel"}},"wdio_ui5_key":"etmportal.ui.managepartners.view.Detailsap.m.Text{\"propertyPath\":\"ID\",\"modelName\":\"catalogModel\"}"}]}
RESULT: undefined
COMMAND: POST /session/2eb25f1cbe9612d735ab0219d8fb520b/execute/async - {"script":"<script> [6424 bytes]","args":[{"element-6066-11e4-a52e-4f735466cecf":"f.1920C544C16071EF810842AAA08EA988.d.44F2F0A6EE24DCB1B20F700B124F7900.e.20208"},"getText",[]]}
RESULT: {"script":"<script> [6424 bytes]","args":[{"element-6066-11e4-a52e-4f735466cecf":"f.1920C544C16071EF810842AAA08EA988.d.44F2F0A6EE24DCB1B20F700B124F7900.e.20208"},"getText",[]]}
COMMAND: POST /session/2eb25f1cbe9612d735ab0219d8fb520b/element - {"using":"css selector","value":"#shell-header-logo"}
RESULT: {"using":"css selector","value":"#shell-header-logo"}
COMMAND: POST /session/2eb25f1cbe9612d735ab0219d8fb520b/element/f.1920C544C16071EF810842AAA08EA988.d.44F2F0A6EE24DCB1B20F700B124F7900.e.19573/click - {}
RESULT: {}
]]></system-out>
    </testcase>
    <testcase classname="chrome.135_0_7049_96.windows.Provide_to_Site_w/o_warehouse_management_w/o_clarification_US116612" name="Should create a new WHM Material" time="85.42">
      <system-out><![CDATA[
COMMAND: POST /session/2eb25f1cbe9612d735ab0219d8fb520b/execute/async - {"script":"<script> [1562 bytes]","args":[{"selector":{"controlType":"sap.m.GenericTile","properties":{"header":"Manage Resources"}},"wdio_ui5_key":"sapm.GenericTile{\"header\":\"Manage Resources\"}"}]}
COMMAND: GET /session/2eb25f1cbe9612d735ab0219d8fb520b/screenshot - {}
RESULT: {"script":"<script> [1562 bytes]","args":[{"selector":{"controlType":"sap.m.GenericTile","properties":{"header":"Manage Resources"}},"wdio_ui5_key":"sapm.GenericTile{\"header\":\"Manage Resources\"}"}]}
RESULT: undefined
COMMAND: POST /session/2eb25f1cbe9612d735ab0219d8fb520b/element - {"using":"xpath","value":"//*[@id=\"__tile39\"]"}
RESULT: {}
RESULT: {"using":"xpath","value":"//*[@id=\"__tile39\"]"}
COMMAND: POST /session/2eb25f1cbe9612d735ab0219d8fb520b/element/f.1920C544C16071EF810842AAA08EA988.d.44F2F0A6EE24DCB1B20F700B124F7900.e.20210/click - {}
RESULT: {}
COMMAND: POST /session/2eb25f1cbe9612d735ab0219d8fb520b/execute/async - {"script":"<script> [1562 bytes]","args":[{"selector":{"controlType":"sap.m.OverflowToolbarButton","viewName":"etm.portal.ui.manageresources.view.Master","viewId":"application-manageresources-display-component---masterRU","bindingPath":{"path":"","propertyPath":"/isLogbook","modelName":"minimumStockRPGModel"},"interaction":{"idSuffix":"inner"}},"wdio_ui5_key":"etmportal.ui.manageresources.view.Mastersap.m.OverflowToolbarButton{\"path\":\"\",\"propertyPath\":\"/isLogbook\",\"modelName\":\"minimumStockRPGModel\"}"}]}
COMMAND: GET /session/2eb25f1cbe9612d735ab0219d8fb520b/screenshot - {}
RESULT: {"script":"<script> [1562 bytes]","args":[{"selector":{"controlType":"sap.m.OverflowToolbarButton","viewName":"etm.portal.ui.manageresources.view.Master","viewId":"application-manageresources-display-component---masterRU","bindingPath":{"path":"","propertyPath":"/isLogbook","modelName":"minimumStockRPGModel"},"interaction":{"idSuffix":"inner"}},"wdio_ui5_key":"etmportal.ui.manageresources.view.Mastersap.m.OverflowToolbarButton{\"path\":\"\",\"propertyPath\":\"/isLogbook\",\"modelName\":\"minimumStockRPGModel\"}"}]}
RESULT: undefined
COMMAND: POST /session/2eb25f1cbe9612d735ab0219d8fb520b/element - {"using":"xpath","value":"//*[@id=\"__button168\"]"}
RESULT: {}
RESULT: {"using":"xpath","value":"//*[@id=\"__button168\"]"}
COMMAND: POST /session/2eb25f1cbe9612d735ab0219d8fb520b/element/f.1920C544C16071EF810842AAA08EA988.d.44F2F0A6EE24DCB1B20F700B124F7900.e.20252/click - {}
RESULT: {}
COMMAND: GET /session/2eb25f1cbe9612d735ab0219d8fb520b/screenshot - {}
COMMAND: POST /session/2eb25f1cbe9612d735ab0219d8fb520b/execute/async - {"script":"<script> [1562 bytes]","args":[{"selector":{"id":"application-manageresources-display-component---newResourceUnit--TYPE-arrow"},"wdio_ui5_key":"applicationmanageresources-display-component---newResourceUnit--TYPE-arrow"}]}
RESULT: {}
RESULT: {"script":"<script> [1562 bytes]","args":[{"selector":{"id":"application-manageresources-display-component---newResourceUnit--TYPE-arrow"},"wdio_ui5_key":"applicationmanageresources-display-component---newResourceUnit--TYPE-arrow"}]}
RESULT: undefined
COMMAND: POST /session/2eb25f1cbe9612d735ab0219d8fb520b/element - {"using":"xpath","value":"//*[@id=\"application-manageresources-display-component---newResourceUnit--TYPE-arrow\"]"}
RESULT: {"using":"xpath","value":"//*[@id=\"application-manageresources-display-component---newResourceUnit--TYPE-arrow\"]"}
COMMAND: POST /session/2eb25f1cbe9612d735ab0219d8fb520b/element/f.1920C544C16071EF810842AAA08EA988.d.44F2F0A6EE24DCB1B20F700B124F7900.e.20573/click - {}
RESULT: {}
COMMAND: POST /session/2eb25f1cbe9612d735ab0219d8fb520b/execute/async - {"script":"<script> [1562 bytes]","args":[{"selector":{"controlType":"sap.m.StandardListItem","viewName":"reusables.view.manageresources.NewResourceUnit","viewId":"application-manageresources-display-component---newResourceUnit","properties":{"title":"Material"},"searchOpenDialogs":true,"interaction":{"idSuffix":"content"}},"wdio_ui5_key":"reusablesview.manageresources.NewResourceUnitsap.m.StandardListItem{\"title\":\"Material\"}"}]}
COMMAND: GET /session/2eb25f1cbe9612d735ab0219d8fb520b/screenshot - {}
RESULT: {"script":"<script> [1562 bytes]","args":[{"selector":{"controlType":"sap.m.StandardListItem","viewName":"reusables.view.manageresources.NewResourceUnit","viewId":"application-manageresources-display-component---newResourceUnit","properties":{"title":"Material"},"searchOpenDialogs":true,"interaction":{"idSuffix":"content"}},"wdio_ui5_key":"reusablesview.manageresources.NewResourceUnitsap.m.StandardListItem{\"title\":\"Material\"}"}]}
RESULT: undefined
COMMAND: POST /session/2eb25f1cbe9612d735ab0219d8fb520b/element - {"using":"xpath","value":"//*[@id=\"__item1260\"]"}
RESULT: {}
RESULT: {"using":"xpath","value":"//*[@id=\"__item1260\"]"}
COMMAND: POST /session/2eb25f1cbe9612d735ab0219d8fb520b/element/f.1920C544C16071EF810842AAA08EA988.d.44F2F0A6EE24DCB1B20F700B124F7900.e.20576/click - {}
RESULT: {}
COMMAND: POST /session/2eb25f1cbe9612d735ab0219d8fb520b/execute/async - {"script":"<script> [1562 bytes]","args":[{"selector":{"id":"application-manageresources-display-component---newResourceUnit--resourceId","interaction":{"idSuffix":"inner"}},"wdio_ui5_key":"applicationmanageresources-display-component---newResourceUnit--resourceId"}]}
COMMAND: GET /session/2eb25f1cbe9612d735ab0219d8fb520b/screenshot - {}
RESULT: {"script":"<script> [1562 bytes]","args":[{"selector":{"id":"application-manageresources-display-component---newResourceUnit--resourceId","interaction":{"idSuffix":"inner"}},"wdio_ui5_key":"applicationmanageresources-display-component---newResourceUnit--resourceId"}]}
RESULT: undefined
COMMAND: POST /session/2eb25f1cbe9612d735ab0219d8fb520b/execute/async - {"script":"<script> [1562 bytes]","args":[{"selector":{"id":"application-manageresources-display-component---newResourceUnit--SHORT_TEXT","interaction":{"idSuffix":"inner"}},"wdio_ui5_key":"applicationmanageresources-display-component---newResourceUnit--SHORT_TEXT"}]}
RESULT: {}
RESULT: {"script":"<script> [1562 bytes]","args":[{"selector":{"id":"application-manageresources-display-component---newResourceUnit--SHORT_TEXT","interaction":{"idSuffix":"inner"}},"wdio_ui5_key":"applicationmanageresources-display-component---newResourceUnit--SHORT_TEXT"}]}
RESULT: undefined
COMMAND: POST /session/2eb25f1cbe9612d735ab0219d8fb520b/execute/async - {"script":"<script> [776 bytes]","args":[{"enterText":"material WHM","selector":{"id":"application-manageresources-display-component---newResourceUnit--SHORT_TEXT","interaction":{"idSuffix":"inner"}},"clearTextFirst":true,"interactionType":"ENTER_TEXT"}]}
RESULT: {"script":"<script> [776 bytes]","args":[{"enterText":"material WHM","selector":{"id":"application-manageresources-display-component---newResourceUnit--SHORT_TEXT","interaction":{"idSuffix":"inner"}},"clearTextFirst":true,"interactionType":"ENTER_TEXT"}]}
COMMAND: POST /session/2eb25f1cbe9612d735ab0219d8fb520b/execute/async - {"script":"<script> [1562 bytes]","args":[{"selector":{"id":"application-manageresources-display-component---newResourceUnit--BASE_UNIT_OF_MEASURE","interaction":{"idSuffix":"inner"}},"wdio_ui5_key":"applicationmanageresources-display-component---newResourceUnit--BASE_UNIT_OF_MEASURE"}]}
RESULT: {"script":"<script> [1562 bytes]","args":[{"selector":{"id":"application-manageresources-display-component---newResourceUnit--BASE_UNIT_OF_MEASURE","interaction":{"idSuffix":"inner"}},"wdio_ui5_key":"applicationmanageresources-display-component---newResourceUnit--BASE_UNIT_OF_MEASURE"}]}
RESULT: undefined
COMMAND: POST /session/2eb25f1cbe9612d735ab0219d8fb520b/execute/async - {"script":"<script> [776 bytes]","args":[{"enterText":"Piece","selector":{"id":"application-manageresources-display-component---newResourceUnit--BASE_UNIT_OF_MEASURE","interaction":{"idSuffix":"inner"}},"clearTextFirst":true,"interactionType":"ENTER_TEXT"}]}
RESULT: {"script":"<script> [776 bytes]","args":[{"enterText":"Piece","selector":{"id":"application-manageresources-display-component---newResourceUnit--BASE_UNIT_OF_MEASURE","interaction":{"idSuffix":"inner"}},"clearTextFirst":true,"interactionType":"ENTER_TEXT"}]}
COMMAND: POST /session/2eb25f1cbe9612d735ab0219d8fb520b/execute/async - {"script":"<script> [1562 bytes]","args":[{"selector":{"id":"application-manageresources-display-component---newResourceUnit--WEIGHT_UNIT","interaction":{"idSuffix":"inner"}},"wdio_ui5_key":"applicationmanageresources-display-component---newResourceUnit--WEIGHT_UNIT"}]}
RESULT: {"script":"<script> [1562 bytes]","args":[{"selector":{"id":"application-manageresources-display-component---newResourceUnit--WEIGHT_UNIT","interaction":{"idSuffix":"inner"}},"wdio_ui5_key":"applicationmanageresources-display-component---newResourceUnit--WEIGHT_UNIT"}]}
RESULT: undefined
COMMAND: POST /session/2eb25f1cbe9612d735ab0219d8fb520b/execute/async - {"script":"<script> [776 bytes]","args":[{"enterText":"Gram","selector":{"id":"application-manageresources-display-component---newResourceUnit--WEIGHT_UNIT","interaction":{"idSuffix":"inner"}},"clearTextFirst":true,"interactionType":"ENTER_TEXT"}]}
RESULT: {"script":"<script> [776 bytes]","args":[{"enterText":"Gram","selector":{"id":"application-manageresources-display-component---newResourceUnit--WEIGHT_UNIT","interaction":{"idSuffix":"inner"}},"clearTextFirst":true,"interactionType":"ENTER_TEXT"}]}
COMMAND: POST /session/2eb25f1cbe9612d735ab0219d8fb520b/execute/async - {"script":"<script> [1562 bytes]","args":[{"selector":{"id":"application-manageresources-display-component---newResourceUnit--DIMENSION_UNIT","interaction":{"idSuffix":"inner"}},"wdio_ui5_key":"applicationmanageresources-display-component---newResourceUnit--DIMENSION_UNIT"}]}
RESULT: {"script":"<script> [1562 bytes]","args":[{"selector":{"id":"application-manageresources-display-component---newResourceUnit--DIMENSION_UNIT","interaction":{"idSuffix":"inner"}},"wdio_ui5_key":"applicationmanageresources-display-component---newResourceUnit--DIMENSION_UNIT"}]}
RESULT: undefined
COMMAND: POST /session/2eb25f1cbe9612d735ab0219d8fb520b/execute/async - {"script":"<script> [776 bytes]","args":[{"enterText":"Meter","selector":{"id":"application-manageresources-display-component---newResourceUnit--DIMENSION_UNIT","interaction":{"idSuffix":"inner"}},"clearTextFirst":true,"interactionType":"ENTER_TEXT"}]}
RESULT: {"script":"<script> [776 bytes]","args":[{"enterText":"Meter","selector":{"id":"application-manageresources-display-component---newResourceUnit--DIMENSION_UNIT","interaction":{"idSuffix":"inner"}},"clearTextFirst":true,"interactionType":"ENTER_TEXT"}]}
COMMAND: POST /session/2eb25f1cbe9612d735ab0219d8fb520b/execute/async - {"script":"<script> [1562 bytes]","args":[{"selector":{"id":"application-manageresources-display-component---newResourceUnit--newRRUPage-anchBar-application-manageresources-display-component---newResourceUnit--control-anchor","interaction":{"idSuffix":"content"}},"wdio_ui5_key":"applicationmanageresources-display-component---newResourceUnit--newRRUPage-anchBar-application-manageresources-display-component---newResourceUnit--control-anchor"}]}
RESULT: {"script":"<script> [1562 bytes]","args":[{"selector":{"id":"application-manageresources-display-component---newResourceUnit--newRRUPage-anchBar-application-manageresources-display-component---newResourceUnit--control-anchor","interaction":{"idSuffix":"content"}},"wdio_ui5_key":"applicationmanageresources-display-component---newResourceUnit--newRRUPage-anchBar-application-manageresources-display-component---newResourceUnit--control-anchor"}]}
RESULT: undefined
COMMAND: POST /session/2eb25f1cbe9612d735ab0219d8fb520b/element - {"using":"xpath","value":"//*[@id=\"application-manageresources-display-component---newResourceUnit--newRRUPage-anchBar-application-manageresources-display-component---newResourceUnit--control-anchor\"]"}
RESULT: {"using":"xpath","value":"//*[@id=\"application-manageresources-display-component---newResourceUnit--newRRUPage-anchBar-application-manageresources-display-component---newResourceUnit--control-anchor\"]"}
COMMAND: POST /session/2eb25f1cbe9612d735ab0219d8fb520b/element/f.1920C544C16071EF810842AAA08EA988.d.44F2F0A6EE24DCB1B20F700B124F7900.e.20640/click - {}
RESULT: {}
COMMAND: POST /session/2eb25f1cbe9612d735ab0219d8fb520b/execute/async - {"script":"<script> [1562 bytes]","args":[{"selector":{"id":"application-manageresources-display-component---newResourceUnit--PLANNING_GROUP","interaction":{"idSuffix":"inner"}},"wdio_ui5_key":"applicationmanageresources-display-component---newResourceUnit--PLANNING_GROUP"}]}
COMMAND: GET /session/2eb25f1cbe9612d735ab0219d8fb520b/screenshot - {}
RESULT: {"script":"<script> [1562 bytes]","args":[{"selector":{"id":"application-manageresources-display-component---newResourceUnit--PLANNING_GROUP","interaction":{"idSuffix":"inner"}},"wdio_ui5_key":"applicationmanageresources-display-component---newResourceUnit--PLANNING_GROUP"}]}
RESULT: undefined
COMMAND: POST /session/2eb25f1cbe9612d735ab0219d8fb520b/execute/async - {"script":"<script> [776 bytes]","args":[{"enterText":"Heavy Equi","selector":{"id":"application-manageresources-display-component---newResourceUnit--PLANNING_GROUP","interaction":{"idSuffix":"inner"}},"clearTextFirst":true,"interactionType":"ENTER_TEXT"}]}
RESULT: {}
RESULT: {"script":"<script> [776 bytes]","args":[{"enterText":"Heavy Equi","selector":{"id":"application-manageresources-display-component---newResourceUnit--PLANNING_GROUP","interaction":{"idSuffix":"inner"}},"clearTextFirst":true,"interactionType":"ENTER_TEXT"}]}
COMMAND: POST /session/2eb25f1cbe9612d735ab0219d8fb520b/execute/async - {"script":"<script> [1562 bytes]","args":[{"selector":{"id":"application-manageresources-display-component---newResourceUnit--PLANNING_INDICATOR","interaction":{"idSuffix":"inner"}},"wdio_ui5_key":"applicationmanageresources-display-component---newResourceUnit--PLANNING_INDICATOR"}]}
RESULT: {"script":"<script> [1562 bytes]","args":[{"selector":{"id":"application-manageresources-display-component---newResourceUnit--PLANNING_INDICATOR","interaction":{"idSuffix":"inner"}},"wdio_ui5_key":"applicationmanageresources-display-component---newResourceUnit--PLANNING_INDICATOR"}]}
RESULT: undefined
COMMAND: POST /session/2eb25f1cbe9612d735ab0219d8fb520b/execute/async - {"script":"<script> [776 bytes]","args":[{"enterText":"10 - infinite","selector":{"id":"application-manageresources-display-component---newResourceUnit--PLANNING_INDICATOR","interaction":{"idSuffix":"inner"}},"clearTextFirst":true,"interactionType":"ENTER_TEXT"}]}
RESULT: {"script":"<script> [776 bytes]","args":[{"enterText":"10 - infinite","selector":{"id":"application-manageresources-display-component---newResourceUnit--PLANNING_INDICATOR","interaction":{"idSuffix":"inner"}},"clearTextFirst":true,"interactionType":"ENTER_TEXT"}]}
COMMAND: POST /session/2eb25f1cbe9612d735ab0219d8fb520b/actions - {"actions":[{"id":"action83","type":"key","parameters":{},"actions":[{"type":"keyDown","value":"î€‡"},{"type":"pause","duration":10},{"type":"keyUp","value":"î€‡"}]}]}
RESULT: {"actions":[{"id":"action83","type":"key","parameters":{},"actions":[{"type":"keyDown","value":"î€‡"},{"type":"pause","duration":10},{"type":"keyUp","value":"î€‡"}]}]}
COMMAND: POST /session/2eb25f1cbe9612d735ab0219d8fb520b/execute/async - {"script":"<script> [1562 bytes]","args":[{"selector":{"id":"application-manageresources-display-component---newResourceUnit--ITEM_TYPE-arrow"},"wdio_ui5_key":"applicationmanageresources-display-component---newResourceUnit--ITEM_TYPE-arrow"}]}
COMMAND: GET /session/2eb25f1cbe9612d735ab0219d8fb520b/screenshot - {}
RESULT: {"script":"<script> [1562 bytes]","args":[{"selector":{"id":"application-manageresources-display-component---newResourceUnit--ITEM_TYPE-arrow"},"wdio_ui5_key":"applicationmanageresources-display-component---newResourceUnit--ITEM_TYPE-arrow"}]}
RESULT: undefined
COMMAND: POST /session/2eb25f1cbe9612d735ab0219d8fb520b/element - {"using":"xpath","value":"//*[@id=\"application-manageresources-display-component---newResourceUnit--ITEM_TYPE-arrow\"]"}
RESULT: {}
RESULT: {"using":"xpath","value":"//*[@id=\"application-manageresources-display-component---newResourceUnit--ITEM_TYPE-arrow\"]"}
COMMAND: POST /session/2eb25f1cbe9612d735ab0219d8fb520b/element/f.1920C544C16071EF810842AAA08EA988.d.44F2F0A6EE24DCB1B20F700B124F7900.e.20650/click - {}
RESULT: {}
COMMAND: POST /session/2eb25f1cbe9612d735ab0219d8fb520b/execute/async - {"script":"<script> [1562 bytes]","args":[{"selector":{"controlType":"sap.m.StandardListItem","viewName":"reusables.view.manageresources.NewResourceUnit","viewId":"application-manageresources-display-component---newResourceUnit","properties":{"title":"Resource Unit"},"searchOpenDialogs":true,"interaction":{"idSuffix":"titleText"}},"wdio_ui5_key":"reusablesview.manageresources.NewResourceUnitsap.m.StandardListItem{\"title\":\"Resource Unit\"}"}]}
COMMAND: GET /session/2eb25f1cbe9612d735ab0219d8fb520b/screenshot - {}
RESULT: {"script":"<script> [1562 bytes]","args":[{"selector":{"controlType":"sap.m.StandardListItem","viewName":"reusables.view.manageresources.NewResourceUnit","viewId":"application-manageresources-display-component---newResourceUnit","properties":{"title":"Resource Unit"},"searchOpenDialogs":true,"interaction":{"idSuffix":"titleText"}},"wdio_ui5_key":"reusablesview.manageresources.NewResourceUnitsap.m.StandardListItem{\"title\":\"Resource Unit\"}"}]}
RESULT: undefined
RESULT: {}
COMMAND: POST /session/2eb25f1cbe9612d735ab0219d8fb520b/execute/async - {"script":"<script> [1562 bytes]","args":[{"selector":{"controlType":"sap.m.Label","viewName":"reusables.view.manageresources.NewResourceUnit","viewId":"application-manageresources-display-component---newResourceUnit","i18NText":{"propertyName":"text","key":"planningGroup"},"interaction":{"idSuffix":"bdi"}},"wdio_ui5_key":"reusablesview.manageresources.NewResourceUnitsap.m.Label{\"propertyName\":\"text\",\"key\":\"planningGroup\"}"}]}
RESULT: {"script":"<script> [1562 bytes]","args":[{"selector":{"controlType":"sap.m.Label","viewName":"reusables.view.manageresources.NewResourceUnit","viewId":"application-manageresources-display-component---newResourceUnit","i18NText":{"propertyName":"text","key":"planningGroup"},"interaction":{"idSuffix":"bdi"}},"wdio_ui5_key":"reusablesview.manageresources.NewResourceUnitsap.m.Label{\"propertyName\":\"text\",\"key\":\"planningGroup\"}"}]}
RESULT: undefined
COMMAND: POST /session/2eb25f1cbe9612d735ab0219d8fb520b/element - {"using":"xpath","value":"//*[@id=\"__label263\"]"}
RESULT: {"using":"xpath","value":"//*[@id=\"__label263\"]"}
COMMAND: POST /session/2eb25f1cbe9612d735ab0219d8fb520b/element/f.1920C544C16071EF810842AAA08EA988.d.44F2F0A6EE24DCB1B20F700B124F7900.e.20652/click - {}
RESULT: {}
COMMAND: GET /session/2eb25f1cbe9612d735ab0219d8fb520b/screenshot - {}
RESULT: {}
COMMAND: POST /session/2eb25f1cbe9612d735ab0219d8fb520b/actions - {"actions":[{"type":"key","id":"keyboard","actions":[{"type":"keyDown","value":"î›"}]}]}
RESULT: {"actions":[{"type":"key","id":"keyboard","actions":[{"type":"keyDown","value":"î›"}]}]}
COMMAND: GET /session/2eb25f1cbe9612d735ab0219d8fb520b/screenshot - {}
RESULT: {}
COMMAND: POST /session/2eb25f1cbe9612d735ab0219d8fb520b/actions - {"actions":[{"type":"key","id":"keyboard","actions":[{"type":"keyDown","value":"î›"}]}]}
RESULT: {"actions":[{"type":"key","id":"keyboard","actions":[{"type":"keyDown","value":"î›"}]}]}
COMMAND: GET /session/2eb25f1cbe9612d735ab0219d8fb520b/screenshot - {}
RESULT: {}
COMMAND: POST /session/2eb25f1cbe9612d735ab0219d8fb520b/actions - {"actions":[{"type":"key","id":"keyboard","actions":[{"type":"keyDown","value":"î›"}]}]}
RESULT: {"actions":[{"type":"key","id":"keyboard","actions":[{"type":"keyDown","value":"î›"}]}]}
COMMAND: GET /session/2eb25f1cbe9612d735ab0219d8fb520b/screenshot - {}
RESULT: {}
COMMAND: POST /session/2eb25f1cbe9612d735ab0219d8fb520b/actions - {"actions":[{"type":"key","id":"keyboard","actions":[{"type":"keyDown","value":"î›"}]}]}
RESULT: {"actions":[{"type":"key","id":"keyboard","actions":[{"type":"keyDown","value":"î›"}]}]}
COMMAND: GET /session/2eb25f1cbe9612d735ab0219d8fb520b/screenshot - {}
RESULT: {}
COMMAND: POST /session/2eb25f1cbe9612d735ab0219d8fb520b/actions - {"actions":[{"type":"key","id":"keyboard","actions":[{"type":"keyDown","value":"î›"}]}]}
RESULT: {"actions":[{"type":"key","id":"keyboard","actions":[{"type":"keyDown","value":"î›"}]}]}
COMMAND: GET /session/2eb25f1cbe9612d735ab0219d8fb520b/screenshot - {}
RESULT: {}
COMMAND: POST /session/2eb25f1cbe9612d735ab0219d8fb520b/actions - {"actions":[{"type":"key","id":"keyboard","actions":[{"type":"keyDown","value":"î›"}]}]}
RESULT: {"actions":[{"type":"key","id":"keyboard","actions":[{"type":"keyDown","value":"î›"}]}]}
COMMAND: GET /session/2eb25f1cbe9612d735ab0219d8fb520b/screenshot - {}
RESULT: {}
COMMAND: POST /session/2eb25f1cbe9612d735ab0219d8fb520b/execute/async - {"script":"<script> [1562 bytes]","args":[{"selector":{"id":"application-manageresources-display-component---newResourceUnit--btnAddTimeSegment-img"},"wdio_ui5_key":"applicationmanageresources-display-component---newResourceUnit--btnAddTimeSegment-img"}]}
RESULT: {"script":"<script> [1562 bytes]","args":[{"selector":{"id":"application-manageresources-display-component---newResourceUnit--btnAddTimeSegment-img"},"wdio_ui5_key":"applicationmanageresources-display-component---newResourceUnit--btnAddTimeSegment-img"}]}
RESULT: undefined
COMMAND: POST /session/2eb25f1cbe9612d735ab0219d8fb520b/element - {"using":"xpath","value":"//*[@id=\"application-manageresources-display-component---newResourceUnit--btnAddTimeSegment-img\"]"}
RESULT: {"using":"xpath","value":"//*[@id=\"application-manageresources-display-component---newResourceUnit--btnAddTimeSegment-img\"]"}
COMMAND: POST /session/2eb25f1cbe9612d735ab0219d8fb520b/element/f.1920C544C16071EF810842AAA08EA988.d.44F2F0A6EE24DCB1B20F700B124F7900.e.20653/click - {}
RESULT: {}
COMMAND: POST /session/2eb25f1cbe9612d735ab0219d8fb520b/element - {"using":"xpath","value":"//input[@id=\"application-manageresources-display-component---newResourceUnit--idRuTSAdmin-application-manageresources-display-component---newResourceUnit--RUTimeSegment-0-inner\"]"}
COMMAND: GET /session/2eb25f1cbe9612d735ab0219d8fb520b/screenshot - {}
RESULT: {"using":"xpath","value":"//input[@id=\"application-manageresources-display-component---newResourceUnit--idRuTSAdmin-application-manageresources-display-component---newResourceUnit--RUTimeSegment-0-inner\"]"}
COMMAND: POST /session/2eb25f1cbe9612d735ab0219d8fb520b/element/f.1920C544C16071EF810842AAA08EA988.d.44F2F0A6EE24DCB1B20F700B124F7900.e.20656/clear - {}
RESULT: {}
RESULT: {}
COMMAND: POST /session/2eb25f1cbe9612d735ab0219d8fb520b/element/f.1920C544C16071EF810842AAA08EA988.d.44F2F0A6EE24DCB1B20F700B124F7900.e.20656/value - {"text":"237"}
COMMAND: GET /session/2eb25f1cbe9612d735ab0219d8fb520b/screenshot - {}
RESULT: {"text":"237"}
COMMAND: GET /session/2eb25f1cbe9612d735ab0219d8fb520b/screenshot - {}
RESULT: {}
RESULT: {}
COMMAND: POST /session/2eb25f1cbe9612d735ab0219d8fb520b/actions - {"actions":[{"id":"action84","type":"key","parameters":{},"actions":[{"type":"keyDown","value":"î€‡"},{"type":"pause","duration":10},{"type":"keyUp","value":"î€‡"}]}]}
RESULT: {"actions":[{"id":"action84","type":"key","parameters":{},"actions":[{"type":"keyDown","value":"î€‡"},{"type":"pause","duration":10},{"type":"keyUp","value":"î€‡"}]}]}
COMMAND: GET /session/2eb25f1cbe9612d735ab0219d8fb520b/screenshot - {}
RESULT: {}
COMMAND: POST /session/2eb25f1cbe9612d735ab0219d8fb520b/execute/async - {"script":"<script> [1562 bytes]","args":[{"selector":{"controlType":"sap.m.Button","viewName":"reusables.view.manageresources.NewResourceUnit","viewId":"application-manageresources-display-component---newResourceUnit","i18NText":{"propertyName":"tooltip","key":"save"},"interaction":{"idSuffix":"BDI-content"}},"wdio_ui5_key":"reusablesview.manageresources.NewResourceUnitsap.m.Button{\"propertyName\":\"tooltip\",\"key\":\"save\"}"}]}
RESULT: {"script":"<script> [1562 bytes]","args":[{"selector":{"controlType":"sap.m.Button","viewName":"reusables.view.manageresources.NewResourceUnit","viewId":"application-manageresources-display-component---newResourceUnit","i18NText":{"propertyName":"tooltip","key":"save"},"interaction":{"idSuffix":"BDI-content"}},"wdio_ui5_key":"reusablesview.manageresources.NewResourceUnitsap.m.Button{\"propertyName\":\"tooltip\",\"key\":\"save\"}"}]}
RESULT: undefined
COMMAND: POST /session/2eb25f1cbe9612d735ab0219d8fb520b/element - {"using":"xpath","value":"//*[@id=\"application-manageresources-display-component---newResourceUnit--createRuButton\"]"}
RESULT: {"using":"xpath","value":"//*[@id=\"application-manageresources-display-component---newResourceUnit--createRuButton\"]"}
COMMAND: POST /session/2eb25f1cbe9612d735ab0219d8fb520b/element/f.1920C544C16071EF810842AAA08EA988.d.44F2F0A6EE24DCB1B20F700B124F7900.e.20589/click - {}
RESULT: {}
COMMAND: POST /session/2eb25f1cbe9612d735ab0219d8fb520b/execute/async - {"script":"<script> [1562 bytes]","args":[{"selector":{"controlType":"sap.m.Button","properties":{"text":"Close"},"searchOpenDialogs":true,"interaction":{"idSuffix":"BDI-content"}},"wdio_ui5_key":"sapm.Button{\"text\":\"Close\"}"}]}
COMMAND: GET /session/2eb25f1cbe9612d735ab0219d8fb520b/screenshot - {}
RESULT: {"script":"<script> [1562 bytes]","args":[{"selector":{"controlType":"sap.m.Button","properties":{"text":"Close"},"searchOpenDialogs":true,"interaction":{"idSuffix":"BDI-content"}},"wdio_ui5_key":"sapm.Button{\"text\":\"Close\"}"}]}
RESULT: undefined
COMMAND: POST /session/2eb25f1cbe9612d735ab0219d8fb520b/element - {"using":"xpath","value":"//*[@id=\"__mbox-btn-0\"]"}
RESULT: {}
RESULT: {"using":"xpath","value":"//*[@id=\"__mbox-btn-0\"]"}
COMMAND: POST /session/2eb25f1cbe9612d735ab0219d8fb520b/element/f.1920C544C16071EF810842AAA08EA988.d.44F2F0A6EE24DCB1B20F700B124F7900.e.20668/click - {}
RESULT: {}
COMMAND: GET /session/2eb25f1cbe9612d735ab0219d8fb520b/screenshot - {}
RESULT: {}
COMMAND: POST /session/2eb25f1cbe9612d735ab0219d8fb520b/execute/async - {"script":"<script> [1562 bytes]","args":[{"selector":{"controlType":"sap.m.Text","viewName":"etm.portal.ui.manageresources.view.Detail","viewId":"application-manageresources-display-component---detailRU","bindingPath":{"propertyPath":"ID","modelName":"catalogModel"}},"wdio_ui5_key":"etmportal.ui.manageresources.view.Detailsap.m.Text{\"propertyPath\":\"ID\",\"modelName\":\"catalogModel\"}"}]}
RESULT: {"script":"<script> [1562 bytes]","args":[{"selector":{"controlType":"sap.m.Text","viewName":"etm.portal.ui.manageresources.view.Detail","viewId":"application-manageresources-display-component---detailRU","bindingPath":{"propertyPath":"ID","modelName":"catalogModel"}},"wdio_ui5_key":"etmportal.ui.manageresources.view.Detailsap.m.Text{\"propertyPath\":\"ID\",\"modelName\":\"catalogModel\"}"}]}
RESULT: undefined
COMMAND: POST /session/2eb25f1cbe9612d735ab0219d8fb520b/execute/async - {"script":"<script> [6424 bytes]","args":[{"element-6066-11e4-a52e-4f735466cecf":"f.1920C544C16071EF810842AAA08EA988.d.44F2F0A6EE24DCB1B20F700B124F7900.e.20703"},"getText",[]]}
RESULT: {"script":"<script> [6424 bytes]","args":[{"element-6066-11e4-a52e-4f735466cecf":"f.1920C544C16071EF810842AAA08EA988.d.44F2F0A6EE24DCB1B20F700B124F7900.e.20703"},"getText",[]]}
COMMAND: POST /session/2eb25f1cbe9612d735ab0219d8fb520b/element - {"using":"css selector","value":"#shell-header-logo"}
RESULT: {"using":"css selector","value":"#shell-header-logo"}
COMMAND: POST /session/2eb25f1cbe9612d735ab0219d8fb520b/element/f.1920C544C16071EF810842AAA08EA988.d.44F2F0A6EE24DCB1B20F700B124F7900.e.20212/click - {}
RESULT: {}
COMMAND: GET /session/2eb25f1cbe9612d735ab0219d8fb520b/screenshot - {}
RESULT: {}
]]></system-out>
    </testcase>
  </testsuite>
  <testsuite timestamp="2025-04-25T17:30:48" time="636.408" tests="5" failures="0" errors="0" skipped="0">
    <properties>
      <property name="specId" value="0" />
      <property name="suiteName" value="Provide to Site w/o warehouse management wo clarification" />
      <property name="capabilities" value="chrome.135_0_7049_96.windows" />
      <property name="file" value="file:///D:/a/1/s/test/specs/HTR/provide-to-site-wo-warehouse-wo-clarification.spec.js" />
    </properties>
    <testcase classname="chrome.135_0_7049_96.windows.Provide_to_Site_w/o_warehouse_management_wo_clarification" name="Should do a stock increase handover" time="73.423">
      <system-out><![CDATA[
COMMAND: POST /session/2eb25f1cbe9612d735ab0219d8fb520b/execute/async - {"script":"<script> [1562 bytes]","args":[{"selector":{"controlType":"sap.m.GenericTile","properties":{"header":"Manage Handovers"}},"wdio_ui5_key":"sapm.GenericTile{\"header\":\"Manage Handovers\"}"}]}
RESULT: {"script":"<script> [1562 bytes]","args":[{"selector":{"controlType":"sap.m.GenericTile","properties":{"header":"Manage Handovers"}},"wdio_ui5_key":"sapm.GenericTile{\"header\":\"Manage Handovers\"}"}]}
RESULT: undefined
COMMAND: POST /session/2eb25f1cbe9612d735ab0219d8fb520b/element - {"using":"xpath","value":"//*[@id=\"__tile132\"]"}
RESULT: {"using":"xpath","value":"//*[@id=\"__tile132\"]"}
COMMAND: POST /session/2eb25f1cbe9612d735ab0219d8fb520b/element/f.1920C544C16071EF810842AAA08EA988.d.44F2F0A6EE24DCB1B20F700B124F7900.e.20705/click - {}
RESULT: {}
COMMAND: GET /session/2eb25f1cbe9612d735ab0219d8fb520b/screenshot - {}
COMMAND: POST /session/2eb25f1cbe9612d735ab0219d8fb520b/element - {"using":"xpath","value":"//button[(@data-kt = 'masterHOAddButton')]"}
RESULT: {}
RESULT: {"using":"xpath","value":"//button[(@data-kt = 'masterHOAddButton')]"}
COMMAND: POST /session/2eb25f1cbe9612d735ab0219d8fb520b/elements - {"using":"xpath","value":"//button[(@data-kt = 'masterHOAddButton')]"}
RESULT: {"using":"xpath","value":"//button[(@data-kt = 'masterHOAddButton')]"}
COMMAND: POST /session/2eb25f1cbe9612d735ab0219d8fb520b/elements - {"using":"xpath","value":"//button[(@data-kt = 'masterHOAddButton')]"}
RESULT: {"using":"xpath","value":"//button[(@data-kt = 'masterHOAddButton')]"}
COMMAND: POST /session/2eb25f1cbe9612d735ab0219d8fb520b/element - {"using":"xpath","value":"//button[(@data-kt = 'masterHOAddButton')]"}
RESULT: {"using":"xpath","value":"//button[(@data-kt = 'masterHOAddButton')]"}
COMMAND: POST /session/2eb25f1cbe9612d735ab0219d8fb520b/element/f.1920C544C16071EF810842AAA08EA988.d.44F2F0A6EE24DCB1B20F700B124F7900.e.20745/click - {}
RESULT: {}
COMMAND: POST /session/2eb25f1cbe9612d735ab0219d8fb520b/element - {"using":"css selector","value":"span[id=\"application-managehandovers-display-component---AddNewHO--typeSelect-label\"]"}
COMMAND: GET /session/2eb25f1cbe9612d735ab0219d8fb520b/screenshot - {}
RESULT: {"using":"css selector","value":"span[id=\"application-managehandovers-display-component---AddNewHO--typeSelect-label\"]"}
COMMAND: POST /session/2eb25f1cbe9612d735ab0219d8fb520b/elements - {"using":"css selector","value":"span[id=\"application-managehandovers-display-component---AddNewHO--typeSelect-label\"]"}
RESULT: {}
RESULT: {"using":"css selector","value":"span[id=\"application-managehandovers-display-component---AddNewHO--typeSelect-label\"]"}
COMMAND: POST /session/2eb25f1cbe9612d735ab0219d8fb520b/element - {"using":"css selector","value":"span[id=\"application-managehandovers-display-component---AddNewHO--typeSelect-label\"]"}
RESULT: {"using":"css selector","value":"span[id=\"application-managehandovers-display-component---AddNewHO--typeSelect-label\"]"}
COMMAND: POST /session/2eb25f1cbe9612d735ab0219d8fb520b/element/f.1920C544C16071EF810842AAA08EA988.d.44F2F0A6EE24DCB1B20F700B124F7900.e.21039/click - {}
RESULT: {}
COMMAND: POST /session/2eb25f1cbe9612d735ab0219d8fb520b/element - {"using":"css selector","value":"#application-managehandovers-display-component---AddNewHO--oneStep-CB"}
COMMAND: GET /session/2eb25f1cbe9612d735ab0219d8fb520b/screenshot - {}
RESULT: {"using":"css selector","value":"#application-managehandovers-display-component---AddNewHO--oneStep-CB"}
COMMAND: GET /session/2eb25f1cbe9612d735ab0219d8fb520b/element/f.1920C544C16071EF810842AAA08EA988.d.44F2F0A6EE24DCB1B20F700B124F7900.e.20979/selected - {}
RESULT: {}
RESULT: {}
COMMAND: POST /session/2eb25f1cbe9612d735ab0219d8fb520b/element - {"using":"xpath","value":"//li[contains(text(), \"stock increase yard\")]"}
COMMAND: GET /session/2eb25f1cbe9612d735ab0219d8fb520b/screenshot - {}
RESULT: {"using":"xpath","value":"//li[contains(text(), \"stock increase yard\")]"}
COMMAND: POST /session/2eb25f1cbe9612d735ab0219d8fb520b/element/f.1920C544C16071EF810842AAA08EA988.d.44F2F0A6EE24DCB1B20F700B124F7900.e.21040/click - {}
RESULT: {}
RESULT: {}
COMMAND: GET /session/2eb25f1cbe9612d735ab0219d8fb520b/screenshot - {}
RESULT: {}
COMMAND: POST /session/2eb25f1cbe9612d735ab0219d8fb520b/element - {"using":"css selector","value":"input[id=\"generalSectionFrg--receiveYard-inner\"]"}
RESULT: {"using":"css selector","value":"input[id=\"generalSectionFrg--receiveYard-inner\"]"}
COMMAND: POST /session/2eb25f1cbe9612d735ab0219d8fb520b/element/f.1920C544C16071EF810842AAA08EA988.d.44F2F0A6EE24DCB1B20F700B124F7900.e.21050/clear - {}
RESULT: {}
COMMAND: POST /session/2eb25f1cbe9612d735ab0219d8fb520b/element/f.1920C544C16071EF810842AAA08EA988.d.44F2F0A6EE24DCB1B20F700B124F7900.e.21050/value - {"text":"237"}
COMMAND: GET /session/2eb25f1cbe9612d735ab0219d8fb520b/screenshot - {}
RESULT: {"text":"237"}
COMMAND: GET /session/2eb25f1cbe9612d735ab0219d8fb520b/screenshot - {}
RESULT: {}
RESULT: {}
COMMAND: POST /session/2eb25f1cbe9612d735ab0219d8fb520b/element - {"using":"css selector","value":"#application-managehandovers-display-component---AddNewHO--dueDate-inner"}
RESULT: {"using":"css selector","value":"#application-managehandovers-display-component---AddNewHO--dueDate-inner"}
COMMAND: POST /session/2eb25f1cbe9612d735ab0219d8fb520b/element/f.1920C544C16071EF810842AAA08EA988.d.44F2F0A6EE24DCB1B20F700B124F7900.e.21044/clear - {}
RESULT: {}
COMMAND: POST /session/2eb25f1cbe9612d735ab0219d8fb520b/element/f.1920C544C16071EF810842AAA08EA988.d.44F2F0A6EE24DCB1B20F700B124F7900.e.21044/value - {"text":"4/25/25"}
COMMAND: GET /session/2eb25f1cbe9612d735ab0219d8fb520b/screenshot - {}
RESULT: {"text":"4/25/25"}
COMMAND: GET /session/2eb25f1cbe9612d735ab0219d8fb520b/screenshot - {}
RESULT: {}
RESULT: {}
COMMAND: POST /session/2eb25f1cbe9612d735ab0219d8fb520b/element - {"using":"xpath","value":"//bdi[(text() = 'Items' or . = 'Items')]"}
RESULT: {"using":"xpath","value":"//bdi[(text() = 'Items' or . = 'Items')]"}
COMMAND: POST /session/2eb25f1cbe9612d735ab0219d8fb520b/element/f.1920C544C16071EF810842AAA08EA988.d.44F2F0A6EE24DCB1B20F700B124F7900.e.21067/click - {}
RESULT: {}
COMMAND: GET /session/2eb25f1cbe9612d735ab0219d8fb520b/screenshot - {}
RESULT: {}
COMMAND: POST /session/2eb25f1cbe9612d735ab0219d8fb520b/element - {"using":"xpath","value":"//button[@aria-label=\"Add\"]"}
RESULT: {"using":"xpath","value":"//button[@aria-label=\"Add\"]"}
COMMAND: POST /session/2eb25f1cbe9612d735ab0219d8fb520b/element/f.1920C544C16071EF810842AAA08EA988.d.44F2F0A6EE24DCB1B20F700B124F7900.e.21072/click - {}
RESULT: {}
COMMAND: GET /session/2eb25f1cbe9612d735ab0219d8fb520b/screenshot - {}
RESULT: {}
COMMAND: POST /session/2eb25f1cbe9612d735ab0219d8fb520b/element - {"using":"css selector","value":"input[id= \"application-managehandovers-display-component---AddNewHO--smartFilterBar-btnBasicSearch-I\"]"}
RESULT: {"using":"css selector","value":"input[id= \"application-managehandovers-display-component---AddNewHO--smartFilterBar-btnBasicSearch-I\"]"}
COMMAND: POST /session/2eb25f1cbe9612d735ab0219d8fb520b/element/f.1920C544C16071EF810842AAA08EA988.d.44F2F0A6EE24DCB1B20F700B124F7900.e.21077/clear - {}
RESULT: {}
COMMAND: POST /session/2eb25f1cbe9612d735ab0219d8fb520b/element/f.1920C544C16071EF810842AAA08EA988.d.44F2F0A6EE24DCB1B20F700B124F7900.e.21077/value - {"text":"200084"}
COMMAND: GET /session/2eb25f1cbe9612d735ab0219d8fb520b/screenshot - {}
RESULT: {"text":"200084"}
COMMAND: POST /session/2eb25f1cbe9612d735ab0219d8fb520b/actions - {"actions":[{"id":"action85","type":"key","parameters":{},"actions":[{"type":"keyDown","value":"î€‡"},{"type":"pause","duration":10},{"type":"keyUp","value":"î€‡"}]}]}
COMMAND: GET /session/2eb25f1cbe9612d735ab0219d8fb520b/screenshot - {}
RESULT: {}
RESULT: {"actions":[{"id":"action85","type":"key","parameters":{},"actions":[{"type":"keyDown","value":"î€‡"},{"type":"pause","duration":10},{"type":"keyUp","value":"î€‡"}]}]}
COMMAND: POST /session/2eb25f1cbe9612d735ab0219d8fb520b/element - {"using":"css selector","value":"div[id= \"application-managehandovers-display-component---AddNewHO--smartFilterBar-btnBasicSearch-search\"]"}
COMMAND: GET /session/2eb25f1cbe9612d735ab0219d8fb520b/screenshot - {}
RESULT: {}
RESULT: {"using":"css selector","value":"div[id= \"application-managehandovers-display-component---AddNewHO--smartFilterBar-btnBasicSearch-search\"]"}
COMMAND: POST /session/2eb25f1cbe9612d735ab0219d8fb520b/element/f.1920C544C16071EF810842AAA08EA988.d.44F2F0A6EE24DCB1B20F700B124F7900.e.21217/click - {}
RESULT: {}
RESULT: {}
COMMAND: GET /session/2eb25f1cbe9612d735ab0219d8fb520b/screenshot - {}
RESULT: {}
COMMAND: POST /session/2eb25f1cbe9612d735ab0219d8fb520b/element - {"using":"css selector","value":"div[id= \"application-managehandovers-display-component---AddNewHO--popup-sa-CbBg\"]"}
RESULT: {"using":"css selector","value":"div[id= \"application-managehandovers-display-component---AddNewHO--popup-sa-CbBg\"]"}
COMMAND: POST /session/2eb25f1cbe9612d735ab0219d8fb520b/element/f.1920C544C16071EF810842AAA08EA988.d.44F2F0A6EE24DCB1B20F700B124F7900.e.21218/click - {}
RESULT: {}
COMMAND: POST /session/2eb25f1cbe9612d735ab0219d8fb520b/element - {"using":"xpath","value":"//bdi[(text() = 'Select' or . = 'Select')]"}
COMMAND: GET /session/2eb25f1cbe9612d735ab0219d8fb520b/screenshot - {}
RESULT: {"using":"xpath","value":"//bdi[(text() = 'Select' or . = 'Select')]"}
COMMAND: POST /session/2eb25f1cbe9612d735ab0219d8fb520b/element/f.1920C544C16071EF810842AAA08EA988.d.44F2F0A6EE24DCB1B20F700B124F7900.e.21219/click - {}
RESULT: {}
RESULT: {}
COMMAND: GET /session/2eb25f1cbe9612d735ab0219d8fb520b/screenshot - {}
RESULT: {}
COMMAND: POST /session/2eb25f1cbe9612d735ab0219d8fb520b/element - {"using":"xpath","value":"//bdi[(text() = 'Save' or . = 'Save')]"}
RESULT: {"using":"xpath","value":"//bdi[(text() = 'Save' or . = 'Save')]"}
COMMAND: POST /session/2eb25f1cbe9612d735ab0219d8fb520b/element/f.1920C544C16071EF810842AAA08EA988.d.44F2F0A6EE24DCB1B20F700B124F7900.e.21223/click - {}
RESULT: {}
COMMAND: GET /session/2eb25f1cbe9612d735ab0219d8fb520b/screenshot - {}
RESULT: {}
COMMAND: POST /session/2eb25f1cbe9612d735ab0219d8fb520b/element - {"using":"xpath","value":"//input[contains(@id ,\"receiptDatePicker-inner\")]"}
RESULT: {"using":"xpath","value":"//input[contains(@id ,\"receiptDatePicker-inner\")]"}
COMMAND: POST /session/2eb25f1cbe9612d735ab0219d8fb520b/element/f.1920C544C16071EF810842AAA08EA988.d.44F2F0A6EE24DCB1B20F700B124F7900.e.21250/click - {}
RESULT: {}
COMMAND: POST /session/2eb25f1cbe9612d735ab0219d8fb520b/element - {"using":"xpath","value":"//input[contains(@id ,\"receiptDatePicker-inner\")]"}
COMMAND: GET /session/2eb25f1cbe9612d735ab0219d8fb520b/screenshot - {}
RESULT: {"using":"xpath","value":"//input[contains(@id ,\"receiptDatePicker-inner\")]"}
COMMAND: POST /session/2eb25f1cbe9612d735ab0219d8fb520b/element/f.1920C544C16071EF810842AAA08EA988.d.44F2F0A6EE24DCB1B20F700B124F7900.e.21250/clear - {}
RESULT: {}
RESULT: {}
COMMAND: POST /session/2eb25f1cbe9612d735ab0219d8fb520b/element/f.1920C544C16071EF810842AAA08EA988.d.44F2F0A6EE24DCB1B20F700B124F7900.e.21250/value - {"text":"4/25/25"}
COMMAND: GET /session/2eb25f1cbe9612d735ab0219d8fb520b/screenshot - {}
RESULT: {"text":"4/25/25"}
COMMAND: GET /session/2eb25f1cbe9612d735ab0219d8fb520b/screenshot - {}
RESULT: {}
RESULT: {}
COMMAND: POST /session/2eb25f1cbe9612d735ab0219d8fb520b/execute/async - {"script":"<script> [1562 bytes]","args":[{"selector":{"id":"administrationTabFilter","viewName":"etm.portal.ui.managehandovers.view.DetailExecuteHO","interaction":{"idSuffix":"text"}},"wdio_ui5_key":"administrationTabFilteretmportal.ui.managehandovers.view.DetailExecuteHO"}]}
RESULT: {"script":"<script> [1562 bytes]","args":[{"selector":{"id":"administrationTabFilter","viewName":"etm.portal.ui.managehandovers.view.DetailExecuteHO","interaction":{"idSuffix":"text"}},"wdio_ui5_key":"administrationTabFilteretmportal.ui.managehandovers.view.DetailExecuteHO"}]}
RESULT: undefined
COMMAND: POST /session/2eb25f1cbe9612d735ab0219d8fb520b/element - {"using":"xpath","value":"//*[@id=\"__xmlview59--administrationTabFilter\"]"}
RESULT: {"using":"xpath","value":"//*[@id=\"__xmlview59--administrationTabFilter\"]"}
COMMAND: POST /session/2eb25f1cbe9612d735ab0219d8fb520b/element/f.1920C544C16071EF810842AAA08EA988.d.44F2F0A6EE24DCB1B20F700B124F7900.e.21268/click - {}
RESULT: {}
RESULT: undefined
COMMAND: POST /session/2eb25f1cbe9612d735ab0219d8fb520b/element - {"using":"xpath","value":"//*[@id=\"__xmlview59--administrationTabFilter\"]"}
COMMAND: GET /session/2eb25f1cbe9612d735ab0219d8fb520b/screenshot - {}
RESULT: {"using":"xpath","value":"//*[@id=\"__xmlview59--administrationTabFilter\"]"}
COMMAND: POST /session/2eb25f1cbe9612d735ab0219d8fb520b/element/f.1920C544C16071EF810842AAA08EA988.d.44F2F0A6EE24DCB1B20F700B124F7900.e.21268/click - {}
RESULT: {}
RESULT: {}
COMMAND: GET /session/2eb25f1cbe9612d735ab0219d8fb520b/screenshot - {}
RESULT: {}
COMMAND: POST /session/2eb25f1cbe9612d735ab0219d8fb520b/element - {"using":"xpath","value":"//bdi[(text() = 'Confirm' or . = 'Confirm')]"}
RESULT: {"using":"xpath","value":"//bdi[(text() = 'Confirm' or . = 'Confirm')]"}
COMMAND: POST /session/2eb25f1cbe9612d735ab0219d8fb520b/element/f.1920C544C16071EF810842AAA08EA988.d.44F2F0A6EE24DCB1B20F700B124F7900.e.21276/click - {}
RESULT: {}
COMMAND: GET /session/2eb25f1cbe9612d735ab0219d8fb520b/screenshot - {}
RESULT: {}
COMMAND: POST /session/2eb25f1cbe9612d735ab0219d8fb520b/execute/async - {"script":"<script> [1562 bytes]","args":[{"selector":{"id":"confirmationButton","viewName":"etm.portal.ui.managehandovers.view.DetailExecuteHO","interaction":{"idSuffix":"BDI-content"}},"wdio_ui5_key":"confirmationButtonetmportal.ui.managehandovers.view.DetailExecuteHO"}]}
RESULT: {"script":"<script> [1562 bytes]","args":[{"selector":{"id":"confirmationButton","viewName":"etm.portal.ui.managehandovers.view.DetailExecuteHO","interaction":{"idSuffix":"BDI-content"}},"wdio_ui5_key":"confirmationButtonetmportal.ui.managehandovers.view.DetailExecuteHO"}]}
RESULT: undefined
COMMAND: POST /session/2eb25f1cbe9612d735ab0219d8fb520b/element - {"using":"xpath","value":"(//bdi[text()='Receive'])[2]"}
RESULT: {"using":"xpath","value":"(//bdi[text()='Receive'])[2]"}
COMMAND: GET /session/2eb25f1cbe9612d735ab0219d8fb520b/element/f.1920C544C16071EF810842AAA08EA988.d.44F2F0A6EE24DCB1B20F700B124F7900.e.21280/enabled - {}
RESULT: {}
COMMAND: POST /session/2eb25f1cbe9612d735ab0219d8fb520b/execute/sync - {"script":"<script> [8489 bytes]","args":[{"element-6066-11e4-a52e-4f735466cecf":"f.1920C544C16071EF810842AAA08EA988.d.44F2F0A6EE24DCB1B20F700B124F7900.e.21280","ELEMENT":"f.1920C544C16071EF810842AAA08EA988.d.44F2F0A6EE24DCB1B20F700B124F7900.e.21280"}]}
COMMAND: GET /session/2eb25f1cbe9612d735ab0219d8fb520b/screenshot - {}
RESULT: {"script":"<script> [8489 bytes]","args":[{"element-6066-11e4-a52e-4f735466cecf":"f.1920C544C16071EF810842AAA08EA988.d.44F2F0A6EE24DCB1B20F700B124F7900.e.21280","ELEMENT":"f.1920C544C16071EF810842AAA08EA988.d.44F2F0A6EE24DCB1B20F700B124F7900.e.21280"}]}
COMMAND: POST /session/2eb25f1cbe9612d735ab0219d8fb520b/execute/sync - {"script":"<script> [5351 bytes]","args":[{"element-6066-11e4-a52e-4f735466cecf":"f.1920C544C16071EF810842AAA08EA988.d.44F2F0A6EE24DCB1B20F700B124F7900.e.21280","ELEMENT":"f.1920C544C16071EF810842AAA08EA988.d.44F2F0A6EE24DCB1B20F700B124F7900.e.21280"}]}
COMMAND: GET /session/2eb25f1cbe9612d735ab0219d8fb520b/screenshot - {}
RESULT: {}
RESULT: {"script":"<script> [5351 bytes]","args":[{"element-6066-11e4-a52e-4f735466cecf":"f.1920C544C16071EF810842AAA08EA988.d.44F2F0A6EE24DCB1B20F700B124F7900.e.21280","ELEMENT":"f.1920C544C16071EF810842AAA08EA988.d.44F2F0A6EE24DCB1B20F700B124F7900.e.21280"}]}
COMMAND: POST /session/2eb25f1cbe9612d735ab0219d8fb520b/element/f.1920C544C16071EF810842AAA08EA988.d.44F2F0A6EE24DCB1B20F700B124F7900.e.21280/click - {}
COMMAND: GET /session/2eb25f1cbe9612d735ab0219d8fb520b/screenshot - {}
RESULT: {}
RESULT: {}
COMMAND: GET /session/2eb25f1cbe9612d735ab0219d8fb520b/screenshot - {}
RESULT: {}
RESULT: {}
COMMAND: POST /session/2eb25f1cbe9612d735ab0219d8fb520b/element - {"using":"css selector","value":"#shell-header-logo"}
RESULT: {"using":"css selector","value":"#shell-header-logo"}
COMMAND: POST /session/2eb25f1cbe9612d735ab0219d8fb520b/element/f.1920C544C16071EF810842AAA08EA988.d.44F2F0A6EE24DCB1B20F700B124F7900.e.20707/click - {}
RESULT: {}
COMMAND: GET /session/2eb25f1cbe9612d735ab0219d8fb520b/screenshot - {}
RESULT: {}
]]></system-out>
    </testcase>
    <testcase classname="chrome.135_0_7049_96.windows.Provide_to_Site_w/o_warehouse_management_wo_clarification" name="Should create a new contract" time="49.726">
      <system-out><![CDATA[
COMMAND: POST /session/2eb25f1cbe9612d735ab0219d8fb520b/execute/async - {"script":"<script> [1562 bytes]","args":[{"selector":{"controlType":"sap.m.GenericTile","properties":{"header":"Manage Contracts"}},"wdio_ui5_key":"sapm.GenericTile{\"header\":\"Manage Contracts\"}"}]}
RESULT: {"script":"<script> [1562 bytes]","args":[{"selector":{"controlType":"sap.m.GenericTile","properties":{"header":"Manage Contracts"}},"wdio_ui5_key":"sapm.GenericTile{\"header\":\"Manage Contracts\"}"}]}
RESULT: undefined
COMMAND: POST /session/2eb25f1cbe9612d735ab0219d8fb520b/element - {"using":"xpath","value":"//*[@id=\"__tile131\"]"}
RESULT: {"using":"xpath","value":"//*[@id=\"__tile131\"]"}
COMMAND: POST /session/2eb25f1cbe9612d735ab0219d8fb520b/element/f.1920C544C16071EF810842AAA08EA988.d.44F2F0A6EE24DCB1B20F700B124F7900.e.21426/click - {}
RESULT: {}
COMMAND: GET /session/2eb25f1cbe9612d735ab0219d8fb520b/screenshot - {}
COMMAND: POST /session/2eb25f1cbe9612d735ab0219d8fb520b/execute/async - {"script":"<script> [1562 bytes]","args":[{"selector":{"controlType":"sap.ui.core.Icon","viewName":"etm.portal.ui.managecontracts.view.Master","properties":{"src":{"regex":{"source":"add"}}}},"wdio_ui5_key":"etmportal.ui.managecontracts.view.Mastersap.ui.core.Icon{\"src\":{\"regex\":{\"source\":\"add\"}}}"}]}
RESULT: {}
RESULT: {"script":"<script> [1562 bytes]","args":[{"selector":{"controlType":"sap.ui.core.Icon","viewName":"etm.portal.ui.managecontracts.view.Master","properties":{"src":{"regex":{"source":"add"}}}},"wdio_ui5_key":"etmportal.ui.managecontracts.view.Mastersap.ui.core.Icon{\"src\":{\"regex\":{\"source\":\"add\"}}}"}]}
RESULT: undefined
COMMAND: POST /session/2eb25f1cbe9612d735ab0219d8fb520b/element - {"using":"xpath","value":"//*[@id=\"__button298-img\"]"}
RESULT: {"using":"xpath","value":"//*[@id=\"__button298-img\"]"}
COMMAND: POST /session/2eb25f1cbe9612d735ab0219d8fb520b/element/f.1920C544C16071EF810842AAA08EA988.d.44F2F0A6EE24DCB1B20F700B124F7900.e.21514/click - {}
RESULT: {}
COMMAND: POST /session/2eb25f1cbe9612d735ab0219d8fb520b/execute/async - {"script":"<script> [1562 bytes]","args":[{"selector":{"id":"application-managecontracts-display-component---AddNewContract--projectDescription","interaction":{"idSuffix":"inner"}},"wdio_ui5_key":"applicationmanagecontracts-display-component---AddNewContract--projectDescription"}]}
COMMAND: GET /session/2eb25f1cbe9612d735ab0219d8fb520b/screenshot - {}
RESULT: {"script":"<script> [1562 bytes]","args":[{"selector":{"id":"application-managecontracts-display-component---AddNewContract--projectDescription","interaction":{"idSuffix":"inner"}},"wdio_ui5_key":"applicationmanagecontracts-display-component---AddNewContract--projectDescription"}]}
RESULT: undefined
COMMAND: POST /session/2eb25f1cbe9612d735ab0219d8fb520b/execute/async - {"script":"<script> [776 bytes]","args":[{"enterText":"wdi5 contract for billing","selector":{"id":"application-managecontracts-display-component---AddNewContract--projectDescription","interaction":{"idSuffix":"inner"}},"clearTextFirst":true,"interactionType":"ENTER_TEXT"}]}
RESULT: {}
RESULT: {"script":"<script> [776 bytes]","args":[{"enterText":"wdi5 contract for billing","selector":{"id":"application-managecontracts-display-component---AddNewContract--projectDescription","interaction":{"idSuffix":"inner"}},"clearTextFirst":true,"interactionType":"ENTER_TEXT"}]}
COMMAND: POST /session/2eb25f1cbe9612d735ab0219d8fb520b/element - {"using":"xpath","value":"//input[@id=\"application-managecontracts-display-component---AddNewContract--customerSelect-inner\"]"}
RESULT: {"using":"xpath","value":"//input[@id=\"application-managecontracts-display-component---AddNewContract--customerSelect-inner\"]"}
COMMAND: POST /session/2eb25f1cbe9612d735ab0219d8fb520b/element/f.1920C544C16071EF810842AAA08EA988.d.44F2F0A6EE24DCB1B20F700B124F7900.e.21744/clear - {}
RESULT: {}
COMMAND: POST /session/2eb25f1cbe9612d735ab0219d8fb520b/element/f.1920C544C16071EF810842AAA08EA988.d.44F2F0A6EE24DCB1B20F700B124F7900.e.21744/value - {"text":"1097"}
COMMAND: GET /session/2eb25f1cbe9612d735ab0219d8fb520b/screenshot - {}
RESULT: {"text":"1097"}
COMMAND: GET /session/2eb25f1cbe9612d735ab0219d8fb520b/screenshot - {}
RESULT: {}
RESULT: {}
COMMAND: POST /session/2eb25f1cbe9612d735ab0219d8fb520b/actions - {"actions":[{"id":"action86","type":"key","parameters":{},"actions":[{"type":"keyDown","value":"î€‡"},{"type":"pause","duration":10},{"type":"keyUp","value":"î€‡"}]}]}
RESULT: {"actions":[{"id":"action86","type":"key","parameters":{},"actions":[{"type":"keyDown","value":"î€‡"},{"type":"pause","duration":10},{"type":"keyUp","value":"î€‡"}]}]}
COMMAND: POST /session/2eb25f1cbe9612d735ab0219d8fb520b/element - {"using":"xpath","value":"//input[@id=\"application-managecontracts-display-component---AddNewContract--site-inner\"]"}
COMMAND: GET /session/2eb25f1cbe9612d735ab0219d8fb520b/screenshot - {}
RESULT: {"using":"xpath","value":"//input[@id=\"application-managecontracts-display-component---AddNewContract--site-inner\"]"}
COMMAND: POST /session/2eb25f1cbe9612d735ab0219d8fb520b/element/f.1920C544C16071EF810842AAA08EA988.d.44F2F0A6EE24DCB1B20F700B124F7900.e.21745/clear - {}
RESULT: {}
RESULT: {}
COMMAND: POST /session/2eb25f1cbe9612d735ab0219d8fb520b/element/f.1920C544C16071EF810842AAA08EA988.d.44F2F0A6EE24DCB1B20F700B124F7900.e.21745/value - {"text":"2094"}
COMMAND: GET /session/2eb25f1cbe9612d735ab0219d8fb520b/screenshot - {}
RESULT: {"text":"2094"}
COMMAND: GET /session/2eb25f1cbe9612d735ab0219d8fb520b/screenshot - {}
RESULT: {}
RESULT: {}
COMMAND: POST /session/2eb25f1cbe9612d735ab0219d8fb520b/actions - {"actions":[{"id":"action87","type":"key","parameters":{},"actions":[{"type":"keyDown","value":"î€‡"},{"type":"pause","duration":10},{"type":"keyUp","value":"î€‡"}]}]}
RESULT: {"actions":[{"id":"action87","type":"key","parameters":{},"actions":[{"type":"keyDown","value":"î€‡"},{"type":"pause","duration":10},{"type":"keyUp","value":"î€‡"}]}]}
COMMAND: POST /session/2eb25f1cbe9612d735ab0219d8fb520b/execute/async - {"script":"<script> [1562 bytes]","args":[{"selector":{"id":"application-managecontracts-display-component---AddNewContract--calendarInput","interaction":{"idSuffix":"inner"}},"wdio_ui5_key":"applicationmanagecontracts-display-component---AddNewContract--calendarInput"}]}
COMMAND: GET /session/2eb25f1cbe9612d735ab0219d8fb520b/screenshot - {}
RESULT: {"script":"<script> [1562 bytes]","args":[{"selector":{"id":"application-managecontracts-display-component---AddNewContract--calendarInput","interaction":{"idSuffix":"inner"}},"wdio_ui5_key":"applicationmanagecontracts-display-component---AddNewContract--calendarInput"}]}
RESULT: undefined
COMMAND: POST /session/2eb25f1cbe9612d735ab0219d8fb520b/execute/async - {"script":"<script> [776 bytes]","args":[{"enterText":"1 - Calendar unit test patch","selector":{"id":"application-managecontracts-display-component---AddNewContract--calendarInput","interaction":{"idSuffix":"inner"}},"clearTextFirst":true,"interactionType":"ENTER_TEXT"}]}
RESULT: {}
RESULT: {"script":"<script> [776 bytes]","args":[{"enterText":"1 - Calendar unit test patch","selector":{"id":"application-managecontracts-display-component---AddNewContract--calendarInput","interaction":{"idSuffix":"inner"}},"clearTextFirst":true,"interactionType":"ENTER_TEXT"}]}
COMMAND: POST /session/2eb25f1cbe9612d735ab0219d8fb520b/actions - {"actions":[{"id":"action88","type":"key","parameters":{},"actions":[{"type":"keyDown","value":"î€‡"},{"type":"pause","duration":10},{"type":"keyUp","value":"î€‡"}]}]}
RESULT: {"actions":[{"id":"action88","type":"key","parameters":{},"actions":[{"type":"keyDown","value":"î€‡"},{"type":"pause","duration":10},{"type":"keyUp","value":"î€‡"}]}]}
COMMAND: POST /session/2eb25f1cbe9612d735ab0219d8fb520b/execute/async - {"script":"<script> [1562 bytes]","args":[{"selector":{"id":"application-managecontracts-display-component---AddNewContract--languageCB","interaction":{"idSuffix":"inner"}},"wdio_ui5_key":"applicationmanagecontracts-display-component---AddNewContract--languageCB"}]}
COMMAND: GET /session/2eb25f1cbe9612d735ab0219d8fb520b/screenshot - {}
RESULT: {"script":"<script> [1562 bytes]","args":[{"selector":{"id":"application-managecontracts-display-component---AddNewContract--languageCB","interaction":{"idSuffix":"inner"}},"wdio_ui5_key":"applicationmanagecontracts-display-component---AddNewContract--languageCB"}]}
RESULT: undefined
COMMAND: POST /session/2eb25f1cbe9612d735ab0219d8fb520b/execute/async - {"script":"<script> [776 bytes]","args":[{"enterText":"EN - English","selector":{"id":"application-managecontracts-display-component---AddNewContract--languageCB","interaction":{"idSuffix":"inner"}},"clearTextFirst":true,"interactionType":"ENTER_TEXT"}]}
RESULT: {}
RESULT: {"script":"<script> [776 bytes]","args":[{"enterText":"EN - English","selector":{"id":"application-managecontracts-display-component---AddNewContract--languageCB","interaction":{"idSuffix":"inner"}},"clearTextFirst":true,"interactionType":"ENTER_TEXT"}]}
COMMAND: POST /session/2eb25f1cbe9612d735ab0219d8fb520b/actions - {"actions":[{"id":"action89","type":"key","parameters":{},"actions":[{"type":"keyDown","value":"î€‡"},{"type":"pause","duration":10},{"type":"keyUp","value":"î€‡"}]}]}
RESULT: {"actions":[{"id":"action89","type":"key","parameters":{},"actions":[{"type":"keyDown","value":"î€‡"},{"type":"pause","duration":10},{"type":"keyUp","value":"î€‡"}]}]}
COMMAND: POST /session/2eb25f1cbe9612d735ab0219d8fb520b/execute/async - {"script":"<script> [1562 bytes]","args":[{"selector":{"id":"application-managecontracts-display-component---AddNewContract--saveBtn","interaction":{"idSuffix":"BDI-content"}},"wdio_ui5_key":"applicationmanagecontracts-display-component---AddNewContract--saveBtn"}]}
COMMAND: GET /session/2eb25f1cbe9612d735ab0219d8fb520b/screenshot - {}
RESULT: {"script":"<script> [1562 bytes]","args":[{"selector":{"id":"application-managecontracts-display-component---AddNewContract--saveBtn","interaction":{"idSuffix":"BDI-content"}},"wdio_ui5_key":"applicationmanagecontracts-display-component---AddNewContract--saveBtn"}]}
RESULT: undefined
COMMAND: POST /session/2eb25f1cbe9612d735ab0219d8fb520b/element - {"using":"xpath","value":"//*[@id=\"application-managecontracts-display-component---AddNewContract--saveBtn\"]"}
RESULT: {}
RESULT: {"using":"xpath","value":"//*[@id=\"application-managecontracts-display-component---AddNewContract--saveBtn\"]"}
COMMAND: POST /session/2eb25f1cbe9612d735ab0219d8fb520b/element/f.1920C544C16071EF810842AAA08EA988.d.44F2F0A6EE24DCB1B20F700B124F7900.e.21762/click - {}
RESULT: {}
COMMAND: GET /session/2eb25f1cbe9612d735ab0219d8fb520b/screenshot - {}
RESULT: {}
COMMAND: POST /session/2eb25f1cbe9612d735ab0219d8fb520b/execute/async - {"script":"<script> [1562 bytes]","args":[{"selector":{"id":"contractDetailTitleNoExpanded","viewName":"etm.portal.ui.managecontracts.view.Detail"},"wdio_ui5_key":"contractDetailTitleNoExpandedetmportal.ui.managecontracts.view.Detail"}]}
RESULT: {"script":"<script> [1562 bytes]","args":[{"selector":{"id":"contractDetailTitleNoExpanded","viewName":"etm.portal.ui.managecontracts.view.Detail"},"wdio_ui5_key":"contractDetailTitleNoExpandedetmportal.ui.managecontracts.view.Detail"}]}
RESULT: undefined
COMMAND: POST /session/2eb25f1cbe9612d735ab0219d8fb520b/execute/async - {"script":"<script> [6424 bytes]","args":[{"element-6066-11e4-a52e-4f735466cecf":"f.1920C544C16071EF810842AAA08EA988.d.44F2F0A6EE24DCB1B20F700B124F7900.e.21845"},"getText",[]]}
RESULT: {"script":"<script> [6424 bytes]","args":[{"element-6066-11e4-a52e-4f735466cecf":"f.1920C544C16071EF810842AAA08EA988.d.44F2F0A6EE24DCB1B20F700B124F7900.e.21845"},"getText",[]]}
]]></system-out>
    </testcase>
    <testcase classname="chrome.135_0_7049_96.windows.Provide_to_Site_w/o_warehouse_management_wo_clarification" name="Should add resource to the contract" time="64.488">
      <system-out><![CDATA[
COMMAND: POST /session/2eb25f1cbe9612d735ab0219d8fb520b/execute/async - {"script":"<script> [1562 bytes]","args":[{"selector":{"id":"contractDetailEditBtn","viewName":"etm.portal.ui.managecontracts.view.Detail","interaction":{"idSuffix":"BDI-content"}},"wdio_ui5_key":"contractDetailEditBtnetmportal.ui.managecontracts.view.Detail"}]}
RESULT: {"script":"<script> [1562 bytes]","args":[{"selector":{"id":"contractDetailEditBtn","viewName":"etm.portal.ui.managecontracts.view.Detail","interaction":{"idSuffix":"BDI-content"}},"wdio_ui5_key":"contractDetailEditBtnetmportal.ui.managecontracts.view.Detail"}]}
RESULT: undefined
COMMAND: POST /session/2eb25f1cbe9612d735ab0219d8fb520b/element - {"using":"xpath","value":"//*[@id=\"__xmlview61--contractDetailEditBtn\"]"}
RESULT: {"using":"xpath","value":"//*[@id=\"__xmlview61--contractDetailEditBtn\"]"}
COMMAND: POST /session/2eb25f1cbe9612d735ab0219d8fb520b/element/f.1920C544C16071EF810842AAA08EA988.d.44F2F0A6EE24DCB1B20F700B124F7900.e.21847/click - {}
RESULT: {}
COMMAND: GET /session/2eb25f1cbe9612d735ab0219d8fb520b/screenshot - {}
RESULT: {}
COMMAND: POST /session/2eb25f1cbe9612d735ab0219d8fb520b/execute/async - {"script":"<script> [1562 bytes]","args":[{"selector":{"id":"additionalAddressesTabFilter","viewName":"etm.portal.ui.managecontracts.view.EditContract","interaction":{"idSuffix":"text"}},"wdio_ui5_key":"additionalAddressesTabFilteretmportal.ui.managecontracts.view.EditContract"}]}
RESULT: {"script":"<script> [1562 bytes]","args":[{"selector":{"id":"additionalAddressesTabFilter","viewName":"etm.portal.ui.managecontracts.view.EditContract","interaction":{"idSuffix":"text"}},"wdio_ui5_key":"additionalAddressesTabFilteretmportal.ui.managecontracts.view.EditContract"}]}
RESULT: undefined
COMMAND: POST /session/2eb25f1cbe9612d735ab0219d8fb520b/element - {"using":"xpath","value":"//*[@id=\"__xmlview62--additionalAddressesTabFilter\"]"}
RESULT: {"using":"xpath","value":"//*[@id=\"__xmlview62--additionalAddressesTabFilter\"]"}
COMMAND: POST /session/2eb25f1cbe9612d735ab0219d8fb520b/element/f.1920C544C16071EF810842AAA08EA988.d.44F2F0A6EE24DCB1B20F700B124F7900.e.21906/click - {}
RESULT: {}
RESULT: undefined
COMMAND: POST /session/2eb25f1cbe9612d735ab0219d8fb520b/element - {"using":"xpath","value":"//*[@id=\"__xmlview62--additionalAddressesTabFilter\"]"}
COMMAND: GET /session/2eb25f1cbe9612d735ab0219d8fb520b/screenshot - {}
RESULT: {"using":"xpath","value":"//*[@id=\"__xmlview62--additionalAddressesTabFilter\"]"}
COMMAND: POST /session/2eb25f1cbe9612d735ab0219d8fb520b/element/f.1920C544C16071EF810842AAA08EA988.d.44F2F0A6EE24DCB1B20F700B124F7900.e.21906/click - {}
RESULT: {}
RESULT: {}
COMMAND: POST /session/2eb25f1cbe9612d735ab0219d8fb520b/execute/async - {"script":"<script> [1562 bytes]","args":[{"selector":{"controlType":"sap.ui.core.Icon","viewName":"etm.portal.ui.managecontracts.view.EditContract","properties":{"src":{"regex":{"source":"add"}}}},"wdio_ui5_key":"etmportal.ui.managecontracts.view.EditContractsap.ui.core.Icon{\"src\":{\"regex\":{\"source\":\"add\"}}}"}]}
COMMAND: GET /session/2eb25f1cbe9612d735ab0219d8fb520b/screenshot - {}
RESULT: {"script":"<script> [1562 bytes]","args":[{"selector":{"controlType":"sap.ui.core.Icon","viewName":"etm.portal.ui.managecontracts.view.EditContract","properties":{"src":{"regex":{"source":"add"}}}},"wdio_ui5_key":"etmportal.ui.managecontracts.view.EditContractsap.ui.core.Icon{\"src\":{\"regex\":{\"source\":\"add\"}}}"}]}
RESULT: undefined
COMMAND: POST /session/2eb25f1cbe9612d735ab0219d8fb520b/element - {"using":"xpath","value":"//*[@id=\"__xmlview62--btnAddTableRow-img\"]"}
RESULT: {}
RESULT: {"using":"xpath","value":"//*[@id=\"__xmlview62--btnAddTableRow-img\"]"}
COMMAND: POST /session/2eb25f1cbe9612d735ab0219d8fb520b/element/f.1920C544C16071EF810842AAA08EA988.d.44F2F0A6EE24DCB1B20F700B124F7900.e.21911/click - {}
RESULT: {}
COMMAND: POST /session/2eb25f1cbe9612d735ab0219d8fb520b/element - {"using":"xpath","value":"//div[(text() = 'Standard Entry' or . = 'Standard Entry')]"}
COMMAND: GET /session/2eb25f1cbe9612d735ab0219d8fb520b/screenshot - {}
RESULT: {"using":"xpath","value":"//div[(text() = 'Standard Entry' or . = 'Standard Entry')]"}
COMMAND: POST /session/2eb25f1cbe9612d735ab0219d8fb520b/element/f.1920C544C16071EF810842AAA08EA988.d.44F2F0A6EE24DCB1B20F700B124F7900.e.21913/click - {}
RESULT: {}
RESULT: {}
COMMAND: POST /session/2eb25f1cbe9612d735ab0219d8fb520b/execute/async - {"script":"<script> [1562 bytes]","args":[{"selector":{"controlType":"sap.ui.core.Icon","viewName":"etm.portal.ui.managecontracts.view.EditContract","properties":{"src":{"regex":{"source":"inspect"}}}},"wdio_ui5_key":"etmportal.ui.managecontracts.view.EditContractsap.ui.core.Icon{\"src\":{\"regex\":{\"source\":\"inspect\"}}}"}]}
COMMAND: GET /session/2eb25f1cbe9612d735ab0219d8fb520b/screenshot - {}
RESULT: {"script":"<script> [1562 bytes]","args":[{"selector":{"controlType":"sap.ui.core.Icon","viewName":"etm.portal.ui.managecontracts.view.EditContract","properties":{"src":{"regex":{"source":"inspect"}}}},"wdio_ui5_key":"etmportal.ui.managecontracts.view.EditContractsap.ui.core.Icon{\"src\":{\"regex\":{\"source\":\"inspect\"}}}"}]}
RESULT: undefined
COMMAND: POST /session/2eb25f1cbe9612d735ab0219d8fb520b/element - {"using":"xpath","value":"//*[@id=\"__button324-img\"]"}
RESULT: {}
RESULT: {"using":"xpath","value":"//*[@id=\"__button324-img\"]"}
COMMAND: POST /session/2eb25f1cbe9612d735ab0219d8fb520b/element/f.1920C544C16071EF810842AAA08EA988.d.44F2F0A6EE24DCB1B20F700B124F7900.e.21925/click - {}
RESULT: {}
COMMAND: GET /session/2eb25f1cbe9612d735ab0219d8fb520b/screenshot - {}
RESULT: {}
COMMAND: POST /session/2eb25f1cbe9612d735ab0219d8fb520b/element - {"using":"xpath","value":"//td[6]/div/div/input[1]"}
RESULT: {"using":"xpath","value":"//td[6]/div/div/input[1]"}
COMMAND: POST /session/2eb25f1cbe9612d735ab0219d8fb520b/element/f.1920C544C16071EF810842AAA08EA988.d.44F2F0A6EE24DCB1B20F700B124F7900.e.21915/clear - {}
RESULT: {}
COMMAND: GET /session/2eb25f1cbe9612d735ab0219d8fb520b/screenshot - {}
RESULT: {}
COMMAND: POST /session/2eb25f1cbe9612d735ab0219d8fb520b/element - {"using":"xpath","value":"//td[6]/div/div/input[1]"}
RESULT: {"using":"xpath","value":"//td[6]/div/div/input[1]"}
COMMAND: POST /session/2eb25f1cbe9612d735ab0219d8fb520b/element/f.1920C544C16071EF810842AAA08EA988.d.44F2F0A6EE24DCB1B20F700B124F7900.e.21941/click - {}
RESULT: {}
COMMAND: POST /session/2eb25f1cbe9612d735ab0219d8fb520b/actions - {"actions":[{"id":"action90","type":"key","parameters":{},"actions":[{"type":"keyDown","value":"î€ƒ"},{"type":"pause","duration":10},{"type":"keyUp","value":"î€ƒ"}]}]}
COMMAND: GET /session/2eb25f1cbe9612d735ab0219d8fb520b/screenshot - {}
RESULT: {"actions":[{"id":"action90","type":"key","parameters":{},"actions":[{"type":"keyDown","value":"î€ƒ"},{"type":"pause","duration":10},{"type":"keyUp","value":"î€ƒ"}]}]}
COMMAND: POST /session/2eb25f1cbe9612d735ab0219d8fb520b/element - {"using":"xpath","value":"//td[6]/div/div/input[1]"}
COMMAND: GET /session/2eb25f1cbe9612d735ab0219d8fb520b/screenshot - {}
RESULT: {}
RESULT: {"using":"xpath","value":"//td[6]/div/div/input[1]"}
COMMAND: POST /session/2eb25f1cbe9612d735ab0219d8fb520b/element/f.1920C544C16071EF810842AAA08EA988.d.44F2F0A6EE24DCB1B20F700B124F7900.e.21941/clear - {}
RESULT: {}
RESULT: {}
COMMAND: POST /session/2eb25f1cbe9612d735ab0219d8fb520b/element/f.1920C544C16071EF810842AAA08EA988.d.44F2F0A6EE24DCB1B20F700B124F7900.e.21941/value - {"text":"Material"}
COMMAND: GET /session/2eb25f1cbe9612d735ab0219d8fb520b/screenshot - {}
RESULT: {"text":"Material"}
COMMAND: GET /session/2eb25f1cbe9612d735ab0219d8fb520b/screenshot - {}
RESULT: {}
RESULT: {}
COMMAND: POST /session/2eb25f1cbe9612d735ab0219d8fb520b/actions - {"actions":[{"id":"action91","type":"key","parameters":{},"actions":[{"type":"keyDown","value":"î€‡"},{"type":"pause","duration":10},{"type":"keyUp","value":"î€‡"}]}]}
RESULT: {"actions":[{"id":"action91","type":"key","parameters":{},"actions":[{"type":"keyDown","value":"î€‡"},{"type":"pause","duration":10},{"type":"keyUp","value":"î€‡"}]}]}
COMMAND: POST /session/2eb25f1cbe9612d735ab0219d8fb520b/element - {"using":"xpath","value":"//td[7]/div/div/input[1]"}
COMMAND: GET /session/2eb25f1cbe9612d735ab0219d8fb520b/screenshot - {}
RESULT: {"using":"xpath","value":"//td[7]/div/div/input[1]"}
COMMAND: POST /session/2eb25f1cbe9612d735ab0219d8fb520b/element/f.1920C544C16071EF810842AAA08EA988.d.44F2F0A6EE24DCB1B20F700B124F7900.e.21963/clear - {}
RESULT: {}
RESULT: {}
COMMAND: POST /session/2eb25f1cbe9612d735ab0219d8fb520b/element/f.1920C544C16071EF810842AAA08EA988.d.44F2F0A6EE24DCB1B20F700B124F7900.e.21963/value - {"text":"200084"}
COMMAND: GET /session/2eb25f1cbe9612d735ab0219d8fb520b/screenshot - {}
RESULT: {"text":"200084"}
COMMAND: GET /session/2eb25f1cbe9612d735ab0219d8fb520b/screenshot - {}
RESULT: {}
RESULT: {}
COMMAND: POST /session/2eb25f1cbe9612d735ab0219d8fb520b/actions - {"actions":[{"id":"action92","type":"key","parameters":{},"actions":[{"type":"keyDown","value":"î€‡"},{"type":"pause","duration":10},{"type":"keyUp","value":"î€‡"}]}]}
RESULT: {"actions":[{"id":"action92","type":"key","parameters":{},"actions":[{"type":"keyDown","value":"î€‡"},{"type":"pause","duration":10},{"type":"keyUp","value":"î€‡"}]}]}
COMMAND: POST /session/2eb25f1cbe9612d735ab0219d8fb520b/execute/async - {"script":"<script> [1562 bytes]","args":[{"selector":{"controlType":"sap.m.Button","properties":{"text":"OK"},"searchOpenDialogs":true,"interaction":{"idSuffix":"BDI-content"}},"wdio_ui5_key":"sapm.Button{\"text\":\"OK\"}"}]}
COMMAND: GET /session/2eb25f1cbe9612d735ab0219d8fb520b/screenshot - {}
RESULT: {"script":"<script> [1562 bytes]","args":[{"selector":{"controlType":"sap.m.Button","properties":{"text":"OK"},"searchOpenDialogs":true,"interaction":{"idSuffix":"BDI-content"}},"wdio_ui5_key":"sapm.Button{\"text\":\"OK\"}"}]}
RESULT: undefined
COMMAND: POST /session/2eb25f1cbe9612d735ab0219d8fb520b/element - {"using":"xpath","value":"//*[@id=\"__mbox-btn-1\"]"}
RESULT: {}
RESULT: {"using":"xpath","value":"//*[@id=\"__mbox-btn-1\"]"}
COMMAND: POST /session/2eb25f1cbe9612d735ab0219d8fb520b/element/f.1920C544C16071EF810842AAA08EA988.d.44F2F0A6EE24DCB1B20F700B124F7900.e.21984/click - {}
RESULT: {}
COMMAND: POST /session/2eb25f1cbe9612d735ab0219d8fb520b/execute/async - {"script":"<script> [1562 bytes]","args":[{"selector":{"id":"saveBtn","viewName":"etm.portal.ui.managecontracts.view.EditContract","interaction":{"idSuffix":"BDI-content"}},"wdio_ui5_key":"saveBtnetmportal.ui.managecontracts.view.EditContract"}]}
COMMAND: GET /session/2eb25f1cbe9612d735ab0219d8fb520b/screenshot - {}
RESULT: {"script":"<script> [1562 bytes]","args":[{"selector":{"id":"saveBtn","viewName":"etm.portal.ui.managecontracts.view.EditContract","interaction":{"idSuffix":"BDI-content"}},"wdio_ui5_key":"saveBtnetmportal.ui.managecontracts.view.EditContract"}]}
RESULT: undefined
COMMAND: POST /session/2eb25f1cbe9612d735ab0219d8fb520b/element - {"using":"xpath","value":"//*[@id=\"__xmlview62--saveBtn\"]"}
RESULT: {}
RESULT: {"using":"xpath","value":"//*[@id=\"__xmlview62--saveBtn\"]"}
COMMAND: POST /session/2eb25f1cbe9612d735ab0219d8fb520b/element/f.1920C544C16071EF810842AAA08EA988.d.44F2F0A6EE24DCB1B20F700B124F7900.e.22010/click - {}
RESULT: {}
COMMAND: GET /session/2eb25f1cbe9612d735ab0219d8fb520b/screenshot - {}
RESULT: {}
COMMAND: POST /session/2eb25f1cbe9612d735ab0219d8fb520b/execute/async - {"script":"<script> [1562 bytes]","args":[{"selector":{"id":"additionalAddressesTabFilter","viewName":"etm.portal.ui.managecontracts.view.Detail","interaction":{"idSuffix":"text"}},"wdio_ui5_key":"additionalAddressesTabFilteretmportal.ui.managecontracts.view.Detail"}]}
RESULT: {"script":"<script> [1562 bytes]","args":[{"selector":{"id":"additionalAddressesTabFilter","viewName":"etm.portal.ui.managecontracts.view.Detail","interaction":{"idSuffix":"text"}},"wdio_ui5_key":"additionalAddressesTabFilteretmportal.ui.managecontracts.view.Detail"}]}
RESULT: undefined
COMMAND: POST /session/2eb25f1cbe9612d735ab0219d8fb520b/element - {"using":"xpath","value":"//*[@id=\"__xmlview61--additionalAddressesTabFilter\"]"}
RESULT: {"using":"xpath","value":"//*[@id=\"__xmlview61--additionalAddressesTabFilter\"]"}
COMMAND: POST /session/2eb25f1cbe9612d735ab0219d8fb520b/element/f.1920C544C16071EF810842AAA08EA988.d.44F2F0A6EE24DCB1B20F700B124F7900.e.22014/click - {}
RESULT: {}
COMMAND: POST /session/2eb25f1cbe9612d735ab0219d8fb520b/execute/async - {"script":"<script> [1562 bytes]","args":[{"selector":{"id":"contractDetailProvideButton","viewName":"etm.portal.ui.managecontracts.view.Detail","interaction":{"idSuffix":"BDI-content"}},"wdio_ui5_key":"contractDetailProvideButtonetmportal.ui.managecontracts.view.Detail"}]}
COMMAND: GET /session/2eb25f1cbe9612d735ab0219d8fb520b/screenshot - {}
RESULT: {"script":"<script> [1562 bytes]","args":[{"selector":{"id":"contractDetailProvideButton","viewName":"etm.portal.ui.managecontracts.view.Detail","interaction":{"idSuffix":"BDI-content"}},"wdio_ui5_key":"contractDetailProvideButtonetmportal.ui.managecontracts.view.Detail"}]}
RESULT: undefined
COMMAND: POST /session/2eb25f1cbe9612d735ab0219d8fb520b/element - {"using":"xpath","value":"//*[@id=\"__xmlview61--contractDetailProvideButton\"]"}
RESULT: {}
RESULT: {"using":"xpath","value":"//*[@id=\"__xmlview61--contractDetailProvideButton\"]"}
COMMAND: POST /session/2eb25f1cbe9612d735ab0219d8fb520b/element/f.1920C544C16071EF810842AAA08EA988.d.44F2F0A6EE24DCB1B20F700B124F7900.e.22019/click - {}
RESULT: {}
COMMAND: GET /session/2eb25f1cbe9612d735ab0219d8fb520b/screenshot - {}
]]></system-out>
    </testcase>
    <testcase classname="chrome.135_0_7049_96.windows.Provide_to_Site_w/o_warehouse_management_wo_clarification" name="Should Create HandOvers provide to site" time="186.909">
      <system-out><![CDATA[
COMMAND: POST /session/2eb25f1cbe9612d735ab0219d8fb520b/element - {"using":"css selector","value":"#application-managehandovers-display-component---AddNewHO--dueDate-inner"}
RESULT: {}
RESULT: {"using":"css selector","value":"#application-managehandovers-display-component---AddNewHO--dueDate-inner"}
COMMAND: POST /session/2eb25f1cbe9612d735ab0219d8fb520b/element/f.1920C544C16071EF810842AAA08EA988.d.44F2F0A6EE24DCB1B20F700B124F7900.e.22109/clear - {}
RESULT: {}
COMMAND: POST /session/2eb25f1cbe9612d735ab0219d8fb520b/element/f.1920C544C16071EF810842AAA08EA988.d.44F2F0A6EE24DCB1B20F700B124F7900.e.22109/value - {"text":"4/25/25"}
COMMAND: GET /session/2eb25f1cbe9612d735ab0219d8fb520b/screenshot - {}
RESULT: {"text":"4/25/25"}
COMMAND: POST /session/2eb25f1cbe9612d735ab0219d8fb520b/element - {"using":"xpath","value":"//bdi[(text() = 'Items' or . = 'Items')]"}
COMMAND: GET /session/2eb25f1cbe9612d735ab0219d8fb520b/screenshot - {}
RESULT: {}
RESULT: {"using":"xpath","value":"//bdi[(text() = 'Items' or . = 'Items')]"}
COMMAND: POST /session/2eb25f1cbe9612d735ab0219d8fb520b/element/f.1920C544C16071EF810842AAA08EA988.d.44F2F0A6EE24DCB1B20F700B124F7900.e.22218/click - {}
RESULT: {}
RESULT: {}
COMMAND: POST /session/2eb25f1cbe9612d735ab0219d8fb520b/execute/async - {"script":"<script> [1562 bytes]","args":[{"selector":{"controlType":"sap.m.Button","viewName":"etm.portal.ui.managehandovers.view.AddNewHO","viewId":"application-managehandovers-display-component---AddNewHO","i18NText":{"propertyName":"tooltip","key":"addItems"}},"wdio_ui5_key":"etmportal.ui.managehandovers.view.AddNewHOsap.m.Button{\"propertyName\":\"tooltip\",\"key\":\"addItems\"}"}]}
COMMAND: GET /session/2eb25f1cbe9612d735ab0219d8fb520b/screenshot - {}
RESULT: {"script":"<script> [1562 bytes]","args":[{"selector":{"controlType":"sap.m.Button","viewName":"etm.portal.ui.managehandovers.view.AddNewHO","viewId":"application-managehandovers-display-component---AddNewHO","i18NText":{"propertyName":"tooltip","key":"addItems"}},"wdio_ui5_key":"etmportal.ui.managehandovers.view.AddNewHOsap.m.Button{\"propertyName\":\"tooltip\",\"key\":\"addItems\"}"}]}
RESULT: undefined
COMMAND: POST /session/2eb25f1cbe9612d735ab0219d8fb520b/element - {"using":"xpath","value":"//*[@id=\"__button349\"]"}
RESULT: {}
RESULT: {"using":"xpath","value":"//*[@id=\"__button349\"]"}
COMMAND: POST /session/2eb25f1cbe9612d735ab0219d8fb520b/element/f.1920C544C16071EF810842AAA08EA988.d.44F2F0A6EE24DCB1B20F700B124F7900.e.22225/click - {}
RESULT: {}
COMMAND: GET /session/2eb25f1cbe9612d735ab0219d8fb520b/screenshot - {}
RESULT: {}
COMMAND: POST /session/2eb25f1cbe9612d735ab0219d8fb520b/element - {"using":"css selector","value":"div[id= \"application-managehandovers-display-component---AddNewHO--popup-sa-CbBg\"]"}
RESULT: {"using":"css selector","value":"div[id= \"application-managehandovers-display-component---AddNewHO--popup-sa-CbBg\"]"}
COMMAND: POST /session/2eb25f1cbe9612d735ab0219d8fb520b/element/f.1920C544C16071EF810842AAA08EA988.d.44F2F0A6EE24DCB1B20F700B124F7900.e.22237/click - {}
RESULT: {}
COMMAND: GET /session/2eb25f1cbe9612d735ab0219d8fb520b/screenshot - {}
RESULT: {}
COMMAND: POST /session/2eb25f1cbe9612d735ab0219d8fb520b/element - {"using":"xpath","value":"//bdi[(text() = 'Select' or . = 'Select')]"}
RESULT: {"using":"xpath","value":"//bdi[(text() = 'Select' or . = 'Select')]"}
COMMAND: POST /session/2eb25f1cbe9612d735ab0219d8fb520b/element/f.1920C544C16071EF810842AAA08EA988.d.44F2F0A6EE24DCB1B20F700B124F7900.e.22238/click - {}
RESULT: {}
COMMAND: GET /session/2eb25f1cbe9612d735ab0219d8fb520b/screenshot - {}
RESULT: {}
COMMAND: POST /session/2eb25f1cbe9612d735ab0219d8fb520b/element - {"using":"xpath","value":"//bdi[(text() = 'Save' or . = 'Save')]"}
RESULT: {"using":"xpath","value":"//bdi[(text() = 'Save' or . = 'Save')]"}
COMMAND: POST /session/2eb25f1cbe9612d735ab0219d8fb520b/element/f.1920C544C16071EF810842AAA08EA988.d.44F2F0A6EE24DCB1B20F700B124F7900.e.22246/click - {}
RESULT: {}
COMMAND: GET /session/2eb25f1cbe9612d735ab0219d8fb520b/screenshot - {}
RESULT: {}
COMMAND: POST /session/2eb25f1cbe9612d735ab0219d8fb520b/element - {"using":"xpath","value":"//*[text()='OK']"}
RESULT: {"using":"xpath","value":"//*[text()='OK']"}
COMMAND: POST /session/2eb25f1cbe9612d735ab0219d8fb520b/elements - {"using":"xpath","value":"//*[text()='OK']"}
RESULT: {"using":"xpath","value":"//*[text()='OK']"}
COMMAND: POST /session/2eb25f1cbe9612d735ab0219d8fb520b/elements - {"using":"xpath","value":"//*[text()='OK']"}
RESULT: {"using":"xpath","value":"//*[text()='OK']"}
COMMAND: POST /session/2eb25f1cbe9612d735ab0219d8fb520b/elements - {"using":"xpath","value":"//*[text()='OK']"}
RESULT: {"using":"xpath","value":"//*[text()='OK']"}
COMMAND: POST /session/2eb25f1cbe9612d735ab0219d8fb520b/elements - {"using":"xpath","value":"//*[text()='OK']"}
RESULT: {"using":"xpath","value":"//*[text()='OK']"}
COMMAND: POST /session/2eb25f1cbe9612d735ab0219d8fb520b/elements - {"using":"xpath","value":"//*[text()='OK']"}
RESULT: {"using":"xpath","value":"//*[text()='OK']"}
COMMAND: POST /session/2eb25f1cbe9612d735ab0219d8fb520b/elements - {"using":"xpath","value":"//*[text()='OK']"}
RESULT: {"using":"xpath","value":"//*[text()='OK']"}
COMMAND: POST /session/2eb25f1cbe9612d735ab0219d8fb520b/elements - {"using":"xpath","value":"//*[text()='OK']"}
RESULT: {"using":"xpath","value":"//*[text()='OK']"}
COMMAND: POST /session/2eb25f1cbe9612d735ab0219d8fb520b/elements - {"using":"xpath","value":"//*[text()='OK']"}
RESULT: {"using":"xpath","value":"//*[text()='OK']"}
COMMAND: POST /session/2eb25f1cbe9612d735ab0219d8fb520b/elements - {"using":"xpath","value":"//*[text()='OK']"}
RESULT: {"using":"xpath","value":"//*[text()='OK']"}
COMMAND: POST /session/2eb25f1cbe9612d735ab0219d8fb520b/elements - {"using":"xpath","value":"//*[text()='OK']"}
RESULT: {"using":"xpath","value":"//*[text()='OK']"}
COMMAND: POST /session/2eb25f1cbe9612d735ab0219d8fb520b/elements - {"using":"xpath","value":"//*[text()='OK']"}
RESULT: {"using":"xpath","value":"//*[text()='OK']"}
COMMAND: POST /session/2eb25f1cbe9612d735ab0219d8fb520b/elements - {"using":"xpath","value":"//*[text()='OK']"}
RESULT: {"using":"xpath","value":"//*[text()='OK']"}
COMMAND: POST /session/2eb25f1cbe9612d735ab0219d8fb520b/elements - {"using":"xpath","value":"//*[text()='OK']"}
RESULT: {"using":"xpath","value":"//*[text()='OK']"}
COMMAND: POST /session/2eb25f1cbe9612d735ab0219d8fb520b/elements - {"using":"xpath","value":"//*[text()='OK']"}
RESULT: {"using":"xpath","value":"//*[text()='OK']"}
COMMAND: POST /session/2eb25f1cbe9612d735ab0219d8fb520b/elements - {"using":"xpath","value":"//*[text()='OK']"}
RESULT: {"using":"xpath","value":"//*[text()='OK']"}
COMMAND: POST /session/2eb25f1cbe9612d735ab0219d8fb520b/elements - {"using":"xpath","value":"//*[text()='OK']"}
RESULT: {"using":"xpath","value":"//*[text()='OK']"}
COMMAND: POST /session/2eb25f1cbe9612d735ab0219d8fb520b/elements - {"using":"xpath","value":"//*[text()='OK']"}
RESULT: {"using":"xpath","value":"//*[text()='OK']"}
COMMAND: POST /session/2eb25f1cbe9612d735ab0219d8fb520b/elements - {"using":"xpath","value":"//*[text()='OK']"}
RESULT: {"using":"xpath","value":"//*[text()='OK']"}
COMMAND: POST /session/2eb25f1cbe9612d735ab0219d8fb520b/elements - {"using":"xpath","value":"//*[text()='OK']"}
RESULT: {"using":"xpath","value":"//*[text()='OK']"}
COMMAND: POST /session/2eb25f1cbe9612d735ab0219d8fb520b/elements - {"using":"xpath","value":"//*[text()='OK']"}
RESULT: {"using":"xpath","value":"//*[text()='OK']"}
COMMAND: POST /session/2eb25f1cbe9612d735ab0219d8fb520b/elements - {"using":"xpath","value":"//*[text()='OK']"}
RESULT: {"using":"xpath","value":"//*[text()='OK']"}
COMMAND: POST /session/2eb25f1cbe9612d735ab0219d8fb520b/elements - {"using":"xpath","value":"//*[text()='OK']"}
RESULT: {"using":"xpath","value":"//*[text()='OK']"}
COMMAND: POST /session/2eb25f1cbe9612d735ab0219d8fb520b/elements - {"using":"xpath","value":"//*[text()='OK']"}
RESULT: {"using":"xpath","value":"//*[text()='OK']"}
COMMAND: POST /session/2eb25f1cbe9612d735ab0219d8fb520b/elements - {"using":"xpath","value":"//*[text()='OK']"}
RESULT: {"using":"xpath","value":"//*[text()='OK']"}
COMMAND: POST /session/2eb25f1cbe9612d735ab0219d8fb520b/elements - {"using":"xpath","value":"//*[text()='OK']"}
RESULT: {"using":"xpath","value":"//*[text()='OK']"}
COMMAND: POST /session/2eb25f1cbe9612d735ab0219d8fb520b/elements - {"using":"xpath","value":"//*[text()='OK']"}
RESULT: {"using":"xpath","value":"//*[text()='OK']"}
COMMAND: POST /session/2eb25f1cbe9612d735ab0219d8fb520b/elements - {"using":"xpath","value":"//*[text()='OK']"}
RESULT: {"using":"xpath","value":"//*[text()='OK']"}
COMMAND: POST /session/2eb25f1cbe9612d735ab0219d8fb520b/elements - {"using":"xpath","value":"//*[text()='OK']"}
RESULT: {"using":"xpath","value":"//*[text()='OK']"}
COMMAND: POST /session/2eb25f1cbe9612d735ab0219d8fb520b/elements - {"using":"xpath","value":"//*[text()='OK']"}
RESULT: {"using":"xpath","value":"//*[text()='OK']"}
COMMAND: POST /session/2eb25f1cbe9612d735ab0219d8fb520b/elements - {"using":"xpath","value":"//*[text()='OK']"}
RESULT: {"using":"xpath","value":"//*[text()='OK']"}
COMMAND: POST /session/2eb25f1cbe9612d735ab0219d8fb520b/elements - {"using":"xpath","value":"//*[text()='OK']"}
RESULT: {"using":"xpath","value":"//*[text()='OK']"}
COMMAND: POST /session/2eb25f1cbe9612d735ab0219d8fb520b/elements - {"using":"xpath","value":"//*[text()='OK']"}
RESULT: {"using":"xpath","value":"//*[text()='OK']"}
COMMAND: POST /session/2eb25f1cbe9612d735ab0219d8fb520b/elements - {"using":"xpath","value":"//*[text()='OK']"}
RESULT: {"using":"xpath","value":"//*[text()='OK']"}
COMMAND: POST /session/2eb25f1cbe9612d735ab0219d8fb520b/elements - {"using":"xpath","value":"//*[text()='OK']"}
RESULT: {"using":"xpath","value":"//*[text()='OK']"}
COMMAND: POST /session/2eb25f1cbe9612d735ab0219d8fb520b/elements - {"using":"xpath","value":"//*[text()='OK']"}
RESULT: {"using":"xpath","value":"//*[text()='OK']"}
COMMAND: POST /session/2eb25f1cbe9612d735ab0219d8fb520b/elements - {"using":"xpath","value":"//*[text()='OK']"}
RESULT: {"using":"xpath","value":"//*[text()='OK']"}
COMMAND: POST /session/2eb25f1cbe9612d735ab0219d8fb520b/elements - {"using":"xpath","value":"//*[text()='OK']"}
RESULT: {"using":"xpath","value":"//*[text()='OK']"}
COMMAND: POST /session/2eb25f1cbe9612d735ab0219d8fb520b/elements - {"using":"xpath","value":"//*[text()='OK']"}
RESULT: {"using":"xpath","value":"//*[text()='OK']"}
COMMAND: POST /session/2eb25f1cbe9612d735ab0219d8fb520b/elements - {"using":"xpath","value":"//*[text()='OK']"}
RESULT: {"using":"xpath","value":"//*[text()='OK']"}
COMMAND: POST /session/2eb25f1cbe9612d735ab0219d8fb520b/elements - {"using":"xpath","value":"//*[text()='OK']"}
RESULT: {"using":"xpath","value":"//*[text()='OK']"}
COMMAND: POST /session/2eb25f1cbe9612d735ab0219d8fb520b/elements - {"using":"xpath","value":"//*[text()='OK']"}
RESULT: {"using":"xpath","value":"//*[text()='OK']"}
COMMAND: POST /session/2eb25f1cbe9612d735ab0219d8fb520b/elements - {"using":"xpath","value":"//*[text()='OK']"}
RESULT: {"using":"xpath","value":"//*[text()='OK']"}
COMMAND: POST /session/2eb25f1cbe9612d735ab0219d8fb520b/elements - {"using":"xpath","value":"//*[text()='OK']"}
RESULT: {"using":"xpath","value":"//*[text()='OK']"}
COMMAND: POST /session/2eb25f1cbe9612d735ab0219d8fb520b/elements - {"using":"xpath","value":"//*[text()='OK']"}
RESULT: {"using":"xpath","value":"//*[text()='OK']"}
COMMAND: POST /session/2eb25f1cbe9612d735ab0219d8fb520b/elements - {"using":"xpath","value":"//*[text()='OK']"}
RESULT: {"using":"xpath","value":"//*[text()='OK']"}
COMMAND: POST /session/2eb25f1cbe9612d735ab0219d8fb520b/elements - {"using":"xpath","value":"//*[text()='OK']"}
RESULT: {"using":"xpath","value":"//*[text()='OK']"}
COMMAND: POST /session/2eb25f1cbe9612d735ab0219d8fb520b/elements - {"using":"xpath","value":"//*[text()='OK']"}
RESULT: {"using":"xpath","value":"//*[text()='OK']"}
COMMAND: POST /session/2eb25f1cbe9612d735ab0219d8fb520b/elements - {"using":"xpath","value":"//*[text()='OK']"}
RESULT: {"using":"xpath","value":"//*[text()='OK']"}
COMMAND: POST /session/2eb25f1cbe9612d735ab0219d8fb520b/elements - {"using":"xpath","value":"//*[text()='OK']"}
RESULT: {"using":"xpath","value":"//*[text()='OK']"}
COMMAND: POST /session/2eb25f1cbe9612d735ab0219d8fb520b/elements - {"using":"xpath","value":"//*[text()='OK']"}
RESULT: {"using":"xpath","value":"//*[text()='OK']"}
COMMAND: POST /session/2eb25f1cbe9612d735ab0219d8fb520b/elements - {"using":"xpath","value":"//*[text()='OK']"}
RESULT: {"using":"xpath","value":"//*[text()='OK']"}
COMMAND: POST /session/2eb25f1cbe9612d735ab0219d8fb520b/elements - {"using":"xpath","value":"//*[text()='OK']"}
RESULT: {"using":"xpath","value":"//*[text()='OK']"}
COMMAND: POST /session/2eb25f1cbe9612d735ab0219d8fb520b/elements - {"using":"xpath","value":"//*[text()='OK']"}
RESULT: {"using":"xpath","value":"//*[text()='OK']"}
COMMAND: POST /session/2eb25f1cbe9612d735ab0219d8fb520b/elements - {"using":"xpath","value":"//*[text()='OK']"}
RESULT: {"using":"xpath","value":"//*[text()='OK']"}
COMMAND: POST /session/2eb25f1cbe9612d735ab0219d8fb520b/elements - {"using":"xpath","value":"//*[text()='OK']"}
RESULT: {"using":"xpath","value":"//*[text()='OK']"}
COMMAND: POST /session/2eb25f1cbe9612d735ab0219d8fb520b/elements - {"using":"xpath","value":"//*[text()='OK']"}
RESULT: {"using":"xpath","value":"//*[text()='OK']"}
COMMAND: POST /session/2eb25f1cbe9612d735ab0219d8fb520b/elements - {"using":"xpath","value":"//*[text()='OK']"}
RESULT: {"using":"xpath","value":"//*[text()='OK']"}
COMMAND: POST /session/2eb25f1cbe9612d735ab0219d8fb520b/elements - {"using":"xpath","value":"//*[text()='OK']"}
RESULT: {"using":"xpath","value":"//*[text()='OK']"}
COMMAND: POST /session/2eb25f1cbe9612d735ab0219d8fb520b/elements - {"using":"xpath","value":"//*[text()='OK']"}
RESULT: {"using":"xpath","value":"//*[text()='OK']"}
COMMAND: POST /session/2eb25f1cbe9612d735ab0219d8fb520b/elements - {"using":"xpath","value":"//*[text()='OK']"}
RESULT: {"using":"xpath","value":"//*[text()='OK']"}
COMMAND: POST /session/2eb25f1cbe9612d735ab0219d8fb520b/elements - {"using":"xpath","value":"//*[text()='OK']"}
RESULT: {"using":"xpath","value":"//*[text()='OK']"}
COMMAND: POST /session/2eb25f1cbe9612d735ab0219d8fb520b/elements - {"using":"xpath","value":"//*[text()='OK']"}
RESULT: {"using":"xpath","value":"//*[text()='OK']"}
COMMAND: POST /session/2eb25f1cbe9612d735ab0219d8fb520b/elements - {"using":"xpath","value":"//*[text()='OK']"}
RESULT: {"using":"xpath","value":"//*[text()='OK']"}
COMMAND: POST /session/2eb25f1cbe9612d735ab0219d8fb520b/elements - {"using":"xpath","value":"//*[text()='OK']"}
RESULT: {"using":"xpath","value":"//*[text()='OK']"}
COMMAND: POST /session/2eb25f1cbe9612d735ab0219d8fb520b/elements - {"using":"xpath","value":"//*[text()='OK']"}
RESULT: {"using":"xpath","value":"//*[text()='OK']"}
COMMAND: POST /session/2eb25f1cbe9612d735ab0219d8fb520b/elements - {"using":"xpath","value":"//*[text()='OK']"}
RESULT: {"using":"xpath","value":"//*[text()='OK']"}
COMMAND: POST /session/2eb25f1cbe9612d735ab0219d8fb520b/elements - {"using":"xpath","value":"//*[text()='OK']"}
RESULT: {"using":"xpath","value":"//*[text()='OK']"}
COMMAND: POST /session/2eb25f1cbe9612d735ab0219d8fb520b/elements - {"using":"xpath","value":"//*[text()='OK']"}
RESULT: {"using":"xpath","value":"//*[text()='OK']"}
COMMAND: POST /session/2eb25f1cbe9612d735ab0219d8fb520b/elements - {"using":"xpath","value":"//*[text()='OK']"}
RESULT: {"using":"xpath","value":"//*[text()='OK']"}
COMMAND: POST /session/2eb25f1cbe9612d735ab0219d8fb520b/elements - {"using":"xpath","value":"//*[text()='OK']"}
RESULT: {"using":"xpath","value":"//*[text()='OK']"}
COMMAND: POST /session/2eb25f1cbe9612d735ab0219d8fb520b/elements - {"using":"xpath","value":"//*[text()='OK']"}
RESULT: {"using":"xpath","value":"//*[text()='OK']"}
COMMAND: POST /session/2eb25f1cbe9612d735ab0219d8fb520b/elements - {"using":"xpath","value":"//*[text()='OK']"}
RESULT: {"using":"xpath","value":"//*[text()='OK']"}
COMMAND: POST /session/2eb25f1cbe9612d735ab0219d8fb520b/elements - {"using":"xpath","value":"//*[text()='OK']"}
RESULT: {"using":"xpath","value":"//*[text()='OK']"}
COMMAND: POST /session/2eb25f1cbe9612d735ab0219d8fb520b/elements - {"using":"xpath","value":"//*[text()='OK']"}
RESULT: {"using":"xpath","value":"//*[text()='OK']"}
COMMAND: POST /session/2eb25f1cbe9612d735ab0219d8fb520b/elements - {"using":"xpath","value":"//*[text()='OK']"}
RESULT: {"using":"xpath","value":"//*[text()='OK']"}
COMMAND: POST /session/2eb25f1cbe9612d735ab0219d8fb520b/elements - {"using":"xpath","value":"//*[text()='OK']"}
RESULT: {"using":"xpath","value":"//*[text()='OK']"}
COMMAND: POST /session/2eb25f1cbe9612d735ab0219d8fb520b/elements - {"using":"xpath","value":"//*[text()='OK']"}
RESULT: {"using":"xpath","value":"//*[text()='OK']"}
COMMAND: POST /session/2eb25f1cbe9612d735ab0219d8fb520b/elements - {"using":"xpath","value":"//*[text()='OK']"}
RESULT: {"using":"xpath","value":"//*[text()='OK']"}
COMMAND: POST /session/2eb25f1cbe9612d735ab0219d8fb520b/elements - {"using":"xpath","value":"//*[text()='OK']"}
RESULT: {"using":"xpath","value":"//*[text()='OK']"}
COMMAND: POST /session/2eb25f1cbe9612d735ab0219d8fb520b/elements - {"using":"xpath","value":"//*[text()='OK']"}
RESULT: {"using":"xpath","value":"//*[text()='OK']"}
COMMAND: POST /session/2eb25f1cbe9612d735ab0219d8fb520b/elements - {"using":"xpath","value":"//*[text()='OK']"}
RESULT: {"using":"xpath","value":"//*[text()='OK']"}
COMMAND: POST /session/2eb25f1cbe9612d735ab0219d8fb520b/elements - {"using":"xpath","value":"//*[text()='OK']"}
RESULT: {"using":"xpath","value":"//*[text()='OK']"}
COMMAND: POST /session/2eb25f1cbe9612d735ab0219d8fb520b/elements - {"using":"xpath","value":"//*[text()='OK']"}
RESULT: {"using":"xpath","value":"//*[text()='OK']"}
COMMAND: POST /session/2eb25f1cbe9612d735ab0219d8fb520b/elements - {"using":"xpath","value":"//*[text()='OK']"}
RESULT: {"using":"xpath","value":"//*[text()='OK']"}
COMMAND: POST /session/2eb25f1cbe9612d735ab0219d8fb520b/elements - {"using":"xpath","value":"//*[text()='OK']"}
RESULT: {"using":"xpath","value":"//*[text()='OK']"}
COMMAND: POST /session/2eb25f1cbe9612d735ab0219d8fb520b/elements - {"using":"xpath","value":"//*[text()='OK']"}
RESULT: {"using":"xpath","value":"//*[text()='OK']"}
COMMAND: POST /session/2eb25f1cbe9612d735ab0219d8fb520b/elements - {"using":"xpath","value":"//*[text()='OK']"}
RESULT: {"using":"xpath","value":"//*[text()='OK']"}
COMMAND: POST /session/2eb25f1cbe9612d735ab0219d8fb520b/elements - {"using":"xpath","value":"//*[text()='OK']"}
RESULT: {"using":"xpath","value":"//*[text()='OK']"}
COMMAND: POST /session/2eb25f1cbe9612d735ab0219d8fb520b/elements - {"using":"xpath","value":"//*[text()='OK']"}
RESULT: {"using":"xpath","value":"//*[text()='OK']"}
COMMAND: POST /session/2eb25f1cbe9612d735ab0219d8fb520b/elements - {"using":"xpath","value":"//*[text()='OK']"}
RESULT: {"using":"xpath","value":"//*[text()='OK']"}
COMMAND: POST /session/2eb25f1cbe9612d735ab0219d8fb520b/element - {"using":"xpath","value":"//*[text()='provide (prepared)']"}
RESULT: {"using":"xpath","value":"//*[text()='provide (prepared)']"}
COMMAND: GET /session/2eb25f1cbe9612d735ab0219d8fb520b/element/f.1920C544C16071EF810842AAA08EA988.d.44F2F0A6EE24DCB1B20F700B124F7900.e.22290/text - {}
RESULT: {}
COMMAND: POST /session/2eb25f1cbe9612d735ab0219d8fb520b/element - {"using":"xpath","value":"//*[contains(text(), \"Instructions\")][@class=\"sapMITHTextContent\"]"}
RESULT: {"using":"xpath","value":"//*[contains(text(), \"Instructions\")][@class=\"sapMITHTextContent\"]"}
COMMAND: POST /session/2eb25f1cbe9612d735ab0219d8fb520b/execute/sync - {"script":"<script> [8489 bytes]","args":[{"element-6066-11e4-a52e-4f735466cecf":"f.1920C544C16071EF810842AAA08EA988.d.44F2F0A6EE24DCB1B20F700B124F7900.e.22291","ELEMENT":"f.1920C544C16071EF810842AAA08EA988.d.44F2F0A6EE24DCB1B20F700B124F7900.e.22291"}]}
RESULT: {"script":"<script> [8489 bytes]","args":[{"element-6066-11e4-a52e-4f735466cecf":"f.1920C544C16071EF810842AAA08EA988.d.44F2F0A6EE24DCB1B20F700B124F7900.e.22291","ELEMENT":"f.1920C544C16071EF810842AAA08EA988.d.44F2F0A6EE24DCB1B20F700B124F7900.e.22291"}]}
COMMAND: POST /session/2eb25f1cbe9612d735ab0219d8fb520b/execute/sync - {"script":"<script> [5351 bytes]","args":[{"element-6066-11e4-a52e-4f735466cecf":"f.1920C544C16071EF810842AAA08EA988.d.44F2F0A6EE24DCB1B20F700B124F7900.e.22291","ELEMENT":"f.1920C544C16071EF810842AAA08EA988.d.44F2F0A6EE24DCB1B20F700B124F7900.e.22291"}]}
COMMAND: GET /session/2eb25f1cbe9612d735ab0219d8fb520b/screenshot - {}
RESULT: {"script":"<script> [5351 bytes]","args":[{"element-6066-11e4-a52e-4f735466cecf":"f.1920C544C16071EF810842AAA08EA988.d.44F2F0A6EE24DCB1B20F700B124F7900.e.22291","ELEMENT":"f.1920C544C16071EF810842AAA08EA988.d.44F2F0A6EE24DCB1B20F700B124F7900.e.22291"}]}
COMMAND: POST /session/2eb25f1cbe9612d735ab0219d8fb520b/element/f.1920C544C16071EF810842AAA08EA988.d.44F2F0A6EE24DCB1B20F700B124F7900.e.22291/click - {}
COMMAND: GET /session/2eb25f1cbe9612d735ab0219d8fb520b/screenshot - {}
RESULT: {}
RESULT: {}
COMMAND: POST /session/2eb25f1cbe9612d735ab0219d8fb520b/actions - {"actions":[{"id":"action93","type":"key","parameters":{},"actions":[{"type":"keyDown","value":"î€‡"},{"type":"pause","duration":10},{"type":"keyUp","value":"î€‡"}]}]}
COMMAND: GET /session/2eb25f1cbe9612d735ab0219d8fb520b/screenshot - {}
RESULT: {}
RESULT: {"actions":[{"id":"action93","type":"key","parameters":{},"actions":[{"type":"keyDown","value":"î€‡"},{"type":"pause","duration":10},{"type":"keyUp","value":"î€‡"}]}]}
COMMAND: POST /session/2eb25f1cbe9612d735ab0219d8fb520b/element - {"using":"css selector","value":"#pickDialog--hoItemsTable-sa-CbBg"}
COMMAND: GET /session/2eb25f1cbe9612d735ab0219d8fb520b/screenshot - {}
RESULT: {}
RESULT: {"using":"css selector","value":"#pickDialog--hoItemsTable-sa-CbBg"}
COMMAND: GET /session/2eb25f1cbe9612d735ab0219d8fb520b/element/f.1920C544C16071EF810842AAA08EA988.d.44F2F0A6EE24DCB1B20F700B124F7900.e.22298/enabled - {}
RESULT: {}
RESULT: {}
COMMAND: POST /session/2eb25f1cbe9612d735ab0219d8fb520b/execute/sync - {"script":"<script> [8489 bytes]","args":[{"element-6066-11e4-a52e-4f735466cecf":"f.1920C544C16071EF810842AAA08EA988.d.44F2F0A6EE24DCB1B20F700B124F7900.e.22298","ELEMENT":"f.1920C544C16071EF810842AAA08EA988.d.44F2F0A6EE24DCB1B20F700B124F7900.e.22298"}]}
COMMAND: GET /session/2eb25f1cbe9612d735ab0219d8fb520b/screenshot - {}
RESULT: {"script":"<script> [8489 bytes]","args":[{"element-6066-11e4-a52e-4f735466cecf":"f.1920C544C16071EF810842AAA08EA988.d.44F2F0A6EE24DCB1B20F700B124F7900.e.22298","ELEMENT":"f.1920C544C16071EF810842AAA08EA988.d.44F2F0A6EE24DCB1B20F700B124F7900.e.22298"}]}
COMMAND: POST /session/2eb25f1cbe9612d735ab0219d8fb520b/execute/sync - {"script":"<script> [5351 bytes]","args":[{"element-6066-11e4-a52e-4f735466cecf":"f.1920C544C16071EF810842AAA08EA988.d.44F2F0A6EE24DCB1B20F700B124F7900.e.22298","ELEMENT":"f.1920C544C16071EF810842AAA08EA988.d.44F2F0A6EE24DCB1B20F700B124F7900.e.22298"}]}
COMMAND: GET /session/2eb25f1cbe9612d735ab0219d8fb520b/screenshot - {}
RESULT: {}
RESULT: {"script":"<script> [5351 bytes]","args":[{"element-6066-11e4-a52e-4f735466cecf":"f.1920C544C16071EF810842AAA08EA988.d.44F2F0A6EE24DCB1B20F700B124F7900.e.22298","ELEMENT":"f.1920C544C16071EF810842AAA08EA988.d.44F2F0A6EE24DCB1B20F700B124F7900.e.22298"}]}
COMMAND: POST /session/2eb25f1cbe9612d735ab0219d8fb520b/element/f.1920C544C16071EF810842AAA08EA988.d.44F2F0A6EE24DCB1B20F700B124F7900.e.22298/click - {}
COMMAND: GET /session/2eb25f1cbe9612d735ab0219d8fb520b/screenshot - {}
RESULT: {}
RESULT: {}
COMMAND: POST /session/2eb25f1cbe9612d735ab0219d8fb520b/element - {"using":"xpath","value":"//bdi[text()='Confirm All']"}
COMMAND: GET /session/2eb25f1cbe9612d735ab0219d8fb520b/screenshot - {}
RESULT: {}
RESULT: {"using":"xpath","value":"//bdi[text()='Confirm All']"}
COMMAND: GET /session/2eb25f1cbe9612d735ab0219d8fb520b/element/f.1920C544C16071EF810842AAA08EA988.d.44F2F0A6EE24DCB1B20F700B124F7900.e.22301/enabled - {}
RESULT: {}
RESULT: {}
COMMAND: POST /session/2eb25f1cbe9612d735ab0219d8fb520b/execute/sync - {"script":"<script> [8489 bytes]","args":[{"element-6066-11e4-a52e-4f735466cecf":"f.1920C544C16071EF810842AAA08EA988.d.44F2F0A6EE24DCB1B20F700B124F7900.e.22301","ELEMENT":"f.1920C544C16071EF810842AAA08EA988.d.44F2F0A6EE24DCB1B20F700B124F7900.e.22301"}]}
COMMAND: GET /session/2eb25f1cbe9612d735ab0219d8fb520b/screenshot - {}
RESULT: {"script":"<script> [8489 bytes]","args":[{"element-6066-11e4-a52e-4f735466cecf":"f.1920C544C16071EF810842AAA08EA988.d.44F2F0A6EE24DCB1B20F700B124F7900.e.22301","ELEMENT":"f.1920C544C16071EF810842AAA08EA988.d.44F2F0A6EE24DCB1B20F700B124F7900.e.22301"}]}
COMMAND: POST /session/2eb25f1cbe9612d735ab0219d8fb520b/execute/sync - {"script":"<script> [5351 bytes]","args":[{"element-6066-11e4-a52e-4f735466cecf":"f.1920C544C16071EF810842AAA08EA988.d.44F2F0A6EE24DCB1B20F700B124F7900.e.22301","ELEMENT":"f.1920C544C16071EF810842AAA08EA988.d.44F2F0A6EE24DCB1B20F700B124F7900.e.22301"}]}
COMMAND: GET /session/2eb25f1cbe9612d735ab0219d8fb520b/screenshot - {}
RESULT: {}
RESULT: {"script":"<script> [5351 bytes]","args":[{"element-6066-11e4-a52e-4f735466cecf":"f.1920C544C16071EF810842AAA08EA988.d.44F2F0A6EE24DCB1B20F700B124F7900.e.22301","ELEMENT":"f.1920C544C16071EF810842AAA08EA988.d.44F2F0A6EE24DCB1B20F700B124F7900.e.22301"}]}
COMMAND: POST /session/2eb25f1cbe9612d735ab0219d8fb520b/element/f.1920C544C16071EF810842AAA08EA988.d.44F2F0A6EE24DCB1B20F700B124F7900.e.22301/click - {}
COMMAND: GET /session/2eb25f1cbe9612d735ab0219d8fb520b/screenshot - {}
RESULT: {}
RESULT: {}
COMMAND: GET /session/2eb25f1cbe9612d735ab0219d8fb520b/screenshot - {}
RESULT: {}
RESULT: {}
COMMAND: POST /session/2eb25f1cbe9612d735ab0219d8fb520b/actions - {"actions":[{"id":"action94","type":"key","parameters":{},"actions":[{"type":"keyDown","value":"î€‡"},{"type":"pause","duration":10},{"type":"keyUp","value":"î€‡"}]}]}
RESULT: {"actions":[{"id":"action94","type":"key","parameters":{},"actions":[{"type":"keyDown","value":"î€‡"},{"type":"pause","duration":10},{"type":"keyUp","value":"î€‡"}]}]}
COMMAND: POST /session/2eb25f1cbe9612d735ab0219d8fb520b/actions - {"actions":[{"id":"action95","type":"key","parameters":{},"actions":[{"type":"keyDown","value":"î€‡"},{"type":"pause","duration":10},{"type":"keyUp","value":"î€‡"}]}]}
COMMAND: GET /session/2eb25f1cbe9612d735ab0219d8fb520b/screenshot - {}
RESULT: {"actions":[{"id":"action95","type":"key","parameters":{},"actions":[{"type":"keyDown","value":"î€‡"},{"type":"pause","duration":10},{"type":"keyUp","value":"î€‡"}]}]}
COMMAND: POST /session/2eb25f1cbe9612d735ab0219d8fb520b/execute/async - {"script":"<script> [1562 bytes]","args":[{"selector":{"id":"statesDialog--okBttnStatesDialog","searchOpenDialogs":true,"interaction":{"idSuffix":"BDI-content"}},"wdio_ui5_key":"statesDialogokBttnStatesDialog"}]}
COMMAND: GET /session/2eb25f1cbe9612d735ab0219d8fb520b/screenshot - {}
RESULT: {}
RESULT: {"script":"<script> [1562 bytes]","args":[{"selector":{"id":"statesDialog--okBttnStatesDialog","searchOpenDialogs":true,"interaction":{"idSuffix":"BDI-content"}},"wdio_ui5_key":"statesDialogokBttnStatesDialog"}]}
RESULT: undefined
RESULT: {}
RESULT: undefined
RESULT: undefined
COMMAND: POST /session/2eb25f1cbe9612d735ab0219d8fb520b/actions - {"actions":[{"id":"action96","type":"key","parameters":{},"actions":[{"type":"keyDown","value":"î€‡"},{"type":"pause","duration":10},{"type":"keyUp","value":"î€‡"}]}]}
RESULT: {"actions":[{"id":"action96","type":"key","parameters":{},"actions":[{"type":"keyDown","value":"î€‡"},{"type":"pause","duration":10},{"type":"keyUp","value":"î€‡"}]}]}
COMMAND: POST /session/2eb25f1cbe9612d735ab0219d8fb520b/execute/async - {"script":"<script> [1562 bytes]","args":[{"selector":{"controlType":"sap.m.Text","viewName":"etm.portal.ui.managehandovers.view.DetailExecuteHO","bindingPath":{"propertyPath":"NO","modelName":"catalogModel"}},"wdio_ui5_key":"etmportal.ui.managehandovers.view.DetailExecuteHOsap.m.Text{\"propertyPath\":\"NO\",\"modelName\":\"catalogModel\"}"}]}
COMMAND: GET /session/2eb25f1cbe9612d735ab0219d8fb520b/screenshot - {}
RESULT: {"script":"<script> [1562 bytes]","args":[{"selector":{"controlType":"sap.m.Text","viewName":"etm.portal.ui.managehandovers.view.DetailExecuteHO","bindingPath":{"propertyPath":"NO","modelName":"catalogModel"}},"wdio_ui5_key":"etmportal.ui.managehandovers.view.DetailExecuteHOsap.m.Text{\"propertyPath\":\"NO\",\"modelName\":\"catalogModel\"}"}]}
RESULT: undefined
COMMAND: POST /session/2eb25f1cbe9612d735ab0219d8fb520b/execute/async - {"script":"<script> [6424 bytes]","args":[{"element-6066-11e4-a52e-4f735466cecf":"f.1920C544C16071EF810842AAA08EA988.d.44F2F0A6EE24DCB1B20F700B124F7900.e.22307"},"getText",[]]}
RESULT: {}
RESULT: {"script":"<script> [6424 bytes]","args":[{"element-6066-11e4-a52e-4f735466cecf":"f.1920C544C16071EF810842AAA08EA988.d.44F2F0A6EE24DCB1B20F700B124F7900.e.22307"},"getText",[]]}
COMMAND: POST /session/2eb25f1cbe9612d735ab0219d8fb520b/actions - {"actions":[{"id":"action97","type":"key","parameters":{},"actions":[{"type":"keyDown","value":"î€‡"},{"type":"pause","duration":10},{"type":"keyUp","value":"î€‡"}]}]}
RESULT: {"actions":[{"id":"action97","type":"key","parameters":{},"actions":[{"type":"keyDown","value":"î€‡"},{"type":"pause","duration":10},{"type":"keyUp","value":"î€‡"}]}]}
COMMAND: GET /session/2eb25f1cbe9612d735ab0219d8fb520b/screenshot - {}
RESULT: {}
COMMAND: POST /session/2eb25f1cbe9612d735ab0219d8fb520b/element - {"using":"xpath","value":"//bdi[text()='OK']"}
RESULT: {"using":"xpath","value":"//bdi[text()='OK']"}
COMMAND: POST /session/2eb25f1cbe9612d735ab0219d8fb520b/element - {"using":"xpath","value":"//bdi[text()='OK']"}
RESULT: {"using":"xpath","value":"//bdi[text()='OK']"}
COMMAND: POST /session/2eb25f1cbe9612d735ab0219d8fb520b/actions - {"actions":[{"id":"action98","type":"key","parameters":{},"actions":[{"type":"keyDown","value":"î€‡"},{"type":"pause","duration":10},{"type":"keyUp","value":"î€‡"}]}]}
RESULT: {"actions":[{"id":"action98","type":"key","parameters":{},"actions":[{"type":"keyDown","value":"î€‡"},{"type":"pause","duration":10},{"type":"keyUp","value":"î€‡"}]}]}
COMMAND: POST /session/2eb25f1cbe9612d735ab0219d8fb520b/element - {"using":"xpath","value":"//bdi[(text() = 'Confirm' or . = 'Confirm')]"}
COMMAND: GET /session/2eb25f1cbe9612d735ab0219d8fb520b/screenshot - {}
RESULT: {"using":"xpath","value":"//bdi[(text() = 'Confirm' or . = 'Confirm')]"}
COMMAND: POST /session/2eb25f1cbe9612d735ab0219d8fb520b/execute/sync - {"script":"<script> [8489 bytes]","args":[{"element-6066-11e4-a52e-4f735466cecf":"f.1920C544C16071EF810842AAA08EA988.d.44F2F0A6EE24DCB1B20F700B124F7900.e.22310","ELEMENT":"f.1920C544C16071EF810842AAA08EA988.d.44F2F0A6EE24DCB1B20F700B124F7900.e.22310"}]}
RESULT: {}
RESULT: {"script":"<script> [8489 bytes]","args":[{"element-6066-11e4-a52e-4f735466cecf":"f.1920C544C16071EF810842AAA08EA988.d.44F2F0A6EE24DCB1B20F700B124F7900.e.22310","ELEMENT":"f.1920C544C16071EF810842AAA08EA988.d.44F2F0A6EE24DCB1B20F700B124F7900.e.22310"}]}
COMMAND: POST /session/2eb25f1cbe9612d735ab0219d8fb520b/execute/sync - {"script":"<script> [8489 bytes]","args":[{"element-6066-11e4-a52e-4f735466cecf":"f.1920C544C16071EF810842AAA08EA988.d.44F2F0A6EE24DCB1B20F700B124F7900.e.22310","ELEMENT":"f.1920C544C16071EF810842AAA08EA988.d.44F2F0A6EE24DCB1B20F700B124F7900.e.22310"}]}
COMMAND: GET /session/2eb25f1cbe9612d735ab0219d8fb520b/screenshot - {}
RESULT: {"script":"<script> [8489 bytes]","args":[{"element-6066-11e4-a52e-4f735466cecf":"f.1920C544C16071EF810842AAA08EA988.d.44F2F0A6EE24DCB1B20F700B124F7900.e.22310","ELEMENT":"f.1920C544C16071EF810842AAA08EA988.d.44F2F0A6EE24DCB1B20F700B124F7900.e.22310"}]}
COMMAND: POST /session/2eb25f1cbe9612d735ab0219d8fb520b/execute/sync - {"script":"<script> [5351 bytes]","args":[{"element-6066-11e4-a52e-4f735466cecf":"f.1920C544C16071EF810842AAA08EA988.d.44F2F0A6EE24DCB1B20F700B124F7900.e.22310","ELEMENT":"f.1920C544C16071EF810842AAA08EA988.d.44F2F0A6EE24DCB1B20F700B124F7900.e.22310"}]}
COMMAND: GET /session/2eb25f1cbe9612d735ab0219d8fb520b/screenshot - {}
RESULT: {}
RESULT: {"script":"<script> [5351 bytes]","args":[{"element-6066-11e4-a52e-4f735466cecf":"f.1920C544C16071EF810842AAA08EA988.d.44F2F0A6EE24DCB1B20F700B124F7900.e.22310","ELEMENT":"f.1920C544C16071EF810842AAA08EA988.d.44F2F0A6EE24DCB1B20F700B124F7900.e.22310"}]}
COMMAND: POST /session/2eb25f1cbe9612d735ab0219d8fb520b/actions - {"actions":[{"id":"action99","type":"key","parameters":{},"actions":[{"type":"keyDown","value":"î€‡"},{"type":"pause","duration":10},{"type":"keyUp","value":"î€‡"}]}]}
COMMAND: GET /session/2eb25f1cbe9612d735ab0219d8fb520b/screenshot - {}
RESULT: {}
RESULT: {"actions":[{"id":"action99","type":"key","parameters":{},"actions":[{"type":"keyDown","value":"î€‡"},{"type":"pause","duration":10},{"type":"keyUp","value":"î€‡"}]}]}
COMMAND: POST /session/2eb25f1cbe9612d735ab0219d8fb520b/element - {"using":"xpath","value":"(//bdi[text()='Pick'])[1]"}
COMMAND: GET /session/2eb25f1cbe9612d735ab0219d8fb520b/screenshot - {}
RESULT: {}
RESULT: {"using":"xpath","value":"(//bdi[text()='Pick'])[1]"}
COMMAND: GET /session/2eb25f1cbe9612d735ab0219d8fb520b/element/f.1920C544C16071EF810842AAA08EA988.d.44F2F0A6EE24DCB1B20F700B124F7900.e.22311/enabled - {}
RESULT: {}
RESULT: {}
COMMAND: POST /session/2eb25f1cbe9612d735ab0219d8fb520b/execute/sync - {"script":"<script> [8489 bytes]","args":[{"element-6066-11e4-a52e-4f735466cecf":"f.1920C544C16071EF810842AAA08EA988.d.44F2F0A6EE24DCB1B20F700B124F7900.e.22311","ELEMENT":"f.1920C544C16071EF810842AAA08EA988.d.44F2F0A6EE24DCB1B20F700B124F7900.e.22311"}]}
COMMAND: GET /session/2eb25f1cbe9612d735ab0219d8fb520b/screenshot - {}
RESULT: {"script":"<script> [8489 bytes]","args":[{"element-6066-11e4-a52e-4f735466cecf":"f.1920C544C16071EF810842AAA08EA988.d.44F2F0A6EE24DCB1B20F700B124F7900.e.22311","ELEMENT":"f.1920C544C16071EF810842AAA08EA988.d.44F2F0A6EE24DCB1B20F700B124F7900.e.22311"}]}
COMMAND: POST /session/2eb25f1cbe9612d735ab0219d8fb520b/execute/sync - {"script":"<script> [5351 bytes]","args":[{"element-6066-11e4-a52e-4f735466cecf":"f.1920C544C16071EF810842AAA08EA988.d.44F2F0A6EE24DCB1B20F700B124F7900.e.22311","ELEMENT":"f.1920C544C16071EF810842AAA08EA988.d.44F2F0A6EE24DCB1B20F700B124F7900.e.22311"}]}
COMMAND: GET /session/2eb25f1cbe9612d735ab0219d8fb520b/screenshot - {}
RESULT: {}
RESULT: {"script":"<script> [5351 bytes]","args":[{"element-6066-11e4-a52e-4f735466cecf":"f.1920C544C16071EF810842AAA08EA988.d.44F2F0A6EE24DCB1B20F700B124F7900.e.22311","ELEMENT":"f.1920C544C16071EF810842AAA08EA988.d.44F2F0A6EE24DCB1B20F700B124F7900.e.22311"}]}
COMMAND: POST /session/2eb25f1cbe9612d735ab0219d8fb520b/element/f.1920C544C16071EF810842AAA08EA988.d.44F2F0A6EE24DCB1B20F700B124F7900.e.22311/click - {}
COMMAND: GET /session/2eb25f1cbe9612d735ab0219d8fb520b/screenshot - {}
RESULT: {}
RESULT: {}
COMMAND: POST /session/2eb25f1cbe9612d735ab0219d8fb520b/actions - {"actions":[{"id":"action100","type":"key","parameters":{},"actions":[{"type":"keyDown","value":"î€‡"},{"type":"pause","duration":10},{"type":"keyUp","value":"î€‡"}]}]}
COMMAND: GET /session/2eb25f1cbe9612d735ab0219d8fb520b/screenshot - {}
RESULT: {}
RESULT: {"actions":[{"id":"action100","type":"key","parameters":{},"actions":[{"type":"keyDown","value":"î€‡"},{"type":"pause","duration":10},{"type":"keyUp","value":"î€‡"}]}]}
COMMAND: GET /session/2eb25f1cbe9612d735ab0219d8fb520b/screenshot - {}
RESULT: {}
RESULT: {}
COMMAND: POST /session/2eb25f1cbe9612d735ab0219d8fb520b/execute/async - {"script":"<script> [1562 bytes]","args":[{"selector":{"controlType":"sap.m.SearchField","viewName":"etm.portal.ui.managehandovers.view.MasterHO","bindingPath":{"path":"","propertyPath":"/_BASIC_SEARCH_FIELD","modelName":"fi1t3rM0d31"},"interaction":{"idSuffix":"I"}},"wdio_ui5_key":"etmportal.ui.managehandovers.view.MasterHOsap.m.SearchField{\"path\":\"\",\"propertyPath\":\"/_BASIC_SEARCH_FIELD\",\"modelName\":\"fi1t3rM0d31\"}"}]}
RESULT: {"script":"<script> [1562 bytes]","args":[{"selector":{"controlType":"sap.m.SearchField","viewName":"etm.portal.ui.managehandovers.view.MasterHO","bindingPath":{"path":"","propertyPath":"/_BASIC_SEARCH_FIELD","modelName":"fi1t3rM0d31"},"interaction":{"idSuffix":"I"}},"wdio_ui5_key":"etmportal.ui.managehandovers.view.MasterHOsap.m.SearchField{\"path\":\"\",\"propertyPath\":\"/_BASIC_SEARCH_FIELD\",\"modelName\":\"fi1t3rM0d31\"}"}]}
RESULT: undefined
COMMAND: POST /session/2eb25f1cbe9612d735ab0219d8fb520b/execute/async - {"script":"<script> [776 bytes]","args":[{"enterText":"30293","selector":{"controlType":"sap.m.SearchField","viewName":"etm.portal.ui.managehandovers.view.MasterHO","bindingPath":{"path":"","propertyPath":"/_BASIC_SEARCH_FIELD","modelName":"fi1t3rM0d31"},"interaction":{"idSuffix":"I"}},"clearTextFirst":true,"interactionType":"ENTER_TEXT"}]}
RESULT: {"script":"<script> [776 bytes]","args":[{"enterText":"30293","selector":{"controlType":"sap.m.SearchField","viewName":"etm.portal.ui.managehandovers.view.MasterHO","bindingPath":{"path":"","propertyPath":"/_BASIC_SEARCH_FIELD","modelName":"fi1t3rM0d31"},"interaction":{"idSuffix":"I"}},"clearTextFirst":true,"interactionType":"ENTER_TEXT"}]}
COMMAND: POST /session/2eb25f1cbe9612d735ab0219d8fb520b/actions - {"actions":[{"id":"action101","type":"key","parameters":{},"actions":[{"type":"keyDown","value":"î€‡"},{"type":"pause","duration":10},{"type":"keyUp","value":"î€‡"}]}]}
RESULT: {"actions":[{"id":"action101","type":"key","parameters":{},"actions":[{"type":"keyDown","value":"î€‡"},{"type":"pause","duration":10},{"type":"keyUp","value":"î€‡"}]}]}
COMMAND: GET /session/2eb25f1cbe9612d735ab0219d8fb520b/screenshot - {}
RESULT: {}
COMMAND: POST /session/2eb25f1cbe9612d735ab0219d8fb520b/execute/async - {"script":"<script> [1562 bytes]","args":[{"selector":{"controlType":"sap.ui.core.Icon","viewName":"etm.portal.ui.managehandovers.view.MasterHO","properties":{"src":{"regex":{"source":"slim\\-arrow\\-right"}}}},"wdio_ui5_key":"etmportal.ui.managehandovers.view.MasterHOsap.ui.core.Icon{\"src\":{\"regex\":{\"source\":\"slim\\\\-arrow\\\\-right\"}}}"}]}
RESULT: {"script":"<script> [1562 bytes]","args":[{"selector":{"controlType":"sap.ui.core.Icon","viewName":"etm.portal.ui.managehandovers.view.MasterHO","properties":{"src":{"regex":{"source":"slim\\-arrow\\-right"}}}},"wdio_ui5_key":"etmportal.ui.managehandovers.view.MasterHOsap.ui.core.Icon{\"src\":{\"regex\":{\"source\":\"slim\\\\-arrow\\\\-right\"}}}"}]}
RESULT: undefined
COMMAND: POST /session/2eb25f1cbe9612d735ab0219d8fb520b/element - {"using":"xpath","value":"//*[@id=\"__item2199-__clone6894-imgNav\"]"}
RESULT: {"using":"xpath","value":"//*[@id=\"__item2199-__clone6894-imgNav\"]"}
COMMAND: POST /session/2eb25f1cbe9612d735ab0219d8fb520b/element/f.1920C544C16071EF810842AAA08EA988.d.44F2F0A6EE24DCB1B20F700B124F7900.e.22492/click - {}
RESULT: {}
COMMAND: POST /session/2eb25f1cbe9612d735ab0219d8fb520b/element - {"using":"xpath","value":"(//span[text()='Instructions'])[2]"}
COMMAND: GET /session/2eb25f1cbe9612d735ab0219d8fb520b/screenshot - {}
RESULT: {"using":"xpath","value":"(//span[text()='Instructions'])[2]"}
COMMAND: GET /session/2eb25f1cbe9612d735ab0219d8fb520b/element/f.1920C544C16071EF810842AAA08EA988.d.44F2F0A6EE24DCB1B20F700B124F7900.e.22291/enabled - {}
RESULT: {}
RESULT: {}
COMMAND: POST /session/2eb25f1cbe9612d735ab0219d8fb520b/execute/sync - {"script":"<script> [8489 bytes]","args":[{"element-6066-11e4-a52e-4f735466cecf":"f.1920C544C16071EF810842AAA08EA988.d.44F2F0A6EE24DCB1B20F700B124F7900.e.22291","ELEMENT":"f.1920C544C16071EF810842AAA08EA988.d.44F2F0A6EE24DCB1B20F700B124F7900.e.22291"}]}
COMMAND: GET /session/2eb25f1cbe9612d735ab0219d8fb520b/screenshot - {}
RESULT: {"script":"<script> [8489 bytes]","args":[{"element-6066-11e4-a52e-4f735466cecf":"f.1920C544C16071EF810842AAA08EA988.d.44F2F0A6EE24DCB1B20F700B124F7900.e.22291","ELEMENT":"f.1920C544C16071EF810842AAA08EA988.d.44F2F0A6EE24DCB1B20F700B124F7900.e.22291"}]}
COMMAND: POST /session/2eb25f1cbe9612d735ab0219d8fb520b/execute/sync - {"script":"<script> [5351 bytes]","args":[{"element-6066-11e4-a52e-4f735466cecf":"f.1920C544C16071EF810842AAA08EA988.d.44F2F0A6EE24DCB1B20F700B124F7900.e.22291","ELEMENT":"f.1920C544C16071EF810842AAA08EA988.d.44F2F0A6EE24DCB1B20F700B124F7900.e.22291"}]}
COMMAND: GET /session/2eb25f1cbe9612d735ab0219d8fb520b/screenshot - {}
RESULT: {}
RESULT: {"script":"<script> [5351 bytes]","args":[{"element-6066-11e4-a52e-4f735466cecf":"f.1920C544C16071EF810842AAA08EA988.d.44F2F0A6EE24DCB1B20F700B124F7900.e.22291","ELEMENT":"f.1920C544C16071EF810842AAA08EA988.d.44F2F0A6EE24DCB1B20F700B124F7900.e.22291"}]}
COMMAND: POST /session/2eb25f1cbe9612d735ab0219d8fb520b/element/f.1920C544C16071EF810842AAA08EA988.d.44F2F0A6EE24DCB1B20F700B124F7900.e.22291/click - {}
COMMAND: GET /session/2eb25f1cbe9612d735ab0219d8fb520b/screenshot - {}
RESULT: {}
RESULT: {}
COMMAND: POST /session/2eb25f1cbe9612d735ab0219d8fb520b/element - {"using":"xpath","value":"//bdi[text()='Confirm']"}
COMMAND: GET /session/2eb25f1cbe9612d735ab0219d8fb520b/screenshot - {}
RESULT: {}
RESULT: {"using":"xpath","value":"//bdi[text()='Confirm']"}
COMMAND: GET /session/2eb25f1cbe9612d735ab0219d8fb520b/element/f.1920C544C16071EF810842AAA08EA988.d.44F2F0A6EE24DCB1B20F700B124F7900.e.22538/enabled - {}
RESULT: {}
RESULT: {}
COMMAND: POST /session/2eb25f1cbe9612d735ab0219d8fb520b/execute/sync - {"script":"<script> [8489 bytes]","args":[{"element-6066-11e4-a52e-4f735466cecf":"f.1920C544C16071EF810842AAA08EA988.d.44F2F0A6EE24DCB1B20F700B124F7900.e.22538","ELEMENT":"f.1920C544C16071EF810842AAA08EA988.d.44F2F0A6EE24DCB1B20F700B124F7900.e.22538"}]}
COMMAND: GET /session/2eb25f1cbe9612d735ab0219d8fb520b/screenshot - {}
RESULT: {"script":"<script> [8489 bytes]","args":[{"element-6066-11e4-a52e-4f735466cecf":"f.1920C544C16071EF810842AAA08EA988.d.44F2F0A6EE24DCB1B20F700B124F7900.e.22538","ELEMENT":"f.1920C544C16071EF810842AAA08EA988.d.44F2F0A6EE24DCB1B20F700B124F7900.e.22538"}]}
COMMAND: POST /session/2eb25f1cbe9612d735ab0219d8fb520b/execute/sync - {"script":"<script> [5351 bytes]","args":[{"element-6066-11e4-a52e-4f735466cecf":"f.1920C544C16071EF810842AAA08EA988.d.44F2F0A6EE24DCB1B20F700B124F7900.e.22538","ELEMENT":"f.1920C544C16071EF810842AAA08EA988.d.44F2F0A6EE24DCB1B20F700B124F7900.e.22538"}]}
COMMAND: GET /session/2eb25f1cbe9612d735ab0219d8fb520b/screenshot - {}
RESULT: {}
RESULT: {"script":"<script> [5351 bytes]","args":[{"element-6066-11e4-a52e-4f735466cecf":"f.1920C544C16071EF810842AAA08EA988.d.44F2F0A6EE24DCB1B20F700B124F7900.e.22538","ELEMENT":"f.1920C544C16071EF810842AAA08EA988.d.44F2F0A6EE24DCB1B20F700B124F7900.e.22538"}]}
COMMAND: POST /session/2eb25f1cbe9612d735ab0219d8fb520b/element/f.1920C544C16071EF810842AAA08EA988.d.44F2F0A6EE24DCB1B20F700B124F7900.e.22538/click - {}
COMMAND: GET /session/2eb25f1cbe9612d735ab0219d8fb520b/screenshot - {}
RESULT: {}
RESULT: {}
COMMAND: POST /session/2eb25f1cbe9612d735ab0219d8fb520b/actions - {"actions":[{"id":"action102","type":"key","parameters":{},"actions":[{"type":"keyDown","value":"î€‡"},{"type":"pause","duration":10},{"type":"keyUp","value":"î€‡"}]}]}
COMMAND: GET /session/2eb25f1cbe9612d735ab0219d8fb520b/screenshot - {}
RESULT: {}
RESULT: {"actions":[{"id":"action102","type":"key","parameters":{},"actions":[{"type":"keyDown","value":"î€‡"},{"type":"pause","duration":10},{"type":"keyUp","value":"î€‡"}]}]}
COMMAND: POST /session/2eb25f1cbe9612d735ab0219d8fb520b/element - {"using":"xpath","value":"//bdi[text()='Issue']"}
COMMAND: GET /session/2eb25f1cbe9612d735ab0219d8fb520b/screenshot - {}
RESULT: {}
RESULT: {"using":"xpath","value":"//bdi[text()='Issue']"}
COMMAND: GET /session/2eb25f1cbe9612d735ab0219d8fb520b/element/f.1920C544C16071EF810842AAA08EA988.d.44F2F0A6EE24DCB1B20F700B124F7900.e.22542/enabled - {}
RESULT: {}
RESULT: {}
COMMAND: POST /session/2eb25f1cbe9612d735ab0219d8fb520b/execute/sync - {"script":"<script> [8489 bytes]","args":[{"element-6066-11e4-a52e-4f735466cecf":"f.1920C544C16071EF810842AAA08EA988.d.44F2F0A6EE24DCB1B20F700B124F7900.e.22542","ELEMENT":"f.1920C544C16071EF810842AAA08EA988.d.44F2F0A6EE24DCB1B20F700B124F7900.e.22542"}]}
COMMAND: GET /session/2eb25f1cbe9612d735ab0219d8fb520b/screenshot - {}
RESULT: {"script":"<script> [8489 bytes]","args":[{"element-6066-11e4-a52e-4f735466cecf":"f.1920C544C16071EF810842AAA08EA988.d.44F2F0A6EE24DCB1B20F700B124F7900.e.22542","ELEMENT":"f.1920C544C16071EF810842AAA08EA988.d.44F2F0A6EE24DCB1B20F700B124F7900.e.22542"}]}
COMMAND: POST /session/2eb25f1cbe9612d735ab0219d8fb520b/execute/sync - {"script":"<script> [5351 bytes]","args":[{"element-6066-11e4-a52e-4f735466cecf":"f.1920C544C16071EF810842AAA08EA988.d.44F2F0A6EE24DCB1B20F700B124F7900.e.22542","ELEMENT":"f.1920C544C16071EF810842AAA08EA988.d.44F2F0A6EE24DCB1B20F700B124F7900.e.22542"}]}
COMMAND: GET /session/2eb25f1cbe9612d735ab0219d8fb520b/screenshot - {}
RESULT: {}
RESULT: {"script":"<script> [5351 bytes]","args":[{"element-6066-11e4-a52e-4f735466cecf":"f.1920C544C16071EF810842AAA08EA988.d.44F2F0A6EE24DCB1B20F700B124F7900.e.22542","ELEMENT":"f.1920C544C16071EF810842AAA08EA988.d.44F2F0A6EE24DCB1B20F700B124F7900.e.22542"}]}
COMMAND: POST /session/2eb25f1cbe9612d735ab0219d8fb520b/element/f.1920C544C16071EF810842AAA08EA988.d.44F2F0A6EE24DCB1B20F700B124F7900.e.22542/click - {}
COMMAND: GET /session/2eb25f1cbe9612d735ab0219d8fb520b/screenshot - {}
RESULT: {}
RESULT: {}
COMMAND: POST /session/2eb25f1cbe9612d735ab0219d8fb520b/element - {"using":"xpath","value":"//*[text()='Provide to site']"}
COMMAND: GET /session/2eb25f1cbe9612d735ab0219d8fb520b/screenshot - {}
RESULT: {}
RESULT: {"using":"xpath","value":"//*[text()='Provide to site']"}
COMMAND: POST /session/2eb25f1cbe9612d735ab0219d8fb520b/elements - {"using":"xpath","value":"//*[text()='Provide to site']"}
RESULT: {}
RESULT: {"using":"xpath","value":"//*[text()='Provide to site']"}
COMMAND: POST /session/2eb25f1cbe9612d735ab0219d8fb520b/elements - {"using":"xpath","value":"//*[text()='Provide to site']"}
RESULT: {"using":"xpath","value":"//*[text()='Provide to site']"}
COMMAND: POST /session/2eb25f1cbe9612d735ab0219d8fb520b/elements - {"using":"xpath","value":"//*[text()='Provide to site']"}
RESULT: {"using":"xpath","value":"//*[text()='Provide to site']"}
COMMAND: POST /session/2eb25f1cbe9612d735ab0219d8fb520b/elements - {"using":"xpath","value":"//*[text()='Provide to site']"}
RESULT: {"using":"xpath","value":"//*[text()='Provide to site']"}
COMMAND: POST /session/2eb25f1cbe9612d735ab0219d8fb520b/elements - {"using":"xpath","value":"//*[text()='Provide to site']"}
RESULT: {"using":"xpath","value":"//*[text()='Provide to site']"}
COMMAND: POST /session/2eb25f1cbe9612d735ab0219d8fb520b/elements - {"using":"xpath","value":"//*[text()='Provide to site']"}
RESULT: {"using":"xpath","value":"//*[text()='Provide to site']"}
COMMAND: POST /session/2eb25f1cbe9612d735ab0219d8fb520b/elements - {"using":"xpath","value":"//*[text()='Provide to site']"}
RESULT: {"using":"xpath","value":"//*[text()='Provide to site']"}
COMMAND: POST /session/2eb25f1cbe9612d735ab0219d8fb520b/elements - {"using":"xpath","value":"//*[text()='Provide to site']"}
RESULT: {"using":"xpath","value":"//*[text()='Provide to site']"}
COMMAND: POST /session/2eb25f1cbe9612d735ab0219d8fb520b/elements - {"using":"xpath","value":"//*[text()='Provide to site']"}
RESULT: {"using":"xpath","value":"//*[text()='Provide to site']"}
COMMAND: POST /session/2eb25f1cbe9612d735ab0219d8fb520b/elements - {"using":"xpath","value":"//*[text()='Provide to site']"}
RESULT: {"using":"xpath","value":"//*[text()='Provide to site']"}
COMMAND: POST /session/2eb25f1cbe9612d735ab0219d8fb520b/elements - {"using":"xpath","value":"//*[text()='Provide to site']"}
RESULT: {"using":"xpath","value":"//*[text()='Provide to site']"}
COMMAND: POST /session/2eb25f1cbe9612d735ab0219d8fb520b/elements - {"using":"xpath","value":"//*[text()='Provide to site']"}
RESULT: {"using":"xpath","value":"//*[text()='Provide to site']"}
COMMAND: POST /session/2eb25f1cbe9612d735ab0219d8fb520b/elements - {"using":"xpath","value":"//*[text()='Provide to site']"}
RESULT: {"using":"xpath","value":"//*[text()='Provide to site']"}
COMMAND: POST /session/2eb25f1cbe9612d735ab0219d8fb520b/elements - {"using":"xpath","value":"//*[text()='Provide to site']"}
RESULT: {"using":"xpath","value":"//*[text()='Provide to site']"}
COMMAND: POST /session/2eb25f1cbe9612d735ab0219d8fb520b/elements - {"using":"xpath","value":"//*[text()='Provide to site']"}
RESULT: {"using":"xpath","value":"//*[text()='Provide to site']"}
COMMAND: POST /session/2eb25f1cbe9612d735ab0219d8fb520b/elements - {"using":"xpath","value":"//*[text()='Provide to site']"}
RESULT: {"using":"xpath","value":"//*[text()='Provide to site']"}
COMMAND: POST /session/2eb25f1cbe9612d735ab0219d8fb520b/elements - {"using":"xpath","value":"//*[text()='Provide to site']"}
RESULT: {"using":"xpath","value":"//*[text()='Provide to site']"}
COMMAND: POST /session/2eb25f1cbe9612d735ab0219d8fb520b/elements - {"using":"xpath","value":"//*[text()='Provide to site']"}
RESULT: {"using":"xpath","value":"//*[text()='Provide to site']"}
COMMAND: POST /session/2eb25f1cbe9612d735ab0219d8fb520b/elements - {"using":"xpath","value":"//*[text()='Provide to site']"}
RESULT: {"using":"xpath","value":"//*[text()='Provide to site']"}
COMMAND: POST /session/2eb25f1cbe9612d735ab0219d8fb520b/elements - {"using":"xpath","value":"//*[text()='Provide to site']"}
RESULT: {"using":"xpath","value":"//*[text()='Provide to site']"}
COMMAND: POST /session/2eb25f1cbe9612d735ab0219d8fb520b/elements - {"using":"xpath","value":"//*[text()='Provide to site']"}
RESULT: {"using":"xpath","value":"//*[text()='Provide to site']"}
COMMAND: POST /session/2eb25f1cbe9612d735ab0219d8fb520b/elements - {"using":"xpath","value":"//*[text()='Provide to site']"}
RESULT: {"using":"xpath","value":"//*[text()='Provide to site']"}
COMMAND: POST /session/2eb25f1cbe9612d735ab0219d8fb520b/elements - {"using":"xpath","value":"//*[text()='Provide to site']"}
RESULT: {"using":"xpath","value":"//*[text()='Provide to site']"}
COMMAND: POST /session/2eb25f1cbe9612d735ab0219d8fb520b/elements - {"using":"xpath","value":"//*[text()='Provide to site']"}
RESULT: {"using":"xpath","value":"//*[text()='Provide to site']"}
COMMAND: POST /session/2eb25f1cbe9612d735ab0219d8fb520b/elements - {"using":"xpath","value":"//*[text()='Provide to site']"}
RESULT: {"using":"xpath","value":"//*[text()='Provide to site']"}
COMMAND: POST /session/2eb25f1cbe9612d735ab0219d8fb520b/elements - {"using":"xpath","value":"//*[text()='Provide to site']"}
RESULT: {"using":"xpath","value":"//*[text()='Provide to site']"}
COMMAND: POST /session/2eb25f1cbe9612d735ab0219d8fb520b/elements - {"using":"xpath","value":"//*[text()='Provide to site']"}
RESULT: {"using":"xpath","value":"//*[text()='Provide to site']"}
COMMAND: POST /session/2eb25f1cbe9612d735ab0219d8fb520b/elements - {"using":"xpath","value":"//*[text()='Provide to site']"}
RESULT: {"using":"xpath","value":"//*[text()='Provide to site']"}
COMMAND: POST /session/2eb25f1cbe9612d735ab0219d8fb520b/elements - {"using":"xpath","value":"//*[text()='Provide to site']"}
RESULT: {"using":"xpath","value":"//*[text()='Provide to site']"}
COMMAND: POST /session/2eb25f1cbe9612d735ab0219d8fb520b/elements - {"using":"xpath","value":"//*[text()='Provide to site']"}
RESULT: {"using":"xpath","value":"//*[text()='Provide to site']"}
COMMAND: POST /session/2eb25f1cbe9612d735ab0219d8fb520b/elements - {"using":"xpath","value":"//*[text()='Provide to site']"}
RESULT: {"using":"xpath","value":"//*[text()='Provide to site']"}
COMMAND: POST /session/2eb25f1cbe9612d735ab0219d8fb520b/elements - {"using":"xpath","value":"//*[text()='Provide to site']"}
RESULT: {"using":"xpath","value":"//*[text()='Provide to site']"}
COMMAND: POST /session/2eb25f1cbe9612d735ab0219d8fb520b/elements - {"using":"xpath","value":"//*[text()='Provide to site']"}
RESULT: {"using":"xpath","value":"//*[text()='Provide to site']"}
COMMAND: POST /session/2eb25f1cbe9612d735ab0219d8fb520b/elements - {"using":"xpath","value":"//*[text()='Provide to site']"}
RESULT: {"using":"xpath","value":"//*[text()='Provide to site']"}
COMMAND: POST /session/2eb25f1cbe9612d735ab0219d8fb520b/elements - {"using":"xpath","value":"//*[text()='Provide to site']"}
RESULT: {"using":"xpath","value":"//*[text()='Provide to site']"}
COMMAND: POST /session/2eb25f1cbe9612d735ab0219d8fb520b/elements - {"using":"xpath","value":"//*[text()='Provide to site']"}
RESULT: {"using":"xpath","value":"//*[text()='Provide to site']"}
COMMAND: POST /session/2eb25f1cbe9612d735ab0219d8fb520b/elements - {"using":"xpath","value":"//*[text()='Provide to site']"}
RESULT: {"using":"xpath","value":"//*[text()='Provide to site']"}
COMMAND: POST /session/2eb25f1cbe9612d735ab0219d8fb520b/elements - {"using":"xpath","value":"//*[text()='Provide to site']"}
RESULT: {"using":"xpath","value":"//*[text()='Provide to site']"}
COMMAND: POST /session/2eb25f1cbe9612d735ab0219d8fb520b/elements - {"using":"xpath","value":"//*[text()='Provide to site']"}
RESULT: {"using":"xpath","value":"//*[text()='Provide to site']"}
COMMAND: POST /session/2eb25f1cbe9612d735ab0219d8fb520b/elements - {"using":"xpath","value":"//*[text()='Provide to site']"}
RESULT: {"using":"xpath","value":"//*[text()='Provide to site']"}
COMMAND: POST /session/2eb25f1cbe9612d735ab0219d8fb520b/elements - {"using":"xpath","value":"//*[text()='Provide to site']"}
RESULT: {"using":"xpath","value":"//*[text()='Provide to site']"}
COMMAND: POST /session/2eb25f1cbe9612d735ab0219d8fb520b/elements - {"using":"xpath","value":"//*[text()='Provide to site']"}
RESULT: {"using":"xpath","value":"//*[text()='Provide to site']"}
COMMAND: POST /session/2eb25f1cbe9612d735ab0219d8fb520b/elements - {"using":"xpath","value":"//*[text()='Provide to site']"}
RESULT: {"using":"xpath","value":"//*[text()='Provide to site']"}
COMMAND: POST /session/2eb25f1cbe9612d735ab0219d8fb520b/elements - {"using":"xpath","value":"//*[text()='Provide to site']"}
RESULT: {"using":"xpath","value":"//*[text()='Provide to site']"}
COMMAND: POST /session/2eb25f1cbe9612d735ab0219d8fb520b/elements - {"using":"xpath","value":"//*[text()='Provide to site']"}
RESULT: {"using":"xpath","value":"//*[text()='Provide to site']"}
COMMAND: POST /session/2eb25f1cbe9612d735ab0219d8fb520b/elements - {"using":"xpath","value":"//*[text()='Provide to site']"}
RESULT: {"using":"xpath","value":"//*[text()='Provide to site']"}
COMMAND: POST /session/2eb25f1cbe9612d735ab0219d8fb520b/elements - {"using":"xpath","value":"//*[text()='Provide to site']"}
RESULT: {"using":"xpath","value":"//*[text()='Provide to site']"}
COMMAND: POST /session/2eb25f1cbe9612d735ab0219d8fb520b/elements - {"using":"xpath","value":"//*[text()='Provide to site']"}
RESULT: {"using":"xpath","value":"//*[text()='Provide to site']"}
COMMAND: POST /session/2eb25f1cbe9612d735ab0219d8fb520b/elements - {"using":"xpath","value":"//*[text()='Provide to site']"}
RESULT: {"using":"xpath","value":"//*[text()='Provide to site']"}
COMMAND: POST /session/2eb25f1cbe9612d735ab0219d8fb520b/elements - {"using":"xpath","value":"//*[text()='Provide to site']"}
RESULT: {"using":"xpath","value":"//*[text()='Provide to site']"}
COMMAND: POST /session/2eb25f1cbe9612d735ab0219d8fb520b/elements - {"using":"xpath","value":"//*[text()='Provide to site']"}
RESULT: {"using":"xpath","value":"//*[text()='Provide to site']"}
COMMAND: POST /session/2eb25f1cbe9612d735ab0219d8fb520b/elements - {"using":"xpath","value":"//*[text()='Provide to site']"}
RESULT: {"using":"xpath","value":"//*[text()='Provide to site']"}
COMMAND: POST /session/2eb25f1cbe9612d735ab0219d8fb520b/elements - {"using":"xpath","value":"//*[text()='Provide to site']"}
RESULT: {"using":"xpath","value":"//*[text()='Provide to site']"}
COMMAND: POST /session/2eb25f1cbe9612d735ab0219d8fb520b/elements - {"using":"xpath","value":"//*[text()='Provide to site']"}
RESULT: {"using":"xpath","value":"//*[text()='Provide to site']"}
COMMAND: POST /session/2eb25f1cbe9612d735ab0219d8fb520b/elements - {"using":"xpath","value":"//*[text()='Provide to site']"}
RESULT: {"using":"xpath","value":"//*[text()='Provide to site']"}
COMMAND: POST /session/2eb25f1cbe9612d735ab0219d8fb520b/elements - {"using":"xpath","value":"//*[text()='Provide to site']"}
RESULT: {"using":"xpath","value":"//*[text()='Provide to site']"}
COMMAND: POST /session/2eb25f1cbe9612d735ab0219d8fb520b/elements - {"using":"xpath","value":"//*[text()='Provide to site']"}
RESULT: {"using":"xpath","value":"//*[text()='Provide to site']"}
COMMAND: POST /session/2eb25f1cbe9612d735ab0219d8fb520b/elements - {"using":"xpath","value":"//*[text()='Provide to site']"}
RESULT: {"using":"xpath","value":"//*[text()='Provide to site']"}
COMMAND: POST /session/2eb25f1cbe9612d735ab0219d8fb520b/elements - {"using":"xpath","value":"//*[text()='Provide to site']"}
RESULT: {"using":"xpath","value":"//*[text()='Provide to site']"}
COMMAND: POST /session/2eb25f1cbe9612d735ab0219d8fb520b/elements - {"using":"xpath","value":"//*[text()='Provide to site']"}
RESULT: {"using":"xpath","value":"//*[text()='Provide to site']"}
COMMAND: POST /session/2eb25f1cbe9612d735ab0219d8fb520b/elements - {"using":"xpath","value":"//*[text()='Provide to site']"}
RESULT: {"using":"xpath","value":"//*[text()='Provide to site']"}
COMMAND: POST /session/2eb25f1cbe9612d735ab0219d8fb520b/elements - {"using":"xpath","value":"//*[text()='Provide to site']"}
RESULT: {"using":"xpath","value":"//*[text()='Provide to site']"}
COMMAND: POST /session/2eb25f1cbe9612d735ab0219d8fb520b/elements - {"using":"xpath","value":"//*[text()='Provide to site']"}
RESULT: {"using":"xpath","value":"//*[text()='Provide to site']"}
COMMAND: POST /session/2eb25f1cbe9612d735ab0219d8fb520b/elements - {"using":"xpath","value":"//*[text()='Provide to site']"}
RESULT: {"using":"xpath","value":"//*[text()='Provide to site']"}
COMMAND: POST /session/2eb25f1cbe9612d735ab0219d8fb520b/elements - {"using":"xpath","value":"//*[text()='Provide to site']"}
RESULT: {"using":"xpath","value":"//*[text()='Provide to site']"}
COMMAND: POST /session/2eb25f1cbe9612d735ab0219d8fb520b/elements - {"using":"xpath","value":"//*[text()='Provide to site']"}
RESULT: {"using":"xpath","value":"//*[text()='Provide to site']"}
COMMAND: POST /session/2eb25f1cbe9612d735ab0219d8fb520b/elements - {"using":"xpath","value":"//*[text()='Provide to site']"}
RESULT: {"using":"xpath","value":"//*[text()='Provide to site']"}
COMMAND: POST /session/2eb25f1cbe9612d735ab0219d8fb520b/elements - {"using":"xpath","value":"//*[text()='Provide to site']"}
RESULT: {"using":"xpath","value":"//*[text()='Provide to site']"}
COMMAND: POST /session/2eb25f1cbe9612d735ab0219d8fb520b/elements - {"using":"xpath","value":"//*[text()='Provide to site']"}
RESULT: {"using":"xpath","value":"//*[text()='Provide to site']"}
COMMAND: POST /session/2eb25f1cbe9612d735ab0219d8fb520b/elements - {"using":"xpath","value":"//*[text()='Provide to site']"}
RESULT: {"using":"xpath","value":"//*[text()='Provide to site']"}
COMMAND: POST /session/2eb25f1cbe9612d735ab0219d8fb520b/elements - {"using":"xpath","value":"//*[text()='Provide to site']"}
RESULT: {"using":"xpath","value":"//*[text()='Provide to site']"}
COMMAND: POST /session/2eb25f1cbe9612d735ab0219d8fb520b/elements - {"using":"xpath","value":"//*[text()='Provide to site']"}
RESULT: {"using":"xpath","value":"//*[text()='Provide to site']"}
COMMAND: POST /session/2eb25f1cbe9612d735ab0219d8fb520b/elements - {"using":"xpath","value":"//*[text()='Provide to site']"}
RESULT: {"using":"xpath","value":"//*[text()='Provide to site']"}
COMMAND: POST /session/2eb25f1cbe9612d735ab0219d8fb520b/elements - {"using":"xpath","value":"//*[text()='Provide to site']"}
RESULT: {"using":"xpath","value":"//*[text()='Provide to site']"}
COMMAND: POST /session/2eb25f1cbe9612d735ab0219d8fb520b/elements - {"using":"xpath","value":"//*[text()='Provide to site']"}
RESULT: {"using":"xpath","value":"//*[text()='Provide to site']"}
COMMAND: POST /session/2eb25f1cbe9612d735ab0219d8fb520b/elements - {"using":"xpath","value":"//*[text()='Provide to site']"}
RESULT: {"using":"xpath","value":"//*[text()='Provide to site']"}
COMMAND: POST /session/2eb25f1cbe9612d735ab0219d8fb520b/elements - {"using":"xpath","value":"//*[text()='Provide to site']"}
RESULT: {"using":"xpath","value":"//*[text()='Provide to site']"}
COMMAND: POST /session/2eb25f1cbe9612d735ab0219d8fb520b/elements - {"using":"xpath","value":"//*[text()='Provide to site']"}
RESULT: {"using":"xpath","value":"//*[text()='Provide to site']"}
COMMAND: POST /session/2eb25f1cbe9612d735ab0219d8fb520b/elements - {"using":"xpath","value":"//*[text()='Provide to site']"}
RESULT: {"using":"xpath","value":"//*[text()='Provide to site']"}
COMMAND: POST /session/2eb25f1cbe9612d735ab0219d8fb520b/elements - {"using":"xpath","value":"//*[text()='Provide to site']"}
RESULT: {"using":"xpath","value":"//*[text()='Provide to site']"}
COMMAND: POST /session/2eb25f1cbe9612d735ab0219d8fb520b/elements - {"using":"xpath","value":"//*[text()='Provide to site']"}
RESULT: {"using":"xpath","value":"//*[text()='Provide to site']"}
COMMAND: POST /session/2eb25f1cbe9612d735ab0219d8fb520b/elements - {"using":"xpath","value":"//*[text()='Provide to site']"}
RESULT: {"using":"xpath","value":"//*[text()='Provide to site']"}
COMMAND: POST /session/2eb25f1cbe9612d735ab0219d8fb520b/elements - {"using":"xpath","value":"//*[text()='Provide to site']"}
RESULT: {"using":"xpath","value":"//*[text()='Provide to site']"}
COMMAND: POST /session/2eb25f1cbe9612d735ab0219d8fb520b/elements - {"using":"xpath","value":"//*[text()='Provide to site']"}
RESULT: {"using":"xpath","value":"//*[text()='Provide to site']"}
COMMAND: POST /session/2eb25f1cbe9612d735ab0219d8fb520b/elements - {"using":"xpath","value":"//*[text()='Provide to site']"}
RESULT: {"using":"xpath","value":"//*[text()='Provide to site']"}
COMMAND: POST /session/2eb25f1cbe9612d735ab0219d8fb520b/elements - {"using":"xpath","value":"//*[text()='Provide to site']"}
RESULT: {"using":"xpath","value":"//*[text()='Provide to site']"}
COMMAND: POST /session/2eb25f1cbe9612d735ab0219d8fb520b/elements - {"using":"xpath","value":"//*[text()='Provide to site']"}
RESULT: {"using":"xpath","value":"//*[text()='Provide to site']"}
COMMAND: POST /session/2eb25f1cbe9612d735ab0219d8fb520b/elements - {"using":"xpath","value":"//*[text()='Provide to site']"}
RESULT: {"using":"xpath","value":"//*[text()='Provide to site']"}
COMMAND: POST /session/2eb25f1cbe9612d735ab0219d8fb520b/elements - {"using":"xpath","value":"//*[text()='Provide to site']"}
RESULT: {"using":"xpath","value":"//*[text()='Provide to site']"}
COMMAND: POST /session/2eb25f1cbe9612d735ab0219d8fb520b/elements - {"using":"xpath","value":"//*[text()='Provide to site']"}
RESULT: {"using":"xpath","value":"//*[text()='Provide to site']"}
COMMAND: POST /session/2eb25f1cbe9612d735ab0219d8fb520b/elements - {"using":"xpath","value":"//*[text()='provide (received)']"}
RESULT: {"using":"xpath","value":"//*[text()='provide (received)']"}
]]></system-out>
    </testcase>
    <testcase classname="chrome.135_0_7049_96.windows.Provide_to_Site_w/o_warehouse_management_wo_clarification" name="Should Test for Handover Execution" time="261.854">
      <system-out><![CDATA[
COMMAND: POST /session/2eb25f1cbe9612d735ab0219d8fb520b/element - {"using":"xpath","value":"//*[text()='false']"}
RESULT: {"using":"xpath","value":"//*[text()='false']"}
COMMAND: GET /session/2eb25f1cbe9612d735ab0219d8fb520b/element/f.1920C544C16071EF810842AAA08EA988.d.44F2F0A6EE24DCB1B20F700B124F7900.e.22575/enabled - {}
RESULT: {}
COMMAND: POST /session/2eb25f1cbe9612d735ab0219d8fb520b/execute/sync - {"script":"<script> [8489 bytes]","args":[{"element-6066-11e4-a52e-4f735466cecf":"f.1920C544C16071EF810842AAA08EA988.d.44F2F0A6EE24DCB1B20F700B124F7900.e.22575","ELEMENT":"f.1920C544C16071EF810842AAA08EA988.d.44F2F0A6EE24DCB1B20F700B124F7900.e.22575"}]}
COMMAND: GET /session/2eb25f1cbe9612d735ab0219d8fb520b/screenshot - {}
RESULT: {"script":"<script> [8489 bytes]","args":[{"element-6066-11e4-a52e-4f735466cecf":"f.1920C544C16071EF810842AAA08EA988.d.44F2F0A6EE24DCB1B20F700B124F7900.e.22575","ELEMENT":"f.1920C544C16071EF810842AAA08EA988.d.44F2F0A6EE24DCB1B20F700B124F7900.e.22575"}]}
COMMAND: POST /session/2eb25f1cbe9612d735ab0219d8fb520b/execute/sync - {"script":"<script> [5351 bytes]","args":[{"element-6066-11e4-a52e-4f735466cecf":"f.1920C544C16071EF810842AAA08EA988.d.44F2F0A6EE24DCB1B20F700B124F7900.e.22575","ELEMENT":"f.1920C544C16071EF810842AAA08EA988.d.44F2F0A6EE24DCB1B20F700B124F7900.e.22575"}]}
COMMAND: GET /session/2eb25f1cbe9612d735ab0219d8fb520b/screenshot - {}
RESULT: {}
RESULT: {"script":"<script> [5351 bytes]","args":[{"element-6066-11e4-a52e-4f735466cecf":"f.1920C544C16071EF810842AAA08EA988.d.44F2F0A6EE24DCB1B20F700B124F7900.e.22575","ELEMENT":"f.1920C544C16071EF810842AAA08EA988.d.44F2F0A6EE24DCB1B20F700B124F7900.e.22575"}]}
COMMAND: POST /session/2eb25f1cbe9612d735ab0219d8fb520b/element/f.1920C544C16071EF810842AAA08EA988.d.44F2F0A6EE24DCB1B20F700B124F7900.e.22575/click - {}
COMMAND: GET /session/2eb25f1cbe9612d735ab0219d8fb520b/screenshot - {}
RESULT: {}
RESULT: {}
COMMAND: POST /session/2eb25f1cbe9612d735ab0219d8fb520b/element - {"using":"xpath","value":"//span[text()='Provide to site - Completed']"}
COMMAND: GET /session/2eb25f1cbe9612d735ab0219d8fb520b/screenshot - {}
RESULT: {}
RESULT: {"using":"xpath","value":"//span[text()='Provide to site - Completed']"}
COMMAND: POST /session/2eb25f1cbe9612d735ab0219d8fb520b/elements - {"using":"xpath","value":"//span[text()='Provide to site - Completed']"}
RESULT: {}
RESULT: {"using":"xpath","value":"//span[text()='Provide to site - Completed']"}
COMMAND: POST /session/2eb25f1cbe9612d735ab0219d8fb520b/elements - {"using":"xpath","value":"//span[text()='Provide to site - Completed']"}
RESULT: {"using":"xpath","value":"//span[text()='Provide to site - Completed']"}
COMMAND: POST /session/2eb25f1cbe9612d735ab0219d8fb520b/elements - {"using":"xpath","value":"//span[text()='Provide to site - Completed']"}
RESULT: {"using":"xpath","value":"//span[text()='Provide to site - Completed']"}
COMMAND: POST /session/2eb25f1cbe9612d735ab0219d8fb520b/elements - {"using":"xpath","value":"//span[text()='Provide to site - Completed']"}
RESULT: {"using":"xpath","value":"//span[text()='Provide to site - Completed']"}
COMMAND: POST /session/2eb25f1cbe9612d735ab0219d8fb520b/element - {"using":"xpath","value":"//span[text()='Provide to site - Completed']"}
RESULT: {"using":"xpath","value":"//span[text()='Provide to site - Completed']"}
COMMAND: GET /session/2eb25f1cbe9612d735ab0219d8fb520b/element/f.1920C544C16071EF810842AAA08EA988.d.44F2F0A6EE24DCB1B20F700B124F7900.e.22615/enabled - {}
RESULT: {}
COMMAND: POST /session/2eb25f1cbe9612d735ab0219d8fb520b/execute/sync - {"script":"<script> [8489 bytes]","args":[{"element-6066-11e4-a52e-4f735466cecf":"f.1920C544C16071EF810842AAA08EA988.d.44F2F0A6EE24DCB1B20F700B124F7900.e.22615","ELEMENT":"f.1920C544C16071EF810842AAA08EA988.d.44F2F0A6EE24DCB1B20F700B124F7900.e.22615"}]}
COMMAND: GET /session/2eb25f1cbe9612d735ab0219d8fb520b/screenshot - {}
RESULT: {"script":"<script> [8489 bytes]","args":[{"element-6066-11e4-a52e-4f735466cecf":"f.1920C544C16071EF810842AAA08EA988.d.44F2F0A6EE24DCB1B20F700B124F7900.e.22615","ELEMENT":"f.1920C544C16071EF810842AAA08EA988.d.44F2F0A6EE24DCB1B20F700B124F7900.e.22615"}]}
COMMAND: GET /session/2eb25f1cbe9612d735ab0219d8fb520b/screenshot - {}
RESULT: {}
COMMAND: POST /session/2eb25f1cbe9612d735ab0219d8fb520b/execute/sync - {"script":"<script> [8489 bytes]","args":[{"element-6066-11e4-a52e-4f735466cecf":"f.1920C544C16071EF810842AAA08EA988.d.44F2F0A6EE24DCB1B20F700B124F7900.e.22615","ELEMENT":"f.1920C544C16071EF810842AAA08EA988.d.44F2F0A6EE24DCB1B20F700B124F7900.e.22615"}]}
RESULT: {}
RESULT: {"script":"<script> [8489 bytes]","args":[{"element-6066-11e4-a52e-4f735466cecf":"f.1920C544C16071EF810842AAA08EA988.d.44F2F0A6EE24DCB1B20F700B124F7900.e.22615","ELEMENT":"f.1920C544C16071EF810842AAA08EA988.d.44F2F0A6EE24DCB1B20F700B124F7900.e.22615"}]}
COMMAND: GET /session/2eb25f1cbe9612d735ab0219d8fb520b/screenshot - {}
COMMAND: POST /session/2eb25f1cbe9612d735ab0219d8fb520b/execute/sync - {"script":"<script> [8489 bytes]","args":[{"element-6066-11e4-a52e-4f735466cecf":"f.1920C544C16071EF810842AAA08EA988.d.44F2F0A6EE24DCB1B20F700B124F7900.e.22615","ELEMENT":"f.1920C544C16071EF810842AAA08EA988.d.44F2F0A6EE24DCB1B20F700B124F7900.e.22615"}]}
RESULT: {}
RESULT: {"script":"<script> [8489 bytes]","args":[{"element-6066-11e4-a52e-4f735466cecf":"f.1920C544C16071EF810842AAA08EA988.d.44F2F0A6EE24DCB1B20F700B124F7900.e.22615","ELEMENT":"f.1920C544C16071EF810842AAA08EA988.d.44F2F0A6EE24DCB1B20F700B124F7900.e.22615"}]}
COMMAND: GET /session/2eb25f1cbe9612d735ab0219d8fb520b/screenshot - {}
RESULT: {}
COMMAND: POST /session/2eb25f1cbe9612d735ab0219d8fb520b/execute/sync - {"script":"<script> [8489 bytes]","args":[{"element-6066-11e4-a52e-4f735466cecf":"f.1920C544C16071EF810842AAA08EA988.d.44F2F0A6EE24DCB1B20F700B124F7900.e.22615","ELEMENT":"f.1920C544C16071EF810842AAA08EA988.d.44F2F0A6EE24DCB1B20F700B124F7900.e.22615"}]}
RESULT: {"script":"<script> [8489 bytes]","args":[{"element-6066-11e4-a52e-4f735466cecf":"f.1920C544C16071EF810842AAA08EA988.d.44F2F0A6EE24DCB1B20F700B124F7900.e.22615","ELEMENT":"f.1920C544C16071EF810842AAA08EA988.d.44F2F0A6EE24DCB1B20F700B124F7900.e.22615"}]}
COMMAND: GET /session/2eb25f1cbe9612d735ab0219d8fb520b/screenshot - {}
RESULT: {}
COMMAND: POST /session/2eb25f1cbe9612d735ab0219d8fb520b/execute/sync - {"script":"<script> [8489 bytes]","args":[{"element-6066-11e4-a52e-4f735466cecf":"f.1920C544C16071EF810842AAA08EA988.d.44F2F0A6EE24DCB1B20F700B124F7900.e.22615","ELEMENT":"f.1920C544C16071EF810842AAA08EA988.d.44F2F0A6EE24DCB1B20F700B124F7900.e.22615"}]}
RESULT: {"script":"<script> [8489 bytes]","args":[{"element-6066-11e4-a52e-4f735466cecf":"f.1920C544C16071EF810842AAA08EA988.d.44F2F0A6EE24DCB1B20F700B124F7900.e.22615","ELEMENT":"f.1920C544C16071EF810842AAA08EA988.d.44F2F0A6EE24DCB1B20F700B124F7900.e.22615"}]}
COMMAND: GET /session/2eb25f1cbe9612d735ab0219d8fb520b/screenshot - {}
RESULT: {}
COMMAND: POST /session/2eb25f1cbe9612d735ab0219d8fb520b/execute/sync - {"script":"<script> [8489 bytes]","args":[{"element-6066-11e4-a52e-4f735466cecf":"f.1920C544C16071EF810842AAA08EA988.d.44F2F0A6EE24DCB1B20F700B124F7900.e.22615","ELEMENT":"f.1920C544C16071EF810842AAA08EA988.d.44F2F0A6EE24DCB1B20F700B124F7900.e.22615"}]}
RESULT: {"script":"<script> [8489 bytes]","args":[{"element-6066-11e4-a52e-4f735466cecf":"f.1920C544C16071EF810842AAA08EA988.d.44F2F0A6EE24DCB1B20F700B124F7900.e.22615","ELEMENT":"f.1920C544C16071EF810842AAA08EA988.d.44F2F0A6EE24DCB1B20F700B124F7900.e.22615"}]}
COMMAND: GET /session/2eb25f1cbe9612d735ab0219d8fb520b/screenshot - {}
RESULT: {}
COMMAND: POST /session/2eb25f1cbe9612d735ab0219d8fb520b/execute/sync - {"script":"<script> [8489 bytes]","args":[{"element-6066-11e4-a52e-4f735466cecf":"f.1920C544C16071EF810842AAA08EA988.d.44F2F0A6EE24DCB1B20F700B124F7900.e.22615","ELEMENT":"f.1920C544C16071EF810842AAA08EA988.d.44F2F0A6EE24DCB1B20F700B124F7900.e.22615"}]}
RESULT: {"script":"<script> [8489 bytes]","args":[{"element-6066-11e4-a52e-4f735466cecf":"f.1920C544C16071EF810842AAA08EA988.d.44F2F0A6EE24DCB1B20F700B124F7900.e.22615","ELEMENT":"f.1920C544C16071EF810842AAA08EA988.d.44F2F0A6EE24DCB1B20F700B124F7900.e.22615"}]}
COMMAND: GET /session/2eb25f1cbe9612d735ab0219d8fb520b/screenshot - {}
RESULT: {}
COMMAND: POST /session/2eb25f1cbe9612d735ab0219d8fb520b/execute/sync - {"script":"<script> [8489 bytes]","args":[{"element-6066-11e4-a52e-4f735466cecf":"f.1920C544C16071EF810842AAA08EA988.d.44F2F0A6EE24DCB1B20F700B124F7900.e.22615","ELEMENT":"f.1920C544C16071EF810842AAA08EA988.d.44F2F0A6EE24DCB1B20F700B124F7900.e.22615"}]}
RESULT: {"script":"<script> [8489 bytes]","args":[{"element-6066-11e4-a52e-4f735466cecf":"f.1920C544C16071EF810842AAA08EA988.d.44F2F0A6EE24DCB1B20F700B124F7900.e.22615","ELEMENT":"f.1920C544C16071EF810842AAA08EA988.d.44F2F0A6EE24DCB1B20F700B124F7900.e.22615"}]}
COMMAND: GET /session/2eb25f1cbe9612d735ab0219d8fb520b/screenshot - {}
RESULT: {}
COMMAND: POST /session/2eb25f1cbe9612d735ab0219d8fb520b/execute/sync - {"script":"<script> [8489 bytes]","args":[{"element-6066-11e4-a52e-4f735466cecf":"f.1920C544C16071EF810842AAA08EA988.d.44F2F0A6EE24DCB1B20F700B124F7900.e.22615","ELEMENT":"f.1920C544C16071EF810842AAA08EA988.d.44F2F0A6EE24DCB1B20F700B124F7900.e.22615"}]}
RESULT: {"script":"<script> [8489 bytes]","args":[{"element-6066-11e4-a52e-4f735466cecf":"f.1920C544C16071EF810842AAA08EA988.d.44F2F0A6EE24DCB1B20F700B124F7900.e.22615","ELEMENT":"f.1920C544C16071EF810842AAA08EA988.d.44F2F0A6EE24DCB1B20F700B124F7900.e.22615"}]}
COMMAND: GET /session/2eb25f1cbe9612d735ab0219d8fb520b/screenshot - {}
RESULT: {}
COMMAND: POST /session/2eb25f1cbe9612d735ab0219d8fb520b/execute/sync - {"script":"<script> [8489 bytes]","args":[{"element-6066-11e4-a52e-4f735466cecf":"f.1920C544C16071EF810842AAA08EA988.d.44F2F0A6EE24DCB1B20F700B124F7900.e.22615","ELEMENT":"f.1920C544C16071EF810842AAA08EA988.d.44F2F0A6EE24DCB1B20F700B124F7900.e.22615"}]}
RESULT: {"script":"<script> [8489 bytes]","args":[{"element-6066-11e4-a52e-4f735466cecf":"f.1920C544C16071EF810842AAA08EA988.d.44F2F0A6EE24DCB1B20F700B124F7900.e.22615","ELEMENT":"f.1920C544C16071EF810842AAA08EA988.d.44F2F0A6EE24DCB1B20F700B124F7900.e.22615"}]}
COMMAND: GET /session/2eb25f1cbe9612d735ab0219d8fb520b/screenshot - {}
RESULT: {}
COMMAND: POST /session/2eb25f1cbe9612d735ab0219d8fb520b/execute/sync - {"script":"<script> [8489 bytes]","args":[{"element-6066-11e4-a52e-4f735466cecf":"f.1920C544C16071EF810842AAA08EA988.d.44F2F0A6EE24DCB1B20F700B124F7900.e.22615","ELEMENT":"f.1920C544C16071EF810842AAA08EA988.d.44F2F0A6EE24DCB1B20F700B124F7900.e.22615"}]}
RESULT: {"script":"<script> [8489 bytes]","args":[{"element-6066-11e4-a52e-4f735466cecf":"f.1920C544C16071EF810842AAA08EA988.d.44F2F0A6EE24DCB1B20F700B124F7900.e.22615","ELEMENT":"f.1920C544C16071EF810842AAA08EA988.d.44F2F0A6EE24DCB1B20F700B124F7900.e.22615"}]}
COMMAND: GET /session/2eb25f1cbe9612d735ab0219d8fb520b/screenshot - {}
RESULT: {}
COMMAND: POST /session/2eb25f1cbe9612d735ab0219d8fb520b/execute/sync - {"script":"<script> [8489 bytes]","args":[{"element-6066-11e4-a52e-4f735466cecf":"f.1920C544C16071EF810842AAA08EA988.d.44F2F0A6EE24DCB1B20F700B124F7900.e.22615","ELEMENT":"f.1920C544C16071EF810842AAA08EA988.d.44F2F0A6EE24DCB1B20F700B124F7900.e.22615"}]}
RESULT: {"script":"<script> [8489 bytes]","args":[{"element-6066-11e4-a52e-4f735466cecf":"f.1920C544C16071EF810842AAA08EA988.d.44F2F0A6EE24DCB1B20F700B124F7900.e.22615","ELEMENT":"f.1920C544C16071EF810842AAA08EA988.d.44F2F0A6EE24DCB1B20F700B124F7900.e.22615"}]}
COMMAND: GET /session/2eb25f1cbe9612d735ab0219d8fb520b/screenshot - {}
RESULT: {}
COMMAND: POST /session/2eb25f1cbe9612d735ab0219d8fb520b/execute/sync - {"script":"<script> [8489 bytes]","args":[{"element-6066-11e4-a52e-4f735466cecf":"f.1920C544C16071EF810842AAA08EA988.d.44F2F0A6EE24DCB1B20F700B124F7900.e.22615","ELEMENT":"f.1920C544C16071EF810842AAA08EA988.d.44F2F0A6EE24DCB1B20F700B124F7900.e.22615"}]}
RESULT: {"script":"<script> [8489 bytes]","args":[{"element-6066-11e4-a52e-4f735466cecf":"f.1920C544C16071EF810842AAA08EA988.d.44F2F0A6EE24DCB1B20F700B124F7900.e.22615","ELEMENT":"f.1920C544C16071EF810842AAA08EA988.d.44F2F0A6EE24DCB1B20F700B124F7900.e.22615"}]}
COMMAND: GET /session/2eb25f1cbe9612d735ab0219d8fb520b/screenshot - {}
RESULT: {}
COMMAND: POST /session/2eb25f1cbe9612d735ab0219d8fb520b/execute/sync - {"script":"<script> [8489 bytes]","args":[{"element-6066-11e4-a52e-4f735466cecf":"f.1920C544C16071EF810842AAA08EA988.d.44F2F0A6EE24DCB1B20F700B124F7900.e.22615","ELEMENT":"f.1920C544C16071EF810842AAA08EA988.d.44F2F0A6EE24DCB1B20F700B124F7900.e.22615"}]}
RESULT: {"script":"<script> [8489 bytes]","args":[{"element-6066-11e4-a52e-4f735466cecf":"f.1920C544C16071EF810842AAA08EA988.d.44F2F0A6EE24DCB1B20F700B124F7900.e.22615","ELEMENT":"f.1920C544C16071EF810842AAA08EA988.d.44F2F0A6EE24DCB1B20F700B124F7900.e.22615"}]}
COMMAND: GET /session/2eb25f1cbe9612d735ab0219d8fb520b/screenshot - {}
RESULT: {}
COMMAND: POST /session/2eb25f1cbe9612d735ab0219d8fb520b/execute/sync - {"script":"<script> [8489 bytes]","args":[{"element-6066-11e4-a52e-4f735466cecf":"f.1920C544C16071EF810842AAA08EA988.d.44F2F0A6EE24DCB1B20F700B124F7900.e.22615","ELEMENT":"f.1920C544C16071EF810842AAA08EA988.d.44F2F0A6EE24DCB1B20F700B124F7900.e.22615"}]}
RESULT: {"script":"<script> [8489 bytes]","args":[{"element-6066-11e4-a52e-4f735466cecf":"f.1920C544C16071EF810842AAA08EA988.d.44F2F0A6EE24DCB1B20F700B124F7900.e.22615","ELEMENT":"f.1920C544C16071EF810842AAA08EA988.d.44F2F0A6EE24DCB1B20F700B124F7900.e.22615"}]}
COMMAND: GET /session/2eb25f1cbe9612d735ab0219d8fb520b/screenshot - {}
RESULT: {}
COMMAND: POST /session/2eb25f1cbe9612d735ab0219d8fb520b/execute/sync - {"script":"<script> [8489 bytes]","args":[{"element-6066-11e4-a52e-4f735466cecf":"f.1920C544C16071EF810842AAA08EA988.d.44F2F0A6EE24DCB1B20F700B124F7900.e.22615","ELEMENT":"f.1920C544C16071EF810842AAA08EA988.d.44F2F0A6EE24DCB1B20F700B124F7900.e.22615"}]}
RESULT: {"script":"<script> [8489 bytes]","args":[{"element-6066-11e4-a52e-4f735466cecf":"f.1920C544C16071EF810842AAA08EA988.d.44F2F0A6EE24DCB1B20F700B124F7900.e.22615","ELEMENT":"f.1920C544C16071EF810842AAA08EA988.d.44F2F0A6EE24DCB1B20F700B124F7900.e.22615"}]}
COMMAND: GET /session/2eb25f1cbe9612d735ab0219d8fb520b/screenshot - {}
RESULT: {}
COMMAND: POST /session/2eb25f1cbe9612d735ab0219d8fb520b/execute/sync - {"script":"<script> [8489 bytes]","args":[{"element-6066-11e4-a52e-4f735466cecf":"f.1920C544C16071EF810842AAA08EA988.d.44F2F0A6EE24DCB1B20F700B124F7900.e.22615","ELEMENT":"f.1920C544C16071EF810842AAA08EA988.d.44F2F0A6EE24DCB1B20F700B124F7900.e.22615"}]}
RESULT: {"script":"<script> [8489 bytes]","args":[{"element-6066-11e4-a52e-4f735466cecf":"f.1920C544C16071EF810842AAA08EA988.d.44F2F0A6EE24DCB1B20F700B124F7900.e.22615","ELEMENT":"f.1920C544C16071EF810842AAA08EA988.d.44F2F0A6EE24DCB1B20F700B124F7900.e.22615"}]}
COMMAND: GET /session/2eb25f1cbe9612d735ab0219d8fb520b/screenshot - {}
RESULT: {}
COMMAND: POST /session/2eb25f1cbe9612d735ab0219d8fb520b/execute/sync - {"script":"<script> [8489 bytes]","args":[{"element-6066-11e4-a52e-4f735466cecf":"f.1920C544C16071EF810842AAA08EA988.d.44F2F0A6EE24DCB1B20F700B124F7900.e.22615","ELEMENT":"f.1920C544C16071EF810842AAA08EA988.d.44F2F0A6EE24DCB1B20F700B124F7900.e.22615"}]}
RESULT: {"script":"<script> [8489 bytes]","args":[{"element-6066-11e4-a52e-4f735466cecf":"f.1920C544C16071EF810842AAA08EA988.d.44F2F0A6EE24DCB1B20F700B124F7900.e.22615","ELEMENT":"f.1920C544C16071EF810842AAA08EA988.d.44F2F0A6EE24DCB1B20F700B124F7900.e.22615"}]}
COMMAND: GET /session/2eb25f1cbe9612d735ab0219d8fb520b/screenshot - {}
RESULT: {}
COMMAND: POST /session/2eb25f1cbe9612d735ab0219d8fb520b/execute/sync - {"script":"<script> [8489 bytes]","args":[{"element-6066-11e4-a52e-4f735466cecf":"f.1920C544C16071EF810842AAA08EA988.d.44F2F0A6EE24DCB1B20F700B124F7900.e.22615","ELEMENT":"f.1920C544C16071EF810842AAA08EA988.d.44F2F0A6EE24DCB1B20F700B124F7900.e.22615"}]}
RESULT: {"script":"<script> [8489 bytes]","args":[{"element-6066-11e4-a52e-4f735466cecf":"f.1920C544C16071EF810842AAA08EA988.d.44F2F0A6EE24DCB1B20F700B124F7900.e.22615","ELEMENT":"f.1920C544C16071EF810842AAA08EA988.d.44F2F0A6EE24DCB1B20F700B124F7900.e.22615"}]}
COMMAND: GET /session/2eb25f1cbe9612d735ab0219d8fb520b/screenshot - {}
RESULT: {}
COMMAND: POST /session/2eb25f1cbe9612d735ab0219d8fb520b/execute/sync - {"script":"<script> [8489 bytes]","args":[{"element-6066-11e4-a52e-4f735466cecf":"f.1920C544C16071EF810842AAA08EA988.d.44F2F0A6EE24DCB1B20F700B124F7900.e.22615","ELEMENT":"f.1920C544C16071EF810842AAA08EA988.d.44F2F0A6EE24DCB1B20F700B124F7900.e.22615"}]}
RESULT: {"script":"<script> [8489 bytes]","args":[{"element-6066-11e4-a52e-4f735466cecf":"f.1920C544C16071EF810842AAA08EA988.d.44F2F0A6EE24DCB1B20F700B124F7900.e.22615","ELEMENT":"f.1920C544C16071EF810842AAA08EA988.d.44F2F0A6EE24DCB1B20F700B124F7900.e.22615"}]}
COMMAND: GET /session/2eb25f1cbe9612d735ab0219d8fb520b/screenshot - {}
RESULT: {}
COMMAND: POST /session/2eb25f1cbe9612d735ab0219d8fb520b/execute/sync - {"script":"<script> [8489 bytes]","args":[{"element-6066-11e4-a52e-4f735466cecf":"f.1920C544C16071EF810842AAA08EA988.d.44F2F0A6EE24DCB1B20F700B124F7900.e.22615","ELEMENT":"f.1920C544C16071EF810842AAA08EA988.d.44F2F0A6EE24DCB1B20F700B124F7900.e.22615"}]}
RESULT: {"script":"<script> [8489 bytes]","args":[{"element-6066-11e4-a52e-4f735466cecf":"f.1920C544C16071EF810842AAA08EA988.d.44F2F0A6EE24DCB1B20F700B124F7900.e.22615","ELEMENT":"f.1920C544C16071EF810842AAA08EA988.d.44F2F0A6EE24DCB1B20F700B124F7900.e.22615"}]}
COMMAND: GET /session/2eb25f1cbe9612d735ab0219d8fb520b/screenshot - {}
RESULT: {}
COMMAND: POST /session/2eb25f1cbe9612d735ab0219d8fb520b/execute/sync - {"script":"<script> [8489 bytes]","args":[{"element-6066-11e4-a52e-4f735466cecf":"f.1920C544C16071EF810842AAA08EA988.d.44F2F0A6EE24DCB1B20F700B124F7900.e.22615","ELEMENT":"f.1920C544C16071EF810842AAA08EA988.d.44F2F0A6EE24DCB1B20F700B124F7900.e.22615"}]}
RESULT: {"script":"<script> [8489 bytes]","args":[{"element-6066-11e4-a52e-4f735466cecf":"f.1920C544C16071EF810842AAA08EA988.d.44F2F0A6EE24DCB1B20F700B124F7900.e.22615","ELEMENT":"f.1920C544C16071EF810842AAA08EA988.d.44F2F0A6EE24DCB1B20F700B124F7900.e.22615"}]}
COMMAND: GET /session/2eb25f1cbe9612d735ab0219d8fb520b/screenshot - {}
RESULT: {}
COMMAND: POST /session/2eb25f1cbe9612d735ab0219d8fb520b/execute/sync - {"script":"<script> [8489 bytes]","args":[{"element-6066-11e4-a52e-4f735466cecf":"f.1920C544C16071EF810842AAA08EA988.d.44F2F0A6EE24DCB1B20F700B124F7900.e.22615","ELEMENT":"f.1920C544C16071EF810842AAA08EA988.d.44F2F0A6EE24DCB1B20F700B124F7900.e.22615"}]}
RESULT: {"script":"<script> [8489 bytes]","args":[{"element-6066-11e4-a52e-4f735466cecf":"f.1920C544C16071EF810842AAA08EA988.d.44F2F0A6EE24DCB1B20F700B124F7900.e.22615","ELEMENT":"f.1920C544C16071EF810842AAA08EA988.d.44F2F0A6EE24DCB1B20F700B124F7900.e.22615"}]}
COMMAND: GET /session/2eb25f1cbe9612d735ab0219d8fb520b/screenshot - {}
RESULT: {}
COMMAND: POST /session/2eb25f1cbe9612d735ab0219d8fb520b/execute/sync - {"script":"<script> [8489 bytes]","args":[{"element-6066-11e4-a52e-4f735466cecf":"f.1920C544C16071EF810842AAA08EA988.d.44F2F0A6EE24DCB1B20F700B124F7900.e.22615","ELEMENT":"f.1920C544C16071EF810842AAA08EA988.d.44F2F0A6EE24DCB1B20F700B124F7900.e.22615"}]}
RESULT: {"script":"<script> [8489 bytes]","args":[{"element-6066-11e4-a52e-4f735466cecf":"f.1920C544C16071EF810842AAA08EA988.d.44F2F0A6EE24DCB1B20F700B124F7900.e.22615","ELEMENT":"f.1920C544C16071EF810842AAA08EA988.d.44F2F0A6EE24DCB1B20F700B124F7900.e.22615"}]}
COMMAND: GET /session/2eb25f1cbe9612d735ab0219d8fb520b/screenshot - {}
RESULT: {}
COMMAND: POST /session/2eb25f1cbe9612d735ab0219d8fb520b/execute/sync - {"script":"<script> [8489 bytes]","args":[{"element-6066-11e4-a52e-4f735466cecf":"f.1920C544C16071EF810842AAA08EA988.d.44F2F0A6EE24DCB1B20F700B124F7900.e.22615","ELEMENT":"f.1920C544C16071EF810842AAA08EA988.d.44F2F0A6EE24DCB1B20F700B124F7900.e.22615"}]}
RESULT: {"script":"<script> [8489 bytes]","args":[{"element-6066-11e4-a52e-4f735466cecf":"f.1920C544C16071EF810842AAA08EA988.d.44F2F0A6EE24DCB1B20F700B124F7900.e.22615","ELEMENT":"f.1920C544C16071EF810842AAA08EA988.d.44F2F0A6EE24DCB1B20F700B124F7900.e.22615"}]}
COMMAND: GET /session/2eb25f1cbe9612d735ab0219d8fb520b/screenshot - {}
RESULT: {}
COMMAND: POST /session/2eb25f1cbe9612d735ab0219d8fb520b/execute/sync - {"script":"<script> [8489 bytes]","args":[{"element-6066-11e4-a52e-4f735466cecf":"f.1920C544C16071EF810842AAA08EA988.d.44F2F0A6EE24DCB1B20F700B124F7900.e.22615","ELEMENT":"f.1920C544C16071EF810842AAA08EA988.d.44F2F0A6EE24DCB1B20F700B124F7900.e.22615"}]}
RESULT: {"script":"<script> [8489 bytes]","args":[{"element-6066-11e4-a52e-4f735466cecf":"f.1920C544C16071EF810842AAA08EA988.d.44F2F0A6EE24DCB1B20F700B124F7900.e.22615","ELEMENT":"f.1920C544C16071EF810842AAA08EA988.d.44F2F0A6EE24DCB1B20F700B124F7900.e.22615"}]}
COMMAND: GET /session/2eb25f1cbe9612d735ab0219d8fb520b/screenshot - {}
RESULT: {}
COMMAND: POST /session/2eb25f1cbe9612d735ab0219d8fb520b/execute/sync - {"script":"<script> [8489 bytes]","args":[{"element-6066-11e4-a52e-4f735466cecf":"f.1920C544C16071EF810842AAA08EA988.d.44F2F0A6EE24DCB1B20F700B124F7900.e.22615","ELEMENT":"f.1920C544C16071EF810842AAA08EA988.d.44F2F0A6EE24DCB1B20F700B124F7900.e.22615"}]}
RESULT: {"script":"<script> [8489 bytes]","args":[{"element-6066-11e4-a52e-4f735466cecf":"f.1920C544C16071EF810842AAA08EA988.d.44F2F0A6EE24DCB1B20F700B124F7900.e.22615","ELEMENT":"f.1920C544C16071EF810842AAA08EA988.d.44F2F0A6EE24DCB1B20F700B124F7900.e.22615"}]}
COMMAND: GET /session/2eb25f1cbe9612d735ab0219d8fb520b/screenshot - {}
RESULT: {}
COMMAND: POST /session/2eb25f1cbe9612d735ab0219d8fb520b/execute/sync - {"script":"<script> [8489 bytes]","args":[{"element-6066-11e4-a52e-4f735466cecf":"f.1920C544C16071EF810842AAA08EA988.d.44F2F0A6EE24DCB1B20F700B124F7900.e.22615","ELEMENT":"f.1920C544C16071EF810842AAA08EA988.d.44F2F0A6EE24DCB1B20F700B124F7900.e.22615"}]}
RESULT: {"script":"<script> [8489 bytes]","args":[{"element-6066-11e4-a52e-4f735466cecf":"f.1920C544C16071EF810842AAA08EA988.d.44F2F0A6EE24DCB1B20F700B124F7900.e.22615","ELEMENT":"f.1920C544C16071EF810842AAA08EA988.d.44F2F0A6EE24DCB1B20F700B124F7900.e.22615"}]}
COMMAND: GET /session/2eb25f1cbe9612d735ab0219d8fb520b/screenshot - {}
RESULT: {}
COMMAND: POST /session/2eb25f1cbe9612d735ab0219d8fb520b/execute/sync - {"script":"<script> [8489 bytes]","args":[{"element-6066-11e4-a52e-4f735466cecf":"f.1920C544C16071EF810842AAA08EA988.d.44F2F0A6EE24DCB1B20F700B124F7900.e.22615","ELEMENT":"f.1920C544C16071EF810842AAA08EA988.d.44F2F0A6EE24DCB1B20F700B124F7900.e.22615"}]}
RESULT: {"script":"<script> [8489 bytes]","args":[{"element-6066-11e4-a52e-4f735466cecf":"f.1920C544C16071EF810842AAA08EA988.d.44F2F0A6EE24DCB1B20F700B124F7900.e.22615","ELEMENT":"f.1920C544C16071EF810842AAA08EA988.d.44F2F0A6EE24DCB1B20F700B124F7900.e.22615"}]}
COMMAND: GET /session/2eb25f1cbe9612d735ab0219d8fb520b/screenshot - {}
RESULT: {}
COMMAND: POST /session/2eb25f1cbe9612d735ab0219d8fb520b/execute/sync - {"script":"<script> [8489 bytes]","args":[{"element-6066-11e4-a52e-4f735466cecf":"f.1920C544C16071EF810842AAA08EA988.d.44F2F0A6EE24DCB1B20F700B124F7900.e.22615","ELEMENT":"f.1920C544C16071EF810842AAA08EA988.d.44F2F0A6EE24DCB1B20F700B124F7900.e.22615"}]}
RESULT: {"script":"<script> [8489 bytes]","args":[{"element-6066-11e4-a52e-4f735466cecf":"f.1920C544C16071EF810842AAA08EA988.d.44F2F0A6EE24DCB1B20F700B124F7900.e.22615","ELEMENT":"f.1920C544C16071EF810842AAA08EA988.d.44F2F0A6EE24DCB1B20F700B124F7900.e.22615"}]}
COMMAND: GET /session/2eb25f1cbe9612d735ab0219d8fb520b/screenshot - {}
RESULT: {}
COMMAND: POST /session/2eb25f1cbe9612d735ab0219d8fb520b/execute/sync - {"script":"<script> [8489 bytes]","args":[{"element-6066-11e4-a52e-4f735466cecf":"f.1920C544C16071EF810842AAA08EA988.d.44F2F0A6EE24DCB1B20F700B124F7900.e.22615","ELEMENT":"f.1920C544C16071EF810842AAA08EA988.d.44F2F0A6EE24DCB1B20F700B124F7900.e.22615"}]}
RESULT: {"script":"<script> [8489 bytes]","args":[{"element-6066-11e4-a52e-4f735466cecf":"f.1920C544C16071EF810842AAA08EA988.d.44F2F0A6EE24DCB1B20F700B124F7900.e.22615","ELEMENT":"f.1920C544C16071EF810842AAA08EA988.d.44F2F0A6EE24DCB1B20F700B124F7900.e.22615"}]}
COMMAND: GET /session/2eb25f1cbe9612d735ab0219d8fb520b/screenshot - {}
RESULT: {}
COMMAND: POST /session/2eb25f1cbe9612d735ab0219d8fb520b/execute/sync - {"script":"<script> [8489 bytes]","args":[{"element-6066-11e4-a52e-4f735466cecf":"f.1920C544C16071EF810842AAA08EA988.d.44F2F0A6EE24DCB1B20F700B124F7900.e.22615","ELEMENT":"f.1920C544C16071EF810842AAA08EA988.d.44F2F0A6EE24DCB1B20F700B124F7900.e.22615"}]}
RESULT: {"script":"<script> [8489 bytes]","args":[{"element-6066-11e4-a52e-4f735466cecf":"f.1920C544C16071EF810842AAA08EA988.d.44F2F0A6EE24DCB1B20F700B124F7900.e.22615","ELEMENT":"f.1920C544C16071EF810842AAA08EA988.d.44F2F0A6EE24DCB1B20F700B124F7900.e.22615"}]}
COMMAND: GET /session/2eb25f1cbe9612d735ab0219d8fb520b/screenshot - {}
COMMAND: POST /session/2eb25f1cbe9612d735ab0219d8fb520b/execute/sync - {"script":"<script> [8489 bytes]","args":[{"element-6066-11e4-a52e-4f735466cecf":"f.1920C544C16071EF810842AAA08EA988.d.44F2F0A6EE24DCB1B20F700B124F7900.e.22615","ELEMENT":"f.1920C544C16071EF810842AAA08EA988.d.44F2F0A6EE24DCB1B20F700B124F7900.e.22615"}]}
RESULT: {}
RESULT: {"script":"<script> [8489 bytes]","args":[{"element-6066-11e4-a52e-4f735466cecf":"f.1920C544C16071EF810842AAA08EA988.d.44F2F0A6EE24DCB1B20F700B124F7900.e.22615","ELEMENT":"f.1920C544C16071EF810842AAA08EA988.d.44F2F0A6EE24DCB1B20F700B124F7900.e.22615"}]}
COMMAND: GET /session/2eb25f1cbe9612d735ab0219d8fb520b/screenshot - {}
COMMAND: POST /session/2eb25f1cbe9612d735ab0219d8fb520b/execute/sync - {"script":"<script> [8489 bytes]","args":[{"element-6066-11e4-a52e-4f735466cecf":"f.1920C544C16071EF810842AAA08EA988.d.44F2F0A6EE24DCB1B20F700B124F7900.e.22615","ELEMENT":"f.1920C544C16071EF810842AAA08EA988.d.44F2F0A6EE24DCB1B20F700B124F7900.e.22615"}]}
RESULT: {}
RESULT: {"script":"<script> [8489 bytes]","args":[{"element-6066-11e4-a52e-4f735466cecf":"f.1920C544C16071EF810842AAA08EA988.d.44F2F0A6EE24DCB1B20F700B124F7900.e.22615","ELEMENT":"f.1920C544C16071EF810842AAA08EA988.d.44F2F0A6EE24DCB1B20F700B124F7900.e.22615"}]}
COMMAND: GET /session/2eb25f1cbe9612d735ab0219d8fb520b/screenshot - {}
RESULT: {}
COMMAND: POST /session/2eb25f1cbe9612d735ab0219d8fb520b/execute/sync - {"script":"<script> [8489 bytes]","args":[{"element-6066-11e4-a52e-4f735466cecf":"f.1920C544C16071EF810842AAA08EA988.d.44F2F0A6EE24DCB1B20F700B124F7900.e.22615","ELEMENT":"f.1920C544C16071EF810842AAA08EA988.d.44F2F0A6EE24DCB1B20F700B124F7900.e.22615"}]}
RESULT: {"script":"<script> [8489 bytes]","args":[{"element-6066-11e4-a52e-4f735466cecf":"f.1920C544C16071EF810842AAA08EA988.d.44F2F0A6EE24DCB1B20F700B124F7900.e.22615","ELEMENT":"f.1920C544C16071EF810842AAA08EA988.d.44F2F0A6EE24DCB1B20F700B124F7900.e.22615"}]}
COMMAND: GET /session/2eb25f1cbe9612d735ab0219d8fb520b/screenshot - {}
RESULT: {}
COMMAND: POST /session/2eb25f1cbe9612d735ab0219d8fb520b/execute/sync - {"script":"<script> [8489 bytes]","args":[{"element-6066-11e4-a52e-4f735466cecf":"f.1920C544C16071EF810842AAA08EA988.d.44F2F0A6EE24DCB1B20F700B124F7900.e.22615","ELEMENT":"f.1920C544C16071EF810842AAA08EA988.d.44F2F0A6EE24DCB1B20F700B124F7900.e.22615"}]}
RESULT: {"script":"<script> [8489 bytes]","args":[{"element-6066-11e4-a52e-4f735466cecf":"f.1920C544C16071EF810842AAA08EA988.d.44F2F0A6EE24DCB1B20F700B124F7900.e.22615","ELEMENT":"f.1920C544C16071EF810842AAA08EA988.d.44F2F0A6EE24DCB1B20F700B124F7900.e.22615"}]}
COMMAND: GET /session/2eb25f1cbe9612d735ab0219d8fb520b/screenshot - {}
RESULT: {}
COMMAND: POST /session/2eb25f1cbe9612d735ab0219d8fb520b/execute/sync - {"script":"<script> [8489 bytes]","args":[{"element-6066-11e4-a52e-4f735466cecf":"f.1920C544C16071EF810842AAA08EA988.d.44F2F0A6EE24DCB1B20F700B124F7900.e.22615","ELEMENT":"f.1920C544C16071EF810842AAA08EA988.d.44F2F0A6EE24DCB1B20F700B124F7900.e.22615"}]}
RESULT: {"script":"<script> [8489 bytes]","args":[{"element-6066-11e4-a52e-4f735466cecf":"f.1920C544C16071EF810842AAA08EA988.d.44F2F0A6EE24DCB1B20F700B124F7900.e.22615","ELEMENT":"f.1920C544C16071EF810842AAA08EA988.d.44F2F0A6EE24DCB1B20F700B124F7900.e.22615"}]}
COMMAND: GET /session/2eb25f1cbe9612d735ab0219d8fb520b/screenshot - {}
RESULT: {}
COMMAND: POST /session/2eb25f1cbe9612d735ab0219d8fb520b/execute/sync - {"script":"<script> [8489 bytes]","args":[{"element-6066-11e4-a52e-4f735466cecf":"f.1920C544C16071EF810842AAA08EA988.d.44F2F0A6EE24DCB1B20F700B124F7900.e.22615","ELEMENT":"f.1920C544C16071EF810842AAA08EA988.d.44F2F0A6EE24DCB1B20F700B124F7900.e.22615"}]}
RESULT: {"script":"<script> [8489 bytes]","args":[{"element-6066-11e4-a52e-4f735466cecf":"f.1920C544C16071EF810842AAA08EA988.d.44F2F0A6EE24DCB1B20F700B124F7900.e.22615","ELEMENT":"f.1920C544C16071EF810842AAA08EA988.d.44F2F0A6EE24DCB1B20F700B124F7900.e.22615"}]}
COMMAND: GET /session/2eb25f1cbe9612d735ab0219d8fb520b/screenshot - {}
RESULT: {}
COMMAND: POST /session/2eb25f1cbe9612d735ab0219d8fb520b/execute/sync - {"script":"<script> [8489 bytes]","args":[{"element-6066-11e4-a52e-4f735466cecf":"f.1920C544C16071EF810842AAA08EA988.d.44F2F0A6EE24DCB1B20F700B124F7900.e.22615","ELEMENT":"f.1920C544C16071EF810842AAA08EA988.d.44F2F0A6EE24DCB1B20F700B124F7900.e.22615"}]}
RESULT: {"script":"<script> [8489 bytes]","args":[{"element-6066-11e4-a52e-4f735466cecf":"f.1920C544C16071EF810842AAA08EA988.d.44F2F0A6EE24DCB1B20F700B124F7900.e.22615","ELEMENT":"f.1920C544C16071EF810842AAA08EA988.d.44F2F0A6EE24DCB1B20F700B124F7900.e.22615"}]}
COMMAND: GET /session/2eb25f1cbe9612d735ab0219d8fb520b/screenshot - {}
RESULT: {}
COMMAND: POST /session/2eb25f1cbe9612d735ab0219d8fb520b/execute/sync - {"script":"<script> [8489 bytes]","args":[{"element-6066-11e4-a52e-4f735466cecf":"f.1920C544C16071EF810842AAA08EA988.d.44F2F0A6EE24DCB1B20F700B124F7900.e.22615","ELEMENT":"f.1920C544C16071EF810842AAA08EA988.d.44F2F0A6EE24DCB1B20F700B124F7900.e.22615"}]}
RESULT: {"script":"<script> [8489 bytes]","args":[{"element-6066-11e4-a52e-4f735466cecf":"f.1920C544C16071EF810842AAA08EA988.d.44F2F0A6EE24DCB1B20F700B124F7900.e.22615","ELEMENT":"f.1920C544C16071EF810842AAA08EA988.d.44F2F0A6EE24DCB1B20F700B124F7900.e.22615"}]}
COMMAND: GET /session/2eb25f1cbe9612d735ab0219d8fb520b/screenshot - {}
RESULT: {}
COMMAND: POST /session/2eb25f1cbe9612d735ab0219d8fb520b/execute/sync - {"script":"<script> [8489 bytes]","args":[{"element-6066-11e4-a52e-4f735466cecf":"f.1920C544C16071EF810842AAA08EA988.d.44F2F0A6EE24DCB1B20F700B124F7900.e.22615","ELEMENT":"f.1920C544C16071EF810842AAA08EA988.d.44F2F0A6EE24DCB1B20F700B124F7900.e.22615"}]}
RESULT: {"script":"<script> [8489 bytes]","args":[{"element-6066-11e4-a52e-4f735466cecf":"f.1920C544C16071EF810842AAA08EA988.d.44F2F0A6EE24DCB1B20F700B124F7900.e.22615","ELEMENT":"f.1920C544C16071EF810842AAA08EA988.d.44F2F0A6EE24DCB1B20F700B124F7900.e.22615"}]}
COMMAND: GET /session/2eb25f1cbe9612d735ab0219d8fb520b/screenshot - {}
RESULT: {}
COMMAND: POST /session/2eb25f1cbe9612d735ab0219d8fb520b/execute/sync - {"script":"<script> [8489 bytes]","args":[{"element-6066-11e4-a52e-4f735466cecf":"f.1920C544C16071EF810842AAA08EA988.d.44F2F0A6EE24DCB1B20F700B124F7900.e.22615","ELEMENT":"f.1920C544C16071EF810842AAA08EA988.d.44F2F0A6EE24DCB1B20F700B124F7900.e.22615"}]}
RESULT: {"script":"<script> [8489 bytes]","args":[{"element-6066-11e4-a52e-4f735466cecf":"f.1920C544C16071EF810842AAA08EA988.d.44F2F0A6EE24DCB1B20F700B124F7900.e.22615","ELEMENT":"f.1920C544C16071EF810842AAA08EA988.d.44F2F0A6EE24DCB1B20F700B124F7900.e.22615"}]}
COMMAND: GET /session/2eb25f1cbe9612d735ab0219d8fb520b/screenshot - {}
RESULT: {}
COMMAND: POST /session/2eb25f1cbe9612d735ab0219d8fb520b/execute/sync - {"script":"<script> [8489 bytes]","args":[{"element-6066-11e4-a52e-4f735466cecf":"f.1920C544C16071EF810842AAA08EA988.d.44F2F0A6EE24DCB1B20F700B124F7900.e.22615","ELEMENT":"f.1920C544C16071EF810842AAA08EA988.d.44F2F0A6EE24DCB1B20F700B124F7900.e.22615"}]}
RESULT: {"script":"<script> [8489 bytes]","args":[{"element-6066-11e4-a52e-4f735466cecf":"f.1920C544C16071EF810842AAA08EA988.d.44F2F0A6EE24DCB1B20F700B124F7900.e.22615","ELEMENT":"f.1920C544C16071EF810842AAA08EA988.d.44F2F0A6EE24DCB1B20F700B124F7900.e.22615"}]}
COMMAND: GET /session/2eb25f1cbe9612d735ab0219d8fb520b/screenshot - {}
RESULT: {}
COMMAND: POST /session/2eb25f1cbe9612d735ab0219d8fb520b/execute/sync - {"script":"<script> [8489 bytes]","args":[{"element-6066-11e4-a52e-4f735466cecf":"f.1920C544C16071EF810842AAA08EA988.d.44F2F0A6EE24DCB1B20F700B124F7900.e.22615","ELEMENT":"f.1920C544C16071EF810842AAA08EA988.d.44F2F0A6EE24DCB1B20F700B124F7900.e.22615"}]}
RESULT: {"script":"<script> [8489 bytes]","args":[{"element-6066-11e4-a52e-4f735466cecf":"f.1920C544C16071EF810842AAA08EA988.d.44F2F0A6EE24DCB1B20F700B124F7900.e.22615","ELEMENT":"f.1920C544C16071EF810842AAA08EA988.d.44F2F0A6EE24DCB1B20F700B124F7900.e.22615"}]}
COMMAND: GET /session/2eb25f1cbe9612d735ab0219d8fb520b/screenshot - {}
RESULT: {}
COMMAND: POST /session/2eb25f1cbe9612d735ab0219d8fb520b/execute/sync - {"script":"<script> [8489 bytes]","args":[{"element-6066-11e4-a52e-4f735466cecf":"f.1920C544C16071EF810842AAA08EA988.d.44F2F0A6EE24DCB1B20F700B124F7900.e.22615","ELEMENT":"f.1920C544C16071EF810842AAA08EA988.d.44F2F0A6EE24DCB1B20F700B124F7900.e.22615"}]}
RESULT: {"script":"<script> [8489 bytes]","args":[{"element-6066-11e4-a52e-4f735466cecf":"f.1920C544C16071EF810842AAA08EA988.d.44F2F0A6EE24DCB1B20F700B124F7900.e.22615","ELEMENT":"f.1920C544C16071EF810842AAA08EA988.d.44F2F0A6EE24DCB1B20F700B124F7900.e.22615"}]}
COMMAND: GET /session/2eb25f1cbe9612d735ab0219d8fb520b/screenshot - {}
RESULT: {}
COMMAND: POST /session/2eb25f1cbe9612d735ab0219d8fb520b/execute/sync - {"script":"<script> [8489 bytes]","args":[{"element-6066-11e4-a52e-4f735466cecf":"f.1920C544C16071EF810842AAA08EA988.d.44F2F0A6EE24DCB1B20F700B124F7900.e.22615","ELEMENT":"f.1920C544C16071EF810842AAA08EA988.d.44F2F0A6EE24DCB1B20F700B124F7900.e.22615"}]}
RESULT: {"script":"<script> [8489 bytes]","args":[{"element-6066-11e4-a52e-4f735466cecf":"f.1920C544C16071EF810842AAA08EA988.d.44F2F0A6EE24DCB1B20F700B124F7900.e.22615","ELEMENT":"f.1920C544C16071EF810842AAA08EA988.d.44F2F0A6EE24DCB1B20F700B124F7900.e.22615"}]}
COMMAND: GET /session/2eb25f1cbe9612d735ab0219d8fb520b/screenshot - {}
RESULT: {}
COMMAND: POST /session/2eb25f1cbe9612d735ab0219d8fb520b/execute/sync - {"script":"<script> [8489 bytes]","args":[{"element-6066-11e4-a52e-4f735466cecf":"f.1920C544C16071EF810842AAA08EA988.d.44F2F0A6EE24DCB1B20F700B124F7900.e.22615","ELEMENT":"f.1920C544C16071EF810842AAA08EA988.d.44F2F0A6EE24DCB1B20F700B124F7900.e.22615"}]}
RESULT: {"script":"<script> [8489 bytes]","args":[{"element-6066-11e4-a52e-4f735466cecf":"f.1920C544C16071EF810842AAA08EA988.d.44F2F0A6EE24DCB1B20F700B124F7900.e.22615","ELEMENT":"f.1920C544C16071EF810842AAA08EA988.d.44F2F0A6EE24DCB1B20F700B124F7900.e.22615"}]}
COMMAND: GET /session/2eb25f1cbe9612d735ab0219d8fb520b/screenshot - {}
RESULT: {}
COMMAND: POST /session/2eb25f1cbe9612d735ab0219d8fb520b/execute/sync - {"script":"<script> [8489 bytes]","args":[{"element-6066-11e4-a52e-4f735466cecf":"f.1920C544C16071EF810842AAA08EA988.d.44F2F0A6EE24DCB1B20F700B124F7900.e.22615","ELEMENT":"f.1920C544C16071EF810842AAA08EA988.d.44F2F0A6EE24DCB1B20F700B124F7900.e.22615"}]}
RESULT: {"script":"<script> [8489 bytes]","args":[{"element-6066-11e4-a52e-4f735466cecf":"f.1920C544C16071EF810842AAA08EA988.d.44F2F0A6EE24DCB1B20F700B124F7900.e.22615","ELEMENT":"f.1920C544C16071EF810842AAA08EA988.d.44F2F0A6EE24DCB1B20F700B124F7900.e.22615"}]}
COMMAND: GET /session/2eb25f1cbe9612d735ab0219d8fb520b/screenshot - {}
RESULT: {}
COMMAND: POST /session/2eb25f1cbe9612d735ab0219d8fb520b/execute/sync - {"script":"<script> [8489 bytes]","args":[{"element-6066-11e4-a52e-4f735466cecf":"f.1920C544C16071EF810842AAA08EA988.d.44F2F0A6EE24DCB1B20F700B124F7900.e.22615","ELEMENT":"f.1920C544C16071EF810842AAA08EA988.d.44F2F0A6EE24DCB1B20F700B124F7900.e.22615"}]}
RESULT: {"script":"<script> [8489 bytes]","args":[{"element-6066-11e4-a52e-4f735466cecf":"f.1920C544C16071EF810842AAA08EA988.d.44F2F0A6EE24DCB1B20F700B124F7900.e.22615","ELEMENT":"f.1920C544C16071EF810842AAA08EA988.d.44F2F0A6EE24DCB1B20F700B124F7900.e.22615"}]}
COMMAND: GET /session/2eb25f1cbe9612d735ab0219d8fb520b/screenshot - {}
COMMAND: POST /session/2eb25f1cbe9612d735ab0219d8fb520b/execute/sync - {"script":"<script> [8489 bytes]","args":[{"element-6066-11e4-a52e-4f735466cecf":"f.1920C544C16071EF810842AAA08EA988.d.44F2F0A6EE24DCB1B20F700B124F7900.e.22615","ELEMENT":"f.1920C544C16071EF810842AAA08EA988.d.44F2F0A6EE24DCB1B20F700B124F7900.e.22615"}]}
RESULT: {}
RESULT: {"script":"<script> [8489 bytes]","args":[{"element-6066-11e4-a52e-4f735466cecf":"f.1920C544C16071EF810842AAA08EA988.d.44F2F0A6EE24DCB1B20F700B124F7900.e.22615","ELEMENT":"f.1920C544C16071EF810842AAA08EA988.d.44F2F0A6EE24DCB1B20F700B124F7900.e.22615"}]}
COMMAND: GET /session/2eb25f1cbe9612d735ab0219d8fb520b/screenshot - {}
RESULT: {}
COMMAND: POST /session/2eb25f1cbe9612d735ab0219d8fb520b/execute/sync - {"script":"<script> [8489 bytes]","args":[{"element-6066-11e4-a52e-4f735466cecf":"f.1920C544C16071EF810842AAA08EA988.d.44F2F0A6EE24DCB1B20F700B124F7900.e.22615","ELEMENT":"f.1920C544C16071EF810842AAA08EA988.d.44F2F0A6EE24DCB1B20F700B124F7900.e.22615"}]}
RESULT: {"script":"<script> [8489 bytes]","args":[{"element-6066-11e4-a52e-4f735466cecf":"f.1920C544C16071EF810842AAA08EA988.d.44F2F0A6EE24DCB1B20F700B124F7900.e.22615","ELEMENT":"f.1920C544C16071EF810842AAA08EA988.d.44F2F0A6EE24DCB1B20F700B124F7900.e.22615"}]}
COMMAND: GET /session/2eb25f1cbe9612d735ab0219d8fb520b/screenshot - {}
COMMAND: POST /session/2eb25f1cbe9612d735ab0219d8fb520b/execute/sync - {"script":"<script> [8489 bytes]","args":[{"element-6066-11e4-a52e-4f735466cecf":"f.1920C544C16071EF810842AAA08EA988.d.44F2F0A6EE24DCB1B20F700B124F7900.e.22615","ELEMENT":"f.1920C544C16071EF810842AAA08EA988.d.44F2F0A6EE24DCB1B20F700B124F7900.e.22615"}]}
RESULT: {}
RESULT: {"script":"<script> [8489 bytes]","args":[{"element-6066-11e4-a52e-4f735466cecf":"f.1920C544C16071EF810842AAA08EA988.d.44F2F0A6EE24DCB1B20F700B124F7900.e.22615","ELEMENT":"f.1920C544C16071EF810842AAA08EA988.d.44F2F0A6EE24DCB1B20F700B124F7900.e.22615"}]}
COMMAND: GET /session/2eb25f1cbe9612d735ab0219d8fb520b/screenshot - {}
COMMAND: POST /session/2eb25f1cbe9612d735ab0219d8fb520b/execute/sync - {"script":"<script> [8489 bytes]","args":[{"element-6066-11e4-a52e-4f735466cecf":"f.1920C544C16071EF810842AAA08EA988.d.44F2F0A6EE24DCB1B20F700B124F7900.e.22615","ELEMENT":"f.1920C544C16071EF810842AAA08EA988.d.44F2F0A6EE24DCB1B20F700B124F7900.e.22615"}]}
RESULT: {}
RESULT: {"script":"<script> [8489 bytes]","args":[{"element-6066-11e4-a52e-4f735466cecf":"f.1920C544C16071EF810842AAA08EA988.d.44F2F0A6EE24DCB1B20F700B124F7900.e.22615","ELEMENT":"f.1920C544C16071EF810842AAA08EA988.d.44F2F0A6EE24DCB1B20F700B124F7900.e.22615"}]}
COMMAND: GET /session/2eb25f1cbe9612d735ab0219d8fb520b/screenshot - {}
RESULT: {}
COMMAND: POST /session/2eb25f1cbe9612d735ab0219d8fb520b/execute/sync - {"script":"<script> [8489 bytes]","args":[{"element-6066-11e4-a52e-4f735466cecf":"f.1920C544C16071EF810842AAA08EA988.d.44F2F0A6EE24DCB1B20F700B124F7900.e.22615","ELEMENT":"f.1920C544C16071EF810842AAA08EA988.d.44F2F0A6EE24DCB1B20F700B124F7900.e.22615"}]}
RESULT: {"script":"<script> [8489 bytes]","args":[{"element-6066-11e4-a52e-4f735466cecf":"f.1920C544C16071EF810842AAA08EA988.d.44F2F0A6EE24DCB1B20F700B124F7900.e.22615","ELEMENT":"f.1920C544C16071EF810842AAA08EA988.d.44F2F0A6EE24DCB1B20F700B124F7900.e.22615"}]}
COMMAND: GET /session/2eb25f1cbe9612d735ab0219d8fb520b/screenshot - {}
RESULT: {}
COMMAND: POST /session/2eb25f1cbe9612d735ab0219d8fb520b/execute/sync - {"script":"<script> [8489 bytes]","args":[{"element-6066-11e4-a52e-4f735466cecf":"f.1920C544C16071EF810842AAA08EA988.d.44F2F0A6EE24DCB1B20F700B124F7900.e.22615","ELEMENT":"f.1920C544C16071EF810842AAA08EA988.d.44F2F0A6EE24DCB1B20F700B124F7900.e.22615"}]}
RESULT: {"script":"<script> [8489 bytes]","args":[{"element-6066-11e4-a52e-4f735466cecf":"f.1920C544C16071EF810842AAA08EA988.d.44F2F0A6EE24DCB1B20F700B124F7900.e.22615","ELEMENT":"f.1920C544C16071EF810842AAA08EA988.d.44F2F0A6EE24DCB1B20F700B124F7900.e.22615"}]}
COMMAND: GET /session/2eb25f1cbe9612d735ab0219d8fb520b/screenshot - {}
RESULT: {}
COMMAND: POST /session/2eb25f1cbe9612d735ab0219d8fb520b/execute/sync - {"script":"<script> [8489 bytes]","args":[{"element-6066-11e4-a52e-4f735466cecf":"f.1920C544C16071EF810842AAA08EA988.d.44F2F0A6EE24DCB1B20F700B124F7900.e.22615","ELEMENT":"f.1920C544C16071EF810842AAA08EA988.d.44F2F0A6EE24DCB1B20F700B124F7900.e.22615"}]}
RESULT: {"script":"<script> [8489 bytes]","args":[{"element-6066-11e4-a52e-4f735466cecf":"f.1920C544C16071EF810842AAA08EA988.d.44F2F0A6EE24DCB1B20F700B124F7900.e.22615","ELEMENT":"f.1920C544C16071EF810842AAA08EA988.d.44F2F0A6EE24DCB1B20F700B124F7900.e.22615"}]}
COMMAND: GET /session/2eb25f1cbe9612d735ab0219d8fb520b/screenshot - {}
RESULT: {}
COMMAND: POST /session/2eb25f1cbe9612d735ab0219d8fb520b/execute/sync - {"script":"<script> [8489 bytes]","args":[{"element-6066-11e4-a52e-4f735466cecf":"f.1920C544C16071EF810842AAA08EA988.d.44F2F0A6EE24DCB1B20F700B124F7900.e.22615","ELEMENT":"f.1920C544C16071EF810842AAA08EA988.d.44F2F0A6EE24DCB1B20F700B124F7900.e.22615"}]}
RESULT: {"script":"<script> [8489 bytes]","args":[{"element-6066-11e4-a52e-4f735466cecf":"f.1920C544C16071EF810842AAA08EA988.d.44F2F0A6EE24DCB1B20F700B124F7900.e.22615","ELEMENT":"f.1920C544C16071EF810842AAA08EA988.d.44F2F0A6EE24DCB1B20F700B124F7900.e.22615"}]}
COMMAND: GET /session/2eb25f1cbe9612d735ab0219d8fb520b/screenshot - {}
RESULT: {}
COMMAND: POST /session/2eb25f1cbe9612d735ab0219d8fb520b/execute/sync - {"script":"<script> [8489 bytes]","args":[{"element-6066-11e4-a52e-4f735466cecf":"f.1920C544C16071EF810842AAA08EA988.d.44F2F0A6EE24DCB1B20F700B124F7900.e.22615","ELEMENT":"f.1920C544C16071EF810842AAA08EA988.d.44F2F0A6EE24DCB1B20F700B124F7900.e.22615"}]}
RESULT: {"script":"<script> [8489 bytes]","args":[{"element-6066-11e4-a52e-4f735466cecf":"f.1920C544C16071EF810842AAA08EA988.d.44F2F0A6EE24DCB1B20F700B124F7900.e.22615","ELEMENT":"f.1920C544C16071EF810842AAA08EA988.d.44F2F0A6EE24DCB1B20F700B124F7900.e.22615"}]}
COMMAND: GET /session/2eb25f1cbe9612d735ab0219d8fb520b/screenshot - {}
RESULT: {}
COMMAND: POST /session/2eb25f1cbe9612d735ab0219d8fb520b/execute/sync - {"script":"<script> [8489 bytes]","args":[{"element-6066-11e4-a52e-4f735466cecf":"f.1920C544C16071EF810842AAA08EA988.d.44F2F0A6EE24DCB1B20F700B124F7900.e.22615","ELEMENT":"f.1920C544C16071EF810842AAA08EA988.d.44F2F0A6EE24DCB1B20F700B124F7900.e.22615"}]}
RESULT: {"script":"<script> [8489 bytes]","args":[{"element-6066-11e4-a52e-4f735466cecf":"f.1920C544C16071EF810842AAA08EA988.d.44F2F0A6EE24DCB1B20F700B124F7900.e.22615","ELEMENT":"f.1920C544C16071EF810842AAA08EA988.d.44F2F0A6EE24DCB1B20F700B124F7900.e.22615"}]}
COMMAND: GET /session/2eb25f1cbe9612d735ab0219d8fb520b/screenshot - {}
RESULT: {}
COMMAND: POST /session/2eb25f1cbe9612d735ab0219d8fb520b/execute/sync - {"script":"<script> [8489 bytes]","args":[{"element-6066-11e4-a52e-4f735466cecf":"f.1920C544C16071EF810842AAA08EA988.d.44F2F0A6EE24DCB1B20F700B124F7900.e.22615","ELEMENT":"f.1920C544C16071EF810842AAA08EA988.d.44F2F0A6EE24DCB1B20F700B124F7900.e.22615"}]}
RESULT: {"script":"<script> [8489 bytes]","args":[{"element-6066-11e4-a52e-4f735466cecf":"f.1920C544C16071EF810842AAA08EA988.d.44F2F0A6EE24DCB1B20F700B124F7900.e.22615","ELEMENT":"f.1920C544C16071EF810842AAA08EA988.d.44F2F0A6EE24DCB1B20F700B124F7900.e.22615"}]}
COMMAND: GET /session/2eb25f1cbe9612d735ab0219d8fb520b/screenshot - {}
RESULT: {}
COMMAND: POST /session/2eb25f1cbe9612d735ab0219d8fb520b/execute/sync - {"script":"<script> [8489 bytes]","args":[{"element-6066-11e4-a52e-4f735466cecf":"f.1920C544C16071EF810842AAA08EA988.d.44F2F0A6EE24DCB1B20F700B124F7900.e.22615","ELEMENT":"f.1920C544C16071EF810842AAA08EA988.d.44F2F0A6EE24DCB1B20F700B124F7900.e.22615"}]}
RESULT: {"script":"<script> [8489 bytes]","args":[{"element-6066-11e4-a52e-4f735466cecf":"f.1920C544C16071EF810842AAA08EA988.d.44F2F0A6EE24DCB1B20F700B124F7900.e.22615","ELEMENT":"f.1920C544C16071EF810842AAA08EA988.d.44F2F0A6EE24DCB1B20F700B124F7900.e.22615"}]}
COMMAND: GET /session/2eb25f1cbe9612d735ab0219d8fb520b/screenshot - {}
RESULT: {}
COMMAND: POST /session/2eb25f1cbe9612d735ab0219d8fb520b/execute/sync - {"script":"<script> [8489 bytes]","args":[{"element-6066-11e4-a52e-4f735466cecf":"f.1920C544C16071EF810842AAA08EA988.d.44F2F0A6EE24DCB1B20F700B124F7900.e.22615","ELEMENT":"f.1920C544C16071EF810842AAA08EA988.d.44F2F0A6EE24DCB1B20F700B124F7900.e.22615"}]}
RESULT: {"script":"<script> [8489 bytes]","args":[{"element-6066-11e4-a52e-4f735466cecf":"f.1920C544C16071EF810842AAA08EA988.d.44F2F0A6EE24DCB1B20F700B124F7900.e.22615","ELEMENT":"f.1920C544C16071EF810842AAA08EA988.d.44F2F0A6EE24DCB1B20F700B124F7900.e.22615"}]}
COMMAND: GET /session/2eb25f1cbe9612d735ab0219d8fb520b/screenshot - {}
RESULT: {}
COMMAND: POST /session/2eb25f1cbe9612d735ab0219d8fb520b/execute/sync - {"script":"<script> [8489 bytes]","args":[{"element-6066-11e4-a52e-4f735466cecf":"f.1920C544C16071EF810842AAA08EA988.d.44F2F0A6EE24DCB1B20F700B124F7900.e.22615","ELEMENT":"f.1920C544C16071EF810842AAA08EA988.d.44F2F0A6EE24DCB1B20F700B124F7900.e.22615"}]}
RESULT: {"script":"<script> [8489 bytes]","args":[{"element-6066-11e4-a52e-4f735466cecf":"f.1920C544C16071EF810842AAA08EA988.d.44F2F0A6EE24DCB1B20F700B124F7900.e.22615","ELEMENT":"f.1920C544C16071EF810842AAA08EA988.d.44F2F0A6EE24DCB1B20F700B124F7900.e.22615"}]}
COMMAND: GET /session/2eb25f1cbe9612d735ab0219d8fb520b/screenshot - {}
RESULT: {}
COMMAND: POST /session/2eb25f1cbe9612d735ab0219d8fb520b/execute/sync - {"script":"<script> [8489 bytes]","args":[{"element-6066-11e4-a52e-4f735466cecf":"f.1920C544C16071EF810842AAA08EA988.d.44F2F0A6EE24DCB1B20F700B124F7900.e.22615","ELEMENT":"f.1920C544C16071EF810842AAA08EA988.d.44F2F0A6EE24DCB1B20F700B124F7900.e.22615"}]}
RESULT: {"script":"<script> [8489 bytes]","args":[{"element-6066-11e4-a52e-4f735466cecf":"f.1920C544C16071EF810842AAA08EA988.d.44F2F0A6EE24DCB1B20F700B124F7900.e.22615","ELEMENT":"f.1920C544C16071EF810842AAA08EA988.d.44F2F0A6EE24DCB1B20F700B124F7900.e.22615"}]}
COMMAND: GET /session/2eb25f1cbe9612d735ab0219d8fb520b/screenshot - {}
RESULT: {}
COMMAND: POST /session/2eb25f1cbe9612d735ab0219d8fb520b/execute/sync - {"script":"<script> [8489 bytes]","args":[{"element-6066-11e4-a52e-4f735466cecf":"f.1920C544C16071EF810842AAA08EA988.d.44F2F0A6EE24DCB1B20F700B124F7900.e.22615","ELEMENT":"f.1920C544C16071EF810842AAA08EA988.d.44F2F0A6EE24DCB1B20F700B124F7900.e.22615"}]}
RESULT: {"script":"<script> [8489 bytes]","args":[{"element-6066-11e4-a52e-4f735466cecf":"f.1920C544C16071EF810842AAA08EA988.d.44F2F0A6EE24DCB1B20F700B124F7900.e.22615","ELEMENT":"f.1920C544C16071EF810842AAA08EA988.d.44F2F0A6EE24DCB1B20F700B124F7900.e.22615"}]}
COMMAND: GET /session/2eb25f1cbe9612d735ab0219d8fb520b/screenshot - {}
RESULT: {}
COMMAND: POST /session/2eb25f1cbe9612d735ab0219d8fb520b/execute/sync - {"script":"<script> [8489 bytes]","args":[{"element-6066-11e4-a52e-4f735466cecf":"f.1920C544C16071EF810842AAA08EA988.d.44F2F0A6EE24DCB1B20F700B124F7900.e.22615","ELEMENT":"f.1920C544C16071EF810842AAA08EA988.d.44F2F0A6EE24DCB1B20F700B124F7900.e.22615"}]}
RESULT: {"script":"<script> [8489 bytes]","args":[{"element-6066-11e4-a52e-4f735466cecf":"f.1920C544C16071EF810842AAA08EA988.d.44F2F0A6EE24DCB1B20F700B124F7900.e.22615","ELEMENT":"f.1920C544C16071EF810842AAA08EA988.d.44F2F0A6EE24DCB1B20F700B124F7900.e.22615"}]}
COMMAND: GET /session/2eb25f1cbe9612d735ab0219d8fb520b/screenshot - {}
RESULT: {}
COMMAND: POST /session/2eb25f1cbe9612d735ab0219d8fb520b/execute/sync - {"script":"<script> [8489 bytes]","args":[{"element-6066-11e4-a52e-4f735466cecf":"f.1920C544C16071EF810842AAA08EA988.d.44F2F0A6EE24DCB1B20F700B124F7900.e.22615","ELEMENT":"f.1920C544C16071EF810842AAA08EA988.d.44F2F0A6EE24DCB1B20F700B124F7900.e.22615"}]}
RESULT: {"script":"<script> [8489 bytes]","args":[{"element-6066-11e4-a52e-4f735466cecf":"f.1920C544C16071EF810842AAA08EA988.d.44F2F0A6EE24DCB1B20F700B124F7900.e.22615","ELEMENT":"f.1920C544C16071EF810842AAA08EA988.d.44F2F0A6EE24DCB1B20F700B124F7900.e.22615"}]}
COMMAND: GET /session/2eb25f1cbe9612d735ab0219d8fb520b/screenshot - {}
RESULT: {}
COMMAND: POST /session/2eb25f1cbe9612d735ab0219d8fb520b/execute/sync - {"script":"<script> [8489 bytes]","args":[{"element-6066-11e4-a52e-4f735466cecf":"f.1920C544C16071EF810842AAA08EA988.d.44F2F0A6EE24DCB1B20F700B124F7900.e.22615","ELEMENT":"f.1920C544C16071EF810842AAA08EA988.d.44F2F0A6EE24DCB1B20F700B124F7900.e.22615"}]}
RESULT: {"script":"<script> [8489 bytes]","args":[{"element-6066-11e4-a52e-4f735466cecf":"f.1920C544C16071EF810842AAA08EA988.d.44F2F0A6EE24DCB1B20F700B124F7900.e.22615","ELEMENT":"f.1920C544C16071EF810842AAA08EA988.d.44F2F0A6EE24DCB1B20F700B124F7900.e.22615"}]}
COMMAND: GET /session/2eb25f1cbe9612d735ab0219d8fb520b/screenshot - {}
RESULT: {}
COMMAND: POST /session/2eb25f1cbe9612d735ab0219d8fb520b/execute/sync - {"script":"<script> [8489 bytes]","args":[{"element-6066-11e4-a52e-4f735466cecf":"f.1920C544C16071EF810842AAA08EA988.d.44F2F0A6EE24DCB1B20F700B124F7900.e.22615","ELEMENT":"f.1920C544C16071EF810842AAA08EA988.d.44F2F0A6EE24DCB1B20F700B124F7900.e.22615"}]}
RESULT: {"script":"<script> [8489 bytes]","args":[{"element-6066-11e4-a52e-4f735466cecf":"f.1920C544C16071EF810842AAA08EA988.d.44F2F0A6EE24DCB1B20F700B124F7900.e.22615","ELEMENT":"f.1920C544C16071EF810842AAA08EA988.d.44F2F0A6EE24DCB1B20F700B124F7900.e.22615"}]}
COMMAND: GET /session/2eb25f1cbe9612d735ab0219d8fb520b/screenshot - {}
RESULT: {}
COMMAND: POST /session/2eb25f1cbe9612d735ab0219d8fb520b/execute/sync - {"script":"<script> [8489 bytes]","args":[{"element-6066-11e4-a52e-4f735466cecf":"f.1920C544C16071EF810842AAA08EA988.d.44F2F0A6EE24DCB1B20F700B124F7900.e.22615","ELEMENT":"f.1920C544C16071EF810842AAA08EA988.d.44F2F0A6EE24DCB1B20F700B124F7900.e.22615"}]}
RESULT: {"script":"<script> [8489 bytes]","args":[{"element-6066-11e4-a52e-4f735466cecf":"f.1920C544C16071EF810842AAA08EA988.d.44F2F0A6EE24DCB1B20F700B124F7900.e.22615","ELEMENT":"f.1920C544C16071EF810842AAA08EA988.d.44F2F0A6EE24DCB1B20F700B124F7900.e.22615"}]}
COMMAND: GET /session/2eb25f1cbe9612d735ab0219d8fb520b/screenshot - {}
RESULT: {}
COMMAND: POST /session/2eb25f1cbe9612d735ab0219d8fb520b/execute/sync - {"script":"<script> [8489 bytes]","args":[{"element-6066-11e4-a52e-4f735466cecf":"f.1920C544C16071EF810842AAA08EA988.d.44F2F0A6EE24DCB1B20F700B124F7900.e.22615","ELEMENT":"f.1920C544C16071EF810842AAA08EA988.d.44F2F0A6EE24DCB1B20F700B124F7900.e.22615"}]}
RESULT: {"script":"<script> [8489 bytes]","args":[{"element-6066-11e4-a52e-4f735466cecf":"f.1920C544C16071EF810842AAA08EA988.d.44F2F0A6EE24DCB1B20F700B124F7900.e.22615","ELEMENT":"f.1920C544C16071EF810842AAA08EA988.d.44F2F0A6EE24DCB1B20F700B124F7900.e.22615"}]}
COMMAND: GET /session/2eb25f1cbe9612d735ab0219d8fb520b/screenshot - {}
RESULT: {}
COMMAND: POST /session/2eb25f1cbe9612d735ab0219d8fb520b/execute/sync - {"script":"<script> [8489 bytes]","args":[{"element-6066-11e4-a52e-4f735466cecf":"f.1920C544C16071EF810842AAA08EA988.d.44F2F0A6EE24DCB1B20F700B124F7900.e.22615","ELEMENT":"f.1920C544C16071EF810842AAA08EA988.d.44F2F0A6EE24DCB1B20F700B124F7900.e.22615"}]}
RESULT: {"script":"<script> [8489 bytes]","args":[{"element-6066-11e4-a52e-4f735466cecf":"f.1920C544C16071EF810842AAA08EA988.d.44F2F0A6EE24DCB1B20F700B124F7900.e.22615","ELEMENT":"f.1920C544C16071EF810842AAA08EA988.d.44F2F0A6EE24DCB1B20F700B124F7900.e.22615"}]}
COMMAND: GET /session/2eb25f1cbe9612d735ab0219d8fb520b/screenshot - {}
RESULT: {}
COMMAND: POST /session/2eb25f1cbe9612d735ab0219d8fb520b/execute/sync - {"script":"<script> [8489 bytes]","args":[{"element-6066-11e4-a52e-4f735466cecf":"f.1920C544C16071EF810842AAA08EA988.d.44F2F0A6EE24DCB1B20F700B124F7900.e.22615","ELEMENT":"f.1920C544C16071EF810842AAA08EA988.d.44F2F0A6EE24DCB1B20F700B124F7900.e.22615"}]}
RESULT: {"script":"<script> [8489 bytes]","args":[{"element-6066-11e4-a52e-4f735466cecf":"f.1920C544C16071EF810842AAA08EA988.d.44F2F0A6EE24DCB1B20F700B124F7900.e.22615","ELEMENT":"f.1920C544C16071EF810842AAA08EA988.d.44F2F0A6EE24DCB1B20F700B124F7900.e.22615"}]}
COMMAND: GET /session/2eb25f1cbe9612d735ab0219d8fb520b/screenshot - {}
RESULT: {}
COMMAND: POST /session/2eb25f1cbe9612d735ab0219d8fb520b/execute/sync - {"script":"<script> [8489 bytes]","args":[{"element-6066-11e4-a52e-4f735466cecf":"f.1920C544C16071EF810842AAA08EA988.d.44F2F0A6EE24DCB1B20F700B124F7900.e.22615","ELEMENT":"f.1920C544C16071EF810842AAA08EA988.d.44F2F0A6EE24DCB1B20F700B124F7900.e.22615"}]}
RESULT: {"script":"<script> [8489 bytes]","args":[{"element-6066-11e4-a52e-4f735466cecf":"f.1920C544C16071EF810842AAA08EA988.d.44F2F0A6EE24DCB1B20F700B124F7900.e.22615","ELEMENT":"f.1920C544C16071EF810842AAA08EA988.d.44F2F0A6EE24DCB1B20F700B124F7900.e.22615"}]}
COMMAND: GET /session/2eb25f1cbe9612d735ab0219d8fb520b/screenshot - {}
RESULT: {}
COMMAND: POST /session/2eb25f1cbe9612d735ab0219d8fb520b/execute/sync - {"script":"<script> [8489 bytes]","args":[{"element-6066-11e4-a52e-4f735466cecf":"f.1920C544C16071EF810842AAA08EA988.d.44F2F0A6EE24DCB1B20F700B124F7900.e.22615","ELEMENT":"f.1920C544C16071EF810842AAA08EA988.d.44F2F0A6EE24DCB1B20F700B124F7900.e.22615"}]}
RESULT: {"script":"<script> [8489 bytes]","args":[{"element-6066-11e4-a52e-4f735466cecf":"f.1920C544C16071EF810842AAA08EA988.d.44F2F0A6EE24DCB1B20F700B124F7900.e.22615","ELEMENT":"f.1920C544C16071EF810842AAA08EA988.d.44F2F0A6EE24DCB1B20F700B124F7900.e.22615"}]}
COMMAND: GET /session/2eb25f1cbe9612d735ab0219d8fb520b/screenshot - {}
RESULT: {}
COMMAND: POST /session/2eb25f1cbe9612d735ab0219d8fb520b/execute/sync - {"script":"<script> [8489 bytes]","args":[{"element-6066-11e4-a52e-4f735466cecf":"f.1920C544C16071EF810842AAA08EA988.d.44F2F0A6EE24DCB1B20F700B124F7900.e.22615","ELEMENT":"f.1920C544C16071EF810842AAA08EA988.d.44F2F0A6EE24DCB1B20F700B124F7900.e.22615"}]}
RESULT: {"script":"<script> [8489 bytes]","args":[{"element-6066-11e4-a52e-4f735466cecf":"f.1920C544C16071EF810842AAA08EA988.d.44F2F0A6EE24DCB1B20F700B124F7900.e.22615","ELEMENT":"f.1920C544C16071EF810842AAA08EA988.d.44F2F0A6EE24DCB1B20F700B124F7900.e.22615"}]}
COMMAND: GET /session/2eb25f1cbe9612d735ab0219d8fb520b/screenshot - {}
RESULT: {}
COMMAND: POST /session/2eb25f1cbe9612d735ab0219d8fb520b/execute/sync - {"script":"<script> [8489 bytes]","args":[{"element-6066-11e4-a52e-4f735466cecf":"f.1920C544C16071EF810842AAA08EA988.d.44F2F0A6EE24DCB1B20F700B124F7900.e.22615","ELEMENT":"f.1920C544C16071EF810842AAA08EA988.d.44F2F0A6EE24DCB1B20F700B124F7900.e.22615"}]}
RESULT: {"script":"<script> [8489 bytes]","args":[{"element-6066-11e4-a52e-4f735466cecf":"f.1920C544C16071EF810842AAA08EA988.d.44F2F0A6EE24DCB1B20F700B124F7900.e.22615","ELEMENT":"f.1920C544C16071EF810842AAA08EA988.d.44F2F0A6EE24DCB1B20F700B124F7900.e.22615"}]}
COMMAND: GET /session/2eb25f1cbe9612d735ab0219d8fb520b/screenshot - {}
RESULT: {}
COMMAND: POST /session/2eb25f1cbe9612d735ab0219d8fb520b/execute/sync - {"script":"<script> [8489 bytes]","args":[{"element-6066-11e4-a52e-4f735466cecf":"f.1920C544C16071EF810842AAA08EA988.d.44F2F0A6EE24DCB1B20F700B124F7900.e.22615","ELEMENT":"f.1920C544C16071EF810842AAA08EA988.d.44F2F0A6EE24DCB1B20F700B124F7900.e.22615"}]}
RESULT: {"script":"<script> [8489 bytes]","args":[{"element-6066-11e4-a52e-4f735466cecf":"f.1920C544C16071EF810842AAA08EA988.d.44F2F0A6EE24DCB1B20F700B124F7900.e.22615","ELEMENT":"f.1920C544C16071EF810842AAA08EA988.d.44F2F0A6EE24DCB1B20F700B124F7900.e.22615"}]}
COMMAND: GET /session/2eb25f1cbe9612d735ab0219d8fb520b/screenshot - {}
RESULT: {}
COMMAND: POST /session/2eb25f1cbe9612d735ab0219d8fb520b/execute/sync - {"script":"<script> [8489 bytes]","args":[{"element-6066-11e4-a52e-4f735466cecf":"f.1920C544C16071EF810842AAA08EA988.d.44F2F0A6EE24DCB1B20F700B124F7900.e.22615","ELEMENT":"f.1920C544C16071EF810842AAA08EA988.d.44F2F0A6EE24DCB1B20F700B124F7900.e.22615"}]}
RESULT: {"script":"<script> [8489 bytes]","args":[{"element-6066-11e4-a52e-4f735466cecf":"f.1920C544C16071EF810842AAA08EA988.d.44F2F0A6EE24DCB1B20F700B124F7900.e.22615","ELEMENT":"f.1920C544C16071EF810842AAA08EA988.d.44F2F0A6EE24DCB1B20F700B124F7900.e.22615"}]}
COMMAND: GET /session/2eb25f1cbe9612d735ab0219d8fb520b/screenshot - {}
RESULT: {}
COMMAND: POST /session/2eb25f1cbe9612d735ab0219d8fb520b/execute/sync - {"script":"<script> [8489 bytes]","args":[{"element-6066-11e4-a52e-4f735466cecf":"f.1920C544C16071EF810842AAA08EA988.d.44F2F0A6EE24DCB1B20F700B124F7900.e.22615","ELEMENT":"f.1920C544C16071EF810842AAA08EA988.d.44F2F0A6EE24DCB1B20F700B124F7900.e.22615"}]}
RESULT: {"script":"<script> [8489 bytes]","args":[{"element-6066-11e4-a52e-4f735466cecf":"f.1920C544C16071EF810842AAA08EA988.d.44F2F0A6EE24DCB1B20F700B124F7900.e.22615","ELEMENT":"f.1920C544C16071EF810842AAA08EA988.d.44F2F0A6EE24DCB1B20F700B124F7900.e.22615"}]}
COMMAND: GET /session/2eb25f1cbe9612d735ab0219d8fb520b/screenshot - {}
RESULT: {}
COMMAND: POST /session/2eb25f1cbe9612d735ab0219d8fb520b/execute/sync - {"script":"<script> [8489 bytes]","args":[{"element-6066-11e4-a52e-4f735466cecf":"f.1920C544C16071EF810842AAA08EA988.d.44F2F0A6EE24DCB1B20F700B124F7900.e.22615","ELEMENT":"f.1920C544C16071EF810842AAA08EA988.d.44F2F0A6EE24DCB1B20F700B124F7900.e.22615"}]}
RESULT: {"script":"<script> [8489 bytes]","args":[{"element-6066-11e4-a52e-4f735466cecf":"f.1920C544C16071EF810842AAA08EA988.d.44F2F0A6EE24DCB1B20F700B124F7900.e.22615","ELEMENT":"f.1920C544C16071EF810842AAA08EA988.d.44F2F0A6EE24DCB1B20F700B124F7900.e.22615"}]}
COMMAND: GET /session/2eb25f1cbe9612d735ab0219d8fb520b/screenshot - {}
RESULT: {}
COMMAND: POST /session/2eb25f1cbe9612d735ab0219d8fb520b/execute/sync - {"script":"<script> [8489 bytes]","args":[{"element-6066-11e4-a52e-4f735466cecf":"f.1920C544C16071EF810842AAA08EA988.d.44F2F0A6EE24DCB1B20F700B124F7900.e.22615","ELEMENT":"f.1920C544C16071EF810842AAA08EA988.d.44F2F0A6EE24DCB1B20F700B124F7900.e.22615"}]}
RESULT: {"script":"<script> [8489 bytes]","args":[{"element-6066-11e4-a52e-4f735466cecf":"f.1920C544C16071EF810842AAA08EA988.d.44F2F0A6EE24DCB1B20F700B124F7900.e.22615","ELEMENT":"f.1920C544C16071EF810842AAA08EA988.d.44F2F0A6EE24DCB1B20F700B124F7900.e.22615"}]}
COMMAND: GET /session/2eb25f1cbe9612d735ab0219d8fb520b/screenshot - {}
RESULT: {}
COMMAND: POST /session/2eb25f1cbe9612d735ab0219d8fb520b/execute/sync - {"script":"<script> [8489 bytes]","args":[{"element-6066-11e4-a52e-4f735466cecf":"f.1920C544C16071EF810842AAA08EA988.d.44F2F0A6EE24DCB1B20F700B124F7900.e.22615","ELEMENT":"f.1920C544C16071EF810842AAA08EA988.d.44F2F0A6EE24DCB1B20F700B124F7900.e.22615"}]}
RESULT: {"script":"<script> [8489 bytes]","args":[{"element-6066-11e4-a52e-4f735466cecf":"f.1920C544C16071EF810842AAA08EA988.d.44F2F0A6EE24DCB1B20F700B124F7900.e.22615","ELEMENT":"f.1920C544C16071EF810842AAA08EA988.d.44F2F0A6EE24DCB1B20F700B124F7900.e.22615"}]}
COMMAND: GET /session/2eb25f1cbe9612d735ab0219d8fb520b/screenshot - {}
RESULT: {}
COMMAND: POST /session/2eb25f1cbe9612d735ab0219d8fb520b/execute/sync - {"script":"<script> [8489 bytes]","args":[{"element-6066-11e4-a52e-4f735466cecf":"f.1920C544C16071EF810842AAA08EA988.d.44F2F0A6EE24DCB1B20F700B124F7900.e.22615","ELEMENT":"f.1920C544C16071EF810842AAA08EA988.d.44F2F0A6EE24DCB1B20F700B124F7900.e.22615"}]}
RESULT: {"script":"<script> [8489 bytes]","args":[{"element-6066-11e4-a52e-4f735466cecf":"f.1920C544C16071EF810842AAA08EA988.d.44F2F0A6EE24DCB1B20F700B124F7900.e.22615","ELEMENT":"f.1920C544C16071EF810842AAA08EA988.d.44F2F0A6EE24DCB1B20F700B124F7900.e.22615"}]}
COMMAND: GET /session/2eb25f1cbe9612d735ab0219d8fb520b/screenshot - {}
RESULT: {}
COMMAND: POST /session/2eb25f1cbe9612d735ab0219d8fb520b/execute/sync - {"script":"<script> [8489 bytes]","args":[{"element-6066-11e4-a52e-4f735466cecf":"f.1920C544C16071EF810842AAA08EA988.d.44F2F0A6EE24DCB1B20F700B124F7900.e.22615","ELEMENT":"f.1920C544C16071EF810842AAA08EA988.d.44F2F0A6EE24DCB1B20F700B124F7900.e.22615"}]}
RESULT: {"script":"<script> [8489 bytes]","args":[{"element-6066-11e4-a52e-4f735466cecf":"f.1920C544C16071EF810842AAA08EA988.d.44F2F0A6EE24DCB1B20F700B124F7900.e.22615","ELEMENT":"f.1920C544C16071EF810842AAA08EA988.d.44F2F0A6EE24DCB1B20F700B124F7900.e.22615"}]}
COMMAND: GET /session/2eb25f1cbe9612d735ab0219d8fb520b/screenshot - {}
RESULT: {}
COMMAND: POST /session/2eb25f1cbe9612d735ab0219d8fb520b/execute/sync - {"script":"<script> [8489 bytes]","args":[{"element-6066-11e4-a52e-4f735466cecf":"f.1920C544C16071EF810842AAA08EA988.d.44F2F0A6EE24DCB1B20F700B124F7900.e.22615","ELEMENT":"f.1920C544C16071EF810842AAA08EA988.d.44F2F0A6EE24DCB1B20F700B124F7900.e.22615"}]}
RESULT: {"script":"<script> [8489 bytes]","args":[{"element-6066-11e4-a52e-4f735466cecf":"f.1920C544C16071EF810842AAA08EA988.d.44F2F0A6EE24DCB1B20F700B124F7900.e.22615","ELEMENT":"f.1920C544C16071EF810842AAA08EA988.d.44F2F0A6EE24DCB1B20F700B124F7900.e.22615"}]}
COMMAND: GET /session/2eb25f1cbe9612d735ab0219d8fb520b/screenshot - {}
RESULT: {}
COMMAND: POST /session/2eb25f1cbe9612d735ab0219d8fb520b/execute/sync - {"script":"<script> [8489 bytes]","args":[{"element-6066-11e4-a52e-4f735466cecf":"f.1920C544C16071EF810842AAA08EA988.d.44F2F0A6EE24DCB1B20F700B124F7900.e.22615","ELEMENT":"f.1920C544C16071EF810842AAA08EA988.d.44F2F0A6EE24DCB1B20F700B124F7900.e.22615"}]}
RESULT: {"script":"<script> [8489 bytes]","args":[{"element-6066-11e4-a52e-4f735466cecf":"f.1920C544C16071EF810842AAA08EA988.d.44F2F0A6EE24DCB1B20F700B124F7900.e.22615","ELEMENT":"f.1920C544C16071EF810842AAA08EA988.d.44F2F0A6EE24DCB1B20F700B124F7900.e.22615"}]}
COMMAND: GET /session/2eb25f1cbe9612d735ab0219d8fb520b/screenshot - {}
RESULT: {}
COMMAND: POST /session/2eb25f1cbe9612d735ab0219d8fb520b/execute/sync - {"script":"<script> [8489 bytes]","args":[{"element-6066-11e4-a52e-4f735466cecf":"f.1920C544C16071EF810842AAA08EA988.d.44F2F0A6EE24DCB1B20F700B124F7900.e.22615","ELEMENT":"f.1920C544C16071EF810842AAA08EA988.d.44F2F0A6EE24DCB1B20F700B124F7900.e.22615"}]}
RESULT: {"script":"<script> [8489 bytes]","args":[{"element-6066-11e4-a52e-4f735466cecf":"f.1920C544C16071EF810842AAA08EA988.d.44F2F0A6EE24DCB1B20F700B124F7900.e.22615","ELEMENT":"f.1920C544C16071EF810842AAA08EA988.d.44F2F0A6EE24DCB1B20F700B124F7900.e.22615"}]}
COMMAND: GET /session/2eb25f1cbe9612d735ab0219d8fb520b/screenshot - {}
RESULT: {}
COMMAND: POST /session/2eb25f1cbe9612d735ab0219d8fb520b/execute/sync - {"script":"<script> [8489 bytes]","args":[{"element-6066-11e4-a52e-4f735466cecf":"f.1920C544C16071EF810842AAA08EA988.d.44F2F0A6EE24DCB1B20F700B124F7900.e.22615","ELEMENT":"f.1920C544C16071EF810842AAA08EA988.d.44F2F0A6EE24DCB1B20F700B124F7900.e.22615"}]}
RESULT: {"script":"<script> [8489 bytes]","args":[{"element-6066-11e4-a52e-4f735466cecf":"f.1920C544C16071EF810842AAA08EA988.d.44F2F0A6EE24DCB1B20F700B124F7900.e.22615","ELEMENT":"f.1920C544C16071EF810842AAA08EA988.d.44F2F0A6EE24DCB1B20F700B124F7900.e.22615"}]}
COMMAND: GET /session/2eb25f1cbe9612d735ab0219d8fb520b/screenshot - {}
RESULT: {}
COMMAND: POST /session/2eb25f1cbe9612d735ab0219d8fb520b/execute/sync - {"script":"<script> [8489 bytes]","args":[{"element-6066-11e4-a52e-4f735466cecf":"f.1920C544C16071EF810842AAA08EA988.d.44F2F0A6EE24DCB1B20F700B124F7900.e.22615","ELEMENT":"f.1920C544C16071EF810842AAA08EA988.d.44F2F0A6EE24DCB1B20F700B124F7900.e.22615"}]}
RESULT: {"script":"<script> [8489 bytes]","args":[{"element-6066-11e4-a52e-4f735466cecf":"f.1920C544C16071EF810842AAA08EA988.d.44F2F0A6EE24DCB1B20F700B124F7900.e.22615","ELEMENT":"f.1920C544C16071EF810842AAA08EA988.d.44F2F0A6EE24DCB1B20F700B124F7900.e.22615"}]}
COMMAND: GET /session/2eb25f1cbe9612d735ab0219d8fb520b/screenshot - {}
RESULT: {}
COMMAND: POST /session/2eb25f1cbe9612d735ab0219d8fb520b/execute/async - {"script":"<script> [1562 bytes]","args":[{"selector":{"controlType":"sap.m.Button","viewName":"etm.portal.ui.managehandovers.view.DetailExecuteHO","i18NText":{"propertyName":"text","key":"pickQty"},"interaction":{"idSuffix":"BDI-content"}},"wdio_ui5_key":"etmportal.ui.managehandovers.view.DetailExecuteHOsap.m.Button{\"propertyName\":\"text\",\"key\":\"pickQty\"}"}]}
RESULT: {"script":"<script> [1562 bytes]","args":[{"selector":{"controlType":"sap.m.Button","viewName":"etm.portal.ui.managehandovers.view.DetailExecuteHO","i18NText":{"propertyName":"text","key":"pickQty"},"interaction":{"idSuffix":"BDI-content"}},"wdio_ui5_key":"etmportal.ui.managehandovers.view.DetailExecuteHOsap.m.Button{\"propertyName\":\"text\",\"key\":\"pickQty\"}"}]}
RESULT: undefined
COMMAND: POST /session/2eb25f1cbe9612d735ab0219d8fb520b/execute/async - {"script":"<script> [1562 bytes]","args":[{"selector":{"controlType":"sap.m.Link","viewName":"etm.portal.ui.managehandovers.view.DetailExecuteHO","bindingPath":{"path":"","propertyPath":"/wmDoc","modelName":"warehouseMovModel"}},"wdio_ui5_key":"etmportal.ui.managehandovers.view.DetailExecuteHOsap.m.Link{\"path\":\"\",\"propertyPath\":\"/wmDoc\",\"modelName\":\"warehouseMovModel\"}"}]}
RESULT: {"script":"<script> [1562 bytes]","args":[{"selector":{"controlType":"sap.m.Link","viewName":"etm.portal.ui.managehandovers.view.DetailExecuteHO","bindingPath":{"path":"","propertyPath":"/wmDoc","modelName":"warehouseMovModel"}},"wdio_ui5_key":"etmportal.ui.managehandovers.view.DetailExecuteHOsap.m.Link{\"path\":\"\",\"propertyPath\":\"/wmDoc\",\"modelName\":\"warehouseMovModel\"}"}]}
RESULT: undefined
COMMAND: POST /session/2eb25f1cbe9612d735ab0219d8fb520b/execute/async - {"script":"<script> [1562 bytes]","args":[{"selector":{"controlType":"sap.m.Link","viewName":"etm.portal.ui.managehandovers.view.DetailExecuteHO","properties":{"text":"Warehouse Overview"},"searchOpenDialogs":true},"wdio_ui5_key":"etmportal.ui.managehandovers.view.DetailExecuteHOsap.m.Link{\"text\":\"Warehouse Overview\"}"}]}
RESULT: {"script":"<script> [1562 bytes]","args":[{"selector":{"controlType":"sap.m.Link","viewName":"etm.portal.ui.managehandovers.view.DetailExecuteHO","properties":{"text":"Warehouse Overview"},"searchOpenDialogs":true},"wdio_ui5_key":"etmportal.ui.managehandovers.view.DetailExecuteHOsap.m.Link{\"text\":\"Warehouse Overview\"}"}]}
RESULT: undefined
COMMAND: POST /session/2eb25f1cbe9612d735ab0219d8fb520b/execute/async - {"script":"<script> [1562 bytes]","args":[{"selector":{"controlType":"sap.m.Button","viewName":"etm.portal.ui.warehousemovements.view.DisplayMovement","viewId":"application-warehousemovements-display-component---displayMovement","i18NText":{"propertyName":"text","key":"execution"},"interaction":{"idSuffix":"BDI-content"}},"wdio_ui5_key":"etmportal.ui.warehousemovements.view.DisplayMovementsap.m.Button{\"propertyName\":\"text\",\"key\":\"execution\"}"}]}
RESULT: {"script":"<script> [1562 bytes]","args":[{"selector":{"controlType":"sap.m.Button","viewName":"etm.portal.ui.warehousemovements.view.DisplayMovement","viewId":"application-warehousemovements-display-component---displayMovement","i18NText":{"propertyName":"text","key":"execution"},"interaction":{"idSuffix":"BDI-content"}},"wdio_ui5_key":"etmportal.ui.warehousemovements.view.DisplayMovementsap.m.Button{\"propertyName\":\"text\",\"key\":\"execution\"}"}]}
RESULT: undefined
COMMAND: POST /session/2eb25f1cbe9612d735ab0219d8fb520b/execute/async - {"script":"<script> [1562 bytes]","args":[{"selector":{"controlType":"sap.m.Button","viewName":"etm.portal.ui.warehousemovements.view.ExecuteMovement","viewId":"application-warehousemovements-display-component---executeMovement","properties":{"text":"Items"},"interaction":{"idSuffix":"BDI-content"}},"wdio_ui5_key":"etmportal.ui.warehousemovements.view.ExecuteMovementsap.m.Button{\"text\":\"Items\"}"}]}
RESULT: {"script":"<script> [1562 bytes]","args":[{"selector":{"controlType":"sap.m.Button","viewName":"etm.portal.ui.warehousemovements.view.ExecuteMovement","viewId":"application-warehousemovements-display-component---executeMovement","properties":{"text":"Items"},"interaction":{"idSuffix":"BDI-content"}},"wdio_ui5_key":"etmportal.ui.warehousemovements.view.ExecuteMovementsap.m.Button{\"text\":\"Items\"}"}]}
RESULT: undefined
COMMAND: POST /session/2eb25f1cbe9612d735ab0219d8fb520b/execute/async - {"script":"<script> [1562 bytes]","args":[{"selector":{"controlType":"sap.m.ToggleButton","viewName":"etm.portal.ui.warehousemovements.view.ExecuteMovement","viewId":"application-warehousemovements-display-component---executeMovement","bindingPath":{"propertyPath":"STATUS","modelName":"catalogModel"},"interaction":{"idSuffix":"BDI-content"}},"wdio_ui5_key":"etmportal.ui.warehousemovements.view.ExecuteMovementsap.m.ToggleButton{\"propertyPath\":\"STATUS\",\"modelName\":\"catalogModel\"}"}]}
RESULT: {"script":"<script> [1562 bytes]","args":[{"selector":{"controlType":"sap.m.ToggleButton","viewName":"etm.portal.ui.warehousemovements.view.ExecuteMovement","viewId":"application-warehousemovements-display-component---executeMovement","bindingPath":{"propertyPath":"STATUS","modelName":"catalogModel"},"interaction":{"idSuffix":"BDI-content"}},"wdio_ui5_key":"etmportal.ui.warehousemovements.view.ExecuteMovementsap.m.ToggleButton{\"propertyPath\":\"STATUS\",\"modelName\":\"catalogModel\"}"}]}
RESULT: undefined
RESULT: undefined
RESULT: undefined
COMMAND: POST /session/2eb25f1cbe9612d735ab0219d8fb520b/execute/async - {"script":"<script> [1562 bytes]","args":[{"selector":{"id":"application-warehousemovements-display-component---executeMovement--executeId","interaction":{"idSuffix":"BDI-content"}},"wdio_ui5_key":"applicationwarehousemovements-display-component---executeMovement--executeId"}]}
RESULT: {"script":"<script> [1562 bytes]","args":[{"selector":{"id":"application-warehousemovements-display-component---executeMovement--executeId","interaction":{"idSuffix":"BDI-content"}},"wdio_ui5_key":"applicationwarehousemovements-display-component---executeMovement--executeId"}]}
RESULT: undefined
COMMAND: POST /session/2eb25f1cbe9612d735ab0219d8fb520b/element - {"using":"css selector","value":"#shell-header-logo"}
RESULT: {"using":"css selector","value":"#shell-header-logo"}
COMMAND: POST /session/2eb25f1cbe9612d735ab0219d8fb520b/element/f.1920C544C16071EF810842AAA08EA988.d.44F2F0A6EE24DCB1B20F700B124F7900.e.21429/click - {}
RESULT: {}
COMMAND: GET /session/2eb25f1cbe9612d735ab0219d8fb520b/screenshot - {}
RESULT: {}
RESULT: undefined
COMMAND: POST /session/2eb25f1cbe9612d735ab0219d8fb520b/element - {"using":"xpath","value":"//*[@id=\"__tile132\"]"}
RESULT: {"using":"xpath","value":"//*[@id=\"__tile132\"]"}
COMMAND: POST /session/2eb25f1cbe9612d735ab0219d8fb520b/element/f.1920C544C16071EF810842AAA08EA988.d.44F2F0A6EE24DCB1B20F700B124F7900.e.20705/click - {}
RESULT: {}
COMMAND: GET /session/2eb25f1cbe9612d735ab0219d8fb520b/screenshot - {}
RESULT: {}
COMMAND: POST /session/2eb25f1cbe9612d735ab0219d8fb520b/execute/async - {"script":"<script> [1562 bytes]","args":[{"selector":{"controlType":"sap.m.SearchField","viewName":"etm.portal.ui.managehandovers.view.MasterHO","bindingPath":{"propertyPath":"/_BASIC_SEARCH_FIELD","modelName":"fi1t3rM0d31"},"interaction":{"idSuffix":"I"}},"wdio_ui5_key":"etmportal.ui.managehandovers.view.MasterHOsap.m.SearchField{\"propertyPath\":\"/_BASIC_SEARCH_FIELD\",\"modelName\":\"fi1t3rM0d31\"}"}]}
RESULT: {"script":"<script> [1562 bytes]","args":[{"selector":{"controlType":"sap.m.SearchField","viewName":"etm.portal.ui.managehandovers.view.MasterHO","bindingPath":{"propertyPath":"/_BASIC_SEARCH_FIELD","modelName":"fi1t3rM0d31"},"interaction":{"idSuffix":"I"}},"wdio_ui5_key":"etmportal.ui.managehandovers.view.MasterHOsap.m.SearchField{\"propertyPath\":\"/_BASIC_SEARCH_FIELD\",\"modelName\":\"fi1t3rM0d31\"}"}]}
RESULT: undefined
COMMAND: POST /session/2eb25f1cbe9612d735ab0219d8fb520b/execute/async - {"script":"<script> [776 bytes]","args":[{"enterText":"30293","selector":{"controlType":"sap.m.SearchField","viewName":"etm.portal.ui.managehandovers.view.MasterHO","bindingPath":{"propertyPath":"/_BASIC_SEARCH_FIELD","modelName":"fi1t3rM0d31"},"interaction":{"idSuffix":"I"}},"clearTextFirst":true,"interactionType":"ENTER_TEXT"}]}
RESULT: {"script":"<script> [776 bytes]","args":[{"enterText":"30293","selector":{"controlType":"sap.m.SearchField","viewName":"etm.portal.ui.managehandovers.view.MasterHO","bindingPath":{"propertyPath":"/_BASIC_SEARCH_FIELD","modelName":"fi1t3rM0d31"},"interaction":{"idSuffix":"I"}},"clearTextFirst":true,"interactionType":"ENTER_TEXT"}]}
COMMAND: POST /session/2eb25f1cbe9612d735ab0219d8fb520b/actions - {"actions":[{"id":"action103","type":"key","parameters":{},"actions":[{"type":"keyDown","value":"î€‡"},{"type":"pause","duration":10},{"type":"keyUp","value":"î€‡"}]}]}
RESULT: {"actions":[{"id":"action103","type":"key","parameters":{},"actions":[{"type":"keyDown","value":"î€‡"},{"type":"pause","duration":10},{"type":"keyUp","value":"î€‡"}]}]}
COMMAND: GET /session/2eb25f1cbe9612d735ab0219d8fb520b/screenshot - {}
RESULT: {}
RESULT: undefined
COMMAND: POST /session/2eb25f1cbe9612d735ab0219d8fb520b/element - {"using":"xpath","value":"//*[@id=\"__item2199-__clone6894-imgNav\"]"}
RESULT: {"using":"xpath","value":"//*[@id=\"__item2199-__clone6894-imgNav\"]"}
COMMAND: POST /session/2eb25f1cbe9612d735ab0219d8fb520b/elements - {"using":"xpath","value":"//*[@id=\"__item2199-__clone6894-imgNav\"]"}
RESULT: {"using":"xpath","value":"//*[@id=\"__item2199-__clone6894-imgNav\"]"}
COMMAND: POST /session/2eb25f1cbe9612d735ab0219d8fb520b/elements - {"using":"xpath","value":"//*[@id=\"__item2199-__clone6894-imgNav\"]"}
RESULT: {"using":"xpath","value":"//*[@id=\"__item2199-__clone6894-imgNav\"]"}
COMMAND: POST /session/2eb25f1cbe9612d735ab0219d8fb520b/elements - {"using":"xpath","value":"//*[@id=\"__item2199-__clone6894-imgNav\"]"}
RESULT: {"using":"xpath","value":"//*[@id=\"__item2199-__clone6894-imgNav\"]"}
COMMAND: POST /session/2eb25f1cbe9612d735ab0219d8fb520b/elements - {"using":"xpath","value":"//*[@id=\"__item2199-__clone6894-imgNav\"]"}
RESULT: {"using":"xpath","value":"//*[@id=\"__item2199-__clone6894-imgNav\"]"}
COMMAND: POST /session/2eb25f1cbe9612d735ab0219d8fb520b/elements - {"using":"xpath","value":"//*[@id=\"__item2199-__clone6894-imgNav\"]"}
RESULT: {"using":"xpath","value":"//*[@id=\"__item2199-__clone6894-imgNav\"]"}
COMMAND: POST /session/2eb25f1cbe9612d735ab0219d8fb520b/elements - {"using":"xpath","value":"//*[@id=\"__item2199-__clone6894-imgNav\"]"}
RESULT: {"using":"xpath","value":"//*[@id=\"__item2199-__clone6894-imgNav\"]"}
COMMAND: POST /session/2eb25f1cbe9612d735ab0219d8fb520b/elements - {"using":"xpath","value":"//*[@id=\"__item2199-__clone6894-imgNav\"]"}
RESULT: {"using":"xpath","value":"//*[@id=\"__item2199-__clone6894-imgNav\"]"}
COMMAND: POST /session/2eb25f1cbe9612d735ab0219d8fb520b/elements - {"using":"xpath","value":"//*[@id=\"__item2199-__clone6894-imgNav\"]"}
RESULT: {"using":"xpath","value":"//*[@id=\"__item2199-__clone6894-imgNav\"]"}
COMMAND: POST /session/2eb25f1cbe9612d735ab0219d8fb520b/elements - {"using":"xpath","value":"//*[@id=\"__item2199-__clone6894-imgNav\"]"}
RESULT: {"using":"xpath","value":"//*[@id=\"__item2199-__clone6894-imgNav\"]"}
COMMAND: POST /session/2eb25f1cbe9612d735ab0219d8fb520b/elements - {"using":"xpath","value":"//*[@id=\"__item2199-__clone6894-imgNav\"]"}
RESULT: {"using":"xpath","value":"//*[@id=\"__item2199-__clone6894-imgNav\"]"}
COMMAND: POST /session/2eb25f1cbe9612d735ab0219d8fb520b/elements - {"using":"xpath","value":"//*[@id=\"__item2199-__clone6894-imgNav\"]"}
RESULT: {"using":"xpath","value":"//*[@id=\"__item2199-__clone6894-imgNav\"]"}
COMMAND: POST /session/2eb25f1cbe9612d735ab0219d8fb520b/elements - {"using":"xpath","value":"//*[@id=\"__item2199-__clone6894-imgNav\"]"}
RESULT: {"using":"xpath","value":"//*[@id=\"__item2199-__clone6894-imgNav\"]"}
COMMAND: POST /session/2eb25f1cbe9612d735ab0219d8fb520b/elements - {"using":"xpath","value":"//*[@id=\"__item2199-__clone6894-imgNav\"]"}
RESULT: {"using":"xpath","value":"//*[@id=\"__item2199-__clone6894-imgNav\"]"}
COMMAND: POST /session/2eb25f1cbe9612d735ab0219d8fb520b/elements - {"using":"xpath","value":"//*[@id=\"__item2199-__clone6894-imgNav\"]"}
RESULT: {"using":"xpath","value":"//*[@id=\"__item2199-__clone6894-imgNav\"]"}
COMMAND: POST /session/2eb25f1cbe9612d735ab0219d8fb520b/elements - {"using":"xpath","value":"//*[@id=\"__item2199-__clone6894-imgNav\"]"}
RESULT: {"using":"xpath","value":"//*[@id=\"__item2199-__clone6894-imgNav\"]"}
COMMAND: POST /session/2eb25f1cbe9612d735ab0219d8fb520b/elements - {"using":"xpath","value":"//*[@id=\"__item2199-__clone6894-imgNav\"]"}
RESULT: {"using":"xpath","value":"//*[@id=\"__item2199-__clone6894-imgNav\"]"}
COMMAND: POST /session/2eb25f1cbe9612d735ab0219d8fb520b/elements - {"using":"xpath","value":"//*[@id=\"__item2199-__clone6894-imgNav\"]"}
RESULT: {"using":"xpath","value":"//*[@id=\"__item2199-__clone6894-imgNav\"]"}
COMMAND: POST /session/2eb25f1cbe9612d735ab0219d8fb520b/elements - {"using":"xpath","value":"//*[@id=\"__item2199-__clone6894-imgNav\"]"}
RESULT: {"using":"xpath","value":"//*[@id=\"__item2199-__clone6894-imgNav\"]"}
COMMAND: POST /session/2eb25f1cbe9612d735ab0219d8fb520b/elements - {"using":"xpath","value":"//*[@id=\"__item2199-__clone6894-imgNav\"]"}
RESULT: {"using":"xpath","value":"//*[@id=\"__item2199-__clone6894-imgNav\"]"}
COMMAND: POST /session/2eb25f1cbe9612d735ab0219d8fb520b/elements - {"using":"xpath","value":"//*[@id=\"__item2199-__clone6894-imgNav\"]"}
RESULT: {"using":"xpath","value":"//*[@id=\"__item2199-__clone6894-imgNav\"]"}
COMMAND: POST /session/2eb25f1cbe9612d735ab0219d8fb520b/elements - {"using":"xpath","value":"//*[@id=\"__item2199-__clone6894-imgNav\"]"}
RESULT: {"using":"xpath","value":"//*[@id=\"__item2199-__clone6894-imgNav\"]"}
COMMAND: POST /session/2eb25f1cbe9612d735ab0219d8fb520b/elements - {"using":"xpath","value":"//*[@id=\"__item2199-__clone6894-imgNav\"]"}
RESULT: {"using":"xpath","value":"//*[@id=\"__item2199-__clone6894-imgNav\"]"}
COMMAND: POST /session/2eb25f1cbe9612d735ab0219d8fb520b/elements - {"using":"xpath","value":"//*[@id=\"__item2199-__clone6894-imgNav\"]"}
RESULT: {"using":"xpath","value":"//*[@id=\"__item2199-__clone6894-imgNav\"]"}
COMMAND: POST /session/2eb25f1cbe9612d735ab0219d8fb520b/elements - {"using":"xpath","value":"//*[@id=\"__item2199-__clone6894-imgNav\"]"}
RESULT: {"using":"xpath","value":"//*[@id=\"__item2199-__clone6894-imgNav\"]"}
COMMAND: POST /session/2eb25f1cbe9612d735ab0219d8fb520b/elements - {"using":"xpath","value":"//*[@id=\"__item2199-__clone6894-imgNav\"]"}
RESULT: {"using":"xpath","value":"//*[@id=\"__item2199-__clone6894-imgNav\"]"}
COMMAND: POST /session/2eb25f1cbe9612d735ab0219d8fb520b/elements - {"using":"xpath","value":"//*[@id=\"__item2199-__clone6894-imgNav\"]"}
RESULT: {"using":"xpath","value":"//*[@id=\"__item2199-__clone6894-imgNav\"]"}
COMMAND: POST /session/2eb25f1cbe9612d735ab0219d8fb520b/elements - {"using":"xpath","value":"//*[@id=\"__item2199-__clone6894-imgNav\"]"}
RESULT: {"using":"xpath","value":"//*[@id=\"__item2199-__clone6894-imgNav\"]"}
COMMAND: POST /session/2eb25f1cbe9612d735ab0219d8fb520b/elements - {"using":"xpath","value":"//*[@id=\"__item2199-__clone6894-imgNav\"]"}
RESULT: {"using":"xpath","value":"//*[@id=\"__item2199-__clone6894-imgNav\"]"}
COMMAND: POST /session/2eb25f1cbe9612d735ab0219d8fb520b/elements - {"using":"xpath","value":"//*[@id=\"__item2199-__clone6894-imgNav\"]"}
RESULT: {"using":"xpath","value":"//*[@id=\"__item2199-__clone6894-imgNav\"]"}
COMMAND: POST /session/2eb25f1cbe9612d735ab0219d8fb520b/elements - {"using":"xpath","value":"//*[@id=\"__item2199-__clone6894-imgNav\"]"}
RESULT: {"using":"xpath","value":"//*[@id=\"__item2199-__clone6894-imgNav\"]"}
COMMAND: POST /session/2eb25f1cbe9612d735ab0219d8fb520b/elements - {"using":"xpath","value":"//*[@id=\"__item2199-__clone6894-imgNav\"]"}
RESULT: {"using":"xpath","value":"//*[@id=\"__item2199-__clone6894-imgNav\"]"}
COMMAND: POST /session/2eb25f1cbe9612d735ab0219d8fb520b/elements - {"using":"xpath","value":"//*[@id=\"__item2199-__clone6894-imgNav\"]"}
RESULT: {"using":"xpath","value":"//*[@id=\"__item2199-__clone6894-imgNav\"]"}
COMMAND: POST /session/2eb25f1cbe9612d735ab0219d8fb520b/elements - {"using":"xpath","value":"//*[@id=\"__item2199-__clone6894-imgNav\"]"}
RESULT: {"using":"xpath","value":"//*[@id=\"__item2199-__clone6894-imgNav\"]"}
COMMAND: POST /session/2eb25f1cbe9612d735ab0219d8fb520b/elements - {"using":"xpath","value":"//*[@id=\"__item2199-__clone6894-imgNav\"]"}
RESULT: {"using":"xpath","value":"//*[@id=\"__item2199-__clone6894-imgNav\"]"}
COMMAND: POST /session/2eb25f1cbe9612d735ab0219d8fb520b/elements - {"using":"xpath","value":"//*[@id=\"__item2199-__clone6894-imgNav\"]"}
RESULT: {"using":"xpath","value":"//*[@id=\"__item2199-__clone6894-imgNav\"]"}
COMMAND: POST /session/2eb25f1cbe9612d735ab0219d8fb520b/elements - {"using":"xpath","value":"//*[@id=\"__item2199-__clone6894-imgNav\"]"}
RESULT: {"using":"xpath","value":"//*[@id=\"__item2199-__clone6894-imgNav\"]"}
COMMAND: POST /session/2eb25f1cbe9612d735ab0219d8fb520b/elements - {"using":"xpath","value":"//*[@id=\"__item2199-__clone6894-imgNav\"]"}
RESULT: {"using":"xpath","value":"//*[@id=\"__item2199-__clone6894-imgNav\"]"}
COMMAND: POST /session/2eb25f1cbe9612d735ab0219d8fb520b/elements - {"using":"xpath","value":"//*[@id=\"__item2199-__clone6894-imgNav\"]"}
RESULT: {"using":"xpath","value":"//*[@id=\"__item2199-__clone6894-imgNav\"]"}
COMMAND: POST /session/2eb25f1cbe9612d735ab0219d8fb520b/elements - {"using":"xpath","value":"//*[@id=\"__item2199-__clone6894-imgNav\"]"}
RESULT: {"using":"xpath","value":"//*[@id=\"__item2199-__clone6894-imgNav\"]"}
COMMAND: POST /session/2eb25f1cbe9612d735ab0219d8fb520b/elements - {"using":"xpath","value":"//*[@id=\"__item2199-__clone6894-imgNav\"]"}
RESULT: {"using":"xpath","value":"//*[@id=\"__item2199-__clone6894-imgNav\"]"}
COMMAND: POST /session/2eb25f1cbe9612d735ab0219d8fb520b/elements - {"using":"xpath","value":"//*[@id=\"__item2199-__clone6894-imgNav\"]"}
RESULT: {"using":"xpath","value":"//*[@id=\"__item2199-__clone6894-imgNav\"]"}
COMMAND: POST /session/2eb25f1cbe9612d735ab0219d8fb520b/elements - {"using":"xpath","value":"//*[@id=\"__item2199-__clone6894-imgNav\"]"}
RESULT: {"using":"xpath","value":"//*[@id=\"__item2199-__clone6894-imgNav\"]"}
COMMAND: POST /session/2eb25f1cbe9612d735ab0219d8fb520b/elements - {"using":"xpath","value":"//*[@id=\"__item2199-__clone6894-imgNav\"]"}
RESULT: {"using":"xpath","value":"//*[@id=\"__item2199-__clone6894-imgNav\"]"}
COMMAND: POST /session/2eb25f1cbe9612d735ab0219d8fb520b/elements - {"using":"xpath","value":"//*[@id=\"__item2199-__clone6894-imgNav\"]"}
RESULT: {"using":"xpath","value":"//*[@id=\"__item2199-__clone6894-imgNav\"]"}
COMMAND: POST /session/2eb25f1cbe9612d735ab0219d8fb520b/elements - {"using":"xpath","value":"//*[@id=\"__item2199-__clone6894-imgNav\"]"}
RESULT: {"using":"xpath","value":"//*[@id=\"__item2199-__clone6894-imgNav\"]"}
COMMAND: POST /session/2eb25f1cbe9612d735ab0219d8fb520b/elements - {"using":"xpath","value":"//*[@id=\"__item2199-__clone6894-imgNav\"]"}
RESULT: {"using":"xpath","value":"//*[@id=\"__item2199-__clone6894-imgNav\"]"}
COMMAND: POST /session/2eb25f1cbe9612d735ab0219d8fb520b/elements - {"using":"xpath","value":"//*[@id=\"__item2199-__clone6894-imgNav\"]"}
RESULT: {"using":"xpath","value":"//*[@id=\"__item2199-__clone6894-imgNav\"]"}
COMMAND: POST /session/2eb25f1cbe9612d735ab0219d8fb520b/elements - {"using":"xpath","value":"//*[@id=\"__item2199-__clone6894-imgNav\"]"}
RESULT: {"using":"xpath","value":"//*[@id=\"__item2199-__clone6894-imgNav\"]"}
COMMAND: POST /session/2eb25f1cbe9612d735ab0219d8fb520b/elements - {"using":"xpath","value":"//*[@id=\"__item2199-__clone6894-imgNav\"]"}
RESULT: {"using":"xpath","value":"//*[@id=\"__item2199-__clone6894-imgNav\"]"}
COMMAND: POST /session/2eb25f1cbe9612d735ab0219d8fb520b/elements - {"using":"xpath","value":"//*[@id=\"__item2199-__clone6894-imgNav\"]"}
RESULT: {"using":"xpath","value":"//*[@id=\"__item2199-__clone6894-imgNav\"]"}
COMMAND: POST /session/2eb25f1cbe9612d735ab0219d8fb520b/elements - {"using":"xpath","value":"//*[@id=\"__item2199-__clone6894-imgNav\"]"}
RESULT: {"using":"xpath","value":"//*[@id=\"__item2199-__clone6894-imgNav\"]"}
COMMAND: POST /session/2eb25f1cbe9612d735ab0219d8fb520b/elements - {"using":"xpath","value":"//*[@id=\"__item2199-__clone6894-imgNav\"]"}
RESULT: {"using":"xpath","value":"//*[@id=\"__item2199-__clone6894-imgNav\"]"}
COMMAND: POST /session/2eb25f1cbe9612d735ab0219d8fb520b/elements - {"using":"xpath","value":"//*[@id=\"__item2199-__clone6894-imgNav\"]"}
RESULT: {"using":"xpath","value":"//*[@id=\"__item2199-__clone6894-imgNav\"]"}
COMMAND: POST /session/2eb25f1cbe9612d735ab0219d8fb520b/elements - {"using":"xpath","value":"//*[@id=\"__item2199-__clone6894-imgNav\"]"}
RESULT: {"using":"xpath","value":"//*[@id=\"__item2199-__clone6894-imgNav\"]"}
COMMAND: POST /session/2eb25f1cbe9612d735ab0219d8fb520b/elements - {"using":"xpath","value":"//*[@id=\"__item2199-__clone6894-imgNav\"]"}
RESULT: {"using":"xpath","value":"//*[@id=\"__item2199-__clone6894-imgNav\"]"}
COMMAND: POST /session/2eb25f1cbe9612d735ab0219d8fb520b/elements - {"using":"xpath","value":"//*[@id=\"__item2199-__clone6894-imgNav\"]"}
RESULT: {"using":"xpath","value":"//*[@id=\"__item2199-__clone6894-imgNav\"]"}
COMMAND: POST /session/2eb25f1cbe9612d735ab0219d8fb520b/elements - {"using":"xpath","value":"//*[@id=\"__item2199-__clone6894-imgNav\"]"}
RESULT: {"using":"xpath","value":"//*[@id=\"__item2199-__clone6894-imgNav\"]"}
COMMAND: POST /session/2eb25f1cbe9612d735ab0219d8fb520b/elements - {"using":"xpath","value":"//*[@id=\"__item2199-__clone6894-imgNav\"]"}
RESULT: {"using":"xpath","value":"//*[@id=\"__item2199-__clone6894-imgNav\"]"}
COMMAND: POST /session/2eb25f1cbe9612d735ab0219d8fb520b/elements - {"using":"xpath","value":"//*[@id=\"__item2199-__clone6894-imgNav\"]"}
RESULT: {"using":"xpath","value":"//*[@id=\"__item2199-__clone6894-imgNav\"]"}
COMMAND: POST /session/2eb25f1cbe9612d735ab0219d8fb520b/elements - {"using":"xpath","value":"//*[@id=\"__item2199-__clone6894-imgNav\"]"}
RESULT: {"using":"xpath","value":"//*[@id=\"__item2199-__clone6894-imgNav\"]"}
COMMAND: POST /session/2eb25f1cbe9612d735ab0219d8fb520b/elements - {"using":"xpath","value":"//*[@id=\"__item2199-__clone6894-imgNav\"]"}
RESULT: {"using":"xpath","value":"//*[@id=\"__item2199-__clone6894-imgNav\"]"}
COMMAND: POST /session/2eb25f1cbe9612d735ab0219d8fb520b/elements - {"using":"xpath","value":"//*[@id=\"__item2199-__clone6894-imgNav\"]"}
RESULT: {"using":"xpath","value":"//*[@id=\"__item2199-__clone6894-imgNav\"]"}
COMMAND: POST /session/2eb25f1cbe9612d735ab0219d8fb520b/elements - {"using":"xpath","value":"//*[@id=\"__item2199-__clone6894-imgNav\"]"}
RESULT: {"using":"xpath","value":"//*[@id=\"__item2199-__clone6894-imgNav\"]"}
COMMAND: POST /session/2eb25f1cbe9612d735ab0219d8fb520b/elements - {"using":"xpath","value":"//*[@id=\"__item2199-__clone6894-imgNav\"]"}
RESULT: {"using":"xpath","value":"//*[@id=\"__item2199-__clone6894-imgNav\"]"}
COMMAND: POST /session/2eb25f1cbe9612d735ab0219d8fb520b/elements - {"using":"xpath","value":"//*[@id=\"__item2199-__clone6894-imgNav\"]"}
RESULT: {"using":"xpath","value":"//*[@id=\"__item2199-__clone6894-imgNav\"]"}
COMMAND: POST /session/2eb25f1cbe9612d735ab0219d8fb520b/elements - {"using":"xpath","value":"//*[@id=\"__item2199-__clone6894-imgNav\"]"}
RESULT: {"using":"xpath","value":"//*[@id=\"__item2199-__clone6894-imgNav\"]"}
COMMAND: POST /session/2eb25f1cbe9612d735ab0219d8fb520b/elements - {"using":"xpath","value":"//*[@id=\"__item2199-__clone6894-imgNav\"]"}
RESULT: {"using":"xpath","value":"//*[@id=\"__item2199-__clone6894-imgNav\"]"}
COMMAND: POST /session/2eb25f1cbe9612d735ab0219d8fb520b/elements - {"using":"xpath","value":"//*[@id=\"__item2199-__clone6894-imgNav\"]"}
RESULT: {"using":"xpath","value":"//*[@id=\"__item2199-__clone6894-imgNav\"]"}
COMMAND: POST /session/2eb25f1cbe9612d735ab0219d8fb520b/elements - {"using":"xpath","value":"//*[@id=\"__item2199-__clone6894-imgNav\"]"}
RESULT: {"using":"xpath","value":"//*[@id=\"__item2199-__clone6894-imgNav\"]"}
COMMAND: POST /session/2eb25f1cbe9612d735ab0219d8fb520b/elements - {"using":"xpath","value":"//*[@id=\"__item2199-__clone6894-imgNav\"]"}
RESULT: {"using":"xpath","value":"//*[@id=\"__item2199-__clone6894-imgNav\"]"}
COMMAND: POST /session/2eb25f1cbe9612d735ab0219d8fb520b/elements - {"using":"xpath","value":"//*[@id=\"__item2199-__clone6894-imgNav\"]"}
RESULT: {"using":"xpath","value":"//*[@id=\"__item2199-__clone6894-imgNav\"]"}
COMMAND: POST /session/2eb25f1cbe9612d735ab0219d8fb520b/elements - {"using":"xpath","value":"//*[@id=\"__item2199-__clone6894-imgNav\"]"}
RESULT: {"using":"xpath","value":"//*[@id=\"__item2199-__clone6894-imgNav\"]"}
COMMAND: POST /session/2eb25f1cbe9612d735ab0219d8fb520b/elements - {"using":"xpath","value":"//*[@id=\"__item2199-__clone6894-imgNav\"]"}
RESULT: {"using":"xpath","value":"//*[@id=\"__item2199-__clone6894-imgNav\"]"}
COMMAND: POST /session/2eb25f1cbe9612d735ab0219d8fb520b/elements - {"using":"xpath","value":"//*[@id=\"__item2199-__clone6894-imgNav\"]"}
RESULT: {"using":"xpath","value":"//*[@id=\"__item2199-__clone6894-imgNav\"]"}
COMMAND: POST /session/2eb25f1cbe9612d735ab0219d8fb520b/elements - {"using":"xpath","value":"//*[@id=\"__item2199-__clone6894-imgNav\"]"}
RESULT: {"using":"xpath","value":"//*[@id=\"__item2199-__clone6894-imgNav\"]"}
COMMAND: POST /session/2eb25f1cbe9612d735ab0219d8fb520b/elements - {"using":"xpath","value":"//*[@id=\"__item2199-__clone6894-imgNav\"]"}
RESULT: {"using":"xpath","value":"//*[@id=\"__item2199-__clone6894-imgNav\"]"}
COMMAND: POST /session/2eb25f1cbe9612d735ab0219d8fb520b/elements - {"using":"xpath","value":"//*[@id=\"__item2199-__clone6894-imgNav\"]"}
RESULT: {"using":"xpath","value":"//*[@id=\"__item2199-__clone6894-imgNav\"]"}
COMMAND: POST /session/2eb25f1cbe9612d735ab0219d8fb520b/elements - {"using":"xpath","value":"//*[@id=\"__item2199-__clone6894-imgNav\"]"}
RESULT: {"using":"xpath","value":"//*[@id=\"__item2199-__clone6894-imgNav\"]"}
COMMAND: POST /session/2eb25f1cbe9612d735ab0219d8fb520b/elements - {"using":"xpath","value":"//*[@id=\"__item2199-__clone6894-imgNav\"]"}
RESULT: {"using":"xpath","value":"//*[@id=\"__item2199-__clone6894-imgNav\"]"}
COMMAND: POST /session/2eb25f1cbe9612d735ab0219d8fb520b/elements - {"using":"xpath","value":"//*[@id=\"__item2199-__clone6894-imgNav\"]"}
RESULT: {"using":"xpath","value":"//*[@id=\"__item2199-__clone6894-imgNav\"]"}
COMMAND: POST /session/2eb25f1cbe9612d735ab0219d8fb520b/elements - {"using":"xpath","value":"//*[@id=\"__item2199-__clone6894-imgNav\"]"}
RESULT: {"using":"xpath","value":"//*[@id=\"__item2199-__clone6894-imgNav\"]"}
COMMAND: POST /session/2eb25f1cbe9612d735ab0219d8fb520b/elements - {"using":"xpath","value":"//*[@id=\"__item2199-__clone6894-imgNav\"]"}
RESULT: {"using":"xpath","value":"//*[@id=\"__item2199-__clone6894-imgNav\"]"}
COMMAND: POST /session/2eb25f1cbe9612d735ab0219d8fb520b/elements - {"using":"xpath","value":"//*[@id=\"__item2199-__clone6894-imgNav\"]"}
RESULT: {"using":"xpath","value":"//*[@id=\"__item2199-__clone6894-imgNav\"]"}
COMMAND: POST /session/2eb25f1cbe9612d735ab0219d8fb520b/elements - {"using":"xpath","value":"//*[@id=\"__item2199-__clone6894-imgNav\"]"}
RESULT: {"using":"xpath","value":"//*[@id=\"__item2199-__clone6894-imgNav\"]"}
COMMAND: POST /session/2eb25f1cbe9612d735ab0219d8fb520b/elements - {"using":"xpath","value":"//*[@id=\"__item2199-__clone6894-imgNav\"]"}
RESULT: {"using":"xpath","value":"//*[@id=\"__item2199-__clone6894-imgNav\"]"}
COMMAND: POST /session/2eb25f1cbe9612d735ab0219d8fb520b/elements - {"using":"xpath","value":"//*[@id=\"__item2199-__clone6894-imgNav\"]"}
RESULT: {"using":"xpath","value":"//*[@id=\"__item2199-__clone6894-imgNav\"]"}
COMMAND: POST /session/2eb25f1cbe9612d735ab0219d8fb520b/elements - {"using":"xpath","value":"//*[@id=\"__item2199-__clone6894-imgNav\"]"}
RESULT: {"using":"xpath","value":"//*[@id=\"__item2199-__clone6894-imgNav\"]"}
COMMAND: POST /session/2eb25f1cbe9612d735ab0219d8fb520b/elements - {"using":"xpath","value":"//*[@id=\"__item2199-__clone6894-imgNav\"]"}
RESULT: {"using":"xpath","value":"//*[@id=\"__item2199-__clone6894-imgNav\"]"}
COMMAND: POST /session/2eb25f1cbe9612d735ab0219d8fb520b/elements - {"using":"xpath","value":"//*[@id=\"__item2199-__clone6894-imgNav\"]"}
RESULT: {"using":"xpath","value":"//*[@id=\"__item2199-__clone6894-imgNav\"]"}
COMMAND: POST /session/2eb25f1cbe9612d735ab0219d8fb520b/elements - {"using":"xpath","value":"//*[@id=\"__item2199-__clone6894-imgNav\"]"}
RESULT: {"using":"xpath","value":"//*[@id=\"__item2199-__clone6894-imgNav\"]"}
COMMAND: POST /session/2eb25f1cbe9612d735ab0219d8fb520b/elements - {"using":"xpath","value":"//*[@id=\"__item2199-__clone6894-imgNav\"]"}
RESULT: {"using":"xpath","value":"//*[@id=\"__item2199-__clone6894-imgNav\"]"}
COMMAND: POST /session/2eb25f1cbe9612d735ab0219d8fb520b/elements - {"using":"xpath","value":"//*[@id=\"__item2199-__clone6894-imgNav\"]"}
RESULT: {"using":"xpath","value":"//*[@id=\"__item2199-__clone6894-imgNav\"]"}
COMMAND: POST /session/2eb25f1cbe9612d735ab0219d8fb520b/elements - {"using":"xpath","value":"//*[@id=\"__item2199-__clone6894-imgNav\"]"}
RESULT: {"using":"xpath","value":"//*[@id=\"__item2199-__clone6894-imgNav\"]"}
COMMAND: POST /session/2eb25f1cbe9612d735ab0219d8fb520b/elements - {"using":"xpath","value":"//*[@id=\"__item2199-__clone6894-imgNav\"]"}
RESULT: {"using":"xpath","value":"//*[@id=\"__item2199-__clone6894-imgNav\"]"}
COMMAND: POST /session/2eb25f1cbe9612d735ab0219d8fb520b/elements - {"using":"xpath","value":"//*[@id=\"__item2199-__clone6894-imgNav\"]"}
RESULT: {"using":"xpath","value":"//*[@id=\"__item2199-__clone6894-imgNav\"]"}
COMMAND: POST /session/2eb25f1cbe9612d735ab0219d8fb520b/elements - {"using":"xpath","value":"//*[@id=\"__item2199-__clone6894-imgNav\"]"}
RESULT: {"using":"xpath","value":"//*[@id=\"__item2199-__clone6894-imgNav\"]"}
COMMAND: POST /session/2eb25f1cbe9612d735ab0219d8fb520b/elements - {"using":"xpath","value":"//*[@id=\"__item2199-__clone6894-imgNav\"]"}
RESULT: {"using":"xpath","value":"//*[@id=\"__item2199-__clone6894-imgNav\"]"}
COMMAND: POST /session/2eb25f1cbe9612d735ab0219d8fb520b/elements - {"using":"xpath","value":"//*[@id=\"__item2199-__clone6894-imgNav\"]"}
RESULT: {"using":"xpath","value":"//*[@id=\"__item2199-__clone6894-imgNav\"]"}
COMMAND: POST /session/2eb25f1cbe9612d735ab0219d8fb520b/elements - {"using":"xpath","value":"//*[@id=\"__item2199-__clone6894-imgNav\"]"}
RESULT: {"using":"xpath","value":"//*[@id=\"__item2199-__clone6894-imgNav\"]"}
COMMAND: POST /session/2eb25f1cbe9612d735ab0219d8fb520b/elements - {"using":"xpath","value":"//*[@id=\"__item2199-__clone6894-imgNav\"]"}
RESULT: {"using":"xpath","value":"//*[@id=\"__item2199-__clone6894-imgNav\"]"}
COMMAND: POST /session/2eb25f1cbe9612d735ab0219d8fb520b/elements - {"using":"xpath","value":"//*[@id=\"__item2199-__clone6894-imgNav\"]"}
RESULT: {"using":"xpath","value":"//*[@id=\"__item2199-__clone6894-imgNav\"]"}
COMMAND: POST /session/2eb25f1cbe9612d735ab0219d8fb520b/elements - {"using":"xpath","value":"//*[@id=\"__item2199-__clone6894-imgNav\"]"}
RESULT: {"using":"xpath","value":"//*[@id=\"__item2199-__clone6894-imgNav\"]"}
COMMAND: POST /session/2eb25f1cbe9612d735ab0219d8fb520b/elements - {"using":"xpath","value":"//*[@id=\"__item2199-__clone6894-imgNav\"]"}
RESULT: {"using":"xpath","value":"//*[@id=\"__item2199-__clone6894-imgNav\"]"}
COMMAND: POST /session/2eb25f1cbe9612d735ab0219d8fb520b/elements - {"using":"xpath","value":"//*[@id=\"__item2199-__clone6894-imgNav\"]"}
RESULT: {"using":"xpath","value":"//*[@id=\"__item2199-__clone6894-imgNav\"]"}
COMMAND: POST /session/2eb25f1cbe9612d735ab0219d8fb520b/elements - {"using":"xpath","value":"//*[@id=\"__item2199-__clone6894-imgNav\"]"}
RESULT: {"using":"xpath","value":"//*[@id=\"__item2199-__clone6894-imgNav\"]"}
COMMAND: POST /session/2eb25f1cbe9612d735ab0219d8fb520b/elements - {"using":"xpath","value":"//*[@id=\"__item2199-__clone6894-imgNav\"]"}
RESULT: {"using":"xpath","value":"//*[@id=\"__item2199-__clone6894-imgNav\"]"}
COMMAND: POST /session/2eb25f1cbe9612d735ab0219d8fb520b/elements - {"using":"xpath","value":"//*[@id=\"__item2199-__clone6894-imgNav\"]"}
RESULT: {"using":"xpath","value":"//*[@id=\"__item2199-__clone6894-imgNav\"]"}
COMMAND: POST /session/2eb25f1cbe9612d735ab0219d8fb520b/elements - {"using":"xpath","value":"//*[@id=\"__item2199-__clone6894-imgNav\"]"}
RESULT: {"using":"xpath","value":"//*[@id=\"__item2199-__clone6894-imgNav\"]"}
COMMAND: POST /session/2eb25f1cbe9612d735ab0219d8fb520b/elements - {"using":"xpath","value":"//*[@id=\"__item2199-__clone6894-imgNav\"]"}
RESULT: {"using":"xpath","value":"//*[@id=\"__item2199-__clone6894-imgNav\"]"}
COMMAND: POST /session/2eb25f1cbe9612d735ab0219d8fb520b/elements - {"using":"xpath","value":"//*[@id=\"__item2199-__clone6894-imgNav\"]"}
RESULT: {"using":"xpath","value":"//*[@id=\"__item2199-__clone6894-imgNav\"]"}
COMMAND: POST /session/2eb25f1cbe9612d735ab0219d8fb520b/elements - {"using":"xpath","value":"//*[@id=\"__item2199-__clone6894-imgNav\"]"}
RESULT: {"using":"xpath","value":"//*[@id=\"__item2199-__clone6894-imgNav\"]"}
COMMAND: POST /session/2eb25f1cbe9612d735ab0219d8fb520b/elements - {"using":"xpath","value":"//*[@id=\"__item2199-__clone6894-imgNav\"]"}
RESULT: {"using":"xpath","value":"//*[@id=\"__item2199-__clone6894-imgNav\"]"}
COMMAND: POST /session/2eb25f1cbe9612d735ab0219d8fb520b/elements - {"using":"xpath","value":"//*[@id=\"__item2199-__clone6894-imgNav\"]"}
RESULT: {"using":"xpath","value":"//*[@id=\"__item2199-__clone6894-imgNav\"]"}
COMMAND: POST /session/2eb25f1cbe9612d735ab0219d8fb520b/elements - {"using":"xpath","value":"//*[@id=\"__item2199-__clone6894-imgNav\"]"}
RESULT: {"using":"xpath","value":"//*[@id=\"__item2199-__clone6894-imgNav\"]"}
COMMAND: POST /session/2eb25f1cbe9612d735ab0219d8fb520b/elements - {"using":"xpath","value":"//*[@id=\"__item2199-__clone6894-imgNav\"]"}
RESULT: {"using":"xpath","value":"//*[@id=\"__item2199-__clone6894-imgNav\"]"}
COMMAND: POST /session/2eb25f1cbe9612d735ab0219d8fb520b/elements - {"using":"xpath","value":"//*[@id=\"__item2199-__clone6894-imgNav\"]"}
RESULT: {"using":"xpath","value":"//*[@id=\"__item2199-__clone6894-imgNav\"]"}
COMMAND: POST /session/2eb25f1cbe9612d735ab0219d8fb520b/elements - {"using":"xpath","value":"//*[@id=\"__item2199-__clone6894-imgNav\"]"}
RESULT: {"using":"xpath","value":"//*[@id=\"__item2199-__clone6894-imgNav\"]"}
COMMAND: POST /session/2eb25f1cbe9612d735ab0219d8fb520b/elements - {"using":"xpath","value":"//*[@id=\"__item2199-__clone6894-imgNav\"]"}
RESULT: {"using":"xpath","value":"//*[@id=\"__item2199-__clone6894-imgNav\"]"}
COMMAND: POST /session/2eb25f1cbe9612d735ab0219d8fb520b/elements - {"using":"xpath","value":"//*[@id=\"__item2199-__clone6894-imgNav\"]"}
RESULT: {"using":"xpath","value":"//*[@id=\"__item2199-__clone6894-imgNav\"]"}
COMMAND: POST /session/2eb25f1cbe9612d735ab0219d8fb520b/elements - {"using":"xpath","value":"//*[@id=\"__item2199-__clone6894-imgNav\"]"}
RESULT: {"using":"xpath","value":"//*[@id=\"__item2199-__clone6894-imgNav\"]"}
COMMAND: POST /session/2eb25f1cbe9612d735ab0219d8fb520b/elements - {"using":"xpath","value":"//*[@id=\"__item2199-__clone6894-imgNav\"]"}
COMMAND: POST /session/2eb25f1cbe9612d735ab0219d8fb520b/execute/async - {"script":"<script> [1562 bytes]","args":[{"selector":{"controlType":"sap.m.Button","viewName":"etm.portal.ui.managehandovers.view.DetailExecuteHO","i18NText":{"propertyName":"text","key":"confirmAll"},"interaction":{"idSuffix":"BDI-content"}},"wdio_ui5_key":"etmportal.ui.managehandovers.view.DetailExecuteHOsap.m.Button{\"propertyName\":\"text\",\"key\":\"confirmAll\"}"}]}
RESULT: {"using":"xpath","value":"//*[@id=\"__item2199-__clone6894-imgNav\"]"}
RESULT: {"script":"<script> [1562 bytes]","args":[{"selector":{"controlType":"sap.m.Button","viewName":"etm.portal.ui.managehandovers.view.DetailExecuteHO","i18NText":{"propertyName":"text","key":"confirmAll"},"interaction":{"idSuffix":"BDI-content"}},"wdio_ui5_key":"etmportal.ui.managehandovers.view.DetailExecuteHOsap.m.Button{\"propertyName\":\"text\",\"key\":\"confirmAll\"}"}]}
RESULT: undefined
COMMAND: POST /session/2eb25f1cbe9612d735ab0219d8fb520b/actions - {"actions":[{"id":"action104","type":"key","parameters":{},"actions":[{"type":"keyDown","value":"î€‡"},{"type":"pause","duration":10},{"type":"keyUp","value":"î€‡"}]}]}
RESULT: {"actions":[{"id":"action104","type":"key","parameters":{},"actions":[{"type":"keyDown","value":"î€‡"},{"type":"pause","duration":10},{"type":"keyUp","value":"î€‡"}]}]}
COMMAND: GET /session/2eb25f1cbe9612d735ab0219d8fb520b/screenshot - {}
RESULT: {}
COMMAND: POST /session/2eb25f1cbe9612d735ab0219d8fb520b/execute/async - {"script":"<script> [1562 bytes]","args":[{"selector":{"id":"confirmationButton","viewName":"etm.portal.ui.managehandovers.view.DetailExecuteHO","properties":{"text":"Issue"},"interaction":{"idSuffix":"BDI-content"}},"wdio_ui5_key":"confirmationButtonetmportal.ui.managehandovers.view.DetailExecuteHO{\"text\":\"Issue\"}"}]}
RESULT: {"script":"<script> [1562 bytes]","args":[{"selector":{"id":"confirmationButton","viewName":"etm.portal.ui.managehandovers.view.DetailExecuteHO","properties":{"text":"Issue"},"interaction":{"idSuffix":"BDI-content"}},"wdio_ui5_key":"confirmationButtonetmportal.ui.managehandovers.view.DetailExecuteHO{\"text\":\"Issue\"}"}]}
RESULT: undefined
RESULT: undefined
COMMAND: POST /session/2eb25f1cbe9612d735ab0219d8fb520b/execute/async - {"script":"<script> [776 bytes]","args":[{"enterText":"30293","selector":{"controlType":"sap.m.SearchField","viewName":"etm.portal.ui.managehandovers.view.MasterHO","bindingPath":{"propertyPath":"/_BASIC_SEARCH_FIELD","modelName":"fi1t3rM0d31"},"interaction":{"idSuffix":"I"}},"clearTextFirst":true,"interactionType":"ENTER_TEXT"}]}
RESULT: {"script":"<script> [776 bytes]","args":[{"enterText":"30293","selector":{"controlType":"sap.m.SearchField","viewName":"etm.portal.ui.managehandovers.view.MasterHO","bindingPath":{"propertyPath":"/_BASIC_SEARCH_FIELD","modelName":"fi1t3rM0d31"},"interaction":{"idSuffix":"I"}},"clearTextFirst":true,"interactionType":"ENTER_TEXT"}]}
COMMAND: POST /session/2eb25f1cbe9612d735ab0219d8fb520b/actions - {"actions":[{"id":"action105","type":"key","parameters":{},"actions":[{"type":"keyDown","value":"î€‡"},{"type":"pause","duration":10},{"type":"keyUp","value":"î€‡"}]}]}
RESULT: {"actions":[{"id":"action105","type":"key","parameters":{},"actions":[{"type":"keyDown","value":"î€‡"},{"type":"pause","duration":10},{"type":"keyUp","value":"î€‡"}]}]}
COMMAND: GET /session/2eb25f1cbe9612d735ab0219d8fb520b/screenshot - {}
RESULT: {}
RESULT: undefined
COMMAND: POST /session/2eb25f1cbe9612d735ab0219d8fb520b/element - {"using":"xpath","value":"//*[@id=\"__item2199-__clone6894-imgNav\"]"}
RESULT: {"using":"xpath","value":"//*[@id=\"__item2199-__clone6894-imgNav\"]"}
COMMAND: POST /session/2eb25f1cbe9612d735ab0219d8fb520b/elements - {"using":"xpath","value":"//*[@id=\"__item2199-__clone6894-imgNav\"]"}
RESULT: {"using":"xpath","value":"//*[@id=\"__item2199-__clone6894-imgNav\"]"}
COMMAND: POST /session/2eb25f1cbe9612d735ab0219d8fb520b/elements - {"using":"xpath","value":"//*[@id=\"__item2199-__clone6894-imgNav\"]"}
RESULT: {"using":"xpath","value":"//*[@id=\"__item2199-__clone6894-imgNav\"]"}
COMMAND: POST /session/2eb25f1cbe9612d735ab0219d8fb520b/elements - {"using":"xpath","value":"//*[@id=\"__item2199-__clone6894-imgNav\"]"}
RESULT: {"using":"xpath","value":"//*[@id=\"__item2199-__clone6894-imgNav\"]"}
COMMAND: POST /session/2eb25f1cbe9612d735ab0219d8fb520b/elements - {"using":"xpath","value":"//*[@id=\"__item2199-__clone6894-imgNav\"]"}
RESULT: {"using":"xpath","value":"//*[@id=\"__item2199-__clone6894-imgNav\"]"}
COMMAND: POST /session/2eb25f1cbe9612d735ab0219d8fb520b/elements - {"using":"xpath","value":"//*[@id=\"__item2199-__clone6894-imgNav\"]"}
RESULT: {"using":"xpath","value":"//*[@id=\"__item2199-__clone6894-imgNav\"]"}
COMMAND: POST /session/2eb25f1cbe9612d735ab0219d8fb520b/elements - {"using":"xpath","value":"//*[@id=\"__item2199-__clone6894-imgNav\"]"}
RESULT: {"using":"xpath","value":"//*[@id=\"__item2199-__clone6894-imgNav\"]"}
COMMAND: POST /session/2eb25f1cbe9612d735ab0219d8fb520b/elements - {"using":"xpath","value":"//*[@id=\"__item2199-__clone6894-imgNav\"]"}
RESULT: {"using":"xpath","value":"//*[@id=\"__item2199-__clone6894-imgNav\"]"}
COMMAND: POST /session/2eb25f1cbe9612d735ab0219d8fb520b/elements - {"using":"xpath","value":"//*[@id=\"__item2199-__clone6894-imgNav\"]"}
RESULT: {"using":"xpath","value":"//*[@id=\"__item2199-__clone6894-imgNav\"]"}
COMMAND: POST /session/2eb25f1cbe9612d735ab0219d8fb520b/elements - {"using":"xpath","value":"//*[@id=\"__item2199-__clone6894-imgNav\"]"}
RESULT: {"using":"xpath","value":"//*[@id=\"__item2199-__clone6894-imgNav\"]"}
COMMAND: POST /session/2eb25f1cbe9612d735ab0219d8fb520b/elements - {"using":"xpath","value":"//*[@id=\"__item2199-__clone6894-imgNav\"]"}
RESULT: {"using":"xpath","value":"//*[@id=\"__item2199-__clone6894-imgNav\"]"}
COMMAND: POST /session/2eb25f1cbe9612d735ab0219d8fb520b/elements - {"using":"xpath","value":"//*[@id=\"__item2199-__clone6894-imgNav\"]"}
RESULT: {"using":"xpath","value":"//*[@id=\"__item2199-__clone6894-imgNav\"]"}
COMMAND: POST /session/2eb25f1cbe9612d735ab0219d8fb520b/elements - {"using":"xpath","value":"//*[@id=\"__item2199-__clone6894-imgNav\"]"}
RESULT: {"using":"xpath","value":"//*[@id=\"__item2199-__clone6894-imgNav\"]"}
COMMAND: POST /session/2eb25f1cbe9612d735ab0219d8fb520b/elements - {"using":"xpath","value":"//*[@id=\"__item2199-__clone6894-imgNav\"]"}
RESULT: {"using":"xpath","value":"//*[@id=\"__item2199-__clone6894-imgNav\"]"}
COMMAND: POST /session/2eb25f1cbe9612d735ab0219d8fb520b/elements - {"using":"xpath","value":"//*[@id=\"__item2199-__clone6894-imgNav\"]"}
RESULT: {"using":"xpath","value":"//*[@id=\"__item2199-__clone6894-imgNav\"]"}
COMMAND: POST /session/2eb25f1cbe9612d735ab0219d8fb520b/elements - {"using":"xpath","value":"//*[@id=\"__item2199-__clone6894-imgNav\"]"}
RESULT: {"using":"xpath","value":"//*[@id=\"__item2199-__clone6894-imgNav\"]"}
COMMAND: POST /session/2eb25f1cbe9612d735ab0219d8fb520b/elements - {"using":"xpath","value":"//*[@id=\"__item2199-__clone6894-imgNav\"]"}
RESULT: {"using":"xpath","value":"//*[@id=\"__item2199-__clone6894-imgNav\"]"}
COMMAND: POST /session/2eb25f1cbe9612d735ab0219d8fb520b/elements - {"using":"xpath","value":"//*[@id=\"__item2199-__clone6894-imgNav\"]"}
RESULT: {"using":"xpath","value":"//*[@id=\"__item2199-__clone6894-imgNav\"]"}
COMMAND: POST /session/2eb25f1cbe9612d735ab0219d8fb520b/elements - {"using":"xpath","value":"//*[@id=\"__item2199-__clone6894-imgNav\"]"}
RESULT: {"using":"xpath","value":"//*[@id=\"__item2199-__clone6894-imgNav\"]"}
COMMAND: POST /session/2eb25f1cbe9612d735ab0219d8fb520b/elements - {"using":"xpath","value":"//*[@id=\"__item2199-__clone6894-imgNav\"]"}
RESULT: {"using":"xpath","value":"//*[@id=\"__item2199-__clone6894-imgNav\"]"}
COMMAND: POST /session/2eb25f1cbe9612d735ab0219d8fb520b/elements - {"using":"xpath","value":"//*[@id=\"__item2199-__clone6894-imgNav\"]"}
RESULT: {"using":"xpath","value":"//*[@id=\"__item2199-__clone6894-imgNav\"]"}
COMMAND: POST /session/2eb25f1cbe9612d735ab0219d8fb520b/elements - {"using":"xpath","value":"//*[@id=\"__item2199-__clone6894-imgNav\"]"}
RESULT: {"using":"xpath","value":"//*[@id=\"__item2199-__clone6894-imgNav\"]"}
COMMAND: POST /session/2eb25f1cbe9612d735ab0219d8fb520b/elements - {"using":"xpath","value":"//*[@id=\"__item2199-__clone6894-imgNav\"]"}
RESULT: {"using":"xpath","value":"//*[@id=\"__item2199-__clone6894-imgNav\"]"}
COMMAND: POST /session/2eb25f1cbe9612d735ab0219d8fb520b/elements - {"using":"xpath","value":"//*[@id=\"__item2199-__clone6894-imgNav\"]"}
RESULT: {"using":"xpath","value":"//*[@id=\"__item2199-__clone6894-imgNav\"]"}
COMMAND: POST /session/2eb25f1cbe9612d735ab0219d8fb520b/elements - {"using":"xpath","value":"//*[@id=\"__item2199-__clone6894-imgNav\"]"}
RESULT: {"using":"xpath","value":"//*[@id=\"__item2199-__clone6894-imgNav\"]"}
COMMAND: POST /session/2eb25f1cbe9612d735ab0219d8fb520b/elements - {"using":"xpath","value":"//*[@id=\"__item2199-__clone6894-imgNav\"]"}
RESULT: {"using":"xpath","value":"//*[@id=\"__item2199-__clone6894-imgNav\"]"}
COMMAND: POST /session/2eb25f1cbe9612d735ab0219d8fb520b/elements - {"using":"xpath","value":"//*[@id=\"__item2199-__clone6894-imgNav\"]"}
RESULT: {"using":"xpath","value":"//*[@id=\"__item2199-__clone6894-imgNav\"]"}
COMMAND: POST /session/2eb25f1cbe9612d735ab0219d8fb520b/elements - {"using":"xpath","value":"//*[@id=\"__item2199-__clone6894-imgNav\"]"}
RESULT: {"using":"xpath","value":"//*[@id=\"__item2199-__clone6894-imgNav\"]"}
COMMAND: POST /session/2eb25f1cbe9612d735ab0219d8fb520b/elements - {"using":"xpath","value":"//*[@id=\"__item2199-__clone6894-imgNav\"]"}
RESULT: {"using":"xpath","value":"//*[@id=\"__item2199-__clone6894-imgNav\"]"}
COMMAND: POST /session/2eb25f1cbe9612d735ab0219d8fb520b/elements - {"using":"xpath","value":"//*[@id=\"__item2199-__clone6894-imgNav\"]"}
RESULT: {"using":"xpath","value":"//*[@id=\"__item2199-__clone6894-imgNav\"]"}
COMMAND: POST /session/2eb25f1cbe9612d735ab0219d8fb520b/elements - {"using":"xpath","value":"//*[@id=\"__item2199-__clone6894-imgNav\"]"}
RESULT: {"using":"xpath","value":"//*[@id=\"__item2199-__clone6894-imgNav\"]"}
COMMAND: POST /session/2eb25f1cbe9612d735ab0219d8fb520b/elements - {"using":"xpath","value":"//*[@id=\"__item2199-__clone6894-imgNav\"]"}
RESULT: {"using":"xpath","value":"//*[@id=\"__item2199-__clone6894-imgNav\"]"}
COMMAND: POST /session/2eb25f1cbe9612d735ab0219d8fb520b/elements - {"using":"xpath","value":"//*[@id=\"__item2199-__clone6894-imgNav\"]"}
RESULT: {"using":"xpath","value":"//*[@id=\"__item2199-__clone6894-imgNav\"]"}
COMMAND: POST /session/2eb25f1cbe9612d735ab0219d8fb520b/elements - {"using":"xpath","value":"//*[@id=\"__item2199-__clone6894-imgNav\"]"}
RESULT: {"using":"xpath","value":"//*[@id=\"__item2199-__clone6894-imgNav\"]"}
COMMAND: POST /session/2eb25f1cbe9612d735ab0219d8fb520b/elements - {"using":"xpath","value":"//*[@id=\"__item2199-__clone6894-imgNav\"]"}
RESULT: {"using":"xpath","value":"//*[@id=\"__item2199-__clone6894-imgNav\"]"}
COMMAND: POST /session/2eb25f1cbe9612d735ab0219d8fb520b/elements - {"using":"xpath","value":"//*[@id=\"__item2199-__clone6894-imgNav\"]"}
RESULT: {"using":"xpath","value":"//*[@id=\"__item2199-__clone6894-imgNav\"]"}
COMMAND: POST /session/2eb25f1cbe9612d735ab0219d8fb520b/elements - {"using":"xpath","value":"//*[@id=\"__item2199-__clone6894-imgNav\"]"}
RESULT: {"using":"xpath","value":"//*[@id=\"__item2199-__clone6894-imgNav\"]"}
COMMAND: POST /session/2eb25f1cbe9612d735ab0219d8fb520b/elements - {"using":"xpath","value":"//*[@id=\"__item2199-__clone6894-imgNav\"]"}
RESULT: {"using":"xpath","value":"//*[@id=\"__item2199-__clone6894-imgNav\"]"}
COMMAND: POST /session/2eb25f1cbe9612d735ab0219d8fb520b/elements - {"using":"xpath","value":"//*[@id=\"__item2199-__clone6894-imgNav\"]"}
RESULT: {"using":"xpath","value":"//*[@id=\"__item2199-__clone6894-imgNav\"]"}
COMMAND: POST /session/2eb25f1cbe9612d735ab0219d8fb520b/elements - {"using":"xpath","value":"//*[@id=\"__item2199-__clone6894-imgNav\"]"}
RESULT: {"using":"xpath","value":"//*[@id=\"__item2199-__clone6894-imgNav\"]"}
COMMAND: POST /session/2eb25f1cbe9612d735ab0219d8fb520b/elements - {"using":"xpath","value":"//*[@id=\"__item2199-__clone6894-imgNav\"]"}
RESULT: {"using":"xpath","value":"//*[@id=\"__item2199-__clone6894-imgNav\"]"}
COMMAND: POST /session/2eb25f1cbe9612d735ab0219d8fb520b/elements - {"using":"xpath","value":"//*[@id=\"__item2199-__clone6894-imgNav\"]"}
RESULT: {"using":"xpath","value":"//*[@id=\"__item2199-__clone6894-imgNav\"]"}
COMMAND: POST /session/2eb25f1cbe9612d735ab0219d8fb520b/elements - {"using":"xpath","value":"//*[@id=\"__item2199-__clone6894-imgNav\"]"}
RESULT: {"using":"xpath","value":"//*[@id=\"__item2199-__clone6894-imgNav\"]"}
COMMAND: POST /session/2eb25f1cbe9612d735ab0219d8fb520b/elements - {"using":"xpath","value":"//*[@id=\"__item2199-__clone6894-imgNav\"]"}
RESULT: {"using":"xpath","value":"//*[@id=\"__item2199-__clone6894-imgNav\"]"}
COMMAND: POST /session/2eb25f1cbe9612d735ab0219d8fb520b/elements - {"using":"xpath","value":"//*[@id=\"__item2199-__clone6894-imgNav\"]"}
RESULT: {"using":"xpath","value":"//*[@id=\"__item2199-__clone6894-imgNav\"]"}
COMMAND: POST /session/2eb25f1cbe9612d735ab0219d8fb520b/elements - {"using":"xpath","value":"//*[@id=\"__item2199-__clone6894-imgNav\"]"}
RESULT: {"using":"xpath","value":"//*[@id=\"__item2199-__clone6894-imgNav\"]"}
COMMAND: POST /session/2eb25f1cbe9612d735ab0219d8fb520b/elements - {"using":"xpath","value":"//*[@id=\"__item2199-__clone6894-imgNav\"]"}
RESULT: {"using":"xpath","value":"//*[@id=\"__item2199-__clone6894-imgNav\"]"}
COMMAND: POST /session/2eb25f1cbe9612d735ab0219d8fb520b/elements - {"using":"xpath","value":"//*[@id=\"__item2199-__clone6894-imgNav\"]"}
RESULT: {"using":"xpath","value":"//*[@id=\"__item2199-__clone6894-imgNav\"]"}
COMMAND: POST /session/2eb25f1cbe9612d735ab0219d8fb520b/elements - {"using":"xpath","value":"//*[@id=\"__item2199-__clone6894-imgNav\"]"}
RESULT: {"using":"xpath","value":"//*[@id=\"__item2199-__clone6894-imgNav\"]"}
COMMAND: POST /session/2eb25f1cbe9612d735ab0219d8fb520b/elements - {"using":"xpath","value":"//*[@id=\"__item2199-__clone6894-imgNav\"]"}
RESULT: {"using":"xpath","value":"//*[@id=\"__item2199-__clone6894-imgNav\"]"}
COMMAND: POST /session/2eb25f1cbe9612d735ab0219d8fb520b/elements - {"using":"xpath","value":"//*[@id=\"__item2199-__clone6894-imgNav\"]"}
RESULT: {"using":"xpath","value":"//*[@id=\"__item2199-__clone6894-imgNav\"]"}
COMMAND: POST /session/2eb25f1cbe9612d735ab0219d8fb520b/elements - {"using":"xpath","value":"//*[@id=\"__item2199-__clone6894-imgNav\"]"}
RESULT: {"using":"xpath","value":"//*[@id=\"__item2199-__clone6894-imgNav\"]"}
COMMAND: POST /session/2eb25f1cbe9612d735ab0219d8fb520b/elements - {"using":"xpath","value":"//*[@id=\"__item2199-__clone6894-imgNav\"]"}
RESULT: {"using":"xpath","value":"//*[@id=\"__item2199-__clone6894-imgNav\"]"}
COMMAND: POST /session/2eb25f1cbe9612d735ab0219d8fb520b/elements - {"using":"xpath","value":"//*[@id=\"__item2199-__clone6894-imgNav\"]"}
RESULT: {"using":"xpath","value":"//*[@id=\"__item2199-__clone6894-imgNav\"]"}
COMMAND: POST /session/2eb25f1cbe9612d735ab0219d8fb520b/elements - {"using":"xpath","value":"//*[@id=\"__item2199-__clone6894-imgNav\"]"}
RESULT: {"using":"xpath","value":"//*[@id=\"__item2199-__clone6894-imgNav\"]"}
COMMAND: POST /session/2eb25f1cbe9612d735ab0219d8fb520b/elements - {"using":"xpath","value":"//*[@id=\"__item2199-__clone6894-imgNav\"]"}
RESULT: {"using":"xpath","value":"//*[@id=\"__item2199-__clone6894-imgNav\"]"}
COMMAND: POST /session/2eb25f1cbe9612d735ab0219d8fb520b/elements - {"using":"xpath","value":"//*[@id=\"__item2199-__clone6894-imgNav\"]"}
RESULT: {"using":"xpath","value":"//*[@id=\"__item2199-__clone6894-imgNav\"]"}
COMMAND: POST /session/2eb25f1cbe9612d735ab0219d8fb520b/elements - {"using":"xpath","value":"//*[@id=\"__item2199-__clone6894-imgNav\"]"}
RESULT: {"using":"xpath","value":"//*[@id=\"__item2199-__clone6894-imgNav\"]"}
COMMAND: POST /session/2eb25f1cbe9612d735ab0219d8fb520b/elements - {"using":"xpath","value":"//*[@id=\"__item2199-__clone6894-imgNav\"]"}
RESULT: {"using":"xpath","value":"//*[@id=\"__item2199-__clone6894-imgNav\"]"}
COMMAND: POST /session/2eb25f1cbe9612d735ab0219d8fb520b/elements - {"using":"xpath","value":"//*[@id=\"__item2199-__clone6894-imgNav\"]"}
RESULT: {"using":"xpath","value":"//*[@id=\"__item2199-__clone6894-imgNav\"]"}
COMMAND: POST /session/2eb25f1cbe9612d735ab0219d8fb520b/elements - {"using":"xpath","value":"//*[@id=\"__item2199-__clone6894-imgNav\"]"}
RESULT: {"using":"xpath","value":"//*[@id=\"__item2199-__clone6894-imgNav\"]"}
COMMAND: POST /session/2eb25f1cbe9612d735ab0219d8fb520b/elements - {"using":"xpath","value":"//*[@id=\"__item2199-__clone6894-imgNav\"]"}
RESULT: {"using":"xpath","value":"//*[@id=\"__item2199-__clone6894-imgNav\"]"}
COMMAND: POST /session/2eb25f1cbe9612d735ab0219d8fb520b/elements - {"using":"xpath","value":"//*[@id=\"__item2199-__clone6894-imgNav\"]"}
RESULT: {"using":"xpath","value":"//*[@id=\"__item2199-__clone6894-imgNav\"]"}
COMMAND: POST /session/2eb25f1cbe9612d735ab0219d8fb520b/elements - {"using":"xpath","value":"//*[@id=\"__item2199-__clone6894-imgNav\"]"}
RESULT: {"using":"xpath","value":"//*[@id=\"__item2199-__clone6894-imgNav\"]"}
COMMAND: POST /session/2eb25f1cbe9612d735ab0219d8fb520b/elements - {"using":"xpath","value":"//*[@id=\"__item2199-__clone6894-imgNav\"]"}
RESULT: {"using":"xpath","value":"//*[@id=\"__item2199-__clone6894-imgNav\"]"}
COMMAND: POST /session/2eb25f1cbe9612d735ab0219d8fb520b/elements - {"using":"xpath","value":"//*[@id=\"__item2199-__clone6894-imgNav\"]"}
RESULT: {"using":"xpath","value":"//*[@id=\"__item2199-__clone6894-imgNav\"]"}
COMMAND: POST /session/2eb25f1cbe9612d735ab0219d8fb520b/elements - {"using":"xpath","value":"//*[@id=\"__item2199-__clone6894-imgNav\"]"}
RESULT: {"using":"xpath","value":"//*[@id=\"__item2199-__clone6894-imgNav\"]"}
COMMAND: POST /session/2eb25f1cbe9612d735ab0219d8fb520b/elements - {"using":"xpath","value":"//*[@id=\"__item2199-__clone6894-imgNav\"]"}
RESULT: {"using":"xpath","value":"//*[@id=\"__item2199-__clone6894-imgNav\"]"}
COMMAND: POST /session/2eb25f1cbe9612d735ab0219d8fb520b/elements - {"using":"xpath","value":"//*[@id=\"__item2199-__clone6894-imgNav\"]"}
RESULT: {"using":"xpath","value":"//*[@id=\"__item2199-__clone6894-imgNav\"]"}
COMMAND: POST /session/2eb25f1cbe9612d735ab0219d8fb520b/elements - {"using":"xpath","value":"//*[@id=\"__item2199-__clone6894-imgNav\"]"}
RESULT: {"using":"xpath","value":"//*[@id=\"__item2199-__clone6894-imgNav\"]"}
COMMAND: POST /session/2eb25f1cbe9612d735ab0219d8fb520b/elements - {"using":"xpath","value":"//*[@id=\"__item2199-__clone6894-imgNav\"]"}
RESULT: {"using":"xpath","value":"//*[@id=\"__item2199-__clone6894-imgNav\"]"}
COMMAND: POST /session/2eb25f1cbe9612d735ab0219d8fb520b/elements - {"using":"xpath","value":"//*[@id=\"__item2199-__clone6894-imgNav\"]"}
RESULT: {"using":"xpath","value":"//*[@id=\"__item2199-__clone6894-imgNav\"]"}
COMMAND: POST /session/2eb25f1cbe9612d735ab0219d8fb520b/elements - {"using":"xpath","value":"//*[@id=\"__item2199-__clone6894-imgNav\"]"}
RESULT: {"using":"xpath","value":"//*[@id=\"__item2199-__clone6894-imgNav\"]"}
COMMAND: POST /session/2eb25f1cbe9612d735ab0219d8fb520b/elements - {"using":"xpath","value":"//*[@id=\"__item2199-__clone6894-imgNav\"]"}
RESULT: {"using":"xpath","value":"//*[@id=\"__item2199-__clone6894-imgNav\"]"}
COMMAND: POST /session/2eb25f1cbe9612d735ab0219d8fb520b/elements - {"using":"xpath","value":"//*[@id=\"__item2199-__clone6894-imgNav\"]"}
RESULT: {"using":"xpath","value":"//*[@id=\"__item2199-__clone6894-imgNav\"]"}
COMMAND: POST /session/2eb25f1cbe9612d735ab0219d8fb520b/elements - {"using":"xpath","value":"//*[@id=\"__item2199-__clone6894-imgNav\"]"}
RESULT: {"using":"xpath","value":"//*[@id=\"__item2199-__clone6894-imgNav\"]"}
COMMAND: POST /session/2eb25f1cbe9612d735ab0219d8fb520b/elements - {"using":"xpath","value":"//*[@id=\"__item2199-__clone6894-imgNav\"]"}
RESULT: {"using":"xpath","value":"//*[@id=\"__item2199-__clone6894-imgNav\"]"}
COMMAND: POST /session/2eb25f1cbe9612d735ab0219d8fb520b/elements - {"using":"xpath","value":"//*[@id=\"__item2199-__clone6894-imgNav\"]"}
RESULT: {"using":"xpath","value":"//*[@id=\"__item2199-__clone6894-imgNav\"]"}
COMMAND: POST /session/2eb25f1cbe9612d735ab0219d8fb520b/elements - {"using":"xpath","value":"//*[@id=\"__item2199-__clone6894-imgNav\"]"}
RESULT: {"using":"xpath","value":"//*[@id=\"__item2199-__clone6894-imgNav\"]"}
COMMAND: POST /session/2eb25f1cbe9612d735ab0219d8fb520b/elements - {"using":"xpath","value":"//*[@id=\"__item2199-__clone6894-imgNav\"]"}
RESULT: {"using":"xpath","value":"//*[@id=\"__item2199-__clone6894-imgNav\"]"}
COMMAND: POST /session/2eb25f1cbe9612d735ab0219d8fb520b/elements - {"using":"xpath","value":"//*[@id=\"__item2199-__clone6894-imgNav\"]"}
RESULT: {"using":"xpath","value":"//*[@id=\"__item2199-__clone6894-imgNav\"]"}
COMMAND: POST /session/2eb25f1cbe9612d735ab0219d8fb520b/elements - {"using":"xpath","value":"//*[@id=\"__item2199-__clone6894-imgNav\"]"}
RESULT: {"using":"xpath","value":"//*[@id=\"__item2199-__clone6894-imgNav\"]"}
COMMAND: POST /session/2eb25f1cbe9612d735ab0219d8fb520b/elements - {"using":"xpath","value":"//*[@id=\"__item2199-__clone6894-imgNav\"]"}
RESULT: {"using":"xpath","value":"//*[@id=\"__item2199-__clone6894-imgNav\"]"}
COMMAND: POST /session/2eb25f1cbe9612d735ab0219d8fb520b/elements - {"using":"xpath","value":"//*[@id=\"__item2199-__clone6894-imgNav\"]"}
RESULT: {"using":"xpath","value":"//*[@id=\"__item2199-__clone6894-imgNav\"]"}
COMMAND: POST /session/2eb25f1cbe9612d735ab0219d8fb520b/elements - {"using":"xpath","value":"//*[@id=\"__item2199-__clone6894-imgNav\"]"}
RESULT: {"using":"xpath","value":"//*[@id=\"__item2199-__clone6894-imgNav\"]"}
COMMAND: POST /session/2eb25f1cbe9612d735ab0219d8fb520b/elements - {"using":"xpath","value":"//*[@id=\"__item2199-__clone6894-imgNav\"]"}
RESULT: {"using":"xpath","value":"//*[@id=\"__item2199-__clone6894-imgNav\"]"}
COMMAND: POST /session/2eb25f1cbe9612d735ab0219d8fb520b/elements - {"using":"xpath","value":"//*[@id=\"__item2199-__clone6894-imgNav\"]"}
RESULT: {"using":"xpath","value":"//*[@id=\"__item2199-__clone6894-imgNav\"]"}
COMMAND: POST /session/2eb25f1cbe9612d735ab0219d8fb520b/elements - {"using":"xpath","value":"//*[@id=\"__item2199-__clone6894-imgNav\"]"}
RESULT: {"using":"xpath","value":"//*[@id=\"__item2199-__clone6894-imgNav\"]"}
COMMAND: POST /session/2eb25f1cbe9612d735ab0219d8fb520b/elements - {"using":"xpath","value":"//*[@id=\"__item2199-__clone6894-imgNav\"]"}
RESULT: {"using":"xpath","value":"//*[@id=\"__item2199-__clone6894-imgNav\"]"}
COMMAND: POST /session/2eb25f1cbe9612d735ab0219d8fb520b/elements - {"using":"xpath","value":"//*[@id=\"__item2199-__clone6894-imgNav\"]"}
RESULT: {"using":"xpath","value":"//*[@id=\"__item2199-__clone6894-imgNav\"]"}
COMMAND: POST /session/2eb25f1cbe9612d735ab0219d8fb520b/elements - {"using":"xpath","value":"//*[@id=\"__item2199-__clone6894-imgNav\"]"}
RESULT: {"using":"xpath","value":"//*[@id=\"__item2199-__clone6894-imgNav\"]"}
COMMAND: POST /session/2eb25f1cbe9612d735ab0219d8fb520b/elements - {"using":"xpath","value":"//*[@id=\"__item2199-__clone6894-imgNav\"]"}
RESULT: {"using":"xpath","value":"//*[@id=\"__item2199-__clone6894-imgNav\"]"}
COMMAND: POST /session/2eb25f1cbe9612d735ab0219d8fb520b/elements - {"using":"xpath","value":"//*[@id=\"__item2199-__clone6894-imgNav\"]"}
RESULT: {"using":"xpath","value":"//*[@id=\"__item2199-__clone6894-imgNav\"]"}
COMMAND: POST /session/2eb25f1cbe9612d735ab0219d8fb520b/elements - {"using":"xpath","value":"//*[@id=\"__item2199-__clone6894-imgNav\"]"}
RESULT: {"using":"xpath","value":"//*[@id=\"__item2199-__clone6894-imgNav\"]"}
COMMAND: POST /session/2eb25f1cbe9612d735ab0219d8fb520b/elements - {"using":"xpath","value":"//*[@id=\"__item2199-__clone6894-imgNav\"]"}
RESULT: {"using":"xpath","value":"//*[@id=\"__item2199-__clone6894-imgNav\"]"}
COMMAND: POST /session/2eb25f1cbe9612d735ab0219d8fb520b/elements - {"using":"xpath","value":"//*[@id=\"__item2199-__clone6894-imgNav\"]"}
RESULT: {"using":"xpath","value":"//*[@id=\"__item2199-__clone6894-imgNav\"]"}
COMMAND: POST /session/2eb25f1cbe9612d735ab0219d8fb520b/elements - {"using":"xpath","value":"//*[@id=\"__item2199-__clone6894-imgNav\"]"}
RESULT: {"using":"xpath","value":"//*[@id=\"__item2199-__clone6894-imgNav\"]"}
COMMAND: POST /session/2eb25f1cbe9612d735ab0219d8fb520b/elements - {"using":"xpath","value":"//*[@id=\"__item2199-__clone6894-imgNav\"]"}
RESULT: {"using":"xpath","value":"//*[@id=\"__item2199-__clone6894-imgNav\"]"}
COMMAND: POST /session/2eb25f1cbe9612d735ab0219d8fb520b/elements - {"using":"xpath","value":"//*[@id=\"__item2199-__clone6894-imgNav\"]"}
RESULT: {"using":"xpath","value":"//*[@id=\"__item2199-__clone6894-imgNav\"]"}
COMMAND: POST /session/2eb25f1cbe9612d735ab0219d8fb520b/elements - {"using":"xpath","value":"//*[@id=\"__item2199-__clone6894-imgNav\"]"}
RESULT: {"using":"xpath","value":"//*[@id=\"__item2199-__clone6894-imgNav\"]"}
COMMAND: POST /session/2eb25f1cbe9612d735ab0219d8fb520b/elements - {"using":"xpath","value":"//*[@id=\"__item2199-__clone6894-imgNav\"]"}
RESULT: {"using":"xpath","value":"//*[@id=\"__item2199-__clone6894-imgNav\"]"}
COMMAND: POST /session/2eb25f1cbe9612d735ab0219d8fb520b/elements - {"using":"xpath","value":"//*[@id=\"__item2199-__clone6894-imgNav\"]"}
RESULT: {"using":"xpath","value":"//*[@id=\"__item2199-__clone6894-imgNav\"]"}
COMMAND: POST /session/2eb25f1cbe9612d735ab0219d8fb520b/elements - {"using":"xpath","value":"//*[@id=\"__item2199-__clone6894-imgNav\"]"}
RESULT: {"using":"xpath","value":"//*[@id=\"__item2199-__clone6894-imgNav\"]"}
COMMAND: POST /session/2eb25f1cbe9612d735ab0219d8fb520b/elements - {"using":"xpath","value":"//*[@id=\"__item2199-__clone6894-imgNav\"]"}
RESULT: {"using":"xpath","value":"//*[@id=\"__item2199-__clone6894-imgNav\"]"}
COMMAND: POST /session/2eb25f1cbe9612d735ab0219d8fb520b/elements - {"using":"xpath","value":"//*[@id=\"__item2199-__clone6894-imgNav\"]"}
RESULT: {"using":"xpath","value":"//*[@id=\"__item2199-__clone6894-imgNav\"]"}
COMMAND: POST /session/2eb25f1cbe9612d735ab0219d8fb520b/elements - {"using":"xpath","value":"//*[@id=\"__item2199-__clone6894-imgNav\"]"}
RESULT: {"using":"xpath","value":"//*[@id=\"__item2199-__clone6894-imgNav\"]"}
COMMAND: POST /session/2eb25f1cbe9612d735ab0219d8fb520b/elements - {"using":"xpath","value":"//*[@id=\"__item2199-__clone6894-imgNav\"]"}
RESULT: {"using":"xpath","value":"//*[@id=\"__item2199-__clone6894-imgNav\"]"}
COMMAND: POST /session/2eb25f1cbe9612d735ab0219d8fb520b/elements - {"using":"xpath","value":"//*[@id=\"__item2199-__clone6894-imgNav\"]"}
RESULT: {"using":"xpath","value":"//*[@id=\"__item2199-__clone6894-imgNav\"]"}
COMMAND: POST /session/2eb25f1cbe9612d735ab0219d8fb520b/elements - {"using":"xpath","value":"//*[@id=\"__item2199-__clone6894-imgNav\"]"}
RESULT: {"using":"xpath","value":"//*[@id=\"__item2199-__clone6894-imgNav\"]"}
COMMAND: POST /session/2eb25f1cbe9612d735ab0219d8fb520b/elements - {"using":"xpath","value":"//*[@id=\"__item2199-__clone6894-imgNav\"]"}
RESULT: {"using":"xpath","value":"//*[@id=\"__item2199-__clone6894-imgNav\"]"}
COMMAND: POST /session/2eb25f1cbe9612d735ab0219d8fb520b/elements - {"using":"xpath","value":"//*[@id=\"__item2199-__clone6894-imgNav\"]"}
RESULT: {"using":"xpath","value":"//*[@id=\"__item2199-__clone6894-imgNav\"]"}
COMMAND: POST /session/2eb25f1cbe9612d735ab0219d8fb520b/elements - {"using":"xpath","value":"//*[@id=\"__item2199-__clone6894-imgNav\"]"}
RESULT: {"using":"xpath","value":"//*[@id=\"__item2199-__clone6894-imgNav\"]"}
COMMAND: POST /session/2eb25f1cbe9612d735ab0219d8fb520b/elements - {"using":"xpath","value":"//*[@id=\"__item2199-__clone6894-imgNav\"]"}
RESULT: {"using":"xpath","value":"//*[@id=\"__item2199-__clone6894-imgNav\"]"}
COMMAND: POST /session/2eb25f1cbe9612d735ab0219d8fb520b/elements - {"using":"xpath","value":"//*[@id=\"__item2199-__clone6894-imgNav\"]"}
RESULT: {"using":"xpath","value":"//*[@id=\"__item2199-__clone6894-imgNav\"]"}
COMMAND: POST /session/2eb25f1cbe9612d735ab0219d8fb520b/elements - {"using":"xpath","value":"//*[@id=\"__item2199-__clone6894-imgNav\"]"}
RESULT: {"using":"xpath","value":"//*[@id=\"__item2199-__clone6894-imgNav\"]"}
COMMAND: POST /session/2eb25f1cbe9612d735ab0219d8fb520b/elements - {"using":"xpath","value":"//*[@id=\"__item2199-__clone6894-imgNav\"]"}
RESULT: {"using":"xpath","value":"//*[@id=\"__item2199-__clone6894-imgNav\"]"}
COMMAND: POST /session/2eb25f1cbe9612d735ab0219d8fb520b/elements - {"using":"xpath","value":"//*[@id=\"__item2199-__clone6894-imgNav\"]"}
RESULT: {"using":"xpath","value":"//*[@id=\"__item2199-__clone6894-imgNav\"]"}
COMMAND: POST /session/2eb25f1cbe9612d735ab0219d8fb520b/elements - {"using":"xpath","value":"//*[@id=\"__item2199-__clone6894-imgNav\"]"}
RESULT: {"using":"xpath","value":"//*[@id=\"__item2199-__clone6894-imgNav\"]"}
COMMAND: POST /session/2eb25f1cbe9612d735ab0219d8fb520b/elements - {"using":"xpath","value":"//*[@id=\"__item2199-__clone6894-imgNav\"]"}
RESULT: {"using":"xpath","value":"//*[@id=\"__item2199-__clone6894-imgNav\"]"}
COMMAND: POST /session/2eb25f1cbe9612d735ab0219d8fb520b/elements - {"using":"xpath","value":"//*[@id=\"__item2199-__clone6894-imgNav\"]"}
RESULT: {"using":"xpath","value":"//*[@id=\"__item2199-__clone6894-imgNav\"]"}
COMMAND: POST /session/2eb25f1cbe9612d735ab0219d8fb520b/elements - {"using":"xpath","value":"//*[@id=\"__item2199-__clone6894-imgNav\"]"}
RESULT: {"using":"xpath","value":"//*[@id=\"__item2199-__clone6894-imgNav\"]"}
COMMAND: POST /session/2eb25f1cbe9612d735ab0219d8fb520b/execute/async - {"script":"<script> [1562 bytes]","args":[{"selector":{"id":"instructionsTabFilter","viewName":"etm.portal.ui.managehandovers.view.DetailExecuteHO","interaction":{"idSuffix":"text"}},"wdio_ui5_key":"instructionsTabFilteretmportal.ui.managehandovers.view.DetailExecuteHO"}]}
RESULT: {"script":"<script> [1562 bytes]","args":[{"selector":{"id":"instructionsTabFilter","viewName":"etm.portal.ui.managehandovers.view.DetailExecuteHO","interaction":{"idSuffix":"text"}},"wdio_ui5_key":"instructionsTabFilteretmportal.ui.managehandovers.view.DetailExecuteHO"}]}
RESULT: undefined
RESULT: undefined
COMMAND: POST /session/2eb25f1cbe9612d735ab0219d8fb520b/execute/async - {"script":"<script> [1562 bytes]","args":[{"selector":{"controlType":"sap.m.ComboBox","viewName":"etm.portal.ui.managehandovers.view.DetailExecuteHO","bindingPath":{"propertyPath":"RECEIVING_SECTION","modelName":"catalogModel"},"interaction":{"idSuffix":"inner"}},"wdio_ui5_key":"etmportal.ui.managehandovers.view.DetailExecuteHOsap.m.ComboBox{\"propertyPath\":\"RECEIVING_SECTION\",\"modelName\":\"catalogModel\"}"}]}
RESULT: {"script":"<script> [1562 bytes]","args":[{"selector":{"controlType":"sap.m.ComboBox","viewName":"etm.portal.ui.managehandovers.view.DetailExecuteHO","bindingPath":{"propertyPath":"RECEIVING_SECTION","modelName":"catalogModel"},"interaction":{"idSuffix":"inner"}},"wdio_ui5_key":"etmportal.ui.managehandovers.view.DetailExecuteHOsap.m.ComboBox{\"propertyPath\":\"RECEIVING_SECTION\",\"modelName\":\"catalogModel\"}"}]}
RESULT: undefined
COMMAND: POST /session/2eb25f1cbe9612d735ab0219d8fb520b/actions - {"actions":[{"id":"action106","type":"key","parameters":{},"actions":[{"type":"keyDown","value":"î€‡"},{"type":"pause","duration":10},{"type":"keyUp","value":"î€‡"}]}]}
RESULT: {"actions":[{"id":"action106","type":"key","parameters":{},"actions":[{"type":"keyDown","value":"î€‡"},{"type":"pause","duration":10},{"type":"keyUp","value":"î€‡"}]}]}
COMMAND: GET /session/2eb25f1cbe9612d735ab0219d8fb520b/screenshot - {}
RESULT: {}
COMMAND: POST /session/2eb25f1cbe9612d735ab0219d8fb520b/execute/async - {"script":"<script> [1562 bytes]","args":[{"selector":{"id":"confirmationButton","viewName":"etm.portal.ui.managehandovers.view.DetailExecuteHO","properties":{"text":"Receive"},"interaction":{"idSuffix":"BDI-content"}},"wdio_ui5_key":"confirmationButtonetmportal.ui.managehandovers.view.DetailExecuteHO{\"text\":\"Receive\"}"}]}
RESULT: {"script":"<script> [1562 bytes]","args":[{"selector":{"id":"confirmationButton","viewName":"etm.portal.ui.managehandovers.view.DetailExecuteHO","properties":{"text":"Receive"},"interaction":{"idSuffix":"BDI-content"}},"wdio_ui5_key":"confirmationButtonetmportal.ui.managehandovers.view.DetailExecuteHO{\"text\":\"Receive\"}"}]}
RESULT: undefined
COMMAND: POST /session/2eb25f1cbe9612d735ab0219d8fb520b/execute/async - {"script":"<script> [1562 bytes]","args":[{"selector":{"controlType":"sap.m.Button","properties":{"text":"Continue"},"searchOpenDialogs":true,"interaction":{"idSuffix":"content"}},"wdio_ui5_key":"sapm.Button{\"text\":\"Continue\"}"}]}
RESULT: {"script":"<script> [1562 bytes]","args":[{"selector":{"controlType":"sap.m.Button","properties":{"text":"Continue"},"searchOpenDialogs":true,"interaction":{"idSuffix":"content"}},"wdio_ui5_key":"sapm.Button{\"text\":\"Continue\"}"}]}
RESULT: undefined
COMMAND: POST /session/2eb25f1cbe9612d735ab0219d8fb520b/element - {"using":"css selector","value":"#j_username"}
COMMAND: POST /session/2eb25f1cbe9612d735ab0219d8fb520b/url - {"url":"https://qa-testing-00-live-etm-ui.cfapps.eu10-004.hana.ondemand.com/"}
RESULT: {"using":"css selector","value":"#j_username"}
COMMAND: POST /session/2eb25f1cbe9612d735ab0219d8fb520b/element - {"using":"css selector","value":"#j_username"}
RESULT: {"url":"https://qa-testing-00-live-etm-ui.cfapps.eu10-004.hana.ondemand.com/"}
RESULT: undefined
COMMAND: GET /session/2eb25f1cbe9612d735ab0219d8fb520b/screenshot - {}
RESULT: {"using":"css selector","value":"#j_username"}
COMMAND: POST /session/2eb25f1cbe9612d735ab0219d8fb520b/element - {"using":"css selector","value":"#shell-header-logo"}
RESULT: {}
RESULT: {"using":"css selector","value":"#shell-header-logo"}
COMMAND: POST /session/2eb25f1cbe9612d735ab0219d8fb520b/execute/sync - {"script":"<script> [8489 bytes]","args":[{"element-6066-11e4-a52e-4f735466cecf":"f.1920C544C16071EF810842AAA08EA988.d.F8B2605AF1B90E48D550948B89582D47.e.22879","ELEMENT":"f.1920C544C16071EF810842AAA08EA988.d.F8B2605AF1B90E48D550948B89582D47.e.22879"}]}
RESULT: {"script":"<script> [8489 bytes]","args":[{"element-6066-11e4-a52e-4f735466cecf":"f.1920C544C16071EF810842AAA08EA988.d.F8B2605AF1B90E48D550948B89582D47.e.22879","ELEMENT":"f.1920C544C16071EF810842AAA08EA988.d.F8B2605AF1B90E48D550948B89582D47.e.22879"}]}
COMMAND: POST /session/2eb25f1cbe9612d735ab0219d8fb520b/element - {"using":"css selector","value":"#shell-header-logo"}
COMMAND: GET /session/2eb25f1cbe9612d735ab0219d8fb520b/screenshot - {}
RESULT: {"using":"css selector","value":"#shell-header-logo"}
COMMAND: POST /session/2eb25f1cbe9612d735ab0219d8fb520b/execute/sync - {"script":"<script> [8489 bytes]","args":[{"element-6066-11e4-a52e-4f735466cecf":"f.1920C544C16071EF810842AAA08EA988.d.F8B2605AF1B90E48D550948B89582D47.e.22879","ELEMENT":"f.1920C544C16071EF810842AAA08EA988.d.F8B2605AF1B90E48D550948B89582D47.e.22879"}]}
RESULT: {}
RESULT: {"script":"<script> [8489 bytes]","args":[{"element-6066-11e4-a52e-4f735466cecf":"f.1920C544C16071EF810842AAA08EA988.d.F8B2605AF1B90E48D550948B89582D47.e.22879","ELEMENT":"f.1920C544C16071EF810842AAA08EA988.d.F8B2605AF1B90E48D550948B89582D47.e.22879"}]}
COMMAND: POST /session/2eb25f1cbe9612d735ab0219d8fb520b/execute/sync - {"script":"<script> [5351 bytes]","args":[{"element-6066-11e4-a52e-4f735466cecf":"f.1920C544C16071EF810842AAA08EA988.d.F8B2605AF1B90E48D550948B89582D47.e.22879","ELEMENT":"f.1920C544C16071EF810842AAA08EA988.d.F8B2605AF1B90E48D550948B89582D47.e.22879"}]}
COMMAND: GET /session/2eb25f1cbe9612d735ab0219d8fb520b/screenshot - {}
RESULT: {"script":"<script> [5351 bytes]","args":[{"element-6066-11e4-a52e-4f735466cecf":"f.1920C544C16071EF810842AAA08EA988.d.F8B2605AF1B90E48D550948B89582D47.e.22879","ELEMENT":"f.1920C544C16071EF810842AAA08EA988.d.F8B2605AF1B90E48D550948B89582D47.e.22879"}]}
COMMAND: POST /session/2eb25f1cbe9612d735ab0219d8fb520b/element - {"using":"css selector","value":"#shell-header-logo"}
COMMAND: GET /session/2eb25f1cbe9612d735ab0219d8fb520b/screenshot - {}
RESULT: {}
RESULT: {"using":"css selector","value":"#shell-header-logo"}
COMMAND: POST /session/2eb25f1cbe9612d735ab0219d8fb520b/element/f.1920C544C16071EF810842AAA08EA988.d.F8B2605AF1B90E48D550948B89582D47.e.22879/click - {}
RESULT: {}
RESULT: {}
COMMAND: GET /session/2eb25f1cbe9612d735ab0219d8fb520b/screenshot - {}
RESULT: {}
COMMAND: POST /session/2eb25f1cbe9612d735ab0219d8fb520b/execute/async - {"script":"<script> [189 bytes]","args":[]}
RESULT: {"script":"<script> [189 bytes]","args":[]}
COMMAND: POST /session/2eb25f1cbe9612d735ab0219d8fb520b/execute/async - {"script":"<script> [123 bytes]","args":[]}
RESULT: {"script":"<script> [123 bytes]","args":[]}
COMMAND: POST /session/2eb25f1cbe9612d735ab0219d8fb520b/timeouts - {"script":"<number>"}
RESULT: {"script":"<number>"}
COMMAND: GET /session/2eb25f1cbe9612d735ab0219d8fb520b/timeouts - {}
RESULT: {}
RESULT: undefined
COMMAND: POST /session/2eb25f1cbe9612d735ab0219d8fb520b/execute/async - {"script":"<script> [2676 bytes]","args":[]}
RESULT: {"script":"<script> [2676 bytes]","args":[]}
COMMAND: POST /session/2eb25f1cbe9612d735ab0219d8fb520b/execute/async - {"script":"<script> [2342 bytes]","args":[{"protocol":"http","hostname":"0.0.0.0","path":"/","capabilities":{"browserName":"chrome","goog:chromeOptions":{"binary":"C:\\Program Files\\Google\\Chrome\\Application\\chrome.exe","args":["--start-maximized"]}},"logLevel":"warn","connectionRetryTimeout":120000,"connectionRetryCount":3,"logLevels":{},"enableDirectConnect":true,"strictSSL":true,"_":"65 more keys: [\"cacheDir\",\"port\",\"requestedCapabilities\",\"automationProtocol\",\"baseUrl\",\"waitforInterval\",\"waitforTimeout\",\"onReload\",\"beforeCommand\",\"afterCommand\",\"rootDir\",\"specs\",\"suites\",\"exclude\",\"groupLogsByTestSpec\",\"excludeDriverLogs\",\"bail\",\"framework\",\"reporters\",\"services\",\"maxInstances\",\"maxInstancesPerCapability\",\"injectGlobals\",\"filesToWatch\",\"execArgv\",\"runnerEnv\",\"runner\",\"shard\",\"specFileRetries\",\"specFileRetriesDelay\",\"specFileRetriesDeferred\",\"reporterSyncInterval\",\"reporterSyncTimeout\",\"cucumberFeaturesWithLineNumbers\",\"autoCompileOpts\",\"mochaOpts\",\"jasmineOpts\",\"cucumberOpts\",\"onPrepare\",\"onWorkerStart\",\"onWorkerEnd\",\"before\",\"beforeSession\",\"beforeSuite\",\"beforeHook\",\"beforeTest\",\"afterTest\",\"afterHook\",\"afterSuite\",\"afterSession\",\"after\",\"onComplete\",\"beforeAssertion\",\"afterAssertion\",\"beforeFeature\",\"beforeScenario\",\"beforeStep\",\"afterStep\",\"afterScenario\",\"afterFeature\",\"_\",\"suite\",\"$0\",\"ignoredWorkerServices\",\"wdi5\"]"}]}
RESULT: {"script":"<script> [2342 bytes]","args":[{"protocol":"http","hostname":"0.0.0.0","path":"/","capabilities":{"browserName":"chrome","goog:chromeOptions":{"binary":"C:\\Program Files\\Google\\Chrome\\Application\\chrome.exe","args":["--start-maximized"]}},"logLevel":"warn","connectionRetryTimeout":120000,"connectionRetryCount":3,"logLevels":{},"enableDirectConnect":true,"strictSSL":true,"_":"65 more keys: [\"cacheDir\",\"port\",\"requestedCapabilities\",\"automationProtocol\",\"baseUrl\",\"waitforInterval\",\"waitforTimeout\",\"onReload\",\"beforeCommand\",\"afterCommand\",\"rootDir\",\"specs\",\"suites\",\"exclude\",\"groupLogsByTestSpec\",\"excludeDriverLogs\",\"bail\",\"framework\",\"reporters\",\"services\",\"maxInstances\",\"maxInstancesPerCapability\",\"injectGlobals\",\"filesToWatch\",\"execArgv\",\"runnerEnv\",\"runner\",\"shard\",\"specFileRetries\",\"specFileRetriesDelay\",\"specFileRetriesDeferred\",\"reporterSyncInterval\",\"reporterSyncTimeout\",\"cucumberFeaturesWithLineNumbers\",\"autoCompileOpts\",\"mochaOpts\",\"jasmineOpts\",\"cucumberOpts\",\"onPrepare\",\"onWorkerStart\",\"onWorkerEnd\",\"before\",\"beforeSession\",\"beforeSuite\",\"beforeHook\",\"beforeTest\",\"afterTest\",\"afterHook\",\"afterSuite\",\"afterSession\",\"after\",\"onComplete\",\"beforeAssertion\",\"afterAssertion\",\"beforeFeature\",\"beforeScenario\",\"beforeStep\",\"afterStep\",\"afterScenario\",\"afterFeature\",\"_\",\"suite\",\"$0\",\"ignoredWorkerServices\",\"wdi5\"]"}]}
COMMAND: POST /session/2eb25f1cbe9612d735ab0219d8fb520b/execute/async - {"script":"<script> [21126 bytes]","args":[35000]}
RESULT: {"script":"<script> [21126 bytes]","args":[35000]}
COMMAND: POST /session/2eb25f1cbe9612d735ab0219d8fb520b/window/maximize - {}
RESULT: {}
COMMAND: POST /session/2eb25f1cbe9612d735ab0219d8fb520b/execute/async - {"script":"<script> [1562 bytes]","args":[{"selector":{"id":"shell-header","interaction":{"idSuffix":"icon"}},"wdio_ui5_key":"shellheader"}]}
COMMAND: GET /session/2eb25f1cbe9612d735ab0219d8fb520b/screenshot - {}
RESULT: {"script":"<script> [1562 bytes]","args":[{"selector":{"id":"shell-header","interaction":{"idSuffix":"icon"}},"wdio_ui5_key":"shellheader"}]}
RESULT: undefined
]]></system-out>
    </testcase>
  </testsuite>
  <testsuite timestamp="2025-04-25T17:41:25" time="413.845" tests="6" failures="0" errors="0" skipped="0">
    <properties>
      <property name="specId" value="0" />
      <property name="suiteName" value="Return from Site w/ warehouse management w/ clarification US125588" />
      <property name="capabilities" value="chrome.135_0_7049_96.windows" />
      <property name="file" value="file:///D:/a/1/s/test/specs/HTR/return-from-site-w-warehouse-management-w-clarification.spec.js" />
    </properties>
    <testcase classname="chrome.135_0_7049_96.windows.Return_from_Site_w/_warehouse_management_w/_clarification_US125588" name="Should create a WHM yard" time="99.746">
      <system-out><![CDATA[
COMMAND: POST /session/2eb25f1cbe9612d735ab0219d8fb520b/execute/async - {"script":"<script> [1562 bytes]","args":[{"selector":{"controlType":"sap.m.GenericTile","properties":{"header":"Manage Yards"}},"wdio_ui5_key":"sapm.GenericTile{\"header\":\"Manage Yards\"}"}]}
RESULT: {}
RESULT: {"script":"<script> [1562 bytes]","args":[{"selector":{"controlType":"sap.m.GenericTile","properties":{"header":"Manage Yards"}},"wdio_ui5_key":"sapm.GenericTile{\"header\":\"Manage Yards\"}"}]}
RESULT: undefined
COMMAND: POST /session/2eb25f1cbe9612d735ab0219d8fb520b/element - {"using":"xpath","value":"//*[@id=\"__tile41\"]"}
RESULT: {"using":"xpath","value":"//*[@id=\"__tile41\"]"}
COMMAND: POST /session/2eb25f1cbe9612d735ab0219d8fb520b/element/f.1920C544C16071EF810842AAA08EA988.d.F8B2605AF1B90E48D550948B89582D47.e.22888/click - {}
RESULT: {}
COMMAND: POST /session/2eb25f1cbe9612d735ab0219d8fb520b/execute/async - {"script":"<script> [1562 bytes]","args":[{"selector":{"controlType":"sap.ui.core.Icon","viewName":"etm.portal.ui.manageyards.view.Master","viewId":"application-manageyards-display-component---masterYard","properties":{"src":{"regex":{"source":"add"}}}},"wdio_ui5_key":"etmportal.ui.manageyards.view.Mastersap.ui.core.Icon{\"src\":{\"regex\":{\"source\":\"add\"}}}"}]}
COMMAND: GET /session/2eb25f1cbe9612d735ab0219d8fb520b/screenshot - {}
RESULT: {"script":"<script> [1562 bytes]","args":[{"selector":{"controlType":"sap.ui.core.Icon","viewName":"etm.portal.ui.manageyards.view.Master","viewId":"application-manageyards-display-component---masterYard","properties":{"src":{"regex":{"source":"add"}}}},"wdio_ui5_key":"etmportal.ui.manageyards.view.Mastersap.ui.core.Icon{\"src\":{\"regex\":{\"source\":\"add\"}}}"}]}
RESULT: undefined
COMMAND: POST /session/2eb25f1cbe9612d735ab0219d8fb520b/element - {"using":"xpath","value":"//*[@id=\"__button4-img\"]"}
RESULT: {}
RESULT: {"using":"xpath","value":"//*[@id=\"__button4-img\"]"}
COMMAND: POST /session/2eb25f1cbe9612d735ab0219d8fb520b/element/f.1920C544C16071EF810842AAA08EA988.d.F8B2605AF1B90E48D550948B89582D47.e.22933/click - {}
RESULT: {}
COMMAND: POST /session/2eb25f1cbe9612d735ab0219d8fb520b/execute/async - {"script":"<script> [1562 bytes]","args":[{"selector":{"id":"application-manageyards-display-component---NewYard--addressDetailDetailsName1","interaction":{"idSuffix":"inner"}},"wdio_ui5_key":"applicationmanageyards-display-component---NewYard--addressDetailDetailsName1"}]}
COMMAND: GET /session/2eb25f1cbe9612d735ab0219d8fb520b/screenshot - {}
RESULT: {"script":"<script> [1562 bytes]","args":[{"selector":{"id":"application-manageyards-display-component---NewYard--addressDetailDetailsName1","interaction":{"idSuffix":"inner"}},"wdio_ui5_key":"applicationmanageyards-display-component---NewYard--addressDetailDetailsName1"}]}
RESULT: undefined
COMMAND: POST /session/2eb25f1cbe9612d735ab0219d8fb520b/execute/async - {"script":"<script> [776 bytes]","args":[{"enterText":"warehouse managed Yard","selector":{"id":"application-manageyards-display-component---NewYard--addressDetailDetailsName1","interaction":{"idSuffix":"inner"}},"clearTextFirst":true,"interactionType":"ENTER_TEXT"}]}
RESULT: {}
RESULT: {"script":"<script> [776 bytes]","args":[{"enterText":"warehouse managed Yard","selector":{"id":"application-manageyards-display-component---NewYard--addressDetailDetailsName1","interaction":{"idSuffix":"inner"}},"clearTextFirst":true,"interactionType":"ENTER_TEXT"}]}
COMMAND: POST /session/2eb25f1cbe9612d735ab0219d8fb520b/execute/async - {"script":"<script> [1562 bytes]","args":[{"selector":{"id":"application-manageyards-display-component---NewYard--addressDetailDetailsLanguage-arrow"},"wdio_ui5_key":"applicationmanageyards-display-component---NewYard--addressDetailDetailsLanguage-arrow"}]}
RESULT: {"script":"<script> [1562 bytes]","args":[{"selector":{"id":"application-manageyards-display-component---NewYard--addressDetailDetailsLanguage-arrow"},"wdio_ui5_key":"applicationmanageyards-display-component---NewYard--addressDetailDetailsLanguage-arrow"}]}
RESULT: undefined
COMMAND: POST /session/2eb25f1cbe9612d735ab0219d8fb520b/element - {"using":"xpath","value":"//*[@id=\"application-manageyards-display-component---NewYard--addressDetailDetailsLanguage-arrow\"]"}
RESULT: {"using":"xpath","value":"//*[@id=\"application-manageyards-display-component---NewYard--addressDetailDetailsLanguage-arrow\"]"}
COMMAND: POST /session/2eb25f1cbe9612d735ab0219d8fb520b/element/f.1920C544C16071EF810842AAA08EA988.d.F8B2605AF1B90E48D550948B89582D47.e.23340/click - {}
RESULT: {}
COMMAND: POST /session/2eb25f1cbe9612d735ab0219d8fb520b/execute/async - {"script":"<script> [1562 bytes]","args":[{"selector":{"controlType":"sap.m.StandardListItem","viewName":"etm.portal.ui.manageyards.view.New","viewId":"application-manageyards-display-component---NewYard","properties":{"title":"English"},"searchOpenDialogs":true,"interaction":{"idSuffix":"content"}},"wdio_ui5_key":"etmportal.ui.manageyards.view.Newsap.m.StandardListItem{\"title\":\"English\"}"}]}
COMMAND: GET /session/2eb25f1cbe9612d735ab0219d8fb520b/screenshot - {}
RESULT: {"script":"<script> [1562 bytes]","args":[{"selector":{"controlType":"sap.m.StandardListItem","viewName":"etm.portal.ui.manageyards.view.New","viewId":"application-manageyards-display-component---NewYard","properties":{"title":"English"},"searchOpenDialogs":true,"interaction":{"idSuffix":"content"}},"wdio_ui5_key":"etmportal.ui.manageyards.view.Newsap.m.StandardListItem{\"title\":\"English\"}"}]}
RESULT: undefined
COMMAND: POST /session/2eb25f1cbe9612d735ab0219d8fb520b/element - {"using":"xpath","value":"//*[@id=\"__item101\"]"}
RESULT: {}
RESULT: {"using":"xpath","value":"//*[@id=\"__item101\"]"}
COMMAND: POST /session/2eb25f1cbe9612d735ab0219d8fb520b/element/f.1920C544C16071EF810842AAA08EA988.d.F8B2605AF1B90E48D550948B89582D47.e.23342/click - {}
RESULT: {}
COMMAND: POST /session/2eb25f1cbe9612d735ab0219d8fb520b/execute/async - {"script":"<script> [1562 bytes]","args":[{"selector":{"id":"application-manageyards-display-component---NewYard--addressDetailDetailsCity1","interaction":{"idSuffix":"inner"}},"wdio_ui5_key":"applicationmanageyards-display-component---NewYard--addressDetailDetailsCity1"}]}
COMMAND: GET /session/2eb25f1cbe9612d735ab0219d8fb520b/screenshot - {}
RESULT: {"script":"<script> [1562 bytes]","args":[{"selector":{"id":"application-manageyards-display-component---NewYard--addressDetailDetailsCity1","interaction":{"idSuffix":"inner"}},"wdio_ui5_key":"applicationmanageyards-display-component---NewYard--addressDetailDetailsCity1"}]}
RESULT: undefined
COMMAND: POST /session/2eb25f1cbe9612d735ab0219d8fb520b/execute/async - {"script":"<script> [776 bytes]","args":[{"enterText":"Rosario","selector":{"id":"application-manageyards-display-component---NewYard--addressDetailDetailsCity1","interaction":{"idSuffix":"inner"}},"clearTextFirst":true,"interactionType":"ENTER_TEXT"}]}
RESULT: {}
RESULT: {"script":"<script> [776 bytes]","args":[{"enterText":"Rosario","selector":{"id":"application-manageyards-display-component---NewYard--addressDetailDetailsCity1","interaction":{"idSuffix":"inner"}},"clearTextFirst":true,"interactionType":"ENTER_TEXT"}]}
COMMAND: POST /session/2eb25f1cbe9612d735ab0219d8fb520b/execute/async - {"script":"<script> [1562 bytes]","args":[{"selector":{"id":"application-manageyards-display-component---NewYard--addressDetailDetailsCountry-arrow"},"wdio_ui5_key":"applicationmanageyards-display-component---NewYard--addressDetailDetailsCountry-arrow"}]}
RESULT: {"script":"<script> [1562 bytes]","args":[{"selector":{"id":"application-manageyards-display-component---NewYard--addressDetailDetailsCountry-arrow"},"wdio_ui5_key":"applicationmanageyards-display-component---NewYard--addressDetailDetailsCountry-arrow"}]}
RESULT: undefined
COMMAND: POST /session/2eb25f1cbe9612d735ab0219d8fb520b/element - {"using":"xpath","value":"//*[@id=\"application-manageyards-display-component---NewYard--addressDetailDetailsCountry-arrow\"]"}
RESULT: {"using":"xpath","value":"//*[@id=\"application-manageyards-display-component---NewYard--addressDetailDetailsCountry-arrow\"]"}
COMMAND: POST /session/2eb25f1cbe9612d735ab0219d8fb520b/element/f.1920C544C16071EF810842AAA08EA988.d.F8B2605AF1B90E48D550948B89582D47.e.23303/click - {}
RESULT: {}
COMMAND: POST /session/2eb25f1cbe9612d735ab0219d8fb520b/execute/async - {"script":"<script> [1562 bytes]","args":[{"selector":{"controlType":"sap.m.StandardListItem","viewName":"etm.portal.ui.manageyards.view.New","viewId":"application-manageyards-display-component---NewYard","properties":{"title":"Argentina"},"searchOpenDialogs":true,"interaction":{"idSuffix":"content"}},"wdio_ui5_key":"etmportal.ui.manageyards.view.Newsap.m.StandardListItem{\"title\":\"Argentina\"}"}]}
COMMAND: GET /session/2eb25f1cbe9612d735ab0219d8fb520b/screenshot - {}
RESULT: {"script":"<script> [1562 bytes]","args":[{"selector":{"controlType":"sap.m.StandardListItem","viewName":"etm.portal.ui.manageyards.view.New","viewId":"application-manageyards-display-component---NewYard","properties":{"title":"Argentina"},"searchOpenDialogs":true,"interaction":{"idSuffix":"content"}},"wdio_ui5_key":"etmportal.ui.manageyards.view.Newsap.m.StandardListItem{\"title\":\"Argentina\"}"}]}
RESULT: undefined
COMMAND: POST /session/2eb25f1cbe9612d735ab0219d8fb520b/element - {"using":"xpath","value":"//*[@id=\"__item144\"]"}
RESULT: {}
RESULT: {"using":"xpath","value":"//*[@id=\"__item144\"]"}
COMMAND: POST /session/2eb25f1cbe9612d735ab0219d8fb520b/element/f.1920C544C16071EF810842AAA08EA988.d.F8B2605AF1B90E48D550948B89582D47.e.23346/click - {}
RESULT: {}
COMMAND: POST /session/2eb25f1cbe9612d735ab0219d8fb520b/execute/async - {"script":"<script> [1562 bytes]","args":[{"selector":{"controlType":"sap.m.Button","viewName":"etm.portal.ui.manageyards.view.New","viewId":"application-manageyards-display-component---NewYard","properties":{"text":"Commercial"},"interaction":{"idSuffix":"BDI-content"}},"wdio_ui5_key":"etmportal.ui.manageyards.view.Newsap.m.Button{\"text\":\"Commercial\"}"}]}
COMMAND: GET /session/2eb25f1cbe9612d735ab0219d8fb520b/screenshot - {}
RESULT: {"script":"<script> [1562 bytes]","args":[{"selector":{"controlType":"sap.m.Button","viewName":"etm.portal.ui.manageyards.view.New","viewId":"application-manageyards-display-component---NewYard","properties":{"text":"Commercial"},"interaction":{"idSuffix":"BDI-content"}},"wdio_ui5_key":"etmportal.ui.manageyards.view.Newsap.m.Button{\"text\":\"Commercial\"}"}]}
RESULT: undefined
COMMAND: POST /session/2eb25f1cbe9612d735ab0219d8fb520b/element - {"using":"xpath","value":"//*[@id=\"application-manageyards-display-component---NewYard--ObjectPageLayout-anchBar-__section5-anchor\"]"}
RESULT: {}
RESULT: {"using":"xpath","value":"//*[@id=\"application-manageyards-display-component---NewYard--ObjectPageLayout-anchBar-__section5-anchor\"]"}
COMMAND: POST /session/2eb25f1cbe9612d735ab0219d8fb520b/element/f.1920C544C16071EF810842AAA08EA988.d.F8B2605AF1B90E48D550948B89582D47.e.23348/click - {}
RESULT: {}
COMMAND: GET /session/2eb25f1cbe9612d735ab0219d8fb520b/screenshot - {}
RESULT: {}
COMMAND: POST /session/2eb25f1cbe9612d735ab0219d8fb520b/execute/async - {"script":"<script> [1562 bytes]","args":[{"selector":{"id":"application-manageyards-display-component---NewYard--addressEditDetailsCostObjectCstType-arrow"},"wdio_ui5_key":"applicationmanageyards-display-component---NewYard--addressEditDetailsCostObjectCstType-arrow"}]}
RESULT: {"script":"<script> [1562 bytes]","args":[{"selector":{"id":"application-manageyards-display-component---NewYard--addressEditDetailsCostObjectCstType-arrow"},"wdio_ui5_key":"applicationmanageyards-display-component---NewYard--addressEditDetailsCostObjectCstType-arrow"}]}
RESULT: undefined
COMMAND: POST /session/2eb25f1cbe9612d735ab0219d8fb520b/element - {"using":"xpath","value":"//*[@id=\"application-manageyards-display-component---NewYard--addressEditDetailsCostObjectCstType-arrow\"]"}
RESULT: {"using":"xpath","value":"//*[@id=\"application-manageyards-display-component---NewYard--addressEditDetailsCostObjectCstType-arrow\"]"}
COMMAND: POST /session/2eb25f1cbe9612d735ab0219d8fb520b/element/f.1920C544C16071EF810842AAA08EA988.d.F8B2605AF1B90E48D550948B89582D47.e.23356/click - {}
RESULT: {}
COMMAND: GET /session/2eb25f1cbe9612d735ab0219d8fb520b/screenshot - {}
RESULT: {}
COMMAND: POST /session/2eb25f1cbe9612d735ab0219d8fb520b/execute/async - {"script":"<script> [1562 bytes]","args":[{"selector":{"controlType":"sap.m.StandardListItem","viewName":"etm.portal.ui.manageyards.view.New","viewId":"application-manageyards-display-component---NewYard","properties":{"title":"Cost Center"},"searchOpenDialogs":true,"interaction":{"idSuffix":"titleText"}},"wdio_ui5_key":"etmportal.ui.manageyards.view.Newsap.m.StandardListItem{\"title\":\"Cost Center\"}"}]}
RESULT: {"script":"<script> [1562 bytes]","args":[{"selector":{"controlType":"sap.m.StandardListItem","viewName":"etm.portal.ui.manageyards.view.New","viewId":"application-manageyards-display-component---NewYard","properties":{"title":"Cost Center"},"searchOpenDialogs":true,"interaction":{"idSuffix":"titleText"}},"wdio_ui5_key":"etmportal.ui.manageyards.view.Newsap.m.StandardListItem{\"title\":\"Cost Center\"}"}]}
RESULT: undefined
COMMAND: POST /session/2eb25f1cbe9612d735ab0219d8fb520b/element - {"using":"xpath","value":"//*[@id=\"__item234\"]"}
RESULT: {"using":"xpath","value":"//*[@id=\"__item234\"]"}
COMMAND: POST /session/2eb25f1cbe9612d735ab0219d8fb520b/element/f.1920C544C16071EF810842AAA08EA988.d.F8B2605AF1B90E48D550948B89582D47.e.23358/click - {}
RESULT: {}
COMMAND: POST /session/2eb25f1cbe9612d735ab0219d8fb520b/element - {"using":"xpath","value":"//input[@id=\"application-manageyards-display-component---NewYard--addressNewCostObjectCstID-inner\"]"}
COMMAND: GET /session/2eb25f1cbe9612d735ab0219d8fb520b/screenshot - {}
RESULT: {"using":"xpath","value":"//input[@id=\"application-manageyards-display-component---NewYard--addressNewCostObjectCstID-inner\"]"}
COMMAND: POST /session/2eb25f1cbe9612d735ab0219d8fb520b/element/f.1920C544C16071EF810842AAA08EA988.d.F8B2605AF1B90E48D550948B89582D47.e.23163/clear - {}
RESULT: {}
COMMAND: POST /session/2eb25f1cbe9612d735ab0219d8fb520b/element - {"using":"xpath","value":"//input[@id=\"application-manageyards-display-component---NewYard--addressNewCostObjectCstID-inner\"]"}
RESULT: {"using":"xpath","value":"//input[@id=\"application-manageyards-display-component---NewYard--addressNewCostObjectCstID-inner\"]"}
COMMAND: POST /session/2eb25f1cbe9612d735ab0219d8fb520b/element/f.1920C544C16071EF810842AAA08EA988.d.F8B2605AF1B90E48D550948B89582D47.e.23163/clear - {}
COMMAND: POST /session/2eb25f1cbe9612d735ab0219d8fb520b/element - {"using":"xpath","value":"//input[@id=\"application-manageyards-display-component---NewYard--addressNewCostObjectCstID-inner\"]"}
RESULT: {"using":"xpath","value":"//input[@id=\"application-manageyards-display-component---NewYard--addressNewCostObjectCstID-inner\"]"}
COMMAND: POST /session/2eb25f1cbe9612d735ab0219d8fb520b/element/f.1920C544C16071EF810842AAA08EA988.d.F8B2605AF1B90E48D550948B89582D47.e.23362/clear - {}
COMMAND: POST /session/2eb25f1cbe9612d735ab0219d8fb520b/element - {"using":"xpath","value":"//input[@id=\"application-manageyards-display-component---NewYard--addressNewCostObjectCstID-inner\"]"}
RESULT: {"using":"xpath","value":"//input[@id=\"application-manageyards-display-component---NewYard--addressNewCostObjectCstID-inner\"]"}
COMMAND: POST /session/2eb25f1cbe9612d735ab0219d8fb520b/element/f.1920C544C16071EF810842AAA08EA988.d.F8B2605AF1B90E48D550948B89582D47.e.23362/clear - {}
COMMAND: POST /session/2eb25f1cbe9612d735ab0219d8fb520b/element - {"using":"xpath","value":"//input[@id=\"application-manageyards-display-component---NewYard--addressNewCostObjectCstID-inner\"]"}
RESULT: {"using":"xpath","value":"//input[@id=\"application-manageyards-display-component---NewYard--addressNewCostObjectCstID-inner\"]"}
COMMAND: POST /session/2eb25f1cbe9612d735ab0219d8fb520b/element/f.1920C544C16071EF810842AAA08EA988.d.F8B2605AF1B90E48D550948B89582D47.e.23364/clear - {}
RESULT: {}
COMMAND: POST /session/2eb25f1cbe9612d735ab0219d8fb520b/element/f.1920C544C16071EF810842AAA08EA988.d.F8B2605AF1B90E48D550948B89582D47.e.23364/value - {"text":"10001013"}
COMMAND: GET /session/2eb25f1cbe9612d735ab0219d8fb520b/screenshot - {}
RESULT: {"text":"10001013"}
COMMAND: GET /session/2eb25f1cbe9612d735ab0219d8fb520b/screenshot - {}
RESULT: {}
RESULT: {}
COMMAND: POST /session/2eb25f1cbe9612d735ab0219d8fb520b/execute/async - {"script":"<script> [1562 bytes]","args":[{"selector":{"controlType":"sap.m.StandardListItem","viewName":"etm.portal.ui.manageyards.view.New","viewId":"application-manageyards-display-component---NewYard","properties":{"type":"Active"},"searchOpenDialogs":true,"interaction":{"idSuffix":"titleText"}},"wdio_ui5_key":"etmportal.ui.manageyards.view.Newsap.m.StandardListItem{\"type\":\"Active\"}"}]}
RESULT: {"script":"<script> [1562 bytes]","args":[{"selector":{"controlType":"sap.m.StandardListItem","viewName":"etm.portal.ui.manageyards.view.New","viewId":"application-manageyards-display-component---NewYard","properties":{"type":"Active"},"searchOpenDialogs":true,"interaction":{"idSuffix":"titleText"}},"wdio_ui5_key":"etmportal.ui.manageyards.view.Newsap.m.StandardListItem{\"type\":\"Active\"}"}]}
RESULT: undefined
COMMAND: POST /session/2eb25f1cbe9612d735ab0219d8fb520b/element - {"using":"xpath","value":"//*[@id=\"__item339\"]"}
RESULT: {"using":"xpath","value":"//*[@id=\"__item339\"]"}
COMMAND: POST /session/2eb25f1cbe9612d735ab0219d8fb520b/element/f.1920C544C16071EF810842AAA08EA988.d.F8B2605AF1B90E48D550948B89582D47.e.23368/click - {}
RESULT: {}
COMMAND: POST /session/2eb25f1cbe9612d735ab0219d8fb520b/execute/async - {"script":"<script> [1562 bytes]","args":[{"selector":{"id":"application-manageyards-display-component---NewYard--addressEditDetailsCurrency-arrow"},"wdio_ui5_key":"applicationmanageyards-display-component---NewYard--addressEditDetailsCurrency-arrow"}]}
COMMAND: GET /session/2eb25f1cbe9612d735ab0219d8fb520b/screenshot - {}
RESULT: {"script":"<script> [1562 bytes]","args":[{"selector":{"id":"application-manageyards-display-component---NewYard--addressEditDetailsCurrency-arrow"},"wdio_ui5_key":"applicationmanageyards-display-component---NewYard--addressEditDetailsCurrency-arrow"}]}
RESULT: undefined
COMMAND: POST /session/2eb25f1cbe9612d735ab0219d8fb520b/element - {"using":"xpath","value":"//*[@id=\"application-manageyards-display-component---NewYard--addressEditDetailsCurrency-arrow\"]"}
RESULT: {}
RESULT: {"using":"xpath","value":"//*[@id=\"application-manageyards-display-component---NewYard--addressEditDetailsCurrency-arrow\"]"}
COMMAND: POST /session/2eb25f1cbe9612d735ab0219d8fb520b/element/f.1920C544C16071EF810842AAA08EA988.d.F8B2605AF1B90E48D550948B89582D47.e.23370/click - {}
RESULT: {}
COMMAND: POST /session/2eb25f1cbe9612d735ab0219d8fb520b/execute/async - {"script":"<script> [1562 bytes]","args":[{"selector":{"controlType":"sap.m.StandardListItem","viewName":"etm.portal.ui.manageyards.view.New","viewId":"application-manageyards-display-component---NewYard","properties":{"title":"Euro"},"searchOpenDialogs":true,"interaction":{"idSuffix":"content"}},"wdio_ui5_key":"etmportal.ui.manageyards.view.Newsap.m.StandardListItem{\"title\":\"Euro\"}"}]}
COMMAND: GET /session/2eb25f1cbe9612d735ab0219d8fb520b/screenshot - {}
RESULT: {"script":"<script> [1562 bytes]","args":[{"selector":{"controlType":"sap.m.StandardListItem","viewName":"etm.portal.ui.manageyards.view.New","viewId":"application-manageyards-display-component---NewYard","properties":{"title":"Euro"},"searchOpenDialogs":true,"interaction":{"idSuffix":"content"}},"wdio_ui5_key":"etmportal.ui.manageyards.view.Newsap.m.StandardListItem{\"title\":\"Euro\"}"}]}
RESULT: undefined
COMMAND: POST /session/2eb25f1cbe9612d735ab0219d8fb520b/element - {"using":"xpath","value":"//*[@id=\"__item340\"]"}
RESULT: {}
RESULT: {"using":"xpath","value":"//*[@id=\"__item340\"]"}
COMMAND: POST /session/2eb25f1cbe9612d735ab0219d8fb520b/element/f.1920C544C16071EF810842AAA08EA988.d.F8B2605AF1B90E48D550948B89582D47.e.23372/click - {}
RESULT: {}
COMMAND: POST /session/2eb25f1cbe9612d735ab0219d8fb520b/execute/async - {"script":"<script> [1562 bytes]","args":[{"selector":{"controlType":"sap.m.Input","viewName":"etm.portal.ui.manageyards.view.New","viewId":"application-manageyards-display-component---NewYard","bindingPath":{"path":"","propertyPath":"/CONTROLLING_AREA","modelName":"NewYardModel"},"interaction":{"idSuffix":"inner"}},"wdio_ui5_key":"etmportal.ui.manageyards.view.Newsap.m.Input{\"path\":\"\",\"propertyPath\":\"/CONTROLLING_AREA\",\"modelName\":\"NewYardModel\"}"}]}
COMMAND: GET /session/2eb25f1cbe9612d735ab0219d8fb520b/screenshot - {}
RESULT: {"script":"<script> [1562 bytes]","args":[{"selector":{"controlType":"sap.m.Input","viewName":"etm.portal.ui.manageyards.view.New","viewId":"application-manageyards-display-component---NewYard","bindingPath":{"path":"","propertyPath":"/CONTROLLING_AREA","modelName":"NewYardModel"},"interaction":{"idSuffix":"inner"}},"wdio_ui5_key":"etmportal.ui.manageyards.view.Newsap.m.Input{\"path\":\"\",\"propertyPath\":\"/CONTROLLING_AREA\",\"modelName\":\"NewYardModel\"}"}]}
RESULT: undefined
COMMAND: POST /session/2eb25f1cbe9612d735ab0219d8fb520b/execute/async - {"script":"<script> [776 bytes]","args":[{"enterText":"Z001","selector":{"controlType":"sap.m.Input","viewName":"etm.portal.ui.manageyards.view.New","viewId":"application-manageyards-display-component---NewYard","bindingPath":{"path":"","propertyPath":"/CONTROLLING_AREA","modelName":"NewYardModel"},"interaction":{"idSuffix":"inner"}},"clearTextFirst":true,"interactionType":"ENTER_TEXT"}]}
RESULT: {}
RESULT: {"script":"<script> [776 bytes]","args":[{"enterText":"Z001","selector":{"controlType":"sap.m.Input","viewName":"etm.portal.ui.manageyards.view.New","viewId":"application-manageyards-display-component---NewYard","bindingPath":{"path":"","propertyPath":"/CONTROLLING_AREA","modelName":"NewYardModel"},"interaction":{"idSuffix":"inner"}},"clearTextFirst":true,"interactionType":"ENTER_TEXT"}]}
COMMAND: POST /session/2eb25f1cbe9612d735ab0219d8fb520b/execute/async - {"script":"<script> [1562 bytes]","args":[{"selector":{"id":"application-manageyards-display-component---NewYard--companyCodeComboBox","interaction":{"idSuffix":"inner"}},"wdio_ui5_key":"applicationmanageyards-display-component---NewYard--companyCodeComboBox"}]}
RESULT: {"script":"<script> [1562 bytes]","args":[{"selector":{"id":"application-manageyards-display-component---NewYard--companyCodeComboBox","interaction":{"idSuffix":"inner"}},"wdio_ui5_key":"applicationmanageyards-display-component---NewYard--companyCodeComboBox"}]}
RESULT: undefined
COMMAND: POST /session/2eb25f1cbe9612d735ab0219d8fb520b/execute/async - {"script":"<script> [776 bytes]","args":[{"enterText":"1000","selector":{"id":"application-manageyards-display-component---NewYard--companyCodeComboBox","interaction":{"idSuffix":"inner"}},"clearTextFirst":true,"interactionType":"ENTER_TEXT"}]}
RESULT: {"script":"<script> [776 bytes]","args":[{"enterText":"1000","selector":{"id":"application-manageyards-display-component---NewYard--companyCodeComboBox","interaction":{"idSuffix":"inner"}},"clearTextFirst":true,"interactionType":"ENTER_TEXT"}]}
COMMAND: POST /session/2eb25f1cbe9612d735ab0219d8fb520b/execute/async - {"script":"<script> [1562 bytes]","args":[{"selector":{"controlType":"sap.m.Input","viewName":"etm.portal.ui.manageyards.view.New","viewId":"application-manageyards-display-component---NewYard","bindingPath":{"path":"","propertyPath":"/PLANT","modelName":"NewYardModel"},"interaction":{"idSuffix":"inner"}},"wdio_ui5_key":"etmportal.ui.manageyards.view.Newsap.m.Input{\"path\":\"\",\"propertyPath\":\"/PLANT\",\"modelName\":\"NewYardModel\"}"}]}
RESULT: {"script":"<script> [1562 bytes]","args":[{"selector":{"controlType":"sap.m.Input","viewName":"etm.portal.ui.manageyards.view.New","viewId":"application-manageyards-display-component---NewYard","bindingPath":{"path":"","propertyPath":"/PLANT","modelName":"NewYardModel"},"interaction":{"idSuffix":"inner"}},"wdio_ui5_key":"etmportal.ui.manageyards.view.Newsap.m.Input{\"path\":\"\",\"propertyPath\":\"/PLANT\",\"modelName\":\"NewYardModel\"}"}]}
RESULT: undefined
COMMAND: POST /session/2eb25f1cbe9612d735ab0219d8fb520b/execute/async - {"script":"<script> [776 bytes]","args":[{"enterText":"1001","selector":{"controlType":"sap.m.Input","viewName":"etm.portal.ui.manageyards.view.New","viewId":"application-manageyards-display-component---NewYard","bindingPath":{"path":"","propertyPath":"/PLANT","modelName":"NewYardModel"},"interaction":{"idSuffix":"inner"}},"clearTextFirst":true,"interactionType":"ENTER_TEXT"}]}
RESULT: {"script":"<script> [776 bytes]","args":[{"enterText":"1001","selector":{"controlType":"sap.m.Input","viewName":"etm.portal.ui.manageyards.view.New","viewId":"application-manageyards-display-component---NewYard","bindingPath":{"path":"","propertyPath":"/PLANT","modelName":"NewYardModel"},"interaction":{"idSuffix":"inner"}},"clearTextFirst":true,"interactionType":"ENTER_TEXT"}]}
COMMAND: POST /session/2eb25f1cbe9612d735ab0219d8fb520b/execute/async - {"script":"<script> [1562 bytes]","args":[{"selector":{"controlType":"sap.m.Input","viewName":"etm.portal.ui.manageyards.view.New","viewId":"application-manageyards-display-component---NewYard","bindingPath":{"path":"","propertyPath":"/SALES_AREA_VKORG","modelName":"NewYardModel"},"interaction":{"idSuffix":"inner"}},"wdio_ui5_key":"etmportal.ui.manageyards.view.Newsap.m.Input{\"path\":\"\",\"propertyPath\":\"/SALES_AREA_VKORG\",\"modelName\":\"NewYardModel\"}"}]}
RESULT: {"script":"<script> [1562 bytes]","args":[{"selector":{"controlType":"sap.m.Input","viewName":"etm.portal.ui.manageyards.view.New","viewId":"application-manageyards-display-component---NewYard","bindingPath":{"path":"","propertyPath":"/SALES_AREA_VKORG","modelName":"NewYardModel"},"interaction":{"idSuffix":"inner"}},"wdio_ui5_key":"etmportal.ui.manageyards.view.Newsap.m.Input{\"path\":\"\",\"propertyPath\":\"/SALES_AREA_VKORG\",\"modelName\":\"NewYardModel\"}"}]}
RESULT: undefined
COMMAND: POST /session/2eb25f1cbe9612d735ab0219d8fb520b/execute/async - {"script":"<script> [776 bytes]","args":[{"enterText":"C002","selector":{"controlType":"sap.m.Input","viewName":"etm.portal.ui.manageyards.view.New","viewId":"application-manageyards-display-component---NewYard","bindingPath":{"path":"","propertyPath":"/SALES_AREA_VKORG","modelName":"NewYardModel"},"interaction":{"idSuffix":"inner"}},"clearTextFirst":true,"interactionType":"ENTER_TEXT"}]}
RESULT: {"script":"<script> [776 bytes]","args":[{"enterText":"C002","selector":{"controlType":"sap.m.Input","viewName":"etm.portal.ui.manageyards.view.New","viewId":"application-manageyards-display-component---NewYard","bindingPath":{"path":"","propertyPath":"/SALES_AREA_VKORG","modelName":"NewYardModel"},"interaction":{"idSuffix":"inner"}},"clearTextFirst":true,"interactionType":"ENTER_TEXT"}]}
COMMAND: POST /session/2eb25f1cbe9612d735ab0219d8fb520b/execute/async - {"script":"<script> [1562 bytes]","args":[{"selector":{"controlType":"sap.m.Input","viewName":"etm.portal.ui.manageyards.view.New","viewId":"application-manageyards-display-component---NewYard","bindingPath":{"path":"","propertyPath":"/SALES_AREA_VTWEG","modelName":"NewYardModel"},"interaction":{"idSuffix":"inner"}},"wdio_ui5_key":"etmportal.ui.manageyards.view.Newsap.m.Input{\"path\":\"\",\"propertyPath\":\"/SALES_AREA_VTWEG\",\"modelName\":\"NewYardModel\"}"}]}
RESULT: {"script":"<script> [1562 bytes]","args":[{"selector":{"controlType":"sap.m.Input","viewName":"etm.portal.ui.manageyards.view.New","viewId":"application-manageyards-display-component---NewYard","bindingPath":{"path":"","propertyPath":"/SALES_AREA_VTWEG","modelName":"NewYardModel"},"interaction":{"idSuffix":"inner"}},"wdio_ui5_key":"etmportal.ui.manageyards.view.Newsap.m.Input{\"path\":\"\",\"propertyPath\":\"/SALES_AREA_VTWEG\",\"modelName\":\"NewYardModel\"}"}]}
RESULT: undefined
COMMAND: POST /session/2eb25f1cbe9612d735ab0219d8fb520b/execute/async - {"script":"<script> [776 bytes]","args":[{"enterText":"C2","selector":{"controlType":"sap.m.Input","viewName":"etm.portal.ui.manageyards.view.New","viewId":"application-manageyards-display-component---NewYard","bindingPath":{"path":"","propertyPath":"/SALES_AREA_VTWEG","modelName":"NewYardModel"},"interaction":{"idSuffix":"inner"}},"clearTextFirst":true,"interactionType":"ENTER_TEXT"}]}
RESULT: {"script":"<script> [776 bytes]","args":[{"enterText":"C2","selector":{"controlType":"sap.m.Input","viewName":"etm.portal.ui.manageyards.view.New","viewId":"application-manageyards-display-component---NewYard","bindingPath":{"path":"","propertyPath":"/SALES_AREA_VTWEG","modelName":"NewYardModel"},"interaction":{"idSuffix":"inner"}},"clearTextFirst":true,"interactionType":"ENTER_TEXT"}]}
COMMAND: POST /session/2eb25f1cbe9612d735ab0219d8fb520b/execute/async - {"script":"<script> [1562 bytes]","args":[{"selector":{"controlType":"sap.m.Input","viewName":"etm.portal.ui.manageyards.view.New","viewId":"application-manageyards-display-component---NewYard","bindingPath":{"path":"","propertyPath":"/SALES_AREA_SPART","modelName":"NewYardModel"},"interaction":{"idSuffix":"inner"}},"wdio_ui5_key":"etmportal.ui.manageyards.view.Newsap.m.Input{\"path\":\"\",\"propertyPath\":\"/SALES_AREA_SPART\",\"modelName\":\"NewYardModel\"}"}]}
RESULT: {"script":"<script> [1562 bytes]","args":[{"selector":{"controlType":"sap.m.Input","viewName":"etm.portal.ui.manageyards.view.New","viewId":"application-manageyards-display-component---NewYard","bindingPath":{"path":"","propertyPath":"/SALES_AREA_SPART","modelName":"NewYardModel"},"interaction":{"idSuffix":"inner"}},"wdio_ui5_key":"etmportal.ui.manageyards.view.Newsap.m.Input{\"path\":\"\",\"propertyPath\":\"/SALES_AREA_SPART\",\"modelName\":\"NewYardModel\"}"}]}
RESULT: undefined
COMMAND: POST /session/2eb25f1cbe9612d735ab0219d8fb520b/execute/async - {"script":"<script> [776 bytes]","args":[{"enterText":"C2","selector":{"controlType":"sap.m.Input","viewName":"etm.portal.ui.manageyards.view.New","viewId":"application-manageyards-display-component---NewYard","bindingPath":{"path":"","propertyPath":"/SALES_AREA_SPART","modelName":"NewYardModel"},"interaction":{"idSuffix":"inner"}},"clearTextFirst":true,"interactionType":"ENTER_TEXT"}]}
RESULT: {"script":"<script> [776 bytes]","args":[{"enterText":"C2","selector":{"controlType":"sap.m.Input","viewName":"etm.portal.ui.manageyards.view.New","viewId":"application-manageyards-display-component---NewYard","bindingPath":{"path":"","propertyPath":"/SALES_AREA_SPART","modelName":"NewYardModel"},"interaction":{"idSuffix":"inner"}},"clearTextFirst":true,"interactionType":"ENTER_TEXT"}]}
COMMAND: POST /session/2eb25f1cbe9612d735ab0219d8fb520b/execute/async - {"script":"<script> [1562 bytes]","args":[{"selector":{"controlType":"sap.m.Input","viewName":"etm.portal.ui.manageyards.view.New","viewId":"application-manageyards-display-component---NewYard","bindingPath":{"path":"","propertyPath":"/SHIP_POINT","modelName":"NewYardModel"},"interaction":{"idSuffix":"inner"}},"wdio_ui5_key":"etmportal.ui.manageyards.view.Newsap.m.Input{\"path\":\"\",\"propertyPath\":\"/SHIP_POINT\",\"modelName\":\"NewYardModel\"}"}]}
RESULT: {"script":"<script> [1562 bytes]","args":[{"selector":{"controlType":"sap.m.Input","viewName":"etm.portal.ui.manageyards.view.New","viewId":"application-manageyards-display-component---NewYard","bindingPath":{"path":"","propertyPath":"/SHIP_POINT","modelName":"NewYardModel"},"interaction":{"idSuffix":"inner"}},"wdio_ui5_key":"etmportal.ui.manageyards.view.Newsap.m.Input{\"path\":\"\",\"propertyPath\":\"/SHIP_POINT\",\"modelName\":\"NewYardModel\"}"}]}
RESULT: undefined
COMMAND: POST /session/2eb25f1cbe9612d735ab0219d8fb520b/execute/async - {"script":"<script> [776 bytes]","args":[{"enterText":"1710","selector":{"controlType":"sap.m.Input","viewName":"etm.portal.ui.manageyards.view.New","viewId":"application-manageyards-display-component---NewYard","bindingPath":{"path":"","propertyPath":"/SHIP_POINT","modelName":"NewYardModel"},"interaction":{"idSuffix":"inner"}},"clearTextFirst":true,"interactionType":"ENTER_TEXT"}]}
RESULT: {"script":"<script> [776 bytes]","args":[{"enterText":"1710","selector":{"controlType":"sap.m.Input","viewName":"etm.portal.ui.manageyards.view.New","viewId":"application-manageyards-display-component---NewYard","bindingPath":{"path":"","propertyPath":"/SHIP_POINT","modelName":"NewYardModel"},"interaction":{"idSuffix":"inner"}},"clearTextFirst":true,"interactionType":"ENTER_TEXT"}]}
COMMAND: POST /session/2eb25f1cbe9612d735ab0219d8fb520b/execute/async - {"script":"<script> [1562 bytes]","args":[{"selector":{"controlType":"sap.m.Input","viewName":"etm.portal.ui.manageyards.view.New","viewId":"application-manageyards-display-component---NewYard","bindingPath":{"path":"","propertyPath":"/DELIVERY_TYPE","modelName":"NewYardModel"},"interaction":{"idSuffix":"inner"}},"wdio_ui5_key":"etmportal.ui.manageyards.view.Newsap.m.Input{\"path\":\"\",\"propertyPath\":\"/DELIVERY_TYPE\",\"modelName\":\"NewYardModel\"}"}]}
RESULT: {"script":"<script> [1562 bytes]","args":[{"selector":{"controlType":"sap.m.Input","viewName":"etm.portal.ui.manageyards.view.New","viewId":"application-manageyards-display-component---NewYard","bindingPath":{"path":"","propertyPath":"/DELIVERY_TYPE","modelName":"NewYardModel"},"interaction":{"idSuffix":"inner"}},"wdio_ui5_key":"etmportal.ui.manageyards.view.Newsap.m.Input{\"path\":\"\",\"propertyPath\":\"/DELIVERY_TYPE\",\"modelName\":\"NewYardModel\"}"}]}
RESULT: undefined
COMMAND: POST /session/2eb25f1cbe9612d735ab0219d8fb520b/execute/async - {"script":"<script> [776 bytes]","args":[{"enterText":"ZL01","selector":{"controlType":"sap.m.Input","viewName":"etm.portal.ui.manageyards.view.New","viewId":"application-manageyards-display-component---NewYard","bindingPath":{"path":"","propertyPath":"/DELIVERY_TYPE","modelName":"NewYardModel"},"interaction":{"idSuffix":"inner"}},"clearTextFirst":true,"interactionType":"ENTER_TEXT"}]}
RESULT: {"script":"<script> [776 bytes]","args":[{"enterText":"ZL01","selector":{"controlType":"sap.m.Input","viewName":"etm.portal.ui.manageyards.view.New","viewId":"application-manageyards-display-component---NewYard","bindingPath":{"path":"","propertyPath":"/DELIVERY_TYPE","modelName":"NewYardModel"},"interaction":{"idSuffix":"inner"}},"clearTextFirst":true,"interactionType":"ENTER_TEXT"}]}
COMMAND: POST /session/2eb25f1cbe9612d735ab0219d8fb520b/execute/async - {"script":"<script> [1562 bytes]","args":[{"selector":{"controlType":"sap.m.Input","viewName":"etm.portal.ui.manageyards.view.New","viewId":"application-manageyards-display-component---NewYard","bindingPath":{"path":"","propertyPath":"/AUART","modelName":"NewYardModel"},"interaction":{"idSuffix":"inner"}},"wdio_ui5_key":"etmportal.ui.manageyards.view.Newsap.m.Input{\"path\":\"\",\"propertyPath\":\"/AUART\",\"modelName\":\"NewYardModel\"}"}]}
RESULT: {"script":"<script> [1562 bytes]","args":[{"selector":{"controlType":"sap.m.Input","viewName":"etm.portal.ui.manageyards.view.New","viewId":"application-manageyards-display-component---NewYard","bindingPath":{"path":"","propertyPath":"/AUART","modelName":"NewYardModel"},"interaction":{"idSuffix":"inner"}},"wdio_ui5_key":"etmportal.ui.manageyards.view.Newsap.m.Input{\"path\":\"\",\"propertyPath\":\"/AUART\",\"modelName\":\"NewYardModel\"}"}]}
RESULT: undefined
COMMAND: POST /session/2eb25f1cbe9612d735ab0219d8fb520b/execute/async - {"script":"<script> [776 bytes]","args":[{"enterText":"TA","selector":{"controlType":"sap.m.Input","viewName":"etm.portal.ui.manageyards.view.New","viewId":"application-manageyards-display-component---NewYard","bindingPath":{"path":"","propertyPath":"/AUART","modelName":"NewYardModel"},"interaction":{"idSuffix":"inner"}},"clearTextFirst":true,"interactionType":"ENTER_TEXT"}]}
RESULT: {"script":"<script> [776 bytes]","args":[{"enterText":"TA","selector":{"controlType":"sap.m.Input","viewName":"etm.portal.ui.manageyards.view.New","viewId":"application-manageyards-display-component---NewYard","bindingPath":{"path":"","propertyPath":"/AUART","modelName":"NewYardModel"},"interaction":{"idSuffix":"inner"}},"clearTextFirst":true,"interactionType":"ENTER_TEXT"}]}
COMMAND: POST /session/2eb25f1cbe9612d735ab0219d8fb520b/execute/async - {"script":"<script> [1562 bytes]","args":[{"selector":{"id":"application-manageyards-display-component---NewYard--whmCheckBox","interaction":{"idSuffix":"CbBg"}},"wdio_ui5_key":"applicationmanageyards-display-component---NewYard--whmCheckBox"}]}
RESULT: {"script":"<script> [1562 bytes]","args":[{"selector":{"id":"application-manageyards-display-component---NewYard--whmCheckBox","interaction":{"idSuffix":"CbBg"}},"wdio_ui5_key":"applicationmanageyards-display-component---NewYard--whmCheckBox"}]}
RESULT: undefined
COMMAND: POST /session/2eb25f1cbe9612d735ab0219d8fb520b/element - {"using":"xpath","value":"//*[@id=\"application-manageyards-display-component---NewYard--whmCheckBox\"]"}
RESULT: {"using":"xpath","value":"//*[@id=\"application-manageyards-display-component---NewYard--whmCheckBox\"]"}
COMMAND: POST /session/2eb25f1cbe9612d735ab0219d8fb520b/element/f.1920C544C16071EF810842AAA08EA988.d.F8B2605AF1B90E48D550948B89582D47.e.23383/click - {}
RESULT: {}
COMMAND: POST /session/2eb25f1cbe9612d735ab0219d8fb520b/execute/async - {"script":"<script> [1562 bytes]","args":[{"selector":{"controlType":"sap.m.Button","viewName":"etm.portal.ui.manageyards.view.New","viewId":"application-manageyards-display-component---NewYard","i18NText":{"propertyName":"text","key":"save"},"interaction":{"idSuffix":"BDI-content"}},"wdio_ui5_key":"etmportal.ui.manageyards.view.Newsap.m.Button{\"propertyName\":\"text\",\"key\":\"save\"}"}]}
COMMAND: GET /session/2eb25f1cbe9612d735ab0219d8fb520b/screenshot - {}
RESULT: {"script":"<script> [1562 bytes]","args":[{"selector":{"controlType":"sap.m.Button","viewName":"etm.portal.ui.manageyards.view.New","viewId":"application-manageyards-display-component---NewYard","i18NText":{"propertyName":"text","key":"save"},"interaction":{"idSuffix":"BDI-content"}},"wdio_ui5_key":"etmportal.ui.manageyards.view.Newsap.m.Button{\"propertyName\":\"text\",\"key\":\"save\"}"}]}
RESULT: undefined
COMMAND: POST /session/2eb25f1cbe9612d735ab0219d8fb520b/element - {"using":"xpath","value":"//*[@id=\"__button18\"]"}
RESULT: {}
RESULT: {"using":"xpath","value":"//*[@id=\"__button18\"]"}
COMMAND: POST /session/2eb25f1cbe9612d735ab0219d8fb520b/element/f.1920C544C16071EF810842AAA08EA988.d.F8B2605AF1B90E48D550948B89582D47.e.23325/click - {}
RESULT: {}
COMMAND: GET /session/2eb25f1cbe9612d735ab0219d8fb520b/screenshot - {}
COMMAND: POST /session/2eb25f1cbe9612d735ab0219d8fb520b/execute/async - {"script":"<script> [1562 bytes]","args":[{"selector":{"controlType":"sap.m.Text","viewName":"etm.portal.ui.manageyards.view.Detail","viewId":"application-manageyards-display-component---detailYard","bindingPath":{"propertyPath":"ID","modelName":"catalogModel"}},"wdio_ui5_key":"etmportal.ui.manageyards.view.Detailsap.m.Text{\"propertyPath\":\"ID\",\"modelName\":\"catalogModel\"}"}]}
RESULT: {}
RESULT: {"script":"<script> [1562 bytes]","args":[{"selector":{"controlType":"sap.m.Text","viewName":"etm.portal.ui.manageyards.view.Detail","viewId":"application-manageyards-display-component---detailYard","bindingPath":{"propertyPath":"ID","modelName":"catalogModel"}},"wdio_ui5_key":"etmportal.ui.manageyards.view.Detailsap.m.Text{\"propertyPath\":\"ID\",\"modelName\":\"catalogModel\"}"}]}
RESULT: undefined
COMMAND: POST /session/2eb25f1cbe9612d735ab0219d8fb520b/execute/async - {"script":"<script> [6424 bytes]","args":[{"element-6066-11e4-a52e-4f735466cecf":"f.1920C544C16071EF810842AAA08EA988.d.F8B2605AF1B90E48D550948B89582D47.e.23580"},"getText",[]]}
RESULT: {"script":"<script> [6424 bytes]","args":[{"element-6066-11e4-a52e-4f735466cecf":"f.1920C544C16071EF810842AAA08EA988.d.F8B2605AF1B90E48D550948B89582D47.e.23580"},"getText",[]]}
COMMAND: POST /session/2eb25f1cbe9612d735ab0219d8fb520b/element - {"using":"css selector","value":"#shell-header-logo"}
RESULT: {"using":"css selector","value":"#shell-header-logo"}
COMMAND: POST /session/2eb25f1cbe9612d735ab0219d8fb520b/element/f.1920C544C16071EF810842AAA08EA988.d.F8B2605AF1B90E48D550948B89582D47.e.22879/click - {}
RESULT: {}
COMMAND: GET /session/2eb25f1cbe9612d735ab0219d8fb520b/screenshot - {}
RESULT: {}
]]></system-out>
    </testcase>
    <testcase classname="chrome.135_0_7049_96.windows.Return_from_Site_w/_warehouse_management_w/_clarification_US125588" name="Should create WHM site" time="59.569">
      <system-out><![CDATA[
COMMAND: POST /session/2eb25f1cbe9612d735ab0219d8fb520b/execute/async - {"script":"<script> [1562 bytes]","args":[{"selector":{"controlType":"sap.m.GenericTile","properties":{"header":"Manage Sites"}},"wdio_ui5_key":"sapm.GenericTile{\"header\":\"Manage Sites\"}"}]}
RESULT: {"script":"<script> [1562 bytes]","args":[{"selector":{"controlType":"sap.m.GenericTile","properties":{"header":"Manage Sites"}},"wdio_ui5_key":"sapm.GenericTile{\"header\":\"Manage Sites\"}"}]}
RESULT: undefined
COMMAND: POST /session/2eb25f1cbe9612d735ab0219d8fb520b/element - {"using":"xpath","value":"//*[@id=\"__tile40\"]"}
RESULT: {"using":"xpath","value":"//*[@id=\"__tile40\"]"}
COMMAND: POST /session/2eb25f1cbe9612d735ab0219d8fb520b/element/f.1920C544C16071EF810842AAA08EA988.d.F8B2605AF1B90E48D550948B89582D47.e.23582/click - {}
RESULT: {}
COMMAND: GET /session/2eb25f1cbe9612d735ab0219d8fb520b/screenshot - {}
RESULT: {}
COMMAND: POST /session/2eb25f1cbe9612d735ab0219d8fb520b/execute/async - {"script":"<script> [1562 bytes]","args":[{"selector":{"controlType":"sap.ui.core.Icon","viewName":"etm.portal.ui.managesites.view.Master","viewId":"application-managesites-display-component---masterSite","properties":{"src":{"regex":{"source":"add"}}}},"wdio_ui5_key":"etmportal.ui.managesites.view.Mastersap.ui.core.Icon{\"src\":{\"regex\":{\"source\":\"add\"}}}"}]}
RESULT: {"script":"<script> [1562 bytes]","args":[{"selector":{"controlType":"sap.ui.core.Icon","viewName":"etm.portal.ui.managesites.view.Master","viewId":"application-managesites-display-component---masterSite","properties":{"src":{"regex":{"source":"add"}}}},"wdio_ui5_key":"etmportal.ui.managesites.view.Mastersap.ui.core.Icon{\"src\":{\"regex\":{\"source\":\"add\"}}}"}]}
RESULT: undefined
COMMAND: POST /session/2eb25f1cbe9612d735ab0219d8fb520b/element - {"using":"xpath","value":"//*[@id=\"__button64-img\"]"}
RESULT: {"using":"xpath","value":"//*[@id=\"__button64-img\"]"}
COMMAND: POST /session/2eb25f1cbe9612d735ab0219d8fb520b/element/f.1920C544C16071EF810842AAA08EA988.d.F8B2605AF1B90E48D550948B89582D47.e.23630/click - {}
RESULT: {}
COMMAND: GET /session/2eb25f1cbe9612d735ab0219d8fb520b/screenshot - {}
COMMAND: POST /session/2eb25f1cbe9612d735ab0219d8fb520b/execute/async - {"script":"<script> [1562 bytes]","args":[{"selector":{"controlType":"sap.m.Button","viewName":"etm.portal.ui.managesites.view.NewSmartSite","viewId":"application-managesites-display-component---NewSite","properties":{"text":"General Information"},"interaction":{"idSuffix":"BDI-content"}},"wdio_ui5_key":"etmportal.ui.managesites.view.NewSmartSitesap.m.Button{\"text\":\"General Information\"}"}]}
RESULT: {}
RESULT: {"script":"<script> [1562 bytes]","args":[{"selector":{"controlType":"sap.m.Button","viewName":"etm.portal.ui.managesites.view.NewSmartSite","viewId":"application-managesites-display-component---NewSite","properties":{"text":"General Information"},"interaction":{"idSuffix":"BDI-content"}},"wdio_ui5_key":"etmportal.ui.managesites.view.NewSmartSitesap.m.Button{\"text\":\"General Information\"}"}]}
RESULT: undefined
COMMAND: POST /session/2eb25f1cbe9612d735ab0219d8fb520b/element - {"using":"xpath","value":"//*[@id=\"application-managesites-display-component---NewSite--ObjectPageLayout-anchBar-__section31-anchor\"]"}
RESULT: {"using":"xpath","value":"//*[@id=\"application-managesites-display-component---NewSite--ObjectPageLayout-anchBar-__section31-anchor\"]"}
COMMAND: POST /session/2eb25f1cbe9612d735ab0219d8fb520b/element/f.1920C544C16071EF810842AAA08EA988.d.F8B2605AF1B90E48D550948B89582D47.e.24003/click - {}
RESULT: {}
COMMAND: POST /session/2eb25f1cbe9612d735ab0219d8fb520b/execute/async - {"script":"<script> [1562 bytes]","args":[{"selector":{"id":"application-managesites-display-component---NewSite--addressDetailDetailsName1","interaction":{"idSuffix":"inner"}},"wdio_ui5_key":"applicationmanagesites-display-component---NewSite--addressDetailDetailsName1"}]}
COMMAND: GET /session/2eb25f1cbe9612d735ab0219d8fb520b/screenshot - {}
RESULT: {}
RESULT: {"script":"<script> [1562 bytes]","args":[{"selector":{"id":"application-managesites-display-component---NewSite--addressDetailDetailsName1","interaction":{"idSuffix":"inner"}},"wdio_ui5_key":"applicationmanagesites-display-component---NewSite--addressDetailDetailsName1"}]}
RESULT: undefined
COMMAND: POST /session/2eb25f1cbe9612d735ab0219d8fb520b/execute/async - {"script":"<script> [776 bytes]","args":[{"enterText":"WDI5 WHM Site","selector":{"id":"application-managesites-display-component---NewSite--addressDetailDetailsName1","interaction":{"idSuffix":"inner"}},"clearTextFirst":true,"interactionType":"ENTER_TEXT"}]}
RESULT: {"script":"<script> [776 bytes]","args":[{"enterText":"WDI5 WHM Site","selector":{"id":"application-managesites-display-component---NewSite--addressDetailDetailsName1","interaction":{"idSuffix":"inner"}},"clearTextFirst":true,"interactionType":"ENTER_TEXT"}]}
COMMAND: POST /session/2eb25f1cbe9612d735ab0219d8fb520b/execute/async - {"script":"<script> [1562 bytes]","args":[{"selector":{"id":"application-managesites-display-component---NewSite--addressDetailDetailsLanguage","interaction":{"idSuffix":"inner"}},"wdio_ui5_key":"applicationmanagesites-display-component---NewSite--addressDetailDetailsLanguage"}]}
RESULT: {"script":"<script> [1562 bytes]","args":[{"selector":{"id":"application-managesites-display-component---NewSite--addressDetailDetailsLanguage","interaction":{"idSuffix":"inner"}},"wdio_ui5_key":"applicationmanagesites-display-component---NewSite--addressDetailDetailsLanguage"}]}
RESULT: undefined
COMMAND: POST /session/2eb25f1cbe9612d735ab0219d8fb520b/execute/async - {"script":"<script> [776 bytes]","args":[{"enterText":"Romanian","selector":{"id":"application-managesites-display-component---NewSite--addressDetailDetailsLanguage","interaction":{"idSuffix":"inner"}},"clearTextFirst":true,"interactionType":"ENTER_TEXT"}]}
RESULT: {"script":"<script> [776 bytes]","args":[{"enterText":"Romanian","selector":{"id":"application-managesites-display-component---NewSite--addressDetailDetailsLanguage","interaction":{"idSuffix":"inner"}},"clearTextFirst":true,"interactionType":"ENTER_TEXT"}]}
COMMAND: POST /session/2eb25f1cbe9612d735ab0219d8fb520b/execute/async - {"script":"<script> [1562 bytes]","args":[{"selector":{"id":"application-managesites-display-component---NewSite--addressDetailDetailsCity1","interaction":{"idSuffix":"inner"}},"wdio_ui5_key":"applicationmanagesites-display-component---NewSite--addressDetailDetailsCity1"}]}
RESULT: {"script":"<script> [1562 bytes]","args":[{"selector":{"id":"application-managesites-display-component---NewSite--addressDetailDetailsCity1","interaction":{"idSuffix":"inner"}},"wdio_ui5_key":"applicationmanagesites-display-component---NewSite--addressDetailDetailsCity1"}]}
RESULT: undefined
COMMAND: POST /session/2eb25f1cbe9612d735ab0219d8fb520b/execute/async - {"script":"<script> [776 bytes]","args":[{"enterText":"Bucharest","selector":{"id":"application-managesites-display-component---NewSite--addressDetailDetailsCity1","interaction":{"idSuffix":"inner"}},"clearTextFirst":true,"interactionType":"ENTER_TEXT"}]}
RESULT: {"script":"<script> [776 bytes]","args":[{"enterText":"Bucharest","selector":{"id":"application-managesites-display-component---NewSite--addressDetailDetailsCity1","interaction":{"idSuffix":"inner"}},"clearTextFirst":true,"interactionType":"ENTER_TEXT"}]}
COMMAND: POST /session/2eb25f1cbe9612d735ab0219d8fb520b/execute/async - {"script":"<script> [1562 bytes]","args":[{"selector":{"id":"application-managesites-display-component---NewSite--addressDetailDetailsCountry","interaction":{"idSuffix":"inner"}},"wdio_ui5_key":"applicationmanagesites-display-component---NewSite--addressDetailDetailsCountry"}]}
RESULT: {"script":"<script> [1562 bytes]","args":[{"selector":{"id":"application-managesites-display-component---NewSite--addressDetailDetailsCountry","interaction":{"idSuffix":"inner"}},"wdio_ui5_key":"applicationmanagesites-display-component---NewSite--addressDetailDetailsCountry"}]}
RESULT: undefined
COMMAND: POST /session/2eb25f1cbe9612d735ab0219d8fb520b/execute/async - {"script":"<script> [6424 bytes]","args":[{"element-6066-11e4-a52e-4f735466cecf":"f.1920C544C16071EF810842AAA08EA988.d.F8B2605AF1B90E48D550948B89582D47.e.23807"},"setValue",["Romania"]]}
RESULT: {"script":"<script> [6424 bytes]","args":[{"element-6066-11e4-a52e-4f735466cecf":"f.1920C544C16071EF810842AAA08EA988.d.F8B2605AF1B90E48D550948B89582D47.e.23807"},"setValue",["Romania"]]}
COMMAND: POST /session/2eb25f1cbe9612d735ab0219d8fb520b/execute/async - {"script":"<script> [1562 bytes]","args":[{"selector":{"id":"application-managesites-display-component---NewSite--addressDetailDetailsCalendar","interaction":{"idSuffix":"inner"}},"wdio_ui5_key":"applicationmanagesites-display-component---NewSite--addressDetailDetailsCalendar"}]}
RESULT: {"script":"<script> [1562 bytes]","args":[{"selector":{"id":"application-managesites-display-component---NewSite--addressDetailDetailsCalendar","interaction":{"idSuffix":"inner"}},"wdio_ui5_key":"applicationmanagesites-display-component---NewSite--addressDetailDetailsCalendar"}]}
RESULT: undefined
COMMAND: POST /session/2eb25f1cbe9612d735ab0219d8fb520b/execute/async - {"script":"<script> [776 bytes]","args":[{"enterText":"8 - Germany (Standard)","selector":{"id":"application-managesites-display-component---NewSite--addressDetailDetailsCalendar","interaction":{"idSuffix":"inner"}},"clearTextFirst":true,"interactionType":"ENTER_TEXT"}]}
RESULT: {"script":"<script> [776 bytes]","args":[{"enterText":"8 - Germany (Standard)","selector":{"id":"application-managesites-display-component---NewSite--addressDetailDetailsCalendar","interaction":{"idSuffix":"inner"}},"clearTextFirst":true,"interactionType":"ENTER_TEXT"}]}
COMMAND: POST /session/2eb25f1cbe9612d735ab0219d8fb520b/element - {"using":"xpath","value":"//input[@id=\"application-managesites-display-component---NewSite--addressDetailDetailsYard-inner\"]"}
RESULT: {"using":"xpath","value":"//input[@id=\"application-managesites-display-component---NewSite--addressDetailDetailsYard-inner\"]"}
COMMAND: POST /session/2eb25f1cbe9612d735ab0219d8fb520b/element/f.1920C544C16071EF810842AAA08EA988.d.F8B2605AF1B90E48D550948B89582D47.e.23818/clear - {}
RESULT: {}
COMMAND: POST /session/2eb25f1cbe9612d735ab0219d8fb520b/element/f.1920C544C16071EF810842AAA08EA988.d.F8B2605AF1B90E48D550948B89582D47.e.23818/value - {"text":"241"}
COMMAND: GET /session/2eb25f1cbe9612d735ab0219d8fb520b/screenshot - {}
RESULT: {"text":"241"}
COMMAND: GET /session/2eb25f1cbe9612d735ab0219d8fb520b/screenshot - {}
RESULT: {}
RESULT: {}
COMMAND: POST /session/2eb25f1cbe9612d735ab0219d8fb520b/execute/async - {"script":"<script> [1562 bytes]","args":[{"selector":{"controlType":"sap.m.Button","viewName":"etm.portal.ui.managesites.view.NewSmartSite","viewId":"application-managesites-display-component---NewSite","properties":{"text":"Commercial"},"interaction":{"idSuffix":"BDI-content"}},"wdio_ui5_key":"etmportal.ui.managesites.view.NewSmartSitesap.m.Button{\"text\":\"Commercial\"}"}]}
RESULT: {"script":"<script> [1562 bytes]","args":[{"selector":{"controlType":"sap.m.Button","viewName":"etm.portal.ui.managesites.view.NewSmartSite","viewId":"application-managesites-display-component---NewSite","properties":{"text":"Commercial"},"interaction":{"idSuffix":"BDI-content"}},"wdio_ui5_key":"etmportal.ui.managesites.view.NewSmartSitesap.m.Button{\"text\":\"Commercial\"}"}]}
RESULT: undefined
COMMAND: POST /session/2eb25f1cbe9612d735ab0219d8fb520b/element - {"using":"xpath","value":"//*[@id=\"application-managesites-display-component---NewSite--ObjectPageLayout-anchBar-__section33-anchor\"]"}
RESULT: {"using":"xpath","value":"//*[@id=\"application-managesites-display-component---NewSite--ObjectPageLayout-anchBar-__section33-anchor\"]"}
COMMAND: POST /session/2eb25f1cbe9612d735ab0219d8fb520b/element/f.1920C544C16071EF810842AAA08EA988.d.F8B2605AF1B90E48D550948B89582D47.e.24012/click - {}
RESULT: {}
COMMAND: POST /session/2eb25f1cbe9612d735ab0219d8fb520b/execute/async - {"script":"<script> [1562 bytes]","args":[{"selector":{"id":"application-managesites-display-component---NewSite--siteWhmCheckBox-label","interaction":{"idSuffix":"bdi"}},"wdio_ui5_key":"applicationmanagesites-display-component---NewSite--siteWhmCheckBox-label"}]}
COMMAND: GET /session/2eb25f1cbe9612d735ab0219d8fb520b/screenshot - {}
RESULT: {"script":"<script> [1562 bytes]","args":[{"selector":{"id":"application-managesites-display-component---NewSite--siteWhmCheckBox-label","interaction":{"idSuffix":"bdi"}},"wdio_ui5_key":"applicationmanagesites-display-component---NewSite--siteWhmCheckBox-label"}]}
RESULT: undefined
COMMAND: POST /session/2eb25f1cbe9612d735ab0219d8fb520b/element - {"using":"xpath","value":"//*[@id=\"application-managesites-display-component---NewSite--siteWhmCheckBox-label\"]"}
RESULT: {}
RESULT: {"using":"xpath","value":"//*[@id=\"application-managesites-display-component---NewSite--siteWhmCheckBox-label\"]"}
COMMAND: POST /session/2eb25f1cbe9612d735ab0219d8fb520b/element/f.1920C544C16071EF810842AAA08EA988.d.F8B2605AF1B90E48D550948B89582D47.e.24021/click - {}
RESULT: {}
COMMAND: POST /session/2eb25f1cbe9612d735ab0219d8fb520b/execute/async - {"script":"<script> [1562 bytes]","args":[{"selector":{"controlType":"sap.m.Button","viewName":"etm.portal.ui.managesites.view.NewSmartSite","viewId":"application-managesites-display-component---NewSite","i18NText":{"propertyName":"text","key":"save"},"interaction":{"idSuffix":"BDI-content"}},"wdio_ui5_key":"etmportal.ui.managesites.view.NewSmartSitesap.m.Button{\"propertyName\":\"text\",\"key\":\"save\"}"}]}
COMMAND: GET /session/2eb25f1cbe9612d735ab0219d8fb520b/screenshot - {}
RESULT: {"script":"<script> [1562 bytes]","args":[{"selector":{"controlType":"sap.m.Button","viewName":"etm.portal.ui.managesites.view.NewSmartSite","viewId":"application-managesites-display-component---NewSite","i18NText":{"propertyName":"text","key":"save"},"interaction":{"idSuffix":"BDI-content"}},"wdio_ui5_key":"etmportal.ui.managesites.view.NewSmartSitesap.m.Button{\"propertyName\":\"text\",\"key\":\"save\"}"}]}
RESULT: undefined
COMMAND: POST /session/2eb25f1cbe9612d735ab0219d8fb520b/element - {"using":"xpath","value":"//*[@id=\"__button76\"]"}
RESULT: {}
RESULT: {"using":"xpath","value":"//*[@id=\"__button76\"]"}
COMMAND: POST /session/2eb25f1cbe9612d735ab0219d8fb520b/element/f.1920C544C16071EF810842AAA08EA988.d.F8B2605AF1B90E48D550948B89582D47.e.23974/click - {}
RESULT: {}
COMMAND: GET /session/2eb25f1cbe9612d735ab0219d8fb520b/screenshot - {}
RESULT: {}
COMMAND: POST /session/2eb25f1cbe9612d735ab0219d8fb520b/execute/async - {"script":"<script> [1562 bytes]","args":[{"selector":{"controlType":"sap.m.Text","viewName":"etm.portal.ui.managesites.view.Detail","viewId":"application-managesites-display-component---detailSite","bindingPath":{"propertyPath":"ID","modelName":"catalogModel"}},"wdio_ui5_key":"etmportal.ui.managesites.view.Detailsap.m.Text{\"propertyPath\":\"ID\",\"modelName\":\"catalogModel\"}"}]}
RESULT: {"script":"<script> [1562 bytes]","args":[{"selector":{"controlType":"sap.m.Text","viewName":"etm.portal.ui.managesites.view.Detail","viewId":"application-managesites-display-component---detailSite","bindingPath":{"propertyPath":"ID","modelName":"catalogModel"}},"wdio_ui5_key":"etmportal.ui.managesites.view.Detailsap.m.Text{\"propertyPath\":\"ID\",\"modelName\":\"catalogModel\"}"}]}
RESULT: undefined
COMMAND: POST /session/2eb25f1cbe9612d735ab0219d8fb520b/execute/async - {"script":"<script> [6424 bytes]","args":[{"element-6066-11e4-a52e-4f735466cecf":"f.1920C544C16071EF810842AAA08EA988.d.F8B2605AF1B90E48D550948B89582D47.e.24211"},"getText",[]]}
RESULT: {"script":"<script> [6424 bytes]","args":[{"element-6066-11e4-a52e-4f735466cecf":"f.1920C544C16071EF810842AAA08EA988.d.F8B2605AF1B90E48D550948B89582D47.e.24211"},"getText",[]]}
COMMAND: POST /session/2eb25f1cbe9612d735ab0219d8fb520b/execute/async - {"script":"<script> [1562 bytes]","args":[{"selector":{"controlType":"sap.m.Label","viewName":"etm.portal.ui.managesites.view.Detail","viewId":"application-managesites-display-component---detailSite","i18NText":{"propertyName":"text","key":"status"}},"wdio_ui5_key":"etmportal.ui.managesites.view.Detailsap.m.Label{\"propertyName\":\"text\",\"key\":\"status\"}"}]}
RESULT: {"script":"<script> [1562 bytes]","args":[{"selector":{"controlType":"sap.m.Label","viewName":"etm.portal.ui.managesites.view.Detail","viewId":"application-managesites-display-component---detailSite","i18NText":{"propertyName":"text","key":"status"}},"wdio_ui5_key":"etmportal.ui.managesites.view.Detailsap.m.Label{\"propertyName\":\"text\",\"key\":\"status\"}"}]}
RESULT: undefined
COMMAND: POST /session/2eb25f1cbe9612d735ab0219d8fb520b/execute/async - {"script":"<script> [6424 bytes]","args":[{"element-6066-11e4-a52e-4f735466cecf":"f.1920C544C16071EF810842AAA08EA988.d.F8B2605AF1B90E48D550948B89582D47.e.24199"},"getText",[]]}
RESULT: {"script":"<script> [6424 bytes]","args":[{"element-6066-11e4-a52e-4f735466cecf":"f.1920C544C16071EF810842AAA08EA988.d.F8B2605AF1B90E48D550948B89582D47.e.24199"},"getText",[]]}
RESULT: undefined
COMMAND: POST /session/2eb25f1cbe9612d735ab0219d8fb520b/element - {"using":"xpath","value":"//*[@id=\"shell-header\"]"}
RESULT: {"using":"xpath","value":"//*[@id=\"shell-header\"]"}
COMMAND: POST /session/2eb25f1cbe9612d735ab0219d8fb520b/element/f.1920C544C16071EF810842AAA08EA988.d.F8B2605AF1B90E48D550948B89582D47.e.24212/click - {}
RESULT: {}
COMMAND: POST /session/2eb25f1cbe9612d735ab0219d8fb520b/element - {"using":"css selector","value":"#shell-header-logo"}
COMMAND: GET /session/2eb25f1cbe9612d735ab0219d8fb520b/screenshot - {}
RESULT: {"using":"css selector","value":"#shell-header-logo"}
COMMAND: POST /session/2eb25f1cbe9612d735ab0219d8fb520b/element/f.1920C544C16071EF810842AAA08EA988.d.F8B2605AF1B90E48D550948B89582D47.e.23585/click - {}
RESULT: {}
RESULT: {}
]]></system-out>
    </testcase>
    <testcase classname="chrome.135_0_7049_96.windows.Return_from_Site_w/_warehouse_management_w/_clarification_US125588" name="Should create WHM Partner" time="65.218">
      <system-out><![CDATA[
COMMAND: POST /session/2eb25f1cbe9612d735ab0219d8fb520b/execute/async - {"script":"<script> [1562 bytes]","args":[{"selector":{"controlType":"sap.m.GenericTile","properties":{"header":"Manage Partners"}},"wdio_ui5_key":"sapm.GenericTile{\"header\":\"Manage Partners\"}"}]}
COMMAND: GET /session/2eb25f1cbe9612d735ab0219d8fb520b/screenshot - {}
RESULT: {"script":"<script> [1562 bytes]","args":[{"selector":{"controlType":"sap.m.GenericTile","properties":{"header":"Manage Partners"}},"wdio_ui5_key":"sapm.GenericTile{\"header\":\"Manage Partners\"}"}]}
RESULT: undefined
COMMAND: POST /session/2eb25f1cbe9612d735ab0219d8fb520b/element - {"using":"xpath","value":"//*[@id=\"__tile38\"]"}
RESULT: {}
RESULT: {"using":"xpath","value":"//*[@id=\"__tile38\"]"}
COMMAND: POST /session/2eb25f1cbe9612d735ab0219d8fb520b/element/f.1920C544C16071EF810842AAA08EA988.d.F8B2605AF1B90E48D550948B89582D47.e.24217/click - {}
RESULT: {}
COMMAND: GET /session/2eb25f1cbe9612d735ab0219d8fb520b/screenshot - {}
COMMAND: POST /session/2eb25f1cbe9612d735ab0219d8fb520b/element - {"using":"xpath","value":"//button[(@data-kt = 'addButton')]"}
RESULT: {}
RESULT: {"using":"xpath","value":"//button[(@data-kt = 'addButton')]"}
COMMAND: POST /session/2eb25f1cbe9612d735ab0219d8fb520b/elements - {"using":"xpath","value":"//button[(@data-kt = 'addButton')]"}
RESULT: {"using":"xpath","value":"//button[(@data-kt = 'addButton')]"}
COMMAND: POST /session/2eb25f1cbe9612d735ab0219d8fb520b/elements - {"using":"xpath","value":"//button[(@data-kt = 'addButton')]"}
RESULT: {"using":"xpath","value":"//button[(@data-kt = 'addButton')]"}
COMMAND: POST /session/2eb25f1cbe9612d735ab0219d8fb520b/element - {"using":"xpath","value":"//button[(@data-kt = 'addButton')]"}
RESULT: {"using":"xpath","value":"//button[(@data-kt = 'addButton')]"}
COMMAND: POST /session/2eb25f1cbe9612d735ab0219d8fb520b/element/f.1920C544C16071EF810842AAA08EA988.d.F8B2605AF1B90E48D550948B89582D47.e.24252/click - {}
RESULT: {}
COMMAND: POST /session/2eb25f1cbe9612d735ab0219d8fb520b/execute/async - {"script":"<script> [1562 bytes]","args":[{"selector":{"id":"application-managepartners-display-component---NewPartner--addressDetailDetailsName1","interaction":{"idSuffix":"inner"}},"wdio_ui5_key":"applicationmanagepartners-display-component---NewPartner--addressDetailDetailsName1"}]}
COMMAND: GET /session/2eb25f1cbe9612d735ab0219d8fb520b/screenshot - {}
RESULT: {"script":"<script> [1562 bytes]","args":[{"selector":{"id":"application-managepartners-display-component---NewPartner--addressDetailDetailsName1","interaction":{"idSuffix":"inner"}},"wdio_ui5_key":"applicationmanagepartners-display-component---NewPartner--addressDetailDetailsName1"}]}
RESULT: undefined
COMMAND: POST /session/2eb25f1cbe9612d735ab0219d8fb520b/execute/async - {"script":"<script> [776 bytes]","args":[{"enterText":"WDI5-Partners","selector":{"id":"application-managepartners-display-component---NewPartner--addressDetailDetailsName1","interaction":{"idSuffix":"inner"}},"clearTextFirst":true,"interactionType":"ENTER_TEXT"}]}
RESULT: {}
RESULT: {"script":"<script> [776 bytes]","args":[{"enterText":"WDI5-Partners","selector":{"id":"application-managepartners-display-component---NewPartner--addressDetailDetailsName1","interaction":{"idSuffix":"inner"}},"clearTextFirst":true,"interactionType":"ENTER_TEXT"}]}
COMMAND: POST /session/2eb25f1cbe9612d735ab0219d8fb520b/execute/async - {"script":"<script> [1562 bytes]","args":[{"selector":{"id":"application-managepartners-display-component---NewPartner--addressDetailDetailsLanguage-arrow"},"wdio_ui5_key":"applicationmanagepartners-display-component---NewPartner--addressDetailDetailsLanguage-arrow"}]}
RESULT: {"script":"<script> [1562 bytes]","args":[{"selector":{"id":"application-managepartners-display-component---NewPartner--addressDetailDetailsLanguage-arrow"},"wdio_ui5_key":"applicationmanagepartners-display-component---NewPartner--addressDetailDetailsLanguage-arrow"}]}
RESULT: undefined
COMMAND: POST /session/2eb25f1cbe9612d735ab0219d8fb520b/element - {"using":"xpath","value":"//*[@id=\"application-managepartners-display-component---NewPartner--addressDetailDetailsLanguage-arrow\"]"}
RESULT: {"using":"xpath","value":"//*[@id=\"application-managepartners-display-component---NewPartner--addressDetailDetailsLanguage-arrow\"]"}
COMMAND: POST /session/2eb25f1cbe9612d735ab0219d8fb520b/element/f.1920C544C16071EF810842AAA08EA988.d.F8B2605AF1B90E48D550948B89582D47.e.24588/click - {}
RESULT: {}
COMMAND: POST /session/2eb25f1cbe9612d735ab0219d8fb520b/execute/async - {"script":"<script> [1562 bytes]","args":[{"selector":{"controlType":"sap.m.StandardListItem","viewName":"etm.portal.ui.managepartners.view.NewPartner","viewId":"application-managepartners-display-component---NewPartner","properties":{"title":"English"},"searchOpenDialogs":true,"interaction":{"idSuffix":"content"}},"wdio_ui5_key":"etmportal.ui.managepartners.view.NewPartnersap.m.StandardListItem{\"title\":\"English\"}"}]}
COMMAND: GET /session/2eb25f1cbe9612d735ab0219d8fb520b/screenshot - {}
RESULT: {"script":"<script> [1562 bytes]","args":[{"selector":{"controlType":"sap.m.StandardListItem","viewName":"etm.portal.ui.managepartners.view.NewPartner","viewId":"application-managepartners-display-component---NewPartner","properties":{"title":"English"},"searchOpenDialogs":true,"interaction":{"idSuffix":"content"}},"wdio_ui5_key":"etmportal.ui.managepartners.view.NewPartnersap.m.StandardListItem{\"title\":\"English\"}"}]}
RESULT: undefined
COMMAND: POST /session/2eb25f1cbe9612d735ab0219d8fb520b/element - {"using":"xpath","value":"//*[@id=\"__item870\"]"}
RESULT: {}
RESULT: {"using":"xpath","value":"//*[@id=\"__item870\"]"}
COMMAND: POST /session/2eb25f1cbe9612d735ab0219d8fb520b/element/f.1920C544C16071EF810842AAA08EA988.d.F8B2605AF1B90E48D550948B89582D47.e.24590/click - {}
RESULT: {}
COMMAND: POST /session/2eb25f1cbe9612d735ab0219d8fb520b/execute/async - {"script":"<script> [1562 bytes]","args":[{"selector":{"id":"application-managepartners-display-component---NewPartner--addressDetailDetailsCity1","interaction":{"idSuffix":"inner"}},"wdio_ui5_key":"applicationmanagepartners-display-component---NewPartner--addressDetailDetailsCity1"}]}
COMMAND: GET /session/2eb25f1cbe9612d735ab0219d8fb520b/screenshot - {}
RESULT: {"script":"<script> [1562 bytes]","args":[{"selector":{"id":"application-managepartners-display-component---NewPartner--addressDetailDetailsCity1","interaction":{"idSuffix":"inner"}},"wdio_ui5_key":"applicationmanagepartners-display-component---NewPartner--addressDetailDetailsCity1"}]}
RESULT: undefined
COMMAND: POST /session/2eb25f1cbe9612d735ab0219d8fb520b/execute/async - {"script":"<script> [776 bytes]","args":[{"enterText":"Bangalore","selector":{"id":"application-managepartners-display-component---NewPartner--addressDetailDetailsCity1","interaction":{"idSuffix":"inner"}},"clearTextFirst":true,"interactionType":"ENTER_TEXT"}]}
RESULT: {}
RESULT: {"script":"<script> [776 bytes]","args":[{"enterText":"Bangalore","selector":{"id":"application-managepartners-display-component---NewPartner--addressDetailDetailsCity1","interaction":{"idSuffix":"inner"}},"clearTextFirst":true,"interactionType":"ENTER_TEXT"}]}
COMMAND: POST /session/2eb25f1cbe9612d735ab0219d8fb520b/execute/async - {"script":"<script> [1562 bytes]","args":[{"selector":{"id":"application-managepartners-display-component---NewPartner--addressDetailDetailsCountry-arrow"},"wdio_ui5_key":"applicationmanagepartners-display-component---NewPartner--addressDetailDetailsCountry-arrow"}]}
RESULT: {"script":"<script> [1562 bytes]","args":[{"selector":{"id":"application-managepartners-display-component---NewPartner--addressDetailDetailsCountry-arrow"},"wdio_ui5_key":"applicationmanagepartners-display-component---NewPartner--addressDetailDetailsCountry-arrow"}]}
RESULT: undefined
COMMAND: POST /session/2eb25f1cbe9612d735ab0219d8fb520b/element - {"using":"xpath","value":"//*[@id=\"application-managepartners-display-component---NewPartner--addressDetailDetailsCountry-arrow\"]"}
RESULT: {"using":"xpath","value":"//*[@id=\"application-managepartners-display-component---NewPartner--addressDetailDetailsCountry-arrow\"]"}
COMMAND: POST /session/2eb25f1cbe9612d735ab0219d8fb520b/element/f.1920C544C16071EF810842AAA08EA988.d.F8B2605AF1B90E48D550948B89582D47.e.24592/click - {}
RESULT: {}
COMMAND: POST /session/2eb25f1cbe9612d735ab0219d8fb520b/execute/async - {"script":"<script> [1562 bytes]","args":[{"selector":{"id":"application-managepartners-display-component---NewPartner--addressDetailDetailsCountry","interaction":{"idSuffix":"inner"}},"wdio_ui5_key":"applicationmanagepartners-display-component---NewPartner--addressDetailDetailsCountry"}]}
COMMAND: GET /session/2eb25f1cbe9612d735ab0219d8fb520b/screenshot - {}
RESULT: {"script":"<script> [1562 bytes]","args":[{"selector":{"id":"application-managepartners-display-component---NewPartner--addressDetailDetailsCountry","interaction":{"idSuffix":"inner"}},"wdio_ui5_key":"applicationmanagepartners-display-component---NewPartner--addressDetailDetailsCountry"}]}
RESULT: undefined
COMMAND: POST /session/2eb25f1cbe9612d735ab0219d8fb520b/execute/async - {"script":"<script> [776 bytes]","args":[{"enterText":"India","selector":{"id":"application-managepartners-display-component---NewPartner--addressDetailDetailsCountry","interaction":{"idSuffix":"inner"}},"clearTextFirst":true,"interactionType":"ENTER_TEXT"}]}
RESULT: {}
RESULT: {"script":"<script> [776 bytes]","args":[{"enterText":"India","selector":{"id":"application-managepartners-display-component---NewPartner--addressDetailDetailsCountry","interaction":{"idSuffix":"inner"}},"clearTextFirst":true,"interactionType":"ENTER_TEXT"}]}
COMMAND: POST /session/2eb25f1cbe9612d735ab0219d8fb520b/execute/async - {"script":"<script> [1562 bytes]","args":[{"selector":{"controlType":"sap.m.StandardListItem","viewName":"etm.portal.ui.managepartners.view.NewPartner","viewId":"application-managepartners-display-component---NewPartner","properties":{"title":"India"},"searchOpenDialogs":true,"interaction":{"idSuffix":"content"}},"wdio_ui5_key":"etmportal.ui.managepartners.view.NewPartnersap.m.StandardListItem{\"title\":\"India\"}"}]}
RESULT: {"script":"<script> [1562 bytes]","args":[{"selector":{"controlType":"sap.m.StandardListItem","viewName":"etm.portal.ui.managepartners.view.NewPartner","viewId":"application-managepartners-display-component---NewPartner","properties":{"title":"India"},"searchOpenDialogs":true,"interaction":{"idSuffix":"content"}},"wdio_ui5_key":"etmportal.ui.managepartners.view.NewPartnersap.m.StandardListItem{\"title\":\"India\"}"}]}
RESULT: undefined
COMMAND: POST /session/2eb25f1cbe9612d735ab0219d8fb520b/execute/async - {"script":"<script> [1562 bytes]","args":[{"selector":{"controlType":"sap.m.Button","viewName":"etm.portal.ui.managepartners.view.NewPartner","viewId":"application-managepartners-display-component---NewPartner","properties":{"text":"Commercial"},"interaction":{"idSuffix":"BDI-content"}},"wdio_ui5_key":"etmportal.ui.managepartners.view.NewPartnersap.m.Button{\"text\":\"Commercial\"}"}]}
RESULT: {"script":"<script> [1562 bytes]","args":[{"selector":{"controlType":"sap.m.Button","viewName":"etm.portal.ui.managepartners.view.NewPartner","viewId":"application-managepartners-display-component---NewPartner","properties":{"text":"Commercial"},"interaction":{"idSuffix":"BDI-content"}},"wdio_ui5_key":"etmportal.ui.managepartners.view.NewPartnersap.m.Button{\"text\":\"Commercial\"}"}]}
RESULT: undefined
COMMAND: POST /session/2eb25f1cbe9612d735ab0219d8fb520b/element - {"using":"xpath","value":"//*[@id=\"application-managepartners-display-component---NewPartner--ObjectPageLayout-anchBar-__section57-anchor\"]"}
RESULT: {"using":"xpath","value":"//*[@id=\"application-managepartners-display-component---NewPartner--ObjectPageLayout-anchBar-__section57-anchor\"]"}
COMMAND: POST /session/2eb25f1cbe9612d735ab0219d8fb520b/element/f.1920C544C16071EF810842AAA08EA988.d.F8B2605AF1B90E48D550948B89582D47.e.24597/click - {}
RESULT: {}
COMMAND: POST /session/2eb25f1cbe9612d735ab0219d8fb520b/execute/async - {"script":"<script> [1562 bytes]","args":[{"selector":{"id":"application-managepartners-display-component---NewPartner--partnerDetailInternal-arrow"},"wdio_ui5_key":"applicationmanagepartners-display-component---NewPartner--partnerDetailInternal-arrow"}]}
COMMAND: GET /session/2eb25f1cbe9612d735ab0219d8fb520b/screenshot - {}
RESULT: {"script":"<script> [1562 bytes]","args":[{"selector":{"id":"application-managepartners-display-component---NewPartner--partnerDetailInternal-arrow"},"wdio_ui5_key":"applicationmanagepartners-display-component---NewPartner--partnerDetailInternal-arrow"}]}
RESULT: undefined
COMMAND: POST /session/2eb25f1cbe9612d735ab0219d8fb520b/element - {"using":"xpath","value":"//*[@id=\"application-managepartners-display-component---NewPartner--partnerDetailInternal-arrow\"]"}
RESULT: {}
RESULT: {"using":"xpath","value":"//*[@id=\"application-managepartners-display-component---NewPartner--partnerDetailInternal-arrow\"]"}
COMMAND: POST /session/2eb25f1cbe9612d735ab0219d8fb520b/element/f.1920C544C16071EF810842AAA08EA988.d.F8B2605AF1B90E48D550948B89582D47.e.24602/click - {}
RESULT: {}
COMMAND: POST /session/2eb25f1cbe9612d735ab0219d8fb520b/execute/async - {"script":"<script> [1562 bytes]","args":[{"selector":{"controlType":"sap.m.StandardListItem","viewName":"etm.portal.ui.managepartners.view.NewPartner","viewId":"application-managepartners-display-component---NewPartner","properties":{"title":"External partner"},"searchOpenDialogs":true,"interaction":{"idSuffix":"content"}},"wdio_ui5_key":"etmportal.ui.managepartners.view.NewPartnersap.m.StandardListItem{\"title\":\"External partner\"}"}]}
COMMAND: GET /session/2eb25f1cbe9612d735ab0219d8fb520b/screenshot - {}
RESULT: {"script":"<script> [1562 bytes]","args":[{"selector":{"controlType":"sap.m.StandardListItem","viewName":"etm.portal.ui.managepartners.view.NewPartner","viewId":"application-managepartners-display-component---NewPartner","properties":{"title":"External partner"},"searchOpenDialogs":true,"interaction":{"idSuffix":"content"}},"wdio_ui5_key":"etmportal.ui.managepartners.view.NewPartnersap.m.StandardListItem{\"title\":\"External partner\"}"}]}
RESULT: undefined
COMMAND: POST /session/2eb25f1cbe9612d735ab0219d8fb520b/element - {"using":"xpath","value":"//*[@id=\"__item1004\"]"}
RESULT: {}
RESULT: {"using":"xpath","value":"//*[@id=\"__item1004\"]"}
COMMAND: POST /session/2eb25f1cbe9612d735ab0219d8fb520b/element/f.1920C544C16071EF810842AAA08EA988.d.F8B2605AF1B90E48D550948B89582D47.e.24604/click - {}
RESULT: {}
COMMAND: POST /session/2eb25f1cbe9612d735ab0219d8fb520b/execute/async - {"script":"<script> [1562 bytes]","args":[{"selector":{"id":"application-managepartners-display-component---NewPartner--partnerDetailsCurrency-arrow"},"wdio_ui5_key":"applicationmanagepartners-display-component---NewPartner--partnerDetailsCurrency-arrow"}]}
COMMAND: GET /session/2eb25f1cbe9612d735ab0219d8fb520b/screenshot - {}
RESULT: {"script":"<script> [1562 bytes]","args":[{"selector":{"id":"application-managepartners-display-component---NewPartner--partnerDetailsCurrency-arrow"},"wdio_ui5_key":"applicationmanagepartners-display-component---NewPartner--partnerDetailsCurrency-arrow"}]}
RESULT: undefined
COMMAND: POST /session/2eb25f1cbe9612d735ab0219d8fb520b/element - {"using":"xpath","value":"//*[@id=\"application-managepartners-display-component---NewPartner--partnerDetailsCurrency-arrow\"]"}
RESULT: {}
RESULT: {"using":"xpath","value":"//*[@id=\"application-managepartners-display-component---NewPartner--partnerDetailsCurrency-arrow\"]"}
COMMAND: POST /session/2eb25f1cbe9612d735ab0219d8fb520b/element/f.1920C544C16071EF810842AAA08EA988.d.F8B2605AF1B90E48D550948B89582D47.e.24609/click - {}
RESULT: {}
COMMAND: POST /session/2eb25f1cbe9612d735ab0219d8fb520b/execute/async - {"script":"<script> [1562 bytes]","args":[{"selector":{"controlType":"sap.m.StandardListItem","viewName":"etm.portal.ui.managepartners.view.NewPartner","viewId":"application-managepartners-display-component---NewPartner","properties":{"title":"Euro"},"searchOpenDialogs":true,"interaction":{"idSuffix":"content"}},"wdio_ui5_key":"etmportal.ui.managepartners.view.NewPartnersap.m.StandardListItem{\"title\":\"Euro\"}"}]}
COMMAND: GET /session/2eb25f1cbe9612d735ab0219d8fb520b/screenshot - {}
RESULT: {"script":"<script> [1562 bytes]","args":[{"selector":{"controlType":"sap.m.StandardListItem","viewName":"etm.portal.ui.managepartners.view.NewPartner","viewId":"application-managepartners-display-component---NewPartner","properties":{"title":"Euro"},"searchOpenDialogs":true,"interaction":{"idSuffix":"content"}},"wdio_ui5_key":"etmportal.ui.managepartners.view.NewPartnersap.m.StandardListItem{\"title\":\"Euro\"}"}]}
RESULT: undefined
COMMAND: POST /session/2eb25f1cbe9612d735ab0219d8fb520b/element - {"using":"xpath","value":"//*[@id=\"__item1006\"]"}
RESULT: {}
RESULT: {"using":"xpath","value":"//*[@id=\"__item1006\"]"}
COMMAND: POST /session/2eb25f1cbe9612d735ab0219d8fb520b/element/f.1920C544C16071EF810842AAA08EA988.d.F8B2605AF1B90E48D550948B89582D47.e.24611/click - {}
RESULT: {}
COMMAND: POST /session/2eb25f1cbe9612d735ab0219d8fb520b/execute/async - {"script":"<script> [1562 bytes]","args":[{"selector":{"controlType":"sap.m.Button","viewName":"etm.portal.ui.managepartners.view.NewPartner","viewId":"application-managepartners-display-component---NewPartner","properties":{"text":"Assignments"},"interaction":{"idSuffix":"BDI-content"}},"wdio_ui5_key":"etmportal.ui.managepartners.view.NewPartnersap.m.Button{\"text\":\"Assignments\"}"}]}
COMMAND: GET /session/2eb25f1cbe9612d735ab0219d8fb520b/screenshot - {}
RESULT: {"script":"<script> [1562 bytes]","args":[{"selector":{"controlType":"sap.m.Button","viewName":"etm.portal.ui.managepartners.view.NewPartner","viewId":"application-managepartners-display-component---NewPartner","properties":{"text":"Assignments"},"interaction":{"idSuffix":"BDI-content"}},"wdio_ui5_key":"etmportal.ui.managepartners.view.NewPartnersap.m.Button{\"text\":\"Assignments\"}"}]}
RESULT: undefined
COMMAND: POST /session/2eb25f1cbe9612d735ab0219d8fb520b/element - {"using":"xpath","value":"//*[@id=\"application-managepartners-display-component---NewPartner--ObjectPageLayout-anchBar-__section61-anchor\"]"}
RESULT: {}
RESULT: {"using":"xpath","value":"//*[@id=\"application-managepartners-display-component---NewPartner--ObjectPageLayout-anchBar-__section61-anchor\"]"}
COMMAND: POST /session/2eb25f1cbe9612d735ab0219d8fb520b/element/f.1920C544C16071EF810842AAA08EA988.d.F8B2605AF1B90E48D550948B89582D47.e.24613/click - {}
RESULT: {}
COMMAND: POST /session/2eb25f1cbe9612d735ab0219d8fb520b/execute/async - {"script":"<script> [1562 bytes]","args":[{"selector":{"id":"application-managepartners-display-component---NewPartner--btnAddTableRow","interaction":{"idSuffix":"inner"}},"wdio_ui5_key":"applicationmanagepartners-display-component---NewPartner--btnAddTableRow"}]}
COMMAND: GET /session/2eb25f1cbe9612d735ab0219d8fb520b/screenshot - {}
RESULT: {"script":"<script> [1562 bytes]","args":[{"selector":{"id":"application-managepartners-display-component---NewPartner--btnAddTableRow","interaction":{"idSuffix":"inner"}},"wdio_ui5_key":"applicationmanagepartners-display-component---NewPartner--btnAddTableRow"}]}
RESULT: undefined
COMMAND: POST /session/2eb25f1cbe9612d735ab0219d8fb520b/element - {"using":"xpath","value":"//*[@id=\"application-managepartners-display-component---NewPartner--btnAddTableRow\"]"}
RESULT: {}
RESULT: {"using":"xpath","value":"//*[@id=\"application-managepartners-display-component---NewPartner--btnAddTableRow\"]"}
COMMAND: POST /session/2eb25f1cbe9612d735ab0219d8fb520b/element/f.1920C544C16071EF810842AAA08EA988.d.F8B2605AF1B90E48D550948B89582D47.e.24618/click - {}
RESULT: {}
COMMAND: POST /session/2eb25f1cbe9612d735ab0219d8fb520b/element - {"using":"css selector","value":"#application-managepartners-display-component---NewPartner--assignmentYard-application-managepartners-display-component---NewPartner--assignmentsTable-0-inner"}
COMMAND: GET /session/2eb25f1cbe9612d735ab0219d8fb520b/screenshot - {}
RESULT: {"using":"css selector","value":"#application-managepartners-display-component---NewPartner--assignmentYard-application-managepartners-display-component---NewPartner--assignmentsTable-0-inner"}
COMMAND: POST /session/2eb25f1cbe9612d735ab0219d8fb520b/element/f.1920C544C16071EF810842AAA08EA988.d.F8B2605AF1B90E48D550948B89582D47.e.24620/clear - {}
RESULT: {}
RESULT: {}
COMMAND: POST /session/2eb25f1cbe9612d735ab0219d8fb520b/element/f.1920C544C16071EF810842AAA08EA988.d.F8B2605AF1B90E48D550948B89582D47.e.24620/value - {"text":"241"}
COMMAND: GET /session/2eb25f1cbe9612d735ab0219d8fb520b/screenshot - {}
RESULT: {"text":"241"}
COMMAND: POST /session/2eb25f1cbe9612d735ab0219d8fb520b/execute/async - {"script":"<script> [1562 bytes]","args":[{"selector":{"id":"application-managepartners-display-component---NewPartner--assignmentYard-application-managepartners-display-component---NewPartner--assignmentsTable-0-arrow"},"wdio_ui5_key":"applicationmanagepartners-display-component---NewPartner--assignmentYard-application-managepartners-display-component---NewPartner--assignmentsTable-0-arrow"}]}
COMMAND: GET /session/2eb25f1cbe9612d735ab0219d8fb520b/screenshot - {}
RESULT: {}
RESULT: {"script":"<script> [1562 bytes]","args":[{"selector":{"id":"application-managepartners-display-component---NewPartner--assignmentYard-application-managepartners-display-component---NewPartner--assignmentsTable-0-arrow"},"wdio_ui5_key":"applicationmanagepartners-display-component---NewPartner--assignmentYard-application-managepartners-display-component---NewPartner--assignmentsTable-0-arrow"}]}
RESULT: undefined
COMMAND: POST /session/2eb25f1cbe9612d735ab0219d8fb520b/element - {"using":"xpath","value":"//*[@id=\"application-managepartners-display-component---NewPartner--assignmentYard-application-managepartners-display-component---NewPartner--assignmentsTable-0-arrow\"]"}
RESULT: {}
RESULT: {"using":"xpath","value":"//*[@id=\"application-managepartners-display-component---NewPartner--assignmentYard-application-managepartners-display-component---NewPartner--assignmentsTable-0-arrow\"]"}
COMMAND: POST /session/2eb25f1cbe9612d735ab0219d8fb520b/element/f.1920C544C16071EF810842AAA08EA988.d.F8B2605AF1B90E48D550948B89582D47.e.24628/click - {}
RESULT: {}
COMMAND: GET /session/2eb25f1cbe9612d735ab0219d8fb520b/screenshot - {}
RESULT: {}
COMMAND: POST /session/2eb25f1cbe9612d735ab0219d8fb520b/execute/async - {"script":"<script> [1562 bytes]","args":[{"selector":{"controlType":"sap.m.Button","viewName":"etm.portal.ui.managepartners.view.NewPartner","viewId":"application-managepartners-display-component---NewPartner","i18NText":{"propertyName":"text","key":"save"},"interaction":{"idSuffix":"BDI-content"}},"wdio_ui5_key":"etmportal.ui.managepartners.view.NewPartnersap.m.Button{\"propertyName\":\"text\",\"key\":\"save\"}"}]}
RESULT: {"script":"<script> [1562 bytes]","args":[{"selector":{"controlType":"sap.m.Button","viewName":"etm.portal.ui.managepartners.view.NewPartner","viewId":"application-managepartners-display-component---NewPartner","i18NText":{"propertyName":"text","key":"save"},"interaction":{"idSuffix":"BDI-content"}},"wdio_ui5_key":"etmportal.ui.managepartners.view.NewPartnersap.m.Button{\"propertyName\":\"text\",\"key\":\"save\"}"}]}
RESULT: undefined
COMMAND: POST /session/2eb25f1cbe9612d735ab0219d8fb520b/element - {"using":"xpath","value":"//*[@id=\"__button127\"]"}
RESULT: {"using":"xpath","value":"//*[@id=\"__button127\"]"}
COMMAND: POST /session/2eb25f1cbe9612d735ab0219d8fb520b/element/f.1920C544C16071EF810842AAA08EA988.d.F8B2605AF1B90E48D550948B89582D47.e.24581/click - {}
RESULT: {}
COMMAND: GET /session/2eb25f1cbe9612d735ab0219d8fb520b/screenshot - {}
RESULT: {}
COMMAND: POST /session/2eb25f1cbe9612d735ab0219d8fb520b/execute/async - {"script":"<script> [1562 bytes]","args":[{"selector":{"controlType":"sap.m.Text","viewName":"etm.portal.ui.managepartners.view.Detail","viewId":"application-managepartners-display-component---detailPtm","bindingPath":{"propertyPath":"ID","modelName":"catalogModel"}},"wdio_ui5_key":"etmportal.ui.managepartners.view.Detailsap.m.Text{\"propertyPath\":\"ID\",\"modelName\":\"catalogModel\"}"}]}
RESULT: {"script":"<script> [1562 bytes]","args":[{"selector":{"controlType":"sap.m.Text","viewName":"etm.portal.ui.managepartners.view.Detail","viewId":"application-managepartners-display-component---detailPtm","bindingPath":{"propertyPath":"ID","modelName":"catalogModel"}},"wdio_ui5_key":"etmportal.ui.managepartners.view.Detailsap.m.Text{\"propertyPath\":\"ID\",\"modelName\":\"catalogModel\"}"}]}
RESULT: undefined
COMMAND: POST /session/2eb25f1cbe9612d735ab0219d8fb520b/execute/async - {"script":"<script> [6424 bytes]","args":[{"element-6066-11e4-a52e-4f735466cecf":"f.1920C544C16071EF810842AAA08EA988.d.F8B2605AF1B90E48D550948B89582D47.e.24787"},"getText",[]]}
RESULT: {"script":"<script> [6424 bytes]","args":[{"element-6066-11e4-a52e-4f735466cecf":"f.1920C544C16071EF810842AAA08EA988.d.F8B2605AF1B90E48D550948B89582D47.e.24787"},"getText",[]]}
COMMAND: POST /session/2eb25f1cbe9612d735ab0219d8fb520b/element - {"using":"css selector","value":"#shell-header-logo"}
RESULT: {"using":"css selector","value":"#shell-header-logo"}
COMMAND: POST /session/2eb25f1cbe9612d735ab0219d8fb520b/element/f.1920C544C16071EF810842AAA08EA988.d.F8B2605AF1B90E48D550948B89582D47.e.24219/click - {}
RESULT: {}
]]></system-out>
    </testcase>
    <testcase classname="chrome.135_0_7049_96.windows.Return_from_Site_w/_warehouse_management_w/_clarification_US125588" name="Should create a new WHM Material" time="84.404">
      <system-out><![CDATA[
COMMAND: POST /session/2eb25f1cbe9612d735ab0219d8fb520b/execute/async - {"script":"<script> [1562 bytes]","args":[{"selector":{"controlType":"sap.m.GenericTile","properties":{"header":"Manage Resources"}},"wdio_ui5_key":"sapm.GenericTile{\"header\":\"Manage Resources\"}"}]}
COMMAND: GET /session/2eb25f1cbe9612d735ab0219d8fb520b/screenshot - {}
RESULT: {"script":"<script> [1562 bytes]","args":[{"selector":{"controlType":"sap.m.GenericTile","properties":{"header":"Manage Resources"}},"wdio_ui5_key":"sapm.GenericTile{\"header\":\"Manage Resources\"}"}]}
RESULT: undefined
COMMAND: POST /session/2eb25f1cbe9612d735ab0219d8fb520b/element - {"using":"xpath","value":"//*[@id=\"__tile39\"]"}
RESULT: {}
RESULT: {"using":"xpath","value":"//*[@id=\"__tile39\"]"}
COMMAND: POST /session/2eb25f1cbe9612d735ab0219d8fb520b/element/f.1920C544C16071EF810842AAA08EA988.d.F8B2605AF1B90E48D550948B89582D47.e.24789/click - {}
RESULT: {}
COMMAND: POST /session/2eb25f1cbe9612d735ab0219d8fb520b/execute/async - {"script":"<script> [1562 bytes]","args":[{"selector":{"controlType":"sap.m.OverflowToolbarButton","viewName":"etm.portal.ui.manageresources.view.Master","viewId":"application-manageresources-display-component---masterRU","bindingPath":{"path":"","propertyPath":"/isLogbook","modelName":"minimumStockRPGModel"},"interaction":{"idSuffix":"inner"}},"wdio_ui5_key":"etmportal.ui.manageresources.view.Mastersap.m.OverflowToolbarButton{\"path\":\"\",\"propertyPath\":\"/isLogbook\",\"modelName\":\"minimumStockRPGModel\"}"}]}
COMMAND: GET /session/2eb25f1cbe9612d735ab0219d8fb520b/screenshot - {}
RESULT: {"script":"<script> [1562 bytes]","args":[{"selector":{"controlType":"sap.m.OverflowToolbarButton","viewName":"etm.portal.ui.manageresources.view.Master","viewId":"application-manageresources-display-component---masterRU","bindingPath":{"path":"","propertyPath":"/isLogbook","modelName":"minimumStockRPGModel"},"interaction":{"idSuffix":"inner"}},"wdio_ui5_key":"etmportal.ui.manageresources.view.Mastersap.m.OverflowToolbarButton{\"path\":\"\",\"propertyPath\":\"/isLogbook\",\"modelName\":\"minimumStockRPGModel\"}"}]}
RESULT: undefined
COMMAND: POST /session/2eb25f1cbe9612d735ab0219d8fb520b/element - {"using":"xpath","value":"//*[@id=\"__button168\"]"}
RESULT: {}
RESULT: {"using":"xpath","value":"//*[@id=\"__button168\"]"}
COMMAND: POST /session/2eb25f1cbe9612d735ab0219d8fb520b/element/f.1920C544C16071EF810842AAA08EA988.d.F8B2605AF1B90E48D550948B89582D47.e.24830/click - {}
RESULT: {}
COMMAND: GET /session/2eb25f1cbe9612d735ab0219d8fb520b/screenshot - {}
COMMAND: POST /session/2eb25f1cbe9612d735ab0219d8fb520b/execute/async - {"script":"<script> [1562 bytes]","args":[{"selector":{"id":"application-manageresources-display-component---newResourceUnit--TYPE-arrow"},"wdio_ui5_key":"applicationmanageresources-display-component---newResourceUnit--TYPE-arrow"}]}
RESULT: {}
RESULT: {"script":"<script> [1562 bytes]","args":[{"selector":{"id":"application-manageresources-display-component---newResourceUnit--TYPE-arrow"},"wdio_ui5_key":"applicationmanageresources-display-component---newResourceUnit--TYPE-arrow"}]}
RESULT: undefined
COMMAND: POST /session/2eb25f1cbe9612d735ab0219d8fb520b/element - {"using":"xpath","value":"//*[@id=\"application-manageresources-display-component---newResourceUnit--TYPE-arrow\"]"}
RESULT: {"using":"xpath","value":"//*[@id=\"application-manageresources-display-component---newResourceUnit--TYPE-arrow\"]"}
COMMAND: POST /session/2eb25f1cbe9612d735ab0219d8fb520b/element/f.1920C544C16071EF810842AAA08EA988.d.F8B2605AF1B90E48D550948B89582D47.e.25150/click - {}
RESULT: {}
COMMAND: POST /session/2eb25f1cbe9612d735ab0219d8fb520b/execute/async - {"script":"<script> [1562 bytes]","args":[{"selector":{"controlType":"sap.m.StandardListItem","viewName":"reusables.view.manageresources.NewResourceUnit","viewId":"application-manageresources-display-component---newResourceUnit","properties":{"title":"Material"},"searchOpenDialogs":true,"interaction":{"idSuffix":"content"}},"wdio_ui5_key":"reusablesview.manageresources.NewResourceUnitsap.m.StandardListItem{\"title\":\"Material\"}"}]}
COMMAND: GET /session/2eb25f1cbe9612d735ab0219d8fb520b/screenshot - {}
RESULT: {"script":"<script> [1562 bytes]","args":[{"selector":{"controlType":"sap.m.StandardListItem","viewName":"reusables.view.manageresources.NewResourceUnit","viewId":"application-manageresources-display-component---newResourceUnit","properties":{"title":"Material"},"searchOpenDialogs":true,"interaction":{"idSuffix":"content"}},"wdio_ui5_key":"reusablesview.manageresources.NewResourceUnitsap.m.StandardListItem{\"title\":\"Material\"}"}]}
RESULT: undefined
COMMAND: POST /session/2eb25f1cbe9612d735ab0219d8fb520b/element - {"using":"xpath","value":"//*[@id=\"__item1279\"]"}
RESULT: {}
RESULT: {"using":"xpath","value":"//*[@id=\"__item1279\"]"}
COMMAND: POST /session/2eb25f1cbe9612d735ab0219d8fb520b/element/f.1920C544C16071EF810842AAA08EA988.d.F8B2605AF1B90E48D550948B89582D47.e.25153/click - {}
RESULT: {}
COMMAND: POST /session/2eb25f1cbe9612d735ab0219d8fb520b/execute/async - {"script":"<script> [1562 bytes]","args":[{"selector":{"id":"application-manageresources-display-component---newResourceUnit--resourceId","interaction":{"idSuffix":"inner"}},"wdio_ui5_key":"applicationmanageresources-display-component---newResourceUnit--resourceId"}]}
COMMAND: GET /session/2eb25f1cbe9612d735ab0219d8fb520b/screenshot - {}
RESULT: {"script":"<script> [1562 bytes]","args":[{"selector":{"id":"application-manageresources-display-component---newResourceUnit--resourceId","interaction":{"idSuffix":"inner"}},"wdio_ui5_key":"applicationmanageresources-display-component---newResourceUnit--resourceId"}]}
RESULT: undefined
COMMAND: POST /session/2eb25f1cbe9612d735ab0219d8fb520b/execute/async - {"script":"<script> [1562 bytes]","args":[{"selector":{"id":"application-manageresources-display-component---newResourceUnit--SHORT_TEXT","interaction":{"idSuffix":"inner"}},"wdio_ui5_key":"applicationmanageresources-display-component---newResourceUnit--SHORT_TEXT"}]}
RESULT: {}
RESULT: {"script":"<script> [1562 bytes]","args":[{"selector":{"id":"application-manageresources-display-component---newResourceUnit--SHORT_TEXT","interaction":{"idSuffix":"inner"}},"wdio_ui5_key":"applicationmanageresources-display-component---newResourceUnit--SHORT_TEXT"}]}
RESULT: undefined
COMMAND: POST /session/2eb25f1cbe9612d735ab0219d8fb520b/execute/async - {"script":"<script> [776 bytes]","args":[{"enterText":"material WHM","selector":{"id":"application-manageresources-display-component---newResourceUnit--SHORT_TEXT","interaction":{"idSuffix":"inner"}},"clearTextFirst":true,"interactionType":"ENTER_TEXT"}]}
RESULT: {"script":"<script> [776 bytes]","args":[{"enterText":"material WHM","selector":{"id":"application-manageresources-display-component---newResourceUnit--SHORT_TEXT","interaction":{"idSuffix":"inner"}},"clearTextFirst":true,"interactionType":"ENTER_TEXT"}]}
COMMAND: POST /session/2eb25f1cbe9612d735ab0219d8fb520b/execute/async - {"script":"<script> [1562 bytes]","args":[{"selector":{"id":"application-manageresources-display-component---newResourceUnit--BASE_UNIT_OF_MEASURE","interaction":{"idSuffix":"inner"}},"wdio_ui5_key":"applicationmanageresources-display-component---newResourceUnit--BASE_UNIT_OF_MEASURE"}]}
RESULT: {"script":"<script> [1562 bytes]","args":[{"selector":{"id":"application-manageresources-display-component---newResourceUnit--BASE_UNIT_OF_MEASURE","interaction":{"idSuffix":"inner"}},"wdio_ui5_key":"applicationmanageresources-display-component---newResourceUnit--BASE_UNIT_OF_MEASURE"}]}
RESULT: undefined
COMMAND: POST /session/2eb25f1cbe9612d735ab0219d8fb520b/execute/async - {"script":"<script> [776 bytes]","args":[{"enterText":"Piece","selector":{"id":"application-manageresources-display-component---newResourceUnit--BASE_UNIT_OF_MEASURE","interaction":{"idSuffix":"inner"}},"clearTextFirst":true,"interactionType":"ENTER_TEXT"}]}
RESULT: {"script":"<script> [776 bytes]","args":[{"enterText":"Piece","selector":{"id":"application-manageresources-display-component---newResourceUnit--BASE_UNIT_OF_MEASURE","interaction":{"idSuffix":"inner"}},"clearTextFirst":true,"interactionType":"ENTER_TEXT"}]}
COMMAND: POST /session/2eb25f1cbe9612d735ab0219d8fb520b/execute/async - {"script":"<script> [1562 bytes]","args":[{"selector":{"id":"application-manageresources-display-component---newResourceUnit--WEIGHT_UNIT","interaction":{"idSuffix":"inner"}},"wdio_ui5_key":"applicationmanageresources-display-component---newResourceUnit--WEIGHT_UNIT"}]}
RESULT: {"script":"<script> [1562 bytes]","args":[{"selector":{"id":"application-manageresources-display-component---newResourceUnit--WEIGHT_UNIT","interaction":{"idSuffix":"inner"}},"wdio_ui5_key":"applicationmanageresources-display-component---newResourceUnit--WEIGHT_UNIT"}]}
RESULT: undefined
COMMAND: POST /session/2eb25f1cbe9612d735ab0219d8fb520b/execute/async - {"script":"<script> [776 bytes]","args":[{"enterText":"Gram","selector":{"id":"application-manageresources-display-component---newResourceUnit--WEIGHT_UNIT","interaction":{"idSuffix":"inner"}},"clearTextFirst":true,"interactionType":"ENTER_TEXT"}]}
RESULT: {"script":"<script> [776 bytes]","args":[{"enterText":"Gram","selector":{"id":"application-manageresources-display-component---newResourceUnit--WEIGHT_UNIT","interaction":{"idSuffix":"inner"}},"clearTextFirst":true,"interactionType":"ENTER_TEXT"}]}
COMMAND: POST /session/2eb25f1cbe9612d735ab0219d8fb520b/execute/async - {"script":"<script> [1562 bytes]","args":[{"selector":{"id":"application-manageresources-display-component---newResourceUnit--DIMENSION_UNIT","interaction":{"idSuffix":"inner"}},"wdio_ui5_key":"applicationmanageresources-display-component---newResourceUnit--DIMENSION_UNIT"}]}
RESULT: {"script":"<script> [1562 bytes]","args":[{"selector":{"id":"application-manageresources-display-component---newResourceUnit--DIMENSION_UNIT","interaction":{"idSuffix":"inner"}},"wdio_ui5_key":"applicationmanageresources-display-component---newResourceUnit--DIMENSION_UNIT"}]}
RESULT: undefined
COMMAND: POST /session/2eb25f1cbe9612d735ab0219d8fb520b/execute/async - {"script":"<script> [776 bytes]","args":[{"enterText":"Meter","selector":{"id":"application-manageresources-display-component---newResourceUnit--DIMENSION_UNIT","interaction":{"idSuffix":"inner"}},"clearTextFirst":true,"interactionType":"ENTER_TEXT"}]}
RESULT: {"script":"<script> [776 bytes]","args":[{"enterText":"Meter","selector":{"id":"application-manageresources-display-component---newResourceUnit--DIMENSION_UNIT","interaction":{"idSuffix":"inner"}},"clearTextFirst":true,"interactionType":"ENTER_TEXT"}]}
COMMAND: POST /session/2eb25f1cbe9612d735ab0219d8fb520b/execute/async - {"script":"<script> [1562 bytes]","args":[{"selector":{"id":"application-manageresources-display-component---newResourceUnit--newRRUPage-anchBar-application-manageresources-display-component---newResourceUnit--control-anchor","interaction":{"idSuffix":"content"}},"wdio_ui5_key":"applicationmanageresources-display-component---newResourceUnit--newRRUPage-anchBar-application-manageresources-display-component---newResourceUnit--control-anchor"}]}
RESULT: {"script":"<script> [1562 bytes]","args":[{"selector":{"id":"application-manageresources-display-component---newResourceUnit--newRRUPage-anchBar-application-manageresources-display-component---newResourceUnit--control-anchor","interaction":{"idSuffix":"content"}},"wdio_ui5_key":"applicationmanageresources-display-component---newResourceUnit--newRRUPage-anchBar-application-manageresources-display-component---newResourceUnit--control-anchor"}]}
RESULT: undefined
COMMAND: POST /session/2eb25f1cbe9612d735ab0219d8fb520b/element - {"using":"xpath","value":"//*[@id=\"application-manageresources-display-component---newResourceUnit--newRRUPage-anchBar-application-manageresources-display-component---newResourceUnit--control-anchor\"]"}
RESULT: {"using":"xpath","value":"//*[@id=\"application-manageresources-display-component---newResourceUnit--newRRUPage-anchBar-application-manageresources-display-component---newResourceUnit--control-anchor\"]"}
COMMAND: POST /session/2eb25f1cbe9612d735ab0219d8fb520b/element/f.1920C544C16071EF810842AAA08EA988.d.F8B2605AF1B90E48D550948B89582D47.e.25217/click - {}
RESULT: {}
COMMAND: POST /session/2eb25f1cbe9612d735ab0219d8fb520b/execute/async - {"script":"<script> [1562 bytes]","args":[{"selector":{"id":"application-manageresources-display-component---newResourceUnit--PLANNING_GROUP","interaction":{"idSuffix":"inner"}},"wdio_ui5_key":"applicationmanageresources-display-component---newResourceUnit--PLANNING_GROUP"}]}
COMMAND: GET /session/2eb25f1cbe9612d735ab0219d8fb520b/screenshot - {}
RESULT: {"script":"<script> [1562 bytes]","args":[{"selector":{"id":"application-manageresources-display-component---newResourceUnit--PLANNING_GROUP","interaction":{"idSuffix":"inner"}},"wdio_ui5_key":"applicationmanageresources-display-component---newResourceUnit--PLANNING_GROUP"}]}
RESULT: undefined
COMMAND: POST /session/2eb25f1cbe9612d735ab0219d8fb520b/execute/async - {"script":"<script> [776 bytes]","args":[{"enterText":"Heavy Equi","selector":{"id":"application-manageresources-display-component---newResourceUnit--PLANNING_GROUP","interaction":{"idSuffix":"inner"}},"clearTextFirst":true,"interactionType":"ENTER_TEXT"}]}
RESULT: {}
RESULT: {"script":"<script> [776 bytes]","args":[{"enterText":"Heavy Equi","selector":{"id":"application-manageresources-display-component---newResourceUnit--PLANNING_GROUP","interaction":{"idSuffix":"inner"}},"clearTextFirst":true,"interactionType":"ENTER_TEXT"}]}
COMMAND: POST /session/2eb25f1cbe9612d735ab0219d8fb520b/execute/async - {"script":"<script> [1562 bytes]","args":[{"selector":{"id":"application-manageresources-display-component---newResourceUnit--PLANNING_INDICATOR","interaction":{"idSuffix":"inner"}},"wdio_ui5_key":"applicationmanageresources-display-component---newResourceUnit--PLANNING_INDICATOR"}]}
RESULT: {"script":"<script> [1562 bytes]","args":[{"selector":{"id":"application-manageresources-display-component---newResourceUnit--PLANNING_INDICATOR","interaction":{"idSuffix":"inner"}},"wdio_ui5_key":"applicationmanageresources-display-component---newResourceUnit--PLANNING_INDICATOR"}]}
RESULT: undefined
COMMAND: POST /session/2eb25f1cbe9612d735ab0219d8fb520b/execute/async - {"script":"<script> [776 bytes]","args":[{"enterText":"10 - infinite","selector":{"id":"application-manageresources-display-component---newResourceUnit--PLANNING_INDICATOR","interaction":{"idSuffix":"inner"}},"clearTextFirst":true,"interactionType":"ENTER_TEXT"}]}
RESULT: {"script":"<script> [776 bytes]","args":[{"enterText":"10 - infinite","selector":{"id":"application-manageresources-display-component---newResourceUnit--PLANNING_INDICATOR","interaction":{"idSuffix":"inner"}},"clearTextFirst":true,"interactionType":"ENTER_TEXT"}]}
COMMAND: POST /session/2eb25f1cbe9612d735ab0219d8fb520b/actions - {"actions":[{"id":"action107","type":"key","parameters":{},"actions":[{"type":"keyDown","value":"î€‡"},{"type":"pause","duration":10},{"type":"keyUp","value":"î€‡"}]}]}
RESULT: {"actions":[{"id":"action107","type":"key","parameters":{},"actions":[{"type":"keyDown","value":"î€‡"},{"type":"pause","duration":10},{"type":"keyUp","value":"î€‡"}]}]}
COMMAND: POST /session/2eb25f1cbe9612d735ab0219d8fb520b/execute/async - {"script":"<script> [1562 bytes]","args":[{"selector":{"id":"application-manageresources-display-component---newResourceUnit--ITEM_TYPE-arrow"},"wdio_ui5_key":"applicationmanageresources-display-component---newResourceUnit--ITEM_TYPE-arrow"}]}
COMMAND: GET /session/2eb25f1cbe9612d735ab0219d8fb520b/screenshot - {}
RESULT: {"script":"<script> [1562 bytes]","args":[{"selector":{"id":"application-manageresources-display-component---newResourceUnit--ITEM_TYPE-arrow"},"wdio_ui5_key":"applicationmanageresources-display-component---newResourceUnit--ITEM_TYPE-arrow"}]}
RESULT: undefined
COMMAND: POST /session/2eb25f1cbe9612d735ab0219d8fb520b/element - {"using":"xpath","value":"//*[@id=\"application-manageresources-display-component---newResourceUnit--ITEM_TYPE-arrow\"]"}
RESULT: {}
RESULT: {"using":"xpath","value":"//*[@id=\"application-manageresources-display-component---newResourceUnit--ITEM_TYPE-arrow\"]"}
COMMAND: POST /session/2eb25f1cbe9612d735ab0219d8fb520b/element/f.1920C544C16071EF810842AAA08EA988.d.F8B2605AF1B90E48D550948B89582D47.e.25227/click - {}
RESULT: {}
COMMAND: POST /session/2eb25f1cbe9612d735ab0219d8fb520b/execute/async - {"script":"<script> [1562 bytes]","args":[{"selector":{"controlType":"sap.m.StandardListItem","viewName":"reusables.view.manageresources.NewResourceUnit","viewId":"application-manageresources-display-component---newResourceUnit","properties":{"title":"Resource Unit"},"searchOpenDialogs":true,"interaction":{"idSuffix":"titleText"}},"wdio_ui5_key":"reusablesview.manageresources.NewResourceUnitsap.m.StandardListItem{\"title\":\"Resource Unit\"}"}]}
COMMAND: GET /session/2eb25f1cbe9612d735ab0219d8fb520b/screenshot - {}
RESULT: {"script":"<script> [1562 bytes]","args":[{"selector":{"controlType":"sap.m.StandardListItem","viewName":"reusables.view.manageresources.NewResourceUnit","viewId":"application-manageresources-display-component---newResourceUnit","properties":{"title":"Resource Unit"},"searchOpenDialogs":true,"interaction":{"idSuffix":"titleText"}},"wdio_ui5_key":"reusablesview.manageresources.NewResourceUnitsap.m.StandardListItem{\"title\":\"Resource Unit\"}"}]}
RESULT: undefined
RESULT: {}
COMMAND: POST /session/2eb25f1cbe9612d735ab0219d8fb520b/execute/async - {"script":"<script> [1562 bytes]","args":[{"selector":{"controlType":"sap.m.Label","viewName":"reusables.view.manageresources.NewResourceUnit","viewId":"application-manageresources-display-component---newResourceUnit","i18NText":{"propertyName":"text","key":"planningGroup"},"interaction":{"idSuffix":"bdi"}},"wdio_ui5_key":"reusablesview.manageresources.NewResourceUnitsap.m.Label{\"propertyName\":\"text\",\"key\":\"planningGroup\"}"}]}
RESULT: {"script":"<script> [1562 bytes]","args":[{"selector":{"controlType":"sap.m.Label","viewName":"reusables.view.manageresources.NewResourceUnit","viewId":"application-manageresources-display-component---newResourceUnit","i18NText":{"propertyName":"text","key":"planningGroup"},"interaction":{"idSuffix":"bdi"}},"wdio_ui5_key":"reusablesview.manageresources.NewResourceUnitsap.m.Label{\"propertyName\":\"text\",\"key\":\"planningGroup\"}"}]}
RESULT: undefined
COMMAND: POST /session/2eb25f1cbe9612d735ab0219d8fb520b/element - {"using":"xpath","value":"//*[@id=\"__label263\"]"}
RESULT: {"using":"xpath","value":"//*[@id=\"__label263\"]"}
COMMAND: POST /session/2eb25f1cbe9612d735ab0219d8fb520b/element/f.1920C544C16071EF810842AAA08EA988.d.F8B2605AF1B90E48D550948B89582D47.e.25229/click - {}
RESULT: {}
COMMAND: GET /session/2eb25f1cbe9612d735ab0219d8fb520b/screenshot - {}
RESULT: {}
COMMAND: POST /session/2eb25f1cbe9612d735ab0219d8fb520b/actions - {"actions":[{"type":"key","id":"keyboard","actions":[{"type":"keyDown","value":"î›"}]}]}
RESULT: {"actions":[{"type":"key","id":"keyboard","actions":[{"type":"keyDown","value":"î›"}]}]}
COMMAND: GET /session/2eb25f1cbe9612d735ab0219d8fb520b/screenshot - {}
RESULT: {}
COMMAND: POST /session/2eb25f1cbe9612d735ab0219d8fb520b/actions - {"actions":[{"type":"key","id":"keyboard","actions":[{"type":"keyDown","value":"î›"}]}]}
RESULT: {"actions":[{"type":"key","id":"keyboard","actions":[{"type":"keyDown","value":"î›"}]}]}
COMMAND: GET /session/2eb25f1cbe9612d735ab0219d8fb520b/screenshot - {}
RESULT: {}
COMMAND: POST /session/2eb25f1cbe9612d735ab0219d8fb520b/actions - {"actions":[{"type":"key","id":"keyboard","actions":[{"type":"keyDown","value":"î›"}]}]}
RESULT: {"actions":[{"type":"key","id":"keyboard","actions":[{"type":"keyDown","value":"î›"}]}]}
COMMAND: GET /session/2eb25f1cbe9612d735ab0219d8fb520b/screenshot - {}
RESULT: {}
COMMAND: POST /session/2eb25f1cbe9612d735ab0219d8fb520b/actions - {"actions":[{"type":"key","id":"keyboard","actions":[{"type":"keyDown","value":"î›"}]}]}
RESULT: {"actions":[{"type":"key","id":"keyboard","actions":[{"type":"keyDown","value":"î›"}]}]}
COMMAND: GET /session/2eb25f1cbe9612d735ab0219d8fb520b/screenshot - {}
RESULT: {}
COMMAND: POST /session/2eb25f1cbe9612d735ab0219d8fb520b/actions - {"actions":[{"type":"key","id":"keyboard","actions":[{"type":"keyDown","value":"î›"}]}]}
RESULT: {"actions":[{"type":"key","id":"keyboard","actions":[{"type":"keyDown","value":"î›"}]}]}
COMMAND: GET /session/2eb25f1cbe9612d735ab0219d8fb520b/screenshot - {}
RESULT: {}
COMMAND: POST /session/2eb25f1cbe9612d735ab0219d8fb520b/actions - {"actions":[{"type":"key","id":"keyboard","actions":[{"type":"keyDown","value":"î›"}]}]}
RESULT: {"actions":[{"type":"key","id":"keyboard","actions":[{"type":"keyDown","value":"î›"}]}]}
COMMAND: GET /session/2eb25f1cbe9612d735ab0219d8fb520b/screenshot - {}
RESULT: {}
COMMAND: POST /session/2eb25f1cbe9612d735ab0219d8fb520b/execute/async - {"script":"<script> [1562 bytes]","args":[{"selector":{"id":"application-manageresources-display-component---newResourceUnit--btnAddTimeSegment-img"},"wdio_ui5_key":"applicationmanageresources-display-component---newResourceUnit--btnAddTimeSegment-img"}]}
RESULT: {"script":"<script> [1562 bytes]","args":[{"selector":{"id":"application-manageresources-display-component---newResourceUnit--btnAddTimeSegment-img"},"wdio_ui5_key":"applicationmanageresources-display-component---newResourceUnit--btnAddTimeSegment-img"}]}
RESULT: undefined
COMMAND: POST /session/2eb25f1cbe9612d735ab0219d8fb520b/element - {"using":"xpath","value":"//*[@id=\"application-manageresources-display-component---newResourceUnit--btnAddTimeSegment-img\"]"}
RESULT: {"using":"xpath","value":"//*[@id=\"application-manageresources-display-component---newResourceUnit--btnAddTimeSegment-img\"]"}
COMMAND: POST /session/2eb25f1cbe9612d735ab0219d8fb520b/element/f.1920C544C16071EF810842AAA08EA988.d.F8B2605AF1B90E48D550948B89582D47.e.25230/click - {}
RESULT: {}
COMMAND: POST /session/2eb25f1cbe9612d735ab0219d8fb520b/element - {"using":"xpath","value":"//input[@id=\"application-manageresources-display-component---newResourceUnit--idRuTSAdmin-application-manageresources-display-component---newResourceUnit--RUTimeSegment-0-inner\"]"}
COMMAND: GET /session/2eb25f1cbe9612d735ab0219d8fb520b/screenshot - {}
RESULT: {"using":"xpath","value":"//input[@id=\"application-manageresources-display-component---newResourceUnit--idRuTSAdmin-application-manageresources-display-component---newResourceUnit--RUTimeSegment-0-inner\"]"}
COMMAND: POST /session/2eb25f1cbe9612d735ab0219d8fb520b/element/f.1920C544C16071EF810842AAA08EA988.d.F8B2605AF1B90E48D550948B89582D47.e.25233/clear - {}
RESULT: {}
RESULT: {}
COMMAND: POST /session/2eb25f1cbe9612d735ab0219d8fb520b/element/f.1920C544C16071EF810842AAA08EA988.d.F8B2605AF1B90E48D550948B89582D47.e.25233/value - {"text":"241"}
COMMAND: GET /session/2eb25f1cbe9612d735ab0219d8fb520b/screenshot - {}
RESULT: {"text":"241"}
COMMAND: GET /session/2eb25f1cbe9612d735ab0219d8fb520b/screenshot - {}
RESULT: {}
RESULT: {}
COMMAND: POST /session/2eb25f1cbe9612d735ab0219d8fb520b/actions - {"actions":[{"id":"action108","type":"key","parameters":{},"actions":[{"type":"keyDown","value":"î€‡"},{"type":"pause","duration":10},{"type":"keyUp","value":"î€‡"}]}]}
RESULT: {"actions":[{"id":"action108","type":"key","parameters":{},"actions":[{"type":"keyDown","value":"î€‡"},{"type":"pause","duration":10},{"type":"keyUp","value":"î€‡"}]}]}
COMMAND: GET /session/2eb25f1cbe9612d735ab0219d8fb520b/screenshot - {}
RESULT: {}
COMMAND: POST /session/2eb25f1cbe9612d735ab0219d8fb520b/execute/async - {"script":"<script> [1562 bytes]","args":[{"selector":{"controlType":"sap.m.Button","viewName":"reusables.view.manageresources.NewResourceUnit","viewId":"application-manageresources-display-component---newResourceUnit","i18NText":{"propertyName":"tooltip","key":"save"},"interaction":{"idSuffix":"BDI-content"}},"wdio_ui5_key":"reusablesview.manageresources.NewResourceUnitsap.m.Button{\"propertyName\":\"tooltip\",\"key\":\"save\"}"}]}
RESULT: {"script":"<script> [1562 bytes]","args":[{"selector":{"controlType":"sap.m.Button","viewName":"reusables.view.manageresources.NewResourceUnit","viewId":"application-manageresources-display-component---newResourceUnit","i18NText":{"propertyName":"tooltip","key":"save"},"interaction":{"idSuffix":"BDI-content"}},"wdio_ui5_key":"reusablesview.manageresources.NewResourceUnitsap.m.Button{\"propertyName\":\"tooltip\",\"key\":\"save\"}"}]}
RESULT: undefined
COMMAND: POST /session/2eb25f1cbe9612d735ab0219d8fb520b/element - {"using":"xpath","value":"//*[@id=\"application-manageresources-display-component---newResourceUnit--createRuButton\"]"}
RESULT: {"using":"xpath","value":"//*[@id=\"application-manageresources-display-component---newResourceUnit--createRuButton\"]"}
COMMAND: POST /session/2eb25f1cbe9612d735ab0219d8fb520b/element/f.1920C544C16071EF810842AAA08EA988.d.F8B2605AF1B90E48D550948B89582D47.e.25166/click - {}
RESULT: {}
COMMAND: POST /session/2eb25f1cbe9612d735ab0219d8fb520b/execute/async - {"script":"<script> [1562 bytes]","args":[{"selector":{"controlType":"sap.m.Button","properties":{"text":"Close"},"searchOpenDialogs":true,"interaction":{"idSuffix":"BDI-content"}},"wdio_ui5_key":"sapm.Button{\"text\":\"Close\"}"}]}
COMMAND: GET /session/2eb25f1cbe9612d735ab0219d8fb520b/screenshot - {}
RESULT: {"script":"<script> [1562 bytes]","args":[{"selector":{"controlType":"sap.m.Button","properties":{"text":"Close"},"searchOpenDialogs":true,"interaction":{"idSuffix":"BDI-content"}},"wdio_ui5_key":"sapm.Button{\"text\":\"Close\"}"}]}
RESULT: undefined
COMMAND: POST /session/2eb25f1cbe9612d735ab0219d8fb520b/element - {"using":"xpath","value":"//*[@id=\"__mbox-btn-0\"]"}
RESULT: {}
RESULT: {"using":"xpath","value":"//*[@id=\"__mbox-btn-0\"]"}
COMMAND: POST /session/2eb25f1cbe9612d735ab0219d8fb520b/element/f.1920C544C16071EF810842AAA08EA988.d.F8B2605AF1B90E48D550948B89582D47.e.25246/click - {}
RESULT: {}
COMMAND: GET /session/2eb25f1cbe9612d735ab0219d8fb520b/screenshot - {}
RESULT: {}
COMMAND: POST /session/2eb25f1cbe9612d735ab0219d8fb520b/execute/async - {"script":"<script> [1562 bytes]","args":[{"selector":{"controlType":"sap.m.Text","viewName":"etm.portal.ui.manageresources.view.Detail","viewId":"application-manageresources-display-component---detailRU","bindingPath":{"propertyPath":"ID","modelName":"catalogModel"}},"wdio_ui5_key":"etmportal.ui.manageresources.view.Detailsap.m.Text{\"propertyPath\":\"ID\",\"modelName\":\"catalogModel\"}"}]}
RESULT: {"script":"<script> [1562 bytes]","args":[{"selector":{"controlType":"sap.m.Text","viewName":"etm.portal.ui.manageresources.view.Detail","viewId":"application-manageresources-display-component---detailRU","bindingPath":{"propertyPath":"ID","modelName":"catalogModel"}},"wdio_ui5_key":"etmportal.ui.manageresources.view.Detailsap.m.Text{\"propertyPath\":\"ID\",\"modelName\":\"catalogModel\"}"}]}
RESULT: undefined
COMMAND: POST /session/2eb25f1cbe9612d735ab0219d8fb520b/execute/async - {"script":"<script> [6424 bytes]","args":[{"element-6066-11e4-a52e-4f735466cecf":"f.1920C544C16071EF810842AAA08EA988.d.F8B2605AF1B90E48D550948B89582D47.e.25282"},"getText",[]]}
RESULT: {"script":"<script> [6424 bytes]","args":[{"element-6066-11e4-a52e-4f735466cecf":"f.1920C544C16071EF810842AAA08EA988.d.F8B2605AF1B90E48D550948B89582D47.e.25282"},"getText",[]]}
COMMAND: POST /session/2eb25f1cbe9612d735ab0219d8fb520b/element - {"using":"css selector","value":"#shell-header-logo"}
RESULT: {"using":"css selector","value":"#shell-header-logo"}
COMMAND: POST /session/2eb25f1cbe9612d735ab0219d8fb520b/element/f.1920C544C16071EF810842AAA08EA988.d.F8B2605AF1B90E48D550948B89582D47.e.24791/click - {}
RESULT: {}
COMMAND: GET /session/2eb25f1cbe9612d735ab0219d8fb520b/screenshot - {}
RESULT: {}
]]></system-out>
    </testcase>
    <testcase classname="chrome.135_0_7049_96.windows.Return_from_Site_w/_warehouse_management_w/_clarification_US125588" name="Bin Status Report Should Create New Organization yard" time="49.985">
      <system-out><![CDATA[
COMMAND: POST /session/2eb25f1cbe9612d735ab0219d8fb520b/execute/async - {"script":"<script> [1562 bytes]","args":[{"selector":{"controlType":"sap.m.GenericTile","properties":{"header":"Bin Status Report"}},"wdio_ui5_key":"sapm.GenericTile{\"header\":\"Bin Status Report\"}"}]}
RESULT: {"script":"<script> [1562 bytes]","args":[{"selector":{"controlType":"sap.m.GenericTile","properties":{"header":"Bin Status Report"}},"wdio_ui5_key":"sapm.GenericTile{\"header\":\"Bin Status Report\"}"}]}
RESULT: undefined
COMMAND: POST /session/2eb25f1cbe9612d735ab0219d8fb520b/element - {"using":"xpath","value":"//*[@id=\"__tile104\"]"}
RESULT: {"using":"xpath","value":"//*[@id=\"__tile104\"]"}
COMMAND: POST /session/2eb25f1cbe9612d735ab0219d8fb520b/element/f.1920C544C16071EF810842AAA08EA988.d.F8B2605AF1B90E48D550948B89582D47.e.25286/click - {}
RESULT: {}
COMMAND: GET /session/2eb25f1cbe9612d735ab0219d8fb520b/screenshot - {}
RESULT: {}
COMMAND: POST /session/2eb25f1cbe9612d735ab0219d8fb520b/execute/async - {"script":"<script> [1562 bytes]","args":[{"selector":{"id":"application-binstatusreport-display-component---warehousing--createOrgBtn","interaction":{"idSuffix":"content"}},"wdio_ui5_key":"applicationbinstatusreport-display-component---warehousing--createOrgBtn"}]}
RESULT: {"script":"<script> [1562 bytes]","args":[{"selector":{"id":"application-binstatusreport-display-component---warehousing--createOrgBtn","interaction":{"idSuffix":"content"}},"wdio_ui5_key":"applicationbinstatusreport-display-component---warehousing--createOrgBtn"}]}
RESULT: undefined
COMMAND: POST /session/2eb25f1cbe9612d735ab0219d8fb520b/element - {"using":"xpath","value":"//*[@id=\"application-binstatusreport-display-component---warehousing--createOrgBtn\"]"}
RESULT: {"using":"xpath","value":"//*[@id=\"application-binstatusreport-display-component---warehousing--createOrgBtn\"]"}
COMMAND: POST /session/2eb25f1cbe9612d735ab0219d8fb520b/element/f.1920C544C16071EF810842AAA08EA988.d.F8B2605AF1B90E48D550948B89582D47.e.25325/click - {}
RESULT: {}
COMMAND: POST /session/2eb25f1cbe9612d735ab0219d8fb520b/execute/async - {"script":"<script> [1562 bytes]","args":[{"selector":{"id":"createOrganizationPop--sectionInput","searchOpenDialogs":true,"interaction":{"idSuffix":"inner"}},"wdio_ui5_key":"createOrganizationPopsectionInput"}]}
COMMAND: GET /session/2eb25f1cbe9612d735ab0219d8fb520b/screenshot - {}
RESULT: {"script":"<script> [1562 bytes]","args":[{"selector":{"id":"createOrganizationPop--sectionInput","searchOpenDialogs":true,"interaction":{"idSuffix":"inner"}},"wdio_ui5_key":"createOrganizationPopsectionInput"}]}
RESULT: undefined
COMMAND: POST /session/2eb25f1cbe9612d735ab0219d8fb520b/execute/async - {"script":"<script> [776 bytes]","args":[{"enterText":"WDI241","selector":{"id":"createOrganizationPop--sectionInput","searchOpenDialogs":true,"interaction":{"idSuffix":"inner"}},"clearTextFirst":true,"interactionType":"ENTER_TEXT"}]}
RESULT: {}
RESULT: {"script":"<script> [776 bytes]","args":[{"enterText":"WDI241","selector":{"id":"createOrganizationPop--sectionInput","searchOpenDialogs":true,"interaction":{"idSuffix":"inner"}},"clearTextFirst":true,"interactionType":"ENTER_TEXT"}]}
COMMAND: POST /session/2eb25f1cbe9612d735ab0219d8fb520b/execute/async - {"script":"<script> [1562 bytes]","args":[{"selector":{"id":"createOrganizationPop--descriptionInput","searchOpenDialogs":true,"interaction":{"idSuffix":"inner"}},"wdio_ui5_key":"createOrganizationPopdescriptionInput"}]}
RESULT: {"script":"<script> [1562 bytes]","args":[{"selector":{"id":"createOrganizationPop--descriptionInput","searchOpenDialogs":true,"interaction":{"idSuffix":"inner"}},"wdio_ui5_key":"createOrganizationPopdescriptionInput"}]}
RESULT: undefined
COMMAND: POST /session/2eb25f1cbe9612d735ab0219d8fb520b/execute/async - {"script":"<script> [776 bytes]","args":[{"enterText":"Shipping241","selector":{"id":"createOrganizationPop--descriptionInput","searchOpenDialogs":true,"interaction":{"idSuffix":"inner"}},"clearTextFirst":true,"interactionType":"ENTER_TEXT"}]}
RESULT: {"script":"<script> [776 bytes]","args":[{"enterText":"Shipping241","selector":{"id":"createOrganizationPop--descriptionInput","searchOpenDialogs":true,"interaction":{"idSuffix":"inner"}},"clearTextFirst":true,"interactionType":"ENTER_TEXT"}]}
COMMAND: POST /session/2eb25f1cbe9612d735ab0219d8fb520b/element - {"using":"css selector","value":"#createOrganizationPop--yardOrg-inner"}
RESULT: {"using":"css selector","value":"#createOrganizationPop--yardOrg-inner"}
COMMAND: POST /session/2eb25f1cbe9612d735ab0219d8fb520b/element/f.1920C544C16071EF810842AAA08EA988.d.F8B2605AF1B90E48D550948B89582D47.e.25666/clear - {}
RESULT: {}
COMMAND: POST /session/2eb25f1cbe9612d735ab0219d8fb520b/element/f.1920C544C16071EF810842AAA08EA988.d.F8B2605AF1B90E48D550948B89582D47.e.25666/value - {"text":"241"}
COMMAND: GET /session/2eb25f1cbe9612d735ab0219d8fb520b/screenshot - {}
RESULT: {"text":"241"}
COMMAND: GET /session/2eb25f1cbe9612d735ab0219d8fb520b/screenshot - {}
RESULT: {}
RESULT: {}
COMMAND: POST /session/2eb25f1cbe9612d735ab0219d8fb520b/actions - {"actions":[{"id":"action109","type":"key","parameters":{},"actions":[{"type":"keyDown","value":"î€‡"},{"type":"pause","duration":10},{"type":"keyUp","value":"î€‡"}]}]}
RESULT: {"actions":[{"id":"action109","type":"key","parameters":{},"actions":[{"type":"keyDown","value":"î€‡"},{"type":"pause","duration":10},{"type":"keyUp","value":"î€‡"}]}]}
COMMAND: POST /session/2eb25f1cbe9612d735ab0219d8fb520b/execute/async - {"script":"<script> [1562 bytes]","args":[{"selector":{"id":"createOrganizationPop--grZone","searchOpenDialogs":true,"interaction":{"idSuffix":"CbBg"}},"wdio_ui5_key":"createOrganizationPopgrZone"}]}
COMMAND: GET /session/2eb25f1cbe9612d735ab0219d8fb520b/screenshot - {}
RESULT: {"script":"<script> [1562 bytes]","args":[{"selector":{"id":"createOrganizationPop--grZone","searchOpenDialogs":true,"interaction":{"idSuffix":"CbBg"}},"wdio_ui5_key":"createOrganizationPopgrZone"}]}
RESULT: undefined
COMMAND: POST /session/2eb25f1cbe9612d735ab0219d8fb520b/element - {"using":"xpath","value":"//*[@id=\"createOrganizationPop--grZone\"]"}
RESULT: {}
RESULT: {"using":"xpath","value":"//*[@id=\"createOrganizationPop--grZone\"]"}
COMMAND: POST /session/2eb25f1cbe9612d735ab0219d8fb520b/element/f.1920C544C16071EF810842AAA08EA988.d.F8B2605AF1B90E48D550948B89582D47.e.25687/click - {}
RESULT: {}
COMMAND: POST /session/2eb25f1cbe9612d735ab0219d8fb520b/execute/async - {"script":"<script> [1562 bytes]","args":[{"selector":{"id":"createOrganizationPop--giZone","searchOpenDialogs":true,"interaction":{"idSuffix":"CbBg"}},"wdio_ui5_key":"createOrganizationPopgiZone"}]}
COMMAND: GET /session/2eb25f1cbe9612d735ab0219d8fb520b/screenshot - {}
RESULT: {"script":"<script> [1562 bytes]","args":[{"selector":{"id":"createOrganizationPop--giZone","searchOpenDialogs":true,"interaction":{"idSuffix":"CbBg"}},"wdio_ui5_key":"createOrganizationPopgiZone"}]}
RESULT: undefined
COMMAND: POST /session/2eb25f1cbe9612d735ab0219d8fb520b/element - {"using":"xpath","value":"//*[@id=\"createOrganizationPop--giZone\"]"}
RESULT: {}
RESULT: {"using":"xpath","value":"//*[@id=\"createOrganizationPop--giZone\"]"}
COMMAND: POST /session/2eb25f1cbe9612d735ab0219d8fb520b/element/f.1920C544C16071EF810842AAA08EA988.d.F8B2605AF1B90E48D550948B89582D47.e.25689/click - {}
RESULT: {}
COMMAND: POST /session/2eb25f1cbe9612d735ab0219d8fb520b/execute/async - {"script":"<script> [1562 bytes]","args":[{"selector":{"id":"createOrganizationPop--binNoInput","searchOpenDialogs":true,"interaction":{"idSuffix":"inner"}},"wdio_ui5_key":"createOrganizationPopbinNoInput"}]}
COMMAND: GET /session/2eb25f1cbe9612d735ab0219d8fb520b/screenshot - {}
RESULT: {"script":"<script> [1562 bytes]","args":[{"selector":{"id":"createOrganizationPop--binNoInput","searchOpenDialogs":true,"interaction":{"idSuffix":"inner"}},"wdio_ui5_key":"createOrganizationPopbinNoInput"}]}
RESULT: undefined
COMMAND: POST /session/2eb25f1cbe9612d735ab0219d8fb520b/execute/async - {"script":"<script> [776 bytes]","args":[{"enterText":"Bin-Wd","selector":{"id":"createOrganizationPop--binNoInput","searchOpenDialogs":true,"interaction":{"idSuffix":"inner"}},"clearTextFirst":true,"interactionType":"ENTER_TEXT"}]}
RESULT: {}
RESULT: {"script":"<script> [776 bytes]","args":[{"enterText":"Bin-Wd","selector":{"id":"createOrganizationPop--binNoInput","searchOpenDialogs":true,"interaction":{"idSuffix":"inner"}},"clearTextFirst":true,"interactionType":"ENTER_TEXT"}]}
COMMAND: POST /session/2eb25f1cbe9612d735ab0219d8fb520b/execute/async - {"script":"<script> [1562 bytes]","args":[{"selector":{"id":"createOrganizationPop--descriptionId","searchOpenDialogs":true,"interaction":{"idSuffix":"inner"}},"wdio_ui5_key":"createOrganizationPopdescriptionId"}]}
RESULT: {"script":"<script> [1562 bytes]","args":[{"selector":{"id":"createOrganizationPop--descriptionId","searchOpenDialogs":true,"interaction":{"idSuffix":"inner"}},"wdio_ui5_key":"createOrganizationPopdescriptionId"}]}
RESULT: undefined
COMMAND: POST /session/2eb25f1cbe9612d735ab0219d8fb520b/execute/async - {"script":"<script> [776 bytes]","args":[{"enterText":"Shipping-Wd","selector":{"id":"createOrganizationPop--descriptionId","searchOpenDialogs":true,"interaction":{"idSuffix":"inner"}},"clearTextFirst":true,"interactionType":"ENTER_TEXT"}]}
RESULT: {"script":"<script> [776 bytes]","args":[{"enterText":"Shipping-Wd","selector":{"id":"createOrganizationPop--descriptionId","searchOpenDialogs":true,"interaction":{"idSuffix":"inner"}},"clearTextFirst":true,"interactionType":"ENTER_TEXT"}]}
COMMAND: POST /session/2eb25f1cbe9612d735ab0219d8fb520b/execute/async - {"script":"<script> [1562 bytes]","args":[{"selector":{"controlType":"sap.m.CheckBox","viewName":"etm.portal.ui.binstatusreport.view.MasterWareBins","viewId":"application-binstatusreport-display-component---warehousing","bindingPath":{"path":"","propertyPath":"/ZONE","modelName":"newBin"},"searchOpenDialogs":true,"interaction":{"idSuffix":"CbBg"}},"wdio_ui5_key":"etmportal.ui.binstatusreport.view.MasterWareBinssap.m.CheckBox{\"path\":\"\",\"propertyPath\":\"/ZONE\",\"modelName\":\"newBin\"}"}]}
RESULT: {"script":"<script> [1562 bytes]","args":[{"selector":{"controlType":"sap.m.CheckBox","viewName":"etm.portal.ui.binstatusreport.view.MasterWareBins","viewId":"application-binstatusreport-display-component---warehousing","bindingPath":{"path":"","propertyPath":"/ZONE","modelName":"newBin"},"searchOpenDialogs":true,"interaction":{"idSuffix":"CbBg"}},"wdio_ui5_key":"etmportal.ui.binstatusreport.view.MasterWareBinssap.m.CheckBox{\"path\":\"\",\"propertyPath\":\"/ZONE\",\"modelName\":\"newBin\"}"}]}
RESULT: undefined
COMMAND: POST /session/2eb25f1cbe9612d735ab0219d8fb520b/element - {"using":"xpath","value":"//*[@id=\"__box56\"]"}
RESULT: {"using":"xpath","value":"//*[@id=\"__box56\"]"}
COMMAND: POST /session/2eb25f1cbe9612d735ab0219d8fb520b/element/f.1920C544C16071EF810842AAA08EA988.d.F8B2605AF1B90E48D550948B89582D47.e.25693/click - {}
RESULT: {}
COMMAND: POST /session/2eb25f1cbe9612d735ab0219d8fb520b/execute/async - {"script":"<script> [1562 bytes]","args":[{"selector":{"id":"createOrganizationPop--binTypesCB","searchOpenDialogs":true,"interaction":{"idSuffix":"inner"}},"wdio_ui5_key":"createOrganizationPopbinTypesCB"}]}
COMMAND: GET /session/2eb25f1cbe9612d735ab0219d8fb520b/screenshot - {}
RESULT: {"script":"<script> [1562 bytes]","args":[{"selector":{"id":"createOrganizationPop--binTypesCB","searchOpenDialogs":true,"interaction":{"idSuffix":"inner"}},"wdio_ui5_key":"createOrganizationPopbinTypesCB"}]}
RESULT: undefined
COMMAND: POST /session/2eb25f1cbe9612d735ab0219d8fb520b/execute/async - {"script":"<script> [776 bytes]","args":[{"enterText":"1 - General / No capacity check","selector":{"id":"createOrganizationPop--binTypesCB","searchOpenDialogs":true,"interaction":{"idSuffix":"inner"}},"clearTextFirst":true,"interactionType":"ENTER_TEXT"}]}
RESULT: {}
RESULT: {"script":"<script> [776 bytes]","args":[{"enterText":"1 - General / No capacity check","selector":{"id":"createOrganizationPop--binTypesCB","searchOpenDialogs":true,"interaction":{"idSuffix":"inner"}},"clearTextFirst":true,"interactionType":"ENTER_TEXT"}]}
COMMAND: POST /session/2eb25f1cbe9612d735ab0219d8fb520b/actions - {"actions":[{"id":"action110","type":"key","parameters":{},"actions":[{"type":"keyDown","value":"î€‡"},{"type":"pause","duration":10},{"type":"keyUp","value":"î€‡"}]}]}
RESULT: {"actions":[{"id":"action110","type":"key","parameters":{},"actions":[{"type":"keyDown","value":"î€‡"},{"type":"pause","duration":10},{"type":"keyUp","value":"î€‡"}]}]}
COMMAND: GET /session/2eb25f1cbe9612d735ab0219d8fb520b/screenshot - {}
RESULT: {}
COMMAND: POST /session/2eb25f1cbe9612d735ab0219d8fb520b/execute/async - {"script":"<script> [1562 bytes]","args":[{"selector":{"id":"createOrganizationPop--finishBtn","searchOpenDialogs":true,"interaction":{"idSuffix":"BDI-content"}},"wdio_ui5_key":"createOrganizationPopfinishBtn"}]}
RESULT: {"script":"<script> [1562 bytes]","args":[{"selector":{"id":"createOrganizationPop--finishBtn","searchOpenDialogs":true,"interaction":{"idSuffix":"BDI-content"}},"wdio_ui5_key":"createOrganizationPopfinishBtn"}]}
RESULT: undefined
COMMAND: POST /session/2eb25f1cbe9612d735ab0219d8fb520b/element - {"using":"xpath","value":"//*[@id=\"createOrganizationPop--finishBtn\"]"}
RESULT: {"using":"xpath","value":"//*[@id=\"createOrganizationPop--finishBtn\"]"}
COMMAND: POST /session/2eb25f1cbe9612d735ab0219d8fb520b/element/f.1920C544C16071EF810842AAA08EA988.d.F8B2605AF1B90E48D550948B89582D47.e.25696/click - {}
RESULT: {}
]]></system-out>
    </testcase>
    <testcase classname="chrome.135_0_7049_96.windows.Return_from_Site_w/_warehouse_management_w/_clarification_US125588" name="Bin Status Report Should Create New Organization for Site" time="33.916">
      <system-out><![CDATA[
COMMAND: GET /session/2eb25f1cbe9612d735ab0219d8fb520b/screenshot - {}
RESULT: {}
RESULT: undefined
COMMAND: POST /session/2eb25f1cbe9612d735ab0219d8fb520b/element - {"using":"xpath","value":"//*[@id=\"application-binstatusreport-display-component---warehousing--createOrgBtn\"]"}
RESULT: {"using":"xpath","value":"//*[@id=\"application-binstatusreport-display-component---warehousing--createOrgBtn\"]"}
COMMAND: POST /session/2eb25f1cbe9612d735ab0219d8fb520b/element/f.1920C544C16071EF810842AAA08EA988.d.F8B2605AF1B90E48D550948B89582D47.e.25325/click - {}
RESULT: {}
RESULT: undefined
COMMAND: POST /session/2eb25f1cbe9612d735ab0219d8fb520b/execute/async - {"script":"<script> [776 bytes]","args":[{"enterText":"2097","selector":{"id":"createOrganizationPop--sectionInput","searchOpenDialogs":true,"interaction":{"idSuffix":"inner"}},"clearTextFirst":true,"interactionType":"ENTER_TEXT"}]}
COMMAND: GET /session/2eb25f1cbe9612d735ab0219d8fb520b/screenshot - {}
RESULT: {"script":"<script> [776 bytes]","args":[{"enterText":"2097","selector":{"id":"createOrganizationPop--sectionInput","searchOpenDialogs":true,"interaction":{"idSuffix":"inner"}},"clearTextFirst":true,"interactionType":"ENTER_TEXT"}]}
RESULT: undefined
COMMAND: POST /session/2eb25f1cbe9612d735ab0219d8fb520b/execute/async - {"script":"<script> [776 bytes]","args":[{"enterText":"WDI2097","selector":{"id":"createOrganizationPop--descriptionInput","searchOpenDialogs":true,"interaction":{"idSuffix":"inner"}},"clearTextFirst":true,"interactionType":"ENTER_TEXT"}]}
RESULT: {}
RESULT: {"script":"<script> [776 bytes]","args":[{"enterText":"WDI2097","selector":{"id":"createOrganizationPop--descriptionInput","searchOpenDialogs":true,"interaction":{"idSuffix":"inner"}},"clearTextFirst":true,"interactionType":"ENTER_TEXT"}]}
COMMAND: POST /session/2eb25f1cbe9612d735ab0219d8fb520b/element - {"using":"css selector","value":"#createOrganizationPop--siteOrg-inner"}
RESULT: {"using":"css selector","value":"#createOrganizationPop--siteOrg-inner"}
COMMAND: POST /session/2eb25f1cbe9612d735ab0219d8fb520b/element/f.1920C544C16071EF810842AAA08EA988.d.F8B2605AF1B90E48D550948B89582D47.e.25702/clear - {}
RESULT: {}
COMMAND: POST /session/2eb25f1cbe9612d735ab0219d8fb520b/element/f.1920C544C16071EF810842AAA08EA988.d.F8B2605AF1B90E48D550948B89582D47.e.25702/value - {"text":"2097"}
COMMAND: GET /session/2eb25f1cbe9612d735ab0219d8fb520b/screenshot - {}
RESULT: {"text":"2097"}
COMMAND: GET /session/2eb25f1cbe9612d735ab0219d8fb520b/screenshot - {}
RESULT: {}
RESULT: {}
COMMAND: POST /session/2eb25f1cbe9612d735ab0219d8fb520b/actions - {"actions":[{"id":"action111","type":"key","parameters":{},"actions":[{"type":"keyDown","value":"î€‡"},{"type":"pause","duration":10},{"type":"keyUp","value":"î€‡"}]}]}
RESULT: {"actions":[{"id":"action111","type":"key","parameters":{},"actions":[{"type":"keyDown","value":"î€‡"},{"type":"pause","duration":10},{"type":"keyUp","value":"î€‡"}]}]}
RESULT: undefined
COMMAND: POST /session/2eb25f1cbe9612d735ab0219d8fb520b/element - {"using":"xpath","value":"//*[@id=\"createOrganizationPop--giZone\"]"}
COMMAND: GET /session/2eb25f1cbe9612d735ab0219d8fb520b/screenshot - {}
RESULT: {"using":"xpath","value":"//*[@id=\"createOrganizationPop--giZone\"]"}
COMMAND: POST /session/2eb25f1cbe9612d735ab0219d8fb520b/element/f.1920C544C16071EF810842AAA08EA988.d.F8B2605AF1B90E48D550948B89582D47.e.25720/click - {}
RESULT: {}
RESULT: {}
RESULT: undefined
COMMAND: POST /session/2eb25f1cbe9612d735ab0219d8fb520b/execute/async - {"script":"<script> [776 bytes]","args":[{"enterText":"WD-BIN","selector":{"id":"createOrganizationPop--binNoInput","searchOpenDialogs":true,"interaction":{"idSuffix":"inner"}},"clearTextFirst":true,"interactionType":"ENTER_TEXT"}]}
COMMAND: GET /session/2eb25f1cbe9612d735ab0219d8fb520b/screenshot - {}
RESULT: {"script":"<script> [776 bytes]","args":[{"enterText":"WD-BIN","selector":{"id":"createOrganizationPop--binNoInput","searchOpenDialogs":true,"interaction":{"idSuffix":"inner"}},"clearTextFirst":true,"interactionType":"ENTER_TEXT"}]}
RESULT: undefined
COMMAND: POST /session/2eb25f1cbe9612d735ab0219d8fb520b/execute/async - {"script":"<script> [776 bytes]","args":[{"enterText":"WD-BIN","selector":{"id":"createOrganizationPop--descriptionId","searchOpenDialogs":true,"interaction":{"idSuffix":"inner"}},"clearTextFirst":true,"interactionType":"ENTER_TEXT"}]}
RESULT: {}
RESULT: {"script":"<script> [776 bytes]","args":[{"enterText":"WD-BIN","selector":{"id":"createOrganizationPop--descriptionId","searchOpenDialogs":true,"interaction":{"idSuffix":"inner"}},"clearTextFirst":true,"interactionType":"ENTER_TEXT"}]}
COMMAND: POST /session/2eb25f1cbe9612d735ab0219d8fb520b/execute/async - {"script":"<script> [1562 bytes]","args":[{"selector":{"controlType":"sap.m.CheckBox","viewName":"etm.portal.ui.binstatusreport.view.MasterWareBins","viewId":"application-binstatusreport-display-component---warehousing","bindingPath":{"propertyPath":"/ZONE","modelName":"newBin"},"searchOpenDialogs":true,"interaction":{"idSuffix":"CbBg"}},"wdio_ui5_key":"etmportal.ui.binstatusreport.view.MasterWareBinssap.m.CheckBox{\"propertyPath\":\"/ZONE\",\"modelName\":\"newBin\"}"}]}
RESULT: {"script":"<script> [1562 bytes]","args":[{"selector":{"controlType":"sap.m.CheckBox","viewName":"etm.portal.ui.binstatusreport.view.MasterWareBins","viewId":"application-binstatusreport-display-component---warehousing","bindingPath":{"propertyPath":"/ZONE","modelName":"newBin"},"searchOpenDialogs":true,"interaction":{"idSuffix":"CbBg"}},"wdio_ui5_key":"etmportal.ui.binstatusreport.view.MasterWareBinssap.m.CheckBox{\"propertyPath\":\"/ZONE\",\"modelName\":\"newBin\"}"}]}
RESULT: undefined
COMMAND: POST /session/2eb25f1cbe9612d735ab0219d8fb520b/element - {"using":"xpath","value":"//*[@id=\"__box59\"]"}
RESULT: {"using":"xpath","value":"//*[@id=\"__box59\"]"}
COMMAND: POST /session/2eb25f1cbe9612d735ab0219d8fb520b/element/f.1920C544C16071EF810842AAA08EA988.d.F8B2605AF1B90E48D550948B89582D47.e.25722/click - {}
RESULT: {}
COMMAND: GET /session/2eb25f1cbe9612d735ab0219d8fb520b/screenshot - {}
RESULT: {}
RESULT: undefined
COMMAND: POST /session/2eb25f1cbe9612d735ab0219d8fb520b/execute/async - {"script":"<script> [776 bytes]","args":[{"enterText":"1 - General / No capacity check","selector":{"id":"createOrganizationPop--binTypesCB","searchOpenDialogs":true,"interaction":{"idSuffix":"inner"}},"clearTextFirst":true,"interactionType":"ENTER_TEXT"}]}
RESULT: {"script":"<script> [776 bytes]","args":[{"enterText":"1 - General / No capacity check","selector":{"id":"createOrganizationPop--binTypesCB","searchOpenDialogs":true,"interaction":{"idSuffix":"inner"}},"clearTextFirst":true,"interactionType":"ENTER_TEXT"}]}
COMMAND: POST /session/2eb25f1cbe9612d735ab0219d8fb520b/execute/async - {"script":"<script> [1562 bytes]","args":[{"selector":{"id":"createOrganizationPop--capacityId","searchOpenDialogs":true,"interaction":{"idSuffix":"inner"}},"wdio_ui5_key":"createOrganizationPopcapacityId"}]}
RESULT: {"script":"<script> [1562 bytes]","args":[{"selector":{"id":"createOrganizationPop--capacityId","searchOpenDialogs":true,"interaction":{"idSuffix":"inner"}},"wdio_ui5_key":"createOrganizationPopcapacityId"}]}
RESULT: undefined
COMMAND: POST /session/2eb25f1cbe9612d735ab0219d8fb520b/actions - {"actions":[{"id":"action112","type":"key","parameters":{},"actions":[{"type":"keyDown","value":"î€‡"},{"type":"pause","duration":10},{"type":"keyUp","value":"î€‡"}]}]}
RESULT: {"actions":[{"id":"action112","type":"key","parameters":{},"actions":[{"type":"keyDown","value":"î€‡"},{"type":"pause","duration":10},{"type":"keyUp","value":"î€‡"}]}]}
COMMAND: GET /session/2eb25f1cbe9612d735ab0219d8fb520b/screenshot - {}
RESULT: {}
RESULT: undefined
COMMAND: POST /session/2eb25f1cbe9612d735ab0219d8fb520b/element - {"using":"xpath","value":"//*[@id=\"createOrganizationPop--finishBtn\"]"}
RESULT: {"using":"xpath","value":"//*[@id=\"createOrganizationPop--finishBtn\"]"}
COMMAND: POST /session/2eb25f1cbe9612d735ab0219d8fb520b/element/f.1920C544C16071EF810842AAA08EA988.d.F8B2605AF1B90E48D550948B89582D47.e.25723/click - {}
RESULT: {}
COMMAND: POST /session/2eb25f1cbe9612d735ab0219d8fb520b/element - {"using":"css selector","value":"#shell-header-logo"}
COMMAND: GET /session/2eb25f1cbe9612d735ab0219d8fb520b/screenshot - {}
RESULT: {"using":"css selector","value":"#shell-header-logo"}
COMMAND: POST /session/2eb25f1cbe9612d735ab0219d8fb520b/element/f.1920C544C16071EF810842AAA08EA988.d.F8B2605AF1B90E48D550948B89582D47.e.25303/click - {}
RESULT: {}
RESULT: {}
]]></system-out>
    </testcase>
  </testsuite>
  <testsuite timestamp="2025-04-25T17:48:19" time="385.321" tests="7" failures="2" errors="2" skipped="0">
    <properties>
      <property name="specId" value="0" />
      <property name="suiteName" value="Provide to Site w/ warehouse management w clarification" />
      <property name="capabilities" value="chrome.135_0_7049_96.windows" />
      <property name="file" value="file:///D:/a/1/s/test/specs/HTR/return-from-site-w-warehouse-management-w-clarification.spec.js" />
    </properties>
    <testcase classname="chrome.135_0_7049_96.windows.Provide_to_Site_w/_warehouse_management_w_clarification" name="Should do a stock increase handover" time="84.461">
      <system-out><![CDATA[
COMMAND: POST /session/2eb25f1cbe9612d735ab0219d8fb520b/execute/async - {"script":"<script> [1562 bytes]","args":[{"selector":{"controlType":"sap.m.GenericTile","properties":{"header":"Manage Handovers"}},"wdio_ui5_key":"sapm.GenericTile{\"header\":\"Manage Handovers\"}"}]}
COMMAND: GET /session/2eb25f1cbe9612d735ab0219d8fb520b/screenshot - {}
RESULT: {"script":"<script> [1562 bytes]","args":[{"selector":{"controlType":"sap.m.GenericTile","properties":{"header":"Manage Handovers"}},"wdio_ui5_key":"sapm.GenericTile{\"header\":\"Manage Handovers\"}"}]}
RESULT: undefined
COMMAND: POST /session/2eb25f1cbe9612d735ab0219d8fb520b/element - {"using":"xpath","value":"//*[@id=\"__tile132\"]"}
RESULT: {}
RESULT: {"using":"xpath","value":"//*[@id=\"__tile132\"]"}
COMMAND: POST /session/2eb25f1cbe9612d735ab0219d8fb520b/element/f.1920C544C16071EF810842AAA08EA988.d.F8B2605AF1B90E48D550948B89582D47.e.25728/click - {}
RESULT: {}
COMMAND: GET /session/2eb25f1cbe9612d735ab0219d8fb520b/screenshot - {}
COMMAND: POST /session/2eb25f1cbe9612d735ab0219d8fb520b/element - {"using":"xpath","value":"//button[(@data-kt = 'masterHOAddButton')]"}
RESULT: {}
RESULT: {"using":"xpath","value":"//button[(@data-kt = 'masterHOAddButton')]"}
COMMAND: POST /session/2eb25f1cbe9612d735ab0219d8fb520b/elements - {"using":"xpath","value":"//button[(@data-kt = 'masterHOAddButton')]"}
RESULT: {"using":"xpath","value":"//button[(@data-kt = 'masterHOAddButton')]"}
COMMAND: POST /session/2eb25f1cbe9612d735ab0219d8fb520b/elements - {"using":"xpath","value":"//button[(@data-kt = 'masterHOAddButton')]"}
RESULT: {"using":"xpath","value":"//button[(@data-kt = 'masterHOAddButton')]"}
COMMAND: POST /session/2eb25f1cbe9612d735ab0219d8fb520b/element - {"using":"xpath","value":"//button[(@data-kt = 'masterHOAddButton')]"}
RESULT: {"using":"xpath","value":"//button[(@data-kt = 'masterHOAddButton')]"}
COMMAND: POST /session/2eb25f1cbe9612d735ab0219d8fb520b/element/f.1920C544C16071EF810842AAA08EA988.d.F8B2605AF1B90E48D550948B89582D47.e.25766/click - {}
RESULT: {}
COMMAND: POST /session/2eb25f1cbe9612d735ab0219d8fb520b/element - {"using":"css selector","value":"span[id=\"application-managehandovers-display-component---AddNewHO--typeSelect-label\"]"}
COMMAND: GET /session/2eb25f1cbe9612d735ab0219d8fb520b/screenshot - {}
RESULT: {"using":"css selector","value":"span[id=\"application-managehandovers-display-component---AddNewHO--typeSelect-label\"]"}
COMMAND: POST /session/2eb25f1cbe9612d735ab0219d8fb520b/element/f.1920C544C16071EF810842AAA08EA988.d.F8B2605AF1B90E48D550948B89582D47.e.25997/click - {}
RESULT: {}
RESULT: {}
COMMAND: POST /session/2eb25f1cbe9612d735ab0219d8fb520b/element - {"using":"css selector","value":"#application-managehandovers-display-component---AddNewHO--oneStep-CB"}
COMMAND: GET /session/2eb25f1cbe9612d735ab0219d8fb520b/screenshot - {}
RESULT: {"using":"css selector","value":"#application-managehandovers-display-component---AddNewHO--oneStep-CB"}
COMMAND: GET /session/2eb25f1cbe9612d735ab0219d8fb520b/element/f.1920C544C16071EF810842AAA08EA988.d.F8B2605AF1B90E48D550948B89582D47.e.26002/selected - {}
RESULT: {}
RESULT: {}
COMMAND: POST /session/2eb25f1cbe9612d735ab0219d8fb520b/element - {"using":"xpath","value":"//li[contains(text(), \"stock increase yard\")]"}
COMMAND: GET /session/2eb25f1cbe9612d735ab0219d8fb520b/screenshot - {}
RESULT: {"using":"xpath","value":"//li[contains(text(), \"stock increase yard\")]"}
COMMAND: POST /session/2eb25f1cbe9612d735ab0219d8fb520b/element/f.1920C544C16071EF810842AAA08EA988.d.F8B2605AF1B90E48D550948B89582D47.e.26062/click - {}
RESULT: {}
RESULT: {}
COMMAND: GET /session/2eb25f1cbe9612d735ab0219d8fb520b/screenshot - {}
RESULT: {}
COMMAND: POST /session/2eb25f1cbe9612d735ab0219d8fb520b/element - {"using":"css selector","value":"input[id=\"generalSectionFrg--receiveYard-inner\"]"}
RESULT: {"using":"css selector","value":"input[id=\"generalSectionFrg--receiveYard-inner\"]"}
COMMAND: POST /session/2eb25f1cbe9612d735ab0219d8fb520b/element/f.1920C544C16071EF810842AAA08EA988.d.F8B2605AF1B90E48D550948B89582D47.e.26072/clear - {}
RESULT: {}
COMMAND: POST /session/2eb25f1cbe9612d735ab0219d8fb520b/element/f.1920C544C16071EF810842AAA08EA988.d.F8B2605AF1B90E48D550948B89582D47.e.26072/value - {"text":"241"}
COMMAND: GET /session/2eb25f1cbe9612d735ab0219d8fb520b/screenshot - {}
RESULT: {"text":"241"}
COMMAND: GET /session/2eb25f1cbe9612d735ab0219d8fb520b/screenshot - {}
RESULT: {}
RESULT: {}
COMMAND: POST /session/2eb25f1cbe9612d735ab0219d8fb520b/element - {"using":"css selector","value":"#application-managehandovers-display-component---AddNewHO--dueDate-inner"}
RESULT: {"using":"css selector","value":"#application-managehandovers-display-component---AddNewHO--dueDate-inner"}
COMMAND: POST /session/2eb25f1cbe9612d735ab0219d8fb520b/element/f.1920C544C16071EF810842AAA08EA988.d.F8B2605AF1B90E48D550948B89582D47.e.26066/clear - {}
RESULT: {}
COMMAND: POST /session/2eb25f1cbe9612d735ab0219d8fb520b/element/f.1920C544C16071EF810842AAA08EA988.d.F8B2605AF1B90E48D550948B89582D47.e.26066/value - {"text":"4/25/25"}
COMMAND: GET /session/2eb25f1cbe9612d735ab0219d8fb520b/screenshot - {}
RESULT: {"text":"4/25/25"}
COMMAND: GET /session/2eb25f1cbe9612d735ab0219d8fb520b/screenshot - {}
RESULT: {}
RESULT: {}
COMMAND: POST /session/2eb25f1cbe9612d735ab0219d8fb520b/element - {"using":"xpath","value":"//bdi[(text() = 'Items' or . = 'Items')]"}
RESULT: {"using":"xpath","value":"//bdi[(text() = 'Items' or . = 'Items')]"}
COMMAND: POST /session/2eb25f1cbe9612d735ab0219d8fb520b/element/f.1920C544C16071EF810842AAA08EA988.d.F8B2605AF1B90E48D550948B89582D47.e.26089/click - {}
RESULT: {}
COMMAND: GET /session/2eb25f1cbe9612d735ab0219d8fb520b/screenshot - {}
RESULT: {}
COMMAND: POST /session/2eb25f1cbe9612d735ab0219d8fb520b/element - {"using":"xpath","value":"//button[@aria-label=\"Add\"]"}
RESULT: {"using":"xpath","value":"//button[@aria-label=\"Add\"]"}
COMMAND: POST /session/2eb25f1cbe9612d735ab0219d8fb520b/element/f.1920C544C16071EF810842AAA08EA988.d.F8B2605AF1B90E48D550948B89582D47.e.26094/click - {}
RESULT: {}
COMMAND: GET /session/2eb25f1cbe9612d735ab0219d8fb520b/screenshot - {}
COMMAND: POST /session/2eb25f1cbe9612d735ab0219d8fb520b/element - {"using":"css selector","value":"input[id= \"application-managehandovers-display-component---AddNewHO--smartFilterBar-btnBasicSearch-I\"]"}
RESULT: {}
RESULT: {"using":"css selector","value":"input[id= \"application-managehandovers-display-component---AddNewHO--smartFilterBar-btnBasicSearch-I\"]"}
COMMAND: POST /session/2eb25f1cbe9612d735ab0219d8fb520b/element/f.1920C544C16071EF810842AAA08EA988.d.F8B2605AF1B90E48D550948B89582D47.e.26097/clear - {}
RESULT: {}
COMMAND: POST /session/2eb25f1cbe9612d735ab0219d8fb520b/element/f.1920C544C16071EF810842AAA08EA988.d.F8B2605AF1B90E48D550948B89582D47.e.26097/value - {"text":"200085"}
COMMAND: GET /session/2eb25f1cbe9612d735ab0219d8fb520b/screenshot - {}
RESULT: {"text":"200085"}
COMMAND: POST /session/2eb25f1cbe9612d735ab0219d8fb520b/actions - {"actions":[{"id":"action113","type":"key","parameters":{},"actions":[{"type":"keyDown","value":"î€‡"},{"type":"pause","duration":10},{"type":"keyUp","value":"î€‡"}]}]}
COMMAND: GET /session/2eb25f1cbe9612d735ab0219d8fb520b/screenshot - {}
RESULT: {}
RESULT: {"actions":[{"id":"action113","type":"key","parameters":{},"actions":[{"type":"keyDown","value":"î€‡"},{"type":"pause","duration":10},{"type":"keyUp","value":"î€‡"}]}]}
COMMAND: POST /session/2eb25f1cbe9612d735ab0219d8fb520b/element - {"using":"css selector","value":"div[id= \"application-managehandovers-display-component---AddNewHO--smartFilterBar-btnBasicSearch-search\"]"}
COMMAND: GET /session/2eb25f1cbe9612d735ab0219d8fb520b/screenshot - {}
RESULT: {}
RESULT: {"using":"css selector","value":"div[id= \"application-managehandovers-display-component---AddNewHO--smartFilterBar-btnBasicSearch-search\"]"}
COMMAND: POST /session/2eb25f1cbe9612d735ab0219d8fb520b/element/f.1920C544C16071EF810842AAA08EA988.d.F8B2605AF1B90E48D550948B89582D47.e.26238/click - {}
RESULT: {}
RESULT: {}
COMMAND: GET /session/2eb25f1cbe9612d735ab0219d8fb520b/screenshot - {}
RESULT: {}
COMMAND: POST /session/2eb25f1cbe9612d735ab0219d8fb520b/element - {"using":"css selector","value":"div[id= \"application-managehandovers-display-component---AddNewHO--popup-sa-CbBg\"]"}
RESULT: {"using":"css selector","value":"div[id= \"application-managehandovers-display-component---AddNewHO--popup-sa-CbBg\"]"}
COMMAND: POST /session/2eb25f1cbe9612d735ab0219d8fb520b/element/f.1920C544C16071EF810842AAA08EA988.d.F8B2605AF1B90E48D550948B89582D47.e.26240/click - {}
RESULT: {}
COMMAND: POST /session/2eb25f1cbe9612d735ab0219d8fb520b/element - {"using":"xpath","value":"//bdi[(text() = 'Select' or . = 'Select')]"}
COMMAND: GET /session/2eb25f1cbe9612d735ab0219d8fb520b/screenshot - {}
RESULT: {"using":"xpath","value":"//bdi[(text() = 'Select' or . = 'Select')]"}
COMMAND: POST /session/2eb25f1cbe9612d735ab0219d8fb520b/element/f.1920C544C16071EF810842AAA08EA988.d.F8B2605AF1B90E48D550948B89582D47.e.26241/click - {}
RESULT: {}
RESULT: {}
COMMAND: GET /session/2eb25f1cbe9612d735ab0219d8fb520b/screenshot - {}
RESULT: {}
COMMAND: POST /session/2eb25f1cbe9612d735ab0219d8fb520b/element - {"using":"xpath","value":"//bdi[(text() = 'Save' or . = 'Save')]"}
RESULT: {"using":"xpath","value":"//bdi[(text() = 'Save' or . = 'Save')]"}
COMMAND: POST /session/2eb25f1cbe9612d735ab0219d8fb520b/element/f.1920C544C16071EF810842AAA08EA988.d.F8B2605AF1B90E48D550948B89582D47.e.26245/click - {}
RESULT: {}
COMMAND: GET /session/2eb25f1cbe9612d735ab0219d8fb520b/screenshot - {}
RESULT: {}
COMMAND: POST /session/2eb25f1cbe9612d735ab0219d8fb520b/element - {"using":"xpath","value":"//input[contains(@id ,\"receiptDatePicker-inner\")]"}
RESULT: {"using":"xpath","value":"//input[contains(@id ,\"receiptDatePicker-inner\")]"}
COMMAND: POST /session/2eb25f1cbe9612d735ab0219d8fb520b/elements - {"using":"xpath","value":"//input[contains(@id ,\"receiptDatePicker-inner\")]"}
RESULT: {"using":"xpath","value":"//input[contains(@id ,\"receiptDatePicker-inner\")]"}
COMMAND: POST /session/2eb25f1cbe9612d735ab0219d8fb520b/elements - {"using":"xpath","value":"//input[contains(@id ,\"receiptDatePicker-inner\")]"}
RESULT: {"using":"xpath","value":"//input[contains(@id ,\"receiptDatePicker-inner\")]"}
COMMAND: POST /session/2eb25f1cbe9612d735ab0219d8fb520b/elements - {"using":"xpath","value":"//input[contains(@id ,\"receiptDatePicker-inner\")]"}
RESULT: {"using":"xpath","value":"//input[contains(@id ,\"receiptDatePicker-inner\")]"}
COMMAND: POST /session/2eb25f1cbe9612d735ab0219d8fb520b/elements - {"using":"xpath","value":"//input[contains(@id ,\"receiptDatePicker-inner\")]"}
RESULT: {"using":"xpath","value":"//input[contains(@id ,\"receiptDatePicker-inner\")]"}
COMMAND: POST /session/2eb25f1cbe9612d735ab0219d8fb520b/element - {"using":"xpath","value":"//input[contains(@id ,\"receiptDatePicker-inner\")]"}
RESULT: {"using":"xpath","value":"//input[contains(@id ,\"receiptDatePicker-inner\")]"}
COMMAND: POST /session/2eb25f1cbe9612d735ab0219d8fb520b/element/f.1920C544C16071EF810842AAA08EA988.d.F8B2605AF1B90E48D550948B89582D47.e.26274/click - {}
RESULT: {}
COMMAND: POST /session/2eb25f1cbe9612d735ab0219d8fb520b/element - {"using":"xpath","value":"//input[contains(@id ,\"receiptDatePicker-inner\")]"}
COMMAND: GET /session/2eb25f1cbe9612d735ab0219d8fb520b/screenshot - {}
RESULT: {"using":"xpath","value":"//input[contains(@id ,\"receiptDatePicker-inner\")]"}
COMMAND: POST /session/2eb25f1cbe9612d735ab0219d8fb520b/element/f.1920C544C16071EF810842AAA08EA988.d.F8B2605AF1B90E48D550948B89582D47.e.26274/clear - {}
RESULT: {}
RESULT: {}
COMMAND: POST /session/2eb25f1cbe9612d735ab0219d8fb520b/element/f.1920C544C16071EF810842AAA08EA988.d.F8B2605AF1B90E48D550948B89582D47.e.26274/value - {"text":"4/25/25"}
COMMAND: GET /session/2eb25f1cbe9612d735ab0219d8fb520b/screenshot - {}
RESULT: {"text":"4/25/25"}
COMMAND: GET /session/2eb25f1cbe9612d735ab0219d8fb520b/screenshot - {}
RESULT: {}
RESULT: {}
COMMAND: POST /session/2eb25f1cbe9612d735ab0219d8fb520b/execute/async - {"script":"<script> [1562 bytes]","args":[{"selector":{"id":"administrationTabFilter","viewName":"etm.portal.ui.managehandovers.view.DetailExecuteHO","interaction":{"idSuffix":"text"}},"wdio_ui5_key":"administrationTabFilteretmportal.ui.managehandovers.view.DetailExecuteHO"}]}
RESULT: {"script":"<script> [1562 bytes]","args":[{"selector":{"id":"administrationTabFilter","viewName":"etm.portal.ui.managehandovers.view.DetailExecuteHO","interaction":{"idSuffix":"text"}},"wdio_ui5_key":"administrationTabFilteretmportal.ui.managehandovers.view.DetailExecuteHO"}]}
RESULT: undefined
COMMAND: POST /session/2eb25f1cbe9612d735ab0219d8fb520b/element - {"using":"xpath","value":"//*[@id=\"__xmlview61--administrationTabFilter\"]"}
RESULT: {"using":"xpath","value":"//*[@id=\"__xmlview61--administrationTabFilter\"]"}
COMMAND: POST /session/2eb25f1cbe9612d735ab0219d8fb520b/element/f.1920C544C16071EF810842AAA08EA988.d.F8B2605AF1B90E48D550948B89582D47.e.26293/click - {}
RESULT: {}
RESULT: undefined
COMMAND: POST /session/2eb25f1cbe9612d735ab0219d8fb520b/element - {"using":"xpath","value":"//*[@id=\"__xmlview61--administrationTabFilter\"]"}
COMMAND: GET /session/2eb25f1cbe9612d735ab0219d8fb520b/screenshot - {}
RESULT: {"using":"xpath","value":"//*[@id=\"__xmlview61--administrationTabFilter\"]"}
COMMAND: POST /session/2eb25f1cbe9612d735ab0219d8fb520b/element/f.1920C544C16071EF810842AAA08EA988.d.F8B2605AF1B90E48D550948B89582D47.e.26293/click - {}
RESULT: {}
RESULT: {}
COMMAND: GET /session/2eb25f1cbe9612d735ab0219d8fb520b/screenshot - {}
RESULT: {}
COMMAND: POST /session/2eb25f1cbe9612d735ab0219d8fb520b/element - {"using":"xpath","value":"//bdi[(text() = 'Confirm' or . = 'Confirm')]"}
RESULT: {"using":"xpath","value":"//bdi[(text() = 'Confirm' or . = 'Confirm')]"}
COMMAND: POST /session/2eb25f1cbe9612d735ab0219d8fb520b/element/f.1920C544C16071EF810842AAA08EA988.d.F8B2605AF1B90E48D550948B89582D47.e.26303/click - {}
RESULT: {}
COMMAND: GET /session/2eb25f1cbe9612d735ab0219d8fb520b/screenshot - {}
RESULT: {}
COMMAND: POST /session/2eb25f1cbe9612d735ab0219d8fb520b/execute/async - {"script":"<script> [1562 bytes]","args":[{"selector":{"id":"confirmationButton","viewName":"etm.portal.ui.managehandovers.view.DetailExecuteHO","interaction":{"idSuffix":"BDI-content"}},"wdio_ui5_key":"confirmationButtonetmportal.ui.managehandovers.view.DetailExecuteHO"}]}
RESULT: {"script":"<script> [1562 bytes]","args":[{"selector":{"id":"confirmationButton","viewName":"etm.portal.ui.managehandovers.view.DetailExecuteHO","interaction":{"idSuffix":"BDI-content"}},"wdio_ui5_key":"confirmationButtonetmportal.ui.managehandovers.view.DetailExecuteHO"}]}
RESULT: undefined
COMMAND: POST /session/2eb25f1cbe9612d735ab0219d8fb520b/element - {"using":"xpath","value":"(//*[text()='Receive'])[2]"}
RESULT: {"using":"xpath","value":"(//*[text()='Receive'])[2]"}
COMMAND: GET /session/2eb25f1cbe9612d735ab0219d8fb520b/element/f.1920C544C16071EF810842AAA08EA988.d.F8B2605AF1B90E48D550948B89582D47.e.26305/enabled - {}
RESULT: {}
COMMAND: POST /session/2eb25f1cbe9612d735ab0219d8fb520b/execute/sync - {"script":"<script> [8489 bytes]","args":[{"element-6066-11e4-a52e-4f735466cecf":"f.1920C544C16071EF810842AAA08EA988.d.F8B2605AF1B90E48D550948B89582D47.e.26305","ELEMENT":"f.1920C544C16071EF810842AAA08EA988.d.F8B2605AF1B90E48D550948B89582D47.e.26305"}]}
COMMAND: GET /session/2eb25f1cbe9612d735ab0219d8fb520b/screenshot - {}
RESULT: {"script":"<script> [8489 bytes]","args":[{"element-6066-11e4-a52e-4f735466cecf":"f.1920C544C16071EF810842AAA08EA988.d.F8B2605AF1B90E48D550948B89582D47.e.26305","ELEMENT":"f.1920C544C16071EF810842AAA08EA988.d.F8B2605AF1B90E48D550948B89582D47.e.26305"}]}
COMMAND: POST /session/2eb25f1cbe9612d735ab0219d8fb520b/execute/sync - {"script":"<script> [5351 bytes]","args":[{"element-6066-11e4-a52e-4f735466cecf":"f.1920C544C16071EF810842AAA08EA988.d.F8B2605AF1B90E48D550948B89582D47.e.26305","ELEMENT":"f.1920C544C16071EF810842AAA08EA988.d.F8B2605AF1B90E48D550948B89582D47.e.26305"}]}
COMMAND: GET /session/2eb25f1cbe9612d735ab0219d8fb520b/screenshot - {}
RESULT: {}
RESULT: {"script":"<script> [5351 bytes]","args":[{"element-6066-11e4-a52e-4f735466cecf":"f.1920C544C16071EF810842AAA08EA988.d.F8B2605AF1B90E48D550948B89582D47.e.26305","ELEMENT":"f.1920C544C16071EF810842AAA08EA988.d.F8B2605AF1B90E48D550948B89582D47.e.26305"}]}
COMMAND: POST /session/2eb25f1cbe9612d735ab0219d8fb520b/element/f.1920C544C16071EF810842AAA08EA988.d.F8B2605AF1B90E48D550948B89582D47.e.26305/click - {}
COMMAND: GET /session/2eb25f1cbe9612d735ab0219d8fb520b/screenshot - {}
RESULT: {}
RESULT: {}
COMMAND: GET /session/2eb25f1cbe9612d735ab0219d8fb520b/screenshot - {}
RESULT: {}
RESULT: {}
COMMAND: POST /session/2eb25f1cbe9612d735ab0219d8fb520b/element - {"using":"css selector","value":"#shell-header-logo"}
RESULT: {"using":"css selector","value":"#shell-header-logo"}
COMMAND: POST /session/2eb25f1cbe9612d735ab0219d8fb520b/element/f.1920C544C16071EF810842AAA08EA988.d.F8B2605AF1B90E48D550948B89582D47.e.25731/click - {}
RESULT: {}
COMMAND: GET /session/2eb25f1cbe9612d735ab0219d8fb520b/screenshot - {}
RESULT: {}
]]></system-out>
    </testcase>
    <testcase classname="chrome.135_0_7049_96.windows.Provide_to_Site_w/_warehouse_management_w_clarification" name="Should create a new contract" time="59.717">
      <system-out><![CDATA[
COMMAND: POST /session/2eb25f1cbe9612d735ab0219d8fb520b/execute/async - {"script":"<script> [1562 bytes]","args":[{"selector":{"controlType":"sap.m.GenericTile","properties":{"header":"Manage Contracts"}},"wdio_ui5_key":"sapm.GenericTile{\"header\":\"Manage Contracts\"}"}]}
RESULT: {"script":"<script> [1562 bytes]","args":[{"selector":{"controlType":"sap.m.GenericTile","properties":{"header":"Manage Contracts"}},"wdio_ui5_key":"sapm.GenericTile{\"header\":\"Manage Contracts\"}"}]}
RESULT: undefined
COMMAND: POST /session/2eb25f1cbe9612d735ab0219d8fb520b/element - {"using":"xpath","value":"//*[@id=\"__tile130\"]"}
RESULT: {"using":"xpath","value":"//*[@id=\"__tile130\"]"}
COMMAND: POST /session/2eb25f1cbe9612d735ab0219d8fb520b/element/f.1920C544C16071EF810842AAA08EA988.d.F8B2605AF1B90E48D550948B89582D47.e.26455/click - {}
RESULT: {}
COMMAND: GET /session/2eb25f1cbe9612d735ab0219d8fb520b/screenshot - {}
RESULT: {}
COMMAND: POST /session/2eb25f1cbe9612d735ab0219d8fb520b/execute/async - {"script":"<script> [1562 bytes]","args":[{"selector":{"controlType":"sap.ui.core.Icon","viewName":"etm.portal.ui.managecontracts.view.Master","properties":{"src":{"regex":{"source":"add"}}}},"wdio_ui5_key":"etmportal.ui.managecontracts.view.Mastersap.ui.core.Icon{\"src\":{\"regex\":{\"source\":\"add\"}}}"}]}
RESULT: {"script":"<script> [1562 bytes]","args":[{"selector":{"controlType":"sap.ui.core.Icon","viewName":"etm.portal.ui.managecontracts.view.Master","properties":{"src":{"regex":{"source":"add"}}}},"wdio_ui5_key":"etmportal.ui.managecontracts.view.Mastersap.ui.core.Icon{\"src\":{\"regex\":{\"source\":\"add\"}}}"}]}
RESULT: undefined
COMMAND: POST /session/2eb25f1cbe9612d735ab0219d8fb520b/element - {"using":"xpath","value":"//*[@id=\"__button303-img\"]"}
RESULT: {"using":"xpath","value":"//*[@id=\"__button303-img\"]"}
COMMAND: POST /session/2eb25f1cbe9612d735ab0219d8fb520b/element/f.1920C544C16071EF810842AAA08EA988.d.F8B2605AF1B90E48D550948B89582D47.e.26533/click - {}
RESULT: {}
COMMAND: POST /session/2eb25f1cbe9612d735ab0219d8fb520b/execute/async - {"script":"<script> [1562 bytes]","args":[{"selector":{"id":"application-managecontracts-display-component---AddNewContract--projectDescription","interaction":{"idSuffix":"inner"}},"wdio_ui5_key":"applicationmanagecontracts-display-component---AddNewContract--projectDescription"}]}
COMMAND: GET /session/2eb25f1cbe9612d735ab0219d8fb520b/screenshot - {}
RESULT: {"script":"<script> [1562 bytes]","args":[{"selector":{"id":"application-managecontracts-display-component---AddNewContract--projectDescription","interaction":{"idSuffix":"inner"}},"wdio_ui5_key":"applicationmanagecontracts-display-component---AddNewContract--projectDescription"}]}
RESULT: undefined
COMMAND: POST /session/2eb25f1cbe9612d735ab0219d8fb520b/execute/async - {"script":"<script> [776 bytes]","args":[{"enterText":"wdi5 contract for billing","selector":{"id":"application-managecontracts-display-component---AddNewContract--projectDescription","interaction":{"idSuffix":"inner"}},"clearTextFirst":true,"interactionType":"ENTER_TEXT"}]}
RESULT: {}
RESULT: {"script":"<script> [776 bytes]","args":[{"enterText":"wdi5 contract for billing","selector":{"id":"application-managecontracts-display-component---AddNewContract--projectDescription","interaction":{"idSuffix":"inner"}},"clearTextFirst":true,"interactionType":"ENTER_TEXT"}]}
COMMAND: POST /session/2eb25f1cbe9612d735ab0219d8fb520b/element - {"using":"xpath","value":"//input[@id=\"application-managecontracts-display-component---AddNewContract--customerSelect-inner\"]"}
RESULT: {"using":"xpath","value":"//input[@id=\"application-managecontracts-display-component---AddNewContract--customerSelect-inner\"]"}
COMMAND: POST /session/2eb25f1cbe9612d735ab0219d8fb520b/element/f.1920C544C16071EF810842AAA08EA988.d.F8B2605AF1B90E48D550948B89582D47.e.26778/clear - {}
RESULT: {}
COMMAND: POST /session/2eb25f1cbe9612d735ab0219d8fb520b/element/f.1920C544C16071EF810842AAA08EA988.d.F8B2605AF1B90E48D550948B89582D47.e.26778/value - {"text":"1103"}
COMMAND: GET /session/2eb25f1cbe9612d735ab0219d8fb520b/screenshot - {}
RESULT: {"text":"1103"}
COMMAND: GET /session/2eb25f1cbe9612d735ab0219d8fb520b/screenshot - {}
RESULT: {}
RESULT: {}
COMMAND: POST /session/2eb25f1cbe9612d735ab0219d8fb520b/actions - {"actions":[{"id":"action114","type":"key","parameters":{},"actions":[{"type":"keyDown","value":"î€‡"},{"type":"pause","duration":10},{"type":"keyUp","value":"î€‡"}]}]}
RESULT: {"actions":[{"id":"action114","type":"key","parameters":{},"actions":[{"type":"keyDown","value":"î€‡"},{"type":"pause","duration":10},{"type":"keyUp","value":"î€‡"}]}]}
COMMAND: POST /session/2eb25f1cbe9612d735ab0219d8fb520b/element - {"using":"xpath","value":"//input[@id=\"application-managecontracts-display-component---AddNewContract--site-inner\"]"}
COMMAND: GET /session/2eb25f1cbe9612d735ab0219d8fb520b/screenshot - {}
RESULT: {"using":"xpath","value":"//input[@id=\"application-managecontracts-display-component---AddNewContract--site-inner\"]"}
COMMAND: POST /session/2eb25f1cbe9612d735ab0219d8fb520b/element/f.1920C544C16071EF810842AAA08EA988.d.F8B2605AF1B90E48D550948B89582D47.e.26779/clear - {}
RESULT: {}
RESULT: {}
COMMAND: POST /session/2eb25f1cbe9612d735ab0219d8fb520b/element/f.1920C544C16071EF810842AAA08EA988.d.F8B2605AF1B90E48D550948B89582D47.e.26779/value - {"text":"2097"}
COMMAND: GET /session/2eb25f1cbe9612d735ab0219d8fb520b/screenshot - {}
RESULT: {"text":"2097"}
COMMAND: GET /session/2eb25f1cbe9612d735ab0219d8fb520b/screenshot - {}
RESULT: {}
RESULT: {}
COMMAND: POST /session/2eb25f1cbe9612d735ab0219d8fb520b/actions - {"actions":[{"id":"action115","type":"key","parameters":{},"actions":[{"type":"keyDown","value":"î€‡"},{"type":"pause","duration":10},{"type":"keyUp","value":"î€‡"}]}]}
RESULT: {"actions":[{"id":"action115","type":"key","parameters":{},"actions":[{"type":"keyDown","value":"î€‡"},{"type":"pause","duration":10},{"type":"keyUp","value":"î€‡"}]}]}
COMMAND: POST /session/2eb25f1cbe9612d735ab0219d8fb520b/execute/async - {"script":"<script> [1562 bytes]","args":[{"selector":{"id":"application-managecontracts-display-component---AddNewContract--calendarInput","interaction":{"idSuffix":"inner"}},"wdio_ui5_key":"applicationmanagecontracts-display-component---AddNewContract--calendarInput"}]}
COMMAND: GET /session/2eb25f1cbe9612d735ab0219d8fb520b/screenshot - {}
RESULT: {"script":"<script> [1562 bytes]","args":[{"selector":{"id":"application-managecontracts-display-component---AddNewContract--calendarInput","interaction":{"idSuffix":"inner"}},"wdio_ui5_key":"applicationmanagecontracts-display-component---AddNewContract--calendarInput"}]}
RESULT: undefined
COMMAND: POST /session/2eb25f1cbe9612d735ab0219d8fb520b/execute/async - {"script":"<script> [776 bytes]","args":[{"enterText":"1 - Calendar unit test patch","selector":{"id":"application-managecontracts-display-component---AddNewContract--calendarInput","interaction":{"idSuffix":"inner"}},"clearTextFirst":true,"interactionType":"ENTER_TEXT"}]}
RESULT: {}
RESULT: {"script":"<script> [776 bytes]","args":[{"enterText":"1 - Calendar unit test patch","selector":{"id":"application-managecontracts-display-component---AddNewContract--calendarInput","interaction":{"idSuffix":"inner"}},"clearTextFirst":true,"interactionType":"ENTER_TEXT"}]}
COMMAND: POST /session/2eb25f1cbe9612d735ab0219d8fb520b/actions - {"actions":[{"id":"action116","type":"key","parameters":{},"actions":[{"type":"keyDown","value":"î€‡"},{"type":"pause","duration":10},{"type":"keyUp","value":"î€‡"}]}]}
RESULT: {"actions":[{"id":"action116","type":"key","parameters":{},"actions":[{"type":"keyDown","value":"î€‡"},{"type":"pause","duration":10},{"type":"keyUp","value":"î€‡"}]}]}
COMMAND: POST /session/2eb25f1cbe9612d735ab0219d8fb520b/execute/async - {"script":"<script> [1562 bytes]","args":[{"selector":{"id":"application-managecontracts-display-component---AddNewContract--languageCB","interaction":{"idSuffix":"inner"}},"wdio_ui5_key":"applicationmanagecontracts-display-component---AddNewContract--languageCB"}]}
COMMAND: GET /session/2eb25f1cbe9612d735ab0219d8fb520b/screenshot - {}
RESULT: {"script":"<script> [1562 bytes]","args":[{"selector":{"id":"application-managecontracts-display-component---AddNewContract--languageCB","interaction":{"idSuffix":"inner"}},"wdio_ui5_key":"applicationmanagecontracts-display-component---AddNewContract--languageCB"}]}
RESULT: undefined
COMMAND: POST /session/2eb25f1cbe9612d735ab0219d8fb520b/execute/async - {"script":"<script> [776 bytes]","args":[{"enterText":"EN - English","selector":{"id":"application-managecontracts-display-component---AddNewContract--languageCB","interaction":{"idSuffix":"inner"}},"clearTextFirst":true,"interactionType":"ENTER_TEXT"}]}
RESULT: {}
RESULT: {"script":"<script> [776 bytes]","args":[{"enterText":"EN - English","selector":{"id":"application-managecontracts-display-component---AddNewContract--languageCB","interaction":{"idSuffix":"inner"}},"clearTextFirst":true,"interactionType":"ENTER_TEXT"}]}
COMMAND: POST /session/2eb25f1cbe9612d735ab0219d8fb520b/actions - {"actions":[{"id":"action117","type":"key","parameters":{},"actions":[{"type":"keyDown","value":"î€‡"},{"type":"pause","duration":10},{"type":"keyUp","value":"î€‡"}]}]}
RESULT: {"actions":[{"id":"action117","type":"key","parameters":{},"actions":[{"type":"keyDown","value":"î€‡"},{"type":"pause","duration":10},{"type":"keyUp","value":"î€‡"}]}]}
COMMAND: POST /session/2eb25f1cbe9612d735ab0219d8fb520b/execute/async - {"script":"<script> [1562 bytes]","args":[{"selector":{"id":"application-managecontracts-display-component---AddNewContract--saveBtn","interaction":{"idSuffix":"BDI-content"}},"wdio_ui5_key":"applicationmanagecontracts-display-component---AddNewContract--saveBtn"}]}
COMMAND: GET /session/2eb25f1cbe9612d735ab0219d8fb520b/screenshot - {}
RESULT: {"script":"<script> [1562 bytes]","args":[{"selector":{"id":"application-managecontracts-display-component---AddNewContract--saveBtn","interaction":{"idSuffix":"BDI-content"}},"wdio_ui5_key":"applicationmanagecontracts-display-component---AddNewContract--saveBtn"}]}
RESULT: undefined
COMMAND: POST /session/2eb25f1cbe9612d735ab0219d8fb520b/element - {"using":"xpath","value":"//*[@id=\"application-managecontracts-display-component---AddNewContract--saveBtn\"]"}
RESULT: {}
RESULT: {"using":"xpath","value":"//*[@id=\"application-managecontracts-display-component---AddNewContract--saveBtn\"]"}
COMMAND: POST /session/2eb25f1cbe9612d735ab0219d8fb520b/element/f.1920C544C16071EF810842AAA08EA988.d.F8B2605AF1B90E48D550948B89582D47.e.26796/click - {}
RESULT: {}
COMMAND: GET /session/2eb25f1cbe9612d735ab0219d8fb520b/screenshot - {}
RESULT: {}
COMMAND: POST /session/2eb25f1cbe9612d735ab0219d8fb520b/execute/async - {"script":"<script> [1562 bytes]","args":[{"selector":{"id":"contractDetailTitleNoExpanded","viewName":"etm.portal.ui.managecontracts.view.Detail"},"wdio_ui5_key":"contractDetailTitleNoExpandedetmportal.ui.managecontracts.view.Detail"}]}
RESULT: {"script":"<script> [1562 bytes]","args":[{"selector":{"id":"contractDetailTitleNoExpanded","viewName":"etm.portal.ui.managecontracts.view.Detail"},"wdio_ui5_key":"contractDetailTitleNoExpandedetmportal.ui.managecontracts.view.Detail"}]}
RESULT: undefined
COMMAND: POST /session/2eb25f1cbe9612d735ab0219d8fb520b/execute/async - {"script":"<script> [6424 bytes]","args":[{"element-6066-11e4-a52e-4f735466cecf":"f.1920C544C16071EF810842AAA08EA988.d.F8B2605AF1B90E48D550948B89582D47.e.26877"},"getText",[]]}
RESULT: {"script":"<script> [6424 bytes]","args":[{"element-6066-11e4-a52e-4f735466cecf":"f.1920C544C16071EF810842AAA08EA988.d.F8B2605AF1B90E48D550948B89582D47.e.26877"},"getText",[]]}
]]></system-out>
    </testcase>
    <testcase classname="chrome.135_0_7049_96.windows.Provide_to_Site_w/_warehouse_management_w_clarification" name="Should add resource to the contract" time="57.601">
      <system-out><![CDATA[
COMMAND: POST /session/2eb25f1cbe9612d735ab0219d8fb520b/execute/async - {"script":"<script> [1562 bytes]","args":[{"selector":{"id":"contractDetailEditBtn","viewName":"etm.portal.ui.managecontracts.view.Detail","interaction":{"idSuffix":"BDI-content"}},"wdio_ui5_key":"contractDetailEditBtnetmportal.ui.managecontracts.view.Detail"}]}
RESULT: {"script":"<script> [1562 bytes]","args":[{"selector":{"id":"contractDetailEditBtn","viewName":"etm.portal.ui.managecontracts.view.Detail","interaction":{"idSuffix":"BDI-content"}},"wdio_ui5_key":"contractDetailEditBtnetmportal.ui.managecontracts.view.Detail"}]}
RESULT: undefined
COMMAND: POST /session/2eb25f1cbe9612d735ab0219d8fb520b/element - {"using":"xpath","value":"//*[@id=\"__xmlview63--contractDetailEditBtn\"]"}
RESULT: {"using":"xpath","value":"//*[@id=\"__xmlview63--contractDetailEditBtn\"]"}
COMMAND: POST /session/2eb25f1cbe9612d735ab0219d8fb520b/element/f.1920C544C16071EF810842AAA08EA988.d.F8B2605AF1B90E48D550948B89582D47.e.26879/click - {}
RESULT: {}
COMMAND: GET /session/2eb25f1cbe9612d735ab0219d8fb520b/screenshot - {}
RESULT: {}
COMMAND: POST /session/2eb25f1cbe9612d735ab0219d8fb520b/execute/async - {"script":"<script> [1562 bytes]","args":[{"selector":{"id":"additionalAddressesTabFilter","viewName":"etm.portal.ui.managecontracts.view.EditContract","interaction":{"idSuffix":"text"}},"wdio_ui5_key":"additionalAddressesTabFilteretmportal.ui.managecontracts.view.EditContract"}]}
RESULT: {"script":"<script> [1562 bytes]","args":[{"selector":{"id":"additionalAddressesTabFilter","viewName":"etm.portal.ui.managecontracts.view.EditContract","interaction":{"idSuffix":"text"}},"wdio_ui5_key":"additionalAddressesTabFilteretmportal.ui.managecontracts.view.EditContract"}]}
RESULT: undefined
COMMAND: POST /session/2eb25f1cbe9612d735ab0219d8fb520b/element - {"using":"xpath","value":"//*[@id=\"__xmlview64--additionalAddressesTabFilter\"]"}
RESULT: {"using":"xpath","value":"//*[@id=\"__xmlview64--additionalAddressesTabFilter\"]"}
COMMAND: POST /session/2eb25f1cbe9612d735ab0219d8fb520b/element/f.1920C544C16071EF810842AAA08EA988.d.F8B2605AF1B90E48D550948B89582D47.e.26938/click - {}
RESULT: {}
RESULT: undefined
COMMAND: POST /session/2eb25f1cbe9612d735ab0219d8fb520b/element - {"using":"xpath","value":"//*[@id=\"__xmlview64--additionalAddressesTabFilter\"]"}
COMMAND: GET /session/2eb25f1cbe9612d735ab0219d8fb520b/screenshot - {}
RESULT: {"using":"xpath","value":"//*[@id=\"__xmlview64--additionalAddressesTabFilter\"]"}
COMMAND: POST /session/2eb25f1cbe9612d735ab0219d8fb520b/element/f.1920C544C16071EF810842AAA08EA988.d.F8B2605AF1B90E48D550948B89582D47.e.26938/click - {}
RESULT: {}
RESULT: {}
COMMAND: POST /session/2eb25f1cbe9612d735ab0219d8fb520b/execute/async - {"script":"<script> [1562 bytes]","args":[{"selector":{"controlType":"sap.ui.core.Icon","viewName":"etm.portal.ui.managecontracts.view.EditContract","properties":{"src":{"regex":{"source":"add"}}}},"wdio_ui5_key":"etmportal.ui.managecontracts.view.EditContractsap.ui.core.Icon{\"src\":{\"regex\":{\"source\":\"add\"}}}"}]}
COMMAND: GET /session/2eb25f1cbe9612d735ab0219d8fb520b/screenshot - {}
RESULT: {"script":"<script> [1562 bytes]","args":[{"selector":{"controlType":"sap.ui.core.Icon","viewName":"etm.portal.ui.managecontracts.view.EditContract","properties":{"src":{"regex":{"source":"add"}}}},"wdio_ui5_key":"etmportal.ui.managecontracts.view.EditContractsap.ui.core.Icon{\"src\":{\"regex\":{\"source\":\"add\"}}}"}]}
RESULT: undefined
COMMAND: POST /session/2eb25f1cbe9612d735ab0219d8fb520b/element - {"using":"xpath","value":"//*[@id=\"__xmlview64--btnAddTableRow-img\"]"}
RESULT: {}
RESULT: {"using":"xpath","value":"//*[@id=\"__xmlview64--btnAddTableRow-img\"]"}
COMMAND: POST /session/2eb25f1cbe9612d735ab0219d8fb520b/element/f.1920C544C16071EF810842AAA08EA988.d.F8B2605AF1B90E48D550948B89582D47.e.26941/click - {}
RESULT: {}
COMMAND: POST /session/2eb25f1cbe9612d735ab0219d8fb520b/element - {"using":"xpath","value":"//div[(text() = 'Standard Entry' or . = 'Standard Entry')]"}
COMMAND: GET /session/2eb25f1cbe9612d735ab0219d8fb520b/screenshot - {}
RESULT: {"using":"xpath","value":"//div[(text() = 'Standard Entry' or . = 'Standard Entry')]"}
COMMAND: POST /session/2eb25f1cbe9612d735ab0219d8fb520b/element/f.1920C544C16071EF810842AAA08EA988.d.F8B2605AF1B90E48D550948B89582D47.e.26943/click - {}
RESULT: {}
RESULT: {}
COMMAND: POST /session/2eb25f1cbe9612d735ab0219d8fb520b/execute/async - {"script":"<script> [1562 bytes]","args":[{"selector":{"controlType":"sap.ui.core.Icon","viewName":"etm.portal.ui.managecontracts.view.EditContract","properties":{"src":{"regex":{"source":"inspect"}}}},"wdio_ui5_key":"etmportal.ui.managecontracts.view.EditContractsap.ui.core.Icon{\"src\":{\"regex\":{\"source\":\"inspect\"}}}"}]}
COMMAND: GET /session/2eb25f1cbe9612d735ab0219d8fb520b/screenshot - {}
RESULT: {"script":"<script> [1562 bytes]","args":[{"selector":{"controlType":"sap.ui.core.Icon","viewName":"etm.portal.ui.managecontracts.view.EditContract","properties":{"src":{"regex":{"source":"inspect"}}}},"wdio_ui5_key":"etmportal.ui.managecontracts.view.EditContractsap.ui.core.Icon{\"src\":{\"regex\":{\"source\":\"inspect\"}}}"}]}
RESULT: undefined
COMMAND: POST /session/2eb25f1cbe9612d735ab0219d8fb520b/element - {"using":"xpath","value":"//*[@id=\"__button329-img\"]"}
RESULT: {}
RESULT: {"using":"xpath","value":"//*[@id=\"__button329-img\"]"}
COMMAND: POST /session/2eb25f1cbe9612d735ab0219d8fb520b/element/f.1920C544C16071EF810842AAA08EA988.d.F8B2605AF1B90E48D550948B89582D47.e.26955/click - {}
RESULT: {}
COMMAND: GET /session/2eb25f1cbe9612d735ab0219d8fb520b/screenshot - {}
RESULT: {}
COMMAND: POST /session/2eb25f1cbe9612d735ab0219d8fb520b/element - {"using":"xpath","value":"//td[6]/div/div/input[1]"}
RESULT: {"using":"xpath","value":"//td[6]/div/div/input[1]"}
COMMAND: POST /session/2eb25f1cbe9612d735ab0219d8fb520b/element/f.1920C544C16071EF810842AAA08EA988.d.F8B2605AF1B90E48D550948B89582D47.e.26945/clear - {}
RESULT: {}
COMMAND: GET /session/2eb25f1cbe9612d735ab0219d8fb520b/screenshot - {}
RESULT: {}
COMMAND: POST /session/2eb25f1cbe9612d735ab0219d8fb520b/element - {"using":"xpath","value":"//td[6]/div/div/input[1]"}
RESULT: {"using":"xpath","value":"//td[6]/div/div/input[1]"}
COMMAND: POST /session/2eb25f1cbe9612d735ab0219d8fb520b/element/f.1920C544C16071EF810842AAA08EA988.d.F8B2605AF1B90E48D550948B89582D47.e.26971/click - {}
RESULT: {}
COMMAND: POST /session/2eb25f1cbe9612d735ab0219d8fb520b/actions - {"actions":[{"id":"action118","type":"key","parameters":{},"actions":[{"type":"keyDown","value":"î€ƒ"},{"type":"pause","duration":10},{"type":"keyUp","value":"î€ƒ"}]}]}
COMMAND: GET /session/2eb25f1cbe9612d735ab0219d8fb520b/screenshot - {}
RESULT: {"actions":[{"id":"action118","type":"key","parameters":{},"actions":[{"type":"keyDown","value":"î€ƒ"},{"type":"pause","duration":10},{"type":"keyUp","value":"î€ƒ"}]}]}
COMMAND: POST /session/2eb25f1cbe9612d735ab0219d8fb520b/element - {"using":"xpath","value":"//td[6]/div/div/input[1]"}
COMMAND: GET /session/2eb25f1cbe9612d735ab0219d8fb520b/screenshot - {}
RESULT: {}
RESULT: {"using":"xpath","value":"//td[6]/div/div/input[1]"}
COMMAND: POST /session/2eb25f1cbe9612d735ab0219d8fb520b/element/f.1920C544C16071EF810842AAA08EA988.d.F8B2605AF1B90E48D550948B89582D47.e.26971/clear - {}
RESULT: {}
RESULT: {}
COMMAND: POST /session/2eb25f1cbe9612d735ab0219d8fb520b/element/f.1920C544C16071EF810842AAA08EA988.d.F8B2605AF1B90E48D550948B89582D47.e.26971/value - {"text":"Material"}
COMMAND: GET /session/2eb25f1cbe9612d735ab0219d8fb520b/screenshot - {}
RESULT: {"text":"Material"}
COMMAND: GET /session/2eb25f1cbe9612d735ab0219d8fb520b/screenshot - {}
RESULT: {}
RESULT: {}
COMMAND: POST /session/2eb25f1cbe9612d735ab0219d8fb520b/actions - {"actions":[{"id":"action119","type":"key","parameters":{},"actions":[{"type":"keyDown","value":"î€‡"},{"type":"pause","duration":10},{"type":"keyUp","value":"î€‡"}]}]}
RESULT: {"actions":[{"id":"action119","type":"key","parameters":{},"actions":[{"type":"keyDown","value":"î€‡"},{"type":"pause","duration":10},{"type":"keyUp","value":"î€‡"}]}]}
COMMAND: POST /session/2eb25f1cbe9612d735ab0219d8fb520b/element - {"using":"xpath","value":"//td[7]/div/div/input[1]"}
COMMAND: GET /session/2eb25f1cbe9612d735ab0219d8fb520b/screenshot - {}
RESULT: {"using":"xpath","value":"//td[7]/div/div/input[1]"}
COMMAND: POST /session/2eb25f1cbe9612d735ab0219d8fb520b/element/f.1920C544C16071EF810842AAA08EA988.d.F8B2605AF1B90E48D550948B89582D47.e.26993/clear - {}
RESULT: {}
RESULT: {}
COMMAND: POST /session/2eb25f1cbe9612d735ab0219d8fb520b/element/f.1920C544C16071EF810842AAA08EA988.d.F8B2605AF1B90E48D550948B89582D47.e.26993/value - {"text":"200085"}
COMMAND: GET /session/2eb25f1cbe9612d735ab0219d8fb520b/screenshot - {}
RESULT: {"text":"200085"}
COMMAND: GET /session/2eb25f1cbe9612d735ab0219d8fb520b/screenshot - {}
RESULT: {}
RESULT: {}
COMMAND: POST /session/2eb25f1cbe9612d735ab0219d8fb520b/actions - {"actions":[{"id":"action120","type":"key","parameters":{},"actions":[{"type":"keyDown","value":"î€‡"},{"type":"pause","duration":10},{"type":"keyUp","value":"î€‡"}]}]}
RESULT: {"actions":[{"id":"action120","type":"key","parameters":{},"actions":[{"type":"keyDown","value":"î€‡"},{"type":"pause","duration":10},{"type":"keyUp","value":"î€‡"}]}]}
COMMAND: POST /session/2eb25f1cbe9612d735ab0219d8fb520b/execute/async - {"script":"<script> [1562 bytes]","args":[{"selector":{"controlType":"sap.m.Button","properties":{"text":"OK"},"searchOpenDialogs":true,"interaction":{"idSuffix":"BDI-content"}},"wdio_ui5_key":"sapm.Button{\"text\":\"OK\"}"}]}
COMMAND: GET /session/2eb25f1cbe9612d735ab0219d8fb520b/screenshot - {}
RESULT: {"script":"<script> [1562 bytes]","args":[{"selector":{"controlType":"sap.m.Button","properties":{"text":"OK"},"searchOpenDialogs":true,"interaction":{"idSuffix":"BDI-content"}},"wdio_ui5_key":"sapm.Button{\"text\":\"OK\"}"}]}
RESULT: undefined
COMMAND: POST /session/2eb25f1cbe9612d735ab0219d8fb520b/element - {"using":"xpath","value":"//*[@id=\"__mbox-btn-1\"]"}
RESULT: {}
RESULT: {"using":"xpath","value":"//*[@id=\"__mbox-btn-1\"]"}
COMMAND: POST /session/2eb25f1cbe9612d735ab0219d8fb520b/element/f.1920C544C16071EF810842AAA08EA988.d.F8B2605AF1B90E48D550948B89582D47.e.27014/click - {}
RESULT: {}
COMMAND: POST /session/2eb25f1cbe9612d735ab0219d8fb520b/execute/async - {"script":"<script> [1562 bytes]","args":[{"selector":{"id":"saveBtn","viewName":"etm.portal.ui.managecontracts.view.EditContract","interaction":{"idSuffix":"BDI-content"}},"wdio_ui5_key":"saveBtnetmportal.ui.managecontracts.view.EditContract"}]}
COMMAND: GET /session/2eb25f1cbe9612d735ab0219d8fb520b/screenshot - {}
RESULT: {"script":"<script> [1562 bytes]","args":[{"selector":{"id":"saveBtn","viewName":"etm.portal.ui.managecontracts.view.EditContract","interaction":{"idSuffix":"BDI-content"}},"wdio_ui5_key":"saveBtnetmportal.ui.managecontracts.view.EditContract"}]}
RESULT: undefined
COMMAND: POST /session/2eb25f1cbe9612d735ab0219d8fb520b/element - {"using":"xpath","value":"//*[@id=\"__xmlview64--saveBtn\"]"}
RESULT: {}
RESULT: {"using":"xpath","value":"//*[@id=\"__xmlview64--saveBtn\"]"}
COMMAND: POST /session/2eb25f1cbe9612d735ab0219d8fb520b/element/f.1920C544C16071EF810842AAA08EA988.d.F8B2605AF1B90E48D550948B89582D47.e.27040/click - {}
RESULT: {}
COMMAND: GET /session/2eb25f1cbe9612d735ab0219d8fb520b/screenshot - {}
RESULT: {}
COMMAND: POST /session/2eb25f1cbe9612d735ab0219d8fb520b/execute/async - {"script":"<script> [1562 bytes]","args":[{"selector":{"id":"additionalAddressesTabFilter","viewName":"etm.portal.ui.managecontracts.view.Detail","interaction":{"idSuffix":"text"}},"wdio_ui5_key":"additionalAddressesTabFilteretmportal.ui.managecontracts.view.Detail"}]}
RESULT: {"script":"<script> [1562 bytes]","args":[{"selector":{"id":"additionalAddressesTabFilter","viewName":"etm.portal.ui.managecontracts.view.Detail","interaction":{"idSuffix":"text"}},"wdio_ui5_key":"additionalAddressesTabFilteretmportal.ui.managecontracts.view.Detail"}]}
RESULT: undefined
COMMAND: POST /session/2eb25f1cbe9612d735ab0219d8fb520b/element - {"using":"xpath","value":"//*[@id=\"__xmlview63--additionalAddressesTabFilter\"]"}
RESULT: {"using":"xpath","value":"//*[@id=\"__xmlview63--additionalAddressesTabFilter\"]"}
COMMAND: POST /session/2eb25f1cbe9612d735ab0219d8fb520b/element/f.1920C544C16071EF810842AAA08EA988.d.F8B2605AF1B90E48D550948B89582D47.e.27044/click - {}
RESULT: {}
COMMAND: POST /session/2eb25f1cbe9612d735ab0219d8fb520b/execute/async - {"script":"<script> [1562 bytes]","args":[{"selector":{"id":"contractDetailProvideButton","viewName":"etm.portal.ui.managecontracts.view.Detail","interaction":{"idSuffix":"BDI-content"}},"wdio_ui5_key":"contractDetailProvideButtonetmportal.ui.managecontracts.view.Detail"}]}
COMMAND: GET /session/2eb25f1cbe9612d735ab0219d8fb520b/screenshot - {}
RESULT: {"script":"<script> [1562 bytes]","args":[{"selector":{"id":"contractDetailProvideButton","viewName":"etm.portal.ui.managecontracts.view.Detail","interaction":{"idSuffix":"BDI-content"}},"wdio_ui5_key":"contractDetailProvideButtonetmportal.ui.managecontracts.view.Detail"}]}
RESULT: undefined
COMMAND: POST /session/2eb25f1cbe9612d735ab0219d8fb520b/element - {"using":"xpath","value":"//*[@id=\"__xmlview63--contractDetailProvideButton\"]"}
RESULT: {}
RESULT: {"using":"xpath","value":"//*[@id=\"__xmlview63--contractDetailProvideButton\"]"}
COMMAND: POST /session/2eb25f1cbe9612d735ab0219d8fb520b/element/f.1920C544C16071EF810842AAA08EA988.d.F8B2605AF1B90E48D550948B89582D47.e.27049/click - {}
RESULT: {}
COMMAND: GET /session/2eb25f1cbe9612d735ab0219d8fb520b/screenshot - {}
RESULT: {}
]]></system-out>
    </testcase>
    <testcase classname="chrome.135_0_7049_96.windows.Provide_to_Site_w/_warehouse_management_w_clarification" name="Should Create HandOvers provide to site" time="67.962">
      <system-out><![CDATA[
COMMAND: POST /session/2eb25f1cbe9612d735ab0219d8fb520b/element - {"using":"css selector","value":"#application-managehandovers-display-component---AddNewHO--dueDate-inner"}
RESULT: {"using":"css selector","value":"#application-managehandovers-display-component---AddNewHO--dueDate-inner"}
COMMAND: POST /session/2eb25f1cbe9612d735ab0219d8fb520b/element/f.1920C544C16071EF810842AAA08EA988.d.F8B2605AF1B90E48D550948B89582D47.e.27106/clear - {}
RESULT: {}
COMMAND: POST /session/2eb25f1cbe9612d735ab0219d8fb520b/element/f.1920C544C16071EF810842AAA08EA988.d.F8B2605AF1B90E48D550948B89582D47.e.27106/value - {"text":"4/25/25"}
COMMAND: GET /session/2eb25f1cbe9612d735ab0219d8fb520b/screenshot - {}
RESULT: {"text":"4/25/25"}
COMMAND: POST /session/2eb25f1cbe9612d735ab0219d8fb520b/element - {"using":"xpath","value":"//bdi[(text() = 'Items' or . = 'Items')]"}
COMMAND: GET /session/2eb25f1cbe9612d735ab0219d8fb520b/screenshot - {}
RESULT: {}
RESULT: {"using":"xpath","value":"//bdi[(text() = 'Items' or . = 'Items')]"}
COMMAND: POST /session/2eb25f1cbe9612d735ab0219d8fb520b/element/f.1920C544C16071EF810842AAA08EA988.d.F8B2605AF1B90E48D550948B89582D47.e.27217/click - {}
RESULT: {}
RESULT: {}
COMMAND: POST /session/2eb25f1cbe9612d735ab0219d8fb520b/execute/async - {"script":"<script> [1562 bytes]","args":[{"selector":{"controlType":"sap.m.Button","viewName":"etm.portal.ui.managehandovers.view.AddNewHO","viewId":"application-managehandovers-display-component---AddNewHO","i18NText":{"propertyName":"tooltip","key":"addItems"}},"wdio_ui5_key":"etmportal.ui.managehandovers.view.AddNewHOsap.m.Button{\"propertyName\":\"tooltip\",\"key\":\"addItems\"}"}]}
COMMAND: GET /session/2eb25f1cbe9612d735ab0219d8fb520b/screenshot - {}
RESULT: {"script":"<script> [1562 bytes]","args":[{"selector":{"controlType":"sap.m.Button","viewName":"etm.portal.ui.managehandovers.view.AddNewHO","viewId":"application-managehandovers-display-component---AddNewHO","i18NText":{"propertyName":"tooltip","key":"addItems"}},"wdio_ui5_key":"etmportal.ui.managehandovers.view.AddNewHOsap.m.Button{\"propertyName\":\"tooltip\",\"key\":\"addItems\"}"}]}
RESULT: undefined
COMMAND: POST /session/2eb25f1cbe9612d735ab0219d8fb520b/element - {"using":"xpath","value":"//*[@id=\"__button354\"]"}
RESULT: {}
RESULT: {"using":"xpath","value":"//*[@id=\"__button354\"]"}
COMMAND: POST /session/2eb25f1cbe9612d735ab0219d8fb520b/element/f.1920C544C16071EF810842AAA08EA988.d.F8B2605AF1B90E48D550948B89582D47.e.27222/click - {}
RESULT: {}
COMMAND: GET /session/2eb25f1cbe9612d735ab0219d8fb520b/screenshot - {}
RESULT: {}
COMMAND: POST /session/2eb25f1cbe9612d735ab0219d8fb520b/element - {"using":"css selector","value":"div[id= \"application-managehandovers-display-component---AddNewHO--popup-sa-CbBg\"]"}
RESULT: {"using":"css selector","value":"div[id= \"application-managehandovers-display-component---AddNewHO--popup-sa-CbBg\"]"}
COMMAND: POST /session/2eb25f1cbe9612d735ab0219d8fb520b/element/f.1920C544C16071EF810842AAA08EA988.d.F8B2605AF1B90E48D550948B89582D47.e.27232/click - {}
RESULT: {}
COMMAND: GET /session/2eb25f1cbe9612d735ab0219d8fb520b/screenshot - {}
RESULT: {}
COMMAND: POST /session/2eb25f1cbe9612d735ab0219d8fb520b/element - {"using":"xpath","value":"//bdi[(text() = 'Select' or . = 'Select')]"}
RESULT: {"using":"xpath","value":"//bdi[(text() = 'Select' or . = 'Select')]"}
COMMAND: POST /session/2eb25f1cbe9612d735ab0219d8fb520b/element/f.1920C544C16071EF810842AAA08EA988.d.F8B2605AF1B90E48D550948B89582D47.e.27234/click - {}
RESULT: {}
COMMAND: GET /session/2eb25f1cbe9612d735ab0219d8fb520b/screenshot - {}
RESULT: {}
COMMAND: POST /session/2eb25f1cbe9612d735ab0219d8fb520b/element - {"using":"xpath","value":"//bdi[(text() = 'Save' or . = 'Save')]"}
RESULT: {"using":"xpath","value":"//bdi[(text() = 'Save' or . = 'Save')]"}
COMMAND: POST /session/2eb25f1cbe9612d735ab0219d8fb520b/element/f.1920C544C16071EF810842AAA08EA988.d.F8B2605AF1B90E48D550948B89582D47.e.27242/click - {}
RESULT: {}
COMMAND: GET /session/2eb25f1cbe9612d735ab0219d8fb520b/screenshot - {}
RESULT: {}
COMMAND: POST /session/2eb25f1cbe9612d735ab0219d8fb520b/elements - {"using":"xpath","value":"//*[text()='Close']"}
RESULT: {"using":"xpath","value":"//*[text()='Close']"}
COMMAND: GET /session/2eb25f1cbe9612d735ab0219d8fb520b/element/f.1920C544C16071EF810842AAA08EA988.d.F8B2605AF1B90E48D550948B89582D47.e.27280/enabled - {}
RESULT: {}
COMMAND: POST /session/2eb25f1cbe9612d735ab0219d8fb520b/execute/sync - {"script":"<script> [8489 bytes]","args":[{"element-6066-11e4-a52e-4f735466cecf":"f.1920C544C16071EF810842AAA08EA988.d.F8B2605AF1B90E48D550948B89582D47.e.27280","ELEMENT":"f.1920C544C16071EF810842AAA08EA988.d.F8B2605AF1B90E48D550948B89582D47.e.27280"}]}
COMMAND: GET /session/2eb25f1cbe9612d735ab0219d8fb520b/screenshot - {}
RESULT: {"script":"<script> [8489 bytes]","args":[{"element-6066-11e4-a52e-4f735466cecf":"f.1920C544C16071EF810842AAA08EA988.d.F8B2605AF1B90E48D550948B89582D47.e.27280","ELEMENT":"f.1920C544C16071EF810842AAA08EA988.d.F8B2605AF1B90E48D550948B89582D47.e.27280"}]}
COMMAND: GET /session/2eb25f1cbe9612d735ab0219d8fb520b/screenshot - {}
RESULT: {}
RESULT: {}
COMMAND: POST /session/2eb25f1cbe9612d735ab0219d8fb520b/execute/sync - {"script":"<script> [8489 bytes]","args":[{"element-6066-11e4-a52e-4f735466cecf":"f.1920C544C16071EF810842AAA08EA988.d.F8B2605AF1B90E48D550948B89582D47.e.27280","ELEMENT":"f.1920C544C16071EF810842AAA08EA988.d.F8B2605AF1B90E48D550948B89582D47.e.27280"}]}
RESULT: {"script":"<script> [8489 bytes]","args":[{"element-6066-11e4-a52e-4f735466cecf":"f.1920C544C16071EF810842AAA08EA988.d.F8B2605AF1B90E48D550948B89582D47.e.27280","ELEMENT":"f.1920C544C16071EF810842AAA08EA988.d.F8B2605AF1B90E48D550948B89582D47.e.27280"}]}
COMMAND: GET /session/2eb25f1cbe9612d735ab0219d8fb520b/screenshot - {}
RESULT: {}
COMMAND: POST /session/2eb25f1cbe9612d735ab0219d8fb520b/execute/sync - {"script":"<script> [8489 bytes]","args":[{"element-6066-11e4-a52e-4f735466cecf":"f.1920C544C16071EF810842AAA08EA988.d.F8B2605AF1B90E48D550948B89582D47.e.27280","ELEMENT":"f.1920C544C16071EF810842AAA08EA988.d.F8B2605AF1B90E48D550948B89582D47.e.27280"}]}
RESULT: {"script":"<script> [8489 bytes]","args":[{"element-6066-11e4-a52e-4f735466cecf":"f.1920C544C16071EF810842AAA08EA988.d.F8B2605AF1B90E48D550948B89582D47.e.27280","ELEMENT":"f.1920C544C16071EF810842AAA08EA988.d.F8B2605AF1B90E48D550948B89582D47.e.27280"}]}
COMMAND: GET /session/2eb25f1cbe9612d735ab0219d8fb520b/screenshot - {}
RESULT: {}
COMMAND: POST /session/2eb25f1cbe9612d735ab0219d8fb520b/execute/sync - {"script":"<script> [8489 bytes]","args":[{"element-6066-11e4-a52e-4f735466cecf":"f.1920C544C16071EF810842AAA08EA988.d.F8B2605AF1B90E48D550948B89582D47.e.27280","ELEMENT":"f.1920C544C16071EF810842AAA08EA988.d.F8B2605AF1B90E48D550948B89582D47.e.27280"}]}
RESULT: {"script":"<script> [8489 bytes]","args":[{"element-6066-11e4-a52e-4f735466cecf":"f.1920C544C16071EF810842AAA08EA988.d.F8B2605AF1B90E48D550948B89582D47.e.27280","ELEMENT":"f.1920C544C16071EF810842AAA08EA988.d.F8B2605AF1B90E48D550948B89582D47.e.27280"}]}
COMMAND: GET /session/2eb25f1cbe9612d735ab0219d8fb520b/screenshot - {}
RESULT: {}
COMMAND: POST /session/2eb25f1cbe9612d735ab0219d8fb520b/execute/sync - {"script":"<script> [8489 bytes]","args":[{"element-6066-11e4-a52e-4f735466cecf":"f.1920C544C16071EF810842AAA08EA988.d.F8B2605AF1B90E48D550948B89582D47.e.27280","ELEMENT":"f.1920C544C16071EF810842AAA08EA988.d.F8B2605AF1B90E48D550948B89582D47.e.27280"}]}
RESULT: {"script":"<script> [8489 bytes]","args":[{"element-6066-11e4-a52e-4f735466cecf":"f.1920C544C16071EF810842AAA08EA988.d.F8B2605AF1B90E48D550948B89582D47.e.27280","ELEMENT":"f.1920C544C16071EF810842AAA08EA988.d.F8B2605AF1B90E48D550948B89582D47.e.27280"}]}
COMMAND: GET /session/2eb25f1cbe9612d735ab0219d8fb520b/screenshot - {}
RESULT: {}
COMMAND: POST /session/2eb25f1cbe9612d735ab0219d8fb520b/execute/sync - {"script":"<script> [8489 bytes]","args":[{"element-6066-11e4-a52e-4f735466cecf":"f.1920C544C16071EF810842AAA08EA988.d.F8B2605AF1B90E48D550948B89582D47.e.27280","ELEMENT":"f.1920C544C16071EF810842AAA08EA988.d.F8B2605AF1B90E48D550948B89582D47.e.27280"}]}
RESULT: {"script":"<script> [8489 bytes]","args":[{"element-6066-11e4-a52e-4f735466cecf":"f.1920C544C16071EF810842AAA08EA988.d.F8B2605AF1B90E48D550948B89582D47.e.27280","ELEMENT":"f.1920C544C16071EF810842AAA08EA988.d.F8B2605AF1B90E48D550948B89582D47.e.27280"}]}
COMMAND: GET /session/2eb25f1cbe9612d735ab0219d8fb520b/screenshot - {}
RESULT: {}
COMMAND: POST /session/2eb25f1cbe9612d735ab0219d8fb520b/execute/sync - {"script":"<script> [8489 bytes]","args":[{"element-6066-11e4-a52e-4f735466cecf":"f.1920C544C16071EF810842AAA08EA988.d.F8B2605AF1B90E48D550948B89582D47.e.27280","ELEMENT":"f.1920C544C16071EF810842AAA08EA988.d.F8B2605AF1B90E48D550948B89582D47.e.27280"}]}
RESULT: {"script":"<script> [8489 bytes]","args":[{"element-6066-11e4-a52e-4f735466cecf":"f.1920C544C16071EF810842AAA08EA988.d.F8B2605AF1B90E48D550948B89582D47.e.27280","ELEMENT":"f.1920C544C16071EF810842AAA08EA988.d.F8B2605AF1B90E48D550948B89582D47.e.27280"}]}
COMMAND: GET /session/2eb25f1cbe9612d735ab0219d8fb520b/screenshot - {}
RESULT: {}
COMMAND: POST /session/2eb25f1cbe9612d735ab0219d8fb520b/execute/sync - {"script":"<script> [8489 bytes]","args":[{"element-6066-11e4-a52e-4f735466cecf":"f.1920C544C16071EF810842AAA08EA988.d.F8B2605AF1B90E48D550948B89582D47.e.27280","ELEMENT":"f.1920C544C16071EF810842AAA08EA988.d.F8B2605AF1B90E48D550948B89582D47.e.27280"}]}
RESULT: {"script":"<script> [8489 bytes]","args":[{"element-6066-11e4-a52e-4f735466cecf":"f.1920C544C16071EF810842AAA08EA988.d.F8B2605AF1B90E48D550948B89582D47.e.27280","ELEMENT":"f.1920C544C16071EF810842AAA08EA988.d.F8B2605AF1B90E48D550948B89582D47.e.27280"}]}
COMMAND: GET /session/2eb25f1cbe9612d735ab0219d8fb520b/screenshot - {}
RESULT: {}
COMMAND: POST /session/2eb25f1cbe9612d735ab0219d8fb520b/execute/sync - {"script":"<script> [8489 bytes]","args":[{"element-6066-11e4-a52e-4f735466cecf":"f.1920C544C16071EF810842AAA08EA988.d.F8B2605AF1B90E48D550948B89582D47.e.27280","ELEMENT":"f.1920C544C16071EF810842AAA08EA988.d.F8B2605AF1B90E48D550948B89582D47.e.27280"}]}
RESULT: {"script":"<script> [8489 bytes]","args":[{"element-6066-11e4-a52e-4f735466cecf":"f.1920C544C16071EF810842AAA08EA988.d.F8B2605AF1B90E48D550948B89582D47.e.27280","ELEMENT":"f.1920C544C16071EF810842AAA08EA988.d.F8B2605AF1B90E48D550948B89582D47.e.27280"}]}
COMMAND: GET /session/2eb25f1cbe9612d735ab0219d8fb520b/screenshot - {}
RESULT: {}
COMMAND: POST /session/2eb25f1cbe9612d735ab0219d8fb520b/execute/sync - {"script":"<script> [8489 bytes]","args":[{"element-6066-11e4-a52e-4f735466cecf":"f.1920C544C16071EF810842AAA08EA988.d.F8B2605AF1B90E48D550948B89582D47.e.27280","ELEMENT":"f.1920C544C16071EF810842AAA08EA988.d.F8B2605AF1B90E48D550948B89582D47.e.27280"}]}
RESULT: {"script":"<script> [8489 bytes]","args":[{"element-6066-11e4-a52e-4f735466cecf":"f.1920C544C16071EF810842AAA08EA988.d.F8B2605AF1B90E48D550948B89582D47.e.27280","ELEMENT":"f.1920C544C16071EF810842AAA08EA988.d.F8B2605AF1B90E48D550948B89582D47.e.27280"}]}
COMMAND: GET /session/2eb25f1cbe9612d735ab0219d8fb520b/screenshot - {}
RESULT: {}
COMMAND: POST /session/2eb25f1cbe9612d735ab0219d8fb520b/execute/sync - {"script":"<script> [8489 bytes]","args":[{"element-6066-11e4-a52e-4f735466cecf":"f.1920C544C16071EF810842AAA08EA988.d.F8B2605AF1B90E48D550948B89582D47.e.27280","ELEMENT":"f.1920C544C16071EF810842AAA08EA988.d.F8B2605AF1B90E48D550948B89582D47.e.27280"}]}
RESULT: {"script":"<script> [8489 bytes]","args":[{"element-6066-11e4-a52e-4f735466cecf":"f.1920C544C16071EF810842AAA08EA988.d.F8B2605AF1B90E48D550948B89582D47.e.27280","ELEMENT":"f.1920C544C16071EF810842AAA08EA988.d.F8B2605AF1B90E48D550948B89582D47.e.27280"}]}
COMMAND: GET /session/2eb25f1cbe9612d735ab0219d8fb520b/screenshot - {}
RESULT: {}
COMMAND: POST /session/2eb25f1cbe9612d735ab0219d8fb520b/execute/sync - {"script":"<script> [8489 bytes]","args":[{"element-6066-11e4-a52e-4f735466cecf":"f.1920C544C16071EF810842AAA08EA988.d.F8B2605AF1B90E48D550948B89582D47.e.27280","ELEMENT":"f.1920C544C16071EF810842AAA08EA988.d.F8B2605AF1B90E48D550948B89582D47.e.27280"}]}
RESULT: {"script":"<script> [8489 bytes]","args":[{"element-6066-11e4-a52e-4f735466cecf":"f.1920C544C16071EF810842AAA08EA988.d.F8B2605AF1B90E48D550948B89582D47.e.27280","ELEMENT":"f.1920C544C16071EF810842AAA08EA988.d.F8B2605AF1B90E48D550948B89582D47.e.27280"}]}
COMMAND: GET /session/2eb25f1cbe9612d735ab0219d8fb520b/screenshot - {}
RESULT: {}
COMMAND: POST /session/2eb25f1cbe9612d735ab0219d8fb520b/execute/sync - {"script":"<script> [8489 bytes]","args":[{"element-6066-11e4-a52e-4f735466cecf":"f.1920C544C16071EF810842AAA08EA988.d.F8B2605AF1B90E48D550948B89582D47.e.27280","ELEMENT":"f.1920C544C16071EF810842AAA08EA988.d.F8B2605AF1B90E48D550948B89582D47.e.27280"}]}
RESULT: {"script":"<script> [8489 bytes]","args":[{"element-6066-11e4-a52e-4f735466cecf":"f.1920C544C16071EF810842AAA08EA988.d.F8B2605AF1B90E48D550948B89582D47.e.27280","ELEMENT":"f.1920C544C16071EF810842AAA08EA988.d.F8B2605AF1B90E48D550948B89582D47.e.27280"}]}
COMMAND: GET /session/2eb25f1cbe9612d735ab0219d8fb520b/screenshot - {}
RESULT: {}
COMMAND: POST /session/2eb25f1cbe9612d735ab0219d8fb520b/execute/sync - {"script":"<script> [8489 bytes]","args":[{"element-6066-11e4-a52e-4f735466cecf":"f.1920C544C16071EF810842AAA08EA988.d.F8B2605AF1B90E48D550948B89582D47.e.27280","ELEMENT":"f.1920C544C16071EF810842AAA08EA988.d.F8B2605AF1B90E48D550948B89582D47.e.27280"}]}
RESULT: {"script":"<script> [8489 bytes]","args":[{"element-6066-11e4-a52e-4f735466cecf":"f.1920C544C16071EF810842AAA08EA988.d.F8B2605AF1B90E48D550948B89582D47.e.27280","ELEMENT":"f.1920C544C16071EF810842AAA08EA988.d.F8B2605AF1B90E48D550948B89582D47.e.27280"}]}
COMMAND: POST /session/2eb25f1cbe9612d735ab0219d8fb520b/execute/sync - {"script":"<script> [8489 bytes]","args":[{"element-6066-11e4-a52e-4f735466cecf":"f.1920C544C16071EF810842AAA08EA988.d.F8B2605AF1B90E48D550948B89582D47.e.27280","ELEMENT":"f.1920C544C16071EF810842AAA08EA988.d.F8B2605AF1B90E48D550948B89582D47.e.27280"}]}
COMMAND: GET /session/2eb25f1cbe9612d735ab0219d8fb520b/screenshot - {}
RESULT: {}
RESULT: {"script":"<script> [8489 bytes]","args":[{"element-6066-11e4-a52e-4f735466cecf":"f.1920C544C16071EF810842AAA08EA988.d.F8B2605AF1B90E48D550948B89582D47.e.27280","ELEMENT":"f.1920C544C16071EF810842AAA08EA988.d.F8B2605AF1B90E48D550948B89582D47.e.27280"}]}
COMMAND: POST /session/2eb25f1cbe9612d735ab0219d8fb520b/execute/sync - {"script":"<script> [8489 bytes]","args":[{"element-6066-11e4-a52e-4f735466cecf":"f.1920C544C16071EF810842AAA08EA988.d.F8B2605AF1B90E48D550948B89582D47.e.27280","ELEMENT":"f.1920C544C16071EF810842AAA08EA988.d.F8B2605AF1B90E48D550948B89582D47.e.27280"}]}
COMMAND: GET /session/2eb25f1cbe9612d735ab0219d8fb520b/screenshot - {}
RESULT: {"script":"<script> [8489 bytes]","args":[{"element-6066-11e4-a52e-4f735466cecf":"f.1920C544C16071EF810842AAA08EA988.d.F8B2605AF1B90E48D550948B89582D47.e.27280","ELEMENT":"f.1920C544C16071EF810842AAA08EA988.d.F8B2605AF1B90E48D550948B89582D47.e.27280"}]}
COMMAND: GET /session/2eb25f1cbe9612d735ab0219d8fb520b/screenshot - {}
RESULT: {}
COMMAND: POST /session/2eb25f1cbe9612d735ab0219d8fb520b/execute/sync - {"script":"<script> [8489 bytes]","args":[{"element-6066-11e4-a52e-4f735466cecf":"f.1920C544C16071EF810842AAA08EA988.d.F8B2605AF1B90E48D550948B89582D47.e.27280","ELEMENT":"f.1920C544C16071EF810842AAA08EA988.d.F8B2605AF1B90E48D550948B89582D47.e.27280"}]}
RESULT: {}
RESULT: {"script":"<script> [8489 bytes]","args":[{"element-6066-11e4-a52e-4f735466cecf":"f.1920C544C16071EF810842AAA08EA988.d.F8B2605AF1B90E48D550948B89582D47.e.27280","ELEMENT":"f.1920C544C16071EF810842AAA08EA988.d.F8B2605AF1B90E48D550948B89582D47.e.27280"}]}
COMMAND: GET /session/2eb25f1cbe9612d735ab0219d8fb520b/screenshot - {}
RESULT: {}
COMMAND: POST /session/2eb25f1cbe9612d735ab0219d8fb520b/execute/sync - {"script":"<script> [8489 bytes]","args":[{"element-6066-11e4-a52e-4f735466cecf":"f.1920C544C16071EF810842AAA08EA988.d.F8B2605AF1B90E48D550948B89582D47.e.27280","ELEMENT":"f.1920C544C16071EF810842AAA08EA988.d.F8B2605AF1B90E48D550948B89582D47.e.27280"}]}
RESULT: {"script":"<script> [8489 bytes]","args":[{"element-6066-11e4-a52e-4f735466cecf":"f.1920C544C16071EF810842AAA08EA988.d.F8B2605AF1B90E48D550948B89582D47.e.27280","ELEMENT":"f.1920C544C16071EF810842AAA08EA988.d.F8B2605AF1B90E48D550948B89582D47.e.27280"}]}
COMMAND: GET /session/2eb25f1cbe9612d735ab0219d8fb520b/screenshot - {}
RESULT: {}
COMMAND: POST /session/2eb25f1cbe9612d735ab0219d8fb520b/execute/sync - {"script":"<script> [8489 bytes]","args":[{"element-6066-11e4-a52e-4f735466cecf":"f.1920C544C16071EF810842AAA08EA988.d.F8B2605AF1B90E48D550948B89582D47.e.27280","ELEMENT":"f.1920C544C16071EF810842AAA08EA988.d.F8B2605AF1B90E48D550948B89582D47.e.27280"}]}
RESULT: {"script":"<script> [8489 bytes]","args":[{"element-6066-11e4-a52e-4f735466cecf":"f.1920C544C16071EF810842AAA08EA988.d.F8B2605AF1B90E48D550948B89582D47.e.27280","ELEMENT":"f.1920C544C16071EF810842AAA08EA988.d.F8B2605AF1B90E48D550948B89582D47.e.27280"}]}
COMMAND: GET /session/2eb25f1cbe9612d735ab0219d8fb520b/screenshot - {}
RESULT: {}
COMMAND: POST /session/2eb25f1cbe9612d735ab0219d8fb520b/execute/sync - {"script":"<script> [8489 bytes]","args":[{"element-6066-11e4-a52e-4f735466cecf":"f.1920C544C16071EF810842AAA08EA988.d.F8B2605AF1B90E48D550948B89582D47.e.27280","ELEMENT":"f.1920C544C16071EF810842AAA08EA988.d.F8B2605AF1B90E48D550948B89582D47.e.27280"}]}
RESULT: {"script":"<script> [8489 bytes]","args":[{"element-6066-11e4-a52e-4f735466cecf":"f.1920C544C16071EF810842AAA08EA988.d.F8B2605AF1B90E48D550948B89582D47.e.27280","ELEMENT":"f.1920C544C16071EF810842AAA08EA988.d.F8B2605AF1B90E48D550948B89582D47.e.27280"}]}
COMMAND: GET /session/2eb25f1cbe9612d735ab0219d8fb520b/screenshot - {}
RESULT: {}
COMMAND: POST /session/2eb25f1cbe9612d735ab0219d8fb520b/execute/sync - {"script":"<script> [8489 bytes]","args":[{"element-6066-11e4-a52e-4f735466cecf":"f.1920C544C16071EF810842AAA08EA988.d.F8B2605AF1B90E48D550948B89582D47.e.27280","ELEMENT":"f.1920C544C16071EF810842AAA08EA988.d.F8B2605AF1B90E48D550948B89582D47.e.27280"}]}
RESULT: {"script":"<script> [8489 bytes]","args":[{"element-6066-11e4-a52e-4f735466cecf":"f.1920C544C16071EF810842AAA08EA988.d.F8B2605AF1B90E48D550948B89582D47.e.27280","ELEMENT":"f.1920C544C16071EF810842AAA08EA988.d.F8B2605AF1B90E48D550948B89582D47.e.27280"}]}
COMMAND: GET /session/2eb25f1cbe9612d735ab0219d8fb520b/screenshot - {}
RESULT: {}
COMMAND: POST /session/2eb25f1cbe9612d735ab0219d8fb520b/execute/sync - {"script":"<script> [8489 bytes]","args":[{"element-6066-11e4-a52e-4f735466cecf":"f.1920C544C16071EF810842AAA08EA988.d.F8B2605AF1B90E48D550948B89582D47.e.27280","ELEMENT":"f.1920C544C16071EF810842AAA08EA988.d.F8B2605AF1B90E48D550948B89582D47.e.27280"}]}
RESULT: {"script":"<script> [8489 bytes]","args":[{"element-6066-11e4-a52e-4f735466cecf":"f.1920C544C16071EF810842AAA08EA988.d.F8B2605AF1B90E48D550948B89582D47.e.27280","ELEMENT":"f.1920C544C16071EF810842AAA08EA988.d.F8B2605AF1B90E48D550948B89582D47.e.27280"}]}
COMMAND: GET /session/2eb25f1cbe9612d735ab0219d8fb520b/screenshot - {}
RESULT: {}
COMMAND: POST /session/2eb25f1cbe9612d735ab0219d8fb520b/execute/sync - {"script":"<script> [8489 bytes]","args":[{"element-6066-11e4-a52e-4f735466cecf":"f.1920C544C16071EF810842AAA08EA988.d.F8B2605AF1B90E48D550948B89582D47.e.27280","ELEMENT":"f.1920C544C16071EF810842AAA08EA988.d.F8B2605AF1B90E48D550948B89582D47.e.27280"}]}
RESULT: {"script":"<script> [8489 bytes]","args":[{"element-6066-11e4-a52e-4f735466cecf":"f.1920C544C16071EF810842AAA08EA988.d.F8B2605AF1B90E48D550948B89582D47.e.27280","ELEMENT":"f.1920C544C16071EF810842AAA08EA988.d.F8B2605AF1B90E48D550948B89582D47.e.27280"}]}
COMMAND: GET /session/2eb25f1cbe9612d735ab0219d8fb520b/screenshot - {}
RESULT: {}
COMMAND: POST /session/2eb25f1cbe9612d735ab0219d8fb520b/execute/sync - {"script":"<script> [8489 bytes]","args":[{"element-6066-11e4-a52e-4f735466cecf":"f.1920C544C16071EF810842AAA08EA988.d.F8B2605AF1B90E48D550948B89582D47.e.27280","ELEMENT":"f.1920C544C16071EF810842AAA08EA988.d.F8B2605AF1B90E48D550948B89582D47.e.27280"}]}
RESULT: {"script":"<script> [8489 bytes]","args":[{"element-6066-11e4-a52e-4f735466cecf":"f.1920C544C16071EF810842AAA08EA988.d.F8B2605AF1B90E48D550948B89582D47.e.27280","ELEMENT":"f.1920C544C16071EF810842AAA08EA988.d.F8B2605AF1B90E48D550948B89582D47.e.27280"}]}
COMMAND: GET /session/2eb25f1cbe9612d735ab0219d8fb520b/screenshot - {}
RESULT: {}
COMMAND: POST /session/2eb25f1cbe9612d735ab0219d8fb520b/execute/sync - {"script":"<script> [8489 bytes]","args":[{"element-6066-11e4-a52e-4f735466cecf":"f.1920C544C16071EF810842AAA08EA988.d.F8B2605AF1B90E48D550948B89582D47.e.27280","ELEMENT":"f.1920C544C16071EF810842AAA08EA988.d.F8B2605AF1B90E48D550948B89582D47.e.27280"}]}
RESULT: {"script":"<script> [8489 bytes]","args":[{"element-6066-11e4-a52e-4f735466cecf":"f.1920C544C16071EF810842AAA08EA988.d.F8B2605AF1B90E48D550948B89582D47.e.27280","ELEMENT":"f.1920C544C16071EF810842AAA08EA988.d.F8B2605AF1B90E48D550948B89582D47.e.27280"}]}
COMMAND: GET /session/2eb25f1cbe9612d735ab0219d8fb520b/screenshot - {}
RESULT: {}
COMMAND: POST /session/2eb25f1cbe9612d735ab0219d8fb520b/execute/sync - {"script":"<script> [8489 bytes]","args":[{"element-6066-11e4-a52e-4f735466cecf":"f.1920C544C16071EF810842AAA08EA988.d.F8B2605AF1B90E48D550948B89582D47.e.27280","ELEMENT":"f.1920C544C16071EF810842AAA08EA988.d.F8B2605AF1B90E48D550948B89582D47.e.27280"}]}
RESULT: {"script":"<script> [8489 bytes]","args":[{"element-6066-11e4-a52e-4f735466cecf":"f.1920C544C16071EF810842AAA08EA988.d.F8B2605AF1B90E48D550948B89582D47.e.27280","ELEMENT":"f.1920C544C16071EF810842AAA08EA988.d.F8B2605AF1B90E48D550948B89582D47.e.27280"}]}
COMMAND: GET /session/2eb25f1cbe9612d735ab0219d8fb520b/screenshot - {}
RESULT: {}
COMMAND: POST /session/2eb25f1cbe9612d735ab0219d8fb520b/execute/sync - {"script":"<script> [8489 bytes]","args":[{"element-6066-11e4-a52e-4f735466cecf":"f.1920C544C16071EF810842AAA08EA988.d.F8B2605AF1B90E48D550948B89582D47.e.27280","ELEMENT":"f.1920C544C16071EF810842AAA08EA988.d.F8B2605AF1B90E48D550948B89582D47.e.27280"}]}
RESULT: {"script":"<script> [8489 bytes]","args":[{"element-6066-11e4-a52e-4f735466cecf":"f.1920C544C16071EF810842AAA08EA988.d.F8B2605AF1B90E48D550948B89582D47.e.27280","ELEMENT":"f.1920C544C16071EF810842AAA08EA988.d.F8B2605AF1B90E48D550948B89582D47.e.27280"}]}
COMMAND: GET /session/2eb25f1cbe9612d735ab0219d8fb520b/screenshot - {}
RESULT: {}
COMMAND: POST /session/2eb25f1cbe9612d735ab0219d8fb520b/execute/sync - {"script":"<script> [8489 bytes]","args":[{"element-6066-11e4-a52e-4f735466cecf":"f.1920C544C16071EF810842AAA08EA988.d.F8B2605AF1B90E48D550948B89582D47.e.27280","ELEMENT":"f.1920C544C16071EF810842AAA08EA988.d.F8B2605AF1B90E48D550948B89582D47.e.27280"}]}
RESULT: {"script":"<script> [8489 bytes]","args":[{"element-6066-11e4-a52e-4f735466cecf":"f.1920C544C16071EF810842AAA08EA988.d.F8B2605AF1B90E48D550948B89582D47.e.27280","ELEMENT":"f.1920C544C16071EF810842AAA08EA988.d.F8B2605AF1B90E48D550948B89582D47.e.27280"}]}
COMMAND: GET /session/2eb25f1cbe9612d735ab0219d8fb520b/screenshot - {}
RESULT: {}
COMMAND: POST /session/2eb25f1cbe9612d735ab0219d8fb520b/execute/sync - {"script":"<script> [8489 bytes]","args":[{"element-6066-11e4-a52e-4f735466cecf":"f.1920C544C16071EF810842AAA08EA988.d.F8B2605AF1B90E48D550948B89582D47.e.27280","ELEMENT":"f.1920C544C16071EF810842AAA08EA988.d.F8B2605AF1B90E48D550948B89582D47.e.27280"}]}
RESULT: {"script":"<script> [8489 bytes]","args":[{"element-6066-11e4-a52e-4f735466cecf":"f.1920C544C16071EF810842AAA08EA988.d.F8B2605AF1B90E48D550948B89582D47.e.27280","ELEMENT":"f.1920C544C16071EF810842AAA08EA988.d.F8B2605AF1B90E48D550948B89582D47.e.27280"}]}
COMMAND: GET /session/2eb25f1cbe9612d735ab0219d8fb520b/screenshot - {}
RESULT: {}
COMMAND: POST /session/2eb25f1cbe9612d735ab0219d8fb520b/execute/sync - {"script":"<script> [8489 bytes]","args":[{"element-6066-11e4-a52e-4f735466cecf":"f.1920C544C16071EF810842AAA08EA988.d.F8B2605AF1B90E48D550948B89582D47.e.27280","ELEMENT":"f.1920C544C16071EF810842AAA08EA988.d.F8B2605AF1B90E48D550948B89582D47.e.27280"}]}
RESULT: {"script":"<script> [8489 bytes]","args":[{"element-6066-11e4-a52e-4f735466cecf":"f.1920C544C16071EF810842AAA08EA988.d.F8B2605AF1B90E48D550948B89582D47.e.27280","ELEMENT":"f.1920C544C16071EF810842AAA08EA988.d.F8B2605AF1B90E48D550948B89582D47.e.27280"}]}
COMMAND: GET /session/2eb25f1cbe9612d735ab0219d8fb520b/screenshot - {}
RESULT: {}
COMMAND: POST /session/2eb25f1cbe9612d735ab0219d8fb520b/execute/sync - {"script":"<script> [8489 bytes]","args":[{"element-6066-11e4-a52e-4f735466cecf":"f.1920C544C16071EF810842AAA08EA988.d.F8B2605AF1B90E48D550948B89582D47.e.27280","ELEMENT":"f.1920C544C16071EF810842AAA08EA988.d.F8B2605AF1B90E48D550948B89582D47.e.27280"}]}
RESULT: {"script":"<script> [8489 bytes]","args":[{"element-6066-11e4-a52e-4f735466cecf":"f.1920C544C16071EF810842AAA08EA988.d.F8B2605AF1B90E48D550948B89582D47.e.27280","ELEMENT":"f.1920C544C16071EF810842AAA08EA988.d.F8B2605AF1B90E48D550948B89582D47.e.27280"}]}
COMMAND: GET /session/2eb25f1cbe9612d735ab0219d8fb520b/screenshot - {}
RESULT: {}
COMMAND: POST /session/2eb25f1cbe9612d735ab0219d8fb520b/execute/sync - {"script":"<script> [8489 bytes]","args":[{"element-6066-11e4-a52e-4f735466cecf":"f.1920C544C16071EF810842AAA08EA988.d.F8B2605AF1B90E48D550948B89582D47.e.27280","ELEMENT":"f.1920C544C16071EF810842AAA08EA988.d.F8B2605AF1B90E48D550948B89582D47.e.27280"}]}
RESULT: {"script":"<script> [8489 bytes]","args":[{"element-6066-11e4-a52e-4f735466cecf":"f.1920C544C16071EF810842AAA08EA988.d.F8B2605AF1B90E48D550948B89582D47.e.27280","ELEMENT":"f.1920C544C16071EF810842AAA08EA988.d.F8B2605AF1B90E48D550948B89582D47.e.27280"}]}
COMMAND: GET /session/2eb25f1cbe9612d735ab0219d8fb520b/screenshot - {}
RESULT: {}
COMMAND: POST /session/2eb25f1cbe9612d735ab0219d8fb520b/execute/sync - {"script":"<script> [8489 bytes]","args":[{"element-6066-11e4-a52e-4f735466cecf":"f.1920C544C16071EF810842AAA08EA988.d.F8B2605AF1B90E48D550948B89582D47.e.27280","ELEMENT":"f.1920C544C16071EF810842AAA08EA988.d.F8B2605AF1B90E48D550948B89582D47.e.27280"}]}
RESULT: {"script":"<script> [8489 bytes]","args":[{"element-6066-11e4-a52e-4f735466cecf":"f.1920C544C16071EF810842AAA08EA988.d.F8B2605AF1B90E48D550948B89582D47.e.27280","ELEMENT":"f.1920C544C16071EF810842AAA08EA988.d.F8B2605AF1B90E48D550948B89582D47.e.27280"}]}
COMMAND: GET /session/2eb25f1cbe9612d735ab0219d8fb520b/screenshot - {}
RESULT: {}
COMMAND: POST /session/2eb25f1cbe9612d735ab0219d8fb520b/execute/sync - {"script":"<script> [8489 bytes]","args":[{"element-6066-11e4-a52e-4f735466cecf":"f.1920C544C16071EF810842AAA08EA988.d.F8B2605AF1B90E48D550948B89582D47.e.27280","ELEMENT":"f.1920C544C16071EF810842AAA08EA988.d.F8B2605AF1B90E48D550948B89582D47.e.27280"}]}
RESULT: {"script":"<script> [8489 bytes]","args":[{"element-6066-11e4-a52e-4f735466cecf":"f.1920C544C16071EF810842AAA08EA988.d.F8B2605AF1B90E48D550948B89582D47.e.27280","ELEMENT":"f.1920C544C16071EF810842AAA08EA988.d.F8B2605AF1B90E48D550948B89582D47.e.27280"}]}
COMMAND: GET /session/2eb25f1cbe9612d735ab0219d8fb520b/screenshot - {}
RESULT: {}
COMMAND: POST /session/2eb25f1cbe9612d735ab0219d8fb520b/execute/sync - {"script":"<script> [8489 bytes]","args":[{"element-6066-11e4-a52e-4f735466cecf":"f.1920C544C16071EF810842AAA08EA988.d.F8B2605AF1B90E48D550948B89582D47.e.27280","ELEMENT":"f.1920C544C16071EF810842AAA08EA988.d.F8B2605AF1B90E48D550948B89582D47.e.27280"}]}
RESULT: {"script":"<script> [8489 bytes]","args":[{"element-6066-11e4-a52e-4f735466cecf":"f.1920C544C16071EF810842AAA08EA988.d.F8B2605AF1B90E48D550948B89582D47.e.27280","ELEMENT":"f.1920C544C16071EF810842AAA08EA988.d.F8B2605AF1B90E48D550948B89582D47.e.27280"}]}
COMMAND: GET /session/2eb25f1cbe9612d735ab0219d8fb520b/screenshot - {}
RESULT: {}
COMMAND: POST /session/2eb25f1cbe9612d735ab0219d8fb520b/execute/sync - {"script":"<script> [8489 bytes]","args":[{"element-6066-11e4-a52e-4f735466cecf":"f.1920C544C16071EF810842AAA08EA988.d.F8B2605AF1B90E48D550948B89582D47.e.27280","ELEMENT":"f.1920C544C16071EF810842AAA08EA988.d.F8B2605AF1B90E48D550948B89582D47.e.27280"}]}
RESULT: {"script":"<script> [8489 bytes]","args":[{"element-6066-11e4-a52e-4f735466cecf":"f.1920C544C16071EF810842AAA08EA988.d.F8B2605AF1B90E48D550948B89582D47.e.27280","ELEMENT":"f.1920C544C16071EF810842AAA08EA988.d.F8B2605AF1B90E48D550948B89582D47.e.27280"}]}
COMMAND: GET /session/2eb25f1cbe9612d735ab0219d8fb520b/screenshot - {}
RESULT: {}
COMMAND: POST /session/2eb25f1cbe9612d735ab0219d8fb520b/execute/sync - {"script":"<script> [8489 bytes]","args":[{"element-6066-11e4-a52e-4f735466cecf":"f.1920C544C16071EF810842AAA08EA988.d.F8B2605AF1B90E48D550948B89582D47.e.27280","ELEMENT":"f.1920C544C16071EF810842AAA08EA988.d.F8B2605AF1B90E48D550948B89582D47.e.27280"}]}
RESULT: {"script":"<script> [8489 bytes]","args":[{"element-6066-11e4-a52e-4f735466cecf":"f.1920C544C16071EF810842AAA08EA988.d.F8B2605AF1B90E48D550948B89582D47.e.27280","ELEMENT":"f.1920C544C16071EF810842AAA08EA988.d.F8B2605AF1B90E48D550948B89582D47.e.27280"}]}
COMMAND: GET /session/2eb25f1cbe9612d735ab0219d8fb520b/screenshot - {}
RESULT: {}
COMMAND: POST /session/2eb25f1cbe9612d735ab0219d8fb520b/execute/sync - {"script":"<script> [8489 bytes]","args":[{"element-6066-11e4-a52e-4f735466cecf":"f.1920C544C16071EF810842AAA08EA988.d.F8B2605AF1B90E48D550948B89582D47.e.27280","ELEMENT":"f.1920C544C16071EF810842AAA08EA988.d.F8B2605AF1B90E48D550948B89582D47.e.27280"}]}
RESULT: {"script":"<script> [8489 bytes]","args":[{"element-6066-11e4-a52e-4f735466cecf":"f.1920C544C16071EF810842AAA08EA988.d.F8B2605AF1B90E48D550948B89582D47.e.27280","ELEMENT":"f.1920C544C16071EF810842AAA08EA988.d.F8B2605AF1B90E48D550948B89582D47.e.27280"}]}
COMMAND: GET /session/2eb25f1cbe9612d735ab0219d8fb520b/screenshot - {}
RESULT: {}
COMMAND: POST /session/2eb25f1cbe9612d735ab0219d8fb520b/execute/sync - {"script":"<script> [8489 bytes]","args":[{"element-6066-11e4-a52e-4f735466cecf":"f.1920C544C16071EF810842AAA08EA988.d.F8B2605AF1B90E48D550948B89582D47.e.27280","ELEMENT":"f.1920C544C16071EF810842AAA08EA988.d.F8B2605AF1B90E48D550948B89582D47.e.27280"}]}
RESULT: {"script":"<script> [8489 bytes]","args":[{"element-6066-11e4-a52e-4f735466cecf":"f.1920C544C16071EF810842AAA08EA988.d.F8B2605AF1B90E48D550948B89582D47.e.27280","ELEMENT":"f.1920C544C16071EF810842AAA08EA988.d.F8B2605AF1B90E48D550948B89582D47.e.27280"}]}
COMMAND: GET /session/2eb25f1cbe9612d735ab0219d8fb520b/screenshot - {}
RESULT: {}
COMMAND: POST /session/2eb25f1cbe9612d735ab0219d8fb520b/execute/sync - {"script":"<script> [8489 bytes]","args":[{"element-6066-11e4-a52e-4f735466cecf":"f.1920C544C16071EF810842AAA08EA988.d.F8B2605AF1B90E48D550948B89582D47.e.27280","ELEMENT":"f.1920C544C16071EF810842AAA08EA988.d.F8B2605AF1B90E48D550948B89582D47.e.27280"}]}
RESULT: {"script":"<script> [8489 bytes]","args":[{"element-6066-11e4-a52e-4f735466cecf":"f.1920C544C16071EF810842AAA08EA988.d.F8B2605AF1B90E48D550948B89582D47.e.27280","ELEMENT":"f.1920C544C16071EF810842AAA08EA988.d.F8B2605AF1B90E48D550948B89582D47.e.27280"}]}
COMMAND: GET /session/2eb25f1cbe9612d735ab0219d8fb520b/screenshot - {}
RESULT: {}
COMMAND: POST /session/2eb25f1cbe9612d735ab0219d8fb520b/execute/sync - {"script":"<script> [8489 bytes]","args":[{"element-6066-11e4-a52e-4f735466cecf":"f.1920C544C16071EF810842AAA08EA988.d.F8B2605AF1B90E48D550948B89582D47.e.27280","ELEMENT":"f.1920C544C16071EF810842AAA08EA988.d.F8B2605AF1B90E48D550948B89582D47.e.27280"}]}
RESULT: {"script":"<script> [8489 bytes]","args":[{"element-6066-11e4-a52e-4f735466cecf":"f.1920C544C16071EF810842AAA08EA988.d.F8B2605AF1B90E48D550948B89582D47.e.27280","ELEMENT":"f.1920C544C16071EF810842AAA08EA988.d.F8B2605AF1B90E48D550948B89582D47.e.27280"}]}
COMMAND: GET /session/2eb25f1cbe9612d735ab0219d8fb520b/screenshot - {}
RESULT: {}
COMMAND: POST /session/2eb25f1cbe9612d735ab0219d8fb520b/execute/sync - {"script":"<script> [8489 bytes]","args":[{"element-6066-11e4-a52e-4f735466cecf":"f.1920C544C16071EF810842AAA08EA988.d.F8B2605AF1B90E48D550948B89582D47.e.27280","ELEMENT":"f.1920C544C16071EF810842AAA08EA988.d.F8B2605AF1B90E48D550948B89582D47.e.27280"}]}
RESULT: {"script":"<script> [8489 bytes]","args":[{"element-6066-11e4-a52e-4f735466cecf":"f.1920C544C16071EF810842AAA08EA988.d.F8B2605AF1B90E48D550948B89582D47.e.27280","ELEMENT":"f.1920C544C16071EF810842AAA08EA988.d.F8B2605AF1B90E48D550948B89582D47.e.27280"}]}
COMMAND: GET /session/2eb25f1cbe9612d735ab0219d8fb520b/screenshot - {}
COMMAND: POST /session/2eb25f1cbe9612d735ab0219d8fb520b/execute/sync - {"script":"<script> [8489 bytes]","args":[{"element-6066-11e4-a52e-4f735466cecf":"f.1920C544C16071EF810842AAA08EA988.d.F8B2605AF1B90E48D550948B89582D47.e.27280","ELEMENT":"f.1920C544C16071EF810842AAA08EA988.d.F8B2605AF1B90E48D550948B89582D47.e.27280"}]}
RESULT: {}
RESULT: {"script":"<script> [8489 bytes]","args":[{"element-6066-11e4-a52e-4f735466cecf":"f.1920C544C16071EF810842AAA08EA988.d.F8B2605AF1B90E48D550948B89582D47.e.27280","ELEMENT":"f.1920C544C16071EF810842AAA08EA988.d.F8B2605AF1B90E48D550948B89582D47.e.27280"}]}
COMMAND: GET /session/2eb25f1cbe9612d735ab0219d8fb520b/screenshot - {}
COMMAND: POST /session/2eb25f1cbe9612d735ab0219d8fb520b/execute/sync - {"script":"<script> [8489 bytes]","args":[{"element-6066-11e4-a52e-4f735466cecf":"f.1920C544C16071EF810842AAA08EA988.d.F8B2605AF1B90E48D550948B89582D47.e.27280","ELEMENT":"f.1920C544C16071EF810842AAA08EA988.d.F8B2605AF1B90E48D550948B89582D47.e.27280"}]}
RESULT: {}
RESULT: {"script":"<script> [8489 bytes]","args":[{"element-6066-11e4-a52e-4f735466cecf":"f.1920C544C16071EF810842AAA08EA988.d.F8B2605AF1B90E48D550948B89582D47.e.27280","ELEMENT":"f.1920C544C16071EF810842AAA08EA988.d.F8B2605AF1B90E48D550948B89582D47.e.27280"}]}
COMMAND: GET /session/2eb25f1cbe9612d735ab0219d8fb520b/screenshot - {}
RESULT: {}
COMMAND: POST /session/2eb25f1cbe9612d735ab0219d8fb520b/execute/sync - {"script":"<script> [8489 bytes]","args":[{"element-6066-11e4-a52e-4f735466cecf":"f.1920C544C16071EF810842AAA08EA988.d.F8B2605AF1B90E48D550948B89582D47.e.27280","ELEMENT":"f.1920C544C16071EF810842AAA08EA988.d.F8B2605AF1B90E48D550948B89582D47.e.27280"}]}
RESULT: {"script":"<script> [8489 bytes]","args":[{"element-6066-11e4-a52e-4f735466cecf":"f.1920C544C16071EF810842AAA08EA988.d.F8B2605AF1B90E48D550948B89582D47.e.27280","ELEMENT":"f.1920C544C16071EF810842AAA08EA988.d.F8B2605AF1B90E48D550948B89582D47.e.27280"}]}
COMMAND: GET /session/2eb25f1cbe9612d735ab0219d8fb520b/screenshot - {}
RESULT: {}
COMMAND: POST /session/2eb25f1cbe9612d735ab0219d8fb520b/execute/sync - {"script":"<script> [8489 bytes]","args":[{"element-6066-11e4-a52e-4f735466cecf":"f.1920C544C16071EF810842AAA08EA988.d.F8B2605AF1B90E48D550948B89582D47.e.27280","ELEMENT":"f.1920C544C16071EF810842AAA08EA988.d.F8B2605AF1B90E48D550948B89582D47.e.27280"}]}
RESULT: {"script":"<script> [8489 bytes]","args":[{"element-6066-11e4-a52e-4f735466cecf":"f.1920C544C16071EF810842AAA08EA988.d.F8B2605AF1B90E48D550948B89582D47.e.27280","ELEMENT":"f.1920C544C16071EF810842AAA08EA988.d.F8B2605AF1B90E48D550948B89582D47.e.27280"}]}
COMMAND: GET /session/2eb25f1cbe9612d735ab0219d8fb520b/screenshot - {}
RESULT: {}
COMMAND: POST /session/2eb25f1cbe9612d735ab0219d8fb520b/execute/sync - {"script":"<script> [8489 bytes]","args":[{"element-6066-11e4-a52e-4f735466cecf":"f.1920C544C16071EF810842AAA08EA988.d.F8B2605AF1B90E48D550948B89582D47.e.27280","ELEMENT":"f.1920C544C16071EF810842AAA08EA988.d.F8B2605AF1B90E48D550948B89582D47.e.27280"}]}
RESULT: {"script":"<script> [8489 bytes]","args":[{"element-6066-11e4-a52e-4f735466cecf":"f.1920C544C16071EF810842AAA08EA988.d.F8B2605AF1B90E48D550948B89582D47.e.27280","ELEMENT":"f.1920C544C16071EF810842AAA08EA988.d.F8B2605AF1B90E48D550948B89582D47.e.27280"}]}
COMMAND: GET /session/2eb25f1cbe9612d735ab0219d8fb520b/screenshot - {}
RESULT: {}
COMMAND: POST /session/2eb25f1cbe9612d735ab0219d8fb520b/execute/sync - {"script":"<script> [8489 bytes]","args":[{"element-6066-11e4-a52e-4f735466cecf":"f.1920C544C16071EF810842AAA08EA988.d.F8B2605AF1B90E48D550948B89582D47.e.27280","ELEMENT":"f.1920C544C16071EF810842AAA08EA988.d.F8B2605AF1B90E48D550948B89582D47.e.27280"}]}
RESULT: {"script":"<script> [8489 bytes]","args":[{"element-6066-11e4-a52e-4f735466cecf":"f.1920C544C16071EF810842AAA08EA988.d.F8B2605AF1B90E48D550948B89582D47.e.27280","ELEMENT":"f.1920C544C16071EF810842AAA08EA988.d.F8B2605AF1B90E48D550948B89582D47.e.27280"}]}
COMMAND: GET /session/2eb25f1cbe9612d735ab0219d8fb520b/screenshot - {}
RESULT: {}
COMMAND: POST /session/2eb25f1cbe9612d735ab0219d8fb520b/execute/sync - {"script":"<script> [8489 bytes]","args":[{"element-6066-11e4-a52e-4f735466cecf":"f.1920C544C16071EF810842AAA08EA988.d.F8B2605AF1B90E48D550948B89582D47.e.27280","ELEMENT":"f.1920C544C16071EF810842AAA08EA988.d.F8B2605AF1B90E48D550948B89582D47.e.27280"}]}
RESULT: {"script":"<script> [8489 bytes]","args":[{"element-6066-11e4-a52e-4f735466cecf":"f.1920C544C16071EF810842AAA08EA988.d.F8B2605AF1B90E48D550948B89582D47.e.27280","ELEMENT":"f.1920C544C16071EF810842AAA08EA988.d.F8B2605AF1B90E48D550948B89582D47.e.27280"}]}
COMMAND: GET /session/2eb25f1cbe9612d735ab0219d8fb520b/screenshot - {}
RESULT: {}
COMMAND: POST /session/2eb25f1cbe9612d735ab0219d8fb520b/execute/sync - {"script":"<script> [8489 bytes]","args":[{"element-6066-11e4-a52e-4f735466cecf":"f.1920C544C16071EF810842AAA08EA988.d.F8B2605AF1B90E48D550948B89582D47.e.27280","ELEMENT":"f.1920C544C16071EF810842AAA08EA988.d.F8B2605AF1B90E48D550948B89582D47.e.27280"}]}
RESULT: {"script":"<script> [8489 bytes]","args":[{"element-6066-11e4-a52e-4f735466cecf":"f.1920C544C16071EF810842AAA08EA988.d.F8B2605AF1B90E48D550948B89582D47.e.27280","ELEMENT":"f.1920C544C16071EF810842AAA08EA988.d.F8B2605AF1B90E48D550948B89582D47.e.27280"}]}
COMMAND: GET /session/2eb25f1cbe9612d735ab0219d8fb520b/screenshot - {}
RESULT: {}
COMMAND: POST /session/2eb25f1cbe9612d735ab0219d8fb520b/execute/sync - {"script":"<script> [8489 bytes]","args":[{"element-6066-11e4-a52e-4f735466cecf":"f.1920C544C16071EF810842AAA08EA988.d.F8B2605AF1B90E48D550948B89582D47.e.27280","ELEMENT":"f.1920C544C16071EF810842AAA08EA988.d.F8B2605AF1B90E48D550948B89582D47.e.27280"}]}
RESULT: {"script":"<script> [8489 bytes]","args":[{"element-6066-11e4-a52e-4f735466cecf":"f.1920C544C16071EF810842AAA08EA988.d.F8B2605AF1B90E48D550948B89582D47.e.27280","ELEMENT":"f.1920C544C16071EF810842AAA08EA988.d.F8B2605AF1B90E48D550948B89582D47.e.27280"}]}
COMMAND: GET /session/2eb25f1cbe9612d735ab0219d8fb520b/screenshot - {}
RESULT: {}
COMMAND: POST /session/2eb25f1cbe9612d735ab0219d8fb520b/execute/sync - {"script":"<script> [8489 bytes]","args":[{"element-6066-11e4-a52e-4f735466cecf":"f.1920C544C16071EF810842AAA08EA988.d.F8B2605AF1B90E48D550948B89582D47.e.27280","ELEMENT":"f.1920C544C16071EF810842AAA08EA988.d.F8B2605AF1B90E48D550948B89582D47.e.27280"}]}
RESULT: {"script":"<script> [8489 bytes]","args":[{"element-6066-11e4-a52e-4f735466cecf":"f.1920C544C16071EF810842AAA08EA988.d.F8B2605AF1B90E48D550948B89582D47.e.27280","ELEMENT":"f.1920C544C16071EF810842AAA08EA988.d.F8B2605AF1B90E48D550948B89582D47.e.27280"}]}
COMMAND: GET /session/2eb25f1cbe9612d735ab0219d8fb520b/screenshot - {}
RESULT: {}
COMMAND: POST /session/2eb25f1cbe9612d735ab0219d8fb520b/execute/sync - {"script":"<script> [8489 bytes]","args":[{"element-6066-11e4-a52e-4f735466cecf":"f.1920C544C16071EF810842AAA08EA988.d.F8B2605AF1B90E48D550948B89582D47.e.27280","ELEMENT":"f.1920C544C16071EF810842AAA08EA988.d.F8B2605AF1B90E48D550948B89582D47.e.27280"}]}
RESULT: {"script":"<script> [8489 bytes]","args":[{"element-6066-11e4-a52e-4f735466cecf":"f.1920C544C16071EF810842AAA08EA988.d.F8B2605AF1B90E48D550948B89582D47.e.27280","ELEMENT":"f.1920C544C16071EF810842AAA08EA988.d.F8B2605AF1B90E48D550948B89582D47.e.27280"}]}
COMMAND: GET /session/2eb25f1cbe9612d735ab0219d8fb520b/screenshot - {}
RESULT: {}
COMMAND: POST /session/2eb25f1cbe9612d735ab0219d8fb520b/execute/sync - {"script":"<script> [8489 bytes]","args":[{"element-6066-11e4-a52e-4f735466cecf":"f.1920C544C16071EF810842AAA08EA988.d.F8B2605AF1B90E48D550948B89582D47.e.27280","ELEMENT":"f.1920C544C16071EF810842AAA08EA988.d.F8B2605AF1B90E48D550948B89582D47.e.27280"}]}
RESULT: {"script":"<script> [8489 bytes]","args":[{"element-6066-11e4-a52e-4f735466cecf":"f.1920C544C16071EF810842AAA08EA988.d.F8B2605AF1B90E48D550948B89582D47.e.27280","ELEMENT":"f.1920C544C16071EF810842AAA08EA988.d.F8B2605AF1B90E48D550948B89582D47.e.27280"}]}
COMMAND: GET /session/2eb25f1cbe9612d735ab0219d8fb520b/screenshot - {}
RESULT: {}
COMMAND: POST /session/2eb25f1cbe9612d735ab0219d8fb520b/execute/sync - {"script":"<script> [8489 bytes]","args":[{"element-6066-11e4-a52e-4f735466cecf":"f.1920C544C16071EF810842AAA08EA988.d.F8B2605AF1B90E48D550948B89582D47.e.27280","ELEMENT":"f.1920C544C16071EF810842AAA08EA988.d.F8B2605AF1B90E48D550948B89582D47.e.27280"}]}
RESULT: {"script":"<script> [8489 bytes]","args":[{"element-6066-11e4-a52e-4f735466cecf":"f.1920C544C16071EF810842AAA08EA988.d.F8B2605AF1B90E48D550948B89582D47.e.27280","ELEMENT":"f.1920C544C16071EF810842AAA08EA988.d.F8B2605AF1B90E48D550948B89582D47.e.27280"}]}
COMMAND: GET /session/2eb25f1cbe9612d735ab0219d8fb520b/screenshot - {}
RESULT: {}
COMMAND: POST /session/2eb25f1cbe9612d735ab0219d8fb520b/execute/sync - {"script":"<script> [8489 bytes]","args":[{"element-6066-11e4-a52e-4f735466cecf":"f.1920C544C16071EF810842AAA08EA988.d.F8B2605AF1B90E48D550948B89582D47.e.27280","ELEMENT":"f.1920C544C16071EF810842AAA08EA988.d.F8B2605AF1B90E48D550948B89582D47.e.27280"}]}
RESULT: {"script":"<script> [8489 bytes]","args":[{"element-6066-11e4-a52e-4f735466cecf":"f.1920C544C16071EF810842AAA08EA988.d.F8B2605AF1B90E48D550948B89582D47.e.27280","ELEMENT":"f.1920C544C16071EF810842AAA08EA988.d.F8B2605AF1B90E48D550948B89582D47.e.27280"}]}
COMMAND: GET /session/2eb25f1cbe9612d735ab0219d8fb520b/screenshot - {}
RESULT: {}
COMMAND: POST /session/2eb25f1cbe9612d735ab0219d8fb520b/execute/sync - {"script":"<script> [8489 bytes]","args":[{"element-6066-11e4-a52e-4f735466cecf":"f.1920C544C16071EF810842AAA08EA988.d.F8B2605AF1B90E48D550948B89582D47.e.27280","ELEMENT":"f.1920C544C16071EF810842AAA08EA988.d.F8B2605AF1B90E48D550948B89582D47.e.27280"}]}
RESULT: {"script":"<script> [8489 bytes]","args":[{"element-6066-11e4-a52e-4f735466cecf":"f.1920C544C16071EF810842AAA08EA988.d.F8B2605AF1B90E48D550948B89582D47.e.27280","ELEMENT":"f.1920C544C16071EF810842AAA08EA988.d.F8B2605AF1B90E48D550948B89582D47.e.27280"}]}
COMMAND: GET /session/2eb25f1cbe9612d735ab0219d8fb520b/screenshot - {}
RESULT: {}
COMMAND: POST /session/2eb25f1cbe9612d735ab0219d8fb520b/execute/sync - {"script":"<script> [8489 bytes]","args":[{"element-6066-11e4-a52e-4f735466cecf":"f.1920C544C16071EF810842AAA08EA988.d.F8B2605AF1B90E48D550948B89582D47.e.27280","ELEMENT":"f.1920C544C16071EF810842AAA08EA988.d.F8B2605AF1B90E48D550948B89582D47.e.27280"}]}
RESULT: {"script":"<script> [8489 bytes]","args":[{"element-6066-11e4-a52e-4f735466cecf":"f.1920C544C16071EF810842AAA08EA988.d.F8B2605AF1B90E48D550948B89582D47.e.27280","ELEMENT":"f.1920C544C16071EF810842AAA08EA988.d.F8B2605AF1B90E48D550948B89582D47.e.27280"}]}
COMMAND: GET /session/2eb25f1cbe9612d735ab0219d8fb520b/screenshot - {}
RESULT: {}
COMMAND: POST /session/2eb25f1cbe9612d735ab0219d8fb520b/execute/sync - {"script":"<script> [8489 bytes]","args":[{"element-6066-11e4-a52e-4f735466cecf":"f.1920C544C16071EF810842AAA08EA988.d.F8B2605AF1B90E48D550948B89582D47.e.27280","ELEMENT":"f.1920C544C16071EF810842AAA08EA988.d.F8B2605AF1B90E48D550948B89582D47.e.27280"}]}
RESULT: {"script":"<script> [8489 bytes]","args":[{"element-6066-11e4-a52e-4f735466cecf":"f.1920C544C16071EF810842AAA08EA988.d.F8B2605AF1B90E48D550948B89582D47.e.27280","ELEMENT":"f.1920C544C16071EF810842AAA08EA988.d.F8B2605AF1B90E48D550948B89582D47.e.27280"}]}
COMMAND: GET /session/2eb25f1cbe9612d735ab0219d8fb520b/screenshot - {}
RESULT: {}
COMMAND: POST /session/2eb25f1cbe9612d735ab0219d8fb520b/execute/sync - {"script":"<script> [8489 bytes]","args":[{"element-6066-11e4-a52e-4f735466cecf":"f.1920C544C16071EF810842AAA08EA988.d.F8B2605AF1B90E48D550948B89582D47.e.27280","ELEMENT":"f.1920C544C16071EF810842AAA08EA988.d.F8B2605AF1B90E48D550948B89582D47.e.27280"}]}
RESULT: {"script":"<script> [8489 bytes]","args":[{"element-6066-11e4-a52e-4f735466cecf":"f.1920C544C16071EF810842AAA08EA988.d.F8B2605AF1B90E48D550948B89582D47.e.27280","ELEMENT":"f.1920C544C16071EF810842AAA08EA988.d.F8B2605AF1B90E48D550948B89582D47.e.27280"}]}
COMMAND: GET /session/2eb25f1cbe9612d735ab0219d8fb520b/screenshot - {}
RESULT: {}
COMMAND: POST /session/2eb25f1cbe9612d735ab0219d8fb520b/execute/sync - {"script":"<script> [8489 bytes]","args":[{"element-6066-11e4-a52e-4f735466cecf":"f.1920C544C16071EF810842AAA08EA988.d.F8B2605AF1B90E48D550948B89582D47.e.27280","ELEMENT":"f.1920C544C16071EF810842AAA08EA988.d.F8B2605AF1B90E48D550948B89582D47.e.27280"}]}
RESULT: {"script":"<script> [8489 bytes]","args":[{"element-6066-11e4-a52e-4f735466cecf":"f.1920C544C16071EF810842AAA08EA988.d.F8B2605AF1B90E48D550948B89582D47.e.27280","ELEMENT":"f.1920C544C16071EF810842AAA08EA988.d.F8B2605AF1B90E48D550948B89582D47.e.27280"}]}
COMMAND: GET /session/2eb25f1cbe9612d735ab0219d8fb520b/screenshot - {}
RESULT: {}
COMMAND: POST /session/2eb25f1cbe9612d735ab0219d8fb520b/execute/sync - {"script":"<script> [8489 bytes]","args":[{"element-6066-11e4-a52e-4f735466cecf":"f.1920C544C16071EF810842AAA08EA988.d.F8B2605AF1B90E48D550948B89582D47.e.27280","ELEMENT":"f.1920C544C16071EF810842AAA08EA988.d.F8B2605AF1B90E48D550948B89582D47.e.27280"}]}
RESULT: {"script":"<script> [8489 bytes]","args":[{"element-6066-11e4-a52e-4f735466cecf":"f.1920C544C16071EF810842AAA08EA988.d.F8B2605AF1B90E48D550948B89582D47.e.27280","ELEMENT":"f.1920C544C16071EF810842AAA08EA988.d.F8B2605AF1B90E48D550948B89582D47.e.27280"}]}
COMMAND: GET /session/2eb25f1cbe9612d735ab0219d8fb520b/screenshot - {}
RESULT: {}
COMMAND: POST /session/2eb25f1cbe9612d735ab0219d8fb520b/execute/sync - {"script":"<script> [8489 bytes]","args":[{"element-6066-11e4-a52e-4f735466cecf":"f.1920C544C16071EF810842AAA08EA988.d.F8B2605AF1B90E48D550948B89582D47.e.27280","ELEMENT":"f.1920C544C16071EF810842AAA08EA988.d.F8B2605AF1B90E48D550948B89582D47.e.27280"}]}
RESULT: {"script":"<script> [8489 bytes]","args":[{"element-6066-11e4-a52e-4f735466cecf":"f.1920C544C16071EF810842AAA08EA988.d.F8B2605AF1B90E48D550948B89582D47.e.27280","ELEMENT":"f.1920C544C16071EF810842AAA08EA988.d.F8B2605AF1B90E48D550948B89582D47.e.27280"}]}
COMMAND: GET /session/2eb25f1cbe9612d735ab0219d8fb520b/screenshot - {}
RESULT: {}
COMMAND: POST /session/2eb25f1cbe9612d735ab0219d8fb520b/execute/sync - {"script":"<script> [8489 bytes]","args":[{"element-6066-11e4-a52e-4f735466cecf":"f.1920C544C16071EF810842AAA08EA988.d.F8B2605AF1B90E48D550948B89582D47.e.27280","ELEMENT":"f.1920C544C16071EF810842AAA08EA988.d.F8B2605AF1B90E48D550948B89582D47.e.27280"}]}
RESULT: {"script":"<script> [8489 bytes]","args":[{"element-6066-11e4-a52e-4f735466cecf":"f.1920C544C16071EF810842AAA08EA988.d.F8B2605AF1B90E48D550948B89582D47.e.27280","ELEMENT":"f.1920C544C16071EF810842AAA08EA988.d.F8B2605AF1B90E48D550948B89582D47.e.27280"}]}
COMMAND: GET /session/2eb25f1cbe9612d735ab0219d8fb520b/screenshot - {}
RESULT: {}
COMMAND: POST /session/2eb25f1cbe9612d735ab0219d8fb520b/execute/sync - {"script":"<script> [8489 bytes]","args":[{"element-6066-11e4-a52e-4f735466cecf":"f.1920C544C16071EF810842AAA08EA988.d.F8B2605AF1B90E48D550948B89582D47.e.27280","ELEMENT":"f.1920C544C16071EF810842AAA08EA988.d.F8B2605AF1B90E48D550948B89582D47.e.27280"}]}
RESULT: {"script":"<script> [8489 bytes]","args":[{"element-6066-11e4-a52e-4f735466cecf":"f.1920C544C16071EF810842AAA08EA988.d.F8B2605AF1B90E48D550948B89582D47.e.27280","ELEMENT":"f.1920C544C16071EF810842AAA08EA988.d.F8B2605AF1B90E48D550948B89582D47.e.27280"}]}
COMMAND: GET /session/2eb25f1cbe9612d735ab0219d8fb520b/screenshot - {}
RESULT: {}
COMMAND: POST /session/2eb25f1cbe9612d735ab0219d8fb520b/execute/sync - {"script":"<script> [8489 bytes]","args":[{"element-6066-11e4-a52e-4f735466cecf":"f.1920C544C16071EF810842AAA08EA988.d.F8B2605AF1B90E48D550948B89582D47.e.27280","ELEMENT":"f.1920C544C16071EF810842AAA08EA988.d.F8B2605AF1B90E48D550948B89582D47.e.27280"}]}
RESULT: {"script":"<script> [8489 bytes]","args":[{"element-6066-11e4-a52e-4f735466cecf":"f.1920C544C16071EF810842AAA08EA988.d.F8B2605AF1B90E48D550948B89582D47.e.27280","ELEMENT":"f.1920C544C16071EF810842AAA08EA988.d.F8B2605AF1B90E48D550948B89582D47.e.27280"}]}
COMMAND: GET /session/2eb25f1cbe9612d735ab0219d8fb520b/screenshot - {}
RESULT: {}
COMMAND: POST /session/2eb25f1cbe9612d735ab0219d8fb520b/execute/sync - {"script":"<script> [8489 bytes]","args":[{"element-6066-11e4-a52e-4f735466cecf":"f.1920C544C16071EF810842AAA08EA988.d.F8B2605AF1B90E48D550948B89582D47.e.27280","ELEMENT":"f.1920C544C16071EF810842AAA08EA988.d.F8B2605AF1B90E48D550948B89582D47.e.27280"}]}
RESULT: {"script":"<script> [8489 bytes]","args":[{"element-6066-11e4-a52e-4f735466cecf":"f.1920C544C16071EF810842AAA08EA988.d.F8B2605AF1B90E48D550948B89582D47.e.27280","ELEMENT":"f.1920C544C16071EF810842AAA08EA988.d.F8B2605AF1B90E48D550948B89582D47.e.27280"}]}
COMMAND: GET /session/2eb25f1cbe9612d735ab0219d8fb520b/screenshot - {}
RESULT: {}
COMMAND: POST /session/2eb25f1cbe9612d735ab0219d8fb520b/execute/sync - {"script":"<script> [8489 bytes]","args":[{"element-6066-11e4-a52e-4f735466cecf":"f.1920C544C16071EF810842AAA08EA988.d.F8B2605AF1B90E48D550948B89582D47.e.27280","ELEMENT":"f.1920C544C16071EF810842AAA08EA988.d.F8B2605AF1B90E48D550948B89582D47.e.27280"}]}
RESULT: {"script":"<script> [8489 bytes]","args":[{"element-6066-11e4-a52e-4f735466cecf":"f.1920C544C16071EF810842AAA08EA988.d.F8B2605AF1B90E48D550948B89582D47.e.27280","ELEMENT":"f.1920C544C16071EF810842AAA08EA988.d.F8B2605AF1B90E48D550948B89582D47.e.27280"}]}
COMMAND: GET /session/2eb25f1cbe9612d735ab0219d8fb520b/screenshot - {}
RESULT: {}
COMMAND: POST /session/2eb25f1cbe9612d735ab0219d8fb520b/execute/sync - {"script":"<script> [8489 bytes]","args":[{"element-6066-11e4-a52e-4f735466cecf":"f.1920C544C16071EF810842AAA08EA988.d.F8B2605AF1B90E48D550948B89582D47.e.27280","ELEMENT":"f.1920C544C16071EF810842AAA08EA988.d.F8B2605AF1B90E48D550948B89582D47.e.27280"}]}
RESULT: {"script":"<script> [8489 bytes]","args":[{"element-6066-11e4-a52e-4f735466cecf":"f.1920C544C16071EF810842AAA08EA988.d.F8B2605AF1B90E48D550948B89582D47.e.27280","ELEMENT":"f.1920C544C16071EF810842AAA08EA988.d.F8B2605AF1B90E48D550948B89582D47.e.27280"}]}
COMMAND: GET /session/2eb25f1cbe9612d735ab0219d8fb520b/screenshot - {}
RESULT: {}
COMMAND: POST /session/2eb25f1cbe9612d735ab0219d8fb520b/execute/sync - {"script":"<script> [8489 bytes]","args":[{"element-6066-11e4-a52e-4f735466cecf":"f.1920C544C16071EF810842AAA08EA988.d.F8B2605AF1B90E48D550948B89582D47.e.27280","ELEMENT":"f.1920C544C16071EF810842AAA08EA988.d.F8B2605AF1B90E48D550948B89582D47.e.27280"}]}
RESULT: {"script":"<script> [8489 bytes]","args":[{"element-6066-11e4-a52e-4f735466cecf":"f.1920C544C16071EF810842AAA08EA988.d.F8B2605AF1B90E48D550948B89582D47.e.27280","ELEMENT":"f.1920C544C16071EF810842AAA08EA988.d.F8B2605AF1B90E48D550948B89582D47.e.27280"}]}
COMMAND: GET /session/2eb25f1cbe9612d735ab0219d8fb520b/screenshot - {}
RESULT: {}
COMMAND: POST /session/2eb25f1cbe9612d735ab0219d8fb520b/execute/sync - {"script":"<script> [8489 bytes]","args":[{"element-6066-11e4-a52e-4f735466cecf":"f.1920C544C16071EF810842AAA08EA988.d.F8B2605AF1B90E48D550948B89582D47.e.27280","ELEMENT":"f.1920C544C16071EF810842AAA08EA988.d.F8B2605AF1B90E48D550948B89582D47.e.27280"}]}
RESULT: {"script":"<script> [8489 bytes]","args":[{"element-6066-11e4-a52e-4f735466cecf":"f.1920C544C16071EF810842AAA08EA988.d.F8B2605AF1B90E48D550948B89582D47.e.27280","ELEMENT":"f.1920C544C16071EF810842AAA08EA988.d.F8B2605AF1B90E48D550948B89582D47.e.27280"}]}
COMMAND: GET /session/2eb25f1cbe9612d735ab0219d8fb520b/screenshot - {}
RESULT: {}
COMMAND: POST /session/2eb25f1cbe9612d735ab0219d8fb520b/execute/sync - {"script":"<script> [8489 bytes]","args":[{"element-6066-11e4-a52e-4f735466cecf":"f.1920C544C16071EF810842AAA08EA988.d.F8B2605AF1B90E48D550948B89582D47.e.27280","ELEMENT":"f.1920C544C16071EF810842AAA08EA988.d.F8B2605AF1B90E48D550948B89582D47.e.27280"}]}
RESULT: {"script":"<script> [8489 bytes]","args":[{"element-6066-11e4-a52e-4f735466cecf":"f.1920C544C16071EF810842AAA08EA988.d.F8B2605AF1B90E48D550948B89582D47.e.27280","ELEMENT":"f.1920C544C16071EF810842AAA08EA988.d.F8B2605AF1B90E48D550948B89582D47.e.27280"}]}
COMMAND: GET /session/2eb25f1cbe9612d735ab0219d8fb520b/screenshot - {}
RESULT: {}
COMMAND: POST /session/2eb25f1cbe9612d735ab0219d8fb520b/execute/sync - {"script":"<script> [8489 bytes]","args":[{"element-6066-11e4-a52e-4f735466cecf":"f.1920C544C16071EF810842AAA08EA988.d.F8B2605AF1B90E48D550948B89582D47.e.27280","ELEMENT":"f.1920C544C16071EF810842AAA08EA988.d.F8B2605AF1B90E48D550948B89582D47.e.27280"}]}
RESULT: {"script":"<script> [8489 bytes]","args":[{"element-6066-11e4-a52e-4f735466cecf":"f.1920C544C16071EF810842AAA08EA988.d.F8B2605AF1B90E48D550948B89582D47.e.27280","ELEMENT":"f.1920C544C16071EF810842AAA08EA988.d.F8B2605AF1B90E48D550948B89582D47.e.27280"}]}
COMMAND: GET /session/2eb25f1cbe9612d735ab0219d8fb520b/screenshot - {}
RESULT: {}
COMMAND: POST /session/2eb25f1cbe9612d735ab0219d8fb520b/execute/sync - {"script":"<script> [8489 bytes]","args":[{"element-6066-11e4-a52e-4f735466cecf":"f.1920C544C16071EF810842AAA08EA988.d.F8B2605AF1B90E48D550948B89582D47.e.27280","ELEMENT":"f.1920C544C16071EF810842AAA08EA988.d.F8B2605AF1B90E48D550948B89582D47.e.27280"}]}
RESULT: {"script":"<script> [8489 bytes]","args":[{"element-6066-11e4-a52e-4f735466cecf":"f.1920C544C16071EF810842AAA08EA988.d.F8B2605AF1B90E48D550948B89582D47.e.27280","ELEMENT":"f.1920C544C16071EF810842AAA08EA988.d.F8B2605AF1B90E48D550948B89582D47.e.27280"}]}
COMMAND: GET /session/2eb25f1cbe9612d735ab0219d8fb520b/screenshot - {}
RESULT: {}
COMMAND: POST /session/2eb25f1cbe9612d735ab0219d8fb520b/execute/sync - {"script":"<script> [8489 bytes]","args":[{"element-6066-11e4-a52e-4f735466cecf":"f.1920C544C16071EF810842AAA08EA988.d.F8B2605AF1B90E48D550948B89582D47.e.27280","ELEMENT":"f.1920C544C16071EF810842AAA08EA988.d.F8B2605AF1B90E48D550948B89582D47.e.27280"}]}
RESULT: {"script":"<script> [8489 bytes]","args":[{"element-6066-11e4-a52e-4f735466cecf":"f.1920C544C16071EF810842AAA08EA988.d.F8B2605AF1B90E48D550948B89582D47.e.27280","ELEMENT":"f.1920C544C16071EF810842AAA08EA988.d.F8B2605AF1B90E48D550948B89582D47.e.27280"}]}
COMMAND: GET /session/2eb25f1cbe9612d735ab0219d8fb520b/screenshot - {}
RESULT: {}
COMMAND: POST /session/2eb25f1cbe9612d735ab0219d8fb520b/execute/sync - {"script":"<script> [8489 bytes]","args":[{"element-6066-11e4-a52e-4f735466cecf":"f.1920C544C16071EF810842AAA08EA988.d.F8B2605AF1B90E48D550948B89582D47.e.27280","ELEMENT":"f.1920C544C16071EF810842AAA08EA988.d.F8B2605AF1B90E48D550948B89582D47.e.27280"}]}
RESULT: {"script":"<script> [8489 bytes]","args":[{"element-6066-11e4-a52e-4f735466cecf":"f.1920C544C16071EF810842AAA08EA988.d.F8B2605AF1B90E48D550948B89582D47.e.27280","ELEMENT":"f.1920C544C16071EF810842AAA08EA988.d.F8B2605AF1B90E48D550948B89582D47.e.27280"}]}
COMMAND: GET /session/2eb25f1cbe9612d735ab0219d8fb520b/screenshot - {}
RESULT: {}
COMMAND: POST /session/2eb25f1cbe9612d735ab0219d8fb520b/execute/sync - {"script":"<script> [8489 bytes]","args":[{"element-6066-11e4-a52e-4f735466cecf":"f.1920C544C16071EF810842AAA08EA988.d.F8B2605AF1B90E48D550948B89582D47.e.27280","ELEMENT":"f.1920C544C16071EF810842AAA08EA988.d.F8B2605AF1B90E48D550948B89582D47.e.27280"}]}
RESULT: {"script":"<script> [8489 bytes]","args":[{"element-6066-11e4-a52e-4f735466cecf":"f.1920C544C16071EF810842AAA08EA988.d.F8B2605AF1B90E48D550948B89582D47.e.27280","ELEMENT":"f.1920C544C16071EF810842AAA08EA988.d.F8B2605AF1B90E48D550948B89582D47.e.27280"}]}
COMMAND: GET /session/2eb25f1cbe9612d735ab0219d8fb520b/screenshot - {}
RESULT: {}
COMMAND: POST /session/2eb25f1cbe9612d735ab0219d8fb520b/execute/sync - {"script":"<script> [8489 bytes]","args":[{"element-6066-11e4-a52e-4f735466cecf":"f.1920C544C16071EF810842AAA08EA988.d.F8B2605AF1B90E48D550948B89582D47.e.27280","ELEMENT":"f.1920C544C16071EF810842AAA08EA988.d.F8B2605AF1B90E48D550948B89582D47.e.27280"}]}
RESULT: {"script":"<script> [8489 bytes]","args":[{"element-6066-11e4-a52e-4f735466cecf":"f.1920C544C16071EF810842AAA08EA988.d.F8B2605AF1B90E48D550948B89582D47.e.27280","ELEMENT":"f.1920C544C16071EF810842AAA08EA988.d.F8B2605AF1B90E48D550948B89582D47.e.27280"}]}
COMMAND: GET /session/2eb25f1cbe9612d735ab0219d8fb520b/screenshot - {}
RESULT: {}
COMMAND: POST /session/2eb25f1cbe9612d735ab0219d8fb520b/execute/sync - {"script":"<script> [8489 bytes]","args":[{"element-6066-11e4-a52e-4f735466cecf":"f.1920C544C16071EF810842AAA08EA988.d.F8B2605AF1B90E48D550948B89582D47.e.27280","ELEMENT":"f.1920C544C16071EF810842AAA08EA988.d.F8B2605AF1B90E48D550948B89582D47.e.27280"}]}
RESULT: {"script":"<script> [8489 bytes]","args":[{"element-6066-11e4-a52e-4f735466cecf":"f.1920C544C16071EF810842AAA08EA988.d.F8B2605AF1B90E48D550948B89582D47.e.27280","ELEMENT":"f.1920C544C16071EF810842AAA08EA988.d.F8B2605AF1B90E48D550948B89582D47.e.27280"}]}
COMMAND: GET /session/2eb25f1cbe9612d735ab0219d8fb520b/screenshot - {}
RESULT: {}
COMMAND: POST /session/2eb25f1cbe9612d735ab0219d8fb520b/execute/sync - {"script":"<script> [8489 bytes]","args":[{"element-6066-11e4-a52e-4f735466cecf":"f.1920C544C16071EF810842AAA08EA988.d.F8B2605AF1B90E48D550948B89582D47.e.27280","ELEMENT":"f.1920C544C16071EF810842AAA08EA988.d.F8B2605AF1B90E48D550948B89582D47.e.27280"}]}
RESULT: {"script":"<script> [8489 bytes]","args":[{"element-6066-11e4-a52e-4f735466cecf":"f.1920C544C16071EF810842AAA08EA988.d.F8B2605AF1B90E48D550948B89582D47.e.27280","ELEMENT":"f.1920C544C16071EF810842AAA08EA988.d.F8B2605AF1B90E48D550948B89582D47.e.27280"}]}
COMMAND: GET /session/2eb25f1cbe9612d735ab0219d8fb520b/screenshot - {}
RESULT: {}
COMMAND: POST /session/2eb25f1cbe9612d735ab0219d8fb520b/execute/sync - {"script":"<script> [8489 bytes]","args":[{"element-6066-11e4-a52e-4f735466cecf":"f.1920C544C16071EF810842AAA08EA988.d.F8B2605AF1B90E48D550948B89582D47.e.27280","ELEMENT":"f.1920C544C16071EF810842AAA08EA988.d.F8B2605AF1B90E48D550948B89582D47.e.27280"}]}
RESULT: {"script":"<script> [8489 bytes]","args":[{"element-6066-11e4-a52e-4f735466cecf":"f.1920C544C16071EF810842AAA08EA988.d.F8B2605AF1B90E48D550948B89582D47.e.27280","ELEMENT":"f.1920C544C16071EF810842AAA08EA988.d.F8B2605AF1B90E48D550948B89582D47.e.27280"}]}
COMMAND: GET /session/2eb25f1cbe9612d735ab0219d8fb520b/screenshot - {}
RESULT: {}
COMMAND: POST /session/2eb25f1cbe9612d735ab0219d8fb520b/execute/sync - {"script":"<script> [8489 bytes]","args":[{"element-6066-11e4-a52e-4f735466cecf":"f.1920C544C16071EF810842AAA08EA988.d.F8B2605AF1B90E48D550948B89582D47.e.27280","ELEMENT":"f.1920C544C16071EF810842AAA08EA988.d.F8B2605AF1B90E48D550948B89582D47.e.27280"}]}
RESULT: {"script":"<script> [8489 bytes]","args":[{"element-6066-11e4-a52e-4f735466cecf":"f.1920C544C16071EF810842AAA08EA988.d.F8B2605AF1B90E48D550948B89582D47.e.27280","ELEMENT":"f.1920C544C16071EF810842AAA08EA988.d.F8B2605AF1B90E48D550948B89582D47.e.27280"}]}
COMMAND: GET /session/2eb25f1cbe9612d735ab0219d8fb520b/screenshot - {}
RESULT: {}
COMMAND: POST /session/2eb25f1cbe9612d735ab0219d8fb520b/execute/sync - {"script":"<script> [8489 bytes]","args":[{"element-6066-11e4-a52e-4f735466cecf":"f.1920C544C16071EF810842AAA08EA988.d.F8B2605AF1B90E48D550948B89582D47.e.27280","ELEMENT":"f.1920C544C16071EF810842AAA08EA988.d.F8B2605AF1B90E48D550948B89582D47.e.27280"}]}
RESULT: {"script":"<script> [8489 bytes]","args":[{"element-6066-11e4-a52e-4f735466cecf":"f.1920C544C16071EF810842AAA08EA988.d.F8B2605AF1B90E48D550948B89582D47.e.27280","ELEMENT":"f.1920C544C16071EF810842AAA08EA988.d.F8B2605AF1B90E48D550948B89582D47.e.27280"}]}
COMMAND: GET /session/2eb25f1cbe9612d735ab0219d8fb520b/screenshot - {}
RESULT: {}
COMMAND: POST /session/2eb25f1cbe9612d735ab0219d8fb520b/execute/sync - {"script":"<script> [8489 bytes]","args":[{"element-6066-11e4-a52e-4f735466cecf":"f.1920C544C16071EF810842AAA08EA988.d.F8B2605AF1B90E48D550948B89582D47.e.27280","ELEMENT":"f.1920C544C16071EF810842AAA08EA988.d.F8B2605AF1B90E48D550948B89582D47.e.27280"}]}
RESULT: {"script":"<script> [8489 bytes]","args":[{"element-6066-11e4-a52e-4f735466cecf":"f.1920C544C16071EF810842AAA08EA988.d.F8B2605AF1B90E48D550948B89582D47.e.27280","ELEMENT":"f.1920C544C16071EF810842AAA08EA988.d.F8B2605AF1B90E48D550948B89582D47.e.27280"}]}
COMMAND: GET /session/2eb25f1cbe9612d735ab0219d8fb520b/screenshot - {}
RESULT: {}
COMMAND: POST /session/2eb25f1cbe9612d735ab0219d8fb520b/execute/sync - {"script":"<script> [8489 bytes]","args":[{"element-6066-11e4-a52e-4f735466cecf":"f.1920C544C16071EF810842AAA08EA988.d.F8B2605AF1B90E48D550948B89582D47.e.27280","ELEMENT":"f.1920C544C16071EF810842AAA08EA988.d.F8B2605AF1B90E48D550948B89582D47.e.27280"}]}
RESULT: {"script":"<script> [8489 bytes]","args":[{"element-6066-11e4-a52e-4f735466cecf":"f.1920C544C16071EF810842AAA08EA988.d.F8B2605AF1B90E48D550948B89582D47.e.27280","ELEMENT":"f.1920C544C16071EF810842AAA08EA988.d.F8B2605AF1B90E48D550948B89582D47.e.27280"}]}
COMMAND: GET /session/2eb25f1cbe9612d735ab0219d8fb520b/screenshot - {}
RESULT: {}
COMMAND: POST /session/2eb25f1cbe9612d735ab0219d8fb520b/execute/sync - {"script":"<script> [8489 bytes]","args":[{"element-6066-11e4-a52e-4f735466cecf":"f.1920C544C16071EF810842AAA08EA988.d.F8B2605AF1B90E48D550948B89582D47.e.27280","ELEMENT":"f.1920C544C16071EF810842AAA08EA988.d.F8B2605AF1B90E48D550948B89582D47.e.27280"}]}
RESULT: {"script":"<script> [8489 bytes]","args":[{"element-6066-11e4-a52e-4f735466cecf":"f.1920C544C16071EF810842AAA08EA988.d.F8B2605AF1B90E48D550948B89582D47.e.27280","ELEMENT":"f.1920C544C16071EF810842AAA08EA988.d.F8B2605AF1B90E48D550948B89582D47.e.27280"}]}
COMMAND: GET /session/2eb25f1cbe9612d735ab0219d8fb520b/screenshot - {}
RESULT: {}
COMMAND: POST /session/2eb25f1cbe9612d735ab0219d8fb520b/execute/sync - {"script":"<script> [8489 bytes]","args":[{"element-6066-11e4-a52e-4f735466cecf":"f.1920C544C16071EF810842AAA08EA988.d.F8B2605AF1B90E48D550948B89582D47.e.27280","ELEMENT":"f.1920C544C16071EF810842AAA08EA988.d.F8B2605AF1B90E48D550948B89582D47.e.27280"}]}
RESULT: {"script":"<script> [8489 bytes]","args":[{"element-6066-11e4-a52e-4f735466cecf":"f.1920C544C16071EF810842AAA08EA988.d.F8B2605AF1B90E48D550948B89582D47.e.27280","ELEMENT":"f.1920C544C16071EF810842AAA08EA988.d.F8B2605AF1B90E48D550948B89582D47.e.27280"}]}
COMMAND: GET /session/2eb25f1cbe9612d735ab0219d8fb520b/screenshot - {}
RESULT: {}
COMMAND: POST /session/2eb25f1cbe9612d735ab0219d8fb520b/execute/sync - {"script":"<script> [8489 bytes]","args":[{"element-6066-11e4-a52e-4f735466cecf":"f.1920C544C16071EF810842AAA08EA988.d.F8B2605AF1B90E48D550948B89582D47.e.27280","ELEMENT":"f.1920C544C16071EF810842AAA08EA988.d.F8B2605AF1B90E48D550948B89582D47.e.27280"}]}
RESULT: {"script":"<script> [8489 bytes]","args":[{"element-6066-11e4-a52e-4f735466cecf":"f.1920C544C16071EF810842AAA08EA988.d.F8B2605AF1B90E48D550948B89582D47.e.27280","ELEMENT":"f.1920C544C16071EF810842AAA08EA988.d.F8B2605AF1B90E48D550948B89582D47.e.27280"}]}
COMMAND: GET /session/2eb25f1cbe9612d735ab0219d8fb520b/screenshot - {}
RESULT: {}
COMMAND: POST /session/2eb25f1cbe9612d735ab0219d8fb520b/execute/sync - {"script":"<script> [8489 bytes]","args":[{"element-6066-11e4-a52e-4f735466cecf":"f.1920C544C16071EF810842AAA08EA988.d.F8B2605AF1B90E48D550948B89582D47.e.27280","ELEMENT":"f.1920C544C16071EF810842AAA08EA988.d.F8B2605AF1B90E48D550948B89582D47.e.27280"}]}
RESULT: {"script":"<script> [8489 bytes]","args":[{"element-6066-11e4-a52e-4f735466cecf":"f.1920C544C16071EF810842AAA08EA988.d.F8B2605AF1B90E48D550948B89582D47.e.27280","ELEMENT":"f.1920C544C16071EF810842AAA08EA988.d.F8B2605AF1B90E48D550948B89582D47.e.27280"}]}
COMMAND: GET /session/2eb25f1cbe9612d735ab0219d8fb520b/screenshot - {}
RESULT: {}
COMMAND: POST /session/2eb25f1cbe9612d735ab0219d8fb520b/execute/sync - {"script":"<script> [8489 bytes]","args":[{"element-6066-11e4-a52e-4f735466cecf":"f.1920C544C16071EF810842AAA08EA988.d.F8B2605AF1B90E48D550948B89582D47.e.27280","ELEMENT":"f.1920C544C16071EF810842AAA08EA988.d.F8B2605AF1B90E48D550948B89582D47.e.27280"}]}
RESULT: {"script":"<script> [8489 bytes]","args":[{"element-6066-11e4-a52e-4f735466cecf":"f.1920C544C16071EF810842AAA08EA988.d.F8B2605AF1B90E48D550948B89582D47.e.27280","ELEMENT":"f.1920C544C16071EF810842AAA08EA988.d.F8B2605AF1B90E48D550948B89582D47.e.27280"}]}
COMMAND: GET /session/2eb25f1cbe9612d735ab0219d8fb520b/screenshot - {}
RESULT: {}
COMMAND: POST /session/2eb25f1cbe9612d735ab0219d8fb520b/elements - {"using":"css selector","value":"div[viewname='etm.portal.ui.managehandovers.view.DetailExecuteHO'] span.sapMText"}
RESULT: {"using":"css selector","value":"div[viewname='etm.portal.ui.managehandovers.view.DetailExecuteHO'] span.sapMText"}
]]></system-out>
    </testcase>
    <testcase classname="chrome.135_0_7049_96.windows.Provide_to_Site_w/_warehouse_management_w_clarification" name="Should test for Clarification" time="33.316">
      <system-out><![CDATA[
RESULT: undefined
COMMAND: POST /session/2eb25f1cbe9612d735ab0219d8fb520b/element - {"using":"xpath","value":"//*[@id=\"__tile132\"]"}
COMMAND: GET /session/2eb25f1cbe9612d735ab0219d8fb520b/screenshot - {}
RESULT: {"script":"<script> [1562 bytes]","args":[{"selector":{"controlType":"sap.m.SearchField","viewName":"etm.portal.ui.managehandovers.view.MasterHO","bindingPath":{"propertyPath":"/_BASIC_SEARCH_FIELD","modelName":"fi1t3rM0d31"},"interaction":{"idSuffix":"I"}},"wdio_ui5_key":"etmportal.ui.managehandovers.view.MasterHOsap.m.SearchField{\"propertyPath\":\"/_BASIC_SEARCH_FIELD\",\"modelName\":\"fi1t3rM0d31\"}"}]}
RESULT: undefined
RESULT: {"using":"xpath","value":"//*[@id=\"__tile132\"]"}
COMMAND: POST /session/2eb25f1cbe9612d735ab0219d8fb520b/element/f.1920C544C16071EF810842AAA08EA988.d.F8B2605AF1B90E48D550948B89582D47.e.25728/click - {}
RESULT: {}
RESULT: undefined
COMMAND: POST /session/2eb25f1cbe9612d735ab0219d8fb520b/execute/async - {"script":"<script> [776 bytes]","args":[{"enterText":"30293","selector":{"controlType":"sap.m.SearchField","viewName":"etm.portal.ui.managehandovers.view.MasterHO","bindingPath":{"propertyPath":"/_BASIC_SEARCH_FIELD","modelName":"fi1t3rM0d31"},"interaction":{"idSuffix":"I"}},"clearTextFirst":true,"interactionType":"ENTER_TEXT"}]}
RESULT: {"script":"<script> [776 bytes]","args":[{"enterText":"30293","selector":{"controlType":"sap.m.SearchField","viewName":"etm.portal.ui.managehandovers.view.MasterHO","bindingPath":{"propertyPath":"/_BASIC_SEARCH_FIELD","modelName":"fi1t3rM0d31"},"interaction":{"idSuffix":"I"}},"clearTextFirst":true,"interactionType":"ENTER_TEXT"}]}
COMMAND: POST /session/2eb25f1cbe9612d735ab0219d8fb520b/actions - {"actions":[{"id":"action121","type":"key","parameters":{},"actions":[{"type":"keyDown","value":"î€‡"},{"type":"pause","duration":10},{"type":"keyUp","value":"î€‡"}]}]}
RESULT: {"actions":[{"id":"action121","type":"key","parameters":{},"actions":[{"type":"keyDown","value":"î€‡"},{"type":"pause","duration":10},{"type":"keyUp","value":"î€‡"}]}]}
COMMAND: GET /session/2eb25f1cbe9612d735ab0219d8fb520b/screenshot - {}
RESULT: {}
COMMAND: POST /session/2eb25f1cbe9612d735ab0219d8fb520b/element - {"using":"xpath","value":"//span[(text() = '30293' or . = '30293')]"}
RESULT: {"using":"xpath","value":"//span[(text() = '30293' or . = '30293')]"}
COMMAND: POST /session/2eb25f1cbe9612d735ab0219d8fb520b/element/f.1920C544C16071EF810842AAA08EA988.d.F8B2605AF1B90E48D550948B89582D47.e.27682/click - {}
RESULT: {}
COMMAND: GET /session/2eb25f1cbe9612d735ab0219d8fb520b/screenshot - {}
RESULT: {}
COMMAND: POST /session/2eb25f1cbe9612d735ab0219d8fb520b/execute/async - {"script":"<script> [1562 bytes]","args":[{"selector":{"id":"instructionsTabFilter","viewName":"etm.portal.ui.managehandovers.view.DetailExecuteHO","interaction":{"idSuffix":"text"}},"wdio_ui5_key":"instructionsTabFilteretmportal.ui.managehandovers.view.DetailExecuteHO"}]}
RESULT: {"script":"<script> [1562 bytes]","args":[{"selector":{"id":"instructionsTabFilter","viewName":"etm.portal.ui.managehandovers.view.DetailExecuteHO","interaction":{"idSuffix":"text"}},"wdio_ui5_key":"instructionsTabFilteretmportal.ui.managehandovers.view.DetailExecuteHO"}]}
RESULT: undefined
RESULT: undefined
COMMAND: POST /session/2eb25f1cbe9612d735ab0219d8fb520b/execute/async - {"script":"<script> [1562 bytes]","args":[{"selector":{"controlType":"sap.m.ToggleButton","viewName":"etm.portal.ui.managehandovers.view.DetailExecuteHO","i18NText":{"propertyName":"text","key":"refuse"},"interaction":{"idSuffix":"BDI-content"}},"wdio_ui5_key":"etmportal.ui.managehandovers.view.DetailExecuteHOsap.m.ToggleButton{\"propertyName\":\"text\",\"key\":\"refuse\"}"}]}
RESULT: {"script":"<script> [1562 bytes]","args":[{"selector":{"controlType":"sap.m.ToggleButton","viewName":"etm.portal.ui.managehandovers.view.DetailExecuteHO","i18NText":{"propertyName":"text","key":"refuse"},"interaction":{"idSuffix":"BDI-content"}},"wdio_ui5_key":"etmportal.ui.managehandovers.view.DetailExecuteHOsap.m.ToggleButton{\"propertyName\":\"text\",\"key\":\"refuse\"}"}]}
RESULT: undefined
COMMAND: POST /session/2eb25f1cbe9612d735ab0219d8fb520b/execute/async - {"script":"<script> [1562 bytes]","args":[{"selector":{"id":"confirmationButton","viewName":"etm.portal.ui.managehandovers.view.DetailExecuteHO","interaction":{"idSuffix":"BDI-content"},"properties":{"text":"Receive / Refuse"}},"wdio_ui5_key":"confirmationButtonetmportal.ui.managehandovers.view.DetailExecuteHO{\"text\":\"Receive / Refuse\"}"}]}
RESULT: {"script":"<script> [1562 bytes]","args":[{"selector":{"id":"confirmationButton","viewName":"etm.portal.ui.managehandovers.view.DetailExecuteHO","interaction":{"idSuffix":"BDI-content"},"properties":{"text":"Receive / Refuse"}},"wdio_ui5_key":"confirmationButtonetmportal.ui.managehandovers.view.DetailExecuteHO{\"text\":\"Receive / Refuse\"}"}]}
RESULT: undefined
]]></system-out>
    </testcase>
  </testsuite>
</testsuites>