<?xml version="1.0" encoding="UTF-8"?>
<testsuites tests="7" failures="0" errors="0" skipped="0">
  <testsuite timestamp="2025-05-28T15:22:33" time="797.658" tests="7" failures="0" errors="0" skipped="0">
    <properties>
      <property name="specId" value="0"/>
      <property name="suiteName" value="Related resources for groups US139107"/>
      <property name="capabilities" value="chrome.136_0_7103_93.windows"/>
      <property name="file" value="file:///D:/a/1/s/test/specs/R2C/related-resources-area-rpg.spec.js"/>
    </properties>
    <testcase classname="chrome.136_0_7103_93.windows.Related_resources_for_groups_US139107" name="Should create a new yard" time="125.113">
      <system-out><![CDATA[
COMMAND: POST /session/fab09ea6d36627fd5f8b404856e8a7ed/execute/async - {"script":"<script> [1562 bytes]","args":[{"selector":{"controlType":"sap.m.GenericTile","properties":{"header":"Manage Yards"}},"wdio_ui5_key":"sapm.GenericTile{\"header\":\"Manage Yards\"}"}]}
RESULT: {"script":"<script> [1562 bytes]","args":[{"selector":{"controlType":"sap.m.GenericTile","properties":{"header":"Manage Yards"}},"wdio_ui5_key":"sapm.GenericTile{\"header\":\"Manage Yards\"}"}]}
RESULT: undefined
COMMAND: POST /session/fab09ea6d36627fd5f8b404856e8a7ed/element - {"using":"xpath","value":"//*[@id=\"__tile41\"]"}
RESULT: {"using":"xpath","value":"//*[@id=\"__tile41\"]"}
COMMAND: POST /session/fab09ea6d36627fd5f8b404856e8a7ed/element/f.377FB2431E1110495EF43C5D05B4BB7B.d.6B6F7B68CB000D55A92A131C70D45151.e.117/click - {}
RESULT: {}
COMMAND: GET /session/fab09ea6d36627fd5f8b404856e8a7ed/screenshot - {}
RESULT: {}
COMMAND: POST /session/fab09ea6d36627fd5f8b404856e8a7ed/elements - {"using":"xpath","value":"//span[text()='Error']"}
RESULT: {"using":"xpath","value":"//span[text()='Error']"}
COMMAND: POST /session/fab09ea6d36627fd5f8b404856e8a7ed/execute/async - {"script":"<script> [1562 bytes]","args":[{"selector":{"controlType":"sap.ui.core.Icon","viewName":"etm.portal.ui.manageyards.view.Master","viewId":"application-manageyards-display-component---masterYard","properties":{"src":{"regex":{"source":"add"}}}},"wdio_ui5_key":"etmportal.ui.manageyards.view.Mastersap.ui.core.Icon{\"src\":{\"regex\":{\"source\":\"add\"}}}"}]}
RESULT: {"script":"<script> [1562 bytes]","args":[{"selector":{"controlType":"sap.ui.core.Icon","viewName":"etm.portal.ui.manageyards.view.Master","viewId":"application-manageyards-display-component---masterYard","properties":{"src":{"regex":{"source":"add"}}}},"wdio_ui5_key":"etmportal.ui.manageyards.view.Mastersap.ui.core.Icon{\"src\":{\"regex\":{\"source\":\"add\"}}}"}]}
RESULT: undefined
COMMAND: POST /session/fab09ea6d36627fd5f8b404856e8a7ed/element - {"using":"xpath","value":"//*[@id=\"__button4-img\"]"}
RESULT: {"using":"xpath","value":"//*[@id=\"__button4-img\"]"}
COMMAND: POST /session/fab09ea6d36627fd5f8b404856e8a7ed/element/f.377FB2431E1110495EF43C5D05B4BB7B.d.6B6F7B68CB000D55A92A131C70D45151.e.164/click - {}
RESULT: {}
COMMAND: GET /session/fab09ea6d36627fd5f8b404856e8a7ed/screenshot - {}
RESULT: {}
COMMAND: POST /session/fab09ea6d36627fd5f8b404856e8a7ed/execute/async - {"script":"<script> [1562 bytes]","args":[{"selector":{"id":"application-manageyards-display-component---NewYard--yardId","interaction":{"idSuffix":"inner"}},"wdio_ui5_key":"applicationmanageyards-display-component---NewYard--yardId"}]}
RESULT: {"script":"<script> [1562 bytes]","args":[{"selector":{"id":"application-manageyards-display-component---NewYard--yardId","interaction":{"idSuffix":"inner"}},"wdio_ui5_key":"applicationmanageyards-display-component---NewYard--yardId"}]}
RESULT: undefined
COMMAND: POST /session/fab09ea6d36627fd5f8b404856e8a7ed/element - {"using":"xpath","value":"//*[@id=\"application-manageyards-display-component---NewYard--addressDetailDetailsName1-inner\"]"}
RESULT: {"using":"xpath","value":"//*[@id=\"application-manageyards-display-component---NewYard--addressDetailDetailsName1-inner\"]"}
COMMAND: POST /session/fab09ea6d36627fd5f8b404856e8a7ed/element/f.377FB2431E1110495EF43C5D05B4BB7B.d.6B6F7B68CB000D55A92A131C70D45151.e.383/clear - {}
RESULT: {}
COMMAND: POST /session/fab09ea6d36627fd5f8b404856e8a7ed/element/f.377FB2431E1110495EF43C5D05B4BB7B.d.6B6F7B68CB000D55A92A131C70D45151.e.383/value - {"text":"WebdriverYard2nua3"}
COMMAND: GET /session/fab09ea6d36627fd5f8b404856e8a7ed/screenshot - {}
RESULT: {"text":"WebdriverYard2nua3"}
COMMAND: POST /session/fab09ea6d36627fd5f8b404856e8a7ed/element - {"using":"xpath","value":"//*[@id=\"application-manageyards-display-component---NewYard--addressDetailDetailsLanguage-inner\"]"}
COMMAND: GET /session/fab09ea6d36627fd5f8b404856e8a7ed/screenshot - {}
RESULT: {}
RESULT: {"using":"xpath","value":"//*[@id=\"application-manageyards-display-component---NewYard--addressDetailDetailsLanguage-inner\"]"}
COMMAND: POST /session/fab09ea6d36627fd5f8b404856e8a7ed/element/f.377FB2431E1110495EF43C5D05B4BB7B.d.6B6F7B68CB000D55A92A131C70D45151.e.384/clear - {}
RESULT: {}
RESULT: {}
COMMAND: POST /session/fab09ea6d36627fd5f8b404856e8a7ed/element/f.377FB2431E1110495EF43C5D05B4BB7B.d.6B6F7B68CB000D55A92A131C70D45151.e.384/value - {"text":"Romanian"}
COMMAND: GET /session/fab09ea6d36627fd5f8b404856e8a7ed/screenshot - {}
RESULT: {"text":"Romanian"}
COMMAND: POST /session/fab09ea6d36627fd5f8b404856e8a7ed/element - {"using":"xpath","value":"//input[contains(@id ,\"application-manageyards-display-component---NewYard--addressDetailDetailsName1-inner\")]"}
COMMAND: GET /session/fab09ea6d36627fd5f8b404856e8a7ed/screenshot - {}
RESULT: {}
RESULT: {}
RESULT: {"using":"xpath","value":"//input[contains(@id ,\"application-manageyards-display-component---NewYard--addressDetailDetailsName1-inner\")]"}
COMMAND: GET /session/fab09ea6d36627fd5f8b404856e8a7ed/element/f.377FB2431E1110495EF43C5D05B4BB7B.d.6B6F7B68CB000D55A92A131C70D45151.e.383/property/value - {}
RESULT: {}
COMMAND: GET /session/fab09ea6d36627fd5f8b404856e8a7ed/screenshot - {}
RESULT: {}
COMMAND: POST /session/fab09ea6d36627fd5f8b404856e8a7ed/element - {"using":"xpath","value":"//*[@id=\"application-manageyards-display-component---NewYard--addressDetailDetailsCity1-inner\"]"}
RESULT: {"using":"xpath","value":"//*[@id=\"application-manageyards-display-component---NewYard--addressDetailDetailsCity1-inner\"]"}
COMMAND: POST /session/fab09ea6d36627fd5f8b404856e8a7ed/element/f.377FB2431E1110495EF43C5D05B4BB7B.d.6B6F7B68CB000D55A92A131C70D45151.e.386/clear - {}
RESULT: {}
COMMAND: POST /session/fab09ea6d36627fd5f8b404856e8a7ed/element/f.377FB2431E1110495EF43C5D05B4BB7B.d.6B6F7B68CB000D55A92A131C70D45151.e.386/value - {"text":"Bucuresti"}
COMMAND: GET /session/fab09ea6d36627fd5f8b404856e8a7ed/screenshot - {}
RESULT: {"text":"Bucuresti"}
COMMAND: GET /session/fab09ea6d36627fd5f8b404856e8a7ed/screenshot - {}
RESULT: {}
RESULT: {}
COMMAND: POST /session/fab09ea6d36627fd5f8b404856e8a7ed/element - {"using":"xpath","value":"//*[@id=\"application-manageyards-display-component---NewYard--addressDetailDetailsCountry-inner\"]"}
RESULT: {"using":"xpath","value":"//*[@id=\"application-manageyards-display-component---NewYard--addressDetailDetailsCountry-inner\"]"}
COMMAND: POST /session/fab09ea6d36627fd5f8b404856e8a7ed/element/f.377FB2431E1110495EF43C5D05B4BB7B.d.6B6F7B68CB000D55A92A131C70D45151.e.390/clear - {}
RESULT: {}
COMMAND: POST /session/fab09ea6d36627fd5f8b404856e8a7ed/element/f.377FB2431E1110495EF43C5D05B4BB7B.d.6B6F7B68CB000D55A92A131C70D45151.e.390/value - {"text":"Romania"}
COMMAND: GET /session/fab09ea6d36627fd5f8b404856e8a7ed/screenshot - {}
RESULT: {"text":"Romania"}
COMMAND: GET /session/fab09ea6d36627fd5f8b404856e8a7ed/screenshot - {}
RESULT: {}
RESULT: {}
COMMAND: POST /session/fab09ea6d36627fd5f8b404856e8a7ed/element - {"using":"xpath","value":"//div[contains(text(), \"Commercial\")]"}
RESULT: {"using":"xpath","value":"//div[contains(text(), \"Commercial\")]"}
COMMAND: GET /session/fab09ea6d36627fd5f8b404856e8a7ed/element/f.377FB2431E1110495EF43C5D05B4BB7B.d.6B6F7B68CB000D55A92A131C70D45151.e.564/rect - {}
RESULT: {}
COMMAND: GET /session/fab09ea6d36627fd5f8b404856e8a7ed/window/rect - {}
RESULT: {}
COMMAND: POST /session/fab09ea6d36627fd5f8b404856e8a7ed/execute/sync - {"script":"<script> [92 bytes]","args":[]}
RESULT: {"script":"<script> [92 bytes]","args":[]}
COMMAND: POST /session/fab09ea6d36627fd5f8b404856e8a7ed/actions - {"actions":[{"id":"action1","type":"wheel","parameters":{},"actions":[{"type":"scroll","x":-1841,"y":-44,"deltaX":0,"deltaY":0,"duration":0,"origin":{"element-6066-11e4-a52e-4f735466cecf":"f.377FB2431E1110495EF43C5D05B4BB7B.d.6B6F7B68CB000D55A92A131C70D45151.e.564"}}]}]}
COMMAND: GET /session/fab09ea6d36627fd5f8b404856e8a7ed/screenshot - {}
RESULT: {}
COMMAND: POST /session/fab09ea6d36627fd5f8b404856e8a7ed/execute/sync - {"script":"<script> [79 bytes]","args":[{"element-6066-11e4-a52e-4f735466cecf":"f.377FB2431E1110495EF43C5D05B4BB7B.d.6B6F7B68CB000D55A92A131C70D45151.e.564","ELEMENT":"f.377FB2431E1110495EF43C5D05B4BB7B.d.6B6F7B68CB000D55A92A131C70D45151.e.564"},{"block":"start","inline":"nearest"}]}
RESULT: {"script":"<script> [79 bytes]","args":[{"element-6066-11e4-a52e-4f735466cecf":"f.377FB2431E1110495EF43C5D05B4BB7B.d.6B6F7B68CB000D55A92A131C70D45151.e.564","ELEMENT":"f.377FB2431E1110495EF43C5D05B4BB7B.d.6B6F7B68CB000D55A92A131C70D45151.e.564"},{"block":"start","inline":"nearest"}]}
COMMAND: GET /session/fab09ea6d36627fd5f8b404856e8a7ed/screenshot - {}
RESULT: {}
COMMAND: POST /session/fab09ea6d36627fd5f8b404856e8a7ed/execute/async - {"script":"<script> [1562 bytes]","args":[{"selector":{"id":"application-manageyards-display-component---NewYard--addressEditDetailsCostObjectCstType-arrow"},"wdio_ui5_key":"applicationmanageyards-display-component---NewYard--addressEditDetailsCostObjectCstType-arrow"}]}
RESULT: {"script":"<script> [1562 bytes]","args":[{"selector":{"id":"application-manageyards-display-component---NewYard--addressEditDetailsCostObjectCstType-arrow"},"wdio_ui5_key":"applicationmanageyards-display-component---NewYard--addressEditDetailsCostObjectCstType-arrow"}]}
RESULT: undefined
COMMAND: POST /session/fab09ea6d36627fd5f8b404856e8a7ed/element - {"using":"xpath","value":"//*[@id=\"application-manageyards-display-component---NewYard--addressEditDetailsCostObjectCstType-arrow\"]"}
RESULT: {"using":"xpath","value":"//*[@id=\"application-manageyards-display-component---NewYard--addressEditDetailsCostObjectCstType-arrow\"]"}
COMMAND: POST /session/fab09ea6d36627fd5f8b404856e8a7ed/element/f.377FB2431E1110495EF43C5D05B4BB7B.d.6B6F7B68CB000D55A92A131C70D45151.e.573/click - {}
RESULT: {}
COMMAND: POST /session/fab09ea6d36627fd5f8b404856e8a7ed/element - {"using":"xpath","value":"//span[contains(text(), \"Cost Center\")]"}
COMMAND: GET /session/fab09ea6d36627fd5f8b404856e8a7ed/screenshot - {}
RESULT: {"using":"xpath","value":"//span[contains(text(), \"Cost Center\")]"}
COMMAND: POST /session/fab09ea6d36627fd5f8b404856e8a7ed/element/f.377FB2431E1110495EF43C5D05B4BB7B.d.6B6F7B68CB000D55A92A131C70D45151.e.574/click - {}
RESULT: {}
RESULT: {}
COMMAND: GET /session/fab09ea6d36627fd5f8b404856e8a7ed/screenshot - {}
RESULT: {}
COMMAND: POST /session/fab09ea6d36627fd5f8b404856e8a7ed/execute/async - {"script":"<script> [1562 bytes]","args":[{"selector":{"id":"application-manageyards-display-component---NewYard--addressNewCostObjectCstID-vhi"},"wdio_ui5_key":"applicationmanageyards-display-component---NewYard--addressNewCostObjectCstID-vhi"}]}
RESULT: {"script":"<script> [1562 bytes]","args":[{"selector":{"id":"application-manageyards-display-component---NewYard--addressNewCostObjectCstID-vhi"},"wdio_ui5_key":"applicationmanageyards-display-component---NewYard--addressNewCostObjectCstID-vhi"}]}
RESULT: undefined
COMMAND: POST /session/fab09ea6d36627fd5f8b404856e8a7ed/element - {"using":"xpath","value":"//*[@id=\"application-manageyards-display-component---NewYard--addressNewCostObjectCstID-vhi\"]"}
RESULT: {"using":"xpath","value":"//*[@id=\"application-manageyards-display-component---NewYard--addressNewCostObjectCstID-vhi\"]"}
COMMAND: POST /session/fab09ea6d36627fd5f8b404856e8a7ed/element/f.377FB2431E1110495EF43C5D05B4BB7B.d.6B6F7B68CB000D55A92A131C70D45151.e.578/click - {}
RESULT: {}
COMMAND: GET /session/fab09ea6d36627fd5f8b404856e8a7ed/screenshot - {}
RESULT: {}
COMMAND: POST /session/fab09ea6d36627fd5f8b404856e8a7ed/execute/async - {"script":"<script> [1562 bytes]","args":[{"selector":{"controlType":"sap.m.SearchField","properties":{"placeholder":"Search"},"searchOpenDialogs":true,"interaction":{"idSuffix":"I"}},"wdio_ui5_key":"sapm.SearchField{\"placeholder\":\"Search\"}"}]}
RESULT: {"script":"<script> [1562 bytes]","args":[{"selector":{"controlType":"sap.m.SearchField","properties":{"placeholder":"Search"},"searchOpenDialogs":true,"interaction":{"idSuffix":"I"}},"wdio_ui5_key":"sapm.SearchField{\"placeholder\":\"Search\"}"}]}
RESULT: undefined
COMMAND: POST /session/fab09ea6d36627fd5f8b404856e8a7ed/execute/async - {"script":"<script> [776 bytes]","args":[{"enterText":"10001013","selector":{"controlType":"sap.m.SearchField","properties":{"placeholder":"Search"},"searchOpenDialogs":true,"interaction":{"idSuffix":"I"}},"clearTextFirst":true,"interactionType":"ENTER_TEXT"}]}
RESULT: {"script":"<script> [776 bytes]","args":[{"enterText":"10001013","selector":{"controlType":"sap.m.SearchField","properties":{"placeholder":"Search"},"searchOpenDialogs":true,"interaction":{"idSuffix":"I"}},"clearTextFirst":true,"interactionType":"ENTER_TEXT"}]}
COMMAND: POST /session/fab09ea6d36627fd5f8b404856e8a7ed/actions - {"actions":[{"id":"action2","type":"key","parameters":{},"actions":[{"type":"keyDown","value":""},{"type":"pause","duration":10},{"type":"keyUp","value":""}]}]}
RESULT: {"actions":[{"id":"action2","type":"key","parameters":{},"actions":[{"type":"keyDown","value":""},{"type":"pause","duration":10},{"type":"keyUp","value":""}]}]}
COMMAND: GET /session/fab09ea6d36627fd5f8b404856e8a7ed/screenshot - {}
RESULT: {}
COMMAND: POST /session/fab09ea6d36627fd5f8b404856e8a7ed/element - {"using":"xpath","value":"//span[contains(text(), \"General Management\")]"}
RESULT: {"using":"xpath","value":"//span[contains(text(), \"General Management\")]"}
COMMAND: POST /session/fab09ea6d36627fd5f8b404856e8a7ed/element/f.377FB2431E1110495EF43C5D05B4BB7B.d.6B6F7B68CB000D55A92A131C70D45151.e.620/click - {}
RESULT: {}
COMMAND: GET /session/fab09ea6d36627fd5f8b404856e8a7ed/screenshot - {}
RESULT: {}
COMMAND: POST /session/fab09ea6d36627fd5f8b404856e8a7ed/element - {"using":"xpath","value":"//bdi[contains(text(), \"OK\")]"}
RESULT: {"using":"xpath","value":"//bdi[contains(text(), \"OK\")]"}
COMMAND: POST /session/fab09ea6d36627fd5f8b404856e8a7ed/element/f.377FB2431E1110495EF43C5D05B4BB7B.d.6B6F7B68CB000D55A92A131C70D45151.e.621/click - {}
RESULT: {}
COMMAND: GET /session/fab09ea6d36627fd5f8b404856e8a7ed/screenshot - {}
RESULT: {}
COMMAND: POST /session/fab09ea6d36627fd5f8b404856e8a7ed/execute/async - {"script":"<script> [1562 bytes]","args":[{"selector":{"controlType":"sap.m.Button","viewName":"etm.portal.ui.manageyards.view.New","viewId":"application-manageyards-display-component---NewYard","i18NText":{"propertyName":"text","key":"save"},"interaction":{"idSuffix":"inner"}},"wdio_ui5_key":"etmportal.ui.manageyards.view.Newsap.m.Button{\"propertyName\":\"text\",\"key\":\"save\"}"}]}
RESULT: {"script":"<script> [1562 bytes]","args":[{"selector":{"controlType":"sap.m.Button","viewName":"etm.portal.ui.manageyards.view.New","viewId":"application-manageyards-display-component---NewYard","i18NText":{"propertyName":"text","key":"save"},"interaction":{"idSuffix":"inner"}},"wdio_ui5_key":"etmportal.ui.manageyards.view.Newsap.m.Button{\"propertyName\":\"text\",\"key\":\"save\"}"}]}
RESULT: undefined
COMMAND: POST /session/fab09ea6d36627fd5f8b404856e8a7ed/element - {"using":"xpath","value":"//*[@id=\"__button18\"]"}
RESULT: {"using":"xpath","value":"//*[@id=\"__button18\"]"}
COMMAND: POST /session/fab09ea6d36627fd5f8b404856e8a7ed/element/f.377FB2431E1110495EF43C5D05B4BB7B.d.6B6F7B68CB000D55A92A131C70D45151.e.541/click - {}
RESULT: {}
COMMAND: GET /session/fab09ea6d36627fd5f8b404856e8a7ed/screenshot - {}
RESULT: {}
COMMAND: POST /session/fab09ea6d36627fd5f8b404856e8a7ed/element - {"using":"xpath","value":"//header/div/div[2]/div[2]/span"}
RESULT: {"using":"xpath","value":"//header/div/div[2]/div[2]/span"}
COMMAND: GET /session/fab09ea6d36627fd5f8b404856e8a7ed/element/f.377FB2431E1110495EF43C5D05B4BB7B.d.6B6F7B68CB000D55A92A131C70D45151.e.817/text - {}
RESULT: {}
COMMAND: POST /session/fab09ea6d36627fd5f8b404856e8a7ed/execute/async - {"script":"<script> [1562 bytes]","args":[{"selector":{"controlType":"sap.m.OverflowToolbarButton","viewName":"etm.portal.ui.manageyards.view.Detail","viewId":"application-manageyards-display-component---detailYard","i18NText":{"propertyName":"tooltip","key":"closeColumn"},"interaction":{"idSuffix":"inner"}},"wdio_ui5_key":"etmportal.ui.manageyards.view.Detailsap.m.OverflowToolbarButton{\"propertyName\":\"tooltip\",\"key\":\"closeColumn\"}"}]}
RESULT: {"script":"<script> [1562 bytes]","args":[{"selector":{"controlType":"sap.m.OverflowToolbarButton","viewName":"etm.portal.ui.manageyards.view.Detail","viewId":"application-manageyards-display-component---detailYard","i18NText":{"propertyName":"tooltip","key":"closeColumn"},"interaction":{"idSuffix":"inner"}},"wdio_ui5_key":"etmportal.ui.manageyards.view.Detailsap.m.OverflowToolbarButton{\"propertyName\":\"tooltip\",\"key\":\"closeColumn\"}"}]}
RESULT: undefined
COMMAND: POST /session/fab09ea6d36627fd5f8b404856e8a7ed/element - {"using":"xpath","value":"//*[@id=\"__button42\"]"}
RESULT: {"using":"xpath","value":"//*[@id=\"__button42\"]"}
COMMAND: POST /session/fab09ea6d36627fd5f8b404856e8a7ed/element/f.377FB2431E1110495EF43C5D05B4BB7B.d.6B6F7B68CB000D55A92A131C70D45151.e.819/click - {}
RESULT: {}
COMMAND: GET /session/fab09ea6d36627fd5f8b404856e8a7ed/screenshot - {}
RESULT: {}
COMMAND: POST /session/fab09ea6d36627fd5f8b404856e8a7ed/element - {"using":"css selector","value":"#shell-header-logo"}
RESULT: {"using":"css selector","value":"#shell-header-logo"}
COMMAND: POST /session/fab09ea6d36627fd5f8b404856e8a7ed/element/f.377FB2431E1110495EF43C5D05B4BB7B.d.6B6F7B68CB000D55A92A131C70D45151.e.119/click - {}
RESULT: {}
COMMAND: GET /session/fab09ea6d36627fd5f8b404856e8a7ed/screenshot - {}
RESULT: {}
COMMAND: POST /session/fab09ea6d36627fd5f8b404856e8a7ed/refresh - {}
RESULT: {}
COMMAND: GET /session/fab09ea6d36627fd5f8b404856e8a7ed/screenshot - {}
RESULT: {}
COMMAND: POST /session/fab09ea6d36627fd5f8b404856e8a7ed/execute/async - {"script":"<script> [189 bytes]","args":[]}
RESULT: {"script":"<script> [189 bytes]","args":[]}
COMMAND: POST /session/fab09ea6d36627fd5f8b404856e8a7ed/execute/async - {"script":"<script> [123 bytes]","args":[]}
RESULT: {"script":"<script> [123 bytes]","args":[]}
COMMAND: POST /session/fab09ea6d36627fd5f8b404856e8a7ed/timeouts - {"script":"<number>"}
RESULT: {"script":"<number>"}
COMMAND: GET /session/fab09ea6d36627fd5f8b404856e8a7ed/timeouts - {}
RESULT: {}
RESULT: undefined
COMMAND: POST /session/fab09ea6d36627fd5f8b404856e8a7ed/execute/async - {"script":"<script> [2676 bytes]","args":[]}
RESULT: {"script":"<script> [2676 bytes]","args":[]}
COMMAND: POST /session/fab09ea6d36627fd5f8b404856e8a7ed/execute/async - {"script":"<script> [2342 bytes]","args":[{"protocol":"http","hostname":"0.0.0.0","path":"/","capabilities":{"browserName":"chrome","goog:chromeOptions":{"binary":"C:\\Program Files\\Google\\Chrome\\Application\\chrome.exe","args":["--start-maximized"]}},"logLevel":"warn","connectionRetryTimeout":120000,"connectionRetryCount":3,"logLevels":{},"enableDirectConnect":true,"strictSSL":true,"_":"65 more keys: [\"cacheDir\",\"port\",\"requestedCapabilities\",\"automationProtocol\",\"baseUrl\",\"waitforInterval\",\"waitforTimeout\",\"onReload\",\"beforeCommand\",\"afterCommand\",\"rootDir\",\"specs\",\"suites\",\"exclude\",\"groupLogsByTestSpec\",\"excludeDriverLogs\",\"bail\",\"framework\",\"reporters\",\"services\",\"maxInstances\",\"maxInstancesPerCapability\",\"injectGlobals\",\"filesToWatch\",\"execArgv\",\"runnerEnv\",\"runner\",\"shard\",\"specFileRetries\",\"specFileRetriesDelay\",\"specFileRetriesDeferred\",\"reporterSyncInterval\",\"reporterSyncTimeout\",\"cucumberFeaturesWithLineNumbers\",\"autoCompileOpts\",\"mochaOpts\",\"jasmineOpts\",\"cucumberOpts\",\"onPrepare\",\"onWorkerStart\",\"onWorkerEnd\",\"before\",\"beforeSession\",\"beforeSuite\",\"beforeHook\",\"beforeTest\",\"afterTest\",\"afterHook\",\"afterSuite\",\"afterSession\",\"after\",\"onComplete\",\"beforeAssertion\",\"afterAssertion\",\"beforeFeature\",\"beforeScenario\",\"beforeStep\",\"afterStep\",\"afterScenario\",\"afterFeature\",\"_\",\"suite\",\"$0\",\"ignoredWorkerServices\",\"wdi5\"]"}]}
RESULT: {"script":"<script> [2342 bytes]","args":[{"protocol":"http","hostname":"0.0.0.0","path":"/","capabilities":{"browserName":"chrome","goog:chromeOptions":{"binary":"C:\\Program Files\\Google\\Chrome\\Application\\chrome.exe","args":["--start-maximized"]}},"logLevel":"warn","connectionRetryTimeout":120000,"connectionRetryCount":3,"logLevels":{},"enableDirectConnect":true,"strictSSL":true,"_":"65 more keys: [\"cacheDir\",\"port\",\"requestedCapabilities\",\"automationProtocol\",\"baseUrl\",\"waitforInterval\",\"waitforTimeout\",\"onReload\",\"beforeCommand\",\"afterCommand\",\"rootDir\",\"specs\",\"suites\",\"exclude\",\"groupLogsByTestSpec\",\"excludeDriverLogs\",\"bail\",\"framework\",\"reporters\",\"services\",\"maxInstances\",\"maxInstancesPerCapability\",\"injectGlobals\",\"filesToWatch\",\"execArgv\",\"runnerEnv\",\"runner\",\"shard\",\"specFileRetries\",\"specFileRetriesDelay\",\"specFileRetriesDeferred\",\"reporterSyncInterval\",\"reporterSyncTimeout\",\"cucumberFeaturesWithLineNumbers\",\"autoCompileOpts\",\"mochaOpts\",\"jasmineOpts\",\"cucumberOpts\",\"onPrepare\",\"onWorkerStart\",\"onWorkerEnd\",\"before\",\"beforeSession\",\"beforeSuite\",\"beforeHook\",\"beforeTest\",\"afterTest\",\"afterHook\",\"afterSuite\",\"afterSession\",\"after\",\"onComplete\",\"beforeAssertion\",\"afterAssertion\",\"beforeFeature\",\"beforeScenario\",\"beforeStep\",\"afterStep\",\"afterScenario\",\"afterFeature\",\"_\",\"suite\",\"$0\",\"ignoredWorkerServices\",\"wdi5\"]"}]}
COMMAND: POST /session/fab09ea6d36627fd5f8b404856e8a7ed/execute/async - {"script":"<script> [21126 bytes]","args":[35000]}
RESULT: {"script":"<script> [21126 bytes]","args":[35000]}
]]></system-out>
    </testcase>
    <testcase classname="chrome.136_0_7103_93.windows.Related_resources_for_groups_US139107" name="Should create a resource of type group" time="98.142">
      <system-out><![CDATA[
COMMAND: POST /session/fab09ea6d36627fd5f8b404856e8a7ed/execute/async - {"script":"<script> [1562 bytes]","args":[{"selector":{"controlType":"sap.m.GenericTile","properties":{"header":"Manage Resources"}},"wdio_ui5_key":"sapm.GenericTile{\"header\":\"Manage Resources\"}"}]}
RESULT: {"script":"<script> [1562 bytes]","args":[{"selector":{"controlType":"sap.m.GenericTile","properties":{"header":"Manage Resources"}},"wdio_ui5_key":"sapm.GenericTile{\"header\":\"Manage Resources\"}"}]}
RESULT: undefined
COMMAND: POST /session/fab09ea6d36627fd5f8b404856e8a7ed/element - {"using":"xpath","value":"//*[@id=\"__tile39\"]"}
RESULT: {"using":"xpath","value":"//*[@id=\"__tile39\"]"}
COMMAND: POST /session/fab09ea6d36627fd5f8b404856e8a7ed/element/f.377FB2431E1110495EF43C5D05B4BB7B.d.162C35C005C3C849AA2ED93B4F273BED.e.1174/click - {}
RESULT: {}
COMMAND: GET /session/fab09ea6d36627fd5f8b404856e8a7ed/screenshot - {}
RESULT: {}
COMMAND: POST /session/fab09ea6d36627fd5f8b404856e8a7ed/elements - {"using":"xpath","value":"//span[text()='Error']"}
RESULT: {"using":"xpath","value":"//span[text()='Error']"}
COMMAND: POST /session/fab09ea6d36627fd5f8b404856e8a7ed/element - {"using":"xpath","value":"//button[@data-kt=\"addNewRUOverflowToolbarButton\"]"}
RESULT: {"using":"xpath","value":"//button[@data-kt=\"addNewRUOverflowToolbarButton\"]"}
COMMAND: POST /session/fab09ea6d36627fd5f8b404856e8a7ed/execute/sync - {"script":"<script> [8489 bytes]","args":[{"element-6066-11e4-a52e-4f735466cecf":"f.377FB2431E1110495EF43C5D05B4BB7B.d.162C35C005C3C849AA2ED93B4F273BED.e.1219","ELEMENT":"f.377FB2431E1110495EF43C5D05B4BB7B.d.162C35C005C3C849AA2ED93B4F273BED.e.1219"}]}
RESULT: {"script":"<script> [8489 bytes]","args":[{"element-6066-11e4-a52e-4f735466cecf":"f.377FB2431E1110495EF43C5D05B4BB7B.d.162C35C005C3C849AA2ED93B4F273BED.e.1219","ELEMENT":"f.377FB2431E1110495EF43C5D05B4BB7B.d.162C35C005C3C849AA2ED93B4F273BED.e.1219"}]}
COMMAND: POST /session/fab09ea6d36627fd5f8b404856e8a7ed/element/f.377FB2431E1110495EF43C5D05B4BB7B.d.162C35C005C3C849AA2ED93B4F273BED.e.1219/click - {}
COMMAND: GET /session/fab09ea6d36627fd5f8b404856e8a7ed/screenshot - {}
RESULT: {}
COMMAND: GET /session/fab09ea6d36627fd5f8b404856e8a7ed/screenshot - {}
RESULT: {}
RESULT: {}
COMMAND: POST /session/fab09ea6d36627fd5f8b404856e8a7ed/execute/async - {"script":"<script> [1562 bytes]","args":[{"selector":{"id":"application-manageresources-display-component---newResourceUnit--TYPE-arrow"},"wdio_ui5_key":"applicationmanageresources-display-component---newResourceUnit--TYPE-arrow"}]}
RESULT: {"script":"<script> [1562 bytes]","args":[{"selector":{"id":"application-manageresources-display-component---newResourceUnit--TYPE-arrow"},"wdio_ui5_key":"applicationmanageresources-display-component---newResourceUnit--TYPE-arrow"}]}
RESULT: undefined
COMMAND: POST /session/fab09ea6d36627fd5f8b404856e8a7ed/element - {"using":"xpath","value":"//*[@id=\"application-manageresources-display-component---newResourceUnit--TYPE-arrow\"]"}
RESULT: {"using":"xpath","value":"//*[@id=\"application-manageresources-display-component---newResourceUnit--TYPE-arrow\"]"}
COMMAND: POST /session/fab09ea6d36627fd5f8b404856e8a7ed/element/f.377FB2431E1110495EF43C5D05B4BB7B.d.162C35C005C3C849AA2ED93B4F273BED.e.1544/click - {}
RESULT: {}
COMMAND: POST /session/fab09ea6d36627fd5f8b404856e8a7ed/execute/async - {"script":"<script> [1562 bytes]","args":[{"selector":{"controlType":"sap.m.StandardListItem","viewName":"reusables.view.manageresources.NewResourceUnit","viewId":"application-manageresources-display-component---newResourceUnit","properties":{"title":"Group"},"searchOpenDialogs":true,"interaction":{"idSuffix":"content"}},"wdio_ui5_key":"reusablesview.manageresources.NewResourceUnitsap.m.StandardListItem{\"title\":\"Group\"}"}]}
COMMAND: GET /session/fab09ea6d36627fd5f8b404856e8a7ed/screenshot - {}
RESULT: {"script":"<script> [1562 bytes]","args":[{"selector":{"controlType":"sap.m.StandardListItem","viewName":"reusables.view.manageresources.NewResourceUnit","viewId":"application-manageresources-display-component---newResourceUnit","properties":{"title":"Group"},"searchOpenDialogs":true,"interaction":{"idSuffix":"content"}},"wdio_ui5_key":"reusablesview.manageresources.NewResourceUnitsap.m.StandardListItem{\"title\":\"Group\"}"}]}
RESULT: undefined
COMMAND: POST /session/fab09ea6d36627fd5f8b404856e8a7ed/element - {"using":"xpath","value":"//*[@id=\"__item154\"]"}
RESULT: {}
RESULT: {"using":"xpath","value":"//*[@id=\"__item154\"]"}
COMMAND: POST /session/fab09ea6d36627fd5f8b404856e8a7ed/element/f.377FB2431E1110495EF43C5D05B4BB7B.d.162C35C005C3C849AA2ED93B4F273BED.e.1547/click - {}
RESULT: {}
COMMAND: GET /session/fab09ea6d36627fd5f8b404856e8a7ed/screenshot - {}
RESULT: {}
COMMAND: POST /session/fab09ea6d36627fd5f8b404856e8a7ed/execute/async - {"script":"<script> [1562 bytes]","args":[{"selector":{"id":"application-manageresources-display-component---newResourceUnit--SHORT_TEXT","interaction":{"idSuffix":"inner"}},"wdio_ui5_key":"applicationmanageresources-display-component---newResourceUnit--SHORT_TEXT"}]}
RESULT: {"script":"<script> [1562 bytes]","args":[{"selector":{"id":"application-manageresources-display-component---newResourceUnit--SHORT_TEXT","interaction":{"idSuffix":"inner"}},"wdio_ui5_key":"applicationmanageresources-display-component---newResourceUnit--SHORT_TEXT"}]}
RESULT: undefined
COMMAND: POST /session/fab09ea6d36627fd5f8b404856e8a7ed/execute/async - {"script":"<script> [776 bytes]","args":[{"enterText":"WdIORUGroupfwmcyi","selector":{"id":"application-manageresources-display-component---newResourceUnit--SHORT_TEXT","interaction":{"idSuffix":"inner"}},"clearTextFirst":true,"interactionType":"ENTER_TEXT"}]}
RESULT: {"script":"<script> [776 bytes]","args":[{"enterText":"WdIORUGroupfwmcyi","selector":{"id":"application-manageresources-display-component---newResourceUnit--SHORT_TEXT","interaction":{"idSuffix":"inner"}},"clearTextFirst":true,"interactionType":"ENTER_TEXT"}]}
COMMAND: POST /session/fab09ea6d36627fd5f8b404856e8a7ed/execute/async - {"script":"<script> [1562 bytes]","args":[{"selector":{"id":"application-manageresources-display-component---newResourceUnit--BASE_UNIT_OF_MEASURE","interaction":{"idSuffix":"inner"}},"wdio_ui5_key":"applicationmanageresources-display-component---newResourceUnit--BASE_UNIT_OF_MEASURE"}]}
RESULT: {"script":"<script> [1562 bytes]","args":[{"selector":{"id":"application-manageresources-display-component---newResourceUnit--BASE_UNIT_OF_MEASURE","interaction":{"idSuffix":"inner"}},"wdio_ui5_key":"applicationmanageresources-display-component---newResourceUnit--BASE_UNIT_OF_MEASURE"}]}
RESULT: undefined
COMMAND: POST /session/fab09ea6d36627fd5f8b404856e8a7ed/execute/async - {"script":"<script> [776 bytes]","args":[{"enterText":"Piece","selector":{"id":"application-manageresources-display-component---newResourceUnit--BASE_UNIT_OF_MEASURE","interaction":{"idSuffix":"inner"}},"clearTextFirst":true,"interactionType":"ENTER_TEXT"}]}
RESULT: {"script":"<script> [776 bytes]","args":[{"enterText":"Piece","selector":{"id":"application-manageresources-display-component---newResourceUnit--BASE_UNIT_OF_MEASURE","interaction":{"idSuffix":"inner"}},"clearTextFirst":true,"interactionType":"ENTER_TEXT"}]}
COMMAND: POST /session/fab09ea6d36627fd5f8b404856e8a7ed/execute/async - {"script":"<script> [1562 bytes]","args":[{"selector":{"id":"application-manageresources-display-component---newResourceUnit--newRRUPage-OPHeaderContent-collapseBtn-img"},"wdio_ui5_key":"applicationmanageresources-display-component---newResourceUnit--newRRUPage-OPHeaderContent-collapseBtn-img"}]}
RESULT: {"script":"<script> [1562 bytes]","args":[{"selector":{"id":"application-manageresources-display-component---newResourceUnit--newRRUPage-OPHeaderContent-collapseBtn-img"},"wdio_ui5_key":"applicationmanageresources-display-component---newResourceUnit--newRRUPage-OPHeaderContent-collapseBtn-img"}]}
RESULT: undefined
COMMAND: POST /session/fab09ea6d36627fd5f8b404856e8a7ed/element - {"using":"xpath","value":"//*[@id=\"application-manageresources-display-component---newResourceUnit--newRRUPage-OPHeaderContent-collapseBtn-img\"]"}
RESULT: {"using":"xpath","value":"//*[@id=\"application-manageresources-display-component---newResourceUnit--newRRUPage-OPHeaderContent-collapseBtn-img\"]"}
COMMAND: POST /session/fab09ea6d36627fd5f8b404856e8a7ed/element/f.377FB2431E1110495EF43C5D05B4BB7B.d.162C35C005C3C849AA2ED93B4F273BED.e.1555/click - {}
RESULT: {}
COMMAND: GET /session/fab09ea6d36627fd5f8b404856e8a7ed/screenshot - {}
RESULT: {}
COMMAND: POST /session/fab09ea6d36627fd5f8b404856e8a7ed/execute/async - {"script":"<script> [1562 bytes]","args":[{"selector":{"id":"application-manageresources-display-component---newResourceUnit--newRRUPage-anchBar-application-manageresources-display-component---newResourceUnit--control-anchor","interaction":{"idSuffix":"BDI-content"}},"wdio_ui5_key":"applicationmanageresources-display-component---newResourceUnit--newRRUPage-anchBar-application-manageresources-display-component---newResourceUnit--control-anchor"}]}
RESULT: {"script":"<script> [1562 bytes]","args":[{"selector":{"id":"application-manageresources-display-component---newResourceUnit--newRRUPage-anchBar-application-manageresources-display-component---newResourceUnit--control-anchor","interaction":{"idSuffix":"BDI-content"}},"wdio_ui5_key":"applicationmanageresources-display-component---newResourceUnit--newRRUPage-anchBar-application-manageresources-display-component---newResourceUnit--control-anchor"}]}
RESULT: undefined
COMMAND: POST /session/fab09ea6d36627fd5f8b404856e8a7ed/element - {"using":"xpath","value":"//*[@id=\"application-manageresources-display-component---newResourceUnit--newRRUPage-anchBar-application-manageresources-display-component---newResourceUnit--control-anchor\"]"}
RESULT: {"using":"xpath","value":"//*[@id=\"application-manageresources-display-component---newResourceUnit--newRRUPage-anchBar-application-manageresources-display-component---newResourceUnit--control-anchor\"]"}
COMMAND: POST /session/fab09ea6d36627fd5f8b404856e8a7ed/element/f.377FB2431E1110495EF43C5D05B4BB7B.d.162C35C005C3C849AA2ED93B4F273BED.e.1666/click - {}
RESULT: {}
COMMAND: POST /session/fab09ea6d36627fd5f8b404856e8a7ed/execute/async - {"script":"<script> [1562 bytes]","args":[{"selector":{"id":"application-manageresources-display-component---newResourceUnit--PLANNING_GROUP","interaction":{"idSuffix":"inner"}},"wdio_ui5_key":"applicationmanageresources-display-component---newResourceUnit--PLANNING_GROUP"}]}
COMMAND: GET /session/fab09ea6d36627fd5f8b404856e8a7ed/screenshot - {}
RESULT: {"script":"<script> [1562 bytes]","args":[{"selector":{"id":"application-manageresources-display-component---newResourceUnit--PLANNING_GROUP","interaction":{"idSuffix":"inner"}},"wdio_ui5_key":"applicationmanageresources-display-component---newResourceUnit--PLANNING_GROUP"}]}
RESULT: undefined
COMMAND: POST /session/fab09ea6d36627fd5f8b404856e8a7ed/execute/async - {"script":"<script> [776 bytes]","args":[{"enterText":"Heavy Equi","selector":{"id":"application-manageresources-display-component---newResourceUnit--PLANNING_GROUP","interaction":{"idSuffix":"inner"}},"clearTextFirst":true,"interactionType":"ENTER_TEXT"}]}
RESULT: {}
RESULT: {"script":"<script> [776 bytes]","args":[{"enterText":"Heavy Equi","selector":{"id":"application-manageresources-display-component---newResourceUnit--PLANNING_GROUP","interaction":{"idSuffix":"inner"}},"clearTextFirst":true,"interactionType":"ENTER_TEXT"}]}
COMMAND: POST /session/fab09ea6d36627fd5f8b404856e8a7ed/element - {"using":"xpath","value":"//bdi[contains(text(), \"Time Segment\")]"}
RESULT: {"using":"xpath","value":"//bdi[contains(text(), \"Time Segment\")]"}
COMMAND: GET /session/fab09ea6d36627fd5f8b404856e8a7ed/element/f.377FB2431E1110495EF43C5D05B4BB7B.d.162C35C005C3C849AA2ED93B4F273BED.e.1673/rect - {}
RESULT: {}
COMMAND: GET /session/fab09ea6d36627fd5f8b404856e8a7ed/window/rect - {}
RESULT: {}
COMMAND: POST /session/fab09ea6d36627fd5f8b404856e8a7ed/execute/sync - {"script":"<script> [92 bytes]","args":[]}
RESULT: {"script":"<script> [92 bytes]","args":[]}
COMMAND: POST /session/fab09ea6d36627fd5f8b404856e8a7ed/actions - {"actions":[{"id":"action3","type":"wheel","parameters":{},"actions":[{"type":"scroll","x":-1820,"y":-21,"deltaX":0,"deltaY":0,"duration":0,"origin":{"element-6066-11e4-a52e-4f735466cecf":"f.377FB2431E1110495EF43C5D05B4BB7B.d.162C35C005C3C849AA2ED93B4F273BED.e.1673"}}]}]}
COMMAND: GET /session/fab09ea6d36627fd5f8b404856e8a7ed/screenshot - {}
RESULT: {}
COMMAND: POST /session/fab09ea6d36627fd5f8b404856e8a7ed/execute/sync - {"script":"<script> [79 bytes]","args":[{"element-6066-11e4-a52e-4f735466cecf":"f.377FB2431E1110495EF43C5D05B4BB7B.d.162C35C005C3C849AA2ED93B4F273BED.e.1673","ELEMENT":"f.377FB2431E1110495EF43C5D05B4BB7B.d.162C35C005C3C849AA2ED93B4F273BED.e.1673"},{"block":"start","inline":"nearest"}]}
RESULT: {"script":"<script> [79 bytes]","args":[{"element-6066-11e4-a52e-4f735466cecf":"f.377FB2431E1110495EF43C5D05B4BB7B.d.162C35C005C3C849AA2ED93B4F273BED.e.1673","ELEMENT":"f.377FB2431E1110495EF43C5D05B4BB7B.d.162C35C005C3C849AA2ED93B4F273BED.e.1673"},{"block":"start","inline":"nearest"}]}
COMMAND: GET /session/fab09ea6d36627fd5f8b404856e8a7ed/screenshot - {}
RESULT: {}
COMMAND: POST /session/fab09ea6d36627fd5f8b404856e8a7ed/execute/async - {"script":"<script> [1562 bytes]","args":[{"selector":{"id":"application-manageresources-display-component---newResourceUnit--btnAddTimeSegment-img"},"wdio_ui5_key":"applicationmanageresources-display-component---newResourceUnit--btnAddTimeSegment-img"}]}
RESULT: {"script":"<script> [1562 bytes]","args":[{"selector":{"id":"application-manageresources-display-component---newResourceUnit--btnAddTimeSegment-img"},"wdio_ui5_key":"applicationmanageresources-display-component---newResourceUnit--btnAddTimeSegment-img"}]}
RESULT: undefined
COMMAND: POST /session/fab09ea6d36627fd5f8b404856e8a7ed/element - {"using":"xpath","value":"//*[@id=\"application-manageresources-display-component---newResourceUnit--btnAddTimeSegment-img\"]"}
RESULT: {"using":"xpath","value":"//*[@id=\"application-manageresources-display-component---newResourceUnit--btnAddTimeSegment-img\"]"}
COMMAND: POST /session/fab09ea6d36627fd5f8b404856e8a7ed/element/f.377FB2431E1110495EF43C5D05B4BB7B.d.162C35C005C3C849AA2ED93B4F273BED.e.1676/click - {}
RESULT: {}
COMMAND: GET /session/fab09ea6d36627fd5f8b404856e8a7ed/screenshot - {}
RESULT: {}
COMMAND: POST /session/fab09ea6d36627fd5f8b404856e8a7ed/element - {"using":"xpath","value":"//input[@id=\"application-manageresources-display-component---newResourceUnit--idRuTSAdmin-application-manageresources-display-component---newResourceUnit--RUTimeSegment-0-inner\"]"}
RESULT: {"using":"xpath","value":"//input[@id=\"application-manageresources-display-component---newResourceUnit--idRuTSAdmin-application-manageresources-display-component---newResourceUnit--RUTimeSegment-0-inner\"]"}
COMMAND: POST /session/fab09ea6d36627fd5f8b404856e8a7ed/element/f.377FB2431E1110495EF43C5D05B4BB7B.d.162C35C005C3C849AA2ED93B4F273BED.e.1679/clear - {}
RESULT: {}
COMMAND: POST /session/fab09ea6d36627fd5f8b404856e8a7ed/element/f.377FB2431E1110495EF43C5D05B4BB7B.d.162C35C005C3C849AA2ED93B4F273BED.e.1679/value - {"text":"WebdriverYard2nua3"}
COMMAND: GET /session/fab09ea6d36627fd5f8b404856e8a7ed/screenshot - {}
RESULT: {"text":"WebdriverYard2nua3"}
COMMAND: GET /session/fab09ea6d36627fd5f8b404856e8a7ed/screenshot - {}
RESULT: {}
RESULT: {}
COMMAND: POST /session/fab09ea6d36627fd5f8b404856e8a7ed/actions - {"actions":[{"id":"action4","type":"key","parameters":{},"actions":[{"type":"keyDown","value":""},{"type":"pause","duration":10},{"type":"keyUp","value":""}]}]}
RESULT: {"actions":[{"id":"action4","type":"key","parameters":{},"actions":[{"type":"keyDown","value":""},{"type":"pause","duration":10},{"type":"keyUp","value":""}]}]}
COMMAND: GET /session/fab09ea6d36627fd5f8b404856e8a7ed/screenshot - {}
RESULT: {}
COMMAND: POST /session/fab09ea6d36627fd5f8b404856e8a7ed/execute/async - {"script":"<script> [1562 bytes]","args":[{"selector":{"controlType":"sap.m.Button","viewName":"reusables.view.manageresources.NewResourceUnit","viewId":"application-manageresources-display-component---newResourceUnit","i18NText":{"propertyName":"tooltip","key":"save"},"interaction":{"idSuffix":"BDI-content"}},"wdio_ui5_key":"reusablesview.manageresources.NewResourceUnitsap.m.Button{\"propertyName\":\"tooltip\",\"key\":\"save\"}"}]}
RESULT: {"script":"<script> [1562 bytes]","args":[{"selector":{"controlType":"sap.m.Button","viewName":"reusables.view.manageresources.NewResourceUnit","viewId":"application-manageresources-display-component---newResourceUnit","i18NText":{"propertyName":"tooltip","key":"save"},"interaction":{"idSuffix":"BDI-content"}},"wdio_ui5_key":"reusablesview.manageresources.NewResourceUnitsap.m.Button{\"propertyName\":\"tooltip\",\"key\":\"save\"}"}]}
RESULT: undefined
COMMAND: POST /session/fab09ea6d36627fd5f8b404856e8a7ed/element - {"using":"xpath","value":"//*[@id=\"application-manageresources-display-component---newResourceUnit--createRuButton\"]"}
RESULT: {"using":"xpath","value":"//*[@id=\"application-manageresources-display-component---newResourceUnit--createRuButton\"]"}
COMMAND: POST /session/fab09ea6d36627fd5f8b404856e8a7ed/element/f.377FB2431E1110495EF43C5D05B4BB7B.d.162C35C005C3C849AA2ED93B4F273BED.e.1561/click - {}
RESULT: {}
COMMAND: GET /session/fab09ea6d36627fd5f8b404856e8a7ed/screenshot - {}
RESULT: {}
COMMAND: POST /session/fab09ea6d36627fd5f8b404856e8a7ed/execute/async - {"script":"<script> [1562 bytes]","args":[{"selector":{"controlType":"sap.m.Button","properties":{"text":"Close"},"searchOpenDialogs":true,"interaction":{"idSuffix":"inner"}},"wdio_ui5_key":"sapm.Button{\"text\":\"Close\"}"}]}
RESULT: {"script":"<script> [1562 bytes]","args":[{"selector":{"controlType":"sap.m.Button","properties":{"text":"Close"},"searchOpenDialogs":true,"interaction":{"idSuffix":"inner"}},"wdio_ui5_key":"sapm.Button{\"text\":\"Close\"}"}]}
RESULT: undefined
COMMAND: POST /session/fab09ea6d36627fd5f8b404856e8a7ed/element - {"using":"xpath","value":"//*[@id=\"__mbox-btn-0\"]"}
RESULT: {"using":"xpath","value":"//*[@id=\"__mbox-btn-0\"]"}
COMMAND: POST /session/fab09ea6d36627fd5f8b404856e8a7ed/element/f.377FB2431E1110495EF43C5D05B4BB7B.d.162C35C005C3C849AA2ED93B4F273BED.e.1687/click - {}
RESULT: {}
COMMAND: GET /session/fab09ea6d36627fd5f8b404856e8a7ed/screenshot - {}
RESULT: {}
RESULT: undefined
COMMAND: POST /session/fab09ea6d36627fd5f8b404856e8a7ed/element - {"using":"css selector","value":"#shell-header-logo"}
RESULT: {"using":"css selector","value":"#shell-header-logo"}
COMMAND: POST /session/fab09ea6d36627fd5f8b404856e8a7ed/element/f.377FB2431E1110495EF43C5D05B4BB7B.d.162C35C005C3C849AA2ED93B4F273BED.e.1177/click - {}
RESULT: {}
COMMAND: GET /session/fab09ea6d36627fd5f8b404856e8a7ed/screenshot - {}
RESULT: {}
]]></system-out>
    </testcase>
    <testcase classname="chrome.136_0_7103_93.windows.Related_resources_for_groups_US139107" name="Should create first equipment and add it to the group" time="118.134">
      <system-out><![CDATA[
RESULT: undefined
COMMAND: POST /session/fab09ea6d36627fd5f8b404856e8a7ed/element - {"using":"xpath","value":"//*[@id=\"__tile39\"]"}
RESULT: {"using":"xpath","value":"//*[@id=\"__tile39\"]"}
COMMAND: POST /session/fab09ea6d36627fd5f8b404856e8a7ed/element/f.377FB2431E1110495EF43C5D05B4BB7B.d.162C35C005C3C849AA2ED93B4F273BED.e.1174/click - {}
RESULT: {}
COMMAND: GET /session/fab09ea6d36627fd5f8b404856e8a7ed/screenshot - {}
RESULT: {}
COMMAND: POST /session/fab09ea6d36627fd5f8b404856e8a7ed/elements - {"using":"xpath","value":"//span[text()='Error']"}
RESULT: {"using":"xpath","value":"//span[text()='Error']"}
COMMAND: POST /session/fab09ea6d36627fd5f8b404856e8a7ed/element - {"using":"xpath","value":"//button[@data-kt=\"addNewRUOverflowToolbarButton\"]"}
RESULT: {"using":"xpath","value":"//button[@data-kt=\"addNewRUOverflowToolbarButton\"]"}
COMMAND: POST /session/fab09ea6d36627fd5f8b404856e8a7ed/execute/sync - {"script":"<script> [8489 bytes]","args":[{"element-6066-11e4-a52e-4f735466cecf":"f.377FB2431E1110495EF43C5D05B4BB7B.d.162C35C005C3C849AA2ED93B4F273BED.e.1762","ELEMENT":"f.377FB2431E1110495EF43C5D05B4BB7B.d.162C35C005C3C849AA2ED93B4F273BED.e.1762"}]}
RESULT: {"script":"<script> [8489 bytes]","args":[{"element-6066-11e4-a52e-4f735466cecf":"f.377FB2431E1110495EF43C5D05B4BB7B.d.162C35C005C3C849AA2ED93B4F273BED.e.1762","ELEMENT":"f.377FB2431E1110495EF43C5D05B4BB7B.d.162C35C005C3C849AA2ED93B4F273BED.e.1762"}]}
COMMAND: POST /session/fab09ea6d36627fd5f8b404856e8a7ed/element/f.377FB2431E1110495EF43C5D05B4BB7B.d.162C35C005C3C849AA2ED93B4F273BED.e.1762/click - {}
COMMAND: GET /session/fab09ea6d36627fd5f8b404856e8a7ed/screenshot - {}
RESULT: {}
COMMAND: GET /session/fab09ea6d36627fd5f8b404856e8a7ed/screenshot - {}
RESULT: {}
RESULT: {}
RESULT: undefined
COMMAND: POST /session/fab09ea6d36627fd5f8b404856e8a7ed/element - {"using":"xpath","value":"//*[@id=\"application-manageresources-display-component---newResourceUnit--TYPE-arrow\"]"}
RESULT: {"using":"xpath","value":"//*[@id=\"application-manageresources-display-component---newResourceUnit--TYPE-arrow\"]"}
COMMAND: POST /session/fab09ea6d36627fd5f8b404856e8a7ed/element/f.377FB2431E1110495EF43C5D05B4BB7B.d.162C35C005C3C849AA2ED93B4F273BED.e.2088/click - {}
RESULT: {}
COMMAND: POST /session/fab09ea6d36627fd5f8b404856e8a7ed/execute/async - {"script":"<script> [1562 bytes]","args":[{"selector":{"controlType":"sap.m.StandardListItem","viewName":"reusables.view.manageresources.NewResourceUnit","viewId":"application-manageresources-display-component---newResourceUnit","properties":{"title":"Equipment"},"searchOpenDialogs":true,"interaction":{"idSuffix":"content"}},"wdio_ui5_key":"reusablesview.manageresources.NewResourceUnitsap.m.StandardListItem{\"title\":\"Equipment\"}"}]}
COMMAND: GET /session/fab09ea6d36627fd5f8b404856e8a7ed/screenshot - {}
RESULT: {"script":"<script> [1562 bytes]","args":[{"selector":{"controlType":"sap.m.StandardListItem","viewName":"reusables.view.manageresources.NewResourceUnit","viewId":"application-manageresources-display-component---newResourceUnit","properties":{"title":"Equipment"},"searchOpenDialogs":true,"interaction":{"idSuffix":"content"}},"wdio_ui5_key":"reusablesview.manageresources.NewResourceUnitsap.m.StandardListItem{\"title\":\"Equipment\"}"}]}
RESULT: undefined
COMMAND: POST /session/fab09ea6d36627fd5f8b404856e8a7ed/element - {"using":"xpath","value":"//*[@id=\"__item693\"]"}
RESULT: {}
RESULT: {"using":"xpath","value":"//*[@id=\"__item693\"]"}
COMMAND: POST /session/fab09ea6d36627fd5f8b404856e8a7ed/element/f.377FB2431E1110495EF43C5D05B4BB7B.d.162C35C005C3C849AA2ED93B4F273BED.e.2094/click - {}
RESULT: {}
COMMAND: GET /session/fab09ea6d36627fd5f8b404856e8a7ed/screenshot - {}
RESULT: {}
COMMAND: POST /session/fab09ea6d36627fd5f8b404856e8a7ed/execute/async - {"script":"<script> [1562 bytes]","args":[{"selector":{"id":"application-manageresources-display-component---newResourceUnit--resourceId","interaction":{"idSuffix":"inner"}},"wdio_ui5_key":"applicationmanageresources-display-component---newResourceUnit--resourceId"}]}
RESULT: {"script":"<script> [1562 bytes]","args":[{"selector":{"id":"application-manageresources-display-component---newResourceUnit--resourceId","interaction":{"idSuffix":"inner"}},"wdio_ui5_key":"applicationmanageresources-display-component---newResourceUnit--resourceId"}]}
RESULT: undefined
COMMAND: POST /session/fab09ea6d36627fd5f8b404856e8a7ed/execute/async - {"script":"<script> [776 bytes]","args":[{"enterText":"WdIORUEquip1f2fq5","selector":{"id":"application-manageresources-display-component---newResourceUnit--resourceId","interaction":{"idSuffix":"inner"}},"clearTextFirst":true,"interactionType":"ENTER_TEXT"}]}
RESULT: {"script":"<script> [776 bytes]","args":[{"enterText":"WdIORUEquip1f2fq5","selector":{"id":"application-manageresources-display-component---newResourceUnit--resourceId","interaction":{"idSuffix":"inner"}},"clearTextFirst":true,"interactionType":"ENTER_TEXT"}]}
RESULT: undefined
COMMAND: POST /session/fab09ea6d36627fd5f8b404856e8a7ed/execute/async - {"script":"<script> [776 bytes]","args":[{"enterText":"WdIORUEquip1f2fq5","selector":{"id":"application-manageresources-display-component---newResourceUnit--SHORT_TEXT","interaction":{"idSuffix":"inner"}},"clearTextFirst":true,"interactionType":"ENTER_TEXT"}]}
RESULT: {"script":"<script> [776 bytes]","args":[{"enterText":"WdIORUEquip1f2fq5","selector":{"id":"application-manageresources-display-component---newResourceUnit--SHORT_TEXT","interaction":{"idSuffix":"inner"}},"clearTextFirst":true,"interactionType":"ENTER_TEXT"}]}
RESULT: undefined
COMMAND: POST /session/fab09ea6d36627fd5f8b404856e8a7ed/execute/async - {"script":"<script> [776 bytes]","args":[{"enterText":"Piece","selector":{"id":"application-manageresources-display-component---newResourceUnit--BASE_UNIT_OF_MEASURE","interaction":{"idSuffix":"inner"}},"clearTextFirst":true,"interactionType":"ENTER_TEXT"}]}
RESULT: {"script":"<script> [776 bytes]","args":[{"enterText":"Piece","selector":{"id":"application-manageresources-display-component---newResourceUnit--BASE_UNIT_OF_MEASURE","interaction":{"idSuffix":"inner"}},"clearTextFirst":true,"interactionType":"ENTER_TEXT"}]}
COMMAND: POST /session/fab09ea6d36627fd5f8b404856e8a7ed/element - {"using":"xpath","value":"//input[contains(@id ,\"application-manageresources-display-component---newResourceUnit--HIGHER_LEVEL_RESOURCE-inner\")]"}
RESULT: {"using":"xpath","value":"//input[contains(@id ,\"application-manageresources-display-component---newResourceUnit--HIGHER_LEVEL_RESOURCE-inner\")]"}
COMMAND: POST /session/fab09ea6d36627fd5f8b404856e8a7ed/element/f.377FB2431E1110495EF43C5D05B4BB7B.d.162C35C005C3C849AA2ED93B4F273BED.e.2116/value - {"text":"WdIORUGroupfwmcyi"}
RESULT: {"text":"WdIORUGroupfwmcyi"}
COMMAND: GET /session/fab09ea6d36627fd5f8b404856e8a7ed/screenshot - {}
RESULT: {}
COMMAND: POST /session/fab09ea6d36627fd5f8b404856e8a7ed/actions - {"actions":[{"id":"action5","type":"key","parameters":{},"actions":[{"type":"keyDown","value":""},{"type":"pause","duration":10},{"type":"keyUp","value":""}]}]}
RESULT: {"actions":[{"id":"action5","type":"key","parameters":{},"actions":[{"type":"keyDown","value":""},{"type":"pause","duration":10},{"type":"keyUp","value":""}]}]}
COMMAND: POST /session/fab09ea6d36627fd5f8b404856e8a7ed/execute/async - {"script":"<script> [1562 bytes]","args":[{"selector":{"id":"application-manageresources-display-component---newResourceUnit--WEIGHT_UNIT","interaction":{"idSuffix":"inner"}},"wdio_ui5_key":"applicationmanageresources-display-component---newResourceUnit--WEIGHT_UNIT"}]}
COMMAND: GET /session/fab09ea6d36627fd5f8b404856e8a7ed/screenshot - {}
RESULT: {"script":"<script> [1562 bytes]","args":[{"selector":{"id":"application-manageresources-display-component---newResourceUnit--WEIGHT_UNIT","interaction":{"idSuffix":"inner"}},"wdio_ui5_key":"applicationmanageresources-display-component---newResourceUnit--WEIGHT_UNIT"}]}
RESULT: undefined
COMMAND: POST /session/fab09ea6d36627fd5f8b404856e8a7ed/execute/async - {"script":"<script> [776 bytes]","args":[{"enterText":"Gram","selector":{"id":"application-manageresources-display-component---newResourceUnit--WEIGHT_UNIT","interaction":{"idSuffix":"inner"}},"clearTextFirst":true,"interactionType":"ENTER_TEXT"}]}
RESULT: {}
RESULT: {"script":"<script> [776 bytes]","args":[{"enterText":"Gram","selector":{"id":"application-manageresources-display-component---newResourceUnit--WEIGHT_UNIT","interaction":{"idSuffix":"inner"}},"clearTextFirst":true,"interactionType":"ENTER_TEXT"}]}
RESULT: undefined
COMMAND: POST /session/fab09ea6d36627fd5f8b404856e8a7ed/element - {"using":"xpath","value":"//*[@id=\"application-manageresources-display-component---newResourceUnit--newRRUPage-OPHeaderContent-collapseBtn-img\"]"}
RESULT: {"using":"xpath","value":"//*[@id=\"application-manageresources-display-component---newResourceUnit--newRRUPage-OPHeaderContent-collapseBtn-img\"]"}
COMMAND: POST /session/fab09ea6d36627fd5f8b404856e8a7ed/element/f.377FB2431E1110495EF43C5D05B4BB7B.d.162C35C005C3C849AA2ED93B4F273BED.e.2101/click - {}
RESULT: {}
COMMAND: GET /session/fab09ea6d36627fd5f8b404856e8a7ed/screenshot - {}
RESULT: {}
COMMAND: POST /session/fab09ea6d36627fd5f8b404856e8a7ed/element - {"using":"xpath","value":"(//span[contains(@id ,\"application-manageresources-display-component---newResourceUnit--DIMENSION_UNIT-arrow\")])[1]"}
RESULT: {"using":"xpath","value":"(//span[contains(@id ,\"application-manageresources-display-component---newResourceUnit--DIMENSION_UNIT-arrow\")])[1]"}
COMMAND: POST /session/fab09ea6d36627fd5f8b404856e8a7ed/element/f.377FB2431E1110495EF43C5D05B4BB7B.d.162C35C005C3C849AA2ED93B4F273BED.e.2249/click - {}
RESULT: {}
COMMAND: GET /session/fab09ea6d36627fd5f8b404856e8a7ed/screenshot - {}
RESULT: {}
COMMAND: POST /session/fab09ea6d36627fd5f8b404856e8a7ed/execute/async - {"script":"<script> [1562 bytes]","args":[{"selector":{"controlType":"sap.m.StandardListItem","viewName":"reusables.view.manageresources.NewResourceUnit","viewId":"application-manageresources-display-component---newResourceUnit","properties":{"title":"Centimeter"},"searchOpenDialogs":true,"interaction":{"idSuffix":"titleText"}},"wdio_ui5_key":"reusablesview.manageresources.NewResourceUnitsap.m.StandardListItem{\"title\":\"Centimeter\"}"}]}
RESULT: {"script":"<script> [1562 bytes]","args":[{"selector":{"controlType":"sap.m.StandardListItem","viewName":"reusables.view.manageresources.NewResourceUnit","viewId":"application-manageresources-display-component---newResourceUnit","properties":{"title":"Centimeter"},"searchOpenDialogs":true,"interaction":{"idSuffix":"titleText"}},"wdio_ui5_key":"reusablesview.manageresources.NewResourceUnitsap.m.StandardListItem{\"title\":\"Centimeter\"}"}]}
RESULT: undefined
COMMAND: POST /session/fab09ea6d36627fd5f8b404856e8a7ed/element - {"using":"xpath","value":"//*[@id=\"__item780\"]"}
RESULT: {"using":"xpath","value":"//*[@id=\"__item780\"]"}
COMMAND: POST /session/fab09ea6d36627fd5f8b404856e8a7ed/element/f.377FB2431E1110495EF43C5D05B4BB7B.d.162C35C005C3C849AA2ED93B4F273BED.e.2253/click - {}
RESULT: {}
COMMAND: GET /session/fab09ea6d36627fd5f8b404856e8a7ed/screenshot - {}
RESULT: {}
RESULT: undefined
COMMAND: POST /session/fab09ea6d36627fd5f8b404856e8a7ed/element - {"using":"xpath","value":"//*[@id=\"application-manageresources-display-component---newResourceUnit--newRRUPage-anchBar-application-manageresources-display-component---newResourceUnit--control-anchor\"]"}
RESULT: {"using":"xpath","value":"//*[@id=\"application-manageresources-display-component---newResourceUnit--newRRUPage-anchBar-application-manageresources-display-component---newResourceUnit--control-anchor\"]"}
COMMAND: POST /session/fab09ea6d36627fd5f8b404856e8a7ed/element/f.377FB2431E1110495EF43C5D05B4BB7B.d.162C35C005C3C849AA2ED93B4F273BED.e.2254/click - {}
RESULT: {}
RESULT: undefined
COMMAND: POST /session/fab09ea6d36627fd5f8b404856e8a7ed/execute/async - {"script":"<script> [776 bytes]","args":[{"enterText":"Heavy Equi","selector":{"id":"application-manageresources-display-component---newResourceUnit--PLANNING_GROUP","interaction":{"idSuffix":"inner"}},"clearTextFirst":true,"interactionType":"ENTER_TEXT"}]}
COMMAND: GET /session/fab09ea6d36627fd5f8b404856e8a7ed/screenshot - {}
RESULT: {"script":"<script> [776 bytes]","args":[{"enterText":"Heavy Equi","selector":{"id":"application-manageresources-display-component---newResourceUnit--PLANNING_GROUP","interaction":{"idSuffix":"inner"}},"clearTextFirst":true,"interactionType":"ENTER_TEXT"}]}
RESULT: {}
COMMAND: POST /session/fab09ea6d36627fd5f8b404856e8a7ed/execute/async - {"script":"<script> [1562 bytes]","args":[{"selector":{"id":"application-manageresources-display-component---newResourceUnit--ITEM_TYPE-arrow"},"wdio_ui5_key":"applicationmanageresources-display-component---newResourceUnit--ITEM_TYPE-arrow"}]}
RESULT: {"script":"<script> [1562 bytes]","args":[{"selector":{"id":"application-manageresources-display-component---newResourceUnit--ITEM_TYPE-arrow"},"wdio_ui5_key":"applicationmanageresources-display-component---newResourceUnit--ITEM_TYPE-arrow"}]}
RESULT: undefined
COMMAND: POST /session/fab09ea6d36627fd5f8b404856e8a7ed/element - {"using":"xpath","value":"//*[@id=\"application-manageresources-display-component---newResourceUnit--ITEM_TYPE-arrow\"]"}
RESULT: {"using":"xpath","value":"//*[@id=\"application-manageresources-display-component---newResourceUnit--ITEM_TYPE-arrow\"]"}
COMMAND: POST /session/fab09ea6d36627fd5f8b404856e8a7ed/element/f.377FB2431E1110495EF43C5D05B4BB7B.d.162C35C005C3C849AA2ED93B4F273BED.e.2258/click - {}
RESULT: {}
COMMAND: POST /session/fab09ea6d36627fd5f8b404856e8a7ed/execute/async - {"script":"<script> [1562 bytes]","args":[{"selector":{"controlType":"sap.m.StandardListItem","viewName":"reusables.view.manageresources.NewResourceUnit","viewId":"application-manageresources-display-component---newResourceUnit","properties":{"title":"Resource Unit"},"searchOpenDialogs":true,"interaction":{"idSuffix":"titleText"}},"wdio_ui5_key":"reusablesview.manageresources.NewResourceUnitsap.m.StandardListItem{\"title\":\"Resource Unit\"}"}]}
COMMAND: GET /session/fab09ea6d36627fd5f8b404856e8a7ed/screenshot - {}
RESULT: {"script":"<script> [1562 bytes]","args":[{"selector":{"controlType":"sap.m.StandardListItem","viewName":"reusables.view.manageresources.NewResourceUnit","viewId":"application-manageresources-display-component---newResourceUnit","properties":{"title":"Resource Unit"},"searchOpenDialogs":true,"interaction":{"idSuffix":"titleText"}},"wdio_ui5_key":"reusablesview.manageresources.NewResourceUnitsap.m.StandardListItem{\"title\":\"Resource Unit\"}"}]}
RESULT: undefined
COMMAND: POST /session/fab09ea6d36627fd5f8b404856e8a7ed/element - {"using":"xpath","value":"//*[@id=\"__item802\"]"}
RESULT: {}
RESULT: {"using":"xpath","value":"//*[@id=\"__item802\"]"}
COMMAND: POST /session/fab09ea6d36627fd5f8b404856e8a7ed/element/f.377FB2431E1110495EF43C5D05B4BB7B.d.162C35C005C3C849AA2ED93B4F273BED.e.2260/click - {}
RESULT: {}
COMMAND: POST /session/fab09ea6d36627fd5f8b404856e8a7ed/element - {"using":"xpath","value":"//bdi[contains(text(), \"Time Segment\")]"}
COMMAND: GET /session/fab09ea6d36627fd5f8b404856e8a7ed/screenshot - {}
RESULT: {"using":"xpath","value":"//bdi[contains(text(), \"Time Segment\")]"}
COMMAND: GET /session/fab09ea6d36627fd5f8b404856e8a7ed/element/f.377FB2431E1110495EF43C5D05B4BB7B.d.162C35C005C3C849AA2ED93B4F273BED.e.2267/rect - {}
RESULT: {}
RESULT: {}
COMMAND: GET /session/fab09ea6d36627fd5f8b404856e8a7ed/window/rect - {}
RESULT: {}
COMMAND: POST /session/fab09ea6d36627fd5f8b404856e8a7ed/execute/sync - {"script":"<script> [92 bytes]","args":[]}
RESULT: {"script":"<script> [92 bytes]","args":[]}
COMMAND: POST /session/fab09ea6d36627fd5f8b404856e8a7ed/actions - {"actions":[{"id":"action6","type":"wheel","parameters":{},"actions":[{"type":"scroll","x":-1820,"y":-21,"deltaX":0,"deltaY":0,"duration":0,"origin":{"element-6066-11e4-a52e-4f735466cecf":"f.377FB2431E1110495EF43C5D05B4BB7B.d.162C35C005C3C849AA2ED93B4F273BED.e.2267"}}]}]}
COMMAND: GET /session/fab09ea6d36627fd5f8b404856e8a7ed/screenshot - {}
RESULT: {}
COMMAND: POST /session/fab09ea6d36627fd5f8b404856e8a7ed/execute/sync - {"script":"<script> [79 bytes]","args":[{"element-6066-11e4-a52e-4f735466cecf":"f.377FB2431E1110495EF43C5D05B4BB7B.d.162C35C005C3C849AA2ED93B4F273BED.e.2267","ELEMENT":"f.377FB2431E1110495EF43C5D05B4BB7B.d.162C35C005C3C849AA2ED93B4F273BED.e.2267"},{"block":"start","inline":"nearest"}]}
RESULT: {"script":"<script> [79 bytes]","args":[{"element-6066-11e4-a52e-4f735466cecf":"f.377FB2431E1110495EF43C5D05B4BB7B.d.162C35C005C3C849AA2ED93B4F273BED.e.2267","ELEMENT":"f.377FB2431E1110495EF43C5D05B4BB7B.d.162C35C005C3C849AA2ED93B4F273BED.e.2267"},{"block":"start","inline":"nearest"}]}
RESULT: undefined
COMMAND: POST /session/fab09ea6d36627fd5f8b404856e8a7ed/element - {"using":"xpath","value":"//*[@id=\"application-manageresources-display-component---newResourceUnit--btnAddTimeSegment-img\"]"}
COMMAND: GET /session/fab09ea6d36627fd5f8b404856e8a7ed/screenshot - {}
RESULT: {"using":"xpath","value":"//*[@id=\"application-manageresources-display-component---newResourceUnit--btnAddTimeSegment-img\"]"}
COMMAND: POST /session/fab09ea6d36627fd5f8b404856e8a7ed/element/f.377FB2431E1110495EF43C5D05B4BB7B.d.162C35C005C3C849AA2ED93B4F273BED.e.2270/click - {}
RESULT: {}
RESULT: {}
COMMAND: GET /session/fab09ea6d36627fd5f8b404856e8a7ed/screenshot - {}
RESULT: {}
COMMAND: POST /session/fab09ea6d36627fd5f8b404856e8a7ed/element - {"using":"xpath","value":"//input[@id=\"application-manageresources-display-component---newResourceUnit--idRuTSAdmin-application-manageresources-display-component---newResourceUnit--RUTimeSegment-0-inner\"]"}
RESULT: {"using":"xpath","value":"//input[@id=\"application-manageresources-display-component---newResourceUnit--idRuTSAdmin-application-manageresources-display-component---newResourceUnit--RUTimeSegment-0-inner\"]"}
COMMAND: POST /session/fab09ea6d36627fd5f8b404856e8a7ed/element/f.377FB2431E1110495EF43C5D05B4BB7B.d.162C35C005C3C849AA2ED93B4F273BED.e.2274/clear - {}
RESULT: {}
COMMAND: POST /session/fab09ea6d36627fd5f8b404856e8a7ed/element/f.377FB2431E1110495EF43C5D05B4BB7B.d.162C35C005C3C849AA2ED93B4F273BED.e.2274/value - {"text":"WebdriverYard2nua3"}
COMMAND: GET /session/fab09ea6d36627fd5f8b404856e8a7ed/screenshot - {}
RESULT: {"text":"WebdriverYard2nua3"}
COMMAND: GET /session/fab09ea6d36627fd5f8b404856e8a7ed/screenshot - {}
RESULT: {}
RESULT: {}
COMMAND: POST /session/fab09ea6d36627fd5f8b404856e8a7ed/actions - {"actions":[{"id":"action7","type":"key","parameters":{},"actions":[{"type":"keyDown","value":""},{"type":"pause","duration":10},{"type":"keyUp","value":""}]}]}
RESULT: {"actions":[{"id":"action7","type":"key","parameters":{},"actions":[{"type":"keyDown","value":""},{"type":"pause","duration":10},{"type":"keyUp","value":""}]}]}
COMMAND: POST /session/fab09ea6d36627fd5f8b404856e8a7ed/execute/async - {"script":"<script> [1562 bytes]","args":[{"selector":{"controlType":"sap.ui.core.Icon","viewName":"reusables.view.manageresources.NewResourceUnit","viewId":"application-manageresources-display-component---newResourceUnit","properties":{"src":{"regex":{"source":"slim\\-arrow\\-down"}}},"ancestor":{"controlType":"sap.m.ComboBox","viewName":"reusables.view.manageresources.NewResourceUnit","viewId":"application-manageresources-display-component---newResourceUnit","bindingPath":{"path":"/RESOURCE_UNIT_TIME_SEQUENCES/0","propertyPath":"COST_OBJECT_ADMIN_CST_TYPE","modelName":"oNewRruModel"}}},"wdio_ui5_key":"reusablesview.manageresources.NewResourceUnitsap.ui.core.Icon{\"src\":{\"regex\":{\"source\":\"slim\\\\-arrow\\\\-down\"}}}{\"controlType\":\"sap.m.ComboBox\",\"viewName\":\"reusables.view.manageresources.NewResourceUnit\",\"viewId\":\"application-manageresources-display-component---newResourceUnit\",\"bindingPath\":{\"path\":\"/RESOURCE_UNIT_TIME_SEQUENCES/0\",\"propertyPath\":\"COST_OBJECT_ADMIN_CST_TYPE\",\"modelName\":\"oNewRruModel\"}}"}]}
COMMAND: GET /session/fab09ea6d36627fd5f8b404856e8a7ed/screenshot - {}
RESULT: {"script":"<script> [1562 bytes]","args":[{"selector":{"controlType":"sap.ui.core.Icon","viewName":"reusables.view.manageresources.NewResourceUnit","viewId":"application-manageresources-display-component---newResourceUnit","properties":{"src":{"regex":{"source":"slim\\-arrow\\-down"}}},"ancestor":{"controlType":"sap.m.ComboBox","viewName":"reusables.view.manageresources.NewResourceUnit","viewId":"application-manageresources-display-component---newResourceUnit","bindingPath":{"path":"/RESOURCE_UNIT_TIME_SEQUENCES/0","propertyPath":"COST_OBJECT_ADMIN_CST_TYPE","modelName":"oNewRruModel"}}},"wdio_ui5_key":"reusablesview.manageresources.NewResourceUnitsap.ui.core.Icon{\"src\":{\"regex\":{\"source\":\"slim\\\\-arrow\\\\-down\"}}}{\"controlType\":\"sap.m.ComboBox\",\"viewName\":\"reusables.view.manageresources.NewResourceUnit\",\"viewId\":\"application-manageresources-display-component---newResourceUnit\",\"bindingPath\":{\"path\":\"/RESOURCE_UNIT_TIME_SEQUENCES/0\",\"propertyPath\":\"COST_OBJECT_ADMIN_CST_TYPE\",\"modelName\":\"oNewRruModel\"}}"}]}
RESULT: undefined
COMMAND: POST /session/fab09ea6d36627fd5f8b404856e8a7ed/element - {"using":"xpath","value":"//*[@id=\"__box10-application-manageresources-display-component---newResourceUnit--RUTimeSegment-0-arrow\"]"}
RESULT: {}
RESULT: {"using":"xpath","value":"//*[@id=\"__box10-application-manageresources-display-component---newResourceUnit--RUTimeSegment-0-arrow\"]"}
COMMAND: POST /session/fab09ea6d36627fd5f8b404856e8a7ed/element/f.377FB2431E1110495EF43C5D05B4BB7B.d.162C35C005C3C849AA2ED93B4F273BED.e.2286/click - {}
RESULT: {}
COMMAND: POST /session/fab09ea6d36627fd5f8b404856e8a7ed/execute/async - {"script":"<script> [1562 bytes]","args":[{"selector":{"controlType":"sap.m.StandardListItem","viewName":"reusables.view.manageresources.NewResourceUnit","viewId":"application-manageresources-display-component---newResourceUnit","properties":{"title":"PM Order"},"searchOpenDialogs":true,"interaction":{"idSuffix":"titleText"}},"wdio_ui5_key":"reusablesview.manageresources.NewResourceUnitsap.m.StandardListItem{\"title\":\"PM Order\"}"}]}
COMMAND: GET /session/fab09ea6d36627fd5f8b404856e8a7ed/screenshot - {}
RESULT: {"script":"<script> [1562 bytes]","args":[{"selector":{"controlType":"sap.m.StandardListItem","viewName":"reusables.view.manageresources.NewResourceUnit","viewId":"application-manageresources-display-component---newResourceUnit","properties":{"title":"PM Order"},"searchOpenDialogs":true,"interaction":{"idSuffix":"titleText"}},"wdio_ui5_key":"reusablesview.manageresources.NewResourceUnitsap.m.StandardListItem{\"title\":\"PM Order\"}"}]}
RESULT: undefined
COMMAND: POST /session/fab09ea6d36627fd5f8b404856e8a7ed/element - {"using":"xpath","value":"//*[@id=\"__item1132\"]"}
RESULT: {}
RESULT: {"using":"xpath","value":"//*[@id=\"__item1132\"]"}
COMMAND: POST /session/fab09ea6d36627fd5f8b404856e8a7ed/element/f.377FB2431E1110495EF43C5D05B4BB7B.d.162C35C005C3C849AA2ED93B4F273BED.e.2290/click - {}
RESULT: {}
COMMAND: GET /session/fab09ea6d36627fd5f8b404856e8a7ed/screenshot - {}
RESULT: {}
COMMAND: POST /session/fab09ea6d36627fd5f8b404856e8a7ed/element - {"using":"xpath","value":"(//input[contains(@id ,\"-application-manageresources-display-component---newResourceUnit--RUTimeSegment-0-inner\")])[8]"}
RESULT: {"using":"xpath","value":"(//input[contains(@id ,\"-application-manageresources-display-component---newResourceUnit--RUTimeSegment-0-inner\")])[8]"}
COMMAND: POST /session/fab09ea6d36627fd5f8b404856e8a7ed/element/f.377FB2431E1110495EF43C5D05B4BB7B.d.162C35C005C3C849AA2ED93B4F273BED.e.2293/clear - {}
RESULT: {}
COMMAND: POST /session/fab09ea6d36627fd5f8b404856e8a7ed/element/f.377FB2431E1110495EF43C5D05B4BB7B.d.162C35C005C3C849AA2ED93B4F273BED.e.2293/value - {"text":"4000360"}
COMMAND: GET /session/fab09ea6d36627fd5f8b404856e8a7ed/screenshot - {}
RESULT: {"text":"4000360"}
COMMAND: GET /session/fab09ea6d36627fd5f8b404856e8a7ed/screenshot - {}
RESULT: {}
RESULT: {}
COMMAND: POST /session/fab09ea6d36627fd5f8b404856e8a7ed/actions - {"actions":[{"id":"action8","type":"key","parameters":{},"actions":[{"type":"keyDown","value":""},{"type":"pause","duration":10},{"type":"keyUp","value":""}]}]}
RESULT: {"actions":[{"id":"action8","type":"key","parameters":{},"actions":[{"type":"keyDown","value":""},{"type":"pause","duration":10},{"type":"keyUp","value":""}]}]}
COMMAND: GET /session/fab09ea6d36627fd5f8b404856e8a7ed/screenshot - {}
RESULT: {}
COMMAND: POST /session/fab09ea6d36627fd5f8b404856e8a7ed/element - {"using":"xpath","value":"//input[contains(@id ,\"application-manageresources-display-component---newResourceUnit--newTimeSegmentFromDatePicker-application-manageresources-display-component---newResourceUnit--RUTimeSegment-0-inner\")]"}
RESULT: {"using":"xpath","value":"//input[contains(@id ,\"application-manageresources-display-component---newResourceUnit--newTimeSegmentFromDatePicker-application-manageresources-display-component---newResourceUnit--RUTimeSegment-0-inner\")]"}
COMMAND: POST /session/fab09ea6d36627fd5f8b404856e8a7ed/element/f.377FB2431E1110495EF43C5D05B4BB7B.d.162C35C005C3C849AA2ED93B4F273BED.e.2281/clear - {}
RESULT: {}
COMMAND: POST /session/fab09ea6d36627fd5f8b404856e8a7ed/element/f.377FB2431E1110495EF43C5D05B4BB7B.d.162C35C005C3C849AA2ED93B4F273BED.e.2281/clear - {}
COMMAND: GET /session/fab09ea6d36627fd5f8b404856e8a7ed/screenshot - {}
RESULT: {}
COMMAND: POST /session/fab09ea6d36627fd5f8b404856e8a7ed/element/f.377FB2431E1110495EF43C5D05B4BB7B.d.162C35C005C3C849AA2ED93B4F273BED.e.2281/value - {"text":"06/28/24"}
COMMAND: GET /session/fab09ea6d36627fd5f8b404856e8a7ed/screenshot - {}
RESULT: {}
RESULT: {"text":"06/28/24"}
COMMAND: POST /session/fab09ea6d36627fd5f8b404856e8a7ed/execute/async - {"script":"<script> [1562 bytes]","args":[{"selector":{"id":"application-manageresources-display-component---newResourceUnit--newRRUPage-anchBar-application-manageresources-display-component---newResourceUnit--resource-anchor","interaction":{"idSuffix":"BDI-content"}},"wdio_ui5_key":"applicationmanageresources-display-component---newResourceUnit--newRRUPage-anchBar-application-manageresources-display-component---newResourceUnit--resource-anchor"}]}
COMMAND: GET /session/fab09ea6d36627fd5f8b404856e8a7ed/screenshot - {}
RESULT: {}
RESULT: {"script":"<script> [1562 bytes]","args":[{"selector":{"id":"application-manageresources-display-component---newResourceUnit--newRRUPage-anchBar-application-manageresources-display-component---newResourceUnit--resource-anchor","interaction":{"idSuffix":"BDI-content"}},"wdio_ui5_key":"applicationmanageresources-display-component---newResourceUnit--newRRUPage-anchBar-application-manageresources-display-component---newResourceUnit--resource-anchor"}]}
RESULT: undefined
COMMAND: POST /session/fab09ea6d36627fd5f8b404856e8a7ed/element - {"using":"xpath","value":"//*[@id=\"application-manageresources-display-component---newResourceUnit--newRRUPage-anchBar-application-manageresources-display-component---newResourceUnit--resource-anchor\"]"}
RESULT: {}
RESULT: {"using":"xpath","value":"//*[@id=\"application-manageresources-display-component---newResourceUnit--newRRUPage-anchBar-application-manageresources-display-component---newResourceUnit--resource-anchor\"]"}
COMMAND: POST /session/fab09ea6d36627fd5f8b404856e8a7ed/element/f.377FB2431E1110495EF43C5D05B4BB7B.d.162C35C005C3C849AA2ED93B4F273BED.e.2314/click - {}
RESULT: {}
COMMAND: POST /session/fab09ea6d36627fd5f8b404856e8a7ed/execute/async - {"script":"<script> [1562 bytes]","args":[{"selector":{"id":"application-manageresources-display-component---newResourceUnit--PLANNED_DELIVERY_DATE","interaction":{"idSuffix":"inner"}},"wdio_ui5_key":"applicationmanageresources-display-component---newResourceUnit--PLANNED_DELIVERY_DATE"}]}
COMMAND: GET /session/fab09ea6d36627fd5f8b404856e8a7ed/screenshot - {}
RESULT: {"script":"<script> [1562 bytes]","args":[{"selector":{"id":"application-manageresources-display-component---newResourceUnit--PLANNED_DELIVERY_DATE","interaction":{"idSuffix":"inner"}},"wdio_ui5_key":"applicationmanageresources-display-component---newResourceUnit--PLANNED_DELIVERY_DATE"}]}
RESULT: undefined
COMMAND: POST /session/fab09ea6d36627fd5f8b404856e8a7ed/execute/async - {"script":"<script> [6424 bytes]","args":[{"element-6066-11e4-a52e-4f735466cecf":"f.377FB2431E1110495EF43C5D05B4BB7B.d.162C35C005C3C849AA2ED93B4F273BED.e.2147"},"setValue",["06/28/24"]]}
RESULT: {}
RESULT: {"script":"<script> [6424 bytes]","args":[{"element-6066-11e4-a52e-4f735466cecf":"f.377FB2431E1110495EF43C5D05B4BB7B.d.162C35C005C3C849AA2ED93B4F273BED.e.2147"},"setValue",["06/28/24"]]}
COMMAND: POST /session/fab09ea6d36627fd5f8b404856e8a7ed/execute/async - {"script":"<script> [1562 bytes]","args":[{"selector":{"id":"application-manageresources-display-component---newResourceUnit--RETIRE_PLANNED_DATE","interaction":{"idSuffix":"inner"}},"wdio_ui5_key":"applicationmanageresources-display-component---newResourceUnit--RETIRE_PLANNED_DATE"}]}
RESULT: {"script":"<script> [1562 bytes]","args":[{"selector":{"id":"application-manageresources-display-component---newResourceUnit--RETIRE_PLANNED_DATE","interaction":{"idSuffix":"inner"}},"wdio_ui5_key":"applicationmanageresources-display-component---newResourceUnit--RETIRE_PLANNED_DATE"}]}
RESULT: undefined
COMMAND: POST /session/fab09ea6d36627fd5f8b404856e8a7ed/execute/async - {"script":"<script> [776 bytes]","args":[{"enterText":"3/14/29","selector":{"id":"application-manageresources-display-component---newResourceUnit--RETIRE_PLANNED_DATE","interaction":{"idSuffix":"inner"}},"clearTextFirst":true,"interactionType":"ENTER_TEXT"}]}
RESULT: {"script":"<script> [776 bytes]","args":[{"enterText":"3/14/29","selector":{"id":"application-manageresources-display-component---newResourceUnit--RETIRE_PLANNED_DATE","interaction":{"idSuffix":"inner"}},"clearTextFirst":true,"interactionType":"ENTER_TEXT"}]}
RESULT: undefined
COMMAND: POST /session/fab09ea6d36627fd5f8b404856e8a7ed/element - {"using":"xpath","value":"//*[@id=\"application-manageresources-display-component---newResourceUnit--createRuButton\"]"}
RESULT: {"using":"xpath","value":"//*[@id=\"application-manageresources-display-component---newResourceUnit--createRuButton\"]"}
COMMAND: POST /session/fab09ea6d36627fd5f8b404856e8a7ed/element/f.377FB2431E1110495EF43C5D05B4BB7B.d.162C35C005C3C849AA2ED93B4F273BED.e.2107/click - {}
RESULT: {}
COMMAND: GET /session/fab09ea6d36627fd5f8b404856e8a7ed/screenshot - {}
RESULT: {}
COMMAND: POST /session/fab09ea6d36627fd5f8b404856e8a7ed/element - {"using":"xpath","value":"(//bdi[contains(text(), \"Close\")])[1]"}
RESULT: {"using":"xpath","value":"(//bdi[contains(text(), \"Close\")])[1]"}
COMMAND: POST /session/fab09ea6d36627fd5f8b404856e8a7ed/element/f.377FB2431E1110495EF43C5D05B4BB7B.d.162C35C005C3C849AA2ED93B4F273BED.e.2323/click - {}
RESULT: {}
COMMAND: GET /session/fab09ea6d36627fd5f8b404856e8a7ed/screenshot - {}
RESULT: {}
]]></system-out>
    </testcase>
    <testcase classname="chrome.136_0_7103_93.windows.Related_resources_for_groups_US139107" name="Should create one more equipment using copy function and add it to the group" time="69.823">
      <system-out><![CDATA[
COMMAND: POST /session/fab09ea6d36627fd5f8b404856e8a7ed/element - {"using":"xpath","value":"//span[contains(@id ,\"actionsToolbar-overflowButton-img\")]"}
RESULT: {"using":"xpath","value":"//span[contains(@id ,\"actionsToolbar-overflowButton-img\")]"}
COMMAND: POST /session/fab09ea6d36627fd5f8b404856e8a7ed/execute/sync - {"script":"<script> [8489 bytes]","args":[{"element-6066-11e4-a52e-4f735466cecf":"f.377FB2431E1110495EF43C5D05B4BB7B.d.162C35C005C3C849AA2ED93B4F273BED.e.2360","ELEMENT":"f.377FB2431E1110495EF43C5D05B4BB7B.d.162C35C005C3C849AA2ED93B4F273BED.e.2360"}]}
RESULT: {"script":"<script> [8489 bytes]","args":[{"element-6066-11e4-a52e-4f735466cecf":"f.377FB2431E1110495EF43C5D05B4BB7B.d.162C35C005C3C849AA2ED93B4F273BED.e.2360","ELEMENT":"f.377FB2431E1110495EF43C5D05B4BB7B.d.162C35C005C3C849AA2ED93B4F273BED.e.2360"}]}
COMMAND: POST /session/fab09ea6d36627fd5f8b404856e8a7ed/execute/sync - {"script":"<script> [5351 bytes]","args":[{"element-6066-11e4-a52e-4f735466cecf":"f.377FB2431E1110495EF43C5D05B4BB7B.d.162C35C005C3C849AA2ED93B4F273BED.e.2360","ELEMENT":"f.377FB2431E1110495EF43C5D05B4BB7B.d.162C35C005C3C849AA2ED93B4F273BED.e.2360"}]}
COMMAND: GET /session/fab09ea6d36627fd5f8b404856e8a7ed/screenshot - {}
RESULT: {"script":"<script> [5351 bytes]","args":[{"element-6066-11e4-a52e-4f735466cecf":"f.377FB2431E1110495EF43C5D05B4BB7B.d.162C35C005C3C849AA2ED93B4F273BED.e.2360","ELEMENT":"f.377FB2431E1110495EF43C5D05B4BB7B.d.162C35C005C3C849AA2ED93B4F273BED.e.2360"}]}
COMMAND: POST /session/fab09ea6d36627fd5f8b404856e8a7ed/element/f.377FB2431E1110495EF43C5D05B4BB7B.d.162C35C005C3C849AA2ED93B4F273BED.e.2360/click - {}
COMMAND: GET /session/fab09ea6d36627fd5f8b404856e8a7ed/screenshot - {}
RESULT: {}
RESULT: {}
COMMAND: GET /session/fab09ea6d36627fd5f8b404856e8a7ed/screenshot - {}
RESULT: {}
RESULT: {}
COMMAND: POST /session/fab09ea6d36627fd5f8b404856e8a7ed/execute/async - {"script":"<script> [1562 bytes]","args":[{"selector":{"controlType":"sap.m.Button","viewName":"etm.portal.ui.manageresources.view.Detail","viewId":"application-manageresources-display-component---detailRU","i18NText":{"propertyName":"text","key":"copy"},"interaction":{"idSuffix":"BDI-content"}},"wdio_ui5_key":"etmportal.ui.manageresources.view.Detailsap.m.Button{\"propertyName\":\"text\",\"key\":\"copy\"}"}]}
RESULT: {"script":"<script> [1562 bytes]","args":[{"selector":{"controlType":"sap.m.Button","viewName":"etm.portal.ui.manageresources.view.Detail","viewId":"application-manageresources-display-component---detailRU","i18NText":{"propertyName":"text","key":"copy"},"interaction":{"idSuffix":"BDI-content"}},"wdio_ui5_key":"etmportal.ui.manageresources.view.Detailsap.m.Button{\"propertyName\":\"text\",\"key\":\"copy\"}"}]}
RESULT: undefined
COMMAND: POST /session/fab09ea6d36627fd5f8b404856e8a7ed/element - {"using":"xpath","value":"//*[@id=\"__button117\"]"}
RESULT: {"using":"xpath","value":"//*[@id=\"__button117\"]"}
COMMAND: POST /session/fab09ea6d36627fd5f8b404856e8a7ed/element/f.377FB2431E1110495EF43C5D05B4BB7B.d.162C35C005C3C849AA2ED93B4F273BED.e.2364/click - {}
RESULT: {}
COMMAND: GET /session/fab09ea6d36627fd5f8b404856e8a7ed/screenshot - {}
RESULT: {}
COMMAND: POST /session/fab09ea6d36627fd5f8b404856e8a7ed/execute/async - {"script":"<script> [1562 bytes]","args":[{"selector":{"controlType":"sap.m.Button","viewName":"etm.portal.ui.manageresources.view.Detail","viewId":"application-manageresources-display-component---detailRU","i18NText":{"propertyName":"text","key":"selectAll"},"searchOpenDialogs":true,"interaction":{"idSuffix":"BDI-content"}},"wdio_ui5_key":"etmportal.ui.manageresources.view.Detailsap.m.Button{\"propertyName\":\"text\",\"key\":\"selectAll\"}"}]}
RESULT: {"script":"<script> [1562 bytes]","args":[{"selector":{"controlType":"sap.m.Button","viewName":"etm.portal.ui.manageresources.view.Detail","viewId":"application-manageresources-display-component---detailRU","i18NText":{"propertyName":"text","key":"selectAll"},"searchOpenDialogs":true,"interaction":{"idSuffix":"BDI-content"}},"wdio_ui5_key":"etmportal.ui.manageresources.view.Detailsap.m.Button{\"propertyName\":\"text\",\"key\":\"selectAll\"}"}]}
RESULT: undefined
COMMAND: POST /session/fab09ea6d36627fd5f8b404856e8a7ed/element - {"using":"xpath","value":"//*[@id=\"__button168\"]"}
RESULT: {"using":"xpath","value":"//*[@id=\"__button168\"]"}
COMMAND: POST /session/fab09ea6d36627fd5f8b404856e8a7ed/element/f.377FB2431E1110495EF43C5D05B4BB7B.d.162C35C005C3C849AA2ED93B4F273BED.e.2365/click - {}
RESULT: {}
COMMAND: GET /session/fab09ea6d36627fd5f8b404856e8a7ed/screenshot - {}
RESULT: {}
COMMAND: POST /session/fab09ea6d36627fd5f8b404856e8a7ed/execute/async - {"script":"<script> [1562 bytes]","args":[{"selector":{"controlType":"sap.m.Button","viewName":"etm.portal.ui.manageresources.view.Detail","viewId":"application-manageresources-display-component---detailRU","i18NText":{"propertyName":"text","key":"confirm"},"searchOpenDialogs":true,"interaction":{"idSuffix":"content"}},"wdio_ui5_key":"etmportal.ui.manageresources.view.Detailsap.m.Button{\"propertyName\":\"text\",\"key\":\"confirm\"}"}]}
RESULT: {"script":"<script> [1562 bytes]","args":[{"selector":{"controlType":"sap.m.Button","viewName":"etm.portal.ui.manageresources.view.Detail","viewId":"application-manageresources-display-component---detailRU","i18NText":{"propertyName":"text","key":"confirm"},"searchOpenDialogs":true,"interaction":{"idSuffix":"content"}},"wdio_ui5_key":"etmportal.ui.manageresources.view.Detailsap.m.Button{\"propertyName\":\"text\",\"key\":\"confirm\"}"}]}
RESULT: undefined
COMMAND: POST /session/fab09ea6d36627fd5f8b404856e8a7ed/element - {"using":"xpath","value":"//*[@id=\"__button169\"]"}
RESULT: {"using":"xpath","value":"//*[@id=\"__button169\"]"}
COMMAND: POST /session/fab09ea6d36627fd5f8b404856e8a7ed/element/f.377FB2431E1110495EF43C5D05B4BB7B.d.162C35C005C3C849AA2ED93B4F273BED.e.2389/click - {}
RESULT: {}
COMMAND: GET /session/fab09ea6d36627fd5f8b404856e8a7ed/screenshot - {}
RESULT: {}
COMMAND: POST /session/fab09ea6d36627fd5f8b404856e8a7ed/element - {"using":"xpath","value":"(//span[contains(@id ,\"expandBtn-inner\")])[2]"}
RESULT: {"using":"xpath","value":"(//span[contains(@id ,\"expandBtn-inner\")])[2]"}
COMMAND: POST /session/fab09ea6d36627fd5f8b404856e8a7ed/element/f.377FB2431E1110495EF43C5D05B4BB7B.d.162C35C005C3C849AA2ED93B4F273BED.e.2402/click - {}
RESULT: {}
COMMAND: GET /session/fab09ea6d36627fd5f8b404856e8a7ed/screenshot - {}
RESULT: {}
COMMAND: POST /session/fab09ea6d36627fd5f8b404856e8a7ed/element - {"using":"xpath","value":"//input[contains(@id ,\"application-manageresources-display-component---newResourceUnit--resourceId-inner\")]"}
RESULT: {"using":"xpath","value":"//input[contains(@id ,\"application-manageresources-display-component---newResourceUnit--resourceId-inner\")]"}
COMMAND: POST /session/fab09ea6d36627fd5f8b404856e8a7ed/element/f.377FB2431E1110495EF43C5D05B4BB7B.d.162C35C005C3C849AA2ED93B4F273BED.e.2111/clear - {}
RESULT: {}
COMMAND: POST /session/fab09ea6d36627fd5f8b404856e8a7ed/element/f.377FB2431E1110495EF43C5D05B4BB7B.d.162C35C005C3C849AA2ED93B4F273BED.e.2111/value - {"text":"WdIORUEquip2jw8g6"}
COMMAND: GET /session/fab09ea6d36627fd5f8b404856e8a7ed/screenshot - {}
RESULT: {"text":"WdIORUEquip2jw8g6"}
COMMAND: POST /session/fab09ea6d36627fd5f8b404856e8a7ed/element - {"using":"xpath","value":"//input[contains(@id ,\"application-manageresources-display-component---newResourceUnit--SHORT_TEXT-inner\")]"}
COMMAND: GET /session/fab09ea6d36627fd5f8b404856e8a7ed/screenshot - {}
RESULT: {}
RESULT: {"using":"xpath","value":"//input[contains(@id ,\"application-manageresources-display-component---newResourceUnit--SHORT_TEXT-inner\")]"}
COMMAND: POST /session/fab09ea6d36627fd5f8b404856e8a7ed/element/f.377FB2431E1110495EF43C5D05B4BB7B.d.162C35C005C3C849AA2ED93B4F273BED.e.2112/clear - {}
RESULT: {}
RESULT: {}
COMMAND: POST /session/fab09ea6d36627fd5f8b404856e8a7ed/element/f.377FB2431E1110495EF43C5D05B4BB7B.d.162C35C005C3C849AA2ED93B4F273BED.e.2112/clear - {}
COMMAND: GET /session/fab09ea6d36627fd5f8b404856e8a7ed/screenshot - {}
RESULT: {}
COMMAND: POST /session/fab09ea6d36627fd5f8b404856e8a7ed/element/f.377FB2431E1110495EF43C5D05B4BB7B.d.162C35C005C3C849AA2ED93B4F273BED.e.2112/value - {"text":"WdIORUEquip2jw8g6"}
COMMAND: GET /session/fab09ea6d36627fd5f8b404856e8a7ed/screenshot - {}
RESULT: {}
RESULT: {"text":"WdIORUEquip2jw8g6"}
COMMAND: POST /session/fab09ea6d36627fd5f8b404856e8a7ed/element - {"using":"xpath","value":"//bdi[contains(text(), \"Time Segment\")]"}
COMMAND: GET /session/fab09ea6d36627fd5f8b404856e8a7ed/screenshot - {}
RESULT: {}
RESULT: {"using":"xpath","value":"//bdi[contains(text(), \"Time Segment\")]"}
COMMAND: GET /session/fab09ea6d36627fd5f8b404856e8a7ed/element/f.377FB2431E1110495EF43C5D05B4BB7B.d.162C35C005C3C849AA2ED93B4F273BED.e.2267/rect - {}
RESULT: {}
RESULT: {}
COMMAND: GET /session/fab09ea6d36627fd5f8b404856e8a7ed/window/rect - {}
RESULT: {}
COMMAND: POST /session/fab09ea6d36627fd5f8b404856e8a7ed/execute/sync - {"script":"<script> [92 bytes]","args":[]}
RESULT: {"script":"<script> [92 bytes]","args":[]}
COMMAND: POST /session/fab09ea6d36627fd5f8b404856e8a7ed/actions - {"actions":[{"id":"action9","type":"wheel","parameters":{},"actions":[{"type":"scroll","x":-1820,"y":1110,"deltaX":0,"deltaY":0,"duration":0,"origin":{"element-6066-11e4-a52e-4f735466cecf":"f.377FB2431E1110495EF43C5D05B4BB7B.d.162C35C005C3C849AA2ED93B4F273BED.e.2267"}}]}]}
COMMAND: GET /session/fab09ea6d36627fd5f8b404856e8a7ed/screenshot - {}
RESULT: {}
COMMAND: POST /session/fab09ea6d36627fd5f8b404856e8a7ed/execute/sync - {"script":"<script> [79 bytes]","args":[{"element-6066-11e4-a52e-4f735466cecf":"f.377FB2431E1110495EF43C5D05B4BB7B.d.162C35C005C3C849AA2ED93B4F273BED.e.2267","ELEMENT":"f.377FB2431E1110495EF43C5D05B4BB7B.d.162C35C005C3C849AA2ED93B4F273BED.e.2267"},{"block":"start","inline":"nearest"}]}
RESULT: {"script":"<script> [79 bytes]","args":[{"element-6066-11e4-a52e-4f735466cecf":"f.377FB2431E1110495EF43C5D05B4BB7B.d.162C35C005C3C849AA2ED93B4F273BED.e.2267","ELEMENT":"f.377FB2431E1110495EF43C5D05B4BB7B.d.162C35C005C3C849AA2ED93B4F273BED.e.2267"},{"block":"start","inline":"nearest"}]}
COMMAND: GET /session/fab09ea6d36627fd5f8b404856e8a7ed/screenshot - {}
RESULT: {}
COMMAND: POST /session/fab09ea6d36627fd5f8b404856e8a7ed/element - {"using":"xpath","value":"//input[@id=\"application-manageresources-display-component---newResourceUnit--idRuTSAdmin-application-manageresources-display-component---newResourceUnit--RUTimeSegment-0-inner\"]"}
RESULT: {"using":"xpath","value":"//input[@id=\"application-manageresources-display-component---newResourceUnit--idRuTSAdmin-application-manageresources-display-component---newResourceUnit--RUTimeSegment-0-inner\"]"}
COMMAND: POST /session/fab09ea6d36627fd5f8b404856e8a7ed/element/f.377FB2431E1110495EF43C5D05B4BB7B.d.162C35C005C3C849AA2ED93B4F273BED.e.2274/clear - {}
RESULT: {}
COMMAND: POST /session/fab09ea6d36627fd5f8b404856e8a7ed/element/f.377FB2431E1110495EF43C5D05B4BB7B.d.162C35C005C3C849AA2ED93B4F273BED.e.2274/value - {"text":"WebdriverYard2nua3"}
COMMAND: GET /session/fab09ea6d36627fd5f8b404856e8a7ed/screenshot - {}
RESULT: {"text":"WebdriverYard2nua3"}
COMMAND: GET /session/fab09ea6d36627fd5f8b404856e8a7ed/screenshot - {}
RESULT: {}
RESULT: {}
COMMAND: POST /session/fab09ea6d36627fd5f8b404856e8a7ed/actions - {"actions":[{"id":"action10","type":"key","parameters":{},"actions":[{"type":"keyDown","value":""},{"type":"pause","duration":10},{"type":"keyUp","value":""}]}]}
RESULT: {"actions":[{"id":"action10","type":"key","parameters":{},"actions":[{"type":"keyDown","value":""},{"type":"pause","duration":10},{"type":"keyUp","value":""}]}]}
COMMAND: GET /session/fab09ea6d36627fd5f8b404856e8a7ed/screenshot - {}
RESULT: {}
RESULT: undefined
COMMAND: POST /session/fab09ea6d36627fd5f8b404856e8a7ed/element - {"using":"xpath","value":"//*[@id=\"__box10-application-manageresources-display-component---newResourceUnit--RUTimeSegment-0-arrow\"]"}
RESULT: {"using":"xpath","value":"//*[@id=\"__box10-application-manageresources-display-component---newResourceUnit--RUTimeSegment-0-arrow\"]"}
COMMAND: POST /session/fab09ea6d36627fd5f8b404856e8a7ed/element/f.377FB2431E1110495EF43C5D05B4BB7B.d.162C35C005C3C849AA2ED93B4F273BED.e.2286/click - {}
RESULT: {}
COMMAND: GET /session/fab09ea6d36627fd5f8b404856e8a7ed/screenshot - {}
RESULT: {}
COMMAND: POST /session/fab09ea6d36627fd5f8b404856e8a7ed/element - {"using":"xpath","value":"//span[contains(@id ,\"titleText\")][contains(text(), \"PM Order\")]"}
RESULT: {"using":"xpath","value":"//span[contains(@id ,\"titleText\")][contains(text(), \"PM Order\")]"}
COMMAND: POST /session/fab09ea6d36627fd5f8b404856e8a7ed/element/f.377FB2431E1110495EF43C5D05B4BB7B.d.162C35C005C3C849AA2ED93B4F273BED.e.2476/click - {}
RESULT: {}
COMMAND: GET /session/fab09ea6d36627fd5f8b404856e8a7ed/screenshot - {}
RESULT: {}
COMMAND: POST /session/fab09ea6d36627fd5f8b404856e8a7ed/element - {"using":"xpath","value":"(//input[contains(@id ,\"-application-manageresources-display-component---newResourceUnit--RUTimeSegment-0-inner\")])[8]"}
RESULT: {"using":"xpath","value":"(//input[contains(@id ,\"-application-manageresources-display-component---newResourceUnit--RUTimeSegment-0-inner\")])[8]"}
COMMAND: POST /session/fab09ea6d36627fd5f8b404856e8a7ed/element/f.377FB2431E1110495EF43C5D05B4BB7B.d.162C35C005C3C849AA2ED93B4F273BED.e.2479/clear - {}
RESULT: {}
COMMAND: POST /session/fab09ea6d36627fd5f8b404856e8a7ed/element/f.377FB2431E1110495EF43C5D05B4BB7B.d.162C35C005C3C849AA2ED93B4F273BED.e.2479/value - {"text":"4000360"}
COMMAND: GET /session/fab09ea6d36627fd5f8b404856e8a7ed/screenshot - {}
RESULT: {"text":"4000360"}
COMMAND: GET /session/fab09ea6d36627fd5f8b404856e8a7ed/screenshot - {}
RESULT: {}
RESULT: {}
COMMAND: POST /session/fab09ea6d36627fd5f8b404856e8a7ed/actions - {"actions":[{"id":"action11","type":"key","parameters":{},"actions":[{"type":"keyDown","value":""},{"type":"pause","duration":10},{"type":"keyUp","value":""}]}]}
RESULT: {"actions":[{"id":"action11","type":"key","parameters":{},"actions":[{"type":"keyDown","value":""},{"type":"pause","duration":10},{"type":"keyUp","value":""}]}]}
COMMAND: GET /session/fab09ea6d36627fd5f8b404856e8a7ed/screenshot - {}
RESULT: {}
RESULT: undefined
COMMAND: POST /session/fab09ea6d36627fd5f8b404856e8a7ed/element - {"using":"xpath","value":"//*[@id=\"application-manageresources-display-component---newResourceUnit--createRuButton\"]"}
RESULT: {"using":"xpath","value":"//*[@id=\"application-manageresources-display-component---newResourceUnit--createRuButton\"]"}
COMMAND: POST /session/fab09ea6d36627fd5f8b404856e8a7ed/element/f.377FB2431E1110495EF43C5D05B4BB7B.d.162C35C005C3C849AA2ED93B4F273BED.e.2107/click - {}
RESULT: {}
COMMAND: GET /session/fab09ea6d36627fd5f8b404856e8a7ed/screenshot - {}
RESULT: {}
COMMAND: POST /session/fab09ea6d36627fd5f8b404856e8a7ed/element - {"using":"xpath","value":"(//bdi[contains(text(), \"Close\")])[1]"}
RESULT: {"using":"xpath","value":"(//bdi[contains(text(), \"Close\")])[1]"}
COMMAND: POST /session/fab09ea6d36627fd5f8b404856e8a7ed/element/f.377FB2431E1110495EF43C5D05B4BB7B.d.162C35C005C3C849AA2ED93B4F273BED.e.2499/click - {}
RESULT: {}
COMMAND: GET /session/fab09ea6d36627fd5f8b404856e8a7ed/screenshot - {}
RESULT: {}
]]></system-out>
    </testcase>
    <testcase classname="chrome.136_0_7103_93.windows.Related_resources_for_groups_US139107" name="Should verify the Yard Overview hyperlinks in related resource" time="114.097">
      <system-out><![CDATA[
COMMAND: POST /session/fab09ea6d36627fd5f8b404856e8a7ed/execute/async - {"script":"<script> [1562 bytes]","args":[{"selector":{"controlType":"sap.ui.core.Icon","viewName":"etm.portal.ui.manageresources.view.Detail","viewId":"application-manageresources-display-component---detailRU","properties":{"src":{"regex":{"source":"decline"}}}},"wdio_ui5_key":"etmportal.ui.manageresources.view.Detailsap.ui.core.Icon{\"src\":{\"regex\":{\"source\":\"decline\"}}}"}]}
RESULT: {"script":"<script> [1562 bytes]","args":[{"selector":{"controlType":"sap.ui.core.Icon","viewName":"etm.portal.ui.manageresources.view.Detail","viewId":"application-manageresources-display-component---detailRU","properties":{"src":{"regex":{"source":"decline"}}}},"wdio_ui5_key":"etmportal.ui.manageresources.view.Detailsap.ui.core.Icon{\"src\":{\"regex\":{\"source\":\"decline\"}}}"}]}
RESULT: undefined
COMMAND: POST /session/fab09ea6d36627fd5f8b404856e8a7ed/element - {"using":"xpath","value":"//input[contains(@id ,\"application-manageresources-display-component---masterRU--smartFilterBar-btnBasicSearch-I\")]"}
RESULT: {"using":"xpath","value":"//input[contains(@id ,\"application-manageresources-display-component---masterRU--smartFilterBar-btnBasicSearch-I\")]"}
COMMAND: POST /session/fab09ea6d36627fd5f8b404856e8a7ed/element/f.377FB2431E1110495EF43C5D05B4BB7B.d.162C35C005C3C849AA2ED93B4F273BED.e.1737/value - {"text":"WdIORUGroupfwmcyi"}
RESULT: {"text":"WdIORUGroupfwmcyi"}
COMMAND: GET /session/fab09ea6d36627fd5f8b404856e8a7ed/screenshot - {}
RESULT: {}
COMMAND: POST /session/fab09ea6d36627fd5f8b404856e8a7ed/actions - {"actions":[{"id":"action12","type":"key","parameters":{},"actions":[{"type":"keyDown","value":""},{"type":"pause","duration":10},{"type":"keyUp","value":""}]}]}
RESULT: {"actions":[{"id":"action12","type":"key","parameters":{},"actions":[{"type":"keyDown","value":""},{"type":"pause","duration":10},{"type":"keyUp","value":""}]}]}
COMMAND: GET /session/fab09ea6d36627fd5f8b404856e8a7ed/screenshot - {}
RESULT: {}
COMMAND: POST /session/fab09ea6d36627fd5f8b404856e8a7ed/execute/async - {"script":"<script> [1562 bytes]","args":[{"selector":{"controlType":"sap.ui.core.Icon","viewName":"etm.portal.ui.manageresources.view.Master","viewId":"application-manageresources-display-component---masterRU","properties":{"src":{"regex":{"source":"slim\\-arrow\\-right"}}}},"wdio_ui5_key":"etmportal.ui.manageresources.view.Mastersap.ui.core.Icon{\"src\":{\"regex\":{\"source\":\"slim\\\\-arrow\\\\-right\"}}}"}]}
RESULT: {"script":"<script> [1562 bytes]","args":[{"selector":{"controlType":"sap.ui.core.Icon","viewName":"etm.portal.ui.manageresources.view.Master","viewId":"application-manageresources-display-component---masterRU","properties":{"src":{"regex":{"source":"slim\\-arrow\\-right"}}}},"wdio_ui5_key":"etmportal.ui.manageresources.view.Mastersap.ui.core.Icon{\"src\":{\"regex\":{\"source\":\"slim\\\\-arrow\\\\-right\"}}}"}]}
RESULT: undefined
COMMAND: POST /session/fab09ea6d36627fd5f8b404856e8a7ed/element - {"using":"xpath","value":"//*[@id=\"__item583-__clone1482-imgNav\"]"}
RESULT: {"using":"xpath","value":"//*[@id=\"__item583-__clone1482-imgNav\"]"}
COMMAND: POST /session/fab09ea6d36627fd5f8b404856e8a7ed/element/f.377FB2431E1110495EF43C5D05B4BB7B.d.162C35C005C3C849AA2ED93B4F273BED.e.1911/click - {}
RESULT: {}
COMMAND: GET /session/fab09ea6d36627fd5f8b404856e8a7ed/screenshot - {}
RESULT: {}
COMMAND: POST /session/fab09ea6d36627fd5f8b404856e8a7ed/element - {"using":"xpath","value":"//bdi[contains(@id ,\"application-manageresources-display-component---detailRU--openRelatedRus-BDI-content\")]"}
RESULT: {"using":"xpath","value":"//bdi[contains(@id ,\"application-manageresources-display-component---detailRU--openRelatedRus-BDI-content\")]"}
COMMAND: POST /session/fab09ea6d36627fd5f8b404856e8a7ed/execute/sync - {"script":"<script> [8489 bytes]","args":[{"element-6066-11e4-a52e-4f735466cecf":"f.377FB2431E1110495EF43C5D05B4BB7B.d.162C35C005C3C849AA2ED93B4F273BED.e.2743","ELEMENT":"f.377FB2431E1110495EF43C5D05B4BB7B.d.162C35C005C3C849AA2ED93B4F273BED.e.2743"}]}
RESULT: {"script":"<script> [8489 bytes]","args":[{"element-6066-11e4-a52e-4f735466cecf":"f.377FB2431E1110495EF43C5D05B4BB7B.d.162C35C005C3C849AA2ED93B4F273BED.e.2743","ELEMENT":"f.377FB2431E1110495EF43C5D05B4BB7B.d.162C35C005C3C849AA2ED93B4F273BED.e.2743"}]}
COMMAND: POST /session/fab09ea6d36627fd5f8b404856e8a7ed/execute/sync - {"script":"<script> [5351 bytes]","args":[{"element-6066-11e4-a52e-4f735466cecf":"f.377FB2431E1110495EF43C5D05B4BB7B.d.162C35C005C3C849AA2ED93B4F273BED.e.2743","ELEMENT":"f.377FB2431E1110495EF43C5D05B4BB7B.d.162C35C005C3C849AA2ED93B4F273BED.e.2743"}]}
COMMAND: GET /session/fab09ea6d36627fd5f8b404856e8a7ed/screenshot - {}
RESULT: {"script":"<script> [5351 bytes]","args":[{"element-6066-11e4-a52e-4f735466cecf":"f.377FB2431E1110495EF43C5D05B4BB7B.d.162C35C005C3C849AA2ED93B4F273BED.e.2743","ELEMENT":"f.377FB2431E1110495EF43C5D05B4BB7B.d.162C35C005C3C849AA2ED93B4F273BED.e.2743"}]}
COMMAND: POST /session/fab09ea6d36627fd5f8b404856e8a7ed/element/f.377FB2431E1110495EF43C5D05B4BB7B.d.162C35C005C3C849AA2ED93B4F273BED.e.2743/click - {}
COMMAND: GET /session/fab09ea6d36627fd5f8b404856e8a7ed/screenshot - {}
RESULT: {}
RESULT: {}
COMMAND: GET /session/fab09ea6d36627fd5f8b404856e8a7ed/screenshot - {}
RESULT: {}
RESULT: {}
COMMAND: POST /session/fab09ea6d36627fd5f8b404856e8a7ed/element - {"using":"xpath","value":"//*[contains(@data-kt ,\"openRUIdMenuLink\")]"}
RESULT: {"using":"xpath","value":"//*[contains(@data-kt ,\"openRUIdMenuLink\")]"}
COMMAND: POST /session/fab09ea6d36627fd5f8b404856e8a7ed/execute/sync - {"script":"<script> [8489 bytes]","args":[{"element-6066-11e4-a52e-4f735466cecf":"f.377FB2431E1110495EF43C5D05B4BB7B.d.162C35C005C3C849AA2ED93B4F273BED.e.2749","ELEMENT":"f.377FB2431E1110495EF43C5D05B4BB7B.d.162C35C005C3C849AA2ED93B4F273BED.e.2749"}]}
RESULT: {"script":"<script> [8489 bytes]","args":[{"element-6066-11e4-a52e-4f735466cecf":"f.377FB2431E1110495EF43C5D05B4BB7B.d.162C35C005C3C849AA2ED93B4F273BED.e.2749","ELEMENT":"f.377FB2431E1110495EF43C5D05B4BB7B.d.162C35C005C3C849AA2ED93B4F273BED.e.2749"}]}
COMMAND: POST /session/fab09ea6d36627fd5f8b404856e8a7ed/execute/sync - {"script":"<script> [5351 bytes]","args":[{"element-6066-11e4-a52e-4f735466cecf":"f.377FB2431E1110495EF43C5D05B4BB7B.d.162C35C005C3C849AA2ED93B4F273BED.e.2749","ELEMENT":"f.377FB2431E1110495EF43C5D05B4BB7B.d.162C35C005C3C849AA2ED93B4F273BED.e.2749"}]}
COMMAND: GET /session/fab09ea6d36627fd5f8b404856e8a7ed/screenshot - {}
RESULT: {"script":"<script> [5351 bytes]","args":[{"element-6066-11e4-a52e-4f735466cecf":"f.377FB2431E1110495EF43C5D05B4BB7B.d.162C35C005C3C849AA2ED93B4F273BED.e.2749","ELEMENT":"f.377FB2431E1110495EF43C5D05B4BB7B.d.162C35C005C3C849AA2ED93B4F273BED.e.2749"}]}
COMMAND: POST /session/fab09ea6d36627fd5f8b404856e8a7ed/execute/async - {"script":"<script> [1562 bytes]","args":[{"selector":{"id":"RelatedRUsFragmentID--smartTableRUs-header","searchOpenDialogs":true},"wdio_ui5_key":"RelatedRUsFragmentIDsmartTableRUs-header"}]}
COMMAND: GET /session/fab09ea6d36627fd5f8b404856e8a7ed/screenshot - {}
RESULT: {}
RESULT: {"script":"<script> [1562 bytes]","args":[{"selector":{"id":"RelatedRUsFragmentID--smartTableRUs-header","searchOpenDialogs":true},"wdio_ui5_key":"RelatedRUsFragmentIDsmartTableRUs-header"}]}
RESULT: undefined
COMMAND: POST /session/fab09ea6d36627fd5f8b404856e8a7ed/execute/async - {"script":"<script> [6424 bytes]","args":[{"element-6066-11e4-a52e-4f735466cecf":"f.377FB2431E1110495EF43C5D05B4BB7B.d.162C35C005C3C849AA2ED93B4F273BED.e.2750"},"getText",[]]}
RESULT: {}
RESULT: {"script":"<script> [6424 bytes]","args":[{"element-6066-11e4-a52e-4f735466cecf":"f.377FB2431E1110495EF43C5D05B4BB7B.d.162C35C005C3C849AA2ED93B4F273BED.e.2750"},"getText",[]]}
COMMAND: POST /session/fab09ea6d36627fd5f8b404856e8a7ed/element/f.377FB2431E1110495EF43C5D05B4BB7B.d.162C35C005C3C849AA2ED93B4F273BED.e.2749/click - {}
RESULT: {}
COMMAND: GET /session/fab09ea6d36627fd5f8b404856e8a7ed/screenshot - {}
RESULT: {}
COMMAND: POST /session/fab09ea6d36627fd5f8b404856e8a7ed/element - {"using":"xpath","value":"//*[contains(@data-kt ,\"ContextMenuId2Link\")][contains(text(), \"RU Overview\")]"}
RESULT: {"using":"xpath","value":"//*[contains(@data-kt ,\"ContextMenuId2Link\")][contains(text(), \"RU Overview\")]"}
COMMAND: POST /session/fab09ea6d36627fd5f8b404856e8a7ed/execute/sync - {"script":"<script> [8489 bytes]","args":[{"element-6066-11e4-a52e-4f735466cecf":"f.377FB2431E1110495EF43C5D05B4BB7B.d.162C35C005C3C849AA2ED93B4F273BED.e.2752","ELEMENT":"f.377FB2431E1110495EF43C5D05B4BB7B.d.162C35C005C3C849AA2ED93B4F273BED.e.2752"}]}
COMMAND: POST /session/fab09ea6d36627fd5f8b404856e8a7ed/element/f.377FB2431E1110495EF43C5D05B4BB7B.d.162C35C005C3C849AA2ED93B4F273BED.e.2752/click - {}
RESULT: {"script":"<script> [8489 bytes]","args":[{"element-6066-11e4-a52e-4f735466cecf":"f.377FB2431E1110495EF43C5D05B4BB7B.d.162C35C005C3C849AA2ED93B4F273BED.e.2752","ELEMENT":"f.377FB2431E1110495EF43C5D05B4BB7B.d.162C35C005C3C849AA2ED93B4F273BED.e.2752"}]}
COMMAND: GET /session/fab09ea6d36627fd5f8b404856e8a7ed/screenshot - {}
RESULT: {}
COMMAND: GET /session/fab09ea6d36627fd5f8b404856e8a7ed/screenshot - {}
RESULT: {}
RESULT: {}
COMMAND: POST /session/fab09ea6d36627fd5f8b404856e8a7ed/execute/async - {"script":"<script> [1562 bytes]","args":[{"selector":{"id":"shellAppTitle"},"wdio_ui5_key":"shellAppTitle"}]}
RESULT: {"script":"<script> [1562 bytes]","args":[{"selector":{"id":"shellAppTitle"},"wdio_ui5_key":"shellAppTitle"}]}
RESULT: undefined
COMMAND: POST /session/fab09ea6d36627fd5f8b404856e8a7ed/execute/async - {"script":"<script> [6424 bytes]","args":[{"element-6066-11e4-a52e-4f735466cecf":"f.377FB2431E1110495EF43C5D05B4BB7B.d.162C35C005C3C849AA2ED93B4F273BED.e.3210"},"getTitle",[]]}
RESULT: {"script":"<script> [6424 bytes]","args":[{"element-6066-11e4-a52e-4f735466cecf":"f.377FB2431E1110495EF43C5D05B4BB7B.d.162C35C005C3C849AA2ED93B4F273BED.e.3210"},"getTitle",[]]}
COMMAND: POST /session/fab09ea6d36627fd5f8b404856e8a7ed/element - {"using":"xpath","value":"//span[contains(@id ,\"application-manageresources-display-component---detailRU--snappedTitle-inner\")][contains(text(), \"WdIORUEquip1f2fq5\")]"}
RESULT: {"using":"xpath","value":"//span[contains(@id ,\"application-manageresources-display-component---detailRU--snappedTitle-inner\")][contains(text(), \"WdIORUEquip1f2fq5\")]"}
COMMAND: POST /session/fab09ea6d36627fd5f8b404856e8a7ed/execute/sync - {"script":"<script> [8489 bytes]","args":[{"element-6066-11e4-a52e-4f735466cecf":"f.377FB2431E1110495EF43C5D05B4BB7B.d.162C35C005C3C849AA2ED93B4F273BED.e.3211","ELEMENT":"f.377FB2431E1110495EF43C5D05B4BB7B.d.162C35C005C3C849AA2ED93B4F273BED.e.3211"}]}
COMMAND: POST /session/fab09ea6d36627fd5f8b404856e8a7ed/execute/async - {"script":"<script> [1562 bytes]","args":[{"selector":{"id":"backBtn"},"wdio_ui5_key":"backBtn"}]}
RESULT: {"script":"<script> [1562 bytes]","args":[{"selector":{"id":"backBtn"},"wdio_ui5_key":"backBtn"}]}
RESULT: undefined
COMMAND: POST /session/fab09ea6d36627fd5f8b404856e8a7ed/element - {"using":"xpath","value":"//*[@id=\"backBtn\"]"}
RESULT: {"script":"<script> [8489 bytes]","args":[{"element-6066-11e4-a52e-4f735466cecf":"f.377FB2431E1110495EF43C5D05B4BB7B.d.162C35C005C3C849AA2ED93B4F273BED.e.3211","ELEMENT":"f.377FB2431E1110495EF43C5D05B4BB7B.d.162C35C005C3C849AA2ED93B4F273BED.e.3211"}]}
COMMAND: GET /session/fab09ea6d36627fd5f8b404856e8a7ed/screenshot - {}
RESULT: {"using":"xpath","value":"//*[@id=\"backBtn\"]"}
COMMAND: POST /session/fab09ea6d36627fd5f8b404856e8a7ed/element/f.377FB2431E1110495EF43C5D05B4BB7B.d.162C35C005C3C849AA2ED93B4F273BED.e.3212/click - {}
RESULT: {}
RESULT: {}
COMMAND: GET /session/fab09ea6d36627fd5f8b404856e8a7ed/screenshot - {}
RESULT: {}
COMMAND: POST /session/fab09ea6d36627fd5f8b404856e8a7ed/execute/sync - {"script":"<script> [8489 bytes]","args":[{"element-6066-11e4-a52e-4f735466cecf":"f.377FB2431E1110495EF43C5D05B4BB7B.d.162C35C005C3C849AA2ED93B4F273BED.e.2743","ELEMENT":"f.377FB2431E1110495EF43C5D05B4BB7B.d.162C35C005C3C849AA2ED93B4F273BED.e.2743"}]}
COMMAND: POST /session/fab09ea6d36627fd5f8b404856e8a7ed/element - {"using":"xpath","value":"//bdi[contains(@id ,\"application-manageresources-display-component---detailRU--openRelatedRus-BDI-content\")]"}
RESULT: {"using":"xpath","value":"//bdi[contains(@id ,\"application-manageresources-display-component---detailRU--openRelatedRus-BDI-content\")]"}
COMMAND: POST /session/fab09ea6d36627fd5f8b404856e8a7ed/execute/sync - {"script":"<script> [8489 bytes]","args":[{"element-6066-11e4-a52e-4f735466cecf":"f.377FB2431E1110495EF43C5D05B4BB7B.d.162C35C005C3C849AA2ED93B4F273BED.e.3509","ELEMENT":"f.377FB2431E1110495EF43C5D05B4BB7B.d.162C35C005C3C849AA2ED93B4F273BED.e.3509"}]}
RESULT: {"script":"<script> [8489 bytes]","args":[{"element-6066-11e4-a52e-4f735466cecf":"f.377FB2431E1110495EF43C5D05B4BB7B.d.162C35C005C3C849AA2ED93B4F273BED.e.3509","ELEMENT":"f.377FB2431E1110495EF43C5D05B4BB7B.d.162C35C005C3C849AA2ED93B4F273BED.e.3509"}]}
COMMAND: POST /session/fab09ea6d36627fd5f8b404856e8a7ed/execute/sync - {"script":"<script> [5351 bytes]","args":[{"element-6066-11e4-a52e-4f735466cecf":"f.377FB2431E1110495EF43C5D05B4BB7B.d.162C35C005C3C849AA2ED93B4F273BED.e.3509","ELEMENT":"f.377FB2431E1110495EF43C5D05B4BB7B.d.162C35C005C3C849AA2ED93B4F273BED.e.3509"}]}
COMMAND: GET /session/fab09ea6d36627fd5f8b404856e8a7ed/screenshot - {}
RESULT: {"script":"<script> [5351 bytes]","args":[{"element-6066-11e4-a52e-4f735466cecf":"f.377FB2431E1110495EF43C5D05B4BB7B.d.162C35C005C3C849AA2ED93B4F273BED.e.3509","ELEMENT":"f.377FB2431E1110495EF43C5D05B4BB7B.d.162C35C005C3C849AA2ED93B4F273BED.e.3509"}]}
COMMAND: POST /session/fab09ea6d36627fd5f8b404856e8a7ed/element/f.377FB2431E1110495EF43C5D05B4BB7B.d.162C35C005C3C849AA2ED93B4F273BED.e.3509/click - {}
COMMAND: GET /session/fab09ea6d36627fd5f8b404856e8a7ed/screenshot - {}
RESULT: {}
RESULT: {}
COMMAND: GET /session/fab09ea6d36627fd5f8b404856e8a7ed/screenshot - {}
RESULT: {}
RESULT: {}
COMMAND: POST /session/fab09ea6d36627fd5f8b404856e8a7ed/execute/sync - {"script":"<script> [8489 bytes]","args":[{"element-6066-11e4-a52e-4f735466cecf":"f.377FB2431E1110495EF43C5D05B4BB7B.d.162C35C005C3C849AA2ED93B4F273BED.e.2749","ELEMENT":"f.377FB2431E1110495EF43C5D05B4BB7B.d.162C35C005C3C849AA2ED93B4F273BED.e.2749"}]}
COMMAND: POST /session/fab09ea6d36627fd5f8b404856e8a7ed/element - {"using":"xpath","value":"//*[contains(@data-kt ,\"openRUIdMenuLink\")]"}
RESULT: {"using":"xpath","value":"//*[contains(@data-kt ,\"openRUIdMenuLink\")]"}
COMMAND: POST /session/fab09ea6d36627fd5f8b404856e8a7ed/execute/sync - {"script":"<script> [8489 bytes]","args":[{"element-6066-11e4-a52e-4f735466cecf":"f.377FB2431E1110495EF43C5D05B4BB7B.d.162C35C005C3C849AA2ED93B4F273BED.e.3514","ELEMENT":"f.377FB2431E1110495EF43C5D05B4BB7B.d.162C35C005C3C849AA2ED93B4F273BED.e.3514"}]}
RESULT: {"script":"<script> [8489 bytes]","args":[{"element-6066-11e4-a52e-4f735466cecf":"f.377FB2431E1110495EF43C5D05B4BB7B.d.162C35C005C3C849AA2ED93B4F273BED.e.3514","ELEMENT":"f.377FB2431E1110495EF43C5D05B4BB7B.d.162C35C005C3C849AA2ED93B4F273BED.e.3514"}]}
COMMAND: POST /session/fab09ea6d36627fd5f8b404856e8a7ed/execute/sync - {"script":"<script> [5351 bytes]","args":[{"element-6066-11e4-a52e-4f735466cecf":"f.377FB2431E1110495EF43C5D05B4BB7B.d.162C35C005C3C849AA2ED93B4F273BED.e.3514","ELEMENT":"f.377FB2431E1110495EF43C5D05B4BB7B.d.162C35C005C3C849AA2ED93B4F273BED.e.3514"}]}
COMMAND: GET /session/fab09ea6d36627fd5f8b404856e8a7ed/screenshot - {}
RESULT: {"script":"<script> [5351 bytes]","args":[{"element-6066-11e4-a52e-4f735466cecf":"f.377FB2431E1110495EF43C5D05B4BB7B.d.162C35C005C3C849AA2ED93B4F273BED.e.3514","ELEMENT":"f.377FB2431E1110495EF43C5D05B4BB7B.d.162C35C005C3C849AA2ED93B4F273BED.e.3514"}]}
COMMAND: POST /session/fab09ea6d36627fd5f8b404856e8a7ed/element/f.377FB2431E1110495EF43C5D05B4BB7B.d.162C35C005C3C849AA2ED93B4F273BED.e.3514/click - {}
COMMAND: GET /session/fab09ea6d36627fd5f8b404856e8a7ed/screenshot - {}
RESULT: {}
RESULT: {}
COMMAND: GET /session/fab09ea6d36627fd5f8b404856e8a7ed/screenshot - {}
RESULT: {}
RESULT: {}
COMMAND: POST /session/fab09ea6d36627fd5f8b404856e8a7ed/element - {"using":"xpath","value":"//button[contains(@data-kt ,\"ContextMenuExternalId2Link\")]"}
RESULT: {"using":"xpath","value":"//button[contains(@data-kt ,\"ContextMenuExternalId2Link\")]"}
COMMAND: POST /session/fab09ea6d36627fd5f8b404856e8a7ed/element/f.377FB2431E1110495EF43C5D05B4BB7B.d.162C35C005C3C849AA2ED93B4F273BED.e.3515/click - {}
RESULT: {}
COMMAND: GET /session/fab09ea6d36627fd5f8b404856e8a7ed/screenshot - {}
RESULT: {}
COMMAND: GET /session/fab09ea6d36627fd5f8b404856e8a7ed/window/handles - {}
RESULT: {}
COMMAND: POST /session/fab09ea6d36627fd5f8b404856e8a7ed/window - {"handle":"2707AC745F6AD24389596F7A4894BB39"}
RESULT: {"handle":"2707AC745F6AD24389596F7A4894BB39"}
COMMAND: GET /session/fab09ea6d36627fd5f8b404856e8a7ed/url - {}
RESULT: {}
COMMAND: GET /session/fab09ea6d36627fd5f8b404856e8a7ed/screenshot - {}
RESULT: {}
COMMAND: POST /session/fab09ea6d36627fd5f8b404856e8a7ed/execute/sync - {"script":"<script> [8489 bytes]","args":[{"element-6066-11e4-a52e-4f735466cecf":"f.377FB2431E1110495EF43C5D05B4BB7B.d.162C35C005C3C849AA2ED93B4F273BED.e.3211","ELEMENT":"f.377FB2431E1110495EF43C5D05B4BB7B.d.162C35C005C3C849AA2ED93B4F273BED.e.3211"}]}
COMMAND: DELETE /session/fab09ea6d36627fd5f8b404856e8a7ed/window - {}
RESULT: {}
COMMAND: POST /session/fab09ea6d36627fd5f8b404856e8a7ed/window - {"handle":"377FB2431E1110495EF43C5D05B4BB7B"}
RESULT: {"handle":"377FB2431E1110495EF43C5D05B4BB7B"}
COMMAND: GET /session/fab09ea6d36627fd5f8b404856e8a7ed/url - {}
COMMAND: POST /session/fab09ea6d36627fd5f8b404856e8a7ed/element - {"using":"xpath","value":"//span[contains(@id ,\"application-manageresources-display-component---detailRU--snappedTitle-inner\")][contains(text(), \"WdIORUEquip1f2fq5\")]"}
RESULT: {}
COMMAND: GET /session/fab09ea6d36627fd5f8b404856e8a7ed/screenshot - {}
RESULT: {"using":"xpath","value":"//span[contains(@id ,\"application-manageresources-display-component---detailRU--snappedTitle-inner\")][contains(text(), \"WdIORUEquip1f2fq5\")]"}
COMMAND: POST /session/fab09ea6d36627fd5f8b404856e8a7ed/element - {"using":"xpath","value":"//span[contains(@id ,\"application-manageresources-display-component---detailRU--snappedTitle-inner\")][contains(text(), \"WdIORUEquip1f2fq5\")]"}
RESULT: {}
RESULT: {"using":"xpath","value":"//span[contains(@id ,\"application-manageresources-display-component---detailRU--snappedTitle-inner\")][contains(text(), \"WdIORUEquip1f2fq5\")]"}
COMMAND: POST /session/fab09ea6d36627fd5f8b404856e8a7ed/element - {"using":"xpath","value":"//span[contains(@id ,\"application-manageresources-display-component---detailRU--snappedTitle-inner\")][contains(text(), \"WdIORUEquip1f2fq5\")]"}
RESULT: {"using":"xpath","value":"//span[contains(@id ,\"application-manageresources-display-component---detailRU--snappedTitle-inner\")][contains(text(), \"WdIORUEquip1f2fq5\")]"}
COMMAND: POST /session/fab09ea6d36627fd5f8b404856e8a7ed/element - {"using":"xpath","value":"//span[contains(@id ,\"application-manageresources-display-component---detailRU--snappedTitle-inner\")][contains(text(), \"WdIORUEquip1f2fq5\")]"}
RESULT: {"using":"xpath","value":"//span[contains(@id ,\"application-manageresources-display-component---detailRU--snappedTitle-inner\")][contains(text(), \"WdIORUEquip1f2fq5\")]"}
COMMAND: POST /session/fab09ea6d36627fd5f8b404856e8a7ed/element - {"using":"xpath","value":"//span[contains(@id ,\"application-manageresources-display-component---detailRU--snappedTitle-inner\")][contains(text(), \"WdIORUEquip1f2fq5\")]"}
RESULT: {"using":"xpath","value":"//span[contains(@id ,\"application-manageresources-display-component---detailRU--snappedTitle-inner\")][contains(text(), \"WdIORUEquip1f2fq5\")]"}
COMMAND: POST /session/fab09ea6d36627fd5f8b404856e8a7ed/element - {"using":"xpath","value":"//span[contains(@id ,\"application-manageresources-display-component---detailRU--snappedTitle-inner\")][contains(text(), \"WdIORUEquip1f2fq5\")]"}
RESULT: {"using":"xpath","value":"//span[contains(@id ,\"application-manageresources-display-component---detailRU--snappedTitle-inner\")][contains(text(), \"WdIORUEquip1f2fq5\")]"}
COMMAND: POST /session/fab09ea6d36627fd5f8b404856e8a7ed/element - {"using":"xpath","value":"//span[contains(@id ,\"application-manageresources-display-component---detailRU--snappedTitle-inner\")][contains(text(), \"WdIORUEquip1f2fq5\")]"}
RESULT: {"using":"xpath","value":"//span[contains(@id ,\"application-manageresources-display-component---detailRU--snappedTitle-inner\")][contains(text(), \"WdIORUEquip1f2fq5\")]"}
COMMAND: POST /session/fab09ea6d36627fd5f8b404856e8a7ed/element - {"using":"xpath","value":"//span[contains(@id ,\"application-manageresources-display-component---detailRU--snappedTitle-inner\")][contains(text(), \"WdIORUEquip1f2fq5\")]"}
RESULT: {"using":"xpath","value":"//span[contains(@id ,\"application-manageresources-display-component---detailRU--snappedTitle-inner\")][contains(text(), \"WdIORUEquip1f2fq5\")]"}
COMMAND: POST /session/fab09ea6d36627fd5f8b404856e8a7ed/element - {"using":"xpath","value":"//span[contains(@id ,\"application-manageresources-display-component---detailRU--snappedTitle-inner\")][contains(text(), \"WdIORUEquip1f2fq5\")]"}
RESULT: {"using":"xpath","value":"//span[contains(@id ,\"application-manageresources-display-component---detailRU--snappedTitle-inner\")][contains(text(), \"WdIORUEquip1f2fq5\")]"}
COMMAND: POST /session/fab09ea6d36627fd5f8b404856e8a7ed/element - {"using":"xpath","value":"//span[contains(@id ,\"application-manageresources-display-component---detailRU--snappedTitle-inner\")][contains(text(), \"WdIORUEquip1f2fq5\")]"}
RESULT: {"using":"xpath","value":"//span[contains(@id ,\"application-manageresources-display-component---detailRU--snappedTitle-inner\")][contains(text(), \"WdIORUEquip1f2fq5\")]"}
]]></system-out>
    </testcase>
    <testcase classname="chrome.136_0_7103_93.windows.Related_resources_for_groups_US139107" name="Should verify the current location hyperlinks in related resources" time="173.083">
      <system-out><![CDATA[
COMMAND: POST /session/fab09ea6d36627fd5f8b404856e8a7ed/element - {"using":"xpath","value":"//*[contains(@data-kt ,\"openLocationActionMenuLink\")]"}
RESULT: {"using":"xpath","value":"//*[contains(@data-kt ,\"openLocationActionMenuLink\")]"}
COMMAND: POST /session/fab09ea6d36627fd5f8b404856e8a7ed/execute/sync - {"script":"<script> [8489 bytes]","args":[{"element-6066-11e4-a52e-4f735466cecf":"f.377FB2431E1110495EF43C5D05B4BB7B.d.162C35C005C3C849AA2ED93B4F273BED.e.3765","ELEMENT":"f.377FB2431E1110495EF43C5D05B4BB7B.d.162C35C005C3C849AA2ED93B4F273BED.e.3765"}]}
RESULT: {"script":"<script> [8489 bytes]","args":[{"element-6066-11e4-a52e-4f735466cecf":"f.377FB2431E1110495EF43C5D05B4BB7B.d.162C35C005C3C849AA2ED93B4F273BED.e.3765","ELEMENT":"f.377FB2431E1110495EF43C5D05B4BB7B.d.162C35C005C3C849AA2ED93B4F273BED.e.3765"}]}
COMMAND: POST /session/fab09ea6d36627fd5f8b404856e8a7ed/execute/sync - {"script":"<script> [5351 bytes]","args":[{"element-6066-11e4-a52e-4f735466cecf":"f.377FB2431E1110495EF43C5D05B4BB7B.d.162C35C005C3C849AA2ED93B4F273BED.e.3765","ELEMENT":"f.377FB2431E1110495EF43C5D05B4BB7B.d.162C35C005C3C849AA2ED93B4F273BED.e.3765"}]}
COMMAND: GET /session/fab09ea6d36627fd5f8b404856e8a7ed/screenshot - {}
RESULT: {"script":"<script> [5351 bytes]","args":[{"element-6066-11e4-a52e-4f735466cecf":"f.377FB2431E1110495EF43C5D05B4BB7B.d.162C35C005C3C849AA2ED93B4F273BED.e.3765","ELEMENT":"f.377FB2431E1110495EF43C5D05B4BB7B.d.162C35C005C3C849AA2ED93B4F273BED.e.3765"}]}
COMMAND: POST /session/fab09ea6d36627fd5f8b404856e8a7ed/element/f.377FB2431E1110495EF43C5D05B4BB7B.d.162C35C005C3C849AA2ED93B4F273BED.e.3765/click - {}
COMMAND: GET /session/fab09ea6d36627fd5f8b404856e8a7ed/screenshot - {}
COMMAND: POST /session/fab09ea6d36627fd5f8b404856e8a7ed/element - {"using":"xpath","value":"//span[contains(@id ,\"application-manageresources-display-component---detailRU--snappedTitle-inner\")][contains(text(), \"WdIORUEquip1f2fq5\")]"}
RESULT: {}
RESULT: {}
COMMAND: GET /session/fab09ea6d36627fd5f8b404856e8a7ed/screenshot - {}
RESULT: {}
RESULT: {"using":"xpath","value":"//span[contains(@id ,\"application-manageresources-display-component---detailRU--snappedTitle-inner\")][contains(text(), \"WdIORUEquip1f2fq5\")]"}
RESULT: {}
COMMAND: POST /session/fab09ea6d36627fd5f8b404856e8a7ed/element - {"using":"xpath","value":"//span[contains(@id ,\"application-manageresources-display-component---detailRU--snappedTitle-inner\")][contains(text(), \"WdIORUEquip1f2fq5\")]"}
RESULT: {"using":"xpath","value":"//span[contains(@id ,\"application-manageresources-display-component---detailRU--snappedTitle-inner\")][contains(text(), \"WdIORUEquip1f2fq5\")]"}
COMMAND: POST /session/fab09ea6d36627fd5f8b404856e8a7ed/element - {"using":"xpath","value":"//span[contains(@id ,\"application-manageresources-display-component---detailRU--snappedTitle-inner\")][contains(text(), \"WdIORUEquip1f2fq5\")]"}
RESULT: {"using":"xpath","value":"//span[contains(@id ,\"application-manageresources-display-component---detailRU--snappedTitle-inner\")][contains(text(), \"WdIORUEquip1f2fq5\")]"}
COMMAND: POST /session/fab09ea6d36627fd5f8b404856e8a7ed/element - {"using":"xpath","value":"//a[contains(@class ,\"sapMLnk sapMLnkMaxWidth sapUiTinyMarginTop\")][contains(text(), \"Yard Overview\")]"}
COMMAND: POST /session/fab09ea6d36627fd5f8b404856e8a7ed/element - {"using":"xpath","value":"//span[contains(@id ,\"application-manageresources-display-component---detailRU--snappedTitle-inner\")][contains(text(), \"WdIORUEquip1f2fq5\")]"}
RESULT: {"using":"xpath","value":"//a[contains(@class ,\"sapMLnk sapMLnkMaxWidth sapUiTinyMarginTop\")][contains(text(), \"Yard Overview\")]"}
COMMAND: POST /session/fab09ea6d36627fd5f8b404856e8a7ed/execute/sync - {"script":"<script> [8489 bytes]","args":[{"element-6066-11e4-a52e-4f735466cecf":"f.377FB2431E1110495EF43C5D05B4BB7B.d.162C35C005C3C849AA2ED93B4F273BED.e.3767","ELEMENT":"f.377FB2431E1110495EF43C5D05B4BB7B.d.162C35C005C3C849AA2ED93B4F273BED.e.3767"}]}
COMMAND: POST /session/fab09ea6d36627fd5f8b404856e8a7ed/element - {"using":"xpath","value":"//a[contains(@class ,\"sapMLnk sapMLnkMaxWidth sapUiTinyMarginTop\")][contains(text(), \"Yard Address\")]"}
RESULT: {"using":"xpath","value":"//span[contains(@id ,\"application-manageresources-display-component---detailRU--snappedTitle-inner\")][contains(text(), \"WdIORUEquip1f2fq5\")]"}
RESULT: {"script":"<script> [8489 bytes]","args":[{"element-6066-11e4-a52e-4f735466cecf":"f.377FB2431E1110495EF43C5D05B4BB7B.d.162C35C005C3C849AA2ED93B4F273BED.e.3767","ELEMENT":"f.377FB2431E1110495EF43C5D05B4BB7B.d.162C35C005C3C849AA2ED93B4F273BED.e.3767"}]}
COMMAND: GET /session/fab09ea6d36627fd5f8b404856e8a7ed/screenshot - {}
RESULT: {"using":"xpath","value":"//a[contains(@class ,\"sapMLnk sapMLnkMaxWidth sapUiTinyMarginTop\")][contains(text(), \"Yard Address\")]"}
COMMAND: POST /session/fab09ea6d36627fd5f8b404856e8a7ed/execute/sync - {"script":"<script> [8489 bytes]","args":[{"element-6066-11e4-a52e-4f735466cecf":"f.377FB2431E1110495EF43C5D05B4BB7B.d.162C35C005C3C849AA2ED93B4F273BED.e.3768","ELEMENT":"f.377FB2431E1110495EF43C5D05B4BB7B.d.162C35C005C3C849AA2ED93B4F273BED.e.3768"}]}
COMMAND: POST /session/fab09ea6d36627fd5f8b404856e8a7ed/element/f.377FB2431E1110495EF43C5D05B4BB7B.d.162C35C005C3C849AA2ED93B4F273BED.e.3767/click - {}
RESULT: {}
RESULT: {"script":"<script> [8489 bytes]","args":[{"element-6066-11e4-a52e-4f735466cecf":"f.377FB2431E1110495EF43C5D05B4BB7B.d.162C35C005C3C849AA2ED93B4F273BED.e.3768","ELEMENT":"f.377FB2431E1110495EF43C5D05B4BB7B.d.162C35C005C3C849AA2ED93B4F273BED.e.3768"}]}
COMMAND: GET /session/fab09ea6d36627fd5f8b404856e8a7ed/screenshot - {}
COMMAND: POST /session/fab09ea6d36627fd5f8b404856e8a7ed/element - {"using":"xpath","value":"//span[contains(@id ,\"application-manageresources-display-component---detailRU--snappedTitle-inner\")][contains(text(), \"WdIORUEquip1f2fq5\")]"}
RESULT: {}
COMMAND: GET /session/fab09ea6d36627fd5f8b404856e8a7ed/screenshot - {}
RESULT: {}
RESULT: {"using":"xpath","value":"//span[contains(@id ,\"application-manageresources-display-component---detailRU--snappedTitle-inner\")][contains(text(), \"WdIORUEquip1f2fq5\")]"}
COMMAND: POST /session/fab09ea6d36627fd5f8b404856e8a7ed/element - {"using":"xpath","value":"//span[contains(@id ,\"application-manageresources-display-component---detailRU--snappedTitle-inner\")][contains(text(), \"WdIORUEquip1f2fq5\")]"}
RESULT: {}
RESULT: {"using":"xpath","value":"//span[contains(@id ,\"application-manageresources-display-component---detailRU--snappedTitle-inner\")][contains(text(), \"WdIORUEquip1f2fq5\")]"}
COMMAND: POST /session/fab09ea6d36627fd5f8b404856e8a7ed/element - {"using":"xpath","value":"//span[contains(@id ,\"application-manageresources-display-component---detailRU--snappedTitle-inner\")][contains(text(), \"WdIORUEquip1f2fq5\")]"}
RESULT: {"using":"xpath","value":"//span[contains(@id ,\"application-manageresources-display-component---detailRU--snappedTitle-inner\")][contains(text(), \"WdIORUEquip1f2fq5\")]"}
COMMAND: POST /session/fab09ea6d36627fd5f8b404856e8a7ed/element - {"using":"xpath","value":"//span[contains(@id ,\"application-manageresources-display-component---detailRU--snappedTitle-inner\")][contains(text(), \"WdIORUEquip1f2fq5\")]"}
RESULT: {"using":"xpath","value":"//span[contains(@id ,\"application-manageresources-display-component---detailRU--snappedTitle-inner\")][contains(text(), \"WdIORUEquip1f2fq5\")]"}
COMMAND: POST /session/fab09ea6d36627fd5f8b404856e8a7ed/element - {"using":"xpath","value":"//span[contains(@id ,\"application-manageresources-display-component---detailRU--snappedTitle-inner\")][contains(text(), \"WdIORUEquip1f2fq5\")]"}
RESULT: {"using":"xpath","value":"//span[contains(@id ,\"application-manageresources-display-component---detailRU--snappedTitle-inner\")][contains(text(), \"WdIORUEquip1f2fq5\")]"}
COMMAND: POST /session/fab09ea6d36627fd5f8b404856e8a7ed/element - {"using":"xpath","value":"//span[contains(@id ,\"application-manageresources-display-component---detailRU--snappedTitle-inner\")][contains(text(), \"WdIORUEquip1f2fq5\")]"}
RESULT: {"using":"xpath","value":"//span[contains(@id ,\"application-manageresources-display-component---detailRU--snappedTitle-inner\")][contains(text(), \"WdIORUEquip1f2fq5\")]"}
COMMAND: POST /session/fab09ea6d36627fd5f8b404856e8a7ed/element - {"using":"xpath","value":"//span[contains(@id ,\"application-manageresources-display-component---detailRU--snappedTitle-inner\")][contains(text(), \"WdIORUEquip1f2fq5\")]"}
RESULT: {"using":"xpath","value":"//span[contains(@id ,\"application-manageresources-display-component---detailRU--snappedTitle-inner\")][contains(text(), \"WdIORUEquip1f2fq5\")]"}
COMMAND: POST /session/fab09ea6d36627fd5f8b404856e8a7ed/element - {"using":"xpath","value":"//span[contains(@id ,\"application-manageresources-display-component---detailRU--snappedTitle-inner\")][contains(text(), \"WdIORUEquip1f2fq5\")]"}
RESULT: {"using":"xpath","value":"//span[contains(@id ,\"application-manageresources-display-component---detailRU--snappedTitle-inner\")][contains(text(), \"WdIORUEquip1f2fq5\")]"}
COMMAND: POST /session/fab09ea6d36627fd5f8b404856e8a7ed/element - {"using":"xpath","value":"//span[contains(@id ,\"application-manageresources-display-component---detailRU--snappedTitle-inner\")][contains(text(), \"WdIORUEquip1f2fq5\")]"}
RESULT: {"using":"xpath","value":"//span[contains(@id ,\"application-manageresources-display-component---detailRU--snappedTitle-inner\")][contains(text(), \"WdIORUEquip1f2fq5\")]"}
COMMAND: POST /session/fab09ea6d36627fd5f8b404856e8a7ed/element - {"using":"xpath","value":"//span[contains(@id ,\"application-manageresources-display-component---detailRU--snappedTitle-inner\")][contains(text(), \"WdIORUEquip1f2fq5\")]"}
RESULT: {"using":"xpath","value":"//span[contains(@id ,\"application-manageresources-display-component---detailRU--snappedTitle-inner\")][contains(text(), \"WdIORUEquip1f2fq5\")]"}
COMMAND: POST /session/fab09ea6d36627fd5f8b404856e8a7ed/element - {"using":"xpath","value":"//span[contains(@id ,\"application-manageresources-display-component---detailRU--snappedTitle-inner\")][contains(text(), \"WdIORUEquip1f2fq5\")]"}
RESULT: {"using":"xpath","value":"//span[contains(@id ,\"application-manageresources-display-component---detailRU--snappedTitle-inner\")][contains(text(), \"WdIORUEquip1f2fq5\")]"}
COMMAND: POST /session/fab09ea6d36627fd5f8b404856e8a7ed/element - {"using":"xpath","value":"//span[contains(@id ,\"application-manageresources-display-component---detailRU--snappedTitle-inner\")][contains(text(), \"WdIORUEquip1f2fq5\")]"}
RESULT: {"using":"xpath","value":"//span[contains(@id ,\"application-manageresources-display-component---detailRU--snappedTitle-inner\")][contains(text(), \"WdIORUEquip1f2fq5\")]"}
COMMAND: POST /session/fab09ea6d36627fd5f8b404856e8a7ed/element - {"using":"xpath","value":"//span[contains(@id ,\"application-manageresources-display-component---detailRU--snappedTitle-inner\")][contains(text(), \"WdIORUEquip1f2fq5\")]"}
RESULT: {"using":"xpath","value":"//span[contains(@id ,\"application-manageresources-display-component---detailRU--snappedTitle-inner\")][contains(text(), \"WdIORUEquip1f2fq5\")]"}
COMMAND: POST /session/fab09ea6d36627fd5f8b404856e8a7ed/element - {"using":"xpath","value":"//span[contains(@id ,\"application-manageresources-display-component---detailRU--snappedTitle-inner\")][contains(text(), \"WdIORUEquip1f2fq5\")]"}
RESULT: {"using":"xpath","value":"//span[contains(@id ,\"application-manageresources-display-component---detailRU--snappedTitle-inner\")][contains(text(), \"WdIORUEquip1f2fq5\")]"}
COMMAND: POST /session/fab09ea6d36627fd5f8b404856e8a7ed/element - {"using":"xpath","value":"//span[contains(@id ,\"application-manageresources-display-component---detailRU--snappedTitle-inner\")][contains(text(), \"WdIORUEquip1f2fq5\")]"}
RESULT: {"using":"xpath","value":"//span[contains(@id ,\"application-manageresources-display-component---detailRU--snappedTitle-inner\")][contains(text(), \"WdIORUEquip1f2fq5\")]"}
COMMAND: POST /session/fab09ea6d36627fd5f8b404856e8a7ed/element - {"using":"xpath","value":"//span[contains(@id ,\"application-manageresources-display-component---detailRU--snappedTitle-inner\")][contains(text(), \"WdIORUEquip1f2fq5\")]"}
RESULT: {"using":"xpath","value":"//span[contains(@id ,\"application-manageresources-display-component---detailRU--snappedTitle-inner\")][contains(text(), \"WdIORUEquip1f2fq5\")]"}
RESULT: undefined
COMMAND: POST /session/fab09ea6d36627fd5f8b404856e8a7ed/execute/async - {"script":"<script> [6424 bytes]","args":[{"element-6066-11e4-a52e-4f735466cecf":"f.377FB2431E1110495EF43C5D05B4BB7B.d.162C35C005C3C849AA2ED93B4F273BED.e.3210"},"getTitle",[]]}
COMMAND: POST /session/fab09ea6d36627fd5f8b404856e8a7ed/execute/async - {"script":"<script> [1562 bytes]","args":[{"selector":{"id":"shellAppTitle"},"wdio_ui5_key":"shellAppTitle"}]}
COMMAND: POST /session/fab09ea6d36627fd5f8b404856e8a7ed/element - {"using":"xpath","value":"//span[contains(@id ,\"application-manageresources-display-component---detailRU--snappedTitle-inner\")][contains(text(), \"WdIORUEquip1f2fq5\")]"}
RESULT: {"script":"<script> [1562 bytes]","args":[{"selector":{"id":"shellAppTitle"},"wdio_ui5_key":"shellAppTitle"}]}
COMMAND: POST /session/fab09ea6d36627fd5f8b404856e8a7ed/execute/async - {"script":"<script> [6424 bytes]","args":[{"element-6066-11e4-a52e-4f735466cecf":"f.377FB2431E1110495EF43C5D05B4BB7B.d.162C35C005C3C849AA2ED93B4F273BED.e.3899"},"getTitle",[]]}
RESULT: {"using":"xpath","value":"//span[contains(@id ,\"application-manageresources-display-component---detailRU--snappedTitle-inner\")][contains(text(), \"WdIORUEquip1f2fq5\")]"}
RESULT: {"script":"<script> [6424 bytes]","args":[{"element-6066-11e4-a52e-4f735466cecf":"f.377FB2431E1110495EF43C5D05B4BB7B.d.162C35C005C3C849AA2ED93B4F273BED.e.3899"},"getTitle",[]]}
COMMAND: POST /session/fab09ea6d36627fd5f8b404856e8a7ed/element - {"using":"xpath","value":"(//span[contains(text(), \"WebdriverYard2nua3\")])[2]"}
RESULT: {"using":"xpath","value":"(//span[contains(text(), \"WebdriverYard2nua3\")])[2]"}
COMMAND: POST /session/fab09ea6d36627fd5f8b404856e8a7ed/execute/sync - {"script":"<script> [8489 bytes]","args":[{"element-6066-11e4-a52e-4f735466cecf":"f.377FB2431E1110495EF43C5D05B4BB7B.d.162C35C005C3C849AA2ED93B4F273BED.e.3900","ELEMENT":"f.377FB2431E1110495EF43C5D05B4BB7B.d.162C35C005C3C849AA2ED93B4F273BED.e.3900"}]}
RESULT: undefined
COMMAND: POST /session/fab09ea6d36627fd5f8b404856e8a7ed/element - {"using":"xpath","value":"//*[@id=\"backBtn\"]"}
RESULT: {"script":"<script> [8489 bytes]","args":[{"element-6066-11e4-a52e-4f735466cecf":"f.377FB2431E1110495EF43C5D05B4BB7B.d.162C35C005C3C849AA2ED93B4F273BED.e.3900","ELEMENT":"f.377FB2431E1110495EF43C5D05B4BB7B.d.162C35C005C3C849AA2ED93B4F273BED.e.3900"}]}
COMMAND: GET /session/fab09ea6d36627fd5f8b404856e8a7ed/screenshot - {}
RESULT: {"using":"xpath","value":"//*[@id=\"backBtn\"]"}
COMMAND: POST /session/fab09ea6d36627fd5f8b404856e8a7ed/element/f.377FB2431E1110495EF43C5D05B4BB7B.d.162C35C005C3C849AA2ED93B4F273BED.e.3212/click - {}
COMMAND: POST /session/fab09ea6d36627fd5f8b404856e8a7ed/element - {"using":"xpath","value":"//span[contains(@id ,\"application-manageresources-display-component---detailRU--snappedTitle-inner\")][contains(text(), \"WdIORUEquip1f2fq5\")]"}
RESULT: {}
RESULT: {}
COMMAND: GET /session/fab09ea6d36627fd5f8b404856e8a7ed/screenshot - {}
RESULT: {"using":"xpath","value":"//span[contains(@id ,\"application-manageresources-display-component---detailRU--snappedTitle-inner\")][contains(text(), \"WdIORUEquip1f2fq5\")]"}
COMMAND: POST /session/fab09ea6d36627fd5f8b404856e8a7ed/execute/sync - {"script":"<script> [8489 bytes]","args":[{"element-6066-11e4-a52e-4f735466cecf":"f.377FB2431E1110495EF43C5D05B4BB7B.d.162C35C005C3C849AA2ED93B4F273BED.e.3900","ELEMENT":"f.377FB2431E1110495EF43C5D05B4BB7B.d.162C35C005C3C849AA2ED93B4F273BED.e.3900"}]}
RESULT: {}
COMMAND: POST /session/fab09ea6d36627fd5f8b404856e8a7ed/element - {"using":"xpath","value":"//span[contains(@id ,\"application-manageresources-display-component---detailRU--snappedTitle-inner\")][contains(text(), \"WdIORUEquip1f2fq5\")]"}
COMMAND: POST /session/fab09ea6d36627fd5f8b404856e8a7ed/element - {"using":"xpath","value":"(//span[contains(text(), \"WebdriverYard2nua3\")])[2]"}
RESULT: {"using":"xpath","value":"//span[contains(@id ,\"application-manageresources-display-component---detailRU--snappedTitle-inner\")][contains(text(), \"WdIORUEquip1f2fq5\")]"}
RESULT: {"using":"xpath","value":"(//span[contains(text(), \"WebdriverYard2nua3\")])[2]"}
COMMAND: POST /session/fab09ea6d36627fd5f8b404856e8a7ed/element - {"using":"xpath","value":"(//span[contains(text(), \"WebdriverYard2nua3\")])[2]"}
RESULT: {"using":"xpath","value":"(//span[contains(text(), \"WebdriverYard2nua3\")])[2]"}
COMMAND: POST /session/fab09ea6d36627fd5f8b404856e8a7ed/element - {"using":"xpath","value":"//span[contains(@id ,\"application-manageresources-display-component---detailRU--snappedTitle-inner\")][contains(text(), \"WdIORUEquip1f2fq5\")]"}
RESULT: {"using":"xpath","value":"//span[contains(@id ,\"application-manageresources-display-component---detailRU--snappedTitle-inner\")][contains(text(), \"WdIORUEquip1f2fq5\")]"}
COMMAND: POST /session/fab09ea6d36627fd5f8b404856e8a7ed/element - {"using":"xpath","value":"(//span[contains(text(), \"WebdriverYard2nua3\")])[2]"}
RESULT: {"using":"xpath","value":"(//span[contains(text(), \"WebdriverYard2nua3\")])[2]"}
COMMAND: POST /session/fab09ea6d36627fd5f8b404856e8a7ed/element - {"using":"xpath","value":"//span[contains(@id ,\"application-manageresources-display-component---detailRU--snappedTitle-inner\")][contains(text(), \"WdIORUEquip1f2fq5\")]"}
COMMAND: POST /session/fab09ea6d36627fd5f8b404856e8a7ed/element - {"using":"xpath","value":"(//span[contains(text(), \"WebdriverYard2nua3\")])[2]"}
RESULT: {"using":"xpath","value":"//span[contains(@id ,\"application-manageresources-display-component---detailRU--snappedTitle-inner\")][contains(text(), \"WdIORUEquip1f2fq5\")]"}
RESULT: {"using":"xpath","value":"(//span[contains(text(), \"WebdriverYard2nua3\")])[2]"}
COMMAND: POST /session/fab09ea6d36627fd5f8b404856e8a7ed/execute/sync - {"script":"<script> [8489 bytes]","args":[{"element-6066-11e4-a52e-4f735466cecf":"f.377FB2431E1110495EF43C5D05B4BB7B.d.162C35C005C3C849AA2ED93B4F273BED.e.4134","ELEMENT":"f.377FB2431E1110495EF43C5D05B4BB7B.d.162C35C005C3C849AA2ED93B4F273BED.e.4134"}]}
RESULT: {"script":"<script> [8489 bytes]","args":[{"element-6066-11e4-a52e-4f735466cecf":"f.377FB2431E1110495EF43C5D05B4BB7B.d.162C35C005C3C849AA2ED93B4F273BED.e.4134","ELEMENT":"f.377FB2431E1110495EF43C5D05B4BB7B.d.162C35C005C3C849AA2ED93B4F273BED.e.4134"}]}
COMMAND: GET /session/fab09ea6d36627fd5f8b404856e8a7ed/screenshot - {}
COMMAND: POST /session/fab09ea6d36627fd5f8b404856e8a7ed/element - {"using":"xpath","value":"//span[contains(@id ,\"application-manageresources-display-component---detailRU--snappedTitle-inner\")][contains(text(), \"WdIORUEquip1f2fq5\")]"}
RESULT: {}
RESULT: {"using":"xpath","value":"//span[contains(@id ,\"application-manageresources-display-component---detailRU--snappedTitle-inner\")][contains(text(), \"WdIORUEquip1f2fq5\")]"}
COMMAND: POST /session/fab09ea6d36627fd5f8b404856e8a7ed/element - {"using":"xpath","value":"//span[contains(@id ,\"application-manageresources-display-component---detailRU--snappedTitle-inner\")][contains(text(), \"WdIORUEquip1f2fq5\")]"}
RESULT: {"using":"xpath","value":"//span[contains(@id ,\"application-manageresources-display-component---detailRU--snappedTitle-inner\")][contains(text(), \"WdIORUEquip1f2fq5\")]"}
COMMAND: POST /session/fab09ea6d36627fd5f8b404856e8a7ed/element - {"using":"xpath","value":"//span[contains(@id ,\"application-manageresources-display-component---detailRU--snappedTitle-inner\")][contains(text(), \"WdIORUEquip1f2fq5\")]"}
RESULT: {"using":"xpath","value":"//span[contains(@id ,\"application-manageresources-display-component---detailRU--snappedTitle-inner\")][contains(text(), \"WdIORUEquip1f2fq5\")]"}
COMMAND: POST /session/fab09ea6d36627fd5f8b404856e8a7ed/element - {"using":"xpath","value":"//span[contains(@id ,\"application-manageresources-display-component---detailRU--snappedTitle-inner\")][contains(text(), \"WdIORUEquip1f2fq5\")]"}
RESULT: {"using":"xpath","value":"//span[contains(@id ,\"application-manageresources-display-component---detailRU--snappedTitle-inner\")][contains(text(), \"WdIORUEquip1f2fq5\")]"}
COMMAND: POST /session/fab09ea6d36627fd5f8b404856e8a7ed/element - {"using":"xpath","value":"//span[contains(@id ,\"application-manageresources-display-component---detailRU--snappedTitle-inner\")][contains(text(), \"WdIORUEquip1f2fq5\")]"}
RESULT: {"using":"xpath","value":"//span[contains(@id ,\"application-manageresources-display-component---detailRU--snappedTitle-inner\")][contains(text(), \"WdIORUEquip1f2fq5\")]"}
COMMAND: POST /session/fab09ea6d36627fd5f8b404856e8a7ed/element - {"using":"xpath","value":"//span[contains(@id ,\"application-manageresources-display-component---detailRU--snappedTitle-inner\")][contains(text(), \"WdIORUEquip1f2fq5\")]"}
RESULT: {"using":"xpath","value":"//span[contains(@id ,\"application-manageresources-display-component---detailRU--snappedTitle-inner\")][contains(text(), \"WdIORUEquip1f2fq5\")]"}
COMMAND: POST /session/fab09ea6d36627fd5f8b404856e8a7ed/element - {"using":"xpath","value":"//span[contains(@id ,\"application-manageresources-display-component---detailRU--snappedTitle-inner\")][contains(text(), \"WdIORUEquip1f2fq5\")]"}
RESULT: {"using":"xpath","value":"//span[contains(@id ,\"application-manageresources-display-component---detailRU--snappedTitle-inner\")][contains(text(), \"WdIORUEquip1f2fq5\")]"}
COMMAND: POST /session/fab09ea6d36627fd5f8b404856e8a7ed/element - {"using":"xpath","value":"//span[contains(@id ,\"application-manageresources-display-component---detailRU--snappedTitle-inner\")][contains(text(), \"WdIORUEquip1f2fq5\")]"}
RESULT: {"using":"xpath","value":"//span[contains(@id ,\"application-manageresources-display-component---detailRU--snappedTitle-inner\")][contains(text(), \"WdIORUEquip1f2fq5\")]"}
COMMAND: POST /session/fab09ea6d36627fd5f8b404856e8a7ed/element - {"using":"xpath","value":"//span[contains(@id ,\"application-manageresources-display-component---detailRU--snappedTitle-inner\")][contains(text(), \"WdIORUEquip1f2fq5\")]"}
RESULT: {"using":"xpath","value":"//span[contains(@id ,\"application-manageresources-display-component---detailRU--snappedTitle-inner\")][contains(text(), \"WdIORUEquip1f2fq5\")]"}
COMMAND: POST /session/fab09ea6d36627fd5f8b404856e8a7ed/element - {"using":"xpath","value":"//span[contains(@id ,\"application-manageresources-display-component---detailRU--snappedTitle-inner\")][contains(text(), \"WdIORUEquip1f2fq5\")]"}
RESULT: {"using":"xpath","value":"//span[contains(@id ,\"application-manageresources-display-component---detailRU--snappedTitle-inner\")][contains(text(), \"WdIORUEquip1f2fq5\")]"}
COMMAND: POST /session/fab09ea6d36627fd5f8b404856e8a7ed/element - {"using":"xpath","value":"//span[contains(@id ,\"application-manageresources-display-component---detailRU--snappedTitle-inner\")][contains(text(), \"WdIORUEquip1f2fq5\")]"}
RESULT: {"using":"xpath","value":"//span[contains(@id ,\"application-manageresources-display-component---detailRU--snappedTitle-inner\")][contains(text(), \"WdIORUEquip1f2fq5\")]"}
COMMAND: POST /session/fab09ea6d36627fd5f8b404856e8a7ed/element - {"using":"xpath","value":"//span[contains(@id ,\"application-manageresources-display-component---detailRU--snappedTitle-inner\")][contains(text(), \"WdIORUEquip1f2fq5\")]"}
RESULT: {"using":"xpath","value":"//span[contains(@id ,\"application-manageresources-display-component---detailRU--snappedTitle-inner\")][contains(text(), \"WdIORUEquip1f2fq5\")]"}
COMMAND: POST /session/fab09ea6d36627fd5f8b404856e8a7ed/element - {"using":"xpath","value":"//span[contains(@id ,\"application-manageresources-display-component---detailRU--snappedTitle-inner\")][contains(text(), \"WdIORUEquip1f2fq5\")]"}
RESULT: {"using":"xpath","value":"//span[contains(@id ,\"application-manageresources-display-component---detailRU--snappedTitle-inner\")][contains(text(), \"WdIORUEquip1f2fq5\")]"}
COMMAND: POST /session/fab09ea6d36627fd5f8b404856e8a7ed/element - {"using":"xpath","value":"//span[contains(@id ,\"application-manageresources-display-component---detailRU--snappedTitle-inner\")][contains(text(), \"WdIORUEquip1f2fq5\")]"}
COMMAND: POST /session/fab09ea6d36627fd5f8b404856e8a7ed/element - {"using":"xpath","value":"//bdi[contains(@id ,\"application-manageresources-display-component---detailRU--openRelatedRus-BDI-content\")]"}
RESULT: {"using":"xpath","value":"//span[contains(@id ,\"application-manageresources-display-component---detailRU--snappedTitle-inner\")][contains(text(), \"WdIORUEquip1f2fq5\")]"}
RESULT: {"using":"xpath","value":"//bdi[contains(@id ,\"application-manageresources-display-component---detailRU--openRelatedRus-BDI-content\")]"}
COMMAND: POST /session/fab09ea6d36627fd5f8b404856e8a7ed/execute/sync - {"script":"<script> [8489 bytes]","args":[{"element-6066-11e4-a52e-4f735466cecf":"f.377FB2431E1110495EF43C5D05B4BB7B.d.162C35C005C3C849AA2ED93B4F273BED.e.4196","ELEMENT":"f.377FB2431E1110495EF43C5D05B4BB7B.d.162C35C005C3C849AA2ED93B4F273BED.e.4196"}]}
RESULT: {"script":"<script> [8489 bytes]","args":[{"element-6066-11e4-a52e-4f735466cecf":"f.377FB2431E1110495EF43C5D05B4BB7B.d.162C35C005C3C849AA2ED93B4F273BED.e.4196","ELEMENT":"f.377FB2431E1110495EF43C5D05B4BB7B.d.162C35C005C3C849AA2ED93B4F273BED.e.4196"}]}
COMMAND: POST /session/fab09ea6d36627fd5f8b404856e8a7ed/execute/sync - {"script":"<script> [5351 bytes]","args":[{"element-6066-11e4-a52e-4f735466cecf":"f.377FB2431E1110495EF43C5D05B4BB7B.d.162C35C005C3C849AA2ED93B4F273BED.e.4196","ELEMENT":"f.377FB2431E1110495EF43C5D05B4BB7B.d.162C35C005C3C849AA2ED93B4F273BED.e.4196"}]}
COMMAND: GET /session/fab09ea6d36627fd5f8b404856e8a7ed/screenshot - {}
RESULT: {"script":"<script> [5351 bytes]","args":[{"element-6066-11e4-a52e-4f735466cecf":"f.377FB2431E1110495EF43C5D05B4BB7B.d.162C35C005C3C849AA2ED93B4F273BED.e.4196","ELEMENT":"f.377FB2431E1110495EF43C5D05B4BB7B.d.162C35C005C3C849AA2ED93B4F273BED.e.4196"}]}
COMMAND: POST /session/fab09ea6d36627fd5f8b404856e8a7ed/element/f.377FB2431E1110495EF43C5D05B4BB7B.d.162C35C005C3C849AA2ED93B4F273BED.e.4196/click - {}
COMMAND: GET /session/fab09ea6d36627fd5f8b404856e8a7ed/screenshot - {}
RESULT: {}
COMMAND: POST /session/fab09ea6d36627fd5f8b404856e8a7ed/element - {"using":"xpath","value":"//span[contains(@id ,\"application-manageresources-display-component---detailRU--snappedTitle-inner\")][contains(text(), \"WdIORUEquip1f2fq5\")]"}
RESULT: {}
COMMAND: GET /session/fab09ea6d36627fd5f8b404856e8a7ed/screenshot - {}
RESULT: {}
RESULT: {"using":"xpath","value":"//span[contains(@id ,\"application-manageresources-display-component---detailRU--snappedTitle-inner\")][contains(text(), \"WdIORUEquip1f2fq5\")]"}
RESULT: {}
COMMAND: POST /session/fab09ea6d36627fd5f8b404856e8a7ed/element - {"using":"xpath","value":"//span[contains(@id ,\"application-manageresources-display-component---detailRU--snappedTitle-inner\")][contains(text(), \"WdIORUEquip1f2fq5\")]"}
RESULT: {"using":"xpath","value":"//span[contains(@id ,\"application-manageresources-display-component---detailRU--snappedTitle-inner\")][contains(text(), \"WdIORUEquip1f2fq5\")]"}
COMMAND: POST /session/fab09ea6d36627fd5f8b404856e8a7ed/element - {"using":"xpath","value":"//span[contains(@id ,\"application-manageresources-display-component---detailRU--snappedTitle-inner\")][contains(text(), \"WdIORUEquip1f2fq5\")]"}
RESULT: {"using":"xpath","value":"//span[contains(@id ,\"application-manageresources-display-component---detailRU--snappedTitle-inner\")][contains(text(), \"WdIORUEquip1f2fq5\")]"}
COMMAND: POST /session/fab09ea6d36627fd5f8b404856e8a7ed/element - {"using":"xpath","value":"//span[contains(@id ,\"application-manageresources-display-component---detailRU--snappedTitle-inner\")][contains(text(), \"WdIORUEquip1f2fq5\")]"}
RESULT: {"using":"xpath","value":"//span[contains(@id ,\"application-manageresources-display-component---detailRU--snappedTitle-inner\")][contains(text(), \"WdIORUEquip1f2fq5\")]"}
COMMAND: POST /session/fab09ea6d36627fd5f8b404856e8a7ed/element - {"using":"xpath","value":"//span[contains(@id ,\"application-manageresources-display-component---detailRU--snappedTitle-inner\")][contains(text(), \"WdIORUEquip1f2fq5\")]"}
RESULT: {"using":"xpath","value":"//span[contains(@id ,\"application-manageresources-display-component---detailRU--snappedTitle-inner\")][contains(text(), \"WdIORUEquip1f2fq5\")]"}
COMMAND: POST /session/fab09ea6d36627fd5f8b404856e8a7ed/element - {"using":"xpath","value":"//span[contains(@id ,\"application-manageresources-display-component---detailRU--snappedTitle-inner\")][contains(text(), \"WdIORUEquip1f2fq5\")]"}
RESULT: {"using":"xpath","value":"//span[contains(@id ,\"application-manageresources-display-component---detailRU--snappedTitle-inner\")][contains(text(), \"WdIORUEquip1f2fq5\")]"}
COMMAND: POST /session/fab09ea6d36627fd5f8b404856e8a7ed/element - {"using":"xpath","value":"//span[contains(@id ,\"application-manageresources-display-component---detailRU--snappedTitle-inner\")][contains(text(), \"WdIORUEquip1f2fq5\")]"}
RESULT: {"using":"xpath","value":"//span[contains(@id ,\"application-manageresources-display-component---detailRU--snappedTitle-inner\")][contains(text(), \"WdIORUEquip1f2fq5\")]"}
COMMAND: POST /session/fab09ea6d36627fd5f8b404856e8a7ed/element - {"using":"xpath","value":"//span[contains(@id ,\"application-manageresources-display-component---detailRU--snappedTitle-inner\")][contains(text(), \"WdIORUEquip1f2fq5\")]"}
RESULT: {"using":"xpath","value":"//span[contains(@id ,\"application-manageresources-display-component---detailRU--snappedTitle-inner\")][contains(text(), \"WdIORUEquip1f2fq5\")]"}
COMMAND: POST /session/fab09ea6d36627fd5f8b404856e8a7ed/element/f.377FB2431E1110495EF43C5D05B4BB7B.d.162C35C005C3C849AA2ED93B4F273BED.e.3765/click - {}
COMMAND: POST /session/fab09ea6d36627fd5f8b404856e8a7ed/element - {"using":"xpath","value":"//*[contains(@data-kt ,\"openLocationActionMenuLink\")]"}
RESULT: {"using":"xpath","value":"//*[contains(@data-kt ,\"openLocationActionMenuLink\")]"}
COMMAND: POST /session/fab09ea6d36627fd5f8b404856e8a7ed/element/f.377FB2431E1110495EF43C5D05B4BB7B.d.162C35C005C3C849AA2ED93B4F273BED.e.3765/click - {}
COMMAND: POST /session/fab09ea6d36627fd5f8b404856e8a7ed/element - {"using":"xpath","value":"//*[contains(@data-kt ,\"openLocationActionMenuLink\")]"}
COMMAND: POST /session/fab09ea6d36627fd5f8b404856e8a7ed/element - {"using":"xpath","value":"//span[contains(@id ,\"application-manageresources-display-component---detailRU--snappedTitle-inner\")][contains(text(), \"WdIORUEquip1f2fq5\")]"}
RESULT: {"using":"xpath","value":"//*[contains(@data-kt ,\"openLocationActionMenuLink\")]"}
COMMAND: POST /session/fab09ea6d36627fd5f8b404856e8a7ed/element/f.377FB2431E1110495EF43C5D05B4BB7B.d.162C35C005C3C849AA2ED93B4F273BED.e.4201/click - {}
RESULT: {"using":"xpath","value":"//span[contains(@id ,\"application-manageresources-display-component---detailRU--snappedTitle-inner\")][contains(text(), \"WdIORUEquip1f2fq5\")]"}
COMMAND: POST /session/fab09ea6d36627fd5f8b404856e8a7ed/element - {"using":"xpath","value":"//span[contains(@id ,\"application-manageresources-display-component---detailRU--snappedTitle-inner\")][contains(text(), \"WdIORUEquip1f2fq5\")]"}
RESULT: {}
COMMAND: GET /session/fab09ea6d36627fd5f8b404856e8a7ed/screenshot - {}
RESULT: {"using":"xpath","value":"//span[contains(@id ,\"application-manageresources-display-component---detailRU--snappedTitle-inner\")][contains(text(), \"WdIORUEquip1f2fq5\")]"}
RESULT: {}
COMMAND: POST /session/fab09ea6d36627fd5f8b404856e8a7ed/element - {"using":"xpath","value":"//span[contains(@id ,\"application-manageresources-display-component---detailRU--snappedTitle-inner\")][contains(text(), \"WdIORUEquip1f2fq5\")]"}
RESULT: {"using":"xpath","value":"//span[contains(@id ,\"application-manageresources-display-component---detailRU--snappedTitle-inner\")][contains(text(), \"WdIORUEquip1f2fq5\")]"}
COMMAND: POST /session/fab09ea6d36627fd5f8b404856e8a7ed/element - {"using":"xpath","value":"//span[contains(@id ,\"application-manageresources-display-component---detailRU--snappedTitle-inner\")][contains(text(), \"WdIORUEquip1f2fq5\")]"}
RESULT: {"using":"xpath","value":"//span[contains(@id ,\"application-manageresources-display-component---detailRU--snappedTitle-inner\")][contains(text(), \"WdIORUEquip1f2fq5\")]"}
COMMAND: POST /session/fab09ea6d36627fd5f8b404856e8a7ed/element/f.377FB2431E1110495EF43C5D05B4BB7B.d.162C35C005C3C849AA2ED93B4F273BED.e.3768/click - {}
COMMAND: POST /session/fab09ea6d36627fd5f8b404856e8a7ed/element - {"using":"xpath","value":"//a[contains(@class ,\"sapMLnk sapMLnkMaxWidth sapUiTinyMarginTop\")][contains(text(), \"Yard Address\")]"}
RESULT: {"using":"xpath","value":"//a[contains(@class ,\"sapMLnk sapMLnkMaxWidth sapUiTinyMarginTop\")][contains(text(), \"Yard Address\")]"}
COMMAND: POST /session/fab09ea6d36627fd5f8b404856e8a7ed/element/f.377FB2431E1110495EF43C5D05B4BB7B.d.162C35C005C3C849AA2ED93B4F273BED.e.3768/click - {}
COMMAND: POST /session/fab09ea6d36627fd5f8b404856e8a7ed/element - {"using":"xpath","value":"//a[contains(@class ,\"sapMLnk sapMLnkMaxWidth sapUiTinyMarginTop\")][contains(text(), \"Yard Address\")]"}
RESULT: {"using":"xpath","value":"//a[contains(@class ,\"sapMLnk sapMLnkMaxWidth sapUiTinyMarginTop\")][contains(text(), \"Yard Address\")]"}
COMMAND: POST /session/fab09ea6d36627fd5f8b404856e8a7ed/element/f.377FB2431E1110495EF43C5D05B4BB7B.d.162C35C005C3C849AA2ED93B4F273BED.e.4203/click - {}
RESULT: {}
COMMAND: GET /session/fab09ea6d36627fd5f8b404856e8a7ed/screenshot - {}
RESULT: {}
RESULT: undefined
COMMAND: POST /session/fab09ea6d36627fd5f8b404856e8a7ed/execute/async - {"script":"<script> [6424 bytes]","args":[{"element-6066-11e4-a52e-4f735466cecf":"f.377FB2431E1110495EF43C5D05B4BB7B.d.162C35C005C3C849AA2ED93B4F273BED.e.3210"},"getTitle",[]]}
COMMAND: POST /session/fab09ea6d36627fd5f8b404856e8a7ed/execute/async - {"script":"<script> [1562 bytes]","args":[{"selector":{"id":"shellAppTitle"},"wdio_ui5_key":"shellAppTitle"}]}
RESULT: {"script":"<script> [1562 bytes]","args":[{"selector":{"id":"shellAppTitle"},"wdio_ui5_key":"shellAppTitle"}]}
COMMAND: POST /session/fab09ea6d36627fd5f8b404856e8a7ed/execute/async - {"script":"<script> [6424 bytes]","args":[{"element-6066-11e4-a52e-4f735466cecf":"f.377FB2431E1110495EF43C5D05B4BB7B.d.162C35C005C3C849AA2ED93B4F273BED.e.4486"},"getTitle",[]]}
RESULT: {"script":"<script> [6424 bytes]","args":[{"element-6066-11e4-a52e-4f735466cecf":"f.377FB2431E1110495EF43C5D05B4BB7B.d.162C35C005C3C849AA2ED93B4F273BED.e.4486"},"getTitle",[]]}
COMMAND: POST /session/fab09ea6d36627fd5f8b404856e8a7ed/element - {"using":"xpath","value":"//span[contains(@id ,\"application-addressmanagement-display-component---detailAdm--addressDetailDetailsName1\")][contains(text(), \"WebdriverYard2nua3\")]"}
RESULT: {"using":"xpath","value":"//span[contains(@id ,\"application-addressmanagement-display-component---detailAdm--addressDetailDetailsName1\")][contains(text(), \"WebdriverYard2nua3\")]"}
COMMAND: POST /session/fab09ea6d36627fd5f8b404856e8a7ed/execute/sync - {"script":"<script> [8489 bytes]","args":[{"element-6066-11e4-a52e-4f735466cecf":"f.377FB2431E1110495EF43C5D05B4BB7B.d.162C35C005C3C849AA2ED93B4F273BED.e.4487","ELEMENT":"f.377FB2431E1110495EF43C5D05B4BB7B.d.162C35C005C3C849AA2ED93B4F273BED.e.4487"}]}
RESULT: undefined
COMMAND: POST /session/fab09ea6d36627fd5f8b404856e8a7ed/element - {"using":"xpath","value":"//*[@id=\"backBtn\"]"}
RESULT: {"script":"<script> [8489 bytes]","args":[{"element-6066-11e4-a52e-4f735466cecf":"f.377FB2431E1110495EF43C5D05B4BB7B.d.162C35C005C3C849AA2ED93B4F273BED.e.4487","ELEMENT":"f.377FB2431E1110495EF43C5D05B4BB7B.d.162C35C005C3C849AA2ED93B4F273BED.e.4487"}]}
COMMAND: GET /session/fab09ea6d36627fd5f8b404856e8a7ed/screenshot - {}
RESULT: {"using":"xpath","value":"//*[@id=\"backBtn\"]"}
COMMAND: POST /session/fab09ea6d36627fd5f8b404856e8a7ed/element/f.377FB2431E1110495EF43C5D05B4BB7B.d.162C35C005C3C849AA2ED93B4F273BED.e.3212/click - {}
RESULT: {}
RESULT: {}
COMMAND: GET /session/fab09ea6d36627fd5f8b404856e8a7ed/screenshot - {}
RESULT: {}
COMMAND: POST /session/fab09ea6d36627fd5f8b404856e8a7ed/execute/sync - {"script":"<script> [8489 bytes]","args":[{"element-6066-11e4-a52e-4f735466cecf":"f.377FB2431E1110495EF43C5D05B4BB7B.d.162C35C005C3C849AA2ED93B4F273BED.e.4196","ELEMENT":"f.377FB2431E1110495EF43C5D05B4BB7B.d.162C35C005C3C849AA2ED93B4F273BED.e.4196"}]}
COMMAND: POST /session/fab09ea6d36627fd5f8b404856e8a7ed/element - {"using":"xpath","value":"//bdi[contains(@id ,\"application-manageresources-display-component---detailRU--openRelatedRus-BDI-content\")]"}
RESULT: {"using":"xpath","value":"//bdi[contains(@id ,\"application-manageresources-display-component---detailRU--openRelatedRus-BDI-content\")]"}
COMMAND: POST /session/fab09ea6d36627fd5f8b404856e8a7ed/execute/sync - {"script":"<script> [8489 bytes]","args":[{"element-6066-11e4-a52e-4f735466cecf":"f.377FB2431E1110495EF43C5D05B4BB7B.d.162C35C005C3C849AA2ED93B4F273BED.e.4779","ELEMENT":"f.377FB2431E1110495EF43C5D05B4BB7B.d.162C35C005C3C849AA2ED93B4F273BED.e.4779"}]}
RESULT: {"script":"<script> [8489 bytes]","args":[{"element-6066-11e4-a52e-4f735466cecf":"f.377FB2431E1110495EF43C5D05B4BB7B.d.162C35C005C3C849AA2ED93B4F273BED.e.4779","ELEMENT":"f.377FB2431E1110495EF43C5D05B4BB7B.d.162C35C005C3C849AA2ED93B4F273BED.e.4779"}]}
COMMAND: POST /session/fab09ea6d36627fd5f8b404856e8a7ed/execute/sync - {"script":"<script> [5351 bytes]","args":[{"element-6066-11e4-a52e-4f735466cecf":"f.377FB2431E1110495EF43C5D05B4BB7B.d.162C35C005C3C849AA2ED93B4F273BED.e.4779","ELEMENT":"f.377FB2431E1110495EF43C5D05B4BB7B.d.162C35C005C3C849AA2ED93B4F273BED.e.4779"}]}
COMMAND: GET /session/fab09ea6d36627fd5f8b404856e8a7ed/screenshot - {}
RESULT: {}
RESULT: {"script":"<script> [5351 bytes]","args":[{"element-6066-11e4-a52e-4f735466cecf":"f.377FB2431E1110495EF43C5D05B4BB7B.d.162C35C005C3C849AA2ED93B4F273BED.e.4779","ELEMENT":"f.377FB2431E1110495EF43C5D05B4BB7B.d.162C35C005C3C849AA2ED93B4F273BED.e.4779"}]}
COMMAND: POST /session/fab09ea6d36627fd5f8b404856e8a7ed/element/f.377FB2431E1110495EF43C5D05B4BB7B.d.162C35C005C3C849AA2ED93B4F273BED.e.4779/click - {}
COMMAND: GET /session/fab09ea6d36627fd5f8b404856e8a7ed/screenshot - {}
RESULT: {}
COMMAND: GET /session/fab09ea6d36627fd5f8b404856e8a7ed/screenshot - {}
RESULT: {}
RESULT: {}
COMMAND: POST /session/fab09ea6d36627fd5f8b404856e8a7ed/element/f.377FB2431E1110495EF43C5D05B4BB7B.d.162C35C005C3C849AA2ED93B4F273BED.e.4201/click - {}
COMMAND: POST /session/fab09ea6d36627fd5f8b404856e8a7ed/element - {"using":"xpath","value":"//*[contains(@data-kt ,\"openLocationActionMenuLink\")]"}
RESULT: {"using":"xpath","value":"//*[contains(@data-kt ,\"openLocationActionMenuLink\")]"}
COMMAND: POST /session/fab09ea6d36627fd5f8b404856e8a7ed/element/f.377FB2431E1110495EF43C5D05B4BB7B.d.162C35C005C3C849AA2ED93B4F273BED.e.4201/click - {}
COMMAND: POST /session/fab09ea6d36627fd5f8b404856e8a7ed/element - {"using":"xpath","value":"//*[contains(@data-kt ,\"openLocationActionMenuLink\")]"}
RESULT: {"using":"xpath","value":"//*[contains(@data-kt ,\"openLocationActionMenuLink\")]"}
COMMAND: POST /session/fab09ea6d36627fd5f8b404856e8a7ed/element/f.377FB2431E1110495EF43C5D05B4BB7B.d.162C35C005C3C849AA2ED93B4F273BED.e.4784/click - {}
RESULT: {}
COMMAND: GET /session/fab09ea6d36627fd5f8b404856e8a7ed/screenshot - {}
RESULT: {}
COMMAND: POST /session/fab09ea6d36627fd5f8b404856e8a7ed/element - {"using":"xpath","value":"(//button[contains(@title ,\"Open in new tab\")])[1]"}
RESULT: {"using":"xpath","value":"(//button[contains(@title ,\"Open in new tab\")])[1]"}
COMMAND: POST /session/fab09ea6d36627fd5f8b404856e8a7ed/element/f.377FB2431E1110495EF43C5D05B4BB7B.d.162C35C005C3C849AA2ED93B4F273BED.e.4785/click - {}
RESULT: {}
COMMAND: GET /session/fab09ea6d36627fd5f8b404856e8a7ed/screenshot - {}
RESULT: {}
COMMAND: GET /session/fab09ea6d36627fd5f8b404856e8a7ed/window/handles - {}
RESULT: {}
COMMAND: POST /session/fab09ea6d36627fd5f8b404856e8a7ed/window - {"handle":"E47486507F9251F2EC7DB6A19F23647E"}
RESULT: {"handle":"E47486507F9251F2EC7DB6A19F23647E"}
COMMAND: GET /session/fab09ea6d36627fd5f8b404856e8a7ed/url - {}
RESULT: {}
COMMAND: GET /session/fab09ea6d36627fd5f8b404856e8a7ed/screenshot - {}
RESULT: {}
COMMAND: POST /session/fab09ea6d36627fd5f8b404856e8a7ed/execute/sync - {"script":"<script> [8489 bytes]","args":[{"element-6066-11e4-a52e-4f735466cecf":"f.377FB2431E1110495EF43C5D05B4BB7B.d.162C35C005C3C849AA2ED93B4F273BED.e.4134","ELEMENT":"f.377FB2431E1110495EF43C5D05B4BB7B.d.162C35C005C3C849AA2ED93B4F273BED.e.4134"}]}
COMMAND: DELETE /session/fab09ea6d36627fd5f8b404856e8a7ed/window - {}
RESULT: {}
COMMAND: POST /session/fab09ea6d36627fd5f8b404856e8a7ed/window - {"handle":"377FB2431E1110495EF43C5D05B4BB7B"}
RESULT: {"handle":"377FB2431E1110495EF43C5D05B4BB7B"}
COMMAND: GET /session/fab09ea6d36627fd5f8b404856e8a7ed/url - {}
COMMAND: POST /session/fab09ea6d36627fd5f8b404856e8a7ed/element - {"using":"xpath","value":"(//span[contains(text(), \"WebdriverYard2nua3\")])[2]"}
RESULT: {}
COMMAND: GET /session/fab09ea6d36627fd5f8b404856e8a7ed/screenshot - {}
RESULT: {"using":"xpath","value":"(//span[contains(text(), \"WebdriverYard2nua3\")])[2]"}
COMMAND: POST /session/fab09ea6d36627fd5f8b404856e8a7ed/execute/sync - {"script":"<script> [8489 bytes]","args":[{"element-6066-11e4-a52e-4f735466cecf":"f.377FB2431E1110495EF43C5D05B4BB7B.d.162C35C005C3C849AA2ED93B4F273BED.e.4814","ELEMENT":"f.377FB2431E1110495EF43C5D05B4BB7B.d.162C35C005C3C849AA2ED93B4F273BED.e.4814"}]}
RESULT: {}
RESULT: {"script":"<script> [8489 bytes]","args":[{"element-6066-11e4-a52e-4f735466cecf":"f.377FB2431E1110495EF43C5D05B4BB7B.d.162C35C005C3C849AA2ED93B4F273BED.e.4814","ELEMENT":"f.377FB2431E1110495EF43C5D05B4BB7B.d.162C35C005C3C849AA2ED93B4F273BED.e.4814"}]}
COMMAND: GET /session/fab09ea6d36627fd5f8b404856e8a7ed/screenshot - {}
RESULT: {}
COMMAND: POST /session/fab09ea6d36627fd5f8b404856e8a7ed/element - {"using":"xpath","value":"(//button[contains(@title ,\"Open in new tab\")])[2]"}
RESULT: {"using":"xpath","value":"(//button[contains(@title ,\"Open in new tab\")])[2]"}
COMMAND: POST /session/fab09ea6d36627fd5f8b404856e8a7ed/element/f.377FB2431E1110495EF43C5D05B4BB7B.d.162C35C005C3C849AA2ED93B4F273BED.e.4815/click - {}
RESULT: {}
COMMAND: GET /session/fab09ea6d36627fd5f8b404856e8a7ed/screenshot - {}
RESULT: {}
COMMAND: GET /session/fab09ea6d36627fd5f8b404856e8a7ed/window/handles - {}
RESULT: {}
COMMAND: POST /session/fab09ea6d36627fd5f8b404856e8a7ed/window - {"handle":"EB4F64CA3031C50DE61C4780FC7164A4"}
RESULT: {"handle":"EB4F64CA3031C50DE61C4780FC7164A4"}
COMMAND: GET /session/fab09ea6d36627fd5f8b404856e8a7ed/url - {}
RESULT: {}
COMMAND: GET /session/fab09ea6d36627fd5f8b404856e8a7ed/screenshot - {}
RESULT: {}
COMMAND: POST /session/fab09ea6d36627fd5f8b404856e8a7ed/execute/sync - {"script":"<script> [8489 bytes]","args":[{"element-6066-11e4-a52e-4f735466cecf":"f.377FB2431E1110495EF43C5D05B4BB7B.d.162C35C005C3C849AA2ED93B4F273BED.e.4487","ELEMENT":"f.377FB2431E1110495EF43C5D05B4BB7B.d.162C35C005C3C849AA2ED93B4F273BED.e.4487"}]}
COMMAND: DELETE /session/fab09ea6d36627fd5f8b404856e8a7ed/window - {}
RESULT: {}
COMMAND: POST /session/fab09ea6d36627fd5f8b404856e8a7ed/window - {"handle":"377FB2431E1110495EF43C5D05B4BB7B"}
RESULT: {"handle":"377FB2431E1110495EF43C5D05B4BB7B"}
COMMAND: GET /session/fab09ea6d36627fd5f8b404856e8a7ed/url - {}
RESULT: {}
COMMAND: POST /session/fab09ea6d36627fd5f8b404856e8a7ed/element - {"using":"xpath","value":"//span[contains(@id ,\"application-addressmanagement-display-component---detailAdm--addressDetailDetailsName1\")][contains(text(), \"WebdriverYard2nua3\")]"}
COMMAND: GET /session/fab09ea6d36627fd5f8b404856e8a7ed/screenshot - {}
RESULT: {"using":"xpath","value":"//span[contains(@id ,\"application-addressmanagement-display-component---detailAdm--addressDetailDetailsName1\")][contains(text(), \"WebdriverYard2nua3\")]"}
COMMAND: POST /session/fab09ea6d36627fd5f8b404856e8a7ed/element - {"using":"xpath","value":"//span[contains(@id ,\"application-addressmanagement-display-component---detailAdm--addressDetailDetailsName1\")][contains(text(), \"WebdriverYard2nua3\")]"}
RESULT: {}
RESULT: {"using":"xpath","value":"//span[contains(@id ,\"application-addressmanagement-display-component---detailAdm--addressDetailDetailsName1\")][contains(text(), \"WebdriverYard2nua3\")]"}
COMMAND: POST /session/fab09ea6d36627fd5f8b404856e8a7ed/element - {"using":"xpath","value":"//span[contains(@id ,\"application-addressmanagement-display-component---detailAdm--addressDetailDetailsName1\")][contains(text(), \"WebdriverYard2nua3\")]"}
RESULT: {"using":"xpath","value":"//span[contains(@id ,\"application-addressmanagement-display-component---detailAdm--addressDetailDetailsName1\")][contains(text(), \"WebdriverYard2nua3\")]"}
COMMAND: POST /session/fab09ea6d36627fd5f8b404856e8a7ed/element - {"using":"xpath","value":"//span[contains(@id ,\"application-addressmanagement-display-component---detailAdm--addressDetailDetailsName1\")][contains(text(), \"WebdriverYard2nua3\")]"}
RESULT: {"using":"xpath","value":"//span[contains(@id ,\"application-addressmanagement-display-component---detailAdm--addressDetailDetailsName1\")][contains(text(), \"WebdriverYard2nua3\")]"}
COMMAND: POST /session/fab09ea6d36627fd5f8b404856e8a7ed/element - {"using":"xpath","value":"//span[contains(@id ,\"application-addressmanagement-display-component---detailAdm--addressDetailDetailsName1\")][contains(text(), \"WebdriverYard2nua3\")]"}
RESULT: {"using":"xpath","value":"//span[contains(@id ,\"application-addressmanagement-display-component---detailAdm--addressDetailDetailsName1\")][contains(text(), \"WebdriverYard2nua3\")]"}
COMMAND: POST /session/fab09ea6d36627fd5f8b404856e8a7ed/element - {"using":"xpath","value":"//span[contains(@id ,\"application-addressmanagement-display-component---detailAdm--addressDetailDetailsName1\")][contains(text(), \"WebdriverYard2nua3\")]"}
RESULT: {"using":"xpath","value":"//span[contains(@id ,\"application-addressmanagement-display-component---detailAdm--addressDetailDetailsName1\")][contains(text(), \"WebdriverYard2nua3\")]"}
COMMAND: POST /session/fab09ea6d36627fd5f8b404856e8a7ed/element - {"using":"xpath","value":"//span[contains(@id ,\"application-addressmanagement-display-component---detailAdm--addressDetailDetailsName1\")][contains(text(), \"WebdriverYard2nua3\")]"}
RESULT: {"using":"xpath","value":"//span[contains(@id ,\"application-addressmanagement-display-component---detailAdm--addressDetailDetailsName1\")][contains(text(), \"WebdriverYard2nua3\")]"}
COMMAND: POST /session/fab09ea6d36627fd5f8b404856e8a7ed/element - {"using":"xpath","value":"//span[contains(@id ,\"application-addressmanagement-display-component---detailAdm--addressDetailDetailsName1\")][contains(text(), \"WebdriverYard2nua3\")]"}
RESULT: {"using":"xpath","value":"//span[contains(@id ,\"application-addressmanagement-display-component---detailAdm--addressDetailDetailsName1\")][contains(text(), \"WebdriverYard2nua3\")]"}
COMMAND: POST /session/fab09ea6d36627fd5f8b404856e8a7ed/element - {"using":"xpath","value":"//span[contains(@id ,\"application-addressmanagement-display-component---detailAdm--addressDetailDetailsName1\")][contains(text(), \"WebdriverYard2nua3\")]"}
RESULT: {"using":"xpath","value":"//span[contains(@id ,\"application-addressmanagement-display-component---detailAdm--addressDetailDetailsName1\")][contains(text(), \"WebdriverYard2nua3\")]"}
COMMAND: POST /session/fab09ea6d36627fd5f8b404856e8a7ed/element - {"using":"xpath","value":"//span[contains(@id ,\"application-addressmanagement-display-component---detailAdm--addressDetailDetailsName1\")][contains(text(), \"WebdriverYard2nua3\")]"}
RESULT: {"using":"xpath","value":"//span[contains(@id ,\"application-addressmanagement-display-component---detailAdm--addressDetailDetailsName1\")][contains(text(), \"WebdriverYard2nua3\")]"}
]]></system-out>
    </testcase>
    <testcase classname="chrome.136_0_7103_93.windows.Related_resources_for_groups_US139107" name="Should set one equipment to inactive and verify that it does not show in the releated resources" time="66.75">
      <system-out><![CDATA[
COMMAND: POST /session/fab09ea6d36627fd5f8b404856e8a7ed/element - {"using":"xpath","value":"//*[contains(@data-kt ,\"openRUIdMenuLink\")]"}
RESULT: {"using":"xpath","value":"//*[contains(@data-kt ,\"openRUIdMenuLink\")]"}
COMMAND: POST /session/fab09ea6d36627fd5f8b404856e8a7ed/execute/sync - {"script":"<script> [8489 bytes]","args":[{"element-6066-11e4-a52e-4f735466cecf":"f.377FB2431E1110495EF43C5D05B4BB7B.d.162C35C005C3C849AA2ED93B4F273BED.e.5062","ELEMENT":"f.377FB2431E1110495EF43C5D05B4BB7B.d.162C35C005C3C849AA2ED93B4F273BED.e.5062"}]}
RESULT: {"script":"<script> [8489 bytes]","args":[{"element-6066-11e4-a52e-4f735466cecf":"f.377FB2431E1110495EF43C5D05B4BB7B.d.162C35C005C3C849AA2ED93B4F273BED.e.5062","ELEMENT":"f.377FB2431E1110495EF43C5D05B4BB7B.d.162C35C005C3C849AA2ED93B4F273BED.e.5062"}]}
COMMAND: POST /session/fab09ea6d36627fd5f8b404856e8a7ed/execute/sync - {"script":"<script> [5351 bytes]","args":[{"element-6066-11e4-a52e-4f735466cecf":"f.377FB2431E1110495EF43C5D05B4BB7B.d.162C35C005C3C849AA2ED93B4F273BED.e.5062","ELEMENT":"f.377FB2431E1110495EF43C5D05B4BB7B.d.162C35C005C3C849AA2ED93B4F273BED.e.5062"}]}
COMMAND: GET /session/fab09ea6d36627fd5f8b404856e8a7ed/screenshot - {}
RESULT: {"script":"<script> [5351 bytes]","args":[{"element-6066-11e4-a52e-4f735466cecf":"f.377FB2431E1110495EF43C5D05B4BB7B.d.162C35C005C3C849AA2ED93B4F273BED.e.5062","ELEMENT":"f.377FB2431E1110495EF43C5D05B4BB7B.d.162C35C005C3C849AA2ED93B4F273BED.e.5062"}]}
COMMAND: POST /session/fab09ea6d36627fd5f8b404856e8a7ed/element/f.377FB2431E1110495EF43C5D05B4BB7B.d.162C35C005C3C849AA2ED93B4F273BED.e.5062/click - {}
COMMAND: GET /session/fab09ea6d36627fd5f8b404856e8a7ed/screenshot - {}
RESULT: {}
COMMAND: POST /session/fab09ea6d36627fd5f8b404856e8a7ed/element - {"using":"xpath","value":"//span[contains(@id ,\"application-addressmanagement-display-component---detailAdm--addressDetailDetailsName1\")][contains(text(), \"WebdriverYard2nua3\")]"}
RESULT: {}
COMMAND: GET /session/fab09ea6d36627fd5f8b404856e8a7ed/screenshot - {}
RESULT: {}
RESULT: {"using":"xpath","value":"//span[contains(@id ,\"application-addressmanagement-display-component---detailAdm--addressDetailDetailsName1\")][contains(text(), \"WebdriverYard2nua3\")]"}
RESULT: {}
COMMAND: POST /session/fab09ea6d36627fd5f8b404856e8a7ed/element - {"using":"xpath","value":"//span[contains(@id ,\"application-addressmanagement-display-component---detailAdm--addressDetailDetailsName1\")][contains(text(), \"WebdriverYard2nua3\")]"}
RESULT: {"using":"xpath","value":"//span[contains(@id ,\"application-addressmanagement-display-component---detailAdm--addressDetailDetailsName1\")][contains(text(), \"WebdriverYard2nua3\")]"}
COMMAND: POST /session/fab09ea6d36627fd5f8b404856e8a7ed/element - {"using":"xpath","value":"//span[contains(@id ,\"application-addressmanagement-display-component---detailAdm--addressDetailDetailsName1\")][contains(text(), \"WebdriverYard2nua3\")]"}
RESULT: {"using":"xpath","value":"//span[contains(@id ,\"application-addressmanagement-display-component---detailAdm--addressDetailDetailsName1\")][contains(text(), \"WebdriverYard2nua3\")]"}
COMMAND: POST /session/fab09ea6d36627fd5f8b404856e8a7ed/element - {"using":"xpath","value":"//span[contains(@id ,\"application-addressmanagement-display-component---detailAdm--addressDetailDetailsName1\")][contains(text(), \"WebdriverYard2nua3\")]"}
RESULT: {"using":"xpath","value":"//span[contains(@id ,\"application-addressmanagement-display-component---detailAdm--addressDetailDetailsName1\")][contains(text(), \"WebdriverYard2nua3\")]"}
COMMAND: POST /session/fab09ea6d36627fd5f8b404856e8a7ed/element - {"using":"xpath","value":"//*[contains(@data-kt ,\"ContextMenuId2Link\")][contains(text(), \"RU Overview\")]"}
RESULT: {"using":"xpath","value":"//*[contains(@data-kt ,\"ContextMenuId2Link\")][contains(text(), \"RU Overview\")]"}
COMMAND: POST /session/fab09ea6d36627fd5f8b404856e8a7ed/execute/sync - {"script":"<script> [8489 bytes]","args":[{"element-6066-11e4-a52e-4f735466cecf":"f.377FB2431E1110495EF43C5D05B4BB7B.d.162C35C005C3C849AA2ED93B4F273BED.e.5064","ELEMENT":"f.377FB2431E1110495EF43C5D05B4BB7B.d.162C35C005C3C849AA2ED93B4F273BED.e.5064"}]}
COMMAND: POST /session/fab09ea6d36627fd5f8b404856e8a7ed/element/f.377FB2431E1110495EF43C5D05B4BB7B.d.162C35C005C3C849AA2ED93B4F273BED.e.5064/click - {}
RESULT: {}
RESULT: {"script":"<script> [8489 bytes]","args":[{"element-6066-11e4-a52e-4f735466cecf":"f.377FB2431E1110495EF43C5D05B4BB7B.d.162C35C005C3C849AA2ED93B4F273BED.e.5064","ELEMENT":"f.377FB2431E1110495EF43C5D05B4BB7B.d.162C35C005C3C849AA2ED93B4F273BED.e.5064"}]}
COMMAND: GET /session/fab09ea6d36627fd5f8b404856e8a7ed/screenshot - {}
COMMAND: GET /session/fab09ea6d36627fd5f8b404856e8a7ed/screenshot - {}
COMMAND: POST /session/fab09ea6d36627fd5f8b404856e8a7ed/element - {"using":"xpath","value":"//span[contains(@id ,\"application-addressmanagement-display-component---detailAdm--addressDetailDetailsName1\")][contains(text(), \"WebdriverYard2nua3\")]"}
RESULT: {}
RESULT: {}
RESULT: {"using":"xpath","value":"//span[contains(@id ,\"application-addressmanagement-display-component---detailAdm--addressDetailDetailsName1\")][contains(text(), \"WebdriverYard2nua3\")]"}
COMMAND: POST /session/fab09ea6d36627fd5f8b404856e8a7ed/element - {"using":"xpath","value":"//span[contains(@id ,\"application-addressmanagement-display-component---detailAdm--addressDetailDetailsName1\")][contains(text(), \"WebdriverYard2nua3\")]"}
RESULT: {"using":"xpath","value":"//span[contains(@id ,\"application-addressmanagement-display-component---detailAdm--addressDetailDetailsName1\")][contains(text(), \"WebdriverYard2nua3\")]"}
COMMAND: POST /session/fab09ea6d36627fd5f8b404856e8a7ed/element - {"using":"xpath","value":"//span[contains(@id ,\"application-addressmanagement-display-component---detailAdm--addressDetailDetailsName1\")][contains(text(), \"WebdriverYard2nua3\")]"}
RESULT: {"using":"xpath","value":"//span[contains(@id ,\"application-addressmanagement-display-component---detailAdm--addressDetailDetailsName1\")][contains(text(), \"WebdriverYard2nua3\")]"}
COMMAND: POST /session/fab09ea6d36627fd5f8b404856e8a7ed/element - {"using":"xpath","value":"//span[contains(@id ,\"application-addressmanagement-display-component---detailAdm--addressDetailDetailsName1\")][contains(text(), \"WebdriverYard2nua3\")]"}
RESULT: {"using":"xpath","value":"//span[contains(@id ,\"application-addressmanagement-display-component---detailAdm--addressDetailDetailsName1\")][contains(text(), \"WebdriverYard2nua3\")]"}
COMMAND: POST /session/fab09ea6d36627fd5f8b404856e8a7ed/element - {"using":"xpath","value":"//span[contains(@id ,\"application-addressmanagement-display-component---detailAdm--addressDetailDetailsName1\")][contains(text(), \"WebdriverYard2nua3\")]"}
RESULT: {"using":"xpath","value":"//span[contains(@id ,\"application-addressmanagement-display-component---detailAdm--addressDetailDetailsName1\")][contains(text(), \"WebdriverYard2nua3\")]"}
COMMAND: POST /session/fab09ea6d36627fd5f8b404856e8a7ed/element - {"using":"xpath","value":"//span[contains(@id ,\"application-addressmanagement-display-component---detailAdm--addressDetailDetailsName1\")][contains(text(), \"WebdriverYard2nua3\")]"}
COMMAND: POST /session/fab09ea6d36627fd5f8b404856e8a7ed/element - {"using":"xpath","value":"//span[contains(@id ,\"actionsToolbar-overflowButton-img\")]"}
RESULT: {"using":"xpath","value":"//span[contains(@id ,\"application-addressmanagement-display-component---detailAdm--addressDetailDetailsName1\")][contains(text(), \"WebdriverYard2nua3\")]"}
RESULT: {"using":"xpath","value":"//span[contains(@id ,\"actionsToolbar-overflowButton-img\")]"}
COMMAND: POST /session/fab09ea6d36627fd5f8b404856e8a7ed/execute/sync - {"script":"<script> [8489 bytes]","args":[{"element-6066-11e4-a52e-4f735466cecf":"f.377FB2431E1110495EF43C5D05B4BB7B.d.162C35C005C3C849AA2ED93B4F273BED.e.5319","ELEMENT":"f.377FB2431E1110495EF43C5D05B4BB7B.d.162C35C005C3C849AA2ED93B4F273BED.e.5319"}]}
RESULT: {"script":"<script> [8489 bytes]","args":[{"element-6066-11e4-a52e-4f735466cecf":"f.377FB2431E1110495EF43C5D05B4BB7B.d.162C35C005C3C849AA2ED93B4F273BED.e.5319","ELEMENT":"f.377FB2431E1110495EF43C5D05B4BB7B.d.162C35C005C3C849AA2ED93B4F273BED.e.5319"}]}
COMMAND: POST /session/fab09ea6d36627fd5f8b404856e8a7ed/execute/sync - {"script":"<script> [5351 bytes]","args":[{"element-6066-11e4-a52e-4f735466cecf":"f.377FB2431E1110495EF43C5D05B4BB7B.d.162C35C005C3C849AA2ED93B4F273BED.e.5319","ELEMENT":"f.377FB2431E1110495EF43C5D05B4BB7B.d.162C35C005C3C849AA2ED93B4F273BED.e.5319"}]}
COMMAND: GET /session/fab09ea6d36627fd5f8b404856e8a7ed/screenshot - {}
RESULT: {"script":"<script> [5351 bytes]","args":[{"element-6066-11e4-a52e-4f735466cecf":"f.377FB2431E1110495EF43C5D05B4BB7B.d.162C35C005C3C849AA2ED93B4F273BED.e.5319","ELEMENT":"f.377FB2431E1110495EF43C5D05B4BB7B.d.162C35C005C3C849AA2ED93B4F273BED.e.5319"}]}
COMMAND: GET /session/fab09ea6d36627fd5f8b404856e8a7ed/screenshot - {}
COMMAND: POST /session/fab09ea6d36627fd5f8b404856e8a7ed/element - {"using":"xpath","value":"//span[contains(@id ,\"application-addressmanagement-display-component---detailAdm--addressDetailDetailsName1\")][contains(text(), \"WebdriverYard2nua3\")]"}
RESULT: {}
COMMAND: POST /session/fab09ea6d36627fd5f8b404856e8a7ed/execute/sync - {"script":"<script> [8489 bytes]","args":[{"element-6066-11e4-a52e-4f735466cecf":"f.377FB2431E1110495EF43C5D05B4BB7B.d.162C35C005C3C849AA2ED93B4F273BED.e.5319","ELEMENT":"f.377FB2431E1110495EF43C5D05B4BB7B.d.162C35C005C3C849AA2ED93B4F273BED.e.5319"}]}
RESULT: {}
RESULT: {"using":"xpath","value":"//span[contains(@id ,\"application-addressmanagement-display-component---detailAdm--addressDetailDetailsName1\")][contains(text(), \"WebdriverYard2nua3\")]"}
RESULT: {"script":"<script> [8489 bytes]","args":[{"element-6066-11e4-a52e-4f735466cecf":"f.377FB2431E1110495EF43C5D05B4BB7B.d.162C35C005C3C849AA2ED93B4F273BED.e.5319","ELEMENT":"f.377FB2431E1110495EF43C5D05B4BB7B.d.162C35C005C3C849AA2ED93B4F273BED.e.5319"}]}
COMMAND: POST /session/fab09ea6d36627fd5f8b404856e8a7ed/execute/sync - {"script":"<script> [5351 bytes]","args":[{"element-6066-11e4-a52e-4f735466cecf":"f.377FB2431E1110495EF43C5D05B4BB7B.d.162C35C005C3C849AA2ED93B4F273BED.e.5319","ELEMENT":"f.377FB2431E1110495EF43C5D05B4BB7B.d.162C35C005C3C849AA2ED93B4F273BED.e.5319"}]}
COMMAND: GET /session/fab09ea6d36627fd5f8b404856e8a7ed/screenshot - {}
RESULT: {"script":"<script> [5351 bytes]","args":[{"element-6066-11e4-a52e-4f735466cecf":"f.377FB2431E1110495EF43C5D05B4BB7B.d.162C35C005C3C849AA2ED93B4F273BED.e.5319","ELEMENT":"f.377FB2431E1110495EF43C5D05B4BB7B.d.162C35C005C3C849AA2ED93B4F273BED.e.5319"}]}
COMMAND: GET /session/fab09ea6d36627fd5f8b404856e8a7ed/screenshot - {}
COMMAND: POST /session/fab09ea6d36627fd5f8b404856e8a7ed/execute/sync - {"script":"<script> [8489 bytes]","args":[{"element-6066-11e4-a52e-4f735466cecf":"f.377FB2431E1110495EF43C5D05B4BB7B.d.162C35C005C3C849AA2ED93B4F273BED.e.5319","ELEMENT":"f.377FB2431E1110495EF43C5D05B4BB7B.d.162C35C005C3C849AA2ED93B4F273BED.e.5319"}]}
RESULT: {}
COMMAND: POST /session/fab09ea6d36627fd5f8b404856e8a7ed/element - {"using":"xpath","value":"//span[contains(@id ,\"application-addressmanagement-display-component---detailAdm--addressDetailDetailsName1\")][contains(text(), \"WebdriverYard2nua3\")]"}
RESULT: {}
RESULT: {"script":"<script> [8489 bytes]","args":[{"element-6066-11e4-a52e-4f735466cecf":"f.377FB2431E1110495EF43C5D05B4BB7B.d.162C35C005C3C849AA2ED93B4F273BED.e.5319","ELEMENT":"f.377FB2431E1110495EF43C5D05B4BB7B.d.162C35C005C3C849AA2ED93B4F273BED.e.5319"}]}
COMMAND: POST /session/fab09ea6d36627fd5f8b404856e8a7ed/execute/sync - {"script":"<script> [5351 bytes]","args":[{"element-6066-11e4-a52e-4f735466cecf":"f.377FB2431E1110495EF43C5D05B4BB7B.d.162C35C005C3C849AA2ED93B4F273BED.e.5319","ELEMENT":"f.377FB2431E1110495EF43C5D05B4BB7B.d.162C35C005C3C849AA2ED93B4F273BED.e.5319"}]}
RESULT: {"using":"xpath","value":"//span[contains(@id ,\"application-addressmanagement-display-component---detailAdm--addressDetailDetailsName1\")][contains(text(), \"WebdriverYard2nua3\")]"}
COMMAND: GET /session/fab09ea6d36627fd5f8b404856e8a7ed/screenshot - {}
RESULT: {"script":"<script> [5351 bytes]","args":[{"element-6066-11e4-a52e-4f735466cecf":"f.377FB2431E1110495EF43C5D05B4BB7B.d.162C35C005C3C849AA2ED93B4F273BED.e.5319","ELEMENT":"f.377FB2431E1110495EF43C5D05B4BB7B.d.162C35C005C3C849AA2ED93B4F273BED.e.5319"}]}
COMMAND: GET /session/fab09ea6d36627fd5f8b404856e8a7ed/screenshot - {}
COMMAND: POST /session/fab09ea6d36627fd5f8b404856e8a7ed/execute/sync - {"script":"<script> [8489 bytes]","args":[{"element-6066-11e4-a52e-4f735466cecf":"f.377FB2431E1110495EF43C5D05B4BB7B.d.162C35C005C3C849AA2ED93B4F273BED.e.5319","ELEMENT":"f.377FB2431E1110495EF43C5D05B4BB7B.d.162C35C005C3C849AA2ED93B4F273BED.e.5319"}]}
COMMAND: POST /session/fab09ea6d36627fd5f8b404856e8a7ed/element - {"using":"xpath","value":"//span[contains(@id ,\"application-addressmanagement-display-component---detailAdm--addressDetailDetailsName1\")][contains(text(), \"WebdriverYard2nua3\")]"}
RESULT: {}
RESULT: {}
RESULT: {"script":"<script> [8489 bytes]","args":[{"element-6066-11e4-a52e-4f735466cecf":"f.377FB2431E1110495EF43C5D05B4BB7B.d.162C35C005C3C849AA2ED93B4F273BED.e.5319","ELEMENT":"f.377FB2431E1110495EF43C5D05B4BB7B.d.162C35C005C3C849AA2ED93B4F273BED.e.5319"}]}
COMMAND: POST /session/fab09ea6d36627fd5f8b404856e8a7ed/execute/sync - {"script":"<script> [5351 bytes]","args":[{"element-6066-11e4-a52e-4f735466cecf":"f.377FB2431E1110495EF43C5D05B4BB7B.d.162C35C005C3C849AA2ED93B4F273BED.e.5319","ELEMENT":"f.377FB2431E1110495EF43C5D05B4BB7B.d.162C35C005C3C849AA2ED93B4F273BED.e.5319"}]}
COMMAND: GET /session/fab09ea6d36627fd5f8b404856e8a7ed/screenshot - {}
RESULT: {"using":"xpath","value":"//span[contains(@id ,\"application-addressmanagement-display-component---detailAdm--addressDetailDetailsName1\")][contains(text(), \"WebdriverYard2nua3\")]"}
RESULT: {"script":"<script> [5351 bytes]","args":[{"element-6066-11e4-a52e-4f735466cecf":"f.377FB2431E1110495EF43C5D05B4BB7B.d.162C35C005C3C849AA2ED93B4F273BED.e.5319","ELEMENT":"f.377FB2431E1110495EF43C5D05B4BB7B.d.162C35C005C3C849AA2ED93B4F273BED.e.5319"}]}
COMMAND: POST /session/fab09ea6d36627fd5f8b404856e8a7ed/execute/sync - {"script":"<script> [8489 bytes]","args":[{"element-6066-11e4-a52e-4f735466cecf":"f.377FB2431E1110495EF43C5D05B4BB7B.d.162C35C005C3C849AA2ED93B4F273BED.e.5319","ELEMENT":"f.377FB2431E1110495EF43C5D05B4BB7B.d.162C35C005C3C849AA2ED93B4F273BED.e.5319"}]}
COMMAND: GET /session/fab09ea6d36627fd5f8b404856e8a7ed/screenshot - {}
RESULT: {}
RESULT: {"script":"<script> [8489 bytes]","args":[{"element-6066-11e4-a52e-4f735466cecf":"f.377FB2431E1110495EF43C5D05B4BB7B.d.162C35C005C3C849AA2ED93B4F273BED.e.5319","ELEMENT":"f.377FB2431E1110495EF43C5D05B4BB7B.d.162C35C005C3C849AA2ED93B4F273BED.e.5319"}]}
COMMAND: POST /session/fab09ea6d36627fd5f8b404856e8a7ed/execute/sync - {"script":"<script> [5351 bytes]","args":[{"element-6066-11e4-a52e-4f735466cecf":"f.377FB2431E1110495EF43C5D05B4BB7B.d.162C35C005C3C849AA2ED93B4F273BED.e.5319","ELEMENT":"f.377FB2431E1110495EF43C5D05B4BB7B.d.162C35C005C3C849AA2ED93B4F273BED.e.5319"}]}
COMMAND: GET /session/fab09ea6d36627fd5f8b404856e8a7ed/screenshot - {}
COMMAND: POST /session/fab09ea6d36627fd5f8b404856e8a7ed/element - {"using":"xpath","value":"//span[contains(@id ,\"application-addressmanagement-display-component---detailAdm--addressDetailDetailsName1\")][contains(text(), \"WebdriverYard2nua3\")]"}
RESULT: {}
RESULT: {"script":"<script> [5351 bytes]","args":[{"element-6066-11e4-a52e-4f735466cecf":"f.377FB2431E1110495EF43C5D05B4BB7B.d.162C35C005C3C849AA2ED93B4F273BED.e.5319","ELEMENT":"f.377FB2431E1110495EF43C5D05B4BB7B.d.162C35C005C3C849AA2ED93B4F273BED.e.5319"}]}
COMMAND: POST /session/fab09ea6d36627fd5f8b404856e8a7ed/execute/sync - {"script":"<script> [8489 bytes]","args":[{"element-6066-11e4-a52e-4f735466cecf":"f.377FB2431E1110495EF43C5D05B4BB7B.d.162C35C005C3C849AA2ED93B4F273BED.e.5319","ELEMENT":"f.377FB2431E1110495EF43C5D05B4BB7B.d.162C35C005C3C849AA2ED93B4F273BED.e.5319"}]}
COMMAND: GET /session/fab09ea6d36627fd5f8b404856e8a7ed/screenshot - {}
RESULT: {}
RESULT: {"using":"xpath","value":"//span[contains(@id ,\"application-addressmanagement-display-component---detailAdm--addressDetailDetailsName1\")][contains(text(), \"WebdriverYard2nua3\")]"}
RESULT: {"script":"<script> [8489 bytes]","args":[{"element-6066-11e4-a52e-4f735466cecf":"f.377FB2431E1110495EF43C5D05B4BB7B.d.162C35C005C3C849AA2ED93B4F273BED.e.5319","ELEMENT":"f.377FB2431E1110495EF43C5D05B4BB7B.d.162C35C005C3C849AA2ED93B4F273BED.e.5319"}]}
COMMAND: POST /session/fab09ea6d36627fd5f8b404856e8a7ed/execute/sync - {"script":"<script> [5351 bytes]","args":[{"element-6066-11e4-a52e-4f735466cecf":"f.377FB2431E1110495EF43C5D05B4BB7B.d.162C35C005C3C849AA2ED93B4F273BED.e.5319","ELEMENT":"f.377FB2431E1110495EF43C5D05B4BB7B.d.162C35C005C3C849AA2ED93B4F273BED.e.5319"}]}
COMMAND: GET /session/fab09ea6d36627fd5f8b404856e8a7ed/screenshot - {}
RESULT: {}
RESULT: {"script":"<script> [5351 bytes]","args":[{"element-6066-11e4-a52e-4f735466cecf":"f.377FB2431E1110495EF43C5D05B4BB7B.d.162C35C005C3C849AA2ED93B4F273BED.e.5319","ELEMENT":"f.377FB2431E1110495EF43C5D05B4BB7B.d.162C35C005C3C849AA2ED93B4F273BED.e.5319"}]}
COMMAND: POST /session/fab09ea6d36627fd5f8b404856e8a7ed/execute/sync - {"script":"<script> [8489 bytes]","args":[{"element-6066-11e4-a52e-4f735466cecf":"f.377FB2431E1110495EF43C5D05B4BB7B.d.162C35C005C3C849AA2ED93B4F273BED.e.5319","ELEMENT":"f.377FB2431E1110495EF43C5D05B4BB7B.d.162C35C005C3C849AA2ED93B4F273BED.e.5319"}]}
COMMAND: GET /session/fab09ea6d36627fd5f8b404856e8a7ed/screenshot - {}
COMMAND: POST /session/fab09ea6d36627fd5f8b404856e8a7ed/element - {"using":"xpath","value":"//span[contains(@id ,\"application-addressmanagement-display-component---detailAdm--addressDetailDetailsName1\")][contains(text(), \"WebdriverYard2nua3\")]"}
RESULT: {}
RESULT: {"script":"<script> [8489 bytes]","args":[{"element-6066-11e4-a52e-4f735466cecf":"f.377FB2431E1110495EF43C5D05B4BB7B.d.162C35C005C3C849AA2ED93B4F273BED.e.5319","ELEMENT":"f.377FB2431E1110495EF43C5D05B4BB7B.d.162C35C005C3C849AA2ED93B4F273BED.e.5319"}]}
COMMAND: POST /session/fab09ea6d36627fd5f8b404856e8a7ed/execute/sync - {"script":"<script> [5351 bytes]","args":[{"element-6066-11e4-a52e-4f735466cecf":"f.377FB2431E1110495EF43C5D05B4BB7B.d.162C35C005C3C849AA2ED93B4F273BED.e.5319","ELEMENT":"f.377FB2431E1110495EF43C5D05B4BB7B.d.162C35C005C3C849AA2ED93B4F273BED.e.5319"}]}
COMMAND: GET /session/fab09ea6d36627fd5f8b404856e8a7ed/screenshot - {}
RESULT: {}
RESULT: {"using":"xpath","value":"//span[contains(@id ,\"application-addressmanagement-display-component---detailAdm--addressDetailDetailsName1\")][contains(text(), \"WebdriverYard2nua3\")]"}
RESULT: {"script":"<script> [5351 bytes]","args":[{"element-6066-11e4-a52e-4f735466cecf":"f.377FB2431E1110495EF43C5D05B4BB7B.d.162C35C005C3C849AA2ED93B4F273BED.e.5319","ELEMENT":"f.377FB2431E1110495EF43C5D05B4BB7B.d.162C35C005C3C849AA2ED93B4F273BED.e.5319"}]}
COMMAND: POST /session/fab09ea6d36627fd5f8b404856e8a7ed/execute/sync - {"script":"<script> [8489 bytes]","args":[{"element-6066-11e4-a52e-4f735466cecf":"f.377FB2431E1110495EF43C5D05B4BB7B.d.162C35C005C3C849AA2ED93B4F273BED.e.5319","ELEMENT":"f.377FB2431E1110495EF43C5D05B4BB7B.d.162C35C005C3C849AA2ED93B4F273BED.e.5319"}]}
COMMAND: GET /session/fab09ea6d36627fd5f8b404856e8a7ed/screenshot - {}
RESULT: {}
RESULT: {"script":"<script> [8489 bytes]","args":[{"element-6066-11e4-a52e-4f735466cecf":"f.377FB2431E1110495EF43C5D05B4BB7B.d.162C35C005C3C849AA2ED93B4F273BED.e.5319","ELEMENT":"f.377FB2431E1110495EF43C5D05B4BB7B.d.162C35C005C3C849AA2ED93B4F273BED.e.5319"}]}
COMMAND: POST /session/fab09ea6d36627fd5f8b404856e8a7ed/execute/sync - {"script":"<script> [5351 bytes]","args":[{"element-6066-11e4-a52e-4f735466cecf":"f.377FB2431E1110495EF43C5D05B4BB7B.d.162C35C005C3C849AA2ED93B4F273BED.e.5319","ELEMENT":"f.377FB2431E1110495EF43C5D05B4BB7B.d.162C35C005C3C849AA2ED93B4F273BED.e.5319"}]}
COMMAND: GET /session/fab09ea6d36627fd5f8b404856e8a7ed/screenshot - {}
COMMAND: POST /session/fab09ea6d36627fd5f8b404856e8a7ed/element - {"using":"xpath","value":"//span[contains(@id ,\"application-addressmanagement-display-component---detailAdm--addressDetailDetailsName1\")][contains(text(), \"WebdriverYard2nua3\")]"}
RESULT: {}
RESULT: {"script":"<script> [5351 bytes]","args":[{"element-6066-11e4-a52e-4f735466cecf":"f.377FB2431E1110495EF43C5D05B4BB7B.d.162C35C005C3C849AA2ED93B4F273BED.e.5319","ELEMENT":"f.377FB2431E1110495EF43C5D05B4BB7B.d.162C35C005C3C849AA2ED93B4F273BED.e.5319"}]}
COMMAND: POST /session/fab09ea6d36627fd5f8b404856e8a7ed/execute/sync - {"script":"<script> [8489 bytes]","args":[{"element-6066-11e4-a52e-4f735466cecf":"f.377FB2431E1110495EF43C5D05B4BB7B.d.162C35C005C3C849AA2ED93B4F273BED.e.5319","ELEMENT":"f.377FB2431E1110495EF43C5D05B4BB7B.d.162C35C005C3C849AA2ED93B4F273BED.e.5319"}]}
COMMAND: GET /session/fab09ea6d36627fd5f8b404856e8a7ed/screenshot - {}
RESULT: {}
RESULT: {"using":"xpath","value":"//span[contains(@id ,\"application-addressmanagement-display-component---detailAdm--addressDetailDetailsName1\")][contains(text(), \"WebdriverYard2nua3\")]"}
RESULT: {"script":"<script> [8489 bytes]","args":[{"element-6066-11e4-a52e-4f735466cecf":"f.377FB2431E1110495EF43C5D05B4BB7B.d.162C35C005C3C849AA2ED93B4F273BED.e.5319","ELEMENT":"f.377FB2431E1110495EF43C5D05B4BB7B.d.162C35C005C3C849AA2ED93B4F273BED.e.5319"}]}
COMMAND: POST /session/fab09ea6d36627fd5f8b404856e8a7ed/execute/sync - {"script":"<script> [5351 bytes]","args":[{"element-6066-11e4-a52e-4f735466cecf":"f.377FB2431E1110495EF43C5D05B4BB7B.d.162C35C005C3C849AA2ED93B4F273BED.e.5319","ELEMENT":"f.377FB2431E1110495EF43C5D05B4BB7B.d.162C35C005C3C849AA2ED93B4F273BED.e.5319"}]}
COMMAND: GET /session/fab09ea6d36627fd5f8b404856e8a7ed/screenshot - {}
RESULT: {}
RESULT: {"script":"<script> [5351 bytes]","args":[{"element-6066-11e4-a52e-4f735466cecf":"f.377FB2431E1110495EF43C5D05B4BB7B.d.162C35C005C3C849AA2ED93B4F273BED.e.5319","ELEMENT":"f.377FB2431E1110495EF43C5D05B4BB7B.d.162C35C005C3C849AA2ED93B4F273BED.e.5319"}]}
COMMAND: POST /session/fab09ea6d36627fd5f8b404856e8a7ed/element/f.377FB2431E1110495EF43C5D05B4BB7B.d.162C35C005C3C849AA2ED93B4F273BED.e.5319/click - {}
COMMAND: GET /session/fab09ea6d36627fd5f8b404856e8a7ed/screenshot - {}
COMMAND: POST /session/fab09ea6d36627fd5f8b404856e8a7ed/element - {"using":"xpath","value":"//span[contains(@id ,\"application-addressmanagement-display-component---detailAdm--addressDetailDetailsName1\")][contains(text(), \"WebdriverYard2nua3\")]"}
RESULT: {}
RESULT: {}
COMMAND: GET /session/fab09ea6d36627fd5f8b404856e8a7ed/screenshot - {}
RESULT: {}
RESULT: {"using":"xpath","value":"//span[contains(@id ,\"application-addressmanagement-display-component---detailAdm--addressDetailDetailsName1\")][contains(text(), \"WebdriverYard2nua3\")]"}
RESULT: {}
COMMAND: POST /session/fab09ea6d36627fd5f8b404856e8a7ed/element - {"using":"xpath","value":"//span[contains(@id ,\"application-addressmanagement-display-component---detailAdm--addressDetailDetailsName1\")][contains(text(), \"WebdriverYard2nua3\")]"}
RESULT: {"using":"xpath","value":"//span[contains(@id ,\"application-addressmanagement-display-component---detailAdm--addressDetailDetailsName1\")][contains(text(), \"WebdriverYard2nua3\")]"}
COMMAND: POST /session/fab09ea6d36627fd5f8b404856e8a7ed/element - {"using":"xpath","value":"//span[contains(@id ,\"application-addressmanagement-display-component---detailAdm--addressDetailDetailsName1\")][contains(text(), \"WebdriverYard2nua3\")]"}
RESULT: {"using":"xpath","value":"//span[contains(@id ,\"application-addressmanagement-display-component---detailAdm--addressDetailDetailsName1\")][contains(text(), \"WebdriverYard2nua3\")]"}
COMMAND: POST /session/fab09ea6d36627fd5f8b404856e8a7ed/element - {"using":"xpath","value":"//span[contains(@id ,\"application-addressmanagement-display-component---detailAdm--addressDetailDetailsName1\")][contains(text(), \"WebdriverYard2nua3\")]"}
RESULT: {"using":"xpath","value":"//span[contains(@id ,\"application-addressmanagement-display-component---detailAdm--addressDetailDetailsName1\")][contains(text(), \"WebdriverYard2nua3\")]"}
COMMAND: POST /session/fab09ea6d36627fd5f8b404856e8a7ed/element - {"using":"xpath","value":"(//bdi[contains(text(), \"Deactivate\")])[1]"}
RESULT: {"using":"xpath","value":"(//bdi[contains(text(), \"Deactivate\")])[1]"}
COMMAND: POST /session/fab09ea6d36627fd5f8b404856e8a7ed/element/f.377FB2431E1110495EF43C5D05B4BB7B.d.162C35C005C3C849AA2ED93B4F273BED.e.5388/click - {}
RESULT: {}
COMMAND: GET /session/fab09ea6d36627fd5f8b404856e8a7ed/screenshot - {}
COMMAND: POST /session/fab09ea6d36627fd5f8b404856e8a7ed/element - {"using":"xpath","value":"//span[contains(@id ,\"application-addressmanagement-display-component---detailAdm--addressDetailDetailsName1\")][contains(text(), \"WebdriverYard2nua3\")]"}
RESULT: {}
RESULT: {"using":"xpath","value":"//span[contains(@id ,\"application-addressmanagement-display-component---detailAdm--addressDetailDetailsName1\")][contains(text(), \"WebdriverYard2nua3\")]"}
COMMAND: POST /session/fab09ea6d36627fd5f8b404856e8a7ed/element - {"using":"xpath","value":"//span[contains(@id ,\"application-addressmanagement-display-component---detailAdm--addressDetailDetailsName1\")][contains(text(), \"WebdriverYard2nua3\")]"}
RESULT: {"using":"xpath","value":"//span[contains(@id ,\"application-addressmanagement-display-component---detailAdm--addressDetailDetailsName1\")][contains(text(), \"WebdriverYard2nua3\")]"}
COMMAND: POST /session/fab09ea6d36627fd5f8b404856e8a7ed/element - {"using":"xpath","value":"//span[contains(@id ,\"application-addressmanagement-display-component---detailAdm--addressDetailDetailsName1\")][contains(text(), \"WebdriverYard2nua3\")]"}
RESULT: {"using":"xpath","value":"//span[contains(@id ,\"application-addressmanagement-display-component---detailAdm--addressDetailDetailsName1\")][contains(text(), \"WebdriverYard2nua3\")]"}
COMMAND: POST /session/fab09ea6d36627fd5f8b404856e8a7ed/element - {"using":"xpath","value":"//span[contains(@id ,\"application-addressmanagement-display-component---detailAdm--addressDetailDetailsName1\")][contains(text(), \"WebdriverYard2nua3\")]"}
RESULT: {"using":"xpath","value":"//span[contains(@id ,\"application-addressmanagement-display-component---detailAdm--addressDetailDetailsName1\")][contains(text(), \"WebdriverYard2nua3\")]"}
COMMAND: POST /session/fab09ea6d36627fd5f8b404856e8a7ed/element - {"using":"xpath","value":"(//bdi[contains(text(), \"OK\")])[1]"}
RESULT: {"using":"xpath","value":"(//bdi[contains(text(), \"OK\")])[1]"}
COMMAND: POST /session/fab09ea6d36627fd5f8b404856e8a7ed/element/f.377FB2431E1110495EF43C5D05B4BB7B.d.162C35C005C3C849AA2ED93B4F273BED.e.5391/click - {}
RESULT: {}
COMMAND: GET /session/fab09ea6d36627fd5f8b404856e8a7ed/screenshot - {}
COMMAND: POST /session/fab09ea6d36627fd5f8b404856e8a7ed/element - {"using":"xpath","value":"//span[contains(@id ,\"application-addressmanagement-display-component---detailAdm--addressDetailDetailsName1\")][contains(text(), \"WebdriverYard2nua3\")]"}
RESULT: {}
RESULT: {"using":"xpath","value":"//span[contains(@id ,\"application-addressmanagement-display-component---detailAdm--addressDetailDetailsName1\")][contains(text(), \"WebdriverYard2nua3\")]"}
COMMAND: POST /session/fab09ea6d36627fd5f8b404856e8a7ed/element - {"using":"xpath","value":"//span[contains(@id ,\"application-addressmanagement-display-component---detailAdm--addressDetailDetailsName1\")][contains(text(), \"WebdriverYard2nua3\")]"}
RESULT: {"using":"xpath","value":"//span[contains(@id ,\"application-addressmanagement-display-component---detailAdm--addressDetailDetailsName1\")][contains(text(), \"WebdriverYard2nua3\")]"}
COMMAND: POST /session/fab09ea6d36627fd5f8b404856e8a7ed/element - {"using":"xpath","value":"//span[contains(@id ,\"application-addressmanagement-display-component---detailAdm--addressDetailDetailsName1\")][contains(text(), \"WebdriverYard2nua3\")]"}
RESULT: {"using":"xpath","value":"//span[contains(@id ,\"application-addressmanagement-display-component---detailAdm--addressDetailDetailsName1\")][contains(text(), \"WebdriverYard2nua3\")]"}
COMMAND: POST /session/fab09ea6d36627fd5f8b404856e8a7ed/element - {"using":"xpath","value":"//span[contains(@id ,\"application-addressmanagement-display-component---detailAdm--addressDetailDetailsName1\")][contains(text(), \"WebdriverYard2nua3\")]"}
RESULT: {"using":"xpath","value":"//span[contains(@id ,\"application-addressmanagement-display-component---detailAdm--addressDetailDetailsName1\")][contains(text(), \"WebdriverYard2nua3\")]"}
COMMAND: POST /session/fab09ea6d36627fd5f8b404856e8a7ed/element - {"using":"xpath","value":"//span[contains(@id ,\"application-addressmanagement-display-component---detailAdm--addressDetailDetailsName1\")][contains(text(), \"WebdriverYard2nua3\")]"}
RESULT: {"using":"xpath","value":"//span[contains(@id ,\"application-addressmanagement-display-component---detailAdm--addressDetailDetailsName1\")][contains(text(), \"WebdriverYard2nua3\")]"}
COMMAND: POST /session/fab09ea6d36627fd5f8b404856e8a7ed/element - {"using":"xpath","value":"//input[contains(@id ,\"application-manageresources-display-component---masterRU--smartFilterBar-btnBasicSearch-I\")]"}
RESULT: {"using":"xpath","value":"//input[contains(@id ,\"application-manageresources-display-component---masterRU--smartFilterBar-btnBasicSearch-I\")]"}
COMMAND: POST /session/fab09ea6d36627fd5f8b404856e8a7ed/element/f.377FB2431E1110495EF43C5D05B4BB7B.d.162C35C005C3C849AA2ED93B4F273BED.e.5075/value - {"text":"WdIORUGroupfwmcyi"}
RESULT: {"text":"WdIORUGroupfwmcyi"}
COMMAND: GET /session/fab09ea6d36627fd5f8b404856e8a7ed/screenshot - {}
COMMAND: POST /session/fab09ea6d36627fd5f8b404856e8a7ed/element - {"using":"xpath","value":"//span[contains(@id ,\"application-addressmanagement-display-component---detailAdm--addressDetailDetailsName1\")][contains(text(), \"WebdriverYard2nua3\")]"}
RESULT: {}
RESULT: {"using":"xpath","value":"//span[contains(@id ,\"application-addressmanagement-display-component---detailAdm--addressDetailDetailsName1\")][contains(text(), \"WebdriverYard2nua3\")]"}
COMMAND: POST /session/fab09ea6d36627fd5f8b404856e8a7ed/element - {"using":"xpath","value":"//span[contains(@id ,\"application-addressmanagement-display-component---detailAdm--addressDetailDetailsName1\")][contains(text(), \"WebdriverYard2nua3\")]"}
RESULT: {"using":"xpath","value":"//span[contains(@id ,\"application-addressmanagement-display-component---detailAdm--addressDetailDetailsName1\")][contains(text(), \"WebdriverYard2nua3\")]"}
COMMAND: POST /session/fab09ea6d36627fd5f8b404856e8a7ed/element - {"using":"xpath","value":"//span[contains(@id ,\"application-addressmanagement-display-component---detailAdm--addressDetailDetailsName1\")][contains(text(), \"WebdriverYard2nua3\")]"}
RESULT: {"using":"xpath","value":"//span[contains(@id ,\"application-addressmanagement-display-component---detailAdm--addressDetailDetailsName1\")][contains(text(), \"WebdriverYard2nua3\")]"}
COMMAND: POST /session/fab09ea6d36627fd5f8b404856e8a7ed/element - {"using":"xpath","value":"//span[contains(@id ,\"application-addressmanagement-display-component---detailAdm--addressDetailDetailsName1\")][contains(text(), \"WebdriverYard2nua3\")]"}
RESULT: {"using":"xpath","value":"//span[contains(@id ,\"application-addressmanagement-display-component---detailAdm--addressDetailDetailsName1\")][contains(text(), \"WebdriverYard2nua3\")]"}
COMMAND: POST /session/fab09ea6d36627fd5f8b404856e8a7ed/actions - {"actions":[{"id":"action13","type":"key","parameters":{},"actions":[{"type":"keyDown","value":""},{"type":"pause","duration":10},{"type":"keyUp","value":""}]}]}
RESULT: {"actions":[{"id":"action13","type":"key","parameters":{},"actions":[{"type":"keyDown","value":""},{"type":"pause","duration":10},{"type":"keyUp","value":""}]}]}
COMMAND: GET /session/fab09ea6d36627fd5f8b404856e8a7ed/screenshot - {}
COMMAND: POST /session/fab09ea6d36627fd5f8b404856e8a7ed/element - {"using":"xpath","value":"//span[contains(@id ,\"application-addressmanagement-display-component---detailAdm--addressDetailDetailsName1\")][contains(text(), \"WebdriverYard2nua3\")]"}
RESULT: {}
RESULT: {"using":"xpath","value":"//span[contains(@id ,\"application-addressmanagement-display-component---detailAdm--addressDetailDetailsName1\")][contains(text(), \"WebdriverYard2nua3\")]"}
COMMAND: POST /session/fab09ea6d36627fd5f8b404856e8a7ed/element - {"using":"xpath","value":"//span[contains(@id ,\"application-addressmanagement-display-component---detailAdm--addressDetailDetailsName1\")][contains(text(), \"WebdriverYard2nua3\")]"}
RESULT: {"using":"xpath","value":"//span[contains(@id ,\"application-addressmanagement-display-component---detailAdm--addressDetailDetailsName1\")][contains(text(), \"WebdriverYard2nua3\")]"}
COMMAND: POST /session/fab09ea6d36627fd5f8b404856e8a7ed/element - {"using":"xpath","value":"//span[contains(@id ,\"application-addressmanagement-display-component---detailAdm--addressDetailDetailsName1\")][contains(text(), \"WebdriverYard2nua3\")]"}
RESULT: {"using":"xpath","value":"//span[contains(@id ,\"application-addressmanagement-display-component---detailAdm--addressDetailDetailsName1\")][contains(text(), \"WebdriverYard2nua3\")]"}
COMMAND: POST /session/fab09ea6d36627fd5f8b404856e8a7ed/element - {"using":"xpath","value":"//span[contains(@id ,\"application-addressmanagement-display-component---detailAdm--addressDetailDetailsName1\")][contains(text(), \"WebdriverYard2nua3\")]"}
RESULT: {"using":"xpath","value":"//span[contains(@id ,\"application-addressmanagement-display-component---detailAdm--addressDetailDetailsName1\")][contains(text(), \"WebdriverYard2nua3\")]"}
COMMAND: POST /session/fab09ea6d36627fd5f8b404856e8a7ed/element - {"using":"xpath","value":"//span[contains(@id ,\"application-addressmanagement-display-component---detailAdm--addressDetailDetailsName1\")][contains(text(), \"WebdriverYard2nua3\")]"}
RESULT: {"using":"xpath","value":"//span[contains(@id ,\"application-addressmanagement-display-component---detailAdm--addressDetailDetailsName1\")][contains(text(), \"WebdriverYard2nua3\")]"}
COMMAND: POST /session/fab09ea6d36627fd5f8b404856e8a7ed/element - {"using":"xpath","value":"//span[contains(@id ,\"application-addressmanagement-display-component---detailAdm--addressDetailDetailsName1\")][contains(text(), \"WebdriverYard2nua3\")]"}
RESULT: {"using":"xpath","value":"//span[contains(@id ,\"application-addressmanagement-display-component---detailAdm--addressDetailDetailsName1\")][contains(text(), \"WebdriverYard2nua3\")]"}
COMMAND: POST /session/fab09ea6d36627fd5f8b404856e8a7ed/element - {"using":"xpath","value":"//span[contains(@id ,\"application-addressmanagement-display-component---detailAdm--addressDetailDetailsName1\")][contains(text(), \"WebdriverYard2nua3\")]"}
RESULT: {"using":"xpath","value":"//span[contains(@id ,\"application-addressmanagement-display-component---detailAdm--addressDetailDetailsName1\")][contains(text(), \"WebdriverYard2nua3\")]"}
COMMAND: POST /session/fab09ea6d36627fd5f8b404856e8a7ed/element - {"using":"xpath","value":"//span[contains(@id ,\"application-addressmanagement-display-component---detailAdm--addressDetailDetailsName1\")][contains(text(), \"WebdriverYard2nua3\")]"}
RESULT: {"using":"xpath","value":"//span[contains(@id ,\"application-addressmanagement-display-component---detailAdm--addressDetailDetailsName1\")][contains(text(), \"WebdriverYard2nua3\")]"}
COMMAND: POST /session/fab09ea6d36627fd5f8b404856e8a7ed/element - {"using":"xpath","value":"//span[contains(@id ,\"application-addressmanagement-display-component---detailAdm--addressDetailDetailsName1\")][contains(text(), \"WebdriverYard2nua3\")]"}
RESULT: {"using":"xpath","value":"//span[contains(@id ,\"application-addressmanagement-display-component---detailAdm--addressDetailDetailsName1\")][contains(text(), \"WebdriverYard2nua3\")]"}
COMMAND: POST /session/fab09ea6d36627fd5f8b404856e8a7ed/element - {"using":"xpath","value":"//span[contains(@id ,\"application-addressmanagement-display-component---detailAdm--addressDetailDetailsName1\")][contains(text(), \"WebdriverYard2nua3\")]"}
RESULT: {"using":"xpath","value":"//span[contains(@id ,\"application-addressmanagement-display-component---detailAdm--addressDetailDetailsName1\")][contains(text(), \"WebdriverYard2nua3\")]"}
COMMAND: POST /session/fab09ea6d36627fd5f8b404856e8a7ed/element - {"using":"xpath","value":"//span[contains(@id ,\"application-addressmanagement-display-component---detailAdm--addressDetailDetailsName1\")][contains(text(), \"WebdriverYard2nua3\")]"}
RESULT: {"using":"xpath","value":"//span[contains(@id ,\"application-addressmanagement-display-component---detailAdm--addressDetailDetailsName1\")][contains(text(), \"WebdriverYard2nua3\")]"}
COMMAND: POST /session/fab09ea6d36627fd5f8b404856e8a7ed/element - {"using":"xpath","value":"//span[contains(@id ,\"application-addressmanagement-display-component---detailAdm--addressDetailDetailsName1\")][contains(text(), \"WebdriverYard2nua3\")]"}
RESULT: {"using":"xpath","value":"//span[contains(@id ,\"application-addressmanagement-display-component---detailAdm--addressDetailDetailsName1\")][contains(text(), \"WebdriverYard2nua3\")]"}
COMMAND: POST /session/fab09ea6d36627fd5f8b404856e8a7ed/element - {"using":"xpath","value":"//span[contains(@id ,\"application-addressmanagement-display-component---detailAdm--addressDetailDetailsName1\")][contains(text(), \"WebdriverYard2nua3\")]"}
RESULT: {"using":"xpath","value":"//span[contains(@id ,\"application-addressmanagement-display-component---detailAdm--addressDetailDetailsName1\")][contains(text(), \"WebdriverYard2nua3\")]"}
COMMAND: POST /session/fab09ea6d36627fd5f8b404856e8a7ed/element - {"using":"xpath","value":"//span[contains(text(), \"WdIORUGroupfwmcyi\")][contains(@class ,\"sapMText sapUiSelectable sapMTextBreakWord sapMTextMaxWidth\")]"}
RESULT: {"using":"xpath","value":"//span[contains(text(), \"WdIORUGroupfwmcyi\")][contains(@class ,\"sapMText sapUiSelectable sapMTextBreakWord sapMTextMaxWidth\")]"}
COMMAND: POST /session/fab09ea6d36627fd5f8b404856e8a7ed/element/f.377FB2431E1110495EF43C5D05B4BB7B.d.162C35C005C3C849AA2ED93B4F273BED.e.5708/click - {}
RESULT: {}
COMMAND: GET /session/fab09ea6d36627fd5f8b404856e8a7ed/screenshot - {}
COMMAND: POST /session/fab09ea6d36627fd5f8b404856e8a7ed/element - {"using":"xpath","value":"//span[contains(@id ,\"application-addressmanagement-display-component---detailAdm--addressDetailDetailsName1\")][contains(text(), \"WebdriverYard2nua3\")]"}
RESULT: {}
RESULT: {"using":"xpath","value":"//span[contains(@id ,\"application-addressmanagement-display-component---detailAdm--addressDetailDetailsName1\")][contains(text(), \"WebdriverYard2nua3\")]"}
COMMAND: POST /session/fab09ea6d36627fd5f8b404856e8a7ed/element - {"using":"xpath","value":"//span[contains(@id ,\"application-addressmanagement-display-component---detailAdm--addressDetailDetailsName1\")][contains(text(), \"WebdriverYard2nua3\")]"}
RESULT: {"using":"xpath","value":"//span[contains(@id ,\"application-addressmanagement-display-component---detailAdm--addressDetailDetailsName1\")][contains(text(), \"WebdriverYard2nua3\")]"}
COMMAND: POST /session/fab09ea6d36627fd5f8b404856e8a7ed/element - {"using":"xpath","value":"//span[contains(@id ,\"application-addressmanagement-display-component---detailAdm--addressDetailDetailsName1\")][contains(text(), \"WebdriverYard2nua3\")]"}
RESULT: {"using":"xpath","value":"//span[contains(@id ,\"application-addressmanagement-display-component---detailAdm--addressDetailDetailsName1\")][contains(text(), \"WebdriverYard2nua3\")]"}
COMMAND: POST /session/fab09ea6d36627fd5f8b404856e8a7ed/element - {"using":"xpath","value":"//span[contains(@id ,\"application-addressmanagement-display-component---detailAdm--addressDetailDetailsName1\")][contains(text(), \"WebdriverYard2nua3\")]"}
RESULT: {"using":"xpath","value":"//span[contains(@id ,\"application-addressmanagement-display-component---detailAdm--addressDetailDetailsName1\")][contains(text(), \"WebdriverYard2nua3\")]"}
COMMAND: POST /session/fab09ea6d36627fd5f8b404856e8a7ed/element - {"using":"xpath","value":"//bdi[contains(@id ,\"application-manageresources-display-component---detailRU--openRelatedRus-BDI-content\")]"}
RESULT: {"using":"xpath","value":"//bdi[contains(@id ,\"application-manageresources-display-component---detailRU--openRelatedRus-BDI-content\")]"}
COMMAND: POST /session/fab09ea6d36627fd5f8b404856e8a7ed/execute/sync - {"script":"<script> [8489 bytes]","args":[{"element-6066-11e4-a52e-4f735466cecf":"f.377FB2431E1110495EF43C5D05B4BB7B.d.162C35C005C3C849AA2ED93B4F273BED.e.5825","ELEMENT":"f.377FB2431E1110495EF43C5D05B4BB7B.d.162C35C005C3C849AA2ED93B4F273BED.e.5825"}]}
RESULT: {"script":"<script> [8489 bytes]","args":[{"element-6066-11e4-a52e-4f735466cecf":"f.377FB2431E1110495EF43C5D05B4BB7B.d.162C35C005C3C849AA2ED93B4F273BED.e.5825","ELEMENT":"f.377FB2431E1110495EF43C5D05B4BB7B.d.162C35C005C3C849AA2ED93B4F273BED.e.5825"}]}
COMMAND: POST /session/fab09ea6d36627fd5f8b404856e8a7ed/execute/sync - {"script":"<script> [5351 bytes]","args":[{"element-6066-11e4-a52e-4f735466cecf":"f.377FB2431E1110495EF43C5D05B4BB7B.d.162C35C005C3C849AA2ED93B4F273BED.e.5825","ELEMENT":"f.377FB2431E1110495EF43C5D05B4BB7B.d.162C35C005C3C849AA2ED93B4F273BED.e.5825"}]}
COMMAND: GET /session/fab09ea6d36627fd5f8b404856e8a7ed/screenshot - {}
RESULT: {"script":"<script> [5351 bytes]","args":[{"element-6066-11e4-a52e-4f735466cecf":"f.377FB2431E1110495EF43C5D05B4BB7B.d.162C35C005C3C849AA2ED93B4F273BED.e.5825","ELEMENT":"f.377FB2431E1110495EF43C5D05B4BB7B.d.162C35C005C3C849AA2ED93B4F273BED.e.5825"}]}
COMMAND: POST /session/fab09ea6d36627fd5f8b404856e8a7ed/element/f.377FB2431E1110495EF43C5D05B4BB7B.d.162C35C005C3C849AA2ED93B4F273BED.e.5825/click - {}
COMMAND: GET /session/fab09ea6d36627fd5f8b404856e8a7ed/screenshot - {}
RESULT: {}
RESULT: {}
COMMAND: GET /session/fab09ea6d36627fd5f8b404856e8a7ed/screenshot - {}
RESULT: {}
RESULT: {}
RESULT: undefined
COMMAND: POST /session/fab09ea6d36627fd5f8b404856e8a7ed/execute/async - {"script":"<script> [6424 bytes]","args":[{"element-6066-11e4-a52e-4f735466cecf":"f.377FB2431E1110495EF43C5D05B4BB7B.d.162C35C005C3C849AA2ED93B4F273BED.e.2750"},"getText",[]]}
COMMAND: POST /session/fab09ea6d36627fd5f8b404856e8a7ed/execute/async - {"script":"<script> [1562 bytes]","args":[{"selector":{"id":"RelatedRUsFragmentID--smartTableRUs-header","searchOpenDialogs":true},"wdio_ui5_key":"RelatedRUsFragmentIDsmartTableRUs-header"}]}
RESULT: {"script":"<script> [1562 bytes]","args":[{"selector":{"id":"RelatedRUsFragmentID--smartTableRUs-header","searchOpenDialogs":true},"wdio_ui5_key":"RelatedRUsFragmentIDsmartTableRUs-header"}]}
COMMAND: POST /session/fab09ea6d36627fd5f8b404856e8a7ed/execute/async - {"script":"<script> [6424 bytes]","args":[{"element-6066-11e4-a52e-4f735466cecf":"f.377FB2431E1110495EF43C5D05B4BB7B.d.162C35C005C3C849AA2ED93B4F273BED.e.5831"},"getText",[]]}
RESULT: {"script":"<script> [6424 bytes]","args":[{"element-6066-11e4-a52e-4f735466cecf":"f.377FB2431E1110495EF43C5D05B4BB7B.d.162C35C005C3C849AA2ED93B4F273BED.e.5831"},"getText",[]]}
COMMAND: POST /session/fab09ea6d36627fd5f8b404856e8a7ed/element - {"using":"xpath","value":"//span[contains(text(), \"WdIORUEquip1f2fq5\")]"}
RESULT: {"using":"xpath","value":"//span[contains(text(), \"WdIORUEquip1f2fq5\")]"}
COMMAND: POST /session/fab09ea6d36627fd5f8b404856e8a7ed/element - {"using":"xpath","value":"//span[contains(text(), \"WdIORUEquip1f2fq5\")]"}
RESULT: {"using":"xpath","value":"//span[contains(text(), \"WdIORUEquip1f2fq5\")]"}
COMMAND: DELETE /session/fab09ea6d36627fd5f8b404856e8a7ed - {}
RESULT: {}
]]></system-out>
    </testcase>
  </testsuite>
</testsuites>