<?xml version="1.0" encoding="UTF-8"?>
<testsuites tests="58" failures="31" errors="31" skipped="0">
  <testsuite timestamp="2025-06-01T17:06:24" time="983.421" tests="11" failures="5" errors="5" skipped="0">
    <properties>
      <property name="specId" value="0"/>
      <property name="suiteName" value="Billing confirm US117289"/>
      <property name="capabilities" value="chrome.136_0_7103_93.windows"/>
      <property name="file" value="file:///D:/a/1/s/test/specs/BTS/billing-confirm.spec.js"/>
    </properties>
    <testcase classname="chrome.136_0_7103_93.windows.Billing_confirm_US117289" name="Should create a new yard" time="115.676">
      <system-out><![CDATA[
COMMAND: POST /session/be9a23df4294472c3cbe97a105488dd6/window/fullscreen - {}
RESULT: {}
COMMAND: POST /session/be9a23df4294472c3cbe97a105488dd6/execute/async - {"script":"<script> [1562 bytes]","args":[{"selector":{"controlType":"sap.m.GenericTile","properties":{"header":"Manage Yards"}},"wdio_ui5_key":"sapm.GenericTile{\"header\":\"Manage Yards\"}"}]}
RESULT: {"script":"<script> [1562 bytes]","args":[{"selector":{"controlType":"sap.m.GenericTile","properties":{"header":"Manage Yards"}},"wdio_ui5_key":"sapm.GenericTile{\"header\":\"Manage Yards\"}"}]}
RESULT: undefined
COMMAND: POST /session/be9a23df4294472c3cbe97a105488dd6/element - {"using":"xpath","value":"//*[@id=\"__tile41\"]"}
RESULT: {"using":"xpath","value":"//*[@id=\"__tile41\"]"}
COMMAND: POST /session/be9a23df4294472c3cbe97a105488dd6/element/f.6CFE3FC8FA908A587831E8FD5FC52521.d.A97E5BAB9D01609B9DBCBED77E220B47.e.138/click - {}
RESULT: {}
COMMAND: GET /session/be9a23df4294472c3cbe97a105488dd6/screenshot - {}
RESULT: {}
COMMAND: POST /session/be9a23df4294472c3cbe97a105488dd6/elements - {"using":"xpath","value":"//span[text()='Error']"}
RESULT: {"using":"xpath","value":"//span[text()='Error']"}
COMMAND: POST /session/be9a23df4294472c3cbe97a105488dd6/element - {"using":"xpath","value":"//button[@data-kt=\"addNewYardOverflowToolbarButton\"]"}
RESULT: {"using":"xpath","value":"//button[@data-kt=\"addNewYardOverflowToolbarButton\"]"}
COMMAND: POST /session/be9a23df4294472c3cbe97a105488dd6/elements - {"using":"xpath","value":"//button[@data-kt=\"addNewYardOverflowToolbarButton\"]"}
RESULT: {"using":"xpath","value":"//button[@data-kt=\"addNewYardOverflowToolbarButton\"]"}
COMMAND: POST /session/be9a23df4294472c3cbe97a105488dd6/execute/sync - {"script":"<script> [8489 bytes]","args":[{"element-6066-11e4-a52e-4f735466cecf":"f.6CFE3FC8FA908A587831E8FD5FC52521.d.A97E5BAB9D01609B9DBCBED77E220B47.e.297","ELEMENT":"f.6CFE3FC8FA908A587831E8FD5FC52521.d.A97E5BAB9D01609B9DBCBED77E220B47.e.297"}]}
RESULT: {"script":"<script> [8489 bytes]","args":[{"element-6066-11e4-a52e-4f735466cecf":"f.6CFE3FC8FA908A587831E8FD5FC52521.d.A97E5BAB9D01609B9DBCBED77E220B47.e.297","ELEMENT":"f.6CFE3FC8FA908A587831E8FD5FC52521.d.A97E5BAB9D01609B9DBCBED77E220B47.e.297"}]}
COMMAND: GET /session/be9a23df4294472c3cbe97a105488dd6/element/f.6CFE3FC8FA908A587831E8FD5FC52521.d.A97E5BAB9D01609B9DBCBED77E220B47.e.297/enabled - {}
COMMAND: GET /session/be9a23df4294472c3cbe97a105488dd6/screenshot - {}
RESULT: {}
COMMAND: POST /session/be9a23df4294472c3cbe97a105488dd6/execute/sync - {"script":"<script> [8489 bytes]","args":[{"element-6066-11e4-a52e-4f735466cecf":"f.6CFE3FC8FA908A587831E8FD5FC52521.d.A97E5BAB9D01609B9DBCBED77E220B47.e.297","ELEMENT":"f.6CFE3FC8FA908A587831E8FD5FC52521.d.A97E5BAB9D01609B9DBCBED77E220B47.e.297"}]}
COMMAND: GET /session/be9a23df4294472c3cbe97a105488dd6/screenshot - {}
RESULT: {}
RESULT: {"script":"<script> [8489 bytes]","args":[{"element-6066-11e4-a52e-4f735466cecf":"f.6CFE3FC8FA908A587831E8FD5FC52521.d.A97E5BAB9D01609B9DBCBED77E220B47.e.297","ELEMENT":"f.6CFE3FC8FA908A587831E8FD5FC52521.d.A97E5BAB9D01609B9DBCBED77E220B47.e.297"}]}
COMMAND: POST /session/be9a23df4294472c3cbe97a105488dd6/execute/sync - {"script":"<script> [5351 bytes]","args":[{"element-6066-11e4-a52e-4f735466cecf":"f.6CFE3FC8FA908A587831E8FD5FC52521.d.A97E5BAB9D01609B9DBCBED77E220B47.e.297","ELEMENT":"f.6CFE3FC8FA908A587831E8FD5FC52521.d.A97E5BAB9D01609B9DBCBED77E220B47.e.297"}]}
COMMAND: GET /session/be9a23df4294472c3cbe97a105488dd6/screenshot - {}
RESULT: {}
RESULT: {"script":"<script> [5351 bytes]","args":[{"element-6066-11e4-a52e-4f735466cecf":"f.6CFE3FC8FA908A587831E8FD5FC52521.d.A97E5BAB9D01609B9DBCBED77E220B47.e.297","ELEMENT":"f.6CFE3FC8FA908A587831E8FD5FC52521.d.A97E5BAB9D01609B9DBCBED77E220B47.e.297"}]}
COMMAND: POST /session/be9a23df4294472c3cbe97a105488dd6/element/f.6CFE3FC8FA908A587831E8FD5FC52521.d.A97E5BAB9D01609B9DBCBED77E220B47.e.297/click - {}
COMMAND: GET /session/be9a23df4294472c3cbe97a105488dd6/screenshot - {}
RESULT: {}
RESULT: {}
COMMAND: GET /session/be9a23df4294472c3cbe97a105488dd6/screenshot - {}
RESULT: {}
RESULT: {}
COMMAND: POST /session/be9a23df4294472c3cbe97a105488dd6/element - {"using":"xpath","value":"//input[@id=\"application-manageyards-display-component---NewYard--yardId-inner\"]"}
RESULT: {"using":"xpath","value":"//input[@id=\"application-manageyards-display-component---NewYard--yardId-inner\"]"}
COMMAND: POST /session/be9a23df4294472c3cbe97a105488dd6/element - {"using":"xpath","value":"//input[@id=\"application-manageyards-display-component---NewYard--yardId-inner\"]"}
RESULT: {"using":"xpath","value":"//input[@id=\"application-manageyards-display-component---NewYard--yardId-inner\"]"}
COMMAND: POST /session/be9a23df4294472c3cbe97a105488dd6/execute/async - {"script":"<script> [1562 bytes]","args":[{"selector":{"id":"application-manageyards-display-component---NewYard--addressDetailDetailsName1","interaction":{"idSuffix":"inner"}},"wdio_ui5_key":"applicationmanageyards-display-component---NewYard--addressDetailDetailsName1"}]}
RESULT: {"script":"<script> [1562 bytes]","args":[{"selector":{"id":"application-manageyards-display-component---NewYard--addressDetailDetailsName1","interaction":{"idSuffix":"inner"}},"wdio_ui5_key":"applicationmanageyards-display-component---NewYard--addressDetailDetailsName1"}]}
RESULT: undefined
COMMAND: POST /session/be9a23df4294472c3cbe97a105488dd6/execute/async - {"script":"<script> [776 bytes]","args":[{"enterText":"Intracompany Yard wdIO","selector":{"id":"application-manageyards-display-component---NewYard--addressDetailDetailsName1","interaction":{"idSuffix":"inner"}},"clearTextFirst":true,"interactionType":"ENTER_TEXT"}]}
RESULT: {"script":"<script> [776 bytes]","args":[{"enterText":"Intracompany Yard wdIO","selector":{"id":"application-manageyards-display-component---NewYard--addressDetailDetailsName1","interaction":{"idSuffix":"inner"}},"clearTextFirst":true,"interactionType":"ENTER_TEXT"}]}
COMMAND: POST /session/be9a23df4294472c3cbe97a105488dd6/execute/async - {"script":"<script> [1562 bytes]","args":[{"selector":{"id":"application-manageyards-display-component---NewYard--addressDetailDetailsLanguage-arrow"},"wdio_ui5_key":"applicationmanageyards-display-component---NewYard--addressDetailDetailsLanguage-arrow"}]}
RESULT: {"script":"<script> [1562 bytes]","args":[{"selector":{"id":"application-manageyards-display-component---NewYard--addressDetailDetailsLanguage-arrow"},"wdio_ui5_key":"applicationmanageyards-display-component---NewYard--addressDetailDetailsLanguage-arrow"}]}
RESULT: undefined
COMMAND: POST /session/be9a23df4294472c3cbe97a105488dd6/element - {"using":"xpath","value":"//*[@id=\"application-manageyards-display-component---NewYard--addressDetailDetailsLanguage-arrow\"]"}
RESULT: {"using":"xpath","value":"//*[@id=\"application-manageyards-display-component---NewYard--addressDetailDetailsLanguage-arrow\"]"}
COMMAND: POST /session/be9a23df4294472c3cbe97a105488dd6/element/f.6CFE3FC8FA908A587831E8FD5FC52521.d.A97E5BAB9D01609B9DBCBED77E220B47.e.736/click - {}
RESULT: {}
COMMAND: POST /session/be9a23df4294472c3cbe97a105488dd6/element - {"using":"xpath","value":"//span[contains(text(), \"English\")]"}
COMMAND: GET /session/be9a23df4294472c3cbe97a105488dd6/screenshot - {}
RESULT: {"using":"xpath","value":"//span[contains(text(), \"English\")]"}
COMMAND: POST /session/be9a23df4294472c3cbe97a105488dd6/element/f.6CFE3FC8FA908A587831E8FD5FC52521.d.A97E5BAB9D01609B9DBCBED77E220B47.e.737/click - {}
RESULT: {}
RESULT: {}
COMMAND: POST /session/be9a23df4294472c3cbe97a105488dd6/execute/async - {"script":"<script> [1562 bytes]","args":[{"selector":{"id":"application-manageyards-display-component---NewYard--addressDetailDetailsCity1","interaction":{"idSuffix":"inner"}},"wdio_ui5_key":"applicationmanageyards-display-component---NewYard--addressDetailDetailsCity1"}]}
COMMAND: GET /session/be9a23df4294472c3cbe97a105488dd6/screenshot - {}
RESULT: {"script":"<script> [1562 bytes]","args":[{"selector":{"id":"application-manageyards-display-component---NewYard--addressDetailDetailsCity1","interaction":{"idSuffix":"inner"}},"wdio_ui5_key":"applicationmanageyards-display-component---NewYard--addressDetailDetailsCity1"}]}
RESULT: undefined
COMMAND: POST /session/be9a23df4294472c3cbe97a105488dd6/execute/async - {"script":"<script> [776 bytes]","args":[{"enterText":"Rosario","selector":{"id":"application-manageyards-display-component---NewYard--addressDetailDetailsCity1","interaction":{"idSuffix":"inner"}},"clearTextFirst":true,"interactionType":"ENTER_TEXT"}]}
RESULT: {}
RESULT: {"script":"<script> [776 bytes]","args":[{"enterText":"Rosario","selector":{"id":"application-manageyards-display-component---NewYard--addressDetailDetailsCity1","interaction":{"idSuffix":"inner"}},"clearTextFirst":true,"interactionType":"ENTER_TEXT"}]}
COMMAND: POST /session/be9a23df4294472c3cbe97a105488dd6/execute/async - {"script":"<script> [1562 bytes]","args":[{"selector":{"id":"application-manageyards-display-component---NewYard--addressDetailDetailsCountry-arrow"},"wdio_ui5_key":"applicationmanageyards-display-component---NewYard--addressDetailDetailsCountry-arrow"}]}
RESULT: {"script":"<script> [1562 bytes]","args":[{"selector":{"id":"application-manageyards-display-component---NewYard--addressDetailDetailsCountry-arrow"},"wdio_ui5_key":"applicationmanageyards-display-component---NewYard--addressDetailDetailsCountry-arrow"}]}
RESULT: undefined
COMMAND: POST /session/be9a23df4294472c3cbe97a105488dd6/element - {"using":"xpath","value":"//*[@id=\"application-manageyards-display-component---NewYard--addressDetailDetailsCountry-arrow\"]"}
RESULT: {"using":"xpath","value":"//*[@id=\"application-manageyards-display-component---NewYard--addressDetailDetailsCountry-arrow\"]"}
COMMAND: POST /session/be9a23df4294472c3cbe97a105488dd6/element/f.6CFE3FC8FA908A587831E8FD5FC52521.d.A97E5BAB9D01609B9DBCBED77E220B47.e.739/click - {}
RESULT: {}
COMMAND: POST /session/be9a23df4294472c3cbe97a105488dd6/element - {"using":"xpath","value":"//span[contains(text(), \"Argentina\")]"}
COMMAND: GET /session/be9a23df4294472c3cbe97a105488dd6/screenshot - {}
RESULT: {"using":"xpath","value":"//span[contains(text(), \"Argentina\")]"}
COMMAND: POST /session/be9a23df4294472c3cbe97a105488dd6/element/f.6CFE3FC8FA908A587831E8FD5FC52521.d.A97E5BAB9D01609B9DBCBED77E220B47.e.740/click - {}
RESULT: {}
RESULT: {}
COMMAND: POST /session/be9a23df4294472c3cbe97a105488dd6/execute/async - {"script":"<script> [1562 bytes]","args":[{"selector":{"id":"application-manageyards-display-component---NewYard--addressEditDetailsCostObjectCstType-arrow"},"wdio_ui5_key":"applicationmanageyards-display-component---NewYard--addressEditDetailsCostObjectCstType-arrow"}]}
COMMAND: GET /session/be9a23df4294472c3cbe97a105488dd6/screenshot - {}
RESULT: {"script":"<script> [1562 bytes]","args":[{"selector":{"id":"application-manageyards-display-component---NewYard--addressEditDetailsCostObjectCstType-arrow"},"wdio_ui5_key":"applicationmanageyards-display-component---NewYard--addressEditDetailsCostObjectCstType-arrow"}]}
RESULT: undefined
COMMAND: POST /session/be9a23df4294472c3cbe97a105488dd6/element - {"using":"xpath","value":"//*[@id=\"application-manageyards-display-component---NewYard--addressEditDetailsCostObjectCstType-arrow\"]"}
RESULT: {}
RESULT: {"using":"xpath","value":"//*[@id=\"application-manageyards-display-component---NewYard--addressEditDetailsCostObjectCstType-arrow\"]"}
COMMAND: POST /session/be9a23df4294472c3cbe97a105488dd6/element/f.6CFE3FC8FA908A587831E8FD5FC52521.d.A97E5BAB9D01609B9DBCBED77E220B47.e.742/click - {}
RESULT: {}
COMMAND: POST /session/be9a23df4294472c3cbe97a105488dd6/element - {"using":"xpath","value":"//span[contains(text(), \"Cost Center\")]"}
COMMAND: GET /session/be9a23df4294472c3cbe97a105488dd6/screenshot - {}
RESULT: {"using":"xpath","value":"//span[contains(text(), \"Cost Center\")]"}
COMMAND: POST /session/be9a23df4294472c3cbe97a105488dd6/element/f.6CFE3FC8FA908A587831E8FD5FC52521.d.A97E5BAB9D01609B9DBCBED77E220B47.e.743/click - {}
RESULT: {}
RESULT: {}
COMMAND: GET /session/be9a23df4294472c3cbe97a105488dd6/screenshot - {}
RESULT: {}
COMMAND: POST /session/be9a23df4294472c3cbe97a105488dd6/element - {"using":"xpath","value":"//span[@id=\"application-manageyards-display-component---NewYard--addressNewCostObjectCstID-vhi\"]"}
RESULT: {"using":"xpath","value":"//span[@id=\"application-manageyards-display-component---NewYard--addressNewCostObjectCstID-vhi\"]"}
COMMAND: POST /session/be9a23df4294472c3cbe97a105488dd6/execute/sync - {"script":"<script> [8489 bytes]","args":[{"element-6066-11e4-a52e-4f735466cecf":"f.6CFE3FC8FA908A587831E8FD5FC52521.d.A97E5BAB9D01609B9DBCBED77E220B47.e.747","ELEMENT":"f.6CFE3FC8FA908A587831E8FD5FC52521.d.A97E5BAB9D01609B9DBCBED77E220B47.e.747"}]}
RESULT: {"script":"<script> [8489 bytes]","args":[{"element-6066-11e4-a52e-4f735466cecf":"f.6CFE3FC8FA908A587831E8FD5FC52521.d.A97E5BAB9D01609B9DBCBED77E220B47.e.747","ELEMENT":"f.6CFE3FC8FA908A587831E8FD5FC52521.d.A97E5BAB9D01609B9DBCBED77E220B47.e.747"}]}
COMMAND: POST /session/be9a23df4294472c3cbe97a105488dd6/execute/async - {"script":"<script> [1562 bytes]","args":[{"selector":{"id":"application-manageyards-display-component---NewYard--addressNewCostObjectCstID-vhi"},"wdio_ui5_key":"applicationmanageyards-display-component---NewYard--addressNewCostObjectCstID-vhi"}]}
COMMAND: GET /session/be9a23df4294472c3cbe97a105488dd6/screenshot - {}
RESULT: {"script":"<script> [1562 bytes]","args":[{"selector":{"id":"application-manageyards-display-component---NewYard--addressNewCostObjectCstID-vhi"},"wdio_ui5_key":"applicationmanageyards-display-component---NewYard--addressNewCostObjectCstID-vhi"}]}
RESULT: undefined
COMMAND: POST /session/be9a23df4294472c3cbe97a105488dd6/element - {"using":"xpath","value":"//*[@id=\"application-manageyards-display-component---NewYard--addressNewCostObjectCstID-vhi\"]"}
RESULT: {}
RESULT: {"using":"xpath","value":"//*[@id=\"application-manageyards-display-component---NewYard--addressNewCostObjectCstID-vhi\"]"}
COMMAND: POST /session/be9a23df4294472c3cbe97a105488dd6/element/f.6CFE3FC8FA908A587831E8FD5FC52521.d.A97E5BAB9D01609B9DBCBED77E220B47.e.747/click - {}
RESULT: {}
COMMAND: GET /session/be9a23df4294472c3cbe97a105488dd6/screenshot - {}
RESULT: {}
COMMAND: POST /session/be9a23df4294472c3cbe97a105488dd6/execute/async - {"script":"<script> [1562 bytes]","args":[{"selector":{"controlType":"sap.m.SearchField","properties":{"placeholder":"Search"},"searchOpenDialogs":true,"interaction":{"idSuffix":"I"}},"wdio_ui5_key":"sapm.SearchField{\"placeholder\":\"Search\"}"}]}
RESULT: {"script":"<script> [1562 bytes]","args":[{"selector":{"controlType":"sap.m.SearchField","properties":{"placeholder":"Search"},"searchOpenDialogs":true,"interaction":{"idSuffix":"I"}},"wdio_ui5_key":"sapm.SearchField{\"placeholder\":\"Search\"}"}]}
RESULT: undefined
COMMAND: POST /session/be9a23df4294472c3cbe97a105488dd6/execute/async - {"script":"<script> [776 bytes]","args":[{"enterText":"bauh_b","selector":{"controlType":"sap.m.SearchField","properties":{"placeholder":"Search"},"searchOpenDialogs":true,"interaction":{"idSuffix":"I"}},"clearTextFirst":true,"interactionType":"ENTER_TEXT"}]}
RESULT: {"script":"<script> [776 bytes]","args":[{"enterText":"bauh_b","selector":{"controlType":"sap.m.SearchField","properties":{"placeholder":"Search"},"searchOpenDialogs":true,"interaction":{"idSuffix":"I"}},"clearTextFirst":true,"interactionType":"ENTER_TEXT"}]}
COMMAND: POST /session/be9a23df4294472c3cbe97a105488dd6/actions - {"actions":[{"id":"action1","type":"key","parameters":{},"actions":[{"type":"keyDown","value":""},{"type":"pause","duration":10},{"type":"keyUp","value":""}]}]}
RESULT: {"actions":[{"id":"action1","type":"key","parameters":{},"actions":[{"type":"keyDown","value":""},{"type":"pause","duration":10},{"type":"keyUp","value":""}]}]}
COMMAND: GET /session/be9a23df4294472c3cbe97a105488dd6/screenshot - {}
RESULT: {}
COMMAND: POST /session/be9a23df4294472c3cbe97a105488dd6/element - {"using":"xpath","value":"//span[contains(text(), \"Demo Yard\")]"}
RESULT: {"using":"xpath","value":"//span[contains(text(), \"Demo Yard\")]"}
COMMAND: POST /session/be9a23df4294472c3cbe97a105488dd6/element/f.6CFE3FC8FA908A587831E8FD5FC52521.d.A97E5BAB9D01609B9DBCBED77E220B47.e.787/click - {}
RESULT: {}
COMMAND: GET /session/be9a23df4294472c3cbe97a105488dd6/screenshot - {}
RESULT: {}
COMMAND: POST /session/be9a23df4294472c3cbe97a105488dd6/element - {"using":"xpath","value":"//bdi[contains(text(), \"OK\")]"}
RESULT: {"using":"xpath","value":"//bdi[contains(text(), \"OK\")]"}
COMMAND: POST /session/be9a23df4294472c3cbe97a105488dd6/element/f.6CFE3FC8FA908A587831E8FD5FC52521.d.A97E5BAB9D01609B9DBCBED77E220B47.e.788/click - {}
RESULT: {}
COMMAND: GET /session/be9a23df4294472c3cbe97a105488dd6/screenshot - {}
RESULT: {}
COMMAND: POST /session/be9a23df4294472c3cbe97a105488dd6/execute/async - {"script":"<script> [1562 bytes]","args":[{"selector":{"id":"application-manageyards-display-component---NewYard--addressEditDetailsCurrency-arrow"},"wdio_ui5_key":"applicationmanageyards-display-component---NewYard--addressEditDetailsCurrency-arrow"}]}
RESULT: {"script":"<script> [1562 bytes]","args":[{"selector":{"id":"application-manageyards-display-component---NewYard--addressEditDetailsCurrency-arrow"},"wdio_ui5_key":"applicationmanageyards-display-component---NewYard--addressEditDetailsCurrency-arrow"}]}
RESULT: undefined
COMMAND: POST /session/be9a23df4294472c3cbe97a105488dd6/element - {"using":"xpath","value":"//*[@id=\"application-manageyards-display-component---NewYard--addressEditDetailsCurrency-arrow\"]"}
RESULT: {"using":"xpath","value":"//*[@id=\"application-manageyards-display-component---NewYard--addressEditDetailsCurrency-arrow\"]"}
COMMAND: POST /session/be9a23df4294472c3cbe97a105488dd6/element/f.6CFE3FC8FA908A587831E8FD5FC52521.d.A97E5BAB9D01609B9DBCBED77E220B47.e.791/click - {}
RESULT: {}
COMMAND: POST /session/be9a23df4294472c3cbe97a105488dd6/element - {"using":"xpath","value":"//span[contains(text(), \"Euro\")]"}
COMMAND: GET /session/be9a23df4294472c3cbe97a105488dd6/screenshot - {}
RESULT: {"using":"xpath","value":"//span[contains(text(), \"Euro\")]"}
COMMAND: POST /session/be9a23df4294472c3cbe97a105488dd6/element/f.6CFE3FC8FA908A587831E8FD5FC52521.d.A97E5BAB9D01609B9DBCBED77E220B47.e.792/click - {}
RESULT: {}
RESULT: {}
COMMAND: POST /session/be9a23df4294472c3cbe97a105488dd6/execute/async - {"script":"<script> [1562 bytes]","args":[{"selector":{"controlType":"sap.m.Input","viewName":"etm.portal.ui.manageyards.view.New","viewId":"application-manageyards-display-component---NewYard","bindingPath":{"path":"","propertyPath":"/CONTROLLING_AREA","modelName":"NewYardModel"},"interaction":{"idSuffix":"inner"}},"wdio_ui5_key":"etmportal.ui.manageyards.view.Newsap.m.Input{\"path\":\"\",\"propertyPath\":\"/CONTROLLING_AREA\",\"modelName\":\"NewYardModel\"}"}]}
COMMAND: GET /session/be9a23df4294472c3cbe97a105488dd6/screenshot - {}
RESULT: {"script":"<script> [1562 bytes]","args":[{"selector":{"controlType":"sap.m.Input","viewName":"etm.portal.ui.manageyards.view.New","viewId":"application-manageyards-display-component---NewYard","bindingPath":{"path":"","propertyPath":"/CONTROLLING_AREA","modelName":"NewYardModel"},"interaction":{"idSuffix":"inner"}},"wdio_ui5_key":"etmportal.ui.manageyards.view.Newsap.m.Input{\"path\":\"\",\"propertyPath\":\"/CONTROLLING_AREA\",\"modelName\":\"NewYardModel\"}"}]}
RESULT: undefined
COMMAND: POST /session/be9a23df4294472c3cbe97a105488dd6/execute/async - {"script":"<script> [776 bytes]","args":[{"enterText":"Z001","selector":{"controlType":"sap.m.Input","viewName":"etm.portal.ui.manageyards.view.New","viewId":"application-manageyards-display-component---NewYard","bindingPath":{"path":"","propertyPath":"/CONTROLLING_AREA","modelName":"NewYardModel"},"interaction":{"idSuffix":"inner"}},"clearTextFirst":true,"interactionType":"ENTER_TEXT"}]}
RESULT: {}
RESULT: {"script":"<script> [776 bytes]","args":[{"enterText":"Z001","selector":{"controlType":"sap.m.Input","viewName":"etm.portal.ui.manageyards.view.New","viewId":"application-manageyards-display-component---NewYard","bindingPath":{"path":"","propertyPath":"/CONTROLLING_AREA","modelName":"NewYardModel"},"interaction":{"idSuffix":"inner"}},"clearTextFirst":true,"interactionType":"ENTER_TEXT"}]}
COMMAND: POST /session/be9a23df4294472c3cbe97a105488dd6/execute/async - {"script":"<script> [1562 bytes]","args":[{"selector":{"id":"application-manageyards-display-component---NewYard--companyCodeComboBox","interaction":{"idSuffix":"inner"}},"wdio_ui5_key":"applicationmanageyards-display-component---NewYard--companyCodeComboBox"}]}
RESULT: {"script":"<script> [1562 bytes]","args":[{"selector":{"id":"application-manageyards-display-component---NewYard--companyCodeComboBox","interaction":{"idSuffix":"inner"}},"wdio_ui5_key":"applicationmanageyards-display-component---NewYard--companyCodeComboBox"}]}
RESULT: undefined
COMMAND: POST /session/be9a23df4294472c3cbe97a105488dd6/execute/async - {"script":"<script> [776 bytes]","args":[{"enterText":"1000","selector":{"id":"application-manageyards-display-component---NewYard--companyCodeComboBox","interaction":{"idSuffix":"inner"}},"clearTextFirst":true,"interactionType":"ENTER_TEXT"}]}
RESULT: {"script":"<script> [776 bytes]","args":[{"enterText":"1000","selector":{"id":"application-manageyards-display-component---NewYard--companyCodeComboBox","interaction":{"idSuffix":"inner"}},"clearTextFirst":true,"interactionType":"ENTER_TEXT"}]}
COMMAND: POST /session/be9a23df4294472c3cbe97a105488dd6/execute/async - {"script":"<script> [1562 bytes]","args":[{"selector":{"controlType":"sap.m.Input","viewName":"etm.portal.ui.manageyards.view.New","viewId":"application-manageyards-display-component---NewYard","bindingPath":{"path":"","propertyPath":"/PLANT","modelName":"NewYardModel"},"interaction":{"idSuffix":"inner"}},"wdio_ui5_key":"etmportal.ui.manageyards.view.Newsap.m.Input{\"path\":\"\",\"propertyPath\":\"/PLANT\",\"modelName\":\"NewYardModel\"}"}]}
RESULT: {"script":"<script> [1562 bytes]","args":[{"selector":{"controlType":"sap.m.Input","viewName":"etm.portal.ui.manageyards.view.New","viewId":"application-manageyards-display-component---NewYard","bindingPath":{"path":"","propertyPath":"/PLANT","modelName":"NewYardModel"},"interaction":{"idSuffix":"inner"}},"wdio_ui5_key":"etmportal.ui.manageyards.view.Newsap.m.Input{\"path\":\"\",\"propertyPath\":\"/PLANT\",\"modelName\":\"NewYardModel\"}"}]}
RESULT: undefined
COMMAND: POST /session/be9a23df4294472c3cbe97a105488dd6/execute/async - {"script":"<script> [776 bytes]","args":[{"enterText":"1001","selector":{"controlType":"sap.m.Input","viewName":"etm.portal.ui.manageyards.view.New","viewId":"application-manageyards-display-component---NewYard","bindingPath":{"path":"","propertyPath":"/PLANT","modelName":"NewYardModel"},"interaction":{"idSuffix":"inner"}},"clearTextFirst":true,"interactionType":"ENTER_TEXT"}]}
RESULT: {"script":"<script> [776 bytes]","args":[{"enterText":"1001","selector":{"controlType":"sap.m.Input","viewName":"etm.portal.ui.manageyards.view.New","viewId":"application-manageyards-display-component---NewYard","bindingPath":{"path":"","propertyPath":"/PLANT","modelName":"NewYardModel"},"interaction":{"idSuffix":"inner"}},"clearTextFirst":true,"interactionType":"ENTER_TEXT"}]}
COMMAND: POST /session/be9a23df4294472c3cbe97a105488dd6/execute/async - {"script":"<script> [1562 bytes]","args":[{"selector":{"controlType":"sap.m.Input","viewName":"etm.portal.ui.manageyards.view.New","viewId":"application-manageyards-display-component---NewYard","bindingPath":{"path":"","propertyPath":"/SALES_AREA_VKORG","modelName":"NewYardModel"},"interaction":{"idSuffix":"inner"}},"wdio_ui5_key":"etmportal.ui.manageyards.view.Newsap.m.Input{\"path\":\"\",\"propertyPath\":\"/SALES_AREA_VKORG\",\"modelName\":\"NewYardModel\"}"}]}
RESULT: {"script":"<script> [1562 bytes]","args":[{"selector":{"controlType":"sap.m.Input","viewName":"etm.portal.ui.manageyards.view.New","viewId":"application-manageyards-display-component---NewYard","bindingPath":{"path":"","propertyPath":"/SALES_AREA_VKORG","modelName":"NewYardModel"},"interaction":{"idSuffix":"inner"}},"wdio_ui5_key":"etmportal.ui.manageyards.view.Newsap.m.Input{\"path\":\"\",\"propertyPath\":\"/SALES_AREA_VKORG\",\"modelName\":\"NewYardModel\"}"}]}
RESULT: undefined
COMMAND: POST /session/be9a23df4294472c3cbe97a105488dd6/execute/async - {"script":"<script> [776 bytes]","args":[{"enterText":"C002","selector":{"controlType":"sap.m.Input","viewName":"etm.portal.ui.manageyards.view.New","viewId":"application-manageyards-display-component---NewYard","bindingPath":{"path":"","propertyPath":"/SALES_AREA_VKORG","modelName":"NewYardModel"},"interaction":{"idSuffix":"inner"}},"clearTextFirst":true,"interactionType":"ENTER_TEXT"}]}
RESULT: {"script":"<script> [776 bytes]","args":[{"enterText":"C002","selector":{"controlType":"sap.m.Input","viewName":"etm.portal.ui.manageyards.view.New","viewId":"application-manageyards-display-component---NewYard","bindingPath":{"path":"","propertyPath":"/SALES_AREA_VKORG","modelName":"NewYardModel"},"interaction":{"idSuffix":"inner"}},"clearTextFirst":true,"interactionType":"ENTER_TEXT"}]}
COMMAND: POST /session/be9a23df4294472c3cbe97a105488dd6/execute/async - {"script":"<script> [1562 bytes]","args":[{"selector":{"controlType":"sap.m.Input","viewName":"etm.portal.ui.manageyards.view.New","viewId":"application-manageyards-display-component---NewYard","bindingPath":{"path":"","propertyPath":"/SALES_AREA_VTWEG","modelName":"NewYardModel"},"interaction":{"idSuffix":"inner"}},"wdio_ui5_key":"etmportal.ui.manageyards.view.Newsap.m.Input{\"path\":\"\",\"propertyPath\":\"/SALES_AREA_VTWEG\",\"modelName\":\"NewYardModel\"}"}]}
RESULT: {"script":"<script> [1562 bytes]","args":[{"selector":{"controlType":"sap.m.Input","viewName":"etm.portal.ui.manageyards.view.New","viewId":"application-manageyards-display-component---NewYard","bindingPath":{"path":"","propertyPath":"/SALES_AREA_VTWEG","modelName":"NewYardModel"},"interaction":{"idSuffix":"inner"}},"wdio_ui5_key":"etmportal.ui.manageyards.view.Newsap.m.Input{\"path\":\"\",\"propertyPath\":\"/SALES_AREA_VTWEG\",\"modelName\":\"NewYardModel\"}"}]}
RESULT: undefined
COMMAND: POST /session/be9a23df4294472c3cbe97a105488dd6/execute/async - {"script":"<script> [776 bytes]","args":[{"enterText":"C2","selector":{"controlType":"sap.m.Input","viewName":"etm.portal.ui.manageyards.view.New","viewId":"application-manageyards-display-component---NewYard","bindingPath":{"path":"","propertyPath":"/SALES_AREA_VTWEG","modelName":"NewYardModel"},"interaction":{"idSuffix":"inner"}},"clearTextFirst":true,"interactionType":"ENTER_TEXT"}]}
RESULT: {"script":"<script> [776 bytes]","args":[{"enterText":"C2","selector":{"controlType":"sap.m.Input","viewName":"etm.portal.ui.manageyards.view.New","viewId":"application-manageyards-display-component---NewYard","bindingPath":{"path":"","propertyPath":"/SALES_AREA_VTWEG","modelName":"NewYardModel"},"interaction":{"idSuffix":"inner"}},"clearTextFirst":true,"interactionType":"ENTER_TEXT"}]}
COMMAND: POST /session/be9a23df4294472c3cbe97a105488dd6/execute/async - {"script":"<script> [1562 bytes]","args":[{"selector":{"controlType":"sap.m.Input","viewName":"etm.portal.ui.manageyards.view.New","viewId":"application-manageyards-display-component---NewYard","bindingPath":{"path":"","propertyPath":"/SALES_AREA_SPART","modelName":"NewYardModel"},"interaction":{"idSuffix":"inner"}},"wdio_ui5_key":"etmportal.ui.manageyards.view.Newsap.m.Input{\"path\":\"\",\"propertyPath\":\"/SALES_AREA_SPART\",\"modelName\":\"NewYardModel\"}"}]}
RESULT: {"script":"<script> [1562 bytes]","args":[{"selector":{"controlType":"sap.m.Input","viewName":"etm.portal.ui.manageyards.view.New","viewId":"application-manageyards-display-component---NewYard","bindingPath":{"path":"","propertyPath":"/SALES_AREA_SPART","modelName":"NewYardModel"},"interaction":{"idSuffix":"inner"}},"wdio_ui5_key":"etmportal.ui.manageyards.view.Newsap.m.Input{\"path\":\"\",\"propertyPath\":\"/SALES_AREA_SPART\",\"modelName\":\"NewYardModel\"}"}]}
RESULT: undefined
COMMAND: POST /session/be9a23df4294472c3cbe97a105488dd6/execute/async - {"script":"<script> [776 bytes]","args":[{"enterText":"C2","selector":{"controlType":"sap.m.Input","viewName":"etm.portal.ui.manageyards.view.New","viewId":"application-manageyards-display-component---NewYard","bindingPath":{"path":"","propertyPath":"/SALES_AREA_SPART","modelName":"NewYardModel"},"interaction":{"idSuffix":"inner"}},"clearTextFirst":true,"interactionType":"ENTER_TEXT"}]}
RESULT: {"script":"<script> [776 bytes]","args":[{"enterText":"C2","selector":{"controlType":"sap.m.Input","viewName":"etm.portal.ui.manageyards.view.New","viewId":"application-manageyards-display-component---NewYard","bindingPath":{"path":"","propertyPath":"/SALES_AREA_SPART","modelName":"NewYardModel"},"interaction":{"idSuffix":"inner"}},"clearTextFirst":true,"interactionType":"ENTER_TEXT"}]}
COMMAND: POST /session/be9a23df4294472c3cbe97a105488dd6/execute/async - {"script":"<script> [1562 bytes]","args":[{"selector":{"controlType":"sap.m.Input","viewName":"etm.portal.ui.manageyards.view.New","viewId":"application-manageyards-display-component---NewYard","bindingPath":{"path":"","propertyPath":"/SHIP_POINT","modelName":"NewYardModel"},"interaction":{"idSuffix":"inner"}},"wdio_ui5_key":"etmportal.ui.manageyards.view.Newsap.m.Input{\"path\":\"\",\"propertyPath\":\"/SHIP_POINT\",\"modelName\":\"NewYardModel\"}"}]}
RESULT: {"script":"<script> [1562 bytes]","args":[{"selector":{"controlType":"sap.m.Input","viewName":"etm.portal.ui.manageyards.view.New","viewId":"application-manageyards-display-component---NewYard","bindingPath":{"path":"","propertyPath":"/SHIP_POINT","modelName":"NewYardModel"},"interaction":{"idSuffix":"inner"}},"wdio_ui5_key":"etmportal.ui.manageyards.view.Newsap.m.Input{\"path\":\"\",\"propertyPath\":\"/SHIP_POINT\",\"modelName\":\"NewYardModel\"}"}]}
RESULT: undefined
COMMAND: POST /session/be9a23df4294472c3cbe97a105488dd6/execute/async - {"script":"<script> [776 bytes]","args":[{"enterText":"1710","selector":{"controlType":"sap.m.Input","viewName":"etm.portal.ui.manageyards.view.New","viewId":"application-manageyards-display-component---NewYard","bindingPath":{"path":"","propertyPath":"/SHIP_POINT","modelName":"NewYardModel"},"interaction":{"idSuffix":"inner"}},"clearTextFirst":true,"interactionType":"ENTER_TEXT"}]}
RESULT: {"script":"<script> [776 bytes]","args":[{"enterText":"1710","selector":{"controlType":"sap.m.Input","viewName":"etm.portal.ui.manageyards.view.New","viewId":"application-manageyards-display-component---NewYard","bindingPath":{"path":"","propertyPath":"/SHIP_POINT","modelName":"NewYardModel"},"interaction":{"idSuffix":"inner"}},"clearTextFirst":true,"interactionType":"ENTER_TEXT"}]}
COMMAND: POST /session/be9a23df4294472c3cbe97a105488dd6/execute/async - {"script":"<script> [1562 bytes]","args":[{"selector":{"controlType":"sap.m.Input","viewName":"etm.portal.ui.manageyards.view.New","viewId":"application-manageyards-display-component---NewYard","bindingPath":{"path":"","propertyPath":"/DELIVERY_TYPE","modelName":"NewYardModel"},"interaction":{"idSuffix":"inner"}},"wdio_ui5_key":"etmportal.ui.manageyards.view.Newsap.m.Input{\"path\":\"\",\"propertyPath\":\"/DELIVERY_TYPE\",\"modelName\":\"NewYardModel\"}"}]}
RESULT: {"script":"<script> [1562 bytes]","args":[{"selector":{"controlType":"sap.m.Input","viewName":"etm.portal.ui.manageyards.view.New","viewId":"application-manageyards-display-component---NewYard","bindingPath":{"path":"","propertyPath":"/DELIVERY_TYPE","modelName":"NewYardModel"},"interaction":{"idSuffix":"inner"}},"wdio_ui5_key":"etmportal.ui.manageyards.view.Newsap.m.Input{\"path\":\"\",\"propertyPath\":\"/DELIVERY_TYPE\",\"modelName\":\"NewYardModel\"}"}]}
RESULT: undefined
COMMAND: POST /session/be9a23df4294472c3cbe97a105488dd6/execute/async - {"script":"<script> [776 bytes]","args":[{"enterText":"ZL01","selector":{"controlType":"sap.m.Input","viewName":"etm.portal.ui.manageyards.view.New","viewId":"application-manageyards-display-component---NewYard","bindingPath":{"path":"","propertyPath":"/DELIVERY_TYPE","modelName":"NewYardModel"},"interaction":{"idSuffix":"inner"}},"clearTextFirst":true,"interactionType":"ENTER_TEXT"}]}
RESULT: {"script":"<script> [776 bytes]","args":[{"enterText":"ZL01","selector":{"controlType":"sap.m.Input","viewName":"etm.portal.ui.manageyards.view.New","viewId":"application-manageyards-display-component---NewYard","bindingPath":{"path":"","propertyPath":"/DELIVERY_TYPE","modelName":"NewYardModel"},"interaction":{"idSuffix":"inner"}},"clearTextFirst":true,"interactionType":"ENTER_TEXT"}]}
COMMAND: POST /session/be9a23df4294472c3cbe97a105488dd6/execute/async - {"script":"<script> [1562 bytes]","args":[{"selector":{"controlType":"sap.m.Input","viewName":"etm.portal.ui.manageyards.view.New","viewId":"application-manageyards-display-component---NewYard","bindingPath":{"path":"","propertyPath":"/AUART","modelName":"NewYardModel"},"interaction":{"idSuffix":"inner"}},"wdio_ui5_key":"etmportal.ui.manageyards.view.Newsap.m.Input{\"path\":\"\",\"propertyPath\":\"/AUART\",\"modelName\":\"NewYardModel\"}"}]}
RESULT: {"script":"<script> [1562 bytes]","args":[{"selector":{"controlType":"sap.m.Input","viewName":"etm.portal.ui.manageyards.view.New","viewId":"application-manageyards-display-component---NewYard","bindingPath":{"path":"","propertyPath":"/AUART","modelName":"NewYardModel"},"interaction":{"idSuffix":"inner"}},"wdio_ui5_key":"etmportal.ui.manageyards.view.Newsap.m.Input{\"path\":\"\",\"propertyPath\":\"/AUART\",\"modelName\":\"NewYardModel\"}"}]}
RESULT: undefined
COMMAND: POST /session/be9a23df4294472c3cbe97a105488dd6/execute/async - {"script":"<script> [776 bytes]","args":[{"enterText":"TA","selector":{"controlType":"sap.m.Input","viewName":"etm.portal.ui.manageyards.view.New","viewId":"application-manageyards-display-component---NewYard","bindingPath":{"path":"","propertyPath":"/AUART","modelName":"NewYardModel"},"interaction":{"idSuffix":"inner"}},"clearTextFirst":true,"interactionType":"ENTER_TEXT"}]}
RESULT: {"script":"<script> [776 bytes]","args":[{"enterText":"TA","selector":{"controlType":"sap.m.Input","viewName":"etm.portal.ui.manageyards.view.New","viewId":"application-manageyards-display-component---NewYard","bindingPath":{"path":"","propertyPath":"/AUART","modelName":"NewYardModel"},"interaction":{"idSuffix":"inner"}},"clearTextFirst":true,"interactionType":"ENTER_TEXT"}]}
COMMAND: POST /session/be9a23df4294472c3cbe97a105488dd6/element - {"using":"xpath","value":"//button[@data-kt=\"newYardSaveButton\"]"}
RESULT: {"using":"xpath","value":"//button[@data-kt=\"newYardSaveButton\"]"}
COMMAND: POST /session/be9a23df4294472c3cbe97a105488dd6/element/f.6CFE3FC8FA908A587831E8FD5FC52521.d.A97E5BAB9D01609B9DBCBED77E220B47.e.703/click - {}
RESULT: {}
COMMAND: GET /session/be9a23df4294472c3cbe97a105488dd6/screenshot - {}
RESULT: {}
COMMAND: POST /session/be9a23df4294472c3cbe97a105488dd6/element - {"using":"xpath","value":"//header[contains(@id, 'ObjectPageLayout-headerTitle')]/div[1]/div[2]/div[1]/span[1]"}
RESULT: {"using":"xpath","value":"//header[contains(@id, 'ObjectPageLayout-headerTitle')]/div[1]/div[2]/div[1]/span[1]"}
COMMAND: POST /session/be9a23df4294472c3cbe97a105488dd6/elements - {"using":"xpath","value":"//header[contains(@id, 'ObjectPageLayout-headerTitle')]/div[1]/div[2]/div[1]/span[1]"}
RESULT: {"using":"xpath","value":"//header[contains(@id, 'ObjectPageLayout-headerTitle')]/div[1]/div[2]/div[1]/span[1]"}
COMMAND: POST /session/be9a23df4294472c3cbe97a105488dd6/execute/sync - {"script":"<script> [56 bytes]","args":[{"element-6066-11e4-a52e-4f735466cecf":"f.6CFE3FC8FA908A587831E8FD5FC52521.d.A97E5BAB9D01609B9DBCBED77E220B47.e.1013","ELEMENT":"f.6CFE3FC8FA908A587831E8FD5FC52521.d.A97E5BAB9D01609B9DBCBED77E220B47.e.1013"}]}
RESULT: {"script":"<script> [56 bytes]","args":[{"element-6066-11e4-a52e-4f735466cecf":"f.6CFE3FC8FA908A587831E8FD5FC52521.d.A97E5BAB9D01609B9DBCBED77E220B47.e.1013","ELEMENT":"f.6CFE3FC8FA908A587831E8FD5FC52521.d.A97E5BAB9D01609B9DBCBED77E220B47.e.1013"}]}
COMMAND: GET /session/be9a23df4294472c3cbe97a105488dd6/screenshot - {}
RESULT: {}
COMMAND: POST /session/be9a23df4294472c3cbe97a105488dd6/element - {"using":"css selector","value":"#shell-header-logo"}
RESULT: {"using":"css selector","value":"#shell-header-logo"}
COMMAND: POST /session/be9a23df4294472c3cbe97a105488dd6/element/f.6CFE3FC8FA908A587831E8FD5FC52521.d.A97E5BAB9D01609B9DBCBED77E220B47.e.264/click - {}
RESULT: {}
COMMAND: GET /session/be9a23df4294472c3cbe97a105488dd6/screenshot - {}
RESULT: {}
COMMAND: POST /session/be9a23df4294472c3cbe97a105488dd6/execute/sync - {"script":"<script> [299 bytes]","args":[["getModel","getResource"]]}
RESULT: {"script":"<script> [299 bytes]","args":[["getModel","getResource"]]}
COMMAND: GET /session/be9a23df4294472c3cbe97a105488dd6/screenshot - {}
]]></system-out>
    </testcase>
    <testcase classname="chrome.136_0_7103_93.windows.Billing_confirm_US117289" name="Should create a new partner" time="130.759">
      <system-out><![CDATA[
COMMAND: POST /session/be9a23df4294472c3cbe97a105488dd6/window/fullscreen - {}
RESULT: {}
RESULT: {}
COMMAND: POST /session/be9a23df4294472c3cbe97a105488dd6/execute/async - {"script":"<script> [1562 bytes]","args":[{"selector":{"controlType":"sap.m.GenericTile","properties":{"header":"Manage Partners"}},"wdio_ui5_key":"sapm.GenericTile{\"header\":\"Manage Partners\"}"}]}
RESULT: {"script":"<script> [1562 bytes]","args":[{"selector":{"controlType":"sap.m.GenericTile","properties":{"header":"Manage Partners"}},"wdio_ui5_key":"sapm.GenericTile{\"header\":\"Manage Partners\"}"}]}
RESULT: undefined
COMMAND: POST /session/be9a23df4294472c3cbe97a105488dd6/element - {"using":"xpath","value":"//*[@id=\"__tile38\"]"}
RESULT: {"using":"xpath","value":"//*[@id=\"__tile38\"]"}
COMMAND: POST /session/be9a23df4294472c3cbe97a105488dd6/element/f.6CFE3FC8FA908A587831E8FD5FC52521.d.A97E5BAB9D01609B9DBCBED77E220B47.e.151/click - {}
RESULT: {}
COMMAND: GET /session/be9a23df4294472c3cbe97a105488dd6/screenshot - {}
RESULT: {}
COMMAND: POST /session/be9a23df4294472c3cbe97a105488dd6/elements - {"using":"xpath","value":"//span[text()='Error']"}
RESULT: {"using":"xpath","value":"//span[text()='Error']"}
COMMAND: POST /session/be9a23df4294472c3cbe97a105488dd6/element - {"using":"xpath","value":"//button[@data-kt=\"addButton\"]"}
RESULT: {"using":"xpath","value":"//button[@data-kt=\"addButton\"]"}
COMMAND: POST /session/be9a23df4294472c3cbe97a105488dd6/elements - {"using":"xpath","value":"//button[@data-kt=\"addButton\"]"}
RESULT: {"using":"xpath","value":"//button[@data-kt=\"addButton\"]"}
COMMAND: POST /session/be9a23df4294472c3cbe97a105488dd6/execute/sync - {"script":"<script> [8489 bytes]","args":[{"element-6066-11e4-a52e-4f735466cecf":"f.6CFE3FC8FA908A587831E8FD5FC52521.d.A97E5BAB9D01609B9DBCBED77E220B47.e.1061","ELEMENT":"f.6CFE3FC8FA908A587831E8FD5FC52521.d.A97E5BAB9D01609B9DBCBED77E220B47.e.1061"}]}
RESULT: {"script":"<script> [8489 bytes]","args":[{"element-6066-11e4-a52e-4f735466cecf":"f.6CFE3FC8FA908A587831E8FD5FC52521.d.A97E5BAB9D01609B9DBCBED77E220B47.e.1061","ELEMENT":"f.6CFE3FC8FA908A587831E8FD5FC52521.d.A97E5BAB9D01609B9DBCBED77E220B47.e.1061"}]}
COMMAND: GET /session/be9a23df4294472c3cbe97a105488dd6/element/f.6CFE3FC8FA908A587831E8FD5FC52521.d.A97E5BAB9D01609B9DBCBED77E220B47.e.1061/enabled - {}
COMMAND: GET /session/be9a23df4294472c3cbe97a105488dd6/screenshot - {}
RESULT: {}
COMMAND: POST /session/be9a23df4294472c3cbe97a105488dd6/execute/sync - {"script":"<script> [8489 bytes]","args":[{"element-6066-11e4-a52e-4f735466cecf":"f.6CFE3FC8FA908A587831E8FD5FC52521.d.A97E5BAB9D01609B9DBCBED77E220B47.e.1061","ELEMENT":"f.6CFE3FC8FA908A587831E8FD5FC52521.d.A97E5BAB9D01609B9DBCBED77E220B47.e.1061"}]}
COMMAND: GET /session/be9a23df4294472c3cbe97a105488dd6/screenshot - {}
RESULT: {}
RESULT: {"script":"<script> [8489 bytes]","args":[{"element-6066-11e4-a52e-4f735466cecf":"f.6CFE3FC8FA908A587831E8FD5FC52521.d.A97E5BAB9D01609B9DBCBED77E220B47.e.1061","ELEMENT":"f.6CFE3FC8FA908A587831E8FD5FC52521.d.A97E5BAB9D01609B9DBCBED77E220B47.e.1061"}]}
COMMAND: POST /session/be9a23df4294472c3cbe97a105488dd6/execute/sync - {"script":"<script> [5351 bytes]","args":[{"element-6066-11e4-a52e-4f735466cecf":"f.6CFE3FC8FA908A587831E8FD5FC52521.d.A97E5BAB9D01609B9DBCBED77E220B47.e.1061","ELEMENT":"f.6CFE3FC8FA908A587831E8FD5FC52521.d.A97E5BAB9D01609B9DBCBED77E220B47.e.1061"}]}
COMMAND: GET /session/be9a23df4294472c3cbe97a105488dd6/screenshot - {}
RESULT: {}
RESULT: {"script":"<script> [5351 bytes]","args":[{"element-6066-11e4-a52e-4f735466cecf":"f.6CFE3FC8FA908A587831E8FD5FC52521.d.A97E5BAB9D01609B9DBCBED77E220B47.e.1061","ELEMENT":"f.6CFE3FC8FA908A587831E8FD5FC52521.d.A97E5BAB9D01609B9DBCBED77E220B47.e.1061"}]}
COMMAND: POST /session/be9a23df4294472c3cbe97a105488dd6/element/f.6CFE3FC8FA908A587831E8FD5FC52521.d.A97E5BAB9D01609B9DBCBED77E220B47.e.1061/click - {}
COMMAND: GET /session/be9a23df4294472c3cbe97a105488dd6/screenshot - {}
RESULT: {}
RESULT: {}
COMMAND: GET /session/be9a23df4294472c3cbe97a105488dd6/screenshot - {}
COMMAND: POST /session/be9a23df4294472c3cbe97a105488dd6/execute/async - {"script":"<script> [1562 bytes]","args":[{"selector":{"id":"application-managepartners-display-component---NewPartner--addressDetailDetailsName1","interaction":{"idSuffix":"inner"}},"wdio_ui5_key":"applicationmanagepartners-display-component---NewPartner--addressDetailDetailsName1"}]}
RESULT: {}
RESULT: {}
RESULT: {"script":"<script> [1562 bytes]","args":[{"selector":{"id":"application-managepartners-display-component---NewPartner--addressDetailDetailsName1","interaction":{"idSuffix":"inner"}},"wdio_ui5_key":"applicationmanagepartners-display-component---NewPartner--addressDetailDetailsName1"}]}
RESULT: undefined
COMMAND: POST /session/be9a23df4294472c3cbe97a105488dd6/execute/async - {"script":"<script> [776 bytes]","args":[{"enterText":"Intracompany Partner WDIO","selector":{"id":"application-managepartners-display-component---NewPartner--addressDetailDetailsName1","interaction":{"idSuffix":"inner"}},"clearTextFirst":true,"interactionType":"ENTER_TEXT"}]}
RESULT: {"script":"<script> [776 bytes]","args":[{"enterText":"Intracompany Partner WDIO","selector":{"id":"application-managepartners-display-component---NewPartner--addressDetailDetailsName1","interaction":{"idSuffix":"inner"}},"clearTextFirst":true,"interactionType":"ENTER_TEXT"}]}
COMMAND: POST /session/be9a23df4294472c3cbe97a105488dd6/execute/async - {"script":"<script> [1562 bytes]","args":[{"selector":{"id":"application-managepartners-display-component---NewPartner--addressDetailDetailsLanguage-arrow"},"wdio_ui5_key":"applicationmanagepartners-display-component---NewPartner--addressDetailDetailsLanguage-arrow"}]}
RESULT: {"script":"<script> [1562 bytes]","args":[{"selector":{"id":"application-managepartners-display-component---NewPartner--addressDetailDetailsLanguage-arrow"},"wdio_ui5_key":"applicationmanagepartners-display-component---NewPartner--addressDetailDetailsLanguage-arrow"}]}
RESULT: undefined
COMMAND: POST /session/be9a23df4294472c3cbe97a105488dd6/element - {"using":"xpath","value":"//*[@id=\"application-managepartners-display-component---NewPartner--addressDetailDetailsLanguage-arrow\"]"}
RESULT: {"using":"xpath","value":"//*[@id=\"application-managepartners-display-component---NewPartner--addressDetailDetailsLanguage-arrow\"]"}
COMMAND: POST /session/be9a23df4294472c3cbe97a105488dd6/element/f.6CFE3FC8FA908A587831E8FD5FC52521.d.A97E5BAB9D01609B9DBCBED77E220B47.e.1504/click - {}
RESULT: {}
COMMAND: POST /session/be9a23df4294472c3cbe97a105488dd6/element - {"using":"xpath","value":"//span[contains(text(), \"English\")]"}
COMMAND: GET /session/be9a23df4294472c3cbe97a105488dd6/screenshot - {}
RESULT: {"using":"xpath","value":"//span[contains(text(), \"English\")]"}
COMMAND: POST /session/be9a23df4294472c3cbe97a105488dd6/element/f.6CFE3FC8FA908A587831E8FD5FC52521.d.A97E5BAB9D01609B9DBCBED77E220B47.e.1505/click - {}
RESULT: {}
RESULT: {}
COMMAND: GET /session/be9a23df4294472c3cbe97a105488dd6/screenshot - {}
RESULT: {}
COMMAND: POST /session/be9a23df4294472c3cbe97a105488dd6/execute/async - {"script":"<script> [1562 bytes]","args":[{"selector":{"id":"application-managepartners-display-component---NewPartner--addressDetailDetailsCity1","interaction":{"idSuffix":"inner"}},"wdio_ui5_key":"applicationmanagepartners-display-component---NewPartner--addressDetailDetailsCity1"}]}
RESULT: {"script":"<script> [1562 bytes]","args":[{"selector":{"id":"application-managepartners-display-component---NewPartner--addressDetailDetailsCity1","interaction":{"idSuffix":"inner"}},"wdio_ui5_key":"applicationmanagepartners-display-component---NewPartner--addressDetailDetailsCity1"}]}
RESULT: undefined
COMMAND: POST /session/be9a23df4294472c3cbe97a105488dd6/execute/async - {"script":"<script> [776 bytes]","args":[{"enterText":"Rosario","selector":{"id":"application-managepartners-display-component---NewPartner--addressDetailDetailsCity1","interaction":{"idSuffix":"inner"}},"clearTextFirst":true,"interactionType":"ENTER_TEXT"}]}
RESULT: {"script":"<script> [776 bytes]","args":[{"enterText":"Rosario","selector":{"id":"application-managepartners-display-component---NewPartner--addressDetailDetailsCity1","interaction":{"idSuffix":"inner"}},"clearTextFirst":true,"interactionType":"ENTER_TEXT"}]}
COMMAND: POST /session/be9a23df4294472c3cbe97a105488dd6/execute/async - {"script":"<script> [1562 bytes]","args":[{"selector":{"id":"application-managepartners-display-component---NewPartner--addressDetailDetailsCountry-arrow"},"wdio_ui5_key":"applicationmanagepartners-display-component---NewPartner--addressDetailDetailsCountry-arrow"}]}
RESULT: {"script":"<script> [1562 bytes]","args":[{"selector":{"id":"application-managepartners-display-component---NewPartner--addressDetailDetailsCountry-arrow"},"wdio_ui5_key":"applicationmanagepartners-display-component---NewPartner--addressDetailDetailsCountry-arrow"}]}
RESULT: undefined
COMMAND: POST /session/be9a23df4294472c3cbe97a105488dd6/element - {"using":"xpath","value":"//*[@id=\"application-managepartners-display-component---NewPartner--addressDetailDetailsCountry-arrow\"]"}
RESULT: {"using":"xpath","value":"//*[@id=\"application-managepartners-display-component---NewPartner--addressDetailDetailsCountry-arrow\"]"}
COMMAND: POST /session/be9a23df4294472c3cbe97a105488dd6/element/f.6CFE3FC8FA908A587831E8FD5FC52521.d.A97E5BAB9D01609B9DBCBED77E220B47.e.1491/click - {}
RESULT: {}
COMMAND: POST /session/be9a23df4294472c3cbe97a105488dd6/element - {"using":"xpath","value":"//span[contains(text(), \"Argentina\")]"}
COMMAND: GET /session/be9a23df4294472c3cbe97a105488dd6/screenshot - {}
RESULT: {"using":"xpath","value":"//span[contains(text(), \"Argentina\")]"}
COMMAND: POST /session/be9a23df4294472c3cbe97a105488dd6/element/f.6CFE3FC8FA908A587831E8FD5FC52521.d.A97E5BAB9D01609B9DBCBED77E220B47.e.1507/click - {}
RESULT: {}
RESULT: {}
COMMAND: GET /session/be9a23df4294472c3cbe97a105488dd6/screenshot - {}
RESULT: {}
COMMAND: POST /session/be9a23df4294472c3cbe97a105488dd6/element - {"using":"xpath","value":"//bdi[contains(text(), \"Commercial\")]"}
RESULT: {"using":"xpath","value":"//bdi[contains(text(), \"Commercial\")]"}
COMMAND: POST /session/be9a23df4294472c3cbe97a105488dd6/element/f.6CFE3FC8FA908A587831E8FD5FC52521.d.A97E5BAB9D01609B9DBCBED77E220B47.e.1508/click - {}
RESULT: {}
COMMAND: GET /session/be9a23df4294472c3cbe97a105488dd6/screenshot - {}
RESULT: {}
COMMAND: POST /session/be9a23df4294472c3cbe97a105488dd6/execute/async - {"script":"<script> [1562 bytes]","args":[{"selector":{"id":"application-managepartners-display-component---NewPartner--partnerDetailInternal-arrow"},"wdio_ui5_key":"applicationmanagepartners-display-component---NewPartner--partnerDetailInternal-arrow"}]}
RESULT: {"script":"<script> [1562 bytes]","args":[{"selector":{"id":"application-managepartners-display-component---NewPartner--partnerDetailInternal-arrow"},"wdio_ui5_key":"applicationmanagepartners-display-component---NewPartner--partnerDetailInternal-arrow"}]}
RESULT: undefined
COMMAND: POST /session/be9a23df4294472c3cbe97a105488dd6/element - {"using":"xpath","value":"//*[@id=\"application-managepartners-display-component---NewPartner--partnerDetailInternal-arrow\"]"}
RESULT: {"using":"xpath","value":"//*[@id=\"application-managepartners-display-component---NewPartner--partnerDetailInternal-arrow\"]"}
COMMAND: POST /session/be9a23df4294472c3cbe97a105488dd6/element/f.6CFE3FC8FA908A587831E8FD5FC52521.d.A97E5BAB9D01609B9DBCBED77E220B47.e.1514/click - {}
RESULT: {}
COMMAND: POST /session/be9a23df4294472c3cbe97a105488dd6/element - {"using":"xpath","value":"//span[contains(text(), \"Affiliated company\")]"}
COMMAND: GET /session/be9a23df4294472c3cbe97a105488dd6/screenshot - {}
RESULT: {"using":"xpath","value":"//span[contains(text(), \"Affiliated company\")]"}
COMMAND: POST /session/be9a23df4294472c3cbe97a105488dd6/element/f.6CFE3FC8FA908A587831E8FD5FC52521.d.A97E5BAB9D01609B9DBCBED77E220B47.e.1515/click - {}
RESULT: {}
RESULT: {}
COMMAND: POST /session/be9a23df4294472c3cbe97a105488dd6/execute/async - {"script":"<script> [1562 bytes]","args":[{"selector":{"id":"application-managepartners-display-component---NewPartner--partnerDetailsCurrency-arrow"},"wdio_ui5_key":"applicationmanagepartners-display-component---NewPartner--partnerDetailsCurrency-arrow"}]}
COMMAND: GET /session/be9a23df4294472c3cbe97a105488dd6/screenshot - {}
RESULT: {"script":"<script> [1562 bytes]","args":[{"selector":{"id":"application-managepartners-display-component---NewPartner--partnerDetailsCurrency-arrow"},"wdio_ui5_key":"applicationmanagepartners-display-component---NewPartner--partnerDetailsCurrency-arrow"}]}
RESULT: undefined
COMMAND: POST /session/be9a23df4294472c3cbe97a105488dd6/element - {"using":"xpath","value":"//*[@id=\"application-managepartners-display-component---NewPartner--partnerDetailsCurrency-arrow\"]"}
RESULT: {}
RESULT: {"using":"xpath","value":"//*[@id=\"application-managepartners-display-component---NewPartner--partnerDetailsCurrency-arrow\"]"}
COMMAND: POST /session/be9a23df4294472c3cbe97a105488dd6/element/f.6CFE3FC8FA908A587831E8FD5FC52521.d.A97E5BAB9D01609B9DBCBED77E220B47.e.1522/click - {}
RESULT: {}
COMMAND: POST /session/be9a23df4294472c3cbe97a105488dd6/element - {"using":"xpath","value":"//span[contains(text(), \"Euro\")]"}
COMMAND: GET /session/be9a23df4294472c3cbe97a105488dd6/screenshot - {}
RESULT: {"using":"xpath","value":"//span[contains(text(), \"Euro\")]"}
COMMAND: POST /session/be9a23df4294472c3cbe97a105488dd6/element/f.6CFE3FC8FA908A587831E8FD5FC52521.d.A97E5BAB9D01609B9DBCBED77E220B47.e.1523/click - {}
RESULT: {}
RESULT: {}
COMMAND: POST /session/be9a23df4294472c3cbe97a105488dd6/execute/async - {"script":"<script> [1562 bytes]","args":[{"selector":{"id":"application-managepartners-display-component---NewPartner--addressEditDetailsCostObjectCstType-arrow"},"wdio_ui5_key":"applicationmanagepartners-display-component---NewPartner--addressEditDetailsCostObjectCstType-arrow"}]}
COMMAND: GET /session/be9a23df4294472c3cbe97a105488dd6/screenshot - {}
RESULT: {"script":"<script> [1562 bytes]","args":[{"selector":{"id":"application-managepartners-display-component---NewPartner--addressEditDetailsCostObjectCstType-arrow"},"wdio_ui5_key":"applicationmanagepartners-display-component---NewPartner--addressEditDetailsCostObjectCstType-arrow"}]}
RESULT: undefined
COMMAND: POST /session/be9a23df4294472c3cbe97a105488dd6/element - {"using":"xpath","value":"//*[@id=\"application-managepartners-display-component---NewPartner--addressEditDetailsCostObjectCstType-arrow\"]"}
RESULT: {}
RESULT: {"using":"xpath","value":"//*[@id=\"application-managepartners-display-component---NewPartner--addressEditDetailsCostObjectCstType-arrow\"]"}
COMMAND: POST /session/be9a23df4294472c3cbe97a105488dd6/element/f.6CFE3FC8FA908A587831E8FD5FC52521.d.A97E5BAB9D01609B9DBCBED77E220B47.e.1524/click - {}
RESULT: {}
COMMAND: POST /session/be9a23df4294472c3cbe97a105488dd6/element - {"using":"xpath","value":"//span[contains(text(), \"Cost Center\")]"}
COMMAND: GET /session/be9a23df4294472c3cbe97a105488dd6/screenshot - {}
RESULT: {"using":"xpath","value":"//span[contains(text(), \"Cost Center\")]"}
COMMAND: POST /session/be9a23df4294472c3cbe97a105488dd6/element/f.6CFE3FC8FA908A587831E8FD5FC52521.d.A97E5BAB9D01609B9DBCBED77E220B47.e.1525/click - {}
RESULT: {}
RESULT: {}
COMMAND: GET /session/be9a23df4294472c3cbe97a105488dd6/screenshot - {}
RESULT: {}
COMMAND: POST /session/be9a23df4294472c3cbe97a105488dd6/element - {"using":"xpath","value":"//span[@id=\"application-managepartners-display-component---NewPartner--addressNewCostObjectCstID-vhi\"]"}
RESULT: {"using":"xpath","value":"//span[@id=\"application-managepartners-display-component---NewPartner--addressNewCostObjectCstID-vhi\"]"}
COMMAND: POST /session/be9a23df4294472c3cbe97a105488dd6/execute/sync - {"script":"<script> [8489 bytes]","args":[{"element-6066-11e4-a52e-4f735466cecf":"f.6CFE3FC8FA908A587831E8FD5FC52521.d.A97E5BAB9D01609B9DBCBED77E220B47.e.1529","ELEMENT":"f.6CFE3FC8FA908A587831E8FD5FC52521.d.A97E5BAB9D01609B9DBCBED77E220B47.e.1529"}]}
RESULT: {"script":"<script> [8489 bytes]","args":[{"element-6066-11e4-a52e-4f735466cecf":"f.6CFE3FC8FA908A587831E8FD5FC52521.d.A97E5BAB9D01609B9DBCBED77E220B47.e.1529","ELEMENT":"f.6CFE3FC8FA908A587831E8FD5FC52521.d.A97E5BAB9D01609B9DBCBED77E220B47.e.1529"}]}
COMMAND: POST /session/be9a23df4294472c3cbe97a105488dd6/execute/async - {"script":"<script> [1562 bytes]","args":[{"selector":{"id":"application-managepartners-display-component---NewPartner--addressNewCostObjectCstID-vhi"},"wdio_ui5_key":"applicationmanagepartners-display-component---NewPartner--addressNewCostObjectCstID-vhi"}]}
COMMAND: GET /session/be9a23df4294472c3cbe97a105488dd6/screenshot - {}
RESULT: {"script":"<script> [1562 bytes]","args":[{"selector":{"id":"application-managepartners-display-component---NewPartner--addressNewCostObjectCstID-vhi"},"wdio_ui5_key":"applicationmanagepartners-display-component---NewPartner--addressNewCostObjectCstID-vhi"}]}
RESULT: undefined
COMMAND: POST /session/be9a23df4294472c3cbe97a105488dd6/element - {"using":"xpath","value":"//*[@id=\"application-managepartners-display-component---NewPartner--addressNewCostObjectCstID-vhi\"]"}
RESULT: {}
RESULT: {"using":"xpath","value":"//*[@id=\"application-managepartners-display-component---NewPartner--addressNewCostObjectCstID-vhi\"]"}
COMMAND: POST /session/be9a23df4294472c3cbe97a105488dd6/element/f.6CFE3FC8FA908A587831E8FD5FC52521.d.A97E5BAB9D01609B9DBCBED77E220B47.e.1529/click - {}
RESULT: {}
COMMAND: GET /session/be9a23df4294472c3cbe97a105488dd6/screenshot - {}
RESULT: {}
RESULT: undefined
COMMAND: POST /session/be9a23df4294472c3cbe97a105488dd6/execute/async - {"script":"<script> [776 bytes]","args":[{"enterText":"10001013","selector":{"controlType":"sap.m.SearchField","properties":{"placeholder":"Search"},"searchOpenDialogs":true,"interaction":{"idSuffix":"I"}},"clearTextFirst":true,"interactionType":"ENTER_TEXT"}]}
RESULT: {"script":"<script> [776 bytes]","args":[{"enterText":"10001013","selector":{"controlType":"sap.m.SearchField","properties":{"placeholder":"Search"},"searchOpenDialogs":true,"interaction":{"idSuffix":"I"}},"clearTextFirst":true,"interactionType":"ENTER_TEXT"}]}
COMMAND: POST /session/be9a23df4294472c3cbe97a105488dd6/actions - {"actions":[{"id":"action2","type":"key","parameters":{},"actions":[{"type":"keyDown","value":""},{"type":"pause","duration":10},{"type":"keyUp","value":""}]}]}
RESULT: {"actions":[{"id":"action2","type":"key","parameters":{},"actions":[{"type":"keyDown","value":""},{"type":"pause","duration":10},{"type":"keyUp","value":""}]}]}
COMMAND: GET /session/be9a23df4294472c3cbe97a105488dd6/screenshot - {}
RESULT: {}
COMMAND: POST /session/be9a23df4294472c3cbe97a105488dd6/element - {"using":"xpath","value":"//span[contains(text(), \"General Management\")]"}
RESULT: {"using":"xpath","value":"//span[contains(text(), \"General Management\")]"}
COMMAND: POST /session/be9a23df4294472c3cbe97a105488dd6/element/f.6CFE3FC8FA908A587831E8FD5FC52521.d.A97E5BAB9D01609B9DBCBED77E220B47.e.1568/click - {}
RESULT: {}
COMMAND: GET /session/be9a23df4294472c3cbe97a105488dd6/screenshot - {}
RESULT: {}
COMMAND: POST /session/be9a23df4294472c3cbe97a105488dd6/element - {"using":"xpath","value":"//bdi[contains(text(), \"OK\")]"}
RESULT: {"using":"xpath","value":"//bdi[contains(text(), \"OK\")]"}
COMMAND: POST /session/be9a23df4294472c3cbe97a105488dd6/element/f.6CFE3FC8FA908A587831E8FD5FC52521.d.A97E5BAB9D01609B9DBCBED77E220B47.e.1569/click - {}
RESULT: {}
COMMAND: GET /session/be9a23df4294472c3cbe97a105488dd6/screenshot - {}
RESULT: {}
COMMAND: POST /session/be9a23df4294472c3cbe97a105488dd6/element - {"using":"xpath","value":"//input[@id=\"application-managepartners-display-component---NewPartner--companyCodeComboBox-inner\"]"}
RESULT: {"using":"xpath","value":"//input[@id=\"application-managepartners-display-component---NewPartner--companyCodeComboBox-inner\"]"}
COMMAND: POST /session/be9a23df4294472c3cbe97a105488dd6/element/f.6CFE3FC8FA908A587831E8FD5FC52521.d.A97E5BAB9D01609B9DBCBED77E220B47.e.1359/clear - {}
RESULT: {}
COMMAND: POST /session/be9a23df4294472c3cbe97a105488dd6/element/f.6CFE3FC8FA908A587831E8FD5FC52521.d.A97E5BAB9D01609B9DBCBED77E220B47.e.1359/value - {"text":"1000"}
COMMAND: GET /session/be9a23df4294472c3cbe97a105488dd6/screenshot - {}
RESULT: {"text":"1000"}
COMMAND: GET /session/be9a23df4294472c3cbe97a105488dd6/screenshot - {}
RESULT: {}
RESULT: {}
COMMAND: POST /session/be9a23df4294472c3cbe97a105488dd6/element - {"using":"xpath","value":"//li[.//span[text()= \"1000\"]]"}
RESULT: {"using":"xpath","value":"//li[.//span[text()= \"1000\"]]"}
COMMAND: POST /session/be9a23df4294472c3cbe97a105488dd6/element/f.6CFE3FC8FA908A587831E8FD5FC52521.d.A97E5BAB9D01609B9DBCBED77E220B47.e.1575/click - {}
RESULT: {}
COMMAND: GET /session/be9a23df4294472c3cbe97a105488dd6/screenshot - {}
RESULT: {}
COMMAND: POST /session/be9a23df4294472c3cbe97a105488dd6/execute/async - {"script":"<script> [1562 bytes]","args":[{"selector":{"id":"application-managepartners-display-component---NewPartner--btnAddTableRow-img"},"wdio_ui5_key":"applicationmanagepartners-display-component---NewPartner--btnAddTableRow-img"}]}
RESULT: {"script":"<script> [1562 bytes]","args":[{"selector":{"id":"application-managepartners-display-component---NewPartner--btnAddTableRow-img"},"wdio_ui5_key":"applicationmanagepartners-display-component---NewPartner--btnAddTableRow-img"}]}
RESULT: undefined
COMMAND: POST /session/be9a23df4294472c3cbe97a105488dd6/element - {"using":"xpath","value":"//*[@id=\"application-managepartners-display-component---NewPartner--btnAddTableRow-img\"]"}
RESULT: {"using":"xpath","value":"//*[@id=\"application-managepartners-display-component---NewPartner--btnAddTableRow-img\"]"}
COMMAND: POST /session/be9a23df4294472c3cbe97a105488dd6/element/f.6CFE3FC8FA908A587831E8FD5FC52521.d.A97E5BAB9D01609B9DBCBED77E220B47.e.1576/click - {}
RESULT: {}
COMMAND: GET /session/be9a23df4294472c3cbe97a105488dd6/screenshot - {}
RESULT: {}
COMMAND: POST /session/be9a23df4294472c3cbe97a105488dd6/element - {"using":"xpath","value":"//input[@id=\"application-managepartners-display-component---NewPartner--assignmentYard-application-managepartners-display-component---NewPartner--assignmentsTable-0-inner\"]"}
RESULT: {"using":"xpath","value":"//input[@id=\"application-managepartners-display-component---NewPartner--assignmentYard-application-managepartners-display-component---NewPartner--assignmentsTable-0-inner\"]"}
COMMAND: POST /session/be9a23df4294472c3cbe97a105488dd6/element/f.6CFE3FC8FA908A587831E8FD5FC52521.d.A97E5BAB9D01609B9DBCBED77E220B47.e.1579/clear - {}
RESULT: {}
COMMAND: POST /session/be9a23df4294472c3cbe97a105488dd6/element/f.6CFE3FC8FA908A587831E8FD5FC52521.d.A97E5BAB9D01609B9DBCBED77E220B47.e.1579/value - {"text":"555"}
COMMAND: GET /session/be9a23df4294472c3cbe97a105488dd6/screenshot - {}
RESULT: {"text":"555"}
COMMAND: GET /session/be9a23df4294472c3cbe97a105488dd6/screenshot - {}
RESULT: {}
RESULT: {}
COMMAND: POST /session/be9a23df4294472c3cbe97a105488dd6/element - {"using":"xpath","value":"//li[.//span[text()='555']]"}
RESULT: {"using":"xpath","value":"//li[.//span[text()='555']]"}
COMMAND: POST /session/be9a23df4294472c3cbe97a105488dd6/element/f.6CFE3FC8FA908A587831E8FD5FC52521.d.A97E5BAB9D01609B9DBCBED77E220B47.e.1588/click - {}
RESULT: {}
COMMAND: GET /session/be9a23df4294472c3cbe97a105488dd6/screenshot - {}
RESULT: {}
COMMAND: POST /session/be9a23df4294472c3cbe97a105488dd6/actions - {"actions":[{"id":"action3","type":"key","parameters":{},"actions":[{"type":"keyDown","value":""},{"type":"pause","duration":10},{"type":"keyUp","value":""}]}]}
RESULT: {"actions":[{"id":"action3","type":"key","parameters":{},"actions":[{"type":"keyDown","value":""},{"type":"pause","duration":10},{"type":"keyUp","value":""}]}]}
COMMAND: POST /session/be9a23df4294472c3cbe97a105488dd6/execute/async - {"script":"<script> [1562 bytes]","args":[{"selector":{"id":"application-managepartners-display-component---NewPartner--externalCustomerComboBox-application-managepartners-display-component---NewPartner--assignmentsTable-0-vhi"},"wdio_ui5_key":"applicationmanagepartners-display-component---NewPartner--externalCustomerComboBox-application-managepartners-display-component---NewPartner--assignmentsTable-0-vhi"}]}
COMMAND: GET /session/be9a23df4294472c3cbe97a105488dd6/screenshot - {}
RESULT: {"script":"<script> [1562 bytes]","args":[{"selector":{"id":"application-managepartners-display-component---NewPartner--externalCustomerComboBox-application-managepartners-display-component---NewPartner--assignmentsTable-0-vhi"},"wdio_ui5_key":"applicationmanagepartners-display-component---NewPartner--externalCustomerComboBox-application-managepartners-display-component---NewPartner--assignmentsTable-0-vhi"}]}
RESULT: undefined
COMMAND: POST /session/be9a23df4294472c3cbe97a105488dd6/element - {"using":"xpath","value":"//*[@id=\"application-managepartners-display-component---NewPartner--externalCustomerComboBox-application-managepartners-display-component---NewPartner--assignmentsTable-0-vhi\"]"}
RESULT: {}
RESULT: {"using":"xpath","value":"//*[@id=\"application-managepartners-display-component---NewPartner--externalCustomerComboBox-application-managepartners-display-component---NewPartner--assignmentsTable-0-vhi\"]"}
COMMAND: POST /session/be9a23df4294472c3cbe97a105488dd6/element/f.6CFE3FC8FA908A587831E8FD5FC52521.d.A97E5BAB9D01609B9DBCBED77E220B47.e.1592/click - {}
RESULT: {}
RESULT: undefined
COMMAND: POST /session/be9a23df4294472c3cbe97a105488dd6/execute/async - {"script":"<script> [776 bytes]","args":[{"enterText":"300003","selector":{"controlType":"sap.m.SearchField","properties":{"placeholder":"Search"},"searchOpenDialogs":true,"interaction":{"idSuffix":"I"}},"clearTextFirst":true,"interactionType":"ENTER_TEXT"}]}
COMMAND: GET /session/be9a23df4294472c3cbe97a105488dd6/screenshot - {}
RESULT: {"script":"<script> [776 bytes]","args":[{"enterText":"300003","selector":{"controlType":"sap.m.SearchField","properties":{"placeholder":"Search"},"searchOpenDialogs":true,"interaction":{"idSuffix":"I"}},"clearTextFirst":true,"interactionType":"ENTER_TEXT"}]}
COMMAND: POST /session/be9a23df4294472c3cbe97a105488dd6/actions - {"actions":[{"id":"action4","type":"key","parameters":{},"actions":[{"type":"keyDown","value":""},{"type":"pause","duration":10},{"type":"keyUp","value":""}]}]}
RESULT: {}
RESULT: {"actions":[{"id":"action4","type":"key","parameters":{},"actions":[{"type":"keyDown","value":""},{"type":"pause","duration":10},{"type":"keyUp","value":""}]}]}
COMMAND: GET /session/be9a23df4294472c3cbe97a105488dd6/screenshot - {}
RESULT: {}
COMMAND: POST /session/be9a23df4294472c3cbe97a105488dd6/element - {"using":"xpath","value":"//span[contains(text(), \"300003\")]"}
RESULT: {"using":"xpath","value":"//span[contains(text(), \"300003\")]"}
COMMAND: POST /session/be9a23df4294472c3cbe97a105488dd6/element/f.6CFE3FC8FA908A587831E8FD5FC52521.d.A97E5BAB9D01609B9DBCBED77E220B47.e.1609/click - {}
RESULT: {}
COMMAND: GET /session/be9a23df4294472c3cbe97a105488dd6/screenshot - {}
RESULT: {}
COMMAND: POST /session/be9a23df4294472c3cbe97a105488dd6/element - {"using":"xpath","value":"//bdi[contains(text(), \"OK\")]"}
RESULT: {"using":"xpath","value":"//bdi[contains(text(), \"OK\")]"}
COMMAND: POST /session/be9a23df4294472c3cbe97a105488dd6/element/f.6CFE3FC8FA908A587831E8FD5FC52521.d.A97E5BAB9D01609B9DBCBED77E220B47.e.1611/click - {}
RESULT: {}
COMMAND: GET /session/be9a23df4294472c3cbe97a105488dd6/screenshot - {}
RESULT: {}
COMMAND: POST /session/be9a23df4294472c3cbe97a105488dd6/execute/async - {"script":"<script> [1562 bytes]","args":[{"selector":{"id":"application-managepartners-display-component---NewPartner--intercompVendorComboBox-application-managepartners-display-component---NewPartner--assignmentsTable-0-vhi"},"wdio_ui5_key":"applicationmanagepartners-display-component---NewPartner--intercompVendorComboBox-application-managepartners-display-component---NewPartner--assignmentsTable-0-vhi"}]}
RESULT: {"script":"<script> [1562 bytes]","args":[{"selector":{"id":"application-managepartners-display-component---NewPartner--intercompVendorComboBox-application-managepartners-display-component---NewPartner--assignmentsTable-0-vhi"},"wdio_ui5_key":"applicationmanagepartners-display-component---NewPartner--intercompVendorComboBox-application-managepartners-display-component---NewPartner--assignmentsTable-0-vhi"}]}
RESULT: undefined
COMMAND: POST /session/be9a23df4294472c3cbe97a105488dd6/element - {"using":"xpath","value":"//*[@id=\"application-managepartners-display-component---NewPartner--intercompVendorComboBox-application-managepartners-display-component---NewPartner--assignmentsTable-0-vhi\"]"}
RESULT: {"using":"xpath","value":"//*[@id=\"application-managepartners-display-component---NewPartner--intercompVendorComboBox-application-managepartners-display-component---NewPartner--assignmentsTable-0-vhi\"]"}
COMMAND: POST /session/be9a23df4294472c3cbe97a105488dd6/element/f.6CFE3FC8FA908A587831E8FD5FC52521.d.A97E5BAB9D01609B9DBCBED77E220B47.e.1614/click - {}
RESULT: {}
RESULT: undefined
COMMAND: POST /session/be9a23df4294472c3cbe97a105488dd6/execute/async - {"script":"<script> [776 bytes]","args":[{"enterText":"100005","selector":{"controlType":"sap.m.SearchField","properties":{"placeholder":"Search"},"searchOpenDialogs":true,"interaction":{"idSuffix":"I"}},"clearTextFirst":true,"interactionType":"ENTER_TEXT"}]}
COMMAND: GET /session/be9a23df4294472c3cbe97a105488dd6/screenshot - {}
RESULT: {"script":"<script> [776 bytes]","args":[{"enterText":"100005","selector":{"controlType":"sap.m.SearchField","properties":{"placeholder":"Search"},"searchOpenDialogs":true,"interaction":{"idSuffix":"I"}},"clearTextFirst":true,"interactionType":"ENTER_TEXT"}]}
COMMAND: POST /session/be9a23df4294472c3cbe97a105488dd6/actions - {"actions":[{"id":"action5","type":"key","parameters":{},"actions":[{"type":"keyDown","value":""},{"type":"pause","duration":10},{"type":"keyUp","value":""}]}]}
RESULT: {}
RESULT: {"actions":[{"id":"action5","type":"key","parameters":{},"actions":[{"type":"keyDown","value":""},{"type":"pause","duration":10},{"type":"keyUp","value":""}]}]}
COMMAND: GET /session/be9a23df4294472c3cbe97a105488dd6/screenshot - {}
RESULT: {}
COMMAND: POST /session/be9a23df4294472c3cbe97a105488dd6/element - {"using":"xpath","value":"//span[contains(text(), \"Penguins - Field/12345 Berlin\")]"}
RESULT: {"using":"xpath","value":"//span[contains(text(), \"Penguins - Field/12345 Berlin\")]"}
COMMAND: POST /session/be9a23df4294472c3cbe97a105488dd6/element/f.6CFE3FC8FA908A587831E8FD5FC52521.d.A97E5BAB9D01609B9DBCBED77E220B47.e.1631/click - {}
RESULT: {}
COMMAND: GET /session/be9a23df4294472c3cbe97a105488dd6/screenshot - {}
RESULT: {}
COMMAND: POST /session/be9a23df4294472c3cbe97a105488dd6/element - {"using":"xpath","value":"//bdi[contains(text(), \"OK\")]"}
RESULT: {"using":"xpath","value":"//bdi[contains(text(), \"OK\")]"}
COMMAND: POST /session/be9a23df4294472c3cbe97a105488dd6/element/f.6CFE3FC8FA908A587831E8FD5FC52521.d.A97E5BAB9D01609B9DBCBED77E220B47.e.1632/click - {}
RESULT: {}
COMMAND: GET /session/be9a23df4294472c3cbe97a105488dd6/screenshot - {}
RESULT: {}
COMMAND: POST /session/be9a23df4294472c3cbe97a105488dd6/element - {"using":"xpath","value":"//button[@data-kt=\"saveButton\"]"}
RESULT: {"using":"xpath","value":"//button[@data-kt=\"saveButton\"]"}
COMMAND: POST /session/be9a23df4294472c3cbe97a105488dd6/element/f.6CFE3FC8FA908A587831E8FD5FC52521.d.A97E5BAB9D01609B9DBCBED77E220B47.e.1441/click - {}
RESULT: {}
COMMAND: GET /session/be9a23df4294472c3cbe97a105488dd6/screenshot - {}
RESULT: {}
COMMAND: POST /session/be9a23df4294472c3cbe97a105488dd6/element - {"using":"xpath","value":"//header[contains(@id, 'ObjectPageLayout-headerTitle')]/div[1]/div[2]/div[2]/span[1]"}
RESULT: {"using":"xpath","value":"//header[contains(@id, 'ObjectPageLayout-headerTitle')]/div[1]/div[2]/div[2]/span[1]"}
COMMAND: POST /session/be9a23df4294472c3cbe97a105488dd6/elements - {"using":"xpath","value":"//header[contains(@id, 'ObjectPageLayout-headerTitle')]/div[1]/div[2]/div[2]/span[1]"}
RESULT: {"using":"xpath","value":"//header[contains(@id, 'ObjectPageLayout-headerTitle')]/div[1]/div[2]/div[2]/span[1]"}
COMMAND: POST /session/be9a23df4294472c3cbe97a105488dd6/execute/sync - {"script":"<script> [56 bytes]","args":[{"element-6066-11e4-a52e-4f735466cecf":"f.6CFE3FC8FA908A587831E8FD5FC52521.d.A97E5BAB9D01609B9DBCBED77E220B47.e.1798","ELEMENT":"f.6CFE3FC8FA908A587831E8FD5FC52521.d.A97E5BAB9D01609B9DBCBED77E220B47.e.1798"}]}
RESULT: {"script":"<script> [56 bytes]","args":[{"element-6066-11e4-a52e-4f735466cecf":"f.6CFE3FC8FA908A587831E8FD5FC52521.d.A97E5BAB9D01609B9DBCBED77E220B47.e.1798","ELEMENT":"f.6CFE3FC8FA908A587831E8FD5FC52521.d.A97E5BAB9D01609B9DBCBED77E220B47.e.1798"}]}
COMMAND: POST /session/be9a23df4294472c3cbe97a105488dd6/element - {"using":"css selector","value":"#shell-header-logo"}
COMMAND: GET /session/be9a23df4294472c3cbe97a105488dd6/screenshot - {}
RESULT: {"using":"css selector","value":"#shell-header-logo"}
COMMAND: POST /session/be9a23df4294472c3cbe97a105488dd6/element/f.6CFE3FC8FA908A587831E8FD5FC52521.d.A97E5BAB9D01609B9DBCBED77E220B47.e.1017/click - {}
RESULT: {}
RESULT: {}
COMMAND: GET /session/be9a23df4294472c3cbe97a105488dd6/screenshot - {}
RESULT: {}
COMMAND: POST /session/be9a23df4294472c3cbe97a105488dd6/execute/sync - {"script":"<script> [299 bytes]","args":[["getModel","getResource"]]}
RESULT: {"script":"<script> [299 bytes]","args":[["getModel","getResource"]]}
COMMAND: GET /session/be9a23df4294472c3cbe97a105488dd6/screenshot - {}
]]></system-out>
    </testcase>
    <testcase classname="chrome.136_0_7103_93.windows.Billing_confirm_US117289" name="Should create a new site" time="89.952">
      <system-out><![CDATA[
COMMAND: POST /session/be9a23df4294472c3cbe97a105488dd6/execute/async - {"script":"<script> [1562 bytes]","args":[{"selector":{"controlType":"sap.m.GenericTile","properties":{"header":"Manage Sites"}},"wdio_ui5_key":"sapm.GenericTile{\"header\":\"Manage Sites\"}"}]}
RESULT: {}
RESULT: {"script":"<script> [1562 bytes]","args":[{"selector":{"controlType":"sap.m.GenericTile","properties":{"header":"Manage Sites"}},"wdio_ui5_key":"sapm.GenericTile{\"header\":\"Manage Sites\"}"}]}
RESULT: undefined
COMMAND: POST /session/be9a23df4294472c3cbe97a105488dd6/element - {"using":"xpath","value":"//*[@id=\"__tile40\"]"}
RESULT: {"using":"xpath","value":"//*[@id=\"__tile40\"]"}
COMMAND: POST /session/be9a23df4294472c3cbe97a105488dd6/element/f.6CFE3FC8FA908A587831E8FD5FC52521.d.A97E5BAB9D01609B9DBCBED77E220B47.e.157/click - {}
RESULT: {}
COMMAND: GET /session/be9a23df4294472c3cbe97a105488dd6/screenshot - {}
RESULT: {}
COMMAND: POST /session/be9a23df4294472c3cbe97a105488dd6/elements - {"using":"xpath","value":"//span[text()='Error']"}
RESULT: {"using":"xpath","value":"//span[text()='Error']"}
COMMAND: POST /session/be9a23df4294472c3cbe97a105488dd6/element - {"using":"xpath","value":"//button[@data-kt=\"addOverflowToolbarButton\"]"}
RESULT: {"using":"xpath","value":"//button[@data-kt=\"addOverflowToolbarButton\"]"}
COMMAND: POST /session/be9a23df4294472c3cbe97a105488dd6/elements - {"using":"xpath","value":"//button[@data-kt=\"addOverflowToolbarButton\"]"}
RESULT: {"using":"xpath","value":"//button[@data-kt=\"addOverflowToolbarButton\"]"}
COMMAND: POST /session/be9a23df4294472c3cbe97a105488dd6/execute/sync - {"script":"<script> [8489 bytes]","args":[{"element-6066-11e4-a52e-4f735466cecf":"f.6CFE3FC8FA908A587831E8FD5FC52521.d.A97E5BAB9D01609B9DBCBED77E220B47.e.1844","ELEMENT":"f.6CFE3FC8FA908A587831E8FD5FC52521.d.A97E5BAB9D01609B9DBCBED77E220B47.e.1844"}]}
RESULT: {"script":"<script> [8489 bytes]","args":[{"element-6066-11e4-a52e-4f735466cecf":"f.6CFE3FC8FA908A587831E8FD5FC52521.d.A97E5BAB9D01609B9DBCBED77E220B47.e.1844","ELEMENT":"f.6CFE3FC8FA908A587831E8FD5FC52521.d.A97E5BAB9D01609B9DBCBED77E220B47.e.1844"}]}
COMMAND: GET /session/be9a23df4294472c3cbe97a105488dd6/element/f.6CFE3FC8FA908A587831E8FD5FC52521.d.A97E5BAB9D01609B9DBCBED77E220B47.e.1844/enabled - {}
COMMAND: GET /session/be9a23df4294472c3cbe97a105488dd6/screenshot - {}
RESULT: {}
COMMAND: POST /session/be9a23df4294472c3cbe97a105488dd6/execute/sync - {"script":"<script> [8489 bytes]","args":[{"element-6066-11e4-a52e-4f735466cecf":"f.6CFE3FC8FA908A587831E8FD5FC52521.d.A97E5BAB9D01609B9DBCBED77E220B47.e.1844","ELEMENT":"f.6CFE3FC8FA908A587831E8FD5FC52521.d.A97E5BAB9D01609B9DBCBED77E220B47.e.1844"}]}
COMMAND: GET /session/be9a23df4294472c3cbe97a105488dd6/screenshot - {}
RESULT: {}
RESULT: {}
RESULT: {"script":"<script> [8489 bytes]","args":[{"element-6066-11e4-a52e-4f735466cecf":"f.6CFE3FC8FA908A587831E8FD5FC52521.d.A97E5BAB9D01609B9DBCBED77E220B47.e.1844","ELEMENT":"f.6CFE3FC8FA908A587831E8FD5FC52521.d.A97E5BAB9D01609B9DBCBED77E220B47.e.1844"}]}
COMMAND: POST /session/be9a23df4294472c3cbe97a105488dd6/execute/sync - {"script":"<script> [5351 bytes]","args":[{"element-6066-11e4-a52e-4f735466cecf":"f.6CFE3FC8FA908A587831E8FD5FC52521.d.A97E5BAB9D01609B9DBCBED77E220B47.e.1844","ELEMENT":"f.6CFE3FC8FA908A587831E8FD5FC52521.d.A97E5BAB9D01609B9DBCBED77E220B47.e.1844"}]}
COMMAND: GET /session/be9a23df4294472c3cbe97a105488dd6/screenshot - {}
RESULT: {"script":"<script> [5351 bytes]","args":[{"element-6066-11e4-a52e-4f735466cecf":"f.6CFE3FC8FA908A587831E8FD5FC52521.d.A97E5BAB9D01609B9DBCBED77E220B47.e.1844","ELEMENT":"f.6CFE3FC8FA908A587831E8FD5FC52521.d.A97E5BAB9D01609B9DBCBED77E220B47.e.1844"}]}
COMMAND: POST /session/be9a23df4294472c3cbe97a105488dd6/element/f.6CFE3FC8FA908A587831E8FD5FC52521.d.A97E5BAB9D01609B9DBCBED77E220B47.e.1844/click - {}
COMMAND: GET /session/be9a23df4294472c3cbe97a105488dd6/screenshot - {}
RESULT: {}
RESULT: {}
COMMAND: GET /session/be9a23df4294472c3cbe97a105488dd6/screenshot - {}
RESULT: {}
RESULT: {}
COMMAND: POST /session/be9a23df4294472c3cbe97a105488dd6/element - {"using":"xpath","value":"//input[@id=\"application-managesites-display-component---NewSite--siteId-inner\"]"}
RESULT: {"using":"xpath","value":"//input[@id=\"application-managesites-display-component---NewSite--siteId-inner\"]"}
COMMAND: POST /session/be9a23df4294472c3cbe97a105488dd6/element - {"using":"xpath","value":"//input[@id=\"application-managesites-display-component---NewSite--siteId-inner\"]"}
RESULT: {"using":"xpath","value":"//input[@id=\"application-managesites-display-component---NewSite--siteId-inner\"]"}
COMMAND: POST /session/be9a23df4294472c3cbe97a105488dd6/execute/async - {"script":"<script> [1562 bytes]","args":[{"selector":{"id":"application-managesites-display-component---NewSite--addressDetailDetailsName1","interaction":{"idSuffix":"inner"}},"wdio_ui5_key":"applicationmanagesites-display-component---NewSite--addressDetailDetailsName1"}]}
RESULT: {"script":"<script> [1562 bytes]","args":[{"selector":{"id":"application-managesites-display-component---NewSite--addressDetailDetailsName1","interaction":{"idSuffix":"inner"}},"wdio_ui5_key":"applicationmanagesites-display-component---NewSite--addressDetailDetailsName1"}]}
RESULT: undefined
COMMAND: POST /session/be9a23df4294472c3cbe97a105488dd6/execute/async - {"script":"<script> [776 bytes]","args":[{"enterText":"Intracompany Site wdIO","selector":{"id":"application-managesites-display-component---NewSite--addressDetailDetailsName1","interaction":{"idSuffix":"inner"}},"clearTextFirst":true,"interactionType":"ENTER_TEXT"}]}
RESULT: {"script":"<script> [776 bytes]","args":[{"enterText":"Intracompany Site wdIO","selector":{"id":"application-managesites-display-component---NewSite--addressDetailDetailsName1","interaction":{"idSuffix":"inner"}},"clearTextFirst":true,"interactionType":"ENTER_TEXT"}]}
COMMAND: POST /session/be9a23df4294472c3cbe97a105488dd6/execute/async - {"script":"<script> [1562 bytes]","args":[{"selector":{"id":"application-managesites-display-component---NewSite--addressDetailDetailsLanguage-arrow"},"wdio_ui5_key":"applicationmanagesites-display-component---NewSite--addressDetailDetailsLanguage-arrow"}]}
RESULT: {"script":"<script> [1562 bytes]","args":[{"selector":{"id":"application-managesites-display-component---NewSite--addressDetailDetailsLanguage-arrow"},"wdio_ui5_key":"applicationmanagesites-display-component---NewSite--addressDetailDetailsLanguage-arrow"}]}
RESULT: undefined
COMMAND: POST /session/be9a23df4294472c3cbe97a105488dd6/element - {"using":"xpath","value":"//*[@id=\"application-managesites-display-component---NewSite--addressDetailDetailsLanguage-arrow\"]"}
RESULT: {"using":"xpath","value":"//*[@id=\"application-managesites-display-component---NewSite--addressDetailDetailsLanguage-arrow\"]"}
COMMAND: POST /session/be9a23df4294472c3cbe97a105488dd6/element/f.6CFE3FC8FA908A587831E8FD5FC52521.d.A97E5BAB9D01609B9DBCBED77E220B47.e.2476/click - {}
RESULT: {}
COMMAND: POST /session/be9a23df4294472c3cbe97a105488dd6/element - {"using":"xpath","value":"//span[contains(text(), \"English\")]"}
COMMAND: GET /session/be9a23df4294472c3cbe97a105488dd6/screenshot - {}
RESULT: {"using":"xpath","value":"//span[contains(text(), \"English\")]"}
COMMAND: POST /session/be9a23df4294472c3cbe97a105488dd6/element/f.6CFE3FC8FA908A587831E8FD5FC52521.d.A97E5BAB9D01609B9DBCBED77E220B47.e.2477/click - {}
RESULT: {}
RESULT: {}
COMMAND: POST /session/be9a23df4294472c3cbe97a105488dd6/execute/async - {"script":"<script> [1562 bytes]","args":[{"selector":{"id":"application-managesites-display-component---NewSite--addressDetailDetailsCity1","interaction":{"idSuffix":"inner"}},"wdio_ui5_key":"applicationmanagesites-display-component---NewSite--addressDetailDetailsCity1"}]}
COMMAND: GET /session/be9a23df4294472c3cbe97a105488dd6/screenshot - {}
RESULT: {"script":"<script> [1562 bytes]","args":[{"selector":{"id":"application-managesites-display-component---NewSite--addressDetailDetailsCity1","interaction":{"idSuffix":"inner"}},"wdio_ui5_key":"applicationmanagesites-display-component---NewSite--addressDetailDetailsCity1"}]}
RESULT: undefined
COMMAND: POST /session/be9a23df4294472c3cbe97a105488dd6/execute/async - {"script":"<script> [776 bytes]","args":[{"enterText":"Rosario","selector":{"id":"application-managesites-display-component---NewSite--addressDetailDetailsCity1","interaction":{"idSuffix":"inner"}},"clearTextFirst":true,"interactionType":"ENTER_TEXT"}]}
RESULT: {}
RESULT: {"script":"<script> [776 bytes]","args":[{"enterText":"Rosario","selector":{"id":"application-managesites-display-component---NewSite--addressDetailDetailsCity1","interaction":{"idSuffix":"inner"}},"clearTextFirst":true,"interactionType":"ENTER_TEXT"}]}
COMMAND: POST /session/be9a23df4294472c3cbe97a105488dd6/execute/async - {"script":"<script> [1562 bytes]","args":[{"selector":{"id":"application-managesites-display-component---NewSite--addressDetailDetailsCountry-arrow"},"wdio_ui5_key":"applicationmanagesites-display-component---NewSite--addressDetailDetailsCountry-arrow"}]}
RESULT: {"script":"<script> [1562 bytes]","args":[{"selector":{"id":"application-managesites-display-component---NewSite--addressDetailDetailsCountry-arrow"},"wdio_ui5_key":"applicationmanagesites-display-component---NewSite--addressDetailDetailsCountry-arrow"}]}
RESULT: undefined
COMMAND: POST /session/be9a23df4294472c3cbe97a105488dd6/element - {"using":"xpath","value":"//*[@id=\"application-managesites-display-component---NewSite--addressDetailDetailsCountry-arrow\"]"}
RESULT: {"using":"xpath","value":"//*[@id=\"application-managesites-display-component---NewSite--addressDetailDetailsCountry-arrow\"]"}
COMMAND: POST /session/be9a23df4294472c3cbe97a105488dd6/element/f.6CFE3FC8FA908A587831E8FD5FC52521.d.A97E5BAB9D01609B9DBCBED77E220B47.e.2479/click - {}
RESULT: {}
COMMAND: POST /session/be9a23df4294472c3cbe97a105488dd6/element - {"using":"xpath","value":"//span[contains(text(), \"Argentina\")]"}
COMMAND: GET /session/be9a23df4294472c3cbe97a105488dd6/screenshot - {}
RESULT: {"using":"xpath","value":"//span[contains(text(), \"Argentina\")]"}
COMMAND: POST /session/be9a23df4294472c3cbe97a105488dd6/element/f.6CFE3FC8FA908A587831E8FD5FC52521.d.A97E5BAB9D01609B9DBCBED77E220B47.e.2480/click - {}
RESULT: {}
RESULT: {}
COMMAND: GET /session/be9a23df4294472c3cbe97a105488dd6/screenshot - {}
RESULT: {}
COMMAND: POST /session/be9a23df4294472c3cbe97a105488dd6/execute/async - {"script":"<script> [1562 bytes]","args":[{"selector":{"id":"application-managesites-display-component---NewSite--addressEditDetailsCostObjectCstType-arrow"},"wdio_ui5_key":"applicationmanagesites-display-component---NewSite--addressEditDetailsCostObjectCstType-arrow"}]}
RESULT: {"script":"<script> [1562 bytes]","args":[{"selector":{"id":"application-managesites-display-component---NewSite--addressEditDetailsCostObjectCstType-arrow"},"wdio_ui5_key":"applicationmanagesites-display-component---NewSite--addressEditDetailsCostObjectCstType-arrow"}]}
RESULT: undefined
COMMAND: POST /session/be9a23df4294472c3cbe97a105488dd6/element - {"using":"xpath","value":"//*[@id=\"application-managesites-display-component---NewSite--addressEditDetailsCostObjectCstType-arrow\"]"}
RESULT: {"using":"xpath","value":"//*[@id=\"application-managesites-display-component---NewSite--addressEditDetailsCostObjectCstType-arrow\"]"}
COMMAND: POST /session/be9a23df4294472c3cbe97a105488dd6/element/f.6CFE3FC8FA908A587831E8FD5FC52521.d.A97E5BAB9D01609B9DBCBED77E220B47.e.2482/click - {}
RESULT: {}
COMMAND: POST /session/be9a23df4294472c3cbe97a105488dd6/element - {"using":"xpath","value":"//span[contains(text(), \"Cost Center\")]"}
COMMAND: GET /session/be9a23df4294472c3cbe97a105488dd6/screenshot - {}
RESULT: {"using":"xpath","value":"//span[contains(text(), \"Cost Center\")]"}
COMMAND: POST /session/be9a23df4294472c3cbe97a105488dd6/element/f.6CFE3FC8FA908A587831E8FD5FC52521.d.A97E5BAB9D01609B9DBCBED77E220B47.e.2483/click - {}
RESULT: {}
RESULT: {}
COMMAND: GET /session/be9a23df4294472c3cbe97a105488dd6/screenshot - {}
RESULT: {}
COMMAND: POST /session/be9a23df4294472c3cbe97a105488dd6/element - {"using":"xpath","value":"//span[@id=\"application-managesites-display-component---NewSite--addressNewCostObjectCstID-vhi\"]"}
RESULT: {"using":"xpath","value":"//span[@id=\"application-managesites-display-component---NewSite--addressNewCostObjectCstID-vhi\"]"}
COMMAND: POST /session/be9a23df4294472c3cbe97a105488dd6/execute/sync - {"script":"<script> [8489 bytes]","args":[{"element-6066-11e4-a52e-4f735466cecf":"f.6CFE3FC8FA908A587831E8FD5FC52521.d.A97E5BAB9D01609B9DBCBED77E220B47.e.2488","ELEMENT":"f.6CFE3FC8FA908A587831E8FD5FC52521.d.A97E5BAB9D01609B9DBCBED77E220B47.e.2488"}]}
RESULT: {"script":"<script> [8489 bytes]","args":[{"element-6066-11e4-a52e-4f735466cecf":"f.6CFE3FC8FA908A587831E8FD5FC52521.d.A97E5BAB9D01609B9DBCBED77E220B47.e.2488","ELEMENT":"f.6CFE3FC8FA908A587831E8FD5FC52521.d.A97E5BAB9D01609B9DBCBED77E220B47.e.2488"}]}
COMMAND: POST /session/be9a23df4294472c3cbe97a105488dd6/execute/async - {"script":"<script> [1562 bytes]","args":[{"selector":{"id":"application-managesites-display-component---NewSite--addressNewCostObjectCstID-vhi"},"wdio_ui5_key":"applicationmanagesites-display-component---NewSite--addressNewCostObjectCstID-vhi"}]}
COMMAND: GET /session/be9a23df4294472c3cbe97a105488dd6/screenshot - {}
RESULT: {"script":"<script> [1562 bytes]","args":[{"selector":{"id":"application-managesites-display-component---NewSite--addressNewCostObjectCstID-vhi"},"wdio_ui5_key":"applicationmanagesites-display-component---NewSite--addressNewCostObjectCstID-vhi"}]}
RESULT: undefined
COMMAND: POST /session/be9a23df4294472c3cbe97a105488dd6/element - {"using":"xpath","value":"//*[@id=\"application-managesites-display-component---NewSite--addressNewCostObjectCstID-vhi\"]"}
RESULT: {}
RESULT: {"using":"xpath","value":"//*[@id=\"application-managesites-display-component---NewSite--addressNewCostObjectCstID-vhi\"]"}
COMMAND: POST /session/be9a23df4294472c3cbe97a105488dd6/element/f.6CFE3FC8FA908A587831E8FD5FC52521.d.A97E5BAB9D01609B9DBCBED77E220B47.e.2488/click - {}
RESULT: {}
COMMAND: GET /session/be9a23df4294472c3cbe97a105488dd6/screenshot - {}
RESULT: {}
RESULT: undefined
COMMAND: POST /session/be9a23df4294472c3cbe97a105488dd6/execute/async - {"script":"<script> [776 bytes]","args":[{"enterText":"10001013","selector":{"controlType":"sap.m.SearchField","properties":{"placeholder":"Search"},"searchOpenDialogs":true,"interaction":{"idSuffix":"I"}},"clearTextFirst":true,"interactionType":"ENTER_TEXT"}]}
RESULT: {"script":"<script> [776 bytes]","args":[{"enterText":"10001013","selector":{"controlType":"sap.m.SearchField","properties":{"placeholder":"Search"},"searchOpenDialogs":true,"interaction":{"idSuffix":"I"}},"clearTextFirst":true,"interactionType":"ENTER_TEXT"}]}
COMMAND: POST /session/be9a23df4294472c3cbe97a105488dd6/actions - {"actions":[{"id":"action6","type":"key","parameters":{},"actions":[{"type":"keyDown","value":""},{"type":"pause","duration":10},{"type":"keyUp","value":""}]}]}
RESULT: {"actions":[{"id":"action6","type":"key","parameters":{},"actions":[{"type":"keyDown","value":""},{"type":"pause","duration":10},{"type":"keyUp","value":""}]}]}
COMMAND: GET /session/be9a23df4294472c3cbe97a105488dd6/screenshot - {}
RESULT: {}
COMMAND: POST /session/be9a23df4294472c3cbe97a105488dd6/element - {"using":"xpath","value":"//span[contains(text(), \"General Management\")]"}
RESULT: {"using":"xpath","value":"//span[contains(text(), \"General Management\")]"}
COMMAND: POST /session/be9a23df4294472c3cbe97a105488dd6/element/f.6CFE3FC8FA908A587831E8FD5FC52521.d.A97E5BAB9D01609B9DBCBED77E220B47.e.2526/click - {}
RESULT: {}
COMMAND: GET /session/be9a23df4294472c3cbe97a105488dd6/screenshot - {}
RESULT: {}
COMMAND: POST /session/be9a23df4294472c3cbe97a105488dd6/element - {"using":"xpath","value":"//bdi[contains(text(), \"OK\")]"}
RESULT: {"using":"xpath","value":"//bdi[contains(text(), \"OK\")]"}
COMMAND: POST /session/be9a23df4294472c3cbe97a105488dd6/element/f.6CFE3FC8FA908A587831E8FD5FC52521.d.A97E5BAB9D01609B9DBCBED77E220B47.e.2527/click - {}
RESULT: {}
COMMAND: GET /session/be9a23df4294472c3cbe97a105488dd6/screenshot - {}
RESULT: {}
COMMAND: POST /session/be9a23df4294472c3cbe97a105488dd6/element - {"using":"xpath","value":"//input[@id=\"application-managesites-display-component---NewSite--addressDetailDetailsCalendar-inner\"]"}
RESULT: {"using":"xpath","value":"//input[@id=\"application-managesites-display-component---NewSite--addressDetailDetailsCalendar-inner\"]"}
COMMAND: POST /session/be9a23df4294472c3cbe97a105488dd6/element/f.6CFE3FC8FA908A587831E8FD5FC52521.d.A97E5BAB9D01609B9DBCBED77E220B47.e.2272/clear - {}
RESULT: {}
COMMAND: POST /session/be9a23df4294472c3cbe97a105488dd6/element/f.6CFE3FC8FA908A587831E8FD5FC52521.d.A97E5BAB9D01609B9DBCBED77E220B47.e.2272/value - {"text":"Unit"}
COMMAND: GET /session/be9a23df4294472c3cbe97a105488dd6/screenshot - {}
RESULT: {"text":"Unit"}
COMMAND: GET /session/be9a23df4294472c3cbe97a105488dd6/screenshot - {}
RESULT: {}
RESULT: {}
COMMAND: POST /session/be9a23df4294472c3cbe97a105488dd6/actions - {"actions":[{"id":"action7","type":"key","parameters":{},"actions":[{"type":"keyDown","value":""},{"type":"pause","duration":10},{"type":"keyUp","value":""}]}]}
RESULT: {"actions":[{"id":"action7","type":"key","parameters":{},"actions":[{"type":"keyDown","value":""},{"type":"pause","duration":10},{"type":"keyUp","value":""}]}]}
COMMAND: POST /session/be9a23df4294472c3cbe97a105488dd6/element - {"using":"xpath","value":"//input[@id=\"application-managesites-display-component---NewSite--addressDetailDetailsYard-inner\"]"}
COMMAND: GET /session/be9a23df4294472c3cbe97a105488dd6/screenshot - {}
RESULT: {"using":"xpath","value":"//input[@id=\"application-managesites-display-component---NewSite--addressDetailDetailsYard-inner\"]"}
COMMAND: POST /session/be9a23df4294472c3cbe97a105488dd6/element/f.6CFE3FC8FA908A587831E8FD5FC52521.d.A97E5BAB9D01609B9DBCBED77E220B47.e.2273/clear - {}
RESULT: {}
RESULT: {}
COMMAND: POST /session/be9a23df4294472c3cbe97a105488dd6/element/f.6CFE3FC8FA908A587831E8FD5FC52521.d.A97E5BAB9D01609B9DBCBED77E220B47.e.2273/value - {"text":"555"}
COMMAND: GET /session/be9a23df4294472c3cbe97a105488dd6/screenshot - {}
RESULT: {"text":"555"}
COMMAND: GET /session/be9a23df4294472c3cbe97a105488dd6/screenshot - {}
RESULT: {}
RESULT: {}
COMMAND: POST /session/be9a23df4294472c3cbe97a105488dd6/element - {"using":"xpath","value":"//li[.//span[text()='555']]"}
RESULT: {"using":"xpath","value":"//li[.//span[text()='555']]"}
COMMAND: POST /session/be9a23df4294472c3cbe97a105488dd6/element/f.6CFE3FC8FA908A587831E8FD5FC52521.d.A97E5BAB9D01609B9DBCBED77E220B47.e.2535/click - {}
RESULT: {}
COMMAND: GET /session/be9a23df4294472c3cbe97a105488dd6/screenshot - {}
RESULT: {}
COMMAND: POST /session/be9a23df4294472c3cbe97a105488dd6/element - {"using":"xpath","value":"//input[@id=\"application-managesites-display-component---NewSite--addressDetailDetailsPartner-inner\"]"}
RESULT: {"using":"xpath","value":"//input[@id=\"application-managesites-display-component---NewSite--addressDetailDetailsPartner-inner\"]"}
COMMAND: POST /session/be9a23df4294472c3cbe97a105488dd6/element - {"using":"xpath","value":"//input[@id=\"application-managesites-display-component---NewSite--addressDetailDetailsPartner-inner\"]"}
RESULT: {"using":"xpath","value":"//input[@id=\"application-managesites-display-component---NewSite--addressDetailDetailsPartner-inner\"]"}
COMMAND: POST /session/be9a23df4294472c3cbe97a105488dd6/element - {"using":"xpath","value":"//button[@data-kt=\"saveButton\"]"}
RESULT: {"using":"xpath","value":"//button[@data-kt=\"saveButton\"]"}
COMMAND: POST /session/be9a23df4294472c3cbe97a105488dd6/element/f.6CFE3FC8FA908A587831E8FD5FC52521.d.A97E5BAB9D01609B9DBCBED77E220B47.e.2425/click - {}
RESULT: {}
COMMAND: GET /session/be9a23df4294472c3cbe97a105488dd6/screenshot - {}
RESULT: {}
COMMAND: POST /session/be9a23df4294472c3cbe97a105488dd6/element - {"using":"xpath","value":"//header[contains(@id, 'ObjectPageLayout-headerTitle')]/div[1]/div[2]/div[2]/span[1]"}
RESULT: {"using":"xpath","value":"//header[contains(@id, 'ObjectPageLayout-headerTitle')]/div[1]/div[2]/div[2]/span[1]"}
COMMAND: POST /session/be9a23df4294472c3cbe97a105488dd6/elements - {"using":"xpath","value":"//header[contains(@id, 'ObjectPageLayout-headerTitle')]/div[1]/div[2]/div[2]/span[1]"}
RESULT: {"using":"xpath","value":"//header[contains(@id, 'ObjectPageLayout-headerTitle')]/div[1]/div[2]/div[2]/span[1]"}
COMMAND: POST /session/be9a23df4294472c3cbe97a105488dd6/execute/sync - {"script":"<script> [56 bytes]","args":[{"element-6066-11e4-a52e-4f735466cecf":"f.6CFE3FC8FA908A587831E8FD5FC52521.d.A97E5BAB9D01609B9DBCBED77E220B47.e.2738","ELEMENT":"f.6CFE3FC8FA908A587831E8FD5FC52521.d.A97E5BAB9D01609B9DBCBED77E220B47.e.2738"}]}
RESULT: {"script":"<script> [56 bytes]","args":[{"element-6066-11e4-a52e-4f735466cecf":"f.6CFE3FC8FA908A587831E8FD5FC52521.d.A97E5BAB9D01609B9DBCBED77E220B47.e.2738","ELEMENT":"f.6CFE3FC8FA908A587831E8FD5FC52521.d.A97E5BAB9D01609B9DBCBED77E220B47.e.2738"}]}
COMMAND: POST /session/be9a23df4294472c3cbe97a105488dd6/element - {"using":"css selector","value":"#shell-header-logo"}
COMMAND: GET /session/be9a23df4294472c3cbe97a105488dd6/screenshot - {}
RESULT: {"using":"css selector","value":"#shell-header-logo"}
COMMAND: POST /session/be9a23df4294472c3cbe97a105488dd6/element/f.6CFE3FC8FA908A587831E8FD5FC52521.d.A97E5BAB9D01609B9DBCBED77E220B47.e.1802/click - {}
RESULT: {}
RESULT: {}
COMMAND: GET /session/be9a23df4294472c3cbe97a105488dd6/screenshot - {}
RESULT: {}
COMMAND: POST /session/be9a23df4294472c3cbe97a105488dd6/execute/sync - {"script":"<script> [299 bytes]","args":[["getModel","getResource"]]}
RESULT: {"script":"<script> [299 bytes]","args":[["getModel","getResource"]]}
]]></system-out>
    </testcase>
    <testcase classname="chrome.136_0_7103_93.windows.Billing_confirm_US117289" name="Should create a new equipment" time="128.576">
      <system-out><![CDATA[
COMMAND: GET /session/be9a23df4294472c3cbe97a105488dd6/screenshot - {}
COMMAND: POST /session/be9a23df4294472c3cbe97a105488dd6/execute/async - {"script":"<script> [1562 bytes]","args":[{"selector":{"controlType":"sap.m.GenericTile","properties":{"header":"Manage Resources"}},"wdio_ui5_key":"sapm.GenericTile{\"header\":\"Manage Resources\"}"}]}
RESULT: {}
RESULT: {"script":"<script> [1562 bytes]","args":[{"selector":{"controlType":"sap.m.GenericTile","properties":{"header":"Manage Resources"}},"wdio_ui5_key":"sapm.GenericTile{\"header\":\"Manage Resources\"}"}]}
RESULT: undefined
COMMAND: POST /session/be9a23df4294472c3cbe97a105488dd6/element - {"using":"xpath","value":"//*[@id=\"__tile39\"]"}
RESULT: {"using":"xpath","value":"//*[@id=\"__tile39\"]"}
COMMAND: POST /session/be9a23df4294472c3cbe97a105488dd6/element/f.6CFE3FC8FA908A587831E8FD5FC52521.d.A97E5BAB9D01609B9DBCBED77E220B47.e.154/click - {}
RESULT: {}
COMMAND: GET /session/be9a23df4294472c3cbe97a105488dd6/screenshot - {}
RESULT: {}
COMMAND: POST /session/be9a23df4294472c3cbe97a105488dd6/elements - {"using":"xpath","value":"//span[text()='Error']"}
RESULT: {"using":"xpath","value":"//span[text()='Error']"}
COMMAND: POST /session/be9a23df4294472c3cbe97a105488dd6/element - {"using":"xpath","value":"//button[@data-kt=\"addNewRUOverflowToolbarButton\"]"}
RESULT: {"using":"xpath","value":"//button[@data-kt=\"addNewRUOverflowToolbarButton\"]"}
COMMAND: POST /session/be9a23df4294472c3cbe97a105488dd6/elements - {"using":"xpath","value":"//button[@data-kt=\"addNewRUOverflowToolbarButton\"]"}
RESULT: {"using":"xpath","value":"//button[@data-kt=\"addNewRUOverflowToolbarButton\"]"}
COMMAND: POST /session/be9a23df4294472c3cbe97a105488dd6/execute/sync - {"script":"<script> [8489 bytes]","args":[{"element-6066-11e4-a52e-4f735466cecf":"f.6CFE3FC8FA908A587831E8FD5FC52521.d.A97E5BAB9D01609B9DBCBED77E220B47.e.2772","ELEMENT":"f.6CFE3FC8FA908A587831E8FD5FC52521.d.A97E5BAB9D01609B9DBCBED77E220B47.e.2772"}]}
RESULT: {"script":"<script> [8489 bytes]","args":[{"element-6066-11e4-a52e-4f735466cecf":"f.6CFE3FC8FA908A587831E8FD5FC52521.d.A97E5BAB9D01609B9DBCBED77E220B47.e.2772","ELEMENT":"f.6CFE3FC8FA908A587831E8FD5FC52521.d.A97E5BAB9D01609B9DBCBED77E220B47.e.2772"}]}
COMMAND: GET /session/be9a23df4294472c3cbe97a105488dd6/element/f.6CFE3FC8FA908A587831E8FD5FC52521.d.A97E5BAB9D01609B9DBCBED77E220B47.e.2772/enabled - {}
COMMAND: GET /session/be9a23df4294472c3cbe97a105488dd6/screenshot - {}
RESULT: {}
COMMAND: POST /session/be9a23df4294472c3cbe97a105488dd6/execute/sync - {"script":"<script> [8489 bytes]","args":[{"element-6066-11e4-a52e-4f735466cecf":"f.6CFE3FC8FA908A587831E8FD5FC52521.d.A97E5BAB9D01609B9DBCBED77E220B47.e.2772","ELEMENT":"f.6CFE3FC8FA908A587831E8FD5FC52521.d.A97E5BAB9D01609B9DBCBED77E220B47.e.2772"}]}
COMMAND: GET /session/be9a23df4294472c3cbe97a105488dd6/screenshot - {}
RESULT: {}
RESULT: {"script":"<script> [8489 bytes]","args":[{"element-6066-11e4-a52e-4f735466cecf":"f.6CFE3FC8FA908A587831E8FD5FC52521.d.A97E5BAB9D01609B9DBCBED77E220B47.e.2772","ELEMENT":"f.6CFE3FC8FA908A587831E8FD5FC52521.d.A97E5BAB9D01609B9DBCBED77E220B47.e.2772"}]}
COMMAND: POST /session/be9a23df4294472c3cbe97a105488dd6/execute/sync - {"script":"<script> [5351 bytes]","args":[{"element-6066-11e4-a52e-4f735466cecf":"f.6CFE3FC8FA908A587831E8FD5FC52521.d.A97E5BAB9D01609B9DBCBED77E220B47.e.2772","ELEMENT":"f.6CFE3FC8FA908A587831E8FD5FC52521.d.A97E5BAB9D01609B9DBCBED77E220B47.e.2772"}]}
COMMAND: GET /session/be9a23df4294472c3cbe97a105488dd6/screenshot - {}
RESULT: {}
RESULT: {"script":"<script> [5351 bytes]","args":[{"element-6066-11e4-a52e-4f735466cecf":"f.6CFE3FC8FA908A587831E8FD5FC52521.d.A97E5BAB9D01609B9DBCBED77E220B47.e.2772","ELEMENT":"f.6CFE3FC8FA908A587831E8FD5FC52521.d.A97E5BAB9D01609B9DBCBED77E220B47.e.2772"}]}
COMMAND: POST /session/be9a23df4294472c3cbe97a105488dd6/element/f.6CFE3FC8FA908A587831E8FD5FC52521.d.A97E5BAB9D01609B9DBCBED77E220B47.e.2772/click - {}
COMMAND: GET /session/be9a23df4294472c3cbe97a105488dd6/screenshot - {}
RESULT: {}
RESULT: {}
COMMAND: GET /session/be9a23df4294472c3cbe97a105488dd6/screenshot - {}
RESULT: {}
RESULT: {}
COMMAND: POST /session/be9a23df4294472c3cbe97a105488dd6/execute/async - {"script":"<script> [1562 bytes]","args":[{"selector":{"id":"application-manageresources-display-component---newResourceUnit--TYPE-arrow"},"wdio_ui5_key":"applicationmanageresources-display-component---newResourceUnit--TYPE-arrow"}]}
RESULT: {"script":"<script> [1562 bytes]","args":[{"selector":{"id":"application-manageresources-display-component---newResourceUnit--TYPE-arrow"},"wdio_ui5_key":"applicationmanageresources-display-component---newResourceUnit--TYPE-arrow"}]}
RESULT: undefined
COMMAND: POST /session/be9a23df4294472c3cbe97a105488dd6/element - {"using":"xpath","value":"//*[@id=\"application-manageresources-display-component---newResourceUnit--TYPE-arrow\"]"}
RESULT: {"using":"xpath","value":"//*[@id=\"application-manageresources-display-component---newResourceUnit--TYPE-arrow\"]"}
COMMAND: POST /session/be9a23df4294472c3cbe97a105488dd6/element/f.6CFE3FC8FA908A587831E8FD5FC52521.d.A97E5BAB9D01609B9DBCBED77E220B47.e.3141/click - {}
RESULT: {}
COMMAND: POST /session/be9a23df4294472c3cbe97a105488dd6/element - {"using":"xpath","value":"//input[@id=\"application-manageresources-display-component---newResourceUnit--TYPE-inner\"]"}
COMMAND: GET /session/be9a23df4294472c3cbe97a105488dd6/screenshot - {}
RESULT: {"using":"xpath","value":"//input[@id=\"application-manageresources-display-component---newResourceUnit--TYPE-inner\"]"}
COMMAND: POST /session/be9a23df4294472c3cbe97a105488dd6/element/f.6CFE3FC8FA908A587831E8FD5FC52521.d.A97E5BAB9D01609B9DBCBED77E220B47.e.3122/clear - {}
RESULT: {}
RESULT: {}
COMMAND: POST /session/be9a23df4294472c3cbe97a105488dd6/element/f.6CFE3FC8FA908A587831E8FD5FC52521.d.A97E5BAB9D01609B9DBCBED77E220B47.e.3122/value - {"text":"Equipment"}
COMMAND: GET /session/be9a23df4294472c3cbe97a105488dd6/screenshot - {}
RESULT: {"text":"Equipment"}
COMMAND: GET /session/be9a23df4294472c3cbe97a105488dd6/screenshot - {}
RESULT: {}
RESULT: {}
COMMAND: POST /session/be9a23df4294472c3cbe97a105488dd6/actions - {"actions":[{"id":"action8","type":"key","parameters":{},"actions":[{"type":"keyDown","value":""},{"type":"pause","duration":10},{"type":"keyUp","value":""}]}]}
RESULT: {"actions":[{"id":"action8","type":"key","parameters":{},"actions":[{"type":"keyDown","value":""},{"type":"pause","duration":10},{"type":"keyUp","value":""}]}]}
COMMAND: POST /session/be9a23df4294472c3cbe97a105488dd6/execute/async - {"script":"<script> [1562 bytes]","args":[{"selector":{"id":"application-manageresources-display-component---newResourceUnit--resourceId","interaction":{"idSuffix":"inner"}},"wdio_ui5_key":"applicationmanageresources-display-component---newResourceUnit--resourceId"}]}
COMMAND: GET /session/be9a23df4294472c3cbe97a105488dd6/screenshot - {}
RESULT: {"script":"<script> [1562 bytes]","args":[{"selector":{"id":"application-manageresources-display-component---newResourceUnit--resourceId","interaction":{"idSuffix":"inner"}},"wdio_ui5_key":"applicationmanageresources-display-component---newResourceUnit--resourceId"}]}
RESULT: undefined
COMMAND: POST /session/be9a23df4294472c3cbe97a105488dd6/execute/async - {"script":"<script> [776 bytes]","args":[{"enterText":"Lgtsb39D2y","selector":{"id":"application-manageresources-display-component---newResourceUnit--resourceId","interaction":{"idSuffix":"inner"}},"clearTextFirst":true,"interactionType":"ENTER_TEXT"}]}
RESULT: {}
RESULT: {"script":"<script> [776 bytes]","args":[{"enterText":"Lgtsb39D2y","selector":{"id":"application-manageresources-display-component---newResourceUnit--resourceId","interaction":{"idSuffix":"inner"}},"clearTextFirst":true,"interactionType":"ENTER_TEXT"}]}
COMMAND: POST /session/be9a23df4294472c3cbe97a105488dd6/execute/async - {"script":"<script> [1562 bytes]","args":[{"selector":{"id":"application-manageresources-display-component---newResourceUnit--SHORT_TEXT","interaction":{"idSuffix":"inner"}},"wdio_ui5_key":"applicationmanageresources-display-component---newResourceUnit--SHORT_TEXT"}]}
RESULT: {"script":"<script> [1562 bytes]","args":[{"selector":{"id":"application-manageresources-display-component---newResourceUnit--SHORT_TEXT","interaction":{"idSuffix":"inner"}},"wdio_ui5_key":"applicationmanageresources-display-component---newResourceUnit--SHORT_TEXT"}]}
RESULT: undefined
COMMAND: POST /session/be9a23df4294472c3cbe97a105488dd6/execute/async - {"script":"<script> [776 bytes]","args":[{"enterText":"Intercompany Equipment WDIO","selector":{"id":"application-manageresources-display-component---newResourceUnit--SHORT_TEXT","interaction":{"idSuffix":"inner"}},"clearTextFirst":true,"interactionType":"ENTER_TEXT"}]}
RESULT: {"script":"<script> [776 bytes]","args":[{"enterText":"Intercompany Equipment WDIO","selector":{"id":"application-manageresources-display-component---newResourceUnit--SHORT_TEXT","interaction":{"idSuffix":"inner"}},"clearTextFirst":true,"interactionType":"ENTER_TEXT"}]}
COMMAND: POST /session/be9a23df4294472c3cbe97a105488dd6/execute/async - {"script":"<script> [1562 bytes]","args":[{"selector":{"id":"application-manageresources-display-component---newResourceUnit--BASE_UNIT_OF_MEASURE","interaction":{"idSuffix":"inner"}},"wdio_ui5_key":"applicationmanageresources-display-component---newResourceUnit--BASE_UNIT_OF_MEASURE"}]}
RESULT: {"script":"<script> [1562 bytes]","args":[{"selector":{"id":"application-manageresources-display-component---newResourceUnit--BASE_UNIT_OF_MEASURE","interaction":{"idSuffix":"inner"}},"wdio_ui5_key":"applicationmanageresources-display-component---newResourceUnit--BASE_UNIT_OF_MEASURE"}]}
RESULT: undefined
COMMAND: POST /session/be9a23df4294472c3cbe97a105488dd6/execute/async - {"script":"<script> [776 bytes]","args":[{"enterText":"Piece","selector":{"id":"application-manageresources-display-component---newResourceUnit--BASE_UNIT_OF_MEASURE","interaction":{"idSuffix":"inner"}},"clearTextFirst":true,"interactionType":"ENTER_TEXT"}]}
RESULT: {"script":"<script> [776 bytes]","args":[{"enterText":"Piece","selector":{"id":"application-manageresources-display-component---newResourceUnit--BASE_UNIT_OF_MEASURE","interaction":{"idSuffix":"inner"}},"clearTextFirst":true,"interactionType":"ENTER_TEXT"}]}
COMMAND: POST /session/be9a23df4294472c3cbe97a105488dd6/execute/async - {"script":"<script> [1562 bytes]","args":[{"selector":{"id":"application-manageresources-display-component---newResourceUnit--WEIGHT_UNIT","interaction":{"idSuffix":"inner"}},"wdio_ui5_key":"applicationmanageresources-display-component---newResourceUnit--WEIGHT_UNIT"}]}
RESULT: {"script":"<script> [1562 bytes]","args":[{"selector":{"id":"application-manageresources-display-component---newResourceUnit--WEIGHT_UNIT","interaction":{"idSuffix":"inner"}},"wdio_ui5_key":"applicationmanageresources-display-component---newResourceUnit--WEIGHT_UNIT"}]}
RESULT: undefined
COMMAND: POST /session/be9a23df4294472c3cbe97a105488dd6/execute/async - {"script":"<script> [776 bytes]","args":[{"enterText":"Gram","selector":{"id":"application-manageresources-display-component---newResourceUnit--WEIGHT_UNIT","interaction":{"idSuffix":"inner"}},"clearTextFirst":true,"interactionType":"ENTER_TEXT"}]}
RESULT: {"script":"<script> [776 bytes]","args":[{"enterText":"Gram","selector":{"id":"application-manageresources-display-component---newResourceUnit--WEIGHT_UNIT","interaction":{"idSuffix":"inner"}},"clearTextFirst":true,"interactionType":"ENTER_TEXT"}]}
COMMAND: POST /session/be9a23df4294472c3cbe97a105488dd6/execute/async - {"script":"<script> [1562 bytes]","args":[{"selector":{"id":"application-manageresources-display-component---newResourceUnit--DIMENSION_UNIT","interaction":{"idSuffix":"inner"}},"wdio_ui5_key":"applicationmanageresources-display-component---newResourceUnit--DIMENSION_UNIT"}]}
RESULT: {"script":"<script> [1562 bytes]","args":[{"selector":{"id":"application-manageresources-display-component---newResourceUnit--DIMENSION_UNIT","interaction":{"idSuffix":"inner"}},"wdio_ui5_key":"applicationmanageresources-display-component---newResourceUnit--DIMENSION_UNIT"}]}
RESULT: undefined
COMMAND: POST /session/be9a23df4294472c3cbe97a105488dd6/execute/async - {"script":"<script> [776 bytes]","args":[{"enterText":"Meter","selector":{"id":"application-manageresources-display-component---newResourceUnit--DIMENSION_UNIT","interaction":{"idSuffix":"inner"}},"clearTextFirst":true,"interactionType":"ENTER_TEXT"}]}
RESULT: {"script":"<script> [776 bytes]","args":[{"enterText":"Meter","selector":{"id":"application-manageresources-display-component---newResourceUnit--DIMENSION_UNIT","interaction":{"idSuffix":"inner"}},"clearTextFirst":true,"interactionType":"ENTER_TEXT"}]}
COMMAND: POST /session/be9a23df4294472c3cbe97a105488dd6/execute/async - {"script":"<script> [1562 bytes]","args":[{"selector":{"id":"application-manageresources-display-component---newResourceUnit--newRRUPage-anchBar-application-manageresources-display-component---newResourceUnit--control-anchor","interaction":{"idSuffix":"BDI-content"}},"wdio_ui5_key":"applicationmanageresources-display-component---newResourceUnit--newRRUPage-anchBar-application-manageresources-display-component---newResourceUnit--control-anchor"}]}
RESULT: {"script":"<script> [1562 bytes]","args":[{"selector":{"id":"application-manageresources-display-component---newResourceUnit--newRRUPage-anchBar-application-manageresources-display-component---newResourceUnit--control-anchor","interaction":{"idSuffix":"BDI-content"}},"wdio_ui5_key":"applicationmanageresources-display-component---newResourceUnit--newRRUPage-anchBar-application-manageresources-display-component---newResourceUnit--control-anchor"}]}
RESULT: undefined
COMMAND: POST /session/be9a23df4294472c3cbe97a105488dd6/element - {"using":"xpath","value":"//*[@id=\"application-manageresources-display-component---newResourceUnit--newRRUPage-anchBar-application-manageresources-display-component---newResourceUnit--control-anchor\"]"}
RESULT: {"using":"xpath","value":"//*[@id=\"application-manageresources-display-component---newResourceUnit--newRRUPage-anchBar-application-manageresources-display-component---newResourceUnit--control-anchor\"]"}
COMMAND: POST /session/be9a23df4294472c3cbe97a105488dd6/element/f.6CFE3FC8FA908A587831E8FD5FC52521.d.A97E5BAB9D01609B9DBCBED77E220B47.e.3299/click - {}
RESULT: {}
COMMAND: POST /session/be9a23df4294472c3cbe97a105488dd6/execute/async - {"script":"<script> [1562 bytes]","args":[{"selector":{"id":"application-manageresources-display-component---newResourceUnit--PLANNING_GROUP","interaction":{"idSuffix":"inner"}},"wdio_ui5_key":"applicationmanageresources-display-component---newResourceUnit--PLANNING_GROUP"}]}
COMMAND: GET /session/be9a23df4294472c3cbe97a105488dd6/screenshot - {}
RESULT: {"script":"<script> [1562 bytes]","args":[{"selector":{"id":"application-manageresources-display-component---newResourceUnit--PLANNING_GROUP","interaction":{"idSuffix":"inner"}},"wdio_ui5_key":"applicationmanageresources-display-component---newResourceUnit--PLANNING_GROUP"}]}
RESULT: undefined
COMMAND: POST /session/be9a23df4294472c3cbe97a105488dd6/execute/async - {"script":"<script> [776 bytes]","args":[{"enterText":"Heavy Equi","selector":{"id":"application-manageresources-display-component---newResourceUnit--PLANNING_GROUP","interaction":{"idSuffix":"inner"}},"clearTextFirst":true,"interactionType":"ENTER_TEXT"}]}
RESULT: {}
RESULT: {"script":"<script> [776 bytes]","args":[{"enterText":"Heavy Equi","selector":{"id":"application-manageresources-display-component---newResourceUnit--PLANNING_GROUP","interaction":{"idSuffix":"inner"}},"clearTextFirst":true,"interactionType":"ENTER_TEXT"}]}
COMMAND: POST /session/be9a23df4294472c3cbe97a105488dd6/execute/async - {"script":"<script> [1562 bytes]","args":[{"selector":{"id":"application-manageresources-display-component---newResourceUnit--ITEM_TYPE-arrow"},"wdio_ui5_key":"applicationmanageresources-display-component---newResourceUnit--ITEM_TYPE-arrow"}]}
RESULT: {"script":"<script> [1562 bytes]","args":[{"selector":{"id":"application-manageresources-display-component---newResourceUnit--ITEM_TYPE-arrow"},"wdio_ui5_key":"applicationmanageresources-display-component---newResourceUnit--ITEM_TYPE-arrow"}]}
RESULT: undefined
COMMAND: POST /session/be9a23df4294472c3cbe97a105488dd6/element - {"using":"xpath","value":"//*[@id=\"application-manageresources-display-component---newResourceUnit--ITEM_TYPE-arrow\"]"}
RESULT: {"using":"xpath","value":"//*[@id=\"application-manageresources-display-component---newResourceUnit--ITEM_TYPE-arrow\"]"}
COMMAND: POST /session/be9a23df4294472c3cbe97a105488dd6/element/f.6CFE3FC8FA908A587831E8FD5FC52521.d.A97E5BAB9D01609B9DBCBED77E220B47.e.3308/click - {}
RESULT: {}
COMMAND: POST /session/be9a23df4294472c3cbe97a105488dd6/element - {"using":"xpath","value":"//ul[contains(@id,\"ITEM_TYPE-popup-list-listUl\")]//li[.//span[contains(text(),\"Resource Unit\")]]"}
COMMAND: GET /session/be9a23df4294472c3cbe97a105488dd6/screenshot - {}
RESULT: {"using":"xpath","value":"//ul[contains(@id,\"ITEM_TYPE-popup-list-listUl\")]//li[.//span[contains(text(),\"Resource Unit\")]]"}
COMMAND: POST /session/be9a23df4294472c3cbe97a105488dd6/element/f.6CFE3FC8FA908A587831E8FD5FC52521.d.A97E5BAB9D01609B9DBCBED77E220B47.e.3309/click - {}
RESULT: {}
RESULT: {}
COMMAND: GET /session/be9a23df4294472c3cbe97a105488dd6/screenshot - {}
RESULT: {}
COMMAND: POST /session/be9a23df4294472c3cbe97a105488dd6/element - {"using":"css selector","value":"#application-manageresources-display-component---newResourceUnit--btnAddTimeSegment"}
RESULT: {"using":"css selector","value":"#application-manageresources-display-component---newResourceUnit--btnAddTimeSegment"}
COMMAND: GET /session/be9a23df4294472c3cbe97a105488dd6/element/f.6CFE3FC8FA908A587831E8FD5FC52521.d.A97E5BAB9D01609B9DBCBED77E220B47.e.3316/rect - {}
RESULT: {}
COMMAND: GET /session/be9a23df4294472c3cbe97a105488dd6/window/rect - {}
RESULT: {}
COMMAND: POST /session/be9a23df4294472c3cbe97a105488dd6/execute/sync - {"script":"<script> [92 bytes]","args":[]}
RESULT: {"script":"<script> [92 bytes]","args":[]}
COMMAND: POST /session/be9a23df4294472c3cbe97a105488dd6/actions - {"actions":[{"id":"action9","type":"wheel","parameters":{},"actions":[{"type":"scroll","x":-1888,"y":-32,"deltaX":0,"deltaY":0,"duration":0,"origin":{"element-6066-11e4-a52e-4f735466cecf":"f.6CFE3FC8FA908A587831E8FD5FC52521.d.A97E5BAB9D01609B9DBCBED77E220B47.e.3316"}}]}]}
COMMAND: GET /session/be9a23df4294472c3cbe97a105488dd6/screenshot - {}
RESULT: {}
COMMAND: POST /session/be9a23df4294472c3cbe97a105488dd6/execute/sync - {"script":"<script> [79 bytes]","args":[{"element-6066-11e4-a52e-4f735466cecf":"f.6CFE3FC8FA908A587831E8FD5FC52521.d.A97E5BAB9D01609B9DBCBED77E220B47.e.3316","ELEMENT":"f.6CFE3FC8FA908A587831E8FD5FC52521.d.A97E5BAB9D01609B9DBCBED77E220B47.e.3316"},{"block":"start","inline":"nearest"}]}
RESULT: {"script":"<script> [79 bytes]","args":[{"element-6066-11e4-a52e-4f735466cecf":"f.6CFE3FC8FA908A587831E8FD5FC52521.d.A97E5BAB9D01609B9DBCBED77E220B47.e.3316","ELEMENT":"f.6CFE3FC8FA908A587831E8FD5FC52521.d.A97E5BAB9D01609B9DBCBED77E220B47.e.3316"},{"block":"start","inline":"nearest"}]}
COMMAND: POST /session/be9a23df4294472c3cbe97a105488dd6/execute/async - {"script":"<script> [1562 bytes]","args":[{"selector":{"id":"application-manageresources-display-component---newResourceUnit--btnAddTimeSegment","interaction":{"idSuffix":"inner"}},"wdio_ui5_key":"applicationmanageresources-display-component---newResourceUnit--btnAddTimeSegment"}]}
COMMAND: GET /session/be9a23df4294472c3cbe97a105488dd6/screenshot - {}
RESULT: {"script":"<script> [1562 bytes]","args":[{"selector":{"id":"application-manageresources-display-component---newResourceUnit--btnAddTimeSegment","interaction":{"idSuffix":"inner"}},"wdio_ui5_key":"applicationmanageresources-display-component---newResourceUnit--btnAddTimeSegment"}]}
RESULT: undefined
COMMAND: POST /session/be9a23df4294472c3cbe97a105488dd6/element - {"using":"xpath","value":"//*[@id=\"application-manageresources-display-component---newResourceUnit--btnAddTimeSegment\"]"}
RESULT: {}
RESULT: {"using":"xpath","value":"//*[@id=\"application-manageresources-display-component---newResourceUnit--btnAddTimeSegment\"]"}
COMMAND: POST /session/be9a23df4294472c3cbe97a105488dd6/element/f.6CFE3FC8FA908A587831E8FD5FC52521.d.A97E5BAB9D01609B9DBCBED77E220B47.e.3316/click - {}
RESULT: {}
COMMAND: GET /session/be9a23df4294472c3cbe97a105488dd6/screenshot - {}
RESULT: {}
COMMAND: POST /session/be9a23df4294472c3cbe97a105488dd6/element - {"using":"xpath","value":"//input[@id=\"application-manageresources-display-component---newResourceUnit--idRuTSAdmin-application-manageresources-display-component---newResourceUnit--RUTimeSegment-0-inner\"]"}
RESULT: {"using":"xpath","value":"//input[@id=\"application-manageresources-display-component---newResourceUnit--idRuTSAdmin-application-manageresources-display-component---newResourceUnit--RUTimeSegment-0-inner\"]"}
COMMAND: POST /session/be9a23df4294472c3cbe97a105488dd6/element/f.6CFE3FC8FA908A587831E8FD5FC52521.d.A97E5BAB9D01609B9DBCBED77E220B47.e.3322/clear - {}
RESULT: {}
COMMAND: POST /session/be9a23df4294472c3cbe97a105488dd6/element/f.6CFE3FC8FA908A587831E8FD5FC52521.d.A97E5BAB9D01609B9DBCBED77E220B47.e.3322/value - {"text":"555"}
COMMAND: GET /session/be9a23df4294472c3cbe97a105488dd6/screenshot - {}
RESULT: {"text":"555"}
COMMAND: GET /session/be9a23df4294472c3cbe97a105488dd6/screenshot - {}
RESULT: {}
RESULT: {}
COMMAND: POST /session/be9a23df4294472c3cbe97a105488dd6/element - {"using":"xpath","value":"//li[.//span[text()='555']]"}
RESULT: {"using":"xpath","value":"//li[.//span[text()='555']]"}
COMMAND: POST /session/be9a23df4294472c3cbe97a105488dd6/element/f.6CFE3FC8FA908A587831E8FD5FC52521.d.A97E5BAB9D01609B9DBCBED77E220B47.e.3334/click - {}
RESULT: {}
COMMAND: GET /session/be9a23df4294472c3cbe97a105488dd6/screenshot - {}
RESULT: {}
COMMAND: POST /session/be9a23df4294472c3cbe97a105488dd6/element - {"using":"xpath","value":"(//span[contains(@id, \"-application-manageresources-display-component---newResourceUnit--RUTimeSegment-0-arrow\")])[6]"}
RESULT: {"using":"xpath","value":"(//span[contains(@id, \"-application-manageresources-display-component---newResourceUnit--RUTimeSegment-0-arrow\")])[6]"}
COMMAND: POST /session/be9a23df4294472c3cbe97a105488dd6/element/f.6CFE3FC8FA908A587831E8FD5FC52521.d.A97E5BAB9D01609B9DBCBED77E220B47.e.3335/click - {}
RESULT: {}
COMMAND: GET /session/be9a23df4294472c3cbe97a105488dd6/screenshot - {}
RESULT: {}
COMMAND: POST /session/be9a23df4294472c3cbe97a105488dd6/element - {"using":"xpath","value":"//span[contains(text(), \"PM Order\")]"}
RESULT: {"using":"xpath","value":"//span[contains(text(), \"PM Order\")]"}
COMMAND: POST /session/be9a23df4294472c3cbe97a105488dd6/element/f.6CFE3FC8FA908A587831E8FD5FC52521.d.A97E5BAB9D01609B9DBCBED77E220B47.e.3338/click - {}
RESULT: {}
COMMAND: GET /session/be9a23df4294472c3cbe97a105488dd6/screenshot - {}
RESULT: {}
COMMAND: POST /session/be9a23df4294472c3cbe97a105488dd6/element - {"using":"xpath","value":"(//span[contains(@id ,\"manageresources-display-component---newResourceUnit--RUTimeSegment-0-vhi\")])[1]"}
RESULT: {"using":"xpath","value":"(//span[contains(@id ,\"manageresources-display-component---newResourceUnit--RUTimeSegment-0-vhi\")])[1]"}
COMMAND: GET /session/be9a23df4294472c3cbe97a105488dd6/element/f.6CFE3FC8FA908A587831E8FD5FC52521.d.A97E5BAB9D01609B9DBCBED77E220B47.e.3342/rect - {}
RESULT: {}
COMMAND: GET /session/be9a23df4294472c3cbe97a105488dd6/window/rect - {}
RESULT: {}
COMMAND: POST /session/be9a23df4294472c3cbe97a105488dd6/execute/sync - {"script":"<script> [92 bytes]","args":[]}
RESULT: {"script":"<script> [92 bytes]","args":[]}
COMMAND: POST /session/be9a23df4294472c3cbe97a105488dd6/actions - {"actions":[{"id":"action10","type":"wheel","parameters":{},"actions":[{"type":"scroll","x":-869,"y":-24,"deltaX":0,"deltaY":0,"duration":0,"origin":{"element-6066-11e4-a52e-4f735466cecf":"f.6CFE3FC8FA908A587831E8FD5FC52521.d.A97E5BAB9D01609B9DBCBED77E220B47.e.3342"}}]}]}
COMMAND: GET /session/be9a23df4294472c3cbe97a105488dd6/screenshot - {}
RESULT: {"actions":[{"id":"action10","type":"wheel","parameters":{},"actions":[{"type":"scroll","x":-869,"y":-24,"deltaX":0,"deltaY":0,"duration":0,"origin":{"element-6066-11e4-a52e-4f735466cecf":"f.6CFE3FC8FA908A587831E8FD5FC52521.d.A97E5BAB9D01609B9DBCBED77E220B47.e.3342"}}]}]}
COMMAND: DELETE /session/be9a23df4294472c3cbe97a105488dd6/actions - {}
COMMAND: GET /session/be9a23df4294472c3cbe97a105488dd6/screenshot - {}
RESULT: {}
RESULT: {}
COMMAND: GET /session/be9a23df4294472c3cbe97a105488dd6/screenshot - {}
RESULT: {}
RESULT: {}
COMMAND: POST /session/be9a23df4294472c3cbe97a105488dd6/element/f.6CFE3FC8FA908A587831E8FD5FC52521.d.A97E5BAB9D01609B9DBCBED77E220B47.e.3342/click - {}
RESULT: {}
COMMAND: GET /session/be9a23df4294472c3cbe97a105488dd6/screenshot - {}
RESULT: {}
RESULT: undefined
COMMAND: POST /session/be9a23df4294472c3cbe97a105488dd6/execute/async - {"script":"<script> [776 bytes]","args":[{"enterText":"4000360","selector":{"controlType":"sap.m.SearchField","properties":{"placeholder":"Search"},"searchOpenDialogs":true,"interaction":{"idSuffix":"I"}},"clearTextFirst":true,"interactionType":"ENTER_TEXT"}]}
RESULT: {"script":"<script> [776 bytes]","args":[{"enterText":"4000360","selector":{"controlType":"sap.m.SearchField","properties":{"placeholder":"Search"},"searchOpenDialogs":true,"interaction":{"idSuffix":"I"}},"clearTextFirst":true,"interactionType":"ENTER_TEXT"}]}
COMMAND: POST /session/be9a23df4294472c3cbe97a105488dd6/actions - {"actions":[{"id":"action11","type":"key","parameters":{},"actions":[{"type":"keyDown","value":""},{"type":"pause","duration":10},{"type":"keyUp","value":""}]}]}
RESULT: {"actions":[{"id":"action11","type":"key","parameters":{},"actions":[{"type":"keyDown","value":""},{"type":"pause","duration":10},{"type":"keyUp","value":""}]}]}
COMMAND: GET /session/be9a23df4294472c3cbe97a105488dd6/screenshot - {}
RESULT: {}
COMMAND: POST /session/be9a23df4294472c3cbe97a105488dd6/element - {"using":"xpath","value":"//td/div/span[contains(text(), \"BGL Vehicles\")]"}
RESULT: {"using":"xpath","value":"//td/div/span[contains(text(), \"BGL Vehicles\")]"}
COMMAND: POST /session/be9a23df4294472c3cbe97a105488dd6/element/f.6CFE3FC8FA908A587831E8FD5FC52521.d.A97E5BAB9D01609B9DBCBED77E220B47.e.3362/click - {}
RESULT: {}
COMMAND: GET /session/be9a23df4294472c3cbe97a105488dd6/screenshot - {}
RESULT: {}
COMMAND: POST /session/be9a23df4294472c3cbe97a105488dd6/element - {"using":"xpath","value":"//bdi[contains(text(), \"OK\")]"}
RESULT: {"using":"xpath","value":"//bdi[contains(text(), \"OK\")]"}
COMMAND: POST /session/be9a23df4294472c3cbe97a105488dd6/element/f.6CFE3FC8FA908A587831E8FD5FC52521.d.A97E5BAB9D01609B9DBCBED77E220B47.e.3363/click - {}
RESULT: {}
COMMAND: GET /session/be9a23df4294472c3cbe97a105488dd6/screenshot - {}
RESULT: {}
COMMAND: POST /session/be9a23df4294472c3cbe97a105488dd6/execute/async - {"script":"<script> [1562 bytes]","args":[{"selector":{"id":"application-manageresources-display-component---newResourceUnit--newRRUPage-anchBar-application-manageresources-display-component---newResourceUnit--resource-anchor","interaction":{"idSuffix":"BDI-content"}},"wdio_ui5_key":"applicationmanageresources-display-component---newResourceUnit--newRRUPage-anchBar-application-manageresources-display-component---newResourceUnit--resource-anchor"}]}
RESULT: {"script":"<script> [1562 bytes]","args":[{"selector":{"id":"application-manageresources-display-component---newResourceUnit--newRRUPage-anchBar-application-manageresources-display-component---newResourceUnit--resource-anchor","interaction":{"idSuffix":"BDI-content"}},"wdio_ui5_key":"applicationmanageresources-display-component---newResourceUnit--newRRUPage-anchBar-application-manageresources-display-component---newResourceUnit--resource-anchor"}]}
RESULT: undefined
COMMAND: POST /session/be9a23df4294472c3cbe97a105488dd6/element - {"using":"xpath","value":"//*[@id=\"application-manageresources-display-component---newResourceUnit--newRRUPage-anchBar-application-manageresources-display-component---newResourceUnit--resource-anchor\"]"}
RESULT: {"using":"xpath","value":"//*[@id=\"application-manageresources-display-component---newResourceUnit--newRRUPage-anchBar-application-manageresources-display-component---newResourceUnit--resource-anchor\"]"}
COMMAND: POST /session/be9a23df4294472c3cbe97a105488dd6/element/f.6CFE3FC8FA908A587831E8FD5FC52521.d.A97E5BAB9D01609B9DBCBED77E220B47.e.3367/click - {}
RESULT: {}
COMMAND: POST /session/be9a23df4294472c3cbe97a105488dd6/execute/async - {"script":"<script> [1562 bytes]","args":[{"selector":{"id":"application-manageresources-display-component---newResourceUnit--PLANNED_DELIVERY_DATE","interaction":{"idSuffix":"inner"}},"wdio_ui5_key":"applicationmanageresources-display-component---newResourceUnit--PLANNED_DELIVERY_DATE"}]}
COMMAND: GET /session/be9a23df4294472c3cbe97a105488dd6/screenshot - {}
RESULT: {"script":"<script> [1562 bytes]","args":[{"selector":{"id":"application-manageresources-display-component---newResourceUnit--PLANNED_DELIVERY_DATE","interaction":{"idSuffix":"inner"}},"wdio_ui5_key":"applicationmanageresources-display-component---newResourceUnit--PLANNED_DELIVERY_DATE"}]}
RESULT: undefined
COMMAND: POST /session/be9a23df4294472c3cbe97a105488dd6/execute/async - {"script":"<script> [6424 bytes]","args":[{"element-6066-11e4-a52e-4f735466cecf":"f.6CFE3FC8FA908A587831E8FD5FC52521.d.A97E5BAB9D01609B9DBCBED77E220B47.e.3198"},"setValue",["6/1/25"]]}
RESULT: {}
RESULT: {"script":"<script> [6424 bytes]","args":[{"element-6066-11e4-a52e-4f735466cecf":"f.6CFE3FC8FA908A587831E8FD5FC52521.d.A97E5BAB9D01609B9DBCBED77E220B47.e.3198"},"setValue",["6/1/25"]]}
COMMAND: POST /session/be9a23df4294472c3cbe97a105488dd6/element - {"using":"xpath","value":"//label[contains(@class, 'sapMLabelRequired') and .//bdi[contains(text(), 'Planned Retirement')]]"}
RESULT: {"using":"xpath","value":"//label[contains(@class, 'sapMLabelRequired') and .//bdi[contains(text(), 'Planned Retirement')]]"}
COMMAND: POST /session/be9a23df4294472c3cbe97a105488dd6/elements - {"using":"xpath","value":"//label[contains(@class, 'sapMLabelRequired') and .//bdi[contains(text(), 'Planned Retirement')]]"}
RESULT: {"using":"xpath","value":"//label[contains(@class, 'sapMLabelRequired') and .//bdi[contains(text(), 'Planned Retirement')]]"}
COMMAND: POST /session/be9a23df4294472c3cbe97a105488dd6/element - {"using":"xpath","value":"//button[@data-kt=\"resourceUnitSaveButton\"]"}
RESULT: {"using":"xpath","value":"//button[@data-kt=\"resourceUnitSaveButton\"]"}
COMMAND: POST /session/be9a23df4294472c3cbe97a105488dd6/element/f.6CFE3FC8FA908A587831E8FD5FC52521.d.A97E5BAB9D01609B9DBCBED77E220B47.e.3158/click - {}
RESULT: {}
COMMAND: GET /session/be9a23df4294472c3cbe97a105488dd6/screenshot - {}
RESULT: {}
COMMAND: POST /session/be9a23df4294472c3cbe97a105488dd6/element - {"using":"xpath","value":"//bdi[contains(text(), \"Close\")]"}
RESULT: {"using":"xpath","value":"//bdi[contains(text(), \"Close\")]"}
COMMAND: POST /session/be9a23df4294472c3cbe97a105488dd6/element/f.6CFE3FC8FA908A587831E8FD5FC52521.d.A97E5BAB9D01609B9DBCBED77E220B47.e.3375/click - {}
RESULT: {}
COMMAND: GET /session/be9a23df4294472c3cbe97a105488dd6/screenshot - {}
RESULT: {}
COMMAND: POST /session/be9a23df4294472c3cbe97a105488dd6/element - {"using":"xpath","value":"(//button[contains(@id ,\"actionsToolbar-overflowButton\")])[1]"}
RESULT: {"using":"xpath","value":"(//button[contains(@id ,\"actionsToolbar-overflowButton\")])[1]"}
COMMAND: POST /session/be9a23df4294472c3cbe97a105488dd6/element/f.6CFE3FC8FA908A587831E8FD5FC52521.d.A97E5BAB9D01609B9DBCBED77E220B47.e.3432/click - {}
RESULT: {}
COMMAND: GET /session/be9a23df4294472c3cbe97a105488dd6/screenshot - {}
RESULT: {}
COMMAND: POST /session/be9a23df4294472c3cbe97a105488dd6/element - {"using":"xpath","value":"//button[@data-kt=\"priceInfoButton\"]"}
RESULT: {"using":"xpath","value":"//button[@data-kt=\"priceInfoButton\"]"}
COMMAND: POST /session/be9a23df4294472c3cbe97a105488dd6/element/f.6CFE3FC8FA908A587831E8FD5FC52521.d.A97E5BAB9D01609B9DBCBED77E220B47.e.3434/click - {}
RESULT: {}
COMMAND: GET /session/be9a23df4294472c3cbe97a105488dd6/screenshot - {}
RESULT: {}
]]></system-out>
    </testcase>
    <testcase classname="chrome.136_0_7103_93.windows.Billing_confirm_US117289" name="Should create new pricing rule" time="51.616">
      <system-out><![CDATA[
COMMAND: POST /session/be9a23df4294472c3cbe97a105488dd6/element - {"using":"xpath","value":"//button[@data-kt=\"addButton\"]"}
RESULT: {"using":"xpath","value":"//button[@data-kt=\"addButton\"]"}
COMMAND: POST /session/be9a23df4294472c3cbe97a105488dd6/elements - {"using":"xpath","value":"//button[@data-kt=\"addButton\"]"}
RESULT: {"using":"xpath","value":"//button[@data-kt=\"addButton\"]"}
COMMAND: POST /session/be9a23df4294472c3cbe97a105488dd6/elements - {"using":"xpath","value":"//button[@data-kt=\"addButton\"]"}
RESULT: {"using":"xpath","value":"//button[@data-kt=\"addButton\"]"}
COMMAND: POST /session/be9a23df4294472c3cbe97a105488dd6/element - {"using":"xpath","value":"//button[@data-kt=\"addButton\"]"}
RESULT: {"using":"xpath","value":"//button[@data-kt=\"addButton\"]"}
COMMAND: POST /session/be9a23df4294472c3cbe97a105488dd6/execute/sync - {"script":"<script> [8489 bytes]","args":[{"element-6066-11e4-a52e-4f735466cecf":"f.6CFE3FC8FA908A587831E8FD5FC52521.d.A97E5BAB9D01609B9DBCBED77E220B47.e.3477","ELEMENT":"f.6CFE3FC8FA908A587831E8FD5FC52521.d.A97E5BAB9D01609B9DBCBED77E220B47.e.3477"}]}
RESULT: {"script":"<script> [8489 bytes]","args":[{"element-6066-11e4-a52e-4f735466cecf":"f.6CFE3FC8FA908A587831E8FD5FC52521.d.A97E5BAB9D01609B9DBCBED77E220B47.e.3477","ELEMENT":"f.6CFE3FC8FA908A587831E8FD5FC52521.d.A97E5BAB9D01609B9DBCBED77E220B47.e.3477"}]}
COMMAND: GET /session/be9a23df4294472c3cbe97a105488dd6/element/f.6CFE3FC8FA908A587831E8FD5FC52521.d.A97E5BAB9D01609B9DBCBED77E220B47.e.3477/enabled - {}
COMMAND: GET /session/be9a23df4294472c3cbe97a105488dd6/screenshot - {}
RESULT: {}
RESULT: {}
COMMAND: POST /session/be9a23df4294472c3cbe97a105488dd6/execute/sync - {"script":"<script> [8489 bytes]","args":[{"element-6066-11e4-a52e-4f735466cecf":"f.6CFE3FC8FA908A587831E8FD5FC52521.d.A97E5BAB9D01609B9DBCBED77E220B47.e.3477","ELEMENT":"f.6CFE3FC8FA908A587831E8FD5FC52521.d.A97E5BAB9D01609B9DBCBED77E220B47.e.3477"}]}
COMMAND: GET /session/be9a23df4294472c3cbe97a105488dd6/screenshot - {}
RESULT: {"script":"<script> [8489 bytes]","args":[{"element-6066-11e4-a52e-4f735466cecf":"f.6CFE3FC8FA908A587831E8FD5FC52521.d.A97E5BAB9D01609B9DBCBED77E220B47.e.3477","ELEMENT":"f.6CFE3FC8FA908A587831E8FD5FC52521.d.A97E5BAB9D01609B9DBCBED77E220B47.e.3477"}]}
COMMAND: POST /session/be9a23df4294472c3cbe97a105488dd6/execute/sync - {"script":"<script> [5351 bytes]","args":[{"element-6066-11e4-a52e-4f735466cecf":"f.6CFE3FC8FA908A587831E8FD5FC52521.d.A97E5BAB9D01609B9DBCBED77E220B47.e.3477","ELEMENT":"f.6CFE3FC8FA908A587831E8FD5FC52521.d.A97E5BAB9D01609B9DBCBED77E220B47.e.3477"}]}
COMMAND: GET /session/be9a23df4294472c3cbe97a105488dd6/screenshot - {}
RESULT: {}
RESULT: {"script":"<script> [5351 bytes]","args":[{"element-6066-11e4-a52e-4f735466cecf":"f.6CFE3FC8FA908A587831E8FD5FC52521.d.A97E5BAB9D01609B9DBCBED77E220B47.e.3477","ELEMENT":"f.6CFE3FC8FA908A587831E8FD5FC52521.d.A97E5BAB9D01609B9DBCBED77E220B47.e.3477"}]}
COMMAND: POST /session/be9a23df4294472c3cbe97a105488dd6/element/f.6CFE3FC8FA908A587831E8FD5FC52521.d.A97E5BAB9D01609B9DBCBED77E220B47.e.3477/click - {}
COMMAND: GET /session/be9a23df4294472c3cbe97a105488dd6/screenshot - {}
RESULT: {}
RESULT: {}
COMMAND: GET /session/be9a23df4294472c3cbe97a105488dd6/screenshot - {}
RESULT: {}
RESULT: {}
COMMAND: POST /session/be9a23df4294472c3cbe97a105488dd6/execute/async - {"script":"<script> [1562 bytes]","args":[{"selector":{"controlType":"sap.m.Title","viewName":"etm.portal.ui.managepricingrules.view.NewItem","viewId":"application-managepricingrules-display-component---newInfoPriceItem","properties":{"text":"New Pricing Rules - Item Level"}},"wdio_ui5_key":"etmportal.ui.managepricingrules.view.NewItemsap.m.Title{\"text\":\"New Pricing Rules - Item Level\"}"}]}
RESULT: {"script":"<script> [1562 bytes]","args":[{"selector":{"controlType":"sap.m.Title","viewName":"etm.portal.ui.managepricingrules.view.NewItem","viewId":"application-managepricingrules-display-component---newInfoPriceItem","properties":{"text":"New Pricing Rules - Item Level"}},"wdio_ui5_key":"etmportal.ui.managepricingrules.view.NewItemsap.m.Title{\"text\":\"New Pricing Rules - Item Level\"}"}]}
RESULT: undefined
COMMAND: POST /session/be9a23df4294472c3cbe97a105488dd6/execute/async - {"script":"<script> [6424 bytes]","args":[{"element-6066-11e4-a52e-4f735466cecf":"f.6CFE3FC8FA908A587831E8FD5FC52521.d.A97E5BAB9D01609B9DBCBED77E220B47.e.3647"},"getText",[]]}
RESULT: {"script":"<script> [6424 bytes]","args":[{"element-6066-11e4-a52e-4f735466cecf":"f.6CFE3FC8FA908A587831E8FD5FC52521.d.A97E5BAB9D01609B9DBCBED77E220B47.e.3647"},"getText",[]]}
COMMAND: POST /session/be9a23df4294472c3cbe97a105488dd6/execute/async - {"script":"<script> [1562 bytes]","args":[{"selector":{"id":"application-managepricingrules-display-component---newInfoPriceItem--condValidTo","interaction":{"idSuffix":"inner"}},"wdio_ui5_key":"applicationmanagepricingrules-display-component---newInfoPriceItem--condValidTo"}]}
RESULT: {"script":"<script> [1562 bytes]","args":[{"selector":{"id":"application-managepricingrules-display-component---newInfoPriceItem--condValidTo","interaction":{"idSuffix":"inner"}},"wdio_ui5_key":"applicationmanagepricingrules-display-component---newInfoPriceItem--condValidTo"}]}
RESULT: undefined
COMMAND: POST /session/be9a23df4294472c3cbe97a105488dd6/execute/async - {"script":"<script> [776 bytes]","args":[{"enterText":"2/1/26","selector":{"id":"application-managepricingrules-display-component---newInfoPriceItem--condValidTo","interaction":{"idSuffix":"inner"}},"clearTextFirst":true,"interactionType":"ENTER_TEXT"}]}
RESULT: {"script":"<script> [776 bytes]","args":[{"enterText":"2/1/26","selector":{"id":"application-managepricingrules-display-component---newInfoPriceItem--condValidTo","interaction":{"idSuffix":"inner"}},"clearTextFirst":true,"interactionType":"ENTER_TEXT"}]}
COMMAND: POST /session/be9a23df4294472c3cbe97a105488dd6/execute/async - {"script":"<script> [1562 bytes]","args":[{"selector":{"id":"application-managepricingrules-display-component---newInfoPriceItem--billType-arrow"},"wdio_ui5_key":"applicationmanagepricingrules-display-component---newInfoPriceItem--billType-arrow"}]}
RESULT: {"script":"<script> [1562 bytes]","args":[{"selector":{"id":"application-managepricingrules-display-component---newInfoPriceItem--billType-arrow"},"wdio_ui5_key":"applicationmanagepricingrules-display-component---newInfoPriceItem--billType-arrow"}]}
RESULT: undefined
COMMAND: POST /session/be9a23df4294472c3cbe97a105488dd6/element - {"using":"xpath","value":"//*[@id=\"application-managepricingrules-display-component---newInfoPriceItem--billType-arrow\"]"}
RESULT: {"using":"xpath","value":"//*[@id=\"application-managepricingrules-display-component---newInfoPriceItem--billType-arrow\"]"}
COMMAND: POST /session/be9a23df4294472c3cbe97a105488dd6/element/f.6CFE3FC8FA908A587831E8FD5FC52521.d.A97E5BAB9D01609B9DBCBED77E220B47.e.3607/click - {}
RESULT: {}
COMMAND: POST /session/be9a23df4294472c3cbe97a105488dd6/element - {"using":"xpath","value":"//span[contains(text(), \"TB - Time based\")]"}
COMMAND: GET /session/be9a23df4294472c3cbe97a105488dd6/screenshot - {}
RESULT: {"using":"xpath","value":"//span[contains(text(), \"TB - Time based\")]"}
COMMAND: POST /session/be9a23df4294472c3cbe97a105488dd6/element/f.6CFE3FC8FA908A587831E8FD5FC52521.d.A97E5BAB9D01609B9DBCBED77E220B47.e.3649/click - {}
RESULT: {}
RESULT: {}
COMMAND: POST /session/be9a23df4294472c3cbe97a105488dd6/execute/async - {"script":"<script> [1562 bytes]","args":[{"selector":{"id":"application-managepricingrules-display-component---newInfoPriceItem--priceProc-arrow"},"wdio_ui5_key":"applicationmanagepricingrules-display-component---newInfoPriceItem--priceProc-arrow"}]}
COMMAND: GET /session/be9a23df4294472c3cbe97a105488dd6/screenshot - {}
RESULT: {"script":"<script> [1562 bytes]","args":[{"selector":{"id":"application-managepricingrules-display-component---newInfoPriceItem--priceProc-arrow"},"wdio_ui5_key":"applicationmanagepricingrules-display-component---newInfoPriceItem--priceProc-arrow"}]}
RESULT: undefined
COMMAND: POST /session/be9a23df4294472c3cbe97a105488dd6/element - {"using":"xpath","value":"//*[@id=\"application-managepricingrules-display-component---newInfoPriceItem--priceProc-arrow\"]"}
RESULT: {}
RESULT: {"using":"xpath","value":"//*[@id=\"application-managepricingrules-display-component---newInfoPriceItem--priceProc-arrow\"]"}
COMMAND: POST /session/be9a23df4294472c3cbe97a105488dd6/element/f.6CFE3FC8FA908A587831E8FD5FC52521.d.A97E5BAB9D01609B9DBCBED77E220B47.e.3614/click - {}
RESULT: {}
COMMAND: POST /session/be9a23df4294472c3cbe97a105488dd6/element - {"using":"xpath","value":"//span[contains(text(), \"TBS - Time based standard\")]"}
COMMAND: GET /session/be9a23df4294472c3cbe97a105488dd6/screenshot - {}
RESULT: {"using":"xpath","value":"//span[contains(text(), \"TBS - Time based standard\")]"}
COMMAND: POST /session/be9a23df4294472c3cbe97a105488dd6/element/f.6CFE3FC8FA908A587831E8FD5FC52521.d.A97E5BAB9D01609B9DBCBED77E220B47.e.3650/click - {}
RESULT: {}
RESULT: {}
COMMAND: POST /session/be9a23df4294472c3cbe97a105488dd6/execute/async - {"script":"<script> [1562 bytes]","args":[{"selector":{"id":"application-managepricingrules-display-component---newInfoPriceItem--calcBase-arrow"},"wdio_ui5_key":"applicationmanagepricingrules-display-component---newInfoPriceItem--calcBase-arrow"}]}
COMMAND: GET /session/be9a23df4294472c3cbe97a105488dd6/screenshot - {}
RESULT: {"script":"<script> [1562 bytes]","args":[{"selector":{"id":"application-managepricingrules-display-component---newInfoPriceItem--calcBase-arrow"},"wdio_ui5_key":"applicationmanagepricingrules-display-component---newInfoPriceItem--calcBase-arrow"}]}
RESULT: undefined
COMMAND: POST /session/be9a23df4294472c3cbe97a105488dd6/element - {"using":"xpath","value":"//*[@id=\"application-managepricingrules-display-component---newInfoPriceItem--calcBase-arrow\"]"}
RESULT: {}
RESULT: {"using":"xpath","value":"//*[@id=\"application-managepricingrules-display-component---newInfoPriceItem--calcBase-arrow\"]"}
COMMAND: POST /session/be9a23df4294472c3cbe97a105488dd6/element/f.6CFE3FC8FA908A587831E8FD5FC52521.d.A97E5BAB9D01609B9DBCBED77E220B47.e.3621/click - {}
RESULT: {}
COMMAND: GET /session/be9a23df4294472c3cbe97a105488dd6/screenshot - {}
RESULT: {}
COMMAND: POST /session/be9a23df4294472c3cbe97a105488dd6/element - {"using":"xpath","value":"//span[contains(text(), \"0006 - TB(calendar days)\")]"}
RESULT: {"using":"xpath","value":"//span[contains(text(), \"0006 - TB(calendar days)\")]"}
COMMAND: POST /session/be9a23df4294472c3cbe97a105488dd6/element/f.6CFE3FC8FA908A587831E8FD5FC52521.d.A97E5BAB9D01609B9DBCBED77E220B47.e.3651/click - {}
RESULT: {}
COMMAND: GET /session/be9a23df4294472c3cbe97a105488dd6/screenshot - {}
RESULT: {}
COMMAND: POST /session/be9a23df4294472c3cbe97a105488dd6/execute/async - {"script":"<script> [1562 bytes]","args":[{"selector":{"id":"application-managepricingrules-display-component---newInfoPriceItem--daysMonth","interaction":{"idSuffix":"inner"}},"wdio_ui5_key":"applicationmanagepricingrules-display-component---newInfoPriceItem--daysMonth"}]}
RESULT: {"script":"<script> [1562 bytes]","args":[{"selector":{"id":"application-managepricingrules-display-component---newInfoPriceItem--daysMonth","interaction":{"idSuffix":"inner"}},"wdio_ui5_key":"applicationmanagepricingrules-display-component---newInfoPriceItem--daysMonth"}]}
RESULT: undefined
COMMAND: POST /session/be9a23df4294472c3cbe97a105488dd6/execute/async - {"script":"<script> [776 bytes]","args":[{"enterText":"30","selector":{"id":"application-managepricingrules-display-component---newInfoPriceItem--daysMonth","interaction":{"idSuffix":"inner"}},"clearTextFirst":true,"interactionType":"ENTER_TEXT"}]}
RESULT: {"script":"<script> [776 bytes]","args":[{"enterText":"30","selector":{"id":"application-managepricingrules-display-component---newInfoPriceItem--daysMonth","interaction":{"idSuffix":"inner"}},"clearTextFirst":true,"interactionType":"ENTER_TEXT"}]}
COMMAND: POST /session/be9a23df4294472c3cbe97a105488dd6/element - {"using":"xpath","value":"//button[@data-kt=\"saveNewRuleButton\"]"}
RESULT: {"using":"xpath","value":"//button[@data-kt=\"saveNewRuleButton\"]"}
COMMAND: POST /session/be9a23df4294472c3cbe97a105488dd6/element/f.6CFE3FC8FA908A587831E8FD5FC52521.d.A97E5BAB9D01609B9DBCBED77E220B47.e.3641/click - {}
RESULT: {}
COMMAND: GET /session/be9a23df4294472c3cbe97a105488dd6/screenshot - {}
RESULT: {}
COMMAND: POST /session/be9a23df4294472c3cbe97a105488dd6/execute/async - {"script":"<script> [1562 bytes]","args":[{"selector":{"id":"application-managepricingrules-display-component---priceInfoItem--smartFilterBar-btnBasicSearch","interaction":{"idSuffix":"I"}},"wdio_ui5_key":"applicationmanagepricingrules-display-component---priceInfoItem--smartFilterBar-btnBasicSearch"}]}
RESULT: {"script":"<script> [1562 bytes]","args":[{"selector":{"id":"application-managepricingrules-display-component---priceInfoItem--smartFilterBar-btnBasicSearch","interaction":{"idSuffix":"I"}},"wdio_ui5_key":"applicationmanagepricingrules-display-component---priceInfoItem--smartFilterBar-btnBasicSearch"}]}
RESULT: undefined
COMMAND: POST /session/be9a23df4294472c3cbe97a105488dd6/execute/async - {"script":"<script> [776 bytes]","args":[{"enterText":"Lgtsb39D2y","selector":{"id":"application-managepricingrules-display-component---priceInfoItem--smartFilterBar-btnBasicSearch","interaction":{"idSuffix":"I"}},"clearTextFirst":true,"interactionType":"ENTER_TEXT"}]}
RESULT: {"script":"<script> [776 bytes]","args":[{"enterText":"Lgtsb39D2y","selector":{"id":"application-managepricingrules-display-component---priceInfoItem--smartFilterBar-btnBasicSearch","interaction":{"idSuffix":"I"}},"clearTextFirst":true,"interactionType":"ENTER_TEXT"}]}
COMMAND: POST /session/be9a23df4294472c3cbe97a105488dd6/actions - {"actions":[{"id":"action12","type":"key","parameters":{},"actions":[{"type":"keyDown","value":""},{"type":"pause","duration":10},{"type":"keyUp","value":""}]}]}
RESULT: {"actions":[{"id":"action12","type":"key","parameters":{},"actions":[{"type":"keyDown","value":""},{"type":"pause","duration":10},{"type":"keyUp","value":""}]}]}
COMMAND: GET /session/be9a23df4294472c3cbe97a105488dd6/screenshot - {}
RESULT: {}
COMMAND: POST /session/be9a23df4294472c3cbe97a105488dd6/element - {"using":"xpath","value":"//span[@id=\"application-managepricingrules-display-component---priceInfoItem--smartTable-header-inner\"]"}
RESULT: {"using":"xpath","value":"//span[@id=\"application-managepricingrules-display-component---priceInfoItem--smartTable-header-inner\"]"}
COMMAND: POST /session/be9a23df4294472c3cbe97a105488dd6/elements - {"using":"xpath","value":"//span[@id=\"application-managepricingrules-display-component---priceInfoItem--smartTable-header-inner\"]"}
RESULT: {"using":"xpath","value":"//span[@id=\"application-managepricingrules-display-component---priceInfoItem--smartTable-header-inner\"]"}
COMMAND: POST /session/be9a23df4294472c3cbe97a105488dd6/execute/sync - {"script":"<script> [56 bytes]","args":[{"element-6066-11e4-a52e-4f735466cecf":"f.6CFE3FC8FA908A587831E8FD5FC52521.d.A97E5BAB9D01609B9DBCBED77E220B47.e.3676","ELEMENT":"f.6CFE3FC8FA908A587831E8FD5FC52521.d.A97E5BAB9D01609B9DBCBED77E220B47.e.3676"}]}
RESULT: {"script":"<script> [56 bytes]","args":[{"element-6066-11e4-a52e-4f735466cecf":"f.6CFE3FC8FA908A587831E8FD5FC52521.d.A97E5BAB9D01609B9DBCBED77E220B47.e.3676","ELEMENT":"f.6CFE3FC8FA908A587831E8FD5FC52521.d.A97E5BAB9D01609B9DBCBED77E220B47.e.3676"}]}
COMMAND: POST /session/be9a23df4294472c3cbe97a105488dd6/element - {"using":"css selector","value":"#shell-header-logo"}
COMMAND: GET /session/be9a23df4294472c3cbe97a105488dd6/screenshot - {}
RESULT: {"using":"css selector","value":"#shell-header-logo"}
COMMAND: POST /session/be9a23df4294472c3cbe97a105488dd6/element/f.6CFE3FC8FA908A587831E8FD5FC52521.d.A97E5BAB9D01609B9DBCBED77E220B47.e.2743/click - {}
RESULT: {}
RESULT: {}
COMMAND: GET /session/be9a23df4294472c3cbe97a105488dd6/screenshot - {}
RESULT: {}
]]></system-out>
    </testcase>
    <testcase classname="chrome.136_0_7103_93.windows.Billing_confirm_US117289" name="Should create new condition for equipment" time="64.122">
      <system-out><![CDATA[
COMMAND: POST /session/be9a23df4294472c3cbe97a105488dd6/execute/async - {"script":"<script> [1562 bytes]","args":[{"selector":{"controlType":"sap.m.GenericTile","properties":{"header":"Manage Conditions & Prices"}},"wdio_ui5_key":"sapm.GenericTile{\"header\":\"Manage Conditions & Prices\"}"}]}
RESULT: {"script":"<script> [1562 bytes]","args":[{"selector":{"controlType":"sap.m.GenericTile","properties":{"header":"Manage Conditions & Prices"}},"wdio_ui5_key":"sapm.GenericTile{\"header\":\"Manage Conditions & Prices\"}"}]}
RESULT: undefined
COMMAND: POST /session/be9a23df4294472c3cbe97a105488dd6/element - {"using":"xpath","value":"//*[@id=\"__tile53\"]"}
RESULT: {"using":"xpath","value":"//*[@id=\"__tile53\"]"}
COMMAND: POST /session/be9a23df4294472c3cbe97a105488dd6/element/f.6CFE3FC8FA908A587831E8FD5FC52521.d.A97E5BAB9D01609B9DBCBED77E220B47.e.200/click - {}
RESULT: {}
COMMAND: GET /session/be9a23df4294472c3cbe97a105488dd6/screenshot - {}
RESULT: {}
COMMAND: POST /session/be9a23df4294472c3cbe97a105488dd6/elements - {"using":"xpath","value":"//span[text()='Error']"}
RESULT: {"using":"xpath","value":"//span[text()='Error']"}
COMMAND: POST /session/be9a23df4294472c3cbe97a105488dd6/element - {"using":"xpath","value":"//button[@aria-label=\"Create\"]"}
RESULT: {"using":"xpath","value":"//button[@aria-label=\"Create\"]"}
COMMAND: POST /session/be9a23df4294472c3cbe97a105488dd6/elements - {"using":"xpath","value":"//button[@aria-label=\"Create\"]"}
RESULT: {"using":"xpath","value":"//button[@aria-label=\"Create\"]"}
COMMAND: POST /session/be9a23df4294472c3cbe97a105488dd6/execute/sync - {"script":"<script> [8489 bytes]","args":[{"element-6066-11e4-a52e-4f735466cecf":"f.6CFE3FC8FA908A587831E8FD5FC52521.d.A97E5BAB9D01609B9DBCBED77E220B47.e.3717","ELEMENT":"f.6CFE3FC8FA908A587831E8FD5FC52521.d.A97E5BAB9D01609B9DBCBED77E220B47.e.3717"}]}
RESULT: {"script":"<script> [8489 bytes]","args":[{"element-6066-11e4-a52e-4f735466cecf":"f.6CFE3FC8FA908A587831E8FD5FC52521.d.A97E5BAB9D01609B9DBCBED77E220B47.e.3717","ELEMENT":"f.6CFE3FC8FA908A587831E8FD5FC52521.d.A97E5BAB9D01609B9DBCBED77E220B47.e.3717"}]}
COMMAND: GET /session/be9a23df4294472c3cbe97a105488dd6/element/f.6CFE3FC8FA908A587831E8FD5FC52521.d.A97E5BAB9D01609B9DBCBED77E220B47.e.3717/enabled - {}
COMMAND: GET /session/be9a23df4294472c3cbe97a105488dd6/screenshot - {}
RESULT: {}
COMMAND: POST /session/be9a23df4294472c3cbe97a105488dd6/execute/sync - {"script":"<script> [8489 bytes]","args":[{"element-6066-11e4-a52e-4f735466cecf":"f.6CFE3FC8FA908A587831E8FD5FC52521.d.A97E5BAB9D01609B9DBCBED77E220B47.e.3717","ELEMENT":"f.6CFE3FC8FA908A587831E8FD5FC52521.d.A97E5BAB9D01609B9DBCBED77E220B47.e.3717"}]}
COMMAND: GET /session/be9a23df4294472c3cbe97a105488dd6/screenshot - {}
RESULT: {}
RESULT: {"script":"<script> [8489 bytes]","args":[{"element-6066-11e4-a52e-4f735466cecf":"f.6CFE3FC8FA908A587831E8FD5FC52521.d.A97E5BAB9D01609B9DBCBED77E220B47.e.3717","ELEMENT":"f.6CFE3FC8FA908A587831E8FD5FC52521.d.A97E5BAB9D01609B9DBCBED77E220B47.e.3717"}]}
COMMAND: POST /session/be9a23df4294472c3cbe97a105488dd6/execute/sync - {"script":"<script> [5351 bytes]","args":[{"element-6066-11e4-a52e-4f735466cecf":"f.6CFE3FC8FA908A587831E8FD5FC52521.d.A97E5BAB9D01609B9DBCBED77E220B47.e.3717","ELEMENT":"f.6CFE3FC8FA908A587831E8FD5FC52521.d.A97E5BAB9D01609B9DBCBED77E220B47.e.3717"}]}
COMMAND: GET /session/be9a23df4294472c3cbe97a105488dd6/screenshot - {}
RESULT: {}
RESULT: {"script":"<script> [5351 bytes]","args":[{"element-6066-11e4-a52e-4f735466cecf":"f.6CFE3FC8FA908A587831E8FD5FC52521.d.A97E5BAB9D01609B9DBCBED77E220B47.e.3717","ELEMENT":"f.6CFE3FC8FA908A587831E8FD5FC52521.d.A97E5BAB9D01609B9DBCBED77E220B47.e.3717"}]}
COMMAND: POST /session/be9a23df4294472c3cbe97a105488dd6/element/f.6CFE3FC8FA908A587831E8FD5FC52521.d.A97E5BAB9D01609B9DBCBED77E220B47.e.3717/click - {}
COMMAND: GET /session/be9a23df4294472c3cbe97a105488dd6/screenshot - {}
RESULT: {}
RESULT: {}
COMMAND: GET /session/be9a23df4294472c3cbe97a105488dd6/screenshot - {}
RESULT: {}
RESULT: {}
COMMAND: POST /session/be9a23df4294472c3cbe97a105488dd6/actions - {"actions":[{"id":"action13","type":"key","parameters":{},"actions":[{"type":"keyDown","value":""},{"type":"pause","duration":10},{"type":"keyUp","value":""}]}]}
RESULT: {"actions":[{"id":"action13","type":"key","parameters":{},"actions":[{"type":"keyDown","value":""},{"type":"pause","duration":10},{"type":"keyUp","value":""}]}]}
COMMAND: GET /session/be9a23df4294472c3cbe97a105488dd6/screenshot - {}
RESULT: {}
COMMAND: POST /session/be9a23df4294472c3cbe97a105488dd6/execute/async - {"script":"<script> [1562 bytes]","args":[{"selector":{"id":"application-manageconditionprice-display-component---newCondition--condBillCond-arrow"},"wdio_ui5_key":"applicationmanageconditionprice-display-component---newCondition--condBillCond-arrow"}]}
RESULT: {"script":"<script> [1562 bytes]","args":[{"selector":{"id":"application-manageconditionprice-display-component---newCondition--condBillCond-arrow"},"wdio_ui5_key":"applicationmanageconditionprice-display-component---newCondition--condBillCond-arrow"}]}
RESULT: undefined
COMMAND: POST /session/be9a23df4294472c3cbe97a105488dd6/element - {"using":"xpath","value":"//*[@id=\"application-manageconditionprice-display-component---newCondition--condBillCond-arrow\"]"}
RESULT: {"using":"xpath","value":"//*[@id=\"application-manageconditionprice-display-component---newCondition--condBillCond-arrow\"]"}
COMMAND: POST /session/be9a23df4294472c3cbe97a105488dd6/element/f.6CFE3FC8FA908A587831E8FD5FC52521.d.A97E5BAB9D01609B9DBCBED77E220B47.e.3928/click - {}
RESULT: {}
COMMAND: GET /session/be9a23df4294472c3cbe97a105488dd6/screenshot - {}
RESULT: {}
COMMAND: POST /session/be9a23df4294472c3cbe97a105488dd6/element - {"using":"xpath","value":"//li[.//span[contains(text(), \"DISP - D&I special price\")]]"}
RESULT: {"using":"xpath","value":"//li[.//span[contains(text(), \"DISP - D&I special price\")]]"}
COMMAND: POST /session/be9a23df4294472c3cbe97a105488dd6/element/f.6CFE3FC8FA908A587831E8FD5FC52521.d.A97E5BAB9D01609B9DBCBED77E220B47.e.3931/click - {}
RESULT: {}
COMMAND: GET /session/be9a23df4294472c3cbe97a105488dd6/screenshot - {}
RESULT: {}
COMMAND: POST /session/be9a23df4294472c3cbe97a105488dd6/execute/async - {"script":"<script> [1562 bytes]","args":[{"selector":{"id":"application-manageconditionprice-display-component---newCondition--condValidTo","interaction":{"idSuffix":"inner"}},"wdio_ui5_key":"applicationmanageconditionprice-display-component---newCondition--condValidTo"}]}
RESULT: {"script":"<script> [1562 bytes]","args":[{"selector":{"id":"application-manageconditionprice-display-component---newCondition--condValidTo","interaction":{"idSuffix":"inner"}},"wdio_ui5_key":"applicationmanageconditionprice-display-component---newCondition--condValidTo"}]}
RESULT: undefined
COMMAND: POST /session/be9a23df4294472c3cbe97a105488dd6/execute/async - {"script":"<script> [776 bytes]","args":[{"enterText":"2/1/26","selector":{"id":"application-manageconditionprice-display-component---newCondition--condValidTo","interaction":{"idSuffix":"inner"}},"clearTextFirst":true,"interactionType":"ENTER_TEXT"}]}
RESULT: {"script":"<script> [776 bytes]","args":[{"enterText":"2/1/26","selector":{"id":"application-manageconditionprice-display-component---newCondition--condValidTo","interaction":{"idSuffix":"inner"}},"clearTextFirst":true,"interactionType":"ENTER_TEXT"}]}
COMMAND: POST /session/be9a23df4294472c3cbe97a105488dd6/element - {"using":"xpath","value":"//input[@id=\"application-manageconditionprice-display-component---newCondition--condRU-inner\"]"}
RESULT: {"using":"xpath","value":"//input[@id=\"application-manageconditionprice-display-component---newCondition--condRU-inner\"]"}
COMMAND: POST /session/be9a23df4294472c3cbe97a105488dd6/element/f.6CFE3FC8FA908A587831E8FD5FC52521.d.A97E5BAB9D01609B9DBCBED77E220B47.e.3764/clear - {}
RESULT: {}
COMMAND: POST /session/be9a23df4294472c3cbe97a105488dd6/element/f.6CFE3FC8FA908A587831E8FD5FC52521.d.A97E5BAB9D01609B9DBCBED77E220B47.e.3764/value - {"text":"Lgtsb39D2y"}
COMMAND: GET /session/be9a23df4294472c3cbe97a105488dd6/screenshot - {}
RESULT: {"text":"Lgtsb39D2y"}
COMMAND: GET /session/be9a23df4294472c3cbe97a105488dd6/screenshot - {}
RESULT: {}
RESULT: {}
COMMAND: POST /session/be9a23df4294472c3cbe97a105488dd6/actions - {"actions":[{"id":"action14","type":"key","parameters":{},"actions":[{"type":"keyDown","value":""},{"type":"pause","duration":10},{"type":"keyUp","value":""}]}]}
RESULT: {"actions":[{"id":"action14","type":"key","parameters":{},"actions":[{"type":"keyDown","value":""},{"type":"pause","duration":10},{"type":"keyUp","value":""}]}]}
COMMAND: POST /session/be9a23df4294472c3cbe97a105488dd6/execute/async - {"script":"<script> [1562 bytes]","args":[{"selector":{"id":"application-manageconditionprice-display-component---newCondition--condBaseQty","interaction":{"idSuffix":"inner"}},"wdio_ui5_key":"applicationmanageconditionprice-display-component---newCondition--condBaseQty"}]}
COMMAND: GET /session/be9a23df4294472c3cbe97a105488dd6/screenshot - {}
RESULT: {"script":"<script> [1562 bytes]","args":[{"selector":{"id":"application-manageconditionprice-display-component---newCondition--condBaseQty","interaction":{"idSuffix":"inner"}},"wdio_ui5_key":"applicationmanageconditionprice-display-component---newCondition--condBaseQty"}]}
RESULT: undefined
COMMAND: POST /session/be9a23df4294472c3cbe97a105488dd6/execute/async - {"script":"<script> [776 bytes]","args":[{"enterText":"1","selector":{"id":"application-manageconditionprice-display-component---newCondition--condBaseQty","interaction":{"idSuffix":"inner"}},"clearTextFirst":true,"interactionType":"ENTER_TEXT"}]}
RESULT: {}
RESULT: {"script":"<script> [776 bytes]","args":[{"enterText":"1","selector":{"id":"application-manageconditionprice-display-component---newCondition--condBaseQty","interaction":{"idSuffix":"inner"}},"clearTextFirst":true,"interactionType":"ENTER_TEXT"}]}
COMMAND: POST /session/be9a23df4294472c3cbe97a105488dd6/execute/async - {"script":"<script> [1562 bytes]","args":[{"selector":{"id":"application-manageconditionprice-display-component---newCondition--condValue","interaction":{"idSuffix":"inner"}},"wdio_ui5_key":"applicationmanageconditionprice-display-component---newCondition--condValue"}]}
RESULT: {"script":"<script> [1562 bytes]","args":[{"selector":{"id":"application-manageconditionprice-display-component---newCondition--condValue","interaction":{"idSuffix":"inner"}},"wdio_ui5_key":"applicationmanageconditionprice-display-component---newCondition--condValue"}]}
RESULT: undefined
COMMAND: POST /session/be9a23df4294472c3cbe97a105488dd6/execute/async - {"script":"<script> [776 bytes]","args":[{"enterText":"100","selector":{"id":"application-manageconditionprice-display-component---newCondition--condValue","interaction":{"idSuffix":"inner"}},"clearTextFirst":true,"interactionType":"ENTER_TEXT"}]}
RESULT: {"script":"<script> [776 bytes]","args":[{"enterText":"100","selector":{"id":"application-manageconditionprice-display-component---newCondition--condValue","interaction":{"idSuffix":"inner"}},"clearTextFirst":true,"interactionType":"ENTER_TEXT"}]}
COMMAND: POST /session/be9a23df4294472c3cbe97a105488dd6/execute/async - {"script":"<script> [1562 bytes]","args":[{"selector":{"id":"application-manageconditionprice-display-component---newCondition--condCurr-arrow"},"wdio_ui5_key":"applicationmanageconditionprice-display-component---newCondition--condCurr-arrow"}]}
RESULT: {"script":"<script> [1562 bytes]","args":[{"selector":{"id":"application-manageconditionprice-display-component---newCondition--condCurr-arrow"},"wdio_ui5_key":"applicationmanageconditionprice-display-component---newCondition--condCurr-arrow"}]}
RESULT: undefined
COMMAND: POST /session/be9a23df4294472c3cbe97a105488dd6/element - {"using":"xpath","value":"//*[@id=\"application-manageconditionprice-display-component---newCondition--condCurr-arrow\"]"}
RESULT: {"using":"xpath","value":"//*[@id=\"application-manageconditionprice-display-component---newCondition--condCurr-arrow\"]"}
COMMAND: POST /session/be9a23df4294472c3cbe97a105488dd6/element/f.6CFE3FC8FA908A587831E8FD5FC52521.d.A97E5BAB9D01609B9DBCBED77E220B47.e.3906/click - {}
RESULT: {}
COMMAND: POST /session/be9a23df4294472c3cbe97a105488dd6/element - {"using":"xpath","value":"//span[contains(text(), \"Euro\")]"}
COMMAND: GET /session/be9a23df4294472c3cbe97a105488dd6/screenshot - {}
RESULT: {"using":"xpath","value":"//span[contains(text(), \"Euro\")]"}
COMMAND: POST /session/be9a23df4294472c3cbe97a105488dd6/element/f.6CFE3FC8FA908A587831E8FD5FC52521.d.A97E5BAB9D01609B9DBCBED77E220B47.e.3968/click - {}
RESULT: {}
RESULT: {}
COMMAND: POST /session/be9a23df4294472c3cbe97a105488dd6/element - {"using":"xpath","value":"//button[@data-kt=\"saveButton\"]"}
COMMAND: GET /session/be9a23df4294472c3cbe97a105488dd6/screenshot - {}
RESULT: {"using":"xpath","value":"//button[@data-kt=\"saveButton\"]"}
COMMAND: POST /session/be9a23df4294472c3cbe97a105488dd6/element/f.6CFE3FC8FA908A587831E8FD5FC52521.d.A97E5BAB9D01609B9DBCBED77E220B47.e.3907/click - {}
RESULT: {}
RESULT: {}
COMMAND: GET /session/be9a23df4294472c3cbe97a105488dd6/screenshot - {}
RESULT: {}
COMMAND: POST /session/be9a23df4294472c3cbe97a105488dd6/execute/async - {"script":"<script> [1562 bytes]","args":[{"selector":{"id":"application-manageconditionprice-display-component---conditions--smartFilterBar-btnBasicSearch","interaction":{"idSuffix":"I"}},"wdio_ui5_key":"applicationmanageconditionprice-display-component---conditions--smartFilterBar-btnBasicSearch"}]}
RESULT: {"script":"<script> [1562 bytes]","args":[{"selector":{"id":"application-manageconditionprice-display-component---conditions--smartFilterBar-btnBasicSearch","interaction":{"idSuffix":"I"}},"wdio_ui5_key":"applicationmanageconditionprice-display-component---conditions--smartFilterBar-btnBasicSearch"}]}
RESULT: undefined
COMMAND: POST /session/be9a23df4294472c3cbe97a105488dd6/execute/async - {"script":"<script> [776 bytes]","args":[{"enterText":"Lgtsb39D2y","selector":{"id":"application-manageconditionprice-display-component---conditions--smartFilterBar-btnBasicSearch","interaction":{"idSuffix":"I"}},"clearTextFirst":true,"interactionType":"ENTER_TEXT"}]}
RESULT: {"script":"<script> [776 bytes]","args":[{"enterText":"Lgtsb39D2y","selector":{"id":"application-manageconditionprice-display-component---conditions--smartFilterBar-btnBasicSearch","interaction":{"idSuffix":"I"}},"clearTextFirst":true,"interactionType":"ENTER_TEXT"}]}
COMMAND: POST /session/be9a23df4294472c3cbe97a105488dd6/actions - {"actions":[{"id":"action15","type":"key","parameters":{},"actions":[{"type":"keyDown","value":""},{"type":"pause","duration":10},{"type":"keyUp","value":""}]}]}
RESULT: {"actions":[{"id":"action15","type":"key","parameters":{},"actions":[{"type":"keyDown","value":""},{"type":"pause","duration":10},{"type":"keyUp","value":""}]}]}
COMMAND: GET /session/be9a23df4294472c3cbe97a105488dd6/screenshot - {}
RESULT: {}
COMMAND: POST /session/be9a23df4294472c3cbe97a105488dd6/execute/async - {"script":"<script> [1562 bytes]","args":[{"selector":{"id":"application-manageconditionprice-display-component---conditions--smartFilterBar-filterItemControl_BASIC-BILL_TYPES-vhi"},"wdio_ui5_key":"applicationmanageconditionprice-display-component---conditions--smartFilterBar-filterItemControl_BASIC-BILL_TYPES-vhi"}]}
RESULT: {"script":"<script> [1562 bytes]","args":[{"selector":{"id":"application-manageconditionprice-display-component---conditions--smartFilterBar-filterItemControl_BASIC-BILL_TYPES-vhi"},"wdio_ui5_key":"applicationmanageconditionprice-display-component---conditions--smartFilterBar-filterItemControl_BASIC-BILL_TYPES-vhi"}]}
RESULT: undefined
COMMAND: POST /session/be9a23df4294472c3cbe97a105488dd6/element - {"using":"xpath","value":"//*[@id=\"application-manageconditionprice-display-component---conditions--smartFilterBar-filterItemControl_BASIC-BILL_TYPES-vhi\"]"}
RESULT: {"using":"xpath","value":"//*[@id=\"application-manageconditionprice-display-component---conditions--smartFilterBar-filterItemControl_BASIC-BILL_TYPES-vhi\"]"}
COMMAND: POST /session/be9a23df4294472c3cbe97a105488dd6/element/f.6CFE3FC8FA908A587831E8FD5FC52521.d.A97E5BAB9D01609B9DBCBED77E220B47.e.3984/click - {}
RESULT: {}
COMMAND: POST /session/be9a23df4294472c3cbe97a105488dd6/execute/async - {"script":"<script> [1562 bytes]","args":[{"selector":{"id":"application-manageconditionprice-display-component---conditions--smartFilterBar-filterItemControl_BASIC-BILL_TYPES-valueHelpDialog-smartFilterBar-btnBasicSearch","searchOpenDialogs":true,"interaction":{"idSuffix":"I"}},"wdio_ui5_key":"applicationmanageconditionprice-display-component---conditions--smartFilterBar-filterItemControl_BASIC-BILL_TYPES-valueHelpDialog-smartFilterBar-btnBasicSearch"}]}
COMMAND: GET /session/be9a23df4294472c3cbe97a105488dd6/screenshot - {}
RESULT: {"script":"<script> [1562 bytes]","args":[{"selector":{"id":"application-manageconditionprice-display-component---conditions--smartFilterBar-filterItemControl_BASIC-BILL_TYPES-valueHelpDialog-smartFilterBar-btnBasicSearch","searchOpenDialogs":true,"interaction":{"idSuffix":"I"}},"wdio_ui5_key":"applicationmanageconditionprice-display-component---conditions--smartFilterBar-filterItemControl_BASIC-BILL_TYPES-valueHelpDialog-smartFilterBar-btnBasicSearch"}]}
RESULT: undefined
COMMAND: POST /session/be9a23df4294472c3cbe97a105488dd6/execute/async - {"script":"<script> [776 bytes]","args":[{"enterText":"TB","selector":{"id":"application-manageconditionprice-display-component---conditions--smartFilterBar-filterItemControl_BASIC-BILL_TYPES-valueHelpDialog-smartFilterBar-btnBasicSearch","searchOpenDialogs":true,"interaction":{"idSuffix":"I"}},"clearTextFirst":true,"interactionType":"ENTER_TEXT"}]}
RESULT: {}
RESULT: {"script":"<script> [776 bytes]","args":[{"enterText":"TB","selector":{"id":"application-manageconditionprice-display-component---conditions--smartFilterBar-filterItemControl_BASIC-BILL_TYPES-valueHelpDialog-smartFilterBar-btnBasicSearch","searchOpenDialogs":true,"interaction":{"idSuffix":"I"}},"clearTextFirst":true,"interactionType":"ENTER_TEXT"}]}
COMMAND: POST /session/be9a23df4294472c3cbe97a105488dd6/actions - {"actions":[{"id":"action16","type":"key","parameters":{},"actions":[{"type":"keyDown","value":""},{"type":"pause","duration":10},{"type":"keyUp","value":""}]}]}
RESULT: {"actions":[{"id":"action16","type":"key","parameters":{},"actions":[{"type":"keyDown","value":""},{"type":"pause","duration":10},{"type":"keyUp","value":""}]}]}
COMMAND: GET /session/be9a23df4294472c3cbe97a105488dd6/screenshot - {}
RESULT: {}
COMMAND: POST /session/be9a23df4294472c3cbe97a105488dd6/element - {"using":"xpath","value":"//div[contains(@id, 'application-manageconditionprice-display-component---conditions--smartFilterBar-filterItemControl_BASIC-BILL_TYPES-valueHelpDialog-table-rowsel0')]"}
RESULT: {"using":"xpath","value":"//div[contains(@id, 'application-manageconditionprice-display-component---conditions--smartFilterBar-filterItemControl_BASIC-BILL_TYPES-valueHelpDialog-table-rowsel0')]"}
COMMAND: POST /session/be9a23df4294472c3cbe97a105488dd6/element/f.6CFE3FC8FA908A587831E8FD5FC52521.d.A97E5BAB9D01609B9DBCBED77E220B47.e.3993/click - {}
RESULT: {}
COMMAND: GET /session/be9a23df4294472c3cbe97a105488dd6/screenshot - {}
RESULT: {}
COMMAND: POST /session/be9a23df4294472c3cbe97a105488dd6/element - {"using":"xpath","value":"//bdi[contains(text(), \"OK\")]"}
RESULT: {"using":"xpath","value":"//bdi[contains(text(), \"OK\")]"}
COMMAND: POST /session/be9a23df4294472c3cbe97a105488dd6/element/f.6CFE3FC8FA908A587831E8FD5FC52521.d.A97E5BAB9D01609B9DBCBED77E220B47.e.3995/click - {}
RESULT: {}
COMMAND: GET /session/be9a23df4294472c3cbe97a105488dd6/screenshot - {}
RESULT: {}
COMMAND: POST /session/be9a23df4294472c3cbe97a105488dd6/element - {"using":"xpath","value":"//span[@id=\"application-manageconditionprice-display-component---conditions--smartTable-header-inner\"]"}
RESULT: {"using":"xpath","value":"//span[@id=\"application-manageconditionprice-display-component---conditions--smartTable-header-inner\"]"}
COMMAND: POST /session/be9a23df4294472c3cbe97a105488dd6/elements - {"using":"xpath","value":"//span[@id=\"application-manageconditionprice-display-component---conditions--smartTable-header-inner\"]"}
RESULT: {"using":"xpath","value":"//span[@id=\"application-manageconditionprice-display-component---conditions--smartTable-header-inner\"]"}
COMMAND: POST /session/be9a23df4294472c3cbe97a105488dd6/execute/sync - {"script":"<script> [56 bytes]","args":[{"element-6066-11e4-a52e-4f735466cecf":"f.6CFE3FC8FA908A587831E8FD5FC52521.d.A97E5BAB9D01609B9DBCBED77E220B47.e.3998","ELEMENT":"f.6CFE3FC8FA908A587831E8FD5FC52521.d.A97E5BAB9D01609B9DBCBED77E220B47.e.3998"}]}
RESULT: {"script":"<script> [56 bytes]","args":[{"element-6066-11e4-a52e-4f735466cecf":"f.6CFE3FC8FA908A587831E8FD5FC52521.d.A97E5BAB9D01609B9DBCBED77E220B47.e.3998","ELEMENT":"f.6CFE3FC8FA908A587831E8FD5FC52521.d.A97E5BAB9D01609B9DBCBED77E220B47.e.3998"}]}
COMMAND: POST /session/be9a23df4294472c3cbe97a105488dd6/element - {"using":"css selector","value":"#shell-header-logo"}
COMMAND: GET /session/be9a23df4294472c3cbe97a105488dd6/screenshot - {}
RESULT: {"using":"css selector","value":"#shell-header-logo"}
COMMAND: POST /session/be9a23df4294472c3cbe97a105488dd6/element/f.6CFE3FC8FA908A587831E8FD5FC52521.d.A97E5BAB9D01609B9DBCBED77E220B47.e.3680/click - {}
RESULT: {}
RESULT: {}
COMMAND: GET /session/be9a23df4294472c3cbe97a105488dd6/screenshot - {}
RESULT: {}
]]></system-out>
    </testcase>
    <testcase classname="chrome.136_0_7103_93.windows.Billing_confirm_US117289" name="Should do a stock increase" time="90.851">
      <failure/>
      <error message="Can't call click on element with selector &quot;//li[.//span[contains(text(),'555 -')]]&quot; because element wasn't found"/>
      <system-out><![CDATA[
COMMAND: POST /session/be9a23df4294472c3cbe97a105488dd6/execute/async - {"script":"<script> [1562 bytes]","args":[{"selector":{"controlType":"sap.m.GenericTile","properties":{"header":"Manage Handovers"}},"wdio_ui5_key":"sapm.GenericTile{\"header\":\"Manage Handovers\"}"}]}
RESULT: {"script":"<script> [1562 bytes]","args":[{"selector":{"controlType":"sap.m.GenericTile","properties":{"header":"Manage Handovers"}},"wdio_ui5_key":"sapm.GenericTile{\"header\":\"Manage Handovers\"}"}]}
RESULT: undefined
COMMAND: POST /session/be9a23df4294472c3cbe97a105488dd6/element - {"using":"xpath","value":"//*[@id=\"__tile130\"]"}
RESULT: {"using":"xpath","value":"//*[@id=\"__tile130\"]"}
COMMAND: POST /session/be9a23df4294472c3cbe97a105488dd6/element/f.6CFE3FC8FA908A587831E8FD5FC52521.d.A97E5BAB9D01609B9DBCBED77E220B47.e.238/click - {}
RESULT: {}
COMMAND: GET /session/be9a23df4294472c3cbe97a105488dd6/screenshot - {}
RESULT: {}
COMMAND: POST /session/be9a23df4294472c3cbe97a105488dd6/elements - {"using":"xpath","value":"//span[text()='Error']"}
RESULT: {"using":"xpath","value":"//span[text()='Error']"}
COMMAND: POST /session/be9a23df4294472c3cbe97a105488dd6/element - {"using":"xpath","value":"//button[@data-kt=\"masterHOAddButton\"]"}
RESULT: {"using":"xpath","value":"//button[@data-kt=\"masterHOAddButton\"]"}
COMMAND: POST /session/be9a23df4294472c3cbe97a105488dd6/elements - {"using":"xpath","value":"//button[@data-kt=\"masterHOAddButton\"]"}
RESULT: {"using":"xpath","value":"//button[@data-kt=\"masterHOAddButton\"]"}
COMMAND: POST /session/be9a23df4294472c3cbe97a105488dd6/execute/sync - {"script":"<script> [8489 bytes]","args":[{"element-6066-11e4-a52e-4f735466cecf":"f.6CFE3FC8FA908A587831E8FD5FC52521.d.A97E5BAB9D01609B9DBCBED77E220B47.e.4038","ELEMENT":"f.6CFE3FC8FA908A587831E8FD5FC52521.d.A97E5BAB9D01609B9DBCBED77E220B47.e.4038"}]}
RESULT: {"script":"<script> [8489 bytes]","args":[{"element-6066-11e4-a52e-4f735466cecf":"f.6CFE3FC8FA908A587831E8FD5FC52521.d.A97E5BAB9D01609B9DBCBED77E220B47.e.4038","ELEMENT":"f.6CFE3FC8FA908A587831E8FD5FC52521.d.A97E5BAB9D01609B9DBCBED77E220B47.e.4038"}]}
COMMAND: GET /session/be9a23df4294472c3cbe97a105488dd6/element/f.6CFE3FC8FA908A587831E8FD5FC52521.d.A97E5BAB9D01609B9DBCBED77E220B47.e.4038/enabled - {}
COMMAND: GET /session/be9a23df4294472c3cbe97a105488dd6/screenshot - {}
RESULT: {}
COMMAND: POST /session/be9a23df4294472c3cbe97a105488dd6/execute/sync - {"script":"<script> [8489 bytes]","args":[{"element-6066-11e4-a52e-4f735466cecf":"f.6CFE3FC8FA908A587831E8FD5FC52521.d.A97E5BAB9D01609B9DBCBED77E220B47.e.4038","ELEMENT":"f.6CFE3FC8FA908A587831E8FD5FC52521.d.A97E5BAB9D01609B9DBCBED77E220B47.e.4038"}]}
COMMAND: GET /session/be9a23df4294472c3cbe97a105488dd6/screenshot - {}
RESULT: {}
RESULT: {"script":"<script> [8489 bytes]","args":[{"element-6066-11e4-a52e-4f735466cecf":"f.6CFE3FC8FA908A587831E8FD5FC52521.d.A97E5BAB9D01609B9DBCBED77E220B47.e.4038","ELEMENT":"f.6CFE3FC8FA908A587831E8FD5FC52521.d.A97E5BAB9D01609B9DBCBED77E220B47.e.4038"}]}
COMMAND: POST /session/be9a23df4294472c3cbe97a105488dd6/execute/sync - {"script":"<script> [5351 bytes]","args":[{"element-6066-11e4-a52e-4f735466cecf":"f.6CFE3FC8FA908A587831E8FD5FC52521.d.A97E5BAB9D01609B9DBCBED77E220B47.e.4038","ELEMENT":"f.6CFE3FC8FA908A587831E8FD5FC52521.d.A97E5BAB9D01609B9DBCBED77E220B47.e.4038"}]}
COMMAND: GET /session/be9a23df4294472c3cbe97a105488dd6/screenshot - {}
RESULT: {}
RESULT: {"script":"<script> [5351 bytes]","args":[{"element-6066-11e4-a52e-4f735466cecf":"f.6CFE3FC8FA908A587831E8FD5FC52521.d.A97E5BAB9D01609B9DBCBED77E220B47.e.4038","ELEMENT":"f.6CFE3FC8FA908A587831E8FD5FC52521.d.A97E5BAB9D01609B9DBCBED77E220B47.e.4038"}]}
COMMAND: POST /session/be9a23df4294472c3cbe97a105488dd6/element/f.6CFE3FC8FA908A587831E8FD5FC52521.d.A97E5BAB9D01609B9DBCBED77E220B47.e.4038/click - {}
COMMAND: GET /session/be9a23df4294472c3cbe97a105488dd6/screenshot - {}
RESULT: {}
RESULT: {}
COMMAND: GET /session/be9a23df4294472c3cbe97a105488dd6/screenshot - {}
RESULT: {}
RESULT: {}
COMMAND: POST /session/be9a23df4294472c3cbe97a105488dd6/element - {"using":"xpath","value":"//span[contains(@id ,\"AddNewHO--typeSelect-arrow\")]"}
RESULT: {"using":"xpath","value":"//span[contains(@id ,\"AddNewHO--typeSelect-arrow\")]"}
COMMAND: POST /session/be9a23df4294472c3cbe97a105488dd6/element/f.6CFE3FC8FA908A587831E8FD5FC52521.d.A97E5BAB9D01609B9DBCBED77E220B47.e.4403/click - {}
RESULT: {}
COMMAND: GET /session/be9a23df4294472c3cbe97a105488dd6/screenshot - {}
RESULT: {}
COMMAND: POST /session/be9a23df4294472c3cbe97a105488dd6/element - {"using":"xpath","value":"(//li[contains(text(), \"stock increase yard\")])[1]"}
RESULT: {"using":"xpath","value":"(//li[contains(text(), \"stock increase yard\")])[1]"}
COMMAND: POST /session/be9a23df4294472c3cbe97a105488dd6/element/f.6CFE3FC8FA908A587831E8FD5FC52521.d.A97E5BAB9D01609B9DBCBED77E220B47.e.4404/click - {}
RESULT: {}
COMMAND: GET /session/be9a23df4294472c3cbe97a105488dd6/screenshot - {}
RESULT: {}
COMMAND: POST /session/be9a23df4294472c3cbe97a105488dd6/execute/async - {"script":"<script> [1562 bytes]","args":[{"selector":{"id":"application-managehandovers-display-component---AddNewHO--dueDate","interaction":{"idSuffix":"inner"}},"wdio_ui5_key":"applicationmanagehandovers-display-component---AddNewHO--dueDate"}]}
RESULT: {"script":"<script> [1562 bytes]","args":[{"selector":{"id":"application-managehandovers-display-component---AddNewHO--dueDate","interaction":{"idSuffix":"inner"}},"wdio_ui5_key":"applicationmanagehandovers-display-component---AddNewHO--dueDate"}]}
RESULT: undefined
COMMAND: POST /session/be9a23df4294472c3cbe97a105488dd6/execute/async - {"script":"<script> [6424 bytes]","args":[{"element-6066-11e4-a52e-4f735466cecf":"f.6CFE3FC8FA908A587831E8FD5FC52521.d.A97E5BAB9D01609B9DBCBED77E220B47.e.4406"},"setValue",["6/1/25"]]}
RESULT: {"script":"<script> [6424 bytes]","args":[{"element-6066-11e4-a52e-4f735466cecf":"f.6CFE3FC8FA908A587831E8FD5FC52521.d.A97E5BAB9D01609B9DBCBED77E220B47.e.4406"},"setValue",["6/1/25"]]}
COMMAND: POST /session/be9a23df4294472c3cbe97a105488dd6/element - {"using":"xpath","value":"//input[@id=\"generalSectionFrg--receiveYard-inner\"]"}
RESULT: {"using":"xpath","value":"//input[@id=\"generalSectionFrg--receiveYard-inner\"]"}
COMMAND: POST /session/be9a23df4294472c3cbe97a105488dd6/element/f.6CFE3FC8FA908A587831E8FD5FC52521.d.A97E5BAB9D01609B9DBCBED77E220B47.e.4412/clear - {}
RESULT: {}
COMMAND: POST /session/be9a23df4294472c3cbe97a105488dd6/element/f.6CFE3FC8FA908A587831E8FD5FC52521.d.A97E5BAB9D01609B9DBCBED77E220B47.e.4412/value - {"text":"555"}
COMMAND: GET /session/be9a23df4294472c3cbe97a105488dd6/screenshot - {}
RESULT: {"text":"555"}
COMMAND: GET /session/be9a23df4294472c3cbe97a105488dd6/screenshot - {}
RESULT: {}
RESULT: {}
COMMAND: POST /session/be9a23df4294472c3cbe97a105488dd6/element - {"using":"xpath","value":"//li[.//span[contains(text(),'555 -')]]"}
RESULT: {"using":"xpath","value":"//li[.//span[contains(text(),'555 -')]]"}
COMMAND: POST /session/be9a23df4294472c3cbe97a105488dd6/elements - {"using":"xpath","value":"//li[.//span[contains(text(),'555 -')]]"}
RESULT: {"using":"xpath","value":"//li[.//span[contains(text(),'555 -')]]"}
COMMAND: POST /session/be9a23df4294472c3cbe97a105488dd6/elements - {"using":"xpath","value":"//li[.//span[contains(text(),'555 -')]]"}
RESULT: {"using":"xpath","value":"//li[.//span[contains(text(),'555 -')]]"}
COMMAND: POST /session/be9a23df4294472c3cbe97a105488dd6/elements - {"using":"xpath","value":"//li[.//span[contains(text(),'555 -')]]"}
RESULT: {"using":"xpath","value":"//li[.//span[contains(text(),'555 -')]]"}
COMMAND: POST /session/be9a23df4294472c3cbe97a105488dd6/elements - {"using":"xpath","value":"//li[.//span[contains(text(),'555 -')]]"}
RESULT: {"using":"xpath","value":"//li[.//span[contains(text(),'555 -')]]"}
COMMAND: POST /session/be9a23df4294472c3cbe97a105488dd6/elements - {"using":"xpath","value":"//li[.//span[contains(text(),'555 -')]]"}
RESULT: {"using":"xpath","value":"//li[.//span[contains(text(),'555 -')]]"}
COMMAND: POST /session/be9a23df4294472c3cbe97a105488dd6/elements - {"using":"xpath","value":"//li[.//span[contains(text(),'555 -')]]"}
RESULT: {"using":"xpath","value":"//li[.//span[contains(text(),'555 -')]]"}
COMMAND: POST /session/be9a23df4294472c3cbe97a105488dd6/elements - {"using":"xpath","value":"//li[.//span[contains(text(),'555 -')]]"}
RESULT: {"using":"xpath","value":"//li[.//span[contains(text(),'555 -')]]"}
COMMAND: POST /session/be9a23df4294472c3cbe97a105488dd6/elements - {"using":"xpath","value":"//li[.//span[contains(text(),'555 -')]]"}
RESULT: {"using":"xpath","value":"//li[.//span[contains(text(),'555 -')]]"}
COMMAND: POST /session/be9a23df4294472c3cbe97a105488dd6/elements - {"using":"xpath","value":"//li[.//span[contains(text(),'555 -')]]"}
RESULT: {"using":"xpath","value":"//li[.//span[contains(text(),'555 -')]]"}
COMMAND: POST /session/be9a23df4294472c3cbe97a105488dd6/elements - {"using":"xpath","value":"//li[.//span[contains(text(),'555 -')]]"}
RESULT: {"using":"xpath","value":"//li[.//span[contains(text(),'555 -')]]"}
COMMAND: POST /session/be9a23df4294472c3cbe97a105488dd6/elements - {"using":"xpath","value":"//li[.//span[contains(text(),'555 -')]]"}
RESULT: {"using":"xpath","value":"//li[.//span[contains(text(),'555 -')]]"}
COMMAND: POST /session/be9a23df4294472c3cbe97a105488dd6/elements - {"using":"xpath","value":"//li[.//span[contains(text(),'555 -')]]"}
RESULT: {"using":"xpath","value":"//li[.//span[contains(text(),'555 -')]]"}
COMMAND: POST /session/be9a23df4294472c3cbe97a105488dd6/elements - {"using":"xpath","value":"//li[.//span[contains(text(),'555 -')]]"}
RESULT: {"using":"xpath","value":"//li[.//span[contains(text(),'555 -')]]"}
COMMAND: POST /session/be9a23df4294472c3cbe97a105488dd6/elements - {"using":"xpath","value":"//li[.//span[contains(text(),'555 -')]]"}
RESULT: {"using":"xpath","value":"//li[.//span[contains(text(),'555 -')]]"}
COMMAND: POST /session/be9a23df4294472c3cbe97a105488dd6/elements - {"using":"xpath","value":"//li[.//span[contains(text(),'555 -')]]"}
RESULT: {"using":"xpath","value":"//li[.//span[contains(text(),'555 -')]]"}
COMMAND: POST /session/be9a23df4294472c3cbe97a105488dd6/elements - {"using":"xpath","value":"//li[.//span[contains(text(),'555 -')]]"}
RESULT: {"using":"xpath","value":"//li[.//span[contains(text(),'555 -')]]"}
COMMAND: POST /session/be9a23df4294472c3cbe97a105488dd6/elements - {"using":"xpath","value":"//li[.//span[contains(text(),'555 -')]]"}
RESULT: {"using":"xpath","value":"//li[.//span[contains(text(),'555 -')]]"}
COMMAND: POST /session/be9a23df4294472c3cbe97a105488dd6/elements - {"using":"xpath","value":"//li[.//span[contains(text(),'555 -')]]"}
RESULT: {"using":"xpath","value":"//li[.//span[contains(text(),'555 -')]]"}
COMMAND: POST /session/be9a23df4294472c3cbe97a105488dd6/elements - {"using":"xpath","value":"//li[.//span[contains(text(),'555 -')]]"}
RESULT: {"using":"xpath","value":"//li[.//span[contains(text(),'555 -')]]"}
COMMAND: POST /session/be9a23df4294472c3cbe97a105488dd6/elements - {"using":"xpath","value":"//li[.//span[contains(text(),'555 -')]]"}
RESULT: {"using":"xpath","value":"//li[.//span[contains(text(),'555 -')]]"}
COMMAND: POST /session/be9a23df4294472c3cbe97a105488dd6/elements - {"using":"xpath","value":"//li[.//span[contains(text(),'555 -')]]"}
RESULT: {"using":"xpath","value":"//li[.//span[contains(text(),'555 -')]]"}
COMMAND: POST /session/be9a23df4294472c3cbe97a105488dd6/elements - {"using":"xpath","value":"//li[.//span[contains(text(),'555 -')]]"}
RESULT: {"using":"xpath","value":"//li[.//span[contains(text(),'555 -')]]"}
COMMAND: POST /session/be9a23df4294472c3cbe97a105488dd6/elements - {"using":"xpath","value":"//li[.//span[contains(text(),'555 -')]]"}
RESULT: {"using":"xpath","value":"//li[.//span[contains(text(),'555 -')]]"}
COMMAND: POST /session/be9a23df4294472c3cbe97a105488dd6/elements - {"using":"xpath","value":"//li[.//span[contains(text(),'555 -')]]"}
RESULT: {"using":"xpath","value":"//li[.//span[contains(text(),'555 -')]]"}
COMMAND: POST /session/be9a23df4294472c3cbe97a105488dd6/elements - {"using":"xpath","value":"//li[.//span[contains(text(),'555 -')]]"}
RESULT: {"using":"xpath","value":"//li[.//span[contains(text(),'555 -')]]"}
COMMAND: POST /session/be9a23df4294472c3cbe97a105488dd6/elements - {"using":"xpath","value":"//li[.//span[contains(text(),'555 -')]]"}
RESULT: {"using":"xpath","value":"//li[.//span[contains(text(),'555 -')]]"}
COMMAND: POST /session/be9a23df4294472c3cbe97a105488dd6/elements - {"using":"xpath","value":"//li[.//span[contains(text(),'555 -')]]"}
RESULT: {"using":"xpath","value":"//li[.//span[contains(text(),'555 -')]]"}
COMMAND: POST /session/be9a23df4294472c3cbe97a105488dd6/elements - {"using":"xpath","value":"//li[.//span[contains(text(),'555 -')]]"}
RESULT: {"using":"xpath","value":"//li[.//span[contains(text(),'555 -')]]"}
COMMAND: POST /session/be9a23df4294472c3cbe97a105488dd6/elements - {"using":"xpath","value":"//li[.//span[contains(text(),'555 -')]]"}
RESULT: {"using":"xpath","value":"//li[.//span[contains(text(),'555 -')]]"}
COMMAND: POST /session/be9a23df4294472c3cbe97a105488dd6/elements - {"using":"xpath","value":"//li[.//span[contains(text(),'555 -')]]"}
RESULT: {"using":"xpath","value":"//li[.//span[contains(text(),'555 -')]]"}
COMMAND: POST /session/be9a23df4294472c3cbe97a105488dd6/elements - {"using":"xpath","value":"//li[.//span[contains(text(),'555 -')]]"}
RESULT: {"using":"xpath","value":"//li[.//span[contains(text(),'555 -')]]"}
COMMAND: POST /session/be9a23df4294472c3cbe97a105488dd6/elements - {"using":"xpath","value":"//li[.//span[contains(text(),'555 -')]]"}
RESULT: {"using":"xpath","value":"//li[.//span[contains(text(),'555 -')]]"}
COMMAND: POST /session/be9a23df4294472c3cbe97a105488dd6/elements - {"using":"xpath","value":"//li[.//span[contains(text(),'555 -')]]"}
RESULT: {"using":"xpath","value":"//li[.//span[contains(text(),'555 -')]]"}
COMMAND: POST /session/be9a23df4294472c3cbe97a105488dd6/elements - {"using":"xpath","value":"//li[.//span[contains(text(),'555 -')]]"}
RESULT: {"using":"xpath","value":"//li[.//span[contains(text(),'555 -')]]"}
COMMAND: POST /session/be9a23df4294472c3cbe97a105488dd6/elements - {"using":"xpath","value":"//li[.//span[contains(text(),'555 -')]]"}
RESULT: {"using":"xpath","value":"//li[.//span[contains(text(),'555 -')]]"}
COMMAND: POST /session/be9a23df4294472c3cbe97a105488dd6/elements - {"using":"xpath","value":"//li[.//span[contains(text(),'555 -')]]"}
RESULT: {"using":"xpath","value":"//li[.//span[contains(text(),'555 -')]]"}
COMMAND: POST /session/be9a23df4294472c3cbe97a105488dd6/elements - {"using":"xpath","value":"//li[.//span[contains(text(),'555 -')]]"}
RESULT: {"using":"xpath","value":"//li[.//span[contains(text(),'555 -')]]"}
COMMAND: POST /session/be9a23df4294472c3cbe97a105488dd6/elements - {"using":"xpath","value":"//li[.//span[contains(text(),'555 -')]]"}
RESULT: {"using":"xpath","value":"//li[.//span[contains(text(),'555 -')]]"}
COMMAND: POST /session/be9a23df4294472c3cbe97a105488dd6/elements - {"using":"xpath","value":"//li[.//span[contains(text(),'555 -')]]"}
RESULT: {"using":"xpath","value":"//li[.//span[contains(text(),'555 -')]]"}
COMMAND: POST /session/be9a23df4294472c3cbe97a105488dd6/elements - {"using":"xpath","value":"//li[.//span[contains(text(),'555 -')]]"}
RESULT: {"using":"xpath","value":"//li[.//span[contains(text(),'555 -')]]"}
COMMAND: POST /session/be9a23df4294472c3cbe97a105488dd6/elements - {"using":"xpath","value":"//li[.//span[contains(text(),'555 -')]]"}
RESULT: {"using":"xpath","value":"//li[.//span[contains(text(),'555 -')]]"}
COMMAND: POST /session/be9a23df4294472c3cbe97a105488dd6/elements - {"using":"xpath","value":"//li[.//span[contains(text(),'555 -')]]"}
RESULT: {"using":"xpath","value":"//li[.//span[contains(text(),'555 -')]]"}
COMMAND: POST /session/be9a23df4294472c3cbe97a105488dd6/elements - {"using":"xpath","value":"//li[.//span[contains(text(),'555 -')]]"}
RESULT: {"using":"xpath","value":"//li[.//span[contains(text(),'555 -')]]"}
COMMAND: POST /session/be9a23df4294472c3cbe97a105488dd6/elements - {"using":"xpath","value":"//li[.//span[contains(text(),'555 -')]]"}
RESULT: {"using":"xpath","value":"//li[.//span[contains(text(),'555 -')]]"}
COMMAND: POST /session/be9a23df4294472c3cbe97a105488dd6/elements - {"using":"xpath","value":"//li[.//span[contains(text(),'555 -')]]"}
RESULT: {"using":"xpath","value":"//li[.//span[contains(text(),'555 -')]]"}
COMMAND: POST /session/be9a23df4294472c3cbe97a105488dd6/elements - {"using":"xpath","value":"//li[.//span[contains(text(),'555 -')]]"}
RESULT: {"using":"xpath","value":"//li[.//span[contains(text(),'555 -')]]"}
COMMAND: POST /session/be9a23df4294472c3cbe97a105488dd6/elements - {"using":"xpath","value":"//li[.//span[contains(text(),'555 -')]]"}
RESULT: {"using":"xpath","value":"//li[.//span[contains(text(),'555 -')]]"}
COMMAND: POST /session/be9a23df4294472c3cbe97a105488dd6/elements - {"using":"xpath","value":"//li[.//span[contains(text(),'555 -')]]"}
RESULT: {"using":"xpath","value":"//li[.//span[contains(text(),'555 -')]]"}
COMMAND: POST /session/be9a23df4294472c3cbe97a105488dd6/elements - {"using":"xpath","value":"//li[.//span[contains(text(),'555 -')]]"}
RESULT: {"using":"xpath","value":"//li[.//span[contains(text(),'555 -')]]"}
COMMAND: POST /session/be9a23df4294472c3cbe97a105488dd6/elements - {"using":"xpath","value":"//li[.//span[contains(text(),'555 -')]]"}
RESULT: {"using":"xpath","value":"//li[.//span[contains(text(),'555 -')]]"}
COMMAND: POST /session/be9a23df4294472c3cbe97a105488dd6/elements - {"using":"xpath","value":"//li[.//span[contains(text(),'555 -')]]"}
RESULT: {"using":"xpath","value":"//li[.//span[contains(text(),'555 -')]]"}
COMMAND: POST /session/be9a23df4294472c3cbe97a105488dd6/elements - {"using":"xpath","value":"//li[.//span[contains(text(),'555 -')]]"}
RESULT: {"using":"xpath","value":"//li[.//span[contains(text(),'555 -')]]"}
COMMAND: POST /session/be9a23df4294472c3cbe97a105488dd6/elements - {"using":"xpath","value":"//li[.//span[contains(text(),'555 -')]]"}
RESULT: {"using":"xpath","value":"//li[.//span[contains(text(),'555 -')]]"}
COMMAND: POST /session/be9a23df4294472c3cbe97a105488dd6/elements - {"using":"xpath","value":"//li[.//span[contains(text(),'555 -')]]"}
RESULT: {"using":"xpath","value":"//li[.//span[contains(text(),'555 -')]]"}
COMMAND: POST /session/be9a23df4294472c3cbe97a105488dd6/elements - {"using":"xpath","value":"//li[.//span[contains(text(),'555 -')]]"}
RESULT: {"using":"xpath","value":"//li[.//span[contains(text(),'555 -')]]"}
COMMAND: POST /session/be9a23df4294472c3cbe97a105488dd6/elements - {"using":"xpath","value":"//li[.//span[contains(text(),'555 -')]]"}
RESULT: {"using":"xpath","value":"//li[.//span[contains(text(),'555 -')]]"}
COMMAND: POST /session/be9a23df4294472c3cbe97a105488dd6/elements - {"using":"xpath","value":"//li[.//span[contains(text(),'555 -')]]"}
RESULT: {"using":"xpath","value":"//li[.//span[contains(text(),'555 -')]]"}
COMMAND: POST /session/be9a23df4294472c3cbe97a105488dd6/elements - {"using":"xpath","value":"//li[.//span[contains(text(),'555 -')]]"}
RESULT: {"using":"xpath","value":"//li[.//span[contains(text(),'555 -')]]"}
COMMAND: POST /session/be9a23df4294472c3cbe97a105488dd6/elements - {"using":"xpath","value":"//li[.//span[contains(text(),'555 -')]]"}
RESULT: {"using":"xpath","value":"//li[.//span[contains(text(),'555 -')]]"}
COMMAND: POST /session/be9a23df4294472c3cbe97a105488dd6/elements - {"using":"xpath","value":"//li[.//span[contains(text(),'555 -')]]"}
RESULT: {"using":"xpath","value":"//li[.//span[contains(text(),'555 -')]]"}
COMMAND: POST /session/be9a23df4294472c3cbe97a105488dd6/elements - {"using":"xpath","value":"//li[.//span[contains(text(),'555 -')]]"}
RESULT: {"using":"xpath","value":"//li[.//span[contains(text(),'555 -')]]"}
COMMAND: POST /session/be9a23df4294472c3cbe97a105488dd6/elements - {"using":"xpath","value":"//li[.//span[contains(text(),'555 -')]]"}
RESULT: {"using":"xpath","value":"//li[.//span[contains(text(),'555 -')]]"}
COMMAND: POST /session/be9a23df4294472c3cbe97a105488dd6/elements - {"using":"xpath","value":"//li[.//span[contains(text(),'555 -')]]"}
RESULT: {"using":"xpath","value":"//li[.//span[contains(text(),'555 -')]]"}
COMMAND: POST /session/be9a23df4294472c3cbe97a105488dd6/elements - {"using":"xpath","value":"//li[.//span[contains(text(),'555 -')]]"}
RESULT: {"using":"xpath","value":"//li[.//span[contains(text(),'555 -')]]"}
COMMAND: POST /session/be9a23df4294472c3cbe97a105488dd6/elements - {"using":"xpath","value":"//li[.//span[contains(text(),'555 -')]]"}
RESULT: {"using":"xpath","value":"//li[.//span[contains(text(),'555 -')]]"}
COMMAND: POST /session/be9a23df4294472c3cbe97a105488dd6/elements - {"using":"xpath","value":"//li[.//span[contains(text(),'555 -')]]"}
RESULT: {"using":"xpath","value":"//li[.//span[contains(text(),'555 -')]]"}
COMMAND: POST /session/be9a23df4294472c3cbe97a105488dd6/elements - {"using":"xpath","value":"//li[.//span[contains(text(),'555 -')]]"}
RESULT: {"using":"xpath","value":"//li[.//span[contains(text(),'555 -')]]"}
COMMAND: POST /session/be9a23df4294472c3cbe97a105488dd6/elements - {"using":"xpath","value":"//li[.//span[contains(text(),'555 -')]]"}
RESULT: {"using":"xpath","value":"//li[.//span[contains(text(),'555 -')]]"}
COMMAND: POST /session/be9a23df4294472c3cbe97a105488dd6/elements - {"using":"xpath","value":"//li[.//span[contains(text(),'555 -')]]"}
RESULT: {"using":"xpath","value":"//li[.//span[contains(text(),'555 -')]]"}
COMMAND: POST /session/be9a23df4294472c3cbe97a105488dd6/elements - {"using":"xpath","value":"//li[.//span[contains(text(),'555 -')]]"}
RESULT: {"using":"xpath","value":"//li[.//span[contains(text(),'555 -')]]"}
COMMAND: POST /session/be9a23df4294472c3cbe97a105488dd6/elements - {"using":"xpath","value":"//li[.//span[contains(text(),'555 -')]]"}
RESULT: {"using":"xpath","value":"//li[.//span[contains(text(),'555 -')]]"}
COMMAND: POST /session/be9a23df4294472c3cbe97a105488dd6/elements - {"using":"xpath","value":"//li[.//span[contains(text(),'555 -')]]"}
RESULT: {"using":"xpath","value":"//li[.//span[contains(text(),'555 -')]]"}
COMMAND: POST /session/be9a23df4294472c3cbe97a105488dd6/elements - {"using":"xpath","value":"//li[.//span[contains(text(),'555 -')]]"}
RESULT: {"using":"xpath","value":"//li[.//span[contains(text(),'555 -')]]"}
COMMAND: POST /session/be9a23df4294472c3cbe97a105488dd6/elements - {"using":"xpath","value":"//li[.//span[contains(text(),'555 -')]]"}
RESULT: {"using":"xpath","value":"//li[.//span[contains(text(),'555 -')]]"}
COMMAND: POST /session/be9a23df4294472c3cbe97a105488dd6/elements - {"using":"xpath","value":"//li[.//span[contains(text(),'555 -')]]"}
RESULT: {"using":"xpath","value":"//li[.//span[contains(text(),'555 -')]]"}
COMMAND: POST /session/be9a23df4294472c3cbe97a105488dd6/elements - {"using":"xpath","value":"//li[.//span[contains(text(),'555 -')]]"}
RESULT: {"using":"xpath","value":"//li[.//span[contains(text(),'555 -')]]"}
COMMAND: POST /session/be9a23df4294472c3cbe97a105488dd6/elements - {"using":"xpath","value":"//li[.//span[contains(text(),'555 -')]]"}
RESULT: {"using":"xpath","value":"//li[.//span[contains(text(),'555 -')]]"}
COMMAND: POST /session/be9a23df4294472c3cbe97a105488dd6/elements - {"using":"xpath","value":"//li[.//span[contains(text(),'555 -')]]"}
RESULT: {"using":"xpath","value":"//li[.//span[contains(text(),'555 -')]]"}
COMMAND: POST /session/be9a23df4294472c3cbe97a105488dd6/elements - {"using":"xpath","value":"//li[.//span[contains(text(),'555 -')]]"}
RESULT: {"using":"xpath","value":"//li[.//span[contains(text(),'555 -')]]"}
COMMAND: POST /session/be9a23df4294472c3cbe97a105488dd6/elements - {"using":"xpath","value":"//li[.//span[contains(text(),'555 -')]]"}
RESULT: {"using":"xpath","value":"//li[.//span[contains(text(),'555 -')]]"}
COMMAND: POST /session/be9a23df4294472c3cbe97a105488dd6/elements - {"using":"xpath","value":"//li[.//span[contains(text(),'555 -')]]"}
RESULT: {"using":"xpath","value":"//li[.//span[contains(text(),'555 -')]]"}
COMMAND: POST /session/be9a23df4294472c3cbe97a105488dd6/elements - {"using":"xpath","value":"//li[.//span[contains(text(),'555 -')]]"}
RESULT: {"using":"xpath","value":"//li[.//span[contains(text(),'555 -')]]"}
COMMAND: POST /session/be9a23df4294472c3cbe97a105488dd6/elements - {"using":"xpath","value":"//li[.//span[contains(text(),'555 -')]]"}
RESULT: {"using":"xpath","value":"//li[.//span[contains(text(),'555 -')]]"}
COMMAND: POST /session/be9a23df4294472c3cbe97a105488dd6/elements - {"using":"xpath","value":"//li[.//span[contains(text(),'555 -')]]"}
RESULT: {"using":"xpath","value":"//li[.//span[contains(text(),'555 -')]]"}
COMMAND: POST /session/be9a23df4294472c3cbe97a105488dd6/elements - {"using":"xpath","value":"//li[.//span[contains(text(),'555 -')]]"}
RESULT: {"using":"xpath","value":"//li[.//span[contains(text(),'555 -')]]"}
COMMAND: POST /session/be9a23df4294472c3cbe97a105488dd6/elements - {"using":"xpath","value":"//li[.//span[contains(text(),'555 -')]]"}
RESULT: {"using":"xpath","value":"//li[.//span[contains(text(),'555 -')]]"}
COMMAND: POST /session/be9a23df4294472c3cbe97a105488dd6/elements - {"using":"xpath","value":"//li[.//span[contains(text(),'555 -')]]"}
RESULT: {"using":"xpath","value":"//li[.//span[contains(text(),'555 -')]]"}
COMMAND: POST /session/be9a23df4294472c3cbe97a105488dd6/elements - {"using":"xpath","value":"//li[.//span[contains(text(),'555 -')]]"}
RESULT: {"using":"xpath","value":"//li[.//span[contains(text(),'555 -')]]"}
COMMAND: POST /session/be9a23df4294472c3cbe97a105488dd6/elements - {"using":"xpath","value":"//li[.//span[contains(text(),'555 -')]]"}
RESULT: {"using":"xpath","value":"//li[.//span[contains(text(),'555 -')]]"}
COMMAND: POST /session/be9a23df4294472c3cbe97a105488dd6/elements - {"using":"xpath","value":"//li[.//span[contains(text(),'555 -')]]"}
RESULT: {"using":"xpath","value":"//li[.//span[contains(text(),'555 -')]]"}
COMMAND: POST /session/be9a23df4294472c3cbe97a105488dd6/elements - {"using":"xpath","value":"//li[.//span[contains(text(),'555 -')]]"}
RESULT: {"using":"xpath","value":"//li[.//span[contains(text(),'555 -')]]"}
COMMAND: POST /session/be9a23df4294472c3cbe97a105488dd6/elements - {"using":"xpath","value":"//li[.//span[contains(text(),'555 -')]]"}
RESULT: {"using":"xpath","value":"//li[.//span[contains(text(),'555 -')]]"}
COMMAND: POST /session/be9a23df4294472c3cbe97a105488dd6/elements - {"using":"xpath","value":"//li[.//span[contains(text(),'555 -')]]"}
RESULT: {"using":"xpath","value":"//li[.//span[contains(text(),'555 -')]]"}
COMMAND: POST /session/be9a23df4294472c3cbe97a105488dd6/elements - {"using":"xpath","value":"//li[.//span[contains(text(),'555 -')]]"}
RESULT: {"using":"xpath","value":"//li[.//span[contains(text(),'555 -')]]"}
COMMAND: POST /session/be9a23df4294472c3cbe97a105488dd6/elements - {"using":"xpath","value":"//li[.//span[contains(text(),'555 -')]]"}
RESULT: {"using":"xpath","value":"//li[.//span[contains(text(),'555 -')]]"}
COMMAND: POST /session/be9a23df4294472c3cbe97a105488dd6/elements - {"using":"xpath","value":"//li[.//span[contains(text(),'555 -')]]"}
RESULT: {"using":"xpath","value":"//li[.//span[contains(text(),'555 -')]]"}
COMMAND: POST /session/be9a23df4294472c3cbe97a105488dd6/elements - {"using":"xpath","value":"//li[.//span[contains(text(),'555 -')]]"}
RESULT: {"using":"xpath","value":"//li[.//span[contains(text(),'555 -')]]"}
COMMAND: POST /session/be9a23df4294472c3cbe97a105488dd6/elements - {"using":"xpath","value":"//li[.//span[contains(text(),'555 -')]]"}
RESULT: {"using":"xpath","value":"//li[.//span[contains(text(),'555 -')]]"}
COMMAND: POST /session/be9a23df4294472c3cbe97a105488dd6/elements - {"using":"xpath","value":"//li[.//span[contains(text(),'555 -')]]"}
RESULT: {"using":"xpath","value":"//li[.//span[contains(text(),'555 -')]]"}
COMMAND: POST /session/be9a23df4294472c3cbe97a105488dd6/elements - {"using":"xpath","value":"//li[.//span[contains(text(),'555 -')]]"}
RESULT: {"using":"xpath","value":"//li[.//span[contains(text(),'555 -')]]"}
COMMAND: POST /session/be9a23df4294472c3cbe97a105488dd6/elements - {"using":"xpath","value":"//li[.//span[contains(text(),'555 -')]]"}
RESULT: {"using":"xpath","value":"//li[.//span[contains(text(),'555 -')]]"}
COMMAND: POST /session/be9a23df4294472c3cbe97a105488dd6/elements - {"using":"xpath","value":"//li[.//span[contains(text(),'555 -')]]"}
RESULT: {"using":"xpath","value":"//li[.//span[contains(text(),'555 -')]]"}
COMMAND: POST /session/be9a23df4294472c3cbe97a105488dd6/elements - {"using":"xpath","value":"//li[.//span[contains(text(),'555 -')]]"}
RESULT: {"using":"xpath","value":"//li[.//span[contains(text(),'555 -')]]"}
COMMAND: POST /session/be9a23df4294472c3cbe97a105488dd6/elements - {"using":"xpath","value":"//li[.//span[contains(text(),'555 -')]]"}
RESULT: {"using":"xpath","value":"//li[.//span[contains(text(),'555 -')]]"}
COMMAND: POST /session/be9a23df4294472c3cbe97a105488dd6/elements - {"using":"xpath","value":"//li[.//span[contains(text(),'555 -')]]"}
RESULT: {"using":"xpath","value":"//li[.//span[contains(text(),'555 -')]]"}
COMMAND: POST /session/be9a23df4294472c3cbe97a105488dd6/elements - {"using":"xpath","value":"//li[.//span[contains(text(),'555 -')]]"}
RESULT: {"using":"xpath","value":"//li[.//span[contains(text(),'555 -')]]"}
COMMAND: POST /session/be9a23df4294472c3cbe97a105488dd6/elements - {"using":"xpath","value":"//li[.//span[contains(text(),'555 -')]]"}
RESULT: {"using":"xpath","value":"//li[.//span[contains(text(),'555 -')]]"}
COMMAND: POST /session/be9a23df4294472c3cbe97a105488dd6/elements - {"using":"xpath","value":"//li[.//span[contains(text(),'555 -')]]"}
RESULT: {"using":"xpath","value":"//li[.//span[contains(text(),'555 -')]]"}
COMMAND: POST /session/be9a23df4294472c3cbe97a105488dd6/elements - {"using":"xpath","value":"//li[.//span[contains(text(),'555 -')]]"}
RESULT: {"using":"xpath","value":"//li[.//span[contains(text(),'555 -')]]"}
COMMAND: POST /session/be9a23df4294472c3cbe97a105488dd6/elements - {"using":"xpath","value":"//li[.//span[contains(text(),'555 -')]]"}
RESULT: {"using":"xpath","value":"//li[.//span[contains(text(),'555 -')]]"}
COMMAND: POST /session/be9a23df4294472c3cbe97a105488dd6/elements - {"using":"xpath","value":"//li[.//span[contains(text(),'555 -')]]"}
RESULT: {"using":"xpath","value":"//li[.//span[contains(text(),'555 -')]]"}
COMMAND: POST /session/be9a23df4294472c3cbe97a105488dd6/elements - {"using":"xpath","value":"//li[.//span[contains(text(),'555 -')]]"}
RESULT: {"using":"xpath","value":"//li[.//span[contains(text(),'555 -')]]"}
COMMAND: POST /session/be9a23df4294472c3cbe97a105488dd6/elements - {"using":"xpath","value":"//li[.//span[contains(text(),'555 -')]]"}
RESULT: {"using":"xpath","value":"//li[.//span[contains(text(),'555 -')]]"}
COMMAND: POST /session/be9a23df4294472c3cbe97a105488dd6/elements - {"using":"xpath","value":"//li[.//span[contains(text(),'555 -')]]"}
RESULT: {"using":"xpath","value":"//li[.//span[contains(text(),'555 -')]]"}
COMMAND: POST /session/be9a23df4294472c3cbe97a105488dd6/elements - {"using":"xpath","value":"//li[.//span[contains(text(),'555 -')]]"}
RESULT: {"using":"xpath","value":"//li[.//span[contains(text(),'555 -')]]"}
COMMAND: POST /session/be9a23df4294472c3cbe97a105488dd6/elements - {"using":"xpath","value":"//li[.//span[contains(text(),'555 -')]]"}
RESULT: {"using":"xpath","value":"//li[.//span[contains(text(),'555 -')]]"}
COMMAND: POST /session/be9a23df4294472c3cbe97a105488dd6/elements - {"using":"xpath","value":"//li[.//span[contains(text(),'555 -')]]"}
RESULT: {"using":"xpath","value":"//li[.//span[contains(text(),'555 -')]]"}
COMMAND: POST /session/be9a23df4294472c3cbe97a105488dd6/elements - {"using":"xpath","value":"//li[.//span[contains(text(),'555 -')]]"}
RESULT: {"using":"xpath","value":"//li[.//span[contains(text(),'555 -')]]"}
COMMAND: POST /session/be9a23df4294472c3cbe97a105488dd6/elements - {"using":"xpath","value":"//li[.//span[contains(text(),'555 -')]]"}
RESULT: {"using":"xpath","value":"//li[.//span[contains(text(),'555 -')]]"}
COMMAND: POST /session/be9a23df4294472c3cbe97a105488dd6/elements - {"using":"xpath","value":"//li[.//span[contains(text(),'555 -')]]"}
RESULT: {"using":"xpath","value":"//li[.//span[contains(text(),'555 -')]]"}
COMMAND: GET /session/be9a23df4294472c3cbe97a105488dd6/screenshot - {}
RESULT: {}
]]></system-out>
      <system-err><![CDATA[
Error: Can't call click on element with selector "//li[.//span[contains(text(),'555 -')]]" because element wasn't found
    at async UtilsPrerequisites.stockIncrease (D:\a\1\s\test\specs\BTS\prerequisites-and-utils-functions.js:1638:9)
    at async Context.<anonymous> (D:\a\1\s\test\specs\BTS\billing-confirm.spec.js:59:9)
]]></system-err>
    </testcase>
    <testcase classname="chrome.136_0_7103_93.windows.Billing_confirm_US117289" name="Should create a new contract" time="60.603">
      <failure/>
      <error message="element (&quot;//button[@data-kt=&quot;addButton&quot;]&quot;) still not existing after 45000ms"/>
      <system-out><![CDATA[
COMMAND: POST /session/be9a23df4294472c3cbe97a105488dd6/execute/async - {"script":"<script> [1562 bytes]","args":[{"selector":{"controlType":"sap.m.GenericTile","properties":{"header":"Manage Contracts"}},"wdio_ui5_key":"sapm.GenericTile{\"header\":\"Manage Contracts\"}"}]}
COMMAND: GET /session/be9a23df4294472c3cbe97a105488dd6/screenshot - {}
RESULT: {"script":"<script> [1562 bytes]","args":[{"selector":{"controlType":"sap.m.GenericTile","properties":{"header":"Manage Contracts"}},"wdio_ui5_key":"sapm.GenericTile{\"header\":\"Manage Contracts\"}"}]}
RESULT: undefined
RESULT: {}
COMMAND: POST /session/be9a23df4294472c3cbe97a105488dd6/elements - {"using":"xpath","value":"//span[text()='Error']"}
RESULT: {"using":"xpath","value":"//span[text()='Error']"}
COMMAND: POST /session/be9a23df4294472c3cbe97a105488dd6/element - {"using":"xpath","value":"//button[@data-kt=\"addButton\"]"}
RESULT: {"using":"xpath","value":"//button[@data-kt=\"addButton\"]"}
COMMAND: POST /session/be9a23df4294472c3cbe97a105488dd6/elements - {"using":"xpath","value":"//button[@data-kt=\"addButton\"]"}
RESULT: {"using":"xpath","value":"//button[@data-kt=\"addButton\"]"}
COMMAND: POST /session/be9a23df4294472c3cbe97a105488dd6/elements - {"using":"xpath","value":"//button[@data-kt=\"addButton\"]"}
RESULT: {"using":"xpath","value":"//button[@data-kt=\"addButton\"]"}
COMMAND: POST /session/be9a23df4294472c3cbe97a105488dd6/elements - {"using":"xpath","value":"//button[@data-kt=\"addButton\"]"}
RESULT: {"using":"xpath","value":"//button[@data-kt=\"addButton\"]"}
COMMAND: POST /session/be9a23df4294472c3cbe97a105488dd6/elements - {"using":"xpath","value":"//button[@data-kt=\"addButton\"]"}
RESULT: {"using":"xpath","value":"//button[@data-kt=\"addButton\"]"}
COMMAND: POST /session/be9a23df4294472c3cbe97a105488dd6/elements - {"using":"xpath","value":"//button[@data-kt=\"addButton\"]"}
RESULT: {"using":"xpath","value":"//button[@data-kt=\"addButton\"]"}
COMMAND: POST /session/be9a23df4294472c3cbe97a105488dd6/elements - {"using":"xpath","value":"//button[@data-kt=\"addButton\"]"}
RESULT: {"using":"xpath","value":"//button[@data-kt=\"addButton\"]"}
COMMAND: POST /session/be9a23df4294472c3cbe97a105488dd6/elements - {"using":"xpath","value":"//button[@data-kt=\"addButton\"]"}
RESULT: {"using":"xpath","value":"//button[@data-kt=\"addButton\"]"}
COMMAND: POST /session/be9a23df4294472c3cbe97a105488dd6/elements - {"using":"xpath","value":"//button[@data-kt=\"addButton\"]"}
RESULT: {"using":"xpath","value":"//button[@data-kt=\"addButton\"]"}
COMMAND: POST /session/be9a23df4294472c3cbe97a105488dd6/elements - {"using":"xpath","value":"//button[@data-kt=\"addButton\"]"}
RESULT: {"using":"xpath","value":"//button[@data-kt=\"addButton\"]"}
COMMAND: POST /session/be9a23df4294472c3cbe97a105488dd6/elements - {"using":"xpath","value":"//button[@data-kt=\"addButton\"]"}
RESULT: {"using":"xpath","value":"//button[@data-kt=\"addButton\"]"}
COMMAND: POST /session/be9a23df4294472c3cbe97a105488dd6/elements - {"using":"xpath","value":"//button[@data-kt=\"addButton\"]"}
RESULT: {"using":"xpath","value":"//button[@data-kt=\"addButton\"]"}
COMMAND: POST /session/be9a23df4294472c3cbe97a105488dd6/elements - {"using":"xpath","value":"//button[@data-kt=\"addButton\"]"}
RESULT: {"using":"xpath","value":"//button[@data-kt=\"addButton\"]"}
COMMAND: POST /session/be9a23df4294472c3cbe97a105488dd6/elements - {"using":"xpath","value":"//button[@data-kt=\"addButton\"]"}
RESULT: {"using":"xpath","value":"//button[@data-kt=\"addButton\"]"}
COMMAND: POST /session/be9a23df4294472c3cbe97a105488dd6/elements - {"using":"xpath","value":"//button[@data-kt=\"addButton\"]"}
RESULT: {"using":"xpath","value":"//button[@data-kt=\"addButton\"]"}
COMMAND: POST /session/be9a23df4294472c3cbe97a105488dd6/elements - {"using":"xpath","value":"//button[@data-kt=\"addButton\"]"}
RESULT: {"using":"xpath","value":"//button[@data-kt=\"addButton\"]"}
COMMAND: POST /session/be9a23df4294472c3cbe97a105488dd6/elements - {"using":"xpath","value":"//button[@data-kt=\"addButton\"]"}
RESULT: {"using":"xpath","value":"//button[@data-kt=\"addButton\"]"}
COMMAND: POST /session/be9a23df4294472c3cbe97a105488dd6/elements - {"using":"xpath","value":"//button[@data-kt=\"addButton\"]"}
RESULT: {"using":"xpath","value":"//button[@data-kt=\"addButton\"]"}
COMMAND: POST /session/be9a23df4294472c3cbe97a105488dd6/elements - {"using":"xpath","value":"//button[@data-kt=\"addButton\"]"}
RESULT: {"using":"xpath","value":"//button[@data-kt=\"addButton\"]"}
COMMAND: POST /session/be9a23df4294472c3cbe97a105488dd6/elements - {"using":"xpath","value":"//button[@data-kt=\"addButton\"]"}
RESULT: {"using":"xpath","value":"//button[@data-kt=\"addButton\"]"}
COMMAND: POST /session/be9a23df4294472c3cbe97a105488dd6/elements - {"using":"xpath","value":"//button[@data-kt=\"addButton\"]"}
RESULT: {"using":"xpath","value":"//button[@data-kt=\"addButton\"]"}
COMMAND: POST /session/be9a23df4294472c3cbe97a105488dd6/elements - {"using":"xpath","value":"//button[@data-kt=\"addButton\"]"}
RESULT: {"using":"xpath","value":"//button[@data-kt=\"addButton\"]"}
COMMAND: POST /session/be9a23df4294472c3cbe97a105488dd6/elements - {"using":"xpath","value":"//button[@data-kt=\"addButton\"]"}
RESULT: {"using":"xpath","value":"//button[@data-kt=\"addButton\"]"}
COMMAND: POST /session/be9a23df4294472c3cbe97a105488dd6/elements - {"using":"xpath","value":"//button[@data-kt=\"addButton\"]"}
RESULT: {"using":"xpath","value":"//button[@data-kt=\"addButton\"]"}
COMMAND: POST /session/be9a23df4294472c3cbe97a105488dd6/elements - {"using":"xpath","value":"//button[@data-kt=\"addButton\"]"}
RESULT: {"using":"xpath","value":"//button[@data-kt=\"addButton\"]"}
COMMAND: POST /session/be9a23df4294472c3cbe97a105488dd6/elements - {"using":"xpath","value":"//button[@data-kt=\"addButton\"]"}
RESULT: {"using":"xpath","value":"//button[@data-kt=\"addButton\"]"}
COMMAND: POST /session/be9a23df4294472c3cbe97a105488dd6/elements - {"using":"xpath","value":"//button[@data-kt=\"addButton\"]"}
RESULT: {"using":"xpath","value":"//button[@data-kt=\"addButton\"]"}
COMMAND: POST /session/be9a23df4294472c3cbe97a105488dd6/elements - {"using":"xpath","value":"//button[@data-kt=\"addButton\"]"}
RESULT: {"using":"xpath","value":"//button[@data-kt=\"addButton\"]"}
COMMAND: POST /session/be9a23df4294472c3cbe97a105488dd6/elements - {"using":"xpath","value":"//button[@data-kt=\"addButton\"]"}
RESULT: {"using":"xpath","value":"//button[@data-kt=\"addButton\"]"}
COMMAND: POST /session/be9a23df4294472c3cbe97a105488dd6/elements - {"using":"xpath","value":"//button[@data-kt=\"addButton\"]"}
RESULT: {"using":"xpath","value":"//button[@data-kt=\"addButton\"]"}
COMMAND: POST /session/be9a23df4294472c3cbe97a105488dd6/elements - {"using":"xpath","value":"//button[@data-kt=\"addButton\"]"}
RESULT: {"using":"xpath","value":"//button[@data-kt=\"addButton\"]"}
COMMAND: POST /session/be9a23df4294472c3cbe97a105488dd6/elements - {"using":"xpath","value":"//button[@data-kt=\"addButton\"]"}
RESULT: {"using":"xpath","value":"//button[@data-kt=\"addButton\"]"}
COMMAND: POST /session/be9a23df4294472c3cbe97a105488dd6/elements - {"using":"xpath","value":"//button[@data-kt=\"addButton\"]"}
RESULT: {"using":"xpath","value":"//button[@data-kt=\"addButton\"]"}
COMMAND: POST /session/be9a23df4294472c3cbe97a105488dd6/elements - {"using":"xpath","value":"//button[@data-kt=\"addButton\"]"}
RESULT: {"using":"xpath","value":"//button[@data-kt=\"addButton\"]"}
COMMAND: POST /session/be9a23df4294472c3cbe97a105488dd6/elements - {"using":"xpath","value":"//button[@data-kt=\"addButton\"]"}
RESULT: {"using":"xpath","value":"//button[@data-kt=\"addButton\"]"}
COMMAND: POST /session/be9a23df4294472c3cbe97a105488dd6/elements - {"using":"xpath","value":"//button[@data-kt=\"addButton\"]"}
RESULT: {"using":"xpath","value":"//button[@data-kt=\"addButton\"]"}
COMMAND: POST /session/be9a23df4294472c3cbe97a105488dd6/elements - {"using":"xpath","value":"//button[@data-kt=\"addButton\"]"}
RESULT: {"using":"xpath","value":"//button[@data-kt=\"addButton\"]"}
COMMAND: POST /session/be9a23df4294472c3cbe97a105488dd6/elements - {"using":"xpath","value":"//button[@data-kt=\"addButton\"]"}
RESULT: {"using":"xpath","value":"//button[@data-kt=\"addButton\"]"}
COMMAND: POST /session/be9a23df4294472c3cbe97a105488dd6/elements - {"using":"xpath","value":"//button[@data-kt=\"addButton\"]"}
RESULT: {"using":"xpath","value":"//button[@data-kt=\"addButton\"]"}
COMMAND: POST /session/be9a23df4294472c3cbe97a105488dd6/elements - {"using":"xpath","value":"//button[@data-kt=\"addButton\"]"}
RESULT: {"using":"xpath","value":"//button[@data-kt=\"addButton\"]"}
COMMAND: POST /session/be9a23df4294472c3cbe97a105488dd6/elements - {"using":"xpath","value":"//button[@data-kt=\"addButton\"]"}
RESULT: {"using":"xpath","value":"//button[@data-kt=\"addButton\"]"}
COMMAND: POST /session/be9a23df4294472c3cbe97a105488dd6/elements - {"using":"xpath","value":"//button[@data-kt=\"addButton\"]"}
RESULT: {"using":"xpath","value":"//button[@data-kt=\"addButton\"]"}
COMMAND: POST /session/be9a23df4294472c3cbe97a105488dd6/elements - {"using":"xpath","value":"//button[@data-kt=\"addButton\"]"}
RESULT: {"using":"xpath","value":"//button[@data-kt=\"addButton\"]"}
COMMAND: POST /session/be9a23df4294472c3cbe97a105488dd6/elements - {"using":"xpath","value":"//button[@data-kt=\"addButton\"]"}
RESULT: {"using":"xpath","value":"//button[@data-kt=\"addButton\"]"}
COMMAND: POST /session/be9a23df4294472c3cbe97a105488dd6/elements - {"using":"xpath","value":"//button[@data-kt=\"addButton\"]"}
RESULT: {"using":"xpath","value":"//button[@data-kt=\"addButton\"]"}
COMMAND: POST /session/be9a23df4294472c3cbe97a105488dd6/elements - {"using":"xpath","value":"//button[@data-kt=\"addButton\"]"}
RESULT: {"using":"xpath","value":"//button[@data-kt=\"addButton\"]"}
COMMAND: POST /session/be9a23df4294472c3cbe97a105488dd6/elements - {"using":"xpath","value":"//button[@data-kt=\"addButton\"]"}
RESULT: {"using":"xpath","value":"//button[@data-kt=\"addButton\"]"}
COMMAND: POST /session/be9a23df4294472c3cbe97a105488dd6/elements - {"using":"xpath","value":"//button[@data-kt=\"addButton\"]"}
RESULT: {"using":"xpath","value":"//button[@data-kt=\"addButton\"]"}
COMMAND: POST /session/be9a23df4294472c3cbe97a105488dd6/elements - {"using":"xpath","value":"//button[@data-kt=\"addButton\"]"}
RESULT: {"using":"xpath","value":"//button[@data-kt=\"addButton\"]"}
COMMAND: POST /session/be9a23df4294472c3cbe97a105488dd6/elements - {"using":"xpath","value":"//button[@data-kt=\"addButton\"]"}
RESULT: {"using":"xpath","value":"//button[@data-kt=\"addButton\"]"}
COMMAND: POST /session/be9a23df4294472c3cbe97a105488dd6/elements - {"using":"xpath","value":"//button[@data-kt=\"addButton\"]"}
RESULT: {"using":"xpath","value":"//button[@data-kt=\"addButton\"]"}
COMMAND: POST /session/be9a23df4294472c3cbe97a105488dd6/elements - {"using":"xpath","value":"//button[@data-kt=\"addButton\"]"}
RESULT: {"using":"xpath","value":"//button[@data-kt=\"addButton\"]"}
COMMAND: POST /session/be9a23df4294472c3cbe97a105488dd6/elements - {"using":"xpath","value":"//button[@data-kt=\"addButton\"]"}
RESULT: {"using":"xpath","value":"//button[@data-kt=\"addButton\"]"}
COMMAND: POST /session/be9a23df4294472c3cbe97a105488dd6/elements - {"using":"xpath","value":"//button[@data-kt=\"addButton\"]"}
RESULT: {"using":"xpath","value":"//button[@data-kt=\"addButton\"]"}
COMMAND: POST /session/be9a23df4294472c3cbe97a105488dd6/elements - {"using":"xpath","value":"//button[@data-kt=\"addButton\"]"}
RESULT: {"using":"xpath","value":"//button[@data-kt=\"addButton\"]"}
COMMAND: POST /session/be9a23df4294472c3cbe97a105488dd6/elements - {"using":"xpath","value":"//button[@data-kt=\"addButton\"]"}
RESULT: {"using":"xpath","value":"//button[@data-kt=\"addButton\"]"}
COMMAND: POST /session/be9a23df4294472c3cbe97a105488dd6/elements - {"using":"xpath","value":"//button[@data-kt=\"addButton\"]"}
RESULT: {"using":"xpath","value":"//button[@data-kt=\"addButton\"]"}
COMMAND: POST /session/be9a23df4294472c3cbe97a105488dd6/elements - {"using":"xpath","value":"//button[@data-kt=\"addButton\"]"}
RESULT: {"using":"xpath","value":"//button[@data-kt=\"addButton\"]"}
COMMAND: POST /session/be9a23df4294472c3cbe97a105488dd6/elements - {"using":"xpath","value":"//button[@data-kt=\"addButton\"]"}
RESULT: {"using":"xpath","value":"//button[@data-kt=\"addButton\"]"}
COMMAND: POST /session/be9a23df4294472c3cbe97a105488dd6/elements - {"using":"xpath","value":"//button[@data-kt=\"addButton\"]"}
RESULT: {"using":"xpath","value":"//button[@data-kt=\"addButton\"]"}
COMMAND: POST /session/be9a23df4294472c3cbe97a105488dd6/elements - {"using":"xpath","value":"//button[@data-kt=\"addButton\"]"}
RESULT: {"using":"xpath","value":"//button[@data-kt=\"addButton\"]"}
COMMAND: POST /session/be9a23df4294472c3cbe97a105488dd6/elements - {"using":"xpath","value":"//button[@data-kt=\"addButton\"]"}
RESULT: {"using":"xpath","value":"//button[@data-kt=\"addButton\"]"}
COMMAND: POST /session/be9a23df4294472c3cbe97a105488dd6/elements - {"using":"xpath","value":"//button[@data-kt=\"addButton\"]"}
RESULT: {"using":"xpath","value":"//button[@data-kt=\"addButton\"]"}
COMMAND: POST /session/be9a23df4294472c3cbe97a105488dd6/elements - {"using":"xpath","value":"//button[@data-kt=\"addButton\"]"}
RESULT: {"using":"xpath","value":"//button[@data-kt=\"addButton\"]"}
COMMAND: POST /session/be9a23df4294472c3cbe97a105488dd6/elements - {"using":"xpath","value":"//button[@data-kt=\"addButton\"]"}
RESULT: {"using":"xpath","value":"//button[@data-kt=\"addButton\"]"}
COMMAND: POST /session/be9a23df4294472c3cbe97a105488dd6/elements - {"using":"xpath","value":"//button[@data-kt=\"addButton\"]"}
RESULT: {"using":"xpath","value":"//button[@data-kt=\"addButton\"]"}
COMMAND: POST /session/be9a23df4294472c3cbe97a105488dd6/elements - {"using":"xpath","value":"//button[@data-kt=\"addButton\"]"}
RESULT: {"using":"xpath","value":"//button[@data-kt=\"addButton\"]"}
COMMAND: POST /session/be9a23df4294472c3cbe97a105488dd6/elements - {"using":"xpath","value":"//button[@data-kt=\"addButton\"]"}
RESULT: {"using":"xpath","value":"//button[@data-kt=\"addButton\"]"}
COMMAND: POST /session/be9a23df4294472c3cbe97a105488dd6/elements - {"using":"xpath","value":"//button[@data-kt=\"addButton\"]"}
RESULT: {"using":"xpath","value":"//button[@data-kt=\"addButton\"]"}
COMMAND: POST /session/be9a23df4294472c3cbe97a105488dd6/elements - {"using":"xpath","value":"//button[@data-kt=\"addButton\"]"}
RESULT: {"using":"xpath","value":"//button[@data-kt=\"addButton\"]"}
COMMAND: POST /session/be9a23df4294472c3cbe97a105488dd6/elements - {"using":"xpath","value":"//button[@data-kt=\"addButton\"]"}
RESULT: {"using":"xpath","value":"//button[@data-kt=\"addButton\"]"}
COMMAND: POST /session/be9a23df4294472c3cbe97a105488dd6/elements - {"using":"xpath","value":"//button[@data-kt=\"addButton\"]"}
RESULT: {"using":"xpath","value":"//button[@data-kt=\"addButton\"]"}
COMMAND: POST /session/be9a23df4294472c3cbe97a105488dd6/elements - {"using":"xpath","value":"//button[@data-kt=\"addButton\"]"}
RESULT: {"using":"xpath","value":"//button[@data-kt=\"addButton\"]"}
COMMAND: POST /session/be9a23df4294472c3cbe97a105488dd6/elements - {"using":"xpath","value":"//button[@data-kt=\"addButton\"]"}
RESULT: {"using":"xpath","value":"//button[@data-kt=\"addButton\"]"}
COMMAND: POST /session/be9a23df4294472c3cbe97a105488dd6/elements - {"using":"xpath","value":"//button[@data-kt=\"addButton\"]"}
RESULT: {"using":"xpath","value":"//button[@data-kt=\"addButton\"]"}
COMMAND: POST /session/be9a23df4294472c3cbe97a105488dd6/elements - {"using":"xpath","value":"//button[@data-kt=\"addButton\"]"}
RESULT: {"using":"xpath","value":"//button[@data-kt=\"addButton\"]"}
COMMAND: POST /session/be9a23df4294472c3cbe97a105488dd6/elements - {"using":"xpath","value":"//button[@data-kt=\"addButton\"]"}
RESULT: {"using":"xpath","value":"//button[@data-kt=\"addButton\"]"}
COMMAND: POST /session/be9a23df4294472c3cbe97a105488dd6/elements - {"using":"xpath","value":"//button[@data-kt=\"addButton\"]"}
RESULT: {"using":"xpath","value":"//button[@data-kt=\"addButton\"]"}
COMMAND: POST /session/be9a23df4294472c3cbe97a105488dd6/elements - {"using":"xpath","value":"//button[@data-kt=\"addButton\"]"}
RESULT: {"using":"xpath","value":"//button[@data-kt=\"addButton\"]"}
COMMAND: POST /session/be9a23df4294472c3cbe97a105488dd6/elements - {"using":"xpath","value":"//button[@data-kt=\"addButton\"]"}
RESULT: {"using":"xpath","value":"//button[@data-kt=\"addButton\"]"}
COMMAND: POST /session/be9a23df4294472c3cbe97a105488dd6/elements - {"using":"xpath","value":"//button[@data-kt=\"addButton\"]"}
RESULT: {"using":"xpath","value":"//button[@data-kt=\"addButton\"]"}
COMMAND: POST /session/be9a23df4294472c3cbe97a105488dd6/elements - {"using":"xpath","value":"//button[@data-kt=\"addButton\"]"}
RESULT: {"using":"xpath","value":"//button[@data-kt=\"addButton\"]"}
COMMAND: POST /session/be9a23df4294472c3cbe97a105488dd6/elements - {"using":"xpath","value":"//button[@data-kt=\"addButton\"]"}
RESULT: {"using":"xpath","value":"//button[@data-kt=\"addButton\"]"}
COMMAND: POST /session/be9a23df4294472c3cbe97a105488dd6/elements - {"using":"xpath","value":"//button[@data-kt=\"addButton\"]"}
RESULT: {"using":"xpath","value":"//button[@data-kt=\"addButton\"]"}
COMMAND: POST /session/be9a23df4294472c3cbe97a105488dd6/elements - {"using":"xpath","value":"//button[@data-kt=\"addButton\"]"}
RESULT: {"using":"xpath","value":"//button[@data-kt=\"addButton\"]"}
COMMAND: POST /session/be9a23df4294472c3cbe97a105488dd6/elements - {"using":"xpath","value":"//button[@data-kt=\"addButton\"]"}
RESULT: {"using":"xpath","value":"//button[@data-kt=\"addButton\"]"}
COMMAND: POST /session/be9a23df4294472c3cbe97a105488dd6/elements - {"using":"xpath","value":"//button[@data-kt=\"addButton\"]"}
RESULT: {"using":"xpath","value":"//button[@data-kt=\"addButton\"]"}
COMMAND: POST /session/be9a23df4294472c3cbe97a105488dd6/elements - {"using":"xpath","value":"//button[@data-kt=\"addButton\"]"}
RESULT: {"using":"xpath","value":"//button[@data-kt=\"addButton\"]"}
COMMAND: POST /session/be9a23df4294472c3cbe97a105488dd6/elements - {"using":"xpath","value":"//button[@data-kt=\"addButton\"]"}
RESULT: {"using":"xpath","value":"//button[@data-kt=\"addButton\"]"}
COMMAND: POST /session/be9a23df4294472c3cbe97a105488dd6/elements - {"using":"xpath","value":"//button[@data-kt=\"addButton\"]"}
RESULT: {"using":"xpath","value":"//button[@data-kt=\"addButton\"]"}
COMMAND: POST /session/be9a23df4294472c3cbe97a105488dd6/elements - {"using":"xpath","value":"//button[@data-kt=\"addButton\"]"}
RESULT: {"using":"xpath","value":"//button[@data-kt=\"addButton\"]"}
COMMAND: POST /session/be9a23df4294472c3cbe97a105488dd6/elements - {"using":"xpath","value":"//button[@data-kt=\"addButton\"]"}
COMMAND: GET /session/be9a23df4294472c3cbe97a105488dd6/screenshot - {}
RESULT: {"using":"xpath","value":"//button[@data-kt=\"addButton\"]"}
RESULT: {}
]]></system-out>
      <system-err><![CDATA[
Error: element ("//button[@data-kt="addButton"]") still not existing after 45000ms
    at async UtilsPrerequisites.contractCreation (D:\a\1\s\test\specs\BTS\prerequisites-and-utils-functions.js:1741:9)
    at async Context.<anonymous> (D:\a\1\s\test\specs\BTS\billing-confirm.spec.js:63:45)
]]></system-err>
    </testcase>
    <testcase classname="chrome.136_0_7103_93.windows.Billing_confirm_US117289" name="Should add created equipment to contract" time="60.387">
      <failure/>
      <error message="Can't call click on element with selector &quot;//button[@data-kt=&quot;contractDetailEditBtnButton&quot;]&quot; because element wasn't found"/>
      <system-out><![CDATA[
COMMAND: POST /session/be9a23df4294472c3cbe97a105488dd6/element - {"using":"xpath","value":"//button[@data-kt=\"contractDetailEditBtnButton\"]"}
COMMAND: GET /session/be9a23df4294472c3cbe97a105488dd6/screenshot - {}
RESULT: {"using":"xpath","value":"//button[@data-kt=\"contractDetailEditBtnButton\"]"}
COMMAND: POST /session/be9a23df4294472c3cbe97a105488dd6/elements - {"using":"xpath","value":"//button[@data-kt=\"contractDetailEditBtnButton\"]"}
RESULT: {}
RESULT: {"using":"xpath","value":"//button[@data-kt=\"contractDetailEditBtnButton\"]"}
COMMAND: POST /session/be9a23df4294472c3cbe97a105488dd6/elements - {"using":"xpath","value":"//button[@data-kt=\"contractDetailEditBtnButton\"]"}
RESULT: {"using":"xpath","value":"//button[@data-kt=\"contractDetailEditBtnButton\"]"}
COMMAND: POST /session/be9a23df4294472c3cbe97a105488dd6/elements - {"using":"xpath","value":"//button[@data-kt=\"contractDetailEditBtnButton\"]"}
RESULT: {"using":"xpath","value":"//button[@data-kt=\"contractDetailEditBtnButton\"]"}
COMMAND: POST /session/be9a23df4294472c3cbe97a105488dd6/elements - {"using":"xpath","value":"//button[@data-kt=\"contractDetailEditBtnButton\"]"}
RESULT: {"using":"xpath","value":"//button[@data-kt=\"contractDetailEditBtnButton\"]"}
COMMAND: POST /session/be9a23df4294472c3cbe97a105488dd6/elements - {"using":"xpath","value":"//button[@data-kt=\"contractDetailEditBtnButton\"]"}
RESULT: {"using":"xpath","value":"//button[@data-kt=\"contractDetailEditBtnButton\"]"}
COMMAND: POST /session/be9a23df4294472c3cbe97a105488dd6/elements - {"using":"xpath","value":"//button[@data-kt=\"contractDetailEditBtnButton\"]"}
RESULT: {"using":"xpath","value":"//button[@data-kt=\"contractDetailEditBtnButton\"]"}
COMMAND: POST /session/be9a23df4294472c3cbe97a105488dd6/elements - {"using":"xpath","value":"//button[@data-kt=\"contractDetailEditBtnButton\"]"}
RESULT: {"using":"xpath","value":"//button[@data-kt=\"contractDetailEditBtnButton\"]"}
COMMAND: POST /session/be9a23df4294472c3cbe97a105488dd6/elements - {"using":"xpath","value":"//button[@data-kt=\"contractDetailEditBtnButton\"]"}
RESULT: {"using":"xpath","value":"//button[@data-kt=\"contractDetailEditBtnButton\"]"}
COMMAND: POST /session/be9a23df4294472c3cbe97a105488dd6/elements - {"using":"xpath","value":"//button[@data-kt=\"contractDetailEditBtnButton\"]"}
RESULT: {"using":"xpath","value":"//button[@data-kt=\"contractDetailEditBtnButton\"]"}
COMMAND: POST /session/be9a23df4294472c3cbe97a105488dd6/elements - {"using":"xpath","value":"//button[@data-kt=\"contractDetailEditBtnButton\"]"}
RESULT: {"using":"xpath","value":"//button[@data-kt=\"contractDetailEditBtnButton\"]"}
COMMAND: POST /session/be9a23df4294472c3cbe97a105488dd6/elements - {"using":"xpath","value":"//button[@data-kt=\"contractDetailEditBtnButton\"]"}
RESULT: {"using":"xpath","value":"//button[@data-kt=\"contractDetailEditBtnButton\"]"}
COMMAND: POST /session/be9a23df4294472c3cbe97a105488dd6/elements - {"using":"xpath","value":"//button[@data-kt=\"contractDetailEditBtnButton\"]"}
RESULT: {"using":"xpath","value":"//button[@data-kt=\"contractDetailEditBtnButton\"]"}
COMMAND: POST /session/be9a23df4294472c3cbe97a105488dd6/elements - {"using":"xpath","value":"//button[@data-kt=\"contractDetailEditBtnButton\"]"}
RESULT: {"using":"xpath","value":"//button[@data-kt=\"contractDetailEditBtnButton\"]"}
COMMAND: POST /session/be9a23df4294472c3cbe97a105488dd6/elements - {"using":"xpath","value":"//button[@data-kt=\"contractDetailEditBtnButton\"]"}
RESULT: {"using":"xpath","value":"//button[@data-kt=\"contractDetailEditBtnButton\"]"}
COMMAND: POST /session/be9a23df4294472c3cbe97a105488dd6/elements - {"using":"xpath","value":"//button[@data-kt=\"contractDetailEditBtnButton\"]"}
RESULT: {"using":"xpath","value":"//button[@data-kt=\"contractDetailEditBtnButton\"]"}
COMMAND: POST /session/be9a23df4294472c3cbe97a105488dd6/elements - {"using":"xpath","value":"//button[@data-kt=\"contractDetailEditBtnButton\"]"}
RESULT: {"using":"xpath","value":"//button[@data-kt=\"contractDetailEditBtnButton\"]"}
COMMAND: POST /session/be9a23df4294472c3cbe97a105488dd6/elements - {"using":"xpath","value":"//button[@data-kt=\"contractDetailEditBtnButton\"]"}
RESULT: {"using":"xpath","value":"//button[@data-kt=\"contractDetailEditBtnButton\"]"}
COMMAND: POST /session/be9a23df4294472c3cbe97a105488dd6/elements - {"using":"xpath","value":"//button[@data-kt=\"contractDetailEditBtnButton\"]"}
RESULT: {"using":"xpath","value":"//button[@data-kt=\"contractDetailEditBtnButton\"]"}
COMMAND: POST /session/be9a23df4294472c3cbe97a105488dd6/elements - {"using":"xpath","value":"//button[@data-kt=\"contractDetailEditBtnButton\"]"}
RESULT: {"using":"xpath","value":"//button[@data-kt=\"contractDetailEditBtnButton\"]"}
COMMAND: POST /session/be9a23df4294472c3cbe97a105488dd6/elements - {"using":"xpath","value":"//button[@data-kt=\"contractDetailEditBtnButton\"]"}
RESULT: {"using":"xpath","value":"//button[@data-kt=\"contractDetailEditBtnButton\"]"}
COMMAND: POST /session/be9a23df4294472c3cbe97a105488dd6/elements - {"using":"xpath","value":"//button[@data-kt=\"contractDetailEditBtnButton\"]"}
RESULT: {"using":"xpath","value":"//button[@data-kt=\"contractDetailEditBtnButton\"]"}
COMMAND: POST /session/be9a23df4294472c3cbe97a105488dd6/elements - {"using":"xpath","value":"//button[@data-kt=\"contractDetailEditBtnButton\"]"}
RESULT: {"using":"xpath","value":"//button[@data-kt=\"contractDetailEditBtnButton\"]"}
COMMAND: POST /session/be9a23df4294472c3cbe97a105488dd6/elements - {"using":"xpath","value":"//button[@data-kt=\"contractDetailEditBtnButton\"]"}
RESULT: {"using":"xpath","value":"//button[@data-kt=\"contractDetailEditBtnButton\"]"}
COMMAND: POST /session/be9a23df4294472c3cbe97a105488dd6/elements - {"using":"xpath","value":"//button[@data-kt=\"contractDetailEditBtnButton\"]"}
RESULT: {"using":"xpath","value":"//button[@data-kt=\"contractDetailEditBtnButton\"]"}
COMMAND: POST /session/be9a23df4294472c3cbe97a105488dd6/elements - {"using":"xpath","value":"//button[@data-kt=\"contractDetailEditBtnButton\"]"}
RESULT: {"using":"xpath","value":"//button[@data-kt=\"contractDetailEditBtnButton\"]"}
COMMAND: POST /session/be9a23df4294472c3cbe97a105488dd6/elements - {"using":"xpath","value":"//button[@data-kt=\"contractDetailEditBtnButton\"]"}
RESULT: {"using":"xpath","value":"//button[@data-kt=\"contractDetailEditBtnButton\"]"}
COMMAND: POST /session/be9a23df4294472c3cbe97a105488dd6/elements - {"using":"xpath","value":"//button[@data-kt=\"contractDetailEditBtnButton\"]"}
RESULT: {"using":"xpath","value":"//button[@data-kt=\"contractDetailEditBtnButton\"]"}
COMMAND: POST /session/be9a23df4294472c3cbe97a105488dd6/elements - {"using":"xpath","value":"//button[@data-kt=\"contractDetailEditBtnButton\"]"}
RESULT: {"using":"xpath","value":"//button[@data-kt=\"contractDetailEditBtnButton\"]"}
COMMAND: POST /session/be9a23df4294472c3cbe97a105488dd6/elements - {"using":"xpath","value":"//button[@data-kt=\"contractDetailEditBtnButton\"]"}
RESULT: {"using":"xpath","value":"//button[@data-kt=\"contractDetailEditBtnButton\"]"}
COMMAND: POST /session/be9a23df4294472c3cbe97a105488dd6/elements - {"using":"xpath","value":"//button[@data-kt=\"contractDetailEditBtnButton\"]"}
RESULT: {"using":"xpath","value":"//button[@data-kt=\"contractDetailEditBtnButton\"]"}
COMMAND: POST /session/be9a23df4294472c3cbe97a105488dd6/elements - {"using":"xpath","value":"//button[@data-kt=\"contractDetailEditBtnButton\"]"}
RESULT: {"using":"xpath","value":"//button[@data-kt=\"contractDetailEditBtnButton\"]"}
COMMAND: POST /session/be9a23df4294472c3cbe97a105488dd6/elements - {"using":"xpath","value":"//button[@data-kt=\"contractDetailEditBtnButton\"]"}
RESULT: {"using":"xpath","value":"//button[@data-kt=\"contractDetailEditBtnButton\"]"}
COMMAND: POST /session/be9a23df4294472c3cbe97a105488dd6/elements - {"using":"xpath","value":"//button[@data-kt=\"contractDetailEditBtnButton\"]"}
RESULT: {"using":"xpath","value":"//button[@data-kt=\"contractDetailEditBtnButton\"]"}
COMMAND: POST /session/be9a23df4294472c3cbe97a105488dd6/elements - {"using":"xpath","value":"//button[@data-kt=\"contractDetailEditBtnButton\"]"}
RESULT: {"using":"xpath","value":"//button[@data-kt=\"contractDetailEditBtnButton\"]"}
COMMAND: POST /session/be9a23df4294472c3cbe97a105488dd6/elements - {"using":"xpath","value":"//button[@data-kt=\"contractDetailEditBtnButton\"]"}
RESULT: {"using":"xpath","value":"//button[@data-kt=\"contractDetailEditBtnButton\"]"}
COMMAND: POST /session/be9a23df4294472c3cbe97a105488dd6/elements - {"using":"xpath","value":"//button[@data-kt=\"contractDetailEditBtnButton\"]"}
RESULT: {"using":"xpath","value":"//button[@data-kt=\"contractDetailEditBtnButton\"]"}
COMMAND: POST /session/be9a23df4294472c3cbe97a105488dd6/elements - {"using":"xpath","value":"//button[@data-kt=\"contractDetailEditBtnButton\"]"}
RESULT: {"using":"xpath","value":"//button[@data-kt=\"contractDetailEditBtnButton\"]"}
COMMAND: POST /session/be9a23df4294472c3cbe97a105488dd6/elements - {"using":"xpath","value":"//button[@data-kt=\"contractDetailEditBtnButton\"]"}
RESULT: {"using":"xpath","value":"//button[@data-kt=\"contractDetailEditBtnButton\"]"}
COMMAND: POST /session/be9a23df4294472c3cbe97a105488dd6/elements - {"using":"xpath","value":"//button[@data-kt=\"contractDetailEditBtnButton\"]"}
RESULT: {"using":"xpath","value":"//button[@data-kt=\"contractDetailEditBtnButton\"]"}
COMMAND: POST /session/be9a23df4294472c3cbe97a105488dd6/elements - {"using":"xpath","value":"//button[@data-kt=\"contractDetailEditBtnButton\"]"}
RESULT: {"using":"xpath","value":"//button[@data-kt=\"contractDetailEditBtnButton\"]"}
COMMAND: POST /session/be9a23df4294472c3cbe97a105488dd6/elements - {"using":"xpath","value":"//button[@data-kt=\"contractDetailEditBtnButton\"]"}
RESULT: {"using":"xpath","value":"//button[@data-kt=\"contractDetailEditBtnButton\"]"}
COMMAND: POST /session/be9a23df4294472c3cbe97a105488dd6/elements - {"using":"xpath","value":"//button[@data-kt=\"contractDetailEditBtnButton\"]"}
RESULT: {"using":"xpath","value":"//button[@data-kt=\"contractDetailEditBtnButton\"]"}
COMMAND: POST /session/be9a23df4294472c3cbe97a105488dd6/elements - {"using":"xpath","value":"//button[@data-kt=\"contractDetailEditBtnButton\"]"}
RESULT: {"using":"xpath","value":"//button[@data-kt=\"contractDetailEditBtnButton\"]"}
COMMAND: POST /session/be9a23df4294472c3cbe97a105488dd6/elements - {"using":"xpath","value":"//button[@data-kt=\"contractDetailEditBtnButton\"]"}
RESULT: {"using":"xpath","value":"//button[@data-kt=\"contractDetailEditBtnButton\"]"}
COMMAND: POST /session/be9a23df4294472c3cbe97a105488dd6/elements - {"using":"xpath","value":"//button[@data-kt=\"contractDetailEditBtnButton\"]"}
RESULT: {"using":"xpath","value":"//button[@data-kt=\"contractDetailEditBtnButton\"]"}
COMMAND: POST /session/be9a23df4294472c3cbe97a105488dd6/elements - {"using":"xpath","value":"//button[@data-kt=\"contractDetailEditBtnButton\"]"}
RESULT: {"using":"xpath","value":"//button[@data-kt=\"contractDetailEditBtnButton\"]"}
COMMAND: POST /session/be9a23df4294472c3cbe97a105488dd6/elements - {"using":"xpath","value":"//button[@data-kt=\"contractDetailEditBtnButton\"]"}
RESULT: {"using":"xpath","value":"//button[@data-kt=\"contractDetailEditBtnButton\"]"}
COMMAND: POST /session/be9a23df4294472c3cbe97a105488dd6/elements - {"using":"xpath","value":"//button[@data-kt=\"contractDetailEditBtnButton\"]"}
RESULT: {"using":"xpath","value":"//button[@data-kt=\"contractDetailEditBtnButton\"]"}
COMMAND: POST /session/be9a23df4294472c3cbe97a105488dd6/elements - {"using":"xpath","value":"//button[@data-kt=\"contractDetailEditBtnButton\"]"}
RESULT: {"using":"xpath","value":"//button[@data-kt=\"contractDetailEditBtnButton\"]"}
COMMAND: POST /session/be9a23df4294472c3cbe97a105488dd6/elements - {"using":"xpath","value":"//button[@data-kt=\"contractDetailEditBtnButton\"]"}
RESULT: {"using":"xpath","value":"//button[@data-kt=\"contractDetailEditBtnButton\"]"}
COMMAND: POST /session/be9a23df4294472c3cbe97a105488dd6/elements - {"using":"xpath","value":"//button[@data-kt=\"contractDetailEditBtnButton\"]"}
RESULT: {"using":"xpath","value":"//button[@data-kt=\"contractDetailEditBtnButton\"]"}
COMMAND: POST /session/be9a23df4294472c3cbe97a105488dd6/elements - {"using":"xpath","value":"//button[@data-kt=\"contractDetailEditBtnButton\"]"}
RESULT: {"using":"xpath","value":"//button[@data-kt=\"contractDetailEditBtnButton\"]"}
COMMAND: POST /session/be9a23df4294472c3cbe97a105488dd6/elements - {"using":"xpath","value":"//button[@data-kt=\"contractDetailEditBtnButton\"]"}
RESULT: {"using":"xpath","value":"//button[@data-kt=\"contractDetailEditBtnButton\"]"}
COMMAND: POST /session/be9a23df4294472c3cbe97a105488dd6/elements - {"using":"xpath","value":"//button[@data-kt=\"contractDetailEditBtnButton\"]"}
RESULT: {"using":"xpath","value":"//button[@data-kt=\"contractDetailEditBtnButton\"]"}
COMMAND: POST /session/be9a23df4294472c3cbe97a105488dd6/elements - {"using":"xpath","value":"//button[@data-kt=\"contractDetailEditBtnButton\"]"}
RESULT: {"using":"xpath","value":"//button[@data-kt=\"contractDetailEditBtnButton\"]"}
COMMAND: POST /session/be9a23df4294472c3cbe97a105488dd6/elements - {"using":"xpath","value":"//button[@data-kt=\"contractDetailEditBtnButton\"]"}
RESULT: {"using":"xpath","value":"//button[@data-kt=\"contractDetailEditBtnButton\"]"}
COMMAND: POST /session/be9a23df4294472c3cbe97a105488dd6/elements - {"using":"xpath","value":"//button[@data-kt=\"contractDetailEditBtnButton\"]"}
RESULT: {"using":"xpath","value":"//button[@data-kt=\"contractDetailEditBtnButton\"]"}
COMMAND: POST /session/be9a23df4294472c3cbe97a105488dd6/elements - {"using":"xpath","value":"//button[@data-kt=\"contractDetailEditBtnButton\"]"}
RESULT: {"using":"xpath","value":"//button[@data-kt=\"contractDetailEditBtnButton\"]"}
COMMAND: POST /session/be9a23df4294472c3cbe97a105488dd6/elements - {"using":"xpath","value":"//button[@data-kt=\"contractDetailEditBtnButton\"]"}
RESULT: {"using":"xpath","value":"//button[@data-kt=\"contractDetailEditBtnButton\"]"}
COMMAND: POST /session/be9a23df4294472c3cbe97a105488dd6/elements - {"using":"xpath","value":"//button[@data-kt=\"contractDetailEditBtnButton\"]"}
RESULT: {"using":"xpath","value":"//button[@data-kt=\"contractDetailEditBtnButton\"]"}
COMMAND: POST /session/be9a23df4294472c3cbe97a105488dd6/elements - {"using":"xpath","value":"//button[@data-kt=\"contractDetailEditBtnButton\"]"}
RESULT: {"using":"xpath","value":"//button[@data-kt=\"contractDetailEditBtnButton\"]"}
COMMAND: POST /session/be9a23df4294472c3cbe97a105488dd6/elements - {"using":"xpath","value":"//button[@data-kt=\"contractDetailEditBtnButton\"]"}
RESULT: {"using":"xpath","value":"//button[@data-kt=\"contractDetailEditBtnButton\"]"}
COMMAND: POST /session/be9a23df4294472c3cbe97a105488dd6/elements - {"using":"xpath","value":"//button[@data-kt=\"contractDetailEditBtnButton\"]"}
RESULT: {"using":"xpath","value":"//button[@data-kt=\"contractDetailEditBtnButton\"]"}
COMMAND: POST /session/be9a23df4294472c3cbe97a105488dd6/elements - {"using":"xpath","value":"//button[@data-kt=\"contractDetailEditBtnButton\"]"}
RESULT: {"using":"xpath","value":"//button[@data-kt=\"contractDetailEditBtnButton\"]"}
COMMAND: POST /session/be9a23df4294472c3cbe97a105488dd6/elements - {"using":"xpath","value":"//button[@data-kt=\"contractDetailEditBtnButton\"]"}
RESULT: {"using":"xpath","value":"//button[@data-kt=\"contractDetailEditBtnButton\"]"}
COMMAND: POST /session/be9a23df4294472c3cbe97a105488dd6/elements - {"using":"xpath","value":"//button[@data-kt=\"contractDetailEditBtnButton\"]"}
RESULT: {"using":"xpath","value":"//button[@data-kt=\"contractDetailEditBtnButton\"]"}
COMMAND: POST /session/be9a23df4294472c3cbe97a105488dd6/elements - {"using":"xpath","value":"//button[@data-kt=\"contractDetailEditBtnButton\"]"}
RESULT: {"using":"xpath","value":"//button[@data-kt=\"contractDetailEditBtnButton\"]"}
COMMAND: POST /session/be9a23df4294472c3cbe97a105488dd6/elements - {"using":"xpath","value":"//button[@data-kt=\"contractDetailEditBtnButton\"]"}
RESULT: {"using":"xpath","value":"//button[@data-kt=\"contractDetailEditBtnButton\"]"}
COMMAND: POST /session/be9a23df4294472c3cbe97a105488dd6/elements - {"using":"xpath","value":"//button[@data-kt=\"contractDetailEditBtnButton\"]"}
RESULT: {"using":"xpath","value":"//button[@data-kt=\"contractDetailEditBtnButton\"]"}
COMMAND: POST /session/be9a23df4294472c3cbe97a105488dd6/elements - {"using":"xpath","value":"//button[@data-kt=\"contractDetailEditBtnButton\"]"}
RESULT: {"using":"xpath","value":"//button[@data-kt=\"contractDetailEditBtnButton\"]"}
COMMAND: POST /session/be9a23df4294472c3cbe97a105488dd6/elements - {"using":"xpath","value":"//button[@data-kt=\"contractDetailEditBtnButton\"]"}
RESULT: {"using":"xpath","value":"//button[@data-kt=\"contractDetailEditBtnButton\"]"}
COMMAND: POST /session/be9a23df4294472c3cbe97a105488dd6/elements - {"using":"xpath","value":"//button[@data-kt=\"contractDetailEditBtnButton\"]"}
RESULT: {"using":"xpath","value":"//button[@data-kt=\"contractDetailEditBtnButton\"]"}
COMMAND: POST /session/be9a23df4294472c3cbe97a105488dd6/elements - {"using":"xpath","value":"//button[@data-kt=\"contractDetailEditBtnButton\"]"}
RESULT: {"using":"xpath","value":"//button[@data-kt=\"contractDetailEditBtnButton\"]"}
COMMAND: POST /session/be9a23df4294472c3cbe97a105488dd6/elements - {"using":"xpath","value":"//button[@data-kt=\"contractDetailEditBtnButton\"]"}
RESULT: {"using":"xpath","value":"//button[@data-kt=\"contractDetailEditBtnButton\"]"}
COMMAND: POST /session/be9a23df4294472c3cbe97a105488dd6/elements - {"using":"xpath","value":"//button[@data-kt=\"contractDetailEditBtnButton\"]"}
RESULT: {"using":"xpath","value":"//button[@data-kt=\"contractDetailEditBtnButton\"]"}
COMMAND: POST /session/be9a23df4294472c3cbe97a105488dd6/elements - {"using":"xpath","value":"//button[@data-kt=\"contractDetailEditBtnButton\"]"}
RESULT: {"using":"xpath","value":"//button[@data-kt=\"contractDetailEditBtnButton\"]"}
COMMAND: POST /session/be9a23df4294472c3cbe97a105488dd6/elements - {"using":"xpath","value":"//button[@data-kt=\"contractDetailEditBtnButton\"]"}
RESULT: {"using":"xpath","value":"//button[@data-kt=\"contractDetailEditBtnButton\"]"}
COMMAND: POST /session/be9a23df4294472c3cbe97a105488dd6/elements - {"using":"xpath","value":"//button[@data-kt=\"contractDetailEditBtnButton\"]"}
RESULT: {"using":"xpath","value":"//button[@data-kt=\"contractDetailEditBtnButton\"]"}
COMMAND: POST /session/be9a23df4294472c3cbe97a105488dd6/elements - {"using":"xpath","value":"//button[@data-kt=\"contractDetailEditBtnButton\"]"}
RESULT: {"using":"xpath","value":"//button[@data-kt=\"contractDetailEditBtnButton\"]"}
COMMAND: POST /session/be9a23df4294472c3cbe97a105488dd6/elements - {"using":"xpath","value":"//button[@data-kt=\"contractDetailEditBtnButton\"]"}
RESULT: {"using":"xpath","value":"//button[@data-kt=\"contractDetailEditBtnButton\"]"}
COMMAND: POST /session/be9a23df4294472c3cbe97a105488dd6/elements - {"using":"xpath","value":"//button[@data-kt=\"contractDetailEditBtnButton\"]"}
RESULT: {"using":"xpath","value":"//button[@data-kt=\"contractDetailEditBtnButton\"]"}
COMMAND: POST /session/be9a23df4294472c3cbe97a105488dd6/elements - {"using":"xpath","value":"//button[@data-kt=\"contractDetailEditBtnButton\"]"}
RESULT: {"using":"xpath","value":"//button[@data-kt=\"contractDetailEditBtnButton\"]"}
COMMAND: POST /session/be9a23df4294472c3cbe97a105488dd6/elements - {"using":"xpath","value":"//button[@data-kt=\"contractDetailEditBtnButton\"]"}
RESULT: {"using":"xpath","value":"//button[@data-kt=\"contractDetailEditBtnButton\"]"}
COMMAND: POST /session/be9a23df4294472c3cbe97a105488dd6/elements - {"using":"xpath","value":"//button[@data-kt=\"contractDetailEditBtnButton\"]"}
RESULT: {"using":"xpath","value":"//button[@data-kt=\"contractDetailEditBtnButton\"]"}
COMMAND: POST /session/be9a23df4294472c3cbe97a105488dd6/elements - {"using":"xpath","value":"//button[@data-kt=\"contractDetailEditBtnButton\"]"}
RESULT: {"using":"xpath","value":"//button[@data-kt=\"contractDetailEditBtnButton\"]"}
COMMAND: POST /session/be9a23df4294472c3cbe97a105488dd6/elements - {"using":"xpath","value":"//button[@data-kt=\"contractDetailEditBtnButton\"]"}
RESULT: {"using":"xpath","value":"//button[@data-kt=\"contractDetailEditBtnButton\"]"}
COMMAND: POST /session/be9a23df4294472c3cbe97a105488dd6/elements - {"using":"xpath","value":"//button[@data-kt=\"contractDetailEditBtnButton\"]"}
RESULT: {"using":"xpath","value":"//button[@data-kt=\"contractDetailEditBtnButton\"]"}
COMMAND: POST /session/be9a23df4294472c3cbe97a105488dd6/elements - {"using":"xpath","value":"//button[@data-kt=\"contractDetailEditBtnButton\"]"}
RESULT: {"using":"xpath","value":"//button[@data-kt=\"contractDetailEditBtnButton\"]"}
COMMAND: POST /session/be9a23df4294472c3cbe97a105488dd6/elements - {"using":"xpath","value":"//button[@data-kt=\"contractDetailEditBtnButton\"]"}
RESULT: {"using":"xpath","value":"//button[@data-kt=\"contractDetailEditBtnButton\"]"}
COMMAND: POST /session/be9a23df4294472c3cbe97a105488dd6/elements - {"using":"xpath","value":"//button[@data-kt=\"contractDetailEditBtnButton\"]"}
RESULT: {"using":"xpath","value":"//button[@data-kt=\"contractDetailEditBtnButton\"]"}
COMMAND: POST /session/be9a23df4294472c3cbe97a105488dd6/elements - {"using":"xpath","value":"//button[@data-kt=\"contractDetailEditBtnButton\"]"}
RESULT: {"using":"xpath","value":"//button[@data-kt=\"contractDetailEditBtnButton\"]"}
COMMAND: POST /session/be9a23df4294472c3cbe97a105488dd6/elements - {"using":"xpath","value":"//button[@data-kt=\"contractDetailEditBtnButton\"]"}
RESULT: {"using":"xpath","value":"//button[@data-kt=\"contractDetailEditBtnButton\"]"}
COMMAND: POST /session/be9a23df4294472c3cbe97a105488dd6/elements - {"using":"xpath","value":"//button[@data-kt=\"contractDetailEditBtnButton\"]"}
RESULT: {"using":"xpath","value":"//button[@data-kt=\"contractDetailEditBtnButton\"]"}
COMMAND: POST /session/be9a23df4294472c3cbe97a105488dd6/elements - {"using":"xpath","value":"//button[@data-kt=\"contractDetailEditBtnButton\"]"}
RESULT: {"using":"xpath","value":"//button[@data-kt=\"contractDetailEditBtnButton\"]"}
COMMAND: POST /session/be9a23df4294472c3cbe97a105488dd6/elements - {"using":"xpath","value":"//button[@data-kt=\"contractDetailEditBtnButton\"]"}
RESULT: {"using":"xpath","value":"//button[@data-kt=\"contractDetailEditBtnButton\"]"}
COMMAND: POST /session/be9a23df4294472c3cbe97a105488dd6/elements - {"using":"xpath","value":"//button[@data-kt=\"contractDetailEditBtnButton\"]"}
RESULT: {"using":"xpath","value":"//button[@data-kt=\"contractDetailEditBtnButton\"]"}
COMMAND: POST /session/be9a23df4294472c3cbe97a105488dd6/elements - {"using":"xpath","value":"//button[@data-kt=\"contractDetailEditBtnButton\"]"}
RESULT: {"using":"xpath","value":"//button[@data-kt=\"contractDetailEditBtnButton\"]"}
COMMAND: POST /session/be9a23df4294472c3cbe97a105488dd6/elements - {"using":"xpath","value":"//button[@data-kt=\"contractDetailEditBtnButton\"]"}
RESULT: {"using":"xpath","value":"//button[@data-kt=\"contractDetailEditBtnButton\"]"}
COMMAND: POST /session/be9a23df4294472c3cbe97a105488dd6/elements - {"using":"xpath","value":"//button[@data-kt=\"contractDetailEditBtnButton\"]"}
RESULT: {"using":"xpath","value":"//button[@data-kt=\"contractDetailEditBtnButton\"]"}
COMMAND: POST /session/be9a23df4294472c3cbe97a105488dd6/elements - {"using":"xpath","value":"//button[@data-kt=\"contractDetailEditBtnButton\"]"}
RESULT: {"using":"xpath","value":"//button[@data-kt=\"contractDetailEditBtnButton\"]"}
COMMAND: POST /session/be9a23df4294472c3cbe97a105488dd6/elements - {"using":"xpath","value":"//button[@data-kt=\"contractDetailEditBtnButton\"]"}
RESULT: {"using":"xpath","value":"//button[@data-kt=\"contractDetailEditBtnButton\"]"}
COMMAND: POST /session/be9a23df4294472c3cbe97a105488dd6/elements - {"using":"xpath","value":"//button[@data-kt=\"contractDetailEditBtnButton\"]"}
RESULT: {"using":"xpath","value":"//button[@data-kt=\"contractDetailEditBtnButton\"]"}
COMMAND: POST /session/be9a23df4294472c3cbe97a105488dd6/elements - {"using":"xpath","value":"//button[@data-kt=\"contractDetailEditBtnButton\"]"}
RESULT: {"using":"xpath","value":"//button[@data-kt=\"contractDetailEditBtnButton\"]"}
COMMAND: POST /session/be9a23df4294472c3cbe97a105488dd6/elements - {"using":"xpath","value":"//button[@data-kt=\"contractDetailEditBtnButton\"]"}
RESULT: {"using":"xpath","value":"//button[@data-kt=\"contractDetailEditBtnButton\"]"}
COMMAND: POST /session/be9a23df4294472c3cbe97a105488dd6/elements - {"using":"xpath","value":"//button[@data-kt=\"contractDetailEditBtnButton\"]"}
RESULT: {"using":"xpath","value":"//button[@data-kt=\"contractDetailEditBtnButton\"]"}
COMMAND: POST /session/be9a23df4294472c3cbe97a105488dd6/elements - {"using":"xpath","value":"//button[@data-kt=\"contractDetailEditBtnButton\"]"}
RESULT: {"using":"xpath","value":"//button[@data-kt=\"contractDetailEditBtnButton\"]"}
COMMAND: POST /session/be9a23df4294472c3cbe97a105488dd6/elements - {"using":"xpath","value":"//button[@data-kt=\"contractDetailEditBtnButton\"]"}
RESULT: {"using":"xpath","value":"//button[@data-kt=\"contractDetailEditBtnButton\"]"}
COMMAND: POST /session/be9a23df4294472c3cbe97a105488dd6/elements - {"using":"xpath","value":"//button[@data-kt=\"contractDetailEditBtnButton\"]"}
RESULT: {"using":"xpath","value":"//button[@data-kt=\"contractDetailEditBtnButton\"]"}
COMMAND: POST /session/be9a23df4294472c3cbe97a105488dd6/elements - {"using":"xpath","value":"//button[@data-kt=\"contractDetailEditBtnButton\"]"}
RESULT: {"using":"xpath","value":"//button[@data-kt=\"contractDetailEditBtnButton\"]"}
COMMAND: POST /session/be9a23df4294472c3cbe97a105488dd6/elements - {"using":"xpath","value":"//button[@data-kt=\"contractDetailEditBtnButton\"]"}
RESULT: {"using":"xpath","value":"//button[@data-kt=\"contractDetailEditBtnButton\"]"}
COMMAND: POST /session/be9a23df4294472c3cbe97a105488dd6/elements - {"using":"xpath","value":"//button[@data-kt=\"contractDetailEditBtnButton\"]"}
RESULT: {"using":"xpath","value":"//button[@data-kt=\"contractDetailEditBtnButton\"]"}
COMMAND: POST /session/be9a23df4294472c3cbe97a105488dd6/elements - {"using":"xpath","value":"//button[@data-kt=\"contractDetailEditBtnButton\"]"}
RESULT: {"using":"xpath","value":"//button[@data-kt=\"contractDetailEditBtnButton\"]"}
COMMAND: POST /session/be9a23df4294472c3cbe97a105488dd6/elements - {"using":"xpath","value":"//button[@data-kt=\"contractDetailEditBtnButton\"]"}
RESULT: {"using":"xpath","value":"//button[@data-kt=\"contractDetailEditBtnButton\"]"}
COMMAND: POST /session/be9a23df4294472c3cbe97a105488dd6/elements - {"using":"xpath","value":"//button[@data-kt=\"contractDetailEditBtnButton\"]"}
RESULT: {"using":"xpath","value":"//button[@data-kt=\"contractDetailEditBtnButton\"]"}
COMMAND: POST /session/be9a23df4294472c3cbe97a105488dd6/elements - {"using":"xpath","value":"//button[@data-kt=\"contractDetailEditBtnButton\"]"}
RESULT: {"using":"xpath","value":"//button[@data-kt=\"contractDetailEditBtnButton\"]"}
COMMAND: POST /session/be9a23df4294472c3cbe97a105488dd6/elements - {"using":"xpath","value":"//button[@data-kt=\"contractDetailEditBtnButton\"]"}
RESULT: {"using":"xpath","value":"//button[@data-kt=\"contractDetailEditBtnButton\"]"}
COMMAND: POST /session/be9a23df4294472c3cbe97a105488dd6/elements - {"using":"xpath","value":"//button[@data-kt=\"contractDetailEditBtnButton\"]"}
RESULT: {"using":"xpath","value":"//button[@data-kt=\"contractDetailEditBtnButton\"]"}
COMMAND: POST /session/be9a23df4294472c3cbe97a105488dd6/elements - {"using":"xpath","value":"//button[@data-kt=\"contractDetailEditBtnButton\"]"}
RESULT: {"using":"xpath","value":"//button[@data-kt=\"contractDetailEditBtnButton\"]"}
COMMAND: POST /session/be9a23df4294472c3cbe97a105488dd6/elements - {"using":"xpath","value":"//button[@data-kt=\"contractDetailEditBtnButton\"]"}
RESULT: {"using":"xpath","value":"//button[@data-kt=\"contractDetailEditBtnButton\"]"}
COMMAND: POST /session/be9a23df4294472c3cbe97a105488dd6/elements - {"using":"xpath","value":"//button[@data-kt=\"contractDetailEditBtnButton\"]"}
RESULT: {"using":"xpath","value":"//button[@data-kt=\"contractDetailEditBtnButton\"]"}
COMMAND: GET /session/be9a23df4294472c3cbe97a105488dd6/screenshot - {}
RESULT: {}
]]></system-out>
      <system-err><![CDATA[
Error: Can't call click on element with selector "//button[@data-kt="contractDetailEditBtnButton"]" because element wasn't found
    at async UtilsPrerequisites.addItemToContract (D:\a\1\s\test\specs\BTS\prerequisites-and-utils-functions.js:1852:9)
    at async Context.<anonymous> (D:\a\1\s\test\specs\BTS\billing-confirm.spec.js:67:9)
]]></system-err>
    </testcase>
    <testcase classname="chrome.136_0_7103_93.windows.Billing_confirm_US117289" name="Should do a provide to site handover" time="60.427">
      <failure/>
      <error message="Can't call click on element with selector &quot;//button[@data-kt=&quot;provideButton&quot;]&quot; because element wasn't found"/>
      <system-out><![CDATA[
COMMAND: GET /session/be9a23df4294472c3cbe97a105488dd6/screenshot - {}
COMMAND: POST /session/be9a23df4294472c3cbe97a105488dd6/element - {"using":"xpath","value":"//button[@data-kt=\"provideButton\"]"}
RESULT: {"using":"xpath","value":"//button[@data-kt=\"provideButton\"]"}
COMMAND: POST /session/be9a23df4294472c3cbe97a105488dd6/elements - {"using":"xpath","value":"//button[@data-kt=\"provideButton\"]"}
RESULT: {}
RESULT: {"using":"xpath","value":"//button[@data-kt=\"provideButton\"]"}
COMMAND: POST /session/be9a23df4294472c3cbe97a105488dd6/elements - {"using":"xpath","value":"//button[@data-kt=\"provideButton\"]"}
RESULT: {"using":"xpath","value":"//button[@data-kt=\"provideButton\"]"}
COMMAND: POST /session/be9a23df4294472c3cbe97a105488dd6/elements - {"using":"xpath","value":"//button[@data-kt=\"provideButton\"]"}
RESULT: {"using":"xpath","value":"//button[@data-kt=\"provideButton\"]"}
COMMAND: POST /session/be9a23df4294472c3cbe97a105488dd6/elements - {"using":"xpath","value":"//button[@data-kt=\"provideButton\"]"}
RESULT: {"using":"xpath","value":"//button[@data-kt=\"provideButton\"]"}
COMMAND: POST /session/be9a23df4294472c3cbe97a105488dd6/elements - {"using":"xpath","value":"//button[@data-kt=\"provideButton\"]"}
RESULT: {"using":"xpath","value":"//button[@data-kt=\"provideButton\"]"}
COMMAND: POST /session/be9a23df4294472c3cbe97a105488dd6/elements - {"using":"xpath","value":"//button[@data-kt=\"provideButton\"]"}
RESULT: {"using":"xpath","value":"//button[@data-kt=\"provideButton\"]"}
COMMAND: POST /session/be9a23df4294472c3cbe97a105488dd6/elements - {"using":"xpath","value":"//button[@data-kt=\"provideButton\"]"}
RESULT: {"using":"xpath","value":"//button[@data-kt=\"provideButton\"]"}
COMMAND: POST /session/be9a23df4294472c3cbe97a105488dd6/elements - {"using":"xpath","value":"//button[@data-kt=\"provideButton\"]"}
RESULT: {"using":"xpath","value":"//button[@data-kt=\"provideButton\"]"}
COMMAND: POST /session/be9a23df4294472c3cbe97a105488dd6/elements - {"using":"xpath","value":"//button[@data-kt=\"provideButton\"]"}
RESULT: {"using":"xpath","value":"//button[@data-kt=\"provideButton\"]"}
COMMAND: POST /session/be9a23df4294472c3cbe97a105488dd6/elements - {"using":"xpath","value":"//button[@data-kt=\"provideButton\"]"}
RESULT: {"using":"xpath","value":"//button[@data-kt=\"provideButton\"]"}
COMMAND: POST /session/be9a23df4294472c3cbe97a105488dd6/elements - {"using":"xpath","value":"//button[@data-kt=\"provideButton\"]"}
RESULT: {"using":"xpath","value":"//button[@data-kt=\"provideButton\"]"}
COMMAND: POST /session/be9a23df4294472c3cbe97a105488dd6/elements - {"using":"xpath","value":"//button[@data-kt=\"provideButton\"]"}
RESULT: {"using":"xpath","value":"//button[@data-kt=\"provideButton\"]"}
COMMAND: POST /session/be9a23df4294472c3cbe97a105488dd6/elements - {"using":"xpath","value":"//button[@data-kt=\"provideButton\"]"}
RESULT: {"using":"xpath","value":"//button[@data-kt=\"provideButton\"]"}
COMMAND: POST /session/be9a23df4294472c3cbe97a105488dd6/elements - {"using":"xpath","value":"//button[@data-kt=\"provideButton\"]"}
RESULT: {"using":"xpath","value":"//button[@data-kt=\"provideButton\"]"}
COMMAND: POST /session/be9a23df4294472c3cbe97a105488dd6/elements - {"using":"xpath","value":"//button[@data-kt=\"provideButton\"]"}
RESULT: {"using":"xpath","value":"//button[@data-kt=\"provideButton\"]"}
COMMAND: POST /session/be9a23df4294472c3cbe97a105488dd6/elements - {"using":"xpath","value":"//button[@data-kt=\"provideButton\"]"}
RESULT: {"using":"xpath","value":"//button[@data-kt=\"provideButton\"]"}
COMMAND: POST /session/be9a23df4294472c3cbe97a105488dd6/elements - {"using":"xpath","value":"//button[@data-kt=\"provideButton\"]"}
RESULT: {"using":"xpath","value":"//button[@data-kt=\"provideButton\"]"}
COMMAND: POST /session/be9a23df4294472c3cbe97a105488dd6/elements - {"using":"xpath","value":"//button[@data-kt=\"provideButton\"]"}
RESULT: {"using":"xpath","value":"//button[@data-kt=\"provideButton\"]"}
COMMAND: POST /session/be9a23df4294472c3cbe97a105488dd6/elements - {"using":"xpath","value":"//button[@data-kt=\"provideButton\"]"}
RESULT: {"using":"xpath","value":"//button[@data-kt=\"provideButton\"]"}
COMMAND: POST /session/be9a23df4294472c3cbe97a105488dd6/elements - {"using":"xpath","value":"//button[@data-kt=\"provideButton\"]"}
RESULT: {"using":"xpath","value":"//button[@data-kt=\"provideButton\"]"}
COMMAND: POST /session/be9a23df4294472c3cbe97a105488dd6/elements - {"using":"xpath","value":"//button[@data-kt=\"provideButton\"]"}
RESULT: {"using":"xpath","value":"//button[@data-kt=\"provideButton\"]"}
COMMAND: POST /session/be9a23df4294472c3cbe97a105488dd6/elements - {"using":"xpath","value":"//button[@data-kt=\"provideButton\"]"}
RESULT: {"using":"xpath","value":"//button[@data-kt=\"provideButton\"]"}
COMMAND: POST /session/be9a23df4294472c3cbe97a105488dd6/elements - {"using":"xpath","value":"//button[@data-kt=\"provideButton\"]"}
RESULT: {"using":"xpath","value":"//button[@data-kt=\"provideButton\"]"}
COMMAND: POST /session/be9a23df4294472c3cbe97a105488dd6/elements - {"using":"xpath","value":"//button[@data-kt=\"provideButton\"]"}
RESULT: {"using":"xpath","value":"//button[@data-kt=\"provideButton\"]"}
COMMAND: POST /session/be9a23df4294472c3cbe97a105488dd6/elements - {"using":"xpath","value":"//button[@data-kt=\"provideButton\"]"}
RESULT: {"using":"xpath","value":"//button[@data-kt=\"provideButton\"]"}
COMMAND: POST /session/be9a23df4294472c3cbe97a105488dd6/elements - {"using":"xpath","value":"//button[@data-kt=\"provideButton\"]"}
RESULT: {"using":"xpath","value":"//button[@data-kt=\"provideButton\"]"}
COMMAND: POST /session/be9a23df4294472c3cbe97a105488dd6/elements - {"using":"xpath","value":"//button[@data-kt=\"provideButton\"]"}
RESULT: {"using":"xpath","value":"//button[@data-kt=\"provideButton\"]"}
COMMAND: POST /session/be9a23df4294472c3cbe97a105488dd6/elements - {"using":"xpath","value":"//button[@data-kt=\"provideButton\"]"}
RESULT: {"using":"xpath","value":"//button[@data-kt=\"provideButton\"]"}
COMMAND: POST /session/be9a23df4294472c3cbe97a105488dd6/elements - {"using":"xpath","value":"//button[@data-kt=\"provideButton\"]"}
RESULT: {"using":"xpath","value":"//button[@data-kt=\"provideButton\"]"}
COMMAND: POST /session/be9a23df4294472c3cbe97a105488dd6/elements - {"using":"xpath","value":"//button[@data-kt=\"provideButton\"]"}
RESULT: {"using":"xpath","value":"//button[@data-kt=\"provideButton\"]"}
COMMAND: POST /session/be9a23df4294472c3cbe97a105488dd6/elements - {"using":"xpath","value":"//button[@data-kt=\"provideButton\"]"}
RESULT: {"using":"xpath","value":"//button[@data-kt=\"provideButton\"]"}
COMMAND: POST /session/be9a23df4294472c3cbe97a105488dd6/elements - {"using":"xpath","value":"//button[@data-kt=\"provideButton\"]"}
RESULT: {"using":"xpath","value":"//button[@data-kt=\"provideButton\"]"}
COMMAND: POST /session/be9a23df4294472c3cbe97a105488dd6/elements - {"using":"xpath","value":"//button[@data-kt=\"provideButton\"]"}
RESULT: {"using":"xpath","value":"//button[@data-kt=\"provideButton\"]"}
COMMAND: POST /session/be9a23df4294472c3cbe97a105488dd6/elements - {"using":"xpath","value":"//button[@data-kt=\"provideButton\"]"}
RESULT: {"using":"xpath","value":"//button[@data-kt=\"provideButton\"]"}
COMMAND: POST /session/be9a23df4294472c3cbe97a105488dd6/elements - {"using":"xpath","value":"//button[@data-kt=\"provideButton\"]"}
RESULT: {"using":"xpath","value":"//button[@data-kt=\"provideButton\"]"}
COMMAND: POST /session/be9a23df4294472c3cbe97a105488dd6/elements - {"using":"xpath","value":"//button[@data-kt=\"provideButton\"]"}
RESULT: {"using":"xpath","value":"//button[@data-kt=\"provideButton\"]"}
COMMAND: POST /session/be9a23df4294472c3cbe97a105488dd6/elements - {"using":"xpath","value":"//button[@data-kt=\"provideButton\"]"}
RESULT: {"using":"xpath","value":"//button[@data-kt=\"provideButton\"]"}
COMMAND: POST /session/be9a23df4294472c3cbe97a105488dd6/elements - {"using":"xpath","value":"//button[@data-kt=\"provideButton\"]"}
RESULT: {"using":"xpath","value":"//button[@data-kt=\"provideButton\"]"}
COMMAND: POST /session/be9a23df4294472c3cbe97a105488dd6/elements - {"using":"xpath","value":"//button[@data-kt=\"provideButton\"]"}
RESULT: {"using":"xpath","value":"//button[@data-kt=\"provideButton\"]"}
COMMAND: POST /session/be9a23df4294472c3cbe97a105488dd6/elements - {"using":"xpath","value":"//button[@data-kt=\"provideButton\"]"}
RESULT: {"using":"xpath","value":"//button[@data-kt=\"provideButton\"]"}
COMMAND: POST /session/be9a23df4294472c3cbe97a105488dd6/elements - {"using":"xpath","value":"//button[@data-kt=\"provideButton\"]"}
RESULT: {"using":"xpath","value":"//button[@data-kt=\"provideButton\"]"}
COMMAND: POST /session/be9a23df4294472c3cbe97a105488dd6/elements - {"using":"xpath","value":"//button[@data-kt=\"provideButton\"]"}
RESULT: {"using":"xpath","value":"//button[@data-kt=\"provideButton\"]"}
COMMAND: POST /session/be9a23df4294472c3cbe97a105488dd6/elements - {"using":"xpath","value":"//button[@data-kt=\"provideButton\"]"}
RESULT: {"using":"xpath","value":"//button[@data-kt=\"provideButton\"]"}
COMMAND: POST /session/be9a23df4294472c3cbe97a105488dd6/elements - {"using":"xpath","value":"//button[@data-kt=\"provideButton\"]"}
RESULT: {"using":"xpath","value":"//button[@data-kt=\"provideButton\"]"}
COMMAND: POST /session/be9a23df4294472c3cbe97a105488dd6/elements - {"using":"xpath","value":"//button[@data-kt=\"provideButton\"]"}
RESULT: {"using":"xpath","value":"//button[@data-kt=\"provideButton\"]"}
COMMAND: POST /session/be9a23df4294472c3cbe97a105488dd6/elements - {"using":"xpath","value":"//button[@data-kt=\"provideButton\"]"}
RESULT: {"using":"xpath","value":"//button[@data-kt=\"provideButton\"]"}
COMMAND: POST /session/be9a23df4294472c3cbe97a105488dd6/elements - {"using":"xpath","value":"//button[@data-kt=\"provideButton\"]"}
RESULT: {"using":"xpath","value":"//button[@data-kt=\"provideButton\"]"}
COMMAND: POST /session/be9a23df4294472c3cbe97a105488dd6/elements - {"using":"xpath","value":"//button[@data-kt=\"provideButton\"]"}
RESULT: {"using":"xpath","value":"//button[@data-kt=\"provideButton\"]"}
COMMAND: POST /session/be9a23df4294472c3cbe97a105488dd6/elements - {"using":"xpath","value":"//button[@data-kt=\"provideButton\"]"}
RESULT: {"using":"xpath","value":"//button[@data-kt=\"provideButton\"]"}
COMMAND: POST /session/be9a23df4294472c3cbe97a105488dd6/elements - {"using":"xpath","value":"//button[@data-kt=\"provideButton\"]"}
RESULT: {"using":"xpath","value":"//button[@data-kt=\"provideButton\"]"}
COMMAND: POST /session/be9a23df4294472c3cbe97a105488dd6/elements - {"using":"xpath","value":"//button[@data-kt=\"provideButton\"]"}
RESULT: {"using":"xpath","value":"//button[@data-kt=\"provideButton\"]"}
COMMAND: POST /session/be9a23df4294472c3cbe97a105488dd6/elements - {"using":"xpath","value":"//button[@data-kt=\"provideButton\"]"}
RESULT: {"using":"xpath","value":"//button[@data-kt=\"provideButton\"]"}
COMMAND: POST /session/be9a23df4294472c3cbe97a105488dd6/elements - {"using":"xpath","value":"//button[@data-kt=\"provideButton\"]"}
RESULT: {"using":"xpath","value":"//button[@data-kt=\"provideButton\"]"}
COMMAND: POST /session/be9a23df4294472c3cbe97a105488dd6/elements - {"using":"xpath","value":"//button[@data-kt=\"provideButton\"]"}
RESULT: {"using":"xpath","value":"//button[@data-kt=\"provideButton\"]"}
COMMAND: POST /session/be9a23df4294472c3cbe97a105488dd6/elements - {"using":"xpath","value":"//button[@data-kt=\"provideButton\"]"}
RESULT: {"using":"xpath","value":"//button[@data-kt=\"provideButton\"]"}
COMMAND: POST /session/be9a23df4294472c3cbe97a105488dd6/elements - {"using":"xpath","value":"//button[@data-kt=\"provideButton\"]"}
RESULT: {"using":"xpath","value":"//button[@data-kt=\"provideButton\"]"}
COMMAND: POST /session/be9a23df4294472c3cbe97a105488dd6/elements - {"using":"xpath","value":"//button[@data-kt=\"provideButton\"]"}
RESULT: {"using":"xpath","value":"//button[@data-kt=\"provideButton\"]"}
COMMAND: POST /session/be9a23df4294472c3cbe97a105488dd6/elements - {"using":"xpath","value":"//button[@data-kt=\"provideButton\"]"}
RESULT: {"using":"xpath","value":"//button[@data-kt=\"provideButton\"]"}
COMMAND: POST /session/be9a23df4294472c3cbe97a105488dd6/elements - {"using":"xpath","value":"//button[@data-kt=\"provideButton\"]"}
RESULT: {"using":"xpath","value":"//button[@data-kt=\"provideButton\"]"}
COMMAND: POST /session/be9a23df4294472c3cbe97a105488dd6/elements - {"using":"xpath","value":"//button[@data-kt=\"provideButton\"]"}
RESULT: {"using":"xpath","value":"//button[@data-kt=\"provideButton\"]"}
COMMAND: POST /session/be9a23df4294472c3cbe97a105488dd6/elements - {"using":"xpath","value":"//button[@data-kt=\"provideButton\"]"}
RESULT: {"using":"xpath","value":"//button[@data-kt=\"provideButton\"]"}
COMMAND: POST /session/be9a23df4294472c3cbe97a105488dd6/elements - {"using":"xpath","value":"//button[@data-kt=\"provideButton\"]"}
RESULT: {"using":"xpath","value":"//button[@data-kt=\"provideButton\"]"}
COMMAND: POST /session/be9a23df4294472c3cbe97a105488dd6/elements - {"using":"xpath","value":"//button[@data-kt=\"provideButton\"]"}
RESULT: {"using":"xpath","value":"//button[@data-kt=\"provideButton\"]"}
COMMAND: POST /session/be9a23df4294472c3cbe97a105488dd6/elements - {"using":"xpath","value":"//button[@data-kt=\"provideButton\"]"}
RESULT: {"using":"xpath","value":"//button[@data-kt=\"provideButton\"]"}
COMMAND: POST /session/be9a23df4294472c3cbe97a105488dd6/elements - {"using":"xpath","value":"//button[@data-kt=\"provideButton\"]"}
RESULT: {"using":"xpath","value":"//button[@data-kt=\"provideButton\"]"}
COMMAND: POST /session/be9a23df4294472c3cbe97a105488dd6/elements - {"using":"xpath","value":"//button[@data-kt=\"provideButton\"]"}
RESULT: {"using":"xpath","value":"//button[@data-kt=\"provideButton\"]"}
COMMAND: POST /session/be9a23df4294472c3cbe97a105488dd6/elements - {"using":"xpath","value":"//button[@data-kt=\"provideButton\"]"}
RESULT: {"using":"xpath","value":"//button[@data-kt=\"provideButton\"]"}
COMMAND: POST /session/be9a23df4294472c3cbe97a105488dd6/elements - {"using":"xpath","value":"//button[@data-kt=\"provideButton\"]"}
RESULT: {"using":"xpath","value":"//button[@data-kt=\"provideButton\"]"}
COMMAND: POST /session/be9a23df4294472c3cbe97a105488dd6/elements - {"using":"xpath","value":"//button[@data-kt=\"provideButton\"]"}
RESULT: {"using":"xpath","value":"//button[@data-kt=\"provideButton\"]"}
COMMAND: POST /session/be9a23df4294472c3cbe97a105488dd6/elements - {"using":"xpath","value":"//button[@data-kt=\"provideButton\"]"}
RESULT: {"using":"xpath","value":"//button[@data-kt=\"provideButton\"]"}
COMMAND: POST /session/be9a23df4294472c3cbe97a105488dd6/elements - {"using":"xpath","value":"//button[@data-kt=\"provideButton\"]"}
RESULT: {"using":"xpath","value":"//button[@data-kt=\"provideButton\"]"}
COMMAND: POST /session/be9a23df4294472c3cbe97a105488dd6/elements - {"using":"xpath","value":"//button[@data-kt=\"provideButton\"]"}
RESULT: {"using":"xpath","value":"//button[@data-kt=\"provideButton\"]"}
COMMAND: POST /session/be9a23df4294472c3cbe97a105488dd6/elements - {"using":"xpath","value":"//button[@data-kt=\"provideButton\"]"}
RESULT: {"using":"xpath","value":"//button[@data-kt=\"provideButton\"]"}
COMMAND: POST /session/be9a23df4294472c3cbe97a105488dd6/elements - {"using":"xpath","value":"//button[@data-kt=\"provideButton\"]"}
RESULT: {"using":"xpath","value":"//button[@data-kt=\"provideButton\"]"}
COMMAND: POST /session/be9a23df4294472c3cbe97a105488dd6/elements - {"using":"xpath","value":"//button[@data-kt=\"provideButton\"]"}
RESULT: {"using":"xpath","value":"//button[@data-kt=\"provideButton\"]"}
COMMAND: POST /session/be9a23df4294472c3cbe97a105488dd6/elements - {"using":"xpath","value":"//button[@data-kt=\"provideButton\"]"}
RESULT: {"using":"xpath","value":"//button[@data-kt=\"provideButton\"]"}
COMMAND: POST /session/be9a23df4294472c3cbe97a105488dd6/elements - {"using":"xpath","value":"//button[@data-kt=\"provideButton\"]"}
RESULT: {"using":"xpath","value":"//button[@data-kt=\"provideButton\"]"}
COMMAND: POST /session/be9a23df4294472c3cbe97a105488dd6/elements - {"using":"xpath","value":"//button[@data-kt=\"provideButton\"]"}
RESULT: {"using":"xpath","value":"//button[@data-kt=\"provideButton\"]"}
COMMAND: POST /session/be9a23df4294472c3cbe97a105488dd6/elements - {"using":"xpath","value":"//button[@data-kt=\"provideButton\"]"}
RESULT: {"using":"xpath","value":"//button[@data-kt=\"provideButton\"]"}
COMMAND: POST /session/be9a23df4294472c3cbe97a105488dd6/elements - {"using":"xpath","value":"//button[@data-kt=\"provideButton\"]"}
RESULT: {"using":"xpath","value":"//button[@data-kt=\"provideButton\"]"}
COMMAND: POST /session/be9a23df4294472c3cbe97a105488dd6/elements - {"using":"xpath","value":"//button[@data-kt=\"provideButton\"]"}
RESULT: {"using":"xpath","value":"//button[@data-kt=\"provideButton\"]"}
COMMAND: POST /session/be9a23df4294472c3cbe97a105488dd6/elements - {"using":"xpath","value":"//button[@data-kt=\"provideButton\"]"}
RESULT: {"using":"xpath","value":"//button[@data-kt=\"provideButton\"]"}
COMMAND: POST /session/be9a23df4294472c3cbe97a105488dd6/elements - {"using":"xpath","value":"//button[@data-kt=\"provideButton\"]"}
RESULT: {"using":"xpath","value":"//button[@data-kt=\"provideButton\"]"}
COMMAND: POST /session/be9a23df4294472c3cbe97a105488dd6/elements - {"using":"xpath","value":"//button[@data-kt=\"provideButton\"]"}
RESULT: {"using":"xpath","value":"//button[@data-kt=\"provideButton\"]"}
COMMAND: POST /session/be9a23df4294472c3cbe97a105488dd6/elements - {"using":"xpath","value":"//button[@data-kt=\"provideButton\"]"}
RESULT: {"using":"xpath","value":"//button[@data-kt=\"provideButton\"]"}
COMMAND: POST /session/be9a23df4294472c3cbe97a105488dd6/elements - {"using":"xpath","value":"//button[@data-kt=\"provideButton\"]"}
RESULT: {"using":"xpath","value":"//button[@data-kt=\"provideButton\"]"}
COMMAND: POST /session/be9a23df4294472c3cbe97a105488dd6/elements - {"using":"xpath","value":"//button[@data-kt=\"provideButton\"]"}
RESULT: {"using":"xpath","value":"//button[@data-kt=\"provideButton\"]"}
COMMAND: POST /session/be9a23df4294472c3cbe97a105488dd6/elements - {"using":"xpath","value":"//button[@data-kt=\"provideButton\"]"}
RESULT: {"using":"xpath","value":"//button[@data-kt=\"provideButton\"]"}
COMMAND: POST /session/be9a23df4294472c3cbe97a105488dd6/elements - {"using":"xpath","value":"//button[@data-kt=\"provideButton\"]"}
RESULT: {"using":"xpath","value":"//button[@data-kt=\"provideButton\"]"}
COMMAND: POST /session/be9a23df4294472c3cbe97a105488dd6/elements - {"using":"xpath","value":"//button[@data-kt=\"provideButton\"]"}
RESULT: {"using":"xpath","value":"//button[@data-kt=\"provideButton\"]"}
COMMAND: POST /session/be9a23df4294472c3cbe97a105488dd6/elements - {"using":"xpath","value":"//button[@data-kt=\"provideButton\"]"}
RESULT: {"using":"xpath","value":"//button[@data-kt=\"provideButton\"]"}
COMMAND: POST /session/be9a23df4294472c3cbe97a105488dd6/elements - {"using":"xpath","value":"//button[@data-kt=\"provideButton\"]"}
RESULT: {"using":"xpath","value":"//button[@data-kt=\"provideButton\"]"}
COMMAND: POST /session/be9a23df4294472c3cbe97a105488dd6/elements - {"using":"xpath","value":"//button[@data-kt=\"provideButton\"]"}
RESULT: {"using":"xpath","value":"//button[@data-kt=\"provideButton\"]"}
COMMAND: POST /session/be9a23df4294472c3cbe97a105488dd6/elements - {"using":"xpath","value":"//button[@data-kt=\"provideButton\"]"}
RESULT: {"using":"xpath","value":"//button[@data-kt=\"provideButton\"]"}
COMMAND: POST /session/be9a23df4294472c3cbe97a105488dd6/elements - {"using":"xpath","value":"//button[@data-kt=\"provideButton\"]"}
RESULT: {"using":"xpath","value":"//button[@data-kt=\"provideButton\"]"}
COMMAND: POST /session/be9a23df4294472c3cbe97a105488dd6/elements - {"using":"xpath","value":"//button[@data-kt=\"provideButton\"]"}
RESULT: {"using":"xpath","value":"//button[@data-kt=\"provideButton\"]"}
COMMAND: POST /session/be9a23df4294472c3cbe97a105488dd6/elements - {"using":"xpath","value":"//button[@data-kt=\"provideButton\"]"}
RESULT: {"using":"xpath","value":"//button[@data-kt=\"provideButton\"]"}
COMMAND: POST /session/be9a23df4294472c3cbe97a105488dd6/elements - {"using":"xpath","value":"//button[@data-kt=\"provideButton\"]"}
RESULT: {"using":"xpath","value":"//button[@data-kt=\"provideButton\"]"}
COMMAND: POST /session/be9a23df4294472c3cbe97a105488dd6/elements - {"using":"xpath","value":"//button[@data-kt=\"provideButton\"]"}
RESULT: {"using":"xpath","value":"//button[@data-kt=\"provideButton\"]"}
COMMAND: POST /session/be9a23df4294472c3cbe97a105488dd6/elements - {"using":"xpath","value":"//button[@data-kt=\"provideButton\"]"}
RESULT: {"using":"xpath","value":"//button[@data-kt=\"provideButton\"]"}
COMMAND: POST /session/be9a23df4294472c3cbe97a105488dd6/elements - {"using":"xpath","value":"//button[@data-kt=\"provideButton\"]"}
RESULT: {"using":"xpath","value":"//button[@data-kt=\"provideButton\"]"}
COMMAND: POST /session/be9a23df4294472c3cbe97a105488dd6/elements - {"using":"xpath","value":"//button[@data-kt=\"provideButton\"]"}
RESULT: {"using":"xpath","value":"//button[@data-kt=\"provideButton\"]"}
COMMAND: POST /session/be9a23df4294472c3cbe97a105488dd6/elements - {"using":"xpath","value":"//button[@data-kt=\"provideButton\"]"}
RESULT: {"using":"xpath","value":"//button[@data-kt=\"provideButton\"]"}
COMMAND: POST /session/be9a23df4294472c3cbe97a105488dd6/elements - {"using":"xpath","value":"//button[@data-kt=\"provideButton\"]"}
RESULT: {"using":"xpath","value":"//button[@data-kt=\"provideButton\"]"}
COMMAND: POST /session/be9a23df4294472c3cbe97a105488dd6/elements - {"using":"xpath","value":"//button[@data-kt=\"provideButton\"]"}
RESULT: {"using":"xpath","value":"//button[@data-kt=\"provideButton\"]"}
COMMAND: POST /session/be9a23df4294472c3cbe97a105488dd6/elements - {"using":"xpath","value":"//button[@data-kt=\"provideButton\"]"}
RESULT: {"using":"xpath","value":"//button[@data-kt=\"provideButton\"]"}
COMMAND: POST /session/be9a23df4294472c3cbe97a105488dd6/elements - {"using":"xpath","value":"//button[@data-kt=\"provideButton\"]"}
RESULT: {"using":"xpath","value":"//button[@data-kt=\"provideButton\"]"}
COMMAND: POST /session/be9a23df4294472c3cbe97a105488dd6/elements - {"using":"xpath","value":"//button[@data-kt=\"provideButton\"]"}
RESULT: {"using":"xpath","value":"//button[@data-kt=\"provideButton\"]"}
COMMAND: POST /session/be9a23df4294472c3cbe97a105488dd6/elements - {"using":"xpath","value":"//button[@data-kt=\"provideButton\"]"}
RESULT: {"using":"xpath","value":"//button[@data-kt=\"provideButton\"]"}
COMMAND: POST /session/be9a23df4294472c3cbe97a105488dd6/elements - {"using":"xpath","value":"//button[@data-kt=\"provideButton\"]"}
RESULT: {"using":"xpath","value":"//button[@data-kt=\"provideButton\"]"}
COMMAND: POST /session/be9a23df4294472c3cbe97a105488dd6/elements - {"using":"xpath","value":"//button[@data-kt=\"provideButton\"]"}
RESULT: {"using":"xpath","value":"//button[@data-kt=\"provideButton\"]"}
COMMAND: POST /session/be9a23df4294472c3cbe97a105488dd6/elements - {"using":"xpath","value":"//button[@data-kt=\"provideButton\"]"}
RESULT: {"using":"xpath","value":"//button[@data-kt=\"provideButton\"]"}
COMMAND: POST /session/be9a23df4294472c3cbe97a105488dd6/elements - {"using":"xpath","value":"//button[@data-kt=\"provideButton\"]"}
RESULT: {"using":"xpath","value":"//button[@data-kt=\"provideButton\"]"}
COMMAND: POST /session/be9a23df4294472c3cbe97a105488dd6/elements - {"using":"xpath","value":"//button[@data-kt=\"provideButton\"]"}
RESULT: {"using":"xpath","value":"//button[@data-kt=\"provideButton\"]"}
COMMAND: POST /session/be9a23df4294472c3cbe97a105488dd6/elements - {"using":"xpath","value":"//button[@data-kt=\"provideButton\"]"}
RESULT: {"using":"xpath","value":"//button[@data-kt=\"provideButton\"]"}
COMMAND: POST /session/be9a23df4294472c3cbe97a105488dd6/elements - {"using":"xpath","value":"//button[@data-kt=\"provideButton\"]"}
RESULT: {"using":"xpath","value":"//button[@data-kt=\"provideButton\"]"}
COMMAND: POST /session/be9a23df4294472c3cbe97a105488dd6/elements - {"using":"xpath","value":"//button[@data-kt=\"provideButton\"]"}
RESULT: {"using":"xpath","value":"//button[@data-kt=\"provideButton\"]"}
COMMAND: POST /session/be9a23df4294472c3cbe97a105488dd6/elements - {"using":"xpath","value":"//button[@data-kt=\"provideButton\"]"}
RESULT: {"using":"xpath","value":"//button[@data-kt=\"provideButton\"]"}
COMMAND: POST /session/be9a23df4294472c3cbe97a105488dd6/elements - {"using":"xpath","value":"//button[@data-kt=\"provideButton\"]"}
RESULT: {"using":"xpath","value":"//button[@data-kt=\"provideButton\"]"}
COMMAND: POST /session/be9a23df4294472c3cbe97a105488dd6/elements - {"using":"xpath","value":"//button[@data-kt=\"provideButton\"]"}
RESULT: {"using":"xpath","value":"//button[@data-kt=\"provideButton\"]"}
COMMAND: GET /session/be9a23df4294472c3cbe97a105488dd6/screenshot - {}
RESULT: {}
]]></system-out>
      <system-err><![CDATA[
Error: Can't call click on element with selector "//button[@data-kt="provideButton"]" because element wasn't found
    at async UtilsPrerequisites.provideToSiteHandoverFromContractDetails (D:\a\1\s\test\specs\BTS\prerequisites-and-utils-functions.js:1949:9)
    at async Context.<anonymous> (D:\a\1\s\test\specs\BTS\billing-confirm.spec.js:71:9)
]]></system-err>
    </testcase>
    <testcase classname="chrome.136_0_7103_93.windows.Billing_confirm_US117289" name="Should trigger calculation" time="79.854">
      <failure/>
      <error message="Can't call click on element with selector &quot;//td[@aria-colindex=&quot;1&quot;]/div/div[contains(@class, &quot;sapMCbBg&quot;)]&quot; because element wasn't found"/>
      <system-out><![CDATA[
COMMAND: POST /session/be9a23df4294472c3cbe97a105488dd6/execute/async - {"script":"<script> [1562 bytes]","args":[{"selector":{"controlType":"sap.m.GenericTile","properties":{"header":"Manage Billings"}},"wdio_ui5_key":"sapm.GenericTile{\"header\":\"Manage Billings\"}"}]}
COMMAND: GET /session/be9a23df4294472c3cbe97a105488dd6/screenshot - {}
RESULT: {"script":"<script> [1562 bytes]","args":[{"selector":{"controlType":"sap.m.GenericTile","properties":{"header":"Manage Billings"}},"wdio_ui5_key":"sapm.GenericTile{\"header\":\"Manage Billings\"}"}]}
RESULT: undefined
RESULT: {}
COMMAND: POST /session/be9a23df4294472c3cbe97a105488dd6/elements - {"using":"xpath","value":"//span[text()='Error']"}
RESULT: {"using":"xpath","value":"//span[text()='Error']"}
COMMAND: POST /session/be9a23df4294472c3cbe97a105488dd6/execute/async - {"script":"<script> [1562 bytes]","args":[{"selector":{"id":"application-managebillings-display-component---billRunCalcResult--smartFilterBar-btnBasicSearch","interaction":{"idSuffix":"I"}},"wdio_ui5_key":"applicationmanagebillings-display-component---billRunCalcResult--smartFilterBar-btnBasicSearch"}]}
RESULT: {"script":"<script> [1562 bytes]","args":[{"selector":{"id":"application-managebillings-display-component---billRunCalcResult--smartFilterBar-btnBasicSearch","interaction":{"idSuffix":"I"}},"wdio_ui5_key":"applicationmanagebillings-display-component---billRunCalcResult--smartFilterBar-btnBasicSearch"}]}
RESULT: undefined
COMMAND: POST /session/be9a23df4294472c3cbe97a105488dd6/actions - {"actions":[{"id":"action17","type":"key","parameters":{},"actions":[{"type":"keyDown","value":""},{"type":"pause","duration":10},{"type":"keyUp","value":""}]}]}
RESULT: {"actions":[{"id":"action17","type":"key","parameters":{},"actions":[{"type":"keyDown","value":""},{"type":"pause","duration":10},{"type":"keyUp","value":""}]}]}
COMMAND: GET /session/be9a23df4294472c3cbe97a105488dd6/screenshot - {}
RESULT: {}
COMMAND: POST /session/be9a23df4294472c3cbe97a105488dd6/element - {"using":"xpath","value":"//td[@aria-colindex=\"1\"]/div/div[contains(@class, \"sapMCbBg\")]"}
RESULT: {"using":"xpath","value":"//td[@aria-colindex=\"1\"]/div/div[contains(@class, \"sapMCbBg\")]"}
COMMAND: POST /session/be9a23df4294472c3cbe97a105488dd6/elements - {"using":"xpath","value":"//td[@aria-colindex=\"1\"]/div/div[contains(@class, \"sapMCbBg\")]"}
RESULT: {"using":"xpath","value":"//td[@aria-colindex=\"1\"]/div/div[contains(@class, \"sapMCbBg\")]"}
COMMAND: POST /session/be9a23df4294472c3cbe97a105488dd6/elements - {"using":"xpath","value":"//td[@aria-colindex=\"1\"]/div/div[contains(@class, \"sapMCbBg\")]"}
RESULT: {"using":"xpath","value":"//td[@aria-colindex=\"1\"]/div/div[contains(@class, \"sapMCbBg\")]"}
COMMAND: POST /session/be9a23df4294472c3cbe97a105488dd6/elements - {"using":"xpath","value":"//td[@aria-colindex=\"1\"]/div/div[contains(@class, \"sapMCbBg\")]"}
RESULT: {"using":"xpath","value":"//td[@aria-colindex=\"1\"]/div/div[contains(@class, \"sapMCbBg\")]"}
COMMAND: POST /session/be9a23df4294472c3cbe97a105488dd6/elements - {"using":"xpath","value":"//td[@aria-colindex=\"1\"]/div/div[contains(@class, \"sapMCbBg\")]"}
RESULT: {"using":"xpath","value":"//td[@aria-colindex=\"1\"]/div/div[contains(@class, \"sapMCbBg\")]"}
COMMAND: POST /session/be9a23df4294472c3cbe97a105488dd6/elements - {"using":"xpath","value":"//td[@aria-colindex=\"1\"]/div/div[contains(@class, \"sapMCbBg\")]"}
RESULT: {"using":"xpath","value":"//td[@aria-colindex=\"1\"]/div/div[contains(@class, \"sapMCbBg\")]"}
COMMAND: POST /session/be9a23df4294472c3cbe97a105488dd6/elements - {"using":"xpath","value":"//td[@aria-colindex=\"1\"]/div/div[contains(@class, \"sapMCbBg\")]"}
RESULT: {"using":"xpath","value":"//td[@aria-colindex=\"1\"]/div/div[contains(@class, \"sapMCbBg\")]"}
COMMAND: POST /session/be9a23df4294472c3cbe97a105488dd6/elements - {"using":"xpath","value":"//td[@aria-colindex=\"1\"]/div/div[contains(@class, \"sapMCbBg\")]"}
RESULT: {"using":"xpath","value":"//td[@aria-colindex=\"1\"]/div/div[contains(@class, \"sapMCbBg\")]"}
COMMAND: POST /session/be9a23df4294472c3cbe97a105488dd6/elements - {"using":"xpath","value":"//td[@aria-colindex=\"1\"]/div/div[contains(@class, \"sapMCbBg\")]"}
RESULT: {"using":"xpath","value":"//td[@aria-colindex=\"1\"]/div/div[contains(@class, \"sapMCbBg\")]"}
COMMAND: POST /session/be9a23df4294472c3cbe97a105488dd6/elements - {"using":"xpath","value":"//td[@aria-colindex=\"1\"]/div/div[contains(@class, \"sapMCbBg\")]"}
RESULT: {"using":"xpath","value":"//td[@aria-colindex=\"1\"]/div/div[contains(@class, \"sapMCbBg\")]"}
COMMAND: POST /session/be9a23df4294472c3cbe97a105488dd6/elements - {"using":"xpath","value":"//td[@aria-colindex=\"1\"]/div/div[contains(@class, \"sapMCbBg\")]"}
RESULT: {"using":"xpath","value":"//td[@aria-colindex=\"1\"]/div/div[contains(@class, \"sapMCbBg\")]"}
COMMAND: POST /session/be9a23df4294472c3cbe97a105488dd6/elements - {"using":"xpath","value":"//td[@aria-colindex=\"1\"]/div/div[contains(@class, \"sapMCbBg\")]"}
RESULT: {"using":"xpath","value":"//td[@aria-colindex=\"1\"]/div/div[contains(@class, \"sapMCbBg\")]"}
COMMAND: POST /session/be9a23df4294472c3cbe97a105488dd6/elements - {"using":"xpath","value":"//td[@aria-colindex=\"1\"]/div/div[contains(@class, \"sapMCbBg\")]"}
RESULT: {"using":"xpath","value":"//td[@aria-colindex=\"1\"]/div/div[contains(@class, \"sapMCbBg\")]"}
COMMAND: POST /session/be9a23df4294472c3cbe97a105488dd6/elements - {"using":"xpath","value":"//td[@aria-colindex=\"1\"]/div/div[contains(@class, \"sapMCbBg\")]"}
RESULT: {"using":"xpath","value":"//td[@aria-colindex=\"1\"]/div/div[contains(@class, \"sapMCbBg\")]"}
COMMAND: POST /session/be9a23df4294472c3cbe97a105488dd6/elements - {"using":"xpath","value":"//td[@aria-colindex=\"1\"]/div/div[contains(@class, \"sapMCbBg\")]"}
RESULT: {"using":"xpath","value":"//td[@aria-colindex=\"1\"]/div/div[contains(@class, \"sapMCbBg\")]"}
COMMAND: POST /session/be9a23df4294472c3cbe97a105488dd6/elements - {"using":"xpath","value":"//td[@aria-colindex=\"1\"]/div/div[contains(@class, \"sapMCbBg\")]"}
RESULT: {"using":"xpath","value":"//td[@aria-colindex=\"1\"]/div/div[contains(@class, \"sapMCbBg\")]"}
COMMAND: POST /session/be9a23df4294472c3cbe97a105488dd6/elements - {"using":"xpath","value":"//td[@aria-colindex=\"1\"]/div/div[contains(@class, \"sapMCbBg\")]"}
RESULT: {"using":"xpath","value":"//td[@aria-colindex=\"1\"]/div/div[contains(@class, \"sapMCbBg\")]"}
COMMAND: POST /session/be9a23df4294472c3cbe97a105488dd6/elements - {"using":"xpath","value":"//td[@aria-colindex=\"1\"]/div/div[contains(@class, \"sapMCbBg\")]"}
RESULT: {"using":"xpath","value":"//td[@aria-colindex=\"1\"]/div/div[contains(@class, \"sapMCbBg\")]"}
COMMAND: POST /session/be9a23df4294472c3cbe97a105488dd6/elements - {"using":"xpath","value":"//td[@aria-colindex=\"1\"]/div/div[contains(@class, \"sapMCbBg\")]"}
RESULT: {"using":"xpath","value":"//td[@aria-colindex=\"1\"]/div/div[contains(@class, \"sapMCbBg\")]"}
COMMAND: POST /session/be9a23df4294472c3cbe97a105488dd6/elements - {"using":"xpath","value":"//td[@aria-colindex=\"1\"]/div/div[contains(@class, \"sapMCbBg\")]"}
RESULT: {"using":"xpath","value":"//td[@aria-colindex=\"1\"]/div/div[contains(@class, \"sapMCbBg\")]"}
COMMAND: POST /session/be9a23df4294472c3cbe97a105488dd6/elements - {"using":"xpath","value":"//td[@aria-colindex=\"1\"]/div/div[contains(@class, \"sapMCbBg\")]"}
RESULT: {"using":"xpath","value":"//td[@aria-colindex=\"1\"]/div/div[contains(@class, \"sapMCbBg\")]"}
COMMAND: POST /session/be9a23df4294472c3cbe97a105488dd6/elements - {"using":"xpath","value":"//td[@aria-colindex=\"1\"]/div/div[contains(@class, \"sapMCbBg\")]"}
RESULT: {"using":"xpath","value":"//td[@aria-colindex=\"1\"]/div/div[contains(@class, \"sapMCbBg\")]"}
COMMAND: POST /session/be9a23df4294472c3cbe97a105488dd6/elements - {"using":"xpath","value":"//td[@aria-colindex=\"1\"]/div/div[contains(@class, \"sapMCbBg\")]"}
RESULT: {"using":"xpath","value":"//td[@aria-colindex=\"1\"]/div/div[contains(@class, \"sapMCbBg\")]"}
COMMAND: POST /session/be9a23df4294472c3cbe97a105488dd6/elements - {"using":"xpath","value":"//td[@aria-colindex=\"1\"]/div/div[contains(@class, \"sapMCbBg\")]"}
RESULT: {"using":"xpath","value":"//td[@aria-colindex=\"1\"]/div/div[contains(@class, \"sapMCbBg\")]"}
COMMAND: POST /session/be9a23df4294472c3cbe97a105488dd6/elements - {"using":"xpath","value":"//td[@aria-colindex=\"1\"]/div/div[contains(@class, \"sapMCbBg\")]"}
RESULT: {"using":"xpath","value":"//td[@aria-colindex=\"1\"]/div/div[contains(@class, \"sapMCbBg\")]"}
COMMAND: POST /session/be9a23df4294472c3cbe97a105488dd6/elements - {"using":"xpath","value":"//td[@aria-colindex=\"1\"]/div/div[contains(@class, \"sapMCbBg\")]"}
RESULT: {"using":"xpath","value":"//td[@aria-colindex=\"1\"]/div/div[contains(@class, \"sapMCbBg\")]"}
COMMAND: POST /session/be9a23df4294472c3cbe97a105488dd6/elements - {"using":"xpath","value":"//td[@aria-colindex=\"1\"]/div/div[contains(@class, \"sapMCbBg\")]"}
RESULT: {"using":"xpath","value":"//td[@aria-colindex=\"1\"]/div/div[contains(@class, \"sapMCbBg\")]"}
COMMAND: POST /session/be9a23df4294472c3cbe97a105488dd6/elements - {"using":"xpath","value":"//td[@aria-colindex=\"1\"]/div/div[contains(@class, \"sapMCbBg\")]"}
RESULT: {"using":"xpath","value":"//td[@aria-colindex=\"1\"]/div/div[contains(@class, \"sapMCbBg\")]"}
COMMAND: POST /session/be9a23df4294472c3cbe97a105488dd6/elements - {"using":"xpath","value":"//td[@aria-colindex=\"1\"]/div/div[contains(@class, \"sapMCbBg\")]"}
RESULT: {"using":"xpath","value":"//td[@aria-colindex=\"1\"]/div/div[contains(@class, \"sapMCbBg\")]"}
COMMAND: POST /session/be9a23df4294472c3cbe97a105488dd6/elements - {"using":"xpath","value":"//td[@aria-colindex=\"1\"]/div/div[contains(@class, \"sapMCbBg\")]"}
RESULT: {"using":"xpath","value":"//td[@aria-colindex=\"1\"]/div/div[contains(@class, \"sapMCbBg\")]"}
COMMAND: POST /session/be9a23df4294472c3cbe97a105488dd6/elements - {"using":"xpath","value":"//td[@aria-colindex=\"1\"]/div/div[contains(@class, \"sapMCbBg\")]"}
RESULT: {"using":"xpath","value":"//td[@aria-colindex=\"1\"]/div/div[contains(@class, \"sapMCbBg\")]"}
COMMAND: POST /session/be9a23df4294472c3cbe97a105488dd6/elements - {"using":"xpath","value":"//td[@aria-colindex=\"1\"]/div/div[contains(@class, \"sapMCbBg\")]"}
RESULT: {"using":"xpath","value":"//td[@aria-colindex=\"1\"]/div/div[contains(@class, \"sapMCbBg\")]"}
COMMAND: POST /session/be9a23df4294472c3cbe97a105488dd6/elements - {"using":"xpath","value":"//td[@aria-colindex=\"1\"]/div/div[contains(@class, \"sapMCbBg\")]"}
RESULT: {"using":"xpath","value":"//td[@aria-colindex=\"1\"]/div/div[contains(@class, \"sapMCbBg\")]"}
COMMAND: POST /session/be9a23df4294472c3cbe97a105488dd6/elements - {"using":"xpath","value":"//td[@aria-colindex=\"1\"]/div/div[contains(@class, \"sapMCbBg\")]"}
RESULT: {"using":"xpath","value":"//td[@aria-colindex=\"1\"]/div/div[contains(@class, \"sapMCbBg\")]"}
COMMAND: POST /session/be9a23df4294472c3cbe97a105488dd6/elements - {"using":"xpath","value":"//td[@aria-colindex=\"1\"]/div/div[contains(@class, \"sapMCbBg\")]"}
RESULT: {"using":"xpath","value":"//td[@aria-colindex=\"1\"]/div/div[contains(@class, \"sapMCbBg\")]"}
COMMAND: POST /session/be9a23df4294472c3cbe97a105488dd6/elements - {"using":"xpath","value":"//td[@aria-colindex=\"1\"]/div/div[contains(@class, \"sapMCbBg\")]"}
RESULT: {"using":"xpath","value":"//td[@aria-colindex=\"1\"]/div/div[contains(@class, \"sapMCbBg\")]"}
COMMAND: POST /session/be9a23df4294472c3cbe97a105488dd6/elements - {"using":"xpath","value":"//td[@aria-colindex=\"1\"]/div/div[contains(@class, \"sapMCbBg\")]"}
RESULT: {"using":"xpath","value":"//td[@aria-colindex=\"1\"]/div/div[contains(@class, \"sapMCbBg\")]"}
COMMAND: POST /session/be9a23df4294472c3cbe97a105488dd6/elements - {"using":"xpath","value":"//td[@aria-colindex=\"1\"]/div/div[contains(@class, \"sapMCbBg\")]"}
RESULT: {"using":"xpath","value":"//td[@aria-colindex=\"1\"]/div/div[contains(@class, \"sapMCbBg\")]"}
COMMAND: POST /session/be9a23df4294472c3cbe97a105488dd6/elements - {"using":"xpath","value":"//td[@aria-colindex=\"1\"]/div/div[contains(@class, \"sapMCbBg\")]"}
RESULT: {"using":"xpath","value":"//td[@aria-colindex=\"1\"]/div/div[contains(@class, \"sapMCbBg\")]"}
COMMAND: POST /session/be9a23df4294472c3cbe97a105488dd6/elements - {"using":"xpath","value":"//td[@aria-colindex=\"1\"]/div/div[contains(@class, \"sapMCbBg\")]"}
RESULT: {"using":"xpath","value":"//td[@aria-colindex=\"1\"]/div/div[contains(@class, \"sapMCbBg\")]"}
COMMAND: POST /session/be9a23df4294472c3cbe97a105488dd6/elements - {"using":"xpath","value":"//td[@aria-colindex=\"1\"]/div/div[contains(@class, \"sapMCbBg\")]"}
RESULT: {"using":"xpath","value":"//td[@aria-colindex=\"1\"]/div/div[contains(@class, \"sapMCbBg\")]"}
COMMAND: POST /session/be9a23df4294472c3cbe97a105488dd6/elements - {"using":"xpath","value":"//td[@aria-colindex=\"1\"]/div/div[contains(@class, \"sapMCbBg\")]"}
RESULT: {"using":"xpath","value":"//td[@aria-colindex=\"1\"]/div/div[contains(@class, \"sapMCbBg\")]"}
COMMAND: POST /session/be9a23df4294472c3cbe97a105488dd6/elements - {"using":"xpath","value":"//td[@aria-colindex=\"1\"]/div/div[contains(@class, \"sapMCbBg\")]"}
RESULT: {"using":"xpath","value":"//td[@aria-colindex=\"1\"]/div/div[contains(@class, \"sapMCbBg\")]"}
COMMAND: POST /session/be9a23df4294472c3cbe97a105488dd6/elements - {"using":"xpath","value":"//td[@aria-colindex=\"1\"]/div/div[contains(@class, \"sapMCbBg\")]"}
RESULT: {"using":"xpath","value":"//td[@aria-colindex=\"1\"]/div/div[contains(@class, \"sapMCbBg\")]"}
COMMAND: POST /session/be9a23df4294472c3cbe97a105488dd6/elements - {"using":"xpath","value":"//td[@aria-colindex=\"1\"]/div/div[contains(@class, \"sapMCbBg\")]"}
RESULT: {"using":"xpath","value":"//td[@aria-colindex=\"1\"]/div/div[contains(@class, \"sapMCbBg\")]"}
COMMAND: POST /session/be9a23df4294472c3cbe97a105488dd6/elements - {"using":"xpath","value":"//td[@aria-colindex=\"1\"]/div/div[contains(@class, \"sapMCbBg\")]"}
RESULT: {"using":"xpath","value":"//td[@aria-colindex=\"1\"]/div/div[contains(@class, \"sapMCbBg\")]"}
COMMAND: POST /session/be9a23df4294472c3cbe97a105488dd6/elements - {"using":"xpath","value":"//td[@aria-colindex=\"1\"]/div/div[contains(@class, \"sapMCbBg\")]"}
RESULT: {"using":"xpath","value":"//td[@aria-colindex=\"1\"]/div/div[contains(@class, \"sapMCbBg\")]"}
COMMAND: POST /session/be9a23df4294472c3cbe97a105488dd6/elements - {"using":"xpath","value":"//td[@aria-colindex=\"1\"]/div/div[contains(@class, \"sapMCbBg\")]"}
RESULT: {"using":"xpath","value":"//td[@aria-colindex=\"1\"]/div/div[contains(@class, \"sapMCbBg\")]"}
COMMAND: POST /session/be9a23df4294472c3cbe97a105488dd6/elements - {"using":"xpath","value":"//td[@aria-colindex=\"1\"]/div/div[contains(@class, \"sapMCbBg\")]"}
RESULT: {"using":"xpath","value":"//td[@aria-colindex=\"1\"]/div/div[contains(@class, \"sapMCbBg\")]"}
COMMAND: POST /session/be9a23df4294472c3cbe97a105488dd6/elements - {"using":"xpath","value":"//td[@aria-colindex=\"1\"]/div/div[contains(@class, \"sapMCbBg\")]"}
RESULT: {"using":"xpath","value":"//td[@aria-colindex=\"1\"]/div/div[contains(@class, \"sapMCbBg\")]"}
COMMAND: POST /session/be9a23df4294472c3cbe97a105488dd6/elements - {"using":"xpath","value":"//td[@aria-colindex=\"1\"]/div/div[contains(@class, \"sapMCbBg\")]"}
RESULT: {"using":"xpath","value":"//td[@aria-colindex=\"1\"]/div/div[contains(@class, \"sapMCbBg\")]"}
COMMAND: POST /session/be9a23df4294472c3cbe97a105488dd6/elements - {"using":"xpath","value":"//td[@aria-colindex=\"1\"]/div/div[contains(@class, \"sapMCbBg\")]"}
RESULT: {"using":"xpath","value":"//td[@aria-colindex=\"1\"]/div/div[contains(@class, \"sapMCbBg\")]"}
COMMAND: POST /session/be9a23df4294472c3cbe97a105488dd6/elements - {"using":"xpath","value":"//td[@aria-colindex=\"1\"]/div/div[contains(@class, \"sapMCbBg\")]"}
RESULT: {"using":"xpath","value":"//td[@aria-colindex=\"1\"]/div/div[contains(@class, \"sapMCbBg\")]"}
COMMAND: POST /session/be9a23df4294472c3cbe97a105488dd6/elements - {"using":"xpath","value":"//td[@aria-colindex=\"1\"]/div/div[contains(@class, \"sapMCbBg\")]"}
RESULT: {"using":"xpath","value":"//td[@aria-colindex=\"1\"]/div/div[contains(@class, \"sapMCbBg\")]"}
COMMAND: POST /session/be9a23df4294472c3cbe97a105488dd6/elements - {"using":"xpath","value":"//td[@aria-colindex=\"1\"]/div/div[contains(@class, \"sapMCbBg\")]"}
RESULT: {"using":"xpath","value":"//td[@aria-colindex=\"1\"]/div/div[contains(@class, \"sapMCbBg\")]"}
COMMAND: POST /session/be9a23df4294472c3cbe97a105488dd6/elements - {"using":"xpath","value":"//td[@aria-colindex=\"1\"]/div/div[contains(@class, \"sapMCbBg\")]"}
RESULT: {"using":"xpath","value":"//td[@aria-colindex=\"1\"]/div/div[contains(@class, \"sapMCbBg\")]"}
COMMAND: POST /session/be9a23df4294472c3cbe97a105488dd6/elements - {"using":"xpath","value":"//td[@aria-colindex=\"1\"]/div/div[contains(@class, \"sapMCbBg\")]"}
RESULT: {"using":"xpath","value":"//td[@aria-colindex=\"1\"]/div/div[contains(@class, \"sapMCbBg\")]"}
COMMAND: POST /session/be9a23df4294472c3cbe97a105488dd6/elements - {"using":"xpath","value":"//td[@aria-colindex=\"1\"]/div/div[contains(@class, \"sapMCbBg\")]"}
RESULT: {"using":"xpath","value":"//td[@aria-colindex=\"1\"]/div/div[contains(@class, \"sapMCbBg\")]"}
COMMAND: POST /session/be9a23df4294472c3cbe97a105488dd6/elements - {"using":"xpath","value":"//td[@aria-colindex=\"1\"]/div/div[contains(@class, \"sapMCbBg\")]"}
RESULT: {"using":"xpath","value":"//td[@aria-colindex=\"1\"]/div/div[contains(@class, \"sapMCbBg\")]"}
COMMAND: POST /session/be9a23df4294472c3cbe97a105488dd6/elements - {"using":"xpath","value":"//td[@aria-colindex=\"1\"]/div/div[contains(@class, \"sapMCbBg\")]"}
RESULT: {"using":"xpath","value":"//td[@aria-colindex=\"1\"]/div/div[contains(@class, \"sapMCbBg\")]"}
COMMAND: POST /session/be9a23df4294472c3cbe97a105488dd6/elements - {"using":"xpath","value":"//td[@aria-colindex=\"1\"]/div/div[contains(@class, \"sapMCbBg\")]"}
RESULT: {"using":"xpath","value":"//td[@aria-colindex=\"1\"]/div/div[contains(@class, \"sapMCbBg\")]"}
COMMAND: POST /session/be9a23df4294472c3cbe97a105488dd6/elements - {"using":"xpath","value":"//td[@aria-colindex=\"1\"]/div/div[contains(@class, \"sapMCbBg\")]"}
RESULT: {"using":"xpath","value":"//td[@aria-colindex=\"1\"]/div/div[contains(@class, \"sapMCbBg\")]"}
COMMAND: POST /session/be9a23df4294472c3cbe97a105488dd6/elements - {"using":"xpath","value":"//td[@aria-colindex=\"1\"]/div/div[contains(@class, \"sapMCbBg\")]"}
RESULT: {"using":"xpath","value":"//td[@aria-colindex=\"1\"]/div/div[contains(@class, \"sapMCbBg\")]"}
COMMAND: POST /session/be9a23df4294472c3cbe97a105488dd6/elements - {"using":"xpath","value":"//td[@aria-colindex=\"1\"]/div/div[contains(@class, \"sapMCbBg\")]"}
RESULT: {"using":"xpath","value":"//td[@aria-colindex=\"1\"]/div/div[contains(@class, \"sapMCbBg\")]"}
COMMAND: POST /session/be9a23df4294472c3cbe97a105488dd6/elements - {"using":"xpath","value":"//td[@aria-colindex=\"1\"]/div/div[contains(@class, \"sapMCbBg\")]"}
RESULT: {"using":"xpath","value":"//td[@aria-colindex=\"1\"]/div/div[contains(@class, \"sapMCbBg\")]"}
COMMAND: POST /session/be9a23df4294472c3cbe97a105488dd6/elements - {"using":"xpath","value":"//td[@aria-colindex=\"1\"]/div/div[contains(@class, \"sapMCbBg\")]"}
RESULT: {"using":"xpath","value":"//td[@aria-colindex=\"1\"]/div/div[contains(@class, \"sapMCbBg\")]"}
COMMAND: POST /session/be9a23df4294472c3cbe97a105488dd6/elements - {"using":"xpath","value":"//td[@aria-colindex=\"1\"]/div/div[contains(@class, \"sapMCbBg\")]"}
RESULT: {"using":"xpath","value":"//td[@aria-colindex=\"1\"]/div/div[contains(@class, \"sapMCbBg\")]"}
COMMAND: POST /session/be9a23df4294472c3cbe97a105488dd6/elements - {"using":"xpath","value":"//td[@aria-colindex=\"1\"]/div/div[contains(@class, \"sapMCbBg\")]"}
RESULT: {"using":"xpath","value":"//td[@aria-colindex=\"1\"]/div/div[contains(@class, \"sapMCbBg\")]"}
COMMAND: POST /session/be9a23df4294472c3cbe97a105488dd6/elements - {"using":"xpath","value":"//td[@aria-colindex=\"1\"]/div/div[contains(@class, \"sapMCbBg\")]"}
RESULT: {"using":"xpath","value":"//td[@aria-colindex=\"1\"]/div/div[contains(@class, \"sapMCbBg\")]"}
COMMAND: POST /session/be9a23df4294472c3cbe97a105488dd6/elements - {"using":"xpath","value":"//td[@aria-colindex=\"1\"]/div/div[contains(@class, \"sapMCbBg\")]"}
RESULT: {"using":"xpath","value":"//td[@aria-colindex=\"1\"]/div/div[contains(@class, \"sapMCbBg\")]"}
COMMAND: POST /session/be9a23df4294472c3cbe97a105488dd6/elements - {"using":"xpath","value":"//td[@aria-colindex=\"1\"]/div/div[contains(@class, \"sapMCbBg\")]"}
RESULT: {"using":"xpath","value":"//td[@aria-colindex=\"1\"]/div/div[contains(@class, \"sapMCbBg\")]"}
COMMAND: POST /session/be9a23df4294472c3cbe97a105488dd6/elements - {"using":"xpath","value":"//td[@aria-colindex=\"1\"]/div/div[contains(@class, \"sapMCbBg\")]"}
RESULT: {"using":"xpath","value":"//td[@aria-colindex=\"1\"]/div/div[contains(@class, \"sapMCbBg\")]"}
COMMAND: POST /session/be9a23df4294472c3cbe97a105488dd6/elements - {"using":"xpath","value":"//td[@aria-colindex=\"1\"]/div/div[contains(@class, \"sapMCbBg\")]"}
RESULT: {"using":"xpath","value":"//td[@aria-colindex=\"1\"]/div/div[contains(@class, \"sapMCbBg\")]"}
COMMAND: POST /session/be9a23df4294472c3cbe97a105488dd6/elements - {"using":"xpath","value":"//td[@aria-colindex=\"1\"]/div/div[contains(@class, \"sapMCbBg\")]"}
RESULT: {"using":"xpath","value":"//td[@aria-colindex=\"1\"]/div/div[contains(@class, \"sapMCbBg\")]"}
COMMAND: POST /session/be9a23df4294472c3cbe97a105488dd6/elements - {"using":"xpath","value":"//td[@aria-colindex=\"1\"]/div/div[contains(@class, \"sapMCbBg\")]"}
RESULT: {"using":"xpath","value":"//td[@aria-colindex=\"1\"]/div/div[contains(@class, \"sapMCbBg\")]"}
COMMAND: POST /session/be9a23df4294472c3cbe97a105488dd6/elements - {"using":"xpath","value":"//td[@aria-colindex=\"1\"]/div/div[contains(@class, \"sapMCbBg\")]"}
RESULT: {"using":"xpath","value":"//td[@aria-colindex=\"1\"]/div/div[contains(@class, \"sapMCbBg\")]"}
COMMAND: POST /session/be9a23df4294472c3cbe97a105488dd6/elements - {"using":"xpath","value":"//td[@aria-colindex=\"1\"]/div/div[contains(@class, \"sapMCbBg\")]"}
RESULT: {"using":"xpath","value":"//td[@aria-colindex=\"1\"]/div/div[contains(@class, \"sapMCbBg\")]"}
COMMAND: POST /session/be9a23df4294472c3cbe97a105488dd6/elements - {"using":"xpath","value":"//td[@aria-colindex=\"1\"]/div/div[contains(@class, \"sapMCbBg\")]"}
RESULT: {"using":"xpath","value":"//td[@aria-colindex=\"1\"]/div/div[contains(@class, \"sapMCbBg\")]"}
COMMAND: POST /session/be9a23df4294472c3cbe97a105488dd6/elements - {"using":"xpath","value":"//td[@aria-colindex=\"1\"]/div/div[contains(@class, \"sapMCbBg\")]"}
RESULT: {"using":"xpath","value":"//td[@aria-colindex=\"1\"]/div/div[contains(@class, \"sapMCbBg\")]"}
COMMAND: POST /session/be9a23df4294472c3cbe97a105488dd6/elements - {"using":"xpath","value":"//td[@aria-colindex=\"1\"]/div/div[contains(@class, \"sapMCbBg\")]"}
RESULT: {"using":"xpath","value":"//td[@aria-colindex=\"1\"]/div/div[contains(@class, \"sapMCbBg\")]"}
COMMAND: POST /session/be9a23df4294472c3cbe97a105488dd6/elements - {"using":"xpath","value":"//td[@aria-colindex=\"1\"]/div/div[contains(@class, \"sapMCbBg\")]"}
RESULT: {"using":"xpath","value":"//td[@aria-colindex=\"1\"]/div/div[contains(@class, \"sapMCbBg\")]"}
COMMAND: POST /session/be9a23df4294472c3cbe97a105488dd6/elements - {"using":"xpath","value":"//td[@aria-colindex=\"1\"]/div/div[contains(@class, \"sapMCbBg\")]"}
RESULT: {"using":"xpath","value":"//td[@aria-colindex=\"1\"]/div/div[contains(@class, \"sapMCbBg\")]"}
COMMAND: POST /session/be9a23df4294472c3cbe97a105488dd6/elements - {"using":"xpath","value":"//td[@aria-colindex=\"1\"]/div/div[contains(@class, \"sapMCbBg\")]"}
RESULT: {"using":"xpath","value":"//td[@aria-colindex=\"1\"]/div/div[contains(@class, \"sapMCbBg\")]"}
COMMAND: POST /session/be9a23df4294472c3cbe97a105488dd6/elements - {"using":"xpath","value":"//td[@aria-colindex=\"1\"]/div/div[contains(@class, \"sapMCbBg\")]"}
RESULT: {"using":"xpath","value":"//td[@aria-colindex=\"1\"]/div/div[contains(@class, \"sapMCbBg\")]"}
COMMAND: POST /session/be9a23df4294472c3cbe97a105488dd6/elements - {"using":"xpath","value":"//td[@aria-colindex=\"1\"]/div/div[contains(@class, \"sapMCbBg\")]"}
RESULT: {"using":"xpath","value":"//td[@aria-colindex=\"1\"]/div/div[contains(@class, \"sapMCbBg\")]"}
COMMAND: POST /session/be9a23df4294472c3cbe97a105488dd6/elements - {"using":"xpath","value":"//td[@aria-colindex=\"1\"]/div/div[contains(@class, \"sapMCbBg\")]"}
RESULT: {"using":"xpath","value":"//td[@aria-colindex=\"1\"]/div/div[contains(@class, \"sapMCbBg\")]"}
COMMAND: POST /session/be9a23df4294472c3cbe97a105488dd6/elements - {"using":"xpath","value":"//td[@aria-colindex=\"1\"]/div/div[contains(@class, \"sapMCbBg\")]"}
RESULT: {"using":"xpath","value":"//td[@aria-colindex=\"1\"]/div/div[contains(@class, \"sapMCbBg\")]"}
COMMAND: POST /session/be9a23df4294472c3cbe97a105488dd6/elements - {"using":"xpath","value":"//td[@aria-colindex=\"1\"]/div/div[contains(@class, \"sapMCbBg\")]"}
RESULT: {"using":"xpath","value":"//td[@aria-colindex=\"1\"]/div/div[contains(@class, \"sapMCbBg\")]"}
COMMAND: POST /session/be9a23df4294472c3cbe97a105488dd6/elements - {"using":"xpath","value":"//td[@aria-colindex=\"1\"]/div/div[contains(@class, \"sapMCbBg\")]"}
RESULT: {"using":"xpath","value":"//td[@aria-colindex=\"1\"]/div/div[contains(@class, \"sapMCbBg\")]"}
COMMAND: POST /session/be9a23df4294472c3cbe97a105488dd6/elements - {"using":"xpath","value":"//td[@aria-colindex=\"1\"]/div/div[contains(@class, \"sapMCbBg\")]"}
RESULT: {"using":"xpath","value":"//td[@aria-colindex=\"1\"]/div/div[contains(@class, \"sapMCbBg\")]"}
COMMAND: POST /session/be9a23df4294472c3cbe97a105488dd6/elements - {"using":"xpath","value":"//td[@aria-colindex=\"1\"]/div/div[contains(@class, \"sapMCbBg\")]"}
RESULT: {"using":"xpath","value":"//td[@aria-colindex=\"1\"]/div/div[contains(@class, \"sapMCbBg\")]"}
COMMAND: POST /session/be9a23df4294472c3cbe97a105488dd6/elements - {"using":"xpath","value":"//td[@aria-colindex=\"1\"]/div/div[contains(@class, \"sapMCbBg\")]"}
RESULT: {"using":"xpath","value":"//td[@aria-colindex=\"1\"]/div/div[contains(@class, \"sapMCbBg\")]"}
COMMAND: POST /session/be9a23df4294472c3cbe97a105488dd6/elements - {"using":"xpath","value":"//td[@aria-colindex=\"1\"]/div/div[contains(@class, \"sapMCbBg\")]"}
RESULT: {"using":"xpath","value":"//td[@aria-colindex=\"1\"]/div/div[contains(@class, \"sapMCbBg\")]"}
COMMAND: POST /session/be9a23df4294472c3cbe97a105488dd6/elements - {"using":"xpath","value":"//td[@aria-colindex=\"1\"]/div/div[contains(@class, \"sapMCbBg\")]"}
RESULT: {"using":"xpath","value":"//td[@aria-colindex=\"1\"]/div/div[contains(@class, \"sapMCbBg\")]"}
COMMAND: POST /session/be9a23df4294472c3cbe97a105488dd6/elements - {"using":"xpath","value":"//td[@aria-colindex=\"1\"]/div/div[contains(@class, \"sapMCbBg\")]"}
RESULT: {"using":"xpath","value":"//td[@aria-colindex=\"1\"]/div/div[contains(@class, \"sapMCbBg\")]"}
COMMAND: POST /session/be9a23df4294472c3cbe97a105488dd6/elements - {"using":"xpath","value":"//td[@aria-colindex=\"1\"]/div/div[contains(@class, \"sapMCbBg\")]"}
RESULT: {"using":"xpath","value":"//td[@aria-colindex=\"1\"]/div/div[contains(@class, \"sapMCbBg\")]"}
COMMAND: POST /session/be9a23df4294472c3cbe97a105488dd6/elements - {"using":"xpath","value":"//td[@aria-colindex=\"1\"]/div/div[contains(@class, \"sapMCbBg\")]"}
RESULT: {"using":"xpath","value":"//td[@aria-colindex=\"1\"]/div/div[contains(@class, \"sapMCbBg\")]"}
COMMAND: POST /session/be9a23df4294472c3cbe97a105488dd6/elements - {"using":"xpath","value":"//td[@aria-colindex=\"1\"]/div/div[contains(@class, \"sapMCbBg\")]"}
RESULT: {"using":"xpath","value":"//td[@aria-colindex=\"1\"]/div/div[contains(@class, \"sapMCbBg\")]"}
COMMAND: POST /session/be9a23df4294472c3cbe97a105488dd6/elements - {"using":"xpath","value":"//td[@aria-colindex=\"1\"]/div/div[contains(@class, \"sapMCbBg\")]"}
RESULT: {"using":"xpath","value":"//td[@aria-colindex=\"1\"]/div/div[contains(@class, \"sapMCbBg\")]"}
COMMAND: POST /session/be9a23df4294472c3cbe97a105488dd6/elements - {"using":"xpath","value":"//td[@aria-colindex=\"1\"]/div/div[contains(@class, \"sapMCbBg\")]"}
RESULT: {"using":"xpath","value":"//td[@aria-colindex=\"1\"]/div/div[contains(@class, \"sapMCbBg\")]"}
COMMAND: POST /session/be9a23df4294472c3cbe97a105488dd6/elements - {"using":"xpath","value":"//td[@aria-colindex=\"1\"]/div/div[contains(@class, \"sapMCbBg\")]"}
RESULT: {"using":"xpath","value":"//td[@aria-colindex=\"1\"]/div/div[contains(@class, \"sapMCbBg\")]"}
COMMAND: POST /session/be9a23df4294472c3cbe97a105488dd6/elements - {"using":"xpath","value":"//td[@aria-colindex=\"1\"]/div/div[contains(@class, \"sapMCbBg\")]"}
RESULT: {"using":"xpath","value":"//td[@aria-colindex=\"1\"]/div/div[contains(@class, \"sapMCbBg\")]"}
COMMAND: POST /session/be9a23df4294472c3cbe97a105488dd6/elements - {"using":"xpath","value":"//td[@aria-colindex=\"1\"]/div/div[contains(@class, \"sapMCbBg\")]"}
RESULT: {"using":"xpath","value":"//td[@aria-colindex=\"1\"]/div/div[contains(@class, \"sapMCbBg\")]"}
COMMAND: POST /session/be9a23df4294472c3cbe97a105488dd6/elements - {"using":"xpath","value":"//td[@aria-colindex=\"1\"]/div/div[contains(@class, \"sapMCbBg\")]"}
RESULT: {"using":"xpath","value":"//td[@aria-colindex=\"1\"]/div/div[contains(@class, \"sapMCbBg\")]"}
COMMAND: POST /session/be9a23df4294472c3cbe97a105488dd6/elements - {"using":"xpath","value":"//td[@aria-colindex=\"1\"]/div/div[contains(@class, \"sapMCbBg\")]"}
RESULT: {"using":"xpath","value":"//td[@aria-colindex=\"1\"]/div/div[contains(@class, \"sapMCbBg\")]"}
COMMAND: POST /session/be9a23df4294472c3cbe97a105488dd6/elements - {"using":"xpath","value":"//td[@aria-colindex=\"1\"]/div/div[contains(@class, \"sapMCbBg\")]"}
RESULT: {"using":"xpath","value":"//td[@aria-colindex=\"1\"]/div/div[contains(@class, \"sapMCbBg\")]"}
COMMAND: POST /session/be9a23df4294472c3cbe97a105488dd6/elements - {"using":"xpath","value":"//td[@aria-colindex=\"1\"]/div/div[contains(@class, \"sapMCbBg\")]"}
RESULT: {"using":"xpath","value":"//td[@aria-colindex=\"1\"]/div/div[contains(@class, \"sapMCbBg\")]"}
COMMAND: POST /session/be9a23df4294472c3cbe97a105488dd6/elements - {"using":"xpath","value":"//td[@aria-colindex=\"1\"]/div/div[contains(@class, \"sapMCbBg\")]"}
RESULT: {"using":"xpath","value":"//td[@aria-colindex=\"1\"]/div/div[contains(@class, \"sapMCbBg\")]"}
COMMAND: POST /session/be9a23df4294472c3cbe97a105488dd6/elements - {"using":"xpath","value":"//td[@aria-colindex=\"1\"]/div/div[contains(@class, \"sapMCbBg\")]"}
RESULT: {"using":"xpath","value":"//td[@aria-colindex=\"1\"]/div/div[contains(@class, \"sapMCbBg\")]"}
COMMAND: POST /session/be9a23df4294472c3cbe97a105488dd6/elements - {"using":"xpath","value":"//td[@aria-colindex=\"1\"]/div/div[contains(@class, \"sapMCbBg\")]"}
RESULT: {"using":"xpath","value":"//td[@aria-colindex=\"1\"]/div/div[contains(@class, \"sapMCbBg\")]"}
COMMAND: POST /session/be9a23df4294472c3cbe97a105488dd6/elements - {"using":"xpath","value":"//td[@aria-colindex=\"1\"]/div/div[contains(@class, \"sapMCbBg\")]"}
RESULT: {"using":"xpath","value":"//td[@aria-colindex=\"1\"]/div/div[contains(@class, \"sapMCbBg\")]"}
COMMAND: POST /session/be9a23df4294472c3cbe97a105488dd6/elements - {"using":"xpath","value":"//td[@aria-colindex=\"1\"]/div/div[contains(@class, \"sapMCbBg\")]"}
RESULT: {"using":"xpath","value":"//td[@aria-colindex=\"1\"]/div/div[contains(@class, \"sapMCbBg\")]"}
COMMAND: POST /session/be9a23df4294472c3cbe97a105488dd6/elements - {"using":"xpath","value":"//td[@aria-colindex=\"1\"]/div/div[contains(@class, \"sapMCbBg\")]"}
RESULT: {"using":"xpath","value":"//td[@aria-colindex=\"1\"]/div/div[contains(@class, \"sapMCbBg\")]"}
COMMAND: POST /session/be9a23df4294472c3cbe97a105488dd6/elements - {"using":"xpath","value":"//td[@aria-colindex=\"1\"]/div/div[contains(@class, \"sapMCbBg\")]"}
RESULT: {"using":"xpath","value":"//td[@aria-colindex=\"1\"]/div/div[contains(@class, \"sapMCbBg\")]"}
COMMAND: POST /session/be9a23df4294472c3cbe97a105488dd6/elements - {"using":"xpath","value":"//td[@aria-colindex=\"1\"]/div/div[contains(@class, \"sapMCbBg\")]"}
RESULT: {"using":"xpath","value":"//td[@aria-colindex=\"1\"]/div/div[contains(@class, \"sapMCbBg\")]"}
COMMAND: POST /session/be9a23df4294472c3cbe97a105488dd6/elements - {"using":"xpath","value":"//td[@aria-colindex=\"1\"]/div/div[contains(@class, \"sapMCbBg\")]"}
RESULT: {"using":"xpath","value":"//td[@aria-colindex=\"1\"]/div/div[contains(@class, \"sapMCbBg\")]"}
COMMAND: POST /session/be9a23df4294472c3cbe97a105488dd6/elements - {"using":"xpath","value":"//td[@aria-colindex=\"1\"]/div/div[contains(@class, \"sapMCbBg\")]"}
RESULT: {"using":"xpath","value":"//td[@aria-colindex=\"1\"]/div/div[contains(@class, \"sapMCbBg\")]"}
COMMAND: POST /session/be9a23df4294472c3cbe97a105488dd6/elements - {"using":"xpath","value":"//td[@aria-colindex=\"1\"]/div/div[contains(@class, \"sapMCbBg\")]"}
RESULT: {"using":"xpath","value":"//td[@aria-colindex=\"1\"]/div/div[contains(@class, \"sapMCbBg\")]"}
COMMAND: POST /session/be9a23df4294472c3cbe97a105488dd6/elements - {"using":"xpath","value":"//td[@aria-colindex=\"1\"]/div/div[contains(@class, \"sapMCbBg\")]"}
RESULT: {"using":"xpath","value":"//td[@aria-colindex=\"1\"]/div/div[contains(@class, \"sapMCbBg\")]"}
COMMAND: POST /session/be9a23df4294472c3cbe97a105488dd6/elements - {"using":"xpath","value":"//td[@aria-colindex=\"1\"]/div/div[contains(@class, \"sapMCbBg\")]"}
RESULT: {"using":"xpath","value":"//td[@aria-colindex=\"1\"]/div/div[contains(@class, \"sapMCbBg\")]"}
COMMAND: POST /session/be9a23df4294472c3cbe97a105488dd6/elements - {"using":"xpath","value":"//td[@aria-colindex=\"1\"]/div/div[contains(@class, \"sapMCbBg\")]"}
RESULT: {"using":"xpath","value":"//td[@aria-colindex=\"1\"]/div/div[contains(@class, \"sapMCbBg\")]"}
COMMAND: POST /session/be9a23df4294472c3cbe97a105488dd6/elements - {"using":"xpath","value":"//td[@aria-colindex=\"1\"]/div/div[contains(@class, \"sapMCbBg\")]"}
COMMAND: GET /session/be9a23df4294472c3cbe97a105488dd6/screenshot - {}
RESULT: {"using":"xpath","value":"//td[@aria-colindex=\"1\"]/div/div[contains(@class, \"sapMCbBg\")]"}
RESULT: {}
COMMAND: POST /session/be9a23df4294472c3cbe97a105488dd6/element - {"using":"css selector","value":"#j_username"}
COMMAND: POST /session/be9a23df4294472c3cbe97a105488dd6/url - {"url":"https://qa-testing-00-live-etm-ui.cfapps.eu10-004.hana.ondemand.com/"}
COMMAND: GET /session/be9a23df4294472c3cbe97a105488dd6/screenshot - {}
COMMAND: GET /session/be9a23df4294472c3cbe97a105488dd6/screenshot - {}
RESULT: {"using":"css selector","value":"#j_username"}
COMMAND: POST /session/be9a23df4294472c3cbe97a105488dd6/element - {"using":"css selector","value":"#j_username"}
RESULT: {"url":"https://qa-testing-00-live-etm-ui.cfapps.eu10-004.hana.ondemand.com/"}
RESULT: undefined
COMMAND: GET /session/be9a23df4294472c3cbe97a105488dd6/screenshot - {}
RESULT: {}
RESULT: {}
RESULT: {"using":"css selector","value":"#j_username"}
COMMAND: POST /session/be9a23df4294472c3cbe97a105488dd6/element - {"using":"css selector","value":"#shell-header-logo"}
RESULT: {}
RESULT: {"using":"css selector","value":"#shell-header-logo"}
COMMAND: POST /session/be9a23df4294472c3cbe97a105488dd6/execute/sync - {"script":"<script> [8489 bytes]","args":[{"element-6066-11e4-a52e-4f735466cecf":"f.6CFE3FC8FA908A587831E8FD5FC52521.d.B388EAB2B6C1B149E1987B783C417A21.e.4443","ELEMENT":"f.6CFE3FC8FA908A587831E8FD5FC52521.d.B388EAB2B6C1B149E1987B783C417A21.e.4443"}]}
RESULT: {"script":"<script> [8489 bytes]","args":[{"element-6066-11e4-a52e-4f735466cecf":"f.6CFE3FC8FA908A587831E8FD5FC52521.d.B388EAB2B6C1B149E1987B783C417A21.e.4443","ELEMENT":"f.6CFE3FC8FA908A587831E8FD5FC52521.d.B388EAB2B6C1B149E1987B783C417A21.e.4443"}]}
COMMAND: POST /session/be9a23df4294472c3cbe97a105488dd6/element - {"using":"css selector","value":"#shell-header-logo"}
COMMAND: GET /session/be9a23df4294472c3cbe97a105488dd6/screenshot - {}
RESULT: {"using":"css selector","value":"#shell-header-logo"}
COMMAND: POST /session/be9a23df4294472c3cbe97a105488dd6/execute/sync - {"script":"<script> [8489 bytes]","args":[{"element-6066-11e4-a52e-4f735466cecf":"f.6CFE3FC8FA908A587831E8FD5FC52521.d.B388EAB2B6C1B149E1987B783C417A21.e.4443","ELEMENT":"f.6CFE3FC8FA908A587831E8FD5FC52521.d.B388EAB2B6C1B149E1987B783C417A21.e.4443"}]}
RESULT: {}
RESULT: {"script":"<script> [8489 bytes]","args":[{"element-6066-11e4-a52e-4f735466cecf":"f.6CFE3FC8FA908A587831E8FD5FC52521.d.B388EAB2B6C1B149E1987B783C417A21.e.4443","ELEMENT":"f.6CFE3FC8FA908A587831E8FD5FC52521.d.B388EAB2B6C1B149E1987B783C417A21.e.4443"}]}
COMMAND: POST /session/be9a23df4294472c3cbe97a105488dd6/execute/sync - {"script":"<script> [5351 bytes]","args":[{"element-6066-11e4-a52e-4f735466cecf":"f.6CFE3FC8FA908A587831E8FD5FC52521.d.B388EAB2B6C1B149E1987B783C417A21.e.4443","ELEMENT":"f.6CFE3FC8FA908A587831E8FD5FC52521.d.B388EAB2B6C1B149E1987B783C417A21.e.4443"}]}
COMMAND: GET /session/be9a23df4294472c3cbe97a105488dd6/screenshot - {}
RESULT: {"script":"<script> [5351 bytes]","args":[{"element-6066-11e4-a52e-4f735466cecf":"f.6CFE3FC8FA908A587831E8FD5FC52521.d.B388EAB2B6C1B149E1987B783C417A21.e.4443","ELEMENT":"f.6CFE3FC8FA908A587831E8FD5FC52521.d.B388EAB2B6C1B149E1987B783C417A21.e.4443"}]}
COMMAND: POST /session/be9a23df4294472c3cbe97a105488dd6/element - {"using":"css selector","value":"#shell-header-logo"}
COMMAND: GET /session/be9a23df4294472c3cbe97a105488dd6/screenshot - {}
RESULT: {}
RESULT: {"using":"css selector","value":"#shell-header-logo"}
COMMAND: POST /session/be9a23df4294472c3cbe97a105488dd6/element/f.6CFE3FC8FA908A587831E8FD5FC52521.d.B388EAB2B6C1B149E1987B783C417A21.e.4443/click - {}
RESULT: {}
RESULT: {}
COMMAND: GET /session/be9a23df4294472c3cbe97a105488dd6/screenshot - {}
RESULT: {}
COMMAND: POST /session/be9a23df4294472c3cbe97a105488dd6/execute/async - {"script":"<script> [189 bytes]","args":[]}
RESULT: {"script":"<script> [189 bytes]","args":[]}
COMMAND: POST /session/be9a23df4294472c3cbe97a105488dd6/execute/async - {"script":"<script> [123 bytes]","args":[]}
RESULT: {"script":"<script> [123 bytes]","args":[]}
COMMAND: POST /session/be9a23df4294472c3cbe97a105488dd6/timeouts - {"script":"<number>"}
RESULT: {"script":"<number>"}
COMMAND: GET /session/be9a23df4294472c3cbe97a105488dd6/timeouts - {}
RESULT: {}
RESULT: undefined
COMMAND: POST /session/be9a23df4294472c3cbe97a105488dd6/execute/async - {"script":"<script> [2676 bytes]","args":[]}
RESULT: {"script":"<script> [2676 bytes]","args":[]}
COMMAND: POST /session/be9a23df4294472c3cbe97a105488dd6/execute/async - {"script":"<script> [2342 bytes]","args":[{"protocol":"http","hostname":"0.0.0.0","path":"/","capabilities":{"browserName":"chrome","goog:chromeOptions":{"binary":"C:\\Program Files\\Google\\Chrome\\Application\\chrome.exe","args":["--start-maximized"]}},"logLevel":"warn","connectionRetryTimeout":120000,"connectionRetryCount":3,"logLevels":{},"enableDirectConnect":true,"strictSSL":true,"_":"65 more keys: [\"cacheDir\",\"port\",\"requestedCapabilities\",\"automationProtocol\",\"baseUrl\",\"waitforInterval\",\"waitforTimeout\",\"onReload\",\"beforeCommand\",\"afterCommand\",\"rootDir\",\"specs\",\"suites\",\"exclude\",\"groupLogsByTestSpec\",\"excludeDriverLogs\",\"bail\",\"framework\",\"reporters\",\"services\",\"maxInstances\",\"maxInstancesPerCapability\",\"injectGlobals\",\"filesToWatch\",\"execArgv\",\"runnerEnv\",\"runner\",\"shard\",\"specFileRetries\",\"specFileRetriesDelay\",\"specFileRetriesDeferred\",\"reporterSyncInterval\",\"reporterSyncTimeout\",\"cucumberFeaturesWithLineNumbers\",\"autoCompileOpts\",\"mochaOpts\",\"jasmineOpts\",\"cucumberOpts\",\"onPrepare\",\"onWorkerStart\",\"onWorkerEnd\",\"before\",\"beforeSession\",\"beforeSuite\",\"beforeHook\",\"beforeTest\",\"afterTest\",\"afterHook\",\"afterSuite\",\"afterSession\",\"after\",\"onComplete\",\"beforeAssertion\",\"afterAssertion\",\"beforeFeature\",\"beforeScenario\",\"beforeStep\",\"afterStep\",\"afterScenario\",\"afterFeature\",\"_\",\"suite\",\"$0\",\"ignoredWorkerServices\",\"wdi5\"]"}]}
RESULT: {"script":"<script> [2342 bytes]","args":[{"protocol":"http","hostname":"0.0.0.0","path":"/","capabilities":{"browserName":"chrome","goog:chromeOptions":{"binary":"C:\\Program Files\\Google\\Chrome\\Application\\chrome.exe","args":["--start-maximized"]}},"logLevel":"warn","connectionRetryTimeout":120000,"connectionRetryCount":3,"logLevels":{},"enableDirectConnect":true,"strictSSL":true,"_":"65 more keys: [\"cacheDir\",\"port\",\"requestedCapabilities\",\"automationProtocol\",\"baseUrl\",\"waitforInterval\",\"waitforTimeout\",\"onReload\",\"beforeCommand\",\"afterCommand\",\"rootDir\",\"specs\",\"suites\",\"exclude\",\"groupLogsByTestSpec\",\"excludeDriverLogs\",\"bail\",\"framework\",\"reporters\",\"services\",\"maxInstances\",\"maxInstancesPerCapability\",\"injectGlobals\",\"filesToWatch\",\"execArgv\",\"runnerEnv\",\"runner\",\"shard\",\"specFileRetries\",\"specFileRetriesDelay\",\"specFileRetriesDeferred\",\"reporterSyncInterval\",\"reporterSyncTimeout\",\"cucumberFeaturesWithLineNumbers\",\"autoCompileOpts\",\"mochaOpts\",\"jasmineOpts\",\"cucumberOpts\",\"onPrepare\",\"onWorkerStart\",\"onWorkerEnd\",\"before\",\"beforeSession\",\"beforeSuite\",\"beforeHook\",\"beforeTest\",\"afterTest\",\"afterHook\",\"afterSuite\",\"afterSession\",\"after\",\"onComplete\",\"beforeAssertion\",\"afterAssertion\",\"beforeFeature\",\"beforeScenario\",\"beforeStep\",\"afterStep\",\"afterScenario\",\"afterFeature\",\"_\",\"suite\",\"$0\",\"ignoredWorkerServices\",\"wdi5\"]"}]}
COMMAND: POST /session/be9a23df4294472c3cbe97a105488dd6/execute/async - {"script":"<script> [21126 bytes]","args":[35000]}
RESULT: {"script":"<script> [21126 bytes]","args":[35000]}
COMMAND: POST /session/be9a23df4294472c3cbe97a105488dd6/window/maximize - {}
RESULT: {}
COMMAND: POST /session/be9a23df4294472c3cbe97a105488dd6/execute/async - {"script":"<script> [1562 bytes]","args":[{"selector":{"id":"shell-header","interaction":{"idSuffix":"icon"}},"wdio_ui5_key":"shellheader"}]}
COMMAND: GET /session/be9a23df4294472c3cbe97a105488dd6/screenshot - {}
RESULT: {"script":"<script> [1562 bytes]","args":[{"selector":{"id":"shell-header","interaction":{"idSuffix":"icon"}},"wdio_ui5_key":"shellheader"}]}
RESULT: undefined
COMMAND: POST /session/be9a23df4294472c3cbe97a105488dd6/refresh - {}
RESULT: {}
RESULT: {}
COMMAND: GET /session/be9a23df4294472c3cbe97a105488dd6/screenshot - {}
RESULT: {}
COMMAND: POST /session/be9a23df4294472c3cbe97a105488dd6/refresh - {}
RESULT: {}
COMMAND: GET /session/be9a23df4294472c3cbe97a105488dd6/screenshot - {}
RESULT: {}
COMMAND: POST /session/be9a23df4294472c3cbe97a105488dd6/window/fullscreen - {}
RESULT: {}
COMMAND: POST /session/be9a23df4294472c3cbe97a105488dd6/execute/async - {"script":"<script> [189 bytes]","args":[]}
RESULT: {"script":"<script> [189 bytes]","args":[]}
COMMAND: POST /session/be9a23df4294472c3cbe97a105488dd6/execute/async - {"script":"<script> [123 bytes]","args":[]}
RESULT: {"script":"<script> [123 bytes]","args":[]}
COMMAND: POST /session/be9a23df4294472c3cbe97a105488dd6/timeouts - {"script":"<number>"}
RESULT: {"script":"<number>"}
COMMAND: GET /session/be9a23df4294472c3cbe97a105488dd6/timeouts - {}
RESULT: {}
RESULT: undefined
COMMAND: POST /session/be9a23df4294472c3cbe97a105488dd6/execute/async - {"script":"<script> [2676 bytes]","args":[]}
RESULT: {"script":"<script> [2676 bytes]","args":[]}
COMMAND: POST /session/be9a23df4294472c3cbe97a105488dd6/execute/async - {"script":"<script> [2342 bytes]","args":[{"protocol":"http","hostname":"0.0.0.0","path":"/","capabilities":{"browserName":"chrome","goog:chromeOptions":{"binary":"C:\\Program Files\\Google\\Chrome\\Application\\chrome.exe","args":["--start-maximized"]}},"logLevel":"warn","connectionRetryTimeout":120000,"connectionRetryCount":3,"logLevels":{},"enableDirectConnect":true,"strictSSL":true,"_":"65 more keys: [\"cacheDir\",\"port\",\"requestedCapabilities\",\"automationProtocol\",\"baseUrl\",\"waitforInterval\",\"waitforTimeout\",\"onReload\",\"beforeCommand\",\"afterCommand\",\"rootDir\",\"specs\",\"suites\",\"exclude\",\"groupLogsByTestSpec\",\"excludeDriverLogs\",\"bail\",\"framework\",\"reporters\",\"services\",\"maxInstances\",\"maxInstancesPerCapability\",\"injectGlobals\",\"filesToWatch\",\"execArgv\",\"runnerEnv\",\"runner\",\"shard\",\"specFileRetries\",\"specFileRetriesDelay\",\"specFileRetriesDeferred\",\"reporterSyncInterval\",\"reporterSyncTimeout\",\"cucumberFeaturesWithLineNumbers\",\"autoCompileOpts\",\"mochaOpts\",\"jasmineOpts\",\"cucumberOpts\",\"onPrepare\",\"onWorkerStart\",\"onWorkerEnd\",\"before\",\"beforeSession\",\"beforeSuite\",\"beforeHook\",\"beforeTest\",\"afterTest\",\"afterHook\",\"afterSuite\",\"afterSession\",\"after\",\"onComplete\",\"beforeAssertion\",\"afterAssertion\",\"beforeFeature\",\"beforeScenario\",\"beforeStep\",\"afterStep\",\"afterScenario\",\"afterFeature\",\"_\",\"suite\",\"$0\",\"ignoredWorkerServices\",\"wdi5\"]"}]}
RESULT: {"script":"<script> [2342 bytes]","args":[{"protocol":"http","hostname":"0.0.0.0","path":"/","capabilities":{"browserName":"chrome","goog:chromeOptions":{"binary":"C:\\Program Files\\Google\\Chrome\\Application\\chrome.exe","args":["--start-maximized"]}},"logLevel":"warn","connectionRetryTimeout":120000,"connectionRetryCount":3,"logLevels":{},"enableDirectConnect":true,"strictSSL":true,"_":"65 more keys: [\"cacheDir\",\"port\",\"requestedCapabilities\",\"automationProtocol\",\"baseUrl\",\"waitforInterval\",\"waitforTimeout\",\"onReload\",\"beforeCommand\",\"afterCommand\",\"rootDir\",\"specs\",\"suites\",\"exclude\",\"groupLogsByTestSpec\",\"excludeDriverLogs\",\"bail\",\"framework\",\"reporters\",\"services\",\"maxInstances\",\"maxInstancesPerCapability\",\"injectGlobals\",\"filesToWatch\",\"execArgv\",\"runnerEnv\",\"runner\",\"shard\",\"specFileRetries\",\"specFileRetriesDelay\",\"specFileRetriesDeferred\",\"reporterSyncInterval\",\"reporterSyncTimeout\",\"cucumberFeaturesWithLineNumbers\",\"autoCompileOpts\",\"mochaOpts\",\"jasmineOpts\",\"cucumberOpts\",\"onPrepare\",\"onWorkerStart\",\"onWorkerEnd\",\"before\",\"beforeSession\",\"beforeSuite\",\"beforeHook\",\"beforeTest\",\"afterTest\",\"afterHook\",\"afterSuite\",\"afterSession\",\"after\",\"onComplete\",\"beforeAssertion\",\"afterAssertion\",\"beforeFeature\",\"beforeScenario\",\"beforeStep\",\"afterStep\",\"afterScenario\",\"afterFeature\",\"_\",\"suite\",\"$0\",\"ignoredWorkerServices\",\"wdi5\"]"}]}
COMMAND: POST /session/be9a23df4294472c3cbe97a105488dd6/execute/async - {"script":"<script> [21126 bytes]","args":[35000]}
RESULT: {"script":"<script> [21126 bytes]","args":[35000]}
]]></system-out>
      <system-err><![CDATA[
Error: Can't call click on element with selector "//td[@aria-colindex="1"]/div/div[contains(@class, "sapMCbBg")]" because element wasn't found
    at async UtilsPrerequisites.manageBillingsTriggerCalculation (D:\a\1\s\test\specs\BTS\prerequisites-and-utils-functions.js:2750:9)
    at async Context.<anonymous> (D:\a\1\s\test\specs\BTS\billing-confirm.spec.js:75:9)
]]></system-err>
    </testcase>
  </testsuite>
  <testsuite timestamp="2025-06-01T17:22:48" time="1231.809" tests="14" failures="6" errors="6" skipped="0">
    <properties>
      <property name="specId" value="0"/>
      <property name="suiteName" value="Create master data for mixed billing &amp; do billing calculation US151661"/>
      <property name="capabilities" value="chrome.136_0_7103_93.windows"/>
      <property name="file" value="file:///D:/a/1/s/test/specs/BTS/billing-calculation-mixed.spec.js"/>
    </properties>
    <testcase classname="chrome.136_0_7103_93.windows.Create_master_data_for_mixed_billing_&amp;_do_billing_calculation_US151661" name="Should create a new yard" time="123.378">
      <system-out><![CDATA[
COMMAND: POST /session/be9a23df4294472c3cbe97a105488dd6/window/fullscreen - {}
RESULT: {}
COMMAND: POST /session/be9a23df4294472c3cbe97a105488dd6/execute/async - {"script":"<script> [1562 bytes]","args":[{"selector":{"controlType":"sap.m.GenericTile","properties":{"header":"Manage Yards"}},"wdio_ui5_key":"sapm.GenericTile{\"header\":\"Manage Yards\"}"}]}
RESULT: {"script":"<script> [1562 bytes]","args":[{"selector":{"controlType":"sap.m.GenericTile","properties":{"header":"Manage Yards"}},"wdio_ui5_key":"sapm.GenericTile{\"header\":\"Manage Yards\"}"}]}
RESULT: undefined
COMMAND: POST /session/be9a23df4294472c3cbe97a105488dd6/element - {"using":"xpath","value":"//*[@id=\"__tile41\"]"}
RESULT: {"using":"xpath","value":"//*[@id=\"__tile41\"]"}
COMMAND: POST /session/be9a23df4294472c3cbe97a105488dd6/element/f.6CFE3FC8FA908A587831E8FD5FC52521.d.B681576F0EFE1C9A16E9C31DD90F9081.e.4601/click - {}
RESULT: {}
COMMAND: GET /session/be9a23df4294472c3cbe97a105488dd6/screenshot - {}
RESULT: {}
COMMAND: POST /session/be9a23df4294472c3cbe97a105488dd6/elements - {"using":"xpath","value":"//span[text()='Error']"}
RESULT: {"using":"xpath","value":"//span[text()='Error']"}
COMMAND: POST /session/be9a23df4294472c3cbe97a105488dd6/element - {"using":"xpath","value":"//button[@data-kt=\"addNewYardOverflowToolbarButton\"]"}
RESULT: {"using":"xpath","value":"//button[@data-kt=\"addNewYardOverflowToolbarButton\"]"}
COMMAND: POST /session/be9a23df4294472c3cbe97a105488dd6/elements - {"using":"xpath","value":"//button[@data-kt=\"addNewYardOverflowToolbarButton\"]"}
RESULT: {"using":"xpath","value":"//button[@data-kt=\"addNewYardOverflowToolbarButton\"]"}
COMMAND: POST /session/be9a23df4294472c3cbe97a105488dd6/execute/sync - {"script":"<script> [8489 bytes]","args":[{"element-6066-11e4-a52e-4f735466cecf":"f.6CFE3FC8FA908A587831E8FD5FC52521.d.B681576F0EFE1C9A16E9C31DD90F9081.e.4738","ELEMENT":"f.6CFE3FC8FA908A587831E8FD5FC52521.d.B681576F0EFE1C9A16E9C31DD90F9081.e.4738"}]}
RESULT: {"script":"<script> [8489 bytes]","args":[{"element-6066-11e4-a52e-4f735466cecf":"f.6CFE3FC8FA908A587831E8FD5FC52521.d.B681576F0EFE1C9A16E9C31DD90F9081.e.4738","ELEMENT":"f.6CFE3FC8FA908A587831E8FD5FC52521.d.B681576F0EFE1C9A16E9C31DD90F9081.e.4738"}]}
COMMAND: GET /session/be9a23df4294472c3cbe97a105488dd6/element/f.6CFE3FC8FA908A587831E8FD5FC52521.d.B681576F0EFE1C9A16E9C31DD90F9081.e.4738/enabled - {}
COMMAND: GET /session/be9a23df4294472c3cbe97a105488dd6/screenshot - {}
RESULT: {}
COMMAND: POST /session/be9a23df4294472c3cbe97a105488dd6/execute/sync - {"script":"<script> [8489 bytes]","args":[{"element-6066-11e4-a52e-4f735466cecf":"f.6CFE3FC8FA908A587831E8FD5FC52521.d.B681576F0EFE1C9A16E9C31DD90F9081.e.4738","ELEMENT":"f.6CFE3FC8FA908A587831E8FD5FC52521.d.B681576F0EFE1C9A16E9C31DD90F9081.e.4738"}]}
COMMAND: GET /session/be9a23df4294472c3cbe97a105488dd6/screenshot - {}
RESULT: {}
RESULT: {"script":"<script> [8489 bytes]","args":[{"element-6066-11e4-a52e-4f735466cecf":"f.6CFE3FC8FA908A587831E8FD5FC52521.d.B681576F0EFE1C9A16E9C31DD90F9081.e.4738","ELEMENT":"f.6CFE3FC8FA908A587831E8FD5FC52521.d.B681576F0EFE1C9A16E9C31DD90F9081.e.4738"}]}
COMMAND: POST /session/be9a23df4294472c3cbe97a105488dd6/execute/sync - {"script":"<script> [5351 bytes]","args":[{"element-6066-11e4-a52e-4f735466cecf":"f.6CFE3FC8FA908A587831E8FD5FC52521.d.B681576F0EFE1C9A16E9C31DD90F9081.e.4738","ELEMENT":"f.6CFE3FC8FA908A587831E8FD5FC52521.d.B681576F0EFE1C9A16E9C31DD90F9081.e.4738"}]}
COMMAND: GET /session/be9a23df4294472c3cbe97a105488dd6/screenshot - {}
RESULT: {}
RESULT: {"script":"<script> [5351 bytes]","args":[{"element-6066-11e4-a52e-4f735466cecf":"f.6CFE3FC8FA908A587831E8FD5FC52521.d.B681576F0EFE1C9A16E9C31DD90F9081.e.4738","ELEMENT":"f.6CFE3FC8FA908A587831E8FD5FC52521.d.B681576F0EFE1C9A16E9C31DD90F9081.e.4738"}]}
COMMAND: POST /session/be9a23df4294472c3cbe97a105488dd6/element/f.6CFE3FC8FA908A587831E8FD5FC52521.d.B681576F0EFE1C9A16E9C31DD90F9081.e.4738/click - {}
COMMAND: GET /session/be9a23df4294472c3cbe97a105488dd6/screenshot - {}
RESULT: {}
RESULT: {}
COMMAND: GET /session/be9a23df4294472c3cbe97a105488dd6/screenshot - {}
RESULT: {}
RESULT: {}
COMMAND: POST /session/be9a23df4294472c3cbe97a105488dd6/element - {"using":"xpath","value":"//input[@id=\"application-manageyards-display-component---NewYard--yardId-inner\"]"}
RESULT: {"using":"xpath","value":"//input[@id=\"application-manageyards-display-component---NewYard--yardId-inner\"]"}
COMMAND: POST /session/be9a23df4294472c3cbe97a105488dd6/element - {"using":"xpath","value":"//input[@id=\"application-manageyards-display-component---NewYard--yardId-inner\"]"}
RESULT: {"using":"xpath","value":"//input[@id=\"application-manageyards-display-component---NewYard--yardId-inner\"]"}
COMMAND: POST /session/be9a23df4294472c3cbe97a105488dd6/execute/async - {"script":"<script> [1562 bytes]","args":[{"selector":{"id":"application-manageyards-display-component---NewYard--addressDetailDetailsName1","interaction":{"idSuffix":"inner"}},"wdio_ui5_key":"applicationmanageyards-display-component---NewYard--addressDetailDetailsName1"}]}
RESULT: {"script":"<script> [1562 bytes]","args":[{"selector":{"id":"application-manageyards-display-component---NewYard--addressDetailDetailsName1","interaction":{"idSuffix":"inner"}},"wdio_ui5_key":"applicationmanageyards-display-component---NewYard--addressDetailDetailsName1"}]}
RESULT: undefined
COMMAND: POST /session/be9a23df4294472c3cbe97a105488dd6/execute/async - {"script":"<script> [776 bytes]","args":[{"enterText":"Intercompany Yard wdIO","selector":{"id":"application-manageyards-display-component---NewYard--addressDetailDetailsName1","interaction":{"idSuffix":"inner"}},"clearTextFirst":true,"interactionType":"ENTER_TEXT"}]}
RESULT: {"script":"<script> [776 bytes]","args":[{"enterText":"Intercompany Yard wdIO","selector":{"id":"application-manageyards-display-component---NewYard--addressDetailDetailsName1","interaction":{"idSuffix":"inner"}},"clearTextFirst":true,"interactionType":"ENTER_TEXT"}]}
COMMAND: POST /session/be9a23df4294472c3cbe97a105488dd6/execute/async - {"script":"<script> [1562 bytes]","args":[{"selector":{"id":"application-manageyards-display-component---NewYard--addressDetailDetailsLanguage-arrow"},"wdio_ui5_key":"applicationmanageyards-display-component---NewYard--addressDetailDetailsLanguage-arrow"}]}
RESULT: {"script":"<script> [1562 bytes]","args":[{"selector":{"id":"application-manageyards-display-component---NewYard--addressDetailDetailsLanguage-arrow"},"wdio_ui5_key":"applicationmanageyards-display-component---NewYard--addressDetailDetailsLanguage-arrow"}]}
RESULT: undefined
COMMAND: POST /session/be9a23df4294472c3cbe97a105488dd6/element - {"using":"xpath","value":"//*[@id=\"application-manageyards-display-component---NewYard--addressDetailDetailsLanguage-arrow\"]"}
RESULT: {"using":"xpath","value":"//*[@id=\"application-manageyards-display-component---NewYard--addressDetailDetailsLanguage-arrow\"]"}
COMMAND: POST /session/be9a23df4294472c3cbe97a105488dd6/element/f.6CFE3FC8FA908A587831E8FD5FC52521.d.B681576F0EFE1C9A16E9C31DD90F9081.e.5173/click - {}
RESULT: {}
COMMAND: POST /session/be9a23df4294472c3cbe97a105488dd6/element - {"using":"xpath","value":"//span[contains(text(), \"English\")]"}
COMMAND: GET /session/be9a23df4294472c3cbe97a105488dd6/screenshot - {}
RESULT: {"using":"xpath","value":"//span[contains(text(), \"English\")]"}
COMMAND: POST /session/be9a23df4294472c3cbe97a105488dd6/element/f.6CFE3FC8FA908A587831E8FD5FC52521.d.B681576F0EFE1C9A16E9C31DD90F9081.e.5174/click - {}
RESULT: {}
RESULT: {}
COMMAND: POST /session/be9a23df4294472c3cbe97a105488dd6/execute/async - {"script":"<script> [1562 bytes]","args":[{"selector":{"id":"application-manageyards-display-component---NewYard--addressDetailDetailsCity1","interaction":{"idSuffix":"inner"}},"wdio_ui5_key":"applicationmanageyards-display-component---NewYard--addressDetailDetailsCity1"}]}
COMMAND: GET /session/be9a23df4294472c3cbe97a105488dd6/screenshot - {}
RESULT: {"script":"<script> [1562 bytes]","args":[{"selector":{"id":"application-manageyards-display-component---NewYard--addressDetailDetailsCity1","interaction":{"idSuffix":"inner"}},"wdio_ui5_key":"applicationmanageyards-display-component---NewYard--addressDetailDetailsCity1"}]}
RESULT: undefined
COMMAND: POST /session/be9a23df4294472c3cbe97a105488dd6/execute/async - {"script":"<script> [776 bytes]","args":[{"enterText":"Rosario","selector":{"id":"application-manageyards-display-component---NewYard--addressDetailDetailsCity1","interaction":{"idSuffix":"inner"}},"clearTextFirst":true,"interactionType":"ENTER_TEXT"}]}
RESULT: {}
RESULT: {"script":"<script> [776 bytes]","args":[{"enterText":"Rosario","selector":{"id":"application-manageyards-display-component---NewYard--addressDetailDetailsCity1","interaction":{"idSuffix":"inner"}},"clearTextFirst":true,"interactionType":"ENTER_TEXT"}]}
COMMAND: POST /session/be9a23df4294472c3cbe97a105488dd6/execute/async - {"script":"<script> [1562 bytes]","args":[{"selector":{"id":"application-manageyards-display-component---NewYard--addressDetailDetailsCountry-arrow"},"wdio_ui5_key":"applicationmanageyards-display-component---NewYard--addressDetailDetailsCountry-arrow"}]}
RESULT: {"script":"<script> [1562 bytes]","args":[{"selector":{"id":"application-manageyards-display-component---NewYard--addressDetailDetailsCountry-arrow"},"wdio_ui5_key":"applicationmanageyards-display-component---NewYard--addressDetailDetailsCountry-arrow"}]}
RESULT: undefined
COMMAND: POST /session/be9a23df4294472c3cbe97a105488dd6/element - {"using":"xpath","value":"//*[@id=\"application-manageyards-display-component---NewYard--addressDetailDetailsCountry-arrow\"]"}
RESULT: {"using":"xpath","value":"//*[@id=\"application-manageyards-display-component---NewYard--addressDetailDetailsCountry-arrow\"]"}
COMMAND: POST /session/be9a23df4294472c3cbe97a105488dd6/element/f.6CFE3FC8FA908A587831E8FD5FC52521.d.B681576F0EFE1C9A16E9C31DD90F9081.e.5176/click - {}
RESULT: {}
COMMAND: POST /session/be9a23df4294472c3cbe97a105488dd6/element - {"using":"xpath","value":"//span[contains(text(), \"Argentina\")]"}
COMMAND: GET /session/be9a23df4294472c3cbe97a105488dd6/screenshot - {}
RESULT: {"using":"xpath","value":"//span[contains(text(), \"Argentina\")]"}
COMMAND: POST /session/be9a23df4294472c3cbe97a105488dd6/element/f.6CFE3FC8FA908A587831E8FD5FC52521.d.B681576F0EFE1C9A16E9C31DD90F9081.e.5177/click - {}
RESULT: {}
RESULT: {}
COMMAND: POST /session/be9a23df4294472c3cbe97a105488dd6/execute/async - {"script":"<script> [1562 bytes]","args":[{"selector":{"id":"application-manageyards-display-component---NewYard--addressEditDetailsCostObjectCstType-arrow"},"wdio_ui5_key":"applicationmanageyards-display-component---NewYard--addressEditDetailsCostObjectCstType-arrow"}]}
COMMAND: GET /session/be9a23df4294472c3cbe97a105488dd6/screenshot - {}
RESULT: {"script":"<script> [1562 bytes]","args":[{"selector":{"id":"application-manageyards-display-component---NewYard--addressEditDetailsCostObjectCstType-arrow"},"wdio_ui5_key":"applicationmanageyards-display-component---NewYard--addressEditDetailsCostObjectCstType-arrow"}]}
RESULT: undefined
COMMAND: POST /session/be9a23df4294472c3cbe97a105488dd6/element - {"using":"xpath","value":"//*[@id=\"application-manageyards-display-component---NewYard--addressEditDetailsCostObjectCstType-arrow\"]"}
RESULT: {}
RESULT: {"using":"xpath","value":"//*[@id=\"application-manageyards-display-component---NewYard--addressEditDetailsCostObjectCstType-arrow\"]"}
COMMAND: POST /session/be9a23df4294472c3cbe97a105488dd6/element/f.6CFE3FC8FA908A587831E8FD5FC52521.d.B681576F0EFE1C9A16E9C31DD90F9081.e.5179/click - {}
RESULT: {}
COMMAND: POST /session/be9a23df4294472c3cbe97a105488dd6/element - {"using":"xpath","value":"//span[contains(text(), \"Cost Center\")]"}
COMMAND: GET /session/be9a23df4294472c3cbe97a105488dd6/screenshot - {}
RESULT: {"using":"xpath","value":"//span[contains(text(), \"Cost Center\")]"}
COMMAND: POST /session/be9a23df4294472c3cbe97a105488dd6/element/f.6CFE3FC8FA908A587831E8FD5FC52521.d.B681576F0EFE1C9A16E9C31DD90F9081.e.5180/click - {}
RESULT: {}
RESULT: {}
COMMAND: GET /session/be9a23df4294472c3cbe97a105488dd6/screenshot - {}
RESULT: {}
COMMAND: POST /session/be9a23df4294472c3cbe97a105488dd6/element - {"using":"xpath","value":"//span[@id=\"application-manageyards-display-component---NewYard--addressNewCostObjectCstID-vhi\"]"}
RESULT: {"using":"xpath","value":"//span[@id=\"application-manageyards-display-component---NewYard--addressNewCostObjectCstID-vhi\"]"}
COMMAND: POST /session/be9a23df4294472c3cbe97a105488dd6/execute/sync - {"script":"<script> [8489 bytes]","args":[{"element-6066-11e4-a52e-4f735466cecf":"f.6CFE3FC8FA908A587831E8FD5FC52521.d.B681576F0EFE1C9A16E9C31DD90F9081.e.5184","ELEMENT":"f.6CFE3FC8FA908A587831E8FD5FC52521.d.B681576F0EFE1C9A16E9C31DD90F9081.e.5184"}]}
RESULT: {"script":"<script> [8489 bytes]","args":[{"element-6066-11e4-a52e-4f735466cecf":"f.6CFE3FC8FA908A587831E8FD5FC52521.d.B681576F0EFE1C9A16E9C31DD90F9081.e.5184","ELEMENT":"f.6CFE3FC8FA908A587831E8FD5FC52521.d.B681576F0EFE1C9A16E9C31DD90F9081.e.5184"}]}
COMMAND: POST /session/be9a23df4294472c3cbe97a105488dd6/execute/async - {"script":"<script> [1562 bytes]","args":[{"selector":{"id":"application-manageyards-display-component---NewYard--addressNewCostObjectCstID-vhi"},"wdio_ui5_key":"applicationmanageyards-display-component---NewYard--addressNewCostObjectCstID-vhi"}]}
COMMAND: GET /session/be9a23df4294472c3cbe97a105488dd6/screenshot - {}
RESULT: {"script":"<script> [1562 bytes]","args":[{"selector":{"id":"application-manageyards-display-component---NewYard--addressNewCostObjectCstID-vhi"},"wdio_ui5_key":"applicationmanageyards-display-component---NewYard--addressNewCostObjectCstID-vhi"}]}
RESULT: undefined
COMMAND: POST /session/be9a23df4294472c3cbe97a105488dd6/element - {"using":"xpath","value":"//*[@id=\"application-manageyards-display-component---NewYard--addressNewCostObjectCstID-vhi\"]"}
RESULT: {}
RESULT: {"using":"xpath","value":"//*[@id=\"application-manageyards-display-component---NewYard--addressNewCostObjectCstID-vhi\"]"}
COMMAND: POST /session/be9a23df4294472c3cbe97a105488dd6/element/f.6CFE3FC8FA908A587831E8FD5FC52521.d.B681576F0EFE1C9A16E9C31DD90F9081.e.5184/click - {}
RESULT: {}
COMMAND: GET /session/be9a23df4294472c3cbe97a105488dd6/screenshot - {}
RESULT: {}
COMMAND: POST /session/be9a23df4294472c3cbe97a105488dd6/execute/async - {"script":"<script> [1562 bytes]","args":[{"selector":{"controlType":"sap.m.SearchField","properties":{"placeholder":"Search"},"searchOpenDialogs":true,"interaction":{"idSuffix":"I"}},"wdio_ui5_key":"sapm.SearchField{\"placeholder\":\"Search\"}"}]}
RESULT: {"script":"<script> [1562 bytes]","args":[{"selector":{"controlType":"sap.m.SearchField","properties":{"placeholder":"Search"},"searchOpenDialogs":true,"interaction":{"idSuffix":"I"}},"wdio_ui5_key":"sapm.SearchField{\"placeholder\":\"Search\"}"}]}
RESULT: undefined
COMMAND: POST /session/be9a23df4294472c3cbe97a105488dd6/execute/async - {"script":"<script> [776 bytes]","args":[{"enterText":"bauh_b","selector":{"controlType":"sap.m.SearchField","properties":{"placeholder":"Search"},"searchOpenDialogs":true,"interaction":{"idSuffix":"I"}},"clearTextFirst":true,"interactionType":"ENTER_TEXT"}]}
RESULT: {"script":"<script> [776 bytes]","args":[{"enterText":"bauh_b","selector":{"controlType":"sap.m.SearchField","properties":{"placeholder":"Search"},"searchOpenDialogs":true,"interaction":{"idSuffix":"I"}},"clearTextFirst":true,"interactionType":"ENTER_TEXT"}]}
COMMAND: POST /session/be9a23df4294472c3cbe97a105488dd6/actions - {"actions":[{"id":"action18","type":"key","parameters":{},"actions":[{"type":"keyDown","value":""},{"type":"pause","duration":10},{"type":"keyUp","value":""}]}]}
RESULT: {"actions":[{"id":"action18","type":"key","parameters":{},"actions":[{"type":"keyDown","value":""},{"type":"pause","duration":10},{"type":"keyUp","value":""}]}]}
COMMAND: GET /session/be9a23df4294472c3cbe97a105488dd6/screenshot - {}
RESULT: {}
COMMAND: POST /session/be9a23df4294472c3cbe97a105488dd6/element - {"using":"xpath","value":"//span[contains(text(), \"Demo Yard\")]"}
RESULT: {"using":"xpath","value":"//span[contains(text(), \"Demo Yard\")]"}
COMMAND: POST /session/be9a23df4294472c3cbe97a105488dd6/element/f.6CFE3FC8FA908A587831E8FD5FC52521.d.B681576F0EFE1C9A16E9C31DD90F9081.e.5224/click - {}
RESULT: {}
COMMAND: GET /session/be9a23df4294472c3cbe97a105488dd6/screenshot - {}
RESULT: {}
COMMAND: POST /session/be9a23df4294472c3cbe97a105488dd6/element - {"using":"xpath","value":"//bdi[contains(text(), \"OK\")]"}
RESULT: {"using":"xpath","value":"//bdi[contains(text(), \"OK\")]"}
COMMAND: POST /session/be9a23df4294472c3cbe97a105488dd6/element/f.6CFE3FC8FA908A587831E8FD5FC52521.d.B681576F0EFE1C9A16E9C31DD90F9081.e.5225/click - {}
RESULT: {}
COMMAND: GET /session/be9a23df4294472c3cbe97a105488dd6/screenshot - {}
RESULT: {}
COMMAND: POST /session/be9a23df4294472c3cbe97a105488dd6/execute/async - {"script":"<script> [1562 bytes]","args":[{"selector":{"id":"application-manageyards-display-component---NewYard--addressEditDetailsCurrency-arrow"},"wdio_ui5_key":"applicationmanageyards-display-component---NewYard--addressEditDetailsCurrency-arrow"}]}
RESULT: {"script":"<script> [1562 bytes]","args":[{"selector":{"id":"application-manageyards-display-component---NewYard--addressEditDetailsCurrency-arrow"},"wdio_ui5_key":"applicationmanageyards-display-component---NewYard--addressEditDetailsCurrency-arrow"}]}
RESULT: undefined
COMMAND: POST /session/be9a23df4294472c3cbe97a105488dd6/element - {"using":"xpath","value":"//*[@id=\"application-manageyards-display-component---NewYard--addressEditDetailsCurrency-arrow\"]"}
RESULT: {"using":"xpath","value":"//*[@id=\"application-manageyards-display-component---NewYard--addressEditDetailsCurrency-arrow\"]"}
COMMAND: POST /session/be9a23df4294472c3cbe97a105488dd6/element/f.6CFE3FC8FA908A587831E8FD5FC52521.d.B681576F0EFE1C9A16E9C31DD90F9081.e.5228/click - {}
RESULT: {}
COMMAND: POST /session/be9a23df4294472c3cbe97a105488dd6/element - {"using":"xpath","value":"//span[contains(text(), \"Euro\")]"}
COMMAND: GET /session/be9a23df4294472c3cbe97a105488dd6/screenshot - {}
RESULT: {"using":"xpath","value":"//span[contains(text(), \"Euro\")]"}
COMMAND: POST /session/be9a23df4294472c3cbe97a105488dd6/element/f.6CFE3FC8FA908A587831E8FD5FC52521.d.B681576F0EFE1C9A16E9C31DD90F9081.e.5229/click - {}
RESULT: {}
RESULT: {}
COMMAND: POST /session/be9a23df4294472c3cbe97a105488dd6/execute/async - {"script":"<script> [1562 bytes]","args":[{"selector":{"controlType":"sap.m.Input","viewName":"etm.portal.ui.manageyards.view.New","viewId":"application-manageyards-display-component---NewYard","bindingPath":{"path":"","propertyPath":"/CONTROLLING_AREA","modelName":"NewYardModel"},"interaction":{"idSuffix":"inner"}},"wdio_ui5_key":"etmportal.ui.manageyards.view.Newsap.m.Input{\"path\":\"\",\"propertyPath\":\"/CONTROLLING_AREA\",\"modelName\":\"NewYardModel\"}"}]}
COMMAND: GET /session/be9a23df4294472c3cbe97a105488dd6/screenshot - {}
RESULT: {"script":"<script> [1562 bytes]","args":[{"selector":{"controlType":"sap.m.Input","viewName":"etm.portal.ui.manageyards.view.New","viewId":"application-manageyards-display-component---NewYard","bindingPath":{"path":"","propertyPath":"/CONTROLLING_AREA","modelName":"NewYardModel"},"interaction":{"idSuffix":"inner"}},"wdio_ui5_key":"etmportal.ui.manageyards.view.Newsap.m.Input{\"path\":\"\",\"propertyPath\":\"/CONTROLLING_AREA\",\"modelName\":\"NewYardModel\"}"}]}
RESULT: undefined
COMMAND: POST /session/be9a23df4294472c3cbe97a105488dd6/execute/async - {"script":"<script> [776 bytes]","args":[{"enterText":"Z001","selector":{"controlType":"sap.m.Input","viewName":"etm.portal.ui.manageyards.view.New","viewId":"application-manageyards-display-component---NewYard","bindingPath":{"path":"","propertyPath":"/CONTROLLING_AREA","modelName":"NewYardModel"},"interaction":{"idSuffix":"inner"}},"clearTextFirst":true,"interactionType":"ENTER_TEXT"}]}
RESULT: {}
RESULT: {"script":"<script> [776 bytes]","args":[{"enterText":"Z001","selector":{"controlType":"sap.m.Input","viewName":"etm.portal.ui.manageyards.view.New","viewId":"application-manageyards-display-component---NewYard","bindingPath":{"path":"","propertyPath":"/CONTROLLING_AREA","modelName":"NewYardModel"},"interaction":{"idSuffix":"inner"}},"clearTextFirst":true,"interactionType":"ENTER_TEXT"}]}
COMMAND: POST /session/be9a23df4294472c3cbe97a105488dd6/execute/async - {"script":"<script> [1562 bytes]","args":[{"selector":{"id":"application-manageyards-display-component---NewYard--companyCodeComboBox","interaction":{"idSuffix":"inner"}},"wdio_ui5_key":"applicationmanageyards-display-component---NewYard--companyCodeComboBox"}]}
RESULT: {"script":"<script> [1562 bytes]","args":[{"selector":{"id":"application-manageyards-display-component---NewYard--companyCodeComboBox","interaction":{"idSuffix":"inner"}},"wdio_ui5_key":"applicationmanageyards-display-component---NewYard--companyCodeComboBox"}]}
RESULT: undefined
COMMAND: POST /session/be9a23df4294472c3cbe97a105488dd6/execute/async - {"script":"<script> [776 bytes]","args":[{"enterText":"1000","selector":{"id":"application-manageyards-display-component---NewYard--companyCodeComboBox","interaction":{"idSuffix":"inner"}},"clearTextFirst":true,"interactionType":"ENTER_TEXT"}]}
RESULT: {"script":"<script> [776 bytes]","args":[{"enterText":"1000","selector":{"id":"application-manageyards-display-component---NewYard--companyCodeComboBox","interaction":{"idSuffix":"inner"}},"clearTextFirst":true,"interactionType":"ENTER_TEXT"}]}
COMMAND: POST /session/be9a23df4294472c3cbe97a105488dd6/execute/async - {"script":"<script> [1562 bytes]","args":[{"selector":{"controlType":"sap.m.Input","viewName":"etm.portal.ui.manageyards.view.New","viewId":"application-manageyards-display-component---NewYard","bindingPath":{"path":"","propertyPath":"/PLANT","modelName":"NewYardModel"},"interaction":{"idSuffix":"inner"}},"wdio_ui5_key":"etmportal.ui.manageyards.view.Newsap.m.Input{\"path\":\"\",\"propertyPath\":\"/PLANT\",\"modelName\":\"NewYardModel\"}"}]}
RESULT: {"script":"<script> [1562 bytes]","args":[{"selector":{"controlType":"sap.m.Input","viewName":"etm.portal.ui.manageyards.view.New","viewId":"application-manageyards-display-component---NewYard","bindingPath":{"path":"","propertyPath":"/PLANT","modelName":"NewYardModel"},"interaction":{"idSuffix":"inner"}},"wdio_ui5_key":"etmportal.ui.manageyards.view.Newsap.m.Input{\"path\":\"\",\"propertyPath\":\"/PLANT\",\"modelName\":\"NewYardModel\"}"}]}
RESULT: undefined
COMMAND: POST /session/be9a23df4294472c3cbe97a105488dd6/execute/async - {"script":"<script> [776 bytes]","args":[{"enterText":"1001","selector":{"controlType":"sap.m.Input","viewName":"etm.portal.ui.manageyards.view.New","viewId":"application-manageyards-display-component---NewYard","bindingPath":{"path":"","propertyPath":"/PLANT","modelName":"NewYardModel"},"interaction":{"idSuffix":"inner"}},"clearTextFirst":true,"interactionType":"ENTER_TEXT"}]}
RESULT: {"script":"<script> [776 bytes]","args":[{"enterText":"1001","selector":{"controlType":"sap.m.Input","viewName":"etm.portal.ui.manageyards.view.New","viewId":"application-manageyards-display-component---NewYard","bindingPath":{"path":"","propertyPath":"/PLANT","modelName":"NewYardModel"},"interaction":{"idSuffix":"inner"}},"clearTextFirst":true,"interactionType":"ENTER_TEXT"}]}
COMMAND: POST /session/be9a23df4294472c3cbe97a105488dd6/execute/async - {"script":"<script> [1562 bytes]","args":[{"selector":{"controlType":"sap.m.Input","viewName":"etm.portal.ui.manageyards.view.New","viewId":"application-manageyards-display-component---NewYard","bindingPath":{"path":"","propertyPath":"/SALES_AREA_VKORG","modelName":"NewYardModel"},"interaction":{"idSuffix":"inner"}},"wdio_ui5_key":"etmportal.ui.manageyards.view.Newsap.m.Input{\"path\":\"\",\"propertyPath\":\"/SALES_AREA_VKORG\",\"modelName\":\"NewYardModel\"}"}]}
RESULT: {"script":"<script> [1562 bytes]","args":[{"selector":{"controlType":"sap.m.Input","viewName":"etm.portal.ui.manageyards.view.New","viewId":"application-manageyards-display-component---NewYard","bindingPath":{"path":"","propertyPath":"/SALES_AREA_VKORG","modelName":"NewYardModel"},"interaction":{"idSuffix":"inner"}},"wdio_ui5_key":"etmportal.ui.manageyards.view.Newsap.m.Input{\"path\":\"\",\"propertyPath\":\"/SALES_AREA_VKORG\",\"modelName\":\"NewYardModel\"}"}]}
RESULT: undefined
COMMAND: POST /session/be9a23df4294472c3cbe97a105488dd6/execute/async - {"script":"<script> [776 bytes]","args":[{"enterText":"C002","selector":{"controlType":"sap.m.Input","viewName":"etm.portal.ui.manageyards.view.New","viewId":"application-manageyards-display-component---NewYard","bindingPath":{"path":"","propertyPath":"/SALES_AREA_VKORG","modelName":"NewYardModel"},"interaction":{"idSuffix":"inner"}},"clearTextFirst":true,"interactionType":"ENTER_TEXT"}]}
RESULT: {"script":"<script> [776 bytes]","args":[{"enterText":"C002","selector":{"controlType":"sap.m.Input","viewName":"etm.portal.ui.manageyards.view.New","viewId":"application-manageyards-display-component---NewYard","bindingPath":{"path":"","propertyPath":"/SALES_AREA_VKORG","modelName":"NewYardModel"},"interaction":{"idSuffix":"inner"}},"clearTextFirst":true,"interactionType":"ENTER_TEXT"}]}
COMMAND: POST /session/be9a23df4294472c3cbe97a105488dd6/execute/async - {"script":"<script> [1562 bytes]","args":[{"selector":{"controlType":"sap.m.Input","viewName":"etm.portal.ui.manageyards.view.New","viewId":"application-manageyards-display-component---NewYard","bindingPath":{"path":"","propertyPath":"/SALES_AREA_VTWEG","modelName":"NewYardModel"},"interaction":{"idSuffix":"inner"}},"wdio_ui5_key":"etmportal.ui.manageyards.view.Newsap.m.Input{\"path\":\"\",\"propertyPath\":\"/SALES_AREA_VTWEG\",\"modelName\":\"NewYardModel\"}"}]}
RESULT: {"script":"<script> [1562 bytes]","args":[{"selector":{"controlType":"sap.m.Input","viewName":"etm.portal.ui.manageyards.view.New","viewId":"application-manageyards-display-component---NewYard","bindingPath":{"path":"","propertyPath":"/SALES_AREA_VTWEG","modelName":"NewYardModel"},"interaction":{"idSuffix":"inner"}},"wdio_ui5_key":"etmportal.ui.manageyards.view.Newsap.m.Input{\"path\":\"\",\"propertyPath\":\"/SALES_AREA_VTWEG\",\"modelName\":\"NewYardModel\"}"}]}
RESULT: undefined
COMMAND: POST /session/be9a23df4294472c3cbe97a105488dd6/execute/async - {"script":"<script> [776 bytes]","args":[{"enterText":"C2","selector":{"controlType":"sap.m.Input","viewName":"etm.portal.ui.manageyards.view.New","viewId":"application-manageyards-display-component---NewYard","bindingPath":{"path":"","propertyPath":"/SALES_AREA_VTWEG","modelName":"NewYardModel"},"interaction":{"idSuffix":"inner"}},"clearTextFirst":true,"interactionType":"ENTER_TEXT"}]}
RESULT: {"script":"<script> [776 bytes]","args":[{"enterText":"C2","selector":{"controlType":"sap.m.Input","viewName":"etm.portal.ui.manageyards.view.New","viewId":"application-manageyards-display-component---NewYard","bindingPath":{"path":"","propertyPath":"/SALES_AREA_VTWEG","modelName":"NewYardModel"},"interaction":{"idSuffix":"inner"}},"clearTextFirst":true,"interactionType":"ENTER_TEXT"}]}
COMMAND: POST /session/be9a23df4294472c3cbe97a105488dd6/execute/async - {"script":"<script> [1562 bytes]","args":[{"selector":{"controlType":"sap.m.Input","viewName":"etm.portal.ui.manageyards.view.New","viewId":"application-manageyards-display-component---NewYard","bindingPath":{"path":"","propertyPath":"/SALES_AREA_SPART","modelName":"NewYardModel"},"interaction":{"idSuffix":"inner"}},"wdio_ui5_key":"etmportal.ui.manageyards.view.Newsap.m.Input{\"path\":\"\",\"propertyPath\":\"/SALES_AREA_SPART\",\"modelName\":\"NewYardModel\"}"}]}
RESULT: {"script":"<script> [1562 bytes]","args":[{"selector":{"controlType":"sap.m.Input","viewName":"etm.portal.ui.manageyards.view.New","viewId":"application-manageyards-display-component---NewYard","bindingPath":{"path":"","propertyPath":"/SALES_AREA_SPART","modelName":"NewYardModel"},"interaction":{"idSuffix":"inner"}},"wdio_ui5_key":"etmportal.ui.manageyards.view.Newsap.m.Input{\"path\":\"\",\"propertyPath\":\"/SALES_AREA_SPART\",\"modelName\":\"NewYardModel\"}"}]}
RESULT: undefined
COMMAND: POST /session/be9a23df4294472c3cbe97a105488dd6/execute/async - {"script":"<script> [776 bytes]","args":[{"enterText":"C2","selector":{"controlType":"sap.m.Input","viewName":"etm.portal.ui.manageyards.view.New","viewId":"application-manageyards-display-component---NewYard","bindingPath":{"path":"","propertyPath":"/SALES_AREA_SPART","modelName":"NewYardModel"},"interaction":{"idSuffix":"inner"}},"clearTextFirst":true,"interactionType":"ENTER_TEXT"}]}
RESULT: {"script":"<script> [776 bytes]","args":[{"enterText":"C2","selector":{"controlType":"sap.m.Input","viewName":"etm.portal.ui.manageyards.view.New","viewId":"application-manageyards-display-component---NewYard","bindingPath":{"path":"","propertyPath":"/SALES_AREA_SPART","modelName":"NewYardModel"},"interaction":{"idSuffix":"inner"}},"clearTextFirst":true,"interactionType":"ENTER_TEXT"}]}
COMMAND: POST /session/be9a23df4294472c3cbe97a105488dd6/execute/async - {"script":"<script> [1562 bytes]","args":[{"selector":{"controlType":"sap.m.Input","viewName":"etm.portal.ui.manageyards.view.New","viewId":"application-manageyards-display-component---NewYard","bindingPath":{"path":"","propertyPath":"/SHIP_POINT","modelName":"NewYardModel"},"interaction":{"idSuffix":"inner"}},"wdio_ui5_key":"etmportal.ui.manageyards.view.Newsap.m.Input{\"path\":\"\",\"propertyPath\":\"/SHIP_POINT\",\"modelName\":\"NewYardModel\"}"}]}
RESULT: {"script":"<script> [1562 bytes]","args":[{"selector":{"controlType":"sap.m.Input","viewName":"etm.portal.ui.manageyards.view.New","viewId":"application-manageyards-display-component---NewYard","bindingPath":{"path":"","propertyPath":"/SHIP_POINT","modelName":"NewYardModel"},"interaction":{"idSuffix":"inner"}},"wdio_ui5_key":"etmportal.ui.manageyards.view.Newsap.m.Input{\"path\":\"\",\"propertyPath\":\"/SHIP_POINT\",\"modelName\":\"NewYardModel\"}"}]}
RESULT: undefined
COMMAND: POST /session/be9a23df4294472c3cbe97a105488dd6/execute/async - {"script":"<script> [776 bytes]","args":[{"enterText":"1710","selector":{"controlType":"sap.m.Input","viewName":"etm.portal.ui.manageyards.view.New","viewId":"application-manageyards-display-component---NewYard","bindingPath":{"path":"","propertyPath":"/SHIP_POINT","modelName":"NewYardModel"},"interaction":{"idSuffix":"inner"}},"clearTextFirst":true,"interactionType":"ENTER_TEXT"}]}
RESULT: {"script":"<script> [776 bytes]","args":[{"enterText":"1710","selector":{"controlType":"sap.m.Input","viewName":"etm.portal.ui.manageyards.view.New","viewId":"application-manageyards-display-component---NewYard","bindingPath":{"path":"","propertyPath":"/SHIP_POINT","modelName":"NewYardModel"},"interaction":{"idSuffix":"inner"}},"clearTextFirst":true,"interactionType":"ENTER_TEXT"}]}
COMMAND: POST /session/be9a23df4294472c3cbe97a105488dd6/execute/async - {"script":"<script> [1562 bytes]","args":[{"selector":{"controlType":"sap.m.Input","viewName":"etm.portal.ui.manageyards.view.New","viewId":"application-manageyards-display-component---NewYard","bindingPath":{"path":"","propertyPath":"/DELIVERY_TYPE","modelName":"NewYardModel"},"interaction":{"idSuffix":"inner"}},"wdio_ui5_key":"etmportal.ui.manageyards.view.Newsap.m.Input{\"path\":\"\",\"propertyPath\":\"/DELIVERY_TYPE\",\"modelName\":\"NewYardModel\"}"}]}
RESULT: {"script":"<script> [1562 bytes]","args":[{"selector":{"controlType":"sap.m.Input","viewName":"etm.portal.ui.manageyards.view.New","viewId":"application-manageyards-display-component---NewYard","bindingPath":{"path":"","propertyPath":"/DELIVERY_TYPE","modelName":"NewYardModel"},"interaction":{"idSuffix":"inner"}},"wdio_ui5_key":"etmportal.ui.manageyards.view.Newsap.m.Input{\"path\":\"\",\"propertyPath\":\"/DELIVERY_TYPE\",\"modelName\":\"NewYardModel\"}"}]}
RESULT: undefined
COMMAND: POST /session/be9a23df4294472c3cbe97a105488dd6/execute/async - {"script":"<script> [776 bytes]","args":[{"enterText":"ZL01","selector":{"controlType":"sap.m.Input","viewName":"etm.portal.ui.manageyards.view.New","viewId":"application-manageyards-display-component---NewYard","bindingPath":{"path":"","propertyPath":"/DELIVERY_TYPE","modelName":"NewYardModel"},"interaction":{"idSuffix":"inner"}},"clearTextFirst":true,"interactionType":"ENTER_TEXT"}]}
RESULT: {"script":"<script> [776 bytes]","args":[{"enterText":"ZL01","selector":{"controlType":"sap.m.Input","viewName":"etm.portal.ui.manageyards.view.New","viewId":"application-manageyards-display-component---NewYard","bindingPath":{"path":"","propertyPath":"/DELIVERY_TYPE","modelName":"NewYardModel"},"interaction":{"idSuffix":"inner"}},"clearTextFirst":true,"interactionType":"ENTER_TEXT"}]}
COMMAND: POST /session/be9a23df4294472c3cbe97a105488dd6/execute/async - {"script":"<script> [1562 bytes]","args":[{"selector":{"controlType":"sap.m.Input","viewName":"etm.portal.ui.manageyards.view.New","viewId":"application-manageyards-display-component---NewYard","bindingPath":{"path":"","propertyPath":"/AUART","modelName":"NewYardModel"},"interaction":{"idSuffix":"inner"}},"wdio_ui5_key":"etmportal.ui.manageyards.view.Newsap.m.Input{\"path\":\"\",\"propertyPath\":\"/AUART\",\"modelName\":\"NewYardModel\"}"}]}
RESULT: {"script":"<script> [1562 bytes]","args":[{"selector":{"controlType":"sap.m.Input","viewName":"etm.portal.ui.manageyards.view.New","viewId":"application-manageyards-display-component---NewYard","bindingPath":{"path":"","propertyPath":"/AUART","modelName":"NewYardModel"},"interaction":{"idSuffix":"inner"}},"wdio_ui5_key":"etmportal.ui.manageyards.view.Newsap.m.Input{\"path\":\"\",\"propertyPath\":\"/AUART\",\"modelName\":\"NewYardModel\"}"}]}
RESULT: undefined
COMMAND: POST /session/be9a23df4294472c3cbe97a105488dd6/execute/async - {"script":"<script> [776 bytes]","args":[{"enterText":"TA","selector":{"controlType":"sap.m.Input","viewName":"etm.portal.ui.manageyards.view.New","viewId":"application-manageyards-display-component---NewYard","bindingPath":{"path":"","propertyPath":"/AUART","modelName":"NewYardModel"},"interaction":{"idSuffix":"inner"}},"clearTextFirst":true,"interactionType":"ENTER_TEXT"}]}
RESULT: {"script":"<script> [776 bytes]","args":[{"enterText":"TA","selector":{"controlType":"sap.m.Input","viewName":"etm.portal.ui.manageyards.view.New","viewId":"application-manageyards-display-component---NewYard","bindingPath":{"path":"","propertyPath":"/AUART","modelName":"NewYardModel"},"interaction":{"idSuffix":"inner"}},"clearTextFirst":true,"interactionType":"ENTER_TEXT"}]}
COMMAND: POST /session/be9a23df4294472c3cbe97a105488dd6/element - {"using":"xpath","value":"//button[@data-kt=\"newYardSaveButton\"]"}
RESULT: {"using":"xpath","value":"//button[@data-kt=\"newYardSaveButton\"]"}
COMMAND: POST /session/be9a23df4294472c3cbe97a105488dd6/element/f.6CFE3FC8FA908A587831E8FD5FC52521.d.B681576F0EFE1C9A16E9C31DD90F9081.e.5156/click - {}
RESULT: {}
COMMAND: GET /session/be9a23df4294472c3cbe97a105488dd6/screenshot - {}
RESULT: {}
COMMAND: POST /session/be9a23df4294472c3cbe97a105488dd6/element - {"using":"xpath","value":"//header[contains(@id, 'ObjectPageLayout-headerTitle')]/div[1]/div[2]/div[1]/span[1]"}
RESULT: {"using":"xpath","value":"//header[contains(@id, 'ObjectPageLayout-headerTitle')]/div[1]/div[2]/div[1]/span[1]"}
COMMAND: POST /session/be9a23df4294472c3cbe97a105488dd6/elements - {"using":"xpath","value":"//header[contains(@id, 'ObjectPageLayout-headerTitle')]/div[1]/div[2]/div[1]/span[1]"}
RESULT: {"using":"xpath","value":"//header[contains(@id, 'ObjectPageLayout-headerTitle')]/div[1]/div[2]/div[1]/span[1]"}
COMMAND: POST /session/be9a23df4294472c3cbe97a105488dd6/execute/sync - {"script":"<script> [56 bytes]","args":[{"element-6066-11e4-a52e-4f735466cecf":"f.6CFE3FC8FA908A587831E8FD5FC52521.d.B681576F0EFE1C9A16E9C31DD90F9081.e.5446","ELEMENT":"f.6CFE3FC8FA908A587831E8FD5FC52521.d.B681576F0EFE1C9A16E9C31DD90F9081.e.5446"}]}
RESULT: {"script":"<script> [56 bytes]","args":[{"element-6066-11e4-a52e-4f735466cecf":"f.6CFE3FC8FA908A587831E8FD5FC52521.d.B681576F0EFE1C9A16E9C31DD90F9081.e.5446","ELEMENT":"f.6CFE3FC8FA908A587831E8FD5FC52521.d.B681576F0EFE1C9A16E9C31DD90F9081.e.5446"}]}
COMMAND: GET /session/be9a23df4294472c3cbe97a105488dd6/screenshot - {}
RESULT: {}
COMMAND: POST /session/be9a23df4294472c3cbe97a105488dd6/element - {"using":"css selector","value":"#shell-header-logo"}
RESULT: {"using":"css selector","value":"#shell-header-logo"}
COMMAND: POST /session/be9a23df4294472c3cbe97a105488dd6/element/f.6CFE3FC8FA908A587831E8FD5FC52521.d.B681576F0EFE1C9A16E9C31DD90F9081.e.4707/click - {}
RESULT: {}
COMMAND: GET /session/be9a23df4294472c3cbe97a105488dd6/screenshot - {}
RESULT: {}
COMMAND: POST /session/be9a23df4294472c3cbe97a105488dd6/execute/sync - {"script":"<script> [299 bytes]","args":[["getModel","getResource"]]}
RESULT: {"script":"<script> [299 bytes]","args":[["getModel","getResource"]]}
]]></system-out>
    </testcase>
    <testcase classname="chrome.136_0_7103_93.windows.Create_master_data_for_mixed_billing_&amp;_do_billing_calculation_US151661" name="Should create a new partner" time="131.152">
      <system-out><![CDATA[
COMMAND: GET /session/be9a23df4294472c3cbe97a105488dd6/screenshot - {}
COMMAND: POST /session/be9a23df4294472c3cbe97a105488dd6/window/fullscreen - {}
RESULT: {}
COMMAND: POST /session/be9a23df4294472c3cbe97a105488dd6/execute/async - {"script":"<script> [1562 bytes]","args":[{"selector":{"controlType":"sap.m.GenericTile","properties":{"header":"Manage Partners"}},"wdio_ui5_key":"sapm.GenericTile{\"header\":\"Manage Partners\"}"}]}
RESULT: {}
RESULT: {"script":"<script> [1562 bytes]","args":[{"selector":{"controlType":"sap.m.GenericTile","properties":{"header":"Manage Partners"}},"wdio_ui5_key":"sapm.GenericTile{\"header\":\"Manage Partners\"}"}]}
RESULT: undefined
COMMAND: POST /session/be9a23df4294472c3cbe97a105488dd6/element - {"using":"xpath","value":"//*[@id=\"__tile38\"]"}
RESULT: {"using":"xpath","value":"//*[@id=\"__tile38\"]"}
COMMAND: POST /session/be9a23df4294472c3cbe97a105488dd6/element/f.6CFE3FC8FA908A587831E8FD5FC52521.d.B681576F0EFE1C9A16E9C31DD90F9081.e.4592/click - {}
RESULT: {}
COMMAND: GET /session/be9a23df4294472c3cbe97a105488dd6/screenshot - {}
RESULT: {}
COMMAND: POST /session/be9a23df4294472c3cbe97a105488dd6/elements - {"using":"xpath","value":"//span[text()='Error']"}
RESULT: {"using":"xpath","value":"//span[text()='Error']"}
COMMAND: POST /session/be9a23df4294472c3cbe97a105488dd6/element - {"using":"xpath","value":"//button[@data-kt=\"addButton\"]"}
RESULT: {"using":"xpath","value":"//button[@data-kt=\"addButton\"]"}
COMMAND: POST /session/be9a23df4294472c3cbe97a105488dd6/elements - {"using":"xpath","value":"//button[@data-kt=\"addButton\"]"}
RESULT: {"using":"xpath","value":"//button[@data-kt=\"addButton\"]"}
COMMAND: POST /session/be9a23df4294472c3cbe97a105488dd6/execute/sync - {"script":"<script> [8489 bytes]","args":[{"element-6066-11e4-a52e-4f735466cecf":"f.6CFE3FC8FA908A587831E8FD5FC52521.d.B681576F0EFE1C9A16E9C31DD90F9081.e.5496","ELEMENT":"f.6CFE3FC8FA908A587831E8FD5FC52521.d.B681576F0EFE1C9A16E9C31DD90F9081.e.5496"}]}
RESULT: {"script":"<script> [8489 bytes]","args":[{"element-6066-11e4-a52e-4f735466cecf":"f.6CFE3FC8FA908A587831E8FD5FC52521.d.B681576F0EFE1C9A16E9C31DD90F9081.e.5496","ELEMENT":"f.6CFE3FC8FA908A587831E8FD5FC52521.d.B681576F0EFE1C9A16E9C31DD90F9081.e.5496"}]}
COMMAND: GET /session/be9a23df4294472c3cbe97a105488dd6/element/f.6CFE3FC8FA908A587831E8FD5FC52521.d.B681576F0EFE1C9A16E9C31DD90F9081.e.5496/enabled - {}
COMMAND: GET /session/be9a23df4294472c3cbe97a105488dd6/screenshot - {}
RESULT: {}
COMMAND: POST /session/be9a23df4294472c3cbe97a105488dd6/execute/sync - {"script":"<script> [8489 bytes]","args":[{"element-6066-11e4-a52e-4f735466cecf":"f.6CFE3FC8FA908A587831E8FD5FC52521.d.B681576F0EFE1C9A16E9C31DD90F9081.e.5496","ELEMENT":"f.6CFE3FC8FA908A587831E8FD5FC52521.d.B681576F0EFE1C9A16E9C31DD90F9081.e.5496"}]}
COMMAND: GET /session/be9a23df4294472c3cbe97a105488dd6/screenshot - {}
RESULT: {}
RESULT: {"script":"<script> [8489 bytes]","args":[{"element-6066-11e4-a52e-4f735466cecf":"f.6CFE3FC8FA908A587831E8FD5FC52521.d.B681576F0EFE1C9A16E9C31DD90F9081.e.5496","ELEMENT":"f.6CFE3FC8FA908A587831E8FD5FC52521.d.B681576F0EFE1C9A16E9C31DD90F9081.e.5496"}]}
COMMAND: POST /session/be9a23df4294472c3cbe97a105488dd6/execute/sync - {"script":"<script> [5351 bytes]","args":[{"element-6066-11e4-a52e-4f735466cecf":"f.6CFE3FC8FA908A587831E8FD5FC52521.d.B681576F0EFE1C9A16E9C31DD90F9081.e.5496","ELEMENT":"f.6CFE3FC8FA908A587831E8FD5FC52521.d.B681576F0EFE1C9A16E9C31DD90F9081.e.5496"}]}
COMMAND: GET /session/be9a23df4294472c3cbe97a105488dd6/screenshot - {}
RESULT: {}
RESULT: {"script":"<script> [5351 bytes]","args":[{"element-6066-11e4-a52e-4f735466cecf":"f.6CFE3FC8FA908A587831E8FD5FC52521.d.B681576F0EFE1C9A16E9C31DD90F9081.e.5496","ELEMENT":"f.6CFE3FC8FA908A587831E8FD5FC52521.d.B681576F0EFE1C9A16E9C31DD90F9081.e.5496"}]}
COMMAND: POST /session/be9a23df4294472c3cbe97a105488dd6/element/f.6CFE3FC8FA908A587831E8FD5FC52521.d.B681576F0EFE1C9A16E9C31DD90F9081.e.5496/click - {}
COMMAND: GET /session/be9a23df4294472c3cbe97a105488dd6/screenshot - {}
RESULT: {}
RESULT: {}
COMMAND: GET /session/be9a23df4294472c3cbe97a105488dd6/screenshot - {}
COMMAND: POST /session/be9a23df4294472c3cbe97a105488dd6/execute/async - {"script":"<script> [1562 bytes]","args":[{"selector":{"id":"application-managepartners-display-component---NewPartner--addressDetailDetailsName1","interaction":{"idSuffix":"inner"}},"wdio_ui5_key":"applicationmanagepartners-display-component---NewPartner--addressDetailDetailsName1"}]}
RESULT: {}
RESULT: {}
RESULT: {"script":"<script> [1562 bytes]","args":[{"selector":{"id":"application-managepartners-display-component---NewPartner--addressDetailDetailsName1","interaction":{"idSuffix":"inner"}},"wdio_ui5_key":"applicationmanagepartners-display-component---NewPartner--addressDetailDetailsName1"}]}
RESULT: undefined
COMMAND: POST /session/be9a23df4294472c3cbe97a105488dd6/execute/async - {"script":"<script> [776 bytes]","args":[{"enterText":"Intercompany Partner WDIO","selector":{"id":"application-managepartners-display-component---NewPartner--addressDetailDetailsName1","interaction":{"idSuffix":"inner"}},"clearTextFirst":true,"interactionType":"ENTER_TEXT"}]}
RESULT: {"script":"<script> [776 bytes]","args":[{"enterText":"Intercompany Partner WDIO","selector":{"id":"application-managepartners-display-component---NewPartner--addressDetailDetailsName1","interaction":{"idSuffix":"inner"}},"clearTextFirst":true,"interactionType":"ENTER_TEXT"}]}
COMMAND: POST /session/be9a23df4294472c3cbe97a105488dd6/execute/async - {"script":"<script> [1562 bytes]","args":[{"selector":{"id":"application-managepartners-display-component---NewPartner--addressDetailDetailsLanguage-arrow"},"wdio_ui5_key":"applicationmanagepartners-display-component---NewPartner--addressDetailDetailsLanguage-arrow"}]}
RESULT: {"script":"<script> [1562 bytes]","args":[{"selector":{"id":"application-managepartners-display-component---NewPartner--addressDetailDetailsLanguage-arrow"},"wdio_ui5_key":"applicationmanagepartners-display-component---NewPartner--addressDetailDetailsLanguage-arrow"}]}
RESULT: undefined
COMMAND: POST /session/be9a23df4294472c3cbe97a105488dd6/element - {"using":"xpath","value":"//*[@id=\"application-managepartners-display-component---NewPartner--addressDetailDetailsLanguage-arrow\"]"}
RESULT: {"using":"xpath","value":"//*[@id=\"application-managepartners-display-component---NewPartner--addressDetailDetailsLanguage-arrow\"]"}
COMMAND: POST /session/be9a23df4294472c3cbe97a105488dd6/element/f.6CFE3FC8FA908A587831E8FD5FC52521.d.B681576F0EFE1C9A16E9C31DD90F9081.e.5946/click - {}
RESULT: {}
COMMAND: POST /session/be9a23df4294472c3cbe97a105488dd6/element - {"using":"xpath","value":"//span[contains(text(), \"English\")]"}
COMMAND: GET /session/be9a23df4294472c3cbe97a105488dd6/screenshot - {}
RESULT: {"using":"xpath","value":"//span[contains(text(), \"English\")]"}
COMMAND: POST /session/be9a23df4294472c3cbe97a105488dd6/element/f.6CFE3FC8FA908A587831E8FD5FC52521.d.B681576F0EFE1C9A16E9C31DD90F9081.e.5947/click - {}
RESULT: {}
RESULT: {}
COMMAND: GET /session/be9a23df4294472c3cbe97a105488dd6/screenshot - {}
RESULT: {}
COMMAND: POST /session/be9a23df4294472c3cbe97a105488dd6/execute/async - {"script":"<script> [1562 bytes]","args":[{"selector":{"id":"application-managepartners-display-component---NewPartner--addressDetailDetailsCity1","interaction":{"idSuffix":"inner"}},"wdio_ui5_key":"applicationmanagepartners-display-component---NewPartner--addressDetailDetailsCity1"}]}
RESULT: {"script":"<script> [1562 bytes]","args":[{"selector":{"id":"application-managepartners-display-component---NewPartner--addressDetailDetailsCity1","interaction":{"idSuffix":"inner"}},"wdio_ui5_key":"applicationmanagepartners-display-component---NewPartner--addressDetailDetailsCity1"}]}
RESULT: undefined
COMMAND: POST /session/be9a23df4294472c3cbe97a105488dd6/execute/async - {"script":"<script> [776 bytes]","args":[{"enterText":"Rosario","selector":{"id":"application-managepartners-display-component---NewPartner--addressDetailDetailsCity1","interaction":{"idSuffix":"inner"}},"clearTextFirst":true,"interactionType":"ENTER_TEXT"}]}
RESULT: {"script":"<script> [776 bytes]","args":[{"enterText":"Rosario","selector":{"id":"application-managepartners-display-component---NewPartner--addressDetailDetailsCity1","interaction":{"idSuffix":"inner"}},"clearTextFirst":true,"interactionType":"ENTER_TEXT"}]}
COMMAND: POST /session/be9a23df4294472c3cbe97a105488dd6/execute/async - {"script":"<script> [1562 bytes]","args":[{"selector":{"id":"application-managepartners-display-component---NewPartner--addressDetailDetailsCountry-arrow"},"wdio_ui5_key":"applicationmanagepartners-display-component---NewPartner--addressDetailDetailsCountry-arrow"}]}
RESULT: {"script":"<script> [1562 bytes]","args":[{"selector":{"id":"application-managepartners-display-component---NewPartner--addressDetailDetailsCountry-arrow"},"wdio_ui5_key":"applicationmanagepartners-display-component---NewPartner--addressDetailDetailsCountry-arrow"}]}
RESULT: undefined
COMMAND: POST /session/be9a23df4294472c3cbe97a105488dd6/element - {"using":"xpath","value":"//*[@id=\"application-managepartners-display-component---NewPartner--addressDetailDetailsCountry-arrow\"]"}
RESULT: {"using":"xpath","value":"//*[@id=\"application-managepartners-display-component---NewPartner--addressDetailDetailsCountry-arrow\"]"}
COMMAND: POST /session/be9a23df4294472c3cbe97a105488dd6/element/f.6CFE3FC8FA908A587831E8FD5FC52521.d.B681576F0EFE1C9A16E9C31DD90F9081.e.5933/click - {}
RESULT: {}
COMMAND: POST /session/be9a23df4294472c3cbe97a105488dd6/element - {"using":"xpath","value":"//span[contains(text(), \"Argentina\")]"}
COMMAND: GET /session/be9a23df4294472c3cbe97a105488dd6/screenshot - {}
RESULT: {"using":"xpath","value":"//span[contains(text(), \"Argentina\")]"}
COMMAND: POST /session/be9a23df4294472c3cbe97a105488dd6/element/f.6CFE3FC8FA908A587831E8FD5FC52521.d.B681576F0EFE1C9A16E9C31DD90F9081.e.5949/click - {}
RESULT: {}
RESULT: {}
COMMAND: GET /session/be9a23df4294472c3cbe97a105488dd6/screenshot - {}
RESULT: {}
COMMAND: POST /session/be9a23df4294472c3cbe97a105488dd6/element - {"using":"xpath","value":"//bdi[contains(text(), \"Commercial\")]"}
RESULT: {"using":"xpath","value":"//bdi[contains(text(), \"Commercial\")]"}
COMMAND: POST /session/be9a23df4294472c3cbe97a105488dd6/element/f.6CFE3FC8FA908A587831E8FD5FC52521.d.B681576F0EFE1C9A16E9C31DD90F9081.e.5950/click - {}
RESULT: {}
COMMAND: GET /session/be9a23df4294472c3cbe97a105488dd6/screenshot - {}
RESULT: {}
COMMAND: POST /session/be9a23df4294472c3cbe97a105488dd6/execute/async - {"script":"<script> [1562 bytes]","args":[{"selector":{"id":"application-managepartners-display-component---NewPartner--partnerDetailInternal-arrow"},"wdio_ui5_key":"applicationmanagepartners-display-component---NewPartner--partnerDetailInternal-arrow"}]}
RESULT: {"script":"<script> [1562 bytes]","args":[{"selector":{"id":"application-managepartners-display-component---NewPartner--partnerDetailInternal-arrow"},"wdio_ui5_key":"applicationmanagepartners-display-component---NewPartner--partnerDetailInternal-arrow"}]}
RESULT: undefined
COMMAND: POST /session/be9a23df4294472c3cbe97a105488dd6/element - {"using":"xpath","value":"//*[@id=\"application-managepartners-display-component---NewPartner--partnerDetailInternal-arrow\"]"}
RESULT: {"using":"xpath","value":"//*[@id=\"application-managepartners-display-component---NewPartner--partnerDetailInternal-arrow\"]"}
COMMAND: POST /session/be9a23df4294472c3cbe97a105488dd6/element/f.6CFE3FC8FA908A587831E8FD5FC52521.d.B681576F0EFE1C9A16E9C31DD90F9081.e.5956/click - {}
RESULT: {}
COMMAND: POST /session/be9a23df4294472c3cbe97a105488dd6/element - {"using":"xpath","value":"//span[contains(text(), \"Affiliated company\")]"}
COMMAND: GET /session/be9a23df4294472c3cbe97a105488dd6/screenshot - {}
RESULT: {"using":"xpath","value":"//span[contains(text(), \"Affiliated company\")]"}
COMMAND: POST /session/be9a23df4294472c3cbe97a105488dd6/element/f.6CFE3FC8FA908A587831E8FD5FC52521.d.B681576F0EFE1C9A16E9C31DD90F9081.e.5957/click - {}
RESULT: {}
RESULT: {}
COMMAND: POST /session/be9a23df4294472c3cbe97a105488dd6/execute/async - {"script":"<script> [1562 bytes]","args":[{"selector":{"id":"application-managepartners-display-component---NewPartner--partnerDetailsCurrency-arrow"},"wdio_ui5_key":"applicationmanagepartners-display-component---NewPartner--partnerDetailsCurrency-arrow"}]}
COMMAND: GET /session/be9a23df4294472c3cbe97a105488dd6/screenshot - {}
RESULT: {"script":"<script> [1562 bytes]","args":[{"selector":{"id":"application-managepartners-display-component---NewPartner--partnerDetailsCurrency-arrow"},"wdio_ui5_key":"applicationmanagepartners-display-component---NewPartner--partnerDetailsCurrency-arrow"}]}
RESULT: undefined
COMMAND: POST /session/be9a23df4294472c3cbe97a105488dd6/element - {"using":"xpath","value":"//*[@id=\"application-managepartners-display-component---NewPartner--partnerDetailsCurrency-arrow\"]"}
RESULT: {}
RESULT: {"using":"xpath","value":"//*[@id=\"application-managepartners-display-component---NewPartner--partnerDetailsCurrency-arrow\"]"}
COMMAND: POST /session/be9a23df4294472c3cbe97a105488dd6/element/f.6CFE3FC8FA908A587831E8FD5FC52521.d.B681576F0EFE1C9A16E9C31DD90F9081.e.5964/click - {}
RESULT: {}
COMMAND: POST /session/be9a23df4294472c3cbe97a105488dd6/element - {"using":"xpath","value":"//span[contains(text(), \"Euro\")]"}
COMMAND: GET /session/be9a23df4294472c3cbe97a105488dd6/screenshot - {}
RESULT: {"using":"xpath","value":"//span[contains(text(), \"Euro\")]"}
COMMAND: POST /session/be9a23df4294472c3cbe97a105488dd6/element/f.6CFE3FC8FA908A587831E8FD5FC52521.d.B681576F0EFE1C9A16E9C31DD90F9081.e.5965/click - {}
RESULT: {}
RESULT: {}
COMMAND: POST /session/be9a23df4294472c3cbe97a105488dd6/execute/async - {"script":"<script> [1562 bytes]","args":[{"selector":{"id":"application-managepartners-display-component---NewPartner--addressEditDetailsCostObjectCstType-arrow"},"wdio_ui5_key":"applicationmanagepartners-display-component---NewPartner--addressEditDetailsCostObjectCstType-arrow"}]}
COMMAND: GET /session/be9a23df4294472c3cbe97a105488dd6/screenshot - {}
RESULT: {"script":"<script> [1562 bytes]","args":[{"selector":{"id":"application-managepartners-display-component---NewPartner--addressEditDetailsCostObjectCstType-arrow"},"wdio_ui5_key":"applicationmanagepartners-display-component---NewPartner--addressEditDetailsCostObjectCstType-arrow"}]}
RESULT: undefined
COMMAND: POST /session/be9a23df4294472c3cbe97a105488dd6/element - {"using":"xpath","value":"//*[@id=\"application-managepartners-display-component---NewPartner--addressEditDetailsCostObjectCstType-arrow\"]"}
RESULT: {}
RESULT: {"using":"xpath","value":"//*[@id=\"application-managepartners-display-component---NewPartner--addressEditDetailsCostObjectCstType-arrow\"]"}
COMMAND: POST /session/be9a23df4294472c3cbe97a105488dd6/element/f.6CFE3FC8FA908A587831E8FD5FC52521.d.B681576F0EFE1C9A16E9C31DD90F9081.e.5966/click - {}
RESULT: {}
COMMAND: POST /session/be9a23df4294472c3cbe97a105488dd6/element - {"using":"xpath","value":"//span[contains(text(), \"Cost Center\")]"}
COMMAND: GET /session/be9a23df4294472c3cbe97a105488dd6/screenshot - {}
RESULT: {"using":"xpath","value":"//span[contains(text(), \"Cost Center\")]"}
COMMAND: POST /session/be9a23df4294472c3cbe97a105488dd6/element/f.6CFE3FC8FA908A587831E8FD5FC52521.d.B681576F0EFE1C9A16E9C31DD90F9081.e.5967/click - {}
RESULT: {}
RESULT: {}
COMMAND: GET /session/be9a23df4294472c3cbe97a105488dd6/screenshot - {}
RESULT: {}
COMMAND: POST /session/be9a23df4294472c3cbe97a105488dd6/element - {"using":"xpath","value":"//span[@id=\"application-managepartners-display-component---NewPartner--addressNewCostObjectCstID-vhi\"]"}
RESULT: {"using":"xpath","value":"//span[@id=\"application-managepartners-display-component---NewPartner--addressNewCostObjectCstID-vhi\"]"}
COMMAND: POST /session/be9a23df4294472c3cbe97a105488dd6/execute/sync - {"script":"<script> [8489 bytes]","args":[{"element-6066-11e4-a52e-4f735466cecf":"f.6CFE3FC8FA908A587831E8FD5FC52521.d.B681576F0EFE1C9A16E9C31DD90F9081.e.5971","ELEMENT":"f.6CFE3FC8FA908A587831E8FD5FC52521.d.B681576F0EFE1C9A16E9C31DD90F9081.e.5971"}]}
RESULT: {"script":"<script> [8489 bytes]","args":[{"element-6066-11e4-a52e-4f735466cecf":"f.6CFE3FC8FA908A587831E8FD5FC52521.d.B681576F0EFE1C9A16E9C31DD90F9081.e.5971","ELEMENT":"f.6CFE3FC8FA908A587831E8FD5FC52521.d.B681576F0EFE1C9A16E9C31DD90F9081.e.5971"}]}
COMMAND: POST /session/be9a23df4294472c3cbe97a105488dd6/execute/async - {"script":"<script> [1562 bytes]","args":[{"selector":{"id":"application-managepartners-display-component---NewPartner--addressNewCostObjectCstID-vhi"},"wdio_ui5_key":"applicationmanagepartners-display-component---NewPartner--addressNewCostObjectCstID-vhi"}]}
COMMAND: GET /session/be9a23df4294472c3cbe97a105488dd6/screenshot - {}
RESULT: {"script":"<script> [1562 bytes]","args":[{"selector":{"id":"application-managepartners-display-component---NewPartner--addressNewCostObjectCstID-vhi"},"wdio_ui5_key":"applicationmanagepartners-display-component---NewPartner--addressNewCostObjectCstID-vhi"}]}
RESULT: undefined
COMMAND: POST /session/be9a23df4294472c3cbe97a105488dd6/element - {"using":"xpath","value":"//*[@id=\"application-managepartners-display-component---NewPartner--addressNewCostObjectCstID-vhi\"]"}
RESULT: {}
RESULT: {"using":"xpath","value":"//*[@id=\"application-managepartners-display-component---NewPartner--addressNewCostObjectCstID-vhi\"]"}
COMMAND: POST /session/be9a23df4294472c3cbe97a105488dd6/element/f.6CFE3FC8FA908A587831E8FD5FC52521.d.B681576F0EFE1C9A16E9C31DD90F9081.e.5971/click - {}
RESULT: {}
COMMAND: GET /session/be9a23df4294472c3cbe97a105488dd6/screenshot - {}
RESULT: {}
RESULT: undefined
COMMAND: POST /session/be9a23df4294472c3cbe97a105488dd6/execute/async - {"script":"<script> [776 bytes]","args":[{"enterText":"10001013","selector":{"controlType":"sap.m.SearchField","properties":{"placeholder":"Search"},"searchOpenDialogs":true,"interaction":{"idSuffix":"I"}},"clearTextFirst":true,"interactionType":"ENTER_TEXT"}]}
RESULT: {"script":"<script> [776 bytes]","args":[{"enterText":"10001013","selector":{"controlType":"sap.m.SearchField","properties":{"placeholder":"Search"},"searchOpenDialogs":true,"interaction":{"idSuffix":"I"}},"clearTextFirst":true,"interactionType":"ENTER_TEXT"}]}
COMMAND: POST /session/be9a23df4294472c3cbe97a105488dd6/actions - {"actions":[{"id":"action19","type":"key","parameters":{},"actions":[{"type":"keyDown","value":""},{"type":"pause","duration":10},{"type":"keyUp","value":""}]}]}
RESULT: {"actions":[{"id":"action19","type":"key","parameters":{},"actions":[{"type":"keyDown","value":""},{"type":"pause","duration":10},{"type":"keyUp","value":""}]}]}
COMMAND: GET /session/be9a23df4294472c3cbe97a105488dd6/screenshot - {}
RESULT: {}
COMMAND: POST /session/be9a23df4294472c3cbe97a105488dd6/element - {"using":"xpath","value":"//span[contains(text(), \"General Management\")]"}
RESULT: {"using":"xpath","value":"//span[contains(text(), \"General Management\")]"}
COMMAND: POST /session/be9a23df4294472c3cbe97a105488dd6/element/f.6CFE3FC8FA908A587831E8FD5FC52521.d.B681576F0EFE1C9A16E9C31DD90F9081.e.6009/click - {}
RESULT: {}
COMMAND: GET /session/be9a23df4294472c3cbe97a105488dd6/screenshot - {}
RESULT: {}
COMMAND: POST /session/be9a23df4294472c3cbe97a105488dd6/element - {"using":"xpath","value":"//bdi[contains(text(), \"OK\")]"}
RESULT: {"using":"xpath","value":"//bdi[contains(text(), \"OK\")]"}
COMMAND: POST /session/be9a23df4294472c3cbe97a105488dd6/element/f.6CFE3FC8FA908A587831E8FD5FC52521.d.B681576F0EFE1C9A16E9C31DD90F9081.e.6010/click - {}
RESULT: {}
COMMAND: GET /session/be9a23df4294472c3cbe97a105488dd6/screenshot - {}
RESULT: {}
COMMAND: POST /session/be9a23df4294472c3cbe97a105488dd6/element - {"using":"xpath","value":"//input[@id=\"application-managepartners-display-component---NewPartner--companyCodeComboBox-inner\"]"}
RESULT: {"using":"xpath","value":"//input[@id=\"application-managepartners-display-component---NewPartner--companyCodeComboBox-inner\"]"}
COMMAND: POST /session/be9a23df4294472c3cbe97a105488dd6/element/f.6CFE3FC8FA908A587831E8FD5FC52521.d.B681576F0EFE1C9A16E9C31DD90F9081.e.5802/clear - {}
RESULT: {}
COMMAND: POST /session/be9a23df4294472c3cbe97a105488dd6/element/f.6CFE3FC8FA908A587831E8FD5FC52521.d.B681576F0EFE1C9A16E9C31DD90F9081.e.5802/value - {"text":"C002"}
COMMAND: GET /session/be9a23df4294472c3cbe97a105488dd6/screenshot - {}
RESULT: {"text":"C002"}
COMMAND: GET /session/be9a23df4294472c3cbe97a105488dd6/screenshot - {}
RESULT: {}
RESULT: {}
COMMAND: POST /session/be9a23df4294472c3cbe97a105488dd6/element - {"using":"xpath","value":"//li[.//span[text()= \"C002\"]]"}
RESULT: {"using":"xpath","value":"//li[.//span[text()= \"C002\"]]"}
COMMAND: POST /session/be9a23df4294472c3cbe97a105488dd6/element/f.6CFE3FC8FA908A587831E8FD5FC52521.d.B681576F0EFE1C9A16E9C31DD90F9081.e.6016/click - {}
RESULT: {}
COMMAND: GET /session/be9a23df4294472c3cbe97a105488dd6/screenshot - {}
RESULT: {}
COMMAND: POST /session/be9a23df4294472c3cbe97a105488dd6/execute/async - {"script":"<script> [1562 bytes]","args":[{"selector":{"id":"application-managepartners-display-component---NewPartner--btnAddTableRow-img"},"wdio_ui5_key":"applicationmanagepartners-display-component---NewPartner--btnAddTableRow-img"}]}
RESULT: {"script":"<script> [1562 bytes]","args":[{"selector":{"id":"application-managepartners-display-component---NewPartner--btnAddTableRow-img"},"wdio_ui5_key":"applicationmanagepartners-display-component---NewPartner--btnAddTableRow-img"}]}
RESULT: undefined
COMMAND: POST /session/be9a23df4294472c3cbe97a105488dd6/element - {"using":"xpath","value":"//*[@id=\"application-managepartners-display-component---NewPartner--btnAddTableRow-img\"]"}
RESULT: {"using":"xpath","value":"//*[@id=\"application-managepartners-display-component---NewPartner--btnAddTableRow-img\"]"}
COMMAND: POST /session/be9a23df4294472c3cbe97a105488dd6/element/f.6CFE3FC8FA908A587831E8FD5FC52521.d.B681576F0EFE1C9A16E9C31DD90F9081.e.6017/click - {}
RESULT: {}
COMMAND: GET /session/be9a23df4294472c3cbe97a105488dd6/screenshot - {}
RESULT: {}
COMMAND: POST /session/be9a23df4294472c3cbe97a105488dd6/element - {"using":"xpath","value":"//input[@id=\"application-managepartners-display-component---NewPartner--assignmentYard-application-managepartners-display-component---NewPartner--assignmentsTable-0-inner\"]"}
RESULT: {"using":"xpath","value":"//input[@id=\"application-managepartners-display-component---NewPartner--assignmentYard-application-managepartners-display-component---NewPartner--assignmentsTable-0-inner\"]"}
COMMAND: POST /session/be9a23df4294472c3cbe97a105488dd6/element/f.6CFE3FC8FA908A587831E8FD5FC52521.d.B681576F0EFE1C9A16E9C31DD90F9081.e.6020/clear - {}
RESULT: {}
COMMAND: POST /session/be9a23df4294472c3cbe97a105488dd6/element/f.6CFE3FC8FA908A587831E8FD5FC52521.d.B681576F0EFE1C9A16E9C31DD90F9081.e.6020/value - {"text":"556"}
COMMAND: GET /session/be9a23df4294472c3cbe97a105488dd6/screenshot - {}
RESULT: {"text":"556"}
COMMAND: GET /session/be9a23df4294472c3cbe97a105488dd6/screenshot - {}
RESULT: {}
RESULT: {}
COMMAND: POST /session/be9a23df4294472c3cbe97a105488dd6/element - {"using":"xpath","value":"//li[.//span[text()='556']]"}
RESULT: {"using":"xpath","value":"//li[.//span[text()='556']]"}
COMMAND: POST /session/be9a23df4294472c3cbe97a105488dd6/element/f.6CFE3FC8FA908A587831E8FD5FC52521.d.B681576F0EFE1C9A16E9C31DD90F9081.e.6029/click - {}
RESULT: {}
COMMAND: GET /session/be9a23df4294472c3cbe97a105488dd6/screenshot - {}
RESULT: {}
COMMAND: POST /session/be9a23df4294472c3cbe97a105488dd6/actions - {"actions":[{"id":"action20","type":"key","parameters":{},"actions":[{"type":"keyDown","value":""},{"type":"pause","duration":10},{"type":"keyUp","value":""}]}]}
RESULT: {"actions":[{"id":"action20","type":"key","parameters":{},"actions":[{"type":"keyDown","value":""},{"type":"pause","duration":10},{"type":"keyUp","value":""}]}]}
COMMAND: POST /session/be9a23df4294472c3cbe97a105488dd6/execute/async - {"script":"<script> [1562 bytes]","args":[{"selector":{"id":"application-managepartners-display-component---NewPartner--externalCustomerComboBox-application-managepartners-display-component---NewPartner--assignmentsTable-0-vhi"},"wdio_ui5_key":"applicationmanagepartners-display-component---NewPartner--externalCustomerComboBox-application-managepartners-display-component---NewPartner--assignmentsTable-0-vhi"}]}
COMMAND: GET /session/be9a23df4294472c3cbe97a105488dd6/screenshot - {}
RESULT: {"script":"<script> [1562 bytes]","args":[{"selector":{"id":"application-managepartners-display-component---NewPartner--externalCustomerComboBox-application-managepartners-display-component---NewPartner--assignmentsTable-0-vhi"},"wdio_ui5_key":"applicationmanagepartners-display-component---NewPartner--externalCustomerComboBox-application-managepartners-display-component---NewPartner--assignmentsTable-0-vhi"}]}
RESULT: undefined
COMMAND: POST /session/be9a23df4294472c3cbe97a105488dd6/element - {"using":"xpath","value":"//*[@id=\"application-managepartners-display-component---NewPartner--externalCustomerComboBox-application-managepartners-display-component---NewPartner--assignmentsTable-0-vhi\"]"}
RESULT: {}
RESULT: {"using":"xpath","value":"//*[@id=\"application-managepartners-display-component---NewPartner--externalCustomerComboBox-application-managepartners-display-component---NewPartner--assignmentsTable-0-vhi\"]"}
COMMAND: POST /session/be9a23df4294472c3cbe97a105488dd6/element/f.6CFE3FC8FA908A587831E8FD5FC52521.d.B681576F0EFE1C9A16E9C31DD90F9081.e.6033/click - {}
RESULT: {}
RESULT: undefined
COMMAND: POST /session/be9a23df4294472c3cbe97a105488dd6/execute/async - {"script":"<script> [776 bytes]","args":[{"enterText":"300003","selector":{"controlType":"sap.m.SearchField","properties":{"placeholder":"Search"},"searchOpenDialogs":true,"interaction":{"idSuffix":"I"}},"clearTextFirst":true,"interactionType":"ENTER_TEXT"}]}
COMMAND: GET /session/be9a23df4294472c3cbe97a105488dd6/screenshot - {}
RESULT: {"script":"<script> [776 bytes]","args":[{"enterText":"300003","selector":{"controlType":"sap.m.SearchField","properties":{"placeholder":"Search"},"searchOpenDialogs":true,"interaction":{"idSuffix":"I"}},"clearTextFirst":true,"interactionType":"ENTER_TEXT"}]}
COMMAND: POST /session/be9a23df4294472c3cbe97a105488dd6/actions - {"actions":[{"id":"action21","type":"key","parameters":{},"actions":[{"type":"keyDown","value":""},{"type":"pause","duration":10},{"type":"keyUp","value":""}]}]}
RESULT: {}
RESULT: {"actions":[{"id":"action21","type":"key","parameters":{},"actions":[{"type":"keyDown","value":""},{"type":"pause","duration":10},{"type":"keyUp","value":""}]}]}
COMMAND: GET /session/be9a23df4294472c3cbe97a105488dd6/screenshot - {}
RESULT: {}
COMMAND: POST /session/be9a23df4294472c3cbe97a105488dd6/element - {"using":"xpath","value":"//span[contains(text(), \"300003\")]"}
RESULT: {"using":"xpath","value":"//span[contains(text(), \"300003\")]"}
COMMAND: POST /session/be9a23df4294472c3cbe97a105488dd6/element/f.6CFE3FC8FA908A587831E8FD5FC52521.d.B681576F0EFE1C9A16E9C31DD90F9081.e.6052/click - {}
RESULT: {}
COMMAND: GET /session/be9a23df4294472c3cbe97a105488dd6/screenshot - {}
RESULT: {}
COMMAND: POST /session/be9a23df4294472c3cbe97a105488dd6/element - {"using":"xpath","value":"//bdi[contains(text(), \"OK\")]"}
RESULT: {"using":"xpath","value":"//bdi[contains(text(), \"OK\")]"}
COMMAND: POST /session/be9a23df4294472c3cbe97a105488dd6/element/f.6CFE3FC8FA908A587831E8FD5FC52521.d.B681576F0EFE1C9A16E9C31DD90F9081.e.6054/click - {}
RESULT: {}
COMMAND: GET /session/be9a23df4294472c3cbe97a105488dd6/screenshot - {}
RESULT: {}
COMMAND: POST /session/be9a23df4294472c3cbe97a105488dd6/execute/async - {"script":"<script> [1562 bytes]","args":[{"selector":{"id":"application-managepartners-display-component---NewPartner--intercompVendorComboBox-application-managepartners-display-component---NewPartner--assignmentsTable-0-vhi"},"wdio_ui5_key":"applicationmanagepartners-display-component---NewPartner--intercompVendorComboBox-application-managepartners-display-component---NewPartner--assignmentsTable-0-vhi"}]}
RESULT: {"script":"<script> [1562 bytes]","args":[{"selector":{"id":"application-managepartners-display-component---NewPartner--intercompVendorComboBox-application-managepartners-display-component---NewPartner--assignmentsTable-0-vhi"},"wdio_ui5_key":"applicationmanagepartners-display-component---NewPartner--intercompVendorComboBox-application-managepartners-display-component---NewPartner--assignmentsTable-0-vhi"}]}
RESULT: undefined
COMMAND: POST /session/be9a23df4294472c3cbe97a105488dd6/element - {"using":"xpath","value":"//*[@id=\"application-managepartners-display-component---NewPartner--intercompVendorComboBox-application-managepartners-display-component---NewPartner--assignmentsTable-0-vhi\"]"}
RESULT: {"using":"xpath","value":"//*[@id=\"application-managepartners-display-component---NewPartner--intercompVendorComboBox-application-managepartners-display-component---NewPartner--assignmentsTable-0-vhi\"]"}
COMMAND: POST /session/be9a23df4294472c3cbe97a105488dd6/element/f.6CFE3FC8FA908A587831E8FD5FC52521.d.B681576F0EFE1C9A16E9C31DD90F9081.e.6057/click - {}
RESULT: {}
RESULT: undefined
COMMAND: POST /session/be9a23df4294472c3cbe97a105488dd6/execute/async - {"script":"<script> [776 bytes]","args":[{"enterText":"100005","selector":{"controlType":"sap.m.SearchField","properties":{"placeholder":"Search"},"searchOpenDialogs":true,"interaction":{"idSuffix":"I"}},"clearTextFirst":true,"interactionType":"ENTER_TEXT"}]}
COMMAND: GET /session/be9a23df4294472c3cbe97a105488dd6/screenshot - {}
RESULT: {"script":"<script> [776 bytes]","args":[{"enterText":"100005","selector":{"controlType":"sap.m.SearchField","properties":{"placeholder":"Search"},"searchOpenDialogs":true,"interaction":{"idSuffix":"I"}},"clearTextFirst":true,"interactionType":"ENTER_TEXT"}]}
COMMAND: POST /session/be9a23df4294472c3cbe97a105488dd6/actions - {"actions":[{"id":"action22","type":"key","parameters":{},"actions":[{"type":"keyDown","value":""},{"type":"pause","duration":10},{"type":"keyUp","value":""}]}]}
RESULT: {}
RESULT: {"actions":[{"id":"action22","type":"key","parameters":{},"actions":[{"type":"keyDown","value":""},{"type":"pause","duration":10},{"type":"keyUp","value":""}]}]}
COMMAND: GET /session/be9a23df4294472c3cbe97a105488dd6/screenshot - {}
RESULT: {}
COMMAND: POST /session/be9a23df4294472c3cbe97a105488dd6/element - {"using":"xpath","value":"//span[contains(text(), \"Penguins - Field/12345 Berlin\")]"}
RESULT: {"using":"xpath","value":"//span[contains(text(), \"Penguins - Field/12345 Berlin\")]"}
COMMAND: POST /session/be9a23df4294472c3cbe97a105488dd6/element/f.6CFE3FC8FA908A587831E8FD5FC52521.d.B681576F0EFE1C9A16E9C31DD90F9081.e.6074/click - {}
RESULT: {}
COMMAND: GET /session/be9a23df4294472c3cbe97a105488dd6/screenshot - {}
RESULT: {}
COMMAND: POST /session/be9a23df4294472c3cbe97a105488dd6/element - {"using":"xpath","value":"//bdi[contains(text(), \"OK\")]"}
RESULT: {"using":"xpath","value":"//bdi[contains(text(), \"OK\")]"}
COMMAND: POST /session/be9a23df4294472c3cbe97a105488dd6/element/f.6CFE3FC8FA908A587831E8FD5FC52521.d.B681576F0EFE1C9A16E9C31DD90F9081.e.6075/click - {}
RESULT: {}
COMMAND: GET /session/be9a23df4294472c3cbe97a105488dd6/screenshot - {}
RESULT: {}
COMMAND: POST /session/be9a23df4294472c3cbe97a105488dd6/element - {"using":"xpath","value":"//button[@data-kt=\"saveButton\"]"}
RESULT: {"using":"xpath","value":"//button[@data-kt=\"saveButton\"]"}
COMMAND: POST /session/be9a23df4294472c3cbe97a105488dd6/element/f.6CFE3FC8FA908A587831E8FD5FC52521.d.B681576F0EFE1C9A16E9C31DD90F9081.e.5883/click - {}
RESULT: {}
COMMAND: GET /session/be9a23df4294472c3cbe97a105488dd6/screenshot - {}
RESULT: {}
COMMAND: POST /session/be9a23df4294472c3cbe97a105488dd6/element - {"using":"xpath","value":"//header[contains(@id, 'ObjectPageLayout-headerTitle')]/div[1]/div[2]/div[2]/span[1]"}
RESULT: {"using":"xpath","value":"//header[contains(@id, 'ObjectPageLayout-headerTitle')]/div[1]/div[2]/div[2]/span[1]"}
COMMAND: POST /session/be9a23df4294472c3cbe97a105488dd6/elements - {"using":"xpath","value":"//header[contains(@id, 'ObjectPageLayout-headerTitle')]/div[1]/div[2]/div[2]/span[1]"}
RESULT: {"using":"xpath","value":"//header[contains(@id, 'ObjectPageLayout-headerTitle')]/div[1]/div[2]/div[2]/span[1]"}
COMMAND: POST /session/be9a23df4294472c3cbe97a105488dd6/execute/sync - {"script":"<script> [56 bytes]","args":[{"element-6066-11e4-a52e-4f735466cecf":"f.6CFE3FC8FA908A587831E8FD5FC52521.d.B681576F0EFE1C9A16E9C31DD90F9081.e.6243","ELEMENT":"f.6CFE3FC8FA908A587831E8FD5FC52521.d.B681576F0EFE1C9A16E9C31DD90F9081.e.6243"}]}
RESULT: {"script":"<script> [56 bytes]","args":[{"element-6066-11e4-a52e-4f735466cecf":"f.6CFE3FC8FA908A587831E8FD5FC52521.d.B681576F0EFE1C9A16E9C31DD90F9081.e.6243","ELEMENT":"f.6CFE3FC8FA908A587831E8FD5FC52521.d.B681576F0EFE1C9A16E9C31DD90F9081.e.6243"}]}
COMMAND: POST /session/be9a23df4294472c3cbe97a105488dd6/element - {"using":"css selector","value":"#shell-header-logo"}
COMMAND: GET /session/be9a23df4294472c3cbe97a105488dd6/screenshot - {}
RESULT: {"using":"css selector","value":"#shell-header-logo"}
COMMAND: POST /session/be9a23df4294472c3cbe97a105488dd6/element/f.6CFE3FC8FA908A587831E8FD5FC52521.d.B681576F0EFE1C9A16E9C31DD90F9081.e.5451/click - {}
RESULT: {}
RESULT: {}
COMMAND: GET /session/be9a23df4294472c3cbe97a105488dd6/screenshot - {}
RESULT: {}
COMMAND: POST /session/be9a23df4294472c3cbe97a105488dd6/execute/sync - {"script":"<script> [299 bytes]","args":[["getModel","getResource"]]}
RESULT: {"script":"<script> [299 bytes]","args":[["getModel","getResource"]]}
]]></system-out>
    </testcase>
    <testcase classname="chrome.136_0_7103_93.windows.Create_master_data_for_mixed_billing_&amp;_do_billing_calculation_US151661" name="Should create a new site" time="145.069">
      <system-out><![CDATA[
COMMAND: GET /session/be9a23df4294472c3cbe97a105488dd6/screenshot - {}
COMMAND: POST /session/be9a23df4294472c3cbe97a105488dd6/execute/async - {"script":"<script> [1562 bytes]","args":[{"selector":{"controlType":"sap.m.GenericTile","properties":{"header":"Manage Sites"}},"wdio_ui5_key":"sapm.GenericTile{\"header\":\"Manage Sites\"}"}]}
RESULT: {}
RESULT: {"script":"<script> [1562 bytes]","args":[{"selector":{"controlType":"sap.m.GenericTile","properties":{"header":"Manage Sites"}},"wdio_ui5_key":"sapm.GenericTile{\"header\":\"Manage Sites\"}"}]}
RESULT: undefined
COMMAND: POST /session/be9a23df4294472c3cbe97a105488dd6/element - {"using":"xpath","value":"//*[@id=\"__tile40\"]"}
RESULT: {"using":"xpath","value":"//*[@id=\"__tile40\"]"}
COMMAND: POST /session/be9a23df4294472c3cbe97a105488dd6/element/f.6CFE3FC8FA908A587831E8FD5FC52521.d.B681576F0EFE1C9A16E9C31DD90F9081.e.4598/click - {}
RESULT: {}
COMMAND: GET /session/be9a23df4294472c3cbe97a105488dd6/screenshot - {}
RESULT: {}
COMMAND: POST /session/be9a23df4294472c3cbe97a105488dd6/elements - {"using":"xpath","value":"//span[text()='Error']"}
RESULT: {"using":"xpath","value":"//span[text()='Error']"}
COMMAND: POST /session/be9a23df4294472c3cbe97a105488dd6/element - {"using":"xpath","value":"//button[@data-kt=\"addOverflowToolbarButton\"]"}
RESULT: {"using":"xpath","value":"//button[@data-kt=\"addOverflowToolbarButton\"]"}
COMMAND: POST /session/be9a23df4294472c3cbe97a105488dd6/elements - {"using":"xpath","value":"//button[@data-kt=\"addOverflowToolbarButton\"]"}
RESULT: {"using":"xpath","value":"//button[@data-kt=\"addOverflowToolbarButton\"]"}
COMMAND: POST /session/be9a23df4294472c3cbe97a105488dd6/execute/sync - {"script":"<script> [8489 bytes]","args":[{"element-6066-11e4-a52e-4f735466cecf":"f.6CFE3FC8FA908A587831E8FD5FC52521.d.B681576F0EFE1C9A16E9C31DD90F9081.e.6289","ELEMENT":"f.6CFE3FC8FA908A587831E8FD5FC52521.d.B681576F0EFE1C9A16E9C31DD90F9081.e.6289"}]}
RESULT: {"script":"<script> [8489 bytes]","args":[{"element-6066-11e4-a52e-4f735466cecf":"f.6CFE3FC8FA908A587831E8FD5FC52521.d.B681576F0EFE1C9A16E9C31DD90F9081.e.6289","ELEMENT":"f.6CFE3FC8FA908A587831E8FD5FC52521.d.B681576F0EFE1C9A16E9C31DD90F9081.e.6289"}]}
COMMAND: GET /session/be9a23df4294472c3cbe97a105488dd6/element/f.6CFE3FC8FA908A587831E8FD5FC52521.d.B681576F0EFE1C9A16E9C31DD90F9081.e.6289/enabled - {}
COMMAND: GET /session/be9a23df4294472c3cbe97a105488dd6/screenshot - {}
RESULT: {}
COMMAND: POST /session/be9a23df4294472c3cbe97a105488dd6/execute/sync - {"script":"<script> [8489 bytes]","args":[{"element-6066-11e4-a52e-4f735466cecf":"f.6CFE3FC8FA908A587831E8FD5FC52521.d.B681576F0EFE1C9A16E9C31DD90F9081.e.6289","ELEMENT":"f.6CFE3FC8FA908A587831E8FD5FC52521.d.B681576F0EFE1C9A16E9C31DD90F9081.e.6289"}]}
COMMAND: GET /session/be9a23df4294472c3cbe97a105488dd6/screenshot - {}
RESULT: {}
RESULT: {"script":"<script> [8489 bytes]","args":[{"element-6066-11e4-a52e-4f735466cecf":"f.6CFE3FC8FA908A587831E8FD5FC52521.d.B681576F0EFE1C9A16E9C31DD90F9081.e.6289","ELEMENT":"f.6CFE3FC8FA908A587831E8FD5FC52521.d.B681576F0EFE1C9A16E9C31DD90F9081.e.6289"}]}
COMMAND: POST /session/be9a23df4294472c3cbe97a105488dd6/execute/sync - {"script":"<script> [5351 bytes]","args":[{"element-6066-11e4-a52e-4f735466cecf":"f.6CFE3FC8FA908A587831E8FD5FC52521.d.B681576F0EFE1C9A16E9C31DD90F9081.e.6289","ELEMENT":"f.6CFE3FC8FA908A587831E8FD5FC52521.d.B681576F0EFE1C9A16E9C31DD90F9081.e.6289"}]}
COMMAND: GET /session/be9a23df4294472c3cbe97a105488dd6/screenshot - {}
RESULT: {}
RESULT: {"script":"<script> [5351 bytes]","args":[{"element-6066-11e4-a52e-4f735466cecf":"f.6CFE3FC8FA908A587831E8FD5FC52521.d.B681576F0EFE1C9A16E9C31DD90F9081.e.6289","ELEMENT":"f.6CFE3FC8FA908A587831E8FD5FC52521.d.B681576F0EFE1C9A16E9C31DD90F9081.e.6289"}]}
COMMAND: POST /session/be9a23df4294472c3cbe97a105488dd6/element/f.6CFE3FC8FA908A587831E8FD5FC52521.d.B681576F0EFE1C9A16E9C31DD90F9081.e.6289/click - {}
COMMAND: GET /session/be9a23df4294472c3cbe97a105488dd6/screenshot - {}
RESULT: {}
RESULT: {}
COMMAND: GET /session/be9a23df4294472c3cbe97a105488dd6/screenshot - {}
RESULT: {}
COMMAND: POST /session/be9a23df4294472c3cbe97a105488dd6/element - {"using":"xpath","value":"//input[@id=\"application-managesites-display-component---NewSite--siteId-inner\"]"}
RESULT: {}
RESULT: {"using":"xpath","value":"//input[@id=\"application-managesites-display-component---NewSite--siteId-inner\"]"}
COMMAND: POST /session/be9a23df4294472c3cbe97a105488dd6/element - {"using":"xpath","value":"//input[@id=\"application-managesites-display-component---NewSite--siteId-inner\"]"}
RESULT: {"using":"xpath","value":"//input[@id=\"application-managesites-display-component---NewSite--siteId-inner\"]"}
COMMAND: POST /session/be9a23df4294472c3cbe97a105488dd6/execute/async - {"script":"<script> [1562 bytes]","args":[{"selector":{"id":"application-managesites-display-component---NewSite--addressDetailDetailsName1","interaction":{"idSuffix":"inner"}},"wdio_ui5_key":"applicationmanagesites-display-component---NewSite--addressDetailDetailsName1"}]}
RESULT: {"script":"<script> [1562 bytes]","args":[{"selector":{"id":"application-managesites-display-component---NewSite--addressDetailDetailsName1","interaction":{"idSuffix":"inner"}},"wdio_ui5_key":"applicationmanagesites-display-component---NewSite--addressDetailDetailsName1"}]}
RESULT: undefined
COMMAND: POST /session/be9a23df4294472c3cbe97a105488dd6/execute/async - {"script":"<script> [776 bytes]","args":[{"enterText":"Intercompany Site wdIO","selector":{"id":"application-managesites-display-component---NewSite--addressDetailDetailsName1","interaction":{"idSuffix":"inner"}},"clearTextFirst":true,"interactionType":"ENTER_TEXT"}]}
RESULT: {"script":"<script> [776 bytes]","args":[{"enterText":"Intercompany Site wdIO","selector":{"id":"application-managesites-display-component---NewSite--addressDetailDetailsName1","interaction":{"idSuffix":"inner"}},"clearTextFirst":true,"interactionType":"ENTER_TEXT"}]}
COMMAND: POST /session/be9a23df4294472c3cbe97a105488dd6/execute/async - {"script":"<script> [1562 bytes]","args":[{"selector":{"id":"application-managesites-display-component---NewSite--addressDetailDetailsLanguage-arrow"},"wdio_ui5_key":"applicationmanagesites-display-component---NewSite--addressDetailDetailsLanguage-arrow"}]}
RESULT: {"script":"<script> [1562 bytes]","args":[{"selector":{"id":"application-managesites-display-component---NewSite--addressDetailDetailsLanguage-arrow"},"wdio_ui5_key":"applicationmanagesites-display-component---NewSite--addressDetailDetailsLanguage-arrow"}]}
RESULT: undefined
COMMAND: POST /session/be9a23df4294472c3cbe97a105488dd6/element - {"using":"xpath","value":"//*[@id=\"application-managesites-display-component---NewSite--addressDetailDetailsLanguage-arrow\"]"}
RESULT: {"using":"xpath","value":"//*[@id=\"application-managesites-display-component---NewSite--addressDetailDetailsLanguage-arrow\"]"}
COMMAND: POST /session/be9a23df4294472c3cbe97a105488dd6/element/f.6CFE3FC8FA908A587831E8FD5FC52521.d.B681576F0EFE1C9A16E9C31DD90F9081.e.6909/click - {}
RESULT: {}
COMMAND: POST /session/be9a23df4294472c3cbe97a105488dd6/element - {"using":"xpath","value":"//span[contains(text(), \"English\")]"}
COMMAND: GET /session/be9a23df4294472c3cbe97a105488dd6/screenshot - {}
RESULT: {"using":"xpath","value":"//span[contains(text(), \"English\")]"}
COMMAND: POST /session/be9a23df4294472c3cbe97a105488dd6/element/f.6CFE3FC8FA908A587831E8FD5FC52521.d.B681576F0EFE1C9A16E9C31DD90F9081.e.6910/click - {}
RESULT: {}
RESULT: {}
COMMAND: POST /session/be9a23df4294472c3cbe97a105488dd6/execute/async - {"script":"<script> [1562 bytes]","args":[{"selector":{"id":"application-managesites-display-component---NewSite--addressDetailDetailsCity1","interaction":{"idSuffix":"inner"}},"wdio_ui5_key":"applicationmanagesites-display-component---NewSite--addressDetailDetailsCity1"}]}
COMMAND: GET /session/be9a23df4294472c3cbe97a105488dd6/screenshot - {}
RESULT: {"script":"<script> [1562 bytes]","args":[{"selector":{"id":"application-managesites-display-component---NewSite--addressDetailDetailsCity1","interaction":{"idSuffix":"inner"}},"wdio_ui5_key":"applicationmanagesites-display-component---NewSite--addressDetailDetailsCity1"}]}
RESULT: undefined
COMMAND: POST /session/be9a23df4294472c3cbe97a105488dd6/execute/async - {"script":"<script> [776 bytes]","args":[{"enterText":"Rosario","selector":{"id":"application-managesites-display-component---NewSite--addressDetailDetailsCity1","interaction":{"idSuffix":"inner"}},"clearTextFirst":true,"interactionType":"ENTER_TEXT"}]}
RESULT: {}
RESULT: {"script":"<script> [776 bytes]","args":[{"enterText":"Rosario","selector":{"id":"application-managesites-display-component---NewSite--addressDetailDetailsCity1","interaction":{"idSuffix":"inner"}},"clearTextFirst":true,"interactionType":"ENTER_TEXT"}]}
COMMAND: POST /session/be9a23df4294472c3cbe97a105488dd6/execute/async - {"script":"<script> [1562 bytes]","args":[{"selector":{"id":"application-managesites-display-component---NewSite--addressDetailDetailsCountry-arrow"},"wdio_ui5_key":"applicationmanagesites-display-component---NewSite--addressDetailDetailsCountry-arrow"}]}
RESULT: {"script":"<script> [1562 bytes]","args":[{"selector":{"id":"application-managesites-display-component---NewSite--addressDetailDetailsCountry-arrow"},"wdio_ui5_key":"applicationmanagesites-display-component---NewSite--addressDetailDetailsCountry-arrow"}]}
RESULT: undefined
COMMAND: POST /session/be9a23df4294472c3cbe97a105488dd6/element - {"using":"xpath","value":"//*[@id=\"application-managesites-display-component---NewSite--addressDetailDetailsCountry-arrow\"]"}
RESULT: {"using":"xpath","value":"//*[@id=\"application-managesites-display-component---NewSite--addressDetailDetailsCountry-arrow\"]"}
COMMAND: POST /session/be9a23df4294472c3cbe97a105488dd6/element/f.6CFE3FC8FA908A587831E8FD5FC52521.d.B681576F0EFE1C9A16E9C31DD90F9081.e.6912/click - {}
RESULT: {}
COMMAND: POST /session/be9a23df4294472c3cbe97a105488dd6/element - {"using":"xpath","value":"//span[contains(text(), \"Argentina\")]"}
COMMAND: GET /session/be9a23df4294472c3cbe97a105488dd6/screenshot - {}
RESULT: {"using":"xpath","value":"//span[contains(text(), \"Argentina\")]"}
COMMAND: POST /session/be9a23df4294472c3cbe97a105488dd6/element/f.6CFE3FC8FA908A587831E8FD5FC52521.d.B681576F0EFE1C9A16E9C31DD90F9081.e.6913/click - {}
RESULT: {}
RESULT: {}
COMMAND: GET /session/be9a23df4294472c3cbe97a105488dd6/screenshot - {}
RESULT: {}
COMMAND: POST /session/be9a23df4294472c3cbe97a105488dd6/execute/async - {"script":"<script> [1562 bytes]","args":[{"selector":{"id":"application-managesites-display-component---NewSite--addressEditDetailsCostObjectCstType-arrow"},"wdio_ui5_key":"applicationmanagesites-display-component---NewSite--addressEditDetailsCostObjectCstType-arrow"}]}
RESULT: {"script":"<script> [1562 bytes]","args":[{"selector":{"id":"application-managesites-display-component---NewSite--addressEditDetailsCostObjectCstType-arrow"},"wdio_ui5_key":"applicationmanagesites-display-component---NewSite--addressEditDetailsCostObjectCstType-arrow"}]}
RESULT: undefined
COMMAND: POST /session/be9a23df4294472c3cbe97a105488dd6/element - {"using":"xpath","value":"//*[@id=\"application-managesites-display-component---NewSite--addressEditDetailsCostObjectCstType-arrow\"]"}
RESULT: {"using":"xpath","value":"//*[@id=\"application-managesites-display-component---NewSite--addressEditDetailsCostObjectCstType-arrow\"]"}
COMMAND: POST /session/be9a23df4294472c3cbe97a105488dd6/element/f.6CFE3FC8FA908A587831E8FD5FC52521.d.B681576F0EFE1C9A16E9C31DD90F9081.e.6915/click - {}
RESULT: {}
COMMAND: POST /session/be9a23df4294472c3cbe97a105488dd6/element - {"using":"xpath","value":"//span[contains(text(), \"Cost Center\")]"}
COMMAND: GET /session/be9a23df4294472c3cbe97a105488dd6/screenshot - {}
RESULT: {"using":"xpath","value":"//span[contains(text(), \"Cost Center\")]"}
COMMAND: POST /session/be9a23df4294472c3cbe97a105488dd6/element/f.6CFE3FC8FA908A587831E8FD5FC52521.d.B681576F0EFE1C9A16E9C31DD90F9081.e.6916/click - {}
RESULT: {}
RESULT: {}
COMMAND: GET /session/be9a23df4294472c3cbe97a105488dd6/screenshot - {}
RESULT: {}
COMMAND: POST /session/be9a23df4294472c3cbe97a105488dd6/element - {"using":"xpath","value":"//span[@id=\"application-managesites-display-component---NewSite--addressNewCostObjectCstID-vhi\"]"}
RESULT: {"using":"xpath","value":"//span[@id=\"application-managesites-display-component---NewSite--addressNewCostObjectCstID-vhi\"]"}
COMMAND: POST /session/be9a23df4294472c3cbe97a105488dd6/execute/sync - {"script":"<script> [8489 bytes]","args":[{"element-6066-11e4-a52e-4f735466cecf":"f.6CFE3FC8FA908A587831E8FD5FC52521.d.B681576F0EFE1C9A16E9C31DD90F9081.e.6920","ELEMENT":"f.6CFE3FC8FA908A587831E8FD5FC52521.d.B681576F0EFE1C9A16E9C31DD90F9081.e.6920"}]}
RESULT: {"script":"<script> [8489 bytes]","args":[{"element-6066-11e4-a52e-4f735466cecf":"f.6CFE3FC8FA908A587831E8FD5FC52521.d.B681576F0EFE1C9A16E9C31DD90F9081.e.6920","ELEMENT":"f.6CFE3FC8FA908A587831E8FD5FC52521.d.B681576F0EFE1C9A16E9C31DD90F9081.e.6920"}]}
COMMAND: POST /session/be9a23df4294472c3cbe97a105488dd6/execute/async - {"script":"<script> [1562 bytes]","args":[{"selector":{"id":"application-managesites-display-component---NewSite--addressNewCostObjectCstID-vhi"},"wdio_ui5_key":"applicationmanagesites-display-component---NewSite--addressNewCostObjectCstID-vhi"}]}
COMMAND: GET /session/be9a23df4294472c3cbe97a105488dd6/screenshot - {}
RESULT: {"script":"<script> [1562 bytes]","args":[{"selector":{"id":"application-managesites-display-component---NewSite--addressNewCostObjectCstID-vhi"},"wdio_ui5_key":"applicationmanagesites-display-component---NewSite--addressNewCostObjectCstID-vhi"}]}
RESULT: undefined
COMMAND: POST /session/be9a23df4294472c3cbe97a105488dd6/element - {"using":"xpath","value":"//*[@id=\"application-managesites-display-component---NewSite--addressNewCostObjectCstID-vhi\"]"}
RESULT: {}
RESULT: {"using":"xpath","value":"//*[@id=\"application-managesites-display-component---NewSite--addressNewCostObjectCstID-vhi\"]"}
COMMAND: POST /session/be9a23df4294472c3cbe97a105488dd6/element/f.6CFE3FC8FA908A587831E8FD5FC52521.d.B681576F0EFE1C9A16E9C31DD90F9081.e.6920/click - {}
RESULT: {}
COMMAND: GET /session/be9a23df4294472c3cbe97a105488dd6/screenshot - {}
RESULT: {}
RESULT: undefined
COMMAND: POST /session/be9a23df4294472c3cbe97a105488dd6/execute/async - {"script":"<script> [776 bytes]","args":[{"enterText":"10001013","selector":{"controlType":"sap.m.SearchField","properties":{"placeholder":"Search"},"searchOpenDialogs":true,"interaction":{"idSuffix":"I"}},"clearTextFirst":true,"interactionType":"ENTER_TEXT"}]}
RESULT: {"script":"<script> [776 bytes]","args":[{"enterText":"10001013","selector":{"controlType":"sap.m.SearchField","properties":{"placeholder":"Search"},"searchOpenDialogs":true,"interaction":{"idSuffix":"I"}},"clearTextFirst":true,"interactionType":"ENTER_TEXT"}]}
COMMAND: POST /session/be9a23df4294472c3cbe97a105488dd6/actions - {"actions":[{"id":"action23","type":"key","parameters":{},"actions":[{"type":"keyDown","value":""},{"type":"pause","duration":10},{"type":"keyUp","value":""}]}]}
RESULT: {"actions":[{"id":"action23","type":"key","parameters":{},"actions":[{"type":"keyDown","value":""},{"type":"pause","duration":10},{"type":"keyUp","value":""}]}]}
COMMAND: GET /session/be9a23df4294472c3cbe97a105488dd6/screenshot - {}
RESULT: {}
COMMAND: POST /session/be9a23df4294472c3cbe97a105488dd6/element - {"using":"xpath","value":"//span[contains(text(), \"General Management\")]"}
RESULT: {"using":"xpath","value":"//span[contains(text(), \"General Management\")]"}
COMMAND: POST /session/be9a23df4294472c3cbe97a105488dd6/element/f.6CFE3FC8FA908A587831E8FD5FC52521.d.B681576F0EFE1C9A16E9C31DD90F9081.e.6960/click - {}
RESULT: {}
COMMAND: GET /session/be9a23df4294472c3cbe97a105488dd6/screenshot - {}
RESULT: {}
COMMAND: POST /session/be9a23df4294472c3cbe97a105488dd6/element - {"using":"xpath","value":"//bdi[contains(text(), \"OK\")]"}
RESULT: {"using":"xpath","value":"//bdi[contains(text(), \"OK\")]"}
COMMAND: POST /session/be9a23df4294472c3cbe97a105488dd6/element/f.6CFE3FC8FA908A587831E8FD5FC52521.d.B681576F0EFE1C9A16E9C31DD90F9081.e.6961/click - {}
RESULT: {}
COMMAND: GET /session/be9a23df4294472c3cbe97a105488dd6/screenshot - {}
RESULT: {}
COMMAND: POST /session/be9a23df4294472c3cbe97a105488dd6/element - {"using":"xpath","value":"//input[@id=\"application-managesites-display-component---NewSite--addressDetailDetailsCalendar-inner\"]"}
RESULT: {"using":"xpath","value":"//input[@id=\"application-managesites-display-component---NewSite--addressDetailDetailsCalendar-inner\"]"}
COMMAND: POST /session/be9a23df4294472c3cbe97a105488dd6/element/f.6CFE3FC8FA908A587831E8FD5FC52521.d.B681576F0EFE1C9A16E9C31DD90F9081.e.6701/clear - {}
RESULT: {}
COMMAND: POST /session/be9a23df4294472c3cbe97a105488dd6/element/f.6CFE3FC8FA908A587831E8FD5FC52521.d.B681576F0EFE1C9A16E9C31DD90F9081.e.6701/value - {"text":"Unit"}
COMMAND: GET /session/be9a23df4294472c3cbe97a105488dd6/screenshot - {}
RESULT: {"text":"Unit"}
COMMAND: GET /session/be9a23df4294472c3cbe97a105488dd6/screenshot - {}
RESULT: {}
RESULT: {}
COMMAND: POST /session/be9a23df4294472c3cbe97a105488dd6/actions - {"actions":[{"id":"action24","type":"key","parameters":{},"actions":[{"type":"keyDown","value":""},{"type":"pause","duration":10},{"type":"keyUp","value":""}]}]}
RESULT: {"actions":[{"id":"action24","type":"key","parameters":{},"actions":[{"type":"keyDown","value":""},{"type":"pause","duration":10},{"type":"keyUp","value":""}]}]}
COMMAND: POST /session/be9a23df4294472c3cbe97a105488dd6/element - {"using":"xpath","value":"//input[@id=\"application-managesites-display-component---NewSite--addressDetailDetailsYard-inner\"]"}
COMMAND: GET /session/be9a23df4294472c3cbe97a105488dd6/screenshot - {}
RESULT: {"using":"xpath","value":"//input[@id=\"application-managesites-display-component---NewSite--addressDetailDetailsYard-inner\"]"}
COMMAND: POST /session/be9a23df4294472c3cbe97a105488dd6/element/f.6CFE3FC8FA908A587831E8FD5FC52521.d.B681576F0EFE1C9A16E9C31DD90F9081.e.6702/clear - {}
RESULT: {}
RESULT: {}
COMMAND: POST /session/be9a23df4294472c3cbe97a105488dd6/element/f.6CFE3FC8FA908A587831E8FD5FC52521.d.B681576F0EFE1C9A16E9C31DD90F9081.e.6702/value - {"text":"556"}
COMMAND: GET /session/be9a23df4294472c3cbe97a105488dd6/screenshot - {}
RESULT: {"text":"556"}
COMMAND: GET /session/be9a23df4294472c3cbe97a105488dd6/screenshot - {}
RESULT: {}
RESULT: {}
COMMAND: POST /session/be9a23df4294472c3cbe97a105488dd6/element - {"using":"xpath","value":"//li[.//span[text()='556']]"}
RESULT: {"using":"xpath","value":"//li[.//span[text()='556']]"}
COMMAND: POST /session/be9a23df4294472c3cbe97a105488dd6/element/f.6CFE3FC8FA908A587831E8FD5FC52521.d.B681576F0EFE1C9A16E9C31DD90F9081.e.6969/click - {}
RESULT: {}
COMMAND: GET /session/be9a23df4294472c3cbe97a105488dd6/screenshot - {}
RESULT: {}
COMMAND: POST /session/be9a23df4294472c3cbe97a105488dd6/element - {"using":"xpath","value":"//input[@id=\"application-managesites-display-component---NewSite--addressDetailDetailsPartner-inner\"]"}
RESULT: {"using":"xpath","value":"//input[@id=\"application-managesites-display-component---NewSite--addressDetailDetailsPartner-inner\"]"}
COMMAND: POST /session/be9a23df4294472c3cbe97a105488dd6/element - {"using":"xpath","value":"//input[@id=\"application-managesites-display-component---NewSite--addressDetailDetailsPartner-inner\"]"}
RESULT: {"using":"xpath","value":"//input[@id=\"application-managesites-display-component---NewSite--addressDetailDetailsPartner-inner\"]"}
COMMAND: POST /session/be9a23df4294472c3cbe97a105488dd6/element - {"using":"xpath","value":"//button[@data-kt=\"saveButton\"]"}
RESULT: {"using":"xpath","value":"//button[@data-kt=\"saveButton\"]"}
COMMAND: POST /session/be9a23df4294472c3cbe97a105488dd6/element/f.6CFE3FC8FA908A587831E8FD5FC52521.d.B681576F0EFE1C9A16E9C31DD90F9081.e.6863/click - {}
RESULT: {}
COMMAND: GET /session/be9a23df4294472c3cbe97a105488dd6/screenshot - {}
RESULT: {}
COMMAND: POST /session/be9a23df4294472c3cbe97a105488dd6/element - {"using":"xpath","value":"//header[contains(@id, 'ObjectPageLayout-headerTitle')]/div[1]/div[2]/div[2]/span[1]"}
RESULT: {"using":"xpath","value":"//header[contains(@id, 'ObjectPageLayout-headerTitle')]/div[1]/div[2]/div[2]/span[1]"}
COMMAND: POST /session/be9a23df4294472c3cbe97a105488dd6/elements - {"using":"xpath","value":"//header[contains(@id, 'ObjectPageLayout-headerTitle')]/div[1]/div[2]/div[2]/span[1]"}
RESULT: {"using":"xpath","value":"//header[contains(@id, 'ObjectPageLayout-headerTitle')]/div[1]/div[2]/div[2]/span[1]"}
COMMAND: POST /session/be9a23df4294472c3cbe97a105488dd6/execute/sync - {"script":"<script> [56 bytes]","args":[{"element-6066-11e4-a52e-4f735466cecf":"f.6CFE3FC8FA908A587831E8FD5FC52521.d.B681576F0EFE1C9A16E9C31DD90F9081.e.7174","ELEMENT":"f.6CFE3FC8FA908A587831E8FD5FC52521.d.B681576F0EFE1C9A16E9C31DD90F9081.e.7174"}]}
RESULT: {"script":"<script> [56 bytes]","args":[{"element-6066-11e4-a52e-4f735466cecf":"f.6CFE3FC8FA908A587831E8FD5FC52521.d.B681576F0EFE1C9A16E9C31DD90F9081.e.7174","ELEMENT":"f.6CFE3FC8FA908A587831E8FD5FC52521.d.B681576F0EFE1C9A16E9C31DD90F9081.e.7174"}]}
COMMAND: POST /session/be9a23df4294472c3cbe97a105488dd6/element - {"using":"css selector","value":"#shell-header-logo"}
COMMAND: GET /session/be9a23df4294472c3cbe97a105488dd6/screenshot - {}
RESULT: {"using":"css selector","value":"#shell-header-logo"}
COMMAND: POST /session/be9a23df4294472c3cbe97a105488dd6/element/f.6CFE3FC8FA908A587831E8FD5FC52521.d.B681576F0EFE1C9A16E9C31DD90F9081.e.6247/click - {}
RESULT: {}
RESULT: {}
COMMAND: GET /session/be9a23df4294472c3cbe97a105488dd6/screenshot - {}
RESULT: {}
COMMAND: POST /session/be9a23df4294472c3cbe97a105488dd6/execute/sync - {"script":"<script> [299 bytes]","args":[["getModel","getResource"]]}
RESULT: {"script":"<script> [299 bytes]","args":[["getModel","getResource"]]}
COMMAND: POST /session/be9a23df4294472c3cbe97a105488dd6/actions - {"actions":[{"id":"action25","type":"key","parameters":{},"actions":[{"type":"keyDown","value":""},{"type":"pause","duration":10},{"type":"keyUp","value":""}]}]}
COMMAND: GET /session/be9a23df4294472c3cbe97a105488dd6/screenshot - {}
RESULT: {"actions":[{"id":"action25","type":"key","parameters":{},"actions":[{"type":"keyDown","value":""},{"type":"pause","duration":10},{"type":"keyUp","value":""}]}]}
COMMAND: GET /session/be9a23df4294472c3cbe97a105488dd6/screenshot - {}
RESULT: {}
RESULT: {}
COMMAND: POST /session/be9a23df4294472c3cbe97a105488dd6/refresh - {}
RESULT: {}
COMMAND: GET /session/be9a23df4294472c3cbe97a105488dd6/screenshot - {}
RESULT: {}
COMMAND: POST /session/be9a23df4294472c3cbe97a105488dd6/refresh - {}
RESULT: {}
COMMAND: GET /session/be9a23df4294472c3cbe97a105488dd6/screenshot - {}
RESULT: {}
COMMAND: POST /session/be9a23df4294472c3cbe97a105488dd6/window/fullscreen - {}
RESULT: {}
COMMAND: POST /session/be9a23df4294472c3cbe97a105488dd6/execute/async - {"script":"<script> [189 bytes]","args":[]}
RESULT: {"script":"<script> [189 bytes]","args":[]}
COMMAND: POST /session/be9a23df4294472c3cbe97a105488dd6/execute/async - {"script":"<script> [123 bytes]","args":[]}
RESULT: {"script":"<script> [123 bytes]","args":[]}
COMMAND: POST /session/be9a23df4294472c3cbe97a105488dd6/timeouts - {"script":"<number>"}
RESULT: {"script":"<number>"}
COMMAND: GET /session/be9a23df4294472c3cbe97a105488dd6/timeouts - {}
RESULT: {}
RESULT: undefined
COMMAND: POST /session/be9a23df4294472c3cbe97a105488dd6/execute/async - {"script":"<script> [2676 bytes]","args":[]}
RESULT: {"script":"<script> [2676 bytes]","args":[]}
COMMAND: POST /session/be9a23df4294472c3cbe97a105488dd6/execute/async - {"script":"<script> [2342 bytes]","args":[{"protocol":"http","hostname":"0.0.0.0","path":"/","capabilities":{"browserName":"chrome","goog:chromeOptions":{"binary":"C:\\Program Files\\Google\\Chrome\\Application\\chrome.exe","args":["--start-maximized"]}},"logLevel":"warn","connectionRetryTimeout":120000,"connectionRetryCount":3,"logLevels":{},"enableDirectConnect":true,"strictSSL":true,"_":"65 more keys: [\"cacheDir\",\"port\",\"requestedCapabilities\",\"automationProtocol\",\"baseUrl\",\"waitforInterval\",\"waitforTimeout\",\"onReload\",\"beforeCommand\",\"afterCommand\",\"rootDir\",\"specs\",\"suites\",\"exclude\",\"groupLogsByTestSpec\",\"excludeDriverLogs\",\"bail\",\"framework\",\"reporters\",\"services\",\"maxInstances\",\"maxInstancesPerCapability\",\"injectGlobals\",\"filesToWatch\",\"execArgv\",\"runnerEnv\",\"runner\",\"shard\",\"specFileRetries\",\"specFileRetriesDelay\",\"specFileRetriesDeferred\",\"reporterSyncInterval\",\"reporterSyncTimeout\",\"cucumberFeaturesWithLineNumbers\",\"autoCompileOpts\",\"mochaOpts\",\"jasmineOpts\",\"cucumberOpts\",\"onPrepare\",\"onWorkerStart\",\"onWorkerEnd\",\"before\",\"beforeSession\",\"beforeSuite\",\"beforeHook\",\"beforeTest\",\"afterTest\",\"afterHook\",\"afterSuite\",\"afterSession\",\"after\",\"onComplete\",\"beforeAssertion\",\"afterAssertion\",\"beforeFeature\",\"beforeScenario\",\"beforeStep\",\"afterStep\",\"afterScenario\",\"afterFeature\",\"_\",\"suite\",\"$0\",\"ignoredWorkerServices\",\"wdi5\"]"}]}
RESULT: {"script":"<script> [2342 bytes]","args":[{"protocol":"http","hostname":"0.0.0.0","path":"/","capabilities":{"browserName":"chrome","goog:chromeOptions":{"binary":"C:\\Program Files\\Google\\Chrome\\Application\\chrome.exe","args":["--start-maximized"]}},"logLevel":"warn","connectionRetryTimeout":120000,"connectionRetryCount":3,"logLevels":{},"enableDirectConnect":true,"strictSSL":true,"_":"65 more keys: [\"cacheDir\",\"port\",\"requestedCapabilities\",\"automationProtocol\",\"baseUrl\",\"waitforInterval\",\"waitforTimeout\",\"onReload\",\"beforeCommand\",\"afterCommand\",\"rootDir\",\"specs\",\"suites\",\"exclude\",\"groupLogsByTestSpec\",\"excludeDriverLogs\",\"bail\",\"framework\",\"reporters\",\"services\",\"maxInstances\",\"maxInstancesPerCapability\",\"injectGlobals\",\"filesToWatch\",\"execArgv\",\"runnerEnv\",\"runner\",\"shard\",\"specFileRetries\",\"specFileRetriesDelay\",\"specFileRetriesDeferred\",\"reporterSyncInterval\",\"reporterSyncTimeout\",\"cucumberFeaturesWithLineNumbers\",\"autoCompileOpts\",\"mochaOpts\",\"jasmineOpts\",\"cucumberOpts\",\"onPrepare\",\"onWorkerStart\",\"onWorkerEnd\",\"before\",\"beforeSession\",\"beforeSuite\",\"beforeHook\",\"beforeTest\",\"afterTest\",\"afterHook\",\"afterSuite\",\"afterSession\",\"after\",\"onComplete\",\"beforeAssertion\",\"afterAssertion\",\"beforeFeature\",\"beforeScenario\",\"beforeStep\",\"afterStep\",\"afterScenario\",\"afterFeature\",\"_\",\"suite\",\"$0\",\"ignoredWorkerServices\",\"wdi5\"]"}]}
COMMAND: POST /session/be9a23df4294472c3cbe97a105488dd6/execute/async - {"script":"<script> [21126 bytes]","args":[35000]}
RESULT: {"script":"<script> [21126 bytes]","args":[35000]}
COMMAND: POST /session/be9a23df4294472c3cbe97a105488dd6/window/fullscreen - {}
RESULT: {}
]]></system-out>
    </testcase>
    <testcase classname="chrome.136_0_7103_93.windows.Create_master_data_for_mixed_billing_&amp;_do_billing_calculation_US151661" name="Should create a new equipment and add a counter to it" time="165.567">
      <system-out><![CDATA[
COMMAND: POST /session/be9a23df4294472c3cbe97a105488dd6/execute/async - {"script":"<script> [1562 bytes]","args":[{"selector":{"controlType":"sap.m.GenericTile","properties":{"header":"Manage Resources"}},"wdio_ui5_key":"sapm.GenericTile{\"header\":\"Manage Resources\"}"}]}
RESULT: {"script":"<script> [1562 bytes]","args":[{"selector":{"controlType":"sap.m.GenericTile","properties":{"header":"Manage Resources"}},"wdio_ui5_key":"sapm.GenericTile{\"header\":\"Manage Resources\"}"}]}
RESULT: undefined
COMMAND: POST /session/be9a23df4294472c3cbe97a105488dd6/element - {"using":"xpath","value":"//*[@id=\"__tile31\"]"}
RESULT: {"using":"xpath","value":"//*[@id=\"__tile31\"]"}
COMMAND: POST /session/be9a23df4294472c3cbe97a105488dd6/element/f.6CFE3FC8FA908A587831E8FD5FC52521.d.2785BC0A1558E36628B259D4FA308200.e.7250/click - {}
RESULT: {}
COMMAND: GET /session/be9a23df4294472c3cbe97a105488dd6/screenshot - {}
RESULT: {}
COMMAND: POST /session/be9a23df4294472c3cbe97a105488dd6/elements - {"using":"xpath","value":"//span[text()='Error']"}
RESULT: {"using":"xpath","value":"//span[text()='Error']"}
COMMAND: POST /session/be9a23df4294472c3cbe97a105488dd6/element - {"using":"xpath","value":"//button[@data-kt=\"addNewRUOverflowToolbarButton\"]"}
RESULT: {"using":"xpath","value":"//button[@data-kt=\"addNewRUOverflowToolbarButton\"]"}
COMMAND: POST /session/be9a23df4294472c3cbe97a105488dd6/elements - {"using":"xpath","value":"//button[@data-kt=\"addNewRUOverflowToolbarButton\"]"}
RESULT: {"using":"xpath","value":"//button[@data-kt=\"addNewRUOverflowToolbarButton\"]"}
COMMAND: POST /session/be9a23df4294472c3cbe97a105488dd6/elements - {"using":"xpath","value":"//button[@data-kt=\"addNewRUOverflowToolbarButton\"]"}
RESULT: {"using":"xpath","value":"//button[@data-kt=\"addNewRUOverflowToolbarButton\"]"}
COMMAND: POST /session/be9a23df4294472c3cbe97a105488dd6/element - {"using":"xpath","value":"//button[@data-kt=\"addNewRUOverflowToolbarButton\"]"}
RESULT: {"using":"xpath","value":"//button[@data-kt=\"addNewRUOverflowToolbarButton\"]"}
COMMAND: POST /session/be9a23df4294472c3cbe97a105488dd6/execute/sync - {"script":"<script> [8489 bytes]","args":[{"element-6066-11e4-a52e-4f735466cecf":"f.6CFE3FC8FA908A587831E8FD5FC52521.d.2785BC0A1558E36628B259D4FA308200.e.7358","ELEMENT":"f.6CFE3FC8FA908A587831E8FD5FC52521.d.2785BC0A1558E36628B259D4FA308200.e.7358"}]}
RESULT: {"script":"<script> [8489 bytes]","args":[{"element-6066-11e4-a52e-4f735466cecf":"f.6CFE3FC8FA908A587831E8FD5FC52521.d.2785BC0A1558E36628B259D4FA308200.e.7358","ELEMENT":"f.6CFE3FC8FA908A587831E8FD5FC52521.d.2785BC0A1558E36628B259D4FA308200.e.7358"}]}
COMMAND: GET /session/be9a23df4294472c3cbe97a105488dd6/element/f.6CFE3FC8FA908A587831E8FD5FC52521.d.2785BC0A1558E36628B259D4FA308200.e.7358/enabled - {}
COMMAND: GET /session/be9a23df4294472c3cbe97a105488dd6/screenshot - {}
RESULT: {}
COMMAND: POST /session/be9a23df4294472c3cbe97a105488dd6/execute/sync - {"script":"<script> [8489 bytes]","args":[{"element-6066-11e4-a52e-4f735466cecf":"f.6CFE3FC8FA908A587831E8FD5FC52521.d.2785BC0A1558E36628B259D4FA308200.e.7358","ELEMENT":"f.6CFE3FC8FA908A587831E8FD5FC52521.d.2785BC0A1558E36628B259D4FA308200.e.7358"}]}
COMMAND: GET /session/be9a23df4294472c3cbe97a105488dd6/screenshot - {}
RESULT: {}
RESULT: {"script":"<script> [8489 bytes]","args":[{"element-6066-11e4-a52e-4f735466cecf":"f.6CFE3FC8FA908A587831E8FD5FC52521.d.2785BC0A1558E36628B259D4FA308200.e.7358","ELEMENT":"f.6CFE3FC8FA908A587831E8FD5FC52521.d.2785BC0A1558E36628B259D4FA308200.e.7358"}]}
COMMAND: POST /session/be9a23df4294472c3cbe97a105488dd6/execute/sync - {"script":"<script> [5351 bytes]","args":[{"element-6066-11e4-a52e-4f735466cecf":"f.6CFE3FC8FA908A587831E8FD5FC52521.d.2785BC0A1558E36628B259D4FA308200.e.7358","ELEMENT":"f.6CFE3FC8FA908A587831E8FD5FC52521.d.2785BC0A1558E36628B259D4FA308200.e.7358"}]}
COMMAND: GET /session/be9a23df4294472c3cbe97a105488dd6/screenshot - {}
RESULT: {}
RESULT: {"script":"<script> [5351 bytes]","args":[{"element-6066-11e4-a52e-4f735466cecf":"f.6CFE3FC8FA908A587831E8FD5FC52521.d.2785BC0A1558E36628B259D4FA308200.e.7358","ELEMENT":"f.6CFE3FC8FA908A587831E8FD5FC52521.d.2785BC0A1558E36628B259D4FA308200.e.7358"}]}
COMMAND: POST /session/be9a23df4294472c3cbe97a105488dd6/element/f.6CFE3FC8FA908A587831E8FD5FC52521.d.2785BC0A1558E36628B259D4FA308200.e.7358/click - {}
COMMAND: GET /session/be9a23df4294472c3cbe97a105488dd6/screenshot - {}
RESULT: {}
RESULT: {}
COMMAND: GET /session/be9a23df4294472c3cbe97a105488dd6/screenshot - {}
RESULT: {}
RESULT: {}
COMMAND: POST /session/be9a23df4294472c3cbe97a105488dd6/execute/async - {"script":"<script> [1562 bytes]","args":[{"selector":{"id":"application-manageresources-display-component---newResourceUnit--TYPE-arrow"},"wdio_ui5_key":"applicationmanageresources-display-component---newResourceUnit--TYPE-arrow"}]}
RESULT: {"script":"<script> [1562 bytes]","args":[{"selector":{"id":"application-manageresources-display-component---newResourceUnit--TYPE-arrow"},"wdio_ui5_key":"applicationmanageresources-display-component---newResourceUnit--TYPE-arrow"}]}
RESULT: undefined
COMMAND: POST /session/be9a23df4294472c3cbe97a105488dd6/element - {"using":"xpath","value":"//*[@id=\"application-manageresources-display-component---newResourceUnit--TYPE-arrow\"]"}
RESULT: {"using":"xpath","value":"//*[@id=\"application-manageresources-display-component---newResourceUnit--TYPE-arrow\"]"}
COMMAND: POST /session/be9a23df4294472c3cbe97a105488dd6/element/f.6CFE3FC8FA908A587831E8FD5FC52521.d.2785BC0A1558E36628B259D4FA308200.e.7729/click - {}
RESULT: {}
COMMAND: POST /session/be9a23df4294472c3cbe97a105488dd6/element - {"using":"xpath","value":"//input[@id=\"application-manageresources-display-component---newResourceUnit--TYPE-inner\"]"}
COMMAND: GET /session/be9a23df4294472c3cbe97a105488dd6/screenshot - {}
RESULT: {"using":"xpath","value":"//input[@id=\"application-manageresources-display-component---newResourceUnit--TYPE-inner\"]"}
COMMAND: POST /session/be9a23df4294472c3cbe97a105488dd6/element/f.6CFE3FC8FA908A587831E8FD5FC52521.d.2785BC0A1558E36628B259D4FA308200.e.7709/clear - {}
RESULT: {}
RESULT: {}
COMMAND: POST /session/be9a23df4294472c3cbe97a105488dd6/element/f.6CFE3FC8FA908A587831E8FD5FC52521.d.2785BC0A1558E36628B259D4FA308200.e.7709/value - {"text":"Equipment"}
COMMAND: GET /session/be9a23df4294472c3cbe97a105488dd6/screenshot - {}
RESULT: {"text":"Equipment"}
COMMAND: GET /session/be9a23df4294472c3cbe97a105488dd6/screenshot - {}
RESULT: {}
RESULT: {}
COMMAND: POST /session/be9a23df4294472c3cbe97a105488dd6/actions - {"actions":[{"id":"action26","type":"key","parameters":{},"actions":[{"type":"keyDown","value":""},{"type":"pause","duration":10},{"type":"keyUp","value":""}]}]}
RESULT: {"actions":[{"id":"action26","type":"key","parameters":{},"actions":[{"type":"keyDown","value":""},{"type":"pause","duration":10},{"type":"keyUp","value":""}]}]}
COMMAND: POST /session/be9a23df4294472c3cbe97a105488dd6/execute/async - {"script":"<script> [1562 bytes]","args":[{"selector":{"id":"application-manageresources-display-component---newResourceUnit--resourceId","interaction":{"idSuffix":"inner"}},"wdio_ui5_key":"applicationmanageresources-display-component---newResourceUnit--resourceId"}]}
COMMAND: GET /session/be9a23df4294472c3cbe97a105488dd6/screenshot - {}
RESULT: {"script":"<script> [1562 bytes]","args":[{"selector":{"id":"application-manageresources-display-component---newResourceUnit--resourceId","interaction":{"idSuffix":"inner"}},"wdio_ui5_key":"applicationmanageresources-display-component---newResourceUnit--resourceId"}]}
RESULT: undefined
COMMAND: POST /session/be9a23df4294472c3cbe97a105488dd6/execute/async - {"script":"<script> [776 bytes]","args":[{"enterText":"ticBmImJba","selector":{"id":"application-manageresources-display-component---newResourceUnit--resourceId","interaction":{"idSuffix":"inner"}},"clearTextFirst":true,"interactionType":"ENTER_TEXT"}]}
RESULT: {}
RESULT: {"script":"<script> [776 bytes]","args":[{"enterText":"ticBmImJba","selector":{"id":"application-manageresources-display-component---newResourceUnit--resourceId","interaction":{"idSuffix":"inner"}},"clearTextFirst":true,"interactionType":"ENTER_TEXT"}]}
COMMAND: POST /session/be9a23df4294472c3cbe97a105488dd6/execute/async - {"script":"<script> [1562 bytes]","args":[{"selector":{"id":"application-manageresources-display-component---newResourceUnit--SHORT_TEXT","interaction":{"idSuffix":"inner"}},"wdio_ui5_key":"applicationmanageresources-display-component---newResourceUnit--SHORT_TEXT"}]}
RESULT: {"script":"<script> [1562 bytes]","args":[{"selector":{"id":"application-manageresources-display-component---newResourceUnit--SHORT_TEXT","interaction":{"idSuffix":"inner"}},"wdio_ui5_key":"applicationmanageresources-display-component---newResourceUnit--SHORT_TEXT"}]}
RESULT: undefined
COMMAND: POST /session/be9a23df4294472c3cbe97a105488dd6/execute/async - {"script":"<script> [776 bytes]","args":[{"enterText":"Intercompany Equipment WDIO","selector":{"id":"application-manageresources-display-component---newResourceUnit--SHORT_TEXT","interaction":{"idSuffix":"inner"}},"clearTextFirst":true,"interactionType":"ENTER_TEXT"}]}
RESULT: {"script":"<script> [776 bytes]","args":[{"enterText":"Intercompany Equipment WDIO","selector":{"id":"application-manageresources-display-component---newResourceUnit--SHORT_TEXT","interaction":{"idSuffix":"inner"}},"clearTextFirst":true,"interactionType":"ENTER_TEXT"}]}
COMMAND: POST /session/be9a23df4294472c3cbe97a105488dd6/execute/async - {"script":"<script> [1562 bytes]","args":[{"selector":{"id":"application-manageresources-display-component---newResourceUnit--BASE_UNIT_OF_MEASURE","interaction":{"idSuffix":"inner"}},"wdio_ui5_key":"applicationmanageresources-display-component---newResourceUnit--BASE_UNIT_OF_MEASURE"}]}
RESULT: {"script":"<script> [1562 bytes]","args":[{"selector":{"id":"application-manageresources-display-component---newResourceUnit--BASE_UNIT_OF_MEASURE","interaction":{"idSuffix":"inner"}},"wdio_ui5_key":"applicationmanageresources-display-component---newResourceUnit--BASE_UNIT_OF_MEASURE"}]}
RESULT: undefined
COMMAND: POST /session/be9a23df4294472c3cbe97a105488dd6/execute/async - {"script":"<script> [776 bytes]","args":[{"enterText":"Piece","selector":{"id":"application-manageresources-display-component---newResourceUnit--BASE_UNIT_OF_MEASURE","interaction":{"idSuffix":"inner"}},"clearTextFirst":true,"interactionType":"ENTER_TEXT"}]}
RESULT: {"script":"<script> [776 bytes]","args":[{"enterText":"Piece","selector":{"id":"application-manageresources-display-component---newResourceUnit--BASE_UNIT_OF_MEASURE","interaction":{"idSuffix":"inner"}},"clearTextFirst":true,"interactionType":"ENTER_TEXT"}]}
COMMAND: POST /session/be9a23df4294472c3cbe97a105488dd6/execute/async - {"script":"<script> [1562 bytes]","args":[{"selector":{"id":"application-manageresources-display-component---newResourceUnit--WEIGHT_UNIT","interaction":{"idSuffix":"inner"}},"wdio_ui5_key":"applicationmanageresources-display-component---newResourceUnit--WEIGHT_UNIT"}]}
RESULT: {"script":"<script> [1562 bytes]","args":[{"selector":{"id":"application-manageresources-display-component---newResourceUnit--WEIGHT_UNIT","interaction":{"idSuffix":"inner"}},"wdio_ui5_key":"applicationmanageresources-display-component---newResourceUnit--WEIGHT_UNIT"}]}
RESULT: undefined
COMMAND: POST /session/be9a23df4294472c3cbe97a105488dd6/execute/async - {"script":"<script> [776 bytes]","args":[{"enterText":"Gram","selector":{"id":"application-manageresources-display-component---newResourceUnit--WEIGHT_UNIT","interaction":{"idSuffix":"inner"}},"clearTextFirst":true,"interactionType":"ENTER_TEXT"}]}
RESULT: {"script":"<script> [776 bytes]","args":[{"enterText":"Gram","selector":{"id":"application-manageresources-display-component---newResourceUnit--WEIGHT_UNIT","interaction":{"idSuffix":"inner"}},"clearTextFirst":true,"interactionType":"ENTER_TEXT"}]}
COMMAND: POST /session/be9a23df4294472c3cbe97a105488dd6/execute/async - {"script":"<script> [1562 bytes]","args":[{"selector":{"id":"application-manageresources-display-component---newResourceUnit--DIMENSION_UNIT","interaction":{"idSuffix":"inner"}},"wdio_ui5_key":"applicationmanageresources-display-component---newResourceUnit--DIMENSION_UNIT"}]}
RESULT: {"script":"<script> [1562 bytes]","args":[{"selector":{"id":"application-manageresources-display-component---newResourceUnit--DIMENSION_UNIT","interaction":{"idSuffix":"inner"}},"wdio_ui5_key":"applicationmanageresources-display-component---newResourceUnit--DIMENSION_UNIT"}]}
RESULT: undefined
COMMAND: POST /session/be9a23df4294472c3cbe97a105488dd6/execute/async - {"script":"<script> [776 bytes]","args":[{"enterText":"Meter","selector":{"id":"application-manageresources-display-component---newResourceUnit--DIMENSION_UNIT","interaction":{"idSuffix":"inner"}},"clearTextFirst":true,"interactionType":"ENTER_TEXT"}]}
RESULT: {"script":"<script> [776 bytes]","args":[{"enterText":"Meter","selector":{"id":"application-manageresources-display-component---newResourceUnit--DIMENSION_UNIT","interaction":{"idSuffix":"inner"}},"clearTextFirst":true,"interactionType":"ENTER_TEXT"}]}
COMMAND: POST /session/be9a23df4294472c3cbe97a105488dd6/execute/async - {"script":"<script> [1562 bytes]","args":[{"selector":{"id":"application-manageresources-display-component---newResourceUnit--newRRUPage-anchBar-application-manageresources-display-component---newResourceUnit--control-anchor","interaction":{"idSuffix":"BDI-content"}},"wdio_ui5_key":"applicationmanageresources-display-component---newResourceUnit--newRRUPage-anchBar-application-manageresources-display-component---newResourceUnit--control-anchor"}]}
RESULT: {"script":"<script> [1562 bytes]","args":[{"selector":{"id":"application-manageresources-display-component---newResourceUnit--newRRUPage-anchBar-application-manageresources-display-component---newResourceUnit--control-anchor","interaction":{"idSuffix":"BDI-content"}},"wdio_ui5_key":"applicationmanageresources-display-component---newResourceUnit--newRRUPage-anchBar-application-manageresources-display-component---newResourceUnit--control-anchor"}]}
RESULT: undefined
COMMAND: POST /session/be9a23df4294472c3cbe97a105488dd6/element - {"using":"xpath","value":"//*[@id=\"application-manageresources-display-component---newResourceUnit--newRRUPage-anchBar-application-manageresources-display-component---newResourceUnit--control-anchor\"]"}
RESULT: {"using":"xpath","value":"//*[@id=\"application-manageresources-display-component---newResourceUnit--newRRUPage-anchBar-application-manageresources-display-component---newResourceUnit--control-anchor\"]"}
COMMAND: POST /session/be9a23df4294472c3cbe97a105488dd6/element/f.6CFE3FC8FA908A587831E8FD5FC52521.d.2785BC0A1558E36628B259D4FA308200.e.7889/click - {}
RESULT: {}
COMMAND: POST /session/be9a23df4294472c3cbe97a105488dd6/execute/async - {"script":"<script> [1562 bytes]","args":[{"selector":{"id":"application-manageresources-display-component---newResourceUnit--PLANNING_GROUP","interaction":{"idSuffix":"inner"}},"wdio_ui5_key":"applicationmanageresources-display-component---newResourceUnit--PLANNING_GROUP"}]}
COMMAND: GET /session/be9a23df4294472c3cbe97a105488dd6/screenshot - {}
RESULT: {"script":"<script> [1562 bytes]","args":[{"selector":{"id":"application-manageresources-display-component---newResourceUnit--PLANNING_GROUP","interaction":{"idSuffix":"inner"}},"wdio_ui5_key":"applicationmanageresources-display-component---newResourceUnit--PLANNING_GROUP"}]}
RESULT: undefined
COMMAND: POST /session/be9a23df4294472c3cbe97a105488dd6/execute/async - {"script":"<script> [776 bytes]","args":[{"enterText":"Heavy Equi","selector":{"id":"application-manageresources-display-component---newResourceUnit--PLANNING_GROUP","interaction":{"idSuffix":"inner"}},"clearTextFirst":true,"interactionType":"ENTER_TEXT"}]}
RESULT: {}
RESULT: {"script":"<script> [776 bytes]","args":[{"enterText":"Heavy Equi","selector":{"id":"application-manageresources-display-component---newResourceUnit--PLANNING_GROUP","interaction":{"idSuffix":"inner"}},"clearTextFirst":true,"interactionType":"ENTER_TEXT"}]}
COMMAND: POST /session/be9a23df4294472c3cbe97a105488dd6/execute/async - {"script":"<script> [1562 bytes]","args":[{"selector":{"id":"application-manageresources-display-component---newResourceUnit--ITEM_TYPE-arrow"},"wdio_ui5_key":"applicationmanageresources-display-component---newResourceUnit--ITEM_TYPE-arrow"}]}
RESULT: {"script":"<script> [1562 bytes]","args":[{"selector":{"id":"application-manageresources-display-component---newResourceUnit--ITEM_TYPE-arrow"},"wdio_ui5_key":"applicationmanageresources-display-component---newResourceUnit--ITEM_TYPE-arrow"}]}
RESULT: undefined
COMMAND: POST /session/be9a23df4294472c3cbe97a105488dd6/element - {"using":"xpath","value":"//*[@id=\"application-manageresources-display-component---newResourceUnit--ITEM_TYPE-arrow\"]"}
RESULT: {"using":"xpath","value":"//*[@id=\"application-manageresources-display-component---newResourceUnit--ITEM_TYPE-arrow\"]"}
COMMAND: POST /session/be9a23df4294472c3cbe97a105488dd6/element/f.6CFE3FC8FA908A587831E8FD5FC52521.d.2785BC0A1558E36628B259D4FA308200.e.7896/click - {}
RESULT: {}
COMMAND: POST /session/be9a23df4294472c3cbe97a105488dd6/element - {"using":"xpath","value":"//ul[contains(@id,\"ITEM_TYPE-popup-list-listUl\")]//li[.//span[contains(text(),\"Resource Unit\")]]"}
COMMAND: GET /session/be9a23df4294472c3cbe97a105488dd6/screenshot - {}
RESULT: {"using":"xpath","value":"//ul[contains(@id,\"ITEM_TYPE-popup-list-listUl\")]//li[.//span[contains(text(),\"Resource Unit\")]]"}
COMMAND: POST /session/be9a23df4294472c3cbe97a105488dd6/element/f.6CFE3FC8FA908A587831E8FD5FC52521.d.2785BC0A1558E36628B259D4FA308200.e.7897/click - {}
RESULT: {}
RESULT: {}
COMMAND: GET /session/be9a23df4294472c3cbe97a105488dd6/screenshot - {}
RESULT: {}
COMMAND: POST /session/be9a23df4294472c3cbe97a105488dd6/element - {"using":"css selector","value":"#application-manageresources-display-component---newResourceUnit--btnAddTimeSegment"}
RESULT: {"using":"css selector","value":"#application-manageresources-display-component---newResourceUnit--btnAddTimeSegment"}
COMMAND: GET /session/be9a23df4294472c3cbe97a105488dd6/element/f.6CFE3FC8FA908A587831E8FD5FC52521.d.2785BC0A1558E36628B259D4FA308200.e.7905/rect - {}
RESULT: {}
COMMAND: GET /session/be9a23df4294472c3cbe97a105488dd6/window/rect - {}
RESULT: {}
COMMAND: POST /session/be9a23df4294472c3cbe97a105488dd6/execute/sync - {"script":"<script> [92 bytes]","args":[]}
RESULT: {"script":"<script> [92 bytes]","args":[]}
COMMAND: POST /session/be9a23df4294472c3cbe97a105488dd6/actions - {"actions":[{"id":"action27","type":"wheel","parameters":{},"actions":[{"type":"scroll","x":-1888,"y":-32,"deltaX":0,"deltaY":0,"duration":0,"origin":{"element-6066-11e4-a52e-4f735466cecf":"f.6CFE3FC8FA908A587831E8FD5FC52521.d.2785BC0A1558E36628B259D4FA308200.e.7905"}}]}]}
COMMAND: GET /session/be9a23df4294472c3cbe97a105488dd6/screenshot - {}
RESULT: {}
COMMAND: POST /session/be9a23df4294472c3cbe97a105488dd6/execute/sync - {"script":"<script> [79 bytes]","args":[{"element-6066-11e4-a52e-4f735466cecf":"f.6CFE3FC8FA908A587831E8FD5FC52521.d.2785BC0A1558E36628B259D4FA308200.e.7905","ELEMENT":"f.6CFE3FC8FA908A587831E8FD5FC52521.d.2785BC0A1558E36628B259D4FA308200.e.7905"},{"block":"start","inline":"nearest"}]}
RESULT: {"script":"<script> [79 bytes]","args":[{"element-6066-11e4-a52e-4f735466cecf":"f.6CFE3FC8FA908A587831E8FD5FC52521.d.2785BC0A1558E36628B259D4FA308200.e.7905","ELEMENT":"f.6CFE3FC8FA908A587831E8FD5FC52521.d.2785BC0A1558E36628B259D4FA308200.e.7905"},{"block":"start","inline":"nearest"}]}
COMMAND: POST /session/be9a23df4294472c3cbe97a105488dd6/execute/async - {"script":"<script> [1562 bytes]","args":[{"selector":{"id":"application-manageresources-display-component---newResourceUnit--btnAddTimeSegment","interaction":{"idSuffix":"inner"}},"wdio_ui5_key":"applicationmanageresources-display-component---newResourceUnit--btnAddTimeSegment"}]}
COMMAND: GET /session/be9a23df4294472c3cbe97a105488dd6/screenshot - {}
RESULT: {"script":"<script> [1562 bytes]","args":[{"selector":{"id":"application-manageresources-display-component---newResourceUnit--btnAddTimeSegment","interaction":{"idSuffix":"inner"}},"wdio_ui5_key":"applicationmanageresources-display-component---newResourceUnit--btnAddTimeSegment"}]}
RESULT: undefined
COMMAND: POST /session/be9a23df4294472c3cbe97a105488dd6/element - {"using":"xpath","value":"//*[@id=\"application-manageresources-display-component---newResourceUnit--btnAddTimeSegment\"]"}
RESULT: {}
RESULT: {"using":"xpath","value":"//*[@id=\"application-manageresources-display-component---newResourceUnit--btnAddTimeSegment\"]"}
COMMAND: POST /session/be9a23df4294472c3cbe97a105488dd6/element/f.6CFE3FC8FA908A587831E8FD5FC52521.d.2785BC0A1558E36628B259D4FA308200.e.7905/click - {}
RESULT: {}
COMMAND: GET /session/be9a23df4294472c3cbe97a105488dd6/screenshot - {}
RESULT: {}
COMMAND: POST /session/be9a23df4294472c3cbe97a105488dd6/element - {"using":"xpath","value":"//input[@id=\"application-manageresources-display-component---newResourceUnit--idRuTSAdmin-application-manageresources-display-component---newResourceUnit--RUTimeSegment-0-inner\"]"}
RESULT: {"using":"xpath","value":"//input[@id=\"application-manageresources-display-component---newResourceUnit--idRuTSAdmin-application-manageresources-display-component---newResourceUnit--RUTimeSegment-0-inner\"]"}
COMMAND: POST /session/be9a23df4294472c3cbe97a105488dd6/element/f.6CFE3FC8FA908A587831E8FD5FC52521.d.2785BC0A1558E36628B259D4FA308200.e.7911/clear - {}
RESULT: {}
COMMAND: POST /session/be9a23df4294472c3cbe97a105488dd6/element/f.6CFE3FC8FA908A587831E8FD5FC52521.d.2785BC0A1558E36628B259D4FA308200.e.7911/value - {"text":"556"}
COMMAND: GET /session/be9a23df4294472c3cbe97a105488dd6/screenshot - {}
RESULT: {"text":"556"}
COMMAND: GET /session/be9a23df4294472c3cbe97a105488dd6/screenshot - {}
RESULT: {}
RESULT: {}
COMMAND: POST /session/be9a23df4294472c3cbe97a105488dd6/element - {"using":"xpath","value":"//li[.//span[text()='556']]"}
RESULT: {"using":"xpath","value":"//li[.//span[text()='556']]"}
COMMAND: POST /session/be9a23df4294472c3cbe97a105488dd6/element/f.6CFE3FC8FA908A587831E8FD5FC52521.d.2785BC0A1558E36628B259D4FA308200.e.7925/click - {}
RESULT: {}
COMMAND: GET /session/be9a23df4294472c3cbe97a105488dd6/screenshot - {}
RESULT: {}
COMMAND: POST /session/be9a23df4294472c3cbe97a105488dd6/element - {"using":"xpath","value":"(//span[contains(@id, \"-application-manageresources-display-component---newResourceUnit--RUTimeSegment-0-arrow\")])[6]"}
RESULT: {"using":"xpath","value":"(//span[contains(@id, \"-application-manageresources-display-component---newResourceUnit--RUTimeSegment-0-arrow\")])[6]"}
COMMAND: POST /session/be9a23df4294472c3cbe97a105488dd6/element/f.6CFE3FC8FA908A587831E8FD5FC52521.d.2785BC0A1558E36628B259D4FA308200.e.7926/click - {}
RESULT: {}
COMMAND: GET /session/be9a23df4294472c3cbe97a105488dd6/screenshot - {}
RESULT: {}
COMMAND: POST /session/be9a23df4294472c3cbe97a105488dd6/element - {"using":"xpath","value":"//span[contains(text(), \"PM Order\")]"}
RESULT: {"using":"xpath","value":"//span[contains(text(), \"PM Order\")]"}
COMMAND: POST /session/be9a23df4294472c3cbe97a105488dd6/element/f.6CFE3FC8FA908A587831E8FD5FC52521.d.2785BC0A1558E36628B259D4FA308200.e.7929/click - {}
RESULT: {}
COMMAND: GET /session/be9a23df4294472c3cbe97a105488dd6/screenshot - {}
RESULT: {}
COMMAND: POST /session/be9a23df4294472c3cbe97a105488dd6/element - {"using":"xpath","value":"(//span[contains(@id ,\"manageresources-display-component---newResourceUnit--RUTimeSegment-0-vhi\")])[1]"}
RESULT: {"using":"xpath","value":"(//span[contains(@id ,\"manageresources-display-component---newResourceUnit--RUTimeSegment-0-vhi\")])[1]"}
COMMAND: GET /session/be9a23df4294472c3cbe97a105488dd6/element/f.6CFE3FC8FA908A587831E8FD5FC52521.d.2785BC0A1558E36628B259D4FA308200.e.7933/rect - {}
RESULT: {}
COMMAND: GET /session/be9a23df4294472c3cbe97a105488dd6/window/rect - {}
RESULT: {}
COMMAND: POST /session/be9a23df4294472c3cbe97a105488dd6/execute/sync - {"script":"<script> [92 bytes]","args":[]}
RESULT: {"script":"<script> [92 bytes]","args":[]}
COMMAND: POST /session/be9a23df4294472c3cbe97a105488dd6/actions - {"actions":[{"id":"action28","type":"wheel","parameters":{},"actions":[{"type":"scroll","x":-869,"y":-24,"deltaX":0,"deltaY":0,"duration":0,"origin":{"element-6066-11e4-a52e-4f735466cecf":"f.6CFE3FC8FA908A587831E8FD5FC52521.d.2785BC0A1558E36628B259D4FA308200.e.7933"}}]}]}
COMMAND: GET /session/be9a23df4294472c3cbe97a105488dd6/screenshot - {}
RESULT: {"actions":[{"id":"action28","type":"wheel","parameters":{},"actions":[{"type":"scroll","x":-869,"y":-24,"deltaX":0,"deltaY":0,"duration":0,"origin":{"element-6066-11e4-a52e-4f735466cecf":"f.6CFE3FC8FA908A587831E8FD5FC52521.d.2785BC0A1558E36628B259D4FA308200.e.7933"}}]}]}
COMMAND: DELETE /session/be9a23df4294472c3cbe97a105488dd6/actions - {}
COMMAND: GET /session/be9a23df4294472c3cbe97a105488dd6/screenshot - {}
RESULT: {}
RESULT: {}
COMMAND: GET /session/be9a23df4294472c3cbe97a105488dd6/screenshot - {}
RESULT: {}
RESULT: {}
COMMAND: POST /session/be9a23df4294472c3cbe97a105488dd6/element/f.6CFE3FC8FA908A587831E8FD5FC52521.d.2785BC0A1558E36628B259D4FA308200.e.7933/click - {}
RESULT: {}
COMMAND: GET /session/be9a23df4294472c3cbe97a105488dd6/screenshot - {}
RESULT: {}
COMMAND: POST /session/be9a23df4294472c3cbe97a105488dd6/execute/async - {"script":"<script> [1562 bytes]","args":[{"selector":{"controlType":"sap.m.SearchField","properties":{"placeholder":"Search"},"searchOpenDialogs":true,"interaction":{"idSuffix":"I"}},"wdio_ui5_key":"sapm.SearchField{\"placeholder\":\"Search\"}"}]}
RESULT: {"script":"<script> [1562 bytes]","args":[{"selector":{"controlType":"sap.m.SearchField","properties":{"placeholder":"Search"},"searchOpenDialogs":true,"interaction":{"idSuffix":"I"}},"wdio_ui5_key":"sapm.SearchField{\"placeholder\":\"Search\"}"}]}
RESULT: undefined
COMMAND: POST /session/be9a23df4294472c3cbe97a105488dd6/execute/async - {"script":"<script> [776 bytes]","args":[{"enterText":"4000360","selector":{"controlType":"sap.m.SearchField","properties":{"placeholder":"Search"},"searchOpenDialogs":true,"interaction":{"idSuffix":"I"}},"clearTextFirst":true,"interactionType":"ENTER_TEXT"}]}
RESULT: {"script":"<script> [776 bytes]","args":[{"enterText":"4000360","selector":{"controlType":"sap.m.SearchField","properties":{"placeholder":"Search"},"searchOpenDialogs":true,"interaction":{"idSuffix":"I"}},"clearTextFirst":true,"interactionType":"ENTER_TEXT"}]}
COMMAND: POST /session/be9a23df4294472c3cbe97a105488dd6/actions - {"actions":[{"id":"action29","type":"key","parameters":{},"actions":[{"type":"keyDown","value":""},{"type":"pause","duration":10},{"type":"keyUp","value":""}]}]}
RESULT: {"actions":[{"id":"action29","type":"key","parameters":{},"actions":[{"type":"keyDown","value":""},{"type":"pause","duration":10},{"type":"keyUp","value":""}]}]}
COMMAND: GET /session/be9a23df4294472c3cbe97a105488dd6/screenshot - {}
RESULT: {}
COMMAND: POST /session/be9a23df4294472c3cbe97a105488dd6/element - {"using":"xpath","value":"//td/div/span[contains(text(), \"BGL Vehicles\")]"}
RESULT: {"using":"xpath","value":"//td/div/span[contains(text(), \"BGL Vehicles\")]"}
COMMAND: POST /session/be9a23df4294472c3cbe97a105488dd6/element/f.6CFE3FC8FA908A587831E8FD5FC52521.d.2785BC0A1558E36628B259D4FA308200.e.7954/click - {}
RESULT: {}
COMMAND: GET /session/be9a23df4294472c3cbe97a105488dd6/screenshot - {}
RESULT: {}
COMMAND: POST /session/be9a23df4294472c3cbe97a105488dd6/element - {"using":"xpath","value":"//bdi[contains(text(), \"OK\")]"}
RESULT: {"using":"xpath","value":"//bdi[contains(text(), \"OK\")]"}
COMMAND: POST /session/be9a23df4294472c3cbe97a105488dd6/element/f.6CFE3FC8FA908A587831E8FD5FC52521.d.2785BC0A1558E36628B259D4FA308200.e.7955/click - {}
RESULT: {}
COMMAND: GET /session/be9a23df4294472c3cbe97a105488dd6/screenshot - {}
RESULT: {}
COMMAND: POST /session/be9a23df4294472c3cbe97a105488dd6/execute/async - {"script":"<script> [1562 bytes]","args":[{"selector":{"id":"application-manageresources-display-component---newResourceUnit--newRRUPage-anchBar-application-manageresources-display-component---newResourceUnit--resource-anchor","interaction":{"idSuffix":"BDI-content"}},"wdio_ui5_key":"applicationmanageresources-display-component---newResourceUnit--newRRUPage-anchBar-application-manageresources-display-component---newResourceUnit--resource-anchor"}]}
RESULT: {"script":"<script> [1562 bytes]","args":[{"selector":{"id":"application-manageresources-display-component---newResourceUnit--newRRUPage-anchBar-application-manageresources-display-component---newResourceUnit--resource-anchor","interaction":{"idSuffix":"BDI-content"}},"wdio_ui5_key":"applicationmanageresources-display-component---newResourceUnit--newRRUPage-anchBar-application-manageresources-display-component---newResourceUnit--resource-anchor"}]}
RESULT: undefined
COMMAND: POST /session/be9a23df4294472c3cbe97a105488dd6/element - {"using":"xpath","value":"//*[@id=\"application-manageresources-display-component---newResourceUnit--newRRUPage-anchBar-application-manageresources-display-component---newResourceUnit--resource-anchor\"]"}
RESULT: {"using":"xpath","value":"//*[@id=\"application-manageresources-display-component---newResourceUnit--newRRUPage-anchBar-application-manageresources-display-component---newResourceUnit--resource-anchor\"]"}
COMMAND: POST /session/be9a23df4294472c3cbe97a105488dd6/element/f.6CFE3FC8FA908A587831E8FD5FC52521.d.2785BC0A1558E36628B259D4FA308200.e.7959/click - {}
RESULT: {}
COMMAND: POST /session/be9a23df4294472c3cbe97a105488dd6/execute/async - {"script":"<script> [1562 bytes]","args":[{"selector":{"id":"application-manageresources-display-component---newResourceUnit--PLANNED_DELIVERY_DATE","interaction":{"idSuffix":"inner"}},"wdio_ui5_key":"applicationmanageresources-display-component---newResourceUnit--PLANNED_DELIVERY_DATE"}]}
COMMAND: GET /session/be9a23df4294472c3cbe97a105488dd6/screenshot - {}
RESULT: {"script":"<script> [1562 bytes]","args":[{"selector":{"id":"application-manageresources-display-component---newResourceUnit--PLANNED_DELIVERY_DATE","interaction":{"idSuffix":"inner"}},"wdio_ui5_key":"applicationmanageresources-display-component---newResourceUnit--PLANNED_DELIVERY_DATE"}]}
RESULT: undefined
COMMAND: POST /session/be9a23df4294472c3cbe97a105488dd6/execute/async - {"script":"<script> [6424 bytes]","args":[{"element-6066-11e4-a52e-4f735466cecf":"f.6CFE3FC8FA908A587831E8FD5FC52521.d.2785BC0A1558E36628B259D4FA308200.e.7787"},"setValue",["6/1/25"]]}
RESULT: {}
RESULT: {"script":"<script> [6424 bytes]","args":[{"element-6066-11e4-a52e-4f735466cecf":"f.6CFE3FC8FA908A587831E8FD5FC52521.d.2785BC0A1558E36628B259D4FA308200.e.7787"},"setValue",["6/1/25"]]}
COMMAND: POST /session/be9a23df4294472c3cbe97a105488dd6/element - {"using":"xpath","value":"//label[contains(@class, 'sapMLabelRequired') and .//bdi[contains(text(), 'Planned Retirement')]]"}
RESULT: {"using":"xpath","value":"//label[contains(@class, 'sapMLabelRequired') and .//bdi[contains(text(), 'Planned Retirement')]]"}
COMMAND: POST /session/be9a23df4294472c3cbe97a105488dd6/elements - {"using":"xpath","value":"//label[contains(@class, 'sapMLabelRequired') and .//bdi[contains(text(), 'Planned Retirement')]]"}
RESULT: {"using":"xpath","value":"//label[contains(@class, 'sapMLabelRequired') and .//bdi[contains(text(), 'Planned Retirement')]]"}
COMMAND: POST /session/be9a23df4294472c3cbe97a105488dd6/element - {"using":"xpath","value":"//button[@data-kt=\"resourceUnitSaveButton\"]"}
RESULT: {"using":"xpath","value":"//button[@data-kt=\"resourceUnitSaveButton\"]"}
COMMAND: POST /session/be9a23df4294472c3cbe97a105488dd6/element/f.6CFE3FC8FA908A587831E8FD5FC52521.d.2785BC0A1558E36628B259D4FA308200.e.7746/click - {}
RESULT: {}
COMMAND: GET /session/be9a23df4294472c3cbe97a105488dd6/screenshot - {}
RESULT: {}
COMMAND: POST /session/be9a23df4294472c3cbe97a105488dd6/element - {"using":"xpath","value":"//bdi[contains(text(), \"Close\")]"}
RESULT: {"using":"xpath","value":"//bdi[contains(text(), \"Close\")]"}
COMMAND: POST /session/be9a23df4294472c3cbe97a105488dd6/element/f.6CFE3FC8FA908A587831E8FD5FC52521.d.2785BC0A1558E36628B259D4FA308200.e.7969/click - {}
RESULT: {}
COMMAND: GET /session/be9a23df4294472c3cbe97a105488dd6/screenshot - {}
RESULT: {}
COMMAND: POST /session/be9a23df4294472c3cbe97a105488dd6/element - {"using":"xpath","value":"//bdi[contains(text(), \"Edit\")]"}
RESULT: {"using":"xpath","value":"//bdi[contains(text(), \"Edit\")]"}
COMMAND: POST /session/be9a23df4294472c3cbe97a105488dd6/execute/sync - {"script":"<script> [8489 bytes]","args":[{"element-6066-11e4-a52e-4f735466cecf":"f.6CFE3FC8FA908A587831E8FD5FC52521.d.2785BC0A1558E36628B259D4FA308200.e.8024","ELEMENT":"f.6CFE3FC8FA908A587831E8FD5FC52521.d.2785BC0A1558E36628B259D4FA308200.e.8024"}]}
RESULT: {"script":"<script> [8489 bytes]","args":[{"element-6066-11e4-a52e-4f735466cecf":"f.6CFE3FC8FA908A587831E8FD5FC52521.d.2785BC0A1558E36628B259D4FA308200.e.8024","ELEMENT":"f.6CFE3FC8FA908A587831E8FD5FC52521.d.2785BC0A1558E36628B259D4FA308200.e.8024"}]}
COMMAND: POST /session/be9a23df4294472c3cbe97a105488dd6/element/f.6CFE3FC8FA908A587831E8FD5FC52521.d.2785BC0A1558E36628B259D4FA308200.e.8024/click - {}
COMMAND: GET /session/be9a23df4294472c3cbe97a105488dd6/screenshot - {}
RESULT: {}
COMMAND: GET /session/be9a23df4294472c3cbe97a105488dd6/screenshot - {}
RESULT: {}
RESULT: {}
COMMAND: POST /session/be9a23df4294472c3cbe97a105488dd6/execute/async - {"script":"<script> [1562 bytes]","args":[{"selector":{"id":"application-manageresources-display-component---editResource--editRruPage-anchBar-application-manageresources-display-component---editResource--counters-anchor","interaction":{"idSuffix":"BDI-content"}},"wdio_ui5_key":"applicationmanageresources-display-component---editResource--editRruPage-anchBar-application-manageresources-display-component---editResource--counters-anchor"}]}
RESULT: {"script":"<script> [1562 bytes]","args":[{"selector":{"id":"application-manageresources-display-component---editResource--editRruPage-anchBar-application-manageresources-display-component---editResource--counters-anchor","interaction":{"idSuffix":"BDI-content"}},"wdio_ui5_key":"applicationmanageresources-display-component---editResource--editRruPage-anchBar-application-manageresources-display-component---editResource--counters-anchor"}]}
RESULT: undefined
COMMAND: POST /session/be9a23df4294472c3cbe97a105488dd6/element - {"using":"xpath","value":"//*[@id=\"application-manageresources-display-component---editResource--editRruPage-anchBar-application-manageresources-display-component---editResource--counters-anchor\"]"}
RESULT: {"using":"xpath","value":"//*[@id=\"application-manageresources-display-component---editResource--editRruPage-anchBar-application-manageresources-display-component---editResource--counters-anchor\"]"}
COMMAND: POST /session/be9a23df4294472c3cbe97a105488dd6/element/f.6CFE3FC8FA908A587831E8FD5FC52521.d.2785BC0A1558E36628B259D4FA308200.e.8169/click - {}
RESULT: {}
COMMAND: GET /session/be9a23df4294472c3cbe97a105488dd6/screenshot - {}
RESULT: {}
COMMAND: POST /session/be9a23df4294472c3cbe97a105488dd6/execute/async - {"script":"<script> [1562 bytes]","args":[{"selector":{"id":"application-manageresources-display-component---editResource--btnAddCounter-img"},"wdio_ui5_key":"applicationmanageresources-display-component---editResource--btnAddCounter-img"}]}
RESULT: {"script":"<script> [1562 bytes]","args":[{"selector":{"id":"application-manageresources-display-component---editResource--btnAddCounter-img"},"wdio_ui5_key":"applicationmanageresources-display-component---editResource--btnAddCounter-img"}]}
RESULT: undefined
COMMAND: POST /session/be9a23df4294472c3cbe97a105488dd6/element - {"using":"xpath","value":"//*[@id=\"application-manageresources-display-component---editResource--btnAddCounter-img\"]"}
RESULT: {"using":"xpath","value":"//*[@id=\"application-manageresources-display-component---editResource--btnAddCounter-img\"]"}
COMMAND: POST /session/be9a23df4294472c3cbe97a105488dd6/element/f.6CFE3FC8FA908A587831E8FD5FC52521.d.2785BC0A1558E36628B259D4FA308200.e.8174/click - {}
RESULT: {}
COMMAND: POST /session/be9a23df4294472c3cbe97a105488dd6/execute/async - {"script":"<script> [1562 bytes]","args":[{"selector":{"id":"application-manageresources-display-component---editResource--COUNTER_ID-application-manageresources-display-component---editResource--RUCounters-0-arrow"},"wdio_ui5_key":"applicationmanageresources-display-component---editResource--COUNTER_ID-application-manageresources-display-component---editResource--RUCounters-0-arrow"}]}
COMMAND: GET /session/be9a23df4294472c3cbe97a105488dd6/screenshot - {}
RESULT: {"script":"<script> [1562 bytes]","args":[{"selector":{"id":"application-manageresources-display-component---editResource--COUNTER_ID-application-manageresources-display-component---editResource--RUCounters-0-arrow"},"wdio_ui5_key":"applicationmanageresources-display-component---editResource--COUNTER_ID-application-manageresources-display-component---editResource--RUCounters-0-arrow"}]}
RESULT: undefined
COMMAND: POST /session/be9a23df4294472c3cbe97a105488dd6/element - {"using":"xpath","value":"//*[@id=\"application-manageresources-display-component---editResource--COUNTER_ID-application-manageresources-display-component---editResource--RUCounters-0-arrow\"]"}
RESULT: {}
RESULT: {"using":"xpath","value":"//*[@id=\"application-manageresources-display-component---editResource--COUNTER_ID-application-manageresources-display-component---editResource--RUCounters-0-arrow\"]"}
COMMAND: POST /session/be9a23df4294472c3cbe97a105488dd6/element/f.6CFE3FC8FA908A587831E8FD5FC52521.d.2785BC0A1558E36628B259D4FA308200.e.8179/click - {}
RESULT: {}
COMMAND: POST /session/be9a23df4294472c3cbe97a105488dd6/execute/async - {"script":"<script> [1562 bytes]","args":[{"selector":{"controlType":"sap.m.StandardListItem","viewName":"etm.portal.ui.manageresources.view.EditResource","viewId":"application-manageresources-display-component---editResource","properties":{"title":"fuel"},"searchOpenDialogs":true,"interaction":{"idSuffix":"content"}},"wdio_ui5_key":"etmportal.ui.manageresources.view.EditResourcesap.m.StandardListItem{\"title\":\"fuel\"}"}]}
COMMAND: GET /session/be9a23df4294472c3cbe97a105488dd6/screenshot - {}
RESULT: {"script":"<script> [1562 bytes]","args":[{"selector":{"controlType":"sap.m.StandardListItem","viewName":"etm.portal.ui.manageresources.view.EditResource","viewId":"application-manageresources-display-component---editResource","properties":{"title":"fuel"},"searchOpenDialogs":true,"interaction":{"idSuffix":"content"}},"wdio_ui5_key":"etmportal.ui.manageresources.view.EditResourcesap.m.StandardListItem{\"title\":\"fuel\"}"}]}
RESULT: undefined
COMMAND: POST /session/be9a23df4294472c3cbe97a105488dd6/element - {"using":"xpath","value":"//*[@id=\"__item1238\"]"}
RESULT: {}
RESULT: {"using":"xpath","value":"//*[@id=\"__item1238\"]"}
COMMAND: POST /session/be9a23df4294472c3cbe97a105488dd6/element/f.6CFE3FC8FA908A587831E8FD5FC52521.d.2785BC0A1558E36628B259D4FA308200.e.8181/click - {}
RESULT: {}
COMMAND: GET /session/be9a23df4294472c3cbe97a105488dd6/screenshot - {}
RESULT: {}
COMMAND: POST /session/be9a23df4294472c3cbe97a105488dd6/element - {"using":"xpath","value":"//button[@data-kt=\"saveButton\"]"}
RESULT: {"using":"xpath","value":"//button[@data-kt=\"saveButton\"]"}
COMMAND: POST /session/be9a23df4294472c3cbe97a105488dd6/element/f.6CFE3FC8FA908A587831E8FD5FC52521.d.2785BC0A1558E36628B259D4FA308200.e.8182/click - {}
RESULT: {}
COMMAND: GET /session/be9a23df4294472c3cbe97a105488dd6/screenshot - {}
RESULT: {}
COMMAND: POST /session/be9a23df4294472c3cbe97a105488dd6/element - {"using":"xpath","value":"(//button[contains(@id ,\"actionsToolbar-overflowButton\")])[1]"}
RESULT: {"using":"xpath","value":"(//button[contains(@id ,\"actionsToolbar-overflowButton\")])[1]"}
COMMAND: POST /session/be9a23df4294472c3cbe97a105488dd6/element/f.6CFE3FC8FA908A587831E8FD5FC52521.d.2785BC0A1558E36628B259D4FA308200.e.8195/click - {}
RESULT: {}
COMMAND: GET /session/be9a23df4294472c3cbe97a105488dd6/screenshot - {}
RESULT: {}
COMMAND: POST /session/be9a23df4294472c3cbe97a105488dd6/element - {"using":"xpath","value":"//button[@data-kt=\"priceInfoButton\"]"}
RESULT: {"using":"xpath","value":"//button[@data-kt=\"priceInfoButton\"]"}
COMMAND: POST /session/be9a23df4294472c3cbe97a105488dd6/element/f.6CFE3FC8FA908A587831E8FD5FC52521.d.2785BC0A1558E36628B259D4FA308200.e.8197/click - {}
RESULT: {}
COMMAND: GET /session/be9a23df4294472c3cbe97a105488dd6/screenshot - {}
RESULT: {}
]]></system-out>
    </testcase>
    <testcase classname="chrome.136_0_7103_93.windows.Create_master_data_for_mixed_billing_&amp;_do_billing_calculation_US151661" name="Should create a TB pricing procedure" time="52.548">
      <system-out><![CDATA[
COMMAND: POST /session/be9a23df4294472c3cbe97a105488dd6/element - {"using":"xpath","value":"//button[@data-kt=\"addButton\"]"}
RESULT: {"using":"xpath","value":"//button[@data-kt=\"addButton\"]"}
COMMAND: POST /session/be9a23df4294472c3cbe97a105488dd6/elements - {"using":"xpath","value":"//button[@data-kt=\"addButton\"]"}
RESULT: {"using":"xpath","value":"//button[@data-kt=\"addButton\"]"}
COMMAND: POST /session/be9a23df4294472c3cbe97a105488dd6/elements - {"using":"xpath","value":"//button[@data-kt=\"addButton\"]"}
RESULT: {"using":"xpath","value":"//button[@data-kt=\"addButton\"]"}
COMMAND: POST /session/be9a23df4294472c3cbe97a105488dd6/element - {"using":"xpath","value":"//button[@data-kt=\"addButton\"]"}
RESULT: {"using":"xpath","value":"//button[@data-kt=\"addButton\"]"}
COMMAND: POST /session/be9a23df4294472c3cbe97a105488dd6/execute/sync - {"script":"<script> [8489 bytes]","args":[{"element-6066-11e4-a52e-4f735466cecf":"f.6CFE3FC8FA908A587831E8FD5FC52521.d.2785BC0A1558E36628B259D4FA308200.e.8233","ELEMENT":"f.6CFE3FC8FA908A587831E8FD5FC52521.d.2785BC0A1558E36628B259D4FA308200.e.8233"}]}
RESULT: {"script":"<script> [8489 bytes]","args":[{"element-6066-11e4-a52e-4f735466cecf":"f.6CFE3FC8FA908A587831E8FD5FC52521.d.2785BC0A1558E36628B259D4FA308200.e.8233","ELEMENT":"f.6CFE3FC8FA908A587831E8FD5FC52521.d.2785BC0A1558E36628B259D4FA308200.e.8233"}]}
COMMAND: GET /session/be9a23df4294472c3cbe97a105488dd6/element/f.6CFE3FC8FA908A587831E8FD5FC52521.d.2785BC0A1558E36628B259D4FA308200.e.8233/enabled - {}
COMMAND: GET /session/be9a23df4294472c3cbe97a105488dd6/screenshot - {}
RESULT: {}
COMMAND: POST /session/be9a23df4294472c3cbe97a105488dd6/execute/sync - {"script":"<script> [8489 bytes]","args":[{"element-6066-11e4-a52e-4f735466cecf":"f.6CFE3FC8FA908A587831E8FD5FC52521.d.2785BC0A1558E36628B259D4FA308200.e.8233","ELEMENT":"f.6CFE3FC8FA908A587831E8FD5FC52521.d.2785BC0A1558E36628B259D4FA308200.e.8233"}]}
COMMAND: GET /session/be9a23df4294472c3cbe97a105488dd6/screenshot - {}
RESULT: {}
RESULT: {"script":"<script> [8489 bytes]","args":[{"element-6066-11e4-a52e-4f735466cecf":"f.6CFE3FC8FA908A587831E8FD5FC52521.d.2785BC0A1558E36628B259D4FA308200.e.8233","ELEMENT":"f.6CFE3FC8FA908A587831E8FD5FC52521.d.2785BC0A1558E36628B259D4FA308200.e.8233"}]}
COMMAND: POST /session/be9a23df4294472c3cbe97a105488dd6/execute/sync - {"script":"<script> [5351 bytes]","args":[{"element-6066-11e4-a52e-4f735466cecf":"f.6CFE3FC8FA908A587831E8FD5FC52521.d.2785BC0A1558E36628B259D4FA308200.e.8233","ELEMENT":"f.6CFE3FC8FA908A587831E8FD5FC52521.d.2785BC0A1558E36628B259D4FA308200.e.8233"}]}
COMMAND: GET /session/be9a23df4294472c3cbe97a105488dd6/screenshot - {}
RESULT: {}
RESULT: {"script":"<script> [5351 bytes]","args":[{"element-6066-11e4-a52e-4f735466cecf":"f.6CFE3FC8FA908A587831E8FD5FC52521.d.2785BC0A1558E36628B259D4FA308200.e.8233","ELEMENT":"f.6CFE3FC8FA908A587831E8FD5FC52521.d.2785BC0A1558E36628B259D4FA308200.e.8233"}]}
COMMAND: POST /session/be9a23df4294472c3cbe97a105488dd6/element/f.6CFE3FC8FA908A587831E8FD5FC52521.d.2785BC0A1558E36628B259D4FA308200.e.8233/click - {}
COMMAND: GET /session/be9a23df4294472c3cbe97a105488dd6/screenshot - {}
RESULT: {}
RESULT: {}
COMMAND: GET /session/be9a23df4294472c3cbe97a105488dd6/screenshot - {}
RESULT: {}
RESULT: {}
COMMAND: POST /session/be9a23df4294472c3cbe97a105488dd6/execute/async - {"script":"<script> [1562 bytes]","args":[{"selector":{"controlType":"sap.m.Title","viewName":"etm.portal.ui.managepricingrules.view.NewItem","viewId":"application-managepricingrules-display-component---newInfoPriceItem","properties":{"text":"New Pricing Rules - Item Level"}},"wdio_ui5_key":"etmportal.ui.managepricingrules.view.NewItemsap.m.Title{\"text\":\"New Pricing Rules - Item Level\"}"}]}
RESULT: {"script":"<script> [1562 bytes]","args":[{"selector":{"controlType":"sap.m.Title","viewName":"etm.portal.ui.managepricingrules.view.NewItem","viewId":"application-managepricingrules-display-component---newInfoPriceItem","properties":{"text":"New Pricing Rules - Item Level"}},"wdio_ui5_key":"etmportal.ui.managepricingrules.view.NewItemsap.m.Title{\"text\":\"New Pricing Rules - Item Level\"}"}]}
RESULT: undefined
COMMAND: POST /session/be9a23df4294472c3cbe97a105488dd6/execute/async - {"script":"<script> [6424 bytes]","args":[{"element-6066-11e4-a52e-4f735466cecf":"f.6CFE3FC8FA908A587831E8FD5FC52521.d.2785BC0A1558E36628B259D4FA308200.e.8404"},"getText",[]]}
RESULT: {"script":"<script> [6424 bytes]","args":[{"element-6066-11e4-a52e-4f735466cecf":"f.6CFE3FC8FA908A587831E8FD5FC52521.d.2785BC0A1558E36628B259D4FA308200.e.8404"},"getText",[]]}
COMMAND: POST /session/be9a23df4294472c3cbe97a105488dd6/execute/async - {"script":"<script> [1562 bytes]","args":[{"selector":{"id":"application-managepricingrules-display-component---newInfoPriceItem--condValidTo","interaction":{"idSuffix":"inner"}},"wdio_ui5_key":"applicationmanagepricingrules-display-component---newInfoPriceItem--condValidTo"}]}
RESULT: {"script":"<script> [1562 bytes]","args":[{"selector":{"id":"application-managepricingrules-display-component---newInfoPriceItem--condValidTo","interaction":{"idSuffix":"inner"}},"wdio_ui5_key":"applicationmanagepricingrules-display-component---newInfoPriceItem--condValidTo"}]}
RESULT: undefined
COMMAND: POST /session/be9a23df4294472c3cbe97a105488dd6/execute/async - {"script":"<script> [776 bytes]","args":[{"enterText":"2/1/26","selector":{"id":"application-managepricingrules-display-component---newInfoPriceItem--condValidTo","interaction":{"idSuffix":"inner"}},"clearTextFirst":true,"interactionType":"ENTER_TEXT"}]}
RESULT: {"script":"<script> [776 bytes]","args":[{"enterText":"2/1/26","selector":{"id":"application-managepricingrules-display-component---newInfoPriceItem--condValidTo","interaction":{"idSuffix":"inner"}},"clearTextFirst":true,"interactionType":"ENTER_TEXT"}]}
COMMAND: POST /session/be9a23df4294472c3cbe97a105488dd6/execute/async - {"script":"<script> [1562 bytes]","args":[{"selector":{"id":"application-managepricingrules-display-component---newInfoPriceItem--billType-arrow"},"wdio_ui5_key":"applicationmanagepricingrules-display-component---newInfoPriceItem--billType-arrow"}]}
RESULT: {"script":"<script> [1562 bytes]","args":[{"selector":{"id":"application-managepricingrules-display-component---newInfoPriceItem--billType-arrow"},"wdio_ui5_key":"applicationmanagepricingrules-display-component---newInfoPriceItem--billType-arrow"}]}
RESULT: undefined
COMMAND: POST /session/be9a23df4294472c3cbe97a105488dd6/element - {"using":"xpath","value":"//*[@id=\"application-managepricingrules-display-component---newInfoPriceItem--billType-arrow\"]"}
RESULT: {"using":"xpath","value":"//*[@id=\"application-managepricingrules-display-component---newInfoPriceItem--billType-arrow\"]"}
COMMAND: POST /session/be9a23df4294472c3cbe97a105488dd6/element/f.6CFE3FC8FA908A587831E8FD5FC52521.d.2785BC0A1558E36628B259D4FA308200.e.8362/click - {}
RESULT: {}
COMMAND: POST /session/be9a23df4294472c3cbe97a105488dd6/element - {"using":"xpath","value":"//span[contains(text(), \"TB - Time based\")]"}
COMMAND: GET /session/be9a23df4294472c3cbe97a105488dd6/screenshot - {}
RESULT: {"using":"xpath","value":"//span[contains(text(), \"TB - Time based\")]"}
COMMAND: POST /session/be9a23df4294472c3cbe97a105488dd6/element/f.6CFE3FC8FA908A587831E8FD5FC52521.d.2785BC0A1558E36628B259D4FA308200.e.8406/click - {}
RESULT: {}
RESULT: {}
COMMAND: POST /session/be9a23df4294472c3cbe97a105488dd6/execute/async - {"script":"<script> [1562 bytes]","args":[{"selector":{"id":"application-managepricingrules-display-component---newInfoPriceItem--priceProc-arrow"},"wdio_ui5_key":"applicationmanagepricingrules-display-component---newInfoPriceItem--priceProc-arrow"}]}
COMMAND: GET /session/be9a23df4294472c3cbe97a105488dd6/screenshot - {}
RESULT: {"script":"<script> [1562 bytes]","args":[{"selector":{"id":"application-managepricingrules-display-component---newInfoPriceItem--priceProc-arrow"},"wdio_ui5_key":"applicationmanagepricingrules-display-component---newInfoPriceItem--priceProc-arrow"}]}
RESULT: undefined
COMMAND: POST /session/be9a23df4294472c3cbe97a105488dd6/element - {"using":"xpath","value":"//*[@id=\"application-managepricingrules-display-component---newInfoPriceItem--priceProc-arrow\"]"}
RESULT: {}
RESULT: {"using":"xpath","value":"//*[@id=\"application-managepricingrules-display-component---newInfoPriceItem--priceProc-arrow\"]"}
COMMAND: POST /session/be9a23df4294472c3cbe97a105488dd6/element/f.6CFE3FC8FA908A587831E8FD5FC52521.d.2785BC0A1558E36628B259D4FA308200.e.8369/click - {}
RESULT: {}
COMMAND: POST /session/be9a23df4294472c3cbe97a105488dd6/element - {"using":"xpath","value":"//span[contains(text(), \"TB - Time based BGL\")]"}
COMMAND: GET /session/be9a23df4294472c3cbe97a105488dd6/screenshot - {}
RESULT: {"using":"xpath","value":"//span[contains(text(), \"TB - Time based BGL\")]"}
COMMAND: POST /session/be9a23df4294472c3cbe97a105488dd6/element/f.6CFE3FC8FA908A587831E8FD5FC52521.d.2785BC0A1558E36628B259D4FA308200.e.8407/click - {}
RESULT: {}
RESULT: {}
COMMAND: POST /session/be9a23df4294472c3cbe97a105488dd6/execute/async - {"script":"<script> [1562 bytes]","args":[{"selector":{"id":"application-managepricingrules-display-component---newInfoPriceItem--calcBase-arrow"},"wdio_ui5_key":"applicationmanagepricingrules-display-component---newInfoPriceItem--calcBase-arrow"}]}
COMMAND: GET /session/be9a23df4294472c3cbe97a105488dd6/screenshot - {}
RESULT: {"script":"<script> [1562 bytes]","args":[{"selector":{"id":"application-managepricingrules-display-component---newInfoPriceItem--calcBase-arrow"},"wdio_ui5_key":"applicationmanagepricingrules-display-component---newInfoPriceItem--calcBase-arrow"}]}
RESULT: undefined
COMMAND: POST /session/be9a23df4294472c3cbe97a105488dd6/element - {"using":"xpath","value":"//*[@id=\"application-managepricingrules-display-component---newInfoPriceItem--calcBase-arrow\"]"}
RESULT: {}
RESULT: {"using":"xpath","value":"//*[@id=\"application-managepricingrules-display-component---newInfoPriceItem--calcBase-arrow\"]"}
COMMAND: POST /session/be9a23df4294472c3cbe97a105488dd6/element/f.6CFE3FC8FA908A587831E8FD5FC52521.d.2785BC0A1558E36628B259D4FA308200.e.8376/click - {}
RESULT: {}
COMMAND: GET /session/be9a23df4294472c3cbe97a105488dd6/screenshot - {}
RESULT: {}
COMMAND: POST /session/be9a23df4294472c3cbe97a105488dd6/element - {"using":"xpath","value":"//span[contains(text(), \"0006 - TB(calendar days)\")]"}
RESULT: {"using":"xpath","value":"//span[contains(text(), \"0006 - TB(calendar days)\")]"}
COMMAND: POST /session/be9a23df4294472c3cbe97a105488dd6/element/f.6CFE3FC8FA908A587831E8FD5FC52521.d.2785BC0A1558E36628B259D4FA308200.e.8408/click - {}
RESULT: {}
COMMAND: GET /session/be9a23df4294472c3cbe97a105488dd6/screenshot - {}
RESULT: {}
COMMAND: POST /session/be9a23df4294472c3cbe97a105488dd6/execute/async - {"script":"<script> [1562 bytes]","args":[{"selector":{"id":"application-managepricingrules-display-component---newInfoPriceItem--hoursMonth","interaction":{"idSuffix":"inner"}},"wdio_ui5_key":"applicationmanagepricingrules-display-component---newInfoPriceItem--hoursMonth"}]}
RESULT: {"script":"<script> [1562 bytes]","args":[{"selector":{"id":"application-managepricingrules-display-component---newInfoPriceItem--hoursMonth","interaction":{"idSuffix":"inner"}},"wdio_ui5_key":"applicationmanagepricingrules-display-component---newInfoPriceItem--hoursMonth"}]}
RESULT: undefined
COMMAND: POST /session/be9a23df4294472c3cbe97a105488dd6/execute/async - {"script":"<script> [776 bytes]","args":[{"enterText":"160","selector":{"id":"application-managepricingrules-display-component---newInfoPriceItem--hoursMonth","interaction":{"idSuffix":"inner"}},"clearTextFirst":true,"interactionType":"ENTER_TEXT"}]}
RESULT: {"script":"<script> [776 bytes]","args":[{"enterText":"160","selector":{"id":"application-managepricingrules-display-component---newInfoPriceItem--hoursMonth","interaction":{"idSuffix":"inner"}},"clearTextFirst":true,"interactionType":"ENTER_TEXT"}]}
COMMAND: POST /session/be9a23df4294472c3cbe97a105488dd6/execute/async - {"script":"<script> [1562 bytes]","args":[{"selector":{"id":"application-managepricingrules-display-component---newInfoPriceItem--daysMonth","interaction":{"idSuffix":"inner"}},"wdio_ui5_key":"applicationmanagepricingrules-display-component---newInfoPriceItem--daysMonth"}]}
RESULT: {"script":"<script> [1562 bytes]","args":[{"selector":{"id":"application-managepricingrules-display-component---newInfoPriceItem--daysMonth","interaction":{"idSuffix":"inner"}},"wdio_ui5_key":"applicationmanagepricingrules-display-component---newInfoPriceItem--daysMonth"}]}
RESULT: undefined
COMMAND: POST /session/be9a23df4294472c3cbe97a105488dd6/execute/async - {"script":"<script> [776 bytes]","args":[{"enterText":"30","selector":{"id":"application-managepricingrules-display-component---newInfoPriceItem--daysMonth","interaction":{"idSuffix":"inner"}},"clearTextFirst":true,"interactionType":"ENTER_TEXT"}]}
RESULT: {"script":"<script> [776 bytes]","args":[{"enterText":"30","selector":{"id":"application-managepricingrules-display-component---newInfoPriceItem--daysMonth","interaction":{"idSuffix":"inner"}},"clearTextFirst":true,"interactionType":"ENTER_TEXT"}]}
COMMAND: POST /session/be9a23df4294472c3cbe97a105488dd6/element - {"using":"xpath","value":"//button[@data-kt=\"saveNewRuleButton\"]"}
RESULT: {"using":"xpath","value":"//button[@data-kt=\"saveNewRuleButton\"]"}
COMMAND: POST /session/be9a23df4294472c3cbe97a105488dd6/element/f.6CFE3FC8FA908A587831E8FD5FC52521.d.2785BC0A1558E36628B259D4FA308200.e.8396/click - {}
RESULT: {}
COMMAND: GET /session/be9a23df4294472c3cbe97a105488dd6/screenshot - {}
RESULT: {}
COMMAND: POST /session/be9a23df4294472c3cbe97a105488dd6/execute/async - {"script":"<script> [1562 bytes]","args":[{"selector":{"id":"application-managepricingrules-display-component---priceInfoItem--smartFilterBar-btnBasicSearch","interaction":{"idSuffix":"I"}},"wdio_ui5_key":"applicationmanagepricingrules-display-component---priceInfoItem--smartFilterBar-btnBasicSearch"}]}
RESULT: {"script":"<script> [1562 bytes]","args":[{"selector":{"id":"application-managepricingrules-display-component---priceInfoItem--smartFilterBar-btnBasicSearch","interaction":{"idSuffix":"I"}},"wdio_ui5_key":"applicationmanagepricingrules-display-component---priceInfoItem--smartFilterBar-btnBasicSearch"}]}
RESULT: undefined
COMMAND: POST /session/be9a23df4294472c3cbe97a105488dd6/execute/async - {"script":"<script> [776 bytes]","args":[{"enterText":"ticBmImJba","selector":{"id":"application-managepricingrules-display-component---priceInfoItem--smartFilterBar-btnBasicSearch","interaction":{"idSuffix":"I"}},"clearTextFirst":true,"interactionType":"ENTER_TEXT"}]}
RESULT: {"script":"<script> [776 bytes]","args":[{"enterText":"ticBmImJba","selector":{"id":"application-managepricingrules-display-component---priceInfoItem--smartFilterBar-btnBasicSearch","interaction":{"idSuffix":"I"}},"clearTextFirst":true,"interactionType":"ENTER_TEXT"}]}
COMMAND: POST /session/be9a23df4294472c3cbe97a105488dd6/actions - {"actions":[{"id":"action30","type":"key","parameters":{},"actions":[{"type":"keyDown","value":""},{"type":"pause","duration":10},{"type":"keyUp","value":""}]}]}
RESULT: {"actions":[{"id":"action30","type":"key","parameters":{},"actions":[{"type":"keyDown","value":""},{"type":"pause","duration":10},{"type":"keyUp","value":""}]}]}
COMMAND: GET /session/be9a23df4294472c3cbe97a105488dd6/screenshot - {}
RESULT: {}
COMMAND: POST /session/be9a23df4294472c3cbe97a105488dd6/element - {"using":"xpath","value":"//span[@id=\"application-managepricingrules-display-component---priceInfoItem--smartTable-header-inner\"]"}
RESULT: {"using":"xpath","value":"//span[@id=\"application-managepricingrules-display-component---priceInfoItem--smartTable-header-inner\"]"}
COMMAND: POST /session/be9a23df4294472c3cbe97a105488dd6/elements - {"using":"xpath","value":"//span[@id=\"application-managepricingrules-display-component---priceInfoItem--smartTable-header-inner\"]"}
RESULT: {"using":"xpath","value":"//span[@id=\"application-managepricingrules-display-component---priceInfoItem--smartTable-header-inner\"]"}
COMMAND: POST /session/be9a23df4294472c3cbe97a105488dd6/execute/sync - {"script":"<script> [56 bytes]","args":[{"element-6066-11e4-a52e-4f735466cecf":"f.6CFE3FC8FA908A587831E8FD5FC52521.d.2785BC0A1558E36628B259D4FA308200.e.8422","ELEMENT":"f.6CFE3FC8FA908A587831E8FD5FC52521.d.2785BC0A1558E36628B259D4FA308200.e.8422"}]}
RESULT: {"script":"<script> [56 bytes]","args":[{"element-6066-11e4-a52e-4f735466cecf":"f.6CFE3FC8FA908A587831E8FD5FC52521.d.2785BC0A1558E36628B259D4FA308200.e.8422","ELEMENT":"f.6CFE3FC8FA908A587831E8FD5FC52521.d.2785BC0A1558E36628B259D4FA308200.e.8422"}]}
COMMAND: POST /session/be9a23df4294472c3cbe97a105488dd6/element - {"using":"css selector","value":"#shell-header-logo"}
COMMAND: GET /session/be9a23df4294472c3cbe97a105488dd6/screenshot - {}
RESULT: {"using":"css selector","value":"#shell-header-logo"}
COMMAND: POST /session/be9a23df4294472c3cbe97a105488dd6/element/f.6CFE3FC8FA908A587831E8FD5FC52521.d.2785BC0A1558E36628B259D4FA308200.e.7327/click - {}
RESULT: {}
RESULT: {}
COMMAND: GET /session/be9a23df4294472c3cbe97a105488dd6/screenshot - {}
RESULT: {}
]]></system-out>
    </testcase>
    <testcase classname="chrome.136_0_7103_93.windows.Create_master_data_for_mixed_billing_&amp;_do_billing_calculation_US151661" name="Should add one time condition" time="64.736">
      <system-out><![CDATA[
COMMAND: POST /session/be9a23df4294472c3cbe97a105488dd6/execute/async - {"script":"<script> [1562 bytes]","args":[{"selector":{"controlType":"sap.m.GenericTile","properties":{"header":"Manage Conditions & Prices"}},"wdio_ui5_key":"sapm.GenericTile{\"header\":\"Manage Conditions & Prices\"}"}]}
RESULT: {"script":"<script> [1562 bytes]","args":[{"selector":{"controlType":"sap.m.GenericTile","properties":{"header":"Manage Conditions & Prices"}},"wdio_ui5_key":"sapm.GenericTile{\"header\":\"Manage Conditions & Prices\"}"}]}
RESULT: undefined
COMMAND: POST /session/be9a23df4294472c3cbe97a105488dd6/element - {"using":"xpath","value":"//*[@id=\"__tile93\"]"}
RESULT: {"using":"xpath","value":"//*[@id=\"__tile93\"]"}
COMMAND: POST /session/be9a23df4294472c3cbe97a105488dd6/element/f.6CFE3FC8FA908A587831E8FD5FC52521.d.2785BC0A1558E36628B259D4FA308200.e.7313/click - {}
RESULT: {}
COMMAND: GET /session/be9a23df4294472c3cbe97a105488dd6/screenshot - {}
RESULT: {}
COMMAND: POST /session/be9a23df4294472c3cbe97a105488dd6/elements - {"using":"xpath","value":"//span[text()='Error']"}
RESULT: {"using":"xpath","value":"//span[text()='Error']"}
COMMAND: POST /session/be9a23df4294472c3cbe97a105488dd6/element - {"using":"xpath","value":"//button[@aria-label=\"Create\"]"}
RESULT: {"using":"xpath","value":"//button[@aria-label=\"Create\"]"}
COMMAND: POST /session/be9a23df4294472c3cbe97a105488dd6/elements - {"using":"xpath","value":"//button[@aria-label=\"Create\"]"}
RESULT: {"using":"xpath","value":"//button[@aria-label=\"Create\"]"}
COMMAND: POST /session/be9a23df4294472c3cbe97a105488dd6/execute/sync - {"script":"<script> [8489 bytes]","args":[{"element-6066-11e4-a52e-4f735466cecf":"f.6CFE3FC8FA908A587831E8FD5FC52521.d.2785BC0A1558E36628B259D4FA308200.e.8457","ELEMENT":"f.6CFE3FC8FA908A587831E8FD5FC52521.d.2785BC0A1558E36628B259D4FA308200.e.8457"}]}
RESULT: {"script":"<script> [8489 bytes]","args":[{"element-6066-11e4-a52e-4f735466cecf":"f.6CFE3FC8FA908A587831E8FD5FC52521.d.2785BC0A1558E36628B259D4FA308200.e.8457","ELEMENT":"f.6CFE3FC8FA908A587831E8FD5FC52521.d.2785BC0A1558E36628B259D4FA308200.e.8457"}]}
COMMAND: GET /session/be9a23df4294472c3cbe97a105488dd6/element/f.6CFE3FC8FA908A587831E8FD5FC52521.d.2785BC0A1558E36628B259D4FA308200.e.8457/enabled - {}
COMMAND: GET /session/be9a23df4294472c3cbe97a105488dd6/screenshot - {}
RESULT: {}
COMMAND: POST /session/be9a23df4294472c3cbe97a105488dd6/execute/sync - {"script":"<script> [8489 bytes]","args":[{"element-6066-11e4-a52e-4f735466cecf":"f.6CFE3FC8FA908A587831E8FD5FC52521.d.2785BC0A1558E36628B259D4FA308200.e.8457","ELEMENT":"f.6CFE3FC8FA908A587831E8FD5FC52521.d.2785BC0A1558E36628B259D4FA308200.e.8457"}]}
COMMAND: GET /session/be9a23df4294472c3cbe97a105488dd6/screenshot - {}
RESULT: {}
RESULT: {"script":"<script> [8489 bytes]","args":[{"element-6066-11e4-a52e-4f735466cecf":"f.6CFE3FC8FA908A587831E8FD5FC52521.d.2785BC0A1558E36628B259D4FA308200.e.8457","ELEMENT":"f.6CFE3FC8FA908A587831E8FD5FC52521.d.2785BC0A1558E36628B259D4FA308200.e.8457"}]}
COMMAND: POST /session/be9a23df4294472c3cbe97a105488dd6/execute/sync - {"script":"<script> [5351 bytes]","args":[{"element-6066-11e4-a52e-4f735466cecf":"f.6CFE3FC8FA908A587831E8FD5FC52521.d.2785BC0A1558E36628B259D4FA308200.e.8457","ELEMENT":"f.6CFE3FC8FA908A587831E8FD5FC52521.d.2785BC0A1558E36628B259D4FA308200.e.8457"}]}
COMMAND: GET /session/be9a23df4294472c3cbe97a105488dd6/screenshot - {}
RESULT: {}
RESULT: {"script":"<script> [5351 bytes]","args":[{"element-6066-11e4-a52e-4f735466cecf":"f.6CFE3FC8FA908A587831E8FD5FC52521.d.2785BC0A1558E36628B259D4FA308200.e.8457","ELEMENT":"f.6CFE3FC8FA908A587831E8FD5FC52521.d.2785BC0A1558E36628B259D4FA308200.e.8457"}]}
COMMAND: POST /session/be9a23df4294472c3cbe97a105488dd6/element/f.6CFE3FC8FA908A587831E8FD5FC52521.d.2785BC0A1558E36628B259D4FA308200.e.8457/click - {}
COMMAND: GET /session/be9a23df4294472c3cbe97a105488dd6/screenshot - {}
RESULT: {}
RESULT: {}
COMMAND: GET /session/be9a23df4294472c3cbe97a105488dd6/screenshot - {}
RESULT: {}
RESULT: {}
COMMAND: POST /session/be9a23df4294472c3cbe97a105488dd6/actions - {"actions":[{"id":"action31","type":"key","parameters":{},"actions":[{"type":"keyDown","value":""},{"type":"pause","duration":10},{"type":"keyUp","value":""}]}]}
RESULT: {"actions":[{"id":"action31","type":"key","parameters":{},"actions":[{"type":"keyDown","value":""},{"type":"pause","duration":10},{"type":"keyUp","value":""}]}]}
COMMAND: GET /session/be9a23df4294472c3cbe97a105488dd6/screenshot - {}
RESULT: {}
COMMAND: POST /session/be9a23df4294472c3cbe97a105488dd6/execute/async - {"script":"<script> [1562 bytes]","args":[{"selector":{"id":"application-manageconditionprice-display-component---newCondition--condBillCond-arrow"},"wdio_ui5_key":"applicationmanageconditionprice-display-component---newCondition--condBillCond-arrow"}]}
RESULT: {"script":"<script> [1562 bytes]","args":[{"selector":{"id":"application-manageconditionprice-display-component---newCondition--condBillCond-arrow"},"wdio_ui5_key":"applicationmanageconditionprice-display-component---newCondition--condBillCond-arrow"}]}
RESULT: undefined
COMMAND: POST /session/be9a23df4294472c3cbe97a105488dd6/element - {"using":"xpath","value":"//*[@id=\"application-manageconditionprice-display-component---newCondition--condBillCond-arrow\"]"}
RESULT: {"using":"xpath","value":"//*[@id=\"application-manageconditionprice-display-component---newCondition--condBillCond-arrow\"]"}
COMMAND: POST /session/be9a23df4294472c3cbe97a105488dd6/element/f.6CFE3FC8FA908A587831E8FD5FC52521.d.2785BC0A1558E36628B259D4FA308200.e.8634/click - {}
RESULT: {}
COMMAND: GET /session/be9a23df4294472c3cbe97a105488dd6/screenshot - {}
RESULT: {}
COMMAND: POST /session/be9a23df4294472c3cbe97a105488dd6/element - {"using":"xpath","value":"//li[.//span[contains(text(), \"SAPR - Sales price\")]]"}
RESULT: {"using":"xpath","value":"//li[.//span[contains(text(), \"SAPR - Sales price\")]]"}
COMMAND: POST /session/be9a23df4294472c3cbe97a105488dd6/element/f.6CFE3FC8FA908A587831E8FD5FC52521.d.2785BC0A1558E36628B259D4FA308200.e.8637/click - {}
RESULT: {}
COMMAND: GET /session/be9a23df4294472c3cbe97a105488dd6/screenshot - {}
RESULT: {}
COMMAND: POST /session/be9a23df4294472c3cbe97a105488dd6/execute/async - {"script":"<script> [1562 bytes]","args":[{"selector":{"id":"application-manageconditionprice-display-component---newCondition--condValidTo","interaction":{"idSuffix":"inner"}},"wdio_ui5_key":"applicationmanageconditionprice-display-component---newCondition--condValidTo"}]}
RESULT: {"script":"<script> [1562 bytes]","args":[{"selector":{"id":"application-manageconditionprice-display-component---newCondition--condValidTo","interaction":{"idSuffix":"inner"}},"wdio_ui5_key":"applicationmanageconditionprice-display-component---newCondition--condValidTo"}]}
RESULT: undefined
COMMAND: POST /session/be9a23df4294472c3cbe97a105488dd6/execute/async - {"script":"<script> [776 bytes]","args":[{"enterText":"2/1/26","selector":{"id":"application-manageconditionprice-display-component---newCondition--condValidTo","interaction":{"idSuffix":"inner"}},"clearTextFirst":true,"interactionType":"ENTER_TEXT"}]}
RESULT: {"script":"<script> [776 bytes]","args":[{"enterText":"2/1/26","selector":{"id":"application-manageconditionprice-display-component---newCondition--condValidTo","interaction":{"idSuffix":"inner"}},"clearTextFirst":true,"interactionType":"ENTER_TEXT"}]}
COMMAND: POST /session/be9a23df4294472c3cbe97a105488dd6/element - {"using":"xpath","value":"//input[@id=\"application-manageconditionprice-display-component---newCondition--condRU-inner\"]"}
RESULT: {"using":"xpath","value":"//input[@id=\"application-manageconditionprice-display-component---newCondition--condRU-inner\"]"}
COMMAND: POST /session/be9a23df4294472c3cbe97a105488dd6/element/f.6CFE3FC8FA908A587831E8FD5FC52521.d.2785BC0A1558E36628B259D4FA308200.e.8499/clear - {}
RESULT: {}
COMMAND: POST /session/be9a23df4294472c3cbe97a105488dd6/element/f.6CFE3FC8FA908A587831E8FD5FC52521.d.2785BC0A1558E36628B259D4FA308200.e.8499/value - {"text":"ticBmImJba"}
COMMAND: GET /session/be9a23df4294472c3cbe97a105488dd6/screenshot - {}
RESULT: {"text":"ticBmImJba"}
COMMAND: GET /session/be9a23df4294472c3cbe97a105488dd6/screenshot - {}
RESULT: {}
RESULT: {}
COMMAND: POST /session/be9a23df4294472c3cbe97a105488dd6/actions - {"actions":[{"id":"action32","type":"key","parameters":{},"actions":[{"type":"keyDown","value":""},{"type":"pause","duration":10},{"type":"keyUp","value":""}]}]}
RESULT: {"actions":[{"id":"action32","type":"key","parameters":{},"actions":[{"type":"keyDown","value":""},{"type":"pause","duration":10},{"type":"keyUp","value":""}]}]}
COMMAND: POST /session/be9a23df4294472c3cbe97a105488dd6/execute/async - {"script":"<script> [1562 bytes]","args":[{"selector":{"id":"application-manageconditionprice-display-component---newCondition--condBaseQty","interaction":{"idSuffix":"inner"}},"wdio_ui5_key":"applicationmanageconditionprice-display-component---newCondition--condBaseQty"}]}
COMMAND: GET /session/be9a23df4294472c3cbe97a105488dd6/screenshot - {}
RESULT: {"script":"<script> [1562 bytes]","args":[{"selector":{"id":"application-manageconditionprice-display-component---newCondition--condBaseQty","interaction":{"idSuffix":"inner"}},"wdio_ui5_key":"applicationmanageconditionprice-display-component---newCondition--condBaseQty"}]}
RESULT: undefined
COMMAND: POST /session/be9a23df4294472c3cbe97a105488dd6/execute/async - {"script":"<script> [776 bytes]","args":[{"enterText":"1","selector":{"id":"application-manageconditionprice-display-component---newCondition--condBaseQty","interaction":{"idSuffix":"inner"}},"clearTextFirst":true,"interactionType":"ENTER_TEXT"}]}
RESULT: {}
RESULT: {"script":"<script> [776 bytes]","args":[{"enterText":"1","selector":{"id":"application-manageconditionprice-display-component---newCondition--condBaseQty","interaction":{"idSuffix":"inner"}},"clearTextFirst":true,"interactionType":"ENTER_TEXT"}]}
COMMAND: POST /session/be9a23df4294472c3cbe97a105488dd6/execute/async - {"script":"<script> [1562 bytes]","args":[{"selector":{"id":"application-manageconditionprice-display-component---newCondition--condValue","interaction":{"idSuffix":"inner"}},"wdio_ui5_key":"applicationmanageconditionprice-display-component---newCondition--condValue"}]}
RESULT: {"script":"<script> [1562 bytes]","args":[{"selector":{"id":"application-manageconditionprice-display-component---newCondition--condValue","interaction":{"idSuffix":"inner"}},"wdio_ui5_key":"applicationmanageconditionprice-display-component---newCondition--condValue"}]}
RESULT: undefined
COMMAND: POST /session/be9a23df4294472c3cbe97a105488dd6/execute/async - {"script":"<script> [776 bytes]","args":[{"enterText":"200","selector":{"id":"application-manageconditionprice-display-component---newCondition--condValue","interaction":{"idSuffix":"inner"}},"clearTextFirst":true,"interactionType":"ENTER_TEXT"}]}
RESULT: {"script":"<script> [776 bytes]","args":[{"enterText":"200","selector":{"id":"application-manageconditionprice-display-component---newCondition--condValue","interaction":{"idSuffix":"inner"}},"clearTextFirst":true,"interactionType":"ENTER_TEXT"}]}
COMMAND: POST /session/be9a23df4294472c3cbe97a105488dd6/execute/async - {"script":"<script> [1562 bytes]","args":[{"selector":{"id":"application-manageconditionprice-display-component---newCondition--condCurr-arrow"},"wdio_ui5_key":"applicationmanageconditionprice-display-component---newCondition--condCurr-arrow"}]}
RESULT: {"script":"<script> [1562 bytes]","args":[{"selector":{"id":"application-manageconditionprice-display-component---newCondition--condCurr-arrow"},"wdio_ui5_key":"applicationmanageconditionprice-display-component---newCondition--condCurr-arrow"}]}
RESULT: undefined
COMMAND: POST /session/be9a23df4294472c3cbe97a105488dd6/element - {"using":"xpath","value":"//*[@id=\"application-manageconditionprice-display-component---newCondition--condCurr-arrow\"]"}
RESULT: {"using":"xpath","value":"//*[@id=\"application-manageconditionprice-display-component---newCondition--condCurr-arrow\"]"}
COMMAND: POST /session/be9a23df4294472c3cbe97a105488dd6/element/f.6CFE3FC8FA908A587831E8FD5FC52521.d.2785BC0A1558E36628B259D4FA308200.e.8616/click - {}
RESULT: {}
COMMAND: POST /session/be9a23df4294472c3cbe97a105488dd6/element - {"using":"xpath","value":"//span[contains(text(), \"Euro\")]"}
COMMAND: GET /session/be9a23df4294472c3cbe97a105488dd6/screenshot - {}
RESULT: {"using":"xpath","value":"//span[contains(text(), \"Euro\")]"}
COMMAND: POST /session/be9a23df4294472c3cbe97a105488dd6/element/f.6CFE3FC8FA908A587831E8FD5FC52521.d.2785BC0A1558E36628B259D4FA308200.e.8675/click - {}
RESULT: {}
RESULT: {}
COMMAND: POST /session/be9a23df4294472c3cbe97a105488dd6/element - {"using":"xpath","value":"//button[@data-kt=\"saveButton\"]"}
COMMAND: GET /session/be9a23df4294472c3cbe97a105488dd6/screenshot - {}
RESULT: {"using":"xpath","value":"//button[@data-kt=\"saveButton\"]"}
COMMAND: POST /session/be9a23df4294472c3cbe97a105488dd6/element/f.6CFE3FC8FA908A587831E8FD5FC52521.d.2785BC0A1558E36628B259D4FA308200.e.8617/click - {}
RESULT: {}
RESULT: {}
COMMAND: GET /session/be9a23df4294472c3cbe97a105488dd6/screenshot - {}
RESULT: {}
COMMAND: POST /session/be9a23df4294472c3cbe97a105488dd6/execute/async - {"script":"<script> [1562 bytes]","args":[{"selector":{"id":"application-manageconditionprice-display-component---conditions--smartFilterBar-btnBasicSearch","interaction":{"idSuffix":"I"}},"wdio_ui5_key":"applicationmanageconditionprice-display-component---conditions--smartFilterBar-btnBasicSearch"}]}
RESULT: {"script":"<script> [1562 bytes]","args":[{"selector":{"id":"application-manageconditionprice-display-component---conditions--smartFilterBar-btnBasicSearch","interaction":{"idSuffix":"I"}},"wdio_ui5_key":"applicationmanageconditionprice-display-component---conditions--smartFilterBar-btnBasicSearch"}]}
RESULT: undefined
COMMAND: POST /session/be9a23df4294472c3cbe97a105488dd6/execute/async - {"script":"<script> [776 bytes]","args":[{"enterText":"ticBmImJba","selector":{"id":"application-manageconditionprice-display-component---conditions--smartFilterBar-btnBasicSearch","interaction":{"idSuffix":"I"}},"clearTextFirst":true,"interactionType":"ENTER_TEXT"}]}
RESULT: {"script":"<script> [776 bytes]","args":[{"enterText":"ticBmImJba","selector":{"id":"application-manageconditionprice-display-component---conditions--smartFilterBar-btnBasicSearch","interaction":{"idSuffix":"I"}},"clearTextFirst":true,"interactionType":"ENTER_TEXT"}]}
COMMAND: POST /session/be9a23df4294472c3cbe97a105488dd6/actions - {"actions":[{"id":"action33","type":"key","parameters":{},"actions":[{"type":"keyDown","value":""},{"type":"pause","duration":10},{"type":"keyUp","value":""}]}]}
RESULT: {"actions":[{"id":"action33","type":"key","parameters":{},"actions":[{"type":"keyDown","value":""},{"type":"pause","duration":10},{"type":"keyUp","value":""}]}]}
COMMAND: GET /session/be9a23df4294472c3cbe97a105488dd6/screenshot - {}
RESULT: {}
COMMAND: POST /session/be9a23df4294472c3cbe97a105488dd6/execute/async - {"script":"<script> [1562 bytes]","args":[{"selector":{"id":"application-manageconditionprice-display-component---conditions--smartFilterBar-filterItemControl_BASIC-BILL_TYPES-vhi"},"wdio_ui5_key":"applicationmanageconditionprice-display-component---conditions--smartFilterBar-filterItemControl_BASIC-BILL_TYPES-vhi"}]}
RESULT: {"script":"<script> [1562 bytes]","args":[{"selector":{"id":"application-manageconditionprice-display-component---conditions--smartFilterBar-filterItemControl_BASIC-BILL_TYPES-vhi"},"wdio_ui5_key":"applicationmanageconditionprice-display-component---conditions--smartFilterBar-filterItemControl_BASIC-BILL_TYPES-vhi"}]}
RESULT: undefined
COMMAND: POST /session/be9a23df4294472c3cbe97a105488dd6/element - {"using":"xpath","value":"//*[@id=\"application-manageconditionprice-display-component---conditions--smartFilterBar-filterItemControl_BASIC-BILL_TYPES-vhi\"]"}
RESULT: {"using":"xpath","value":"//*[@id=\"application-manageconditionprice-display-component---conditions--smartFilterBar-filterItemControl_BASIC-BILL_TYPES-vhi\"]"}
COMMAND: POST /session/be9a23df4294472c3cbe97a105488dd6/element/f.6CFE3FC8FA908A587831E8FD5FC52521.d.2785BC0A1558E36628B259D4FA308200.e.8782/click - {}
RESULT: {}
COMMAND: POST /session/be9a23df4294472c3cbe97a105488dd6/execute/async - {"script":"<script> [1562 bytes]","args":[{"selector":{"id":"application-manageconditionprice-display-component---conditions--smartFilterBar-filterItemControl_BASIC-BILL_TYPES-valueHelpDialog-smartFilterBar-btnBasicSearch","searchOpenDialogs":true,"interaction":{"idSuffix":"I"}},"wdio_ui5_key":"applicationmanageconditionprice-display-component---conditions--smartFilterBar-filterItemControl_BASIC-BILL_TYPES-valueHelpDialog-smartFilterBar-btnBasicSearch"}]}
COMMAND: GET /session/be9a23df4294472c3cbe97a105488dd6/screenshot - {}
RESULT: {"script":"<script> [1562 bytes]","args":[{"selector":{"id":"application-manageconditionprice-display-component---conditions--smartFilterBar-filterItemControl_BASIC-BILL_TYPES-valueHelpDialog-smartFilterBar-btnBasicSearch","searchOpenDialogs":true,"interaction":{"idSuffix":"I"}},"wdio_ui5_key":"applicationmanageconditionprice-display-component---conditions--smartFilterBar-filterItemControl_BASIC-BILL_TYPES-valueHelpDialog-smartFilterBar-btnBasicSearch"}]}
RESULT: undefined
COMMAND: POST /session/be9a23df4294472c3cbe97a105488dd6/execute/async - {"script":"<script> [776 bytes]","args":[{"enterText":"one","selector":{"id":"application-manageconditionprice-display-component---conditions--smartFilterBar-filterItemControl_BASIC-BILL_TYPES-valueHelpDialog-smartFilterBar-btnBasicSearch","searchOpenDialogs":true,"interaction":{"idSuffix":"I"}},"clearTextFirst":true,"interactionType":"ENTER_TEXT"}]}
RESULT: {}
RESULT: {"script":"<script> [776 bytes]","args":[{"enterText":"one","selector":{"id":"application-manageconditionprice-display-component---conditions--smartFilterBar-filterItemControl_BASIC-BILL_TYPES-valueHelpDialog-smartFilterBar-btnBasicSearch","searchOpenDialogs":true,"interaction":{"idSuffix":"I"}},"clearTextFirst":true,"interactionType":"ENTER_TEXT"}]}
COMMAND: POST /session/be9a23df4294472c3cbe97a105488dd6/actions - {"actions":[{"id":"action34","type":"key","parameters":{},"actions":[{"type":"keyDown","value":""},{"type":"pause","duration":10},{"type":"keyUp","value":""}]}]}
RESULT: {"actions":[{"id":"action34","type":"key","parameters":{},"actions":[{"type":"keyDown","value":""},{"type":"pause","duration":10},{"type":"keyUp","value":""}]}]}
COMMAND: GET /session/be9a23df4294472c3cbe97a105488dd6/screenshot - {}
RESULT: {}
COMMAND: POST /session/be9a23df4294472c3cbe97a105488dd6/element - {"using":"xpath","value":"//div[contains(@id, 'application-manageconditionprice-display-component---conditions--smartFilterBar-filterItemControl_BASIC-BILL_TYPES-valueHelpDialog-table-rowsel0')]"}
RESULT: {"using":"xpath","value":"//div[contains(@id, 'application-manageconditionprice-display-component---conditions--smartFilterBar-filterItemControl_BASIC-BILL_TYPES-valueHelpDialog-table-rowsel0')]"}
COMMAND: POST /session/be9a23df4294472c3cbe97a105488dd6/element/f.6CFE3FC8FA908A587831E8FD5FC52521.d.2785BC0A1558E36628B259D4FA308200.e.8790/click - {}
RESULT: {}
COMMAND: GET /session/be9a23df4294472c3cbe97a105488dd6/screenshot - {}
RESULT: {}
COMMAND: POST /session/be9a23df4294472c3cbe97a105488dd6/element - {"using":"xpath","value":"//bdi[contains(text(), \"OK\")]"}
RESULT: {"using":"xpath","value":"//bdi[contains(text(), \"OK\")]"}
COMMAND: POST /session/be9a23df4294472c3cbe97a105488dd6/element/f.6CFE3FC8FA908A587831E8FD5FC52521.d.2785BC0A1558E36628B259D4FA308200.e.8792/click - {}
RESULT: {}
COMMAND: GET /session/be9a23df4294472c3cbe97a105488dd6/screenshot - {}
RESULT: {}
COMMAND: POST /session/be9a23df4294472c3cbe97a105488dd6/element - {"using":"xpath","value":"//span[@id=\"application-manageconditionprice-display-component---conditions--smartTable-header-inner\"]"}
RESULT: {"using":"xpath","value":"//span[@id=\"application-manageconditionprice-display-component---conditions--smartTable-header-inner\"]"}
COMMAND: POST /session/be9a23df4294472c3cbe97a105488dd6/elements - {"using":"xpath","value":"//span[@id=\"application-manageconditionprice-display-component---conditions--smartTable-header-inner\"]"}
RESULT: {"using":"xpath","value":"//span[@id=\"application-manageconditionprice-display-component---conditions--smartTable-header-inner\"]"}
COMMAND: POST /session/be9a23df4294472c3cbe97a105488dd6/execute/sync - {"script":"<script> [56 bytes]","args":[{"element-6066-11e4-a52e-4f735466cecf":"f.6CFE3FC8FA908A587831E8FD5FC52521.d.2785BC0A1558E36628B259D4FA308200.e.8795","ELEMENT":"f.6CFE3FC8FA908A587831E8FD5FC52521.d.2785BC0A1558E36628B259D4FA308200.e.8795"}]}
RESULT: {"script":"<script> [56 bytes]","args":[{"element-6066-11e4-a52e-4f735466cecf":"f.6CFE3FC8FA908A587831E8FD5FC52521.d.2785BC0A1558E36628B259D4FA308200.e.8795","ELEMENT":"f.6CFE3FC8FA908A587831E8FD5FC52521.d.2785BC0A1558E36628B259D4FA308200.e.8795"}]}
COMMAND: POST /session/be9a23df4294472c3cbe97a105488dd6/element - {"using":"css selector","value":"#shell-header-logo"}
COMMAND: GET /session/be9a23df4294472c3cbe97a105488dd6/screenshot - {}
RESULT: {"using":"css selector","value":"#shell-header-logo"}
COMMAND: POST /session/be9a23df4294472c3cbe97a105488dd6/element/f.6CFE3FC8FA908A587831E8FD5FC52521.d.2785BC0A1558E36628B259D4FA308200.e.8425/click - {}
RESULT: {}
RESULT: {}
COMMAND: GET /session/be9a23df4294472c3cbe97a105488dd6/screenshot - {}
RESULT: {}
]]></system-out>
    </testcase>
    <testcase classname="chrome.136_0_7103_93.windows.Create_master_data_for_mixed_billing_&amp;_do_billing_calculation_US151661" name="Should add performance based condition" time="62.191">
      <system-out><![CDATA[
RESULT: undefined
COMMAND: POST /session/be9a23df4294472c3cbe97a105488dd6/element - {"using":"xpath","value":"//*[@id=\"__tile93\"]"}
RESULT: {"using":"xpath","value":"//*[@id=\"__tile93\"]"}
COMMAND: POST /session/be9a23df4294472c3cbe97a105488dd6/element/f.6CFE3FC8FA908A587831E8FD5FC52521.d.2785BC0A1558E36628B259D4FA308200.e.7313/click - {}
RESULT: {}
COMMAND: GET /session/be9a23df4294472c3cbe97a105488dd6/screenshot - {}
RESULT: {}
COMMAND: POST /session/be9a23df4294472c3cbe97a105488dd6/elements - {"using":"xpath","value":"//span[text()='Error']"}
RESULT: {"using":"xpath","value":"//span[text()='Error']"}
COMMAND: POST /session/be9a23df4294472c3cbe97a105488dd6/element - {"using":"xpath","value":"//button[@aria-label=\"Create\"]"}
RESULT: {"using":"xpath","value":"//button[@aria-label=\"Create\"]"}
COMMAND: POST /session/be9a23df4294472c3cbe97a105488dd6/elements - {"using":"xpath","value":"//button[@aria-label=\"Create\"]"}
RESULT: {"using":"xpath","value":"//button[@aria-label=\"Create\"]"}
COMMAND: POST /session/be9a23df4294472c3cbe97a105488dd6/execute/sync - {"script":"<script> [8489 bytes]","args":[{"element-6066-11e4-a52e-4f735466cecf":"f.6CFE3FC8FA908A587831E8FD5FC52521.d.2785BC0A1558E36628B259D4FA308200.e.8859","ELEMENT":"f.6CFE3FC8FA908A587831E8FD5FC52521.d.2785BC0A1558E36628B259D4FA308200.e.8859"}]}
RESULT: {"script":"<script> [8489 bytes]","args":[{"element-6066-11e4-a52e-4f735466cecf":"f.6CFE3FC8FA908A587831E8FD5FC52521.d.2785BC0A1558E36628B259D4FA308200.e.8859","ELEMENT":"f.6CFE3FC8FA908A587831E8FD5FC52521.d.2785BC0A1558E36628B259D4FA308200.e.8859"}]}
COMMAND: GET /session/be9a23df4294472c3cbe97a105488dd6/element/f.6CFE3FC8FA908A587831E8FD5FC52521.d.2785BC0A1558E36628B259D4FA308200.e.8859/enabled - {}
COMMAND: GET /session/be9a23df4294472c3cbe97a105488dd6/screenshot - {}
RESULT: {}
COMMAND: POST /session/be9a23df4294472c3cbe97a105488dd6/execute/sync - {"script":"<script> [8489 bytes]","args":[{"element-6066-11e4-a52e-4f735466cecf":"f.6CFE3FC8FA908A587831E8FD5FC52521.d.2785BC0A1558E36628B259D4FA308200.e.8859","ELEMENT":"f.6CFE3FC8FA908A587831E8FD5FC52521.d.2785BC0A1558E36628B259D4FA308200.e.8859"}]}
COMMAND: GET /session/be9a23df4294472c3cbe97a105488dd6/screenshot - {}
RESULT: {}
RESULT: {"script":"<script> [8489 bytes]","args":[{"element-6066-11e4-a52e-4f735466cecf":"f.6CFE3FC8FA908A587831E8FD5FC52521.d.2785BC0A1558E36628B259D4FA308200.e.8859","ELEMENT":"f.6CFE3FC8FA908A587831E8FD5FC52521.d.2785BC0A1558E36628B259D4FA308200.e.8859"}]}
COMMAND: POST /session/be9a23df4294472c3cbe97a105488dd6/execute/sync - {"script":"<script> [5351 bytes]","args":[{"element-6066-11e4-a52e-4f735466cecf":"f.6CFE3FC8FA908A587831E8FD5FC52521.d.2785BC0A1558E36628B259D4FA308200.e.8859","ELEMENT":"f.6CFE3FC8FA908A587831E8FD5FC52521.d.2785BC0A1558E36628B259D4FA308200.e.8859"}]}
COMMAND: GET /session/be9a23df4294472c3cbe97a105488dd6/screenshot - {}
RESULT: {}
RESULT: {"script":"<script> [5351 bytes]","args":[{"element-6066-11e4-a52e-4f735466cecf":"f.6CFE3FC8FA908A587831E8FD5FC52521.d.2785BC0A1558E36628B259D4FA308200.e.8859","ELEMENT":"f.6CFE3FC8FA908A587831E8FD5FC52521.d.2785BC0A1558E36628B259D4FA308200.e.8859"}]}
COMMAND: POST /session/be9a23df4294472c3cbe97a105488dd6/element/f.6CFE3FC8FA908A587831E8FD5FC52521.d.2785BC0A1558E36628B259D4FA308200.e.8859/click - {}
COMMAND: GET /session/be9a23df4294472c3cbe97a105488dd6/screenshot - {}
RESULT: {}
RESULT: {}
COMMAND: GET /session/be9a23df4294472c3cbe97a105488dd6/screenshot - {}
RESULT: {}
RESULT: {}
COMMAND: POST /session/be9a23df4294472c3cbe97a105488dd6/actions - {"actions":[{"id":"action35","type":"key","parameters":{},"actions":[{"type":"keyDown","value":""},{"type":"pause","duration":10},{"type":"keyUp","value":""}]}]}
RESULT: {"actions":[{"id":"action35","type":"key","parameters":{},"actions":[{"type":"keyDown","value":""},{"type":"pause","duration":10},{"type":"keyUp","value":""}]}]}
COMMAND: GET /session/be9a23df4294472c3cbe97a105488dd6/screenshot - {}
RESULT: undefined
COMMAND: POST /session/be9a23df4294472c3cbe97a105488dd6/element - {"using":"xpath","value":"//*[@id=\"application-manageconditionprice-display-component---newCondition--condBillCond-arrow\"]"}
RESULT: {}
RESULT: {"using":"xpath","value":"//*[@id=\"application-manageconditionprice-display-component---newCondition--condBillCond-arrow\"]"}
COMMAND: POST /session/be9a23df4294472c3cbe97a105488dd6/element/f.6CFE3FC8FA908A587831E8FD5FC52521.d.2785BC0A1558E36628B259D4FA308200.e.9664/click - {}
RESULT: {}
COMMAND: GET /session/be9a23df4294472c3cbe97a105488dd6/screenshot - {}
RESULT: {}
COMMAND: POST /session/be9a23df4294472c3cbe97a105488dd6/element - {"using":"xpath","value":"//li[.//span[contains(text(), \"PC06 - Performance Price - fuel\")]]"}
RESULT: {"using":"xpath","value":"//li[.//span[contains(text(), \"PC06 - Performance Price - fuel\")]]"}
COMMAND: POST /session/be9a23df4294472c3cbe97a105488dd6/element/f.6CFE3FC8FA908A587831E8FD5FC52521.d.2785BC0A1558E36628B259D4FA308200.e.9667/click - {}
RESULT: {}
COMMAND: GET /session/be9a23df4294472c3cbe97a105488dd6/screenshot - {}
RESULT: {}
RESULT: undefined
COMMAND: POST /session/be9a23df4294472c3cbe97a105488dd6/execute/async - {"script":"<script> [776 bytes]","args":[{"enterText":"2/1/26","selector":{"id":"application-manageconditionprice-display-component---newCondition--condValidTo","interaction":{"idSuffix":"inner"}},"clearTextFirst":true,"interactionType":"ENTER_TEXT"}]}
RESULT: {"script":"<script> [776 bytes]","args":[{"enterText":"2/1/26","selector":{"id":"application-manageconditionprice-display-component---newCondition--condValidTo","interaction":{"idSuffix":"inner"}},"clearTextFirst":true,"interactionType":"ENTER_TEXT"}]}
COMMAND: POST /session/be9a23df4294472c3cbe97a105488dd6/element - {"using":"xpath","value":"//input[@id=\"application-manageconditionprice-display-component---newCondition--condRU-inner\"]"}
RESULT: {"using":"xpath","value":"//input[@id=\"application-manageconditionprice-display-component---newCondition--condRU-inner\"]"}
COMMAND: POST /session/be9a23df4294472c3cbe97a105488dd6/element/f.6CFE3FC8FA908A587831E8FD5FC52521.d.2785BC0A1558E36628B259D4FA308200.e.9388/clear - {}
RESULT: {}
COMMAND: POST /session/be9a23df4294472c3cbe97a105488dd6/element/f.6CFE3FC8FA908A587831E8FD5FC52521.d.2785BC0A1558E36628B259D4FA308200.e.9388/value - {"text":"ticBmImJba"}
COMMAND: GET /session/be9a23df4294472c3cbe97a105488dd6/screenshot - {}
RESULT: {"text":"ticBmImJba"}
COMMAND: GET /session/be9a23df4294472c3cbe97a105488dd6/screenshot - {}
RESULT: {}
RESULT: {}
COMMAND: POST /session/be9a23df4294472c3cbe97a105488dd6/actions - {"actions":[{"id":"action36","type":"key","parameters":{},"actions":[{"type":"keyDown","value":""},{"type":"pause","duration":10},{"type":"keyUp","value":""}]}]}
RESULT: {"actions":[{"id":"action36","type":"key","parameters":{},"actions":[{"type":"keyDown","value":""},{"type":"pause","duration":10},{"type":"keyUp","value":""}]}]}
RESULT: undefined
COMMAND: POST /session/be9a23df4294472c3cbe97a105488dd6/execute/async - {"script":"<script> [776 bytes]","args":[{"enterText":"1","selector":{"id":"application-manageconditionprice-display-component---newCondition--condBaseQty","interaction":{"idSuffix":"inner"}},"clearTextFirst":true,"interactionType":"ENTER_TEXT"}]}
COMMAND: GET /session/be9a23df4294472c3cbe97a105488dd6/screenshot - {}
RESULT: {"script":"<script> [776 bytes]","args":[{"enterText":"1","selector":{"id":"application-manageconditionprice-display-component---newCondition--condBaseQty","interaction":{"idSuffix":"inner"}},"clearTextFirst":true,"interactionType":"ENTER_TEXT"}]}
RESULT: undefined
COMMAND: POST /session/be9a23df4294472c3cbe97a105488dd6/execute/async - {"script":"<script> [776 bytes]","args":[{"enterText":"10","selector":{"id":"application-manageconditionprice-display-component---newCondition--condValue","interaction":{"idSuffix":"inner"}},"clearTextFirst":true,"interactionType":"ENTER_TEXT"}]}
RESULT: {}
RESULT: {"script":"<script> [776 bytes]","args":[{"enterText":"10","selector":{"id":"application-manageconditionprice-display-component---newCondition--condValue","interaction":{"idSuffix":"inner"}},"clearTextFirst":true,"interactionType":"ENTER_TEXT"}]}
RESULT: undefined
COMMAND: POST /session/be9a23df4294472c3cbe97a105488dd6/element - {"using":"xpath","value":"//*[@id=\"application-manageconditionprice-display-component---newCondition--condCurr-arrow\"]"}
RESULT: {"using":"xpath","value":"//*[@id=\"application-manageconditionprice-display-component---newCondition--condCurr-arrow\"]"}
COMMAND: POST /session/be9a23df4294472c3cbe97a105488dd6/element/f.6CFE3FC8FA908A587831E8FD5FC52521.d.2785BC0A1558E36628B259D4FA308200.e.9617/click - {}
RESULT: {}
COMMAND: POST /session/be9a23df4294472c3cbe97a105488dd6/element - {"using":"xpath","value":"//span[contains(text(), \"Euro\")]"}
COMMAND: GET /session/be9a23df4294472c3cbe97a105488dd6/screenshot - {}
RESULT: {"using":"xpath","value":"//span[contains(text(), \"Euro\")]"}
COMMAND: POST /session/be9a23df4294472c3cbe97a105488dd6/element/f.6CFE3FC8FA908A587831E8FD5FC52521.d.2785BC0A1558E36628B259D4FA308200.e.9700/click - {}
RESULT: {}
RESULT: {}
COMMAND: POST /session/be9a23df4294472c3cbe97a105488dd6/element - {"using":"xpath","value":"//button[@data-kt=\"saveButton\"]"}
COMMAND: GET /session/be9a23df4294472c3cbe97a105488dd6/screenshot - {}
RESULT: {"using":"xpath","value":"//button[@data-kt=\"saveButton\"]"}
COMMAND: POST /session/be9a23df4294472c3cbe97a105488dd6/element/f.6CFE3FC8FA908A587831E8FD5FC52521.d.2785BC0A1558E36628B259D4FA308200.e.9618/click - {}
RESULT: {}
RESULT: {}
COMMAND: GET /session/be9a23df4294472c3cbe97a105488dd6/screenshot - {}
RESULT: {}
RESULT: undefined
COMMAND: POST /session/be9a23df4294472c3cbe97a105488dd6/execute/async - {"script":"<script> [776 bytes]","args":[{"enterText":"ticBmImJba","selector":{"id":"application-manageconditionprice-display-component---conditions--smartFilterBar-btnBasicSearch","interaction":{"idSuffix":"I"}},"clearTextFirst":true,"interactionType":"ENTER_TEXT"}]}
RESULT: {"script":"<script> [776 bytes]","args":[{"enterText":"ticBmImJba","selector":{"id":"application-manageconditionprice-display-component---conditions--smartFilterBar-btnBasicSearch","interaction":{"idSuffix":"I"}},"clearTextFirst":true,"interactionType":"ENTER_TEXT"}]}
COMMAND: POST /session/be9a23df4294472c3cbe97a105488dd6/actions - {"actions":[{"id":"action37","type":"key","parameters":{},"actions":[{"type":"keyDown","value":""},{"type":"pause","duration":10},{"type":"keyUp","value":""}]}]}
RESULT: {"actions":[{"id":"action37","type":"key","parameters":{},"actions":[{"type":"keyDown","value":""},{"type":"pause","duration":10},{"type":"keyUp","value":""}]}]}
COMMAND: GET /session/be9a23df4294472c3cbe97a105488dd6/screenshot - {}
RESULT: {}
RESULT: undefined
COMMAND: POST /session/be9a23df4294472c3cbe97a105488dd6/element - {"using":"xpath","value":"//*[@id=\"application-manageconditionprice-display-component---conditions--smartFilterBar-filterItemControl_BASIC-BILL_TYPES-vhi\"]"}
RESULT: {"using":"xpath","value":"//*[@id=\"application-manageconditionprice-display-component---conditions--smartFilterBar-filterItemControl_BASIC-BILL_TYPES-vhi\"]"}
COMMAND: POST /session/be9a23df4294472c3cbe97a105488dd6/element/f.6CFE3FC8FA908A587831E8FD5FC52521.d.2785BC0A1558E36628B259D4FA308200.e.9959/click - {}
RESULT: {}
RESULT: undefined
COMMAND: POST /session/be9a23df4294472c3cbe97a105488dd6/execute/async - {"script":"<script> [776 bytes]","args":[{"enterText":"PB","selector":{"id":"application-manageconditionprice-display-component---conditions--smartFilterBar-filterItemControl_BASIC-BILL_TYPES-valueHelpDialog-smartFilterBar-btnBasicSearch","searchOpenDialogs":true,"interaction":{"idSuffix":"I"}},"clearTextFirst":true,"interactionType":"ENTER_TEXT"}]}
COMMAND: GET /session/be9a23df4294472c3cbe97a105488dd6/screenshot - {}
RESULT: {"script":"<script> [776 bytes]","args":[{"enterText":"PB","selector":{"id":"application-manageconditionprice-display-component---conditions--smartFilterBar-filterItemControl_BASIC-BILL_TYPES-valueHelpDialog-smartFilterBar-btnBasicSearch","searchOpenDialogs":true,"interaction":{"idSuffix":"I"}},"clearTextFirst":true,"interactionType":"ENTER_TEXT"}]}
COMMAND: POST /session/be9a23df4294472c3cbe97a105488dd6/actions - {"actions":[{"id":"action38","type":"key","parameters":{},"actions":[{"type":"keyDown","value":""},{"type":"pause","duration":10},{"type":"keyUp","value":""}]}]}
RESULT: {}
RESULT: {"actions":[{"id":"action38","type":"key","parameters":{},"actions":[{"type":"keyDown","value":""},{"type":"pause","duration":10},{"type":"keyUp","value":""}]}]}
COMMAND: GET /session/be9a23df4294472c3cbe97a105488dd6/screenshot - {}
RESULT: {}
COMMAND: POST /session/be9a23df4294472c3cbe97a105488dd6/element - {"using":"xpath","value":"//div[contains(@id, 'application-manageconditionprice-display-component---conditions--smartFilterBar-filterItemControl_BASIC-BILL_TYPES-valueHelpDialog-table-rowsel0')]"}
RESULT: {"using":"xpath","value":"//div[contains(@id, 'application-manageconditionprice-display-component---conditions--smartFilterBar-filterItemControl_BASIC-BILL_TYPES-valueHelpDialog-table-rowsel0')]"}
COMMAND: POST /session/be9a23df4294472c3cbe97a105488dd6/element/f.6CFE3FC8FA908A587831E8FD5FC52521.d.2785BC0A1558E36628B259D4FA308200.e.9967/click - {}
RESULT: {}
COMMAND: GET /session/be9a23df4294472c3cbe97a105488dd6/screenshot - {}
RESULT: {}
COMMAND: POST /session/be9a23df4294472c3cbe97a105488dd6/element - {"using":"xpath","value":"//bdi[contains(text(), \"OK\")]"}
RESULT: {"using":"xpath","value":"//bdi[contains(text(), \"OK\")]"}
COMMAND: POST /session/be9a23df4294472c3cbe97a105488dd6/element/f.6CFE3FC8FA908A587831E8FD5FC52521.d.2785BC0A1558E36628B259D4FA308200.e.9969/click - {}
RESULT: {}
COMMAND: GET /session/be9a23df4294472c3cbe97a105488dd6/screenshot - {}
RESULT: {}
COMMAND: POST /session/be9a23df4294472c3cbe97a105488dd6/element - {"using":"xpath","value":"//span[@id=\"application-manageconditionprice-display-component---conditions--smartTable-header-inner\"]"}
RESULT: {"using":"xpath","value":"//span[@id=\"application-manageconditionprice-display-component---conditions--smartTable-header-inner\"]"}
COMMAND: POST /session/be9a23df4294472c3cbe97a105488dd6/elements - {"using":"xpath","value":"//span[@id=\"application-manageconditionprice-display-component---conditions--smartTable-header-inner\"]"}
RESULT: {"using":"xpath","value":"//span[@id=\"application-manageconditionprice-display-component---conditions--smartTable-header-inner\"]"}
COMMAND: POST /session/be9a23df4294472c3cbe97a105488dd6/execute/sync - {"script":"<script> [56 bytes]","args":[{"element-6066-11e4-a52e-4f735466cecf":"f.6CFE3FC8FA908A587831E8FD5FC52521.d.2785BC0A1558E36628B259D4FA308200.e.9972","ELEMENT":"f.6CFE3FC8FA908A587831E8FD5FC52521.d.2785BC0A1558E36628B259D4FA308200.e.9972"}]}
RESULT: {"script":"<script> [56 bytes]","args":[{"element-6066-11e4-a52e-4f735466cecf":"f.6CFE3FC8FA908A587831E8FD5FC52521.d.2785BC0A1558E36628B259D4FA308200.e.9972","ELEMENT":"f.6CFE3FC8FA908A587831E8FD5FC52521.d.2785BC0A1558E36628B259D4FA308200.e.9972"}]}
COMMAND: POST /session/be9a23df4294472c3cbe97a105488dd6/element - {"using":"css selector","value":"#shell-header-logo"}
COMMAND: GET /session/be9a23df4294472c3cbe97a105488dd6/screenshot - {}
RESULT: {"using":"css selector","value":"#shell-header-logo"}
COMMAND: POST /session/be9a23df4294472c3cbe97a105488dd6/element/f.6CFE3FC8FA908A587831E8FD5FC52521.d.2785BC0A1558E36628B259D4FA308200.e.8802/click - {}
RESULT: {}
RESULT: {}
COMMAND: GET /session/be9a23df4294472c3cbe97a105488dd6/screenshot - {}
RESULT: {}
]]></system-out>
    </testcase>
    <testcase classname="chrome.136_0_7103_93.windows.Create_master_data_for_mixed_billing_&amp;_do_billing_calculation_US151661" name="Should add time based condition" time="65.668">
      <system-out><![CDATA[
RESULT: undefined
COMMAND: POST /session/be9a23df4294472c3cbe97a105488dd6/element - {"using":"xpath","value":"//*[@id=\"__tile93\"]"}
RESULT: {"using":"xpath","value":"//*[@id=\"__tile93\"]"}
COMMAND: POST /session/be9a23df4294472c3cbe97a105488dd6/element/f.6CFE3FC8FA908A587831E8FD5FC52521.d.2785BC0A1558E36628B259D4FA308200.e.7313/click - {}
RESULT: {}
COMMAND: GET /session/be9a23df4294472c3cbe97a105488dd6/screenshot - {}
COMMAND: POST /session/be9a23df4294472c3cbe97a105488dd6/elements - {"using":"xpath","value":"//span[text()='Error']"}
RESULT: {}
RESULT: {"using":"xpath","value":"//span[text()='Error']"}
COMMAND: POST /session/be9a23df4294472c3cbe97a105488dd6/element - {"using":"xpath","value":"//button[@aria-label=\"Create\"]"}
RESULT: {"using":"xpath","value":"//button[@aria-label=\"Create\"]"}
COMMAND: POST /session/be9a23df4294472c3cbe97a105488dd6/elements - {"using":"xpath","value":"//button[@aria-label=\"Create\"]"}
RESULT: {"using":"xpath","value":"//button[@aria-label=\"Create\"]"}
COMMAND: POST /session/be9a23df4294472c3cbe97a105488dd6/execute/sync - {"script":"<script> [8489 bytes]","args":[{"element-6066-11e4-a52e-4f735466cecf":"f.6CFE3FC8FA908A587831E8FD5FC52521.d.2785BC0A1558E36628B259D4FA308200.e.10033","ELEMENT":"f.6CFE3FC8FA908A587831E8FD5FC52521.d.2785BC0A1558E36628B259D4FA308200.e.10033"}]}
RESULT: {"script":"<script> [8489 bytes]","args":[{"element-6066-11e4-a52e-4f735466cecf":"f.6CFE3FC8FA908A587831E8FD5FC52521.d.2785BC0A1558E36628B259D4FA308200.e.10033","ELEMENT":"f.6CFE3FC8FA908A587831E8FD5FC52521.d.2785BC0A1558E36628B259D4FA308200.e.10033"}]}
COMMAND: GET /session/be9a23df4294472c3cbe97a105488dd6/element/f.6CFE3FC8FA908A587831E8FD5FC52521.d.2785BC0A1558E36628B259D4FA308200.e.10033/enabled - {}
COMMAND: GET /session/be9a23df4294472c3cbe97a105488dd6/screenshot - {}
RESULT: {}
COMMAND: POST /session/be9a23df4294472c3cbe97a105488dd6/execute/sync - {"script":"<script> [8489 bytes]","args":[{"element-6066-11e4-a52e-4f735466cecf":"f.6CFE3FC8FA908A587831E8FD5FC52521.d.2785BC0A1558E36628B259D4FA308200.e.10033","ELEMENT":"f.6CFE3FC8FA908A587831E8FD5FC52521.d.2785BC0A1558E36628B259D4FA308200.e.10033"}]}
COMMAND: GET /session/be9a23df4294472c3cbe97a105488dd6/screenshot - {}
RESULT: {}
RESULT: {"script":"<script> [8489 bytes]","args":[{"element-6066-11e4-a52e-4f735466cecf":"f.6CFE3FC8FA908A587831E8FD5FC52521.d.2785BC0A1558E36628B259D4FA308200.e.10033","ELEMENT":"f.6CFE3FC8FA908A587831E8FD5FC52521.d.2785BC0A1558E36628B259D4FA308200.e.10033"}]}
COMMAND: POST /session/be9a23df4294472c3cbe97a105488dd6/execute/sync - {"script":"<script> [5351 bytes]","args":[{"element-6066-11e4-a52e-4f735466cecf":"f.6CFE3FC8FA908A587831E8FD5FC52521.d.2785BC0A1558E36628B259D4FA308200.e.10033","ELEMENT":"f.6CFE3FC8FA908A587831E8FD5FC52521.d.2785BC0A1558E36628B259D4FA308200.e.10033"}]}
COMMAND: GET /session/be9a23df4294472c3cbe97a105488dd6/screenshot - {}
RESULT: {}
RESULT: {"script":"<script> [5351 bytes]","args":[{"element-6066-11e4-a52e-4f735466cecf":"f.6CFE3FC8FA908A587831E8FD5FC52521.d.2785BC0A1558E36628B259D4FA308200.e.10033","ELEMENT":"f.6CFE3FC8FA908A587831E8FD5FC52521.d.2785BC0A1558E36628B259D4FA308200.e.10033"}]}
COMMAND: POST /session/be9a23df4294472c3cbe97a105488dd6/element/f.6CFE3FC8FA908A587831E8FD5FC52521.d.2785BC0A1558E36628B259D4FA308200.e.10033/click - {}
COMMAND: GET /session/be9a23df4294472c3cbe97a105488dd6/screenshot - {}
RESULT: {}
RESULT: {}
COMMAND: GET /session/be9a23df4294472c3cbe97a105488dd6/screenshot - {}
RESULT: {}
RESULT: {}
COMMAND: POST /session/be9a23df4294472c3cbe97a105488dd6/actions - {"actions":[{"id":"action39","type":"key","parameters":{},"actions":[{"type":"keyDown","value":""},{"type":"pause","duration":10},{"type":"keyUp","value":""}]}]}
RESULT: {"actions":[{"id":"action39","type":"key","parameters":{},"actions":[{"type":"keyDown","value":""},{"type":"pause","duration":10},{"type":"keyUp","value":""}]}]}
COMMAND: GET /session/be9a23df4294472c3cbe97a105488dd6/screenshot - {}
RESULT: undefined
COMMAND: POST /session/be9a23df4294472c3cbe97a105488dd6/element - {"using":"xpath","value":"//*[@id=\"application-manageconditionprice-display-component---newCondition--condBillCond-arrow\"]"}
RESULT: {}
RESULT: {"using":"xpath","value":"//*[@id=\"application-manageconditionprice-display-component---newCondition--condBillCond-arrow\"]"}
COMMAND: POST /session/be9a23df4294472c3cbe97a105488dd6/element/f.6CFE3FC8FA908A587831E8FD5FC52521.d.2785BC0A1558E36628B259D4FA308200.e.10498/click - {}
RESULT: {}
COMMAND: GET /session/be9a23df4294472c3cbe97a105488dd6/screenshot - {}
RESULT: {}
COMMAND: POST /session/be9a23df4294472c3cbe97a105488dd6/element - {"using":"xpath","value":"//li[.//span[contains(text(), \"DISP - D&I special price\")]]"}
RESULT: {"using":"xpath","value":"//li[.//span[contains(text(), \"DISP - D&I special price\")]]"}
COMMAND: POST /session/be9a23df4294472c3cbe97a105488dd6/element/f.6CFE3FC8FA908A587831E8FD5FC52521.d.2785BC0A1558E36628B259D4FA308200.e.10501/click - {}
RESULT: {}
COMMAND: GET /session/be9a23df4294472c3cbe97a105488dd6/screenshot - {}
RESULT: {}
RESULT: undefined
COMMAND: POST /session/be9a23df4294472c3cbe97a105488dd6/execute/async - {"script":"<script> [776 bytes]","args":[{"enterText":"2/1/26","selector":{"id":"application-manageconditionprice-display-component---newCondition--condValidTo","interaction":{"idSuffix":"inner"}},"clearTextFirst":true,"interactionType":"ENTER_TEXT"}]}
RESULT: {"script":"<script> [776 bytes]","args":[{"enterText":"2/1/26","selector":{"id":"application-manageconditionprice-display-component---newCondition--condValidTo","interaction":{"idSuffix":"inner"}},"clearTextFirst":true,"interactionType":"ENTER_TEXT"}]}
COMMAND: POST /session/be9a23df4294472c3cbe97a105488dd6/element - {"using":"xpath","value":"//input[@id=\"application-manageconditionprice-display-component---newCondition--condRU-inner\"]"}
RESULT: {"using":"xpath","value":"//input[@id=\"application-manageconditionprice-display-component---newCondition--condRU-inner\"]"}
COMMAND: POST /session/be9a23df4294472c3cbe97a105488dd6/element/f.6CFE3FC8FA908A587831E8FD5FC52521.d.2785BC0A1558E36628B259D4FA308200.e.10225/clear - {}
RESULT: {}
COMMAND: POST /session/be9a23df4294472c3cbe97a105488dd6/element/f.6CFE3FC8FA908A587831E8FD5FC52521.d.2785BC0A1558E36628B259D4FA308200.e.10225/value - {"text":"ticBmImJba"}
COMMAND: GET /session/be9a23df4294472c3cbe97a105488dd6/screenshot - {}
RESULT: {"text":"ticBmImJba"}
COMMAND: GET /session/be9a23df4294472c3cbe97a105488dd6/screenshot - {}
RESULT: {}
RESULT: {}
COMMAND: POST /session/be9a23df4294472c3cbe97a105488dd6/actions - {"actions":[{"id":"action40","type":"key","parameters":{},"actions":[{"type":"keyDown","value":""},{"type":"pause","duration":10},{"type":"keyUp","value":""}]}]}
RESULT: {"actions":[{"id":"action40","type":"key","parameters":{},"actions":[{"type":"keyDown","value":""},{"type":"pause","duration":10},{"type":"keyUp","value":""}]}]}
RESULT: undefined
COMMAND: POST /session/be9a23df4294472c3cbe97a105488dd6/execute/async - {"script":"<script> [776 bytes]","args":[{"enterText":"1","selector":{"id":"application-manageconditionprice-display-component---newCondition--condBaseQty","interaction":{"idSuffix":"inner"}},"clearTextFirst":true,"interactionType":"ENTER_TEXT"}]}
COMMAND: GET /session/be9a23df4294472c3cbe97a105488dd6/screenshot - {}
RESULT: {"script":"<script> [776 bytes]","args":[{"enterText":"1","selector":{"id":"application-manageconditionprice-display-component---newCondition--condBaseQty","interaction":{"idSuffix":"inner"}},"clearTextFirst":true,"interactionType":"ENTER_TEXT"}]}
RESULT: undefined
COMMAND: POST /session/be9a23df4294472c3cbe97a105488dd6/execute/async - {"script":"<script> [776 bytes]","args":[{"enterText":"100","selector":{"id":"application-manageconditionprice-display-component---newCondition--condValue","interaction":{"idSuffix":"inner"}},"clearTextFirst":true,"interactionType":"ENTER_TEXT"}]}
RESULT: {}
RESULT: {"script":"<script> [776 bytes]","args":[{"enterText":"100","selector":{"id":"application-manageconditionprice-display-component---newCondition--condValue","interaction":{"idSuffix":"inner"}},"clearTextFirst":true,"interactionType":"ENTER_TEXT"}]}
RESULT: undefined
COMMAND: POST /session/be9a23df4294472c3cbe97a105488dd6/element - {"using":"xpath","value":"//*[@id=\"application-manageconditionprice-display-component---newCondition--condCurr-arrow\"]"}
RESULT: {"using":"xpath","value":"//*[@id=\"application-manageconditionprice-display-component---newCondition--condCurr-arrow\"]"}
COMMAND: POST /session/be9a23df4294472c3cbe97a105488dd6/element/f.6CFE3FC8FA908A587831E8FD5FC52521.d.2785BC0A1558E36628B259D4FA308200.e.10421/click - {}
RESULT: {}
COMMAND: POST /session/be9a23df4294472c3cbe97a105488dd6/element - {"using":"xpath","value":"//span[contains(text(), \"Euro\")]"}
COMMAND: GET /session/be9a23df4294472c3cbe97a105488dd6/screenshot - {}
RESULT: {"using":"xpath","value":"//span[contains(text(), \"Euro\")]"}
COMMAND: POST /session/be9a23df4294472c3cbe97a105488dd6/element/f.6CFE3FC8FA908A587831E8FD5FC52521.d.2785BC0A1558E36628B259D4FA308200.e.10536/click - {}
RESULT: {}
RESULT: {}
COMMAND: POST /session/be9a23df4294472c3cbe97a105488dd6/element - {"using":"xpath","value":"//button[@data-kt=\"saveButton\"]"}
COMMAND: GET /session/be9a23df4294472c3cbe97a105488dd6/screenshot - {}
RESULT: {"using":"xpath","value":"//button[@data-kt=\"saveButton\"]"}
COMMAND: POST /session/be9a23df4294472c3cbe97a105488dd6/element/f.6CFE3FC8FA908A587831E8FD5FC52521.d.2785BC0A1558E36628B259D4FA308200.e.10422/click - {}
RESULT: {}
RESULT: {}
COMMAND: GET /session/be9a23df4294472c3cbe97a105488dd6/screenshot - {}
RESULT: {}
RESULT: undefined
COMMAND: POST /session/be9a23df4294472c3cbe97a105488dd6/execute/async - {"script":"<script> [776 bytes]","args":[{"enterText":"ticBmImJba","selector":{"id":"application-manageconditionprice-display-component---conditions--smartFilterBar-btnBasicSearch","interaction":{"idSuffix":"I"}},"clearTextFirst":true,"interactionType":"ENTER_TEXT"}]}
RESULT: {"script":"<script> [776 bytes]","args":[{"enterText":"ticBmImJba","selector":{"id":"application-manageconditionprice-display-component---conditions--smartFilterBar-btnBasicSearch","interaction":{"idSuffix":"I"}},"clearTextFirst":true,"interactionType":"ENTER_TEXT"}]}
COMMAND: POST /session/be9a23df4294472c3cbe97a105488dd6/actions - {"actions":[{"id":"action41","type":"key","parameters":{},"actions":[{"type":"keyDown","value":""},{"type":"pause","duration":10},{"type":"keyUp","value":""}]}]}
RESULT: {"actions":[{"id":"action41","type":"key","parameters":{},"actions":[{"type":"keyDown","value":""},{"type":"pause","duration":10},{"type":"keyUp","value":""}]}]}
COMMAND: GET /session/be9a23df4294472c3cbe97a105488dd6/screenshot - {}
RESULT: {}
RESULT: undefined
COMMAND: POST /session/be9a23df4294472c3cbe97a105488dd6/element - {"using":"xpath","value":"//*[@id=\"application-manageconditionprice-display-component---conditions--smartFilterBar-filterItemControl_BASIC-BILL_TYPES-vhi\"]"}
RESULT: {"using":"xpath","value":"//*[@id=\"application-manageconditionprice-display-component---conditions--smartFilterBar-filterItemControl_BASIC-BILL_TYPES-vhi\"]"}
COMMAND: POST /session/be9a23df4294472c3cbe97a105488dd6/element/f.6CFE3FC8FA908A587831E8FD5FC52521.d.2785BC0A1558E36628B259D4FA308200.e.10575/click - {}
RESULT: {}
RESULT: undefined
COMMAND: POST /session/be9a23df4294472c3cbe97a105488dd6/execute/async - {"script":"<script> [776 bytes]","args":[{"enterText":"TB","selector":{"id":"application-manageconditionprice-display-component---conditions--smartFilterBar-filterItemControl_BASIC-BILL_TYPES-valueHelpDialog-smartFilterBar-btnBasicSearch","searchOpenDialogs":true,"interaction":{"idSuffix":"I"}},"clearTextFirst":true,"interactionType":"ENTER_TEXT"}]}
COMMAND: GET /session/be9a23df4294472c3cbe97a105488dd6/screenshot - {}
RESULT: {"script":"<script> [776 bytes]","args":[{"enterText":"TB","selector":{"id":"application-manageconditionprice-display-component---conditions--smartFilterBar-filterItemControl_BASIC-BILL_TYPES-valueHelpDialog-smartFilterBar-btnBasicSearch","searchOpenDialogs":true,"interaction":{"idSuffix":"I"}},"clearTextFirst":true,"interactionType":"ENTER_TEXT"}]}
COMMAND: POST /session/be9a23df4294472c3cbe97a105488dd6/actions - {"actions":[{"id":"action42","type":"key","parameters":{},"actions":[{"type":"keyDown","value":""},{"type":"pause","duration":10},{"type":"keyUp","value":""}]}]}
RESULT: {}
RESULT: {"actions":[{"id":"action42","type":"key","parameters":{},"actions":[{"type":"keyDown","value":""},{"type":"pause","duration":10},{"type":"keyUp","value":""}]}]}
COMMAND: GET /session/be9a23df4294472c3cbe97a105488dd6/screenshot - {}
RESULT: {}
COMMAND: POST /session/be9a23df4294472c3cbe97a105488dd6/element - {"using":"xpath","value":"//div[contains(@id, 'application-manageconditionprice-display-component---conditions--smartFilterBar-filterItemControl_BASIC-BILL_TYPES-valueHelpDialog-table-rowsel0')]"}
RESULT: {"using":"xpath","value":"//div[contains(@id, 'application-manageconditionprice-display-component---conditions--smartFilterBar-filterItemControl_BASIC-BILL_TYPES-valueHelpDialog-table-rowsel0')]"}
COMMAND: POST /session/be9a23df4294472c3cbe97a105488dd6/element/f.6CFE3FC8FA908A587831E8FD5FC52521.d.2785BC0A1558E36628B259D4FA308200.e.10582/click - {}
RESULT: {}
COMMAND: GET /session/be9a23df4294472c3cbe97a105488dd6/screenshot - {}
RESULT: {}
COMMAND: POST /session/be9a23df4294472c3cbe97a105488dd6/element - {"using":"xpath","value":"//bdi[contains(text(), \"OK\")]"}
RESULT: {"using":"xpath","value":"//bdi[contains(text(), \"OK\")]"}
COMMAND: POST /session/be9a23df4294472c3cbe97a105488dd6/element/f.6CFE3FC8FA908A587831E8FD5FC52521.d.2785BC0A1558E36628B259D4FA308200.e.10584/click - {}
RESULT: {}
COMMAND: GET /session/be9a23df4294472c3cbe97a105488dd6/screenshot - {}
RESULT: {}
COMMAND: POST /session/be9a23df4294472c3cbe97a105488dd6/element - {"using":"xpath","value":"//span[@id=\"application-manageconditionprice-display-component---conditions--smartTable-header-inner\"]"}
RESULT: {"using":"xpath","value":"//span[@id=\"application-manageconditionprice-display-component---conditions--smartTable-header-inner\"]"}
COMMAND: POST /session/be9a23df4294472c3cbe97a105488dd6/elements - {"using":"xpath","value":"//span[@id=\"application-manageconditionprice-display-component---conditions--smartTable-header-inner\"]"}
RESULT: {"using":"xpath","value":"//span[@id=\"application-manageconditionprice-display-component---conditions--smartTable-header-inner\"]"}
COMMAND: POST /session/be9a23df4294472c3cbe97a105488dd6/execute/sync - {"script":"<script> [56 bytes]","args":[{"element-6066-11e4-a52e-4f735466cecf":"f.6CFE3FC8FA908A587831E8FD5FC52521.d.2785BC0A1558E36628B259D4FA308200.e.10593","ELEMENT":"f.6CFE3FC8FA908A587831E8FD5FC52521.d.2785BC0A1558E36628B259D4FA308200.e.10593"}]}
RESULT: {"script":"<script> [56 bytes]","args":[{"element-6066-11e4-a52e-4f735466cecf":"f.6CFE3FC8FA908A587831E8FD5FC52521.d.2785BC0A1558E36628B259D4FA308200.e.10593","ELEMENT":"f.6CFE3FC8FA908A587831E8FD5FC52521.d.2785BC0A1558E36628B259D4FA308200.e.10593"}]}
COMMAND: POST /session/be9a23df4294472c3cbe97a105488dd6/element - {"using":"css selector","value":"#shell-header-logo"}
COMMAND: GET /session/be9a23df4294472c3cbe97a105488dd6/screenshot - {}
RESULT: {"using":"css selector","value":"#shell-header-logo"}
COMMAND: POST /session/be9a23df4294472c3cbe97a105488dd6/element/f.6CFE3FC8FA908A587831E8FD5FC52521.d.2785BC0A1558E36628B259D4FA308200.e.9977/click - {}
RESULT: {}
RESULT: {}
COMMAND: GET /session/be9a23df4294472c3cbe97a105488dd6/screenshot - {}
RESULT: {}
]]></system-out>
    </testcase>
    <testcase classname="chrome.136_0_7103_93.windows.Create_master_data_for_mixed_billing_&amp;_do_billing_calculation_US151661" name="Should do a stock increase handover" time="90.398">
      <failure/>
      <error message="Can't call click on element with selector &quot;//li[.//span[contains(text(),'556 -')]]&quot; because element wasn't found"/>
      <system-out><![CDATA[
COMMAND: POST /session/be9a23df4294472c3cbe97a105488dd6/execute/async - {"script":"<script> [1562 bytes]","args":[{"selector":{"controlType":"sap.m.GenericTile","properties":{"header":"Manage Handovers"}},"wdio_ui5_key":"sapm.GenericTile{\"header\":\"Manage Handovers\"}"}]}
RESULT: {"script":"<script> [1562 bytes]","args":[{"selector":{"controlType":"sap.m.GenericTile","properties":{"header":"Manage Handovers"}},"wdio_ui5_key":"sapm.GenericTile{\"header\":\"Manage Handovers\"}"}]}
RESULT: undefined
COMMAND: POST /session/be9a23df4294472c3cbe97a105488dd6/element - {"using":"xpath","value":"//*[@id=\"__tile132\"]"}
RESULT: {"using":"xpath","value":"//*[@id=\"__tile132\"]"}
COMMAND: POST /session/be9a23df4294472c3cbe97a105488dd6/element/f.6CFE3FC8FA908A587831E8FD5FC52521.d.2785BC0A1558E36628B259D4FA308200.e.7277/click - {}
RESULT: {}
COMMAND: GET /session/be9a23df4294472c3cbe97a105488dd6/screenshot - {}
RESULT: {}
COMMAND: POST /session/be9a23df4294472c3cbe97a105488dd6/elements - {"using":"xpath","value":"//span[text()='Error']"}
RESULT: {"using":"xpath","value":"//span[text()='Error']"}
COMMAND: POST /session/be9a23df4294472c3cbe97a105488dd6/element - {"using":"xpath","value":"//button[@data-kt=\"masterHOAddButton\"]"}
RESULT: {"using":"xpath","value":"//button[@data-kt=\"masterHOAddButton\"]"}
COMMAND: POST /session/be9a23df4294472c3cbe97a105488dd6/elements - {"using":"xpath","value":"//button[@data-kt=\"masterHOAddButton\"]"}
RESULT: {"using":"xpath","value":"//button[@data-kt=\"masterHOAddButton\"]"}
COMMAND: POST /session/be9a23df4294472c3cbe97a105488dd6/execute/sync - {"script":"<script> [8489 bytes]","args":[{"element-6066-11e4-a52e-4f735466cecf":"f.6CFE3FC8FA908A587831E8FD5FC52521.d.2785BC0A1558E36628B259D4FA308200.e.10628","ELEMENT":"f.6CFE3FC8FA908A587831E8FD5FC52521.d.2785BC0A1558E36628B259D4FA308200.e.10628"}]}
RESULT: {"script":"<script> [8489 bytes]","args":[{"element-6066-11e4-a52e-4f735466cecf":"f.6CFE3FC8FA908A587831E8FD5FC52521.d.2785BC0A1558E36628B259D4FA308200.e.10628","ELEMENT":"f.6CFE3FC8FA908A587831E8FD5FC52521.d.2785BC0A1558E36628B259D4FA308200.e.10628"}]}
COMMAND: GET /session/be9a23df4294472c3cbe97a105488dd6/element/f.6CFE3FC8FA908A587831E8FD5FC52521.d.2785BC0A1558E36628B259D4FA308200.e.10628/enabled - {}
COMMAND: GET /session/be9a23df4294472c3cbe97a105488dd6/screenshot - {}
RESULT: {}
COMMAND: POST /session/be9a23df4294472c3cbe97a105488dd6/execute/sync - {"script":"<script> [8489 bytes]","args":[{"element-6066-11e4-a52e-4f735466cecf":"f.6CFE3FC8FA908A587831E8FD5FC52521.d.2785BC0A1558E36628B259D4FA308200.e.10628","ELEMENT":"f.6CFE3FC8FA908A587831E8FD5FC52521.d.2785BC0A1558E36628B259D4FA308200.e.10628"}]}
COMMAND: GET /session/be9a23df4294472c3cbe97a105488dd6/screenshot - {}
RESULT: {}
RESULT: {"script":"<script> [8489 bytes]","args":[{"element-6066-11e4-a52e-4f735466cecf":"f.6CFE3FC8FA908A587831E8FD5FC52521.d.2785BC0A1558E36628B259D4FA308200.e.10628","ELEMENT":"f.6CFE3FC8FA908A587831E8FD5FC52521.d.2785BC0A1558E36628B259D4FA308200.e.10628"}]}
COMMAND: POST /session/be9a23df4294472c3cbe97a105488dd6/execute/sync - {"script":"<script> [5351 bytes]","args":[{"element-6066-11e4-a52e-4f735466cecf":"f.6CFE3FC8FA908A587831E8FD5FC52521.d.2785BC0A1558E36628B259D4FA308200.e.10628","ELEMENT":"f.6CFE3FC8FA908A587831E8FD5FC52521.d.2785BC0A1558E36628B259D4FA308200.e.10628"}]}
COMMAND: GET /session/be9a23df4294472c3cbe97a105488dd6/screenshot - {}
RESULT: {}
RESULT: {"script":"<script> [5351 bytes]","args":[{"element-6066-11e4-a52e-4f735466cecf":"f.6CFE3FC8FA908A587831E8FD5FC52521.d.2785BC0A1558E36628B259D4FA308200.e.10628","ELEMENT":"f.6CFE3FC8FA908A587831E8FD5FC52521.d.2785BC0A1558E36628B259D4FA308200.e.10628"}]}
COMMAND: POST /session/be9a23df4294472c3cbe97a105488dd6/element/f.6CFE3FC8FA908A587831E8FD5FC52521.d.2785BC0A1558E36628B259D4FA308200.e.10628/click - {}
COMMAND: GET /session/be9a23df4294472c3cbe97a105488dd6/screenshot - {}
RESULT: {}
RESULT: {}
COMMAND: GET /session/be9a23df4294472c3cbe97a105488dd6/screenshot - {}
RESULT: {}
RESULT: {}
COMMAND: POST /session/be9a23df4294472c3cbe97a105488dd6/element - {"using":"xpath","value":"//span[contains(@id ,\"AddNewHO--typeSelect-arrow\")]"}
RESULT: {"using":"xpath","value":"//span[contains(@id ,\"AddNewHO--typeSelect-arrow\")]"}
COMMAND: POST /session/be9a23df4294472c3cbe97a105488dd6/element/f.6CFE3FC8FA908A587831E8FD5FC52521.d.2785BC0A1558E36628B259D4FA308200.e.10992/click - {}
RESULT: {}
COMMAND: GET /session/be9a23df4294472c3cbe97a105488dd6/screenshot - {}
RESULT: {}
COMMAND: POST /session/be9a23df4294472c3cbe97a105488dd6/element - {"using":"xpath","value":"(//li[contains(text(), \"stock increase yard\")])[1]"}
RESULT: {"using":"xpath","value":"(//li[contains(text(), \"stock increase yard\")])[1]"}
COMMAND: POST /session/be9a23df4294472c3cbe97a105488dd6/element/f.6CFE3FC8FA908A587831E8FD5FC52521.d.2785BC0A1558E36628B259D4FA308200.e.10993/click - {}
RESULT: {}
COMMAND: GET /session/be9a23df4294472c3cbe97a105488dd6/screenshot - {}
RESULT: {}
COMMAND: POST /session/be9a23df4294472c3cbe97a105488dd6/execute/async - {"script":"<script> [1562 bytes]","args":[{"selector":{"id":"application-managehandovers-display-component---AddNewHO--dueDate","interaction":{"idSuffix":"inner"}},"wdio_ui5_key":"applicationmanagehandovers-display-component---AddNewHO--dueDate"}]}
RESULT: {"script":"<script> [1562 bytes]","args":[{"selector":{"id":"application-managehandovers-display-component---AddNewHO--dueDate","interaction":{"idSuffix":"inner"}},"wdio_ui5_key":"applicationmanagehandovers-display-component---AddNewHO--dueDate"}]}
RESULT: undefined
COMMAND: POST /session/be9a23df4294472c3cbe97a105488dd6/execute/async - {"script":"<script> [6424 bytes]","args":[{"element-6066-11e4-a52e-4f735466cecf":"f.6CFE3FC8FA908A587831E8FD5FC52521.d.2785BC0A1558E36628B259D4FA308200.e.10995"},"setValue",["6/1/25"]]}
RESULT: {"script":"<script> [6424 bytes]","args":[{"element-6066-11e4-a52e-4f735466cecf":"f.6CFE3FC8FA908A587831E8FD5FC52521.d.2785BC0A1558E36628B259D4FA308200.e.10995"},"setValue",["6/1/25"]]}
COMMAND: POST /session/be9a23df4294472c3cbe97a105488dd6/element - {"using":"xpath","value":"//input[@id=\"generalSectionFrg--receiveYard-inner\"]"}
RESULT: {"using":"xpath","value":"//input[@id=\"generalSectionFrg--receiveYard-inner\"]"}
COMMAND: POST /session/be9a23df4294472c3cbe97a105488dd6/element/f.6CFE3FC8FA908A587831E8FD5FC52521.d.2785BC0A1558E36628B259D4FA308200.e.11001/clear - {}
RESULT: {}
COMMAND: POST /session/be9a23df4294472c3cbe97a105488dd6/element/f.6CFE3FC8FA908A587831E8FD5FC52521.d.2785BC0A1558E36628B259D4FA308200.e.11001/value - {"text":"556"}
COMMAND: GET /session/be9a23df4294472c3cbe97a105488dd6/screenshot - {}
RESULT: {"text":"556"}
COMMAND: GET /session/be9a23df4294472c3cbe97a105488dd6/screenshot - {}
RESULT: {}
RESULT: {}
COMMAND: POST /session/be9a23df4294472c3cbe97a105488dd6/element - {"using":"xpath","value":"//li[.//span[contains(text(),'556 -')]]"}
RESULT: {"using":"xpath","value":"//li[.//span[contains(text(),'556 -')]]"}
COMMAND: POST /session/be9a23df4294472c3cbe97a105488dd6/elements - {"using":"xpath","value":"//li[.//span[contains(text(),'556 -')]]"}
RESULT: {"using":"xpath","value":"//li[.//span[contains(text(),'556 -')]]"}
COMMAND: POST /session/be9a23df4294472c3cbe97a105488dd6/elements - {"using":"xpath","value":"//li[.//span[contains(text(),'556 -')]]"}
RESULT: {"using":"xpath","value":"//li[.//span[contains(text(),'556 -')]]"}
COMMAND: POST /session/be9a23df4294472c3cbe97a105488dd6/elements - {"using":"xpath","value":"//li[.//span[contains(text(),'556 -')]]"}
RESULT: {"using":"xpath","value":"//li[.//span[contains(text(),'556 -')]]"}
COMMAND: POST /session/be9a23df4294472c3cbe97a105488dd6/elements - {"using":"xpath","value":"//li[.//span[contains(text(),'556 -')]]"}
RESULT: {"using":"xpath","value":"//li[.//span[contains(text(),'556 -')]]"}
COMMAND: POST /session/be9a23df4294472c3cbe97a105488dd6/elements - {"using":"xpath","value":"//li[.//span[contains(text(),'556 -')]]"}
RESULT: {"using":"xpath","value":"//li[.//span[contains(text(),'556 -')]]"}
COMMAND: POST /session/be9a23df4294472c3cbe97a105488dd6/elements - {"using":"xpath","value":"//li[.//span[contains(text(),'556 -')]]"}
RESULT: {"using":"xpath","value":"//li[.//span[contains(text(),'556 -')]]"}
COMMAND: POST /session/be9a23df4294472c3cbe97a105488dd6/elements - {"using":"xpath","value":"//li[.//span[contains(text(),'556 -')]]"}
RESULT: {"using":"xpath","value":"//li[.//span[contains(text(),'556 -')]]"}
COMMAND: POST /session/be9a23df4294472c3cbe97a105488dd6/elements - {"using":"xpath","value":"//li[.//span[contains(text(),'556 -')]]"}
RESULT: {"using":"xpath","value":"//li[.//span[contains(text(),'556 -')]]"}
COMMAND: POST /session/be9a23df4294472c3cbe97a105488dd6/elements - {"using":"xpath","value":"//li[.//span[contains(text(),'556 -')]]"}
RESULT: {"using":"xpath","value":"//li[.//span[contains(text(),'556 -')]]"}
COMMAND: POST /session/be9a23df4294472c3cbe97a105488dd6/elements - {"using":"xpath","value":"//li[.//span[contains(text(),'556 -')]]"}
RESULT: {"using":"xpath","value":"//li[.//span[contains(text(),'556 -')]]"}
COMMAND: POST /session/be9a23df4294472c3cbe97a105488dd6/elements - {"using":"xpath","value":"//li[.//span[contains(text(),'556 -')]]"}
RESULT: {"using":"xpath","value":"//li[.//span[contains(text(),'556 -')]]"}
COMMAND: POST /session/be9a23df4294472c3cbe97a105488dd6/elements - {"using":"xpath","value":"//li[.//span[contains(text(),'556 -')]]"}
RESULT: {"using":"xpath","value":"//li[.//span[contains(text(),'556 -')]]"}
COMMAND: POST /session/be9a23df4294472c3cbe97a105488dd6/elements - {"using":"xpath","value":"//li[.//span[contains(text(),'556 -')]]"}
RESULT: {"using":"xpath","value":"//li[.//span[contains(text(),'556 -')]]"}
COMMAND: POST /session/be9a23df4294472c3cbe97a105488dd6/elements - {"using":"xpath","value":"//li[.//span[contains(text(),'556 -')]]"}
RESULT: {"using":"xpath","value":"//li[.//span[contains(text(),'556 -')]]"}
COMMAND: POST /session/be9a23df4294472c3cbe97a105488dd6/elements - {"using":"xpath","value":"//li[.//span[contains(text(),'556 -')]]"}
RESULT: {"using":"xpath","value":"//li[.//span[contains(text(),'556 -')]]"}
COMMAND: POST /session/be9a23df4294472c3cbe97a105488dd6/elements - {"using":"xpath","value":"//li[.//span[contains(text(),'556 -')]]"}
RESULT: {"using":"xpath","value":"//li[.//span[contains(text(),'556 -')]]"}
COMMAND: POST /session/be9a23df4294472c3cbe97a105488dd6/elements - {"using":"xpath","value":"//li[.//span[contains(text(),'556 -')]]"}
RESULT: {"using":"xpath","value":"//li[.//span[contains(text(),'556 -')]]"}
COMMAND: POST /session/be9a23df4294472c3cbe97a105488dd6/elements - {"using":"xpath","value":"//li[.//span[contains(text(),'556 -')]]"}
RESULT: {"using":"xpath","value":"//li[.//span[contains(text(),'556 -')]]"}
COMMAND: POST /session/be9a23df4294472c3cbe97a105488dd6/elements - {"using":"xpath","value":"//li[.//span[contains(text(),'556 -')]]"}
RESULT: {"using":"xpath","value":"//li[.//span[contains(text(),'556 -')]]"}
COMMAND: POST /session/be9a23df4294472c3cbe97a105488dd6/elements - {"using":"xpath","value":"//li[.//span[contains(text(),'556 -')]]"}
RESULT: {"using":"xpath","value":"//li[.//span[contains(text(),'556 -')]]"}
COMMAND: POST /session/be9a23df4294472c3cbe97a105488dd6/elements - {"using":"xpath","value":"//li[.//span[contains(text(),'556 -')]]"}
RESULT: {"using":"xpath","value":"//li[.//span[contains(text(),'556 -')]]"}
COMMAND: POST /session/be9a23df4294472c3cbe97a105488dd6/elements - {"using":"xpath","value":"//li[.//span[contains(text(),'556 -')]]"}
RESULT: {"using":"xpath","value":"//li[.//span[contains(text(),'556 -')]]"}
COMMAND: POST /session/be9a23df4294472c3cbe97a105488dd6/elements - {"using":"xpath","value":"//li[.//span[contains(text(),'556 -')]]"}
RESULT: {"using":"xpath","value":"//li[.//span[contains(text(),'556 -')]]"}
COMMAND: POST /session/be9a23df4294472c3cbe97a105488dd6/elements - {"using":"xpath","value":"//li[.//span[contains(text(),'556 -')]]"}
RESULT: {"using":"xpath","value":"//li[.//span[contains(text(),'556 -')]]"}
COMMAND: POST /session/be9a23df4294472c3cbe97a105488dd6/elements - {"using":"xpath","value":"//li[.//span[contains(text(),'556 -')]]"}
RESULT: {"using":"xpath","value":"//li[.//span[contains(text(),'556 -')]]"}
COMMAND: POST /session/be9a23df4294472c3cbe97a105488dd6/elements - {"using":"xpath","value":"//li[.//span[contains(text(),'556 -')]]"}
RESULT: {"using":"xpath","value":"//li[.//span[contains(text(),'556 -')]]"}
COMMAND: POST /session/be9a23df4294472c3cbe97a105488dd6/elements - {"using":"xpath","value":"//li[.//span[contains(text(),'556 -')]]"}
RESULT: {"using":"xpath","value":"//li[.//span[contains(text(),'556 -')]]"}
COMMAND: POST /session/be9a23df4294472c3cbe97a105488dd6/elements - {"using":"xpath","value":"//li[.//span[contains(text(),'556 -')]]"}
RESULT: {"using":"xpath","value":"//li[.//span[contains(text(),'556 -')]]"}
COMMAND: POST /session/be9a23df4294472c3cbe97a105488dd6/elements - {"using":"xpath","value":"//li[.//span[contains(text(),'556 -')]]"}
RESULT: {"using":"xpath","value":"//li[.//span[contains(text(),'556 -')]]"}
COMMAND: POST /session/be9a23df4294472c3cbe97a105488dd6/elements - {"using":"xpath","value":"//li[.//span[contains(text(),'556 -')]]"}
RESULT: {"using":"xpath","value":"//li[.//span[contains(text(),'556 -')]]"}
COMMAND: POST /session/be9a23df4294472c3cbe97a105488dd6/elements - {"using":"xpath","value":"//li[.//span[contains(text(),'556 -')]]"}
RESULT: {"using":"xpath","value":"//li[.//span[contains(text(),'556 -')]]"}
COMMAND: POST /session/be9a23df4294472c3cbe97a105488dd6/elements - {"using":"xpath","value":"//li[.//span[contains(text(),'556 -')]]"}
RESULT: {"using":"xpath","value":"//li[.//span[contains(text(),'556 -')]]"}
COMMAND: POST /session/be9a23df4294472c3cbe97a105488dd6/elements - {"using":"xpath","value":"//li[.//span[contains(text(),'556 -')]]"}
RESULT: {"using":"xpath","value":"//li[.//span[contains(text(),'556 -')]]"}
COMMAND: POST /session/be9a23df4294472c3cbe97a105488dd6/elements - {"using":"xpath","value":"//li[.//span[contains(text(),'556 -')]]"}
RESULT: {"using":"xpath","value":"//li[.//span[contains(text(),'556 -')]]"}
COMMAND: POST /session/be9a23df4294472c3cbe97a105488dd6/elements - {"using":"xpath","value":"//li[.//span[contains(text(),'556 -')]]"}
RESULT: {"using":"xpath","value":"//li[.//span[contains(text(),'556 -')]]"}
COMMAND: POST /session/be9a23df4294472c3cbe97a105488dd6/elements - {"using":"xpath","value":"//li[.//span[contains(text(),'556 -')]]"}
RESULT: {"using":"xpath","value":"//li[.//span[contains(text(),'556 -')]]"}
COMMAND: POST /session/be9a23df4294472c3cbe97a105488dd6/elements - {"using":"xpath","value":"//li[.//span[contains(text(),'556 -')]]"}
RESULT: {"using":"xpath","value":"//li[.//span[contains(text(),'556 -')]]"}
COMMAND: POST /session/be9a23df4294472c3cbe97a105488dd6/elements - {"using":"xpath","value":"//li[.//span[contains(text(),'556 -')]]"}
RESULT: {"using":"xpath","value":"//li[.//span[contains(text(),'556 -')]]"}
COMMAND: POST /session/be9a23df4294472c3cbe97a105488dd6/elements - {"using":"xpath","value":"//li[.//span[contains(text(),'556 -')]]"}
RESULT: {"using":"xpath","value":"//li[.//span[contains(text(),'556 -')]]"}
COMMAND: POST /session/be9a23df4294472c3cbe97a105488dd6/elements - {"using":"xpath","value":"//li[.//span[contains(text(),'556 -')]]"}
RESULT: {"using":"xpath","value":"//li[.//span[contains(text(),'556 -')]]"}
COMMAND: POST /session/be9a23df4294472c3cbe97a105488dd6/elements - {"using":"xpath","value":"//li[.//span[contains(text(),'556 -')]]"}
RESULT: {"using":"xpath","value":"//li[.//span[contains(text(),'556 -')]]"}
COMMAND: POST /session/be9a23df4294472c3cbe97a105488dd6/elements - {"using":"xpath","value":"//li[.//span[contains(text(),'556 -')]]"}
RESULT: {"using":"xpath","value":"//li[.//span[contains(text(),'556 -')]]"}
COMMAND: POST /session/be9a23df4294472c3cbe97a105488dd6/elements - {"using":"xpath","value":"//li[.//span[contains(text(),'556 -')]]"}
RESULT: {"using":"xpath","value":"//li[.//span[contains(text(),'556 -')]]"}
COMMAND: POST /session/be9a23df4294472c3cbe97a105488dd6/elements - {"using":"xpath","value":"//li[.//span[contains(text(),'556 -')]]"}
RESULT: {"using":"xpath","value":"//li[.//span[contains(text(),'556 -')]]"}
COMMAND: POST /session/be9a23df4294472c3cbe97a105488dd6/elements - {"using":"xpath","value":"//li[.//span[contains(text(),'556 -')]]"}
RESULT: {"using":"xpath","value":"//li[.//span[contains(text(),'556 -')]]"}
COMMAND: POST /session/be9a23df4294472c3cbe97a105488dd6/elements - {"using":"xpath","value":"//li[.//span[contains(text(),'556 -')]]"}
RESULT: {"using":"xpath","value":"//li[.//span[contains(text(),'556 -')]]"}
COMMAND: POST /session/be9a23df4294472c3cbe97a105488dd6/elements - {"using":"xpath","value":"//li[.//span[contains(text(),'556 -')]]"}
RESULT: {"using":"xpath","value":"//li[.//span[contains(text(),'556 -')]]"}
COMMAND: POST /session/be9a23df4294472c3cbe97a105488dd6/elements - {"using":"xpath","value":"//li[.//span[contains(text(),'556 -')]]"}
RESULT: {"using":"xpath","value":"//li[.//span[contains(text(),'556 -')]]"}
COMMAND: POST /session/be9a23df4294472c3cbe97a105488dd6/elements - {"using":"xpath","value":"//li[.//span[contains(text(),'556 -')]]"}
RESULT: {"using":"xpath","value":"//li[.//span[contains(text(),'556 -')]]"}
COMMAND: POST /session/be9a23df4294472c3cbe97a105488dd6/elements - {"using":"xpath","value":"//li[.//span[contains(text(),'556 -')]]"}
RESULT: {"using":"xpath","value":"//li[.//span[contains(text(),'556 -')]]"}
COMMAND: POST /session/be9a23df4294472c3cbe97a105488dd6/elements - {"using":"xpath","value":"//li[.//span[contains(text(),'556 -')]]"}
RESULT: {"using":"xpath","value":"//li[.//span[contains(text(),'556 -')]]"}
COMMAND: POST /session/be9a23df4294472c3cbe97a105488dd6/elements - {"using":"xpath","value":"//li[.//span[contains(text(),'556 -')]]"}
RESULT: {"using":"xpath","value":"//li[.//span[contains(text(),'556 -')]]"}
COMMAND: POST /session/be9a23df4294472c3cbe97a105488dd6/elements - {"using":"xpath","value":"//li[.//span[contains(text(),'556 -')]]"}
RESULT: {"using":"xpath","value":"//li[.//span[contains(text(),'556 -')]]"}
COMMAND: POST /session/be9a23df4294472c3cbe97a105488dd6/elements - {"using":"xpath","value":"//li[.//span[contains(text(),'556 -')]]"}
RESULT: {"using":"xpath","value":"//li[.//span[contains(text(),'556 -')]]"}
COMMAND: POST /session/be9a23df4294472c3cbe97a105488dd6/elements - {"using":"xpath","value":"//li[.//span[contains(text(),'556 -')]]"}
RESULT: {"using":"xpath","value":"//li[.//span[contains(text(),'556 -')]]"}
COMMAND: POST /session/be9a23df4294472c3cbe97a105488dd6/elements - {"using":"xpath","value":"//li[.//span[contains(text(),'556 -')]]"}
RESULT: {"using":"xpath","value":"//li[.//span[contains(text(),'556 -')]]"}
COMMAND: POST /session/be9a23df4294472c3cbe97a105488dd6/elements - {"using":"xpath","value":"//li[.//span[contains(text(),'556 -')]]"}
RESULT: {"using":"xpath","value":"//li[.//span[contains(text(),'556 -')]]"}
COMMAND: POST /session/be9a23df4294472c3cbe97a105488dd6/elements - {"using":"xpath","value":"//li[.//span[contains(text(),'556 -')]]"}
RESULT: {"using":"xpath","value":"//li[.//span[contains(text(),'556 -')]]"}
COMMAND: POST /session/be9a23df4294472c3cbe97a105488dd6/elements - {"using":"xpath","value":"//li[.//span[contains(text(),'556 -')]]"}
RESULT: {"using":"xpath","value":"//li[.//span[contains(text(),'556 -')]]"}
COMMAND: POST /session/be9a23df4294472c3cbe97a105488dd6/elements - {"using":"xpath","value":"//li[.//span[contains(text(),'556 -')]]"}
RESULT: {"using":"xpath","value":"//li[.//span[contains(text(),'556 -')]]"}
COMMAND: POST /session/be9a23df4294472c3cbe97a105488dd6/elements - {"using":"xpath","value":"//li[.//span[contains(text(),'556 -')]]"}
RESULT: {"using":"xpath","value":"//li[.//span[contains(text(),'556 -')]]"}
COMMAND: POST /session/be9a23df4294472c3cbe97a105488dd6/elements - {"using":"xpath","value":"//li[.//span[contains(text(),'556 -')]]"}
RESULT: {"using":"xpath","value":"//li[.//span[contains(text(),'556 -')]]"}
COMMAND: POST /session/be9a23df4294472c3cbe97a105488dd6/elements - {"using":"xpath","value":"//li[.//span[contains(text(),'556 -')]]"}
RESULT: {"using":"xpath","value":"//li[.//span[contains(text(),'556 -')]]"}
COMMAND: POST /session/be9a23df4294472c3cbe97a105488dd6/elements - {"using":"xpath","value":"//li[.//span[contains(text(),'556 -')]]"}
RESULT: {"using":"xpath","value":"//li[.//span[contains(text(),'556 -')]]"}
COMMAND: POST /session/be9a23df4294472c3cbe97a105488dd6/elements - {"using":"xpath","value":"//li[.//span[contains(text(),'556 -')]]"}
RESULT: {"using":"xpath","value":"//li[.//span[contains(text(),'556 -')]]"}
COMMAND: POST /session/be9a23df4294472c3cbe97a105488dd6/elements - {"using":"xpath","value":"//li[.//span[contains(text(),'556 -')]]"}
RESULT: {"using":"xpath","value":"//li[.//span[contains(text(),'556 -')]]"}
COMMAND: POST /session/be9a23df4294472c3cbe97a105488dd6/elements - {"using":"xpath","value":"//li[.//span[contains(text(),'556 -')]]"}
RESULT: {"using":"xpath","value":"//li[.//span[contains(text(),'556 -')]]"}
COMMAND: POST /session/be9a23df4294472c3cbe97a105488dd6/elements - {"using":"xpath","value":"//li[.//span[contains(text(),'556 -')]]"}
RESULT: {"using":"xpath","value":"//li[.//span[contains(text(),'556 -')]]"}
COMMAND: POST /session/be9a23df4294472c3cbe97a105488dd6/elements - {"using":"xpath","value":"//li[.//span[contains(text(),'556 -')]]"}
RESULT: {"using":"xpath","value":"//li[.//span[contains(text(),'556 -')]]"}
COMMAND: POST /session/be9a23df4294472c3cbe97a105488dd6/elements - {"using":"xpath","value":"//li[.//span[contains(text(),'556 -')]]"}
RESULT: {"using":"xpath","value":"//li[.//span[contains(text(),'556 -')]]"}
COMMAND: POST /session/be9a23df4294472c3cbe97a105488dd6/elements - {"using":"xpath","value":"//li[.//span[contains(text(),'556 -')]]"}
RESULT: {"using":"xpath","value":"//li[.//span[contains(text(),'556 -')]]"}
COMMAND: POST /session/be9a23df4294472c3cbe97a105488dd6/elements - {"using":"xpath","value":"//li[.//span[contains(text(),'556 -')]]"}
RESULT: {"using":"xpath","value":"//li[.//span[contains(text(),'556 -')]]"}
COMMAND: POST /session/be9a23df4294472c3cbe97a105488dd6/elements - {"using":"xpath","value":"//li[.//span[contains(text(),'556 -')]]"}
RESULT: {"using":"xpath","value":"//li[.//span[contains(text(),'556 -')]]"}
COMMAND: POST /session/be9a23df4294472c3cbe97a105488dd6/elements - {"using":"xpath","value":"//li[.//span[contains(text(),'556 -')]]"}
RESULT: {"using":"xpath","value":"//li[.//span[contains(text(),'556 -')]]"}
COMMAND: POST /session/be9a23df4294472c3cbe97a105488dd6/elements - {"using":"xpath","value":"//li[.//span[contains(text(),'556 -')]]"}
RESULT: {"using":"xpath","value":"//li[.//span[contains(text(),'556 -')]]"}
COMMAND: POST /session/be9a23df4294472c3cbe97a105488dd6/elements - {"using":"xpath","value":"//li[.//span[contains(text(),'556 -')]]"}
RESULT: {"using":"xpath","value":"//li[.//span[contains(text(),'556 -')]]"}
COMMAND: POST /session/be9a23df4294472c3cbe97a105488dd6/elements - {"using":"xpath","value":"//li[.//span[contains(text(),'556 -')]]"}
RESULT: {"using":"xpath","value":"//li[.//span[contains(text(),'556 -')]]"}
COMMAND: POST /session/be9a23df4294472c3cbe97a105488dd6/elements - {"using":"xpath","value":"//li[.//span[contains(text(),'556 -')]]"}
RESULT: {"using":"xpath","value":"//li[.//span[contains(text(),'556 -')]]"}
COMMAND: POST /session/be9a23df4294472c3cbe97a105488dd6/elements - {"using":"xpath","value":"//li[.//span[contains(text(),'556 -')]]"}
RESULT: {"using":"xpath","value":"//li[.//span[contains(text(),'556 -')]]"}
COMMAND: POST /session/be9a23df4294472c3cbe97a105488dd6/elements - {"using":"xpath","value":"//li[.//span[contains(text(),'556 -')]]"}
RESULT: {"using":"xpath","value":"//li[.//span[contains(text(),'556 -')]]"}
COMMAND: POST /session/be9a23df4294472c3cbe97a105488dd6/elements - {"using":"xpath","value":"//li[.//span[contains(text(),'556 -')]]"}
RESULT: {"using":"xpath","value":"//li[.//span[contains(text(),'556 -')]]"}
COMMAND: POST /session/be9a23df4294472c3cbe97a105488dd6/elements - {"using":"xpath","value":"//li[.//span[contains(text(),'556 -')]]"}
RESULT: {"using":"xpath","value":"//li[.//span[contains(text(),'556 -')]]"}
COMMAND: POST /session/be9a23df4294472c3cbe97a105488dd6/elements - {"using":"xpath","value":"//li[.//span[contains(text(),'556 -')]]"}
RESULT: {"using":"xpath","value":"//li[.//span[contains(text(),'556 -')]]"}
COMMAND: POST /session/be9a23df4294472c3cbe97a105488dd6/elements - {"using":"xpath","value":"//li[.//span[contains(text(),'556 -')]]"}
RESULT: {"using":"xpath","value":"//li[.//span[contains(text(),'556 -')]]"}
COMMAND: POST /session/be9a23df4294472c3cbe97a105488dd6/elements - {"using":"xpath","value":"//li[.//span[contains(text(),'556 -')]]"}
RESULT: {"using":"xpath","value":"//li[.//span[contains(text(),'556 -')]]"}
COMMAND: POST /session/be9a23df4294472c3cbe97a105488dd6/elements - {"using":"xpath","value":"//li[.//span[contains(text(),'556 -')]]"}
RESULT: {"using":"xpath","value":"//li[.//span[contains(text(),'556 -')]]"}
COMMAND: POST /session/be9a23df4294472c3cbe97a105488dd6/elements - {"using":"xpath","value":"//li[.//span[contains(text(),'556 -')]]"}
RESULT: {"using":"xpath","value":"//li[.//span[contains(text(),'556 -')]]"}
COMMAND: POST /session/be9a23df4294472c3cbe97a105488dd6/elements - {"using":"xpath","value":"//li[.//span[contains(text(),'556 -')]]"}
RESULT: {"using":"xpath","value":"//li[.//span[contains(text(),'556 -')]]"}
COMMAND: POST /session/be9a23df4294472c3cbe97a105488dd6/elements - {"using":"xpath","value":"//li[.//span[contains(text(),'556 -')]]"}
RESULT: {"using":"xpath","value":"//li[.//span[contains(text(),'556 -')]]"}
COMMAND: POST /session/be9a23df4294472c3cbe97a105488dd6/elements - {"using":"xpath","value":"//li[.//span[contains(text(),'556 -')]]"}
RESULT: {"using":"xpath","value":"//li[.//span[contains(text(),'556 -')]]"}
COMMAND: POST /session/be9a23df4294472c3cbe97a105488dd6/elements - {"using":"xpath","value":"//li[.//span[contains(text(),'556 -')]]"}
RESULT: {"using":"xpath","value":"//li[.//span[contains(text(),'556 -')]]"}
COMMAND: POST /session/be9a23df4294472c3cbe97a105488dd6/elements - {"using":"xpath","value":"//li[.//span[contains(text(),'556 -')]]"}
RESULT: {"using":"xpath","value":"//li[.//span[contains(text(),'556 -')]]"}
COMMAND: POST /session/be9a23df4294472c3cbe97a105488dd6/elements - {"using":"xpath","value":"//li[.//span[contains(text(),'556 -')]]"}
RESULT: {"using":"xpath","value":"//li[.//span[contains(text(),'556 -')]]"}
COMMAND: POST /session/be9a23df4294472c3cbe97a105488dd6/elements - {"using":"xpath","value":"//li[.//span[contains(text(),'556 -')]]"}
RESULT: {"using":"xpath","value":"//li[.//span[contains(text(),'556 -')]]"}
COMMAND: POST /session/be9a23df4294472c3cbe97a105488dd6/elements - {"using":"xpath","value":"//li[.//span[contains(text(),'556 -')]]"}
RESULT: {"using":"xpath","value":"//li[.//span[contains(text(),'556 -')]]"}
COMMAND: POST /session/be9a23df4294472c3cbe97a105488dd6/elements - {"using":"xpath","value":"//li[.//span[contains(text(),'556 -')]]"}
RESULT: {"using":"xpath","value":"//li[.//span[contains(text(),'556 -')]]"}
COMMAND: POST /session/be9a23df4294472c3cbe97a105488dd6/elements - {"using":"xpath","value":"//li[.//span[contains(text(),'556 -')]]"}
RESULT: {"using":"xpath","value":"//li[.//span[contains(text(),'556 -')]]"}
COMMAND: POST /session/be9a23df4294472c3cbe97a105488dd6/elements - {"using":"xpath","value":"//li[.//span[contains(text(),'556 -')]]"}
RESULT: {"using":"xpath","value":"//li[.//span[contains(text(),'556 -')]]"}
COMMAND: POST /session/be9a23df4294472c3cbe97a105488dd6/elements - {"using":"xpath","value":"//li[.//span[contains(text(),'556 -')]]"}
RESULT: {"using":"xpath","value":"//li[.//span[contains(text(),'556 -')]]"}
COMMAND: POST /session/be9a23df4294472c3cbe97a105488dd6/elements - {"using":"xpath","value":"//li[.//span[contains(text(),'556 -')]]"}
RESULT: {"using":"xpath","value":"//li[.//span[contains(text(),'556 -')]]"}
COMMAND: POST /session/be9a23df4294472c3cbe97a105488dd6/elements - {"using":"xpath","value":"//li[.//span[contains(text(),'556 -')]]"}
RESULT: {"using":"xpath","value":"//li[.//span[contains(text(),'556 -')]]"}
COMMAND: POST /session/be9a23df4294472c3cbe97a105488dd6/elements - {"using":"xpath","value":"//li[.//span[contains(text(),'556 -')]]"}
RESULT: {"using":"xpath","value":"//li[.//span[contains(text(),'556 -')]]"}
COMMAND: POST /session/be9a23df4294472c3cbe97a105488dd6/elements - {"using":"xpath","value":"//li[.//span[contains(text(),'556 -')]]"}
RESULT: {"using":"xpath","value":"//li[.//span[contains(text(),'556 -')]]"}
COMMAND: POST /session/be9a23df4294472c3cbe97a105488dd6/elements - {"using":"xpath","value":"//li[.//span[contains(text(),'556 -')]]"}
RESULT: {"using":"xpath","value":"//li[.//span[contains(text(),'556 -')]]"}
COMMAND: POST /session/be9a23df4294472c3cbe97a105488dd6/elements - {"using":"xpath","value":"//li[.//span[contains(text(),'556 -')]]"}
RESULT: {"using":"xpath","value":"//li[.//span[contains(text(),'556 -')]]"}
COMMAND: POST /session/be9a23df4294472c3cbe97a105488dd6/elements - {"using":"xpath","value":"//li[.//span[contains(text(),'556 -')]]"}
RESULT: {"using":"xpath","value":"//li[.//span[contains(text(),'556 -')]]"}
COMMAND: POST /session/be9a23df4294472c3cbe97a105488dd6/elements - {"using":"xpath","value":"//li[.//span[contains(text(),'556 -')]]"}
RESULT: {"using":"xpath","value":"//li[.//span[contains(text(),'556 -')]]"}
COMMAND: POST /session/be9a23df4294472c3cbe97a105488dd6/elements - {"using":"xpath","value":"//li[.//span[contains(text(),'556 -')]]"}
RESULT: {"using":"xpath","value":"//li[.//span[contains(text(),'556 -')]]"}
COMMAND: POST /session/be9a23df4294472c3cbe97a105488dd6/elements - {"using":"xpath","value":"//li[.//span[contains(text(),'556 -')]]"}
RESULT: {"using":"xpath","value":"//li[.//span[contains(text(),'556 -')]]"}
COMMAND: POST /session/be9a23df4294472c3cbe97a105488dd6/elements - {"using":"xpath","value":"//li[.//span[contains(text(),'556 -')]]"}
RESULT: {"using":"xpath","value":"//li[.//span[contains(text(),'556 -')]]"}
COMMAND: POST /session/be9a23df4294472c3cbe97a105488dd6/elements - {"using":"xpath","value":"//li[.//span[contains(text(),'556 -')]]"}
RESULT: {"using":"xpath","value":"//li[.//span[contains(text(),'556 -')]]"}
COMMAND: POST /session/be9a23df4294472c3cbe97a105488dd6/elements - {"using":"xpath","value":"//li[.//span[contains(text(),'556 -')]]"}
RESULT: {"using":"xpath","value":"//li[.//span[contains(text(),'556 -')]]"}
COMMAND: POST /session/be9a23df4294472c3cbe97a105488dd6/elements - {"using":"xpath","value":"//li[.//span[contains(text(),'556 -')]]"}
RESULT: {"using":"xpath","value":"//li[.//span[contains(text(),'556 -')]]"}
COMMAND: POST /session/be9a23df4294472c3cbe97a105488dd6/elements - {"using":"xpath","value":"//li[.//span[contains(text(),'556 -')]]"}
RESULT: {"using":"xpath","value":"//li[.//span[contains(text(),'556 -')]]"}
COMMAND: POST /session/be9a23df4294472c3cbe97a105488dd6/elements - {"using":"xpath","value":"//li[.//span[contains(text(),'556 -')]]"}
RESULT: {"using":"xpath","value":"//li[.//span[contains(text(),'556 -')]]"}
COMMAND: POST /session/be9a23df4294472c3cbe97a105488dd6/elements - {"using":"xpath","value":"//li[.//span[contains(text(),'556 -')]]"}
RESULT: {"using":"xpath","value":"//li[.//span[contains(text(),'556 -')]]"}
COMMAND: POST /session/be9a23df4294472c3cbe97a105488dd6/elements - {"using":"xpath","value":"//li[.//span[contains(text(),'556 -')]]"}
RESULT: {"using":"xpath","value":"//li[.//span[contains(text(),'556 -')]]"}
COMMAND: POST /session/be9a23df4294472c3cbe97a105488dd6/elements - {"using":"xpath","value":"//li[.//span[contains(text(),'556 -')]]"}
RESULT: {"using":"xpath","value":"//li[.//span[contains(text(),'556 -')]]"}
COMMAND: POST /session/be9a23df4294472c3cbe97a105488dd6/elements - {"using":"xpath","value":"//li[.//span[contains(text(),'556 -')]]"}
RESULT: {"using":"xpath","value":"//li[.//span[contains(text(),'556 -')]]"}
COMMAND: POST /session/be9a23df4294472c3cbe97a105488dd6/elements - {"using":"xpath","value":"//li[.//span[contains(text(),'556 -')]]"}
RESULT: {"using":"xpath","value":"//li[.//span[contains(text(),'556 -')]]"}
COMMAND: GET /session/be9a23df4294472c3cbe97a105488dd6/screenshot - {}
RESULT: {}
]]></system-out>
      <system-err><![CDATA[
Error: Can't call click on element with selector "//li[.//span[contains(text(),'556 -')]]" because element wasn't found
    at async UtilsPrerequisites.stockIncrease (D:\a\1\s\test\specs\BTS\prerequisites-and-utils-functions.js:1638:9)
    at async Context.<anonymous> (D:\a\1\s\test\specs\BTS\billing-calculation-mixed.spec.js:69:9)
]]></system-err>
    </testcase>
    <testcase classname="chrome.136_0_7103_93.windows.Create_master_data_for_mixed_billing_&amp;_do_billing_calculation_US151661" name="Should create a new contract" time="60.012">
      <failure/>
      <error message="element (&quot;//button[@data-kt=&quot;addButton&quot;]&quot;) still not existing after 45000ms"/>
      <system-out><![CDATA[
COMMAND: POST /session/be9a23df4294472c3cbe97a105488dd6/execute/async - {"script":"<script> [1562 bytes]","args":[{"selector":{"controlType":"sap.m.GenericTile","properties":{"header":"Manage Contracts"}},"wdio_ui5_key":"sapm.GenericTile{\"header\":\"Manage Contracts\"}"}]}
COMMAND: GET /session/be9a23df4294472c3cbe97a105488dd6/screenshot - {}
RESULT: {"script":"<script> [1562 bytes]","args":[{"selector":{"controlType":"sap.m.GenericTile","properties":{"header":"Manage Contracts"}},"wdio_ui5_key":"sapm.GenericTile{\"header\":\"Manage Contracts\"}"}]}
RESULT: undefined
RESULT: {}
COMMAND: POST /session/be9a23df4294472c3cbe97a105488dd6/elements - {"using":"xpath","value":"//span[text()='Error']"}
RESULT: {"using":"xpath","value":"//span[text()='Error']"}
COMMAND: POST /session/be9a23df4294472c3cbe97a105488dd6/element - {"using":"xpath","value":"//button[@data-kt=\"addButton\"]"}
RESULT: {"using":"xpath","value":"//button[@data-kt=\"addButton\"]"}
COMMAND: POST /session/be9a23df4294472c3cbe97a105488dd6/elements - {"using":"xpath","value":"//button[@data-kt=\"addButton\"]"}
RESULT: {"using":"xpath","value":"//button[@data-kt=\"addButton\"]"}
COMMAND: POST /session/be9a23df4294472c3cbe97a105488dd6/elements - {"using":"xpath","value":"//button[@data-kt=\"addButton\"]"}
RESULT: {"using":"xpath","value":"//button[@data-kt=\"addButton\"]"}
COMMAND: POST /session/be9a23df4294472c3cbe97a105488dd6/elements - {"using":"xpath","value":"//button[@data-kt=\"addButton\"]"}
RESULT: {"using":"xpath","value":"//button[@data-kt=\"addButton\"]"}
COMMAND: POST /session/be9a23df4294472c3cbe97a105488dd6/elements - {"using":"xpath","value":"//button[@data-kt=\"addButton\"]"}
RESULT: {"using":"xpath","value":"//button[@data-kt=\"addButton\"]"}
COMMAND: POST /session/be9a23df4294472c3cbe97a105488dd6/elements - {"using":"xpath","value":"//button[@data-kt=\"addButton\"]"}
RESULT: {"using":"xpath","value":"//button[@data-kt=\"addButton\"]"}
COMMAND: POST /session/be9a23df4294472c3cbe97a105488dd6/elements - {"using":"xpath","value":"//button[@data-kt=\"addButton\"]"}
RESULT: {"using":"xpath","value":"//button[@data-kt=\"addButton\"]"}
COMMAND: POST /session/be9a23df4294472c3cbe97a105488dd6/elements - {"using":"xpath","value":"//button[@data-kt=\"addButton\"]"}
RESULT: {"using":"xpath","value":"//button[@data-kt=\"addButton\"]"}
COMMAND: POST /session/be9a23df4294472c3cbe97a105488dd6/elements - {"using":"xpath","value":"//button[@data-kt=\"addButton\"]"}
RESULT: {"using":"xpath","value":"//button[@data-kt=\"addButton\"]"}
COMMAND: POST /session/be9a23df4294472c3cbe97a105488dd6/elements - {"using":"xpath","value":"//button[@data-kt=\"addButton\"]"}
RESULT: {"using":"xpath","value":"//button[@data-kt=\"addButton\"]"}
COMMAND: POST /session/be9a23df4294472c3cbe97a105488dd6/elements - {"using":"xpath","value":"//button[@data-kt=\"addButton\"]"}
RESULT: {"using":"xpath","value":"//button[@data-kt=\"addButton\"]"}
COMMAND: POST /session/be9a23df4294472c3cbe97a105488dd6/elements - {"using":"xpath","value":"//button[@data-kt=\"addButton\"]"}
RESULT: {"using":"xpath","value":"//button[@data-kt=\"addButton\"]"}
COMMAND: POST /session/be9a23df4294472c3cbe97a105488dd6/elements - {"using":"xpath","value":"//button[@data-kt=\"addButton\"]"}
RESULT: {"using":"xpath","value":"//button[@data-kt=\"addButton\"]"}
COMMAND: POST /session/be9a23df4294472c3cbe97a105488dd6/elements - {"using":"xpath","value":"//button[@data-kt=\"addButton\"]"}
RESULT: {"using":"xpath","value":"//button[@data-kt=\"addButton\"]"}
COMMAND: POST /session/be9a23df4294472c3cbe97a105488dd6/elements - {"using":"xpath","value":"//button[@data-kt=\"addButton\"]"}
RESULT: {"using":"xpath","value":"//button[@data-kt=\"addButton\"]"}
COMMAND: POST /session/be9a23df4294472c3cbe97a105488dd6/elements - {"using":"xpath","value":"//button[@data-kt=\"addButton\"]"}
RESULT: {"using":"xpath","value":"//button[@data-kt=\"addButton\"]"}
COMMAND: POST /session/be9a23df4294472c3cbe97a105488dd6/elements - {"using":"xpath","value":"//button[@data-kt=\"addButton\"]"}
RESULT: {"using":"xpath","value":"//button[@data-kt=\"addButton\"]"}
COMMAND: POST /session/be9a23df4294472c3cbe97a105488dd6/elements - {"using":"xpath","value":"//button[@data-kt=\"addButton\"]"}
RESULT: {"using":"xpath","value":"//button[@data-kt=\"addButton\"]"}
COMMAND: POST /session/be9a23df4294472c3cbe97a105488dd6/elements - {"using":"xpath","value":"//button[@data-kt=\"addButton\"]"}
RESULT: {"using":"xpath","value":"//button[@data-kt=\"addButton\"]"}
COMMAND: POST /session/be9a23df4294472c3cbe97a105488dd6/elements - {"using":"xpath","value":"//button[@data-kt=\"addButton\"]"}
RESULT: {"using":"xpath","value":"//button[@data-kt=\"addButton\"]"}
COMMAND: POST /session/be9a23df4294472c3cbe97a105488dd6/elements - {"using":"xpath","value":"//button[@data-kt=\"addButton\"]"}
RESULT: {"using":"xpath","value":"//button[@data-kt=\"addButton\"]"}
COMMAND: POST /session/be9a23df4294472c3cbe97a105488dd6/elements - {"using":"xpath","value":"//button[@data-kt=\"addButton\"]"}
RESULT: {"using":"xpath","value":"//button[@data-kt=\"addButton\"]"}
COMMAND: POST /session/be9a23df4294472c3cbe97a105488dd6/elements - {"using":"xpath","value":"//button[@data-kt=\"addButton\"]"}
RESULT: {"using":"xpath","value":"//button[@data-kt=\"addButton\"]"}
COMMAND: POST /session/be9a23df4294472c3cbe97a105488dd6/elements - {"using":"xpath","value":"//button[@data-kt=\"addButton\"]"}
RESULT: {"using":"xpath","value":"//button[@data-kt=\"addButton\"]"}
COMMAND: POST /session/be9a23df4294472c3cbe97a105488dd6/elements - {"using":"xpath","value":"//button[@data-kt=\"addButton\"]"}
RESULT: {"using":"xpath","value":"//button[@data-kt=\"addButton\"]"}
COMMAND: POST /session/be9a23df4294472c3cbe97a105488dd6/elements - {"using":"xpath","value":"//button[@data-kt=\"addButton\"]"}
RESULT: {"using":"xpath","value":"//button[@data-kt=\"addButton\"]"}
COMMAND: POST /session/be9a23df4294472c3cbe97a105488dd6/elements - {"using":"xpath","value":"//button[@data-kt=\"addButton\"]"}
RESULT: {"using":"xpath","value":"//button[@data-kt=\"addButton\"]"}
COMMAND: POST /session/be9a23df4294472c3cbe97a105488dd6/elements - {"using":"xpath","value":"//button[@data-kt=\"addButton\"]"}
RESULT: {"using":"xpath","value":"//button[@data-kt=\"addButton\"]"}
COMMAND: POST /session/be9a23df4294472c3cbe97a105488dd6/elements - {"using":"xpath","value":"//button[@data-kt=\"addButton\"]"}
RESULT: {"using":"xpath","value":"//button[@data-kt=\"addButton\"]"}
COMMAND: POST /session/be9a23df4294472c3cbe97a105488dd6/elements - {"using":"xpath","value":"//button[@data-kt=\"addButton\"]"}
RESULT: {"using":"xpath","value":"//button[@data-kt=\"addButton\"]"}
COMMAND: POST /session/be9a23df4294472c3cbe97a105488dd6/elements - {"using":"xpath","value":"//button[@data-kt=\"addButton\"]"}
RESULT: {"using":"xpath","value":"//button[@data-kt=\"addButton\"]"}
COMMAND: POST /session/be9a23df4294472c3cbe97a105488dd6/elements - {"using":"xpath","value":"//button[@data-kt=\"addButton\"]"}
RESULT: {"using":"xpath","value":"//button[@data-kt=\"addButton\"]"}
COMMAND: POST /session/be9a23df4294472c3cbe97a105488dd6/elements - {"using":"xpath","value":"//button[@data-kt=\"addButton\"]"}
RESULT: {"using":"xpath","value":"//button[@data-kt=\"addButton\"]"}
COMMAND: POST /session/be9a23df4294472c3cbe97a105488dd6/elements - {"using":"xpath","value":"//button[@data-kt=\"addButton\"]"}
RESULT: {"using":"xpath","value":"//button[@data-kt=\"addButton\"]"}
COMMAND: POST /session/be9a23df4294472c3cbe97a105488dd6/elements - {"using":"xpath","value":"//button[@data-kt=\"addButton\"]"}
RESULT: {"using":"xpath","value":"//button[@data-kt=\"addButton\"]"}
COMMAND: POST /session/be9a23df4294472c3cbe97a105488dd6/elements - {"using":"xpath","value":"//button[@data-kt=\"addButton\"]"}
RESULT: {"using":"xpath","value":"//button[@data-kt=\"addButton\"]"}
COMMAND: POST /session/be9a23df4294472c3cbe97a105488dd6/elements - {"using":"xpath","value":"//button[@data-kt=\"addButton\"]"}
RESULT: {"using":"xpath","value":"//button[@data-kt=\"addButton\"]"}
COMMAND: POST /session/be9a23df4294472c3cbe97a105488dd6/elements - {"using":"xpath","value":"//button[@data-kt=\"addButton\"]"}
RESULT: {"using":"xpath","value":"//button[@data-kt=\"addButton\"]"}
COMMAND: POST /session/be9a23df4294472c3cbe97a105488dd6/elements - {"using":"xpath","value":"//button[@data-kt=\"addButton\"]"}
RESULT: {"using":"xpath","value":"//button[@data-kt=\"addButton\"]"}
COMMAND: POST /session/be9a23df4294472c3cbe97a105488dd6/elements - {"using":"xpath","value":"//button[@data-kt=\"addButton\"]"}
RESULT: {"using":"xpath","value":"//button[@data-kt=\"addButton\"]"}
COMMAND: POST /session/be9a23df4294472c3cbe97a105488dd6/elements - {"using":"xpath","value":"//button[@data-kt=\"addButton\"]"}
RESULT: {"using":"xpath","value":"//button[@data-kt=\"addButton\"]"}
COMMAND: POST /session/be9a23df4294472c3cbe97a105488dd6/elements - {"using":"xpath","value":"//button[@data-kt=\"addButton\"]"}
RESULT: {"using":"xpath","value":"//button[@data-kt=\"addButton\"]"}
COMMAND: POST /session/be9a23df4294472c3cbe97a105488dd6/elements - {"using":"xpath","value":"//button[@data-kt=\"addButton\"]"}
RESULT: {"using":"xpath","value":"//button[@data-kt=\"addButton\"]"}
COMMAND: POST /session/be9a23df4294472c3cbe97a105488dd6/elements - {"using":"xpath","value":"//button[@data-kt=\"addButton\"]"}
RESULT: {"using":"xpath","value":"//button[@data-kt=\"addButton\"]"}
COMMAND: POST /session/be9a23df4294472c3cbe97a105488dd6/elements - {"using":"xpath","value":"//button[@data-kt=\"addButton\"]"}
RESULT: {"using":"xpath","value":"//button[@data-kt=\"addButton\"]"}
COMMAND: POST /session/be9a23df4294472c3cbe97a105488dd6/elements - {"using":"xpath","value":"//button[@data-kt=\"addButton\"]"}
RESULT: {"using":"xpath","value":"//button[@data-kt=\"addButton\"]"}
COMMAND: POST /session/be9a23df4294472c3cbe97a105488dd6/elements - {"using":"xpath","value":"//button[@data-kt=\"addButton\"]"}
RESULT: {"using":"xpath","value":"//button[@data-kt=\"addButton\"]"}
COMMAND: POST /session/be9a23df4294472c3cbe97a105488dd6/elements - {"using":"xpath","value":"//button[@data-kt=\"addButton\"]"}
RESULT: {"using":"xpath","value":"//button[@data-kt=\"addButton\"]"}
COMMAND: POST /session/be9a23df4294472c3cbe97a105488dd6/elements - {"using":"xpath","value":"//button[@data-kt=\"addButton\"]"}
RESULT: {"using":"xpath","value":"//button[@data-kt=\"addButton\"]"}
COMMAND: POST /session/be9a23df4294472c3cbe97a105488dd6/elements - {"using":"xpath","value":"//button[@data-kt=\"addButton\"]"}
RESULT: {"using":"xpath","value":"//button[@data-kt=\"addButton\"]"}
COMMAND: POST /session/be9a23df4294472c3cbe97a105488dd6/elements - {"using":"xpath","value":"//button[@data-kt=\"addButton\"]"}
RESULT: {"using":"xpath","value":"//button[@data-kt=\"addButton\"]"}
COMMAND: POST /session/be9a23df4294472c3cbe97a105488dd6/elements - {"using":"xpath","value":"//button[@data-kt=\"addButton\"]"}
RESULT: {"using":"xpath","value":"//button[@data-kt=\"addButton\"]"}
COMMAND: POST /session/be9a23df4294472c3cbe97a105488dd6/elements - {"using":"xpath","value":"//button[@data-kt=\"addButton\"]"}
RESULT: {"using":"xpath","value":"//button[@data-kt=\"addButton\"]"}
COMMAND: POST /session/be9a23df4294472c3cbe97a105488dd6/elements - {"using":"xpath","value":"//button[@data-kt=\"addButton\"]"}
RESULT: {"using":"xpath","value":"//button[@data-kt=\"addButton\"]"}
COMMAND: POST /session/be9a23df4294472c3cbe97a105488dd6/elements - {"using":"xpath","value":"//button[@data-kt=\"addButton\"]"}
RESULT: {"using":"xpath","value":"//button[@data-kt=\"addButton\"]"}
COMMAND: POST /session/be9a23df4294472c3cbe97a105488dd6/elements - {"using":"xpath","value":"//button[@data-kt=\"addButton\"]"}
RESULT: {"using":"xpath","value":"//button[@data-kt=\"addButton\"]"}
COMMAND: POST /session/be9a23df4294472c3cbe97a105488dd6/elements - {"using":"xpath","value":"//button[@data-kt=\"addButton\"]"}
RESULT: {"using":"xpath","value":"//button[@data-kt=\"addButton\"]"}
COMMAND: POST /session/be9a23df4294472c3cbe97a105488dd6/elements - {"using":"xpath","value":"//button[@data-kt=\"addButton\"]"}
RESULT: {"using":"xpath","value":"//button[@data-kt=\"addButton\"]"}
COMMAND: POST /session/be9a23df4294472c3cbe97a105488dd6/elements - {"using":"xpath","value":"//button[@data-kt=\"addButton\"]"}
RESULT: {"using":"xpath","value":"//button[@data-kt=\"addButton\"]"}
COMMAND: POST /session/be9a23df4294472c3cbe97a105488dd6/elements - {"using":"xpath","value":"//button[@data-kt=\"addButton\"]"}
RESULT: {"using":"xpath","value":"//button[@data-kt=\"addButton\"]"}
COMMAND: POST /session/be9a23df4294472c3cbe97a105488dd6/elements - {"using":"xpath","value":"//button[@data-kt=\"addButton\"]"}
RESULT: {"using":"xpath","value":"//button[@data-kt=\"addButton\"]"}
COMMAND: POST /session/be9a23df4294472c3cbe97a105488dd6/elements - {"using":"xpath","value":"//button[@data-kt=\"addButton\"]"}
RESULT: {"using":"xpath","value":"//button[@data-kt=\"addButton\"]"}
COMMAND: POST /session/be9a23df4294472c3cbe97a105488dd6/elements - {"using":"xpath","value":"//button[@data-kt=\"addButton\"]"}
RESULT: {"using":"xpath","value":"//button[@data-kt=\"addButton\"]"}
COMMAND: POST /session/be9a23df4294472c3cbe97a105488dd6/elements - {"using":"xpath","value":"//button[@data-kt=\"addButton\"]"}
RESULT: {"using":"xpath","value":"//button[@data-kt=\"addButton\"]"}
COMMAND: POST /session/be9a23df4294472c3cbe97a105488dd6/elements - {"using":"xpath","value":"//button[@data-kt=\"addButton\"]"}
RESULT: {"using":"xpath","value":"//button[@data-kt=\"addButton\"]"}
COMMAND: POST /session/be9a23df4294472c3cbe97a105488dd6/elements - {"using":"xpath","value":"//button[@data-kt=\"addButton\"]"}
RESULT: {"using":"xpath","value":"//button[@data-kt=\"addButton\"]"}
COMMAND: POST /session/be9a23df4294472c3cbe97a105488dd6/elements - {"using":"xpath","value":"//button[@data-kt=\"addButton\"]"}
RESULT: {"using":"xpath","value":"//button[@data-kt=\"addButton\"]"}
COMMAND: POST /session/be9a23df4294472c3cbe97a105488dd6/elements - {"using":"xpath","value":"//button[@data-kt=\"addButton\"]"}
RESULT: {"using":"xpath","value":"//button[@data-kt=\"addButton\"]"}
COMMAND: POST /session/be9a23df4294472c3cbe97a105488dd6/elements - {"using":"xpath","value":"//button[@data-kt=\"addButton\"]"}
RESULT: {"using":"xpath","value":"//button[@data-kt=\"addButton\"]"}
COMMAND: POST /session/be9a23df4294472c3cbe97a105488dd6/elements - {"using":"xpath","value":"//button[@data-kt=\"addButton\"]"}
RESULT: {"using":"xpath","value":"//button[@data-kt=\"addButton\"]"}
COMMAND: POST /session/be9a23df4294472c3cbe97a105488dd6/elements - {"using":"xpath","value":"//button[@data-kt=\"addButton\"]"}
RESULT: {"using":"xpath","value":"//button[@data-kt=\"addButton\"]"}
COMMAND: POST /session/be9a23df4294472c3cbe97a105488dd6/elements - {"using":"xpath","value":"//button[@data-kt=\"addButton\"]"}
RESULT: {"using":"xpath","value":"//button[@data-kt=\"addButton\"]"}
COMMAND: POST /session/be9a23df4294472c3cbe97a105488dd6/elements - {"using":"xpath","value":"//button[@data-kt=\"addButton\"]"}
RESULT: {"using":"xpath","value":"//button[@data-kt=\"addButton\"]"}
COMMAND: POST /session/be9a23df4294472c3cbe97a105488dd6/elements - {"using":"xpath","value":"//button[@data-kt=\"addButton\"]"}
RESULT: {"using":"xpath","value":"//button[@data-kt=\"addButton\"]"}
COMMAND: POST /session/be9a23df4294472c3cbe97a105488dd6/elements - {"using":"xpath","value":"//button[@data-kt=\"addButton\"]"}
RESULT: {"using":"xpath","value":"//button[@data-kt=\"addButton\"]"}
COMMAND: POST /session/be9a23df4294472c3cbe97a105488dd6/elements - {"using":"xpath","value":"//button[@data-kt=\"addButton\"]"}
RESULT: {"using":"xpath","value":"//button[@data-kt=\"addButton\"]"}
COMMAND: POST /session/be9a23df4294472c3cbe97a105488dd6/elements - {"using":"xpath","value":"//button[@data-kt=\"addButton\"]"}
RESULT: {"using":"xpath","value":"//button[@data-kt=\"addButton\"]"}
COMMAND: POST /session/be9a23df4294472c3cbe97a105488dd6/elements - {"using":"xpath","value":"//button[@data-kt=\"addButton\"]"}
RESULT: {"using":"xpath","value":"//button[@data-kt=\"addButton\"]"}
COMMAND: POST /session/be9a23df4294472c3cbe97a105488dd6/elements - {"using":"xpath","value":"//button[@data-kt=\"addButton\"]"}
RESULT: {"using":"xpath","value":"//button[@data-kt=\"addButton\"]"}
COMMAND: POST /session/be9a23df4294472c3cbe97a105488dd6/elements - {"using":"xpath","value":"//button[@data-kt=\"addButton\"]"}
RESULT: {"using":"xpath","value":"//button[@data-kt=\"addButton\"]"}
COMMAND: POST /session/be9a23df4294472c3cbe97a105488dd6/elements - {"using":"xpath","value":"//button[@data-kt=\"addButton\"]"}
RESULT: {"using":"xpath","value":"//button[@data-kt=\"addButton\"]"}
COMMAND: POST /session/be9a23df4294472c3cbe97a105488dd6/elements - {"using":"xpath","value":"//button[@data-kt=\"addButton\"]"}
RESULT: {"using":"xpath","value":"//button[@data-kt=\"addButton\"]"}
COMMAND: POST /session/be9a23df4294472c3cbe97a105488dd6/elements - {"using":"xpath","value":"//button[@data-kt=\"addButton\"]"}
RESULT: {"using":"xpath","value":"//button[@data-kt=\"addButton\"]"}
COMMAND: POST /session/be9a23df4294472c3cbe97a105488dd6/elements - {"using":"xpath","value":"//button[@data-kt=\"addButton\"]"}
RESULT: {"using":"xpath","value":"//button[@data-kt=\"addButton\"]"}
COMMAND: POST /session/be9a23df4294472c3cbe97a105488dd6/elements - {"using":"xpath","value":"//button[@data-kt=\"addButton\"]"}
RESULT: {"using":"xpath","value":"//button[@data-kt=\"addButton\"]"}
COMMAND: POST /session/be9a23df4294472c3cbe97a105488dd6/elements - {"using":"xpath","value":"//button[@data-kt=\"addButton\"]"}
RESULT: {"using":"xpath","value":"//button[@data-kt=\"addButton\"]"}
COMMAND: POST /session/be9a23df4294472c3cbe97a105488dd6/elements - {"using":"xpath","value":"//button[@data-kt=\"addButton\"]"}
RESULT: {"using":"xpath","value":"//button[@data-kt=\"addButton\"]"}
COMMAND: POST /session/be9a23df4294472c3cbe97a105488dd6/elements - {"using":"xpath","value":"//button[@data-kt=\"addButton\"]"}
RESULT: {"using":"xpath","value":"//button[@data-kt=\"addButton\"]"}
COMMAND: POST /session/be9a23df4294472c3cbe97a105488dd6/elements - {"using":"xpath","value":"//button[@data-kt=\"addButton\"]"}
RESULT: {"using":"xpath","value":"//button[@data-kt=\"addButton\"]"}
COMMAND: POST /session/be9a23df4294472c3cbe97a105488dd6/elements - {"using":"xpath","value":"//button[@data-kt=\"addButton\"]"}
RESULT: {"using":"xpath","value":"//button[@data-kt=\"addButton\"]"}
COMMAND: POST /session/be9a23df4294472c3cbe97a105488dd6/elements - {"using":"xpath","value":"//button[@data-kt=\"addButton\"]"}
RESULT: {"using":"xpath","value":"//button[@data-kt=\"addButton\"]"}
COMMAND: POST /session/be9a23df4294472c3cbe97a105488dd6/elements - {"using":"xpath","value":"//button[@data-kt=\"addButton\"]"}
COMMAND: GET /session/be9a23df4294472c3cbe97a105488dd6/screenshot - {}
RESULT: {"using":"xpath","value":"//button[@data-kt=\"addButton\"]"}
RESULT: {}
]]></system-out>
      <system-err><![CDATA[
Error: element ("//button[@data-kt="addButton"]") still not existing after 45000ms
    at async UtilsPrerequisites.contractCreation (D:\a\1\s\test\specs\BTS\prerequisites-and-utils-functions.js:1741:9)
    at async Context.<anonymous> (D:\a\1\s\test\specs\BTS\billing-calculation-mixed.spec.js:73:45)
]]></system-err>
    </testcase>
    <testcase classname="chrome.136_0_7103_93.windows.Create_master_data_for_mixed_billing_&amp;_do_billing_calculation_US151661" name="Should add equipment to the contract" time="60.748">
      <failure/>
      <error message="Can't call click on element with selector &quot;//button[@data-kt=&quot;contractDetailEditBtnButton&quot;]&quot; because element wasn't found"/>
      <system-out><![CDATA[
COMMAND: GET /session/be9a23df4294472c3cbe97a105488dd6/screenshot - {}
COMMAND: POST /session/be9a23df4294472c3cbe97a105488dd6/element - {"using":"xpath","value":"//button[@data-kt=\"contractDetailEditBtnButton\"]"}
RESULT: {}
RESULT: {"using":"xpath","value":"//button[@data-kt=\"contractDetailEditBtnButton\"]"}
COMMAND: POST /session/be9a23df4294472c3cbe97a105488dd6/elements - {"using":"xpath","value":"//button[@data-kt=\"contractDetailEditBtnButton\"]"}
RESULT: {"using":"xpath","value":"//button[@data-kt=\"contractDetailEditBtnButton\"]"}
COMMAND: POST /session/be9a23df4294472c3cbe97a105488dd6/elements - {"using":"xpath","value":"//button[@data-kt=\"contractDetailEditBtnButton\"]"}
RESULT: {"using":"xpath","value":"//button[@data-kt=\"contractDetailEditBtnButton\"]"}
COMMAND: POST /session/be9a23df4294472c3cbe97a105488dd6/elements - {"using":"xpath","value":"//button[@data-kt=\"contractDetailEditBtnButton\"]"}
RESULT: {"using":"xpath","value":"//button[@data-kt=\"contractDetailEditBtnButton\"]"}
COMMAND: POST /session/be9a23df4294472c3cbe97a105488dd6/elements - {"using":"xpath","value":"//button[@data-kt=\"contractDetailEditBtnButton\"]"}
RESULT: {"using":"xpath","value":"//button[@data-kt=\"contractDetailEditBtnButton\"]"}
COMMAND: POST /session/be9a23df4294472c3cbe97a105488dd6/elements - {"using":"xpath","value":"//button[@data-kt=\"contractDetailEditBtnButton\"]"}
RESULT: {"using":"xpath","value":"//button[@data-kt=\"contractDetailEditBtnButton\"]"}
COMMAND: POST /session/be9a23df4294472c3cbe97a105488dd6/elements - {"using":"xpath","value":"//button[@data-kt=\"contractDetailEditBtnButton\"]"}
RESULT: {"using":"xpath","value":"//button[@data-kt=\"contractDetailEditBtnButton\"]"}
COMMAND: POST /session/be9a23df4294472c3cbe97a105488dd6/elements - {"using":"xpath","value":"//button[@data-kt=\"contractDetailEditBtnButton\"]"}
RESULT: {"using":"xpath","value":"//button[@data-kt=\"contractDetailEditBtnButton\"]"}
COMMAND: POST /session/be9a23df4294472c3cbe97a105488dd6/elements - {"using":"xpath","value":"//button[@data-kt=\"contractDetailEditBtnButton\"]"}
RESULT: {"using":"xpath","value":"//button[@data-kt=\"contractDetailEditBtnButton\"]"}
COMMAND: POST /session/be9a23df4294472c3cbe97a105488dd6/elements - {"using":"xpath","value":"//button[@data-kt=\"contractDetailEditBtnButton\"]"}
RESULT: {"using":"xpath","value":"//button[@data-kt=\"contractDetailEditBtnButton\"]"}
COMMAND: POST /session/be9a23df4294472c3cbe97a105488dd6/elements - {"using":"xpath","value":"//button[@data-kt=\"contractDetailEditBtnButton\"]"}
RESULT: {"using":"xpath","value":"//button[@data-kt=\"contractDetailEditBtnButton\"]"}
COMMAND: POST /session/be9a23df4294472c3cbe97a105488dd6/elements - {"using":"xpath","value":"//button[@data-kt=\"contractDetailEditBtnButton\"]"}
RESULT: {"using":"xpath","value":"//button[@data-kt=\"contractDetailEditBtnButton\"]"}
COMMAND: POST /session/be9a23df4294472c3cbe97a105488dd6/elements - {"using":"xpath","value":"//button[@data-kt=\"contractDetailEditBtnButton\"]"}
RESULT: {"using":"xpath","value":"//button[@data-kt=\"contractDetailEditBtnButton\"]"}
COMMAND: POST /session/be9a23df4294472c3cbe97a105488dd6/elements - {"using":"xpath","value":"//button[@data-kt=\"contractDetailEditBtnButton\"]"}
RESULT: {"using":"xpath","value":"//button[@data-kt=\"contractDetailEditBtnButton\"]"}
COMMAND: POST /session/be9a23df4294472c3cbe97a105488dd6/elements - {"using":"xpath","value":"//button[@data-kt=\"contractDetailEditBtnButton\"]"}
RESULT: {"using":"xpath","value":"//button[@data-kt=\"contractDetailEditBtnButton\"]"}
COMMAND: POST /session/be9a23df4294472c3cbe97a105488dd6/elements - {"using":"xpath","value":"//button[@data-kt=\"contractDetailEditBtnButton\"]"}
RESULT: {"using":"xpath","value":"//button[@data-kt=\"contractDetailEditBtnButton\"]"}
COMMAND: POST /session/be9a23df4294472c3cbe97a105488dd6/elements - {"using":"xpath","value":"//button[@data-kt=\"contractDetailEditBtnButton\"]"}
RESULT: {"using":"xpath","value":"//button[@data-kt=\"contractDetailEditBtnButton\"]"}
COMMAND: POST /session/be9a23df4294472c3cbe97a105488dd6/elements - {"using":"xpath","value":"//button[@data-kt=\"contractDetailEditBtnButton\"]"}
RESULT: {"using":"xpath","value":"//button[@data-kt=\"contractDetailEditBtnButton\"]"}
COMMAND: POST /session/be9a23df4294472c3cbe97a105488dd6/elements - {"using":"xpath","value":"//button[@data-kt=\"contractDetailEditBtnButton\"]"}
RESULT: {"using":"xpath","value":"//button[@data-kt=\"contractDetailEditBtnButton\"]"}
COMMAND: POST /session/be9a23df4294472c3cbe97a105488dd6/elements - {"using":"xpath","value":"//button[@data-kt=\"contractDetailEditBtnButton\"]"}
RESULT: {"using":"xpath","value":"//button[@data-kt=\"contractDetailEditBtnButton\"]"}
COMMAND: POST /session/be9a23df4294472c3cbe97a105488dd6/elements - {"using":"xpath","value":"//button[@data-kt=\"contractDetailEditBtnButton\"]"}
RESULT: {"using":"xpath","value":"//button[@data-kt=\"contractDetailEditBtnButton\"]"}
COMMAND: POST /session/be9a23df4294472c3cbe97a105488dd6/elements - {"using":"xpath","value":"//button[@data-kt=\"contractDetailEditBtnButton\"]"}
RESULT: {"using":"xpath","value":"//button[@data-kt=\"contractDetailEditBtnButton\"]"}
COMMAND: POST /session/be9a23df4294472c3cbe97a105488dd6/elements - {"using":"xpath","value":"//button[@data-kt=\"contractDetailEditBtnButton\"]"}
RESULT: {"using":"xpath","value":"//button[@data-kt=\"contractDetailEditBtnButton\"]"}
COMMAND: POST /session/be9a23df4294472c3cbe97a105488dd6/elements - {"using":"xpath","value":"//button[@data-kt=\"contractDetailEditBtnButton\"]"}
RESULT: {"using":"xpath","value":"//button[@data-kt=\"contractDetailEditBtnButton\"]"}
COMMAND: POST /session/be9a23df4294472c3cbe97a105488dd6/elements - {"using":"xpath","value":"//button[@data-kt=\"contractDetailEditBtnButton\"]"}
RESULT: {"using":"xpath","value":"//button[@data-kt=\"contractDetailEditBtnButton\"]"}
COMMAND: POST /session/be9a23df4294472c3cbe97a105488dd6/elements - {"using":"xpath","value":"//button[@data-kt=\"contractDetailEditBtnButton\"]"}
RESULT: {"using":"xpath","value":"//button[@data-kt=\"contractDetailEditBtnButton\"]"}
COMMAND: POST /session/be9a23df4294472c3cbe97a105488dd6/elements - {"using":"xpath","value":"//button[@data-kt=\"contractDetailEditBtnButton\"]"}
RESULT: {"using":"xpath","value":"//button[@data-kt=\"contractDetailEditBtnButton\"]"}
COMMAND: POST /session/be9a23df4294472c3cbe97a105488dd6/elements - {"using":"xpath","value":"//button[@data-kt=\"contractDetailEditBtnButton\"]"}
RESULT: {"using":"xpath","value":"//button[@data-kt=\"contractDetailEditBtnButton\"]"}
COMMAND: POST /session/be9a23df4294472c3cbe97a105488dd6/elements - {"using":"xpath","value":"//button[@data-kt=\"contractDetailEditBtnButton\"]"}
RESULT: {"using":"xpath","value":"//button[@data-kt=\"contractDetailEditBtnButton\"]"}
COMMAND: POST /session/be9a23df4294472c3cbe97a105488dd6/elements - {"using":"xpath","value":"//button[@data-kt=\"contractDetailEditBtnButton\"]"}
RESULT: {"using":"xpath","value":"//button[@data-kt=\"contractDetailEditBtnButton\"]"}
COMMAND: POST /session/be9a23df4294472c3cbe97a105488dd6/elements - {"using":"xpath","value":"//button[@data-kt=\"contractDetailEditBtnButton\"]"}
RESULT: {"using":"xpath","value":"//button[@data-kt=\"contractDetailEditBtnButton\"]"}
COMMAND: POST /session/be9a23df4294472c3cbe97a105488dd6/elements - {"using":"xpath","value":"//button[@data-kt=\"contractDetailEditBtnButton\"]"}
RESULT: {"using":"xpath","value":"//button[@data-kt=\"contractDetailEditBtnButton\"]"}
COMMAND: POST /session/be9a23df4294472c3cbe97a105488dd6/elements - {"using":"xpath","value":"//button[@data-kt=\"contractDetailEditBtnButton\"]"}
RESULT: {"using":"xpath","value":"//button[@data-kt=\"contractDetailEditBtnButton\"]"}
COMMAND: POST /session/be9a23df4294472c3cbe97a105488dd6/elements - {"using":"xpath","value":"//button[@data-kt=\"contractDetailEditBtnButton\"]"}
RESULT: {"using":"xpath","value":"//button[@data-kt=\"contractDetailEditBtnButton\"]"}
COMMAND: POST /session/be9a23df4294472c3cbe97a105488dd6/elements - {"using":"xpath","value":"//button[@data-kt=\"contractDetailEditBtnButton\"]"}
RESULT: {"using":"xpath","value":"//button[@data-kt=\"contractDetailEditBtnButton\"]"}
COMMAND: POST /session/be9a23df4294472c3cbe97a105488dd6/elements - {"using":"xpath","value":"//button[@data-kt=\"contractDetailEditBtnButton\"]"}
RESULT: {"using":"xpath","value":"//button[@data-kt=\"contractDetailEditBtnButton\"]"}
COMMAND: POST /session/be9a23df4294472c3cbe97a105488dd6/elements - {"using":"xpath","value":"//button[@data-kt=\"contractDetailEditBtnButton\"]"}
RESULT: {"using":"xpath","value":"//button[@data-kt=\"contractDetailEditBtnButton\"]"}
COMMAND: POST /session/be9a23df4294472c3cbe97a105488dd6/elements - {"using":"xpath","value":"//button[@data-kt=\"contractDetailEditBtnButton\"]"}
RESULT: {"using":"xpath","value":"//button[@data-kt=\"contractDetailEditBtnButton\"]"}
COMMAND: POST /session/be9a23df4294472c3cbe97a105488dd6/elements - {"using":"xpath","value":"//button[@data-kt=\"contractDetailEditBtnButton\"]"}
RESULT: {"using":"xpath","value":"//button[@data-kt=\"contractDetailEditBtnButton\"]"}
COMMAND: POST /session/be9a23df4294472c3cbe97a105488dd6/elements - {"using":"xpath","value":"//button[@data-kt=\"contractDetailEditBtnButton\"]"}
RESULT: {"using":"xpath","value":"//button[@data-kt=\"contractDetailEditBtnButton\"]"}
COMMAND: POST /session/be9a23df4294472c3cbe97a105488dd6/elements - {"using":"xpath","value":"//button[@data-kt=\"contractDetailEditBtnButton\"]"}
RESULT: {"using":"xpath","value":"//button[@data-kt=\"contractDetailEditBtnButton\"]"}
COMMAND: POST /session/be9a23df4294472c3cbe97a105488dd6/elements - {"using":"xpath","value":"//button[@data-kt=\"contractDetailEditBtnButton\"]"}
RESULT: {"using":"xpath","value":"//button[@data-kt=\"contractDetailEditBtnButton\"]"}
COMMAND: POST /session/be9a23df4294472c3cbe97a105488dd6/elements - {"using":"xpath","value":"//button[@data-kt=\"contractDetailEditBtnButton\"]"}
RESULT: {"using":"xpath","value":"//button[@data-kt=\"contractDetailEditBtnButton\"]"}
COMMAND: POST /session/be9a23df4294472c3cbe97a105488dd6/elements - {"using":"xpath","value":"//button[@data-kt=\"contractDetailEditBtnButton\"]"}
RESULT: {"using":"xpath","value":"//button[@data-kt=\"contractDetailEditBtnButton\"]"}
COMMAND: POST /session/be9a23df4294472c3cbe97a105488dd6/elements - {"using":"xpath","value":"//button[@data-kt=\"contractDetailEditBtnButton\"]"}
RESULT: {"using":"xpath","value":"//button[@data-kt=\"contractDetailEditBtnButton\"]"}
COMMAND: POST /session/be9a23df4294472c3cbe97a105488dd6/elements - {"using":"xpath","value":"//button[@data-kt=\"contractDetailEditBtnButton\"]"}
RESULT: {"using":"xpath","value":"//button[@data-kt=\"contractDetailEditBtnButton\"]"}
COMMAND: POST /session/be9a23df4294472c3cbe97a105488dd6/elements - {"using":"xpath","value":"//button[@data-kt=\"contractDetailEditBtnButton\"]"}
RESULT: {"using":"xpath","value":"//button[@data-kt=\"contractDetailEditBtnButton\"]"}
COMMAND: POST /session/be9a23df4294472c3cbe97a105488dd6/elements - {"using":"xpath","value":"//button[@data-kt=\"contractDetailEditBtnButton\"]"}
RESULT: {"using":"xpath","value":"//button[@data-kt=\"contractDetailEditBtnButton\"]"}
COMMAND: POST /session/be9a23df4294472c3cbe97a105488dd6/elements - {"using":"xpath","value":"//button[@data-kt=\"contractDetailEditBtnButton\"]"}
RESULT: {"using":"xpath","value":"//button[@data-kt=\"contractDetailEditBtnButton\"]"}
COMMAND: POST /session/be9a23df4294472c3cbe97a105488dd6/elements - {"using":"xpath","value":"//button[@data-kt=\"contractDetailEditBtnButton\"]"}
RESULT: {"using":"xpath","value":"//button[@data-kt=\"contractDetailEditBtnButton\"]"}
COMMAND: POST /session/be9a23df4294472c3cbe97a105488dd6/elements - {"using":"xpath","value":"//button[@data-kt=\"contractDetailEditBtnButton\"]"}
RESULT: {"using":"xpath","value":"//button[@data-kt=\"contractDetailEditBtnButton\"]"}
COMMAND: POST /session/be9a23df4294472c3cbe97a105488dd6/elements - {"using":"xpath","value":"//button[@data-kt=\"contractDetailEditBtnButton\"]"}
RESULT: {"using":"xpath","value":"//button[@data-kt=\"contractDetailEditBtnButton\"]"}
COMMAND: POST /session/be9a23df4294472c3cbe97a105488dd6/elements - {"using":"xpath","value":"//button[@data-kt=\"contractDetailEditBtnButton\"]"}
RESULT: {"using":"xpath","value":"//button[@data-kt=\"contractDetailEditBtnButton\"]"}
COMMAND: POST /session/be9a23df4294472c3cbe97a105488dd6/elements - {"using":"xpath","value":"//button[@data-kt=\"contractDetailEditBtnButton\"]"}
RESULT: {"using":"xpath","value":"//button[@data-kt=\"contractDetailEditBtnButton\"]"}
COMMAND: POST /session/be9a23df4294472c3cbe97a105488dd6/elements - {"using":"xpath","value":"//button[@data-kt=\"contractDetailEditBtnButton\"]"}
RESULT: {"using":"xpath","value":"//button[@data-kt=\"contractDetailEditBtnButton\"]"}
COMMAND: POST /session/be9a23df4294472c3cbe97a105488dd6/elements - {"using":"xpath","value":"//button[@data-kt=\"contractDetailEditBtnButton\"]"}
RESULT: {"using":"xpath","value":"//button[@data-kt=\"contractDetailEditBtnButton\"]"}
COMMAND: POST /session/be9a23df4294472c3cbe97a105488dd6/elements - {"using":"xpath","value":"//button[@data-kt=\"contractDetailEditBtnButton\"]"}
RESULT: {"using":"xpath","value":"//button[@data-kt=\"contractDetailEditBtnButton\"]"}
COMMAND: POST /session/be9a23df4294472c3cbe97a105488dd6/elements - {"using":"xpath","value":"//button[@data-kt=\"contractDetailEditBtnButton\"]"}
RESULT: {"using":"xpath","value":"//button[@data-kt=\"contractDetailEditBtnButton\"]"}
COMMAND: POST /session/be9a23df4294472c3cbe97a105488dd6/elements - {"using":"xpath","value":"//button[@data-kt=\"contractDetailEditBtnButton\"]"}
RESULT: {"using":"xpath","value":"//button[@data-kt=\"contractDetailEditBtnButton\"]"}
COMMAND: POST /session/be9a23df4294472c3cbe97a105488dd6/elements - {"using":"xpath","value":"//button[@data-kt=\"contractDetailEditBtnButton\"]"}
RESULT: {"using":"xpath","value":"//button[@data-kt=\"contractDetailEditBtnButton\"]"}
COMMAND: POST /session/be9a23df4294472c3cbe97a105488dd6/elements - {"using":"xpath","value":"//button[@data-kt=\"contractDetailEditBtnButton\"]"}
RESULT: {"using":"xpath","value":"//button[@data-kt=\"contractDetailEditBtnButton\"]"}
COMMAND: POST /session/be9a23df4294472c3cbe97a105488dd6/elements - {"using":"xpath","value":"//button[@data-kt=\"contractDetailEditBtnButton\"]"}
RESULT: {"using":"xpath","value":"//button[@data-kt=\"contractDetailEditBtnButton\"]"}
COMMAND: POST /session/be9a23df4294472c3cbe97a105488dd6/elements - {"using":"xpath","value":"//button[@data-kt=\"contractDetailEditBtnButton\"]"}
RESULT: {"using":"xpath","value":"//button[@data-kt=\"contractDetailEditBtnButton\"]"}
COMMAND: POST /session/be9a23df4294472c3cbe97a105488dd6/elements - {"using":"xpath","value":"//button[@data-kt=\"contractDetailEditBtnButton\"]"}
RESULT: {"using":"xpath","value":"//button[@data-kt=\"contractDetailEditBtnButton\"]"}
COMMAND: POST /session/be9a23df4294472c3cbe97a105488dd6/elements - {"using":"xpath","value":"//button[@data-kt=\"contractDetailEditBtnButton\"]"}
RESULT: {"using":"xpath","value":"//button[@data-kt=\"contractDetailEditBtnButton\"]"}
COMMAND: POST /session/be9a23df4294472c3cbe97a105488dd6/elements - {"using":"xpath","value":"//button[@data-kt=\"contractDetailEditBtnButton\"]"}
RESULT: {"using":"xpath","value":"//button[@data-kt=\"contractDetailEditBtnButton\"]"}
COMMAND: POST /session/be9a23df4294472c3cbe97a105488dd6/elements - {"using":"xpath","value":"//button[@data-kt=\"contractDetailEditBtnButton\"]"}
RESULT: {"using":"xpath","value":"//button[@data-kt=\"contractDetailEditBtnButton\"]"}
COMMAND: POST /session/be9a23df4294472c3cbe97a105488dd6/elements - {"using":"xpath","value":"//button[@data-kt=\"contractDetailEditBtnButton\"]"}
RESULT: {"using":"xpath","value":"//button[@data-kt=\"contractDetailEditBtnButton\"]"}
COMMAND: POST /session/be9a23df4294472c3cbe97a105488dd6/elements - {"using":"xpath","value":"//button[@data-kt=\"contractDetailEditBtnButton\"]"}
RESULT: {"using":"xpath","value":"//button[@data-kt=\"contractDetailEditBtnButton\"]"}
COMMAND: POST /session/be9a23df4294472c3cbe97a105488dd6/elements - {"using":"xpath","value":"//button[@data-kt=\"contractDetailEditBtnButton\"]"}
RESULT: {"using":"xpath","value":"//button[@data-kt=\"contractDetailEditBtnButton\"]"}
COMMAND: POST /session/be9a23df4294472c3cbe97a105488dd6/elements - {"using":"xpath","value":"//button[@data-kt=\"contractDetailEditBtnButton\"]"}
RESULT: {"using":"xpath","value":"//button[@data-kt=\"contractDetailEditBtnButton\"]"}
COMMAND: POST /session/be9a23df4294472c3cbe97a105488dd6/elements - {"using":"xpath","value":"//button[@data-kt=\"contractDetailEditBtnButton\"]"}
RESULT: {"using":"xpath","value":"//button[@data-kt=\"contractDetailEditBtnButton\"]"}
COMMAND: POST /session/be9a23df4294472c3cbe97a105488dd6/elements - {"using":"xpath","value":"//button[@data-kt=\"contractDetailEditBtnButton\"]"}
RESULT: {"using":"xpath","value":"//button[@data-kt=\"contractDetailEditBtnButton\"]"}
COMMAND: POST /session/be9a23df4294472c3cbe97a105488dd6/elements - {"using":"xpath","value":"//button[@data-kt=\"contractDetailEditBtnButton\"]"}
RESULT: {"using":"xpath","value":"//button[@data-kt=\"contractDetailEditBtnButton\"]"}
COMMAND: POST /session/be9a23df4294472c3cbe97a105488dd6/elements - {"using":"xpath","value":"//button[@data-kt=\"contractDetailEditBtnButton\"]"}
RESULT: {"using":"xpath","value":"//button[@data-kt=\"contractDetailEditBtnButton\"]"}
COMMAND: POST /session/be9a23df4294472c3cbe97a105488dd6/elements - {"using":"xpath","value":"//button[@data-kt=\"contractDetailEditBtnButton\"]"}
RESULT: {"using":"xpath","value":"//button[@data-kt=\"contractDetailEditBtnButton\"]"}
COMMAND: POST /session/be9a23df4294472c3cbe97a105488dd6/elements - {"using":"xpath","value":"//button[@data-kt=\"contractDetailEditBtnButton\"]"}
RESULT: {"using":"xpath","value":"//button[@data-kt=\"contractDetailEditBtnButton\"]"}
COMMAND: POST /session/be9a23df4294472c3cbe97a105488dd6/elements - {"using":"xpath","value":"//button[@data-kt=\"contractDetailEditBtnButton\"]"}
RESULT: {"using":"xpath","value":"//button[@data-kt=\"contractDetailEditBtnButton\"]"}
COMMAND: POST /session/be9a23df4294472c3cbe97a105488dd6/elements - {"using":"xpath","value":"//button[@data-kt=\"contractDetailEditBtnButton\"]"}
RESULT: {"using":"xpath","value":"//button[@data-kt=\"contractDetailEditBtnButton\"]"}
COMMAND: POST /session/be9a23df4294472c3cbe97a105488dd6/elements - {"using":"xpath","value":"//button[@data-kt=\"contractDetailEditBtnButton\"]"}
RESULT: {"using":"xpath","value":"//button[@data-kt=\"contractDetailEditBtnButton\"]"}
COMMAND: POST /session/be9a23df4294472c3cbe97a105488dd6/elements - {"using":"xpath","value":"//button[@data-kt=\"contractDetailEditBtnButton\"]"}
RESULT: {"using":"xpath","value":"//button[@data-kt=\"contractDetailEditBtnButton\"]"}
COMMAND: POST /session/be9a23df4294472c3cbe97a105488dd6/elements - {"using":"xpath","value":"//button[@data-kt=\"contractDetailEditBtnButton\"]"}
RESULT: {"using":"xpath","value":"//button[@data-kt=\"contractDetailEditBtnButton\"]"}
COMMAND: POST /session/be9a23df4294472c3cbe97a105488dd6/elements - {"using":"xpath","value":"//button[@data-kt=\"contractDetailEditBtnButton\"]"}
RESULT: {"using":"xpath","value":"//button[@data-kt=\"contractDetailEditBtnButton\"]"}
COMMAND: POST /session/be9a23df4294472c3cbe97a105488dd6/elements - {"using":"xpath","value":"//button[@data-kt=\"contractDetailEditBtnButton\"]"}
RESULT: {"using":"xpath","value":"//button[@data-kt=\"contractDetailEditBtnButton\"]"}
COMMAND: POST /session/be9a23df4294472c3cbe97a105488dd6/elements - {"using":"xpath","value":"//button[@data-kt=\"contractDetailEditBtnButton\"]"}
RESULT: {"using":"xpath","value":"//button[@data-kt=\"contractDetailEditBtnButton\"]"}
COMMAND: POST /session/be9a23df4294472c3cbe97a105488dd6/elements - {"using":"xpath","value":"//button[@data-kt=\"contractDetailEditBtnButton\"]"}
RESULT: {"using":"xpath","value":"//button[@data-kt=\"contractDetailEditBtnButton\"]"}
COMMAND: POST /session/be9a23df4294472c3cbe97a105488dd6/elements - {"using":"xpath","value":"//button[@data-kt=\"contractDetailEditBtnButton\"]"}
RESULT: {"using":"xpath","value":"//button[@data-kt=\"contractDetailEditBtnButton\"]"}
COMMAND: POST /session/be9a23df4294472c3cbe97a105488dd6/elements - {"using":"xpath","value":"//button[@data-kt=\"contractDetailEditBtnButton\"]"}
RESULT: {"using":"xpath","value":"//button[@data-kt=\"contractDetailEditBtnButton\"]"}
COMMAND: POST /session/be9a23df4294472c3cbe97a105488dd6/elements - {"using":"xpath","value":"//button[@data-kt=\"contractDetailEditBtnButton\"]"}
RESULT: {"using":"xpath","value":"//button[@data-kt=\"contractDetailEditBtnButton\"]"}
COMMAND: POST /session/be9a23df4294472c3cbe97a105488dd6/elements - {"using":"xpath","value":"//button[@data-kt=\"contractDetailEditBtnButton\"]"}
RESULT: {"using":"xpath","value":"//button[@data-kt=\"contractDetailEditBtnButton\"]"}
COMMAND: POST /session/be9a23df4294472c3cbe97a105488dd6/elements - {"using":"xpath","value":"//button[@data-kt=\"contractDetailEditBtnButton\"]"}
RESULT: {"using":"xpath","value":"//button[@data-kt=\"contractDetailEditBtnButton\"]"}
COMMAND: POST /session/be9a23df4294472c3cbe97a105488dd6/elements - {"using":"xpath","value":"//button[@data-kt=\"contractDetailEditBtnButton\"]"}
RESULT: {"using":"xpath","value":"//button[@data-kt=\"contractDetailEditBtnButton\"]"}
COMMAND: POST /session/be9a23df4294472c3cbe97a105488dd6/elements - {"using":"xpath","value":"//button[@data-kt=\"contractDetailEditBtnButton\"]"}
RESULT: {"using":"xpath","value":"//button[@data-kt=\"contractDetailEditBtnButton\"]"}
COMMAND: POST /session/be9a23df4294472c3cbe97a105488dd6/elements - {"using":"xpath","value":"//button[@data-kt=\"contractDetailEditBtnButton\"]"}
RESULT: {"using":"xpath","value":"//button[@data-kt=\"contractDetailEditBtnButton\"]"}
COMMAND: POST /session/be9a23df4294472c3cbe97a105488dd6/elements - {"using":"xpath","value":"//button[@data-kt=\"contractDetailEditBtnButton\"]"}
RESULT: {"using":"xpath","value":"//button[@data-kt=\"contractDetailEditBtnButton\"]"}
COMMAND: POST /session/be9a23df4294472c3cbe97a105488dd6/elements - {"using":"xpath","value":"//button[@data-kt=\"contractDetailEditBtnButton\"]"}
RESULT: {"using":"xpath","value":"//button[@data-kt=\"contractDetailEditBtnButton\"]"}
COMMAND: POST /session/be9a23df4294472c3cbe97a105488dd6/elements - {"using":"xpath","value":"//button[@data-kt=\"contractDetailEditBtnButton\"]"}
RESULT: {"using":"xpath","value":"//button[@data-kt=\"contractDetailEditBtnButton\"]"}
COMMAND: POST /session/be9a23df4294472c3cbe97a105488dd6/elements - {"using":"xpath","value":"//button[@data-kt=\"contractDetailEditBtnButton\"]"}
RESULT: {"using":"xpath","value":"//button[@data-kt=\"contractDetailEditBtnButton\"]"}
COMMAND: POST /session/be9a23df4294472c3cbe97a105488dd6/elements - {"using":"xpath","value":"//button[@data-kt=\"contractDetailEditBtnButton\"]"}
RESULT: {"using":"xpath","value":"//button[@data-kt=\"contractDetailEditBtnButton\"]"}
COMMAND: POST /session/be9a23df4294472c3cbe97a105488dd6/elements - {"using":"xpath","value":"//button[@data-kt=\"contractDetailEditBtnButton\"]"}
RESULT: {"using":"xpath","value":"//button[@data-kt=\"contractDetailEditBtnButton\"]"}
COMMAND: POST /session/be9a23df4294472c3cbe97a105488dd6/elements - {"using":"xpath","value":"//button[@data-kt=\"contractDetailEditBtnButton\"]"}
RESULT: {"using":"xpath","value":"//button[@data-kt=\"contractDetailEditBtnButton\"]"}
COMMAND: POST /session/be9a23df4294472c3cbe97a105488dd6/elements - {"using":"xpath","value":"//button[@data-kt=\"contractDetailEditBtnButton\"]"}
RESULT: {"using":"xpath","value":"//button[@data-kt=\"contractDetailEditBtnButton\"]"}
COMMAND: POST /session/be9a23df4294472c3cbe97a105488dd6/elements - {"using":"xpath","value":"//button[@data-kt=\"contractDetailEditBtnButton\"]"}
RESULT: {"using":"xpath","value":"//button[@data-kt=\"contractDetailEditBtnButton\"]"}
COMMAND: POST /session/be9a23df4294472c3cbe97a105488dd6/elements - {"using":"xpath","value":"//button[@data-kt=\"contractDetailEditBtnButton\"]"}
RESULT: {"using":"xpath","value":"//button[@data-kt=\"contractDetailEditBtnButton\"]"}
COMMAND: POST /session/be9a23df4294472c3cbe97a105488dd6/elements - {"using":"xpath","value":"//button[@data-kt=\"contractDetailEditBtnButton\"]"}
RESULT: {"using":"xpath","value":"//button[@data-kt=\"contractDetailEditBtnButton\"]"}
COMMAND: POST /session/be9a23df4294472c3cbe97a105488dd6/elements - {"using":"xpath","value":"//button[@data-kt=\"contractDetailEditBtnButton\"]"}
RESULT: {"using":"xpath","value":"//button[@data-kt=\"contractDetailEditBtnButton\"]"}
COMMAND: POST /session/be9a23df4294472c3cbe97a105488dd6/elements - {"using":"xpath","value":"//button[@data-kt=\"contractDetailEditBtnButton\"]"}
RESULT: {"using":"xpath","value":"//button[@data-kt=\"contractDetailEditBtnButton\"]"}
COMMAND: POST /session/be9a23df4294472c3cbe97a105488dd6/elements - {"using":"xpath","value":"//button[@data-kt=\"contractDetailEditBtnButton\"]"}
RESULT: {"using":"xpath","value":"//button[@data-kt=\"contractDetailEditBtnButton\"]"}
COMMAND: POST /session/be9a23df4294472c3cbe97a105488dd6/elements - {"using":"xpath","value":"//button[@data-kt=\"contractDetailEditBtnButton\"]"}
RESULT: {"using":"xpath","value":"//button[@data-kt=\"contractDetailEditBtnButton\"]"}
COMMAND: POST /session/be9a23df4294472c3cbe97a105488dd6/elements - {"using":"xpath","value":"//button[@data-kt=\"contractDetailEditBtnButton\"]"}
RESULT: {"using":"xpath","value":"//button[@data-kt=\"contractDetailEditBtnButton\"]"}
COMMAND: POST /session/be9a23df4294472c3cbe97a105488dd6/elements - {"using":"xpath","value":"//button[@data-kt=\"contractDetailEditBtnButton\"]"}
RESULT: {"using":"xpath","value":"//button[@data-kt=\"contractDetailEditBtnButton\"]"}
COMMAND: POST /session/be9a23df4294472c3cbe97a105488dd6/elements - {"using":"xpath","value":"//button[@data-kt=\"contractDetailEditBtnButton\"]"}
RESULT: {"using":"xpath","value":"//button[@data-kt=\"contractDetailEditBtnButton\"]"}
COMMAND: POST /session/be9a23df4294472c3cbe97a105488dd6/elements - {"using":"xpath","value":"//button[@data-kt=\"contractDetailEditBtnButton\"]"}
RESULT: {"using":"xpath","value":"//button[@data-kt=\"contractDetailEditBtnButton\"]"}
COMMAND: POST /session/be9a23df4294472c3cbe97a105488dd6/elements - {"using":"xpath","value":"//button[@data-kt=\"contractDetailEditBtnButton\"]"}
RESULT: {"using":"xpath","value":"//button[@data-kt=\"contractDetailEditBtnButton\"]"}
COMMAND: POST /session/be9a23df4294472c3cbe97a105488dd6/elements - {"using":"xpath","value":"//button[@data-kt=\"contractDetailEditBtnButton\"]"}
RESULT: {"using":"xpath","value":"//button[@data-kt=\"contractDetailEditBtnButton\"]"}
COMMAND: POST /session/be9a23df4294472c3cbe97a105488dd6/elements - {"using":"xpath","value":"//button[@data-kt=\"contractDetailEditBtnButton\"]"}
RESULT: {"using":"xpath","value":"//button[@data-kt=\"contractDetailEditBtnButton\"]"}
COMMAND: POST /session/be9a23df4294472c3cbe97a105488dd6/elements - {"using":"xpath","value":"//button[@data-kt=\"contractDetailEditBtnButton\"]"}
RESULT: {"using":"xpath","value":"//button[@data-kt=\"contractDetailEditBtnButton\"]"}
COMMAND: POST /session/be9a23df4294472c3cbe97a105488dd6/elements - {"using":"xpath","value":"//button[@data-kt=\"contractDetailEditBtnButton\"]"}
RESULT: {"using":"xpath","value":"//button[@data-kt=\"contractDetailEditBtnButton\"]"}
COMMAND: POST /session/be9a23df4294472c3cbe97a105488dd6/elements - {"using":"xpath","value":"//button[@data-kt=\"contractDetailEditBtnButton\"]"}
RESULT: {"using":"xpath","value":"//button[@data-kt=\"contractDetailEditBtnButton\"]"}
COMMAND: POST /session/be9a23df4294472c3cbe97a105488dd6/elements - {"using":"xpath","value":"//button[@data-kt=\"contractDetailEditBtnButton\"]"}
RESULT: {"using":"xpath","value":"//button[@data-kt=\"contractDetailEditBtnButton\"]"}
COMMAND: POST /session/be9a23df4294472c3cbe97a105488dd6/elements - {"using":"xpath","value":"//button[@data-kt=\"contractDetailEditBtnButton\"]"}
RESULT: {"using":"xpath","value":"//button[@data-kt=\"contractDetailEditBtnButton\"]"}
COMMAND: POST /session/be9a23df4294472c3cbe97a105488dd6/elements - {"using":"xpath","value":"//button[@data-kt=\"contractDetailEditBtnButton\"]"}
COMMAND: GET /session/be9a23df4294472c3cbe97a105488dd6/screenshot - {}
RESULT: {"using":"xpath","value":"//button[@data-kt=\"contractDetailEditBtnButton\"]"}
RESULT: {}
]]></system-out>
      <system-err><![CDATA[
Error: Can't call click on element with selector "//button[@data-kt="contractDetailEditBtnButton"]" because element wasn't found
    at async UtilsPrerequisites.addItemToContract (D:\a\1\s\test\specs\BTS\prerequisites-and-utils-functions.js:1852:9)
    at async Context.<anonymous> (D:\a\1\s\test\specs\BTS\billing-calculation-mixed.spec.js:77:9)
]]></system-err>
    </testcase>
    <testcase classname="chrome.136_0_7103_93.windows.Create_master_data_for_mixed_billing_&amp;_do_billing_calculation_US151661" name="Should do a provide to site handover" time="60.822">
      <failure/>
      <error message="Can't call click on element with selector &quot;//button[@data-kt=&quot;provideButton&quot;]&quot; because element wasn't found"/>
      <system-out><![CDATA[
COMMAND: GET /session/be9a23df4294472c3cbe97a105488dd6/screenshot - {}
COMMAND: POST /session/be9a23df4294472c3cbe97a105488dd6/element - {"using":"xpath","value":"//button[@data-kt=\"provideButton\"]"}
RESULT: {}
RESULT: {"using":"xpath","value":"//button[@data-kt=\"provideButton\"]"}
COMMAND: POST /session/be9a23df4294472c3cbe97a105488dd6/elements - {"using":"xpath","value":"//button[@data-kt=\"provideButton\"]"}
RESULT: {"using":"xpath","value":"//button[@data-kt=\"provideButton\"]"}
COMMAND: POST /session/be9a23df4294472c3cbe97a105488dd6/elements - {"using":"xpath","value":"//button[@data-kt=\"provideButton\"]"}
RESULT: {"using":"xpath","value":"//button[@data-kt=\"provideButton\"]"}
COMMAND: POST /session/be9a23df4294472c3cbe97a105488dd6/elements - {"using":"xpath","value":"//button[@data-kt=\"provideButton\"]"}
RESULT: {"using":"xpath","value":"//button[@data-kt=\"provideButton\"]"}
COMMAND: POST /session/be9a23df4294472c3cbe97a105488dd6/elements - {"using":"xpath","value":"//button[@data-kt=\"provideButton\"]"}
RESULT: {"using":"xpath","value":"//button[@data-kt=\"provideButton\"]"}
COMMAND: POST /session/be9a23df4294472c3cbe97a105488dd6/elements - {"using":"xpath","value":"//button[@data-kt=\"provideButton\"]"}
RESULT: {"using":"xpath","value":"//button[@data-kt=\"provideButton\"]"}
COMMAND: POST /session/be9a23df4294472c3cbe97a105488dd6/elements - {"using":"xpath","value":"//button[@data-kt=\"provideButton\"]"}
RESULT: {"using":"xpath","value":"//button[@data-kt=\"provideButton\"]"}
COMMAND: POST /session/be9a23df4294472c3cbe97a105488dd6/elements - {"using":"xpath","value":"//button[@data-kt=\"provideButton\"]"}
RESULT: {"using":"xpath","value":"//button[@data-kt=\"provideButton\"]"}
COMMAND: POST /session/be9a23df4294472c3cbe97a105488dd6/elements - {"using":"xpath","value":"//button[@data-kt=\"provideButton\"]"}
RESULT: {"using":"xpath","value":"//button[@data-kt=\"provideButton\"]"}
COMMAND: POST /session/be9a23df4294472c3cbe97a105488dd6/elements - {"using":"xpath","value":"//button[@data-kt=\"provideButton\"]"}
RESULT: {"using":"xpath","value":"//button[@data-kt=\"provideButton\"]"}
COMMAND: POST /session/be9a23df4294472c3cbe97a105488dd6/elements - {"using":"xpath","value":"//button[@data-kt=\"provideButton\"]"}
RESULT: {"using":"xpath","value":"//button[@data-kt=\"provideButton\"]"}
COMMAND: POST /session/be9a23df4294472c3cbe97a105488dd6/elements - {"using":"xpath","value":"//button[@data-kt=\"provideButton\"]"}
RESULT: {"using":"xpath","value":"//button[@data-kt=\"provideButton\"]"}
COMMAND: POST /session/be9a23df4294472c3cbe97a105488dd6/elements - {"using":"xpath","value":"//button[@data-kt=\"provideButton\"]"}
RESULT: {"using":"xpath","value":"//button[@data-kt=\"provideButton\"]"}
COMMAND: POST /session/be9a23df4294472c3cbe97a105488dd6/elements - {"using":"xpath","value":"//button[@data-kt=\"provideButton\"]"}
RESULT: {"using":"xpath","value":"//button[@data-kt=\"provideButton\"]"}
COMMAND: POST /session/be9a23df4294472c3cbe97a105488dd6/elements - {"using":"xpath","value":"//button[@data-kt=\"provideButton\"]"}
RESULT: {"using":"xpath","value":"//button[@data-kt=\"provideButton\"]"}
COMMAND: POST /session/be9a23df4294472c3cbe97a105488dd6/elements - {"using":"xpath","value":"//button[@data-kt=\"provideButton\"]"}
RESULT: {"using":"xpath","value":"//button[@data-kt=\"provideButton\"]"}
COMMAND: POST /session/be9a23df4294472c3cbe97a105488dd6/elements - {"using":"xpath","value":"//button[@data-kt=\"provideButton\"]"}
RESULT: {"using":"xpath","value":"//button[@data-kt=\"provideButton\"]"}
COMMAND: POST /session/be9a23df4294472c3cbe97a105488dd6/elements - {"using":"xpath","value":"//button[@data-kt=\"provideButton\"]"}
RESULT: {"using":"xpath","value":"//button[@data-kt=\"provideButton\"]"}
COMMAND: POST /session/be9a23df4294472c3cbe97a105488dd6/elements - {"using":"xpath","value":"//button[@data-kt=\"provideButton\"]"}
RESULT: {"using":"xpath","value":"//button[@data-kt=\"provideButton\"]"}
COMMAND: POST /session/be9a23df4294472c3cbe97a105488dd6/elements - {"using":"xpath","value":"//button[@data-kt=\"provideButton\"]"}
RESULT: {"using":"xpath","value":"//button[@data-kt=\"provideButton\"]"}
COMMAND: POST /session/be9a23df4294472c3cbe97a105488dd6/elements - {"using":"xpath","value":"//button[@data-kt=\"provideButton\"]"}
RESULT: {"using":"xpath","value":"//button[@data-kt=\"provideButton\"]"}
COMMAND: POST /session/be9a23df4294472c3cbe97a105488dd6/elements - {"using":"xpath","value":"//button[@data-kt=\"provideButton\"]"}
RESULT: {"using":"xpath","value":"//button[@data-kt=\"provideButton\"]"}
COMMAND: POST /session/be9a23df4294472c3cbe97a105488dd6/elements - {"using":"xpath","value":"//button[@data-kt=\"provideButton\"]"}
RESULT: {"using":"xpath","value":"//button[@data-kt=\"provideButton\"]"}
COMMAND: POST /session/be9a23df4294472c3cbe97a105488dd6/elements - {"using":"xpath","value":"//button[@data-kt=\"provideButton\"]"}
RESULT: {"using":"xpath","value":"//button[@data-kt=\"provideButton\"]"}
COMMAND: POST /session/be9a23df4294472c3cbe97a105488dd6/elements - {"using":"xpath","value":"//button[@data-kt=\"provideButton\"]"}
RESULT: {"using":"xpath","value":"//button[@data-kt=\"provideButton\"]"}
COMMAND: POST /session/be9a23df4294472c3cbe97a105488dd6/elements - {"using":"xpath","value":"//button[@data-kt=\"provideButton\"]"}
RESULT: {"using":"xpath","value":"//button[@data-kt=\"provideButton\"]"}
COMMAND: POST /session/be9a23df4294472c3cbe97a105488dd6/elements - {"using":"xpath","value":"//button[@data-kt=\"provideButton\"]"}
RESULT: {"using":"xpath","value":"//button[@data-kt=\"provideButton\"]"}
COMMAND: POST /session/be9a23df4294472c3cbe97a105488dd6/elements - {"using":"xpath","value":"//button[@data-kt=\"provideButton\"]"}
RESULT: {"using":"xpath","value":"//button[@data-kt=\"provideButton\"]"}
COMMAND: POST /session/be9a23df4294472c3cbe97a105488dd6/elements - {"using":"xpath","value":"//button[@data-kt=\"provideButton\"]"}
RESULT: {"using":"xpath","value":"//button[@data-kt=\"provideButton\"]"}
COMMAND: POST /session/be9a23df4294472c3cbe97a105488dd6/elements - {"using":"xpath","value":"//button[@data-kt=\"provideButton\"]"}
RESULT: {"using":"xpath","value":"//button[@data-kt=\"provideButton\"]"}
COMMAND: POST /session/be9a23df4294472c3cbe97a105488dd6/elements - {"using":"xpath","value":"//button[@data-kt=\"provideButton\"]"}
RESULT: {"using":"xpath","value":"//button[@data-kt=\"provideButton\"]"}
COMMAND: POST /session/be9a23df4294472c3cbe97a105488dd6/elements - {"using":"xpath","value":"//button[@data-kt=\"provideButton\"]"}
RESULT: {"using":"xpath","value":"//button[@data-kt=\"provideButton\"]"}
COMMAND: POST /session/be9a23df4294472c3cbe97a105488dd6/elements - {"using":"xpath","value":"//button[@data-kt=\"provideButton\"]"}
RESULT: {"using":"xpath","value":"//button[@data-kt=\"provideButton\"]"}
COMMAND: POST /session/be9a23df4294472c3cbe97a105488dd6/elements - {"using":"xpath","value":"//button[@data-kt=\"provideButton\"]"}
RESULT: {"using":"xpath","value":"//button[@data-kt=\"provideButton\"]"}
COMMAND: POST /session/be9a23df4294472c3cbe97a105488dd6/elements - {"using":"xpath","value":"//button[@data-kt=\"provideButton\"]"}
RESULT: {"using":"xpath","value":"//button[@data-kt=\"provideButton\"]"}
COMMAND: POST /session/be9a23df4294472c3cbe97a105488dd6/elements - {"using":"xpath","value":"//button[@data-kt=\"provideButton\"]"}
RESULT: {"using":"xpath","value":"//button[@data-kt=\"provideButton\"]"}
COMMAND: POST /session/be9a23df4294472c3cbe97a105488dd6/elements - {"using":"xpath","value":"//button[@data-kt=\"provideButton\"]"}
RESULT: {"using":"xpath","value":"//button[@data-kt=\"provideButton\"]"}
COMMAND: POST /session/be9a23df4294472c3cbe97a105488dd6/elements - {"using":"xpath","value":"//button[@data-kt=\"provideButton\"]"}
RESULT: {"using":"xpath","value":"//button[@data-kt=\"provideButton\"]"}
COMMAND: POST /session/be9a23df4294472c3cbe97a105488dd6/elements - {"using":"xpath","value":"//button[@data-kt=\"provideButton\"]"}
RESULT: {"using":"xpath","value":"//button[@data-kt=\"provideButton\"]"}
COMMAND: POST /session/be9a23df4294472c3cbe97a105488dd6/elements - {"using":"xpath","value":"//button[@data-kt=\"provideButton\"]"}
RESULT: {"using":"xpath","value":"//button[@data-kt=\"provideButton\"]"}
COMMAND: POST /session/be9a23df4294472c3cbe97a105488dd6/elements - {"using":"xpath","value":"//button[@data-kt=\"provideButton\"]"}
RESULT: {"using":"xpath","value":"//button[@data-kt=\"provideButton\"]"}
COMMAND: POST /session/be9a23df4294472c3cbe97a105488dd6/elements - {"using":"xpath","value":"//button[@data-kt=\"provideButton\"]"}
RESULT: {"using":"xpath","value":"//button[@data-kt=\"provideButton\"]"}
COMMAND: POST /session/be9a23df4294472c3cbe97a105488dd6/elements - {"using":"xpath","value":"//button[@data-kt=\"provideButton\"]"}
RESULT: {"using":"xpath","value":"//button[@data-kt=\"provideButton\"]"}
COMMAND: POST /session/be9a23df4294472c3cbe97a105488dd6/elements - {"using":"xpath","value":"//button[@data-kt=\"provideButton\"]"}
RESULT: {"using":"xpath","value":"//button[@data-kt=\"provideButton\"]"}
COMMAND: POST /session/be9a23df4294472c3cbe97a105488dd6/elements - {"using":"xpath","value":"//button[@data-kt=\"provideButton\"]"}
RESULT: {"using":"xpath","value":"//button[@data-kt=\"provideButton\"]"}
COMMAND: POST /session/be9a23df4294472c3cbe97a105488dd6/elements - {"using":"xpath","value":"//button[@data-kt=\"provideButton\"]"}
RESULT: {"using":"xpath","value":"//button[@data-kt=\"provideButton\"]"}
COMMAND: POST /session/be9a23df4294472c3cbe97a105488dd6/elements - {"using":"xpath","value":"//button[@data-kt=\"provideButton\"]"}
RESULT: {"using":"xpath","value":"//button[@data-kt=\"provideButton\"]"}
COMMAND: POST /session/be9a23df4294472c3cbe97a105488dd6/elements - {"using":"xpath","value":"//button[@data-kt=\"provideButton\"]"}
RESULT: {"using":"xpath","value":"//button[@data-kt=\"provideButton\"]"}
COMMAND: POST /session/be9a23df4294472c3cbe97a105488dd6/elements - {"using":"xpath","value":"//button[@data-kt=\"provideButton\"]"}
RESULT: {"using":"xpath","value":"//button[@data-kt=\"provideButton\"]"}
COMMAND: POST /session/be9a23df4294472c3cbe97a105488dd6/elements - {"using":"xpath","value":"//button[@data-kt=\"provideButton\"]"}
RESULT: {"using":"xpath","value":"//button[@data-kt=\"provideButton\"]"}
COMMAND: POST /session/be9a23df4294472c3cbe97a105488dd6/elements - {"using":"xpath","value":"//button[@data-kt=\"provideButton\"]"}
RESULT: {"using":"xpath","value":"//button[@data-kt=\"provideButton\"]"}
COMMAND: POST /session/be9a23df4294472c3cbe97a105488dd6/elements - {"using":"xpath","value":"//button[@data-kt=\"provideButton\"]"}
RESULT: {"using":"xpath","value":"//button[@data-kt=\"provideButton\"]"}
COMMAND: POST /session/be9a23df4294472c3cbe97a105488dd6/elements - {"using":"xpath","value":"//button[@data-kt=\"provideButton\"]"}
RESULT: {"using":"xpath","value":"//button[@data-kt=\"provideButton\"]"}
COMMAND: POST /session/be9a23df4294472c3cbe97a105488dd6/elements - {"using":"xpath","value":"//button[@data-kt=\"provideButton\"]"}
RESULT: {"using":"xpath","value":"//button[@data-kt=\"provideButton\"]"}
COMMAND: POST /session/be9a23df4294472c3cbe97a105488dd6/elements - {"using":"xpath","value":"//button[@data-kt=\"provideButton\"]"}
RESULT: {"using":"xpath","value":"//button[@data-kt=\"provideButton\"]"}
COMMAND: POST /session/be9a23df4294472c3cbe97a105488dd6/elements - {"using":"xpath","value":"//button[@data-kt=\"provideButton\"]"}
RESULT: {"using":"xpath","value":"//button[@data-kt=\"provideButton\"]"}
COMMAND: POST /session/be9a23df4294472c3cbe97a105488dd6/elements - {"using":"xpath","value":"//button[@data-kt=\"provideButton\"]"}
RESULT: {"using":"xpath","value":"//button[@data-kt=\"provideButton\"]"}
COMMAND: POST /session/be9a23df4294472c3cbe97a105488dd6/elements - {"using":"xpath","value":"//button[@data-kt=\"provideButton\"]"}
RESULT: {"using":"xpath","value":"//button[@data-kt=\"provideButton\"]"}
COMMAND: POST /session/be9a23df4294472c3cbe97a105488dd6/elements - {"using":"xpath","value":"//button[@data-kt=\"provideButton\"]"}
RESULT: {"using":"xpath","value":"//button[@data-kt=\"provideButton\"]"}
COMMAND: POST /session/be9a23df4294472c3cbe97a105488dd6/elements - {"using":"xpath","value":"//button[@data-kt=\"provideButton\"]"}
RESULT: {"using":"xpath","value":"//button[@data-kt=\"provideButton\"]"}
COMMAND: POST /session/be9a23df4294472c3cbe97a105488dd6/elements - {"using":"xpath","value":"//button[@data-kt=\"provideButton\"]"}
RESULT: {"using":"xpath","value":"//button[@data-kt=\"provideButton\"]"}
COMMAND: POST /session/be9a23df4294472c3cbe97a105488dd6/elements - {"using":"xpath","value":"//button[@data-kt=\"provideButton\"]"}
RESULT: {"using":"xpath","value":"//button[@data-kt=\"provideButton\"]"}
COMMAND: POST /session/be9a23df4294472c3cbe97a105488dd6/elements - {"using":"xpath","value":"//button[@data-kt=\"provideButton\"]"}
RESULT: {"using":"xpath","value":"//button[@data-kt=\"provideButton\"]"}
COMMAND: POST /session/be9a23df4294472c3cbe97a105488dd6/elements - {"using":"xpath","value":"//button[@data-kt=\"provideButton\"]"}
RESULT: {"using":"xpath","value":"//button[@data-kt=\"provideButton\"]"}
COMMAND: POST /session/be9a23df4294472c3cbe97a105488dd6/elements - {"using":"xpath","value":"//button[@data-kt=\"provideButton\"]"}
RESULT: {"using":"xpath","value":"//button[@data-kt=\"provideButton\"]"}
COMMAND: POST /session/be9a23df4294472c3cbe97a105488dd6/elements - {"using":"xpath","value":"//button[@data-kt=\"provideButton\"]"}
RESULT: {"using":"xpath","value":"//button[@data-kt=\"provideButton\"]"}
COMMAND: POST /session/be9a23df4294472c3cbe97a105488dd6/elements - {"using":"xpath","value":"//button[@data-kt=\"provideButton\"]"}
RESULT: {"using":"xpath","value":"//button[@data-kt=\"provideButton\"]"}
COMMAND: POST /session/be9a23df4294472c3cbe97a105488dd6/elements - {"using":"xpath","value":"//button[@data-kt=\"provideButton\"]"}
RESULT: {"using":"xpath","value":"//button[@data-kt=\"provideButton\"]"}
COMMAND: POST /session/be9a23df4294472c3cbe97a105488dd6/elements - {"using":"xpath","value":"//button[@data-kt=\"provideButton\"]"}
RESULT: {"using":"xpath","value":"//button[@data-kt=\"provideButton\"]"}
COMMAND: POST /session/be9a23df4294472c3cbe97a105488dd6/elements - {"using":"xpath","value":"//button[@data-kt=\"provideButton\"]"}
RESULT: {"using":"xpath","value":"//button[@data-kt=\"provideButton\"]"}
COMMAND: POST /session/be9a23df4294472c3cbe97a105488dd6/elements - {"using":"xpath","value":"//button[@data-kt=\"provideButton\"]"}
RESULT: {"using":"xpath","value":"//button[@data-kt=\"provideButton\"]"}
COMMAND: POST /session/be9a23df4294472c3cbe97a105488dd6/elements - {"using":"xpath","value":"//button[@data-kt=\"provideButton\"]"}
RESULT: {"using":"xpath","value":"//button[@data-kt=\"provideButton\"]"}
COMMAND: POST /session/be9a23df4294472c3cbe97a105488dd6/elements - {"using":"xpath","value":"//button[@data-kt=\"provideButton\"]"}
RESULT: {"using":"xpath","value":"//button[@data-kt=\"provideButton\"]"}
COMMAND: POST /session/be9a23df4294472c3cbe97a105488dd6/elements - {"using":"xpath","value":"//button[@data-kt=\"provideButton\"]"}
RESULT: {"using":"xpath","value":"//button[@data-kt=\"provideButton\"]"}
COMMAND: POST /session/be9a23df4294472c3cbe97a105488dd6/elements - {"using":"xpath","value":"//button[@data-kt=\"provideButton\"]"}
RESULT: {"using":"xpath","value":"//button[@data-kt=\"provideButton\"]"}
COMMAND: POST /session/be9a23df4294472c3cbe97a105488dd6/elements - {"using":"xpath","value":"//button[@data-kt=\"provideButton\"]"}
RESULT: {"using":"xpath","value":"//button[@data-kt=\"provideButton\"]"}
COMMAND: POST /session/be9a23df4294472c3cbe97a105488dd6/elements - {"using":"xpath","value":"//button[@data-kt=\"provideButton\"]"}
RESULT: {"using":"xpath","value":"//button[@data-kt=\"provideButton\"]"}
COMMAND: POST /session/be9a23df4294472c3cbe97a105488dd6/elements - {"using":"xpath","value":"//button[@data-kt=\"provideButton\"]"}
RESULT: {"using":"xpath","value":"//button[@data-kt=\"provideButton\"]"}
COMMAND: POST /session/be9a23df4294472c3cbe97a105488dd6/elements - {"using":"xpath","value":"//button[@data-kt=\"provideButton\"]"}
RESULT: {"using":"xpath","value":"//button[@data-kt=\"provideButton\"]"}
COMMAND: POST /session/be9a23df4294472c3cbe97a105488dd6/elements - {"using":"xpath","value":"//button[@data-kt=\"provideButton\"]"}
RESULT: {"using":"xpath","value":"//button[@data-kt=\"provideButton\"]"}
COMMAND: POST /session/be9a23df4294472c3cbe97a105488dd6/elements - {"using":"xpath","value":"//button[@data-kt=\"provideButton\"]"}
RESULT: {"using":"xpath","value":"//button[@data-kt=\"provideButton\"]"}
COMMAND: POST /session/be9a23df4294472c3cbe97a105488dd6/elements - {"using":"xpath","value":"//button[@data-kt=\"provideButton\"]"}
RESULT: {"using":"xpath","value":"//button[@data-kt=\"provideButton\"]"}
COMMAND: POST /session/be9a23df4294472c3cbe97a105488dd6/elements - {"using":"xpath","value":"//button[@data-kt=\"provideButton\"]"}
RESULT: {"using":"xpath","value":"//button[@data-kt=\"provideButton\"]"}
COMMAND: POST /session/be9a23df4294472c3cbe97a105488dd6/elements - {"using":"xpath","value":"//button[@data-kt=\"provideButton\"]"}
RESULT: {"using":"xpath","value":"//button[@data-kt=\"provideButton\"]"}
COMMAND: POST /session/be9a23df4294472c3cbe97a105488dd6/elements - {"using":"xpath","value":"//button[@data-kt=\"provideButton\"]"}
RESULT: {"using":"xpath","value":"//button[@data-kt=\"provideButton\"]"}
COMMAND: POST /session/be9a23df4294472c3cbe97a105488dd6/elements - {"using":"xpath","value":"//button[@data-kt=\"provideButton\"]"}
RESULT: {"using":"xpath","value":"//button[@data-kt=\"provideButton\"]"}
COMMAND: POST /session/be9a23df4294472c3cbe97a105488dd6/elements - {"using":"xpath","value":"//button[@data-kt=\"provideButton\"]"}
RESULT: {"using":"xpath","value":"//button[@data-kt=\"provideButton\"]"}
COMMAND: POST /session/be9a23df4294472c3cbe97a105488dd6/elements - {"using":"xpath","value":"//button[@data-kt=\"provideButton\"]"}
RESULT: {"using":"xpath","value":"//button[@data-kt=\"provideButton\"]"}
COMMAND: POST /session/be9a23df4294472c3cbe97a105488dd6/elements - {"using":"xpath","value":"//button[@data-kt=\"provideButton\"]"}
RESULT: {"using":"xpath","value":"//button[@data-kt=\"provideButton\"]"}
COMMAND: POST /session/be9a23df4294472c3cbe97a105488dd6/elements - {"using":"xpath","value":"//button[@data-kt=\"provideButton\"]"}
RESULT: {"using":"xpath","value":"//button[@data-kt=\"provideButton\"]"}
COMMAND: POST /session/be9a23df4294472c3cbe97a105488dd6/elements - {"using":"xpath","value":"//button[@data-kt=\"provideButton\"]"}
RESULT: {"using":"xpath","value":"//button[@data-kt=\"provideButton\"]"}
COMMAND: POST /session/be9a23df4294472c3cbe97a105488dd6/elements - {"using":"xpath","value":"//button[@data-kt=\"provideButton\"]"}
RESULT: {"using":"xpath","value":"//button[@data-kt=\"provideButton\"]"}
COMMAND: POST /session/be9a23df4294472c3cbe97a105488dd6/elements - {"using":"xpath","value":"//button[@data-kt=\"provideButton\"]"}
RESULT: {"using":"xpath","value":"//button[@data-kt=\"provideButton\"]"}
COMMAND: POST /session/be9a23df4294472c3cbe97a105488dd6/elements - {"using":"xpath","value":"//button[@data-kt=\"provideButton\"]"}
RESULT: {"using":"xpath","value":"//button[@data-kt=\"provideButton\"]"}
COMMAND: POST /session/be9a23df4294472c3cbe97a105488dd6/elements - {"using":"xpath","value":"//button[@data-kt=\"provideButton\"]"}
RESULT: {"using":"xpath","value":"//button[@data-kt=\"provideButton\"]"}
COMMAND: POST /session/be9a23df4294472c3cbe97a105488dd6/elements - {"using":"xpath","value":"//button[@data-kt=\"provideButton\"]"}
RESULT: {"using":"xpath","value":"//button[@data-kt=\"provideButton\"]"}
COMMAND: POST /session/be9a23df4294472c3cbe97a105488dd6/elements - {"using":"xpath","value":"//button[@data-kt=\"provideButton\"]"}
RESULT: {"using":"xpath","value":"//button[@data-kt=\"provideButton\"]"}
COMMAND: POST /session/be9a23df4294472c3cbe97a105488dd6/elements - {"using":"xpath","value":"//button[@data-kt=\"provideButton\"]"}
RESULT: {"using":"xpath","value":"//button[@data-kt=\"provideButton\"]"}
COMMAND: POST /session/be9a23df4294472c3cbe97a105488dd6/elements - {"using":"xpath","value":"//button[@data-kt=\"provideButton\"]"}
RESULT: {"using":"xpath","value":"//button[@data-kt=\"provideButton\"]"}
COMMAND: POST /session/be9a23df4294472c3cbe97a105488dd6/elements - {"using":"xpath","value":"//button[@data-kt=\"provideButton\"]"}
RESULT: {"using":"xpath","value":"//button[@data-kt=\"provideButton\"]"}
COMMAND: POST /session/be9a23df4294472c3cbe97a105488dd6/elements - {"using":"xpath","value":"//button[@data-kt=\"provideButton\"]"}
RESULT: {"using":"xpath","value":"//button[@data-kt=\"provideButton\"]"}
COMMAND: POST /session/be9a23df4294472c3cbe97a105488dd6/elements - {"using":"xpath","value":"//button[@data-kt=\"provideButton\"]"}
RESULT: {"using":"xpath","value":"//button[@data-kt=\"provideButton\"]"}
COMMAND: POST /session/be9a23df4294472c3cbe97a105488dd6/elements - {"using":"xpath","value":"//button[@data-kt=\"provideButton\"]"}
RESULT: {"using":"xpath","value":"//button[@data-kt=\"provideButton\"]"}
COMMAND: POST /session/be9a23df4294472c3cbe97a105488dd6/elements - {"using":"xpath","value":"//button[@data-kt=\"provideButton\"]"}
RESULT: {"using":"xpath","value":"//button[@data-kt=\"provideButton\"]"}
COMMAND: POST /session/be9a23df4294472c3cbe97a105488dd6/elements - {"using":"xpath","value":"//button[@data-kt=\"provideButton\"]"}
RESULT: {"using":"xpath","value":"//button[@data-kt=\"provideButton\"]"}
COMMAND: POST /session/be9a23df4294472c3cbe97a105488dd6/elements - {"using":"xpath","value":"//button[@data-kt=\"provideButton\"]"}
RESULT: {"using":"xpath","value":"//button[@data-kt=\"provideButton\"]"}
COMMAND: POST /session/be9a23df4294472c3cbe97a105488dd6/elements - {"using":"xpath","value":"//button[@data-kt=\"provideButton\"]"}
RESULT: {"using":"xpath","value":"//button[@data-kt=\"provideButton\"]"}
COMMAND: POST /session/be9a23df4294472c3cbe97a105488dd6/elements - {"using":"xpath","value":"//button[@data-kt=\"provideButton\"]"}
RESULT: {"using":"xpath","value":"//button[@data-kt=\"provideButton\"]"}
COMMAND: POST /session/be9a23df4294472c3cbe97a105488dd6/elements - {"using":"xpath","value":"//button[@data-kt=\"provideButton\"]"}
RESULT: {"using":"xpath","value":"//button[@data-kt=\"provideButton\"]"}
COMMAND: POST /session/be9a23df4294472c3cbe97a105488dd6/elements - {"using":"xpath","value":"//button[@data-kt=\"provideButton\"]"}
RESULT: {"using":"xpath","value":"//button[@data-kt=\"provideButton\"]"}
COMMAND: POST /session/be9a23df4294472c3cbe97a105488dd6/elements - {"using":"xpath","value":"//button[@data-kt=\"provideButton\"]"}
RESULT: {"using":"xpath","value":"//button[@data-kt=\"provideButton\"]"}
COMMAND: POST /session/be9a23df4294472c3cbe97a105488dd6/elements - {"using":"xpath","value":"//button[@data-kt=\"provideButton\"]"}
RESULT: {"using":"xpath","value":"//button[@data-kt=\"provideButton\"]"}
COMMAND: POST /session/be9a23df4294472c3cbe97a105488dd6/elements - {"using":"xpath","value":"//button[@data-kt=\"provideButton\"]"}
RESULT: {"using":"xpath","value":"//button[@data-kt=\"provideButton\"]"}
COMMAND: POST /session/be9a23df4294472c3cbe97a105488dd6/elements - {"using":"xpath","value":"//button[@data-kt=\"provideButton\"]"}
RESULT: {"using":"xpath","value":"//button[@data-kt=\"provideButton\"]"}
COMMAND: POST /session/be9a23df4294472c3cbe97a105488dd6/elements - {"using":"xpath","value":"//button[@data-kt=\"provideButton\"]"}
RESULT: {"using":"xpath","value":"//button[@data-kt=\"provideButton\"]"}
COMMAND: POST /session/be9a23df4294472c3cbe97a105488dd6/elements - {"using":"xpath","value":"//button[@data-kt=\"provideButton\"]"}
RESULT: {"using":"xpath","value":"//button[@data-kt=\"provideButton\"]"}
COMMAND: POST /session/be9a23df4294472c3cbe97a105488dd6/elements - {"using":"xpath","value":"//button[@data-kt=\"provideButton\"]"}
RESULT: {"using":"xpath","value":"//button[@data-kt=\"provideButton\"]"}
COMMAND: POST /session/be9a23df4294472c3cbe97a105488dd6/elements - {"using":"xpath","value":"//button[@data-kt=\"provideButton\"]"}
RESULT: {"using":"xpath","value":"//button[@data-kt=\"provideButton\"]"}
COMMAND: POST /session/be9a23df4294472c3cbe97a105488dd6/elements - {"using":"xpath","value":"//button[@data-kt=\"provideButton\"]"}
RESULT: {"using":"xpath","value":"//button[@data-kt=\"provideButton\"]"}
COMMAND: POST /session/be9a23df4294472c3cbe97a105488dd6/elements - {"using":"xpath","value":"//button[@data-kt=\"provideButton\"]"}
RESULT: {"using":"xpath","value":"//button[@data-kt=\"provideButton\"]"}
COMMAND: POST /session/be9a23df4294472c3cbe97a105488dd6/elements - {"using":"xpath","value":"//button[@data-kt=\"provideButton\"]"}
RESULT: {"using":"xpath","value":"//button[@data-kt=\"provideButton\"]"}
COMMAND: GET /session/be9a23df4294472c3cbe97a105488dd6/screenshot - {}
RESULT: {}
]]></system-out>
      <system-err><![CDATA[
Error: Can't call click on element with selector "//button[@data-kt="provideButton"]" because element wasn't found
    at async UtilsPrerequisites.provideToSiteHandoverFromContractDetails (D:\a\1\s\test\specs\BTS\prerequisites-and-utils-functions.js:1949:9)
    at async Context.<anonymous> (D:\a\1\s\test\specs\BTS\billing-calculation-mixed.spec.js:81:9)
]]></system-err>
    </testcase>
    <testcase classname="chrome.136_0_7103_93.windows.Create_master_data_for_mixed_billing_&amp;_do_billing_calculation_US151661" name="Should create a few performance documents" time="18.157">
      <failure/>
      <error message="expect(received).toEqual(expected) // deep equality&#xA;&#xA;Expected: &quot;Records (1)&quot;&#xA;Received: undefined"/>
      <system-out><![CDATA[
COMMAND: GET /session/be9a23df4294472c3cbe97a105488dd6/screenshot - {}
COMMAND: POST /session/be9a23df4294472c3cbe97a105488dd6/execute/async - {"script":"<script> [1562 bytes]","args":[{"selector":{"controlType":"sap.m.GenericTile","properties":{"header":"Manage States & Performance"}},"wdio_ui5_key":"sapm.GenericTile{\"header\":\"Manage States & Performance\"}"}]}
RESULT: {}
RESULT: {"script":"<script> [1562 bytes]","args":[{"selector":{"controlType":"sap.m.GenericTile","properties":{"header":"Manage States & Performance"}},"wdio_ui5_key":"sapm.GenericTile{\"header\":\"Manage States & Performance\"}"}]}
RESULT: undefined
COMMAND: POST /session/be9a23df4294472c3cbe97a105488dd6/elements - {"using":"xpath","value":"//span[text()='Error']"}
RESULT: {"using":"xpath","value":"//span[text()='Error']"}
COMMAND: POST /session/be9a23df4294472c3cbe97a105488dd6/execute/async - {"script":"<script> [1562 bytes]","args":[{"selector":{"id":"application-managestatesandperformance-display-component---stateAndPerform--smartFilterBarResources-btnBasicSearch","interaction":{"idSuffix":"I"}},"wdio_ui5_key":"applicationmanagestatesandperformance-display-component---stateAndPerform--smartFilterBarResources-btnBasicSearch"}]}
RESULT: {"script":"<script> [1562 bytes]","args":[{"selector":{"id":"application-managestatesandperformance-display-component---stateAndPerform--smartFilterBarResources-btnBasicSearch","interaction":{"idSuffix":"I"}},"wdio_ui5_key":"applicationmanagestatesandperformance-display-component---stateAndPerform--smartFilterBarResources-btnBasicSearch"}]}
RESULT: undefined
COMMAND: POST /session/be9a23df4294472c3cbe97a105488dd6/actions - {"actions":[{"id":"action43","type":"key","parameters":{},"actions":[{"type":"keyDown","value":""},{"type":"pause","duration":10},{"type":"keyUp","value":""}]}]}
RESULT: {"actions":[{"id":"action43","type":"key","parameters":{},"actions":[{"type":"keyDown","value":""},{"type":"pause","duration":10},{"type":"keyUp","value":""}]}]}
COMMAND: GET /session/be9a23df4294472c3cbe97a105488dd6/screenshot - {}
RESULT: {}
COMMAND: POST /session/be9a23df4294472c3cbe97a105488dd6/execute/async - {"script":"<script> [1562 bytes]","args":[{"selector":{"id":"application-managestatesandperformance-display-component---stateAndPerform--stateAndPerformResourcesSmartTable-header"},"wdio_ui5_key":"applicationmanagestatesandperformance-display-component---stateAndPerform--stateAndPerformResourcesSmartTable-header"}]}
RESULT: {"script":"<script> [1562 bytes]","args":[{"selector":{"id":"application-managestatesandperformance-display-component---stateAndPerform--stateAndPerformResourcesSmartTable-header"},"wdio_ui5_key":"applicationmanagestatesandperformance-display-component---stateAndPerform--stateAndPerformResourcesSmartTable-header"}]}
RESULT: undefined
COMMAND: GET /session/be9a23df4294472c3cbe97a105488dd6/screenshot - {}
RESULT: {}
]]></system-out>
      <system-err><![CDATA[
Error: expect(received).toEqual(expected) // deep equality

Expected: "Records (1)"
Received: undefined
    at Context.<anonymous> (D:\a\1\s\test\specs\BTS\billing-calculation-mixed.spec.js:102:22)
]]></system-err>
    </testcase>
    <testcase classname="chrome.136_0_7103_93.windows.Create_master_data_for_mixed_billing_&amp;_do_billing_calculation_US151661" name="Should go to Manage Billings and trigger calculation check the conditions applied" time="80.056">
      <failure/>
      <error message="Can't call click on element with selector &quot;//td[@aria-colindex=&quot;1&quot;]/div/div[contains(@class, &quot;sapMCbBg&quot;)]&quot; because element wasn't found"/>
      <system-out><![CDATA[
COMMAND: GET /session/be9a23df4294472c3cbe97a105488dd6/screenshot - {}
COMMAND: POST /session/be9a23df4294472c3cbe97a105488dd6/execute/async - {"script":"<script> [1562 bytes]","args":[{"selector":{"controlType":"sap.m.GenericTile","properties":{"header":"Manage Billings"}},"wdio_ui5_key":"sapm.GenericTile{\"header\":\"Manage Billings\"}"}]}
RESULT: {}
RESULT: {"script":"<script> [1562 bytes]","args":[{"selector":{"controlType":"sap.m.GenericTile","properties":{"header":"Manage Billings"}},"wdio_ui5_key":"sapm.GenericTile{\"header\":\"Manage Billings\"}"}]}
RESULT: undefined
COMMAND: POST /session/be9a23df4294472c3cbe97a105488dd6/elements - {"using":"xpath","value":"//span[text()='Error']"}
RESULT: {"using":"xpath","value":"//span[text()='Error']"}
COMMAND: POST /session/be9a23df4294472c3cbe97a105488dd6/execute/async - {"script":"<script> [1562 bytes]","args":[{"selector":{"id":"application-managebillings-display-component---billRunCalcResult--smartFilterBar-btnBasicSearch","interaction":{"idSuffix":"I"}},"wdio_ui5_key":"applicationmanagebillings-display-component---billRunCalcResult--smartFilterBar-btnBasicSearch"}]}
RESULT: {"script":"<script> [1562 bytes]","args":[{"selector":{"id":"application-managebillings-display-component---billRunCalcResult--smartFilterBar-btnBasicSearch","interaction":{"idSuffix":"I"}},"wdio_ui5_key":"applicationmanagebillings-display-component---billRunCalcResult--smartFilterBar-btnBasicSearch"}]}
RESULT: undefined
COMMAND: POST /session/be9a23df4294472c3cbe97a105488dd6/actions - {"actions":[{"id":"action44","type":"key","parameters":{},"actions":[{"type":"keyDown","value":""},{"type":"pause","duration":10},{"type":"keyUp","value":""}]}]}
RESULT: {"actions":[{"id":"action44","type":"key","parameters":{},"actions":[{"type":"keyDown","value":""},{"type":"pause","duration":10},{"type":"keyUp","value":""}]}]}
COMMAND: GET /session/be9a23df4294472c3cbe97a105488dd6/screenshot - {}
RESULT: {}
COMMAND: POST /session/be9a23df4294472c3cbe97a105488dd6/element - {"using":"xpath","value":"//td[@aria-colindex=\"1\"]/div/div[contains(@class, \"sapMCbBg\")]"}
RESULT: {"using":"xpath","value":"//td[@aria-colindex=\"1\"]/div/div[contains(@class, \"sapMCbBg\")]"}
COMMAND: POST /session/be9a23df4294472c3cbe97a105488dd6/elements - {"using":"xpath","value":"//td[@aria-colindex=\"1\"]/div/div[contains(@class, \"sapMCbBg\")]"}
RESULT: {"using":"xpath","value":"//td[@aria-colindex=\"1\"]/div/div[contains(@class, \"sapMCbBg\")]"}
COMMAND: POST /session/be9a23df4294472c3cbe97a105488dd6/elements - {"using":"xpath","value":"//td[@aria-colindex=\"1\"]/div/div[contains(@class, \"sapMCbBg\")]"}
RESULT: {"using":"xpath","value":"//td[@aria-colindex=\"1\"]/div/div[contains(@class, \"sapMCbBg\")]"}
COMMAND: POST /session/be9a23df4294472c3cbe97a105488dd6/elements - {"using":"xpath","value":"//td[@aria-colindex=\"1\"]/div/div[contains(@class, \"sapMCbBg\")]"}
RESULT: {"using":"xpath","value":"//td[@aria-colindex=\"1\"]/div/div[contains(@class, \"sapMCbBg\")]"}
COMMAND: POST /session/be9a23df4294472c3cbe97a105488dd6/elements - {"using":"xpath","value":"//td[@aria-colindex=\"1\"]/div/div[contains(@class, \"sapMCbBg\")]"}
RESULT: {"using":"xpath","value":"//td[@aria-colindex=\"1\"]/div/div[contains(@class, \"sapMCbBg\")]"}
COMMAND: POST /session/be9a23df4294472c3cbe97a105488dd6/elements - {"using":"xpath","value":"//td[@aria-colindex=\"1\"]/div/div[contains(@class, \"sapMCbBg\")]"}
RESULT: {"using":"xpath","value":"//td[@aria-colindex=\"1\"]/div/div[contains(@class, \"sapMCbBg\")]"}
COMMAND: POST /session/be9a23df4294472c3cbe97a105488dd6/elements - {"using":"xpath","value":"//td[@aria-colindex=\"1\"]/div/div[contains(@class, \"sapMCbBg\")]"}
RESULT: {"using":"xpath","value":"//td[@aria-colindex=\"1\"]/div/div[contains(@class, \"sapMCbBg\")]"}
COMMAND: POST /session/be9a23df4294472c3cbe97a105488dd6/elements - {"using":"xpath","value":"//td[@aria-colindex=\"1\"]/div/div[contains(@class, \"sapMCbBg\")]"}
RESULT: {"using":"xpath","value":"//td[@aria-colindex=\"1\"]/div/div[contains(@class, \"sapMCbBg\")]"}
COMMAND: POST /session/be9a23df4294472c3cbe97a105488dd6/elements - {"using":"xpath","value":"//td[@aria-colindex=\"1\"]/div/div[contains(@class, \"sapMCbBg\")]"}
RESULT: {"using":"xpath","value":"//td[@aria-colindex=\"1\"]/div/div[contains(@class, \"sapMCbBg\")]"}
COMMAND: POST /session/be9a23df4294472c3cbe97a105488dd6/elements - {"using":"xpath","value":"//td[@aria-colindex=\"1\"]/div/div[contains(@class, \"sapMCbBg\")]"}
RESULT: {"using":"xpath","value":"//td[@aria-colindex=\"1\"]/div/div[contains(@class, \"sapMCbBg\")]"}
COMMAND: POST /session/be9a23df4294472c3cbe97a105488dd6/elements - {"using":"xpath","value":"//td[@aria-colindex=\"1\"]/div/div[contains(@class, \"sapMCbBg\")]"}
RESULT: {"using":"xpath","value":"//td[@aria-colindex=\"1\"]/div/div[contains(@class, \"sapMCbBg\")]"}
COMMAND: POST /session/be9a23df4294472c3cbe97a105488dd6/elements - {"using":"xpath","value":"//td[@aria-colindex=\"1\"]/div/div[contains(@class, \"sapMCbBg\")]"}
RESULT: {"using":"xpath","value":"//td[@aria-colindex=\"1\"]/div/div[contains(@class, \"sapMCbBg\")]"}
COMMAND: POST /session/be9a23df4294472c3cbe97a105488dd6/elements - {"using":"xpath","value":"//td[@aria-colindex=\"1\"]/div/div[contains(@class, \"sapMCbBg\")]"}
RESULT: {"using":"xpath","value":"//td[@aria-colindex=\"1\"]/div/div[contains(@class, \"sapMCbBg\")]"}
COMMAND: POST /session/be9a23df4294472c3cbe97a105488dd6/elements - {"using":"xpath","value":"//td[@aria-colindex=\"1\"]/div/div[contains(@class, \"sapMCbBg\")]"}
RESULT: {"using":"xpath","value":"//td[@aria-colindex=\"1\"]/div/div[contains(@class, \"sapMCbBg\")]"}
COMMAND: POST /session/be9a23df4294472c3cbe97a105488dd6/elements - {"using":"xpath","value":"//td[@aria-colindex=\"1\"]/div/div[contains(@class, \"sapMCbBg\")]"}
RESULT: {"using":"xpath","value":"//td[@aria-colindex=\"1\"]/div/div[contains(@class, \"sapMCbBg\")]"}
COMMAND: POST /session/be9a23df4294472c3cbe97a105488dd6/elements - {"using":"xpath","value":"//td[@aria-colindex=\"1\"]/div/div[contains(@class, \"sapMCbBg\")]"}
RESULT: {"using":"xpath","value":"//td[@aria-colindex=\"1\"]/div/div[contains(@class, \"sapMCbBg\")]"}
COMMAND: POST /session/be9a23df4294472c3cbe97a105488dd6/elements - {"using":"xpath","value":"//td[@aria-colindex=\"1\"]/div/div[contains(@class, \"sapMCbBg\")]"}
RESULT: {"using":"xpath","value":"//td[@aria-colindex=\"1\"]/div/div[contains(@class, \"sapMCbBg\")]"}
COMMAND: POST /session/be9a23df4294472c3cbe97a105488dd6/elements - {"using":"xpath","value":"//td[@aria-colindex=\"1\"]/div/div[contains(@class, \"sapMCbBg\")]"}
RESULT: {"using":"xpath","value":"//td[@aria-colindex=\"1\"]/div/div[contains(@class, \"sapMCbBg\")]"}
COMMAND: POST /session/be9a23df4294472c3cbe97a105488dd6/elements - {"using":"xpath","value":"//td[@aria-colindex=\"1\"]/div/div[contains(@class, \"sapMCbBg\")]"}
RESULT: {"using":"xpath","value":"//td[@aria-colindex=\"1\"]/div/div[contains(@class, \"sapMCbBg\")]"}
COMMAND: POST /session/be9a23df4294472c3cbe97a105488dd6/elements - {"using":"xpath","value":"//td[@aria-colindex=\"1\"]/div/div[contains(@class, \"sapMCbBg\")]"}
RESULT: {"using":"xpath","value":"//td[@aria-colindex=\"1\"]/div/div[contains(@class, \"sapMCbBg\")]"}
COMMAND: POST /session/be9a23df4294472c3cbe97a105488dd6/elements - {"using":"xpath","value":"//td[@aria-colindex=\"1\"]/div/div[contains(@class, \"sapMCbBg\")]"}
RESULT: {"using":"xpath","value":"//td[@aria-colindex=\"1\"]/div/div[contains(@class, \"sapMCbBg\")]"}
COMMAND: POST /session/be9a23df4294472c3cbe97a105488dd6/elements - {"using":"xpath","value":"//td[@aria-colindex=\"1\"]/div/div[contains(@class, \"sapMCbBg\")]"}
RESULT: {"using":"xpath","value":"//td[@aria-colindex=\"1\"]/div/div[contains(@class, \"sapMCbBg\")]"}
COMMAND: POST /session/be9a23df4294472c3cbe97a105488dd6/elements - {"using":"xpath","value":"//td[@aria-colindex=\"1\"]/div/div[contains(@class, \"sapMCbBg\")]"}
RESULT: {"using":"xpath","value":"//td[@aria-colindex=\"1\"]/div/div[contains(@class, \"sapMCbBg\")]"}
COMMAND: POST /session/be9a23df4294472c3cbe97a105488dd6/elements - {"using":"xpath","value":"//td[@aria-colindex=\"1\"]/div/div[contains(@class, \"sapMCbBg\")]"}
RESULT: {"using":"xpath","value":"//td[@aria-colindex=\"1\"]/div/div[contains(@class, \"sapMCbBg\")]"}
COMMAND: POST /session/be9a23df4294472c3cbe97a105488dd6/elements - {"using":"xpath","value":"//td[@aria-colindex=\"1\"]/div/div[contains(@class, \"sapMCbBg\")]"}
RESULT: {"using":"xpath","value":"//td[@aria-colindex=\"1\"]/div/div[contains(@class, \"sapMCbBg\")]"}
COMMAND: POST /session/be9a23df4294472c3cbe97a105488dd6/elements - {"using":"xpath","value":"//td[@aria-colindex=\"1\"]/div/div[contains(@class, \"sapMCbBg\")]"}
RESULT: {"using":"xpath","value":"//td[@aria-colindex=\"1\"]/div/div[contains(@class, \"sapMCbBg\")]"}
COMMAND: POST /session/be9a23df4294472c3cbe97a105488dd6/elements - {"using":"xpath","value":"//td[@aria-colindex=\"1\"]/div/div[contains(@class, \"sapMCbBg\")]"}
RESULT: {"using":"xpath","value":"//td[@aria-colindex=\"1\"]/div/div[contains(@class, \"sapMCbBg\")]"}
COMMAND: POST /session/be9a23df4294472c3cbe97a105488dd6/elements - {"using":"xpath","value":"//td[@aria-colindex=\"1\"]/div/div[contains(@class, \"sapMCbBg\")]"}
RESULT: {"using":"xpath","value":"//td[@aria-colindex=\"1\"]/div/div[contains(@class, \"sapMCbBg\")]"}
COMMAND: POST /session/be9a23df4294472c3cbe97a105488dd6/elements - {"using":"xpath","value":"//td[@aria-colindex=\"1\"]/div/div[contains(@class, \"sapMCbBg\")]"}
RESULT: {"using":"xpath","value":"//td[@aria-colindex=\"1\"]/div/div[contains(@class, \"sapMCbBg\")]"}
COMMAND: POST /session/be9a23df4294472c3cbe97a105488dd6/elements - {"using":"xpath","value":"//td[@aria-colindex=\"1\"]/div/div[contains(@class, \"sapMCbBg\")]"}
RESULT: {"using":"xpath","value":"//td[@aria-colindex=\"1\"]/div/div[contains(@class, \"sapMCbBg\")]"}
COMMAND: POST /session/be9a23df4294472c3cbe97a105488dd6/elements - {"using":"xpath","value":"//td[@aria-colindex=\"1\"]/div/div[contains(@class, \"sapMCbBg\")]"}
RESULT: {"using":"xpath","value":"//td[@aria-colindex=\"1\"]/div/div[contains(@class, \"sapMCbBg\")]"}
COMMAND: POST /session/be9a23df4294472c3cbe97a105488dd6/elements - {"using":"xpath","value":"//td[@aria-colindex=\"1\"]/div/div[contains(@class, \"sapMCbBg\")]"}
RESULT: {"using":"xpath","value":"//td[@aria-colindex=\"1\"]/div/div[contains(@class, \"sapMCbBg\")]"}
COMMAND: POST /session/be9a23df4294472c3cbe97a105488dd6/elements - {"using":"xpath","value":"//td[@aria-colindex=\"1\"]/div/div[contains(@class, \"sapMCbBg\")]"}
RESULT: {"using":"xpath","value":"//td[@aria-colindex=\"1\"]/div/div[contains(@class, \"sapMCbBg\")]"}
COMMAND: POST /session/be9a23df4294472c3cbe97a105488dd6/elements - {"using":"xpath","value":"//td[@aria-colindex=\"1\"]/div/div[contains(@class, \"sapMCbBg\")]"}
RESULT: {"using":"xpath","value":"//td[@aria-colindex=\"1\"]/div/div[contains(@class, \"sapMCbBg\")]"}
COMMAND: POST /session/be9a23df4294472c3cbe97a105488dd6/elements - {"using":"xpath","value":"//td[@aria-colindex=\"1\"]/div/div[contains(@class, \"sapMCbBg\")]"}
RESULT: {"using":"xpath","value":"//td[@aria-colindex=\"1\"]/div/div[contains(@class, \"sapMCbBg\")]"}
COMMAND: POST /session/be9a23df4294472c3cbe97a105488dd6/elements - {"using":"xpath","value":"//td[@aria-colindex=\"1\"]/div/div[contains(@class, \"sapMCbBg\")]"}
RESULT: {"using":"xpath","value":"//td[@aria-colindex=\"1\"]/div/div[contains(@class, \"sapMCbBg\")]"}
COMMAND: POST /session/be9a23df4294472c3cbe97a105488dd6/elements - {"using":"xpath","value":"//td[@aria-colindex=\"1\"]/div/div[contains(@class, \"sapMCbBg\")]"}
RESULT: {"using":"xpath","value":"//td[@aria-colindex=\"1\"]/div/div[contains(@class, \"sapMCbBg\")]"}
COMMAND: POST /session/be9a23df4294472c3cbe97a105488dd6/elements - {"using":"xpath","value":"//td[@aria-colindex=\"1\"]/div/div[contains(@class, \"sapMCbBg\")]"}
RESULT: {"using":"xpath","value":"//td[@aria-colindex=\"1\"]/div/div[contains(@class, \"sapMCbBg\")]"}
COMMAND: POST /session/be9a23df4294472c3cbe97a105488dd6/elements - {"using":"xpath","value":"//td[@aria-colindex=\"1\"]/div/div[contains(@class, \"sapMCbBg\")]"}
RESULT: {"using":"xpath","value":"//td[@aria-colindex=\"1\"]/div/div[contains(@class, \"sapMCbBg\")]"}
COMMAND: POST /session/be9a23df4294472c3cbe97a105488dd6/elements - {"using":"xpath","value":"//td[@aria-colindex=\"1\"]/div/div[contains(@class, \"sapMCbBg\")]"}
RESULT: {"using":"xpath","value":"//td[@aria-colindex=\"1\"]/div/div[contains(@class, \"sapMCbBg\")]"}
COMMAND: POST /session/be9a23df4294472c3cbe97a105488dd6/elements - {"using":"xpath","value":"//td[@aria-colindex=\"1\"]/div/div[contains(@class, \"sapMCbBg\")]"}
RESULT: {"using":"xpath","value":"//td[@aria-colindex=\"1\"]/div/div[contains(@class, \"sapMCbBg\")]"}
COMMAND: POST /session/be9a23df4294472c3cbe97a105488dd6/elements - {"using":"xpath","value":"//td[@aria-colindex=\"1\"]/div/div[contains(@class, \"sapMCbBg\")]"}
RESULT: {"using":"xpath","value":"//td[@aria-colindex=\"1\"]/div/div[contains(@class, \"sapMCbBg\")]"}
COMMAND: POST /session/be9a23df4294472c3cbe97a105488dd6/elements - {"using":"xpath","value":"//td[@aria-colindex=\"1\"]/div/div[contains(@class, \"sapMCbBg\")]"}
RESULT: {"using":"xpath","value":"//td[@aria-colindex=\"1\"]/div/div[contains(@class, \"sapMCbBg\")]"}
COMMAND: POST /session/be9a23df4294472c3cbe97a105488dd6/elements - {"using":"xpath","value":"//td[@aria-colindex=\"1\"]/div/div[contains(@class, \"sapMCbBg\")]"}
RESULT: {"using":"xpath","value":"//td[@aria-colindex=\"1\"]/div/div[contains(@class, \"sapMCbBg\")]"}
COMMAND: POST /session/be9a23df4294472c3cbe97a105488dd6/elements - {"using":"xpath","value":"//td[@aria-colindex=\"1\"]/div/div[contains(@class, \"sapMCbBg\")]"}
RESULT: {"using":"xpath","value":"//td[@aria-colindex=\"1\"]/div/div[contains(@class, \"sapMCbBg\")]"}
COMMAND: POST /session/be9a23df4294472c3cbe97a105488dd6/elements - {"using":"xpath","value":"//td[@aria-colindex=\"1\"]/div/div[contains(@class, \"sapMCbBg\")]"}
RESULT: {"using":"xpath","value":"//td[@aria-colindex=\"1\"]/div/div[contains(@class, \"sapMCbBg\")]"}
COMMAND: POST /session/be9a23df4294472c3cbe97a105488dd6/elements - {"using":"xpath","value":"//td[@aria-colindex=\"1\"]/div/div[contains(@class, \"sapMCbBg\")]"}
RESULT: {"using":"xpath","value":"//td[@aria-colindex=\"1\"]/div/div[contains(@class, \"sapMCbBg\")]"}
COMMAND: POST /session/be9a23df4294472c3cbe97a105488dd6/elements - {"using":"xpath","value":"//td[@aria-colindex=\"1\"]/div/div[contains(@class, \"sapMCbBg\")]"}
RESULT: {"using":"xpath","value":"//td[@aria-colindex=\"1\"]/div/div[contains(@class, \"sapMCbBg\")]"}
COMMAND: POST /session/be9a23df4294472c3cbe97a105488dd6/elements - {"using":"xpath","value":"//td[@aria-colindex=\"1\"]/div/div[contains(@class, \"sapMCbBg\")]"}
RESULT: {"using":"xpath","value":"//td[@aria-colindex=\"1\"]/div/div[contains(@class, \"sapMCbBg\")]"}
COMMAND: POST /session/be9a23df4294472c3cbe97a105488dd6/elements - {"using":"xpath","value":"//td[@aria-colindex=\"1\"]/div/div[contains(@class, \"sapMCbBg\")]"}
RESULT: {"using":"xpath","value":"//td[@aria-colindex=\"1\"]/div/div[contains(@class, \"sapMCbBg\")]"}
COMMAND: POST /session/be9a23df4294472c3cbe97a105488dd6/elements - {"using":"xpath","value":"//td[@aria-colindex=\"1\"]/div/div[contains(@class, \"sapMCbBg\")]"}
RESULT: {"using":"xpath","value":"//td[@aria-colindex=\"1\"]/div/div[contains(@class, \"sapMCbBg\")]"}
COMMAND: POST /session/be9a23df4294472c3cbe97a105488dd6/elements - {"using":"xpath","value":"//td[@aria-colindex=\"1\"]/div/div[contains(@class, \"sapMCbBg\")]"}
RESULT: {"using":"xpath","value":"//td[@aria-colindex=\"1\"]/div/div[contains(@class, \"sapMCbBg\")]"}
COMMAND: POST /session/be9a23df4294472c3cbe97a105488dd6/elements - {"using":"xpath","value":"//td[@aria-colindex=\"1\"]/div/div[contains(@class, \"sapMCbBg\")]"}
RESULT: {"using":"xpath","value":"//td[@aria-colindex=\"1\"]/div/div[contains(@class, \"sapMCbBg\")]"}
COMMAND: POST /session/be9a23df4294472c3cbe97a105488dd6/elements - {"using":"xpath","value":"//td[@aria-colindex=\"1\"]/div/div[contains(@class, \"sapMCbBg\")]"}
RESULT: {"using":"xpath","value":"//td[@aria-colindex=\"1\"]/div/div[contains(@class, \"sapMCbBg\")]"}
COMMAND: POST /session/be9a23df4294472c3cbe97a105488dd6/elements - {"using":"xpath","value":"//td[@aria-colindex=\"1\"]/div/div[contains(@class, \"sapMCbBg\")]"}
RESULT: {"using":"xpath","value":"//td[@aria-colindex=\"1\"]/div/div[contains(@class, \"sapMCbBg\")]"}
COMMAND: POST /session/be9a23df4294472c3cbe97a105488dd6/elements - {"using":"xpath","value":"//td[@aria-colindex=\"1\"]/div/div[contains(@class, \"sapMCbBg\")]"}
RESULT: {"using":"xpath","value":"//td[@aria-colindex=\"1\"]/div/div[contains(@class, \"sapMCbBg\")]"}
COMMAND: POST /session/be9a23df4294472c3cbe97a105488dd6/elements - {"using":"xpath","value":"//td[@aria-colindex=\"1\"]/div/div[contains(@class, \"sapMCbBg\")]"}
RESULT: {"using":"xpath","value":"//td[@aria-colindex=\"1\"]/div/div[contains(@class, \"sapMCbBg\")]"}
COMMAND: POST /session/be9a23df4294472c3cbe97a105488dd6/elements - {"using":"xpath","value":"//td[@aria-colindex=\"1\"]/div/div[contains(@class, \"sapMCbBg\")]"}
RESULT: {"using":"xpath","value":"//td[@aria-colindex=\"1\"]/div/div[contains(@class, \"sapMCbBg\")]"}
COMMAND: POST /session/be9a23df4294472c3cbe97a105488dd6/elements - {"using":"xpath","value":"//td[@aria-colindex=\"1\"]/div/div[contains(@class, \"sapMCbBg\")]"}
RESULT: {"using":"xpath","value":"//td[@aria-colindex=\"1\"]/div/div[contains(@class, \"sapMCbBg\")]"}
COMMAND: POST /session/be9a23df4294472c3cbe97a105488dd6/elements - {"using":"xpath","value":"//td[@aria-colindex=\"1\"]/div/div[contains(@class, \"sapMCbBg\")]"}
RESULT: {"using":"xpath","value":"//td[@aria-colindex=\"1\"]/div/div[contains(@class, \"sapMCbBg\")]"}
COMMAND: POST /session/be9a23df4294472c3cbe97a105488dd6/elements - {"using":"xpath","value":"//td[@aria-colindex=\"1\"]/div/div[contains(@class, \"sapMCbBg\")]"}
RESULT: {"using":"xpath","value":"//td[@aria-colindex=\"1\"]/div/div[contains(@class, \"sapMCbBg\")]"}
COMMAND: POST /session/be9a23df4294472c3cbe97a105488dd6/elements - {"using":"xpath","value":"//td[@aria-colindex=\"1\"]/div/div[contains(@class, \"sapMCbBg\")]"}
RESULT: {"using":"xpath","value":"//td[@aria-colindex=\"1\"]/div/div[contains(@class, \"sapMCbBg\")]"}
COMMAND: POST /session/be9a23df4294472c3cbe97a105488dd6/elements - {"using":"xpath","value":"//td[@aria-colindex=\"1\"]/div/div[contains(@class, \"sapMCbBg\")]"}
RESULT: {"using":"xpath","value":"//td[@aria-colindex=\"1\"]/div/div[contains(@class, \"sapMCbBg\")]"}
COMMAND: POST /session/be9a23df4294472c3cbe97a105488dd6/elements - {"using":"xpath","value":"//td[@aria-colindex=\"1\"]/div/div[contains(@class, \"sapMCbBg\")]"}
RESULT: {"using":"xpath","value":"//td[@aria-colindex=\"1\"]/div/div[contains(@class, \"sapMCbBg\")]"}
COMMAND: POST /session/be9a23df4294472c3cbe97a105488dd6/elements - {"using":"xpath","value":"//td[@aria-colindex=\"1\"]/div/div[contains(@class, \"sapMCbBg\")]"}
RESULT: {"using":"xpath","value":"//td[@aria-colindex=\"1\"]/div/div[contains(@class, \"sapMCbBg\")]"}
COMMAND: POST /session/be9a23df4294472c3cbe97a105488dd6/elements - {"using":"xpath","value":"//td[@aria-colindex=\"1\"]/div/div[contains(@class, \"sapMCbBg\")]"}
RESULT: {"using":"xpath","value":"//td[@aria-colindex=\"1\"]/div/div[contains(@class, \"sapMCbBg\")]"}
COMMAND: POST /session/be9a23df4294472c3cbe97a105488dd6/elements - {"using":"xpath","value":"//td[@aria-colindex=\"1\"]/div/div[contains(@class, \"sapMCbBg\")]"}
RESULT: {"using":"xpath","value":"//td[@aria-colindex=\"1\"]/div/div[contains(@class, \"sapMCbBg\")]"}
COMMAND: POST /session/be9a23df4294472c3cbe97a105488dd6/elements - {"using":"xpath","value":"//td[@aria-colindex=\"1\"]/div/div[contains(@class, \"sapMCbBg\")]"}
RESULT: {"using":"xpath","value":"//td[@aria-colindex=\"1\"]/div/div[contains(@class, \"sapMCbBg\")]"}
COMMAND: POST /session/be9a23df4294472c3cbe97a105488dd6/elements - {"using":"xpath","value":"//td[@aria-colindex=\"1\"]/div/div[contains(@class, \"sapMCbBg\")]"}
RESULT: {"using":"xpath","value":"//td[@aria-colindex=\"1\"]/div/div[contains(@class, \"sapMCbBg\")]"}
COMMAND: POST /session/be9a23df4294472c3cbe97a105488dd6/elements - {"using":"xpath","value":"//td[@aria-colindex=\"1\"]/div/div[contains(@class, \"sapMCbBg\")]"}
RESULT: {"using":"xpath","value":"//td[@aria-colindex=\"1\"]/div/div[contains(@class, \"sapMCbBg\")]"}
COMMAND: POST /session/be9a23df4294472c3cbe97a105488dd6/elements - {"using":"xpath","value":"//td[@aria-colindex=\"1\"]/div/div[contains(@class, \"sapMCbBg\")]"}
RESULT: {"using":"xpath","value":"//td[@aria-colindex=\"1\"]/div/div[contains(@class, \"sapMCbBg\")]"}
COMMAND: POST /session/be9a23df4294472c3cbe97a105488dd6/elements - {"using":"xpath","value":"//td[@aria-colindex=\"1\"]/div/div[contains(@class, \"sapMCbBg\")]"}
RESULT: {"using":"xpath","value":"//td[@aria-colindex=\"1\"]/div/div[contains(@class, \"sapMCbBg\")]"}
COMMAND: POST /session/be9a23df4294472c3cbe97a105488dd6/elements - {"using":"xpath","value":"//td[@aria-colindex=\"1\"]/div/div[contains(@class, \"sapMCbBg\")]"}
RESULT: {"using":"xpath","value":"//td[@aria-colindex=\"1\"]/div/div[contains(@class, \"sapMCbBg\")]"}
COMMAND: POST /session/be9a23df4294472c3cbe97a105488dd6/elements - {"using":"xpath","value":"//td[@aria-colindex=\"1\"]/div/div[contains(@class, \"sapMCbBg\")]"}
RESULT: {"using":"xpath","value":"//td[@aria-colindex=\"1\"]/div/div[contains(@class, \"sapMCbBg\")]"}
COMMAND: POST /session/be9a23df4294472c3cbe97a105488dd6/elements - {"using":"xpath","value":"//td[@aria-colindex=\"1\"]/div/div[contains(@class, \"sapMCbBg\")]"}
RESULT: {"using":"xpath","value":"//td[@aria-colindex=\"1\"]/div/div[contains(@class, \"sapMCbBg\")]"}
COMMAND: POST /session/be9a23df4294472c3cbe97a105488dd6/elements - {"using":"xpath","value":"//td[@aria-colindex=\"1\"]/div/div[contains(@class, \"sapMCbBg\")]"}
RESULT: {"using":"xpath","value":"//td[@aria-colindex=\"1\"]/div/div[contains(@class, \"sapMCbBg\")]"}
COMMAND: POST /session/be9a23df4294472c3cbe97a105488dd6/elements - {"using":"xpath","value":"//td[@aria-colindex=\"1\"]/div/div[contains(@class, \"sapMCbBg\")]"}
RESULT: {"using":"xpath","value":"//td[@aria-colindex=\"1\"]/div/div[contains(@class, \"sapMCbBg\")]"}
COMMAND: POST /session/be9a23df4294472c3cbe97a105488dd6/elements - {"using":"xpath","value":"//td[@aria-colindex=\"1\"]/div/div[contains(@class, \"sapMCbBg\")]"}
RESULT: {"using":"xpath","value":"//td[@aria-colindex=\"1\"]/div/div[contains(@class, \"sapMCbBg\")]"}
COMMAND: POST /session/be9a23df4294472c3cbe97a105488dd6/elements - {"using":"xpath","value":"//td[@aria-colindex=\"1\"]/div/div[contains(@class, \"sapMCbBg\")]"}
RESULT: {"using":"xpath","value":"//td[@aria-colindex=\"1\"]/div/div[contains(@class, \"sapMCbBg\")]"}
COMMAND: POST /session/be9a23df4294472c3cbe97a105488dd6/elements - {"using":"xpath","value":"//td[@aria-colindex=\"1\"]/div/div[contains(@class, \"sapMCbBg\")]"}
RESULT: {"using":"xpath","value":"//td[@aria-colindex=\"1\"]/div/div[contains(@class, \"sapMCbBg\")]"}
COMMAND: POST /session/be9a23df4294472c3cbe97a105488dd6/elements - {"using":"xpath","value":"//td[@aria-colindex=\"1\"]/div/div[contains(@class, \"sapMCbBg\")]"}
RESULT: {"using":"xpath","value":"//td[@aria-colindex=\"1\"]/div/div[contains(@class, \"sapMCbBg\")]"}
COMMAND: POST /session/be9a23df4294472c3cbe97a105488dd6/elements - {"using":"xpath","value":"//td[@aria-colindex=\"1\"]/div/div[contains(@class, \"sapMCbBg\")]"}
RESULT: {"using":"xpath","value":"//td[@aria-colindex=\"1\"]/div/div[contains(@class, \"sapMCbBg\")]"}
COMMAND: POST /session/be9a23df4294472c3cbe97a105488dd6/elements - {"using":"xpath","value":"//td[@aria-colindex=\"1\"]/div/div[contains(@class, \"sapMCbBg\")]"}
RESULT: {"using":"xpath","value":"//td[@aria-colindex=\"1\"]/div/div[contains(@class, \"sapMCbBg\")]"}
COMMAND: POST /session/be9a23df4294472c3cbe97a105488dd6/elements - {"using":"xpath","value":"//td[@aria-colindex=\"1\"]/div/div[contains(@class, \"sapMCbBg\")]"}
RESULT: {"using":"xpath","value":"//td[@aria-colindex=\"1\"]/div/div[contains(@class, \"sapMCbBg\")]"}
COMMAND: POST /session/be9a23df4294472c3cbe97a105488dd6/elements - {"using":"xpath","value":"//td[@aria-colindex=\"1\"]/div/div[contains(@class, \"sapMCbBg\")]"}
RESULT: {"using":"xpath","value":"//td[@aria-colindex=\"1\"]/div/div[contains(@class, \"sapMCbBg\")]"}
COMMAND: POST /session/be9a23df4294472c3cbe97a105488dd6/elements - {"using":"xpath","value":"//td[@aria-colindex=\"1\"]/div/div[contains(@class, \"sapMCbBg\")]"}
RESULT: {"using":"xpath","value":"//td[@aria-colindex=\"1\"]/div/div[contains(@class, \"sapMCbBg\")]"}
COMMAND: POST /session/be9a23df4294472c3cbe97a105488dd6/elements - {"using":"xpath","value":"//td[@aria-colindex=\"1\"]/div/div[contains(@class, \"sapMCbBg\")]"}
RESULT: {"using":"xpath","value":"//td[@aria-colindex=\"1\"]/div/div[contains(@class, \"sapMCbBg\")]"}
COMMAND: POST /session/be9a23df4294472c3cbe97a105488dd6/elements - {"using":"xpath","value":"//td[@aria-colindex=\"1\"]/div/div[contains(@class, \"sapMCbBg\")]"}
RESULT: {"using":"xpath","value":"//td[@aria-colindex=\"1\"]/div/div[contains(@class, \"sapMCbBg\")]"}
COMMAND: POST /session/be9a23df4294472c3cbe97a105488dd6/elements - {"using":"xpath","value":"//td[@aria-colindex=\"1\"]/div/div[contains(@class, \"sapMCbBg\")]"}
RESULT: {"using":"xpath","value":"//td[@aria-colindex=\"1\"]/div/div[contains(@class, \"sapMCbBg\")]"}
COMMAND: POST /session/be9a23df4294472c3cbe97a105488dd6/elements - {"using":"xpath","value":"//td[@aria-colindex=\"1\"]/div/div[contains(@class, \"sapMCbBg\")]"}
RESULT: {"using":"xpath","value":"//td[@aria-colindex=\"1\"]/div/div[contains(@class, \"sapMCbBg\")]"}
COMMAND: POST /session/be9a23df4294472c3cbe97a105488dd6/elements - {"using":"xpath","value":"//td[@aria-colindex=\"1\"]/div/div[contains(@class, \"sapMCbBg\")]"}
RESULT: {"using":"xpath","value":"//td[@aria-colindex=\"1\"]/div/div[contains(@class, \"sapMCbBg\")]"}
COMMAND: POST /session/be9a23df4294472c3cbe97a105488dd6/elements - {"using":"xpath","value":"//td[@aria-colindex=\"1\"]/div/div[contains(@class, \"sapMCbBg\")]"}
RESULT: {"using":"xpath","value":"//td[@aria-colindex=\"1\"]/div/div[contains(@class, \"sapMCbBg\")]"}
COMMAND: POST /session/be9a23df4294472c3cbe97a105488dd6/elements - {"using":"xpath","value":"//td[@aria-colindex=\"1\"]/div/div[contains(@class, \"sapMCbBg\")]"}
RESULT: {"using":"xpath","value":"//td[@aria-colindex=\"1\"]/div/div[contains(@class, \"sapMCbBg\")]"}
COMMAND: POST /session/be9a23df4294472c3cbe97a105488dd6/elements - {"using":"xpath","value":"//td[@aria-colindex=\"1\"]/div/div[contains(@class, \"sapMCbBg\")]"}
RESULT: {"using":"xpath","value":"//td[@aria-colindex=\"1\"]/div/div[contains(@class, \"sapMCbBg\")]"}
COMMAND: POST /session/be9a23df4294472c3cbe97a105488dd6/elements - {"using":"xpath","value":"//td[@aria-colindex=\"1\"]/div/div[contains(@class, \"sapMCbBg\")]"}
RESULT: {"using":"xpath","value":"//td[@aria-colindex=\"1\"]/div/div[contains(@class, \"sapMCbBg\")]"}
COMMAND: POST /session/be9a23df4294472c3cbe97a105488dd6/elements - {"using":"xpath","value":"//td[@aria-colindex=\"1\"]/div/div[contains(@class, \"sapMCbBg\")]"}
RESULT: {"using":"xpath","value":"//td[@aria-colindex=\"1\"]/div/div[contains(@class, \"sapMCbBg\")]"}
COMMAND: POST /session/be9a23df4294472c3cbe97a105488dd6/elements - {"using":"xpath","value":"//td[@aria-colindex=\"1\"]/div/div[contains(@class, \"sapMCbBg\")]"}
RESULT: {"using":"xpath","value":"//td[@aria-colindex=\"1\"]/div/div[contains(@class, \"sapMCbBg\")]"}
COMMAND: POST /session/be9a23df4294472c3cbe97a105488dd6/elements - {"using":"xpath","value":"//td[@aria-colindex=\"1\"]/div/div[contains(@class, \"sapMCbBg\")]"}
RESULT: {"using":"xpath","value":"//td[@aria-colindex=\"1\"]/div/div[contains(@class, \"sapMCbBg\")]"}
COMMAND: POST /session/be9a23df4294472c3cbe97a105488dd6/elements - {"using":"xpath","value":"//td[@aria-colindex=\"1\"]/div/div[contains(@class, \"sapMCbBg\")]"}
RESULT: {"using":"xpath","value":"//td[@aria-colindex=\"1\"]/div/div[contains(@class, \"sapMCbBg\")]"}
COMMAND: POST /session/be9a23df4294472c3cbe97a105488dd6/elements - {"using":"xpath","value":"//td[@aria-colindex=\"1\"]/div/div[contains(@class, \"sapMCbBg\")]"}
RESULT: {"using":"xpath","value":"//td[@aria-colindex=\"1\"]/div/div[contains(@class, \"sapMCbBg\")]"}
COMMAND: POST /session/be9a23df4294472c3cbe97a105488dd6/elements - {"using":"xpath","value":"//td[@aria-colindex=\"1\"]/div/div[contains(@class, \"sapMCbBg\")]"}
RESULT: {"using":"xpath","value":"//td[@aria-colindex=\"1\"]/div/div[contains(@class, \"sapMCbBg\")]"}
COMMAND: POST /session/be9a23df4294472c3cbe97a105488dd6/elements - {"using":"xpath","value":"//td[@aria-colindex=\"1\"]/div/div[contains(@class, \"sapMCbBg\")]"}
RESULT: {"using":"xpath","value":"//td[@aria-colindex=\"1\"]/div/div[contains(@class, \"sapMCbBg\")]"}
COMMAND: POST /session/be9a23df4294472c3cbe97a105488dd6/elements - {"using":"xpath","value":"//td[@aria-colindex=\"1\"]/div/div[contains(@class, \"sapMCbBg\")]"}
RESULT: {"using":"xpath","value":"//td[@aria-colindex=\"1\"]/div/div[contains(@class, \"sapMCbBg\")]"}
COMMAND: POST /session/be9a23df4294472c3cbe97a105488dd6/elements - {"using":"xpath","value":"//td[@aria-colindex=\"1\"]/div/div[contains(@class, \"sapMCbBg\")]"}
RESULT: {"using":"xpath","value":"//td[@aria-colindex=\"1\"]/div/div[contains(@class, \"sapMCbBg\")]"}
COMMAND: POST /session/be9a23df4294472c3cbe97a105488dd6/elements - {"using":"xpath","value":"//td[@aria-colindex=\"1\"]/div/div[contains(@class, \"sapMCbBg\")]"}
RESULT: {"using":"xpath","value":"//td[@aria-colindex=\"1\"]/div/div[contains(@class, \"sapMCbBg\")]"}
COMMAND: POST /session/be9a23df4294472c3cbe97a105488dd6/elements - {"using":"xpath","value":"//td[@aria-colindex=\"1\"]/div/div[contains(@class, \"sapMCbBg\")]"}
RESULT: {"using":"xpath","value":"//td[@aria-colindex=\"1\"]/div/div[contains(@class, \"sapMCbBg\")]"}
COMMAND: POST /session/be9a23df4294472c3cbe97a105488dd6/elements - {"using":"xpath","value":"//td[@aria-colindex=\"1\"]/div/div[contains(@class, \"sapMCbBg\")]"}
RESULT: {"using":"xpath","value":"//td[@aria-colindex=\"1\"]/div/div[contains(@class, \"sapMCbBg\")]"}
COMMAND: POST /session/be9a23df4294472c3cbe97a105488dd6/elements - {"using":"xpath","value":"//td[@aria-colindex=\"1\"]/div/div[contains(@class, \"sapMCbBg\")]"}
RESULT: {"using":"xpath","value":"//td[@aria-colindex=\"1\"]/div/div[contains(@class, \"sapMCbBg\")]"}
COMMAND: POST /session/be9a23df4294472c3cbe97a105488dd6/elements - {"using":"xpath","value":"//td[@aria-colindex=\"1\"]/div/div[contains(@class, \"sapMCbBg\")]"}
RESULT: {"using":"xpath","value":"//td[@aria-colindex=\"1\"]/div/div[contains(@class, \"sapMCbBg\")]"}
COMMAND: POST /session/be9a23df4294472c3cbe97a105488dd6/elements - {"using":"xpath","value":"//td[@aria-colindex=\"1\"]/div/div[contains(@class, \"sapMCbBg\")]"}
RESULT: {"using":"xpath","value":"//td[@aria-colindex=\"1\"]/div/div[contains(@class, \"sapMCbBg\")]"}
COMMAND: POST /session/be9a23df4294472c3cbe97a105488dd6/elements - {"using":"xpath","value":"//td[@aria-colindex=\"1\"]/div/div[contains(@class, \"sapMCbBg\")]"}
RESULT: {"using":"xpath","value":"//td[@aria-colindex=\"1\"]/div/div[contains(@class, \"sapMCbBg\")]"}
COMMAND: POST /session/be9a23df4294472c3cbe97a105488dd6/elements - {"using":"xpath","value":"//td[@aria-colindex=\"1\"]/div/div[contains(@class, \"sapMCbBg\")]"}
RESULT: {"using":"xpath","value":"//td[@aria-colindex=\"1\"]/div/div[contains(@class, \"sapMCbBg\")]"}
COMMAND: POST /session/be9a23df4294472c3cbe97a105488dd6/elements - {"using":"xpath","value":"//td[@aria-colindex=\"1\"]/div/div[contains(@class, \"sapMCbBg\")]"}
RESULT: {"using":"xpath","value":"//td[@aria-colindex=\"1\"]/div/div[contains(@class, \"sapMCbBg\")]"}
COMMAND: POST /session/be9a23df4294472c3cbe97a105488dd6/elements - {"using":"xpath","value":"//td[@aria-colindex=\"1\"]/div/div[contains(@class, \"sapMCbBg\")]"}
RESULT: {"using":"xpath","value":"//td[@aria-colindex=\"1\"]/div/div[contains(@class, \"sapMCbBg\")]"}
COMMAND: POST /session/be9a23df4294472c3cbe97a105488dd6/elements - {"using":"xpath","value":"//td[@aria-colindex=\"1\"]/div/div[contains(@class, \"sapMCbBg\")]"}
RESULT: {"using":"xpath","value":"//td[@aria-colindex=\"1\"]/div/div[contains(@class, \"sapMCbBg\")]"}
COMMAND: POST /session/be9a23df4294472c3cbe97a105488dd6/elements - {"using":"xpath","value":"//td[@aria-colindex=\"1\"]/div/div[contains(@class, \"sapMCbBg\")]"}
RESULT: {"using":"xpath","value":"//td[@aria-colindex=\"1\"]/div/div[contains(@class, \"sapMCbBg\")]"}
COMMAND: POST /session/be9a23df4294472c3cbe97a105488dd6/elements - {"using":"xpath","value":"//td[@aria-colindex=\"1\"]/div/div[contains(@class, \"sapMCbBg\")]"}
RESULT: {"using":"xpath","value":"//td[@aria-colindex=\"1\"]/div/div[contains(@class, \"sapMCbBg\")]"}
COMMAND: POST /session/be9a23df4294472c3cbe97a105488dd6/elements - {"using":"xpath","value":"//td[@aria-colindex=\"1\"]/div/div[contains(@class, \"sapMCbBg\")]"}
RESULT: {"using":"xpath","value":"//td[@aria-colindex=\"1\"]/div/div[contains(@class, \"sapMCbBg\")]"}
COMMAND: POST /session/be9a23df4294472c3cbe97a105488dd6/elements - {"using":"xpath","value":"//td[@aria-colindex=\"1\"]/div/div[contains(@class, \"sapMCbBg\")]"}
RESULT: {"using":"xpath","value":"//td[@aria-colindex=\"1\"]/div/div[contains(@class, \"sapMCbBg\")]"}
COMMAND: POST /session/be9a23df4294472c3cbe97a105488dd6/elements - {"using":"xpath","value":"//td[@aria-colindex=\"1\"]/div/div[contains(@class, \"sapMCbBg\")]"}
RESULT: {"using":"xpath","value":"//td[@aria-colindex=\"1\"]/div/div[contains(@class, \"sapMCbBg\")]"}
COMMAND: POST /session/be9a23df4294472c3cbe97a105488dd6/elements - {"using":"xpath","value":"//td[@aria-colindex=\"1\"]/div/div[contains(@class, \"sapMCbBg\")]"}
RESULT: {"using":"xpath","value":"//td[@aria-colindex=\"1\"]/div/div[contains(@class, \"sapMCbBg\")]"}
COMMAND: GET /session/be9a23df4294472c3cbe97a105488dd6/screenshot - {}
RESULT: {}
COMMAND: GET /session/be9a23df4294472c3cbe97a105488dd6/screenshot - {}
COMMAND: POST /session/be9a23df4294472c3cbe97a105488dd6/element - {"using":"css selector","value":"#j_username"}
COMMAND: POST /session/be9a23df4294472c3cbe97a105488dd6/url - {"url":"https://qa-testing-00-live-etm-ui.cfapps.eu10-004.hana.ondemand.com/"}
COMMAND: GET /session/be9a23df4294472c3cbe97a105488dd6/screenshot - {}
RESULT: {}
RESULT: {}
RESULT: {"url":"https://qa-testing-00-live-etm-ui.cfapps.eu10-004.hana.ondemand.com/"}
RESULT: undefined
COMMAND: GET /session/be9a23df4294472c3cbe97a105488dd6/screenshot - {}
RESULT: {"using":"css selector","value":"#j_username"}
COMMAND: POST /session/be9a23df4294472c3cbe97a105488dd6/element - {"using":"css selector","value":"#j_username"}
RESULT: {}
RESULT: {"using":"css selector","value":"#j_username"}
COMMAND: POST /session/be9a23df4294472c3cbe97a105488dd6/element - {"using":"css selector","value":"#shell-header-logo"}
RESULT: {"using":"css selector","value":"#shell-header-logo"}
COMMAND: POST /session/be9a23df4294472c3cbe97a105488dd6/execute/sync - {"script":"<script> [8489 bytes]","args":[{"element-6066-11e4-a52e-4f735466cecf":"f.6CFE3FC8FA908A587831E8FD5FC52521.d.F6B8B0A55E4AAB8C6F9C3442D9A92E42.e.11034","ELEMENT":"f.6CFE3FC8FA908A587831E8FD5FC52521.d.F6B8B0A55E4AAB8C6F9C3442D9A92E42.e.11034"}]}
RESULT: {"script":"<script> [8489 bytes]","args":[{"element-6066-11e4-a52e-4f735466cecf":"f.6CFE3FC8FA908A587831E8FD5FC52521.d.F6B8B0A55E4AAB8C6F9C3442D9A92E42.e.11034","ELEMENT":"f.6CFE3FC8FA908A587831E8FD5FC52521.d.F6B8B0A55E4AAB8C6F9C3442D9A92E42.e.11034"}]}
COMMAND: POST /session/be9a23df4294472c3cbe97a105488dd6/element - {"using":"css selector","value":"#shell-header-logo"}
COMMAND: GET /session/be9a23df4294472c3cbe97a105488dd6/screenshot - {}
RESULT: {"using":"css selector","value":"#shell-header-logo"}
COMMAND: POST /session/be9a23df4294472c3cbe97a105488dd6/execute/sync - {"script":"<script> [8489 bytes]","args":[{"element-6066-11e4-a52e-4f735466cecf":"f.6CFE3FC8FA908A587831E8FD5FC52521.d.F6B8B0A55E4AAB8C6F9C3442D9A92E42.e.11034","ELEMENT":"f.6CFE3FC8FA908A587831E8FD5FC52521.d.F6B8B0A55E4AAB8C6F9C3442D9A92E42.e.11034"}]}
RESULT: {}
RESULT: {"script":"<script> [8489 bytes]","args":[{"element-6066-11e4-a52e-4f735466cecf":"f.6CFE3FC8FA908A587831E8FD5FC52521.d.F6B8B0A55E4AAB8C6F9C3442D9A92E42.e.11034","ELEMENT":"f.6CFE3FC8FA908A587831E8FD5FC52521.d.F6B8B0A55E4AAB8C6F9C3442D9A92E42.e.11034"}]}
COMMAND: POST /session/be9a23df4294472c3cbe97a105488dd6/execute/sync - {"script":"<script> [5351 bytes]","args":[{"element-6066-11e4-a52e-4f735466cecf":"f.6CFE3FC8FA908A587831E8FD5FC52521.d.F6B8B0A55E4AAB8C6F9C3442D9A92E42.e.11034","ELEMENT":"f.6CFE3FC8FA908A587831E8FD5FC52521.d.F6B8B0A55E4AAB8C6F9C3442D9A92E42.e.11034"}]}
COMMAND: GET /session/be9a23df4294472c3cbe97a105488dd6/screenshot - {}
RESULT: {"script":"<script> [5351 bytes]","args":[{"element-6066-11e4-a52e-4f735466cecf":"f.6CFE3FC8FA908A587831E8FD5FC52521.d.F6B8B0A55E4AAB8C6F9C3442D9A92E42.e.11034","ELEMENT":"f.6CFE3FC8FA908A587831E8FD5FC52521.d.F6B8B0A55E4AAB8C6F9C3442D9A92E42.e.11034"}]}
COMMAND: POST /session/be9a23df4294472c3cbe97a105488dd6/element - {"using":"css selector","value":"#shell-header-logo"}
COMMAND: GET /session/be9a23df4294472c3cbe97a105488dd6/screenshot - {}
RESULT: {}
RESULT: {"using":"css selector","value":"#shell-header-logo"}
COMMAND: POST /session/be9a23df4294472c3cbe97a105488dd6/element/f.6CFE3FC8FA908A587831E8FD5FC52521.d.F6B8B0A55E4AAB8C6F9C3442D9A92E42.e.11034/click - {}
RESULT: {}
RESULT: {}
COMMAND: GET /session/be9a23df4294472c3cbe97a105488dd6/screenshot - {}
RESULT: {}
COMMAND: POST /session/be9a23df4294472c3cbe97a105488dd6/execute/async - {"script":"<script> [189 bytes]","args":[]}
RESULT: {"script":"<script> [189 bytes]","args":[]}
COMMAND: POST /session/be9a23df4294472c3cbe97a105488dd6/execute/async - {"script":"<script> [123 bytes]","args":[]}
RESULT: {"script":"<script> [123 bytes]","args":[]}
COMMAND: POST /session/be9a23df4294472c3cbe97a105488dd6/timeouts - {"script":"<number>"}
RESULT: {"script":"<number>"}
COMMAND: GET /session/be9a23df4294472c3cbe97a105488dd6/timeouts - {}
RESULT: {}
RESULT: undefined
COMMAND: POST /session/be9a23df4294472c3cbe97a105488dd6/execute/async - {"script":"<script> [2676 bytes]","args":[]}
RESULT: {"script":"<script> [2676 bytes]","args":[]}
COMMAND: POST /session/be9a23df4294472c3cbe97a105488dd6/execute/async - {"script":"<script> [2342 bytes]","args":[{"protocol":"http","hostname":"0.0.0.0","path":"/","capabilities":{"browserName":"chrome","goog:chromeOptions":{"binary":"C:\\Program Files\\Google\\Chrome\\Application\\chrome.exe","args":["--start-maximized"]}},"logLevel":"warn","connectionRetryTimeout":120000,"connectionRetryCount":3,"logLevels":{},"enableDirectConnect":true,"strictSSL":true,"_":"65 more keys: [\"cacheDir\",\"port\",\"requestedCapabilities\",\"automationProtocol\",\"baseUrl\",\"waitforInterval\",\"waitforTimeout\",\"onReload\",\"beforeCommand\",\"afterCommand\",\"rootDir\",\"specs\",\"suites\",\"exclude\",\"groupLogsByTestSpec\",\"excludeDriverLogs\",\"bail\",\"framework\",\"reporters\",\"services\",\"maxInstances\",\"maxInstancesPerCapability\",\"injectGlobals\",\"filesToWatch\",\"execArgv\",\"runnerEnv\",\"runner\",\"shard\",\"specFileRetries\",\"specFileRetriesDelay\",\"specFileRetriesDeferred\",\"reporterSyncInterval\",\"reporterSyncTimeout\",\"cucumberFeaturesWithLineNumbers\",\"autoCompileOpts\",\"mochaOpts\",\"jasmineOpts\",\"cucumberOpts\",\"onPrepare\",\"onWorkerStart\",\"onWorkerEnd\",\"before\",\"beforeSession\",\"beforeSuite\",\"beforeHook\",\"beforeTest\",\"afterTest\",\"afterHook\",\"afterSuite\",\"afterSession\",\"after\",\"onComplete\",\"beforeAssertion\",\"afterAssertion\",\"beforeFeature\",\"beforeScenario\",\"beforeStep\",\"afterStep\",\"afterScenario\",\"afterFeature\",\"_\",\"suite\",\"$0\",\"ignoredWorkerServices\",\"wdi5\"]"}]}
RESULT: {"script":"<script> [2342 bytes]","args":[{"protocol":"http","hostname":"0.0.0.0","path":"/","capabilities":{"browserName":"chrome","goog:chromeOptions":{"binary":"C:\\Program Files\\Google\\Chrome\\Application\\chrome.exe","args":["--start-maximized"]}},"logLevel":"warn","connectionRetryTimeout":120000,"connectionRetryCount":3,"logLevels":{},"enableDirectConnect":true,"strictSSL":true,"_":"65 more keys: [\"cacheDir\",\"port\",\"requestedCapabilities\",\"automationProtocol\",\"baseUrl\",\"waitforInterval\",\"waitforTimeout\",\"onReload\",\"beforeCommand\",\"afterCommand\",\"rootDir\",\"specs\",\"suites\",\"exclude\",\"groupLogsByTestSpec\",\"excludeDriverLogs\",\"bail\",\"framework\",\"reporters\",\"services\",\"maxInstances\",\"maxInstancesPerCapability\",\"injectGlobals\",\"filesToWatch\",\"execArgv\",\"runnerEnv\",\"runner\",\"shard\",\"specFileRetries\",\"specFileRetriesDelay\",\"specFileRetriesDeferred\",\"reporterSyncInterval\",\"reporterSyncTimeout\",\"cucumberFeaturesWithLineNumbers\",\"autoCompileOpts\",\"mochaOpts\",\"jasmineOpts\",\"cucumberOpts\",\"onPrepare\",\"onWorkerStart\",\"onWorkerEnd\",\"before\",\"beforeSession\",\"beforeSuite\",\"beforeHook\",\"beforeTest\",\"afterTest\",\"afterHook\",\"afterSuite\",\"afterSession\",\"after\",\"onComplete\",\"beforeAssertion\",\"afterAssertion\",\"beforeFeature\",\"beforeScenario\",\"beforeStep\",\"afterStep\",\"afterScenario\",\"afterFeature\",\"_\",\"suite\",\"$0\",\"ignoredWorkerServices\",\"wdi5\"]"}]}
COMMAND: POST /session/be9a23df4294472c3cbe97a105488dd6/execute/async - {"script":"<script> [21126 bytes]","args":[35000]}
RESULT: {"script":"<script> [21126 bytes]","args":[35000]}
COMMAND: POST /session/be9a23df4294472c3cbe97a105488dd6/window/maximize - {}
RESULT: {}
COMMAND: POST /session/be9a23df4294472c3cbe97a105488dd6/execute/async - {"script":"<script> [1562 bytes]","args":[{"selector":{"id":"shell-header","interaction":{"idSuffix":"icon"}},"wdio_ui5_key":"shellheader"}]}
COMMAND: GET /session/be9a23df4294472c3cbe97a105488dd6/screenshot - {}
RESULT: {"script":"<script> [1562 bytes]","args":[{"selector":{"id":"shell-header","interaction":{"idSuffix":"icon"}},"wdio_ui5_key":"shellheader"}]}
RESULT: undefined
COMMAND: POST /session/be9a23df4294472c3cbe97a105488dd6/refresh - {}
RESULT: {}
RESULT: {}
COMMAND: GET /session/be9a23df4294472c3cbe97a105488dd6/screenshot - {}
RESULT: {}
COMMAND: POST /session/be9a23df4294472c3cbe97a105488dd6/refresh - {}
RESULT: {}
COMMAND: GET /session/be9a23df4294472c3cbe97a105488dd6/screenshot - {}
RESULT: {}
COMMAND: POST /session/be9a23df4294472c3cbe97a105488dd6/window/fullscreen - {}
RESULT: {}
COMMAND: POST /session/be9a23df4294472c3cbe97a105488dd6/execute/async - {"script":"<script> [189 bytes]","args":[]}
RESULT: {"script":"<script> [189 bytes]","args":[]}
COMMAND: POST /session/be9a23df4294472c3cbe97a105488dd6/execute/async - {"script":"<script> [123 bytes]","args":[]}
RESULT: {"script":"<script> [123 bytes]","args":[]}
COMMAND: POST /session/be9a23df4294472c3cbe97a105488dd6/timeouts - {"script":"<number>"}
RESULT: {"script":"<number>"}
COMMAND: GET /session/be9a23df4294472c3cbe97a105488dd6/timeouts - {}
RESULT: {}
RESULT: undefined
COMMAND: POST /session/be9a23df4294472c3cbe97a105488dd6/execute/async - {"script":"<script> [2676 bytes]","args":[]}
RESULT: {"script":"<script> [2676 bytes]","args":[]}
COMMAND: POST /session/be9a23df4294472c3cbe97a105488dd6/execute/async - {"script":"<script> [2342 bytes]","args":[{"protocol":"http","hostname":"0.0.0.0","path":"/","capabilities":{"browserName":"chrome","goog:chromeOptions":{"binary":"C:\\Program Files\\Google\\Chrome\\Application\\chrome.exe","args":["--start-maximized"]}},"logLevel":"warn","connectionRetryTimeout":120000,"connectionRetryCount":3,"logLevels":{},"enableDirectConnect":true,"strictSSL":true,"_":"65 more keys: [\"cacheDir\",\"port\",\"requestedCapabilities\",\"automationProtocol\",\"baseUrl\",\"waitforInterval\",\"waitforTimeout\",\"onReload\",\"beforeCommand\",\"afterCommand\",\"rootDir\",\"specs\",\"suites\",\"exclude\",\"groupLogsByTestSpec\",\"excludeDriverLogs\",\"bail\",\"framework\",\"reporters\",\"services\",\"maxInstances\",\"maxInstancesPerCapability\",\"injectGlobals\",\"filesToWatch\",\"execArgv\",\"runnerEnv\",\"runner\",\"shard\",\"specFileRetries\",\"specFileRetriesDelay\",\"specFileRetriesDeferred\",\"reporterSyncInterval\",\"reporterSyncTimeout\",\"cucumberFeaturesWithLineNumbers\",\"autoCompileOpts\",\"mochaOpts\",\"jasmineOpts\",\"cucumberOpts\",\"onPrepare\",\"onWorkerStart\",\"onWorkerEnd\",\"before\",\"beforeSession\",\"beforeSuite\",\"beforeHook\",\"beforeTest\",\"afterTest\",\"afterHook\",\"afterSuite\",\"afterSession\",\"after\",\"onComplete\",\"beforeAssertion\",\"afterAssertion\",\"beforeFeature\",\"beforeScenario\",\"beforeStep\",\"afterStep\",\"afterScenario\",\"afterFeature\",\"_\",\"suite\",\"$0\",\"ignoredWorkerServices\",\"wdi5\"]"}]}
RESULT: {"script":"<script> [2342 bytes]","args":[{"protocol":"http","hostname":"0.0.0.0","path":"/","capabilities":{"browserName":"chrome","goog:chromeOptions":{"binary":"C:\\Program Files\\Google\\Chrome\\Application\\chrome.exe","args":["--start-maximized"]}},"logLevel":"warn","connectionRetryTimeout":120000,"connectionRetryCount":3,"logLevels":{},"enableDirectConnect":true,"strictSSL":true,"_":"65 more keys: [\"cacheDir\",\"port\",\"requestedCapabilities\",\"automationProtocol\",\"baseUrl\",\"waitforInterval\",\"waitforTimeout\",\"onReload\",\"beforeCommand\",\"afterCommand\",\"rootDir\",\"specs\",\"suites\",\"exclude\",\"groupLogsByTestSpec\",\"excludeDriverLogs\",\"bail\",\"framework\",\"reporters\",\"services\",\"maxInstances\",\"maxInstancesPerCapability\",\"injectGlobals\",\"filesToWatch\",\"execArgv\",\"runnerEnv\",\"runner\",\"shard\",\"specFileRetries\",\"specFileRetriesDelay\",\"specFileRetriesDeferred\",\"reporterSyncInterval\",\"reporterSyncTimeout\",\"cucumberFeaturesWithLineNumbers\",\"autoCompileOpts\",\"mochaOpts\",\"jasmineOpts\",\"cucumberOpts\",\"onPrepare\",\"onWorkerStart\",\"onWorkerEnd\",\"before\",\"beforeSession\",\"beforeSuite\",\"beforeHook\",\"beforeTest\",\"afterTest\",\"afterHook\",\"afterSuite\",\"afterSession\",\"after\",\"onComplete\",\"beforeAssertion\",\"afterAssertion\",\"beforeFeature\",\"beforeScenario\",\"beforeStep\",\"afterStep\",\"afterScenario\",\"afterFeature\",\"_\",\"suite\",\"$0\",\"ignoredWorkerServices\",\"wdi5\"]"}]}
COMMAND: POST /session/be9a23df4294472c3cbe97a105488dd6/execute/async - {"script":"<script> [21126 bytes]","args":[35000]}
RESULT: {"script":"<script> [21126 bytes]","args":[35000]}
]]></system-out>
      <system-err><![CDATA[
Error: Can't call click on element with selector "//td[@aria-colindex="1"]/div/div[contains(@class, "sapMCbBg")]" because element wasn't found
    at async UtilsPrerequisites.manageBillingsTriggerCalculation (D:\a\1\s\test\specs\BTS\prerequisites-and-utils-functions.js:2750:9)
    at async Context.<anonymous> (D:\a\1\s\test\specs\BTS\billing-calculation-mixed.spec.js:250:9)
]]></system-err>
    </testcase>
  </testsuite>
  <testsuite timestamp="2025-06-01T17:43:19" time="746.782" tests="13" failures="6" errors="6" skipped="0">
    <properties>
      <property name="specId" value="0"/>
      <property name="suiteName" value="Performance based billing (work days) US139742"/>
      <property name="capabilities" value="chrome.136_0_7103_93.windows"/>
      <property name="file" value="file:///D:/a/1/s/test/specs/BTS/billing-performance-workdays.spec.js"/>
    </properties>
    <testcase classname="chrome.136_0_7103_93.windows.Performance_based_billing_(work_days)_US139742" name="Should create a new yard" time="0.014">
      <system-out><![CDATA[
COMMAND: POST /session/be9a23df4294472c3cbe97a105488dd6/window/fullscreen - {}
RESULT: {}
]]></system-out>
    </testcase>
    <testcase classname="chrome.136_0_7103_93.windows.Performance_based_billing_(work_days)_US139742" name="Should create a new partner" time="0.003"/>
    <testcase classname="chrome.136_0_7103_93.windows.Performance_based_billing_(work_days)_US139742" name="Should create a new site" time="0.01"/>
    <testcase classname="chrome.136_0_7103_93.windows.Performance_based_billing_(work_days)_US139742" name="Should do prerequisite steps add equipment" time="133.211">
      <system-out><![CDATA[
COMMAND: POST /session/be9a23df4294472c3cbe97a105488dd6/execute/async - {"script":"<script> [1562 bytes]","args":[{"selector":{"controlType":"sap.m.GenericTile","properties":{"header":"Manage Resources"}},"wdio_ui5_key":"sapm.GenericTile{\"header\":\"Manage Resources\"}"}]}
RESULT: {"script":"<script> [1562 bytes]","args":[{"selector":{"controlType":"sap.m.GenericTile","properties":{"header":"Manage Resources"}},"wdio_ui5_key":"sapm.GenericTile{\"header\":\"Manage Resources\"}"}]}
RESULT: undefined
COMMAND: POST /session/be9a23df4294472c3cbe97a105488dd6/element - {"using":"xpath","value":"//*[@id=\"__tile39\"]"}
RESULT: {"using":"xpath","value":"//*[@id=\"__tile39\"]"}
COMMAND: POST /session/be9a23df4294472c3cbe97a105488dd6/element/f.6CFE3FC8FA908A587831E8FD5FC52521.d.C3E47E52F32E3C0BFE980885ADAEC6BF.e.11188/click - {}
RESULT: {}
COMMAND: GET /session/be9a23df4294472c3cbe97a105488dd6/screenshot - {}
RESULT: {}
COMMAND: POST /session/be9a23df4294472c3cbe97a105488dd6/elements - {"using":"xpath","value":"//span[text()='Error']"}
RESULT: {"using":"xpath","value":"//span[text()='Error']"}
COMMAND: POST /session/be9a23df4294472c3cbe97a105488dd6/element - {"using":"xpath","value":"//button[@data-kt=\"addNewRUOverflowToolbarButton\"]"}
RESULT: {"using":"xpath","value":"//button[@data-kt=\"addNewRUOverflowToolbarButton\"]"}
COMMAND: POST /session/be9a23df4294472c3cbe97a105488dd6/elements - {"using":"xpath","value":"//button[@data-kt=\"addNewRUOverflowToolbarButton\"]"}
RESULT: {"using":"xpath","value":"//button[@data-kt=\"addNewRUOverflowToolbarButton\"]"}
COMMAND: POST /session/be9a23df4294472c3cbe97a105488dd6/execute/sync - {"script":"<script> [8489 bytes]","args":[{"element-6066-11e4-a52e-4f735466cecf":"f.6CFE3FC8FA908A587831E8FD5FC52521.d.C3E47E52F32E3C0BFE980885ADAEC6BF.e.11319","ELEMENT":"f.6CFE3FC8FA908A587831E8FD5FC52521.d.C3E47E52F32E3C0BFE980885ADAEC6BF.e.11319"}]}
RESULT: {"script":"<script> [8489 bytes]","args":[{"element-6066-11e4-a52e-4f735466cecf":"f.6CFE3FC8FA908A587831E8FD5FC52521.d.C3E47E52F32E3C0BFE980885ADAEC6BF.e.11319","ELEMENT":"f.6CFE3FC8FA908A587831E8FD5FC52521.d.C3E47E52F32E3C0BFE980885ADAEC6BF.e.11319"}]}
COMMAND: GET /session/be9a23df4294472c3cbe97a105488dd6/element/f.6CFE3FC8FA908A587831E8FD5FC52521.d.C3E47E52F32E3C0BFE980885ADAEC6BF.e.11319/enabled - {}
COMMAND: GET /session/be9a23df4294472c3cbe97a105488dd6/screenshot - {}
RESULT: {}
COMMAND: POST /session/be9a23df4294472c3cbe97a105488dd6/execute/sync - {"script":"<script> [8489 bytes]","args":[{"element-6066-11e4-a52e-4f735466cecf":"f.6CFE3FC8FA908A587831E8FD5FC52521.d.C3E47E52F32E3C0BFE980885ADAEC6BF.e.11319","ELEMENT":"f.6CFE3FC8FA908A587831E8FD5FC52521.d.C3E47E52F32E3C0BFE980885ADAEC6BF.e.11319"}]}
COMMAND: GET /session/be9a23df4294472c3cbe97a105488dd6/screenshot - {}
RESULT: {}
RESULT: {"script":"<script> [8489 bytes]","args":[{"element-6066-11e4-a52e-4f735466cecf":"f.6CFE3FC8FA908A587831E8FD5FC52521.d.C3E47E52F32E3C0BFE980885ADAEC6BF.e.11319","ELEMENT":"f.6CFE3FC8FA908A587831E8FD5FC52521.d.C3E47E52F32E3C0BFE980885ADAEC6BF.e.11319"}]}
COMMAND: POST /session/be9a23df4294472c3cbe97a105488dd6/execute/sync - {"script":"<script> [5351 bytes]","args":[{"element-6066-11e4-a52e-4f735466cecf":"f.6CFE3FC8FA908A587831E8FD5FC52521.d.C3E47E52F32E3C0BFE980885ADAEC6BF.e.11319","ELEMENT":"f.6CFE3FC8FA908A587831E8FD5FC52521.d.C3E47E52F32E3C0BFE980885ADAEC6BF.e.11319"}]}
COMMAND: GET /session/be9a23df4294472c3cbe97a105488dd6/screenshot - {}
RESULT: {}
RESULT: {"script":"<script> [5351 bytes]","args":[{"element-6066-11e4-a52e-4f735466cecf":"f.6CFE3FC8FA908A587831E8FD5FC52521.d.C3E47E52F32E3C0BFE980885ADAEC6BF.e.11319","ELEMENT":"f.6CFE3FC8FA908A587831E8FD5FC52521.d.C3E47E52F32E3C0BFE980885ADAEC6BF.e.11319"}]}
COMMAND: POST /session/be9a23df4294472c3cbe97a105488dd6/element/f.6CFE3FC8FA908A587831E8FD5FC52521.d.C3E47E52F32E3C0BFE980885ADAEC6BF.e.11319/click - {}
COMMAND: GET /session/be9a23df4294472c3cbe97a105488dd6/screenshot - {}
RESULT: {}
RESULT: {}
COMMAND: GET /session/be9a23df4294472c3cbe97a105488dd6/screenshot - {}
RESULT: {}
RESULT: {}
COMMAND: POST /session/be9a23df4294472c3cbe97a105488dd6/execute/async - {"script":"<script> [1562 bytes]","args":[{"selector":{"id":"application-manageresources-display-component---newResourceUnit--TYPE-arrow"},"wdio_ui5_key":"applicationmanageresources-display-component---newResourceUnit--TYPE-arrow"}]}
RESULT: {"script":"<script> [1562 bytes]","args":[{"selector":{"id":"application-manageresources-display-component---newResourceUnit--TYPE-arrow"},"wdio_ui5_key":"applicationmanageresources-display-component---newResourceUnit--TYPE-arrow"}]}
RESULT: undefined
COMMAND: POST /session/be9a23df4294472c3cbe97a105488dd6/element - {"using":"xpath","value":"//*[@id=\"application-manageresources-display-component---newResourceUnit--TYPE-arrow\"]"}
RESULT: {"using":"xpath","value":"//*[@id=\"application-manageresources-display-component---newResourceUnit--TYPE-arrow\"]"}
COMMAND: POST /session/be9a23df4294472c3cbe97a105488dd6/element/f.6CFE3FC8FA908A587831E8FD5FC52521.d.C3E47E52F32E3C0BFE980885ADAEC6BF.e.11688/click - {}
RESULT: {}
COMMAND: POST /session/be9a23df4294472c3cbe97a105488dd6/element - {"using":"xpath","value":"//input[@id=\"application-manageresources-display-component---newResourceUnit--TYPE-inner\"]"}
COMMAND: GET /session/be9a23df4294472c3cbe97a105488dd6/screenshot - {}
RESULT: {"using":"xpath","value":"//input[@id=\"application-manageresources-display-component---newResourceUnit--TYPE-inner\"]"}
COMMAND: POST /session/be9a23df4294472c3cbe97a105488dd6/element/f.6CFE3FC8FA908A587831E8FD5FC52521.d.C3E47E52F32E3C0BFE980885ADAEC6BF.e.11669/clear - {}
RESULT: {}
RESULT: {}
COMMAND: POST /session/be9a23df4294472c3cbe97a105488dd6/element/f.6CFE3FC8FA908A587831E8FD5FC52521.d.C3E47E52F32E3C0BFE980885ADAEC6BF.e.11669/value - {"text":"Equipment"}
COMMAND: GET /session/be9a23df4294472c3cbe97a105488dd6/screenshot - {}
RESULT: {"text":"Equipment"}
COMMAND: GET /session/be9a23df4294472c3cbe97a105488dd6/screenshot - {}
RESULT: {}
RESULT: {}
COMMAND: POST /session/be9a23df4294472c3cbe97a105488dd6/actions - {"actions":[{"id":"action45","type":"key","parameters":{},"actions":[{"type":"keyDown","value":""},{"type":"pause","duration":10},{"type":"keyUp","value":""}]}]}
RESULT: {"actions":[{"id":"action45","type":"key","parameters":{},"actions":[{"type":"keyDown","value":""},{"type":"pause","duration":10},{"type":"keyUp","value":""}]}]}
COMMAND: POST /session/be9a23df4294472c3cbe97a105488dd6/execute/async - {"script":"<script> [1562 bytes]","args":[{"selector":{"id":"application-manageresources-display-component---newResourceUnit--resourceId","interaction":{"idSuffix":"inner"}},"wdio_ui5_key":"applicationmanageresources-display-component---newResourceUnit--resourceId"}]}
COMMAND: GET /session/be9a23df4294472c3cbe97a105488dd6/screenshot - {}
RESULT: {"script":"<script> [1562 bytes]","args":[{"selector":{"id":"application-manageresources-display-component---newResourceUnit--resourceId","interaction":{"idSuffix":"inner"}},"wdio_ui5_key":"applicationmanageresources-display-component---newResourceUnit--resourceId"}]}
RESULT: undefined
COMMAND: POST /session/be9a23df4294472c3cbe97a105488dd6/execute/async - {"script":"<script> [776 bytes]","args":[{"enterText":"lEagZb37xx","selector":{"id":"application-manageresources-display-component---newResourceUnit--resourceId","interaction":{"idSuffix":"inner"}},"clearTextFirst":true,"interactionType":"ENTER_TEXT"}]}
RESULT: {}
RESULT: {"script":"<script> [776 bytes]","args":[{"enterText":"lEagZb37xx","selector":{"id":"application-manageresources-display-component---newResourceUnit--resourceId","interaction":{"idSuffix":"inner"}},"clearTextFirst":true,"interactionType":"ENTER_TEXT"}]}
COMMAND: POST /session/be9a23df4294472c3cbe97a105488dd6/execute/async - {"script":"<script> [1562 bytes]","args":[{"selector":{"id":"application-manageresources-display-component---newResourceUnit--SHORT_TEXT","interaction":{"idSuffix":"inner"}},"wdio_ui5_key":"applicationmanageresources-display-component---newResourceUnit--SHORT_TEXT"}]}
RESULT: {"script":"<script> [1562 bytes]","args":[{"selector":{"id":"application-manageresources-display-component---newResourceUnit--SHORT_TEXT","interaction":{"idSuffix":"inner"}},"wdio_ui5_key":"applicationmanageresources-display-component---newResourceUnit--SHORT_TEXT"}]}
RESULT: undefined
COMMAND: POST /session/be9a23df4294472c3cbe97a105488dd6/execute/async - {"script":"<script> [776 bytes]","args":[{"enterText":"Intercompany Equipment WDIO","selector":{"id":"application-manageresources-display-component---newResourceUnit--SHORT_TEXT","interaction":{"idSuffix":"inner"}},"clearTextFirst":true,"interactionType":"ENTER_TEXT"}]}
RESULT: {"script":"<script> [776 bytes]","args":[{"enterText":"Intercompany Equipment WDIO","selector":{"id":"application-manageresources-display-component---newResourceUnit--SHORT_TEXT","interaction":{"idSuffix":"inner"}},"clearTextFirst":true,"interactionType":"ENTER_TEXT"}]}
COMMAND: POST /session/be9a23df4294472c3cbe97a105488dd6/execute/async - {"script":"<script> [1562 bytes]","args":[{"selector":{"id":"application-manageresources-display-component---newResourceUnit--BASE_UNIT_OF_MEASURE","interaction":{"idSuffix":"inner"}},"wdio_ui5_key":"applicationmanageresources-display-component---newResourceUnit--BASE_UNIT_OF_MEASURE"}]}
RESULT: {"script":"<script> [1562 bytes]","args":[{"selector":{"id":"application-manageresources-display-component---newResourceUnit--BASE_UNIT_OF_MEASURE","interaction":{"idSuffix":"inner"}},"wdio_ui5_key":"applicationmanageresources-display-component---newResourceUnit--BASE_UNIT_OF_MEASURE"}]}
RESULT: undefined
COMMAND: POST /session/be9a23df4294472c3cbe97a105488dd6/execute/async - {"script":"<script> [776 bytes]","args":[{"enterText":"Piece","selector":{"id":"application-manageresources-display-component---newResourceUnit--BASE_UNIT_OF_MEASURE","interaction":{"idSuffix":"inner"}},"clearTextFirst":true,"interactionType":"ENTER_TEXT"}]}
RESULT: {"script":"<script> [776 bytes]","args":[{"enterText":"Piece","selector":{"id":"application-manageresources-display-component---newResourceUnit--BASE_UNIT_OF_MEASURE","interaction":{"idSuffix":"inner"}},"clearTextFirst":true,"interactionType":"ENTER_TEXT"}]}
COMMAND: POST /session/be9a23df4294472c3cbe97a105488dd6/execute/async - {"script":"<script> [1562 bytes]","args":[{"selector":{"id":"application-manageresources-display-component---newResourceUnit--WEIGHT_UNIT","interaction":{"idSuffix":"inner"}},"wdio_ui5_key":"applicationmanageresources-display-component---newResourceUnit--WEIGHT_UNIT"}]}
RESULT: {"script":"<script> [1562 bytes]","args":[{"selector":{"id":"application-manageresources-display-component---newResourceUnit--WEIGHT_UNIT","interaction":{"idSuffix":"inner"}},"wdio_ui5_key":"applicationmanageresources-display-component---newResourceUnit--WEIGHT_UNIT"}]}
RESULT: undefined
COMMAND: POST /session/be9a23df4294472c3cbe97a105488dd6/execute/async - {"script":"<script> [776 bytes]","args":[{"enterText":"Gram","selector":{"id":"application-manageresources-display-component---newResourceUnit--WEIGHT_UNIT","interaction":{"idSuffix":"inner"}},"clearTextFirst":true,"interactionType":"ENTER_TEXT"}]}
RESULT: {"script":"<script> [776 bytes]","args":[{"enterText":"Gram","selector":{"id":"application-manageresources-display-component---newResourceUnit--WEIGHT_UNIT","interaction":{"idSuffix":"inner"}},"clearTextFirst":true,"interactionType":"ENTER_TEXT"}]}
COMMAND: POST /session/be9a23df4294472c3cbe97a105488dd6/execute/async - {"script":"<script> [1562 bytes]","args":[{"selector":{"id":"application-manageresources-display-component---newResourceUnit--DIMENSION_UNIT","interaction":{"idSuffix":"inner"}},"wdio_ui5_key":"applicationmanageresources-display-component---newResourceUnit--DIMENSION_UNIT"}]}
RESULT: {"script":"<script> [1562 bytes]","args":[{"selector":{"id":"application-manageresources-display-component---newResourceUnit--DIMENSION_UNIT","interaction":{"idSuffix":"inner"}},"wdio_ui5_key":"applicationmanageresources-display-component---newResourceUnit--DIMENSION_UNIT"}]}
RESULT: undefined
COMMAND: POST /session/be9a23df4294472c3cbe97a105488dd6/execute/async - {"script":"<script> [776 bytes]","args":[{"enterText":"Meter","selector":{"id":"application-manageresources-display-component---newResourceUnit--DIMENSION_UNIT","interaction":{"idSuffix":"inner"}},"clearTextFirst":true,"interactionType":"ENTER_TEXT"}]}
RESULT: {"script":"<script> [776 bytes]","args":[{"enterText":"Meter","selector":{"id":"application-manageresources-display-component---newResourceUnit--DIMENSION_UNIT","interaction":{"idSuffix":"inner"}},"clearTextFirst":true,"interactionType":"ENTER_TEXT"}]}
COMMAND: POST /session/be9a23df4294472c3cbe97a105488dd6/execute/async - {"script":"<script> [1562 bytes]","args":[{"selector":{"id":"application-manageresources-display-component---newResourceUnit--newRRUPage-anchBar-application-manageresources-display-component---newResourceUnit--control-anchor","interaction":{"idSuffix":"BDI-content"}},"wdio_ui5_key":"applicationmanageresources-display-component---newResourceUnit--newRRUPage-anchBar-application-manageresources-display-component---newResourceUnit--control-anchor"}]}
RESULT: {"script":"<script> [1562 bytes]","args":[{"selector":{"id":"application-manageresources-display-component---newResourceUnit--newRRUPage-anchBar-application-manageresources-display-component---newResourceUnit--control-anchor","interaction":{"idSuffix":"BDI-content"}},"wdio_ui5_key":"applicationmanageresources-display-component---newResourceUnit--newRRUPage-anchBar-application-manageresources-display-component---newResourceUnit--control-anchor"}]}
RESULT: undefined
COMMAND: POST /session/be9a23df4294472c3cbe97a105488dd6/element - {"using":"xpath","value":"//*[@id=\"application-manageresources-display-component---newResourceUnit--newRRUPage-anchBar-application-manageresources-display-component---newResourceUnit--control-anchor\"]"}
RESULT: {"using":"xpath","value":"//*[@id=\"application-manageresources-display-component---newResourceUnit--newRRUPage-anchBar-application-manageresources-display-component---newResourceUnit--control-anchor\"]"}
COMMAND: POST /session/be9a23df4294472c3cbe97a105488dd6/element/f.6CFE3FC8FA908A587831E8FD5FC52521.d.C3E47E52F32E3C0BFE980885ADAEC6BF.e.11848/click - {}
RESULT: {}
COMMAND: POST /session/be9a23df4294472c3cbe97a105488dd6/execute/async - {"script":"<script> [1562 bytes]","args":[{"selector":{"id":"application-manageresources-display-component---newResourceUnit--PLANNING_GROUP","interaction":{"idSuffix":"inner"}},"wdio_ui5_key":"applicationmanageresources-display-component---newResourceUnit--PLANNING_GROUP"}]}
COMMAND: GET /session/be9a23df4294472c3cbe97a105488dd6/screenshot - {}
RESULT: {"script":"<script> [1562 bytes]","args":[{"selector":{"id":"application-manageresources-display-component---newResourceUnit--PLANNING_GROUP","interaction":{"idSuffix":"inner"}},"wdio_ui5_key":"applicationmanageresources-display-component---newResourceUnit--PLANNING_GROUP"}]}
RESULT: undefined
COMMAND: POST /session/be9a23df4294472c3cbe97a105488dd6/execute/async - {"script":"<script> [776 bytes]","args":[{"enterText":"Heavy Equi","selector":{"id":"application-manageresources-display-component---newResourceUnit--PLANNING_GROUP","interaction":{"idSuffix":"inner"}},"clearTextFirst":true,"interactionType":"ENTER_TEXT"}]}
RESULT: {}
RESULT: {"script":"<script> [776 bytes]","args":[{"enterText":"Heavy Equi","selector":{"id":"application-manageresources-display-component---newResourceUnit--PLANNING_GROUP","interaction":{"idSuffix":"inner"}},"clearTextFirst":true,"interactionType":"ENTER_TEXT"}]}
COMMAND: POST /session/be9a23df4294472c3cbe97a105488dd6/execute/async - {"script":"<script> [1562 bytes]","args":[{"selector":{"id":"application-manageresources-display-component---newResourceUnit--ITEM_TYPE-arrow"},"wdio_ui5_key":"applicationmanageresources-display-component---newResourceUnit--ITEM_TYPE-arrow"}]}
RESULT: {"script":"<script> [1562 bytes]","args":[{"selector":{"id":"application-manageresources-display-component---newResourceUnit--ITEM_TYPE-arrow"},"wdio_ui5_key":"applicationmanageresources-display-component---newResourceUnit--ITEM_TYPE-arrow"}]}
RESULT: undefined
COMMAND: POST /session/be9a23df4294472c3cbe97a105488dd6/element - {"using":"xpath","value":"//*[@id=\"application-manageresources-display-component---newResourceUnit--ITEM_TYPE-arrow\"]"}
RESULT: {"using":"xpath","value":"//*[@id=\"application-manageresources-display-component---newResourceUnit--ITEM_TYPE-arrow\"]"}
COMMAND: POST /session/be9a23df4294472c3cbe97a105488dd6/element/f.6CFE3FC8FA908A587831E8FD5FC52521.d.C3E47E52F32E3C0BFE980885ADAEC6BF.e.11857/click - {}
RESULT: {}
COMMAND: POST /session/be9a23df4294472c3cbe97a105488dd6/element - {"using":"xpath","value":"//ul[contains(@id,\"ITEM_TYPE-popup-list-listUl\")]//li[.//span[contains(text(),\"Resource Unit\")]]"}
COMMAND: GET /session/be9a23df4294472c3cbe97a105488dd6/screenshot - {}
RESULT: {"using":"xpath","value":"//ul[contains(@id,\"ITEM_TYPE-popup-list-listUl\")]//li[.//span[contains(text(),\"Resource Unit\")]]"}
COMMAND: POST /session/be9a23df4294472c3cbe97a105488dd6/element/f.6CFE3FC8FA908A587831E8FD5FC52521.d.C3E47E52F32E3C0BFE980885ADAEC6BF.e.11858/click - {}
RESULT: {}
RESULT: {}
COMMAND: GET /session/be9a23df4294472c3cbe97a105488dd6/screenshot - {}
RESULT: {}
COMMAND: POST /session/be9a23df4294472c3cbe97a105488dd6/element - {"using":"css selector","value":"#application-manageresources-display-component---newResourceUnit--btnAddTimeSegment"}
RESULT: {"using":"css selector","value":"#application-manageresources-display-component---newResourceUnit--btnAddTimeSegment"}
COMMAND: GET /session/be9a23df4294472c3cbe97a105488dd6/element/f.6CFE3FC8FA908A587831E8FD5FC52521.d.C3E47E52F32E3C0BFE980885ADAEC6BF.e.11865/rect - {}
RESULT: {}
COMMAND: GET /session/be9a23df4294472c3cbe97a105488dd6/window/rect - {}
RESULT: {}
COMMAND: POST /session/be9a23df4294472c3cbe97a105488dd6/execute/sync - {"script":"<script> [92 bytes]","args":[]}
RESULT: {"script":"<script> [92 bytes]","args":[]}
COMMAND: POST /session/be9a23df4294472c3cbe97a105488dd6/actions - {"actions":[{"id":"action46","type":"wheel","parameters":{},"actions":[{"type":"scroll","x":-1888,"y":-32,"deltaX":0,"deltaY":0,"duration":0,"origin":{"element-6066-11e4-a52e-4f735466cecf":"f.6CFE3FC8FA908A587831E8FD5FC52521.d.C3E47E52F32E3C0BFE980885ADAEC6BF.e.11865"}}]}]}
COMMAND: GET /session/be9a23df4294472c3cbe97a105488dd6/screenshot - {}
RESULT: {}
COMMAND: POST /session/be9a23df4294472c3cbe97a105488dd6/execute/sync - {"script":"<script> [79 bytes]","args":[{"element-6066-11e4-a52e-4f735466cecf":"f.6CFE3FC8FA908A587831E8FD5FC52521.d.C3E47E52F32E3C0BFE980885ADAEC6BF.e.11865","ELEMENT":"f.6CFE3FC8FA908A587831E8FD5FC52521.d.C3E47E52F32E3C0BFE980885ADAEC6BF.e.11865"},{"block":"start","inline":"nearest"}]}
RESULT: {"script":"<script> [79 bytes]","args":[{"element-6066-11e4-a52e-4f735466cecf":"f.6CFE3FC8FA908A587831E8FD5FC52521.d.C3E47E52F32E3C0BFE980885ADAEC6BF.e.11865","ELEMENT":"f.6CFE3FC8FA908A587831E8FD5FC52521.d.C3E47E52F32E3C0BFE980885ADAEC6BF.e.11865"},{"block":"start","inline":"nearest"}]}
COMMAND: POST /session/be9a23df4294472c3cbe97a105488dd6/execute/async - {"script":"<script> [1562 bytes]","args":[{"selector":{"id":"application-manageresources-display-component---newResourceUnit--btnAddTimeSegment","interaction":{"idSuffix":"inner"}},"wdio_ui5_key":"applicationmanageresources-display-component---newResourceUnit--btnAddTimeSegment"}]}
COMMAND: GET /session/be9a23df4294472c3cbe97a105488dd6/screenshot - {}
RESULT: {"script":"<script> [1562 bytes]","args":[{"selector":{"id":"application-manageresources-display-component---newResourceUnit--btnAddTimeSegment","interaction":{"idSuffix":"inner"}},"wdio_ui5_key":"applicationmanageresources-display-component---newResourceUnit--btnAddTimeSegment"}]}
RESULT: undefined
COMMAND: POST /session/be9a23df4294472c3cbe97a105488dd6/element - {"using":"xpath","value":"//*[@id=\"application-manageresources-display-component---newResourceUnit--btnAddTimeSegment\"]"}
RESULT: {}
RESULT: {"using":"xpath","value":"//*[@id=\"application-manageresources-display-component---newResourceUnit--btnAddTimeSegment\"]"}
COMMAND: POST /session/be9a23df4294472c3cbe97a105488dd6/element/f.6CFE3FC8FA908A587831E8FD5FC52521.d.C3E47E52F32E3C0BFE980885ADAEC6BF.e.11865/click - {}
RESULT: {}
COMMAND: GET /session/be9a23df4294472c3cbe97a105488dd6/screenshot - {}
RESULT: {}
COMMAND: POST /session/be9a23df4294472c3cbe97a105488dd6/element - {"using":"xpath","value":"//input[@id=\"application-manageresources-display-component---newResourceUnit--idRuTSAdmin-application-manageresources-display-component---newResourceUnit--RUTimeSegment-0-inner\"]"}
RESULT: {"using":"xpath","value":"//input[@id=\"application-manageresources-display-component---newResourceUnit--idRuTSAdmin-application-manageresources-display-component---newResourceUnit--RUTimeSegment-0-inner\"]"}
COMMAND: POST /session/be9a23df4294472c3cbe97a105488dd6/element/f.6CFE3FC8FA908A587831E8FD5FC52521.d.C3E47E52F32E3C0BFE980885ADAEC6BF.e.11871/clear - {}
RESULT: {}
COMMAND: POST /session/be9a23df4294472c3cbe97a105488dd6/element/f.6CFE3FC8FA908A587831E8FD5FC52521.d.C3E47E52F32E3C0BFE980885ADAEC6BF.e.11871/value - {"text":"556"}
COMMAND: GET /session/be9a23df4294472c3cbe97a105488dd6/screenshot - {}
RESULT: {"text":"556"}
COMMAND: GET /session/be9a23df4294472c3cbe97a105488dd6/screenshot - {}
RESULT: {}
RESULT: {}
COMMAND: POST /session/be9a23df4294472c3cbe97a105488dd6/element - {"using":"xpath","value":"//li[.//span[text()='556']]"}
RESULT: {"using":"xpath","value":"//li[.//span[text()='556']]"}
COMMAND: POST /session/be9a23df4294472c3cbe97a105488dd6/element/f.6CFE3FC8FA908A587831E8FD5FC52521.d.C3E47E52F32E3C0BFE980885ADAEC6BF.e.11883/click - {}
RESULT: {}
COMMAND: GET /session/be9a23df4294472c3cbe97a105488dd6/screenshot - {}
RESULT: {}
COMMAND: POST /session/be9a23df4294472c3cbe97a105488dd6/element - {"using":"xpath","value":"(//span[contains(@id, \"-application-manageresources-display-component---newResourceUnit--RUTimeSegment-0-arrow\")])[6]"}
RESULT: {"using":"xpath","value":"(//span[contains(@id, \"-application-manageresources-display-component---newResourceUnit--RUTimeSegment-0-arrow\")])[6]"}
COMMAND: POST /session/be9a23df4294472c3cbe97a105488dd6/element/f.6CFE3FC8FA908A587831E8FD5FC52521.d.C3E47E52F32E3C0BFE980885ADAEC6BF.e.11884/click - {}
RESULT: {}
COMMAND: GET /session/be9a23df4294472c3cbe97a105488dd6/screenshot - {}
RESULT: {}
COMMAND: POST /session/be9a23df4294472c3cbe97a105488dd6/element - {"using":"xpath","value":"//span[contains(text(), \"PM Order\")]"}
RESULT: {"using":"xpath","value":"//span[contains(text(), \"PM Order\")]"}
COMMAND: POST /session/be9a23df4294472c3cbe97a105488dd6/element/f.6CFE3FC8FA908A587831E8FD5FC52521.d.C3E47E52F32E3C0BFE980885ADAEC6BF.e.11887/click - {}
RESULT: {}
COMMAND: GET /session/be9a23df4294472c3cbe97a105488dd6/screenshot - {}
RESULT: {}
COMMAND: POST /session/be9a23df4294472c3cbe97a105488dd6/element - {"using":"xpath","value":"(//span[contains(@id ,\"manageresources-display-component---newResourceUnit--RUTimeSegment-0-vhi\")])[1]"}
RESULT: {"using":"xpath","value":"(//span[contains(@id ,\"manageresources-display-component---newResourceUnit--RUTimeSegment-0-vhi\")])[1]"}
COMMAND: GET /session/be9a23df4294472c3cbe97a105488dd6/element/f.6CFE3FC8FA908A587831E8FD5FC52521.d.C3E47E52F32E3C0BFE980885ADAEC6BF.e.11891/rect - {}
RESULT: {}
COMMAND: GET /session/be9a23df4294472c3cbe97a105488dd6/window/rect - {}
RESULT: {}
COMMAND: POST /session/be9a23df4294472c3cbe97a105488dd6/execute/sync - {"script":"<script> [92 bytes]","args":[]}
RESULT: {"script":"<script> [92 bytes]","args":[]}
COMMAND: POST /session/be9a23df4294472c3cbe97a105488dd6/actions - {"actions":[{"id":"action47","type":"wheel","parameters":{},"actions":[{"type":"scroll","x":-869,"y":-24,"deltaX":0,"deltaY":0,"duration":0,"origin":{"element-6066-11e4-a52e-4f735466cecf":"f.6CFE3FC8FA908A587831E8FD5FC52521.d.C3E47E52F32E3C0BFE980885ADAEC6BF.e.11891"}}]}]}
COMMAND: GET /session/be9a23df4294472c3cbe97a105488dd6/screenshot - {}
RESULT: {"actions":[{"id":"action47","type":"wheel","parameters":{},"actions":[{"type":"scroll","x":-869,"y":-24,"deltaX":0,"deltaY":0,"duration":0,"origin":{"element-6066-11e4-a52e-4f735466cecf":"f.6CFE3FC8FA908A587831E8FD5FC52521.d.C3E47E52F32E3C0BFE980885ADAEC6BF.e.11891"}}]}]}
COMMAND: DELETE /session/be9a23df4294472c3cbe97a105488dd6/actions - {}
COMMAND: GET /session/be9a23df4294472c3cbe97a105488dd6/screenshot - {}
RESULT: {}
RESULT: {}
COMMAND: GET /session/be9a23df4294472c3cbe97a105488dd6/screenshot - {}
RESULT: {}
RESULT: {}
COMMAND: POST /session/be9a23df4294472c3cbe97a105488dd6/element/f.6CFE3FC8FA908A587831E8FD5FC52521.d.C3E47E52F32E3C0BFE980885ADAEC6BF.e.11891/click - {}
RESULT: {}
COMMAND: GET /session/be9a23df4294472c3cbe97a105488dd6/screenshot - {}
RESULT: {}
COMMAND: POST /session/be9a23df4294472c3cbe97a105488dd6/execute/async - {"script":"<script> [1562 bytes]","args":[{"selector":{"controlType":"sap.m.SearchField","properties":{"placeholder":"Search"},"searchOpenDialogs":true,"interaction":{"idSuffix":"I"}},"wdio_ui5_key":"sapm.SearchField{\"placeholder\":\"Search\"}"}]}
RESULT: {"script":"<script> [1562 bytes]","args":[{"selector":{"controlType":"sap.m.SearchField","properties":{"placeholder":"Search"},"searchOpenDialogs":true,"interaction":{"idSuffix":"I"}},"wdio_ui5_key":"sapm.SearchField{\"placeholder\":\"Search\"}"}]}
RESULT: undefined
COMMAND: POST /session/be9a23df4294472c3cbe97a105488dd6/execute/async - {"script":"<script> [776 bytes]","args":[{"enterText":"4000360","selector":{"controlType":"sap.m.SearchField","properties":{"placeholder":"Search"},"searchOpenDialogs":true,"interaction":{"idSuffix":"I"}},"clearTextFirst":true,"interactionType":"ENTER_TEXT"}]}
RESULT: {"script":"<script> [776 bytes]","args":[{"enterText":"4000360","selector":{"controlType":"sap.m.SearchField","properties":{"placeholder":"Search"},"searchOpenDialogs":true,"interaction":{"idSuffix":"I"}},"clearTextFirst":true,"interactionType":"ENTER_TEXT"}]}
COMMAND: POST /session/be9a23df4294472c3cbe97a105488dd6/actions - {"actions":[{"id":"action48","type":"key","parameters":{},"actions":[{"type":"keyDown","value":""},{"type":"pause","duration":10},{"type":"keyUp","value":""}]}]}
RESULT: {"actions":[{"id":"action48","type":"key","parameters":{},"actions":[{"type":"keyDown","value":""},{"type":"pause","duration":10},{"type":"keyUp","value":""}]}]}
COMMAND: GET /session/be9a23df4294472c3cbe97a105488dd6/screenshot - {}
RESULT: {}
COMMAND: POST /session/be9a23df4294472c3cbe97a105488dd6/element - {"using":"xpath","value":"//td/div/span[contains(text(), \"BGL Vehicles\")]"}
RESULT: {"using":"xpath","value":"//td/div/span[contains(text(), \"BGL Vehicles\")]"}
COMMAND: POST /session/be9a23df4294472c3cbe97a105488dd6/element/f.6CFE3FC8FA908A587831E8FD5FC52521.d.C3E47E52F32E3C0BFE980885ADAEC6BF.e.11914/click - {}
RESULT: {}
COMMAND: GET /session/be9a23df4294472c3cbe97a105488dd6/screenshot - {}
RESULT: {}
COMMAND: POST /session/be9a23df4294472c3cbe97a105488dd6/element - {"using":"xpath","value":"//bdi[contains(text(), \"OK\")]"}
RESULT: {"using":"xpath","value":"//bdi[contains(text(), \"OK\")]"}
COMMAND: POST /session/be9a23df4294472c3cbe97a105488dd6/element/f.6CFE3FC8FA908A587831E8FD5FC52521.d.C3E47E52F32E3C0BFE980885ADAEC6BF.e.11915/click - {}
RESULT: {}
COMMAND: GET /session/be9a23df4294472c3cbe97a105488dd6/screenshot - {}
RESULT: {}
COMMAND: POST /session/be9a23df4294472c3cbe97a105488dd6/execute/async - {"script":"<script> [1562 bytes]","args":[{"selector":{"id":"application-manageresources-display-component---newResourceUnit--newRRUPage-anchBar-application-manageresources-display-component---newResourceUnit--resource-anchor","interaction":{"idSuffix":"BDI-content"}},"wdio_ui5_key":"applicationmanageresources-display-component---newResourceUnit--newRRUPage-anchBar-application-manageresources-display-component---newResourceUnit--resource-anchor"}]}
RESULT: {"script":"<script> [1562 bytes]","args":[{"selector":{"id":"application-manageresources-display-component---newResourceUnit--newRRUPage-anchBar-application-manageresources-display-component---newResourceUnit--resource-anchor","interaction":{"idSuffix":"BDI-content"}},"wdio_ui5_key":"applicationmanageresources-display-component---newResourceUnit--newRRUPage-anchBar-application-manageresources-display-component---newResourceUnit--resource-anchor"}]}
RESULT: undefined
COMMAND: POST /session/be9a23df4294472c3cbe97a105488dd6/element - {"using":"xpath","value":"//*[@id=\"application-manageresources-display-component---newResourceUnit--newRRUPage-anchBar-application-manageresources-display-component---newResourceUnit--resource-anchor\"]"}
RESULT: {"using":"xpath","value":"//*[@id=\"application-manageresources-display-component---newResourceUnit--newRRUPage-anchBar-application-manageresources-display-component---newResourceUnit--resource-anchor\"]"}
COMMAND: POST /session/be9a23df4294472c3cbe97a105488dd6/element/f.6CFE3FC8FA908A587831E8FD5FC52521.d.C3E47E52F32E3C0BFE980885ADAEC6BF.e.11919/click - {}
RESULT: {}
COMMAND: POST /session/be9a23df4294472c3cbe97a105488dd6/execute/async - {"script":"<script> [1562 bytes]","args":[{"selector":{"id":"application-manageresources-display-component---newResourceUnit--PLANNED_DELIVERY_DATE","interaction":{"idSuffix":"inner"}},"wdio_ui5_key":"applicationmanageresources-display-component---newResourceUnit--PLANNED_DELIVERY_DATE"}]}
COMMAND: GET /session/be9a23df4294472c3cbe97a105488dd6/screenshot - {}
RESULT: {"script":"<script> [1562 bytes]","args":[{"selector":{"id":"application-manageresources-display-component---newResourceUnit--PLANNED_DELIVERY_DATE","interaction":{"idSuffix":"inner"}},"wdio_ui5_key":"applicationmanageresources-display-component---newResourceUnit--PLANNED_DELIVERY_DATE"}]}
RESULT: undefined
COMMAND: POST /session/be9a23df4294472c3cbe97a105488dd6/execute/async - {"script":"<script> [6424 bytes]","args":[{"element-6066-11e4-a52e-4f735466cecf":"f.6CFE3FC8FA908A587831E8FD5FC52521.d.C3E47E52F32E3C0BFE980885ADAEC6BF.e.11746"},"setValue",["6/1/25"]]}
RESULT: {}
RESULT: {"script":"<script> [6424 bytes]","args":[{"element-6066-11e4-a52e-4f735466cecf":"f.6CFE3FC8FA908A587831E8FD5FC52521.d.C3E47E52F32E3C0BFE980885ADAEC6BF.e.11746"},"setValue",["6/1/25"]]}
COMMAND: POST /session/be9a23df4294472c3cbe97a105488dd6/element - {"using":"xpath","value":"//label[contains(@class, 'sapMLabelRequired') and .//bdi[contains(text(), 'Planned Retirement')]]"}
RESULT: {"using":"xpath","value":"//label[contains(@class, 'sapMLabelRequired') and .//bdi[contains(text(), 'Planned Retirement')]]"}
COMMAND: POST /session/be9a23df4294472c3cbe97a105488dd6/elements - {"using":"xpath","value":"//label[contains(@class, 'sapMLabelRequired') and .//bdi[contains(text(), 'Planned Retirement')]]"}
RESULT: {"using":"xpath","value":"//label[contains(@class, 'sapMLabelRequired') and .//bdi[contains(text(), 'Planned Retirement')]]"}
COMMAND: POST /session/be9a23df4294472c3cbe97a105488dd6/element - {"using":"xpath","value":"//button[@data-kt=\"resourceUnitSaveButton\"]"}
RESULT: {"using":"xpath","value":"//button[@data-kt=\"resourceUnitSaveButton\"]"}
COMMAND: POST /session/be9a23df4294472c3cbe97a105488dd6/element/f.6CFE3FC8FA908A587831E8FD5FC52521.d.C3E47E52F32E3C0BFE980885ADAEC6BF.e.11706/click - {}
RESULT: {}
COMMAND: GET /session/be9a23df4294472c3cbe97a105488dd6/screenshot - {}
RESULT: {}
COMMAND: POST /session/be9a23df4294472c3cbe97a105488dd6/element - {"using":"xpath","value":"//bdi[contains(text(), \"Close\")]"}
RESULT: {"using":"xpath","value":"//bdi[contains(text(), \"Close\")]"}
COMMAND: POST /session/be9a23df4294472c3cbe97a105488dd6/element/f.6CFE3FC8FA908A587831E8FD5FC52521.d.C3E47E52F32E3C0BFE980885ADAEC6BF.e.11929/click - {}
RESULT: {}
COMMAND: GET /session/be9a23df4294472c3cbe97a105488dd6/screenshot - {}
RESULT: {}
COMMAND: POST /session/be9a23df4294472c3cbe97a105488dd6/element - {"using":"xpath","value":"(//button[contains(@id ,\"actionsToolbar-overflowButton\")])[1]"}
RESULT: {"using":"xpath","value":"(//button[contains(@id ,\"actionsToolbar-overflowButton\")])[1]"}
COMMAND: POST /session/be9a23df4294472c3cbe97a105488dd6/element/f.6CFE3FC8FA908A587831E8FD5FC52521.d.C3E47E52F32E3C0BFE980885ADAEC6BF.e.11986/click - {}
RESULT: {}
COMMAND: GET /session/be9a23df4294472c3cbe97a105488dd6/screenshot - {}
RESULT: {}
COMMAND: POST /session/be9a23df4294472c3cbe97a105488dd6/element - {"using":"xpath","value":"//button[@data-kt=\"priceInfoButton\"]"}
RESULT: {"using":"xpath","value":"//button[@data-kt=\"priceInfoButton\"]"}
COMMAND: POST /session/be9a23df4294472c3cbe97a105488dd6/element/f.6CFE3FC8FA908A587831E8FD5FC52521.d.C3E47E52F32E3C0BFE980885ADAEC6BF.e.11988/click - {}
RESULT: {}
COMMAND: GET /session/be9a23df4294472c3cbe97a105488dd6/screenshot - {}
RESULT: {}
]]></system-out>
    </testcase>
    <testcase classname="chrome.136_0_7103_93.windows.Performance_based_billing_(work_days)_US139742" name="Should create a pricing rule perf based on the equipment" time="46.043">
      <system-out><![CDATA[
COMMAND: POST /session/be9a23df4294472c3cbe97a105488dd6/element - {"using":"xpath","value":"//button[@data-kt=\"addButton\"]"}
RESULT: {"using":"xpath","value":"//button[@data-kt=\"addButton\"]"}
COMMAND: POST /session/be9a23df4294472c3cbe97a105488dd6/elements - {"using":"xpath","value":"//button[@data-kt=\"addButton\"]"}
RESULT: {"using":"xpath","value":"//button[@data-kt=\"addButton\"]"}
COMMAND: POST /session/be9a23df4294472c3cbe97a105488dd6/elements - {"using":"xpath","value":"//button[@data-kt=\"addButton\"]"}
RESULT: {"using":"xpath","value":"//button[@data-kt=\"addButton\"]"}
COMMAND: POST /session/be9a23df4294472c3cbe97a105488dd6/element - {"using":"xpath","value":"//button[@data-kt=\"addButton\"]"}
RESULT: {"using":"xpath","value":"//button[@data-kt=\"addButton\"]"}
COMMAND: POST /session/be9a23df4294472c3cbe97a105488dd6/execute/sync - {"script":"<script> [8489 bytes]","args":[{"element-6066-11e4-a52e-4f735466cecf":"f.6CFE3FC8FA908A587831E8FD5FC52521.d.C3E47E52F32E3C0BFE980885ADAEC6BF.e.12024","ELEMENT":"f.6CFE3FC8FA908A587831E8FD5FC52521.d.C3E47E52F32E3C0BFE980885ADAEC6BF.e.12024"}]}
RESULT: {"script":"<script> [8489 bytes]","args":[{"element-6066-11e4-a52e-4f735466cecf":"f.6CFE3FC8FA908A587831E8FD5FC52521.d.C3E47E52F32E3C0BFE980885ADAEC6BF.e.12024","ELEMENT":"f.6CFE3FC8FA908A587831E8FD5FC52521.d.C3E47E52F32E3C0BFE980885ADAEC6BF.e.12024"}]}
COMMAND: GET /session/be9a23df4294472c3cbe97a105488dd6/element/f.6CFE3FC8FA908A587831E8FD5FC52521.d.C3E47E52F32E3C0BFE980885ADAEC6BF.e.12024/enabled - {}
COMMAND: GET /session/be9a23df4294472c3cbe97a105488dd6/screenshot - {}
RESULT: {}
COMMAND: POST /session/be9a23df4294472c3cbe97a105488dd6/execute/sync - {"script":"<script> [8489 bytes]","args":[{"element-6066-11e4-a52e-4f735466cecf":"f.6CFE3FC8FA908A587831E8FD5FC52521.d.C3E47E52F32E3C0BFE980885ADAEC6BF.e.12024","ELEMENT":"f.6CFE3FC8FA908A587831E8FD5FC52521.d.C3E47E52F32E3C0BFE980885ADAEC6BF.e.12024"}]}
COMMAND: GET /session/be9a23df4294472c3cbe97a105488dd6/screenshot - {}
RESULT: {}
RESULT: {"script":"<script> [8489 bytes]","args":[{"element-6066-11e4-a52e-4f735466cecf":"f.6CFE3FC8FA908A587831E8FD5FC52521.d.C3E47E52F32E3C0BFE980885ADAEC6BF.e.12024","ELEMENT":"f.6CFE3FC8FA908A587831E8FD5FC52521.d.C3E47E52F32E3C0BFE980885ADAEC6BF.e.12024"}]}
COMMAND: POST /session/be9a23df4294472c3cbe97a105488dd6/execute/sync - {"script":"<script> [5351 bytes]","args":[{"element-6066-11e4-a52e-4f735466cecf":"f.6CFE3FC8FA908A587831E8FD5FC52521.d.C3E47E52F32E3C0BFE980885ADAEC6BF.e.12024","ELEMENT":"f.6CFE3FC8FA908A587831E8FD5FC52521.d.C3E47E52F32E3C0BFE980885ADAEC6BF.e.12024"}]}
COMMAND: GET /session/be9a23df4294472c3cbe97a105488dd6/screenshot - {}
RESULT: {}
RESULT: {"script":"<script> [5351 bytes]","args":[{"element-6066-11e4-a52e-4f735466cecf":"f.6CFE3FC8FA908A587831E8FD5FC52521.d.C3E47E52F32E3C0BFE980885ADAEC6BF.e.12024","ELEMENT":"f.6CFE3FC8FA908A587831E8FD5FC52521.d.C3E47E52F32E3C0BFE980885ADAEC6BF.e.12024"}]}
COMMAND: POST /session/be9a23df4294472c3cbe97a105488dd6/element/f.6CFE3FC8FA908A587831E8FD5FC52521.d.C3E47E52F32E3C0BFE980885ADAEC6BF.e.12024/click - {}
COMMAND: GET /session/be9a23df4294472c3cbe97a105488dd6/screenshot - {}
RESULT: {}
RESULT: {}
COMMAND: GET /session/be9a23df4294472c3cbe97a105488dd6/screenshot - {}
RESULT: {}
RESULT: {}
COMMAND: POST /session/be9a23df4294472c3cbe97a105488dd6/execute/async - {"script":"<script> [1562 bytes]","args":[{"selector":{"controlType":"sap.m.Title","viewName":"etm.portal.ui.managepricingrules.view.NewItem","viewId":"application-managepricingrules-display-component---newInfoPriceItem","properties":{"text":"New Pricing Rules - Item Level"}},"wdio_ui5_key":"etmportal.ui.managepricingrules.view.NewItemsap.m.Title{\"text\":\"New Pricing Rules - Item Level\"}"}]}
RESULT: {"script":"<script> [1562 bytes]","args":[{"selector":{"controlType":"sap.m.Title","viewName":"etm.portal.ui.managepricingrules.view.NewItem","viewId":"application-managepricingrules-display-component---newInfoPriceItem","properties":{"text":"New Pricing Rules - Item Level"}},"wdio_ui5_key":"etmportal.ui.managepricingrules.view.NewItemsap.m.Title{\"text\":\"New Pricing Rules - Item Level\"}"}]}
RESULT: undefined
COMMAND: POST /session/be9a23df4294472c3cbe97a105488dd6/execute/async - {"script":"<script> [6424 bytes]","args":[{"element-6066-11e4-a52e-4f735466cecf":"f.6CFE3FC8FA908A587831E8FD5FC52521.d.C3E47E52F32E3C0BFE980885ADAEC6BF.e.12194"},"getText",[]]}
RESULT: {"script":"<script> [6424 bytes]","args":[{"element-6066-11e4-a52e-4f735466cecf":"f.6CFE3FC8FA908A587831E8FD5FC52521.d.C3E47E52F32E3C0BFE980885ADAEC6BF.e.12194"},"getText",[]]}
COMMAND: POST /session/be9a23df4294472c3cbe97a105488dd6/execute/async - {"script":"<script> [1562 bytes]","args":[{"selector":{"id":"application-managepricingrules-display-component---newInfoPriceItem--condValidTo","interaction":{"idSuffix":"inner"}},"wdio_ui5_key":"applicationmanagepricingrules-display-component---newInfoPriceItem--condValidTo"}]}
RESULT: {"script":"<script> [1562 bytes]","args":[{"selector":{"id":"application-managepricingrules-display-component---newInfoPriceItem--condValidTo","interaction":{"idSuffix":"inner"}},"wdio_ui5_key":"applicationmanagepricingrules-display-component---newInfoPriceItem--condValidTo"}]}
RESULT: undefined
COMMAND: POST /session/be9a23df4294472c3cbe97a105488dd6/execute/async - {"script":"<script> [776 bytes]","args":[{"enterText":"2/1/26","selector":{"id":"application-managepricingrules-display-component---newInfoPriceItem--condValidTo","interaction":{"idSuffix":"inner"}},"clearTextFirst":true,"interactionType":"ENTER_TEXT"}]}
RESULT: {"script":"<script> [776 bytes]","args":[{"enterText":"2/1/26","selector":{"id":"application-managepricingrules-display-component---newInfoPriceItem--condValidTo","interaction":{"idSuffix":"inner"}},"clearTextFirst":true,"interactionType":"ENTER_TEXT"}]}
COMMAND: POST /session/be9a23df4294472c3cbe97a105488dd6/execute/async - {"script":"<script> [1562 bytes]","args":[{"selector":{"id":"application-managepricingrules-display-component---newInfoPriceItem--billType-arrow"},"wdio_ui5_key":"applicationmanagepricingrules-display-component---newInfoPriceItem--billType-arrow"}]}
RESULT: {"script":"<script> [1562 bytes]","args":[{"selector":{"id":"application-managepricingrules-display-component---newInfoPriceItem--billType-arrow"},"wdio_ui5_key":"applicationmanagepricingrules-display-component---newInfoPriceItem--billType-arrow"}]}
RESULT: undefined
COMMAND: POST /session/be9a23df4294472c3cbe97a105488dd6/element - {"using":"xpath","value":"//*[@id=\"application-managepricingrules-display-component---newInfoPriceItem--billType-arrow\"]"}
RESULT: {"using":"xpath","value":"//*[@id=\"application-managepricingrules-display-component---newInfoPriceItem--billType-arrow\"]"}
COMMAND: POST /session/be9a23df4294472c3cbe97a105488dd6/element/f.6CFE3FC8FA908A587831E8FD5FC52521.d.C3E47E52F32E3C0BFE980885ADAEC6BF.e.12154/click - {}
RESULT: {}
COMMAND: POST /session/be9a23df4294472c3cbe97a105488dd6/element - {"using":"xpath","value":"//span[contains(text(), \"PB - Performance based\")]"}
COMMAND: GET /session/be9a23df4294472c3cbe97a105488dd6/screenshot - {}
RESULT: {"using":"xpath","value":"//span[contains(text(), \"PB - Performance based\")]"}
COMMAND: POST /session/be9a23df4294472c3cbe97a105488dd6/element/f.6CFE3FC8FA908A587831E8FD5FC52521.d.C3E47E52F32E3C0BFE980885ADAEC6BF.e.12196/click - {}
RESULT: {}
RESULT: {}
COMMAND: POST /session/be9a23df4294472c3cbe97a105488dd6/execute/async - {"script":"<script> [1562 bytes]","args":[{"selector":{"id":"application-managepricingrules-display-component---newInfoPriceItem--priceProc-arrow"},"wdio_ui5_key":"applicationmanagepricingrules-display-component---newInfoPriceItem--priceProc-arrow"}]}
COMMAND: GET /session/be9a23df4294472c3cbe97a105488dd6/screenshot - {}
RESULT: {"script":"<script> [1562 bytes]","args":[{"selector":{"id":"application-managepricingrules-display-component---newInfoPriceItem--priceProc-arrow"},"wdio_ui5_key":"applicationmanagepricingrules-display-component---newInfoPriceItem--priceProc-arrow"}]}
RESULT: undefined
COMMAND: POST /session/be9a23df4294472c3cbe97a105488dd6/element - {"using":"xpath","value":"//*[@id=\"application-managepricingrules-display-component---newInfoPriceItem--priceProc-arrow\"]"}
RESULT: {}
RESULT: {"using":"xpath","value":"//*[@id=\"application-managepricingrules-display-component---newInfoPriceItem--priceProc-arrow\"]"}
COMMAND: POST /session/be9a23df4294472c3cbe97a105488dd6/element/f.6CFE3FC8FA908A587831E8FD5FC52521.d.C3E47E52F32E3C0BFE980885ADAEC6BF.e.12161/click - {}
RESULT: {}
COMMAND: POST /session/be9a23df4294472c3cbe97a105488dd6/element - {"using":"xpath","value":"//span[contains(text(), \"PRF - Performance based\")]"}
COMMAND: GET /session/be9a23df4294472c3cbe97a105488dd6/screenshot - {}
RESULT: {"using":"xpath","value":"//span[contains(text(), \"PRF - Performance based\")]"}
COMMAND: POST /session/be9a23df4294472c3cbe97a105488dd6/element/f.6CFE3FC8FA908A587831E8FD5FC52521.d.C3E47E52F32E3C0BFE980885ADAEC6BF.e.12197/click - {}
RESULT: {}
RESULT: {}
COMMAND: POST /session/be9a23df4294472c3cbe97a105488dd6/execute/async - {"script":"<script> [1562 bytes]","args":[{"selector":{"id":"application-managepricingrules-display-component---newInfoPriceItem--calcBase-arrow"},"wdio_ui5_key":"applicationmanagepricingrules-display-component---newInfoPriceItem--calcBase-arrow"}]}
COMMAND: GET /session/be9a23df4294472c3cbe97a105488dd6/screenshot - {}
RESULT: {"script":"<script> [1562 bytes]","args":[{"selector":{"id":"application-managepricingrules-display-component---newInfoPriceItem--calcBase-arrow"},"wdio_ui5_key":"applicationmanagepricingrules-display-component---newInfoPriceItem--calcBase-arrow"}]}
RESULT: undefined
COMMAND: POST /session/be9a23df4294472c3cbe97a105488dd6/element - {"using":"xpath","value":"//*[@id=\"application-managepricingrules-display-component---newInfoPriceItem--calcBase-arrow\"]"}
RESULT: {}
RESULT: {"using":"xpath","value":"//*[@id=\"application-managepricingrules-display-component---newInfoPriceItem--calcBase-arrow\"]"}
COMMAND: POST /session/be9a23df4294472c3cbe97a105488dd6/element/f.6CFE3FC8FA908A587831E8FD5FC52521.d.C3E47E52F32E3C0BFE980885ADAEC6BF.e.12168/click - {}
RESULT: {}
COMMAND: GET /session/be9a23df4294472c3cbe97a105488dd6/screenshot - {}
RESULT: {}
COMMAND: POST /session/be9a23df4294472c3cbe97a105488dd6/element - {"using":"xpath","value":"//span[contains(text(), \"0007 - PB(work days)\")]"}
RESULT: {"using":"xpath","value":"//span[contains(text(), \"0007 - PB(work days)\")]"}
COMMAND: POST /session/be9a23df4294472c3cbe97a105488dd6/element/f.6CFE3FC8FA908A587831E8FD5FC52521.d.C3E47E52F32E3C0BFE980885ADAEC6BF.e.12198/click - {}
RESULT: {}
COMMAND: GET /session/be9a23df4294472c3cbe97a105488dd6/screenshot - {}
RESULT: {}
COMMAND: POST /session/be9a23df4294472c3cbe97a105488dd6/execute/async - {"script":"<script> [1562 bytes]","args":[{"selector":{"id":"application-managepricingrules-display-component---newInfoPriceItem--hoursMonth","interaction":{"idSuffix":"inner"}},"wdio_ui5_key":"applicationmanagepricingrules-display-component---newInfoPriceItem--hoursMonth"}]}
RESULT: {"script":"<script> [1562 bytes]","args":[{"selector":{"id":"application-managepricingrules-display-component---newInfoPriceItem--hoursMonth","interaction":{"idSuffix":"inner"}},"wdio_ui5_key":"applicationmanagepricingrules-display-component---newInfoPriceItem--hoursMonth"}]}
RESULT: undefined
COMMAND: POST /session/be9a23df4294472c3cbe97a105488dd6/execute/async - {"script":"<script> [776 bytes]","args":[{"enterText":"160","selector":{"id":"application-managepricingrules-display-component---newInfoPriceItem--hoursMonth","interaction":{"idSuffix":"inner"}},"clearTextFirst":true,"interactionType":"ENTER_TEXT"}]}
RESULT: {"script":"<script> [776 bytes]","args":[{"enterText":"160","selector":{"id":"application-managepricingrules-display-component---newInfoPriceItem--hoursMonth","interaction":{"idSuffix":"inner"}},"clearTextFirst":true,"interactionType":"ENTER_TEXT"}]}
COMMAND: POST /session/be9a23df4294472c3cbe97a105488dd6/element - {"using":"xpath","value":"//button[@data-kt=\"saveNewRuleButton\"]"}
RESULT: {"using":"xpath","value":"//button[@data-kt=\"saveNewRuleButton\"]"}
COMMAND: POST /session/be9a23df4294472c3cbe97a105488dd6/element/f.6CFE3FC8FA908A587831E8FD5FC52521.d.C3E47E52F32E3C0BFE980885ADAEC6BF.e.12188/click - {}
RESULT: {}
COMMAND: GET /session/be9a23df4294472c3cbe97a105488dd6/screenshot - {}
RESULT: {}
COMMAND: POST /session/be9a23df4294472c3cbe97a105488dd6/execute/async - {"script":"<script> [1562 bytes]","args":[{"selector":{"id":"application-managepricingrules-display-component---priceInfoItem--smartFilterBar-btnBasicSearch","interaction":{"idSuffix":"I"}},"wdio_ui5_key":"applicationmanagepricingrules-display-component---priceInfoItem--smartFilterBar-btnBasicSearch"}]}
RESULT: {"script":"<script> [1562 bytes]","args":[{"selector":{"id":"application-managepricingrules-display-component---priceInfoItem--smartFilterBar-btnBasicSearch","interaction":{"idSuffix":"I"}},"wdio_ui5_key":"applicationmanagepricingrules-display-component---priceInfoItem--smartFilterBar-btnBasicSearch"}]}
RESULT: undefined
COMMAND: POST /session/be9a23df4294472c3cbe97a105488dd6/execute/async - {"script":"<script> [776 bytes]","args":[{"enterText":"lEagZb37xx","selector":{"id":"application-managepricingrules-display-component---priceInfoItem--smartFilterBar-btnBasicSearch","interaction":{"idSuffix":"I"}},"clearTextFirst":true,"interactionType":"ENTER_TEXT"}]}
RESULT: {"script":"<script> [776 bytes]","args":[{"enterText":"lEagZb37xx","selector":{"id":"application-managepricingrules-display-component---priceInfoItem--smartFilterBar-btnBasicSearch","interaction":{"idSuffix":"I"}},"clearTextFirst":true,"interactionType":"ENTER_TEXT"}]}
COMMAND: POST /session/be9a23df4294472c3cbe97a105488dd6/actions - {"actions":[{"id":"action49","type":"key","parameters":{},"actions":[{"type":"keyDown","value":""},{"type":"pause","duration":10},{"type":"keyUp","value":""}]}]}
RESULT: {"actions":[{"id":"action49","type":"key","parameters":{},"actions":[{"type":"keyDown","value":""},{"type":"pause","duration":10},{"type":"keyUp","value":""}]}]}
COMMAND: GET /session/be9a23df4294472c3cbe97a105488dd6/screenshot - {}
RESULT: {}
COMMAND: POST /session/be9a23df4294472c3cbe97a105488dd6/element - {"using":"xpath","value":"//span[@id=\"application-managepricingrules-display-component---priceInfoItem--smartTable-header-inner\"]"}
RESULT: {"using":"xpath","value":"//span[@id=\"application-managepricingrules-display-component---priceInfoItem--smartTable-header-inner\"]"}
COMMAND: POST /session/be9a23df4294472c3cbe97a105488dd6/elements - {"using":"xpath","value":"//span[@id=\"application-managepricingrules-display-component---priceInfoItem--smartTable-header-inner\"]"}
RESULT: {"using":"xpath","value":"//span[@id=\"application-managepricingrules-display-component---priceInfoItem--smartTable-header-inner\"]"}
COMMAND: POST /session/be9a23df4294472c3cbe97a105488dd6/execute/sync - {"script":"<script> [56 bytes]","args":[{"element-6066-11e4-a52e-4f735466cecf":"f.6CFE3FC8FA908A587831E8FD5FC52521.d.C3E47E52F32E3C0BFE980885ADAEC6BF.e.12212","ELEMENT":"f.6CFE3FC8FA908A587831E8FD5FC52521.d.C3E47E52F32E3C0BFE980885ADAEC6BF.e.12212"}]}
RESULT: {"script":"<script> [56 bytes]","args":[{"element-6066-11e4-a52e-4f735466cecf":"f.6CFE3FC8FA908A587831E8FD5FC52521.d.C3E47E52F32E3C0BFE980885ADAEC6BF.e.12212","ELEMENT":"f.6CFE3FC8FA908A587831E8FD5FC52521.d.C3E47E52F32E3C0BFE980885ADAEC6BF.e.12212"}]}
COMMAND: POST /session/be9a23df4294472c3cbe97a105488dd6/element - {"using":"css selector","value":"#shell-header-logo"}
COMMAND: GET /session/be9a23df4294472c3cbe97a105488dd6/screenshot - {}
RESULT: {"using":"css selector","value":"#shell-header-logo"}
COMMAND: POST /session/be9a23df4294472c3cbe97a105488dd6/element/f.6CFE3FC8FA908A587831E8FD5FC52521.d.C3E47E52F32E3C0BFE980885ADAEC6BF.e.11289/click - {}
RESULT: {}
RESULT: {}
COMMAND: GET /session/be9a23df4294472c3cbe97a105488dd6/screenshot - {}
RESULT: {}
]]></system-out>
    </testcase>
    <testcase classname="chrome.136_0_7103_93.windows.Performance_based_billing_(work_days)_US139742" name="Should create a performance based billing condition on the equipment" time="64.564">
      <system-out><![CDATA[
COMMAND: POST /session/be9a23df4294472c3cbe97a105488dd6/execute/async - {"script":"<script> [1562 bytes]","args":[{"selector":{"controlType":"sap.m.GenericTile","properties":{"header":"Manage Conditions & Prices"}},"wdio_ui5_key":"sapm.GenericTile{\"header\":\"Manage Conditions & Prices\"}"}]}
RESULT: {"script":"<script> [1562 bytes]","args":[{"selector":{"controlType":"sap.m.GenericTile","properties":{"header":"Manage Conditions & Prices"}},"wdio_ui5_key":"sapm.GenericTile{\"header\":\"Manage Conditions & Prices\"}"}]}
RESULT: undefined
COMMAND: POST /session/be9a23df4294472c3cbe97a105488dd6/element - {"using":"xpath","value":"//*[@id=\"__tile53\"]"}
RESULT: {"using":"xpath","value":"//*[@id=\"__tile53\"]"}
COMMAND: POST /session/be9a23df4294472c3cbe97a105488dd6/element/f.6CFE3FC8FA908A587831E8FD5FC52521.d.C3E47E52F32E3C0BFE980885ADAEC6BF.e.11235/click - {}
RESULT: {}
COMMAND: GET /session/be9a23df4294472c3cbe97a105488dd6/screenshot - {}
RESULT: {}
COMMAND: POST /session/be9a23df4294472c3cbe97a105488dd6/elements - {"using":"xpath","value":"//span[text()='Error']"}
RESULT: {"using":"xpath","value":"//span[text()='Error']"}
COMMAND: POST /session/be9a23df4294472c3cbe97a105488dd6/element - {"using":"xpath","value":"//button[@aria-label=\"Create\"]"}
RESULT: {"using":"xpath","value":"//button[@aria-label=\"Create\"]"}
COMMAND: POST /session/be9a23df4294472c3cbe97a105488dd6/elements - {"using":"xpath","value":"//button[@aria-label=\"Create\"]"}
RESULT: {"using":"xpath","value":"//button[@aria-label=\"Create\"]"}
COMMAND: POST /session/be9a23df4294472c3cbe97a105488dd6/execute/sync - {"script":"<script> [8489 bytes]","args":[{"element-6066-11e4-a52e-4f735466cecf":"f.6CFE3FC8FA908A587831E8FD5FC52521.d.C3E47E52F32E3C0BFE980885ADAEC6BF.e.12248","ELEMENT":"f.6CFE3FC8FA908A587831E8FD5FC52521.d.C3E47E52F32E3C0BFE980885ADAEC6BF.e.12248"}]}
RESULT: {"script":"<script> [8489 bytes]","args":[{"element-6066-11e4-a52e-4f735466cecf":"f.6CFE3FC8FA908A587831E8FD5FC52521.d.C3E47E52F32E3C0BFE980885ADAEC6BF.e.12248","ELEMENT":"f.6CFE3FC8FA908A587831E8FD5FC52521.d.C3E47E52F32E3C0BFE980885ADAEC6BF.e.12248"}]}
COMMAND: GET /session/be9a23df4294472c3cbe97a105488dd6/element/f.6CFE3FC8FA908A587831E8FD5FC52521.d.C3E47E52F32E3C0BFE980885ADAEC6BF.e.12248/enabled - {}
COMMAND: GET /session/be9a23df4294472c3cbe97a105488dd6/screenshot - {}
RESULT: {}
COMMAND: POST /session/be9a23df4294472c3cbe97a105488dd6/execute/sync - {"script":"<script> [8489 bytes]","args":[{"element-6066-11e4-a52e-4f735466cecf":"f.6CFE3FC8FA908A587831E8FD5FC52521.d.C3E47E52F32E3C0BFE980885ADAEC6BF.e.12248","ELEMENT":"f.6CFE3FC8FA908A587831E8FD5FC52521.d.C3E47E52F32E3C0BFE980885ADAEC6BF.e.12248"}]}
COMMAND: GET /session/be9a23df4294472c3cbe97a105488dd6/screenshot - {}
RESULT: {}
RESULT: {"script":"<script> [8489 bytes]","args":[{"element-6066-11e4-a52e-4f735466cecf":"f.6CFE3FC8FA908A587831E8FD5FC52521.d.C3E47E52F32E3C0BFE980885ADAEC6BF.e.12248","ELEMENT":"f.6CFE3FC8FA908A587831E8FD5FC52521.d.C3E47E52F32E3C0BFE980885ADAEC6BF.e.12248"}]}
COMMAND: POST /session/be9a23df4294472c3cbe97a105488dd6/execute/sync - {"script":"<script> [5351 bytes]","args":[{"element-6066-11e4-a52e-4f735466cecf":"f.6CFE3FC8FA908A587831E8FD5FC52521.d.C3E47E52F32E3C0BFE980885ADAEC6BF.e.12248","ELEMENT":"f.6CFE3FC8FA908A587831E8FD5FC52521.d.C3E47E52F32E3C0BFE980885ADAEC6BF.e.12248"}]}
COMMAND: GET /session/be9a23df4294472c3cbe97a105488dd6/screenshot - {}
RESULT: {}
RESULT: {"script":"<script> [5351 bytes]","args":[{"element-6066-11e4-a52e-4f735466cecf":"f.6CFE3FC8FA908A587831E8FD5FC52521.d.C3E47E52F32E3C0BFE980885ADAEC6BF.e.12248","ELEMENT":"f.6CFE3FC8FA908A587831E8FD5FC52521.d.C3E47E52F32E3C0BFE980885ADAEC6BF.e.12248"}]}
COMMAND: POST /session/be9a23df4294472c3cbe97a105488dd6/element/f.6CFE3FC8FA908A587831E8FD5FC52521.d.C3E47E52F32E3C0BFE980885ADAEC6BF.e.12248/click - {}
COMMAND: GET /session/be9a23df4294472c3cbe97a105488dd6/screenshot - {}
RESULT: {}
RESULT: {}
COMMAND: GET /session/be9a23df4294472c3cbe97a105488dd6/screenshot - {}
RESULT: {}
RESULT: {}
COMMAND: POST /session/be9a23df4294472c3cbe97a105488dd6/actions - {"actions":[{"id":"action50","type":"key","parameters":{},"actions":[{"type":"keyDown","value":""},{"type":"pause","duration":10},{"type":"keyUp","value":""}]}]}
RESULT: {"actions":[{"id":"action50","type":"key","parameters":{},"actions":[{"type":"keyDown","value":""},{"type":"pause","duration":10},{"type":"keyUp","value":""}]}]}
COMMAND: GET /session/be9a23df4294472c3cbe97a105488dd6/screenshot - {}
RESULT: {}
COMMAND: POST /session/be9a23df4294472c3cbe97a105488dd6/execute/async - {"script":"<script> [1562 bytes]","args":[{"selector":{"id":"application-manageconditionprice-display-component---newCondition--condBillCond-arrow"},"wdio_ui5_key":"applicationmanageconditionprice-display-component---newCondition--condBillCond-arrow"}]}
RESULT: {"script":"<script> [1562 bytes]","args":[{"selector":{"id":"application-manageconditionprice-display-component---newCondition--condBillCond-arrow"},"wdio_ui5_key":"applicationmanageconditionprice-display-component---newCondition--condBillCond-arrow"}]}
RESULT: undefined
COMMAND: POST /session/be9a23df4294472c3cbe97a105488dd6/element - {"using":"xpath","value":"//*[@id=\"application-manageconditionprice-display-component---newCondition--condBillCond-arrow\"]"}
RESULT: {"using":"xpath","value":"//*[@id=\"application-manageconditionprice-display-component---newCondition--condBillCond-arrow\"]"}
COMMAND: POST /session/be9a23df4294472c3cbe97a105488dd6/element/f.6CFE3FC8FA908A587831E8FD5FC52521.d.C3E47E52F32E3C0BFE980885ADAEC6BF.e.12428/click - {}
RESULT: {}
COMMAND: GET /session/be9a23df4294472c3cbe97a105488dd6/screenshot - {}
RESULT: {}
COMMAND: POST /session/be9a23df4294472c3cbe97a105488dd6/element - {"using":"xpath","value":"//li[.//span[contains(text(), \"PC06 - Performance Price - fuel\")]]"}
RESULT: {"using":"xpath","value":"//li[.//span[contains(text(), \"PC06 - Performance Price - fuel\")]]"}
COMMAND: POST /session/be9a23df4294472c3cbe97a105488dd6/element/f.6CFE3FC8FA908A587831E8FD5FC52521.d.C3E47E52F32E3C0BFE980885ADAEC6BF.e.12431/click - {}
RESULT: {}
COMMAND: GET /session/be9a23df4294472c3cbe97a105488dd6/screenshot - {}
RESULT: {}
COMMAND: POST /session/be9a23df4294472c3cbe97a105488dd6/execute/async - {"script":"<script> [1562 bytes]","args":[{"selector":{"id":"application-manageconditionprice-display-component---newCondition--condValidTo","interaction":{"idSuffix":"inner"}},"wdio_ui5_key":"applicationmanageconditionprice-display-component---newCondition--condValidTo"}]}
RESULT: {"script":"<script> [1562 bytes]","args":[{"selector":{"id":"application-manageconditionprice-display-component---newCondition--condValidTo","interaction":{"idSuffix":"inner"}},"wdio_ui5_key":"applicationmanageconditionprice-display-component---newCondition--condValidTo"}]}
RESULT: undefined
COMMAND: POST /session/be9a23df4294472c3cbe97a105488dd6/execute/async - {"script":"<script> [776 bytes]","args":[{"enterText":"2/1/26","selector":{"id":"application-manageconditionprice-display-component---newCondition--condValidTo","interaction":{"idSuffix":"inner"}},"clearTextFirst":true,"interactionType":"ENTER_TEXT"}]}
RESULT: {"script":"<script> [776 bytes]","args":[{"enterText":"2/1/26","selector":{"id":"application-manageconditionprice-display-component---newCondition--condValidTo","interaction":{"idSuffix":"inner"}},"clearTextFirst":true,"interactionType":"ENTER_TEXT"}]}
COMMAND: POST /session/be9a23df4294472c3cbe97a105488dd6/element - {"using":"xpath","value":"//input[@id=\"application-manageconditionprice-display-component---newCondition--condRU-inner\"]"}
RESULT: {"using":"xpath","value":"//input[@id=\"application-manageconditionprice-display-component---newCondition--condRU-inner\"]"}
COMMAND: POST /session/be9a23df4294472c3cbe97a105488dd6/element/f.6CFE3FC8FA908A587831E8FD5FC52521.d.C3E47E52F32E3C0BFE980885ADAEC6BF.e.12264/clear - {}
RESULT: {}
COMMAND: POST /session/be9a23df4294472c3cbe97a105488dd6/element/f.6CFE3FC8FA908A587831E8FD5FC52521.d.C3E47E52F32E3C0BFE980885ADAEC6BF.e.12264/value - {"text":"lEagZb37xx"}
COMMAND: GET /session/be9a23df4294472c3cbe97a105488dd6/screenshot - {}
RESULT: {"text":"lEagZb37xx"}
COMMAND: GET /session/be9a23df4294472c3cbe97a105488dd6/screenshot - {}
RESULT: {}
RESULT: {}
COMMAND: POST /session/be9a23df4294472c3cbe97a105488dd6/actions - {"actions":[{"id":"action51","type":"key","parameters":{},"actions":[{"type":"keyDown","value":""},{"type":"pause","duration":10},{"type":"keyUp","value":""}]}]}
RESULT: {"actions":[{"id":"action51","type":"key","parameters":{},"actions":[{"type":"keyDown","value":""},{"type":"pause","duration":10},{"type":"keyUp","value":""}]}]}
COMMAND: POST /session/be9a23df4294472c3cbe97a105488dd6/execute/async - {"script":"<script> [1562 bytes]","args":[{"selector":{"id":"application-manageconditionprice-display-component---newCondition--condBaseQty","interaction":{"idSuffix":"inner"}},"wdio_ui5_key":"applicationmanageconditionprice-display-component---newCondition--condBaseQty"}]}
COMMAND: GET /session/be9a23df4294472c3cbe97a105488dd6/screenshot - {}
RESULT: {"script":"<script> [1562 bytes]","args":[{"selector":{"id":"application-manageconditionprice-display-component---newCondition--condBaseQty","interaction":{"idSuffix":"inner"}},"wdio_ui5_key":"applicationmanageconditionprice-display-component---newCondition--condBaseQty"}]}
RESULT: undefined
COMMAND: POST /session/be9a23df4294472c3cbe97a105488dd6/execute/async - {"script":"<script> [776 bytes]","args":[{"enterText":"1","selector":{"id":"application-manageconditionprice-display-component---newCondition--condBaseQty","interaction":{"idSuffix":"inner"}},"clearTextFirst":true,"interactionType":"ENTER_TEXT"}]}
RESULT: {}
RESULT: {"script":"<script> [776 bytes]","args":[{"enterText":"1","selector":{"id":"application-manageconditionprice-display-component---newCondition--condBaseQty","interaction":{"idSuffix":"inner"}},"clearTextFirst":true,"interactionType":"ENTER_TEXT"}]}
COMMAND: POST /session/be9a23df4294472c3cbe97a105488dd6/execute/async - {"script":"<script> [1562 bytes]","args":[{"selector":{"id":"application-manageconditionprice-display-component---newCondition--condValue","interaction":{"idSuffix":"inner"}},"wdio_ui5_key":"applicationmanageconditionprice-display-component---newCondition--condValue"}]}
RESULT: {"script":"<script> [1562 bytes]","args":[{"selector":{"id":"application-manageconditionprice-display-component---newCondition--condValue","interaction":{"idSuffix":"inner"}},"wdio_ui5_key":"applicationmanageconditionprice-display-component---newCondition--condValue"}]}
RESULT: undefined
COMMAND: POST /session/be9a23df4294472c3cbe97a105488dd6/execute/async - {"script":"<script> [776 bytes]","args":[{"enterText":"10","selector":{"id":"application-manageconditionprice-display-component---newCondition--condValue","interaction":{"idSuffix":"inner"}},"clearTextFirst":true,"interactionType":"ENTER_TEXT"}]}
RESULT: {"script":"<script> [776 bytes]","args":[{"enterText":"10","selector":{"id":"application-manageconditionprice-display-component---newCondition--condValue","interaction":{"idSuffix":"inner"}},"clearTextFirst":true,"interactionType":"ENTER_TEXT"}]}
COMMAND: POST /session/be9a23df4294472c3cbe97a105488dd6/execute/async - {"script":"<script> [1562 bytes]","args":[{"selector":{"id":"application-manageconditionprice-display-component---newCondition--condCurr-arrow"},"wdio_ui5_key":"applicationmanageconditionprice-display-component---newCondition--condCurr-arrow"}]}
RESULT: {"script":"<script> [1562 bytes]","args":[{"selector":{"id":"application-manageconditionprice-display-component---newCondition--condCurr-arrow"},"wdio_ui5_key":"applicationmanageconditionprice-display-component---newCondition--condCurr-arrow"}]}
RESULT: undefined
COMMAND: POST /session/be9a23df4294472c3cbe97a105488dd6/element - {"using":"xpath","value":"//*[@id=\"application-manageconditionprice-display-component---newCondition--condCurr-arrow\"]"}
RESULT: {"using":"xpath","value":"//*[@id=\"application-manageconditionprice-display-component---newCondition--condCurr-arrow\"]"}
COMMAND: POST /session/be9a23df4294472c3cbe97a105488dd6/element/f.6CFE3FC8FA908A587831E8FD5FC52521.d.C3E47E52F32E3C0BFE980885ADAEC6BF.e.12403/click - {}
RESULT: {}
COMMAND: POST /session/be9a23df4294472c3cbe97a105488dd6/element - {"using":"xpath","value":"//span[contains(text(), \"Euro\")]"}
COMMAND: GET /session/be9a23df4294472c3cbe97a105488dd6/screenshot - {}
RESULT: {"using":"xpath","value":"//span[contains(text(), \"Euro\")]"}
COMMAND: POST /session/be9a23df4294472c3cbe97a105488dd6/element/f.6CFE3FC8FA908A587831E8FD5FC52521.d.C3E47E52F32E3C0BFE980885ADAEC6BF.e.12466/click - {}
RESULT: {}
RESULT: {}
COMMAND: POST /session/be9a23df4294472c3cbe97a105488dd6/element - {"using":"xpath","value":"//button[@data-kt=\"saveButton\"]"}
COMMAND: GET /session/be9a23df4294472c3cbe97a105488dd6/screenshot - {}
RESULT: {"using":"xpath","value":"//button[@data-kt=\"saveButton\"]"}
COMMAND: POST /session/be9a23df4294472c3cbe97a105488dd6/element/f.6CFE3FC8FA908A587831E8FD5FC52521.d.C3E47E52F32E3C0BFE980885ADAEC6BF.e.12404/click - {}
RESULT: {}
RESULT: {}
COMMAND: GET /session/be9a23df4294472c3cbe97a105488dd6/screenshot - {}
RESULT: {}
COMMAND: POST /session/be9a23df4294472c3cbe97a105488dd6/execute/async - {"script":"<script> [1562 bytes]","args":[{"selector":{"id":"application-manageconditionprice-display-component---conditions--smartFilterBar-btnBasicSearch","interaction":{"idSuffix":"I"}},"wdio_ui5_key":"applicationmanageconditionprice-display-component---conditions--smartFilterBar-btnBasicSearch"}]}
RESULT: {"script":"<script> [1562 bytes]","args":[{"selector":{"id":"application-manageconditionprice-display-component---conditions--smartFilterBar-btnBasicSearch","interaction":{"idSuffix":"I"}},"wdio_ui5_key":"applicationmanageconditionprice-display-component---conditions--smartFilterBar-btnBasicSearch"}]}
RESULT: undefined
COMMAND: POST /session/be9a23df4294472c3cbe97a105488dd6/execute/async - {"script":"<script> [776 bytes]","args":[{"enterText":"lEagZb37xx","selector":{"id":"application-manageconditionprice-display-component---conditions--smartFilterBar-btnBasicSearch","interaction":{"idSuffix":"I"}},"clearTextFirst":true,"interactionType":"ENTER_TEXT"}]}
RESULT: {"script":"<script> [776 bytes]","args":[{"enterText":"lEagZb37xx","selector":{"id":"application-manageconditionprice-display-component---conditions--smartFilterBar-btnBasicSearch","interaction":{"idSuffix":"I"}},"clearTextFirst":true,"interactionType":"ENTER_TEXT"}]}
COMMAND: POST /session/be9a23df4294472c3cbe97a105488dd6/actions - {"actions":[{"id":"action52","type":"key","parameters":{},"actions":[{"type":"keyDown","value":""},{"type":"pause","duration":10},{"type":"keyUp","value":""}]}]}
RESULT: {"actions":[{"id":"action52","type":"key","parameters":{},"actions":[{"type":"keyDown","value":""},{"type":"pause","duration":10},{"type":"keyUp","value":""}]}]}
COMMAND: GET /session/be9a23df4294472c3cbe97a105488dd6/screenshot - {}
RESULT: {}
COMMAND: POST /session/be9a23df4294472c3cbe97a105488dd6/execute/async - {"script":"<script> [1562 bytes]","args":[{"selector":{"id":"application-manageconditionprice-display-component---conditions--smartFilterBar-filterItemControl_BASIC-BILL_TYPES-vhi"},"wdio_ui5_key":"applicationmanageconditionprice-display-component---conditions--smartFilterBar-filterItemControl_BASIC-BILL_TYPES-vhi"}]}
RESULT: {"script":"<script> [1562 bytes]","args":[{"selector":{"id":"application-manageconditionprice-display-component---conditions--smartFilterBar-filterItemControl_BASIC-BILL_TYPES-vhi"},"wdio_ui5_key":"applicationmanageconditionprice-display-component---conditions--smartFilterBar-filterItemControl_BASIC-BILL_TYPES-vhi"}]}
RESULT: undefined
COMMAND: POST /session/be9a23df4294472c3cbe97a105488dd6/element - {"using":"xpath","value":"//*[@id=\"application-manageconditionprice-display-component---conditions--smartFilterBar-filterItemControl_BASIC-BILL_TYPES-vhi\"]"}
RESULT: {"using":"xpath","value":"//*[@id=\"application-manageconditionprice-display-component---conditions--smartFilterBar-filterItemControl_BASIC-BILL_TYPES-vhi\"]"}
COMMAND: POST /session/be9a23df4294472c3cbe97a105488dd6/element/f.6CFE3FC8FA908A587831E8FD5FC52521.d.C3E47E52F32E3C0BFE980885ADAEC6BF.e.12482/click - {}
RESULT: {}
COMMAND: POST /session/be9a23df4294472c3cbe97a105488dd6/execute/async - {"script":"<script> [1562 bytes]","args":[{"selector":{"id":"application-manageconditionprice-display-component---conditions--smartFilterBar-filterItemControl_BASIC-BILL_TYPES-valueHelpDialog-smartFilterBar-btnBasicSearch","searchOpenDialogs":true,"interaction":{"idSuffix":"I"}},"wdio_ui5_key":"applicationmanageconditionprice-display-component---conditions--smartFilterBar-filterItemControl_BASIC-BILL_TYPES-valueHelpDialog-smartFilterBar-btnBasicSearch"}]}
COMMAND: GET /session/be9a23df4294472c3cbe97a105488dd6/screenshot - {}
RESULT: {"script":"<script> [1562 bytes]","args":[{"selector":{"id":"application-manageconditionprice-display-component---conditions--smartFilterBar-filterItemControl_BASIC-BILL_TYPES-valueHelpDialog-smartFilterBar-btnBasicSearch","searchOpenDialogs":true,"interaction":{"idSuffix":"I"}},"wdio_ui5_key":"applicationmanageconditionprice-display-component---conditions--smartFilterBar-filterItemControl_BASIC-BILL_TYPES-valueHelpDialog-smartFilterBar-btnBasicSearch"}]}
RESULT: undefined
COMMAND: POST /session/be9a23df4294472c3cbe97a105488dd6/execute/async - {"script":"<script> [776 bytes]","args":[{"enterText":"PB","selector":{"id":"application-manageconditionprice-display-component---conditions--smartFilterBar-filterItemControl_BASIC-BILL_TYPES-valueHelpDialog-smartFilterBar-btnBasicSearch","searchOpenDialogs":true,"interaction":{"idSuffix":"I"}},"clearTextFirst":true,"interactionType":"ENTER_TEXT"}]}
RESULT: {}
RESULT: {"script":"<script> [776 bytes]","args":[{"enterText":"PB","selector":{"id":"application-manageconditionprice-display-component---conditions--smartFilterBar-filterItemControl_BASIC-BILL_TYPES-valueHelpDialog-smartFilterBar-btnBasicSearch","searchOpenDialogs":true,"interaction":{"idSuffix":"I"}},"clearTextFirst":true,"interactionType":"ENTER_TEXT"}]}
COMMAND: POST /session/be9a23df4294472c3cbe97a105488dd6/actions - {"actions":[{"id":"action53","type":"key","parameters":{},"actions":[{"type":"keyDown","value":""},{"type":"pause","duration":10},{"type":"keyUp","value":""}]}]}
RESULT: {"actions":[{"id":"action53","type":"key","parameters":{},"actions":[{"type":"keyDown","value":""},{"type":"pause","duration":10},{"type":"keyUp","value":""}]}]}
COMMAND: GET /session/be9a23df4294472c3cbe97a105488dd6/screenshot - {}
RESULT: {}
COMMAND: POST /session/be9a23df4294472c3cbe97a105488dd6/element - {"using":"xpath","value":"//div[contains(@id, 'application-manageconditionprice-display-component---conditions--smartFilterBar-filterItemControl_BASIC-BILL_TYPES-valueHelpDialog-table-rowsel0')]"}
RESULT: {"using":"xpath","value":"//div[contains(@id, 'application-manageconditionprice-display-component---conditions--smartFilterBar-filterItemControl_BASIC-BILL_TYPES-valueHelpDialog-table-rowsel0')]"}
COMMAND: POST /session/be9a23df4294472c3cbe97a105488dd6/element/f.6CFE3FC8FA908A587831E8FD5FC52521.d.C3E47E52F32E3C0BFE980885ADAEC6BF.e.12493/click - {}
RESULT: {}
COMMAND: GET /session/be9a23df4294472c3cbe97a105488dd6/screenshot - {}
RESULT: {}
COMMAND: POST /session/be9a23df4294472c3cbe97a105488dd6/element - {"using":"xpath","value":"//bdi[contains(text(), \"OK\")]"}
RESULT: {"using":"xpath","value":"//bdi[contains(text(), \"OK\")]"}
COMMAND: POST /session/be9a23df4294472c3cbe97a105488dd6/element/f.6CFE3FC8FA908A587831E8FD5FC52521.d.C3E47E52F32E3C0BFE980885ADAEC6BF.e.12495/click - {}
RESULT: {}
COMMAND: GET /session/be9a23df4294472c3cbe97a105488dd6/screenshot - {}
RESULT: {}
COMMAND: POST /session/be9a23df4294472c3cbe97a105488dd6/element - {"using":"xpath","value":"//span[@id=\"application-manageconditionprice-display-component---conditions--smartTable-header-inner\"]"}
RESULT: {"using":"xpath","value":"//span[@id=\"application-manageconditionprice-display-component---conditions--smartTable-header-inner\"]"}
COMMAND: POST /session/be9a23df4294472c3cbe97a105488dd6/elements - {"using":"xpath","value":"//span[@id=\"application-manageconditionprice-display-component---conditions--smartTable-header-inner\"]"}
RESULT: {"using":"xpath","value":"//span[@id=\"application-manageconditionprice-display-component---conditions--smartTable-header-inner\"]"}
COMMAND: POST /session/be9a23df4294472c3cbe97a105488dd6/execute/sync - {"script":"<script> [56 bytes]","args":[{"element-6066-11e4-a52e-4f735466cecf":"f.6CFE3FC8FA908A587831E8FD5FC52521.d.C3E47E52F32E3C0BFE980885ADAEC6BF.e.12498","ELEMENT":"f.6CFE3FC8FA908A587831E8FD5FC52521.d.C3E47E52F32E3C0BFE980885ADAEC6BF.e.12498"}]}
RESULT: {"script":"<script> [56 bytes]","args":[{"element-6066-11e4-a52e-4f735466cecf":"f.6CFE3FC8FA908A587831E8FD5FC52521.d.C3E47E52F32E3C0BFE980885ADAEC6BF.e.12498","ELEMENT":"f.6CFE3FC8FA908A587831E8FD5FC52521.d.C3E47E52F32E3C0BFE980885ADAEC6BF.e.12498"}]}
COMMAND: POST /session/be9a23df4294472c3cbe97a105488dd6/element - {"using":"css selector","value":"#shell-header-logo"}
COMMAND: GET /session/be9a23df4294472c3cbe97a105488dd6/screenshot - {}
RESULT: {"using":"css selector","value":"#shell-header-logo"}
COMMAND: POST /session/be9a23df4294472c3cbe97a105488dd6/element/f.6CFE3FC8FA908A587831E8FD5FC52521.d.C3E47E52F32E3C0BFE980885ADAEC6BF.e.12215/click - {}
RESULT: {}
RESULT: {}
COMMAND: GET /session/be9a23df4294472c3cbe97a105488dd6/screenshot - {}
RESULT: {}
]]></system-out>
    </testcase>
    <testcase classname="chrome.136_0_7103_93.windows.Performance_based_billing_(work_days)_US139742" name="Should add a counter to the equipment" time="47.656">
      <system-out><![CDATA[
RESULT: undefined
COMMAND: POST /session/be9a23df4294472c3cbe97a105488dd6/element - {"using":"xpath","value":"//*[@id=\"__tile39\"]"}
RESULT: {"using":"xpath","value":"//*[@id=\"__tile39\"]"}
COMMAND: POST /session/be9a23df4294472c3cbe97a105488dd6/element/f.6CFE3FC8FA908A587831E8FD5FC52521.d.C3E47E52F32E3C0BFE980885ADAEC6BF.e.11188/click - {}
RESULT: {}
COMMAND: GET /session/be9a23df4294472c3cbe97a105488dd6/screenshot - {}
RESULT: {}
COMMAND: POST /session/be9a23df4294472c3cbe97a105488dd6/elements - {"using":"xpath","value":"//span[text()='Error']"}
RESULT: {"using":"xpath","value":"//span[text()='Error']"}
COMMAND: POST /session/be9a23df4294472c3cbe97a105488dd6/execute/async - {"script":"<script> [1562 bytes]","args":[{"selector":{"id":"application-manageresources-display-component---masterRU--smartFilterBar-btnBasicSearch","interaction":{"idSuffix":"I"}},"wdio_ui5_key":"applicationmanageresources-display-component---masterRU--smartFilterBar-btnBasicSearch"}]}
RESULT: {"script":"<script> [1562 bytes]","args":[{"selector":{"id":"application-manageresources-display-component---masterRU--smartFilterBar-btnBasicSearch","interaction":{"idSuffix":"I"}},"wdio_ui5_key":"applicationmanageresources-display-component---masterRU--smartFilterBar-btnBasicSearch"}]}
RESULT: undefined
COMMAND: POST /session/be9a23df4294472c3cbe97a105488dd6/execute/async - {"script":"<script> [776 bytes]","args":[{"enterText":"lEagZb37xx","selector":{"id":"application-manageresources-display-component---masterRU--smartFilterBar-btnBasicSearch","interaction":{"idSuffix":"I"}},"clearTextFirst":true,"interactionType":"ENTER_TEXT"}]}
RESULT: {"script":"<script> [776 bytes]","args":[{"enterText":"lEagZb37xx","selector":{"id":"application-manageresources-display-component---masterRU--smartFilterBar-btnBasicSearch","interaction":{"idSuffix":"I"}},"clearTextFirst":true,"interactionType":"ENTER_TEXT"}]}
COMMAND: POST /session/be9a23df4294472c3cbe97a105488dd6/actions - {"actions":[{"id":"action54","type":"key","parameters":{},"actions":[{"type":"keyDown","value":""},{"type":"pause","duration":10},{"type":"keyUp","value":""}]}]}
RESULT: {"actions":[{"id":"action54","type":"key","parameters":{},"actions":[{"type":"keyDown","value":""},{"type":"pause","duration":10},{"type":"keyUp","value":""}]}]}
COMMAND: GET /session/be9a23df4294472c3cbe97a105488dd6/screenshot - {}
RESULT: {}
COMMAND: POST /session/be9a23df4294472c3cbe97a105488dd6/execute/async - {"script":"<script> [1562 bytes]","args":[{"selector":{"id":"application-manageresources-display-component---masterRU--smartTable-header"},"wdio_ui5_key":"applicationmanageresources-display-component---masterRU--smartTable-header"}]}
RESULT: {"script":"<script> [1562 bytes]","args":[{"selector":{"id":"application-manageresources-display-component---masterRU--smartTable-header"},"wdio_ui5_key":"applicationmanageresources-display-component---masterRU--smartTable-header"}]}
RESULT: undefined
COMMAND: POST /session/be9a23df4294472c3cbe97a105488dd6/execute/async - {"script":"<script> [6424 bytes]","args":[{"element-6066-11e4-a52e-4f735466cecf":"f.6CFE3FC8FA908A587831E8FD5FC52521.d.C3E47E52F32E3C0BFE980885ADAEC6BF.e.12687"},"getText",[]]}
RESULT: {"script":"<script> [6424 bytes]","args":[{"element-6066-11e4-a52e-4f735466cecf":"f.6CFE3FC8FA908A587831E8FD5FC52521.d.C3E47E52F32E3C0BFE980885ADAEC6BF.e.12687"},"getText",[]]}
COMMAND: POST /session/be9a23df4294472c3cbe97a105488dd6/execute/async - {"script":"<script> [1562 bytes]","args":[{"selector":{"controlType":"sap.ui.core.Icon","viewName":"etm.portal.ui.manageresources.view.Master","viewId":"application-manageresources-display-component---masterRU","properties":{"src":{"regex":{"source":"slim\\-arrow\\-right"}}}},"wdio_ui5_key":"etmportal.ui.manageresources.view.Mastersap.ui.core.Icon{\"src\":{\"regex\":{\"source\":\"slim\\\\-arrow\\\\-right\"}}}"}]}
RESULT: {"script":"<script> [1562 bytes]","args":[{"selector":{"controlType":"sap.ui.core.Icon","viewName":"etm.portal.ui.manageresources.view.Master","viewId":"application-manageresources-display-component---masterRU","properties":{"src":{"regex":{"source":"slim\\-arrow\\-right"}}}},"wdio_ui5_key":"etmportal.ui.manageresources.view.Mastersap.ui.core.Icon{\"src\":{\"regex\":{\"source\":\"slim\\\\-arrow\\\\-right\"}}}"}]}
RESULT: undefined
COMMAND: POST /session/be9a23df4294472c3cbe97a105488dd6/element - {"using":"xpath","value":"//*[@id=\"__item1140-__clone2924-imgNav\"]"}
RESULT: {"using":"xpath","value":"//*[@id=\"__item1140-__clone2924-imgNav\"]"}
COMMAND: POST /session/be9a23df4294472c3cbe97a105488dd6/element/f.6CFE3FC8FA908A587831E8FD5FC52521.d.C3E47E52F32E3C0BFE980885ADAEC6BF.e.12684/click - {}
RESULT: {}
COMMAND: GET /session/be9a23df4294472c3cbe97a105488dd6/screenshot - {}
COMMAND: POST /session/be9a23df4294472c3cbe97a105488dd6/element - {"using":"xpath","value":"//bdi[contains(text(), \"Edit\")]"}
RESULT: {}
RESULT: {"using":"xpath","value":"//bdi[contains(text(), \"Edit\")]"}
COMMAND: POST /session/be9a23df4294472c3cbe97a105488dd6/execute/sync - {"script":"<script> [8489 bytes]","args":[{"element-6066-11e4-a52e-4f735466cecf":"f.6CFE3FC8FA908A587831E8FD5FC52521.d.C3E47E52F32E3C0BFE980885ADAEC6BF.e.12794","ELEMENT":"f.6CFE3FC8FA908A587831E8FD5FC52521.d.C3E47E52F32E3C0BFE980885ADAEC6BF.e.12794"}]}
RESULT: {"script":"<script> [8489 bytes]","args":[{"element-6066-11e4-a52e-4f735466cecf":"f.6CFE3FC8FA908A587831E8FD5FC52521.d.C3E47E52F32E3C0BFE980885ADAEC6BF.e.12794","ELEMENT":"f.6CFE3FC8FA908A587831E8FD5FC52521.d.C3E47E52F32E3C0BFE980885ADAEC6BF.e.12794"}]}
COMMAND: POST /session/be9a23df4294472c3cbe97a105488dd6/element/f.6CFE3FC8FA908A587831E8FD5FC52521.d.C3E47E52F32E3C0BFE980885ADAEC6BF.e.12794/click - {}
COMMAND: GET /session/be9a23df4294472c3cbe97a105488dd6/screenshot - {}
RESULT: {}
RESULT: {}
COMMAND: GET /session/be9a23df4294472c3cbe97a105488dd6/screenshot - {}
RESULT: {}
COMMAND: POST /session/be9a23df4294472c3cbe97a105488dd6/execute/async - {"script":"<script> [1562 bytes]","args":[{"selector":{"id":"application-manageresources-display-component---editResource--editRruPage-anchBar-application-manageresources-display-component---editResource--counters-anchor","interaction":{"idSuffix":"BDI-content"}},"wdio_ui5_key":"applicationmanageresources-display-component---editResource--editRruPage-anchBar-application-manageresources-display-component---editResource--counters-anchor"}]}
RESULT: {"script":"<script> [1562 bytes]","args":[{"selector":{"id":"application-manageresources-display-component---editResource--editRruPage-anchBar-application-manageresources-display-component---editResource--counters-anchor","interaction":{"idSuffix":"BDI-content"}},"wdio_ui5_key":"applicationmanageresources-display-component---editResource--editRruPage-anchBar-application-manageresources-display-component---editResource--counters-anchor"}]}
RESULT: undefined
COMMAND: POST /session/be9a23df4294472c3cbe97a105488dd6/element - {"using":"xpath","value":"//*[@id=\"application-manageresources-display-component---editResource--editRruPage-anchBar-application-manageresources-display-component---editResource--counters-anchor\"]"}
RESULT: {"using":"xpath","value":"//*[@id=\"application-manageresources-display-component---editResource--editRruPage-anchBar-application-manageresources-display-component---editResource--counters-anchor\"]"}
COMMAND: POST /session/be9a23df4294472c3cbe97a105488dd6/element/f.6CFE3FC8FA908A587831E8FD5FC52521.d.C3E47E52F32E3C0BFE980885ADAEC6BF.e.13050/click - {}
RESULT: {}
COMMAND: GET /session/be9a23df4294472c3cbe97a105488dd6/screenshot - {}
RESULT: {}
COMMAND: POST /session/be9a23df4294472c3cbe97a105488dd6/execute/async - {"script":"<script> [1562 bytes]","args":[{"selector":{"id":"application-manageresources-display-component---editResource--btnAddCounter-img"},"wdio_ui5_key":"applicationmanageresources-display-component---editResource--btnAddCounter-img"}]}
RESULT: {"script":"<script> [1562 bytes]","args":[{"selector":{"id":"application-manageresources-display-component---editResource--btnAddCounter-img"},"wdio_ui5_key":"applicationmanageresources-display-component---editResource--btnAddCounter-img"}]}
RESULT: undefined
COMMAND: POST /session/be9a23df4294472c3cbe97a105488dd6/element - {"using":"xpath","value":"//*[@id=\"application-manageresources-display-component---editResource--btnAddCounter-img\"]"}
RESULT: {"using":"xpath","value":"//*[@id=\"application-manageresources-display-component---editResource--btnAddCounter-img\"]"}
COMMAND: POST /session/be9a23df4294472c3cbe97a105488dd6/element/f.6CFE3FC8FA908A587831E8FD5FC52521.d.C3E47E52F32E3C0BFE980885ADAEC6BF.e.13057/click - {}
RESULT: {}
COMMAND: POST /session/be9a23df4294472c3cbe97a105488dd6/execute/async - {"script":"<script> [1562 bytes]","args":[{"selector":{"id":"application-manageresources-display-component---editResource--COUNTER_ID-application-manageresources-display-component---editResource--RUCounters-0-arrow"},"wdio_ui5_key":"applicationmanageresources-display-component---editResource--COUNTER_ID-application-manageresources-display-component---editResource--RUCounters-0-arrow"}]}
COMMAND: GET /session/be9a23df4294472c3cbe97a105488dd6/screenshot - {}
RESULT: {"script":"<script> [1562 bytes]","args":[{"selector":{"id":"application-manageresources-display-component---editResource--COUNTER_ID-application-manageresources-display-component---editResource--RUCounters-0-arrow"},"wdio_ui5_key":"applicationmanageresources-display-component---editResource--COUNTER_ID-application-manageresources-display-component---editResource--RUCounters-0-arrow"}]}
RESULT: undefined
COMMAND: POST /session/be9a23df4294472c3cbe97a105488dd6/element - {"using":"xpath","value":"//*[@id=\"application-manageresources-display-component---editResource--COUNTER_ID-application-manageresources-display-component---editResource--RUCounters-0-arrow\"]"}
RESULT: {}
RESULT: {"using":"xpath","value":"//*[@id=\"application-manageresources-display-component---editResource--COUNTER_ID-application-manageresources-display-component---editResource--RUCounters-0-arrow\"]"}
COMMAND: POST /session/be9a23df4294472c3cbe97a105488dd6/element/f.6CFE3FC8FA908A587831E8FD5FC52521.d.C3E47E52F32E3C0BFE980885ADAEC6BF.e.13069/click - {}
RESULT: {}
COMMAND: POST /session/be9a23df4294472c3cbe97a105488dd6/execute/async - {"script":"<script> [1562 bytes]","args":[{"selector":{"controlType":"sap.m.StandardListItem","viewName":"etm.portal.ui.manageresources.view.EditResource","viewId":"application-manageresources-display-component---editResource","properties":{"title":"fuel"},"searchOpenDialogs":true,"interaction":{"idSuffix":"content"}},"wdio_ui5_key":"etmportal.ui.manageresources.view.EditResourcesap.m.StandardListItem{\"title\":\"fuel\"}"}]}
COMMAND: GET /session/be9a23df4294472c3cbe97a105488dd6/screenshot - {}
RESULT: {"script":"<script> [1562 bytes]","args":[{"selector":{"controlType":"sap.m.StandardListItem","viewName":"etm.portal.ui.manageresources.view.EditResource","viewId":"application-manageresources-display-component---editResource","properties":{"title":"fuel"},"searchOpenDialogs":true,"interaction":{"idSuffix":"content"}},"wdio_ui5_key":"etmportal.ui.manageresources.view.EditResourcesap.m.StandardListItem{\"title\":\"fuel\"}"}]}
RESULT: undefined
COMMAND: POST /session/be9a23df4294472c3cbe97a105488dd6/element - {"using":"xpath","value":"//*[@id=\"__item1480\"]"}
RESULT: {}
RESULT: {"using":"xpath","value":"//*[@id=\"__item1480\"]"}
COMMAND: POST /session/be9a23df4294472c3cbe97a105488dd6/element/f.6CFE3FC8FA908A587831E8FD5FC52521.d.C3E47E52F32E3C0BFE980885ADAEC6BF.e.13071/click - {}
RESULT: {}
COMMAND: POST /session/be9a23df4294472c3cbe97a105488dd6/execute/async - {"script":"<script> [1562 bytes]","args":[{"selector":{"controlType":"sap.m.Button","viewName":"etm.portal.ui.manageresources.view.EditResource","viewId":"application-manageresources-display-component---editResource","i18NText":{"propertyName":"text","key":"save"},"interaction":{"idSuffix":"BDI-content"}},"wdio_ui5_key":"etmportal.ui.manageresources.view.EditResourcesap.m.Button{\"propertyName\":\"text\",\"key\":\"save\"}"}]}
COMMAND: GET /session/be9a23df4294472c3cbe97a105488dd6/screenshot - {}
RESULT: {"script":"<script> [1562 bytes]","args":[{"selector":{"controlType":"sap.m.Button","viewName":"etm.portal.ui.manageresources.view.EditResource","viewId":"application-manageresources-display-component---editResource","i18NText":{"propertyName":"text","key":"save"},"interaction":{"idSuffix":"BDI-content"}},"wdio_ui5_key":"etmportal.ui.manageresources.view.EditResourcesap.m.Button{\"propertyName\":\"text\",\"key\":\"save\"}"}]}
RESULT: undefined
COMMAND: POST /session/be9a23df4294472c3cbe97a105488dd6/element - {"using":"xpath","value":"//*[@id=\"__button189\"]"}
RESULT: {}
RESULT: {"using":"xpath","value":"//*[@id=\"__button189\"]"}
COMMAND: POST /session/be9a23df4294472c3cbe97a105488dd6/element/f.6CFE3FC8FA908A587831E8FD5FC52521.d.C3E47E52F32E3C0BFE980885ADAEC6BF.e.13073/click - {}
RESULT: {}
COMMAND: GET /session/be9a23df4294472c3cbe97a105488dd6/screenshot - {}
RESULT: {}
COMMAND: POST /session/be9a23df4294472c3cbe97a105488dd6/element - {"using":"css selector","value":"#shell-header-logo"}
RESULT: {"using":"css selector","value":"#shell-header-logo"}
COMMAND: POST /session/be9a23df4294472c3cbe97a105488dd6/element/f.6CFE3FC8FA908A587831E8FD5FC52521.d.C3E47E52F32E3C0BFE980885ADAEC6BF.e.12503/click - {}
RESULT: {}
COMMAND: GET /session/be9a23df4294472c3cbe97a105488dd6/screenshot - {}
RESULT: {}
]]></system-out>
    </testcase>
    <testcase classname="chrome.136_0_7103_93.windows.Performance_based_billing_(work_days)_US139742" name="Should do a stock increase on the yard for the equipment" time="102.722">
      <failure/>
      <error message="Can't call click on element with selector &quot;//li[.//span[contains(text(),'556 -')]]&quot; because element wasn't found"/>
      <system-out><![CDATA[
COMMAND: POST /session/be9a23df4294472c3cbe97a105488dd6/execute/async - {"script":"<script> [1562 bytes]","args":[{"selector":{"controlType":"sap.m.GenericTile","properties":{"header":"Manage Handovers"}},"wdio_ui5_key":"sapm.GenericTile{\"header\":\"Manage Handovers\"}"}]}
RESULT: {"script":"<script> [1562 bytes]","args":[{"selector":{"controlType":"sap.m.GenericTile","properties":{"header":"Manage Handovers"}},"wdio_ui5_key":"sapm.GenericTile{\"header\":\"Manage Handovers\"}"}]}
RESULT: undefined
COMMAND: POST /session/be9a23df4294472c3cbe97a105488dd6/element - {"using":"xpath","value":"//*[@id=\"__tile131\"]"}
RESULT: {"using":"xpath","value":"//*[@id=\"__tile131\"]"}
COMMAND: POST /session/be9a23df4294472c3cbe97a105488dd6/element/f.6CFE3FC8FA908A587831E8FD5FC52521.d.C3E47E52F32E3C0BFE980885ADAEC6BF.e.11265/click - {}
RESULT: {}
COMMAND: GET /session/be9a23df4294472c3cbe97a105488dd6/screenshot - {}
RESULT: {}
COMMAND: POST /session/be9a23df4294472c3cbe97a105488dd6/elements - {"using":"xpath","value":"//span[text()='Error']"}
RESULT: {"using":"xpath","value":"//span[text()='Error']"}
COMMAND: POST /session/be9a23df4294472c3cbe97a105488dd6/element - {"using":"xpath","value":"//button[@data-kt=\"masterHOAddButton\"]"}
RESULT: {"using":"xpath","value":"//button[@data-kt=\"masterHOAddButton\"]"}
COMMAND: POST /session/be9a23df4294472c3cbe97a105488dd6/elements - {"using":"xpath","value":"//button[@data-kt=\"masterHOAddButton\"]"}
RESULT: {"using":"xpath","value":"//button[@data-kt=\"masterHOAddButton\"]"}
COMMAND: POST /session/be9a23df4294472c3cbe97a105488dd6/execute/sync - {"script":"<script> [8489 bytes]","args":[{"element-6066-11e4-a52e-4f735466cecf":"f.6CFE3FC8FA908A587831E8FD5FC52521.d.C3E47E52F32E3C0BFE980885ADAEC6BF.e.13184","ELEMENT":"f.6CFE3FC8FA908A587831E8FD5FC52521.d.C3E47E52F32E3C0BFE980885ADAEC6BF.e.13184"}]}
RESULT: {"script":"<script> [8489 bytes]","args":[{"element-6066-11e4-a52e-4f735466cecf":"f.6CFE3FC8FA908A587831E8FD5FC52521.d.C3E47E52F32E3C0BFE980885ADAEC6BF.e.13184","ELEMENT":"f.6CFE3FC8FA908A587831E8FD5FC52521.d.C3E47E52F32E3C0BFE980885ADAEC6BF.e.13184"}]}
COMMAND: GET /session/be9a23df4294472c3cbe97a105488dd6/element/f.6CFE3FC8FA908A587831E8FD5FC52521.d.C3E47E52F32E3C0BFE980885ADAEC6BF.e.13184/enabled - {}
COMMAND: GET /session/be9a23df4294472c3cbe97a105488dd6/screenshot - {}
RESULT: {}
COMMAND: POST /session/be9a23df4294472c3cbe97a105488dd6/execute/sync - {"script":"<script> [8489 bytes]","args":[{"element-6066-11e4-a52e-4f735466cecf":"f.6CFE3FC8FA908A587831E8FD5FC52521.d.C3E47E52F32E3C0BFE980885ADAEC6BF.e.13184","ELEMENT":"f.6CFE3FC8FA908A587831E8FD5FC52521.d.C3E47E52F32E3C0BFE980885ADAEC6BF.e.13184"}]}
COMMAND: GET /session/be9a23df4294472c3cbe97a105488dd6/screenshot - {}
RESULT: {}
RESULT: {"script":"<script> [8489 bytes]","args":[{"element-6066-11e4-a52e-4f735466cecf":"f.6CFE3FC8FA908A587831E8FD5FC52521.d.C3E47E52F32E3C0BFE980885ADAEC6BF.e.13184","ELEMENT":"f.6CFE3FC8FA908A587831E8FD5FC52521.d.C3E47E52F32E3C0BFE980885ADAEC6BF.e.13184"}]}
COMMAND: POST /session/be9a23df4294472c3cbe97a105488dd6/execute/sync - {"script":"<script> [5351 bytes]","args":[{"element-6066-11e4-a52e-4f735466cecf":"f.6CFE3FC8FA908A587831E8FD5FC52521.d.C3E47E52F32E3C0BFE980885ADAEC6BF.e.13184","ELEMENT":"f.6CFE3FC8FA908A587831E8FD5FC52521.d.C3E47E52F32E3C0BFE980885ADAEC6BF.e.13184"}]}
COMMAND: GET /session/be9a23df4294472c3cbe97a105488dd6/screenshot - {}
RESULT: {}
RESULT: {"script":"<script> [5351 bytes]","args":[{"element-6066-11e4-a52e-4f735466cecf":"f.6CFE3FC8FA908A587831E8FD5FC52521.d.C3E47E52F32E3C0BFE980885ADAEC6BF.e.13184","ELEMENT":"f.6CFE3FC8FA908A587831E8FD5FC52521.d.C3E47E52F32E3C0BFE980885ADAEC6BF.e.13184"}]}
COMMAND: POST /session/be9a23df4294472c3cbe97a105488dd6/element/f.6CFE3FC8FA908A587831E8FD5FC52521.d.C3E47E52F32E3C0BFE980885ADAEC6BF.e.13184/click - {}
COMMAND: GET /session/be9a23df4294472c3cbe97a105488dd6/screenshot - {}
RESULT: {}
RESULT: {}
COMMAND: GET /session/be9a23df4294472c3cbe97a105488dd6/screenshot - {}
RESULT: {}
RESULT: {}
COMMAND: POST /session/be9a23df4294472c3cbe97a105488dd6/element - {"using":"xpath","value":"//span[contains(@id ,\"AddNewHO--typeSelect-arrow\")]"}
RESULT: {"using":"xpath","value":"//span[contains(@id ,\"AddNewHO--typeSelect-arrow\")]"}
COMMAND: POST /session/be9a23df4294472c3cbe97a105488dd6/element/f.6CFE3FC8FA908A587831E8FD5FC52521.d.C3E47E52F32E3C0BFE980885ADAEC6BF.e.13535/click - {}
RESULT: {}
COMMAND: GET /session/be9a23df4294472c3cbe97a105488dd6/screenshot - {}
RESULT: {}
COMMAND: POST /session/be9a23df4294472c3cbe97a105488dd6/element - {"using":"xpath","value":"(//li[contains(text(), \"stock increase yard\")])[1]"}
RESULT: {"using":"xpath","value":"(//li[contains(text(), \"stock increase yard\")])[1]"}
COMMAND: POST /session/be9a23df4294472c3cbe97a105488dd6/element/f.6CFE3FC8FA908A587831E8FD5FC52521.d.C3E47E52F32E3C0BFE980885ADAEC6BF.e.13536/click - {}
RESULT: {}
COMMAND: GET /session/be9a23df4294472c3cbe97a105488dd6/screenshot - {}
RESULT: {}
COMMAND: POST /session/be9a23df4294472c3cbe97a105488dd6/execute/async - {"script":"<script> [1562 bytes]","args":[{"selector":{"id":"application-managehandovers-display-component---AddNewHO--dueDate","interaction":{"idSuffix":"inner"}},"wdio_ui5_key":"applicationmanagehandovers-display-component---AddNewHO--dueDate"}]}
RESULT: {"script":"<script> [1562 bytes]","args":[{"selector":{"id":"application-managehandovers-display-component---AddNewHO--dueDate","interaction":{"idSuffix":"inner"}},"wdio_ui5_key":"applicationmanagehandovers-display-component---AddNewHO--dueDate"}]}
RESULT: undefined
COMMAND: POST /session/be9a23df4294472c3cbe97a105488dd6/execute/async - {"script":"<script> [6424 bytes]","args":[{"element-6066-11e4-a52e-4f735466cecf":"f.6CFE3FC8FA908A587831E8FD5FC52521.d.C3E47E52F32E3C0BFE980885ADAEC6BF.e.13538"},"setValue",["6/1/25"]]}
RESULT: {"script":"<script> [6424 bytes]","args":[{"element-6066-11e4-a52e-4f735466cecf":"f.6CFE3FC8FA908A587831E8FD5FC52521.d.C3E47E52F32E3C0BFE980885ADAEC6BF.e.13538"},"setValue",["6/1/25"]]}
COMMAND: POST /session/be9a23df4294472c3cbe97a105488dd6/element - {"using":"xpath","value":"//input[@id=\"generalSectionFrg--receiveYard-inner\"]"}
RESULT: {"using":"xpath","value":"//input[@id=\"generalSectionFrg--receiveYard-inner\"]"}
COMMAND: POST /session/be9a23df4294472c3cbe97a105488dd6/element/f.6CFE3FC8FA908A587831E8FD5FC52521.d.C3E47E52F32E3C0BFE980885ADAEC6BF.e.13544/clear - {}
RESULT: {}
COMMAND: POST /session/be9a23df4294472c3cbe97a105488dd6/element/f.6CFE3FC8FA908A587831E8FD5FC52521.d.C3E47E52F32E3C0BFE980885ADAEC6BF.e.13544/value - {"text":"556"}
COMMAND: GET /session/be9a23df4294472c3cbe97a105488dd6/screenshot - {}
RESULT: {"text":"556"}
COMMAND: GET /session/be9a23df4294472c3cbe97a105488dd6/screenshot - {}
RESULT: {}
RESULT: {}
COMMAND: POST /session/be9a23df4294472c3cbe97a105488dd6/element - {"using":"xpath","value":"//li[.//span[contains(text(),'556 -')]]"}
RESULT: {"using":"xpath","value":"//li[.//span[contains(text(),'556 -')]]"}
COMMAND: POST /session/be9a23df4294472c3cbe97a105488dd6/elements - {"using":"xpath","value":"//li[.//span[contains(text(),'556 -')]]"}
RESULT: {"using":"xpath","value":"//li[.//span[contains(text(),'556 -')]]"}
COMMAND: POST /session/be9a23df4294472c3cbe97a105488dd6/elements - {"using":"xpath","value":"//li[.//span[contains(text(),'556 -')]]"}
RESULT: {"using":"xpath","value":"//li[.//span[contains(text(),'556 -')]]"}
COMMAND: POST /session/be9a23df4294472c3cbe97a105488dd6/elements - {"using":"xpath","value":"//li[.//span[contains(text(),'556 -')]]"}
RESULT: {"using":"xpath","value":"//li[.//span[contains(text(),'556 -')]]"}
COMMAND: POST /session/be9a23df4294472c3cbe97a105488dd6/elements - {"using":"xpath","value":"//li[.//span[contains(text(),'556 -')]]"}
RESULT: {"using":"xpath","value":"//li[.//span[contains(text(),'556 -')]]"}
COMMAND: POST /session/be9a23df4294472c3cbe97a105488dd6/elements - {"using":"xpath","value":"//li[.//span[contains(text(),'556 -')]]"}
RESULT: {"using":"xpath","value":"//li[.//span[contains(text(),'556 -')]]"}
COMMAND: POST /session/be9a23df4294472c3cbe97a105488dd6/elements - {"using":"xpath","value":"//li[.//span[contains(text(),'556 -')]]"}
RESULT: {"using":"xpath","value":"//li[.//span[contains(text(),'556 -')]]"}
COMMAND: POST /session/be9a23df4294472c3cbe97a105488dd6/elements - {"using":"xpath","value":"//li[.//span[contains(text(),'556 -')]]"}
RESULT: {"using":"xpath","value":"//li[.//span[contains(text(),'556 -')]]"}
COMMAND: POST /session/be9a23df4294472c3cbe97a105488dd6/elements - {"using":"xpath","value":"//li[.//span[contains(text(),'556 -')]]"}
RESULT: {"using":"xpath","value":"//li[.//span[contains(text(),'556 -')]]"}
COMMAND: POST /session/be9a23df4294472c3cbe97a105488dd6/elements - {"using":"xpath","value":"//li[.//span[contains(text(),'556 -')]]"}
RESULT: {"using":"xpath","value":"//li[.//span[contains(text(),'556 -')]]"}
COMMAND: POST /session/be9a23df4294472c3cbe97a105488dd6/elements - {"using":"xpath","value":"//li[.//span[contains(text(),'556 -')]]"}
RESULT: {"using":"xpath","value":"//li[.//span[contains(text(),'556 -')]]"}
COMMAND: POST /session/be9a23df4294472c3cbe97a105488dd6/elements - {"using":"xpath","value":"//li[.//span[contains(text(),'556 -')]]"}
RESULT: {"using":"xpath","value":"//li[.//span[contains(text(),'556 -')]]"}
COMMAND: POST /session/be9a23df4294472c3cbe97a105488dd6/elements - {"using":"xpath","value":"//li[.//span[contains(text(),'556 -')]]"}
RESULT: {"using":"xpath","value":"//li[.//span[contains(text(),'556 -')]]"}
COMMAND: POST /session/be9a23df4294472c3cbe97a105488dd6/elements - {"using":"xpath","value":"//li[.//span[contains(text(),'556 -')]]"}
RESULT: {"using":"xpath","value":"//li[.//span[contains(text(),'556 -')]]"}
COMMAND: POST /session/be9a23df4294472c3cbe97a105488dd6/elements - {"using":"xpath","value":"//li[.//span[contains(text(),'556 -')]]"}
RESULT: {"using":"xpath","value":"//li[.//span[contains(text(),'556 -')]]"}
COMMAND: POST /session/be9a23df4294472c3cbe97a105488dd6/elements - {"using":"xpath","value":"//li[.//span[contains(text(),'556 -')]]"}
RESULT: {"using":"xpath","value":"//li[.//span[contains(text(),'556 -')]]"}
COMMAND: POST /session/be9a23df4294472c3cbe97a105488dd6/elements - {"using":"xpath","value":"//li[.//span[contains(text(),'556 -')]]"}
RESULT: {"using":"xpath","value":"//li[.//span[contains(text(),'556 -')]]"}
COMMAND: POST /session/be9a23df4294472c3cbe97a105488dd6/elements - {"using":"xpath","value":"//li[.//span[contains(text(),'556 -')]]"}
RESULT: {"using":"xpath","value":"//li[.//span[contains(text(),'556 -')]]"}
COMMAND: POST /session/be9a23df4294472c3cbe97a105488dd6/elements - {"using":"xpath","value":"//li[.//span[contains(text(),'556 -')]]"}
RESULT: {"using":"xpath","value":"//li[.//span[contains(text(),'556 -')]]"}
COMMAND: POST /session/be9a23df4294472c3cbe97a105488dd6/elements - {"using":"xpath","value":"//li[.//span[contains(text(),'556 -')]]"}
RESULT: {"using":"xpath","value":"//li[.//span[contains(text(),'556 -')]]"}
COMMAND: POST /session/be9a23df4294472c3cbe97a105488dd6/elements - {"using":"xpath","value":"//li[.//span[contains(text(),'556 -')]]"}
RESULT: {"using":"xpath","value":"//li[.//span[contains(text(),'556 -')]]"}
COMMAND: POST /session/be9a23df4294472c3cbe97a105488dd6/elements - {"using":"xpath","value":"//li[.//span[contains(text(),'556 -')]]"}
RESULT: {"using":"xpath","value":"//li[.//span[contains(text(),'556 -')]]"}
COMMAND: POST /session/be9a23df4294472c3cbe97a105488dd6/elements - {"using":"xpath","value":"//li[.//span[contains(text(),'556 -')]]"}
RESULT: {"using":"xpath","value":"//li[.//span[contains(text(),'556 -')]]"}
COMMAND: POST /session/be9a23df4294472c3cbe97a105488dd6/elements - {"using":"xpath","value":"//li[.//span[contains(text(),'556 -')]]"}
RESULT: {"using":"xpath","value":"//li[.//span[contains(text(),'556 -')]]"}
COMMAND: POST /session/be9a23df4294472c3cbe97a105488dd6/elements - {"using":"xpath","value":"//li[.//span[contains(text(),'556 -')]]"}
RESULT: {"using":"xpath","value":"//li[.//span[contains(text(),'556 -')]]"}
COMMAND: POST /session/be9a23df4294472c3cbe97a105488dd6/elements - {"using":"xpath","value":"//li[.//span[contains(text(),'556 -')]]"}
RESULT: {"using":"xpath","value":"//li[.//span[contains(text(),'556 -')]]"}
COMMAND: POST /session/be9a23df4294472c3cbe97a105488dd6/elements - {"using":"xpath","value":"//li[.//span[contains(text(),'556 -')]]"}
RESULT: {"using":"xpath","value":"//li[.//span[contains(text(),'556 -')]]"}
COMMAND: POST /session/be9a23df4294472c3cbe97a105488dd6/elements - {"using":"xpath","value":"//li[.//span[contains(text(),'556 -')]]"}
RESULT: {"using":"xpath","value":"//li[.//span[contains(text(),'556 -')]]"}
COMMAND: POST /session/be9a23df4294472c3cbe97a105488dd6/elements - {"using":"xpath","value":"//li[.//span[contains(text(),'556 -')]]"}
RESULT: {"using":"xpath","value":"//li[.//span[contains(text(),'556 -')]]"}
COMMAND: POST /session/be9a23df4294472c3cbe97a105488dd6/elements - {"using":"xpath","value":"//li[.//span[contains(text(),'556 -')]]"}
RESULT: {"using":"xpath","value":"//li[.//span[contains(text(),'556 -')]]"}
COMMAND: POST /session/be9a23df4294472c3cbe97a105488dd6/elements - {"using":"xpath","value":"//li[.//span[contains(text(),'556 -')]]"}
RESULT: {"using":"xpath","value":"//li[.//span[contains(text(),'556 -')]]"}
COMMAND: POST /session/be9a23df4294472c3cbe97a105488dd6/elements - {"using":"xpath","value":"//li[.//span[contains(text(),'556 -')]]"}
RESULT: {"using":"xpath","value":"//li[.//span[contains(text(),'556 -')]]"}
COMMAND: POST /session/be9a23df4294472c3cbe97a105488dd6/elements - {"using":"xpath","value":"//li[.//span[contains(text(),'556 -')]]"}
RESULT: {"using":"xpath","value":"//li[.//span[contains(text(),'556 -')]]"}
COMMAND: POST /session/be9a23df4294472c3cbe97a105488dd6/elements - {"using":"xpath","value":"//li[.//span[contains(text(),'556 -')]]"}
RESULT: {"using":"xpath","value":"//li[.//span[contains(text(),'556 -')]]"}
COMMAND: POST /session/be9a23df4294472c3cbe97a105488dd6/elements - {"using":"xpath","value":"//li[.//span[contains(text(),'556 -')]]"}
RESULT: {"using":"xpath","value":"//li[.//span[contains(text(),'556 -')]]"}
COMMAND: POST /session/be9a23df4294472c3cbe97a105488dd6/elements - {"using":"xpath","value":"//li[.//span[contains(text(),'556 -')]]"}
RESULT: {"using":"xpath","value":"//li[.//span[contains(text(),'556 -')]]"}
COMMAND: POST /session/be9a23df4294472c3cbe97a105488dd6/elements - {"using":"xpath","value":"//li[.//span[contains(text(),'556 -')]]"}
RESULT: {"using":"xpath","value":"//li[.//span[contains(text(),'556 -')]]"}
COMMAND: POST /session/be9a23df4294472c3cbe97a105488dd6/elements - {"using":"xpath","value":"//li[.//span[contains(text(),'556 -')]]"}
RESULT: {"using":"xpath","value":"//li[.//span[contains(text(),'556 -')]]"}
COMMAND: POST /session/be9a23df4294472c3cbe97a105488dd6/elements - {"using":"xpath","value":"//li[.//span[contains(text(),'556 -')]]"}
RESULT: {"using":"xpath","value":"//li[.//span[contains(text(),'556 -')]]"}
COMMAND: POST /session/be9a23df4294472c3cbe97a105488dd6/elements - {"using":"xpath","value":"//li[.//span[contains(text(),'556 -')]]"}
RESULT: {"using":"xpath","value":"//li[.//span[contains(text(),'556 -')]]"}
COMMAND: POST /session/be9a23df4294472c3cbe97a105488dd6/elements - {"using":"xpath","value":"//li[.//span[contains(text(),'556 -')]]"}
RESULT: {"using":"xpath","value":"//li[.//span[contains(text(),'556 -')]]"}
COMMAND: POST /session/be9a23df4294472c3cbe97a105488dd6/elements - {"using":"xpath","value":"//li[.//span[contains(text(),'556 -')]]"}
RESULT: {"using":"xpath","value":"//li[.//span[contains(text(),'556 -')]]"}
COMMAND: POST /session/be9a23df4294472c3cbe97a105488dd6/elements - {"using":"xpath","value":"//li[.//span[contains(text(),'556 -')]]"}
RESULT: {"using":"xpath","value":"//li[.//span[contains(text(),'556 -')]]"}
COMMAND: POST /session/be9a23df4294472c3cbe97a105488dd6/elements - {"using":"xpath","value":"//li[.//span[contains(text(),'556 -')]]"}
RESULT: {"using":"xpath","value":"//li[.//span[contains(text(),'556 -')]]"}
COMMAND: POST /session/be9a23df4294472c3cbe97a105488dd6/elements - {"using":"xpath","value":"//li[.//span[contains(text(),'556 -')]]"}
RESULT: {"using":"xpath","value":"//li[.//span[contains(text(),'556 -')]]"}
COMMAND: POST /session/be9a23df4294472c3cbe97a105488dd6/elements - {"using":"xpath","value":"//li[.//span[contains(text(),'556 -')]]"}
RESULT: {"using":"xpath","value":"//li[.//span[contains(text(),'556 -')]]"}
COMMAND: POST /session/be9a23df4294472c3cbe97a105488dd6/elements - {"using":"xpath","value":"//li[.//span[contains(text(),'556 -')]]"}
RESULT: {"using":"xpath","value":"//li[.//span[contains(text(),'556 -')]]"}
COMMAND: POST /session/be9a23df4294472c3cbe97a105488dd6/elements - {"using":"xpath","value":"//li[.//span[contains(text(),'556 -')]]"}
RESULT: {"using":"xpath","value":"//li[.//span[contains(text(),'556 -')]]"}
COMMAND: POST /session/be9a23df4294472c3cbe97a105488dd6/elements - {"using":"xpath","value":"//li[.//span[contains(text(),'556 -')]]"}
RESULT: {"using":"xpath","value":"//li[.//span[contains(text(),'556 -')]]"}
COMMAND: POST /session/be9a23df4294472c3cbe97a105488dd6/elements - {"using":"xpath","value":"//li[.//span[contains(text(),'556 -')]]"}
RESULT: {"using":"xpath","value":"//li[.//span[contains(text(),'556 -')]]"}
COMMAND: POST /session/be9a23df4294472c3cbe97a105488dd6/elements - {"using":"xpath","value":"//li[.//span[contains(text(),'556 -')]]"}
RESULT: {"using":"xpath","value":"//li[.//span[contains(text(),'556 -')]]"}
COMMAND: POST /session/be9a23df4294472c3cbe97a105488dd6/elements - {"using":"xpath","value":"//li[.//span[contains(text(),'556 -')]]"}
RESULT: {"using":"xpath","value":"//li[.//span[contains(text(),'556 -')]]"}
COMMAND: POST /session/be9a23df4294472c3cbe97a105488dd6/elements - {"using":"xpath","value":"//li[.//span[contains(text(),'556 -')]]"}
RESULT: {"using":"xpath","value":"//li[.//span[contains(text(),'556 -')]]"}
COMMAND: POST /session/be9a23df4294472c3cbe97a105488dd6/elements - {"using":"xpath","value":"//li[.//span[contains(text(),'556 -')]]"}
RESULT: {"using":"xpath","value":"//li[.//span[contains(text(),'556 -')]]"}
COMMAND: POST /session/be9a23df4294472c3cbe97a105488dd6/elements - {"using":"xpath","value":"//li[.//span[contains(text(),'556 -')]]"}
RESULT: {"using":"xpath","value":"//li[.//span[contains(text(),'556 -')]]"}
COMMAND: POST /session/be9a23df4294472c3cbe97a105488dd6/elements - {"using":"xpath","value":"//li[.//span[contains(text(),'556 -')]]"}
RESULT: {"using":"xpath","value":"//li[.//span[contains(text(),'556 -')]]"}
COMMAND: POST /session/be9a23df4294472c3cbe97a105488dd6/elements - {"using":"xpath","value":"//li[.//span[contains(text(),'556 -')]]"}
RESULT: {"using":"xpath","value":"//li[.//span[contains(text(),'556 -')]]"}
COMMAND: POST /session/be9a23df4294472c3cbe97a105488dd6/elements - {"using":"xpath","value":"//li[.//span[contains(text(),'556 -')]]"}
RESULT: {"using":"xpath","value":"//li[.//span[contains(text(),'556 -')]]"}
COMMAND: POST /session/be9a23df4294472c3cbe97a105488dd6/elements - {"using":"xpath","value":"//li[.//span[contains(text(),'556 -')]]"}
RESULT: {"using":"xpath","value":"//li[.//span[contains(text(),'556 -')]]"}
COMMAND: POST /session/be9a23df4294472c3cbe97a105488dd6/elements - {"using":"xpath","value":"//li[.//span[contains(text(),'556 -')]]"}
RESULT: {"using":"xpath","value":"//li[.//span[contains(text(),'556 -')]]"}
COMMAND: POST /session/be9a23df4294472c3cbe97a105488dd6/elements - {"using":"xpath","value":"//li[.//span[contains(text(),'556 -')]]"}
RESULT: {"using":"xpath","value":"//li[.//span[contains(text(),'556 -')]]"}
COMMAND: POST /session/be9a23df4294472c3cbe97a105488dd6/elements - {"using":"xpath","value":"//li[.//span[contains(text(),'556 -')]]"}
RESULT: {"using":"xpath","value":"//li[.//span[contains(text(),'556 -')]]"}
COMMAND: POST /session/be9a23df4294472c3cbe97a105488dd6/elements - {"using":"xpath","value":"//li[.//span[contains(text(),'556 -')]]"}
RESULT: {"using":"xpath","value":"//li[.//span[contains(text(),'556 -')]]"}
COMMAND: POST /session/be9a23df4294472c3cbe97a105488dd6/elements - {"using":"xpath","value":"//li[.//span[contains(text(),'556 -')]]"}
RESULT: {"using":"xpath","value":"//li[.//span[contains(text(),'556 -')]]"}
COMMAND: POST /session/be9a23df4294472c3cbe97a105488dd6/elements - {"using":"xpath","value":"//li[.//span[contains(text(),'556 -')]]"}
RESULT: {"using":"xpath","value":"//li[.//span[contains(text(),'556 -')]]"}
COMMAND: POST /session/be9a23df4294472c3cbe97a105488dd6/elements - {"using":"xpath","value":"//li[.//span[contains(text(),'556 -')]]"}
RESULT: {"using":"xpath","value":"//li[.//span[contains(text(),'556 -')]]"}
COMMAND: POST /session/be9a23df4294472c3cbe97a105488dd6/elements - {"using":"xpath","value":"//li[.//span[contains(text(),'556 -')]]"}
RESULT: {"using":"xpath","value":"//li[.//span[contains(text(),'556 -')]]"}
COMMAND: POST /session/be9a23df4294472c3cbe97a105488dd6/elements - {"using":"xpath","value":"//li[.//span[contains(text(),'556 -')]]"}
RESULT: {"using":"xpath","value":"//li[.//span[contains(text(),'556 -')]]"}
COMMAND: POST /session/be9a23df4294472c3cbe97a105488dd6/elements - {"using":"xpath","value":"//li[.//span[contains(text(),'556 -')]]"}
RESULT: {"using":"xpath","value":"//li[.//span[contains(text(),'556 -')]]"}
COMMAND: POST /session/be9a23df4294472c3cbe97a105488dd6/elements - {"using":"xpath","value":"//li[.//span[contains(text(),'556 -')]]"}
RESULT: {"using":"xpath","value":"//li[.//span[contains(text(),'556 -')]]"}
COMMAND: POST /session/be9a23df4294472c3cbe97a105488dd6/elements - {"using":"xpath","value":"//li[.//span[contains(text(),'556 -')]]"}
RESULT: {"using":"xpath","value":"//li[.//span[contains(text(),'556 -')]]"}
COMMAND: POST /session/be9a23df4294472c3cbe97a105488dd6/elements - {"using":"xpath","value":"//li[.//span[contains(text(),'556 -')]]"}
RESULT: {"using":"xpath","value":"//li[.//span[contains(text(),'556 -')]]"}
COMMAND: POST /session/be9a23df4294472c3cbe97a105488dd6/elements - {"using":"xpath","value":"//li[.//span[contains(text(),'556 -')]]"}
RESULT: {"using":"xpath","value":"//li[.//span[contains(text(),'556 -')]]"}
COMMAND: POST /session/be9a23df4294472c3cbe97a105488dd6/elements - {"using":"xpath","value":"//li[.//span[contains(text(),'556 -')]]"}
RESULT: {"using":"xpath","value":"//li[.//span[contains(text(),'556 -')]]"}
COMMAND: POST /session/be9a23df4294472c3cbe97a105488dd6/elements - {"using":"xpath","value":"//li[.//span[contains(text(),'556 -')]]"}
RESULT: {"using":"xpath","value":"//li[.//span[contains(text(),'556 -')]]"}
COMMAND: POST /session/be9a23df4294472c3cbe97a105488dd6/elements - {"using":"xpath","value":"//li[.//span[contains(text(),'556 -')]]"}
RESULT: {"using":"xpath","value":"//li[.//span[contains(text(),'556 -')]]"}
COMMAND: POST /session/be9a23df4294472c3cbe97a105488dd6/elements - {"using":"xpath","value":"//li[.//span[contains(text(),'556 -')]]"}
RESULT: {"using":"xpath","value":"//li[.//span[contains(text(),'556 -')]]"}
COMMAND: POST /session/be9a23df4294472c3cbe97a105488dd6/elements - {"using":"xpath","value":"//li[.//span[contains(text(),'556 -')]]"}
RESULT: {"using":"xpath","value":"//li[.//span[contains(text(),'556 -')]]"}
COMMAND: POST /session/be9a23df4294472c3cbe97a105488dd6/elements - {"using":"xpath","value":"//li[.//span[contains(text(),'556 -')]]"}
RESULT: {"using":"xpath","value":"//li[.//span[contains(text(),'556 -')]]"}
COMMAND: POST /session/be9a23df4294472c3cbe97a105488dd6/elements - {"using":"xpath","value":"//li[.//span[contains(text(),'556 -')]]"}
RESULT: {"using":"xpath","value":"//li[.//span[contains(text(),'556 -')]]"}
COMMAND: POST /session/be9a23df4294472c3cbe97a105488dd6/elements - {"using":"xpath","value":"//li[.//span[contains(text(),'556 -')]]"}
RESULT: {"using":"xpath","value":"//li[.//span[contains(text(),'556 -')]]"}
COMMAND: POST /session/be9a23df4294472c3cbe97a105488dd6/elements - {"using":"xpath","value":"//li[.//span[contains(text(),'556 -')]]"}
RESULT: {"using":"xpath","value":"//li[.//span[contains(text(),'556 -')]]"}
COMMAND: POST /session/be9a23df4294472c3cbe97a105488dd6/elements - {"using":"xpath","value":"//li[.//span[contains(text(),'556 -')]]"}
RESULT: {"using":"xpath","value":"//li[.//span[contains(text(),'556 -')]]"}
COMMAND: POST /session/be9a23df4294472c3cbe97a105488dd6/elements - {"using":"xpath","value":"//li[.//span[contains(text(),'556 -')]]"}
RESULT: {"using":"xpath","value":"//li[.//span[contains(text(),'556 -')]]"}
COMMAND: POST /session/be9a23df4294472c3cbe97a105488dd6/elements - {"using":"xpath","value":"//li[.//span[contains(text(),'556 -')]]"}
RESULT: {"using":"xpath","value":"//li[.//span[contains(text(),'556 -')]]"}
COMMAND: POST /session/be9a23df4294472c3cbe97a105488dd6/elements - {"using":"xpath","value":"//li[.//span[contains(text(),'556 -')]]"}
RESULT: {"using":"xpath","value":"//li[.//span[contains(text(),'556 -')]]"}
COMMAND: POST /session/be9a23df4294472c3cbe97a105488dd6/elements - {"using":"xpath","value":"//li[.//span[contains(text(),'556 -')]]"}
RESULT: {"using":"xpath","value":"//li[.//span[contains(text(),'556 -')]]"}
COMMAND: POST /session/be9a23df4294472c3cbe97a105488dd6/elements - {"using":"xpath","value":"//li[.//span[contains(text(),'556 -')]]"}
RESULT: {"using":"xpath","value":"//li[.//span[contains(text(),'556 -')]]"}
COMMAND: POST /session/be9a23df4294472c3cbe97a105488dd6/elements - {"using":"xpath","value":"//li[.//span[contains(text(),'556 -')]]"}
RESULT: {"using":"xpath","value":"//li[.//span[contains(text(),'556 -')]]"}
COMMAND: POST /session/be9a23df4294472c3cbe97a105488dd6/elements - {"using":"xpath","value":"//li[.//span[contains(text(),'556 -')]]"}
RESULT: {"using":"xpath","value":"//li[.//span[contains(text(),'556 -')]]"}
COMMAND: POST /session/be9a23df4294472c3cbe97a105488dd6/elements - {"using":"xpath","value":"//li[.//span[contains(text(),'556 -')]]"}
RESULT: {"using":"xpath","value":"//li[.//span[contains(text(),'556 -')]]"}
COMMAND: POST /session/be9a23df4294472c3cbe97a105488dd6/elements - {"using":"xpath","value":"//li[.//span[contains(text(),'556 -')]]"}
RESULT: {"using":"xpath","value":"//li[.//span[contains(text(),'556 -')]]"}
COMMAND: POST /session/be9a23df4294472c3cbe97a105488dd6/elements - {"using":"xpath","value":"//li[.//span[contains(text(),'556 -')]]"}
RESULT: {"using":"xpath","value":"//li[.//span[contains(text(),'556 -')]]"}
COMMAND: POST /session/be9a23df4294472c3cbe97a105488dd6/elements - {"using":"xpath","value":"//li[.//span[contains(text(),'556 -')]]"}
RESULT: {"using":"xpath","value":"//li[.//span[contains(text(),'556 -')]]"}
COMMAND: POST /session/be9a23df4294472c3cbe97a105488dd6/elements - {"using":"xpath","value":"//li[.//span[contains(text(),'556 -')]]"}
RESULT: {"using":"xpath","value":"//li[.//span[contains(text(),'556 -')]]"}
COMMAND: POST /session/be9a23df4294472c3cbe97a105488dd6/elements - {"using":"xpath","value":"//li[.//span[contains(text(),'556 -')]]"}
RESULT: {"using":"xpath","value":"//li[.//span[contains(text(),'556 -')]]"}
COMMAND: POST /session/be9a23df4294472c3cbe97a105488dd6/elements - {"using":"xpath","value":"//li[.//span[contains(text(),'556 -')]]"}
RESULT: {"using":"xpath","value":"//li[.//span[contains(text(),'556 -')]]"}
COMMAND: POST /session/be9a23df4294472c3cbe97a105488dd6/elements - {"using":"xpath","value":"//li[.//span[contains(text(),'556 -')]]"}
RESULT: {"using":"xpath","value":"//li[.//span[contains(text(),'556 -')]]"}
COMMAND: POST /session/be9a23df4294472c3cbe97a105488dd6/elements - {"using":"xpath","value":"//li[.//span[contains(text(),'556 -')]]"}
RESULT: {"using":"xpath","value":"//li[.//span[contains(text(),'556 -')]]"}
COMMAND: POST /session/be9a23df4294472c3cbe97a105488dd6/elements - {"using":"xpath","value":"//li[.//span[contains(text(),'556 -')]]"}
RESULT: {"using":"xpath","value":"//li[.//span[contains(text(),'556 -')]]"}
COMMAND: POST /session/be9a23df4294472c3cbe97a105488dd6/elements - {"using":"xpath","value":"//li[.//span[contains(text(),'556 -')]]"}
RESULT: {"using":"xpath","value":"//li[.//span[contains(text(),'556 -')]]"}
COMMAND: POST /session/be9a23df4294472c3cbe97a105488dd6/elements - {"using":"xpath","value":"//li[.//span[contains(text(),'556 -')]]"}
RESULT: {"using":"xpath","value":"//li[.//span[contains(text(),'556 -')]]"}
COMMAND: POST /session/be9a23df4294472c3cbe97a105488dd6/elements - {"using":"xpath","value":"//li[.//span[contains(text(),'556 -')]]"}
RESULT: {"using":"xpath","value":"//li[.//span[contains(text(),'556 -')]]"}
COMMAND: POST /session/be9a23df4294472c3cbe97a105488dd6/elements - {"using":"xpath","value":"//li[.//span[contains(text(),'556 -')]]"}
RESULT: {"using":"xpath","value":"//li[.//span[contains(text(),'556 -')]]"}
COMMAND: POST /session/be9a23df4294472c3cbe97a105488dd6/elements - {"using":"xpath","value":"//li[.//span[contains(text(),'556 -')]]"}
RESULT: {"using":"xpath","value":"//li[.//span[contains(text(),'556 -')]]"}
COMMAND: POST /session/be9a23df4294472c3cbe97a105488dd6/elements - {"using":"xpath","value":"//li[.//span[contains(text(),'556 -')]]"}
RESULT: {"using":"xpath","value":"//li[.//span[contains(text(),'556 -')]]"}
COMMAND: POST /session/be9a23df4294472c3cbe97a105488dd6/elements - {"using":"xpath","value":"//li[.//span[contains(text(),'556 -')]]"}
RESULT: {"using":"xpath","value":"//li[.//span[contains(text(),'556 -')]]"}
COMMAND: POST /session/be9a23df4294472c3cbe97a105488dd6/elements - {"using":"xpath","value":"//li[.//span[contains(text(),'556 -')]]"}
RESULT: {"using":"xpath","value":"//li[.//span[contains(text(),'556 -')]]"}
COMMAND: POST /session/be9a23df4294472c3cbe97a105488dd6/elements - {"using":"xpath","value":"//li[.//span[contains(text(),'556 -')]]"}
RESULT: {"using":"xpath","value":"//li[.//span[contains(text(),'556 -')]]"}
COMMAND: POST /session/be9a23df4294472c3cbe97a105488dd6/elements - {"using":"xpath","value":"//li[.//span[contains(text(),'556 -')]]"}
RESULT: {"using":"xpath","value":"//li[.//span[contains(text(),'556 -')]]"}
COMMAND: POST /session/be9a23df4294472c3cbe97a105488dd6/elements - {"using":"xpath","value":"//li[.//span[contains(text(),'556 -')]]"}
RESULT: {"using":"xpath","value":"//li[.//span[contains(text(),'556 -')]]"}
COMMAND: POST /session/be9a23df4294472c3cbe97a105488dd6/elements - {"using":"xpath","value":"//li[.//span[contains(text(),'556 -')]]"}
RESULT: {"using":"xpath","value":"//li[.//span[contains(text(),'556 -')]]"}
COMMAND: POST /session/be9a23df4294472c3cbe97a105488dd6/elements - {"using":"xpath","value":"//li[.//span[contains(text(),'556 -')]]"}
RESULT: {"using":"xpath","value":"//li[.//span[contains(text(),'556 -')]]"}
COMMAND: POST /session/be9a23df4294472c3cbe97a105488dd6/elements - {"using":"xpath","value":"//li[.//span[contains(text(),'556 -')]]"}
RESULT: {"using":"xpath","value":"//li[.//span[contains(text(),'556 -')]]"}
COMMAND: POST /session/be9a23df4294472c3cbe97a105488dd6/elements - {"using":"xpath","value":"//li[.//span[contains(text(),'556 -')]]"}
RESULT: {"using":"xpath","value":"//li[.//span[contains(text(),'556 -')]]"}
COMMAND: POST /session/be9a23df4294472c3cbe97a105488dd6/elements - {"using":"xpath","value":"//li[.//span[contains(text(),'556 -')]]"}
RESULT: {"using":"xpath","value":"//li[.//span[contains(text(),'556 -')]]"}
COMMAND: POST /session/be9a23df4294472c3cbe97a105488dd6/elements - {"using":"xpath","value":"//li[.//span[contains(text(),'556 -')]]"}
RESULT: {"using":"xpath","value":"//li[.//span[contains(text(),'556 -')]]"}
COMMAND: POST /session/be9a23df4294472c3cbe97a105488dd6/elements - {"using":"xpath","value":"//li[.//span[contains(text(),'556 -')]]"}
RESULT: {"using":"xpath","value":"//li[.//span[contains(text(),'556 -')]]"}
COMMAND: POST /session/be9a23df4294472c3cbe97a105488dd6/elements - {"using":"xpath","value":"//li[.//span[contains(text(),'556 -')]]"}
RESULT: {"using":"xpath","value":"//li[.//span[contains(text(),'556 -')]]"}
COMMAND: POST /session/be9a23df4294472c3cbe97a105488dd6/elements - {"using":"xpath","value":"//li[.//span[contains(text(),'556 -')]]"}
RESULT: {"using":"xpath","value":"//li[.//span[contains(text(),'556 -')]]"}
COMMAND: POST /session/be9a23df4294472c3cbe97a105488dd6/elements - {"using":"xpath","value":"//li[.//span[contains(text(),'556 -')]]"}
RESULT: {"using":"xpath","value":"//li[.//span[contains(text(),'556 -')]]"}
COMMAND: POST /session/be9a23df4294472c3cbe97a105488dd6/elements - {"using":"xpath","value":"//li[.//span[contains(text(),'556 -')]]"}
COMMAND: GET /session/be9a23df4294472c3cbe97a105488dd6/screenshot - {}
RESULT: {"using":"xpath","value":"//li[.//span[contains(text(),'556 -')]]"}
RESULT: {}
]]></system-out>
      <system-err><![CDATA[
Error: Can't call click on element with selector "//li[.//span[contains(text(),'556 -')]]" because element wasn't found
    at async UtilsPrerequisites.stockIncrease (D:\a\1\s\test\specs\BTS\prerequisites-and-utils-functions.js:1638:9)
    at async Context.<anonymous> (D:\a\1\s\test\specs\BTS\billing-performance-workdays.spec.js:188:9)
]]></system-err>
    </testcase>
    <testcase classname="chrome.136_0_7103_93.windows.Performance_based_billing_(work_days)_US139742" name="Should create a new contract" time="60.465">
      <failure/>
      <error message="element (&quot;//button[@data-kt=&quot;addButton&quot;]&quot;) still not existing after 45000ms"/>
      <system-out><![CDATA[
COMMAND: POST /session/be9a23df4294472c3cbe97a105488dd6/execute/async - {"script":"<script> [1562 bytes]","args":[{"selector":{"controlType":"sap.m.GenericTile","properties":{"header":"Manage Contracts"}},"wdio_ui5_key":"sapm.GenericTile{\"header\":\"Manage Contracts\"}"}]}
COMMAND: GET /session/be9a23df4294472c3cbe97a105488dd6/screenshot - {}
RESULT: {"script":"<script> [1562 bytes]","args":[{"selector":{"controlType":"sap.m.GenericTile","properties":{"header":"Manage Contracts"}},"wdio_ui5_key":"sapm.GenericTile{\"header\":\"Manage Contracts\"}"}]}
RESULT: undefined
RESULT: {}
COMMAND: POST /session/be9a23df4294472c3cbe97a105488dd6/elements - {"using":"xpath","value":"//span[text()='Error']"}
RESULT: {"using":"xpath","value":"//span[text()='Error']"}
COMMAND: POST /session/be9a23df4294472c3cbe97a105488dd6/element - {"using":"xpath","value":"//button[@data-kt=\"addButton\"]"}
RESULT: {"using":"xpath","value":"//button[@data-kt=\"addButton\"]"}
COMMAND: POST /session/be9a23df4294472c3cbe97a105488dd6/elements - {"using":"xpath","value":"//button[@data-kt=\"addButton\"]"}
RESULT: {"using":"xpath","value":"//button[@data-kt=\"addButton\"]"}
COMMAND: POST /session/be9a23df4294472c3cbe97a105488dd6/elements - {"using":"xpath","value":"//button[@data-kt=\"addButton\"]"}
RESULT: {"using":"xpath","value":"//button[@data-kt=\"addButton\"]"}
COMMAND: POST /session/be9a23df4294472c3cbe97a105488dd6/elements - {"using":"xpath","value":"//button[@data-kt=\"addButton\"]"}
RESULT: {"using":"xpath","value":"//button[@data-kt=\"addButton\"]"}
COMMAND: POST /session/be9a23df4294472c3cbe97a105488dd6/elements - {"using":"xpath","value":"//button[@data-kt=\"addButton\"]"}
RESULT: {"using":"xpath","value":"//button[@data-kt=\"addButton\"]"}
COMMAND: POST /session/be9a23df4294472c3cbe97a105488dd6/elements - {"using":"xpath","value":"//button[@data-kt=\"addButton\"]"}
RESULT: {"using":"xpath","value":"//button[@data-kt=\"addButton\"]"}
COMMAND: POST /session/be9a23df4294472c3cbe97a105488dd6/elements - {"using":"xpath","value":"//button[@data-kt=\"addButton\"]"}
RESULT: {"using":"xpath","value":"//button[@data-kt=\"addButton\"]"}
COMMAND: POST /session/be9a23df4294472c3cbe97a105488dd6/elements - {"using":"xpath","value":"//button[@data-kt=\"addButton\"]"}
RESULT: {"using":"xpath","value":"//button[@data-kt=\"addButton\"]"}
COMMAND: POST /session/be9a23df4294472c3cbe97a105488dd6/elements - {"using":"xpath","value":"//button[@data-kt=\"addButton\"]"}
RESULT: {"using":"xpath","value":"//button[@data-kt=\"addButton\"]"}
COMMAND: POST /session/be9a23df4294472c3cbe97a105488dd6/elements - {"using":"xpath","value":"//button[@data-kt=\"addButton\"]"}
RESULT: {"using":"xpath","value":"//button[@data-kt=\"addButton\"]"}
COMMAND: POST /session/be9a23df4294472c3cbe97a105488dd6/elements - {"using":"xpath","value":"//button[@data-kt=\"addButton\"]"}
RESULT: {"using":"xpath","value":"//button[@data-kt=\"addButton\"]"}
COMMAND: POST /session/be9a23df4294472c3cbe97a105488dd6/elements - {"using":"xpath","value":"//button[@data-kt=\"addButton\"]"}
RESULT: {"using":"xpath","value":"//button[@data-kt=\"addButton\"]"}
COMMAND: POST /session/be9a23df4294472c3cbe97a105488dd6/elements - {"using":"xpath","value":"//button[@data-kt=\"addButton\"]"}
RESULT: {"using":"xpath","value":"//button[@data-kt=\"addButton\"]"}
COMMAND: POST /session/be9a23df4294472c3cbe97a105488dd6/elements - {"using":"xpath","value":"//button[@data-kt=\"addButton\"]"}
RESULT: {"using":"xpath","value":"//button[@data-kt=\"addButton\"]"}
COMMAND: POST /session/be9a23df4294472c3cbe97a105488dd6/elements - {"using":"xpath","value":"//button[@data-kt=\"addButton\"]"}
RESULT: {"using":"xpath","value":"//button[@data-kt=\"addButton\"]"}
COMMAND: POST /session/be9a23df4294472c3cbe97a105488dd6/elements - {"using":"xpath","value":"//button[@data-kt=\"addButton\"]"}
RESULT: {"using":"xpath","value":"//button[@data-kt=\"addButton\"]"}
COMMAND: POST /session/be9a23df4294472c3cbe97a105488dd6/elements - {"using":"xpath","value":"//button[@data-kt=\"addButton\"]"}
RESULT: {"using":"xpath","value":"//button[@data-kt=\"addButton\"]"}
COMMAND: POST /session/be9a23df4294472c3cbe97a105488dd6/elements - {"using":"xpath","value":"//button[@data-kt=\"addButton\"]"}
RESULT: {"using":"xpath","value":"//button[@data-kt=\"addButton\"]"}
COMMAND: POST /session/be9a23df4294472c3cbe97a105488dd6/elements - {"using":"xpath","value":"//button[@data-kt=\"addButton\"]"}
RESULT: {"using":"xpath","value":"//button[@data-kt=\"addButton\"]"}
COMMAND: POST /session/be9a23df4294472c3cbe97a105488dd6/elements - {"using":"xpath","value":"//button[@data-kt=\"addButton\"]"}
RESULT: {"using":"xpath","value":"//button[@data-kt=\"addButton\"]"}
COMMAND: POST /session/be9a23df4294472c3cbe97a105488dd6/elements - {"using":"xpath","value":"//button[@data-kt=\"addButton\"]"}
RESULT: {"using":"xpath","value":"//button[@data-kt=\"addButton\"]"}
COMMAND: POST /session/be9a23df4294472c3cbe97a105488dd6/elements - {"using":"xpath","value":"//button[@data-kt=\"addButton\"]"}
RESULT: {"using":"xpath","value":"//button[@data-kt=\"addButton\"]"}
COMMAND: POST /session/be9a23df4294472c3cbe97a105488dd6/elements - {"using":"xpath","value":"//button[@data-kt=\"addButton\"]"}
RESULT: {"using":"xpath","value":"//button[@data-kt=\"addButton\"]"}
COMMAND: POST /session/be9a23df4294472c3cbe97a105488dd6/elements - {"using":"xpath","value":"//button[@data-kt=\"addButton\"]"}
RESULT: {"using":"xpath","value":"//button[@data-kt=\"addButton\"]"}
COMMAND: POST /session/be9a23df4294472c3cbe97a105488dd6/elements - {"using":"xpath","value":"//button[@data-kt=\"addButton\"]"}
RESULT: {"using":"xpath","value":"//button[@data-kt=\"addButton\"]"}
COMMAND: POST /session/be9a23df4294472c3cbe97a105488dd6/elements - {"using":"xpath","value":"//button[@data-kt=\"addButton\"]"}
RESULT: {"using":"xpath","value":"//button[@data-kt=\"addButton\"]"}
COMMAND: POST /session/be9a23df4294472c3cbe97a105488dd6/elements - {"using":"xpath","value":"//button[@data-kt=\"addButton\"]"}
RESULT: {"using":"xpath","value":"//button[@data-kt=\"addButton\"]"}
COMMAND: POST /session/be9a23df4294472c3cbe97a105488dd6/elements - {"using":"xpath","value":"//button[@data-kt=\"addButton\"]"}
RESULT: {"using":"xpath","value":"//button[@data-kt=\"addButton\"]"}
COMMAND: POST /session/be9a23df4294472c3cbe97a105488dd6/elements - {"using":"xpath","value":"//button[@data-kt=\"addButton\"]"}
RESULT: {"using":"xpath","value":"//button[@data-kt=\"addButton\"]"}
COMMAND: POST /session/be9a23df4294472c3cbe97a105488dd6/elements - {"using":"xpath","value":"//button[@data-kt=\"addButton\"]"}
RESULT: {"using":"xpath","value":"//button[@data-kt=\"addButton\"]"}
COMMAND: POST /session/be9a23df4294472c3cbe97a105488dd6/elements - {"using":"xpath","value":"//button[@data-kt=\"addButton\"]"}
RESULT: {"using":"xpath","value":"//button[@data-kt=\"addButton\"]"}
COMMAND: POST /session/be9a23df4294472c3cbe97a105488dd6/elements - {"using":"xpath","value":"//button[@data-kt=\"addButton\"]"}
RESULT: {"using":"xpath","value":"//button[@data-kt=\"addButton\"]"}
COMMAND: POST /session/be9a23df4294472c3cbe97a105488dd6/elements - {"using":"xpath","value":"//button[@data-kt=\"addButton\"]"}
RESULT: {"using":"xpath","value":"//button[@data-kt=\"addButton\"]"}
COMMAND: POST /session/be9a23df4294472c3cbe97a105488dd6/elements - {"using":"xpath","value":"//button[@data-kt=\"addButton\"]"}
RESULT: {"using":"xpath","value":"//button[@data-kt=\"addButton\"]"}
COMMAND: POST /session/be9a23df4294472c3cbe97a105488dd6/elements - {"using":"xpath","value":"//button[@data-kt=\"addButton\"]"}
RESULT: {"using":"xpath","value":"//button[@data-kt=\"addButton\"]"}
COMMAND: POST /session/be9a23df4294472c3cbe97a105488dd6/elements - {"using":"xpath","value":"//button[@data-kt=\"addButton\"]"}
RESULT: {"using":"xpath","value":"//button[@data-kt=\"addButton\"]"}
COMMAND: POST /session/be9a23df4294472c3cbe97a105488dd6/elements - {"using":"xpath","value":"//button[@data-kt=\"addButton\"]"}
RESULT: {"using":"xpath","value":"//button[@data-kt=\"addButton\"]"}
COMMAND: POST /session/be9a23df4294472c3cbe97a105488dd6/elements - {"using":"xpath","value":"//button[@data-kt=\"addButton\"]"}
RESULT: {"using":"xpath","value":"//button[@data-kt=\"addButton\"]"}
COMMAND: POST /session/be9a23df4294472c3cbe97a105488dd6/elements - {"using":"xpath","value":"//button[@data-kt=\"addButton\"]"}
RESULT: {"using":"xpath","value":"//button[@data-kt=\"addButton\"]"}
COMMAND: POST /session/be9a23df4294472c3cbe97a105488dd6/elements - {"using":"xpath","value":"//button[@data-kt=\"addButton\"]"}
RESULT: {"using":"xpath","value":"//button[@data-kt=\"addButton\"]"}
COMMAND: POST /session/be9a23df4294472c3cbe97a105488dd6/elements - {"using":"xpath","value":"//button[@data-kt=\"addButton\"]"}
RESULT: {"using":"xpath","value":"//button[@data-kt=\"addButton\"]"}
COMMAND: POST /session/be9a23df4294472c3cbe97a105488dd6/elements - {"using":"xpath","value":"//button[@data-kt=\"addButton\"]"}
RESULT: {"using":"xpath","value":"//button[@data-kt=\"addButton\"]"}
COMMAND: POST /session/be9a23df4294472c3cbe97a105488dd6/elements - {"using":"xpath","value":"//button[@data-kt=\"addButton\"]"}
RESULT: {"using":"xpath","value":"//button[@data-kt=\"addButton\"]"}
COMMAND: POST /session/be9a23df4294472c3cbe97a105488dd6/elements - {"using":"xpath","value":"//button[@data-kt=\"addButton\"]"}
RESULT: {"using":"xpath","value":"//button[@data-kt=\"addButton\"]"}
COMMAND: POST /session/be9a23df4294472c3cbe97a105488dd6/elements - {"using":"xpath","value":"//button[@data-kt=\"addButton\"]"}
RESULT: {"using":"xpath","value":"//button[@data-kt=\"addButton\"]"}
COMMAND: POST /session/be9a23df4294472c3cbe97a105488dd6/elements - {"using":"xpath","value":"//button[@data-kt=\"addButton\"]"}
RESULT: {"using":"xpath","value":"//button[@data-kt=\"addButton\"]"}
COMMAND: POST /session/be9a23df4294472c3cbe97a105488dd6/elements - {"using":"xpath","value":"//button[@data-kt=\"addButton\"]"}
RESULT: {"using":"xpath","value":"//button[@data-kt=\"addButton\"]"}
COMMAND: POST /session/be9a23df4294472c3cbe97a105488dd6/elements - {"using":"xpath","value":"//button[@data-kt=\"addButton\"]"}
RESULT: {"using":"xpath","value":"//button[@data-kt=\"addButton\"]"}
COMMAND: POST /session/be9a23df4294472c3cbe97a105488dd6/elements - {"using":"xpath","value":"//button[@data-kt=\"addButton\"]"}
RESULT: {"using":"xpath","value":"//button[@data-kt=\"addButton\"]"}
COMMAND: POST /session/be9a23df4294472c3cbe97a105488dd6/elements - {"using":"xpath","value":"//button[@data-kt=\"addButton\"]"}
RESULT: {"using":"xpath","value":"//button[@data-kt=\"addButton\"]"}
COMMAND: POST /session/be9a23df4294472c3cbe97a105488dd6/elements - {"using":"xpath","value":"//button[@data-kt=\"addButton\"]"}
RESULT: {"using":"xpath","value":"//button[@data-kt=\"addButton\"]"}
COMMAND: POST /session/be9a23df4294472c3cbe97a105488dd6/elements - {"using":"xpath","value":"//button[@data-kt=\"addButton\"]"}
RESULT: {"using":"xpath","value":"//button[@data-kt=\"addButton\"]"}
COMMAND: POST /session/be9a23df4294472c3cbe97a105488dd6/elements - {"using":"xpath","value":"//button[@data-kt=\"addButton\"]"}
RESULT: {"using":"xpath","value":"//button[@data-kt=\"addButton\"]"}
COMMAND: POST /session/be9a23df4294472c3cbe97a105488dd6/elements - {"using":"xpath","value":"//button[@data-kt=\"addButton\"]"}
RESULT: {"using":"xpath","value":"//button[@data-kt=\"addButton\"]"}
COMMAND: POST /session/be9a23df4294472c3cbe97a105488dd6/elements - {"using":"xpath","value":"//button[@data-kt=\"addButton\"]"}
RESULT: {"using":"xpath","value":"//button[@data-kt=\"addButton\"]"}
COMMAND: POST /session/be9a23df4294472c3cbe97a105488dd6/elements - {"using":"xpath","value":"//button[@data-kt=\"addButton\"]"}
RESULT: {"using":"xpath","value":"//button[@data-kt=\"addButton\"]"}
COMMAND: POST /session/be9a23df4294472c3cbe97a105488dd6/elements - {"using":"xpath","value":"//button[@data-kt=\"addButton\"]"}
RESULT: {"using":"xpath","value":"//button[@data-kt=\"addButton\"]"}
COMMAND: POST /session/be9a23df4294472c3cbe97a105488dd6/elements - {"using":"xpath","value":"//button[@data-kt=\"addButton\"]"}
RESULT: {"using":"xpath","value":"//button[@data-kt=\"addButton\"]"}
COMMAND: POST /session/be9a23df4294472c3cbe97a105488dd6/elements - {"using":"xpath","value":"//button[@data-kt=\"addButton\"]"}
RESULT: {"using":"xpath","value":"//button[@data-kt=\"addButton\"]"}
COMMAND: POST /session/be9a23df4294472c3cbe97a105488dd6/elements - {"using":"xpath","value":"//button[@data-kt=\"addButton\"]"}
RESULT: {"using":"xpath","value":"//button[@data-kt=\"addButton\"]"}
COMMAND: POST /session/be9a23df4294472c3cbe97a105488dd6/elements - {"using":"xpath","value":"//button[@data-kt=\"addButton\"]"}
RESULT: {"using":"xpath","value":"//button[@data-kt=\"addButton\"]"}
COMMAND: POST /session/be9a23df4294472c3cbe97a105488dd6/elements - {"using":"xpath","value":"//button[@data-kt=\"addButton\"]"}
RESULT: {"using":"xpath","value":"//button[@data-kt=\"addButton\"]"}
COMMAND: POST /session/be9a23df4294472c3cbe97a105488dd6/elements - {"using":"xpath","value":"//button[@data-kt=\"addButton\"]"}
RESULT: {"using":"xpath","value":"//button[@data-kt=\"addButton\"]"}
COMMAND: POST /session/be9a23df4294472c3cbe97a105488dd6/elements - {"using":"xpath","value":"//button[@data-kt=\"addButton\"]"}
RESULT: {"using":"xpath","value":"//button[@data-kt=\"addButton\"]"}
COMMAND: POST /session/be9a23df4294472c3cbe97a105488dd6/elements - {"using":"xpath","value":"//button[@data-kt=\"addButton\"]"}
RESULT: {"using":"xpath","value":"//button[@data-kt=\"addButton\"]"}
COMMAND: POST /session/be9a23df4294472c3cbe97a105488dd6/elements - {"using":"xpath","value":"//button[@data-kt=\"addButton\"]"}
RESULT: {"using":"xpath","value":"//button[@data-kt=\"addButton\"]"}
COMMAND: POST /session/be9a23df4294472c3cbe97a105488dd6/elements - {"using":"xpath","value":"//button[@data-kt=\"addButton\"]"}
RESULT: {"using":"xpath","value":"//button[@data-kt=\"addButton\"]"}
COMMAND: POST /session/be9a23df4294472c3cbe97a105488dd6/elements - {"using":"xpath","value":"//button[@data-kt=\"addButton\"]"}
RESULT: {"using":"xpath","value":"//button[@data-kt=\"addButton\"]"}
COMMAND: POST /session/be9a23df4294472c3cbe97a105488dd6/elements - {"using":"xpath","value":"//button[@data-kt=\"addButton\"]"}
RESULT: {"using":"xpath","value":"//button[@data-kt=\"addButton\"]"}
COMMAND: POST /session/be9a23df4294472c3cbe97a105488dd6/elements - {"using":"xpath","value":"//button[@data-kt=\"addButton\"]"}
RESULT: {"using":"xpath","value":"//button[@data-kt=\"addButton\"]"}
COMMAND: POST /session/be9a23df4294472c3cbe97a105488dd6/elements - {"using":"xpath","value":"//button[@data-kt=\"addButton\"]"}
RESULT: {"using":"xpath","value":"//button[@data-kt=\"addButton\"]"}
COMMAND: POST /session/be9a23df4294472c3cbe97a105488dd6/elements - {"using":"xpath","value":"//button[@data-kt=\"addButton\"]"}
RESULT: {"using":"xpath","value":"//button[@data-kt=\"addButton\"]"}
COMMAND: POST /session/be9a23df4294472c3cbe97a105488dd6/elements - {"using":"xpath","value":"//button[@data-kt=\"addButton\"]"}
RESULT: {"using":"xpath","value":"//button[@data-kt=\"addButton\"]"}
COMMAND: POST /session/be9a23df4294472c3cbe97a105488dd6/elements - {"using":"xpath","value":"//button[@data-kt=\"addButton\"]"}
RESULT: {"using":"xpath","value":"//button[@data-kt=\"addButton\"]"}
COMMAND: POST /session/be9a23df4294472c3cbe97a105488dd6/elements - {"using":"xpath","value":"//button[@data-kt=\"addButton\"]"}
RESULT: {"using":"xpath","value":"//button[@data-kt=\"addButton\"]"}
COMMAND: POST /session/be9a23df4294472c3cbe97a105488dd6/elements - {"using":"xpath","value":"//button[@data-kt=\"addButton\"]"}
RESULT: {"using":"xpath","value":"//button[@data-kt=\"addButton\"]"}
COMMAND: POST /session/be9a23df4294472c3cbe97a105488dd6/elements - {"using":"xpath","value":"//button[@data-kt=\"addButton\"]"}
RESULT: {"using":"xpath","value":"//button[@data-kt=\"addButton\"]"}
COMMAND: POST /session/be9a23df4294472c3cbe97a105488dd6/elements - {"using":"xpath","value":"//button[@data-kt=\"addButton\"]"}
RESULT: {"using":"xpath","value":"//button[@data-kt=\"addButton\"]"}
COMMAND: POST /session/be9a23df4294472c3cbe97a105488dd6/elements - {"using":"xpath","value":"//button[@data-kt=\"addButton\"]"}
RESULT: {"using":"xpath","value":"//button[@data-kt=\"addButton\"]"}
COMMAND: POST /session/be9a23df4294472c3cbe97a105488dd6/elements - {"using":"xpath","value":"//button[@data-kt=\"addButton\"]"}
RESULT: {"using":"xpath","value":"//button[@data-kt=\"addButton\"]"}
COMMAND: POST /session/be9a23df4294472c3cbe97a105488dd6/elements - {"using":"xpath","value":"//button[@data-kt=\"addButton\"]"}
RESULT: {"using":"xpath","value":"//button[@data-kt=\"addButton\"]"}
COMMAND: POST /session/be9a23df4294472c3cbe97a105488dd6/elements - {"using":"xpath","value":"//button[@data-kt=\"addButton\"]"}
RESULT: {"using":"xpath","value":"//button[@data-kt=\"addButton\"]"}
COMMAND: POST /session/be9a23df4294472c3cbe97a105488dd6/elements - {"using":"xpath","value":"//button[@data-kt=\"addButton\"]"}
RESULT: {"using":"xpath","value":"//button[@data-kt=\"addButton\"]"}
COMMAND: POST /session/be9a23df4294472c3cbe97a105488dd6/elements - {"using":"xpath","value":"//button[@data-kt=\"addButton\"]"}
RESULT: {"using":"xpath","value":"//button[@data-kt=\"addButton\"]"}
COMMAND: POST /session/be9a23df4294472c3cbe97a105488dd6/elements - {"using":"xpath","value":"//button[@data-kt=\"addButton\"]"}
RESULT: {"using":"xpath","value":"//button[@data-kt=\"addButton\"]"}
COMMAND: POST /session/be9a23df4294472c3cbe97a105488dd6/elements - {"using":"xpath","value":"//button[@data-kt=\"addButton\"]"}
RESULT: {"using":"xpath","value":"//button[@data-kt=\"addButton\"]"}
COMMAND: POST /session/be9a23df4294472c3cbe97a105488dd6/elements - {"using":"xpath","value":"//button[@data-kt=\"addButton\"]"}
RESULT: {"using":"xpath","value":"//button[@data-kt=\"addButton\"]"}
COMMAND: POST /session/be9a23df4294472c3cbe97a105488dd6/elements - {"using":"xpath","value":"//button[@data-kt=\"addButton\"]"}
RESULT: {"using":"xpath","value":"//button[@data-kt=\"addButton\"]"}
COMMAND: POST /session/be9a23df4294472c3cbe97a105488dd6/elements - {"using":"xpath","value":"//button[@data-kt=\"addButton\"]"}
RESULT: {"using":"xpath","value":"//button[@data-kt=\"addButton\"]"}
COMMAND: POST /session/be9a23df4294472c3cbe97a105488dd6/elements - {"using":"xpath","value":"//button[@data-kt=\"addButton\"]"}
RESULT: {"using":"xpath","value":"//button[@data-kt=\"addButton\"]"}
COMMAND: POST /session/be9a23df4294472c3cbe97a105488dd6/elements - {"using":"xpath","value":"//button[@data-kt=\"addButton\"]"}
RESULT: {"using":"xpath","value":"//button[@data-kt=\"addButton\"]"}
COMMAND: GET /session/be9a23df4294472c3cbe97a105488dd6/screenshot - {}
RESULT: {}
]]></system-out>
      <system-err><![CDATA[
Error: element ("//button[@data-kt="addButton"]") still not existing after 45000ms
    at async UtilsPrerequisites.contractCreation (D:\a\1\s\test\specs\BTS\prerequisites-and-utils-functions.js:1741:9)
    at async Context.<anonymous> (D:\a\1\s\test\specs\BTS\billing-performance-workdays.spec.js:192:44)
]]></system-err>
    </testcase>
    <testcase classname="chrome.136_0_7103_93.windows.Performance_based_billing_(work_days)_US139742" name="Should add equipment to the contract" time="60.342">
      <failure/>
      <error message="Can't call click on element with selector &quot;//button[@data-kt=&quot;contractDetailEditBtnButton&quot;]&quot; because element wasn't found"/>
      <system-out><![CDATA[
COMMAND: POST /session/be9a23df4294472c3cbe97a105488dd6/element - {"using":"xpath","value":"//button[@data-kt=\"contractDetailEditBtnButton\"]"}
COMMAND: GET /session/be9a23df4294472c3cbe97a105488dd6/screenshot - {}
RESULT: {"using":"xpath","value":"//button[@data-kt=\"contractDetailEditBtnButton\"]"}
COMMAND: POST /session/be9a23df4294472c3cbe97a105488dd6/elements - {"using":"xpath","value":"//button[@data-kt=\"contractDetailEditBtnButton\"]"}
RESULT: {}
RESULT: {"using":"xpath","value":"//button[@data-kt=\"contractDetailEditBtnButton\"]"}
COMMAND: POST /session/be9a23df4294472c3cbe97a105488dd6/elements - {"using":"xpath","value":"//button[@data-kt=\"contractDetailEditBtnButton\"]"}
RESULT: {"using":"xpath","value":"//button[@data-kt=\"contractDetailEditBtnButton\"]"}
COMMAND: POST /session/be9a23df4294472c3cbe97a105488dd6/elements - {"using":"xpath","value":"//button[@data-kt=\"contractDetailEditBtnButton\"]"}
RESULT: {"using":"xpath","value":"//button[@data-kt=\"contractDetailEditBtnButton\"]"}
COMMAND: POST /session/be9a23df4294472c3cbe97a105488dd6/elements - {"using":"xpath","value":"//button[@data-kt=\"contractDetailEditBtnButton\"]"}
RESULT: {"using":"xpath","value":"//button[@data-kt=\"contractDetailEditBtnButton\"]"}
COMMAND: POST /session/be9a23df4294472c3cbe97a105488dd6/elements - {"using":"xpath","value":"//button[@data-kt=\"contractDetailEditBtnButton\"]"}
RESULT: {"using":"xpath","value":"//button[@data-kt=\"contractDetailEditBtnButton\"]"}
COMMAND: POST /session/be9a23df4294472c3cbe97a105488dd6/elements - {"using":"xpath","value":"//button[@data-kt=\"contractDetailEditBtnButton\"]"}
RESULT: {"using":"xpath","value":"//button[@data-kt=\"contractDetailEditBtnButton\"]"}
COMMAND: POST /session/be9a23df4294472c3cbe97a105488dd6/elements - {"using":"xpath","value":"//button[@data-kt=\"contractDetailEditBtnButton\"]"}
RESULT: {"using":"xpath","value":"//button[@data-kt=\"contractDetailEditBtnButton\"]"}
COMMAND: POST /session/be9a23df4294472c3cbe97a105488dd6/elements - {"using":"xpath","value":"//button[@data-kt=\"contractDetailEditBtnButton\"]"}
RESULT: {"using":"xpath","value":"//button[@data-kt=\"contractDetailEditBtnButton\"]"}
COMMAND: POST /session/be9a23df4294472c3cbe97a105488dd6/elements - {"using":"xpath","value":"//button[@data-kt=\"contractDetailEditBtnButton\"]"}
RESULT: {"using":"xpath","value":"//button[@data-kt=\"contractDetailEditBtnButton\"]"}
COMMAND: POST /session/be9a23df4294472c3cbe97a105488dd6/elements - {"using":"xpath","value":"//button[@data-kt=\"contractDetailEditBtnButton\"]"}
RESULT: {"using":"xpath","value":"//button[@data-kt=\"contractDetailEditBtnButton\"]"}
COMMAND: POST /session/be9a23df4294472c3cbe97a105488dd6/elements - {"using":"xpath","value":"//button[@data-kt=\"contractDetailEditBtnButton\"]"}
RESULT: {"using":"xpath","value":"//button[@data-kt=\"contractDetailEditBtnButton\"]"}
COMMAND: POST /session/be9a23df4294472c3cbe97a105488dd6/elements - {"using":"xpath","value":"//button[@data-kt=\"contractDetailEditBtnButton\"]"}
RESULT: {"using":"xpath","value":"//button[@data-kt=\"contractDetailEditBtnButton\"]"}
COMMAND: POST /session/be9a23df4294472c3cbe97a105488dd6/elements - {"using":"xpath","value":"//button[@data-kt=\"contractDetailEditBtnButton\"]"}
RESULT: {"using":"xpath","value":"//button[@data-kt=\"contractDetailEditBtnButton\"]"}
COMMAND: POST /session/be9a23df4294472c3cbe97a105488dd6/elements - {"using":"xpath","value":"//button[@data-kt=\"contractDetailEditBtnButton\"]"}
RESULT: {"using":"xpath","value":"//button[@data-kt=\"contractDetailEditBtnButton\"]"}
COMMAND: POST /session/be9a23df4294472c3cbe97a105488dd6/elements - {"using":"xpath","value":"//button[@data-kt=\"contractDetailEditBtnButton\"]"}
RESULT: {"using":"xpath","value":"//button[@data-kt=\"contractDetailEditBtnButton\"]"}
COMMAND: POST /session/be9a23df4294472c3cbe97a105488dd6/elements - {"using":"xpath","value":"//button[@data-kt=\"contractDetailEditBtnButton\"]"}
RESULT: {"using":"xpath","value":"//button[@data-kt=\"contractDetailEditBtnButton\"]"}
COMMAND: POST /session/be9a23df4294472c3cbe97a105488dd6/elements - {"using":"xpath","value":"//button[@data-kt=\"contractDetailEditBtnButton\"]"}
RESULT: {"using":"xpath","value":"//button[@data-kt=\"contractDetailEditBtnButton\"]"}
COMMAND: POST /session/be9a23df4294472c3cbe97a105488dd6/elements - {"using":"xpath","value":"//button[@data-kt=\"contractDetailEditBtnButton\"]"}
RESULT: {"using":"xpath","value":"//button[@data-kt=\"contractDetailEditBtnButton\"]"}
COMMAND: POST /session/be9a23df4294472c3cbe97a105488dd6/elements - {"using":"xpath","value":"//button[@data-kt=\"contractDetailEditBtnButton\"]"}
RESULT: {"using":"xpath","value":"//button[@data-kt=\"contractDetailEditBtnButton\"]"}
COMMAND: POST /session/be9a23df4294472c3cbe97a105488dd6/elements - {"using":"xpath","value":"//button[@data-kt=\"contractDetailEditBtnButton\"]"}
RESULT: {"using":"xpath","value":"//button[@data-kt=\"contractDetailEditBtnButton\"]"}
COMMAND: POST /session/be9a23df4294472c3cbe97a105488dd6/elements - {"using":"xpath","value":"//button[@data-kt=\"contractDetailEditBtnButton\"]"}
RESULT: {"using":"xpath","value":"//button[@data-kt=\"contractDetailEditBtnButton\"]"}
COMMAND: POST /session/be9a23df4294472c3cbe97a105488dd6/elements - {"using":"xpath","value":"//button[@data-kt=\"contractDetailEditBtnButton\"]"}
RESULT: {"using":"xpath","value":"//button[@data-kt=\"contractDetailEditBtnButton\"]"}
COMMAND: POST /session/be9a23df4294472c3cbe97a105488dd6/elements - {"using":"xpath","value":"//button[@data-kt=\"contractDetailEditBtnButton\"]"}
RESULT: {"using":"xpath","value":"//button[@data-kt=\"contractDetailEditBtnButton\"]"}
COMMAND: POST /session/be9a23df4294472c3cbe97a105488dd6/elements - {"using":"xpath","value":"//button[@data-kt=\"contractDetailEditBtnButton\"]"}
RESULT: {"using":"xpath","value":"//button[@data-kt=\"contractDetailEditBtnButton\"]"}
COMMAND: POST /session/be9a23df4294472c3cbe97a105488dd6/elements - {"using":"xpath","value":"//button[@data-kt=\"contractDetailEditBtnButton\"]"}
RESULT: {"using":"xpath","value":"//button[@data-kt=\"contractDetailEditBtnButton\"]"}
COMMAND: POST /session/be9a23df4294472c3cbe97a105488dd6/elements - {"using":"xpath","value":"//button[@data-kt=\"contractDetailEditBtnButton\"]"}
RESULT: {"using":"xpath","value":"//button[@data-kt=\"contractDetailEditBtnButton\"]"}
COMMAND: POST /session/be9a23df4294472c3cbe97a105488dd6/elements - {"using":"xpath","value":"//button[@data-kt=\"contractDetailEditBtnButton\"]"}
RESULT: {"using":"xpath","value":"//button[@data-kt=\"contractDetailEditBtnButton\"]"}
COMMAND: POST /session/be9a23df4294472c3cbe97a105488dd6/elements - {"using":"xpath","value":"//button[@data-kt=\"contractDetailEditBtnButton\"]"}
RESULT: {"using":"xpath","value":"//button[@data-kt=\"contractDetailEditBtnButton\"]"}
COMMAND: POST /session/be9a23df4294472c3cbe97a105488dd6/elements - {"using":"xpath","value":"//button[@data-kt=\"contractDetailEditBtnButton\"]"}
RESULT: {"using":"xpath","value":"//button[@data-kt=\"contractDetailEditBtnButton\"]"}
COMMAND: POST /session/be9a23df4294472c3cbe97a105488dd6/elements - {"using":"xpath","value":"//button[@data-kt=\"contractDetailEditBtnButton\"]"}
RESULT: {"using":"xpath","value":"//button[@data-kt=\"contractDetailEditBtnButton\"]"}
COMMAND: POST /session/be9a23df4294472c3cbe97a105488dd6/elements - {"using":"xpath","value":"//button[@data-kt=\"contractDetailEditBtnButton\"]"}
RESULT: {"using":"xpath","value":"//button[@data-kt=\"contractDetailEditBtnButton\"]"}
COMMAND: POST /session/be9a23df4294472c3cbe97a105488dd6/elements - {"using":"xpath","value":"//button[@data-kt=\"contractDetailEditBtnButton\"]"}
RESULT: {"using":"xpath","value":"//button[@data-kt=\"contractDetailEditBtnButton\"]"}
COMMAND: POST /session/be9a23df4294472c3cbe97a105488dd6/elements - {"using":"xpath","value":"//button[@data-kt=\"contractDetailEditBtnButton\"]"}
RESULT: {"using":"xpath","value":"//button[@data-kt=\"contractDetailEditBtnButton\"]"}
COMMAND: POST /session/be9a23df4294472c3cbe97a105488dd6/elements - {"using":"xpath","value":"//button[@data-kt=\"contractDetailEditBtnButton\"]"}
RESULT: {"using":"xpath","value":"//button[@data-kt=\"contractDetailEditBtnButton\"]"}
COMMAND: POST /session/be9a23df4294472c3cbe97a105488dd6/elements - {"using":"xpath","value":"//button[@data-kt=\"contractDetailEditBtnButton\"]"}
RESULT: {"using":"xpath","value":"//button[@data-kt=\"contractDetailEditBtnButton\"]"}
COMMAND: POST /session/be9a23df4294472c3cbe97a105488dd6/elements - {"using":"xpath","value":"//button[@data-kt=\"contractDetailEditBtnButton\"]"}
RESULT: {"using":"xpath","value":"//button[@data-kt=\"contractDetailEditBtnButton\"]"}
COMMAND: POST /session/be9a23df4294472c3cbe97a105488dd6/elements - {"using":"xpath","value":"//button[@data-kt=\"contractDetailEditBtnButton\"]"}
RESULT: {"using":"xpath","value":"//button[@data-kt=\"contractDetailEditBtnButton\"]"}
COMMAND: POST /session/be9a23df4294472c3cbe97a105488dd6/elements - {"using":"xpath","value":"//button[@data-kt=\"contractDetailEditBtnButton\"]"}
RESULT: {"using":"xpath","value":"//button[@data-kt=\"contractDetailEditBtnButton\"]"}
COMMAND: POST /session/be9a23df4294472c3cbe97a105488dd6/elements - {"using":"xpath","value":"//button[@data-kt=\"contractDetailEditBtnButton\"]"}
RESULT: {"using":"xpath","value":"//button[@data-kt=\"contractDetailEditBtnButton\"]"}
COMMAND: POST /session/be9a23df4294472c3cbe97a105488dd6/elements - {"using":"xpath","value":"//button[@data-kt=\"contractDetailEditBtnButton\"]"}
RESULT: {"using":"xpath","value":"//button[@data-kt=\"contractDetailEditBtnButton\"]"}
COMMAND: POST /session/be9a23df4294472c3cbe97a105488dd6/elements - {"using":"xpath","value":"//button[@data-kt=\"contractDetailEditBtnButton\"]"}
RESULT: {"using":"xpath","value":"//button[@data-kt=\"contractDetailEditBtnButton\"]"}
COMMAND: POST /session/be9a23df4294472c3cbe97a105488dd6/elements - {"using":"xpath","value":"//button[@data-kt=\"contractDetailEditBtnButton\"]"}
RESULT: {"using":"xpath","value":"//button[@data-kt=\"contractDetailEditBtnButton\"]"}
COMMAND: POST /session/be9a23df4294472c3cbe97a105488dd6/elements - {"using":"xpath","value":"//button[@data-kt=\"contractDetailEditBtnButton\"]"}
RESULT: {"using":"xpath","value":"//button[@data-kt=\"contractDetailEditBtnButton\"]"}
COMMAND: POST /session/be9a23df4294472c3cbe97a105488dd6/elements - {"using":"xpath","value":"//button[@data-kt=\"contractDetailEditBtnButton\"]"}
RESULT: {"using":"xpath","value":"//button[@data-kt=\"contractDetailEditBtnButton\"]"}
COMMAND: POST /session/be9a23df4294472c3cbe97a105488dd6/elements - {"using":"xpath","value":"//button[@data-kt=\"contractDetailEditBtnButton\"]"}
RESULT: {"using":"xpath","value":"//button[@data-kt=\"contractDetailEditBtnButton\"]"}
COMMAND: POST /session/be9a23df4294472c3cbe97a105488dd6/elements - {"using":"xpath","value":"//button[@data-kt=\"contractDetailEditBtnButton\"]"}
RESULT: {"using":"xpath","value":"//button[@data-kt=\"contractDetailEditBtnButton\"]"}
COMMAND: POST /session/be9a23df4294472c3cbe97a105488dd6/elements - {"using":"xpath","value":"//button[@data-kt=\"contractDetailEditBtnButton\"]"}
RESULT: {"using":"xpath","value":"//button[@data-kt=\"contractDetailEditBtnButton\"]"}
COMMAND: POST /session/be9a23df4294472c3cbe97a105488dd6/elements - {"using":"xpath","value":"//button[@data-kt=\"contractDetailEditBtnButton\"]"}
RESULT: {"using":"xpath","value":"//button[@data-kt=\"contractDetailEditBtnButton\"]"}
COMMAND: POST /session/be9a23df4294472c3cbe97a105488dd6/elements - {"using":"xpath","value":"//button[@data-kt=\"contractDetailEditBtnButton\"]"}
RESULT: {"using":"xpath","value":"//button[@data-kt=\"contractDetailEditBtnButton\"]"}
COMMAND: POST /session/be9a23df4294472c3cbe97a105488dd6/elements - {"using":"xpath","value":"//button[@data-kt=\"contractDetailEditBtnButton\"]"}
RESULT: {"using":"xpath","value":"//button[@data-kt=\"contractDetailEditBtnButton\"]"}
COMMAND: POST /session/be9a23df4294472c3cbe97a105488dd6/elements - {"using":"xpath","value":"//button[@data-kt=\"contractDetailEditBtnButton\"]"}
RESULT: {"using":"xpath","value":"//button[@data-kt=\"contractDetailEditBtnButton\"]"}
COMMAND: POST /session/be9a23df4294472c3cbe97a105488dd6/elements - {"using":"xpath","value":"//button[@data-kt=\"contractDetailEditBtnButton\"]"}
RESULT: {"using":"xpath","value":"//button[@data-kt=\"contractDetailEditBtnButton\"]"}
COMMAND: POST /session/be9a23df4294472c3cbe97a105488dd6/elements - {"using":"xpath","value":"//button[@data-kt=\"contractDetailEditBtnButton\"]"}
RESULT: {"using":"xpath","value":"//button[@data-kt=\"contractDetailEditBtnButton\"]"}
COMMAND: POST /session/be9a23df4294472c3cbe97a105488dd6/elements - {"using":"xpath","value":"//button[@data-kt=\"contractDetailEditBtnButton\"]"}
RESULT: {"using":"xpath","value":"//button[@data-kt=\"contractDetailEditBtnButton\"]"}
COMMAND: POST /session/be9a23df4294472c3cbe97a105488dd6/elements - {"using":"xpath","value":"//button[@data-kt=\"contractDetailEditBtnButton\"]"}
RESULT: {"using":"xpath","value":"//button[@data-kt=\"contractDetailEditBtnButton\"]"}
COMMAND: POST /session/be9a23df4294472c3cbe97a105488dd6/elements - {"using":"xpath","value":"//button[@data-kt=\"contractDetailEditBtnButton\"]"}
RESULT: {"using":"xpath","value":"//button[@data-kt=\"contractDetailEditBtnButton\"]"}
COMMAND: POST /session/be9a23df4294472c3cbe97a105488dd6/elements - {"using":"xpath","value":"//button[@data-kt=\"contractDetailEditBtnButton\"]"}
RESULT: {"using":"xpath","value":"//button[@data-kt=\"contractDetailEditBtnButton\"]"}
COMMAND: POST /session/be9a23df4294472c3cbe97a105488dd6/elements - {"using":"xpath","value":"//button[@data-kt=\"contractDetailEditBtnButton\"]"}
RESULT: {"using":"xpath","value":"//button[@data-kt=\"contractDetailEditBtnButton\"]"}
COMMAND: POST /session/be9a23df4294472c3cbe97a105488dd6/elements - {"using":"xpath","value":"//button[@data-kt=\"contractDetailEditBtnButton\"]"}
RESULT: {"using":"xpath","value":"//button[@data-kt=\"contractDetailEditBtnButton\"]"}
COMMAND: POST /session/be9a23df4294472c3cbe97a105488dd6/elements - {"using":"xpath","value":"//button[@data-kt=\"contractDetailEditBtnButton\"]"}
RESULT: {"using":"xpath","value":"//button[@data-kt=\"contractDetailEditBtnButton\"]"}
COMMAND: POST /session/be9a23df4294472c3cbe97a105488dd6/elements - {"using":"xpath","value":"//button[@data-kt=\"contractDetailEditBtnButton\"]"}
RESULT: {"using":"xpath","value":"//button[@data-kt=\"contractDetailEditBtnButton\"]"}
COMMAND: POST /session/be9a23df4294472c3cbe97a105488dd6/elements - {"using":"xpath","value":"//button[@data-kt=\"contractDetailEditBtnButton\"]"}
RESULT: {"using":"xpath","value":"//button[@data-kt=\"contractDetailEditBtnButton\"]"}
COMMAND: POST /session/be9a23df4294472c3cbe97a105488dd6/elements - {"using":"xpath","value":"//button[@data-kt=\"contractDetailEditBtnButton\"]"}
RESULT: {"using":"xpath","value":"//button[@data-kt=\"contractDetailEditBtnButton\"]"}
COMMAND: POST /session/be9a23df4294472c3cbe97a105488dd6/elements - {"using":"xpath","value":"//button[@data-kt=\"contractDetailEditBtnButton\"]"}
RESULT: {"using":"xpath","value":"//button[@data-kt=\"contractDetailEditBtnButton\"]"}
COMMAND: POST /session/be9a23df4294472c3cbe97a105488dd6/elements - {"using":"xpath","value":"//button[@data-kt=\"contractDetailEditBtnButton\"]"}
RESULT: {"using":"xpath","value":"//button[@data-kt=\"contractDetailEditBtnButton\"]"}
COMMAND: POST /session/be9a23df4294472c3cbe97a105488dd6/elements - {"using":"xpath","value":"//button[@data-kt=\"contractDetailEditBtnButton\"]"}
RESULT: {"using":"xpath","value":"//button[@data-kt=\"contractDetailEditBtnButton\"]"}
COMMAND: POST /session/be9a23df4294472c3cbe97a105488dd6/elements - {"using":"xpath","value":"//button[@data-kt=\"contractDetailEditBtnButton\"]"}
RESULT: {"using":"xpath","value":"//button[@data-kt=\"contractDetailEditBtnButton\"]"}
COMMAND: POST /session/be9a23df4294472c3cbe97a105488dd6/elements - {"using":"xpath","value":"//button[@data-kt=\"contractDetailEditBtnButton\"]"}
RESULT: {"using":"xpath","value":"//button[@data-kt=\"contractDetailEditBtnButton\"]"}
COMMAND: POST /session/be9a23df4294472c3cbe97a105488dd6/elements - {"using":"xpath","value":"//button[@data-kt=\"contractDetailEditBtnButton\"]"}
RESULT: {"using":"xpath","value":"//button[@data-kt=\"contractDetailEditBtnButton\"]"}
COMMAND: POST /session/be9a23df4294472c3cbe97a105488dd6/elements - {"using":"xpath","value":"//button[@data-kt=\"contractDetailEditBtnButton\"]"}
RESULT: {"using":"xpath","value":"//button[@data-kt=\"contractDetailEditBtnButton\"]"}
COMMAND: POST /session/be9a23df4294472c3cbe97a105488dd6/elements - {"using":"xpath","value":"//button[@data-kt=\"contractDetailEditBtnButton\"]"}
RESULT: {"using":"xpath","value":"//button[@data-kt=\"contractDetailEditBtnButton\"]"}
COMMAND: POST /session/be9a23df4294472c3cbe97a105488dd6/elements - {"using":"xpath","value":"//button[@data-kt=\"contractDetailEditBtnButton\"]"}
RESULT: {"using":"xpath","value":"//button[@data-kt=\"contractDetailEditBtnButton\"]"}
COMMAND: POST /session/be9a23df4294472c3cbe97a105488dd6/elements - {"using":"xpath","value":"//button[@data-kt=\"contractDetailEditBtnButton\"]"}
RESULT: {"using":"xpath","value":"//button[@data-kt=\"contractDetailEditBtnButton\"]"}
COMMAND: POST /session/be9a23df4294472c3cbe97a105488dd6/elements - {"using":"xpath","value":"//button[@data-kt=\"contractDetailEditBtnButton\"]"}
RESULT: {"using":"xpath","value":"//button[@data-kt=\"contractDetailEditBtnButton\"]"}
COMMAND: POST /session/be9a23df4294472c3cbe97a105488dd6/elements - {"using":"xpath","value":"//button[@data-kt=\"contractDetailEditBtnButton\"]"}
RESULT: {"using":"xpath","value":"//button[@data-kt=\"contractDetailEditBtnButton\"]"}
COMMAND: POST /session/be9a23df4294472c3cbe97a105488dd6/elements - {"using":"xpath","value":"//button[@data-kt=\"contractDetailEditBtnButton\"]"}
RESULT: {"using":"xpath","value":"//button[@data-kt=\"contractDetailEditBtnButton\"]"}
COMMAND: POST /session/be9a23df4294472c3cbe97a105488dd6/elements - {"using":"xpath","value":"//button[@data-kt=\"contractDetailEditBtnButton\"]"}
RESULT: {"using":"xpath","value":"//button[@data-kt=\"contractDetailEditBtnButton\"]"}
COMMAND: POST /session/be9a23df4294472c3cbe97a105488dd6/elements - {"using":"xpath","value":"//button[@data-kt=\"contractDetailEditBtnButton\"]"}
RESULT: {"using":"xpath","value":"//button[@data-kt=\"contractDetailEditBtnButton\"]"}
COMMAND: POST /session/be9a23df4294472c3cbe97a105488dd6/elements - {"using":"xpath","value":"//button[@data-kt=\"contractDetailEditBtnButton\"]"}
RESULT: {"using":"xpath","value":"//button[@data-kt=\"contractDetailEditBtnButton\"]"}
COMMAND: POST /session/be9a23df4294472c3cbe97a105488dd6/elements - {"using":"xpath","value":"//button[@data-kt=\"contractDetailEditBtnButton\"]"}
RESULT: {"using":"xpath","value":"//button[@data-kt=\"contractDetailEditBtnButton\"]"}
COMMAND: POST /session/be9a23df4294472c3cbe97a105488dd6/elements - {"using":"xpath","value":"//button[@data-kt=\"contractDetailEditBtnButton\"]"}
RESULT: {"using":"xpath","value":"//button[@data-kt=\"contractDetailEditBtnButton\"]"}
COMMAND: POST /session/be9a23df4294472c3cbe97a105488dd6/elements - {"using":"xpath","value":"//button[@data-kt=\"contractDetailEditBtnButton\"]"}
RESULT: {"using":"xpath","value":"//button[@data-kt=\"contractDetailEditBtnButton\"]"}
COMMAND: POST /session/be9a23df4294472c3cbe97a105488dd6/elements - {"using":"xpath","value":"//button[@data-kt=\"contractDetailEditBtnButton\"]"}
RESULT: {"using":"xpath","value":"//button[@data-kt=\"contractDetailEditBtnButton\"]"}
COMMAND: POST /session/be9a23df4294472c3cbe97a105488dd6/elements - {"using":"xpath","value":"//button[@data-kt=\"contractDetailEditBtnButton\"]"}
RESULT: {"using":"xpath","value":"//button[@data-kt=\"contractDetailEditBtnButton\"]"}
COMMAND: POST /session/be9a23df4294472c3cbe97a105488dd6/elements - {"using":"xpath","value":"//button[@data-kt=\"contractDetailEditBtnButton\"]"}
RESULT: {"using":"xpath","value":"//button[@data-kt=\"contractDetailEditBtnButton\"]"}
COMMAND: POST /session/be9a23df4294472c3cbe97a105488dd6/elements - {"using":"xpath","value":"//button[@data-kt=\"contractDetailEditBtnButton\"]"}
RESULT: {"using":"xpath","value":"//button[@data-kt=\"contractDetailEditBtnButton\"]"}
COMMAND: POST /session/be9a23df4294472c3cbe97a105488dd6/elements - {"using":"xpath","value":"//button[@data-kt=\"contractDetailEditBtnButton\"]"}
RESULT: {"using":"xpath","value":"//button[@data-kt=\"contractDetailEditBtnButton\"]"}
COMMAND: POST /session/be9a23df4294472c3cbe97a105488dd6/elements - {"using":"xpath","value":"//button[@data-kt=\"contractDetailEditBtnButton\"]"}
RESULT: {"using":"xpath","value":"//button[@data-kt=\"contractDetailEditBtnButton\"]"}
COMMAND: POST /session/be9a23df4294472c3cbe97a105488dd6/elements - {"using":"xpath","value":"//button[@data-kt=\"contractDetailEditBtnButton\"]"}
RESULT: {"using":"xpath","value":"//button[@data-kt=\"contractDetailEditBtnButton\"]"}
COMMAND: POST /session/be9a23df4294472c3cbe97a105488dd6/elements - {"using":"xpath","value":"//button[@data-kt=\"contractDetailEditBtnButton\"]"}
RESULT: {"using":"xpath","value":"//button[@data-kt=\"contractDetailEditBtnButton\"]"}
COMMAND: POST /session/be9a23df4294472c3cbe97a105488dd6/elements - {"using":"xpath","value":"//button[@data-kt=\"contractDetailEditBtnButton\"]"}
RESULT: {"using":"xpath","value":"//button[@data-kt=\"contractDetailEditBtnButton\"]"}
COMMAND: POST /session/be9a23df4294472c3cbe97a105488dd6/elements - {"using":"xpath","value":"//button[@data-kt=\"contractDetailEditBtnButton\"]"}
RESULT: {"using":"xpath","value":"//button[@data-kt=\"contractDetailEditBtnButton\"]"}
COMMAND: POST /session/be9a23df4294472c3cbe97a105488dd6/elements - {"using":"xpath","value":"//button[@data-kt=\"contractDetailEditBtnButton\"]"}
RESULT: {"using":"xpath","value":"//button[@data-kt=\"contractDetailEditBtnButton\"]"}
COMMAND: POST /session/be9a23df4294472c3cbe97a105488dd6/elements - {"using":"xpath","value":"//button[@data-kt=\"contractDetailEditBtnButton\"]"}
RESULT: {"using":"xpath","value":"//button[@data-kt=\"contractDetailEditBtnButton\"]"}
COMMAND: POST /session/be9a23df4294472c3cbe97a105488dd6/elements - {"using":"xpath","value":"//button[@data-kt=\"contractDetailEditBtnButton\"]"}
RESULT: {"using":"xpath","value":"//button[@data-kt=\"contractDetailEditBtnButton\"]"}
COMMAND: POST /session/be9a23df4294472c3cbe97a105488dd6/elements - {"using":"xpath","value":"//button[@data-kt=\"contractDetailEditBtnButton\"]"}
RESULT: {"using":"xpath","value":"//button[@data-kt=\"contractDetailEditBtnButton\"]"}
COMMAND: POST /session/be9a23df4294472c3cbe97a105488dd6/elements - {"using":"xpath","value":"//button[@data-kt=\"contractDetailEditBtnButton\"]"}
RESULT: {"using":"xpath","value":"//button[@data-kt=\"contractDetailEditBtnButton\"]"}
COMMAND: POST /session/be9a23df4294472c3cbe97a105488dd6/elements - {"using":"xpath","value":"//button[@data-kt=\"contractDetailEditBtnButton\"]"}
RESULT: {"using":"xpath","value":"//button[@data-kt=\"contractDetailEditBtnButton\"]"}
COMMAND: POST /session/be9a23df4294472c3cbe97a105488dd6/elements - {"using":"xpath","value":"//button[@data-kt=\"contractDetailEditBtnButton\"]"}
RESULT: {"using":"xpath","value":"//button[@data-kt=\"contractDetailEditBtnButton\"]"}
COMMAND: POST /session/be9a23df4294472c3cbe97a105488dd6/elements - {"using":"xpath","value":"//button[@data-kt=\"contractDetailEditBtnButton\"]"}
RESULT: {"using":"xpath","value":"//button[@data-kt=\"contractDetailEditBtnButton\"]"}
COMMAND: POST /session/be9a23df4294472c3cbe97a105488dd6/elements - {"using":"xpath","value":"//button[@data-kt=\"contractDetailEditBtnButton\"]"}
RESULT: {"using":"xpath","value":"//button[@data-kt=\"contractDetailEditBtnButton\"]"}
COMMAND: POST /session/be9a23df4294472c3cbe97a105488dd6/elements - {"using":"xpath","value":"//button[@data-kt=\"contractDetailEditBtnButton\"]"}
RESULT: {"using":"xpath","value":"//button[@data-kt=\"contractDetailEditBtnButton\"]"}
COMMAND: POST /session/be9a23df4294472c3cbe97a105488dd6/elements - {"using":"xpath","value":"//button[@data-kt=\"contractDetailEditBtnButton\"]"}
RESULT: {"using":"xpath","value":"//button[@data-kt=\"contractDetailEditBtnButton\"]"}
COMMAND: POST /session/be9a23df4294472c3cbe97a105488dd6/elements - {"using":"xpath","value":"//button[@data-kt=\"contractDetailEditBtnButton\"]"}
RESULT: {"using":"xpath","value":"//button[@data-kt=\"contractDetailEditBtnButton\"]"}
COMMAND: POST /session/be9a23df4294472c3cbe97a105488dd6/elements - {"using":"xpath","value":"//button[@data-kt=\"contractDetailEditBtnButton\"]"}
RESULT: {"using":"xpath","value":"//button[@data-kt=\"contractDetailEditBtnButton\"]"}
COMMAND: POST /session/be9a23df4294472c3cbe97a105488dd6/elements - {"using":"xpath","value":"//button[@data-kt=\"contractDetailEditBtnButton\"]"}
RESULT: {"using":"xpath","value":"//button[@data-kt=\"contractDetailEditBtnButton\"]"}
COMMAND: POST /session/be9a23df4294472c3cbe97a105488dd6/elements - {"using":"xpath","value":"//button[@data-kt=\"contractDetailEditBtnButton\"]"}
RESULT: {"using":"xpath","value":"//button[@data-kt=\"contractDetailEditBtnButton\"]"}
COMMAND: POST /session/be9a23df4294472c3cbe97a105488dd6/elements - {"using":"xpath","value":"//button[@data-kt=\"contractDetailEditBtnButton\"]"}
RESULT: {"using":"xpath","value":"//button[@data-kt=\"contractDetailEditBtnButton\"]"}
COMMAND: POST /session/be9a23df4294472c3cbe97a105488dd6/elements - {"using":"xpath","value":"//button[@data-kt=\"contractDetailEditBtnButton\"]"}
RESULT: {"using":"xpath","value":"//button[@data-kt=\"contractDetailEditBtnButton\"]"}
COMMAND: POST /session/be9a23df4294472c3cbe97a105488dd6/elements - {"using":"xpath","value":"//button[@data-kt=\"contractDetailEditBtnButton\"]"}
RESULT: {"using":"xpath","value":"//button[@data-kt=\"contractDetailEditBtnButton\"]"}
COMMAND: POST /session/be9a23df4294472c3cbe97a105488dd6/elements - {"using":"xpath","value":"//button[@data-kt=\"contractDetailEditBtnButton\"]"}
RESULT: {"using":"xpath","value":"//button[@data-kt=\"contractDetailEditBtnButton\"]"}
COMMAND: POST /session/be9a23df4294472c3cbe97a105488dd6/elements - {"using":"xpath","value":"//button[@data-kt=\"contractDetailEditBtnButton\"]"}
RESULT: {"using":"xpath","value":"//button[@data-kt=\"contractDetailEditBtnButton\"]"}
COMMAND: POST /session/be9a23df4294472c3cbe97a105488dd6/elements - {"using":"xpath","value":"//button[@data-kt=\"contractDetailEditBtnButton\"]"}
RESULT: {"using":"xpath","value":"//button[@data-kt=\"contractDetailEditBtnButton\"]"}
COMMAND: POST /session/be9a23df4294472c3cbe97a105488dd6/elements - {"using":"xpath","value":"//button[@data-kt=\"contractDetailEditBtnButton\"]"}
RESULT: {"using":"xpath","value":"//button[@data-kt=\"contractDetailEditBtnButton\"]"}
COMMAND: POST /session/be9a23df4294472c3cbe97a105488dd6/elements - {"using":"xpath","value":"//button[@data-kt=\"contractDetailEditBtnButton\"]"}
RESULT: {"using":"xpath","value":"//button[@data-kt=\"contractDetailEditBtnButton\"]"}
COMMAND: POST /session/be9a23df4294472c3cbe97a105488dd6/elements - {"using":"xpath","value":"//button[@data-kt=\"contractDetailEditBtnButton\"]"}
RESULT: {"using":"xpath","value":"//button[@data-kt=\"contractDetailEditBtnButton\"]"}
COMMAND: POST /session/be9a23df4294472c3cbe97a105488dd6/elements - {"using":"xpath","value":"//button[@data-kt=\"contractDetailEditBtnButton\"]"}
RESULT: {"using":"xpath","value":"//button[@data-kt=\"contractDetailEditBtnButton\"]"}
COMMAND: POST /session/be9a23df4294472c3cbe97a105488dd6/elements - {"using":"xpath","value":"//button[@data-kt=\"contractDetailEditBtnButton\"]"}
RESULT: {"using":"xpath","value":"//button[@data-kt=\"contractDetailEditBtnButton\"]"}
COMMAND: POST /session/be9a23df4294472c3cbe97a105488dd6/elements - {"using":"xpath","value":"//button[@data-kt=\"contractDetailEditBtnButton\"]"}
RESULT: {"using":"xpath","value":"//button[@data-kt=\"contractDetailEditBtnButton\"]"}
COMMAND: POST /session/be9a23df4294472c3cbe97a105488dd6/elements - {"using":"xpath","value":"//button[@data-kt=\"contractDetailEditBtnButton\"]"}
RESULT: {"using":"xpath","value":"//button[@data-kt=\"contractDetailEditBtnButton\"]"}
COMMAND: GET /session/be9a23df4294472c3cbe97a105488dd6/screenshot - {}
RESULT: {}
]]></system-out>
      <system-err><![CDATA[
Error: Can't call click on element with selector "//button[@data-kt="contractDetailEditBtnButton"]" because element wasn't found
    at async UtilsPrerequisites.addItemToContract (D:\a\1\s\test\specs\BTS\prerequisites-and-utils-functions.js:1852:9)
    at async Context.<anonymous> (D:\a\1\s\test\specs\BTS\billing-performance-workdays.spec.js:196:9)
]]></system-err>
    </testcase>
    <testcase classname="chrome.136_0_7103_93.windows.Performance_based_billing_(work_days)_US139742" name="Should do a provide to site handover" time="60.848">
      <failure/>
      <error message="Can't call click on element with selector &quot;//button[@data-kt=&quot;provideButton&quot;]&quot; because element wasn't found"/>
      <system-out><![CDATA[
COMMAND: GET /session/be9a23df4294472c3cbe97a105488dd6/screenshot - {}
COMMAND: POST /session/be9a23df4294472c3cbe97a105488dd6/element - {"using":"xpath","value":"//button[@data-kt=\"provideButton\"]"}
RESULT: {}
RESULT: {"using":"xpath","value":"//button[@data-kt=\"provideButton\"]"}
COMMAND: POST /session/be9a23df4294472c3cbe97a105488dd6/elements - {"using":"xpath","value":"//button[@data-kt=\"provideButton\"]"}
RESULT: {"using":"xpath","value":"//button[@data-kt=\"provideButton\"]"}
COMMAND: POST /session/be9a23df4294472c3cbe97a105488dd6/elements - {"using":"xpath","value":"//button[@data-kt=\"provideButton\"]"}
RESULT: {"using":"xpath","value":"//button[@data-kt=\"provideButton\"]"}
COMMAND: POST /session/be9a23df4294472c3cbe97a105488dd6/elements - {"using":"xpath","value":"//button[@data-kt=\"provideButton\"]"}
RESULT: {"using":"xpath","value":"//button[@data-kt=\"provideButton\"]"}
COMMAND: POST /session/be9a23df4294472c3cbe97a105488dd6/elements - {"using":"xpath","value":"//button[@data-kt=\"provideButton\"]"}
RESULT: {"using":"xpath","value":"//button[@data-kt=\"provideButton\"]"}
COMMAND: POST /session/be9a23df4294472c3cbe97a105488dd6/elements - {"using":"xpath","value":"//button[@data-kt=\"provideButton\"]"}
RESULT: {"using":"xpath","value":"//button[@data-kt=\"provideButton\"]"}
COMMAND: POST /session/be9a23df4294472c3cbe97a105488dd6/elements - {"using":"xpath","value":"//button[@data-kt=\"provideButton\"]"}
RESULT: {"using":"xpath","value":"//button[@data-kt=\"provideButton\"]"}
COMMAND: POST /session/be9a23df4294472c3cbe97a105488dd6/elements - {"using":"xpath","value":"//button[@data-kt=\"provideButton\"]"}
RESULT: {"using":"xpath","value":"//button[@data-kt=\"provideButton\"]"}
COMMAND: POST /session/be9a23df4294472c3cbe97a105488dd6/elements - {"using":"xpath","value":"//button[@data-kt=\"provideButton\"]"}
RESULT: {"using":"xpath","value":"//button[@data-kt=\"provideButton\"]"}
COMMAND: POST /session/be9a23df4294472c3cbe97a105488dd6/elements - {"using":"xpath","value":"//button[@data-kt=\"provideButton\"]"}
RESULT: {"using":"xpath","value":"//button[@data-kt=\"provideButton\"]"}
COMMAND: POST /session/be9a23df4294472c3cbe97a105488dd6/elements - {"using":"xpath","value":"//button[@data-kt=\"provideButton\"]"}
RESULT: {"using":"xpath","value":"//button[@data-kt=\"provideButton\"]"}
COMMAND: POST /session/be9a23df4294472c3cbe97a105488dd6/elements - {"using":"xpath","value":"//button[@data-kt=\"provideButton\"]"}
RESULT: {"using":"xpath","value":"//button[@data-kt=\"provideButton\"]"}
COMMAND: POST /session/be9a23df4294472c3cbe97a105488dd6/elements - {"using":"xpath","value":"//button[@data-kt=\"provideButton\"]"}
RESULT: {"using":"xpath","value":"//button[@data-kt=\"provideButton\"]"}
COMMAND: POST /session/be9a23df4294472c3cbe97a105488dd6/elements - {"using":"xpath","value":"//button[@data-kt=\"provideButton\"]"}
RESULT: {"using":"xpath","value":"//button[@data-kt=\"provideButton\"]"}
COMMAND: POST /session/be9a23df4294472c3cbe97a105488dd6/elements - {"using":"xpath","value":"//button[@data-kt=\"provideButton\"]"}
RESULT: {"using":"xpath","value":"//button[@data-kt=\"provideButton\"]"}
COMMAND: POST /session/be9a23df4294472c3cbe97a105488dd6/elements - {"using":"xpath","value":"//button[@data-kt=\"provideButton\"]"}
RESULT: {"using":"xpath","value":"//button[@data-kt=\"provideButton\"]"}
COMMAND: POST /session/be9a23df4294472c3cbe97a105488dd6/elements - {"using":"xpath","value":"//button[@data-kt=\"provideButton\"]"}
RESULT: {"using":"xpath","value":"//button[@data-kt=\"provideButton\"]"}
COMMAND: POST /session/be9a23df4294472c3cbe97a105488dd6/elements - {"using":"xpath","value":"//button[@data-kt=\"provideButton\"]"}
RESULT: {"using":"xpath","value":"//button[@data-kt=\"provideButton\"]"}
COMMAND: POST /session/be9a23df4294472c3cbe97a105488dd6/elements - {"using":"xpath","value":"//button[@data-kt=\"provideButton\"]"}
RESULT: {"using":"xpath","value":"//button[@data-kt=\"provideButton\"]"}
COMMAND: POST /session/be9a23df4294472c3cbe97a105488dd6/elements - {"using":"xpath","value":"//button[@data-kt=\"provideButton\"]"}
RESULT: {"using":"xpath","value":"//button[@data-kt=\"provideButton\"]"}
COMMAND: POST /session/be9a23df4294472c3cbe97a105488dd6/elements - {"using":"xpath","value":"//button[@data-kt=\"provideButton\"]"}
RESULT: {"using":"xpath","value":"//button[@data-kt=\"provideButton\"]"}
COMMAND: POST /session/be9a23df4294472c3cbe97a105488dd6/elements - {"using":"xpath","value":"//button[@data-kt=\"provideButton\"]"}
RESULT: {"using":"xpath","value":"//button[@data-kt=\"provideButton\"]"}
COMMAND: POST /session/be9a23df4294472c3cbe97a105488dd6/elements - {"using":"xpath","value":"//button[@data-kt=\"provideButton\"]"}
RESULT: {"using":"xpath","value":"//button[@data-kt=\"provideButton\"]"}
COMMAND: POST /session/be9a23df4294472c3cbe97a105488dd6/elements - {"using":"xpath","value":"//button[@data-kt=\"provideButton\"]"}
RESULT: {"using":"xpath","value":"//button[@data-kt=\"provideButton\"]"}
COMMAND: POST /session/be9a23df4294472c3cbe97a105488dd6/elements - {"using":"xpath","value":"//button[@data-kt=\"provideButton\"]"}
RESULT: {"using":"xpath","value":"//button[@data-kt=\"provideButton\"]"}
COMMAND: POST /session/be9a23df4294472c3cbe97a105488dd6/elements - {"using":"xpath","value":"//button[@data-kt=\"provideButton\"]"}
RESULT: {"using":"xpath","value":"//button[@data-kt=\"provideButton\"]"}
COMMAND: POST /session/be9a23df4294472c3cbe97a105488dd6/elements - {"using":"xpath","value":"//button[@data-kt=\"provideButton\"]"}
RESULT: {"using":"xpath","value":"//button[@data-kt=\"provideButton\"]"}
COMMAND: POST /session/be9a23df4294472c3cbe97a105488dd6/elements - {"using":"xpath","value":"//button[@data-kt=\"provideButton\"]"}
RESULT: {"using":"xpath","value":"//button[@data-kt=\"provideButton\"]"}
COMMAND: POST /session/be9a23df4294472c3cbe97a105488dd6/elements - {"using":"xpath","value":"//button[@data-kt=\"provideButton\"]"}
RESULT: {"using":"xpath","value":"//button[@data-kt=\"provideButton\"]"}
COMMAND: POST /session/be9a23df4294472c3cbe97a105488dd6/elements - {"using":"xpath","value":"//button[@data-kt=\"provideButton\"]"}
RESULT: {"using":"xpath","value":"//button[@data-kt=\"provideButton\"]"}
COMMAND: POST /session/be9a23df4294472c3cbe97a105488dd6/elements - {"using":"xpath","value":"//button[@data-kt=\"provideButton\"]"}
RESULT: {"using":"xpath","value":"//button[@data-kt=\"provideButton\"]"}
COMMAND: POST /session/be9a23df4294472c3cbe97a105488dd6/elements - {"using":"xpath","value":"//button[@data-kt=\"provideButton\"]"}
RESULT: {"using":"xpath","value":"//button[@data-kt=\"provideButton\"]"}
COMMAND: POST /session/be9a23df4294472c3cbe97a105488dd6/elements - {"using":"xpath","value":"//button[@data-kt=\"provideButton\"]"}
RESULT: {"using":"xpath","value":"//button[@data-kt=\"provideButton\"]"}
COMMAND: POST /session/be9a23df4294472c3cbe97a105488dd6/elements - {"using":"xpath","value":"//button[@data-kt=\"provideButton\"]"}
RESULT: {"using":"xpath","value":"//button[@data-kt=\"provideButton\"]"}
COMMAND: POST /session/be9a23df4294472c3cbe97a105488dd6/elements - {"using":"xpath","value":"//button[@data-kt=\"provideButton\"]"}
RESULT: {"using":"xpath","value":"//button[@data-kt=\"provideButton\"]"}
COMMAND: POST /session/be9a23df4294472c3cbe97a105488dd6/elements - {"using":"xpath","value":"//button[@data-kt=\"provideButton\"]"}
RESULT: {"using":"xpath","value":"//button[@data-kt=\"provideButton\"]"}
COMMAND: POST /session/be9a23df4294472c3cbe97a105488dd6/elements - {"using":"xpath","value":"//button[@data-kt=\"provideButton\"]"}
RESULT: {"using":"xpath","value":"//button[@data-kt=\"provideButton\"]"}
COMMAND: POST /session/be9a23df4294472c3cbe97a105488dd6/elements - {"using":"xpath","value":"//button[@data-kt=\"provideButton\"]"}
RESULT: {"using":"xpath","value":"//button[@data-kt=\"provideButton\"]"}
COMMAND: POST /session/be9a23df4294472c3cbe97a105488dd6/elements - {"using":"xpath","value":"//button[@data-kt=\"provideButton\"]"}
RESULT: {"using":"xpath","value":"//button[@data-kt=\"provideButton\"]"}
COMMAND: POST /session/be9a23df4294472c3cbe97a105488dd6/elements - {"using":"xpath","value":"//button[@data-kt=\"provideButton\"]"}
RESULT: {"using":"xpath","value":"//button[@data-kt=\"provideButton\"]"}
COMMAND: POST /session/be9a23df4294472c3cbe97a105488dd6/elements - {"using":"xpath","value":"//button[@data-kt=\"provideButton\"]"}
RESULT: {"using":"xpath","value":"//button[@data-kt=\"provideButton\"]"}
COMMAND: POST /session/be9a23df4294472c3cbe97a105488dd6/elements - {"using":"xpath","value":"//button[@data-kt=\"provideButton\"]"}
RESULT: {"using":"xpath","value":"//button[@data-kt=\"provideButton\"]"}
COMMAND: POST /session/be9a23df4294472c3cbe97a105488dd6/elements - {"using":"xpath","value":"//button[@data-kt=\"provideButton\"]"}
RESULT: {"using":"xpath","value":"//button[@data-kt=\"provideButton\"]"}
COMMAND: POST /session/be9a23df4294472c3cbe97a105488dd6/elements - {"using":"xpath","value":"//button[@data-kt=\"provideButton\"]"}
RESULT: {"using":"xpath","value":"//button[@data-kt=\"provideButton\"]"}
COMMAND: POST /session/be9a23df4294472c3cbe97a105488dd6/elements - {"using":"xpath","value":"//button[@data-kt=\"provideButton\"]"}
RESULT: {"using":"xpath","value":"//button[@data-kt=\"provideButton\"]"}
COMMAND: POST /session/be9a23df4294472c3cbe97a105488dd6/elements - {"using":"xpath","value":"//button[@data-kt=\"provideButton\"]"}
RESULT: {"using":"xpath","value":"//button[@data-kt=\"provideButton\"]"}
COMMAND: POST /session/be9a23df4294472c3cbe97a105488dd6/elements - {"using":"xpath","value":"//button[@data-kt=\"provideButton\"]"}
RESULT: {"using":"xpath","value":"//button[@data-kt=\"provideButton\"]"}
COMMAND: POST /session/be9a23df4294472c3cbe97a105488dd6/elements - {"using":"xpath","value":"//button[@data-kt=\"provideButton\"]"}
RESULT: {"using":"xpath","value":"//button[@data-kt=\"provideButton\"]"}
COMMAND: POST /session/be9a23df4294472c3cbe97a105488dd6/elements - {"using":"xpath","value":"//button[@data-kt=\"provideButton\"]"}
RESULT: {"using":"xpath","value":"//button[@data-kt=\"provideButton\"]"}
COMMAND: POST /session/be9a23df4294472c3cbe97a105488dd6/elements - {"using":"xpath","value":"//button[@data-kt=\"provideButton\"]"}
RESULT: {"using":"xpath","value":"//button[@data-kt=\"provideButton\"]"}
COMMAND: POST /session/be9a23df4294472c3cbe97a105488dd6/elements - {"using":"xpath","value":"//button[@data-kt=\"provideButton\"]"}
RESULT: {"using":"xpath","value":"//button[@data-kt=\"provideButton\"]"}
COMMAND: POST /session/be9a23df4294472c3cbe97a105488dd6/elements - {"using":"xpath","value":"//button[@data-kt=\"provideButton\"]"}
RESULT: {"using":"xpath","value":"//button[@data-kt=\"provideButton\"]"}
COMMAND: POST /session/be9a23df4294472c3cbe97a105488dd6/elements - {"using":"xpath","value":"//button[@data-kt=\"provideButton\"]"}
RESULT: {"using":"xpath","value":"//button[@data-kt=\"provideButton\"]"}
COMMAND: POST /session/be9a23df4294472c3cbe97a105488dd6/elements - {"using":"xpath","value":"//button[@data-kt=\"provideButton\"]"}
RESULT: {"using":"xpath","value":"//button[@data-kt=\"provideButton\"]"}
COMMAND: POST /session/be9a23df4294472c3cbe97a105488dd6/elements - {"using":"xpath","value":"//button[@data-kt=\"provideButton\"]"}
RESULT: {"using":"xpath","value":"//button[@data-kt=\"provideButton\"]"}
COMMAND: POST /session/be9a23df4294472c3cbe97a105488dd6/elements - {"using":"xpath","value":"//button[@data-kt=\"provideButton\"]"}
RESULT: {"using":"xpath","value":"//button[@data-kt=\"provideButton\"]"}
COMMAND: POST /session/be9a23df4294472c3cbe97a105488dd6/elements - {"using":"xpath","value":"//button[@data-kt=\"provideButton\"]"}
RESULT: {"using":"xpath","value":"//button[@data-kt=\"provideButton\"]"}
COMMAND: POST /session/be9a23df4294472c3cbe97a105488dd6/elements - {"using":"xpath","value":"//button[@data-kt=\"provideButton\"]"}
RESULT: {"using":"xpath","value":"//button[@data-kt=\"provideButton\"]"}
COMMAND: POST /session/be9a23df4294472c3cbe97a105488dd6/elements - {"using":"xpath","value":"//button[@data-kt=\"provideButton\"]"}
RESULT: {"using":"xpath","value":"//button[@data-kt=\"provideButton\"]"}
COMMAND: POST /session/be9a23df4294472c3cbe97a105488dd6/elements - {"using":"xpath","value":"//button[@data-kt=\"provideButton\"]"}
RESULT: {"using":"xpath","value":"//button[@data-kt=\"provideButton\"]"}
COMMAND: POST /session/be9a23df4294472c3cbe97a105488dd6/elements - {"using":"xpath","value":"//button[@data-kt=\"provideButton\"]"}
RESULT: {"using":"xpath","value":"//button[@data-kt=\"provideButton\"]"}
COMMAND: POST /session/be9a23df4294472c3cbe97a105488dd6/elements - {"using":"xpath","value":"//button[@data-kt=\"provideButton\"]"}
RESULT: {"using":"xpath","value":"//button[@data-kt=\"provideButton\"]"}
COMMAND: POST /session/be9a23df4294472c3cbe97a105488dd6/elements - {"using":"xpath","value":"//button[@data-kt=\"provideButton\"]"}
RESULT: {"using":"xpath","value":"//button[@data-kt=\"provideButton\"]"}
COMMAND: POST /session/be9a23df4294472c3cbe97a105488dd6/elements - {"using":"xpath","value":"//button[@data-kt=\"provideButton\"]"}
RESULT: {"using":"xpath","value":"//button[@data-kt=\"provideButton\"]"}
COMMAND: POST /session/be9a23df4294472c3cbe97a105488dd6/elements - {"using":"xpath","value":"//button[@data-kt=\"provideButton\"]"}
RESULT: {"using":"xpath","value":"//button[@data-kt=\"provideButton\"]"}
COMMAND: POST /session/be9a23df4294472c3cbe97a105488dd6/elements - {"using":"xpath","value":"//button[@data-kt=\"provideButton\"]"}
RESULT: {"using":"xpath","value":"//button[@data-kt=\"provideButton\"]"}
COMMAND: POST /session/be9a23df4294472c3cbe97a105488dd6/elements - {"using":"xpath","value":"//button[@data-kt=\"provideButton\"]"}
RESULT: {"using":"xpath","value":"//button[@data-kt=\"provideButton\"]"}
COMMAND: POST /session/be9a23df4294472c3cbe97a105488dd6/elements - {"using":"xpath","value":"//button[@data-kt=\"provideButton\"]"}
RESULT: {"using":"xpath","value":"//button[@data-kt=\"provideButton\"]"}
COMMAND: POST /session/be9a23df4294472c3cbe97a105488dd6/elements - {"using":"xpath","value":"//button[@data-kt=\"provideButton\"]"}
RESULT: {"using":"xpath","value":"//button[@data-kt=\"provideButton\"]"}
COMMAND: POST /session/be9a23df4294472c3cbe97a105488dd6/elements - {"using":"xpath","value":"//button[@data-kt=\"provideButton\"]"}
RESULT: {"using":"xpath","value":"//button[@data-kt=\"provideButton\"]"}
COMMAND: POST /session/be9a23df4294472c3cbe97a105488dd6/elements - {"using":"xpath","value":"//button[@data-kt=\"provideButton\"]"}
RESULT: {"using":"xpath","value":"//button[@data-kt=\"provideButton\"]"}
COMMAND: POST /session/be9a23df4294472c3cbe97a105488dd6/elements - {"using":"xpath","value":"//button[@data-kt=\"provideButton\"]"}
RESULT: {"using":"xpath","value":"//button[@data-kt=\"provideButton\"]"}
COMMAND: POST /session/be9a23df4294472c3cbe97a105488dd6/elements - {"using":"xpath","value":"//button[@data-kt=\"provideButton\"]"}
RESULT: {"using":"xpath","value":"//button[@data-kt=\"provideButton\"]"}
COMMAND: POST /session/be9a23df4294472c3cbe97a105488dd6/elements - {"using":"xpath","value":"//button[@data-kt=\"provideButton\"]"}
RESULT: {"using":"xpath","value":"//button[@data-kt=\"provideButton\"]"}
COMMAND: POST /session/be9a23df4294472c3cbe97a105488dd6/elements - {"using":"xpath","value":"//button[@data-kt=\"provideButton\"]"}
RESULT: {"using":"xpath","value":"//button[@data-kt=\"provideButton\"]"}
COMMAND: POST /session/be9a23df4294472c3cbe97a105488dd6/elements - {"using":"xpath","value":"//button[@data-kt=\"provideButton\"]"}
RESULT: {"using":"xpath","value":"//button[@data-kt=\"provideButton\"]"}
COMMAND: POST /session/be9a23df4294472c3cbe97a105488dd6/elements - {"using":"xpath","value":"//button[@data-kt=\"provideButton\"]"}
RESULT: {"using":"xpath","value":"//button[@data-kt=\"provideButton\"]"}
COMMAND: POST /session/be9a23df4294472c3cbe97a105488dd6/elements - {"using":"xpath","value":"//button[@data-kt=\"provideButton\"]"}
RESULT: {"using":"xpath","value":"//button[@data-kt=\"provideButton\"]"}
COMMAND: POST /session/be9a23df4294472c3cbe97a105488dd6/elements - {"using":"xpath","value":"//button[@data-kt=\"provideButton\"]"}
RESULT: {"using":"xpath","value":"//button[@data-kt=\"provideButton\"]"}
COMMAND: POST /session/be9a23df4294472c3cbe97a105488dd6/elements - {"using":"xpath","value":"//button[@data-kt=\"provideButton\"]"}
RESULT: {"using":"xpath","value":"//button[@data-kt=\"provideButton\"]"}
COMMAND: POST /session/be9a23df4294472c3cbe97a105488dd6/elements - {"using":"xpath","value":"//button[@data-kt=\"provideButton\"]"}
RESULT: {"using":"xpath","value":"//button[@data-kt=\"provideButton\"]"}
COMMAND: POST /session/be9a23df4294472c3cbe97a105488dd6/elements - {"using":"xpath","value":"//button[@data-kt=\"provideButton\"]"}
RESULT: {"using":"xpath","value":"//button[@data-kt=\"provideButton\"]"}
COMMAND: POST /session/be9a23df4294472c3cbe97a105488dd6/elements - {"using":"xpath","value":"//button[@data-kt=\"provideButton\"]"}
RESULT: {"using":"xpath","value":"//button[@data-kt=\"provideButton\"]"}
COMMAND: POST /session/be9a23df4294472c3cbe97a105488dd6/elements - {"using":"xpath","value":"//button[@data-kt=\"provideButton\"]"}
RESULT: {"using":"xpath","value":"//button[@data-kt=\"provideButton\"]"}
COMMAND: POST /session/be9a23df4294472c3cbe97a105488dd6/elements - {"using":"xpath","value":"//button[@data-kt=\"provideButton\"]"}
RESULT: {"using":"xpath","value":"//button[@data-kt=\"provideButton\"]"}
COMMAND: POST /session/be9a23df4294472c3cbe97a105488dd6/elements - {"using":"xpath","value":"//button[@data-kt=\"provideButton\"]"}
RESULT: {"using":"xpath","value":"//button[@data-kt=\"provideButton\"]"}
COMMAND: POST /session/be9a23df4294472c3cbe97a105488dd6/elements - {"using":"xpath","value":"//button[@data-kt=\"provideButton\"]"}
RESULT: {"using":"xpath","value":"//button[@data-kt=\"provideButton\"]"}
COMMAND: POST /session/be9a23df4294472c3cbe97a105488dd6/elements - {"using":"xpath","value":"//button[@data-kt=\"provideButton\"]"}
RESULT: {"using":"xpath","value":"//button[@data-kt=\"provideButton\"]"}
COMMAND: POST /session/be9a23df4294472c3cbe97a105488dd6/elements - {"using":"xpath","value":"//button[@data-kt=\"provideButton\"]"}
RESULT: {"using":"xpath","value":"//button[@data-kt=\"provideButton\"]"}
COMMAND: POST /session/be9a23df4294472c3cbe97a105488dd6/elements - {"using":"xpath","value":"//button[@data-kt=\"provideButton\"]"}
RESULT: {"using":"xpath","value":"//button[@data-kt=\"provideButton\"]"}
COMMAND: POST /session/be9a23df4294472c3cbe97a105488dd6/elements - {"using":"xpath","value":"//button[@data-kt=\"provideButton\"]"}
RESULT: {"using":"xpath","value":"//button[@data-kt=\"provideButton\"]"}
COMMAND: POST /session/be9a23df4294472c3cbe97a105488dd6/elements - {"using":"xpath","value":"//button[@data-kt=\"provideButton\"]"}
RESULT: {"using":"xpath","value":"//button[@data-kt=\"provideButton\"]"}
COMMAND: POST /session/be9a23df4294472c3cbe97a105488dd6/elements - {"using":"xpath","value":"//button[@data-kt=\"provideButton\"]"}
RESULT: {"using":"xpath","value":"//button[@data-kt=\"provideButton\"]"}
COMMAND: POST /session/be9a23df4294472c3cbe97a105488dd6/elements - {"using":"xpath","value":"//button[@data-kt=\"provideButton\"]"}
RESULT: {"using":"xpath","value":"//button[@data-kt=\"provideButton\"]"}
COMMAND: POST /session/be9a23df4294472c3cbe97a105488dd6/elements - {"using":"xpath","value":"//button[@data-kt=\"provideButton\"]"}
RESULT: {"using":"xpath","value":"//button[@data-kt=\"provideButton\"]"}
COMMAND: POST /session/be9a23df4294472c3cbe97a105488dd6/elements - {"using":"xpath","value":"//button[@data-kt=\"provideButton\"]"}
RESULT: {"using":"xpath","value":"//button[@data-kt=\"provideButton\"]"}
COMMAND: POST /session/be9a23df4294472c3cbe97a105488dd6/elements - {"using":"xpath","value":"//button[@data-kt=\"provideButton\"]"}
RESULT: {"using":"xpath","value":"//button[@data-kt=\"provideButton\"]"}
COMMAND: POST /session/be9a23df4294472c3cbe97a105488dd6/elements - {"using":"xpath","value":"//button[@data-kt=\"provideButton\"]"}
RESULT: {"using":"xpath","value":"//button[@data-kt=\"provideButton\"]"}
COMMAND: POST /session/be9a23df4294472c3cbe97a105488dd6/elements - {"using":"xpath","value":"//button[@data-kt=\"provideButton\"]"}
RESULT: {"using":"xpath","value":"//button[@data-kt=\"provideButton\"]"}
COMMAND: POST /session/be9a23df4294472c3cbe97a105488dd6/elements - {"using":"xpath","value":"//button[@data-kt=\"provideButton\"]"}
RESULT: {"using":"xpath","value":"//button[@data-kt=\"provideButton\"]"}
COMMAND: POST /session/be9a23df4294472c3cbe97a105488dd6/elements - {"using":"xpath","value":"//button[@data-kt=\"provideButton\"]"}
RESULT: {"using":"xpath","value":"//button[@data-kt=\"provideButton\"]"}
COMMAND: POST /session/be9a23df4294472c3cbe97a105488dd6/elements - {"using":"xpath","value":"//button[@data-kt=\"provideButton\"]"}
RESULT: {"using":"xpath","value":"//button[@data-kt=\"provideButton\"]"}
COMMAND: POST /session/be9a23df4294472c3cbe97a105488dd6/elements - {"using":"xpath","value":"//button[@data-kt=\"provideButton\"]"}
RESULT: {"using":"xpath","value":"//button[@data-kt=\"provideButton\"]"}
COMMAND: POST /session/be9a23df4294472c3cbe97a105488dd6/elements - {"using":"xpath","value":"//button[@data-kt=\"provideButton\"]"}
RESULT: {"using":"xpath","value":"//button[@data-kt=\"provideButton\"]"}
COMMAND: POST /session/be9a23df4294472c3cbe97a105488dd6/elements - {"using":"xpath","value":"//button[@data-kt=\"provideButton\"]"}
RESULT: {"using":"xpath","value":"//button[@data-kt=\"provideButton\"]"}
COMMAND: POST /session/be9a23df4294472c3cbe97a105488dd6/elements - {"using":"xpath","value":"//button[@data-kt=\"provideButton\"]"}
RESULT: {"using":"xpath","value":"//button[@data-kt=\"provideButton\"]"}
COMMAND: POST /session/be9a23df4294472c3cbe97a105488dd6/elements - {"using":"xpath","value":"//button[@data-kt=\"provideButton\"]"}
RESULT: {"using":"xpath","value":"//button[@data-kt=\"provideButton\"]"}
COMMAND: POST /session/be9a23df4294472c3cbe97a105488dd6/elements - {"using":"xpath","value":"//button[@data-kt=\"provideButton\"]"}
RESULT: {"using":"xpath","value":"//button[@data-kt=\"provideButton\"]"}
COMMAND: POST /session/be9a23df4294472c3cbe97a105488dd6/elements - {"using":"xpath","value":"//button[@data-kt=\"provideButton\"]"}
RESULT: {"using":"xpath","value":"//button[@data-kt=\"provideButton\"]"}
COMMAND: POST /session/be9a23df4294472c3cbe97a105488dd6/elements - {"using":"xpath","value":"//button[@data-kt=\"provideButton\"]"}
RESULT: {"using":"xpath","value":"//button[@data-kt=\"provideButton\"]"}
COMMAND: POST /session/be9a23df4294472c3cbe97a105488dd6/elements - {"using":"xpath","value":"//button[@data-kt=\"provideButton\"]"}
RESULT: {"using":"xpath","value":"//button[@data-kt=\"provideButton\"]"}
COMMAND: POST /session/be9a23df4294472c3cbe97a105488dd6/elements - {"using":"xpath","value":"//button[@data-kt=\"provideButton\"]"}
RESULT: {"using":"xpath","value":"//button[@data-kt=\"provideButton\"]"}
COMMAND: POST /session/be9a23df4294472c3cbe97a105488dd6/elements - {"using":"xpath","value":"//button[@data-kt=\"provideButton\"]"}
RESULT: {"using":"xpath","value":"//button[@data-kt=\"provideButton\"]"}
COMMAND: POST /session/be9a23df4294472c3cbe97a105488dd6/elements - {"using":"xpath","value":"//button[@data-kt=\"provideButton\"]"}
RESULT: {"using":"xpath","value":"//button[@data-kt=\"provideButton\"]"}
COMMAND: POST /session/be9a23df4294472c3cbe97a105488dd6/elements - {"using":"xpath","value":"//button[@data-kt=\"provideButton\"]"}
RESULT: {"using":"xpath","value":"//button[@data-kt=\"provideButton\"]"}
COMMAND: POST /session/be9a23df4294472c3cbe97a105488dd6/elements - {"using":"xpath","value":"//button[@data-kt=\"provideButton\"]"}
RESULT: {"using":"xpath","value":"//button[@data-kt=\"provideButton\"]"}
COMMAND: POST /session/be9a23df4294472c3cbe97a105488dd6/elements - {"using":"xpath","value":"//button[@data-kt=\"provideButton\"]"}
RESULT: {"using":"xpath","value":"//button[@data-kt=\"provideButton\"]"}
COMMAND: POST /session/be9a23df4294472c3cbe97a105488dd6/elements - {"using":"xpath","value":"//button[@data-kt=\"provideButton\"]"}
RESULT: {"using":"xpath","value":"//button[@data-kt=\"provideButton\"]"}
COMMAND: POST /session/be9a23df4294472c3cbe97a105488dd6/elements - {"using":"xpath","value":"//button[@data-kt=\"provideButton\"]"}
RESULT: {"using":"xpath","value":"//button[@data-kt=\"provideButton\"]"}
COMMAND: POST /session/be9a23df4294472c3cbe97a105488dd6/elements - {"using":"xpath","value":"//button[@data-kt=\"provideButton\"]"}
RESULT: {"using":"xpath","value":"//button[@data-kt=\"provideButton\"]"}
COMMAND: POST /session/be9a23df4294472c3cbe97a105488dd6/elements - {"using":"xpath","value":"//button[@data-kt=\"provideButton\"]"}
RESULT: {"using":"xpath","value":"//button[@data-kt=\"provideButton\"]"}
COMMAND: GET /session/be9a23df4294472c3cbe97a105488dd6/screenshot - {}
RESULT: {}
]]></system-out>
      <system-err><![CDATA[
Error: Can't call click on element with selector "//button[@data-kt="provideButton"]" because element wasn't found
    at async UtilsPrerequisites.provideToSiteHandoverFromContractDetails (D:\a\1\s\test\specs\BTS\prerequisites-and-utils-functions.js:1949:9)
    at async Context.<anonymous> (D:\a\1\s\test\specs\BTS\billing-performance-workdays.spec.js:200:9)
]]></system-err>
    </testcase>
    <testcase classname="chrome.136_0_7103_93.windows.Performance_based_billing_(work_days)_US139742" name="Should create a few performance documents" time="41.017">
      <failure/>
      <error message="element (&quot;//div[@id=&quot;application-managestatesandperformance-display-component---stateAndPerform--smartFilterBarResources-btnBasicSearch&quot;]&quot;) still not existing after 30000ms"/>
      <system-out><![CDATA[
COMMAND: POST /session/be9a23df4294472c3cbe97a105488dd6/execute/async - {"script":"<script> [1562 bytes]","args":[{"selector":{"controlType":"sap.m.GenericTile","properties":{"header":"Manage States & Performance"}},"wdio_ui5_key":"sapm.GenericTile{\"header\":\"Manage States & Performance\"}"}]}
COMMAND: GET /session/be9a23df4294472c3cbe97a105488dd6/screenshot - {}
RESULT: {"script":"<script> [1562 bytes]","args":[{"selector":{"controlType":"sap.m.GenericTile","properties":{"header":"Manage States & Performance"}},"wdio_ui5_key":"sapm.GenericTile{\"header\":\"Manage States & Performance\"}"}]}
RESULT: undefined
RESULT: {}
COMMAND: POST /session/be9a23df4294472c3cbe97a105488dd6/elements - {"using":"xpath","value":"//span[text()='Error']"}
RESULT: {"using":"xpath","value":"//span[text()='Error']"}
COMMAND: POST /session/be9a23df4294472c3cbe97a105488dd6/element - {"using":"xpath","value":"//div[@id=\"application-managestatesandperformance-display-component---stateAndPerform--smartFilterBarResources-btnBasicSearch\"]"}
RESULT: {"using":"xpath","value":"//div[@id=\"application-managestatesandperformance-display-component---stateAndPerform--smartFilterBarResources-btnBasicSearch\"]"}
COMMAND: POST /session/be9a23df4294472c3cbe97a105488dd6/elements - {"using":"xpath","value":"//div[@id=\"application-managestatesandperformance-display-component---stateAndPerform--smartFilterBarResources-btnBasicSearch\"]"}
RESULT: {"using":"xpath","value":"//div[@id=\"application-managestatesandperformance-display-component---stateAndPerform--smartFilterBarResources-btnBasicSearch\"]"}
COMMAND: POST /session/be9a23df4294472c3cbe97a105488dd6/elements - {"using":"xpath","value":"//div[@id=\"application-managestatesandperformance-display-component---stateAndPerform--smartFilterBarResources-btnBasicSearch\"]"}
RESULT: {"using":"xpath","value":"//div[@id=\"application-managestatesandperformance-display-component---stateAndPerform--smartFilterBarResources-btnBasicSearch\"]"}
COMMAND: POST /session/be9a23df4294472c3cbe97a105488dd6/elements - {"using":"xpath","value":"//div[@id=\"application-managestatesandperformance-display-component---stateAndPerform--smartFilterBarResources-btnBasicSearch\"]"}
RESULT: {"using":"xpath","value":"//div[@id=\"application-managestatesandperformance-display-component---stateAndPerform--smartFilterBarResources-btnBasicSearch\"]"}
COMMAND: POST /session/be9a23df4294472c3cbe97a105488dd6/elements - {"using":"xpath","value":"//div[@id=\"application-managestatesandperformance-display-component---stateAndPerform--smartFilterBarResources-btnBasicSearch\"]"}
RESULT: {"using":"xpath","value":"//div[@id=\"application-managestatesandperformance-display-component---stateAndPerform--smartFilterBarResources-btnBasicSearch\"]"}
COMMAND: POST /session/be9a23df4294472c3cbe97a105488dd6/elements - {"using":"xpath","value":"//div[@id=\"application-managestatesandperformance-display-component---stateAndPerform--smartFilterBarResources-btnBasicSearch\"]"}
RESULT: {"using":"xpath","value":"//div[@id=\"application-managestatesandperformance-display-component---stateAndPerform--smartFilterBarResources-btnBasicSearch\"]"}
COMMAND: POST /session/be9a23df4294472c3cbe97a105488dd6/elements - {"using":"xpath","value":"//div[@id=\"application-managestatesandperformance-display-component---stateAndPerform--smartFilterBarResources-btnBasicSearch\"]"}
RESULT: {"using":"xpath","value":"//div[@id=\"application-managestatesandperformance-display-component---stateAndPerform--smartFilterBarResources-btnBasicSearch\"]"}
COMMAND: POST /session/be9a23df4294472c3cbe97a105488dd6/elements - {"using":"xpath","value":"//div[@id=\"application-managestatesandperformance-display-component---stateAndPerform--smartFilterBarResources-btnBasicSearch\"]"}
RESULT: {"using":"xpath","value":"//div[@id=\"application-managestatesandperformance-display-component---stateAndPerform--smartFilterBarResources-btnBasicSearch\"]"}
COMMAND: POST /session/be9a23df4294472c3cbe97a105488dd6/elements - {"using":"xpath","value":"//div[@id=\"application-managestatesandperformance-display-component---stateAndPerform--smartFilterBarResources-btnBasicSearch\"]"}
RESULT: {"using":"xpath","value":"//div[@id=\"application-managestatesandperformance-display-component---stateAndPerform--smartFilterBarResources-btnBasicSearch\"]"}
COMMAND: POST /session/be9a23df4294472c3cbe97a105488dd6/elements - {"using":"xpath","value":"//div[@id=\"application-managestatesandperformance-display-component---stateAndPerform--smartFilterBarResources-btnBasicSearch\"]"}
RESULT: {"using":"xpath","value":"//div[@id=\"application-managestatesandperformance-display-component---stateAndPerform--smartFilterBarResources-btnBasicSearch\"]"}
COMMAND: POST /session/be9a23df4294472c3cbe97a105488dd6/elements - {"using":"xpath","value":"//div[@id=\"application-managestatesandperformance-display-component---stateAndPerform--smartFilterBarResources-btnBasicSearch\"]"}
RESULT: {"using":"xpath","value":"//div[@id=\"application-managestatesandperformance-display-component---stateAndPerform--smartFilterBarResources-btnBasicSearch\"]"}
COMMAND: POST /session/be9a23df4294472c3cbe97a105488dd6/elements - {"using":"xpath","value":"//div[@id=\"application-managestatesandperformance-display-component---stateAndPerform--smartFilterBarResources-btnBasicSearch\"]"}
RESULT: {"using":"xpath","value":"//div[@id=\"application-managestatesandperformance-display-component---stateAndPerform--smartFilterBarResources-btnBasicSearch\"]"}
COMMAND: POST /session/be9a23df4294472c3cbe97a105488dd6/elements - {"using":"xpath","value":"//div[@id=\"application-managestatesandperformance-display-component---stateAndPerform--smartFilterBarResources-btnBasicSearch\"]"}
RESULT: {"using":"xpath","value":"//div[@id=\"application-managestatesandperformance-display-component---stateAndPerform--smartFilterBarResources-btnBasicSearch\"]"}
COMMAND: POST /session/be9a23df4294472c3cbe97a105488dd6/elements - {"using":"xpath","value":"//div[@id=\"application-managestatesandperformance-display-component---stateAndPerform--smartFilterBarResources-btnBasicSearch\"]"}
RESULT: {"using":"xpath","value":"//div[@id=\"application-managestatesandperformance-display-component---stateAndPerform--smartFilterBarResources-btnBasicSearch\"]"}
COMMAND: POST /session/be9a23df4294472c3cbe97a105488dd6/elements - {"using":"xpath","value":"//div[@id=\"application-managestatesandperformance-display-component---stateAndPerform--smartFilterBarResources-btnBasicSearch\"]"}
RESULT: {"using":"xpath","value":"//div[@id=\"application-managestatesandperformance-display-component---stateAndPerform--smartFilterBarResources-btnBasicSearch\"]"}
COMMAND: POST /session/be9a23df4294472c3cbe97a105488dd6/elements - {"using":"xpath","value":"//div[@id=\"application-managestatesandperformance-display-component---stateAndPerform--smartFilterBarResources-btnBasicSearch\"]"}
RESULT: {"using":"xpath","value":"//div[@id=\"application-managestatesandperformance-display-component---stateAndPerform--smartFilterBarResources-btnBasicSearch\"]"}
COMMAND: POST /session/be9a23df4294472c3cbe97a105488dd6/elements - {"using":"xpath","value":"//div[@id=\"application-managestatesandperformance-display-component---stateAndPerform--smartFilterBarResources-btnBasicSearch\"]"}
RESULT: {"using":"xpath","value":"//div[@id=\"application-managestatesandperformance-display-component---stateAndPerform--smartFilterBarResources-btnBasicSearch\"]"}
COMMAND: POST /session/be9a23df4294472c3cbe97a105488dd6/elements - {"using":"xpath","value":"//div[@id=\"application-managestatesandperformance-display-component---stateAndPerform--smartFilterBarResources-btnBasicSearch\"]"}
RESULT: {"using":"xpath","value":"//div[@id=\"application-managestatesandperformance-display-component---stateAndPerform--smartFilterBarResources-btnBasicSearch\"]"}
COMMAND: POST /session/be9a23df4294472c3cbe97a105488dd6/elements - {"using":"xpath","value":"//div[@id=\"application-managestatesandperformance-display-component---stateAndPerform--smartFilterBarResources-btnBasicSearch\"]"}
RESULT: {"using":"xpath","value":"//div[@id=\"application-managestatesandperformance-display-component---stateAndPerform--smartFilterBarResources-btnBasicSearch\"]"}
COMMAND: POST /session/be9a23df4294472c3cbe97a105488dd6/elements - {"using":"xpath","value":"//div[@id=\"application-managestatesandperformance-display-component---stateAndPerform--smartFilterBarResources-btnBasicSearch\"]"}
RESULT: {"using":"xpath","value":"//div[@id=\"application-managestatesandperformance-display-component---stateAndPerform--smartFilterBarResources-btnBasicSearch\"]"}
COMMAND: POST /session/be9a23df4294472c3cbe97a105488dd6/elements - {"using":"xpath","value":"//div[@id=\"application-managestatesandperformance-display-component---stateAndPerform--smartFilterBarResources-btnBasicSearch\"]"}
RESULT: {"using":"xpath","value":"//div[@id=\"application-managestatesandperformance-display-component---stateAndPerform--smartFilterBarResources-btnBasicSearch\"]"}
COMMAND: POST /session/be9a23df4294472c3cbe97a105488dd6/elements - {"using":"xpath","value":"//div[@id=\"application-managestatesandperformance-display-component---stateAndPerform--smartFilterBarResources-btnBasicSearch\"]"}
RESULT: {"using":"xpath","value":"//div[@id=\"application-managestatesandperformance-display-component---stateAndPerform--smartFilterBarResources-btnBasicSearch\"]"}
COMMAND: POST /session/be9a23df4294472c3cbe97a105488dd6/elements - {"using":"xpath","value":"//div[@id=\"application-managestatesandperformance-display-component---stateAndPerform--smartFilterBarResources-btnBasicSearch\"]"}
RESULT: {"using":"xpath","value":"//div[@id=\"application-managestatesandperformance-display-component---stateAndPerform--smartFilterBarResources-btnBasicSearch\"]"}
COMMAND: POST /session/be9a23df4294472c3cbe97a105488dd6/elements - {"using":"xpath","value":"//div[@id=\"application-managestatesandperformance-display-component---stateAndPerform--smartFilterBarResources-btnBasicSearch\"]"}
RESULT: {"using":"xpath","value":"//div[@id=\"application-managestatesandperformance-display-component---stateAndPerform--smartFilterBarResources-btnBasicSearch\"]"}
COMMAND: POST /session/be9a23df4294472c3cbe97a105488dd6/elements - {"using":"xpath","value":"//div[@id=\"application-managestatesandperformance-display-component---stateAndPerform--smartFilterBarResources-btnBasicSearch\"]"}
RESULT: {"using":"xpath","value":"//div[@id=\"application-managestatesandperformance-display-component---stateAndPerform--smartFilterBarResources-btnBasicSearch\"]"}
COMMAND: POST /session/be9a23df4294472c3cbe97a105488dd6/elements - {"using":"xpath","value":"//div[@id=\"application-managestatesandperformance-display-component---stateAndPerform--smartFilterBarResources-btnBasicSearch\"]"}
RESULT: {"using":"xpath","value":"//div[@id=\"application-managestatesandperformance-display-component---stateAndPerform--smartFilterBarResources-btnBasicSearch\"]"}
COMMAND: POST /session/be9a23df4294472c3cbe97a105488dd6/elements - {"using":"xpath","value":"//div[@id=\"application-managestatesandperformance-display-component---stateAndPerform--smartFilterBarResources-btnBasicSearch\"]"}
RESULT: {"using":"xpath","value":"//div[@id=\"application-managestatesandperformance-display-component---stateAndPerform--smartFilterBarResources-btnBasicSearch\"]"}
COMMAND: POST /session/be9a23df4294472c3cbe97a105488dd6/elements - {"using":"xpath","value":"//div[@id=\"application-managestatesandperformance-display-component---stateAndPerform--smartFilterBarResources-btnBasicSearch\"]"}
RESULT: {"using":"xpath","value":"//div[@id=\"application-managestatesandperformance-display-component---stateAndPerform--smartFilterBarResources-btnBasicSearch\"]"}
COMMAND: POST /session/be9a23df4294472c3cbe97a105488dd6/elements - {"using":"xpath","value":"//div[@id=\"application-managestatesandperformance-display-component---stateAndPerform--smartFilterBarResources-btnBasicSearch\"]"}
RESULT: {"using":"xpath","value":"//div[@id=\"application-managestatesandperformance-display-component---stateAndPerform--smartFilterBarResources-btnBasicSearch\"]"}
COMMAND: POST /session/be9a23df4294472c3cbe97a105488dd6/elements - {"using":"xpath","value":"//div[@id=\"application-managestatesandperformance-display-component---stateAndPerform--smartFilterBarResources-btnBasicSearch\"]"}
RESULT: {"using":"xpath","value":"//div[@id=\"application-managestatesandperformance-display-component---stateAndPerform--smartFilterBarResources-btnBasicSearch\"]"}
COMMAND: POST /session/be9a23df4294472c3cbe97a105488dd6/elements - {"using":"xpath","value":"//div[@id=\"application-managestatesandperformance-display-component---stateAndPerform--smartFilterBarResources-btnBasicSearch\"]"}
RESULT: {"using":"xpath","value":"//div[@id=\"application-managestatesandperformance-display-component---stateAndPerform--smartFilterBarResources-btnBasicSearch\"]"}
COMMAND: POST /session/be9a23df4294472c3cbe97a105488dd6/elements - {"using":"xpath","value":"//div[@id=\"application-managestatesandperformance-display-component---stateAndPerform--smartFilterBarResources-btnBasicSearch\"]"}
RESULT: {"using":"xpath","value":"//div[@id=\"application-managestatesandperformance-display-component---stateAndPerform--smartFilterBarResources-btnBasicSearch\"]"}
COMMAND: POST /session/be9a23df4294472c3cbe97a105488dd6/elements - {"using":"xpath","value":"//div[@id=\"application-managestatesandperformance-display-component---stateAndPerform--smartFilterBarResources-btnBasicSearch\"]"}
RESULT: {"using":"xpath","value":"//div[@id=\"application-managestatesandperformance-display-component---stateAndPerform--smartFilterBarResources-btnBasicSearch\"]"}
COMMAND: POST /session/be9a23df4294472c3cbe97a105488dd6/elements - {"using":"xpath","value":"//div[@id=\"application-managestatesandperformance-display-component---stateAndPerform--smartFilterBarResources-btnBasicSearch\"]"}
RESULT: {"using":"xpath","value":"//div[@id=\"application-managestatesandperformance-display-component---stateAndPerform--smartFilterBarResources-btnBasicSearch\"]"}
COMMAND: POST /session/be9a23df4294472c3cbe97a105488dd6/elements - {"using":"xpath","value":"//div[@id=\"application-managestatesandperformance-display-component---stateAndPerform--smartFilterBarResources-btnBasicSearch\"]"}
RESULT: {"using":"xpath","value":"//div[@id=\"application-managestatesandperformance-display-component---stateAndPerform--smartFilterBarResources-btnBasicSearch\"]"}
COMMAND: POST /session/be9a23df4294472c3cbe97a105488dd6/elements - {"using":"xpath","value":"//div[@id=\"application-managestatesandperformance-display-component---stateAndPerform--smartFilterBarResources-btnBasicSearch\"]"}
RESULT: {"using":"xpath","value":"//div[@id=\"application-managestatesandperformance-display-component---stateAndPerform--smartFilterBarResources-btnBasicSearch\"]"}
COMMAND: POST /session/be9a23df4294472c3cbe97a105488dd6/elements - {"using":"xpath","value":"//div[@id=\"application-managestatesandperformance-display-component---stateAndPerform--smartFilterBarResources-btnBasicSearch\"]"}
RESULT: {"using":"xpath","value":"//div[@id=\"application-managestatesandperformance-display-component---stateAndPerform--smartFilterBarResources-btnBasicSearch\"]"}
COMMAND: POST /session/be9a23df4294472c3cbe97a105488dd6/elements - {"using":"xpath","value":"//div[@id=\"application-managestatesandperformance-display-component---stateAndPerform--smartFilterBarResources-btnBasicSearch\"]"}
RESULT: {"using":"xpath","value":"//div[@id=\"application-managestatesandperformance-display-component---stateAndPerform--smartFilterBarResources-btnBasicSearch\"]"}
COMMAND: POST /session/be9a23df4294472c3cbe97a105488dd6/elements - {"using":"xpath","value":"//div[@id=\"application-managestatesandperformance-display-component---stateAndPerform--smartFilterBarResources-btnBasicSearch\"]"}
RESULT: {"using":"xpath","value":"//div[@id=\"application-managestatesandperformance-display-component---stateAndPerform--smartFilterBarResources-btnBasicSearch\"]"}
COMMAND: POST /session/be9a23df4294472c3cbe97a105488dd6/elements - {"using":"xpath","value":"//div[@id=\"application-managestatesandperformance-display-component---stateAndPerform--smartFilterBarResources-btnBasicSearch\"]"}
RESULT: {"using":"xpath","value":"//div[@id=\"application-managestatesandperformance-display-component---stateAndPerform--smartFilterBarResources-btnBasicSearch\"]"}
COMMAND: POST /session/be9a23df4294472c3cbe97a105488dd6/elements - {"using":"xpath","value":"//div[@id=\"application-managestatesandperformance-display-component---stateAndPerform--smartFilterBarResources-btnBasicSearch\"]"}
RESULT: {"using":"xpath","value":"//div[@id=\"application-managestatesandperformance-display-component---stateAndPerform--smartFilterBarResources-btnBasicSearch\"]"}
COMMAND: POST /session/be9a23df4294472c3cbe97a105488dd6/elements - {"using":"xpath","value":"//div[@id=\"application-managestatesandperformance-display-component---stateAndPerform--smartFilterBarResources-btnBasicSearch\"]"}
RESULT: {"using":"xpath","value":"//div[@id=\"application-managestatesandperformance-display-component---stateAndPerform--smartFilterBarResources-btnBasicSearch\"]"}
COMMAND: POST /session/be9a23df4294472c3cbe97a105488dd6/elements - {"using":"xpath","value":"//div[@id=\"application-managestatesandperformance-display-component---stateAndPerform--smartFilterBarResources-btnBasicSearch\"]"}
RESULT: {"using":"xpath","value":"//div[@id=\"application-managestatesandperformance-display-component---stateAndPerform--smartFilterBarResources-btnBasicSearch\"]"}
COMMAND: POST /session/be9a23df4294472c3cbe97a105488dd6/elements - {"using":"xpath","value":"//div[@id=\"application-managestatesandperformance-display-component---stateAndPerform--smartFilterBarResources-btnBasicSearch\"]"}
RESULT: {"using":"xpath","value":"//div[@id=\"application-managestatesandperformance-display-component---stateAndPerform--smartFilterBarResources-btnBasicSearch\"]"}
COMMAND: POST /session/be9a23df4294472c3cbe97a105488dd6/elements - {"using":"xpath","value":"//div[@id=\"application-managestatesandperformance-display-component---stateAndPerform--smartFilterBarResources-btnBasicSearch\"]"}
RESULT: {"using":"xpath","value":"//div[@id=\"application-managestatesandperformance-display-component---stateAndPerform--smartFilterBarResources-btnBasicSearch\"]"}
COMMAND: POST /session/be9a23df4294472c3cbe97a105488dd6/elements - {"using":"xpath","value":"//div[@id=\"application-managestatesandperformance-display-component---stateAndPerform--smartFilterBarResources-btnBasicSearch\"]"}
RESULT: {"using":"xpath","value":"//div[@id=\"application-managestatesandperformance-display-component---stateAndPerform--smartFilterBarResources-btnBasicSearch\"]"}
COMMAND: POST /session/be9a23df4294472c3cbe97a105488dd6/elements - {"using":"xpath","value":"//div[@id=\"application-managestatesandperformance-display-component---stateAndPerform--smartFilterBarResources-btnBasicSearch\"]"}
RESULT: {"using":"xpath","value":"//div[@id=\"application-managestatesandperformance-display-component---stateAndPerform--smartFilterBarResources-btnBasicSearch\"]"}
COMMAND: POST /session/be9a23df4294472c3cbe97a105488dd6/elements - {"using":"xpath","value":"//div[@id=\"application-managestatesandperformance-display-component---stateAndPerform--smartFilterBarResources-btnBasicSearch\"]"}
RESULT: {"using":"xpath","value":"//div[@id=\"application-managestatesandperformance-display-component---stateAndPerform--smartFilterBarResources-btnBasicSearch\"]"}
COMMAND: POST /session/be9a23df4294472c3cbe97a105488dd6/elements - {"using":"xpath","value":"//div[@id=\"application-managestatesandperformance-display-component---stateAndPerform--smartFilterBarResources-btnBasicSearch\"]"}
RESULT: {"using":"xpath","value":"//div[@id=\"application-managestatesandperformance-display-component---stateAndPerform--smartFilterBarResources-btnBasicSearch\"]"}
COMMAND: POST /session/be9a23df4294472c3cbe97a105488dd6/elements - {"using":"xpath","value":"//div[@id=\"application-managestatesandperformance-display-component---stateAndPerform--smartFilterBarResources-btnBasicSearch\"]"}
RESULT: {"using":"xpath","value":"//div[@id=\"application-managestatesandperformance-display-component---stateAndPerform--smartFilterBarResources-btnBasicSearch\"]"}
COMMAND: POST /session/be9a23df4294472c3cbe97a105488dd6/elements - {"using":"xpath","value":"//div[@id=\"application-managestatesandperformance-display-component---stateAndPerform--smartFilterBarResources-btnBasicSearch\"]"}
RESULT: {"using":"xpath","value":"//div[@id=\"application-managestatesandperformance-display-component---stateAndPerform--smartFilterBarResources-btnBasicSearch\"]"}
COMMAND: POST /session/be9a23df4294472c3cbe97a105488dd6/elements - {"using":"xpath","value":"//div[@id=\"application-managestatesandperformance-display-component---stateAndPerform--smartFilterBarResources-btnBasicSearch\"]"}
RESULT: {"using":"xpath","value":"//div[@id=\"application-managestatesandperformance-display-component---stateAndPerform--smartFilterBarResources-btnBasicSearch\"]"}
COMMAND: POST /session/be9a23df4294472c3cbe97a105488dd6/elements - {"using":"xpath","value":"//div[@id=\"application-managestatesandperformance-display-component---stateAndPerform--smartFilterBarResources-btnBasicSearch\"]"}
RESULT: {"using":"xpath","value":"//div[@id=\"application-managestatesandperformance-display-component---stateAndPerform--smartFilterBarResources-btnBasicSearch\"]"}
COMMAND: POST /session/be9a23df4294472c3cbe97a105488dd6/elements - {"using":"xpath","value":"//div[@id=\"application-managestatesandperformance-display-component---stateAndPerform--smartFilterBarResources-btnBasicSearch\"]"}
RESULT: {"using":"xpath","value":"//div[@id=\"application-managestatesandperformance-display-component---stateAndPerform--smartFilterBarResources-btnBasicSearch\"]"}
COMMAND: POST /session/be9a23df4294472c3cbe97a105488dd6/elements - {"using":"xpath","value":"//div[@id=\"application-managestatesandperformance-display-component---stateAndPerform--smartFilterBarResources-btnBasicSearch\"]"}
RESULT: {"using":"xpath","value":"//div[@id=\"application-managestatesandperformance-display-component---stateAndPerform--smartFilterBarResources-btnBasicSearch\"]"}
COMMAND: POST /session/be9a23df4294472c3cbe97a105488dd6/elements - {"using":"xpath","value":"//div[@id=\"application-managestatesandperformance-display-component---stateAndPerform--smartFilterBarResources-btnBasicSearch\"]"}
RESULT: {"using":"xpath","value":"//div[@id=\"application-managestatesandperformance-display-component---stateAndPerform--smartFilterBarResources-btnBasicSearch\"]"}
COMMAND: POST /session/be9a23df4294472c3cbe97a105488dd6/elements - {"using":"xpath","value":"//div[@id=\"application-managestatesandperformance-display-component---stateAndPerform--smartFilterBarResources-btnBasicSearch\"]"}
RESULT: {"using":"xpath","value":"//div[@id=\"application-managestatesandperformance-display-component---stateAndPerform--smartFilterBarResources-btnBasicSearch\"]"}
COMMAND: POST /session/be9a23df4294472c3cbe97a105488dd6/elements - {"using":"xpath","value":"//div[@id=\"application-managestatesandperformance-display-component---stateAndPerform--smartFilterBarResources-btnBasicSearch\"]"}
RESULT: {"using":"xpath","value":"//div[@id=\"application-managestatesandperformance-display-component---stateAndPerform--smartFilterBarResources-btnBasicSearch\"]"}
COMMAND: POST /session/be9a23df4294472c3cbe97a105488dd6/elements - {"using":"xpath","value":"//div[@id=\"application-managestatesandperformance-display-component---stateAndPerform--smartFilterBarResources-btnBasicSearch\"]"}
RESULT: {"using":"xpath","value":"//div[@id=\"application-managestatesandperformance-display-component---stateAndPerform--smartFilterBarResources-btnBasicSearch\"]"}
COMMAND: POST /session/be9a23df4294472c3cbe97a105488dd6/elements - {"using":"xpath","value":"//div[@id=\"application-managestatesandperformance-display-component---stateAndPerform--smartFilterBarResources-btnBasicSearch\"]"}
RESULT: {"using":"xpath","value":"//div[@id=\"application-managestatesandperformance-display-component---stateAndPerform--smartFilterBarResources-btnBasicSearch\"]"}
COMMAND: POST /session/be9a23df4294472c3cbe97a105488dd6/elements - {"using":"xpath","value":"//div[@id=\"application-managestatesandperformance-display-component---stateAndPerform--smartFilterBarResources-btnBasicSearch\"]"}
RESULT: {"using":"xpath","value":"//div[@id=\"application-managestatesandperformance-display-component---stateAndPerform--smartFilterBarResources-btnBasicSearch\"]"}
COMMAND: POST /session/be9a23df4294472c3cbe97a105488dd6/elements - {"using":"xpath","value":"//div[@id=\"application-managestatesandperformance-display-component---stateAndPerform--smartFilterBarResources-btnBasicSearch\"]"}
RESULT: {"using":"xpath","value":"//div[@id=\"application-managestatesandperformance-display-component---stateAndPerform--smartFilterBarResources-btnBasicSearch\"]"}
COMMAND: GET /session/be9a23df4294472c3cbe97a105488dd6/screenshot - {}
RESULT: {}
]]></system-out>
      <system-err><![CDATA[
Error: element ("//div[@id="application-managestatesandperformance-display-component---stateAndPerform--smartFilterBarResources-btnBasicSearch"]") still not existing after 30000ms
    at async Context.<anonymous> (D:\a\1\s\test\specs\BTS\billing-performance-workdays.spec.js:211:9)
]]></system-err>
    </testcase>
    <testcase classname="chrome.136_0_7103_93.windows.Performance_based_billing_(work_days)_US139742" name="Should go to Manage Billings and trigger calculation check the conditions applied" time="79.677">
      <failure/>
      <error message="Can't call click on element with selector &quot;//td[@aria-colindex=&quot;1&quot;]/div/div[contains(@class, &quot;sapMCbBg&quot;)]&quot; because element wasn't found"/>
      <system-out><![CDATA[
COMMAND: GET /session/be9a23df4294472c3cbe97a105488dd6/screenshot - {}
COMMAND: POST /session/be9a23df4294472c3cbe97a105488dd6/execute/async - {"script":"<script> [1562 bytes]","args":[{"selector":{"controlType":"sap.m.GenericTile","properties":{"header":"Manage Billings"}},"wdio_ui5_key":"sapm.GenericTile{\"header\":\"Manage Billings\"}"}]}
RESULT: {"script":"<script> [1562 bytes]","args":[{"selector":{"controlType":"sap.m.GenericTile","properties":{"header":"Manage Billings"}},"wdio_ui5_key":"sapm.GenericTile{\"header\":\"Manage Billings\"}"}]}
RESULT: undefined
RESULT: {}
COMMAND: POST /session/be9a23df4294472c3cbe97a105488dd6/elements - {"using":"xpath","value":"//span[text()='Error']"}
RESULT: {"using":"xpath","value":"//span[text()='Error']"}
COMMAND: POST /session/be9a23df4294472c3cbe97a105488dd6/execute/async - {"script":"<script> [1562 bytes]","args":[{"selector":{"id":"application-managebillings-display-component---billRunCalcResult--smartFilterBar-btnBasicSearch","interaction":{"idSuffix":"I"}},"wdio_ui5_key":"applicationmanagebillings-display-component---billRunCalcResult--smartFilterBar-btnBasicSearch"}]}
RESULT: {"script":"<script> [1562 bytes]","args":[{"selector":{"id":"application-managebillings-display-component---billRunCalcResult--smartFilterBar-btnBasicSearch","interaction":{"idSuffix":"I"}},"wdio_ui5_key":"applicationmanagebillings-display-component---billRunCalcResult--smartFilterBar-btnBasicSearch"}]}
RESULT: undefined
COMMAND: POST /session/be9a23df4294472c3cbe97a105488dd6/actions - {"actions":[{"id":"action55","type":"key","parameters":{},"actions":[{"type":"keyDown","value":""},{"type":"pause","duration":10},{"type":"keyUp","value":""}]}]}
RESULT: {"actions":[{"id":"action55","type":"key","parameters":{},"actions":[{"type":"keyDown","value":""},{"type":"pause","duration":10},{"type":"keyUp","value":""}]}]}
COMMAND: GET /session/be9a23df4294472c3cbe97a105488dd6/screenshot - {}
RESULT: {}
COMMAND: POST /session/be9a23df4294472c3cbe97a105488dd6/element - {"using":"xpath","value":"//td[@aria-colindex=\"1\"]/div/div[contains(@class, \"sapMCbBg\")]"}
RESULT: {"using":"xpath","value":"//td[@aria-colindex=\"1\"]/div/div[contains(@class, \"sapMCbBg\")]"}
COMMAND: POST /session/be9a23df4294472c3cbe97a105488dd6/elements - {"using":"xpath","value":"//td[@aria-colindex=\"1\"]/div/div[contains(@class, \"sapMCbBg\")]"}
RESULT: {"using":"xpath","value":"//td[@aria-colindex=\"1\"]/div/div[contains(@class, \"sapMCbBg\")]"}
COMMAND: POST /session/be9a23df4294472c3cbe97a105488dd6/elements - {"using":"xpath","value":"//td[@aria-colindex=\"1\"]/div/div[contains(@class, \"sapMCbBg\")]"}
RESULT: {"using":"xpath","value":"//td[@aria-colindex=\"1\"]/div/div[contains(@class, \"sapMCbBg\")]"}
COMMAND: POST /session/be9a23df4294472c3cbe97a105488dd6/elements - {"using":"xpath","value":"//td[@aria-colindex=\"1\"]/div/div[contains(@class, \"sapMCbBg\")]"}
RESULT: {"using":"xpath","value":"//td[@aria-colindex=\"1\"]/div/div[contains(@class, \"sapMCbBg\")]"}
COMMAND: POST /session/be9a23df4294472c3cbe97a105488dd6/elements - {"using":"xpath","value":"//td[@aria-colindex=\"1\"]/div/div[contains(@class, \"sapMCbBg\")]"}
RESULT: {"using":"xpath","value":"//td[@aria-colindex=\"1\"]/div/div[contains(@class, \"sapMCbBg\")]"}
COMMAND: POST /session/be9a23df4294472c3cbe97a105488dd6/elements - {"using":"xpath","value":"//td[@aria-colindex=\"1\"]/div/div[contains(@class, \"sapMCbBg\")]"}
RESULT: {"using":"xpath","value":"//td[@aria-colindex=\"1\"]/div/div[contains(@class, \"sapMCbBg\")]"}
COMMAND: POST /session/be9a23df4294472c3cbe97a105488dd6/elements - {"using":"xpath","value":"//td[@aria-colindex=\"1\"]/div/div[contains(@class, \"sapMCbBg\")]"}
RESULT: {"using":"xpath","value":"//td[@aria-colindex=\"1\"]/div/div[contains(@class, \"sapMCbBg\")]"}
COMMAND: POST /session/be9a23df4294472c3cbe97a105488dd6/elements - {"using":"xpath","value":"//td[@aria-colindex=\"1\"]/div/div[contains(@class, \"sapMCbBg\")]"}
RESULT: {"using":"xpath","value":"//td[@aria-colindex=\"1\"]/div/div[contains(@class, \"sapMCbBg\")]"}
COMMAND: POST /session/be9a23df4294472c3cbe97a105488dd6/elements - {"using":"xpath","value":"//td[@aria-colindex=\"1\"]/div/div[contains(@class, \"sapMCbBg\")]"}
RESULT: {"using":"xpath","value":"//td[@aria-colindex=\"1\"]/div/div[contains(@class, \"sapMCbBg\")]"}
COMMAND: POST /session/be9a23df4294472c3cbe97a105488dd6/elements - {"using":"xpath","value":"//td[@aria-colindex=\"1\"]/div/div[contains(@class, \"sapMCbBg\")]"}
RESULT: {"using":"xpath","value":"//td[@aria-colindex=\"1\"]/div/div[contains(@class, \"sapMCbBg\")]"}
COMMAND: POST /session/be9a23df4294472c3cbe97a105488dd6/elements - {"using":"xpath","value":"//td[@aria-colindex=\"1\"]/div/div[contains(@class, \"sapMCbBg\")]"}
RESULT: {"using":"xpath","value":"//td[@aria-colindex=\"1\"]/div/div[contains(@class, \"sapMCbBg\")]"}
COMMAND: POST /session/be9a23df4294472c3cbe97a105488dd6/elements - {"using":"xpath","value":"//td[@aria-colindex=\"1\"]/div/div[contains(@class, \"sapMCbBg\")]"}
RESULT: {"using":"xpath","value":"//td[@aria-colindex=\"1\"]/div/div[contains(@class, \"sapMCbBg\")]"}
COMMAND: POST /session/be9a23df4294472c3cbe97a105488dd6/elements - {"using":"xpath","value":"//td[@aria-colindex=\"1\"]/div/div[contains(@class, \"sapMCbBg\")]"}
RESULT: {"using":"xpath","value":"//td[@aria-colindex=\"1\"]/div/div[contains(@class, \"sapMCbBg\")]"}
COMMAND: POST /session/be9a23df4294472c3cbe97a105488dd6/elements - {"using":"xpath","value":"//td[@aria-colindex=\"1\"]/div/div[contains(@class, \"sapMCbBg\")]"}
RESULT: {"using":"xpath","value":"//td[@aria-colindex=\"1\"]/div/div[contains(@class, \"sapMCbBg\")]"}
COMMAND: POST /session/be9a23df4294472c3cbe97a105488dd6/elements - {"using":"xpath","value":"//td[@aria-colindex=\"1\"]/div/div[contains(@class, \"sapMCbBg\")]"}
RESULT: {"using":"xpath","value":"//td[@aria-colindex=\"1\"]/div/div[contains(@class, \"sapMCbBg\")]"}
COMMAND: POST /session/be9a23df4294472c3cbe97a105488dd6/elements - {"using":"xpath","value":"//td[@aria-colindex=\"1\"]/div/div[contains(@class, \"sapMCbBg\")]"}
RESULT: {"using":"xpath","value":"//td[@aria-colindex=\"1\"]/div/div[contains(@class, \"sapMCbBg\")]"}
COMMAND: POST /session/be9a23df4294472c3cbe97a105488dd6/elements - {"using":"xpath","value":"//td[@aria-colindex=\"1\"]/div/div[contains(@class, \"sapMCbBg\")]"}
RESULT: {"using":"xpath","value":"//td[@aria-colindex=\"1\"]/div/div[contains(@class, \"sapMCbBg\")]"}
COMMAND: POST /session/be9a23df4294472c3cbe97a105488dd6/elements - {"using":"xpath","value":"//td[@aria-colindex=\"1\"]/div/div[contains(@class, \"sapMCbBg\")]"}
RESULT: {"using":"xpath","value":"//td[@aria-colindex=\"1\"]/div/div[contains(@class, \"sapMCbBg\")]"}
COMMAND: POST /session/be9a23df4294472c3cbe97a105488dd6/elements - {"using":"xpath","value":"//td[@aria-colindex=\"1\"]/div/div[contains(@class, \"sapMCbBg\")]"}
RESULT: {"using":"xpath","value":"//td[@aria-colindex=\"1\"]/div/div[contains(@class, \"sapMCbBg\")]"}
COMMAND: POST /session/be9a23df4294472c3cbe97a105488dd6/elements - {"using":"xpath","value":"//td[@aria-colindex=\"1\"]/div/div[contains(@class, \"sapMCbBg\")]"}
RESULT: {"using":"xpath","value":"//td[@aria-colindex=\"1\"]/div/div[contains(@class, \"sapMCbBg\")]"}
COMMAND: POST /session/be9a23df4294472c3cbe97a105488dd6/elements - {"using":"xpath","value":"//td[@aria-colindex=\"1\"]/div/div[contains(@class, \"sapMCbBg\")]"}
RESULT: {"using":"xpath","value":"//td[@aria-colindex=\"1\"]/div/div[contains(@class, \"sapMCbBg\")]"}
COMMAND: POST /session/be9a23df4294472c3cbe97a105488dd6/elements - {"using":"xpath","value":"//td[@aria-colindex=\"1\"]/div/div[contains(@class, \"sapMCbBg\")]"}
RESULT: {"using":"xpath","value":"//td[@aria-colindex=\"1\"]/div/div[contains(@class, \"sapMCbBg\")]"}
COMMAND: POST /session/be9a23df4294472c3cbe97a105488dd6/elements - {"using":"xpath","value":"//td[@aria-colindex=\"1\"]/div/div[contains(@class, \"sapMCbBg\")]"}
RESULT: {"using":"xpath","value":"//td[@aria-colindex=\"1\"]/div/div[contains(@class, \"sapMCbBg\")]"}
COMMAND: POST /session/be9a23df4294472c3cbe97a105488dd6/elements - {"using":"xpath","value":"//td[@aria-colindex=\"1\"]/div/div[contains(@class, \"sapMCbBg\")]"}
RESULT: {"using":"xpath","value":"//td[@aria-colindex=\"1\"]/div/div[contains(@class, \"sapMCbBg\")]"}
COMMAND: POST /session/be9a23df4294472c3cbe97a105488dd6/elements - {"using":"xpath","value":"//td[@aria-colindex=\"1\"]/div/div[contains(@class, \"sapMCbBg\")]"}
RESULT: {"using":"xpath","value":"//td[@aria-colindex=\"1\"]/div/div[contains(@class, \"sapMCbBg\")]"}
COMMAND: POST /session/be9a23df4294472c3cbe97a105488dd6/elements - {"using":"xpath","value":"//td[@aria-colindex=\"1\"]/div/div[contains(@class, \"sapMCbBg\")]"}
RESULT: {"using":"xpath","value":"//td[@aria-colindex=\"1\"]/div/div[contains(@class, \"sapMCbBg\")]"}
COMMAND: POST /session/be9a23df4294472c3cbe97a105488dd6/elements - {"using":"xpath","value":"//td[@aria-colindex=\"1\"]/div/div[contains(@class, \"sapMCbBg\")]"}
RESULT: {"using":"xpath","value":"//td[@aria-colindex=\"1\"]/div/div[contains(@class, \"sapMCbBg\")]"}
COMMAND: POST /session/be9a23df4294472c3cbe97a105488dd6/elements - {"using":"xpath","value":"//td[@aria-colindex=\"1\"]/div/div[contains(@class, \"sapMCbBg\")]"}
RESULT: {"using":"xpath","value":"//td[@aria-colindex=\"1\"]/div/div[contains(@class, \"sapMCbBg\")]"}
COMMAND: POST /session/be9a23df4294472c3cbe97a105488dd6/elements - {"using":"xpath","value":"//td[@aria-colindex=\"1\"]/div/div[contains(@class, \"sapMCbBg\")]"}
RESULT: {"using":"xpath","value":"//td[@aria-colindex=\"1\"]/div/div[contains(@class, \"sapMCbBg\")]"}
COMMAND: POST /session/be9a23df4294472c3cbe97a105488dd6/elements - {"using":"xpath","value":"//td[@aria-colindex=\"1\"]/div/div[contains(@class, \"sapMCbBg\")]"}
RESULT: {"using":"xpath","value":"//td[@aria-colindex=\"1\"]/div/div[contains(@class, \"sapMCbBg\")]"}
COMMAND: POST /session/be9a23df4294472c3cbe97a105488dd6/elements - {"using":"xpath","value":"//td[@aria-colindex=\"1\"]/div/div[contains(@class, \"sapMCbBg\")]"}
RESULT: {"using":"xpath","value":"//td[@aria-colindex=\"1\"]/div/div[contains(@class, \"sapMCbBg\")]"}
COMMAND: POST /session/be9a23df4294472c3cbe97a105488dd6/elements - {"using":"xpath","value":"//td[@aria-colindex=\"1\"]/div/div[contains(@class, \"sapMCbBg\")]"}
RESULT: {"using":"xpath","value":"//td[@aria-colindex=\"1\"]/div/div[contains(@class, \"sapMCbBg\")]"}
COMMAND: POST /session/be9a23df4294472c3cbe97a105488dd6/elements - {"using":"xpath","value":"//td[@aria-colindex=\"1\"]/div/div[contains(@class, \"sapMCbBg\")]"}
RESULT: {"using":"xpath","value":"//td[@aria-colindex=\"1\"]/div/div[contains(@class, \"sapMCbBg\")]"}
COMMAND: POST /session/be9a23df4294472c3cbe97a105488dd6/elements - {"using":"xpath","value":"//td[@aria-colindex=\"1\"]/div/div[contains(@class, \"sapMCbBg\")]"}
RESULT: {"using":"xpath","value":"//td[@aria-colindex=\"1\"]/div/div[contains(@class, \"sapMCbBg\")]"}
COMMAND: POST /session/be9a23df4294472c3cbe97a105488dd6/elements - {"using":"xpath","value":"//td[@aria-colindex=\"1\"]/div/div[contains(@class, \"sapMCbBg\")]"}
RESULT: {"using":"xpath","value":"//td[@aria-colindex=\"1\"]/div/div[contains(@class, \"sapMCbBg\")]"}
COMMAND: POST /session/be9a23df4294472c3cbe97a105488dd6/elements - {"using":"xpath","value":"//td[@aria-colindex=\"1\"]/div/div[contains(@class, \"sapMCbBg\")]"}
RESULT: {"using":"xpath","value":"//td[@aria-colindex=\"1\"]/div/div[contains(@class, \"sapMCbBg\")]"}
COMMAND: POST /session/be9a23df4294472c3cbe97a105488dd6/elements - {"using":"xpath","value":"//td[@aria-colindex=\"1\"]/div/div[contains(@class, \"sapMCbBg\")]"}
RESULT: {"using":"xpath","value":"//td[@aria-colindex=\"1\"]/div/div[contains(@class, \"sapMCbBg\")]"}
COMMAND: POST /session/be9a23df4294472c3cbe97a105488dd6/elements - {"using":"xpath","value":"//td[@aria-colindex=\"1\"]/div/div[contains(@class, \"sapMCbBg\")]"}
RESULT: {"using":"xpath","value":"//td[@aria-colindex=\"1\"]/div/div[contains(@class, \"sapMCbBg\")]"}
COMMAND: POST /session/be9a23df4294472c3cbe97a105488dd6/elements - {"using":"xpath","value":"//td[@aria-colindex=\"1\"]/div/div[contains(@class, \"sapMCbBg\")]"}
RESULT: {"using":"xpath","value":"//td[@aria-colindex=\"1\"]/div/div[contains(@class, \"sapMCbBg\")]"}
COMMAND: POST /session/be9a23df4294472c3cbe97a105488dd6/elements - {"using":"xpath","value":"//td[@aria-colindex=\"1\"]/div/div[contains(@class, \"sapMCbBg\")]"}
RESULT: {"using":"xpath","value":"//td[@aria-colindex=\"1\"]/div/div[contains(@class, \"sapMCbBg\")]"}
COMMAND: POST /session/be9a23df4294472c3cbe97a105488dd6/elements - {"using":"xpath","value":"//td[@aria-colindex=\"1\"]/div/div[contains(@class, \"sapMCbBg\")]"}
RESULT: {"using":"xpath","value":"//td[@aria-colindex=\"1\"]/div/div[contains(@class, \"sapMCbBg\")]"}
COMMAND: POST /session/be9a23df4294472c3cbe97a105488dd6/elements - {"using":"xpath","value":"//td[@aria-colindex=\"1\"]/div/div[contains(@class, \"sapMCbBg\")]"}
RESULT: {"using":"xpath","value":"//td[@aria-colindex=\"1\"]/div/div[contains(@class, \"sapMCbBg\")]"}
COMMAND: POST /session/be9a23df4294472c3cbe97a105488dd6/elements - {"using":"xpath","value":"//td[@aria-colindex=\"1\"]/div/div[contains(@class, \"sapMCbBg\")]"}
RESULT: {"using":"xpath","value":"//td[@aria-colindex=\"1\"]/div/div[contains(@class, \"sapMCbBg\")]"}
COMMAND: POST /session/be9a23df4294472c3cbe97a105488dd6/elements - {"using":"xpath","value":"//td[@aria-colindex=\"1\"]/div/div[contains(@class, \"sapMCbBg\")]"}
RESULT: {"using":"xpath","value":"//td[@aria-colindex=\"1\"]/div/div[contains(@class, \"sapMCbBg\")]"}
COMMAND: POST /session/be9a23df4294472c3cbe97a105488dd6/elements - {"using":"xpath","value":"//td[@aria-colindex=\"1\"]/div/div[contains(@class, \"sapMCbBg\")]"}
RESULT: {"using":"xpath","value":"//td[@aria-colindex=\"1\"]/div/div[contains(@class, \"sapMCbBg\")]"}
COMMAND: POST /session/be9a23df4294472c3cbe97a105488dd6/elements - {"using":"xpath","value":"//td[@aria-colindex=\"1\"]/div/div[contains(@class, \"sapMCbBg\")]"}
RESULT: {"using":"xpath","value":"//td[@aria-colindex=\"1\"]/div/div[contains(@class, \"sapMCbBg\")]"}
COMMAND: POST /session/be9a23df4294472c3cbe97a105488dd6/elements - {"using":"xpath","value":"//td[@aria-colindex=\"1\"]/div/div[contains(@class, \"sapMCbBg\")]"}
RESULT: {"using":"xpath","value":"//td[@aria-colindex=\"1\"]/div/div[contains(@class, \"sapMCbBg\")]"}
COMMAND: POST /session/be9a23df4294472c3cbe97a105488dd6/elements - {"using":"xpath","value":"//td[@aria-colindex=\"1\"]/div/div[contains(@class, \"sapMCbBg\")]"}
RESULT: {"using":"xpath","value":"//td[@aria-colindex=\"1\"]/div/div[contains(@class, \"sapMCbBg\")]"}
COMMAND: POST /session/be9a23df4294472c3cbe97a105488dd6/elements - {"using":"xpath","value":"//td[@aria-colindex=\"1\"]/div/div[contains(@class, \"sapMCbBg\")]"}
RESULT: {"using":"xpath","value":"//td[@aria-colindex=\"1\"]/div/div[contains(@class, \"sapMCbBg\")]"}
COMMAND: POST /session/be9a23df4294472c3cbe97a105488dd6/elements - {"using":"xpath","value":"//td[@aria-colindex=\"1\"]/div/div[contains(@class, \"sapMCbBg\")]"}
RESULT: {"using":"xpath","value":"//td[@aria-colindex=\"1\"]/div/div[contains(@class, \"sapMCbBg\")]"}
COMMAND: POST /session/be9a23df4294472c3cbe97a105488dd6/elements - {"using":"xpath","value":"//td[@aria-colindex=\"1\"]/div/div[contains(@class, \"sapMCbBg\")]"}
RESULT: {"using":"xpath","value":"//td[@aria-colindex=\"1\"]/div/div[contains(@class, \"sapMCbBg\")]"}
COMMAND: POST /session/be9a23df4294472c3cbe97a105488dd6/elements - {"using":"xpath","value":"//td[@aria-colindex=\"1\"]/div/div[contains(@class, \"sapMCbBg\")]"}
RESULT: {"using":"xpath","value":"//td[@aria-colindex=\"1\"]/div/div[contains(@class, \"sapMCbBg\")]"}
COMMAND: POST /session/be9a23df4294472c3cbe97a105488dd6/elements - {"using":"xpath","value":"//td[@aria-colindex=\"1\"]/div/div[contains(@class, \"sapMCbBg\")]"}
RESULT: {"using":"xpath","value":"//td[@aria-colindex=\"1\"]/div/div[contains(@class, \"sapMCbBg\")]"}
COMMAND: POST /session/be9a23df4294472c3cbe97a105488dd6/elements - {"using":"xpath","value":"//td[@aria-colindex=\"1\"]/div/div[contains(@class, \"sapMCbBg\")]"}
RESULT: {"using":"xpath","value":"//td[@aria-colindex=\"1\"]/div/div[contains(@class, \"sapMCbBg\")]"}
COMMAND: POST /session/be9a23df4294472c3cbe97a105488dd6/elements - {"using":"xpath","value":"//td[@aria-colindex=\"1\"]/div/div[contains(@class, \"sapMCbBg\")]"}
RESULT: {"using":"xpath","value":"//td[@aria-colindex=\"1\"]/div/div[contains(@class, \"sapMCbBg\")]"}
COMMAND: POST /session/be9a23df4294472c3cbe97a105488dd6/elements - {"using":"xpath","value":"//td[@aria-colindex=\"1\"]/div/div[contains(@class, \"sapMCbBg\")]"}
RESULT: {"using":"xpath","value":"//td[@aria-colindex=\"1\"]/div/div[contains(@class, \"sapMCbBg\")]"}
COMMAND: POST /session/be9a23df4294472c3cbe97a105488dd6/elements - {"using":"xpath","value":"//td[@aria-colindex=\"1\"]/div/div[contains(@class, \"sapMCbBg\")]"}
RESULT: {"using":"xpath","value":"//td[@aria-colindex=\"1\"]/div/div[contains(@class, \"sapMCbBg\")]"}
COMMAND: POST /session/be9a23df4294472c3cbe97a105488dd6/elements - {"using":"xpath","value":"//td[@aria-colindex=\"1\"]/div/div[contains(@class, \"sapMCbBg\")]"}
RESULT: {"using":"xpath","value":"//td[@aria-colindex=\"1\"]/div/div[contains(@class, \"sapMCbBg\")]"}
COMMAND: POST /session/be9a23df4294472c3cbe97a105488dd6/elements - {"using":"xpath","value":"//td[@aria-colindex=\"1\"]/div/div[contains(@class, \"sapMCbBg\")]"}
RESULT: {"using":"xpath","value":"//td[@aria-colindex=\"1\"]/div/div[contains(@class, \"sapMCbBg\")]"}
COMMAND: POST /session/be9a23df4294472c3cbe97a105488dd6/elements - {"using":"xpath","value":"//td[@aria-colindex=\"1\"]/div/div[contains(@class, \"sapMCbBg\")]"}
RESULT: {"using":"xpath","value":"//td[@aria-colindex=\"1\"]/div/div[contains(@class, \"sapMCbBg\")]"}
COMMAND: POST /session/be9a23df4294472c3cbe97a105488dd6/elements - {"using":"xpath","value":"//td[@aria-colindex=\"1\"]/div/div[contains(@class, \"sapMCbBg\")]"}
RESULT: {"using":"xpath","value":"//td[@aria-colindex=\"1\"]/div/div[contains(@class, \"sapMCbBg\")]"}
COMMAND: POST /session/be9a23df4294472c3cbe97a105488dd6/elements - {"using":"xpath","value":"//td[@aria-colindex=\"1\"]/div/div[contains(@class, \"sapMCbBg\")]"}
RESULT: {"using":"xpath","value":"//td[@aria-colindex=\"1\"]/div/div[contains(@class, \"sapMCbBg\")]"}
COMMAND: POST /session/be9a23df4294472c3cbe97a105488dd6/elements - {"using":"xpath","value":"//td[@aria-colindex=\"1\"]/div/div[contains(@class, \"sapMCbBg\")]"}
RESULT: {"using":"xpath","value":"//td[@aria-colindex=\"1\"]/div/div[contains(@class, \"sapMCbBg\")]"}
COMMAND: POST /session/be9a23df4294472c3cbe97a105488dd6/elements - {"using":"xpath","value":"//td[@aria-colindex=\"1\"]/div/div[contains(@class, \"sapMCbBg\")]"}
RESULT: {"using":"xpath","value":"//td[@aria-colindex=\"1\"]/div/div[contains(@class, \"sapMCbBg\")]"}
COMMAND: POST /session/be9a23df4294472c3cbe97a105488dd6/elements - {"using":"xpath","value":"//td[@aria-colindex=\"1\"]/div/div[contains(@class, \"sapMCbBg\")]"}
RESULT: {"using":"xpath","value":"//td[@aria-colindex=\"1\"]/div/div[contains(@class, \"sapMCbBg\")]"}
COMMAND: POST /session/be9a23df4294472c3cbe97a105488dd6/elements - {"using":"xpath","value":"//td[@aria-colindex=\"1\"]/div/div[contains(@class, \"sapMCbBg\")]"}
RESULT: {"using":"xpath","value":"//td[@aria-colindex=\"1\"]/div/div[contains(@class, \"sapMCbBg\")]"}
COMMAND: POST /session/be9a23df4294472c3cbe97a105488dd6/elements - {"using":"xpath","value":"//td[@aria-colindex=\"1\"]/div/div[contains(@class, \"sapMCbBg\")]"}
RESULT: {"using":"xpath","value":"//td[@aria-colindex=\"1\"]/div/div[contains(@class, \"sapMCbBg\")]"}
COMMAND: POST /session/be9a23df4294472c3cbe97a105488dd6/elements - {"using":"xpath","value":"//td[@aria-colindex=\"1\"]/div/div[contains(@class, \"sapMCbBg\")]"}
RESULT: {"using":"xpath","value":"//td[@aria-colindex=\"1\"]/div/div[contains(@class, \"sapMCbBg\")]"}
COMMAND: POST /session/be9a23df4294472c3cbe97a105488dd6/elements - {"using":"xpath","value":"//td[@aria-colindex=\"1\"]/div/div[contains(@class, \"sapMCbBg\")]"}
RESULT: {"using":"xpath","value":"//td[@aria-colindex=\"1\"]/div/div[contains(@class, \"sapMCbBg\")]"}
COMMAND: POST /session/be9a23df4294472c3cbe97a105488dd6/elements - {"using":"xpath","value":"//td[@aria-colindex=\"1\"]/div/div[contains(@class, \"sapMCbBg\")]"}
RESULT: {"using":"xpath","value":"//td[@aria-colindex=\"1\"]/div/div[contains(@class, \"sapMCbBg\")]"}
COMMAND: POST /session/be9a23df4294472c3cbe97a105488dd6/elements - {"using":"xpath","value":"//td[@aria-colindex=\"1\"]/div/div[contains(@class, \"sapMCbBg\")]"}
RESULT: {"using":"xpath","value":"//td[@aria-colindex=\"1\"]/div/div[contains(@class, \"sapMCbBg\")]"}
COMMAND: POST /session/be9a23df4294472c3cbe97a105488dd6/elements - {"using":"xpath","value":"//td[@aria-colindex=\"1\"]/div/div[contains(@class, \"sapMCbBg\")]"}
RESULT: {"using":"xpath","value":"//td[@aria-colindex=\"1\"]/div/div[contains(@class, \"sapMCbBg\")]"}
COMMAND: POST /session/be9a23df4294472c3cbe97a105488dd6/elements - {"using":"xpath","value":"//td[@aria-colindex=\"1\"]/div/div[contains(@class, \"sapMCbBg\")]"}
RESULT: {"using":"xpath","value":"//td[@aria-colindex=\"1\"]/div/div[contains(@class, \"sapMCbBg\")]"}
COMMAND: POST /session/be9a23df4294472c3cbe97a105488dd6/elements - {"using":"xpath","value":"//td[@aria-colindex=\"1\"]/div/div[contains(@class, \"sapMCbBg\")]"}
RESULT: {"using":"xpath","value":"//td[@aria-colindex=\"1\"]/div/div[contains(@class, \"sapMCbBg\")]"}
COMMAND: POST /session/be9a23df4294472c3cbe97a105488dd6/elements - {"using":"xpath","value":"//td[@aria-colindex=\"1\"]/div/div[contains(@class, \"sapMCbBg\")]"}
RESULT: {"using":"xpath","value":"//td[@aria-colindex=\"1\"]/div/div[contains(@class, \"sapMCbBg\")]"}
COMMAND: POST /session/be9a23df4294472c3cbe97a105488dd6/elements - {"using":"xpath","value":"//td[@aria-colindex=\"1\"]/div/div[contains(@class, \"sapMCbBg\")]"}
RESULT: {"using":"xpath","value":"//td[@aria-colindex=\"1\"]/div/div[contains(@class, \"sapMCbBg\")]"}
COMMAND: POST /session/be9a23df4294472c3cbe97a105488dd6/elements - {"using":"xpath","value":"//td[@aria-colindex=\"1\"]/div/div[contains(@class, \"sapMCbBg\")]"}
RESULT: {"using":"xpath","value":"//td[@aria-colindex=\"1\"]/div/div[contains(@class, \"sapMCbBg\")]"}
COMMAND: POST /session/be9a23df4294472c3cbe97a105488dd6/elements - {"using":"xpath","value":"//td[@aria-colindex=\"1\"]/div/div[contains(@class, \"sapMCbBg\")]"}
RESULT: {"using":"xpath","value":"//td[@aria-colindex=\"1\"]/div/div[contains(@class, \"sapMCbBg\")]"}
COMMAND: POST /session/be9a23df4294472c3cbe97a105488dd6/elements - {"using":"xpath","value":"//td[@aria-colindex=\"1\"]/div/div[contains(@class, \"sapMCbBg\")]"}
RESULT: {"using":"xpath","value":"//td[@aria-colindex=\"1\"]/div/div[contains(@class, \"sapMCbBg\")]"}
COMMAND: POST /session/be9a23df4294472c3cbe97a105488dd6/elements - {"using":"xpath","value":"//td[@aria-colindex=\"1\"]/div/div[contains(@class, \"sapMCbBg\")]"}
RESULT: {"using":"xpath","value":"//td[@aria-colindex=\"1\"]/div/div[contains(@class, \"sapMCbBg\")]"}
COMMAND: POST /session/be9a23df4294472c3cbe97a105488dd6/elements - {"using":"xpath","value":"//td[@aria-colindex=\"1\"]/div/div[contains(@class, \"sapMCbBg\")]"}
RESULT: {"using":"xpath","value":"//td[@aria-colindex=\"1\"]/div/div[contains(@class, \"sapMCbBg\")]"}
COMMAND: POST /session/be9a23df4294472c3cbe97a105488dd6/elements - {"using":"xpath","value":"//td[@aria-colindex=\"1\"]/div/div[contains(@class, \"sapMCbBg\")]"}
RESULT: {"using":"xpath","value":"//td[@aria-colindex=\"1\"]/div/div[contains(@class, \"sapMCbBg\")]"}
COMMAND: POST /session/be9a23df4294472c3cbe97a105488dd6/elements - {"using":"xpath","value":"//td[@aria-colindex=\"1\"]/div/div[contains(@class, \"sapMCbBg\")]"}
RESULT: {"using":"xpath","value":"//td[@aria-colindex=\"1\"]/div/div[contains(@class, \"sapMCbBg\")]"}
COMMAND: POST /session/be9a23df4294472c3cbe97a105488dd6/elements - {"using":"xpath","value":"//td[@aria-colindex=\"1\"]/div/div[contains(@class, \"sapMCbBg\")]"}
RESULT: {"using":"xpath","value":"//td[@aria-colindex=\"1\"]/div/div[contains(@class, \"sapMCbBg\")]"}
COMMAND: POST /session/be9a23df4294472c3cbe97a105488dd6/elements - {"using":"xpath","value":"//td[@aria-colindex=\"1\"]/div/div[contains(@class, \"sapMCbBg\")]"}
RESULT: {"using":"xpath","value":"//td[@aria-colindex=\"1\"]/div/div[contains(@class, \"sapMCbBg\")]"}
COMMAND: POST /session/be9a23df4294472c3cbe97a105488dd6/elements - {"using":"xpath","value":"//td[@aria-colindex=\"1\"]/div/div[contains(@class, \"sapMCbBg\")]"}
RESULT: {"using":"xpath","value":"//td[@aria-colindex=\"1\"]/div/div[contains(@class, \"sapMCbBg\")]"}
COMMAND: POST /session/be9a23df4294472c3cbe97a105488dd6/elements - {"using":"xpath","value":"//td[@aria-colindex=\"1\"]/div/div[contains(@class, \"sapMCbBg\")]"}
RESULT: {"using":"xpath","value":"//td[@aria-colindex=\"1\"]/div/div[contains(@class, \"sapMCbBg\")]"}
COMMAND: POST /session/be9a23df4294472c3cbe97a105488dd6/elements - {"using":"xpath","value":"//td[@aria-colindex=\"1\"]/div/div[contains(@class, \"sapMCbBg\")]"}
RESULT: {"using":"xpath","value":"//td[@aria-colindex=\"1\"]/div/div[contains(@class, \"sapMCbBg\")]"}
COMMAND: POST /session/be9a23df4294472c3cbe97a105488dd6/elements - {"using":"xpath","value":"//td[@aria-colindex=\"1\"]/div/div[contains(@class, \"sapMCbBg\")]"}
RESULT: {"using":"xpath","value":"//td[@aria-colindex=\"1\"]/div/div[contains(@class, \"sapMCbBg\")]"}
COMMAND: POST /session/be9a23df4294472c3cbe97a105488dd6/elements - {"using":"xpath","value":"//td[@aria-colindex=\"1\"]/div/div[contains(@class, \"sapMCbBg\")]"}
RESULT: {"using":"xpath","value":"//td[@aria-colindex=\"1\"]/div/div[contains(@class, \"sapMCbBg\")]"}
COMMAND: POST /session/be9a23df4294472c3cbe97a105488dd6/elements - {"using":"xpath","value":"//td[@aria-colindex=\"1\"]/div/div[contains(@class, \"sapMCbBg\")]"}
RESULT: {"using":"xpath","value":"//td[@aria-colindex=\"1\"]/div/div[contains(@class, \"sapMCbBg\")]"}
COMMAND: POST /session/be9a23df4294472c3cbe97a105488dd6/elements - {"using":"xpath","value":"//td[@aria-colindex=\"1\"]/div/div[contains(@class, \"sapMCbBg\")]"}
RESULT: {"using":"xpath","value":"//td[@aria-colindex=\"1\"]/div/div[contains(@class, \"sapMCbBg\")]"}
COMMAND: POST /session/be9a23df4294472c3cbe97a105488dd6/elements - {"using":"xpath","value":"//td[@aria-colindex=\"1\"]/div/div[contains(@class, \"sapMCbBg\")]"}
RESULT: {"using":"xpath","value":"//td[@aria-colindex=\"1\"]/div/div[contains(@class, \"sapMCbBg\")]"}
COMMAND: POST /session/be9a23df4294472c3cbe97a105488dd6/elements - {"using":"xpath","value":"//td[@aria-colindex=\"1\"]/div/div[contains(@class, \"sapMCbBg\")]"}
RESULT: {"using":"xpath","value":"//td[@aria-colindex=\"1\"]/div/div[contains(@class, \"sapMCbBg\")]"}
COMMAND: POST /session/be9a23df4294472c3cbe97a105488dd6/elements - {"using":"xpath","value":"//td[@aria-colindex=\"1\"]/div/div[contains(@class, \"sapMCbBg\")]"}
RESULT: {"using":"xpath","value":"//td[@aria-colindex=\"1\"]/div/div[contains(@class, \"sapMCbBg\")]"}
COMMAND: POST /session/be9a23df4294472c3cbe97a105488dd6/elements - {"using":"xpath","value":"//td[@aria-colindex=\"1\"]/div/div[contains(@class, \"sapMCbBg\")]"}
RESULT: {"using":"xpath","value":"//td[@aria-colindex=\"1\"]/div/div[contains(@class, \"sapMCbBg\")]"}
COMMAND: POST /session/be9a23df4294472c3cbe97a105488dd6/elements - {"using":"xpath","value":"//td[@aria-colindex=\"1\"]/div/div[contains(@class, \"sapMCbBg\")]"}
RESULT: {"using":"xpath","value":"//td[@aria-colindex=\"1\"]/div/div[contains(@class, \"sapMCbBg\")]"}
COMMAND: POST /session/be9a23df4294472c3cbe97a105488dd6/elements - {"using":"xpath","value":"//td[@aria-colindex=\"1\"]/div/div[contains(@class, \"sapMCbBg\")]"}
RESULT: {"using":"xpath","value":"//td[@aria-colindex=\"1\"]/div/div[contains(@class, \"sapMCbBg\")]"}
COMMAND: POST /session/be9a23df4294472c3cbe97a105488dd6/elements - {"using":"xpath","value":"//td[@aria-colindex=\"1\"]/div/div[contains(@class, \"sapMCbBg\")]"}
RESULT: {"using":"xpath","value":"//td[@aria-colindex=\"1\"]/div/div[contains(@class, \"sapMCbBg\")]"}
COMMAND: POST /session/be9a23df4294472c3cbe97a105488dd6/elements - {"using":"xpath","value":"//td[@aria-colindex=\"1\"]/div/div[contains(@class, \"sapMCbBg\")]"}
RESULT: {"using":"xpath","value":"//td[@aria-colindex=\"1\"]/div/div[contains(@class, \"sapMCbBg\")]"}
COMMAND: POST /session/be9a23df4294472c3cbe97a105488dd6/elements - {"using":"xpath","value":"//td[@aria-colindex=\"1\"]/div/div[contains(@class, \"sapMCbBg\")]"}
RESULT: {"using":"xpath","value":"//td[@aria-colindex=\"1\"]/div/div[contains(@class, \"sapMCbBg\")]"}
COMMAND: POST /session/be9a23df4294472c3cbe97a105488dd6/elements - {"using":"xpath","value":"//td[@aria-colindex=\"1\"]/div/div[contains(@class, \"sapMCbBg\")]"}
RESULT: {"using":"xpath","value":"//td[@aria-colindex=\"1\"]/div/div[contains(@class, \"sapMCbBg\")]"}
COMMAND: POST /session/be9a23df4294472c3cbe97a105488dd6/elements - {"using":"xpath","value":"//td[@aria-colindex=\"1\"]/div/div[contains(@class, \"sapMCbBg\")]"}
RESULT: {"using":"xpath","value":"//td[@aria-colindex=\"1\"]/div/div[contains(@class, \"sapMCbBg\")]"}
COMMAND: POST /session/be9a23df4294472c3cbe97a105488dd6/elements - {"using":"xpath","value":"//td[@aria-colindex=\"1\"]/div/div[contains(@class, \"sapMCbBg\")]"}
RESULT: {"using":"xpath","value":"//td[@aria-colindex=\"1\"]/div/div[contains(@class, \"sapMCbBg\")]"}
COMMAND: POST /session/be9a23df4294472c3cbe97a105488dd6/elements - {"using":"xpath","value":"//td[@aria-colindex=\"1\"]/div/div[contains(@class, \"sapMCbBg\")]"}
RESULT: {"using":"xpath","value":"//td[@aria-colindex=\"1\"]/div/div[contains(@class, \"sapMCbBg\")]"}
COMMAND: POST /session/be9a23df4294472c3cbe97a105488dd6/elements - {"using":"xpath","value":"//td[@aria-colindex=\"1\"]/div/div[contains(@class, \"sapMCbBg\")]"}
RESULT: {"using":"xpath","value":"//td[@aria-colindex=\"1\"]/div/div[contains(@class, \"sapMCbBg\")]"}
COMMAND: POST /session/be9a23df4294472c3cbe97a105488dd6/elements - {"using":"xpath","value":"//td[@aria-colindex=\"1\"]/div/div[contains(@class, \"sapMCbBg\")]"}
RESULT: {"using":"xpath","value":"//td[@aria-colindex=\"1\"]/div/div[contains(@class, \"sapMCbBg\")]"}
COMMAND: POST /session/be9a23df4294472c3cbe97a105488dd6/elements - {"using":"xpath","value":"//td[@aria-colindex=\"1\"]/div/div[contains(@class, \"sapMCbBg\")]"}
RESULT: {"using":"xpath","value":"//td[@aria-colindex=\"1\"]/div/div[contains(@class, \"sapMCbBg\")]"}
COMMAND: POST /session/be9a23df4294472c3cbe97a105488dd6/elements - {"using":"xpath","value":"//td[@aria-colindex=\"1\"]/div/div[contains(@class, \"sapMCbBg\")]"}
RESULT: {"using":"xpath","value":"//td[@aria-colindex=\"1\"]/div/div[contains(@class, \"sapMCbBg\")]"}
COMMAND: POST /session/be9a23df4294472c3cbe97a105488dd6/elements - {"using":"xpath","value":"//td[@aria-colindex=\"1\"]/div/div[contains(@class, \"sapMCbBg\")]"}
RESULT: {"using":"xpath","value":"//td[@aria-colindex=\"1\"]/div/div[contains(@class, \"sapMCbBg\")]"}
COMMAND: POST /session/be9a23df4294472c3cbe97a105488dd6/elements - {"using":"xpath","value":"//td[@aria-colindex=\"1\"]/div/div[contains(@class, \"sapMCbBg\")]"}
RESULT: {"using":"xpath","value":"//td[@aria-colindex=\"1\"]/div/div[contains(@class, \"sapMCbBg\")]"}
COMMAND: POST /session/be9a23df4294472c3cbe97a105488dd6/elements - {"using":"xpath","value":"//td[@aria-colindex=\"1\"]/div/div[contains(@class, \"sapMCbBg\")]"}
RESULT: {"using":"xpath","value":"//td[@aria-colindex=\"1\"]/div/div[contains(@class, \"sapMCbBg\")]"}
COMMAND: POST /session/be9a23df4294472c3cbe97a105488dd6/elements - {"using":"xpath","value":"//td[@aria-colindex=\"1\"]/div/div[contains(@class, \"sapMCbBg\")]"}
RESULT: {"using":"xpath","value":"//td[@aria-colindex=\"1\"]/div/div[contains(@class, \"sapMCbBg\")]"}
COMMAND: POST /session/be9a23df4294472c3cbe97a105488dd6/elements - {"using":"xpath","value":"//td[@aria-colindex=\"1\"]/div/div[contains(@class, \"sapMCbBg\")]"}
RESULT: {"using":"xpath","value":"//td[@aria-colindex=\"1\"]/div/div[contains(@class, \"sapMCbBg\")]"}
COMMAND: POST /session/be9a23df4294472c3cbe97a105488dd6/elements - {"using":"xpath","value":"//td[@aria-colindex=\"1\"]/div/div[contains(@class, \"sapMCbBg\")]"}
RESULT: {"using":"xpath","value":"//td[@aria-colindex=\"1\"]/div/div[contains(@class, \"sapMCbBg\")]"}
COMMAND: POST /session/be9a23df4294472c3cbe97a105488dd6/elements - {"using":"xpath","value":"//td[@aria-colindex=\"1\"]/div/div[contains(@class, \"sapMCbBg\")]"}
RESULT: {"using":"xpath","value":"//td[@aria-colindex=\"1\"]/div/div[contains(@class, \"sapMCbBg\")]"}
COMMAND: POST /session/be9a23df4294472c3cbe97a105488dd6/elements - {"using":"xpath","value":"//td[@aria-colindex=\"1\"]/div/div[contains(@class, \"sapMCbBg\")]"}
RESULT: {"using":"xpath","value":"//td[@aria-colindex=\"1\"]/div/div[contains(@class, \"sapMCbBg\")]"}
COMMAND: POST /session/be9a23df4294472c3cbe97a105488dd6/elements - {"using":"xpath","value":"//td[@aria-colindex=\"1\"]/div/div[contains(@class, \"sapMCbBg\")]"}
RESULT: {"using":"xpath","value":"//td[@aria-colindex=\"1\"]/div/div[contains(@class, \"sapMCbBg\")]"}
COMMAND: POST /session/be9a23df4294472c3cbe97a105488dd6/elements - {"using":"xpath","value":"//td[@aria-colindex=\"1\"]/div/div[contains(@class, \"sapMCbBg\")]"}
RESULT: {"using":"xpath","value":"//td[@aria-colindex=\"1\"]/div/div[contains(@class, \"sapMCbBg\")]"}
COMMAND: POST /session/be9a23df4294472c3cbe97a105488dd6/elements - {"using":"xpath","value":"//td[@aria-colindex=\"1\"]/div/div[contains(@class, \"sapMCbBg\")]"}
RESULT: {"using":"xpath","value":"//td[@aria-colindex=\"1\"]/div/div[contains(@class, \"sapMCbBg\")]"}
COMMAND: POST /session/be9a23df4294472c3cbe97a105488dd6/elements - {"using":"xpath","value":"//td[@aria-colindex=\"1\"]/div/div[contains(@class, \"sapMCbBg\")]"}
RESULT: {"using":"xpath","value":"//td[@aria-colindex=\"1\"]/div/div[contains(@class, \"sapMCbBg\")]"}
COMMAND: GET /session/be9a23df4294472c3cbe97a105488dd6/screenshot - {}
RESULT: {}
COMMAND: GET /session/be9a23df4294472c3cbe97a105488dd6/screenshot - {}
COMMAND: POST /session/be9a23df4294472c3cbe97a105488dd6/element - {"using":"css selector","value":"#j_username"}
COMMAND: POST /session/be9a23df4294472c3cbe97a105488dd6/url - {"url":"https://qa-testing-00-live-etm-ui.cfapps.eu10-004.hana.ondemand.com/"}
COMMAND: GET /session/be9a23df4294472c3cbe97a105488dd6/screenshot - {}
RESULT: {"url":"https://qa-testing-00-live-etm-ui.cfapps.eu10-004.hana.ondemand.com/"}
RESULT: undefined
COMMAND: GET /session/be9a23df4294472c3cbe97a105488dd6/screenshot - {}
RESULT: {"using":"css selector","value":"#j_username"}
COMMAND: POST /session/be9a23df4294472c3cbe97a105488dd6/element - {"using":"css selector","value":"#j_username"}
RESULT: {}
RESULT: {}
RESULT: {}
RESULT: {"using":"css selector","value":"#j_username"}
COMMAND: POST /session/be9a23df4294472c3cbe97a105488dd6/element - {"using":"css selector","value":"#shell-header-logo"}
RESULT: {"using":"css selector","value":"#shell-header-logo"}
COMMAND: POST /session/be9a23df4294472c3cbe97a105488dd6/execute/sync - {"script":"<script> [8489 bytes]","args":[{"element-6066-11e4-a52e-4f735466cecf":"f.6CFE3FC8FA908A587831E8FD5FC52521.d.8FE047B4E5938E2B9E6CEF095778E743.e.13573","ELEMENT":"f.6CFE3FC8FA908A587831E8FD5FC52521.d.8FE047B4E5938E2B9E6CEF095778E743.e.13573"}]}
RESULT: {"script":"<script> [8489 bytes]","args":[{"element-6066-11e4-a52e-4f735466cecf":"f.6CFE3FC8FA908A587831E8FD5FC52521.d.8FE047B4E5938E2B9E6CEF095778E743.e.13573","ELEMENT":"f.6CFE3FC8FA908A587831E8FD5FC52521.d.8FE047B4E5938E2B9E6CEF095778E743.e.13573"}]}
COMMAND: POST /session/be9a23df4294472c3cbe97a105488dd6/element - {"using":"css selector","value":"#shell-header-logo"}
COMMAND: GET /session/be9a23df4294472c3cbe97a105488dd6/screenshot - {}
RESULT: {"using":"css selector","value":"#shell-header-logo"}
COMMAND: POST /session/be9a23df4294472c3cbe97a105488dd6/execute/sync - {"script":"<script> [8489 bytes]","args":[{"element-6066-11e4-a52e-4f735466cecf":"f.6CFE3FC8FA908A587831E8FD5FC52521.d.8FE047B4E5938E2B9E6CEF095778E743.e.13573","ELEMENT":"f.6CFE3FC8FA908A587831E8FD5FC52521.d.8FE047B4E5938E2B9E6CEF095778E743.e.13573"}]}
RESULT: {}
RESULT: {"script":"<script> [8489 bytes]","args":[{"element-6066-11e4-a52e-4f735466cecf":"f.6CFE3FC8FA908A587831E8FD5FC52521.d.8FE047B4E5938E2B9E6CEF095778E743.e.13573","ELEMENT":"f.6CFE3FC8FA908A587831E8FD5FC52521.d.8FE047B4E5938E2B9E6CEF095778E743.e.13573"}]}
COMMAND: POST /session/be9a23df4294472c3cbe97a105488dd6/execute/sync - {"script":"<script> [5351 bytes]","args":[{"element-6066-11e4-a52e-4f735466cecf":"f.6CFE3FC8FA908A587831E8FD5FC52521.d.8FE047B4E5938E2B9E6CEF095778E743.e.13573","ELEMENT":"f.6CFE3FC8FA908A587831E8FD5FC52521.d.8FE047B4E5938E2B9E6CEF095778E743.e.13573"}]}
COMMAND: GET /session/be9a23df4294472c3cbe97a105488dd6/screenshot - {}
RESULT: {"script":"<script> [5351 bytes]","args":[{"element-6066-11e4-a52e-4f735466cecf":"f.6CFE3FC8FA908A587831E8FD5FC52521.d.8FE047B4E5938E2B9E6CEF095778E743.e.13573","ELEMENT":"f.6CFE3FC8FA908A587831E8FD5FC52521.d.8FE047B4E5938E2B9E6CEF095778E743.e.13573"}]}
COMMAND: POST /session/be9a23df4294472c3cbe97a105488dd6/element - {"using":"css selector","value":"#shell-header-logo"}
COMMAND: GET /session/be9a23df4294472c3cbe97a105488dd6/screenshot - {}
RESULT: {}
RESULT: {"using":"css selector","value":"#shell-header-logo"}
COMMAND: POST /session/be9a23df4294472c3cbe97a105488dd6/element/f.6CFE3FC8FA908A587831E8FD5FC52521.d.8FE047B4E5938E2B9E6CEF095778E743.e.13573/click - {}
RESULT: {}
RESULT: {}
COMMAND: GET /session/be9a23df4294472c3cbe97a105488dd6/screenshot - {}
RESULT: {}
COMMAND: POST /session/be9a23df4294472c3cbe97a105488dd6/execute/async - {"script":"<script> [189 bytes]","args":[]}
RESULT: {"script":"<script> [189 bytes]","args":[]}
COMMAND: POST /session/be9a23df4294472c3cbe97a105488dd6/execute/async - {"script":"<script> [123 bytes]","args":[]}
RESULT: {"script":"<script> [123 bytes]","args":[]}
COMMAND: POST /session/be9a23df4294472c3cbe97a105488dd6/timeouts - {"script":"<number>"}
RESULT: {"script":"<number>"}
COMMAND: GET /session/be9a23df4294472c3cbe97a105488dd6/timeouts - {}
RESULT: {}
RESULT: undefined
COMMAND: POST /session/be9a23df4294472c3cbe97a105488dd6/execute/async - {"script":"<script> [2676 bytes]","args":[]}
RESULT: {"script":"<script> [2676 bytes]","args":[]}
COMMAND: POST /session/be9a23df4294472c3cbe97a105488dd6/execute/async - {"script":"<script> [2342 bytes]","args":[{"protocol":"http","hostname":"0.0.0.0","path":"/","capabilities":{"browserName":"chrome","goog:chromeOptions":{"binary":"C:\\Program Files\\Google\\Chrome\\Application\\chrome.exe","args":["--start-maximized"]}},"logLevel":"warn","connectionRetryTimeout":120000,"connectionRetryCount":3,"logLevels":{},"enableDirectConnect":true,"strictSSL":true,"_":"65 more keys: [\"cacheDir\",\"port\",\"requestedCapabilities\",\"automationProtocol\",\"baseUrl\",\"waitforInterval\",\"waitforTimeout\",\"onReload\",\"beforeCommand\",\"afterCommand\",\"rootDir\",\"specs\",\"suites\",\"exclude\",\"groupLogsByTestSpec\",\"excludeDriverLogs\",\"bail\",\"framework\",\"reporters\",\"services\",\"maxInstances\",\"maxInstancesPerCapability\",\"injectGlobals\",\"filesToWatch\",\"execArgv\",\"runnerEnv\",\"runner\",\"shard\",\"specFileRetries\",\"specFileRetriesDelay\",\"specFileRetriesDeferred\",\"reporterSyncInterval\",\"reporterSyncTimeout\",\"cucumberFeaturesWithLineNumbers\",\"autoCompileOpts\",\"mochaOpts\",\"jasmineOpts\",\"cucumberOpts\",\"onPrepare\",\"onWorkerStart\",\"onWorkerEnd\",\"before\",\"beforeSession\",\"beforeSuite\",\"beforeHook\",\"beforeTest\",\"afterTest\",\"afterHook\",\"afterSuite\",\"afterSession\",\"after\",\"onComplete\",\"beforeAssertion\",\"afterAssertion\",\"beforeFeature\",\"beforeScenario\",\"beforeStep\",\"afterStep\",\"afterScenario\",\"afterFeature\",\"_\",\"suite\",\"$0\",\"ignoredWorkerServices\",\"wdi5\"]"}]}
RESULT: {"script":"<script> [2342 bytes]","args":[{"protocol":"http","hostname":"0.0.0.0","path":"/","capabilities":{"browserName":"chrome","goog:chromeOptions":{"binary":"C:\\Program Files\\Google\\Chrome\\Application\\chrome.exe","args":["--start-maximized"]}},"logLevel":"warn","connectionRetryTimeout":120000,"connectionRetryCount":3,"logLevels":{},"enableDirectConnect":true,"strictSSL":true,"_":"65 more keys: [\"cacheDir\",\"port\",\"requestedCapabilities\",\"automationProtocol\",\"baseUrl\",\"waitforInterval\",\"waitforTimeout\",\"onReload\",\"beforeCommand\",\"afterCommand\",\"rootDir\",\"specs\",\"suites\",\"exclude\",\"groupLogsByTestSpec\",\"excludeDriverLogs\",\"bail\",\"framework\",\"reporters\",\"services\",\"maxInstances\",\"maxInstancesPerCapability\",\"injectGlobals\",\"filesToWatch\",\"execArgv\",\"runnerEnv\",\"runner\",\"shard\",\"specFileRetries\",\"specFileRetriesDelay\",\"specFileRetriesDeferred\",\"reporterSyncInterval\",\"reporterSyncTimeout\",\"cucumberFeaturesWithLineNumbers\",\"autoCompileOpts\",\"mochaOpts\",\"jasmineOpts\",\"cucumberOpts\",\"onPrepare\",\"onWorkerStart\",\"onWorkerEnd\",\"before\",\"beforeSession\",\"beforeSuite\",\"beforeHook\",\"beforeTest\",\"afterTest\",\"afterHook\",\"afterSuite\",\"afterSession\",\"after\",\"onComplete\",\"beforeAssertion\",\"afterAssertion\",\"beforeFeature\",\"beforeScenario\",\"beforeStep\",\"afterStep\",\"afterScenario\",\"afterFeature\",\"_\",\"suite\",\"$0\",\"ignoredWorkerServices\",\"wdi5\"]"}]}
COMMAND: POST /session/be9a23df4294472c3cbe97a105488dd6/execute/async - {"script":"<script> [21126 bytes]","args":[35000]}
RESULT: {"script":"<script> [21126 bytes]","args":[35000]}
COMMAND: POST /session/be9a23df4294472c3cbe97a105488dd6/window/maximize - {}
RESULT: {}
COMMAND: POST /session/be9a23df4294472c3cbe97a105488dd6/execute/async - {"script":"<script> [1562 bytes]","args":[{"selector":{"id":"shell-header","interaction":{"idSuffix":"icon"}},"wdio_ui5_key":"shellheader"}]}
COMMAND: GET /session/be9a23df4294472c3cbe97a105488dd6/screenshot - {}
RESULT: {"script":"<script> [1562 bytes]","args":[{"selector":{"id":"shell-header","interaction":{"idSuffix":"icon"}},"wdio_ui5_key":"shellheader"}]}
RESULT: undefined
COMMAND: POST /session/be9a23df4294472c3cbe97a105488dd6/refresh - {}
RESULT: {}
RESULT: {}
COMMAND: GET /session/be9a23df4294472c3cbe97a105488dd6/screenshot - {}
RESULT: {}
COMMAND: POST /session/be9a23df4294472c3cbe97a105488dd6/refresh - {}
RESULT: {}
COMMAND: GET /session/be9a23df4294472c3cbe97a105488dd6/screenshot - {}
RESULT: {}
COMMAND: POST /session/be9a23df4294472c3cbe97a105488dd6/window/fullscreen - {}
RESULT: {}
COMMAND: POST /session/be9a23df4294472c3cbe97a105488dd6/execute/async - {"script":"<script> [189 bytes]","args":[]}
RESULT: {"script":"<script> [189 bytes]","args":[]}
COMMAND: POST /session/be9a23df4294472c3cbe97a105488dd6/execute/async - {"script":"<script> [123 bytes]","args":[]}
RESULT: {"script":"<script> [123 bytes]","args":[]}
COMMAND: POST /session/be9a23df4294472c3cbe97a105488dd6/timeouts - {"script":"<number>"}
RESULT: {"script":"<number>"}
COMMAND: GET /session/be9a23df4294472c3cbe97a105488dd6/timeouts - {}
RESULT: {}
RESULT: undefined
COMMAND: POST /session/be9a23df4294472c3cbe97a105488dd6/execute/async - {"script":"<script> [2676 bytes]","args":[]}
RESULT: {"script":"<script> [2676 bytes]","args":[]}
COMMAND: POST /session/be9a23df4294472c3cbe97a105488dd6/execute/async - {"script":"<script> [2342 bytes]","args":[{"protocol":"http","hostname":"0.0.0.0","path":"/","capabilities":{"browserName":"chrome","goog:chromeOptions":{"binary":"C:\\Program Files\\Google\\Chrome\\Application\\chrome.exe","args":["--start-maximized"]}},"logLevel":"warn","connectionRetryTimeout":120000,"connectionRetryCount":3,"logLevels":{},"enableDirectConnect":true,"strictSSL":true,"_":"65 more keys: [\"cacheDir\",\"port\",\"requestedCapabilities\",\"automationProtocol\",\"baseUrl\",\"waitforInterval\",\"waitforTimeout\",\"onReload\",\"beforeCommand\",\"afterCommand\",\"rootDir\",\"specs\",\"suites\",\"exclude\",\"groupLogsByTestSpec\",\"excludeDriverLogs\",\"bail\",\"framework\",\"reporters\",\"services\",\"maxInstances\",\"maxInstancesPerCapability\",\"injectGlobals\",\"filesToWatch\",\"execArgv\",\"runnerEnv\",\"runner\",\"shard\",\"specFileRetries\",\"specFileRetriesDelay\",\"specFileRetriesDeferred\",\"reporterSyncInterval\",\"reporterSyncTimeout\",\"cucumberFeaturesWithLineNumbers\",\"autoCompileOpts\",\"mochaOpts\",\"jasmineOpts\",\"cucumberOpts\",\"onPrepare\",\"onWorkerStart\",\"onWorkerEnd\",\"before\",\"beforeSession\",\"beforeSuite\",\"beforeHook\",\"beforeTest\",\"afterTest\",\"afterHook\",\"afterSuite\",\"afterSession\",\"after\",\"onComplete\",\"beforeAssertion\",\"afterAssertion\",\"beforeFeature\",\"beforeScenario\",\"beforeStep\",\"afterStep\",\"afterScenario\",\"afterFeature\",\"_\",\"suite\",\"$0\",\"ignoredWorkerServices\",\"wdi5\"]"}]}
RESULT: {"script":"<script> [2342 bytes]","args":[{"protocol":"http","hostname":"0.0.0.0","path":"/","capabilities":{"browserName":"chrome","goog:chromeOptions":{"binary":"C:\\Program Files\\Google\\Chrome\\Application\\chrome.exe","args":["--start-maximized"]}},"logLevel":"warn","connectionRetryTimeout":120000,"connectionRetryCount":3,"logLevels":{},"enableDirectConnect":true,"strictSSL":true,"_":"65 more keys: [\"cacheDir\",\"port\",\"requestedCapabilities\",\"automationProtocol\",\"baseUrl\",\"waitforInterval\",\"waitforTimeout\",\"onReload\",\"beforeCommand\",\"afterCommand\",\"rootDir\",\"specs\",\"suites\",\"exclude\",\"groupLogsByTestSpec\",\"excludeDriverLogs\",\"bail\",\"framework\",\"reporters\",\"services\",\"maxInstances\",\"maxInstancesPerCapability\",\"injectGlobals\",\"filesToWatch\",\"execArgv\",\"runnerEnv\",\"runner\",\"shard\",\"specFileRetries\",\"specFileRetriesDelay\",\"specFileRetriesDeferred\",\"reporterSyncInterval\",\"reporterSyncTimeout\",\"cucumberFeaturesWithLineNumbers\",\"autoCompileOpts\",\"mochaOpts\",\"jasmineOpts\",\"cucumberOpts\",\"onPrepare\",\"onWorkerStart\",\"onWorkerEnd\",\"before\",\"beforeSession\",\"beforeSuite\",\"beforeHook\",\"beforeTest\",\"afterTest\",\"afterHook\",\"afterSuite\",\"afterSession\",\"after\",\"onComplete\",\"beforeAssertion\",\"afterAssertion\",\"beforeFeature\",\"beforeScenario\",\"beforeStep\",\"afterStep\",\"afterScenario\",\"afterFeature\",\"_\",\"suite\",\"$0\",\"ignoredWorkerServices\",\"wdi5\"]"}]}
COMMAND: POST /session/be9a23df4294472c3cbe97a105488dd6/execute/async - {"script":"<script> [21126 bytes]","args":[35000]}
RESULT: {"script":"<script> [21126 bytes]","args":[35000]}
]]></system-out>
      <system-err><![CDATA[
Error: Can't call click on element with selector "//td[@aria-colindex="1"]/div/div[contains(@class, "sapMCbBg")]" because element wasn't found
    at async UtilsPrerequisites.manageBillingsTriggerCalculation (D:\a\1\s\test\specs\BTS\prerequisites-and-utils-functions.js:2750:9)
    at async Context.<anonymous> (D:\a\1\s\test\specs\BTS\billing-performance-workdays.spec.js:381:9)
]]></system-err>
    </testcase>
  </testsuite>
  <testsuite timestamp="2025-06-01T17:55:46" time="1219.957" tests="20" failures="14" errors="14" skipped="0">
    <properties>
      <property name="specId" value="0"/>
      <property name="suiteName" value="Billing Calculation - Time based (considering transport times) US139738"/>
      <property name="capabilities" value="chrome.136_0_7103_93.windows"/>
      <property name="file" value="file:///D:/a/1/s/test/specs/BTS/billing-calculation-transp-times.spec.js"/>
    </properties>
    <testcase classname="chrome.136_0_7103_93.windows.Billing_Calculation_-_Time_based_(considering_transport_times)_US139738" name="Should create a new yard" time="0.013">
      <system-out><![CDATA[
COMMAND: POST /session/be9a23df4294472c3cbe97a105488dd6/window/fullscreen - {}
RESULT: {}
]]></system-out>
    </testcase>
    <testcase classname="chrome.136_0_7103_93.windows.Billing_Calculation_-_Time_based_(considering_transport_times)_US139738" name="Should create a new partner" time="0.004"/>
    <testcase classname="chrome.136_0_7103_93.windows.Billing_Calculation_-_Time_based_(considering_transport_times)_US139738" name="Should create a new site" time="0.003"/>
    <testcase classname="chrome.136_0_7103_93.windows.Billing_Calculation_-_Time_based_(considering_transport_times)_US139738" name="Should create the equipment" time="131.251">
      <system-out><![CDATA[
COMMAND: POST /session/be9a23df4294472c3cbe97a105488dd6/execute/async - {"script":"<script> [1562 bytes]","args":[{"selector":{"controlType":"sap.m.GenericTile","properties":{"header":"Manage Resources"}},"wdio_ui5_key":"sapm.GenericTile{\"header\":\"Manage Resources\"}"}]}
RESULT: {"script":"<script> [1562 bytes]","args":[{"selector":{"controlType":"sap.m.GenericTile","properties":{"header":"Manage Resources"}},"wdio_ui5_key":"sapm.GenericTile{\"header\":\"Manage Resources\"}"}]}
RESULT: undefined
COMMAND: POST /session/be9a23df4294472c3cbe97a105488dd6/element - {"using":"xpath","value":"//*[@id=\"__tile39\"]"}
RESULT: {"using":"xpath","value":"//*[@id=\"__tile39\"]"}
COMMAND: POST /session/be9a23df4294472c3cbe97a105488dd6/element/f.6CFE3FC8FA908A587831E8FD5FC52521.d.4B8E16F45CF9BB0383CA32BAE1F322FF.e.13723/click - {}
RESULT: {}
COMMAND: GET /session/be9a23df4294472c3cbe97a105488dd6/screenshot - {}
RESULT: {}
COMMAND: POST /session/be9a23df4294472c3cbe97a105488dd6/elements - {"using":"xpath","value":"//span[text()='Error']"}
RESULT: {"using":"xpath","value":"//span[text()='Error']"}
COMMAND: POST /session/be9a23df4294472c3cbe97a105488dd6/element - {"using":"xpath","value":"//button[@data-kt=\"addNewRUOverflowToolbarButton\"]"}
RESULT: {"using":"xpath","value":"//button[@data-kt=\"addNewRUOverflowToolbarButton\"]"}
COMMAND: POST /session/be9a23df4294472c3cbe97a105488dd6/elements - {"using":"xpath","value":"//button[@data-kt=\"addNewRUOverflowToolbarButton\"]"}
RESULT: {"using":"xpath","value":"//button[@data-kt=\"addNewRUOverflowToolbarButton\"]"}
COMMAND: POST /session/be9a23df4294472c3cbe97a105488dd6/execute/sync - {"script":"<script> [8489 bytes]","args":[{"element-6066-11e4-a52e-4f735466cecf":"f.6CFE3FC8FA908A587831E8FD5FC52521.d.4B8E16F45CF9BB0383CA32BAE1F322FF.e.13862","ELEMENT":"f.6CFE3FC8FA908A587831E8FD5FC52521.d.4B8E16F45CF9BB0383CA32BAE1F322FF.e.13862"}]}
RESULT: {"script":"<script> [8489 bytes]","args":[{"element-6066-11e4-a52e-4f735466cecf":"f.6CFE3FC8FA908A587831E8FD5FC52521.d.4B8E16F45CF9BB0383CA32BAE1F322FF.e.13862","ELEMENT":"f.6CFE3FC8FA908A587831E8FD5FC52521.d.4B8E16F45CF9BB0383CA32BAE1F322FF.e.13862"}]}
COMMAND: GET /session/be9a23df4294472c3cbe97a105488dd6/element/f.6CFE3FC8FA908A587831E8FD5FC52521.d.4B8E16F45CF9BB0383CA32BAE1F322FF.e.13862/enabled - {}
COMMAND: GET /session/be9a23df4294472c3cbe97a105488dd6/screenshot - {}
RESULT: {}
COMMAND: POST /session/be9a23df4294472c3cbe97a105488dd6/execute/sync - {"script":"<script> [8489 bytes]","args":[{"element-6066-11e4-a52e-4f735466cecf":"f.6CFE3FC8FA908A587831E8FD5FC52521.d.4B8E16F45CF9BB0383CA32BAE1F322FF.e.13862","ELEMENT":"f.6CFE3FC8FA908A587831E8FD5FC52521.d.4B8E16F45CF9BB0383CA32BAE1F322FF.e.13862"}]}
COMMAND: GET /session/be9a23df4294472c3cbe97a105488dd6/screenshot - {}
RESULT: {}
RESULT: {"script":"<script> [8489 bytes]","args":[{"element-6066-11e4-a52e-4f735466cecf":"f.6CFE3FC8FA908A587831E8FD5FC52521.d.4B8E16F45CF9BB0383CA32BAE1F322FF.e.13862","ELEMENT":"f.6CFE3FC8FA908A587831E8FD5FC52521.d.4B8E16F45CF9BB0383CA32BAE1F322FF.e.13862"}]}
COMMAND: POST /session/be9a23df4294472c3cbe97a105488dd6/execute/sync - {"script":"<script> [5351 bytes]","args":[{"element-6066-11e4-a52e-4f735466cecf":"f.6CFE3FC8FA908A587831E8FD5FC52521.d.4B8E16F45CF9BB0383CA32BAE1F322FF.e.13862","ELEMENT":"f.6CFE3FC8FA908A587831E8FD5FC52521.d.4B8E16F45CF9BB0383CA32BAE1F322FF.e.13862"}]}
COMMAND: GET /session/be9a23df4294472c3cbe97a105488dd6/screenshot - {}
RESULT: {}
RESULT: {"script":"<script> [5351 bytes]","args":[{"element-6066-11e4-a52e-4f735466cecf":"f.6CFE3FC8FA908A587831E8FD5FC52521.d.4B8E16F45CF9BB0383CA32BAE1F322FF.e.13862","ELEMENT":"f.6CFE3FC8FA908A587831E8FD5FC52521.d.4B8E16F45CF9BB0383CA32BAE1F322FF.e.13862"}]}
COMMAND: POST /session/be9a23df4294472c3cbe97a105488dd6/element/f.6CFE3FC8FA908A587831E8FD5FC52521.d.4B8E16F45CF9BB0383CA32BAE1F322FF.e.13862/click - {}
COMMAND: GET /session/be9a23df4294472c3cbe97a105488dd6/screenshot - {}
RESULT: {}
RESULT: {}
COMMAND: GET /session/be9a23df4294472c3cbe97a105488dd6/screenshot - {}
RESULT: {}
RESULT: {}
COMMAND: POST /session/be9a23df4294472c3cbe97a105488dd6/execute/async - {"script":"<script> [1562 bytes]","args":[{"selector":{"id":"application-manageresources-display-component---newResourceUnit--TYPE-arrow"},"wdio_ui5_key":"applicationmanageresources-display-component---newResourceUnit--TYPE-arrow"}]}
RESULT: {"script":"<script> [1562 bytes]","args":[{"selector":{"id":"application-manageresources-display-component---newResourceUnit--TYPE-arrow"},"wdio_ui5_key":"applicationmanageresources-display-component---newResourceUnit--TYPE-arrow"}]}
RESULT: undefined
COMMAND: POST /session/be9a23df4294472c3cbe97a105488dd6/element - {"using":"xpath","value":"//*[@id=\"application-manageresources-display-component---newResourceUnit--TYPE-arrow\"]"}
RESULT: {"using":"xpath","value":"//*[@id=\"application-manageresources-display-component---newResourceUnit--TYPE-arrow\"]"}
COMMAND: POST /session/be9a23df4294472c3cbe97a105488dd6/element/f.6CFE3FC8FA908A587831E8FD5FC52521.d.4B8E16F45CF9BB0383CA32BAE1F322FF.e.14231/click - {}
RESULT: {}
COMMAND: POST /session/be9a23df4294472c3cbe97a105488dd6/element - {"using":"xpath","value":"//input[@id=\"application-manageresources-display-component---newResourceUnit--TYPE-inner\"]"}
COMMAND: GET /session/be9a23df4294472c3cbe97a105488dd6/screenshot - {}
RESULT: {"using":"xpath","value":"//input[@id=\"application-manageresources-display-component---newResourceUnit--TYPE-inner\"]"}
COMMAND: POST /session/be9a23df4294472c3cbe97a105488dd6/element/f.6CFE3FC8FA908A587831E8FD5FC52521.d.4B8E16F45CF9BB0383CA32BAE1F322FF.e.14215/clear - {}
RESULT: {}
RESULT: {}
COMMAND: POST /session/be9a23df4294472c3cbe97a105488dd6/element/f.6CFE3FC8FA908A587831E8FD5FC52521.d.4B8E16F45CF9BB0383CA32BAE1F322FF.e.14215/value - {"text":"Equipment"}
COMMAND: GET /session/be9a23df4294472c3cbe97a105488dd6/screenshot - {}
RESULT: {"text":"Equipment"}
COMMAND: GET /session/be9a23df4294472c3cbe97a105488dd6/screenshot - {}
RESULT: {}
RESULT: {}
COMMAND: POST /session/be9a23df4294472c3cbe97a105488dd6/actions - {"actions":[{"id":"action56","type":"key","parameters":{},"actions":[{"type":"keyDown","value":""},{"type":"pause","duration":10},{"type":"keyUp","value":""}]}]}
RESULT: {"actions":[{"id":"action56","type":"key","parameters":{},"actions":[{"type":"keyDown","value":""},{"type":"pause","duration":10},{"type":"keyUp","value":""}]}]}
COMMAND: POST /session/be9a23df4294472c3cbe97a105488dd6/execute/async - {"script":"<script> [1562 bytes]","args":[{"selector":{"id":"application-manageresources-display-component---newResourceUnit--resourceId","interaction":{"idSuffix":"inner"}},"wdio_ui5_key":"applicationmanageresources-display-component---newResourceUnit--resourceId"}]}
COMMAND: GET /session/be9a23df4294472c3cbe97a105488dd6/screenshot - {}
RESULT: {"script":"<script> [1562 bytes]","args":[{"selector":{"id":"application-manageresources-display-component---newResourceUnit--resourceId","interaction":{"idSuffix":"inner"}},"wdio_ui5_key":"applicationmanageresources-display-component---newResourceUnit--resourceId"}]}
RESULT: undefined
COMMAND: POST /session/be9a23df4294472c3cbe97a105488dd6/execute/async - {"script":"<script> [776 bytes]","args":[{"enterText":"CQ2c1lOEC1","selector":{"id":"application-manageresources-display-component---newResourceUnit--resourceId","interaction":{"idSuffix":"inner"}},"clearTextFirst":true,"interactionType":"ENTER_TEXT"}]}
RESULT: {}
RESULT: {"script":"<script> [776 bytes]","args":[{"enterText":"CQ2c1lOEC1","selector":{"id":"application-manageresources-display-component---newResourceUnit--resourceId","interaction":{"idSuffix":"inner"}},"clearTextFirst":true,"interactionType":"ENTER_TEXT"}]}
COMMAND: POST /session/be9a23df4294472c3cbe97a105488dd6/execute/async - {"script":"<script> [1562 bytes]","args":[{"selector":{"id":"application-manageresources-display-component---newResourceUnit--SHORT_TEXT","interaction":{"idSuffix":"inner"}},"wdio_ui5_key":"applicationmanageresources-display-component---newResourceUnit--SHORT_TEXT"}]}
RESULT: {"script":"<script> [1562 bytes]","args":[{"selector":{"id":"application-manageresources-display-component---newResourceUnit--SHORT_TEXT","interaction":{"idSuffix":"inner"}},"wdio_ui5_key":"applicationmanageresources-display-component---newResourceUnit--SHORT_TEXT"}]}
RESULT: undefined
COMMAND: POST /session/be9a23df4294472c3cbe97a105488dd6/execute/async - {"script":"<script> [776 bytes]","args":[{"enterText":"Intercompany Equipment WDIO","selector":{"id":"application-manageresources-display-component---newResourceUnit--SHORT_TEXT","interaction":{"idSuffix":"inner"}},"clearTextFirst":true,"interactionType":"ENTER_TEXT"}]}
RESULT: {"script":"<script> [776 bytes]","args":[{"enterText":"Intercompany Equipment WDIO","selector":{"id":"application-manageresources-display-component---newResourceUnit--SHORT_TEXT","interaction":{"idSuffix":"inner"}},"clearTextFirst":true,"interactionType":"ENTER_TEXT"}]}
COMMAND: POST /session/be9a23df4294472c3cbe97a105488dd6/execute/async - {"script":"<script> [1562 bytes]","args":[{"selector":{"id":"application-manageresources-display-component---newResourceUnit--BASE_UNIT_OF_MEASURE","interaction":{"idSuffix":"inner"}},"wdio_ui5_key":"applicationmanageresources-display-component---newResourceUnit--BASE_UNIT_OF_MEASURE"}]}
RESULT: {"script":"<script> [1562 bytes]","args":[{"selector":{"id":"application-manageresources-display-component---newResourceUnit--BASE_UNIT_OF_MEASURE","interaction":{"idSuffix":"inner"}},"wdio_ui5_key":"applicationmanageresources-display-component---newResourceUnit--BASE_UNIT_OF_MEASURE"}]}
RESULT: undefined
COMMAND: POST /session/be9a23df4294472c3cbe97a105488dd6/execute/async - {"script":"<script> [776 bytes]","args":[{"enterText":"Piece","selector":{"id":"application-manageresources-display-component---newResourceUnit--BASE_UNIT_OF_MEASURE","interaction":{"idSuffix":"inner"}},"clearTextFirst":true,"interactionType":"ENTER_TEXT"}]}
RESULT: {"script":"<script> [776 bytes]","args":[{"enterText":"Piece","selector":{"id":"application-manageresources-display-component---newResourceUnit--BASE_UNIT_OF_MEASURE","interaction":{"idSuffix":"inner"}},"clearTextFirst":true,"interactionType":"ENTER_TEXT"}]}
COMMAND: POST /session/be9a23df4294472c3cbe97a105488dd6/execute/async - {"script":"<script> [1562 bytes]","args":[{"selector":{"id":"application-manageresources-display-component---newResourceUnit--WEIGHT_UNIT","interaction":{"idSuffix":"inner"}},"wdio_ui5_key":"applicationmanageresources-display-component---newResourceUnit--WEIGHT_UNIT"}]}
RESULT: {"script":"<script> [1562 bytes]","args":[{"selector":{"id":"application-manageresources-display-component---newResourceUnit--WEIGHT_UNIT","interaction":{"idSuffix":"inner"}},"wdio_ui5_key":"applicationmanageresources-display-component---newResourceUnit--WEIGHT_UNIT"}]}
RESULT: undefined
COMMAND: POST /session/be9a23df4294472c3cbe97a105488dd6/execute/async - {"script":"<script> [776 bytes]","args":[{"enterText":"Gram","selector":{"id":"application-manageresources-display-component---newResourceUnit--WEIGHT_UNIT","interaction":{"idSuffix":"inner"}},"clearTextFirst":true,"interactionType":"ENTER_TEXT"}]}
RESULT: {"script":"<script> [776 bytes]","args":[{"enterText":"Gram","selector":{"id":"application-manageresources-display-component---newResourceUnit--WEIGHT_UNIT","interaction":{"idSuffix":"inner"}},"clearTextFirst":true,"interactionType":"ENTER_TEXT"}]}
COMMAND: POST /session/be9a23df4294472c3cbe97a105488dd6/execute/async - {"script":"<script> [1562 bytes]","args":[{"selector":{"id":"application-manageresources-display-component---newResourceUnit--DIMENSION_UNIT","interaction":{"idSuffix":"inner"}},"wdio_ui5_key":"applicationmanageresources-display-component---newResourceUnit--DIMENSION_UNIT"}]}
RESULT: {"script":"<script> [1562 bytes]","args":[{"selector":{"id":"application-manageresources-display-component---newResourceUnit--DIMENSION_UNIT","interaction":{"idSuffix":"inner"}},"wdio_ui5_key":"applicationmanageresources-display-component---newResourceUnit--DIMENSION_UNIT"}]}
RESULT: undefined
COMMAND: POST /session/be9a23df4294472c3cbe97a105488dd6/execute/async - {"script":"<script> [776 bytes]","args":[{"enterText":"Meter","selector":{"id":"application-manageresources-display-component---newResourceUnit--DIMENSION_UNIT","interaction":{"idSuffix":"inner"}},"clearTextFirst":true,"interactionType":"ENTER_TEXT"}]}
RESULT: {"script":"<script> [776 bytes]","args":[{"enterText":"Meter","selector":{"id":"application-manageresources-display-component---newResourceUnit--DIMENSION_UNIT","interaction":{"idSuffix":"inner"}},"clearTextFirst":true,"interactionType":"ENTER_TEXT"}]}
COMMAND: POST /session/be9a23df4294472c3cbe97a105488dd6/execute/async - {"script":"<script> [1562 bytes]","args":[{"selector":{"id":"application-manageresources-display-component---newResourceUnit--newRRUPage-anchBar-application-manageresources-display-component---newResourceUnit--control-anchor","interaction":{"idSuffix":"BDI-content"}},"wdio_ui5_key":"applicationmanageresources-display-component---newResourceUnit--newRRUPage-anchBar-application-manageresources-display-component---newResourceUnit--control-anchor"}]}
RESULT: {"script":"<script> [1562 bytes]","args":[{"selector":{"id":"application-manageresources-display-component---newResourceUnit--newRRUPage-anchBar-application-manageresources-display-component---newResourceUnit--control-anchor","interaction":{"idSuffix":"BDI-content"}},"wdio_ui5_key":"applicationmanageresources-display-component---newResourceUnit--newRRUPage-anchBar-application-manageresources-display-component---newResourceUnit--control-anchor"}]}
RESULT: undefined
COMMAND: POST /session/be9a23df4294472c3cbe97a105488dd6/element - {"using":"xpath","value":"//*[@id=\"application-manageresources-display-component---newResourceUnit--newRRUPage-anchBar-application-manageresources-display-component---newResourceUnit--control-anchor\"]"}
RESULT: {"using":"xpath","value":"//*[@id=\"application-manageresources-display-component---newResourceUnit--newRRUPage-anchBar-application-manageresources-display-component---newResourceUnit--control-anchor\"]"}
COMMAND: POST /session/be9a23df4294472c3cbe97a105488dd6/element/f.6CFE3FC8FA908A587831E8FD5FC52521.d.4B8E16F45CF9BB0383CA32BAE1F322FF.e.14391/click - {}
RESULT: {}
COMMAND: POST /session/be9a23df4294472c3cbe97a105488dd6/execute/async - {"script":"<script> [1562 bytes]","args":[{"selector":{"id":"application-manageresources-display-component---newResourceUnit--PLANNING_GROUP","interaction":{"idSuffix":"inner"}},"wdio_ui5_key":"applicationmanageresources-display-component---newResourceUnit--PLANNING_GROUP"}]}
COMMAND: GET /session/be9a23df4294472c3cbe97a105488dd6/screenshot - {}
RESULT: {"script":"<script> [1562 bytes]","args":[{"selector":{"id":"application-manageresources-display-component---newResourceUnit--PLANNING_GROUP","interaction":{"idSuffix":"inner"}},"wdio_ui5_key":"applicationmanageresources-display-component---newResourceUnit--PLANNING_GROUP"}]}
RESULT: undefined
COMMAND: POST /session/be9a23df4294472c3cbe97a105488dd6/execute/async - {"script":"<script> [776 bytes]","args":[{"enterText":"Heavy Equi","selector":{"id":"application-manageresources-display-component---newResourceUnit--PLANNING_GROUP","interaction":{"idSuffix":"inner"}},"clearTextFirst":true,"interactionType":"ENTER_TEXT"}]}
RESULT: {}
RESULT: {"script":"<script> [776 bytes]","args":[{"enterText":"Heavy Equi","selector":{"id":"application-manageresources-display-component---newResourceUnit--PLANNING_GROUP","interaction":{"idSuffix":"inner"}},"clearTextFirst":true,"interactionType":"ENTER_TEXT"}]}
COMMAND: POST /session/be9a23df4294472c3cbe97a105488dd6/execute/async - {"script":"<script> [1562 bytes]","args":[{"selector":{"id":"application-manageresources-display-component---newResourceUnit--ITEM_TYPE-arrow"},"wdio_ui5_key":"applicationmanageresources-display-component---newResourceUnit--ITEM_TYPE-arrow"}]}
RESULT: {"script":"<script> [1562 bytes]","args":[{"selector":{"id":"application-manageresources-display-component---newResourceUnit--ITEM_TYPE-arrow"},"wdio_ui5_key":"applicationmanageresources-display-component---newResourceUnit--ITEM_TYPE-arrow"}]}
RESULT: undefined
COMMAND: POST /session/be9a23df4294472c3cbe97a105488dd6/element - {"using":"xpath","value":"//*[@id=\"application-manageresources-display-component---newResourceUnit--ITEM_TYPE-arrow\"]"}
RESULT: {"using":"xpath","value":"//*[@id=\"application-manageresources-display-component---newResourceUnit--ITEM_TYPE-arrow\"]"}
COMMAND: POST /session/be9a23df4294472c3cbe97a105488dd6/element/f.6CFE3FC8FA908A587831E8FD5FC52521.d.4B8E16F45CF9BB0383CA32BAE1F322FF.e.14398/click - {}
RESULT: {}
COMMAND: POST /session/be9a23df4294472c3cbe97a105488dd6/element - {"using":"xpath","value":"//ul[contains(@id,\"ITEM_TYPE-popup-list-listUl\")]//li[.//span[contains(text(),\"Resource Unit\")]]"}
COMMAND: GET /session/be9a23df4294472c3cbe97a105488dd6/screenshot - {}
RESULT: {"using":"xpath","value":"//ul[contains(@id,\"ITEM_TYPE-popup-list-listUl\")]//li[.//span[contains(text(),\"Resource Unit\")]]"}
COMMAND: POST /session/be9a23df4294472c3cbe97a105488dd6/element/f.6CFE3FC8FA908A587831E8FD5FC52521.d.4B8E16F45CF9BB0383CA32BAE1F322FF.e.14399/click - {}
RESULT: {}
RESULT: {}
COMMAND: GET /session/be9a23df4294472c3cbe97a105488dd6/screenshot - {}
RESULT: {}
COMMAND: POST /session/be9a23df4294472c3cbe97a105488dd6/element - {"using":"css selector","value":"#application-manageresources-display-component---newResourceUnit--btnAddTimeSegment"}
RESULT: {"using":"css selector","value":"#application-manageresources-display-component---newResourceUnit--btnAddTimeSegment"}
COMMAND: GET /session/be9a23df4294472c3cbe97a105488dd6/element/f.6CFE3FC8FA908A587831E8FD5FC52521.d.4B8E16F45CF9BB0383CA32BAE1F322FF.e.14406/rect - {}
RESULT: {}
COMMAND: GET /session/be9a23df4294472c3cbe97a105488dd6/window/rect - {}
RESULT: {}
COMMAND: POST /session/be9a23df4294472c3cbe97a105488dd6/execute/sync - {"script":"<script> [92 bytes]","args":[]}
RESULT: {"script":"<script> [92 bytes]","args":[]}
COMMAND: POST /session/be9a23df4294472c3cbe97a105488dd6/actions - {"actions":[{"id":"action57","type":"wheel","parameters":{},"actions":[{"type":"scroll","x":-1888,"y":-32,"deltaX":0,"deltaY":0,"duration":0,"origin":{"element-6066-11e4-a52e-4f735466cecf":"f.6CFE3FC8FA908A587831E8FD5FC52521.d.4B8E16F45CF9BB0383CA32BAE1F322FF.e.14406"}}]}]}
COMMAND: GET /session/be9a23df4294472c3cbe97a105488dd6/screenshot - {}
RESULT: {}
COMMAND: POST /session/be9a23df4294472c3cbe97a105488dd6/execute/sync - {"script":"<script> [79 bytes]","args":[{"element-6066-11e4-a52e-4f735466cecf":"f.6CFE3FC8FA908A587831E8FD5FC52521.d.4B8E16F45CF9BB0383CA32BAE1F322FF.e.14406","ELEMENT":"f.6CFE3FC8FA908A587831E8FD5FC52521.d.4B8E16F45CF9BB0383CA32BAE1F322FF.e.14406"},{"block":"start","inline":"nearest"}]}
RESULT: {"script":"<script> [79 bytes]","args":[{"element-6066-11e4-a52e-4f735466cecf":"f.6CFE3FC8FA908A587831E8FD5FC52521.d.4B8E16F45CF9BB0383CA32BAE1F322FF.e.14406","ELEMENT":"f.6CFE3FC8FA908A587831E8FD5FC52521.d.4B8E16F45CF9BB0383CA32BAE1F322FF.e.14406"},{"block":"start","inline":"nearest"}]}
COMMAND: POST /session/be9a23df4294472c3cbe97a105488dd6/execute/async - {"script":"<script> [1562 bytes]","args":[{"selector":{"id":"application-manageresources-display-component---newResourceUnit--btnAddTimeSegment","interaction":{"idSuffix":"inner"}},"wdio_ui5_key":"applicationmanageresources-display-component---newResourceUnit--btnAddTimeSegment"}]}
COMMAND: GET /session/be9a23df4294472c3cbe97a105488dd6/screenshot - {}
RESULT: {"script":"<script> [1562 bytes]","args":[{"selector":{"id":"application-manageresources-display-component---newResourceUnit--btnAddTimeSegment","interaction":{"idSuffix":"inner"}},"wdio_ui5_key":"applicationmanageresources-display-component---newResourceUnit--btnAddTimeSegment"}]}
RESULT: undefined
COMMAND: POST /session/be9a23df4294472c3cbe97a105488dd6/element - {"using":"xpath","value":"//*[@id=\"application-manageresources-display-component---newResourceUnit--btnAddTimeSegment\"]"}
RESULT: {}
RESULT: {"using":"xpath","value":"//*[@id=\"application-manageresources-display-component---newResourceUnit--btnAddTimeSegment\"]"}
COMMAND: POST /session/be9a23df4294472c3cbe97a105488dd6/element/f.6CFE3FC8FA908A587831E8FD5FC52521.d.4B8E16F45CF9BB0383CA32BAE1F322FF.e.14406/click - {}
RESULT: {}
COMMAND: GET /session/be9a23df4294472c3cbe97a105488dd6/screenshot - {}
RESULT: {}
COMMAND: POST /session/be9a23df4294472c3cbe97a105488dd6/element - {"using":"xpath","value":"//input[@id=\"application-manageresources-display-component---newResourceUnit--idRuTSAdmin-application-manageresources-display-component---newResourceUnit--RUTimeSegment-0-inner\"]"}
RESULT: {"using":"xpath","value":"//input[@id=\"application-manageresources-display-component---newResourceUnit--idRuTSAdmin-application-manageresources-display-component---newResourceUnit--RUTimeSegment-0-inner\"]"}
COMMAND: POST /session/be9a23df4294472c3cbe97a105488dd6/element/f.6CFE3FC8FA908A587831E8FD5FC52521.d.4B8E16F45CF9BB0383CA32BAE1F322FF.e.14412/clear - {}
RESULT: {}
COMMAND: POST /session/be9a23df4294472c3cbe97a105488dd6/element/f.6CFE3FC8FA908A587831E8FD5FC52521.d.4B8E16F45CF9BB0383CA32BAE1F322FF.e.14412/value - {"text":"555"}
COMMAND: GET /session/be9a23df4294472c3cbe97a105488dd6/screenshot - {}
RESULT: {"text":"555"}
COMMAND: GET /session/be9a23df4294472c3cbe97a105488dd6/screenshot - {}
RESULT: {}
RESULT: {}
COMMAND: POST /session/be9a23df4294472c3cbe97a105488dd6/element - {"using":"xpath","value":"//li[.//span[text()='555']]"}
RESULT: {"using":"xpath","value":"//li[.//span[text()='555']]"}
COMMAND: POST /session/be9a23df4294472c3cbe97a105488dd6/element/f.6CFE3FC8FA908A587831E8FD5FC52521.d.4B8E16F45CF9BB0383CA32BAE1F322FF.e.14424/click - {}
RESULT: {}
COMMAND: GET /session/be9a23df4294472c3cbe97a105488dd6/screenshot - {}
RESULT: {}
COMMAND: POST /session/be9a23df4294472c3cbe97a105488dd6/element - {"using":"xpath","value":"(//span[contains(@id, \"-application-manageresources-display-component---newResourceUnit--RUTimeSegment-0-arrow\")])[6]"}
RESULT: {"using":"xpath","value":"(//span[contains(@id, \"-application-manageresources-display-component---newResourceUnit--RUTimeSegment-0-arrow\")])[6]"}
COMMAND: POST /session/be9a23df4294472c3cbe97a105488dd6/element/f.6CFE3FC8FA908A587831E8FD5FC52521.d.4B8E16F45CF9BB0383CA32BAE1F322FF.e.14425/click - {}
RESULT: {}
COMMAND: GET /session/be9a23df4294472c3cbe97a105488dd6/screenshot - {}
RESULT: {}
COMMAND: POST /session/be9a23df4294472c3cbe97a105488dd6/element - {"using":"xpath","value":"//span[contains(text(), \"PM Order\")]"}
RESULT: {"using":"xpath","value":"//span[contains(text(), \"PM Order\")]"}
COMMAND: POST /session/be9a23df4294472c3cbe97a105488dd6/element/f.6CFE3FC8FA908A587831E8FD5FC52521.d.4B8E16F45CF9BB0383CA32BAE1F322FF.e.14428/click - {}
RESULT: {}
COMMAND: GET /session/be9a23df4294472c3cbe97a105488dd6/screenshot - {}
RESULT: {}
COMMAND: POST /session/be9a23df4294472c3cbe97a105488dd6/element - {"using":"xpath","value":"(//span[contains(@id ,\"manageresources-display-component---newResourceUnit--RUTimeSegment-0-vhi\")])[1]"}
RESULT: {"using":"xpath","value":"(//span[contains(@id ,\"manageresources-display-component---newResourceUnit--RUTimeSegment-0-vhi\")])[1]"}
COMMAND: GET /session/be9a23df4294472c3cbe97a105488dd6/element/f.6CFE3FC8FA908A587831E8FD5FC52521.d.4B8E16F45CF9BB0383CA32BAE1F322FF.e.14432/rect - {}
RESULT: {}
COMMAND: GET /session/be9a23df4294472c3cbe97a105488dd6/window/rect - {}
RESULT: {}
COMMAND: POST /session/be9a23df4294472c3cbe97a105488dd6/execute/sync - {"script":"<script> [92 bytes]","args":[]}
RESULT: {"script":"<script> [92 bytes]","args":[]}
COMMAND: POST /session/be9a23df4294472c3cbe97a105488dd6/actions - {"actions":[{"id":"action58","type":"wheel","parameters":{},"actions":[{"type":"scroll","x":-869,"y":-24,"deltaX":0,"deltaY":0,"duration":0,"origin":{"element-6066-11e4-a52e-4f735466cecf":"f.6CFE3FC8FA908A587831E8FD5FC52521.d.4B8E16F45CF9BB0383CA32BAE1F322FF.e.14432"}}]}]}
COMMAND: GET /session/be9a23df4294472c3cbe97a105488dd6/screenshot - {}
RESULT: {"actions":[{"id":"action58","type":"wheel","parameters":{},"actions":[{"type":"scroll","x":-869,"y":-24,"deltaX":0,"deltaY":0,"duration":0,"origin":{"element-6066-11e4-a52e-4f735466cecf":"f.6CFE3FC8FA908A587831E8FD5FC52521.d.4B8E16F45CF9BB0383CA32BAE1F322FF.e.14432"}}]}]}
COMMAND: DELETE /session/be9a23df4294472c3cbe97a105488dd6/actions - {}
COMMAND: GET /session/be9a23df4294472c3cbe97a105488dd6/screenshot - {}
RESULT: {}
RESULT: {}
COMMAND: GET /session/be9a23df4294472c3cbe97a105488dd6/screenshot - {}
RESULT: {}
RESULT: {}
COMMAND: POST /session/be9a23df4294472c3cbe97a105488dd6/element/f.6CFE3FC8FA908A587831E8FD5FC52521.d.4B8E16F45CF9BB0383CA32BAE1F322FF.e.14432/click - {}
RESULT: {}
COMMAND: GET /session/be9a23df4294472c3cbe97a105488dd6/screenshot - {}
RESULT: {}
COMMAND: POST /session/be9a23df4294472c3cbe97a105488dd6/execute/async - {"script":"<script> [1562 bytes]","args":[{"selector":{"controlType":"sap.m.SearchField","properties":{"placeholder":"Search"},"searchOpenDialogs":true,"interaction":{"idSuffix":"I"}},"wdio_ui5_key":"sapm.SearchField{\"placeholder\":\"Search\"}"}]}
RESULT: {"script":"<script> [1562 bytes]","args":[{"selector":{"controlType":"sap.m.SearchField","properties":{"placeholder":"Search"},"searchOpenDialogs":true,"interaction":{"idSuffix":"I"}},"wdio_ui5_key":"sapm.SearchField{\"placeholder\":\"Search\"}"}]}
RESULT: undefined
COMMAND: POST /session/be9a23df4294472c3cbe97a105488dd6/execute/async - {"script":"<script> [776 bytes]","args":[{"enterText":"4000360","selector":{"controlType":"sap.m.SearchField","properties":{"placeholder":"Search"},"searchOpenDialogs":true,"interaction":{"idSuffix":"I"}},"clearTextFirst":true,"interactionType":"ENTER_TEXT"}]}
RESULT: {"script":"<script> [776 bytes]","args":[{"enterText":"4000360","selector":{"controlType":"sap.m.SearchField","properties":{"placeholder":"Search"},"searchOpenDialogs":true,"interaction":{"idSuffix":"I"}},"clearTextFirst":true,"interactionType":"ENTER_TEXT"}]}
COMMAND: POST /session/be9a23df4294472c3cbe97a105488dd6/actions - {"actions":[{"id":"action59","type":"key","parameters":{},"actions":[{"type":"keyDown","value":""},{"type":"pause","duration":10},{"type":"keyUp","value":""}]}]}
RESULT: {"actions":[{"id":"action59","type":"key","parameters":{},"actions":[{"type":"keyDown","value":""},{"type":"pause","duration":10},{"type":"keyUp","value":""}]}]}
COMMAND: GET /session/be9a23df4294472c3cbe97a105488dd6/screenshot - {}
RESULT: {}
COMMAND: POST /session/be9a23df4294472c3cbe97a105488dd6/element - {"using":"xpath","value":"//td/div/span[contains(text(), \"BGL Vehicles\")]"}
RESULT: {"using":"xpath","value":"//td/div/span[contains(text(), \"BGL Vehicles\")]"}
COMMAND: POST /session/be9a23df4294472c3cbe97a105488dd6/element/f.6CFE3FC8FA908A587831E8FD5FC52521.d.4B8E16F45CF9BB0383CA32BAE1F322FF.e.14453/click - {}
RESULT: {}
COMMAND: GET /session/be9a23df4294472c3cbe97a105488dd6/screenshot - {}
RESULT: {}
COMMAND: POST /session/be9a23df4294472c3cbe97a105488dd6/element - {"using":"xpath","value":"//bdi[contains(text(), \"OK\")]"}
RESULT: {"using":"xpath","value":"//bdi[contains(text(), \"OK\")]"}
COMMAND: POST /session/be9a23df4294472c3cbe97a105488dd6/element/f.6CFE3FC8FA908A587831E8FD5FC52521.d.4B8E16F45CF9BB0383CA32BAE1F322FF.e.14454/click - {}
RESULT: {}
COMMAND: GET /session/be9a23df4294472c3cbe97a105488dd6/screenshot - {}
RESULT: {}
COMMAND: POST /session/be9a23df4294472c3cbe97a105488dd6/execute/async - {"script":"<script> [1562 bytes]","args":[{"selector":{"id":"application-manageresources-display-component---newResourceUnit--newRRUPage-anchBar-application-manageresources-display-component---newResourceUnit--resource-anchor","interaction":{"idSuffix":"BDI-content"}},"wdio_ui5_key":"applicationmanageresources-display-component---newResourceUnit--newRRUPage-anchBar-application-manageresources-display-component---newResourceUnit--resource-anchor"}]}
RESULT: {"script":"<script> [1562 bytes]","args":[{"selector":{"id":"application-manageresources-display-component---newResourceUnit--newRRUPage-anchBar-application-manageresources-display-component---newResourceUnit--resource-anchor","interaction":{"idSuffix":"BDI-content"}},"wdio_ui5_key":"applicationmanageresources-display-component---newResourceUnit--newRRUPage-anchBar-application-manageresources-display-component---newResourceUnit--resource-anchor"}]}
RESULT: undefined
COMMAND: POST /session/be9a23df4294472c3cbe97a105488dd6/element - {"using":"xpath","value":"//*[@id=\"application-manageresources-display-component---newResourceUnit--newRRUPage-anchBar-application-manageresources-display-component---newResourceUnit--resource-anchor\"]"}
RESULT: {"using":"xpath","value":"//*[@id=\"application-manageresources-display-component---newResourceUnit--newRRUPage-anchBar-application-manageresources-display-component---newResourceUnit--resource-anchor\"]"}
COMMAND: POST /session/be9a23df4294472c3cbe97a105488dd6/element/f.6CFE3FC8FA908A587831E8FD5FC52521.d.4B8E16F45CF9BB0383CA32BAE1F322FF.e.14458/click - {}
RESULT: {}
COMMAND: POST /session/be9a23df4294472c3cbe97a105488dd6/execute/async - {"script":"<script> [1562 bytes]","args":[{"selector":{"id":"application-manageresources-display-component---newResourceUnit--PLANNED_DELIVERY_DATE","interaction":{"idSuffix":"inner"}},"wdio_ui5_key":"applicationmanageresources-display-component---newResourceUnit--PLANNED_DELIVERY_DATE"}]}
COMMAND: GET /session/be9a23df4294472c3cbe97a105488dd6/screenshot - {}
RESULT: {"script":"<script> [1562 bytes]","args":[{"selector":{"id":"application-manageresources-display-component---newResourceUnit--PLANNED_DELIVERY_DATE","interaction":{"idSuffix":"inner"}},"wdio_ui5_key":"applicationmanageresources-display-component---newResourceUnit--PLANNED_DELIVERY_DATE"}]}
RESULT: undefined
COMMAND: POST /session/be9a23df4294472c3cbe97a105488dd6/execute/async - {"script":"<script> [6424 bytes]","args":[{"element-6066-11e4-a52e-4f735466cecf":"f.6CFE3FC8FA908A587831E8FD5FC52521.d.4B8E16F45CF9BB0383CA32BAE1F322FF.e.14290"},"setValue",["6/1/25"]]}
RESULT: {}
RESULT: {"script":"<script> [6424 bytes]","args":[{"element-6066-11e4-a52e-4f735466cecf":"f.6CFE3FC8FA908A587831E8FD5FC52521.d.4B8E16F45CF9BB0383CA32BAE1F322FF.e.14290"},"setValue",["6/1/25"]]}
COMMAND: POST /session/be9a23df4294472c3cbe97a105488dd6/element - {"using":"xpath","value":"//label[contains(@class, 'sapMLabelRequired') and .//bdi[contains(text(), 'Planned Retirement')]]"}
RESULT: {"using":"xpath","value":"//label[contains(@class, 'sapMLabelRequired') and .//bdi[contains(text(), 'Planned Retirement')]]"}
COMMAND: POST /session/be9a23df4294472c3cbe97a105488dd6/elements - {"using":"xpath","value":"//label[contains(@class, 'sapMLabelRequired') and .//bdi[contains(text(), 'Planned Retirement')]]"}
RESULT: {"using":"xpath","value":"//label[contains(@class, 'sapMLabelRequired') and .//bdi[contains(text(), 'Planned Retirement')]]"}
COMMAND: POST /session/be9a23df4294472c3cbe97a105488dd6/element - {"using":"xpath","value":"//button[@data-kt=\"resourceUnitSaveButton\"]"}
RESULT: {"using":"xpath","value":"//button[@data-kt=\"resourceUnitSaveButton\"]"}
COMMAND: POST /session/be9a23df4294472c3cbe97a105488dd6/element/f.6CFE3FC8FA908A587831E8FD5FC52521.d.4B8E16F45CF9BB0383CA32BAE1F322FF.e.14250/click - {}
RESULT: {}
COMMAND: GET /session/be9a23df4294472c3cbe97a105488dd6/screenshot - {}
RESULT: {}
COMMAND: POST /session/be9a23df4294472c3cbe97a105488dd6/element - {"using":"xpath","value":"//bdi[contains(text(), \"Close\")]"}
RESULT: {"using":"xpath","value":"//bdi[contains(text(), \"Close\")]"}
COMMAND: POST /session/be9a23df4294472c3cbe97a105488dd6/element/f.6CFE3FC8FA908A587831E8FD5FC52521.d.4B8E16F45CF9BB0383CA32BAE1F322FF.e.14466/click - {}
RESULT: {}
COMMAND: GET /session/be9a23df4294472c3cbe97a105488dd6/screenshot - {}
RESULT: {}
COMMAND: POST /session/be9a23df4294472c3cbe97a105488dd6/element - {"using":"xpath","value":"(//button[contains(@id ,\"actionsToolbar-overflowButton\")])[1]"}
RESULT: {"using":"xpath","value":"(//button[contains(@id ,\"actionsToolbar-overflowButton\")])[1]"}
COMMAND: POST /session/be9a23df4294472c3cbe97a105488dd6/element/f.6CFE3FC8FA908A587831E8FD5FC52521.d.4B8E16F45CF9BB0383CA32BAE1F322FF.e.14521/click - {}
RESULT: {}
COMMAND: GET /session/be9a23df4294472c3cbe97a105488dd6/screenshot - {}
RESULT: {}
COMMAND: POST /session/be9a23df4294472c3cbe97a105488dd6/element - {"using":"xpath","value":"//button[@data-kt=\"priceInfoButton\"]"}
RESULT: {"using":"xpath","value":"//button[@data-kt=\"priceInfoButton\"]"}
COMMAND: POST /session/be9a23df4294472c3cbe97a105488dd6/element/f.6CFE3FC8FA908A587831E8FD5FC52521.d.4B8E16F45CF9BB0383CA32BAE1F322FF.e.14523/click - {}
RESULT: {}
COMMAND: GET /session/be9a23df4294472c3cbe97a105488dd6/screenshot - {}
RESULT: {}
]]></system-out>
    </testcase>
    <testcase classname="chrome.136_0_7103_93.windows.Billing_Calculation_-_Time_based_(considering_transport_times)_US139738" name="Should create new pricing rule for the equipment" time="49.775">
      <system-out><![CDATA[
COMMAND: POST /session/be9a23df4294472c3cbe97a105488dd6/element - {"using":"xpath","value":"//button[@data-kt=\"addButton\"]"}
RESULT: {"using":"xpath","value":"//button[@data-kt=\"addButton\"]"}
COMMAND: POST /session/be9a23df4294472c3cbe97a105488dd6/elements - {"using":"xpath","value":"//button[@data-kt=\"addButton\"]"}
RESULT: {"using":"xpath","value":"//button[@data-kt=\"addButton\"]"}
COMMAND: POST /session/be9a23df4294472c3cbe97a105488dd6/elements - {"using":"xpath","value":"//button[@data-kt=\"addButton\"]"}
RESULT: {"using":"xpath","value":"//button[@data-kt=\"addButton\"]"}
COMMAND: POST /session/be9a23df4294472c3cbe97a105488dd6/element - {"using":"xpath","value":"//button[@data-kt=\"addButton\"]"}
RESULT: {"using":"xpath","value":"//button[@data-kt=\"addButton\"]"}
COMMAND: POST /session/be9a23df4294472c3cbe97a105488dd6/execute/sync - {"script":"<script> [8489 bytes]","args":[{"element-6066-11e4-a52e-4f735466cecf":"f.6CFE3FC8FA908A587831E8FD5FC52521.d.4B8E16F45CF9BB0383CA32BAE1F322FF.e.14559","ELEMENT":"f.6CFE3FC8FA908A587831E8FD5FC52521.d.4B8E16F45CF9BB0383CA32BAE1F322FF.e.14559"}]}
RESULT: {"script":"<script> [8489 bytes]","args":[{"element-6066-11e4-a52e-4f735466cecf":"f.6CFE3FC8FA908A587831E8FD5FC52521.d.4B8E16F45CF9BB0383CA32BAE1F322FF.e.14559","ELEMENT":"f.6CFE3FC8FA908A587831E8FD5FC52521.d.4B8E16F45CF9BB0383CA32BAE1F322FF.e.14559"}]}
COMMAND: GET /session/be9a23df4294472c3cbe97a105488dd6/element/f.6CFE3FC8FA908A587831E8FD5FC52521.d.4B8E16F45CF9BB0383CA32BAE1F322FF.e.14559/enabled - {}
COMMAND: GET /session/be9a23df4294472c3cbe97a105488dd6/screenshot - {}
RESULT: {}
COMMAND: POST /session/be9a23df4294472c3cbe97a105488dd6/execute/sync - {"script":"<script> [8489 bytes]","args":[{"element-6066-11e4-a52e-4f735466cecf":"f.6CFE3FC8FA908A587831E8FD5FC52521.d.4B8E16F45CF9BB0383CA32BAE1F322FF.e.14559","ELEMENT":"f.6CFE3FC8FA908A587831E8FD5FC52521.d.4B8E16F45CF9BB0383CA32BAE1F322FF.e.14559"}]}
COMMAND: GET /session/be9a23df4294472c3cbe97a105488dd6/screenshot - {}
RESULT: {}
RESULT: {"script":"<script> [8489 bytes]","args":[{"element-6066-11e4-a52e-4f735466cecf":"f.6CFE3FC8FA908A587831E8FD5FC52521.d.4B8E16F45CF9BB0383CA32BAE1F322FF.e.14559","ELEMENT":"f.6CFE3FC8FA908A587831E8FD5FC52521.d.4B8E16F45CF9BB0383CA32BAE1F322FF.e.14559"}]}
COMMAND: POST /session/be9a23df4294472c3cbe97a105488dd6/execute/sync - {"script":"<script> [5351 bytes]","args":[{"element-6066-11e4-a52e-4f735466cecf":"f.6CFE3FC8FA908A587831E8FD5FC52521.d.4B8E16F45CF9BB0383CA32BAE1F322FF.e.14559","ELEMENT":"f.6CFE3FC8FA908A587831E8FD5FC52521.d.4B8E16F45CF9BB0383CA32BAE1F322FF.e.14559"}]}
COMMAND: GET /session/be9a23df4294472c3cbe97a105488dd6/screenshot - {}
RESULT: {}
RESULT: {"script":"<script> [5351 bytes]","args":[{"element-6066-11e4-a52e-4f735466cecf":"f.6CFE3FC8FA908A587831E8FD5FC52521.d.4B8E16F45CF9BB0383CA32BAE1F322FF.e.14559","ELEMENT":"f.6CFE3FC8FA908A587831E8FD5FC52521.d.4B8E16F45CF9BB0383CA32BAE1F322FF.e.14559"}]}
COMMAND: POST /session/be9a23df4294472c3cbe97a105488dd6/element/f.6CFE3FC8FA908A587831E8FD5FC52521.d.4B8E16F45CF9BB0383CA32BAE1F322FF.e.14559/click - {}
COMMAND: GET /session/be9a23df4294472c3cbe97a105488dd6/screenshot - {}
RESULT: {}
RESULT: {}
COMMAND: GET /session/be9a23df4294472c3cbe97a105488dd6/screenshot - {}
RESULT: {}
RESULT: {}
COMMAND: POST /session/be9a23df4294472c3cbe97a105488dd6/execute/async - {"script":"<script> [1562 bytes]","args":[{"selector":{"controlType":"sap.m.Title","viewName":"etm.portal.ui.managepricingrules.view.NewItem","viewId":"application-managepricingrules-display-component---newInfoPriceItem","properties":{"text":"New Pricing Rules - Item Level"}},"wdio_ui5_key":"etmportal.ui.managepricingrules.view.NewItemsap.m.Title{\"text\":\"New Pricing Rules - Item Level\"}"}]}
RESULT: {"script":"<script> [1562 bytes]","args":[{"selector":{"controlType":"sap.m.Title","viewName":"etm.portal.ui.managepricingrules.view.NewItem","viewId":"application-managepricingrules-display-component---newInfoPriceItem","properties":{"text":"New Pricing Rules - Item Level"}},"wdio_ui5_key":"etmportal.ui.managepricingrules.view.NewItemsap.m.Title{\"text\":\"New Pricing Rules - Item Level\"}"}]}
RESULT: undefined
COMMAND: POST /session/be9a23df4294472c3cbe97a105488dd6/execute/async - {"script":"<script> [6424 bytes]","args":[{"element-6066-11e4-a52e-4f735466cecf":"f.6CFE3FC8FA908A587831E8FD5FC52521.d.4B8E16F45CF9BB0383CA32BAE1F322FF.e.14729"},"getText",[]]}
RESULT: {"script":"<script> [6424 bytes]","args":[{"element-6066-11e4-a52e-4f735466cecf":"f.6CFE3FC8FA908A587831E8FD5FC52521.d.4B8E16F45CF9BB0383CA32BAE1F322FF.e.14729"},"getText",[]]}
COMMAND: POST /session/be9a23df4294472c3cbe97a105488dd6/execute/async - {"script":"<script> [1562 bytes]","args":[{"selector":{"id":"application-managepricingrules-display-component---newInfoPriceItem--condValidTo","interaction":{"idSuffix":"inner"}},"wdio_ui5_key":"applicationmanagepricingrules-display-component---newInfoPriceItem--condValidTo"}]}
RESULT: {"script":"<script> [1562 bytes]","args":[{"selector":{"id":"application-managepricingrules-display-component---newInfoPriceItem--condValidTo","interaction":{"idSuffix":"inner"}},"wdio_ui5_key":"applicationmanagepricingrules-display-component---newInfoPriceItem--condValidTo"}]}
RESULT: undefined
COMMAND: POST /session/be9a23df4294472c3cbe97a105488dd6/execute/async - {"script":"<script> [776 bytes]","args":[{"enterText":"2/1/26","selector":{"id":"application-managepricingrules-display-component---newInfoPriceItem--condValidTo","interaction":{"idSuffix":"inner"}},"clearTextFirst":true,"interactionType":"ENTER_TEXT"}]}
RESULT: {"script":"<script> [776 bytes]","args":[{"enterText":"2/1/26","selector":{"id":"application-managepricingrules-display-component---newInfoPriceItem--condValidTo","interaction":{"idSuffix":"inner"}},"clearTextFirst":true,"interactionType":"ENTER_TEXT"}]}
COMMAND: POST /session/be9a23df4294472c3cbe97a105488dd6/execute/async - {"script":"<script> [1562 bytes]","args":[{"selector":{"id":"application-managepricingrules-display-component---newInfoPriceItem--billType-arrow"},"wdio_ui5_key":"applicationmanagepricingrules-display-component---newInfoPriceItem--billType-arrow"}]}
RESULT: {"script":"<script> [1562 bytes]","args":[{"selector":{"id":"application-managepricingrules-display-component---newInfoPriceItem--billType-arrow"},"wdio_ui5_key":"applicationmanagepricingrules-display-component---newInfoPriceItem--billType-arrow"}]}
RESULT: undefined
COMMAND: POST /session/be9a23df4294472c3cbe97a105488dd6/element - {"using":"xpath","value":"//*[@id=\"application-managepricingrules-display-component---newInfoPriceItem--billType-arrow\"]"}
RESULT: {"using":"xpath","value":"//*[@id=\"application-managepricingrules-display-component---newInfoPriceItem--billType-arrow\"]"}
COMMAND: POST /session/be9a23df4294472c3cbe97a105488dd6/element/f.6CFE3FC8FA908A587831E8FD5FC52521.d.4B8E16F45CF9BB0383CA32BAE1F322FF.e.14689/click - {}
RESULT: {}
COMMAND: POST /session/be9a23df4294472c3cbe97a105488dd6/element - {"using":"xpath","value":"//span[contains(text(), \"TB - Time based\")]"}
COMMAND: GET /session/be9a23df4294472c3cbe97a105488dd6/screenshot - {}
RESULT: {"using":"xpath","value":"//span[contains(text(), \"TB - Time based\")]"}
COMMAND: POST /session/be9a23df4294472c3cbe97a105488dd6/element/f.6CFE3FC8FA908A587831E8FD5FC52521.d.4B8E16F45CF9BB0383CA32BAE1F322FF.e.14731/click - {}
RESULT: {}
RESULT: {}
COMMAND: POST /session/be9a23df4294472c3cbe97a105488dd6/execute/async - {"script":"<script> [1562 bytes]","args":[{"selector":{"id":"application-managepricingrules-display-component---newInfoPriceItem--priceProc-arrow"},"wdio_ui5_key":"applicationmanagepricingrules-display-component---newInfoPriceItem--priceProc-arrow"}]}
COMMAND: GET /session/be9a23df4294472c3cbe97a105488dd6/screenshot - {}
RESULT: {"script":"<script> [1562 bytes]","args":[{"selector":{"id":"application-managepricingrules-display-component---newInfoPriceItem--priceProc-arrow"},"wdio_ui5_key":"applicationmanagepricingrules-display-component---newInfoPriceItem--priceProc-arrow"}]}
RESULT: undefined
COMMAND: POST /session/be9a23df4294472c3cbe97a105488dd6/element - {"using":"xpath","value":"//*[@id=\"application-managepricingrules-display-component---newInfoPriceItem--priceProc-arrow\"]"}
RESULT: {}
RESULT: {"using":"xpath","value":"//*[@id=\"application-managepricingrules-display-component---newInfoPriceItem--priceProc-arrow\"]"}
COMMAND: POST /session/be9a23df4294472c3cbe97a105488dd6/element/f.6CFE3FC8FA908A587831E8FD5FC52521.d.4B8E16F45CF9BB0383CA32BAE1F322FF.e.14696/click - {}
RESULT: {}
COMMAND: POST /session/be9a23df4294472c3cbe97a105488dd6/element - {"using":"xpath","value":"//span[contains(text(), \"TBS - Time based standard\")]"}
COMMAND: GET /session/be9a23df4294472c3cbe97a105488dd6/screenshot - {}
RESULT: {"using":"xpath","value":"//span[contains(text(), \"TBS - Time based standard\")]"}
COMMAND: POST /session/be9a23df4294472c3cbe97a105488dd6/element/f.6CFE3FC8FA908A587831E8FD5FC52521.d.4B8E16F45CF9BB0383CA32BAE1F322FF.e.14732/click - {}
RESULT: {}
RESULT: {}
COMMAND: POST /session/be9a23df4294472c3cbe97a105488dd6/execute/async - {"script":"<script> [1562 bytes]","args":[{"selector":{"id":"application-managepricingrules-display-component---newInfoPriceItem--calcBase-arrow"},"wdio_ui5_key":"applicationmanagepricingrules-display-component---newInfoPriceItem--calcBase-arrow"}]}
COMMAND: GET /session/be9a23df4294472c3cbe97a105488dd6/screenshot - {}
RESULT: {"script":"<script> [1562 bytes]","args":[{"selector":{"id":"application-managepricingrules-display-component---newInfoPriceItem--calcBase-arrow"},"wdio_ui5_key":"applicationmanagepricingrules-display-component---newInfoPriceItem--calcBase-arrow"}]}
RESULT: undefined
COMMAND: POST /session/be9a23df4294472c3cbe97a105488dd6/element - {"using":"xpath","value":"//*[@id=\"application-managepricingrules-display-component---newInfoPriceItem--calcBase-arrow\"]"}
RESULT: {}
RESULT: {"using":"xpath","value":"//*[@id=\"application-managepricingrules-display-component---newInfoPriceItem--calcBase-arrow\"]"}
COMMAND: POST /session/be9a23df4294472c3cbe97a105488dd6/element/f.6CFE3FC8FA908A587831E8FD5FC52521.d.4B8E16F45CF9BB0383CA32BAE1F322FF.e.14703/click - {}
RESULT: {}
COMMAND: GET /session/be9a23df4294472c3cbe97a105488dd6/screenshot - {}
RESULT: {}
COMMAND: POST /session/be9a23df4294472c3cbe97a105488dd6/element - {"using":"xpath","value":"//span[contains(text(), \"0006 - TB(calendar days)\")]"}
RESULT: {"using":"xpath","value":"//span[contains(text(), \"0006 - TB(calendar days)\")]"}
COMMAND: POST /session/be9a23df4294472c3cbe97a105488dd6/element/f.6CFE3FC8FA908A587831E8FD5FC52521.d.4B8E16F45CF9BB0383CA32BAE1F322FF.e.14733/click - {}
RESULT: {}
COMMAND: GET /session/be9a23df4294472c3cbe97a105488dd6/screenshot - {}
RESULT: {}
COMMAND: POST /session/be9a23df4294472c3cbe97a105488dd6/execute/async - {"script":"<script> [1562 bytes]","args":[{"selector":{"id":"application-managepricingrules-display-component---newInfoPriceItem--daysMonth","interaction":{"idSuffix":"inner"}},"wdio_ui5_key":"applicationmanagepricingrules-display-component---newInfoPriceItem--daysMonth"}]}
RESULT: {"script":"<script> [1562 bytes]","args":[{"selector":{"id":"application-managepricingrules-display-component---newInfoPriceItem--daysMonth","interaction":{"idSuffix":"inner"}},"wdio_ui5_key":"applicationmanagepricingrules-display-component---newInfoPriceItem--daysMonth"}]}
RESULT: undefined
COMMAND: POST /session/be9a23df4294472c3cbe97a105488dd6/execute/async - {"script":"<script> [776 bytes]","args":[{"enterText":"30","selector":{"id":"application-managepricingrules-display-component---newInfoPriceItem--daysMonth","interaction":{"idSuffix":"inner"}},"clearTextFirst":true,"interactionType":"ENTER_TEXT"}]}
RESULT: {"script":"<script> [776 bytes]","args":[{"enterText":"30","selector":{"id":"application-managepricingrules-display-component---newInfoPriceItem--daysMonth","interaction":{"idSuffix":"inner"}},"clearTextFirst":true,"interactionType":"ENTER_TEXT"}]}
COMMAND: POST /session/be9a23df4294472c3cbe97a105488dd6/element - {"using":"xpath","value":"//button[@data-kt=\"saveNewRuleButton\"]"}
RESULT: {"using":"xpath","value":"//button[@data-kt=\"saveNewRuleButton\"]"}
COMMAND: POST /session/be9a23df4294472c3cbe97a105488dd6/element/f.6CFE3FC8FA908A587831E8FD5FC52521.d.4B8E16F45CF9BB0383CA32BAE1F322FF.e.14723/click - {}
RESULT: {}
COMMAND: GET /session/be9a23df4294472c3cbe97a105488dd6/screenshot - {}
RESULT: {}
COMMAND: POST /session/be9a23df4294472c3cbe97a105488dd6/execute/async - {"script":"<script> [1562 bytes]","args":[{"selector":{"id":"application-managepricingrules-display-component---priceInfoItem--smartFilterBar-btnBasicSearch","interaction":{"idSuffix":"I"}},"wdio_ui5_key":"applicationmanagepricingrules-display-component---priceInfoItem--smartFilterBar-btnBasicSearch"}]}
RESULT: {"script":"<script> [1562 bytes]","args":[{"selector":{"id":"application-managepricingrules-display-component---priceInfoItem--smartFilterBar-btnBasicSearch","interaction":{"idSuffix":"I"}},"wdio_ui5_key":"applicationmanagepricingrules-display-component---priceInfoItem--smartFilterBar-btnBasicSearch"}]}
RESULT: undefined
COMMAND: POST /session/be9a23df4294472c3cbe97a105488dd6/execute/async - {"script":"<script> [776 bytes]","args":[{"enterText":"CQ2c1lOEC1","selector":{"id":"application-managepricingrules-display-component---priceInfoItem--smartFilterBar-btnBasicSearch","interaction":{"idSuffix":"I"}},"clearTextFirst":true,"interactionType":"ENTER_TEXT"}]}
RESULT: {"script":"<script> [776 bytes]","args":[{"enterText":"CQ2c1lOEC1","selector":{"id":"application-managepricingrules-display-component---priceInfoItem--smartFilterBar-btnBasicSearch","interaction":{"idSuffix":"I"}},"clearTextFirst":true,"interactionType":"ENTER_TEXT"}]}
COMMAND: POST /session/be9a23df4294472c3cbe97a105488dd6/actions - {"actions":[{"id":"action60","type":"key","parameters":{},"actions":[{"type":"keyDown","value":""},{"type":"pause","duration":10},{"type":"keyUp","value":""}]}]}
RESULT: {"actions":[{"id":"action60","type":"key","parameters":{},"actions":[{"type":"keyDown","value":""},{"type":"pause","duration":10},{"type":"keyUp","value":""}]}]}
COMMAND: GET /session/be9a23df4294472c3cbe97a105488dd6/screenshot - {}
RESULT: {}
COMMAND: POST /session/be9a23df4294472c3cbe97a105488dd6/element - {"using":"xpath","value":"//span[@id=\"application-managepricingrules-display-component---priceInfoItem--smartTable-header-inner\"]"}
RESULT: {"using":"xpath","value":"//span[@id=\"application-managepricingrules-display-component---priceInfoItem--smartTable-header-inner\"]"}
COMMAND: POST /session/be9a23df4294472c3cbe97a105488dd6/elements - {"using":"xpath","value":"//span[@id=\"application-managepricingrules-display-component---priceInfoItem--smartTable-header-inner\"]"}
RESULT: {"using":"xpath","value":"//span[@id=\"application-managepricingrules-display-component---priceInfoItem--smartTable-header-inner\"]"}
COMMAND: POST /session/be9a23df4294472c3cbe97a105488dd6/execute/sync - {"script":"<script> [56 bytes]","args":[{"element-6066-11e4-a52e-4f735466cecf":"f.6CFE3FC8FA908A587831E8FD5FC52521.d.4B8E16F45CF9BB0383CA32BAE1F322FF.e.14747","ELEMENT":"f.6CFE3FC8FA908A587831E8FD5FC52521.d.4B8E16F45CF9BB0383CA32BAE1F322FF.e.14747"}]}
RESULT: {"script":"<script> [56 bytes]","args":[{"element-6066-11e4-a52e-4f735466cecf":"f.6CFE3FC8FA908A587831E8FD5FC52521.d.4B8E16F45CF9BB0383CA32BAE1F322FF.e.14747","ELEMENT":"f.6CFE3FC8FA908A587831E8FD5FC52521.d.4B8E16F45CF9BB0383CA32BAE1F322FF.e.14747"}]}
COMMAND: POST /session/be9a23df4294472c3cbe97a105488dd6/element - {"using":"css selector","value":"#shell-header-logo"}
COMMAND: GET /session/be9a23df4294472c3cbe97a105488dd6/screenshot - {}
RESULT: {"using":"css selector","value":"#shell-header-logo"}
COMMAND: POST /session/be9a23df4294472c3cbe97a105488dd6/element/f.6CFE3FC8FA908A587831E8FD5FC52521.d.4B8E16F45CF9BB0383CA32BAE1F322FF.e.13832/click - {}
RESULT: {}
RESULT: {}
COMMAND: GET /session/be9a23df4294472c3cbe97a105488dd6/screenshot - {}
RESULT: {}
]]></system-out>
    </testcase>
    <testcase classname="chrome.136_0_7103_93.windows.Billing_Calculation_-_Time_based_(considering_transport_times)_US139738" name="Should create new pricing condition for the equipment" time="66.315">
      <system-out><![CDATA[
COMMAND: POST /session/be9a23df4294472c3cbe97a105488dd6/execute/async - {"script":"<script> [1562 bytes]","args":[{"selector":{"controlType":"sap.m.GenericTile","properties":{"header":"Manage Conditions & Prices"}},"wdio_ui5_key":"sapm.GenericTile{\"header\":\"Manage Conditions & Prices\"}"}]}
RESULT: {"script":"<script> [1562 bytes]","args":[{"selector":{"controlType":"sap.m.GenericTile","properties":{"header":"Manage Conditions & Prices"}},"wdio_ui5_key":"sapm.GenericTile{\"header\":\"Manage Conditions & Prices\"}"}]}
RESULT: undefined
COMMAND: POST /session/be9a23df4294472c3cbe97a105488dd6/element - {"using":"xpath","value":"//*[@id=\"__tile53\"]"}
RESULT: {"using":"xpath","value":"//*[@id=\"__tile53\"]"}
COMMAND: POST /session/be9a23df4294472c3cbe97a105488dd6/element/f.6CFE3FC8FA908A587831E8FD5FC52521.d.4B8E16F45CF9BB0383CA32BAE1F322FF.e.13770/click - {}
RESULT: {}
COMMAND: GET /session/be9a23df4294472c3cbe97a105488dd6/screenshot - {}
RESULT: {}
COMMAND: POST /session/be9a23df4294472c3cbe97a105488dd6/elements - {"using":"xpath","value":"//span[text()='Error']"}
RESULT: {"using":"xpath","value":"//span[text()='Error']"}
COMMAND: POST /session/be9a23df4294472c3cbe97a105488dd6/element - {"using":"xpath","value":"//button[@aria-label=\"Create\"]"}
RESULT: {"using":"xpath","value":"//button[@aria-label=\"Create\"]"}
COMMAND: POST /session/be9a23df4294472c3cbe97a105488dd6/elements - {"using":"xpath","value":"//button[@aria-label=\"Create\"]"}
RESULT: {"using":"xpath","value":"//button[@aria-label=\"Create\"]"}
COMMAND: POST /session/be9a23df4294472c3cbe97a105488dd6/elements - {"using":"xpath","value":"//button[@aria-label=\"Create\"]"}
RESULT: {"using":"xpath","value":"//button[@aria-label=\"Create\"]"}
COMMAND: POST /session/be9a23df4294472c3cbe97a105488dd6/element - {"using":"xpath","value":"//button[@aria-label=\"Create\"]"}
RESULT: {"using":"xpath","value":"//button[@aria-label=\"Create\"]"}
COMMAND: POST /session/be9a23df4294472c3cbe97a105488dd6/execute/sync - {"script":"<script> [8489 bytes]","args":[{"element-6066-11e4-a52e-4f735466cecf":"f.6CFE3FC8FA908A587831E8FD5FC52521.d.4B8E16F45CF9BB0383CA32BAE1F322FF.e.14784","ELEMENT":"f.6CFE3FC8FA908A587831E8FD5FC52521.d.4B8E16F45CF9BB0383CA32BAE1F322FF.e.14784"}]}
RESULT: {"script":"<script> [8489 bytes]","args":[{"element-6066-11e4-a52e-4f735466cecf":"f.6CFE3FC8FA908A587831E8FD5FC52521.d.4B8E16F45CF9BB0383CA32BAE1F322FF.e.14784","ELEMENT":"f.6CFE3FC8FA908A587831E8FD5FC52521.d.4B8E16F45CF9BB0383CA32BAE1F322FF.e.14784"}]}
COMMAND: GET /session/be9a23df4294472c3cbe97a105488dd6/element/f.6CFE3FC8FA908A587831E8FD5FC52521.d.4B8E16F45CF9BB0383CA32BAE1F322FF.e.14784/enabled - {}
COMMAND: GET /session/be9a23df4294472c3cbe97a105488dd6/screenshot - {}
RESULT: {}
COMMAND: POST /session/be9a23df4294472c3cbe97a105488dd6/execute/sync - {"script":"<script> [8489 bytes]","args":[{"element-6066-11e4-a52e-4f735466cecf":"f.6CFE3FC8FA908A587831E8FD5FC52521.d.4B8E16F45CF9BB0383CA32BAE1F322FF.e.14784","ELEMENT":"f.6CFE3FC8FA908A587831E8FD5FC52521.d.4B8E16F45CF9BB0383CA32BAE1F322FF.e.14784"}]}
COMMAND: GET /session/be9a23df4294472c3cbe97a105488dd6/screenshot - {}
RESULT: {}
RESULT: {"script":"<script> [8489 bytes]","args":[{"element-6066-11e4-a52e-4f735466cecf":"f.6CFE3FC8FA908A587831E8FD5FC52521.d.4B8E16F45CF9BB0383CA32BAE1F322FF.e.14784","ELEMENT":"f.6CFE3FC8FA908A587831E8FD5FC52521.d.4B8E16F45CF9BB0383CA32BAE1F322FF.e.14784"}]}
COMMAND: POST /session/be9a23df4294472c3cbe97a105488dd6/execute/sync - {"script":"<script> [5351 bytes]","args":[{"element-6066-11e4-a52e-4f735466cecf":"f.6CFE3FC8FA908A587831E8FD5FC52521.d.4B8E16F45CF9BB0383CA32BAE1F322FF.e.14784","ELEMENT":"f.6CFE3FC8FA908A587831E8FD5FC52521.d.4B8E16F45CF9BB0383CA32BAE1F322FF.e.14784"}]}
COMMAND: GET /session/be9a23df4294472c3cbe97a105488dd6/screenshot - {}
RESULT: {}
RESULT: {"script":"<script> [5351 bytes]","args":[{"element-6066-11e4-a52e-4f735466cecf":"f.6CFE3FC8FA908A587831E8FD5FC52521.d.4B8E16F45CF9BB0383CA32BAE1F322FF.e.14784","ELEMENT":"f.6CFE3FC8FA908A587831E8FD5FC52521.d.4B8E16F45CF9BB0383CA32BAE1F322FF.e.14784"}]}
COMMAND: POST /session/be9a23df4294472c3cbe97a105488dd6/element/f.6CFE3FC8FA908A587831E8FD5FC52521.d.4B8E16F45CF9BB0383CA32BAE1F322FF.e.14784/click - {}
COMMAND: GET /session/be9a23df4294472c3cbe97a105488dd6/screenshot - {}
RESULT: {}
RESULT: {}
COMMAND: GET /session/be9a23df4294472c3cbe97a105488dd6/screenshot - {}
RESULT: {}
RESULT: {}
COMMAND: POST /session/be9a23df4294472c3cbe97a105488dd6/actions - {"actions":[{"id":"action61","type":"key","parameters":{},"actions":[{"type":"keyDown","value":""},{"type":"pause","duration":10},{"type":"keyUp","value":""}]}]}
RESULT: {"actions":[{"id":"action61","type":"key","parameters":{},"actions":[{"type":"keyDown","value":""},{"type":"pause","duration":10},{"type":"keyUp","value":""}]}]}
COMMAND: GET /session/be9a23df4294472c3cbe97a105488dd6/screenshot - {}
RESULT: {}
COMMAND: POST /session/be9a23df4294472c3cbe97a105488dd6/execute/async - {"script":"<script> [1562 bytes]","args":[{"selector":{"id":"application-manageconditionprice-display-component---newCondition--condBillCond-arrow"},"wdio_ui5_key":"applicationmanageconditionprice-display-component---newCondition--condBillCond-arrow"}]}
RESULT: {"script":"<script> [1562 bytes]","args":[{"selector":{"id":"application-manageconditionprice-display-component---newCondition--condBillCond-arrow"},"wdio_ui5_key":"applicationmanageconditionprice-display-component---newCondition--condBillCond-arrow"}]}
RESULT: undefined
COMMAND: POST /session/be9a23df4294472c3cbe97a105488dd6/element - {"using":"xpath","value":"//*[@id=\"application-manageconditionprice-display-component---newCondition--condBillCond-arrow\"]"}
RESULT: {"using":"xpath","value":"//*[@id=\"application-manageconditionprice-display-component---newCondition--condBillCond-arrow\"]"}
COMMAND: POST /session/be9a23df4294472c3cbe97a105488dd6/element/f.6CFE3FC8FA908A587831E8FD5FC52521.d.4B8E16F45CF9BB0383CA32BAE1F322FF.e.14965/click - {}
RESULT: {}
COMMAND: GET /session/be9a23df4294472c3cbe97a105488dd6/screenshot - {}
RESULT: {}
COMMAND: POST /session/be9a23df4294472c3cbe97a105488dd6/element - {"using":"xpath","value":"//li[.//span[contains(text(), \"DISP - D&I special price\")]]"}
RESULT: {"using":"xpath","value":"//li[.//span[contains(text(), \"DISP - D&I special price\")]]"}
COMMAND: POST /session/be9a23df4294472c3cbe97a105488dd6/element/f.6CFE3FC8FA908A587831E8FD5FC52521.d.4B8E16F45CF9BB0383CA32BAE1F322FF.e.14968/click - {}
RESULT: {}
COMMAND: GET /session/be9a23df4294472c3cbe97a105488dd6/screenshot - {}
RESULT: {}
COMMAND: POST /session/be9a23df4294472c3cbe97a105488dd6/execute/async - {"script":"<script> [1562 bytes]","args":[{"selector":{"id":"application-manageconditionprice-display-component---newCondition--condValidTo","interaction":{"idSuffix":"inner"}},"wdio_ui5_key":"applicationmanageconditionprice-display-component---newCondition--condValidTo"}]}
RESULT: {"script":"<script> [1562 bytes]","args":[{"selector":{"id":"application-manageconditionprice-display-component---newCondition--condValidTo","interaction":{"idSuffix":"inner"}},"wdio_ui5_key":"applicationmanageconditionprice-display-component---newCondition--condValidTo"}]}
RESULT: undefined
COMMAND: POST /session/be9a23df4294472c3cbe97a105488dd6/execute/async - {"script":"<script> [776 bytes]","args":[{"enterText":"2/1/26","selector":{"id":"application-manageconditionprice-display-component---newCondition--condValidTo","interaction":{"idSuffix":"inner"}},"clearTextFirst":true,"interactionType":"ENTER_TEXT"}]}
RESULT: {"script":"<script> [776 bytes]","args":[{"enterText":"2/1/26","selector":{"id":"application-manageconditionprice-display-component---newCondition--condValidTo","interaction":{"idSuffix":"inner"}},"clearTextFirst":true,"interactionType":"ENTER_TEXT"}]}
COMMAND: POST /session/be9a23df4294472c3cbe97a105488dd6/element - {"using":"xpath","value":"//input[@id=\"application-manageconditionprice-display-component---newCondition--condRU-inner\"]"}
RESULT: {"using":"xpath","value":"//input[@id=\"application-manageconditionprice-display-component---newCondition--condRU-inner\"]"}
COMMAND: POST /session/be9a23df4294472c3cbe97a105488dd6/element/f.6CFE3FC8FA908A587831E8FD5FC52521.d.4B8E16F45CF9BB0383CA32BAE1F322FF.e.14829/clear - {}
RESULT: {}
COMMAND: POST /session/be9a23df4294472c3cbe97a105488dd6/element/f.6CFE3FC8FA908A587831E8FD5FC52521.d.4B8E16F45CF9BB0383CA32BAE1F322FF.e.14829/value - {"text":"CQ2c1lOEC1"}
COMMAND: GET /session/be9a23df4294472c3cbe97a105488dd6/screenshot - {}
RESULT: {"text":"CQ2c1lOEC1"}
COMMAND: GET /session/be9a23df4294472c3cbe97a105488dd6/screenshot - {}
RESULT: {}
RESULT: {}
COMMAND: POST /session/be9a23df4294472c3cbe97a105488dd6/actions - {"actions":[{"id":"action62","type":"key","parameters":{},"actions":[{"type":"keyDown","value":""},{"type":"pause","duration":10},{"type":"keyUp","value":""}]}]}
RESULT: {"actions":[{"id":"action62","type":"key","parameters":{},"actions":[{"type":"keyDown","value":""},{"type":"pause","duration":10},{"type":"keyUp","value":""}]}]}
COMMAND: POST /session/be9a23df4294472c3cbe97a105488dd6/execute/async - {"script":"<script> [1562 bytes]","args":[{"selector":{"id":"application-manageconditionprice-display-component---newCondition--condBaseQty","interaction":{"idSuffix":"inner"}},"wdio_ui5_key":"applicationmanageconditionprice-display-component---newCondition--condBaseQty"}]}
COMMAND: GET /session/be9a23df4294472c3cbe97a105488dd6/screenshot - {}
RESULT: {"script":"<script> [1562 bytes]","args":[{"selector":{"id":"application-manageconditionprice-display-component---newCondition--condBaseQty","interaction":{"idSuffix":"inner"}},"wdio_ui5_key":"applicationmanageconditionprice-display-component---newCondition--condBaseQty"}]}
RESULT: undefined
COMMAND: POST /session/be9a23df4294472c3cbe97a105488dd6/execute/async - {"script":"<script> [776 bytes]","args":[{"enterText":"1","selector":{"id":"application-manageconditionprice-display-component---newCondition--condBaseQty","interaction":{"idSuffix":"inner"}},"clearTextFirst":true,"interactionType":"ENTER_TEXT"}]}
RESULT: {}
RESULT: {"script":"<script> [776 bytes]","args":[{"enterText":"1","selector":{"id":"application-manageconditionprice-display-component---newCondition--condBaseQty","interaction":{"idSuffix":"inner"}},"clearTextFirst":true,"interactionType":"ENTER_TEXT"}]}
COMMAND: POST /session/be9a23df4294472c3cbe97a105488dd6/execute/async - {"script":"<script> [1562 bytes]","args":[{"selector":{"id":"application-manageconditionprice-display-component---newCondition--condValue","interaction":{"idSuffix":"inner"}},"wdio_ui5_key":"applicationmanageconditionprice-display-component---newCondition--condValue"}]}
RESULT: {"script":"<script> [1562 bytes]","args":[{"selector":{"id":"application-manageconditionprice-display-component---newCondition--condValue","interaction":{"idSuffix":"inner"}},"wdio_ui5_key":"applicationmanageconditionprice-display-component---newCondition--condValue"}]}
RESULT: undefined
COMMAND: POST /session/be9a23df4294472c3cbe97a105488dd6/execute/async - {"script":"<script> [776 bytes]","args":[{"enterText":"100","selector":{"id":"application-manageconditionprice-display-component---newCondition--condValue","interaction":{"idSuffix":"inner"}},"clearTextFirst":true,"interactionType":"ENTER_TEXT"}]}
RESULT: {"script":"<script> [776 bytes]","args":[{"enterText":"100","selector":{"id":"application-manageconditionprice-display-component---newCondition--condValue","interaction":{"idSuffix":"inner"}},"clearTextFirst":true,"interactionType":"ENTER_TEXT"}]}
COMMAND: POST /session/be9a23df4294472c3cbe97a105488dd6/execute/async - {"script":"<script> [1562 bytes]","args":[{"selector":{"id":"application-manageconditionprice-display-component---newCondition--condCurr-arrow"},"wdio_ui5_key":"applicationmanageconditionprice-display-component---newCondition--condCurr-arrow"}]}
RESULT: {"script":"<script> [1562 bytes]","args":[{"selector":{"id":"application-manageconditionprice-display-component---newCondition--condCurr-arrow"},"wdio_ui5_key":"applicationmanageconditionprice-display-component---newCondition--condCurr-arrow"}]}
RESULT: undefined
COMMAND: POST /session/be9a23df4294472c3cbe97a105488dd6/element - {"using":"xpath","value":"//*[@id=\"application-manageconditionprice-display-component---newCondition--condCurr-arrow\"]"}
RESULT: {"using":"xpath","value":"//*[@id=\"application-manageconditionprice-display-component---newCondition--condCurr-arrow\"]"}
COMMAND: POST /session/be9a23df4294472c3cbe97a105488dd6/element/f.6CFE3FC8FA908A587831E8FD5FC52521.d.4B8E16F45CF9BB0383CA32BAE1F322FF.e.14938/click - {}
RESULT: {}
COMMAND: POST /session/be9a23df4294472c3cbe97a105488dd6/element - {"using":"xpath","value":"//span[contains(text(), \"Euro\")]"}
COMMAND: GET /session/be9a23df4294472c3cbe97a105488dd6/screenshot - {}
RESULT: {"using":"xpath","value":"//span[contains(text(), \"Euro\")]"}
COMMAND: POST /session/be9a23df4294472c3cbe97a105488dd6/element/f.6CFE3FC8FA908A587831E8FD5FC52521.d.4B8E16F45CF9BB0383CA32BAE1F322FF.e.15005/click - {}
RESULT: {}
RESULT: {}
COMMAND: POST /session/be9a23df4294472c3cbe97a105488dd6/element - {"using":"xpath","value":"//button[@data-kt=\"saveButton\"]"}
COMMAND: GET /session/be9a23df4294472c3cbe97a105488dd6/screenshot - {}
RESULT: {"using":"xpath","value":"//button[@data-kt=\"saveButton\"]"}
COMMAND: POST /session/be9a23df4294472c3cbe97a105488dd6/element/f.6CFE3FC8FA908A587831E8FD5FC52521.d.4B8E16F45CF9BB0383CA32BAE1F322FF.e.14939/click - {}
RESULT: {}
RESULT: {}
COMMAND: GET /session/be9a23df4294472c3cbe97a105488dd6/screenshot - {}
RESULT: {}
COMMAND: POST /session/be9a23df4294472c3cbe97a105488dd6/execute/async - {"script":"<script> [1562 bytes]","args":[{"selector":{"id":"application-manageconditionprice-display-component---conditions--smartFilterBar-btnBasicSearch","interaction":{"idSuffix":"I"}},"wdio_ui5_key":"applicationmanageconditionprice-display-component---conditions--smartFilterBar-btnBasicSearch"}]}
RESULT: {"script":"<script> [1562 bytes]","args":[{"selector":{"id":"application-manageconditionprice-display-component---conditions--smartFilterBar-btnBasicSearch","interaction":{"idSuffix":"I"}},"wdio_ui5_key":"applicationmanageconditionprice-display-component---conditions--smartFilterBar-btnBasicSearch"}]}
RESULT: undefined
COMMAND: POST /session/be9a23df4294472c3cbe97a105488dd6/execute/async - {"script":"<script> [776 bytes]","args":[{"enterText":"CQ2c1lOEC1","selector":{"id":"application-manageconditionprice-display-component---conditions--smartFilterBar-btnBasicSearch","interaction":{"idSuffix":"I"}},"clearTextFirst":true,"interactionType":"ENTER_TEXT"}]}
RESULT: {"script":"<script> [776 bytes]","args":[{"enterText":"CQ2c1lOEC1","selector":{"id":"application-manageconditionprice-display-component---conditions--smartFilterBar-btnBasicSearch","interaction":{"idSuffix":"I"}},"clearTextFirst":true,"interactionType":"ENTER_TEXT"}]}
COMMAND: POST /session/be9a23df4294472c3cbe97a105488dd6/actions - {"actions":[{"id":"action63","type":"key","parameters":{},"actions":[{"type":"keyDown","value":""},{"type":"pause","duration":10},{"type":"keyUp","value":""}]}]}
RESULT: {"actions":[{"id":"action63","type":"key","parameters":{},"actions":[{"type":"keyDown","value":""},{"type":"pause","duration":10},{"type":"keyUp","value":""}]}]}
COMMAND: GET /session/be9a23df4294472c3cbe97a105488dd6/screenshot - {}
RESULT: {}
COMMAND: POST /session/be9a23df4294472c3cbe97a105488dd6/execute/async - {"script":"<script> [1562 bytes]","args":[{"selector":{"id":"application-manageconditionprice-display-component---conditions--smartFilterBar-filterItemControl_BASIC-BILL_TYPES-vhi"},"wdio_ui5_key":"applicationmanageconditionprice-display-component---conditions--smartFilterBar-filterItemControl_BASIC-BILL_TYPES-vhi"}]}
RESULT: {"script":"<script> [1562 bytes]","args":[{"selector":{"id":"application-manageconditionprice-display-component---conditions--smartFilterBar-filterItemControl_BASIC-BILL_TYPES-vhi"},"wdio_ui5_key":"applicationmanageconditionprice-display-component---conditions--smartFilterBar-filterItemControl_BASIC-BILL_TYPES-vhi"}]}
RESULT: undefined
COMMAND: POST /session/be9a23df4294472c3cbe97a105488dd6/element - {"using":"xpath","value":"//*[@id=\"application-manageconditionprice-display-component---conditions--smartFilterBar-filterItemControl_BASIC-BILL_TYPES-vhi\"]"}
RESULT: {"using":"xpath","value":"//*[@id=\"application-manageconditionprice-display-component---conditions--smartFilterBar-filterItemControl_BASIC-BILL_TYPES-vhi\"]"}
COMMAND: POST /session/be9a23df4294472c3cbe97a105488dd6/element/f.6CFE3FC8FA908A587831E8FD5FC52521.d.4B8E16F45CF9BB0383CA32BAE1F322FF.e.15021/click - {}
RESULT: {}
COMMAND: POST /session/be9a23df4294472c3cbe97a105488dd6/execute/async - {"script":"<script> [1562 bytes]","args":[{"selector":{"id":"application-manageconditionprice-display-component---conditions--smartFilterBar-filterItemControl_BASIC-BILL_TYPES-valueHelpDialog-smartFilterBar-btnBasicSearch","searchOpenDialogs":true,"interaction":{"idSuffix":"I"}},"wdio_ui5_key":"applicationmanageconditionprice-display-component---conditions--smartFilterBar-filterItemControl_BASIC-BILL_TYPES-valueHelpDialog-smartFilterBar-btnBasicSearch"}]}
COMMAND: GET /session/be9a23df4294472c3cbe97a105488dd6/screenshot - {}
RESULT: {"script":"<script> [1562 bytes]","args":[{"selector":{"id":"application-manageconditionprice-display-component---conditions--smartFilterBar-filterItemControl_BASIC-BILL_TYPES-valueHelpDialog-smartFilterBar-btnBasicSearch","searchOpenDialogs":true,"interaction":{"idSuffix":"I"}},"wdio_ui5_key":"applicationmanageconditionprice-display-component---conditions--smartFilterBar-filterItemControl_BASIC-BILL_TYPES-valueHelpDialog-smartFilterBar-btnBasicSearch"}]}
RESULT: undefined
COMMAND: POST /session/be9a23df4294472c3cbe97a105488dd6/execute/async - {"script":"<script> [776 bytes]","args":[{"enterText":"TB","selector":{"id":"application-manageconditionprice-display-component---conditions--smartFilterBar-filterItemControl_BASIC-BILL_TYPES-valueHelpDialog-smartFilterBar-btnBasicSearch","searchOpenDialogs":true,"interaction":{"idSuffix":"I"}},"clearTextFirst":true,"interactionType":"ENTER_TEXT"}]}
RESULT: {}
RESULT: {"script":"<script> [776 bytes]","args":[{"enterText":"TB","selector":{"id":"application-manageconditionprice-display-component---conditions--smartFilterBar-filterItemControl_BASIC-BILL_TYPES-valueHelpDialog-smartFilterBar-btnBasicSearch","searchOpenDialogs":true,"interaction":{"idSuffix":"I"}},"clearTextFirst":true,"interactionType":"ENTER_TEXT"}]}
COMMAND: POST /session/be9a23df4294472c3cbe97a105488dd6/actions - {"actions":[{"id":"action64","type":"key","parameters":{},"actions":[{"type":"keyDown","value":""},{"type":"pause","duration":10},{"type":"keyUp","value":""}]}]}
RESULT: {"actions":[{"id":"action64","type":"key","parameters":{},"actions":[{"type":"keyDown","value":""},{"type":"pause","duration":10},{"type":"keyUp","value":""}]}]}
COMMAND: GET /session/be9a23df4294472c3cbe97a105488dd6/screenshot - {}
RESULT: {}
COMMAND: POST /session/be9a23df4294472c3cbe97a105488dd6/element - {"using":"xpath","value":"//div[contains(@id, 'application-manageconditionprice-display-component---conditions--smartFilterBar-filterItemControl_BASIC-BILL_TYPES-valueHelpDialog-table-rowsel0')]"}
RESULT: {"using":"xpath","value":"//div[contains(@id, 'application-manageconditionprice-display-component---conditions--smartFilterBar-filterItemControl_BASIC-BILL_TYPES-valueHelpDialog-table-rowsel0')]"}
COMMAND: POST /session/be9a23df4294472c3cbe97a105488dd6/element/f.6CFE3FC8FA908A587831E8FD5FC52521.d.4B8E16F45CF9BB0383CA32BAE1F322FF.e.15031/click - {}
RESULT: {}
COMMAND: GET /session/be9a23df4294472c3cbe97a105488dd6/screenshot - {}
RESULT: {}
COMMAND: POST /session/be9a23df4294472c3cbe97a105488dd6/element - {"using":"xpath","value":"//bdi[contains(text(), \"OK\")]"}
RESULT: {"using":"xpath","value":"//bdi[contains(text(), \"OK\")]"}
COMMAND: POST /session/be9a23df4294472c3cbe97a105488dd6/element/f.6CFE3FC8FA908A587831E8FD5FC52521.d.4B8E16F45CF9BB0383CA32BAE1F322FF.e.15033/click - {}
RESULT: {}
COMMAND: GET /session/be9a23df4294472c3cbe97a105488dd6/screenshot - {}
RESULT: {}
COMMAND: POST /session/be9a23df4294472c3cbe97a105488dd6/element - {"using":"xpath","value":"//span[@id=\"application-manageconditionprice-display-component---conditions--smartTable-header-inner\"]"}
RESULT: {"using":"xpath","value":"//span[@id=\"application-manageconditionprice-display-component---conditions--smartTable-header-inner\"]"}
COMMAND: POST /session/be9a23df4294472c3cbe97a105488dd6/elements - {"using":"xpath","value":"//span[@id=\"application-manageconditionprice-display-component---conditions--smartTable-header-inner\"]"}
RESULT: {"using":"xpath","value":"//span[@id=\"application-manageconditionprice-display-component---conditions--smartTable-header-inner\"]"}
COMMAND: POST /session/be9a23df4294472c3cbe97a105488dd6/execute/sync - {"script":"<script> [56 bytes]","args":[{"element-6066-11e4-a52e-4f735466cecf":"f.6CFE3FC8FA908A587831E8FD5FC52521.d.4B8E16F45CF9BB0383CA32BAE1F322FF.e.15036","ELEMENT":"f.6CFE3FC8FA908A587831E8FD5FC52521.d.4B8E16F45CF9BB0383CA32BAE1F322FF.e.15036"}]}
RESULT: {"script":"<script> [56 bytes]","args":[{"element-6066-11e4-a52e-4f735466cecf":"f.6CFE3FC8FA908A587831E8FD5FC52521.d.4B8E16F45CF9BB0383CA32BAE1F322FF.e.15036","ELEMENT":"f.6CFE3FC8FA908A587831E8FD5FC52521.d.4B8E16F45CF9BB0383CA32BAE1F322FF.e.15036"}]}
COMMAND: POST /session/be9a23df4294472c3cbe97a105488dd6/element - {"using":"css selector","value":"#shell-header-logo"}
COMMAND: GET /session/be9a23df4294472c3cbe97a105488dd6/screenshot - {}
RESULT: {"using":"css selector","value":"#shell-header-logo"}
COMMAND: POST /session/be9a23df4294472c3cbe97a105488dd6/element/f.6CFE3FC8FA908A587831E8FD5FC52521.d.4B8E16F45CF9BB0383CA32BAE1F322FF.e.14750/click - {}
RESULT: {}
RESULT: {}
COMMAND: GET /session/be9a23df4294472c3cbe97a105488dd6/screenshot - {}
RESULT: {}
]]></system-out>
    </testcase>
    <testcase classname="chrome.136_0_7103_93.windows.Billing_Calculation_-_Time_based_(considering_transport_times)_US139738" name="Should do a stock increase for the equipment" time="89.751">
      <failure/>
      <error message="Can't call click on element with selector &quot;//li[.//span[contains(text(),'555 -')]]&quot; because element wasn't found"/>
      <system-out><![CDATA[
COMMAND: POST /session/be9a23df4294472c3cbe97a105488dd6/execute/async - {"script":"<script> [1562 bytes]","args":[{"selector":{"controlType":"sap.m.GenericTile","properties":{"header":"Manage Handovers"}},"wdio_ui5_key":"sapm.GenericTile{\"header\":\"Manage Handovers\"}"}]}
RESULT: {"script":"<script> [1562 bytes]","args":[{"selector":{"controlType":"sap.m.GenericTile","properties":{"header":"Manage Handovers"}},"wdio_ui5_key":"sapm.GenericTile{\"header\":\"Manage Handovers\"}"}]}
RESULT: undefined
COMMAND: POST /session/be9a23df4294472c3cbe97a105488dd6/element - {"using":"xpath","value":"//*[@id=\"__tile131\"]"}
RESULT: {"using":"xpath","value":"//*[@id=\"__tile131\"]"}
COMMAND: POST /session/be9a23df4294472c3cbe97a105488dd6/element/f.6CFE3FC8FA908A587831E8FD5FC52521.d.4B8E16F45CF9BB0383CA32BAE1F322FF.e.13808/click - {}
RESULT: {}
COMMAND: GET /session/be9a23df4294472c3cbe97a105488dd6/screenshot - {}
RESULT: {}
COMMAND: POST /session/be9a23df4294472c3cbe97a105488dd6/elements - {"using":"xpath","value":"//span[text()='Error']"}
RESULT: {"using":"xpath","value":"//span[text()='Error']"}
COMMAND: POST /session/be9a23df4294472c3cbe97a105488dd6/element - {"using":"xpath","value":"//button[@data-kt=\"masterHOAddButton\"]"}
RESULT: {"using":"xpath","value":"//button[@data-kt=\"masterHOAddButton\"]"}
COMMAND: POST /session/be9a23df4294472c3cbe97a105488dd6/elements - {"using":"xpath","value":"//button[@data-kt=\"masterHOAddButton\"]"}
RESULT: {"using":"xpath","value":"//button[@data-kt=\"masterHOAddButton\"]"}
COMMAND: POST /session/be9a23df4294472c3cbe97a105488dd6/execute/sync - {"script":"<script> [8489 bytes]","args":[{"element-6066-11e4-a52e-4f735466cecf":"f.6CFE3FC8FA908A587831E8FD5FC52521.d.4B8E16F45CF9BB0383CA32BAE1F322FF.e.15079","ELEMENT":"f.6CFE3FC8FA908A587831E8FD5FC52521.d.4B8E16F45CF9BB0383CA32BAE1F322FF.e.15079"}]}
RESULT: {"script":"<script> [8489 bytes]","args":[{"element-6066-11e4-a52e-4f735466cecf":"f.6CFE3FC8FA908A587831E8FD5FC52521.d.4B8E16F45CF9BB0383CA32BAE1F322FF.e.15079","ELEMENT":"f.6CFE3FC8FA908A587831E8FD5FC52521.d.4B8E16F45CF9BB0383CA32BAE1F322FF.e.15079"}]}
COMMAND: GET /session/be9a23df4294472c3cbe97a105488dd6/element/f.6CFE3FC8FA908A587831E8FD5FC52521.d.4B8E16F45CF9BB0383CA32BAE1F322FF.e.15079/enabled - {}
COMMAND: GET /session/be9a23df4294472c3cbe97a105488dd6/screenshot - {}
RESULT: {}
COMMAND: POST /session/be9a23df4294472c3cbe97a105488dd6/execute/sync - {"script":"<script> [8489 bytes]","args":[{"element-6066-11e4-a52e-4f735466cecf":"f.6CFE3FC8FA908A587831E8FD5FC52521.d.4B8E16F45CF9BB0383CA32BAE1F322FF.e.15079","ELEMENT":"f.6CFE3FC8FA908A587831E8FD5FC52521.d.4B8E16F45CF9BB0383CA32BAE1F322FF.e.15079"}]}
COMMAND: GET /session/be9a23df4294472c3cbe97a105488dd6/screenshot - {}
RESULT: {}
RESULT: {"script":"<script> [8489 bytes]","args":[{"element-6066-11e4-a52e-4f735466cecf":"f.6CFE3FC8FA908A587831E8FD5FC52521.d.4B8E16F45CF9BB0383CA32BAE1F322FF.e.15079","ELEMENT":"f.6CFE3FC8FA908A587831E8FD5FC52521.d.4B8E16F45CF9BB0383CA32BAE1F322FF.e.15079"}]}
COMMAND: POST /session/be9a23df4294472c3cbe97a105488dd6/execute/sync - {"script":"<script> [5351 bytes]","args":[{"element-6066-11e4-a52e-4f735466cecf":"f.6CFE3FC8FA908A587831E8FD5FC52521.d.4B8E16F45CF9BB0383CA32BAE1F322FF.e.15079","ELEMENT":"f.6CFE3FC8FA908A587831E8FD5FC52521.d.4B8E16F45CF9BB0383CA32BAE1F322FF.e.15079"}]}
COMMAND: GET /session/be9a23df4294472c3cbe97a105488dd6/screenshot - {}
RESULT: {}
RESULT: {"script":"<script> [5351 bytes]","args":[{"element-6066-11e4-a52e-4f735466cecf":"f.6CFE3FC8FA908A587831E8FD5FC52521.d.4B8E16F45CF9BB0383CA32BAE1F322FF.e.15079","ELEMENT":"f.6CFE3FC8FA908A587831E8FD5FC52521.d.4B8E16F45CF9BB0383CA32BAE1F322FF.e.15079"}]}
COMMAND: POST /session/be9a23df4294472c3cbe97a105488dd6/element/f.6CFE3FC8FA908A587831E8FD5FC52521.d.4B8E16F45CF9BB0383CA32BAE1F322FF.e.15079/click - {}
COMMAND: GET /session/be9a23df4294472c3cbe97a105488dd6/screenshot - {}
RESULT: {}
RESULT: {}
COMMAND: GET /session/be9a23df4294472c3cbe97a105488dd6/screenshot - {}
RESULT: {}
COMMAND: POST /session/be9a23df4294472c3cbe97a105488dd6/element - {"using":"xpath","value":"//span[contains(@id ,\"AddNewHO--typeSelect-arrow\")]"}
RESULT: {}
RESULT: {"using":"xpath","value":"//span[contains(@id ,\"AddNewHO--typeSelect-arrow\")]"}
COMMAND: POST /session/be9a23df4294472c3cbe97a105488dd6/element/f.6CFE3FC8FA908A587831E8FD5FC52521.d.4B8E16F45CF9BB0383CA32BAE1F322FF.e.15417/click - {}
RESULT: {}
COMMAND: GET /session/be9a23df4294472c3cbe97a105488dd6/screenshot - {}
RESULT: {}
COMMAND: POST /session/be9a23df4294472c3cbe97a105488dd6/element - {"using":"xpath","value":"(//li[contains(text(), \"stock increase yard\")])[1]"}
RESULT: {"using":"xpath","value":"(//li[contains(text(), \"stock increase yard\")])[1]"}
COMMAND: POST /session/be9a23df4294472c3cbe97a105488dd6/element/f.6CFE3FC8FA908A587831E8FD5FC52521.d.4B8E16F45CF9BB0383CA32BAE1F322FF.e.15418/click - {}
RESULT: {}
COMMAND: GET /session/be9a23df4294472c3cbe97a105488dd6/screenshot - {}
RESULT: {}
COMMAND: POST /session/be9a23df4294472c3cbe97a105488dd6/execute/async - {"script":"<script> [1562 bytes]","args":[{"selector":{"id":"application-managehandovers-display-component---AddNewHO--dueDate","interaction":{"idSuffix":"inner"}},"wdio_ui5_key":"applicationmanagehandovers-display-component---AddNewHO--dueDate"}]}
RESULT: {"script":"<script> [1562 bytes]","args":[{"selector":{"id":"application-managehandovers-display-component---AddNewHO--dueDate","interaction":{"idSuffix":"inner"}},"wdio_ui5_key":"applicationmanagehandovers-display-component---AddNewHO--dueDate"}]}
RESULT: undefined
COMMAND: POST /session/be9a23df4294472c3cbe97a105488dd6/execute/async - {"script":"<script> [6424 bytes]","args":[{"element-6066-11e4-a52e-4f735466cecf":"f.6CFE3FC8FA908A587831E8FD5FC52521.d.4B8E16F45CF9BB0383CA32BAE1F322FF.e.15420"},"setValue",["6/1/25"]]}
RESULT: {"script":"<script> [6424 bytes]","args":[{"element-6066-11e4-a52e-4f735466cecf":"f.6CFE3FC8FA908A587831E8FD5FC52521.d.4B8E16F45CF9BB0383CA32BAE1F322FF.e.15420"},"setValue",["6/1/25"]]}
COMMAND: POST /session/be9a23df4294472c3cbe97a105488dd6/element - {"using":"xpath","value":"//input[@id=\"generalSectionFrg--receiveYard-inner\"]"}
RESULT: {"using":"xpath","value":"//input[@id=\"generalSectionFrg--receiveYard-inner\"]"}
COMMAND: POST /session/be9a23df4294472c3cbe97a105488dd6/element/f.6CFE3FC8FA908A587831E8FD5FC52521.d.4B8E16F45CF9BB0383CA32BAE1F322FF.e.15426/clear - {}
RESULT: {}
COMMAND: POST /session/be9a23df4294472c3cbe97a105488dd6/element/f.6CFE3FC8FA908A587831E8FD5FC52521.d.4B8E16F45CF9BB0383CA32BAE1F322FF.e.15426/value - {"text":"555"}
COMMAND: GET /session/be9a23df4294472c3cbe97a105488dd6/screenshot - {}
RESULT: {"text":"555"}
COMMAND: GET /session/be9a23df4294472c3cbe97a105488dd6/screenshot - {}
RESULT: {}
RESULT: {}
COMMAND: POST /session/be9a23df4294472c3cbe97a105488dd6/element - {"using":"xpath","value":"//li[.//span[contains(text(),'555 -')]]"}
RESULT: {"using":"xpath","value":"//li[.//span[contains(text(),'555 -')]]"}
COMMAND: POST /session/be9a23df4294472c3cbe97a105488dd6/elements - {"using":"xpath","value":"//li[.//span[contains(text(),'555 -')]]"}
RESULT: {"using":"xpath","value":"//li[.//span[contains(text(),'555 -')]]"}
COMMAND: POST /session/be9a23df4294472c3cbe97a105488dd6/elements - {"using":"xpath","value":"//li[.//span[contains(text(),'555 -')]]"}
RESULT: {"using":"xpath","value":"//li[.//span[contains(text(),'555 -')]]"}
COMMAND: POST /session/be9a23df4294472c3cbe97a105488dd6/elements - {"using":"xpath","value":"//li[.//span[contains(text(),'555 -')]]"}
RESULT: {"using":"xpath","value":"//li[.//span[contains(text(),'555 -')]]"}
COMMAND: POST /session/be9a23df4294472c3cbe97a105488dd6/elements - {"using":"xpath","value":"//li[.//span[contains(text(),'555 -')]]"}
RESULT: {"using":"xpath","value":"//li[.//span[contains(text(),'555 -')]]"}
COMMAND: POST /session/be9a23df4294472c3cbe97a105488dd6/elements - {"using":"xpath","value":"//li[.//span[contains(text(),'555 -')]]"}
RESULT: {"using":"xpath","value":"//li[.//span[contains(text(),'555 -')]]"}
COMMAND: POST /session/be9a23df4294472c3cbe97a105488dd6/elements - {"using":"xpath","value":"//li[.//span[contains(text(),'555 -')]]"}
RESULT: {"using":"xpath","value":"//li[.//span[contains(text(),'555 -')]]"}
COMMAND: POST /session/be9a23df4294472c3cbe97a105488dd6/elements - {"using":"xpath","value":"//li[.//span[contains(text(),'555 -')]]"}
RESULT: {"using":"xpath","value":"//li[.//span[contains(text(),'555 -')]]"}
COMMAND: POST /session/be9a23df4294472c3cbe97a105488dd6/elements - {"using":"xpath","value":"//li[.//span[contains(text(),'555 -')]]"}
RESULT: {"using":"xpath","value":"//li[.//span[contains(text(),'555 -')]]"}
COMMAND: POST /session/be9a23df4294472c3cbe97a105488dd6/elements - {"using":"xpath","value":"//li[.//span[contains(text(),'555 -')]]"}
RESULT: {"using":"xpath","value":"//li[.//span[contains(text(),'555 -')]]"}
COMMAND: POST /session/be9a23df4294472c3cbe97a105488dd6/elements - {"using":"xpath","value":"//li[.//span[contains(text(),'555 -')]]"}
RESULT: {"using":"xpath","value":"//li[.//span[contains(text(),'555 -')]]"}
COMMAND: POST /session/be9a23df4294472c3cbe97a105488dd6/elements - {"using":"xpath","value":"//li[.//span[contains(text(),'555 -')]]"}
RESULT: {"using":"xpath","value":"//li[.//span[contains(text(),'555 -')]]"}
COMMAND: POST /session/be9a23df4294472c3cbe97a105488dd6/elements - {"using":"xpath","value":"//li[.//span[contains(text(),'555 -')]]"}
RESULT: {"using":"xpath","value":"//li[.//span[contains(text(),'555 -')]]"}
COMMAND: POST /session/be9a23df4294472c3cbe97a105488dd6/elements - {"using":"xpath","value":"//li[.//span[contains(text(),'555 -')]]"}
RESULT: {"using":"xpath","value":"//li[.//span[contains(text(),'555 -')]]"}
COMMAND: POST /session/be9a23df4294472c3cbe97a105488dd6/elements - {"using":"xpath","value":"//li[.//span[contains(text(),'555 -')]]"}
RESULT: {"using":"xpath","value":"//li[.//span[contains(text(),'555 -')]]"}
COMMAND: POST /session/be9a23df4294472c3cbe97a105488dd6/elements - {"using":"xpath","value":"//li[.//span[contains(text(),'555 -')]]"}
RESULT: {"using":"xpath","value":"//li[.//span[contains(text(),'555 -')]]"}
COMMAND: POST /session/be9a23df4294472c3cbe97a105488dd6/elements - {"using":"xpath","value":"//li[.//span[contains(text(),'555 -')]]"}
RESULT: {"using":"xpath","value":"//li[.//span[contains(text(),'555 -')]]"}
COMMAND: POST /session/be9a23df4294472c3cbe97a105488dd6/elements - {"using":"xpath","value":"//li[.//span[contains(text(),'555 -')]]"}
RESULT: {"using":"xpath","value":"//li[.//span[contains(text(),'555 -')]]"}
COMMAND: POST /session/be9a23df4294472c3cbe97a105488dd6/elements - {"using":"xpath","value":"//li[.//span[contains(text(),'555 -')]]"}
RESULT: {"using":"xpath","value":"//li[.//span[contains(text(),'555 -')]]"}
COMMAND: POST /session/be9a23df4294472c3cbe97a105488dd6/elements - {"using":"xpath","value":"//li[.//span[contains(text(),'555 -')]]"}
RESULT: {"using":"xpath","value":"//li[.//span[contains(text(),'555 -')]]"}
COMMAND: POST /session/be9a23df4294472c3cbe97a105488dd6/elements - {"using":"xpath","value":"//li[.//span[contains(text(),'555 -')]]"}
RESULT: {"using":"xpath","value":"//li[.//span[contains(text(),'555 -')]]"}
COMMAND: POST /session/be9a23df4294472c3cbe97a105488dd6/elements - {"using":"xpath","value":"//li[.//span[contains(text(),'555 -')]]"}
RESULT: {"using":"xpath","value":"//li[.//span[contains(text(),'555 -')]]"}
COMMAND: POST /session/be9a23df4294472c3cbe97a105488dd6/elements - {"using":"xpath","value":"//li[.//span[contains(text(),'555 -')]]"}
RESULT: {"using":"xpath","value":"//li[.//span[contains(text(),'555 -')]]"}
COMMAND: POST /session/be9a23df4294472c3cbe97a105488dd6/elements - {"using":"xpath","value":"//li[.//span[contains(text(),'555 -')]]"}
RESULT: {"using":"xpath","value":"//li[.//span[contains(text(),'555 -')]]"}
COMMAND: POST /session/be9a23df4294472c3cbe97a105488dd6/elements - {"using":"xpath","value":"//li[.//span[contains(text(),'555 -')]]"}
RESULT: {"using":"xpath","value":"//li[.//span[contains(text(),'555 -')]]"}
COMMAND: POST /session/be9a23df4294472c3cbe97a105488dd6/elements - {"using":"xpath","value":"//li[.//span[contains(text(),'555 -')]]"}
RESULT: {"using":"xpath","value":"//li[.//span[contains(text(),'555 -')]]"}
COMMAND: POST /session/be9a23df4294472c3cbe97a105488dd6/elements - {"using":"xpath","value":"//li[.//span[contains(text(),'555 -')]]"}
RESULT: {"using":"xpath","value":"//li[.//span[contains(text(),'555 -')]]"}
COMMAND: POST /session/be9a23df4294472c3cbe97a105488dd6/elements - {"using":"xpath","value":"//li[.//span[contains(text(),'555 -')]]"}
RESULT: {"using":"xpath","value":"//li[.//span[contains(text(),'555 -')]]"}
COMMAND: POST /session/be9a23df4294472c3cbe97a105488dd6/elements - {"using":"xpath","value":"//li[.//span[contains(text(),'555 -')]]"}
RESULT: {"using":"xpath","value":"//li[.//span[contains(text(),'555 -')]]"}
COMMAND: POST /session/be9a23df4294472c3cbe97a105488dd6/elements - {"using":"xpath","value":"//li[.//span[contains(text(),'555 -')]]"}
RESULT: {"using":"xpath","value":"//li[.//span[contains(text(),'555 -')]]"}
COMMAND: POST /session/be9a23df4294472c3cbe97a105488dd6/elements - {"using":"xpath","value":"//li[.//span[contains(text(),'555 -')]]"}
RESULT: {"using":"xpath","value":"//li[.//span[contains(text(),'555 -')]]"}
COMMAND: POST /session/be9a23df4294472c3cbe97a105488dd6/elements - {"using":"xpath","value":"//li[.//span[contains(text(),'555 -')]]"}
RESULT: {"using":"xpath","value":"//li[.//span[contains(text(),'555 -')]]"}
COMMAND: POST /session/be9a23df4294472c3cbe97a105488dd6/elements - {"using":"xpath","value":"//li[.//span[contains(text(),'555 -')]]"}
RESULT: {"using":"xpath","value":"//li[.//span[contains(text(),'555 -')]]"}
COMMAND: POST /session/be9a23df4294472c3cbe97a105488dd6/elements - {"using":"xpath","value":"//li[.//span[contains(text(),'555 -')]]"}
RESULT: {"using":"xpath","value":"//li[.//span[contains(text(),'555 -')]]"}
COMMAND: POST /session/be9a23df4294472c3cbe97a105488dd6/elements - {"using":"xpath","value":"//li[.//span[contains(text(),'555 -')]]"}
RESULT: {"using":"xpath","value":"//li[.//span[contains(text(),'555 -')]]"}
COMMAND: POST /session/be9a23df4294472c3cbe97a105488dd6/elements - {"using":"xpath","value":"//li[.//span[contains(text(),'555 -')]]"}
RESULT: {"using":"xpath","value":"//li[.//span[contains(text(),'555 -')]]"}
COMMAND: POST /session/be9a23df4294472c3cbe97a105488dd6/elements - {"using":"xpath","value":"//li[.//span[contains(text(),'555 -')]]"}
RESULT: {"using":"xpath","value":"//li[.//span[contains(text(),'555 -')]]"}
COMMAND: POST /session/be9a23df4294472c3cbe97a105488dd6/elements - {"using":"xpath","value":"//li[.//span[contains(text(),'555 -')]]"}
RESULT: {"using":"xpath","value":"//li[.//span[contains(text(),'555 -')]]"}
COMMAND: POST /session/be9a23df4294472c3cbe97a105488dd6/elements - {"using":"xpath","value":"//li[.//span[contains(text(),'555 -')]]"}
RESULT: {"using":"xpath","value":"//li[.//span[contains(text(),'555 -')]]"}
COMMAND: POST /session/be9a23df4294472c3cbe97a105488dd6/elements - {"using":"xpath","value":"//li[.//span[contains(text(),'555 -')]]"}
RESULT: {"using":"xpath","value":"//li[.//span[contains(text(),'555 -')]]"}
COMMAND: POST /session/be9a23df4294472c3cbe97a105488dd6/elements - {"using":"xpath","value":"//li[.//span[contains(text(),'555 -')]]"}
RESULT: {"using":"xpath","value":"//li[.//span[contains(text(),'555 -')]]"}
COMMAND: POST /session/be9a23df4294472c3cbe97a105488dd6/elements - {"using":"xpath","value":"//li[.//span[contains(text(),'555 -')]]"}
RESULT: {"using":"xpath","value":"//li[.//span[contains(text(),'555 -')]]"}
COMMAND: POST /session/be9a23df4294472c3cbe97a105488dd6/elements - {"using":"xpath","value":"//li[.//span[contains(text(),'555 -')]]"}
RESULT: {"using":"xpath","value":"//li[.//span[contains(text(),'555 -')]]"}
COMMAND: POST /session/be9a23df4294472c3cbe97a105488dd6/elements - {"using":"xpath","value":"//li[.//span[contains(text(),'555 -')]]"}
RESULT: {"using":"xpath","value":"//li[.//span[contains(text(),'555 -')]]"}
COMMAND: POST /session/be9a23df4294472c3cbe97a105488dd6/elements - {"using":"xpath","value":"//li[.//span[contains(text(),'555 -')]]"}
RESULT: {"using":"xpath","value":"//li[.//span[contains(text(),'555 -')]]"}
COMMAND: POST /session/be9a23df4294472c3cbe97a105488dd6/elements - {"using":"xpath","value":"//li[.//span[contains(text(),'555 -')]]"}
RESULT: {"using":"xpath","value":"//li[.//span[contains(text(),'555 -')]]"}
COMMAND: POST /session/be9a23df4294472c3cbe97a105488dd6/elements - {"using":"xpath","value":"//li[.//span[contains(text(),'555 -')]]"}
RESULT: {"using":"xpath","value":"//li[.//span[contains(text(),'555 -')]]"}
COMMAND: POST /session/be9a23df4294472c3cbe97a105488dd6/elements - {"using":"xpath","value":"//li[.//span[contains(text(),'555 -')]]"}
RESULT: {"using":"xpath","value":"//li[.//span[contains(text(),'555 -')]]"}
COMMAND: POST /session/be9a23df4294472c3cbe97a105488dd6/elements - {"using":"xpath","value":"//li[.//span[contains(text(),'555 -')]]"}
RESULT: {"using":"xpath","value":"//li[.//span[contains(text(),'555 -')]]"}
COMMAND: POST /session/be9a23df4294472c3cbe97a105488dd6/elements - {"using":"xpath","value":"//li[.//span[contains(text(),'555 -')]]"}
RESULT: {"using":"xpath","value":"//li[.//span[contains(text(),'555 -')]]"}
COMMAND: POST /session/be9a23df4294472c3cbe97a105488dd6/elements - {"using":"xpath","value":"//li[.//span[contains(text(),'555 -')]]"}
RESULT: {"using":"xpath","value":"//li[.//span[contains(text(),'555 -')]]"}
COMMAND: POST /session/be9a23df4294472c3cbe97a105488dd6/elements - {"using":"xpath","value":"//li[.//span[contains(text(),'555 -')]]"}
RESULT: {"using":"xpath","value":"//li[.//span[contains(text(),'555 -')]]"}
COMMAND: POST /session/be9a23df4294472c3cbe97a105488dd6/elements - {"using":"xpath","value":"//li[.//span[contains(text(),'555 -')]]"}
RESULT: {"using":"xpath","value":"//li[.//span[contains(text(),'555 -')]]"}
COMMAND: POST /session/be9a23df4294472c3cbe97a105488dd6/elements - {"using":"xpath","value":"//li[.//span[contains(text(),'555 -')]]"}
RESULT: {"using":"xpath","value":"//li[.//span[contains(text(),'555 -')]]"}
COMMAND: POST /session/be9a23df4294472c3cbe97a105488dd6/elements - {"using":"xpath","value":"//li[.//span[contains(text(),'555 -')]]"}
RESULT: {"using":"xpath","value":"//li[.//span[contains(text(),'555 -')]]"}
COMMAND: POST /session/be9a23df4294472c3cbe97a105488dd6/elements - {"using":"xpath","value":"//li[.//span[contains(text(),'555 -')]]"}
RESULT: {"using":"xpath","value":"//li[.//span[contains(text(),'555 -')]]"}
COMMAND: POST /session/be9a23df4294472c3cbe97a105488dd6/elements - {"using":"xpath","value":"//li[.//span[contains(text(),'555 -')]]"}
RESULT: {"using":"xpath","value":"//li[.//span[contains(text(),'555 -')]]"}
COMMAND: POST /session/be9a23df4294472c3cbe97a105488dd6/elements - {"using":"xpath","value":"//li[.//span[contains(text(),'555 -')]]"}
RESULT: {"using":"xpath","value":"//li[.//span[contains(text(),'555 -')]]"}
COMMAND: POST /session/be9a23df4294472c3cbe97a105488dd6/elements - {"using":"xpath","value":"//li[.//span[contains(text(),'555 -')]]"}
RESULT: {"using":"xpath","value":"//li[.//span[contains(text(),'555 -')]]"}
COMMAND: POST /session/be9a23df4294472c3cbe97a105488dd6/elements - {"using":"xpath","value":"//li[.//span[contains(text(),'555 -')]]"}
RESULT: {"using":"xpath","value":"//li[.//span[contains(text(),'555 -')]]"}
COMMAND: POST /session/be9a23df4294472c3cbe97a105488dd6/elements - {"using":"xpath","value":"//li[.//span[contains(text(),'555 -')]]"}
RESULT: {"using":"xpath","value":"//li[.//span[contains(text(),'555 -')]]"}
COMMAND: POST /session/be9a23df4294472c3cbe97a105488dd6/elements - {"using":"xpath","value":"//li[.//span[contains(text(),'555 -')]]"}
RESULT: {"using":"xpath","value":"//li[.//span[contains(text(),'555 -')]]"}
COMMAND: POST /session/be9a23df4294472c3cbe97a105488dd6/elements - {"using":"xpath","value":"//li[.//span[contains(text(),'555 -')]]"}
RESULT: {"using":"xpath","value":"//li[.//span[contains(text(),'555 -')]]"}
COMMAND: POST /session/be9a23df4294472c3cbe97a105488dd6/elements - {"using":"xpath","value":"//li[.//span[contains(text(),'555 -')]]"}
RESULT: {"using":"xpath","value":"//li[.//span[contains(text(),'555 -')]]"}
COMMAND: POST /session/be9a23df4294472c3cbe97a105488dd6/elements - {"using":"xpath","value":"//li[.//span[contains(text(),'555 -')]]"}
RESULT: {"using":"xpath","value":"//li[.//span[contains(text(),'555 -')]]"}
COMMAND: POST /session/be9a23df4294472c3cbe97a105488dd6/elements - {"using":"xpath","value":"//li[.//span[contains(text(),'555 -')]]"}
RESULT: {"using":"xpath","value":"//li[.//span[contains(text(),'555 -')]]"}
COMMAND: POST /session/be9a23df4294472c3cbe97a105488dd6/elements - {"using":"xpath","value":"//li[.//span[contains(text(),'555 -')]]"}
RESULT: {"using":"xpath","value":"//li[.//span[contains(text(),'555 -')]]"}
COMMAND: POST /session/be9a23df4294472c3cbe97a105488dd6/elements - {"using":"xpath","value":"//li[.//span[contains(text(),'555 -')]]"}
RESULT: {"using":"xpath","value":"//li[.//span[contains(text(),'555 -')]]"}
COMMAND: POST /session/be9a23df4294472c3cbe97a105488dd6/elements - {"using":"xpath","value":"//li[.//span[contains(text(),'555 -')]]"}
RESULT: {"using":"xpath","value":"//li[.//span[contains(text(),'555 -')]]"}
COMMAND: POST /session/be9a23df4294472c3cbe97a105488dd6/elements - {"using":"xpath","value":"//li[.//span[contains(text(),'555 -')]]"}
RESULT: {"using":"xpath","value":"//li[.//span[contains(text(),'555 -')]]"}
COMMAND: POST /session/be9a23df4294472c3cbe97a105488dd6/elements - {"using":"xpath","value":"//li[.//span[contains(text(),'555 -')]]"}
RESULT: {"using":"xpath","value":"//li[.//span[contains(text(),'555 -')]]"}
COMMAND: POST /session/be9a23df4294472c3cbe97a105488dd6/elements - {"using":"xpath","value":"//li[.//span[contains(text(),'555 -')]]"}
RESULT: {"using":"xpath","value":"//li[.//span[contains(text(),'555 -')]]"}
COMMAND: POST /session/be9a23df4294472c3cbe97a105488dd6/elements - {"using":"xpath","value":"//li[.//span[contains(text(),'555 -')]]"}
RESULT: {"using":"xpath","value":"//li[.//span[contains(text(),'555 -')]]"}
COMMAND: POST /session/be9a23df4294472c3cbe97a105488dd6/elements - {"using":"xpath","value":"//li[.//span[contains(text(),'555 -')]]"}
RESULT: {"using":"xpath","value":"//li[.//span[contains(text(),'555 -')]]"}
COMMAND: POST /session/be9a23df4294472c3cbe97a105488dd6/elements - {"using":"xpath","value":"//li[.//span[contains(text(),'555 -')]]"}
RESULT: {"using":"xpath","value":"//li[.//span[contains(text(),'555 -')]]"}
COMMAND: POST /session/be9a23df4294472c3cbe97a105488dd6/elements - {"using":"xpath","value":"//li[.//span[contains(text(),'555 -')]]"}
RESULT: {"using":"xpath","value":"//li[.//span[contains(text(),'555 -')]]"}
COMMAND: POST /session/be9a23df4294472c3cbe97a105488dd6/elements - {"using":"xpath","value":"//li[.//span[contains(text(),'555 -')]]"}
RESULT: {"using":"xpath","value":"//li[.//span[contains(text(),'555 -')]]"}
COMMAND: POST /session/be9a23df4294472c3cbe97a105488dd6/elements - {"using":"xpath","value":"//li[.//span[contains(text(),'555 -')]]"}
RESULT: {"using":"xpath","value":"//li[.//span[contains(text(),'555 -')]]"}
COMMAND: POST /session/be9a23df4294472c3cbe97a105488dd6/elements - {"using":"xpath","value":"//li[.//span[contains(text(),'555 -')]]"}
RESULT: {"using":"xpath","value":"//li[.//span[contains(text(),'555 -')]]"}
COMMAND: POST /session/be9a23df4294472c3cbe97a105488dd6/elements - {"using":"xpath","value":"//li[.//span[contains(text(),'555 -')]]"}
RESULT: {"using":"xpath","value":"//li[.//span[contains(text(),'555 -')]]"}
COMMAND: POST /session/be9a23df4294472c3cbe97a105488dd6/elements - {"using":"xpath","value":"//li[.//span[contains(text(),'555 -')]]"}
RESULT: {"using":"xpath","value":"//li[.//span[contains(text(),'555 -')]]"}
COMMAND: POST /session/be9a23df4294472c3cbe97a105488dd6/elements - {"using":"xpath","value":"//li[.//span[contains(text(),'555 -')]]"}
RESULT: {"using":"xpath","value":"//li[.//span[contains(text(),'555 -')]]"}
COMMAND: POST /session/be9a23df4294472c3cbe97a105488dd6/elements - {"using":"xpath","value":"//li[.//span[contains(text(),'555 -')]]"}
RESULT: {"using":"xpath","value":"//li[.//span[contains(text(),'555 -')]]"}
COMMAND: POST /session/be9a23df4294472c3cbe97a105488dd6/elements - {"using":"xpath","value":"//li[.//span[contains(text(),'555 -')]]"}
RESULT: {"using":"xpath","value":"//li[.//span[contains(text(),'555 -')]]"}
COMMAND: POST /session/be9a23df4294472c3cbe97a105488dd6/elements - {"using":"xpath","value":"//li[.//span[contains(text(),'555 -')]]"}
RESULT: {"using":"xpath","value":"//li[.//span[contains(text(),'555 -')]]"}
COMMAND: POST /session/be9a23df4294472c3cbe97a105488dd6/elements - {"using":"xpath","value":"//li[.//span[contains(text(),'555 -')]]"}
RESULT: {"using":"xpath","value":"//li[.//span[contains(text(),'555 -')]]"}
COMMAND: POST /session/be9a23df4294472c3cbe97a105488dd6/elements - {"using":"xpath","value":"//li[.//span[contains(text(),'555 -')]]"}
RESULT: {"using":"xpath","value":"//li[.//span[contains(text(),'555 -')]]"}
COMMAND: POST /session/be9a23df4294472c3cbe97a105488dd6/elements - {"using":"xpath","value":"//li[.//span[contains(text(),'555 -')]]"}
RESULT: {"using":"xpath","value":"//li[.//span[contains(text(),'555 -')]]"}
COMMAND: POST /session/be9a23df4294472c3cbe97a105488dd6/elements - {"using":"xpath","value":"//li[.//span[contains(text(),'555 -')]]"}
RESULT: {"using":"xpath","value":"//li[.//span[contains(text(),'555 -')]]"}
COMMAND: POST /session/be9a23df4294472c3cbe97a105488dd6/elements - {"using":"xpath","value":"//li[.//span[contains(text(),'555 -')]]"}
RESULT: {"using":"xpath","value":"//li[.//span[contains(text(),'555 -')]]"}
COMMAND: POST /session/be9a23df4294472c3cbe97a105488dd6/elements - {"using":"xpath","value":"//li[.//span[contains(text(),'555 -')]]"}
RESULT: {"using":"xpath","value":"//li[.//span[contains(text(),'555 -')]]"}
COMMAND: POST /session/be9a23df4294472c3cbe97a105488dd6/elements - {"using":"xpath","value":"//li[.//span[contains(text(),'555 -')]]"}
RESULT: {"using":"xpath","value":"//li[.//span[contains(text(),'555 -')]]"}
COMMAND: POST /session/be9a23df4294472c3cbe97a105488dd6/elements - {"using":"xpath","value":"//li[.//span[contains(text(),'555 -')]]"}
RESULT: {"using":"xpath","value":"//li[.//span[contains(text(),'555 -')]]"}
COMMAND: POST /session/be9a23df4294472c3cbe97a105488dd6/elements - {"using":"xpath","value":"//li[.//span[contains(text(),'555 -')]]"}
RESULT: {"using":"xpath","value":"//li[.//span[contains(text(),'555 -')]]"}
COMMAND: POST /session/be9a23df4294472c3cbe97a105488dd6/elements - {"using":"xpath","value":"//li[.//span[contains(text(),'555 -')]]"}
RESULT: {"using":"xpath","value":"//li[.//span[contains(text(),'555 -')]]"}
COMMAND: POST /session/be9a23df4294472c3cbe97a105488dd6/elements - {"using":"xpath","value":"//li[.//span[contains(text(),'555 -')]]"}
RESULT: {"using":"xpath","value":"//li[.//span[contains(text(),'555 -')]]"}
COMMAND: POST /session/be9a23df4294472c3cbe97a105488dd6/elements - {"using":"xpath","value":"//li[.//span[contains(text(),'555 -')]]"}
RESULT: {"using":"xpath","value":"//li[.//span[contains(text(),'555 -')]]"}
COMMAND: POST /session/be9a23df4294472c3cbe97a105488dd6/elements - {"using":"xpath","value":"//li[.//span[contains(text(),'555 -')]]"}
RESULT: {"using":"xpath","value":"//li[.//span[contains(text(),'555 -')]]"}
COMMAND: POST /session/be9a23df4294472c3cbe97a105488dd6/elements - {"using":"xpath","value":"//li[.//span[contains(text(),'555 -')]]"}
RESULT: {"using":"xpath","value":"//li[.//span[contains(text(),'555 -')]]"}
COMMAND: POST /session/be9a23df4294472c3cbe97a105488dd6/elements - {"using":"xpath","value":"//li[.//span[contains(text(),'555 -')]]"}
RESULT: {"using":"xpath","value":"//li[.//span[contains(text(),'555 -')]]"}
COMMAND: POST /session/be9a23df4294472c3cbe97a105488dd6/elements - {"using":"xpath","value":"//li[.//span[contains(text(),'555 -')]]"}
RESULT: {"using":"xpath","value":"//li[.//span[contains(text(),'555 -')]]"}
COMMAND: POST /session/be9a23df4294472c3cbe97a105488dd6/elements - {"using":"xpath","value":"//li[.//span[contains(text(),'555 -')]]"}
RESULT: {"using":"xpath","value":"//li[.//span[contains(text(),'555 -')]]"}
COMMAND: POST /session/be9a23df4294472c3cbe97a105488dd6/elements - {"using":"xpath","value":"//li[.//span[contains(text(),'555 -')]]"}
RESULT: {"using":"xpath","value":"//li[.//span[contains(text(),'555 -')]]"}
COMMAND: POST /session/be9a23df4294472c3cbe97a105488dd6/elements - {"using":"xpath","value":"//li[.//span[contains(text(),'555 -')]]"}
RESULT: {"using":"xpath","value":"//li[.//span[contains(text(),'555 -')]]"}
COMMAND: POST /session/be9a23df4294472c3cbe97a105488dd6/elements - {"using":"xpath","value":"//li[.//span[contains(text(),'555 -')]]"}
RESULT: {"using":"xpath","value":"//li[.//span[contains(text(),'555 -')]]"}
COMMAND: POST /session/be9a23df4294472c3cbe97a105488dd6/elements - {"using":"xpath","value":"//li[.//span[contains(text(),'555 -')]]"}
RESULT: {"using":"xpath","value":"//li[.//span[contains(text(),'555 -')]]"}
COMMAND: POST /session/be9a23df4294472c3cbe97a105488dd6/elements - {"using":"xpath","value":"//li[.//span[contains(text(),'555 -')]]"}
RESULT: {"using":"xpath","value":"//li[.//span[contains(text(),'555 -')]]"}
COMMAND: POST /session/be9a23df4294472c3cbe97a105488dd6/elements - {"using":"xpath","value":"//li[.//span[contains(text(),'555 -')]]"}
RESULT: {"using":"xpath","value":"//li[.//span[contains(text(),'555 -')]]"}
COMMAND: POST /session/be9a23df4294472c3cbe97a105488dd6/elements - {"using":"xpath","value":"//li[.//span[contains(text(),'555 -')]]"}
RESULT: {"using":"xpath","value":"//li[.//span[contains(text(),'555 -')]]"}
COMMAND: POST /session/be9a23df4294472c3cbe97a105488dd6/elements - {"using":"xpath","value":"//li[.//span[contains(text(),'555 -')]]"}
RESULT: {"using":"xpath","value":"//li[.//span[contains(text(),'555 -')]]"}
COMMAND: POST /session/be9a23df4294472c3cbe97a105488dd6/elements - {"using":"xpath","value":"//li[.//span[contains(text(),'555 -')]]"}
RESULT: {"using":"xpath","value":"//li[.//span[contains(text(),'555 -')]]"}
COMMAND: POST /session/be9a23df4294472c3cbe97a105488dd6/elements - {"using":"xpath","value":"//li[.//span[contains(text(),'555 -')]]"}
RESULT: {"using":"xpath","value":"//li[.//span[contains(text(),'555 -')]]"}
COMMAND: POST /session/be9a23df4294472c3cbe97a105488dd6/elements - {"using":"xpath","value":"//li[.//span[contains(text(),'555 -')]]"}
RESULT: {"using":"xpath","value":"//li[.//span[contains(text(),'555 -')]]"}
COMMAND: POST /session/be9a23df4294472c3cbe97a105488dd6/elements - {"using":"xpath","value":"//li[.//span[contains(text(),'555 -')]]"}
RESULT: {"using":"xpath","value":"//li[.//span[contains(text(),'555 -')]]"}
COMMAND: POST /session/be9a23df4294472c3cbe97a105488dd6/elements - {"using":"xpath","value":"//li[.//span[contains(text(),'555 -')]]"}
RESULT: {"using":"xpath","value":"//li[.//span[contains(text(),'555 -')]]"}
COMMAND: POST /session/be9a23df4294472c3cbe97a105488dd6/elements - {"using":"xpath","value":"//li[.//span[contains(text(),'555 -')]]"}
RESULT: {"using":"xpath","value":"//li[.//span[contains(text(),'555 -')]]"}
COMMAND: POST /session/be9a23df4294472c3cbe97a105488dd6/elements - {"using":"xpath","value":"//li[.//span[contains(text(),'555 -')]]"}
RESULT: {"using":"xpath","value":"//li[.//span[contains(text(),'555 -')]]"}
COMMAND: POST /session/be9a23df4294472c3cbe97a105488dd6/elements - {"using":"xpath","value":"//li[.//span[contains(text(),'555 -')]]"}
RESULT: {"using":"xpath","value":"//li[.//span[contains(text(),'555 -')]]"}
COMMAND: POST /session/be9a23df4294472c3cbe97a105488dd6/elements - {"using":"xpath","value":"//li[.//span[contains(text(),'555 -')]]"}
RESULT: {"using":"xpath","value":"//li[.//span[contains(text(),'555 -')]]"}
COMMAND: POST /session/be9a23df4294472c3cbe97a105488dd6/elements - {"using":"xpath","value":"//li[.//span[contains(text(),'555 -')]]"}
RESULT: {"using":"xpath","value":"//li[.//span[contains(text(),'555 -')]]"}
COMMAND: POST /session/be9a23df4294472c3cbe97a105488dd6/elements - {"using":"xpath","value":"//li[.//span[contains(text(),'555 -')]]"}
RESULT: {"using":"xpath","value":"//li[.//span[contains(text(),'555 -')]]"}
COMMAND: GET /session/be9a23df4294472c3cbe97a105488dd6/screenshot - {}
RESULT: {}
]]></system-out>
      <system-err><![CDATA[
Error: Can't call click on element with selector "//li[.//span[contains(text(),'555 -')]]" because element wasn't found
    at async UtilsPrerequisites.stockIncrease (D:\a\1\s\test\specs\BTS\prerequisites-and-utils-functions.js:1638:9)
    at async Context.<anonymous> (D:\a\1\s\test\specs\BTS\billing-calculation-transp-times.spec.js:57:9)
]]></system-err>
    </testcase>
    <testcase classname="chrome.136_0_7103_93.windows.Billing_Calculation_-_Time_based_(considering_transport_times)_US139738" name="Should create a new contract" time="59.938">
      <failure/>
      <error message="element (&quot;//button[@data-kt=&quot;addButton&quot;]&quot;) still not existing after 45000ms"/>
      <system-out><![CDATA[
COMMAND: POST /session/be9a23df4294472c3cbe97a105488dd6/execute/async - {"script":"<script> [1562 bytes]","args":[{"selector":{"controlType":"sap.m.GenericTile","properties":{"header":"Manage Contracts"}},"wdio_ui5_key":"sapm.GenericTile{\"header\":\"Manage Contracts\"}"}]}
COMMAND: GET /session/be9a23df4294472c3cbe97a105488dd6/screenshot - {}
RESULT: {"script":"<script> [1562 bytes]","args":[{"selector":{"controlType":"sap.m.GenericTile","properties":{"header":"Manage Contracts"}},"wdio_ui5_key":"sapm.GenericTile{\"header\":\"Manage Contracts\"}"}]}
RESULT: undefined
RESULT: {}
COMMAND: POST /session/be9a23df4294472c3cbe97a105488dd6/elements - {"using":"xpath","value":"//span[text()='Error']"}
RESULT: {"using":"xpath","value":"//span[text()='Error']"}
COMMAND: POST /session/be9a23df4294472c3cbe97a105488dd6/element - {"using":"xpath","value":"//button[@data-kt=\"addButton\"]"}
RESULT: {"using":"xpath","value":"//button[@data-kt=\"addButton\"]"}
COMMAND: POST /session/be9a23df4294472c3cbe97a105488dd6/elements - {"using":"xpath","value":"//button[@data-kt=\"addButton\"]"}
RESULT: {"using":"xpath","value":"//button[@data-kt=\"addButton\"]"}
COMMAND: POST /session/be9a23df4294472c3cbe97a105488dd6/elements - {"using":"xpath","value":"//button[@data-kt=\"addButton\"]"}
RESULT: {"using":"xpath","value":"//button[@data-kt=\"addButton\"]"}
COMMAND: POST /session/be9a23df4294472c3cbe97a105488dd6/elements - {"using":"xpath","value":"//button[@data-kt=\"addButton\"]"}
RESULT: {"using":"xpath","value":"//button[@data-kt=\"addButton\"]"}
COMMAND: POST /session/be9a23df4294472c3cbe97a105488dd6/elements - {"using":"xpath","value":"//button[@data-kt=\"addButton\"]"}
RESULT: {"using":"xpath","value":"//button[@data-kt=\"addButton\"]"}
COMMAND: POST /session/be9a23df4294472c3cbe97a105488dd6/elements - {"using":"xpath","value":"//button[@data-kt=\"addButton\"]"}
RESULT: {"using":"xpath","value":"//button[@data-kt=\"addButton\"]"}
COMMAND: POST /session/be9a23df4294472c3cbe97a105488dd6/elements - {"using":"xpath","value":"//button[@data-kt=\"addButton\"]"}
RESULT: {"using":"xpath","value":"//button[@data-kt=\"addButton\"]"}
COMMAND: POST /session/be9a23df4294472c3cbe97a105488dd6/elements - {"using":"xpath","value":"//button[@data-kt=\"addButton\"]"}
RESULT: {"using":"xpath","value":"//button[@data-kt=\"addButton\"]"}
COMMAND: POST /session/be9a23df4294472c3cbe97a105488dd6/elements - {"using":"xpath","value":"//button[@data-kt=\"addButton\"]"}
RESULT: {"using":"xpath","value":"//button[@data-kt=\"addButton\"]"}
COMMAND: POST /session/be9a23df4294472c3cbe97a105488dd6/elements - {"using":"xpath","value":"//button[@data-kt=\"addButton\"]"}
RESULT: {"using":"xpath","value":"//button[@data-kt=\"addButton\"]"}
COMMAND: POST /session/be9a23df4294472c3cbe97a105488dd6/elements - {"using":"xpath","value":"//button[@data-kt=\"addButton\"]"}
RESULT: {"using":"xpath","value":"//button[@data-kt=\"addButton\"]"}
COMMAND: POST /session/be9a23df4294472c3cbe97a105488dd6/elements - {"using":"xpath","value":"//button[@data-kt=\"addButton\"]"}
RESULT: {"using":"xpath","value":"//button[@data-kt=\"addButton\"]"}
COMMAND: POST /session/be9a23df4294472c3cbe97a105488dd6/elements - {"using":"xpath","value":"//button[@data-kt=\"addButton\"]"}
RESULT: {"using":"xpath","value":"//button[@data-kt=\"addButton\"]"}
COMMAND: POST /session/be9a23df4294472c3cbe97a105488dd6/elements - {"using":"xpath","value":"//button[@data-kt=\"addButton\"]"}
RESULT: {"using":"xpath","value":"//button[@data-kt=\"addButton\"]"}
COMMAND: POST /session/be9a23df4294472c3cbe97a105488dd6/elements - {"using":"xpath","value":"//button[@data-kt=\"addButton\"]"}
RESULT: {"using":"xpath","value":"//button[@data-kt=\"addButton\"]"}
COMMAND: POST /session/be9a23df4294472c3cbe97a105488dd6/elements - {"using":"xpath","value":"//button[@data-kt=\"addButton\"]"}
RESULT: {"using":"xpath","value":"//button[@data-kt=\"addButton\"]"}
COMMAND: POST /session/be9a23df4294472c3cbe97a105488dd6/elements - {"using":"xpath","value":"//button[@data-kt=\"addButton\"]"}
RESULT: {"using":"xpath","value":"//button[@data-kt=\"addButton\"]"}
COMMAND: POST /session/be9a23df4294472c3cbe97a105488dd6/elements - {"using":"xpath","value":"//button[@data-kt=\"addButton\"]"}
RESULT: {"using":"xpath","value":"//button[@data-kt=\"addButton\"]"}
COMMAND: POST /session/be9a23df4294472c3cbe97a105488dd6/elements - {"using":"xpath","value":"//button[@data-kt=\"addButton\"]"}
RESULT: {"using":"xpath","value":"//button[@data-kt=\"addButton\"]"}
COMMAND: POST /session/be9a23df4294472c3cbe97a105488dd6/elements - {"using":"xpath","value":"//button[@data-kt=\"addButton\"]"}
RESULT: {"using":"xpath","value":"//button[@data-kt=\"addButton\"]"}
COMMAND: POST /session/be9a23df4294472c3cbe97a105488dd6/elements - {"using":"xpath","value":"//button[@data-kt=\"addButton\"]"}
RESULT: {"using":"xpath","value":"//button[@data-kt=\"addButton\"]"}
COMMAND: POST /session/be9a23df4294472c3cbe97a105488dd6/elements - {"using":"xpath","value":"//button[@data-kt=\"addButton\"]"}
RESULT: {"using":"xpath","value":"//button[@data-kt=\"addButton\"]"}
COMMAND: POST /session/be9a23df4294472c3cbe97a105488dd6/elements - {"using":"xpath","value":"//button[@data-kt=\"addButton\"]"}
RESULT: {"using":"xpath","value":"//button[@data-kt=\"addButton\"]"}
COMMAND: POST /session/be9a23df4294472c3cbe97a105488dd6/elements - {"using":"xpath","value":"//button[@data-kt=\"addButton\"]"}
RESULT: {"using":"xpath","value":"//button[@data-kt=\"addButton\"]"}
COMMAND: POST /session/be9a23df4294472c3cbe97a105488dd6/elements - {"using":"xpath","value":"//button[@data-kt=\"addButton\"]"}
RESULT: {"using":"xpath","value":"//button[@data-kt=\"addButton\"]"}
COMMAND: POST /session/be9a23df4294472c3cbe97a105488dd6/elements - {"using":"xpath","value":"//button[@data-kt=\"addButton\"]"}
RESULT: {"using":"xpath","value":"//button[@data-kt=\"addButton\"]"}
COMMAND: POST /session/be9a23df4294472c3cbe97a105488dd6/elements - {"using":"xpath","value":"//button[@data-kt=\"addButton\"]"}
RESULT: {"using":"xpath","value":"//button[@data-kt=\"addButton\"]"}
COMMAND: POST /session/be9a23df4294472c3cbe97a105488dd6/elements - {"using":"xpath","value":"//button[@data-kt=\"addButton\"]"}
RESULT: {"using":"xpath","value":"//button[@data-kt=\"addButton\"]"}
COMMAND: POST /session/be9a23df4294472c3cbe97a105488dd6/elements - {"using":"xpath","value":"//button[@data-kt=\"addButton\"]"}
RESULT: {"using":"xpath","value":"//button[@data-kt=\"addButton\"]"}
COMMAND: POST /session/be9a23df4294472c3cbe97a105488dd6/elements - {"using":"xpath","value":"//button[@data-kt=\"addButton\"]"}
RESULT: {"using":"xpath","value":"//button[@data-kt=\"addButton\"]"}
COMMAND: POST /session/be9a23df4294472c3cbe97a105488dd6/elements - {"using":"xpath","value":"//button[@data-kt=\"addButton\"]"}
RESULT: {"using":"xpath","value":"//button[@data-kt=\"addButton\"]"}
COMMAND: POST /session/be9a23df4294472c3cbe97a105488dd6/elements - {"using":"xpath","value":"//button[@data-kt=\"addButton\"]"}
RESULT: {"using":"xpath","value":"//button[@data-kt=\"addButton\"]"}
COMMAND: POST /session/be9a23df4294472c3cbe97a105488dd6/elements - {"using":"xpath","value":"//button[@data-kt=\"addButton\"]"}
RESULT: {"using":"xpath","value":"//button[@data-kt=\"addButton\"]"}
COMMAND: POST /session/be9a23df4294472c3cbe97a105488dd6/elements - {"using":"xpath","value":"//button[@data-kt=\"addButton\"]"}
RESULT: {"using":"xpath","value":"//button[@data-kt=\"addButton\"]"}
COMMAND: POST /session/be9a23df4294472c3cbe97a105488dd6/elements - {"using":"xpath","value":"//button[@data-kt=\"addButton\"]"}
RESULT: {"using":"xpath","value":"//button[@data-kt=\"addButton\"]"}
COMMAND: POST /session/be9a23df4294472c3cbe97a105488dd6/elements - {"using":"xpath","value":"//button[@data-kt=\"addButton\"]"}
RESULT: {"using":"xpath","value":"//button[@data-kt=\"addButton\"]"}
COMMAND: POST /session/be9a23df4294472c3cbe97a105488dd6/elements - {"using":"xpath","value":"//button[@data-kt=\"addButton\"]"}
RESULT: {"using":"xpath","value":"//button[@data-kt=\"addButton\"]"}
COMMAND: POST /session/be9a23df4294472c3cbe97a105488dd6/elements - {"using":"xpath","value":"//button[@data-kt=\"addButton\"]"}
RESULT: {"using":"xpath","value":"//button[@data-kt=\"addButton\"]"}
COMMAND: POST /session/be9a23df4294472c3cbe97a105488dd6/elements - {"using":"xpath","value":"//button[@data-kt=\"addButton\"]"}
RESULT: {"using":"xpath","value":"//button[@data-kt=\"addButton\"]"}
COMMAND: POST /session/be9a23df4294472c3cbe97a105488dd6/elements - {"using":"xpath","value":"//button[@data-kt=\"addButton\"]"}
RESULT: {"using":"xpath","value":"//button[@data-kt=\"addButton\"]"}
COMMAND: POST /session/be9a23df4294472c3cbe97a105488dd6/elements - {"using":"xpath","value":"//button[@data-kt=\"addButton\"]"}
RESULT: {"using":"xpath","value":"//button[@data-kt=\"addButton\"]"}
COMMAND: POST /session/be9a23df4294472c3cbe97a105488dd6/elements - {"using":"xpath","value":"//button[@data-kt=\"addButton\"]"}
RESULT: {"using":"xpath","value":"//button[@data-kt=\"addButton\"]"}
COMMAND: POST /session/be9a23df4294472c3cbe97a105488dd6/elements - {"using":"xpath","value":"//button[@data-kt=\"addButton\"]"}
RESULT: {"using":"xpath","value":"//button[@data-kt=\"addButton\"]"}
COMMAND: POST /session/be9a23df4294472c3cbe97a105488dd6/elements - {"using":"xpath","value":"//button[@data-kt=\"addButton\"]"}
RESULT: {"using":"xpath","value":"//button[@data-kt=\"addButton\"]"}
COMMAND: POST /session/be9a23df4294472c3cbe97a105488dd6/elements - {"using":"xpath","value":"//button[@data-kt=\"addButton\"]"}
RESULT: {"using":"xpath","value":"//button[@data-kt=\"addButton\"]"}
COMMAND: POST /session/be9a23df4294472c3cbe97a105488dd6/elements - {"using":"xpath","value":"//button[@data-kt=\"addButton\"]"}
RESULT: {"using":"xpath","value":"//button[@data-kt=\"addButton\"]"}
COMMAND: POST /session/be9a23df4294472c3cbe97a105488dd6/elements - {"using":"xpath","value":"//button[@data-kt=\"addButton\"]"}
RESULT: {"using":"xpath","value":"//button[@data-kt=\"addButton\"]"}
COMMAND: POST /session/be9a23df4294472c3cbe97a105488dd6/elements - {"using":"xpath","value":"//button[@data-kt=\"addButton\"]"}
RESULT: {"using":"xpath","value":"//button[@data-kt=\"addButton\"]"}
COMMAND: POST /session/be9a23df4294472c3cbe97a105488dd6/elements - {"using":"xpath","value":"//button[@data-kt=\"addButton\"]"}
RESULT: {"using":"xpath","value":"//button[@data-kt=\"addButton\"]"}
COMMAND: POST /session/be9a23df4294472c3cbe97a105488dd6/elements - {"using":"xpath","value":"//button[@data-kt=\"addButton\"]"}
RESULT: {"using":"xpath","value":"//button[@data-kt=\"addButton\"]"}
COMMAND: POST /session/be9a23df4294472c3cbe97a105488dd6/elements - {"using":"xpath","value":"//button[@data-kt=\"addButton\"]"}
RESULT: {"using":"xpath","value":"//button[@data-kt=\"addButton\"]"}
COMMAND: POST /session/be9a23df4294472c3cbe97a105488dd6/elements - {"using":"xpath","value":"//button[@data-kt=\"addButton\"]"}
RESULT: {"using":"xpath","value":"//button[@data-kt=\"addButton\"]"}
COMMAND: POST /session/be9a23df4294472c3cbe97a105488dd6/elements - {"using":"xpath","value":"//button[@data-kt=\"addButton\"]"}
RESULT: {"using":"xpath","value":"//button[@data-kt=\"addButton\"]"}
COMMAND: POST /session/be9a23df4294472c3cbe97a105488dd6/elements - {"using":"xpath","value":"//button[@data-kt=\"addButton\"]"}
RESULT: {"using":"xpath","value":"//button[@data-kt=\"addButton\"]"}
COMMAND: POST /session/be9a23df4294472c3cbe97a105488dd6/elements - {"using":"xpath","value":"//button[@data-kt=\"addButton\"]"}
RESULT: {"using":"xpath","value":"//button[@data-kt=\"addButton\"]"}
COMMAND: POST /session/be9a23df4294472c3cbe97a105488dd6/elements - {"using":"xpath","value":"//button[@data-kt=\"addButton\"]"}
RESULT: {"using":"xpath","value":"//button[@data-kt=\"addButton\"]"}
COMMAND: POST /session/be9a23df4294472c3cbe97a105488dd6/elements - {"using":"xpath","value":"//button[@data-kt=\"addButton\"]"}
RESULT: {"using":"xpath","value":"//button[@data-kt=\"addButton\"]"}
COMMAND: POST /session/be9a23df4294472c3cbe97a105488dd6/elements - {"using":"xpath","value":"//button[@data-kt=\"addButton\"]"}
RESULT: {"using":"xpath","value":"//button[@data-kt=\"addButton\"]"}
COMMAND: POST /session/be9a23df4294472c3cbe97a105488dd6/elements - {"using":"xpath","value":"//button[@data-kt=\"addButton\"]"}
RESULT: {"using":"xpath","value":"//button[@data-kt=\"addButton\"]"}
COMMAND: POST /session/be9a23df4294472c3cbe97a105488dd6/elements - {"using":"xpath","value":"//button[@data-kt=\"addButton\"]"}
RESULT: {"using":"xpath","value":"//button[@data-kt=\"addButton\"]"}
COMMAND: POST /session/be9a23df4294472c3cbe97a105488dd6/elements - {"using":"xpath","value":"//button[@data-kt=\"addButton\"]"}
RESULT: {"using":"xpath","value":"//button[@data-kt=\"addButton\"]"}
COMMAND: POST /session/be9a23df4294472c3cbe97a105488dd6/elements - {"using":"xpath","value":"//button[@data-kt=\"addButton\"]"}
RESULT: {"using":"xpath","value":"//button[@data-kt=\"addButton\"]"}
COMMAND: POST /session/be9a23df4294472c3cbe97a105488dd6/elements - {"using":"xpath","value":"//button[@data-kt=\"addButton\"]"}
RESULT: {"using":"xpath","value":"//button[@data-kt=\"addButton\"]"}
COMMAND: POST /session/be9a23df4294472c3cbe97a105488dd6/elements - {"using":"xpath","value":"//button[@data-kt=\"addButton\"]"}
RESULT: {"using":"xpath","value":"//button[@data-kt=\"addButton\"]"}
COMMAND: POST /session/be9a23df4294472c3cbe97a105488dd6/elements - {"using":"xpath","value":"//button[@data-kt=\"addButton\"]"}
RESULT: {"using":"xpath","value":"//button[@data-kt=\"addButton\"]"}
COMMAND: POST /session/be9a23df4294472c3cbe97a105488dd6/elements - {"using":"xpath","value":"//button[@data-kt=\"addButton\"]"}
RESULT: {"using":"xpath","value":"//button[@data-kt=\"addButton\"]"}
COMMAND: POST /session/be9a23df4294472c3cbe97a105488dd6/elements - {"using":"xpath","value":"//button[@data-kt=\"addButton\"]"}
RESULT: {"using":"xpath","value":"//button[@data-kt=\"addButton\"]"}
COMMAND: POST /session/be9a23df4294472c3cbe97a105488dd6/elements - {"using":"xpath","value":"//button[@data-kt=\"addButton\"]"}
RESULT: {"using":"xpath","value":"//button[@data-kt=\"addButton\"]"}
COMMAND: POST /session/be9a23df4294472c3cbe97a105488dd6/elements - {"using":"xpath","value":"//button[@data-kt=\"addButton\"]"}
RESULT: {"using":"xpath","value":"//button[@data-kt=\"addButton\"]"}
COMMAND: POST /session/be9a23df4294472c3cbe97a105488dd6/elements - {"using":"xpath","value":"//button[@data-kt=\"addButton\"]"}
RESULT: {"using":"xpath","value":"//button[@data-kt=\"addButton\"]"}
COMMAND: POST /session/be9a23df4294472c3cbe97a105488dd6/elements - {"using":"xpath","value":"//button[@data-kt=\"addButton\"]"}
RESULT: {"using":"xpath","value":"//button[@data-kt=\"addButton\"]"}
COMMAND: POST /session/be9a23df4294472c3cbe97a105488dd6/elements - {"using":"xpath","value":"//button[@data-kt=\"addButton\"]"}
RESULT: {"using":"xpath","value":"//button[@data-kt=\"addButton\"]"}
COMMAND: POST /session/be9a23df4294472c3cbe97a105488dd6/elements - {"using":"xpath","value":"//button[@data-kt=\"addButton\"]"}
RESULT: {"using":"xpath","value":"//button[@data-kt=\"addButton\"]"}
COMMAND: POST /session/be9a23df4294472c3cbe97a105488dd6/elements - {"using":"xpath","value":"//button[@data-kt=\"addButton\"]"}
RESULT: {"using":"xpath","value":"//button[@data-kt=\"addButton\"]"}
COMMAND: POST /session/be9a23df4294472c3cbe97a105488dd6/elements - {"using":"xpath","value":"//button[@data-kt=\"addButton\"]"}
RESULT: {"using":"xpath","value":"//button[@data-kt=\"addButton\"]"}
COMMAND: POST /session/be9a23df4294472c3cbe97a105488dd6/elements - {"using":"xpath","value":"//button[@data-kt=\"addButton\"]"}
RESULT: {"using":"xpath","value":"//button[@data-kt=\"addButton\"]"}
COMMAND: POST /session/be9a23df4294472c3cbe97a105488dd6/elements - {"using":"xpath","value":"//button[@data-kt=\"addButton\"]"}
RESULT: {"using":"xpath","value":"//button[@data-kt=\"addButton\"]"}
COMMAND: POST /session/be9a23df4294472c3cbe97a105488dd6/elements - {"using":"xpath","value":"//button[@data-kt=\"addButton\"]"}
RESULT: {"using":"xpath","value":"//button[@data-kt=\"addButton\"]"}
COMMAND: POST /session/be9a23df4294472c3cbe97a105488dd6/elements - {"using":"xpath","value":"//button[@data-kt=\"addButton\"]"}
RESULT: {"using":"xpath","value":"//button[@data-kt=\"addButton\"]"}
COMMAND: POST /session/be9a23df4294472c3cbe97a105488dd6/elements - {"using":"xpath","value":"//button[@data-kt=\"addButton\"]"}
RESULT: {"using":"xpath","value":"//button[@data-kt=\"addButton\"]"}
COMMAND: POST /session/be9a23df4294472c3cbe97a105488dd6/elements - {"using":"xpath","value":"//button[@data-kt=\"addButton\"]"}
RESULT: {"using":"xpath","value":"//button[@data-kt=\"addButton\"]"}
COMMAND: POST /session/be9a23df4294472c3cbe97a105488dd6/elements - {"using":"xpath","value":"//button[@data-kt=\"addButton\"]"}
RESULT: {"using":"xpath","value":"//button[@data-kt=\"addButton\"]"}
COMMAND: POST /session/be9a23df4294472c3cbe97a105488dd6/elements - {"using":"xpath","value":"//button[@data-kt=\"addButton\"]"}
RESULT: {"using":"xpath","value":"//button[@data-kt=\"addButton\"]"}
COMMAND: POST /session/be9a23df4294472c3cbe97a105488dd6/elements - {"using":"xpath","value":"//button[@data-kt=\"addButton\"]"}
RESULT: {"using":"xpath","value":"//button[@data-kt=\"addButton\"]"}
COMMAND: POST /session/be9a23df4294472c3cbe97a105488dd6/elements - {"using":"xpath","value":"//button[@data-kt=\"addButton\"]"}
RESULT: {"using":"xpath","value":"//button[@data-kt=\"addButton\"]"}
COMMAND: POST /session/be9a23df4294472c3cbe97a105488dd6/elements - {"using":"xpath","value":"//button[@data-kt=\"addButton\"]"}
RESULT: {"using":"xpath","value":"//button[@data-kt=\"addButton\"]"}
COMMAND: POST /session/be9a23df4294472c3cbe97a105488dd6/elements - {"using":"xpath","value":"//button[@data-kt=\"addButton\"]"}
RESULT: {"using":"xpath","value":"//button[@data-kt=\"addButton\"]"}
COMMAND: POST /session/be9a23df4294472c3cbe97a105488dd6/elements - {"using":"xpath","value":"//button[@data-kt=\"addButton\"]"}
RESULT: {"using":"xpath","value":"//button[@data-kt=\"addButton\"]"}
COMMAND: POST /session/be9a23df4294472c3cbe97a105488dd6/elements - {"using":"xpath","value":"//button[@data-kt=\"addButton\"]"}
RESULT: {"using":"xpath","value":"//button[@data-kt=\"addButton\"]"}
COMMAND: POST /session/be9a23df4294472c3cbe97a105488dd6/elements - {"using":"xpath","value":"//button[@data-kt=\"addButton\"]"}
RESULT: {"using":"xpath","value":"//button[@data-kt=\"addButton\"]"}
COMMAND: POST /session/be9a23df4294472c3cbe97a105488dd6/elements - {"using":"xpath","value":"//button[@data-kt=\"addButton\"]"}
RESULT: {"using":"xpath","value":"//button[@data-kt=\"addButton\"]"}
COMMAND: GET /session/be9a23df4294472c3cbe97a105488dd6/screenshot - {}
RESULT: {}
]]></system-out>
      <system-err><![CDATA[
Error: element ("//button[@data-kt="addButton"]") still not existing after 45000ms
    at async UtilsPrerequisites.contractCreation (D:\a\1\s\test\specs\BTS\prerequisites-and-utils-functions.js:1741:9)
    at async Context.<anonymous> (D:\a\1\s\test\specs\BTS\billing-calculation-transp-times.spec.js:61:45)
]]></system-err>
    </testcase>
    <testcase classname="chrome.136_0_7103_93.windows.Billing_Calculation_-_Time_based_(considering_transport_times)_US139738" name="Should add transport time checkbox on contract details" time="60.574">
      <failure/>
      <error message="Can't call click on element with selector &quot;//button[@data-kt=&quot;contractDetailEditBtnButton&quot;]&quot; because element wasn't found"/>
      <system-out><![CDATA[
COMMAND: POST /session/be9a23df4294472c3cbe97a105488dd6/element - {"using":"xpath","value":"//button[@data-kt=\"contractDetailEditBtnButton\"]"}
COMMAND: GET /session/be9a23df4294472c3cbe97a105488dd6/screenshot - {}
RESULT: {"using":"xpath","value":"//button[@data-kt=\"contractDetailEditBtnButton\"]"}
COMMAND: POST /session/be9a23df4294472c3cbe97a105488dd6/elements - {"using":"xpath","value":"//button[@data-kt=\"contractDetailEditBtnButton\"]"}
RESULT: {}
RESULT: {"using":"xpath","value":"//button[@data-kt=\"contractDetailEditBtnButton\"]"}
COMMAND: POST /session/be9a23df4294472c3cbe97a105488dd6/elements - {"using":"xpath","value":"//button[@data-kt=\"contractDetailEditBtnButton\"]"}
RESULT: {"using":"xpath","value":"//button[@data-kt=\"contractDetailEditBtnButton\"]"}
COMMAND: POST /session/be9a23df4294472c3cbe97a105488dd6/elements - {"using":"xpath","value":"//button[@data-kt=\"contractDetailEditBtnButton\"]"}
RESULT: {"using":"xpath","value":"//button[@data-kt=\"contractDetailEditBtnButton\"]"}
COMMAND: POST /session/be9a23df4294472c3cbe97a105488dd6/elements - {"using":"xpath","value":"//button[@data-kt=\"contractDetailEditBtnButton\"]"}
RESULT: {"using":"xpath","value":"//button[@data-kt=\"contractDetailEditBtnButton\"]"}
COMMAND: POST /session/be9a23df4294472c3cbe97a105488dd6/elements - {"using":"xpath","value":"//button[@data-kt=\"contractDetailEditBtnButton\"]"}
RESULT: {"using":"xpath","value":"//button[@data-kt=\"contractDetailEditBtnButton\"]"}
COMMAND: POST /session/be9a23df4294472c3cbe97a105488dd6/elements - {"using":"xpath","value":"//button[@data-kt=\"contractDetailEditBtnButton\"]"}
RESULT: {"using":"xpath","value":"//button[@data-kt=\"contractDetailEditBtnButton\"]"}
COMMAND: POST /session/be9a23df4294472c3cbe97a105488dd6/elements - {"using":"xpath","value":"//button[@data-kt=\"contractDetailEditBtnButton\"]"}
RESULT: {"using":"xpath","value":"//button[@data-kt=\"contractDetailEditBtnButton\"]"}
COMMAND: POST /session/be9a23df4294472c3cbe97a105488dd6/elements - {"using":"xpath","value":"//button[@data-kt=\"contractDetailEditBtnButton\"]"}
RESULT: {"using":"xpath","value":"//button[@data-kt=\"contractDetailEditBtnButton\"]"}
COMMAND: POST /session/be9a23df4294472c3cbe97a105488dd6/elements - {"using":"xpath","value":"//button[@data-kt=\"contractDetailEditBtnButton\"]"}
RESULT: {"using":"xpath","value":"//button[@data-kt=\"contractDetailEditBtnButton\"]"}
COMMAND: POST /session/be9a23df4294472c3cbe97a105488dd6/elements - {"using":"xpath","value":"//button[@data-kt=\"contractDetailEditBtnButton\"]"}
RESULT: {"using":"xpath","value":"//button[@data-kt=\"contractDetailEditBtnButton\"]"}
COMMAND: POST /session/be9a23df4294472c3cbe97a105488dd6/elements - {"using":"xpath","value":"//button[@data-kt=\"contractDetailEditBtnButton\"]"}
RESULT: {"using":"xpath","value":"//button[@data-kt=\"contractDetailEditBtnButton\"]"}
COMMAND: POST /session/be9a23df4294472c3cbe97a105488dd6/elements - {"using":"xpath","value":"//button[@data-kt=\"contractDetailEditBtnButton\"]"}
RESULT: {"using":"xpath","value":"//button[@data-kt=\"contractDetailEditBtnButton\"]"}
COMMAND: POST /session/be9a23df4294472c3cbe97a105488dd6/elements - {"using":"xpath","value":"//button[@data-kt=\"contractDetailEditBtnButton\"]"}
RESULT: {"using":"xpath","value":"//button[@data-kt=\"contractDetailEditBtnButton\"]"}
COMMAND: POST /session/be9a23df4294472c3cbe97a105488dd6/elements - {"using":"xpath","value":"//button[@data-kt=\"contractDetailEditBtnButton\"]"}
RESULT: {"using":"xpath","value":"//button[@data-kt=\"contractDetailEditBtnButton\"]"}
COMMAND: POST /session/be9a23df4294472c3cbe97a105488dd6/elements - {"using":"xpath","value":"//button[@data-kt=\"contractDetailEditBtnButton\"]"}
RESULT: {"using":"xpath","value":"//button[@data-kt=\"contractDetailEditBtnButton\"]"}
COMMAND: POST /session/be9a23df4294472c3cbe97a105488dd6/elements - {"using":"xpath","value":"//button[@data-kt=\"contractDetailEditBtnButton\"]"}
RESULT: {"using":"xpath","value":"//button[@data-kt=\"contractDetailEditBtnButton\"]"}
COMMAND: POST /session/be9a23df4294472c3cbe97a105488dd6/elements - {"using":"xpath","value":"//button[@data-kt=\"contractDetailEditBtnButton\"]"}
RESULT: {"using":"xpath","value":"//button[@data-kt=\"contractDetailEditBtnButton\"]"}
COMMAND: POST /session/be9a23df4294472c3cbe97a105488dd6/elements - {"using":"xpath","value":"//button[@data-kt=\"contractDetailEditBtnButton\"]"}
RESULT: {"using":"xpath","value":"//button[@data-kt=\"contractDetailEditBtnButton\"]"}
COMMAND: POST /session/be9a23df4294472c3cbe97a105488dd6/elements - {"using":"xpath","value":"//button[@data-kt=\"contractDetailEditBtnButton\"]"}
RESULT: {"using":"xpath","value":"//button[@data-kt=\"contractDetailEditBtnButton\"]"}
COMMAND: POST /session/be9a23df4294472c3cbe97a105488dd6/elements - {"using":"xpath","value":"//button[@data-kt=\"contractDetailEditBtnButton\"]"}
RESULT: {"using":"xpath","value":"//button[@data-kt=\"contractDetailEditBtnButton\"]"}
COMMAND: POST /session/be9a23df4294472c3cbe97a105488dd6/elements - {"using":"xpath","value":"//button[@data-kt=\"contractDetailEditBtnButton\"]"}
RESULT: {"using":"xpath","value":"//button[@data-kt=\"contractDetailEditBtnButton\"]"}
COMMAND: POST /session/be9a23df4294472c3cbe97a105488dd6/elements - {"using":"xpath","value":"//button[@data-kt=\"contractDetailEditBtnButton\"]"}
RESULT: {"using":"xpath","value":"//button[@data-kt=\"contractDetailEditBtnButton\"]"}
COMMAND: POST /session/be9a23df4294472c3cbe97a105488dd6/elements - {"using":"xpath","value":"//button[@data-kt=\"contractDetailEditBtnButton\"]"}
RESULT: {"using":"xpath","value":"//button[@data-kt=\"contractDetailEditBtnButton\"]"}
COMMAND: POST /session/be9a23df4294472c3cbe97a105488dd6/elements - {"using":"xpath","value":"//button[@data-kt=\"contractDetailEditBtnButton\"]"}
RESULT: {"using":"xpath","value":"//button[@data-kt=\"contractDetailEditBtnButton\"]"}
COMMAND: POST /session/be9a23df4294472c3cbe97a105488dd6/elements - {"using":"xpath","value":"//button[@data-kt=\"contractDetailEditBtnButton\"]"}
RESULT: {"using":"xpath","value":"//button[@data-kt=\"contractDetailEditBtnButton\"]"}
COMMAND: POST /session/be9a23df4294472c3cbe97a105488dd6/elements - {"using":"xpath","value":"//button[@data-kt=\"contractDetailEditBtnButton\"]"}
RESULT: {"using":"xpath","value":"//button[@data-kt=\"contractDetailEditBtnButton\"]"}
COMMAND: POST /session/be9a23df4294472c3cbe97a105488dd6/elements - {"using":"xpath","value":"//button[@data-kt=\"contractDetailEditBtnButton\"]"}
RESULT: {"using":"xpath","value":"//button[@data-kt=\"contractDetailEditBtnButton\"]"}
COMMAND: POST /session/be9a23df4294472c3cbe97a105488dd6/elements - {"using":"xpath","value":"//button[@data-kt=\"contractDetailEditBtnButton\"]"}
RESULT: {"using":"xpath","value":"//button[@data-kt=\"contractDetailEditBtnButton\"]"}
COMMAND: POST /session/be9a23df4294472c3cbe97a105488dd6/elements - {"using":"xpath","value":"//button[@data-kt=\"contractDetailEditBtnButton\"]"}
RESULT: {"using":"xpath","value":"//button[@data-kt=\"contractDetailEditBtnButton\"]"}
COMMAND: POST /session/be9a23df4294472c3cbe97a105488dd6/elements - {"using":"xpath","value":"//button[@data-kt=\"contractDetailEditBtnButton\"]"}
RESULT: {"using":"xpath","value":"//button[@data-kt=\"contractDetailEditBtnButton\"]"}
COMMAND: POST /session/be9a23df4294472c3cbe97a105488dd6/elements - {"using":"xpath","value":"//button[@data-kt=\"contractDetailEditBtnButton\"]"}
RESULT: {"using":"xpath","value":"//button[@data-kt=\"contractDetailEditBtnButton\"]"}
COMMAND: POST /session/be9a23df4294472c3cbe97a105488dd6/elements - {"using":"xpath","value":"//button[@data-kt=\"contractDetailEditBtnButton\"]"}
RESULT: {"using":"xpath","value":"//button[@data-kt=\"contractDetailEditBtnButton\"]"}
COMMAND: POST /session/be9a23df4294472c3cbe97a105488dd6/elements - {"using":"xpath","value":"//button[@data-kt=\"contractDetailEditBtnButton\"]"}
RESULT: {"using":"xpath","value":"//button[@data-kt=\"contractDetailEditBtnButton\"]"}
COMMAND: POST /session/be9a23df4294472c3cbe97a105488dd6/elements - {"using":"xpath","value":"//button[@data-kt=\"contractDetailEditBtnButton\"]"}
RESULT: {"using":"xpath","value":"//button[@data-kt=\"contractDetailEditBtnButton\"]"}
COMMAND: POST /session/be9a23df4294472c3cbe97a105488dd6/elements - {"using":"xpath","value":"//button[@data-kt=\"contractDetailEditBtnButton\"]"}
RESULT: {"using":"xpath","value":"//button[@data-kt=\"contractDetailEditBtnButton\"]"}
COMMAND: POST /session/be9a23df4294472c3cbe97a105488dd6/elements - {"using":"xpath","value":"//button[@data-kt=\"contractDetailEditBtnButton\"]"}
RESULT: {"using":"xpath","value":"//button[@data-kt=\"contractDetailEditBtnButton\"]"}
COMMAND: POST /session/be9a23df4294472c3cbe97a105488dd6/elements - {"using":"xpath","value":"//button[@data-kt=\"contractDetailEditBtnButton\"]"}
RESULT: {"using":"xpath","value":"//button[@data-kt=\"contractDetailEditBtnButton\"]"}
COMMAND: POST /session/be9a23df4294472c3cbe97a105488dd6/elements - {"using":"xpath","value":"//button[@data-kt=\"contractDetailEditBtnButton\"]"}
RESULT: {"using":"xpath","value":"//button[@data-kt=\"contractDetailEditBtnButton\"]"}
COMMAND: POST /session/be9a23df4294472c3cbe97a105488dd6/elements - {"using":"xpath","value":"//button[@data-kt=\"contractDetailEditBtnButton\"]"}
RESULT: {"using":"xpath","value":"//button[@data-kt=\"contractDetailEditBtnButton\"]"}
COMMAND: POST /session/be9a23df4294472c3cbe97a105488dd6/elements - {"using":"xpath","value":"//button[@data-kt=\"contractDetailEditBtnButton\"]"}
RESULT: {"using":"xpath","value":"//button[@data-kt=\"contractDetailEditBtnButton\"]"}
COMMAND: POST /session/be9a23df4294472c3cbe97a105488dd6/elements - {"using":"xpath","value":"//button[@data-kt=\"contractDetailEditBtnButton\"]"}
RESULT: {"using":"xpath","value":"//button[@data-kt=\"contractDetailEditBtnButton\"]"}
COMMAND: POST /session/be9a23df4294472c3cbe97a105488dd6/elements - {"using":"xpath","value":"//button[@data-kt=\"contractDetailEditBtnButton\"]"}
RESULT: {"using":"xpath","value":"//button[@data-kt=\"contractDetailEditBtnButton\"]"}
COMMAND: POST /session/be9a23df4294472c3cbe97a105488dd6/elements - {"using":"xpath","value":"//button[@data-kt=\"contractDetailEditBtnButton\"]"}
RESULT: {"using":"xpath","value":"//button[@data-kt=\"contractDetailEditBtnButton\"]"}
COMMAND: POST /session/be9a23df4294472c3cbe97a105488dd6/elements - {"using":"xpath","value":"//button[@data-kt=\"contractDetailEditBtnButton\"]"}
RESULT: {"using":"xpath","value":"//button[@data-kt=\"contractDetailEditBtnButton\"]"}
COMMAND: POST /session/be9a23df4294472c3cbe97a105488dd6/elements - {"using":"xpath","value":"//button[@data-kt=\"contractDetailEditBtnButton\"]"}
RESULT: {"using":"xpath","value":"//button[@data-kt=\"contractDetailEditBtnButton\"]"}
COMMAND: POST /session/be9a23df4294472c3cbe97a105488dd6/elements - {"using":"xpath","value":"//button[@data-kt=\"contractDetailEditBtnButton\"]"}
RESULT: {"using":"xpath","value":"//button[@data-kt=\"contractDetailEditBtnButton\"]"}
COMMAND: POST /session/be9a23df4294472c3cbe97a105488dd6/elements - {"using":"xpath","value":"//button[@data-kt=\"contractDetailEditBtnButton\"]"}
RESULT: {"using":"xpath","value":"//button[@data-kt=\"contractDetailEditBtnButton\"]"}
COMMAND: POST /session/be9a23df4294472c3cbe97a105488dd6/elements - {"using":"xpath","value":"//button[@data-kt=\"contractDetailEditBtnButton\"]"}
RESULT: {"using":"xpath","value":"//button[@data-kt=\"contractDetailEditBtnButton\"]"}
COMMAND: POST /session/be9a23df4294472c3cbe97a105488dd6/elements - {"using":"xpath","value":"//button[@data-kt=\"contractDetailEditBtnButton\"]"}
RESULT: {"using":"xpath","value":"//button[@data-kt=\"contractDetailEditBtnButton\"]"}
COMMAND: POST /session/be9a23df4294472c3cbe97a105488dd6/elements - {"using":"xpath","value":"//button[@data-kt=\"contractDetailEditBtnButton\"]"}
RESULT: {"using":"xpath","value":"//button[@data-kt=\"contractDetailEditBtnButton\"]"}
COMMAND: POST /session/be9a23df4294472c3cbe97a105488dd6/elements - {"using":"xpath","value":"//button[@data-kt=\"contractDetailEditBtnButton\"]"}
RESULT: {"using":"xpath","value":"//button[@data-kt=\"contractDetailEditBtnButton\"]"}
COMMAND: POST /session/be9a23df4294472c3cbe97a105488dd6/elements - {"using":"xpath","value":"//button[@data-kt=\"contractDetailEditBtnButton\"]"}
RESULT: {"using":"xpath","value":"//button[@data-kt=\"contractDetailEditBtnButton\"]"}
COMMAND: POST /session/be9a23df4294472c3cbe97a105488dd6/elements - {"using":"xpath","value":"//button[@data-kt=\"contractDetailEditBtnButton\"]"}
RESULT: {"using":"xpath","value":"//button[@data-kt=\"contractDetailEditBtnButton\"]"}
COMMAND: POST /session/be9a23df4294472c3cbe97a105488dd6/elements - {"using":"xpath","value":"//button[@data-kt=\"contractDetailEditBtnButton\"]"}
RESULT: {"using":"xpath","value":"//button[@data-kt=\"contractDetailEditBtnButton\"]"}
COMMAND: POST /session/be9a23df4294472c3cbe97a105488dd6/elements - {"using":"xpath","value":"//button[@data-kt=\"contractDetailEditBtnButton\"]"}
RESULT: {"using":"xpath","value":"//button[@data-kt=\"contractDetailEditBtnButton\"]"}
COMMAND: POST /session/be9a23df4294472c3cbe97a105488dd6/elements - {"using":"xpath","value":"//button[@data-kt=\"contractDetailEditBtnButton\"]"}
RESULT: {"using":"xpath","value":"//button[@data-kt=\"contractDetailEditBtnButton\"]"}
COMMAND: POST /session/be9a23df4294472c3cbe97a105488dd6/elements - {"using":"xpath","value":"//button[@data-kt=\"contractDetailEditBtnButton\"]"}
RESULT: {"using":"xpath","value":"//button[@data-kt=\"contractDetailEditBtnButton\"]"}
COMMAND: POST /session/be9a23df4294472c3cbe97a105488dd6/elements - {"using":"xpath","value":"//button[@data-kt=\"contractDetailEditBtnButton\"]"}
RESULT: {"using":"xpath","value":"//button[@data-kt=\"contractDetailEditBtnButton\"]"}
COMMAND: POST /session/be9a23df4294472c3cbe97a105488dd6/elements - {"using":"xpath","value":"//button[@data-kt=\"contractDetailEditBtnButton\"]"}
RESULT: {"using":"xpath","value":"//button[@data-kt=\"contractDetailEditBtnButton\"]"}
COMMAND: POST /session/be9a23df4294472c3cbe97a105488dd6/elements - {"using":"xpath","value":"//button[@data-kt=\"contractDetailEditBtnButton\"]"}
RESULT: {"using":"xpath","value":"//button[@data-kt=\"contractDetailEditBtnButton\"]"}
COMMAND: POST /session/be9a23df4294472c3cbe97a105488dd6/elements - {"using":"xpath","value":"//button[@data-kt=\"contractDetailEditBtnButton\"]"}
RESULT: {"using":"xpath","value":"//button[@data-kt=\"contractDetailEditBtnButton\"]"}
COMMAND: POST /session/be9a23df4294472c3cbe97a105488dd6/elements - {"using":"xpath","value":"//button[@data-kt=\"contractDetailEditBtnButton\"]"}
RESULT: {"using":"xpath","value":"//button[@data-kt=\"contractDetailEditBtnButton\"]"}
COMMAND: POST /session/be9a23df4294472c3cbe97a105488dd6/elements - {"using":"xpath","value":"//button[@data-kt=\"contractDetailEditBtnButton\"]"}
RESULT: {"using":"xpath","value":"//button[@data-kt=\"contractDetailEditBtnButton\"]"}
COMMAND: POST /session/be9a23df4294472c3cbe97a105488dd6/elements - {"using":"xpath","value":"//button[@data-kt=\"contractDetailEditBtnButton\"]"}
RESULT: {"using":"xpath","value":"//button[@data-kt=\"contractDetailEditBtnButton\"]"}
COMMAND: POST /session/be9a23df4294472c3cbe97a105488dd6/elements - {"using":"xpath","value":"//button[@data-kt=\"contractDetailEditBtnButton\"]"}
RESULT: {"using":"xpath","value":"//button[@data-kt=\"contractDetailEditBtnButton\"]"}
COMMAND: POST /session/be9a23df4294472c3cbe97a105488dd6/elements - {"using":"xpath","value":"//button[@data-kt=\"contractDetailEditBtnButton\"]"}
RESULT: {"using":"xpath","value":"//button[@data-kt=\"contractDetailEditBtnButton\"]"}
COMMAND: POST /session/be9a23df4294472c3cbe97a105488dd6/elements - {"using":"xpath","value":"//button[@data-kt=\"contractDetailEditBtnButton\"]"}
RESULT: {"using":"xpath","value":"//button[@data-kt=\"contractDetailEditBtnButton\"]"}
COMMAND: POST /session/be9a23df4294472c3cbe97a105488dd6/elements - {"using":"xpath","value":"//button[@data-kt=\"contractDetailEditBtnButton\"]"}
RESULT: {"using":"xpath","value":"//button[@data-kt=\"contractDetailEditBtnButton\"]"}
COMMAND: POST /session/be9a23df4294472c3cbe97a105488dd6/elements - {"using":"xpath","value":"//button[@data-kt=\"contractDetailEditBtnButton\"]"}
RESULT: {"using":"xpath","value":"//button[@data-kt=\"contractDetailEditBtnButton\"]"}
COMMAND: POST /session/be9a23df4294472c3cbe97a105488dd6/elements - {"using":"xpath","value":"//button[@data-kt=\"contractDetailEditBtnButton\"]"}
RESULT: {"using":"xpath","value":"//button[@data-kt=\"contractDetailEditBtnButton\"]"}
COMMAND: POST /session/be9a23df4294472c3cbe97a105488dd6/elements - {"using":"xpath","value":"//button[@data-kt=\"contractDetailEditBtnButton\"]"}
RESULT: {"using":"xpath","value":"//button[@data-kt=\"contractDetailEditBtnButton\"]"}
COMMAND: POST /session/be9a23df4294472c3cbe97a105488dd6/elements - {"using":"xpath","value":"//button[@data-kt=\"contractDetailEditBtnButton\"]"}
RESULT: {"using":"xpath","value":"//button[@data-kt=\"contractDetailEditBtnButton\"]"}
COMMAND: POST /session/be9a23df4294472c3cbe97a105488dd6/elements - {"using":"xpath","value":"//button[@data-kt=\"contractDetailEditBtnButton\"]"}
RESULT: {"using":"xpath","value":"//button[@data-kt=\"contractDetailEditBtnButton\"]"}
COMMAND: POST /session/be9a23df4294472c3cbe97a105488dd6/elements - {"using":"xpath","value":"//button[@data-kt=\"contractDetailEditBtnButton\"]"}
RESULT: {"using":"xpath","value":"//button[@data-kt=\"contractDetailEditBtnButton\"]"}
COMMAND: POST /session/be9a23df4294472c3cbe97a105488dd6/elements - {"using":"xpath","value":"//button[@data-kt=\"contractDetailEditBtnButton\"]"}
RESULT: {"using":"xpath","value":"//button[@data-kt=\"contractDetailEditBtnButton\"]"}
COMMAND: POST /session/be9a23df4294472c3cbe97a105488dd6/elements - {"using":"xpath","value":"//button[@data-kt=\"contractDetailEditBtnButton\"]"}
RESULT: {"using":"xpath","value":"//button[@data-kt=\"contractDetailEditBtnButton\"]"}
COMMAND: POST /session/be9a23df4294472c3cbe97a105488dd6/elements - {"using":"xpath","value":"//button[@data-kt=\"contractDetailEditBtnButton\"]"}
RESULT: {"using":"xpath","value":"//button[@data-kt=\"contractDetailEditBtnButton\"]"}
COMMAND: POST /session/be9a23df4294472c3cbe97a105488dd6/elements - {"using":"xpath","value":"//button[@data-kt=\"contractDetailEditBtnButton\"]"}
RESULT: {"using":"xpath","value":"//button[@data-kt=\"contractDetailEditBtnButton\"]"}
COMMAND: POST /session/be9a23df4294472c3cbe97a105488dd6/elements - {"using":"xpath","value":"//button[@data-kt=\"contractDetailEditBtnButton\"]"}
RESULT: {"using":"xpath","value":"//button[@data-kt=\"contractDetailEditBtnButton\"]"}
COMMAND: POST /session/be9a23df4294472c3cbe97a105488dd6/elements - {"using":"xpath","value":"//button[@data-kt=\"contractDetailEditBtnButton\"]"}
RESULT: {"using":"xpath","value":"//button[@data-kt=\"contractDetailEditBtnButton\"]"}
COMMAND: POST /session/be9a23df4294472c3cbe97a105488dd6/elements - {"using":"xpath","value":"//button[@data-kt=\"contractDetailEditBtnButton\"]"}
RESULT: {"using":"xpath","value":"//button[@data-kt=\"contractDetailEditBtnButton\"]"}
COMMAND: POST /session/be9a23df4294472c3cbe97a105488dd6/elements - {"using":"xpath","value":"//button[@data-kt=\"contractDetailEditBtnButton\"]"}
RESULT: {"using":"xpath","value":"//button[@data-kt=\"contractDetailEditBtnButton\"]"}
COMMAND: POST /session/be9a23df4294472c3cbe97a105488dd6/elements - {"using":"xpath","value":"//button[@data-kt=\"contractDetailEditBtnButton\"]"}
RESULT: {"using":"xpath","value":"//button[@data-kt=\"contractDetailEditBtnButton\"]"}
COMMAND: POST /session/be9a23df4294472c3cbe97a105488dd6/elements - {"using":"xpath","value":"//button[@data-kt=\"contractDetailEditBtnButton\"]"}
RESULT: {"using":"xpath","value":"//button[@data-kt=\"contractDetailEditBtnButton\"]"}
COMMAND: POST /session/be9a23df4294472c3cbe97a105488dd6/elements - {"using":"xpath","value":"//button[@data-kt=\"contractDetailEditBtnButton\"]"}
RESULT: {"using":"xpath","value":"//button[@data-kt=\"contractDetailEditBtnButton\"]"}
COMMAND: POST /session/be9a23df4294472c3cbe97a105488dd6/elements - {"using":"xpath","value":"//button[@data-kt=\"contractDetailEditBtnButton\"]"}
RESULT: {"using":"xpath","value":"//button[@data-kt=\"contractDetailEditBtnButton\"]"}
COMMAND: POST /session/be9a23df4294472c3cbe97a105488dd6/elements - {"using":"xpath","value":"//button[@data-kt=\"contractDetailEditBtnButton\"]"}
RESULT: {"using":"xpath","value":"//button[@data-kt=\"contractDetailEditBtnButton\"]"}
COMMAND: POST /session/be9a23df4294472c3cbe97a105488dd6/elements - {"using":"xpath","value":"//button[@data-kt=\"contractDetailEditBtnButton\"]"}
RESULT: {"using":"xpath","value":"//button[@data-kt=\"contractDetailEditBtnButton\"]"}
COMMAND: POST /session/be9a23df4294472c3cbe97a105488dd6/elements - {"using":"xpath","value":"//button[@data-kt=\"contractDetailEditBtnButton\"]"}
RESULT: {"using":"xpath","value":"//button[@data-kt=\"contractDetailEditBtnButton\"]"}
COMMAND: POST /session/be9a23df4294472c3cbe97a105488dd6/elements - {"using":"xpath","value":"//button[@data-kt=\"contractDetailEditBtnButton\"]"}
RESULT: {"using":"xpath","value":"//button[@data-kt=\"contractDetailEditBtnButton\"]"}
COMMAND: POST /session/be9a23df4294472c3cbe97a105488dd6/elements - {"using":"xpath","value":"//button[@data-kt=\"contractDetailEditBtnButton\"]"}
RESULT: {"using":"xpath","value":"//button[@data-kt=\"contractDetailEditBtnButton\"]"}
COMMAND: POST /session/be9a23df4294472c3cbe97a105488dd6/elements - {"using":"xpath","value":"//button[@data-kt=\"contractDetailEditBtnButton\"]"}
RESULT: {"using":"xpath","value":"//button[@data-kt=\"contractDetailEditBtnButton\"]"}
COMMAND: POST /session/be9a23df4294472c3cbe97a105488dd6/elements - {"using":"xpath","value":"//button[@data-kt=\"contractDetailEditBtnButton\"]"}
RESULT: {"using":"xpath","value":"//button[@data-kt=\"contractDetailEditBtnButton\"]"}
COMMAND: POST /session/be9a23df4294472c3cbe97a105488dd6/elements - {"using":"xpath","value":"//button[@data-kt=\"contractDetailEditBtnButton\"]"}
RESULT: {"using":"xpath","value":"//button[@data-kt=\"contractDetailEditBtnButton\"]"}
COMMAND: POST /session/be9a23df4294472c3cbe97a105488dd6/elements - {"using":"xpath","value":"//button[@data-kt=\"contractDetailEditBtnButton\"]"}
RESULT: {"using":"xpath","value":"//button[@data-kt=\"contractDetailEditBtnButton\"]"}
COMMAND: POST /session/be9a23df4294472c3cbe97a105488dd6/elements - {"using":"xpath","value":"//button[@data-kt=\"contractDetailEditBtnButton\"]"}
RESULT: {"using":"xpath","value":"//button[@data-kt=\"contractDetailEditBtnButton\"]"}
COMMAND: POST /session/be9a23df4294472c3cbe97a105488dd6/elements - {"using":"xpath","value":"//button[@data-kt=\"contractDetailEditBtnButton\"]"}
RESULT: {"using":"xpath","value":"//button[@data-kt=\"contractDetailEditBtnButton\"]"}
COMMAND: POST /session/be9a23df4294472c3cbe97a105488dd6/elements - {"using":"xpath","value":"//button[@data-kt=\"contractDetailEditBtnButton\"]"}
RESULT: {"using":"xpath","value":"//button[@data-kt=\"contractDetailEditBtnButton\"]"}
COMMAND: POST /session/be9a23df4294472c3cbe97a105488dd6/elements - {"using":"xpath","value":"//button[@data-kt=\"contractDetailEditBtnButton\"]"}
RESULT: {"using":"xpath","value":"//button[@data-kt=\"contractDetailEditBtnButton\"]"}
COMMAND: POST /session/be9a23df4294472c3cbe97a105488dd6/elements - {"using":"xpath","value":"//button[@data-kt=\"contractDetailEditBtnButton\"]"}
RESULT: {"using":"xpath","value":"//button[@data-kt=\"contractDetailEditBtnButton\"]"}
COMMAND: POST /session/be9a23df4294472c3cbe97a105488dd6/elements - {"using":"xpath","value":"//button[@data-kt=\"contractDetailEditBtnButton\"]"}
RESULT: {"using":"xpath","value":"//button[@data-kt=\"contractDetailEditBtnButton\"]"}
COMMAND: POST /session/be9a23df4294472c3cbe97a105488dd6/elements - {"using":"xpath","value":"//button[@data-kt=\"contractDetailEditBtnButton\"]"}
RESULT: {"using":"xpath","value":"//button[@data-kt=\"contractDetailEditBtnButton\"]"}
COMMAND: POST /session/be9a23df4294472c3cbe97a105488dd6/elements - {"using":"xpath","value":"//button[@data-kt=\"contractDetailEditBtnButton\"]"}
RESULT: {"using":"xpath","value":"//button[@data-kt=\"contractDetailEditBtnButton\"]"}
COMMAND: POST /session/be9a23df4294472c3cbe97a105488dd6/elements - {"using":"xpath","value":"//button[@data-kt=\"contractDetailEditBtnButton\"]"}
RESULT: {"using":"xpath","value":"//button[@data-kt=\"contractDetailEditBtnButton\"]"}
COMMAND: POST /session/be9a23df4294472c3cbe97a105488dd6/elements - {"using":"xpath","value":"//button[@data-kt=\"contractDetailEditBtnButton\"]"}
RESULT: {"using":"xpath","value":"//button[@data-kt=\"contractDetailEditBtnButton\"]"}
COMMAND: POST /session/be9a23df4294472c3cbe97a105488dd6/elements - {"using":"xpath","value":"//button[@data-kt=\"contractDetailEditBtnButton\"]"}
RESULT: {"using":"xpath","value":"//button[@data-kt=\"contractDetailEditBtnButton\"]"}
COMMAND: POST /session/be9a23df4294472c3cbe97a105488dd6/elements - {"using":"xpath","value":"//button[@data-kt=\"contractDetailEditBtnButton\"]"}
RESULT: {"using":"xpath","value":"//button[@data-kt=\"contractDetailEditBtnButton\"]"}
COMMAND: POST /session/be9a23df4294472c3cbe97a105488dd6/elements - {"using":"xpath","value":"//button[@data-kt=\"contractDetailEditBtnButton\"]"}
RESULT: {"using":"xpath","value":"//button[@data-kt=\"contractDetailEditBtnButton\"]"}
COMMAND: POST /session/be9a23df4294472c3cbe97a105488dd6/elements - {"using":"xpath","value":"//button[@data-kt=\"contractDetailEditBtnButton\"]"}
RESULT: {"using":"xpath","value":"//button[@data-kt=\"contractDetailEditBtnButton\"]"}
COMMAND: POST /session/be9a23df4294472c3cbe97a105488dd6/elements - {"using":"xpath","value":"//button[@data-kt=\"contractDetailEditBtnButton\"]"}
RESULT: {"using":"xpath","value":"//button[@data-kt=\"contractDetailEditBtnButton\"]"}
COMMAND: POST /session/be9a23df4294472c3cbe97a105488dd6/elements - {"using":"xpath","value":"//button[@data-kt=\"contractDetailEditBtnButton\"]"}
RESULT: {"using":"xpath","value":"//button[@data-kt=\"contractDetailEditBtnButton\"]"}
COMMAND: POST /session/be9a23df4294472c3cbe97a105488dd6/elements - {"using":"xpath","value":"//button[@data-kt=\"contractDetailEditBtnButton\"]"}
RESULT: {"using":"xpath","value":"//button[@data-kt=\"contractDetailEditBtnButton\"]"}
COMMAND: POST /session/be9a23df4294472c3cbe97a105488dd6/elements - {"using":"xpath","value":"//button[@data-kt=\"contractDetailEditBtnButton\"]"}
RESULT: {"using":"xpath","value":"//button[@data-kt=\"contractDetailEditBtnButton\"]"}
COMMAND: POST /session/be9a23df4294472c3cbe97a105488dd6/elements - {"using":"xpath","value":"//button[@data-kt=\"contractDetailEditBtnButton\"]"}
RESULT: {"using":"xpath","value":"//button[@data-kt=\"contractDetailEditBtnButton\"]"}
COMMAND: POST /session/be9a23df4294472c3cbe97a105488dd6/elements - {"using":"xpath","value":"//button[@data-kt=\"contractDetailEditBtnButton\"]"}
RESULT: {"using":"xpath","value":"//button[@data-kt=\"contractDetailEditBtnButton\"]"}
COMMAND: POST /session/be9a23df4294472c3cbe97a105488dd6/elements - {"using":"xpath","value":"//button[@data-kt=\"contractDetailEditBtnButton\"]"}
RESULT: {"using":"xpath","value":"//button[@data-kt=\"contractDetailEditBtnButton\"]"}
COMMAND: POST /session/be9a23df4294472c3cbe97a105488dd6/elements - {"using":"xpath","value":"//button[@data-kt=\"contractDetailEditBtnButton\"]"}
RESULT: {"using":"xpath","value":"//button[@data-kt=\"contractDetailEditBtnButton\"]"}
COMMAND: POST /session/be9a23df4294472c3cbe97a105488dd6/elements - {"using":"xpath","value":"//button[@data-kt=\"contractDetailEditBtnButton\"]"}
RESULT: {"using":"xpath","value":"//button[@data-kt=\"contractDetailEditBtnButton\"]"}
COMMAND: POST /session/be9a23df4294472c3cbe97a105488dd6/elements - {"using":"xpath","value":"//button[@data-kt=\"contractDetailEditBtnButton\"]"}
RESULT: {"using":"xpath","value":"//button[@data-kt=\"contractDetailEditBtnButton\"]"}
COMMAND: POST /session/be9a23df4294472c3cbe97a105488dd6/elements - {"using":"xpath","value":"//button[@data-kt=\"contractDetailEditBtnButton\"]"}
RESULT: {"using":"xpath","value":"//button[@data-kt=\"contractDetailEditBtnButton\"]"}
COMMAND: GET /session/be9a23df4294472c3cbe97a105488dd6/screenshot - {}
RESULT: {}
]]></system-out>
      <system-err><![CDATA[
Error: Can't call click on element with selector "//button[@data-kt="contractDetailEditBtnButton"]" because element wasn't found
    at async UtilsPrerequisites.addTransportTimeInContractDetail (D:\a\1\s\test\specs\BTS\prerequisites-and-utils-functions.js:1829:9)
    at async Context.<anonymous> (D:\a\1\s\test\specs\BTS\billing-calculation-transp-times.spec.js:65:9)
]]></system-err>
    </testcase>
    <testcase classname="chrome.136_0_7103_93.windows.Billing_Calculation_-_Time_based_(considering_transport_times)_US139738" name="Should add created equipment to contract" time="60.421">
      <failure/>
      <error message="Can't call click on element with selector &quot;//button[@data-kt=&quot;contractDetailEditBtnButton&quot;]&quot; because element wasn't found"/>
      <system-out><![CDATA[
COMMAND: POST /session/be9a23df4294472c3cbe97a105488dd6/element - {"using":"xpath","value":"//button[@data-kt=\"contractDetailEditBtnButton\"]"}
COMMAND: GET /session/be9a23df4294472c3cbe97a105488dd6/screenshot - {}
RESULT: {"using":"xpath","value":"//button[@data-kt=\"contractDetailEditBtnButton\"]"}
COMMAND: POST /session/be9a23df4294472c3cbe97a105488dd6/elements - {"using":"xpath","value":"//button[@data-kt=\"contractDetailEditBtnButton\"]"}
RESULT: {}
RESULT: {"using":"xpath","value":"//button[@data-kt=\"contractDetailEditBtnButton\"]"}
COMMAND: POST /session/be9a23df4294472c3cbe97a105488dd6/elements - {"using":"xpath","value":"//button[@data-kt=\"contractDetailEditBtnButton\"]"}
RESULT: {"using":"xpath","value":"//button[@data-kt=\"contractDetailEditBtnButton\"]"}
COMMAND: POST /session/be9a23df4294472c3cbe97a105488dd6/elements - {"using":"xpath","value":"//button[@data-kt=\"contractDetailEditBtnButton\"]"}
RESULT: {"using":"xpath","value":"//button[@data-kt=\"contractDetailEditBtnButton\"]"}
COMMAND: POST /session/be9a23df4294472c3cbe97a105488dd6/elements - {"using":"xpath","value":"//button[@data-kt=\"contractDetailEditBtnButton\"]"}
RESULT: {"using":"xpath","value":"//button[@data-kt=\"contractDetailEditBtnButton\"]"}
COMMAND: POST /session/be9a23df4294472c3cbe97a105488dd6/elements - {"using":"xpath","value":"//button[@data-kt=\"contractDetailEditBtnButton\"]"}
RESULT: {"using":"xpath","value":"//button[@data-kt=\"contractDetailEditBtnButton\"]"}
COMMAND: POST /session/be9a23df4294472c3cbe97a105488dd6/elements - {"using":"xpath","value":"//button[@data-kt=\"contractDetailEditBtnButton\"]"}
RESULT: {"using":"xpath","value":"//button[@data-kt=\"contractDetailEditBtnButton\"]"}
COMMAND: POST /session/be9a23df4294472c3cbe97a105488dd6/elements - {"using":"xpath","value":"//button[@data-kt=\"contractDetailEditBtnButton\"]"}
RESULT: {"using":"xpath","value":"//button[@data-kt=\"contractDetailEditBtnButton\"]"}
COMMAND: POST /session/be9a23df4294472c3cbe97a105488dd6/elements - {"using":"xpath","value":"//button[@data-kt=\"contractDetailEditBtnButton\"]"}
RESULT: {"using":"xpath","value":"//button[@data-kt=\"contractDetailEditBtnButton\"]"}
COMMAND: POST /session/be9a23df4294472c3cbe97a105488dd6/elements - {"using":"xpath","value":"//button[@data-kt=\"contractDetailEditBtnButton\"]"}
RESULT: {"using":"xpath","value":"//button[@data-kt=\"contractDetailEditBtnButton\"]"}
COMMAND: POST /session/be9a23df4294472c3cbe97a105488dd6/elements - {"using":"xpath","value":"//button[@data-kt=\"contractDetailEditBtnButton\"]"}
RESULT: {"using":"xpath","value":"//button[@data-kt=\"contractDetailEditBtnButton\"]"}
COMMAND: POST /session/be9a23df4294472c3cbe97a105488dd6/elements - {"using":"xpath","value":"//button[@data-kt=\"contractDetailEditBtnButton\"]"}
RESULT: {"using":"xpath","value":"//button[@data-kt=\"contractDetailEditBtnButton\"]"}
COMMAND: POST /session/be9a23df4294472c3cbe97a105488dd6/elements - {"using":"xpath","value":"//button[@data-kt=\"contractDetailEditBtnButton\"]"}
RESULT: {"using":"xpath","value":"//button[@data-kt=\"contractDetailEditBtnButton\"]"}
COMMAND: POST /session/be9a23df4294472c3cbe97a105488dd6/elements - {"using":"xpath","value":"//button[@data-kt=\"contractDetailEditBtnButton\"]"}
RESULT: {"using":"xpath","value":"//button[@data-kt=\"contractDetailEditBtnButton\"]"}
COMMAND: POST /session/be9a23df4294472c3cbe97a105488dd6/elements - {"using":"xpath","value":"//button[@data-kt=\"contractDetailEditBtnButton\"]"}
RESULT: {"using":"xpath","value":"//button[@data-kt=\"contractDetailEditBtnButton\"]"}
COMMAND: POST /session/be9a23df4294472c3cbe97a105488dd6/elements - {"using":"xpath","value":"//button[@data-kt=\"contractDetailEditBtnButton\"]"}
RESULT: {"using":"xpath","value":"//button[@data-kt=\"contractDetailEditBtnButton\"]"}
COMMAND: POST /session/be9a23df4294472c3cbe97a105488dd6/elements - {"using":"xpath","value":"//button[@data-kt=\"contractDetailEditBtnButton\"]"}
RESULT: {"using":"xpath","value":"//button[@data-kt=\"contractDetailEditBtnButton\"]"}
COMMAND: POST /session/be9a23df4294472c3cbe97a105488dd6/elements - {"using":"xpath","value":"//button[@data-kt=\"contractDetailEditBtnButton\"]"}
RESULT: {"using":"xpath","value":"//button[@data-kt=\"contractDetailEditBtnButton\"]"}
COMMAND: POST /session/be9a23df4294472c3cbe97a105488dd6/elements - {"using":"xpath","value":"//button[@data-kt=\"contractDetailEditBtnButton\"]"}
RESULT: {"using":"xpath","value":"//button[@data-kt=\"contractDetailEditBtnButton\"]"}
COMMAND: POST /session/be9a23df4294472c3cbe97a105488dd6/elements - {"using":"xpath","value":"//button[@data-kt=\"contractDetailEditBtnButton\"]"}
RESULT: {"using":"xpath","value":"//button[@data-kt=\"contractDetailEditBtnButton\"]"}
COMMAND: POST /session/be9a23df4294472c3cbe97a105488dd6/elements - {"using":"xpath","value":"//button[@data-kt=\"contractDetailEditBtnButton\"]"}
RESULT: {"using":"xpath","value":"//button[@data-kt=\"contractDetailEditBtnButton\"]"}
COMMAND: POST /session/be9a23df4294472c3cbe97a105488dd6/elements - {"using":"xpath","value":"//button[@data-kt=\"contractDetailEditBtnButton\"]"}
RESULT: {"using":"xpath","value":"//button[@data-kt=\"contractDetailEditBtnButton\"]"}
COMMAND: POST /session/be9a23df4294472c3cbe97a105488dd6/elements - {"using":"xpath","value":"//button[@data-kt=\"contractDetailEditBtnButton\"]"}
RESULT: {"using":"xpath","value":"//button[@data-kt=\"contractDetailEditBtnButton\"]"}
COMMAND: POST /session/be9a23df4294472c3cbe97a105488dd6/elements - {"using":"xpath","value":"//button[@data-kt=\"contractDetailEditBtnButton\"]"}
RESULT: {"using":"xpath","value":"//button[@data-kt=\"contractDetailEditBtnButton\"]"}
COMMAND: POST /session/be9a23df4294472c3cbe97a105488dd6/elements - {"using":"xpath","value":"//button[@data-kt=\"contractDetailEditBtnButton\"]"}
RESULT: {"using":"xpath","value":"//button[@data-kt=\"contractDetailEditBtnButton\"]"}
COMMAND: POST /session/be9a23df4294472c3cbe97a105488dd6/elements - {"using":"xpath","value":"//button[@data-kt=\"contractDetailEditBtnButton\"]"}
RESULT: {"using":"xpath","value":"//button[@data-kt=\"contractDetailEditBtnButton\"]"}
COMMAND: POST /session/be9a23df4294472c3cbe97a105488dd6/elements - {"using":"xpath","value":"//button[@data-kt=\"contractDetailEditBtnButton\"]"}
RESULT: {"using":"xpath","value":"//button[@data-kt=\"contractDetailEditBtnButton\"]"}
COMMAND: POST /session/be9a23df4294472c3cbe97a105488dd6/elements - {"using":"xpath","value":"//button[@data-kt=\"contractDetailEditBtnButton\"]"}
RESULT: {"using":"xpath","value":"//button[@data-kt=\"contractDetailEditBtnButton\"]"}
COMMAND: POST /session/be9a23df4294472c3cbe97a105488dd6/elements - {"using":"xpath","value":"//button[@data-kt=\"contractDetailEditBtnButton\"]"}
RESULT: {"using":"xpath","value":"//button[@data-kt=\"contractDetailEditBtnButton\"]"}
COMMAND: POST /session/be9a23df4294472c3cbe97a105488dd6/elements - {"using":"xpath","value":"//button[@data-kt=\"contractDetailEditBtnButton\"]"}
RESULT: {"using":"xpath","value":"//button[@data-kt=\"contractDetailEditBtnButton\"]"}
COMMAND: POST /session/be9a23df4294472c3cbe97a105488dd6/elements - {"using":"xpath","value":"//button[@data-kt=\"contractDetailEditBtnButton\"]"}
RESULT: {"using":"xpath","value":"//button[@data-kt=\"contractDetailEditBtnButton\"]"}
COMMAND: POST /session/be9a23df4294472c3cbe97a105488dd6/elements - {"using":"xpath","value":"//button[@data-kt=\"contractDetailEditBtnButton\"]"}
RESULT: {"using":"xpath","value":"//button[@data-kt=\"contractDetailEditBtnButton\"]"}
COMMAND: POST /session/be9a23df4294472c3cbe97a105488dd6/elements - {"using":"xpath","value":"//button[@data-kt=\"contractDetailEditBtnButton\"]"}
RESULT: {"using":"xpath","value":"//button[@data-kt=\"contractDetailEditBtnButton\"]"}
COMMAND: POST /session/be9a23df4294472c3cbe97a105488dd6/elements - {"using":"xpath","value":"//button[@data-kt=\"contractDetailEditBtnButton\"]"}
RESULT: {"using":"xpath","value":"//button[@data-kt=\"contractDetailEditBtnButton\"]"}
COMMAND: POST /session/be9a23df4294472c3cbe97a105488dd6/elements - {"using":"xpath","value":"//button[@data-kt=\"contractDetailEditBtnButton\"]"}
RESULT: {"using":"xpath","value":"//button[@data-kt=\"contractDetailEditBtnButton\"]"}
COMMAND: POST /session/be9a23df4294472c3cbe97a105488dd6/elements - {"using":"xpath","value":"//button[@data-kt=\"contractDetailEditBtnButton\"]"}
RESULT: {"using":"xpath","value":"//button[@data-kt=\"contractDetailEditBtnButton\"]"}
COMMAND: POST /session/be9a23df4294472c3cbe97a105488dd6/elements - {"using":"xpath","value":"//button[@data-kt=\"contractDetailEditBtnButton\"]"}
RESULT: {"using":"xpath","value":"//button[@data-kt=\"contractDetailEditBtnButton\"]"}
COMMAND: POST /session/be9a23df4294472c3cbe97a105488dd6/elements - {"using":"xpath","value":"//button[@data-kt=\"contractDetailEditBtnButton\"]"}
RESULT: {"using":"xpath","value":"//button[@data-kt=\"contractDetailEditBtnButton\"]"}
COMMAND: POST /session/be9a23df4294472c3cbe97a105488dd6/elements - {"using":"xpath","value":"//button[@data-kt=\"contractDetailEditBtnButton\"]"}
RESULT: {"using":"xpath","value":"//button[@data-kt=\"contractDetailEditBtnButton\"]"}
COMMAND: POST /session/be9a23df4294472c3cbe97a105488dd6/elements - {"using":"xpath","value":"//button[@data-kt=\"contractDetailEditBtnButton\"]"}
RESULT: {"using":"xpath","value":"//button[@data-kt=\"contractDetailEditBtnButton\"]"}
COMMAND: POST /session/be9a23df4294472c3cbe97a105488dd6/elements - {"using":"xpath","value":"//button[@data-kt=\"contractDetailEditBtnButton\"]"}
RESULT: {"using":"xpath","value":"//button[@data-kt=\"contractDetailEditBtnButton\"]"}
COMMAND: POST /session/be9a23df4294472c3cbe97a105488dd6/elements - {"using":"xpath","value":"//button[@data-kt=\"contractDetailEditBtnButton\"]"}
RESULT: {"using":"xpath","value":"//button[@data-kt=\"contractDetailEditBtnButton\"]"}
COMMAND: POST /session/be9a23df4294472c3cbe97a105488dd6/elements - {"using":"xpath","value":"//button[@data-kt=\"contractDetailEditBtnButton\"]"}
RESULT: {"using":"xpath","value":"//button[@data-kt=\"contractDetailEditBtnButton\"]"}
COMMAND: POST /session/be9a23df4294472c3cbe97a105488dd6/elements - {"using":"xpath","value":"//button[@data-kt=\"contractDetailEditBtnButton\"]"}
RESULT: {"using":"xpath","value":"//button[@data-kt=\"contractDetailEditBtnButton\"]"}
COMMAND: POST /session/be9a23df4294472c3cbe97a105488dd6/elements - {"using":"xpath","value":"//button[@data-kt=\"contractDetailEditBtnButton\"]"}
RESULT: {"using":"xpath","value":"//button[@data-kt=\"contractDetailEditBtnButton\"]"}
COMMAND: POST /session/be9a23df4294472c3cbe97a105488dd6/elements - {"using":"xpath","value":"//button[@data-kt=\"contractDetailEditBtnButton\"]"}
RESULT: {"using":"xpath","value":"//button[@data-kt=\"contractDetailEditBtnButton\"]"}
COMMAND: POST /session/be9a23df4294472c3cbe97a105488dd6/elements - {"using":"xpath","value":"//button[@data-kt=\"contractDetailEditBtnButton\"]"}
RESULT: {"using":"xpath","value":"//button[@data-kt=\"contractDetailEditBtnButton\"]"}
COMMAND: POST /session/be9a23df4294472c3cbe97a105488dd6/elements - {"using":"xpath","value":"//button[@data-kt=\"contractDetailEditBtnButton\"]"}
RESULT: {"using":"xpath","value":"//button[@data-kt=\"contractDetailEditBtnButton\"]"}
COMMAND: POST /session/be9a23df4294472c3cbe97a105488dd6/elements - {"using":"xpath","value":"//button[@data-kt=\"contractDetailEditBtnButton\"]"}
RESULT: {"using":"xpath","value":"//button[@data-kt=\"contractDetailEditBtnButton\"]"}
COMMAND: POST /session/be9a23df4294472c3cbe97a105488dd6/elements - {"using":"xpath","value":"//button[@data-kt=\"contractDetailEditBtnButton\"]"}
RESULT: {"using":"xpath","value":"//button[@data-kt=\"contractDetailEditBtnButton\"]"}
COMMAND: POST /session/be9a23df4294472c3cbe97a105488dd6/elements - {"using":"xpath","value":"//button[@data-kt=\"contractDetailEditBtnButton\"]"}
RESULT: {"using":"xpath","value":"//button[@data-kt=\"contractDetailEditBtnButton\"]"}
COMMAND: POST /session/be9a23df4294472c3cbe97a105488dd6/elements - {"using":"xpath","value":"//button[@data-kt=\"contractDetailEditBtnButton\"]"}
RESULT: {"using":"xpath","value":"//button[@data-kt=\"contractDetailEditBtnButton\"]"}
COMMAND: POST /session/be9a23df4294472c3cbe97a105488dd6/elements - {"using":"xpath","value":"//button[@data-kt=\"contractDetailEditBtnButton\"]"}
RESULT: {"using":"xpath","value":"//button[@data-kt=\"contractDetailEditBtnButton\"]"}
COMMAND: POST /session/be9a23df4294472c3cbe97a105488dd6/elements - {"using":"xpath","value":"//button[@data-kt=\"contractDetailEditBtnButton\"]"}
RESULT: {"using":"xpath","value":"//button[@data-kt=\"contractDetailEditBtnButton\"]"}
COMMAND: POST /session/be9a23df4294472c3cbe97a105488dd6/elements - {"using":"xpath","value":"//button[@data-kt=\"contractDetailEditBtnButton\"]"}
RESULT: {"using":"xpath","value":"//button[@data-kt=\"contractDetailEditBtnButton\"]"}
COMMAND: POST /session/be9a23df4294472c3cbe97a105488dd6/elements - {"using":"xpath","value":"//button[@data-kt=\"contractDetailEditBtnButton\"]"}
RESULT: {"using":"xpath","value":"//button[@data-kt=\"contractDetailEditBtnButton\"]"}
COMMAND: POST /session/be9a23df4294472c3cbe97a105488dd6/elements - {"using":"xpath","value":"//button[@data-kt=\"contractDetailEditBtnButton\"]"}
RESULT: {"using":"xpath","value":"//button[@data-kt=\"contractDetailEditBtnButton\"]"}
COMMAND: POST /session/be9a23df4294472c3cbe97a105488dd6/elements - {"using":"xpath","value":"//button[@data-kt=\"contractDetailEditBtnButton\"]"}
RESULT: {"using":"xpath","value":"//button[@data-kt=\"contractDetailEditBtnButton\"]"}
COMMAND: POST /session/be9a23df4294472c3cbe97a105488dd6/elements - {"using":"xpath","value":"//button[@data-kt=\"contractDetailEditBtnButton\"]"}
RESULT: {"using":"xpath","value":"//button[@data-kt=\"contractDetailEditBtnButton\"]"}
COMMAND: POST /session/be9a23df4294472c3cbe97a105488dd6/elements - {"using":"xpath","value":"//button[@data-kt=\"contractDetailEditBtnButton\"]"}
RESULT: {"using":"xpath","value":"//button[@data-kt=\"contractDetailEditBtnButton\"]"}
COMMAND: POST /session/be9a23df4294472c3cbe97a105488dd6/elements - {"using":"xpath","value":"//button[@data-kt=\"contractDetailEditBtnButton\"]"}
RESULT: {"using":"xpath","value":"//button[@data-kt=\"contractDetailEditBtnButton\"]"}
COMMAND: POST /session/be9a23df4294472c3cbe97a105488dd6/elements - {"using":"xpath","value":"//button[@data-kt=\"contractDetailEditBtnButton\"]"}
RESULT: {"using":"xpath","value":"//button[@data-kt=\"contractDetailEditBtnButton\"]"}
COMMAND: POST /session/be9a23df4294472c3cbe97a105488dd6/elements - {"using":"xpath","value":"//button[@data-kt=\"contractDetailEditBtnButton\"]"}
RESULT: {"using":"xpath","value":"//button[@data-kt=\"contractDetailEditBtnButton\"]"}
COMMAND: POST /session/be9a23df4294472c3cbe97a105488dd6/elements - {"using":"xpath","value":"//button[@data-kt=\"contractDetailEditBtnButton\"]"}
RESULT: {"using":"xpath","value":"//button[@data-kt=\"contractDetailEditBtnButton\"]"}
COMMAND: POST /session/be9a23df4294472c3cbe97a105488dd6/elements - {"using":"xpath","value":"//button[@data-kt=\"contractDetailEditBtnButton\"]"}
RESULT: {"using":"xpath","value":"//button[@data-kt=\"contractDetailEditBtnButton\"]"}
COMMAND: POST /session/be9a23df4294472c3cbe97a105488dd6/elements - {"using":"xpath","value":"//button[@data-kt=\"contractDetailEditBtnButton\"]"}
RESULT: {"using":"xpath","value":"//button[@data-kt=\"contractDetailEditBtnButton\"]"}
COMMAND: POST /session/be9a23df4294472c3cbe97a105488dd6/elements - {"using":"xpath","value":"//button[@data-kt=\"contractDetailEditBtnButton\"]"}
RESULT: {"using":"xpath","value":"//button[@data-kt=\"contractDetailEditBtnButton\"]"}
COMMAND: POST /session/be9a23df4294472c3cbe97a105488dd6/elements - {"using":"xpath","value":"//button[@data-kt=\"contractDetailEditBtnButton\"]"}
RESULT: {"using":"xpath","value":"//button[@data-kt=\"contractDetailEditBtnButton\"]"}
COMMAND: POST /session/be9a23df4294472c3cbe97a105488dd6/elements - {"using":"xpath","value":"//button[@data-kt=\"contractDetailEditBtnButton\"]"}
RESULT: {"using":"xpath","value":"//button[@data-kt=\"contractDetailEditBtnButton\"]"}
COMMAND: POST /session/be9a23df4294472c3cbe97a105488dd6/elements - {"using":"xpath","value":"//button[@data-kt=\"contractDetailEditBtnButton\"]"}
RESULT: {"using":"xpath","value":"//button[@data-kt=\"contractDetailEditBtnButton\"]"}
COMMAND: POST /session/be9a23df4294472c3cbe97a105488dd6/elements - {"using":"xpath","value":"//button[@data-kt=\"contractDetailEditBtnButton\"]"}
RESULT: {"using":"xpath","value":"//button[@data-kt=\"contractDetailEditBtnButton\"]"}
COMMAND: POST /session/be9a23df4294472c3cbe97a105488dd6/elements - {"using":"xpath","value":"//button[@data-kt=\"contractDetailEditBtnButton\"]"}
RESULT: {"using":"xpath","value":"//button[@data-kt=\"contractDetailEditBtnButton\"]"}
COMMAND: POST /session/be9a23df4294472c3cbe97a105488dd6/elements - {"using":"xpath","value":"//button[@data-kt=\"contractDetailEditBtnButton\"]"}
RESULT: {"using":"xpath","value":"//button[@data-kt=\"contractDetailEditBtnButton\"]"}
COMMAND: POST /session/be9a23df4294472c3cbe97a105488dd6/elements - {"using":"xpath","value":"//button[@data-kt=\"contractDetailEditBtnButton\"]"}
RESULT: {"using":"xpath","value":"//button[@data-kt=\"contractDetailEditBtnButton\"]"}
COMMAND: POST /session/be9a23df4294472c3cbe97a105488dd6/elements - {"using":"xpath","value":"//button[@data-kt=\"contractDetailEditBtnButton\"]"}
RESULT: {"using":"xpath","value":"//button[@data-kt=\"contractDetailEditBtnButton\"]"}
COMMAND: POST /session/be9a23df4294472c3cbe97a105488dd6/elements - {"using":"xpath","value":"//button[@data-kt=\"contractDetailEditBtnButton\"]"}
RESULT: {"using":"xpath","value":"//button[@data-kt=\"contractDetailEditBtnButton\"]"}
COMMAND: POST /session/be9a23df4294472c3cbe97a105488dd6/elements - {"using":"xpath","value":"//button[@data-kt=\"contractDetailEditBtnButton\"]"}
RESULT: {"using":"xpath","value":"//button[@data-kt=\"contractDetailEditBtnButton\"]"}
COMMAND: POST /session/be9a23df4294472c3cbe97a105488dd6/elements - {"using":"xpath","value":"//button[@data-kt=\"contractDetailEditBtnButton\"]"}
RESULT: {"using":"xpath","value":"//button[@data-kt=\"contractDetailEditBtnButton\"]"}
COMMAND: POST /session/be9a23df4294472c3cbe97a105488dd6/elements - {"using":"xpath","value":"//button[@data-kt=\"contractDetailEditBtnButton\"]"}
RESULT: {"using":"xpath","value":"//button[@data-kt=\"contractDetailEditBtnButton\"]"}
COMMAND: POST /session/be9a23df4294472c3cbe97a105488dd6/elements - {"using":"xpath","value":"//button[@data-kt=\"contractDetailEditBtnButton\"]"}
RESULT: {"using":"xpath","value":"//button[@data-kt=\"contractDetailEditBtnButton\"]"}
COMMAND: POST /session/be9a23df4294472c3cbe97a105488dd6/elements - {"using":"xpath","value":"//button[@data-kt=\"contractDetailEditBtnButton\"]"}
RESULT: {"using":"xpath","value":"//button[@data-kt=\"contractDetailEditBtnButton\"]"}
COMMAND: POST /session/be9a23df4294472c3cbe97a105488dd6/elements - {"using":"xpath","value":"//button[@data-kt=\"contractDetailEditBtnButton\"]"}
RESULT: {"using":"xpath","value":"//button[@data-kt=\"contractDetailEditBtnButton\"]"}
COMMAND: POST /session/be9a23df4294472c3cbe97a105488dd6/elements - {"using":"xpath","value":"//button[@data-kt=\"contractDetailEditBtnButton\"]"}
RESULT: {"using":"xpath","value":"//button[@data-kt=\"contractDetailEditBtnButton\"]"}
COMMAND: POST /session/be9a23df4294472c3cbe97a105488dd6/elements - {"using":"xpath","value":"//button[@data-kt=\"contractDetailEditBtnButton\"]"}
RESULT: {"using":"xpath","value":"//button[@data-kt=\"contractDetailEditBtnButton\"]"}
COMMAND: POST /session/be9a23df4294472c3cbe97a105488dd6/elements - {"using":"xpath","value":"//button[@data-kt=\"contractDetailEditBtnButton\"]"}
RESULT: {"using":"xpath","value":"//button[@data-kt=\"contractDetailEditBtnButton\"]"}
COMMAND: POST /session/be9a23df4294472c3cbe97a105488dd6/elements - {"using":"xpath","value":"//button[@data-kt=\"contractDetailEditBtnButton\"]"}
RESULT: {"using":"xpath","value":"//button[@data-kt=\"contractDetailEditBtnButton\"]"}
COMMAND: POST /session/be9a23df4294472c3cbe97a105488dd6/elements - {"using":"xpath","value":"//button[@data-kt=\"contractDetailEditBtnButton\"]"}
RESULT: {"using":"xpath","value":"//button[@data-kt=\"contractDetailEditBtnButton\"]"}
COMMAND: POST /session/be9a23df4294472c3cbe97a105488dd6/elements - {"using":"xpath","value":"//button[@data-kt=\"contractDetailEditBtnButton\"]"}
RESULT: {"using":"xpath","value":"//button[@data-kt=\"contractDetailEditBtnButton\"]"}
COMMAND: POST /session/be9a23df4294472c3cbe97a105488dd6/elements - {"using":"xpath","value":"//button[@data-kt=\"contractDetailEditBtnButton\"]"}
RESULT: {"using":"xpath","value":"//button[@data-kt=\"contractDetailEditBtnButton\"]"}
COMMAND: POST /session/be9a23df4294472c3cbe97a105488dd6/elements - {"using":"xpath","value":"//button[@data-kt=\"contractDetailEditBtnButton\"]"}
RESULT: {"using":"xpath","value":"//button[@data-kt=\"contractDetailEditBtnButton\"]"}
COMMAND: POST /session/be9a23df4294472c3cbe97a105488dd6/elements - {"using":"xpath","value":"//button[@data-kt=\"contractDetailEditBtnButton\"]"}
RESULT: {"using":"xpath","value":"//button[@data-kt=\"contractDetailEditBtnButton\"]"}
COMMAND: POST /session/be9a23df4294472c3cbe97a105488dd6/elements - {"using":"xpath","value":"//button[@data-kt=\"contractDetailEditBtnButton\"]"}
RESULT: {"using":"xpath","value":"//button[@data-kt=\"contractDetailEditBtnButton\"]"}
COMMAND: POST /session/be9a23df4294472c3cbe97a105488dd6/elements - {"using":"xpath","value":"//button[@data-kt=\"contractDetailEditBtnButton\"]"}
RESULT: {"using":"xpath","value":"//button[@data-kt=\"contractDetailEditBtnButton\"]"}
COMMAND: POST /session/be9a23df4294472c3cbe97a105488dd6/elements - {"using":"xpath","value":"//button[@data-kt=\"contractDetailEditBtnButton\"]"}
RESULT: {"using":"xpath","value":"//button[@data-kt=\"contractDetailEditBtnButton\"]"}
COMMAND: POST /session/be9a23df4294472c3cbe97a105488dd6/elements - {"using":"xpath","value":"//button[@data-kt=\"contractDetailEditBtnButton\"]"}
RESULT: {"using":"xpath","value":"//button[@data-kt=\"contractDetailEditBtnButton\"]"}
COMMAND: POST /session/be9a23df4294472c3cbe97a105488dd6/elements - {"using":"xpath","value":"//button[@data-kt=\"contractDetailEditBtnButton\"]"}
RESULT: {"using":"xpath","value":"//button[@data-kt=\"contractDetailEditBtnButton\"]"}
COMMAND: POST /session/be9a23df4294472c3cbe97a105488dd6/elements - {"using":"xpath","value":"//button[@data-kt=\"contractDetailEditBtnButton\"]"}
RESULT: {"using":"xpath","value":"//button[@data-kt=\"contractDetailEditBtnButton\"]"}
COMMAND: POST /session/be9a23df4294472c3cbe97a105488dd6/elements - {"using":"xpath","value":"//button[@data-kt=\"contractDetailEditBtnButton\"]"}
RESULT: {"using":"xpath","value":"//button[@data-kt=\"contractDetailEditBtnButton\"]"}
COMMAND: POST /session/be9a23df4294472c3cbe97a105488dd6/elements - {"using":"xpath","value":"//button[@data-kt=\"contractDetailEditBtnButton\"]"}
RESULT: {"using":"xpath","value":"//button[@data-kt=\"contractDetailEditBtnButton\"]"}
COMMAND: POST /session/be9a23df4294472c3cbe97a105488dd6/elements - {"using":"xpath","value":"//button[@data-kt=\"contractDetailEditBtnButton\"]"}
RESULT: {"using":"xpath","value":"//button[@data-kt=\"contractDetailEditBtnButton\"]"}
COMMAND: POST /session/be9a23df4294472c3cbe97a105488dd6/elements - {"using":"xpath","value":"//button[@data-kt=\"contractDetailEditBtnButton\"]"}
RESULT: {"using":"xpath","value":"//button[@data-kt=\"contractDetailEditBtnButton\"]"}
COMMAND: POST /session/be9a23df4294472c3cbe97a105488dd6/elements - {"using":"xpath","value":"//button[@data-kt=\"contractDetailEditBtnButton\"]"}
RESULT: {"using":"xpath","value":"//button[@data-kt=\"contractDetailEditBtnButton\"]"}
COMMAND: POST /session/be9a23df4294472c3cbe97a105488dd6/elements - {"using":"xpath","value":"//button[@data-kt=\"contractDetailEditBtnButton\"]"}
RESULT: {"using":"xpath","value":"//button[@data-kt=\"contractDetailEditBtnButton\"]"}
COMMAND: POST /session/be9a23df4294472c3cbe97a105488dd6/elements - {"using":"xpath","value":"//button[@data-kt=\"contractDetailEditBtnButton\"]"}
RESULT: {"using":"xpath","value":"//button[@data-kt=\"contractDetailEditBtnButton\"]"}
COMMAND: POST /session/be9a23df4294472c3cbe97a105488dd6/elements - {"using":"xpath","value":"//button[@data-kt=\"contractDetailEditBtnButton\"]"}
RESULT: {"using":"xpath","value":"//button[@data-kt=\"contractDetailEditBtnButton\"]"}
COMMAND: POST /session/be9a23df4294472c3cbe97a105488dd6/elements - {"using":"xpath","value":"//button[@data-kt=\"contractDetailEditBtnButton\"]"}
RESULT: {"using":"xpath","value":"//button[@data-kt=\"contractDetailEditBtnButton\"]"}
COMMAND: POST /session/be9a23df4294472c3cbe97a105488dd6/elements - {"using":"xpath","value":"//button[@data-kt=\"contractDetailEditBtnButton\"]"}
RESULT: {"using":"xpath","value":"//button[@data-kt=\"contractDetailEditBtnButton\"]"}
COMMAND: POST /session/be9a23df4294472c3cbe97a105488dd6/elements - {"using":"xpath","value":"//button[@data-kt=\"contractDetailEditBtnButton\"]"}
RESULT: {"using":"xpath","value":"//button[@data-kt=\"contractDetailEditBtnButton\"]"}
COMMAND: POST /session/be9a23df4294472c3cbe97a105488dd6/elements - {"using":"xpath","value":"//button[@data-kt=\"contractDetailEditBtnButton\"]"}
RESULT: {"using":"xpath","value":"//button[@data-kt=\"contractDetailEditBtnButton\"]"}
COMMAND: POST /session/be9a23df4294472c3cbe97a105488dd6/elements - {"using":"xpath","value":"//button[@data-kt=\"contractDetailEditBtnButton\"]"}
RESULT: {"using":"xpath","value":"//button[@data-kt=\"contractDetailEditBtnButton\"]"}
COMMAND: POST /session/be9a23df4294472c3cbe97a105488dd6/elements - {"using":"xpath","value":"//button[@data-kt=\"contractDetailEditBtnButton\"]"}
RESULT: {"using":"xpath","value":"//button[@data-kt=\"contractDetailEditBtnButton\"]"}
COMMAND: POST /session/be9a23df4294472c3cbe97a105488dd6/elements - {"using":"xpath","value":"//button[@data-kt=\"contractDetailEditBtnButton\"]"}
RESULT: {"using":"xpath","value":"//button[@data-kt=\"contractDetailEditBtnButton\"]"}
COMMAND: POST /session/be9a23df4294472c3cbe97a105488dd6/elements - {"using":"xpath","value":"//button[@data-kt=\"contractDetailEditBtnButton\"]"}
RESULT: {"using":"xpath","value":"//button[@data-kt=\"contractDetailEditBtnButton\"]"}
COMMAND: POST /session/be9a23df4294472c3cbe97a105488dd6/elements - {"using":"xpath","value":"//button[@data-kt=\"contractDetailEditBtnButton\"]"}
RESULT: {"using":"xpath","value":"//button[@data-kt=\"contractDetailEditBtnButton\"]"}
COMMAND: POST /session/be9a23df4294472c3cbe97a105488dd6/elements - {"using":"xpath","value":"//button[@data-kt=\"contractDetailEditBtnButton\"]"}
RESULT: {"using":"xpath","value":"//button[@data-kt=\"contractDetailEditBtnButton\"]"}
COMMAND: POST /session/be9a23df4294472c3cbe97a105488dd6/elements - {"using":"xpath","value":"//button[@data-kt=\"contractDetailEditBtnButton\"]"}
RESULT: {"using":"xpath","value":"//button[@data-kt=\"contractDetailEditBtnButton\"]"}
COMMAND: POST /session/be9a23df4294472c3cbe97a105488dd6/elements - {"using":"xpath","value":"//button[@data-kt=\"contractDetailEditBtnButton\"]"}
RESULT: {"using":"xpath","value":"//button[@data-kt=\"contractDetailEditBtnButton\"]"}
COMMAND: POST /session/be9a23df4294472c3cbe97a105488dd6/elements - {"using":"xpath","value":"//button[@data-kt=\"contractDetailEditBtnButton\"]"}
RESULT: {"using":"xpath","value":"//button[@data-kt=\"contractDetailEditBtnButton\"]"}
COMMAND: POST /session/be9a23df4294472c3cbe97a105488dd6/elements - {"using":"xpath","value":"//button[@data-kt=\"contractDetailEditBtnButton\"]"}
RESULT: {"using":"xpath","value":"//button[@data-kt=\"contractDetailEditBtnButton\"]"}
COMMAND: POST /session/be9a23df4294472c3cbe97a105488dd6/elements - {"using":"xpath","value":"//button[@data-kt=\"contractDetailEditBtnButton\"]"}
RESULT: {"using":"xpath","value":"//button[@data-kt=\"contractDetailEditBtnButton\"]"}
COMMAND: POST /session/be9a23df4294472c3cbe97a105488dd6/elements - {"using":"xpath","value":"//button[@data-kt=\"contractDetailEditBtnButton\"]"}
RESULT: {"using":"xpath","value":"//button[@data-kt=\"contractDetailEditBtnButton\"]"}
COMMAND: GET /session/be9a23df4294472c3cbe97a105488dd6/screenshot - {}
RESULT: {}
]]></system-out>
      <system-err><![CDATA[
Error: Can't call click on element with selector "//button[@data-kt="contractDetailEditBtnButton"]" because element wasn't found
    at async UtilsPrerequisites.addItemToContract (D:\a\1\s\test\specs\BTS\prerequisites-and-utils-functions.js:1852:9)
    at async Context.<anonymous> (D:\a\1\s\test\specs\BTS\billing-calculation-transp-times.spec.js:69:9)
]]></system-err>
    </testcase>
    <testcase classname="chrome.136_0_7103_93.windows.Billing_Calculation_-_Time_based_(considering_transport_times)_US139738" name="Should do a provide to site 2 step" time="60.409">
      <failure/>
      <error message="Can't call click on element with selector &quot;//button[@data-kt=&quot;provideButton&quot;]&quot; because element wasn't found"/>
      <system-out><![CDATA[
COMMAND: POST /session/be9a23df4294472c3cbe97a105488dd6/element - {"using":"xpath","value":"//button[@data-kt=\"provideButton\"]"}
COMMAND: GET /session/be9a23df4294472c3cbe97a105488dd6/screenshot - {}
RESULT: {"using":"xpath","value":"//button[@data-kt=\"provideButton\"]"}
COMMAND: POST /session/be9a23df4294472c3cbe97a105488dd6/elements - {"using":"xpath","value":"//button[@data-kt=\"provideButton\"]"}
RESULT: {}
RESULT: {"using":"xpath","value":"//button[@data-kt=\"provideButton\"]"}
COMMAND: POST /session/be9a23df4294472c3cbe97a105488dd6/elements - {"using":"xpath","value":"//button[@data-kt=\"provideButton\"]"}
RESULT: {"using":"xpath","value":"//button[@data-kt=\"provideButton\"]"}
COMMAND: POST /session/be9a23df4294472c3cbe97a105488dd6/elements - {"using":"xpath","value":"//button[@data-kt=\"provideButton\"]"}
RESULT: {"using":"xpath","value":"//button[@data-kt=\"provideButton\"]"}
COMMAND: POST /session/be9a23df4294472c3cbe97a105488dd6/elements - {"using":"xpath","value":"//button[@data-kt=\"provideButton\"]"}
RESULT: {"using":"xpath","value":"//button[@data-kt=\"provideButton\"]"}
COMMAND: POST /session/be9a23df4294472c3cbe97a105488dd6/elements - {"using":"xpath","value":"//button[@data-kt=\"provideButton\"]"}
RESULT: {"using":"xpath","value":"//button[@data-kt=\"provideButton\"]"}
COMMAND: POST /session/be9a23df4294472c3cbe97a105488dd6/elements - {"using":"xpath","value":"//button[@data-kt=\"provideButton\"]"}
RESULT: {"using":"xpath","value":"//button[@data-kt=\"provideButton\"]"}
COMMAND: POST /session/be9a23df4294472c3cbe97a105488dd6/elements - {"using":"xpath","value":"//button[@data-kt=\"provideButton\"]"}
RESULT: {"using":"xpath","value":"//button[@data-kt=\"provideButton\"]"}
COMMAND: POST /session/be9a23df4294472c3cbe97a105488dd6/elements - {"using":"xpath","value":"//button[@data-kt=\"provideButton\"]"}
RESULT: {"using":"xpath","value":"//button[@data-kt=\"provideButton\"]"}
COMMAND: POST /session/be9a23df4294472c3cbe97a105488dd6/elements - {"using":"xpath","value":"//button[@data-kt=\"provideButton\"]"}
RESULT: {"using":"xpath","value":"//button[@data-kt=\"provideButton\"]"}
COMMAND: POST /session/be9a23df4294472c3cbe97a105488dd6/elements - {"using":"xpath","value":"//button[@data-kt=\"provideButton\"]"}
RESULT: {"using":"xpath","value":"//button[@data-kt=\"provideButton\"]"}
COMMAND: POST /session/be9a23df4294472c3cbe97a105488dd6/elements - {"using":"xpath","value":"//button[@data-kt=\"provideButton\"]"}
RESULT: {"using":"xpath","value":"//button[@data-kt=\"provideButton\"]"}
COMMAND: POST /session/be9a23df4294472c3cbe97a105488dd6/elements - {"using":"xpath","value":"//button[@data-kt=\"provideButton\"]"}
RESULT: {"using":"xpath","value":"//button[@data-kt=\"provideButton\"]"}
COMMAND: POST /session/be9a23df4294472c3cbe97a105488dd6/elements - {"using":"xpath","value":"//button[@data-kt=\"provideButton\"]"}
RESULT: {"using":"xpath","value":"//button[@data-kt=\"provideButton\"]"}
COMMAND: POST /session/be9a23df4294472c3cbe97a105488dd6/elements - {"using":"xpath","value":"//button[@data-kt=\"provideButton\"]"}
RESULT: {"using":"xpath","value":"//button[@data-kt=\"provideButton\"]"}
COMMAND: POST /session/be9a23df4294472c3cbe97a105488dd6/elements - {"using":"xpath","value":"//button[@data-kt=\"provideButton\"]"}
RESULT: {"using":"xpath","value":"//button[@data-kt=\"provideButton\"]"}
COMMAND: POST /session/be9a23df4294472c3cbe97a105488dd6/elements - {"using":"xpath","value":"//button[@data-kt=\"provideButton\"]"}
RESULT: {"using":"xpath","value":"//button[@data-kt=\"provideButton\"]"}
COMMAND: POST /session/be9a23df4294472c3cbe97a105488dd6/elements - {"using":"xpath","value":"//button[@data-kt=\"provideButton\"]"}
RESULT: {"using":"xpath","value":"//button[@data-kt=\"provideButton\"]"}
COMMAND: POST /session/be9a23df4294472c3cbe97a105488dd6/elements - {"using":"xpath","value":"//button[@data-kt=\"provideButton\"]"}
RESULT: {"using":"xpath","value":"//button[@data-kt=\"provideButton\"]"}
COMMAND: POST /session/be9a23df4294472c3cbe97a105488dd6/elements - {"using":"xpath","value":"//button[@data-kt=\"provideButton\"]"}
RESULT: {"using":"xpath","value":"//button[@data-kt=\"provideButton\"]"}
COMMAND: POST /session/be9a23df4294472c3cbe97a105488dd6/elements - {"using":"xpath","value":"//button[@data-kt=\"provideButton\"]"}
RESULT: {"using":"xpath","value":"//button[@data-kt=\"provideButton\"]"}
COMMAND: POST /session/be9a23df4294472c3cbe97a105488dd6/elements - {"using":"xpath","value":"//button[@data-kt=\"provideButton\"]"}
RESULT: {"using":"xpath","value":"//button[@data-kt=\"provideButton\"]"}
COMMAND: POST /session/be9a23df4294472c3cbe97a105488dd6/elements - {"using":"xpath","value":"//button[@data-kt=\"provideButton\"]"}
RESULT: {"using":"xpath","value":"//button[@data-kt=\"provideButton\"]"}
COMMAND: POST /session/be9a23df4294472c3cbe97a105488dd6/elements - {"using":"xpath","value":"//button[@data-kt=\"provideButton\"]"}
RESULT: {"using":"xpath","value":"//button[@data-kt=\"provideButton\"]"}
COMMAND: POST /session/be9a23df4294472c3cbe97a105488dd6/elements - {"using":"xpath","value":"//button[@data-kt=\"provideButton\"]"}
RESULT: {"using":"xpath","value":"//button[@data-kt=\"provideButton\"]"}
COMMAND: POST /session/be9a23df4294472c3cbe97a105488dd6/elements - {"using":"xpath","value":"//button[@data-kt=\"provideButton\"]"}
RESULT: {"using":"xpath","value":"//button[@data-kt=\"provideButton\"]"}
COMMAND: POST /session/be9a23df4294472c3cbe97a105488dd6/elements - {"using":"xpath","value":"//button[@data-kt=\"provideButton\"]"}
RESULT: {"using":"xpath","value":"//button[@data-kt=\"provideButton\"]"}
COMMAND: POST /session/be9a23df4294472c3cbe97a105488dd6/elements - {"using":"xpath","value":"//button[@data-kt=\"provideButton\"]"}
RESULT: {"using":"xpath","value":"//button[@data-kt=\"provideButton\"]"}
COMMAND: POST /session/be9a23df4294472c3cbe97a105488dd6/elements - {"using":"xpath","value":"//button[@data-kt=\"provideButton\"]"}
RESULT: {"using":"xpath","value":"//button[@data-kt=\"provideButton\"]"}
COMMAND: POST /session/be9a23df4294472c3cbe97a105488dd6/elements - {"using":"xpath","value":"//button[@data-kt=\"provideButton\"]"}
RESULT: {"using":"xpath","value":"//button[@data-kt=\"provideButton\"]"}
COMMAND: POST /session/be9a23df4294472c3cbe97a105488dd6/elements - {"using":"xpath","value":"//button[@data-kt=\"provideButton\"]"}
RESULT: {"using":"xpath","value":"//button[@data-kt=\"provideButton\"]"}
COMMAND: POST /session/be9a23df4294472c3cbe97a105488dd6/elements - {"using":"xpath","value":"//button[@data-kt=\"provideButton\"]"}
RESULT: {"using":"xpath","value":"//button[@data-kt=\"provideButton\"]"}
COMMAND: POST /session/be9a23df4294472c3cbe97a105488dd6/elements - {"using":"xpath","value":"//button[@data-kt=\"provideButton\"]"}
RESULT: {"using":"xpath","value":"//button[@data-kt=\"provideButton\"]"}
COMMAND: POST /session/be9a23df4294472c3cbe97a105488dd6/elements - {"using":"xpath","value":"//button[@data-kt=\"provideButton\"]"}
RESULT: {"using":"xpath","value":"//button[@data-kt=\"provideButton\"]"}
COMMAND: POST /session/be9a23df4294472c3cbe97a105488dd6/elements - {"using":"xpath","value":"//button[@data-kt=\"provideButton\"]"}
RESULT: {"using":"xpath","value":"//button[@data-kt=\"provideButton\"]"}
COMMAND: POST /session/be9a23df4294472c3cbe97a105488dd6/elements - {"using":"xpath","value":"//button[@data-kt=\"provideButton\"]"}
RESULT: {"using":"xpath","value":"//button[@data-kt=\"provideButton\"]"}
COMMAND: POST /session/be9a23df4294472c3cbe97a105488dd6/elements - {"using":"xpath","value":"//button[@data-kt=\"provideButton\"]"}
RESULT: {"using":"xpath","value":"//button[@data-kt=\"provideButton\"]"}
COMMAND: POST /session/be9a23df4294472c3cbe97a105488dd6/elements - {"using":"xpath","value":"//button[@data-kt=\"provideButton\"]"}
RESULT: {"using":"xpath","value":"//button[@data-kt=\"provideButton\"]"}
COMMAND: POST /session/be9a23df4294472c3cbe97a105488dd6/elements - {"using":"xpath","value":"//button[@data-kt=\"provideButton\"]"}
RESULT: {"using":"xpath","value":"//button[@data-kt=\"provideButton\"]"}
COMMAND: POST /session/be9a23df4294472c3cbe97a105488dd6/elements - {"using":"xpath","value":"//button[@data-kt=\"provideButton\"]"}
RESULT: {"using":"xpath","value":"//button[@data-kt=\"provideButton\"]"}
COMMAND: POST /session/be9a23df4294472c3cbe97a105488dd6/elements - {"using":"xpath","value":"//button[@data-kt=\"provideButton\"]"}
RESULT: {"using":"xpath","value":"//button[@data-kt=\"provideButton\"]"}
COMMAND: POST /session/be9a23df4294472c3cbe97a105488dd6/elements - {"using":"xpath","value":"//button[@data-kt=\"provideButton\"]"}
RESULT: {"using":"xpath","value":"//button[@data-kt=\"provideButton\"]"}
COMMAND: POST /session/be9a23df4294472c3cbe97a105488dd6/elements - {"using":"xpath","value":"//button[@data-kt=\"provideButton\"]"}
RESULT: {"using":"xpath","value":"//button[@data-kt=\"provideButton\"]"}
COMMAND: POST /session/be9a23df4294472c3cbe97a105488dd6/elements - {"using":"xpath","value":"//button[@data-kt=\"provideButton\"]"}
RESULT: {"using":"xpath","value":"//button[@data-kt=\"provideButton\"]"}
COMMAND: POST /session/be9a23df4294472c3cbe97a105488dd6/elements - {"using":"xpath","value":"//button[@data-kt=\"provideButton\"]"}
RESULT: {"using":"xpath","value":"//button[@data-kt=\"provideButton\"]"}
COMMAND: POST /session/be9a23df4294472c3cbe97a105488dd6/elements - {"using":"xpath","value":"//button[@data-kt=\"provideButton\"]"}
RESULT: {"using":"xpath","value":"//button[@data-kt=\"provideButton\"]"}
COMMAND: POST /session/be9a23df4294472c3cbe97a105488dd6/elements - {"using":"xpath","value":"//button[@data-kt=\"provideButton\"]"}
RESULT: {"using":"xpath","value":"//button[@data-kt=\"provideButton\"]"}
COMMAND: POST /session/be9a23df4294472c3cbe97a105488dd6/elements - {"using":"xpath","value":"//button[@data-kt=\"provideButton\"]"}
RESULT: {"using":"xpath","value":"//button[@data-kt=\"provideButton\"]"}
COMMAND: POST /session/be9a23df4294472c3cbe97a105488dd6/elements - {"using":"xpath","value":"//button[@data-kt=\"provideButton\"]"}
RESULT: {"using":"xpath","value":"//button[@data-kt=\"provideButton\"]"}
COMMAND: POST /session/be9a23df4294472c3cbe97a105488dd6/elements - {"using":"xpath","value":"//button[@data-kt=\"provideButton\"]"}
RESULT: {"using":"xpath","value":"//button[@data-kt=\"provideButton\"]"}
COMMAND: POST /session/be9a23df4294472c3cbe97a105488dd6/elements - {"using":"xpath","value":"//button[@data-kt=\"provideButton\"]"}
RESULT: {"using":"xpath","value":"//button[@data-kt=\"provideButton\"]"}
COMMAND: POST /session/be9a23df4294472c3cbe97a105488dd6/elements - {"using":"xpath","value":"//button[@data-kt=\"provideButton\"]"}
RESULT: {"using":"xpath","value":"//button[@data-kt=\"provideButton\"]"}
COMMAND: POST /session/be9a23df4294472c3cbe97a105488dd6/elements - {"using":"xpath","value":"//button[@data-kt=\"provideButton\"]"}
RESULT: {"using":"xpath","value":"//button[@data-kt=\"provideButton\"]"}
COMMAND: POST /session/be9a23df4294472c3cbe97a105488dd6/elements - {"using":"xpath","value":"//button[@data-kt=\"provideButton\"]"}
RESULT: {"using":"xpath","value":"//button[@data-kt=\"provideButton\"]"}
COMMAND: POST /session/be9a23df4294472c3cbe97a105488dd6/elements - {"using":"xpath","value":"//button[@data-kt=\"provideButton\"]"}
RESULT: {"using":"xpath","value":"//button[@data-kt=\"provideButton\"]"}
COMMAND: POST /session/be9a23df4294472c3cbe97a105488dd6/elements - {"using":"xpath","value":"//button[@data-kt=\"provideButton\"]"}
RESULT: {"using":"xpath","value":"//button[@data-kt=\"provideButton\"]"}
COMMAND: POST /session/be9a23df4294472c3cbe97a105488dd6/elements - {"using":"xpath","value":"//button[@data-kt=\"provideButton\"]"}
RESULT: {"using":"xpath","value":"//button[@data-kt=\"provideButton\"]"}
COMMAND: POST /session/be9a23df4294472c3cbe97a105488dd6/elements - {"using":"xpath","value":"//button[@data-kt=\"provideButton\"]"}
RESULT: {"using":"xpath","value":"//button[@data-kt=\"provideButton\"]"}
COMMAND: POST /session/be9a23df4294472c3cbe97a105488dd6/elements - {"using":"xpath","value":"//button[@data-kt=\"provideButton\"]"}
RESULT: {"using":"xpath","value":"//button[@data-kt=\"provideButton\"]"}
COMMAND: POST /session/be9a23df4294472c3cbe97a105488dd6/elements - {"using":"xpath","value":"//button[@data-kt=\"provideButton\"]"}
RESULT: {"using":"xpath","value":"//button[@data-kt=\"provideButton\"]"}
COMMAND: POST /session/be9a23df4294472c3cbe97a105488dd6/elements - {"using":"xpath","value":"//button[@data-kt=\"provideButton\"]"}
RESULT: {"using":"xpath","value":"//button[@data-kt=\"provideButton\"]"}
COMMAND: POST /session/be9a23df4294472c3cbe97a105488dd6/elements - {"using":"xpath","value":"//button[@data-kt=\"provideButton\"]"}
RESULT: {"using":"xpath","value":"//button[@data-kt=\"provideButton\"]"}
COMMAND: POST /session/be9a23df4294472c3cbe97a105488dd6/elements - {"using":"xpath","value":"//button[@data-kt=\"provideButton\"]"}
RESULT: {"using":"xpath","value":"//button[@data-kt=\"provideButton\"]"}
COMMAND: POST /session/be9a23df4294472c3cbe97a105488dd6/elements - {"using":"xpath","value":"//button[@data-kt=\"provideButton\"]"}
RESULT: {"using":"xpath","value":"//button[@data-kt=\"provideButton\"]"}
COMMAND: POST /session/be9a23df4294472c3cbe97a105488dd6/elements - {"using":"xpath","value":"//button[@data-kt=\"provideButton\"]"}
RESULT: {"using":"xpath","value":"//button[@data-kt=\"provideButton\"]"}
COMMAND: POST /session/be9a23df4294472c3cbe97a105488dd6/elements - {"using":"xpath","value":"//button[@data-kt=\"provideButton\"]"}
RESULT: {"using":"xpath","value":"//button[@data-kt=\"provideButton\"]"}
COMMAND: POST /session/be9a23df4294472c3cbe97a105488dd6/elements - {"using":"xpath","value":"//button[@data-kt=\"provideButton\"]"}
RESULT: {"using":"xpath","value":"//button[@data-kt=\"provideButton\"]"}
COMMAND: POST /session/be9a23df4294472c3cbe97a105488dd6/elements - {"using":"xpath","value":"//button[@data-kt=\"provideButton\"]"}
RESULT: {"using":"xpath","value":"//button[@data-kt=\"provideButton\"]"}
COMMAND: POST /session/be9a23df4294472c3cbe97a105488dd6/elements - {"using":"xpath","value":"//button[@data-kt=\"provideButton\"]"}
RESULT: {"using":"xpath","value":"//button[@data-kt=\"provideButton\"]"}
COMMAND: POST /session/be9a23df4294472c3cbe97a105488dd6/elements - {"using":"xpath","value":"//button[@data-kt=\"provideButton\"]"}
RESULT: {"using":"xpath","value":"//button[@data-kt=\"provideButton\"]"}
COMMAND: POST /session/be9a23df4294472c3cbe97a105488dd6/elements - {"using":"xpath","value":"//button[@data-kt=\"provideButton\"]"}
RESULT: {"using":"xpath","value":"//button[@data-kt=\"provideButton\"]"}
COMMAND: POST /session/be9a23df4294472c3cbe97a105488dd6/elements - {"using":"xpath","value":"//button[@data-kt=\"provideButton\"]"}
RESULT: {"using":"xpath","value":"//button[@data-kt=\"provideButton\"]"}
COMMAND: POST /session/be9a23df4294472c3cbe97a105488dd6/elements - {"using":"xpath","value":"//button[@data-kt=\"provideButton\"]"}
RESULT: {"using":"xpath","value":"//button[@data-kt=\"provideButton\"]"}
COMMAND: POST /session/be9a23df4294472c3cbe97a105488dd6/elements - {"using":"xpath","value":"//button[@data-kt=\"provideButton\"]"}
RESULT: {"using":"xpath","value":"//button[@data-kt=\"provideButton\"]"}
COMMAND: POST /session/be9a23df4294472c3cbe97a105488dd6/elements - {"using":"xpath","value":"//button[@data-kt=\"provideButton\"]"}
RESULT: {"using":"xpath","value":"//button[@data-kt=\"provideButton\"]"}
COMMAND: POST /session/be9a23df4294472c3cbe97a105488dd6/elements - {"using":"xpath","value":"//button[@data-kt=\"provideButton\"]"}
RESULT: {"using":"xpath","value":"//button[@data-kt=\"provideButton\"]"}
COMMAND: POST /session/be9a23df4294472c3cbe97a105488dd6/elements - {"using":"xpath","value":"//button[@data-kt=\"provideButton\"]"}
RESULT: {"using":"xpath","value":"//button[@data-kt=\"provideButton\"]"}
COMMAND: POST /session/be9a23df4294472c3cbe97a105488dd6/elements - {"using":"xpath","value":"//button[@data-kt=\"provideButton\"]"}
RESULT: {"using":"xpath","value":"//button[@data-kt=\"provideButton\"]"}
COMMAND: POST /session/be9a23df4294472c3cbe97a105488dd6/elements - {"using":"xpath","value":"//button[@data-kt=\"provideButton\"]"}
RESULT: {"using":"xpath","value":"//button[@data-kt=\"provideButton\"]"}
COMMAND: POST /session/be9a23df4294472c3cbe97a105488dd6/elements - {"using":"xpath","value":"//button[@data-kt=\"provideButton\"]"}
RESULT: {"using":"xpath","value":"//button[@data-kt=\"provideButton\"]"}
COMMAND: POST /session/be9a23df4294472c3cbe97a105488dd6/elements - {"using":"xpath","value":"//button[@data-kt=\"provideButton\"]"}
RESULT: {"using":"xpath","value":"//button[@data-kt=\"provideButton\"]"}
COMMAND: POST /session/be9a23df4294472c3cbe97a105488dd6/elements - {"using":"xpath","value":"//button[@data-kt=\"provideButton\"]"}
RESULT: {"using":"xpath","value":"//button[@data-kt=\"provideButton\"]"}
COMMAND: POST /session/be9a23df4294472c3cbe97a105488dd6/elements - {"using":"xpath","value":"//button[@data-kt=\"provideButton\"]"}
RESULT: {"using":"xpath","value":"//button[@data-kt=\"provideButton\"]"}
COMMAND: POST /session/be9a23df4294472c3cbe97a105488dd6/elements - {"using":"xpath","value":"//button[@data-kt=\"provideButton\"]"}
RESULT: {"using":"xpath","value":"//button[@data-kt=\"provideButton\"]"}
COMMAND: POST /session/be9a23df4294472c3cbe97a105488dd6/elements - {"using":"xpath","value":"//button[@data-kt=\"provideButton\"]"}
RESULT: {"using":"xpath","value":"//button[@data-kt=\"provideButton\"]"}
COMMAND: POST /session/be9a23df4294472c3cbe97a105488dd6/elements - {"using":"xpath","value":"//button[@data-kt=\"provideButton\"]"}
RESULT: {"using":"xpath","value":"//button[@data-kt=\"provideButton\"]"}
COMMAND: POST /session/be9a23df4294472c3cbe97a105488dd6/elements - {"using":"xpath","value":"//button[@data-kt=\"provideButton\"]"}
RESULT: {"using":"xpath","value":"//button[@data-kt=\"provideButton\"]"}
COMMAND: POST /session/be9a23df4294472c3cbe97a105488dd6/elements - {"using":"xpath","value":"//button[@data-kt=\"provideButton\"]"}
RESULT: {"using":"xpath","value":"//button[@data-kt=\"provideButton\"]"}
COMMAND: POST /session/be9a23df4294472c3cbe97a105488dd6/elements - {"using":"xpath","value":"//button[@data-kt=\"provideButton\"]"}
RESULT: {"using":"xpath","value":"//button[@data-kt=\"provideButton\"]"}
COMMAND: POST /session/be9a23df4294472c3cbe97a105488dd6/elements - {"using":"xpath","value":"//button[@data-kt=\"provideButton\"]"}
RESULT: {"using":"xpath","value":"//button[@data-kt=\"provideButton\"]"}
COMMAND: POST /session/be9a23df4294472c3cbe97a105488dd6/elements - {"using":"xpath","value":"//button[@data-kt=\"provideButton\"]"}
RESULT: {"using":"xpath","value":"//button[@data-kt=\"provideButton\"]"}
COMMAND: POST /session/be9a23df4294472c3cbe97a105488dd6/elements - {"using":"xpath","value":"//button[@data-kt=\"provideButton\"]"}
RESULT: {"using":"xpath","value":"//button[@data-kt=\"provideButton\"]"}
COMMAND: POST /session/be9a23df4294472c3cbe97a105488dd6/elements - {"using":"xpath","value":"//button[@data-kt=\"provideButton\"]"}
RESULT: {"using":"xpath","value":"//button[@data-kt=\"provideButton\"]"}
COMMAND: POST /session/be9a23df4294472c3cbe97a105488dd6/elements - {"using":"xpath","value":"//button[@data-kt=\"provideButton\"]"}
RESULT: {"using":"xpath","value":"//button[@data-kt=\"provideButton\"]"}
COMMAND: POST /session/be9a23df4294472c3cbe97a105488dd6/elements - {"using":"xpath","value":"//button[@data-kt=\"provideButton\"]"}
RESULT: {"using":"xpath","value":"//button[@data-kt=\"provideButton\"]"}
COMMAND: POST /session/be9a23df4294472c3cbe97a105488dd6/elements - {"using":"xpath","value":"//button[@data-kt=\"provideButton\"]"}
RESULT: {"using":"xpath","value":"//button[@data-kt=\"provideButton\"]"}
COMMAND: POST /session/be9a23df4294472c3cbe97a105488dd6/elements - {"using":"xpath","value":"//button[@data-kt=\"provideButton\"]"}
RESULT: {"using":"xpath","value":"//button[@data-kt=\"provideButton\"]"}
COMMAND: POST /session/be9a23df4294472c3cbe97a105488dd6/elements - {"using":"xpath","value":"//button[@data-kt=\"provideButton\"]"}
RESULT: {"using":"xpath","value":"//button[@data-kt=\"provideButton\"]"}
COMMAND: POST /session/be9a23df4294472c3cbe97a105488dd6/elements - {"using":"xpath","value":"//button[@data-kt=\"provideButton\"]"}
RESULT: {"using":"xpath","value":"//button[@data-kt=\"provideButton\"]"}
COMMAND: POST /session/be9a23df4294472c3cbe97a105488dd6/elements - {"using":"xpath","value":"//button[@data-kt=\"provideButton\"]"}
RESULT: {"using":"xpath","value":"//button[@data-kt=\"provideButton\"]"}
COMMAND: POST /session/be9a23df4294472c3cbe97a105488dd6/elements - {"using":"xpath","value":"//button[@data-kt=\"provideButton\"]"}
RESULT: {"using":"xpath","value":"//button[@data-kt=\"provideButton\"]"}
COMMAND: POST /session/be9a23df4294472c3cbe97a105488dd6/elements - {"using":"xpath","value":"//button[@data-kt=\"provideButton\"]"}
RESULT: {"using":"xpath","value":"//button[@data-kt=\"provideButton\"]"}
COMMAND: POST /session/be9a23df4294472c3cbe97a105488dd6/elements - {"using":"xpath","value":"//button[@data-kt=\"provideButton\"]"}
RESULT: {"using":"xpath","value":"//button[@data-kt=\"provideButton\"]"}
COMMAND: POST /session/be9a23df4294472c3cbe97a105488dd6/elements - {"using":"xpath","value":"//button[@data-kt=\"provideButton\"]"}
RESULT: {"using":"xpath","value":"//button[@data-kt=\"provideButton\"]"}
COMMAND: POST /session/be9a23df4294472c3cbe97a105488dd6/elements - {"using":"xpath","value":"//button[@data-kt=\"provideButton\"]"}
RESULT: {"using":"xpath","value":"//button[@data-kt=\"provideButton\"]"}
COMMAND: POST /session/be9a23df4294472c3cbe97a105488dd6/elements - {"using":"xpath","value":"//button[@data-kt=\"provideButton\"]"}
RESULT: {"using":"xpath","value":"//button[@data-kt=\"provideButton\"]"}
COMMAND: POST /session/be9a23df4294472c3cbe97a105488dd6/elements - {"using":"xpath","value":"//button[@data-kt=\"provideButton\"]"}
RESULT: {"using":"xpath","value":"//button[@data-kt=\"provideButton\"]"}
COMMAND: POST /session/be9a23df4294472c3cbe97a105488dd6/elements - {"using":"xpath","value":"//button[@data-kt=\"provideButton\"]"}
RESULT: {"using":"xpath","value":"//button[@data-kt=\"provideButton\"]"}
COMMAND: POST /session/be9a23df4294472c3cbe97a105488dd6/elements - {"using":"xpath","value":"//button[@data-kt=\"provideButton\"]"}
RESULT: {"using":"xpath","value":"//button[@data-kt=\"provideButton\"]"}
COMMAND: POST /session/be9a23df4294472c3cbe97a105488dd6/elements - {"using":"xpath","value":"//button[@data-kt=\"provideButton\"]"}
RESULT: {"using":"xpath","value":"//button[@data-kt=\"provideButton\"]"}
COMMAND: POST /session/be9a23df4294472c3cbe97a105488dd6/elements - {"using":"xpath","value":"//button[@data-kt=\"provideButton\"]"}
RESULT: {"using":"xpath","value":"//button[@data-kt=\"provideButton\"]"}
COMMAND: POST /session/be9a23df4294472c3cbe97a105488dd6/elements - {"using":"xpath","value":"//button[@data-kt=\"provideButton\"]"}
RESULT: {"using":"xpath","value":"//button[@data-kt=\"provideButton\"]"}
COMMAND: POST /session/be9a23df4294472c3cbe97a105488dd6/elements - {"using":"xpath","value":"//button[@data-kt=\"provideButton\"]"}
RESULT: {"using":"xpath","value":"//button[@data-kt=\"provideButton\"]"}
COMMAND: POST /session/be9a23df4294472c3cbe97a105488dd6/elements - {"using":"xpath","value":"//button[@data-kt=\"provideButton\"]"}
RESULT: {"using":"xpath","value":"//button[@data-kt=\"provideButton\"]"}
COMMAND: POST /session/be9a23df4294472c3cbe97a105488dd6/elements - {"using":"xpath","value":"//button[@data-kt=\"provideButton\"]"}
RESULT: {"using":"xpath","value":"//button[@data-kt=\"provideButton\"]"}
COMMAND: POST /session/be9a23df4294472c3cbe97a105488dd6/elements - {"using":"xpath","value":"//button[@data-kt=\"provideButton\"]"}
RESULT: {"using":"xpath","value":"//button[@data-kt=\"provideButton\"]"}
COMMAND: POST /session/be9a23df4294472c3cbe97a105488dd6/elements - {"using":"xpath","value":"//button[@data-kt=\"provideButton\"]"}
RESULT: {"using":"xpath","value":"//button[@data-kt=\"provideButton\"]"}
COMMAND: POST /session/be9a23df4294472c3cbe97a105488dd6/elements - {"using":"xpath","value":"//button[@data-kt=\"provideButton\"]"}
RESULT: {"using":"xpath","value":"//button[@data-kt=\"provideButton\"]"}
COMMAND: POST /session/be9a23df4294472c3cbe97a105488dd6/elements - {"using":"xpath","value":"//button[@data-kt=\"provideButton\"]"}
RESULT: {"using":"xpath","value":"//button[@data-kt=\"provideButton\"]"}
COMMAND: POST /session/be9a23df4294472c3cbe97a105488dd6/elements - {"using":"xpath","value":"//button[@data-kt=\"provideButton\"]"}
RESULT: {"using":"xpath","value":"//button[@data-kt=\"provideButton\"]"}
COMMAND: POST /session/be9a23df4294472c3cbe97a105488dd6/elements - {"using":"xpath","value":"//button[@data-kt=\"provideButton\"]"}
RESULT: {"using":"xpath","value":"//button[@data-kt=\"provideButton\"]"}
COMMAND: GET /session/be9a23df4294472c3cbe97a105488dd6/screenshot - {}
RESULT: {}
]]></system-out>
      <system-err><![CDATA[
Error: Can't call click on element with selector "//button[@data-kt="provideButton"]" because element wasn't found
    at async UtilsPrerequisites.provideToSiteTwoStepHandoverFromContractDetails (D:\a\1\s\test\specs\BTS\prerequisites-and-utils-functions.js:2048:9)
    at async Context.<anonymous> (D:\a\1\s\test\specs\BTS\billing-calculation-transp-times.spec.js:73:9)
]]></system-err>
    </testcase>
    <testcase classname="chrome.136_0_7103_93.windows.Billing_Calculation_-_Time_based_(considering_transport_times)_US139738" name="Should navigate to Manage Billings and trigger contract calculation business confirm it" time="80.172">
      <failure/>
      <error message="Can't call click on element with selector &quot;//td[@aria-colindex=&quot;1&quot;]/div/div[contains(@class, &quot;sapMCbBg&quot;)]&quot; because element wasn't found"/>
      <system-out><![CDATA[
COMMAND: POST /session/be9a23df4294472c3cbe97a105488dd6/execute/async - {"script":"<script> [1562 bytes]","args":[{"selector":{"controlType":"sap.m.GenericTile","properties":{"header":"Manage Billings"}},"wdio_ui5_key":"sapm.GenericTile{\"header\":\"Manage Billings\"}"}]}
COMMAND: GET /session/be9a23df4294472c3cbe97a105488dd6/screenshot - {}
RESULT: {"script":"<script> [1562 bytes]","args":[{"selector":{"controlType":"sap.m.GenericTile","properties":{"header":"Manage Billings"}},"wdio_ui5_key":"sapm.GenericTile{\"header\":\"Manage Billings\"}"}]}
RESULT: undefined
RESULT: {}
COMMAND: POST /session/be9a23df4294472c3cbe97a105488dd6/elements - {"using":"xpath","value":"//span[text()='Error']"}
RESULT: {"using":"xpath","value":"//span[text()='Error']"}
COMMAND: POST /session/be9a23df4294472c3cbe97a105488dd6/execute/async - {"script":"<script> [1562 bytes]","args":[{"selector":{"id":"application-managebillings-display-component---billRunCalcResult--smartFilterBar-btnBasicSearch","interaction":{"idSuffix":"I"}},"wdio_ui5_key":"applicationmanagebillings-display-component---billRunCalcResult--smartFilterBar-btnBasicSearch"}]}
RESULT: {"script":"<script> [1562 bytes]","args":[{"selector":{"id":"application-managebillings-display-component---billRunCalcResult--smartFilterBar-btnBasicSearch","interaction":{"idSuffix":"I"}},"wdio_ui5_key":"applicationmanagebillings-display-component---billRunCalcResult--smartFilterBar-btnBasicSearch"}]}
RESULT: undefined
COMMAND: POST /session/be9a23df4294472c3cbe97a105488dd6/actions - {"actions":[{"id":"action65","type":"key","parameters":{},"actions":[{"type":"keyDown","value":""},{"type":"pause","duration":10},{"type":"keyUp","value":""}]}]}
RESULT: {"actions":[{"id":"action65","type":"key","parameters":{},"actions":[{"type":"keyDown","value":""},{"type":"pause","duration":10},{"type":"keyUp","value":""}]}]}
COMMAND: GET /session/be9a23df4294472c3cbe97a105488dd6/screenshot - {}
RESULT: {}
COMMAND: POST /session/be9a23df4294472c3cbe97a105488dd6/element - {"using":"xpath","value":"//td[@aria-colindex=\"1\"]/div/div[contains(@class, \"sapMCbBg\")]"}
RESULT: {"using":"xpath","value":"//td[@aria-colindex=\"1\"]/div/div[contains(@class, \"sapMCbBg\")]"}
COMMAND: POST /session/be9a23df4294472c3cbe97a105488dd6/elements - {"using":"xpath","value":"//td[@aria-colindex=\"1\"]/div/div[contains(@class, \"sapMCbBg\")]"}
RESULT: {"using":"xpath","value":"//td[@aria-colindex=\"1\"]/div/div[contains(@class, \"sapMCbBg\")]"}
COMMAND: POST /session/be9a23df4294472c3cbe97a105488dd6/elements - {"using":"xpath","value":"//td[@aria-colindex=\"1\"]/div/div[contains(@class, \"sapMCbBg\")]"}
RESULT: {"using":"xpath","value":"//td[@aria-colindex=\"1\"]/div/div[contains(@class, \"sapMCbBg\")]"}
COMMAND: POST /session/be9a23df4294472c3cbe97a105488dd6/elements - {"using":"xpath","value":"//td[@aria-colindex=\"1\"]/div/div[contains(@class, \"sapMCbBg\")]"}
RESULT: {"using":"xpath","value":"//td[@aria-colindex=\"1\"]/div/div[contains(@class, \"sapMCbBg\")]"}
COMMAND: POST /session/be9a23df4294472c3cbe97a105488dd6/elements - {"using":"xpath","value":"//td[@aria-colindex=\"1\"]/div/div[contains(@class, \"sapMCbBg\")]"}
RESULT: {"using":"xpath","value":"//td[@aria-colindex=\"1\"]/div/div[contains(@class, \"sapMCbBg\")]"}
COMMAND: POST /session/be9a23df4294472c3cbe97a105488dd6/elements - {"using":"xpath","value":"//td[@aria-colindex=\"1\"]/div/div[contains(@class, \"sapMCbBg\")]"}
RESULT: {"using":"xpath","value":"//td[@aria-colindex=\"1\"]/div/div[contains(@class, \"sapMCbBg\")]"}
COMMAND: POST /session/be9a23df4294472c3cbe97a105488dd6/elements - {"using":"xpath","value":"//td[@aria-colindex=\"1\"]/div/div[contains(@class, \"sapMCbBg\")]"}
RESULT: {"using":"xpath","value":"//td[@aria-colindex=\"1\"]/div/div[contains(@class, \"sapMCbBg\")]"}
COMMAND: POST /session/be9a23df4294472c3cbe97a105488dd6/elements - {"using":"xpath","value":"//td[@aria-colindex=\"1\"]/div/div[contains(@class, \"sapMCbBg\")]"}
RESULT: {"using":"xpath","value":"//td[@aria-colindex=\"1\"]/div/div[contains(@class, \"sapMCbBg\")]"}
COMMAND: POST /session/be9a23df4294472c3cbe97a105488dd6/elements - {"using":"xpath","value":"//td[@aria-colindex=\"1\"]/div/div[contains(@class, \"sapMCbBg\")]"}
RESULT: {"using":"xpath","value":"//td[@aria-colindex=\"1\"]/div/div[contains(@class, \"sapMCbBg\")]"}
COMMAND: POST /session/be9a23df4294472c3cbe97a105488dd6/elements - {"using":"xpath","value":"//td[@aria-colindex=\"1\"]/div/div[contains(@class, \"sapMCbBg\")]"}
RESULT: {"using":"xpath","value":"//td[@aria-colindex=\"1\"]/div/div[contains(@class, \"sapMCbBg\")]"}
COMMAND: POST /session/be9a23df4294472c3cbe97a105488dd6/elements - {"using":"xpath","value":"//td[@aria-colindex=\"1\"]/div/div[contains(@class, \"sapMCbBg\")]"}
RESULT: {"using":"xpath","value":"//td[@aria-colindex=\"1\"]/div/div[contains(@class, \"sapMCbBg\")]"}
COMMAND: POST /session/be9a23df4294472c3cbe97a105488dd6/elements - {"using":"xpath","value":"//td[@aria-colindex=\"1\"]/div/div[contains(@class, \"sapMCbBg\")]"}
RESULT: {"using":"xpath","value":"//td[@aria-colindex=\"1\"]/div/div[contains(@class, \"sapMCbBg\")]"}
COMMAND: POST /session/be9a23df4294472c3cbe97a105488dd6/elements - {"using":"xpath","value":"//td[@aria-colindex=\"1\"]/div/div[contains(@class, \"sapMCbBg\")]"}
RESULT: {"using":"xpath","value":"//td[@aria-colindex=\"1\"]/div/div[contains(@class, \"sapMCbBg\")]"}
COMMAND: POST /session/be9a23df4294472c3cbe97a105488dd6/elements - {"using":"xpath","value":"//td[@aria-colindex=\"1\"]/div/div[contains(@class, \"sapMCbBg\")]"}
RESULT: {"using":"xpath","value":"//td[@aria-colindex=\"1\"]/div/div[contains(@class, \"sapMCbBg\")]"}
COMMAND: POST /session/be9a23df4294472c3cbe97a105488dd6/elements - {"using":"xpath","value":"//td[@aria-colindex=\"1\"]/div/div[contains(@class, \"sapMCbBg\")]"}
RESULT: {"using":"xpath","value":"//td[@aria-colindex=\"1\"]/div/div[contains(@class, \"sapMCbBg\")]"}
COMMAND: POST /session/be9a23df4294472c3cbe97a105488dd6/elements - {"using":"xpath","value":"//td[@aria-colindex=\"1\"]/div/div[contains(@class, \"sapMCbBg\")]"}
RESULT: {"using":"xpath","value":"//td[@aria-colindex=\"1\"]/div/div[contains(@class, \"sapMCbBg\")]"}
COMMAND: POST /session/be9a23df4294472c3cbe97a105488dd6/elements - {"using":"xpath","value":"//td[@aria-colindex=\"1\"]/div/div[contains(@class, \"sapMCbBg\")]"}
RESULT: {"using":"xpath","value":"//td[@aria-colindex=\"1\"]/div/div[contains(@class, \"sapMCbBg\")]"}
COMMAND: POST /session/be9a23df4294472c3cbe97a105488dd6/elements - {"using":"xpath","value":"//td[@aria-colindex=\"1\"]/div/div[contains(@class, \"sapMCbBg\")]"}
RESULT: {"using":"xpath","value":"//td[@aria-colindex=\"1\"]/div/div[contains(@class, \"sapMCbBg\")]"}
COMMAND: POST /session/be9a23df4294472c3cbe97a105488dd6/elements - {"using":"xpath","value":"//td[@aria-colindex=\"1\"]/div/div[contains(@class, \"sapMCbBg\")]"}
RESULT: {"using":"xpath","value":"//td[@aria-colindex=\"1\"]/div/div[contains(@class, \"sapMCbBg\")]"}
COMMAND: POST /session/be9a23df4294472c3cbe97a105488dd6/elements - {"using":"xpath","value":"//td[@aria-colindex=\"1\"]/div/div[contains(@class, \"sapMCbBg\")]"}
RESULT: {"using":"xpath","value":"//td[@aria-colindex=\"1\"]/div/div[contains(@class, \"sapMCbBg\")]"}
COMMAND: POST /session/be9a23df4294472c3cbe97a105488dd6/elements - {"using":"xpath","value":"//td[@aria-colindex=\"1\"]/div/div[contains(@class, \"sapMCbBg\")]"}
RESULT: {"using":"xpath","value":"//td[@aria-colindex=\"1\"]/div/div[contains(@class, \"sapMCbBg\")]"}
COMMAND: POST /session/be9a23df4294472c3cbe97a105488dd6/elements - {"using":"xpath","value":"//td[@aria-colindex=\"1\"]/div/div[contains(@class, \"sapMCbBg\")]"}
RESULT: {"using":"xpath","value":"//td[@aria-colindex=\"1\"]/div/div[contains(@class, \"sapMCbBg\")]"}
COMMAND: POST /session/be9a23df4294472c3cbe97a105488dd6/elements - {"using":"xpath","value":"//td[@aria-colindex=\"1\"]/div/div[contains(@class, \"sapMCbBg\")]"}
RESULT: {"using":"xpath","value":"//td[@aria-colindex=\"1\"]/div/div[contains(@class, \"sapMCbBg\")]"}
COMMAND: POST /session/be9a23df4294472c3cbe97a105488dd6/elements - {"using":"xpath","value":"//td[@aria-colindex=\"1\"]/div/div[contains(@class, \"sapMCbBg\")]"}
RESULT: {"using":"xpath","value":"//td[@aria-colindex=\"1\"]/div/div[contains(@class, \"sapMCbBg\")]"}
COMMAND: POST /session/be9a23df4294472c3cbe97a105488dd6/elements - {"using":"xpath","value":"//td[@aria-colindex=\"1\"]/div/div[contains(@class, \"sapMCbBg\")]"}
RESULT: {"using":"xpath","value":"//td[@aria-colindex=\"1\"]/div/div[contains(@class, \"sapMCbBg\")]"}
COMMAND: POST /session/be9a23df4294472c3cbe97a105488dd6/elements - {"using":"xpath","value":"//td[@aria-colindex=\"1\"]/div/div[contains(@class, \"sapMCbBg\")]"}
RESULT: {"using":"xpath","value":"//td[@aria-colindex=\"1\"]/div/div[contains(@class, \"sapMCbBg\")]"}
COMMAND: POST /session/be9a23df4294472c3cbe97a105488dd6/elements - {"using":"xpath","value":"//td[@aria-colindex=\"1\"]/div/div[contains(@class, \"sapMCbBg\")]"}
RESULT: {"using":"xpath","value":"//td[@aria-colindex=\"1\"]/div/div[contains(@class, \"sapMCbBg\")]"}
COMMAND: POST /session/be9a23df4294472c3cbe97a105488dd6/elements - {"using":"xpath","value":"//td[@aria-colindex=\"1\"]/div/div[contains(@class, \"sapMCbBg\")]"}
RESULT: {"using":"xpath","value":"//td[@aria-colindex=\"1\"]/div/div[contains(@class, \"sapMCbBg\")]"}
COMMAND: POST /session/be9a23df4294472c3cbe97a105488dd6/elements - {"using":"xpath","value":"//td[@aria-colindex=\"1\"]/div/div[contains(@class, \"sapMCbBg\")]"}
RESULT: {"using":"xpath","value":"//td[@aria-colindex=\"1\"]/div/div[contains(@class, \"sapMCbBg\")]"}
COMMAND: POST /session/be9a23df4294472c3cbe97a105488dd6/elements - {"using":"xpath","value":"//td[@aria-colindex=\"1\"]/div/div[contains(@class, \"sapMCbBg\")]"}
RESULT: {"using":"xpath","value":"//td[@aria-colindex=\"1\"]/div/div[contains(@class, \"sapMCbBg\")]"}
COMMAND: POST /session/be9a23df4294472c3cbe97a105488dd6/elements - {"using":"xpath","value":"//td[@aria-colindex=\"1\"]/div/div[contains(@class, \"sapMCbBg\")]"}
RESULT: {"using":"xpath","value":"//td[@aria-colindex=\"1\"]/div/div[contains(@class, \"sapMCbBg\")]"}
COMMAND: POST /session/be9a23df4294472c3cbe97a105488dd6/elements - {"using":"xpath","value":"//td[@aria-colindex=\"1\"]/div/div[contains(@class, \"sapMCbBg\")]"}
RESULT: {"using":"xpath","value":"//td[@aria-colindex=\"1\"]/div/div[contains(@class, \"sapMCbBg\")]"}
COMMAND: POST /session/be9a23df4294472c3cbe97a105488dd6/elements - {"using":"xpath","value":"//td[@aria-colindex=\"1\"]/div/div[contains(@class, \"sapMCbBg\")]"}
RESULT: {"using":"xpath","value":"//td[@aria-colindex=\"1\"]/div/div[contains(@class, \"sapMCbBg\")]"}
COMMAND: POST /session/be9a23df4294472c3cbe97a105488dd6/elements - {"using":"xpath","value":"//td[@aria-colindex=\"1\"]/div/div[contains(@class, \"sapMCbBg\")]"}
RESULT: {"using":"xpath","value":"//td[@aria-colindex=\"1\"]/div/div[contains(@class, \"sapMCbBg\")]"}
COMMAND: POST /session/be9a23df4294472c3cbe97a105488dd6/elements - {"using":"xpath","value":"//td[@aria-colindex=\"1\"]/div/div[contains(@class, \"sapMCbBg\")]"}
RESULT: {"using":"xpath","value":"//td[@aria-colindex=\"1\"]/div/div[contains(@class, \"sapMCbBg\")]"}
COMMAND: POST /session/be9a23df4294472c3cbe97a105488dd6/elements - {"using":"xpath","value":"//td[@aria-colindex=\"1\"]/div/div[contains(@class, \"sapMCbBg\")]"}
RESULT: {"using":"xpath","value":"//td[@aria-colindex=\"1\"]/div/div[contains(@class, \"sapMCbBg\")]"}
COMMAND: POST /session/be9a23df4294472c3cbe97a105488dd6/elements - {"using":"xpath","value":"//td[@aria-colindex=\"1\"]/div/div[contains(@class, \"sapMCbBg\")]"}
RESULT: {"using":"xpath","value":"//td[@aria-colindex=\"1\"]/div/div[contains(@class, \"sapMCbBg\")]"}
COMMAND: POST /session/be9a23df4294472c3cbe97a105488dd6/elements - {"using":"xpath","value":"//td[@aria-colindex=\"1\"]/div/div[contains(@class, \"sapMCbBg\")]"}
RESULT: {"using":"xpath","value":"//td[@aria-colindex=\"1\"]/div/div[contains(@class, \"sapMCbBg\")]"}
COMMAND: POST /session/be9a23df4294472c3cbe97a105488dd6/elements - {"using":"xpath","value":"//td[@aria-colindex=\"1\"]/div/div[contains(@class, \"sapMCbBg\")]"}
RESULT: {"using":"xpath","value":"//td[@aria-colindex=\"1\"]/div/div[contains(@class, \"sapMCbBg\")]"}
COMMAND: POST /session/be9a23df4294472c3cbe97a105488dd6/elements - {"using":"xpath","value":"//td[@aria-colindex=\"1\"]/div/div[contains(@class, \"sapMCbBg\")]"}
RESULT: {"using":"xpath","value":"//td[@aria-colindex=\"1\"]/div/div[contains(@class, \"sapMCbBg\")]"}
COMMAND: POST /session/be9a23df4294472c3cbe97a105488dd6/elements - {"using":"xpath","value":"//td[@aria-colindex=\"1\"]/div/div[contains(@class, \"sapMCbBg\")]"}
RESULT: {"using":"xpath","value":"//td[@aria-colindex=\"1\"]/div/div[contains(@class, \"sapMCbBg\")]"}
COMMAND: POST /session/be9a23df4294472c3cbe97a105488dd6/elements - {"using":"xpath","value":"//td[@aria-colindex=\"1\"]/div/div[contains(@class, \"sapMCbBg\")]"}
RESULT: {"using":"xpath","value":"//td[@aria-colindex=\"1\"]/div/div[contains(@class, \"sapMCbBg\")]"}
COMMAND: POST /session/be9a23df4294472c3cbe97a105488dd6/elements - {"using":"xpath","value":"//td[@aria-colindex=\"1\"]/div/div[contains(@class, \"sapMCbBg\")]"}
RESULT: {"using":"xpath","value":"//td[@aria-colindex=\"1\"]/div/div[contains(@class, \"sapMCbBg\")]"}
COMMAND: POST /session/be9a23df4294472c3cbe97a105488dd6/elements - {"using":"xpath","value":"//td[@aria-colindex=\"1\"]/div/div[contains(@class, \"sapMCbBg\")]"}
RESULT: {"using":"xpath","value":"//td[@aria-colindex=\"1\"]/div/div[contains(@class, \"sapMCbBg\")]"}
COMMAND: POST /session/be9a23df4294472c3cbe97a105488dd6/elements - {"using":"xpath","value":"//td[@aria-colindex=\"1\"]/div/div[contains(@class, \"sapMCbBg\")]"}
RESULT: {"using":"xpath","value":"//td[@aria-colindex=\"1\"]/div/div[contains(@class, \"sapMCbBg\")]"}
COMMAND: POST /session/be9a23df4294472c3cbe97a105488dd6/elements - {"using":"xpath","value":"//td[@aria-colindex=\"1\"]/div/div[contains(@class, \"sapMCbBg\")]"}
RESULT: {"using":"xpath","value":"//td[@aria-colindex=\"1\"]/div/div[contains(@class, \"sapMCbBg\")]"}
COMMAND: POST /session/be9a23df4294472c3cbe97a105488dd6/elements - {"using":"xpath","value":"//td[@aria-colindex=\"1\"]/div/div[contains(@class, \"sapMCbBg\")]"}
RESULT: {"using":"xpath","value":"//td[@aria-colindex=\"1\"]/div/div[contains(@class, \"sapMCbBg\")]"}
COMMAND: POST /session/be9a23df4294472c3cbe97a105488dd6/elements - {"using":"xpath","value":"//td[@aria-colindex=\"1\"]/div/div[contains(@class, \"sapMCbBg\")]"}
RESULT: {"using":"xpath","value":"//td[@aria-colindex=\"1\"]/div/div[contains(@class, \"sapMCbBg\")]"}
COMMAND: POST /session/be9a23df4294472c3cbe97a105488dd6/elements - {"using":"xpath","value":"//td[@aria-colindex=\"1\"]/div/div[contains(@class, \"sapMCbBg\")]"}
RESULT: {"using":"xpath","value":"//td[@aria-colindex=\"1\"]/div/div[contains(@class, \"sapMCbBg\")]"}
COMMAND: POST /session/be9a23df4294472c3cbe97a105488dd6/elements - {"using":"xpath","value":"//td[@aria-colindex=\"1\"]/div/div[contains(@class, \"sapMCbBg\")]"}
RESULT: {"using":"xpath","value":"//td[@aria-colindex=\"1\"]/div/div[contains(@class, \"sapMCbBg\")]"}
COMMAND: POST /session/be9a23df4294472c3cbe97a105488dd6/elements - {"using":"xpath","value":"//td[@aria-colindex=\"1\"]/div/div[contains(@class, \"sapMCbBg\")]"}
RESULT: {"using":"xpath","value":"//td[@aria-colindex=\"1\"]/div/div[contains(@class, \"sapMCbBg\")]"}
COMMAND: POST /session/be9a23df4294472c3cbe97a105488dd6/elements - {"using":"xpath","value":"//td[@aria-colindex=\"1\"]/div/div[contains(@class, \"sapMCbBg\")]"}
RESULT: {"using":"xpath","value":"//td[@aria-colindex=\"1\"]/div/div[contains(@class, \"sapMCbBg\")]"}
COMMAND: POST /session/be9a23df4294472c3cbe97a105488dd6/elements - {"using":"xpath","value":"//td[@aria-colindex=\"1\"]/div/div[contains(@class, \"sapMCbBg\")]"}
RESULT: {"using":"xpath","value":"//td[@aria-colindex=\"1\"]/div/div[contains(@class, \"sapMCbBg\")]"}
COMMAND: POST /session/be9a23df4294472c3cbe97a105488dd6/elements - {"using":"xpath","value":"//td[@aria-colindex=\"1\"]/div/div[contains(@class, \"sapMCbBg\")]"}
RESULT: {"using":"xpath","value":"//td[@aria-colindex=\"1\"]/div/div[contains(@class, \"sapMCbBg\")]"}
COMMAND: POST /session/be9a23df4294472c3cbe97a105488dd6/elements - {"using":"xpath","value":"//td[@aria-colindex=\"1\"]/div/div[contains(@class, \"sapMCbBg\")]"}
RESULT: {"using":"xpath","value":"//td[@aria-colindex=\"1\"]/div/div[contains(@class, \"sapMCbBg\")]"}
COMMAND: POST /session/be9a23df4294472c3cbe97a105488dd6/elements - {"using":"xpath","value":"//td[@aria-colindex=\"1\"]/div/div[contains(@class, \"sapMCbBg\")]"}
RESULT: {"using":"xpath","value":"//td[@aria-colindex=\"1\"]/div/div[contains(@class, \"sapMCbBg\")]"}
COMMAND: POST /session/be9a23df4294472c3cbe97a105488dd6/elements - {"using":"xpath","value":"//td[@aria-colindex=\"1\"]/div/div[contains(@class, \"sapMCbBg\")]"}
RESULT: {"using":"xpath","value":"//td[@aria-colindex=\"1\"]/div/div[contains(@class, \"sapMCbBg\")]"}
COMMAND: POST /session/be9a23df4294472c3cbe97a105488dd6/elements - {"using":"xpath","value":"//td[@aria-colindex=\"1\"]/div/div[contains(@class, \"sapMCbBg\")]"}
RESULT: {"using":"xpath","value":"//td[@aria-colindex=\"1\"]/div/div[contains(@class, \"sapMCbBg\")]"}
COMMAND: POST /session/be9a23df4294472c3cbe97a105488dd6/elements - {"using":"xpath","value":"//td[@aria-colindex=\"1\"]/div/div[contains(@class, \"sapMCbBg\")]"}
RESULT: {"using":"xpath","value":"//td[@aria-colindex=\"1\"]/div/div[contains(@class, \"sapMCbBg\")]"}
COMMAND: POST /session/be9a23df4294472c3cbe97a105488dd6/elements - {"using":"xpath","value":"//td[@aria-colindex=\"1\"]/div/div[contains(@class, \"sapMCbBg\")]"}
RESULT: {"using":"xpath","value":"//td[@aria-colindex=\"1\"]/div/div[contains(@class, \"sapMCbBg\")]"}
COMMAND: POST /session/be9a23df4294472c3cbe97a105488dd6/elements - {"using":"xpath","value":"//td[@aria-colindex=\"1\"]/div/div[contains(@class, \"sapMCbBg\")]"}
RESULT: {"using":"xpath","value":"//td[@aria-colindex=\"1\"]/div/div[contains(@class, \"sapMCbBg\")]"}
COMMAND: POST /session/be9a23df4294472c3cbe97a105488dd6/elements - {"using":"xpath","value":"//td[@aria-colindex=\"1\"]/div/div[contains(@class, \"sapMCbBg\")]"}
RESULT: {"using":"xpath","value":"//td[@aria-colindex=\"1\"]/div/div[contains(@class, \"sapMCbBg\")]"}
COMMAND: POST /session/be9a23df4294472c3cbe97a105488dd6/elements - {"using":"xpath","value":"//td[@aria-colindex=\"1\"]/div/div[contains(@class, \"sapMCbBg\")]"}
RESULT: {"using":"xpath","value":"//td[@aria-colindex=\"1\"]/div/div[contains(@class, \"sapMCbBg\")]"}
COMMAND: POST /session/be9a23df4294472c3cbe97a105488dd6/elements - {"using":"xpath","value":"//td[@aria-colindex=\"1\"]/div/div[contains(@class, \"sapMCbBg\")]"}
RESULT: {"using":"xpath","value":"//td[@aria-colindex=\"1\"]/div/div[contains(@class, \"sapMCbBg\")]"}
COMMAND: POST /session/be9a23df4294472c3cbe97a105488dd6/elements - {"using":"xpath","value":"//td[@aria-colindex=\"1\"]/div/div[contains(@class, \"sapMCbBg\")]"}
RESULT: {"using":"xpath","value":"//td[@aria-colindex=\"1\"]/div/div[contains(@class, \"sapMCbBg\")]"}
COMMAND: POST /session/be9a23df4294472c3cbe97a105488dd6/elements - {"using":"xpath","value":"//td[@aria-colindex=\"1\"]/div/div[contains(@class, \"sapMCbBg\")]"}
RESULT: {"using":"xpath","value":"//td[@aria-colindex=\"1\"]/div/div[contains(@class, \"sapMCbBg\")]"}
COMMAND: POST /session/be9a23df4294472c3cbe97a105488dd6/elements - {"using":"xpath","value":"//td[@aria-colindex=\"1\"]/div/div[contains(@class, \"sapMCbBg\")]"}
RESULT: {"using":"xpath","value":"//td[@aria-colindex=\"1\"]/div/div[contains(@class, \"sapMCbBg\")]"}
COMMAND: POST /session/be9a23df4294472c3cbe97a105488dd6/elements - {"using":"xpath","value":"//td[@aria-colindex=\"1\"]/div/div[contains(@class, \"sapMCbBg\")]"}
RESULT: {"using":"xpath","value":"//td[@aria-colindex=\"1\"]/div/div[contains(@class, \"sapMCbBg\")]"}
COMMAND: POST /session/be9a23df4294472c3cbe97a105488dd6/elements - {"using":"xpath","value":"//td[@aria-colindex=\"1\"]/div/div[contains(@class, \"sapMCbBg\")]"}
RESULT: {"using":"xpath","value":"//td[@aria-colindex=\"1\"]/div/div[contains(@class, \"sapMCbBg\")]"}
COMMAND: POST /session/be9a23df4294472c3cbe97a105488dd6/elements - {"using":"xpath","value":"//td[@aria-colindex=\"1\"]/div/div[contains(@class, \"sapMCbBg\")]"}
RESULT: {"using":"xpath","value":"//td[@aria-colindex=\"1\"]/div/div[contains(@class, \"sapMCbBg\")]"}
COMMAND: POST /session/be9a23df4294472c3cbe97a105488dd6/elements - {"using":"xpath","value":"//td[@aria-colindex=\"1\"]/div/div[contains(@class, \"sapMCbBg\")]"}
RESULT: {"using":"xpath","value":"//td[@aria-colindex=\"1\"]/div/div[contains(@class, \"sapMCbBg\")]"}
COMMAND: POST /session/be9a23df4294472c3cbe97a105488dd6/elements - {"using":"xpath","value":"//td[@aria-colindex=\"1\"]/div/div[contains(@class, \"sapMCbBg\")]"}
RESULT: {"using":"xpath","value":"//td[@aria-colindex=\"1\"]/div/div[contains(@class, \"sapMCbBg\")]"}
COMMAND: POST /session/be9a23df4294472c3cbe97a105488dd6/elements - {"using":"xpath","value":"//td[@aria-colindex=\"1\"]/div/div[contains(@class, \"sapMCbBg\")]"}
RESULT: {"using":"xpath","value":"//td[@aria-colindex=\"1\"]/div/div[contains(@class, \"sapMCbBg\")]"}
COMMAND: POST /session/be9a23df4294472c3cbe97a105488dd6/elements - {"using":"xpath","value":"//td[@aria-colindex=\"1\"]/div/div[contains(@class, \"sapMCbBg\")]"}
RESULT: {"using":"xpath","value":"//td[@aria-colindex=\"1\"]/div/div[contains(@class, \"sapMCbBg\")]"}
COMMAND: POST /session/be9a23df4294472c3cbe97a105488dd6/elements - {"using":"xpath","value":"//td[@aria-colindex=\"1\"]/div/div[contains(@class, \"sapMCbBg\")]"}
RESULT: {"using":"xpath","value":"//td[@aria-colindex=\"1\"]/div/div[contains(@class, \"sapMCbBg\")]"}
COMMAND: POST /session/be9a23df4294472c3cbe97a105488dd6/elements - {"using":"xpath","value":"//td[@aria-colindex=\"1\"]/div/div[contains(@class, \"sapMCbBg\")]"}
RESULT: {"using":"xpath","value":"//td[@aria-colindex=\"1\"]/div/div[contains(@class, \"sapMCbBg\")]"}
COMMAND: POST /session/be9a23df4294472c3cbe97a105488dd6/elements - {"using":"xpath","value":"//td[@aria-colindex=\"1\"]/div/div[contains(@class, \"sapMCbBg\")]"}
RESULT: {"using":"xpath","value":"//td[@aria-colindex=\"1\"]/div/div[contains(@class, \"sapMCbBg\")]"}
COMMAND: POST /session/be9a23df4294472c3cbe97a105488dd6/elements - {"using":"xpath","value":"//td[@aria-colindex=\"1\"]/div/div[contains(@class, \"sapMCbBg\")]"}
RESULT: {"using":"xpath","value":"//td[@aria-colindex=\"1\"]/div/div[contains(@class, \"sapMCbBg\")]"}
COMMAND: POST /session/be9a23df4294472c3cbe97a105488dd6/elements - {"using":"xpath","value":"//td[@aria-colindex=\"1\"]/div/div[contains(@class, \"sapMCbBg\")]"}
RESULT: {"using":"xpath","value":"//td[@aria-colindex=\"1\"]/div/div[contains(@class, \"sapMCbBg\")]"}
COMMAND: POST /session/be9a23df4294472c3cbe97a105488dd6/elements - {"using":"xpath","value":"//td[@aria-colindex=\"1\"]/div/div[contains(@class, \"sapMCbBg\")]"}
RESULT: {"using":"xpath","value":"//td[@aria-colindex=\"1\"]/div/div[contains(@class, \"sapMCbBg\")]"}
COMMAND: POST /session/be9a23df4294472c3cbe97a105488dd6/elements - {"using":"xpath","value":"//td[@aria-colindex=\"1\"]/div/div[contains(@class, \"sapMCbBg\")]"}
RESULT: {"using":"xpath","value":"//td[@aria-colindex=\"1\"]/div/div[contains(@class, \"sapMCbBg\")]"}
COMMAND: POST /session/be9a23df4294472c3cbe97a105488dd6/elements - {"using":"xpath","value":"//td[@aria-colindex=\"1\"]/div/div[contains(@class, \"sapMCbBg\")]"}
RESULT: {"using":"xpath","value":"//td[@aria-colindex=\"1\"]/div/div[contains(@class, \"sapMCbBg\")]"}
COMMAND: POST /session/be9a23df4294472c3cbe97a105488dd6/elements - {"using":"xpath","value":"//td[@aria-colindex=\"1\"]/div/div[contains(@class, \"sapMCbBg\")]"}
RESULT: {"using":"xpath","value":"//td[@aria-colindex=\"1\"]/div/div[contains(@class, \"sapMCbBg\")]"}
COMMAND: POST /session/be9a23df4294472c3cbe97a105488dd6/elements - {"using":"xpath","value":"//td[@aria-colindex=\"1\"]/div/div[contains(@class, \"sapMCbBg\")]"}
RESULT: {"using":"xpath","value":"//td[@aria-colindex=\"1\"]/div/div[contains(@class, \"sapMCbBg\")]"}
COMMAND: POST /session/be9a23df4294472c3cbe97a105488dd6/elements - {"using":"xpath","value":"//td[@aria-colindex=\"1\"]/div/div[contains(@class, \"sapMCbBg\")]"}
RESULT: {"using":"xpath","value":"//td[@aria-colindex=\"1\"]/div/div[contains(@class, \"sapMCbBg\")]"}
COMMAND: POST /session/be9a23df4294472c3cbe97a105488dd6/elements - {"using":"xpath","value":"//td[@aria-colindex=\"1\"]/div/div[contains(@class, \"sapMCbBg\")]"}
RESULT: {"using":"xpath","value":"//td[@aria-colindex=\"1\"]/div/div[contains(@class, \"sapMCbBg\")]"}
COMMAND: POST /session/be9a23df4294472c3cbe97a105488dd6/elements - {"using":"xpath","value":"//td[@aria-colindex=\"1\"]/div/div[contains(@class, \"sapMCbBg\")]"}
RESULT: {"using":"xpath","value":"//td[@aria-colindex=\"1\"]/div/div[contains(@class, \"sapMCbBg\")]"}
COMMAND: POST /session/be9a23df4294472c3cbe97a105488dd6/elements - {"using":"xpath","value":"//td[@aria-colindex=\"1\"]/div/div[contains(@class, \"sapMCbBg\")]"}
RESULT: {"using":"xpath","value":"//td[@aria-colindex=\"1\"]/div/div[contains(@class, \"sapMCbBg\")]"}
COMMAND: POST /session/be9a23df4294472c3cbe97a105488dd6/elements - {"using":"xpath","value":"//td[@aria-colindex=\"1\"]/div/div[contains(@class, \"sapMCbBg\")]"}
RESULT: {"using":"xpath","value":"//td[@aria-colindex=\"1\"]/div/div[contains(@class, \"sapMCbBg\")]"}
COMMAND: POST /session/be9a23df4294472c3cbe97a105488dd6/elements - {"using":"xpath","value":"//td[@aria-colindex=\"1\"]/div/div[contains(@class, \"sapMCbBg\")]"}
RESULT: {"using":"xpath","value":"//td[@aria-colindex=\"1\"]/div/div[contains(@class, \"sapMCbBg\")]"}
COMMAND: POST /session/be9a23df4294472c3cbe97a105488dd6/elements - {"using":"xpath","value":"//td[@aria-colindex=\"1\"]/div/div[contains(@class, \"sapMCbBg\")]"}
RESULT: {"using":"xpath","value":"//td[@aria-colindex=\"1\"]/div/div[contains(@class, \"sapMCbBg\")]"}
COMMAND: POST /session/be9a23df4294472c3cbe97a105488dd6/elements - {"using":"xpath","value":"//td[@aria-colindex=\"1\"]/div/div[contains(@class, \"sapMCbBg\")]"}
RESULT: {"using":"xpath","value":"//td[@aria-colindex=\"1\"]/div/div[contains(@class, \"sapMCbBg\")]"}
COMMAND: POST /session/be9a23df4294472c3cbe97a105488dd6/elements - {"using":"xpath","value":"//td[@aria-colindex=\"1\"]/div/div[contains(@class, \"sapMCbBg\")]"}
RESULT: {"using":"xpath","value":"//td[@aria-colindex=\"1\"]/div/div[contains(@class, \"sapMCbBg\")]"}
COMMAND: POST /session/be9a23df4294472c3cbe97a105488dd6/elements - {"using":"xpath","value":"//td[@aria-colindex=\"1\"]/div/div[contains(@class, \"sapMCbBg\")]"}
RESULT: {"using":"xpath","value":"//td[@aria-colindex=\"1\"]/div/div[contains(@class, \"sapMCbBg\")]"}
COMMAND: POST /session/be9a23df4294472c3cbe97a105488dd6/elements - {"using":"xpath","value":"//td[@aria-colindex=\"1\"]/div/div[contains(@class, \"sapMCbBg\")]"}
RESULT: {"using":"xpath","value":"//td[@aria-colindex=\"1\"]/div/div[contains(@class, \"sapMCbBg\")]"}
COMMAND: POST /session/be9a23df4294472c3cbe97a105488dd6/elements - {"using":"xpath","value":"//td[@aria-colindex=\"1\"]/div/div[contains(@class, \"sapMCbBg\")]"}
RESULT: {"using":"xpath","value":"//td[@aria-colindex=\"1\"]/div/div[contains(@class, \"sapMCbBg\")]"}
COMMAND: POST /session/be9a23df4294472c3cbe97a105488dd6/elements - {"using":"xpath","value":"//td[@aria-colindex=\"1\"]/div/div[contains(@class, \"sapMCbBg\")]"}
RESULT: {"using":"xpath","value":"//td[@aria-colindex=\"1\"]/div/div[contains(@class, \"sapMCbBg\")]"}
COMMAND: POST /session/be9a23df4294472c3cbe97a105488dd6/elements - {"using":"xpath","value":"//td[@aria-colindex=\"1\"]/div/div[contains(@class, \"sapMCbBg\")]"}
RESULT: {"using":"xpath","value":"//td[@aria-colindex=\"1\"]/div/div[contains(@class, \"sapMCbBg\")]"}
COMMAND: POST /session/be9a23df4294472c3cbe97a105488dd6/elements - {"using":"xpath","value":"//td[@aria-colindex=\"1\"]/div/div[contains(@class, \"sapMCbBg\")]"}
RESULT: {"using":"xpath","value":"//td[@aria-colindex=\"1\"]/div/div[contains(@class, \"sapMCbBg\")]"}
COMMAND: POST /session/be9a23df4294472c3cbe97a105488dd6/elements - {"using":"xpath","value":"//td[@aria-colindex=\"1\"]/div/div[contains(@class, \"sapMCbBg\")]"}
RESULT: {"using":"xpath","value":"//td[@aria-colindex=\"1\"]/div/div[contains(@class, \"sapMCbBg\")]"}
COMMAND: POST /session/be9a23df4294472c3cbe97a105488dd6/elements - {"using":"xpath","value":"//td[@aria-colindex=\"1\"]/div/div[contains(@class, \"sapMCbBg\")]"}
RESULT: {"using":"xpath","value":"//td[@aria-colindex=\"1\"]/div/div[contains(@class, \"sapMCbBg\")]"}
COMMAND: POST /session/be9a23df4294472c3cbe97a105488dd6/elements - {"using":"xpath","value":"//td[@aria-colindex=\"1\"]/div/div[contains(@class, \"sapMCbBg\")]"}
RESULT: {"using":"xpath","value":"//td[@aria-colindex=\"1\"]/div/div[contains(@class, \"sapMCbBg\")]"}
COMMAND: POST /session/be9a23df4294472c3cbe97a105488dd6/elements - {"using":"xpath","value":"//td[@aria-colindex=\"1\"]/div/div[contains(@class, \"sapMCbBg\")]"}
RESULT: {"using":"xpath","value":"//td[@aria-colindex=\"1\"]/div/div[contains(@class, \"sapMCbBg\")]"}
COMMAND: POST /session/be9a23df4294472c3cbe97a105488dd6/elements - {"using":"xpath","value":"//td[@aria-colindex=\"1\"]/div/div[contains(@class, \"sapMCbBg\")]"}
RESULT: {"using":"xpath","value":"//td[@aria-colindex=\"1\"]/div/div[contains(@class, \"sapMCbBg\")]"}
COMMAND: POST /session/be9a23df4294472c3cbe97a105488dd6/elements - {"using":"xpath","value":"//td[@aria-colindex=\"1\"]/div/div[contains(@class, \"sapMCbBg\")]"}
RESULT: {"using":"xpath","value":"//td[@aria-colindex=\"1\"]/div/div[contains(@class, \"sapMCbBg\")]"}
COMMAND: POST /session/be9a23df4294472c3cbe97a105488dd6/elements - {"using":"xpath","value":"//td[@aria-colindex=\"1\"]/div/div[contains(@class, \"sapMCbBg\")]"}
RESULT: {"using":"xpath","value":"//td[@aria-colindex=\"1\"]/div/div[contains(@class, \"sapMCbBg\")]"}
COMMAND: POST /session/be9a23df4294472c3cbe97a105488dd6/elements - {"using":"xpath","value":"//td[@aria-colindex=\"1\"]/div/div[contains(@class, \"sapMCbBg\")]"}
RESULT: {"using":"xpath","value":"//td[@aria-colindex=\"1\"]/div/div[contains(@class, \"sapMCbBg\")]"}
COMMAND: POST /session/be9a23df4294472c3cbe97a105488dd6/elements - {"using":"xpath","value":"//td[@aria-colindex=\"1\"]/div/div[contains(@class, \"sapMCbBg\")]"}
RESULT: {"using":"xpath","value":"//td[@aria-colindex=\"1\"]/div/div[contains(@class, \"sapMCbBg\")]"}
COMMAND: POST /session/be9a23df4294472c3cbe97a105488dd6/elements - {"using":"xpath","value":"//td[@aria-colindex=\"1\"]/div/div[contains(@class, \"sapMCbBg\")]"}
RESULT: {"using":"xpath","value":"//td[@aria-colindex=\"1\"]/div/div[contains(@class, \"sapMCbBg\")]"}
COMMAND: POST /session/be9a23df4294472c3cbe97a105488dd6/elements - {"using":"xpath","value":"//td[@aria-colindex=\"1\"]/div/div[contains(@class, \"sapMCbBg\")]"}
RESULT: {"using":"xpath","value":"//td[@aria-colindex=\"1\"]/div/div[contains(@class, \"sapMCbBg\")]"}
COMMAND: POST /session/be9a23df4294472c3cbe97a105488dd6/elements - {"using":"xpath","value":"//td[@aria-colindex=\"1\"]/div/div[contains(@class, \"sapMCbBg\")]"}
RESULT: {"using":"xpath","value":"//td[@aria-colindex=\"1\"]/div/div[contains(@class, \"sapMCbBg\")]"}
COMMAND: POST /session/be9a23df4294472c3cbe97a105488dd6/elements - {"using":"xpath","value":"//td[@aria-colindex=\"1\"]/div/div[contains(@class, \"sapMCbBg\")]"}
RESULT: {"using":"xpath","value":"//td[@aria-colindex=\"1\"]/div/div[contains(@class, \"sapMCbBg\")]"}
COMMAND: POST /session/be9a23df4294472c3cbe97a105488dd6/elements - {"using":"xpath","value":"//td[@aria-colindex=\"1\"]/div/div[contains(@class, \"sapMCbBg\")]"}
RESULT: {"using":"xpath","value":"//td[@aria-colindex=\"1\"]/div/div[contains(@class, \"sapMCbBg\")]"}
COMMAND: POST /session/be9a23df4294472c3cbe97a105488dd6/elements - {"using":"xpath","value":"//td[@aria-colindex=\"1\"]/div/div[contains(@class, \"sapMCbBg\")]"}
RESULT: {"using":"xpath","value":"//td[@aria-colindex=\"1\"]/div/div[contains(@class, \"sapMCbBg\")]"}
COMMAND: POST /session/be9a23df4294472c3cbe97a105488dd6/elements - {"using":"xpath","value":"//td[@aria-colindex=\"1\"]/div/div[contains(@class, \"sapMCbBg\")]"}
RESULT: {"using":"xpath","value":"//td[@aria-colindex=\"1\"]/div/div[contains(@class, \"sapMCbBg\")]"}
COMMAND: POST /session/be9a23df4294472c3cbe97a105488dd6/elements - {"using":"xpath","value":"//td[@aria-colindex=\"1\"]/div/div[contains(@class, \"sapMCbBg\")]"}
RESULT: {"using":"xpath","value":"//td[@aria-colindex=\"1\"]/div/div[contains(@class, \"sapMCbBg\")]"}
COMMAND: POST /session/be9a23df4294472c3cbe97a105488dd6/elements - {"using":"xpath","value":"//td[@aria-colindex=\"1\"]/div/div[contains(@class, \"sapMCbBg\")]"}
RESULT: {"using":"xpath","value":"//td[@aria-colindex=\"1\"]/div/div[contains(@class, \"sapMCbBg\")]"}
COMMAND: POST /session/be9a23df4294472c3cbe97a105488dd6/elements - {"using":"xpath","value":"//td[@aria-colindex=\"1\"]/div/div[contains(@class, \"sapMCbBg\")]"}
RESULT: {"using":"xpath","value":"//td[@aria-colindex=\"1\"]/div/div[contains(@class, \"sapMCbBg\")]"}
COMMAND: POST /session/be9a23df4294472c3cbe97a105488dd6/elements - {"using":"xpath","value":"//td[@aria-colindex=\"1\"]/div/div[contains(@class, \"sapMCbBg\")]"}
RESULT: {"using":"xpath","value":"//td[@aria-colindex=\"1\"]/div/div[contains(@class, \"sapMCbBg\")]"}
COMMAND: POST /session/be9a23df4294472c3cbe97a105488dd6/elements - {"using":"xpath","value":"//td[@aria-colindex=\"1\"]/div/div[contains(@class, \"sapMCbBg\")]"}
RESULT: {"using":"xpath","value":"//td[@aria-colindex=\"1\"]/div/div[contains(@class, \"sapMCbBg\")]"}
COMMAND: POST /session/be9a23df4294472c3cbe97a105488dd6/elements - {"using":"xpath","value":"//td[@aria-colindex=\"1\"]/div/div[contains(@class, \"sapMCbBg\")]"}
RESULT: {"using":"xpath","value":"//td[@aria-colindex=\"1\"]/div/div[contains(@class, \"sapMCbBg\")]"}
COMMAND: GET /session/be9a23df4294472c3cbe97a105488dd6/screenshot - {}
RESULT: {}
]]></system-out>
      <system-err><![CDATA[
Error: Can't call click on element with selector "//td[@aria-colindex="1"]/div/div[contains(@class, "sapMCbBg")]" because element wasn't found
    at async UtilsPrerequisites.manageBillingsTriggerCalculation (D:\a\1\s\test\specs\BTS\prerequisites-and-utils-functions.js:2750:9)
    at async Context.<anonymous> (D:\a\1\s\test\specs\BTS\billing-calculation-transp-times.spec.js:77:9)
]]></system-err>
    </testcase>
    <testcase classname="chrome.136_0_7103_93.windows.Billing_Calculation_-_Time_based_(considering_transport_times)_US139738" name="Should transfer the billing all the way to completion" time="56.313">
      <failure/>
      <error message="element (&quot;//input[contains(@id ,&quot;application-billingtransfer-display-component---billingWorkbench--smartFilterBar-btnBasicSearch&quot;)]&quot;) still not existing after 45000ms"/>
      <system-out><![CDATA[
COMMAND: GET /session/be9a23df4294472c3cbe97a105488dd6/screenshot - {}
COMMAND: POST /session/be9a23df4294472c3cbe97a105488dd6/execute/async - {"script":"<script> [1562 bytes]","args":[{"selector":{"controlType":"sap.m.GenericTile","properties":{"header":"Billing Transfer"}},"wdio_ui5_key":"sapm.GenericTile{\"header\":\"Billing Transfer\"}"}]}
RESULT: {"script":"<script> [1562 bytes]","args":[{"selector":{"controlType":"sap.m.GenericTile","properties":{"header":"Billing Transfer"}},"wdio_ui5_key":"sapm.GenericTile{\"header\":\"Billing Transfer\"}"}]}
RESULT: undefined
RESULT: {}
COMMAND: POST /session/be9a23df4294472c3cbe97a105488dd6/elements - {"using":"xpath","value":"//span[text()='Error']"}
RESULT: {"using":"xpath","value":"//span[text()='Error']"}
COMMAND: POST /session/be9a23df4294472c3cbe97a105488dd6/element - {"using":"xpath","value":"//input[contains(@id ,\"application-billingtransfer-display-component---billingWorkbench--smartFilterBar-btnBasicSearch\")]"}
RESULT: {"using":"xpath","value":"//input[contains(@id ,\"application-billingtransfer-display-component---billingWorkbench--smartFilterBar-btnBasicSearch\")]"}
COMMAND: POST /session/be9a23df4294472c3cbe97a105488dd6/elements - {"using":"xpath","value":"//input[contains(@id ,\"application-billingtransfer-display-component---billingWorkbench--smartFilterBar-btnBasicSearch\")]"}
RESULT: {"using":"xpath","value":"//input[contains(@id ,\"application-billingtransfer-display-component---billingWorkbench--smartFilterBar-btnBasicSearch\")]"}
COMMAND: POST /session/be9a23df4294472c3cbe97a105488dd6/elements - {"using":"xpath","value":"//input[contains(@id ,\"application-billingtransfer-display-component---billingWorkbench--smartFilterBar-btnBasicSearch\")]"}
RESULT: {"using":"xpath","value":"//input[contains(@id ,\"application-billingtransfer-display-component---billingWorkbench--smartFilterBar-btnBasicSearch\")]"}
COMMAND: POST /session/be9a23df4294472c3cbe97a105488dd6/elements - {"using":"xpath","value":"//input[contains(@id ,\"application-billingtransfer-display-component---billingWorkbench--smartFilterBar-btnBasicSearch\")]"}
RESULT: {"using":"xpath","value":"//input[contains(@id ,\"application-billingtransfer-display-component---billingWorkbench--smartFilterBar-btnBasicSearch\")]"}
COMMAND: POST /session/be9a23df4294472c3cbe97a105488dd6/elements - {"using":"xpath","value":"//input[contains(@id ,\"application-billingtransfer-display-component---billingWorkbench--smartFilterBar-btnBasicSearch\")]"}
RESULT: {"using":"xpath","value":"//input[contains(@id ,\"application-billingtransfer-display-component---billingWorkbench--smartFilterBar-btnBasicSearch\")]"}
COMMAND: POST /session/be9a23df4294472c3cbe97a105488dd6/elements - {"using":"xpath","value":"//input[contains(@id ,\"application-billingtransfer-display-component---billingWorkbench--smartFilterBar-btnBasicSearch\")]"}
RESULT: {"using":"xpath","value":"//input[contains(@id ,\"application-billingtransfer-display-component---billingWorkbench--smartFilterBar-btnBasicSearch\")]"}
COMMAND: POST /session/be9a23df4294472c3cbe97a105488dd6/elements - {"using":"xpath","value":"//input[contains(@id ,\"application-billingtransfer-display-component---billingWorkbench--smartFilterBar-btnBasicSearch\")]"}
RESULT: {"using":"xpath","value":"//input[contains(@id ,\"application-billingtransfer-display-component---billingWorkbench--smartFilterBar-btnBasicSearch\")]"}
COMMAND: POST /session/be9a23df4294472c3cbe97a105488dd6/elements - {"using":"xpath","value":"//input[contains(@id ,\"application-billingtransfer-display-component---billingWorkbench--smartFilterBar-btnBasicSearch\")]"}
RESULT: {"using":"xpath","value":"//input[contains(@id ,\"application-billingtransfer-display-component---billingWorkbench--smartFilterBar-btnBasicSearch\")]"}
COMMAND: POST /session/be9a23df4294472c3cbe97a105488dd6/elements - {"using":"xpath","value":"//input[contains(@id ,\"application-billingtransfer-display-component---billingWorkbench--smartFilterBar-btnBasicSearch\")]"}
RESULT: {"using":"xpath","value":"//input[contains(@id ,\"application-billingtransfer-display-component---billingWorkbench--smartFilterBar-btnBasicSearch\")]"}
COMMAND: POST /session/be9a23df4294472c3cbe97a105488dd6/elements - {"using":"xpath","value":"//input[contains(@id ,\"application-billingtransfer-display-component---billingWorkbench--smartFilterBar-btnBasicSearch\")]"}
RESULT: {"using":"xpath","value":"//input[contains(@id ,\"application-billingtransfer-display-component---billingWorkbench--smartFilterBar-btnBasicSearch\")]"}
COMMAND: POST /session/be9a23df4294472c3cbe97a105488dd6/elements - {"using":"xpath","value":"//input[contains(@id ,\"application-billingtransfer-display-component---billingWorkbench--smartFilterBar-btnBasicSearch\")]"}
RESULT: {"using":"xpath","value":"//input[contains(@id ,\"application-billingtransfer-display-component---billingWorkbench--smartFilterBar-btnBasicSearch\")]"}
COMMAND: POST /session/be9a23df4294472c3cbe97a105488dd6/elements - {"using":"xpath","value":"//input[contains(@id ,\"application-billingtransfer-display-component---billingWorkbench--smartFilterBar-btnBasicSearch\")]"}
RESULT: {"using":"xpath","value":"//input[contains(@id ,\"application-billingtransfer-display-component---billingWorkbench--smartFilterBar-btnBasicSearch\")]"}
COMMAND: POST /session/be9a23df4294472c3cbe97a105488dd6/elements - {"using":"xpath","value":"//input[contains(@id ,\"application-billingtransfer-display-component---billingWorkbench--smartFilterBar-btnBasicSearch\")]"}
RESULT: {"using":"xpath","value":"//input[contains(@id ,\"application-billingtransfer-display-component---billingWorkbench--smartFilterBar-btnBasicSearch\")]"}
COMMAND: POST /session/be9a23df4294472c3cbe97a105488dd6/elements - {"using":"xpath","value":"//input[contains(@id ,\"application-billingtransfer-display-component---billingWorkbench--smartFilterBar-btnBasicSearch\")]"}
RESULT: {"using":"xpath","value":"//input[contains(@id ,\"application-billingtransfer-display-component---billingWorkbench--smartFilterBar-btnBasicSearch\")]"}
COMMAND: POST /session/be9a23df4294472c3cbe97a105488dd6/elements - {"using":"xpath","value":"//input[contains(@id ,\"application-billingtransfer-display-component---billingWorkbench--smartFilterBar-btnBasicSearch\")]"}
RESULT: {"using":"xpath","value":"//input[contains(@id ,\"application-billingtransfer-display-component---billingWorkbench--smartFilterBar-btnBasicSearch\")]"}
COMMAND: POST /session/be9a23df4294472c3cbe97a105488dd6/elements - {"using":"xpath","value":"//input[contains(@id ,\"application-billingtransfer-display-component---billingWorkbench--smartFilterBar-btnBasicSearch\")]"}
RESULT: {"using":"xpath","value":"//input[contains(@id ,\"application-billingtransfer-display-component---billingWorkbench--smartFilterBar-btnBasicSearch\")]"}
COMMAND: POST /session/be9a23df4294472c3cbe97a105488dd6/elements - {"using":"xpath","value":"//input[contains(@id ,\"application-billingtransfer-display-component---billingWorkbench--smartFilterBar-btnBasicSearch\")]"}
RESULT: {"using":"xpath","value":"//input[contains(@id ,\"application-billingtransfer-display-component---billingWorkbench--smartFilterBar-btnBasicSearch\")]"}
COMMAND: POST /session/be9a23df4294472c3cbe97a105488dd6/elements - {"using":"xpath","value":"//input[contains(@id ,\"application-billingtransfer-display-component---billingWorkbench--smartFilterBar-btnBasicSearch\")]"}
RESULT: {"using":"xpath","value":"//input[contains(@id ,\"application-billingtransfer-display-component---billingWorkbench--smartFilterBar-btnBasicSearch\")]"}
COMMAND: POST /session/be9a23df4294472c3cbe97a105488dd6/elements - {"using":"xpath","value":"//input[contains(@id ,\"application-billingtransfer-display-component---billingWorkbench--smartFilterBar-btnBasicSearch\")]"}
RESULT: {"using":"xpath","value":"//input[contains(@id ,\"application-billingtransfer-display-component---billingWorkbench--smartFilterBar-btnBasicSearch\")]"}
COMMAND: POST /session/be9a23df4294472c3cbe97a105488dd6/elements - {"using":"xpath","value":"//input[contains(@id ,\"application-billingtransfer-display-component---billingWorkbench--smartFilterBar-btnBasicSearch\")]"}
RESULT: {"using":"xpath","value":"//input[contains(@id ,\"application-billingtransfer-display-component---billingWorkbench--smartFilterBar-btnBasicSearch\")]"}
COMMAND: POST /session/be9a23df4294472c3cbe97a105488dd6/elements - {"using":"xpath","value":"//input[contains(@id ,\"application-billingtransfer-display-component---billingWorkbench--smartFilterBar-btnBasicSearch\")]"}
RESULT: {"using":"xpath","value":"//input[contains(@id ,\"application-billingtransfer-display-component---billingWorkbench--smartFilterBar-btnBasicSearch\")]"}
COMMAND: POST /session/be9a23df4294472c3cbe97a105488dd6/elements - {"using":"xpath","value":"//input[contains(@id ,\"application-billingtransfer-display-component---billingWorkbench--smartFilterBar-btnBasicSearch\")]"}
RESULT: {"using":"xpath","value":"//input[contains(@id ,\"application-billingtransfer-display-component---billingWorkbench--smartFilterBar-btnBasicSearch\")]"}
COMMAND: POST /session/be9a23df4294472c3cbe97a105488dd6/elements - {"using":"xpath","value":"//input[contains(@id ,\"application-billingtransfer-display-component---billingWorkbench--smartFilterBar-btnBasicSearch\")]"}
RESULT: {"using":"xpath","value":"//input[contains(@id ,\"application-billingtransfer-display-component---billingWorkbench--smartFilterBar-btnBasicSearch\")]"}
COMMAND: POST /session/be9a23df4294472c3cbe97a105488dd6/elements - {"using":"xpath","value":"//input[contains(@id ,\"application-billingtransfer-display-component---billingWorkbench--smartFilterBar-btnBasicSearch\")]"}
RESULT: {"using":"xpath","value":"//input[contains(@id ,\"application-billingtransfer-display-component---billingWorkbench--smartFilterBar-btnBasicSearch\")]"}
COMMAND: POST /session/be9a23df4294472c3cbe97a105488dd6/elements - {"using":"xpath","value":"//input[contains(@id ,\"application-billingtransfer-display-component---billingWorkbench--smartFilterBar-btnBasicSearch\")]"}
RESULT: {"using":"xpath","value":"//input[contains(@id ,\"application-billingtransfer-display-component---billingWorkbench--smartFilterBar-btnBasicSearch\")]"}
COMMAND: POST /session/be9a23df4294472c3cbe97a105488dd6/elements - {"using":"xpath","value":"//input[contains(@id ,\"application-billingtransfer-display-component---billingWorkbench--smartFilterBar-btnBasicSearch\")]"}
RESULT: {"using":"xpath","value":"//input[contains(@id ,\"application-billingtransfer-display-component---billingWorkbench--smartFilterBar-btnBasicSearch\")]"}
COMMAND: POST /session/be9a23df4294472c3cbe97a105488dd6/elements - {"using":"xpath","value":"//input[contains(@id ,\"application-billingtransfer-display-component---billingWorkbench--smartFilterBar-btnBasicSearch\")]"}
RESULT: {"using":"xpath","value":"//input[contains(@id ,\"application-billingtransfer-display-component---billingWorkbench--smartFilterBar-btnBasicSearch\")]"}
COMMAND: POST /session/be9a23df4294472c3cbe97a105488dd6/elements - {"using":"xpath","value":"//input[contains(@id ,\"application-billingtransfer-display-component---billingWorkbench--smartFilterBar-btnBasicSearch\")]"}
RESULT: {"using":"xpath","value":"//input[contains(@id ,\"application-billingtransfer-display-component---billingWorkbench--smartFilterBar-btnBasicSearch\")]"}
COMMAND: POST /session/be9a23df4294472c3cbe97a105488dd6/elements - {"using":"xpath","value":"//input[contains(@id ,\"application-billingtransfer-display-component---billingWorkbench--smartFilterBar-btnBasicSearch\")]"}
RESULT: {"using":"xpath","value":"//input[contains(@id ,\"application-billingtransfer-display-component---billingWorkbench--smartFilterBar-btnBasicSearch\")]"}
COMMAND: POST /session/be9a23df4294472c3cbe97a105488dd6/elements - {"using":"xpath","value":"//input[contains(@id ,\"application-billingtransfer-display-component---billingWorkbench--smartFilterBar-btnBasicSearch\")]"}
RESULT: {"using":"xpath","value":"//input[contains(@id ,\"application-billingtransfer-display-component---billingWorkbench--smartFilterBar-btnBasicSearch\")]"}
COMMAND: POST /session/be9a23df4294472c3cbe97a105488dd6/elements - {"using":"xpath","value":"//input[contains(@id ,\"application-billingtransfer-display-component---billingWorkbench--smartFilterBar-btnBasicSearch\")]"}
RESULT: {"using":"xpath","value":"//input[contains(@id ,\"application-billingtransfer-display-component---billingWorkbench--smartFilterBar-btnBasicSearch\")]"}
COMMAND: POST /session/be9a23df4294472c3cbe97a105488dd6/elements - {"using":"xpath","value":"//input[contains(@id ,\"application-billingtransfer-display-component---billingWorkbench--smartFilterBar-btnBasicSearch\")]"}
RESULT: {"using":"xpath","value":"//input[contains(@id ,\"application-billingtransfer-display-component---billingWorkbench--smartFilterBar-btnBasicSearch\")]"}
COMMAND: POST /session/be9a23df4294472c3cbe97a105488dd6/elements - {"using":"xpath","value":"//input[contains(@id ,\"application-billingtransfer-display-component---billingWorkbench--smartFilterBar-btnBasicSearch\")]"}
RESULT: {"using":"xpath","value":"//input[contains(@id ,\"application-billingtransfer-display-component---billingWorkbench--smartFilterBar-btnBasicSearch\")]"}
COMMAND: POST /session/be9a23df4294472c3cbe97a105488dd6/elements - {"using":"xpath","value":"//input[contains(@id ,\"application-billingtransfer-display-component---billingWorkbench--smartFilterBar-btnBasicSearch\")]"}
RESULT: {"using":"xpath","value":"//input[contains(@id ,\"application-billingtransfer-display-component---billingWorkbench--smartFilterBar-btnBasicSearch\")]"}
COMMAND: POST /session/be9a23df4294472c3cbe97a105488dd6/elements - {"using":"xpath","value":"//input[contains(@id ,\"application-billingtransfer-display-component---billingWorkbench--smartFilterBar-btnBasicSearch\")]"}
RESULT: {"using":"xpath","value":"//input[contains(@id ,\"application-billingtransfer-display-component---billingWorkbench--smartFilterBar-btnBasicSearch\")]"}
COMMAND: POST /session/be9a23df4294472c3cbe97a105488dd6/elements - {"using":"xpath","value":"//input[contains(@id ,\"application-billingtransfer-display-component---billingWorkbench--smartFilterBar-btnBasicSearch\")]"}
RESULT: {"using":"xpath","value":"//input[contains(@id ,\"application-billingtransfer-display-component---billingWorkbench--smartFilterBar-btnBasicSearch\")]"}
COMMAND: POST /session/be9a23df4294472c3cbe97a105488dd6/elements - {"using":"xpath","value":"//input[contains(@id ,\"application-billingtransfer-display-component---billingWorkbench--smartFilterBar-btnBasicSearch\")]"}
RESULT: {"using":"xpath","value":"//input[contains(@id ,\"application-billingtransfer-display-component---billingWorkbench--smartFilterBar-btnBasicSearch\")]"}
COMMAND: POST /session/be9a23df4294472c3cbe97a105488dd6/elements - {"using":"xpath","value":"//input[contains(@id ,\"application-billingtransfer-display-component---billingWorkbench--smartFilterBar-btnBasicSearch\")]"}
RESULT: {"using":"xpath","value":"//input[contains(@id ,\"application-billingtransfer-display-component---billingWorkbench--smartFilterBar-btnBasicSearch\")]"}
COMMAND: POST /session/be9a23df4294472c3cbe97a105488dd6/elements - {"using":"xpath","value":"//input[contains(@id ,\"application-billingtransfer-display-component---billingWorkbench--smartFilterBar-btnBasicSearch\")]"}
RESULT: {"using":"xpath","value":"//input[contains(@id ,\"application-billingtransfer-display-component---billingWorkbench--smartFilterBar-btnBasicSearch\")]"}
COMMAND: POST /session/be9a23df4294472c3cbe97a105488dd6/elements - {"using":"xpath","value":"//input[contains(@id ,\"application-billingtransfer-display-component---billingWorkbench--smartFilterBar-btnBasicSearch\")]"}
RESULT: {"using":"xpath","value":"//input[contains(@id ,\"application-billingtransfer-display-component---billingWorkbench--smartFilterBar-btnBasicSearch\")]"}
COMMAND: POST /session/be9a23df4294472c3cbe97a105488dd6/elements - {"using":"xpath","value":"//input[contains(@id ,\"application-billingtransfer-display-component---billingWorkbench--smartFilterBar-btnBasicSearch\")]"}
RESULT: {"using":"xpath","value":"//input[contains(@id ,\"application-billingtransfer-display-component---billingWorkbench--smartFilterBar-btnBasicSearch\")]"}
COMMAND: POST /session/be9a23df4294472c3cbe97a105488dd6/elements - {"using":"xpath","value":"//input[contains(@id ,\"application-billingtransfer-display-component---billingWorkbench--smartFilterBar-btnBasicSearch\")]"}
RESULT: {"using":"xpath","value":"//input[contains(@id ,\"application-billingtransfer-display-component---billingWorkbench--smartFilterBar-btnBasicSearch\")]"}
COMMAND: POST /session/be9a23df4294472c3cbe97a105488dd6/elements - {"using":"xpath","value":"//input[contains(@id ,\"application-billingtransfer-display-component---billingWorkbench--smartFilterBar-btnBasicSearch\")]"}
RESULT: {"using":"xpath","value":"//input[contains(@id ,\"application-billingtransfer-display-component---billingWorkbench--smartFilterBar-btnBasicSearch\")]"}
COMMAND: POST /session/be9a23df4294472c3cbe97a105488dd6/elements - {"using":"xpath","value":"//input[contains(@id ,\"application-billingtransfer-display-component---billingWorkbench--smartFilterBar-btnBasicSearch\")]"}
RESULT: {"using":"xpath","value":"//input[contains(@id ,\"application-billingtransfer-display-component---billingWorkbench--smartFilterBar-btnBasicSearch\")]"}
COMMAND: POST /session/be9a23df4294472c3cbe97a105488dd6/elements - {"using":"xpath","value":"//input[contains(@id ,\"application-billingtransfer-display-component---billingWorkbench--smartFilterBar-btnBasicSearch\")]"}
RESULT: {"using":"xpath","value":"//input[contains(@id ,\"application-billingtransfer-display-component---billingWorkbench--smartFilterBar-btnBasicSearch\")]"}
COMMAND: POST /session/be9a23df4294472c3cbe97a105488dd6/elements - {"using":"xpath","value":"//input[contains(@id ,\"application-billingtransfer-display-component---billingWorkbench--smartFilterBar-btnBasicSearch\")]"}
RESULT: {"using":"xpath","value":"//input[contains(@id ,\"application-billingtransfer-display-component---billingWorkbench--smartFilterBar-btnBasicSearch\")]"}
COMMAND: POST /session/be9a23df4294472c3cbe97a105488dd6/elements - {"using":"xpath","value":"//input[contains(@id ,\"application-billingtransfer-display-component---billingWorkbench--smartFilterBar-btnBasicSearch\")]"}
RESULT: {"using":"xpath","value":"//input[contains(@id ,\"application-billingtransfer-display-component---billingWorkbench--smartFilterBar-btnBasicSearch\")]"}
COMMAND: POST /session/be9a23df4294472c3cbe97a105488dd6/elements - {"using":"xpath","value":"//input[contains(@id ,\"application-billingtransfer-display-component---billingWorkbench--smartFilterBar-btnBasicSearch\")]"}
RESULT: {"using":"xpath","value":"//input[contains(@id ,\"application-billingtransfer-display-component---billingWorkbench--smartFilterBar-btnBasicSearch\")]"}
COMMAND: POST /session/be9a23df4294472c3cbe97a105488dd6/elements - {"using":"xpath","value":"//input[contains(@id ,\"application-billingtransfer-display-component---billingWorkbench--smartFilterBar-btnBasicSearch\")]"}
RESULT: {"using":"xpath","value":"//input[contains(@id ,\"application-billingtransfer-display-component---billingWorkbench--smartFilterBar-btnBasicSearch\")]"}
COMMAND: POST /session/be9a23df4294472c3cbe97a105488dd6/elements - {"using":"xpath","value":"//input[contains(@id ,\"application-billingtransfer-display-component---billingWorkbench--smartFilterBar-btnBasicSearch\")]"}
RESULT: {"using":"xpath","value":"//input[contains(@id ,\"application-billingtransfer-display-component---billingWorkbench--smartFilterBar-btnBasicSearch\")]"}
COMMAND: POST /session/be9a23df4294472c3cbe97a105488dd6/elements - {"using":"xpath","value":"//input[contains(@id ,\"application-billingtransfer-display-component---billingWorkbench--smartFilterBar-btnBasicSearch\")]"}
RESULT: {"using":"xpath","value":"//input[contains(@id ,\"application-billingtransfer-display-component---billingWorkbench--smartFilterBar-btnBasicSearch\")]"}
COMMAND: POST /session/be9a23df4294472c3cbe97a105488dd6/elements - {"using":"xpath","value":"//input[contains(@id ,\"application-billingtransfer-display-component---billingWorkbench--smartFilterBar-btnBasicSearch\")]"}
RESULT: {"using":"xpath","value":"//input[contains(@id ,\"application-billingtransfer-display-component---billingWorkbench--smartFilterBar-btnBasicSearch\")]"}
COMMAND: POST /session/be9a23df4294472c3cbe97a105488dd6/elements - {"using":"xpath","value":"//input[contains(@id ,\"application-billingtransfer-display-component---billingWorkbench--smartFilterBar-btnBasicSearch\")]"}
RESULT: {"using":"xpath","value":"//input[contains(@id ,\"application-billingtransfer-display-component---billingWorkbench--smartFilterBar-btnBasicSearch\")]"}
COMMAND: POST /session/be9a23df4294472c3cbe97a105488dd6/elements - {"using":"xpath","value":"//input[contains(@id ,\"application-billingtransfer-display-component---billingWorkbench--smartFilterBar-btnBasicSearch\")]"}
RESULT: {"using":"xpath","value":"//input[contains(@id ,\"application-billingtransfer-display-component---billingWorkbench--smartFilterBar-btnBasicSearch\")]"}
COMMAND: POST /session/be9a23df4294472c3cbe97a105488dd6/elements - {"using":"xpath","value":"//input[contains(@id ,\"application-billingtransfer-display-component---billingWorkbench--smartFilterBar-btnBasicSearch\")]"}
RESULT: {"using":"xpath","value":"//input[contains(@id ,\"application-billingtransfer-display-component---billingWorkbench--smartFilterBar-btnBasicSearch\")]"}
COMMAND: POST /session/be9a23df4294472c3cbe97a105488dd6/elements - {"using":"xpath","value":"//input[contains(@id ,\"application-billingtransfer-display-component---billingWorkbench--smartFilterBar-btnBasicSearch\")]"}
RESULT: {"using":"xpath","value":"//input[contains(@id ,\"application-billingtransfer-display-component---billingWorkbench--smartFilterBar-btnBasicSearch\")]"}
COMMAND: POST /session/be9a23df4294472c3cbe97a105488dd6/elements - {"using":"xpath","value":"//input[contains(@id ,\"application-billingtransfer-display-component---billingWorkbench--smartFilterBar-btnBasicSearch\")]"}
RESULT: {"using":"xpath","value":"//input[contains(@id ,\"application-billingtransfer-display-component---billingWorkbench--smartFilterBar-btnBasicSearch\")]"}
COMMAND: POST /session/be9a23df4294472c3cbe97a105488dd6/elements - {"using":"xpath","value":"//input[contains(@id ,\"application-billingtransfer-display-component---billingWorkbench--smartFilterBar-btnBasicSearch\")]"}
RESULT: {"using":"xpath","value":"//input[contains(@id ,\"application-billingtransfer-display-component---billingWorkbench--smartFilterBar-btnBasicSearch\")]"}
COMMAND: POST /session/be9a23df4294472c3cbe97a105488dd6/elements - {"using":"xpath","value":"//input[contains(@id ,\"application-billingtransfer-display-component---billingWorkbench--smartFilterBar-btnBasicSearch\")]"}
RESULT: {"using":"xpath","value":"//input[contains(@id ,\"application-billingtransfer-display-component---billingWorkbench--smartFilterBar-btnBasicSearch\")]"}
COMMAND: POST /session/be9a23df4294472c3cbe97a105488dd6/elements - {"using":"xpath","value":"//input[contains(@id ,\"application-billingtransfer-display-component---billingWorkbench--smartFilterBar-btnBasicSearch\")]"}
RESULT: {"using":"xpath","value":"//input[contains(@id ,\"application-billingtransfer-display-component---billingWorkbench--smartFilterBar-btnBasicSearch\")]"}
COMMAND: POST /session/be9a23df4294472c3cbe97a105488dd6/elements - {"using":"xpath","value":"//input[contains(@id ,\"application-billingtransfer-display-component---billingWorkbench--smartFilterBar-btnBasicSearch\")]"}
RESULT: {"using":"xpath","value":"//input[contains(@id ,\"application-billingtransfer-display-component---billingWorkbench--smartFilterBar-btnBasicSearch\")]"}
COMMAND: POST /session/be9a23df4294472c3cbe97a105488dd6/elements - {"using":"xpath","value":"//input[contains(@id ,\"application-billingtransfer-display-component---billingWorkbench--smartFilterBar-btnBasicSearch\")]"}
RESULT: {"using":"xpath","value":"//input[contains(@id ,\"application-billingtransfer-display-component---billingWorkbench--smartFilterBar-btnBasicSearch\")]"}
COMMAND: POST /session/be9a23df4294472c3cbe97a105488dd6/elements - {"using":"xpath","value":"//input[contains(@id ,\"application-billingtransfer-display-component---billingWorkbench--smartFilterBar-btnBasicSearch\")]"}
RESULT: {"using":"xpath","value":"//input[contains(@id ,\"application-billingtransfer-display-component---billingWorkbench--smartFilterBar-btnBasicSearch\")]"}
COMMAND: POST /session/be9a23df4294472c3cbe97a105488dd6/elements - {"using":"xpath","value":"//input[contains(@id ,\"application-billingtransfer-display-component---billingWorkbench--smartFilterBar-btnBasicSearch\")]"}
RESULT: {"using":"xpath","value":"//input[contains(@id ,\"application-billingtransfer-display-component---billingWorkbench--smartFilterBar-btnBasicSearch\")]"}
COMMAND: POST /session/be9a23df4294472c3cbe97a105488dd6/elements - {"using":"xpath","value":"//input[contains(@id ,\"application-billingtransfer-display-component---billingWorkbench--smartFilterBar-btnBasicSearch\")]"}
RESULT: {"using":"xpath","value":"//input[contains(@id ,\"application-billingtransfer-display-component---billingWorkbench--smartFilterBar-btnBasicSearch\")]"}
COMMAND: POST /session/be9a23df4294472c3cbe97a105488dd6/elements - {"using":"xpath","value":"//input[contains(@id ,\"application-billingtransfer-display-component---billingWorkbench--smartFilterBar-btnBasicSearch\")]"}
RESULT: {"using":"xpath","value":"//input[contains(@id ,\"application-billingtransfer-display-component---billingWorkbench--smartFilterBar-btnBasicSearch\")]"}
COMMAND: POST /session/be9a23df4294472c3cbe97a105488dd6/elements - {"using":"xpath","value":"//input[contains(@id ,\"application-billingtransfer-display-component---billingWorkbench--smartFilterBar-btnBasicSearch\")]"}
RESULT: {"using":"xpath","value":"//input[contains(@id ,\"application-billingtransfer-display-component---billingWorkbench--smartFilterBar-btnBasicSearch\")]"}
COMMAND: POST /session/be9a23df4294472c3cbe97a105488dd6/elements - {"using":"xpath","value":"//input[contains(@id ,\"application-billingtransfer-display-component---billingWorkbench--smartFilterBar-btnBasicSearch\")]"}
RESULT: {"using":"xpath","value":"//input[contains(@id ,\"application-billingtransfer-display-component---billingWorkbench--smartFilterBar-btnBasicSearch\")]"}
COMMAND: POST /session/be9a23df4294472c3cbe97a105488dd6/elements - {"using":"xpath","value":"//input[contains(@id ,\"application-billingtransfer-display-component---billingWorkbench--smartFilterBar-btnBasicSearch\")]"}
RESULT: {"using":"xpath","value":"//input[contains(@id ,\"application-billingtransfer-display-component---billingWorkbench--smartFilterBar-btnBasicSearch\")]"}
COMMAND: POST /session/be9a23df4294472c3cbe97a105488dd6/elements - {"using":"xpath","value":"//input[contains(@id ,\"application-billingtransfer-display-component---billingWorkbench--smartFilterBar-btnBasicSearch\")]"}
RESULT: {"using":"xpath","value":"//input[contains(@id ,\"application-billingtransfer-display-component---billingWorkbench--smartFilterBar-btnBasicSearch\")]"}
COMMAND: POST /session/be9a23df4294472c3cbe97a105488dd6/elements - {"using":"xpath","value":"//input[contains(@id ,\"application-billingtransfer-display-component---billingWorkbench--smartFilterBar-btnBasicSearch\")]"}
RESULT: {"using":"xpath","value":"//input[contains(@id ,\"application-billingtransfer-display-component---billingWorkbench--smartFilterBar-btnBasicSearch\")]"}
COMMAND: POST /session/be9a23df4294472c3cbe97a105488dd6/elements - {"using":"xpath","value":"//input[contains(@id ,\"application-billingtransfer-display-component---billingWorkbench--smartFilterBar-btnBasicSearch\")]"}
RESULT: {"using":"xpath","value":"//input[contains(@id ,\"application-billingtransfer-display-component---billingWorkbench--smartFilterBar-btnBasicSearch\")]"}
COMMAND: POST /session/be9a23df4294472c3cbe97a105488dd6/elements - {"using":"xpath","value":"//input[contains(@id ,\"application-billingtransfer-display-component---billingWorkbench--smartFilterBar-btnBasicSearch\")]"}
RESULT: {"using":"xpath","value":"//input[contains(@id ,\"application-billingtransfer-display-component---billingWorkbench--smartFilterBar-btnBasicSearch\")]"}
COMMAND: POST /session/be9a23df4294472c3cbe97a105488dd6/elements - {"using":"xpath","value":"//input[contains(@id ,\"application-billingtransfer-display-component---billingWorkbench--smartFilterBar-btnBasicSearch\")]"}
RESULT: {"using":"xpath","value":"//input[contains(@id ,\"application-billingtransfer-display-component---billingWorkbench--smartFilterBar-btnBasicSearch\")]"}
COMMAND: POST /session/be9a23df4294472c3cbe97a105488dd6/elements - {"using":"xpath","value":"//input[contains(@id ,\"application-billingtransfer-display-component---billingWorkbench--smartFilterBar-btnBasicSearch\")]"}
RESULT: {"using":"xpath","value":"//input[contains(@id ,\"application-billingtransfer-display-component---billingWorkbench--smartFilterBar-btnBasicSearch\")]"}
COMMAND: POST /session/be9a23df4294472c3cbe97a105488dd6/elements - {"using":"xpath","value":"//input[contains(@id ,\"application-billingtransfer-display-component---billingWorkbench--smartFilterBar-btnBasicSearch\")]"}
RESULT: {"using":"xpath","value":"//input[contains(@id ,\"application-billingtransfer-display-component---billingWorkbench--smartFilterBar-btnBasicSearch\")]"}
COMMAND: POST /session/be9a23df4294472c3cbe97a105488dd6/elements - {"using":"xpath","value":"//input[contains(@id ,\"application-billingtransfer-display-component---billingWorkbench--smartFilterBar-btnBasicSearch\")]"}
RESULT: {"using":"xpath","value":"//input[contains(@id ,\"application-billingtransfer-display-component---billingWorkbench--smartFilterBar-btnBasicSearch\")]"}
COMMAND: POST /session/be9a23df4294472c3cbe97a105488dd6/elements - {"using":"xpath","value":"//input[contains(@id ,\"application-billingtransfer-display-component---billingWorkbench--smartFilterBar-btnBasicSearch\")]"}
RESULT: {"using":"xpath","value":"//input[contains(@id ,\"application-billingtransfer-display-component---billingWorkbench--smartFilterBar-btnBasicSearch\")]"}
COMMAND: POST /session/be9a23df4294472c3cbe97a105488dd6/elements - {"using":"xpath","value":"//input[contains(@id ,\"application-billingtransfer-display-component---billingWorkbench--smartFilterBar-btnBasicSearch\")]"}
RESULT: {"using":"xpath","value":"//input[contains(@id ,\"application-billingtransfer-display-component---billingWorkbench--smartFilterBar-btnBasicSearch\")]"}
COMMAND: POST /session/be9a23df4294472c3cbe97a105488dd6/elements - {"using":"xpath","value":"//input[contains(@id ,\"application-billingtransfer-display-component---billingWorkbench--smartFilterBar-btnBasicSearch\")]"}
RESULT: {"using":"xpath","value":"//input[contains(@id ,\"application-billingtransfer-display-component---billingWorkbench--smartFilterBar-btnBasicSearch\")]"}
COMMAND: POST /session/be9a23df4294472c3cbe97a105488dd6/elements - {"using":"xpath","value":"//input[contains(@id ,\"application-billingtransfer-display-component---billingWorkbench--smartFilterBar-btnBasicSearch\")]"}
RESULT: {"using":"xpath","value":"//input[contains(@id ,\"application-billingtransfer-display-component---billingWorkbench--smartFilterBar-btnBasicSearch\")]"}
COMMAND: POST /session/be9a23df4294472c3cbe97a105488dd6/elements - {"using":"xpath","value":"//input[contains(@id ,\"application-billingtransfer-display-component---billingWorkbench--smartFilterBar-btnBasicSearch\")]"}
RESULT: {"using":"xpath","value":"//input[contains(@id ,\"application-billingtransfer-display-component---billingWorkbench--smartFilterBar-btnBasicSearch\")]"}
COMMAND: POST /session/be9a23df4294472c3cbe97a105488dd6/elements - {"using":"xpath","value":"//input[contains(@id ,\"application-billingtransfer-display-component---billingWorkbench--smartFilterBar-btnBasicSearch\")]"}
RESULT: {"using":"xpath","value":"//input[contains(@id ,\"application-billingtransfer-display-component---billingWorkbench--smartFilterBar-btnBasicSearch\")]"}
COMMAND: POST /session/be9a23df4294472c3cbe97a105488dd6/elements - {"using":"xpath","value":"//input[contains(@id ,\"application-billingtransfer-display-component---billingWorkbench--smartFilterBar-btnBasicSearch\")]"}
RESULT: {"using":"xpath","value":"//input[contains(@id ,\"application-billingtransfer-display-component---billingWorkbench--smartFilterBar-btnBasicSearch\")]"}
COMMAND: POST /session/be9a23df4294472c3cbe97a105488dd6/elements - {"using":"xpath","value":"//input[contains(@id ,\"application-billingtransfer-display-component---billingWorkbench--smartFilterBar-btnBasicSearch\")]"}
RESULT: {"using":"xpath","value":"//input[contains(@id ,\"application-billingtransfer-display-component---billingWorkbench--smartFilterBar-btnBasicSearch\")]"}
COMMAND: POST /session/be9a23df4294472c3cbe97a105488dd6/elements - {"using":"xpath","value":"//input[contains(@id ,\"application-billingtransfer-display-component---billingWorkbench--smartFilterBar-btnBasicSearch\")]"}
RESULT: {"using":"xpath","value":"//input[contains(@id ,\"application-billingtransfer-display-component---billingWorkbench--smartFilterBar-btnBasicSearch\")]"}
COMMAND: POST /session/be9a23df4294472c3cbe97a105488dd6/elements - {"using":"xpath","value":"//input[contains(@id ,\"application-billingtransfer-display-component---billingWorkbench--smartFilterBar-btnBasicSearch\")]"}
RESULT: {"using":"xpath","value":"//input[contains(@id ,\"application-billingtransfer-display-component---billingWorkbench--smartFilterBar-btnBasicSearch\")]"}
COMMAND: POST /session/be9a23df4294472c3cbe97a105488dd6/elements - {"using":"xpath","value":"//input[contains(@id ,\"application-billingtransfer-display-component---billingWorkbench--smartFilterBar-btnBasicSearch\")]"}
RESULT: {"using":"xpath","value":"//input[contains(@id ,\"application-billingtransfer-display-component---billingWorkbench--smartFilterBar-btnBasicSearch\")]"}
COMMAND: POST /session/be9a23df4294472c3cbe97a105488dd6/elements - {"using":"xpath","value":"//input[contains(@id ,\"application-billingtransfer-display-component---billingWorkbench--smartFilterBar-btnBasicSearch\")]"}
RESULT: {"using":"xpath","value":"//input[contains(@id ,\"application-billingtransfer-display-component---billingWorkbench--smartFilterBar-btnBasicSearch\")]"}
COMMAND: POST /session/be9a23df4294472c3cbe97a105488dd6/elements - {"using":"xpath","value":"//input[contains(@id ,\"application-billingtransfer-display-component---billingWorkbench--smartFilterBar-btnBasicSearch\")]"}
RESULT: {"using":"xpath","value":"//input[contains(@id ,\"application-billingtransfer-display-component---billingWorkbench--smartFilterBar-btnBasicSearch\")]"}
COMMAND: POST /session/be9a23df4294472c3cbe97a105488dd6/elements - {"using":"xpath","value":"//input[contains(@id ,\"application-billingtransfer-display-component---billingWorkbench--smartFilterBar-btnBasicSearch\")]"}
RESULT: {"using":"xpath","value":"//input[contains(@id ,\"application-billingtransfer-display-component---billingWorkbench--smartFilterBar-btnBasicSearch\")]"}
COMMAND: POST /session/be9a23df4294472c3cbe97a105488dd6/elements - {"using":"xpath","value":"//input[contains(@id ,\"application-billingtransfer-display-component---billingWorkbench--smartFilterBar-btnBasicSearch\")]"}
COMMAND: GET /session/be9a23df4294472c3cbe97a105488dd6/screenshot - {}
RESULT: {"using":"xpath","value":"//input[contains(@id ,\"application-billingtransfer-display-component---billingWorkbench--smartFilterBar-btnBasicSearch\")]"}
RESULT: {}
]]></system-out>
      <system-err><![CDATA[
Error: element ("//input[contains(@id ,"application-billingtransfer-display-component---billingWorkbench--smartFilterBar-btnBasicSearch")]") still not existing after 45000ms
    at async UtilsPrerequisites.narrowDownSearchBT (D:\a\1\s\test\specs\BTS\prerequisites-and-utils-functions.js:2882:9)
    at async UtilsPrerequisites.billingTransfer (D:\a\1\s\test\specs\BTS\prerequisites-and-utils-functions.js:2807:9)
    at async Context.<anonymous> (D:\a\1\s\test\specs\BTS\billing-calculation-transp-times.spec.js:94:9)
]]></system-err>
    </testcase>
    <testcase classname="chrome.136_0_7103_93.windows.Billing_Calculation_-_Time_based_(considering_transport_times)_US139738" name="Should navigate to the contract item check the billed until field value" time="58.924">
      <failure/>
      <error message="element (&quot;//button[@data-kt=&quot;addButton&quot;]&quot;) still not existing after 45000ms"/>
      <system-out><![CDATA[
RESULT: undefined
COMMAND: GET /session/be9a23df4294472c3cbe97a105488dd6/screenshot - {}
RESULT: {}
COMMAND: POST /session/be9a23df4294472c3cbe97a105488dd6/elements - {"using":"xpath","value":"//span[text()='Error']"}
RESULT: {"using":"xpath","value":"//span[text()='Error']"}
COMMAND: POST /session/be9a23df4294472c3cbe97a105488dd6/element - {"using":"xpath","value":"//button[@data-kt=\"addButton\"]"}
RESULT: {"using":"xpath","value":"//button[@data-kt=\"addButton\"]"}
COMMAND: POST /session/be9a23df4294472c3cbe97a105488dd6/elements - {"using":"xpath","value":"//button[@data-kt=\"addButton\"]"}
RESULT: {"using":"xpath","value":"//button[@data-kt=\"addButton\"]"}
COMMAND: POST /session/be9a23df4294472c3cbe97a105488dd6/elements - {"using":"xpath","value":"//button[@data-kt=\"addButton\"]"}
RESULT: {"using":"xpath","value":"//button[@data-kt=\"addButton\"]"}
COMMAND: POST /session/be9a23df4294472c3cbe97a105488dd6/elements - {"using":"xpath","value":"//button[@data-kt=\"addButton\"]"}
RESULT: {"using":"xpath","value":"//button[@data-kt=\"addButton\"]"}
COMMAND: POST /session/be9a23df4294472c3cbe97a105488dd6/elements - {"using":"xpath","value":"//button[@data-kt=\"addButton\"]"}
RESULT: {"using":"xpath","value":"//button[@data-kt=\"addButton\"]"}
COMMAND: POST /session/be9a23df4294472c3cbe97a105488dd6/elements - {"using":"xpath","value":"//button[@data-kt=\"addButton\"]"}
RESULT: {"using":"xpath","value":"//button[@data-kt=\"addButton\"]"}
COMMAND: POST /session/be9a23df4294472c3cbe97a105488dd6/elements - {"using":"xpath","value":"//button[@data-kt=\"addButton\"]"}
RESULT: {"using":"xpath","value":"//button[@data-kt=\"addButton\"]"}
COMMAND: POST /session/be9a23df4294472c3cbe97a105488dd6/elements - {"using":"xpath","value":"//button[@data-kt=\"addButton\"]"}
RESULT: {"using":"xpath","value":"//button[@data-kt=\"addButton\"]"}
COMMAND: POST /session/be9a23df4294472c3cbe97a105488dd6/elements - {"using":"xpath","value":"//button[@data-kt=\"addButton\"]"}
RESULT: {"using":"xpath","value":"//button[@data-kt=\"addButton\"]"}
COMMAND: POST /session/be9a23df4294472c3cbe97a105488dd6/elements - {"using":"xpath","value":"//button[@data-kt=\"addButton\"]"}
RESULT: {"using":"xpath","value":"//button[@data-kt=\"addButton\"]"}
COMMAND: POST /session/be9a23df4294472c3cbe97a105488dd6/elements - {"using":"xpath","value":"//button[@data-kt=\"addButton\"]"}
RESULT: {"using":"xpath","value":"//button[@data-kt=\"addButton\"]"}
COMMAND: POST /session/be9a23df4294472c3cbe97a105488dd6/elements - {"using":"xpath","value":"//button[@data-kt=\"addButton\"]"}
RESULT: {"using":"xpath","value":"//button[@data-kt=\"addButton\"]"}
COMMAND: POST /session/be9a23df4294472c3cbe97a105488dd6/elements - {"using":"xpath","value":"//button[@data-kt=\"addButton\"]"}
RESULT: {"using":"xpath","value":"//button[@data-kt=\"addButton\"]"}
COMMAND: POST /session/be9a23df4294472c3cbe97a105488dd6/elements - {"using":"xpath","value":"//button[@data-kt=\"addButton\"]"}
RESULT: {"using":"xpath","value":"//button[@data-kt=\"addButton\"]"}
COMMAND: POST /session/be9a23df4294472c3cbe97a105488dd6/elements - {"using":"xpath","value":"//button[@data-kt=\"addButton\"]"}
RESULT: {"using":"xpath","value":"//button[@data-kt=\"addButton\"]"}
COMMAND: POST /session/be9a23df4294472c3cbe97a105488dd6/elements - {"using":"xpath","value":"//button[@data-kt=\"addButton\"]"}
RESULT: {"using":"xpath","value":"//button[@data-kt=\"addButton\"]"}
COMMAND: POST /session/be9a23df4294472c3cbe97a105488dd6/elements - {"using":"xpath","value":"//button[@data-kt=\"addButton\"]"}
RESULT: {"using":"xpath","value":"//button[@data-kt=\"addButton\"]"}
COMMAND: POST /session/be9a23df4294472c3cbe97a105488dd6/elements - {"using":"xpath","value":"//button[@data-kt=\"addButton\"]"}
RESULT: {"using":"xpath","value":"//button[@data-kt=\"addButton\"]"}
COMMAND: POST /session/be9a23df4294472c3cbe97a105488dd6/elements - {"using":"xpath","value":"//button[@data-kt=\"addButton\"]"}
RESULT: {"using":"xpath","value":"//button[@data-kt=\"addButton\"]"}
COMMAND: POST /session/be9a23df4294472c3cbe97a105488dd6/elements - {"using":"xpath","value":"//button[@data-kt=\"addButton\"]"}
RESULT: {"using":"xpath","value":"//button[@data-kt=\"addButton\"]"}
COMMAND: POST /session/be9a23df4294472c3cbe97a105488dd6/elements - {"using":"xpath","value":"//button[@data-kt=\"addButton\"]"}
RESULT: {"using":"xpath","value":"//button[@data-kt=\"addButton\"]"}
COMMAND: POST /session/be9a23df4294472c3cbe97a105488dd6/elements - {"using":"xpath","value":"//button[@data-kt=\"addButton\"]"}
RESULT: {"using":"xpath","value":"//button[@data-kt=\"addButton\"]"}
COMMAND: POST /session/be9a23df4294472c3cbe97a105488dd6/elements - {"using":"xpath","value":"//button[@data-kt=\"addButton\"]"}
RESULT: {"using":"xpath","value":"//button[@data-kt=\"addButton\"]"}
COMMAND: POST /session/be9a23df4294472c3cbe97a105488dd6/elements - {"using":"xpath","value":"//button[@data-kt=\"addButton\"]"}
RESULT: {"using":"xpath","value":"//button[@data-kt=\"addButton\"]"}
COMMAND: POST /session/be9a23df4294472c3cbe97a105488dd6/elements - {"using":"xpath","value":"//button[@data-kt=\"addButton\"]"}
RESULT: {"using":"xpath","value":"//button[@data-kt=\"addButton\"]"}
COMMAND: POST /session/be9a23df4294472c3cbe97a105488dd6/elements - {"using":"xpath","value":"//button[@data-kt=\"addButton\"]"}
RESULT: {"using":"xpath","value":"//button[@data-kt=\"addButton\"]"}
COMMAND: POST /session/be9a23df4294472c3cbe97a105488dd6/elements - {"using":"xpath","value":"//button[@data-kt=\"addButton\"]"}
RESULT: {"using":"xpath","value":"//button[@data-kt=\"addButton\"]"}
COMMAND: POST /session/be9a23df4294472c3cbe97a105488dd6/elements - {"using":"xpath","value":"//button[@data-kt=\"addButton\"]"}
RESULT: {"using":"xpath","value":"//button[@data-kt=\"addButton\"]"}
COMMAND: POST /session/be9a23df4294472c3cbe97a105488dd6/elements - {"using":"xpath","value":"//button[@data-kt=\"addButton\"]"}
RESULT: {"using":"xpath","value":"//button[@data-kt=\"addButton\"]"}
COMMAND: POST /session/be9a23df4294472c3cbe97a105488dd6/elements - {"using":"xpath","value":"//button[@data-kt=\"addButton\"]"}
RESULT: {"using":"xpath","value":"//button[@data-kt=\"addButton\"]"}
COMMAND: POST /session/be9a23df4294472c3cbe97a105488dd6/elements - {"using":"xpath","value":"//button[@data-kt=\"addButton\"]"}
RESULT: {"using":"xpath","value":"//button[@data-kt=\"addButton\"]"}
COMMAND: POST /session/be9a23df4294472c3cbe97a105488dd6/elements - {"using":"xpath","value":"//button[@data-kt=\"addButton\"]"}
RESULT: {"using":"xpath","value":"//button[@data-kt=\"addButton\"]"}
COMMAND: POST /session/be9a23df4294472c3cbe97a105488dd6/elements - {"using":"xpath","value":"//button[@data-kt=\"addButton\"]"}
RESULT: {"using":"xpath","value":"//button[@data-kt=\"addButton\"]"}
COMMAND: POST /session/be9a23df4294472c3cbe97a105488dd6/elements - {"using":"xpath","value":"//button[@data-kt=\"addButton\"]"}
RESULT: {"using":"xpath","value":"//button[@data-kt=\"addButton\"]"}
COMMAND: POST /session/be9a23df4294472c3cbe97a105488dd6/elements - {"using":"xpath","value":"//button[@data-kt=\"addButton\"]"}
RESULT: {"using":"xpath","value":"//button[@data-kt=\"addButton\"]"}
COMMAND: POST /session/be9a23df4294472c3cbe97a105488dd6/elements - {"using":"xpath","value":"//button[@data-kt=\"addButton\"]"}
RESULT: {"using":"xpath","value":"//button[@data-kt=\"addButton\"]"}
COMMAND: POST /session/be9a23df4294472c3cbe97a105488dd6/elements - {"using":"xpath","value":"//button[@data-kt=\"addButton\"]"}
RESULT: {"using":"xpath","value":"//button[@data-kt=\"addButton\"]"}
COMMAND: POST /session/be9a23df4294472c3cbe97a105488dd6/elements - {"using":"xpath","value":"//button[@data-kt=\"addButton\"]"}
RESULT: {"using":"xpath","value":"//button[@data-kt=\"addButton\"]"}
COMMAND: POST /session/be9a23df4294472c3cbe97a105488dd6/elements - {"using":"xpath","value":"//button[@data-kt=\"addButton\"]"}
RESULT: {"using":"xpath","value":"//button[@data-kt=\"addButton\"]"}
COMMAND: POST /session/be9a23df4294472c3cbe97a105488dd6/elements - {"using":"xpath","value":"//button[@data-kt=\"addButton\"]"}
RESULT: {"using":"xpath","value":"//button[@data-kt=\"addButton\"]"}
COMMAND: POST /session/be9a23df4294472c3cbe97a105488dd6/elements - {"using":"xpath","value":"//button[@data-kt=\"addButton\"]"}
RESULT: {"using":"xpath","value":"//button[@data-kt=\"addButton\"]"}
COMMAND: POST /session/be9a23df4294472c3cbe97a105488dd6/elements - {"using":"xpath","value":"//button[@data-kt=\"addButton\"]"}
RESULT: {"using":"xpath","value":"//button[@data-kt=\"addButton\"]"}
COMMAND: POST /session/be9a23df4294472c3cbe97a105488dd6/elements - {"using":"xpath","value":"//button[@data-kt=\"addButton\"]"}
RESULT: {"using":"xpath","value":"//button[@data-kt=\"addButton\"]"}
COMMAND: POST /session/be9a23df4294472c3cbe97a105488dd6/elements - {"using":"xpath","value":"//button[@data-kt=\"addButton\"]"}
RESULT: {"using":"xpath","value":"//button[@data-kt=\"addButton\"]"}
COMMAND: POST /session/be9a23df4294472c3cbe97a105488dd6/elements - {"using":"xpath","value":"//button[@data-kt=\"addButton\"]"}
RESULT: {"using":"xpath","value":"//button[@data-kt=\"addButton\"]"}
COMMAND: POST /session/be9a23df4294472c3cbe97a105488dd6/elements - {"using":"xpath","value":"//button[@data-kt=\"addButton\"]"}
RESULT: {"using":"xpath","value":"//button[@data-kt=\"addButton\"]"}
COMMAND: POST /session/be9a23df4294472c3cbe97a105488dd6/elements - {"using":"xpath","value":"//button[@data-kt=\"addButton\"]"}
RESULT: {"using":"xpath","value":"//button[@data-kt=\"addButton\"]"}
COMMAND: POST /session/be9a23df4294472c3cbe97a105488dd6/elements - {"using":"xpath","value":"//button[@data-kt=\"addButton\"]"}
RESULT: {"using":"xpath","value":"//button[@data-kt=\"addButton\"]"}
COMMAND: POST /session/be9a23df4294472c3cbe97a105488dd6/elements - {"using":"xpath","value":"//button[@data-kt=\"addButton\"]"}
RESULT: {"using":"xpath","value":"//button[@data-kt=\"addButton\"]"}
COMMAND: POST /session/be9a23df4294472c3cbe97a105488dd6/elements - {"using":"xpath","value":"//button[@data-kt=\"addButton\"]"}
RESULT: {"using":"xpath","value":"//button[@data-kt=\"addButton\"]"}
COMMAND: POST /session/be9a23df4294472c3cbe97a105488dd6/elements - {"using":"xpath","value":"//button[@data-kt=\"addButton\"]"}
RESULT: {"using":"xpath","value":"//button[@data-kt=\"addButton\"]"}
COMMAND: POST /session/be9a23df4294472c3cbe97a105488dd6/elements - {"using":"xpath","value":"//button[@data-kt=\"addButton\"]"}
RESULT: {"using":"xpath","value":"//button[@data-kt=\"addButton\"]"}
COMMAND: POST /session/be9a23df4294472c3cbe97a105488dd6/elements - {"using":"xpath","value":"//button[@data-kt=\"addButton\"]"}
RESULT: {"using":"xpath","value":"//button[@data-kt=\"addButton\"]"}
COMMAND: POST /session/be9a23df4294472c3cbe97a105488dd6/elements - {"using":"xpath","value":"//button[@data-kt=\"addButton\"]"}
RESULT: {"using":"xpath","value":"//button[@data-kt=\"addButton\"]"}
COMMAND: POST /session/be9a23df4294472c3cbe97a105488dd6/elements - {"using":"xpath","value":"//button[@data-kt=\"addButton\"]"}
RESULT: {"using":"xpath","value":"//button[@data-kt=\"addButton\"]"}
COMMAND: POST /session/be9a23df4294472c3cbe97a105488dd6/elements - {"using":"xpath","value":"//button[@data-kt=\"addButton\"]"}
RESULT: {"using":"xpath","value":"//button[@data-kt=\"addButton\"]"}
COMMAND: POST /session/be9a23df4294472c3cbe97a105488dd6/elements - {"using":"xpath","value":"//button[@data-kt=\"addButton\"]"}
RESULT: {"using":"xpath","value":"//button[@data-kt=\"addButton\"]"}
COMMAND: POST /session/be9a23df4294472c3cbe97a105488dd6/elements - {"using":"xpath","value":"//button[@data-kt=\"addButton\"]"}
RESULT: {"using":"xpath","value":"//button[@data-kt=\"addButton\"]"}
COMMAND: POST /session/be9a23df4294472c3cbe97a105488dd6/elements - {"using":"xpath","value":"//button[@data-kt=\"addButton\"]"}
RESULT: {"using":"xpath","value":"//button[@data-kt=\"addButton\"]"}
COMMAND: POST /session/be9a23df4294472c3cbe97a105488dd6/elements - {"using":"xpath","value":"//button[@data-kt=\"addButton\"]"}
RESULT: {"using":"xpath","value":"//button[@data-kt=\"addButton\"]"}
COMMAND: POST /session/be9a23df4294472c3cbe97a105488dd6/elements - {"using":"xpath","value":"//button[@data-kt=\"addButton\"]"}
RESULT: {"using":"xpath","value":"//button[@data-kt=\"addButton\"]"}
COMMAND: POST /session/be9a23df4294472c3cbe97a105488dd6/elements - {"using":"xpath","value":"//button[@data-kt=\"addButton\"]"}
RESULT: {"using":"xpath","value":"//button[@data-kt=\"addButton\"]"}
COMMAND: POST /session/be9a23df4294472c3cbe97a105488dd6/elements - {"using":"xpath","value":"//button[@data-kt=\"addButton\"]"}
RESULT: {"using":"xpath","value":"//button[@data-kt=\"addButton\"]"}
COMMAND: POST /session/be9a23df4294472c3cbe97a105488dd6/elements - {"using":"xpath","value":"//button[@data-kt=\"addButton\"]"}
RESULT: {"using":"xpath","value":"//button[@data-kt=\"addButton\"]"}
COMMAND: POST /session/be9a23df4294472c3cbe97a105488dd6/elements - {"using":"xpath","value":"//button[@data-kt=\"addButton\"]"}
RESULT: {"using":"xpath","value":"//button[@data-kt=\"addButton\"]"}
COMMAND: POST /session/be9a23df4294472c3cbe97a105488dd6/elements - {"using":"xpath","value":"//button[@data-kt=\"addButton\"]"}
RESULT: {"using":"xpath","value":"//button[@data-kt=\"addButton\"]"}
COMMAND: POST /session/be9a23df4294472c3cbe97a105488dd6/elements - {"using":"xpath","value":"//button[@data-kt=\"addButton\"]"}
RESULT: {"using":"xpath","value":"//button[@data-kt=\"addButton\"]"}
COMMAND: POST /session/be9a23df4294472c3cbe97a105488dd6/elements - {"using":"xpath","value":"//button[@data-kt=\"addButton\"]"}
RESULT: {"using":"xpath","value":"//button[@data-kt=\"addButton\"]"}
COMMAND: POST /session/be9a23df4294472c3cbe97a105488dd6/elements - {"using":"xpath","value":"//button[@data-kt=\"addButton\"]"}
RESULT: {"using":"xpath","value":"//button[@data-kt=\"addButton\"]"}
COMMAND: POST /session/be9a23df4294472c3cbe97a105488dd6/elements - {"using":"xpath","value":"//button[@data-kt=\"addButton\"]"}
RESULT: {"using":"xpath","value":"//button[@data-kt=\"addButton\"]"}
COMMAND: POST /session/be9a23df4294472c3cbe97a105488dd6/elements - {"using":"xpath","value":"//button[@data-kt=\"addButton\"]"}
RESULT: {"using":"xpath","value":"//button[@data-kt=\"addButton\"]"}
COMMAND: POST /session/be9a23df4294472c3cbe97a105488dd6/elements - {"using":"xpath","value":"//button[@data-kt=\"addButton\"]"}
RESULT: {"using":"xpath","value":"//button[@data-kt=\"addButton\"]"}
COMMAND: POST /session/be9a23df4294472c3cbe97a105488dd6/elements - {"using":"xpath","value":"//button[@data-kt=\"addButton\"]"}
RESULT: {"using":"xpath","value":"//button[@data-kt=\"addButton\"]"}
COMMAND: POST /session/be9a23df4294472c3cbe97a105488dd6/elements - {"using":"xpath","value":"//button[@data-kt=\"addButton\"]"}
RESULT: {"using":"xpath","value":"//button[@data-kt=\"addButton\"]"}
COMMAND: POST /session/be9a23df4294472c3cbe97a105488dd6/elements - {"using":"xpath","value":"//button[@data-kt=\"addButton\"]"}
RESULT: {"using":"xpath","value":"//button[@data-kt=\"addButton\"]"}
COMMAND: POST /session/be9a23df4294472c3cbe97a105488dd6/elements - {"using":"xpath","value":"//button[@data-kt=\"addButton\"]"}
RESULT: {"using":"xpath","value":"//button[@data-kt=\"addButton\"]"}
COMMAND: POST /session/be9a23df4294472c3cbe97a105488dd6/elements - {"using":"xpath","value":"//button[@data-kt=\"addButton\"]"}
RESULT: {"using":"xpath","value":"//button[@data-kt=\"addButton\"]"}
COMMAND: POST /session/be9a23df4294472c3cbe97a105488dd6/elements - {"using":"xpath","value":"//button[@data-kt=\"addButton\"]"}
RESULT: {"using":"xpath","value":"//button[@data-kt=\"addButton\"]"}
COMMAND: POST /session/be9a23df4294472c3cbe97a105488dd6/elements - {"using":"xpath","value":"//button[@data-kt=\"addButton\"]"}
RESULT: {"using":"xpath","value":"//button[@data-kt=\"addButton\"]"}
COMMAND: POST /session/be9a23df4294472c3cbe97a105488dd6/elements - {"using":"xpath","value":"//button[@data-kt=\"addButton\"]"}
RESULT: {"using":"xpath","value":"//button[@data-kt=\"addButton\"]"}
COMMAND: POST /session/be9a23df4294472c3cbe97a105488dd6/elements - {"using":"xpath","value":"//button[@data-kt=\"addButton\"]"}
RESULT: {"using":"xpath","value":"//button[@data-kt=\"addButton\"]"}
COMMAND: POST /session/be9a23df4294472c3cbe97a105488dd6/elements - {"using":"xpath","value":"//button[@data-kt=\"addButton\"]"}
RESULT: {"using":"xpath","value":"//button[@data-kt=\"addButton\"]"}
COMMAND: POST /session/be9a23df4294472c3cbe97a105488dd6/elements - {"using":"xpath","value":"//button[@data-kt=\"addButton\"]"}
RESULT: {"using":"xpath","value":"//button[@data-kt=\"addButton\"]"}
COMMAND: POST /session/be9a23df4294472c3cbe97a105488dd6/elements - {"using":"xpath","value":"//button[@data-kt=\"addButton\"]"}
RESULT: {"using":"xpath","value":"//button[@data-kt=\"addButton\"]"}
COMMAND: POST /session/be9a23df4294472c3cbe97a105488dd6/elements - {"using":"xpath","value":"//button[@data-kt=\"addButton\"]"}
RESULT: {"using":"xpath","value":"//button[@data-kt=\"addButton\"]"}
COMMAND: POST /session/be9a23df4294472c3cbe97a105488dd6/elements - {"using":"xpath","value":"//button[@data-kt=\"addButton\"]"}
RESULT: {"using":"xpath","value":"//button[@data-kt=\"addButton\"]"}
COMMAND: POST /session/be9a23df4294472c3cbe97a105488dd6/elements - {"using":"xpath","value":"//button[@data-kt=\"addButton\"]"}
RESULT: {"using":"xpath","value":"//button[@data-kt=\"addButton\"]"}
COMMAND: POST /session/be9a23df4294472c3cbe97a105488dd6/elements - {"using":"xpath","value":"//button[@data-kt=\"addButton\"]"}
RESULT: {"using":"xpath","value":"//button[@data-kt=\"addButton\"]"}
COMMAND: POST /session/be9a23df4294472c3cbe97a105488dd6/elements - {"using":"xpath","value":"//button[@data-kt=\"addButton\"]"}
RESULT: {"using":"xpath","value":"//button[@data-kt=\"addButton\"]"}
COMMAND: POST /session/be9a23df4294472c3cbe97a105488dd6/elements - {"using":"xpath","value":"//button[@data-kt=\"addButton\"]"}
RESULT: {"using":"xpath","value":"//button[@data-kt=\"addButton\"]"}
COMMAND: POST /session/be9a23df4294472c3cbe97a105488dd6/elements - {"using":"xpath","value":"//button[@data-kt=\"addButton\"]"}
RESULT: {"using":"xpath","value":"//button[@data-kt=\"addButton\"]"}
COMMAND: GET /session/be9a23df4294472c3cbe97a105488dd6/screenshot - {}
RESULT: {}
]]></system-out>
      <system-err><![CDATA[
Error: element ("//button[@data-kt="addButton"]") still not existing after 45000ms
    at async UtilsPrerequisites.checkBilledUntilDate (D:\a\1\s\test\specs\BTS\prerequisites-and-utils-functions.js:2343:9)
    at async Context.<anonymous> (D:\a\1\s\test\specs\BTS\billing-calculation-transp-times.spec.js:104:9)
]]></system-err>
    </testcase>
    <testcase classname="chrome.136_0_7103_93.windows.Billing_Calculation_-_Time_based_(considering_transport_times)_US139738" name="Should do a handover return 2 step 7 days after provide or 14 days from today receive it in 21 days" time="59.847">
      <failure/>
      <error message="element (&quot;//button[@data-kt=&quot;addButton&quot;]&quot;) still not existing after 45000ms"/>
      <system-out><![CDATA[
COMMAND: GET /session/be9a23df4294472c3cbe97a105488dd6/screenshot - {}
RESULT: undefined
RESULT: {}
COMMAND: POST /session/be9a23df4294472c3cbe97a105488dd6/elements - {"using":"xpath","value":"//span[text()='Error']"}
RESULT: {"using":"xpath","value":"//span[text()='Error']"}
COMMAND: POST /session/be9a23df4294472c3cbe97a105488dd6/element - {"using":"xpath","value":"//button[@data-kt=\"addButton\"]"}
RESULT: {"using":"xpath","value":"//button[@data-kt=\"addButton\"]"}
COMMAND: POST /session/be9a23df4294472c3cbe97a105488dd6/elements - {"using":"xpath","value":"//button[@data-kt=\"addButton\"]"}
RESULT: {"using":"xpath","value":"//button[@data-kt=\"addButton\"]"}
COMMAND: POST /session/be9a23df4294472c3cbe97a105488dd6/elements - {"using":"xpath","value":"//button[@data-kt=\"addButton\"]"}
RESULT: {"using":"xpath","value":"//button[@data-kt=\"addButton\"]"}
COMMAND: POST /session/be9a23df4294472c3cbe97a105488dd6/elements - {"using":"xpath","value":"//button[@data-kt=\"addButton\"]"}
RESULT: {"using":"xpath","value":"//button[@data-kt=\"addButton\"]"}
COMMAND: POST /session/be9a23df4294472c3cbe97a105488dd6/elements - {"using":"xpath","value":"//button[@data-kt=\"addButton\"]"}
RESULT: {"using":"xpath","value":"//button[@data-kt=\"addButton\"]"}
COMMAND: POST /session/be9a23df4294472c3cbe97a105488dd6/elements - {"using":"xpath","value":"//button[@data-kt=\"addButton\"]"}
RESULT: {"using":"xpath","value":"//button[@data-kt=\"addButton\"]"}
COMMAND: POST /session/be9a23df4294472c3cbe97a105488dd6/elements - {"using":"xpath","value":"//button[@data-kt=\"addButton\"]"}
RESULT: {"using":"xpath","value":"//button[@data-kt=\"addButton\"]"}
COMMAND: POST /session/be9a23df4294472c3cbe97a105488dd6/elements - {"using":"xpath","value":"//button[@data-kt=\"addButton\"]"}
RESULT: {"using":"xpath","value":"//button[@data-kt=\"addButton\"]"}
COMMAND: POST /session/be9a23df4294472c3cbe97a105488dd6/elements - {"using":"xpath","value":"//button[@data-kt=\"addButton\"]"}
RESULT: {"using":"xpath","value":"//button[@data-kt=\"addButton\"]"}
COMMAND: POST /session/be9a23df4294472c3cbe97a105488dd6/elements - {"using":"xpath","value":"//button[@data-kt=\"addButton\"]"}
RESULT: {"using":"xpath","value":"//button[@data-kt=\"addButton\"]"}
COMMAND: POST /session/be9a23df4294472c3cbe97a105488dd6/elements - {"using":"xpath","value":"//button[@data-kt=\"addButton\"]"}
RESULT: {"using":"xpath","value":"//button[@data-kt=\"addButton\"]"}
COMMAND: POST /session/be9a23df4294472c3cbe97a105488dd6/elements - {"using":"xpath","value":"//button[@data-kt=\"addButton\"]"}
RESULT: {"using":"xpath","value":"//button[@data-kt=\"addButton\"]"}
COMMAND: POST /session/be9a23df4294472c3cbe97a105488dd6/elements - {"using":"xpath","value":"//button[@data-kt=\"addButton\"]"}
RESULT: {"using":"xpath","value":"//button[@data-kt=\"addButton\"]"}
COMMAND: POST /session/be9a23df4294472c3cbe97a105488dd6/elements - {"using":"xpath","value":"//button[@data-kt=\"addButton\"]"}
RESULT: {"using":"xpath","value":"//button[@data-kt=\"addButton\"]"}
COMMAND: POST /session/be9a23df4294472c3cbe97a105488dd6/elements - {"using":"xpath","value":"//button[@data-kt=\"addButton\"]"}
RESULT: {"using":"xpath","value":"//button[@data-kt=\"addButton\"]"}
COMMAND: POST /session/be9a23df4294472c3cbe97a105488dd6/elements - {"using":"xpath","value":"//button[@data-kt=\"addButton\"]"}
RESULT: {"using":"xpath","value":"//button[@data-kt=\"addButton\"]"}
COMMAND: POST /session/be9a23df4294472c3cbe97a105488dd6/elements - {"using":"xpath","value":"//button[@data-kt=\"addButton\"]"}
RESULT: {"using":"xpath","value":"//button[@data-kt=\"addButton\"]"}
COMMAND: POST /session/be9a23df4294472c3cbe97a105488dd6/elements - {"using":"xpath","value":"//button[@data-kt=\"addButton\"]"}
RESULT: {"using":"xpath","value":"//button[@data-kt=\"addButton\"]"}
COMMAND: POST /session/be9a23df4294472c3cbe97a105488dd6/elements - {"using":"xpath","value":"//button[@data-kt=\"addButton\"]"}
RESULT: {"using":"xpath","value":"//button[@data-kt=\"addButton\"]"}
COMMAND: POST /session/be9a23df4294472c3cbe97a105488dd6/elements - {"using":"xpath","value":"//button[@data-kt=\"addButton\"]"}
RESULT: {"using":"xpath","value":"//button[@data-kt=\"addButton\"]"}
COMMAND: POST /session/be9a23df4294472c3cbe97a105488dd6/elements - {"using":"xpath","value":"//button[@data-kt=\"addButton\"]"}
RESULT: {"using":"xpath","value":"//button[@data-kt=\"addButton\"]"}
COMMAND: POST /session/be9a23df4294472c3cbe97a105488dd6/elements - {"using":"xpath","value":"//button[@data-kt=\"addButton\"]"}
RESULT: {"using":"xpath","value":"//button[@data-kt=\"addButton\"]"}
COMMAND: POST /session/be9a23df4294472c3cbe97a105488dd6/elements - {"using":"xpath","value":"//button[@data-kt=\"addButton\"]"}
RESULT: {"using":"xpath","value":"//button[@data-kt=\"addButton\"]"}
COMMAND: POST /session/be9a23df4294472c3cbe97a105488dd6/elements - {"using":"xpath","value":"//button[@data-kt=\"addButton\"]"}
RESULT: {"using":"xpath","value":"//button[@data-kt=\"addButton\"]"}
COMMAND: POST /session/be9a23df4294472c3cbe97a105488dd6/elements - {"using":"xpath","value":"//button[@data-kt=\"addButton\"]"}
RESULT: {"using":"xpath","value":"//button[@data-kt=\"addButton\"]"}
COMMAND: POST /session/be9a23df4294472c3cbe97a105488dd6/elements - {"using":"xpath","value":"//button[@data-kt=\"addButton\"]"}
RESULT: {"using":"xpath","value":"//button[@data-kt=\"addButton\"]"}
COMMAND: POST /session/be9a23df4294472c3cbe97a105488dd6/elements - {"using":"xpath","value":"//button[@data-kt=\"addButton\"]"}
RESULT: {"using":"xpath","value":"//button[@data-kt=\"addButton\"]"}
COMMAND: POST /session/be9a23df4294472c3cbe97a105488dd6/elements - {"using":"xpath","value":"//button[@data-kt=\"addButton\"]"}
RESULT: {"using":"xpath","value":"//button[@data-kt=\"addButton\"]"}
COMMAND: POST /session/be9a23df4294472c3cbe97a105488dd6/elements - {"using":"xpath","value":"//button[@data-kt=\"addButton\"]"}
RESULT: {"using":"xpath","value":"//button[@data-kt=\"addButton\"]"}
COMMAND: POST /session/be9a23df4294472c3cbe97a105488dd6/elements - {"using":"xpath","value":"//button[@data-kt=\"addButton\"]"}
RESULT: {"using":"xpath","value":"//button[@data-kt=\"addButton\"]"}
COMMAND: POST /session/be9a23df4294472c3cbe97a105488dd6/elements - {"using":"xpath","value":"//button[@data-kt=\"addButton\"]"}
RESULT: {"using":"xpath","value":"//button[@data-kt=\"addButton\"]"}
COMMAND: POST /session/be9a23df4294472c3cbe97a105488dd6/elements - {"using":"xpath","value":"//button[@data-kt=\"addButton\"]"}
RESULT: {"using":"xpath","value":"//button[@data-kt=\"addButton\"]"}
COMMAND: POST /session/be9a23df4294472c3cbe97a105488dd6/elements - {"using":"xpath","value":"//button[@data-kt=\"addButton\"]"}
RESULT: {"using":"xpath","value":"//button[@data-kt=\"addButton\"]"}
COMMAND: POST /session/be9a23df4294472c3cbe97a105488dd6/elements - {"using":"xpath","value":"//button[@data-kt=\"addButton\"]"}
RESULT: {"using":"xpath","value":"//button[@data-kt=\"addButton\"]"}
COMMAND: POST /session/be9a23df4294472c3cbe97a105488dd6/elements - {"using":"xpath","value":"//button[@data-kt=\"addButton\"]"}
RESULT: {"using":"xpath","value":"//button[@data-kt=\"addButton\"]"}
COMMAND: POST /session/be9a23df4294472c3cbe97a105488dd6/elements - {"using":"xpath","value":"//button[@data-kt=\"addButton\"]"}
RESULT: {"using":"xpath","value":"//button[@data-kt=\"addButton\"]"}
COMMAND: POST /session/be9a23df4294472c3cbe97a105488dd6/elements - {"using":"xpath","value":"//button[@data-kt=\"addButton\"]"}
RESULT: {"using":"xpath","value":"//button[@data-kt=\"addButton\"]"}
COMMAND: POST /session/be9a23df4294472c3cbe97a105488dd6/elements - {"using":"xpath","value":"//button[@data-kt=\"addButton\"]"}
RESULT: {"using":"xpath","value":"//button[@data-kt=\"addButton\"]"}
COMMAND: POST /session/be9a23df4294472c3cbe97a105488dd6/elements - {"using":"xpath","value":"//button[@data-kt=\"addButton\"]"}
RESULT: {"using":"xpath","value":"//button[@data-kt=\"addButton\"]"}
COMMAND: POST /session/be9a23df4294472c3cbe97a105488dd6/elements - {"using":"xpath","value":"//button[@data-kt=\"addButton\"]"}
RESULT: {"using":"xpath","value":"//button[@data-kt=\"addButton\"]"}
COMMAND: POST /session/be9a23df4294472c3cbe97a105488dd6/elements - {"using":"xpath","value":"//button[@data-kt=\"addButton\"]"}
RESULT: {"using":"xpath","value":"//button[@data-kt=\"addButton\"]"}
COMMAND: POST /session/be9a23df4294472c3cbe97a105488dd6/elements - {"using":"xpath","value":"//button[@data-kt=\"addButton\"]"}
RESULT: {"using":"xpath","value":"//button[@data-kt=\"addButton\"]"}
COMMAND: POST /session/be9a23df4294472c3cbe97a105488dd6/elements - {"using":"xpath","value":"//button[@data-kt=\"addButton\"]"}
RESULT: {"using":"xpath","value":"//button[@data-kt=\"addButton\"]"}
COMMAND: POST /session/be9a23df4294472c3cbe97a105488dd6/elements - {"using":"xpath","value":"//button[@data-kt=\"addButton\"]"}
RESULT: {"using":"xpath","value":"//button[@data-kt=\"addButton\"]"}
COMMAND: POST /session/be9a23df4294472c3cbe97a105488dd6/elements - {"using":"xpath","value":"//button[@data-kt=\"addButton\"]"}
RESULT: {"using":"xpath","value":"//button[@data-kt=\"addButton\"]"}
COMMAND: POST /session/be9a23df4294472c3cbe97a105488dd6/elements - {"using":"xpath","value":"//button[@data-kt=\"addButton\"]"}
RESULT: {"using":"xpath","value":"//button[@data-kt=\"addButton\"]"}
COMMAND: POST /session/be9a23df4294472c3cbe97a105488dd6/elements - {"using":"xpath","value":"//button[@data-kt=\"addButton\"]"}
RESULT: {"using":"xpath","value":"//button[@data-kt=\"addButton\"]"}
COMMAND: POST /session/be9a23df4294472c3cbe97a105488dd6/elements - {"using":"xpath","value":"//button[@data-kt=\"addButton\"]"}
RESULT: {"using":"xpath","value":"//button[@data-kt=\"addButton\"]"}
COMMAND: POST /session/be9a23df4294472c3cbe97a105488dd6/elements - {"using":"xpath","value":"//button[@data-kt=\"addButton\"]"}
RESULT: {"using":"xpath","value":"//button[@data-kt=\"addButton\"]"}
COMMAND: POST /session/be9a23df4294472c3cbe97a105488dd6/elements - {"using":"xpath","value":"//button[@data-kt=\"addButton\"]"}
RESULT: {"using":"xpath","value":"//button[@data-kt=\"addButton\"]"}
COMMAND: POST /session/be9a23df4294472c3cbe97a105488dd6/elements - {"using":"xpath","value":"//button[@data-kt=\"addButton\"]"}
RESULT: {"using":"xpath","value":"//button[@data-kt=\"addButton\"]"}
COMMAND: POST /session/be9a23df4294472c3cbe97a105488dd6/elements - {"using":"xpath","value":"//button[@data-kt=\"addButton\"]"}
RESULT: {"using":"xpath","value":"//button[@data-kt=\"addButton\"]"}
COMMAND: POST /session/be9a23df4294472c3cbe97a105488dd6/elements - {"using":"xpath","value":"//button[@data-kt=\"addButton\"]"}
RESULT: {"using":"xpath","value":"//button[@data-kt=\"addButton\"]"}
COMMAND: POST /session/be9a23df4294472c3cbe97a105488dd6/elements - {"using":"xpath","value":"//button[@data-kt=\"addButton\"]"}
RESULT: {"using":"xpath","value":"//button[@data-kt=\"addButton\"]"}
COMMAND: POST /session/be9a23df4294472c3cbe97a105488dd6/elements - {"using":"xpath","value":"//button[@data-kt=\"addButton\"]"}
RESULT: {"using":"xpath","value":"//button[@data-kt=\"addButton\"]"}
COMMAND: POST /session/be9a23df4294472c3cbe97a105488dd6/elements - {"using":"xpath","value":"//button[@data-kt=\"addButton\"]"}
RESULT: {"using":"xpath","value":"//button[@data-kt=\"addButton\"]"}
COMMAND: POST /session/be9a23df4294472c3cbe97a105488dd6/elements - {"using":"xpath","value":"//button[@data-kt=\"addButton\"]"}
RESULT: {"using":"xpath","value":"//button[@data-kt=\"addButton\"]"}
COMMAND: POST /session/be9a23df4294472c3cbe97a105488dd6/elements - {"using":"xpath","value":"//button[@data-kt=\"addButton\"]"}
RESULT: {"using":"xpath","value":"//button[@data-kt=\"addButton\"]"}
COMMAND: POST /session/be9a23df4294472c3cbe97a105488dd6/elements - {"using":"xpath","value":"//button[@data-kt=\"addButton\"]"}
RESULT: {"using":"xpath","value":"//button[@data-kt=\"addButton\"]"}
COMMAND: POST /session/be9a23df4294472c3cbe97a105488dd6/elements - {"using":"xpath","value":"//button[@data-kt=\"addButton\"]"}
RESULT: {"using":"xpath","value":"//button[@data-kt=\"addButton\"]"}
COMMAND: POST /session/be9a23df4294472c3cbe97a105488dd6/elements - {"using":"xpath","value":"//button[@data-kt=\"addButton\"]"}
RESULT: {"using":"xpath","value":"//button[@data-kt=\"addButton\"]"}
COMMAND: POST /session/be9a23df4294472c3cbe97a105488dd6/elements - {"using":"xpath","value":"//button[@data-kt=\"addButton\"]"}
RESULT: {"using":"xpath","value":"//button[@data-kt=\"addButton\"]"}
COMMAND: POST /session/be9a23df4294472c3cbe97a105488dd6/elements - {"using":"xpath","value":"//button[@data-kt=\"addButton\"]"}
RESULT: {"using":"xpath","value":"//button[@data-kt=\"addButton\"]"}
COMMAND: POST /session/be9a23df4294472c3cbe97a105488dd6/elements - {"using":"xpath","value":"//button[@data-kt=\"addButton\"]"}
RESULT: {"using":"xpath","value":"//button[@data-kt=\"addButton\"]"}
COMMAND: POST /session/be9a23df4294472c3cbe97a105488dd6/elements - {"using":"xpath","value":"//button[@data-kt=\"addButton\"]"}
RESULT: {"using":"xpath","value":"//button[@data-kt=\"addButton\"]"}
COMMAND: POST /session/be9a23df4294472c3cbe97a105488dd6/elements - {"using":"xpath","value":"//button[@data-kt=\"addButton\"]"}
RESULT: {"using":"xpath","value":"//button[@data-kt=\"addButton\"]"}
COMMAND: POST /session/be9a23df4294472c3cbe97a105488dd6/elements - {"using":"xpath","value":"//button[@data-kt=\"addButton\"]"}
RESULT: {"using":"xpath","value":"//button[@data-kt=\"addButton\"]"}
COMMAND: POST /session/be9a23df4294472c3cbe97a105488dd6/elements - {"using":"xpath","value":"//button[@data-kt=\"addButton\"]"}
RESULT: {"using":"xpath","value":"//button[@data-kt=\"addButton\"]"}
COMMAND: POST /session/be9a23df4294472c3cbe97a105488dd6/elements - {"using":"xpath","value":"//button[@data-kt=\"addButton\"]"}
RESULT: {"using":"xpath","value":"//button[@data-kt=\"addButton\"]"}
COMMAND: POST /session/be9a23df4294472c3cbe97a105488dd6/elements - {"using":"xpath","value":"//button[@data-kt=\"addButton\"]"}
RESULT: {"using":"xpath","value":"//button[@data-kt=\"addButton\"]"}
COMMAND: POST /session/be9a23df4294472c3cbe97a105488dd6/elements - {"using":"xpath","value":"//button[@data-kt=\"addButton\"]"}
RESULT: {"using":"xpath","value":"//button[@data-kt=\"addButton\"]"}
COMMAND: POST /session/be9a23df4294472c3cbe97a105488dd6/elements - {"using":"xpath","value":"//button[@data-kt=\"addButton\"]"}
RESULT: {"using":"xpath","value":"//button[@data-kt=\"addButton\"]"}
COMMAND: POST /session/be9a23df4294472c3cbe97a105488dd6/elements - {"using":"xpath","value":"//button[@data-kt=\"addButton\"]"}
RESULT: {"using":"xpath","value":"//button[@data-kt=\"addButton\"]"}
COMMAND: POST /session/be9a23df4294472c3cbe97a105488dd6/elements - {"using":"xpath","value":"//button[@data-kt=\"addButton\"]"}
RESULT: {"using":"xpath","value":"//button[@data-kt=\"addButton\"]"}
COMMAND: POST /session/be9a23df4294472c3cbe97a105488dd6/elements - {"using":"xpath","value":"//button[@data-kt=\"addButton\"]"}
RESULT: {"using":"xpath","value":"//button[@data-kt=\"addButton\"]"}
COMMAND: POST /session/be9a23df4294472c3cbe97a105488dd6/elements - {"using":"xpath","value":"//button[@data-kt=\"addButton\"]"}
RESULT: {"using":"xpath","value":"//button[@data-kt=\"addButton\"]"}
COMMAND: POST /session/be9a23df4294472c3cbe97a105488dd6/elements - {"using":"xpath","value":"//button[@data-kt=\"addButton\"]"}
RESULT: {"using":"xpath","value":"//button[@data-kt=\"addButton\"]"}
COMMAND: POST /session/be9a23df4294472c3cbe97a105488dd6/elements - {"using":"xpath","value":"//button[@data-kt=\"addButton\"]"}
RESULT: {"using":"xpath","value":"//button[@data-kt=\"addButton\"]"}
COMMAND: POST /session/be9a23df4294472c3cbe97a105488dd6/elements - {"using":"xpath","value":"//button[@data-kt=\"addButton\"]"}
RESULT: {"using":"xpath","value":"//button[@data-kt=\"addButton\"]"}
COMMAND: POST /session/be9a23df4294472c3cbe97a105488dd6/elements - {"using":"xpath","value":"//button[@data-kt=\"addButton\"]"}
RESULT: {"using":"xpath","value":"//button[@data-kt=\"addButton\"]"}
COMMAND: POST /session/be9a23df4294472c3cbe97a105488dd6/elements - {"using":"xpath","value":"//button[@data-kt=\"addButton\"]"}
RESULT: {"using":"xpath","value":"//button[@data-kt=\"addButton\"]"}
COMMAND: POST /session/be9a23df4294472c3cbe97a105488dd6/elements - {"using":"xpath","value":"//button[@data-kt=\"addButton\"]"}
RESULT: {"using":"xpath","value":"//button[@data-kt=\"addButton\"]"}
COMMAND: POST /session/be9a23df4294472c3cbe97a105488dd6/elements - {"using":"xpath","value":"//button[@data-kt=\"addButton\"]"}
RESULT: {"using":"xpath","value":"//button[@data-kt=\"addButton\"]"}
COMMAND: POST /session/be9a23df4294472c3cbe97a105488dd6/elements - {"using":"xpath","value":"//button[@data-kt=\"addButton\"]"}
RESULT: {"using":"xpath","value":"//button[@data-kt=\"addButton\"]"}
COMMAND: POST /session/be9a23df4294472c3cbe97a105488dd6/elements - {"using":"xpath","value":"//button[@data-kt=\"addButton\"]"}
RESULT: {"using":"xpath","value":"//button[@data-kt=\"addButton\"]"}
COMMAND: POST /session/be9a23df4294472c3cbe97a105488dd6/elements - {"using":"xpath","value":"//button[@data-kt=\"addButton\"]"}
RESULT: {"using":"xpath","value":"//button[@data-kt=\"addButton\"]"}
COMMAND: POST /session/be9a23df4294472c3cbe97a105488dd6/elements - {"using":"xpath","value":"//button[@data-kt=\"addButton\"]"}
RESULT: {"using":"xpath","value":"//button[@data-kt=\"addButton\"]"}
COMMAND: POST /session/be9a23df4294472c3cbe97a105488dd6/elements - {"using":"xpath","value":"//button[@data-kt=\"addButton\"]"}
RESULT: {"using":"xpath","value":"//button[@data-kt=\"addButton\"]"}
COMMAND: POST /session/be9a23df4294472c3cbe97a105488dd6/elements - {"using":"xpath","value":"//button[@data-kt=\"addButton\"]"}
RESULT: {"using":"xpath","value":"//button[@data-kt=\"addButton\"]"}
COMMAND: POST /session/be9a23df4294472c3cbe97a105488dd6/elements - {"using":"xpath","value":"//button[@data-kt=\"addButton\"]"}
RESULT: {"using":"xpath","value":"//button[@data-kt=\"addButton\"]"}
COMMAND: POST /session/be9a23df4294472c3cbe97a105488dd6/elements - {"using":"xpath","value":"//button[@data-kt=\"addButton\"]"}
RESULT: {"using":"xpath","value":"//button[@data-kt=\"addButton\"]"}
COMMAND: GET /session/be9a23df4294472c3cbe97a105488dd6/screenshot - {}
RESULT: {}
]]></system-out>
      <system-err><![CDATA[
Error: element ("//button[@data-kt="addButton"]") still not existing after 45000ms
    at async UtilsPrerequisites.returnTwoStep (D:\a\1\s\test\specs\BTS\prerequisites-and-utils-functions.js:2412:9)
    at async Context.<anonymous> (D:\a\1\s\test\specs\BTS\billing-calculation-transp-times.spec.js:108:9)
]]></system-err>
    </testcase>
    <testcase classname="chrome.136_0_7103_93.windows.Billing_Calculation_-_Time_based_(considering_transport_times)_US139738" name="Should do another billing run but in around 17 days from today" time="78.446">
      <failure/>
      <error message="Can't call click on element with selector &quot;//td[@aria-colindex=&quot;1&quot;]/div/div[contains(@class, &quot;sapMCbBg&quot;)]&quot; because element wasn't found"/>
      <system-out><![CDATA[
COMMAND: GET /session/be9a23df4294472c3cbe97a105488dd6/screenshot - {}
RESULT: undefined
RESULT: {}
COMMAND: POST /session/be9a23df4294472c3cbe97a105488dd6/elements - {"using":"xpath","value":"//span[text()='Error']"}
RESULT: {"using":"xpath","value":"//span[text()='Error']"}
RESULT: undefined
COMMAND: POST /session/be9a23df4294472c3cbe97a105488dd6/actions - {"actions":[{"id":"action66","type":"key","parameters":{},"actions":[{"type":"keyDown","value":""},{"type":"pause","duration":10},{"type":"keyUp","value":""}]}]}
RESULT: {"actions":[{"id":"action66","type":"key","parameters":{},"actions":[{"type":"keyDown","value":""},{"type":"pause","duration":10},{"type":"keyUp","value":""}]}]}
COMMAND: GET /session/be9a23df4294472c3cbe97a105488dd6/screenshot - {}
RESULT: {}
COMMAND: POST /session/be9a23df4294472c3cbe97a105488dd6/element - {"using":"xpath","value":"//td[@aria-colindex=\"1\"]/div/div[contains(@class, \"sapMCbBg\")]"}
RESULT: {"using":"xpath","value":"//td[@aria-colindex=\"1\"]/div/div[contains(@class, \"sapMCbBg\")]"}
COMMAND: POST /session/be9a23df4294472c3cbe97a105488dd6/elements - {"using":"xpath","value":"//td[@aria-colindex=\"1\"]/div/div[contains(@class, \"sapMCbBg\")]"}
RESULT: {"using":"xpath","value":"//td[@aria-colindex=\"1\"]/div/div[contains(@class, \"sapMCbBg\")]"}
COMMAND: POST /session/be9a23df4294472c3cbe97a105488dd6/elements - {"using":"xpath","value":"//td[@aria-colindex=\"1\"]/div/div[contains(@class, \"sapMCbBg\")]"}
RESULT: {"using":"xpath","value":"//td[@aria-colindex=\"1\"]/div/div[contains(@class, \"sapMCbBg\")]"}
COMMAND: POST /session/be9a23df4294472c3cbe97a105488dd6/elements - {"using":"xpath","value":"//td[@aria-colindex=\"1\"]/div/div[contains(@class, \"sapMCbBg\")]"}
RESULT: {"using":"xpath","value":"//td[@aria-colindex=\"1\"]/div/div[contains(@class, \"sapMCbBg\")]"}
COMMAND: POST /session/be9a23df4294472c3cbe97a105488dd6/elements - {"using":"xpath","value":"//td[@aria-colindex=\"1\"]/div/div[contains(@class, \"sapMCbBg\")]"}
RESULT: {"using":"xpath","value":"//td[@aria-colindex=\"1\"]/div/div[contains(@class, \"sapMCbBg\")]"}
COMMAND: POST /session/be9a23df4294472c3cbe97a105488dd6/elements - {"using":"xpath","value":"//td[@aria-colindex=\"1\"]/div/div[contains(@class, \"sapMCbBg\")]"}
RESULT: {"using":"xpath","value":"//td[@aria-colindex=\"1\"]/div/div[contains(@class, \"sapMCbBg\")]"}
COMMAND: POST /session/be9a23df4294472c3cbe97a105488dd6/elements - {"using":"xpath","value":"//td[@aria-colindex=\"1\"]/div/div[contains(@class, \"sapMCbBg\")]"}
RESULT: {"using":"xpath","value":"//td[@aria-colindex=\"1\"]/div/div[contains(@class, \"sapMCbBg\")]"}
COMMAND: POST /session/be9a23df4294472c3cbe97a105488dd6/elements - {"using":"xpath","value":"//td[@aria-colindex=\"1\"]/div/div[contains(@class, \"sapMCbBg\")]"}
RESULT: {"using":"xpath","value":"//td[@aria-colindex=\"1\"]/div/div[contains(@class, \"sapMCbBg\")]"}
COMMAND: POST /session/be9a23df4294472c3cbe97a105488dd6/elements - {"using":"xpath","value":"//td[@aria-colindex=\"1\"]/div/div[contains(@class, \"sapMCbBg\")]"}
RESULT: {"using":"xpath","value":"//td[@aria-colindex=\"1\"]/div/div[contains(@class, \"sapMCbBg\")]"}
COMMAND: POST /session/be9a23df4294472c3cbe97a105488dd6/elements - {"using":"xpath","value":"//td[@aria-colindex=\"1\"]/div/div[contains(@class, \"sapMCbBg\")]"}
RESULT: {"using":"xpath","value":"//td[@aria-colindex=\"1\"]/div/div[contains(@class, \"sapMCbBg\")]"}
COMMAND: POST /session/be9a23df4294472c3cbe97a105488dd6/elements - {"using":"xpath","value":"//td[@aria-colindex=\"1\"]/div/div[contains(@class, \"sapMCbBg\")]"}
RESULT: {"using":"xpath","value":"//td[@aria-colindex=\"1\"]/div/div[contains(@class, \"sapMCbBg\")]"}
COMMAND: POST /session/be9a23df4294472c3cbe97a105488dd6/elements - {"using":"xpath","value":"//td[@aria-colindex=\"1\"]/div/div[contains(@class, \"sapMCbBg\")]"}
RESULT: {"using":"xpath","value":"//td[@aria-colindex=\"1\"]/div/div[contains(@class, \"sapMCbBg\")]"}
COMMAND: POST /session/be9a23df4294472c3cbe97a105488dd6/elements - {"using":"xpath","value":"//td[@aria-colindex=\"1\"]/div/div[contains(@class, \"sapMCbBg\")]"}
RESULT: {"using":"xpath","value":"//td[@aria-colindex=\"1\"]/div/div[contains(@class, \"sapMCbBg\")]"}
COMMAND: POST /session/be9a23df4294472c3cbe97a105488dd6/elements - {"using":"xpath","value":"//td[@aria-colindex=\"1\"]/div/div[contains(@class, \"sapMCbBg\")]"}
RESULT: {"using":"xpath","value":"//td[@aria-colindex=\"1\"]/div/div[contains(@class, \"sapMCbBg\")]"}
COMMAND: POST /session/be9a23df4294472c3cbe97a105488dd6/elements - {"using":"xpath","value":"//td[@aria-colindex=\"1\"]/div/div[contains(@class, \"sapMCbBg\")]"}
RESULT: {"using":"xpath","value":"//td[@aria-colindex=\"1\"]/div/div[contains(@class, \"sapMCbBg\")]"}
COMMAND: POST /session/be9a23df4294472c3cbe97a105488dd6/elements - {"using":"xpath","value":"//td[@aria-colindex=\"1\"]/div/div[contains(@class, \"sapMCbBg\")]"}
RESULT: {"using":"xpath","value":"//td[@aria-colindex=\"1\"]/div/div[contains(@class, \"sapMCbBg\")]"}
COMMAND: POST /session/be9a23df4294472c3cbe97a105488dd6/elements - {"using":"xpath","value":"//td[@aria-colindex=\"1\"]/div/div[contains(@class, \"sapMCbBg\")]"}
RESULT: {"using":"xpath","value":"//td[@aria-colindex=\"1\"]/div/div[contains(@class, \"sapMCbBg\")]"}
COMMAND: POST /session/be9a23df4294472c3cbe97a105488dd6/elements - {"using":"xpath","value":"//td[@aria-colindex=\"1\"]/div/div[contains(@class, \"sapMCbBg\")]"}
RESULT: {"using":"xpath","value":"//td[@aria-colindex=\"1\"]/div/div[contains(@class, \"sapMCbBg\")]"}
COMMAND: POST /session/be9a23df4294472c3cbe97a105488dd6/elements - {"using":"xpath","value":"//td[@aria-colindex=\"1\"]/div/div[contains(@class, \"sapMCbBg\")]"}
RESULT: {"using":"xpath","value":"//td[@aria-colindex=\"1\"]/div/div[contains(@class, \"sapMCbBg\")]"}
COMMAND: POST /session/be9a23df4294472c3cbe97a105488dd6/elements - {"using":"xpath","value":"//td[@aria-colindex=\"1\"]/div/div[contains(@class, \"sapMCbBg\")]"}
RESULT: {"using":"xpath","value":"//td[@aria-colindex=\"1\"]/div/div[contains(@class, \"sapMCbBg\")]"}
COMMAND: POST /session/be9a23df4294472c3cbe97a105488dd6/elements - {"using":"xpath","value":"//td[@aria-colindex=\"1\"]/div/div[contains(@class, \"sapMCbBg\")]"}
RESULT: {"using":"xpath","value":"//td[@aria-colindex=\"1\"]/div/div[contains(@class, \"sapMCbBg\")]"}
COMMAND: POST /session/be9a23df4294472c3cbe97a105488dd6/elements - {"using":"xpath","value":"//td[@aria-colindex=\"1\"]/div/div[contains(@class, \"sapMCbBg\")]"}
RESULT: {"using":"xpath","value":"//td[@aria-colindex=\"1\"]/div/div[contains(@class, \"sapMCbBg\")]"}
COMMAND: POST /session/be9a23df4294472c3cbe97a105488dd6/elements - {"using":"xpath","value":"//td[@aria-colindex=\"1\"]/div/div[contains(@class, \"sapMCbBg\")]"}
RESULT: {"using":"xpath","value":"//td[@aria-colindex=\"1\"]/div/div[contains(@class, \"sapMCbBg\")]"}
COMMAND: POST /session/be9a23df4294472c3cbe97a105488dd6/elements - {"using":"xpath","value":"//td[@aria-colindex=\"1\"]/div/div[contains(@class, \"sapMCbBg\")]"}
RESULT: {"using":"xpath","value":"//td[@aria-colindex=\"1\"]/div/div[contains(@class, \"sapMCbBg\")]"}
COMMAND: POST /session/be9a23df4294472c3cbe97a105488dd6/elements - {"using":"xpath","value":"//td[@aria-colindex=\"1\"]/div/div[contains(@class, \"sapMCbBg\")]"}
RESULT: {"using":"xpath","value":"//td[@aria-colindex=\"1\"]/div/div[contains(@class, \"sapMCbBg\")]"}
COMMAND: POST /session/be9a23df4294472c3cbe97a105488dd6/elements - {"using":"xpath","value":"//td[@aria-colindex=\"1\"]/div/div[contains(@class, \"sapMCbBg\")]"}
RESULT: {"using":"xpath","value":"//td[@aria-colindex=\"1\"]/div/div[contains(@class, \"sapMCbBg\")]"}
COMMAND: POST /session/be9a23df4294472c3cbe97a105488dd6/elements - {"using":"xpath","value":"//td[@aria-colindex=\"1\"]/div/div[contains(@class, \"sapMCbBg\")]"}
RESULT: {"using":"xpath","value":"//td[@aria-colindex=\"1\"]/div/div[contains(@class, \"sapMCbBg\")]"}
COMMAND: POST /session/be9a23df4294472c3cbe97a105488dd6/elements - {"using":"xpath","value":"//td[@aria-colindex=\"1\"]/div/div[contains(@class, \"sapMCbBg\")]"}
RESULT: {"using":"xpath","value":"//td[@aria-colindex=\"1\"]/div/div[contains(@class, \"sapMCbBg\")]"}
COMMAND: POST /session/be9a23df4294472c3cbe97a105488dd6/elements - {"using":"xpath","value":"//td[@aria-colindex=\"1\"]/div/div[contains(@class, \"sapMCbBg\")]"}
RESULT: {"using":"xpath","value":"//td[@aria-colindex=\"1\"]/div/div[contains(@class, \"sapMCbBg\")]"}
COMMAND: POST /session/be9a23df4294472c3cbe97a105488dd6/elements - {"using":"xpath","value":"//td[@aria-colindex=\"1\"]/div/div[contains(@class, \"sapMCbBg\")]"}
RESULT: {"using":"xpath","value":"//td[@aria-colindex=\"1\"]/div/div[contains(@class, \"sapMCbBg\")]"}
COMMAND: POST /session/be9a23df4294472c3cbe97a105488dd6/elements - {"using":"xpath","value":"//td[@aria-colindex=\"1\"]/div/div[contains(@class, \"sapMCbBg\")]"}
RESULT: {"using":"xpath","value":"//td[@aria-colindex=\"1\"]/div/div[contains(@class, \"sapMCbBg\")]"}
COMMAND: POST /session/be9a23df4294472c3cbe97a105488dd6/elements - {"using":"xpath","value":"//td[@aria-colindex=\"1\"]/div/div[contains(@class, \"sapMCbBg\")]"}
RESULT: {"using":"xpath","value":"//td[@aria-colindex=\"1\"]/div/div[contains(@class, \"sapMCbBg\")]"}
COMMAND: POST /session/be9a23df4294472c3cbe97a105488dd6/elements - {"using":"xpath","value":"//td[@aria-colindex=\"1\"]/div/div[contains(@class, \"sapMCbBg\")]"}
RESULT: {"using":"xpath","value":"//td[@aria-colindex=\"1\"]/div/div[contains(@class, \"sapMCbBg\")]"}
COMMAND: POST /session/be9a23df4294472c3cbe97a105488dd6/elements - {"using":"xpath","value":"//td[@aria-colindex=\"1\"]/div/div[contains(@class, \"sapMCbBg\")]"}
RESULT: {"using":"xpath","value":"//td[@aria-colindex=\"1\"]/div/div[contains(@class, \"sapMCbBg\")]"}
COMMAND: POST /session/be9a23df4294472c3cbe97a105488dd6/elements - {"using":"xpath","value":"//td[@aria-colindex=\"1\"]/div/div[contains(@class, \"sapMCbBg\")]"}
RESULT: {"using":"xpath","value":"//td[@aria-colindex=\"1\"]/div/div[contains(@class, \"sapMCbBg\")]"}
COMMAND: POST /session/be9a23df4294472c3cbe97a105488dd6/elements - {"using":"xpath","value":"//td[@aria-colindex=\"1\"]/div/div[contains(@class, \"sapMCbBg\")]"}
RESULT: {"using":"xpath","value":"//td[@aria-colindex=\"1\"]/div/div[contains(@class, \"sapMCbBg\")]"}
COMMAND: POST /session/be9a23df4294472c3cbe97a105488dd6/elements - {"using":"xpath","value":"//td[@aria-colindex=\"1\"]/div/div[contains(@class, \"sapMCbBg\")]"}
RESULT: {"using":"xpath","value":"//td[@aria-colindex=\"1\"]/div/div[contains(@class, \"sapMCbBg\")]"}
COMMAND: POST /session/be9a23df4294472c3cbe97a105488dd6/elements - {"using":"xpath","value":"//td[@aria-colindex=\"1\"]/div/div[contains(@class, \"sapMCbBg\")]"}
RESULT: {"using":"xpath","value":"//td[@aria-colindex=\"1\"]/div/div[contains(@class, \"sapMCbBg\")]"}
COMMAND: POST /session/be9a23df4294472c3cbe97a105488dd6/elements - {"using":"xpath","value":"//td[@aria-colindex=\"1\"]/div/div[contains(@class, \"sapMCbBg\")]"}
RESULT: {"using":"xpath","value":"//td[@aria-colindex=\"1\"]/div/div[contains(@class, \"sapMCbBg\")]"}
COMMAND: POST /session/be9a23df4294472c3cbe97a105488dd6/elements - {"using":"xpath","value":"//td[@aria-colindex=\"1\"]/div/div[contains(@class, \"sapMCbBg\")]"}
RESULT: {"using":"xpath","value":"//td[@aria-colindex=\"1\"]/div/div[contains(@class, \"sapMCbBg\")]"}
COMMAND: POST /session/be9a23df4294472c3cbe97a105488dd6/elements - {"using":"xpath","value":"//td[@aria-colindex=\"1\"]/div/div[contains(@class, \"sapMCbBg\")]"}
RESULT: {"using":"xpath","value":"//td[@aria-colindex=\"1\"]/div/div[contains(@class, \"sapMCbBg\")]"}
COMMAND: POST /session/be9a23df4294472c3cbe97a105488dd6/elements - {"using":"xpath","value":"//td[@aria-colindex=\"1\"]/div/div[contains(@class, \"sapMCbBg\")]"}
RESULT: {"using":"xpath","value":"//td[@aria-colindex=\"1\"]/div/div[contains(@class, \"sapMCbBg\")]"}
COMMAND: POST /session/be9a23df4294472c3cbe97a105488dd6/elements - {"using":"xpath","value":"//td[@aria-colindex=\"1\"]/div/div[contains(@class, \"sapMCbBg\")]"}
RESULT: {"using":"xpath","value":"//td[@aria-colindex=\"1\"]/div/div[contains(@class, \"sapMCbBg\")]"}
COMMAND: POST /session/be9a23df4294472c3cbe97a105488dd6/elements - {"using":"xpath","value":"//td[@aria-colindex=\"1\"]/div/div[contains(@class, \"sapMCbBg\")]"}
RESULT: {"using":"xpath","value":"//td[@aria-colindex=\"1\"]/div/div[contains(@class, \"sapMCbBg\")]"}
COMMAND: POST /session/be9a23df4294472c3cbe97a105488dd6/elements - {"using":"xpath","value":"//td[@aria-colindex=\"1\"]/div/div[contains(@class, \"sapMCbBg\")]"}
RESULT: {"using":"xpath","value":"//td[@aria-colindex=\"1\"]/div/div[contains(@class, \"sapMCbBg\")]"}
COMMAND: POST /session/be9a23df4294472c3cbe97a105488dd6/elements - {"using":"xpath","value":"//td[@aria-colindex=\"1\"]/div/div[contains(@class, \"sapMCbBg\")]"}
RESULT: {"using":"xpath","value":"//td[@aria-colindex=\"1\"]/div/div[contains(@class, \"sapMCbBg\")]"}
COMMAND: POST /session/be9a23df4294472c3cbe97a105488dd6/elements - {"using":"xpath","value":"//td[@aria-colindex=\"1\"]/div/div[contains(@class, \"sapMCbBg\")]"}
RESULT: {"using":"xpath","value":"//td[@aria-colindex=\"1\"]/div/div[contains(@class, \"sapMCbBg\")]"}
COMMAND: POST /session/be9a23df4294472c3cbe97a105488dd6/elements - {"using":"xpath","value":"//td[@aria-colindex=\"1\"]/div/div[contains(@class, \"sapMCbBg\")]"}
RESULT: {"using":"xpath","value":"//td[@aria-colindex=\"1\"]/div/div[contains(@class, \"sapMCbBg\")]"}
COMMAND: POST /session/be9a23df4294472c3cbe97a105488dd6/elements - {"using":"xpath","value":"//td[@aria-colindex=\"1\"]/div/div[contains(@class, \"sapMCbBg\")]"}
RESULT: {"using":"xpath","value":"//td[@aria-colindex=\"1\"]/div/div[contains(@class, \"sapMCbBg\")]"}
COMMAND: POST /session/be9a23df4294472c3cbe97a105488dd6/elements - {"using":"xpath","value":"//td[@aria-colindex=\"1\"]/div/div[contains(@class, \"sapMCbBg\")]"}
RESULT: {"using":"xpath","value":"//td[@aria-colindex=\"1\"]/div/div[contains(@class, \"sapMCbBg\")]"}
COMMAND: POST /session/be9a23df4294472c3cbe97a105488dd6/elements - {"using":"xpath","value":"//td[@aria-colindex=\"1\"]/div/div[contains(@class, \"sapMCbBg\")]"}
RESULT: {"using":"xpath","value":"//td[@aria-colindex=\"1\"]/div/div[contains(@class, \"sapMCbBg\")]"}
COMMAND: POST /session/be9a23df4294472c3cbe97a105488dd6/elements - {"using":"xpath","value":"//td[@aria-colindex=\"1\"]/div/div[contains(@class, \"sapMCbBg\")]"}
RESULT: {"using":"xpath","value":"//td[@aria-colindex=\"1\"]/div/div[contains(@class, \"sapMCbBg\")]"}
COMMAND: POST /session/be9a23df4294472c3cbe97a105488dd6/elements - {"using":"xpath","value":"//td[@aria-colindex=\"1\"]/div/div[contains(@class, \"sapMCbBg\")]"}
RESULT: {"using":"xpath","value":"//td[@aria-colindex=\"1\"]/div/div[contains(@class, \"sapMCbBg\")]"}
COMMAND: POST /session/be9a23df4294472c3cbe97a105488dd6/elements - {"using":"xpath","value":"//td[@aria-colindex=\"1\"]/div/div[contains(@class, \"sapMCbBg\")]"}
RESULT: {"using":"xpath","value":"//td[@aria-colindex=\"1\"]/div/div[contains(@class, \"sapMCbBg\")]"}
COMMAND: POST /session/be9a23df4294472c3cbe97a105488dd6/elements - {"using":"xpath","value":"//td[@aria-colindex=\"1\"]/div/div[contains(@class, \"sapMCbBg\")]"}
RESULT: {"using":"xpath","value":"//td[@aria-colindex=\"1\"]/div/div[contains(@class, \"sapMCbBg\")]"}
COMMAND: POST /session/be9a23df4294472c3cbe97a105488dd6/elements - {"using":"xpath","value":"//td[@aria-colindex=\"1\"]/div/div[contains(@class, \"sapMCbBg\")]"}
RESULT: {"using":"xpath","value":"//td[@aria-colindex=\"1\"]/div/div[contains(@class, \"sapMCbBg\")]"}
COMMAND: POST /session/be9a23df4294472c3cbe97a105488dd6/elements - {"using":"xpath","value":"//td[@aria-colindex=\"1\"]/div/div[contains(@class, \"sapMCbBg\")]"}
RESULT: {"using":"xpath","value":"//td[@aria-colindex=\"1\"]/div/div[contains(@class, \"sapMCbBg\")]"}
COMMAND: POST /session/be9a23df4294472c3cbe97a105488dd6/elements - {"using":"xpath","value":"//td[@aria-colindex=\"1\"]/div/div[contains(@class, \"sapMCbBg\")]"}
RESULT: {"using":"xpath","value":"//td[@aria-colindex=\"1\"]/div/div[contains(@class, \"sapMCbBg\")]"}
COMMAND: POST /session/be9a23df4294472c3cbe97a105488dd6/elements - {"using":"xpath","value":"//td[@aria-colindex=\"1\"]/div/div[contains(@class, \"sapMCbBg\")]"}
RESULT: {"using":"xpath","value":"//td[@aria-colindex=\"1\"]/div/div[contains(@class, \"sapMCbBg\")]"}
COMMAND: POST /session/be9a23df4294472c3cbe97a105488dd6/elements - {"using":"xpath","value":"//td[@aria-colindex=\"1\"]/div/div[contains(@class, \"sapMCbBg\")]"}
RESULT: {"using":"xpath","value":"//td[@aria-colindex=\"1\"]/div/div[contains(@class, \"sapMCbBg\")]"}
COMMAND: POST /session/be9a23df4294472c3cbe97a105488dd6/elements - {"using":"xpath","value":"//td[@aria-colindex=\"1\"]/div/div[contains(@class, \"sapMCbBg\")]"}
RESULT: {"using":"xpath","value":"//td[@aria-colindex=\"1\"]/div/div[contains(@class, \"sapMCbBg\")]"}
COMMAND: POST /session/be9a23df4294472c3cbe97a105488dd6/elements - {"using":"xpath","value":"//td[@aria-colindex=\"1\"]/div/div[contains(@class, \"sapMCbBg\")]"}
RESULT: {"using":"xpath","value":"//td[@aria-colindex=\"1\"]/div/div[contains(@class, \"sapMCbBg\")]"}
COMMAND: POST /session/be9a23df4294472c3cbe97a105488dd6/elements - {"using":"xpath","value":"//td[@aria-colindex=\"1\"]/div/div[contains(@class, \"sapMCbBg\")]"}
RESULT: {"using":"xpath","value":"//td[@aria-colindex=\"1\"]/div/div[contains(@class, \"sapMCbBg\")]"}
COMMAND: POST /session/be9a23df4294472c3cbe97a105488dd6/elements - {"using":"xpath","value":"//td[@aria-colindex=\"1\"]/div/div[contains(@class, \"sapMCbBg\")]"}
RESULT: {"using":"xpath","value":"//td[@aria-colindex=\"1\"]/div/div[contains(@class, \"sapMCbBg\")]"}
COMMAND: POST /session/be9a23df4294472c3cbe97a105488dd6/elements - {"using":"xpath","value":"//td[@aria-colindex=\"1\"]/div/div[contains(@class, \"sapMCbBg\")]"}
RESULT: {"using":"xpath","value":"//td[@aria-colindex=\"1\"]/div/div[contains(@class, \"sapMCbBg\")]"}
COMMAND: POST /session/be9a23df4294472c3cbe97a105488dd6/elements - {"using":"xpath","value":"//td[@aria-colindex=\"1\"]/div/div[contains(@class, \"sapMCbBg\")]"}
RESULT: {"using":"xpath","value":"//td[@aria-colindex=\"1\"]/div/div[contains(@class, \"sapMCbBg\")]"}
COMMAND: POST /session/be9a23df4294472c3cbe97a105488dd6/elements - {"using":"xpath","value":"//td[@aria-colindex=\"1\"]/div/div[contains(@class, \"sapMCbBg\")]"}
RESULT: {"using":"xpath","value":"//td[@aria-colindex=\"1\"]/div/div[contains(@class, \"sapMCbBg\")]"}
COMMAND: POST /session/be9a23df4294472c3cbe97a105488dd6/elements - {"using":"xpath","value":"//td[@aria-colindex=\"1\"]/div/div[contains(@class, \"sapMCbBg\")]"}
RESULT: {"using":"xpath","value":"//td[@aria-colindex=\"1\"]/div/div[contains(@class, \"sapMCbBg\")]"}
COMMAND: POST /session/be9a23df4294472c3cbe97a105488dd6/elements - {"using":"xpath","value":"//td[@aria-colindex=\"1\"]/div/div[contains(@class, \"sapMCbBg\")]"}
RESULT: {"using":"xpath","value":"//td[@aria-colindex=\"1\"]/div/div[contains(@class, \"sapMCbBg\")]"}
COMMAND: POST /session/be9a23df4294472c3cbe97a105488dd6/elements - {"using":"xpath","value":"//td[@aria-colindex=\"1\"]/div/div[contains(@class, \"sapMCbBg\")]"}
RESULT: {"using":"xpath","value":"//td[@aria-colindex=\"1\"]/div/div[contains(@class, \"sapMCbBg\")]"}
COMMAND: POST /session/be9a23df4294472c3cbe97a105488dd6/elements - {"using":"xpath","value":"//td[@aria-colindex=\"1\"]/div/div[contains(@class, \"sapMCbBg\")]"}
RESULT: {"using":"xpath","value":"//td[@aria-colindex=\"1\"]/div/div[contains(@class, \"sapMCbBg\")]"}
COMMAND: POST /session/be9a23df4294472c3cbe97a105488dd6/elements - {"using":"xpath","value":"//td[@aria-colindex=\"1\"]/div/div[contains(@class, \"sapMCbBg\")]"}
RESULT: {"using":"xpath","value":"//td[@aria-colindex=\"1\"]/div/div[contains(@class, \"sapMCbBg\")]"}
COMMAND: POST /session/be9a23df4294472c3cbe97a105488dd6/elements - {"using":"xpath","value":"//td[@aria-colindex=\"1\"]/div/div[contains(@class, \"sapMCbBg\")]"}
RESULT: {"using":"xpath","value":"//td[@aria-colindex=\"1\"]/div/div[contains(@class, \"sapMCbBg\")]"}
COMMAND: POST /session/be9a23df4294472c3cbe97a105488dd6/elements - {"using":"xpath","value":"//td[@aria-colindex=\"1\"]/div/div[contains(@class, \"sapMCbBg\")]"}
RESULT: {"using":"xpath","value":"//td[@aria-colindex=\"1\"]/div/div[contains(@class, \"sapMCbBg\")]"}
COMMAND: POST /session/be9a23df4294472c3cbe97a105488dd6/elements - {"using":"xpath","value":"//td[@aria-colindex=\"1\"]/div/div[contains(@class, \"sapMCbBg\")]"}
RESULT: {"using":"xpath","value":"//td[@aria-colindex=\"1\"]/div/div[contains(@class, \"sapMCbBg\")]"}
COMMAND: POST /session/be9a23df4294472c3cbe97a105488dd6/elements - {"using":"xpath","value":"//td[@aria-colindex=\"1\"]/div/div[contains(@class, \"sapMCbBg\")]"}
RESULT: {"using":"xpath","value":"//td[@aria-colindex=\"1\"]/div/div[contains(@class, \"sapMCbBg\")]"}
COMMAND: POST /session/be9a23df4294472c3cbe97a105488dd6/elements - {"using":"xpath","value":"//td[@aria-colindex=\"1\"]/div/div[contains(@class, \"sapMCbBg\")]"}
RESULT: {"using":"xpath","value":"//td[@aria-colindex=\"1\"]/div/div[contains(@class, \"sapMCbBg\")]"}
COMMAND: POST /session/be9a23df4294472c3cbe97a105488dd6/elements - {"using":"xpath","value":"//td[@aria-colindex=\"1\"]/div/div[contains(@class, \"sapMCbBg\")]"}
RESULT: {"using":"xpath","value":"//td[@aria-colindex=\"1\"]/div/div[contains(@class, \"sapMCbBg\")]"}
COMMAND: POST /session/be9a23df4294472c3cbe97a105488dd6/elements - {"using":"xpath","value":"//td[@aria-colindex=\"1\"]/div/div[contains(@class, \"sapMCbBg\")]"}
RESULT: {"using":"xpath","value":"//td[@aria-colindex=\"1\"]/div/div[contains(@class, \"sapMCbBg\")]"}
COMMAND: POST /session/be9a23df4294472c3cbe97a105488dd6/elements - {"using":"xpath","value":"//td[@aria-colindex=\"1\"]/div/div[contains(@class, \"sapMCbBg\")]"}
RESULT: {"using":"xpath","value":"//td[@aria-colindex=\"1\"]/div/div[contains(@class, \"sapMCbBg\")]"}
COMMAND: POST /session/be9a23df4294472c3cbe97a105488dd6/elements - {"using":"xpath","value":"//td[@aria-colindex=\"1\"]/div/div[contains(@class, \"sapMCbBg\")]"}
RESULT: {"using":"xpath","value":"//td[@aria-colindex=\"1\"]/div/div[contains(@class, \"sapMCbBg\")]"}
COMMAND: POST /session/be9a23df4294472c3cbe97a105488dd6/elements - {"using":"xpath","value":"//td[@aria-colindex=\"1\"]/div/div[contains(@class, \"sapMCbBg\")]"}
RESULT: {"using":"xpath","value":"//td[@aria-colindex=\"1\"]/div/div[contains(@class, \"sapMCbBg\")]"}
COMMAND: POST /session/be9a23df4294472c3cbe97a105488dd6/elements - {"using":"xpath","value":"//td[@aria-colindex=\"1\"]/div/div[contains(@class, \"sapMCbBg\")]"}
RESULT: {"using":"xpath","value":"//td[@aria-colindex=\"1\"]/div/div[contains(@class, \"sapMCbBg\")]"}
COMMAND: POST /session/be9a23df4294472c3cbe97a105488dd6/elements - {"using":"xpath","value":"//td[@aria-colindex=\"1\"]/div/div[contains(@class, \"sapMCbBg\")]"}
RESULT: {"using":"xpath","value":"//td[@aria-colindex=\"1\"]/div/div[contains(@class, \"sapMCbBg\")]"}
COMMAND: POST /session/be9a23df4294472c3cbe97a105488dd6/elements - {"using":"xpath","value":"//td[@aria-colindex=\"1\"]/div/div[contains(@class, \"sapMCbBg\")]"}
RESULT: {"using":"xpath","value":"//td[@aria-colindex=\"1\"]/div/div[contains(@class, \"sapMCbBg\")]"}
COMMAND: POST /session/be9a23df4294472c3cbe97a105488dd6/elements - {"using":"xpath","value":"//td[@aria-colindex=\"1\"]/div/div[contains(@class, \"sapMCbBg\")]"}
RESULT: {"using":"xpath","value":"//td[@aria-colindex=\"1\"]/div/div[contains(@class, \"sapMCbBg\")]"}
COMMAND: POST /session/be9a23df4294472c3cbe97a105488dd6/elements - {"using":"xpath","value":"//td[@aria-colindex=\"1\"]/div/div[contains(@class, \"sapMCbBg\")]"}
RESULT: {"using":"xpath","value":"//td[@aria-colindex=\"1\"]/div/div[contains(@class, \"sapMCbBg\")]"}
COMMAND: POST /session/be9a23df4294472c3cbe97a105488dd6/elements - {"using":"xpath","value":"//td[@aria-colindex=\"1\"]/div/div[contains(@class, \"sapMCbBg\")]"}
RESULT: {"using":"xpath","value":"//td[@aria-colindex=\"1\"]/div/div[contains(@class, \"sapMCbBg\")]"}
COMMAND: POST /session/be9a23df4294472c3cbe97a105488dd6/elements - {"using":"xpath","value":"//td[@aria-colindex=\"1\"]/div/div[contains(@class, \"sapMCbBg\")]"}
RESULT: {"using":"xpath","value":"//td[@aria-colindex=\"1\"]/div/div[contains(@class, \"sapMCbBg\")]"}
COMMAND: POST /session/be9a23df4294472c3cbe97a105488dd6/elements - {"using":"xpath","value":"//td[@aria-colindex=\"1\"]/div/div[contains(@class, \"sapMCbBg\")]"}
RESULT: {"using":"xpath","value":"//td[@aria-colindex=\"1\"]/div/div[contains(@class, \"sapMCbBg\")]"}
COMMAND: POST /session/be9a23df4294472c3cbe97a105488dd6/elements - {"using":"xpath","value":"//td[@aria-colindex=\"1\"]/div/div[contains(@class, \"sapMCbBg\")]"}
RESULT: {"using":"xpath","value":"//td[@aria-colindex=\"1\"]/div/div[contains(@class, \"sapMCbBg\")]"}
COMMAND: POST /session/be9a23df4294472c3cbe97a105488dd6/elements - {"using":"xpath","value":"//td[@aria-colindex=\"1\"]/div/div[contains(@class, \"sapMCbBg\")]"}
RESULT: {"using":"xpath","value":"//td[@aria-colindex=\"1\"]/div/div[contains(@class, \"sapMCbBg\")]"}
COMMAND: POST /session/be9a23df4294472c3cbe97a105488dd6/elements - {"using":"xpath","value":"//td[@aria-colindex=\"1\"]/div/div[contains(@class, \"sapMCbBg\")]"}
RESULT: {"using":"xpath","value":"//td[@aria-colindex=\"1\"]/div/div[contains(@class, \"sapMCbBg\")]"}
COMMAND: POST /session/be9a23df4294472c3cbe97a105488dd6/elements - {"using":"xpath","value":"//td[@aria-colindex=\"1\"]/div/div[contains(@class, \"sapMCbBg\")]"}
RESULT: {"using":"xpath","value":"//td[@aria-colindex=\"1\"]/div/div[contains(@class, \"sapMCbBg\")]"}
COMMAND: POST /session/be9a23df4294472c3cbe97a105488dd6/elements - {"using":"xpath","value":"//td[@aria-colindex=\"1\"]/div/div[contains(@class, \"sapMCbBg\")]"}
RESULT: {"using":"xpath","value":"//td[@aria-colindex=\"1\"]/div/div[contains(@class, \"sapMCbBg\")]"}
COMMAND: POST /session/be9a23df4294472c3cbe97a105488dd6/elements - {"using":"xpath","value":"//td[@aria-colindex=\"1\"]/div/div[contains(@class, \"sapMCbBg\")]"}
RESULT: {"using":"xpath","value":"//td[@aria-colindex=\"1\"]/div/div[contains(@class, \"sapMCbBg\")]"}
COMMAND: POST /session/be9a23df4294472c3cbe97a105488dd6/elements - {"using":"xpath","value":"//td[@aria-colindex=\"1\"]/div/div[contains(@class, \"sapMCbBg\")]"}
RESULT: {"using":"xpath","value":"//td[@aria-colindex=\"1\"]/div/div[contains(@class, \"sapMCbBg\")]"}
COMMAND: POST /session/be9a23df4294472c3cbe97a105488dd6/elements - {"using":"xpath","value":"//td[@aria-colindex=\"1\"]/div/div[contains(@class, \"sapMCbBg\")]"}
RESULT: {"using":"xpath","value":"//td[@aria-colindex=\"1\"]/div/div[contains(@class, \"sapMCbBg\")]"}
COMMAND: POST /session/be9a23df4294472c3cbe97a105488dd6/elements - {"using":"xpath","value":"//td[@aria-colindex=\"1\"]/div/div[contains(@class, \"sapMCbBg\")]"}
RESULT: {"using":"xpath","value":"//td[@aria-colindex=\"1\"]/div/div[contains(@class, \"sapMCbBg\")]"}
COMMAND: POST /session/be9a23df4294472c3cbe97a105488dd6/elements - {"using":"xpath","value":"//td[@aria-colindex=\"1\"]/div/div[contains(@class, \"sapMCbBg\")]"}
RESULT: {"using":"xpath","value":"//td[@aria-colindex=\"1\"]/div/div[contains(@class, \"sapMCbBg\")]"}
COMMAND: POST /session/be9a23df4294472c3cbe97a105488dd6/elements - {"using":"xpath","value":"//td[@aria-colindex=\"1\"]/div/div[contains(@class, \"sapMCbBg\")]"}
RESULT: {"using":"xpath","value":"//td[@aria-colindex=\"1\"]/div/div[contains(@class, \"sapMCbBg\")]"}
COMMAND: POST /session/be9a23df4294472c3cbe97a105488dd6/elements - {"using":"xpath","value":"//td[@aria-colindex=\"1\"]/div/div[contains(@class, \"sapMCbBg\")]"}
RESULT: {"using":"xpath","value":"//td[@aria-colindex=\"1\"]/div/div[contains(@class, \"sapMCbBg\")]"}
COMMAND: POST /session/be9a23df4294472c3cbe97a105488dd6/elements - {"using":"xpath","value":"//td[@aria-colindex=\"1\"]/div/div[contains(@class, \"sapMCbBg\")]"}
RESULT: {"using":"xpath","value":"//td[@aria-colindex=\"1\"]/div/div[contains(@class, \"sapMCbBg\")]"}
COMMAND: POST /session/be9a23df4294472c3cbe97a105488dd6/elements - {"using":"xpath","value":"//td[@aria-colindex=\"1\"]/div/div[contains(@class, \"sapMCbBg\")]"}
RESULT: {"using":"xpath","value":"//td[@aria-colindex=\"1\"]/div/div[contains(@class, \"sapMCbBg\")]"}
COMMAND: POST /session/be9a23df4294472c3cbe97a105488dd6/elements - {"using":"xpath","value":"//td[@aria-colindex=\"1\"]/div/div[contains(@class, \"sapMCbBg\")]"}
RESULT: {"using":"xpath","value":"//td[@aria-colindex=\"1\"]/div/div[contains(@class, \"sapMCbBg\")]"}
COMMAND: POST /session/be9a23df4294472c3cbe97a105488dd6/elements - {"using":"xpath","value":"//td[@aria-colindex=\"1\"]/div/div[contains(@class, \"sapMCbBg\")]"}
RESULT: {"using":"xpath","value":"//td[@aria-colindex=\"1\"]/div/div[contains(@class, \"sapMCbBg\")]"}
COMMAND: POST /session/be9a23df4294472c3cbe97a105488dd6/elements - {"using":"xpath","value":"//td[@aria-colindex=\"1\"]/div/div[contains(@class, \"sapMCbBg\")]"}
RESULT: {"using":"xpath","value":"//td[@aria-colindex=\"1\"]/div/div[contains(@class, \"sapMCbBg\")]"}
COMMAND: POST /session/be9a23df4294472c3cbe97a105488dd6/elements - {"using":"xpath","value":"//td[@aria-colindex=\"1\"]/div/div[contains(@class, \"sapMCbBg\")]"}
RESULT: {"using":"xpath","value":"//td[@aria-colindex=\"1\"]/div/div[contains(@class, \"sapMCbBg\")]"}
COMMAND: POST /session/be9a23df4294472c3cbe97a105488dd6/elements - {"using":"xpath","value":"//td[@aria-colindex=\"1\"]/div/div[contains(@class, \"sapMCbBg\")]"}
RESULT: {"using":"xpath","value":"//td[@aria-colindex=\"1\"]/div/div[contains(@class, \"sapMCbBg\")]"}
COMMAND: POST /session/be9a23df4294472c3cbe97a105488dd6/elements - {"using":"xpath","value":"//td[@aria-colindex=\"1\"]/div/div[contains(@class, \"sapMCbBg\")]"}
RESULT: {"using":"xpath","value":"//td[@aria-colindex=\"1\"]/div/div[contains(@class, \"sapMCbBg\")]"}
COMMAND: POST /session/be9a23df4294472c3cbe97a105488dd6/elements - {"using":"xpath","value":"//td[@aria-colindex=\"1\"]/div/div[contains(@class, \"sapMCbBg\")]"}
RESULT: {"using":"xpath","value":"//td[@aria-colindex=\"1\"]/div/div[contains(@class, \"sapMCbBg\")]"}
COMMAND: POST /session/be9a23df4294472c3cbe97a105488dd6/elements - {"using":"xpath","value":"//td[@aria-colindex=\"1\"]/div/div[contains(@class, \"sapMCbBg\")]"}
RESULT: {"using":"xpath","value":"//td[@aria-colindex=\"1\"]/div/div[contains(@class, \"sapMCbBg\")]"}
COMMAND: POST /session/be9a23df4294472c3cbe97a105488dd6/elements - {"using":"xpath","value":"//td[@aria-colindex=\"1\"]/div/div[contains(@class, \"sapMCbBg\")]"}
RESULT: {"using":"xpath","value":"//td[@aria-colindex=\"1\"]/div/div[contains(@class, \"sapMCbBg\")]"}
COMMAND: POST /session/be9a23df4294472c3cbe97a105488dd6/elements - {"using":"xpath","value":"//td[@aria-colindex=\"1\"]/div/div[contains(@class, \"sapMCbBg\")]"}
RESULT: {"using":"xpath","value":"//td[@aria-colindex=\"1\"]/div/div[contains(@class, \"sapMCbBg\")]"}
COMMAND: POST /session/be9a23df4294472c3cbe97a105488dd6/elements - {"using":"xpath","value":"//td[@aria-colindex=\"1\"]/div/div[contains(@class, \"sapMCbBg\")]"}
RESULT: {"using":"xpath","value":"//td[@aria-colindex=\"1\"]/div/div[contains(@class, \"sapMCbBg\")]"}
COMMAND: POST /session/be9a23df4294472c3cbe97a105488dd6/elements - {"using":"xpath","value":"//td[@aria-colindex=\"1\"]/div/div[contains(@class, \"sapMCbBg\")]"}
RESULT: {"using":"xpath","value":"//td[@aria-colindex=\"1\"]/div/div[contains(@class, \"sapMCbBg\")]"}
COMMAND: POST /session/be9a23df4294472c3cbe97a105488dd6/elements - {"using":"xpath","value":"//td[@aria-colindex=\"1\"]/div/div[contains(@class, \"sapMCbBg\")]"}
RESULT: {"using":"xpath","value":"//td[@aria-colindex=\"1\"]/div/div[contains(@class, \"sapMCbBg\")]"}
COMMAND: POST /session/be9a23df4294472c3cbe97a105488dd6/elements - {"using":"xpath","value":"//td[@aria-colindex=\"1\"]/div/div[contains(@class, \"sapMCbBg\")]"}
RESULT: {"using":"xpath","value":"//td[@aria-colindex=\"1\"]/div/div[contains(@class, \"sapMCbBg\")]"}
COMMAND: POST /session/be9a23df4294472c3cbe97a105488dd6/elements - {"using":"xpath","value":"//td[@aria-colindex=\"1\"]/div/div[contains(@class, \"sapMCbBg\")]"}
RESULT: {"using":"xpath","value":"//td[@aria-colindex=\"1\"]/div/div[contains(@class, \"sapMCbBg\")]"}
COMMAND: POST /session/be9a23df4294472c3cbe97a105488dd6/elements - {"using":"xpath","value":"//td[@aria-colindex=\"1\"]/div/div[contains(@class, \"sapMCbBg\")]"}
RESULT: {"using":"xpath","value":"//td[@aria-colindex=\"1\"]/div/div[contains(@class, \"sapMCbBg\")]"}
COMMAND: POST /session/be9a23df4294472c3cbe97a105488dd6/elements - {"using":"xpath","value":"//td[@aria-colindex=\"1\"]/div/div[contains(@class, \"sapMCbBg\")]"}
RESULT: {"using":"xpath","value":"//td[@aria-colindex=\"1\"]/div/div[contains(@class, \"sapMCbBg\")]"}
COMMAND: GET /session/be9a23df4294472c3cbe97a105488dd6/screenshot - {}
RESULT: {}
]]></system-out>
      <system-err><![CDATA[
Error: Can't call click on element with selector "//td[@aria-colindex="1"]/div/div[contains(@class, "sapMCbBg")]" because element wasn't found
    at async UtilsPrerequisites.manageBillingsTriggerCalculation (D:\a\1\s\test\specs\BTS\prerequisites-and-utils-functions.js:2750:9)
    at async Context.<anonymous> (D:\a\1\s\test\specs\BTS\billing-calculation-transp-times.spec.js:112:9)
]]></system-err>
    </testcase>
    <testcase classname="chrome.136_0_7103_93.windows.Billing_Calculation_-_Time_based_(considering_transport_times)_US139738" name="Should transfer the billing all the way to completion" time="55.459">
      <failure/>
      <error message="element (&quot;//input[contains(@id ,&quot;application-billingtransfer-display-component---billingWorkbench--smartFilterBar-btnBasicSearch&quot;)]&quot;) still not existing after 45000ms"/>
      <system-out><![CDATA[
COMMAND: GET /session/be9a23df4294472c3cbe97a105488dd6/screenshot - {}
RESULT: undefined
RESULT: {}
COMMAND: POST /session/be9a23df4294472c3cbe97a105488dd6/elements - {"using":"xpath","value":"//span[text()='Error']"}
RESULT: {"using":"xpath","value":"//span[text()='Error']"}
COMMAND: POST /session/be9a23df4294472c3cbe97a105488dd6/element - {"using":"xpath","value":"//input[contains(@id ,\"application-billingtransfer-display-component---billingWorkbench--smartFilterBar-btnBasicSearch\")]"}
RESULT: {"using":"xpath","value":"//input[contains(@id ,\"application-billingtransfer-display-component---billingWorkbench--smartFilterBar-btnBasicSearch\")]"}
COMMAND: POST /session/be9a23df4294472c3cbe97a105488dd6/elements - {"using":"xpath","value":"//input[contains(@id ,\"application-billingtransfer-display-component---billingWorkbench--smartFilterBar-btnBasicSearch\")]"}
RESULT: {"using":"xpath","value":"//input[contains(@id ,\"application-billingtransfer-display-component---billingWorkbench--smartFilterBar-btnBasicSearch\")]"}
COMMAND: POST /session/be9a23df4294472c3cbe97a105488dd6/elements - {"using":"xpath","value":"//input[contains(@id ,\"application-billingtransfer-display-component---billingWorkbench--smartFilterBar-btnBasicSearch\")]"}
RESULT: {"using":"xpath","value":"//input[contains(@id ,\"application-billingtransfer-display-component---billingWorkbench--smartFilterBar-btnBasicSearch\")]"}
COMMAND: POST /session/be9a23df4294472c3cbe97a105488dd6/elements - {"using":"xpath","value":"//input[contains(@id ,\"application-billingtransfer-display-component---billingWorkbench--smartFilterBar-btnBasicSearch\")]"}
RESULT: {"using":"xpath","value":"//input[contains(@id ,\"application-billingtransfer-display-component---billingWorkbench--smartFilterBar-btnBasicSearch\")]"}
COMMAND: POST /session/be9a23df4294472c3cbe97a105488dd6/elements - {"using":"xpath","value":"//input[contains(@id ,\"application-billingtransfer-display-component---billingWorkbench--smartFilterBar-btnBasicSearch\")]"}
RESULT: {"using":"xpath","value":"//input[contains(@id ,\"application-billingtransfer-display-component---billingWorkbench--smartFilterBar-btnBasicSearch\")]"}
COMMAND: POST /session/be9a23df4294472c3cbe97a105488dd6/elements - {"using":"xpath","value":"//input[contains(@id ,\"application-billingtransfer-display-component---billingWorkbench--smartFilterBar-btnBasicSearch\")]"}
RESULT: {"using":"xpath","value":"//input[contains(@id ,\"application-billingtransfer-display-component---billingWorkbench--smartFilterBar-btnBasicSearch\")]"}
COMMAND: POST /session/be9a23df4294472c3cbe97a105488dd6/elements - {"using":"xpath","value":"//input[contains(@id ,\"application-billingtransfer-display-component---billingWorkbench--smartFilterBar-btnBasicSearch\")]"}
RESULT: {"using":"xpath","value":"//input[contains(@id ,\"application-billingtransfer-display-component---billingWorkbench--smartFilterBar-btnBasicSearch\")]"}
COMMAND: POST /session/be9a23df4294472c3cbe97a105488dd6/elements - {"using":"xpath","value":"//input[contains(@id ,\"application-billingtransfer-display-component---billingWorkbench--smartFilterBar-btnBasicSearch\")]"}
RESULT: {"using":"xpath","value":"//input[contains(@id ,\"application-billingtransfer-display-component---billingWorkbench--smartFilterBar-btnBasicSearch\")]"}
COMMAND: POST /session/be9a23df4294472c3cbe97a105488dd6/elements - {"using":"xpath","value":"//input[contains(@id ,\"application-billingtransfer-display-component---billingWorkbench--smartFilterBar-btnBasicSearch\")]"}
RESULT: {"using":"xpath","value":"//input[contains(@id ,\"application-billingtransfer-display-component---billingWorkbench--smartFilterBar-btnBasicSearch\")]"}
COMMAND: POST /session/be9a23df4294472c3cbe97a105488dd6/elements - {"using":"xpath","value":"//input[contains(@id ,\"application-billingtransfer-display-component---billingWorkbench--smartFilterBar-btnBasicSearch\")]"}
RESULT: {"using":"xpath","value":"//input[contains(@id ,\"application-billingtransfer-display-component---billingWorkbench--smartFilterBar-btnBasicSearch\")]"}
COMMAND: POST /session/be9a23df4294472c3cbe97a105488dd6/elements - {"using":"xpath","value":"//input[contains(@id ,\"application-billingtransfer-display-component---billingWorkbench--smartFilterBar-btnBasicSearch\")]"}
RESULT: {"using":"xpath","value":"//input[contains(@id ,\"application-billingtransfer-display-component---billingWorkbench--smartFilterBar-btnBasicSearch\")]"}
COMMAND: POST /session/be9a23df4294472c3cbe97a105488dd6/elements - {"using":"xpath","value":"//input[contains(@id ,\"application-billingtransfer-display-component---billingWorkbench--smartFilterBar-btnBasicSearch\")]"}
RESULT: {"using":"xpath","value":"//input[contains(@id ,\"application-billingtransfer-display-component---billingWorkbench--smartFilterBar-btnBasicSearch\")]"}
COMMAND: POST /session/be9a23df4294472c3cbe97a105488dd6/elements - {"using":"xpath","value":"//input[contains(@id ,\"application-billingtransfer-display-component---billingWorkbench--smartFilterBar-btnBasicSearch\")]"}
RESULT: {"using":"xpath","value":"//input[contains(@id ,\"application-billingtransfer-display-component---billingWorkbench--smartFilterBar-btnBasicSearch\")]"}
COMMAND: POST /session/be9a23df4294472c3cbe97a105488dd6/elements - {"using":"xpath","value":"//input[contains(@id ,\"application-billingtransfer-display-component---billingWorkbench--smartFilterBar-btnBasicSearch\")]"}
RESULT: {"using":"xpath","value":"//input[contains(@id ,\"application-billingtransfer-display-component---billingWorkbench--smartFilterBar-btnBasicSearch\")]"}
COMMAND: POST /session/be9a23df4294472c3cbe97a105488dd6/elements - {"using":"xpath","value":"//input[contains(@id ,\"application-billingtransfer-display-component---billingWorkbench--smartFilterBar-btnBasicSearch\")]"}
RESULT: {"using":"xpath","value":"//input[contains(@id ,\"application-billingtransfer-display-component---billingWorkbench--smartFilterBar-btnBasicSearch\")]"}
COMMAND: POST /session/be9a23df4294472c3cbe97a105488dd6/elements - {"using":"xpath","value":"//input[contains(@id ,\"application-billingtransfer-display-component---billingWorkbench--smartFilterBar-btnBasicSearch\")]"}
RESULT: {"using":"xpath","value":"//input[contains(@id ,\"application-billingtransfer-display-component---billingWorkbench--smartFilterBar-btnBasicSearch\")]"}
COMMAND: POST /session/be9a23df4294472c3cbe97a105488dd6/elements - {"using":"xpath","value":"//input[contains(@id ,\"application-billingtransfer-display-component---billingWorkbench--smartFilterBar-btnBasicSearch\")]"}
RESULT: {"using":"xpath","value":"//input[contains(@id ,\"application-billingtransfer-display-component---billingWorkbench--smartFilterBar-btnBasicSearch\")]"}
COMMAND: POST /session/be9a23df4294472c3cbe97a105488dd6/elements - {"using":"xpath","value":"//input[contains(@id ,\"application-billingtransfer-display-component---billingWorkbench--smartFilterBar-btnBasicSearch\")]"}
RESULT: {"using":"xpath","value":"//input[contains(@id ,\"application-billingtransfer-display-component---billingWorkbench--smartFilterBar-btnBasicSearch\")]"}
COMMAND: POST /session/be9a23df4294472c3cbe97a105488dd6/elements - {"using":"xpath","value":"//input[contains(@id ,\"application-billingtransfer-display-component---billingWorkbench--smartFilterBar-btnBasicSearch\")]"}
RESULT: {"using":"xpath","value":"//input[contains(@id ,\"application-billingtransfer-display-component---billingWorkbench--smartFilterBar-btnBasicSearch\")]"}
COMMAND: POST /session/be9a23df4294472c3cbe97a105488dd6/elements - {"using":"xpath","value":"//input[contains(@id ,\"application-billingtransfer-display-component---billingWorkbench--smartFilterBar-btnBasicSearch\")]"}
RESULT: {"using":"xpath","value":"//input[contains(@id ,\"application-billingtransfer-display-component---billingWorkbench--smartFilterBar-btnBasicSearch\")]"}
COMMAND: POST /session/be9a23df4294472c3cbe97a105488dd6/elements - {"using":"xpath","value":"//input[contains(@id ,\"application-billingtransfer-display-component---billingWorkbench--smartFilterBar-btnBasicSearch\")]"}
RESULT: {"using":"xpath","value":"//input[contains(@id ,\"application-billingtransfer-display-component---billingWorkbench--smartFilterBar-btnBasicSearch\")]"}
COMMAND: POST /session/be9a23df4294472c3cbe97a105488dd6/elements - {"using":"xpath","value":"//input[contains(@id ,\"application-billingtransfer-display-component---billingWorkbench--smartFilterBar-btnBasicSearch\")]"}
RESULT: {"using":"xpath","value":"//input[contains(@id ,\"application-billingtransfer-display-component---billingWorkbench--smartFilterBar-btnBasicSearch\")]"}
COMMAND: POST /session/be9a23df4294472c3cbe97a105488dd6/elements - {"using":"xpath","value":"//input[contains(@id ,\"application-billingtransfer-display-component---billingWorkbench--smartFilterBar-btnBasicSearch\")]"}
RESULT: {"using":"xpath","value":"//input[contains(@id ,\"application-billingtransfer-display-component---billingWorkbench--smartFilterBar-btnBasicSearch\")]"}
COMMAND: POST /session/be9a23df4294472c3cbe97a105488dd6/elements - {"using":"xpath","value":"//input[contains(@id ,\"application-billingtransfer-display-component---billingWorkbench--smartFilterBar-btnBasicSearch\")]"}
RESULT: {"using":"xpath","value":"//input[contains(@id ,\"application-billingtransfer-display-component---billingWorkbench--smartFilterBar-btnBasicSearch\")]"}
COMMAND: POST /session/be9a23df4294472c3cbe97a105488dd6/elements - {"using":"xpath","value":"//input[contains(@id ,\"application-billingtransfer-display-component---billingWorkbench--smartFilterBar-btnBasicSearch\")]"}
RESULT: {"using":"xpath","value":"//input[contains(@id ,\"application-billingtransfer-display-component---billingWorkbench--smartFilterBar-btnBasicSearch\")]"}
COMMAND: POST /session/be9a23df4294472c3cbe97a105488dd6/elements - {"using":"xpath","value":"//input[contains(@id ,\"application-billingtransfer-display-component---billingWorkbench--smartFilterBar-btnBasicSearch\")]"}
RESULT: {"using":"xpath","value":"//input[contains(@id ,\"application-billingtransfer-display-component---billingWorkbench--smartFilterBar-btnBasicSearch\")]"}
COMMAND: POST /session/be9a23df4294472c3cbe97a105488dd6/elements - {"using":"xpath","value":"//input[contains(@id ,\"application-billingtransfer-display-component---billingWorkbench--smartFilterBar-btnBasicSearch\")]"}
RESULT: {"using":"xpath","value":"//input[contains(@id ,\"application-billingtransfer-display-component---billingWorkbench--smartFilterBar-btnBasicSearch\")]"}
COMMAND: POST /session/be9a23df4294472c3cbe97a105488dd6/elements - {"using":"xpath","value":"//input[contains(@id ,\"application-billingtransfer-display-component---billingWorkbench--smartFilterBar-btnBasicSearch\")]"}
RESULT: {"using":"xpath","value":"//input[contains(@id ,\"application-billingtransfer-display-component---billingWorkbench--smartFilterBar-btnBasicSearch\")]"}
COMMAND: POST /session/be9a23df4294472c3cbe97a105488dd6/elements - {"using":"xpath","value":"//input[contains(@id ,\"application-billingtransfer-display-component---billingWorkbench--smartFilterBar-btnBasicSearch\")]"}
RESULT: {"using":"xpath","value":"//input[contains(@id ,\"application-billingtransfer-display-component---billingWorkbench--smartFilterBar-btnBasicSearch\")]"}
COMMAND: POST /session/be9a23df4294472c3cbe97a105488dd6/elements - {"using":"xpath","value":"//input[contains(@id ,\"application-billingtransfer-display-component---billingWorkbench--smartFilterBar-btnBasicSearch\")]"}
RESULT: {"using":"xpath","value":"//input[contains(@id ,\"application-billingtransfer-display-component---billingWorkbench--smartFilterBar-btnBasicSearch\")]"}
COMMAND: POST /session/be9a23df4294472c3cbe97a105488dd6/elements - {"using":"xpath","value":"//input[contains(@id ,\"application-billingtransfer-display-component---billingWorkbench--smartFilterBar-btnBasicSearch\")]"}
RESULT: {"using":"xpath","value":"//input[contains(@id ,\"application-billingtransfer-display-component---billingWorkbench--smartFilterBar-btnBasicSearch\")]"}
COMMAND: POST /session/be9a23df4294472c3cbe97a105488dd6/elements - {"using":"xpath","value":"//input[contains(@id ,\"application-billingtransfer-display-component---billingWorkbench--smartFilterBar-btnBasicSearch\")]"}
RESULT: {"using":"xpath","value":"//input[contains(@id ,\"application-billingtransfer-display-component---billingWorkbench--smartFilterBar-btnBasicSearch\")]"}
COMMAND: POST /session/be9a23df4294472c3cbe97a105488dd6/elements - {"using":"xpath","value":"//input[contains(@id ,\"application-billingtransfer-display-component---billingWorkbench--smartFilterBar-btnBasicSearch\")]"}
RESULT: {"using":"xpath","value":"//input[contains(@id ,\"application-billingtransfer-display-component---billingWorkbench--smartFilterBar-btnBasicSearch\")]"}
COMMAND: POST /session/be9a23df4294472c3cbe97a105488dd6/elements - {"using":"xpath","value":"//input[contains(@id ,\"application-billingtransfer-display-component---billingWorkbench--smartFilterBar-btnBasicSearch\")]"}
RESULT: {"using":"xpath","value":"//input[contains(@id ,\"application-billingtransfer-display-component---billingWorkbench--smartFilterBar-btnBasicSearch\")]"}
COMMAND: POST /session/be9a23df4294472c3cbe97a105488dd6/elements - {"using":"xpath","value":"//input[contains(@id ,\"application-billingtransfer-display-component---billingWorkbench--smartFilterBar-btnBasicSearch\")]"}
RESULT: {"using":"xpath","value":"//input[contains(@id ,\"application-billingtransfer-display-component---billingWorkbench--smartFilterBar-btnBasicSearch\")]"}
COMMAND: POST /session/be9a23df4294472c3cbe97a105488dd6/elements - {"using":"xpath","value":"//input[contains(@id ,\"application-billingtransfer-display-component---billingWorkbench--smartFilterBar-btnBasicSearch\")]"}
RESULT: {"using":"xpath","value":"//input[contains(@id ,\"application-billingtransfer-display-component---billingWorkbench--smartFilterBar-btnBasicSearch\")]"}
COMMAND: POST /session/be9a23df4294472c3cbe97a105488dd6/elements - {"using":"xpath","value":"//input[contains(@id ,\"application-billingtransfer-display-component---billingWorkbench--smartFilterBar-btnBasicSearch\")]"}
RESULT: {"using":"xpath","value":"//input[contains(@id ,\"application-billingtransfer-display-component---billingWorkbench--smartFilterBar-btnBasicSearch\")]"}
COMMAND: POST /session/be9a23df4294472c3cbe97a105488dd6/elements - {"using":"xpath","value":"//input[contains(@id ,\"application-billingtransfer-display-component---billingWorkbench--smartFilterBar-btnBasicSearch\")]"}
RESULT: {"using":"xpath","value":"//input[contains(@id ,\"application-billingtransfer-display-component---billingWorkbench--smartFilterBar-btnBasicSearch\")]"}
COMMAND: POST /session/be9a23df4294472c3cbe97a105488dd6/elements - {"using":"xpath","value":"//input[contains(@id ,\"application-billingtransfer-display-component---billingWorkbench--smartFilterBar-btnBasicSearch\")]"}
RESULT: {"using":"xpath","value":"//input[contains(@id ,\"application-billingtransfer-display-component---billingWorkbench--smartFilterBar-btnBasicSearch\")]"}
COMMAND: POST /session/be9a23df4294472c3cbe97a105488dd6/elements - {"using":"xpath","value":"//input[contains(@id ,\"application-billingtransfer-display-component---billingWorkbench--smartFilterBar-btnBasicSearch\")]"}
RESULT: {"using":"xpath","value":"//input[contains(@id ,\"application-billingtransfer-display-component---billingWorkbench--smartFilterBar-btnBasicSearch\")]"}
COMMAND: POST /session/be9a23df4294472c3cbe97a105488dd6/elements - {"using":"xpath","value":"//input[contains(@id ,\"application-billingtransfer-display-component---billingWorkbench--smartFilterBar-btnBasicSearch\")]"}
RESULT: {"using":"xpath","value":"//input[contains(@id ,\"application-billingtransfer-display-component---billingWorkbench--smartFilterBar-btnBasicSearch\")]"}
COMMAND: POST /session/be9a23df4294472c3cbe97a105488dd6/elements - {"using":"xpath","value":"//input[contains(@id ,\"application-billingtransfer-display-component---billingWorkbench--smartFilterBar-btnBasicSearch\")]"}
RESULT: {"using":"xpath","value":"//input[contains(@id ,\"application-billingtransfer-display-component---billingWorkbench--smartFilterBar-btnBasicSearch\")]"}
COMMAND: POST /session/be9a23df4294472c3cbe97a105488dd6/elements - {"using":"xpath","value":"//input[contains(@id ,\"application-billingtransfer-display-component---billingWorkbench--smartFilterBar-btnBasicSearch\")]"}
RESULT: {"using":"xpath","value":"//input[contains(@id ,\"application-billingtransfer-display-component---billingWorkbench--smartFilterBar-btnBasicSearch\")]"}
COMMAND: POST /session/be9a23df4294472c3cbe97a105488dd6/elements - {"using":"xpath","value":"//input[contains(@id ,\"application-billingtransfer-display-component---billingWorkbench--smartFilterBar-btnBasicSearch\")]"}
RESULT: {"using":"xpath","value":"//input[contains(@id ,\"application-billingtransfer-display-component---billingWorkbench--smartFilterBar-btnBasicSearch\")]"}
COMMAND: POST /session/be9a23df4294472c3cbe97a105488dd6/elements - {"using":"xpath","value":"//input[contains(@id ,\"application-billingtransfer-display-component---billingWorkbench--smartFilterBar-btnBasicSearch\")]"}
RESULT: {"using":"xpath","value":"//input[contains(@id ,\"application-billingtransfer-display-component---billingWorkbench--smartFilterBar-btnBasicSearch\")]"}
COMMAND: POST /session/be9a23df4294472c3cbe97a105488dd6/elements - {"using":"xpath","value":"//input[contains(@id ,\"application-billingtransfer-display-component---billingWorkbench--smartFilterBar-btnBasicSearch\")]"}
RESULT: {"using":"xpath","value":"//input[contains(@id ,\"application-billingtransfer-display-component---billingWorkbench--smartFilterBar-btnBasicSearch\")]"}
COMMAND: POST /session/be9a23df4294472c3cbe97a105488dd6/elements - {"using":"xpath","value":"//input[contains(@id ,\"application-billingtransfer-display-component---billingWorkbench--smartFilterBar-btnBasicSearch\")]"}
RESULT: {"using":"xpath","value":"//input[contains(@id ,\"application-billingtransfer-display-component---billingWorkbench--smartFilterBar-btnBasicSearch\")]"}
COMMAND: POST /session/be9a23df4294472c3cbe97a105488dd6/elements - {"using":"xpath","value":"//input[contains(@id ,\"application-billingtransfer-display-component---billingWorkbench--smartFilterBar-btnBasicSearch\")]"}
RESULT: {"using":"xpath","value":"//input[contains(@id ,\"application-billingtransfer-display-component---billingWorkbench--smartFilterBar-btnBasicSearch\")]"}
COMMAND: POST /session/be9a23df4294472c3cbe97a105488dd6/elements - {"using":"xpath","value":"//input[contains(@id ,\"application-billingtransfer-display-component---billingWorkbench--smartFilterBar-btnBasicSearch\")]"}
RESULT: {"using":"xpath","value":"//input[contains(@id ,\"application-billingtransfer-display-component---billingWorkbench--smartFilterBar-btnBasicSearch\")]"}
COMMAND: POST /session/be9a23df4294472c3cbe97a105488dd6/elements - {"using":"xpath","value":"//input[contains(@id ,\"application-billingtransfer-display-component---billingWorkbench--smartFilterBar-btnBasicSearch\")]"}
RESULT: {"using":"xpath","value":"//input[contains(@id ,\"application-billingtransfer-display-component---billingWorkbench--smartFilterBar-btnBasicSearch\")]"}
COMMAND: POST /session/be9a23df4294472c3cbe97a105488dd6/elements - {"using":"xpath","value":"//input[contains(@id ,\"application-billingtransfer-display-component---billingWorkbench--smartFilterBar-btnBasicSearch\")]"}
RESULT: {"using":"xpath","value":"//input[contains(@id ,\"application-billingtransfer-display-component---billingWorkbench--smartFilterBar-btnBasicSearch\")]"}
COMMAND: POST /session/be9a23df4294472c3cbe97a105488dd6/elements - {"using":"xpath","value":"//input[contains(@id ,\"application-billingtransfer-display-component---billingWorkbench--smartFilterBar-btnBasicSearch\")]"}
RESULT: {"using":"xpath","value":"//input[contains(@id ,\"application-billingtransfer-display-component---billingWorkbench--smartFilterBar-btnBasicSearch\")]"}
COMMAND: POST /session/be9a23df4294472c3cbe97a105488dd6/elements - {"using":"xpath","value":"//input[contains(@id ,\"application-billingtransfer-display-component---billingWorkbench--smartFilterBar-btnBasicSearch\")]"}
RESULT: {"using":"xpath","value":"//input[contains(@id ,\"application-billingtransfer-display-component---billingWorkbench--smartFilterBar-btnBasicSearch\")]"}
COMMAND: POST /session/be9a23df4294472c3cbe97a105488dd6/elements - {"using":"xpath","value":"//input[contains(@id ,\"application-billingtransfer-display-component---billingWorkbench--smartFilterBar-btnBasicSearch\")]"}
RESULT: {"using":"xpath","value":"//input[contains(@id ,\"application-billingtransfer-display-component---billingWorkbench--smartFilterBar-btnBasicSearch\")]"}
COMMAND: POST /session/be9a23df4294472c3cbe97a105488dd6/elements - {"using":"xpath","value":"//input[contains(@id ,\"application-billingtransfer-display-component---billingWorkbench--smartFilterBar-btnBasicSearch\")]"}
RESULT: {"using":"xpath","value":"//input[contains(@id ,\"application-billingtransfer-display-component---billingWorkbench--smartFilterBar-btnBasicSearch\")]"}
COMMAND: POST /session/be9a23df4294472c3cbe97a105488dd6/elements - {"using":"xpath","value":"//input[contains(@id ,\"application-billingtransfer-display-component---billingWorkbench--smartFilterBar-btnBasicSearch\")]"}
RESULT: {"using":"xpath","value":"//input[contains(@id ,\"application-billingtransfer-display-component---billingWorkbench--smartFilterBar-btnBasicSearch\")]"}
COMMAND: POST /session/be9a23df4294472c3cbe97a105488dd6/elements - {"using":"xpath","value":"//input[contains(@id ,\"application-billingtransfer-display-component---billingWorkbench--smartFilterBar-btnBasicSearch\")]"}
RESULT: {"using":"xpath","value":"//input[contains(@id ,\"application-billingtransfer-display-component---billingWorkbench--smartFilterBar-btnBasicSearch\")]"}
COMMAND: POST /session/be9a23df4294472c3cbe97a105488dd6/elements - {"using":"xpath","value":"//input[contains(@id ,\"application-billingtransfer-display-component---billingWorkbench--smartFilterBar-btnBasicSearch\")]"}
RESULT: {"using":"xpath","value":"//input[contains(@id ,\"application-billingtransfer-display-component---billingWorkbench--smartFilterBar-btnBasicSearch\")]"}
COMMAND: POST /session/be9a23df4294472c3cbe97a105488dd6/elements - {"using":"xpath","value":"//input[contains(@id ,\"application-billingtransfer-display-component---billingWorkbench--smartFilterBar-btnBasicSearch\")]"}
RESULT: {"using":"xpath","value":"//input[contains(@id ,\"application-billingtransfer-display-component---billingWorkbench--smartFilterBar-btnBasicSearch\")]"}
COMMAND: POST /session/be9a23df4294472c3cbe97a105488dd6/elements - {"using":"xpath","value":"//input[contains(@id ,\"application-billingtransfer-display-component---billingWorkbench--smartFilterBar-btnBasicSearch\")]"}
RESULT: {"using":"xpath","value":"//input[contains(@id ,\"application-billingtransfer-display-component---billingWorkbench--smartFilterBar-btnBasicSearch\")]"}
COMMAND: POST /session/be9a23df4294472c3cbe97a105488dd6/elements - {"using":"xpath","value":"//input[contains(@id ,\"application-billingtransfer-display-component---billingWorkbench--smartFilterBar-btnBasicSearch\")]"}
RESULT: {"using":"xpath","value":"//input[contains(@id ,\"application-billingtransfer-display-component---billingWorkbench--smartFilterBar-btnBasicSearch\")]"}
COMMAND: POST /session/be9a23df4294472c3cbe97a105488dd6/elements - {"using":"xpath","value":"//input[contains(@id ,\"application-billingtransfer-display-component---billingWorkbench--smartFilterBar-btnBasicSearch\")]"}
RESULT: {"using":"xpath","value":"//input[contains(@id ,\"application-billingtransfer-display-component---billingWorkbench--smartFilterBar-btnBasicSearch\")]"}
COMMAND: POST /session/be9a23df4294472c3cbe97a105488dd6/elements - {"using":"xpath","value":"//input[contains(@id ,\"application-billingtransfer-display-component---billingWorkbench--smartFilterBar-btnBasicSearch\")]"}
RESULT: {"using":"xpath","value":"//input[contains(@id ,\"application-billingtransfer-display-component---billingWorkbench--smartFilterBar-btnBasicSearch\")]"}
COMMAND: POST /session/be9a23df4294472c3cbe97a105488dd6/elements - {"using":"xpath","value":"//input[contains(@id ,\"application-billingtransfer-display-component---billingWorkbench--smartFilterBar-btnBasicSearch\")]"}
RESULT: {"using":"xpath","value":"//input[contains(@id ,\"application-billingtransfer-display-component---billingWorkbench--smartFilterBar-btnBasicSearch\")]"}
COMMAND: POST /session/be9a23df4294472c3cbe97a105488dd6/elements - {"using":"xpath","value":"//input[contains(@id ,\"application-billingtransfer-display-component---billingWorkbench--smartFilterBar-btnBasicSearch\")]"}
RESULT: {"using":"xpath","value":"//input[contains(@id ,\"application-billingtransfer-display-component---billingWorkbench--smartFilterBar-btnBasicSearch\")]"}
COMMAND: POST /session/be9a23df4294472c3cbe97a105488dd6/elements - {"using":"xpath","value":"//input[contains(@id ,\"application-billingtransfer-display-component---billingWorkbench--smartFilterBar-btnBasicSearch\")]"}
RESULT: {"using":"xpath","value":"//input[contains(@id ,\"application-billingtransfer-display-component---billingWorkbench--smartFilterBar-btnBasicSearch\")]"}
COMMAND: POST /session/be9a23df4294472c3cbe97a105488dd6/elements - {"using":"xpath","value":"//input[contains(@id ,\"application-billingtransfer-display-component---billingWorkbench--smartFilterBar-btnBasicSearch\")]"}
RESULT: {"using":"xpath","value":"//input[contains(@id ,\"application-billingtransfer-display-component---billingWorkbench--smartFilterBar-btnBasicSearch\")]"}
COMMAND: POST /session/be9a23df4294472c3cbe97a105488dd6/elements - {"using":"xpath","value":"//input[contains(@id ,\"application-billingtransfer-display-component---billingWorkbench--smartFilterBar-btnBasicSearch\")]"}
RESULT: {"using":"xpath","value":"//input[contains(@id ,\"application-billingtransfer-display-component---billingWorkbench--smartFilterBar-btnBasicSearch\")]"}
COMMAND: POST /session/be9a23df4294472c3cbe97a105488dd6/elements - {"using":"xpath","value":"//input[contains(@id ,\"application-billingtransfer-display-component---billingWorkbench--smartFilterBar-btnBasicSearch\")]"}
RESULT: {"using":"xpath","value":"//input[contains(@id ,\"application-billingtransfer-display-component---billingWorkbench--smartFilterBar-btnBasicSearch\")]"}
COMMAND: POST /session/be9a23df4294472c3cbe97a105488dd6/elements - {"using":"xpath","value":"//input[contains(@id ,\"application-billingtransfer-display-component---billingWorkbench--smartFilterBar-btnBasicSearch\")]"}
RESULT: {"using":"xpath","value":"//input[contains(@id ,\"application-billingtransfer-display-component---billingWorkbench--smartFilterBar-btnBasicSearch\")]"}
COMMAND: POST /session/be9a23df4294472c3cbe97a105488dd6/elements - {"using":"xpath","value":"//input[contains(@id ,\"application-billingtransfer-display-component---billingWorkbench--smartFilterBar-btnBasicSearch\")]"}
RESULT: {"using":"xpath","value":"//input[contains(@id ,\"application-billingtransfer-display-component---billingWorkbench--smartFilterBar-btnBasicSearch\")]"}
COMMAND: POST /session/be9a23df4294472c3cbe97a105488dd6/elements - {"using":"xpath","value":"//input[contains(@id ,\"application-billingtransfer-display-component---billingWorkbench--smartFilterBar-btnBasicSearch\")]"}
RESULT: {"using":"xpath","value":"//input[contains(@id ,\"application-billingtransfer-display-component---billingWorkbench--smartFilterBar-btnBasicSearch\")]"}
COMMAND: POST /session/be9a23df4294472c3cbe97a105488dd6/elements - {"using":"xpath","value":"//input[contains(@id ,\"application-billingtransfer-display-component---billingWorkbench--smartFilterBar-btnBasicSearch\")]"}
RESULT: {"using":"xpath","value":"//input[contains(@id ,\"application-billingtransfer-display-component---billingWorkbench--smartFilterBar-btnBasicSearch\")]"}
COMMAND: POST /session/be9a23df4294472c3cbe97a105488dd6/elements - {"using":"xpath","value":"//input[contains(@id ,\"application-billingtransfer-display-component---billingWorkbench--smartFilterBar-btnBasicSearch\")]"}
RESULT: {"using":"xpath","value":"//input[contains(@id ,\"application-billingtransfer-display-component---billingWorkbench--smartFilterBar-btnBasicSearch\")]"}
COMMAND: POST /session/be9a23df4294472c3cbe97a105488dd6/elements - {"using":"xpath","value":"//input[contains(@id ,\"application-billingtransfer-display-component---billingWorkbench--smartFilterBar-btnBasicSearch\")]"}
RESULT: {"using":"xpath","value":"//input[contains(@id ,\"application-billingtransfer-display-component---billingWorkbench--smartFilterBar-btnBasicSearch\")]"}
COMMAND: POST /session/be9a23df4294472c3cbe97a105488dd6/elements - {"using":"xpath","value":"//input[contains(@id ,\"application-billingtransfer-display-component---billingWorkbench--smartFilterBar-btnBasicSearch\")]"}
RESULT: {"using":"xpath","value":"//input[contains(@id ,\"application-billingtransfer-display-component---billingWorkbench--smartFilterBar-btnBasicSearch\")]"}
COMMAND: POST /session/be9a23df4294472c3cbe97a105488dd6/elements - {"using":"xpath","value":"//input[contains(@id ,\"application-billingtransfer-display-component---billingWorkbench--smartFilterBar-btnBasicSearch\")]"}
RESULT: {"using":"xpath","value":"//input[contains(@id ,\"application-billingtransfer-display-component---billingWorkbench--smartFilterBar-btnBasicSearch\")]"}
COMMAND: POST /session/be9a23df4294472c3cbe97a105488dd6/elements - {"using":"xpath","value":"//input[contains(@id ,\"application-billingtransfer-display-component---billingWorkbench--smartFilterBar-btnBasicSearch\")]"}
RESULT: {"using":"xpath","value":"//input[contains(@id ,\"application-billingtransfer-display-component---billingWorkbench--smartFilterBar-btnBasicSearch\")]"}
COMMAND: POST /session/be9a23df4294472c3cbe97a105488dd6/elements - {"using":"xpath","value":"//input[contains(@id ,\"application-billingtransfer-display-component---billingWorkbench--smartFilterBar-btnBasicSearch\")]"}
RESULT: {"using":"xpath","value":"//input[contains(@id ,\"application-billingtransfer-display-component---billingWorkbench--smartFilterBar-btnBasicSearch\")]"}
COMMAND: POST /session/be9a23df4294472c3cbe97a105488dd6/elements - {"using":"xpath","value":"//input[contains(@id ,\"application-billingtransfer-display-component---billingWorkbench--smartFilterBar-btnBasicSearch\")]"}
RESULT: {"using":"xpath","value":"//input[contains(@id ,\"application-billingtransfer-display-component---billingWorkbench--smartFilterBar-btnBasicSearch\")]"}
COMMAND: POST /session/be9a23df4294472c3cbe97a105488dd6/elements - {"using":"xpath","value":"//input[contains(@id ,\"application-billingtransfer-display-component---billingWorkbench--smartFilterBar-btnBasicSearch\")]"}
RESULT: {"using":"xpath","value":"//input[contains(@id ,\"application-billingtransfer-display-component---billingWorkbench--smartFilterBar-btnBasicSearch\")]"}
COMMAND: POST /session/be9a23df4294472c3cbe97a105488dd6/elements - {"using":"xpath","value":"//input[contains(@id ,\"application-billingtransfer-display-component---billingWorkbench--smartFilterBar-btnBasicSearch\")]"}
RESULT: {"using":"xpath","value":"//input[contains(@id ,\"application-billingtransfer-display-component---billingWorkbench--smartFilterBar-btnBasicSearch\")]"}
COMMAND: POST /session/be9a23df4294472c3cbe97a105488dd6/elements - {"using":"xpath","value":"//input[contains(@id ,\"application-billingtransfer-display-component---billingWorkbench--smartFilterBar-btnBasicSearch\")]"}
RESULT: {"using":"xpath","value":"//input[contains(@id ,\"application-billingtransfer-display-component---billingWorkbench--smartFilterBar-btnBasicSearch\")]"}
COMMAND: POST /session/be9a23df4294472c3cbe97a105488dd6/elements - {"using":"xpath","value":"//input[contains(@id ,\"application-billingtransfer-display-component---billingWorkbench--smartFilterBar-btnBasicSearch\")]"}
RESULT: {"using":"xpath","value":"//input[contains(@id ,\"application-billingtransfer-display-component---billingWorkbench--smartFilterBar-btnBasicSearch\")]"}
COMMAND: POST /session/be9a23df4294472c3cbe97a105488dd6/elements - {"using":"xpath","value":"//input[contains(@id ,\"application-billingtransfer-display-component---billingWorkbench--smartFilterBar-btnBasicSearch\")]"}
RESULT: {"using":"xpath","value":"//input[contains(@id ,\"application-billingtransfer-display-component---billingWorkbench--smartFilterBar-btnBasicSearch\")]"}
COMMAND: POST /session/be9a23df4294472c3cbe97a105488dd6/elements - {"using":"xpath","value":"//input[contains(@id ,\"application-billingtransfer-display-component---billingWorkbench--smartFilterBar-btnBasicSearch\")]"}
RESULT: {"using":"xpath","value":"//input[contains(@id ,\"application-billingtransfer-display-component---billingWorkbench--smartFilterBar-btnBasicSearch\")]"}
COMMAND: POST /session/be9a23df4294472c3cbe97a105488dd6/elements - {"using":"xpath","value":"//input[contains(@id ,\"application-billingtransfer-display-component---billingWorkbench--smartFilterBar-btnBasicSearch\")]"}
RESULT: {"using":"xpath","value":"//input[contains(@id ,\"application-billingtransfer-display-component---billingWorkbench--smartFilterBar-btnBasicSearch\")]"}
COMMAND: POST /session/be9a23df4294472c3cbe97a105488dd6/elements - {"using":"xpath","value":"//input[contains(@id ,\"application-billingtransfer-display-component---billingWorkbench--smartFilterBar-btnBasicSearch\")]"}
RESULT: {"using":"xpath","value":"//input[contains(@id ,\"application-billingtransfer-display-component---billingWorkbench--smartFilterBar-btnBasicSearch\")]"}
COMMAND: POST /session/be9a23df4294472c3cbe97a105488dd6/elements - {"using":"xpath","value":"//input[contains(@id ,\"application-billingtransfer-display-component---billingWorkbench--smartFilterBar-btnBasicSearch\")]"}
RESULT: {"using":"xpath","value":"//input[contains(@id ,\"application-billingtransfer-display-component---billingWorkbench--smartFilterBar-btnBasicSearch\")]"}
COMMAND: POST /session/be9a23df4294472c3cbe97a105488dd6/elements - {"using":"xpath","value":"//input[contains(@id ,\"application-billingtransfer-display-component---billingWorkbench--smartFilterBar-btnBasicSearch\")]"}
RESULT: {"using":"xpath","value":"//input[contains(@id ,\"application-billingtransfer-display-component---billingWorkbench--smartFilterBar-btnBasicSearch\")]"}
COMMAND: POST /session/be9a23df4294472c3cbe97a105488dd6/elements - {"using":"xpath","value":"//input[contains(@id ,\"application-billingtransfer-display-component---billingWorkbench--smartFilterBar-btnBasicSearch\")]"}
RESULT: {"using":"xpath","value":"//input[contains(@id ,\"application-billingtransfer-display-component---billingWorkbench--smartFilterBar-btnBasicSearch\")]"}
COMMAND: POST /session/be9a23df4294472c3cbe97a105488dd6/elements - {"using":"xpath","value":"//input[contains(@id ,\"application-billingtransfer-display-component---billingWorkbench--smartFilterBar-btnBasicSearch\")]"}
COMMAND: GET /session/be9a23df4294472c3cbe97a105488dd6/screenshot - {}
RESULT: {"using":"xpath","value":"//input[contains(@id ,\"application-billingtransfer-display-component---billingWorkbench--smartFilterBar-btnBasicSearch\")]"}
RESULT: {}
]]></system-out>
      <system-err><![CDATA[
Error: element ("//input[contains(@id ,"application-billingtransfer-display-component---billingWorkbench--smartFilterBar-btnBasicSearch")]") still not existing after 45000ms
    at async UtilsPrerequisites.narrowDownSearchBT (D:\a\1\s\test\specs\BTS\prerequisites-and-utils-functions.js:2882:9)
    at async UtilsPrerequisites.billingTransfer (D:\a\1\s\test\specs\BTS\prerequisites-and-utils-functions.js:2807:9)
    at async Context.<anonymous> (D:\a\1\s\test\specs\BTS\billing-calculation-transp-times.spec.js:129:9)
]]></system-err>
    </testcase>
    <testcase classname="chrome.136_0_7103_93.windows.Billing_Calculation_-_Time_based_(considering_transport_times)_US139738" name="Should do another billing run but in around 25 days from today" time="78.538">
      <failure/>
      <error message="Can't call click on element with selector &quot;//td[@aria-colindex=&quot;1&quot;]/div/div[contains(@class, &quot;sapMCbBg&quot;)]&quot; because element wasn't found"/>
      <system-out><![CDATA[
RESULT: undefined
COMMAND: GET /session/be9a23df4294472c3cbe97a105488dd6/screenshot - {}
RESULT: {}
COMMAND: POST /session/be9a23df4294472c3cbe97a105488dd6/elements - {"using":"xpath","value":"//span[text()='Error']"}
RESULT: {"using":"xpath","value":"//span[text()='Error']"}
RESULT: undefined
COMMAND: POST /session/be9a23df4294472c3cbe97a105488dd6/actions - {"actions":[{"id":"action67","type":"key","parameters":{},"actions":[{"type":"keyDown","value":""},{"type":"pause","duration":10},{"type":"keyUp","value":""}]}]}
RESULT: {"actions":[{"id":"action67","type":"key","parameters":{},"actions":[{"type":"keyDown","value":""},{"type":"pause","duration":10},{"type":"keyUp","value":""}]}]}
COMMAND: GET /session/be9a23df4294472c3cbe97a105488dd6/screenshot - {}
RESULT: {}
COMMAND: POST /session/be9a23df4294472c3cbe97a105488dd6/element - {"using":"xpath","value":"//td[@aria-colindex=\"1\"]/div/div[contains(@class, \"sapMCbBg\")]"}
RESULT: {"using":"xpath","value":"//td[@aria-colindex=\"1\"]/div/div[contains(@class, \"sapMCbBg\")]"}
COMMAND: POST /session/be9a23df4294472c3cbe97a105488dd6/elements - {"using":"xpath","value":"//td[@aria-colindex=\"1\"]/div/div[contains(@class, \"sapMCbBg\")]"}
RESULT: {"using":"xpath","value":"//td[@aria-colindex=\"1\"]/div/div[contains(@class, \"sapMCbBg\")]"}
COMMAND: POST /session/be9a23df4294472c3cbe97a105488dd6/elements - {"using":"xpath","value":"//td[@aria-colindex=\"1\"]/div/div[contains(@class, \"sapMCbBg\")]"}
RESULT: {"using":"xpath","value":"//td[@aria-colindex=\"1\"]/div/div[contains(@class, \"sapMCbBg\")]"}
COMMAND: POST /session/be9a23df4294472c3cbe97a105488dd6/elements - {"using":"xpath","value":"//td[@aria-colindex=\"1\"]/div/div[contains(@class, \"sapMCbBg\")]"}
RESULT: {"using":"xpath","value":"//td[@aria-colindex=\"1\"]/div/div[contains(@class, \"sapMCbBg\")]"}
COMMAND: POST /session/be9a23df4294472c3cbe97a105488dd6/elements - {"using":"xpath","value":"//td[@aria-colindex=\"1\"]/div/div[contains(@class, \"sapMCbBg\")]"}
RESULT: {"using":"xpath","value":"//td[@aria-colindex=\"1\"]/div/div[contains(@class, \"sapMCbBg\")]"}
COMMAND: POST /session/be9a23df4294472c3cbe97a105488dd6/elements - {"using":"xpath","value":"//td[@aria-colindex=\"1\"]/div/div[contains(@class, \"sapMCbBg\")]"}
RESULT: {"using":"xpath","value":"//td[@aria-colindex=\"1\"]/div/div[contains(@class, \"sapMCbBg\")]"}
COMMAND: POST /session/be9a23df4294472c3cbe97a105488dd6/elements - {"using":"xpath","value":"//td[@aria-colindex=\"1\"]/div/div[contains(@class, \"sapMCbBg\")]"}
RESULT: {"using":"xpath","value":"//td[@aria-colindex=\"1\"]/div/div[contains(@class, \"sapMCbBg\")]"}
COMMAND: POST /session/be9a23df4294472c3cbe97a105488dd6/elements - {"using":"xpath","value":"//td[@aria-colindex=\"1\"]/div/div[contains(@class, \"sapMCbBg\")]"}
RESULT: {"using":"xpath","value":"//td[@aria-colindex=\"1\"]/div/div[contains(@class, \"sapMCbBg\")]"}
COMMAND: POST /session/be9a23df4294472c3cbe97a105488dd6/elements - {"using":"xpath","value":"//td[@aria-colindex=\"1\"]/div/div[contains(@class, \"sapMCbBg\")]"}
RESULT: {"using":"xpath","value":"//td[@aria-colindex=\"1\"]/div/div[contains(@class, \"sapMCbBg\")]"}
COMMAND: POST /session/be9a23df4294472c3cbe97a105488dd6/elements - {"using":"xpath","value":"//td[@aria-colindex=\"1\"]/div/div[contains(@class, \"sapMCbBg\")]"}
RESULT: {"using":"xpath","value":"//td[@aria-colindex=\"1\"]/div/div[contains(@class, \"sapMCbBg\")]"}
COMMAND: POST /session/be9a23df4294472c3cbe97a105488dd6/elements - {"using":"xpath","value":"//td[@aria-colindex=\"1\"]/div/div[contains(@class, \"sapMCbBg\")]"}
RESULT: {"using":"xpath","value":"//td[@aria-colindex=\"1\"]/div/div[contains(@class, \"sapMCbBg\")]"}
COMMAND: POST /session/be9a23df4294472c3cbe97a105488dd6/elements - {"using":"xpath","value":"//td[@aria-colindex=\"1\"]/div/div[contains(@class, \"sapMCbBg\")]"}
RESULT: {"using":"xpath","value":"//td[@aria-colindex=\"1\"]/div/div[contains(@class, \"sapMCbBg\")]"}
COMMAND: POST /session/be9a23df4294472c3cbe97a105488dd6/elements - {"using":"xpath","value":"//td[@aria-colindex=\"1\"]/div/div[contains(@class, \"sapMCbBg\")]"}
RESULT: {"using":"xpath","value":"//td[@aria-colindex=\"1\"]/div/div[contains(@class, \"sapMCbBg\")]"}
COMMAND: POST /session/be9a23df4294472c3cbe97a105488dd6/elements - {"using":"xpath","value":"//td[@aria-colindex=\"1\"]/div/div[contains(@class, \"sapMCbBg\")]"}
RESULT: {"using":"xpath","value":"//td[@aria-colindex=\"1\"]/div/div[contains(@class, \"sapMCbBg\")]"}
COMMAND: POST /session/be9a23df4294472c3cbe97a105488dd6/elements - {"using":"xpath","value":"//td[@aria-colindex=\"1\"]/div/div[contains(@class, \"sapMCbBg\")]"}
RESULT: {"using":"xpath","value":"//td[@aria-colindex=\"1\"]/div/div[contains(@class, \"sapMCbBg\")]"}
COMMAND: POST /session/be9a23df4294472c3cbe97a105488dd6/elements - {"using":"xpath","value":"//td[@aria-colindex=\"1\"]/div/div[contains(@class, \"sapMCbBg\")]"}
RESULT: {"using":"xpath","value":"//td[@aria-colindex=\"1\"]/div/div[contains(@class, \"sapMCbBg\")]"}
COMMAND: POST /session/be9a23df4294472c3cbe97a105488dd6/elements - {"using":"xpath","value":"//td[@aria-colindex=\"1\"]/div/div[contains(@class, \"sapMCbBg\")]"}
RESULT: {"using":"xpath","value":"//td[@aria-colindex=\"1\"]/div/div[contains(@class, \"sapMCbBg\")]"}
COMMAND: POST /session/be9a23df4294472c3cbe97a105488dd6/elements - {"using":"xpath","value":"//td[@aria-colindex=\"1\"]/div/div[contains(@class, \"sapMCbBg\")]"}
RESULT: {"using":"xpath","value":"//td[@aria-colindex=\"1\"]/div/div[contains(@class, \"sapMCbBg\")]"}
COMMAND: POST /session/be9a23df4294472c3cbe97a105488dd6/elements - {"using":"xpath","value":"//td[@aria-colindex=\"1\"]/div/div[contains(@class, \"sapMCbBg\")]"}
RESULT: {"using":"xpath","value":"//td[@aria-colindex=\"1\"]/div/div[contains(@class, \"sapMCbBg\")]"}
COMMAND: POST /session/be9a23df4294472c3cbe97a105488dd6/elements - {"using":"xpath","value":"//td[@aria-colindex=\"1\"]/div/div[contains(@class, \"sapMCbBg\")]"}
RESULT: {"using":"xpath","value":"//td[@aria-colindex=\"1\"]/div/div[contains(@class, \"sapMCbBg\")]"}
COMMAND: POST /session/be9a23df4294472c3cbe97a105488dd6/elements - {"using":"xpath","value":"//td[@aria-colindex=\"1\"]/div/div[contains(@class, \"sapMCbBg\")]"}
RESULT: {"using":"xpath","value":"//td[@aria-colindex=\"1\"]/div/div[contains(@class, \"sapMCbBg\")]"}
COMMAND: POST /session/be9a23df4294472c3cbe97a105488dd6/elements - {"using":"xpath","value":"//td[@aria-colindex=\"1\"]/div/div[contains(@class, \"sapMCbBg\")]"}
RESULT: {"using":"xpath","value":"//td[@aria-colindex=\"1\"]/div/div[contains(@class, \"sapMCbBg\")]"}
COMMAND: POST /session/be9a23df4294472c3cbe97a105488dd6/elements - {"using":"xpath","value":"//td[@aria-colindex=\"1\"]/div/div[contains(@class, \"sapMCbBg\")]"}
RESULT: {"using":"xpath","value":"//td[@aria-colindex=\"1\"]/div/div[contains(@class, \"sapMCbBg\")]"}
COMMAND: POST /session/be9a23df4294472c3cbe97a105488dd6/elements - {"using":"xpath","value":"//td[@aria-colindex=\"1\"]/div/div[contains(@class, \"sapMCbBg\")]"}
RESULT: {"using":"xpath","value":"//td[@aria-colindex=\"1\"]/div/div[contains(@class, \"sapMCbBg\")]"}
COMMAND: POST /session/be9a23df4294472c3cbe97a105488dd6/elements - {"using":"xpath","value":"//td[@aria-colindex=\"1\"]/div/div[contains(@class, \"sapMCbBg\")]"}
RESULT: {"using":"xpath","value":"//td[@aria-colindex=\"1\"]/div/div[contains(@class, \"sapMCbBg\")]"}
COMMAND: POST /session/be9a23df4294472c3cbe97a105488dd6/elements - {"using":"xpath","value":"//td[@aria-colindex=\"1\"]/div/div[contains(@class, \"sapMCbBg\")]"}
RESULT: {"using":"xpath","value":"//td[@aria-colindex=\"1\"]/div/div[contains(@class, \"sapMCbBg\")]"}
COMMAND: POST /session/be9a23df4294472c3cbe97a105488dd6/elements - {"using":"xpath","value":"//td[@aria-colindex=\"1\"]/div/div[contains(@class, \"sapMCbBg\")]"}
RESULT: {"using":"xpath","value":"//td[@aria-colindex=\"1\"]/div/div[contains(@class, \"sapMCbBg\")]"}
COMMAND: POST /session/be9a23df4294472c3cbe97a105488dd6/elements - {"using":"xpath","value":"//td[@aria-colindex=\"1\"]/div/div[contains(@class, \"sapMCbBg\")]"}
RESULT: {"using":"xpath","value":"//td[@aria-colindex=\"1\"]/div/div[contains(@class, \"sapMCbBg\")]"}
COMMAND: POST /session/be9a23df4294472c3cbe97a105488dd6/elements - {"using":"xpath","value":"//td[@aria-colindex=\"1\"]/div/div[contains(@class, \"sapMCbBg\")]"}
RESULT: {"using":"xpath","value":"//td[@aria-colindex=\"1\"]/div/div[contains(@class, \"sapMCbBg\")]"}
COMMAND: POST /session/be9a23df4294472c3cbe97a105488dd6/elements - {"using":"xpath","value":"//td[@aria-colindex=\"1\"]/div/div[contains(@class, \"sapMCbBg\")]"}
RESULT: {"using":"xpath","value":"//td[@aria-colindex=\"1\"]/div/div[contains(@class, \"sapMCbBg\")]"}
COMMAND: POST /session/be9a23df4294472c3cbe97a105488dd6/elements - {"using":"xpath","value":"//td[@aria-colindex=\"1\"]/div/div[contains(@class, \"sapMCbBg\")]"}
RESULT: {"using":"xpath","value":"//td[@aria-colindex=\"1\"]/div/div[contains(@class, \"sapMCbBg\")]"}
COMMAND: POST /session/be9a23df4294472c3cbe97a105488dd6/elements - {"using":"xpath","value":"//td[@aria-colindex=\"1\"]/div/div[contains(@class, \"sapMCbBg\")]"}
RESULT: {"using":"xpath","value":"//td[@aria-colindex=\"1\"]/div/div[contains(@class, \"sapMCbBg\")]"}
COMMAND: POST /session/be9a23df4294472c3cbe97a105488dd6/elements - {"using":"xpath","value":"//td[@aria-colindex=\"1\"]/div/div[contains(@class, \"sapMCbBg\")]"}
RESULT: {"using":"xpath","value":"//td[@aria-colindex=\"1\"]/div/div[contains(@class, \"sapMCbBg\")]"}
COMMAND: POST /session/be9a23df4294472c3cbe97a105488dd6/elements - {"using":"xpath","value":"//td[@aria-colindex=\"1\"]/div/div[contains(@class, \"sapMCbBg\")]"}
RESULT: {"using":"xpath","value":"//td[@aria-colindex=\"1\"]/div/div[contains(@class, \"sapMCbBg\")]"}
COMMAND: POST /session/be9a23df4294472c3cbe97a105488dd6/elements - {"using":"xpath","value":"//td[@aria-colindex=\"1\"]/div/div[contains(@class, \"sapMCbBg\")]"}
RESULT: {"using":"xpath","value":"//td[@aria-colindex=\"1\"]/div/div[contains(@class, \"sapMCbBg\")]"}
COMMAND: POST /session/be9a23df4294472c3cbe97a105488dd6/elements - {"using":"xpath","value":"//td[@aria-colindex=\"1\"]/div/div[contains(@class, \"sapMCbBg\")]"}
RESULT: {"using":"xpath","value":"//td[@aria-colindex=\"1\"]/div/div[contains(@class, \"sapMCbBg\")]"}
COMMAND: POST /session/be9a23df4294472c3cbe97a105488dd6/elements - {"using":"xpath","value":"//td[@aria-colindex=\"1\"]/div/div[contains(@class, \"sapMCbBg\")]"}
RESULT: {"using":"xpath","value":"//td[@aria-colindex=\"1\"]/div/div[contains(@class, \"sapMCbBg\")]"}
COMMAND: POST /session/be9a23df4294472c3cbe97a105488dd6/elements - {"using":"xpath","value":"//td[@aria-colindex=\"1\"]/div/div[contains(@class, \"sapMCbBg\")]"}
RESULT: {"using":"xpath","value":"//td[@aria-colindex=\"1\"]/div/div[contains(@class, \"sapMCbBg\")]"}
COMMAND: POST /session/be9a23df4294472c3cbe97a105488dd6/elements - {"using":"xpath","value":"//td[@aria-colindex=\"1\"]/div/div[contains(@class, \"sapMCbBg\")]"}
RESULT: {"using":"xpath","value":"//td[@aria-colindex=\"1\"]/div/div[contains(@class, \"sapMCbBg\")]"}
COMMAND: POST /session/be9a23df4294472c3cbe97a105488dd6/elements - {"using":"xpath","value":"//td[@aria-colindex=\"1\"]/div/div[contains(@class, \"sapMCbBg\")]"}
RESULT: {"using":"xpath","value":"//td[@aria-colindex=\"1\"]/div/div[contains(@class, \"sapMCbBg\")]"}
COMMAND: POST /session/be9a23df4294472c3cbe97a105488dd6/elements - {"using":"xpath","value":"//td[@aria-colindex=\"1\"]/div/div[contains(@class, \"sapMCbBg\")]"}
RESULT: {"using":"xpath","value":"//td[@aria-colindex=\"1\"]/div/div[contains(@class, \"sapMCbBg\")]"}
COMMAND: POST /session/be9a23df4294472c3cbe97a105488dd6/elements - {"using":"xpath","value":"//td[@aria-colindex=\"1\"]/div/div[contains(@class, \"sapMCbBg\")]"}
RESULT: {"using":"xpath","value":"//td[@aria-colindex=\"1\"]/div/div[contains(@class, \"sapMCbBg\")]"}
COMMAND: POST /session/be9a23df4294472c3cbe97a105488dd6/elements - {"using":"xpath","value":"//td[@aria-colindex=\"1\"]/div/div[contains(@class, \"sapMCbBg\")]"}
RESULT: {"using":"xpath","value":"//td[@aria-colindex=\"1\"]/div/div[contains(@class, \"sapMCbBg\")]"}
COMMAND: POST /session/be9a23df4294472c3cbe97a105488dd6/elements - {"using":"xpath","value":"//td[@aria-colindex=\"1\"]/div/div[contains(@class, \"sapMCbBg\")]"}
RESULT: {"using":"xpath","value":"//td[@aria-colindex=\"1\"]/div/div[contains(@class, \"sapMCbBg\")]"}
COMMAND: POST /session/be9a23df4294472c3cbe97a105488dd6/elements - {"using":"xpath","value":"//td[@aria-colindex=\"1\"]/div/div[contains(@class, \"sapMCbBg\")]"}
RESULT: {"using":"xpath","value":"//td[@aria-colindex=\"1\"]/div/div[contains(@class, \"sapMCbBg\")]"}
COMMAND: POST /session/be9a23df4294472c3cbe97a105488dd6/elements - {"using":"xpath","value":"//td[@aria-colindex=\"1\"]/div/div[contains(@class, \"sapMCbBg\")]"}
RESULT: {"using":"xpath","value":"//td[@aria-colindex=\"1\"]/div/div[contains(@class, \"sapMCbBg\")]"}
COMMAND: POST /session/be9a23df4294472c3cbe97a105488dd6/elements - {"using":"xpath","value":"//td[@aria-colindex=\"1\"]/div/div[contains(@class, \"sapMCbBg\")]"}
RESULT: {"using":"xpath","value":"//td[@aria-colindex=\"1\"]/div/div[contains(@class, \"sapMCbBg\")]"}
COMMAND: POST /session/be9a23df4294472c3cbe97a105488dd6/elements - {"using":"xpath","value":"//td[@aria-colindex=\"1\"]/div/div[contains(@class, \"sapMCbBg\")]"}
RESULT: {"using":"xpath","value":"//td[@aria-colindex=\"1\"]/div/div[contains(@class, \"sapMCbBg\")]"}
COMMAND: POST /session/be9a23df4294472c3cbe97a105488dd6/elements - {"using":"xpath","value":"//td[@aria-colindex=\"1\"]/div/div[contains(@class, \"sapMCbBg\")]"}
RESULT: {"using":"xpath","value":"//td[@aria-colindex=\"1\"]/div/div[contains(@class, \"sapMCbBg\")]"}
COMMAND: POST /session/be9a23df4294472c3cbe97a105488dd6/elements - {"using":"xpath","value":"//td[@aria-colindex=\"1\"]/div/div[contains(@class, \"sapMCbBg\")]"}
RESULT: {"using":"xpath","value":"//td[@aria-colindex=\"1\"]/div/div[contains(@class, \"sapMCbBg\")]"}
COMMAND: POST /session/be9a23df4294472c3cbe97a105488dd6/elements - {"using":"xpath","value":"//td[@aria-colindex=\"1\"]/div/div[contains(@class, \"sapMCbBg\")]"}
RESULT: {"using":"xpath","value":"//td[@aria-colindex=\"1\"]/div/div[contains(@class, \"sapMCbBg\")]"}
COMMAND: POST /session/be9a23df4294472c3cbe97a105488dd6/elements - {"using":"xpath","value":"//td[@aria-colindex=\"1\"]/div/div[contains(@class, \"sapMCbBg\")]"}
RESULT: {"using":"xpath","value":"//td[@aria-colindex=\"1\"]/div/div[contains(@class, \"sapMCbBg\")]"}
COMMAND: POST /session/be9a23df4294472c3cbe97a105488dd6/elements - {"using":"xpath","value":"//td[@aria-colindex=\"1\"]/div/div[contains(@class, \"sapMCbBg\")]"}
RESULT: {"using":"xpath","value":"//td[@aria-colindex=\"1\"]/div/div[contains(@class, \"sapMCbBg\")]"}
COMMAND: POST /session/be9a23df4294472c3cbe97a105488dd6/elements - {"using":"xpath","value":"//td[@aria-colindex=\"1\"]/div/div[contains(@class, \"sapMCbBg\")]"}
RESULT: {"using":"xpath","value":"//td[@aria-colindex=\"1\"]/div/div[contains(@class, \"sapMCbBg\")]"}
COMMAND: POST /session/be9a23df4294472c3cbe97a105488dd6/elements - {"using":"xpath","value":"//td[@aria-colindex=\"1\"]/div/div[contains(@class, \"sapMCbBg\")]"}
RESULT: {"using":"xpath","value":"//td[@aria-colindex=\"1\"]/div/div[contains(@class, \"sapMCbBg\")]"}
COMMAND: POST /session/be9a23df4294472c3cbe97a105488dd6/elements - {"using":"xpath","value":"//td[@aria-colindex=\"1\"]/div/div[contains(@class, \"sapMCbBg\")]"}
RESULT: {"using":"xpath","value":"//td[@aria-colindex=\"1\"]/div/div[contains(@class, \"sapMCbBg\")]"}
COMMAND: POST /session/be9a23df4294472c3cbe97a105488dd6/elements - {"using":"xpath","value":"//td[@aria-colindex=\"1\"]/div/div[contains(@class, \"sapMCbBg\")]"}
RESULT: {"using":"xpath","value":"//td[@aria-colindex=\"1\"]/div/div[contains(@class, \"sapMCbBg\")]"}
COMMAND: POST /session/be9a23df4294472c3cbe97a105488dd6/elements - {"using":"xpath","value":"//td[@aria-colindex=\"1\"]/div/div[contains(@class, \"sapMCbBg\")]"}
RESULT: {"using":"xpath","value":"//td[@aria-colindex=\"1\"]/div/div[contains(@class, \"sapMCbBg\")]"}
COMMAND: POST /session/be9a23df4294472c3cbe97a105488dd6/elements - {"using":"xpath","value":"//td[@aria-colindex=\"1\"]/div/div[contains(@class, \"sapMCbBg\")]"}
RESULT: {"using":"xpath","value":"//td[@aria-colindex=\"1\"]/div/div[contains(@class, \"sapMCbBg\")]"}
COMMAND: POST /session/be9a23df4294472c3cbe97a105488dd6/elements - {"using":"xpath","value":"//td[@aria-colindex=\"1\"]/div/div[contains(@class, \"sapMCbBg\")]"}
RESULT: {"using":"xpath","value":"//td[@aria-colindex=\"1\"]/div/div[contains(@class, \"sapMCbBg\")]"}
COMMAND: POST /session/be9a23df4294472c3cbe97a105488dd6/elements - {"using":"xpath","value":"//td[@aria-colindex=\"1\"]/div/div[contains(@class, \"sapMCbBg\")]"}
RESULT: {"using":"xpath","value":"//td[@aria-colindex=\"1\"]/div/div[contains(@class, \"sapMCbBg\")]"}
COMMAND: POST /session/be9a23df4294472c3cbe97a105488dd6/elements - {"using":"xpath","value":"//td[@aria-colindex=\"1\"]/div/div[contains(@class, \"sapMCbBg\")]"}
RESULT: {"using":"xpath","value":"//td[@aria-colindex=\"1\"]/div/div[contains(@class, \"sapMCbBg\")]"}
COMMAND: POST /session/be9a23df4294472c3cbe97a105488dd6/elements - {"using":"xpath","value":"//td[@aria-colindex=\"1\"]/div/div[contains(@class, \"sapMCbBg\")]"}
RESULT: {"using":"xpath","value":"//td[@aria-colindex=\"1\"]/div/div[contains(@class, \"sapMCbBg\")]"}
COMMAND: POST /session/be9a23df4294472c3cbe97a105488dd6/elements - {"using":"xpath","value":"//td[@aria-colindex=\"1\"]/div/div[contains(@class, \"sapMCbBg\")]"}
RESULT: {"using":"xpath","value":"//td[@aria-colindex=\"1\"]/div/div[contains(@class, \"sapMCbBg\")]"}
COMMAND: POST /session/be9a23df4294472c3cbe97a105488dd6/elements - {"using":"xpath","value":"//td[@aria-colindex=\"1\"]/div/div[contains(@class, \"sapMCbBg\")]"}
RESULT: {"using":"xpath","value":"//td[@aria-colindex=\"1\"]/div/div[contains(@class, \"sapMCbBg\")]"}
COMMAND: POST /session/be9a23df4294472c3cbe97a105488dd6/elements - {"using":"xpath","value":"//td[@aria-colindex=\"1\"]/div/div[contains(@class, \"sapMCbBg\")]"}
RESULT: {"using":"xpath","value":"//td[@aria-colindex=\"1\"]/div/div[contains(@class, \"sapMCbBg\")]"}
COMMAND: POST /session/be9a23df4294472c3cbe97a105488dd6/elements - {"using":"xpath","value":"//td[@aria-colindex=\"1\"]/div/div[contains(@class, \"sapMCbBg\")]"}
RESULT: {"using":"xpath","value":"//td[@aria-colindex=\"1\"]/div/div[contains(@class, \"sapMCbBg\")]"}
COMMAND: POST /session/be9a23df4294472c3cbe97a105488dd6/elements - {"using":"xpath","value":"//td[@aria-colindex=\"1\"]/div/div[contains(@class, \"sapMCbBg\")]"}
RESULT: {"using":"xpath","value":"//td[@aria-colindex=\"1\"]/div/div[contains(@class, \"sapMCbBg\")]"}
COMMAND: POST /session/be9a23df4294472c3cbe97a105488dd6/elements - {"using":"xpath","value":"//td[@aria-colindex=\"1\"]/div/div[contains(@class, \"sapMCbBg\")]"}
RESULT: {"using":"xpath","value":"//td[@aria-colindex=\"1\"]/div/div[contains(@class, \"sapMCbBg\")]"}
COMMAND: POST /session/be9a23df4294472c3cbe97a105488dd6/elements - {"using":"xpath","value":"//td[@aria-colindex=\"1\"]/div/div[contains(@class, \"sapMCbBg\")]"}
RESULT: {"using":"xpath","value":"//td[@aria-colindex=\"1\"]/div/div[contains(@class, \"sapMCbBg\")]"}
COMMAND: POST /session/be9a23df4294472c3cbe97a105488dd6/elements - {"using":"xpath","value":"//td[@aria-colindex=\"1\"]/div/div[contains(@class, \"sapMCbBg\")]"}
RESULT: {"using":"xpath","value":"//td[@aria-colindex=\"1\"]/div/div[contains(@class, \"sapMCbBg\")]"}
COMMAND: POST /session/be9a23df4294472c3cbe97a105488dd6/elements - {"using":"xpath","value":"//td[@aria-colindex=\"1\"]/div/div[contains(@class, \"sapMCbBg\")]"}
RESULT: {"using":"xpath","value":"//td[@aria-colindex=\"1\"]/div/div[contains(@class, \"sapMCbBg\")]"}
COMMAND: POST /session/be9a23df4294472c3cbe97a105488dd6/elements - {"using":"xpath","value":"//td[@aria-colindex=\"1\"]/div/div[contains(@class, \"sapMCbBg\")]"}
RESULT: {"using":"xpath","value":"//td[@aria-colindex=\"1\"]/div/div[contains(@class, \"sapMCbBg\")]"}
COMMAND: POST /session/be9a23df4294472c3cbe97a105488dd6/elements - {"using":"xpath","value":"//td[@aria-colindex=\"1\"]/div/div[contains(@class, \"sapMCbBg\")]"}
RESULT: {"using":"xpath","value":"//td[@aria-colindex=\"1\"]/div/div[contains(@class, \"sapMCbBg\")]"}
COMMAND: POST /session/be9a23df4294472c3cbe97a105488dd6/elements - {"using":"xpath","value":"//td[@aria-colindex=\"1\"]/div/div[contains(@class, \"sapMCbBg\")]"}
RESULT: {"using":"xpath","value":"//td[@aria-colindex=\"1\"]/div/div[contains(@class, \"sapMCbBg\")]"}
COMMAND: POST /session/be9a23df4294472c3cbe97a105488dd6/elements - {"using":"xpath","value":"//td[@aria-colindex=\"1\"]/div/div[contains(@class, \"sapMCbBg\")]"}
RESULT: {"using":"xpath","value":"//td[@aria-colindex=\"1\"]/div/div[contains(@class, \"sapMCbBg\")]"}
COMMAND: POST /session/be9a23df4294472c3cbe97a105488dd6/elements - {"using":"xpath","value":"//td[@aria-colindex=\"1\"]/div/div[contains(@class, \"sapMCbBg\")]"}
RESULT: {"using":"xpath","value":"//td[@aria-colindex=\"1\"]/div/div[contains(@class, \"sapMCbBg\")]"}
COMMAND: POST /session/be9a23df4294472c3cbe97a105488dd6/elements - {"using":"xpath","value":"//td[@aria-colindex=\"1\"]/div/div[contains(@class, \"sapMCbBg\")]"}
RESULT: {"using":"xpath","value":"//td[@aria-colindex=\"1\"]/div/div[contains(@class, \"sapMCbBg\")]"}
COMMAND: POST /session/be9a23df4294472c3cbe97a105488dd6/elements - {"using":"xpath","value":"//td[@aria-colindex=\"1\"]/div/div[contains(@class, \"sapMCbBg\")]"}
RESULT: {"using":"xpath","value":"//td[@aria-colindex=\"1\"]/div/div[contains(@class, \"sapMCbBg\")]"}
COMMAND: POST /session/be9a23df4294472c3cbe97a105488dd6/elements - {"using":"xpath","value":"//td[@aria-colindex=\"1\"]/div/div[contains(@class, \"sapMCbBg\")]"}
RESULT: {"using":"xpath","value":"//td[@aria-colindex=\"1\"]/div/div[contains(@class, \"sapMCbBg\")]"}
COMMAND: POST /session/be9a23df4294472c3cbe97a105488dd6/elements - {"using":"xpath","value":"//td[@aria-colindex=\"1\"]/div/div[contains(@class, \"sapMCbBg\")]"}
RESULT: {"using":"xpath","value":"//td[@aria-colindex=\"1\"]/div/div[contains(@class, \"sapMCbBg\")]"}
COMMAND: POST /session/be9a23df4294472c3cbe97a105488dd6/elements - {"using":"xpath","value":"//td[@aria-colindex=\"1\"]/div/div[contains(@class, \"sapMCbBg\")]"}
RESULT: {"using":"xpath","value":"//td[@aria-colindex=\"1\"]/div/div[contains(@class, \"sapMCbBg\")]"}
COMMAND: POST /session/be9a23df4294472c3cbe97a105488dd6/elements - {"using":"xpath","value":"//td[@aria-colindex=\"1\"]/div/div[contains(@class, \"sapMCbBg\")]"}
RESULT: {"using":"xpath","value":"//td[@aria-colindex=\"1\"]/div/div[contains(@class, \"sapMCbBg\")]"}
COMMAND: POST /session/be9a23df4294472c3cbe97a105488dd6/elements - {"using":"xpath","value":"//td[@aria-colindex=\"1\"]/div/div[contains(@class, \"sapMCbBg\")]"}
RESULT: {"using":"xpath","value":"//td[@aria-colindex=\"1\"]/div/div[contains(@class, \"sapMCbBg\")]"}
COMMAND: POST /session/be9a23df4294472c3cbe97a105488dd6/elements - {"using":"xpath","value":"//td[@aria-colindex=\"1\"]/div/div[contains(@class, \"sapMCbBg\")]"}
RESULT: {"using":"xpath","value":"//td[@aria-colindex=\"1\"]/div/div[contains(@class, \"sapMCbBg\")]"}
COMMAND: POST /session/be9a23df4294472c3cbe97a105488dd6/elements - {"using":"xpath","value":"//td[@aria-colindex=\"1\"]/div/div[contains(@class, \"sapMCbBg\")]"}
RESULT: {"using":"xpath","value":"//td[@aria-colindex=\"1\"]/div/div[contains(@class, \"sapMCbBg\")]"}
COMMAND: POST /session/be9a23df4294472c3cbe97a105488dd6/elements - {"using":"xpath","value":"//td[@aria-colindex=\"1\"]/div/div[contains(@class, \"sapMCbBg\")]"}
RESULT: {"using":"xpath","value":"//td[@aria-colindex=\"1\"]/div/div[contains(@class, \"sapMCbBg\")]"}
COMMAND: POST /session/be9a23df4294472c3cbe97a105488dd6/elements - {"using":"xpath","value":"//td[@aria-colindex=\"1\"]/div/div[contains(@class, \"sapMCbBg\")]"}
RESULT: {"using":"xpath","value":"//td[@aria-colindex=\"1\"]/div/div[contains(@class, \"sapMCbBg\")]"}
COMMAND: POST /session/be9a23df4294472c3cbe97a105488dd6/elements - {"using":"xpath","value":"//td[@aria-colindex=\"1\"]/div/div[contains(@class, \"sapMCbBg\")]"}
RESULT: {"using":"xpath","value":"//td[@aria-colindex=\"1\"]/div/div[contains(@class, \"sapMCbBg\")]"}
COMMAND: POST /session/be9a23df4294472c3cbe97a105488dd6/elements - {"using":"xpath","value":"//td[@aria-colindex=\"1\"]/div/div[contains(@class, \"sapMCbBg\")]"}
RESULT: {"using":"xpath","value":"//td[@aria-colindex=\"1\"]/div/div[contains(@class, \"sapMCbBg\")]"}
COMMAND: POST /session/be9a23df4294472c3cbe97a105488dd6/elements - {"using":"xpath","value":"//td[@aria-colindex=\"1\"]/div/div[contains(@class, \"sapMCbBg\")]"}
RESULT: {"using":"xpath","value":"//td[@aria-colindex=\"1\"]/div/div[contains(@class, \"sapMCbBg\")]"}
COMMAND: POST /session/be9a23df4294472c3cbe97a105488dd6/elements - {"using":"xpath","value":"//td[@aria-colindex=\"1\"]/div/div[contains(@class, \"sapMCbBg\")]"}
RESULT: {"using":"xpath","value":"//td[@aria-colindex=\"1\"]/div/div[contains(@class, \"sapMCbBg\")]"}
COMMAND: POST /session/be9a23df4294472c3cbe97a105488dd6/elements - {"using":"xpath","value":"//td[@aria-colindex=\"1\"]/div/div[contains(@class, \"sapMCbBg\")]"}
RESULT: {"using":"xpath","value":"//td[@aria-colindex=\"1\"]/div/div[contains(@class, \"sapMCbBg\")]"}
COMMAND: POST /session/be9a23df4294472c3cbe97a105488dd6/elements - {"using":"xpath","value":"//td[@aria-colindex=\"1\"]/div/div[contains(@class, \"sapMCbBg\")]"}
RESULT: {"using":"xpath","value":"//td[@aria-colindex=\"1\"]/div/div[contains(@class, \"sapMCbBg\")]"}
COMMAND: POST /session/be9a23df4294472c3cbe97a105488dd6/elements - {"using":"xpath","value":"//td[@aria-colindex=\"1\"]/div/div[contains(@class, \"sapMCbBg\")]"}
RESULT: {"using":"xpath","value":"//td[@aria-colindex=\"1\"]/div/div[contains(@class, \"sapMCbBg\")]"}
COMMAND: POST /session/be9a23df4294472c3cbe97a105488dd6/elements - {"using":"xpath","value":"//td[@aria-colindex=\"1\"]/div/div[contains(@class, \"sapMCbBg\")]"}
RESULT: {"using":"xpath","value":"//td[@aria-colindex=\"1\"]/div/div[contains(@class, \"sapMCbBg\")]"}
COMMAND: POST /session/be9a23df4294472c3cbe97a105488dd6/elements - {"using":"xpath","value":"//td[@aria-colindex=\"1\"]/div/div[contains(@class, \"sapMCbBg\")]"}
RESULT: {"using":"xpath","value":"//td[@aria-colindex=\"1\"]/div/div[contains(@class, \"sapMCbBg\")]"}
COMMAND: POST /session/be9a23df4294472c3cbe97a105488dd6/elements - {"using":"xpath","value":"//td[@aria-colindex=\"1\"]/div/div[contains(@class, \"sapMCbBg\")]"}
RESULT: {"using":"xpath","value":"//td[@aria-colindex=\"1\"]/div/div[contains(@class, \"sapMCbBg\")]"}
COMMAND: POST /session/be9a23df4294472c3cbe97a105488dd6/elements - {"using":"xpath","value":"//td[@aria-colindex=\"1\"]/div/div[contains(@class, \"sapMCbBg\")]"}
RESULT: {"using":"xpath","value":"//td[@aria-colindex=\"1\"]/div/div[contains(@class, \"sapMCbBg\")]"}
COMMAND: POST /session/be9a23df4294472c3cbe97a105488dd6/elements - {"using":"xpath","value":"//td[@aria-colindex=\"1\"]/div/div[contains(@class, \"sapMCbBg\")]"}
RESULT: {"using":"xpath","value":"//td[@aria-colindex=\"1\"]/div/div[contains(@class, \"sapMCbBg\")]"}
COMMAND: POST /session/be9a23df4294472c3cbe97a105488dd6/elements - {"using":"xpath","value":"//td[@aria-colindex=\"1\"]/div/div[contains(@class, \"sapMCbBg\")]"}
RESULT: {"using":"xpath","value":"//td[@aria-colindex=\"1\"]/div/div[contains(@class, \"sapMCbBg\")]"}
COMMAND: POST /session/be9a23df4294472c3cbe97a105488dd6/elements - {"using":"xpath","value":"//td[@aria-colindex=\"1\"]/div/div[contains(@class, \"sapMCbBg\")]"}
RESULT: {"using":"xpath","value":"//td[@aria-colindex=\"1\"]/div/div[contains(@class, \"sapMCbBg\")]"}
COMMAND: POST /session/be9a23df4294472c3cbe97a105488dd6/elements - {"using":"xpath","value":"//td[@aria-colindex=\"1\"]/div/div[contains(@class, \"sapMCbBg\")]"}
RESULT: {"using":"xpath","value":"//td[@aria-colindex=\"1\"]/div/div[contains(@class, \"sapMCbBg\")]"}
COMMAND: POST /session/be9a23df4294472c3cbe97a105488dd6/elements - {"using":"xpath","value":"//td[@aria-colindex=\"1\"]/div/div[contains(@class, \"sapMCbBg\")]"}
RESULT: {"using":"xpath","value":"//td[@aria-colindex=\"1\"]/div/div[contains(@class, \"sapMCbBg\")]"}
COMMAND: POST /session/be9a23df4294472c3cbe97a105488dd6/elements - {"using":"xpath","value":"//td[@aria-colindex=\"1\"]/div/div[contains(@class, \"sapMCbBg\")]"}
RESULT: {"using":"xpath","value":"//td[@aria-colindex=\"1\"]/div/div[contains(@class, \"sapMCbBg\")]"}
COMMAND: POST /session/be9a23df4294472c3cbe97a105488dd6/elements - {"using":"xpath","value":"//td[@aria-colindex=\"1\"]/div/div[contains(@class, \"sapMCbBg\")]"}
RESULT: {"using":"xpath","value":"//td[@aria-colindex=\"1\"]/div/div[contains(@class, \"sapMCbBg\")]"}
COMMAND: POST /session/be9a23df4294472c3cbe97a105488dd6/elements - {"using":"xpath","value":"//td[@aria-colindex=\"1\"]/div/div[contains(@class, \"sapMCbBg\")]"}
RESULT: {"using":"xpath","value":"//td[@aria-colindex=\"1\"]/div/div[contains(@class, \"sapMCbBg\")]"}
COMMAND: POST /session/be9a23df4294472c3cbe97a105488dd6/elements - {"using":"xpath","value":"//td[@aria-colindex=\"1\"]/div/div[contains(@class, \"sapMCbBg\")]"}
RESULT: {"using":"xpath","value":"//td[@aria-colindex=\"1\"]/div/div[contains(@class, \"sapMCbBg\")]"}
COMMAND: POST /session/be9a23df4294472c3cbe97a105488dd6/elements - {"using":"xpath","value":"//td[@aria-colindex=\"1\"]/div/div[contains(@class, \"sapMCbBg\")]"}
RESULT: {"using":"xpath","value":"//td[@aria-colindex=\"1\"]/div/div[contains(@class, \"sapMCbBg\")]"}
COMMAND: POST /session/be9a23df4294472c3cbe97a105488dd6/elements - {"using":"xpath","value":"//td[@aria-colindex=\"1\"]/div/div[contains(@class, \"sapMCbBg\")]"}
RESULT: {"using":"xpath","value":"//td[@aria-colindex=\"1\"]/div/div[contains(@class, \"sapMCbBg\")]"}
COMMAND: POST /session/be9a23df4294472c3cbe97a105488dd6/elements - {"using":"xpath","value":"//td[@aria-colindex=\"1\"]/div/div[contains(@class, \"sapMCbBg\")]"}
RESULT: {"using":"xpath","value":"//td[@aria-colindex=\"1\"]/div/div[contains(@class, \"sapMCbBg\")]"}
COMMAND: POST /session/be9a23df4294472c3cbe97a105488dd6/elements - {"using":"xpath","value":"//td[@aria-colindex=\"1\"]/div/div[contains(@class, \"sapMCbBg\")]"}
RESULT: {"using":"xpath","value":"//td[@aria-colindex=\"1\"]/div/div[contains(@class, \"sapMCbBg\")]"}
COMMAND: POST /session/be9a23df4294472c3cbe97a105488dd6/elements - {"using":"xpath","value":"//td[@aria-colindex=\"1\"]/div/div[contains(@class, \"sapMCbBg\")]"}
RESULT: {"using":"xpath","value":"//td[@aria-colindex=\"1\"]/div/div[contains(@class, \"sapMCbBg\")]"}
COMMAND: POST /session/be9a23df4294472c3cbe97a105488dd6/elements - {"using":"xpath","value":"//td[@aria-colindex=\"1\"]/div/div[contains(@class, \"sapMCbBg\")]"}
RESULT: {"using":"xpath","value":"//td[@aria-colindex=\"1\"]/div/div[contains(@class, \"sapMCbBg\")]"}
COMMAND: POST /session/be9a23df4294472c3cbe97a105488dd6/elements - {"using":"xpath","value":"//td[@aria-colindex=\"1\"]/div/div[contains(@class, \"sapMCbBg\")]"}
RESULT: {"using":"xpath","value":"//td[@aria-colindex=\"1\"]/div/div[contains(@class, \"sapMCbBg\")]"}
COMMAND: POST /session/be9a23df4294472c3cbe97a105488dd6/elements - {"using":"xpath","value":"//td[@aria-colindex=\"1\"]/div/div[contains(@class, \"sapMCbBg\")]"}
RESULT: {"using":"xpath","value":"//td[@aria-colindex=\"1\"]/div/div[contains(@class, \"sapMCbBg\")]"}
COMMAND: POST /session/be9a23df4294472c3cbe97a105488dd6/elements - {"using":"xpath","value":"//td[@aria-colindex=\"1\"]/div/div[contains(@class, \"sapMCbBg\")]"}
RESULT: {"using":"xpath","value":"//td[@aria-colindex=\"1\"]/div/div[contains(@class, \"sapMCbBg\")]"}
COMMAND: POST /session/be9a23df4294472c3cbe97a105488dd6/elements - {"using":"xpath","value":"//td[@aria-colindex=\"1\"]/div/div[contains(@class, \"sapMCbBg\")]"}
RESULT: {"using":"xpath","value":"//td[@aria-colindex=\"1\"]/div/div[contains(@class, \"sapMCbBg\")]"}
COMMAND: POST /session/be9a23df4294472c3cbe97a105488dd6/elements - {"using":"xpath","value":"//td[@aria-colindex=\"1\"]/div/div[contains(@class, \"sapMCbBg\")]"}
RESULT: {"using":"xpath","value":"//td[@aria-colindex=\"1\"]/div/div[contains(@class, \"sapMCbBg\")]"}
COMMAND: POST /session/be9a23df4294472c3cbe97a105488dd6/elements - {"using":"xpath","value":"//td[@aria-colindex=\"1\"]/div/div[contains(@class, \"sapMCbBg\")]"}
RESULT: {"using":"xpath","value":"//td[@aria-colindex=\"1\"]/div/div[contains(@class, \"sapMCbBg\")]"}
COMMAND: POST /session/be9a23df4294472c3cbe97a105488dd6/elements - {"using":"xpath","value":"//td[@aria-colindex=\"1\"]/div/div[contains(@class, \"sapMCbBg\")]"}
RESULT: {"using":"xpath","value":"//td[@aria-colindex=\"1\"]/div/div[contains(@class, \"sapMCbBg\")]"}
COMMAND: GET /session/be9a23df4294472c3cbe97a105488dd6/screenshot - {}
RESULT: {}
]]></system-out>
      <system-err><![CDATA[
Error: Can't call click on element with selector "//td[@aria-colindex="1"]/div/div[contains(@class, "sapMCbBg")]" because element wasn't found
    at async UtilsPrerequisites.manageBillingsTriggerCalculation (D:\a\1\s\test\specs\BTS\prerequisites-and-utils-functions.js:2750:9)
    at async Context.<anonymous> (D:\a\1\s\test\specs\BTS\billing-calculation-transp-times.spec.js:133:9)
]]></system-err>
    </testcase>
    <testcase classname="chrome.136_0_7103_93.windows.Billing_Calculation_-_Time_based_(considering_transport_times)_US139738" name="Should transfer the billing all the way to completion" time="55.421">
      <failure/>
      <error message="element (&quot;//input[contains(@id ,&quot;application-billingtransfer-display-component---billingWorkbench--smartFilterBar-btnBasicSearch&quot;)]&quot;) still not existing after 45000ms"/>
      <system-out><![CDATA[
RESULT: undefined
COMMAND: GET /session/be9a23df4294472c3cbe97a105488dd6/screenshot - {}
RESULT: {}
COMMAND: POST /session/be9a23df4294472c3cbe97a105488dd6/elements - {"using":"xpath","value":"//span[text()='Error']"}
RESULT: {"using":"xpath","value":"//span[text()='Error']"}
COMMAND: POST /session/be9a23df4294472c3cbe97a105488dd6/element - {"using":"xpath","value":"//input[contains(@id ,\"application-billingtransfer-display-component---billingWorkbench--smartFilterBar-btnBasicSearch\")]"}
RESULT: {"using":"xpath","value":"//input[contains(@id ,\"application-billingtransfer-display-component---billingWorkbench--smartFilterBar-btnBasicSearch\")]"}
COMMAND: POST /session/be9a23df4294472c3cbe97a105488dd6/elements - {"using":"xpath","value":"//input[contains(@id ,\"application-billingtransfer-display-component---billingWorkbench--smartFilterBar-btnBasicSearch\")]"}
RESULT: {"using":"xpath","value":"//input[contains(@id ,\"application-billingtransfer-display-component---billingWorkbench--smartFilterBar-btnBasicSearch\")]"}
COMMAND: POST /session/be9a23df4294472c3cbe97a105488dd6/elements - {"using":"xpath","value":"//input[contains(@id ,\"application-billingtransfer-display-component---billingWorkbench--smartFilterBar-btnBasicSearch\")]"}
RESULT: {"using":"xpath","value":"//input[contains(@id ,\"application-billingtransfer-display-component---billingWorkbench--smartFilterBar-btnBasicSearch\")]"}
COMMAND: POST /session/be9a23df4294472c3cbe97a105488dd6/elements - {"using":"xpath","value":"//input[contains(@id ,\"application-billingtransfer-display-component---billingWorkbench--smartFilterBar-btnBasicSearch\")]"}
RESULT: {"using":"xpath","value":"//input[contains(@id ,\"application-billingtransfer-display-component---billingWorkbench--smartFilterBar-btnBasicSearch\")]"}
COMMAND: POST /session/be9a23df4294472c3cbe97a105488dd6/elements - {"using":"xpath","value":"//input[contains(@id ,\"application-billingtransfer-display-component---billingWorkbench--smartFilterBar-btnBasicSearch\")]"}
RESULT: {"using":"xpath","value":"//input[contains(@id ,\"application-billingtransfer-display-component---billingWorkbench--smartFilterBar-btnBasicSearch\")]"}
COMMAND: POST /session/be9a23df4294472c3cbe97a105488dd6/elements - {"using":"xpath","value":"//input[contains(@id ,\"application-billingtransfer-display-component---billingWorkbench--smartFilterBar-btnBasicSearch\")]"}
RESULT: {"using":"xpath","value":"//input[contains(@id ,\"application-billingtransfer-display-component---billingWorkbench--smartFilterBar-btnBasicSearch\")]"}
COMMAND: POST /session/be9a23df4294472c3cbe97a105488dd6/elements - {"using":"xpath","value":"//input[contains(@id ,\"application-billingtransfer-display-component---billingWorkbench--smartFilterBar-btnBasicSearch\")]"}
RESULT: {"using":"xpath","value":"//input[contains(@id ,\"application-billingtransfer-display-component---billingWorkbench--smartFilterBar-btnBasicSearch\")]"}
COMMAND: POST /session/be9a23df4294472c3cbe97a105488dd6/elements - {"using":"xpath","value":"//input[contains(@id ,\"application-billingtransfer-display-component---billingWorkbench--smartFilterBar-btnBasicSearch\")]"}
RESULT: {"using":"xpath","value":"//input[contains(@id ,\"application-billingtransfer-display-component---billingWorkbench--smartFilterBar-btnBasicSearch\")]"}
COMMAND: POST /session/be9a23df4294472c3cbe97a105488dd6/elements - {"using":"xpath","value":"//input[contains(@id ,\"application-billingtransfer-display-component---billingWorkbench--smartFilterBar-btnBasicSearch\")]"}
RESULT: {"using":"xpath","value":"//input[contains(@id ,\"application-billingtransfer-display-component---billingWorkbench--smartFilterBar-btnBasicSearch\")]"}
COMMAND: POST /session/be9a23df4294472c3cbe97a105488dd6/elements - {"using":"xpath","value":"//input[contains(@id ,\"application-billingtransfer-display-component---billingWorkbench--smartFilterBar-btnBasicSearch\")]"}
RESULT: {"using":"xpath","value":"//input[contains(@id ,\"application-billingtransfer-display-component---billingWorkbench--smartFilterBar-btnBasicSearch\")]"}
COMMAND: POST /session/be9a23df4294472c3cbe97a105488dd6/elements - {"using":"xpath","value":"//input[contains(@id ,\"application-billingtransfer-display-component---billingWorkbench--smartFilterBar-btnBasicSearch\")]"}
RESULT: {"using":"xpath","value":"//input[contains(@id ,\"application-billingtransfer-display-component---billingWorkbench--smartFilterBar-btnBasicSearch\")]"}
COMMAND: POST /session/be9a23df4294472c3cbe97a105488dd6/elements - {"using":"xpath","value":"//input[contains(@id ,\"application-billingtransfer-display-component---billingWorkbench--smartFilterBar-btnBasicSearch\")]"}
RESULT: {"using":"xpath","value":"//input[contains(@id ,\"application-billingtransfer-display-component---billingWorkbench--smartFilterBar-btnBasicSearch\")]"}
COMMAND: POST /session/be9a23df4294472c3cbe97a105488dd6/elements - {"using":"xpath","value":"//input[contains(@id ,\"application-billingtransfer-display-component---billingWorkbench--smartFilterBar-btnBasicSearch\")]"}
RESULT: {"using":"xpath","value":"//input[contains(@id ,\"application-billingtransfer-display-component---billingWorkbench--smartFilterBar-btnBasicSearch\")]"}
COMMAND: POST /session/be9a23df4294472c3cbe97a105488dd6/elements - {"using":"xpath","value":"//input[contains(@id ,\"application-billingtransfer-display-component---billingWorkbench--smartFilterBar-btnBasicSearch\")]"}
RESULT: {"using":"xpath","value":"//input[contains(@id ,\"application-billingtransfer-display-component---billingWorkbench--smartFilterBar-btnBasicSearch\")]"}
COMMAND: POST /session/be9a23df4294472c3cbe97a105488dd6/elements - {"using":"xpath","value":"//input[contains(@id ,\"application-billingtransfer-display-component---billingWorkbench--smartFilterBar-btnBasicSearch\")]"}
RESULT: {"using":"xpath","value":"//input[contains(@id ,\"application-billingtransfer-display-component---billingWorkbench--smartFilterBar-btnBasicSearch\")]"}
COMMAND: POST /session/be9a23df4294472c3cbe97a105488dd6/elements - {"using":"xpath","value":"//input[contains(@id ,\"application-billingtransfer-display-component---billingWorkbench--smartFilterBar-btnBasicSearch\")]"}
RESULT: {"using":"xpath","value":"//input[contains(@id ,\"application-billingtransfer-display-component---billingWorkbench--smartFilterBar-btnBasicSearch\")]"}
COMMAND: POST /session/be9a23df4294472c3cbe97a105488dd6/elements - {"using":"xpath","value":"//input[contains(@id ,\"application-billingtransfer-display-component---billingWorkbench--smartFilterBar-btnBasicSearch\")]"}
RESULT: {"using":"xpath","value":"//input[contains(@id ,\"application-billingtransfer-display-component---billingWorkbench--smartFilterBar-btnBasicSearch\")]"}
COMMAND: POST /session/be9a23df4294472c3cbe97a105488dd6/elements - {"using":"xpath","value":"//input[contains(@id ,\"application-billingtransfer-display-component---billingWorkbench--smartFilterBar-btnBasicSearch\")]"}
RESULT: {"using":"xpath","value":"//input[contains(@id ,\"application-billingtransfer-display-component---billingWorkbench--smartFilterBar-btnBasicSearch\")]"}
COMMAND: POST /session/be9a23df4294472c3cbe97a105488dd6/elements - {"using":"xpath","value":"//input[contains(@id ,\"application-billingtransfer-display-component---billingWorkbench--smartFilterBar-btnBasicSearch\")]"}
RESULT: {"using":"xpath","value":"//input[contains(@id ,\"application-billingtransfer-display-component---billingWorkbench--smartFilterBar-btnBasicSearch\")]"}
COMMAND: POST /session/be9a23df4294472c3cbe97a105488dd6/elements - {"using":"xpath","value":"//input[contains(@id ,\"application-billingtransfer-display-component---billingWorkbench--smartFilterBar-btnBasicSearch\")]"}
RESULT: {"using":"xpath","value":"//input[contains(@id ,\"application-billingtransfer-display-component---billingWorkbench--smartFilterBar-btnBasicSearch\")]"}
COMMAND: POST /session/be9a23df4294472c3cbe97a105488dd6/elements - {"using":"xpath","value":"//input[contains(@id ,\"application-billingtransfer-display-component---billingWorkbench--smartFilterBar-btnBasicSearch\")]"}
RESULT: {"using":"xpath","value":"//input[contains(@id ,\"application-billingtransfer-display-component---billingWorkbench--smartFilterBar-btnBasicSearch\")]"}
COMMAND: POST /session/be9a23df4294472c3cbe97a105488dd6/elements - {"using":"xpath","value":"//input[contains(@id ,\"application-billingtransfer-display-component---billingWorkbench--smartFilterBar-btnBasicSearch\")]"}
RESULT: {"using":"xpath","value":"//input[contains(@id ,\"application-billingtransfer-display-component---billingWorkbench--smartFilterBar-btnBasicSearch\")]"}
COMMAND: POST /session/be9a23df4294472c3cbe97a105488dd6/elements - {"using":"xpath","value":"//input[contains(@id ,\"application-billingtransfer-display-component---billingWorkbench--smartFilterBar-btnBasicSearch\")]"}
RESULT: {"using":"xpath","value":"//input[contains(@id ,\"application-billingtransfer-display-component---billingWorkbench--smartFilterBar-btnBasicSearch\")]"}
COMMAND: POST /session/be9a23df4294472c3cbe97a105488dd6/elements - {"using":"xpath","value":"//input[contains(@id ,\"application-billingtransfer-display-component---billingWorkbench--smartFilterBar-btnBasicSearch\")]"}
RESULT: {"using":"xpath","value":"//input[contains(@id ,\"application-billingtransfer-display-component---billingWorkbench--smartFilterBar-btnBasicSearch\")]"}
COMMAND: POST /session/be9a23df4294472c3cbe97a105488dd6/elements - {"using":"xpath","value":"//input[contains(@id ,\"application-billingtransfer-display-component---billingWorkbench--smartFilterBar-btnBasicSearch\")]"}
RESULT: {"using":"xpath","value":"//input[contains(@id ,\"application-billingtransfer-display-component---billingWorkbench--smartFilterBar-btnBasicSearch\")]"}
COMMAND: POST /session/be9a23df4294472c3cbe97a105488dd6/elements - {"using":"xpath","value":"//input[contains(@id ,\"application-billingtransfer-display-component---billingWorkbench--smartFilterBar-btnBasicSearch\")]"}
RESULT: {"using":"xpath","value":"//input[contains(@id ,\"application-billingtransfer-display-component---billingWorkbench--smartFilterBar-btnBasicSearch\")]"}
COMMAND: POST /session/be9a23df4294472c3cbe97a105488dd6/elements - {"using":"xpath","value":"//input[contains(@id ,\"application-billingtransfer-display-component---billingWorkbench--smartFilterBar-btnBasicSearch\")]"}
RESULT: {"using":"xpath","value":"//input[contains(@id ,\"application-billingtransfer-display-component---billingWorkbench--smartFilterBar-btnBasicSearch\")]"}
COMMAND: POST /session/be9a23df4294472c3cbe97a105488dd6/elements - {"using":"xpath","value":"//input[contains(@id ,\"application-billingtransfer-display-component---billingWorkbench--smartFilterBar-btnBasicSearch\")]"}
RESULT: {"using":"xpath","value":"//input[contains(@id ,\"application-billingtransfer-display-component---billingWorkbench--smartFilterBar-btnBasicSearch\")]"}
COMMAND: POST /session/be9a23df4294472c3cbe97a105488dd6/elements - {"using":"xpath","value":"//input[contains(@id ,\"application-billingtransfer-display-component---billingWorkbench--smartFilterBar-btnBasicSearch\")]"}
RESULT: {"using":"xpath","value":"//input[contains(@id ,\"application-billingtransfer-display-component---billingWorkbench--smartFilterBar-btnBasicSearch\")]"}
COMMAND: POST /session/be9a23df4294472c3cbe97a105488dd6/elements - {"using":"xpath","value":"//input[contains(@id ,\"application-billingtransfer-display-component---billingWorkbench--smartFilterBar-btnBasicSearch\")]"}
RESULT: {"using":"xpath","value":"//input[contains(@id ,\"application-billingtransfer-display-component---billingWorkbench--smartFilterBar-btnBasicSearch\")]"}
COMMAND: POST /session/be9a23df4294472c3cbe97a105488dd6/elements - {"using":"xpath","value":"//input[contains(@id ,\"application-billingtransfer-display-component---billingWorkbench--smartFilterBar-btnBasicSearch\")]"}
RESULT: {"using":"xpath","value":"//input[contains(@id ,\"application-billingtransfer-display-component---billingWorkbench--smartFilterBar-btnBasicSearch\")]"}
COMMAND: POST /session/be9a23df4294472c3cbe97a105488dd6/elements - {"using":"xpath","value":"//input[contains(@id ,\"application-billingtransfer-display-component---billingWorkbench--smartFilterBar-btnBasicSearch\")]"}
RESULT: {"using":"xpath","value":"//input[contains(@id ,\"application-billingtransfer-display-component---billingWorkbench--smartFilterBar-btnBasicSearch\")]"}
COMMAND: POST /session/be9a23df4294472c3cbe97a105488dd6/elements - {"using":"xpath","value":"//input[contains(@id ,\"application-billingtransfer-display-component---billingWorkbench--smartFilterBar-btnBasicSearch\")]"}
RESULT: {"using":"xpath","value":"//input[contains(@id ,\"application-billingtransfer-display-component---billingWorkbench--smartFilterBar-btnBasicSearch\")]"}
COMMAND: POST /session/be9a23df4294472c3cbe97a105488dd6/elements - {"using":"xpath","value":"//input[contains(@id ,\"application-billingtransfer-display-component---billingWorkbench--smartFilterBar-btnBasicSearch\")]"}
RESULT: {"using":"xpath","value":"//input[contains(@id ,\"application-billingtransfer-display-component---billingWorkbench--smartFilterBar-btnBasicSearch\")]"}
COMMAND: POST /session/be9a23df4294472c3cbe97a105488dd6/elements - {"using":"xpath","value":"//input[contains(@id ,\"application-billingtransfer-display-component---billingWorkbench--smartFilterBar-btnBasicSearch\")]"}
RESULT: {"using":"xpath","value":"//input[contains(@id ,\"application-billingtransfer-display-component---billingWorkbench--smartFilterBar-btnBasicSearch\")]"}
COMMAND: POST /session/be9a23df4294472c3cbe97a105488dd6/elements - {"using":"xpath","value":"//input[contains(@id ,\"application-billingtransfer-display-component---billingWorkbench--smartFilterBar-btnBasicSearch\")]"}
RESULT: {"using":"xpath","value":"//input[contains(@id ,\"application-billingtransfer-display-component---billingWorkbench--smartFilterBar-btnBasicSearch\")]"}
COMMAND: POST /session/be9a23df4294472c3cbe97a105488dd6/elements - {"using":"xpath","value":"//input[contains(@id ,\"application-billingtransfer-display-component---billingWorkbench--smartFilterBar-btnBasicSearch\")]"}
RESULT: {"using":"xpath","value":"//input[contains(@id ,\"application-billingtransfer-display-component---billingWorkbench--smartFilterBar-btnBasicSearch\")]"}
COMMAND: POST /session/be9a23df4294472c3cbe97a105488dd6/elements - {"using":"xpath","value":"//input[contains(@id ,\"application-billingtransfer-display-component---billingWorkbench--smartFilterBar-btnBasicSearch\")]"}
RESULT: {"using":"xpath","value":"//input[contains(@id ,\"application-billingtransfer-display-component---billingWorkbench--smartFilterBar-btnBasicSearch\")]"}
COMMAND: POST /session/be9a23df4294472c3cbe97a105488dd6/elements - {"using":"xpath","value":"//input[contains(@id ,\"application-billingtransfer-display-component---billingWorkbench--smartFilterBar-btnBasicSearch\")]"}
RESULT: {"using":"xpath","value":"//input[contains(@id ,\"application-billingtransfer-display-component---billingWorkbench--smartFilterBar-btnBasicSearch\")]"}
COMMAND: POST /session/be9a23df4294472c3cbe97a105488dd6/elements - {"using":"xpath","value":"//input[contains(@id ,\"application-billingtransfer-display-component---billingWorkbench--smartFilterBar-btnBasicSearch\")]"}
RESULT: {"using":"xpath","value":"//input[contains(@id ,\"application-billingtransfer-display-component---billingWorkbench--smartFilterBar-btnBasicSearch\")]"}
COMMAND: POST /session/be9a23df4294472c3cbe97a105488dd6/elements - {"using":"xpath","value":"//input[contains(@id ,\"application-billingtransfer-display-component---billingWorkbench--smartFilterBar-btnBasicSearch\")]"}
RESULT: {"using":"xpath","value":"//input[contains(@id ,\"application-billingtransfer-display-component---billingWorkbench--smartFilterBar-btnBasicSearch\")]"}
COMMAND: POST /session/be9a23df4294472c3cbe97a105488dd6/elements - {"using":"xpath","value":"//input[contains(@id ,\"application-billingtransfer-display-component---billingWorkbench--smartFilterBar-btnBasicSearch\")]"}
RESULT: {"using":"xpath","value":"//input[contains(@id ,\"application-billingtransfer-display-component---billingWorkbench--smartFilterBar-btnBasicSearch\")]"}
COMMAND: POST /session/be9a23df4294472c3cbe97a105488dd6/elements - {"using":"xpath","value":"//input[contains(@id ,\"application-billingtransfer-display-component---billingWorkbench--smartFilterBar-btnBasicSearch\")]"}
RESULT: {"using":"xpath","value":"//input[contains(@id ,\"application-billingtransfer-display-component---billingWorkbench--smartFilterBar-btnBasicSearch\")]"}
COMMAND: POST /session/be9a23df4294472c3cbe97a105488dd6/elements - {"using":"xpath","value":"//input[contains(@id ,\"application-billingtransfer-display-component---billingWorkbench--smartFilterBar-btnBasicSearch\")]"}
RESULT: {"using":"xpath","value":"//input[contains(@id ,\"application-billingtransfer-display-component---billingWorkbench--smartFilterBar-btnBasicSearch\")]"}
COMMAND: POST /session/be9a23df4294472c3cbe97a105488dd6/elements - {"using":"xpath","value":"//input[contains(@id ,\"application-billingtransfer-display-component---billingWorkbench--smartFilterBar-btnBasicSearch\")]"}
RESULT: {"using":"xpath","value":"//input[contains(@id ,\"application-billingtransfer-display-component---billingWorkbench--smartFilterBar-btnBasicSearch\")]"}
COMMAND: POST /session/be9a23df4294472c3cbe97a105488dd6/elements - {"using":"xpath","value":"//input[contains(@id ,\"application-billingtransfer-display-component---billingWorkbench--smartFilterBar-btnBasicSearch\")]"}
RESULT: {"using":"xpath","value":"//input[contains(@id ,\"application-billingtransfer-display-component---billingWorkbench--smartFilterBar-btnBasicSearch\")]"}
COMMAND: POST /session/be9a23df4294472c3cbe97a105488dd6/elements - {"using":"xpath","value":"//input[contains(@id ,\"application-billingtransfer-display-component---billingWorkbench--smartFilterBar-btnBasicSearch\")]"}
RESULT: {"using":"xpath","value":"//input[contains(@id ,\"application-billingtransfer-display-component---billingWorkbench--smartFilterBar-btnBasicSearch\")]"}
COMMAND: POST /session/be9a23df4294472c3cbe97a105488dd6/elements - {"using":"xpath","value":"//input[contains(@id ,\"application-billingtransfer-display-component---billingWorkbench--smartFilterBar-btnBasicSearch\")]"}
RESULT: {"using":"xpath","value":"//input[contains(@id ,\"application-billingtransfer-display-component---billingWorkbench--smartFilterBar-btnBasicSearch\")]"}
COMMAND: POST /session/be9a23df4294472c3cbe97a105488dd6/elements - {"using":"xpath","value":"//input[contains(@id ,\"application-billingtransfer-display-component---billingWorkbench--smartFilterBar-btnBasicSearch\")]"}
RESULT: {"using":"xpath","value":"//input[contains(@id ,\"application-billingtransfer-display-component---billingWorkbench--smartFilterBar-btnBasicSearch\")]"}
COMMAND: POST /session/be9a23df4294472c3cbe97a105488dd6/elements - {"using":"xpath","value":"//input[contains(@id ,\"application-billingtransfer-display-component---billingWorkbench--smartFilterBar-btnBasicSearch\")]"}
RESULT: {"using":"xpath","value":"//input[contains(@id ,\"application-billingtransfer-display-component---billingWorkbench--smartFilterBar-btnBasicSearch\")]"}
COMMAND: POST /session/be9a23df4294472c3cbe97a105488dd6/elements - {"using":"xpath","value":"//input[contains(@id ,\"application-billingtransfer-display-component---billingWorkbench--smartFilterBar-btnBasicSearch\")]"}
RESULT: {"using":"xpath","value":"//input[contains(@id ,\"application-billingtransfer-display-component---billingWorkbench--smartFilterBar-btnBasicSearch\")]"}
COMMAND: POST /session/be9a23df4294472c3cbe97a105488dd6/elements - {"using":"xpath","value":"//input[contains(@id ,\"application-billingtransfer-display-component---billingWorkbench--smartFilterBar-btnBasicSearch\")]"}
RESULT: {"using":"xpath","value":"//input[contains(@id ,\"application-billingtransfer-display-component---billingWorkbench--smartFilterBar-btnBasicSearch\")]"}
COMMAND: POST /session/be9a23df4294472c3cbe97a105488dd6/elements - {"using":"xpath","value":"//input[contains(@id ,\"application-billingtransfer-display-component---billingWorkbench--smartFilterBar-btnBasicSearch\")]"}
RESULT: {"using":"xpath","value":"//input[contains(@id ,\"application-billingtransfer-display-component---billingWorkbench--smartFilterBar-btnBasicSearch\")]"}
COMMAND: POST /session/be9a23df4294472c3cbe97a105488dd6/elements - {"using":"xpath","value":"//input[contains(@id ,\"application-billingtransfer-display-component---billingWorkbench--smartFilterBar-btnBasicSearch\")]"}
RESULT: {"using":"xpath","value":"//input[contains(@id ,\"application-billingtransfer-display-component---billingWorkbench--smartFilterBar-btnBasicSearch\")]"}
COMMAND: POST /session/be9a23df4294472c3cbe97a105488dd6/elements - {"using":"xpath","value":"//input[contains(@id ,\"application-billingtransfer-display-component---billingWorkbench--smartFilterBar-btnBasicSearch\")]"}
RESULT: {"using":"xpath","value":"//input[contains(@id ,\"application-billingtransfer-display-component---billingWorkbench--smartFilterBar-btnBasicSearch\")]"}
COMMAND: POST /session/be9a23df4294472c3cbe97a105488dd6/elements - {"using":"xpath","value":"//input[contains(@id ,\"application-billingtransfer-display-component---billingWorkbench--smartFilterBar-btnBasicSearch\")]"}
RESULT: {"using":"xpath","value":"//input[contains(@id ,\"application-billingtransfer-display-component---billingWorkbench--smartFilterBar-btnBasicSearch\")]"}
COMMAND: POST /session/be9a23df4294472c3cbe97a105488dd6/elements - {"using":"xpath","value":"//input[contains(@id ,\"application-billingtransfer-display-component---billingWorkbench--smartFilterBar-btnBasicSearch\")]"}
RESULT: {"using":"xpath","value":"//input[contains(@id ,\"application-billingtransfer-display-component---billingWorkbench--smartFilterBar-btnBasicSearch\")]"}
COMMAND: POST /session/be9a23df4294472c3cbe97a105488dd6/elements - {"using":"xpath","value":"//input[contains(@id ,\"application-billingtransfer-display-component---billingWorkbench--smartFilterBar-btnBasicSearch\")]"}
RESULT: {"using":"xpath","value":"//input[contains(@id ,\"application-billingtransfer-display-component---billingWorkbench--smartFilterBar-btnBasicSearch\")]"}
COMMAND: POST /session/be9a23df4294472c3cbe97a105488dd6/elements - {"using":"xpath","value":"//input[contains(@id ,\"application-billingtransfer-display-component---billingWorkbench--smartFilterBar-btnBasicSearch\")]"}
RESULT: {"using":"xpath","value":"//input[contains(@id ,\"application-billingtransfer-display-component---billingWorkbench--smartFilterBar-btnBasicSearch\")]"}
COMMAND: POST /session/be9a23df4294472c3cbe97a105488dd6/elements - {"using":"xpath","value":"//input[contains(@id ,\"application-billingtransfer-display-component---billingWorkbench--smartFilterBar-btnBasicSearch\")]"}
RESULT: {"using":"xpath","value":"//input[contains(@id ,\"application-billingtransfer-display-component---billingWorkbench--smartFilterBar-btnBasicSearch\")]"}
COMMAND: POST /session/be9a23df4294472c3cbe97a105488dd6/elements - {"using":"xpath","value":"//input[contains(@id ,\"application-billingtransfer-display-component---billingWorkbench--smartFilterBar-btnBasicSearch\")]"}
RESULT: {"using":"xpath","value":"//input[contains(@id ,\"application-billingtransfer-display-component---billingWorkbench--smartFilterBar-btnBasicSearch\")]"}
COMMAND: POST /session/be9a23df4294472c3cbe97a105488dd6/elements - {"using":"xpath","value":"//input[contains(@id ,\"application-billingtransfer-display-component---billingWorkbench--smartFilterBar-btnBasicSearch\")]"}
RESULT: {"using":"xpath","value":"//input[contains(@id ,\"application-billingtransfer-display-component---billingWorkbench--smartFilterBar-btnBasicSearch\")]"}
COMMAND: POST /session/be9a23df4294472c3cbe97a105488dd6/elements - {"using":"xpath","value":"//input[contains(@id ,\"application-billingtransfer-display-component---billingWorkbench--smartFilterBar-btnBasicSearch\")]"}
RESULT: {"using":"xpath","value":"//input[contains(@id ,\"application-billingtransfer-display-component---billingWorkbench--smartFilterBar-btnBasicSearch\")]"}
COMMAND: POST /session/be9a23df4294472c3cbe97a105488dd6/elements - {"using":"xpath","value":"//input[contains(@id ,\"application-billingtransfer-display-component---billingWorkbench--smartFilterBar-btnBasicSearch\")]"}
RESULT: {"using":"xpath","value":"//input[contains(@id ,\"application-billingtransfer-display-component---billingWorkbench--smartFilterBar-btnBasicSearch\")]"}
COMMAND: POST /session/be9a23df4294472c3cbe97a105488dd6/elements - {"using":"xpath","value":"//input[contains(@id ,\"application-billingtransfer-display-component---billingWorkbench--smartFilterBar-btnBasicSearch\")]"}
RESULT: {"using":"xpath","value":"//input[contains(@id ,\"application-billingtransfer-display-component---billingWorkbench--smartFilterBar-btnBasicSearch\")]"}
COMMAND: POST /session/be9a23df4294472c3cbe97a105488dd6/elements - {"using":"xpath","value":"//input[contains(@id ,\"application-billingtransfer-display-component---billingWorkbench--smartFilterBar-btnBasicSearch\")]"}
RESULT: {"using":"xpath","value":"//input[contains(@id ,\"application-billingtransfer-display-component---billingWorkbench--smartFilterBar-btnBasicSearch\")]"}
COMMAND: POST /session/be9a23df4294472c3cbe97a105488dd6/elements - {"using":"xpath","value":"//input[contains(@id ,\"application-billingtransfer-display-component---billingWorkbench--smartFilterBar-btnBasicSearch\")]"}
RESULT: {"using":"xpath","value":"//input[contains(@id ,\"application-billingtransfer-display-component---billingWorkbench--smartFilterBar-btnBasicSearch\")]"}
COMMAND: POST /session/be9a23df4294472c3cbe97a105488dd6/elements - {"using":"xpath","value":"//input[contains(@id ,\"application-billingtransfer-display-component---billingWorkbench--smartFilterBar-btnBasicSearch\")]"}
RESULT: {"using":"xpath","value":"//input[contains(@id ,\"application-billingtransfer-display-component---billingWorkbench--smartFilterBar-btnBasicSearch\")]"}
COMMAND: POST /session/be9a23df4294472c3cbe97a105488dd6/elements - {"using":"xpath","value":"//input[contains(@id ,\"application-billingtransfer-display-component---billingWorkbench--smartFilterBar-btnBasicSearch\")]"}
RESULT: {"using":"xpath","value":"//input[contains(@id ,\"application-billingtransfer-display-component---billingWorkbench--smartFilterBar-btnBasicSearch\")]"}
COMMAND: POST /session/be9a23df4294472c3cbe97a105488dd6/elements - {"using":"xpath","value":"//input[contains(@id ,\"application-billingtransfer-display-component---billingWorkbench--smartFilterBar-btnBasicSearch\")]"}
RESULT: {"using":"xpath","value":"//input[contains(@id ,\"application-billingtransfer-display-component---billingWorkbench--smartFilterBar-btnBasicSearch\")]"}
COMMAND: POST /session/be9a23df4294472c3cbe97a105488dd6/elements - {"using":"xpath","value":"//input[contains(@id ,\"application-billingtransfer-display-component---billingWorkbench--smartFilterBar-btnBasicSearch\")]"}
RESULT: {"using":"xpath","value":"//input[contains(@id ,\"application-billingtransfer-display-component---billingWorkbench--smartFilterBar-btnBasicSearch\")]"}
COMMAND: POST /session/be9a23df4294472c3cbe97a105488dd6/elements - {"using":"xpath","value":"//input[contains(@id ,\"application-billingtransfer-display-component---billingWorkbench--smartFilterBar-btnBasicSearch\")]"}
RESULT: {"using":"xpath","value":"//input[contains(@id ,\"application-billingtransfer-display-component---billingWorkbench--smartFilterBar-btnBasicSearch\")]"}
COMMAND: POST /session/be9a23df4294472c3cbe97a105488dd6/elements - {"using":"xpath","value":"//input[contains(@id ,\"application-billingtransfer-display-component---billingWorkbench--smartFilterBar-btnBasicSearch\")]"}
RESULT: {"using":"xpath","value":"//input[contains(@id ,\"application-billingtransfer-display-component---billingWorkbench--smartFilterBar-btnBasicSearch\")]"}
COMMAND: POST /session/be9a23df4294472c3cbe97a105488dd6/elements - {"using":"xpath","value":"//input[contains(@id ,\"application-billingtransfer-display-component---billingWorkbench--smartFilterBar-btnBasicSearch\")]"}
RESULT: {"using":"xpath","value":"//input[contains(@id ,\"application-billingtransfer-display-component---billingWorkbench--smartFilterBar-btnBasicSearch\")]"}
COMMAND: POST /session/be9a23df4294472c3cbe97a105488dd6/elements - {"using":"xpath","value":"//input[contains(@id ,\"application-billingtransfer-display-component---billingWorkbench--smartFilterBar-btnBasicSearch\")]"}
RESULT: {"using":"xpath","value":"//input[contains(@id ,\"application-billingtransfer-display-component---billingWorkbench--smartFilterBar-btnBasicSearch\")]"}
COMMAND: POST /session/be9a23df4294472c3cbe97a105488dd6/elements - {"using":"xpath","value":"//input[contains(@id ,\"application-billingtransfer-display-component---billingWorkbench--smartFilterBar-btnBasicSearch\")]"}
RESULT: {"using":"xpath","value":"//input[contains(@id ,\"application-billingtransfer-display-component---billingWorkbench--smartFilterBar-btnBasicSearch\")]"}
COMMAND: POST /session/be9a23df4294472c3cbe97a105488dd6/elements - {"using":"xpath","value":"//input[contains(@id ,\"application-billingtransfer-display-component---billingWorkbench--smartFilterBar-btnBasicSearch\")]"}
RESULT: {"using":"xpath","value":"//input[contains(@id ,\"application-billingtransfer-display-component---billingWorkbench--smartFilterBar-btnBasicSearch\")]"}
COMMAND: POST /session/be9a23df4294472c3cbe97a105488dd6/elements - {"using":"xpath","value":"//input[contains(@id ,\"application-billingtransfer-display-component---billingWorkbench--smartFilterBar-btnBasicSearch\")]"}
RESULT: {"using":"xpath","value":"//input[contains(@id ,\"application-billingtransfer-display-component---billingWorkbench--smartFilterBar-btnBasicSearch\")]"}
COMMAND: POST /session/be9a23df4294472c3cbe97a105488dd6/elements - {"using":"xpath","value":"//input[contains(@id ,\"application-billingtransfer-display-component---billingWorkbench--smartFilterBar-btnBasicSearch\")]"}
RESULT: {"using":"xpath","value":"//input[contains(@id ,\"application-billingtransfer-display-component---billingWorkbench--smartFilterBar-btnBasicSearch\")]"}
COMMAND: POST /session/be9a23df4294472c3cbe97a105488dd6/elements - {"using":"xpath","value":"//input[contains(@id ,\"application-billingtransfer-display-component---billingWorkbench--smartFilterBar-btnBasicSearch\")]"}
RESULT: {"using":"xpath","value":"//input[contains(@id ,\"application-billingtransfer-display-component---billingWorkbench--smartFilterBar-btnBasicSearch\")]"}
COMMAND: POST /session/be9a23df4294472c3cbe97a105488dd6/elements - {"using":"xpath","value":"//input[contains(@id ,\"application-billingtransfer-display-component---billingWorkbench--smartFilterBar-btnBasicSearch\")]"}
RESULT: {"using":"xpath","value":"//input[contains(@id ,\"application-billingtransfer-display-component---billingWorkbench--smartFilterBar-btnBasicSearch\")]"}
COMMAND: POST /session/be9a23df4294472c3cbe97a105488dd6/elements - {"using":"xpath","value":"//input[contains(@id ,\"application-billingtransfer-display-component---billingWorkbench--smartFilterBar-btnBasicSearch\")]"}
RESULT: {"using":"xpath","value":"//input[contains(@id ,\"application-billingtransfer-display-component---billingWorkbench--smartFilterBar-btnBasicSearch\")]"}
COMMAND: POST /session/be9a23df4294472c3cbe97a105488dd6/elements - {"using":"xpath","value":"//input[contains(@id ,\"application-billingtransfer-display-component---billingWorkbench--smartFilterBar-btnBasicSearch\")]"}
RESULT: {"using":"xpath","value":"//input[contains(@id ,\"application-billingtransfer-display-component---billingWorkbench--smartFilterBar-btnBasicSearch\")]"}
COMMAND: POST /session/be9a23df4294472c3cbe97a105488dd6/elements - {"using":"xpath","value":"//input[contains(@id ,\"application-billingtransfer-display-component---billingWorkbench--smartFilterBar-btnBasicSearch\")]"}
RESULT: {"using":"xpath","value":"//input[contains(@id ,\"application-billingtransfer-display-component---billingWorkbench--smartFilterBar-btnBasicSearch\")]"}
COMMAND: POST /session/be9a23df4294472c3cbe97a105488dd6/elements - {"using":"xpath","value":"//input[contains(@id ,\"application-billingtransfer-display-component---billingWorkbench--smartFilterBar-btnBasicSearch\")]"}
RESULT: {"using":"xpath","value":"//input[contains(@id ,\"application-billingtransfer-display-component---billingWorkbench--smartFilterBar-btnBasicSearch\")]"}
COMMAND: POST /session/be9a23df4294472c3cbe97a105488dd6/elements - {"using":"xpath","value":"//input[contains(@id ,\"application-billingtransfer-display-component---billingWorkbench--smartFilterBar-btnBasicSearch\")]"}
RESULT: {"using":"xpath","value":"//input[contains(@id ,\"application-billingtransfer-display-component---billingWorkbench--smartFilterBar-btnBasicSearch\")]"}
COMMAND: POST /session/be9a23df4294472c3cbe97a105488dd6/elements - {"using":"xpath","value":"//input[contains(@id ,\"application-billingtransfer-display-component---billingWorkbench--smartFilterBar-btnBasicSearch\")]"}
RESULT: {"using":"xpath","value":"//input[contains(@id ,\"application-billingtransfer-display-component---billingWorkbench--smartFilterBar-btnBasicSearch\")]"}
COMMAND: POST /session/be9a23df4294472c3cbe97a105488dd6/elements - {"using":"xpath","value":"//input[contains(@id ,\"application-billingtransfer-display-component---billingWorkbench--smartFilterBar-btnBasicSearch\")]"}
RESULT: {"using":"xpath","value":"//input[contains(@id ,\"application-billingtransfer-display-component---billingWorkbench--smartFilterBar-btnBasicSearch\")]"}
COMMAND: POST /session/be9a23df4294472c3cbe97a105488dd6/elements - {"using":"xpath","value":"//input[contains(@id ,\"application-billingtransfer-display-component---billingWorkbench--smartFilterBar-btnBasicSearch\")]"}
RESULT: {"using":"xpath","value":"//input[contains(@id ,\"application-billingtransfer-display-component---billingWorkbench--smartFilterBar-btnBasicSearch\")]"}
COMMAND: POST /session/be9a23df4294472c3cbe97a105488dd6/elements - {"using":"xpath","value":"//input[contains(@id ,\"application-billingtransfer-display-component---billingWorkbench--smartFilterBar-btnBasicSearch\")]"}
RESULT: {"using":"xpath","value":"//input[contains(@id ,\"application-billingtransfer-display-component---billingWorkbench--smartFilterBar-btnBasicSearch\")]"}
COMMAND: POST /session/be9a23df4294472c3cbe97a105488dd6/elements - {"using":"xpath","value":"//input[contains(@id ,\"application-billingtransfer-display-component---billingWorkbench--smartFilterBar-btnBasicSearch\")]"}
RESULT: {"using":"xpath","value":"//input[contains(@id ,\"application-billingtransfer-display-component---billingWorkbench--smartFilterBar-btnBasicSearch\")]"}
COMMAND: GET /session/be9a23df4294472c3cbe97a105488dd6/screenshot - {}
RESULT: {}
]]></system-out>
      <system-err><![CDATA[
Error: element ("//input[contains(@id ,"application-billingtransfer-display-component---billingWorkbench--smartFilterBar-btnBasicSearch")]") still not existing after 45000ms
    at async UtilsPrerequisites.narrowDownSearchBT (D:\a\1\s\test\specs\BTS\prerequisites-and-utils-functions.js:2882:9)
    at async UtilsPrerequisites.billingTransfer (D:\a\1\s\test\specs\BTS\prerequisites-and-utils-functions.js:2807:9)
    at async Context.<anonymous> (D:\a\1\s\test\specs\BTS\billing-calculation-transp-times.spec.js:150:9)
]]></system-err>
    </testcase>
    <testcase classname="chrome.136_0_7103_93.windows.Billing_Calculation_-_Time_based_(considering_transport_times)_US139738" name="Should navigate to the contract item check the billed until field value" time="59.457">
      <failure/>
      <error message="element (&quot;//button[@data-kt=&quot;addButton&quot;]&quot;) still not existing after 45000ms"/>
      <system-out><![CDATA[
COMMAND: GET /session/be9a23df4294472c3cbe97a105488dd6/screenshot - {}
RESULT: undefined
RESULT: {}
COMMAND: POST /session/be9a23df4294472c3cbe97a105488dd6/elements - {"using":"xpath","value":"//span[text()='Error']"}
RESULT: {"using":"xpath","value":"//span[text()='Error']"}
COMMAND: POST /session/be9a23df4294472c3cbe97a105488dd6/element - {"using":"xpath","value":"//button[@data-kt=\"addButton\"]"}
RESULT: {"using":"xpath","value":"//button[@data-kt=\"addButton\"]"}
COMMAND: POST /session/be9a23df4294472c3cbe97a105488dd6/elements - {"using":"xpath","value":"//button[@data-kt=\"addButton\"]"}
RESULT: {"using":"xpath","value":"//button[@data-kt=\"addButton\"]"}
COMMAND: POST /session/be9a23df4294472c3cbe97a105488dd6/elements - {"using":"xpath","value":"//button[@data-kt=\"addButton\"]"}
RESULT: {"using":"xpath","value":"//button[@data-kt=\"addButton\"]"}
COMMAND: POST /session/be9a23df4294472c3cbe97a105488dd6/elements - {"using":"xpath","value":"//button[@data-kt=\"addButton\"]"}
RESULT: {"using":"xpath","value":"//button[@data-kt=\"addButton\"]"}
COMMAND: POST /session/be9a23df4294472c3cbe97a105488dd6/elements - {"using":"xpath","value":"//button[@data-kt=\"addButton\"]"}
RESULT: {"using":"xpath","value":"//button[@data-kt=\"addButton\"]"}
COMMAND: POST /session/be9a23df4294472c3cbe97a105488dd6/elements - {"using":"xpath","value":"//button[@data-kt=\"addButton\"]"}
RESULT: {"using":"xpath","value":"//button[@data-kt=\"addButton\"]"}
COMMAND: POST /session/be9a23df4294472c3cbe97a105488dd6/elements - {"using":"xpath","value":"//button[@data-kt=\"addButton\"]"}
RESULT: {"using":"xpath","value":"//button[@data-kt=\"addButton\"]"}
COMMAND: POST /session/be9a23df4294472c3cbe97a105488dd6/elements - {"using":"xpath","value":"//button[@data-kt=\"addButton\"]"}
RESULT: {"using":"xpath","value":"//button[@data-kt=\"addButton\"]"}
COMMAND: POST /session/be9a23df4294472c3cbe97a105488dd6/elements - {"using":"xpath","value":"//button[@data-kt=\"addButton\"]"}
RESULT: {"using":"xpath","value":"//button[@data-kt=\"addButton\"]"}
COMMAND: POST /session/be9a23df4294472c3cbe97a105488dd6/elements - {"using":"xpath","value":"//button[@data-kt=\"addButton\"]"}
RESULT: {"using":"xpath","value":"//button[@data-kt=\"addButton\"]"}
COMMAND: POST /session/be9a23df4294472c3cbe97a105488dd6/elements - {"using":"xpath","value":"//button[@data-kt=\"addButton\"]"}
RESULT: {"using":"xpath","value":"//button[@data-kt=\"addButton\"]"}
COMMAND: POST /session/be9a23df4294472c3cbe97a105488dd6/elements - {"using":"xpath","value":"//button[@data-kt=\"addButton\"]"}
RESULT: {"using":"xpath","value":"//button[@data-kt=\"addButton\"]"}
COMMAND: POST /session/be9a23df4294472c3cbe97a105488dd6/elements - {"using":"xpath","value":"//button[@data-kt=\"addButton\"]"}
RESULT: {"using":"xpath","value":"//button[@data-kt=\"addButton\"]"}
COMMAND: POST /session/be9a23df4294472c3cbe97a105488dd6/elements - {"using":"xpath","value":"//button[@data-kt=\"addButton\"]"}
RESULT: {"using":"xpath","value":"//button[@data-kt=\"addButton\"]"}
COMMAND: POST /session/be9a23df4294472c3cbe97a105488dd6/elements - {"using":"xpath","value":"//button[@data-kt=\"addButton\"]"}
RESULT: {"using":"xpath","value":"//button[@data-kt=\"addButton\"]"}
COMMAND: POST /session/be9a23df4294472c3cbe97a105488dd6/elements - {"using":"xpath","value":"//button[@data-kt=\"addButton\"]"}
RESULT: {"using":"xpath","value":"//button[@data-kt=\"addButton\"]"}
COMMAND: POST /session/be9a23df4294472c3cbe97a105488dd6/elements - {"using":"xpath","value":"//button[@data-kt=\"addButton\"]"}
RESULT: {"using":"xpath","value":"//button[@data-kt=\"addButton\"]"}
COMMAND: POST /session/be9a23df4294472c3cbe97a105488dd6/elements - {"using":"xpath","value":"//button[@data-kt=\"addButton\"]"}
RESULT: {"using":"xpath","value":"//button[@data-kt=\"addButton\"]"}
COMMAND: POST /session/be9a23df4294472c3cbe97a105488dd6/elements - {"using":"xpath","value":"//button[@data-kt=\"addButton\"]"}
RESULT: {"using":"xpath","value":"//button[@data-kt=\"addButton\"]"}
COMMAND: POST /session/be9a23df4294472c3cbe97a105488dd6/elements - {"using":"xpath","value":"//button[@data-kt=\"addButton\"]"}
RESULT: {"using":"xpath","value":"//button[@data-kt=\"addButton\"]"}
COMMAND: POST /session/be9a23df4294472c3cbe97a105488dd6/elements - {"using":"xpath","value":"//button[@data-kt=\"addButton\"]"}
RESULT: {"using":"xpath","value":"//button[@data-kt=\"addButton\"]"}
COMMAND: POST /session/be9a23df4294472c3cbe97a105488dd6/elements - {"using":"xpath","value":"//button[@data-kt=\"addButton\"]"}
RESULT: {"using":"xpath","value":"//button[@data-kt=\"addButton\"]"}
COMMAND: POST /session/be9a23df4294472c3cbe97a105488dd6/elements - {"using":"xpath","value":"//button[@data-kt=\"addButton\"]"}
RESULT: {"using":"xpath","value":"//button[@data-kt=\"addButton\"]"}
COMMAND: POST /session/be9a23df4294472c3cbe97a105488dd6/elements - {"using":"xpath","value":"//button[@data-kt=\"addButton\"]"}
RESULT: {"using":"xpath","value":"//button[@data-kt=\"addButton\"]"}
COMMAND: POST /session/be9a23df4294472c3cbe97a105488dd6/elements - {"using":"xpath","value":"//button[@data-kt=\"addButton\"]"}
RESULT: {"using":"xpath","value":"//button[@data-kt=\"addButton\"]"}
COMMAND: POST /session/be9a23df4294472c3cbe97a105488dd6/elements - {"using":"xpath","value":"//button[@data-kt=\"addButton\"]"}
RESULT: {"using":"xpath","value":"//button[@data-kt=\"addButton\"]"}
COMMAND: POST /session/be9a23df4294472c3cbe97a105488dd6/elements - {"using":"xpath","value":"//button[@data-kt=\"addButton\"]"}
RESULT: {"using":"xpath","value":"//button[@data-kt=\"addButton\"]"}
COMMAND: POST /session/be9a23df4294472c3cbe97a105488dd6/elements - {"using":"xpath","value":"//button[@data-kt=\"addButton\"]"}
RESULT: {"using":"xpath","value":"//button[@data-kt=\"addButton\"]"}
COMMAND: POST /session/be9a23df4294472c3cbe97a105488dd6/elements - {"using":"xpath","value":"//button[@data-kt=\"addButton\"]"}
RESULT: {"using":"xpath","value":"//button[@data-kt=\"addButton\"]"}
COMMAND: POST /session/be9a23df4294472c3cbe97a105488dd6/elements - {"using":"xpath","value":"//button[@data-kt=\"addButton\"]"}
RESULT: {"using":"xpath","value":"//button[@data-kt=\"addButton\"]"}
COMMAND: POST /session/be9a23df4294472c3cbe97a105488dd6/elements - {"using":"xpath","value":"//button[@data-kt=\"addButton\"]"}
RESULT: {"using":"xpath","value":"//button[@data-kt=\"addButton\"]"}
COMMAND: POST /session/be9a23df4294472c3cbe97a105488dd6/elements - {"using":"xpath","value":"//button[@data-kt=\"addButton\"]"}
RESULT: {"using":"xpath","value":"//button[@data-kt=\"addButton\"]"}
COMMAND: POST /session/be9a23df4294472c3cbe97a105488dd6/elements - {"using":"xpath","value":"//button[@data-kt=\"addButton\"]"}
RESULT: {"using":"xpath","value":"//button[@data-kt=\"addButton\"]"}
COMMAND: POST /session/be9a23df4294472c3cbe97a105488dd6/elements - {"using":"xpath","value":"//button[@data-kt=\"addButton\"]"}
RESULT: {"using":"xpath","value":"//button[@data-kt=\"addButton\"]"}
COMMAND: POST /session/be9a23df4294472c3cbe97a105488dd6/elements - {"using":"xpath","value":"//button[@data-kt=\"addButton\"]"}
RESULT: {"using":"xpath","value":"//button[@data-kt=\"addButton\"]"}
COMMAND: POST /session/be9a23df4294472c3cbe97a105488dd6/elements - {"using":"xpath","value":"//button[@data-kt=\"addButton\"]"}
RESULT: {"using":"xpath","value":"//button[@data-kt=\"addButton\"]"}
COMMAND: POST /session/be9a23df4294472c3cbe97a105488dd6/elements - {"using":"xpath","value":"//button[@data-kt=\"addButton\"]"}
RESULT: {"using":"xpath","value":"//button[@data-kt=\"addButton\"]"}
COMMAND: POST /session/be9a23df4294472c3cbe97a105488dd6/elements - {"using":"xpath","value":"//button[@data-kt=\"addButton\"]"}
RESULT: {"using":"xpath","value":"//button[@data-kt=\"addButton\"]"}
COMMAND: POST /session/be9a23df4294472c3cbe97a105488dd6/elements - {"using":"xpath","value":"//button[@data-kt=\"addButton\"]"}
RESULT: {"using":"xpath","value":"//button[@data-kt=\"addButton\"]"}
COMMAND: POST /session/be9a23df4294472c3cbe97a105488dd6/elements - {"using":"xpath","value":"//button[@data-kt=\"addButton\"]"}
RESULT: {"using":"xpath","value":"//button[@data-kt=\"addButton\"]"}
COMMAND: POST /session/be9a23df4294472c3cbe97a105488dd6/elements - {"using":"xpath","value":"//button[@data-kt=\"addButton\"]"}
RESULT: {"using":"xpath","value":"//button[@data-kt=\"addButton\"]"}
COMMAND: POST /session/be9a23df4294472c3cbe97a105488dd6/elements - {"using":"xpath","value":"//button[@data-kt=\"addButton\"]"}
RESULT: {"using":"xpath","value":"//button[@data-kt=\"addButton\"]"}
COMMAND: POST /session/be9a23df4294472c3cbe97a105488dd6/elements - {"using":"xpath","value":"//button[@data-kt=\"addButton\"]"}
RESULT: {"using":"xpath","value":"//button[@data-kt=\"addButton\"]"}
COMMAND: POST /session/be9a23df4294472c3cbe97a105488dd6/elements - {"using":"xpath","value":"//button[@data-kt=\"addButton\"]"}
RESULT: {"using":"xpath","value":"//button[@data-kt=\"addButton\"]"}
COMMAND: POST /session/be9a23df4294472c3cbe97a105488dd6/elements - {"using":"xpath","value":"//button[@data-kt=\"addButton\"]"}
RESULT: {"using":"xpath","value":"//button[@data-kt=\"addButton\"]"}
COMMAND: POST /session/be9a23df4294472c3cbe97a105488dd6/elements - {"using":"xpath","value":"//button[@data-kt=\"addButton\"]"}
RESULT: {"using":"xpath","value":"//button[@data-kt=\"addButton\"]"}
COMMAND: POST /session/be9a23df4294472c3cbe97a105488dd6/elements - {"using":"xpath","value":"//button[@data-kt=\"addButton\"]"}
RESULT: {"using":"xpath","value":"//button[@data-kt=\"addButton\"]"}
COMMAND: POST /session/be9a23df4294472c3cbe97a105488dd6/elements - {"using":"xpath","value":"//button[@data-kt=\"addButton\"]"}
RESULT: {"using":"xpath","value":"//button[@data-kt=\"addButton\"]"}
COMMAND: POST /session/be9a23df4294472c3cbe97a105488dd6/elements - {"using":"xpath","value":"//button[@data-kt=\"addButton\"]"}
RESULT: {"using":"xpath","value":"//button[@data-kt=\"addButton\"]"}
COMMAND: POST /session/be9a23df4294472c3cbe97a105488dd6/elements - {"using":"xpath","value":"//button[@data-kt=\"addButton\"]"}
RESULT: {"using":"xpath","value":"//button[@data-kt=\"addButton\"]"}
COMMAND: POST /session/be9a23df4294472c3cbe97a105488dd6/elements - {"using":"xpath","value":"//button[@data-kt=\"addButton\"]"}
RESULT: {"using":"xpath","value":"//button[@data-kt=\"addButton\"]"}
COMMAND: POST /session/be9a23df4294472c3cbe97a105488dd6/elements - {"using":"xpath","value":"//button[@data-kt=\"addButton\"]"}
RESULT: {"using":"xpath","value":"//button[@data-kt=\"addButton\"]"}
COMMAND: POST /session/be9a23df4294472c3cbe97a105488dd6/elements - {"using":"xpath","value":"//button[@data-kt=\"addButton\"]"}
RESULT: {"using":"xpath","value":"//button[@data-kt=\"addButton\"]"}
COMMAND: POST /session/be9a23df4294472c3cbe97a105488dd6/elements - {"using":"xpath","value":"//button[@data-kt=\"addButton\"]"}
RESULT: {"using":"xpath","value":"//button[@data-kt=\"addButton\"]"}
COMMAND: POST /session/be9a23df4294472c3cbe97a105488dd6/elements - {"using":"xpath","value":"//button[@data-kt=\"addButton\"]"}
RESULT: {"using":"xpath","value":"//button[@data-kt=\"addButton\"]"}
COMMAND: POST /session/be9a23df4294472c3cbe97a105488dd6/elements - {"using":"xpath","value":"//button[@data-kt=\"addButton\"]"}
RESULT: {"using":"xpath","value":"//button[@data-kt=\"addButton\"]"}
COMMAND: POST /session/be9a23df4294472c3cbe97a105488dd6/elements - {"using":"xpath","value":"//button[@data-kt=\"addButton\"]"}
RESULT: {"using":"xpath","value":"//button[@data-kt=\"addButton\"]"}
COMMAND: POST /session/be9a23df4294472c3cbe97a105488dd6/elements - {"using":"xpath","value":"//button[@data-kt=\"addButton\"]"}
RESULT: {"using":"xpath","value":"//button[@data-kt=\"addButton\"]"}
COMMAND: POST /session/be9a23df4294472c3cbe97a105488dd6/elements - {"using":"xpath","value":"//button[@data-kt=\"addButton\"]"}
RESULT: {"using":"xpath","value":"//button[@data-kt=\"addButton\"]"}
COMMAND: POST /session/be9a23df4294472c3cbe97a105488dd6/elements - {"using":"xpath","value":"//button[@data-kt=\"addButton\"]"}
RESULT: {"using":"xpath","value":"//button[@data-kt=\"addButton\"]"}
COMMAND: POST /session/be9a23df4294472c3cbe97a105488dd6/elements - {"using":"xpath","value":"//button[@data-kt=\"addButton\"]"}
RESULT: {"using":"xpath","value":"//button[@data-kt=\"addButton\"]"}
COMMAND: POST /session/be9a23df4294472c3cbe97a105488dd6/elements - {"using":"xpath","value":"//button[@data-kt=\"addButton\"]"}
RESULT: {"using":"xpath","value":"//button[@data-kt=\"addButton\"]"}
COMMAND: POST /session/be9a23df4294472c3cbe97a105488dd6/elements - {"using":"xpath","value":"//button[@data-kt=\"addButton\"]"}
RESULT: {"using":"xpath","value":"//button[@data-kt=\"addButton\"]"}
COMMAND: POST /session/be9a23df4294472c3cbe97a105488dd6/elements - {"using":"xpath","value":"//button[@data-kt=\"addButton\"]"}
RESULT: {"using":"xpath","value":"//button[@data-kt=\"addButton\"]"}
COMMAND: POST /session/be9a23df4294472c3cbe97a105488dd6/elements - {"using":"xpath","value":"//button[@data-kt=\"addButton\"]"}
RESULT: {"using":"xpath","value":"//button[@data-kt=\"addButton\"]"}
COMMAND: POST /session/be9a23df4294472c3cbe97a105488dd6/elements - {"using":"xpath","value":"//button[@data-kt=\"addButton\"]"}
RESULT: {"using":"xpath","value":"//button[@data-kt=\"addButton\"]"}
COMMAND: POST /session/be9a23df4294472c3cbe97a105488dd6/elements - {"using":"xpath","value":"//button[@data-kt=\"addButton\"]"}
RESULT: {"using":"xpath","value":"//button[@data-kt=\"addButton\"]"}
COMMAND: POST /session/be9a23df4294472c3cbe97a105488dd6/elements - {"using":"xpath","value":"//button[@data-kt=\"addButton\"]"}
RESULT: {"using":"xpath","value":"//button[@data-kt=\"addButton\"]"}
COMMAND: POST /session/be9a23df4294472c3cbe97a105488dd6/elements - {"using":"xpath","value":"//button[@data-kt=\"addButton\"]"}
RESULT: {"using":"xpath","value":"//button[@data-kt=\"addButton\"]"}
COMMAND: POST /session/be9a23df4294472c3cbe97a105488dd6/elements - {"using":"xpath","value":"//button[@data-kt=\"addButton\"]"}
RESULT: {"using":"xpath","value":"//button[@data-kt=\"addButton\"]"}
COMMAND: POST /session/be9a23df4294472c3cbe97a105488dd6/elements - {"using":"xpath","value":"//button[@data-kt=\"addButton\"]"}
RESULT: {"using":"xpath","value":"//button[@data-kt=\"addButton\"]"}
COMMAND: POST /session/be9a23df4294472c3cbe97a105488dd6/elements - {"using":"xpath","value":"//button[@data-kt=\"addButton\"]"}
RESULT: {"using":"xpath","value":"//button[@data-kt=\"addButton\"]"}
COMMAND: POST /session/be9a23df4294472c3cbe97a105488dd6/elements - {"using":"xpath","value":"//button[@data-kt=\"addButton\"]"}
RESULT: {"using":"xpath","value":"//button[@data-kt=\"addButton\"]"}
COMMAND: POST /session/be9a23df4294472c3cbe97a105488dd6/elements - {"using":"xpath","value":"//button[@data-kt=\"addButton\"]"}
RESULT: {"using":"xpath","value":"//button[@data-kt=\"addButton\"]"}
COMMAND: POST /session/be9a23df4294472c3cbe97a105488dd6/elements - {"using":"xpath","value":"//button[@data-kt=\"addButton\"]"}
RESULT: {"using":"xpath","value":"//button[@data-kt=\"addButton\"]"}
COMMAND: POST /session/be9a23df4294472c3cbe97a105488dd6/elements - {"using":"xpath","value":"//button[@data-kt=\"addButton\"]"}
RESULT: {"using":"xpath","value":"//button[@data-kt=\"addButton\"]"}
COMMAND: POST /session/be9a23df4294472c3cbe97a105488dd6/elements - {"using":"xpath","value":"//button[@data-kt=\"addButton\"]"}
RESULT: {"using":"xpath","value":"//button[@data-kt=\"addButton\"]"}
COMMAND: POST /session/be9a23df4294472c3cbe97a105488dd6/elements - {"using":"xpath","value":"//button[@data-kt=\"addButton\"]"}
RESULT: {"using":"xpath","value":"//button[@data-kt=\"addButton\"]"}
COMMAND: POST /session/be9a23df4294472c3cbe97a105488dd6/elements - {"using":"xpath","value":"//button[@data-kt=\"addButton\"]"}
RESULT: {"using":"xpath","value":"//button[@data-kt=\"addButton\"]"}
COMMAND: POST /session/be9a23df4294472c3cbe97a105488dd6/elements - {"using":"xpath","value":"//button[@data-kt=\"addButton\"]"}
RESULT: {"using":"xpath","value":"//button[@data-kt=\"addButton\"]"}
COMMAND: POST /session/be9a23df4294472c3cbe97a105488dd6/elements - {"using":"xpath","value":"//button[@data-kt=\"addButton\"]"}
RESULT: {"using":"xpath","value":"//button[@data-kt=\"addButton\"]"}
COMMAND: POST /session/be9a23df4294472c3cbe97a105488dd6/elements - {"using":"xpath","value":"//button[@data-kt=\"addButton\"]"}
RESULT: {"using":"xpath","value":"//button[@data-kt=\"addButton\"]"}
COMMAND: POST /session/be9a23df4294472c3cbe97a105488dd6/elements - {"using":"xpath","value":"//button[@data-kt=\"addButton\"]"}
RESULT: {"using":"xpath","value":"//button[@data-kt=\"addButton\"]"}
COMMAND: POST /session/be9a23df4294472c3cbe97a105488dd6/elements - {"using":"xpath","value":"//button[@data-kt=\"addButton\"]"}
RESULT: {"using":"xpath","value":"//button[@data-kt=\"addButton\"]"}
COMMAND: POST /session/be9a23df4294472c3cbe97a105488dd6/elements - {"using":"xpath","value":"//button[@data-kt=\"addButton\"]"}
RESULT: {"using":"xpath","value":"//button[@data-kt=\"addButton\"]"}
COMMAND: POST /session/be9a23df4294472c3cbe97a105488dd6/elements - {"using":"xpath","value":"//button[@data-kt=\"addButton\"]"}
RESULT: {"using":"xpath","value":"//button[@data-kt=\"addButton\"]"}
COMMAND: POST /session/be9a23df4294472c3cbe97a105488dd6/elements - {"using":"xpath","value":"//button[@data-kt=\"addButton\"]"}
RESULT: {"using":"xpath","value":"//button[@data-kt=\"addButton\"]"}
COMMAND: POST /session/be9a23df4294472c3cbe97a105488dd6/elements - {"using":"xpath","value":"//button[@data-kt=\"addButton\"]"}
RESULT: {"using":"xpath","value":"//button[@data-kt=\"addButton\"]"}
COMMAND: POST /session/be9a23df4294472c3cbe97a105488dd6/elements - {"using":"xpath","value":"//button[@data-kt=\"addButton\"]"}
RESULT: {"using":"xpath","value":"//button[@data-kt=\"addButton\"]"}
COMMAND: POST /session/be9a23df4294472c3cbe97a105488dd6/elements - {"using":"xpath","value":"//button[@data-kt=\"addButton\"]"}
RESULT: {"using":"xpath","value":"//button[@data-kt=\"addButton\"]"}
COMMAND: POST /session/be9a23df4294472c3cbe97a105488dd6/elements - {"using":"xpath","value":"//button[@data-kt=\"addButton\"]"}
RESULT: {"using":"xpath","value":"//button[@data-kt=\"addButton\"]"}
COMMAND: GET /session/be9a23df4294472c3cbe97a105488dd6/screenshot - {}
RESULT: {}
COMMAND: GET /session/be9a23df4294472c3cbe97a105488dd6/screenshot - {}
COMMAND: GET /session/be9a23df4294472c3cbe97a105488dd6/screenshot - {}
RESULT: {}
RESULT: {}
COMMAND: DELETE /session/be9a23df4294472c3cbe97a105488dd6 - {}
RESULT: {}
]]></system-out>
      <system-err><![CDATA[
Error: element ("//button[@data-kt="addButton"]") still not existing after 45000ms
    at async UtilsPrerequisites.checkBilledUntilDate (D:\a\1\s\test\specs\BTS\prerequisites-and-utils-functions.js:2343:9)
    at async Context.<anonymous> (D:\a\1\s\test\specs\BTS\billing-calculation-transp-times.spec.js:161:9)
]]></system-err>
    </testcase>
  </testsuite>
</testsuites>