<?xml version="1.0" encoding="UTF-8"?>
<testsuites tests="9" failures="5" errors="5" skipped="0">
  <testsuite timestamp="2025-06-01T15:31:03" time="761.726" tests="8" failures="4" errors="4" skipped="0">
    <properties>
      <property name="specId" value="0"/>
      <property name="suiteName" value="Create masterdata for Yard Overview - trigger provide US130988"/>
      <property name="capabilities" value="chrome.136_0_7103_93.windows"/>
      <property name="file" value="file:///D:/a/1/s/test/specs/HTR/yard-overview-trigger.spec.js"/>
    </properties>
    <testcase classname="chrome.136_0_7103_93.windows.Create_masterdata_for_Yard_Overview_-_trigger_provide_US130988" name="Should create a new yard" time="124.481">
      <system-out><![CDATA[
COMMAND: POST /session/9e73e1aaedc70a27b9ed5aa1345374b1/window/fullscreen - {}
RESULT: {}
COMMAND: POST /session/9e73e1aaedc70a27b9ed5aa1345374b1/execute/async - {"script":"<script> [1562 bytes]","args":[{"selector":{"controlType":"sap.m.GenericTile","properties":{"header":"Manage Yards"}},"wdio_ui5_key":"sapm.GenericTile{\"header\":\"Manage Yards\"}"}]}
RESULT: {"script":"<script> [1562 bytes]","args":[{"selector":{"controlType":"sap.m.GenericTile","properties":{"header":"Manage Yards"}},"wdio_ui5_key":"sapm.GenericTile{\"header\":\"Manage Yards\"}"}]}
RESULT: undefined
COMMAND: POST /session/9e73e1aaedc70a27b9ed5aa1345374b1/element - {"using":"xpath","value":"//*[@id=\"__tile41\"]"}
RESULT: {"using":"xpath","value":"//*[@id=\"__tile41\"]"}
COMMAND: POST /session/9e73e1aaedc70a27b9ed5aa1345374b1/element/f.5E45C3E070B80AFBDD66E7CC48C5F2D3.d.991F40FEFC235235412E2356FC1DA53B.e.127/click - {}
RESULT: {}
COMMAND: GET /session/9e73e1aaedc70a27b9ed5aa1345374b1/screenshot - {}
RESULT: {}
COMMAND: POST /session/9e73e1aaedc70a27b9ed5aa1345374b1/elements - {"using":"xpath","value":"//span[text()='Error']"}
RESULT: {"using":"xpath","value":"//span[text()='Error']"}
COMMAND: POST /session/9e73e1aaedc70a27b9ed5aa1345374b1/element - {"using":"xpath","value":"//button[@data-kt=\"addNewYardOverflowToolbarButton\"]"}
RESULT: {"using":"xpath","value":"//button[@data-kt=\"addNewYardOverflowToolbarButton\"]"}
COMMAND: POST /session/9e73e1aaedc70a27b9ed5aa1345374b1/elements - {"using":"xpath","value":"//button[@data-kt=\"addNewYardOverflowToolbarButton\"]"}
RESULT: {"using":"xpath","value":"//button[@data-kt=\"addNewYardOverflowToolbarButton\"]"}
COMMAND: POST /session/9e73e1aaedc70a27b9ed5aa1345374b1/execute/sync - {"script":"<script> [8489 bytes]","args":[{"element-6066-11e4-a52e-4f735466cecf":"f.5E45C3E070B80AFBDD66E7CC48C5F2D3.d.991F40FEFC235235412E2356FC1DA53B.e.274","ELEMENT":"f.5E45C3E070B80AFBDD66E7CC48C5F2D3.d.991F40FEFC235235412E2356FC1DA53B.e.274"}]}
RESULT: {"script":"<script> [8489 bytes]","args":[{"element-6066-11e4-a52e-4f735466cecf":"f.5E45C3E070B80AFBDD66E7CC48C5F2D3.d.991F40FEFC235235412E2356FC1DA53B.e.274","ELEMENT":"f.5E45C3E070B80AFBDD66E7CC48C5F2D3.d.991F40FEFC235235412E2356FC1DA53B.e.274"}]}
COMMAND: GET /session/9e73e1aaedc70a27b9ed5aa1345374b1/element/f.5E45C3E070B80AFBDD66E7CC48C5F2D3.d.991F40FEFC235235412E2356FC1DA53B.e.274/enabled - {}
COMMAND: GET /session/9e73e1aaedc70a27b9ed5aa1345374b1/screenshot - {}
RESULT: {}
COMMAND: POST /session/9e73e1aaedc70a27b9ed5aa1345374b1/execute/sync - {"script":"<script> [8489 bytes]","args":[{"element-6066-11e4-a52e-4f735466cecf":"f.5E45C3E070B80AFBDD66E7CC48C5F2D3.d.991F40FEFC235235412E2356FC1DA53B.e.274","ELEMENT":"f.5E45C3E070B80AFBDD66E7CC48C5F2D3.d.991F40FEFC235235412E2356FC1DA53B.e.274"}]}
COMMAND: GET /session/9e73e1aaedc70a27b9ed5aa1345374b1/screenshot - {}
RESULT: {}
RESULT: {"script":"<script> [8489 bytes]","args":[{"element-6066-11e4-a52e-4f735466cecf":"f.5E45C3E070B80AFBDD66E7CC48C5F2D3.d.991F40FEFC235235412E2356FC1DA53B.e.274","ELEMENT":"f.5E45C3E070B80AFBDD66E7CC48C5F2D3.d.991F40FEFC235235412E2356FC1DA53B.e.274"}]}
COMMAND: POST /session/9e73e1aaedc70a27b9ed5aa1345374b1/execute/sync - {"script":"<script> [5351 bytes]","args":[{"element-6066-11e4-a52e-4f735466cecf":"f.5E45C3E070B80AFBDD66E7CC48C5F2D3.d.991F40FEFC235235412E2356FC1DA53B.e.274","ELEMENT":"f.5E45C3E070B80AFBDD66E7CC48C5F2D3.d.991F40FEFC235235412E2356FC1DA53B.e.274"}]}
COMMAND: GET /session/9e73e1aaedc70a27b9ed5aa1345374b1/screenshot - {}
RESULT: {}
RESULT: {"script":"<script> [5351 bytes]","args":[{"element-6066-11e4-a52e-4f735466cecf":"f.5E45C3E070B80AFBDD66E7CC48C5F2D3.d.991F40FEFC235235412E2356FC1DA53B.e.274","ELEMENT":"f.5E45C3E070B80AFBDD66E7CC48C5F2D3.d.991F40FEFC235235412E2356FC1DA53B.e.274"}]}
COMMAND: POST /session/9e73e1aaedc70a27b9ed5aa1345374b1/element/f.5E45C3E070B80AFBDD66E7CC48C5F2D3.d.991F40FEFC235235412E2356FC1DA53B.e.274/click - {}
COMMAND: GET /session/9e73e1aaedc70a27b9ed5aa1345374b1/screenshot - {}
RESULT: {}
RESULT: {}
COMMAND: GET /session/9e73e1aaedc70a27b9ed5aa1345374b1/screenshot - {}
RESULT: {}
RESULT: {}
COMMAND: POST /session/9e73e1aaedc70a27b9ed5aa1345374b1/element - {"using":"xpath","value":"//input[@id=\"application-manageyards-display-component---NewYard--yardId-inner\"]"}
RESULT: {"using":"xpath","value":"//input[@id=\"application-manageyards-display-component---NewYard--yardId-inner\"]"}
COMMAND: POST /session/9e73e1aaedc70a27b9ed5aa1345374b1/element - {"using":"xpath","value":"//input[@id=\"application-manageyards-display-component---NewYard--yardId-inner\"]"}
RESULT: {"using":"xpath","value":"//input[@id=\"application-manageyards-display-component---NewYard--yardId-inner\"]"}
COMMAND: POST /session/9e73e1aaedc70a27b9ed5aa1345374b1/execute/async - {"script":"<script> [1562 bytes]","args":[{"selector":{"id":"application-manageyards-display-component---NewYard--addressDetailDetailsName1","interaction":{"idSuffix":"inner"}},"wdio_ui5_key":"applicationmanageyards-display-component---NewYard--addressDetailDetailsName1"}]}
RESULT: {"script":"<script> [1562 bytes]","args":[{"selector":{"id":"application-manageyards-display-component---NewYard--addressDetailDetailsName1","interaction":{"idSuffix":"inner"}},"wdio_ui5_key":"applicationmanageyards-display-component---NewYard--addressDetailDetailsName1"}]}
RESULT: undefined
COMMAND: POST /session/9e73e1aaedc70a27b9ed5aa1345374b1/execute/async - {"script":"<script> [776 bytes]","args":[{"enterText":"Other Yard WDIO","selector":{"id":"application-manageyards-display-component---NewYard--addressDetailDetailsName1","interaction":{"idSuffix":"inner"}},"clearTextFirst":true,"interactionType":"ENTER_TEXT"}]}
RESULT: {"script":"<script> [776 bytes]","args":[{"enterText":"Other Yard WDIO","selector":{"id":"application-manageyards-display-component---NewYard--addressDetailDetailsName1","interaction":{"idSuffix":"inner"}},"clearTextFirst":true,"interactionType":"ENTER_TEXT"}]}
COMMAND: POST /session/9e73e1aaedc70a27b9ed5aa1345374b1/execute/async - {"script":"<script> [1562 bytes]","args":[{"selector":{"id":"application-manageyards-display-component---NewYard--addressDetailDetailsLanguage-arrow"},"wdio_ui5_key":"applicationmanageyards-display-component---NewYard--addressDetailDetailsLanguage-arrow"}]}
RESULT: {"script":"<script> [1562 bytes]","args":[{"selector":{"id":"application-manageyards-display-component---NewYard--addressDetailDetailsLanguage-arrow"},"wdio_ui5_key":"applicationmanageyards-display-component---NewYard--addressDetailDetailsLanguage-arrow"}]}
RESULT: undefined
COMMAND: POST /session/9e73e1aaedc70a27b9ed5aa1345374b1/element - {"using":"xpath","value":"//*[@id=\"application-manageyards-display-component---NewYard--addressDetailDetailsLanguage-arrow\"]"}
RESULT: {"using":"xpath","value":"//*[@id=\"application-manageyards-display-component---NewYard--addressDetailDetailsLanguage-arrow\"]"}
COMMAND: POST /session/9e73e1aaedc70a27b9ed5aa1345374b1/element/f.5E45C3E070B80AFBDD66E7CC48C5F2D3.d.991F40FEFC235235412E2356FC1DA53B.e.699/click - {}
RESULT: {}
COMMAND: POST /session/9e73e1aaedc70a27b9ed5aa1345374b1/element - {"using":"xpath","value":"//span[contains(text(), \"English\")]"}
COMMAND: GET /session/9e73e1aaedc70a27b9ed5aa1345374b1/screenshot - {}
RESULT: {"using":"xpath","value":"//span[contains(text(), \"English\")]"}
COMMAND: POST /session/9e73e1aaedc70a27b9ed5aa1345374b1/element/f.5E45C3E070B80AFBDD66E7CC48C5F2D3.d.991F40FEFC235235412E2356FC1DA53B.e.700/click - {}
RESULT: {}
RESULT: {}
COMMAND: POST /session/9e73e1aaedc70a27b9ed5aa1345374b1/execute/async - {"script":"<script> [1562 bytes]","args":[{"selector":{"id":"application-manageyards-display-component---NewYard--addressDetailDetailsCity1","interaction":{"idSuffix":"inner"}},"wdio_ui5_key":"applicationmanageyards-display-component---NewYard--addressDetailDetailsCity1"}]}
COMMAND: GET /session/9e73e1aaedc70a27b9ed5aa1345374b1/screenshot - {}
RESULT: {"script":"<script> [1562 bytes]","args":[{"selector":{"id":"application-manageyards-display-component---NewYard--addressDetailDetailsCity1","interaction":{"idSuffix":"inner"}},"wdio_ui5_key":"applicationmanageyards-display-component---NewYard--addressDetailDetailsCity1"}]}
RESULT: undefined
COMMAND: POST /session/9e73e1aaedc70a27b9ed5aa1345374b1/execute/async - {"script":"<script> [776 bytes]","args":[{"enterText":"Rosario","selector":{"id":"application-manageyards-display-component---NewYard--addressDetailDetailsCity1","interaction":{"idSuffix":"inner"}},"clearTextFirst":true,"interactionType":"ENTER_TEXT"}]}
RESULT: {}
RESULT: {"script":"<script> [776 bytes]","args":[{"enterText":"Rosario","selector":{"id":"application-manageyards-display-component---NewYard--addressDetailDetailsCity1","interaction":{"idSuffix":"inner"}},"clearTextFirst":true,"interactionType":"ENTER_TEXT"}]}
COMMAND: POST /session/9e73e1aaedc70a27b9ed5aa1345374b1/execute/async - {"script":"<script> [1562 bytes]","args":[{"selector":{"id":"application-manageyards-display-component---NewYard--addressDetailDetailsCountry-arrow"},"wdio_ui5_key":"applicationmanageyards-display-component---NewYard--addressDetailDetailsCountry-arrow"}]}
RESULT: {"script":"<script> [1562 bytes]","args":[{"selector":{"id":"application-manageyards-display-component---NewYard--addressDetailDetailsCountry-arrow"},"wdio_ui5_key":"applicationmanageyards-display-component---NewYard--addressDetailDetailsCountry-arrow"}]}
RESULT: undefined
COMMAND: POST /session/9e73e1aaedc70a27b9ed5aa1345374b1/element - {"using":"xpath","value":"//*[@id=\"application-manageyards-display-component---NewYard--addressDetailDetailsCountry-arrow\"]"}
RESULT: {"using":"xpath","value":"//*[@id=\"application-manageyards-display-component---NewYard--addressDetailDetailsCountry-arrow\"]"}
COMMAND: POST /session/9e73e1aaedc70a27b9ed5aa1345374b1/element/f.5E45C3E070B80AFBDD66E7CC48C5F2D3.d.991F40FEFC235235412E2356FC1DA53B.e.702/click - {}
RESULT: {}
COMMAND: POST /session/9e73e1aaedc70a27b9ed5aa1345374b1/element - {"using":"xpath","value":"//span[contains(text(), \"Argentina\")]"}
COMMAND: GET /session/9e73e1aaedc70a27b9ed5aa1345374b1/screenshot - {}
RESULT: {"using":"xpath","value":"//span[contains(text(), \"Argentina\")]"}
COMMAND: POST /session/9e73e1aaedc70a27b9ed5aa1345374b1/element/f.5E45C3E070B80AFBDD66E7CC48C5F2D3.d.991F40FEFC235235412E2356FC1DA53B.e.704/click - {}
RESULT: {}
RESULT: {}
COMMAND: POST /session/9e73e1aaedc70a27b9ed5aa1345374b1/execute/async - {"script":"<script> [1562 bytes]","args":[{"selector":{"id":"application-manageyards-display-component---NewYard--addressEditDetailsCostObjectCstType-arrow"},"wdio_ui5_key":"applicationmanageyards-display-component---NewYard--addressEditDetailsCostObjectCstType-arrow"}]}
COMMAND: GET /session/9e73e1aaedc70a27b9ed5aa1345374b1/screenshot - {}
RESULT: {"script":"<script> [1562 bytes]","args":[{"selector":{"id":"application-manageyards-display-component---NewYard--addressEditDetailsCostObjectCstType-arrow"},"wdio_ui5_key":"applicationmanageyards-display-component---NewYard--addressEditDetailsCostObjectCstType-arrow"}]}
RESULT: undefined
COMMAND: POST /session/9e73e1aaedc70a27b9ed5aa1345374b1/element - {"using":"xpath","value":"//*[@id=\"application-manageyards-display-component---NewYard--addressEditDetailsCostObjectCstType-arrow\"]"}
RESULT: {}
RESULT: {"using":"xpath","value":"//*[@id=\"application-manageyards-display-component---NewYard--addressEditDetailsCostObjectCstType-arrow\"]"}
COMMAND: POST /session/9e73e1aaedc70a27b9ed5aa1345374b1/element/f.5E45C3E070B80AFBDD66E7CC48C5F2D3.d.991F40FEFC235235412E2356FC1DA53B.e.705/click - {}
RESULT: {}
COMMAND: POST /session/9e73e1aaedc70a27b9ed5aa1345374b1/element - {"using":"xpath","value":"//span[contains(text(), \"Cost Center\")]"}
COMMAND: GET /session/9e73e1aaedc70a27b9ed5aa1345374b1/screenshot - {}
RESULT: {"using":"xpath","value":"//span[contains(text(), \"Cost Center\")]"}
COMMAND: POST /session/9e73e1aaedc70a27b9ed5aa1345374b1/element/f.5E45C3E070B80AFBDD66E7CC48C5F2D3.d.991F40FEFC235235412E2356FC1DA53B.e.706/click - {}
RESULT: {}
RESULT: {}
COMMAND: GET /session/9e73e1aaedc70a27b9ed5aa1345374b1/screenshot - {}
RESULT: {}
COMMAND: POST /session/9e73e1aaedc70a27b9ed5aa1345374b1/element - {"using":"xpath","value":"//span[@id=\"application-manageyards-display-component---NewYard--addressNewCostObjectCstID-vhi\"]"}
RESULT: {"using":"xpath","value":"//span[@id=\"application-manageyards-display-component---NewYard--addressNewCostObjectCstID-vhi\"]"}
COMMAND: POST /session/9e73e1aaedc70a27b9ed5aa1345374b1/execute/sync - {"script":"<script> [8489 bytes]","args":[{"element-6066-11e4-a52e-4f735466cecf":"f.5E45C3E070B80AFBDD66E7CC48C5F2D3.d.991F40FEFC235235412E2356FC1DA53B.e.710","ELEMENT":"f.5E45C3E070B80AFBDD66E7CC48C5F2D3.d.991F40FEFC235235412E2356FC1DA53B.e.710"}]}
RESULT: {"script":"<script> [8489 bytes]","args":[{"element-6066-11e4-a52e-4f735466cecf":"f.5E45C3E070B80AFBDD66E7CC48C5F2D3.d.991F40FEFC235235412E2356FC1DA53B.e.710","ELEMENT":"f.5E45C3E070B80AFBDD66E7CC48C5F2D3.d.991F40FEFC235235412E2356FC1DA53B.e.710"}]}
COMMAND: POST /session/9e73e1aaedc70a27b9ed5aa1345374b1/execute/async - {"script":"<script> [1562 bytes]","args":[{"selector":{"id":"application-manageyards-display-component---NewYard--addressNewCostObjectCstID-vhi"},"wdio_ui5_key":"applicationmanageyards-display-component---NewYard--addressNewCostObjectCstID-vhi"}]}
COMMAND: GET /session/9e73e1aaedc70a27b9ed5aa1345374b1/screenshot - {}
RESULT: {"script":"<script> [1562 bytes]","args":[{"selector":{"id":"application-manageyards-display-component---NewYard--addressNewCostObjectCstID-vhi"},"wdio_ui5_key":"applicationmanageyards-display-component---NewYard--addressNewCostObjectCstID-vhi"}]}
RESULT: undefined
COMMAND: POST /session/9e73e1aaedc70a27b9ed5aa1345374b1/element - {"using":"xpath","value":"//*[@id=\"application-manageyards-display-component---NewYard--addressNewCostObjectCstID-vhi\"]"}
RESULT: {}
RESULT: {"using":"xpath","value":"//*[@id=\"application-manageyards-display-component---NewYard--addressNewCostObjectCstID-vhi\"]"}
COMMAND: POST /session/9e73e1aaedc70a27b9ed5aa1345374b1/element/f.5E45C3E070B80AFBDD66E7CC48C5F2D3.d.991F40FEFC235235412E2356FC1DA53B.e.710/click - {}
RESULT: {}
COMMAND: GET /session/9e73e1aaedc70a27b9ed5aa1345374b1/screenshot - {}
RESULT: {}
COMMAND: POST /session/9e73e1aaedc70a27b9ed5aa1345374b1/execute/async - {"script":"<script> [1562 bytes]","args":[{"selector":{"controlType":"sap.m.SearchField","properties":{"placeholder":"Search"},"searchOpenDialogs":true,"interaction":{"idSuffix":"I"}},"wdio_ui5_key":"sapm.SearchField{\"placeholder\":\"Search\"}"}]}
RESULT: {"script":"<script> [1562 bytes]","args":[{"selector":{"controlType":"sap.m.SearchField","properties":{"placeholder":"Search"},"searchOpenDialogs":true,"interaction":{"idSuffix":"I"}},"wdio_ui5_key":"sapm.SearchField{\"placeholder\":\"Search\"}"}]}
RESULT: undefined
COMMAND: POST /session/9e73e1aaedc70a27b9ed5aa1345374b1/execute/async - {"script":"<script> [776 bytes]","args":[{"enterText":"bauh_b","selector":{"controlType":"sap.m.SearchField","properties":{"placeholder":"Search"},"searchOpenDialogs":true,"interaction":{"idSuffix":"I"}},"clearTextFirst":true,"interactionType":"ENTER_TEXT"}]}
RESULT: {"script":"<script> [776 bytes]","args":[{"enterText":"bauh_b","selector":{"controlType":"sap.m.SearchField","properties":{"placeholder":"Search"},"searchOpenDialogs":true,"interaction":{"idSuffix":"I"}},"clearTextFirst":true,"interactionType":"ENTER_TEXT"}]}
COMMAND: POST /session/9e73e1aaedc70a27b9ed5aa1345374b1/actions - {"actions":[{"id":"action1","type":"key","parameters":{},"actions":[{"type":"keyDown","value":""},{"type":"pause","duration":10},{"type":"keyUp","value":""}]}]}
RESULT: {"actions":[{"id":"action1","type":"key","parameters":{},"actions":[{"type":"keyDown","value":""},{"type":"pause","duration":10},{"type":"keyUp","value":""}]}]}
COMMAND: GET /session/9e73e1aaedc70a27b9ed5aa1345374b1/screenshot - {}
RESULT: {}
COMMAND: POST /session/9e73e1aaedc70a27b9ed5aa1345374b1/element - {"using":"xpath","value":"//span[contains(text(), \"Demo Yard\")]"}
RESULT: {"using":"xpath","value":"//span[contains(text(), \"Demo Yard\")]"}
COMMAND: POST /session/9e73e1aaedc70a27b9ed5aa1345374b1/element/f.5E45C3E070B80AFBDD66E7CC48C5F2D3.d.991F40FEFC235235412E2356FC1DA53B.e.751/click - {}
RESULT: {}
COMMAND: GET /session/9e73e1aaedc70a27b9ed5aa1345374b1/screenshot - {}
RESULT: {}
COMMAND: POST /session/9e73e1aaedc70a27b9ed5aa1345374b1/element - {"using":"xpath","value":"//bdi[contains(text(), \"OK\")]"}
RESULT: {"using":"xpath","value":"//bdi[contains(text(), \"OK\")]"}
COMMAND: POST /session/9e73e1aaedc70a27b9ed5aa1345374b1/element/f.5E45C3E070B80AFBDD66E7CC48C5F2D3.d.991F40FEFC235235412E2356FC1DA53B.e.752/click - {}
RESULT: {}
COMMAND: GET /session/9e73e1aaedc70a27b9ed5aa1345374b1/screenshot - {}
RESULT: {}
COMMAND: POST /session/9e73e1aaedc70a27b9ed5aa1345374b1/execute/async - {"script":"<script> [1562 bytes]","args":[{"selector":{"id":"application-manageyards-display-component---NewYard--addressEditDetailsCurrency-arrow"},"wdio_ui5_key":"applicationmanageyards-display-component---NewYard--addressEditDetailsCurrency-arrow"}]}
RESULT: {"script":"<script> [1562 bytes]","args":[{"selector":{"id":"application-manageyards-display-component---NewYard--addressEditDetailsCurrency-arrow"},"wdio_ui5_key":"applicationmanageyards-display-component---NewYard--addressEditDetailsCurrency-arrow"}]}
RESULT: undefined
COMMAND: POST /session/9e73e1aaedc70a27b9ed5aa1345374b1/element - {"using":"xpath","value":"//*[@id=\"application-manageyards-display-component---NewYard--addressEditDetailsCurrency-arrow\"]"}
RESULT: {"using":"xpath","value":"//*[@id=\"application-manageyards-display-component---NewYard--addressEditDetailsCurrency-arrow\"]"}
COMMAND: POST /session/9e73e1aaedc70a27b9ed5aa1345374b1/element/f.5E45C3E070B80AFBDD66E7CC48C5F2D3.d.991F40FEFC235235412E2356FC1DA53B.e.755/click - {}
RESULT: {}
COMMAND: POST /session/9e73e1aaedc70a27b9ed5aa1345374b1/element - {"using":"xpath","value":"//span[contains(text(), \"Euro\")]"}
COMMAND: GET /session/9e73e1aaedc70a27b9ed5aa1345374b1/screenshot - {}
RESULT: {"using":"xpath","value":"//span[contains(text(), \"Euro\")]"}
COMMAND: POST /session/9e73e1aaedc70a27b9ed5aa1345374b1/element/f.5E45C3E070B80AFBDD66E7CC48C5F2D3.d.991F40FEFC235235412E2356FC1DA53B.e.756/click - {}
RESULT: {}
RESULT: {}
COMMAND: POST /session/9e73e1aaedc70a27b9ed5aa1345374b1/execute/async - {"script":"<script> [1562 bytes]","args":[{"selector":{"controlType":"sap.m.Input","viewName":"etm.portal.ui.manageyards.view.New","viewId":"application-manageyards-display-component---NewYard","bindingPath":{"path":"","propertyPath":"/CONTROLLING_AREA","modelName":"NewYardModel"},"interaction":{"idSuffix":"inner"}},"wdio_ui5_key":"etmportal.ui.manageyards.view.Newsap.m.Input{\"path\":\"\",\"propertyPath\":\"/CONTROLLING_AREA\",\"modelName\":\"NewYardModel\"}"}]}
COMMAND: GET /session/9e73e1aaedc70a27b9ed5aa1345374b1/screenshot - {}
RESULT: {"script":"<script> [1562 bytes]","args":[{"selector":{"controlType":"sap.m.Input","viewName":"etm.portal.ui.manageyards.view.New","viewId":"application-manageyards-display-component---NewYard","bindingPath":{"path":"","propertyPath":"/CONTROLLING_AREA","modelName":"NewYardModel"},"interaction":{"idSuffix":"inner"}},"wdio_ui5_key":"etmportal.ui.manageyards.view.Newsap.m.Input{\"path\":\"\",\"propertyPath\":\"/CONTROLLING_AREA\",\"modelName\":\"NewYardModel\"}"}]}
RESULT: undefined
COMMAND: POST /session/9e73e1aaedc70a27b9ed5aa1345374b1/execute/async - {"script":"<script> [776 bytes]","args":[{"enterText":"Z001","selector":{"controlType":"sap.m.Input","viewName":"etm.portal.ui.manageyards.view.New","viewId":"application-manageyards-display-component---NewYard","bindingPath":{"path":"","propertyPath":"/CONTROLLING_AREA","modelName":"NewYardModel"},"interaction":{"idSuffix":"inner"}},"clearTextFirst":true,"interactionType":"ENTER_TEXT"}]}
RESULT: {}
RESULT: {"script":"<script> [776 bytes]","args":[{"enterText":"Z001","selector":{"controlType":"sap.m.Input","viewName":"etm.portal.ui.manageyards.view.New","viewId":"application-manageyards-display-component---NewYard","bindingPath":{"path":"","propertyPath":"/CONTROLLING_AREA","modelName":"NewYardModel"},"interaction":{"idSuffix":"inner"}},"clearTextFirst":true,"interactionType":"ENTER_TEXT"}]}
COMMAND: POST /session/9e73e1aaedc70a27b9ed5aa1345374b1/execute/async - {"script":"<script> [1562 bytes]","args":[{"selector":{"id":"application-manageyards-display-component---NewYard--companyCodeComboBox","interaction":{"idSuffix":"inner"}},"wdio_ui5_key":"applicationmanageyards-display-component---NewYard--companyCodeComboBox"}]}
RESULT: {"script":"<script> [1562 bytes]","args":[{"selector":{"id":"application-manageyards-display-component---NewYard--companyCodeComboBox","interaction":{"idSuffix":"inner"}},"wdio_ui5_key":"applicationmanageyards-display-component---NewYard--companyCodeComboBox"}]}
RESULT: undefined
COMMAND: POST /session/9e73e1aaedc70a27b9ed5aa1345374b1/execute/async - {"script":"<script> [776 bytes]","args":[{"enterText":"1000","selector":{"id":"application-manageyards-display-component---NewYard--companyCodeComboBox","interaction":{"idSuffix":"inner"}},"clearTextFirst":true,"interactionType":"ENTER_TEXT"}]}
RESULT: {"script":"<script> [776 bytes]","args":[{"enterText":"1000","selector":{"id":"application-manageyards-display-component---NewYard--companyCodeComboBox","interaction":{"idSuffix":"inner"}},"clearTextFirst":true,"interactionType":"ENTER_TEXT"}]}
COMMAND: POST /session/9e73e1aaedc70a27b9ed5aa1345374b1/execute/async - {"script":"<script> [1562 bytes]","args":[{"selector":{"controlType":"sap.m.Input","viewName":"etm.portal.ui.manageyards.view.New","viewId":"application-manageyards-display-component---NewYard","bindingPath":{"path":"","propertyPath":"/PLANT","modelName":"NewYardModel"},"interaction":{"idSuffix":"inner"}},"wdio_ui5_key":"etmportal.ui.manageyards.view.Newsap.m.Input{\"path\":\"\",\"propertyPath\":\"/PLANT\",\"modelName\":\"NewYardModel\"}"}]}
RESULT: {"script":"<script> [1562 bytes]","args":[{"selector":{"controlType":"sap.m.Input","viewName":"etm.portal.ui.manageyards.view.New","viewId":"application-manageyards-display-component---NewYard","bindingPath":{"path":"","propertyPath":"/PLANT","modelName":"NewYardModel"},"interaction":{"idSuffix":"inner"}},"wdio_ui5_key":"etmportal.ui.manageyards.view.Newsap.m.Input{\"path\":\"\",\"propertyPath\":\"/PLANT\",\"modelName\":\"NewYardModel\"}"}]}
RESULT: undefined
COMMAND: POST /session/9e73e1aaedc70a27b9ed5aa1345374b1/execute/async - {"script":"<script> [776 bytes]","args":[{"enterText":"1001","selector":{"controlType":"sap.m.Input","viewName":"etm.portal.ui.manageyards.view.New","viewId":"application-manageyards-display-component---NewYard","bindingPath":{"path":"","propertyPath":"/PLANT","modelName":"NewYardModel"},"interaction":{"idSuffix":"inner"}},"clearTextFirst":true,"interactionType":"ENTER_TEXT"}]}
RESULT: {"script":"<script> [776 bytes]","args":[{"enterText":"1001","selector":{"controlType":"sap.m.Input","viewName":"etm.portal.ui.manageyards.view.New","viewId":"application-manageyards-display-component---NewYard","bindingPath":{"path":"","propertyPath":"/PLANT","modelName":"NewYardModel"},"interaction":{"idSuffix":"inner"}},"clearTextFirst":true,"interactionType":"ENTER_TEXT"}]}
COMMAND: POST /session/9e73e1aaedc70a27b9ed5aa1345374b1/execute/async - {"script":"<script> [1562 bytes]","args":[{"selector":{"controlType":"sap.m.Input","viewName":"etm.portal.ui.manageyards.view.New","viewId":"application-manageyards-display-component---NewYard","bindingPath":{"path":"","propertyPath":"/SALES_AREA_VKORG","modelName":"NewYardModel"},"interaction":{"idSuffix":"inner"}},"wdio_ui5_key":"etmportal.ui.manageyards.view.Newsap.m.Input{\"path\":\"\",\"propertyPath\":\"/SALES_AREA_VKORG\",\"modelName\":\"NewYardModel\"}"}]}
RESULT: {"script":"<script> [1562 bytes]","args":[{"selector":{"controlType":"sap.m.Input","viewName":"etm.portal.ui.manageyards.view.New","viewId":"application-manageyards-display-component---NewYard","bindingPath":{"path":"","propertyPath":"/SALES_AREA_VKORG","modelName":"NewYardModel"},"interaction":{"idSuffix":"inner"}},"wdio_ui5_key":"etmportal.ui.manageyards.view.Newsap.m.Input{\"path\":\"\",\"propertyPath\":\"/SALES_AREA_VKORG\",\"modelName\":\"NewYardModel\"}"}]}
RESULT: undefined
COMMAND: POST /session/9e73e1aaedc70a27b9ed5aa1345374b1/execute/async - {"script":"<script> [776 bytes]","args":[{"enterText":"C002","selector":{"controlType":"sap.m.Input","viewName":"etm.portal.ui.manageyards.view.New","viewId":"application-manageyards-display-component---NewYard","bindingPath":{"path":"","propertyPath":"/SALES_AREA_VKORG","modelName":"NewYardModel"},"interaction":{"idSuffix":"inner"}},"clearTextFirst":true,"interactionType":"ENTER_TEXT"}]}
RESULT: {"script":"<script> [776 bytes]","args":[{"enterText":"C002","selector":{"controlType":"sap.m.Input","viewName":"etm.portal.ui.manageyards.view.New","viewId":"application-manageyards-display-component---NewYard","bindingPath":{"path":"","propertyPath":"/SALES_AREA_VKORG","modelName":"NewYardModel"},"interaction":{"idSuffix":"inner"}},"clearTextFirst":true,"interactionType":"ENTER_TEXT"}]}
COMMAND: POST /session/9e73e1aaedc70a27b9ed5aa1345374b1/execute/async - {"script":"<script> [1562 bytes]","args":[{"selector":{"controlType":"sap.m.Input","viewName":"etm.portal.ui.manageyards.view.New","viewId":"application-manageyards-display-component---NewYard","bindingPath":{"path":"","propertyPath":"/SALES_AREA_VTWEG","modelName":"NewYardModel"},"interaction":{"idSuffix":"inner"}},"wdio_ui5_key":"etmportal.ui.manageyards.view.Newsap.m.Input{\"path\":\"\",\"propertyPath\":\"/SALES_AREA_VTWEG\",\"modelName\":\"NewYardModel\"}"}]}
RESULT: {"script":"<script> [1562 bytes]","args":[{"selector":{"controlType":"sap.m.Input","viewName":"etm.portal.ui.manageyards.view.New","viewId":"application-manageyards-display-component---NewYard","bindingPath":{"path":"","propertyPath":"/SALES_AREA_VTWEG","modelName":"NewYardModel"},"interaction":{"idSuffix":"inner"}},"wdio_ui5_key":"etmportal.ui.manageyards.view.Newsap.m.Input{\"path\":\"\",\"propertyPath\":\"/SALES_AREA_VTWEG\",\"modelName\":\"NewYardModel\"}"}]}
RESULT: undefined
COMMAND: POST /session/9e73e1aaedc70a27b9ed5aa1345374b1/execute/async - {"script":"<script> [776 bytes]","args":[{"enterText":"C2","selector":{"controlType":"sap.m.Input","viewName":"etm.portal.ui.manageyards.view.New","viewId":"application-manageyards-display-component---NewYard","bindingPath":{"path":"","propertyPath":"/SALES_AREA_VTWEG","modelName":"NewYardModel"},"interaction":{"idSuffix":"inner"}},"clearTextFirst":true,"interactionType":"ENTER_TEXT"}]}
RESULT: {"script":"<script> [776 bytes]","args":[{"enterText":"C2","selector":{"controlType":"sap.m.Input","viewName":"etm.portal.ui.manageyards.view.New","viewId":"application-manageyards-display-component---NewYard","bindingPath":{"path":"","propertyPath":"/SALES_AREA_VTWEG","modelName":"NewYardModel"},"interaction":{"idSuffix":"inner"}},"clearTextFirst":true,"interactionType":"ENTER_TEXT"}]}
COMMAND: POST /session/9e73e1aaedc70a27b9ed5aa1345374b1/execute/async - {"script":"<script> [1562 bytes]","args":[{"selector":{"controlType":"sap.m.Input","viewName":"etm.portal.ui.manageyards.view.New","viewId":"application-manageyards-display-component---NewYard","bindingPath":{"path":"","propertyPath":"/SALES_AREA_SPART","modelName":"NewYardModel"},"interaction":{"idSuffix":"inner"}},"wdio_ui5_key":"etmportal.ui.manageyards.view.Newsap.m.Input{\"path\":\"\",\"propertyPath\":\"/SALES_AREA_SPART\",\"modelName\":\"NewYardModel\"}"}]}
RESULT: {"script":"<script> [1562 bytes]","args":[{"selector":{"controlType":"sap.m.Input","viewName":"etm.portal.ui.manageyards.view.New","viewId":"application-manageyards-display-component---NewYard","bindingPath":{"path":"","propertyPath":"/SALES_AREA_SPART","modelName":"NewYardModel"},"interaction":{"idSuffix":"inner"}},"wdio_ui5_key":"etmportal.ui.manageyards.view.Newsap.m.Input{\"path\":\"\",\"propertyPath\":\"/SALES_AREA_SPART\",\"modelName\":\"NewYardModel\"}"}]}
RESULT: undefined
COMMAND: POST /session/9e73e1aaedc70a27b9ed5aa1345374b1/execute/async - {"script":"<script> [776 bytes]","args":[{"enterText":"C2","selector":{"controlType":"sap.m.Input","viewName":"etm.portal.ui.manageyards.view.New","viewId":"application-manageyards-display-component---NewYard","bindingPath":{"path":"","propertyPath":"/SALES_AREA_SPART","modelName":"NewYardModel"},"interaction":{"idSuffix":"inner"}},"clearTextFirst":true,"interactionType":"ENTER_TEXT"}]}
RESULT: {"script":"<script> [776 bytes]","args":[{"enterText":"C2","selector":{"controlType":"sap.m.Input","viewName":"etm.portal.ui.manageyards.view.New","viewId":"application-manageyards-display-component---NewYard","bindingPath":{"path":"","propertyPath":"/SALES_AREA_SPART","modelName":"NewYardModel"},"interaction":{"idSuffix":"inner"}},"clearTextFirst":true,"interactionType":"ENTER_TEXT"}]}
COMMAND: POST /session/9e73e1aaedc70a27b9ed5aa1345374b1/execute/async - {"script":"<script> [1562 bytes]","args":[{"selector":{"controlType":"sap.m.Input","viewName":"etm.portal.ui.manageyards.view.New","viewId":"application-manageyards-display-component---NewYard","bindingPath":{"path":"","propertyPath":"/SHIP_POINT","modelName":"NewYardModel"},"interaction":{"idSuffix":"inner"}},"wdio_ui5_key":"etmportal.ui.manageyards.view.Newsap.m.Input{\"path\":\"\",\"propertyPath\":\"/SHIP_POINT\",\"modelName\":\"NewYardModel\"}"}]}
RESULT: {"script":"<script> [1562 bytes]","args":[{"selector":{"controlType":"sap.m.Input","viewName":"etm.portal.ui.manageyards.view.New","viewId":"application-manageyards-display-component---NewYard","bindingPath":{"path":"","propertyPath":"/SHIP_POINT","modelName":"NewYardModel"},"interaction":{"idSuffix":"inner"}},"wdio_ui5_key":"etmportal.ui.manageyards.view.Newsap.m.Input{\"path\":\"\",\"propertyPath\":\"/SHIP_POINT\",\"modelName\":\"NewYardModel\"}"}]}
RESULT: undefined
COMMAND: POST /session/9e73e1aaedc70a27b9ed5aa1345374b1/execute/async - {"script":"<script> [776 bytes]","args":[{"enterText":"1710","selector":{"controlType":"sap.m.Input","viewName":"etm.portal.ui.manageyards.view.New","viewId":"application-manageyards-display-component---NewYard","bindingPath":{"path":"","propertyPath":"/SHIP_POINT","modelName":"NewYardModel"},"interaction":{"idSuffix":"inner"}},"clearTextFirst":true,"interactionType":"ENTER_TEXT"}]}
RESULT: {"script":"<script> [776 bytes]","args":[{"enterText":"1710","selector":{"controlType":"sap.m.Input","viewName":"etm.portal.ui.manageyards.view.New","viewId":"application-manageyards-display-component---NewYard","bindingPath":{"path":"","propertyPath":"/SHIP_POINT","modelName":"NewYardModel"},"interaction":{"idSuffix":"inner"}},"clearTextFirst":true,"interactionType":"ENTER_TEXT"}]}
COMMAND: POST /session/9e73e1aaedc70a27b9ed5aa1345374b1/execute/async - {"script":"<script> [1562 bytes]","args":[{"selector":{"controlType":"sap.m.Input","viewName":"etm.portal.ui.manageyards.view.New","viewId":"application-manageyards-display-component---NewYard","bindingPath":{"path":"","propertyPath":"/DELIVERY_TYPE","modelName":"NewYardModel"},"interaction":{"idSuffix":"inner"}},"wdio_ui5_key":"etmportal.ui.manageyards.view.Newsap.m.Input{\"path\":\"\",\"propertyPath\":\"/DELIVERY_TYPE\",\"modelName\":\"NewYardModel\"}"}]}
RESULT: {"script":"<script> [1562 bytes]","args":[{"selector":{"controlType":"sap.m.Input","viewName":"etm.portal.ui.manageyards.view.New","viewId":"application-manageyards-display-component---NewYard","bindingPath":{"path":"","propertyPath":"/DELIVERY_TYPE","modelName":"NewYardModel"},"interaction":{"idSuffix":"inner"}},"wdio_ui5_key":"etmportal.ui.manageyards.view.Newsap.m.Input{\"path\":\"\",\"propertyPath\":\"/DELIVERY_TYPE\",\"modelName\":\"NewYardModel\"}"}]}
RESULT: undefined
COMMAND: POST /session/9e73e1aaedc70a27b9ed5aa1345374b1/execute/async - {"script":"<script> [776 bytes]","args":[{"enterText":"ZL01","selector":{"controlType":"sap.m.Input","viewName":"etm.portal.ui.manageyards.view.New","viewId":"application-manageyards-display-component---NewYard","bindingPath":{"path":"","propertyPath":"/DELIVERY_TYPE","modelName":"NewYardModel"},"interaction":{"idSuffix":"inner"}},"clearTextFirst":true,"interactionType":"ENTER_TEXT"}]}
RESULT: {"script":"<script> [776 bytes]","args":[{"enterText":"ZL01","selector":{"controlType":"sap.m.Input","viewName":"etm.portal.ui.manageyards.view.New","viewId":"application-manageyards-display-component---NewYard","bindingPath":{"path":"","propertyPath":"/DELIVERY_TYPE","modelName":"NewYardModel"},"interaction":{"idSuffix":"inner"}},"clearTextFirst":true,"interactionType":"ENTER_TEXT"}]}
COMMAND: POST /session/9e73e1aaedc70a27b9ed5aa1345374b1/execute/async - {"script":"<script> [1562 bytes]","args":[{"selector":{"controlType":"sap.m.Input","viewName":"etm.portal.ui.manageyards.view.New","viewId":"application-manageyards-display-component---NewYard","bindingPath":{"path":"","propertyPath":"/AUART","modelName":"NewYardModel"},"interaction":{"idSuffix":"inner"}},"wdio_ui5_key":"etmportal.ui.manageyards.view.Newsap.m.Input{\"path\":\"\",\"propertyPath\":\"/AUART\",\"modelName\":\"NewYardModel\"}"}]}
RESULT: {"script":"<script> [1562 bytes]","args":[{"selector":{"controlType":"sap.m.Input","viewName":"etm.portal.ui.manageyards.view.New","viewId":"application-manageyards-display-component---NewYard","bindingPath":{"path":"","propertyPath":"/AUART","modelName":"NewYardModel"},"interaction":{"idSuffix":"inner"}},"wdio_ui5_key":"etmportal.ui.manageyards.view.Newsap.m.Input{\"path\":\"\",\"propertyPath\":\"/AUART\",\"modelName\":\"NewYardModel\"}"}]}
RESULT: undefined
COMMAND: POST /session/9e73e1aaedc70a27b9ed5aa1345374b1/execute/async - {"script":"<script> [776 bytes]","args":[{"enterText":"TA","selector":{"controlType":"sap.m.Input","viewName":"etm.portal.ui.manageyards.view.New","viewId":"application-manageyards-display-component---NewYard","bindingPath":{"path":"","propertyPath":"/AUART","modelName":"NewYardModel"},"interaction":{"idSuffix":"inner"}},"clearTextFirst":true,"interactionType":"ENTER_TEXT"}]}
RESULT: {"script":"<script> [776 bytes]","args":[{"enterText":"TA","selector":{"controlType":"sap.m.Input","viewName":"etm.portal.ui.manageyards.view.New","viewId":"application-manageyards-display-component---NewYard","bindingPath":{"path":"","propertyPath":"/AUART","modelName":"NewYardModel"},"interaction":{"idSuffix":"inner"}},"clearTextFirst":true,"interactionType":"ENTER_TEXT"}]}
COMMAND: POST /session/9e73e1aaedc70a27b9ed5aa1345374b1/element - {"using":"xpath","value":"//button[@data-kt=\"newYardSaveButton\"]"}
RESULT: {"using":"xpath","value":"//button[@data-kt=\"newYardSaveButton\"]"}
COMMAND: POST /session/9e73e1aaedc70a27b9ed5aa1345374b1/element/f.5E45C3E070B80AFBDD66E7CC48C5F2D3.d.991F40FEFC235235412E2356FC1DA53B.e.663/click - {}
RESULT: {}
COMMAND: GET /session/9e73e1aaedc70a27b9ed5aa1345374b1/screenshot - {}
RESULT: {}
COMMAND: POST /session/9e73e1aaedc70a27b9ed5aa1345374b1/element - {"using":"xpath","value":"//header[contains(@id, 'ObjectPageLayout-headerTitle')]/div[1]/div[2]/div[1]/span[1]"}
RESULT: {"using":"xpath","value":"//header[contains(@id, 'ObjectPageLayout-headerTitle')]/div[1]/div[2]/div[1]/span[1]"}
COMMAND: POST /session/9e73e1aaedc70a27b9ed5aa1345374b1/elements - {"using":"xpath","value":"//header[contains(@id, 'ObjectPageLayout-headerTitle')]/div[1]/div[2]/div[1]/span[1]"}
RESULT: {"using":"xpath","value":"//header[contains(@id, 'ObjectPageLayout-headerTitle')]/div[1]/div[2]/div[1]/span[1]"}
COMMAND: POST /session/9e73e1aaedc70a27b9ed5aa1345374b1/execute/sync - {"script":"<script> [56 bytes]","args":[{"element-6066-11e4-a52e-4f735466cecf":"f.5E45C3E070B80AFBDD66E7CC48C5F2D3.d.991F40FEFC235235412E2356FC1DA53B.e.975","ELEMENT":"f.5E45C3E070B80AFBDD66E7CC48C5F2D3.d.991F40FEFC235235412E2356FC1DA53B.e.975"}]}
RESULT: {"script":"<script> [56 bytes]","args":[{"element-6066-11e4-a52e-4f735466cecf":"f.5E45C3E070B80AFBDD66E7CC48C5F2D3.d.991F40FEFC235235412E2356FC1DA53B.e.975","ELEMENT":"f.5E45C3E070B80AFBDD66E7CC48C5F2D3.d.991F40FEFC235235412E2356FC1DA53B.e.975"}]}
COMMAND: GET /session/9e73e1aaedc70a27b9ed5aa1345374b1/screenshot - {}
RESULT: {}
COMMAND: POST /session/9e73e1aaedc70a27b9ed5aa1345374b1/element - {"using":"css selector","value":"#shell-header-logo"}
RESULT: {"using":"css selector","value":"#shell-header-logo"}
COMMAND: POST /session/9e73e1aaedc70a27b9ed5aa1345374b1/element/f.5E45C3E070B80AFBDD66E7CC48C5F2D3.d.991F40FEFC235235412E2356FC1DA53B.e.231/click - {}
RESULT: {}
COMMAND: GET /session/9e73e1aaedc70a27b9ed5aa1345374b1/screenshot - {}
RESULT: {}
COMMAND: POST /session/9e73e1aaedc70a27b9ed5aa1345374b1/execute/sync - {"script":"<script> [299 bytes]","args":[["getModel","getResource"]]}
RESULT: {"script":"<script> [299 bytes]","args":[["getModel","getResource"]]}
]]></system-out>
    </testcase>
    <testcase classname="chrome.136_0_7103_93.windows.Create_masterdata_for_Yard_Overview_-_trigger_provide_US130988" name="Should create a new external partner" time="96.108">
      <system-out><![CDATA[
COMMAND: GET /session/9e73e1aaedc70a27b9ed5aa1345374b1/screenshot - {}
COMMAND: POST /session/9e73e1aaedc70a27b9ed5aa1345374b1/window/fullscreen - {}
RESULT: {}
RESULT: {}
COMMAND: POST /session/9e73e1aaedc70a27b9ed5aa1345374b1/execute/async - {"script":"<script> [1562 bytes]","args":[{"selector":{"controlType":"sap.m.GenericTile","properties":{"header":"Manage Partners"}},"wdio_ui5_key":"sapm.GenericTile{\"header\":\"Manage Partners\"}"}]}
RESULT: {"script":"<script> [1562 bytes]","args":[{"selector":{"controlType":"sap.m.GenericTile","properties":{"header":"Manage Partners"}},"wdio_ui5_key":"sapm.GenericTile{\"header\":\"Manage Partners\"}"}]}
RESULT: undefined
COMMAND: POST /session/9e73e1aaedc70a27b9ed5aa1345374b1/element - {"using":"xpath","value":"//*[@id=\"__tile38\"]"}
RESULT: {"using":"xpath","value":"//*[@id=\"__tile38\"]"}
COMMAND: POST /session/9e73e1aaedc70a27b9ed5aa1345374b1/element/f.5E45C3E070B80AFBDD66E7CC48C5F2D3.d.991F40FEFC235235412E2356FC1DA53B.e.118/click - {}
RESULT: {}
COMMAND: GET /session/9e73e1aaedc70a27b9ed5aa1345374b1/screenshot - {}
RESULT: {}
COMMAND: POST /session/9e73e1aaedc70a27b9ed5aa1345374b1/elements - {"using":"xpath","value":"//span[text()='Error']"}
RESULT: {"using":"xpath","value":"//span[text()='Error']"}
COMMAND: POST /session/9e73e1aaedc70a27b9ed5aa1345374b1/element - {"using":"xpath","value":"//button[@data-kt=\"addButton\"]"}
RESULT: {"using":"xpath","value":"//button[@data-kt=\"addButton\"]"}
COMMAND: POST /session/9e73e1aaedc70a27b9ed5aa1345374b1/elements - {"using":"xpath","value":"//button[@data-kt=\"addButton\"]"}
RESULT: {"using":"xpath","value":"//button[@data-kt=\"addButton\"]"}
COMMAND: POST /session/9e73e1aaedc70a27b9ed5aa1345374b1/execute/sync - {"script":"<script> [8489 bytes]","args":[{"element-6066-11e4-a52e-4f735466cecf":"f.5E45C3E070B80AFBDD66E7CC48C5F2D3.d.991F40FEFC235235412E2356FC1DA53B.e.1023","ELEMENT":"f.5E45C3E070B80AFBDD66E7CC48C5F2D3.d.991F40FEFC235235412E2356FC1DA53B.e.1023"}]}
RESULT: {"script":"<script> [8489 bytes]","args":[{"element-6066-11e4-a52e-4f735466cecf":"f.5E45C3E070B80AFBDD66E7CC48C5F2D3.d.991F40FEFC235235412E2356FC1DA53B.e.1023","ELEMENT":"f.5E45C3E070B80AFBDD66E7CC48C5F2D3.d.991F40FEFC235235412E2356FC1DA53B.e.1023"}]}
COMMAND: GET /session/9e73e1aaedc70a27b9ed5aa1345374b1/element/f.5E45C3E070B80AFBDD66E7CC48C5F2D3.d.991F40FEFC235235412E2356FC1DA53B.e.1023/enabled - {}
COMMAND: GET /session/9e73e1aaedc70a27b9ed5aa1345374b1/screenshot - {}
RESULT: {}
COMMAND: POST /session/9e73e1aaedc70a27b9ed5aa1345374b1/execute/sync - {"script":"<script> [8489 bytes]","args":[{"element-6066-11e4-a52e-4f735466cecf":"f.5E45C3E070B80AFBDD66E7CC48C5F2D3.d.991F40FEFC235235412E2356FC1DA53B.e.1023","ELEMENT":"f.5E45C3E070B80AFBDD66E7CC48C5F2D3.d.991F40FEFC235235412E2356FC1DA53B.e.1023"}]}
COMMAND: GET /session/9e73e1aaedc70a27b9ed5aa1345374b1/screenshot - {}
RESULT: {}
RESULT: {"script":"<script> [8489 bytes]","args":[{"element-6066-11e4-a52e-4f735466cecf":"f.5E45C3E070B80AFBDD66E7CC48C5F2D3.d.991F40FEFC235235412E2356FC1DA53B.e.1023","ELEMENT":"f.5E45C3E070B80AFBDD66E7CC48C5F2D3.d.991F40FEFC235235412E2356FC1DA53B.e.1023"}]}
COMMAND: POST /session/9e73e1aaedc70a27b9ed5aa1345374b1/execute/sync - {"script":"<script> [5351 bytes]","args":[{"element-6066-11e4-a52e-4f735466cecf":"f.5E45C3E070B80AFBDD66E7CC48C5F2D3.d.991F40FEFC235235412E2356FC1DA53B.e.1023","ELEMENT":"f.5E45C3E070B80AFBDD66E7CC48C5F2D3.d.991F40FEFC235235412E2356FC1DA53B.e.1023"}]}
COMMAND: GET /session/9e73e1aaedc70a27b9ed5aa1345374b1/screenshot - {}
RESULT: {}
RESULT: {"script":"<script> [5351 bytes]","args":[{"element-6066-11e4-a52e-4f735466cecf":"f.5E45C3E070B80AFBDD66E7CC48C5F2D3.d.991F40FEFC235235412E2356FC1DA53B.e.1023","ELEMENT":"f.5E45C3E070B80AFBDD66E7CC48C5F2D3.d.991F40FEFC235235412E2356FC1DA53B.e.1023"}]}
COMMAND: POST /session/9e73e1aaedc70a27b9ed5aa1345374b1/element/f.5E45C3E070B80AFBDD66E7CC48C5F2D3.d.991F40FEFC235235412E2356FC1DA53B.e.1023/click - {}
COMMAND: GET /session/9e73e1aaedc70a27b9ed5aa1345374b1/screenshot - {}
RESULT: {}
RESULT: {}
COMMAND: GET /session/9e73e1aaedc70a27b9ed5aa1345374b1/screenshot - {}
COMMAND: POST /session/9e73e1aaedc70a27b9ed5aa1345374b1/execute/async - {"script":"<script> [1562 bytes]","args":[{"selector":{"id":"application-managepartners-display-component---NewPartner--addressDetailDetailsName1","interaction":{"idSuffix":"inner"}},"wdio_ui5_key":"applicationmanagepartners-display-component---NewPartner--addressDetailDetailsName1"}]}
RESULT: {}
RESULT: {}
RESULT: {"script":"<script> [1562 bytes]","args":[{"selector":{"id":"application-managepartners-display-component---NewPartner--addressDetailDetailsName1","interaction":{"idSuffix":"inner"}},"wdio_ui5_key":"applicationmanagepartners-display-component---NewPartner--addressDetailDetailsName1"}]}
RESULT: undefined
COMMAND: POST /session/9e73e1aaedc70a27b9ed5aa1345374b1/execute/async - {"script":"<script> [776 bytes]","args":[{"enterText":"External Partner WDIO","selector":{"id":"application-managepartners-display-component---NewPartner--addressDetailDetailsName1","interaction":{"idSuffix":"inner"}},"clearTextFirst":true,"interactionType":"ENTER_TEXT"}]}
RESULT: {"script":"<script> [776 bytes]","args":[{"enterText":"External Partner WDIO","selector":{"id":"application-managepartners-display-component---NewPartner--addressDetailDetailsName1","interaction":{"idSuffix":"inner"}},"clearTextFirst":true,"interactionType":"ENTER_TEXT"}]}
COMMAND: POST /session/9e73e1aaedc70a27b9ed5aa1345374b1/execute/async - {"script":"<script> [1562 bytes]","args":[{"selector":{"id":"application-managepartners-display-component---NewPartner--addressDetailDetailsLanguage-arrow"},"wdio_ui5_key":"applicationmanagepartners-display-component---NewPartner--addressDetailDetailsLanguage-arrow"}]}
RESULT: {"script":"<script> [1562 bytes]","args":[{"selector":{"id":"application-managepartners-display-component---NewPartner--addressDetailDetailsLanguage-arrow"},"wdio_ui5_key":"applicationmanagepartners-display-component---NewPartner--addressDetailDetailsLanguage-arrow"}]}
RESULT: undefined
COMMAND: POST /session/9e73e1aaedc70a27b9ed5aa1345374b1/element - {"using":"xpath","value":"//*[@id=\"application-managepartners-display-component---NewPartner--addressDetailDetailsLanguage-arrow\"]"}
RESULT: {"using":"xpath","value":"//*[@id=\"application-managepartners-display-component---NewPartner--addressDetailDetailsLanguage-arrow\"]"}
COMMAND: POST /session/9e73e1aaedc70a27b9ed5aa1345374b1/element/f.5E45C3E070B80AFBDD66E7CC48C5F2D3.d.991F40FEFC235235412E2356FC1DA53B.e.1463/click - {}
RESULT: {}
COMMAND: POST /session/9e73e1aaedc70a27b9ed5aa1345374b1/element - {"using":"xpath","value":"//span[contains(text(), \"English\")]"}
COMMAND: GET /session/9e73e1aaedc70a27b9ed5aa1345374b1/screenshot - {}
RESULT: {"using":"xpath","value":"//span[contains(text(), \"English\")]"}
COMMAND: POST /session/9e73e1aaedc70a27b9ed5aa1345374b1/element/f.5E45C3E070B80AFBDD66E7CC48C5F2D3.d.991F40FEFC235235412E2356FC1DA53B.e.1464/click - {}
RESULT: {}
RESULT: {}
COMMAND: GET /session/9e73e1aaedc70a27b9ed5aa1345374b1/screenshot - {}
RESULT: {}
COMMAND: POST /session/9e73e1aaedc70a27b9ed5aa1345374b1/execute/async - {"script":"<script> [1562 bytes]","args":[{"selector":{"id":"application-managepartners-display-component---NewPartner--addressDetailDetailsCity1","interaction":{"idSuffix":"inner"}},"wdio_ui5_key":"applicationmanagepartners-display-component---NewPartner--addressDetailDetailsCity1"}]}
RESULT: {"script":"<script> [1562 bytes]","args":[{"selector":{"id":"application-managepartners-display-component---NewPartner--addressDetailDetailsCity1","interaction":{"idSuffix":"inner"}},"wdio_ui5_key":"applicationmanagepartners-display-component---NewPartner--addressDetailDetailsCity1"}]}
RESULT: undefined
COMMAND: POST /session/9e73e1aaedc70a27b9ed5aa1345374b1/execute/async - {"script":"<script> [776 bytes]","args":[{"enterText":"Rosario","selector":{"id":"application-managepartners-display-component---NewPartner--addressDetailDetailsCity1","interaction":{"idSuffix":"inner"}},"clearTextFirst":true,"interactionType":"ENTER_TEXT"}]}
RESULT: {"script":"<script> [776 bytes]","args":[{"enterText":"Rosario","selector":{"id":"application-managepartners-display-component---NewPartner--addressDetailDetailsCity1","interaction":{"idSuffix":"inner"}},"clearTextFirst":true,"interactionType":"ENTER_TEXT"}]}
COMMAND: POST /session/9e73e1aaedc70a27b9ed5aa1345374b1/execute/async - {"script":"<script> [1562 bytes]","args":[{"selector":{"id":"application-managepartners-display-component---NewPartner--addressDetailDetailsCountry-arrow"},"wdio_ui5_key":"applicationmanagepartners-display-component---NewPartner--addressDetailDetailsCountry-arrow"}]}
RESULT: {"script":"<script> [1562 bytes]","args":[{"selector":{"id":"application-managepartners-display-component---NewPartner--addressDetailDetailsCountry-arrow"},"wdio_ui5_key":"applicationmanagepartners-display-component---NewPartner--addressDetailDetailsCountry-arrow"}]}
RESULT: undefined
COMMAND: POST /session/9e73e1aaedc70a27b9ed5aa1345374b1/element - {"using":"xpath","value":"//*[@id=\"application-managepartners-display-component---NewPartner--addressDetailDetailsCountry-arrow\"]"}
RESULT: {"using":"xpath","value":"//*[@id=\"application-managepartners-display-component---NewPartner--addressDetailDetailsCountry-arrow\"]"}
COMMAND: POST /session/9e73e1aaedc70a27b9ed5aa1345374b1/element/f.5E45C3E070B80AFBDD66E7CC48C5F2D3.d.991F40FEFC235235412E2356FC1DA53B.e.1431/click - {}
RESULT: {}
COMMAND: POST /session/9e73e1aaedc70a27b9ed5aa1345374b1/element - {"using":"xpath","value":"//span[contains(text(), \"Argentina\")]"}
COMMAND: GET /session/9e73e1aaedc70a27b9ed5aa1345374b1/screenshot - {}
RESULT: {"using":"xpath","value":"//span[contains(text(), \"Argentina\")]"}
COMMAND: POST /session/9e73e1aaedc70a27b9ed5aa1345374b1/element/f.5E45C3E070B80AFBDD66E7CC48C5F2D3.d.991F40FEFC235235412E2356FC1DA53B.e.1466/click - {}
RESULT: {}
RESULT: {}
COMMAND: GET /session/9e73e1aaedc70a27b9ed5aa1345374b1/screenshot - {}
RESULT: {}
COMMAND: POST /session/9e73e1aaedc70a27b9ed5aa1345374b1/element - {"using":"xpath","value":"//bdi[contains(text(), \"Commercial\")]"}
RESULT: {"using":"xpath","value":"//bdi[contains(text(), \"Commercial\")]"}
COMMAND: POST /session/9e73e1aaedc70a27b9ed5aa1345374b1/element/f.5E45C3E070B80AFBDD66E7CC48C5F2D3.d.991F40FEFC235235412E2356FC1DA53B.e.1467/click - {}
RESULT: {}
COMMAND: GET /session/9e73e1aaedc70a27b9ed5aa1345374b1/screenshot - {}
RESULT: {}
COMMAND: POST /session/9e73e1aaedc70a27b9ed5aa1345374b1/execute/async - {"script":"<script> [1562 bytes]","args":[{"selector":{"id":"application-managepartners-display-component---NewPartner--partnerDetailInternal-arrow"},"wdio_ui5_key":"applicationmanagepartners-display-component---NewPartner--partnerDetailInternal-arrow"}]}
RESULT: {"script":"<script> [1562 bytes]","args":[{"selector":{"id":"application-managepartners-display-component---NewPartner--partnerDetailInternal-arrow"},"wdio_ui5_key":"applicationmanagepartners-display-component---NewPartner--partnerDetailInternal-arrow"}]}
RESULT: undefined
COMMAND: POST /session/9e73e1aaedc70a27b9ed5aa1345374b1/element - {"using":"xpath","value":"//*[@id=\"application-managepartners-display-component---NewPartner--partnerDetailInternal-arrow\"]"}
RESULT: {"using":"xpath","value":"//*[@id=\"application-managepartners-display-component---NewPartner--partnerDetailInternal-arrow\"]"}
COMMAND: POST /session/9e73e1aaedc70a27b9ed5aa1345374b1/element/f.5E45C3E070B80AFBDD66E7CC48C5F2D3.d.991F40FEFC235235412E2356FC1DA53B.e.1473/click - {}
RESULT: {}
COMMAND: POST /session/9e73e1aaedc70a27b9ed5aa1345374b1/element - {"using":"xpath","value":"//span[contains(text(), \"External partner\")]"}
COMMAND: GET /session/9e73e1aaedc70a27b9ed5aa1345374b1/screenshot - {}
RESULT: {"using":"xpath","value":"//span[contains(text(), \"External partner\")]"}
COMMAND: POST /session/9e73e1aaedc70a27b9ed5aa1345374b1/element/f.5E45C3E070B80AFBDD66E7CC48C5F2D3.d.991F40FEFC235235412E2356FC1DA53B.e.1476/click - {}
RESULT: {}
RESULT: {}
COMMAND: POST /session/9e73e1aaedc70a27b9ed5aa1345374b1/execute/async - {"script":"<script> [1562 bytes]","args":[{"selector":{"id":"application-managepartners-display-component---NewPartner--partnerDetailsCurrency-arrow"},"wdio_ui5_key":"applicationmanagepartners-display-component---NewPartner--partnerDetailsCurrency-arrow"}]}
COMMAND: GET /session/9e73e1aaedc70a27b9ed5aa1345374b1/screenshot - {}
RESULT: {"script":"<script> [1562 bytes]","args":[{"selector":{"id":"application-managepartners-display-component---NewPartner--partnerDetailsCurrency-arrow"},"wdio_ui5_key":"applicationmanagepartners-display-component---NewPartner--partnerDetailsCurrency-arrow"}]}
RESULT: undefined
COMMAND: POST /session/9e73e1aaedc70a27b9ed5aa1345374b1/element - {"using":"xpath","value":"//*[@id=\"application-managepartners-display-component---NewPartner--partnerDetailsCurrency-arrow\"]"}
RESULT: {}
RESULT: {"using":"xpath","value":"//*[@id=\"application-managepartners-display-component---NewPartner--partnerDetailsCurrency-arrow\"]"}
COMMAND: POST /session/9e73e1aaedc70a27b9ed5aa1345374b1/element/f.5E45C3E070B80AFBDD66E7CC48C5F2D3.d.991F40FEFC235235412E2356FC1DA53B.e.1481/click - {}
RESULT: {}
COMMAND: POST /session/9e73e1aaedc70a27b9ed5aa1345374b1/element - {"using":"xpath","value":"//span[contains(text(), \"US Dollar\")]"}
COMMAND: GET /session/9e73e1aaedc70a27b9ed5aa1345374b1/screenshot - {}
RESULT: {"using":"xpath","value":"//span[contains(text(), \"US Dollar\")]"}
COMMAND: POST /session/9e73e1aaedc70a27b9ed5aa1345374b1/element/f.5E45C3E070B80AFBDD66E7CC48C5F2D3.d.991F40FEFC235235412E2356FC1DA53B.e.1482/click - {}
RESULT: {}
RESULT: {}
COMMAND: GET /session/9e73e1aaedc70a27b9ed5aa1345374b1/screenshot - {}
RESULT: {}
COMMAND: POST /session/9e73e1aaedc70a27b9ed5aa1345374b1/element - {"using":"xpath","value":"//input[@id=\"application-managepartners-display-component---NewPartner--companyCodeComboBox-inner\"]"}
RESULT: {"using":"xpath","value":"//input[@id=\"application-managepartners-display-component---NewPartner--companyCodeComboBox-inner\"]"}
COMMAND: POST /session/9e73e1aaedc70a27b9ed5aa1345374b1/element/f.5E45C3E070B80AFBDD66E7CC48C5F2D3.d.991F40FEFC235235412E2356FC1DA53B.e.1325/clear - {}
RESULT: {}
COMMAND: POST /session/9e73e1aaedc70a27b9ed5aa1345374b1/element/f.5E45C3E070B80AFBDD66E7CC48C5F2D3.d.991F40FEFC235235412E2356FC1DA53B.e.1325/value - {"text":"C002"}
COMMAND: GET /session/9e73e1aaedc70a27b9ed5aa1345374b1/screenshot - {}
RESULT: {"text":"C002"}
COMMAND: GET /session/9e73e1aaedc70a27b9ed5aa1345374b1/screenshot - {}
RESULT: {}
RESULT: {}
COMMAND: POST /session/9e73e1aaedc70a27b9ed5aa1345374b1/element - {"using":"xpath","value":"//li[.//span[text()= \"C002\"]]"}
RESULT: {"using":"xpath","value":"//li[.//span[text()= \"C002\"]]"}
COMMAND: POST /session/9e73e1aaedc70a27b9ed5aa1345374b1/element/f.5E45C3E070B80AFBDD66E7CC48C5F2D3.d.991F40FEFC235235412E2356FC1DA53B.e.1486/click - {}
RESULT: {}
COMMAND: GET /session/9e73e1aaedc70a27b9ed5aa1345374b1/screenshot - {}
RESULT: {}
COMMAND: POST /session/9e73e1aaedc70a27b9ed5aa1345374b1/execute/async - {"script":"<script> [1562 bytes]","args":[{"selector":{"controlType":"sap.ui.core.Icon","viewName":"etm.portal.ui.managepartners.view.NewPartner","viewId":"application-managepartners-display-component---NewPartner","properties":{"src":{"regex":{"source":"slim\\-arrow\\-down"}}},"ancestor":{"controlType":"sap.m.ComboBox","viewName":"etm.portal.ui.managepartners.view.NewPartner","viewId":"application-managepartners-display-component---NewPartner","bindingPath":{"path":"","propertyPath":"/CATALOG","modelName":"oNewPartnerModel"}}},"wdio_ui5_key":"etmportal.ui.managepartners.view.NewPartnersap.ui.core.Icon{\"src\":{\"regex\":{\"source\":\"slim\\\\-arrow\\\\-down\"}}}{\"controlType\":\"sap.m.ComboBox\",\"viewName\":\"etm.portal.ui.managepartners.view.NewPartner\",\"viewId\":\"application-managepartners-display-component---NewPartner\",\"bindingPath\":{\"path\":\"\",\"propertyPath\":\"/CATALOG\",\"modelName\":\"oNewPartnerModel\"}}"}]}
RESULT: {"script":"<script> [1562 bytes]","args":[{"selector":{"controlType":"sap.ui.core.Icon","viewName":"etm.portal.ui.managepartners.view.NewPartner","viewId":"application-managepartners-display-component---NewPartner","properties":{"src":{"regex":{"source":"slim\\-arrow\\-down"}}},"ancestor":{"controlType":"sap.m.ComboBox","viewName":"etm.portal.ui.managepartners.view.NewPartner","viewId":"application-managepartners-display-component---NewPartner","bindingPath":{"path":"","propertyPath":"/CATALOG","modelName":"oNewPartnerModel"}}},"wdio_ui5_key":"etmportal.ui.managepartners.view.NewPartnersap.ui.core.Icon{\"src\":{\"regex\":{\"source\":\"slim\\\\-arrow\\\\-down\"}}}{\"controlType\":\"sap.m.ComboBox\",\"viewName\":\"etm.portal.ui.managepartners.view.NewPartner\",\"viewId\":\"application-managepartners-display-component---NewPartner\",\"bindingPath\":{\"path\":\"\",\"propertyPath\":\"/CATALOG\",\"modelName\":\"oNewPartnerModel\"}}"}]}
RESULT: undefined
COMMAND: POST /session/9e73e1aaedc70a27b9ed5aa1345374b1/element - {"using":"xpath","value":"//*[@id=\"__box22-arrow\"]"}
RESULT: {"using":"xpath","value":"//*[@id=\"__box22-arrow\"]"}
COMMAND: POST /session/9e73e1aaedc70a27b9ed5aa1345374b1/element/f.5E45C3E070B80AFBDD66E7CC48C5F2D3.d.991F40FEFC235235412E2356FC1DA53B.e.1432/click - {}
RESULT: {}
COMMAND: GET /session/9e73e1aaedc70a27b9ed5aa1345374b1/screenshot - {}
RESULT: {}
COMMAND: POST /session/9e73e1aaedc70a27b9ed5aa1345374b1/element - {"using":"xpath","value":"//ul[contains(@id,\"popup-list-listUl\")]//li[.//span[text()= \"Webshop Catalog\"]]"}
RESULT: {"using":"xpath","value":"//ul[contains(@id,\"popup-list-listUl\")]//li[.//span[text()= \"Webshop Catalog\"]]"}
COMMAND: POST /session/9e73e1aaedc70a27b9ed5aa1345374b1/element/f.5E45C3E070B80AFBDD66E7CC48C5F2D3.d.991F40FEFC235235412E2356FC1DA53B.e.1488/click - {}
RESULT: {}
COMMAND: GET /session/9e73e1aaedc70a27b9ed5aa1345374b1/screenshot - {}
RESULT: {}
COMMAND: POST /session/9e73e1aaedc70a27b9ed5aa1345374b1/execute/async - {"script":"<script> [1562 bytes]","args":[{"selector":{"id":"application-managepartners-display-component---NewPartner--btnAddTableRow-img"},"wdio_ui5_key":"applicationmanagepartners-display-component---NewPartner--btnAddTableRow-img"}]}
RESULT: {"script":"<script> [1562 bytes]","args":[{"selector":{"id":"application-managepartners-display-component---NewPartner--btnAddTableRow-img"},"wdio_ui5_key":"applicationmanagepartners-display-component---NewPartner--btnAddTableRow-img"}]}
RESULT: undefined
COMMAND: POST /session/9e73e1aaedc70a27b9ed5aa1345374b1/element - {"using":"xpath","value":"//*[@id=\"application-managepartners-display-component---NewPartner--btnAddTableRow-img\"]"}
RESULT: {"using":"xpath","value":"//*[@id=\"application-managepartners-display-component---NewPartner--btnAddTableRow-img\"]"}
COMMAND: POST /session/9e73e1aaedc70a27b9ed5aa1345374b1/element/f.5E45C3E070B80AFBDD66E7CC48C5F2D3.d.991F40FEFC235235412E2356FC1DA53B.e.1489/click - {}
RESULT: {}
COMMAND: GET /session/9e73e1aaedc70a27b9ed5aa1345374b1/screenshot - {}
RESULT: {}
COMMAND: POST /session/9e73e1aaedc70a27b9ed5aa1345374b1/element - {"using":"xpath","value":"//input[@id=\"application-managepartners-display-component---NewPartner--assignmentYard-application-managepartners-display-component---NewPartner--assignmentsTable-0-inner\"]"}
RESULT: {"using":"xpath","value":"//input[@id=\"application-managepartners-display-component---NewPartner--assignmentYard-application-managepartners-display-component---NewPartner--assignmentsTable-0-inner\"]"}
COMMAND: POST /session/9e73e1aaedc70a27b9ed5aa1345374b1/element/f.5E45C3E070B80AFBDD66E7CC48C5F2D3.d.991F40FEFC235235412E2356FC1DA53B.e.1492/clear - {}
RESULT: {}
COMMAND: POST /session/9e73e1aaedc70a27b9ed5aa1345374b1/element/f.5E45C3E070B80AFBDD66E7CC48C5F2D3.d.991F40FEFC235235412E2356FC1DA53B.e.1492/value - {"text":"545"}
COMMAND: GET /session/9e73e1aaedc70a27b9ed5aa1345374b1/screenshot - {}
RESULT: {"text":"545"}
COMMAND: GET /session/9e73e1aaedc70a27b9ed5aa1345374b1/screenshot - {}
RESULT: {}
RESULT: {}
COMMAND: POST /session/9e73e1aaedc70a27b9ed5aa1345374b1/element - {"using":"xpath","value":"//li[.//span[text()='545']]"}
RESULT: {"using":"xpath","value":"//li[.//span[text()='545']]"}
COMMAND: POST /session/9e73e1aaedc70a27b9ed5aa1345374b1/element/f.5E45C3E070B80AFBDD66E7CC48C5F2D3.d.991F40FEFC235235412E2356FC1DA53B.e.1499/click - {}
RESULT: {}
COMMAND: GET /session/9e73e1aaedc70a27b9ed5aa1345374b1/screenshot - {}
RESULT: {}
COMMAND: POST /session/9e73e1aaedc70a27b9ed5aa1345374b1/actions - {"actions":[{"id":"action2","type":"key","parameters":{},"actions":[{"type":"keyDown","value":""},{"type":"pause","duration":10},{"type":"keyUp","value":""}]}]}
RESULT: {"actions":[{"id":"action2","type":"key","parameters":{},"actions":[{"type":"keyDown","value":""},{"type":"pause","duration":10},{"type":"keyUp","value":""}]}]}
COMMAND: POST /session/9e73e1aaedc70a27b9ed5aa1345374b1/element - {"using":"xpath","value":"//td[contains(@id, \"assignmentsTable-0-cell2\")]/div/div"}
COMMAND: GET /session/9e73e1aaedc70a27b9ed5aa1345374b1/screenshot - {}
RESULT: {"using":"xpath","value":"//td[contains(@id, \"assignmentsTable-0-cell2\")]/div/div"}
COMMAND: POST /session/9e73e1aaedc70a27b9ed5aa1345374b1/element/f.5E45C3E070B80AFBDD66E7CC48C5F2D3.d.991F40FEFC235235412E2356FC1DA53B.e.1502/click - {}
RESULT: {}
RESULT: {}
COMMAND: GET /session/9e73e1aaedc70a27b9ed5aa1345374b1/screenshot - {}
RESULT: {}
COMMAND: POST /session/9e73e1aaedc70a27b9ed5aa1345374b1/element - {"using":"xpath","value":"//button[@data-kt=\"saveButton\"]"}
RESULT: {"using":"xpath","value":"//button[@data-kt=\"saveButton\"]"}
COMMAND: POST /session/9e73e1aaedc70a27b9ed5aa1345374b1/element/f.5E45C3E070B80AFBDD66E7CC48C5F2D3.d.991F40FEFC235235412E2356FC1DA53B.e.1427/click - {}
RESULT: {}
COMMAND: GET /session/9e73e1aaedc70a27b9ed5aa1345374b1/screenshot - {}
RESULT: {}
COMMAND: POST /session/9e73e1aaedc70a27b9ed5aa1345374b1/element - {"using":"xpath","value":"//header[contains(@id, 'ObjectPageLayout-headerTitle')]/div[1]/div[2]/div[2]/span[1]"}
RESULT: {"using":"xpath","value":"//header[contains(@id, 'ObjectPageLayout-headerTitle')]/div[1]/div[2]/div[2]/span[1]"}
COMMAND: POST /session/9e73e1aaedc70a27b9ed5aa1345374b1/elements - {"using":"xpath","value":"//header[contains(@id, 'ObjectPageLayout-headerTitle')]/div[1]/div[2]/div[2]/span[1]"}
RESULT: {"using":"xpath","value":"//header[contains(@id, 'ObjectPageLayout-headerTitle')]/div[1]/div[2]/div[2]/span[1]"}
COMMAND: POST /session/9e73e1aaedc70a27b9ed5aa1345374b1/execute/sync - {"script":"<script> [56 bytes]","args":[{"element-6066-11e4-a52e-4f735466cecf":"f.5E45C3E070B80AFBDD66E7CC48C5F2D3.d.991F40FEFC235235412E2356FC1DA53B.e.1666","ELEMENT":"f.5E45C3E070B80AFBDD66E7CC48C5F2D3.d.991F40FEFC235235412E2356FC1DA53B.e.1666"}]}
RESULT: {"script":"<script> [56 bytes]","args":[{"element-6066-11e4-a52e-4f735466cecf":"f.5E45C3E070B80AFBDD66E7CC48C5F2D3.d.991F40FEFC235235412E2356FC1DA53B.e.1666","ELEMENT":"f.5E45C3E070B80AFBDD66E7CC48C5F2D3.d.991F40FEFC235235412E2356FC1DA53B.e.1666"}]}
COMMAND: POST /session/9e73e1aaedc70a27b9ed5aa1345374b1/element - {"using":"css selector","value":"#shell-header-logo"}
COMMAND: GET /session/9e73e1aaedc70a27b9ed5aa1345374b1/screenshot - {}
RESULT: {"using":"css selector","value":"#shell-header-logo"}
COMMAND: POST /session/9e73e1aaedc70a27b9ed5aa1345374b1/element/f.5E45C3E070B80AFBDD66E7CC48C5F2D3.d.991F40FEFC235235412E2356FC1DA53B.e.979/click - {}
RESULT: {}
RESULT: {}
COMMAND: GET /session/9e73e1aaedc70a27b9ed5aa1345374b1/screenshot - {}
RESULT: {}
COMMAND: POST /session/9e73e1aaedc70a27b9ed5aa1345374b1/execute/sync - {"script":"<script> [299 bytes]","args":[["getModel","getResource"]]}
RESULT: {"script":"<script> [299 bytes]","args":[["getModel","getResource"]]}
COMMAND: GET /session/9e73e1aaedc70a27b9ed5aa1345374b1/screenshot - {}
]]></system-out>
    </testcase>
    <testcase classname="chrome.136_0_7103_93.windows.Create_masterdata_for_Yard_Overview_-_trigger_provide_US130988" name="Should create a new site" time="91.555">
      <system-out><![CDATA[
COMMAND: POST /session/9e73e1aaedc70a27b9ed5aa1345374b1/execute/async - {"script":"<script> [1562 bytes]","args":[{"selector":{"controlType":"sap.m.GenericTile","properties":{"header":"Manage Sites"}},"wdio_ui5_key":"sapm.GenericTile{\"header\":\"Manage Sites\"}"}]}
RESULT: {}
RESULT: {"script":"<script> [1562 bytes]","args":[{"selector":{"controlType":"sap.m.GenericTile","properties":{"header":"Manage Sites"}},"wdio_ui5_key":"sapm.GenericTile{\"header\":\"Manage Sites\"}"}]}
RESULT: undefined
COMMAND: POST /session/9e73e1aaedc70a27b9ed5aa1345374b1/element - {"using":"xpath","value":"//*[@id=\"__tile40\"]"}
RESULT: {"using":"xpath","value":"//*[@id=\"__tile40\"]"}
COMMAND: POST /session/9e73e1aaedc70a27b9ed5aa1345374b1/element/f.5E45C3E070B80AFBDD66E7CC48C5F2D3.d.991F40FEFC235235412E2356FC1DA53B.e.124/click - {}
RESULT: {}
COMMAND: GET /session/9e73e1aaedc70a27b9ed5aa1345374b1/screenshot - {}
RESULT: {}
COMMAND: POST /session/9e73e1aaedc70a27b9ed5aa1345374b1/elements - {"using":"xpath","value":"//span[text()='Error']"}
RESULT: {"using":"xpath","value":"//span[text()='Error']"}
COMMAND: POST /session/9e73e1aaedc70a27b9ed5aa1345374b1/element - {"using":"xpath","value":"//button[@data-kt=\"addOverflowToolbarButton\"]"}
RESULT: {"using":"xpath","value":"//button[@data-kt=\"addOverflowToolbarButton\"]"}
COMMAND: POST /session/9e73e1aaedc70a27b9ed5aa1345374b1/elements - {"using":"xpath","value":"//button[@data-kt=\"addOverflowToolbarButton\"]"}
RESULT: {"using":"xpath","value":"//button[@data-kt=\"addOverflowToolbarButton\"]"}
COMMAND: POST /session/9e73e1aaedc70a27b9ed5aa1345374b1/execute/sync - {"script":"<script> [8489 bytes]","args":[{"element-6066-11e4-a52e-4f735466cecf":"f.5E45C3E070B80AFBDD66E7CC48C5F2D3.d.991F40FEFC235235412E2356FC1DA53B.e.1712","ELEMENT":"f.5E45C3E070B80AFBDD66E7CC48C5F2D3.d.991F40FEFC235235412E2356FC1DA53B.e.1712"}]}
RESULT: {"script":"<script> [8489 bytes]","args":[{"element-6066-11e4-a52e-4f735466cecf":"f.5E45C3E070B80AFBDD66E7CC48C5F2D3.d.991F40FEFC235235412E2356FC1DA53B.e.1712","ELEMENT":"f.5E45C3E070B80AFBDD66E7CC48C5F2D3.d.991F40FEFC235235412E2356FC1DA53B.e.1712"}]}
COMMAND: GET /session/9e73e1aaedc70a27b9ed5aa1345374b1/element/f.5E45C3E070B80AFBDD66E7CC48C5F2D3.d.991F40FEFC235235412E2356FC1DA53B.e.1712/enabled - {}
COMMAND: GET /session/9e73e1aaedc70a27b9ed5aa1345374b1/screenshot - {}
RESULT: {}
COMMAND: POST /session/9e73e1aaedc70a27b9ed5aa1345374b1/execute/sync - {"script":"<script> [8489 bytes]","args":[{"element-6066-11e4-a52e-4f735466cecf":"f.5E45C3E070B80AFBDD66E7CC48C5F2D3.d.991F40FEFC235235412E2356FC1DA53B.e.1712","ELEMENT":"f.5E45C3E070B80AFBDD66E7CC48C5F2D3.d.991F40FEFC235235412E2356FC1DA53B.e.1712"}]}
COMMAND: GET /session/9e73e1aaedc70a27b9ed5aa1345374b1/screenshot - {}
RESULT: {}
RESULT: {"script":"<script> [8489 bytes]","args":[{"element-6066-11e4-a52e-4f735466cecf":"f.5E45C3E070B80AFBDD66E7CC48C5F2D3.d.991F40FEFC235235412E2356FC1DA53B.e.1712","ELEMENT":"f.5E45C3E070B80AFBDD66E7CC48C5F2D3.d.991F40FEFC235235412E2356FC1DA53B.e.1712"}]}
COMMAND: POST /session/9e73e1aaedc70a27b9ed5aa1345374b1/execute/sync - {"script":"<script> [5351 bytes]","args":[{"element-6066-11e4-a52e-4f735466cecf":"f.5E45C3E070B80AFBDD66E7CC48C5F2D3.d.991F40FEFC235235412E2356FC1DA53B.e.1712","ELEMENT":"f.5E45C3E070B80AFBDD66E7CC48C5F2D3.d.991F40FEFC235235412E2356FC1DA53B.e.1712"}]}
COMMAND: GET /session/9e73e1aaedc70a27b9ed5aa1345374b1/screenshot - {}
RESULT: {}
RESULT: {"script":"<script> [5351 bytes]","args":[{"element-6066-11e4-a52e-4f735466cecf":"f.5E45C3E070B80AFBDD66E7CC48C5F2D3.d.991F40FEFC235235412E2356FC1DA53B.e.1712","ELEMENT":"f.5E45C3E070B80AFBDD66E7CC48C5F2D3.d.991F40FEFC235235412E2356FC1DA53B.e.1712"}]}
COMMAND: POST /session/9e73e1aaedc70a27b9ed5aa1345374b1/element/f.5E45C3E070B80AFBDD66E7CC48C5F2D3.d.991F40FEFC235235412E2356FC1DA53B.e.1712/click - {}
COMMAND: GET /session/9e73e1aaedc70a27b9ed5aa1345374b1/screenshot - {}
RESULT: {}
RESULT: {}
COMMAND: GET /session/9e73e1aaedc70a27b9ed5aa1345374b1/screenshot - {}
RESULT: {}
COMMAND: POST /session/9e73e1aaedc70a27b9ed5aa1345374b1/element - {"using":"xpath","value":"//input[@id=\"application-managesites-display-component---NewSite--siteId-inner\"]"}
RESULT: {}
RESULT: {"using":"xpath","value":"//input[@id=\"application-managesites-display-component---NewSite--siteId-inner\"]"}
COMMAND: POST /session/9e73e1aaedc70a27b9ed5aa1345374b1/element - {"using":"xpath","value":"//input[@id=\"application-managesites-display-component---NewSite--siteId-inner\"]"}
RESULT: {"using":"xpath","value":"//input[@id=\"application-managesites-display-component---NewSite--siteId-inner\"]"}
COMMAND: POST /session/9e73e1aaedc70a27b9ed5aa1345374b1/execute/async - {"script":"<script> [1562 bytes]","args":[{"selector":{"id":"application-managesites-display-component---NewSite--addressDetailDetailsName1","interaction":{"idSuffix":"inner"}},"wdio_ui5_key":"applicationmanagesites-display-component---NewSite--addressDetailDetailsName1"}]}
RESULT: {"script":"<script> [1562 bytes]","args":[{"selector":{"id":"application-managesites-display-component---NewSite--addressDetailDetailsName1","interaction":{"idSuffix":"inner"}},"wdio_ui5_key":"applicationmanagesites-display-component---NewSite--addressDetailDetailsName1"}]}
RESULT: undefined
COMMAND: POST /session/9e73e1aaedc70a27b9ed5aa1345374b1/execute/async - {"script":"<script> [776 bytes]","args":[{"enterText":"Other Type Site WDIO","selector":{"id":"application-managesites-display-component---NewSite--addressDetailDetailsName1","interaction":{"idSuffix":"inner"}},"clearTextFirst":true,"interactionType":"ENTER_TEXT"}]}
RESULT: {"script":"<script> [776 bytes]","args":[{"enterText":"Other Type Site WDIO","selector":{"id":"application-managesites-display-component---NewSite--addressDetailDetailsName1","interaction":{"idSuffix":"inner"}},"clearTextFirst":true,"interactionType":"ENTER_TEXT"}]}
COMMAND: POST /session/9e73e1aaedc70a27b9ed5aa1345374b1/execute/async - {"script":"<script> [1562 bytes]","args":[{"selector":{"id":"application-managesites-display-component---NewSite--addressDetailDetailsLanguage-arrow"},"wdio_ui5_key":"applicationmanagesites-display-component---NewSite--addressDetailDetailsLanguage-arrow"}]}
RESULT: {"script":"<script> [1562 bytes]","args":[{"selector":{"id":"application-managesites-display-component---NewSite--addressDetailDetailsLanguage-arrow"},"wdio_ui5_key":"applicationmanagesites-display-component---NewSite--addressDetailDetailsLanguage-arrow"}]}
RESULT: undefined
COMMAND: POST /session/9e73e1aaedc70a27b9ed5aa1345374b1/element - {"using":"xpath","value":"//*[@id=\"application-managesites-display-component---NewSite--addressDetailDetailsLanguage-arrow\"]"}
RESULT: {"using":"xpath","value":"//*[@id=\"application-managesites-display-component---NewSite--addressDetailDetailsLanguage-arrow\"]"}
COMMAND: POST /session/9e73e1aaedc70a27b9ed5aa1345374b1/element/f.5E45C3E070B80AFBDD66E7CC48C5F2D3.d.991F40FEFC235235412E2356FC1DA53B.e.2351/click - {}
RESULT: {}
COMMAND: POST /session/9e73e1aaedc70a27b9ed5aa1345374b1/element - {"using":"xpath","value":"//span[contains(text(), \"English\")]"}
COMMAND: GET /session/9e73e1aaedc70a27b9ed5aa1345374b1/screenshot - {}
RESULT: {"using":"xpath","value":"//span[contains(text(), \"English\")]"}
COMMAND: POST /session/9e73e1aaedc70a27b9ed5aa1345374b1/element/f.5E45C3E070B80AFBDD66E7CC48C5F2D3.d.991F40FEFC235235412E2356FC1DA53B.e.2352/click - {}
RESULT: {}
RESULT: {}
COMMAND: POST /session/9e73e1aaedc70a27b9ed5aa1345374b1/execute/async - {"script":"<script> [1562 bytes]","args":[{"selector":{"id":"application-managesites-display-component---NewSite--addressDetailDetailsCity1","interaction":{"idSuffix":"inner"}},"wdio_ui5_key":"applicationmanagesites-display-component---NewSite--addressDetailDetailsCity1"}]}
COMMAND: GET /session/9e73e1aaedc70a27b9ed5aa1345374b1/screenshot - {}
RESULT: {"script":"<script> [1562 bytes]","args":[{"selector":{"id":"application-managesites-display-component---NewSite--addressDetailDetailsCity1","interaction":{"idSuffix":"inner"}},"wdio_ui5_key":"applicationmanagesites-display-component---NewSite--addressDetailDetailsCity1"}]}
RESULT: undefined
COMMAND: POST /session/9e73e1aaedc70a27b9ed5aa1345374b1/execute/async - {"script":"<script> [776 bytes]","args":[{"enterText":"Rosario","selector":{"id":"application-managesites-display-component---NewSite--addressDetailDetailsCity1","interaction":{"idSuffix":"inner"}},"clearTextFirst":true,"interactionType":"ENTER_TEXT"}]}
RESULT: {}
RESULT: {"script":"<script> [776 bytes]","args":[{"enterText":"Rosario","selector":{"id":"application-managesites-display-component---NewSite--addressDetailDetailsCity1","interaction":{"idSuffix":"inner"}},"clearTextFirst":true,"interactionType":"ENTER_TEXT"}]}
COMMAND: POST /session/9e73e1aaedc70a27b9ed5aa1345374b1/execute/async - {"script":"<script> [1562 bytes]","args":[{"selector":{"id":"application-managesites-display-component---NewSite--addressDetailDetailsCountry-arrow"},"wdio_ui5_key":"applicationmanagesites-display-component---NewSite--addressDetailDetailsCountry-arrow"}]}
RESULT: {"script":"<script> [1562 bytes]","args":[{"selector":{"id":"application-managesites-display-component---NewSite--addressDetailDetailsCountry-arrow"},"wdio_ui5_key":"applicationmanagesites-display-component---NewSite--addressDetailDetailsCountry-arrow"}]}
RESULT: undefined
COMMAND: POST /session/9e73e1aaedc70a27b9ed5aa1345374b1/element - {"using":"xpath","value":"//*[@id=\"application-managesites-display-component---NewSite--addressDetailDetailsCountry-arrow\"]"}
RESULT: {"using":"xpath","value":"//*[@id=\"application-managesites-display-component---NewSite--addressDetailDetailsCountry-arrow\"]"}
COMMAND: POST /session/9e73e1aaedc70a27b9ed5aa1345374b1/element/f.5E45C3E070B80AFBDD66E7CC48C5F2D3.d.991F40FEFC235235412E2356FC1DA53B.e.2354/click - {}
RESULT: {}
COMMAND: POST /session/9e73e1aaedc70a27b9ed5aa1345374b1/element - {"using":"xpath","value":"//span[contains(text(), \"Argentina\")]"}
COMMAND: GET /session/9e73e1aaedc70a27b9ed5aa1345374b1/screenshot - {}
RESULT: {"using":"xpath","value":"//span[contains(text(), \"Argentina\")]"}
COMMAND: POST /session/9e73e1aaedc70a27b9ed5aa1345374b1/element/f.5E45C3E070B80AFBDD66E7CC48C5F2D3.d.991F40FEFC235235412E2356FC1DA53B.e.2355/click - {}
RESULT: {}
RESULT: {}
COMMAND: GET /session/9e73e1aaedc70a27b9ed5aa1345374b1/screenshot - {}
RESULT: {}
COMMAND: POST /session/9e73e1aaedc70a27b9ed5aa1345374b1/execute/async - {"script":"<script> [1562 bytes]","args":[{"selector":{"id":"application-managesites-display-component---NewSite--addressEditDetailsCostObjectCstType-arrow"},"wdio_ui5_key":"applicationmanagesites-display-component---NewSite--addressEditDetailsCostObjectCstType-arrow"}]}
RESULT: {"script":"<script> [1562 bytes]","args":[{"selector":{"id":"application-managesites-display-component---NewSite--addressEditDetailsCostObjectCstType-arrow"},"wdio_ui5_key":"applicationmanagesites-display-component---NewSite--addressEditDetailsCostObjectCstType-arrow"}]}
RESULT: undefined
COMMAND: POST /session/9e73e1aaedc70a27b9ed5aa1345374b1/element - {"using":"xpath","value":"//*[@id=\"application-managesites-display-component---NewSite--addressEditDetailsCostObjectCstType-arrow\"]"}
RESULT: {"using":"xpath","value":"//*[@id=\"application-managesites-display-component---NewSite--addressEditDetailsCostObjectCstType-arrow\"]"}
COMMAND: POST /session/9e73e1aaedc70a27b9ed5aa1345374b1/element/f.5E45C3E070B80AFBDD66E7CC48C5F2D3.d.991F40FEFC235235412E2356FC1DA53B.e.2356/click - {}
RESULT: {}
COMMAND: POST /session/9e73e1aaedc70a27b9ed5aa1345374b1/element - {"using":"xpath","value":"//span[contains(text(), \"Cost Center\")]"}
COMMAND: GET /session/9e73e1aaedc70a27b9ed5aa1345374b1/screenshot - {}
RESULT: {"using":"xpath","value":"//span[contains(text(), \"Cost Center\")]"}
COMMAND: POST /session/9e73e1aaedc70a27b9ed5aa1345374b1/element/f.5E45C3E070B80AFBDD66E7CC48C5F2D3.d.991F40FEFC235235412E2356FC1DA53B.e.2357/click - {}
RESULT: {}
RESULT: {}
COMMAND: GET /session/9e73e1aaedc70a27b9ed5aa1345374b1/screenshot - {}
RESULT: {}
COMMAND: POST /session/9e73e1aaedc70a27b9ed5aa1345374b1/element - {"using":"xpath","value":"//span[@id=\"application-managesites-display-component---NewSite--addressNewCostObjectCstID-vhi\"]"}
RESULT: {"using":"xpath","value":"//span[@id=\"application-managesites-display-component---NewSite--addressNewCostObjectCstID-vhi\"]"}
COMMAND: POST /session/9e73e1aaedc70a27b9ed5aa1345374b1/execute/sync - {"script":"<script> [8489 bytes]","args":[{"element-6066-11e4-a52e-4f735466cecf":"f.5E45C3E070B80AFBDD66E7CC48C5F2D3.d.991F40FEFC235235412E2356FC1DA53B.e.2361","ELEMENT":"f.5E45C3E070B80AFBDD66E7CC48C5F2D3.d.991F40FEFC235235412E2356FC1DA53B.e.2361"}]}
RESULT: {"script":"<script> [8489 bytes]","args":[{"element-6066-11e4-a52e-4f735466cecf":"f.5E45C3E070B80AFBDD66E7CC48C5F2D3.d.991F40FEFC235235412E2356FC1DA53B.e.2361","ELEMENT":"f.5E45C3E070B80AFBDD66E7CC48C5F2D3.d.991F40FEFC235235412E2356FC1DA53B.e.2361"}]}
COMMAND: POST /session/9e73e1aaedc70a27b9ed5aa1345374b1/execute/async - {"script":"<script> [1562 bytes]","args":[{"selector":{"id":"application-managesites-display-component---NewSite--addressNewCostObjectCstID-vhi"},"wdio_ui5_key":"applicationmanagesites-display-component---NewSite--addressNewCostObjectCstID-vhi"}]}
COMMAND: GET /session/9e73e1aaedc70a27b9ed5aa1345374b1/screenshot - {}
RESULT: {"script":"<script> [1562 bytes]","args":[{"selector":{"id":"application-managesites-display-component---NewSite--addressNewCostObjectCstID-vhi"},"wdio_ui5_key":"applicationmanagesites-display-component---NewSite--addressNewCostObjectCstID-vhi"}]}
RESULT: undefined
COMMAND: POST /session/9e73e1aaedc70a27b9ed5aa1345374b1/element - {"using":"xpath","value":"//*[@id=\"application-managesites-display-component---NewSite--addressNewCostObjectCstID-vhi\"]"}
RESULT: {}
RESULT: {"using":"xpath","value":"//*[@id=\"application-managesites-display-component---NewSite--addressNewCostObjectCstID-vhi\"]"}
COMMAND: POST /session/9e73e1aaedc70a27b9ed5aa1345374b1/element/f.5E45C3E070B80AFBDD66E7CC48C5F2D3.d.991F40FEFC235235412E2356FC1DA53B.e.2361/click - {}
RESULT: {}
COMMAND: GET /session/9e73e1aaedc70a27b9ed5aa1345374b1/screenshot - {}
RESULT: {}
RESULT: undefined
COMMAND: POST /session/9e73e1aaedc70a27b9ed5aa1345374b1/execute/async - {"script":"<script> [776 bytes]","args":[{"enterText":"10001013","selector":{"controlType":"sap.m.SearchField","properties":{"placeholder":"Search"},"searchOpenDialogs":true,"interaction":{"idSuffix":"I"}},"clearTextFirst":true,"interactionType":"ENTER_TEXT"}]}
RESULT: {"script":"<script> [776 bytes]","args":[{"enterText":"10001013","selector":{"controlType":"sap.m.SearchField","properties":{"placeholder":"Search"},"searchOpenDialogs":true,"interaction":{"idSuffix":"I"}},"clearTextFirst":true,"interactionType":"ENTER_TEXT"}]}
COMMAND: POST /session/9e73e1aaedc70a27b9ed5aa1345374b1/actions - {"actions":[{"id":"action3","type":"key","parameters":{},"actions":[{"type":"keyDown","value":""},{"type":"pause","duration":10},{"type":"keyUp","value":""}]}]}
RESULT: {"actions":[{"id":"action3","type":"key","parameters":{},"actions":[{"type":"keyDown","value":""},{"type":"pause","duration":10},{"type":"keyUp","value":""}]}]}
COMMAND: GET /session/9e73e1aaedc70a27b9ed5aa1345374b1/screenshot - {}
RESULT: {}
COMMAND: POST /session/9e73e1aaedc70a27b9ed5aa1345374b1/element - {"using":"xpath","value":"//span[contains(text(), \"General Management\")]"}
RESULT: {"using":"xpath","value":"//span[contains(text(), \"General Management\")]"}
COMMAND: POST /session/9e73e1aaedc70a27b9ed5aa1345374b1/element/f.5E45C3E070B80AFBDD66E7CC48C5F2D3.d.991F40FEFC235235412E2356FC1DA53B.e.2399/click - {}
RESULT: {}
COMMAND: GET /session/9e73e1aaedc70a27b9ed5aa1345374b1/screenshot - {}
RESULT: {}
COMMAND: POST /session/9e73e1aaedc70a27b9ed5aa1345374b1/element - {"using":"xpath","value":"//bdi[contains(text(), \"OK\")]"}
RESULT: {"using":"xpath","value":"//bdi[contains(text(), \"OK\")]"}
COMMAND: POST /session/9e73e1aaedc70a27b9ed5aa1345374b1/element/f.5E45C3E070B80AFBDD66E7CC48C5F2D3.d.991F40FEFC235235412E2356FC1DA53B.e.2400/click - {}
RESULT: {}
COMMAND: GET /session/9e73e1aaedc70a27b9ed5aa1345374b1/screenshot - {}
RESULT: {}
COMMAND: POST /session/9e73e1aaedc70a27b9ed5aa1345374b1/element - {"using":"xpath","value":"//input[@id=\"application-managesites-display-component---NewSite--addressDetailDetailsCalendar-inner\"]"}
RESULT: {"using":"xpath","value":"//input[@id=\"application-managesites-display-component---NewSite--addressDetailDetailsCalendar-inner\"]"}
COMMAND: POST /session/9e73e1aaedc70a27b9ed5aa1345374b1/element/f.5E45C3E070B80AFBDD66E7CC48C5F2D3.d.991F40FEFC235235412E2356FC1DA53B.e.2147/clear - {}
RESULT: {}
COMMAND: POST /session/9e73e1aaedc70a27b9ed5aa1345374b1/element/f.5E45C3E070B80AFBDD66E7CC48C5F2D3.d.991F40FEFC235235412E2356FC1DA53B.e.2147/value - {"text":"Unit"}
COMMAND: GET /session/9e73e1aaedc70a27b9ed5aa1345374b1/screenshot - {}
RESULT: {"text":"Unit"}
COMMAND: GET /session/9e73e1aaedc70a27b9ed5aa1345374b1/screenshot - {}
RESULT: {}
RESULT: {}
COMMAND: POST /session/9e73e1aaedc70a27b9ed5aa1345374b1/actions - {"actions":[{"id":"action4","type":"key","parameters":{},"actions":[{"type":"keyDown","value":""},{"type":"pause","duration":10},{"type":"keyUp","value":""}]}]}
RESULT: {"actions":[{"id":"action4","type":"key","parameters":{},"actions":[{"type":"keyDown","value":""},{"type":"pause","duration":10},{"type":"keyUp","value":""}]}]}
COMMAND: POST /session/9e73e1aaedc70a27b9ed5aa1345374b1/element - {"using":"xpath","value":"//input[@id=\"application-managesites-display-component---NewSite--addressDetailDetailsYard-inner\"]"}
COMMAND: GET /session/9e73e1aaedc70a27b9ed5aa1345374b1/screenshot - {}
RESULT: {"using":"xpath","value":"//input[@id=\"application-managesites-display-component---NewSite--addressDetailDetailsYard-inner\"]"}
COMMAND: POST /session/9e73e1aaedc70a27b9ed5aa1345374b1/element/f.5E45C3E070B80AFBDD66E7CC48C5F2D3.d.991F40FEFC235235412E2356FC1DA53B.e.2148/clear - {}
RESULT: {}
RESULT: {}
COMMAND: POST /session/9e73e1aaedc70a27b9ed5aa1345374b1/element/f.5E45C3E070B80AFBDD66E7CC48C5F2D3.d.991F40FEFC235235412E2356FC1DA53B.e.2148/value - {"text":"545"}
COMMAND: GET /session/9e73e1aaedc70a27b9ed5aa1345374b1/screenshot - {}
RESULT: {"text":"545"}
COMMAND: GET /session/9e73e1aaedc70a27b9ed5aa1345374b1/screenshot - {}
RESULT: {}
RESULT: {}
COMMAND: POST /session/9e73e1aaedc70a27b9ed5aa1345374b1/element - {"using":"xpath","value":"//li[.//span[text()='545']]"}
RESULT: {"using":"xpath","value":"//li[.//span[text()='545']]"}
COMMAND: POST /session/9e73e1aaedc70a27b9ed5aa1345374b1/element/f.5E45C3E070B80AFBDD66E7CC48C5F2D3.d.991F40FEFC235235412E2356FC1DA53B.e.2408/click - {}
RESULT: {}
COMMAND: GET /session/9e73e1aaedc70a27b9ed5aa1345374b1/screenshot - {}
RESULT: {}
COMMAND: POST /session/9e73e1aaedc70a27b9ed5aa1345374b1/element - {"using":"xpath","value":"//input[@id=\"application-managesites-display-component---NewSite--addressDetailDetailsPartner-inner\"]"}
RESULT: {"using":"xpath","value":"//input[@id=\"application-managesites-display-component---NewSite--addressDetailDetailsPartner-inner\"]"}
COMMAND: POST /session/9e73e1aaedc70a27b9ed5aa1345374b1/element - {"using":"xpath","value":"//input[@id=\"application-managesites-display-component---NewSite--addressDetailDetailsPartner-inner\"]"}
RESULT: {"using":"xpath","value":"//input[@id=\"application-managesites-display-component---NewSite--addressDetailDetailsPartner-inner\"]"}
COMMAND: POST /session/9e73e1aaedc70a27b9ed5aa1345374b1/element - {"using":"xpath","value":"//button[@data-kt=\"saveButton\"]"}
RESULT: {"using":"xpath","value":"//button[@data-kt=\"saveButton\"]"}
COMMAND: POST /session/9e73e1aaedc70a27b9ed5aa1345374b1/element/f.5E45C3E070B80AFBDD66E7CC48C5F2D3.d.991F40FEFC235235412E2356FC1DA53B.e.2332/click - {}
RESULT: {}
COMMAND: GET /session/9e73e1aaedc70a27b9ed5aa1345374b1/screenshot - {}
RESULT: {}
COMMAND: POST /session/9e73e1aaedc70a27b9ed5aa1345374b1/element - {"using":"xpath","value":"//header[contains(@id, 'ObjectPageLayout-headerTitle')]/div[1]/div[2]/div[2]/span[1]"}
RESULT: {"using":"xpath","value":"//header[contains(@id, 'ObjectPageLayout-headerTitle')]/div[1]/div[2]/div[2]/span[1]"}
COMMAND: POST /session/9e73e1aaedc70a27b9ed5aa1345374b1/elements - {"using":"xpath","value":"//header[contains(@id, 'ObjectPageLayout-headerTitle')]/div[1]/div[2]/div[2]/span[1]"}
RESULT: {"using":"xpath","value":"//header[contains(@id, 'ObjectPageLayout-headerTitle')]/div[1]/div[2]/div[2]/span[1]"}
COMMAND: POST /session/9e73e1aaedc70a27b9ed5aa1345374b1/execute/sync - {"script":"<script> [56 bytes]","args":[{"element-6066-11e4-a52e-4f735466cecf":"f.5E45C3E070B80AFBDD66E7CC48C5F2D3.d.991F40FEFC235235412E2356FC1DA53B.e.2610","ELEMENT":"f.5E45C3E070B80AFBDD66E7CC48C5F2D3.d.991F40FEFC235235412E2356FC1DA53B.e.2610"}]}
RESULT: {"script":"<script> [56 bytes]","args":[{"element-6066-11e4-a52e-4f735466cecf":"f.5E45C3E070B80AFBDD66E7CC48C5F2D3.d.991F40FEFC235235412E2356FC1DA53B.e.2610","ELEMENT":"f.5E45C3E070B80AFBDD66E7CC48C5F2D3.d.991F40FEFC235235412E2356FC1DA53B.e.2610"}]}
COMMAND: POST /session/9e73e1aaedc70a27b9ed5aa1345374b1/element - {"using":"css selector","value":"#shell-header-logo"}
COMMAND: GET /session/9e73e1aaedc70a27b9ed5aa1345374b1/screenshot - {}
RESULT: {"using":"css selector","value":"#shell-header-logo"}
COMMAND: POST /session/9e73e1aaedc70a27b9ed5aa1345374b1/element/f.5E45C3E070B80AFBDD66E7CC48C5F2D3.d.991F40FEFC235235412E2356FC1DA53B.e.1670/click - {}
RESULT: {}
RESULT: {}
COMMAND: GET /session/9e73e1aaedc70a27b9ed5aa1345374b1/screenshot - {}
RESULT: {}
COMMAND: POST /session/9e73e1aaedc70a27b9ed5aa1345374b1/execute/sync - {"script":"<script> [299 bytes]","args":[["getModel","getResource"]]}
RESULT: {"script":"<script> [299 bytes]","args":[["getModel","getResource"]]}
]]></system-out>
    </testcase>
    <testcase classname="chrome.136_0_7103_93.windows.Create_masterdata_for_Yard_Overview_-_trigger_provide_US130988" name="Should create a new material" time="115.251">
      <system-out><![CDATA[
COMMAND: GET /session/9e73e1aaedc70a27b9ed5aa1345374b1/screenshot - {}
COMMAND: POST /session/9e73e1aaedc70a27b9ed5aa1345374b1/execute/async - {"script":"<script> [1562 bytes]","args":[{"selector":{"controlType":"sap.m.GenericTile","properties":{"header":"Manage Resources"}},"wdio_ui5_key":"sapm.GenericTile{\"header\":\"Manage Resources\"}"}]}
RESULT: {}
RESULT: {"script":"<script> [1562 bytes]","args":[{"selector":{"controlType":"sap.m.GenericTile","properties":{"header":"Manage Resources"}},"wdio_ui5_key":"sapm.GenericTile{\"header\":\"Manage Resources\"}"}]}
RESULT: undefined
COMMAND: POST /session/9e73e1aaedc70a27b9ed5aa1345374b1/element - {"using":"xpath","value":"//*[@id=\"__tile39\"]"}
RESULT: {"using":"xpath","value":"//*[@id=\"__tile39\"]"}
COMMAND: POST /session/9e73e1aaedc70a27b9ed5aa1345374b1/element/f.5E45C3E070B80AFBDD66E7CC48C5F2D3.d.991F40FEFC235235412E2356FC1DA53B.e.121/click - {}
RESULT: {}
COMMAND: GET /session/9e73e1aaedc70a27b9ed5aa1345374b1/screenshot - {}
RESULT: {}
COMMAND: POST /session/9e73e1aaedc70a27b9ed5aa1345374b1/elements - {"using":"xpath","value":"//span[text()='Error']"}
RESULT: {"using":"xpath","value":"//span[text()='Error']"}
COMMAND: POST /session/9e73e1aaedc70a27b9ed5aa1345374b1/element - {"using":"xpath","value":"//button[@data-kt=\"addNewRUOverflowToolbarButton\"]"}
RESULT: {"using":"xpath","value":"//button[@data-kt=\"addNewRUOverflowToolbarButton\"]"}
COMMAND: POST /session/9e73e1aaedc70a27b9ed5aa1345374b1/elements - {"using":"xpath","value":"//button[@data-kt=\"addNewRUOverflowToolbarButton\"]"}
RESULT: {"using":"xpath","value":"//button[@data-kt=\"addNewRUOverflowToolbarButton\"]"}
COMMAND: POST /session/9e73e1aaedc70a27b9ed5aa1345374b1/execute/sync - {"script":"<script> [8489 bytes]","args":[{"element-6066-11e4-a52e-4f735466cecf":"f.5E45C3E070B80AFBDD66E7CC48C5F2D3.d.991F40FEFC235235412E2356FC1DA53B.e.2644","ELEMENT":"f.5E45C3E070B80AFBDD66E7CC48C5F2D3.d.991F40FEFC235235412E2356FC1DA53B.e.2644"}]}
RESULT: {"script":"<script> [8489 bytes]","args":[{"element-6066-11e4-a52e-4f735466cecf":"f.5E45C3E070B80AFBDD66E7CC48C5F2D3.d.991F40FEFC235235412E2356FC1DA53B.e.2644","ELEMENT":"f.5E45C3E070B80AFBDD66E7CC48C5F2D3.d.991F40FEFC235235412E2356FC1DA53B.e.2644"}]}
COMMAND: GET /session/9e73e1aaedc70a27b9ed5aa1345374b1/element/f.5E45C3E070B80AFBDD66E7CC48C5F2D3.d.991F40FEFC235235412E2356FC1DA53B.e.2644/enabled - {}
COMMAND: GET /session/9e73e1aaedc70a27b9ed5aa1345374b1/screenshot - {}
RESULT: {}
COMMAND: POST /session/9e73e1aaedc70a27b9ed5aa1345374b1/execute/sync - {"script":"<script> [8489 bytes]","args":[{"element-6066-11e4-a52e-4f735466cecf":"f.5E45C3E070B80AFBDD66E7CC48C5F2D3.d.991F40FEFC235235412E2356FC1DA53B.e.2644","ELEMENT":"f.5E45C3E070B80AFBDD66E7CC48C5F2D3.d.991F40FEFC235235412E2356FC1DA53B.e.2644"}]}
COMMAND: GET /session/9e73e1aaedc70a27b9ed5aa1345374b1/screenshot - {}
RESULT: {}
RESULT: {"script":"<script> [8489 bytes]","args":[{"element-6066-11e4-a52e-4f735466cecf":"f.5E45C3E070B80AFBDD66E7CC48C5F2D3.d.991F40FEFC235235412E2356FC1DA53B.e.2644","ELEMENT":"f.5E45C3E070B80AFBDD66E7CC48C5F2D3.d.991F40FEFC235235412E2356FC1DA53B.e.2644"}]}
COMMAND: POST /session/9e73e1aaedc70a27b9ed5aa1345374b1/execute/sync - {"script":"<script> [5351 bytes]","args":[{"element-6066-11e4-a52e-4f735466cecf":"f.5E45C3E070B80AFBDD66E7CC48C5F2D3.d.991F40FEFC235235412E2356FC1DA53B.e.2644","ELEMENT":"f.5E45C3E070B80AFBDD66E7CC48C5F2D3.d.991F40FEFC235235412E2356FC1DA53B.e.2644"}]}
COMMAND: GET /session/9e73e1aaedc70a27b9ed5aa1345374b1/screenshot - {}
RESULT: {}
RESULT: {"script":"<script> [5351 bytes]","args":[{"element-6066-11e4-a52e-4f735466cecf":"f.5E45C3E070B80AFBDD66E7CC48C5F2D3.d.991F40FEFC235235412E2356FC1DA53B.e.2644","ELEMENT":"f.5E45C3E070B80AFBDD66E7CC48C5F2D3.d.991F40FEFC235235412E2356FC1DA53B.e.2644"}]}
COMMAND: POST /session/9e73e1aaedc70a27b9ed5aa1345374b1/element/f.5E45C3E070B80AFBDD66E7CC48C5F2D3.d.991F40FEFC235235412E2356FC1DA53B.e.2644/click - {}
COMMAND: GET /session/9e73e1aaedc70a27b9ed5aa1345374b1/screenshot - {}
RESULT: {}
RESULT: {}
COMMAND: GET /session/9e73e1aaedc70a27b9ed5aa1345374b1/screenshot - {}
RESULT: {}
RESULT: {}
COMMAND: POST /session/9e73e1aaedc70a27b9ed5aa1345374b1/execute/async - {"script":"<script> [1562 bytes]","args":[{"selector":{"id":"application-manageresources-display-component---newResourceUnit--TYPE-arrow"},"wdio_ui5_key":"applicationmanageresources-display-component---newResourceUnit--TYPE-arrow"}]}
RESULT: {"script":"<script> [1562 bytes]","args":[{"selector":{"id":"application-manageresources-display-component---newResourceUnit--TYPE-arrow"},"wdio_ui5_key":"applicationmanageresources-display-component---newResourceUnit--TYPE-arrow"}]}
RESULT: undefined
COMMAND: POST /session/9e73e1aaedc70a27b9ed5aa1345374b1/element - {"using":"xpath","value":"//*[@id=\"application-manageresources-display-component---newResourceUnit--TYPE-arrow\"]"}
RESULT: {"using":"xpath","value":"//*[@id=\"application-manageresources-display-component---newResourceUnit--TYPE-arrow\"]"}
COMMAND: POST /session/9e73e1aaedc70a27b9ed5aa1345374b1/element/f.5E45C3E070B80AFBDD66E7CC48C5F2D3.d.991F40FEFC235235412E2356FC1DA53B.e.3012/click - {}
RESULT: {}
COMMAND: POST /session/9e73e1aaedc70a27b9ed5aa1345374b1/element - {"using":"xpath","value":"//input[@id=\"application-manageresources-display-component---newResourceUnit--TYPE-inner\"]"}
COMMAND: GET /session/9e73e1aaedc70a27b9ed5aa1345374b1/screenshot - {}
RESULT: {"using":"xpath","value":"//input[@id=\"application-manageresources-display-component---newResourceUnit--TYPE-inner\"]"}
COMMAND: POST /session/9e73e1aaedc70a27b9ed5aa1345374b1/element/f.5E45C3E070B80AFBDD66E7CC48C5F2D3.d.991F40FEFC235235412E2356FC1DA53B.e.2993/clear - {}
RESULT: {}
RESULT: {}
COMMAND: POST /session/9e73e1aaedc70a27b9ed5aa1345374b1/element/f.5E45C3E070B80AFBDD66E7CC48C5F2D3.d.991F40FEFC235235412E2356FC1DA53B.e.2993/value - {"text":"Material"}
COMMAND: GET /session/9e73e1aaedc70a27b9ed5aa1345374b1/screenshot - {}
RESULT: {"text":"Material"}
COMMAND: GET /session/9e73e1aaedc70a27b9ed5aa1345374b1/screenshot - {}
RESULT: {}
RESULT: {}
COMMAND: POST /session/9e73e1aaedc70a27b9ed5aa1345374b1/actions - {"actions":[{"id":"action5","type":"key","parameters":{},"actions":[{"type":"keyDown","value":""},{"type":"pause","duration":10},{"type":"keyUp","value":""}]}]}
RESULT: {"actions":[{"id":"action5","type":"key","parameters":{},"actions":[{"type":"keyDown","value":""},{"type":"pause","duration":10},{"type":"keyUp","value":""}]}]}
COMMAND: POST /session/9e73e1aaedc70a27b9ed5aa1345374b1/execute/async - {"script":"<script> [1562 bytes]","args":[{"selector":{"id":"application-manageresources-display-component---newResourceUnit--SHORT_TEXT","interaction":{"idSuffix":"inner"}},"wdio_ui5_key":"applicationmanageresources-display-component---newResourceUnit--SHORT_TEXT"}]}
COMMAND: GET /session/9e73e1aaedc70a27b9ed5aa1345374b1/screenshot - {}
RESULT: {"script":"<script> [1562 bytes]","args":[{"selector":{"id":"application-manageresources-display-component---newResourceUnit--SHORT_TEXT","interaction":{"idSuffix":"inner"}},"wdio_ui5_key":"applicationmanageresources-display-component---newResourceUnit--SHORT_TEXT"}]}
RESULT: undefined
COMMAND: POST /session/9e73e1aaedc70a27b9ed5aa1345374b1/execute/async - {"script":"<script> [776 bytes]","args":[{"enterText":"Cement WDIO","selector":{"id":"application-manageresources-display-component---newResourceUnit--SHORT_TEXT","interaction":{"idSuffix":"inner"}},"clearTextFirst":true,"interactionType":"ENTER_TEXT"}]}
RESULT: {}
RESULT: {"script":"<script> [776 bytes]","args":[{"enterText":"Cement WDIO","selector":{"id":"application-manageresources-display-component---newResourceUnit--SHORT_TEXT","interaction":{"idSuffix":"inner"}},"clearTextFirst":true,"interactionType":"ENTER_TEXT"}]}
COMMAND: POST /session/9e73e1aaedc70a27b9ed5aa1345374b1/execute/async - {"script":"<script> [1562 bytes]","args":[{"selector":{"id":"application-manageresources-display-component---newResourceUnit--BASE_UNIT_OF_MEASURE","interaction":{"idSuffix":"inner"}},"wdio_ui5_key":"applicationmanageresources-display-component---newResourceUnit--BASE_UNIT_OF_MEASURE"}]}
RESULT: {"script":"<script> [1562 bytes]","args":[{"selector":{"id":"application-manageresources-display-component---newResourceUnit--BASE_UNIT_OF_MEASURE","interaction":{"idSuffix":"inner"}},"wdio_ui5_key":"applicationmanageresources-display-component---newResourceUnit--BASE_UNIT_OF_MEASURE"}]}
RESULT: undefined
COMMAND: POST /session/9e73e1aaedc70a27b9ed5aa1345374b1/execute/async - {"script":"<script> [776 bytes]","args":[{"enterText":"Piece","selector":{"id":"application-manageresources-display-component---newResourceUnit--BASE_UNIT_OF_MEASURE","interaction":{"idSuffix":"inner"}},"clearTextFirst":true,"interactionType":"ENTER_TEXT"}]}
RESULT: {"script":"<script> [776 bytes]","args":[{"enterText":"Piece","selector":{"id":"application-manageresources-display-component---newResourceUnit--BASE_UNIT_OF_MEASURE","interaction":{"idSuffix":"inner"}},"clearTextFirst":true,"interactionType":"ENTER_TEXT"}]}
COMMAND: POST /session/9e73e1aaedc70a27b9ed5aa1345374b1/execute/async - {"script":"<script> [1562 bytes]","args":[{"selector":{"id":"application-manageresources-display-component---newResourceUnit--WEIGHT_UNIT","interaction":{"idSuffix":"inner"}},"wdio_ui5_key":"applicationmanageresources-display-component---newResourceUnit--WEIGHT_UNIT"}]}
RESULT: {"script":"<script> [1562 bytes]","args":[{"selector":{"id":"application-manageresources-display-component---newResourceUnit--WEIGHT_UNIT","interaction":{"idSuffix":"inner"}},"wdio_ui5_key":"applicationmanageresources-display-component---newResourceUnit--WEIGHT_UNIT"}]}
RESULT: undefined
COMMAND: POST /session/9e73e1aaedc70a27b9ed5aa1345374b1/execute/async - {"script":"<script> [776 bytes]","args":[{"enterText":"Gram","selector":{"id":"application-manageresources-display-component---newResourceUnit--WEIGHT_UNIT","interaction":{"idSuffix":"inner"}},"clearTextFirst":true,"interactionType":"ENTER_TEXT"}]}
RESULT: {"script":"<script> [776 bytes]","args":[{"enterText":"Gram","selector":{"id":"application-manageresources-display-component---newResourceUnit--WEIGHT_UNIT","interaction":{"idSuffix":"inner"}},"clearTextFirst":true,"interactionType":"ENTER_TEXT"}]}
COMMAND: POST /session/9e73e1aaedc70a27b9ed5aa1345374b1/execute/async - {"script":"<script> [1562 bytes]","args":[{"selector":{"id":"application-manageresources-display-component---newResourceUnit--DIMENSION_UNIT","interaction":{"idSuffix":"inner"}},"wdio_ui5_key":"applicationmanageresources-display-component---newResourceUnit--DIMENSION_UNIT"}]}
RESULT: {"script":"<script> [1562 bytes]","args":[{"selector":{"id":"application-manageresources-display-component---newResourceUnit--DIMENSION_UNIT","interaction":{"idSuffix":"inner"}},"wdio_ui5_key":"applicationmanageresources-display-component---newResourceUnit--DIMENSION_UNIT"}]}
RESULT: undefined
COMMAND: POST /session/9e73e1aaedc70a27b9ed5aa1345374b1/execute/async - {"script":"<script> [776 bytes]","args":[{"enterText":"Meter","selector":{"id":"application-manageresources-display-component---newResourceUnit--DIMENSION_UNIT","interaction":{"idSuffix":"inner"}},"clearTextFirst":true,"interactionType":"ENTER_TEXT"}]}
RESULT: {"script":"<script> [776 bytes]","args":[{"enterText":"Meter","selector":{"id":"application-manageresources-display-component---newResourceUnit--DIMENSION_UNIT","interaction":{"idSuffix":"inner"}},"clearTextFirst":true,"interactionType":"ENTER_TEXT"}]}
COMMAND: POST /session/9e73e1aaedc70a27b9ed5aa1345374b1/execute/async - {"script":"<script> [1562 bytes]","args":[{"selector":{"id":"application-manageresources-display-component---newResourceUnit--newRRUPage-anchBar-application-manageresources-display-component---newResourceUnit--control-anchor","interaction":{"idSuffix":"BDI-content"}},"wdio_ui5_key":"applicationmanageresources-display-component---newResourceUnit--newRRUPage-anchBar-application-manageresources-display-component---newResourceUnit--control-anchor"}]}
RESULT: {"script":"<script> [1562 bytes]","args":[{"selector":{"id":"application-manageresources-display-component---newResourceUnit--newRRUPage-anchBar-application-manageresources-display-component---newResourceUnit--control-anchor","interaction":{"idSuffix":"BDI-content"}},"wdio_ui5_key":"applicationmanageresources-display-component---newResourceUnit--newRRUPage-anchBar-application-manageresources-display-component---newResourceUnit--control-anchor"}]}
RESULT: undefined
COMMAND: POST /session/9e73e1aaedc70a27b9ed5aa1345374b1/element - {"using":"xpath","value":"//*[@id=\"application-manageresources-display-component---newResourceUnit--newRRUPage-anchBar-application-manageresources-display-component---newResourceUnit--control-anchor\"]"}
RESULT: {"using":"xpath","value":"//*[@id=\"application-manageresources-display-component---newResourceUnit--newRRUPage-anchBar-application-manageresources-display-component---newResourceUnit--control-anchor\"]"}
COMMAND: POST /session/9e73e1aaedc70a27b9ed5aa1345374b1/element/f.5E45C3E070B80AFBDD66E7CC48C5F2D3.d.991F40FEFC235235412E2356FC1DA53B.e.3142/click - {}
RESULT: {}
COMMAND: POST /session/9e73e1aaedc70a27b9ed5aa1345374b1/execute/async - {"script":"<script> [1562 bytes]","args":[{"selector":{"id":"application-manageresources-display-component---newResourceUnit--PLANNING_GROUP","interaction":{"idSuffix":"inner"}},"wdio_ui5_key":"applicationmanageresources-display-component---newResourceUnit--PLANNING_GROUP"}]}
COMMAND: GET /session/9e73e1aaedc70a27b9ed5aa1345374b1/screenshot - {}
RESULT: {"script":"<script> [1562 bytes]","args":[{"selector":{"id":"application-manageresources-display-component---newResourceUnit--PLANNING_GROUP","interaction":{"idSuffix":"inner"}},"wdio_ui5_key":"applicationmanageresources-display-component---newResourceUnit--PLANNING_GROUP"}]}
RESULT: undefined
COMMAND: POST /session/9e73e1aaedc70a27b9ed5aa1345374b1/execute/async - {"script":"<script> [776 bytes]","args":[{"enterText":"Material","selector":{"id":"application-manageresources-display-component---newResourceUnit--PLANNING_GROUP","interaction":{"idSuffix":"inner"}},"clearTextFirst":true,"interactionType":"ENTER_TEXT"}]}
RESULT: {}
RESULT: {"script":"<script> [776 bytes]","args":[{"enterText":"Material","selector":{"id":"application-manageresources-display-component---newResourceUnit--PLANNING_GROUP","interaction":{"idSuffix":"inner"}},"clearTextFirst":true,"interactionType":"ENTER_TEXT"}]}
COMMAND: POST /session/9e73e1aaedc70a27b9ed5aa1345374b1/execute/async - {"script":"<script> [1562 bytes]","args":[{"selector":{"id":"application-manageresources-display-component---newResourceUnit--PLANNING_INDICATOR","interaction":{"idSuffix":"inner"}},"wdio_ui5_key":"applicationmanageresources-display-component---newResourceUnit--PLANNING_INDICATOR"}]}
RESULT: {"script":"<script> [1562 bytes]","args":[{"selector":{"id":"application-manageresources-display-component---newResourceUnit--PLANNING_INDICATOR","interaction":{"idSuffix":"inner"}},"wdio_ui5_key":"applicationmanageresources-display-component---newResourceUnit--PLANNING_INDICATOR"}]}
RESULT: undefined
COMMAND: POST /session/9e73e1aaedc70a27b9ed5aa1345374b1/execute/async - {"script":"<script> [776 bytes]","args":[{"enterText":"10 - infinite","selector":{"id":"application-manageresources-display-component---newResourceUnit--PLANNING_INDICATOR","interaction":{"idSuffix":"inner"}},"clearTextFirst":true,"interactionType":"ENTER_TEXT"}]}
RESULT: {"script":"<script> [776 bytes]","args":[{"enterText":"10 - infinite","selector":{"id":"application-manageresources-display-component---newResourceUnit--PLANNING_INDICATOR","interaction":{"idSuffix":"inner"}},"clearTextFirst":true,"interactionType":"ENTER_TEXT"}]}
COMMAND: POST /session/9e73e1aaedc70a27b9ed5aa1345374b1/element - {"using":"css selector","value":"#application-manageresources-display-component---newResourceUnit--btnAddTimeSegment"}
RESULT: {"using":"css selector","value":"#application-manageresources-display-component---newResourceUnit--btnAddTimeSegment"}
COMMAND: GET /session/9e73e1aaedc70a27b9ed5aa1345374b1/element/f.5E45C3E070B80AFBDD66E7CC48C5F2D3.d.991F40FEFC235235412E2356FC1DA53B.e.3150/rect - {}
RESULT: {}
COMMAND: GET /session/9e73e1aaedc70a27b9ed5aa1345374b1/window/rect - {}
RESULT: {}
COMMAND: POST /session/9e73e1aaedc70a27b9ed5aa1345374b1/execute/sync - {"script":"<script> [92 bytes]","args":[]}
RESULT: {"script":"<script> [92 bytes]","args":[]}
COMMAND: POST /session/9e73e1aaedc70a27b9ed5aa1345374b1/actions - {"actions":[{"id":"action6","type":"wheel","parameters":{},"actions":[{"type":"scroll","x":-1888,"y":-32,"deltaX":0,"deltaY":0,"duration":0,"origin":{"element-6066-11e4-a52e-4f735466cecf":"f.5E45C3E070B80AFBDD66E7CC48C5F2D3.d.991F40FEFC235235412E2356FC1DA53B.e.3150"}}]}]}
COMMAND: GET /session/9e73e1aaedc70a27b9ed5aa1345374b1/screenshot - {}
RESULT: {}
COMMAND: POST /session/9e73e1aaedc70a27b9ed5aa1345374b1/execute/sync - {"script":"<script> [79 bytes]","args":[{"element-6066-11e4-a52e-4f735466cecf":"f.5E45C3E070B80AFBDD66E7CC48C5F2D3.d.991F40FEFC235235412E2356FC1DA53B.e.3150","ELEMENT":"f.5E45C3E070B80AFBDD66E7CC48C5F2D3.d.991F40FEFC235235412E2356FC1DA53B.e.3150"},{"block":"start","inline":"nearest"}]}
RESULT: {"script":"<script> [79 bytes]","args":[{"element-6066-11e4-a52e-4f735466cecf":"f.5E45C3E070B80AFBDD66E7CC48C5F2D3.d.991F40FEFC235235412E2356FC1DA53B.e.3150","ELEMENT":"f.5E45C3E070B80AFBDD66E7CC48C5F2D3.d.991F40FEFC235235412E2356FC1DA53B.e.3150"},{"block":"start","inline":"nearest"}]}
COMMAND: POST /session/9e73e1aaedc70a27b9ed5aa1345374b1/execute/async - {"script":"<script> [1562 bytes]","args":[{"selector":{"id":"application-manageresources-display-component---newResourceUnit--btnAddTimeSegment","interaction":{"idSuffix":"inner"}},"wdio_ui5_key":"applicationmanageresources-display-component---newResourceUnit--btnAddTimeSegment"}]}
COMMAND: GET /session/9e73e1aaedc70a27b9ed5aa1345374b1/screenshot - {}
RESULT: {"script":"<script> [1562 bytes]","args":[{"selector":{"id":"application-manageresources-display-component---newResourceUnit--btnAddTimeSegment","interaction":{"idSuffix":"inner"}},"wdio_ui5_key":"applicationmanageresources-display-component---newResourceUnit--btnAddTimeSegment"}]}
RESULT: undefined
COMMAND: POST /session/9e73e1aaedc70a27b9ed5aa1345374b1/element - {"using":"xpath","value":"//*[@id=\"application-manageresources-display-component---newResourceUnit--btnAddTimeSegment\"]"}
RESULT: {}
RESULT: {"using":"xpath","value":"//*[@id=\"application-manageresources-display-component---newResourceUnit--btnAddTimeSegment\"]"}
COMMAND: POST /session/9e73e1aaedc70a27b9ed5aa1345374b1/element/f.5E45C3E070B80AFBDD66E7CC48C5F2D3.d.991F40FEFC235235412E2356FC1DA53B.e.3150/click - {}
RESULT: {}
COMMAND: GET /session/9e73e1aaedc70a27b9ed5aa1345374b1/screenshot - {}
RESULT: {}
COMMAND: POST /session/9e73e1aaedc70a27b9ed5aa1345374b1/element - {"using":"xpath","value":"//input[@id=\"application-manageresources-display-component---newResourceUnit--idRuTSAdmin-application-manageresources-display-component---newResourceUnit--RUTimeSegment-0-inner\"]"}
RESULT: {"using":"xpath","value":"//input[@id=\"application-manageresources-display-component---newResourceUnit--idRuTSAdmin-application-manageresources-display-component---newResourceUnit--RUTimeSegment-0-inner\"]"}
COMMAND: POST /session/9e73e1aaedc70a27b9ed5aa1345374b1/element/f.5E45C3E070B80AFBDD66E7CC48C5F2D3.d.991F40FEFC235235412E2356FC1DA53B.e.3155/clear - {}
RESULT: {}
COMMAND: POST /session/9e73e1aaedc70a27b9ed5aa1345374b1/element/f.5E45C3E070B80AFBDD66E7CC48C5F2D3.d.991F40FEFC235235412E2356FC1DA53B.e.3155/value - {"text":"545"}
COMMAND: GET /session/9e73e1aaedc70a27b9ed5aa1345374b1/screenshot - {}
RESULT: {"text":"545"}
COMMAND: GET /session/9e73e1aaedc70a27b9ed5aa1345374b1/screenshot - {}
RESULT: {}
RESULT: {}
COMMAND: POST /session/9e73e1aaedc70a27b9ed5aa1345374b1/element - {"using":"xpath","value":"//li[.//span[text()='545']]"}
RESULT: {"using":"xpath","value":"//li[.//span[text()='545']]"}
COMMAND: POST /session/9e73e1aaedc70a27b9ed5aa1345374b1/element/f.5E45C3E070B80AFBDD66E7CC48C5F2D3.d.991F40FEFC235235412E2356FC1DA53B.e.3165/click - {}
RESULT: {}
COMMAND: GET /session/9e73e1aaedc70a27b9ed5aa1345374b1/screenshot - {}
RESULT: {}
COMMAND: POST /session/9e73e1aaedc70a27b9ed5aa1345374b1/element - {"using":"xpath","value":"(//span[contains(@id, \"-application-manageresources-display-component---newResourceUnit--RUTimeSegment-0-arrow\")])[2]"}
RESULT: {"using":"xpath","value":"(//span[contains(@id, \"-application-manageresources-display-component---newResourceUnit--RUTimeSegment-0-arrow\")])[2]"}
COMMAND: POST /session/9e73e1aaedc70a27b9ed5aa1345374b1/element/f.5E45C3E070B80AFBDD66E7CC48C5F2D3.d.991F40FEFC235235412E2356FC1DA53B.e.3166/click - {}
RESULT: {}
COMMAND: POST /session/9e73e1aaedc70a27b9ed5aa1345374b1/element - {"using":"xpath","value":"//span[contains(text(), \"PM Order\")]"}
COMMAND: GET /session/9e73e1aaedc70a27b9ed5aa1345374b1/screenshot - {}
RESULT: {"using":"xpath","value":"//span[contains(text(), \"PM Order\")]"}
COMMAND: POST /session/9e73e1aaedc70a27b9ed5aa1345374b1/element/f.5E45C3E070B80AFBDD66E7CC48C5F2D3.d.991F40FEFC235235412E2356FC1DA53B.e.3167/click - {}
RESULT: {}
RESULT: {}
COMMAND: GET /session/9e73e1aaedc70a27b9ed5aa1345374b1/screenshot - {}
RESULT: {}
COMMAND: POST /session/9e73e1aaedc70a27b9ed5aa1345374b1/element - {"using":"xpath","value":"//td/div/div/div/span[contains(@id, \"newResourceUnit--RUTimeSegment-0-vhi\")][1]"}
RESULT: {"using":"xpath","value":"//td/div/div/div/span[contains(@id, \"newResourceUnit--RUTimeSegment-0-vhi\")][1]"}
COMMAND: GET /session/9e73e1aaedc70a27b9ed5aa1345374b1/element/f.5E45C3E070B80AFBDD66E7CC48C5F2D3.d.991F40FEFC235235412E2356FC1DA53B.e.3171/rect - {}
RESULT: {}
COMMAND: GET /session/9e73e1aaedc70a27b9ed5aa1345374b1/window/rect - {}
RESULT: {}
COMMAND: POST /session/9e73e1aaedc70a27b9ed5aa1345374b1/execute/sync - {"script":"<script> [92 bytes]","args":[]}
RESULT: {"script":"<script> [92 bytes]","args":[]}
COMMAND: POST /session/9e73e1aaedc70a27b9ed5aa1345374b1/actions - {"actions":[{"id":"action7","type":"wheel","parameters":{},"actions":[{"type":"scroll","x":-1888,"y":-24,"deltaX":0,"deltaY":0,"duration":0,"origin":{"element-6066-11e4-a52e-4f735466cecf":"f.5E45C3E070B80AFBDD66E7CC48C5F2D3.d.991F40FEFC235235412E2356FC1DA53B.e.3171"}}]}]}
COMMAND: GET /session/9e73e1aaedc70a27b9ed5aa1345374b1/screenshot - {}
RESULT: {}
COMMAND: POST /session/9e73e1aaedc70a27b9ed5aa1345374b1/execute/sync - {"script":"<script> [79 bytes]","args":[{"element-6066-11e4-a52e-4f735466cecf":"f.5E45C3E070B80AFBDD66E7CC48C5F2D3.d.991F40FEFC235235412E2356FC1DA53B.e.3171","ELEMENT":"f.5E45C3E070B80AFBDD66E7CC48C5F2D3.d.991F40FEFC235235412E2356FC1DA53B.e.3171"},{"block":"start","inline":"nearest"}]}
RESULT: {"script":"<script> [79 bytes]","args":[{"element-6066-11e4-a52e-4f735466cecf":"f.5E45C3E070B80AFBDD66E7CC48C5F2D3.d.991F40FEFC235235412E2356FC1DA53B.e.3171","ELEMENT":"f.5E45C3E070B80AFBDD66E7CC48C5F2D3.d.991F40FEFC235235412E2356FC1DA53B.e.3171"},{"block":"start","inline":"nearest"}]}
COMMAND: GET /session/9e73e1aaedc70a27b9ed5aa1345374b1/screenshot - {}
RESULT: {}
COMMAND: POST /session/9e73e1aaedc70a27b9ed5aa1345374b1/element/f.5E45C3E070B80AFBDD66E7CC48C5F2D3.d.991F40FEFC235235412E2356FC1DA53B.e.3171/click - {}
RESULT: {}
COMMAND: GET /session/9e73e1aaedc70a27b9ed5aa1345374b1/screenshot - {}
RESULT: {}
RESULT: undefined
COMMAND: POST /session/9e73e1aaedc70a27b9ed5aa1345374b1/execute/async - {"script":"<script> [776 bytes]","args":[{"enterText":"4000360","selector":{"controlType":"sap.m.SearchField","properties":{"placeholder":"Search"},"searchOpenDialogs":true,"interaction":{"idSuffix":"I"}},"clearTextFirst":true,"interactionType":"ENTER_TEXT"}]}
RESULT: {"script":"<script> [776 bytes]","args":[{"enterText":"4000360","selector":{"controlType":"sap.m.SearchField","properties":{"placeholder":"Search"},"searchOpenDialogs":true,"interaction":{"idSuffix":"I"}},"clearTextFirst":true,"interactionType":"ENTER_TEXT"}]}
COMMAND: POST /session/9e73e1aaedc70a27b9ed5aa1345374b1/actions - {"actions":[{"id":"action8","type":"key","parameters":{},"actions":[{"type":"keyDown","value":""},{"type":"pause","duration":10},{"type":"keyUp","value":""}]}]}
RESULT: {"actions":[{"id":"action8","type":"key","parameters":{},"actions":[{"type":"keyDown","value":""},{"type":"pause","duration":10},{"type":"keyUp","value":""}]}]}
COMMAND: GET /session/9e73e1aaedc70a27b9ed5aa1345374b1/screenshot - {}
RESULT: {}
COMMAND: POST /session/9e73e1aaedc70a27b9ed5aa1345374b1/element - {"using":"xpath","value":"//td/div/span[contains(text(), \"BGL Vehicles\")]"}
RESULT: {"using":"xpath","value":"//td/div/span[contains(text(), \"BGL Vehicles\")]"}
COMMAND: POST /session/9e73e1aaedc70a27b9ed5aa1345374b1/element/f.5E45C3E070B80AFBDD66E7CC48C5F2D3.d.991F40FEFC235235412E2356FC1DA53B.e.3192/click - {}
RESULT: {}
COMMAND: GET /session/9e73e1aaedc70a27b9ed5aa1345374b1/screenshot - {}
RESULT: {}
COMMAND: POST /session/9e73e1aaedc70a27b9ed5aa1345374b1/element - {"using":"xpath","value":"//bdi[contains(text(), \"OK\")]"}
RESULT: {"using":"xpath","value":"//bdi[contains(text(), \"OK\")]"}
COMMAND: POST /session/9e73e1aaedc70a27b9ed5aa1345374b1/element/f.5E45C3E070B80AFBDD66E7CC48C5F2D3.d.991F40FEFC235235412E2356FC1DA53B.e.3193/click - {}
RESULT: {}
COMMAND: GET /session/9e73e1aaedc70a27b9ed5aa1345374b1/screenshot - {}
RESULT: {}
COMMAND: POST /session/9e73e1aaedc70a27b9ed5aa1345374b1/element - {"using":"xpath","value":"//label[contains(@class, 'sapMLabelRequired') and .//bdi[contains(text(), 'Planned Retirement')]]"}
RESULT: {"using":"xpath","value":"//label[contains(@class, 'sapMLabelRequired') and .//bdi[contains(text(), 'Planned Retirement')]]"}
COMMAND: POST /session/9e73e1aaedc70a27b9ed5aa1345374b1/elements - {"using":"xpath","value":"//label[contains(@class, 'sapMLabelRequired') and .//bdi[contains(text(), 'Planned Retirement')]]"}
RESULT: {"using":"xpath","value":"//label[contains(@class, 'sapMLabelRequired') and .//bdi[contains(text(), 'Planned Retirement')]]"}
COMMAND: POST /session/9e73e1aaedc70a27b9ed5aa1345374b1/element - {"using":"xpath","value":"//button[@data-kt=\"resourceUnitSaveButton\"]"}
RESULT: {"using":"xpath","value":"//button[@data-kt=\"resourceUnitSaveButton\"]"}
COMMAND: POST /session/9e73e1aaedc70a27b9ed5aa1345374b1/element/f.5E45C3E070B80AFBDD66E7CC48C5F2D3.d.991F40FEFC235235412E2356FC1DA53B.e.3029/click - {}
RESULT: {}
COMMAND: GET /session/9e73e1aaedc70a27b9ed5aa1345374b1/screenshot - {}
RESULT: {}
COMMAND: POST /session/9e73e1aaedc70a27b9ed5aa1345374b1/element - {"using":"xpath","value":"//bdi[contains(text(), \"Close\")]"}
RESULT: {"using":"xpath","value":"//bdi[contains(text(), \"Close\")]"}
COMMAND: POST /session/9e73e1aaedc70a27b9ed5aa1345374b1/element/f.5E45C3E070B80AFBDD66E7CC48C5F2D3.d.991F40FEFC235235412E2356FC1DA53B.e.3199/click - {}
RESULT: {}
COMMAND: GET /session/9e73e1aaedc70a27b9ed5aa1345374b1/screenshot - {}
RESULT: {}
COMMAND: POST /session/9e73e1aaedc70a27b9ed5aa1345374b1/element - {"using":"xpath","value":"//header[contains(@id, 'detailRruPage-headerTitle')]/div[1]/div[2]/div[2]/span[1]"}
RESULT: {"using":"xpath","value":"//header[contains(@id, 'detailRruPage-headerTitle')]/div[1]/div[2]/div[2]/span[1]"}
COMMAND: POST /session/9e73e1aaedc70a27b9ed5aa1345374b1/elements - {"using":"xpath","value":"//header[contains(@id, 'detailRruPage-headerTitle')]/div[1]/div[2]/div[2]/span[1]"}
RESULT: {"using":"xpath","value":"//header[contains(@id, 'detailRruPage-headerTitle')]/div[1]/div[2]/div[2]/span[1]"}
COMMAND: POST /session/9e73e1aaedc70a27b9ed5aa1345374b1/execute/sync - {"script":"<script> [56 bytes]","args":[{"element-6066-11e4-a52e-4f735466cecf":"f.5E45C3E070B80AFBDD66E7CC48C5F2D3.d.991F40FEFC235235412E2356FC1DA53B.e.3233","ELEMENT":"f.5E45C3E070B80AFBDD66E7CC48C5F2D3.d.991F40FEFC235235412E2356FC1DA53B.e.3233"}]}
RESULT: {"script":"<script> [56 bytes]","args":[{"element-6066-11e4-a52e-4f735466cecf":"f.5E45C3E070B80AFBDD66E7CC48C5F2D3.d.991F40FEFC235235412E2356FC1DA53B.e.3233","ELEMENT":"f.5E45C3E070B80AFBDD66E7CC48C5F2D3.d.991F40FEFC235235412E2356FC1DA53B.e.3233"}]}
COMMAND: POST /session/9e73e1aaedc70a27b9ed5aa1345374b1/element - {"using":"css selector","value":"#shell-header-logo"}
COMMAND: GET /session/9e73e1aaedc70a27b9ed5aa1345374b1/screenshot - {}
RESULT: {"using":"css selector","value":"#shell-header-logo"}
COMMAND: POST /session/9e73e1aaedc70a27b9ed5aa1345374b1/element/f.5E45C3E070B80AFBDD66E7CC48C5F2D3.d.991F40FEFC235235412E2356FC1DA53B.e.2614/click - {}
RESULT: {}
RESULT: {}
COMMAND: GET /session/9e73e1aaedc70a27b9ed5aa1345374b1/screenshot - {}
RESULT: {}
]]></system-out>
    </testcase>
    <testcase classname="chrome.136_0_7103_93.windows.Create_masterdata_for_Yard_Overview_-_trigger_provide_US130988" name="Should do a stock increase handover" time="91.884">
      <failure/>
      <error message="Can't call click on element with selector &quot;//li[.//span[contains(text(),'545 -')]]&quot; because element wasn't found"/>
      <system-out><![CDATA[
COMMAND: POST /session/9e73e1aaedc70a27b9ed5aa1345374b1/execute/async - {"script":"<script> [1562 bytes]","args":[{"selector":{"controlType":"sap.m.GenericTile","properties":{"header":"Manage Handovers"}},"wdio_ui5_key":"sapm.GenericTile{\"header\":\"Manage Handovers\"}"}]}
RESULT: {"script":"<script> [1562 bytes]","args":[{"selector":{"controlType":"sap.m.GenericTile","properties":{"header":"Manage Handovers"}},"wdio_ui5_key":"sapm.GenericTile{\"header\":\"Manage Handovers\"}"}]}
RESULT: undefined
COMMAND: POST /session/9e73e1aaedc70a27b9ed5aa1345374b1/element - {"using":"xpath","value":"//*[@id=\"__tile131\"]"}
RESULT: {"using":"xpath","value":"//*[@id=\"__tile131\"]"}
COMMAND: POST /session/9e73e1aaedc70a27b9ed5aa1345374b1/element/f.5E45C3E070B80AFBDD66E7CC48C5F2D3.d.991F40FEFC235235412E2356FC1DA53B.e.205/click - {}
RESULT: {}
COMMAND: GET /session/9e73e1aaedc70a27b9ed5aa1345374b1/screenshot - {}
RESULT: {}
COMMAND: POST /session/9e73e1aaedc70a27b9ed5aa1345374b1/elements - {"using":"xpath","value":"//span[text()='Error']"}
RESULT: {"using":"xpath","value":"//span[text()='Error']"}
COMMAND: POST /session/9e73e1aaedc70a27b9ed5aa1345374b1/element - {"using":"xpath","value":"//button[@data-kt=\"masterHOAddButton\"]"}
RESULT: {"using":"xpath","value":"//button[@data-kt=\"masterHOAddButton\"]"}
COMMAND: POST /session/9e73e1aaedc70a27b9ed5aa1345374b1/elements - {"using":"xpath","value":"//button[@data-kt=\"masterHOAddButton\"]"}
RESULT: {"using":"xpath","value":"//button[@data-kt=\"masterHOAddButton\"]"}
COMMAND: POST /session/9e73e1aaedc70a27b9ed5aa1345374b1/execute/sync - {"script":"<script> [8489 bytes]","args":[{"element-6066-11e4-a52e-4f735466cecf":"f.5E45C3E070B80AFBDD66E7CC48C5F2D3.d.991F40FEFC235235412E2356FC1DA53B.e.3261","ELEMENT":"f.5E45C3E070B80AFBDD66E7CC48C5F2D3.d.991F40FEFC235235412E2356FC1DA53B.e.3261"}]}
RESULT: {"script":"<script> [8489 bytes]","args":[{"element-6066-11e4-a52e-4f735466cecf":"f.5E45C3E070B80AFBDD66E7CC48C5F2D3.d.991F40FEFC235235412E2356FC1DA53B.e.3261","ELEMENT":"f.5E45C3E070B80AFBDD66E7CC48C5F2D3.d.991F40FEFC235235412E2356FC1DA53B.e.3261"}]}
COMMAND: GET /session/9e73e1aaedc70a27b9ed5aa1345374b1/element/f.5E45C3E070B80AFBDD66E7CC48C5F2D3.d.991F40FEFC235235412E2356FC1DA53B.e.3261/enabled - {}
COMMAND: GET /session/9e73e1aaedc70a27b9ed5aa1345374b1/screenshot - {}
RESULT: {}
COMMAND: POST /session/9e73e1aaedc70a27b9ed5aa1345374b1/execute/sync - {"script":"<script> [8489 bytes]","args":[{"element-6066-11e4-a52e-4f735466cecf":"f.5E45C3E070B80AFBDD66E7CC48C5F2D3.d.991F40FEFC235235412E2356FC1DA53B.e.3261","ELEMENT":"f.5E45C3E070B80AFBDD66E7CC48C5F2D3.d.991F40FEFC235235412E2356FC1DA53B.e.3261"}]}
COMMAND: GET /session/9e73e1aaedc70a27b9ed5aa1345374b1/screenshot - {}
RESULT: {}
RESULT: {"script":"<script> [8489 bytes]","args":[{"element-6066-11e4-a52e-4f735466cecf":"f.5E45C3E070B80AFBDD66E7CC48C5F2D3.d.991F40FEFC235235412E2356FC1DA53B.e.3261","ELEMENT":"f.5E45C3E070B80AFBDD66E7CC48C5F2D3.d.991F40FEFC235235412E2356FC1DA53B.e.3261"}]}
COMMAND: POST /session/9e73e1aaedc70a27b9ed5aa1345374b1/execute/sync - {"script":"<script> [5351 bytes]","args":[{"element-6066-11e4-a52e-4f735466cecf":"f.5E45C3E070B80AFBDD66E7CC48C5F2D3.d.991F40FEFC235235412E2356FC1DA53B.e.3261","ELEMENT":"f.5E45C3E070B80AFBDD66E7CC48C5F2D3.d.991F40FEFC235235412E2356FC1DA53B.e.3261"}]}
COMMAND: GET /session/9e73e1aaedc70a27b9ed5aa1345374b1/screenshot - {}
RESULT: {}
RESULT: {"script":"<script> [5351 bytes]","args":[{"element-6066-11e4-a52e-4f735466cecf":"f.5E45C3E070B80AFBDD66E7CC48C5F2D3.d.991F40FEFC235235412E2356FC1DA53B.e.3261","ELEMENT":"f.5E45C3E070B80AFBDD66E7CC48C5F2D3.d.991F40FEFC235235412E2356FC1DA53B.e.3261"}]}
COMMAND: POST /session/9e73e1aaedc70a27b9ed5aa1345374b1/element/f.5E45C3E070B80AFBDD66E7CC48C5F2D3.d.991F40FEFC235235412E2356FC1DA53B.e.3261/click - {}
COMMAND: GET /session/9e73e1aaedc70a27b9ed5aa1345374b1/screenshot - {}
RESULT: {}
RESULT: {}
COMMAND: GET /session/9e73e1aaedc70a27b9ed5aa1345374b1/screenshot - {}
RESULT: {}
RESULT: {}
COMMAND: POST /session/9e73e1aaedc70a27b9ed5aa1345374b1/element - {"using":"xpath","value":"//span[contains(@id ,\"AddNewHO--typeSelect-arrow\")]"}
RESULT: {"using":"xpath","value":"//span[contains(@id ,\"AddNewHO--typeSelect-arrow\")]"}
COMMAND: POST /session/9e73e1aaedc70a27b9ed5aa1345374b1/element/f.5E45C3E070B80AFBDD66E7CC48C5F2D3.d.991F40FEFC235235412E2356FC1DA53B.e.3629/click - {}
RESULT: {}
COMMAND: GET /session/9e73e1aaedc70a27b9ed5aa1345374b1/screenshot - {}
RESULT: {}
COMMAND: POST /session/9e73e1aaedc70a27b9ed5aa1345374b1/element - {"using":"xpath","value":"(//li[contains(text(), \"stock increase yard\")])[1]"}
RESULT: {"using":"xpath","value":"(//li[contains(text(), \"stock increase yard\")])[1]"}
COMMAND: POST /session/9e73e1aaedc70a27b9ed5aa1345374b1/element/f.5E45C3E070B80AFBDD66E7CC48C5F2D3.d.991F40FEFC235235412E2356FC1DA53B.e.3630/click - {}
RESULT: {}
COMMAND: GET /session/9e73e1aaedc70a27b9ed5aa1345374b1/screenshot - {}
RESULT: {}
COMMAND: POST /session/9e73e1aaedc70a27b9ed5aa1345374b1/execute/async - {"script":"<script> [1562 bytes]","args":[{"selector":{"id":"application-managehandovers-display-component---AddNewHO--dueDate","interaction":{"idSuffix":"inner"}},"wdio_ui5_key":"applicationmanagehandovers-display-component---AddNewHO--dueDate"}]}
RESULT: {"script":"<script> [1562 bytes]","args":[{"selector":{"id":"application-managehandovers-display-component---AddNewHO--dueDate","interaction":{"idSuffix":"inner"}},"wdio_ui5_key":"applicationmanagehandovers-display-component---AddNewHO--dueDate"}]}
RESULT: undefined
COMMAND: POST /session/9e73e1aaedc70a27b9ed5aa1345374b1/execute/async - {"script":"<script> [6424 bytes]","args":[{"element-6066-11e4-a52e-4f735466cecf":"f.5E45C3E070B80AFBDD66E7CC48C5F2D3.d.991F40FEFC235235412E2356FC1DA53B.e.3632"},"setValue",["6/1/25"]]}
RESULT: {"script":"<script> [6424 bytes]","args":[{"element-6066-11e4-a52e-4f735466cecf":"f.5E45C3E070B80AFBDD66E7CC48C5F2D3.d.991F40FEFC235235412E2356FC1DA53B.e.3632"},"setValue",["6/1/25"]]}
COMMAND: POST /session/9e73e1aaedc70a27b9ed5aa1345374b1/element - {"using":"xpath","value":"//input[@id=\"generalSectionFrg--receiveYard-inner\"]"}
RESULT: {"using":"xpath","value":"//input[@id=\"generalSectionFrg--receiveYard-inner\"]"}
COMMAND: POST /session/9e73e1aaedc70a27b9ed5aa1345374b1/element/f.5E45C3E070B80AFBDD66E7CC48C5F2D3.d.991F40FEFC235235412E2356FC1DA53B.e.3638/clear - {}
RESULT: {}
COMMAND: POST /session/9e73e1aaedc70a27b9ed5aa1345374b1/element/f.5E45C3E070B80AFBDD66E7CC48C5F2D3.d.991F40FEFC235235412E2356FC1DA53B.e.3638/value - {"text":"545"}
COMMAND: GET /session/9e73e1aaedc70a27b9ed5aa1345374b1/screenshot - {}
RESULT: {"text":"545"}
COMMAND: GET /session/9e73e1aaedc70a27b9ed5aa1345374b1/screenshot - {}
RESULT: {}
RESULT: {}
COMMAND: POST /session/9e73e1aaedc70a27b9ed5aa1345374b1/element - {"using":"xpath","value":"//li[.//span[contains(text(),'545 -')]]"}
RESULT: {"using":"xpath","value":"//li[.//span[contains(text(),'545 -')]]"}
COMMAND: POST /session/9e73e1aaedc70a27b9ed5aa1345374b1/elements - {"using":"xpath","value":"//li[.//span[contains(text(),'545 -')]]"}
RESULT: {"using":"xpath","value":"//li[.//span[contains(text(),'545 -')]]"}
COMMAND: POST /session/9e73e1aaedc70a27b9ed5aa1345374b1/elements - {"using":"xpath","value":"//li[.//span[contains(text(),'545 -')]]"}
RESULT: {"using":"xpath","value":"//li[.//span[contains(text(),'545 -')]]"}
COMMAND: POST /session/9e73e1aaedc70a27b9ed5aa1345374b1/elements - {"using":"xpath","value":"//li[.//span[contains(text(),'545 -')]]"}
RESULT: {"using":"xpath","value":"//li[.//span[contains(text(),'545 -')]]"}
COMMAND: POST /session/9e73e1aaedc70a27b9ed5aa1345374b1/elements - {"using":"xpath","value":"//li[.//span[contains(text(),'545 -')]]"}
RESULT: {"using":"xpath","value":"//li[.//span[contains(text(),'545 -')]]"}
COMMAND: POST /session/9e73e1aaedc70a27b9ed5aa1345374b1/elements - {"using":"xpath","value":"//li[.//span[contains(text(),'545 -')]]"}
RESULT: {"using":"xpath","value":"//li[.//span[contains(text(),'545 -')]]"}
COMMAND: POST /session/9e73e1aaedc70a27b9ed5aa1345374b1/elements - {"using":"xpath","value":"//li[.//span[contains(text(),'545 -')]]"}
RESULT: {"using":"xpath","value":"//li[.//span[contains(text(),'545 -')]]"}
COMMAND: POST /session/9e73e1aaedc70a27b9ed5aa1345374b1/elements - {"using":"xpath","value":"//li[.//span[contains(text(),'545 -')]]"}
RESULT: {"using":"xpath","value":"//li[.//span[contains(text(),'545 -')]]"}
COMMAND: POST /session/9e73e1aaedc70a27b9ed5aa1345374b1/elements - {"using":"xpath","value":"//li[.//span[contains(text(),'545 -')]]"}
RESULT: {"using":"xpath","value":"//li[.//span[contains(text(),'545 -')]]"}
COMMAND: POST /session/9e73e1aaedc70a27b9ed5aa1345374b1/elements - {"using":"xpath","value":"//li[.//span[contains(text(),'545 -')]]"}
RESULT: {"using":"xpath","value":"//li[.//span[contains(text(),'545 -')]]"}
COMMAND: POST /session/9e73e1aaedc70a27b9ed5aa1345374b1/elements - {"using":"xpath","value":"//li[.//span[contains(text(),'545 -')]]"}
RESULT: {"using":"xpath","value":"//li[.//span[contains(text(),'545 -')]]"}
COMMAND: POST /session/9e73e1aaedc70a27b9ed5aa1345374b1/elements - {"using":"xpath","value":"//li[.//span[contains(text(),'545 -')]]"}
RESULT: {"using":"xpath","value":"//li[.//span[contains(text(),'545 -')]]"}
COMMAND: POST /session/9e73e1aaedc70a27b9ed5aa1345374b1/elements - {"using":"xpath","value":"//li[.//span[contains(text(),'545 -')]]"}
RESULT: {"using":"xpath","value":"//li[.//span[contains(text(),'545 -')]]"}
COMMAND: POST /session/9e73e1aaedc70a27b9ed5aa1345374b1/elements - {"using":"xpath","value":"//li[.//span[contains(text(),'545 -')]]"}
RESULT: {"using":"xpath","value":"//li[.//span[contains(text(),'545 -')]]"}
COMMAND: POST /session/9e73e1aaedc70a27b9ed5aa1345374b1/elements - {"using":"xpath","value":"//li[.//span[contains(text(),'545 -')]]"}
RESULT: {"using":"xpath","value":"//li[.//span[contains(text(),'545 -')]]"}
COMMAND: POST /session/9e73e1aaedc70a27b9ed5aa1345374b1/elements - {"using":"xpath","value":"//li[.//span[contains(text(),'545 -')]]"}
RESULT: {"using":"xpath","value":"//li[.//span[contains(text(),'545 -')]]"}
COMMAND: POST /session/9e73e1aaedc70a27b9ed5aa1345374b1/elements - {"using":"xpath","value":"//li[.//span[contains(text(),'545 -')]]"}
RESULT: {"using":"xpath","value":"//li[.//span[contains(text(),'545 -')]]"}
COMMAND: POST /session/9e73e1aaedc70a27b9ed5aa1345374b1/elements - {"using":"xpath","value":"//li[.//span[contains(text(),'545 -')]]"}
RESULT: {"using":"xpath","value":"//li[.//span[contains(text(),'545 -')]]"}
COMMAND: POST /session/9e73e1aaedc70a27b9ed5aa1345374b1/elements - {"using":"xpath","value":"//li[.//span[contains(text(),'545 -')]]"}
RESULT: {"using":"xpath","value":"//li[.//span[contains(text(),'545 -')]]"}
COMMAND: POST /session/9e73e1aaedc70a27b9ed5aa1345374b1/elements - {"using":"xpath","value":"//li[.//span[contains(text(),'545 -')]]"}
RESULT: {"using":"xpath","value":"//li[.//span[contains(text(),'545 -')]]"}
COMMAND: POST /session/9e73e1aaedc70a27b9ed5aa1345374b1/elements - {"using":"xpath","value":"//li[.//span[contains(text(),'545 -')]]"}
RESULT: {"using":"xpath","value":"//li[.//span[contains(text(),'545 -')]]"}
COMMAND: POST /session/9e73e1aaedc70a27b9ed5aa1345374b1/elements - {"using":"xpath","value":"//li[.//span[contains(text(),'545 -')]]"}
RESULT: {"using":"xpath","value":"//li[.//span[contains(text(),'545 -')]]"}
COMMAND: POST /session/9e73e1aaedc70a27b9ed5aa1345374b1/elements - {"using":"xpath","value":"//li[.//span[contains(text(),'545 -')]]"}
RESULT: {"using":"xpath","value":"//li[.//span[contains(text(),'545 -')]]"}
COMMAND: POST /session/9e73e1aaedc70a27b9ed5aa1345374b1/elements - {"using":"xpath","value":"//li[.//span[contains(text(),'545 -')]]"}
RESULT: {"using":"xpath","value":"//li[.//span[contains(text(),'545 -')]]"}
COMMAND: POST /session/9e73e1aaedc70a27b9ed5aa1345374b1/elements - {"using":"xpath","value":"//li[.//span[contains(text(),'545 -')]]"}
RESULT: {"using":"xpath","value":"//li[.//span[contains(text(),'545 -')]]"}
COMMAND: POST /session/9e73e1aaedc70a27b9ed5aa1345374b1/elements - {"using":"xpath","value":"//li[.//span[contains(text(),'545 -')]]"}
RESULT: {"using":"xpath","value":"//li[.//span[contains(text(),'545 -')]]"}
COMMAND: POST /session/9e73e1aaedc70a27b9ed5aa1345374b1/elements - {"using":"xpath","value":"//li[.//span[contains(text(),'545 -')]]"}
RESULT: {"using":"xpath","value":"//li[.//span[contains(text(),'545 -')]]"}
COMMAND: POST /session/9e73e1aaedc70a27b9ed5aa1345374b1/elements - {"using":"xpath","value":"//li[.//span[contains(text(),'545 -')]]"}
RESULT: {"using":"xpath","value":"//li[.//span[contains(text(),'545 -')]]"}
COMMAND: POST /session/9e73e1aaedc70a27b9ed5aa1345374b1/elements - {"using":"xpath","value":"//li[.//span[contains(text(),'545 -')]]"}
RESULT: {"using":"xpath","value":"//li[.//span[contains(text(),'545 -')]]"}
COMMAND: POST /session/9e73e1aaedc70a27b9ed5aa1345374b1/elements - {"using":"xpath","value":"//li[.//span[contains(text(),'545 -')]]"}
RESULT: {"using":"xpath","value":"//li[.//span[contains(text(),'545 -')]]"}
COMMAND: POST /session/9e73e1aaedc70a27b9ed5aa1345374b1/elements - {"using":"xpath","value":"//li[.//span[contains(text(),'545 -')]]"}
RESULT: {"using":"xpath","value":"//li[.//span[contains(text(),'545 -')]]"}
COMMAND: POST /session/9e73e1aaedc70a27b9ed5aa1345374b1/elements - {"using":"xpath","value":"//li[.//span[contains(text(),'545 -')]]"}
RESULT: {"using":"xpath","value":"//li[.//span[contains(text(),'545 -')]]"}
COMMAND: POST /session/9e73e1aaedc70a27b9ed5aa1345374b1/elements - {"using":"xpath","value":"//li[.//span[contains(text(),'545 -')]]"}
RESULT: {"using":"xpath","value":"//li[.//span[contains(text(),'545 -')]]"}
COMMAND: POST /session/9e73e1aaedc70a27b9ed5aa1345374b1/elements - {"using":"xpath","value":"//li[.//span[contains(text(),'545 -')]]"}
RESULT: {"using":"xpath","value":"//li[.//span[contains(text(),'545 -')]]"}
COMMAND: POST /session/9e73e1aaedc70a27b9ed5aa1345374b1/elements - {"using":"xpath","value":"//li[.//span[contains(text(),'545 -')]]"}
RESULT: {"using":"xpath","value":"//li[.//span[contains(text(),'545 -')]]"}
COMMAND: POST /session/9e73e1aaedc70a27b9ed5aa1345374b1/elements - {"using":"xpath","value":"//li[.//span[contains(text(),'545 -')]]"}
RESULT: {"using":"xpath","value":"//li[.//span[contains(text(),'545 -')]]"}
COMMAND: POST /session/9e73e1aaedc70a27b9ed5aa1345374b1/elements - {"using":"xpath","value":"//li[.//span[contains(text(),'545 -')]]"}
RESULT: {"using":"xpath","value":"//li[.//span[contains(text(),'545 -')]]"}
COMMAND: POST /session/9e73e1aaedc70a27b9ed5aa1345374b1/elements - {"using":"xpath","value":"//li[.//span[contains(text(),'545 -')]]"}
RESULT: {"using":"xpath","value":"//li[.//span[contains(text(),'545 -')]]"}
COMMAND: POST /session/9e73e1aaedc70a27b9ed5aa1345374b1/elements - {"using":"xpath","value":"//li[.//span[contains(text(),'545 -')]]"}
RESULT: {"using":"xpath","value":"//li[.//span[contains(text(),'545 -')]]"}
COMMAND: POST /session/9e73e1aaedc70a27b9ed5aa1345374b1/elements - {"using":"xpath","value":"//li[.//span[contains(text(),'545 -')]]"}
RESULT: {"using":"xpath","value":"//li[.//span[contains(text(),'545 -')]]"}
COMMAND: POST /session/9e73e1aaedc70a27b9ed5aa1345374b1/elements - {"using":"xpath","value":"//li[.//span[contains(text(),'545 -')]]"}
RESULT: {"using":"xpath","value":"//li[.//span[contains(text(),'545 -')]]"}
COMMAND: POST /session/9e73e1aaedc70a27b9ed5aa1345374b1/elements - {"using":"xpath","value":"//li[.//span[contains(text(),'545 -')]]"}
RESULT: {"using":"xpath","value":"//li[.//span[contains(text(),'545 -')]]"}
COMMAND: POST /session/9e73e1aaedc70a27b9ed5aa1345374b1/elements - {"using":"xpath","value":"//li[.//span[contains(text(),'545 -')]]"}
RESULT: {"using":"xpath","value":"//li[.//span[contains(text(),'545 -')]]"}
COMMAND: POST /session/9e73e1aaedc70a27b9ed5aa1345374b1/elements - {"using":"xpath","value":"//li[.//span[contains(text(),'545 -')]]"}
RESULT: {"using":"xpath","value":"//li[.//span[contains(text(),'545 -')]]"}
COMMAND: POST /session/9e73e1aaedc70a27b9ed5aa1345374b1/elements - {"using":"xpath","value":"//li[.//span[contains(text(),'545 -')]]"}
RESULT: {"using":"xpath","value":"//li[.//span[contains(text(),'545 -')]]"}
COMMAND: POST /session/9e73e1aaedc70a27b9ed5aa1345374b1/elements - {"using":"xpath","value":"//li[.//span[contains(text(),'545 -')]]"}
RESULT: {"using":"xpath","value":"//li[.//span[contains(text(),'545 -')]]"}
COMMAND: POST /session/9e73e1aaedc70a27b9ed5aa1345374b1/elements - {"using":"xpath","value":"//li[.//span[contains(text(),'545 -')]]"}
RESULT: {"using":"xpath","value":"//li[.//span[contains(text(),'545 -')]]"}
COMMAND: POST /session/9e73e1aaedc70a27b9ed5aa1345374b1/elements - {"using":"xpath","value":"//li[.//span[contains(text(),'545 -')]]"}
RESULT: {"using":"xpath","value":"//li[.//span[contains(text(),'545 -')]]"}
COMMAND: POST /session/9e73e1aaedc70a27b9ed5aa1345374b1/elements - {"using":"xpath","value":"//li[.//span[contains(text(),'545 -')]]"}
RESULT: {"using":"xpath","value":"//li[.//span[contains(text(),'545 -')]]"}
COMMAND: POST /session/9e73e1aaedc70a27b9ed5aa1345374b1/elements - {"using":"xpath","value":"//li[.//span[contains(text(),'545 -')]]"}
RESULT: {"using":"xpath","value":"//li[.//span[contains(text(),'545 -')]]"}
COMMAND: POST /session/9e73e1aaedc70a27b9ed5aa1345374b1/elements - {"using":"xpath","value":"//li[.//span[contains(text(),'545 -')]]"}
RESULT: {"using":"xpath","value":"//li[.//span[contains(text(),'545 -')]]"}
COMMAND: POST /session/9e73e1aaedc70a27b9ed5aa1345374b1/elements - {"using":"xpath","value":"//li[.//span[contains(text(),'545 -')]]"}
RESULT: {"using":"xpath","value":"//li[.//span[contains(text(),'545 -')]]"}
COMMAND: POST /session/9e73e1aaedc70a27b9ed5aa1345374b1/elements - {"using":"xpath","value":"//li[.//span[contains(text(),'545 -')]]"}
RESULT: {"using":"xpath","value":"//li[.//span[contains(text(),'545 -')]]"}
COMMAND: POST /session/9e73e1aaedc70a27b9ed5aa1345374b1/elements - {"using":"xpath","value":"//li[.//span[contains(text(),'545 -')]]"}
RESULT: {"using":"xpath","value":"//li[.//span[contains(text(),'545 -')]]"}
COMMAND: POST /session/9e73e1aaedc70a27b9ed5aa1345374b1/elements - {"using":"xpath","value":"//li[.//span[contains(text(),'545 -')]]"}
RESULT: {"using":"xpath","value":"//li[.//span[contains(text(),'545 -')]]"}
COMMAND: POST /session/9e73e1aaedc70a27b9ed5aa1345374b1/elements - {"using":"xpath","value":"//li[.//span[contains(text(),'545 -')]]"}
RESULT: {"using":"xpath","value":"//li[.//span[contains(text(),'545 -')]]"}
COMMAND: POST /session/9e73e1aaedc70a27b9ed5aa1345374b1/elements - {"using":"xpath","value":"//li[.//span[contains(text(),'545 -')]]"}
RESULT: {"using":"xpath","value":"//li[.//span[contains(text(),'545 -')]]"}
COMMAND: POST /session/9e73e1aaedc70a27b9ed5aa1345374b1/elements - {"using":"xpath","value":"//li[.//span[contains(text(),'545 -')]]"}
RESULT: {"using":"xpath","value":"//li[.//span[contains(text(),'545 -')]]"}
COMMAND: POST /session/9e73e1aaedc70a27b9ed5aa1345374b1/elements - {"using":"xpath","value":"//li[.//span[contains(text(),'545 -')]]"}
RESULT: {"using":"xpath","value":"//li[.//span[contains(text(),'545 -')]]"}
COMMAND: POST /session/9e73e1aaedc70a27b9ed5aa1345374b1/elements - {"using":"xpath","value":"//li[.//span[contains(text(),'545 -')]]"}
RESULT: {"using":"xpath","value":"//li[.//span[contains(text(),'545 -')]]"}
COMMAND: POST /session/9e73e1aaedc70a27b9ed5aa1345374b1/elements - {"using":"xpath","value":"//li[.//span[contains(text(),'545 -')]]"}
RESULT: {"using":"xpath","value":"//li[.//span[contains(text(),'545 -')]]"}
COMMAND: POST /session/9e73e1aaedc70a27b9ed5aa1345374b1/elements - {"using":"xpath","value":"//li[.//span[contains(text(),'545 -')]]"}
RESULT: {"using":"xpath","value":"//li[.//span[contains(text(),'545 -')]]"}
COMMAND: POST /session/9e73e1aaedc70a27b9ed5aa1345374b1/elements - {"using":"xpath","value":"//li[.//span[contains(text(),'545 -')]]"}
RESULT: {"using":"xpath","value":"//li[.//span[contains(text(),'545 -')]]"}
COMMAND: POST /session/9e73e1aaedc70a27b9ed5aa1345374b1/elements - {"using":"xpath","value":"//li[.//span[contains(text(),'545 -')]]"}
RESULT: {"using":"xpath","value":"//li[.//span[contains(text(),'545 -')]]"}
COMMAND: POST /session/9e73e1aaedc70a27b9ed5aa1345374b1/elements - {"using":"xpath","value":"//li[.//span[contains(text(),'545 -')]]"}
RESULT: {"using":"xpath","value":"//li[.//span[contains(text(),'545 -')]]"}
COMMAND: POST /session/9e73e1aaedc70a27b9ed5aa1345374b1/elements - {"using":"xpath","value":"//li[.//span[contains(text(),'545 -')]]"}
RESULT: {"using":"xpath","value":"//li[.//span[contains(text(),'545 -')]]"}
COMMAND: POST /session/9e73e1aaedc70a27b9ed5aa1345374b1/elements - {"using":"xpath","value":"//li[.//span[contains(text(),'545 -')]]"}
RESULT: {"using":"xpath","value":"//li[.//span[contains(text(),'545 -')]]"}
COMMAND: POST /session/9e73e1aaedc70a27b9ed5aa1345374b1/elements - {"using":"xpath","value":"//li[.//span[contains(text(),'545 -')]]"}
RESULT: {"using":"xpath","value":"//li[.//span[contains(text(),'545 -')]]"}
COMMAND: POST /session/9e73e1aaedc70a27b9ed5aa1345374b1/elements - {"using":"xpath","value":"//li[.//span[contains(text(),'545 -')]]"}
RESULT: {"using":"xpath","value":"//li[.//span[contains(text(),'545 -')]]"}
COMMAND: POST /session/9e73e1aaedc70a27b9ed5aa1345374b1/elements - {"using":"xpath","value":"//li[.//span[contains(text(),'545 -')]]"}
RESULT: {"using":"xpath","value":"//li[.//span[contains(text(),'545 -')]]"}
COMMAND: POST /session/9e73e1aaedc70a27b9ed5aa1345374b1/elements - {"using":"xpath","value":"//li[.//span[contains(text(),'545 -')]]"}
RESULT: {"using":"xpath","value":"//li[.//span[contains(text(),'545 -')]]"}
COMMAND: POST /session/9e73e1aaedc70a27b9ed5aa1345374b1/elements - {"using":"xpath","value":"//li[.//span[contains(text(),'545 -')]]"}
RESULT: {"using":"xpath","value":"//li[.//span[contains(text(),'545 -')]]"}
COMMAND: POST /session/9e73e1aaedc70a27b9ed5aa1345374b1/elements - {"using":"xpath","value":"//li[.//span[contains(text(),'545 -')]]"}
RESULT: {"using":"xpath","value":"//li[.//span[contains(text(),'545 -')]]"}
COMMAND: POST /session/9e73e1aaedc70a27b9ed5aa1345374b1/elements - {"using":"xpath","value":"//li[.//span[contains(text(),'545 -')]]"}
RESULT: {"using":"xpath","value":"//li[.//span[contains(text(),'545 -')]]"}
COMMAND: POST /session/9e73e1aaedc70a27b9ed5aa1345374b1/elements - {"using":"xpath","value":"//li[.//span[contains(text(),'545 -')]]"}
RESULT: {"using":"xpath","value":"//li[.//span[contains(text(),'545 -')]]"}
COMMAND: POST /session/9e73e1aaedc70a27b9ed5aa1345374b1/elements - {"using":"xpath","value":"//li[.//span[contains(text(),'545 -')]]"}
RESULT: {"using":"xpath","value":"//li[.//span[contains(text(),'545 -')]]"}
COMMAND: POST /session/9e73e1aaedc70a27b9ed5aa1345374b1/elements - {"using":"xpath","value":"//li[.//span[contains(text(),'545 -')]]"}
RESULT: {"using":"xpath","value":"//li[.//span[contains(text(),'545 -')]]"}
COMMAND: POST /session/9e73e1aaedc70a27b9ed5aa1345374b1/elements - {"using":"xpath","value":"//li[.//span[contains(text(),'545 -')]]"}
RESULT: {"using":"xpath","value":"//li[.//span[contains(text(),'545 -')]]"}
COMMAND: POST /session/9e73e1aaedc70a27b9ed5aa1345374b1/elements - {"using":"xpath","value":"//li[.//span[contains(text(),'545 -')]]"}
RESULT: {"using":"xpath","value":"//li[.//span[contains(text(),'545 -')]]"}
COMMAND: POST /session/9e73e1aaedc70a27b9ed5aa1345374b1/elements - {"using":"xpath","value":"//li[.//span[contains(text(),'545 -')]]"}
RESULT: {"using":"xpath","value":"//li[.//span[contains(text(),'545 -')]]"}
COMMAND: POST /session/9e73e1aaedc70a27b9ed5aa1345374b1/elements - {"using":"xpath","value":"//li[.//span[contains(text(),'545 -')]]"}
RESULT: {"using":"xpath","value":"//li[.//span[contains(text(),'545 -')]]"}
COMMAND: POST /session/9e73e1aaedc70a27b9ed5aa1345374b1/elements - {"using":"xpath","value":"//li[.//span[contains(text(),'545 -')]]"}
RESULT: {"using":"xpath","value":"//li[.//span[contains(text(),'545 -')]]"}
COMMAND: POST /session/9e73e1aaedc70a27b9ed5aa1345374b1/elements - {"using":"xpath","value":"//li[.//span[contains(text(),'545 -')]]"}
RESULT: {"using":"xpath","value":"//li[.//span[contains(text(),'545 -')]]"}
COMMAND: POST /session/9e73e1aaedc70a27b9ed5aa1345374b1/elements - {"using":"xpath","value":"//li[.//span[contains(text(),'545 -')]]"}
RESULT: {"using":"xpath","value":"//li[.//span[contains(text(),'545 -')]]"}
COMMAND: POST /session/9e73e1aaedc70a27b9ed5aa1345374b1/elements - {"using":"xpath","value":"//li[.//span[contains(text(),'545 -')]]"}
RESULT: {"using":"xpath","value":"//li[.//span[contains(text(),'545 -')]]"}
COMMAND: POST /session/9e73e1aaedc70a27b9ed5aa1345374b1/elements - {"using":"xpath","value":"//li[.//span[contains(text(),'545 -')]]"}
RESULT: {"using":"xpath","value":"//li[.//span[contains(text(),'545 -')]]"}
COMMAND: POST /session/9e73e1aaedc70a27b9ed5aa1345374b1/elements - {"using":"xpath","value":"//li[.//span[contains(text(),'545 -')]]"}
RESULT: {"using":"xpath","value":"//li[.//span[contains(text(),'545 -')]]"}
COMMAND: POST /session/9e73e1aaedc70a27b9ed5aa1345374b1/elements - {"using":"xpath","value":"//li[.//span[contains(text(),'545 -')]]"}
RESULT: {"using":"xpath","value":"//li[.//span[contains(text(),'545 -')]]"}
COMMAND: POST /session/9e73e1aaedc70a27b9ed5aa1345374b1/elements - {"using":"xpath","value":"//li[.//span[contains(text(),'545 -')]]"}
RESULT: {"using":"xpath","value":"//li[.//span[contains(text(),'545 -')]]"}
COMMAND: POST /session/9e73e1aaedc70a27b9ed5aa1345374b1/elements - {"using":"xpath","value":"//li[.//span[contains(text(),'545 -')]]"}
RESULT: {"using":"xpath","value":"//li[.//span[contains(text(),'545 -')]]"}
COMMAND: POST /session/9e73e1aaedc70a27b9ed5aa1345374b1/elements - {"using":"xpath","value":"//li[.//span[contains(text(),'545 -')]]"}
RESULT: {"using":"xpath","value":"//li[.//span[contains(text(),'545 -')]]"}
COMMAND: POST /session/9e73e1aaedc70a27b9ed5aa1345374b1/elements - {"using":"xpath","value":"//li[.//span[contains(text(),'545 -')]]"}
RESULT: {"using":"xpath","value":"//li[.//span[contains(text(),'545 -')]]"}
COMMAND: POST /session/9e73e1aaedc70a27b9ed5aa1345374b1/elements - {"using":"xpath","value":"//li[.//span[contains(text(),'545 -')]]"}
RESULT: {"using":"xpath","value":"//li[.//span[contains(text(),'545 -')]]"}
COMMAND: POST /session/9e73e1aaedc70a27b9ed5aa1345374b1/elements - {"using":"xpath","value":"//li[.//span[contains(text(),'545 -')]]"}
RESULT: {"using":"xpath","value":"//li[.//span[contains(text(),'545 -')]]"}
COMMAND: POST /session/9e73e1aaedc70a27b9ed5aa1345374b1/elements - {"using":"xpath","value":"//li[.//span[contains(text(),'545 -')]]"}
RESULT: {"using":"xpath","value":"//li[.//span[contains(text(),'545 -')]]"}
COMMAND: POST /session/9e73e1aaedc70a27b9ed5aa1345374b1/elements - {"using":"xpath","value":"//li[.//span[contains(text(),'545 -')]]"}
RESULT: {"using":"xpath","value":"//li[.//span[contains(text(),'545 -')]]"}
COMMAND: POST /session/9e73e1aaedc70a27b9ed5aa1345374b1/elements - {"using":"xpath","value":"//li[.//span[contains(text(),'545 -')]]"}
RESULT: {"using":"xpath","value":"//li[.//span[contains(text(),'545 -')]]"}
COMMAND: POST /session/9e73e1aaedc70a27b9ed5aa1345374b1/elements - {"using":"xpath","value":"//li[.//span[contains(text(),'545 -')]]"}
RESULT: {"using":"xpath","value":"//li[.//span[contains(text(),'545 -')]]"}
COMMAND: POST /session/9e73e1aaedc70a27b9ed5aa1345374b1/elements - {"using":"xpath","value":"//li[.//span[contains(text(),'545 -')]]"}
RESULT: {"using":"xpath","value":"//li[.//span[contains(text(),'545 -')]]"}
COMMAND: POST /session/9e73e1aaedc70a27b9ed5aa1345374b1/elements - {"using":"xpath","value":"//li[.//span[contains(text(),'545 -')]]"}
RESULT: {"using":"xpath","value":"//li[.//span[contains(text(),'545 -')]]"}
COMMAND: POST /session/9e73e1aaedc70a27b9ed5aa1345374b1/elements - {"using":"xpath","value":"//li[.//span[contains(text(),'545 -')]]"}
RESULT: {"using":"xpath","value":"//li[.//span[contains(text(),'545 -')]]"}
COMMAND: POST /session/9e73e1aaedc70a27b9ed5aa1345374b1/elements - {"using":"xpath","value":"//li[.//span[contains(text(),'545 -')]]"}
RESULT: {"using":"xpath","value":"//li[.//span[contains(text(),'545 -')]]"}
COMMAND: POST /session/9e73e1aaedc70a27b9ed5aa1345374b1/elements - {"using":"xpath","value":"//li[.//span[contains(text(),'545 -')]]"}
RESULT: {"using":"xpath","value":"//li[.//span[contains(text(),'545 -')]]"}
COMMAND: POST /session/9e73e1aaedc70a27b9ed5aa1345374b1/elements - {"using":"xpath","value":"//li[.//span[contains(text(),'545 -')]]"}
RESULT: {"using":"xpath","value":"//li[.//span[contains(text(),'545 -')]]"}
COMMAND: POST /session/9e73e1aaedc70a27b9ed5aa1345374b1/elements - {"using":"xpath","value":"//li[.//span[contains(text(),'545 -')]]"}
RESULT: {"using":"xpath","value":"//li[.//span[contains(text(),'545 -')]]"}
COMMAND: POST /session/9e73e1aaedc70a27b9ed5aa1345374b1/elements - {"using":"xpath","value":"//li[.//span[contains(text(),'545 -')]]"}
RESULT: {"using":"xpath","value":"//li[.//span[contains(text(),'545 -')]]"}
COMMAND: POST /session/9e73e1aaedc70a27b9ed5aa1345374b1/elements - {"using":"xpath","value":"//li[.//span[contains(text(),'545 -')]]"}
RESULT: {"using":"xpath","value":"//li[.//span[contains(text(),'545 -')]]"}
COMMAND: POST /session/9e73e1aaedc70a27b9ed5aa1345374b1/elements - {"using":"xpath","value":"//li[.//span[contains(text(),'545 -')]]"}
RESULT: {"using":"xpath","value":"//li[.//span[contains(text(),'545 -')]]"}
COMMAND: POST /session/9e73e1aaedc70a27b9ed5aa1345374b1/elements - {"using":"xpath","value":"//li[.//span[contains(text(),'545 -')]]"}
RESULT: {"using":"xpath","value":"//li[.//span[contains(text(),'545 -')]]"}
COMMAND: POST /session/9e73e1aaedc70a27b9ed5aa1345374b1/elements - {"using":"xpath","value":"//li[.//span[contains(text(),'545 -')]]"}
RESULT: {"using":"xpath","value":"//li[.//span[contains(text(),'545 -')]]"}
COMMAND: POST /session/9e73e1aaedc70a27b9ed5aa1345374b1/elements - {"using":"xpath","value":"//li[.//span[contains(text(),'545 -')]]"}
RESULT: {"using":"xpath","value":"//li[.//span[contains(text(),'545 -')]]"}
COMMAND: POST /session/9e73e1aaedc70a27b9ed5aa1345374b1/elements - {"using":"xpath","value":"//li[.//span[contains(text(),'545 -')]]"}
RESULT: {"using":"xpath","value":"//li[.//span[contains(text(),'545 -')]]"}
COMMAND: POST /session/9e73e1aaedc70a27b9ed5aa1345374b1/elements - {"using":"xpath","value":"//li[.//span[contains(text(),'545 -')]]"}
RESULT: {"using":"xpath","value":"//li[.//span[contains(text(),'545 -')]]"}
COMMAND: POST /session/9e73e1aaedc70a27b9ed5aa1345374b1/elements - {"using":"xpath","value":"//li[.//span[contains(text(),'545 -')]]"}
RESULT: {"using":"xpath","value":"//li[.//span[contains(text(),'545 -')]]"}
COMMAND: POST /session/9e73e1aaedc70a27b9ed5aa1345374b1/elements - {"using":"xpath","value":"//li[.//span[contains(text(),'545 -')]]"}
RESULT: {"using":"xpath","value":"//li[.//span[contains(text(),'545 -')]]"}
COMMAND: POST /session/9e73e1aaedc70a27b9ed5aa1345374b1/elements - {"using":"xpath","value":"//li[.//span[contains(text(),'545 -')]]"}
RESULT: {"using":"xpath","value":"//li[.//span[contains(text(),'545 -')]]"}
COMMAND: POST /session/9e73e1aaedc70a27b9ed5aa1345374b1/elements - {"using":"xpath","value":"//li[.//span[contains(text(),'545 -')]]"}
RESULT: {"using":"xpath","value":"//li[.//span[contains(text(),'545 -')]]"}
COMMAND: POST /session/9e73e1aaedc70a27b9ed5aa1345374b1/elements - {"using":"xpath","value":"//li[.//span[contains(text(),'545 -')]]"}
RESULT: {"using":"xpath","value":"//li[.//span[contains(text(),'545 -')]]"}
COMMAND: POST /session/9e73e1aaedc70a27b9ed5aa1345374b1/elements - {"using":"xpath","value":"//li[.//span[contains(text(),'545 -')]]"}
RESULT: {"using":"xpath","value":"//li[.//span[contains(text(),'545 -')]]"}
COMMAND: POST /session/9e73e1aaedc70a27b9ed5aa1345374b1/elements - {"using":"xpath","value":"//li[.//span[contains(text(),'545 -')]]"}
RESULT: {"using":"xpath","value":"//li[.//span[contains(text(),'545 -')]]"}
COMMAND: POST /session/9e73e1aaedc70a27b9ed5aa1345374b1/elements - {"using":"xpath","value":"//li[.//span[contains(text(),'545 -')]]"}
RESULT: {"using":"xpath","value":"//li[.//span[contains(text(),'545 -')]]"}
COMMAND: POST /session/9e73e1aaedc70a27b9ed5aa1345374b1/elements - {"using":"xpath","value":"//li[.//span[contains(text(),'545 -')]]"}
RESULT: {"using":"xpath","value":"//li[.//span[contains(text(),'545 -')]]"}
COMMAND: GET /session/9e73e1aaedc70a27b9ed5aa1345374b1/screenshot - {}
RESULT: {}
]]></system-out>
      <system-err><![CDATA[
Error: Can't call click on element with selector "//li[.//span[contains(text(),'545 -')]]" because element wasn't found
    at async UtilsPrerequisites.stockIncrease (D:\a\1\s\test\specs\BTS\prerequisites-and-utils-functions.js:1638:9)
    at async Context.<anonymous> (D:\a\1\s\test\specs\HTR\yard-overview-trigger.spec.js:53:9)
]]></system-err>
    </testcase>
    <testcase classname="chrome.136_0_7103_93.windows.Create_masterdata_for_Yard_Overview_-_trigger_provide_US130988" name="Should create a new contract" time="60.125">
      <failure/>
      <error message="element (&quot;//button[@data-kt=&quot;addButton&quot;]&quot;) still not existing after 45000ms"/>
      <system-out><![CDATA[
COMMAND: POST /session/9e73e1aaedc70a27b9ed5aa1345374b1/execute/async - {"script":"<script> [1562 bytes]","args":[{"selector":{"controlType":"sap.m.GenericTile","properties":{"header":"Manage Contracts"}},"wdio_ui5_key":"sapm.GenericTile{\"header\":\"Manage Contracts\"}"}]}
COMMAND: GET /session/9e73e1aaedc70a27b9ed5aa1345374b1/screenshot - {}
RESULT: {"script":"<script> [1562 bytes]","args":[{"selector":{"controlType":"sap.m.GenericTile","properties":{"header":"Manage Contracts"}},"wdio_ui5_key":"sapm.GenericTile{\"header\":\"Manage Contracts\"}"}]}
RESULT: undefined
RESULT: {}
COMMAND: POST /session/9e73e1aaedc70a27b9ed5aa1345374b1/elements - {"using":"xpath","value":"//span[text()='Error']"}
RESULT: {"using":"xpath","value":"//span[text()='Error']"}
COMMAND: POST /session/9e73e1aaedc70a27b9ed5aa1345374b1/element - {"using":"xpath","value":"//button[@data-kt=\"addButton\"]"}
RESULT: {"using":"xpath","value":"//button[@data-kt=\"addButton\"]"}
COMMAND: POST /session/9e73e1aaedc70a27b9ed5aa1345374b1/elements - {"using":"xpath","value":"//button[@data-kt=\"addButton\"]"}
RESULT: {"using":"xpath","value":"//button[@data-kt=\"addButton\"]"}
COMMAND: POST /session/9e73e1aaedc70a27b9ed5aa1345374b1/elements - {"using":"xpath","value":"//button[@data-kt=\"addButton\"]"}
RESULT: {"using":"xpath","value":"//button[@data-kt=\"addButton\"]"}
COMMAND: POST /session/9e73e1aaedc70a27b9ed5aa1345374b1/elements - {"using":"xpath","value":"//button[@data-kt=\"addButton\"]"}
RESULT: {"using":"xpath","value":"//button[@data-kt=\"addButton\"]"}
COMMAND: POST /session/9e73e1aaedc70a27b9ed5aa1345374b1/elements - {"using":"xpath","value":"//button[@data-kt=\"addButton\"]"}
RESULT: {"using":"xpath","value":"//button[@data-kt=\"addButton\"]"}
COMMAND: POST /session/9e73e1aaedc70a27b9ed5aa1345374b1/elements - {"using":"xpath","value":"//button[@data-kt=\"addButton\"]"}
RESULT: {"using":"xpath","value":"//button[@data-kt=\"addButton\"]"}
COMMAND: POST /session/9e73e1aaedc70a27b9ed5aa1345374b1/elements - {"using":"xpath","value":"//button[@data-kt=\"addButton\"]"}
RESULT: {"using":"xpath","value":"//button[@data-kt=\"addButton\"]"}
COMMAND: POST /session/9e73e1aaedc70a27b9ed5aa1345374b1/elements - {"using":"xpath","value":"//button[@data-kt=\"addButton\"]"}
RESULT: {"using":"xpath","value":"//button[@data-kt=\"addButton\"]"}
COMMAND: POST /session/9e73e1aaedc70a27b9ed5aa1345374b1/elements - {"using":"xpath","value":"//button[@data-kt=\"addButton\"]"}
RESULT: {"using":"xpath","value":"//button[@data-kt=\"addButton\"]"}
COMMAND: POST /session/9e73e1aaedc70a27b9ed5aa1345374b1/elements - {"using":"xpath","value":"//button[@data-kt=\"addButton\"]"}
RESULT: {"using":"xpath","value":"//button[@data-kt=\"addButton\"]"}
COMMAND: POST /session/9e73e1aaedc70a27b9ed5aa1345374b1/elements - {"using":"xpath","value":"//button[@data-kt=\"addButton\"]"}
RESULT: {"using":"xpath","value":"//button[@data-kt=\"addButton\"]"}
COMMAND: POST /session/9e73e1aaedc70a27b9ed5aa1345374b1/elements - {"using":"xpath","value":"//button[@data-kt=\"addButton\"]"}
RESULT: {"using":"xpath","value":"//button[@data-kt=\"addButton\"]"}
COMMAND: POST /session/9e73e1aaedc70a27b9ed5aa1345374b1/elements - {"using":"xpath","value":"//button[@data-kt=\"addButton\"]"}
RESULT: {"using":"xpath","value":"//button[@data-kt=\"addButton\"]"}
COMMAND: POST /session/9e73e1aaedc70a27b9ed5aa1345374b1/elements - {"using":"xpath","value":"//button[@data-kt=\"addButton\"]"}
RESULT: {"using":"xpath","value":"//button[@data-kt=\"addButton\"]"}
COMMAND: POST /session/9e73e1aaedc70a27b9ed5aa1345374b1/elements - {"using":"xpath","value":"//button[@data-kt=\"addButton\"]"}
RESULT: {"using":"xpath","value":"//button[@data-kt=\"addButton\"]"}
COMMAND: POST /session/9e73e1aaedc70a27b9ed5aa1345374b1/elements - {"using":"xpath","value":"//button[@data-kt=\"addButton\"]"}
RESULT: {"using":"xpath","value":"//button[@data-kt=\"addButton\"]"}
COMMAND: POST /session/9e73e1aaedc70a27b9ed5aa1345374b1/elements - {"using":"xpath","value":"//button[@data-kt=\"addButton\"]"}
RESULT: {"using":"xpath","value":"//button[@data-kt=\"addButton\"]"}
COMMAND: POST /session/9e73e1aaedc70a27b9ed5aa1345374b1/elements - {"using":"xpath","value":"//button[@data-kt=\"addButton\"]"}
RESULT: {"using":"xpath","value":"//button[@data-kt=\"addButton\"]"}
COMMAND: POST /session/9e73e1aaedc70a27b9ed5aa1345374b1/elements - {"using":"xpath","value":"//button[@data-kt=\"addButton\"]"}
RESULT: {"using":"xpath","value":"//button[@data-kt=\"addButton\"]"}
COMMAND: POST /session/9e73e1aaedc70a27b9ed5aa1345374b1/elements - {"using":"xpath","value":"//button[@data-kt=\"addButton\"]"}
RESULT: {"using":"xpath","value":"//button[@data-kt=\"addButton\"]"}
COMMAND: POST /session/9e73e1aaedc70a27b9ed5aa1345374b1/elements - {"using":"xpath","value":"//button[@data-kt=\"addButton\"]"}
RESULT: {"using":"xpath","value":"//button[@data-kt=\"addButton\"]"}
COMMAND: POST /session/9e73e1aaedc70a27b9ed5aa1345374b1/elements - {"using":"xpath","value":"//button[@data-kt=\"addButton\"]"}
RESULT: {"using":"xpath","value":"//button[@data-kt=\"addButton\"]"}
COMMAND: POST /session/9e73e1aaedc70a27b9ed5aa1345374b1/elements - {"using":"xpath","value":"//button[@data-kt=\"addButton\"]"}
RESULT: {"using":"xpath","value":"//button[@data-kt=\"addButton\"]"}
COMMAND: POST /session/9e73e1aaedc70a27b9ed5aa1345374b1/elements - {"using":"xpath","value":"//button[@data-kt=\"addButton\"]"}
RESULT: {"using":"xpath","value":"//button[@data-kt=\"addButton\"]"}
COMMAND: POST /session/9e73e1aaedc70a27b9ed5aa1345374b1/elements - {"using":"xpath","value":"//button[@data-kt=\"addButton\"]"}
RESULT: {"using":"xpath","value":"//button[@data-kt=\"addButton\"]"}
COMMAND: POST /session/9e73e1aaedc70a27b9ed5aa1345374b1/elements - {"using":"xpath","value":"//button[@data-kt=\"addButton\"]"}
RESULT: {"using":"xpath","value":"//button[@data-kt=\"addButton\"]"}
COMMAND: POST /session/9e73e1aaedc70a27b9ed5aa1345374b1/elements - {"using":"xpath","value":"//button[@data-kt=\"addButton\"]"}
RESULT: {"using":"xpath","value":"//button[@data-kt=\"addButton\"]"}
COMMAND: POST /session/9e73e1aaedc70a27b9ed5aa1345374b1/elements - {"using":"xpath","value":"//button[@data-kt=\"addButton\"]"}
RESULT: {"using":"xpath","value":"//button[@data-kt=\"addButton\"]"}
COMMAND: POST /session/9e73e1aaedc70a27b9ed5aa1345374b1/elements - {"using":"xpath","value":"//button[@data-kt=\"addButton\"]"}
RESULT: {"using":"xpath","value":"//button[@data-kt=\"addButton\"]"}
COMMAND: POST /session/9e73e1aaedc70a27b9ed5aa1345374b1/elements - {"using":"xpath","value":"//button[@data-kt=\"addButton\"]"}
RESULT: {"using":"xpath","value":"//button[@data-kt=\"addButton\"]"}
COMMAND: POST /session/9e73e1aaedc70a27b9ed5aa1345374b1/elements - {"using":"xpath","value":"//button[@data-kt=\"addButton\"]"}
RESULT: {"using":"xpath","value":"//button[@data-kt=\"addButton\"]"}
COMMAND: POST /session/9e73e1aaedc70a27b9ed5aa1345374b1/elements - {"using":"xpath","value":"//button[@data-kt=\"addButton\"]"}
RESULT: {"using":"xpath","value":"//button[@data-kt=\"addButton\"]"}
COMMAND: POST /session/9e73e1aaedc70a27b9ed5aa1345374b1/elements - {"using":"xpath","value":"//button[@data-kt=\"addButton\"]"}
RESULT: {"using":"xpath","value":"//button[@data-kt=\"addButton\"]"}
COMMAND: POST /session/9e73e1aaedc70a27b9ed5aa1345374b1/elements - {"using":"xpath","value":"//button[@data-kt=\"addButton\"]"}
RESULT: {"using":"xpath","value":"//button[@data-kt=\"addButton\"]"}
COMMAND: POST /session/9e73e1aaedc70a27b9ed5aa1345374b1/elements - {"using":"xpath","value":"//button[@data-kt=\"addButton\"]"}
RESULT: {"using":"xpath","value":"//button[@data-kt=\"addButton\"]"}
COMMAND: POST /session/9e73e1aaedc70a27b9ed5aa1345374b1/elements - {"using":"xpath","value":"//button[@data-kt=\"addButton\"]"}
RESULT: {"using":"xpath","value":"//button[@data-kt=\"addButton\"]"}
COMMAND: POST /session/9e73e1aaedc70a27b9ed5aa1345374b1/elements - {"using":"xpath","value":"//button[@data-kt=\"addButton\"]"}
RESULT: {"using":"xpath","value":"//button[@data-kt=\"addButton\"]"}
COMMAND: POST /session/9e73e1aaedc70a27b9ed5aa1345374b1/elements - {"using":"xpath","value":"//button[@data-kt=\"addButton\"]"}
RESULT: {"using":"xpath","value":"//button[@data-kt=\"addButton\"]"}
COMMAND: POST /session/9e73e1aaedc70a27b9ed5aa1345374b1/elements - {"using":"xpath","value":"//button[@data-kt=\"addButton\"]"}
RESULT: {"using":"xpath","value":"//button[@data-kt=\"addButton\"]"}
COMMAND: POST /session/9e73e1aaedc70a27b9ed5aa1345374b1/elements - {"using":"xpath","value":"//button[@data-kt=\"addButton\"]"}
RESULT: {"using":"xpath","value":"//button[@data-kt=\"addButton\"]"}
COMMAND: POST /session/9e73e1aaedc70a27b9ed5aa1345374b1/elements - {"using":"xpath","value":"//button[@data-kt=\"addButton\"]"}
RESULT: {"using":"xpath","value":"//button[@data-kt=\"addButton\"]"}
COMMAND: POST /session/9e73e1aaedc70a27b9ed5aa1345374b1/elements - {"using":"xpath","value":"//button[@data-kt=\"addButton\"]"}
RESULT: {"using":"xpath","value":"//button[@data-kt=\"addButton\"]"}
COMMAND: POST /session/9e73e1aaedc70a27b9ed5aa1345374b1/elements - {"using":"xpath","value":"//button[@data-kt=\"addButton\"]"}
RESULT: {"using":"xpath","value":"//button[@data-kt=\"addButton\"]"}
COMMAND: POST /session/9e73e1aaedc70a27b9ed5aa1345374b1/elements - {"using":"xpath","value":"//button[@data-kt=\"addButton\"]"}
RESULT: {"using":"xpath","value":"//button[@data-kt=\"addButton\"]"}
COMMAND: POST /session/9e73e1aaedc70a27b9ed5aa1345374b1/elements - {"using":"xpath","value":"//button[@data-kt=\"addButton\"]"}
RESULT: {"using":"xpath","value":"//button[@data-kt=\"addButton\"]"}
COMMAND: POST /session/9e73e1aaedc70a27b9ed5aa1345374b1/elements - {"using":"xpath","value":"//button[@data-kt=\"addButton\"]"}
RESULT: {"using":"xpath","value":"//button[@data-kt=\"addButton\"]"}
COMMAND: POST /session/9e73e1aaedc70a27b9ed5aa1345374b1/elements - {"using":"xpath","value":"//button[@data-kt=\"addButton\"]"}
RESULT: {"using":"xpath","value":"//button[@data-kt=\"addButton\"]"}
COMMAND: POST /session/9e73e1aaedc70a27b9ed5aa1345374b1/elements - {"using":"xpath","value":"//button[@data-kt=\"addButton\"]"}
RESULT: {"using":"xpath","value":"//button[@data-kt=\"addButton\"]"}
COMMAND: POST /session/9e73e1aaedc70a27b9ed5aa1345374b1/elements - {"using":"xpath","value":"//button[@data-kt=\"addButton\"]"}
RESULT: {"using":"xpath","value":"//button[@data-kt=\"addButton\"]"}
COMMAND: POST /session/9e73e1aaedc70a27b9ed5aa1345374b1/elements - {"using":"xpath","value":"//button[@data-kt=\"addButton\"]"}
RESULT: {"using":"xpath","value":"//button[@data-kt=\"addButton\"]"}
COMMAND: POST /session/9e73e1aaedc70a27b9ed5aa1345374b1/elements - {"using":"xpath","value":"//button[@data-kt=\"addButton\"]"}
RESULT: {"using":"xpath","value":"//button[@data-kt=\"addButton\"]"}
COMMAND: POST /session/9e73e1aaedc70a27b9ed5aa1345374b1/elements - {"using":"xpath","value":"//button[@data-kt=\"addButton\"]"}
RESULT: {"using":"xpath","value":"//button[@data-kt=\"addButton\"]"}
COMMAND: POST /session/9e73e1aaedc70a27b9ed5aa1345374b1/elements - {"using":"xpath","value":"//button[@data-kt=\"addButton\"]"}
RESULT: {"using":"xpath","value":"//button[@data-kt=\"addButton\"]"}
COMMAND: POST /session/9e73e1aaedc70a27b9ed5aa1345374b1/elements - {"using":"xpath","value":"//button[@data-kt=\"addButton\"]"}
RESULT: {"using":"xpath","value":"//button[@data-kt=\"addButton\"]"}
COMMAND: POST /session/9e73e1aaedc70a27b9ed5aa1345374b1/elements - {"using":"xpath","value":"//button[@data-kt=\"addButton\"]"}
RESULT: {"using":"xpath","value":"//button[@data-kt=\"addButton\"]"}
COMMAND: POST /session/9e73e1aaedc70a27b9ed5aa1345374b1/elements - {"using":"xpath","value":"//button[@data-kt=\"addButton\"]"}
RESULT: {"using":"xpath","value":"//button[@data-kt=\"addButton\"]"}
COMMAND: POST /session/9e73e1aaedc70a27b9ed5aa1345374b1/elements - {"using":"xpath","value":"//button[@data-kt=\"addButton\"]"}
RESULT: {"using":"xpath","value":"//button[@data-kt=\"addButton\"]"}
COMMAND: POST /session/9e73e1aaedc70a27b9ed5aa1345374b1/elements - {"using":"xpath","value":"//button[@data-kt=\"addButton\"]"}
RESULT: {"using":"xpath","value":"//button[@data-kt=\"addButton\"]"}
COMMAND: POST /session/9e73e1aaedc70a27b9ed5aa1345374b1/elements - {"using":"xpath","value":"//button[@data-kt=\"addButton\"]"}
RESULT: {"using":"xpath","value":"//button[@data-kt=\"addButton\"]"}
COMMAND: POST /session/9e73e1aaedc70a27b9ed5aa1345374b1/elements - {"using":"xpath","value":"//button[@data-kt=\"addButton\"]"}
RESULT: {"using":"xpath","value":"//button[@data-kt=\"addButton\"]"}
COMMAND: POST /session/9e73e1aaedc70a27b9ed5aa1345374b1/elements - {"using":"xpath","value":"//button[@data-kt=\"addButton\"]"}
RESULT: {"using":"xpath","value":"//button[@data-kt=\"addButton\"]"}
COMMAND: POST /session/9e73e1aaedc70a27b9ed5aa1345374b1/elements - {"using":"xpath","value":"//button[@data-kt=\"addButton\"]"}
RESULT: {"using":"xpath","value":"//button[@data-kt=\"addButton\"]"}
COMMAND: POST /session/9e73e1aaedc70a27b9ed5aa1345374b1/elements - {"using":"xpath","value":"//button[@data-kt=\"addButton\"]"}
RESULT: {"using":"xpath","value":"//button[@data-kt=\"addButton\"]"}
COMMAND: POST /session/9e73e1aaedc70a27b9ed5aa1345374b1/elements - {"using":"xpath","value":"//button[@data-kt=\"addButton\"]"}
RESULT: {"using":"xpath","value":"//button[@data-kt=\"addButton\"]"}
COMMAND: POST /session/9e73e1aaedc70a27b9ed5aa1345374b1/elements - {"using":"xpath","value":"//button[@data-kt=\"addButton\"]"}
RESULT: {"using":"xpath","value":"//button[@data-kt=\"addButton\"]"}
COMMAND: POST /session/9e73e1aaedc70a27b9ed5aa1345374b1/elements - {"using":"xpath","value":"//button[@data-kt=\"addButton\"]"}
RESULT: {"using":"xpath","value":"//button[@data-kt=\"addButton\"]"}
COMMAND: POST /session/9e73e1aaedc70a27b9ed5aa1345374b1/elements - {"using":"xpath","value":"//button[@data-kt=\"addButton\"]"}
RESULT: {"using":"xpath","value":"//button[@data-kt=\"addButton\"]"}
COMMAND: POST /session/9e73e1aaedc70a27b9ed5aa1345374b1/elements - {"using":"xpath","value":"//button[@data-kt=\"addButton\"]"}
RESULT: {"using":"xpath","value":"//button[@data-kt=\"addButton\"]"}
COMMAND: POST /session/9e73e1aaedc70a27b9ed5aa1345374b1/elements - {"using":"xpath","value":"//button[@data-kt=\"addButton\"]"}
RESULT: {"using":"xpath","value":"//button[@data-kt=\"addButton\"]"}
COMMAND: POST /session/9e73e1aaedc70a27b9ed5aa1345374b1/elements - {"using":"xpath","value":"//button[@data-kt=\"addButton\"]"}
RESULT: {"using":"xpath","value":"//button[@data-kt=\"addButton\"]"}
COMMAND: POST /session/9e73e1aaedc70a27b9ed5aa1345374b1/elements - {"using":"xpath","value":"//button[@data-kt=\"addButton\"]"}
RESULT: {"using":"xpath","value":"//button[@data-kt=\"addButton\"]"}
COMMAND: POST /session/9e73e1aaedc70a27b9ed5aa1345374b1/elements - {"using":"xpath","value":"//button[@data-kt=\"addButton\"]"}
RESULT: {"using":"xpath","value":"//button[@data-kt=\"addButton\"]"}
COMMAND: POST /session/9e73e1aaedc70a27b9ed5aa1345374b1/elements - {"using":"xpath","value":"//button[@data-kt=\"addButton\"]"}
RESULT: {"using":"xpath","value":"//button[@data-kt=\"addButton\"]"}
COMMAND: POST /session/9e73e1aaedc70a27b9ed5aa1345374b1/elements - {"using":"xpath","value":"//button[@data-kt=\"addButton\"]"}
RESULT: {"using":"xpath","value":"//button[@data-kt=\"addButton\"]"}
COMMAND: POST /session/9e73e1aaedc70a27b9ed5aa1345374b1/elements - {"using":"xpath","value":"//button[@data-kt=\"addButton\"]"}
RESULT: {"using":"xpath","value":"//button[@data-kt=\"addButton\"]"}
COMMAND: POST /session/9e73e1aaedc70a27b9ed5aa1345374b1/elements - {"using":"xpath","value":"//button[@data-kt=\"addButton\"]"}
RESULT: {"using":"xpath","value":"//button[@data-kt=\"addButton\"]"}
COMMAND: POST /session/9e73e1aaedc70a27b9ed5aa1345374b1/elements - {"using":"xpath","value":"//button[@data-kt=\"addButton\"]"}
RESULT: {"using":"xpath","value":"//button[@data-kt=\"addButton\"]"}
COMMAND: POST /session/9e73e1aaedc70a27b9ed5aa1345374b1/elements - {"using":"xpath","value":"//button[@data-kt=\"addButton\"]"}
RESULT: {"using":"xpath","value":"//button[@data-kt=\"addButton\"]"}
COMMAND: POST /session/9e73e1aaedc70a27b9ed5aa1345374b1/elements - {"using":"xpath","value":"//button[@data-kt=\"addButton\"]"}
RESULT: {"using":"xpath","value":"//button[@data-kt=\"addButton\"]"}
COMMAND: POST /session/9e73e1aaedc70a27b9ed5aa1345374b1/elements - {"using":"xpath","value":"//button[@data-kt=\"addButton\"]"}
RESULT: {"using":"xpath","value":"//button[@data-kt=\"addButton\"]"}
COMMAND: POST /session/9e73e1aaedc70a27b9ed5aa1345374b1/elements - {"using":"xpath","value":"//button[@data-kt=\"addButton\"]"}
RESULT: {"using":"xpath","value":"//button[@data-kt=\"addButton\"]"}
COMMAND: POST /session/9e73e1aaedc70a27b9ed5aa1345374b1/elements - {"using":"xpath","value":"//button[@data-kt=\"addButton\"]"}
RESULT: {"using":"xpath","value":"//button[@data-kt=\"addButton\"]"}
COMMAND: POST /session/9e73e1aaedc70a27b9ed5aa1345374b1/elements - {"using":"xpath","value":"//button[@data-kt=\"addButton\"]"}
RESULT: {"using":"xpath","value":"//button[@data-kt=\"addButton\"]"}
COMMAND: POST /session/9e73e1aaedc70a27b9ed5aa1345374b1/elements - {"using":"xpath","value":"//button[@data-kt=\"addButton\"]"}
RESULT: {"using":"xpath","value":"//button[@data-kt=\"addButton\"]"}
COMMAND: POST /session/9e73e1aaedc70a27b9ed5aa1345374b1/elements - {"using":"xpath","value":"//button[@data-kt=\"addButton\"]"}
RESULT: {"using":"xpath","value":"//button[@data-kt=\"addButton\"]"}
COMMAND: POST /session/9e73e1aaedc70a27b9ed5aa1345374b1/elements - {"using":"xpath","value":"//button[@data-kt=\"addButton\"]"}
RESULT: {"using":"xpath","value":"//button[@data-kt=\"addButton\"]"}
COMMAND: POST /session/9e73e1aaedc70a27b9ed5aa1345374b1/elements - {"using":"xpath","value":"//button[@data-kt=\"addButton\"]"}
RESULT: {"using":"xpath","value":"//button[@data-kt=\"addButton\"]"}
COMMAND: POST /session/9e73e1aaedc70a27b9ed5aa1345374b1/elements - {"using":"xpath","value":"//button[@data-kt=\"addButton\"]"}
RESULT: {"using":"xpath","value":"//button[@data-kt=\"addButton\"]"}
COMMAND: POST /session/9e73e1aaedc70a27b9ed5aa1345374b1/elements - {"using":"xpath","value":"//button[@data-kt=\"addButton\"]"}
RESULT: {"using":"xpath","value":"//button[@data-kt=\"addButton\"]"}
COMMAND: POST /session/9e73e1aaedc70a27b9ed5aa1345374b1/elements - {"using":"xpath","value":"//button[@data-kt=\"addButton\"]"}
RESULT: {"using":"xpath","value":"//button[@data-kt=\"addButton\"]"}
COMMAND: POST /session/9e73e1aaedc70a27b9ed5aa1345374b1/elements - {"using":"xpath","value":"//button[@data-kt=\"addButton\"]"}
RESULT: {"using":"xpath","value":"//button[@data-kt=\"addButton\"]"}
COMMAND: GET /session/9e73e1aaedc70a27b9ed5aa1345374b1/screenshot - {}
RESULT: {}
]]></system-out>
      <system-err><![CDATA[
Error: element ("//button[@data-kt="addButton"]") still not existing after 45000ms
    at async UtilsPrerequisites.contractCreation (D:\a\1\s\test\specs\BTS\prerequisites-and-utils-functions.js:1741:9)
    at async Context.<anonymous> (D:\a\1\s\test\specs\HTR\yard-overview-trigger.spec.js:57:44)
]]></system-err>
    </testcase>
    <testcase classname="chrome.136_0_7103_93.windows.Create_masterdata_for_Yard_Overview_-_trigger_provide_US130988" name="Should add created equipment to contract" time="60.891">
      <failure/>
      <error message="Can't call click on element with selector &quot;//button[@data-kt=&quot;contractDetailEditBtnButton&quot;]&quot; because element wasn't found"/>
      <system-out><![CDATA[
COMMAND: GET /session/9e73e1aaedc70a27b9ed5aa1345374b1/screenshot - {}
COMMAND: POST /session/9e73e1aaedc70a27b9ed5aa1345374b1/element - {"using":"xpath","value":"//button[@data-kt=\"contractDetailEditBtnButton\"]"}
RESULT: {}
RESULT: {"using":"xpath","value":"//button[@data-kt=\"contractDetailEditBtnButton\"]"}
COMMAND: POST /session/9e73e1aaedc70a27b9ed5aa1345374b1/elements - {"using":"xpath","value":"//button[@data-kt=\"contractDetailEditBtnButton\"]"}
RESULT: {"using":"xpath","value":"//button[@data-kt=\"contractDetailEditBtnButton\"]"}
COMMAND: POST /session/9e73e1aaedc70a27b9ed5aa1345374b1/elements - {"using":"xpath","value":"//button[@data-kt=\"contractDetailEditBtnButton\"]"}
RESULT: {"using":"xpath","value":"//button[@data-kt=\"contractDetailEditBtnButton\"]"}
COMMAND: POST /session/9e73e1aaedc70a27b9ed5aa1345374b1/elements - {"using":"xpath","value":"//button[@data-kt=\"contractDetailEditBtnButton\"]"}
RESULT: {"using":"xpath","value":"//button[@data-kt=\"contractDetailEditBtnButton\"]"}
COMMAND: POST /session/9e73e1aaedc70a27b9ed5aa1345374b1/elements - {"using":"xpath","value":"//button[@data-kt=\"contractDetailEditBtnButton\"]"}
RESULT: {"using":"xpath","value":"//button[@data-kt=\"contractDetailEditBtnButton\"]"}
COMMAND: POST /session/9e73e1aaedc70a27b9ed5aa1345374b1/elements - {"using":"xpath","value":"//button[@data-kt=\"contractDetailEditBtnButton\"]"}
RESULT: {"using":"xpath","value":"//button[@data-kt=\"contractDetailEditBtnButton\"]"}
COMMAND: POST /session/9e73e1aaedc70a27b9ed5aa1345374b1/elements - {"using":"xpath","value":"//button[@data-kt=\"contractDetailEditBtnButton\"]"}
RESULT: {"using":"xpath","value":"//button[@data-kt=\"contractDetailEditBtnButton\"]"}
COMMAND: POST /session/9e73e1aaedc70a27b9ed5aa1345374b1/elements - {"using":"xpath","value":"//button[@data-kt=\"contractDetailEditBtnButton\"]"}
RESULT: {"using":"xpath","value":"//button[@data-kt=\"contractDetailEditBtnButton\"]"}
COMMAND: POST /session/9e73e1aaedc70a27b9ed5aa1345374b1/elements - {"using":"xpath","value":"//button[@data-kt=\"contractDetailEditBtnButton\"]"}
RESULT: {"using":"xpath","value":"//button[@data-kt=\"contractDetailEditBtnButton\"]"}
COMMAND: POST /session/9e73e1aaedc70a27b9ed5aa1345374b1/elements - {"using":"xpath","value":"//button[@data-kt=\"contractDetailEditBtnButton\"]"}
RESULT: {"using":"xpath","value":"//button[@data-kt=\"contractDetailEditBtnButton\"]"}
COMMAND: POST /session/9e73e1aaedc70a27b9ed5aa1345374b1/elements - {"using":"xpath","value":"//button[@data-kt=\"contractDetailEditBtnButton\"]"}
RESULT: {"using":"xpath","value":"//button[@data-kt=\"contractDetailEditBtnButton\"]"}
COMMAND: POST /session/9e73e1aaedc70a27b9ed5aa1345374b1/elements - {"using":"xpath","value":"//button[@data-kt=\"contractDetailEditBtnButton\"]"}
RESULT: {"using":"xpath","value":"//button[@data-kt=\"contractDetailEditBtnButton\"]"}
COMMAND: POST /session/9e73e1aaedc70a27b9ed5aa1345374b1/elements - {"using":"xpath","value":"//button[@data-kt=\"contractDetailEditBtnButton\"]"}
RESULT: {"using":"xpath","value":"//button[@data-kt=\"contractDetailEditBtnButton\"]"}
COMMAND: POST /session/9e73e1aaedc70a27b9ed5aa1345374b1/elements - {"using":"xpath","value":"//button[@data-kt=\"contractDetailEditBtnButton\"]"}
RESULT: {"using":"xpath","value":"//button[@data-kt=\"contractDetailEditBtnButton\"]"}
COMMAND: POST /session/9e73e1aaedc70a27b9ed5aa1345374b1/elements - {"using":"xpath","value":"//button[@data-kt=\"contractDetailEditBtnButton\"]"}
RESULT: {"using":"xpath","value":"//button[@data-kt=\"contractDetailEditBtnButton\"]"}
COMMAND: POST /session/9e73e1aaedc70a27b9ed5aa1345374b1/elements - {"using":"xpath","value":"//button[@data-kt=\"contractDetailEditBtnButton\"]"}
RESULT: {"using":"xpath","value":"//button[@data-kt=\"contractDetailEditBtnButton\"]"}
COMMAND: POST /session/9e73e1aaedc70a27b9ed5aa1345374b1/elements - {"using":"xpath","value":"//button[@data-kt=\"contractDetailEditBtnButton\"]"}
RESULT: {"using":"xpath","value":"//button[@data-kt=\"contractDetailEditBtnButton\"]"}
COMMAND: POST /session/9e73e1aaedc70a27b9ed5aa1345374b1/elements - {"using":"xpath","value":"//button[@data-kt=\"contractDetailEditBtnButton\"]"}
RESULT: {"using":"xpath","value":"//button[@data-kt=\"contractDetailEditBtnButton\"]"}
COMMAND: POST /session/9e73e1aaedc70a27b9ed5aa1345374b1/elements - {"using":"xpath","value":"//button[@data-kt=\"contractDetailEditBtnButton\"]"}
RESULT: {"using":"xpath","value":"//button[@data-kt=\"contractDetailEditBtnButton\"]"}
COMMAND: POST /session/9e73e1aaedc70a27b9ed5aa1345374b1/elements - {"using":"xpath","value":"//button[@data-kt=\"contractDetailEditBtnButton\"]"}
RESULT: {"using":"xpath","value":"//button[@data-kt=\"contractDetailEditBtnButton\"]"}
COMMAND: POST /session/9e73e1aaedc70a27b9ed5aa1345374b1/elements - {"using":"xpath","value":"//button[@data-kt=\"contractDetailEditBtnButton\"]"}
RESULT: {"using":"xpath","value":"//button[@data-kt=\"contractDetailEditBtnButton\"]"}
COMMAND: POST /session/9e73e1aaedc70a27b9ed5aa1345374b1/elements - {"using":"xpath","value":"//button[@data-kt=\"contractDetailEditBtnButton\"]"}
RESULT: {"using":"xpath","value":"//button[@data-kt=\"contractDetailEditBtnButton\"]"}
COMMAND: POST /session/9e73e1aaedc70a27b9ed5aa1345374b1/elements - {"using":"xpath","value":"//button[@data-kt=\"contractDetailEditBtnButton\"]"}
RESULT: {"using":"xpath","value":"//button[@data-kt=\"contractDetailEditBtnButton\"]"}
COMMAND: POST /session/9e73e1aaedc70a27b9ed5aa1345374b1/elements - {"using":"xpath","value":"//button[@data-kt=\"contractDetailEditBtnButton\"]"}
RESULT: {"using":"xpath","value":"//button[@data-kt=\"contractDetailEditBtnButton\"]"}
COMMAND: POST /session/9e73e1aaedc70a27b9ed5aa1345374b1/elements - {"using":"xpath","value":"//button[@data-kt=\"contractDetailEditBtnButton\"]"}
RESULT: {"using":"xpath","value":"//button[@data-kt=\"contractDetailEditBtnButton\"]"}
COMMAND: POST /session/9e73e1aaedc70a27b9ed5aa1345374b1/elements - {"using":"xpath","value":"//button[@data-kt=\"contractDetailEditBtnButton\"]"}
RESULT: {"using":"xpath","value":"//button[@data-kt=\"contractDetailEditBtnButton\"]"}
COMMAND: POST /session/9e73e1aaedc70a27b9ed5aa1345374b1/elements - {"using":"xpath","value":"//button[@data-kt=\"contractDetailEditBtnButton\"]"}
RESULT: {"using":"xpath","value":"//button[@data-kt=\"contractDetailEditBtnButton\"]"}
COMMAND: POST /session/9e73e1aaedc70a27b9ed5aa1345374b1/elements - {"using":"xpath","value":"//button[@data-kt=\"contractDetailEditBtnButton\"]"}
RESULT: {"using":"xpath","value":"//button[@data-kt=\"contractDetailEditBtnButton\"]"}
COMMAND: POST /session/9e73e1aaedc70a27b9ed5aa1345374b1/elements - {"using":"xpath","value":"//button[@data-kt=\"contractDetailEditBtnButton\"]"}
RESULT: {"using":"xpath","value":"//button[@data-kt=\"contractDetailEditBtnButton\"]"}
COMMAND: POST /session/9e73e1aaedc70a27b9ed5aa1345374b1/elements - {"using":"xpath","value":"//button[@data-kt=\"contractDetailEditBtnButton\"]"}
RESULT: {"using":"xpath","value":"//button[@data-kt=\"contractDetailEditBtnButton\"]"}
COMMAND: POST /session/9e73e1aaedc70a27b9ed5aa1345374b1/elements - {"using":"xpath","value":"//button[@data-kt=\"contractDetailEditBtnButton\"]"}
RESULT: {"using":"xpath","value":"//button[@data-kt=\"contractDetailEditBtnButton\"]"}
COMMAND: POST /session/9e73e1aaedc70a27b9ed5aa1345374b1/elements - {"using":"xpath","value":"//button[@data-kt=\"contractDetailEditBtnButton\"]"}
RESULT: {"using":"xpath","value":"//button[@data-kt=\"contractDetailEditBtnButton\"]"}
COMMAND: POST /session/9e73e1aaedc70a27b9ed5aa1345374b1/elements - {"using":"xpath","value":"//button[@data-kt=\"contractDetailEditBtnButton\"]"}
RESULT: {"using":"xpath","value":"//button[@data-kt=\"contractDetailEditBtnButton\"]"}
COMMAND: POST /session/9e73e1aaedc70a27b9ed5aa1345374b1/elements - {"using":"xpath","value":"//button[@data-kt=\"contractDetailEditBtnButton\"]"}
RESULT: {"using":"xpath","value":"//button[@data-kt=\"contractDetailEditBtnButton\"]"}
COMMAND: POST /session/9e73e1aaedc70a27b9ed5aa1345374b1/elements - {"using":"xpath","value":"//button[@data-kt=\"contractDetailEditBtnButton\"]"}
RESULT: {"using":"xpath","value":"//button[@data-kt=\"contractDetailEditBtnButton\"]"}
COMMAND: POST /session/9e73e1aaedc70a27b9ed5aa1345374b1/elements - {"using":"xpath","value":"//button[@data-kt=\"contractDetailEditBtnButton\"]"}
RESULT: {"using":"xpath","value":"//button[@data-kt=\"contractDetailEditBtnButton\"]"}
COMMAND: POST /session/9e73e1aaedc70a27b9ed5aa1345374b1/elements - {"using":"xpath","value":"//button[@data-kt=\"contractDetailEditBtnButton\"]"}
RESULT: {"using":"xpath","value":"//button[@data-kt=\"contractDetailEditBtnButton\"]"}
COMMAND: POST /session/9e73e1aaedc70a27b9ed5aa1345374b1/elements - {"using":"xpath","value":"//button[@data-kt=\"contractDetailEditBtnButton\"]"}
RESULT: {"using":"xpath","value":"//button[@data-kt=\"contractDetailEditBtnButton\"]"}
COMMAND: POST /session/9e73e1aaedc70a27b9ed5aa1345374b1/elements - {"using":"xpath","value":"//button[@data-kt=\"contractDetailEditBtnButton\"]"}
RESULT: {"using":"xpath","value":"//button[@data-kt=\"contractDetailEditBtnButton\"]"}
COMMAND: POST /session/9e73e1aaedc70a27b9ed5aa1345374b1/elements - {"using":"xpath","value":"//button[@data-kt=\"contractDetailEditBtnButton\"]"}
RESULT: {"using":"xpath","value":"//button[@data-kt=\"contractDetailEditBtnButton\"]"}
COMMAND: POST /session/9e73e1aaedc70a27b9ed5aa1345374b1/elements - {"using":"xpath","value":"//button[@data-kt=\"contractDetailEditBtnButton\"]"}
RESULT: {"using":"xpath","value":"//button[@data-kt=\"contractDetailEditBtnButton\"]"}
COMMAND: POST /session/9e73e1aaedc70a27b9ed5aa1345374b1/elements - {"using":"xpath","value":"//button[@data-kt=\"contractDetailEditBtnButton\"]"}
RESULT: {"using":"xpath","value":"//button[@data-kt=\"contractDetailEditBtnButton\"]"}
COMMAND: POST /session/9e73e1aaedc70a27b9ed5aa1345374b1/elements - {"using":"xpath","value":"//button[@data-kt=\"contractDetailEditBtnButton\"]"}
RESULT: {"using":"xpath","value":"//button[@data-kt=\"contractDetailEditBtnButton\"]"}
COMMAND: POST /session/9e73e1aaedc70a27b9ed5aa1345374b1/elements - {"using":"xpath","value":"//button[@data-kt=\"contractDetailEditBtnButton\"]"}
RESULT: {"using":"xpath","value":"//button[@data-kt=\"contractDetailEditBtnButton\"]"}
COMMAND: POST /session/9e73e1aaedc70a27b9ed5aa1345374b1/elements - {"using":"xpath","value":"//button[@data-kt=\"contractDetailEditBtnButton\"]"}
RESULT: {"using":"xpath","value":"//button[@data-kt=\"contractDetailEditBtnButton\"]"}
COMMAND: POST /session/9e73e1aaedc70a27b9ed5aa1345374b1/elements - {"using":"xpath","value":"//button[@data-kt=\"contractDetailEditBtnButton\"]"}
RESULT: {"using":"xpath","value":"//button[@data-kt=\"contractDetailEditBtnButton\"]"}
COMMAND: POST /session/9e73e1aaedc70a27b9ed5aa1345374b1/elements - {"using":"xpath","value":"//button[@data-kt=\"contractDetailEditBtnButton\"]"}
RESULT: {"using":"xpath","value":"//button[@data-kt=\"contractDetailEditBtnButton\"]"}
COMMAND: POST /session/9e73e1aaedc70a27b9ed5aa1345374b1/elements - {"using":"xpath","value":"//button[@data-kt=\"contractDetailEditBtnButton\"]"}
RESULT: {"using":"xpath","value":"//button[@data-kt=\"contractDetailEditBtnButton\"]"}
COMMAND: POST /session/9e73e1aaedc70a27b9ed5aa1345374b1/elements - {"using":"xpath","value":"//button[@data-kt=\"contractDetailEditBtnButton\"]"}
RESULT: {"using":"xpath","value":"//button[@data-kt=\"contractDetailEditBtnButton\"]"}
COMMAND: POST /session/9e73e1aaedc70a27b9ed5aa1345374b1/elements - {"using":"xpath","value":"//button[@data-kt=\"contractDetailEditBtnButton\"]"}
RESULT: {"using":"xpath","value":"//button[@data-kt=\"contractDetailEditBtnButton\"]"}
COMMAND: POST /session/9e73e1aaedc70a27b9ed5aa1345374b1/elements - {"using":"xpath","value":"//button[@data-kt=\"contractDetailEditBtnButton\"]"}
RESULT: {"using":"xpath","value":"//button[@data-kt=\"contractDetailEditBtnButton\"]"}
COMMAND: POST /session/9e73e1aaedc70a27b9ed5aa1345374b1/elements - {"using":"xpath","value":"//button[@data-kt=\"contractDetailEditBtnButton\"]"}
RESULT: {"using":"xpath","value":"//button[@data-kt=\"contractDetailEditBtnButton\"]"}
COMMAND: POST /session/9e73e1aaedc70a27b9ed5aa1345374b1/elements - {"using":"xpath","value":"//button[@data-kt=\"contractDetailEditBtnButton\"]"}
RESULT: {"using":"xpath","value":"//button[@data-kt=\"contractDetailEditBtnButton\"]"}
COMMAND: POST /session/9e73e1aaedc70a27b9ed5aa1345374b1/elements - {"using":"xpath","value":"//button[@data-kt=\"contractDetailEditBtnButton\"]"}
RESULT: {"using":"xpath","value":"//button[@data-kt=\"contractDetailEditBtnButton\"]"}
COMMAND: POST /session/9e73e1aaedc70a27b9ed5aa1345374b1/elements - {"using":"xpath","value":"//button[@data-kt=\"contractDetailEditBtnButton\"]"}
RESULT: {"using":"xpath","value":"//button[@data-kt=\"contractDetailEditBtnButton\"]"}
COMMAND: POST /session/9e73e1aaedc70a27b9ed5aa1345374b1/elements - {"using":"xpath","value":"//button[@data-kt=\"contractDetailEditBtnButton\"]"}
RESULT: {"using":"xpath","value":"//button[@data-kt=\"contractDetailEditBtnButton\"]"}
COMMAND: POST /session/9e73e1aaedc70a27b9ed5aa1345374b1/elements - {"using":"xpath","value":"//button[@data-kt=\"contractDetailEditBtnButton\"]"}
RESULT: {"using":"xpath","value":"//button[@data-kt=\"contractDetailEditBtnButton\"]"}
COMMAND: POST /session/9e73e1aaedc70a27b9ed5aa1345374b1/elements - {"using":"xpath","value":"//button[@data-kt=\"contractDetailEditBtnButton\"]"}
RESULT: {"using":"xpath","value":"//button[@data-kt=\"contractDetailEditBtnButton\"]"}
COMMAND: POST /session/9e73e1aaedc70a27b9ed5aa1345374b1/elements - {"using":"xpath","value":"//button[@data-kt=\"contractDetailEditBtnButton\"]"}
RESULT: {"using":"xpath","value":"//button[@data-kt=\"contractDetailEditBtnButton\"]"}
COMMAND: POST /session/9e73e1aaedc70a27b9ed5aa1345374b1/elements - {"using":"xpath","value":"//button[@data-kt=\"contractDetailEditBtnButton\"]"}
RESULT: {"using":"xpath","value":"//button[@data-kt=\"contractDetailEditBtnButton\"]"}
COMMAND: POST /session/9e73e1aaedc70a27b9ed5aa1345374b1/elements - {"using":"xpath","value":"//button[@data-kt=\"contractDetailEditBtnButton\"]"}
RESULT: {"using":"xpath","value":"//button[@data-kt=\"contractDetailEditBtnButton\"]"}
COMMAND: POST /session/9e73e1aaedc70a27b9ed5aa1345374b1/elements - {"using":"xpath","value":"//button[@data-kt=\"contractDetailEditBtnButton\"]"}
RESULT: {"using":"xpath","value":"//button[@data-kt=\"contractDetailEditBtnButton\"]"}
COMMAND: POST /session/9e73e1aaedc70a27b9ed5aa1345374b1/elements - {"using":"xpath","value":"//button[@data-kt=\"contractDetailEditBtnButton\"]"}
RESULT: {"using":"xpath","value":"//button[@data-kt=\"contractDetailEditBtnButton\"]"}
COMMAND: POST /session/9e73e1aaedc70a27b9ed5aa1345374b1/elements - {"using":"xpath","value":"//button[@data-kt=\"contractDetailEditBtnButton\"]"}
RESULT: {"using":"xpath","value":"//button[@data-kt=\"contractDetailEditBtnButton\"]"}
COMMAND: POST /session/9e73e1aaedc70a27b9ed5aa1345374b1/elements - {"using":"xpath","value":"//button[@data-kt=\"contractDetailEditBtnButton\"]"}
RESULT: {"using":"xpath","value":"//button[@data-kt=\"contractDetailEditBtnButton\"]"}
COMMAND: POST /session/9e73e1aaedc70a27b9ed5aa1345374b1/elements - {"using":"xpath","value":"//button[@data-kt=\"contractDetailEditBtnButton\"]"}
RESULT: {"using":"xpath","value":"//button[@data-kt=\"contractDetailEditBtnButton\"]"}
COMMAND: POST /session/9e73e1aaedc70a27b9ed5aa1345374b1/elements - {"using":"xpath","value":"//button[@data-kt=\"contractDetailEditBtnButton\"]"}
RESULT: {"using":"xpath","value":"//button[@data-kt=\"contractDetailEditBtnButton\"]"}
COMMAND: POST /session/9e73e1aaedc70a27b9ed5aa1345374b1/elements - {"using":"xpath","value":"//button[@data-kt=\"contractDetailEditBtnButton\"]"}
RESULT: {"using":"xpath","value":"//button[@data-kt=\"contractDetailEditBtnButton\"]"}
COMMAND: POST /session/9e73e1aaedc70a27b9ed5aa1345374b1/elements - {"using":"xpath","value":"//button[@data-kt=\"contractDetailEditBtnButton\"]"}
RESULT: {"using":"xpath","value":"//button[@data-kt=\"contractDetailEditBtnButton\"]"}
COMMAND: POST /session/9e73e1aaedc70a27b9ed5aa1345374b1/elements - {"using":"xpath","value":"//button[@data-kt=\"contractDetailEditBtnButton\"]"}
RESULT: {"using":"xpath","value":"//button[@data-kt=\"contractDetailEditBtnButton\"]"}
COMMAND: POST /session/9e73e1aaedc70a27b9ed5aa1345374b1/elements - {"using":"xpath","value":"//button[@data-kt=\"contractDetailEditBtnButton\"]"}
RESULT: {"using":"xpath","value":"//button[@data-kt=\"contractDetailEditBtnButton\"]"}
COMMAND: POST /session/9e73e1aaedc70a27b9ed5aa1345374b1/elements - {"using":"xpath","value":"//button[@data-kt=\"contractDetailEditBtnButton\"]"}
RESULT: {"using":"xpath","value":"//button[@data-kt=\"contractDetailEditBtnButton\"]"}
COMMAND: POST /session/9e73e1aaedc70a27b9ed5aa1345374b1/elements - {"using":"xpath","value":"//button[@data-kt=\"contractDetailEditBtnButton\"]"}
RESULT: {"using":"xpath","value":"//button[@data-kt=\"contractDetailEditBtnButton\"]"}
COMMAND: POST /session/9e73e1aaedc70a27b9ed5aa1345374b1/elements - {"using":"xpath","value":"//button[@data-kt=\"contractDetailEditBtnButton\"]"}
RESULT: {"using":"xpath","value":"//button[@data-kt=\"contractDetailEditBtnButton\"]"}
COMMAND: POST /session/9e73e1aaedc70a27b9ed5aa1345374b1/elements - {"using":"xpath","value":"//button[@data-kt=\"contractDetailEditBtnButton\"]"}
RESULT: {"using":"xpath","value":"//button[@data-kt=\"contractDetailEditBtnButton\"]"}
COMMAND: POST /session/9e73e1aaedc70a27b9ed5aa1345374b1/elements - {"using":"xpath","value":"//button[@data-kt=\"contractDetailEditBtnButton\"]"}
RESULT: {"using":"xpath","value":"//button[@data-kt=\"contractDetailEditBtnButton\"]"}
COMMAND: POST /session/9e73e1aaedc70a27b9ed5aa1345374b1/elements - {"using":"xpath","value":"//button[@data-kt=\"contractDetailEditBtnButton\"]"}
RESULT: {"using":"xpath","value":"//button[@data-kt=\"contractDetailEditBtnButton\"]"}
COMMAND: POST /session/9e73e1aaedc70a27b9ed5aa1345374b1/elements - {"using":"xpath","value":"//button[@data-kt=\"contractDetailEditBtnButton\"]"}
RESULT: {"using":"xpath","value":"//button[@data-kt=\"contractDetailEditBtnButton\"]"}
COMMAND: POST /session/9e73e1aaedc70a27b9ed5aa1345374b1/elements - {"using":"xpath","value":"//button[@data-kt=\"contractDetailEditBtnButton\"]"}
RESULT: {"using":"xpath","value":"//button[@data-kt=\"contractDetailEditBtnButton\"]"}
COMMAND: POST /session/9e73e1aaedc70a27b9ed5aa1345374b1/elements - {"using":"xpath","value":"//button[@data-kt=\"contractDetailEditBtnButton\"]"}
RESULT: {"using":"xpath","value":"//button[@data-kt=\"contractDetailEditBtnButton\"]"}
COMMAND: POST /session/9e73e1aaedc70a27b9ed5aa1345374b1/elements - {"using":"xpath","value":"//button[@data-kt=\"contractDetailEditBtnButton\"]"}
RESULT: {"using":"xpath","value":"//button[@data-kt=\"contractDetailEditBtnButton\"]"}
COMMAND: POST /session/9e73e1aaedc70a27b9ed5aa1345374b1/elements - {"using":"xpath","value":"//button[@data-kt=\"contractDetailEditBtnButton\"]"}
RESULT: {"using":"xpath","value":"//button[@data-kt=\"contractDetailEditBtnButton\"]"}
COMMAND: POST /session/9e73e1aaedc70a27b9ed5aa1345374b1/elements - {"using":"xpath","value":"//button[@data-kt=\"contractDetailEditBtnButton\"]"}
RESULT: {"using":"xpath","value":"//button[@data-kt=\"contractDetailEditBtnButton\"]"}
COMMAND: POST /session/9e73e1aaedc70a27b9ed5aa1345374b1/elements - {"using":"xpath","value":"//button[@data-kt=\"contractDetailEditBtnButton\"]"}
RESULT: {"using":"xpath","value":"//button[@data-kt=\"contractDetailEditBtnButton\"]"}
COMMAND: POST /session/9e73e1aaedc70a27b9ed5aa1345374b1/elements - {"using":"xpath","value":"//button[@data-kt=\"contractDetailEditBtnButton\"]"}
RESULT: {"using":"xpath","value":"//button[@data-kt=\"contractDetailEditBtnButton\"]"}
COMMAND: POST /session/9e73e1aaedc70a27b9ed5aa1345374b1/elements - {"using":"xpath","value":"//button[@data-kt=\"contractDetailEditBtnButton\"]"}
RESULT: {"using":"xpath","value":"//button[@data-kt=\"contractDetailEditBtnButton\"]"}
COMMAND: POST /session/9e73e1aaedc70a27b9ed5aa1345374b1/elements - {"using":"xpath","value":"//button[@data-kt=\"contractDetailEditBtnButton\"]"}
RESULT: {"using":"xpath","value":"//button[@data-kt=\"contractDetailEditBtnButton\"]"}
COMMAND: POST /session/9e73e1aaedc70a27b9ed5aa1345374b1/elements - {"using":"xpath","value":"//button[@data-kt=\"contractDetailEditBtnButton\"]"}
RESULT: {"using":"xpath","value":"//button[@data-kt=\"contractDetailEditBtnButton\"]"}
COMMAND: POST /session/9e73e1aaedc70a27b9ed5aa1345374b1/elements - {"using":"xpath","value":"//button[@data-kt=\"contractDetailEditBtnButton\"]"}
RESULT: {"using":"xpath","value":"//button[@data-kt=\"contractDetailEditBtnButton\"]"}
COMMAND: POST /session/9e73e1aaedc70a27b9ed5aa1345374b1/elements - {"using":"xpath","value":"//button[@data-kt=\"contractDetailEditBtnButton\"]"}
RESULT: {"using":"xpath","value":"//button[@data-kt=\"contractDetailEditBtnButton\"]"}
COMMAND: POST /session/9e73e1aaedc70a27b9ed5aa1345374b1/elements - {"using":"xpath","value":"//button[@data-kt=\"contractDetailEditBtnButton\"]"}
RESULT: {"using":"xpath","value":"//button[@data-kt=\"contractDetailEditBtnButton\"]"}
COMMAND: POST /session/9e73e1aaedc70a27b9ed5aa1345374b1/elements - {"using":"xpath","value":"//button[@data-kt=\"contractDetailEditBtnButton\"]"}
RESULT: {"using":"xpath","value":"//button[@data-kt=\"contractDetailEditBtnButton\"]"}
COMMAND: POST /session/9e73e1aaedc70a27b9ed5aa1345374b1/elements - {"using":"xpath","value":"//button[@data-kt=\"contractDetailEditBtnButton\"]"}
RESULT: {"using":"xpath","value":"//button[@data-kt=\"contractDetailEditBtnButton\"]"}
COMMAND: POST /session/9e73e1aaedc70a27b9ed5aa1345374b1/elements - {"using":"xpath","value":"//button[@data-kt=\"contractDetailEditBtnButton\"]"}
RESULT: {"using":"xpath","value":"//button[@data-kt=\"contractDetailEditBtnButton\"]"}
COMMAND: POST /session/9e73e1aaedc70a27b9ed5aa1345374b1/elements - {"using":"xpath","value":"//button[@data-kt=\"contractDetailEditBtnButton\"]"}
RESULT: {"using":"xpath","value":"//button[@data-kt=\"contractDetailEditBtnButton\"]"}
COMMAND: POST /session/9e73e1aaedc70a27b9ed5aa1345374b1/elements - {"using":"xpath","value":"//button[@data-kt=\"contractDetailEditBtnButton\"]"}
RESULT: {"using":"xpath","value":"//button[@data-kt=\"contractDetailEditBtnButton\"]"}
COMMAND: POST /session/9e73e1aaedc70a27b9ed5aa1345374b1/elements - {"using":"xpath","value":"//button[@data-kt=\"contractDetailEditBtnButton\"]"}
RESULT: {"using":"xpath","value":"//button[@data-kt=\"contractDetailEditBtnButton\"]"}
COMMAND: POST /session/9e73e1aaedc70a27b9ed5aa1345374b1/elements - {"using":"xpath","value":"//button[@data-kt=\"contractDetailEditBtnButton\"]"}
RESULT: {"using":"xpath","value":"//button[@data-kt=\"contractDetailEditBtnButton\"]"}
COMMAND: POST /session/9e73e1aaedc70a27b9ed5aa1345374b1/elements - {"using":"xpath","value":"//button[@data-kt=\"contractDetailEditBtnButton\"]"}
RESULT: {"using":"xpath","value":"//button[@data-kt=\"contractDetailEditBtnButton\"]"}
COMMAND: POST /session/9e73e1aaedc70a27b9ed5aa1345374b1/elements - {"using":"xpath","value":"//button[@data-kt=\"contractDetailEditBtnButton\"]"}
RESULT: {"using":"xpath","value":"//button[@data-kt=\"contractDetailEditBtnButton\"]"}
COMMAND: POST /session/9e73e1aaedc70a27b9ed5aa1345374b1/elements - {"using":"xpath","value":"//button[@data-kt=\"contractDetailEditBtnButton\"]"}
RESULT: {"using":"xpath","value":"//button[@data-kt=\"contractDetailEditBtnButton\"]"}
COMMAND: POST /session/9e73e1aaedc70a27b9ed5aa1345374b1/elements - {"using":"xpath","value":"//button[@data-kt=\"contractDetailEditBtnButton\"]"}
RESULT: {"using":"xpath","value":"//button[@data-kt=\"contractDetailEditBtnButton\"]"}
COMMAND: POST /session/9e73e1aaedc70a27b9ed5aa1345374b1/elements - {"using":"xpath","value":"//button[@data-kt=\"contractDetailEditBtnButton\"]"}
RESULT: {"using":"xpath","value":"//button[@data-kt=\"contractDetailEditBtnButton\"]"}
COMMAND: POST /session/9e73e1aaedc70a27b9ed5aa1345374b1/elements - {"using":"xpath","value":"//button[@data-kt=\"contractDetailEditBtnButton\"]"}
RESULT: {"using":"xpath","value":"//button[@data-kt=\"contractDetailEditBtnButton\"]"}
COMMAND: POST /session/9e73e1aaedc70a27b9ed5aa1345374b1/elements - {"using":"xpath","value":"//button[@data-kt=\"contractDetailEditBtnButton\"]"}
RESULT: {"using":"xpath","value":"//button[@data-kt=\"contractDetailEditBtnButton\"]"}
COMMAND: POST /session/9e73e1aaedc70a27b9ed5aa1345374b1/elements - {"using":"xpath","value":"//button[@data-kt=\"contractDetailEditBtnButton\"]"}
RESULT: {"using":"xpath","value":"//button[@data-kt=\"contractDetailEditBtnButton\"]"}
COMMAND: POST /session/9e73e1aaedc70a27b9ed5aa1345374b1/elements - {"using":"xpath","value":"//button[@data-kt=\"contractDetailEditBtnButton\"]"}
RESULT: {"using":"xpath","value":"//button[@data-kt=\"contractDetailEditBtnButton\"]"}
COMMAND: POST /session/9e73e1aaedc70a27b9ed5aa1345374b1/elements - {"using":"xpath","value":"//button[@data-kt=\"contractDetailEditBtnButton\"]"}
RESULT: {"using":"xpath","value":"//button[@data-kt=\"contractDetailEditBtnButton\"]"}
COMMAND: POST /session/9e73e1aaedc70a27b9ed5aa1345374b1/elements - {"using":"xpath","value":"//button[@data-kt=\"contractDetailEditBtnButton\"]"}
RESULT: {"using":"xpath","value":"//button[@data-kt=\"contractDetailEditBtnButton\"]"}
COMMAND: POST /session/9e73e1aaedc70a27b9ed5aa1345374b1/elements - {"using":"xpath","value":"//button[@data-kt=\"contractDetailEditBtnButton\"]"}
RESULT: {"using":"xpath","value":"//button[@data-kt=\"contractDetailEditBtnButton\"]"}
COMMAND: POST /session/9e73e1aaedc70a27b9ed5aa1345374b1/elements - {"using":"xpath","value":"//button[@data-kt=\"contractDetailEditBtnButton\"]"}
RESULT: {"using":"xpath","value":"//button[@data-kt=\"contractDetailEditBtnButton\"]"}
COMMAND: POST /session/9e73e1aaedc70a27b9ed5aa1345374b1/elements - {"using":"xpath","value":"//button[@data-kt=\"contractDetailEditBtnButton\"]"}
RESULT: {"using":"xpath","value":"//button[@data-kt=\"contractDetailEditBtnButton\"]"}
COMMAND: POST /session/9e73e1aaedc70a27b9ed5aa1345374b1/elements - {"using":"xpath","value":"//button[@data-kt=\"contractDetailEditBtnButton\"]"}
RESULT: {"using":"xpath","value":"//button[@data-kt=\"contractDetailEditBtnButton\"]"}
COMMAND: POST /session/9e73e1aaedc70a27b9ed5aa1345374b1/elements - {"using":"xpath","value":"//button[@data-kt=\"contractDetailEditBtnButton\"]"}
RESULT: {"using":"xpath","value":"//button[@data-kt=\"contractDetailEditBtnButton\"]"}
COMMAND: POST /session/9e73e1aaedc70a27b9ed5aa1345374b1/elements - {"using":"xpath","value":"//button[@data-kt=\"contractDetailEditBtnButton\"]"}
RESULT: {"using":"xpath","value":"//button[@data-kt=\"contractDetailEditBtnButton\"]"}
COMMAND: POST /session/9e73e1aaedc70a27b9ed5aa1345374b1/elements - {"using":"xpath","value":"//button[@data-kt=\"contractDetailEditBtnButton\"]"}
RESULT: {"using":"xpath","value":"//button[@data-kt=\"contractDetailEditBtnButton\"]"}
COMMAND: POST /session/9e73e1aaedc70a27b9ed5aa1345374b1/elements - {"using":"xpath","value":"//button[@data-kt=\"contractDetailEditBtnButton\"]"}
RESULT: {"using":"xpath","value":"//button[@data-kt=\"contractDetailEditBtnButton\"]"}
COMMAND: POST /session/9e73e1aaedc70a27b9ed5aa1345374b1/elements - {"using":"xpath","value":"//button[@data-kt=\"contractDetailEditBtnButton\"]"}
RESULT: {"using":"xpath","value":"//button[@data-kt=\"contractDetailEditBtnButton\"]"}
COMMAND: POST /session/9e73e1aaedc70a27b9ed5aa1345374b1/elements - {"using":"xpath","value":"//button[@data-kt=\"contractDetailEditBtnButton\"]"}
RESULT: {"using":"xpath","value":"//button[@data-kt=\"contractDetailEditBtnButton\"]"}
COMMAND: POST /session/9e73e1aaedc70a27b9ed5aa1345374b1/elements - {"using":"xpath","value":"//button[@data-kt=\"contractDetailEditBtnButton\"]"}
RESULT: {"using":"xpath","value":"//button[@data-kt=\"contractDetailEditBtnButton\"]"}
COMMAND: POST /session/9e73e1aaedc70a27b9ed5aa1345374b1/elements - {"using":"xpath","value":"//button[@data-kt=\"contractDetailEditBtnButton\"]"}
RESULT: {"using":"xpath","value":"//button[@data-kt=\"contractDetailEditBtnButton\"]"}
COMMAND: POST /session/9e73e1aaedc70a27b9ed5aa1345374b1/elements - {"using":"xpath","value":"//button[@data-kt=\"contractDetailEditBtnButton\"]"}
COMMAND: GET /session/9e73e1aaedc70a27b9ed5aa1345374b1/screenshot - {}
RESULT: {"using":"xpath","value":"//button[@data-kt=\"contractDetailEditBtnButton\"]"}
RESULT: {}
]]></system-out>
      <system-err><![CDATA[
Error: Can't call click on element with selector "//button[@data-kt="contractDetailEditBtnButton"]" because element wasn't found
    at async UtilsPrerequisites.addItemToContract (D:\a\1\s\test\specs\BTS\prerequisites-and-utils-functions.js:1852:9)
    at async Context.<anonymous> (D:\a\1\s\test\specs\HTR\yard-overview-trigger.spec.js:61:9)
]]></system-err>
    </testcase>
    <testcase classname="chrome.136_0_7103_93.windows.Create_masterdata_for_Yard_Overview_-_trigger_provide_US130988" name="Navigate to Yard overview and provide the RU" time="106.432">
      <failure/>
      <error message="Can't call setValue on element with selector &quot;//input[contains(@id ,&quot;searchField-I&quot;)]&quot; because element wasn't found"/>
      <system-out><![CDATA[
COMMAND: POST /session/9e73e1aaedc70a27b9ed5aa1345374b1/execute/async - {"script":"<script> [1562 bytes]","args":[{"selector":{"controlType":"sap.m.GenericTile","properties":{"header":"Yard Overview"}},"wdio_ui5_key":"sapm.GenericTile{\"header\":\"Yard Overview\"}"}]}
COMMAND: GET /session/9e73e1aaedc70a27b9ed5aa1345374b1/screenshot - {}
RESULT: {"script":"<script> [1562 bytes]","args":[{"selector":{"controlType":"sap.m.GenericTile","properties":{"header":"Yard Overview"}},"wdio_ui5_key":"sapm.GenericTile{\"header\":\"Yard Overview\"}"}]}
RESULT: undefined
RESULT: {}
COMMAND: POST /session/9e73e1aaedc70a27b9ed5aa1345374b1/elements - {"using":"xpath","value":"//span[text()='Error']"}
RESULT: {"using":"xpath","value":"//span[text()='Error']"}
COMMAND: POST /session/9e73e1aaedc70a27b9ed5aa1345374b1/element - {"using":"xpath","value":"//input[contains(@id,\"smartFilterBar-btnBasicSearch-I\")]"}
RESULT: {"using":"xpath","value":"//input[contains(@id,\"smartFilterBar-btnBasicSearch-I\")]"}
COMMAND: POST /session/9e73e1aaedc70a27b9ed5aa1345374b1/elements - {"using":"xpath","value":"//input[contains(@id,\"smartFilterBar-btnBasicSearch-I\")]"}
RESULT: {"using":"xpath","value":"//input[contains(@id,\"smartFilterBar-btnBasicSearch-I\")]"}
COMMAND: POST /session/9e73e1aaedc70a27b9ed5aa1345374b1/execute/sync - {"script":"<script> [8489 bytes]","args":[{"element-6066-11e4-a52e-4f735466cecf":"f.5E45C3E070B80AFBDD66E7CC48C5F2D3.d.991F40FEFC235235412E2356FC1DA53B.e.3241","ELEMENT":"f.5E45C3E070B80AFBDD66E7CC48C5F2D3.d.991F40FEFC235235412E2356FC1DA53B.e.3241"}]}
RESULT: {"script":"<script> [8489 bytes]","args":[{"element-6066-11e4-a52e-4f735466cecf":"f.5E45C3E070B80AFBDD66E7CC48C5F2D3.d.991F40FEFC235235412E2356FC1DA53B.e.3241","ELEMENT":"f.5E45C3E070B80AFBDD66E7CC48C5F2D3.d.991F40FEFC235235412E2356FC1DA53B.e.3241"}]}
COMMAND: GET /session/9e73e1aaedc70a27b9ed5aa1345374b1/element/f.5E45C3E070B80AFBDD66E7CC48C5F2D3.d.991F40FEFC235235412E2356FC1DA53B.e.3241/enabled - {}
COMMAND: GET /session/9e73e1aaedc70a27b9ed5aa1345374b1/screenshot - {}
RESULT: {}
COMMAND: POST /session/9e73e1aaedc70a27b9ed5aa1345374b1/execute/sync - {"script":"<script> [8489 bytes]","args":[{"element-6066-11e4-a52e-4f735466cecf":"f.5E45C3E070B80AFBDD66E7CC48C5F2D3.d.991F40FEFC235235412E2356FC1DA53B.e.3241","ELEMENT":"f.5E45C3E070B80AFBDD66E7CC48C5F2D3.d.991F40FEFC235235412E2356FC1DA53B.e.3241"}]}
COMMAND: GET /session/9e73e1aaedc70a27b9ed5aa1345374b1/screenshot - {}
RESULT: {}
RESULT: {"script":"<script> [8489 bytes]","args":[{"element-6066-11e4-a52e-4f735466cecf":"f.5E45C3E070B80AFBDD66E7CC48C5F2D3.d.991F40FEFC235235412E2356FC1DA53B.e.3241","ELEMENT":"f.5E45C3E070B80AFBDD66E7CC48C5F2D3.d.991F40FEFC235235412E2356FC1DA53B.e.3241"}]}
COMMAND: POST /session/9e73e1aaedc70a27b9ed5aa1345374b1/execute/sync - {"script":"<script> [5351 bytes]","args":[{"element-6066-11e4-a52e-4f735466cecf":"f.5E45C3E070B80AFBDD66E7CC48C5F2D3.d.991F40FEFC235235412E2356FC1DA53B.e.3241","ELEMENT":"f.5E45C3E070B80AFBDD66E7CC48C5F2D3.d.991F40FEFC235235412E2356FC1DA53B.e.3241"}]}
COMMAND: GET /session/9e73e1aaedc70a27b9ed5aa1345374b1/screenshot - {}
RESULT: {}
RESULT: {"script":"<script> [5351 bytes]","args":[{"element-6066-11e4-a52e-4f735466cecf":"f.5E45C3E070B80AFBDD66E7CC48C5F2D3.d.991F40FEFC235235412E2356FC1DA53B.e.3241","ELEMENT":"f.5E45C3E070B80AFBDD66E7CC48C5F2D3.d.991F40FEFC235235412E2356FC1DA53B.e.3241"}]}
COMMAND: GET /session/9e73e1aaedc70a27b9ed5aa1345374b1/screenshot - {}
RESULT: {}
RESULT: {}
COMMAND: POST /session/9e73e1aaedc70a27b9ed5aa1345374b1/element/f.5E45C3E070B80AFBDD66E7CC48C5F2D3.d.991F40FEFC235235412E2356FC1DA53B.e.3241/clear - {}
RESULT: {}
COMMAND: POST /session/9e73e1aaedc70a27b9ed5aa1345374b1/element/f.5E45C3E070B80AFBDD66E7CC48C5F2D3.d.991F40FEFC235235412E2356FC1DA53B.e.3241/value - {"text":"545"}
COMMAND: GET /session/9e73e1aaedc70a27b9ed5aa1345374b1/screenshot - {}
RESULT: {"text":"545"}
COMMAND: GET /session/9e73e1aaedc70a27b9ed5aa1345374b1/screenshot - {}
RESULT: {}
RESULT: {}
COMMAND: POST /session/9e73e1aaedc70a27b9ed5aa1345374b1/actions - {"actions":[{"id":"action9","type":"key","parameters":{},"actions":[{"type":"keyDown","value":""},{"type":"pause","duration":10},{"type":"keyUp","value":""}]}]}
RESULT: {"actions":[{"id":"action9","type":"key","parameters":{},"actions":[{"type":"keyDown","value":""},{"type":"pause","duration":10},{"type":"keyUp","value":""}]}]}
COMMAND: GET /session/9e73e1aaedc70a27b9ed5aa1345374b1/screenshot - {}
RESULT: {}
COMMAND: POST /session/9e73e1aaedc70a27b9ed5aa1345374b1/element - {"using":"xpath","value":"//span[contains(@id, \"smartTable-header-inner\")]"}
RESULT: {"using":"xpath","value":"//span[contains(@id, \"smartTable-header-inner\")]"}
COMMAND: POST /session/9e73e1aaedc70a27b9ed5aa1345374b1/elements - {"using":"xpath","value":"//span[contains(@id, \"smartTable-header-inner\")]"}
RESULT: {"using":"xpath","value":"//span[contains(@id, \"smartTable-header-inner\")]"}
COMMAND: POST /session/9e73e1aaedc70a27b9ed5aa1345374b1/execute/sync - {"script":"<script> [56 bytes]","args":[{"element-6066-11e4-a52e-4f735466cecf":"f.5E45C3E070B80AFBDD66E7CC48C5F2D3.d.991F40FEFC235235412E2356FC1DA53B.e.3670","ELEMENT":"f.5E45C3E070B80AFBDD66E7CC48C5F2D3.d.991F40FEFC235235412E2356FC1DA53B.e.3670"}]}
RESULT: {"script":"<script> [56 bytes]","args":[{"element-6066-11e4-a52e-4f735466cecf":"f.5E45C3E070B80AFBDD66E7CC48C5F2D3.d.991F40FEFC235235412E2356FC1DA53B.e.3670","ELEMENT":"f.5E45C3E070B80AFBDD66E7CC48C5F2D3.d.991F40FEFC235235412E2356FC1DA53B.e.3670"}]}
COMMAND: POST /session/9e73e1aaedc70a27b9ed5aa1345374b1/element - {"using":"xpath","value":"(//span[contains(@id, \"imgNav\")])[1]"}
COMMAND: GET /session/9e73e1aaedc70a27b9ed5aa1345374b1/screenshot - {}
RESULT: {"using":"xpath","value":"(//span[contains(@id, \"imgNav\")])[1]"}
COMMAND: POST /session/9e73e1aaedc70a27b9ed5aa1345374b1/element/f.5E45C3E070B80AFBDD66E7CC48C5F2D3.d.991F40FEFC235235412E2356FC1DA53B.e.3298/click - {}
RESULT: {}
RESULT: {}
COMMAND: GET /session/9e73e1aaedc70a27b9ed5aa1345374b1/screenshot - {}
RESULT: {}
COMMAND: POST /session/9e73e1aaedc70a27b9ed5aa1345374b1/execute/async - {"script":"<script> [1562 bytes]","args":[{"selector":{"id":"application-yardoverview-display-component---detailYardInventory--openProvides-triggerAction-provideBtn","interaction":{"idSuffix":"BDI-content"}},"wdio_ui5_key":"applicationyardoverview-display-component---detailYardInventory--openProvides-triggerAction-provideBtn"}]}
RESULT: {"script":"<script> [1562 bytes]","args":[{"selector":{"id":"application-yardoverview-display-component---detailYardInventory--openProvides-triggerAction-provideBtn","interaction":{"idSuffix":"BDI-content"}},"wdio_ui5_key":"applicationyardoverview-display-component---detailYardInventory--openProvides-triggerAction-provideBtn"}]}
RESULT: undefined
COMMAND: POST /session/9e73e1aaedc70a27b9ed5aa1345374b1/execute/async - {"script":"<script> [1562 bytes]","args":[{"selector":{"controlType":"sap.m.CheckBox","viewName":"etm.portal.ui.yardoverview.view.Detail","viewId":"application-yardoverview-display-component---detailYardInventory","properties":{"editable":true},"ancestor":{"controlType":"sap.m.ColumnListItem","viewName":"etm.portal.ui.yardoverview.view.Detail","viewId":"application-yardoverview-display-component---detailYardInventory","bindingPath":{"path":"/SmartOpenRUYardInventory(CONTRACT='null',ITEM=10m,SUB_ITEM=0m)"},"ancestor":{"id":"application-yardoverview-display-component---detailYardInventory--customProvidesTable"}},"interaction":{"idSuffix":"CbBg"}},"wdio_ui5_key":"etmportal.ui.yardoverview.view.Detailsap.m.CheckBox{\"editable\":true}{\"controlType\":\"sap.m.ColumnListItem\",\"viewName\":\"etm.portal.ui.yardoverview.view.Detail\",\"viewId\":\"application-yardoverview-display-component---detailYardInventory\",\"bindingPath\":{\"path\":\"/SmartOpenRUYardInventory(CONTRACT='null',ITEM=10m,SUB_ITEM=0m)\"},\"ancestor\":{\"id\":\"application-yardoverview-display-component---detailYardInventory--customProvidesTable\"}}"}]}
RESULT: {"script":"<script> [1562 bytes]","args":[{"selector":{"controlType":"sap.m.CheckBox","viewName":"etm.portal.ui.yardoverview.view.Detail","viewId":"application-yardoverview-display-component---detailYardInventory","properties":{"editable":true},"ancestor":{"controlType":"sap.m.ColumnListItem","viewName":"etm.portal.ui.yardoverview.view.Detail","viewId":"application-yardoverview-display-component---detailYardInventory","bindingPath":{"path":"/SmartOpenRUYardInventory(CONTRACT='null',ITEM=10m,SUB_ITEM=0m)"},"ancestor":{"id":"application-yardoverview-display-component---detailYardInventory--customProvidesTable"}},"interaction":{"idSuffix":"CbBg"}},"wdio_ui5_key":"etmportal.ui.yardoverview.view.Detailsap.m.CheckBox{\"editable\":true}{\"controlType\":\"sap.m.ColumnListItem\",\"viewName\":\"etm.portal.ui.yardoverview.view.Detail\",\"viewId\":\"application-yardoverview-display-component---detailYardInventory\",\"bindingPath\":{\"path\":\"/SmartOpenRUYardInventory(CONTRACT='null',ITEM=10m,SUB_ITEM=0m)\"},\"ancestor\":{\"id\":\"application-yardoverview-display-component---detailYardInventory--customProvidesTable\"}}"}]}
RESULT: undefined
RESULT: undefined
COMMAND: POST /session/9e73e1aaedc70a27b9ed5aa1345374b1/actions - {"actions":[{"id":"action10","type":"key","parameters":{},"actions":[{"type":"keyDown","value":""},{"type":"pause","duration":10},{"type":"keyUp","value":""}]}]}
RESULT: {"actions":[{"id":"action10","type":"key","parameters":{},"actions":[{"type":"keyDown","value":""},{"type":"pause","duration":10},{"type":"keyUp","value":""}]}]}
COMMAND: GET /session/9e73e1aaedc70a27b9ed5aa1345374b1/screenshot - {}
RESULT: {}
COMMAND: POST /session/9e73e1aaedc70a27b9ed5aa1345374b1/execute/async - {"script":"<script> [1562 bytes]","args":[{"selector":{"id":"application-yardoverview-display-component---detailYardInventory--smartTableProvides-btnPersonalisation-img"},"wdio_ui5_key":"applicationyardoverview-display-component---detailYardInventory--smartTableProvides-btnPersonalisation-img"}]}
RESULT: {"script":"<script> [1562 bytes]","args":[{"selector":{"id":"application-yardoverview-display-component---detailYardInventory--smartTableProvides-btnPersonalisation-img"},"wdio_ui5_key":"applicationyardoverview-display-component---detailYardInventory--smartTableProvides-btnPersonalisation-img"}]}
RESULT: undefined
COMMAND: POST /session/9e73e1aaedc70a27b9ed5aa1345374b1/element - {"using":"xpath","value":"//input[contains(@id ,\"searchField-I\")]"}
RESULT: {"using":"xpath","value":"//input[contains(@id ,\"searchField-I\")]"}
COMMAND: POST /session/9e73e1aaedc70a27b9ed5aa1345374b1/elements - {"using":"xpath","value":"//input[contains(@id ,\"searchField-I\")]"}
RESULT: {"using":"xpath","value":"//input[contains(@id ,\"searchField-I\")]"}
COMMAND: POST /session/9e73e1aaedc70a27b9ed5aa1345374b1/elements - {"using":"xpath","value":"//input[contains(@id ,\"searchField-I\")]"}
RESULT: {"using":"xpath","value":"//input[contains(@id ,\"searchField-I\")]"}
COMMAND: POST /session/9e73e1aaedc70a27b9ed5aa1345374b1/elements - {"using":"xpath","value":"//input[contains(@id ,\"searchField-I\")]"}
RESULT: {"using":"xpath","value":"//input[contains(@id ,\"searchField-I\")]"}
COMMAND: POST /session/9e73e1aaedc70a27b9ed5aa1345374b1/elements - {"using":"xpath","value":"//input[contains(@id ,\"searchField-I\")]"}
RESULT: {"using":"xpath","value":"//input[contains(@id ,\"searchField-I\")]"}
COMMAND: POST /session/9e73e1aaedc70a27b9ed5aa1345374b1/elements - {"using":"xpath","value":"//input[contains(@id ,\"searchField-I\")]"}
RESULT: {"using":"xpath","value":"//input[contains(@id ,\"searchField-I\")]"}
COMMAND: POST /session/9e73e1aaedc70a27b9ed5aa1345374b1/elements - {"using":"xpath","value":"//input[contains(@id ,\"searchField-I\")]"}
RESULT: {"using":"xpath","value":"//input[contains(@id ,\"searchField-I\")]"}
COMMAND: POST /session/9e73e1aaedc70a27b9ed5aa1345374b1/elements - {"using":"xpath","value":"//input[contains(@id ,\"searchField-I\")]"}
RESULT: {"using":"xpath","value":"//input[contains(@id ,\"searchField-I\")]"}
COMMAND: POST /session/9e73e1aaedc70a27b9ed5aa1345374b1/elements - {"using":"xpath","value":"//input[contains(@id ,\"searchField-I\")]"}
RESULT: {"using":"xpath","value":"//input[contains(@id ,\"searchField-I\")]"}
COMMAND: POST /session/9e73e1aaedc70a27b9ed5aa1345374b1/elements - {"using":"xpath","value":"//input[contains(@id ,\"searchField-I\")]"}
RESULT: {"using":"xpath","value":"//input[contains(@id ,\"searchField-I\")]"}
COMMAND: POST /session/9e73e1aaedc70a27b9ed5aa1345374b1/elements - {"using":"xpath","value":"//input[contains(@id ,\"searchField-I\")]"}
RESULT: {"using":"xpath","value":"//input[contains(@id ,\"searchField-I\")]"}
COMMAND: POST /session/9e73e1aaedc70a27b9ed5aa1345374b1/elements - {"using":"xpath","value":"//input[contains(@id ,\"searchField-I\")]"}
RESULT: {"using":"xpath","value":"//input[contains(@id ,\"searchField-I\")]"}
COMMAND: POST /session/9e73e1aaedc70a27b9ed5aa1345374b1/elements - {"using":"xpath","value":"//input[contains(@id ,\"searchField-I\")]"}
RESULT: {"using":"xpath","value":"//input[contains(@id ,\"searchField-I\")]"}
COMMAND: POST /session/9e73e1aaedc70a27b9ed5aa1345374b1/elements - {"using":"xpath","value":"//input[contains(@id ,\"searchField-I\")]"}
RESULT: {"using":"xpath","value":"//input[contains(@id ,\"searchField-I\")]"}
COMMAND: POST /session/9e73e1aaedc70a27b9ed5aa1345374b1/elements - {"using":"xpath","value":"//input[contains(@id ,\"searchField-I\")]"}
RESULT: {"using":"xpath","value":"//input[contains(@id ,\"searchField-I\")]"}
COMMAND: POST /session/9e73e1aaedc70a27b9ed5aa1345374b1/elements - {"using":"xpath","value":"//input[contains(@id ,\"searchField-I\")]"}
RESULT: {"using":"xpath","value":"//input[contains(@id ,\"searchField-I\")]"}
COMMAND: POST /session/9e73e1aaedc70a27b9ed5aa1345374b1/elements - {"using":"xpath","value":"//input[contains(@id ,\"searchField-I\")]"}
RESULT: {"using":"xpath","value":"//input[contains(@id ,\"searchField-I\")]"}
COMMAND: POST /session/9e73e1aaedc70a27b9ed5aa1345374b1/elements - {"using":"xpath","value":"//input[contains(@id ,\"searchField-I\")]"}
RESULT: {"using":"xpath","value":"//input[contains(@id ,\"searchField-I\")]"}
COMMAND: POST /session/9e73e1aaedc70a27b9ed5aa1345374b1/elements - {"using":"xpath","value":"//input[contains(@id ,\"searchField-I\")]"}
RESULT: {"using":"xpath","value":"//input[contains(@id ,\"searchField-I\")]"}
COMMAND: POST /session/9e73e1aaedc70a27b9ed5aa1345374b1/elements - {"using":"xpath","value":"//input[contains(@id ,\"searchField-I\")]"}
RESULT: {"using":"xpath","value":"//input[contains(@id ,\"searchField-I\")]"}
COMMAND: POST /session/9e73e1aaedc70a27b9ed5aa1345374b1/elements - {"using":"xpath","value":"//input[contains(@id ,\"searchField-I\")]"}
RESULT: {"using":"xpath","value":"//input[contains(@id ,\"searchField-I\")]"}
COMMAND: POST /session/9e73e1aaedc70a27b9ed5aa1345374b1/elements - {"using":"xpath","value":"//input[contains(@id ,\"searchField-I\")]"}
RESULT: {"using":"xpath","value":"//input[contains(@id ,\"searchField-I\")]"}
COMMAND: POST /session/9e73e1aaedc70a27b9ed5aa1345374b1/elements - {"using":"xpath","value":"//input[contains(@id ,\"searchField-I\")]"}
RESULT: {"using":"xpath","value":"//input[contains(@id ,\"searchField-I\")]"}
COMMAND: POST /session/9e73e1aaedc70a27b9ed5aa1345374b1/elements - {"using":"xpath","value":"//input[contains(@id ,\"searchField-I\")]"}
RESULT: {"using":"xpath","value":"//input[contains(@id ,\"searchField-I\")]"}
COMMAND: POST /session/9e73e1aaedc70a27b9ed5aa1345374b1/elements - {"using":"xpath","value":"//input[contains(@id ,\"searchField-I\")]"}
RESULT: {"using":"xpath","value":"//input[contains(@id ,\"searchField-I\")]"}
COMMAND: POST /session/9e73e1aaedc70a27b9ed5aa1345374b1/elements - {"using":"xpath","value":"//input[contains(@id ,\"searchField-I\")]"}
RESULT: {"using":"xpath","value":"//input[contains(@id ,\"searchField-I\")]"}
COMMAND: POST /session/9e73e1aaedc70a27b9ed5aa1345374b1/elements - {"using":"xpath","value":"//input[contains(@id ,\"searchField-I\")]"}
RESULT: {"using":"xpath","value":"//input[contains(@id ,\"searchField-I\")]"}
COMMAND: POST /session/9e73e1aaedc70a27b9ed5aa1345374b1/elements - {"using":"xpath","value":"//input[contains(@id ,\"searchField-I\")]"}
RESULT: {"using":"xpath","value":"//input[contains(@id ,\"searchField-I\")]"}
COMMAND: POST /session/9e73e1aaedc70a27b9ed5aa1345374b1/elements - {"using":"xpath","value":"//input[contains(@id ,\"searchField-I\")]"}
RESULT: {"using":"xpath","value":"//input[contains(@id ,\"searchField-I\")]"}
COMMAND: POST /session/9e73e1aaedc70a27b9ed5aa1345374b1/elements - {"using":"xpath","value":"//input[contains(@id ,\"searchField-I\")]"}
RESULT: {"using":"xpath","value":"//input[contains(@id ,\"searchField-I\")]"}
COMMAND: POST /session/9e73e1aaedc70a27b9ed5aa1345374b1/elements - {"using":"xpath","value":"//input[contains(@id ,\"searchField-I\")]"}
RESULT: {"using":"xpath","value":"//input[contains(@id ,\"searchField-I\")]"}
COMMAND: POST /session/9e73e1aaedc70a27b9ed5aa1345374b1/elements - {"using":"xpath","value":"//input[contains(@id ,\"searchField-I\")]"}
RESULT: {"using":"xpath","value":"//input[contains(@id ,\"searchField-I\")]"}
COMMAND: POST /session/9e73e1aaedc70a27b9ed5aa1345374b1/elements - {"using":"xpath","value":"//input[contains(@id ,\"searchField-I\")]"}
RESULT: {"using":"xpath","value":"//input[contains(@id ,\"searchField-I\")]"}
COMMAND: POST /session/9e73e1aaedc70a27b9ed5aa1345374b1/elements - {"using":"xpath","value":"//input[contains(@id ,\"searchField-I\")]"}
RESULT: {"using":"xpath","value":"//input[contains(@id ,\"searchField-I\")]"}
COMMAND: POST /session/9e73e1aaedc70a27b9ed5aa1345374b1/elements - {"using":"xpath","value":"//input[contains(@id ,\"searchField-I\")]"}
RESULT: {"using":"xpath","value":"//input[contains(@id ,\"searchField-I\")]"}
COMMAND: POST /session/9e73e1aaedc70a27b9ed5aa1345374b1/elements - {"using":"xpath","value":"//input[contains(@id ,\"searchField-I\")]"}
RESULT: {"using":"xpath","value":"//input[contains(@id ,\"searchField-I\")]"}
COMMAND: POST /session/9e73e1aaedc70a27b9ed5aa1345374b1/elements - {"using":"xpath","value":"//input[contains(@id ,\"searchField-I\")]"}
RESULT: {"using":"xpath","value":"//input[contains(@id ,\"searchField-I\")]"}
COMMAND: POST /session/9e73e1aaedc70a27b9ed5aa1345374b1/elements - {"using":"xpath","value":"//input[contains(@id ,\"searchField-I\")]"}
RESULT: {"using":"xpath","value":"//input[contains(@id ,\"searchField-I\")]"}
COMMAND: POST /session/9e73e1aaedc70a27b9ed5aa1345374b1/elements - {"using":"xpath","value":"//input[contains(@id ,\"searchField-I\")]"}
RESULT: {"using":"xpath","value":"//input[contains(@id ,\"searchField-I\")]"}
COMMAND: POST /session/9e73e1aaedc70a27b9ed5aa1345374b1/elements - {"using":"xpath","value":"//input[contains(@id ,\"searchField-I\")]"}
RESULT: {"using":"xpath","value":"//input[contains(@id ,\"searchField-I\")]"}
COMMAND: POST /session/9e73e1aaedc70a27b9ed5aa1345374b1/elements - {"using":"xpath","value":"//input[contains(@id ,\"searchField-I\")]"}
RESULT: {"using":"xpath","value":"//input[contains(@id ,\"searchField-I\")]"}
COMMAND: POST /session/9e73e1aaedc70a27b9ed5aa1345374b1/elements - {"using":"xpath","value":"//input[contains(@id ,\"searchField-I\")]"}
RESULT: {"using":"xpath","value":"//input[contains(@id ,\"searchField-I\")]"}
COMMAND: POST /session/9e73e1aaedc70a27b9ed5aa1345374b1/elements - {"using":"xpath","value":"//input[contains(@id ,\"searchField-I\")]"}
RESULT: {"using":"xpath","value":"//input[contains(@id ,\"searchField-I\")]"}
COMMAND: POST /session/9e73e1aaedc70a27b9ed5aa1345374b1/elements - {"using":"xpath","value":"//input[contains(@id ,\"searchField-I\")]"}
RESULT: {"using":"xpath","value":"//input[contains(@id ,\"searchField-I\")]"}
COMMAND: POST /session/9e73e1aaedc70a27b9ed5aa1345374b1/elements - {"using":"xpath","value":"//input[contains(@id ,\"searchField-I\")]"}
RESULT: {"using":"xpath","value":"//input[contains(@id ,\"searchField-I\")]"}
COMMAND: POST /session/9e73e1aaedc70a27b9ed5aa1345374b1/elements - {"using":"xpath","value":"//input[contains(@id ,\"searchField-I\")]"}
RESULT: {"using":"xpath","value":"//input[contains(@id ,\"searchField-I\")]"}
COMMAND: POST /session/9e73e1aaedc70a27b9ed5aa1345374b1/elements - {"using":"xpath","value":"//input[contains(@id ,\"searchField-I\")]"}
RESULT: {"using":"xpath","value":"//input[contains(@id ,\"searchField-I\")]"}
COMMAND: POST /session/9e73e1aaedc70a27b9ed5aa1345374b1/elements - {"using":"xpath","value":"//input[contains(@id ,\"searchField-I\")]"}
RESULT: {"using":"xpath","value":"//input[contains(@id ,\"searchField-I\")]"}
COMMAND: POST /session/9e73e1aaedc70a27b9ed5aa1345374b1/elements - {"using":"xpath","value":"//input[contains(@id ,\"searchField-I\")]"}
RESULT: {"using":"xpath","value":"//input[contains(@id ,\"searchField-I\")]"}
COMMAND: POST /session/9e73e1aaedc70a27b9ed5aa1345374b1/elements - {"using":"xpath","value":"//input[contains(@id ,\"searchField-I\")]"}
RESULT: {"using":"xpath","value":"//input[contains(@id ,\"searchField-I\")]"}
COMMAND: POST /session/9e73e1aaedc70a27b9ed5aa1345374b1/elements - {"using":"xpath","value":"//input[contains(@id ,\"searchField-I\")]"}
RESULT: {"using":"xpath","value":"//input[contains(@id ,\"searchField-I\")]"}
COMMAND: POST /session/9e73e1aaedc70a27b9ed5aa1345374b1/elements - {"using":"xpath","value":"//input[contains(@id ,\"searchField-I\")]"}
RESULT: {"using":"xpath","value":"//input[contains(@id ,\"searchField-I\")]"}
COMMAND: POST /session/9e73e1aaedc70a27b9ed5aa1345374b1/elements - {"using":"xpath","value":"//input[contains(@id ,\"searchField-I\")]"}
RESULT: {"using":"xpath","value":"//input[contains(@id ,\"searchField-I\")]"}
COMMAND: POST /session/9e73e1aaedc70a27b9ed5aa1345374b1/elements - {"using":"xpath","value":"//input[contains(@id ,\"searchField-I\")]"}
RESULT: {"using":"xpath","value":"//input[contains(@id ,\"searchField-I\")]"}
COMMAND: POST /session/9e73e1aaedc70a27b9ed5aa1345374b1/elements - {"using":"xpath","value":"//input[contains(@id ,\"searchField-I\")]"}
RESULT: {"using":"xpath","value":"//input[contains(@id ,\"searchField-I\")]"}
COMMAND: POST /session/9e73e1aaedc70a27b9ed5aa1345374b1/elements - {"using":"xpath","value":"//input[contains(@id ,\"searchField-I\")]"}
RESULT: {"using":"xpath","value":"//input[contains(@id ,\"searchField-I\")]"}
COMMAND: POST /session/9e73e1aaedc70a27b9ed5aa1345374b1/elements - {"using":"xpath","value":"//input[contains(@id ,\"searchField-I\")]"}
RESULT: {"using":"xpath","value":"//input[contains(@id ,\"searchField-I\")]"}
COMMAND: POST /session/9e73e1aaedc70a27b9ed5aa1345374b1/elements - {"using":"xpath","value":"//input[contains(@id ,\"searchField-I\")]"}
RESULT: {"using":"xpath","value":"//input[contains(@id ,\"searchField-I\")]"}
COMMAND: POST /session/9e73e1aaedc70a27b9ed5aa1345374b1/elements - {"using":"xpath","value":"//input[contains(@id ,\"searchField-I\")]"}
RESULT: {"using":"xpath","value":"//input[contains(@id ,\"searchField-I\")]"}
COMMAND: POST /session/9e73e1aaedc70a27b9ed5aa1345374b1/elements - {"using":"xpath","value":"//input[contains(@id ,\"searchField-I\")]"}
RESULT: {"using":"xpath","value":"//input[contains(@id ,\"searchField-I\")]"}
COMMAND: POST /session/9e73e1aaedc70a27b9ed5aa1345374b1/elements - {"using":"xpath","value":"//input[contains(@id ,\"searchField-I\")]"}
RESULT: {"using":"xpath","value":"//input[contains(@id ,\"searchField-I\")]"}
COMMAND: POST /session/9e73e1aaedc70a27b9ed5aa1345374b1/elements - {"using":"xpath","value":"//input[contains(@id ,\"searchField-I\")]"}
RESULT: {"using":"xpath","value":"//input[contains(@id ,\"searchField-I\")]"}
COMMAND: POST /session/9e73e1aaedc70a27b9ed5aa1345374b1/elements - {"using":"xpath","value":"//input[contains(@id ,\"searchField-I\")]"}
RESULT: {"using":"xpath","value":"//input[contains(@id ,\"searchField-I\")]"}
COMMAND: POST /session/9e73e1aaedc70a27b9ed5aa1345374b1/elements - {"using":"xpath","value":"//input[contains(@id ,\"searchField-I\")]"}
RESULT: {"using":"xpath","value":"//input[contains(@id ,\"searchField-I\")]"}
COMMAND: POST /session/9e73e1aaedc70a27b9ed5aa1345374b1/elements - {"using":"xpath","value":"//input[contains(@id ,\"searchField-I\")]"}
RESULT: {"using":"xpath","value":"//input[contains(@id ,\"searchField-I\")]"}
COMMAND: POST /session/9e73e1aaedc70a27b9ed5aa1345374b1/elements - {"using":"xpath","value":"//input[contains(@id ,\"searchField-I\")]"}
RESULT: {"using":"xpath","value":"//input[contains(@id ,\"searchField-I\")]"}
COMMAND: POST /session/9e73e1aaedc70a27b9ed5aa1345374b1/elements - {"using":"xpath","value":"//input[contains(@id ,\"searchField-I\")]"}
RESULT: {"using":"xpath","value":"//input[contains(@id ,\"searchField-I\")]"}
COMMAND: POST /session/9e73e1aaedc70a27b9ed5aa1345374b1/elements - {"using":"xpath","value":"//input[contains(@id ,\"searchField-I\")]"}
RESULT: {"using":"xpath","value":"//input[contains(@id ,\"searchField-I\")]"}
COMMAND: POST /session/9e73e1aaedc70a27b9ed5aa1345374b1/elements - {"using":"xpath","value":"//input[contains(@id ,\"searchField-I\")]"}
RESULT: {"using":"xpath","value":"//input[contains(@id ,\"searchField-I\")]"}
COMMAND: POST /session/9e73e1aaedc70a27b9ed5aa1345374b1/elements - {"using":"xpath","value":"//input[contains(@id ,\"searchField-I\")]"}
RESULT: {"using":"xpath","value":"//input[contains(@id ,\"searchField-I\")]"}
COMMAND: POST /session/9e73e1aaedc70a27b9ed5aa1345374b1/elements - {"using":"xpath","value":"//input[contains(@id ,\"searchField-I\")]"}
RESULT: {"using":"xpath","value":"//input[contains(@id ,\"searchField-I\")]"}
COMMAND: POST /session/9e73e1aaedc70a27b9ed5aa1345374b1/elements - {"using":"xpath","value":"//input[contains(@id ,\"searchField-I\")]"}
RESULT: {"using":"xpath","value":"//input[contains(@id ,\"searchField-I\")]"}
COMMAND: POST /session/9e73e1aaedc70a27b9ed5aa1345374b1/elements - {"using":"xpath","value":"//input[contains(@id ,\"searchField-I\")]"}
RESULT: {"using":"xpath","value":"//input[contains(@id ,\"searchField-I\")]"}
COMMAND: POST /session/9e73e1aaedc70a27b9ed5aa1345374b1/elements - {"using":"xpath","value":"//input[contains(@id ,\"searchField-I\")]"}
RESULT: {"using":"xpath","value":"//input[contains(@id ,\"searchField-I\")]"}
COMMAND: POST /session/9e73e1aaedc70a27b9ed5aa1345374b1/elements - {"using":"xpath","value":"//input[contains(@id ,\"searchField-I\")]"}
RESULT: {"using":"xpath","value":"//input[contains(@id ,\"searchField-I\")]"}
COMMAND: POST /session/9e73e1aaedc70a27b9ed5aa1345374b1/elements - {"using":"xpath","value":"//input[contains(@id ,\"searchField-I\")]"}
RESULT: {"using":"xpath","value":"//input[contains(@id ,\"searchField-I\")]"}
COMMAND: POST /session/9e73e1aaedc70a27b9ed5aa1345374b1/elements - {"using":"xpath","value":"//input[contains(@id ,\"searchField-I\")]"}
RESULT: {"using":"xpath","value":"//input[contains(@id ,\"searchField-I\")]"}
COMMAND: POST /session/9e73e1aaedc70a27b9ed5aa1345374b1/elements - {"using":"xpath","value":"//input[contains(@id ,\"searchField-I\")]"}
RESULT: {"using":"xpath","value":"//input[contains(@id ,\"searchField-I\")]"}
COMMAND: POST /session/9e73e1aaedc70a27b9ed5aa1345374b1/elements - {"using":"xpath","value":"//input[contains(@id ,\"searchField-I\")]"}
RESULT: {"using":"xpath","value":"//input[contains(@id ,\"searchField-I\")]"}
COMMAND: POST /session/9e73e1aaedc70a27b9ed5aa1345374b1/elements - {"using":"xpath","value":"//input[contains(@id ,\"searchField-I\")]"}
RESULT: {"using":"xpath","value":"//input[contains(@id ,\"searchField-I\")]"}
COMMAND: POST /session/9e73e1aaedc70a27b9ed5aa1345374b1/elements - {"using":"xpath","value":"//input[contains(@id ,\"searchField-I\")]"}
RESULT: {"using":"xpath","value":"//input[contains(@id ,\"searchField-I\")]"}
COMMAND: POST /session/9e73e1aaedc70a27b9ed5aa1345374b1/elements - {"using":"xpath","value":"//input[contains(@id ,\"searchField-I\")]"}
RESULT: {"using":"xpath","value":"//input[contains(@id ,\"searchField-I\")]"}
COMMAND: POST /session/9e73e1aaedc70a27b9ed5aa1345374b1/elements - {"using":"xpath","value":"//input[contains(@id ,\"searchField-I\")]"}
RESULT: {"using":"xpath","value":"//input[contains(@id ,\"searchField-I\")]"}
COMMAND: POST /session/9e73e1aaedc70a27b9ed5aa1345374b1/elements - {"using":"xpath","value":"//input[contains(@id ,\"searchField-I\")]"}
RESULT: {"using":"xpath","value":"//input[contains(@id ,\"searchField-I\")]"}
COMMAND: POST /session/9e73e1aaedc70a27b9ed5aa1345374b1/elements - {"using":"xpath","value":"//input[contains(@id ,\"searchField-I\")]"}
RESULT: {"using":"xpath","value":"//input[contains(@id ,\"searchField-I\")]"}
COMMAND: POST /session/9e73e1aaedc70a27b9ed5aa1345374b1/elements - {"using":"xpath","value":"//input[contains(@id ,\"searchField-I\")]"}
RESULT: {"using":"xpath","value":"//input[contains(@id ,\"searchField-I\")]"}
COMMAND: POST /session/9e73e1aaedc70a27b9ed5aa1345374b1/elements - {"using":"xpath","value":"//input[contains(@id ,\"searchField-I\")]"}
RESULT: {"using":"xpath","value":"//input[contains(@id ,\"searchField-I\")]"}
COMMAND: POST /session/9e73e1aaedc70a27b9ed5aa1345374b1/elements - {"using":"xpath","value":"//input[contains(@id ,\"searchField-I\")]"}
RESULT: {"using":"xpath","value":"//input[contains(@id ,\"searchField-I\")]"}
COMMAND: POST /session/9e73e1aaedc70a27b9ed5aa1345374b1/elements - {"using":"xpath","value":"//input[contains(@id ,\"searchField-I\")]"}
RESULT: {"using":"xpath","value":"//input[contains(@id ,\"searchField-I\")]"}
COMMAND: POST /session/9e73e1aaedc70a27b9ed5aa1345374b1/elements - {"using":"xpath","value":"//input[contains(@id ,\"searchField-I\")]"}
RESULT: {"using":"xpath","value":"//input[contains(@id ,\"searchField-I\")]"}
COMMAND: POST /session/9e73e1aaedc70a27b9ed5aa1345374b1/elements - {"using":"xpath","value":"//input[contains(@id ,\"searchField-I\")]"}
RESULT: {"using":"xpath","value":"//input[contains(@id ,\"searchField-I\")]"}
COMMAND: POST /session/9e73e1aaedc70a27b9ed5aa1345374b1/elements - {"using":"xpath","value":"//input[contains(@id ,\"searchField-I\")]"}
RESULT: {"using":"xpath","value":"//input[contains(@id ,\"searchField-I\")]"}
COMMAND: POST /session/9e73e1aaedc70a27b9ed5aa1345374b1/elements - {"using":"xpath","value":"//input[contains(@id ,\"searchField-I\")]"}
RESULT: {"using":"xpath","value":"//input[contains(@id ,\"searchField-I\")]"}
COMMAND: POST /session/9e73e1aaedc70a27b9ed5aa1345374b1/elements - {"using":"xpath","value":"//input[contains(@id ,\"searchField-I\")]"}
RESULT: {"using":"xpath","value":"//input[contains(@id ,\"searchField-I\")]"}
COMMAND: POST /session/9e73e1aaedc70a27b9ed5aa1345374b1/elements - {"using":"xpath","value":"//input[contains(@id ,\"searchField-I\")]"}
RESULT: {"using":"xpath","value":"//input[contains(@id ,\"searchField-I\")]"}
COMMAND: POST /session/9e73e1aaedc70a27b9ed5aa1345374b1/elements - {"using":"xpath","value":"//input[contains(@id ,\"searchField-I\")]"}
RESULT: {"using":"xpath","value":"//input[contains(@id ,\"searchField-I\")]"}
COMMAND: POST /session/9e73e1aaedc70a27b9ed5aa1345374b1/elements - {"using":"xpath","value":"//input[contains(@id ,\"searchField-I\")]"}
RESULT: {"using":"xpath","value":"//input[contains(@id ,\"searchField-I\")]"}
COMMAND: POST /session/9e73e1aaedc70a27b9ed5aa1345374b1/elements - {"using":"xpath","value":"//input[contains(@id ,\"searchField-I\")]"}
RESULT: {"using":"xpath","value":"//input[contains(@id ,\"searchField-I\")]"}
COMMAND: POST /session/9e73e1aaedc70a27b9ed5aa1345374b1/elements - {"using":"xpath","value":"//input[contains(@id ,\"searchField-I\")]"}
RESULT: {"using":"xpath","value":"//input[contains(@id ,\"searchField-I\")]"}
COMMAND: POST /session/9e73e1aaedc70a27b9ed5aa1345374b1/elements - {"using":"xpath","value":"//input[contains(@id ,\"searchField-I\")]"}
RESULT: {"using":"xpath","value":"//input[contains(@id ,\"searchField-I\")]"}
COMMAND: POST /session/9e73e1aaedc70a27b9ed5aa1345374b1/elements - {"using":"xpath","value":"//input[contains(@id ,\"searchField-I\")]"}
RESULT: {"using":"xpath","value":"//input[contains(@id ,\"searchField-I\")]"}
COMMAND: POST /session/9e73e1aaedc70a27b9ed5aa1345374b1/elements - {"using":"xpath","value":"//input[contains(@id ,\"searchField-I\")]"}
RESULT: {"using":"xpath","value":"//input[contains(@id ,\"searchField-I\")]"}
COMMAND: POST /session/9e73e1aaedc70a27b9ed5aa1345374b1/elements - {"using":"xpath","value":"//input[contains(@id ,\"searchField-I\")]"}
RESULT: {"using":"xpath","value":"//input[contains(@id ,\"searchField-I\")]"}
COMMAND: POST /session/9e73e1aaedc70a27b9ed5aa1345374b1/elements - {"using":"xpath","value":"//input[contains(@id ,\"searchField-I\")]"}
RESULT: {"using":"xpath","value":"//input[contains(@id ,\"searchField-I\")]"}
COMMAND: POST /session/9e73e1aaedc70a27b9ed5aa1345374b1/elements - {"using":"xpath","value":"//input[contains(@id ,\"searchField-I\")]"}
RESULT: {"using":"xpath","value":"//input[contains(@id ,\"searchField-I\")]"}
COMMAND: POST /session/9e73e1aaedc70a27b9ed5aa1345374b1/elements - {"using":"xpath","value":"//input[contains(@id ,\"searchField-I\")]"}
RESULT: {"using":"xpath","value":"//input[contains(@id ,\"searchField-I\")]"}
COMMAND: POST /session/9e73e1aaedc70a27b9ed5aa1345374b1/elements - {"using":"xpath","value":"//input[contains(@id ,\"searchField-I\")]"}
RESULT: {"using":"xpath","value":"//input[contains(@id ,\"searchField-I\")]"}
COMMAND: POST /session/9e73e1aaedc70a27b9ed5aa1345374b1/elements - {"using":"xpath","value":"//input[contains(@id ,\"searchField-I\")]"}
RESULT: {"using":"xpath","value":"//input[contains(@id ,\"searchField-I\")]"}
COMMAND: POST /session/9e73e1aaedc70a27b9ed5aa1345374b1/elements - {"using":"xpath","value":"//input[contains(@id ,\"searchField-I\")]"}
RESULT: {"using":"xpath","value":"//input[contains(@id ,\"searchField-I\")]"}
COMMAND: POST /session/9e73e1aaedc70a27b9ed5aa1345374b1/elements - {"using":"xpath","value":"//input[contains(@id ,\"searchField-I\")]"}
RESULT: {"using":"xpath","value":"//input[contains(@id ,\"searchField-I\")]"}
COMMAND: POST /session/9e73e1aaedc70a27b9ed5aa1345374b1/elements - {"using":"xpath","value":"//input[contains(@id ,\"searchField-I\")]"}
RESULT: {"using":"xpath","value":"//input[contains(@id ,\"searchField-I\")]"}
COMMAND: POST /session/9e73e1aaedc70a27b9ed5aa1345374b1/elements - {"using":"xpath","value":"//input[contains(@id ,\"searchField-I\")]"}
RESULT: {"using":"xpath","value":"//input[contains(@id ,\"searchField-I\")]"}
COMMAND: POST /session/9e73e1aaedc70a27b9ed5aa1345374b1/elements - {"using":"xpath","value":"//input[contains(@id ,\"searchField-I\")]"}
RESULT: {"using":"xpath","value":"//input[contains(@id ,\"searchField-I\")]"}
COMMAND: POST /session/9e73e1aaedc70a27b9ed5aa1345374b1/elements - {"using":"xpath","value":"//input[contains(@id ,\"searchField-I\")]"}
RESULT: {"using":"xpath","value":"//input[contains(@id ,\"searchField-I\")]"}
COMMAND: POST /session/9e73e1aaedc70a27b9ed5aa1345374b1/elements - {"using":"xpath","value":"//input[contains(@id ,\"searchField-I\")]"}
RESULT: {"using":"xpath","value":"//input[contains(@id ,\"searchField-I\")]"}
COMMAND: POST /session/9e73e1aaedc70a27b9ed5aa1345374b1/elements - {"using":"xpath","value":"//input[contains(@id ,\"searchField-I\")]"}
RESULT: {"using":"xpath","value":"//input[contains(@id ,\"searchField-I\")]"}
COMMAND: POST /session/9e73e1aaedc70a27b9ed5aa1345374b1/elements - {"using":"xpath","value":"//input[contains(@id ,\"searchField-I\")]"}
RESULT: {"using":"xpath","value":"//input[contains(@id ,\"searchField-I\")]"}
COMMAND: POST /session/9e73e1aaedc70a27b9ed5aa1345374b1/elements - {"using":"xpath","value":"//input[contains(@id ,\"searchField-I\")]"}
RESULT: {"using":"xpath","value":"//input[contains(@id ,\"searchField-I\")]"}
COMMAND: POST /session/9e73e1aaedc70a27b9ed5aa1345374b1/elements - {"using":"xpath","value":"//input[contains(@id ,\"searchField-I\")]"}
RESULT: {"using":"xpath","value":"//input[contains(@id ,\"searchField-I\")]"}
COMMAND: POST /session/9e73e1aaedc70a27b9ed5aa1345374b1/elements - {"using":"xpath","value":"//input[contains(@id ,\"searchField-I\")]"}
RESULT: {"using":"xpath","value":"//input[contains(@id ,\"searchField-I\")]"}
COMMAND: POST /session/9e73e1aaedc70a27b9ed5aa1345374b1/elements - {"using":"xpath","value":"//input[contains(@id ,\"searchField-I\")]"}
RESULT: {"using":"xpath","value":"//input[contains(@id ,\"searchField-I\")]"}
COMMAND: POST /session/9e73e1aaedc70a27b9ed5aa1345374b1/elements - {"using":"xpath","value":"//input[contains(@id ,\"searchField-I\")]"}
COMMAND: GET /session/9e73e1aaedc70a27b9ed5aa1345374b1/screenshot - {}
RESULT: {"using":"xpath","value":"//input[contains(@id ,\"searchField-I\")]"}
RESULT: {}
COMMAND: POST /session/9e73e1aaedc70a27b9ed5aa1345374b1/element - {"using":"css selector","value":"#j_username"}
COMMAND: POST /session/9e73e1aaedc70a27b9ed5aa1345374b1/url - {"url":"https://qa-testing-00-live-etm-ui.cfapps.eu10-004.hana.ondemand.com/"}
COMMAND: GET /session/9e73e1aaedc70a27b9ed5aa1345374b1/screenshot - {}
COMMAND: GET /session/9e73e1aaedc70a27b9ed5aa1345374b1/screenshot - {}
RESULT: {"using":"css selector","value":"#j_username"}
COMMAND: POST /session/9e73e1aaedc70a27b9ed5aa1345374b1/element - {"using":"css selector","value":"#j_username"}
RESULT: {"url":"https://qa-testing-00-live-etm-ui.cfapps.eu10-004.hana.ondemand.com/"}
RESULT: undefined
COMMAND: GET /session/9e73e1aaedc70a27b9ed5aa1345374b1/screenshot - {}
RESULT: {}
RESULT: {}
RESULT: {"using":"css selector","value":"#j_username"}
COMMAND: POST /session/9e73e1aaedc70a27b9ed5aa1345374b1/element - {"using":"css selector","value":"#shell-header-logo"}
RESULT: {}
RESULT: {"using":"css selector","value":"#shell-header-logo"}
COMMAND: POST /session/9e73e1aaedc70a27b9ed5aa1345374b1/execute/sync - {"script":"<script> [8489 bytes]","args":[{"element-6066-11e4-a52e-4f735466cecf":"f.5E45C3E070B80AFBDD66E7CC48C5F2D3.d.0A8D24DB73B032EC6EB989EE06B47986.e.3728","ELEMENT":"f.5E45C3E070B80AFBDD66E7CC48C5F2D3.d.0A8D24DB73B032EC6EB989EE06B47986.e.3728"}]}
RESULT: {"script":"<script> [8489 bytes]","args":[{"element-6066-11e4-a52e-4f735466cecf":"f.5E45C3E070B80AFBDD66E7CC48C5F2D3.d.0A8D24DB73B032EC6EB989EE06B47986.e.3728","ELEMENT":"f.5E45C3E070B80AFBDD66E7CC48C5F2D3.d.0A8D24DB73B032EC6EB989EE06B47986.e.3728"}]}
COMMAND: POST /session/9e73e1aaedc70a27b9ed5aa1345374b1/element - {"using":"css selector","value":"#shell-header-logo"}
COMMAND: GET /session/9e73e1aaedc70a27b9ed5aa1345374b1/screenshot - {}
RESULT: {"using":"css selector","value":"#shell-header-logo"}
COMMAND: POST /session/9e73e1aaedc70a27b9ed5aa1345374b1/execute/sync - {"script":"<script> [8489 bytes]","args":[{"element-6066-11e4-a52e-4f735466cecf":"f.5E45C3E070B80AFBDD66E7CC48C5F2D3.d.0A8D24DB73B032EC6EB989EE06B47986.e.3728","ELEMENT":"f.5E45C3E070B80AFBDD66E7CC48C5F2D3.d.0A8D24DB73B032EC6EB989EE06B47986.e.3728"}]}
RESULT: {}
RESULT: {"script":"<script> [8489 bytes]","args":[{"element-6066-11e4-a52e-4f735466cecf":"f.5E45C3E070B80AFBDD66E7CC48C5F2D3.d.0A8D24DB73B032EC6EB989EE06B47986.e.3728","ELEMENT":"f.5E45C3E070B80AFBDD66E7CC48C5F2D3.d.0A8D24DB73B032EC6EB989EE06B47986.e.3728"}]}
COMMAND: POST /session/9e73e1aaedc70a27b9ed5aa1345374b1/execute/sync - {"script":"<script> [5351 bytes]","args":[{"element-6066-11e4-a52e-4f735466cecf":"f.5E45C3E070B80AFBDD66E7CC48C5F2D3.d.0A8D24DB73B032EC6EB989EE06B47986.e.3728","ELEMENT":"f.5E45C3E070B80AFBDD66E7CC48C5F2D3.d.0A8D24DB73B032EC6EB989EE06B47986.e.3728"}]}
COMMAND: GET /session/9e73e1aaedc70a27b9ed5aa1345374b1/screenshot - {}
RESULT: {"script":"<script> [5351 bytes]","args":[{"element-6066-11e4-a52e-4f735466cecf":"f.5E45C3E070B80AFBDD66E7CC48C5F2D3.d.0A8D24DB73B032EC6EB989EE06B47986.e.3728","ELEMENT":"f.5E45C3E070B80AFBDD66E7CC48C5F2D3.d.0A8D24DB73B032EC6EB989EE06B47986.e.3728"}]}
COMMAND: POST /session/9e73e1aaedc70a27b9ed5aa1345374b1/element - {"using":"css selector","value":"#shell-header-logo"}
COMMAND: GET /session/9e73e1aaedc70a27b9ed5aa1345374b1/screenshot - {}
RESULT: {}
RESULT: {"using":"css selector","value":"#shell-header-logo"}
COMMAND: POST /session/9e73e1aaedc70a27b9ed5aa1345374b1/element/f.5E45C3E070B80AFBDD66E7CC48C5F2D3.d.0A8D24DB73B032EC6EB989EE06B47986.e.3728/click - {}
RESULT: {}
RESULT: {}
COMMAND: GET /session/9e73e1aaedc70a27b9ed5aa1345374b1/screenshot - {}
RESULT: {}
COMMAND: POST /session/9e73e1aaedc70a27b9ed5aa1345374b1/execute/async - {"script":"<script> [189 bytes]","args":[]}
RESULT: {"script":"<script> [189 bytes]","args":[]}
COMMAND: POST /session/9e73e1aaedc70a27b9ed5aa1345374b1/execute/async - {"script":"<script> [123 bytes]","args":[]}
RESULT: {"script":"<script> [123 bytes]","args":[]}
COMMAND: POST /session/9e73e1aaedc70a27b9ed5aa1345374b1/timeouts - {"script":"<number>"}
RESULT: {"script":"<number>"}
COMMAND: GET /session/9e73e1aaedc70a27b9ed5aa1345374b1/timeouts - {}
RESULT: {}
RESULT: undefined
COMMAND: POST /session/9e73e1aaedc70a27b9ed5aa1345374b1/execute/async - {"script":"<script> [2676 bytes]","args":[]}
RESULT: {"script":"<script> [2676 bytes]","args":[]}
COMMAND: POST /session/9e73e1aaedc70a27b9ed5aa1345374b1/execute/async - {"script":"<script> [2342 bytes]","args":[{"protocol":"http","hostname":"0.0.0.0","path":"/","capabilities":{"browserName":"chrome","goog:chromeOptions":{"binary":"C:\\Program Files\\Google\\Chrome\\Application\\chrome.exe","args":["--start-maximized"]}},"logLevel":"warn","connectionRetryTimeout":120000,"connectionRetryCount":3,"logLevels":{},"enableDirectConnect":true,"strictSSL":true,"_":"65 more keys: [\"cacheDir\",\"port\",\"requestedCapabilities\",\"automationProtocol\",\"baseUrl\",\"waitforInterval\",\"waitforTimeout\",\"onReload\",\"beforeCommand\",\"afterCommand\",\"rootDir\",\"specs\",\"suites\",\"exclude\",\"groupLogsByTestSpec\",\"excludeDriverLogs\",\"bail\",\"framework\",\"reporters\",\"services\",\"maxInstances\",\"maxInstancesPerCapability\",\"injectGlobals\",\"filesToWatch\",\"execArgv\",\"runnerEnv\",\"runner\",\"shard\",\"specFileRetries\",\"specFileRetriesDelay\",\"specFileRetriesDeferred\",\"reporterSyncInterval\",\"reporterSyncTimeout\",\"cucumberFeaturesWithLineNumbers\",\"autoCompileOpts\",\"mochaOpts\",\"jasmineOpts\",\"cucumberOpts\",\"onPrepare\",\"onWorkerStart\",\"onWorkerEnd\",\"before\",\"beforeSession\",\"beforeSuite\",\"beforeHook\",\"beforeTest\",\"afterTest\",\"afterHook\",\"afterSuite\",\"afterSession\",\"after\",\"onComplete\",\"beforeAssertion\",\"afterAssertion\",\"beforeFeature\",\"beforeScenario\",\"beforeStep\",\"afterStep\",\"afterScenario\",\"afterFeature\",\"_\",\"suite\",\"$0\",\"ignoredWorkerServices\",\"wdi5\"]"}]}
RESULT: {"script":"<script> [2342 bytes]","args":[{"protocol":"http","hostname":"0.0.0.0","path":"/","capabilities":{"browserName":"chrome","goog:chromeOptions":{"binary":"C:\\Program Files\\Google\\Chrome\\Application\\chrome.exe","args":["--start-maximized"]}},"logLevel":"warn","connectionRetryTimeout":120000,"connectionRetryCount":3,"logLevels":{},"enableDirectConnect":true,"strictSSL":true,"_":"65 more keys: [\"cacheDir\",\"port\",\"requestedCapabilities\",\"automationProtocol\",\"baseUrl\",\"waitforInterval\",\"waitforTimeout\",\"onReload\",\"beforeCommand\",\"afterCommand\",\"rootDir\",\"specs\",\"suites\",\"exclude\",\"groupLogsByTestSpec\",\"excludeDriverLogs\",\"bail\",\"framework\",\"reporters\",\"services\",\"maxInstances\",\"maxInstancesPerCapability\",\"injectGlobals\",\"filesToWatch\",\"execArgv\",\"runnerEnv\",\"runner\",\"shard\",\"specFileRetries\",\"specFileRetriesDelay\",\"specFileRetriesDeferred\",\"reporterSyncInterval\",\"reporterSyncTimeout\",\"cucumberFeaturesWithLineNumbers\",\"autoCompileOpts\",\"mochaOpts\",\"jasmineOpts\",\"cucumberOpts\",\"onPrepare\",\"onWorkerStart\",\"onWorkerEnd\",\"before\",\"beforeSession\",\"beforeSuite\",\"beforeHook\",\"beforeTest\",\"afterTest\",\"afterHook\",\"afterSuite\",\"afterSession\",\"after\",\"onComplete\",\"beforeAssertion\",\"afterAssertion\",\"beforeFeature\",\"beforeScenario\",\"beforeStep\",\"afterStep\",\"afterScenario\",\"afterFeature\",\"_\",\"suite\",\"$0\",\"ignoredWorkerServices\",\"wdi5\"]"}]}
COMMAND: POST /session/9e73e1aaedc70a27b9ed5aa1345374b1/execute/async - {"script":"<script> [21126 bytes]","args":[35000]}
RESULT: {"script":"<script> [21126 bytes]","args":[35000]}
COMMAND: POST /session/9e73e1aaedc70a27b9ed5aa1345374b1/window/maximize - {}
RESULT: {}
COMMAND: POST /session/9e73e1aaedc70a27b9ed5aa1345374b1/execute/async - {"script":"<script> [1562 bytes]","args":[{"selector":{"id":"shell-header","interaction":{"idSuffix":"icon"}},"wdio_ui5_key":"shellheader"}]}
COMMAND: GET /session/9e73e1aaedc70a27b9ed5aa1345374b1/screenshot - {}
RESULT: {"script":"<script> [1562 bytes]","args":[{"selector":{"id":"shell-header","interaction":{"idSuffix":"icon"}},"wdio_ui5_key":"shellheader"}]}
RESULT: undefined
COMMAND: POST /session/9e73e1aaedc70a27b9ed5aa1345374b1/window/fullscreen - {}
RESULT: {}
RESULT: {}
]]></system-out>
      <system-err><![CDATA[
Error: Can't call setValue on element with selector "//input[contains(@id ,"searchField-I")]" because element wasn't found
    at async Context.<anonymous> (D:\a\1\s\test\specs\HTR\yard-overview-trigger.spec.js:159:9)
]]></system-err>
    </testcase>
  </testsuite>
  <testsuite timestamp="2025-06-01T15:43:44" time="119.822" tests="1" failures="1" errors="1" skipped="0">
    <properties>
      <property name="specId" value="0"/>
      <property name="suiteName" value="Create masterdata for Yard Overview - trigger provide US130988"/>
      <property name="capabilities" value="chrome.136_0_7103_93.windows"/>
      <property name="file" value="file:///D:/a/1/s/test/specs/HTR/site-overview-return.spec.js"/>
    </properties>
    <testcase classname="chrome.136_0_7103_93.windows.Create_masterdata_for_Yard_Overview_-_trigger_provide_US130988" name="Should navigate to site overview and trigger return" time="105.509">
      <failure/>
      <error message="expect(received).toEqual(expected) // deep equality&#xA;&#xA;Expected: &quot;Records (1)&quot;&#xA;Received: &quot;Records&quot;"/>
      <system-out><![CDATA[
COMMAND: POST /session/9e73e1aaedc70a27b9ed5aa1345374b1/execute/async - {"script":"<script> [1562 bytes]","args":[{"selector":{"controlType":"sap.m.GenericTile","properties":{"header":"Site Overview"}},"wdio_ui5_key":"sapm.GenericTile{\"header\":\"Site Overview\"}"}]}
RESULT: {"script":"<script> [1562 bytes]","args":[{"selector":{"controlType":"sap.m.GenericTile","properties":{"header":"Site Overview"}},"wdio_ui5_key":"sapm.GenericTile{\"header\":\"Site Overview\"}"}]}
RESULT: undefined
COMMAND: POST /session/9e73e1aaedc70a27b9ed5aa1345374b1/element - {"using":"xpath","value":"//*[@id=\"__tile100\"]"}
RESULT: {"using":"xpath","value":"//*[@id=\"__tile100\"]"}
COMMAND: POST /session/9e73e1aaedc70a27b9ed5aa1345374b1/element/f.5E45C3E070B80AFBDD66E7CC48C5F2D3.d.0A8D24DB73B032EC6EB989EE06B47986.e.3851/click - {}
RESULT: {}
COMMAND: GET /session/9e73e1aaedc70a27b9ed5aa1345374b1/screenshot - {}
RESULT: {}
COMMAND: POST /session/9e73e1aaedc70a27b9ed5aa1345374b1/elements - {"using":"xpath","value":"//span[text()='Error']"}
RESULT: {"using":"xpath","value":"//span[text()='Error']"}
COMMAND: POST /session/9e73e1aaedc70a27b9ed5aa1345374b1/element - {"using":"xpath","value":"//input[contains(@id,\"smartFilterBar-btnBasicSearch-I\")]"}
RESULT: {"using":"xpath","value":"//input[contains(@id,\"smartFilterBar-btnBasicSearch-I\")]"}
COMMAND: POST /session/9e73e1aaedc70a27b9ed5aa1345374b1/elements - {"using":"xpath","value":"//input[contains(@id,\"smartFilterBar-btnBasicSearch-I\")]"}
RESULT: {"using":"xpath","value":"//input[contains(@id,\"smartFilterBar-btnBasicSearch-I\")]"}
COMMAND: POST /session/9e73e1aaedc70a27b9ed5aa1345374b1/elements - {"using":"xpath","value":"//input[contains(@id,\"smartFilterBar-btnBasicSearch-I\")]"}
RESULT: {"using":"xpath","value":"//input[contains(@id,\"smartFilterBar-btnBasicSearch-I\")]"}
COMMAND: POST /session/9e73e1aaedc70a27b9ed5aa1345374b1/elements - {"using":"xpath","value":"//input[contains(@id,\"smartFilterBar-btnBasicSearch-I\")]"}
RESULT: {"using":"xpath","value":"//input[contains(@id,\"smartFilterBar-btnBasicSearch-I\")]"}
COMMAND: POST /session/9e73e1aaedc70a27b9ed5aa1345374b1/elements - {"using":"xpath","value":"//input[contains(@id,\"smartFilterBar-btnBasicSearch-I\")]"}
RESULT: {"using":"xpath","value":"//input[contains(@id,\"smartFilterBar-btnBasicSearch-I\")]"}
COMMAND: POST /session/9e73e1aaedc70a27b9ed5aa1345374b1/elements - {"using":"xpath","value":"//input[contains(@id,\"smartFilterBar-btnBasicSearch-I\")]"}
RESULT: {"using":"xpath","value":"//input[contains(@id,\"smartFilterBar-btnBasicSearch-I\")]"}
COMMAND: POST /session/9e73e1aaedc70a27b9ed5aa1345374b1/elements - {"using":"xpath","value":"//input[contains(@id,\"smartFilterBar-btnBasicSearch-I\")]"}
RESULT: {"using":"xpath","value":"//input[contains(@id,\"smartFilterBar-btnBasicSearch-I\")]"}
COMMAND: POST /session/9e73e1aaedc70a27b9ed5aa1345374b1/elements - {"using":"xpath","value":"//input[contains(@id,\"smartFilterBar-btnBasicSearch-I\")]"}
RESULT: {"using":"xpath","value":"//input[contains(@id,\"smartFilterBar-btnBasicSearch-I\")]"}
COMMAND: POST /session/9e73e1aaedc70a27b9ed5aa1345374b1/elements - {"using":"xpath","value":"//input[contains(@id,\"smartFilterBar-btnBasicSearch-I\")]"}
RESULT: {"using":"xpath","value":"//input[contains(@id,\"smartFilterBar-btnBasicSearch-I\")]"}
COMMAND: POST /session/9e73e1aaedc70a27b9ed5aa1345374b1/elements - {"using":"xpath","value":"//input[contains(@id,\"smartFilterBar-btnBasicSearch-I\")]"}
RESULT: {"using":"xpath","value":"//input[contains(@id,\"smartFilterBar-btnBasicSearch-I\")]"}
COMMAND: POST /session/9e73e1aaedc70a27b9ed5aa1345374b1/elements - {"using":"xpath","value":"//input[contains(@id,\"smartFilterBar-btnBasicSearch-I\")]"}
RESULT: {"using":"xpath","value":"//input[contains(@id,\"smartFilterBar-btnBasicSearch-I\")]"}
COMMAND: POST /session/9e73e1aaedc70a27b9ed5aa1345374b1/elements - {"using":"xpath","value":"//input[contains(@id,\"smartFilterBar-btnBasicSearch-I\")]"}
RESULT: {"using":"xpath","value":"//input[contains(@id,\"smartFilterBar-btnBasicSearch-I\")]"}
COMMAND: POST /session/9e73e1aaedc70a27b9ed5aa1345374b1/elements - {"using":"xpath","value":"//input[contains(@id,\"smartFilterBar-btnBasicSearch-I\")]"}
RESULT: {"using":"xpath","value":"//input[contains(@id,\"smartFilterBar-btnBasicSearch-I\")]"}
COMMAND: POST /session/9e73e1aaedc70a27b9ed5aa1345374b1/elements - {"using":"xpath","value":"//input[contains(@id,\"smartFilterBar-btnBasicSearch-I\")]"}
RESULT: {"using":"xpath","value":"//input[contains(@id,\"smartFilterBar-btnBasicSearch-I\")]"}
COMMAND: POST /session/9e73e1aaedc70a27b9ed5aa1345374b1/elements - {"using":"xpath","value":"//input[contains(@id,\"smartFilterBar-btnBasicSearch-I\")]"}
RESULT: {"using":"xpath","value":"//input[contains(@id,\"smartFilterBar-btnBasicSearch-I\")]"}
COMMAND: POST /session/9e73e1aaedc70a27b9ed5aa1345374b1/elements - {"using":"xpath","value":"//input[contains(@id,\"smartFilterBar-btnBasicSearch-I\")]"}
RESULT: {"using":"xpath","value":"//input[contains(@id,\"smartFilterBar-btnBasicSearch-I\")]"}
COMMAND: POST /session/9e73e1aaedc70a27b9ed5aa1345374b1/elements - {"using":"xpath","value":"//input[contains(@id,\"smartFilterBar-btnBasicSearch-I\")]"}
RESULT: {"using":"xpath","value":"//input[contains(@id,\"smartFilterBar-btnBasicSearch-I\")]"}
COMMAND: POST /session/9e73e1aaedc70a27b9ed5aa1345374b1/element - {"using":"xpath","value":"//input[contains(@id,\"smartFilterBar-btnBasicSearch-I\")]"}
RESULT: {"using":"xpath","value":"//input[contains(@id,\"smartFilterBar-btnBasicSearch-I\")]"}
COMMAND: POST /session/9e73e1aaedc70a27b9ed5aa1345374b1/execute/sync - {"script":"<script> [8489 bytes]","args":[{"element-6066-11e4-a52e-4f735466cecf":"f.5E45C3E070B80AFBDD66E7CC48C5F2D3.d.0A8D24DB73B032EC6EB989EE06B47986.e.3857","ELEMENT":"f.5E45C3E070B80AFBDD66E7CC48C5F2D3.d.0A8D24DB73B032EC6EB989EE06B47986.e.3857"}]}
RESULT: {"script":"<script> [8489 bytes]","args":[{"element-6066-11e4-a52e-4f735466cecf":"f.5E45C3E070B80AFBDD66E7CC48C5F2D3.d.0A8D24DB73B032EC6EB989EE06B47986.e.3857","ELEMENT":"f.5E45C3E070B80AFBDD66E7CC48C5F2D3.d.0A8D24DB73B032EC6EB989EE06B47986.e.3857"}]}
COMMAND: GET /session/9e73e1aaedc70a27b9ed5aa1345374b1/element/f.5E45C3E070B80AFBDD66E7CC48C5F2D3.d.0A8D24DB73B032EC6EB989EE06B47986.e.3857/enabled - {}
COMMAND: GET /session/9e73e1aaedc70a27b9ed5aa1345374b1/screenshot - {}
RESULT: {}
COMMAND: POST /session/9e73e1aaedc70a27b9ed5aa1345374b1/execute/sync - {"script":"<script> [8489 bytes]","args":[{"element-6066-11e4-a52e-4f735466cecf":"f.5E45C3E070B80AFBDD66E7CC48C5F2D3.d.0A8D24DB73B032EC6EB989EE06B47986.e.3857","ELEMENT":"f.5E45C3E070B80AFBDD66E7CC48C5F2D3.d.0A8D24DB73B032EC6EB989EE06B47986.e.3857"}]}
COMMAND: GET /session/9e73e1aaedc70a27b9ed5aa1345374b1/screenshot - {}
RESULT: {}
RESULT: {"script":"<script> [8489 bytes]","args":[{"element-6066-11e4-a52e-4f735466cecf":"f.5E45C3E070B80AFBDD66E7CC48C5F2D3.d.0A8D24DB73B032EC6EB989EE06B47986.e.3857","ELEMENT":"f.5E45C3E070B80AFBDD66E7CC48C5F2D3.d.0A8D24DB73B032EC6EB989EE06B47986.e.3857"}]}
COMMAND: POST /session/9e73e1aaedc70a27b9ed5aa1345374b1/execute/sync - {"script":"<script> [5351 bytes]","args":[{"element-6066-11e4-a52e-4f735466cecf":"f.5E45C3E070B80AFBDD66E7CC48C5F2D3.d.0A8D24DB73B032EC6EB989EE06B47986.e.3857","ELEMENT":"f.5E45C3E070B80AFBDD66E7CC48C5F2D3.d.0A8D24DB73B032EC6EB989EE06B47986.e.3857"}]}
COMMAND: GET /session/9e73e1aaedc70a27b9ed5aa1345374b1/screenshot - {}
RESULT: {}
RESULT: {"script":"<script> [5351 bytes]","args":[{"element-6066-11e4-a52e-4f735466cecf":"f.5E45C3E070B80AFBDD66E7CC48C5F2D3.d.0A8D24DB73B032EC6EB989EE06B47986.e.3857","ELEMENT":"f.5E45C3E070B80AFBDD66E7CC48C5F2D3.d.0A8D24DB73B032EC6EB989EE06B47986.e.3857"}]}
COMMAND: GET /session/9e73e1aaedc70a27b9ed5aa1345374b1/screenshot - {}
RESULT: {}
RESULT: {}
COMMAND: POST /session/9e73e1aaedc70a27b9ed5aa1345374b1/element/f.5E45C3E070B80AFBDD66E7CC48C5F2D3.d.0A8D24DB73B032EC6EB989EE06B47986.e.3857/clear - {}
RESULT: {}
COMMAND: POST /session/9e73e1aaedc70a27b9ed5aa1345374b1/element/f.5E45C3E070B80AFBDD66E7CC48C5F2D3.d.0A8D24DB73B032EC6EB989EE06B47986.e.3857/value - {"text":"2295"}
COMMAND: GET /session/9e73e1aaedc70a27b9ed5aa1345374b1/screenshot - {}
RESULT: {"text":"2295"}
COMMAND: GET /session/9e73e1aaedc70a27b9ed5aa1345374b1/screenshot - {}
RESULT: {}
RESULT: {}
COMMAND: POST /session/9e73e1aaedc70a27b9ed5aa1345374b1/actions - {"actions":[{"id":"action11","type":"key","parameters":{},"actions":[{"type":"keyDown","value":""},{"type":"pause","duration":10},{"type":"keyUp","value":""}]}]}
RESULT: {"actions":[{"id":"action11","type":"key","parameters":{},"actions":[{"type":"keyDown","value":""},{"type":"pause","duration":10},{"type":"keyUp","value":""}]}]}
COMMAND: GET /session/9e73e1aaedc70a27b9ed5aa1345374b1/screenshot - {}
RESULT: {}
COMMAND: POST /session/9e73e1aaedc70a27b9ed5aa1345374b1/element - {"using":"xpath","value":"//span[contains(@id, \"smartTable-header-inner\")]"}
RESULT: {"using":"xpath","value":"//span[contains(@id, \"smartTable-header-inner\")]"}
COMMAND: POST /session/9e73e1aaedc70a27b9ed5aa1345374b1/elements - {"using":"xpath","value":"//span[contains(@id, \"smartTable-header-inner\")]"}
RESULT: {"using":"xpath","value":"//span[contains(@id, \"smartTable-header-inner\")]"}
COMMAND: POST /session/9e73e1aaedc70a27b9ed5aa1345374b1/execute/sync - {"script":"<script> [56 bytes]","args":[{"element-6066-11e4-a52e-4f735466cecf":"f.5E45C3E070B80AFBDD66E7CC48C5F2D3.d.0A8D24DB73B032EC6EB989EE06B47986.e.3978","ELEMENT":"f.5E45C3E070B80AFBDD66E7CC48C5F2D3.d.0A8D24DB73B032EC6EB989EE06B47986.e.3978"}]}
RESULT: {"script":"<script> [56 bytes]","args":[{"element-6066-11e4-a52e-4f735466cecf":"f.5E45C3E070B80AFBDD66E7CC48C5F2D3.d.0A8D24DB73B032EC6EB989EE06B47986.e.3978","ELEMENT":"f.5E45C3E070B80AFBDD66E7CC48C5F2D3.d.0A8D24DB73B032EC6EB989EE06B47986.e.3978"}]}
COMMAND: POST /session/9e73e1aaedc70a27b9ed5aa1345374b1/element - {"using":"xpath","value":"(//span[contains(@id, \"imgNav\")])[1]"}
RESULT: {"using":"xpath","value":"(//span[contains(@id, \"imgNav\")])[1]"}
COMMAND: POST /session/9e73e1aaedc70a27b9ed5aa1345374b1/element/f.5E45C3E070B80AFBDD66E7CC48C5F2D3.d.0A8D24DB73B032EC6EB989EE06B47986.e.3977/click - {}
COMMAND: GET /session/9e73e1aaedc70a27b9ed5aa1345374b1/screenshot - {}
RESULT: {}
COMMAND: GET /session/9e73e1aaedc70a27b9ed5aa1345374b1/screenshot - {}
RESULT: {}
RESULT: {}
COMMAND: POST /session/9e73e1aaedc70a27b9ed5aa1345374b1/execute/async - {"script":"<script> [1562 bytes]","args":[{"selector":{"id":"application-siteinventory-display-component---detailSiteInventory--onSite-triggerAction-returnBtn","interaction":{"idSuffix":"BDI-content"}},"wdio_ui5_key":"applicationsiteinventory-display-component---detailSiteInventory--onSite-triggerAction-returnBtn"}]}
RESULT: {"script":"<script> [1562 bytes]","args":[{"selector":{"id":"application-siteinventory-display-component---detailSiteInventory--onSite-triggerAction-returnBtn","interaction":{"idSuffix":"BDI-content"}},"wdio_ui5_key":"applicationsiteinventory-display-component---detailSiteInventory--onSite-triggerAction-returnBtn"}]}
RESULT: undefined
COMMAND: POST /session/9e73e1aaedc70a27b9ed5aa1345374b1/element - {"using":"xpath","value":"//*[@id=\"application-siteinventory-display-component---detailSiteInventory--onSite-triggerAction-returnBtn\"]"}
RESULT: {"using":"xpath","value":"//*[@id=\"application-siteinventory-display-component---detailSiteInventory--onSite-triggerAction-returnBtn\"]"}
COMMAND: POST /session/9e73e1aaedc70a27b9ed5aa1345374b1/element/f.5E45C3E070B80AFBDD66E7CC48C5F2D3.d.0A8D24DB73B032EC6EB989EE06B47986.e.4013/click - {}
RESULT: {}
COMMAND: GET /session/9e73e1aaedc70a27b9ed5aa1345374b1/screenshot - {}
RESULT: {}
COMMAND: POST /session/9e73e1aaedc70a27b9ed5aa1345374b1/execute/async - {"script":"<script> [1562 bytes]","args":[{"selector":{"id":"application-siteinventory-display-component---detailSiteInventory--smartSiteHoItemsTable-sa","interaction":{"idSuffix":"CbBg"}},"wdio_ui5_key":"applicationsiteinventory-display-component---detailSiteInventory--smartSiteHoItemsTable-sa"}]}
RESULT: {"script":"<script> [1562 bytes]","args":[{"selector":{"id":"application-siteinventory-display-component---detailSiteInventory--smartSiteHoItemsTable-sa","interaction":{"idSuffix":"CbBg"}},"wdio_ui5_key":"applicationsiteinventory-display-component---detailSiteInventory--smartSiteHoItemsTable-sa"}]}
RESULT: undefined
RESULT: undefined
COMMAND: POST /session/9e73e1aaedc70a27b9ed5aa1345374b1/element - {"using":"xpath","value":"//*[@id=\"application-siteinventory-display-component---detailSiteInventory--onSite-triggerAction-returnBtn\"]"}
RESULT: {"using":"xpath","value":"//*[@id=\"application-siteinventory-display-component---detailSiteInventory--onSite-triggerAction-returnBtn\"]"}
COMMAND: POST /session/9e73e1aaedc70a27b9ed5aa1345374b1/element/f.5E45C3E070B80AFBDD66E7CC48C5F2D3.d.0A8D24DB73B032EC6EB989EE06B47986.e.4013/click - {}
RESULT: {}
COMMAND: GET /session/9e73e1aaedc70a27b9ed5aa1345374b1/screenshot - {}
RESULT: {}
COMMAND: POST /session/9e73e1aaedc70a27b9ed5aa1345374b1/actions - {"actions":[{"id":"action12","type":"key","parameters":{},"actions":[{"type":"keyDown","value":""},{"type":"pause","duration":10},{"type":"keyUp","value":""}]}]}
RESULT: {"actions":[{"id":"action12","type":"key","parameters":{},"actions":[{"type":"keyDown","value":""},{"type":"pause","duration":10},{"type":"keyUp","value":""}]}]}
COMMAND: GET /session/9e73e1aaedc70a27b9ed5aa1345374b1/screenshot - {}
RESULT: {}
COMMAND: POST /session/9e73e1aaedc70a27b9ed5aa1345374b1/execute/async - {"script":"<script> [1562 bytes]","args":[{"selector":{"id":"application-siteinventory-display-component---detailSiteInventory--hoItemsSmartTable-btnPersonalisation-img"},"wdio_ui5_key":"applicationsiteinventory-display-component---detailSiteInventory--hoItemsSmartTable-btnPersonalisation-img"}]}
RESULT: {"script":"<script> [1562 bytes]","args":[{"selector":{"id":"application-siteinventory-display-component---detailSiteInventory--hoItemsSmartTable-btnPersonalisation-img"},"wdio_ui5_key":"applicationsiteinventory-display-component---detailSiteInventory--hoItemsSmartTable-btnPersonalisation-img"}]}
RESULT: undefined
COMMAND: POST /session/9e73e1aaedc70a27b9ed5aa1345374b1/element - {"using":"xpath","value":"//*[@id=\"application-siteinventory-display-component---detailSiteInventory--hoItemsSmartTable-btnPersonalisation-img\"]"}
RESULT: {"using":"xpath","value":"//*[@id=\"application-siteinventory-display-component---detailSiteInventory--hoItemsSmartTable-btnPersonalisation-img\"]"}
COMMAND: POST /session/9e73e1aaedc70a27b9ed5aa1345374b1/element/f.5E45C3E070B80AFBDD66E7CC48C5F2D3.d.0A8D24DB73B032EC6EB989EE06B47986.e.4022/click - {}
RESULT: {}
COMMAND: GET /session/9e73e1aaedc70a27b9ed5aa1345374b1/screenshot - {}
RESULT: {}
COMMAND: POST /session/9e73e1aaedc70a27b9ed5aa1345374b1/element - {"using":"xpath","value":"//input[contains(@id ,\"searchField-I\")]"}
RESULT: {"using":"xpath","value":"//input[contains(@id ,\"searchField-I\")]"}
COMMAND: POST /session/9e73e1aaedc70a27b9ed5aa1345374b1/element/f.5E45C3E070B80AFBDD66E7CC48C5F2D3.d.0A8D24DB73B032EC6EB989EE06B47986.e.4062/clear - {}
RESULT: {}
COMMAND: POST /session/9e73e1aaedc70a27b9ed5aa1345374b1/element/f.5E45C3E070B80AFBDD66E7CC48C5F2D3.d.0A8D24DB73B032EC6EB989EE06B47986.e.4062/value - {"text":"Handover Returned"}
COMMAND: GET /session/9e73e1aaedc70a27b9ed5aa1345374b1/screenshot - {}
RESULT: {"text":"Handover Returned"}
COMMAND: GET /session/9e73e1aaedc70a27b9ed5aa1345374b1/screenshot - {}
RESULT: {}
RESULT: {}
COMMAND: POST /session/9e73e1aaedc70a27b9ed5aa1345374b1/element - {"using":"xpath","value":"//div[contains(@id ,\"innerSelectionPanelTable-sa-CbBg\")]"}
RESULT: {"using":"xpath","value":"//div[contains(@id ,\"innerSelectionPanelTable-sa-CbBg\")]"}
COMMAND: POST /session/9e73e1aaedc70a27b9ed5aa1345374b1/element/f.5E45C3E070B80AFBDD66E7CC48C5F2D3.d.0A8D24DB73B032EC6EB989EE06B47986.e.4086/click - {}
RESULT: {}
COMMAND: POST /session/9e73e1aaedc70a27b9ed5aa1345374b1/execute/async - {"script":"<script> [1562 bytes]","args":[{"selector":{"controlType":"sap.m.Button","viewName":"etm.portal.ui.siteinventory.view.Detail","viewId":"application-siteinventory-display-component---detailSiteInventory","properties":{"text":"OK"},"searchOpenDialogs":true,"interaction":{"idSuffix":"BDI-content"}},"wdio_ui5_key":"etmportal.ui.siteinventory.view.Detailsap.m.Button{\"text\":\"OK\"}"}]}
COMMAND: GET /session/9e73e1aaedc70a27b9ed5aa1345374b1/screenshot - {}
RESULT: {"script":"<script> [1562 bytes]","args":[{"selector":{"controlType":"sap.m.Button","viewName":"etm.portal.ui.siteinventory.view.Detail","viewId":"application-siteinventory-display-component---detailSiteInventory","properties":{"text":"OK"},"searchOpenDialogs":true,"interaction":{"idSuffix":"BDI-content"}},"wdio_ui5_key":"etmportal.ui.siteinventory.view.Detailsap.m.Button{\"text\":\"OK\"}"}]}
RESULT: undefined
COMMAND: POST /session/9e73e1aaedc70a27b9ed5aa1345374b1/element - {"using":"xpath","value":"//*[@id=\"__popup35-confirmBtn\"]"}
RESULT: {}
RESULT: {"using":"xpath","value":"//*[@id=\"__popup35-confirmBtn\"]"}
COMMAND: POST /session/9e73e1aaedc70a27b9ed5aa1345374b1/element/f.5E45C3E070B80AFBDD66E7CC48C5F2D3.d.0A8D24DB73B032EC6EB989EE06B47986.e.4088/click - {}
RESULT: {}
COMMAND: GET /session/9e73e1aaedc70a27b9ed5aa1345374b1/screenshot - {}
RESULT: {}
COMMAND: POST /session/9e73e1aaedc70a27b9ed5aa1345374b1/element - {"using":"css selector","value":"#shell-header-logo"}
RESULT: {"using":"css selector","value":"#shell-header-logo"}
COMMAND: POST /session/9e73e1aaedc70a27b9ed5aa1345374b1/element/f.5E45C3E070B80AFBDD66E7CC48C5F2D3.d.0A8D24DB73B032EC6EB989EE06B47986.e.3728/click - {}
RESULT: {}
COMMAND: GET /session/9e73e1aaedc70a27b9ed5aa1345374b1/screenshot - {}
RESULT: {}
COMMAND: POST /session/9e73e1aaedc70a27b9ed5aa1345374b1/execute/async - {"script":"<script> [1562 bytes]","args":[{"selector":{"controlType":"sap.m.GenericTile","properties":{"header":"Manage Handovers"}},"wdio_ui5_key":"sapm.GenericTile{\"header\":\"Manage Handovers\"}"}]}
RESULT: {"script":"<script> [1562 bytes]","args":[{"selector":{"controlType":"sap.m.GenericTile","properties":{"header":"Manage Handovers"}},"wdio_ui5_key":"sapm.GenericTile{\"header\":\"Manage Handovers\"}"}]}
RESULT: undefined
COMMAND: POST /session/9e73e1aaedc70a27b9ed5aa1345374b1/element - {"using":"xpath","value":"//*[@id=\"__tile133\"]"}
RESULT: {"using":"xpath","value":"//*[@id=\"__tile133\"]"}
COMMAND: POST /session/9e73e1aaedc70a27b9ed5aa1345374b1/element/f.5E45C3E070B80AFBDD66E7CC48C5F2D3.d.0A8D24DB73B032EC6EB989EE06B47986.e.3778/click - {}
RESULT: {}
COMMAND: GET /session/9e73e1aaedc70a27b9ed5aa1345374b1/screenshot - {}
RESULT: {}
COMMAND: POST /session/9e73e1aaedc70a27b9ed5aa1345374b1/elements - {"using":"xpath","value":"//span[text()='Error']"}
RESULT: {"using":"xpath","value":"//span[text()='Error']"}
COMMAND: POST /session/9e73e1aaedc70a27b9ed5aa1345374b1/element - {"using":"xpath","value":"//button[@data-kt=\"masterHOAddButton\"]"}
RESULT: {"using":"xpath","value":"//button[@data-kt=\"masterHOAddButton\"]"}
COMMAND: POST /session/9e73e1aaedc70a27b9ed5aa1345374b1/elements - {"using":"xpath","value":"//button[@data-kt=\"masterHOAddButton\"]"}
RESULT: {"using":"xpath","value":"//button[@data-kt=\"masterHOAddButton\"]"}
COMMAND: POST /session/9e73e1aaedc70a27b9ed5aa1345374b1/execute/sync - {"script":"<script> [8489 bytes]","args":[{"element-6066-11e4-a52e-4f735466cecf":"f.5E45C3E070B80AFBDD66E7CC48C5F2D3.d.0A8D24DB73B032EC6EB989EE06B47986.e.4136","ELEMENT":"f.5E45C3E070B80AFBDD66E7CC48C5F2D3.d.0A8D24DB73B032EC6EB989EE06B47986.e.4136"}]}
RESULT: {"script":"<script> [8489 bytes]","args":[{"element-6066-11e4-a52e-4f735466cecf":"f.5E45C3E070B80AFBDD66E7CC48C5F2D3.d.0A8D24DB73B032EC6EB989EE06B47986.e.4136","ELEMENT":"f.5E45C3E070B80AFBDD66E7CC48C5F2D3.d.0A8D24DB73B032EC6EB989EE06B47986.e.4136"}]}
COMMAND: GET /session/9e73e1aaedc70a27b9ed5aa1345374b1/element/f.5E45C3E070B80AFBDD66E7CC48C5F2D3.d.0A8D24DB73B032EC6EB989EE06B47986.e.4136/enabled - {}
COMMAND: GET /session/9e73e1aaedc70a27b9ed5aa1345374b1/screenshot - {}
RESULT: {}
COMMAND: POST /session/9e73e1aaedc70a27b9ed5aa1345374b1/execute/sync - {"script":"<script> [8489 bytes]","args":[{"element-6066-11e4-a52e-4f735466cecf":"f.5E45C3E070B80AFBDD66E7CC48C5F2D3.d.0A8D24DB73B032EC6EB989EE06B47986.e.4136","ELEMENT":"f.5E45C3E070B80AFBDD66E7CC48C5F2D3.d.0A8D24DB73B032EC6EB989EE06B47986.e.4136"}]}
COMMAND: GET /session/9e73e1aaedc70a27b9ed5aa1345374b1/screenshot - {}
RESULT: {}
RESULT: {}
RESULT: {"script":"<script> [8489 bytes]","args":[{"element-6066-11e4-a52e-4f735466cecf":"f.5E45C3E070B80AFBDD66E7CC48C5F2D3.d.0A8D24DB73B032EC6EB989EE06B47986.e.4136","ELEMENT":"f.5E45C3E070B80AFBDD66E7CC48C5F2D3.d.0A8D24DB73B032EC6EB989EE06B47986.e.4136"}]}
COMMAND: POST /session/9e73e1aaedc70a27b9ed5aa1345374b1/execute/sync - {"script":"<script> [5351 bytes]","args":[{"element-6066-11e4-a52e-4f735466cecf":"f.5E45C3E070B80AFBDD66E7CC48C5F2D3.d.0A8D24DB73B032EC6EB989EE06B47986.e.4136","ELEMENT":"f.5E45C3E070B80AFBDD66E7CC48C5F2D3.d.0A8D24DB73B032EC6EB989EE06B47986.e.4136"}]}
COMMAND: GET /session/9e73e1aaedc70a27b9ed5aa1345374b1/screenshot - {}
RESULT: {"script":"<script> [5351 bytes]","args":[{"element-6066-11e4-a52e-4f735466cecf":"f.5E45C3E070B80AFBDD66E7CC48C5F2D3.d.0A8D24DB73B032EC6EB989EE06B47986.e.4136","ELEMENT":"f.5E45C3E070B80AFBDD66E7CC48C5F2D3.d.0A8D24DB73B032EC6EB989EE06B47986.e.4136"}]}
COMMAND: GET /session/9e73e1aaedc70a27b9ed5aa1345374b1/screenshot - {}
RESULT: {}
RESULT: {}
COMMAND: POST /session/9e73e1aaedc70a27b9ed5aa1345374b1/element - {"using":"xpath","value":"//span[contains(@id ,\"filterItemControl_BASIC-SEND_CONTRACT-vhi\")]"}
RESULT: {"using":"xpath","value":"//span[contains(@id ,\"filterItemControl_BASIC-SEND_CONTRACT-vhi\")]"}
COMMAND: POST /session/9e73e1aaedc70a27b9ed5aa1345374b1/element/f.5E45C3E070B80AFBDD66E7CC48C5F2D3.d.0A8D24DB73B032EC6EB989EE06B47986.e.4168/click - {}
RESULT: {}
COMMAND: GET /session/9e73e1aaedc70a27b9ed5aa1345374b1/screenshot - {}
RESULT: {}
COMMAND: POST /session/9e73e1aaedc70a27b9ed5aa1345374b1/execute/async - {"script":"<script> [1562 bytes]","args":[{"selector":{"controlType":"sap.m.SearchField","viewName":"etm.portal.ui.managehandovers.view.MasterHO","bindingPath":{"path":"","propertyPath":"/_BASIC_SEARCH_FIELD","modelName":"fi1t3rM0d31"},"searchOpenDialogs":true,"interaction":{"idSuffix":"I"}},"wdio_ui5_key":"etmportal.ui.managehandovers.view.MasterHOsap.m.SearchField{\"path\":\"\",\"propertyPath\":\"/_BASIC_SEARCH_FIELD\",\"modelName\":\"fi1t3rM0d31\"}"}]}
RESULT: {"script":"<script> [1562 bytes]","args":[{"selector":{"controlType":"sap.m.SearchField","viewName":"etm.portal.ui.managehandovers.view.MasterHO","bindingPath":{"path":"","propertyPath":"/_BASIC_SEARCH_FIELD","modelName":"fi1t3rM0d31"},"searchOpenDialogs":true,"interaction":{"idSuffix":"I"}},"wdio_ui5_key":"etmportal.ui.managehandovers.view.MasterHOsap.m.SearchField{\"path\":\"\",\"propertyPath\":\"/_BASIC_SEARCH_FIELD\",\"modelName\":\"fi1t3rM0d31\"}"}]}
RESULT: undefined
COMMAND: POST /session/9e73e1aaedc70a27b9ed5aa1345374b1/execute/async - {"script":"<script> [776 bytes]","args":[{"enterText":null,"selector":{"controlType":"sap.m.SearchField","viewName":"etm.portal.ui.managehandovers.view.MasterHO","bindingPath":{"path":"","propertyPath":"/_BASIC_SEARCH_FIELD","modelName":"fi1t3rM0d31"},"searchOpenDialogs":true,"interaction":{"idSuffix":"I"}},"clearTextFirst":true,"interactionType":"ENTER_TEXT"}]}
RESULT: {"script":"<script> [776 bytes]","args":[{"enterText":null,"selector":{"controlType":"sap.m.SearchField","viewName":"etm.portal.ui.managehandovers.view.MasterHO","bindingPath":{"path":"","propertyPath":"/_BASIC_SEARCH_FIELD","modelName":"fi1t3rM0d31"},"searchOpenDialogs":true,"interaction":{"idSuffix":"I"}},"clearTextFirst":true,"interactionType":"ENTER_TEXT"}]}
COMMAND: POST /session/9e73e1aaedc70a27b9ed5aa1345374b1/actions - {"actions":[{"id":"action13","type":"key","parameters":{},"actions":[{"type":"keyDown","value":""},{"type":"pause","duration":10},{"type":"keyUp","value":""}]}]}
RESULT: {"actions":[{"id":"action13","type":"key","parameters":{},"actions":[{"type":"keyDown","value":""},{"type":"pause","duration":10},{"type":"keyUp","value":""}]}]}
COMMAND: GET /session/9e73e1aaedc70a27b9ed5aa1345374b1/screenshot - {}
RESULT: {}
COMMAND: POST /session/9e73e1aaedc70a27b9ed5aa1345374b1/element - {"using":"xpath","value":"//div[contains(@id, 'filterItemControl_BASIC-SEND_CONTRACT-valueHelpDialog-table-rowsel0')]"}
RESULT: {"using":"xpath","value":"//div[contains(@id, 'filterItemControl_BASIC-SEND_CONTRACT-valueHelpDialog-table-rowsel0')]"}
COMMAND: POST /session/9e73e1aaedc70a27b9ed5aa1345374b1/element/f.5E45C3E070B80AFBDD66E7CC48C5F2D3.d.0A8D24DB73B032EC6EB989EE06B47986.e.4178/click - {}
RESULT: {}
COMMAND: GET /session/9e73e1aaedc70a27b9ed5aa1345374b1/screenshot - {}
RESULT: {}
COMMAND: POST /session/9e73e1aaedc70a27b9ed5aa1345374b1/element - {"using":"xpath","value":"//bdi[contains(text(), \"OK\")]"}
RESULT: {"using":"xpath","value":"//bdi[contains(text(), \"OK\")]"}
COMMAND: POST /session/9e73e1aaedc70a27b9ed5aa1345374b1/element/f.5E45C3E070B80AFBDD66E7CC48C5F2D3.d.0A8D24DB73B032EC6EB989EE06B47986.e.4180/click - {}
RESULT: {}
COMMAND: GET /session/9e73e1aaedc70a27b9ed5aa1345374b1/screenshot - {}
RESULT: {}
COMMAND: POST /session/9e73e1aaedc70a27b9ed5aa1345374b1/element - {"using":"xpath","value":"//span[contains(@id, \"smartTable-header-inner\")]"}
RESULT: {"using":"xpath","value":"//span[contains(@id, \"smartTable-header-inner\")]"}
COMMAND: POST /session/9e73e1aaedc70a27b9ed5aa1345374b1/elements - {"using":"xpath","value":"//span[contains(@id, \"smartTable-header-inner\")]"}
RESULT: {"using":"xpath","value":"//span[contains(@id, \"smartTable-header-inner\")]"}
COMMAND: POST /session/9e73e1aaedc70a27b9ed5aa1345374b1/execute/sync - {"script":"<script> [56 bytes]","args":[{"element-6066-11e4-a52e-4f735466cecf":"f.5E45C3E070B80AFBDD66E7CC48C5F2D3.d.0A8D24DB73B032EC6EB989EE06B47986.e.4191","ELEMENT":"f.5E45C3E070B80AFBDD66E7CC48C5F2D3.d.0A8D24DB73B032EC6EB989EE06B47986.e.4191"}]}
RESULT: {"script":"<script> [56 bytes]","args":[{"element-6066-11e4-a52e-4f735466cecf":"f.5E45C3E070B80AFBDD66E7CC48C5F2D3.d.0A8D24DB73B032EC6EB989EE06B47986.e.4191","ELEMENT":"f.5E45C3E070B80AFBDD66E7CC48C5F2D3.d.0A8D24DB73B032EC6EB989EE06B47986.e.4191"}]}
COMMAND: GET /session/9e73e1aaedc70a27b9ed5aa1345374b1/screenshot - {}
COMMAND: GET /session/9e73e1aaedc70a27b9ed5aa1345374b1/screenshot - {}
RESULT: {}
COMMAND: GET /session/9e73e1aaedc70a27b9ed5aa1345374b1/screenshot - {}
COMMAND: GET /session/9e73e1aaedc70a27b9ed5aa1345374b1/screenshot - {}
RESULT: {}
RESULT: {}
RESULT: {}
COMMAND: DELETE /session/9e73e1aaedc70a27b9ed5aa1345374b1 - {}
RESULT: {}
]]></system-out>
      <system-err><![CDATA[
Error: expect(received).toEqual(expected) // deep equality

Expected: "Records (1)"
Received: "Records"
    at Context.<anonymous> (D:\a\1\s\test\specs\HTR\site-overview-return.spec.js:148:31)
]]></system-err>
    </testcase>
  </testsuite>
</testsuites>