<?xml version="1.0" encoding="UTF-8"?>
<testsuites tests="76" failures="48" errors="48" skipped="0">
  <testsuite timestamp="2025-05-07T16:17:56" time="62.367" tests="1" failures="0" errors="0" skipped="0">
    <properties>
      <property name="specId" value="0" />
      <property name="suiteName" value="US104422 Create new bin &amp; section - select nothing " />
      <property name="capabilities" value="chrome.135_0_7049_115.windows" />
      <property name="file" value="file:///D:/a/1/s/test/specs/HTR/create-bin.spec.js" />
    </properties>
    <testcase classname="chrome.135_0_7049_115.windows.US104422_Create_new_bin_&amp;_section_-_select_nothing_" name="Create new bin section" time="46.886">
      <system-out><![CDATA[
COMMAND: POST /session/5a60c8b5c70bea8172ebe4add6912aad/element - {"using":"xpath","value":"//div[text()='Warehouse']"}
RESULT: {"using":"xpath","value":"//div[text()='Warehouse']"}
COMMAND: POST /session/5a60c8b5c70bea8172ebe4add6912aad/elements - {"using":"xpath","value":"//div[text()='Warehouse']"}
RESULT: {"using":"xpath","value":"//div[text()='Warehouse']"}
COMMAND: POST /session/5a60c8b5c70bea8172ebe4add6912aad/element/f.6B59548A06B598AB2C6AF1A2C766605D.d.9A3462B1021351C3947AF5AFA6B22CC6.e.113/click - {}
RESULT: {}
COMMAND: POST /session/5a60c8b5c70bea8172ebe4add6912aad/execute/async - {"script":"<script> [1562 bytes]","args":[{"selector":{"controlType":"sap.m.GenericTile","properties":{"header":"Bin Status Report"}},"wdio_ui5_key":"sapm.GenericTile{\"header\":\"Bin Status Report\"}"}]}
COMMAND: GET /session/5a60c8b5c70bea8172ebe4add6912aad/screenshot - {}
RESULT: {"script":"<script> [1562 bytes]","args":[{"selector":{"controlType":"sap.m.GenericTile","properties":{"header":"Bin Status Report"}},"wdio_ui5_key":"sapm.GenericTile{\"header\":\"Bin Status Report\"}"}]}
RESULT: undefined
COMMAND: POST /session/5a60c8b5c70bea8172ebe4add6912aad/element - {"using":"xpath","value":"//*[@id=\"__tile104\"]"}
RESULT: {}
RESULT: {"using":"xpath","value":"//*[@id=\"__tile104\"]"}
COMMAND: POST /session/5a60c8b5c70bea8172ebe4add6912aad/element/f.6B59548A06B598AB2C6AF1A2C766605D.d.9A3462B1021351C3947AF5AFA6B22CC6.e.115/click - {}
RESULT: {}
COMMAND: GET /session/5a60c8b5c70bea8172ebe4add6912aad/screenshot - {}
RESULT: {}
COMMAND: POST /session/5a60c8b5c70bea8172ebe4add6912aad/element - {"using":"xpath","value":"//bdi[text()='Create New Organization']"}
RESULT: {"using":"xpath","value":"//bdi[text()='Create New Organization']"}
COMMAND: GET /session/5a60c8b5c70bea8172ebe4add6912aad/element/f.6B59548A06B598AB2C6AF1A2C766605D.d.9A3462B1021351C3947AF5AFA6B22CC6.e.154/enabled - {}
RESULT: {}
COMMAND: POST /session/5a60c8b5c70bea8172ebe4add6912aad/execute/sync - {"script":"<script> [8489 bytes]","args":[{"element-6066-11e4-a52e-4f735466cecf":"f.6B59548A06B598AB2C6AF1A2C766605D.d.9A3462B1021351C3947AF5AFA6B22CC6.e.154","ELEMENT":"f.6B59548A06B598AB2C6AF1A2C766605D.d.9A3462B1021351C3947AF5AFA6B22CC6.e.154"}]}
COMMAND: GET /session/5a60c8b5c70bea8172ebe4add6912aad/screenshot - {}
RESULT: {"script":"<script> [8489 bytes]","args":[{"element-6066-11e4-a52e-4f735466cecf":"f.6B59548A06B598AB2C6AF1A2C766605D.d.9A3462B1021351C3947AF5AFA6B22CC6.e.154","ELEMENT":"f.6B59548A06B598AB2C6AF1A2C766605D.d.9A3462B1021351C3947AF5AFA6B22CC6.e.154"}]}
COMMAND: POST /session/5a60c8b5c70bea8172ebe4add6912aad/execute/sync - {"script":"<script> [5351 bytes]","args":[{"element-6066-11e4-a52e-4f735466cecf":"f.6B59548A06B598AB2C6AF1A2C766605D.d.9A3462B1021351C3947AF5AFA6B22CC6.e.154","ELEMENT":"f.6B59548A06B598AB2C6AF1A2C766605D.d.9A3462B1021351C3947AF5AFA6B22CC6.e.154"}]}
COMMAND: GET /session/5a60c8b5c70bea8172ebe4add6912aad/screenshot - {}
RESULT: {}
RESULT: {"script":"<script> [5351 bytes]","args":[{"element-6066-11e4-a52e-4f735466cecf":"f.6B59548A06B598AB2C6AF1A2C766605D.d.9A3462B1021351C3947AF5AFA6B22CC6.e.154","ELEMENT":"f.6B59548A06B598AB2C6AF1A2C766605D.d.9A3462B1021351C3947AF5AFA6B22CC6.e.154"}]}
COMMAND: POST /session/5a60c8b5c70bea8172ebe4add6912aad/element/f.6B59548A06B598AB2C6AF1A2C766605D.d.9A3462B1021351C3947AF5AFA6B22CC6.e.154/click - {}
COMMAND: GET /session/5a60c8b5c70bea8172ebe4add6912aad/screenshot - {}
RESULT: {}
RESULT: {}
COMMAND: POST /session/5a60c8b5c70bea8172ebe4add6912aad/execute/async - {"script":"<script> [1562 bytes]","args":[{"selector":{"id":"createOrganizationPop--sectionInput","searchOpenDialogs":true,"interaction":{"idSuffix":"inner"}},"wdio_ui5_key":"createOrganizationPopsectionInput"}]}
COMMAND: GET /session/5a60c8b5c70bea8172ebe4add6912aad/screenshot - {}
RESULT: {}
RESULT: {"script":"<script> [1562 bytes]","args":[{"selector":{"id":"createOrganizationPop--sectionInput","searchOpenDialogs":true,"interaction":{"idSuffix":"inner"}},"wdio_ui5_key":"createOrganizationPopsectionInput"}]}
RESULT: undefined
COMMAND: POST /session/5a60c8b5c70bea8172ebe4add6912aad/execute/async - {"script":"<script> [776 bytes]","args":[{"enterText":"WHIfgdg58w19365tjw95cznghadgryxnwol5y0b9aquaf1w7cvs5ir68scpogx5i6reukwjpaakfxo4jv0q384hui64p7hdkiec7cm4op372q01zk4w7ym13pomr7wa9d6m6iv8yb09f9kl26i7779rxrtyl6s7esmne7fl85ic233dutnskeai30mdyd1bcix37hjj1 ... (803 more bytes)","selector":{"id":"createOrganizationPop--sectionInput","searchOpenDialogs":true,"interaction":{"idSuffix":"inner"}},"clearTextFirst":true,"interactionType":"ENTER_TEXT"}]}
RESULT: {}
RESULT: {"script":"<script> [776 bytes]","args":[{"enterText":"WHIfgdg58w19365tjw95cznghadgryxnwol5y0b9aquaf1w7cvs5ir68scpogx5i6reukwjpaakfxo4jv0q384hui64p7hdkiec7cm4op372q01zk4w7ym13pomr7wa9d6m6iv8yb09f9kl26i7779rxrtyl6s7esmne7fl85ic233dutnskeai30mdyd1bcix37hjj1 ... (803 more bytes)","selector":{"id":"createOrganizationPop--sectionInput","searchOpenDialogs":true,"interaction":{"idSuffix":"inner"}},"clearTextFirst":true,"interactionType":"ENTER_TEXT"}]}
COMMAND: POST /session/5a60c8b5c70bea8172ebe4add6912aad/execute/async - {"script":"<script> [1562 bytes]","args":[{"selector":{"id":"createOrganizationPop--descriptionInput","searchOpenDialogs":true,"interaction":{"idSuffix":"inner"}},"wdio_ui5_key":"createOrganizationPopdescriptionInput"}]}
RESULT: {"script":"<script> [1562 bytes]","args":[{"selector":{"id":"createOrganizationPop--descriptionInput","searchOpenDialogs":true,"interaction":{"idSuffix":"inner"}},"wdio_ui5_key":"createOrganizationPopdescriptionInput"}]}
RESULT: undefined
COMMAND: POST /session/5a60c8b5c70bea8172ebe4add6912aad/execute/async - {"script":"<script> [776 bytes]","args":[{"enterText":"WHIfgdg58w19365tjw95cznghadgryxnwol5y0b9aquaf1w7cvs5ir68scpogx5i6reukwjpaakfxo4jv0q384hui64p7hdkiec7cm4op372q01zk4w7ym13pomr7wa9d6m6iv8yb09f9kl26i7779rxrtyl6s7esmne7fl85ic233dutnskeai30mdyd1bcix37hjj1 ... (803 more bytes)","selector":{"id":"createOrganizationPop--descriptionInput","searchOpenDialogs":true,"interaction":{"idSuffix":"inner"}},"clearTextFirst":true,"interactionType":"ENTER_TEXT"}]}
RESULT: {"script":"<script> [776 bytes]","args":[{"enterText":"WHIfgdg58w19365tjw95cznghadgryxnwol5y0b9aquaf1w7cvs5ir68scpogx5i6reukwjpaakfxo4jv0q384hui64p7hdkiec7cm4op372q01zk4w7ym13pomr7wa9d6m6iv8yb09f9kl26i7779rxrtyl6s7esmne7fl85ic233dutnskeai30mdyd1bcix37hjj1 ... (803 more bytes)","selector":{"id":"createOrganizationPop--descriptionInput","searchOpenDialogs":true,"interaction":{"idSuffix":"inner"}},"clearTextFirst":true,"interactionType":"ENTER_TEXT"}]}
COMMAND: POST /session/5a60c8b5c70bea8172ebe4add6912aad/element - {"using":"css selector","value":"#createOrganizationPop--yardOrg-inner"}
RESULT: {"using":"css selector","value":"#createOrganizationPop--yardOrg-inner"}
COMMAND: POST /session/5a60c8b5c70bea8172ebe4add6912aad/element/f.6B59548A06B598AB2C6AF1A2C766605D.d.9A3462B1021351C3947AF5AFA6B22CC6.e.197/clear - {}
RESULT: {}
COMMAND: POST /session/5a60c8b5c70bea8172ebe4add6912aad/element/f.6B59548A06B598AB2C6AF1A2C766605D.d.9A3462B1021351C3947AF5AFA6B22CC6.e.197/value - {"text":"WHM"}
COMMAND: GET /session/5a60c8b5c70bea8172ebe4add6912aad/screenshot - {}
RESULT: {"text":"WHM"}
COMMAND: GET /session/5a60c8b5c70bea8172ebe4add6912aad/screenshot - {}
RESULT: {}
RESULT: {}
COMMAND: POST /session/5a60c8b5c70bea8172ebe4add6912aad/actions - {"actions":[{"id":"action1","type":"key","parameters":{},"actions":[{"type":"keyDown","value":"î€‡"},{"type":"pause","duration":10},{"type":"keyUp","value":"î€‡"}]}]}
RESULT: {"actions":[{"id":"action1","type":"key","parameters":{},"actions":[{"type":"keyDown","value":"î€‡"},{"type":"pause","duration":10},{"type":"keyUp","value":"î€‡"}]}]}
COMMAND: POST /session/5a60c8b5c70bea8172ebe4add6912aad/execute/async - {"script":"<script> [1562 bytes]","args":[{"selector":{"id":"createOrganizationPop--grZone","searchOpenDialogs":true,"interaction":{"idSuffix":"CbBg"}},"wdio_ui5_key":"createOrganizationPopgrZone"}]}
COMMAND: GET /session/5a60c8b5c70bea8172ebe4add6912aad/screenshot - {}
RESULT: {"script":"<script> [1562 bytes]","args":[{"selector":{"id":"createOrganizationPop--grZone","searchOpenDialogs":true,"interaction":{"idSuffix":"CbBg"}},"wdio_ui5_key":"createOrganizationPopgrZone"}]}
RESULT: undefined
COMMAND: POST /session/5a60c8b5c70bea8172ebe4add6912aad/element - {"using":"xpath","value":"//*[@id=\"createOrganizationPop--grZone\"]"}
RESULT: {}
RESULT: {"using":"xpath","value":"//*[@id=\"createOrganizationPop--grZone\"]"}
COMMAND: POST /session/5a60c8b5c70bea8172ebe4add6912aad/element/f.6B59548A06B598AB2C6AF1A2C766605D.d.9A3462B1021351C3947AF5AFA6B22CC6.e.219/click - {}
RESULT: {}
COMMAND: POST /session/5a60c8b5c70bea8172ebe4add6912aad/execute/async - {"script":"<script> [1562 bytes]","args":[{"selector":{"id":"createOrganizationPop--giZone","searchOpenDialogs":true,"interaction":{"idSuffix":"CbBg"}},"wdio_ui5_key":"createOrganizationPopgiZone"}]}
COMMAND: GET /session/5a60c8b5c70bea8172ebe4add6912aad/screenshot - {}
RESULT: {"script":"<script> [1562 bytes]","args":[{"selector":{"id":"createOrganizationPop--giZone","searchOpenDialogs":true,"interaction":{"idSuffix":"CbBg"}},"wdio_ui5_key":"createOrganizationPopgiZone"}]}
RESULT: undefined
COMMAND: POST /session/5a60c8b5c70bea8172ebe4add6912aad/element - {"using":"xpath","value":"//*[@id=\"createOrganizationPop--giZone\"]"}
RESULT: {}
RESULT: {"using":"xpath","value":"//*[@id=\"createOrganizationPop--giZone\"]"}
COMMAND: POST /session/5a60c8b5c70bea8172ebe4add6912aad/element/f.6B59548A06B598AB2C6AF1A2C766605D.d.9A3462B1021351C3947AF5AFA6B22CC6.e.221/click - {}
RESULT: {}
COMMAND: POST /session/5a60c8b5c70bea8172ebe4add6912aad/execute/async - {"script":"<script> [1562 bytes]","args":[{"selector":{"id":"createOrganizationPop--binNoInput","searchOpenDialogs":true,"interaction":{"idSuffix":"inner"}},"wdio_ui5_key":"createOrganizationPopbinNoInput"}]}
COMMAND: GET /session/5a60c8b5c70bea8172ebe4add6912aad/screenshot - {}
RESULT: {"script":"<script> [1562 bytes]","args":[{"selector":{"id":"createOrganizationPop--binNoInput","searchOpenDialogs":true,"interaction":{"idSuffix":"inner"}},"wdio_ui5_key":"createOrganizationPopbinNoInput"}]}
RESULT: undefined
COMMAND: POST /session/5a60c8b5c70bea8172ebe4add6912aad/execute/async - {"script":"<script> [776 bytes]","args":[{"enterText":"Bin-Wd","selector":{"id":"createOrganizationPop--binNoInput","searchOpenDialogs":true,"interaction":{"idSuffix":"inner"}},"clearTextFirst":true,"interactionType":"ENTER_TEXT"}]}
RESULT: {}
RESULT: {"script":"<script> [776 bytes]","args":[{"enterText":"Bin-Wd","selector":{"id":"createOrganizationPop--binNoInput","searchOpenDialogs":true,"interaction":{"idSuffix":"inner"}},"clearTextFirst":true,"interactionType":"ENTER_TEXT"}]}
COMMAND: POST /session/5a60c8b5c70bea8172ebe4add6912aad/execute/async - {"script":"<script> [1562 bytes]","args":[{"selector":{"id":"createOrganizationPop--descriptionId","searchOpenDialogs":true,"interaction":{"idSuffix":"inner"}},"wdio_ui5_key":"createOrganizationPopdescriptionId"}]}
RESULT: {"script":"<script> [1562 bytes]","args":[{"selector":{"id":"createOrganizationPop--descriptionId","searchOpenDialogs":true,"interaction":{"idSuffix":"inner"}},"wdio_ui5_key":"createOrganizationPopdescriptionId"}]}
RESULT: undefined
COMMAND: POST /session/5a60c8b5c70bea8172ebe4add6912aad/execute/async - {"script":"<script> [776 bytes]","args":[{"enterText":"Shipping-Wd","selector":{"id":"createOrganizationPop--descriptionId","searchOpenDialogs":true,"interaction":{"idSuffix":"inner"}},"clearTextFirst":true,"interactionType":"ENTER_TEXT"}]}
RESULT: {"script":"<script> [776 bytes]","args":[{"enterText":"Shipping-Wd","selector":{"id":"createOrganizationPop--descriptionId","searchOpenDialogs":true,"interaction":{"idSuffix":"inner"}},"clearTextFirst":true,"interactionType":"ENTER_TEXT"}]}
COMMAND: POST /session/5a60c8b5c70bea8172ebe4add6912aad/execute/async - {"script":"<script> [1562 bytes]","args":[{"selector":{"controlType":"sap.m.CheckBox","viewName":"etm.portal.ui.binstatusreport.view.MasterWareBins","viewId":"application-binstatusreport-display-component---warehousing","bindingPath":{"path":"","propertyPath":"/ZONE","modelName":"newBin"},"searchOpenDialogs":true,"interaction":{"idSuffix":"CbBg"}},"wdio_ui5_key":"etmportal.ui.binstatusreport.view.MasterWareBinssap.m.CheckBox{\"path\":\"\",\"propertyPath\":\"/ZONE\",\"modelName\":\"newBin\"}"}]}
RESULT: {"script":"<script> [1562 bytes]","args":[{"selector":{"controlType":"sap.m.CheckBox","viewName":"etm.portal.ui.binstatusreport.view.MasterWareBins","viewId":"application-binstatusreport-display-component---warehousing","bindingPath":{"path":"","propertyPath":"/ZONE","modelName":"newBin"},"searchOpenDialogs":true,"interaction":{"idSuffix":"CbBg"}},"wdio_ui5_key":"etmportal.ui.binstatusreport.view.MasterWareBinssap.m.CheckBox{\"path\":\"\",\"propertyPath\":\"/ZONE\",\"modelName\":\"newBin\"}"}]}
RESULT: undefined
COMMAND: POST /session/5a60c8b5c70bea8172ebe4add6912aad/element - {"using":"xpath","value":"//*[@id=\"__box12\"]"}
RESULT: {"using":"xpath","value":"//*[@id=\"__box12\"]"}
COMMAND: POST /session/5a60c8b5c70bea8172ebe4add6912aad/element/f.6B59548A06B598AB2C6AF1A2C766605D.d.9A3462B1021351C3947AF5AFA6B22CC6.e.225/click - {}
RESULT: {}
COMMAND: POST /session/5a60c8b5c70bea8172ebe4add6912aad/execute/async - {"script":"<script> [1562 bytes]","args":[{"selector":{"id":"createOrganizationPop--binTypesCB-arrow","searchOpenDialogs":true},"wdio_ui5_key":"createOrganizationPopbinTypesCB-arrow"}]}
COMMAND: GET /session/5a60c8b5c70bea8172ebe4add6912aad/screenshot - {}
RESULT: {"script":"<script> [1562 bytes]","args":[{"selector":{"id":"createOrganizationPop--binTypesCB-arrow","searchOpenDialogs":true},"wdio_ui5_key":"createOrganizationPopbinTypesCB-arrow"}]}
RESULT: undefined
COMMAND: POST /session/5a60c8b5c70bea8172ebe4add6912aad/element - {"using":"xpath","value":"//*[@id=\"createOrganizationPop--binTypesCB-arrow\"]"}
RESULT: {}
RESULT: {"using":"xpath","value":"//*[@id=\"createOrganizationPop--binTypesCB-arrow\"]"}
COMMAND: POST /session/5a60c8b5c70bea8172ebe4add6912aad/element/f.6B59548A06B598AB2C6AF1A2C766605D.d.9A3462B1021351C3947AF5AFA6B22CC6.e.226/click - {}
RESULT: {}
COMMAND: POST /session/5a60c8b5c70bea8172ebe4add6912aad/execute/async - {"script":"<script> [1562 bytes]","args":[{"selector":{"id":"createOrganizationPop--binTypesCB","searchOpenDialogs":true,"interaction":{"idSuffix":"inner"}},"wdio_ui5_key":"createOrganizationPopbinTypesCB"}]}
COMMAND: GET /session/5a60c8b5c70bea8172ebe4add6912aad/screenshot - {}
RESULT: {"script":"<script> [1562 bytes]","args":[{"selector":{"id":"createOrganizationPop--binTypesCB","searchOpenDialogs":true,"interaction":{"idSuffix":"inner"}},"wdio_ui5_key":"createOrganizationPopbinTypesCB"}]}
RESULT: undefined
COMMAND: POST /session/5a60c8b5c70bea8172ebe4add6912aad/execute/async - {"script":"<script> [776 bytes]","args":[{"enterText":"1 - General / No capacity check","selector":{"id":"createOrganizationPop--binTypesCB","searchOpenDialogs":true,"interaction":{"idSuffix":"inner"}},"clearTextFirst":true,"interactionType":"ENTER_TEXT"}]}
RESULT: {}
RESULT: {"script":"<script> [776 bytes]","args":[{"enterText":"1 - General / No capacity check","selector":{"id":"createOrganizationPop--binTypesCB","searchOpenDialogs":true,"interaction":{"idSuffix":"inner"}},"clearTextFirst":true,"interactionType":"ENTER_TEXT"}]}
COMMAND: POST /session/5a60c8b5c70bea8172ebe4add6912aad/actions - {"actions":[{"id":"action2","type":"key","parameters":{},"actions":[{"type":"keyDown","value":"î€‡"},{"type":"pause","duration":10},{"type":"keyUp","value":"î€‡"}]}]}
RESULT: {"actions":[{"id":"action2","type":"key","parameters":{},"actions":[{"type":"keyDown","value":"î€‡"},{"type":"pause","duration":10},{"type":"keyUp","value":"î€‡"}]}]}
COMMAND: GET /session/5a60c8b5c70bea8172ebe4add6912aad/screenshot - {}
RESULT: {}
COMMAND: POST /session/5a60c8b5c70bea8172ebe4add6912aad/execute/async - {"script":"<script> [1562 bytes]","args":[{"selector":{"id":"createOrganizationPop--finishBtn","searchOpenDialogs":true,"interaction":{"idSuffix":"BDI-content"}},"wdio_ui5_key":"createOrganizationPopfinishBtn"}]}
RESULT: {"script":"<script> [1562 bytes]","args":[{"selector":{"id":"createOrganizationPop--finishBtn","searchOpenDialogs":true,"interaction":{"idSuffix":"BDI-content"}},"wdio_ui5_key":"createOrganizationPopfinishBtn"}]}
RESULT: undefined
COMMAND: POST /session/5a60c8b5c70bea8172ebe4add6912aad/element - {"using":"xpath","value":"//*[@id=\"createOrganizationPop--finishBtn\"]"}
RESULT: {"using":"xpath","value":"//*[@id=\"createOrganizationPop--finishBtn\"]"}
COMMAND: POST /session/5a60c8b5c70bea8172ebe4add6912aad/element/f.6B59548A06B598AB2C6AF1A2C766605D.d.9A3462B1021351C3947AF5AFA6B22CC6.e.229/click - {}
RESULT: {}
COMMAND: GET /session/5a60c8b5c70bea8172ebe4add6912aad/screenshot - {}
COMMAND: POST /session/5a60c8b5c70bea8172ebe4add6912aad/element - {"using":"css selector","value":"#j_username"}
COMMAND: POST /session/5a60c8b5c70bea8172ebe4add6912aad/url - {"url":"https://qa-testing-00-live-etm-ui.cfapps.eu10-004.hana.ondemand.com/"}
RESULT: {}
RESULT: {"url":"https://qa-testing-00-live-etm-ui.cfapps.eu10-004.hana.ondemand.com/"}
RESULT: undefined
COMMAND: GET /session/5a60c8b5c70bea8172ebe4add6912aad/screenshot - {}
RESULT: {"using":"css selector","value":"#j_username"}
COMMAND: POST /session/5a60c8b5c70bea8172ebe4add6912aad/element - {"using":"css selector","value":"#j_username"}
RESULT: {}
RESULT: {"using":"css selector","value":"#j_username"}
COMMAND: POST /session/5a60c8b5c70bea8172ebe4add6912aad/element - {"using":"css selector","value":"#shell-header-logo"}
RESULT: {"using":"css selector","value":"#shell-header-logo"}
COMMAND: POST /session/5a60c8b5c70bea8172ebe4add6912aad/execute/sync - {"script":"<script> [8489 bytes]","args":[{"element-6066-11e4-a52e-4f735466cecf":"f.6B59548A06B598AB2C6AF1A2C766605D.d.33C6DF659F6C5EDF2CDCD56EC54D735D.e.241","ELEMENT":"f.6B59548A06B598AB2C6AF1A2C766605D.d.33C6DF659F6C5EDF2CDCD56EC54D735D.e.241"}]}
RESULT: {"script":"<script> [8489 bytes]","args":[{"element-6066-11e4-a52e-4f735466cecf":"f.6B59548A06B598AB2C6AF1A2C766605D.d.33C6DF659F6C5EDF2CDCD56EC54D735D.e.241","ELEMENT":"f.6B59548A06B598AB2C6AF1A2C766605D.d.33C6DF659F6C5EDF2CDCD56EC54D735D.e.241"}]}
COMMAND: POST /session/5a60c8b5c70bea8172ebe4add6912aad/element - {"using":"css selector","value":"#shell-header-logo"}
COMMAND: GET /session/5a60c8b5c70bea8172ebe4add6912aad/screenshot - {}
RESULT: {"using":"css selector","value":"#shell-header-logo"}
COMMAND: POST /session/5a60c8b5c70bea8172ebe4add6912aad/execute/sync - {"script":"<script> [8489 bytes]","args":[{"element-6066-11e4-a52e-4f735466cecf":"f.6B59548A06B598AB2C6AF1A2C766605D.d.33C6DF659F6C5EDF2CDCD56EC54D735D.e.241","ELEMENT":"f.6B59548A06B598AB2C6AF1A2C766605D.d.33C6DF659F6C5EDF2CDCD56EC54D735D.e.241"}]}
RESULT: {}
RESULT: {"script":"<script> [8489 bytes]","args":[{"element-6066-11e4-a52e-4f735466cecf":"f.6B59548A06B598AB2C6AF1A2C766605D.d.33C6DF659F6C5EDF2CDCD56EC54D735D.e.241","ELEMENT":"f.6B59548A06B598AB2C6AF1A2C766605D.d.33C6DF659F6C5EDF2CDCD56EC54D735D.e.241"}]}
COMMAND: POST /session/5a60c8b5c70bea8172ebe4add6912aad/execute/sync - {"script":"<script> [5351 bytes]","args":[{"element-6066-11e4-a52e-4f735466cecf":"f.6B59548A06B598AB2C6AF1A2C766605D.d.33C6DF659F6C5EDF2CDCD56EC54D735D.e.241","ELEMENT":"f.6B59548A06B598AB2C6AF1A2C766605D.d.33C6DF659F6C5EDF2CDCD56EC54D735D.e.241"}]}
COMMAND: GET /session/5a60c8b5c70bea8172ebe4add6912aad/screenshot - {}
RESULT: {"script":"<script> [5351 bytes]","args":[{"element-6066-11e4-a52e-4f735466cecf":"f.6B59548A06B598AB2C6AF1A2C766605D.d.33C6DF659F6C5EDF2CDCD56EC54D735D.e.241","ELEMENT":"f.6B59548A06B598AB2C6AF1A2C766605D.d.33C6DF659F6C5EDF2CDCD56EC54D735D.e.241"}]}
COMMAND: POST /session/5a60c8b5c70bea8172ebe4add6912aad/element - {"using":"css selector","value":"#shell-header-logo"}
COMMAND: GET /session/5a60c8b5c70bea8172ebe4add6912aad/screenshot - {}
RESULT: {}
RESULT: {"using":"css selector","value":"#shell-header-logo"}
COMMAND: POST /session/5a60c8b5c70bea8172ebe4add6912aad/element/f.6B59548A06B598AB2C6AF1A2C766605D.d.33C6DF659F6C5EDF2CDCD56EC54D735D.e.241/click - {}
RESULT: {}
RESULT: {}
COMMAND: GET /session/5a60c8b5c70bea8172ebe4add6912aad/screenshot - {}
RESULT: {}
COMMAND: POST /session/5a60c8b5c70bea8172ebe4add6912aad/execute/async - {"script":"<script> [189 bytes]","args":[]}
RESULT: {"script":"<script> [189 bytes]","args":[]}
COMMAND: POST /session/5a60c8b5c70bea8172ebe4add6912aad/execute/async - {"script":"<script> [123 bytes]","args":[]}
RESULT: {"script":"<script> [123 bytes]","args":[]}
COMMAND: POST /session/5a60c8b5c70bea8172ebe4add6912aad/timeouts - {"script":"<number>"}
RESULT: {"script":"<number>"}
COMMAND: GET /session/5a60c8b5c70bea8172ebe4add6912aad/timeouts - {}
RESULT: {}
RESULT: undefined
COMMAND: POST /session/5a60c8b5c70bea8172ebe4add6912aad/execute/async - {"script":"<script> [2676 bytes]","args":[]}
RESULT: {"script":"<script> [2676 bytes]","args":[]}
COMMAND: POST /session/5a60c8b5c70bea8172ebe4add6912aad/execute/async - {"script":"<script> [2342 bytes]","args":[{"protocol":"http","hostname":"0.0.0.0","path":"/","capabilities":{"browserName":"chrome","goog:chromeOptions":{"binary":"C:\\Program Files\\Google\\Chrome\\Application\\chrome.exe","args":["--start-maximized"]}},"logLevel":"warn","connectionRetryTimeout":120000,"connectionRetryCount":3,"logLevels":{},"enableDirectConnect":true,"strictSSL":true,"_":"65 more keys: [\"cacheDir\",\"port\",\"requestedCapabilities\",\"automationProtocol\",\"baseUrl\",\"waitforInterval\",\"waitforTimeout\",\"onReload\",\"beforeCommand\",\"afterCommand\",\"rootDir\",\"specs\",\"suites\",\"exclude\",\"groupLogsByTestSpec\",\"excludeDriverLogs\",\"bail\",\"framework\",\"reporters\",\"services\",\"maxInstances\",\"maxInstancesPerCapability\",\"injectGlobals\",\"filesToWatch\",\"execArgv\",\"runnerEnv\",\"runner\",\"shard\",\"specFileRetries\",\"specFileRetriesDelay\",\"specFileRetriesDeferred\",\"reporterSyncInterval\",\"reporterSyncTimeout\",\"cucumberFeaturesWithLineNumbers\",\"autoCompileOpts\",\"mochaOpts\",\"jasmineOpts\",\"cucumberOpts\",\"onPrepare\",\"onWorkerStart\",\"onWorkerEnd\",\"before\",\"beforeSession\",\"beforeSuite\",\"beforeHook\",\"beforeTest\",\"afterTest\",\"afterHook\",\"afterSuite\",\"afterSession\",\"after\",\"onComplete\",\"beforeAssertion\",\"afterAssertion\",\"beforeFeature\",\"beforeScenario\",\"beforeStep\",\"afterStep\",\"afterScenario\",\"afterFeature\",\"_\",\"suite\",\"$0\",\"ignoredWorkerServices\",\"wdi5\"]"}]}
RESULT: {"script":"<script> [2342 bytes]","args":[{"protocol":"http","hostname":"0.0.0.0","path":"/","capabilities":{"browserName":"chrome","goog:chromeOptions":{"binary":"C:\\Program Files\\Google\\Chrome\\Application\\chrome.exe","args":["--start-maximized"]}},"logLevel":"warn","connectionRetryTimeout":120000,"connectionRetryCount":3,"logLevels":{},"enableDirectConnect":true,"strictSSL":true,"_":"65 more keys: [\"cacheDir\",\"port\",\"requestedCapabilities\",\"automationProtocol\",\"baseUrl\",\"waitforInterval\",\"waitforTimeout\",\"onReload\",\"beforeCommand\",\"afterCommand\",\"rootDir\",\"specs\",\"suites\",\"exclude\",\"groupLogsByTestSpec\",\"excludeDriverLogs\",\"bail\",\"framework\",\"reporters\",\"services\",\"maxInstances\",\"maxInstancesPerCapability\",\"injectGlobals\",\"filesToWatch\",\"execArgv\",\"runnerEnv\",\"runner\",\"shard\",\"specFileRetries\",\"specFileRetriesDelay\",\"specFileRetriesDeferred\",\"reporterSyncInterval\",\"reporterSyncTimeout\",\"cucumberFeaturesWithLineNumbers\",\"autoCompileOpts\",\"mochaOpts\",\"jasmineOpts\",\"cucumberOpts\",\"onPrepare\",\"onWorkerStart\",\"onWorkerEnd\",\"before\",\"beforeSession\",\"beforeSuite\",\"beforeHook\",\"beforeTest\",\"afterTest\",\"afterHook\",\"afterSuite\",\"afterSession\",\"after\",\"onComplete\",\"beforeAssertion\",\"afterAssertion\",\"beforeFeature\",\"beforeScenario\",\"beforeStep\",\"afterStep\",\"afterScenario\",\"afterFeature\",\"_\",\"suite\",\"$0\",\"ignoredWorkerServices\",\"wdi5\"]"}]}
COMMAND: POST /session/5a60c8b5c70bea8172ebe4add6912aad/execute/async - {"script":"<script> [21126 bytes]","args":[35000]}
RESULT: {"script":"<script> [21126 bytes]","args":[35000]}
COMMAND: POST /session/5a60c8b5c70bea8172ebe4add6912aad/window/maximize - {}
RESULT: {}
COMMAND: POST /session/5a60c8b5c70bea8172ebe4add6912aad/execute/async - {"script":"<script> [1562 bytes]","args":[{"selector":{"id":"shell-header","interaction":{"idSuffix":"icon"}},"wdio_ui5_key":"shellheader"}]}
COMMAND: GET /session/5a60c8b5c70bea8172ebe4add6912aad/screenshot - {}
RESULT: {"script":"<script> [1562 bytes]","args":[{"selector":{"id":"shell-header","interaction":{"idSuffix":"icon"}},"wdio_ui5_key":"shellheader"}]}
RESULT: undefined
]]></system-out>
    </testcase>
  </testsuite>
  <testsuite timestamp="2025-05-07T16:18:58" time="750.209" tests="8" failures="0" errors="0" skipped="0">
    <properties>
      <property name="specId" value="0" />
      <property name="suiteName" value="Stock increase - with WHM US125587" />
      <property name="capabilities" value="chrome.135_0_7049_115.windows" />
      <property name="file" value="file:///D:/a/1/s/test/specs/HTR/stock-increase.spec.js" />
    </properties>
    <testcase classname="chrome.135_0_7049_115.windows.Stock_increase_-_with_WHM_US125587" name="Should create a WHM yard" time="84.354">
      <system-out><![CDATA[
COMMAND: POST /session/5a60c8b5c70bea8172ebe4add6912aad/element - {"using":"css selector","value":"#shell-header-logo"}
RESULT: {}
RESULT: {"using":"css selector","value":"#shell-header-logo"}
COMMAND: POST /session/5a60c8b5c70bea8172ebe4add6912aad/element/f.6B59548A06B598AB2C6AF1A2C766605D.d.33C6DF659F6C5EDF2CDCD56EC54D735D.e.241/click - {}
RESULT: {}
COMMAND: GET /session/5a60c8b5c70bea8172ebe4add6912aad/screenshot - {}
RESULT: {}
COMMAND: POST /session/5a60c8b5c70bea8172ebe4add6912aad/execute/async - {"script":"<script> [1562 bytes]","args":[{"selector":{"controlType":"sap.m.GenericTile","properties":{"header":"Manage Yards"}},"wdio_ui5_key":"sapm.GenericTile{\"header\":\"Manage Yards\"}"}]}
RESULT: {"script":"<script> [1562 bytes]","args":[{"selector":{"controlType":"sap.m.GenericTile","properties":{"header":"Manage Yards"}},"wdio_ui5_key":"sapm.GenericTile{\"header\":\"Manage Yards\"}"}]}
RESULT: undefined
COMMAND: POST /session/5a60c8b5c70bea8172ebe4add6912aad/element - {"using":"xpath","value":"//*[@id=\"__tile41\"]"}
RESULT: {"using":"xpath","value":"//*[@id=\"__tile41\"]"}
COMMAND: POST /session/5a60c8b5c70bea8172ebe4add6912aad/element/f.6B59548A06B598AB2C6AF1A2C766605D.d.33C6DF659F6C5EDF2CDCD56EC54D735D.e.251/click - {}
RESULT: {}
COMMAND: GET /session/5a60c8b5c70bea8172ebe4add6912aad/screenshot - {}
RESULT: {}
COMMAND: POST /session/5a60c8b5c70bea8172ebe4add6912aad/execute/async - {"script":"<script> [1562 bytes]","args":[{"selector":{"controlType":"sap.ui.core.Icon","viewName":"etm.portal.ui.manageyards.view.Master","viewId":"application-manageyards-display-component---masterYard","properties":{"src":{"regex":{"source":"add"}}}},"wdio_ui5_key":"etmportal.ui.manageyards.view.Mastersap.ui.core.Icon{\"src\":{\"regex\":{\"source\":\"add\"}}}"}]}
RESULT: {"script":"<script> [1562 bytes]","args":[{"selector":{"controlType":"sap.ui.core.Icon","viewName":"etm.portal.ui.manageyards.view.Master","viewId":"application-manageyards-display-component---masterYard","properties":{"src":{"regex":{"source":"add"}}}},"wdio_ui5_key":"etmportal.ui.manageyards.view.Mastersap.ui.core.Icon{\"src\":{\"regex\":{\"source\":\"add\"}}}"}]}
RESULT: undefined
COMMAND: POST /session/5a60c8b5c70bea8172ebe4add6912aad/element - {"using":"xpath","value":"//*[@id=\"__button4-img\"]"}
RESULT: {"using":"xpath","value":"//*[@id=\"__button4-img\"]"}
COMMAND: POST /session/5a60c8b5c70bea8172ebe4add6912aad/element/f.6B59548A06B598AB2C6AF1A2C766605D.d.33C6DF659F6C5EDF2CDCD56EC54D735D.e.299/click - {}
RESULT: {}
COMMAND: GET /session/5a60c8b5c70bea8172ebe4add6912aad/screenshot - {}
RESULT: {}
COMMAND: POST /session/5a60c8b5c70bea8172ebe4add6912aad/execute/async - {"script":"<script> [1562 bytes]","args":[{"selector":{"id":"application-manageyards-display-component---NewYard--yardId","interaction":{"idSuffix":"inner"}},"wdio_ui5_key":"applicationmanageyards-display-component---NewYard--yardId"}]}
RESULT: {"script":"<script> [1562 bytes]","args":[{"selector":{"id":"application-manageyards-display-component---NewYard--yardId","interaction":{"idSuffix":"inner"}},"wdio_ui5_key":"applicationmanageyards-display-component---NewYard--yardId"}]}
RESULT: undefined
COMMAND: POST /session/5a60c8b5c70bea8172ebe4add6912aad/element - {"using":"xpath","value":"//*[@id=\"application-manageyards-display-component---NewYard--addressDetailDetailsName1-inner\"]"}
RESULT: {"using":"xpath","value":"//*[@id=\"application-manageyards-display-component---NewYard--addressDetailDetailsName1-inner\"]"}
COMMAND: POST /session/5a60c8b5c70bea8172ebe4add6912aad/element/f.6B59548A06B598AB2C6AF1A2C766605D.d.33C6DF659F6C5EDF2CDCD56EC54D735D.e.510/clear - {}
RESULT: {}
COMMAND: POST /session/5a60c8b5c70bea8172ebe4add6912aad/element/f.6B59548A06B598AB2C6AF1A2C766605D.d.33C6DF659F6C5EDF2CDCD56EC54D735D.e.510/value - {"text":"WebdriverWHMYardyemxq"}
COMMAND: GET /session/5a60c8b5c70bea8172ebe4add6912aad/screenshot - {}
RESULT: {"text":"WebdriverWHMYardyemxq"}
COMMAND: POST /session/5a60c8b5c70bea8172ebe4add6912aad/element - {"using":"xpath","value":"//*[@id=\"application-manageyards-display-component---NewYard--addressDetailDetailsLanguage-inner\"]"}
COMMAND: GET /session/5a60c8b5c70bea8172ebe4add6912aad/screenshot - {}
RESULT: {}
RESULT: {"using":"xpath","value":"//*[@id=\"application-manageyards-display-component---NewYard--addressDetailDetailsLanguage-inner\"]"}
COMMAND: POST /session/5a60c8b5c70bea8172ebe4add6912aad/element/f.6B59548A06B598AB2C6AF1A2C766605D.d.33C6DF659F6C5EDF2CDCD56EC54D735D.e.511/clear - {}
RESULT: {}
RESULT: {}
COMMAND: POST /session/5a60c8b5c70bea8172ebe4add6912aad/element/f.6B59548A06B598AB2C6AF1A2C766605D.d.33C6DF659F6C5EDF2CDCD56EC54D735D.e.511/value - {"text":"Romanian"}
COMMAND: GET /session/5a60c8b5c70bea8172ebe4add6912aad/screenshot - {}
RESULT: {}
RESULT: {"text":"Romanian"}
COMMAND: GET /session/5a60c8b5c70bea8172ebe4add6912aad/screenshot - {}
RESULT: {}
COMMAND: POST /session/5a60c8b5c70bea8172ebe4add6912aad/element - {"using":"xpath","value":"//*[@id=\"application-manageyards-display-component---NewYard--addressDetailDetailsCity1-inner\"]"}
RESULT: {"using":"xpath","value":"//*[@id=\"application-manageyards-display-component---NewYard--addressDetailDetailsCity1-inner\"]"}
COMMAND: POST /session/5a60c8b5c70bea8172ebe4add6912aad/element/f.6B59548A06B598AB2C6AF1A2C766605D.d.33C6DF659F6C5EDF2CDCD56EC54D735D.e.513/clear - {}
RESULT: {}
COMMAND: POST /session/5a60c8b5c70bea8172ebe4add6912aad/element/f.6B59548A06B598AB2C6AF1A2C766605D.d.33C6DF659F6C5EDF2CDCD56EC54D735D.e.513/value - {"text":"Bucuresti"}
COMMAND: GET /session/5a60c8b5c70bea8172ebe4add6912aad/screenshot - {}
RESULT: {"text":"Bucuresti"}
COMMAND: GET /session/5a60c8b5c70bea8172ebe4add6912aad/screenshot - {}
RESULT: {}
RESULT: {}
COMMAND: POST /session/5a60c8b5c70bea8172ebe4add6912aad/element - {"using":"xpath","value":"//*[@id=\"application-manageyards-display-component---NewYard--addressDetailDetailsCountry-inner\"]"}
RESULT: {"using":"xpath","value":"//*[@id=\"application-manageyards-display-component---NewYard--addressDetailDetailsCountry-inner\"]"}
COMMAND: POST /session/5a60c8b5c70bea8172ebe4add6912aad/element/f.6B59548A06B598AB2C6AF1A2C766605D.d.33C6DF659F6C5EDF2CDCD56EC54D735D.e.517/clear - {}
RESULT: {}
COMMAND: POST /session/5a60c8b5c70bea8172ebe4add6912aad/element/f.6B59548A06B598AB2C6AF1A2C766605D.d.33C6DF659F6C5EDF2CDCD56EC54D735D.e.517/value - {"text":"Romania"}
COMMAND: GET /session/5a60c8b5c70bea8172ebe4add6912aad/screenshot - {}
RESULT: {"text":"Romania"}
COMMAND: GET /session/5a60c8b5c70bea8172ebe4add6912aad/screenshot - {}
RESULT: {}
RESULT: {}
COMMAND: POST /session/5a60c8b5c70bea8172ebe4add6912aad/execute/async - {"script":"<script> [1562 bytes]","args":[{"selector":{"controlType":"sap.m.Button","viewName":"etm.portal.ui.manageyards.view.New","viewId":"application-manageyards-display-component---NewYard","properties":{"text":"Commercial"},"interaction":{"idSuffix":"BDI-content"}},"wdio_ui5_key":"etmportal.ui.manageyards.view.Newsap.m.Button{\"text\":\"Commercial\"}"}]}
RESULT: {"script":"<script> [1562 bytes]","args":[{"selector":{"controlType":"sap.m.Button","viewName":"etm.portal.ui.manageyards.view.New","viewId":"application-manageyards-display-component---NewYard","properties":{"text":"Commercial"},"interaction":{"idSuffix":"BDI-content"}},"wdio_ui5_key":"etmportal.ui.manageyards.view.Newsap.m.Button{\"text\":\"Commercial\"}"}]}
RESULT: undefined
COMMAND: POST /session/5a60c8b5c70bea8172ebe4add6912aad/element - {"using":"xpath","value":"//*[@id=\"application-manageyards-display-component---NewYard--ObjectPageLayout-anchBar-__section5-anchor\"]"}
RESULT: {"using":"xpath","value":"//*[@id=\"application-manageyards-display-component---NewYard--ObjectPageLayout-anchBar-__section5-anchor\"]"}
COMMAND: POST /session/5a60c8b5c70bea8172ebe4add6912aad/element/f.6B59548A06B598AB2C6AF1A2C766605D.d.33C6DF659F6C5EDF2CDCD56EC54D735D.e.710/click - {}
RESULT: {}
COMMAND: GET /session/5a60c8b5c70bea8172ebe4add6912aad/screenshot - {}
RESULT: {}
COMMAND: POST /session/5a60c8b5c70bea8172ebe4add6912aad/element - {"using":"xpath","value":"//input[@id='application-manageyards-display-component---NewYard--addressEditDetailsCostObjectCstType-inner']"}
RESULT: {"using":"xpath","value":"//input[@id='application-manageyards-display-component---NewYard--addressEditDetailsCostObjectCstType-inner']"}
COMMAND: POST /session/5a60c8b5c70bea8172ebe4add6912aad/execute/sync - {"script":"<script> [8489 bytes]","args":[{"element-6066-11e4-a52e-4f735466cecf":"f.6B59548A06B598AB2C6AF1A2C766605D.d.33C6DF659F6C5EDF2CDCD56EC54D735D.e.523","ELEMENT":"f.6B59548A06B598AB2C6AF1A2C766605D.d.33C6DF659F6C5EDF2CDCD56EC54D735D.e.523"}]}
RESULT: {"script":"<script> [8489 bytes]","args":[{"element-6066-11e4-a52e-4f735466cecf":"f.6B59548A06B598AB2C6AF1A2C766605D.d.33C6DF659F6C5EDF2CDCD56EC54D735D.e.523","ELEMENT":"f.6B59548A06B598AB2C6AF1A2C766605D.d.33C6DF659F6C5EDF2CDCD56EC54D735D.e.523"}]}
COMMAND: POST /session/5a60c8b5c70bea8172ebe4add6912aad/element/f.6B59548A06B598AB2C6AF1A2C766605D.d.33C6DF659F6C5EDF2CDCD56EC54D735D.e.523/clear - {}
COMMAND: GET /session/5a60c8b5c70bea8172ebe4add6912aad/screenshot - {}
RESULT: {}
COMMAND: POST /session/5a60c8b5c70bea8172ebe4add6912aad/element/f.6B59548A06B598AB2C6AF1A2C766605D.d.33C6DF659F6C5EDF2CDCD56EC54D735D.e.523/value - {"text":"Cost"}
COMMAND: GET /session/5a60c8b5c70bea8172ebe4add6912aad/screenshot - {}
RESULT: {}
RESULT: {"text":"Cost"}
COMMAND: GET /session/5a60c8b5c70bea8172ebe4add6912aad/screenshot - {}
RESULT: {}
RESULT: {}
COMMAND: POST /session/5a60c8b5c70bea8172ebe4add6912aad/execute/async - {"script":"<script> [1562 bytes]","args":[{"selector":{"id":"application-manageyards-display-component---NewYard--addressNewCostObjectCstID","interaction":{"idSuffix":"inner"}},"wdio_ui5_key":"applicationmanageyards-display-component---NewYard--addressNewCostObjectCstID"}]}
RESULT: {"script":"<script> [1562 bytes]","args":[{"selector":{"id":"application-manageyards-display-component---NewYard--addressNewCostObjectCstID","interaction":{"idSuffix":"inner"}},"wdio_ui5_key":"applicationmanageyards-display-component---NewYard--addressNewCostObjectCstID"}]}
RESULT: undefined
COMMAND: POST /session/5a60c8b5c70bea8172ebe4add6912aad/execute/async - {"script":"<script> [776 bytes]","args":[{"enterText":"10001013","selector":{"id":"application-manageyards-display-component---NewYard--addressNewCostObjectCstID","interaction":{"idSuffix":"inner"}},"clearTextFirst":true,"interactionType":"ENTER_TEXT"}]}
RESULT: {"script":"<script> [776 bytes]","args":[{"enterText":"10001013","selector":{"id":"application-manageyards-display-component---NewYard--addressNewCostObjectCstID","interaction":{"idSuffix":"inner"}},"clearTextFirst":true,"interactionType":"ENTER_TEXT"}]}
COMMAND: POST /session/5a60c8b5c70bea8172ebe4add6912aad/actions - {"actions":[{"id":"action3","type":"key","parameters":{},"actions":[{"type":"keyDown","value":"î€‡"},{"type":"pause","duration":10},{"type":"keyUp","value":"î€‡"}]}]}
RESULT: {"actions":[{"id":"action3","type":"key","parameters":{},"actions":[{"type":"keyDown","value":"î€‡"},{"type":"pause","duration":10},{"type":"keyUp","value":"î€‡"}]}]}
COMMAND: POST /session/5a60c8b5c70bea8172ebe4add6912aad/execute/async - {"script":"<script> [1562 bytes]","args":[{"selector":{"id":"application-manageyards-display-component---NewYard--addressEditDetailsCurrency","interaction":{"idSuffix":"inner"}},"wdio_ui5_key":"applicationmanageyards-display-component---NewYard--addressEditDetailsCurrency"}]}
COMMAND: GET /session/5a60c8b5c70bea8172ebe4add6912aad/screenshot - {}
RESULT: {"script":"<script> [1562 bytes]","args":[{"selector":{"id":"application-manageyards-display-component---NewYard--addressEditDetailsCurrency","interaction":{"idSuffix":"inner"}},"wdio_ui5_key":"applicationmanageyards-display-component---NewYard--addressEditDetailsCurrency"}]}
RESULT: undefined
COMMAND: POST /session/5a60c8b5c70bea8172ebe4add6912aad/execute/async - {"script":"<script> [776 bytes]","args":[{"enterText":"Euro","selector":{"id":"application-manageyards-display-component---NewYard--addressEditDetailsCurrency","interaction":{"idSuffix":"inner"}},"clearTextFirst":true,"interactionType":"ENTER_TEXT"}]}
RESULT: {}
RESULT: {"script":"<script> [776 bytes]","args":[{"enterText":"Euro","selector":{"id":"application-manageyards-display-component---NewYard--addressEditDetailsCurrency","interaction":{"idSuffix":"inner"}},"clearTextFirst":true,"interactionType":"ENTER_TEXT"}]}
COMMAND: POST /session/5a60c8b5c70bea8172ebe4add6912aad/execute/async - {"script":"<script> [1562 bytes]","args":[{"selector":{"controlType":"sap.m.Input","viewName":"etm.portal.ui.manageyards.view.New","viewId":"application-manageyards-display-component---NewYard","bindingPath":{"path":"","propertyPath":"/CONTROLLING_AREA","modelName":"NewYardModel"},"interaction":{"idSuffix":"inner"}},"wdio_ui5_key":"etmportal.ui.manageyards.view.Newsap.m.Input{\"path\":\"\",\"propertyPath\":\"/CONTROLLING_AREA\",\"modelName\":\"NewYardModel\"}"}]}
RESULT: {"script":"<script> [1562 bytes]","args":[{"selector":{"controlType":"sap.m.Input","viewName":"etm.portal.ui.manageyards.view.New","viewId":"application-manageyards-display-component---NewYard","bindingPath":{"path":"","propertyPath":"/CONTROLLING_AREA","modelName":"NewYardModel"},"interaction":{"idSuffix":"inner"}},"wdio_ui5_key":"etmportal.ui.manageyards.view.Newsap.m.Input{\"path\":\"\",\"propertyPath\":\"/CONTROLLING_AREA\",\"modelName\":\"NewYardModel\"}"}]}
RESULT: undefined
COMMAND: POST /session/5a60c8b5c70bea8172ebe4add6912aad/execute/async - {"script":"<script> [776 bytes]","args":[{"enterText":"Z001","selector":{"controlType":"sap.m.Input","viewName":"etm.portal.ui.manageyards.view.New","viewId":"application-manageyards-display-component---NewYard","bindingPath":{"path":"","propertyPath":"/CONTROLLING_AREA","modelName":"NewYardModel"},"interaction":{"idSuffix":"inner"}},"clearTextFirst":true,"interactionType":"ENTER_TEXT"}]}
RESULT: {"script":"<script> [776 bytes]","args":[{"enterText":"Z001","selector":{"controlType":"sap.m.Input","viewName":"etm.portal.ui.manageyards.view.New","viewId":"application-manageyards-display-component---NewYard","bindingPath":{"path":"","propertyPath":"/CONTROLLING_AREA","modelName":"NewYardModel"},"interaction":{"idSuffix":"inner"}},"clearTextFirst":true,"interactionType":"ENTER_TEXT"}]}
COMMAND: POST /session/5a60c8b5c70bea8172ebe4add6912aad/execute/async - {"script":"<script> [1562 bytes]","args":[{"selector":{"id":"application-manageyards-display-component---NewYard--companyCodeComboBox","interaction":{"idSuffix":"inner"}},"wdio_ui5_key":"applicationmanageyards-display-component---NewYard--companyCodeComboBox"}]}
RESULT: {"script":"<script> [1562 bytes]","args":[{"selector":{"id":"application-manageyards-display-component---NewYard--companyCodeComboBox","interaction":{"idSuffix":"inner"}},"wdio_ui5_key":"applicationmanageyards-display-component---NewYard--companyCodeComboBox"}]}
RESULT: undefined
COMMAND: POST /session/5a60c8b5c70bea8172ebe4add6912aad/execute/async - {"script":"<script> [776 bytes]","args":[{"enterText":"1000","selector":{"id":"application-manageyards-display-component---NewYard--companyCodeComboBox","interaction":{"idSuffix":"inner"}},"clearTextFirst":true,"interactionType":"ENTER_TEXT"}]}
RESULT: {"script":"<script> [776 bytes]","args":[{"enterText":"1000","selector":{"id":"application-manageyards-display-component---NewYard--companyCodeComboBox","interaction":{"idSuffix":"inner"}},"clearTextFirst":true,"interactionType":"ENTER_TEXT"}]}
COMMAND: POST /session/5a60c8b5c70bea8172ebe4add6912aad/actions - {"actions":[{"id":"action4","type":"key","parameters":{},"actions":[{"type":"keyDown","value":"î€‡"},{"type":"pause","duration":10},{"type":"keyUp","value":"î€‡"}]}]}
RESULT: {"actions":[{"id":"action4","type":"key","parameters":{},"actions":[{"type":"keyDown","value":"î€‡"},{"type":"pause","duration":10},{"type":"keyUp","value":"î€‡"}]}]}
COMMAND: POST /session/5a60c8b5c70bea8172ebe4add6912aad/execute/async - {"script":"<script> [1562 bytes]","args":[{"selector":{"controlType":"sap.m.Input","viewName":"etm.portal.ui.manageyards.view.New","viewId":"application-manageyards-display-component---NewYard","bindingPath":{"path":"","propertyPath":"/PLANT","modelName":"NewYardModel"},"interaction":{"idSuffix":"inner"}},"wdio_ui5_key":"etmportal.ui.manageyards.view.Newsap.m.Input{\"path\":\"\",\"propertyPath\":\"/PLANT\",\"modelName\":\"NewYardModel\"}"}]}
COMMAND: GET /session/5a60c8b5c70bea8172ebe4add6912aad/screenshot - {}
RESULT: {"script":"<script> [1562 bytes]","args":[{"selector":{"controlType":"sap.m.Input","viewName":"etm.portal.ui.manageyards.view.New","viewId":"application-manageyards-display-component---NewYard","bindingPath":{"path":"","propertyPath":"/PLANT","modelName":"NewYardModel"},"interaction":{"idSuffix":"inner"}},"wdio_ui5_key":"etmportal.ui.manageyards.view.Newsap.m.Input{\"path\":\"\",\"propertyPath\":\"/PLANT\",\"modelName\":\"NewYardModel\"}"}]}
RESULT: undefined
COMMAND: POST /session/5a60c8b5c70bea8172ebe4add6912aad/execute/async - {"script":"<script> [776 bytes]","args":[{"enterText":"1001","selector":{"controlType":"sap.m.Input","viewName":"etm.portal.ui.manageyards.view.New","viewId":"application-manageyards-display-component---NewYard","bindingPath":{"path":"","propertyPath":"/PLANT","modelName":"NewYardModel"},"interaction":{"idSuffix":"inner"}},"clearTextFirst":true,"interactionType":"ENTER_TEXT"}]}
RESULT: {}
RESULT: {"script":"<script> [776 bytes]","args":[{"enterText":"1001","selector":{"controlType":"sap.m.Input","viewName":"etm.portal.ui.manageyards.view.New","viewId":"application-manageyards-display-component---NewYard","bindingPath":{"path":"","propertyPath":"/PLANT","modelName":"NewYardModel"},"interaction":{"idSuffix":"inner"}},"clearTextFirst":true,"interactionType":"ENTER_TEXT"}]}
COMMAND: POST /session/5a60c8b5c70bea8172ebe4add6912aad/execute/async - {"script":"<script> [1562 bytes]","args":[{"selector":{"controlType":"sap.m.Input","viewName":"etm.portal.ui.manageyards.view.New","viewId":"application-manageyards-display-component---NewYard","bindingPath":{"path":"","propertyPath":"/SALES_AREA_VKORG","modelName":"NewYardModel"},"interaction":{"idSuffix":"inner"}},"wdio_ui5_key":"etmportal.ui.manageyards.view.Newsap.m.Input{\"path\":\"\",\"propertyPath\":\"/SALES_AREA_VKORG\",\"modelName\":\"NewYardModel\"}"}]}
RESULT: {"script":"<script> [1562 bytes]","args":[{"selector":{"controlType":"sap.m.Input","viewName":"etm.portal.ui.manageyards.view.New","viewId":"application-manageyards-display-component---NewYard","bindingPath":{"path":"","propertyPath":"/SALES_AREA_VKORG","modelName":"NewYardModel"},"interaction":{"idSuffix":"inner"}},"wdio_ui5_key":"etmportal.ui.manageyards.view.Newsap.m.Input{\"path\":\"\",\"propertyPath\":\"/SALES_AREA_VKORG\",\"modelName\":\"NewYardModel\"}"}]}
RESULT: undefined
COMMAND: POST /session/5a60c8b5c70bea8172ebe4add6912aad/execute/async - {"script":"<script> [776 bytes]","args":[{"enterText":"C002","selector":{"controlType":"sap.m.Input","viewName":"etm.portal.ui.manageyards.view.New","viewId":"application-manageyards-display-component---NewYard","bindingPath":{"path":"","propertyPath":"/SALES_AREA_VKORG","modelName":"NewYardModel"},"interaction":{"idSuffix":"inner"}},"clearTextFirst":true,"interactionType":"ENTER_TEXT"}]}
RESULT: {"script":"<script> [776 bytes]","args":[{"enterText":"C002","selector":{"controlType":"sap.m.Input","viewName":"etm.portal.ui.manageyards.view.New","viewId":"application-manageyards-display-component---NewYard","bindingPath":{"path":"","propertyPath":"/SALES_AREA_VKORG","modelName":"NewYardModel"},"interaction":{"idSuffix":"inner"}},"clearTextFirst":true,"interactionType":"ENTER_TEXT"}]}
COMMAND: POST /session/5a60c8b5c70bea8172ebe4add6912aad/execute/async - {"script":"<script> [1562 bytes]","args":[{"selector":{"controlType":"sap.m.Input","viewName":"etm.portal.ui.manageyards.view.New","viewId":"application-manageyards-display-component---NewYard","bindingPath":{"path":"","propertyPath":"/SALES_AREA_VTWEG","modelName":"NewYardModel"},"interaction":{"idSuffix":"inner"}},"wdio_ui5_key":"etmportal.ui.manageyards.view.Newsap.m.Input{\"path\":\"\",\"propertyPath\":\"/SALES_AREA_VTWEG\",\"modelName\":\"NewYardModel\"}"}]}
RESULT: {"script":"<script> [1562 bytes]","args":[{"selector":{"controlType":"sap.m.Input","viewName":"etm.portal.ui.manageyards.view.New","viewId":"application-manageyards-display-component---NewYard","bindingPath":{"path":"","propertyPath":"/SALES_AREA_VTWEG","modelName":"NewYardModel"},"interaction":{"idSuffix":"inner"}},"wdio_ui5_key":"etmportal.ui.manageyards.view.Newsap.m.Input{\"path\":\"\",\"propertyPath\":\"/SALES_AREA_VTWEG\",\"modelName\":\"NewYardModel\"}"}]}
RESULT: undefined
COMMAND: POST /session/5a60c8b5c70bea8172ebe4add6912aad/execute/async - {"script":"<script> [776 bytes]","args":[{"enterText":"C2","selector":{"controlType":"sap.m.Input","viewName":"etm.portal.ui.manageyards.view.New","viewId":"application-manageyards-display-component---NewYard","bindingPath":{"path":"","propertyPath":"/SALES_AREA_VTWEG","modelName":"NewYardModel"},"interaction":{"idSuffix":"inner"}},"clearTextFirst":true,"interactionType":"ENTER_TEXT"}]}
RESULT: {"script":"<script> [776 bytes]","args":[{"enterText":"C2","selector":{"controlType":"sap.m.Input","viewName":"etm.portal.ui.manageyards.view.New","viewId":"application-manageyards-display-component---NewYard","bindingPath":{"path":"","propertyPath":"/SALES_AREA_VTWEG","modelName":"NewYardModel"},"interaction":{"idSuffix":"inner"}},"clearTextFirst":true,"interactionType":"ENTER_TEXT"}]}
COMMAND: POST /session/5a60c8b5c70bea8172ebe4add6912aad/execute/async - {"script":"<script> [1562 bytes]","args":[{"selector":{"controlType":"sap.m.Input","viewName":"etm.portal.ui.manageyards.view.New","viewId":"application-manageyards-display-component---NewYard","bindingPath":{"path":"","propertyPath":"/SALES_AREA_SPART","modelName":"NewYardModel"},"interaction":{"idSuffix":"inner"}},"wdio_ui5_key":"etmportal.ui.manageyards.view.Newsap.m.Input{\"path\":\"\",\"propertyPath\":\"/SALES_AREA_SPART\",\"modelName\":\"NewYardModel\"}"}]}
RESULT: {"script":"<script> [1562 bytes]","args":[{"selector":{"controlType":"sap.m.Input","viewName":"etm.portal.ui.manageyards.view.New","viewId":"application-manageyards-display-component---NewYard","bindingPath":{"path":"","propertyPath":"/SALES_AREA_SPART","modelName":"NewYardModel"},"interaction":{"idSuffix":"inner"}},"wdio_ui5_key":"etmportal.ui.manageyards.view.Newsap.m.Input{\"path\":\"\",\"propertyPath\":\"/SALES_AREA_SPART\",\"modelName\":\"NewYardModel\"}"}]}
RESULT: undefined
COMMAND: POST /session/5a60c8b5c70bea8172ebe4add6912aad/execute/async - {"script":"<script> [776 bytes]","args":[{"enterText":"C2","selector":{"controlType":"sap.m.Input","viewName":"etm.portal.ui.manageyards.view.New","viewId":"application-manageyards-display-component---NewYard","bindingPath":{"path":"","propertyPath":"/SALES_AREA_SPART","modelName":"NewYardModel"},"interaction":{"idSuffix":"inner"}},"clearTextFirst":true,"interactionType":"ENTER_TEXT"}]}
RESULT: {"script":"<script> [776 bytes]","args":[{"enterText":"C2","selector":{"controlType":"sap.m.Input","viewName":"etm.portal.ui.manageyards.view.New","viewId":"application-manageyards-display-component---NewYard","bindingPath":{"path":"","propertyPath":"/SALES_AREA_SPART","modelName":"NewYardModel"},"interaction":{"idSuffix":"inner"}},"clearTextFirst":true,"interactionType":"ENTER_TEXT"}]}
COMMAND: POST /session/5a60c8b5c70bea8172ebe4add6912aad/execute/async - {"script":"<script> [1562 bytes]","args":[{"selector":{"id":"application-manageyards-display-component---NewYard--whmCheckBox","interaction":{"idSuffix":"CbBg"}},"wdio_ui5_key":"applicationmanageyards-display-component---NewYard--whmCheckBox"}]}
RESULT: {"script":"<script> [1562 bytes]","args":[{"selector":{"id":"application-manageyards-display-component---NewYard--whmCheckBox","interaction":{"idSuffix":"CbBg"}},"wdio_ui5_key":"applicationmanageyards-display-component---NewYard--whmCheckBox"}]}
RESULT: undefined
COMMAND: POST /session/5a60c8b5c70bea8172ebe4add6912aad/element - {"using":"xpath","value":"//*[@id=\"application-manageyards-display-component---NewYard--whmCheckBox\"]"}
RESULT: {"using":"xpath","value":"//*[@id=\"application-manageyards-display-component---NewYard--whmCheckBox\"]"}
COMMAND: POST /session/5a60c8b5c70bea8172ebe4add6912aad/element/f.6B59548A06B598AB2C6AF1A2C766605D.d.33C6DF659F6C5EDF2CDCD56EC54D735D.e.733/click - {}
RESULT: {}
COMMAND: POST /session/5a60c8b5c70bea8172ebe4add6912aad/execute/async - {"script":"<script> [1562 bytes]","args":[{"selector":{"controlType":"sap.m.Button","viewName":"etm.portal.ui.manageyards.view.New","viewId":"application-manageyards-display-component---NewYard","i18NText":{"propertyName":"text","key":"save"},"interaction":{"idSuffix":"inner"}},"wdio_ui5_key":"etmportal.ui.manageyards.view.Newsap.m.Button{\"propertyName\":\"text\",\"key\":\"save\"}"}]}
COMMAND: GET /session/5a60c8b5c70bea8172ebe4add6912aad/screenshot - {}
RESULT: {"script":"<script> [1562 bytes]","args":[{"selector":{"controlType":"sap.m.Button","viewName":"etm.portal.ui.manageyards.view.New","viewId":"application-manageyards-display-component---NewYard","i18NText":{"propertyName":"text","key":"save"},"interaction":{"idSuffix":"inner"}},"wdio_ui5_key":"etmportal.ui.manageyards.view.Newsap.m.Button{\"propertyName\":\"text\",\"key\":\"save\"}"}]}
RESULT: undefined
COMMAND: POST /session/5a60c8b5c70bea8172ebe4add6912aad/element - {"using":"xpath","value":"//*[@id=\"__button18\"]"}
RESULT: {}
RESULT: {"using":"xpath","value":"//*[@id=\"__button18\"]"}
COMMAND: POST /session/5a60c8b5c70bea8172ebe4add6912aad/element/f.6B59548A06B598AB2C6AF1A2C766605D.d.33C6DF659F6C5EDF2CDCD56EC54D735D.e.685/click - {}
RESULT: {}
COMMAND: GET /session/5a60c8b5c70bea8172ebe4add6912aad/screenshot - {}
RESULT: {}
COMMAND: POST /session/5a60c8b5c70bea8172ebe4add6912aad/element - {"using":"xpath","value":"//header/div/div/div/div/div/div[2]/div/span"}
RESULT: {"using":"xpath","value":"//header/div/div/div/div/div/div[2]/div/span"}
COMMAND: GET /session/5a60c8b5c70bea8172ebe4add6912aad/element/f.6B59548A06B598AB2C6AF1A2C766605D.d.33C6DF659F6C5EDF2CDCD56EC54D735D.e.929/text - {}
RESULT: {}
COMMAND: POST /session/5a60c8b5c70bea8172ebe4add6912aad/element - {"using":"xpath","value":"//header/div/div[2]/div[2]/span"}
RESULT: {"using":"xpath","value":"//header/div/div[2]/div[2]/span"}
COMMAND: GET /session/5a60c8b5c70bea8172ebe4add6912aad/element/f.6B59548A06B598AB2C6AF1A2C766605D.d.33C6DF659F6C5EDF2CDCD56EC54D735D.e.930/text - {}
RESULT: {}
]]></system-out>
    </testcase>
    <testcase classname="chrome.135_0_7049_115.windows.Stock_increase_-_with_WHM_US125587" name="Should create new whm partner" time="117.687">
      <system-out><![CDATA[
COMMAND: POST /session/5a60c8b5c70bea8172ebe4add6912aad/element - {"using":"css selector","value":"#shell-header-logo"}
RESULT: {"using":"css selector","value":"#shell-header-logo"}
COMMAND: POST /session/5a60c8b5c70bea8172ebe4add6912aad/element/f.6B59548A06B598AB2C6AF1A2C766605D.d.33C6DF659F6C5EDF2CDCD56EC54D735D.e.241/click - {}
RESULT: {}
COMMAND: GET /session/5a60c8b5c70bea8172ebe4add6912aad/screenshot - {}
RESULT: {}
COMMAND: POST /session/5a60c8b5c70bea8172ebe4add6912aad/execute/async - {"script":"<script> [1562 bytes]","args":[{"selector":{"controlType":"sap.m.GenericTile","properties":{"header":"Manage Partners"}},"wdio_ui5_key":"sapm.GenericTile{\"header\":\"Manage Partners\"}"}]}
RESULT: {"script":"<script> [1562 bytes]","args":[{"selector":{"controlType":"sap.m.GenericTile","properties":{"header":"Manage Partners"}},"wdio_ui5_key":"sapm.GenericTile{\"header\":\"Manage Partners\"}"}]}
RESULT: undefined
COMMAND: POST /session/5a60c8b5c70bea8172ebe4add6912aad/element - {"using":"xpath","value":"//*[@id=\"__tile38\"]"}
RESULT: {"using":"xpath","value":"//*[@id=\"__tile38\"]"}
COMMAND: POST /session/5a60c8b5c70bea8172ebe4add6912aad/element/f.6B59548A06B598AB2C6AF1A2C766605D.d.33C6DF659F6C5EDF2CDCD56EC54D735D.e.932/click - {}
RESULT: {}
COMMAND: GET /session/5a60c8b5c70bea8172ebe4add6912aad/screenshot - {}
RESULT: {}
COMMAND: POST /session/5a60c8b5c70bea8172ebe4add6912aad/refresh - {}
RESULT: {}
COMMAND: GET /session/5a60c8b5c70bea8172ebe4add6912aad/screenshot - {}
RESULT: {}
COMMAND: POST /session/5a60c8b5c70bea8172ebe4add6912aad/refresh - {}
RESULT: {}
COMMAND: GET /session/5a60c8b5c70bea8172ebe4add6912aad/screenshot - {}
RESULT: {}
COMMAND: POST /session/5a60c8b5c70bea8172ebe4add6912aad/window/fullscreen - {}
RESULT: {}
COMMAND: POST /session/5a60c8b5c70bea8172ebe4add6912aad/execute/async - {"script":"<script> [189 bytes]","args":[]}
RESULT: {"script":"<script> [189 bytes]","args":[]}
COMMAND: POST /session/5a60c8b5c70bea8172ebe4add6912aad/execute/async - {"script":"<script> [123 bytes]","args":[]}
RESULT: {"script":"<script> [123 bytes]","args":[]}
COMMAND: POST /session/5a60c8b5c70bea8172ebe4add6912aad/timeouts - {"script":"<number>"}
RESULT: {"script":"<number>"}
COMMAND: GET /session/5a60c8b5c70bea8172ebe4add6912aad/timeouts - {}
RESULT: {}
RESULT: undefined
COMMAND: POST /session/5a60c8b5c70bea8172ebe4add6912aad/execute/async - {"script":"<script> [2676 bytes]","args":[]}
RESULT: {"script":"<script> [2676 bytes]","args":[]}
COMMAND: POST /session/5a60c8b5c70bea8172ebe4add6912aad/execute/async - {"script":"<script> [2342 bytes]","args":[{"protocol":"http","hostname":"0.0.0.0","path":"/","capabilities":{"browserName":"chrome","goog:chromeOptions":{"binary":"C:\\Program Files\\Google\\Chrome\\Application\\chrome.exe","args":["--start-maximized"]}},"logLevel":"warn","connectionRetryTimeout":120000,"connectionRetryCount":3,"logLevels":{},"enableDirectConnect":true,"strictSSL":true,"_":"65 more keys: [\"cacheDir\",\"port\",\"requestedCapabilities\",\"automationProtocol\",\"baseUrl\",\"waitforInterval\",\"waitforTimeout\",\"onReload\",\"beforeCommand\",\"afterCommand\",\"rootDir\",\"specs\",\"suites\",\"exclude\",\"groupLogsByTestSpec\",\"excludeDriverLogs\",\"bail\",\"framework\",\"reporters\",\"services\",\"maxInstances\",\"maxInstancesPerCapability\",\"injectGlobals\",\"filesToWatch\",\"execArgv\",\"runnerEnv\",\"runner\",\"shard\",\"specFileRetries\",\"specFileRetriesDelay\",\"specFileRetriesDeferred\",\"reporterSyncInterval\",\"reporterSyncTimeout\",\"cucumberFeaturesWithLineNumbers\",\"autoCompileOpts\",\"mochaOpts\",\"jasmineOpts\",\"cucumberOpts\",\"onPrepare\",\"onWorkerStart\",\"onWorkerEnd\",\"before\",\"beforeSession\",\"beforeSuite\",\"beforeHook\",\"beforeTest\",\"afterTest\",\"afterHook\",\"afterSuite\",\"afterSession\",\"after\",\"onComplete\",\"beforeAssertion\",\"afterAssertion\",\"beforeFeature\",\"beforeScenario\",\"beforeStep\",\"afterStep\",\"afterScenario\",\"afterFeature\",\"_\",\"suite\",\"$0\",\"ignoredWorkerServices\",\"wdi5\"]"}]}
RESULT: {"script":"<script> [2342 bytes]","args":[{"protocol":"http","hostname":"0.0.0.0","path":"/","capabilities":{"browserName":"chrome","goog:chromeOptions":{"binary":"C:\\Program Files\\Google\\Chrome\\Application\\chrome.exe","args":["--start-maximized"]}},"logLevel":"warn","connectionRetryTimeout":120000,"connectionRetryCount":3,"logLevels":{},"enableDirectConnect":true,"strictSSL":true,"_":"65 more keys: [\"cacheDir\",\"port\",\"requestedCapabilities\",\"automationProtocol\",\"baseUrl\",\"waitforInterval\",\"waitforTimeout\",\"onReload\",\"beforeCommand\",\"afterCommand\",\"rootDir\",\"specs\",\"suites\",\"exclude\",\"groupLogsByTestSpec\",\"excludeDriverLogs\",\"bail\",\"framework\",\"reporters\",\"services\",\"maxInstances\",\"maxInstancesPerCapability\",\"injectGlobals\",\"filesToWatch\",\"execArgv\",\"runnerEnv\",\"runner\",\"shard\",\"specFileRetries\",\"specFileRetriesDelay\",\"specFileRetriesDeferred\",\"reporterSyncInterval\",\"reporterSyncTimeout\",\"cucumberFeaturesWithLineNumbers\",\"autoCompileOpts\",\"mochaOpts\",\"jasmineOpts\",\"cucumberOpts\",\"onPrepare\",\"onWorkerStart\",\"onWorkerEnd\",\"before\",\"beforeSession\",\"beforeSuite\",\"beforeHook\",\"beforeTest\",\"afterTest\",\"afterHook\",\"afterSuite\",\"afterSession\",\"after\",\"onComplete\",\"beforeAssertion\",\"afterAssertion\",\"beforeFeature\",\"beforeScenario\",\"beforeStep\",\"afterStep\",\"afterScenario\",\"afterFeature\",\"_\",\"suite\",\"$0\",\"ignoredWorkerServices\",\"wdi5\"]"}]}
COMMAND: POST /session/5a60c8b5c70bea8172ebe4add6912aad/execute/async - {"script":"<script> [21126 bytes]","args":[35000]}
RESULT: {"script":"<script> [21126 bytes]","args":[35000]}
COMMAND: POST /session/5a60c8b5c70bea8172ebe4add6912aad/execute/async - {"script":"<script> [1562 bytes]","args":[{"selector":{"controlType":"sap.ui.core.Icon","viewName":"etm.portal.ui.managepartners.view.Master","viewId":"application-managepartners-display-component---masterPtm","properties":{"src":{"regex":{"source":"add"}}}},"wdio_ui5_key":"etmportal.ui.managepartners.view.Mastersap.ui.core.Icon{\"src\":{\"regex\":{\"source\":\"add\"}}}"}]}
RESULT: {"script":"<script> [1562 bytes]","args":[{"selector":{"controlType":"sap.ui.core.Icon","viewName":"etm.portal.ui.managepartners.view.Master","viewId":"application-managepartners-display-component---masterPtm","properties":{"src":{"regex":{"source":"add"}}}},"wdio_ui5_key":"etmportal.ui.managepartners.view.Mastersap.ui.core.Icon{\"src\":{\"regex\":{\"source\":\"add\"}}}"}]}
RESULT: undefined
COMMAND: POST /session/5a60c8b5c70bea8172ebe4add6912aad/element - {"using":"xpath","value":"//*[@id=\"__button2-img\"]"}
RESULT: {"using":"xpath","value":"//*[@id=\"__button2-img\"]"}
COMMAND: POST /session/5a60c8b5c70bea8172ebe4add6912aad/element/f.6B59548A06B598AB2C6AF1A2C766605D.d.FF76A2C7D10A5DA680CE58BDA296F625.e.1176/click - {}
RESULT: {}
COMMAND: GET /session/5a60c8b5c70bea8172ebe4add6912aad/screenshot - {}
RESULT: {}
COMMAND: POST /session/5a60c8b5c70bea8172ebe4add6912aad/execute/async - {"script":"<script> [1562 bytes]","args":[{"selector":{"controlType":"sap.m.Title","viewName":"etm.portal.ui.managepartners.view.NewPartner","viewId":"application-managepartners-display-component---NewPartner","i18NText":{"propertyName":"text","key":"newPartner"},"interaction":{"idSuffix":"inner"}},"wdio_ui5_key":"etmportal.ui.managepartners.view.NewPartnersap.m.Title{\"propertyName\":\"text\",\"key\":\"newPartner\"}"}]}
RESULT: {"script":"<script> [1562 bytes]","args":[{"selector":{"controlType":"sap.m.Title","viewName":"etm.portal.ui.managepartners.view.NewPartner","viewId":"application-managepartners-display-component---NewPartner","i18NText":{"propertyName":"text","key":"newPartner"},"interaction":{"idSuffix":"inner"}},"wdio_ui5_key":"etmportal.ui.managepartners.view.NewPartnersap.m.Title{\"propertyName\":\"text\",\"key\":\"newPartner\"}"}]}
RESULT: undefined
COMMAND: POST /session/5a60c8b5c70bea8172ebe4add6912aad/execute/async - {"script":"<script> [6424 bytes]","args":[{"element-6066-11e4-a52e-4f735466cecf":"f.6B59548A06B598AB2C6AF1A2C766605D.d.FF76A2C7D10A5DA680CE58BDA296F625.e.1614"},"getText",[]]}
RESULT: {"script":"<script> [6424 bytes]","args":[{"element-6066-11e4-a52e-4f735466cecf":"f.6B59548A06B598AB2C6AF1A2C766605D.d.FF76A2C7D10A5DA680CE58BDA296F625.e.1614"},"getText",[]]}
COMMAND: POST /session/5a60c8b5c70bea8172ebe4add6912aad/execute/async - {"script":"<script> [1562 bytes]","args":[{"selector":{"id":"application-managepartners-display-component---NewPartner--partnerId","interaction":{"idSuffix":"inner"}},"wdio_ui5_key":"applicationmanagepartners-display-component---NewPartner--partnerId"}]}
RESULT: {"script":"<script> [1562 bytes]","args":[{"selector":{"id":"application-managepartners-display-component---NewPartner--partnerId","interaction":{"idSuffix":"inner"}},"wdio_ui5_key":"applicationmanagepartners-display-component---NewPartner--partnerId"}]}
RESULT: undefined
COMMAND: POST /session/5a60c8b5c70bea8172ebe4add6912aad/execute/async - {"script":"<script> [1562 bytes]","args":[{"selector":{"id":"application-managepartners-display-component---NewPartner--addressDetailDetailsName1","interaction":{"idSuffix":"inner"}},"wdio_ui5_key":"applicationmanagepartners-display-component---NewPartner--addressDetailDetailsName1"}]}
RESULT: {"script":"<script> [1562 bytes]","args":[{"selector":{"id":"application-managepartners-display-component---NewPartner--addressDetailDetailsName1","interaction":{"idSuffix":"inner"}},"wdio_ui5_key":"applicationmanagepartners-display-component---NewPartner--addressDetailDetailsName1"}]}
RESULT: undefined
COMMAND: POST /session/5a60c8b5c70bea8172ebe4add6912aad/execute/async - {"script":"<script> [776 bytes]","args":[{"enterText":"WebdriverWHMPartneryemxq","selector":{"id":"application-managepartners-display-component---NewPartner--addressDetailDetailsName1","interaction":{"idSuffix":"inner"}},"clearTextFirst":true,"interactionType":"ENTER_TEXT"}]}
RESULT: {"script":"<script> [776 bytes]","args":[{"enterText":"WebdriverWHMPartneryemxq","selector":{"id":"application-managepartners-display-component---NewPartner--addressDetailDetailsName1","interaction":{"idSuffix":"inner"}},"clearTextFirst":true,"interactionType":"ENTER_TEXT"}]}
COMMAND: POST /session/5a60c8b5c70bea8172ebe4add6912aad/execute/async - {"script":"<script> [1562 bytes]","args":[{"selector":{"id":"application-managepartners-display-component---NewPartner--addressDetailDetailsLanguage","interaction":{"idSuffix":"inner"}},"wdio_ui5_key":"applicationmanagepartners-display-component---NewPartner--addressDetailDetailsLanguage"}]}
RESULT: {"script":"<script> [1562 bytes]","args":[{"selector":{"id":"application-managepartners-display-component---NewPartner--addressDetailDetailsLanguage","interaction":{"idSuffix":"inner"}},"wdio_ui5_key":"applicationmanagepartners-display-component---NewPartner--addressDetailDetailsLanguage"}]}
RESULT: undefined
COMMAND: POST /session/5a60c8b5c70bea8172ebe4add6912aad/execute/async - {"script":"<script> [776 bytes]","args":[{"enterText":"Romanian","selector":{"id":"application-managepartners-display-component---NewPartner--addressDetailDetailsLanguage","interaction":{"idSuffix":"inner"}},"clearTextFirst":true,"interactionType":"ENTER_TEXT"}]}
RESULT: {"script":"<script> [776 bytes]","args":[{"enterText":"Romanian","selector":{"id":"application-managepartners-display-component---NewPartner--addressDetailDetailsLanguage","interaction":{"idSuffix":"inner"}},"clearTextFirst":true,"interactionType":"ENTER_TEXT"}]}
COMMAND: POST /session/5a60c8b5c70bea8172ebe4add6912aad/execute/async - {"script":"<script> [1562 bytes]","args":[{"selector":{"controlType":"sap.m.StandardListItem","viewName":"etm.portal.ui.managepartners.view.NewPartner","viewId":"application-managepartners-display-component---NewPartner","properties":{"type":"Active"},"searchOpenDialogs":true,"interaction":{"idSuffix":"content"}},"wdio_ui5_key":"etmportal.ui.managepartners.view.NewPartnersap.m.StandardListItem{\"type\":\"Active\"}"}]}
RESULT: {"script":"<script> [1562 bytes]","args":[{"selector":{"controlType":"sap.m.StandardListItem","viewName":"etm.portal.ui.managepartners.view.NewPartner","viewId":"application-managepartners-display-component---NewPartner","properties":{"type":"Active"},"searchOpenDialogs":true,"interaction":{"idSuffix":"content"}},"wdio_ui5_key":"etmportal.ui.managepartners.view.NewPartnersap.m.StandardListItem{\"type\":\"Active\"}"}]}
RESULT: undefined
COMMAND: POST /session/5a60c8b5c70bea8172ebe4add6912aad/element - {"using":"xpath","value":"//*[@id=\"__item131\"]"}
RESULT: {"using":"xpath","value":"//*[@id=\"__item131\"]"}
COMMAND: POST /session/5a60c8b5c70bea8172ebe4add6912aad/element/f.6B59548A06B598AB2C6AF1A2C766605D.d.FF76A2C7D10A5DA680CE58BDA296F625.e.1618/click - {}
RESULT: {}
COMMAND: POST /session/5a60c8b5c70bea8172ebe4add6912aad/execute/async - {"script":"<script> [1562 bytes]","args":[{"selector":{"id":"application-managepartners-display-component---NewPartner--addressDetailDetailsCity1","interaction":{"idSuffix":"inner"}},"wdio_ui5_key":"applicationmanagepartners-display-component---NewPartner--addressDetailDetailsCity1"}]}
COMMAND: GET /session/5a60c8b5c70bea8172ebe4add6912aad/screenshot - {}
RESULT: {"script":"<script> [1562 bytes]","args":[{"selector":{"id":"application-managepartners-display-component---NewPartner--addressDetailDetailsCity1","interaction":{"idSuffix":"inner"}},"wdio_ui5_key":"applicationmanagepartners-display-component---NewPartner--addressDetailDetailsCity1"}]}
RESULT: undefined
COMMAND: POST /session/5a60c8b5c70bea8172ebe4add6912aad/execute/async - {"script":"<script> [776 bytes]","args":[{"enterText":"Cluj","selector":{"id":"application-managepartners-display-component---NewPartner--addressDetailDetailsCity1","interaction":{"idSuffix":"inner"}},"clearTextFirst":true,"interactionType":"ENTER_TEXT"}]}
RESULT: {}
RESULT: {"script":"<script> [776 bytes]","args":[{"enterText":"Cluj","selector":{"id":"application-managepartners-display-component---NewPartner--addressDetailDetailsCity1","interaction":{"idSuffix":"inner"}},"clearTextFirst":true,"interactionType":"ENTER_TEXT"}]}
COMMAND: POST /session/5a60c8b5c70bea8172ebe4add6912aad/execute/async - {"script":"<script> [1562 bytes]","args":[{"selector":{"id":"application-managepartners-display-component---NewPartner--addressDetailDetailsCountry","interaction":{"idSuffix":"inner"}},"wdio_ui5_key":"applicationmanagepartners-display-component---NewPartner--addressDetailDetailsCountry"}]}
RESULT: {"script":"<script> [1562 bytes]","args":[{"selector":{"id":"application-managepartners-display-component---NewPartner--addressDetailDetailsCountry","interaction":{"idSuffix":"inner"}},"wdio_ui5_key":"applicationmanagepartners-display-component---NewPartner--addressDetailDetailsCountry"}]}
RESULT: undefined
COMMAND: POST /session/5a60c8b5c70bea8172ebe4add6912aad/execute/async - {"script":"<script> [6424 bytes]","args":[{"element-6066-11e4-a52e-4f735466cecf":"f.6B59548A06B598AB2C6AF1A2C766605D.d.FF76A2C7D10A5DA680CE58BDA296F625.e.1359"},"setValue",["Romania"]]}
RESULT: {"script":"<script> [6424 bytes]","args":[{"element-6066-11e4-a52e-4f735466cecf":"f.6B59548A06B598AB2C6AF1A2C766605D.d.FF76A2C7D10A5DA680CE58BDA296F625.e.1359"},"setValue",["Romania"]]}
COMMAND: POST /session/5a60c8b5c70bea8172ebe4add6912aad/execute/async - {"script":"<script> [1562 bytes]","args":[{"selector":{"id":"application-managepartners-display-component---NewPartner--partnerDetailInternal","interaction":{"idSuffix":"inner"}},"wdio_ui5_key":"applicationmanagepartners-display-component---NewPartner--partnerDetailInternal"}]}
RESULT: {"script":"<script> [1562 bytes]","args":[{"selector":{"id":"application-managepartners-display-component---NewPartner--partnerDetailInternal","interaction":{"idSuffix":"inner"}},"wdio_ui5_key":"applicationmanagepartners-display-component---NewPartner--partnerDetailInternal"}]}
RESULT: undefined
COMMAND: POST /session/5a60c8b5c70bea8172ebe4add6912aad/execute/async - {"script":"<script> [776 bytes]","args":[{"enterText":"External partner","selector":{"id":"application-managepartners-display-component---NewPartner--partnerDetailInternal","interaction":{"idSuffix":"inner"}},"clearTextFirst":true,"interactionType":"ENTER_TEXT"}]}
RESULT: {"script":"<script> [776 bytes]","args":[{"enterText":"External partner","selector":{"id":"application-managepartners-display-component---NewPartner--partnerDetailInternal","interaction":{"idSuffix":"inner"}},"clearTextFirst":true,"interactionType":"ENTER_TEXT"}]}
COMMAND: POST /session/5a60c8b5c70bea8172ebe4add6912aad/execute/async - {"script":"<script> [1562 bytes]","args":[{"selector":{"id":"application-managepartners-display-component---NewPartner--partnerDetailsCurrency","interaction":{"idSuffix":"inner"}},"wdio_ui5_key":"applicationmanagepartners-display-component---NewPartner--partnerDetailsCurrency"}]}
RESULT: {"script":"<script> [1562 bytes]","args":[{"selector":{"id":"application-managepartners-display-component---NewPartner--partnerDetailsCurrency","interaction":{"idSuffix":"inner"}},"wdio_ui5_key":"applicationmanagepartners-display-component---NewPartner--partnerDetailsCurrency"}]}
RESULT: undefined
COMMAND: POST /session/5a60c8b5c70bea8172ebe4add6912aad/execute/async - {"script":"<script> [776 bytes]","args":[{"enterText":"Euro","selector":{"id":"application-managepartners-display-component---NewPartner--partnerDetailsCurrency","interaction":{"idSuffix":"inner"}},"clearTextFirst":true,"interactionType":"ENTER_TEXT"}]}
RESULT: {"script":"<script> [776 bytes]","args":[{"enterText":"Euro","selector":{"id":"application-managepartners-display-component---NewPartner--partnerDetailsCurrency","interaction":{"idSuffix":"inner"}},"clearTextFirst":true,"interactionType":"ENTER_TEXT"}]}
COMMAND: POST /session/5a60c8b5c70bea8172ebe4add6912aad/execute/async - {"script":"<script> [1562 bytes]","args":[{"selector":{"controlType":"sap.m.Button","viewName":"etm.portal.ui.managepartners.view.NewPartner","viewId":"application-managepartners-display-component---NewPartner","properties":{"text":"Commercial"},"interaction":{"idSuffix":"BDI-content"}},"wdio_ui5_key":"etmportal.ui.managepartners.view.NewPartnersap.m.Button{\"text\":\"Commercial\"}"}]}
RESULT: {"script":"<script> [1562 bytes]","args":[{"selector":{"controlType":"sap.m.Button","viewName":"etm.portal.ui.managepartners.view.NewPartner","viewId":"application-managepartners-display-component---NewPartner","properties":{"text":"Commercial"},"interaction":{"idSuffix":"BDI-content"}},"wdio_ui5_key":"etmportal.ui.managepartners.view.NewPartnersap.m.Button{\"text\":\"Commercial\"}"}]}
RESULT: undefined
COMMAND: POST /session/5a60c8b5c70bea8172ebe4add6912aad/element - {"using":"xpath","value":"//*[@id=\"application-managepartners-display-component---NewPartner--ObjectPageLayout-anchBar-__section5-anchor\"]"}
RESULT: {"using":"xpath","value":"//*[@id=\"application-managepartners-display-component---NewPartner--ObjectPageLayout-anchBar-__section5-anchor\"]"}
COMMAND: POST /session/5a60c8b5c70bea8172ebe4add6912aad/element/f.6B59548A06B598AB2C6AF1A2C766605D.d.FF76A2C7D10A5DA680CE58BDA296F625.e.1624/click - {}
RESULT: {}
COMMAND: GET /session/5a60c8b5c70bea8172ebe4add6912aad/screenshot - {}
RESULT: {}
COMMAND: POST /session/5a60c8b5c70bea8172ebe4add6912aad/execute/async - {"script":"<script> [1562 bytes]","args":[{"selector":{"id":"application-managepartners-display-component---NewPartner--btnAddTableRow-img"},"wdio_ui5_key":"applicationmanagepartners-display-component---NewPartner--btnAddTableRow-img"}]}
RESULT: {"script":"<script> [1562 bytes]","args":[{"selector":{"id":"application-managepartners-display-component---NewPartner--btnAddTableRow-img"},"wdio_ui5_key":"applicationmanagepartners-display-component---NewPartner--btnAddTableRow-img"}]}
RESULT: undefined
COMMAND: POST /session/5a60c8b5c70bea8172ebe4add6912aad/element - {"using":"xpath","value":"//*[@id=\"application-managepartners-display-component---NewPartner--btnAddTableRow-img\"]"}
RESULT: {"using":"xpath","value":"//*[@id=\"application-managepartners-display-component---NewPartner--btnAddTableRow-img\"]"}
COMMAND: POST /session/5a60c8b5c70bea8172ebe4add6912aad/element/f.6B59548A06B598AB2C6AF1A2C766605D.d.FF76A2C7D10A5DA680CE58BDA296F625.e.1631/click - {}
RESULT: {}
COMMAND: POST /session/5a60c8b5c70bea8172ebe4add6912aad/element - {"using":"xpath","value":"//input[contains(@id ,\"application-managepartners-display-component---NewPartner--assignmentYard-application-managepartners-display-component---NewPartner\")]"}
COMMAND: GET /session/5a60c8b5c70bea8172ebe4add6912aad/screenshot - {}
RESULT: {"using":"xpath","value":"//input[contains(@id ,\"application-managepartners-display-component---NewPartner--assignmentYard-application-managepartners-display-component---NewPartner\")]"}
COMMAND: POST /session/5a60c8b5c70bea8172ebe4add6912aad/elements - {"using":"xpath","value":"//input[contains(@id ,\"application-managepartners-display-component---NewPartner--assignmentYard-application-managepartners-display-component---NewPartner\")]"}
RESULT: {}
RESULT: {"using":"xpath","value":"//input[contains(@id ,\"application-managepartners-display-component---NewPartner--assignmentYard-application-managepartners-display-component---NewPartner\")]"}
COMMAND: POST /session/5a60c8b5c70bea8172ebe4add6912aad/element/f.6B59548A06B598AB2C6AF1A2C766605D.d.FF76A2C7D10A5DA680CE58BDA296F625.e.1634/value - {"text":"662"}
RESULT: {"text":"662"}
COMMAND: GET /session/5a60c8b5c70bea8172ebe4add6912aad/screenshot - {}
RESULT: {}
COMMAND: POST /session/5a60c8b5c70bea8172ebe4add6912aad/actions - {"actions":[{"id":"action5","type":"key","parameters":{},"actions":[{"type":"keyDown","value":"î€‡"},{"type":"pause","duration":10},{"type":"keyUp","value":"î€‡"}]}]}
RESULT: {"actions":[{"id":"action5","type":"key","parameters":{},"actions":[{"type":"keyDown","value":"î€‡"},{"type":"pause","duration":10},{"type":"keyUp","value":"î€‡"}]}]}
COMMAND: POST /session/5a60c8b5c70bea8172ebe4add6912aad/execute/async - {"script":"<script> [1562 bytes]","args":[{"selector":{"controlType":"sap.m.Button","viewName":"etm.portal.ui.managepartners.view.NewPartner","viewId":"application-managepartners-display-component---NewPartner","i18NText":{"propertyName":"text","key":"save"},"interaction":{"idSuffix":"BDI-content"}},"wdio_ui5_key":"etmportal.ui.managepartners.view.NewPartnersap.m.Button{\"propertyName\":\"text\",\"key\":\"save\"}"}]}
COMMAND: GET /session/5a60c8b5c70bea8172ebe4add6912aad/screenshot - {}
RESULT: {"script":"<script> [1562 bytes]","args":[{"selector":{"controlType":"sap.m.Button","viewName":"etm.portal.ui.managepartners.view.NewPartner","viewId":"application-managepartners-display-component---NewPartner","i18NText":{"propertyName":"text","key":"save"},"interaction":{"idSuffix":"BDI-content"}},"wdio_ui5_key":"etmportal.ui.managepartners.view.NewPartnersap.m.Button{\"propertyName\":\"text\",\"key\":\"save\"}"}]}
RESULT: undefined
COMMAND: POST /session/5a60c8b5c70bea8172ebe4add6912aad/element - {"using":"xpath","value":"//*[@id=\"__button10\"]"}
RESULT: {}
RESULT: {"using":"xpath","value":"//*[@id=\"__button10\"]"}
COMMAND: POST /session/5a60c8b5c70bea8172ebe4add6912aad/element/f.6B59548A06B598AB2C6AF1A2C766605D.d.FF76A2C7D10A5DA680CE58BDA296F625.e.1526/click - {}
RESULT: {}
COMMAND: GET /session/5a60c8b5c70bea8172ebe4add6912aad/screenshot - {}
RESULT: {}
COMMAND: POST /session/5a60c8b5c70bea8172ebe4add6912aad/element - {"using":"xpath","value":"//header/div/div[2]/div[2]/span"}
RESULT: {"using":"xpath","value":"//header/div/div[2]/div[2]/span"}
COMMAND: POST /session/5a60c8b5c70bea8172ebe4add6912aad/elements - {"using":"xpath","value":"//header/div/div[2]/div[2]/span"}
RESULT: {"using":"xpath","value":"//header/div/div[2]/div[2]/span"}
COMMAND: POST /session/5a60c8b5c70bea8172ebe4add6912aad/execute/sync - {"script":"<script> [8489 bytes]","args":[{"element-6066-11e4-a52e-4f735466cecf":"f.6B59548A06B598AB2C6AF1A2C766605D.d.FF76A2C7D10A5DA680CE58BDA296F625.e.1804","ELEMENT":"f.6B59548A06B598AB2C6AF1A2C766605D.d.FF76A2C7D10A5DA680CE58BDA296F625.e.1804"}]}
RESULT: {"script":"<script> [8489 bytes]","args":[{"element-6066-11e4-a52e-4f735466cecf":"f.6B59548A06B598AB2C6AF1A2C766605D.d.FF76A2C7D10A5DA680CE58BDA296F625.e.1804","ELEMENT":"f.6B59548A06B598AB2C6AF1A2C766605D.d.FF76A2C7D10A5DA680CE58BDA296F625.e.1804"}]}
COMMAND: GET /session/5a60c8b5c70bea8172ebe4add6912aad/element/f.6B59548A06B598AB2C6AF1A2C766605D.d.FF76A2C7D10A5DA680CE58BDA296F625.e.1804/text - {}
COMMAND: GET /session/5a60c8b5c70bea8172ebe4add6912aad/screenshot - {}
RESULT: {}
COMMAND: POST /session/5a60c8b5c70bea8172ebe4add6912aad/element - {"using":"xpath","value":"//header/div/div/div/div/div/div[2]/div/span"}
RESULT: {}
RESULT: {"using":"xpath","value":"//header/div/div/div/div/div/div[2]/div/span"}
COMMAND: POST /session/5a60c8b5c70bea8172ebe4add6912aad/elements - {"using":"xpath","value":"//header/div/div/div/div/div/div[2]/div/span"}
RESULT: {"using":"xpath","value":"//header/div/div/div/div/div/div[2]/div/span"}
COMMAND: POST /session/5a60c8b5c70bea8172ebe4add6912aad/execute/sync - {"script":"<script> [8489 bytes]","args":[{"element-6066-11e4-a52e-4f735466cecf":"f.6B59548A06B598AB2C6AF1A2C766605D.d.FF76A2C7D10A5DA680CE58BDA296F625.e.1805","ELEMENT":"f.6B59548A06B598AB2C6AF1A2C766605D.d.FF76A2C7D10A5DA680CE58BDA296F625.e.1805"}]}
RESULT: {"script":"<script> [8489 bytes]","args":[{"element-6066-11e4-a52e-4f735466cecf":"f.6B59548A06B598AB2C6AF1A2C766605D.d.FF76A2C7D10A5DA680CE58BDA296F625.e.1805","ELEMENT":"f.6B59548A06B598AB2C6AF1A2C766605D.d.FF76A2C7D10A5DA680CE58BDA296F625.e.1805"}]}
COMMAND: GET /session/5a60c8b5c70bea8172ebe4add6912aad/element/f.6B59548A06B598AB2C6AF1A2C766605D.d.FF76A2C7D10A5DA680CE58BDA296F625.e.1805/text - {}
COMMAND: GET /session/5a60c8b5c70bea8172ebe4add6912aad/screenshot - {}
RESULT: {}
]]></system-out>
    </testcase>
    <testcase classname="chrome.135_0_7049_115.windows.Stock_increase_-_with_WHM_US125587" name="Should create WHM site" time="84.94">
      <system-out><![CDATA[
COMMAND: POST /session/5a60c8b5c70bea8172ebe4add6912aad/element - {"using":"css selector","value":"#shell-header-logo"}
RESULT: {}
RESULT: {"using":"css selector","value":"#shell-header-logo"}
COMMAND: POST /session/5a60c8b5c70bea8172ebe4add6912aad/element/f.6B59548A06B598AB2C6AF1A2C766605D.d.FF76A2C7D10A5DA680CE58BDA296F625.e.1120/click - {}
RESULT: {}
COMMAND: GET /session/5a60c8b5c70bea8172ebe4add6912aad/screenshot - {}
RESULT: {}
COMMAND: POST /session/5a60c8b5c70bea8172ebe4add6912aad/execute/async - {"script":"<script> [1562 bytes]","args":[{"selector":{"controlType":"sap.m.GenericTile","properties":{"header":"Manage Sites"}},"wdio_ui5_key":"sapm.GenericTile{\"header\":\"Manage Sites\"}"}]}
RESULT: {"script":"<script> [1562 bytes]","args":[{"selector":{"controlType":"sap.m.GenericTile","properties":{"header":"Manage Sites"}},"wdio_ui5_key":"sapm.GenericTile{\"header\":\"Manage Sites\"}"}]}
RESULT: undefined
COMMAND: POST /session/5a60c8b5c70bea8172ebe4add6912aad/element - {"using":"xpath","value":"//*[@id=\"__tile51\"]"}
RESULT: {"using":"xpath","value":"//*[@id=\"__tile51\"]"}
COMMAND: POST /session/5a60c8b5c70bea8172ebe4add6912aad/element/f.6B59548A06B598AB2C6AF1A2C766605D.d.FF76A2C7D10A5DA680CE58BDA296F625.e.1824/click - {}
RESULT: {}
COMMAND: GET /session/5a60c8b5c70bea8172ebe4add6912aad/screenshot - {}
RESULT: {}
COMMAND: POST /session/5a60c8b5c70bea8172ebe4add6912aad/execute/async - {"script":"<script> [1562 bytes]","args":[{"selector":{"controlType":"sap.ui.core.Icon","viewName":"etm.portal.ui.managesites.view.Master","viewId":"application-managesites-display-component---masterSite","properties":{"src":{"regex":{"source":"add"}}}},"wdio_ui5_key":"etmportal.ui.managesites.view.Mastersap.ui.core.Icon{\"src\":{\"regex\":{\"source\":\"add\"}}}"}]}
RESULT: {"script":"<script> [1562 bytes]","args":[{"selector":{"controlType":"sap.ui.core.Icon","viewName":"etm.portal.ui.managesites.view.Master","viewId":"application-managesites-display-component---masterSite","properties":{"src":{"regex":{"source":"add"}}}},"wdio_ui5_key":"etmportal.ui.managesites.view.Mastersap.ui.core.Icon{\"src\":{\"regex\":{\"source\":\"add\"}}}"}]}
RESULT: undefined
COMMAND: POST /session/5a60c8b5c70bea8172ebe4add6912aad/element - {"using":"xpath","value":"//*[@id=\"__button52-img\"]"}
RESULT: {"using":"xpath","value":"//*[@id=\"__button52-img\"]"}
COMMAND: POST /session/5a60c8b5c70bea8172ebe4add6912aad/element/f.6B59548A06B598AB2C6AF1A2C766605D.d.FF76A2C7D10A5DA680CE58BDA296F625.e.1871/click - {}
RESULT: {}
COMMAND: GET /session/5a60c8b5c70bea8172ebe4add6912aad/screenshot - {}
RESULT: {}
COMMAND: POST /session/5a60c8b5c70bea8172ebe4add6912aad/execute/async - {"script":"<script> [1562 bytes]","args":[{"selector":{"id":"application-managesites-display-component---NewSite--siteId","interaction":{"idSuffix":"inner"}},"wdio_ui5_key":"applicationmanagesites-display-component---NewSite--siteId"}]}
RESULT: {"script":"<script> [1562 bytes]","args":[{"selector":{"id":"application-managesites-display-component---NewSite--siteId","interaction":{"idSuffix":"inner"}},"wdio_ui5_key":"applicationmanagesites-display-component---NewSite--siteId"}]}
RESULT: undefined
COMMAND: POST /session/5a60c8b5c70bea8172ebe4add6912aad/execute/async - {"script":"<script> [1562 bytes]","args":[{"selector":{"controlType":"sap.m.Button","viewName":"etm.portal.ui.managesites.view.NewSmartSite","viewId":"application-managesites-display-component---NewSite","properties":{"text":"General Information"},"interaction":{"idSuffix":"BDI-content"}},"wdio_ui5_key":"etmportal.ui.managesites.view.NewSmartSitesap.m.Button{\"text\":\"General Information\"}"}]}
RESULT: {"script":"<script> [1562 bytes]","args":[{"selector":{"controlType":"sap.m.Button","viewName":"etm.portal.ui.managesites.view.NewSmartSite","viewId":"application-managesites-display-component---NewSite","properties":{"text":"General Information"},"interaction":{"idSuffix":"BDI-content"}},"wdio_ui5_key":"etmportal.ui.managesites.view.NewSmartSitesap.m.Button{\"text\":\"General Information\"}"}]}
RESULT: undefined
COMMAND: POST /session/5a60c8b5c70bea8172ebe4add6912aad/element - {"using":"xpath","value":"//*[@id=\"application-managesites-display-component---NewSite--ObjectPageLayout-anchBar-__section29-anchor\"]"}
RESULT: {"using":"xpath","value":"//*[@id=\"application-managesites-display-component---NewSite--ObjectPageLayout-anchBar-__section29-anchor\"]"}
COMMAND: POST /session/5a60c8b5c70bea8172ebe4add6912aad/element/f.6B59548A06B598AB2C6AF1A2C766605D.d.FF76A2C7D10A5DA680CE58BDA296F625.e.2277/click - {}
RESULT: {}
COMMAND: POST /session/5a60c8b5c70bea8172ebe4add6912aad/execute/async - {"script":"<script> [1562 bytes]","args":[{"selector":{"id":"application-managesites-display-component---NewSite--addressDetailDetailsName1","interaction":{"idSuffix":"inner"}},"wdio_ui5_key":"applicationmanagesites-display-component---NewSite--addressDetailDetailsName1"}]}
COMMAND: GET /session/5a60c8b5c70bea8172ebe4add6912aad/screenshot - {}
RESULT: {"script":"<script> [1562 bytes]","args":[{"selector":{"id":"application-managesites-display-component---NewSite--addressDetailDetailsName1","interaction":{"idSuffix":"inner"}},"wdio_ui5_key":"applicationmanagesites-display-component---NewSite--addressDetailDetailsName1"}]}
RESULT: undefined
COMMAND: POST /session/5a60c8b5c70bea8172ebe4add6912aad/execute/async - {"script":"<script> [776 bytes]","args":[{"enterText":"WebdriverWHMSiteyemxq","selector":{"id":"application-managesites-display-component---NewSite--addressDetailDetailsName1","interaction":{"idSuffix":"inner"}},"clearTextFirst":true,"interactionType":"ENTER_TEXT"}]}
RESULT: {}
RESULT: {"script":"<script> [776 bytes]","args":[{"enterText":"WebdriverWHMSiteyemxq","selector":{"id":"application-managesites-display-component---NewSite--addressDetailDetailsName1","interaction":{"idSuffix":"inner"}},"clearTextFirst":true,"interactionType":"ENTER_TEXT"}]}
COMMAND: POST /session/5a60c8b5c70bea8172ebe4add6912aad/execute/async - {"script":"<script> [1562 bytes]","args":[{"selector":{"id":"application-managesites-display-component---NewSite--addressDetailDetailsLanguage","interaction":{"idSuffix":"inner"}},"wdio_ui5_key":"applicationmanagesites-display-component---NewSite--addressDetailDetailsLanguage"}]}
RESULT: {"script":"<script> [1562 bytes]","args":[{"selector":{"id":"application-managesites-display-component---NewSite--addressDetailDetailsLanguage","interaction":{"idSuffix":"inner"}},"wdio_ui5_key":"applicationmanagesites-display-component---NewSite--addressDetailDetailsLanguage"}]}
RESULT: undefined
COMMAND: POST /session/5a60c8b5c70bea8172ebe4add6912aad/execute/async - {"script":"<script> [776 bytes]","args":[{"enterText":"Romanian","selector":{"id":"application-managesites-display-component---NewSite--addressDetailDetailsLanguage","interaction":{"idSuffix":"inner"}},"clearTextFirst":true,"interactionType":"ENTER_TEXT"}]}
RESULT: {"script":"<script> [776 bytes]","args":[{"enterText":"Romanian","selector":{"id":"application-managesites-display-component---NewSite--addressDetailDetailsLanguage","interaction":{"idSuffix":"inner"}},"clearTextFirst":true,"interactionType":"ENTER_TEXT"}]}
COMMAND: POST /session/5a60c8b5c70bea8172ebe4add6912aad/actions - {"actions":[{"id":"action6","type":"key","parameters":{},"actions":[{"type":"keyDown","value":"î€‡"},{"type":"pause","duration":10},{"type":"keyUp","value":"î€‡"}]}]}
RESULT: {"actions":[{"id":"action6","type":"key","parameters":{},"actions":[{"type":"keyDown","value":"î€‡"},{"type":"pause","duration":10},{"type":"keyUp","value":"î€‡"}]}]}
COMMAND: POST /session/5a60c8b5c70bea8172ebe4add6912aad/execute/async - {"script":"<script> [1562 bytes]","args":[{"selector":{"id":"application-managesites-display-component---NewSite--addressDetailDetailsCity1","interaction":{"idSuffix":"inner"}},"wdio_ui5_key":"applicationmanagesites-display-component---NewSite--addressDetailDetailsCity1"}]}
COMMAND: GET /session/5a60c8b5c70bea8172ebe4add6912aad/screenshot - {}
RESULT: {"script":"<script> [1562 bytes]","args":[{"selector":{"id":"application-managesites-display-component---NewSite--addressDetailDetailsCity1","interaction":{"idSuffix":"inner"}},"wdio_ui5_key":"applicationmanagesites-display-component---NewSite--addressDetailDetailsCity1"}]}
RESULT: undefined
COMMAND: POST /session/5a60c8b5c70bea8172ebe4add6912aad/execute/async - {"script":"<script> [776 bytes]","args":[{"enterText":"Bucharest","selector":{"id":"application-managesites-display-component---NewSite--addressDetailDetailsCity1","interaction":{"idSuffix":"inner"}},"clearTextFirst":true,"interactionType":"ENTER_TEXT"}]}
RESULT: {}
RESULT: {"script":"<script> [776 bytes]","args":[{"enterText":"Bucharest","selector":{"id":"application-managesites-display-component---NewSite--addressDetailDetailsCity1","interaction":{"idSuffix":"inner"}},"clearTextFirst":true,"interactionType":"ENTER_TEXT"}]}
COMMAND: POST /session/5a60c8b5c70bea8172ebe4add6912aad/actions - {"actions":[{"id":"action7","type":"key","parameters":{},"actions":[{"type":"keyDown","value":"î€‡"},{"type":"pause","duration":10},{"type":"keyUp","value":"î€‡"}]}]}
RESULT: {"actions":[{"id":"action7","type":"key","parameters":{},"actions":[{"type":"keyDown","value":"î€‡"},{"type":"pause","duration":10},{"type":"keyUp","value":"î€‡"}]}]}
COMMAND: POST /session/5a60c8b5c70bea8172ebe4add6912aad/execute/async - {"script":"<script> [1562 bytes]","args":[{"selector":{"id":"application-managesites-display-component---NewSite--addressDetailDetailsCountry","interaction":{"idSuffix":"inner"}},"wdio_ui5_key":"applicationmanagesites-display-component---NewSite--addressDetailDetailsCountry"}]}
COMMAND: GET /session/5a60c8b5c70bea8172ebe4add6912aad/screenshot - {}
RESULT: {"script":"<script> [1562 bytes]","args":[{"selector":{"id":"application-managesites-display-component---NewSite--addressDetailDetailsCountry","interaction":{"idSuffix":"inner"}},"wdio_ui5_key":"applicationmanagesites-display-component---NewSite--addressDetailDetailsCountry"}]}
RESULT: undefined
COMMAND: POST /session/5a60c8b5c70bea8172ebe4add6912aad/execute/async - {"script":"<script> [6424 bytes]","args":[{"element-6066-11e4-a52e-4f735466cecf":"f.6B59548A06B598AB2C6AF1A2C766605D.d.FF76A2C7D10A5DA680CE58BDA296F625.e.2093"},"setValue",["Romania"]]}
RESULT: {}
RESULT: {"script":"<script> [6424 bytes]","args":[{"element-6066-11e4-a52e-4f735466cecf":"f.6B59548A06B598AB2C6AF1A2C766605D.d.FF76A2C7D10A5DA680CE58BDA296F625.e.2093"},"setValue",["Romania"]]}
COMMAND: POST /session/5a60c8b5c70bea8172ebe4add6912aad/actions - {"actions":[{"id":"action8","type":"key","parameters":{},"actions":[{"type":"keyDown","value":"î€‡"},{"type":"pause","duration":10},{"type":"keyUp","value":"î€‡"}]}]}
RESULT: {"actions":[{"id":"action8","type":"key","parameters":{},"actions":[{"type":"keyDown","value":"î€‡"},{"type":"pause","duration":10},{"type":"keyUp","value":"î€‡"}]}]}
COMMAND: POST /session/5a60c8b5c70bea8172ebe4add6912aad/execute/async - {"script":"<script> [1562 bytes]","args":[{"selector":{"id":"application-managesites-display-component---NewSite--addressDetailDetailsCalendar","interaction":{"idSuffix":"inner"}},"wdio_ui5_key":"applicationmanagesites-display-component---NewSite--addressDetailDetailsCalendar"}]}
COMMAND: GET /session/5a60c8b5c70bea8172ebe4add6912aad/screenshot - {}
RESULT: {"script":"<script> [1562 bytes]","args":[{"selector":{"id":"application-managesites-display-component---NewSite--addressDetailDetailsCalendar","interaction":{"idSuffix":"inner"}},"wdio_ui5_key":"applicationmanagesites-display-component---NewSite--addressDetailDetailsCalendar"}]}
RESULT: undefined
COMMAND: POST /session/5a60c8b5c70bea8172ebe4add6912aad/execute/async - {"script":"<script> [776 bytes]","args":[{"enterText":"Germany","selector":{"id":"application-managesites-display-component---NewSite--addressDetailDetailsCalendar","interaction":{"idSuffix":"inner"}},"clearTextFirst":true,"interactionType":"ENTER_TEXT"}]}
RESULT: {}
RESULT: {"script":"<script> [776 bytes]","args":[{"enterText":"Germany","selector":{"id":"application-managesites-display-component---NewSite--addressDetailDetailsCalendar","interaction":{"idSuffix":"inner"}},"clearTextFirst":true,"interactionType":"ENTER_TEXT"}]}
COMMAND: POST /session/5a60c8b5c70bea8172ebe4add6912aad/actions - {"actions":[{"id":"action9","type":"key","parameters":{},"actions":[{"type":"keyDown","value":"î€‡"},{"type":"pause","duration":10},{"type":"keyUp","value":"î€‡"}]}]}
RESULT: {"actions":[{"id":"action9","type":"key","parameters":{},"actions":[{"type":"keyDown","value":"î€‡"},{"type":"pause","duration":10},{"type":"keyUp","value":"î€‡"}]}]}
COMMAND: POST /session/5a60c8b5c70bea8172ebe4add6912aad/execute/async - {"script":"<script> [1562 bytes]","args":[{"selector":{"id":"application-managesites-display-component---NewSite--addressEditDetailsCostObjectCstType","interaction":{"idSuffix":"inner"}},"wdio_ui5_key":"applicationmanagesites-display-component---NewSite--addressEditDetailsCostObjectCstType"}]}
COMMAND: GET /session/5a60c8b5c70bea8172ebe4add6912aad/screenshot - {}
RESULT: {"script":"<script> [1562 bytes]","args":[{"selector":{"id":"application-managesites-display-component---NewSite--addressEditDetailsCostObjectCstType","interaction":{"idSuffix":"inner"}},"wdio_ui5_key":"applicationmanagesites-display-component---NewSite--addressEditDetailsCostObjectCstType"}]}
RESULT: undefined
COMMAND: POST /session/5a60c8b5c70bea8172ebe4add6912aad/execute/async - {"script":"<script> [776 bytes]","args":[{"enterText":"Cost","selector":{"id":"application-managesites-display-component---NewSite--addressEditDetailsCostObjectCstType","interaction":{"idSuffix":"inner"}},"clearTextFirst":true,"interactionType":"ENTER_TEXT"}]}
RESULT: {}
RESULT: {"script":"<script> [776 bytes]","args":[{"enterText":"Cost","selector":{"id":"application-managesites-display-component---NewSite--addressEditDetailsCostObjectCstType","interaction":{"idSuffix":"inner"}},"clearTextFirst":true,"interactionType":"ENTER_TEXT"}]}
COMMAND: POST /session/5a60c8b5c70bea8172ebe4add6912aad/actions - {"actions":[{"id":"action10","type":"key","parameters":{},"actions":[{"type":"keyDown","value":"î€‡"},{"type":"pause","duration":10},{"type":"keyUp","value":"î€‡"}]}]}
RESULT: {"actions":[{"id":"action10","type":"key","parameters":{},"actions":[{"type":"keyDown","value":"î€‡"},{"type":"pause","duration":10},{"type":"keyUp","value":"î€‡"}]}]}
COMMAND: POST /session/5a60c8b5c70bea8172ebe4add6912aad/execute/async - {"script":"<script> [1562 bytes]","args":[{"selector":{"id":"application-managesites-display-component---NewSite--addressNewCostObjectCstID","interaction":{"idSuffix":"inner"}},"wdio_ui5_key":"applicationmanagesites-display-component---NewSite--addressNewCostObjectCstID"}]}
COMMAND: GET /session/5a60c8b5c70bea8172ebe4add6912aad/screenshot - {}
RESULT: {"script":"<script> [1562 bytes]","args":[{"selector":{"id":"application-managesites-display-component---NewSite--addressNewCostObjectCstID","interaction":{"idSuffix":"inner"}},"wdio_ui5_key":"applicationmanagesites-display-component---NewSite--addressNewCostObjectCstID"}]}
RESULT: undefined
COMMAND: POST /session/5a60c8b5c70bea8172ebe4add6912aad/execute/async - {"script":"<script> [776 bytes]","args":[{"enterText":"1001","selector":{"id":"application-managesites-display-component---NewSite--addressNewCostObjectCstID","interaction":{"idSuffix":"inner"}},"clearTextFirst":true,"interactionType":"ENTER_TEXT"}]}
RESULT: {}
RESULT: {"script":"<script> [776 bytes]","args":[{"enterText":"1001","selector":{"id":"application-managesites-display-component---NewSite--addressNewCostObjectCstID","interaction":{"idSuffix":"inner"}},"clearTextFirst":true,"interactionType":"ENTER_TEXT"}]}
COMMAND: POST /session/5a60c8b5c70bea8172ebe4add6912aad/actions - {"actions":[{"id":"action11","type":"key","parameters":{},"actions":[{"type":"keyDown","value":"î€‡"},{"type":"pause","duration":10},{"type":"keyUp","value":"î€‡"}]}]}
RESULT: {"actions":[{"id":"action11","type":"key","parameters":{},"actions":[{"type":"keyDown","value":"î€‡"},{"type":"pause","duration":10},{"type":"keyUp","value":"î€‡"}]}]}
COMMAND: POST /session/5a60c8b5c70bea8172ebe4add6912aad/element - {"using":"xpath","value":"//input[@id=\"application-managesites-display-component---NewSite--addressDetailDetailsYard-inner\"]"}
COMMAND: GET /session/5a60c8b5c70bea8172ebe4add6912aad/screenshot - {}
RESULT: {"using":"xpath","value":"//input[@id=\"application-managesites-display-component---NewSite--addressDetailDetailsYard-inner\"]"}
COMMAND: POST /session/5a60c8b5c70bea8172ebe4add6912aad/element/f.6B59548A06B598AB2C6AF1A2C766605D.d.FF76A2C7D10A5DA680CE58BDA296F625.e.2104/value - {"text":"662"}
RESULT: {}
RESULT: {"text":"662"}
COMMAND: GET /session/5a60c8b5c70bea8172ebe4add6912aad/screenshot - {}
RESULT: {}
COMMAND: POST /session/5a60c8b5c70bea8172ebe4add6912aad/actions - {"actions":[{"id":"action12","type":"key","parameters":{},"actions":[{"type":"keyDown","value":"î€‡"},{"type":"pause","duration":10},{"type":"keyUp","value":"î€‡"}]}]}
RESULT: {"actions":[{"id":"action12","type":"key","parameters":{},"actions":[{"type":"keyDown","value":"î€‡"},{"type":"pause","duration":10},{"type":"keyUp","value":"î€‡"}]}]}
COMMAND: GET /session/5a60c8b5c70bea8172ebe4add6912aad/screenshot - {}
RESULT: {}
COMMAND: POST /session/5a60c8b5c70bea8172ebe4add6912aad/element - {"using":"xpath","value":"//input[@id=\"application-managesites-display-component---NewSite--addressDetailDetailsPartner-inner\"]"}
RESULT: {"using":"xpath","value":"//input[@id=\"application-managesites-display-component---NewSite--addressDetailDetailsPartner-inner\"]"}
COMMAND: POST /session/5a60c8b5c70bea8172ebe4add6912aad/elements - {"using":"xpath","value":"//input[@id=\"application-managesites-display-component---NewSite--addressDetailDetailsPartner-inner\"]"}
RESULT: {"using":"xpath","value":"//input[@id=\"application-managesites-display-component---NewSite--addressDetailDetailsPartner-inner\"]"}
COMMAND: POST /session/5a60c8b5c70bea8172ebe4add6912aad/execute/async - {"script":"<script> [1562 bytes]","args":[{"selector":{"controlType":"sap.m.Button","viewName":"etm.portal.ui.managesites.view.NewSmartSite","viewId":"application-managesites-display-component---NewSite","properties":{"text":"Commercial"},"interaction":{"idSuffix":"BDI-content"}},"wdio_ui5_key":"etmportal.ui.managesites.view.NewSmartSitesap.m.Button{\"text\":\"Commercial\"}"}]}
RESULT: {"script":"<script> [1562 bytes]","args":[{"selector":{"controlType":"sap.m.Button","viewName":"etm.portal.ui.managesites.view.NewSmartSite","viewId":"application-managesites-display-component---NewSite","properties":{"text":"Commercial"},"interaction":{"idSuffix":"BDI-content"}},"wdio_ui5_key":"etmportal.ui.managesites.view.NewSmartSitesap.m.Button{\"text\":\"Commercial\"}"}]}
RESULT: undefined
COMMAND: POST /session/5a60c8b5c70bea8172ebe4add6912aad/element - {"using":"xpath","value":"//*[@id=\"application-managesites-display-component---NewSite--ObjectPageLayout-anchBar-__section31-anchor\"]"}
RESULT: {"using":"xpath","value":"//*[@id=\"application-managesites-display-component---NewSite--ObjectPageLayout-anchBar-__section31-anchor\"]"}
COMMAND: POST /session/5a60c8b5c70bea8172ebe4add6912aad/element/f.6B59548A06B598AB2C6AF1A2C766605D.d.FF76A2C7D10A5DA680CE58BDA296F625.e.2289/click - {}
RESULT: {}
COMMAND: POST /session/5a60c8b5c70bea8172ebe4add6912aad/execute/async - {"script":"<script> [1562 bytes]","args":[{"selector":{"id":"application-managesites-display-component---NewSite--siteWhmCheckBox-label","interaction":{"idSuffix":"bdi"}},"wdio_ui5_key":"applicationmanagesites-display-component---NewSite--siteWhmCheckBox-label"}]}
COMMAND: GET /session/5a60c8b5c70bea8172ebe4add6912aad/screenshot - {}
RESULT: {"script":"<script> [1562 bytes]","args":[{"selector":{"id":"application-managesites-display-component---NewSite--siteWhmCheckBox-label","interaction":{"idSuffix":"bdi"}},"wdio_ui5_key":"applicationmanagesites-display-component---NewSite--siteWhmCheckBox-label"}]}
RESULT: undefined
COMMAND: POST /session/5a60c8b5c70bea8172ebe4add6912aad/element - {"using":"xpath","value":"//*[@id=\"application-managesites-display-component---NewSite--siteWhmCheckBox-label\"]"}
RESULT: {}
RESULT: {"using":"xpath","value":"//*[@id=\"application-managesites-display-component---NewSite--siteWhmCheckBox-label\"]"}
COMMAND: POST /session/5a60c8b5c70bea8172ebe4add6912aad/element/f.6B59548A06B598AB2C6AF1A2C766605D.d.FF76A2C7D10A5DA680CE58BDA296F625.e.2309/click - {}
RESULT: {}
COMMAND: POST /session/5a60c8b5c70bea8172ebe4add6912aad/execute/async - {"script":"<script> [1562 bytes]","args":[{"selector":{"controlType":"sap.m.Button","viewName":"etm.portal.ui.managesites.view.NewSmartSite","viewId":"application-managesites-display-component---NewSite","i18NText":{"propertyName":"text","key":"save"},"interaction":{"idSuffix":"BDI-content"}},"wdio_ui5_key":"etmportal.ui.managesites.view.NewSmartSitesap.m.Button{\"propertyName\":\"text\",\"key\":\"save\"}"}]}
COMMAND: GET /session/5a60c8b5c70bea8172ebe4add6912aad/screenshot - {}
RESULT: {"script":"<script> [1562 bytes]","args":[{"selector":{"controlType":"sap.m.Button","viewName":"etm.portal.ui.managesites.view.NewSmartSite","viewId":"application-managesites-display-component---NewSite","i18NText":{"propertyName":"text","key":"save"},"interaction":{"idSuffix":"BDI-content"}},"wdio_ui5_key":"etmportal.ui.managesites.view.NewSmartSitesap.m.Button{\"propertyName\":\"text\",\"key\":\"save\"}"}]}
RESULT: undefined
COMMAND: POST /session/5a60c8b5c70bea8172ebe4add6912aad/element - {"using":"xpath","value":"//*[@id=\"__button64\"]"}
RESULT: {}
RESULT: {"using":"xpath","value":"//*[@id=\"__button64\"]"}
COMMAND: POST /session/5a60c8b5c70bea8172ebe4add6912aad/element/f.6B59548A06B598AB2C6AF1A2C766605D.d.FF76A2C7D10A5DA680CE58BDA296F625.e.2258/click - {}
RESULT: {}
COMMAND: GET /session/5a60c8b5c70bea8172ebe4add6912aad/screenshot - {}
RESULT: {}
COMMAND: POST /session/5a60c8b5c70bea8172ebe4add6912aad/element - {"using":"xpath","value":"//header/div/div[2]/div[2]/span"}
RESULT: {"using":"xpath","value":"//header/div/div[2]/div[2]/span"}
COMMAND: GET /session/5a60c8b5c70bea8172ebe4add6912aad/element/f.6B59548A06B598AB2C6AF1A2C766605D.d.FF76A2C7D10A5DA680CE58BDA296F625.e.2514/text - {}
RESULT: {}
COMMAND: POST /session/5a60c8b5c70bea8172ebe4add6912aad/execute/async - {"script":"<script> [1562 bytes]","args":[{"selector":{"id":"application-managesites-display-component---detailSite--addressDetailDetailsYardText"},"wdio_ui5_key":"applicationmanagesites-display-component---detailSite--addressDetailDetailsYardText"}]}
RESULT: {"script":"<script> [1562 bytes]","args":[{"selector":{"id":"application-managesites-display-component---detailSite--addressDetailDetailsYardText"},"wdio_ui5_key":"applicationmanagesites-display-component---detailSite--addressDetailDetailsYardText"}]}
RESULT: undefined
COMMAND: POST /session/5a60c8b5c70bea8172ebe4add6912aad/execute/async - {"script":"<script> [1562 bytes]","args":[{"selector":{"controlType":"sap.m.Label","viewName":"etm.portal.ui.managesites.view.Detail","viewId":"application-managesites-display-component---detailSite","i18NText":{"propertyName":"text","key":"status"}},"wdio_ui5_key":"etmportal.ui.managesites.view.Detailsap.m.Label{\"propertyName\":\"text\",\"key\":\"status\"}"}]}
RESULT: {"script":"<script> [1562 bytes]","args":[{"selector":{"controlType":"sap.m.Label","viewName":"etm.portal.ui.managesites.view.Detail","viewId":"application-managesites-display-component---detailSite","i18NText":{"propertyName":"text","key":"status"}},"wdio_ui5_key":"etmportal.ui.managesites.view.Detailsap.m.Label{\"propertyName\":\"text\",\"key\":\"status\"}"}]}
RESULT: undefined
COMMAND: POST /session/5a60c8b5c70bea8172ebe4add6912aad/execute/async - {"script":"<script> [6424 bytes]","args":[{"element-6066-11e4-a52e-4f735466cecf":"f.6B59548A06B598AB2C6AF1A2C766605D.d.FF76A2C7D10A5DA680CE58BDA296F625.e.2503"},"getText",[]]}
RESULT: {"script":"<script> [6424 bytes]","args":[{"element-6066-11e4-a52e-4f735466cecf":"f.6B59548A06B598AB2C6AF1A2C766605D.d.FF76A2C7D10A5DA680CE58BDA296F625.e.2503"},"getText",[]]}
COMMAND: POST /session/5a60c8b5c70bea8172ebe4add6912aad/execute/async - {"script":"<script> [1562 bytes]","args":[{"selector":{"id":"shell-header","interaction":{"idSuffix":"icon"}},"wdio_ui5_key":"shellheader"}]}
RESULT: {"script":"<script> [1562 bytes]","args":[{"selector":{"id":"shell-header","interaction":{"idSuffix":"icon"}},"wdio_ui5_key":"shellheader"}]}
RESULT: undefined
COMMAND: POST /session/5a60c8b5c70bea8172ebe4add6912aad/element - {"using":"xpath","value":"//*[@id=\"shell-header\"]"}
RESULT: {"using":"xpath","value":"//*[@id=\"shell-header\"]"}
COMMAND: POST /session/5a60c8b5c70bea8172ebe4add6912aad/element/f.6B59548A06B598AB2C6AF1A2C766605D.d.FF76A2C7D10A5DA680CE58BDA296F625.e.2515/click - {}
RESULT: {}
]]></system-out>
    </testcase>
    <testcase classname="chrome.135_0_7049_115.windows.Stock_increase_-_with_WHM_US125587" name="Create WHM material" time="230">
      <system-out><![CDATA[
COMMAND: GET /session/5a60c8b5c70bea8172ebe4add6912aad/screenshot - {}
COMMAND: POST /session/5a60c8b5c70bea8172ebe4add6912aad/element - {"using":"css selector","value":"#shell-header-logo"}
RESULT: {}
RESULT: {"using":"css selector","value":"#shell-header-logo"}
COMMAND: POST /session/5a60c8b5c70bea8172ebe4add6912aad/element/f.6B59548A06B598AB2C6AF1A2C766605D.d.FF76A2C7D10A5DA680CE58BDA296F625.e.1827/click - {}
RESULT: {}
COMMAND: GET /session/5a60c8b5c70bea8172ebe4add6912aad/screenshot - {}
RESULT: {}
COMMAND: POST /session/5a60c8b5c70bea8172ebe4add6912aad/execute/async - {"script":"<script> [1562 bytes]","args":[{"selector":{"controlType":"sap.m.GenericTile","properties":{"header":"Manage Resources"}},"wdio_ui5_key":"sapm.GenericTile{\"header\":\"Manage Resources\"}"}]}
RESULT: {"script":"<script> [1562 bytes]","args":[{"selector":{"controlType":"sap.m.GenericTile","properties":{"header":"Manage Resources"}},"wdio_ui5_key":"sapm.GenericTile{\"header\":\"Manage Resources\"}"}]}
RESULT: undefined
COMMAND: POST /session/5a60c8b5c70bea8172ebe4add6912aad/element - {"using":"xpath","value":"//*[@id=\"__tile50\"]"}
RESULT: {"using":"xpath","value":"//*[@id=\"__tile50\"]"}
COMMAND: POST /session/5a60c8b5c70bea8172ebe4add6912aad/element/f.6B59548A06B598AB2C6AF1A2C766605D.d.FF76A2C7D10A5DA680CE58BDA296F625.e.2520/click - {}
RESULT: {}
COMMAND: GET /session/5a60c8b5c70bea8172ebe4add6912aad/screenshot - {}
RESULT: {}
COMMAND: POST /session/5a60c8b5c70bea8172ebe4add6912aad/element - {"using":"xpath","value":"//button[@data-kt=\"addNewRUOverflowToolbarButton\"]"}
RESULT: {"using":"xpath","value":"//button[@data-kt=\"addNewRUOverflowToolbarButton\"]"}
COMMAND: POST /session/5a60c8b5c70bea8172ebe4add6912aad/execute/sync - {"script":"<script> [8489 bytes]","args":[{"element-6066-11e4-a52e-4f735466cecf":"f.6B59548A06B598AB2C6AF1A2C766605D.d.FF76A2C7D10A5DA680CE58BDA296F625.e.2563","ELEMENT":"f.6B59548A06B598AB2C6AF1A2C766605D.d.FF76A2C7D10A5DA680CE58BDA296F625.e.2563"}]}
RESULT: {"script":"<script> [8489 bytes]","args":[{"element-6066-11e4-a52e-4f735466cecf":"f.6B59548A06B598AB2C6AF1A2C766605D.d.FF76A2C7D10A5DA680CE58BDA296F625.e.2563","ELEMENT":"f.6B59548A06B598AB2C6AF1A2C766605D.d.FF76A2C7D10A5DA680CE58BDA296F625.e.2563"}]}
COMMAND: POST /session/5a60c8b5c70bea8172ebe4add6912aad/element/f.6B59548A06B598AB2C6AF1A2C766605D.d.FF76A2C7D10A5DA680CE58BDA296F625.e.2563/click - {}
COMMAND: GET /session/5a60c8b5c70bea8172ebe4add6912aad/screenshot - {}
RESULT: {}
RESULT: {}
COMMAND: GET /session/5a60c8b5c70bea8172ebe4add6912aad/screenshot - {}
RESULT: {}
COMMAND: POST /session/5a60c8b5c70bea8172ebe4add6912aad/execute/async - {"script":"<script> [1562 bytes]","args":[{"selector":{"controlType":"sap.m.ComboBox","viewName":"reusables.view.manageresources.NewResourceUnit","viewId":"application-manageresources-display-component---newResourceUnit","bindingPath":{"path":"","propertyPath":"/RuTypes","modelName":"catalogModel"},"searchOpenDialogs":true},"wdio_ui5_key":"reusablesview.manageresources.NewResourceUnitsap.m.ComboBox{\"path\":\"\",\"propertyPath\":\"/RuTypes\",\"modelName\":\"catalogModel\"}"}]}
RESULT: {"script":"<script> [1562 bytes]","args":[{"selector":{"controlType":"sap.m.ComboBox","viewName":"reusables.view.manageresources.NewResourceUnit","viewId":"application-manageresources-display-component---newResourceUnit","bindingPath":{"path":"","propertyPath":"/RuTypes","modelName":"catalogModel"},"searchOpenDialogs":true},"wdio_ui5_key":"reusablesview.manageresources.NewResourceUnitsap.m.ComboBox{\"path\":\"\",\"propertyPath\":\"/RuTypes\",\"modelName\":\"catalogModel\"}"}]}
RESULT: undefined
COMMAND: POST /session/5a60c8b5c70bea8172ebe4add6912aad/execute/async - {"script":"<script> [1562 bytes]","args":[{"selector":{"controlType":"sap.m.ComboBox","viewName":"reusables.view.manageresources.NewResourceUnit","viewId":"application-manageresources-display-component---newResourceUnit","bindingPath":{"path":"","propertyPath":"/Yards","modelName":"catalogModel"},"searchOpenDialogs":true},"wdio_ui5_key":"reusablesview.manageresources.NewResourceUnitsap.m.ComboBox{\"path\":\"\",\"propertyPath\":\"/Yards\",\"modelName\":\"catalogModel\"}"}]}
RESULT: {"script":"<script> [1562 bytes]","args":[{"selector":{"controlType":"sap.m.ComboBox","viewName":"reusables.view.manageresources.NewResourceUnit","viewId":"application-manageresources-display-component---newResourceUnit","bindingPath":{"path":"","propertyPath":"/Yards","modelName":"catalogModel"},"searchOpenDialogs":true},"wdio_ui5_key":"reusablesview.manageresources.NewResourceUnitsap.m.ComboBox{\"path\":\"\",\"propertyPath\":\"/Yards\",\"modelName\":\"catalogModel\"}"}]}
RESULT: undefined
COMMAND: POST /session/5a60c8b5c70bea8172ebe4add6912aad/execute/async - {"script":"<script> [1562 bytes]","args":[{"selector":{"controlType":"etm.portal.ui.reusables.customControls.LiveSearchComboBox","viewName":"reusables.view.manageresources.NewResourceUnit","viewId":"application-manageresources-display-component---newResourceUnit","bindingPath":{"path":"","propertyPath":"/CatalogItems","modelName":"catalogModel"},"searchOpenDialogs":true},"wdio_ui5_key":"reusablesview.manageresources.NewResourceUnitetm.portal.ui.reusables.customControls.LiveSearchComboBox{\"path\":\"\",\"propertyPath\":\"/CatalogItems\",\"modelName\":\"catalogModel\"}"}]}
RESULT: {"script":"<script> [1562 bytes]","args":[{"selector":{"controlType":"etm.portal.ui.reusables.customControls.LiveSearchComboBox","viewName":"reusables.view.manageresources.NewResourceUnit","viewId":"application-manageresources-display-component---newResourceUnit","bindingPath":{"path":"","propertyPath":"/CatalogItems","modelName":"catalogModel"},"searchOpenDialogs":true},"wdio_ui5_key":"reusablesview.manageresources.NewResourceUnitetm.portal.ui.reusables.customControls.LiveSearchComboBox{\"path\":\"\",\"propertyPath\":\"/CatalogItems\",\"modelName\":\"catalogModel\"}"}]}
RESULT: undefined
COMMAND: POST /session/5a60c8b5c70bea8172ebe4add6912aad/element - {"using":"xpath","value":"//bdi[text()=\"OK\"]"}
RESULT: {"using":"xpath","value":"//bdi[text()=\"OK\"]"}
COMMAND: POST /session/5a60c8b5c70bea8172ebe4add6912aad/elements - {"using":"xpath","value":"//bdi[text()=\"OK\"]"}
RESULT: {"using":"xpath","value":"//bdi[text()=\"OK\"]"}
COMMAND: POST /session/5a60c8b5c70bea8172ebe4add6912aad/elements - {"using":"xpath","value":"//bdi[text()=\"OK\"]"}
RESULT: {"using":"xpath","value":"//bdi[text()=\"OK\"]"}
COMMAND: POST /session/5a60c8b5c70bea8172ebe4add6912aad/elements - {"using":"xpath","value":"//bdi[text()=\"OK\"]"}
RESULT: {"using":"xpath","value":"//bdi[text()=\"OK\"]"}
COMMAND: POST /session/5a60c8b5c70bea8172ebe4add6912aad/elements - {"using":"xpath","value":"//bdi[text()=\"OK\"]"}
RESULT: {"using":"xpath","value":"//bdi[text()=\"OK\"]"}
COMMAND: POST /session/5a60c8b5c70bea8172ebe4add6912aad/elements - {"using":"xpath","value":"//bdi[text()=\"OK\"]"}
RESULT: {"using":"xpath","value":"//bdi[text()=\"OK\"]"}
COMMAND: POST /session/5a60c8b5c70bea8172ebe4add6912aad/elements - {"using":"xpath","value":"//bdi[text()=\"OK\"]"}
RESULT: {"using":"xpath","value":"//bdi[text()=\"OK\"]"}
COMMAND: POST /session/5a60c8b5c70bea8172ebe4add6912aad/elements - {"using":"xpath","value":"//bdi[text()=\"OK\"]"}
RESULT: {"using":"xpath","value":"//bdi[text()=\"OK\"]"}
COMMAND: POST /session/5a60c8b5c70bea8172ebe4add6912aad/elements - {"using":"xpath","value":"//bdi[text()=\"OK\"]"}
RESULT: {"using":"xpath","value":"//bdi[text()=\"OK\"]"}
COMMAND: POST /session/5a60c8b5c70bea8172ebe4add6912aad/elements - {"using":"xpath","value":"//bdi[text()=\"OK\"]"}
RESULT: {"using":"xpath","value":"//bdi[text()=\"OK\"]"}
COMMAND: POST /session/5a60c8b5c70bea8172ebe4add6912aad/elements - {"using":"xpath","value":"//bdi[text()=\"OK\"]"}
RESULT: {"using":"xpath","value":"//bdi[text()=\"OK\"]"}
COMMAND: POST /session/5a60c8b5c70bea8172ebe4add6912aad/elements - {"using":"xpath","value":"//bdi[text()=\"OK\"]"}
RESULT: {"using":"xpath","value":"//bdi[text()=\"OK\"]"}
COMMAND: POST /session/5a60c8b5c70bea8172ebe4add6912aad/elements - {"using":"xpath","value":"//bdi[text()=\"OK\"]"}
RESULT: {"using":"xpath","value":"//bdi[text()=\"OK\"]"}
COMMAND: POST /session/5a60c8b5c70bea8172ebe4add6912aad/elements - {"using":"xpath","value":"//bdi[text()=\"OK\"]"}
RESULT: {"using":"xpath","value":"//bdi[text()=\"OK\"]"}
COMMAND: POST /session/5a60c8b5c70bea8172ebe4add6912aad/elements - {"using":"xpath","value":"//bdi[text()=\"OK\"]"}
RESULT: {"using":"xpath","value":"//bdi[text()=\"OK\"]"}
COMMAND: POST /session/5a60c8b5c70bea8172ebe4add6912aad/elements - {"using":"xpath","value":"//bdi[text()=\"OK\"]"}
RESULT: {"using":"xpath","value":"//bdi[text()=\"OK\"]"}
COMMAND: POST /session/5a60c8b5c70bea8172ebe4add6912aad/elements - {"using":"xpath","value":"//bdi[text()=\"OK\"]"}
RESULT: {"using":"xpath","value":"//bdi[text()=\"OK\"]"}
COMMAND: POST /session/5a60c8b5c70bea8172ebe4add6912aad/elements - {"using":"xpath","value":"//bdi[text()=\"OK\"]"}
RESULT: {"using":"xpath","value":"//bdi[text()=\"OK\"]"}
COMMAND: POST /session/5a60c8b5c70bea8172ebe4add6912aad/elements - {"using":"xpath","value":"//bdi[text()=\"OK\"]"}
RESULT: {"using":"xpath","value":"//bdi[text()=\"OK\"]"}
COMMAND: POST /session/5a60c8b5c70bea8172ebe4add6912aad/elements - {"using":"xpath","value":"//bdi[text()=\"OK\"]"}
RESULT: {"using":"xpath","value":"//bdi[text()=\"OK\"]"}
COMMAND: POST /session/5a60c8b5c70bea8172ebe4add6912aad/elements - {"using":"xpath","value":"//bdi[text()=\"OK\"]"}
RESULT: {"using":"xpath","value":"//bdi[text()=\"OK\"]"}
COMMAND: POST /session/5a60c8b5c70bea8172ebe4add6912aad/elements - {"using":"xpath","value":"//bdi[text()=\"OK\"]"}
RESULT: {"using":"xpath","value":"//bdi[text()=\"OK\"]"}
COMMAND: POST /session/5a60c8b5c70bea8172ebe4add6912aad/elements - {"using":"xpath","value":"//bdi[text()=\"OK\"]"}
RESULT: {"using":"xpath","value":"//bdi[text()=\"OK\"]"}
COMMAND: POST /session/5a60c8b5c70bea8172ebe4add6912aad/elements - {"using":"xpath","value":"//bdi[text()=\"OK\"]"}
RESULT: {"using":"xpath","value":"//bdi[text()=\"OK\"]"}
COMMAND: POST /session/5a60c8b5c70bea8172ebe4add6912aad/elements - {"using":"xpath","value":"//bdi[text()=\"OK\"]"}
RESULT: {"using":"xpath","value":"//bdi[text()=\"OK\"]"}
COMMAND: POST /session/5a60c8b5c70bea8172ebe4add6912aad/elements - {"using":"xpath","value":"//bdi[text()=\"OK\"]"}
RESULT: {"using":"xpath","value":"//bdi[text()=\"OK\"]"}
COMMAND: POST /session/5a60c8b5c70bea8172ebe4add6912aad/elements - {"using":"xpath","value":"//bdi[text()=\"OK\"]"}
RESULT: {"using":"xpath","value":"//bdi[text()=\"OK\"]"}
COMMAND: POST /session/5a60c8b5c70bea8172ebe4add6912aad/elements - {"using":"xpath","value":"//bdi[text()=\"OK\"]"}
RESULT: {"using":"xpath","value":"//bdi[text()=\"OK\"]"}
COMMAND: POST /session/5a60c8b5c70bea8172ebe4add6912aad/elements - {"using":"xpath","value":"//bdi[text()=\"OK\"]"}
RESULT: {"using":"xpath","value":"//bdi[text()=\"OK\"]"}
COMMAND: POST /session/5a60c8b5c70bea8172ebe4add6912aad/elements - {"using":"xpath","value":"//bdi[text()=\"OK\"]"}
RESULT: {"using":"xpath","value":"//bdi[text()=\"OK\"]"}
COMMAND: POST /session/5a60c8b5c70bea8172ebe4add6912aad/elements - {"using":"xpath","value":"//bdi[text()=\"OK\"]"}
RESULT: {"using":"xpath","value":"//bdi[text()=\"OK\"]"}
COMMAND: POST /session/5a60c8b5c70bea8172ebe4add6912aad/elements - {"using":"xpath","value":"//bdi[text()=\"OK\"]"}
RESULT: {"using":"xpath","value":"//bdi[text()=\"OK\"]"}
COMMAND: POST /session/5a60c8b5c70bea8172ebe4add6912aad/elements - {"using":"xpath","value":"//bdi[text()=\"OK\"]"}
RESULT: {"using":"xpath","value":"//bdi[text()=\"OK\"]"}
COMMAND: POST /session/5a60c8b5c70bea8172ebe4add6912aad/elements - {"using":"xpath","value":"//bdi[text()=\"OK\"]"}
RESULT: {"using":"xpath","value":"//bdi[text()=\"OK\"]"}
COMMAND: POST /session/5a60c8b5c70bea8172ebe4add6912aad/elements - {"using":"xpath","value":"//bdi[text()=\"OK\"]"}
RESULT: {"using":"xpath","value":"//bdi[text()=\"OK\"]"}
COMMAND: POST /session/5a60c8b5c70bea8172ebe4add6912aad/elements - {"using":"xpath","value":"//bdi[text()=\"OK\"]"}
RESULT: {"using":"xpath","value":"//bdi[text()=\"OK\"]"}
COMMAND: POST /session/5a60c8b5c70bea8172ebe4add6912aad/elements - {"using":"xpath","value":"//bdi[text()=\"OK\"]"}
RESULT: {"using":"xpath","value":"//bdi[text()=\"OK\"]"}
COMMAND: POST /session/5a60c8b5c70bea8172ebe4add6912aad/elements - {"using":"xpath","value":"//bdi[text()=\"OK\"]"}
RESULT: {"using":"xpath","value":"//bdi[text()=\"OK\"]"}
COMMAND: POST /session/5a60c8b5c70bea8172ebe4add6912aad/elements - {"using":"xpath","value":"//bdi[text()=\"OK\"]"}
RESULT: {"using":"xpath","value":"//bdi[text()=\"OK\"]"}
COMMAND: POST /session/5a60c8b5c70bea8172ebe4add6912aad/elements - {"using":"xpath","value":"//bdi[text()=\"OK\"]"}
RESULT: {"using":"xpath","value":"//bdi[text()=\"OK\"]"}
COMMAND: POST /session/5a60c8b5c70bea8172ebe4add6912aad/elements - {"using":"xpath","value":"//bdi[text()=\"OK\"]"}
RESULT: {"using":"xpath","value":"//bdi[text()=\"OK\"]"}
COMMAND: POST /session/5a60c8b5c70bea8172ebe4add6912aad/elements - {"using":"xpath","value":"//bdi[text()=\"OK\"]"}
RESULT: {"using":"xpath","value":"//bdi[text()=\"OK\"]"}
COMMAND: POST /session/5a60c8b5c70bea8172ebe4add6912aad/elements - {"using":"xpath","value":"//bdi[text()=\"OK\"]"}
RESULT: {"using":"xpath","value":"//bdi[text()=\"OK\"]"}
COMMAND: POST /session/5a60c8b5c70bea8172ebe4add6912aad/elements - {"using":"xpath","value":"//bdi[text()=\"OK\"]"}
RESULT: {"using":"xpath","value":"//bdi[text()=\"OK\"]"}
COMMAND: POST /session/5a60c8b5c70bea8172ebe4add6912aad/elements - {"using":"xpath","value":"//bdi[text()=\"OK\"]"}
RESULT: {"using":"xpath","value":"//bdi[text()=\"OK\"]"}
COMMAND: POST /session/5a60c8b5c70bea8172ebe4add6912aad/elements - {"using":"xpath","value":"//bdi[text()=\"OK\"]"}
RESULT: {"using":"xpath","value":"//bdi[text()=\"OK\"]"}
COMMAND: POST /session/5a60c8b5c70bea8172ebe4add6912aad/elements - {"using":"xpath","value":"//bdi[text()=\"OK\"]"}
RESULT: {"using":"xpath","value":"//bdi[text()=\"OK\"]"}
COMMAND: POST /session/5a60c8b5c70bea8172ebe4add6912aad/elements - {"using":"xpath","value":"//bdi[text()=\"OK\"]"}
RESULT: {"using":"xpath","value":"//bdi[text()=\"OK\"]"}
COMMAND: POST /session/5a60c8b5c70bea8172ebe4add6912aad/elements - {"using":"xpath","value":"//bdi[text()=\"OK\"]"}
RESULT: {"using":"xpath","value":"//bdi[text()=\"OK\"]"}
COMMAND: POST /session/5a60c8b5c70bea8172ebe4add6912aad/elements - {"using":"xpath","value":"//bdi[text()=\"OK\"]"}
RESULT: {"using":"xpath","value":"//bdi[text()=\"OK\"]"}
COMMAND: POST /session/5a60c8b5c70bea8172ebe4add6912aad/elements - {"using":"xpath","value":"//bdi[text()=\"OK\"]"}
RESULT: {"using":"xpath","value":"//bdi[text()=\"OK\"]"}
COMMAND: POST /session/5a60c8b5c70bea8172ebe4add6912aad/elements - {"using":"xpath","value":"//bdi[text()=\"OK\"]"}
RESULT: {"using":"xpath","value":"//bdi[text()=\"OK\"]"}
COMMAND: POST /session/5a60c8b5c70bea8172ebe4add6912aad/elements - {"using":"xpath","value":"//bdi[text()=\"OK\"]"}
RESULT: {"using":"xpath","value":"//bdi[text()=\"OK\"]"}
COMMAND: POST /session/5a60c8b5c70bea8172ebe4add6912aad/elements - {"using":"xpath","value":"//bdi[text()=\"OK\"]"}
RESULT: {"using":"xpath","value":"//bdi[text()=\"OK\"]"}
COMMAND: POST /session/5a60c8b5c70bea8172ebe4add6912aad/elements - {"using":"xpath","value":"//bdi[text()=\"OK\"]"}
RESULT: {"using":"xpath","value":"//bdi[text()=\"OK\"]"}
COMMAND: POST /session/5a60c8b5c70bea8172ebe4add6912aad/elements - {"using":"xpath","value":"//bdi[text()=\"OK\"]"}
RESULT: {"using":"xpath","value":"//bdi[text()=\"OK\"]"}
COMMAND: POST /session/5a60c8b5c70bea8172ebe4add6912aad/elements - {"using":"xpath","value":"//bdi[text()=\"OK\"]"}
RESULT: {"using":"xpath","value":"//bdi[text()=\"OK\"]"}
COMMAND: POST /session/5a60c8b5c70bea8172ebe4add6912aad/elements - {"using":"xpath","value":"//bdi[text()=\"OK\"]"}
RESULT: {"using":"xpath","value":"//bdi[text()=\"OK\"]"}
COMMAND: POST /session/5a60c8b5c70bea8172ebe4add6912aad/elements - {"using":"xpath","value":"//bdi[text()=\"OK\"]"}
RESULT: {"using":"xpath","value":"//bdi[text()=\"OK\"]"}
COMMAND: POST /session/5a60c8b5c70bea8172ebe4add6912aad/elements - {"using":"xpath","value":"//bdi[text()=\"OK\"]"}
RESULT: {"using":"xpath","value":"//bdi[text()=\"OK\"]"}
COMMAND: POST /session/5a60c8b5c70bea8172ebe4add6912aad/elements - {"using":"xpath","value":"//bdi[text()=\"OK\"]"}
RESULT: {"using":"xpath","value":"//bdi[text()=\"OK\"]"}
COMMAND: POST /session/5a60c8b5c70bea8172ebe4add6912aad/elements - {"using":"xpath","value":"//bdi[text()=\"OK\"]"}
RESULT: {"using":"xpath","value":"//bdi[text()=\"OK\"]"}
COMMAND: POST /session/5a60c8b5c70bea8172ebe4add6912aad/elements - {"using":"xpath","value":"//bdi[text()=\"OK\"]"}
RESULT: {"using":"xpath","value":"//bdi[text()=\"OK\"]"}
COMMAND: POST /session/5a60c8b5c70bea8172ebe4add6912aad/elements - {"using":"xpath","value":"//bdi[text()=\"OK\"]"}
RESULT: {"using":"xpath","value":"//bdi[text()=\"OK\"]"}
COMMAND: POST /session/5a60c8b5c70bea8172ebe4add6912aad/elements - {"using":"xpath","value":"//bdi[text()=\"OK\"]"}
RESULT: {"using":"xpath","value":"//bdi[text()=\"OK\"]"}
COMMAND: POST /session/5a60c8b5c70bea8172ebe4add6912aad/elements - {"using":"xpath","value":"//bdi[text()=\"OK\"]"}
RESULT: {"using":"xpath","value":"//bdi[text()=\"OK\"]"}
COMMAND: POST /session/5a60c8b5c70bea8172ebe4add6912aad/elements - {"using":"xpath","value":"//bdi[text()=\"OK\"]"}
RESULT: {"using":"xpath","value":"//bdi[text()=\"OK\"]"}
COMMAND: POST /session/5a60c8b5c70bea8172ebe4add6912aad/elements - {"using":"xpath","value":"//bdi[text()=\"OK\"]"}
RESULT: {"using":"xpath","value":"//bdi[text()=\"OK\"]"}
COMMAND: POST /session/5a60c8b5c70bea8172ebe4add6912aad/elements - {"using":"xpath","value":"//bdi[text()=\"OK\"]"}
RESULT: {"using":"xpath","value":"//bdi[text()=\"OK\"]"}
COMMAND: POST /session/5a60c8b5c70bea8172ebe4add6912aad/elements - {"using":"xpath","value":"//bdi[text()=\"OK\"]"}
RESULT: {"using":"xpath","value":"//bdi[text()=\"OK\"]"}
COMMAND: POST /session/5a60c8b5c70bea8172ebe4add6912aad/elements - {"using":"xpath","value":"//bdi[text()=\"OK\"]"}
RESULT: {"using":"xpath","value":"//bdi[text()=\"OK\"]"}
COMMAND: POST /session/5a60c8b5c70bea8172ebe4add6912aad/elements - {"using":"xpath","value":"//bdi[text()=\"OK\"]"}
RESULT: {"using":"xpath","value":"//bdi[text()=\"OK\"]"}
COMMAND: POST /session/5a60c8b5c70bea8172ebe4add6912aad/elements - {"using":"xpath","value":"//bdi[text()=\"OK\"]"}
RESULT: {"using":"xpath","value":"//bdi[text()=\"OK\"]"}
COMMAND: POST /session/5a60c8b5c70bea8172ebe4add6912aad/elements - {"using":"xpath","value":"//bdi[text()=\"OK\"]"}
RESULT: {"using":"xpath","value":"//bdi[text()=\"OK\"]"}
COMMAND: POST /session/5a60c8b5c70bea8172ebe4add6912aad/elements - {"using":"xpath","value":"//bdi[text()=\"OK\"]"}
RESULT: {"using":"xpath","value":"//bdi[text()=\"OK\"]"}
COMMAND: POST /session/5a60c8b5c70bea8172ebe4add6912aad/elements - {"using":"xpath","value":"//bdi[text()=\"OK\"]"}
RESULT: {"using":"xpath","value":"//bdi[text()=\"OK\"]"}
COMMAND: POST /session/5a60c8b5c70bea8172ebe4add6912aad/elements - {"using":"xpath","value":"//bdi[text()=\"OK\"]"}
RESULT: {"using":"xpath","value":"//bdi[text()=\"OK\"]"}
COMMAND: POST /session/5a60c8b5c70bea8172ebe4add6912aad/elements - {"using":"xpath","value":"//bdi[text()=\"OK\"]"}
RESULT: {"using":"xpath","value":"//bdi[text()=\"OK\"]"}
COMMAND: POST /session/5a60c8b5c70bea8172ebe4add6912aad/elements - {"using":"xpath","value":"//bdi[text()=\"OK\"]"}
RESULT: {"using":"xpath","value":"//bdi[text()=\"OK\"]"}
COMMAND: POST /session/5a60c8b5c70bea8172ebe4add6912aad/elements - {"using":"xpath","value":"//bdi[text()=\"OK\"]"}
RESULT: {"using":"xpath","value":"//bdi[text()=\"OK\"]"}
COMMAND: POST /session/5a60c8b5c70bea8172ebe4add6912aad/elements - {"using":"xpath","value":"//bdi[text()=\"OK\"]"}
RESULT: {"using":"xpath","value":"//bdi[text()=\"OK\"]"}
COMMAND: POST /session/5a60c8b5c70bea8172ebe4add6912aad/elements - {"using":"xpath","value":"//bdi[text()=\"OK\"]"}
RESULT: {"using":"xpath","value":"//bdi[text()=\"OK\"]"}
COMMAND: POST /session/5a60c8b5c70bea8172ebe4add6912aad/elements - {"using":"xpath","value":"//bdi[text()=\"OK\"]"}
RESULT: {"using":"xpath","value":"//bdi[text()=\"OK\"]"}
COMMAND: POST /session/5a60c8b5c70bea8172ebe4add6912aad/elements - {"using":"xpath","value":"//bdi[text()=\"OK\"]"}
RESULT: {"using":"xpath","value":"//bdi[text()=\"OK\"]"}
COMMAND: POST /session/5a60c8b5c70bea8172ebe4add6912aad/elements - {"using":"xpath","value":"//bdi[text()=\"OK\"]"}
RESULT: {"using":"xpath","value":"//bdi[text()=\"OK\"]"}
COMMAND: POST /session/5a60c8b5c70bea8172ebe4add6912aad/elements - {"using":"xpath","value":"//bdi[text()=\"OK\"]"}
RESULT: {"using":"xpath","value":"//bdi[text()=\"OK\"]"}
COMMAND: POST /session/5a60c8b5c70bea8172ebe4add6912aad/elements - {"using":"xpath","value":"//bdi[text()=\"OK\"]"}
RESULT: {"using":"xpath","value":"//bdi[text()=\"OK\"]"}
COMMAND: POST /session/5a60c8b5c70bea8172ebe4add6912aad/elements - {"using":"xpath","value":"//bdi[text()=\"OK\"]"}
RESULT: {"using":"xpath","value":"//bdi[text()=\"OK\"]"}
COMMAND: POST /session/5a60c8b5c70bea8172ebe4add6912aad/elements - {"using":"xpath","value":"//bdi[text()=\"OK\"]"}
RESULT: {"using":"xpath","value":"//bdi[text()=\"OK\"]"}
COMMAND: POST /session/5a60c8b5c70bea8172ebe4add6912aad/elements - {"using":"xpath","value":"//bdi[text()=\"OK\"]"}
RESULT: {"using":"xpath","value":"//bdi[text()=\"OK\"]"}
COMMAND: POST /session/5a60c8b5c70bea8172ebe4add6912aad/elements - {"using":"xpath","value":"//bdi[text()=\"OK\"]"}
RESULT: {"using":"xpath","value":"//bdi[text()=\"OK\"]"}
COMMAND: POST /session/5a60c8b5c70bea8172ebe4add6912aad/elements - {"using":"xpath","value":"//bdi[text()=\"OK\"]"}
RESULT: {"using":"xpath","value":"//bdi[text()=\"OK\"]"}
COMMAND: POST /session/5a60c8b5c70bea8172ebe4add6912aad/elements - {"using":"xpath","value":"//bdi[text()=\"OK\"]"}
RESULT: {"using":"xpath","value":"//bdi[text()=\"OK\"]"}
COMMAND: POST /session/5a60c8b5c70bea8172ebe4add6912aad/elements - {"using":"xpath","value":"//bdi[text()=\"OK\"]"}
RESULT: {"using":"xpath","value":"//bdi[text()=\"OK\"]"}
COMMAND: POST /session/5a60c8b5c70bea8172ebe4add6912aad/elements - {"using":"xpath","value":"//bdi[text()=\"OK\"]"}
RESULT: {"using":"xpath","value":"//bdi[text()=\"OK\"]"}
COMMAND: POST /session/5a60c8b5c70bea8172ebe4add6912aad/elements - {"using":"xpath","value":"//bdi[text()=\"OK\"]"}
RESULT: {"using":"xpath","value":"//bdi[text()=\"OK\"]"}
COMMAND: POST /session/5a60c8b5c70bea8172ebe4add6912aad/elements - {"using":"xpath","value":"//bdi[text()=\"OK\"]"}
RESULT: {"using":"xpath","value":"//bdi[text()=\"OK\"]"}
COMMAND: POST /session/5a60c8b5c70bea8172ebe4add6912aad/elements - {"using":"xpath","value":"//bdi[text()=\"OK\"]"}
RESULT: {"using":"xpath","value":"//bdi[text()=\"OK\"]"}
COMMAND: POST /session/5a60c8b5c70bea8172ebe4add6912aad/elements - {"using":"xpath","value":"//bdi[text()=\"OK\"]"}
RESULT: {"using":"xpath","value":"//bdi[text()=\"OK\"]"}
COMMAND: POST /session/5a60c8b5c70bea8172ebe4add6912aad/elements - {"using":"xpath","value":"//bdi[text()=\"OK\"]"}
RESULT: {"using":"xpath","value":"//bdi[text()=\"OK\"]"}
COMMAND: POST /session/5a60c8b5c70bea8172ebe4add6912aad/elements - {"using":"xpath","value":"//bdi[text()=\"OK\"]"}
RESULT: {"using":"xpath","value":"//bdi[text()=\"OK\"]"}
COMMAND: POST /session/5a60c8b5c70bea8172ebe4add6912aad/elements - {"using":"xpath","value":"//bdi[text()=\"OK\"]"}
RESULT: {"using":"xpath","value":"//bdi[text()=\"OK\"]"}
COMMAND: POST /session/5a60c8b5c70bea8172ebe4add6912aad/elements - {"using":"xpath","value":"//bdi[text()=\"OK\"]"}
RESULT: {"using":"xpath","value":"//bdi[text()=\"OK\"]"}
COMMAND: POST /session/5a60c8b5c70bea8172ebe4add6912aad/elements - {"using":"xpath","value":"//bdi[text()=\"OK\"]"}
RESULT: {"using":"xpath","value":"//bdi[text()=\"OK\"]"}
COMMAND: POST /session/5a60c8b5c70bea8172ebe4add6912aad/elements - {"using":"xpath","value":"//bdi[text()=\"OK\"]"}
RESULT: {"using":"xpath","value":"//bdi[text()=\"OK\"]"}
COMMAND: POST /session/5a60c8b5c70bea8172ebe4add6912aad/elements - {"using":"xpath","value":"//bdi[text()=\"OK\"]"}
RESULT: {"using":"xpath","value":"//bdi[text()=\"OK\"]"}
COMMAND: POST /session/5a60c8b5c70bea8172ebe4add6912aad/elements - {"using":"xpath","value":"//bdi[text()=\"OK\"]"}
RESULT: {"using":"xpath","value":"//bdi[text()=\"OK\"]"}
COMMAND: POST /session/5a60c8b5c70bea8172ebe4add6912aad/elements - {"using":"xpath","value":"//bdi[text()=\"OK\"]"}
RESULT: {"using":"xpath","value":"//bdi[text()=\"OK\"]"}
COMMAND: POST /session/5a60c8b5c70bea8172ebe4add6912aad/elements - {"using":"xpath","value":"//bdi[text()=\"OK\"]"}
RESULT: {"using":"xpath","value":"//bdi[text()=\"OK\"]"}
COMMAND: POST /session/5a60c8b5c70bea8172ebe4add6912aad/elements - {"using":"xpath","value":"//bdi[text()=\"OK\"]"}
RESULT: {"using":"xpath","value":"//bdi[text()=\"OK\"]"}
COMMAND: POST /session/5a60c8b5c70bea8172ebe4add6912aad/elements - {"using":"xpath","value":"//bdi[text()=\"OK\"]"}
RESULT: {"using":"xpath","value":"//bdi[text()=\"OK\"]"}
COMMAND: POST /session/5a60c8b5c70bea8172ebe4add6912aad/elements - {"using":"xpath","value":"//bdi[text()=\"OK\"]"}
RESULT: {"using":"xpath","value":"//bdi[text()=\"OK\"]"}
COMMAND: POST /session/5a60c8b5c70bea8172ebe4add6912aad/elements - {"using":"xpath","value":"//bdi[text()=\"OK\"]"}
RESULT: {"using":"xpath","value":"//bdi[text()=\"OK\"]"}
COMMAND: POST /session/5a60c8b5c70bea8172ebe4add6912aad/elements - {"using":"xpath","value":"//bdi[text()=\"OK\"]"}
RESULT: {"using":"xpath","value":"//bdi[text()=\"OK\"]"}
COMMAND: POST /session/5a60c8b5c70bea8172ebe4add6912aad/elements - {"using":"xpath","value":"//bdi[text()=\"OK\"]"}
RESULT: {"using":"xpath","value":"//bdi[text()=\"OK\"]"}
COMMAND: POST /session/5a60c8b5c70bea8172ebe4add6912aad/elements - {"using":"xpath","value":"//bdi[text()=\"OK\"]"}
RESULT: {"using":"xpath","value":"//bdi[text()=\"OK\"]"}
COMMAND: POST /session/5a60c8b5c70bea8172ebe4add6912aad/elements - {"using":"xpath","value":"//bdi[text()=\"OK\"]"}
RESULT: {"using":"xpath","value":"//bdi[text()=\"OK\"]"}
COMMAND: POST /session/5a60c8b5c70bea8172ebe4add6912aad/elements - {"using":"xpath","value":"//bdi[text()=\"OK\"]"}
RESULT: {"using":"xpath","value":"//bdi[text()=\"OK\"]"}
COMMAND: POST /session/5a60c8b5c70bea8172ebe4add6912aad/elements - {"using":"xpath","value":"//bdi[text()=\"OK\"]"}
RESULT: {"using":"xpath","value":"//bdi[text()=\"OK\"]"}
COMMAND: POST /session/5a60c8b5c70bea8172ebe4add6912aad/elements - {"using":"xpath","value":"//bdi[text()=\"OK\"]"}
RESULT: {"using":"xpath","value":"//bdi[text()=\"OK\"]"}
COMMAND: POST /session/5a60c8b5c70bea8172ebe4add6912aad/elements - {"using":"xpath","value":"//bdi[text()=\"OK\"]"}
RESULT: {"using":"xpath","value":"//bdi[text()=\"OK\"]"}
COMMAND: POST /session/5a60c8b5c70bea8172ebe4add6912aad/element - {"using":"xpath","value":"//bdi[text()=\"OK\"]"}
RESULT: {"using":"xpath","value":"//bdi[text()=\"OK\"]"}
COMMAND: POST /session/5a60c8b5c70bea8172ebe4add6912aad/elements - {"using":"xpath","value":"//bdi[text()=\"OK\"]"}
RESULT: {"using":"xpath","value":"//bdi[text()=\"OK\"]"}
COMMAND: POST /session/5a60c8b5c70bea8172ebe4add6912aad/elements - {"using":"xpath","value":"//bdi[text()=\"OK\"]"}
RESULT: {"using":"xpath","value":"//bdi[text()=\"OK\"]"}
COMMAND: POST /session/5a60c8b5c70bea8172ebe4add6912aad/elements - {"using":"xpath","value":"//bdi[text()=\"OK\"]"}
RESULT: {"using":"xpath","value":"//bdi[text()=\"OK\"]"}
COMMAND: POST /session/5a60c8b5c70bea8172ebe4add6912aad/elements - {"using":"xpath","value":"//bdi[text()=\"OK\"]"}
RESULT: {"using":"xpath","value":"//bdi[text()=\"OK\"]"}
COMMAND: POST /session/5a60c8b5c70bea8172ebe4add6912aad/elements - {"using":"xpath","value":"//bdi[text()=\"OK\"]"}
RESULT: {"using":"xpath","value":"//bdi[text()=\"OK\"]"}
COMMAND: POST /session/5a60c8b5c70bea8172ebe4add6912aad/elements - {"using":"xpath","value":"//bdi[text()=\"OK\"]"}
RESULT: {"using":"xpath","value":"//bdi[text()=\"OK\"]"}
COMMAND: POST /session/5a60c8b5c70bea8172ebe4add6912aad/elements - {"using":"xpath","value":"//bdi[text()=\"OK\"]"}
RESULT: {"using":"xpath","value":"//bdi[text()=\"OK\"]"}
COMMAND: POST /session/5a60c8b5c70bea8172ebe4add6912aad/elements - {"using":"xpath","value":"//bdi[text()=\"OK\"]"}
RESULT: {"using":"xpath","value":"//bdi[text()=\"OK\"]"}
COMMAND: POST /session/5a60c8b5c70bea8172ebe4add6912aad/elements - {"using":"xpath","value":"//bdi[text()=\"OK\"]"}
RESULT: {"using":"xpath","value":"//bdi[text()=\"OK\"]"}
COMMAND: POST /session/5a60c8b5c70bea8172ebe4add6912aad/elements - {"using":"xpath","value":"//bdi[text()=\"OK\"]"}
RESULT: {"using":"xpath","value":"//bdi[text()=\"OK\"]"}
COMMAND: POST /session/5a60c8b5c70bea8172ebe4add6912aad/elements - {"using":"xpath","value":"//bdi[text()=\"OK\"]"}
RESULT: {"using":"xpath","value":"//bdi[text()=\"OK\"]"}
COMMAND: POST /session/5a60c8b5c70bea8172ebe4add6912aad/elements - {"using":"xpath","value":"//bdi[text()=\"OK\"]"}
RESULT: {"using":"xpath","value":"//bdi[text()=\"OK\"]"}
COMMAND: POST /session/5a60c8b5c70bea8172ebe4add6912aad/elements - {"using":"xpath","value":"//bdi[text()=\"OK\"]"}
RESULT: {"using":"xpath","value":"//bdi[text()=\"OK\"]"}
COMMAND: POST /session/5a60c8b5c70bea8172ebe4add6912aad/elements - {"using":"xpath","value":"//bdi[text()=\"OK\"]"}
RESULT: {"using":"xpath","value":"//bdi[text()=\"OK\"]"}
COMMAND: POST /session/5a60c8b5c70bea8172ebe4add6912aad/elements - {"using":"xpath","value":"//bdi[text()=\"OK\"]"}
RESULT: {"using":"xpath","value":"//bdi[text()=\"OK\"]"}
COMMAND: POST /session/5a60c8b5c70bea8172ebe4add6912aad/elements - {"using":"xpath","value":"//bdi[text()=\"OK\"]"}
RESULT: {"using":"xpath","value":"//bdi[text()=\"OK\"]"}
COMMAND: POST /session/5a60c8b5c70bea8172ebe4add6912aad/elements - {"using":"xpath","value":"//bdi[text()=\"OK\"]"}
RESULT: {"using":"xpath","value":"//bdi[text()=\"OK\"]"}
COMMAND: POST /session/5a60c8b5c70bea8172ebe4add6912aad/elements - {"using":"xpath","value":"//bdi[text()=\"OK\"]"}
RESULT: {"using":"xpath","value":"//bdi[text()=\"OK\"]"}
COMMAND: POST /session/5a60c8b5c70bea8172ebe4add6912aad/elements - {"using":"xpath","value":"//bdi[text()=\"OK\"]"}
RESULT: {"using":"xpath","value":"//bdi[text()=\"OK\"]"}
COMMAND: POST /session/5a60c8b5c70bea8172ebe4add6912aad/elements - {"using":"xpath","value":"//bdi[text()=\"OK\"]"}
RESULT: {"using":"xpath","value":"//bdi[text()=\"OK\"]"}
COMMAND: POST /session/5a60c8b5c70bea8172ebe4add6912aad/elements - {"using":"xpath","value":"//bdi[text()=\"OK\"]"}
RESULT: {"using":"xpath","value":"//bdi[text()=\"OK\"]"}
COMMAND: POST /session/5a60c8b5c70bea8172ebe4add6912aad/elements - {"using":"xpath","value":"//bdi[text()=\"OK\"]"}
RESULT: {"using":"xpath","value":"//bdi[text()=\"OK\"]"}
COMMAND: POST /session/5a60c8b5c70bea8172ebe4add6912aad/elements - {"using":"xpath","value":"//bdi[text()=\"OK\"]"}
RESULT: {"using":"xpath","value":"//bdi[text()=\"OK\"]"}
COMMAND: POST /session/5a60c8b5c70bea8172ebe4add6912aad/elements - {"using":"xpath","value":"//bdi[text()=\"OK\"]"}
RESULT: {"using":"xpath","value":"//bdi[text()=\"OK\"]"}
COMMAND: POST /session/5a60c8b5c70bea8172ebe4add6912aad/elements - {"using":"xpath","value":"//bdi[text()=\"OK\"]"}
RESULT: {"using":"xpath","value":"//bdi[text()=\"OK\"]"}
COMMAND: POST /session/5a60c8b5c70bea8172ebe4add6912aad/elements - {"using":"xpath","value":"//bdi[text()=\"OK\"]"}
RESULT: {"using":"xpath","value":"//bdi[text()=\"OK\"]"}
COMMAND: POST /session/5a60c8b5c70bea8172ebe4add6912aad/elements - {"using":"xpath","value":"//bdi[text()=\"OK\"]"}
RESULT: {"using":"xpath","value":"//bdi[text()=\"OK\"]"}
COMMAND: POST /session/5a60c8b5c70bea8172ebe4add6912aad/elements - {"using":"xpath","value":"//bdi[text()=\"OK\"]"}
RESULT: {"using":"xpath","value":"//bdi[text()=\"OK\"]"}
COMMAND: POST /session/5a60c8b5c70bea8172ebe4add6912aad/elements - {"using":"xpath","value":"//bdi[text()=\"OK\"]"}
RESULT: {"using":"xpath","value":"//bdi[text()=\"OK\"]"}
COMMAND: POST /session/5a60c8b5c70bea8172ebe4add6912aad/elements - {"using":"xpath","value":"//bdi[text()=\"OK\"]"}
RESULT: {"using":"xpath","value":"//bdi[text()=\"OK\"]"}
COMMAND: POST /session/5a60c8b5c70bea8172ebe4add6912aad/elements - {"using":"xpath","value":"//bdi[text()=\"OK\"]"}
RESULT: {"using":"xpath","value":"//bdi[text()=\"OK\"]"}
COMMAND: POST /session/5a60c8b5c70bea8172ebe4add6912aad/elements - {"using":"xpath","value":"//bdi[text()=\"OK\"]"}
RESULT: {"using":"xpath","value":"//bdi[text()=\"OK\"]"}
COMMAND: POST /session/5a60c8b5c70bea8172ebe4add6912aad/elements - {"using":"xpath","value":"//bdi[text()=\"OK\"]"}
RESULT: {"using":"xpath","value":"//bdi[text()=\"OK\"]"}
COMMAND: POST /session/5a60c8b5c70bea8172ebe4add6912aad/elements - {"using":"xpath","value":"//bdi[text()=\"OK\"]"}
RESULT: {"using":"xpath","value":"//bdi[text()=\"OK\"]"}
COMMAND: POST /session/5a60c8b5c70bea8172ebe4add6912aad/elements - {"using":"xpath","value":"//bdi[text()=\"OK\"]"}
RESULT: {"using":"xpath","value":"//bdi[text()=\"OK\"]"}
COMMAND: POST /session/5a60c8b5c70bea8172ebe4add6912aad/elements - {"using":"xpath","value":"//bdi[text()=\"OK\"]"}
RESULT: {"using":"xpath","value":"//bdi[text()=\"OK\"]"}
COMMAND: POST /session/5a60c8b5c70bea8172ebe4add6912aad/elements - {"using":"xpath","value":"//bdi[text()=\"OK\"]"}
RESULT: {"using":"xpath","value":"//bdi[text()=\"OK\"]"}
COMMAND: POST /session/5a60c8b5c70bea8172ebe4add6912aad/elements - {"using":"xpath","value":"//bdi[text()=\"OK\"]"}
RESULT: {"using":"xpath","value":"//bdi[text()=\"OK\"]"}
COMMAND: POST /session/5a60c8b5c70bea8172ebe4add6912aad/elements - {"using":"xpath","value":"//bdi[text()=\"OK\"]"}
RESULT: {"using":"xpath","value":"//bdi[text()=\"OK\"]"}
COMMAND: POST /session/5a60c8b5c70bea8172ebe4add6912aad/elements - {"using":"xpath","value":"//bdi[text()=\"OK\"]"}
RESULT: {"using":"xpath","value":"//bdi[text()=\"OK\"]"}
COMMAND: POST /session/5a60c8b5c70bea8172ebe4add6912aad/elements - {"using":"xpath","value":"//bdi[text()=\"OK\"]"}
RESULT: {"using":"xpath","value":"//bdi[text()=\"OK\"]"}
COMMAND: POST /session/5a60c8b5c70bea8172ebe4add6912aad/elements - {"using":"xpath","value":"//bdi[text()=\"OK\"]"}
RESULT: {"using":"xpath","value":"//bdi[text()=\"OK\"]"}
COMMAND: POST /session/5a60c8b5c70bea8172ebe4add6912aad/elements - {"using":"xpath","value":"//bdi[text()=\"OK\"]"}
RESULT: {"using":"xpath","value":"//bdi[text()=\"OK\"]"}
COMMAND: POST /session/5a60c8b5c70bea8172ebe4add6912aad/elements - {"using":"xpath","value":"//bdi[text()=\"OK\"]"}
RESULT: {"using":"xpath","value":"//bdi[text()=\"OK\"]"}
COMMAND: POST /session/5a60c8b5c70bea8172ebe4add6912aad/elements - {"using":"xpath","value":"//bdi[text()=\"OK\"]"}
RESULT: {"using":"xpath","value":"//bdi[text()=\"OK\"]"}
COMMAND: POST /session/5a60c8b5c70bea8172ebe4add6912aad/elements - {"using":"xpath","value":"//bdi[text()=\"OK\"]"}
RESULT: {"using":"xpath","value":"//bdi[text()=\"OK\"]"}
COMMAND: POST /session/5a60c8b5c70bea8172ebe4add6912aad/elements - {"using":"xpath","value":"//bdi[text()=\"OK\"]"}
RESULT: {"using":"xpath","value":"//bdi[text()=\"OK\"]"}
COMMAND: POST /session/5a60c8b5c70bea8172ebe4add6912aad/elements - {"using":"xpath","value":"//bdi[text()=\"OK\"]"}
RESULT: {"using":"xpath","value":"//bdi[text()=\"OK\"]"}
COMMAND: POST /session/5a60c8b5c70bea8172ebe4add6912aad/elements - {"using":"xpath","value":"//bdi[text()=\"OK\"]"}
RESULT: {"using":"xpath","value":"//bdi[text()=\"OK\"]"}
COMMAND: POST /session/5a60c8b5c70bea8172ebe4add6912aad/elements - {"using":"xpath","value":"//bdi[text()=\"OK\"]"}
RESULT: {"using":"xpath","value":"//bdi[text()=\"OK\"]"}
COMMAND: POST /session/5a60c8b5c70bea8172ebe4add6912aad/elements - {"using":"xpath","value":"//bdi[text()=\"OK\"]"}
RESULT: {"using":"xpath","value":"//bdi[text()=\"OK\"]"}
COMMAND: POST /session/5a60c8b5c70bea8172ebe4add6912aad/elements - {"using":"xpath","value":"//bdi[text()=\"OK\"]"}
RESULT: {"using":"xpath","value":"//bdi[text()=\"OK\"]"}
COMMAND: POST /session/5a60c8b5c70bea8172ebe4add6912aad/elements - {"using":"xpath","value":"//bdi[text()=\"OK\"]"}
RESULT: {"using":"xpath","value":"//bdi[text()=\"OK\"]"}
COMMAND: POST /session/5a60c8b5c70bea8172ebe4add6912aad/elements - {"using":"xpath","value":"//bdi[text()=\"OK\"]"}
RESULT: {"using":"xpath","value":"//bdi[text()=\"OK\"]"}
COMMAND: POST /session/5a60c8b5c70bea8172ebe4add6912aad/elements - {"using":"xpath","value":"//bdi[text()=\"OK\"]"}
RESULT: {"using":"xpath","value":"//bdi[text()=\"OK\"]"}
COMMAND: POST /session/5a60c8b5c70bea8172ebe4add6912aad/elements - {"using":"xpath","value":"//bdi[text()=\"OK\"]"}
RESULT: {"using":"xpath","value":"//bdi[text()=\"OK\"]"}
COMMAND: POST /session/5a60c8b5c70bea8172ebe4add6912aad/elements - {"using":"xpath","value":"//bdi[text()=\"OK\"]"}
RESULT: {"using":"xpath","value":"//bdi[text()=\"OK\"]"}
COMMAND: POST /session/5a60c8b5c70bea8172ebe4add6912aad/elements - {"using":"xpath","value":"//bdi[text()=\"OK\"]"}
RESULT: {"using":"xpath","value":"//bdi[text()=\"OK\"]"}
COMMAND: POST /session/5a60c8b5c70bea8172ebe4add6912aad/elements - {"using":"xpath","value":"//bdi[text()=\"OK\"]"}
RESULT: {"using":"xpath","value":"//bdi[text()=\"OK\"]"}
COMMAND: POST /session/5a60c8b5c70bea8172ebe4add6912aad/elements - {"using":"xpath","value":"//bdi[text()=\"OK\"]"}
RESULT: {"using":"xpath","value":"//bdi[text()=\"OK\"]"}
COMMAND: POST /session/5a60c8b5c70bea8172ebe4add6912aad/elements - {"using":"xpath","value":"//bdi[text()=\"OK\"]"}
RESULT: {"using":"xpath","value":"//bdi[text()=\"OK\"]"}
COMMAND: POST /session/5a60c8b5c70bea8172ebe4add6912aad/elements - {"using":"xpath","value":"//bdi[text()=\"OK\"]"}
RESULT: {"using":"xpath","value":"//bdi[text()=\"OK\"]"}
COMMAND: POST /session/5a60c8b5c70bea8172ebe4add6912aad/elements - {"using":"xpath","value":"//bdi[text()=\"OK\"]"}
RESULT: {"using":"xpath","value":"//bdi[text()=\"OK\"]"}
COMMAND: POST /session/5a60c8b5c70bea8172ebe4add6912aad/elements - {"using":"xpath","value":"//bdi[text()=\"OK\"]"}
RESULT: {"using":"xpath","value":"//bdi[text()=\"OK\"]"}
COMMAND: POST /session/5a60c8b5c70bea8172ebe4add6912aad/elements - {"using":"xpath","value":"//bdi[text()=\"OK\"]"}
RESULT: {"using":"xpath","value":"//bdi[text()=\"OK\"]"}
COMMAND: POST /session/5a60c8b5c70bea8172ebe4add6912aad/elements - {"using":"xpath","value":"//bdi[text()=\"OK\"]"}
RESULT: {"using":"xpath","value":"//bdi[text()=\"OK\"]"}
COMMAND: POST /session/5a60c8b5c70bea8172ebe4add6912aad/elements - {"using":"xpath","value":"//bdi[text()=\"OK\"]"}
RESULT: {"using":"xpath","value":"//bdi[text()=\"OK\"]"}
COMMAND: POST /session/5a60c8b5c70bea8172ebe4add6912aad/elements - {"using":"xpath","value":"//bdi[text()=\"OK\"]"}
RESULT: {"using":"xpath","value":"//bdi[text()=\"OK\"]"}
COMMAND: POST /session/5a60c8b5c70bea8172ebe4add6912aad/elements - {"using":"xpath","value":"//bdi[text()=\"OK\"]"}
RESULT: {"using":"xpath","value":"//bdi[text()=\"OK\"]"}
COMMAND: POST /session/5a60c8b5c70bea8172ebe4add6912aad/elements - {"using":"xpath","value":"//bdi[text()=\"OK\"]"}
RESULT: {"using":"xpath","value":"//bdi[text()=\"OK\"]"}
COMMAND: POST /session/5a60c8b5c70bea8172ebe4add6912aad/elements - {"using":"xpath","value":"//bdi[text()=\"OK\"]"}
RESULT: {"using":"xpath","value":"//bdi[text()=\"OK\"]"}
COMMAND: POST /session/5a60c8b5c70bea8172ebe4add6912aad/elements - {"using":"xpath","value":"//bdi[text()=\"OK\"]"}
RESULT: {"using":"xpath","value":"//bdi[text()=\"OK\"]"}
COMMAND: POST /session/5a60c8b5c70bea8172ebe4add6912aad/elements - {"using":"xpath","value":"//bdi[text()=\"OK\"]"}
RESULT: {"using":"xpath","value":"//bdi[text()=\"OK\"]"}
COMMAND: POST /session/5a60c8b5c70bea8172ebe4add6912aad/elements - {"using":"xpath","value":"//bdi[text()=\"OK\"]"}
RESULT: {"using":"xpath","value":"//bdi[text()=\"OK\"]"}
COMMAND: POST /session/5a60c8b5c70bea8172ebe4add6912aad/elements - {"using":"xpath","value":"//bdi[text()=\"OK\"]"}
RESULT: {"using":"xpath","value":"//bdi[text()=\"OK\"]"}
COMMAND: POST /session/5a60c8b5c70bea8172ebe4add6912aad/elements - {"using":"xpath","value":"//bdi[text()=\"OK\"]"}
RESULT: {"using":"xpath","value":"//bdi[text()=\"OK\"]"}
COMMAND: POST /session/5a60c8b5c70bea8172ebe4add6912aad/elements - {"using":"xpath","value":"//bdi[text()=\"OK\"]"}
RESULT: {"using":"xpath","value":"//bdi[text()=\"OK\"]"}
COMMAND: POST /session/5a60c8b5c70bea8172ebe4add6912aad/elements - {"using":"xpath","value":"//bdi[text()=\"OK\"]"}
RESULT: {"using":"xpath","value":"//bdi[text()=\"OK\"]"}
COMMAND: POST /session/5a60c8b5c70bea8172ebe4add6912aad/elements - {"using":"xpath","value":"//bdi[text()=\"OK\"]"}
RESULT: {"using":"xpath","value":"//bdi[text()=\"OK\"]"}
COMMAND: POST /session/5a60c8b5c70bea8172ebe4add6912aad/elements - {"using":"xpath","value":"//bdi[text()=\"OK\"]"}
RESULT: {"using":"xpath","value":"//bdi[text()=\"OK\"]"}
COMMAND: POST /session/5a60c8b5c70bea8172ebe4add6912aad/elements - {"using":"xpath","value":"//bdi[text()=\"OK\"]"}
RESULT: {"using":"xpath","value":"//bdi[text()=\"OK\"]"}
COMMAND: POST /session/5a60c8b5c70bea8172ebe4add6912aad/elements - {"using":"xpath","value":"//bdi[text()=\"OK\"]"}
RESULT: {"using":"xpath","value":"//bdi[text()=\"OK\"]"}
COMMAND: POST /session/5a60c8b5c70bea8172ebe4add6912aad/elements - {"using":"xpath","value":"//bdi[text()=\"OK\"]"}
RESULT: {"using":"xpath","value":"//bdi[text()=\"OK\"]"}
COMMAND: POST /session/5a60c8b5c70bea8172ebe4add6912aad/elements - {"using":"xpath","value":"//bdi[text()=\"OK\"]"}
RESULT: {"using":"xpath","value":"//bdi[text()=\"OK\"]"}
COMMAND: POST /session/5a60c8b5c70bea8172ebe4add6912aad/elements - {"using":"xpath","value":"//bdi[text()=\"OK\"]"}
RESULT: {"using":"xpath","value":"//bdi[text()=\"OK\"]"}
COMMAND: POST /session/5a60c8b5c70bea8172ebe4add6912aad/elements - {"using":"xpath","value":"//bdi[text()=\"OK\"]"}
RESULT: {"using":"xpath","value":"//bdi[text()=\"OK\"]"}
COMMAND: POST /session/5a60c8b5c70bea8172ebe4add6912aad/elements - {"using":"xpath","value":"//bdi[text()=\"OK\"]"}
RESULT: {"using":"xpath","value":"//bdi[text()=\"OK\"]"}
COMMAND: POST /session/5a60c8b5c70bea8172ebe4add6912aad/elements - {"using":"xpath","value":"//bdi[text()=\"OK\"]"}
RESULT: {"using":"xpath","value":"//bdi[text()=\"OK\"]"}
COMMAND: POST /session/5a60c8b5c70bea8172ebe4add6912aad/elements - {"using":"xpath","value":"//bdi[text()=\"OK\"]"}
RESULT: {"using":"xpath","value":"//bdi[text()=\"OK\"]"}
COMMAND: POST /session/5a60c8b5c70bea8172ebe4add6912aad/elements - {"using":"xpath","value":"//bdi[text()=\"OK\"]"}
RESULT: {"using":"xpath","value":"//bdi[text()=\"OK\"]"}
COMMAND: POST /session/5a60c8b5c70bea8172ebe4add6912aad/elements - {"using":"xpath","value":"//bdi[text()=\"OK\"]"}
RESULT: {"using":"xpath","value":"//bdi[text()=\"OK\"]"}
COMMAND: POST /session/5a60c8b5c70bea8172ebe4add6912aad/elements - {"using":"xpath","value":"//bdi[text()=\"OK\"]"}
RESULT: {"using":"xpath","value":"//bdi[text()=\"OK\"]"}
COMMAND: POST /session/5a60c8b5c70bea8172ebe4add6912aad/elements - {"using":"xpath","value":"//bdi[text()=\"OK\"]"}
RESULT: {"using":"xpath","value":"//bdi[text()=\"OK\"]"}
COMMAND: POST /session/5a60c8b5c70bea8172ebe4add6912aad/elements - {"using":"xpath","value":"//bdi[text()=\"OK\"]"}
RESULT: {"using":"xpath","value":"//bdi[text()=\"OK\"]"}
COMMAND: POST /session/5a60c8b5c70bea8172ebe4add6912aad/elements - {"using":"xpath","value":"//bdi[text()=\"OK\"]"}
RESULT: {"using":"xpath","value":"//bdi[text()=\"OK\"]"}
COMMAND: POST /session/5a60c8b5c70bea8172ebe4add6912aad/elements - {"using":"xpath","value":"//bdi[text()=\"OK\"]"}
RESULT: {"using":"xpath","value":"//bdi[text()=\"OK\"]"}
COMMAND: POST /session/5a60c8b5c70bea8172ebe4add6912aad/elements - {"using":"xpath","value":"//bdi[text()=\"OK\"]"}
RESULT: {"using":"xpath","value":"//bdi[text()=\"OK\"]"}
COMMAND: POST /session/5a60c8b5c70bea8172ebe4add6912aad/elements - {"using":"xpath","value":"//bdi[text()=\"OK\"]"}
RESULT: {"using":"xpath","value":"//bdi[text()=\"OK\"]"}
COMMAND: POST /session/5a60c8b5c70bea8172ebe4add6912aad/elements - {"using":"xpath","value":"//bdi[text()=\"OK\"]"}
RESULT: {"using":"xpath","value":"//bdi[text()=\"OK\"]"}
COMMAND: POST /session/5a60c8b5c70bea8172ebe4add6912aad/elements - {"using":"xpath","value":"//bdi[text()=\"OK\"]"}
RESULT: {"using":"xpath","value":"//bdi[text()=\"OK\"]"}
COMMAND: POST /session/5a60c8b5c70bea8172ebe4add6912aad/elements - {"using":"xpath","value":"//bdi[text()=\"OK\"]"}
RESULT: {"using":"xpath","value":"//bdi[text()=\"OK\"]"}
COMMAND: POST /session/5a60c8b5c70bea8172ebe4add6912aad/elements - {"using":"xpath","value":"//bdi[text()=\"OK\"]"}
RESULT: {"using":"xpath","value":"//bdi[text()=\"OK\"]"}
COMMAND: POST /session/5a60c8b5c70bea8172ebe4add6912aad/elements - {"using":"xpath","value":"//bdi[text()=\"OK\"]"}
RESULT: {"using":"xpath","value":"//bdi[text()=\"OK\"]"}
COMMAND: POST /session/5a60c8b5c70bea8172ebe4add6912aad/elements - {"using":"xpath","value":"//bdi[text()=\"OK\"]"}
RESULT: {"using":"xpath","value":"//bdi[text()=\"OK\"]"}
COMMAND: POST /session/5a60c8b5c70bea8172ebe4add6912aad/elements - {"using":"xpath","value":"//bdi[text()=\"OK\"]"}
RESULT: {"using":"xpath","value":"//bdi[text()=\"OK\"]"}
COMMAND: POST /session/5a60c8b5c70bea8172ebe4add6912aad/elements - {"using":"xpath","value":"//bdi[text()=\"OK\"]"}
RESULT: {"using":"xpath","value":"//bdi[text()=\"OK\"]"}
COMMAND: POST /session/5a60c8b5c70bea8172ebe4add6912aad/elements - {"using":"xpath","value":"//bdi[text()=\"OK\"]"}
RESULT: {"using":"xpath","value":"//bdi[text()=\"OK\"]"}
COMMAND: POST /session/5a60c8b5c70bea8172ebe4add6912aad/elements - {"using":"xpath","value":"//bdi[text()=\"OK\"]"}
RESULT: {"using":"xpath","value":"//bdi[text()=\"OK\"]"}
COMMAND: POST /session/5a60c8b5c70bea8172ebe4add6912aad/elements - {"using":"xpath","value":"//bdi[text()=\"OK\"]"}
RESULT: {"using":"xpath","value":"//bdi[text()=\"OK\"]"}
COMMAND: POST /session/5a60c8b5c70bea8172ebe4add6912aad/elements - {"using":"xpath","value":"//bdi[text()=\"OK\"]"}
RESULT: {"using":"xpath","value":"//bdi[text()=\"OK\"]"}
COMMAND: POST /session/5a60c8b5c70bea8172ebe4add6912aad/elements - {"using":"xpath","value":"//bdi[text()=\"OK\"]"}
RESULT: {"using":"xpath","value":"//bdi[text()=\"OK\"]"}
COMMAND: POST /session/5a60c8b5c70bea8172ebe4add6912aad/elements - {"using":"xpath","value":"//bdi[text()=\"OK\"]"}
RESULT: {"using":"xpath","value":"//bdi[text()=\"OK\"]"}
COMMAND: POST /session/5a60c8b5c70bea8172ebe4add6912aad/elements - {"using":"xpath","value":"//bdi[text()=\"OK\"]"}
RESULT: {"using":"xpath","value":"//bdi[text()=\"OK\"]"}
COMMAND: POST /session/5a60c8b5c70bea8172ebe4add6912aad/elements - {"using":"xpath","value":"//bdi[text()=\"OK\"]"}
RESULT: {"using":"xpath","value":"//bdi[text()=\"OK\"]"}
COMMAND: POST /session/5a60c8b5c70bea8172ebe4add6912aad/elements - {"using":"xpath","value":"//bdi[text()=\"OK\"]"}
RESULT: {"using":"xpath","value":"//bdi[text()=\"OK\"]"}
COMMAND: POST /session/5a60c8b5c70bea8172ebe4add6912aad/elements - {"using":"xpath","value":"//bdi[text()=\"OK\"]"}
RESULT: {"using":"xpath","value":"//bdi[text()=\"OK\"]"}
COMMAND: POST /session/5a60c8b5c70bea8172ebe4add6912aad/elements - {"using":"xpath","value":"//bdi[text()=\"OK\"]"}
RESULT: {"using":"xpath","value":"//bdi[text()=\"OK\"]"}
COMMAND: POST /session/5a60c8b5c70bea8172ebe4add6912aad/elements - {"using":"xpath","value":"//bdi[text()=\"OK\"]"}
RESULT: {"using":"xpath","value":"//bdi[text()=\"OK\"]"}
COMMAND: POST /session/5a60c8b5c70bea8172ebe4add6912aad/elements - {"using":"xpath","value":"//bdi[text()=\"OK\"]"}
RESULT: {"using":"xpath","value":"//bdi[text()=\"OK\"]"}
COMMAND: POST /session/5a60c8b5c70bea8172ebe4add6912aad/elements - {"using":"xpath","value":"//bdi[text()=\"OK\"]"}
RESULT: {"using":"xpath","value":"//bdi[text()=\"OK\"]"}
COMMAND: POST /session/5a60c8b5c70bea8172ebe4add6912aad/elements - {"using":"xpath","value":"//bdi[text()=\"OK\"]"}
COMMAND: POST /session/5a60c8b5c70bea8172ebe4add6912aad/execute/async - {"script":"<script> [1562 bytes]","args":[{"selector":{"id":"application-manageresources-display-component---newResourceUnit--TYPE-arrow"},"wdio_ui5_key":"applicationmanageresources-display-component---newResourceUnit--TYPE-arrow"}]}
RESULT: {"using":"xpath","value":"//bdi[text()=\"OK\"]"}
RESULT: {"script":"<script> [1562 bytes]","args":[{"selector":{"id":"application-manageresources-display-component---newResourceUnit--TYPE-arrow"},"wdio_ui5_key":"applicationmanageresources-display-component---newResourceUnit--TYPE-arrow"}]}
RESULT: undefined
COMMAND: POST /session/5a60c8b5c70bea8172ebe4add6912aad/element - {"using":"xpath","value":"//*[@id=\"application-manageresources-display-component---newResourceUnit--TYPE-arrow\"]"}
RESULT: {"using":"xpath","value":"//*[@id=\"application-manageresources-display-component---newResourceUnit--TYPE-arrow\"]"}
COMMAND: POST /session/5a60c8b5c70bea8172ebe4add6912aad/element/f.6B59548A06B598AB2C6AF1A2C766605D.d.FF76A2C7D10A5DA680CE58BDA296F625.e.2928/click - {}
RESULT: {}
COMMAND: POST /session/5a60c8b5c70bea8172ebe4add6912aad/execute/async - {"script":"<script> [1562 bytes]","args":[{"selector":{"controlType":"sap.m.StandardListItem","viewName":"reusables.view.manageresources.NewResourceUnit","viewId":"application-manageresources-display-component---newResourceUnit","properties":{"title":"Material"},"searchOpenDialogs":true,"interaction":{"idSuffix":"titleText"}},"wdio_ui5_key":"reusablesview.manageresources.NewResourceUnitsap.m.StandardListItem{\"title\":\"Material\"}"}]}
COMMAND: GET /session/5a60c8b5c70bea8172ebe4add6912aad/screenshot - {}
RESULT: {"script":"<script> [1562 bytes]","args":[{"selector":{"controlType":"sap.m.StandardListItem","viewName":"reusables.view.manageresources.NewResourceUnit","viewId":"application-manageresources-display-component---newResourceUnit","properties":{"title":"Material"},"searchOpenDialogs":true,"interaction":{"idSuffix":"titleText"}},"wdio_ui5_key":"reusablesview.manageresources.NewResourceUnitsap.m.StandardListItem{\"title\":\"Material\"}"}]}
RESULT: undefined
COMMAND: POST /session/5a60c8b5c70bea8172ebe4add6912aad/element - {"using":"xpath","value":"//*[@id=\"__item1155\"]"}
RESULT: {}
RESULT: {"using":"xpath","value":"//*[@id=\"__item1155\"]"}
COMMAND: POST /session/5a60c8b5c70bea8172ebe4add6912aad/element/f.6B59548A06B598AB2C6AF1A2C766605D.d.FF76A2C7D10A5DA680CE58BDA296F625.e.2931/click - {}
RESULT: {}
COMMAND: GET /session/5a60c8b5c70bea8172ebe4add6912aad/screenshot - {}
RESULT: {}
COMMAND: POST /session/5a60c8b5c70bea8172ebe4add6912aad/execute/async - {"script":"<script> [1562 bytes]","args":[{"selector":{"id":"application-manageresources-display-component---newResourceUnit--newRRUPage-OPHeaderContent-collapseBtn-img"},"wdio_ui5_key":"applicationmanageresources-display-component---newResourceUnit--newRRUPage-OPHeaderContent-collapseBtn-img"}]}
RESULT: {"script":"<script> [1562 bytes]","args":[{"selector":{"id":"application-manageresources-display-component---newResourceUnit--newRRUPage-OPHeaderContent-collapseBtn-img"},"wdio_ui5_key":"applicationmanageresources-display-component---newResourceUnit--newRRUPage-OPHeaderContent-collapseBtn-img"}]}
RESULT: undefined
COMMAND: POST /session/5a60c8b5c70bea8172ebe4add6912aad/element - {"using":"xpath","value":"//*[@id=\"application-manageresources-display-component---newResourceUnit--newRRUPage-OPHeaderContent-collapseBtn-img\"]"}
RESULT: {"using":"xpath","value":"//*[@id=\"application-manageresources-display-component---newResourceUnit--newRRUPage-OPHeaderContent-collapseBtn-img\"]"}
COMMAND: POST /session/5a60c8b5c70bea8172ebe4add6912aad/element/f.6B59548A06B598AB2C6AF1A2C766605D.d.FF76A2C7D10A5DA680CE58BDA296F625.e.2938/click - {}
RESULT: {}
COMMAND: GET /session/5a60c8b5c70bea8172ebe4add6912aad/screenshot - {}
RESULT: {}
COMMAND: POST /session/5a60c8b5c70bea8172ebe4add6912aad/execute/async - {"script":"<script> [1562 bytes]","args":[{"selector":{"id":"application-manageresources-display-component---newResourceUnit--SHORT_TEXT","interaction":{"idSuffix":"inner"}},"wdio_ui5_key":"applicationmanageresources-display-component---newResourceUnit--SHORT_TEXT"}]}
RESULT: {"script":"<script> [1562 bytes]","args":[{"selector":{"id":"application-manageresources-display-component---newResourceUnit--SHORT_TEXT","interaction":{"idSuffix":"inner"}},"wdio_ui5_key":"applicationmanageresources-display-component---newResourceUnit--SHORT_TEXT"}]}
RESULT: undefined
COMMAND: POST /session/5a60c8b5c70bea8172ebe4add6912aad/execute/async - {"script":"<script> [776 bytes]","args":[{"enterText":"WebdriverWHM_RUR2Cyemxq","selector":{"id":"application-manageresources-display-component---newResourceUnit--SHORT_TEXT","interaction":{"idSuffix":"inner"}},"clearTextFirst":true,"interactionType":"ENTER_TEXT"}]}
RESULT: {"script":"<script> [776 bytes]","args":[{"enterText":"WebdriverWHM_RUR2Cyemxq","selector":{"id":"application-manageresources-display-component---newResourceUnit--SHORT_TEXT","interaction":{"idSuffix":"inner"}},"clearTextFirst":true,"interactionType":"ENTER_TEXT"}]}
COMMAND: POST /session/5a60c8b5c70bea8172ebe4add6912aad/execute/async - {"script":"<script> [1562 bytes]","args":[{"selector":{"id":"application-manageresources-display-component---newResourceUnit--BASE_UNIT_OF_MEASURE-arrow"},"wdio_ui5_key":"applicationmanageresources-display-component---newResourceUnit--BASE_UNIT_OF_MEASURE-arrow"}]}
RESULT: {"script":"<script> [1562 bytes]","args":[{"selector":{"id":"application-manageresources-display-component---newResourceUnit--BASE_UNIT_OF_MEASURE-arrow"},"wdio_ui5_key":"applicationmanageresources-display-component---newResourceUnit--BASE_UNIT_OF_MEASURE-arrow"}]}
RESULT: undefined
COMMAND: POST /session/5a60c8b5c70bea8172ebe4add6912aad/element - {"using":"xpath","value":"//*[@id=\"application-manageresources-display-component---newResourceUnit--BASE_UNIT_OF_MEASURE-arrow\"]"}
RESULT: {"using":"xpath","value":"//*[@id=\"application-manageresources-display-component---newResourceUnit--BASE_UNIT_OF_MEASURE-arrow\"]"}
COMMAND: POST /session/5a60c8b5c70bea8172ebe4add6912aad/element/f.6B59548A06B598AB2C6AF1A2C766605D.d.FF76A2C7D10A5DA680CE58BDA296F625.e.2991/click - {}
RESULT: {}
COMMAND: POST /session/5a60c8b5c70bea8172ebe4add6912aad/execute/async - {"script":"<script> [1562 bytes]","args":[{"selector":{"controlType":"sap.m.StandardListItem","viewName":"reusables.view.manageresources.NewResourceUnit","viewId":"application-manageresources-display-component---newResourceUnit","properties":{"title":"Piece"},"searchOpenDialogs":true,"interaction":{"idSuffix":"content"}},"wdio_ui5_key":"reusablesview.manageresources.NewResourceUnitsap.m.StandardListItem{\"title\":\"Piece\"}"}]}
COMMAND: GET /session/5a60c8b5c70bea8172ebe4add6912aad/screenshot - {}
RESULT: {"script":"<script> [1562 bytes]","args":[{"selector":{"controlType":"sap.m.StandardListItem","viewName":"reusables.view.manageresources.NewResourceUnit","viewId":"application-manageresources-display-component---newResourceUnit","properties":{"title":"Piece"},"searchOpenDialogs":true,"interaction":{"idSuffix":"content"}},"wdio_ui5_key":"reusablesview.manageresources.NewResourceUnitsap.m.StandardListItem{\"title\":\"Piece\"}"}]}
RESULT: undefined
COMMAND: POST /session/5a60c8b5c70bea8172ebe4add6912aad/element - {"using":"xpath","value":"//*[@id=\"__item1199\"]"}
RESULT: {}
RESULT: {"using":"xpath","value":"//*[@id=\"__item1199\"]"}
COMMAND: POST /session/5a60c8b5c70bea8172ebe4add6912aad/element/f.6B59548A06B598AB2C6AF1A2C766605D.d.FF76A2C7D10A5DA680CE58BDA296F625.e.2993/click - {}
RESULT: {}
COMMAND: POST /session/5a60c8b5c70bea8172ebe4add6912aad/execute/async - {"script":"<script> [1562 bytes]","args":[{"selector":{"id":"application-manageresources-display-component---newResourceUnit--WEIGHT_UNIT-arrow"},"wdio_ui5_key":"applicationmanageresources-display-component---newResourceUnit--WEIGHT_UNIT-arrow"}]}
COMMAND: GET /session/5a60c8b5c70bea8172ebe4add6912aad/screenshot - {}
RESULT: {"script":"<script> [1562 bytes]","args":[{"selector":{"id":"application-manageresources-display-component---newResourceUnit--WEIGHT_UNIT-arrow"},"wdio_ui5_key":"applicationmanageresources-display-component---newResourceUnit--WEIGHT_UNIT-arrow"}]}
RESULT: undefined
COMMAND: POST /session/5a60c8b5c70bea8172ebe4add6912aad/element - {"using":"xpath","value":"//*[@id=\"application-manageresources-display-component---newResourceUnit--WEIGHT_UNIT-arrow\"]"}
RESULT: {}
RESULT: {"using":"xpath","value":"//*[@id=\"application-manageresources-display-component---newResourceUnit--WEIGHT_UNIT-arrow\"]"}
COMMAND: POST /session/5a60c8b5c70bea8172ebe4add6912aad/element/f.6B59548A06B598AB2C6AF1A2C766605D.d.FF76A2C7D10A5DA680CE58BDA296F625.e.2994/click - {}
RESULT: {}
COMMAND: POST /session/5a60c8b5c70bea8172ebe4add6912aad/execute/async - {"script":"<script> [1562 bytes]","args":[{"selector":{"controlType":"sap.m.StandardListItem","viewName":"reusables.view.manageresources.NewResourceUnit","viewId":"application-manageresources-display-component---newResourceUnit","properties":{"title":"Gram"},"searchOpenDialogs":true,"interaction":{"idSuffix":"content"}},"wdio_ui5_key":"reusablesview.manageresources.NewResourceUnitsap.m.StandardListItem{\"title\":\"Gram\"}"}]}
COMMAND: GET /session/5a60c8b5c70bea8172ebe4add6912aad/screenshot - {}
RESULT: {"script":"<script> [1562 bytes]","args":[{"selector":{"controlType":"sap.m.StandardListItem","viewName":"reusables.view.manageresources.NewResourceUnit","viewId":"application-manageresources-display-component---newResourceUnit","properties":{"title":"Gram"},"searchOpenDialogs":true,"interaction":{"idSuffix":"content"}},"wdio_ui5_key":"reusablesview.manageresources.NewResourceUnitsap.m.StandardListItem{\"title\":\"Gram\"}"}]}
RESULT: undefined
COMMAND: POST /session/5a60c8b5c70bea8172ebe4add6912aad/element - {"using":"xpath","value":"//*[@id=\"__item1264\"]"}
RESULT: {}
RESULT: {"using":"xpath","value":"//*[@id=\"__item1264\"]"}
COMMAND: POST /session/5a60c8b5c70bea8172ebe4add6912aad/element/f.6B59548A06B598AB2C6AF1A2C766605D.d.FF76A2C7D10A5DA680CE58BDA296F625.e.2996/click - {}
RESULT: {}
COMMAND: POST /session/5a60c8b5c70bea8172ebe4add6912aad/element - {"using":"xpath","value":"//bdi[text()='Reference']"}
COMMAND: GET /session/5a60c8b5c70bea8172ebe4add6912aad/screenshot - {}
RESULT: {"using":"xpath","value":"//bdi[text()='Reference']"}
COMMAND: GET /session/5a60c8b5c70bea8172ebe4add6912aad/element/f.6B59548A06B598AB2C6AF1A2C766605D.d.FF76A2C7D10A5DA680CE58BDA296F625.e.2997/enabled - {}
RESULT: {}
RESULT: {}
COMMAND: POST /session/5a60c8b5c70bea8172ebe4add6912aad/execute/sync - {"script":"<script> [8489 bytes]","args":[{"element-6066-11e4-a52e-4f735466cecf":"f.6B59548A06B598AB2C6AF1A2C766605D.d.FF76A2C7D10A5DA680CE58BDA296F625.e.2997","ELEMENT":"f.6B59548A06B598AB2C6AF1A2C766605D.d.FF76A2C7D10A5DA680CE58BDA296F625.e.2997"}]}
COMMAND: GET /session/5a60c8b5c70bea8172ebe4add6912aad/screenshot - {}
RESULT: {"script":"<script> [8489 bytes]","args":[{"element-6066-11e4-a52e-4f735466cecf":"f.6B59548A06B598AB2C6AF1A2C766605D.d.FF76A2C7D10A5DA680CE58BDA296F625.e.2997","ELEMENT":"f.6B59548A06B598AB2C6AF1A2C766605D.d.FF76A2C7D10A5DA680CE58BDA296F625.e.2997"}]}
COMMAND: POST /session/5a60c8b5c70bea8172ebe4add6912aad/execute/sync - {"script":"<script> [5351 bytes]","args":[{"element-6066-11e4-a52e-4f735466cecf":"f.6B59548A06B598AB2C6AF1A2C766605D.d.FF76A2C7D10A5DA680CE58BDA296F625.e.2997","ELEMENT":"f.6B59548A06B598AB2C6AF1A2C766605D.d.FF76A2C7D10A5DA680CE58BDA296F625.e.2997"}]}
COMMAND: GET /session/5a60c8b5c70bea8172ebe4add6912aad/screenshot - {}
RESULT: {}
RESULT: {"script":"<script> [5351 bytes]","args":[{"element-6066-11e4-a52e-4f735466cecf":"f.6B59548A06B598AB2C6AF1A2C766605D.d.FF76A2C7D10A5DA680CE58BDA296F625.e.2997","ELEMENT":"f.6B59548A06B598AB2C6AF1A2C766605D.d.FF76A2C7D10A5DA680CE58BDA296F625.e.2997"}]}
COMMAND: POST /session/5a60c8b5c70bea8172ebe4add6912aad/element/f.6B59548A06B598AB2C6AF1A2C766605D.d.FF76A2C7D10A5DA680CE58BDA296F625.e.2997/click - {}
COMMAND: GET /session/5a60c8b5c70bea8172ebe4add6912aad/screenshot - {}
RESULT: {}
RESULT: {}
COMMAND: POST /session/5a60c8b5c70bea8172ebe4add6912aad/element - {"using":"xpath","value":"//bdi[text()='General Information']"}
COMMAND: GET /session/5a60c8b5c70bea8172ebe4add6912aad/screenshot - {}
RESULT: {}
RESULT: {"using":"xpath","value":"//bdi[text()='General Information']"}
COMMAND: GET /session/5a60c8b5c70bea8172ebe4add6912aad/element/f.6B59548A06B598AB2C6AF1A2C766605D.d.FF76A2C7D10A5DA680CE58BDA296F625.e.3002/enabled - {}
RESULT: {}
RESULT: {}
COMMAND: POST /session/5a60c8b5c70bea8172ebe4add6912aad/execute/sync - {"script":"<script> [8489 bytes]","args":[{"element-6066-11e4-a52e-4f735466cecf":"f.6B59548A06B598AB2C6AF1A2C766605D.d.FF76A2C7D10A5DA680CE58BDA296F625.e.3002","ELEMENT":"f.6B59548A06B598AB2C6AF1A2C766605D.d.FF76A2C7D10A5DA680CE58BDA296F625.e.3002"}]}
COMMAND: GET /session/5a60c8b5c70bea8172ebe4add6912aad/screenshot - {}
RESULT: {"script":"<script> [8489 bytes]","args":[{"element-6066-11e4-a52e-4f735466cecf":"f.6B59548A06B598AB2C6AF1A2C766605D.d.FF76A2C7D10A5DA680CE58BDA296F625.e.3002","ELEMENT":"f.6B59548A06B598AB2C6AF1A2C766605D.d.FF76A2C7D10A5DA680CE58BDA296F625.e.3002"}]}
COMMAND: POST /session/5a60c8b5c70bea8172ebe4add6912aad/execute/sync - {"script":"<script> [5351 bytes]","args":[{"element-6066-11e4-a52e-4f735466cecf":"f.6B59548A06B598AB2C6AF1A2C766605D.d.FF76A2C7D10A5DA680CE58BDA296F625.e.3002","ELEMENT":"f.6B59548A06B598AB2C6AF1A2C766605D.d.FF76A2C7D10A5DA680CE58BDA296F625.e.3002"}]}
COMMAND: GET /session/5a60c8b5c70bea8172ebe4add6912aad/screenshot - {}
RESULT: {}
RESULT: {"script":"<script> [5351 bytes]","args":[{"element-6066-11e4-a52e-4f735466cecf":"f.6B59548A06B598AB2C6AF1A2C766605D.d.FF76A2C7D10A5DA680CE58BDA296F625.e.3002","ELEMENT":"f.6B59548A06B598AB2C6AF1A2C766605D.d.FF76A2C7D10A5DA680CE58BDA296F625.e.3002"}]}
COMMAND: POST /session/5a60c8b5c70bea8172ebe4add6912aad/element/f.6B59548A06B598AB2C6AF1A2C766605D.d.FF76A2C7D10A5DA680CE58BDA296F625.e.3002/click - {}
COMMAND: GET /session/5a60c8b5c70bea8172ebe4add6912aad/screenshot - {}
RESULT: {}
RESULT: {}
COMMAND: POST /session/5a60c8b5c70bea8172ebe4add6912aad/execute/async - {"script":"<script> [1562 bytes]","args":[{"selector":{"id":"application-manageresources-display-component---newResourceUnit--DIMENSION_UNIT-arrow"},"wdio_ui5_key":"applicationmanageresources-display-component---newResourceUnit--DIMENSION_UNIT-arrow"}]}
COMMAND: GET /session/5a60c8b5c70bea8172ebe4add6912aad/screenshot - {}
RESULT: {}
RESULT: {"script":"<script> [1562 bytes]","args":[{"selector":{"id":"application-manageresources-display-component---newResourceUnit--DIMENSION_UNIT-arrow"},"wdio_ui5_key":"applicationmanageresources-display-component---newResourceUnit--DIMENSION_UNIT-arrow"}]}
RESULT: undefined
COMMAND: POST /session/5a60c8b5c70bea8172ebe4add6912aad/element - {"using":"xpath","value":"//*[@id=\"application-manageresources-display-component---newResourceUnit--DIMENSION_UNIT-arrow\"]"}
RESULT: {}
RESULT: {"using":"xpath","value":"//*[@id=\"application-manageresources-display-component---newResourceUnit--DIMENSION_UNIT-arrow\"]"}
COMMAND: POST /session/5a60c8b5c70bea8172ebe4add6912aad/element/f.6B59548A06B598AB2C6AF1A2C766605D.d.FF76A2C7D10A5DA680CE58BDA296F625.e.3004/click - {}
RESULT: {}
COMMAND: GET /session/5a60c8b5c70bea8172ebe4add6912aad/screenshot - {}
RESULT: {}
COMMAND: POST /session/5a60c8b5c70bea8172ebe4add6912aad/execute/async - {"script":"<script> [1562 bytes]","args":[{"selector":{"controlType":"sap.m.StandardListItem","viewName":"reusables.view.manageresources.NewResourceUnit","viewId":"application-manageresources-display-component---newResourceUnit","properties":{"title":"Centimeter"},"searchOpenDialogs":true,"interaction":{"idSuffix":"titleText"}},"wdio_ui5_key":"reusablesview.manageresources.NewResourceUnitsap.m.StandardListItem{\"title\":\"Centimeter\"}"}]}
RESULT: {"script":"<script> [1562 bytes]","args":[{"selector":{"controlType":"sap.m.StandardListItem","viewName":"reusables.view.manageresources.NewResourceUnit","viewId":"application-manageresources-display-component---newResourceUnit","properties":{"title":"Centimeter"},"searchOpenDialogs":true,"interaction":{"idSuffix":"titleText"}},"wdio_ui5_key":"reusablesview.manageresources.NewResourceUnitsap.m.StandardListItem{\"title\":\"Centimeter\"}"}]}
RESULT: undefined
COMMAND: POST /session/5a60c8b5c70bea8172ebe4add6912aad/element - {"using":"xpath","value":"//*[@id=\"__item1267\"]"}
RESULT: {"using":"xpath","value":"//*[@id=\"__item1267\"]"}
COMMAND: POST /session/5a60c8b5c70bea8172ebe4add6912aad/element/f.6B59548A06B598AB2C6AF1A2C766605D.d.FF76A2C7D10A5DA680CE58BDA296F625.e.3006/click - {}
RESULT: {}
COMMAND: POST /session/5a60c8b5c70bea8172ebe4add6912aad/execute/async - {"script":"<script> [1562 bytes]","args":[{"selector":{"id":"application-manageresources-display-component---newResourceUnit--newRRUPage-anchBar-application-manageresources-display-component---newResourceUnit--reference-anchor","interaction":{"idSuffix":"BDI-content"}},"wdio_ui5_key":"applicationmanageresources-display-component---newResourceUnit--newRRUPage-anchBar-application-manageresources-display-component---newResourceUnit--reference-anchor"}]}
COMMAND: GET /session/5a60c8b5c70bea8172ebe4add6912aad/screenshot - {}
RESULT: {"script":"<script> [1562 bytes]","args":[{"selector":{"id":"application-manageresources-display-component---newResourceUnit--newRRUPage-anchBar-application-manageresources-display-component---newResourceUnit--reference-anchor","interaction":{"idSuffix":"BDI-content"}},"wdio_ui5_key":"applicationmanageresources-display-component---newResourceUnit--newRRUPage-anchBar-application-manageresources-display-component---newResourceUnit--reference-anchor"}]}
RESULT: undefined
COMMAND: POST /session/5a60c8b5c70bea8172ebe4add6912aad/element - {"using":"xpath","value":"//*[@id=\"application-manageresources-display-component---newResourceUnit--newRRUPage-anchBar-application-manageresources-display-component---newResourceUnit--reference-anchor\"]"}
RESULT: {}
RESULT: {"using":"xpath","value":"//*[@id=\"application-manageresources-display-component---newResourceUnit--newRRUPage-anchBar-application-manageresources-display-component---newResourceUnit--reference-anchor\"]"}
COMMAND: POST /session/5a60c8b5c70bea8172ebe4add6912aad/element/f.6B59548A06B598AB2C6AF1A2C766605D.d.FF76A2C7D10A5DA680CE58BDA296F625.e.2998/click - {}
RESULT: {}
COMMAND: POST /session/5a60c8b5c70bea8172ebe4add6912aad/execute/async - {"script":"<script> [1562 bytes]","args":[{"selector":{"id":"application-manageresources-display-component---newResourceUnit--PLANNING_GROUP-arrow"},"wdio_ui5_key":"applicationmanageresources-display-component---newResourceUnit--PLANNING_GROUP-arrow"}]}
COMMAND: GET /session/5a60c8b5c70bea8172ebe4add6912aad/screenshot - {}
RESULT: {"script":"<script> [1562 bytes]","args":[{"selector":{"id":"application-manageresources-display-component---newResourceUnit--PLANNING_GROUP-arrow"},"wdio_ui5_key":"applicationmanageresources-display-component---newResourceUnit--PLANNING_GROUP-arrow"}]}
RESULT: undefined
COMMAND: POST /session/5a60c8b5c70bea8172ebe4add6912aad/element - {"using":"xpath","value":"//*[@id=\"application-manageresources-display-component---newResourceUnit--PLANNING_GROUP-arrow\"]"}
RESULT: {}
RESULT: {"using":"xpath","value":"//*[@id=\"application-manageresources-display-component---newResourceUnit--PLANNING_GROUP-arrow\"]"}
COMMAND: POST /session/5a60c8b5c70bea8172ebe4add6912aad/element/f.6B59548A06B598AB2C6AF1A2C766605D.d.FF76A2C7D10A5DA680CE58BDA296F625.e.3007/click - {}
RESULT: {}
COMMAND: POST /session/5a60c8b5c70bea8172ebe4add6912aad/execute/async - {"script":"<script> [1562 bytes]","args":[{"selector":{"controlType":"sap.m.StandardListItem","viewName":"reusables.view.manageresources.NewResourceUnit","viewId":"application-manageresources-display-component---newResourceUnit","properties":{"title":"Heavy Equi"},"searchOpenDialogs":true,"interaction":{"idSuffix":"content"}},"wdio_ui5_key":"reusablesview.manageresources.NewResourceUnitsap.m.StandardListItem{\"title\":\"Heavy Equi\"}"}]}
COMMAND: GET /session/5a60c8b5c70bea8172ebe4add6912aad/screenshot - {}
RESULT: {"script":"<script> [1562 bytes]","args":[{"selector":{"controlType":"sap.m.StandardListItem","viewName":"reusables.view.manageresources.NewResourceUnit","viewId":"application-manageresources-display-component---newResourceUnit","properties":{"title":"Heavy Equi"},"searchOpenDialogs":true,"interaction":{"idSuffix":"content"}},"wdio_ui5_key":"reusablesview.manageresources.NewResourceUnitsap.m.StandardListItem{\"title\":\"Heavy Equi\"}"}]}
RESULT: undefined
COMMAND: POST /session/5a60c8b5c70bea8172ebe4add6912aad/element - {"using":"xpath","value":"//*[@id=\"__item1275\"]"}
RESULT: {}
RESULT: {"using":"xpath","value":"//*[@id=\"__item1275\"]"}
COMMAND: POST /session/5a60c8b5c70bea8172ebe4add6912aad/element/f.6B59548A06B598AB2C6AF1A2C766605D.d.FF76A2C7D10A5DA680CE58BDA296F625.e.3009/click - {}
RESULT: {}
COMMAND: GET /session/5a60c8b5c70bea8172ebe4add6912aad/screenshot - {}
RESULT: {}
COMMAND: POST /session/5a60c8b5c70bea8172ebe4add6912aad/execute/async - {"script":"<script> [1562 bytes]","args":[{"selector":{"id":"application-manageresources-display-component---newResourceUnit--PLANNING_INDICATOR-arrow"},"wdio_ui5_key":"applicationmanageresources-display-component---newResourceUnit--PLANNING_INDICATOR-arrow"}]}
RESULT: {"script":"<script> [1562 bytes]","args":[{"selector":{"id":"application-manageresources-display-component---newResourceUnit--PLANNING_INDICATOR-arrow"},"wdio_ui5_key":"applicationmanageresources-display-component---newResourceUnit--PLANNING_INDICATOR-arrow"}]}
RESULT: undefined
COMMAND: POST /session/5a60c8b5c70bea8172ebe4add6912aad/element - {"using":"xpath","value":"//*[@id=\"application-manageresources-display-component---newResourceUnit--PLANNING_INDICATOR-arrow\"]"}
RESULT: {"using":"xpath","value":"//*[@id=\"application-manageresources-display-component---newResourceUnit--PLANNING_INDICATOR-arrow\"]"}
COMMAND: POST /session/5a60c8b5c70bea8172ebe4add6912aad/element/f.6B59548A06B598AB2C6AF1A2C766605D.d.FF76A2C7D10A5DA680CE58BDA296F625.e.3010/click - {}
RESULT: {}
COMMAND: POST /session/5a60c8b5c70bea8172ebe4add6912aad/execute/async - {"script":"<script> [1562 bytes]","args":[{"selector":{"controlType":"sap.m.StandardListItem","viewName":"reusables.view.manageresources.NewResourceUnit","viewId":"application-manageresources-display-component---newResourceUnit","properties":{"title":"10 - infinite"},"searchOpenDialogs":true,"interaction":{"idSuffix":"content"}},"wdio_ui5_key":"reusablesview.manageresources.NewResourceUnitsap.m.StandardListItem{\"title\":\"10 - infinite\"}"}]}
COMMAND: GET /session/5a60c8b5c70bea8172ebe4add6912aad/screenshot - {}
RESULT: {"script":"<script> [1562 bytes]","args":[{"selector":{"controlType":"sap.m.StandardListItem","viewName":"reusables.view.manageresources.NewResourceUnit","viewId":"application-manageresources-display-component---newResourceUnit","properties":{"title":"10 - infinite"},"searchOpenDialogs":true,"interaction":{"idSuffix":"content"}},"wdio_ui5_key":"reusablesview.manageresources.NewResourceUnitsap.m.StandardListItem{\"title\":\"10 - infinite\"}"}]}
RESULT: undefined
COMMAND: POST /session/5a60c8b5c70bea8172ebe4add6912aad/element - {"using":"xpath","value":"//*[@id=\"__item1285\"]"}
RESULT: {}
RESULT: {"using":"xpath","value":"//*[@id=\"__item1285\"]"}
COMMAND: POST /session/5a60c8b5c70bea8172ebe4add6912aad/element/f.6B59548A06B598AB2C6AF1A2C766605D.d.FF76A2C7D10A5DA680CE58BDA296F625.e.3012/click - {}
RESULT: {}
COMMAND: GET /session/5a60c8b5c70bea8172ebe4add6912aad/screenshot - {}
RESULT: {}
COMMAND: POST /session/5a60c8b5c70bea8172ebe4add6912aad/element - {"using":"xpath","value":"//bdi[contains(text(), \"Time Segment\")]"}
RESULT: {"using":"xpath","value":"//bdi[contains(text(), \"Time Segment\")]"}
COMMAND: GET /session/5a60c8b5c70bea8172ebe4add6912aad/element/f.6B59548A06B598AB2C6AF1A2C766605D.d.FF76A2C7D10A5DA680CE58BDA296F625.e.3013/rect - {}
RESULT: {}
COMMAND: GET /session/5a60c8b5c70bea8172ebe4add6912aad/window/rect - {}
RESULT: {}
COMMAND: POST /session/5a60c8b5c70bea8172ebe4add6912aad/execute/sync - {"script":"<script> [92 bytes]","args":[]}
RESULT: {"script":"<script> [92 bytes]","args":[]}
COMMAND: POST /session/5a60c8b5c70bea8172ebe4add6912aad/actions - {"actions":[{"id":"action13","type":"wheel","parameters":{},"actions":[{"type":"scroll","x":-1804,"y":-21,"deltaX":0,"deltaY":0,"duration":0,"origin":{"element-6066-11e4-a52e-4f735466cecf":"f.6B59548A06B598AB2C6AF1A2C766605D.d.FF76A2C7D10A5DA680CE58BDA296F625.e.3013"}}]}]}
COMMAND: GET /session/5a60c8b5c70bea8172ebe4add6912aad/screenshot - {}
RESULT: {}
COMMAND: POST /session/5a60c8b5c70bea8172ebe4add6912aad/execute/sync - {"script":"<script> [79 bytes]","args":[{"element-6066-11e4-a52e-4f735466cecf":"f.6B59548A06B598AB2C6AF1A2C766605D.d.FF76A2C7D10A5DA680CE58BDA296F625.e.3013","ELEMENT":"f.6B59548A06B598AB2C6AF1A2C766605D.d.FF76A2C7D10A5DA680CE58BDA296F625.e.3013"},{"block":"start","inline":"nearest"}]}
RESULT: {"script":"<script> [79 bytes]","args":[{"element-6066-11e4-a52e-4f735466cecf":"f.6B59548A06B598AB2C6AF1A2C766605D.d.FF76A2C7D10A5DA680CE58BDA296F625.e.3013","ELEMENT":"f.6B59548A06B598AB2C6AF1A2C766605D.d.FF76A2C7D10A5DA680CE58BDA296F625.e.3013"},{"block":"start","inline":"nearest"}]}
COMMAND: GET /session/5a60c8b5c70bea8172ebe4add6912aad/screenshot - {}
RESULT: {}
COMMAND: POST /session/5a60c8b5c70bea8172ebe4add6912aad/element - {"using":"xpath","value":"//span[@id=\"application-manageresources-display-component---newResourceUnit--btnAddTimeSegment-img\"]"}
RESULT: {"using":"xpath","value":"//span[@id=\"application-manageresources-display-component---newResourceUnit--btnAddTimeSegment-img\"]"}
COMMAND: POST /session/5a60c8b5c70bea8172ebe4add6912aad/execute/sync - {"script":"<script> [8489 bytes]","args":[{"element-6066-11e4-a52e-4f735466cecf":"f.6B59548A06B598AB2C6AF1A2C766605D.d.FF76A2C7D10A5DA680CE58BDA296F625.e.3016","ELEMENT":"f.6B59548A06B598AB2C6AF1A2C766605D.d.FF76A2C7D10A5DA680CE58BDA296F625.e.3016"}]}
RESULT: {"script":"<script> [8489 bytes]","args":[{"element-6066-11e4-a52e-4f735466cecf":"f.6B59548A06B598AB2C6AF1A2C766605D.d.FF76A2C7D10A5DA680CE58BDA296F625.e.3016","ELEMENT":"f.6B59548A06B598AB2C6AF1A2C766605D.d.FF76A2C7D10A5DA680CE58BDA296F625.e.3016"}]}
COMMAND: POST /session/5a60c8b5c70bea8172ebe4add6912aad/element/f.6B59548A06B598AB2C6AF1A2C766605D.d.FF76A2C7D10A5DA680CE58BDA296F625.e.3016/click - {}
COMMAND: GET /session/5a60c8b5c70bea8172ebe4add6912aad/screenshot - {}
RESULT: {}
COMMAND: GET /session/5a60c8b5c70bea8172ebe4add6912aad/screenshot - {}
COMMAND: POST /session/5a60c8b5c70bea8172ebe4add6912aad/element - {"using":"xpath","value":"//input[@id=\"application-manageresources-display-component---newResourceUnit--idRuTSAdmin-application-manageresources-display-component---newResourceUnit--RUTimeSegment-0-inner\"]"}
RESULT: {}
RESULT: {}
RESULT: {"using":"xpath","value":"//input[@id=\"application-manageresources-display-component---newResourceUnit--idRuTSAdmin-application-manageresources-display-component---newResourceUnit--RUTimeSegment-0-inner\"]"}
COMMAND: POST /session/5a60c8b5c70bea8172ebe4add6912aad/element/f.6B59548A06B598AB2C6AF1A2C766605D.d.FF76A2C7D10A5DA680CE58BDA296F625.e.3019/clear - {}
RESULT: {}
COMMAND: POST /session/5a60c8b5c70bea8172ebe4add6912aad/element/f.6B59548A06B598AB2C6AF1A2C766605D.d.FF76A2C7D10A5DA680CE58BDA296F625.e.3019/value - {"text":"662"}
COMMAND: GET /session/5a60c8b5c70bea8172ebe4add6912aad/screenshot - {}
RESULT: {"text":"662"}
COMMAND: GET /session/5a60c8b5c70bea8172ebe4add6912aad/screenshot - {}
RESULT: {}
RESULT: {}
COMMAND: POST /session/5a60c8b5c70bea8172ebe4add6912aad/actions - {"actions":[{"id":"action14","type":"key","parameters":{},"actions":[{"type":"keyDown","value":"î€‡"},{"type":"pause","duration":10},{"type":"keyUp","value":"î€‡"}]}]}
RESULT: {"actions":[{"id":"action14","type":"key","parameters":{},"actions":[{"type":"keyDown","value":"î€‡"},{"type":"pause","duration":10},{"type":"keyUp","value":"î€‡"}]}]}
COMMAND: POST /session/5a60c8b5c70bea8172ebe4add6912aad/execute/async - {"script":"<script> [1562 bytes]","args":[{"selector":{"controlType":"sap.m.Button","viewName":"reusables.view.manageresources.NewResourceUnit","viewId":"application-manageresources-display-component---newResourceUnit","i18NText":{"propertyName":"tooltip","key":"save"},"interaction":{"idSuffix":"BDI-content"}},"wdio_ui5_key":"reusablesview.manageresources.NewResourceUnitsap.m.Button{\"propertyName\":\"tooltip\",\"key\":\"save\"}"}]}
COMMAND: GET /session/5a60c8b5c70bea8172ebe4add6912aad/screenshot - {}
RESULT: {"script":"<script> [1562 bytes]","args":[{"selector":{"controlType":"sap.m.Button","viewName":"reusables.view.manageresources.NewResourceUnit","viewId":"application-manageresources-display-component---newResourceUnit","i18NText":{"propertyName":"tooltip","key":"save"},"interaction":{"idSuffix":"BDI-content"}},"wdio_ui5_key":"reusablesview.manageresources.NewResourceUnitsap.m.Button{\"propertyName\":\"tooltip\",\"key\":\"save\"}"}]}
RESULT: undefined
COMMAND: POST /session/5a60c8b5c70bea8172ebe4add6912aad/element - {"using":"xpath","value":"//*[@id=\"application-manageresources-display-component---newResourceUnit--createRuButton\"]"}
RESULT: {}
RESULT: {"using":"xpath","value":"//*[@id=\"application-manageresources-display-component---newResourceUnit--createRuButton\"]"}
COMMAND: POST /session/5a60c8b5c70bea8172ebe4add6912aad/element/f.6B59548A06B598AB2C6AF1A2C766605D.d.FF76A2C7D10A5DA680CE58BDA296F625.e.2944/click - {}
RESULT: {}
COMMAND: GET /session/5a60c8b5c70bea8172ebe4add6912aad/screenshot - {}
RESULT: {}
COMMAND: POST /session/5a60c8b5c70bea8172ebe4add6912aad/execute/async - {"script":"<script> [1562 bytes]","args":[{"selector":{"controlType":"sap.m.Title","properties":{"text":"Success"},"searchOpenDialogs":true},"wdio_ui5_key":"sapm.Title{\"text\":\"Success\"}"}]}
RESULT: {"script":"<script> [1562 bytes]","args":[{"selector":{"controlType":"sap.m.Title","properties":{"text":"Success"},"searchOpenDialogs":true},"wdio_ui5_key":"sapm.Title{\"text\":\"Success\"}"}]}
RESULT: undefined
COMMAND: POST /session/5a60c8b5c70bea8172ebe4add6912aad/execute/async - {"script":"<script> [6424 bytes]","args":[{"element-6066-11e4-a52e-4f735466cecf":"f.6B59548A06B598AB2C6AF1A2C766605D.d.FF76A2C7D10A5DA680CE58BDA296F625.e.3033"},"getText",[]]}
RESULT: {"script":"<script> [6424 bytes]","args":[{"element-6066-11e4-a52e-4f735466cecf":"f.6B59548A06B598AB2C6AF1A2C766605D.d.FF76A2C7D10A5DA680CE58BDA296F625.e.3033"},"getText",[]]}
COMMAND: POST /session/5a60c8b5c70bea8172ebe4add6912aad/element - {"using":"xpath","value":"//*[contains(@id, '__text') and (contains(text(), 'successfully created') or contains(., 'successfully created'))]"}
RESULT: {"using":"xpath","value":"//*[contains(@id, '__text') and (contains(text(), 'successfully created') or contains(., 'successfully created'))]"}
COMMAND: GET /session/5a60c8b5c70bea8172ebe4add6912aad/element/f.6B59548A06B598AB2C6AF1A2C766605D.d.FF76A2C7D10A5DA680CE58BDA296F625.e.3032/text - {}
RESULT: {}
COMMAND: POST /session/5a60c8b5c70bea8172ebe4add6912aad/execute/async - {"script":"<script> [1562 bytes]","args":[{"selector":{"controlType":"sap.m.Button","properties":{"text":"Close"},"searchOpenDialogs":true,"interaction":{"idSuffix":"BDI-content"}},"wdio_ui5_key":"sapm.Button{\"text\":\"Close\"}"}]}
RESULT: {"script":"<script> [1562 bytes]","args":[{"selector":{"controlType":"sap.m.Button","properties":{"text":"Close"},"searchOpenDialogs":true,"interaction":{"idSuffix":"BDI-content"}},"wdio_ui5_key":"sapm.Button{\"text\":\"Close\"}"}]}
RESULT: undefined
COMMAND: POST /session/5a60c8b5c70bea8172ebe4add6912aad/element - {"using":"xpath","value":"//*[@id=\"__mbox-btn-0\"]"}
RESULT: {"using":"xpath","value":"//*[@id=\"__mbox-btn-0\"]"}
COMMAND: POST /session/5a60c8b5c70bea8172ebe4add6912aad/element/f.6B59548A06B598AB2C6AF1A2C766605D.d.FF76A2C7D10A5DA680CE58BDA296F625.e.3029/click - {}
RESULT: {}
COMMAND: GET /session/5a60c8b5c70bea8172ebe4add6912aad/screenshot - {}
RESULT: {}
COMMAND: POST /session/5a60c8b5c70bea8172ebe4add6912aad/execute/async - {"script":"<script> [1562 bytes]","args":[{"selector":{"controlType":"sap.ui.core.Icon","viewName":"etm.portal.ui.manageresources.view.Detail","viewId":"application-manageresources-display-component---detailRU","properties":{"src":{"regex":{"source":"overflow"}}}},"wdio_ui5_key":"etmportal.ui.manageresources.view.Detailsap.ui.core.Icon{\"src\":{\"regex\":{\"source\":\"overflow\"}}}"}]}
RESULT: {"script":"<script> [1562 bytes]","args":[{"selector":{"controlType":"sap.ui.core.Icon","viewName":"etm.portal.ui.manageresources.view.Detail","viewId":"application-manageresources-display-component---detailRU","properties":{"src":{"regex":{"source":"overflow"}}}},"wdio_ui5_key":"etmportal.ui.manageresources.view.Detailsap.ui.core.Icon{\"src\":{\"regex\":{\"source\":\"overflow\"}}}"}]}
RESULT: undefined
COMMAND: POST /session/5a60c8b5c70bea8172ebe4add6912aad/element - {"using":"xpath","value":"//*[@id=\"__title35-_actionsToolbar-overflowButton-img\"]"}
RESULT: {"using":"xpath","value":"//*[@id=\"__title35-_actionsToolbar-overflowButton-img\"]"}
COMMAND: POST /session/5a60c8b5c70bea8172ebe4add6912aad/element/f.6B59548A06B598AB2C6AF1A2C766605D.d.FF76A2C7D10A5DA680CE58BDA296F625.e.3065/click - {}
RESULT: {}
COMMAND: POST /session/5a60c8b5c70bea8172ebe4add6912aad/execute/async - {"script":"<script> [1562 bytes]","args":[{"selector":{"controlType":"sap.m.Button","viewName":"etm.portal.ui.manageresources.view.Detail","viewId":"application-manageresources-display-component---detailRU","i18NText":{"propertyName":"tooltip","key":"closeColumn"},"searchOpenDialogs":true,"interaction":{"idSuffix":"inner"}},"wdio_ui5_key":"etmportal.ui.manageresources.view.Detailsap.m.Button{\"propertyName\":\"tooltip\",\"key\":\"closeColumn\"}"}]}
COMMAND: GET /session/5a60c8b5c70bea8172ebe4add6912aad/screenshot - {}
RESULT: {"script":"<script> [1562 bytes]","args":[{"selector":{"controlType":"sap.m.Button","viewName":"etm.portal.ui.manageresources.view.Detail","viewId":"application-manageresources-display-component---detailRU","i18NText":{"propertyName":"tooltip","key":"closeColumn"},"searchOpenDialogs":true,"interaction":{"idSuffix":"inner"}},"wdio_ui5_key":"etmportal.ui.manageresources.view.Detailsap.m.Button{\"propertyName\":\"tooltip\",\"key\":\"closeColumn\"}"}]}
RESULT: undefined
COMMAND: POST /session/5a60c8b5c70bea8172ebe4add6912aad/element - {"using":"xpath","value":"//*[@id=\"__button146\"]"}
RESULT: {}
RESULT: {"using":"xpath","value":"//*[@id=\"__button146\"]"}
COMMAND: POST /session/5a60c8b5c70bea8172ebe4add6912aad/element/f.6B59548A06B598AB2C6AF1A2C766605D.d.FF76A2C7D10A5DA680CE58BDA296F625.e.3069/click - {}
RESULT: {}
COMMAND: POST /session/5a60c8b5c70bea8172ebe4add6912aad/element - {"using":"css selector","value":"#shell-header-logo"}
COMMAND: GET /session/5a60c8b5c70bea8172ebe4add6912aad/screenshot - {}
RESULT: {"using":"css selector","value":"#shell-header-logo"}
COMMAND: POST /session/5a60c8b5c70bea8172ebe4add6912aad/element/f.6B59548A06B598AB2C6AF1A2C766605D.d.FF76A2C7D10A5DA680CE58BDA296F625.e.2523/click - {}
RESULT: {}
RESULT: {}
COMMAND: GET /session/5a60c8b5c70bea8172ebe4add6912aad/screenshot - {}
RESULT: {}
]]></system-out>
    </testcase>
    <testcase classname="chrome.135_0_7049_115.windows.Stock_increase_-_with_WHM_US125587" name="Bin Status Report Should Create New Organization yard" time="43.48">
      <system-out><![CDATA[
COMMAND: POST /session/5a60c8b5c70bea8172ebe4add6912aad/element - {"using":"xpath","value":"//div[text()='Warehouse']"}
RESULT: {"using":"xpath","value":"//div[text()='Warehouse']"}
COMMAND: POST /session/5a60c8b5c70bea8172ebe4add6912aad/elements - {"using":"xpath","value":"//div[text()='Warehouse']"}
RESULT: {"using":"xpath","value":"//div[text()='Warehouse']"}
COMMAND: POST /session/5a60c8b5c70bea8172ebe4add6912aad/element/f.6B59548A06B598AB2C6AF1A2C766605D.d.FF76A2C7D10A5DA680CE58BDA296F625.e.3262/click - {}
RESULT: {}
COMMAND: POST /session/5a60c8b5c70bea8172ebe4add6912aad/execute/async - {"script":"<script> [1562 bytes]","args":[{"selector":{"controlType":"sap.m.GenericTile","properties":{"header":"Bin Status Report"}},"wdio_ui5_key":"sapm.GenericTile{\"header\":\"Bin Status Report\"}"}]}
COMMAND: GET /session/5a60c8b5c70bea8172ebe4add6912aad/screenshot - {}
RESULT: {"script":"<script> [1562 bytes]","args":[{"selector":{"controlType":"sap.m.GenericTile","properties":{"header":"Bin Status Report"}},"wdio_ui5_key":"sapm.GenericTile{\"header\":\"Bin Status Report\"}"}]}
RESULT: undefined
COMMAND: POST /session/5a60c8b5c70bea8172ebe4add6912aad/element - {"using":"xpath","value":"//*[@id=\"__tile108\"]"}
RESULT: {}
RESULT: {"using":"xpath","value":"//*[@id=\"__tile108\"]"}
COMMAND: POST /session/5a60c8b5c70bea8172ebe4add6912aad/element/f.6B59548A06B598AB2C6AF1A2C766605D.d.FF76A2C7D10A5DA680CE58BDA296F625.e.3263/click - {}
RESULT: {}
COMMAND: GET /session/5a60c8b5c70bea8172ebe4add6912aad/screenshot - {}
RESULT: {}
COMMAND: POST /session/5a60c8b5c70bea8172ebe4add6912aad/element - {"using":"xpath","value":"//bdi[text()='Create New Organization']"}
RESULT: {"using":"xpath","value":"//bdi[text()='Create New Organization']"}
COMMAND: POST /session/5a60c8b5c70bea8172ebe4add6912aad/elements - {"using":"xpath","value":"//bdi[text()='Create New Organization']"}
RESULT: {"using":"xpath","value":"//bdi[text()='Create New Organization']"}
COMMAND: POST /session/5a60c8b5c70bea8172ebe4add6912aad/element/f.6B59548A06B598AB2C6AF1A2C766605D.d.FF76A2C7D10A5DA680CE58BDA296F625.e.3360/click - {}
RESULT: {}
COMMAND: POST /session/5a60c8b5c70bea8172ebe4add6912aad/execute/async - {"script":"<script> [1562 bytes]","args":[{"selector":{"id":"createOrganizationPop--sectionInput","searchOpenDialogs":true,"interaction":{"idSuffix":"inner"}},"wdio_ui5_key":"createOrganizationPopsectionInput"}]}
COMMAND: GET /session/5a60c8b5c70bea8172ebe4add6912aad/screenshot - {}
RESULT: {"script":"<script> [1562 bytes]","args":[{"selector":{"id":"createOrganizationPop--sectionInput","searchOpenDialogs":true,"interaction":{"idSuffix":"inner"}},"wdio_ui5_key":"createOrganizationPopsectionInput"}]}
RESULT: undefined
COMMAND: POST /session/5a60c8b5c70bea8172ebe4add6912aad/execute/async - {"script":"<script> [776 bytes]","args":[{"enterText":"WHIyemxq","selector":{"id":"createOrganizationPop--sectionInput","searchOpenDialogs":true,"interaction":{"idSuffix":"inner"}},"clearTextFirst":true,"interactionType":"ENTER_TEXT"}]}
RESULT: {}
RESULT: {"script":"<script> [776 bytes]","args":[{"enterText":"WHIyemxq","selector":{"id":"createOrganizationPop--sectionInput","searchOpenDialogs":true,"interaction":{"idSuffix":"inner"}},"clearTextFirst":true,"interactionType":"ENTER_TEXT"}]}
COMMAND: POST /session/5a60c8b5c70bea8172ebe4add6912aad/execute/async - {"script":"<script> [1562 bytes]","args":[{"selector":{"id":"createOrganizationPop--descriptionInput","searchOpenDialogs":true,"interaction":{"idSuffix":"inner"}},"wdio_ui5_key":"createOrganizationPopdescriptionInput"}]}
RESULT: {"script":"<script> [1562 bytes]","args":[{"selector":{"id":"createOrganizationPop--descriptionInput","searchOpenDialogs":true,"interaction":{"idSuffix":"inner"}},"wdio_ui5_key":"createOrganizationPopdescriptionInput"}]}
RESULT: undefined
COMMAND: POST /session/5a60c8b5c70bea8172ebe4add6912aad/execute/async - {"script":"<script> [776 bytes]","args":[{"enterText":"WHIyemxq","selector":{"id":"createOrganizationPop--descriptionInput","searchOpenDialogs":true,"interaction":{"idSuffix":"inner"}},"clearTextFirst":true,"interactionType":"ENTER_TEXT"}]}
RESULT: {"script":"<script> [776 bytes]","args":[{"enterText":"WHIyemxq","selector":{"id":"createOrganizationPop--descriptionInput","searchOpenDialogs":true,"interaction":{"idSuffix":"inner"}},"clearTextFirst":true,"interactionType":"ENTER_TEXT"}]}
COMMAND: POST /session/5a60c8b5c70bea8172ebe4add6912aad/element - {"using":"css selector","value":"#createOrganizationPop--yardOrg-inner"}
RESULT: {"using":"css selector","value":"#createOrganizationPop--yardOrg-inner"}
COMMAND: POST /session/5a60c8b5c70bea8172ebe4add6912aad/element/f.6B59548A06B598AB2C6AF1A2C766605D.d.FF76A2C7D10A5DA680CE58BDA296F625.e.3363/clear - {}
RESULT: {}
COMMAND: POST /session/5a60c8b5c70bea8172ebe4add6912aad/element/f.6B59548A06B598AB2C6AF1A2C766605D.d.FF76A2C7D10A5DA680CE58BDA296F625.e.3363/value - {"text":"662"}
COMMAND: GET /session/5a60c8b5c70bea8172ebe4add6912aad/screenshot - {}
RESULT: {"text":"662"}
COMMAND: GET /session/5a60c8b5c70bea8172ebe4add6912aad/screenshot - {}
RESULT: {}
RESULT: {}
COMMAND: POST /session/5a60c8b5c70bea8172ebe4add6912aad/actions - {"actions":[{"id":"action15","type":"key","parameters":{},"actions":[{"type":"keyDown","value":"î€‡"},{"type":"pause","duration":10},{"type":"keyUp","value":"î€‡"}]}]}
RESULT: {"actions":[{"id":"action15","type":"key","parameters":{},"actions":[{"type":"keyDown","value":"î€‡"},{"type":"pause","duration":10},{"type":"keyUp","value":"î€‡"}]}]}
COMMAND: POST /session/5a60c8b5c70bea8172ebe4add6912aad/execute/async - {"script":"<script> [1562 bytes]","args":[{"selector":{"id":"createOrganizationPop--grZone","searchOpenDialogs":true,"interaction":{"idSuffix":"CbBg"}},"wdio_ui5_key":"createOrganizationPopgrZone"}]}
COMMAND: GET /session/5a60c8b5c70bea8172ebe4add6912aad/screenshot - {}
RESULT: {"script":"<script> [1562 bytes]","args":[{"selector":{"id":"createOrganizationPop--grZone","searchOpenDialogs":true,"interaction":{"idSuffix":"CbBg"}},"wdio_ui5_key":"createOrganizationPopgrZone"}]}
RESULT: undefined
COMMAND: POST /session/5a60c8b5c70bea8172ebe4add6912aad/element - {"using":"xpath","value":"//*[@id=\"createOrganizationPop--grZone\"]"}
RESULT: {}
RESULT: {"using":"xpath","value":"//*[@id=\"createOrganizationPop--grZone\"]"}
COMMAND: POST /session/5a60c8b5c70bea8172ebe4add6912aad/element/f.6B59548A06B598AB2C6AF1A2C766605D.d.FF76A2C7D10A5DA680CE58BDA296F625.e.3384/click - {}
RESULT: {}
COMMAND: POST /session/5a60c8b5c70bea8172ebe4add6912aad/execute/async - {"script":"<script> [1562 bytes]","args":[{"selector":{"id":"createOrganizationPop--giZone","searchOpenDialogs":true,"interaction":{"idSuffix":"CbBg"}},"wdio_ui5_key":"createOrganizationPopgiZone"}]}
COMMAND: GET /session/5a60c8b5c70bea8172ebe4add6912aad/screenshot - {}
RESULT: {"script":"<script> [1562 bytes]","args":[{"selector":{"id":"createOrganizationPop--giZone","searchOpenDialogs":true,"interaction":{"idSuffix":"CbBg"}},"wdio_ui5_key":"createOrganizationPopgiZone"}]}
RESULT: undefined
COMMAND: POST /session/5a60c8b5c70bea8172ebe4add6912aad/element - {"using":"xpath","value":"//*[@id=\"createOrganizationPop--giZone\"]"}
RESULT: {}
RESULT: {"using":"xpath","value":"//*[@id=\"createOrganizationPop--giZone\"]"}
COMMAND: POST /session/5a60c8b5c70bea8172ebe4add6912aad/element/f.6B59548A06B598AB2C6AF1A2C766605D.d.FF76A2C7D10A5DA680CE58BDA296F625.e.3386/click - {}
RESULT: {}
COMMAND: POST /session/5a60c8b5c70bea8172ebe4add6912aad/execute/async - {"script":"<script> [1562 bytes]","args":[{"selector":{"id":"createOrganizationPop--binNoInput","searchOpenDialogs":true,"interaction":{"idSuffix":"inner"}},"wdio_ui5_key":"createOrganizationPopbinNoInput"}]}
COMMAND: GET /session/5a60c8b5c70bea8172ebe4add6912aad/screenshot - {}
RESULT: {"script":"<script> [1562 bytes]","args":[{"selector":{"id":"createOrganizationPop--binNoInput","searchOpenDialogs":true,"interaction":{"idSuffix":"inner"}},"wdio_ui5_key":"createOrganizationPopbinNoInput"}]}
RESULT: undefined
COMMAND: POST /session/5a60c8b5c70bea8172ebe4add6912aad/execute/async - {"script":"<script> [776 bytes]","args":[{"enterText":"Bin-Wd","selector":{"id":"createOrganizationPop--binNoInput","searchOpenDialogs":true,"interaction":{"idSuffix":"inner"}},"clearTextFirst":true,"interactionType":"ENTER_TEXT"}]}
RESULT: {}
RESULT: {"script":"<script> [776 bytes]","args":[{"enterText":"Bin-Wd","selector":{"id":"createOrganizationPop--binNoInput","searchOpenDialogs":true,"interaction":{"idSuffix":"inner"}},"clearTextFirst":true,"interactionType":"ENTER_TEXT"}]}
COMMAND: POST /session/5a60c8b5c70bea8172ebe4add6912aad/execute/async - {"script":"<script> [1562 bytes]","args":[{"selector":{"id":"createOrganizationPop--descriptionId","searchOpenDialogs":true,"interaction":{"idSuffix":"inner"}},"wdio_ui5_key":"createOrganizationPopdescriptionId"}]}
RESULT: {"script":"<script> [1562 bytes]","args":[{"selector":{"id":"createOrganizationPop--descriptionId","searchOpenDialogs":true,"interaction":{"idSuffix":"inner"}},"wdio_ui5_key":"createOrganizationPopdescriptionId"}]}
RESULT: undefined
COMMAND: POST /session/5a60c8b5c70bea8172ebe4add6912aad/execute/async - {"script":"<script> [776 bytes]","args":[{"enterText":"Shipping-Wd","selector":{"id":"createOrganizationPop--descriptionId","searchOpenDialogs":true,"interaction":{"idSuffix":"inner"}},"clearTextFirst":true,"interactionType":"ENTER_TEXT"}]}
RESULT: {"script":"<script> [776 bytes]","args":[{"enterText":"Shipping-Wd","selector":{"id":"createOrganizationPop--descriptionId","searchOpenDialogs":true,"interaction":{"idSuffix":"inner"}},"clearTextFirst":true,"interactionType":"ENTER_TEXT"}]}
COMMAND: POST /session/5a60c8b5c70bea8172ebe4add6912aad/execute/async - {"script":"<script> [1562 bytes]","args":[{"selector":{"controlType":"sap.m.CheckBox","viewName":"etm.portal.ui.binstatusreport.view.MasterWareBins","viewId":"application-binstatusreport-display-component---warehousing","bindingPath":{"path":"","propertyPath":"/ZONE","modelName":"newBin"},"searchOpenDialogs":true,"interaction":{"idSuffix":"CbBg"}},"wdio_ui5_key":"etmportal.ui.binstatusreport.view.MasterWareBinssap.m.CheckBox{\"path\":\"\",\"propertyPath\":\"/ZONE\",\"modelName\":\"newBin\"}"}]}
RESULT: {"script":"<script> [1562 bytes]","args":[{"selector":{"controlType":"sap.m.CheckBox","viewName":"etm.portal.ui.binstatusreport.view.MasterWareBins","viewId":"application-binstatusreport-display-component---warehousing","bindingPath":{"path":"","propertyPath":"/ZONE","modelName":"newBin"},"searchOpenDialogs":true,"interaction":{"idSuffix":"CbBg"}},"wdio_ui5_key":"etmportal.ui.binstatusreport.view.MasterWareBinssap.m.CheckBox{\"path\":\"\",\"propertyPath\":\"/ZONE\",\"modelName\":\"newBin\"}"}]}
RESULT: undefined
COMMAND: POST /session/5a60c8b5c70bea8172ebe4add6912aad/element - {"using":"xpath","value":"//*[@id=\"__box41\"]"}
RESULT: {"using":"xpath","value":"//*[@id=\"__box41\"]"}
COMMAND: POST /session/5a60c8b5c70bea8172ebe4add6912aad/element/f.6B59548A06B598AB2C6AF1A2C766605D.d.FF76A2C7D10A5DA680CE58BDA296F625.e.3390/click - {}
RESULT: {}
COMMAND: POST /session/5a60c8b5c70bea8172ebe4add6912aad/execute/async - {"script":"<script> [1562 bytes]","args":[{"selector":{"id":"createOrganizationPop--binTypesCB-arrow","searchOpenDialogs":true},"wdio_ui5_key":"createOrganizationPopbinTypesCB-arrow"}]}
COMMAND: GET /session/5a60c8b5c70bea8172ebe4add6912aad/screenshot - {}
RESULT: {"script":"<script> [1562 bytes]","args":[{"selector":{"id":"createOrganizationPop--binTypesCB-arrow","searchOpenDialogs":true},"wdio_ui5_key":"createOrganizationPopbinTypesCB-arrow"}]}
RESULT: undefined
COMMAND: POST /session/5a60c8b5c70bea8172ebe4add6912aad/element - {"using":"xpath","value":"//*[@id=\"createOrganizationPop--binTypesCB-arrow\"]"}
RESULT: {}
RESULT: {"using":"xpath","value":"//*[@id=\"createOrganizationPop--binTypesCB-arrow\"]"}
COMMAND: POST /session/5a60c8b5c70bea8172ebe4add6912aad/element/f.6B59548A06B598AB2C6AF1A2C766605D.d.FF76A2C7D10A5DA680CE58BDA296F625.e.3391/click - {}
RESULT: {}
COMMAND: POST /session/5a60c8b5c70bea8172ebe4add6912aad/execute/async - {"script":"<script> [1562 bytes]","args":[{"selector":{"id":"createOrganizationPop--binTypesCB","searchOpenDialogs":true,"interaction":{"idSuffix":"inner"}},"wdio_ui5_key":"createOrganizationPopbinTypesCB"}]}
COMMAND: GET /session/5a60c8b5c70bea8172ebe4add6912aad/screenshot - {}
RESULT: {"script":"<script> [1562 bytes]","args":[{"selector":{"id":"createOrganizationPop--binTypesCB","searchOpenDialogs":true,"interaction":{"idSuffix":"inner"}},"wdio_ui5_key":"createOrganizationPopbinTypesCB"}]}
RESULT: undefined
COMMAND: POST /session/5a60c8b5c70bea8172ebe4add6912aad/execute/async - {"script":"<script> [776 bytes]","args":[{"enterText":"1 - General / No capacity check","selector":{"id":"createOrganizationPop--binTypesCB","searchOpenDialogs":true,"interaction":{"idSuffix":"inner"}},"clearTextFirst":true,"interactionType":"ENTER_TEXT"}]}
RESULT: {}
RESULT: {"script":"<script> [776 bytes]","args":[{"enterText":"1 - General / No capacity check","selector":{"id":"createOrganizationPop--binTypesCB","searchOpenDialogs":true,"interaction":{"idSuffix":"inner"}},"clearTextFirst":true,"interactionType":"ENTER_TEXT"}]}
COMMAND: POST /session/5a60c8b5c70bea8172ebe4add6912aad/actions - {"actions":[{"id":"action16","type":"key","parameters":{},"actions":[{"type":"keyDown","value":"î€‡"},{"type":"pause","duration":10},{"type":"keyUp","value":"î€‡"}]}]}
RESULT: {"actions":[{"id":"action16","type":"key","parameters":{},"actions":[{"type":"keyDown","value":"î€‡"},{"type":"pause","duration":10},{"type":"keyUp","value":"î€‡"}]}]}
COMMAND: GET /session/5a60c8b5c70bea8172ebe4add6912aad/screenshot - {}
RESULT: {}
COMMAND: POST /session/5a60c8b5c70bea8172ebe4add6912aad/execute/async - {"script":"<script> [1562 bytes]","args":[{"selector":{"id":"createOrganizationPop--finishBtn","searchOpenDialogs":true,"interaction":{"idSuffix":"BDI-content"}},"wdio_ui5_key":"createOrganizationPopfinishBtn"}]}
RESULT: {"script":"<script> [1562 bytes]","args":[{"selector":{"id":"createOrganizationPop--finishBtn","searchOpenDialogs":true,"interaction":{"idSuffix":"BDI-content"}},"wdio_ui5_key":"createOrganizationPopfinishBtn"}]}
RESULT: undefined
COMMAND: POST /session/5a60c8b5c70bea8172ebe4add6912aad/element - {"using":"xpath","value":"//*[@id=\"createOrganizationPop--finishBtn\"]"}
RESULT: {"using":"xpath","value":"//*[@id=\"createOrganizationPop--finishBtn\"]"}
COMMAND: POST /session/5a60c8b5c70bea8172ebe4add6912aad/element/f.6B59548A06B598AB2C6AF1A2C766605D.d.FF76A2C7D10A5DA680CE58BDA296F625.e.3394/click - {}
RESULT: {}
]]></system-out>
    </testcase>
    <testcase classname="chrome.135_0_7049_115.windows.Stock_increase_-_with_WHM_US125587" name="Bin Status Report Should Create New Organization for Site" time="60.172">
      <system-out><![CDATA[
COMMAND: GET /session/5a60c8b5c70bea8172ebe4add6912aad/screenshot - {}
RESULT: {}
COMMAND: POST /session/5a60c8b5c70bea8172ebe4add6912aad/execute/async - {"script":"<script> [1562 bytes]","args":[{"selector":{"id":"application-binstatusreport-display-component---warehousing--createOrgBtn","interaction":{"idSuffix":"content"}},"wdio_ui5_key":"applicationbinstatusreport-display-component---warehousing--createOrgBtn"}]}
RESULT: {"script":"<script> [1562 bytes]","args":[{"selector":{"id":"application-binstatusreport-display-component---warehousing--createOrgBtn","interaction":{"idSuffix":"content"}},"wdio_ui5_key":"applicationbinstatusreport-display-component---warehousing--createOrgBtn"}]}
RESULT: undefined
COMMAND: POST /session/5a60c8b5c70bea8172ebe4add6912aad/element - {"using":"xpath","value":"//*[@id=\"application-binstatusreport-display-component---warehousing--createOrgBtn\"]"}
RESULT: {"using":"xpath","value":"//*[@id=\"application-binstatusreport-display-component---warehousing--createOrgBtn\"]"}
COMMAND: POST /session/5a60c8b5c70bea8172ebe4add6912aad/element/f.6B59548A06B598AB2C6AF1A2C766605D.d.FF76A2C7D10A5DA680CE58BDA296F625.e.3322/click - {}
RESULT: {}
RESULT: undefined
COMMAND: POST /session/5a60c8b5c70bea8172ebe4add6912aad/execute/async - {"script":"<script> [776 bytes]","args":[{"enterText":"2492","selector":{"id":"createOrganizationPop--sectionInput","searchOpenDialogs":true,"interaction":{"idSuffix":"inner"}},"clearTextFirst":true,"interactionType":"ENTER_TEXT"}]}
COMMAND: GET /session/5a60c8b5c70bea8172ebe4add6912aad/screenshot - {}
RESULT: {"script":"<script> [776 bytes]","args":[{"enterText":"2492","selector":{"id":"createOrganizationPop--sectionInput","searchOpenDialogs":true,"interaction":{"idSuffix":"inner"}},"clearTextFirst":true,"interactionType":"ENTER_TEXT"}]}
RESULT: undefined
COMMAND: POST /session/5a60c8b5c70bea8172ebe4add6912aad/execute/async - {"script":"<script> [776 bytes]","args":[{"enterText":"2492","selector":{"id":"createOrganizationPop--descriptionInput","searchOpenDialogs":true,"interaction":{"idSuffix":"inner"}},"clearTextFirst":true,"interactionType":"ENTER_TEXT"}]}
RESULT: {}
RESULT: {"script":"<script> [776 bytes]","args":[{"enterText":"2492","selector":{"id":"createOrganizationPop--descriptionInput","searchOpenDialogs":true,"interaction":{"idSuffix":"inner"}},"clearTextFirst":true,"interactionType":"ENTER_TEXT"}]}
COMMAND: POST /session/5a60c8b5c70bea8172ebe4add6912aad/element - {"using":"css selector","value":"#createOrganizationPop--siteOrg-inner"}
RESULT: {"using":"css selector","value":"#createOrganizationPop--siteOrg-inner"}
COMMAND: POST /session/5a60c8b5c70bea8172ebe4add6912aad/element/f.6B59548A06B598AB2C6AF1A2C766605D.d.FF76A2C7D10A5DA680CE58BDA296F625.e.3402/clear - {}
RESULT: {}
COMMAND: POST /session/5a60c8b5c70bea8172ebe4add6912aad/element/f.6B59548A06B598AB2C6AF1A2C766605D.d.FF76A2C7D10A5DA680CE58BDA296F625.e.3402/value - {"text":"2492"}
COMMAND: GET /session/5a60c8b5c70bea8172ebe4add6912aad/screenshot - {}
RESULT: {"text":"2492"}
COMMAND: GET /session/5a60c8b5c70bea8172ebe4add6912aad/screenshot - {}
RESULT: {}
RESULT: {}
COMMAND: POST /session/5a60c8b5c70bea8172ebe4add6912aad/actions - {"actions":[{"id":"action17","type":"key","parameters":{},"actions":[{"type":"keyDown","value":"î€‡"},{"type":"pause","duration":10},{"type":"keyUp","value":"î€‡"}]}]}
RESULT: {"actions":[{"id":"action17","type":"key","parameters":{},"actions":[{"type":"keyDown","value":"î€‡"},{"type":"pause","duration":10},{"type":"keyUp","value":"î€‡"}]}]}
RESULT: undefined
COMMAND: POST /session/5a60c8b5c70bea8172ebe4add6912aad/element - {"using":"xpath","value":"//*[@id=\"createOrganizationPop--giZone\"]"}
COMMAND: GET /session/5a60c8b5c70bea8172ebe4add6912aad/screenshot - {}
RESULT: {"using":"xpath","value":"//*[@id=\"createOrganizationPop--giZone\"]"}
COMMAND: POST /session/5a60c8b5c70bea8172ebe4add6912aad/element/f.6B59548A06B598AB2C6AF1A2C766605D.d.FF76A2C7D10A5DA680CE58BDA296F625.e.3419/click - {}
RESULT: {}
RESULT: {}
RESULT: undefined
COMMAND: POST /session/5a60c8b5c70bea8172ebe4add6912aad/execute/async - {"script":"<script> [776 bytes]","args":[{"enterText":"WD-BIN","selector":{"id":"createOrganizationPop--binNoInput","searchOpenDialogs":true,"interaction":{"idSuffix":"inner"}},"clearTextFirst":true,"interactionType":"ENTER_TEXT"}]}
COMMAND: GET /session/5a60c8b5c70bea8172ebe4add6912aad/screenshot - {}
RESULT: {"script":"<script> [776 bytes]","args":[{"enterText":"WD-BIN","selector":{"id":"createOrganizationPop--binNoInput","searchOpenDialogs":true,"interaction":{"idSuffix":"inner"}},"clearTextFirst":true,"interactionType":"ENTER_TEXT"}]}
RESULT: undefined
COMMAND: POST /session/5a60c8b5c70bea8172ebe4add6912aad/execute/async - {"script":"<script> [776 bytes]","args":[{"enterText":"WD-BIN","selector":{"id":"createOrganizationPop--descriptionId","searchOpenDialogs":true,"interaction":{"idSuffix":"inner"}},"clearTextFirst":true,"interactionType":"ENTER_TEXT"}]}
RESULT: {}
RESULT: {"script":"<script> [776 bytes]","args":[{"enterText":"WD-BIN","selector":{"id":"createOrganizationPop--descriptionId","searchOpenDialogs":true,"interaction":{"idSuffix":"inner"}},"clearTextFirst":true,"interactionType":"ENTER_TEXT"}]}
COMMAND: POST /session/5a60c8b5c70bea8172ebe4add6912aad/execute/async - {"script":"<script> [1562 bytes]","args":[{"selector":{"controlType":"sap.m.CheckBox","viewName":"etm.portal.ui.binstatusreport.view.MasterWareBins","viewId":"application-binstatusreport-display-component---warehousing","bindingPath":{"propertyPath":"/ZONE","modelName":"newBin"},"searchOpenDialogs":true,"interaction":{"idSuffix":"CbBg"}},"wdio_ui5_key":"etmportal.ui.binstatusreport.view.MasterWareBinssap.m.CheckBox{\"propertyPath\":\"/ZONE\",\"modelName\":\"newBin\"}"}]}
RESULT: {"script":"<script> [1562 bytes]","args":[{"selector":{"controlType":"sap.m.CheckBox","viewName":"etm.portal.ui.binstatusreport.view.MasterWareBins","viewId":"application-binstatusreport-display-component---warehousing","bindingPath":{"propertyPath":"/ZONE","modelName":"newBin"},"searchOpenDialogs":true,"interaction":{"idSuffix":"CbBg"}},"wdio_ui5_key":"etmportal.ui.binstatusreport.view.MasterWareBinssap.m.CheckBox{\"propertyPath\":\"/ZONE\",\"modelName\":\"newBin\"}"}]}
RESULT: undefined
COMMAND: POST /session/5a60c8b5c70bea8172ebe4add6912aad/element - {"using":"xpath","value":"//*[@id=\"__box44\"]"}
RESULT: {"using":"xpath","value":"//*[@id=\"__box44\"]"}
COMMAND: POST /session/5a60c8b5c70bea8172ebe4add6912aad/element/f.6B59548A06B598AB2C6AF1A2C766605D.d.FF76A2C7D10A5DA680CE58BDA296F625.e.3421/click - {}
RESULT: {}
COMMAND: GET /session/5a60c8b5c70bea8172ebe4add6912aad/screenshot - {}
RESULT: {}
RESULT: undefined
COMMAND: POST /session/5a60c8b5c70bea8172ebe4add6912aad/execute/async - {"script":"<script> [776 bytes]","args":[{"enterText":"1 - General / No capacity check","selector":{"id":"createOrganizationPop--binTypesCB","searchOpenDialogs":true,"interaction":{"idSuffix":"inner"}},"clearTextFirst":true,"interactionType":"ENTER_TEXT"}]}
RESULT: {"script":"<script> [776 bytes]","args":[{"enterText":"1 - General / No capacity check","selector":{"id":"createOrganizationPop--binTypesCB","searchOpenDialogs":true,"interaction":{"idSuffix":"inner"}},"clearTextFirst":true,"interactionType":"ENTER_TEXT"}]}
COMMAND: POST /session/5a60c8b5c70bea8172ebe4add6912aad/execute/async - {"script":"<script> [1562 bytes]","args":[{"selector":{"id":"createOrganizationPop--capacityId","searchOpenDialogs":true,"interaction":{"idSuffix":"inner"}},"wdio_ui5_key":"createOrganizationPopcapacityId"}]}
RESULT: {"script":"<script> [1562 bytes]","args":[{"selector":{"id":"createOrganizationPop--capacityId","searchOpenDialogs":true,"interaction":{"idSuffix":"inner"}},"wdio_ui5_key":"createOrganizationPopcapacityId"}]}
RESULT: undefined
COMMAND: POST /session/5a60c8b5c70bea8172ebe4add6912aad/actions - {"actions":[{"id":"action18","type":"key","parameters":{},"actions":[{"type":"keyDown","value":"î€‡"},{"type":"pause","duration":10},{"type":"keyUp","value":"î€‡"}]}]}
RESULT: {"actions":[{"id":"action18","type":"key","parameters":{},"actions":[{"type":"keyDown","value":"î€‡"},{"type":"pause","duration":10},{"type":"keyUp","value":"î€‡"}]}]}
COMMAND: GET /session/5a60c8b5c70bea8172ebe4add6912aad/screenshot - {}
RESULT: {}
RESULT: undefined
COMMAND: POST /session/5a60c8b5c70bea8172ebe4add6912aad/element - {"using":"xpath","value":"//*[@id=\"createOrganizationPop--finishBtn\"]"}
RESULT: {"using":"xpath","value":"//*[@id=\"createOrganizationPop--finishBtn\"]"}
COMMAND: POST /session/5a60c8b5c70bea8172ebe4add6912aad/element/f.6B59548A06B598AB2C6AF1A2C766605D.d.FF76A2C7D10A5DA680CE58BDA296F625.e.3427/click - {}
RESULT: {}
COMMAND: GET /session/5a60c8b5c70bea8172ebe4add6912aad/screenshot - {}
RESULT: {}
COMMAND: POST /session/5a60c8b5c70bea8172ebe4add6912aad/element - {"using":"css selector","value":"#shell-header-icon"}
RESULT: {"using":"css selector","value":"#shell-header-icon"}
COMMAND: POST /session/5a60c8b5c70bea8172ebe4add6912aad/execute/sync - {"script":"<script> [8489 bytes]","args":[{"element-6066-11e4-a52e-4f735466cecf":"f.6B59548A06B598AB2C6AF1A2C766605D.d.FF76A2C7D10A5DA680CE58BDA296F625.e.3261","ELEMENT":"f.6B59548A06B598AB2C6AF1A2C766605D.d.FF76A2C7D10A5DA680CE58BDA296F625.e.3261"}]}
RESULT: {"script":"<script> [8489 bytes]","args":[{"element-6066-11e4-a52e-4f735466cecf":"f.6B59548A06B598AB2C6AF1A2C766605D.d.FF76A2C7D10A5DA680CE58BDA296F625.e.3261","ELEMENT":"f.6B59548A06B598AB2C6AF1A2C766605D.d.FF76A2C7D10A5DA680CE58BDA296F625.e.3261"}]}
COMMAND: GET /session/5a60c8b5c70bea8172ebe4add6912aad/element/f.6B59548A06B598AB2C6AF1A2C766605D.d.FF76A2C7D10A5DA680CE58BDA296F625.e.3261/enabled - {}
COMMAND: GET /session/5a60c8b5c70bea8172ebe4add6912aad/screenshot - {}
RESULT: {}
COMMAND: POST /session/5a60c8b5c70bea8172ebe4add6912aad/element/f.6B59548A06B598AB2C6AF1A2C766605D.d.FF76A2C7D10A5DA680CE58BDA296F625.e.3261/click - {}
COMMAND: GET /session/5a60c8b5c70bea8172ebe4add6912aad/screenshot - {}
RESULT: {}
RESULT: {}
COMMAND: GET /session/5a60c8b5c70bea8172ebe4add6912aad/screenshot - {}
RESULT: {}
RESULT: {}
]]></system-out>
    </testcase>
    <testcase classname="chrome.135_0_7049_115.windows.Stock_increase_-_with_WHM_US125587" name="create a whm for yard" time="33.365">
      <system-out><![CDATA[
COMMAND: POST /session/5a60c8b5c70bea8172ebe4add6912aad/element - {"using":"xpath","value":"//div[text()='Warehouse']"}
RESULT: {"using":"xpath","value":"//div[text()='Warehouse']"}
COMMAND: POST /session/5a60c8b5c70bea8172ebe4add6912aad/elements - {"using":"xpath","value":"//div[text()='Warehouse']"}
RESULT: {"using":"xpath","value":"//div[text()='Warehouse']"}
COMMAND: POST /session/5a60c8b5c70bea8172ebe4add6912aad/element/f.6B59548A06B598AB2C6AF1A2C766605D.d.FF76A2C7D10A5DA680CE58BDA296F625.e.3262/click - {}
RESULT: {}
COMMAND: POST /session/5a60c8b5c70bea8172ebe4add6912aad/element - {"using":"xpath","value":"//span[text()='Manage Warehouse Movements']"}
COMMAND: GET /session/5a60c8b5c70bea8172ebe4add6912aad/screenshot - {}
RESULT: {"using":"xpath","value":"//span[text()='Manage Warehouse Movements']"}
COMMAND: POST /session/5a60c8b5c70bea8172ebe4add6912aad/elements - {"using":"xpath","value":"//span[text()='Manage Warehouse Movements']"}
RESULT: {}
RESULT: {"using":"xpath","value":"//span[text()='Manage Warehouse Movements']"}
COMMAND: POST /session/5a60c8b5c70bea8172ebe4add6912aad/element - {"using":"xpath","value":"//input[@id='application-warehousemovements-display-component---warehouseMovements--smartFilterBar-filterItemControl_BASIC-YARD-inner']"}
RESULT: {"using":"xpath","value":"//input[@id='application-warehousemovements-display-component---warehouseMovements--smartFilterBar-filterItemControl_BASIC-YARD-inner']"}
COMMAND: POST /session/5a60c8b5c70bea8172ebe4add6912aad/element - {"using":"xpath","value":"//input[@id='application-warehousemovements-display-component---warehouseMovements--smartFilterBar-filterItemControl_BASIC-YARD-inner']"}
RESULT: {"using":"xpath","value":"//input[@id='application-warehousemovements-display-component---warehouseMovements--smartFilterBar-filterItemControl_BASIC-YARD-inner']"}
COMMAND: POST /session/5a60c8b5c70bea8172ebe4add6912aad/actions - {"actions":[{"id":"action19","type":"key","parameters":{},"actions":[{"type":"keyDown","value":"î€‡"},{"type":"pause","duration":10},{"type":"keyUp","value":"î€‡"}]}]}
RESULT: {"actions":[{"id":"action19","type":"key","parameters":{},"actions":[{"type":"keyDown","value":"î€‡"},{"type":"pause","duration":10},{"type":"keyUp","value":"î€‡"}]}]}
COMMAND: POST /session/5a60c8b5c70bea8172ebe4add6912aad/element - {"using":"xpath","value":"(//*[@title=\"Add New Movement\"])[1]"}
COMMAND: GET /session/5a60c8b5c70bea8172ebe4add6912aad/screenshot - {}
RESULT: {"using":"xpath","value":"(//*[@title=\"Add New Movement\"])[1]"}
COMMAND: POST /session/5a60c8b5c70bea8172ebe4add6912aad/element - {"using":"xpath","value":"(//*[@title=\"Add New Movement\"])[1]"}
RESULT: {}
RESULT: {"using":"xpath","value":"(//*[@title=\"Add New Movement\"])[1]"}
COMMAND: POST /session/5a60c8b5c70bea8172ebe4add6912aad/element - {"using":"xpath","value":"//*[@id=\"application-warehousemovements-display-component---addMovement--sectionsList-arrow\"]"}
RESULT: {"using":"xpath","value":"//*[@id=\"application-warehousemovements-display-component---addMovement--sectionsList-arrow\"]"}
COMMAND: POST /session/5a60c8b5c70bea8172ebe4add6912aad/element - {"using":"xpath","value":"//*[@id=\"application-warehousemovements-display-component---addMovement--sectionsList-arrow\"]"}
RESULT: {"using":"xpath","value":"//*[@id=\"application-warehousemovements-display-component---addMovement--sectionsList-arrow\"]"}
COMMAND: POST /session/5a60c8b5c70bea8172ebe4add6912aad/element - {"using":"xpath","value":"//*[@id=\"application-warehousemovements-display-component---addMovement--saveMovementBtn-BDI-content\" and text()=\"Save\"]"}
RESULT: {"using":"xpath","value":"//*[@id=\"application-warehousemovements-display-component---addMovement--saveMovementBtn-BDI-content\" and text()=\"Save\"]"}
COMMAND: POST /session/5a60c8b5c70bea8172ebe4add6912aad/element - {"using":"xpath","value":"//*[@id=\"application-warehousemovements-display-component---addMovement--saveMovementBtn-BDI-content\" and text()=\"Save\"]"}
RESULT: {"using":"xpath","value":"//*[@id=\"application-warehousemovements-display-component---addMovement--saveMovementBtn-BDI-content\" and text()=\"Save\"]"}
COMMAND: POST /session/5a60c8b5c70bea8172ebe4add6912aad/element - {"using":"css selector","value":"#shell-header-icon"}
RESULT: {"using":"css selector","value":"#shell-header-icon"}
COMMAND: POST /session/5a60c8b5c70bea8172ebe4add6912aad/execute/sync - {"script":"<script> [8489 bytes]","args":[{"element-6066-11e4-a52e-4f735466cecf":"f.6B59548A06B598AB2C6AF1A2C766605D.d.FF76A2C7D10A5DA680CE58BDA296F625.e.3430","ELEMENT":"f.6B59548A06B598AB2C6AF1A2C766605D.d.FF76A2C7D10A5DA680CE58BDA296F625.e.3430"}]}
RESULT: {"script":"<script> [8489 bytes]","args":[{"element-6066-11e4-a52e-4f735466cecf":"f.6B59548A06B598AB2C6AF1A2C766605D.d.FF76A2C7D10A5DA680CE58BDA296F625.e.3430","ELEMENT":"f.6B59548A06B598AB2C6AF1A2C766605D.d.FF76A2C7D10A5DA680CE58BDA296F625.e.3430"}]}
COMMAND: GET /session/5a60c8b5c70bea8172ebe4add6912aad/element/f.6B59548A06B598AB2C6AF1A2C766605D.d.FF76A2C7D10A5DA680CE58BDA296F625.e.3430/enabled - {}
COMMAND: GET /session/5a60c8b5c70bea8172ebe4add6912aad/screenshot - {}
RESULT: {}
COMMAND: POST /session/5a60c8b5c70bea8172ebe4add6912aad/element/f.6B59548A06B598AB2C6AF1A2C766605D.d.FF76A2C7D10A5DA680CE58BDA296F625.e.3430/click - {}
COMMAND: GET /session/5a60c8b5c70bea8172ebe4add6912aad/screenshot - {}
RESULT: {}
RESULT: {}
COMMAND: GET /session/5a60c8b5c70bea8172ebe4add6912aad/screenshot - {}
RESULT: {}
RESULT: {}
]]></system-out>
    </testcase>
    <testcase classname="chrome.135_0_7049_115.windows.Stock_increase_-_with_WHM_US125587" name="Should do a stock increase handover" time="78.639">
      <system-out><![CDATA[
COMMAND: POST /session/5a60c8b5c70bea8172ebe4add6912aad/execute/async - {"script":"<script> [1562 bytes]","args":[{"selector":{"controlType":"sap.m.Text","viewName":"etm.portal.ui.managehandoverstile.view.Master","properties":{"text":"Manage Handovers"},"interaction":{"idSuffix":"inner"}},"wdio_ui5_key":"etmportal.ui.managehandoverstile.view.Mastersap.m.Text{\"text\":\"Manage Handovers\"}"}]}
RESULT: {"script":"<script> [1562 bytes]","args":[{"selector":{"controlType":"sap.m.Text","viewName":"etm.portal.ui.managehandoverstile.view.Master","properties":{"text":"Manage Handovers"},"interaction":{"idSuffix":"inner"}},"wdio_ui5_key":"etmportal.ui.managehandoverstile.view.Mastersap.m.Text{\"text\":\"Manage Handovers\"}"}]}
RESULT: undefined
COMMAND: POST /session/5a60c8b5c70bea8172ebe4add6912aad/element - {"using":"xpath","value":"//*[@id=\"__tile132-title\"]"}
RESULT: {"using":"xpath","value":"//*[@id=\"__tile132-title\"]"}
COMMAND: POST /session/5a60c8b5c70bea8172ebe4add6912aad/element/f.6B59548A06B598AB2C6AF1A2C766605D.d.FF76A2C7D10A5DA680CE58BDA296F625.e.3432/click - {}
RESULT: {}
COMMAND: GET /session/5a60c8b5c70bea8172ebe4add6912aad/screenshot - {}
RESULT: {}
COMMAND: POST /session/5a60c8b5c70bea8172ebe4add6912aad/execute/async - {"script":"<script> [1562 bytes]","args":[{"selector":{"controlType":"sap.ui.core.Icon","viewName":"etm.portal.ui.managehandovers.view.MasterHO","properties":{"src":{"regex":{"source":"add"}}}},"wdio_ui5_key":"etmportal.ui.managehandovers.view.MasterHOsap.ui.core.Icon{\"src\":{\"regex\":{\"source\":\"add\"}}}"}]}
RESULT: {"script":"<script> [1562 bytes]","args":[{"selector":{"controlType":"sap.ui.core.Icon","viewName":"etm.portal.ui.managehandovers.view.MasterHO","properties":{"src":{"regex":{"source":"add"}}}},"wdio_ui5_key":"etmportal.ui.managehandovers.view.MasterHOsap.ui.core.Icon{\"src\":{\"regex\":{\"source\":\"add\"}}}"}]}
RESULT: undefined
COMMAND: POST /session/5a60c8b5c70bea8172ebe4add6912aad/element - {"using":"xpath","value":"//*[@id=\"__button179-img\"]"}
RESULT: {"using":"xpath","value":"//*[@id=\"__button179-img\"]"}
COMMAND: POST /session/5a60c8b5c70bea8172ebe4add6912aad/element/f.6B59548A06B598AB2C6AF1A2C766605D.d.FF76A2C7D10A5DA680CE58BDA296F625.e.3477/click - {}
RESULT: {}
COMMAND: GET /session/5a60c8b5c70bea8172ebe4add6912aad/screenshot - {}
RESULT: {}
COMMAND: POST /session/5a60c8b5c70bea8172ebe4add6912aad/execute/async - {"script":"<script> [1562 bytes]","args":[{"selector":{"id":"application-managehandovers-display-component---AddNewHO--typeSelect","interaction":{"idSuffix":"arrow"}},"wdio_ui5_key":"applicationmanagehandovers-display-component---AddNewHO--typeSelect"}]}
RESULT: {"script":"<script> [1562 bytes]","args":[{"selector":{"id":"application-managehandovers-display-component---AddNewHO--typeSelect","interaction":{"idSuffix":"arrow"}},"wdio_ui5_key":"applicationmanagehandovers-display-component---AddNewHO--typeSelect"}]}
RESULT: undefined
COMMAND: POST /session/5a60c8b5c70bea8172ebe4add6912aad/element - {"using":"xpath","value":"//*[@id=\"application-managehandovers-display-component---AddNewHO--typeSelect\"]"}
RESULT: {"using":"xpath","value":"//*[@id=\"application-managehandovers-display-component---AddNewHO--typeSelect\"]"}
COMMAND: POST /session/5a60c8b5c70bea8172ebe4add6912aad/element/f.6B59548A06B598AB2C6AF1A2C766605D.d.FF76A2C7D10A5DA680CE58BDA296F625.e.3813/click - {}
RESULT: {}
COMMAND: POST /session/5a60c8b5c70bea8172ebe4add6912aad/execute/async - {"script":"<script> [1562 bytes]","args":[{"selector":{"controlType":"sap.ui.core.Item","viewName":"etm.portal.ui.managehandovers.view.AddNewHO","viewId":"application-managehandovers-display-component---AddNewHO","bindingPath":{"path":"/HandOverTypes('100')","propertyPath":"ID","modelName":"catalogModel"},"searchOpenDialogs":true},"wdio_ui5_key":"etmportal.ui.managehandovers.view.AddNewHOsap.ui.core.Item{\"path\":\"/HandOverTypes('100')\",\"propertyPath\":\"ID\",\"modelName\":\"catalogModel\"}"}]}
COMMAND: GET /session/5a60c8b5c70bea8172ebe4add6912aad/screenshot - {}
RESULT: {"script":"<script> [1562 bytes]","args":[{"selector":{"controlType":"sap.ui.core.Item","viewName":"etm.portal.ui.managehandovers.view.AddNewHO","viewId":"application-managehandovers-display-component---AddNewHO","bindingPath":{"path":"/HandOverTypes('100')","propertyPath":"ID","modelName":"catalogModel"},"searchOpenDialogs":true},"wdio_ui5_key":"etmportal.ui.managehandovers.view.AddNewHOsap.ui.core.Item{\"path\":\"/HandOverTypes('100')\",\"propertyPath\":\"ID\",\"modelName\":\"catalogModel\"}"}]}
RESULT: undefined
COMMAND: POST /session/5a60c8b5c70bea8172ebe4add6912aad/element - {"using":"xpath","value":"//*[@id=\"__item2091-application-managehandovers-display-component---AddNewHO--typeSelect-1\"]"}
RESULT: {}
RESULT: {"using":"xpath","value":"//*[@id=\"__item2091-application-managehandovers-display-component---AddNewHO--typeSelect-1\"]"}
COMMAND: POST /session/5a60c8b5c70bea8172ebe4add6912aad/element/f.6B59548A06B598AB2C6AF1A2C766605D.d.FF76A2C7D10A5DA680CE58BDA296F625.e.3814/click - {}
RESULT: {}
COMMAND: POST /session/5a60c8b5c70bea8172ebe4add6912aad/element - {"using":"css selector","value":"#application-managehandovers-display-component---AddNewHO--oneStep-CB"}
COMMAND: GET /session/5a60c8b5c70bea8172ebe4add6912aad/screenshot - {}
RESULT: {"using":"css selector","value":"#application-managehandovers-display-component---AddNewHO--oneStep-CB"}
COMMAND: POST /session/5a60c8b5c70bea8172ebe4add6912aad/execute/sync - {"script":"<script> [8489 bytes]","args":[{"element-6066-11e4-a52e-4f735466cecf":"f.6B59548A06B598AB2C6AF1A2C766605D.d.FF76A2C7D10A5DA680CE58BDA296F625.e.3822","ELEMENT":"f.6B59548A06B598AB2C6AF1A2C766605D.d.FF76A2C7D10A5DA680CE58BDA296F625.e.3822"}]}
RESULT: {}
RESULT: {"script":"<script> [8489 bytes]","args":[{"element-6066-11e4-a52e-4f735466cecf":"f.6B59548A06B598AB2C6AF1A2C766605D.d.FF76A2C7D10A5DA680CE58BDA296F625.e.3822","ELEMENT":"f.6B59548A06B598AB2C6AF1A2C766605D.d.FF76A2C7D10A5DA680CE58BDA296F625.e.3822"}]}
COMMAND: GET /session/5a60c8b5c70bea8172ebe4add6912aad/screenshot - {}
RESULT: {}
COMMAND: POST /session/5a60c8b5c70bea8172ebe4add6912aad/element - {"using":"css selector","value":"input[id=\"generalSectionFrg--receiveYard-inner\"]"}
RESULT: {"using":"css selector","value":"input[id=\"generalSectionFrg--receiveYard-inner\"]"}
COMMAND: POST /session/5a60c8b5c70bea8172ebe4add6912aad/element/f.6B59548A06B598AB2C6AF1A2C766605D.d.FF76A2C7D10A5DA680CE58BDA296F625.e.3824/clear - {}
RESULT: {}
COMMAND: POST /session/5a60c8b5c70bea8172ebe4add6912aad/element/f.6B59548A06B598AB2C6AF1A2C766605D.d.FF76A2C7D10A5DA680CE58BDA296F625.e.3824/value - {"text":"662"}
COMMAND: GET /session/5a60c8b5c70bea8172ebe4add6912aad/screenshot - {}
RESULT: {"text":"662"}
COMMAND: GET /session/5a60c8b5c70bea8172ebe4add6912aad/screenshot - {}
RESULT: {}
RESULT: {}
COMMAND: POST /session/5a60c8b5c70bea8172ebe4add6912aad/element - {"using":"css selector","value":"#application-managehandovers-display-component---AddNewHO--dueDate-inner"}
RESULT: {"using":"css selector","value":"#application-managehandovers-display-component---AddNewHO--dueDate-inner"}
COMMAND: POST /session/5a60c8b5c70bea8172ebe4add6912aad/element/f.6B59548A06B598AB2C6AF1A2C766605D.d.FF76A2C7D10A5DA680CE58BDA296F625.e.3818/clear - {}
RESULT: {}
COMMAND: POST /session/5a60c8b5c70bea8172ebe4add6912aad/element/f.6B59548A06B598AB2C6AF1A2C766605D.d.FF76A2C7D10A5DA680CE58BDA296F625.e.3818/value - {"text":"5/7/25"}
COMMAND: GET /session/5a60c8b5c70bea8172ebe4add6912aad/screenshot - {}
RESULT: {"text":"5/7/25"}
COMMAND: GET /session/5a60c8b5c70bea8172ebe4add6912aad/screenshot - {}
RESULT: {}
RESULT: {}
COMMAND: POST /session/5a60c8b5c70bea8172ebe4add6912aad/element - {"using":"xpath","value":"//bdi[(text() = 'Items' or . = 'Items')]"}
RESULT: {"using":"xpath","value":"//bdi[(text() = 'Items' or . = 'Items')]"}
COMMAND: POST /session/5a60c8b5c70bea8172ebe4add6912aad/element/f.6B59548A06B598AB2C6AF1A2C766605D.d.FF76A2C7D10A5DA680CE58BDA296F625.e.3838/click - {}
RESULT: {}
COMMAND: GET /session/5a60c8b5c70bea8172ebe4add6912aad/screenshot - {}
RESULT: {}
COMMAND: POST /session/5a60c8b5c70bea8172ebe4add6912aad/element - {"using":"xpath","value":"//button[@aria-label=\"Add\"]"}
RESULT: {"using":"xpath","value":"//button[@aria-label=\"Add\"]"}
COMMAND: POST /session/5a60c8b5c70bea8172ebe4add6912aad/element/f.6B59548A06B598AB2C6AF1A2C766605D.d.FF76A2C7D10A5DA680CE58BDA296F625.e.3843/click - {}
RESULT: {}
COMMAND: GET /session/5a60c8b5c70bea8172ebe4add6912aad/screenshot - {}
RESULT: {}
COMMAND: POST /session/5a60c8b5c70bea8172ebe4add6912aad/element - {"using":"css selector","value":"input[id= \"application-managehandovers-display-component---AddNewHO--smartFilterBar-btnBasicSearch-I\"]"}
RESULT: {"using":"css selector","value":"input[id= \"application-managehandovers-display-component---AddNewHO--smartFilterBar-btnBasicSearch-I\"]"}
COMMAND: POST /session/5a60c8b5c70bea8172ebe4add6912aad/element/f.6B59548A06B598AB2C6AF1A2C766605D.d.FF76A2C7D10A5DA680CE58BDA296F625.e.3846/clear - {}
RESULT: {}
COMMAND: POST /session/5a60c8b5c70bea8172ebe4add6912aad/element/f.6B59548A06B598AB2C6AF1A2C766605D.d.FF76A2C7D10A5DA680CE58BDA296F625.e.3846/value - {"text":"200367"}
COMMAND: GET /session/5a60c8b5c70bea8172ebe4add6912aad/screenshot - {}
RESULT: {"text":"200367"}
COMMAND: POST /session/5a60c8b5c70bea8172ebe4add6912aad/actions - {"actions":[{"id":"action20","type":"key","parameters":{},"actions":[{"type":"keyDown","value":"î€‡"},{"type":"pause","duration":10},{"type":"keyUp","value":"î€‡"}]}]}
COMMAND: GET /session/5a60c8b5c70bea8172ebe4add6912aad/screenshot - {}
RESULT: {}
RESULT: {"actions":[{"id":"action20","type":"key","parameters":{},"actions":[{"type":"keyDown","value":"î€‡"},{"type":"pause","duration":10},{"type":"keyUp","value":"î€‡"}]}]}
COMMAND: POST /session/5a60c8b5c70bea8172ebe4add6912aad/element - {"using":"css selector","value":"div[id= \"application-managehandovers-display-component---AddNewHO--smartFilterBar-btnBasicSearch-search\"]"}
COMMAND: GET /session/5a60c8b5c70bea8172ebe4add6912aad/screenshot - {}
RESULT: {}
RESULT: {"using":"css selector","value":"div[id= \"application-managehandovers-display-component---AddNewHO--smartFilterBar-btnBasicSearch-search\"]"}
COMMAND: POST /session/5a60c8b5c70bea8172ebe4add6912aad/element/f.6B59548A06B598AB2C6AF1A2C766605D.d.FF76A2C7D10A5DA680CE58BDA296F625.e.3995/click - {}
RESULT: {}
RESULT: {}
COMMAND: GET /session/5a60c8b5c70bea8172ebe4add6912aad/screenshot - {}
RESULT: {}
COMMAND: POST /session/5a60c8b5c70bea8172ebe4add6912aad/element - {"using":"css selector","value":"div[id= \"application-managehandovers-display-component---AddNewHO--popup-sa-CbBg\"]"}
RESULT: {"using":"css selector","value":"div[id= \"application-managehandovers-display-component---AddNewHO--popup-sa-CbBg\"]"}
COMMAND: POST /session/5a60c8b5c70bea8172ebe4add6912aad/element/f.6B59548A06B598AB2C6AF1A2C766605D.d.FF76A2C7D10A5DA680CE58BDA296F625.e.3996/click - {}
RESULT: {}
COMMAND: POST /session/5a60c8b5c70bea8172ebe4add6912aad/element - {"using":"xpath","value":"//bdi[(text() = 'Select' or . = 'Select')]"}
COMMAND: GET /session/5a60c8b5c70bea8172ebe4add6912aad/screenshot - {}
RESULT: {"using":"xpath","value":"//bdi[(text() = 'Select' or . = 'Select')]"}
COMMAND: POST /session/5a60c8b5c70bea8172ebe4add6912aad/element/f.6B59548A06B598AB2C6AF1A2C766605D.d.FF76A2C7D10A5DA680CE58BDA296F625.e.3997/click - {}
RESULT: {}
RESULT: {}
COMMAND: GET /session/5a60c8b5c70bea8172ebe4add6912aad/screenshot - {}
RESULT: {}
COMMAND: POST /session/5a60c8b5c70bea8172ebe4add6912aad/element - {"using":"xpath","value":"//bdi[(text() = 'Save' or . = 'Save')]"}
RESULT: {"using":"xpath","value":"//bdi[(text() = 'Save' or . = 'Save')]"}
COMMAND: POST /session/5a60c8b5c70bea8172ebe4add6912aad/element/f.6B59548A06B598AB2C6AF1A2C766605D.d.FF76A2C7D10A5DA680CE58BDA296F625.e.4001/click - {}
RESULT: {}
COMMAND: GET /session/5a60c8b5c70bea8172ebe4add6912aad/screenshot - {}
RESULT: {}
COMMAND: POST /session/5a60c8b5c70bea8172ebe4add6912aad/element - {"using":"xpath","value":"//input[contains(@id ,\"receiptDatePicker-inner\")]"}
RESULT: {"using":"xpath","value":"//input[contains(@id ,\"receiptDatePicker-inner\")]"}
COMMAND: POST /session/5a60c8b5c70bea8172ebe4add6912aad/element/f.6B59548A06B598AB2C6AF1A2C766605D.d.FF76A2C7D10A5DA680CE58BDA296F625.e.4032/click - {}
RESULT: {}
COMMAND: POST /session/5a60c8b5c70bea8172ebe4add6912aad/element - {"using":"xpath","value":"//input[contains(@id ,\"receiptDatePicker-inner\")]"}
COMMAND: GET /session/5a60c8b5c70bea8172ebe4add6912aad/screenshot - {}
RESULT: {"using":"xpath","value":"//input[contains(@id ,\"receiptDatePicker-inner\")]"}
COMMAND: POST /session/5a60c8b5c70bea8172ebe4add6912aad/element/f.6B59548A06B598AB2C6AF1A2C766605D.d.FF76A2C7D10A5DA680CE58BDA296F625.e.4032/clear - {}
RESULT: {}
RESULT: {}
COMMAND: POST /session/5a60c8b5c70bea8172ebe4add6912aad/element/f.6B59548A06B598AB2C6AF1A2C766605D.d.FF76A2C7D10A5DA680CE58BDA296F625.e.4032/value - {"text":"5/7/25"}
COMMAND: GET /session/5a60c8b5c70bea8172ebe4add6912aad/screenshot - {}
RESULT: {"text":"5/7/25"}
COMMAND: GET /session/5a60c8b5c70bea8172ebe4add6912aad/screenshot - {}
RESULT: {}
RESULT: {}
COMMAND: POST /session/5a60c8b5c70bea8172ebe4add6912aad/execute/async - {"script":"<script> [1562 bytes]","args":[{"selector":{"id":"administrationTabFilter","viewName":"etm.portal.ui.managehandovers.view.DetailExecuteHO","interaction":{"idSuffix":"text"}},"wdio_ui5_key":"administrationTabFilteretmportal.ui.managehandovers.view.DetailExecuteHO"}]}
RESULT: {"script":"<script> [1562 bytes]","args":[{"selector":{"id":"administrationTabFilter","viewName":"etm.portal.ui.managehandovers.view.DetailExecuteHO","interaction":{"idSuffix":"text"}},"wdio_ui5_key":"administrationTabFilteretmportal.ui.managehandovers.view.DetailExecuteHO"}]}
RESULT: undefined
COMMAND: POST /session/5a60c8b5c70bea8172ebe4add6912aad/element - {"using":"xpath","value":"//*[@id=\"__xmlview61--administrationTabFilter\"]"}
RESULT: {"using":"xpath","value":"//*[@id=\"__xmlview61--administrationTabFilter\"]"}
COMMAND: POST /session/5a60c8b5c70bea8172ebe4add6912aad/element/f.6B59548A06B598AB2C6AF1A2C766605D.d.FF76A2C7D10A5DA680CE58BDA296F625.e.4050/click - {}
RESULT: {}
RESULT: undefined
COMMAND: POST /session/5a60c8b5c70bea8172ebe4add6912aad/element - {"using":"xpath","value":"//*[@id=\"__xmlview61--administrationTabFilter\"]"}
COMMAND: GET /session/5a60c8b5c70bea8172ebe4add6912aad/screenshot - {}
RESULT: {"using":"xpath","value":"//*[@id=\"__xmlview61--administrationTabFilter\"]"}
COMMAND: POST /session/5a60c8b5c70bea8172ebe4add6912aad/element/f.6B59548A06B598AB2C6AF1A2C766605D.d.FF76A2C7D10A5DA680CE58BDA296F625.e.4050/click - {}
RESULT: {}
RESULT: {}
COMMAND: GET /session/5a60c8b5c70bea8172ebe4add6912aad/screenshot - {}
RESULT: {}
COMMAND: POST /session/5a60c8b5c70bea8172ebe4add6912aad/element - {"using":"xpath","value":"//bdi[(text() = 'Confirm' or . = 'Confirm')]"}
RESULT: {"using":"xpath","value":"//bdi[(text() = 'Confirm' or . = 'Confirm')]"}
COMMAND: POST /session/5a60c8b5c70bea8172ebe4add6912aad/element/f.6B59548A06B598AB2C6AF1A2C766605D.d.FF76A2C7D10A5DA680CE58BDA296F625.e.4058/click - {}
RESULT: {}
COMMAND: GET /session/5a60c8b5c70bea8172ebe4add6912aad/screenshot - {}
RESULT: {}
COMMAND: POST /session/5a60c8b5c70bea8172ebe4add6912aad/execute/async - {"script":"<script> [1562 bytes]","args":[{"selector":{"id":"confirmationButton","viewName":"etm.portal.ui.managehandovers.view.DetailExecuteHO","interaction":{"idSuffix":"BDI-content"}},"wdio_ui5_key":"confirmationButtonetmportal.ui.managehandovers.view.DetailExecuteHO"}]}
RESULT: {"script":"<script> [1562 bytes]","args":[{"selector":{"id":"confirmationButton","viewName":"etm.portal.ui.managehandovers.view.DetailExecuteHO","interaction":{"idSuffix":"BDI-content"}},"wdio_ui5_key":"confirmationButtonetmportal.ui.managehandovers.view.DetailExecuteHO"}]}
RESULT: undefined
COMMAND: POST /session/5a60c8b5c70bea8172ebe4add6912aad/element - {"using":"css selector","value":"bdi[aria-live=\"off\"][text=\"Close\"]"}
RESULT: {"using":"css selector","value":"bdi[aria-live=\"off\"][text=\"Close\"]"}
COMMAND: POST /session/5a60c8b5c70bea8172ebe4add6912aad/element - {"using":"css selector","value":"bdi[aria-live=\"off\"][text=\"Close\"]"}
RESULT: {"using":"css selector","value":"bdi[aria-live=\"off\"][text=\"Close\"]"}
COMMAND: POST /session/5a60c8b5c70bea8172ebe4add6912aad/element - {"using":"css selector","value":"#shell-header-logo"}
RESULT: {"using":"css selector","value":"#shell-header-logo"}
COMMAND: POST /session/5a60c8b5c70bea8172ebe4add6912aad/element/f.6B59548A06B598AB2C6AF1A2C766605D.d.FF76A2C7D10A5DA680CE58BDA296F625.e.3436/click - {}
RESULT: {}
COMMAND: GET /session/5a60c8b5c70bea8172ebe4add6912aad/screenshot - {}
RESULT: {}
COMMAND: POST /session/5a60c8b5c70bea8172ebe4add6912aad/element - {"using":"css selector","value":"#j_username"}
COMMAND: POST /session/5a60c8b5c70bea8172ebe4add6912aad/url - {"url":"https://qa-testing-00-live-etm-ui.cfapps.eu10-004.hana.ondemand.com/"}
RESULT: {"using":"css selector","value":"#j_username"}
COMMAND: POST /session/5a60c8b5c70bea8172ebe4add6912aad/element - {"using":"css selector","value":"#j_username"}
RESULT: {"url":"https://qa-testing-00-live-etm-ui.cfapps.eu10-004.hana.ondemand.com/"}
RESULT: undefined
COMMAND: GET /session/5a60c8b5c70bea8172ebe4add6912aad/screenshot - {}
RESULT: {"using":"css selector","value":"#j_username"}
COMMAND: POST /session/5a60c8b5c70bea8172ebe4add6912aad/element - {"using":"css selector","value":"#shell-header-logo"}
RESULT: {}
RESULT: {"using":"css selector","value":"#shell-header-logo"}
COMMAND: POST /session/5a60c8b5c70bea8172ebe4add6912aad/execute/sync - {"script":"<script> [8489 bytes]","args":[{"element-6066-11e4-a52e-4f735466cecf":"f.6B59548A06B598AB2C6AF1A2C766605D.d.F779782F011123924CC460542BD7AC73.e.4078","ELEMENT":"f.6B59548A06B598AB2C6AF1A2C766605D.d.F779782F011123924CC460542BD7AC73.e.4078"}]}
RESULT: {"script":"<script> [8489 bytes]","args":[{"element-6066-11e4-a52e-4f735466cecf":"f.6B59548A06B598AB2C6AF1A2C766605D.d.F779782F011123924CC460542BD7AC73.e.4078","ELEMENT":"f.6B59548A06B598AB2C6AF1A2C766605D.d.F779782F011123924CC460542BD7AC73.e.4078"}]}
COMMAND: POST /session/5a60c8b5c70bea8172ebe4add6912aad/element - {"using":"css selector","value":"#shell-header-logo"}
COMMAND: GET /session/5a60c8b5c70bea8172ebe4add6912aad/screenshot - {}
RESULT: {"using":"css selector","value":"#shell-header-logo"}
COMMAND: POST /session/5a60c8b5c70bea8172ebe4add6912aad/execute/sync - {"script":"<script> [8489 bytes]","args":[{"element-6066-11e4-a52e-4f735466cecf":"f.6B59548A06B598AB2C6AF1A2C766605D.d.F779782F011123924CC460542BD7AC73.e.4078","ELEMENT":"f.6B59548A06B598AB2C6AF1A2C766605D.d.F779782F011123924CC460542BD7AC73.e.4078"}]}
RESULT: {}
RESULT: {"script":"<script> [8489 bytes]","args":[{"element-6066-11e4-a52e-4f735466cecf":"f.6B59548A06B598AB2C6AF1A2C766605D.d.F779782F011123924CC460542BD7AC73.e.4078","ELEMENT":"f.6B59548A06B598AB2C6AF1A2C766605D.d.F779782F011123924CC460542BD7AC73.e.4078"}]}
COMMAND: POST /session/5a60c8b5c70bea8172ebe4add6912aad/execute/sync - {"script":"<script> [5351 bytes]","args":[{"element-6066-11e4-a52e-4f735466cecf":"f.6B59548A06B598AB2C6AF1A2C766605D.d.F779782F011123924CC460542BD7AC73.e.4078","ELEMENT":"f.6B59548A06B598AB2C6AF1A2C766605D.d.F779782F011123924CC460542BD7AC73.e.4078"}]}
COMMAND: GET /session/5a60c8b5c70bea8172ebe4add6912aad/screenshot - {}
RESULT: {"script":"<script> [5351 bytes]","args":[{"element-6066-11e4-a52e-4f735466cecf":"f.6B59548A06B598AB2C6AF1A2C766605D.d.F779782F011123924CC460542BD7AC73.e.4078","ELEMENT":"f.6B59548A06B598AB2C6AF1A2C766605D.d.F779782F011123924CC460542BD7AC73.e.4078"}]}
COMMAND: POST /session/5a60c8b5c70bea8172ebe4add6912aad/element - {"using":"css selector","value":"#shell-header-logo"}
COMMAND: GET /session/5a60c8b5c70bea8172ebe4add6912aad/screenshot - {}
RESULT: {}
RESULT: {"using":"css selector","value":"#shell-header-logo"}
COMMAND: POST /session/5a60c8b5c70bea8172ebe4add6912aad/element/f.6B59548A06B598AB2C6AF1A2C766605D.d.F779782F011123924CC460542BD7AC73.e.4078/click - {}
RESULT: {}
RESULT: {}
COMMAND: GET /session/5a60c8b5c70bea8172ebe4add6912aad/screenshot - {}
RESULT: {}
COMMAND: POST /session/5a60c8b5c70bea8172ebe4add6912aad/execute/async - {"script":"<script> [189 bytes]","args":[]}
RESULT: {"script":"<script> [189 bytes]","args":[]}
COMMAND: POST /session/5a60c8b5c70bea8172ebe4add6912aad/execute/async - {"script":"<script> [123 bytes]","args":[]}
RESULT: {"script":"<script> [123 bytes]","args":[]}
COMMAND: POST /session/5a60c8b5c70bea8172ebe4add6912aad/timeouts - {"script":"<number>"}
RESULT: {"script":"<number>"}
COMMAND: GET /session/5a60c8b5c70bea8172ebe4add6912aad/timeouts - {}
RESULT: {}
RESULT: undefined
COMMAND: POST /session/5a60c8b5c70bea8172ebe4add6912aad/execute/async - {"script":"<script> [2676 bytes]","args":[]}
RESULT: {"script":"<script> [2676 bytes]","args":[]}
COMMAND: POST /session/5a60c8b5c70bea8172ebe4add6912aad/execute/async - {"script":"<script> [2342 bytes]","args":[{"protocol":"http","hostname":"0.0.0.0","path":"/","capabilities":{"browserName":"chrome","goog:chromeOptions":{"binary":"C:\\Program Files\\Google\\Chrome\\Application\\chrome.exe","args":["--start-maximized"]}},"logLevel":"warn","connectionRetryTimeout":120000,"connectionRetryCount":3,"logLevels":{},"enableDirectConnect":true,"strictSSL":true,"_":"65 more keys: [\"cacheDir\",\"port\",\"requestedCapabilities\",\"automationProtocol\",\"baseUrl\",\"waitforInterval\",\"waitforTimeout\",\"onReload\",\"beforeCommand\",\"afterCommand\",\"rootDir\",\"specs\",\"suites\",\"exclude\",\"groupLogsByTestSpec\",\"excludeDriverLogs\",\"bail\",\"framework\",\"reporters\",\"services\",\"maxInstances\",\"maxInstancesPerCapability\",\"injectGlobals\",\"filesToWatch\",\"execArgv\",\"runnerEnv\",\"runner\",\"shard\",\"specFileRetries\",\"specFileRetriesDelay\",\"specFileRetriesDeferred\",\"reporterSyncInterval\",\"reporterSyncTimeout\",\"cucumberFeaturesWithLineNumbers\",\"autoCompileOpts\",\"mochaOpts\",\"jasmineOpts\",\"cucumberOpts\",\"onPrepare\",\"onWorkerStart\",\"onWorkerEnd\",\"before\",\"beforeSession\",\"beforeSuite\",\"beforeHook\",\"beforeTest\",\"afterTest\",\"afterHook\",\"afterSuite\",\"afterSession\",\"after\",\"onComplete\",\"beforeAssertion\",\"afterAssertion\",\"beforeFeature\",\"beforeScenario\",\"beforeStep\",\"afterStep\",\"afterScenario\",\"afterFeature\",\"_\",\"suite\",\"$0\",\"ignoredWorkerServices\",\"wdi5\"]"}]}
RESULT: {"script":"<script> [2342 bytes]","args":[{"protocol":"http","hostname":"0.0.0.0","path":"/","capabilities":{"browserName":"chrome","goog:chromeOptions":{"binary":"C:\\Program Files\\Google\\Chrome\\Application\\chrome.exe","args":["--start-maximized"]}},"logLevel":"warn","connectionRetryTimeout":120000,"connectionRetryCount":3,"logLevels":{},"enableDirectConnect":true,"strictSSL":true,"_":"65 more keys: [\"cacheDir\",\"port\",\"requestedCapabilities\",\"automationProtocol\",\"baseUrl\",\"waitforInterval\",\"waitforTimeout\",\"onReload\",\"beforeCommand\",\"afterCommand\",\"rootDir\",\"specs\",\"suites\",\"exclude\",\"groupLogsByTestSpec\",\"excludeDriverLogs\",\"bail\",\"framework\",\"reporters\",\"services\",\"maxInstances\",\"maxInstancesPerCapability\",\"injectGlobals\",\"filesToWatch\",\"execArgv\",\"runnerEnv\",\"runner\",\"shard\",\"specFileRetries\",\"specFileRetriesDelay\",\"specFileRetriesDeferred\",\"reporterSyncInterval\",\"reporterSyncTimeout\",\"cucumberFeaturesWithLineNumbers\",\"autoCompileOpts\",\"mochaOpts\",\"jasmineOpts\",\"cucumberOpts\",\"onPrepare\",\"onWorkerStart\",\"onWorkerEnd\",\"before\",\"beforeSession\",\"beforeSuite\",\"beforeHook\",\"beforeTest\",\"afterTest\",\"afterHook\",\"afterSuite\",\"afterSession\",\"after\",\"onComplete\",\"beforeAssertion\",\"afterAssertion\",\"beforeFeature\",\"beforeScenario\",\"beforeStep\",\"afterStep\",\"afterScenario\",\"afterFeature\",\"_\",\"suite\",\"$0\",\"ignoredWorkerServices\",\"wdi5\"]"}]}
COMMAND: POST /session/5a60c8b5c70bea8172ebe4add6912aad/execute/async - {"script":"<script> [21126 bytes]","args":[35000]}
RESULT: {"script":"<script> [21126 bytes]","args":[35000]}
COMMAND: POST /session/5a60c8b5c70bea8172ebe4add6912aad/window/maximize - {}
RESULT: {}
COMMAND: POST /session/5a60c8b5c70bea8172ebe4add6912aad/execute/async - {"script":"<script> [1562 bytes]","args":[{"selector":{"id":"shell-header","interaction":{"idSuffix":"icon"}},"wdio_ui5_key":"shellheader"}]}
COMMAND: GET /session/5a60c8b5c70bea8172ebe4add6912aad/screenshot - {}
RESULT: {"script":"<script> [1562 bytes]","args":[{"selector":{"id":"shell-header","interaction":{"idSuffix":"icon"}},"wdio_ui5_key":"shellheader"}]}
RESULT: undefined
COMMAND: POST /session/5a60c8b5c70bea8172ebe4add6912aad/window/fullscreen - {}
RESULT: {}
RESULT: {}
]]></system-out>
    </testcase>
  </testsuite>
  <testsuite timestamp="2025-05-07T16:31:29" time="578.512" tests="6" failures="0" errors="0" skipped="0">
    <properties>
      <property name="specId" value="0" />
      <property name="suiteName" value="Provide to Site w/ warehouse management w/ clarification US115878" />
      <property name="capabilities" value="chrome.135_0_7049_115.windows" />
      <property name="file" value="file:///D:/a/1/s/test/specs/HTR/provide-to-site-w-warehouse-w-clarification.spec.js" />
    </properties>
    <testcase classname="chrome.135_0_7049_115.windows.Provide_to_Site_w/_warehouse_management_w/_clarification_US115878" name="Should create a new WHM yard" time="104.056">
      <system-out><![CDATA[
COMMAND: POST /session/5a60c8b5c70bea8172ebe4add6912aad/window/fullscreen - {}
RESULT: {}
COMMAND: POST /session/5a60c8b5c70bea8172ebe4add6912aad/execute/async - {"script":"<script> [1562 bytes]","args":[{"selector":{"controlType":"sap.m.GenericTile","properties":{"header":"Manage Yards"}},"wdio_ui5_key":"sapm.GenericTile{\"header\":\"Manage Yards\"}"}]}
RESULT: {"script":"<script> [1562 bytes]","args":[{"selector":{"controlType":"sap.m.GenericTile","properties":{"header":"Manage Yards"}},"wdio_ui5_key":"sapm.GenericTile{\"header\":\"Manage Yards\"}"}]}
RESULT: undefined
COMMAND: POST /session/5a60c8b5c70bea8172ebe4add6912aad/element - {"using":"xpath","value":"//*[@id=\"__tile33\"]"}
RESULT: {"using":"xpath","value":"//*[@id=\"__tile33\"]"}
COMMAND: POST /session/5a60c8b5c70bea8172ebe4add6912aad/element/f.6B59548A06B598AB2C6AF1A2C766605D.d.F779782F011123924CC460542BD7AC73.e.4101/click - {}
RESULT: {}
COMMAND: POST /session/5a60c8b5c70bea8172ebe4add6912aad/element - {"using":"xpath","value":"//button[@data-kt=\"addNewYardOverflowToolbarButton\"]"}
COMMAND: GET /session/5a60c8b5c70bea8172ebe4add6912aad/screenshot - {}
RESULT: {"using":"xpath","value":"//button[@data-kt=\"addNewYardOverflowToolbarButton\"]"}
COMMAND: POST /session/5a60c8b5c70bea8172ebe4add6912aad/elements - {"using":"xpath","value":"//button[@data-kt=\"addNewYardOverflowToolbarButton\"]"}
RESULT: {}
RESULT: {"using":"xpath","value":"//button[@data-kt=\"addNewYardOverflowToolbarButton\"]"}
COMMAND: POST /session/5a60c8b5c70bea8172ebe4add6912aad/elements - {"using":"xpath","value":"//button[@data-kt=\"addNewYardOverflowToolbarButton\"]"}
RESULT: {"using":"xpath","value":"//button[@data-kt=\"addNewYardOverflowToolbarButton\"]"}
COMMAND: POST /session/5a60c8b5c70bea8172ebe4add6912aad/elements - {"using":"xpath","value":"//button[@data-kt=\"addNewYardOverflowToolbarButton\"]"}
RESULT: {"using":"xpath","value":"//button[@data-kt=\"addNewYardOverflowToolbarButton\"]"}
COMMAND: POST /session/5a60c8b5c70bea8172ebe4add6912aad/elements - {"using":"xpath","value":"//button[@data-kt=\"addNewYardOverflowToolbarButton\"]"}
RESULT: {"using":"xpath","value":"//button[@data-kt=\"addNewYardOverflowToolbarButton\"]"}
COMMAND: POST /session/5a60c8b5c70bea8172ebe4add6912aad/element - {"using":"xpath","value":"//button[@data-kt=\"addNewYardOverflowToolbarButton\"]"}
RESULT: {"using":"xpath","value":"//button[@data-kt=\"addNewYardOverflowToolbarButton\"]"}
COMMAND: POST /session/5a60c8b5c70bea8172ebe4add6912aad/execute/sync - {"script":"<script> [8489 bytes]","args":[{"element-6066-11e4-a52e-4f735466cecf":"f.6B59548A06B598AB2C6AF1A2C766605D.d.F779782F011123924CC460542BD7AC73.e.4228","ELEMENT":"f.6B59548A06B598AB2C6AF1A2C766605D.d.F779782F011123924CC460542BD7AC73.e.4228"}]}
RESULT: {"script":"<script> [8489 bytes]","args":[{"element-6066-11e4-a52e-4f735466cecf":"f.6B59548A06B598AB2C6AF1A2C766605D.d.F779782F011123924CC460542BD7AC73.e.4228","ELEMENT":"f.6B59548A06B598AB2C6AF1A2C766605D.d.F779782F011123924CC460542BD7AC73.e.4228"}]}
COMMAND: GET /session/5a60c8b5c70bea8172ebe4add6912aad/element/f.6B59548A06B598AB2C6AF1A2C766605D.d.F779782F011123924CC460542BD7AC73.e.4228/enabled - {}
COMMAND: GET /session/5a60c8b5c70bea8172ebe4add6912aad/screenshot - {}
RESULT: {}
COMMAND: POST /session/5a60c8b5c70bea8172ebe4add6912aad/execute/sync - {"script":"<script> [8489 bytes]","args":[{"element-6066-11e4-a52e-4f735466cecf":"f.6B59548A06B598AB2C6AF1A2C766605D.d.F779782F011123924CC460542BD7AC73.e.4228","ELEMENT":"f.6B59548A06B598AB2C6AF1A2C766605D.d.F779782F011123924CC460542BD7AC73.e.4228"}]}
COMMAND: GET /session/5a60c8b5c70bea8172ebe4add6912aad/screenshot - {}
RESULT: {}
RESULT: {"script":"<script> [8489 bytes]","args":[{"element-6066-11e4-a52e-4f735466cecf":"f.6B59548A06B598AB2C6AF1A2C766605D.d.F779782F011123924CC460542BD7AC73.e.4228","ELEMENT":"f.6B59548A06B598AB2C6AF1A2C766605D.d.F779782F011123924CC460542BD7AC73.e.4228"}]}
COMMAND: POST /session/5a60c8b5c70bea8172ebe4add6912aad/execute/sync - {"script":"<script> [5351 bytes]","args":[{"element-6066-11e4-a52e-4f735466cecf":"f.6B59548A06B598AB2C6AF1A2C766605D.d.F779782F011123924CC460542BD7AC73.e.4228","ELEMENT":"f.6B59548A06B598AB2C6AF1A2C766605D.d.F779782F011123924CC460542BD7AC73.e.4228"}]}
COMMAND: GET /session/5a60c8b5c70bea8172ebe4add6912aad/screenshot - {}
RESULT: {}
RESULT: {"script":"<script> [5351 bytes]","args":[{"element-6066-11e4-a52e-4f735466cecf":"f.6B59548A06B598AB2C6AF1A2C766605D.d.F779782F011123924CC460542BD7AC73.e.4228","ELEMENT":"f.6B59548A06B598AB2C6AF1A2C766605D.d.F779782F011123924CC460542BD7AC73.e.4228"}]}
COMMAND: POST /session/5a60c8b5c70bea8172ebe4add6912aad/element/f.6B59548A06B598AB2C6AF1A2C766605D.d.F779782F011123924CC460542BD7AC73.e.4228/click - {}
COMMAND: GET /session/5a60c8b5c70bea8172ebe4add6912aad/screenshot - {}
RESULT: {}
RESULT: {}
COMMAND: GET /session/5a60c8b5c70bea8172ebe4add6912aad/screenshot - {}
RESULT: {}
RESULT: {}
COMMAND: POST /session/5a60c8b5c70bea8172ebe4add6912aad/element - {"using":"xpath","value":"//input[@id=\"application-manageyards-display-component---NewYard--yardId-inner\"]"}
RESULT: {"using":"xpath","value":"//input[@id=\"application-manageyards-display-component---NewYard--yardId-inner\"]"}
COMMAND: POST /session/5a60c8b5c70bea8172ebe4add6912aad/element - {"using":"xpath","value":"//input[@id=\"application-manageyards-display-component---NewYard--yardId-inner\"]"}
RESULT: {"using":"xpath","value":"//input[@id=\"application-manageyards-display-component---NewYard--yardId-inner\"]"}
COMMAND: POST /session/5a60c8b5c70bea8172ebe4add6912aad/execute/async - {"script":"<script> [1562 bytes]","args":[{"selector":{"id":"application-manageyards-display-component---NewYard--addressDetailDetailsName1","interaction":{"idSuffix":"inner"}},"wdio_ui5_key":"applicationmanageyards-display-component---NewYard--addressDetailDetailsName1"}]}
RESULT: {"script":"<script> [1562 bytes]","args":[{"selector":{"id":"application-manageyards-display-component---NewYard--addressDetailDetailsName1","interaction":{"idSuffix":"inner"}},"wdio_ui5_key":"applicationmanageyards-display-component---NewYard--addressDetailDetailsName1"}]}
RESULT: undefined
COMMAND: POST /session/5a60c8b5c70bea8172ebe4add6912aad/execute/async - {"script":"<script> [776 bytes]","args":[{"enterText":"Warehouse Managed WDIO","selector":{"id":"application-manageyards-display-component---NewYard--addressDetailDetailsName1","interaction":{"idSuffix":"inner"}},"clearTextFirst":true,"interactionType":"ENTER_TEXT"}]}
RESULT: {"script":"<script> [776 bytes]","args":[{"enterText":"Warehouse Managed WDIO","selector":{"id":"application-manageyards-display-component---NewYard--addressDetailDetailsName1","interaction":{"idSuffix":"inner"}},"clearTextFirst":true,"interactionType":"ENTER_TEXT"}]}
COMMAND: POST /session/5a60c8b5c70bea8172ebe4add6912aad/execute/async - {"script":"<script> [1562 bytes]","args":[{"selector":{"id":"application-manageyards-display-component---NewYard--addressDetailDetailsLanguage-arrow"},"wdio_ui5_key":"applicationmanageyards-display-component---NewYard--addressDetailDetailsLanguage-arrow"}]}
RESULT: {"script":"<script> [1562 bytes]","args":[{"selector":{"id":"application-manageyards-display-component---NewYard--addressDetailDetailsLanguage-arrow"},"wdio_ui5_key":"applicationmanageyards-display-component---NewYard--addressDetailDetailsLanguage-arrow"}]}
RESULT: undefined
COMMAND: POST /session/5a60c8b5c70bea8172ebe4add6912aad/element - {"using":"xpath","value":"//*[@id=\"application-manageyards-display-component---NewYard--addressDetailDetailsLanguage-arrow\"]"}
RESULT: {"using":"xpath","value":"//*[@id=\"application-manageyards-display-component---NewYard--addressDetailDetailsLanguage-arrow\"]"}
COMMAND: POST /session/5a60c8b5c70bea8172ebe4add6912aad/element/f.6B59548A06B598AB2C6AF1A2C766605D.d.F779782F011123924CC460542BD7AC73.e.4661/click - {}
RESULT: {}
COMMAND: POST /session/5a60c8b5c70bea8172ebe4add6912aad/element - {"using":"xpath","value":"//span[contains(text(), \"English\")]"}
COMMAND: GET /session/5a60c8b5c70bea8172ebe4add6912aad/screenshot - {}
RESULT: {"using":"xpath","value":"//span[contains(text(), \"English\")]"}
COMMAND: POST /session/5a60c8b5c70bea8172ebe4add6912aad/element/f.6B59548A06B598AB2C6AF1A2C766605D.d.F779782F011123924CC460542BD7AC73.e.4662/click - {}
RESULT: {}
RESULT: {}
COMMAND: POST /session/5a60c8b5c70bea8172ebe4add6912aad/execute/async - {"script":"<script> [1562 bytes]","args":[{"selector":{"id":"application-manageyards-display-component---NewYard--addressDetailDetailsCity1","interaction":{"idSuffix":"inner"}},"wdio_ui5_key":"applicationmanageyards-display-component---NewYard--addressDetailDetailsCity1"}]}
COMMAND: GET /session/5a60c8b5c70bea8172ebe4add6912aad/screenshot - {}
RESULT: {"script":"<script> [1562 bytes]","args":[{"selector":{"id":"application-manageyards-display-component---NewYard--addressDetailDetailsCity1","interaction":{"idSuffix":"inner"}},"wdio_ui5_key":"applicationmanageyards-display-component---NewYard--addressDetailDetailsCity1"}]}
RESULT: undefined
COMMAND: POST /session/5a60c8b5c70bea8172ebe4add6912aad/execute/async - {"script":"<script> [776 bytes]","args":[{"enterText":"Rosario","selector":{"id":"application-manageyards-display-component---NewYard--addressDetailDetailsCity1","interaction":{"idSuffix":"inner"}},"clearTextFirst":true,"interactionType":"ENTER_TEXT"}]}
RESULT: {}
RESULT: {"script":"<script> [776 bytes]","args":[{"enterText":"Rosario","selector":{"id":"application-manageyards-display-component---NewYard--addressDetailDetailsCity1","interaction":{"idSuffix":"inner"}},"clearTextFirst":true,"interactionType":"ENTER_TEXT"}]}
COMMAND: POST /session/5a60c8b5c70bea8172ebe4add6912aad/execute/async - {"script":"<script> [1562 bytes]","args":[{"selector":{"id":"application-manageyards-display-component---NewYard--addressDetailDetailsCountry-arrow"},"wdio_ui5_key":"applicationmanageyards-display-component---NewYard--addressDetailDetailsCountry-arrow"}]}
RESULT: {"script":"<script> [1562 bytes]","args":[{"selector":{"id":"application-manageyards-display-component---NewYard--addressDetailDetailsCountry-arrow"},"wdio_ui5_key":"applicationmanageyards-display-component---NewYard--addressDetailDetailsCountry-arrow"}]}
RESULT: undefined
COMMAND: POST /session/5a60c8b5c70bea8172ebe4add6912aad/element - {"using":"xpath","value":"//*[@id=\"application-manageyards-display-component---NewYard--addressDetailDetailsCountry-arrow\"]"}
RESULT: {"using":"xpath","value":"//*[@id=\"application-manageyards-display-component---NewYard--addressDetailDetailsCountry-arrow\"]"}
COMMAND: POST /session/5a60c8b5c70bea8172ebe4add6912aad/element/f.6B59548A06B598AB2C6AF1A2C766605D.d.F779782F011123924CC460542BD7AC73.e.4664/click - {}
RESULT: {}
COMMAND: POST /session/5a60c8b5c70bea8172ebe4add6912aad/element - {"using":"xpath","value":"//span[contains(text(), \"Argentina\")]"}
COMMAND: GET /session/5a60c8b5c70bea8172ebe4add6912aad/screenshot - {}
RESULT: {"using":"xpath","value":"//span[contains(text(), \"Argentina\")]"}
COMMAND: POST /session/5a60c8b5c70bea8172ebe4add6912aad/element/f.6B59548A06B598AB2C6AF1A2C766605D.d.F779782F011123924CC460542BD7AC73.e.4665/click - {}
RESULT: {}
RESULT: {}
COMMAND: POST /session/5a60c8b5c70bea8172ebe4add6912aad/execute/async - {"script":"<script> [1562 bytes]","args":[{"selector":{"id":"application-manageyards-display-component---NewYard--addressEditDetailsCostObjectCstType-arrow"},"wdio_ui5_key":"applicationmanageyards-display-component---NewYard--addressEditDetailsCostObjectCstType-arrow"}]}
COMMAND: GET /session/5a60c8b5c70bea8172ebe4add6912aad/screenshot - {}
RESULT: {"script":"<script> [1562 bytes]","args":[{"selector":{"id":"application-manageyards-display-component---NewYard--addressEditDetailsCostObjectCstType-arrow"},"wdio_ui5_key":"applicationmanageyards-display-component---NewYard--addressEditDetailsCostObjectCstType-arrow"}]}
RESULT: undefined
COMMAND: POST /session/5a60c8b5c70bea8172ebe4add6912aad/element - {"using":"xpath","value":"//*[@id=\"application-manageyards-display-component---NewYard--addressEditDetailsCostObjectCstType-arrow\"]"}
RESULT: {}
RESULT: {"using":"xpath","value":"//*[@id=\"application-manageyards-display-component---NewYard--addressEditDetailsCostObjectCstType-arrow\"]"}
COMMAND: POST /session/5a60c8b5c70bea8172ebe4add6912aad/element/f.6B59548A06B598AB2C6AF1A2C766605D.d.F779782F011123924CC460542BD7AC73.e.4667/click - {}
RESULT: {}
COMMAND: POST /session/5a60c8b5c70bea8172ebe4add6912aad/element - {"using":"xpath","value":"//span[contains(text(), \"Cost Center\")]"}
COMMAND: GET /session/5a60c8b5c70bea8172ebe4add6912aad/screenshot - {}
RESULT: {"using":"xpath","value":"//span[contains(text(), \"Cost Center\")]"}
COMMAND: POST /session/5a60c8b5c70bea8172ebe4add6912aad/element/f.6B59548A06B598AB2C6AF1A2C766605D.d.F779782F011123924CC460542BD7AC73.e.4668/click - {}
RESULT: {}
RESULT: {}
COMMAND: GET /session/5a60c8b5c70bea8172ebe4add6912aad/screenshot - {}
RESULT: {}
COMMAND: POST /session/5a60c8b5c70bea8172ebe4add6912aad/element - {"using":"xpath","value":"//span[@id=\"application-manageyards-display-component---NewYard--addressNewCostObjectCstID-vhi\"]"}
RESULT: {"using":"xpath","value":"//span[@id=\"application-manageyards-display-component---NewYard--addressNewCostObjectCstID-vhi\"]"}
COMMAND: POST /session/5a60c8b5c70bea8172ebe4add6912aad/execute/sync - {"script":"<script> [8489 bytes]","args":[{"element-6066-11e4-a52e-4f735466cecf":"f.6B59548A06B598AB2C6AF1A2C766605D.d.F779782F011123924CC460542BD7AC73.e.4672","ELEMENT":"f.6B59548A06B598AB2C6AF1A2C766605D.d.F779782F011123924CC460542BD7AC73.e.4672"}]}
RESULT: {"script":"<script> [8489 bytes]","args":[{"element-6066-11e4-a52e-4f735466cecf":"f.6B59548A06B598AB2C6AF1A2C766605D.d.F779782F011123924CC460542BD7AC73.e.4672","ELEMENT":"f.6B59548A06B598AB2C6AF1A2C766605D.d.F779782F011123924CC460542BD7AC73.e.4672"}]}
COMMAND: POST /session/5a60c8b5c70bea8172ebe4add6912aad/execute/async - {"script":"<script> [1562 bytes]","args":[{"selector":{"id":"application-manageyards-display-component---NewYard--addressNewCostObjectCstID-vhi"},"wdio_ui5_key":"applicationmanageyards-display-component---NewYard--addressNewCostObjectCstID-vhi"}]}
COMMAND: GET /session/5a60c8b5c70bea8172ebe4add6912aad/screenshot - {}
RESULT: {"script":"<script> [1562 bytes]","args":[{"selector":{"id":"application-manageyards-display-component---NewYard--addressNewCostObjectCstID-vhi"},"wdio_ui5_key":"applicationmanageyards-display-component---NewYard--addressNewCostObjectCstID-vhi"}]}
RESULT: undefined
COMMAND: POST /session/5a60c8b5c70bea8172ebe4add6912aad/element - {"using":"xpath","value":"//*[@id=\"application-manageyards-display-component---NewYard--addressNewCostObjectCstID-vhi\"]"}
RESULT: {}
RESULT: {"using":"xpath","value":"//*[@id=\"application-manageyards-display-component---NewYard--addressNewCostObjectCstID-vhi\"]"}
COMMAND: POST /session/5a60c8b5c70bea8172ebe4add6912aad/element/f.6B59548A06B598AB2C6AF1A2C766605D.d.F779782F011123924CC460542BD7AC73.e.4672/click - {}
RESULT: {}
COMMAND: GET /session/5a60c8b5c70bea8172ebe4add6912aad/screenshot - {}
RESULT: {}
COMMAND: POST /session/5a60c8b5c70bea8172ebe4add6912aad/execute/async - {"script":"<script> [1562 bytes]","args":[{"selector":{"controlType":"sap.m.SearchField","properties":{"placeholder":"Search"},"searchOpenDialogs":true,"interaction":{"idSuffix":"I"}},"wdio_ui5_key":"sapm.SearchField{\"placeholder\":\"Search\"}"}]}
RESULT: {"script":"<script> [1562 bytes]","args":[{"selector":{"controlType":"sap.m.SearchField","properties":{"placeholder":"Search"},"searchOpenDialogs":true,"interaction":{"idSuffix":"I"}},"wdio_ui5_key":"sapm.SearchField{\"placeholder\":\"Search\"}"}]}
RESULT: undefined
COMMAND: POST /session/5a60c8b5c70bea8172ebe4add6912aad/execute/async - {"script":"<script> [776 bytes]","args":[{"enterText":"10001013","selector":{"controlType":"sap.m.SearchField","properties":{"placeholder":"Search"},"searchOpenDialogs":true,"interaction":{"idSuffix":"I"}},"clearTextFirst":true,"interactionType":"ENTER_TEXT"}]}
RESULT: {"script":"<script> [776 bytes]","args":[{"enterText":"10001013","selector":{"controlType":"sap.m.SearchField","properties":{"placeholder":"Search"},"searchOpenDialogs":true,"interaction":{"idSuffix":"I"}},"clearTextFirst":true,"interactionType":"ENTER_TEXT"}]}
COMMAND: POST /session/5a60c8b5c70bea8172ebe4add6912aad/actions - {"actions":[{"id":"action21","type":"key","parameters":{},"actions":[{"type":"keyDown","value":"î€‡"},{"type":"pause","duration":10},{"type":"keyUp","value":"î€‡"}]}]}
RESULT: {"actions":[{"id":"action21","type":"key","parameters":{},"actions":[{"type":"keyDown","value":"î€‡"},{"type":"pause","duration":10},{"type":"keyUp","value":"î€‡"}]}]}
COMMAND: GET /session/5a60c8b5c70bea8172ebe4add6912aad/screenshot - {}
RESULT: {}
COMMAND: POST /session/5a60c8b5c70bea8172ebe4add6912aad/element - {"using":"xpath","value":"//span[contains(text(), \"General Management\")]"}
RESULT: {"using":"xpath","value":"//span[contains(text(), \"General Management\")]"}
COMMAND: POST /session/5a60c8b5c70bea8172ebe4add6912aad/element/f.6B59548A06B598AB2C6AF1A2C766605D.d.F779782F011123924CC460542BD7AC73.e.4713/click - {}
RESULT: {}
COMMAND: GET /session/5a60c8b5c70bea8172ebe4add6912aad/screenshot - {}
RESULT: {}
COMMAND: POST /session/5a60c8b5c70bea8172ebe4add6912aad/element - {"using":"xpath","value":"//bdi[contains(text(), \"OK\")]"}
RESULT: {"using":"xpath","value":"//bdi[contains(text(), \"OK\")]"}
COMMAND: POST /session/5a60c8b5c70bea8172ebe4add6912aad/element/f.6B59548A06B598AB2C6AF1A2C766605D.d.F779782F011123924CC460542BD7AC73.e.4714/click - {}
RESULT: {}
COMMAND: GET /session/5a60c8b5c70bea8172ebe4add6912aad/screenshot - {}
RESULT: {}
COMMAND: POST /session/5a60c8b5c70bea8172ebe4add6912aad/execute/async - {"script":"<script> [1562 bytes]","args":[{"selector":{"id":"application-manageyards-display-component---NewYard--addressEditDetailsCurrency-arrow"},"wdio_ui5_key":"applicationmanageyards-display-component---NewYard--addressEditDetailsCurrency-arrow"}]}
RESULT: {"script":"<script> [1562 bytes]","args":[{"selector":{"id":"application-manageyards-display-component---NewYard--addressEditDetailsCurrency-arrow"},"wdio_ui5_key":"applicationmanageyards-display-component---NewYard--addressEditDetailsCurrency-arrow"}]}
RESULT: undefined
COMMAND: POST /session/5a60c8b5c70bea8172ebe4add6912aad/element - {"using":"xpath","value":"//*[@id=\"application-manageyards-display-component---NewYard--addressEditDetailsCurrency-arrow\"]"}
RESULT: {"using":"xpath","value":"//*[@id=\"application-manageyards-display-component---NewYard--addressEditDetailsCurrency-arrow\"]"}
COMMAND: POST /session/5a60c8b5c70bea8172ebe4add6912aad/element/f.6B59548A06B598AB2C6AF1A2C766605D.d.F779782F011123924CC460542BD7AC73.e.4717/click - {}
RESULT: {}
COMMAND: POST /session/5a60c8b5c70bea8172ebe4add6912aad/element - {"using":"xpath","value":"//span[contains(text(), \"Euro\")]"}
COMMAND: GET /session/5a60c8b5c70bea8172ebe4add6912aad/screenshot - {}
RESULT: {"using":"xpath","value":"//span[contains(text(), \"Euro\")]"}
COMMAND: POST /session/5a60c8b5c70bea8172ebe4add6912aad/element/f.6B59548A06B598AB2C6AF1A2C766605D.d.F779782F011123924CC460542BD7AC73.e.4718/click - {}
RESULT: {}
RESULT: {}
COMMAND: POST /session/5a60c8b5c70bea8172ebe4add6912aad/execute/async - {"script":"<script> [1562 bytes]","args":[{"selector":{"controlType":"sap.m.Input","viewName":"etm.portal.ui.manageyards.view.New","viewId":"application-manageyards-display-component---NewYard","bindingPath":{"path":"","propertyPath":"/CONTROLLING_AREA","modelName":"NewYardModel"},"interaction":{"idSuffix":"inner"}},"wdio_ui5_key":"etmportal.ui.manageyards.view.Newsap.m.Input{\"path\":\"\",\"propertyPath\":\"/CONTROLLING_AREA\",\"modelName\":\"NewYardModel\"}"}]}
COMMAND: GET /session/5a60c8b5c70bea8172ebe4add6912aad/screenshot - {}
RESULT: {"script":"<script> [1562 bytes]","args":[{"selector":{"controlType":"sap.m.Input","viewName":"etm.portal.ui.manageyards.view.New","viewId":"application-manageyards-display-component---NewYard","bindingPath":{"path":"","propertyPath":"/CONTROLLING_AREA","modelName":"NewYardModel"},"interaction":{"idSuffix":"inner"}},"wdio_ui5_key":"etmportal.ui.manageyards.view.Newsap.m.Input{\"path\":\"\",\"propertyPath\":\"/CONTROLLING_AREA\",\"modelName\":\"NewYardModel\"}"}]}
RESULT: undefined
COMMAND: POST /session/5a60c8b5c70bea8172ebe4add6912aad/execute/async - {"script":"<script> [776 bytes]","args":[{"enterText":"Z001","selector":{"controlType":"sap.m.Input","viewName":"etm.portal.ui.manageyards.view.New","viewId":"application-manageyards-display-component---NewYard","bindingPath":{"path":"","propertyPath":"/CONTROLLING_AREA","modelName":"NewYardModel"},"interaction":{"idSuffix":"inner"}},"clearTextFirst":true,"interactionType":"ENTER_TEXT"}]}
RESULT: {}
RESULT: {"script":"<script> [776 bytes]","args":[{"enterText":"Z001","selector":{"controlType":"sap.m.Input","viewName":"etm.portal.ui.manageyards.view.New","viewId":"application-manageyards-display-component---NewYard","bindingPath":{"path":"","propertyPath":"/CONTROLLING_AREA","modelName":"NewYardModel"},"interaction":{"idSuffix":"inner"}},"clearTextFirst":true,"interactionType":"ENTER_TEXT"}]}
COMMAND: POST /session/5a60c8b5c70bea8172ebe4add6912aad/execute/async - {"script":"<script> [1562 bytes]","args":[{"selector":{"id":"application-manageyards-display-component---NewYard--companyCodeComboBox","interaction":{"idSuffix":"inner"}},"wdio_ui5_key":"applicationmanageyards-display-component---NewYard--companyCodeComboBox"}]}
RESULT: {"script":"<script> [1562 bytes]","args":[{"selector":{"id":"application-manageyards-display-component---NewYard--companyCodeComboBox","interaction":{"idSuffix":"inner"}},"wdio_ui5_key":"applicationmanageyards-display-component---NewYard--companyCodeComboBox"}]}
RESULT: undefined
COMMAND: POST /session/5a60c8b5c70bea8172ebe4add6912aad/execute/async - {"script":"<script> [776 bytes]","args":[{"enterText":"1000","selector":{"id":"application-manageyards-display-component---NewYard--companyCodeComboBox","interaction":{"idSuffix":"inner"}},"clearTextFirst":true,"interactionType":"ENTER_TEXT"}]}
RESULT: {"script":"<script> [776 bytes]","args":[{"enterText":"1000","selector":{"id":"application-manageyards-display-component---NewYard--companyCodeComboBox","interaction":{"idSuffix":"inner"}},"clearTextFirst":true,"interactionType":"ENTER_TEXT"}]}
COMMAND: POST /session/5a60c8b5c70bea8172ebe4add6912aad/execute/async - {"script":"<script> [1562 bytes]","args":[{"selector":{"controlType":"sap.m.Input","viewName":"etm.portal.ui.manageyards.view.New","viewId":"application-manageyards-display-component---NewYard","bindingPath":{"path":"","propertyPath":"/PLANT","modelName":"NewYardModel"},"interaction":{"idSuffix":"inner"}},"wdio_ui5_key":"etmportal.ui.manageyards.view.Newsap.m.Input{\"path\":\"\",\"propertyPath\":\"/PLANT\",\"modelName\":\"NewYardModel\"}"}]}
RESULT: {"script":"<script> [1562 bytes]","args":[{"selector":{"controlType":"sap.m.Input","viewName":"etm.portal.ui.manageyards.view.New","viewId":"application-manageyards-display-component---NewYard","bindingPath":{"path":"","propertyPath":"/PLANT","modelName":"NewYardModel"},"interaction":{"idSuffix":"inner"}},"wdio_ui5_key":"etmportal.ui.manageyards.view.Newsap.m.Input{\"path\":\"\",\"propertyPath\":\"/PLANT\",\"modelName\":\"NewYardModel\"}"}]}
RESULT: undefined
COMMAND: POST /session/5a60c8b5c70bea8172ebe4add6912aad/execute/async - {"script":"<script> [776 bytes]","args":[{"enterText":"1001","selector":{"controlType":"sap.m.Input","viewName":"etm.portal.ui.manageyards.view.New","viewId":"application-manageyards-display-component---NewYard","bindingPath":{"path":"","propertyPath":"/PLANT","modelName":"NewYardModel"},"interaction":{"idSuffix":"inner"}},"clearTextFirst":true,"interactionType":"ENTER_TEXT"}]}
RESULT: {"script":"<script> [776 bytes]","args":[{"enterText":"1001","selector":{"controlType":"sap.m.Input","viewName":"etm.portal.ui.manageyards.view.New","viewId":"application-manageyards-display-component---NewYard","bindingPath":{"path":"","propertyPath":"/PLANT","modelName":"NewYardModel"},"interaction":{"idSuffix":"inner"}},"clearTextFirst":true,"interactionType":"ENTER_TEXT"}]}
COMMAND: POST /session/5a60c8b5c70bea8172ebe4add6912aad/execute/async - {"script":"<script> [1562 bytes]","args":[{"selector":{"controlType":"sap.m.Input","viewName":"etm.portal.ui.manageyards.view.New","viewId":"application-manageyards-display-component---NewYard","bindingPath":{"path":"","propertyPath":"/SALES_AREA_VKORG","modelName":"NewYardModel"},"interaction":{"idSuffix":"inner"}},"wdio_ui5_key":"etmportal.ui.manageyards.view.Newsap.m.Input{\"path\":\"\",\"propertyPath\":\"/SALES_AREA_VKORG\",\"modelName\":\"NewYardModel\"}"}]}
RESULT: {"script":"<script> [1562 bytes]","args":[{"selector":{"controlType":"sap.m.Input","viewName":"etm.portal.ui.manageyards.view.New","viewId":"application-manageyards-display-component---NewYard","bindingPath":{"path":"","propertyPath":"/SALES_AREA_VKORG","modelName":"NewYardModel"},"interaction":{"idSuffix":"inner"}},"wdio_ui5_key":"etmportal.ui.manageyards.view.Newsap.m.Input{\"path\":\"\",\"propertyPath\":\"/SALES_AREA_VKORG\",\"modelName\":\"NewYardModel\"}"}]}
RESULT: undefined
COMMAND: POST /session/5a60c8b5c70bea8172ebe4add6912aad/execute/async - {"script":"<script> [776 bytes]","args":[{"enterText":"C002","selector":{"controlType":"sap.m.Input","viewName":"etm.portal.ui.manageyards.view.New","viewId":"application-manageyards-display-component---NewYard","bindingPath":{"path":"","propertyPath":"/SALES_AREA_VKORG","modelName":"NewYardModel"},"interaction":{"idSuffix":"inner"}},"clearTextFirst":true,"interactionType":"ENTER_TEXT"}]}
RESULT: {"script":"<script> [776 bytes]","args":[{"enterText":"C002","selector":{"controlType":"sap.m.Input","viewName":"etm.portal.ui.manageyards.view.New","viewId":"application-manageyards-display-component---NewYard","bindingPath":{"path":"","propertyPath":"/SALES_AREA_VKORG","modelName":"NewYardModel"},"interaction":{"idSuffix":"inner"}},"clearTextFirst":true,"interactionType":"ENTER_TEXT"}]}
COMMAND: POST /session/5a60c8b5c70bea8172ebe4add6912aad/execute/async - {"script":"<script> [1562 bytes]","args":[{"selector":{"controlType":"sap.m.Input","viewName":"etm.portal.ui.manageyards.view.New","viewId":"application-manageyards-display-component---NewYard","bindingPath":{"path":"","propertyPath":"/SALES_AREA_VTWEG","modelName":"NewYardModel"},"interaction":{"idSuffix":"inner"}},"wdio_ui5_key":"etmportal.ui.manageyards.view.Newsap.m.Input{\"path\":\"\",\"propertyPath\":\"/SALES_AREA_VTWEG\",\"modelName\":\"NewYardModel\"}"}]}
RESULT: {"script":"<script> [1562 bytes]","args":[{"selector":{"controlType":"sap.m.Input","viewName":"etm.portal.ui.manageyards.view.New","viewId":"application-manageyards-display-component---NewYard","bindingPath":{"path":"","propertyPath":"/SALES_AREA_VTWEG","modelName":"NewYardModel"},"interaction":{"idSuffix":"inner"}},"wdio_ui5_key":"etmportal.ui.manageyards.view.Newsap.m.Input{\"path\":\"\",\"propertyPath\":\"/SALES_AREA_VTWEG\",\"modelName\":\"NewYardModel\"}"}]}
RESULT: undefined
COMMAND: POST /session/5a60c8b5c70bea8172ebe4add6912aad/execute/async - {"script":"<script> [776 bytes]","args":[{"enterText":"C2","selector":{"controlType":"sap.m.Input","viewName":"etm.portal.ui.manageyards.view.New","viewId":"application-manageyards-display-component---NewYard","bindingPath":{"path":"","propertyPath":"/SALES_AREA_VTWEG","modelName":"NewYardModel"},"interaction":{"idSuffix":"inner"}},"clearTextFirst":true,"interactionType":"ENTER_TEXT"}]}
RESULT: {"script":"<script> [776 bytes]","args":[{"enterText":"C2","selector":{"controlType":"sap.m.Input","viewName":"etm.portal.ui.manageyards.view.New","viewId":"application-manageyards-display-component---NewYard","bindingPath":{"path":"","propertyPath":"/SALES_AREA_VTWEG","modelName":"NewYardModel"},"interaction":{"idSuffix":"inner"}},"clearTextFirst":true,"interactionType":"ENTER_TEXT"}]}
COMMAND: POST /session/5a60c8b5c70bea8172ebe4add6912aad/execute/async - {"script":"<script> [1562 bytes]","args":[{"selector":{"controlType":"sap.m.Input","viewName":"etm.portal.ui.manageyards.view.New","viewId":"application-manageyards-display-component---NewYard","bindingPath":{"path":"","propertyPath":"/SALES_AREA_SPART","modelName":"NewYardModel"},"interaction":{"idSuffix":"inner"}},"wdio_ui5_key":"etmportal.ui.manageyards.view.Newsap.m.Input{\"path\":\"\",\"propertyPath\":\"/SALES_AREA_SPART\",\"modelName\":\"NewYardModel\"}"}]}
RESULT: {"script":"<script> [1562 bytes]","args":[{"selector":{"controlType":"sap.m.Input","viewName":"etm.portal.ui.manageyards.view.New","viewId":"application-manageyards-display-component---NewYard","bindingPath":{"path":"","propertyPath":"/SALES_AREA_SPART","modelName":"NewYardModel"},"interaction":{"idSuffix":"inner"}},"wdio_ui5_key":"etmportal.ui.manageyards.view.Newsap.m.Input{\"path\":\"\",\"propertyPath\":\"/SALES_AREA_SPART\",\"modelName\":\"NewYardModel\"}"}]}
RESULT: undefined
COMMAND: POST /session/5a60c8b5c70bea8172ebe4add6912aad/execute/async - {"script":"<script> [776 bytes]","args":[{"enterText":"C2","selector":{"controlType":"sap.m.Input","viewName":"etm.portal.ui.manageyards.view.New","viewId":"application-manageyards-display-component---NewYard","bindingPath":{"path":"","propertyPath":"/SALES_AREA_SPART","modelName":"NewYardModel"},"interaction":{"idSuffix":"inner"}},"clearTextFirst":true,"interactionType":"ENTER_TEXT"}]}
RESULT: {"script":"<script> [776 bytes]","args":[{"enterText":"C2","selector":{"controlType":"sap.m.Input","viewName":"etm.portal.ui.manageyards.view.New","viewId":"application-manageyards-display-component---NewYard","bindingPath":{"path":"","propertyPath":"/SALES_AREA_SPART","modelName":"NewYardModel"},"interaction":{"idSuffix":"inner"}},"clearTextFirst":true,"interactionType":"ENTER_TEXT"}]}
COMMAND: POST /session/5a60c8b5c70bea8172ebe4add6912aad/execute/async - {"script":"<script> [1562 bytes]","args":[{"selector":{"controlType":"sap.m.Input","viewName":"etm.portal.ui.manageyards.view.New","viewId":"application-manageyards-display-component---NewYard","bindingPath":{"path":"","propertyPath":"/SHIP_POINT","modelName":"NewYardModel"},"interaction":{"idSuffix":"inner"}},"wdio_ui5_key":"etmportal.ui.manageyards.view.Newsap.m.Input{\"path\":\"\",\"propertyPath\":\"/SHIP_POINT\",\"modelName\":\"NewYardModel\"}"}]}
RESULT: {"script":"<script> [1562 bytes]","args":[{"selector":{"controlType":"sap.m.Input","viewName":"etm.portal.ui.manageyards.view.New","viewId":"application-manageyards-display-component---NewYard","bindingPath":{"path":"","propertyPath":"/SHIP_POINT","modelName":"NewYardModel"},"interaction":{"idSuffix":"inner"}},"wdio_ui5_key":"etmportal.ui.manageyards.view.Newsap.m.Input{\"path\":\"\",\"propertyPath\":\"/SHIP_POINT\",\"modelName\":\"NewYardModel\"}"}]}
RESULT: undefined
COMMAND: POST /session/5a60c8b5c70bea8172ebe4add6912aad/execute/async - {"script":"<script> [776 bytes]","args":[{"enterText":"1710","selector":{"controlType":"sap.m.Input","viewName":"etm.portal.ui.manageyards.view.New","viewId":"application-manageyards-display-component---NewYard","bindingPath":{"path":"","propertyPath":"/SHIP_POINT","modelName":"NewYardModel"},"interaction":{"idSuffix":"inner"}},"clearTextFirst":true,"interactionType":"ENTER_TEXT"}]}
RESULT: {"script":"<script> [776 bytes]","args":[{"enterText":"1710","selector":{"controlType":"sap.m.Input","viewName":"etm.portal.ui.manageyards.view.New","viewId":"application-manageyards-display-component---NewYard","bindingPath":{"path":"","propertyPath":"/SHIP_POINT","modelName":"NewYardModel"},"interaction":{"idSuffix":"inner"}},"clearTextFirst":true,"interactionType":"ENTER_TEXT"}]}
COMMAND: POST /session/5a60c8b5c70bea8172ebe4add6912aad/execute/async - {"script":"<script> [1562 bytes]","args":[{"selector":{"controlType":"sap.m.Input","viewName":"etm.portal.ui.manageyards.view.New","viewId":"application-manageyards-display-component---NewYard","bindingPath":{"path":"","propertyPath":"/DELIVERY_TYPE","modelName":"NewYardModel"},"interaction":{"idSuffix":"inner"}},"wdio_ui5_key":"etmportal.ui.manageyards.view.Newsap.m.Input{\"path\":\"\",\"propertyPath\":\"/DELIVERY_TYPE\",\"modelName\":\"NewYardModel\"}"}]}
RESULT: {"script":"<script> [1562 bytes]","args":[{"selector":{"controlType":"sap.m.Input","viewName":"etm.portal.ui.manageyards.view.New","viewId":"application-manageyards-display-component---NewYard","bindingPath":{"path":"","propertyPath":"/DELIVERY_TYPE","modelName":"NewYardModel"},"interaction":{"idSuffix":"inner"}},"wdio_ui5_key":"etmportal.ui.manageyards.view.Newsap.m.Input{\"path\":\"\",\"propertyPath\":\"/DELIVERY_TYPE\",\"modelName\":\"NewYardModel\"}"}]}
RESULT: undefined
COMMAND: POST /session/5a60c8b5c70bea8172ebe4add6912aad/execute/async - {"script":"<script> [776 bytes]","args":[{"enterText":"ZL01","selector":{"controlType":"sap.m.Input","viewName":"etm.portal.ui.manageyards.view.New","viewId":"application-manageyards-display-component---NewYard","bindingPath":{"path":"","propertyPath":"/DELIVERY_TYPE","modelName":"NewYardModel"},"interaction":{"idSuffix":"inner"}},"clearTextFirst":true,"interactionType":"ENTER_TEXT"}]}
RESULT: {"script":"<script> [776 bytes]","args":[{"enterText":"ZL01","selector":{"controlType":"sap.m.Input","viewName":"etm.portal.ui.manageyards.view.New","viewId":"application-manageyards-display-component---NewYard","bindingPath":{"path":"","propertyPath":"/DELIVERY_TYPE","modelName":"NewYardModel"},"interaction":{"idSuffix":"inner"}},"clearTextFirst":true,"interactionType":"ENTER_TEXT"}]}
COMMAND: POST /session/5a60c8b5c70bea8172ebe4add6912aad/execute/async - {"script":"<script> [1562 bytes]","args":[{"selector":{"controlType":"sap.m.Input","viewName":"etm.portal.ui.manageyards.view.New","viewId":"application-manageyards-display-component---NewYard","bindingPath":{"path":"","propertyPath":"/AUART","modelName":"NewYardModel"},"interaction":{"idSuffix":"inner"}},"wdio_ui5_key":"etmportal.ui.manageyards.view.Newsap.m.Input{\"path\":\"\",\"propertyPath\":\"/AUART\",\"modelName\":\"NewYardModel\"}"}]}
RESULT: {"script":"<script> [1562 bytes]","args":[{"selector":{"controlType":"sap.m.Input","viewName":"etm.portal.ui.manageyards.view.New","viewId":"application-manageyards-display-component---NewYard","bindingPath":{"path":"","propertyPath":"/AUART","modelName":"NewYardModel"},"interaction":{"idSuffix":"inner"}},"wdio_ui5_key":"etmportal.ui.manageyards.view.Newsap.m.Input{\"path\":\"\",\"propertyPath\":\"/AUART\",\"modelName\":\"NewYardModel\"}"}]}
RESULT: undefined
COMMAND: POST /session/5a60c8b5c70bea8172ebe4add6912aad/execute/async - {"script":"<script> [776 bytes]","args":[{"enterText":"TA","selector":{"controlType":"sap.m.Input","viewName":"etm.portal.ui.manageyards.view.New","viewId":"application-manageyards-display-component---NewYard","bindingPath":{"path":"","propertyPath":"/AUART","modelName":"NewYardModel"},"interaction":{"idSuffix":"inner"}},"clearTextFirst":true,"interactionType":"ENTER_TEXT"}]}
RESULT: {"script":"<script> [776 bytes]","args":[{"enterText":"TA","selector":{"controlType":"sap.m.Input","viewName":"etm.portal.ui.manageyards.view.New","viewId":"application-manageyards-display-component---NewYard","bindingPath":{"path":"","propertyPath":"/AUART","modelName":"NewYardModel"},"interaction":{"idSuffix":"inner"}},"clearTextFirst":true,"interactionType":"ENTER_TEXT"}]}
COMMAND: POST /session/5a60c8b5c70bea8172ebe4add6912aad/execute/async - {"script":"<script> [1562 bytes]","args":[{"selector":{"id":"application-manageyards-display-component---NewYard--whmCheckBox","interaction":{"idSuffix":"CbBg"}},"wdio_ui5_key":"applicationmanageyards-display-component---NewYard--whmCheckBox"}]}
RESULT: {"script":"<script> [1562 bytes]","args":[{"selector":{"id":"application-manageyards-display-component---NewYard--whmCheckBox","interaction":{"idSuffix":"CbBg"}},"wdio_ui5_key":"applicationmanageyards-display-component---NewYard--whmCheckBox"}]}
RESULT: undefined
COMMAND: POST /session/5a60c8b5c70bea8172ebe4add6912aad/element - {"using":"xpath","value":"//*[@id=\"application-manageyards-display-component---NewYard--whmCheckBox\"]"}
RESULT: {"using":"xpath","value":"//*[@id=\"application-manageyards-display-component---NewYard--whmCheckBox\"]"}
COMMAND: POST /session/5a60c8b5c70bea8172ebe4add6912aad/element/f.6B59548A06B598AB2C6AF1A2C766605D.d.F779782F011123924CC460542BD7AC73.e.4738/click - {}
RESULT: {}
COMMAND: GET /session/5a60c8b5c70bea8172ebe4add6912aad/screenshot - {}
RESULT: {}
COMMAND: POST /session/5a60c8b5c70bea8172ebe4add6912aad/element - {"using":"xpath","value":"//button[@data-kt=\"newYardSaveButton\"]"}
RESULT: {"using":"xpath","value":"//button[@data-kt=\"newYardSaveButton\"]"}
COMMAND: POST /session/5a60c8b5c70bea8172ebe4add6912aad/element/f.6B59548A06B598AB2C6AF1A2C766605D.d.F779782F011123924CC460542BD7AC73.e.4627/click - {}
RESULT: {}
COMMAND: GET /session/5a60c8b5c70bea8172ebe4add6912aad/screenshot - {}
RESULT: {}
COMMAND: POST /session/5a60c8b5c70bea8172ebe4add6912aad/element - {"using":"xpath","value":"//header[contains(@id, 'ObjectPageLayout-headerTitle')]/div[1]/div[2]/div[1]/span[1]"}
RESULT: {"using":"xpath","value":"//header[contains(@id, 'ObjectPageLayout-headerTitle')]/div[1]/div[2]/div[1]/span[1]"}
COMMAND: POST /session/5a60c8b5c70bea8172ebe4add6912aad/elements - {"using":"xpath","value":"//header[contains(@id, 'ObjectPageLayout-headerTitle')]/div[1]/div[2]/div[1]/span[1]"}
RESULT: {"using":"xpath","value":"//header[contains(@id, 'ObjectPageLayout-headerTitle')]/div[1]/div[2]/div[1]/span[1]"}
COMMAND: POST /session/5a60c8b5c70bea8172ebe4add6912aad/execute/sync - {"script":"<script> [56 bytes]","args":[{"element-6066-11e4-a52e-4f735466cecf":"f.6B59548A06B598AB2C6AF1A2C766605D.d.F779782F011123924CC460542BD7AC73.e.4943","ELEMENT":"f.6B59548A06B598AB2C6AF1A2C766605D.d.F779782F011123924CC460542BD7AC73.e.4943"}]}
RESULT: {"script":"<script> [56 bytes]","args":[{"element-6066-11e4-a52e-4f735466cecf":"f.6B59548A06B598AB2C6AF1A2C766605D.d.F779782F011123924CC460542BD7AC73.e.4943","ELEMENT":"f.6B59548A06B598AB2C6AF1A2C766605D.d.F779782F011123924CC460542BD7AC73.e.4943"}]}
COMMAND: GET /session/5a60c8b5c70bea8172ebe4add6912aad/screenshot - {}
RESULT: {}
COMMAND: POST /session/5a60c8b5c70bea8172ebe4add6912aad/element - {"using":"css selector","value":"#shell-header-logo"}
RESULT: {"using":"css selector","value":"#shell-header-logo"}
COMMAND: POST /session/5a60c8b5c70bea8172ebe4add6912aad/element/f.6B59548A06B598AB2C6AF1A2C766605D.d.F779782F011123924CC460542BD7AC73.e.4078/click - {}
RESULT: {}
COMMAND: GET /session/5a60c8b5c70bea8172ebe4add6912aad/screenshot - {}
RESULT: {}
COMMAND: POST /session/5a60c8b5c70bea8172ebe4add6912aad/execute/sync - {"script":"<script> [299 bytes]","args":[["getModel","getResource"]]}
RESULT: {"script":"<script> [299 bytes]","args":[["getModel","getResource"]]}
COMMAND: GET /session/5a60c8b5c70bea8172ebe4add6912aad/screenshot - {}
]]></system-out>
    </testcase>
    <testcase classname="chrome.135_0_7049_115.windows.Provide_to_Site_w/_warehouse_management_w/_clarification_US115878" name="Should create a new external WHM partner" time="81.25">
      <system-out><![CDATA[
COMMAND: POST /session/5a60c8b5c70bea8172ebe4add6912aad/window/fullscreen - {}
RESULT: {}
RESULT: {}
COMMAND: POST /session/5a60c8b5c70bea8172ebe4add6912aad/execute/async - {"script":"<script> [1562 bytes]","args":[{"selector":{"controlType":"sap.m.GenericTile","properties":{"header":"Manage Partners"}},"wdio_ui5_key":"sapm.GenericTile{\"header\":\"Manage Partners\"}"}]}
RESULT: {"script":"<script> [1562 bytes]","args":[{"selector":{"controlType":"sap.m.GenericTile","properties":{"header":"Manage Partners"}},"wdio_ui5_key":"sapm.GenericTile{\"header\":\"Manage Partners\"}"}]}
RESULT: undefined
COMMAND: POST /session/5a60c8b5c70bea8172ebe4add6912aad/element - {"using":"xpath","value":"//*[@id=\"__tile30\"]"}
RESULT: {"using":"xpath","value":"//*[@id=\"__tile30\"]"}
COMMAND: POST /session/5a60c8b5c70bea8172ebe4add6912aad/element/f.6B59548A06B598AB2C6AF1A2C766605D.d.F779782F011123924CC460542BD7AC73.e.4092/click - {}
RESULT: {}
COMMAND: POST /session/5a60c8b5c70bea8172ebe4add6912aad/element - {"using":"xpath","value":"//button[@data-kt=\"addButton\"]"}
COMMAND: GET /session/5a60c8b5c70bea8172ebe4add6912aad/screenshot - {}
RESULT: {"using":"xpath","value":"//button[@data-kt=\"addButton\"]"}
COMMAND: POST /session/5a60c8b5c70bea8172ebe4add6912aad/elements - {"using":"xpath","value":"//button[@data-kt=\"addButton\"]"}
RESULT: {}
RESULT: {"using":"xpath","value":"//button[@data-kt=\"addButton\"]"}
COMMAND: POST /session/5a60c8b5c70bea8172ebe4add6912aad/elements - {"using":"xpath","value":"//button[@data-kt=\"addButton\"]"}
RESULT: {"using":"xpath","value":"//button[@data-kt=\"addButton\"]"}
COMMAND: POST /session/5a60c8b5c70bea8172ebe4add6912aad/elements - {"using":"xpath","value":"//button[@data-kt=\"addButton\"]"}
RESULT: {"using":"xpath","value":"//button[@data-kt=\"addButton\"]"}
COMMAND: POST /session/5a60c8b5c70bea8172ebe4add6912aad/elements - {"using":"xpath","value":"//button[@data-kt=\"addButton\"]"}
RESULT: {"using":"xpath","value":"//button[@data-kt=\"addButton\"]"}
COMMAND: POST /session/5a60c8b5c70bea8172ebe4add6912aad/elements - {"using":"xpath","value":"//button[@data-kt=\"addButton\"]"}
RESULT: {"using":"xpath","value":"//button[@data-kt=\"addButton\"]"}
COMMAND: POST /session/5a60c8b5c70bea8172ebe4add6912aad/elements - {"using":"xpath","value":"//button[@data-kt=\"addButton\"]"}
RESULT: {"using":"xpath","value":"//button[@data-kt=\"addButton\"]"}
COMMAND: POST /session/5a60c8b5c70bea8172ebe4add6912aad/elements - {"using":"xpath","value":"//button[@data-kt=\"addButton\"]"}
RESULT: {"using":"xpath","value":"//button[@data-kt=\"addButton\"]"}
COMMAND: POST /session/5a60c8b5c70bea8172ebe4add6912aad/elements - {"using":"xpath","value":"//button[@data-kt=\"addButton\"]"}
RESULT: {"using":"xpath","value":"//button[@data-kt=\"addButton\"]"}
COMMAND: POST /session/5a60c8b5c70bea8172ebe4add6912aad/elements - {"using":"xpath","value":"//button[@data-kt=\"addButton\"]"}
RESULT: {"using":"xpath","value":"//button[@data-kt=\"addButton\"]"}
COMMAND: POST /session/5a60c8b5c70bea8172ebe4add6912aad/elements - {"using":"xpath","value":"//button[@data-kt=\"addButton\"]"}
RESULT: {"using":"xpath","value":"//button[@data-kt=\"addButton\"]"}
COMMAND: POST /session/5a60c8b5c70bea8172ebe4add6912aad/elements - {"using":"xpath","value":"//button[@data-kt=\"addButton\"]"}
RESULT: {"using":"xpath","value":"//button[@data-kt=\"addButton\"]"}
COMMAND: POST /session/5a60c8b5c70bea8172ebe4add6912aad/elements - {"using":"xpath","value":"//button[@data-kt=\"addButton\"]"}
RESULT: {"using":"xpath","value":"//button[@data-kt=\"addButton\"]"}
COMMAND: POST /session/5a60c8b5c70bea8172ebe4add6912aad/elements - {"using":"xpath","value":"//button[@data-kt=\"addButton\"]"}
RESULT: {"using":"xpath","value":"//button[@data-kt=\"addButton\"]"}
COMMAND: POST /session/5a60c8b5c70bea8172ebe4add6912aad/elements - {"using":"xpath","value":"//button[@data-kt=\"addButton\"]"}
RESULT: {"using":"xpath","value":"//button[@data-kt=\"addButton\"]"}
COMMAND: POST /session/5a60c8b5c70bea8172ebe4add6912aad/elements - {"using":"xpath","value":"//button[@data-kt=\"addButton\"]"}
RESULT: {"using":"xpath","value":"//button[@data-kt=\"addButton\"]"}
COMMAND: POST /session/5a60c8b5c70bea8172ebe4add6912aad/elements - {"using":"xpath","value":"//button[@data-kt=\"addButton\"]"}
RESULT: {"using":"xpath","value":"//button[@data-kt=\"addButton\"]"}
COMMAND: POST /session/5a60c8b5c70bea8172ebe4add6912aad/elements - {"using":"xpath","value":"//button[@data-kt=\"addButton\"]"}
RESULT: {"using":"xpath","value":"//button[@data-kt=\"addButton\"]"}
COMMAND: POST /session/5a60c8b5c70bea8172ebe4add6912aad/elements - {"using":"xpath","value":"//button[@data-kt=\"addButton\"]"}
RESULT: {"using":"xpath","value":"//button[@data-kt=\"addButton\"]"}
COMMAND: POST /session/5a60c8b5c70bea8172ebe4add6912aad/elements - {"using":"xpath","value":"//button[@data-kt=\"addButton\"]"}
RESULT: {"using":"xpath","value":"//button[@data-kt=\"addButton\"]"}
COMMAND: POST /session/5a60c8b5c70bea8172ebe4add6912aad/element - {"using":"xpath","value":"//button[@data-kt=\"addButton\"]"}
RESULT: {"using":"xpath","value":"//button[@data-kt=\"addButton\"]"}
COMMAND: POST /session/5a60c8b5c70bea8172ebe4add6912aad/execute/sync - {"script":"<script> [8489 bytes]","args":[{"element-6066-11e4-a52e-4f735466cecf":"f.6B59548A06B598AB2C6AF1A2C766605D.d.F779782F011123924CC460542BD7AC73.e.4994","ELEMENT":"f.6B59548A06B598AB2C6AF1A2C766605D.d.F779782F011123924CC460542BD7AC73.e.4994"}]}
RESULT: {"script":"<script> [8489 bytes]","args":[{"element-6066-11e4-a52e-4f735466cecf":"f.6B59548A06B598AB2C6AF1A2C766605D.d.F779782F011123924CC460542BD7AC73.e.4994","ELEMENT":"f.6B59548A06B598AB2C6AF1A2C766605D.d.F779782F011123924CC460542BD7AC73.e.4994"}]}
COMMAND: GET /session/5a60c8b5c70bea8172ebe4add6912aad/element/f.6B59548A06B598AB2C6AF1A2C766605D.d.F779782F011123924CC460542BD7AC73.e.4994/enabled - {}
COMMAND: GET /session/5a60c8b5c70bea8172ebe4add6912aad/screenshot - {}
RESULT: {}
COMMAND: POST /session/5a60c8b5c70bea8172ebe4add6912aad/execute/sync - {"script":"<script> [8489 bytes]","args":[{"element-6066-11e4-a52e-4f735466cecf":"f.6B59548A06B598AB2C6AF1A2C766605D.d.F779782F011123924CC460542BD7AC73.e.4994","ELEMENT":"f.6B59548A06B598AB2C6AF1A2C766605D.d.F779782F011123924CC460542BD7AC73.e.4994"}]}
COMMAND: GET /session/5a60c8b5c70bea8172ebe4add6912aad/screenshot - {}
RESULT: {}
RESULT: {"script":"<script> [8489 bytes]","args":[{"element-6066-11e4-a52e-4f735466cecf":"f.6B59548A06B598AB2C6AF1A2C766605D.d.F779782F011123924CC460542BD7AC73.e.4994","ELEMENT":"f.6B59548A06B598AB2C6AF1A2C766605D.d.F779782F011123924CC460542BD7AC73.e.4994"}]}
COMMAND: POST /session/5a60c8b5c70bea8172ebe4add6912aad/execute/sync - {"script":"<script> [5351 bytes]","args":[{"element-6066-11e4-a52e-4f735466cecf":"f.6B59548A06B598AB2C6AF1A2C766605D.d.F779782F011123924CC460542BD7AC73.e.4994","ELEMENT":"f.6B59548A06B598AB2C6AF1A2C766605D.d.F779782F011123924CC460542BD7AC73.e.4994"}]}
COMMAND: GET /session/5a60c8b5c70bea8172ebe4add6912aad/screenshot - {}
RESULT: {}
RESULT: {"script":"<script> [5351 bytes]","args":[{"element-6066-11e4-a52e-4f735466cecf":"f.6B59548A06B598AB2C6AF1A2C766605D.d.F779782F011123924CC460542BD7AC73.e.4994","ELEMENT":"f.6B59548A06B598AB2C6AF1A2C766605D.d.F779782F011123924CC460542BD7AC73.e.4994"}]}
COMMAND: POST /session/5a60c8b5c70bea8172ebe4add6912aad/element/f.6B59548A06B598AB2C6AF1A2C766605D.d.F779782F011123924CC460542BD7AC73.e.4994/click - {}
COMMAND: GET /session/5a60c8b5c70bea8172ebe4add6912aad/screenshot - {}
RESULT: {}
RESULT: {}
COMMAND: GET /session/5a60c8b5c70bea8172ebe4add6912aad/screenshot - {}
COMMAND: POST /session/5a60c8b5c70bea8172ebe4add6912aad/execute/async - {"script":"<script> [1562 bytes]","args":[{"selector":{"id":"application-managepartners-display-component---NewPartner--addressDetailDetailsName1","interaction":{"idSuffix":"inner"}},"wdio_ui5_key":"applicationmanagepartners-display-component---NewPartner--addressDetailDetailsName1"}]}
RESULT: {}
RESULT: {}
RESULT: {"script":"<script> [1562 bytes]","args":[{"selector":{"id":"application-managepartners-display-component---NewPartner--addressDetailDetailsName1","interaction":{"idSuffix":"inner"}},"wdio_ui5_key":"applicationmanagepartners-display-component---NewPartner--addressDetailDetailsName1"}]}
RESULT: undefined
COMMAND: POST /session/5a60c8b5c70bea8172ebe4add6912aad/execute/async - {"script":"<script> [776 bytes]","args":[{"enterText":"External Partner WDIO","selector":{"id":"application-managepartners-display-component---NewPartner--addressDetailDetailsName1","interaction":{"idSuffix":"inner"}},"clearTextFirst":true,"interactionType":"ENTER_TEXT"}]}
RESULT: {"script":"<script> [776 bytes]","args":[{"enterText":"External Partner WDIO","selector":{"id":"application-managepartners-display-component---NewPartner--addressDetailDetailsName1","interaction":{"idSuffix":"inner"}},"clearTextFirst":true,"interactionType":"ENTER_TEXT"}]}
COMMAND: POST /session/5a60c8b5c70bea8172ebe4add6912aad/execute/async - {"script":"<script> [1562 bytes]","args":[{"selector":{"id":"application-managepartners-display-component---NewPartner--addressDetailDetailsLanguage-arrow"},"wdio_ui5_key":"applicationmanagepartners-display-component---NewPartner--addressDetailDetailsLanguage-arrow"}]}
RESULT: {"script":"<script> [1562 bytes]","args":[{"selector":{"id":"application-managepartners-display-component---NewPartner--addressDetailDetailsLanguage-arrow"},"wdio_ui5_key":"applicationmanagepartners-display-component---NewPartner--addressDetailDetailsLanguage-arrow"}]}
RESULT: undefined
COMMAND: POST /session/5a60c8b5c70bea8172ebe4add6912aad/element - {"using":"xpath","value":"//*[@id=\"application-managepartners-display-component---NewPartner--addressDetailDetailsLanguage-arrow\"]"}
RESULT: {"using":"xpath","value":"//*[@id=\"application-managepartners-display-component---NewPartner--addressDetailDetailsLanguage-arrow\"]"}
COMMAND: POST /session/5a60c8b5c70bea8172ebe4add6912aad/element/f.6B59548A06B598AB2C6AF1A2C766605D.d.F779782F011123924CC460542BD7AC73.e.5436/click - {}
RESULT: {}
COMMAND: POST /session/5a60c8b5c70bea8172ebe4add6912aad/element - {"using":"xpath","value":"//span[contains(text(), \"English\")]"}
COMMAND: GET /session/5a60c8b5c70bea8172ebe4add6912aad/screenshot - {}
RESULT: {"using":"xpath","value":"//span[contains(text(), \"English\")]"}
COMMAND: POST /session/5a60c8b5c70bea8172ebe4add6912aad/element/f.6B59548A06B598AB2C6AF1A2C766605D.d.F779782F011123924CC460542BD7AC73.e.5437/click - {}
RESULT: {}
RESULT: {}
COMMAND: GET /session/5a60c8b5c70bea8172ebe4add6912aad/screenshot - {}
RESULT: {}
COMMAND: POST /session/5a60c8b5c70bea8172ebe4add6912aad/execute/async - {"script":"<script> [1562 bytes]","args":[{"selector":{"id":"application-managepartners-display-component---NewPartner--addressDetailDetailsCity1","interaction":{"idSuffix":"inner"}},"wdio_ui5_key":"applicationmanagepartners-display-component---NewPartner--addressDetailDetailsCity1"}]}
RESULT: {"script":"<script> [1562 bytes]","args":[{"selector":{"id":"application-managepartners-display-component---NewPartner--addressDetailDetailsCity1","interaction":{"idSuffix":"inner"}},"wdio_ui5_key":"applicationmanagepartners-display-component---NewPartner--addressDetailDetailsCity1"}]}
RESULT: undefined
COMMAND: POST /session/5a60c8b5c70bea8172ebe4add6912aad/execute/async - {"script":"<script> [776 bytes]","args":[{"enterText":"Rosario","selector":{"id":"application-managepartners-display-component---NewPartner--addressDetailDetailsCity1","interaction":{"idSuffix":"inner"}},"clearTextFirst":true,"interactionType":"ENTER_TEXT"}]}
RESULT: {"script":"<script> [776 bytes]","args":[{"enterText":"Rosario","selector":{"id":"application-managepartners-display-component---NewPartner--addressDetailDetailsCity1","interaction":{"idSuffix":"inner"}},"clearTextFirst":true,"interactionType":"ENTER_TEXT"}]}
COMMAND: POST /session/5a60c8b5c70bea8172ebe4add6912aad/execute/async - {"script":"<script> [1562 bytes]","args":[{"selector":{"id":"application-managepartners-display-component---NewPartner--addressDetailDetailsCountry-arrow"},"wdio_ui5_key":"applicationmanagepartners-display-component---NewPartner--addressDetailDetailsCountry-arrow"}]}
RESULT: {"script":"<script> [1562 bytes]","args":[{"selector":{"id":"application-managepartners-display-component---NewPartner--addressDetailDetailsCountry-arrow"},"wdio_ui5_key":"applicationmanagepartners-display-component---NewPartner--addressDetailDetailsCountry-arrow"}]}
RESULT: undefined
COMMAND: POST /session/5a60c8b5c70bea8172ebe4add6912aad/element - {"using":"xpath","value":"//*[@id=\"application-managepartners-display-component---NewPartner--addressDetailDetailsCountry-arrow\"]"}
RESULT: {"using":"xpath","value":"//*[@id=\"application-managepartners-display-component---NewPartner--addressDetailDetailsCountry-arrow\"]"}
COMMAND: POST /session/5a60c8b5c70bea8172ebe4add6912aad/element/f.6B59548A06B598AB2C6AF1A2C766605D.d.F779782F011123924CC460542BD7AC73.e.5422/click - {}
RESULT: {}
COMMAND: POST /session/5a60c8b5c70bea8172ebe4add6912aad/element - {"using":"xpath","value":"//span[contains(text(), \"Argentina\")]"}
COMMAND: GET /session/5a60c8b5c70bea8172ebe4add6912aad/screenshot - {}
RESULT: {"using":"xpath","value":"//span[contains(text(), \"Argentina\")]"}
COMMAND: POST /session/5a60c8b5c70bea8172ebe4add6912aad/element/f.6B59548A06B598AB2C6AF1A2C766605D.d.F779782F011123924CC460542BD7AC73.e.5439/click - {}
RESULT: {}
RESULT: {}
COMMAND: GET /session/5a60c8b5c70bea8172ebe4add6912aad/screenshot - {}
RESULT: {}
COMMAND: POST /session/5a60c8b5c70bea8172ebe4add6912aad/element - {"using":"xpath","value":"//bdi[contains(text(), \"Commercial\")]"}
RESULT: {"using":"xpath","value":"//bdi[contains(text(), \"Commercial\")]"}
COMMAND: POST /session/5a60c8b5c70bea8172ebe4add6912aad/element/f.6B59548A06B598AB2C6AF1A2C766605D.d.F779782F011123924CC460542BD7AC73.e.5440/click - {}
RESULT: {}
COMMAND: GET /session/5a60c8b5c70bea8172ebe4add6912aad/screenshot - {}
RESULT: {}
COMMAND: POST /session/5a60c8b5c70bea8172ebe4add6912aad/execute/async - {"script":"<script> [1562 bytes]","args":[{"selector":{"id":"application-managepartners-display-component---NewPartner--partnerDetailInternal-arrow"},"wdio_ui5_key":"applicationmanagepartners-display-component---NewPartner--partnerDetailInternal-arrow"}]}
RESULT: {"script":"<script> [1562 bytes]","args":[{"selector":{"id":"application-managepartners-display-component---NewPartner--partnerDetailInternal-arrow"},"wdio_ui5_key":"applicationmanagepartners-display-component---NewPartner--partnerDetailInternal-arrow"}]}
RESULT: undefined
COMMAND: POST /session/5a60c8b5c70bea8172ebe4add6912aad/element - {"using":"xpath","value":"//*[@id=\"application-managepartners-display-component---NewPartner--partnerDetailInternal-arrow\"]"}
RESULT: {"using":"xpath","value":"//*[@id=\"application-managepartners-display-component---NewPartner--partnerDetailInternal-arrow\"]"}
COMMAND: POST /session/5a60c8b5c70bea8172ebe4add6912aad/element/f.6B59548A06B598AB2C6AF1A2C766605D.d.F779782F011123924CC460542BD7AC73.e.5446/click - {}
RESULT: {}
COMMAND: POST /session/5a60c8b5c70bea8172ebe4add6912aad/element - {"using":"xpath","value":"//span[contains(text(), \"External partner\")]"}
COMMAND: GET /session/5a60c8b5c70bea8172ebe4add6912aad/screenshot - {}
RESULT: {"using":"xpath","value":"//span[contains(text(), \"External partner\")]"}
COMMAND: POST /session/5a60c8b5c70bea8172ebe4add6912aad/element/f.6B59548A06B598AB2C6AF1A2C766605D.d.F779782F011123924CC460542BD7AC73.e.5447/click - {}
RESULT: {}
RESULT: {}
COMMAND: POST /session/5a60c8b5c70bea8172ebe4add6912aad/execute/async - {"script":"<script> [1562 bytes]","args":[{"selector":{"id":"application-managepartners-display-component---NewPartner--partnerDetailsCurrency-arrow"},"wdio_ui5_key":"applicationmanagepartners-display-component---NewPartner--partnerDetailsCurrency-arrow"}]}
COMMAND: GET /session/5a60c8b5c70bea8172ebe4add6912aad/screenshot - {}
RESULT: {"script":"<script> [1562 bytes]","args":[{"selector":{"id":"application-managepartners-display-component---NewPartner--partnerDetailsCurrency-arrow"},"wdio_ui5_key":"applicationmanagepartners-display-component---NewPartner--partnerDetailsCurrency-arrow"}]}
RESULT: undefined
COMMAND: POST /session/5a60c8b5c70bea8172ebe4add6912aad/element - {"using":"xpath","value":"//*[@id=\"application-managepartners-display-component---NewPartner--partnerDetailsCurrency-arrow\"]"}
RESULT: {}
RESULT: {"using":"xpath","value":"//*[@id=\"application-managepartners-display-component---NewPartner--partnerDetailsCurrency-arrow\"]"}
COMMAND: POST /session/5a60c8b5c70bea8172ebe4add6912aad/element/f.6B59548A06B598AB2C6AF1A2C766605D.d.F779782F011123924CC460542BD7AC73.e.5452/click - {}
RESULT: {}
COMMAND: POST /session/5a60c8b5c70bea8172ebe4add6912aad/element - {"using":"xpath","value":"//span[contains(text(), \"US Dollar\")]"}
COMMAND: GET /session/5a60c8b5c70bea8172ebe4add6912aad/screenshot - {}
RESULT: {"using":"xpath","value":"//span[contains(text(), \"US Dollar\")]"}
COMMAND: POST /session/5a60c8b5c70bea8172ebe4add6912aad/element/f.6B59548A06B598AB2C6AF1A2C766605D.d.F779782F011123924CC460542BD7AC73.e.5453/click - {}
RESULT: {}
RESULT: {}
COMMAND: GET /session/5a60c8b5c70bea8172ebe4add6912aad/screenshot - {}
RESULT: {}
COMMAND: POST /session/5a60c8b5c70bea8172ebe4add6912aad/element - {"using":"xpath","value":"//input[@id=\"application-managepartners-display-component---NewPartner--companyCodeComboBox-inner\"]"}
RESULT: {"using":"xpath","value":"//input[@id=\"application-managepartners-display-component---NewPartner--companyCodeComboBox-inner\"]"}
COMMAND: POST /session/5a60c8b5c70bea8172ebe4add6912aad/element/f.6B59548A06B598AB2C6AF1A2C766605D.d.F779782F011123924CC460542BD7AC73.e.5294/clear - {}
RESULT: {}
COMMAND: POST /session/5a60c8b5c70bea8172ebe4add6912aad/element/f.6B59548A06B598AB2C6AF1A2C766605D.d.F779782F011123924CC460542BD7AC73.e.5294/value - {"text":"C002"}
COMMAND: GET /session/5a60c8b5c70bea8172ebe4add6912aad/screenshot - {}
RESULT: {"text":"C002"}
COMMAND: GET /session/5a60c8b5c70bea8172ebe4add6912aad/screenshot - {}
RESULT: {}
RESULT: {}
COMMAND: POST /session/5a60c8b5c70bea8172ebe4add6912aad/element - {"using":"xpath","value":"//li[.//span[text()= \"C002\"]]"}
RESULT: {"using":"xpath","value":"//li[.//span[text()= \"C002\"]]"}
COMMAND: POST /session/5a60c8b5c70bea8172ebe4add6912aad/element/f.6B59548A06B598AB2C6AF1A2C766605D.d.F779782F011123924CC460542BD7AC73.e.5457/click - {}
RESULT: {}
COMMAND: GET /session/5a60c8b5c70bea8172ebe4add6912aad/screenshot - {}
RESULT: {}
COMMAND: POST /session/5a60c8b5c70bea8172ebe4add6912aad/execute/async - {"script":"<script> [1562 bytes]","args":[{"selector":{"id":"application-managepartners-display-component---NewPartner--btnAddTableRow-img"},"wdio_ui5_key":"applicationmanagepartners-display-component---NewPartner--btnAddTableRow-img"}]}
RESULT: {"script":"<script> [1562 bytes]","args":[{"selector":{"id":"application-managepartners-display-component---NewPartner--btnAddTableRow-img"},"wdio_ui5_key":"applicationmanagepartners-display-component---NewPartner--btnAddTableRow-img"}]}
RESULT: undefined
COMMAND: POST /session/5a60c8b5c70bea8172ebe4add6912aad/element - {"using":"xpath","value":"//*[@id=\"application-managepartners-display-component---NewPartner--btnAddTableRow-img\"]"}
RESULT: {"using":"xpath","value":"//*[@id=\"application-managepartners-display-component---NewPartner--btnAddTableRow-img\"]"}
COMMAND: POST /session/5a60c8b5c70bea8172ebe4add6912aad/element/f.6B59548A06B598AB2C6AF1A2C766605D.d.F779782F011123924CC460542BD7AC73.e.5458/click - {}
RESULT: {}
COMMAND: GET /session/5a60c8b5c70bea8172ebe4add6912aad/screenshot - {}
RESULT: {}
COMMAND: POST /session/5a60c8b5c70bea8172ebe4add6912aad/element - {"using":"xpath","value":"//input[@id=\"application-managepartners-display-component---NewPartner--assignmentYard-application-managepartners-display-component---NewPartner--assignmentsTable-0-inner\"]"}
RESULT: {"using":"xpath","value":"//input[@id=\"application-managepartners-display-component---NewPartner--assignmentYard-application-managepartners-display-component---NewPartner--assignmentsTable-0-inner\"]"}
COMMAND: POST /session/5a60c8b5c70bea8172ebe4add6912aad/element/f.6B59548A06B598AB2C6AF1A2C766605D.d.F779782F011123924CC460542BD7AC73.e.5461/clear - {}
RESULT: {}
COMMAND: POST /session/5a60c8b5c70bea8172ebe4add6912aad/element/f.6B59548A06B598AB2C6AF1A2C766605D.d.F779782F011123924CC460542BD7AC73.e.5461/value - {"text":"663"}
COMMAND: GET /session/5a60c8b5c70bea8172ebe4add6912aad/screenshot - {}
RESULT: {"text":"663"}
COMMAND: GET /session/5a60c8b5c70bea8172ebe4add6912aad/screenshot - {}
RESULT: {}
RESULT: {}
COMMAND: POST /session/5a60c8b5c70bea8172ebe4add6912aad/element - {"using":"xpath","value":"//li[.//span[text()='663']]"}
RESULT: {"using":"xpath","value":"//li[.//span[text()='663']]"}
COMMAND: POST /session/5a60c8b5c70bea8172ebe4add6912aad/element/f.6B59548A06B598AB2C6AF1A2C766605D.d.F779782F011123924CC460542BD7AC73.e.5469/click - {}
RESULT: {}
COMMAND: GET /session/5a60c8b5c70bea8172ebe4add6912aad/screenshot - {}
RESULT: {}
COMMAND: POST /session/5a60c8b5c70bea8172ebe4add6912aad/actions - {"actions":[{"id":"action22","type":"key","parameters":{},"actions":[{"type":"keyDown","value":"î€‡"},{"type":"pause","duration":10},{"type":"keyUp","value":"î€‡"}]}]}
RESULT: {"actions":[{"id":"action22","type":"key","parameters":{},"actions":[{"type":"keyDown","value":"î€‡"},{"type":"pause","duration":10},{"type":"keyUp","value":"î€‡"}]}]}
COMMAND: POST /session/5a60c8b5c70bea8172ebe4add6912aad/element - {"using":"xpath","value":"//td[contains(@id, \"assignmentsTable-0-cell2\")]/div/div"}
COMMAND: GET /session/5a60c8b5c70bea8172ebe4add6912aad/screenshot - {}
RESULT: {"using":"xpath","value":"//td[contains(@id, \"assignmentsTable-0-cell2\")]/div/div"}
COMMAND: POST /session/5a60c8b5c70bea8172ebe4add6912aad/element/f.6B59548A06B598AB2C6AF1A2C766605D.d.F779782F011123924CC460542BD7AC73.e.5472/click - {}
RESULT: {}
RESULT: {}
COMMAND: GET /session/5a60c8b5c70bea8172ebe4add6912aad/screenshot - {}
RESULT: {}
COMMAND: POST /session/5a60c8b5c70bea8172ebe4add6912aad/element - {"using":"xpath","value":"//button[@data-kt=\"saveButton\"]"}
RESULT: {"using":"xpath","value":"//button[@data-kt=\"saveButton\"]"}
COMMAND: POST /session/5a60c8b5c70bea8172ebe4add6912aad/element/f.6B59548A06B598AB2C6AF1A2C766605D.d.F779782F011123924CC460542BD7AC73.e.5373/click - {}
RESULT: {}
COMMAND: GET /session/5a60c8b5c70bea8172ebe4add6912aad/screenshot - {}
RESULT: {}
COMMAND: POST /session/5a60c8b5c70bea8172ebe4add6912aad/element - {"using":"xpath","value":"//header[contains(@id, 'ObjectPageLayout-headerTitle')]/div[1]/div[2]/div[2]/span[1]"}
RESULT: {"using":"xpath","value":"//header[contains(@id, 'ObjectPageLayout-headerTitle')]/div[1]/div[2]/div[2]/span[1]"}
COMMAND: POST /session/5a60c8b5c70bea8172ebe4add6912aad/elements - {"using":"xpath","value":"//header[contains(@id, 'ObjectPageLayout-headerTitle')]/div[1]/div[2]/div[2]/span[1]"}
RESULT: {"using":"xpath","value":"//header[contains(@id, 'ObjectPageLayout-headerTitle')]/div[1]/div[2]/div[2]/span[1]"}
COMMAND: POST /session/5a60c8b5c70bea8172ebe4add6912aad/execute/sync - {"script":"<script> [56 bytes]","args":[{"element-6066-11e4-a52e-4f735466cecf":"f.6B59548A06B598AB2C6AF1A2C766605D.d.F779782F011123924CC460542BD7AC73.e.5635","ELEMENT":"f.6B59548A06B598AB2C6AF1A2C766605D.d.F779782F011123924CC460542BD7AC73.e.5635"}]}
RESULT: {"script":"<script> [56 bytes]","args":[{"element-6066-11e4-a52e-4f735466cecf":"f.6B59548A06B598AB2C6AF1A2C766605D.d.F779782F011123924CC460542BD7AC73.e.5635","ELEMENT":"f.6B59548A06B598AB2C6AF1A2C766605D.d.F779782F011123924CC460542BD7AC73.e.5635"}]}
COMMAND: POST /session/5a60c8b5c70bea8172ebe4add6912aad/element - {"using":"css selector","value":"#shell-header-logo"}
COMMAND: GET /session/5a60c8b5c70bea8172ebe4add6912aad/screenshot - {}
RESULT: {"using":"css selector","value":"#shell-header-logo"}
COMMAND: POST /session/5a60c8b5c70bea8172ebe4add6912aad/element/f.6B59548A06B598AB2C6AF1A2C766605D.d.F779782F011123924CC460542BD7AC73.e.4949/click - {}
RESULT: {}
RESULT: {}
COMMAND: GET /session/5a60c8b5c70bea8172ebe4add6912aad/screenshot - {}
RESULT: {}
COMMAND: POST /session/5a60c8b5c70bea8172ebe4add6912aad/execute/sync - {"script":"<script> [299 bytes]","args":[["getModel","getResource"]]}
RESULT: {"script":"<script> [299 bytes]","args":[["getModel","getResource"]]}
]]></system-out>
    </testcase>
    <testcase classname="chrome.135_0_7049_115.windows.Provide_to_Site_w/_warehouse_management_w/_clarification_US115878" name="Should create a new WHM site" time="144.307">
      <system-out><![CDATA[
COMMAND: POST /session/5a60c8b5c70bea8172ebe4add6912aad/execute/async - {"script":"<script> [1562 bytes]","args":[{"selector":{"controlType":"sap.m.TileContent","bindingPath":{"path":"","propertyPath":"/properties/info"},"ancestor":{"controlType":"sap.m.GenericTile","properties":{"header":"Manage Sites"}}},"wdio_ui5_key":"sapm.TileContent{\"path\":\"\",\"propertyPath\":\"/properties/info\"}{\"controlType\":\"sap.m.GenericTile\",\"properties\":{\"header\":\"Manage Sites\"}}"}]}
COMMAND: GET /session/5a60c8b5c70bea8172ebe4add6912aad/screenshot - {}
RESULT: {"script":"<script> [1562 bytes]","args":[{"selector":{"controlType":"sap.m.TileContent","bindingPath":{"path":"","propertyPath":"/properties/info"},"ancestor":{"controlType":"sap.m.GenericTile","properties":{"header":"Manage Sites"}}},"wdio_ui5_key":"sapm.TileContent{\"path\":\"\",\"propertyPath\":\"/properties/info\"}{\"controlType\":\"sap.m.GenericTile\",\"properties\":{\"header\":\"Manage Sites\"}}"}]}
RESULT: undefined
COMMAND: POST /session/5a60c8b5c70bea8172ebe4add6912aad/element - {"using":"xpath","value":"//*[@id=\"__xmlview7--numericTileContent\"]"}
RESULT: {}
RESULT: {"using":"xpath","value":"//*[@id=\"__xmlview7--numericTileContent\"]"}
COMMAND: POST /session/5a60c8b5c70bea8172ebe4add6912aad/element/f.6B59548A06B598AB2C6AF1A2C766605D.d.F779782F011123924CC460542BD7AC73.e.5637/click - {}
RESULT: {}
COMMAND: POST /session/5a60c8b5c70bea8172ebe4add6912aad/element - {"using":"xpath","value":"//button[@data-kt=\"addOverflowToolbarButton\"]"}
COMMAND: GET /session/5a60c8b5c70bea8172ebe4add6912aad/screenshot - {}
RESULT: {"using":"xpath","value":"//button[@data-kt=\"addOverflowToolbarButton\"]"}
COMMAND: POST /session/5a60c8b5c70bea8172ebe4add6912aad/elements - {"using":"xpath","value":"//button[@data-kt=\"addOverflowToolbarButton\"]"}
RESULT: {}
RESULT: {"using":"xpath","value":"//button[@data-kt=\"addOverflowToolbarButton\"]"}
COMMAND: POST /session/5a60c8b5c70bea8172ebe4add6912aad/elements - {"using":"xpath","value":"//button[@data-kt=\"addOverflowToolbarButton\"]"}
RESULT: {"using":"xpath","value":"//button[@data-kt=\"addOverflowToolbarButton\"]"}
COMMAND: POST /session/5a60c8b5c70bea8172ebe4add6912aad/element - {"using":"xpath","value":"//button[@data-kt=\"addOverflowToolbarButton\"]"}
RESULT: {"using":"xpath","value":"//button[@data-kt=\"addOverflowToolbarButton\"]"}
COMMAND: POST /session/5a60c8b5c70bea8172ebe4add6912aad/execute/sync - {"script":"<script> [8489 bytes]","args":[{"element-6066-11e4-a52e-4f735466cecf":"f.6B59548A06B598AB2C6AF1A2C766605D.d.F779782F011123924CC460542BD7AC73.e.5682","ELEMENT":"f.6B59548A06B598AB2C6AF1A2C766605D.d.F779782F011123924CC460542BD7AC73.e.5682"}]}
RESULT: {"script":"<script> [8489 bytes]","args":[{"element-6066-11e4-a52e-4f735466cecf":"f.6B59548A06B598AB2C6AF1A2C766605D.d.F779782F011123924CC460542BD7AC73.e.5682","ELEMENT":"f.6B59548A06B598AB2C6AF1A2C766605D.d.F779782F011123924CC460542BD7AC73.e.5682"}]}
COMMAND: GET /session/5a60c8b5c70bea8172ebe4add6912aad/element/f.6B59548A06B598AB2C6AF1A2C766605D.d.F779782F011123924CC460542BD7AC73.e.5682/enabled - {}
COMMAND: GET /session/5a60c8b5c70bea8172ebe4add6912aad/screenshot - {}
RESULT: {}
COMMAND: POST /session/5a60c8b5c70bea8172ebe4add6912aad/execute/sync - {"script":"<script> [8489 bytes]","args":[{"element-6066-11e4-a52e-4f735466cecf":"f.6B59548A06B598AB2C6AF1A2C766605D.d.F779782F011123924CC460542BD7AC73.e.5682","ELEMENT":"f.6B59548A06B598AB2C6AF1A2C766605D.d.F779782F011123924CC460542BD7AC73.e.5682"}]}
COMMAND: GET /session/5a60c8b5c70bea8172ebe4add6912aad/screenshot - {}
RESULT: {}
RESULT: {"script":"<script> [8489 bytes]","args":[{"element-6066-11e4-a52e-4f735466cecf":"f.6B59548A06B598AB2C6AF1A2C766605D.d.F779782F011123924CC460542BD7AC73.e.5682","ELEMENT":"f.6B59548A06B598AB2C6AF1A2C766605D.d.F779782F011123924CC460542BD7AC73.e.5682"}]}
COMMAND: POST /session/5a60c8b5c70bea8172ebe4add6912aad/execute/sync - {"script":"<script> [5351 bytes]","args":[{"element-6066-11e4-a52e-4f735466cecf":"f.6B59548A06B598AB2C6AF1A2C766605D.d.F779782F011123924CC460542BD7AC73.e.5682","ELEMENT":"f.6B59548A06B598AB2C6AF1A2C766605D.d.F779782F011123924CC460542BD7AC73.e.5682"}]}
COMMAND: GET /session/5a60c8b5c70bea8172ebe4add6912aad/screenshot - {}
RESULT: {}
RESULT: {"script":"<script> [5351 bytes]","args":[{"element-6066-11e4-a52e-4f735466cecf":"f.6B59548A06B598AB2C6AF1A2C766605D.d.F779782F011123924CC460542BD7AC73.e.5682","ELEMENT":"f.6B59548A06B598AB2C6AF1A2C766605D.d.F779782F011123924CC460542BD7AC73.e.5682"}]}
COMMAND: POST /session/5a60c8b5c70bea8172ebe4add6912aad/element/f.6B59548A06B598AB2C6AF1A2C766605D.d.F779782F011123924CC460542BD7AC73.e.5682/click - {}
COMMAND: GET /session/5a60c8b5c70bea8172ebe4add6912aad/screenshot - {}
RESULT: {}
RESULT: {}
COMMAND: GET /session/5a60c8b5c70bea8172ebe4add6912aad/screenshot - {}
RESULT: {}
COMMAND: POST /session/5a60c8b5c70bea8172ebe4add6912aad/element - {"using":"xpath","value":"//input[@id=\"application-managesites-display-component---NewSite--siteId-inner\"]"}
RESULT: {}
RESULT: {"using":"xpath","value":"//input[@id=\"application-managesites-display-component---NewSite--siteId-inner\"]"}
COMMAND: POST /session/5a60c8b5c70bea8172ebe4add6912aad/element - {"using":"xpath","value":"//input[@id=\"application-managesites-display-component---NewSite--siteId-inner\"]"}
RESULT: {"using":"xpath","value":"//input[@id=\"application-managesites-display-component---NewSite--siteId-inner\"]"}
COMMAND: POST /session/5a60c8b5c70bea8172ebe4add6912aad/execute/async - {"script":"<script> [1562 bytes]","args":[{"selector":{"id":"application-managesites-display-component---NewSite--addressDetailDetailsName1","interaction":{"idSuffix":"inner"}},"wdio_ui5_key":"applicationmanagesites-display-component---NewSite--addressDetailDetailsName1"}]}
RESULT: {"script":"<script> [1562 bytes]","args":[{"selector":{"id":"application-managesites-display-component---NewSite--addressDetailDetailsName1","interaction":{"idSuffix":"inner"}},"wdio_ui5_key":"applicationmanagesites-display-component---NewSite--addressDetailDetailsName1"}]}
RESULT: undefined
COMMAND: POST /session/5a60c8b5c70bea8172ebe4add6912aad/execute/async - {"script":"<script> [776 bytes]","args":[{"enterText":"Warehouse Managed Site WDIO","selector":{"id":"application-managesites-display-component---NewSite--addressDetailDetailsName1","interaction":{"idSuffix":"inner"}},"clearTextFirst":true,"interactionType":"ENTER_TEXT"}]}
RESULT: {"script":"<script> [776 bytes]","args":[{"enterText":"Warehouse Managed Site WDIO","selector":{"id":"application-managesites-display-component---NewSite--addressDetailDetailsName1","interaction":{"idSuffix":"inner"}},"clearTextFirst":true,"interactionType":"ENTER_TEXT"}]}
COMMAND: POST /session/5a60c8b5c70bea8172ebe4add6912aad/execute/async - {"script":"<script> [1562 bytes]","args":[{"selector":{"id":"application-managesites-display-component---NewSite--addressDetailDetailsLanguage-arrow"},"wdio_ui5_key":"applicationmanagesites-display-component---NewSite--addressDetailDetailsLanguage-arrow"}]}
RESULT: {"script":"<script> [1562 bytes]","args":[{"selector":{"id":"application-managesites-display-component---NewSite--addressDetailDetailsLanguage-arrow"},"wdio_ui5_key":"applicationmanagesites-display-component---NewSite--addressDetailDetailsLanguage-arrow"}]}
RESULT: undefined
COMMAND: POST /session/5a60c8b5c70bea8172ebe4add6912aad/element - {"using":"xpath","value":"//*[@id=\"application-managesites-display-component---NewSite--addressDetailDetailsLanguage-arrow\"]"}
RESULT: {"using":"xpath","value":"//*[@id=\"application-managesites-display-component---NewSite--addressDetailDetailsLanguage-arrow\"]"}
COMMAND: POST /session/5a60c8b5c70bea8172ebe4add6912aad/element/f.6B59548A06B598AB2C6AF1A2C766605D.d.F779782F011123924CC460542BD7AC73.e.6316/click - {}
RESULT: {}
COMMAND: POST /session/5a60c8b5c70bea8172ebe4add6912aad/element - {"using":"xpath","value":"//span[contains(text(), \"English\")]"}
COMMAND: GET /session/5a60c8b5c70bea8172ebe4add6912aad/screenshot - {}
RESULT: {"using":"xpath","value":"//span[contains(text(), \"English\")]"}
COMMAND: POST /session/5a60c8b5c70bea8172ebe4add6912aad/element/f.6B59548A06B598AB2C6AF1A2C766605D.d.F779782F011123924CC460542BD7AC73.e.6317/click - {}
RESULT: {}
RESULT: {}
COMMAND: POST /session/5a60c8b5c70bea8172ebe4add6912aad/execute/async - {"script":"<script> [1562 bytes]","args":[{"selector":{"id":"application-managesites-display-component---NewSite--addressDetailDetailsCity1","interaction":{"idSuffix":"inner"}},"wdio_ui5_key":"applicationmanagesites-display-component---NewSite--addressDetailDetailsCity1"}]}
COMMAND: GET /session/5a60c8b5c70bea8172ebe4add6912aad/screenshot - {}
RESULT: {"script":"<script> [1562 bytes]","args":[{"selector":{"id":"application-managesites-display-component---NewSite--addressDetailDetailsCity1","interaction":{"idSuffix":"inner"}},"wdio_ui5_key":"applicationmanagesites-display-component---NewSite--addressDetailDetailsCity1"}]}
RESULT: undefined
COMMAND: POST /session/5a60c8b5c70bea8172ebe4add6912aad/execute/async - {"script":"<script> [776 bytes]","args":[{"enterText":"Rosario","selector":{"id":"application-managesites-display-component---NewSite--addressDetailDetailsCity1","interaction":{"idSuffix":"inner"}},"clearTextFirst":true,"interactionType":"ENTER_TEXT"}]}
RESULT: {}
RESULT: {"script":"<script> [776 bytes]","args":[{"enterText":"Rosario","selector":{"id":"application-managesites-display-component---NewSite--addressDetailDetailsCity1","interaction":{"idSuffix":"inner"}},"clearTextFirst":true,"interactionType":"ENTER_TEXT"}]}
COMMAND: POST /session/5a60c8b5c70bea8172ebe4add6912aad/execute/async - {"script":"<script> [1562 bytes]","args":[{"selector":{"id":"application-managesites-display-component---NewSite--addressDetailDetailsCountry-arrow"},"wdio_ui5_key":"applicationmanagesites-display-component---NewSite--addressDetailDetailsCountry-arrow"}]}
RESULT: {"script":"<script> [1562 bytes]","args":[{"selector":{"id":"application-managesites-display-component---NewSite--addressDetailDetailsCountry-arrow"},"wdio_ui5_key":"applicationmanagesites-display-component---NewSite--addressDetailDetailsCountry-arrow"}]}
RESULT: undefined
COMMAND: POST /session/5a60c8b5c70bea8172ebe4add6912aad/element - {"using":"xpath","value":"//*[@id=\"application-managesites-display-component---NewSite--addressDetailDetailsCountry-arrow\"]"}
RESULT: {"using":"xpath","value":"//*[@id=\"application-managesites-display-component---NewSite--addressDetailDetailsCountry-arrow\"]"}
COMMAND: POST /session/5a60c8b5c70bea8172ebe4add6912aad/element/f.6B59548A06B598AB2C6AF1A2C766605D.d.F779782F011123924CC460542BD7AC73.e.6319/click - {}
RESULT: {}
COMMAND: POST /session/5a60c8b5c70bea8172ebe4add6912aad/element - {"using":"xpath","value":"//span[contains(text(), \"Argentina\")]"}
COMMAND: GET /session/5a60c8b5c70bea8172ebe4add6912aad/screenshot - {}
RESULT: {"using":"xpath","value":"//span[contains(text(), \"Argentina\")]"}
COMMAND: POST /session/5a60c8b5c70bea8172ebe4add6912aad/element/f.6B59548A06B598AB2C6AF1A2C766605D.d.F779782F011123924CC460542BD7AC73.e.6320/click - {}
RESULT: {}
RESULT: {}
COMMAND: GET /session/5a60c8b5c70bea8172ebe4add6912aad/screenshot - {}
RESULT: {}
COMMAND: POST /session/5a60c8b5c70bea8172ebe4add6912aad/execute/async - {"script":"<script> [1562 bytes]","args":[{"selector":{"id":"application-managesites-display-component---NewSite--addressEditDetailsCostObjectCstType-arrow"},"wdio_ui5_key":"applicationmanagesites-display-component---NewSite--addressEditDetailsCostObjectCstType-arrow"}]}
RESULT: {"script":"<script> [1562 bytes]","args":[{"selector":{"id":"application-managesites-display-component---NewSite--addressEditDetailsCostObjectCstType-arrow"},"wdio_ui5_key":"applicationmanagesites-display-component---NewSite--addressEditDetailsCostObjectCstType-arrow"}]}
RESULT: undefined
COMMAND: POST /session/5a60c8b5c70bea8172ebe4add6912aad/element - {"using":"xpath","value":"//*[@id=\"application-managesites-display-component---NewSite--addressEditDetailsCostObjectCstType-arrow\"]"}
RESULT: {"using":"xpath","value":"//*[@id=\"application-managesites-display-component---NewSite--addressEditDetailsCostObjectCstType-arrow\"]"}
COMMAND: POST /session/5a60c8b5c70bea8172ebe4add6912aad/element/f.6B59548A06B598AB2C6AF1A2C766605D.d.F779782F011123924CC460542BD7AC73.e.6321/click - {}
RESULT: {}
COMMAND: POST /session/5a60c8b5c70bea8172ebe4add6912aad/element - {"using":"xpath","value":"//span[contains(text(), \"Cost Center\")]"}
COMMAND: GET /session/5a60c8b5c70bea8172ebe4add6912aad/screenshot - {}
RESULT: {"using":"xpath","value":"//span[contains(text(), \"Cost Center\")]"}
COMMAND: POST /session/5a60c8b5c70bea8172ebe4add6912aad/element/f.6B59548A06B598AB2C6AF1A2C766605D.d.F779782F011123924CC460542BD7AC73.e.6322/click - {}
RESULT: {}
RESULT: {}
COMMAND: GET /session/5a60c8b5c70bea8172ebe4add6912aad/screenshot - {}
RESULT: {}
COMMAND: POST /session/5a60c8b5c70bea8172ebe4add6912aad/element - {"using":"xpath","value":"//span[@id=\"application-managesites-display-component---NewSite--addressNewCostObjectCstID-vhi\"]"}
RESULT: {"using":"xpath","value":"//span[@id=\"application-managesites-display-component---NewSite--addressNewCostObjectCstID-vhi\"]"}
COMMAND: POST /session/5a60c8b5c70bea8172ebe4add6912aad/execute/sync - {"script":"<script> [8489 bytes]","args":[{"element-6066-11e4-a52e-4f735466cecf":"f.6B59548A06B598AB2C6AF1A2C766605D.d.F779782F011123924CC460542BD7AC73.e.6327","ELEMENT":"f.6B59548A06B598AB2C6AF1A2C766605D.d.F779782F011123924CC460542BD7AC73.e.6327"}]}
RESULT: {"script":"<script> [8489 bytes]","args":[{"element-6066-11e4-a52e-4f735466cecf":"f.6B59548A06B598AB2C6AF1A2C766605D.d.F779782F011123924CC460542BD7AC73.e.6327","ELEMENT":"f.6B59548A06B598AB2C6AF1A2C766605D.d.F779782F011123924CC460542BD7AC73.e.6327"}]}
COMMAND: POST /session/5a60c8b5c70bea8172ebe4add6912aad/execute/async - {"script":"<script> [1562 bytes]","args":[{"selector":{"id":"application-managesites-display-component---NewSite--addressNewCostObjectCstID-vhi"},"wdio_ui5_key":"applicationmanagesites-display-component---NewSite--addressNewCostObjectCstID-vhi"}]}
COMMAND: GET /session/5a60c8b5c70bea8172ebe4add6912aad/screenshot - {}
RESULT: {"script":"<script> [1562 bytes]","args":[{"selector":{"id":"application-managesites-display-component---NewSite--addressNewCostObjectCstID-vhi"},"wdio_ui5_key":"applicationmanagesites-display-component---NewSite--addressNewCostObjectCstID-vhi"}]}
RESULT: undefined
COMMAND: POST /session/5a60c8b5c70bea8172ebe4add6912aad/element - {"using":"xpath","value":"//*[@id=\"application-managesites-display-component---NewSite--addressNewCostObjectCstID-vhi\"]"}
RESULT: {}
RESULT: {"using":"xpath","value":"//*[@id=\"application-managesites-display-component---NewSite--addressNewCostObjectCstID-vhi\"]"}
COMMAND: POST /session/5a60c8b5c70bea8172ebe4add6912aad/element/f.6B59548A06B598AB2C6AF1A2C766605D.d.F779782F011123924CC460542BD7AC73.e.6327/click - {}
RESULT: {}
COMMAND: GET /session/5a60c8b5c70bea8172ebe4add6912aad/screenshot - {}
RESULT: {}
RESULT: undefined
COMMAND: POST /session/5a60c8b5c70bea8172ebe4add6912aad/execute/async - {"script":"<script> [776 bytes]","args":[{"enterText":"10001013","selector":{"controlType":"sap.m.SearchField","properties":{"placeholder":"Search"},"searchOpenDialogs":true,"interaction":{"idSuffix":"I"}},"clearTextFirst":true,"interactionType":"ENTER_TEXT"}]}
RESULT: {"script":"<script> [776 bytes]","args":[{"enterText":"10001013","selector":{"controlType":"sap.m.SearchField","properties":{"placeholder":"Search"},"searchOpenDialogs":true,"interaction":{"idSuffix":"I"}},"clearTextFirst":true,"interactionType":"ENTER_TEXT"}]}
COMMAND: POST /session/5a60c8b5c70bea8172ebe4add6912aad/actions - {"actions":[{"id":"action23","type":"key","parameters":{},"actions":[{"type":"keyDown","value":"î€‡"},{"type":"pause","duration":10},{"type":"keyUp","value":"î€‡"}]}]}
RESULT: {"actions":[{"id":"action23","type":"key","parameters":{},"actions":[{"type":"keyDown","value":"î€‡"},{"type":"pause","duration":10},{"type":"keyUp","value":"î€‡"}]}]}
COMMAND: GET /session/5a60c8b5c70bea8172ebe4add6912aad/screenshot - {}
RESULT: {}
COMMAND: POST /session/5a60c8b5c70bea8172ebe4add6912aad/element - {"using":"xpath","value":"//span[contains(text(), \"General Management\")]"}
RESULT: {"using":"xpath","value":"//span[contains(text(), \"General Management\")]"}
COMMAND: POST /session/5a60c8b5c70bea8172ebe4add6912aad/element/f.6B59548A06B598AB2C6AF1A2C766605D.d.F779782F011123924CC460542BD7AC73.e.6333/click - {}
RESULT: {}
COMMAND: GET /session/5a60c8b5c70bea8172ebe4add6912aad/screenshot - {}
RESULT: {}
COMMAND: POST /session/5a60c8b5c70bea8172ebe4add6912aad/element - {"using":"xpath","value":"//bdi[contains(text(), \"OK\")]"}
RESULT: {"using":"xpath","value":"//bdi[contains(text(), \"OK\")]"}
COMMAND: POST /session/5a60c8b5c70bea8172ebe4add6912aad/element/f.6B59548A06B598AB2C6AF1A2C766605D.d.F779782F011123924CC460542BD7AC73.e.6335/click - {}
RESULT: {}
COMMAND: GET /session/5a60c8b5c70bea8172ebe4add6912aad/screenshot - {}
RESULT: {}
COMMAND: POST /session/5a60c8b5c70bea8172ebe4add6912aad/element - {"using":"xpath","value":"//input[@id=\"application-managesites-display-component---NewSite--addressDetailDetailsCalendar-inner\"]"}
RESULT: {"using":"xpath","value":"//input[@id=\"application-managesites-display-component---NewSite--addressDetailDetailsCalendar-inner\"]"}
COMMAND: POST /session/5a60c8b5c70bea8172ebe4add6912aad/element/f.6B59548A06B598AB2C6AF1A2C766605D.d.F779782F011123924CC460542BD7AC73.e.6112/clear - {}
RESULT: {}
COMMAND: POST /session/5a60c8b5c70bea8172ebe4add6912aad/element/f.6B59548A06B598AB2C6AF1A2C766605D.d.F779782F011123924CC460542BD7AC73.e.6112/value - {"text":"Unit"}
COMMAND: GET /session/5a60c8b5c70bea8172ebe4add6912aad/screenshot - {}
RESULT: {"text":"Unit"}
COMMAND: GET /session/5a60c8b5c70bea8172ebe4add6912aad/screenshot - {}
RESULT: {}
RESULT: {}
COMMAND: POST /session/5a60c8b5c70bea8172ebe4add6912aad/actions - {"actions":[{"id":"action24","type":"key","parameters":{},"actions":[{"type":"keyDown","value":"î€‡"},{"type":"pause","duration":10},{"type":"keyUp","value":"î€‡"}]}]}
RESULT: {"actions":[{"id":"action24","type":"key","parameters":{},"actions":[{"type":"keyDown","value":"î€‡"},{"type":"pause","duration":10},{"type":"keyUp","value":"î€‡"}]}]}
COMMAND: POST /session/5a60c8b5c70bea8172ebe4add6912aad/element - {"using":"xpath","value":"//input[@id=\"application-managesites-display-component---NewSite--addressDetailDetailsYard-inner\"]"}
COMMAND: GET /session/5a60c8b5c70bea8172ebe4add6912aad/screenshot - {}
RESULT: {"using":"xpath","value":"//input[@id=\"application-managesites-display-component---NewSite--addressDetailDetailsYard-inner\"]"}
COMMAND: POST /session/5a60c8b5c70bea8172ebe4add6912aad/element/f.6B59548A06B598AB2C6AF1A2C766605D.d.F779782F011123924CC460542BD7AC73.e.6113/clear - {}
RESULT: {}
RESULT: {}
COMMAND: POST /session/5a60c8b5c70bea8172ebe4add6912aad/element/f.6B59548A06B598AB2C6AF1A2C766605D.d.F779782F011123924CC460542BD7AC73.e.6113/value - {"text":"663"}
COMMAND: GET /session/5a60c8b5c70bea8172ebe4add6912aad/screenshot - {}
RESULT: {"text":"663"}
COMMAND: GET /session/5a60c8b5c70bea8172ebe4add6912aad/screenshot - {}
RESULT: {}
RESULT: {}
COMMAND: POST /session/5a60c8b5c70bea8172ebe4add6912aad/element - {"using":"xpath","value":"//li[.//span[text()='663']]"}
RESULT: {"using":"xpath","value":"//li[.//span[text()='663']]"}
COMMAND: POST /session/5a60c8b5c70bea8172ebe4add6912aad/element/f.6B59548A06B598AB2C6AF1A2C766605D.d.F779782F011123924CC460542BD7AC73.e.6343/click - {}
RESULT: {}
COMMAND: GET /session/5a60c8b5c70bea8172ebe4add6912aad/screenshot - {}
RESULT: {}
COMMAND: POST /session/5a60c8b5c70bea8172ebe4add6912aad/element - {"using":"xpath","value":"//input[@id=\"application-managesites-display-component---NewSite--addressDetailDetailsPartner-inner\"]"}
RESULT: {"using":"xpath","value":"//input[@id=\"application-managesites-display-component---NewSite--addressDetailDetailsPartner-inner\"]"}
COMMAND: POST /session/5a60c8b5c70bea8172ebe4add6912aad/element - {"using":"xpath","value":"//input[@id=\"application-managesites-display-component---NewSite--addressDetailDetailsPartner-inner\"]"}
RESULT: {"using":"xpath","value":"//input[@id=\"application-managesites-display-component---NewSite--addressDetailDetailsPartner-inner\"]"}
COMMAND: POST /session/5a60c8b5c70bea8172ebe4add6912aad/execute/async - {"script":"<script> [1562 bytes]","args":[{"selector":{"id":"application-managesites-display-component---NewSite--siteWhmCheckBox-label","interaction":{"idSuffix":"bdi"}},"wdio_ui5_key":"applicationmanagesites-display-component---NewSite--siteWhmCheckBox-label"}]}
RESULT: {"script":"<script> [1562 bytes]","args":[{"selector":{"id":"application-managesites-display-component---NewSite--siteWhmCheckBox-label","interaction":{"idSuffix":"bdi"}},"wdio_ui5_key":"applicationmanagesites-display-component---NewSite--siteWhmCheckBox-label"}]}
RESULT: undefined
COMMAND: POST /session/5a60c8b5c70bea8172ebe4add6912aad/element - {"using":"xpath","value":"//*[@id=\"application-managesites-display-component---NewSite--siteWhmCheckBox-label\"]"}
RESULT: {"using":"xpath","value":"//*[@id=\"application-managesites-display-component---NewSite--siteWhmCheckBox-label\"]"}
COMMAND: POST /session/5a60c8b5c70bea8172ebe4add6912aad/element/f.6B59548A06B598AB2C6AF1A2C766605D.d.F779782F011123924CC460542BD7AC73.e.6345/click - {}
RESULT: {}
COMMAND: GET /session/5a60c8b5c70bea8172ebe4add6912aad/screenshot - {}
RESULT: {}
COMMAND: POST /session/5a60c8b5c70bea8172ebe4add6912aad/element - {"using":"xpath","value":"//button[@data-kt=\"saveButton\"]"}
RESULT: {"using":"xpath","value":"//button[@data-kt=\"saveButton\"]"}
COMMAND: POST /session/5a60c8b5c70bea8172ebe4add6912aad/element/f.6B59548A06B598AB2C6AF1A2C766605D.d.F779782F011123924CC460542BD7AC73.e.6257/click - {}
RESULT: {}
COMMAND: GET /session/5a60c8b5c70bea8172ebe4add6912aad/screenshot - {}
RESULT: {}
COMMAND: POST /session/5a60c8b5c70bea8172ebe4add6912aad/element - {"using":"xpath","value":"//header[contains(@id, 'ObjectPageLayout-headerTitle')]/div[1]/div[2]/div[2]/span[1]"}
RESULT: {"using":"xpath","value":"//header[contains(@id, 'ObjectPageLayout-headerTitle')]/div[1]/div[2]/div[2]/span[1]"}
COMMAND: POST /session/5a60c8b5c70bea8172ebe4add6912aad/elements - {"using":"xpath","value":"//header[contains(@id, 'ObjectPageLayout-headerTitle')]/div[1]/div[2]/div[2]/span[1]"}
RESULT: {"using":"xpath","value":"//header[contains(@id, 'ObjectPageLayout-headerTitle')]/div[1]/div[2]/div[2]/span[1]"}
COMMAND: POST /session/5a60c8b5c70bea8172ebe4add6912aad/execute/sync - {"script":"<script> [56 bytes]","args":[{"element-6066-11e4-a52e-4f735466cecf":"f.6B59548A06B598AB2C6AF1A2C766605D.d.F779782F011123924CC460542BD7AC73.e.6551","ELEMENT":"f.6B59548A06B598AB2C6AF1A2C766605D.d.F779782F011123924CC460542BD7AC73.e.6551"}]}
RESULT: {"script":"<script> [56 bytes]","args":[{"element-6066-11e4-a52e-4f735466cecf":"f.6B59548A06B598AB2C6AF1A2C766605D.d.F779782F011123924CC460542BD7AC73.e.6551","ELEMENT":"f.6B59548A06B598AB2C6AF1A2C766605D.d.F779782F011123924CC460542BD7AC73.e.6551"}]}
COMMAND: POST /session/5a60c8b5c70bea8172ebe4add6912aad/element - {"using":"css selector","value":"#shell-header-logo"}
COMMAND: GET /session/5a60c8b5c70bea8172ebe4add6912aad/screenshot - {}
RESULT: {"using":"css selector","value":"#shell-header-logo"}
COMMAND: POST /session/5a60c8b5c70bea8172ebe4add6912aad/element/f.6B59548A06B598AB2C6AF1A2C766605D.d.F779782F011123924CC460542BD7AC73.e.5640/click - {}
RESULT: {}
RESULT: {}
COMMAND: GET /session/5a60c8b5c70bea8172ebe4add6912aad/screenshot - {}
RESULT: {}
COMMAND: POST /session/5a60c8b5c70bea8172ebe4add6912aad/execute/sync - {"script":"<script> [299 bytes]","args":[["getModel","getResource"]]}
RESULT: {"script":"<script> [299 bytes]","args":[["getModel","getResource"]]}
COMMAND: POST /session/5a60c8b5c70bea8172ebe4add6912aad/actions - {"actions":[{"id":"action25","type":"key","parameters":{},"actions":[{"type":"keyDown","value":"î€‡"},{"type":"pause","duration":10},{"type":"keyUp","value":"î€‡"}]}]}
COMMAND: GET /session/5a60c8b5c70bea8172ebe4add6912aad/screenshot - {}
RESULT: {"actions":[{"id":"action25","type":"key","parameters":{},"actions":[{"type":"keyDown","value":"î€‡"},{"type":"pause","duration":10},{"type":"keyUp","value":"î€‡"}]}]}
COMMAND: GET /session/5a60c8b5c70bea8172ebe4add6912aad/screenshot - {}
RESULT: {}
RESULT: {}
COMMAND: POST /session/5a60c8b5c70bea8172ebe4add6912aad/refresh - {}
RESULT: {}
COMMAND: GET /session/5a60c8b5c70bea8172ebe4add6912aad/screenshot - {}
RESULT: {}
COMMAND: POST /session/5a60c8b5c70bea8172ebe4add6912aad/refresh - {}
RESULT: {}
COMMAND: GET /session/5a60c8b5c70bea8172ebe4add6912aad/screenshot - {}
RESULT: {}
COMMAND: POST /session/5a60c8b5c70bea8172ebe4add6912aad/window/fullscreen - {}
RESULT: {}
COMMAND: POST /session/5a60c8b5c70bea8172ebe4add6912aad/execute/async - {"script":"<script> [189 bytes]","args":[]}
RESULT: {"script":"<script> [189 bytes]","args":[]}
COMMAND: POST /session/5a60c8b5c70bea8172ebe4add6912aad/execute/async - {"script":"<script> [123 bytes]","args":[]}
RESULT: {"script":"<script> [123 bytes]","args":[]}
COMMAND: POST /session/5a60c8b5c70bea8172ebe4add6912aad/timeouts - {"script":"<number>"}
RESULT: {"script":"<number>"}
COMMAND: GET /session/5a60c8b5c70bea8172ebe4add6912aad/timeouts - {}
RESULT: {}
RESULT: undefined
COMMAND: POST /session/5a60c8b5c70bea8172ebe4add6912aad/execute/async - {"script":"<script> [2676 bytes]","args":[]}
RESULT: {"script":"<script> [2676 bytes]","args":[]}
COMMAND: POST /session/5a60c8b5c70bea8172ebe4add6912aad/execute/async - {"script":"<script> [2342 bytes]","args":[{"protocol":"http","hostname":"0.0.0.0","path":"/","capabilities":{"browserName":"chrome","goog:chromeOptions":{"binary":"C:\\Program Files\\Google\\Chrome\\Application\\chrome.exe","args":["--start-maximized"]}},"logLevel":"warn","connectionRetryTimeout":120000,"connectionRetryCount":3,"logLevels":{},"enableDirectConnect":true,"strictSSL":true,"_":"65 more keys: [\"cacheDir\",\"port\",\"requestedCapabilities\",\"automationProtocol\",\"baseUrl\",\"waitforInterval\",\"waitforTimeout\",\"onReload\",\"beforeCommand\",\"afterCommand\",\"rootDir\",\"specs\",\"suites\",\"exclude\",\"groupLogsByTestSpec\",\"excludeDriverLogs\",\"bail\",\"framework\",\"reporters\",\"services\",\"maxInstances\",\"maxInstancesPerCapability\",\"injectGlobals\",\"filesToWatch\",\"execArgv\",\"runnerEnv\",\"runner\",\"shard\",\"specFileRetries\",\"specFileRetriesDelay\",\"specFileRetriesDeferred\",\"reporterSyncInterval\",\"reporterSyncTimeout\",\"cucumberFeaturesWithLineNumbers\",\"autoCompileOpts\",\"mochaOpts\",\"jasmineOpts\",\"cucumberOpts\",\"onPrepare\",\"onWorkerStart\",\"onWorkerEnd\",\"before\",\"beforeSession\",\"beforeSuite\",\"beforeHook\",\"beforeTest\",\"afterTest\",\"afterHook\",\"afterSuite\",\"afterSession\",\"after\",\"onComplete\",\"beforeAssertion\",\"afterAssertion\",\"beforeFeature\",\"beforeScenario\",\"beforeStep\",\"afterStep\",\"afterScenario\",\"afterFeature\",\"_\",\"suite\",\"$0\",\"ignoredWorkerServices\",\"wdi5\"]"}]}
RESULT: {"script":"<script> [2342 bytes]","args":[{"protocol":"http","hostname":"0.0.0.0","path":"/","capabilities":{"browserName":"chrome","goog:chromeOptions":{"binary":"C:\\Program Files\\Google\\Chrome\\Application\\chrome.exe","args":["--start-maximized"]}},"logLevel":"warn","connectionRetryTimeout":120000,"connectionRetryCount":3,"logLevels":{},"enableDirectConnect":true,"strictSSL":true,"_":"65 more keys: [\"cacheDir\",\"port\",\"requestedCapabilities\",\"automationProtocol\",\"baseUrl\",\"waitforInterval\",\"waitforTimeout\",\"onReload\",\"beforeCommand\",\"afterCommand\",\"rootDir\",\"specs\",\"suites\",\"exclude\",\"groupLogsByTestSpec\",\"excludeDriverLogs\",\"bail\",\"framework\",\"reporters\",\"services\",\"maxInstances\",\"maxInstancesPerCapability\",\"injectGlobals\",\"filesToWatch\",\"execArgv\",\"runnerEnv\",\"runner\",\"shard\",\"specFileRetries\",\"specFileRetriesDelay\",\"specFileRetriesDeferred\",\"reporterSyncInterval\",\"reporterSyncTimeout\",\"cucumberFeaturesWithLineNumbers\",\"autoCompileOpts\",\"mochaOpts\",\"jasmineOpts\",\"cucumberOpts\",\"onPrepare\",\"onWorkerStart\",\"onWorkerEnd\",\"before\",\"beforeSession\",\"beforeSuite\",\"beforeHook\",\"beforeTest\",\"afterTest\",\"afterHook\",\"afterSuite\",\"afterSession\",\"after\",\"onComplete\",\"beforeAssertion\",\"afterAssertion\",\"beforeFeature\",\"beforeScenario\",\"beforeStep\",\"afterStep\",\"afterScenario\",\"afterFeature\",\"_\",\"suite\",\"$0\",\"ignoredWorkerServices\",\"wdi5\"]"}]}
COMMAND: POST /session/5a60c8b5c70bea8172ebe4add6912aad/execute/async - {"script":"<script> [21126 bytes]","args":[35000]}
RESULT: {"script":"<script> [21126 bytes]","args":[35000]}
COMMAND: POST /session/5a60c8b5c70bea8172ebe4add6912aad/window/fullscreen - {}
RESULT: {}
]]></system-out>
    </testcase>
    <testcase classname="chrome.135_0_7049_115.windows.Provide_to_Site_w/_warehouse_management_w/_clarification_US115878" name="Should create a new material" time="120.871">
      <system-out><![CDATA[
COMMAND: POST /session/5a60c8b5c70bea8172ebe4add6912aad/execute/async - {"script":"<script> [1562 bytes]","args":[{"selector":{"controlType":"sap.m.GenericTile","properties":{"header":"Manage Resources"}},"wdio_ui5_key":"sapm.GenericTile{\"header\":\"Manage Resources\"}"}]}
RESULT: {"script":"<script> [1562 bytes]","args":[{"selector":{"controlType":"sap.m.GenericTile","properties":{"header":"Manage Resources"}},"wdio_ui5_key":"sapm.GenericTile{\"header\":\"Manage Resources\"}"}]}
RESULT: undefined
COMMAND: POST /session/5a60c8b5c70bea8172ebe4add6912aad/element - {"using":"xpath","value":"//*[@id=\"__tile31\"]"}
RESULT: {"using":"xpath","value":"//*[@id=\"__tile31\"]"}
COMMAND: POST /session/5a60c8b5c70bea8172ebe4add6912aad/element/f.6B59548A06B598AB2C6AF1A2C766605D.d.64C9A1FEBA4C83AE89BEECFBBC4871E0.e.6629/click - {}
RESULT: {}
COMMAND: POST /session/5a60c8b5c70bea8172ebe4add6912aad/element - {"using":"xpath","value":"//button[@data-kt=\"addNewRUOverflowToolbarButton\"]"}
COMMAND: GET /session/5a60c8b5c70bea8172ebe4add6912aad/screenshot - {}
RESULT: {"using":"xpath","value":"//button[@data-kt=\"addNewRUOverflowToolbarButton\"]"}
COMMAND: POST /session/5a60c8b5c70bea8172ebe4add6912aad/elements - {"using":"xpath","value":"//button[@data-kt=\"addNewRUOverflowToolbarButton\"]"}
RESULT: {}
RESULT: {"using":"xpath","value":"//button[@data-kt=\"addNewRUOverflowToolbarButton\"]"}
COMMAND: POST /session/5a60c8b5c70bea8172ebe4add6912aad/elements - {"using":"xpath","value":"//button[@data-kt=\"addNewRUOverflowToolbarButton\"]"}
RESULT: {"using":"xpath","value":"//button[@data-kt=\"addNewRUOverflowToolbarButton\"]"}
COMMAND: POST /session/5a60c8b5c70bea8172ebe4add6912aad/elements - {"using":"xpath","value":"//button[@data-kt=\"addNewRUOverflowToolbarButton\"]"}
RESULT: {"using":"xpath","value":"//button[@data-kt=\"addNewRUOverflowToolbarButton\"]"}
COMMAND: POST /session/5a60c8b5c70bea8172ebe4add6912aad/elements - {"using":"xpath","value":"//button[@data-kt=\"addNewRUOverflowToolbarButton\"]"}
RESULT: {"using":"xpath","value":"//button[@data-kt=\"addNewRUOverflowToolbarButton\"]"}
COMMAND: POST /session/5a60c8b5c70bea8172ebe4add6912aad/elements - {"using":"xpath","value":"//button[@data-kt=\"addNewRUOverflowToolbarButton\"]"}
RESULT: {"using":"xpath","value":"//button[@data-kt=\"addNewRUOverflowToolbarButton\"]"}
COMMAND: POST /session/5a60c8b5c70bea8172ebe4add6912aad/elements - {"using":"xpath","value":"//button[@data-kt=\"addNewRUOverflowToolbarButton\"]"}
RESULT: {"using":"xpath","value":"//button[@data-kt=\"addNewRUOverflowToolbarButton\"]"}
COMMAND: POST /session/5a60c8b5c70bea8172ebe4add6912aad/elements - {"using":"xpath","value":"//button[@data-kt=\"addNewRUOverflowToolbarButton\"]"}
RESULT: {"using":"xpath","value":"//button[@data-kt=\"addNewRUOverflowToolbarButton\"]"}
COMMAND: POST /session/5a60c8b5c70bea8172ebe4add6912aad/elements - {"using":"xpath","value":"//button[@data-kt=\"addNewRUOverflowToolbarButton\"]"}
RESULT: {"using":"xpath","value":"//button[@data-kt=\"addNewRUOverflowToolbarButton\"]"}
COMMAND: POST /session/5a60c8b5c70bea8172ebe4add6912aad/elements - {"using":"xpath","value":"//button[@data-kt=\"addNewRUOverflowToolbarButton\"]"}
RESULT: {"using":"xpath","value":"//button[@data-kt=\"addNewRUOverflowToolbarButton\"]"}
COMMAND: POST /session/5a60c8b5c70bea8172ebe4add6912aad/elements - {"using":"xpath","value":"//button[@data-kt=\"addNewRUOverflowToolbarButton\"]"}
RESULT: {"using":"xpath","value":"//button[@data-kt=\"addNewRUOverflowToolbarButton\"]"}
COMMAND: POST /session/5a60c8b5c70bea8172ebe4add6912aad/elements - {"using":"xpath","value":"//button[@data-kt=\"addNewRUOverflowToolbarButton\"]"}
RESULT: {"using":"xpath","value":"//button[@data-kt=\"addNewRUOverflowToolbarButton\"]"}
COMMAND: POST /session/5a60c8b5c70bea8172ebe4add6912aad/elements - {"using":"xpath","value":"//button[@data-kt=\"addNewRUOverflowToolbarButton\"]"}
RESULT: {"using":"xpath","value":"//button[@data-kt=\"addNewRUOverflowToolbarButton\"]"}
COMMAND: POST /session/5a60c8b5c70bea8172ebe4add6912aad/elements - {"using":"xpath","value":"//button[@data-kt=\"addNewRUOverflowToolbarButton\"]"}
RESULT: {"using":"xpath","value":"//button[@data-kt=\"addNewRUOverflowToolbarButton\"]"}
COMMAND: POST /session/5a60c8b5c70bea8172ebe4add6912aad/elements - {"using":"xpath","value":"//button[@data-kt=\"addNewRUOverflowToolbarButton\"]"}
RESULT: {"using":"xpath","value":"//button[@data-kt=\"addNewRUOverflowToolbarButton\"]"}
COMMAND: POST /session/5a60c8b5c70bea8172ebe4add6912aad/elements - {"using":"xpath","value":"//button[@data-kt=\"addNewRUOverflowToolbarButton\"]"}
RESULT: {"using":"xpath","value":"//button[@data-kt=\"addNewRUOverflowToolbarButton\"]"}
COMMAND: POST /session/5a60c8b5c70bea8172ebe4add6912aad/elements - {"using":"xpath","value":"//button[@data-kt=\"addNewRUOverflowToolbarButton\"]"}
RESULT: {"using":"xpath","value":"//button[@data-kt=\"addNewRUOverflowToolbarButton\"]"}
COMMAND: POST /session/5a60c8b5c70bea8172ebe4add6912aad/elements - {"using":"xpath","value":"//button[@data-kt=\"addNewRUOverflowToolbarButton\"]"}
RESULT: {"using":"xpath","value":"//button[@data-kt=\"addNewRUOverflowToolbarButton\"]"}
COMMAND: POST /session/5a60c8b5c70bea8172ebe4add6912aad/elements - {"using":"xpath","value":"//button[@data-kt=\"addNewRUOverflowToolbarButton\"]"}
RESULT: {"using":"xpath","value":"//button[@data-kt=\"addNewRUOverflowToolbarButton\"]"}
COMMAND: POST /session/5a60c8b5c70bea8172ebe4add6912aad/elements - {"using":"xpath","value":"//button[@data-kt=\"addNewRUOverflowToolbarButton\"]"}
RESULT: {"using":"xpath","value":"//button[@data-kt=\"addNewRUOverflowToolbarButton\"]"}
COMMAND: POST /session/5a60c8b5c70bea8172ebe4add6912aad/elements - {"using":"xpath","value":"//button[@data-kt=\"addNewRUOverflowToolbarButton\"]"}
RESULT: {"using":"xpath","value":"//button[@data-kt=\"addNewRUOverflowToolbarButton\"]"}
COMMAND: POST /session/5a60c8b5c70bea8172ebe4add6912aad/elements - {"using":"xpath","value":"//button[@data-kt=\"addNewRUOverflowToolbarButton\"]"}
RESULT: {"using":"xpath","value":"//button[@data-kt=\"addNewRUOverflowToolbarButton\"]"}
COMMAND: POST /session/5a60c8b5c70bea8172ebe4add6912aad/elements - {"using":"xpath","value":"//button[@data-kt=\"addNewRUOverflowToolbarButton\"]"}
RESULT: {"using":"xpath","value":"//button[@data-kt=\"addNewRUOverflowToolbarButton\"]"}
COMMAND: POST /session/5a60c8b5c70bea8172ebe4add6912aad/elements - {"using":"xpath","value":"//button[@data-kt=\"addNewRUOverflowToolbarButton\"]"}
RESULT: {"using":"xpath","value":"//button[@data-kt=\"addNewRUOverflowToolbarButton\"]"}
COMMAND: POST /session/5a60c8b5c70bea8172ebe4add6912aad/elements - {"using":"xpath","value":"//button[@data-kt=\"addNewRUOverflowToolbarButton\"]"}
RESULT: {"using":"xpath","value":"//button[@data-kt=\"addNewRUOverflowToolbarButton\"]"}
COMMAND: POST /session/5a60c8b5c70bea8172ebe4add6912aad/elements - {"using":"xpath","value":"//button[@data-kt=\"addNewRUOverflowToolbarButton\"]"}
RESULT: {"using":"xpath","value":"//button[@data-kt=\"addNewRUOverflowToolbarButton\"]"}
COMMAND: POST /session/5a60c8b5c70bea8172ebe4add6912aad/elements - {"using":"xpath","value":"//button[@data-kt=\"addNewRUOverflowToolbarButton\"]"}
RESULT: {"using":"xpath","value":"//button[@data-kt=\"addNewRUOverflowToolbarButton\"]"}
COMMAND: POST /session/5a60c8b5c70bea8172ebe4add6912aad/elements - {"using":"xpath","value":"//button[@data-kt=\"addNewRUOverflowToolbarButton\"]"}
RESULT: {"using":"xpath","value":"//button[@data-kt=\"addNewRUOverflowToolbarButton\"]"}
COMMAND: POST /session/5a60c8b5c70bea8172ebe4add6912aad/elements - {"using":"xpath","value":"//button[@data-kt=\"addNewRUOverflowToolbarButton\"]"}
RESULT: {"using":"xpath","value":"//button[@data-kt=\"addNewRUOverflowToolbarButton\"]"}
COMMAND: POST /session/5a60c8b5c70bea8172ebe4add6912aad/elements - {"using":"xpath","value":"//button[@data-kt=\"addNewRUOverflowToolbarButton\"]"}
RESULT: {"using":"xpath","value":"//button[@data-kt=\"addNewRUOverflowToolbarButton\"]"}
COMMAND: POST /session/5a60c8b5c70bea8172ebe4add6912aad/elements - {"using":"xpath","value":"//button[@data-kt=\"addNewRUOverflowToolbarButton\"]"}
RESULT: {"using":"xpath","value":"//button[@data-kt=\"addNewRUOverflowToolbarButton\"]"}
COMMAND: POST /session/5a60c8b5c70bea8172ebe4add6912aad/elements - {"using":"xpath","value":"//button[@data-kt=\"addNewRUOverflowToolbarButton\"]"}
RESULT: {"using":"xpath","value":"//button[@data-kt=\"addNewRUOverflowToolbarButton\"]"}
COMMAND: POST /session/5a60c8b5c70bea8172ebe4add6912aad/elements - {"using":"xpath","value":"//button[@data-kt=\"addNewRUOverflowToolbarButton\"]"}
RESULT: {"using":"xpath","value":"//button[@data-kt=\"addNewRUOverflowToolbarButton\"]"}
COMMAND: POST /session/5a60c8b5c70bea8172ebe4add6912aad/elements - {"using":"xpath","value":"//button[@data-kt=\"addNewRUOverflowToolbarButton\"]"}
RESULT: {"using":"xpath","value":"//button[@data-kt=\"addNewRUOverflowToolbarButton\"]"}
COMMAND: POST /session/5a60c8b5c70bea8172ebe4add6912aad/elements - {"using":"xpath","value":"//button[@data-kt=\"addNewRUOverflowToolbarButton\"]"}
RESULT: {"using":"xpath","value":"//button[@data-kt=\"addNewRUOverflowToolbarButton\"]"}
COMMAND: POST /session/5a60c8b5c70bea8172ebe4add6912aad/elements - {"using":"xpath","value":"//button[@data-kt=\"addNewRUOverflowToolbarButton\"]"}
RESULT: {"using":"xpath","value":"//button[@data-kt=\"addNewRUOverflowToolbarButton\"]"}
COMMAND: POST /session/5a60c8b5c70bea8172ebe4add6912aad/elements - {"using":"xpath","value":"//button[@data-kt=\"addNewRUOverflowToolbarButton\"]"}
RESULT: {"using":"xpath","value":"//button[@data-kt=\"addNewRUOverflowToolbarButton\"]"}
COMMAND: POST /session/5a60c8b5c70bea8172ebe4add6912aad/elements - {"using":"xpath","value":"//button[@data-kt=\"addNewRUOverflowToolbarButton\"]"}
RESULT: {"using":"xpath","value":"//button[@data-kt=\"addNewRUOverflowToolbarButton\"]"}
COMMAND: POST /session/5a60c8b5c70bea8172ebe4add6912aad/elements - {"using":"xpath","value":"//button[@data-kt=\"addNewRUOverflowToolbarButton\"]"}
RESULT: {"using":"xpath","value":"//button[@data-kt=\"addNewRUOverflowToolbarButton\"]"}
COMMAND: POST /session/5a60c8b5c70bea8172ebe4add6912aad/elements - {"using":"xpath","value":"//button[@data-kt=\"addNewRUOverflowToolbarButton\"]"}
RESULT: {"using":"xpath","value":"//button[@data-kt=\"addNewRUOverflowToolbarButton\"]"}
COMMAND: POST /session/5a60c8b5c70bea8172ebe4add6912aad/elements - {"using":"xpath","value":"//button[@data-kt=\"addNewRUOverflowToolbarButton\"]"}
RESULT: {"using":"xpath","value":"//button[@data-kt=\"addNewRUOverflowToolbarButton\"]"}
COMMAND: POST /session/5a60c8b5c70bea8172ebe4add6912aad/elements - {"using":"xpath","value":"//button[@data-kt=\"addNewRUOverflowToolbarButton\"]"}
RESULT: {"using":"xpath","value":"//button[@data-kt=\"addNewRUOverflowToolbarButton\"]"}
COMMAND: POST /session/5a60c8b5c70bea8172ebe4add6912aad/elements - {"using":"xpath","value":"//button[@data-kt=\"addNewRUOverflowToolbarButton\"]"}
RESULT: {"using":"xpath","value":"//button[@data-kt=\"addNewRUOverflowToolbarButton\"]"}
COMMAND: POST /session/5a60c8b5c70bea8172ebe4add6912aad/elements - {"using":"xpath","value":"//button[@data-kt=\"addNewRUOverflowToolbarButton\"]"}
RESULT: {"using":"xpath","value":"//button[@data-kt=\"addNewRUOverflowToolbarButton\"]"}
COMMAND: POST /session/5a60c8b5c70bea8172ebe4add6912aad/elements - {"using":"xpath","value":"//button[@data-kt=\"addNewRUOverflowToolbarButton\"]"}
RESULT: {"using":"xpath","value":"//button[@data-kt=\"addNewRUOverflowToolbarButton\"]"}
COMMAND: POST /session/5a60c8b5c70bea8172ebe4add6912aad/elements - {"using":"xpath","value":"//button[@data-kt=\"addNewRUOverflowToolbarButton\"]"}
RESULT: {"using":"xpath","value":"//button[@data-kt=\"addNewRUOverflowToolbarButton\"]"}
COMMAND: POST /session/5a60c8b5c70bea8172ebe4add6912aad/elements - {"using":"xpath","value":"//button[@data-kt=\"addNewRUOverflowToolbarButton\"]"}
RESULT: {"using":"xpath","value":"//button[@data-kt=\"addNewRUOverflowToolbarButton\"]"}
COMMAND: POST /session/5a60c8b5c70bea8172ebe4add6912aad/elements - {"using":"xpath","value":"//button[@data-kt=\"addNewRUOverflowToolbarButton\"]"}
RESULT: {"using":"xpath","value":"//button[@data-kt=\"addNewRUOverflowToolbarButton\"]"}
COMMAND: POST /session/5a60c8b5c70bea8172ebe4add6912aad/elements - {"using":"xpath","value":"//button[@data-kt=\"addNewRUOverflowToolbarButton\"]"}
RESULT: {"using":"xpath","value":"//button[@data-kt=\"addNewRUOverflowToolbarButton\"]"}
COMMAND: POST /session/5a60c8b5c70bea8172ebe4add6912aad/elements - {"using":"xpath","value":"//button[@data-kt=\"addNewRUOverflowToolbarButton\"]"}
RESULT: {"using":"xpath","value":"//button[@data-kt=\"addNewRUOverflowToolbarButton\"]"}
COMMAND: POST /session/5a60c8b5c70bea8172ebe4add6912aad/element - {"using":"xpath","value":"//button[@data-kt=\"addNewRUOverflowToolbarButton\"]"}
RESULT: {"using":"xpath","value":"//button[@data-kt=\"addNewRUOverflowToolbarButton\"]"}
COMMAND: POST /session/5a60c8b5c70bea8172ebe4add6912aad/execute/sync - {"script":"<script> [8489 bytes]","args":[{"element-6066-11e4-a52e-4f735466cecf":"f.6B59548A06B598AB2C6AF1A2C766605D.d.64C9A1FEBA4C83AE89BEECFBBC4871E0.e.6730","ELEMENT":"f.6B59548A06B598AB2C6AF1A2C766605D.d.64C9A1FEBA4C83AE89BEECFBBC4871E0.e.6730"}]}
RESULT: {"script":"<script> [8489 bytes]","args":[{"element-6066-11e4-a52e-4f735466cecf":"f.6B59548A06B598AB2C6AF1A2C766605D.d.64C9A1FEBA4C83AE89BEECFBBC4871E0.e.6730","ELEMENT":"f.6B59548A06B598AB2C6AF1A2C766605D.d.64C9A1FEBA4C83AE89BEECFBBC4871E0.e.6730"}]}
COMMAND: GET /session/5a60c8b5c70bea8172ebe4add6912aad/element/f.6B59548A06B598AB2C6AF1A2C766605D.d.64C9A1FEBA4C83AE89BEECFBBC4871E0.e.6730/enabled - {}
COMMAND: GET /session/5a60c8b5c70bea8172ebe4add6912aad/screenshot - {}
RESULT: {}
COMMAND: POST /session/5a60c8b5c70bea8172ebe4add6912aad/execute/sync - {"script":"<script> [8489 bytes]","args":[{"element-6066-11e4-a52e-4f735466cecf":"f.6B59548A06B598AB2C6AF1A2C766605D.d.64C9A1FEBA4C83AE89BEECFBBC4871E0.e.6730","ELEMENT":"f.6B59548A06B598AB2C6AF1A2C766605D.d.64C9A1FEBA4C83AE89BEECFBBC4871E0.e.6730"}]}
COMMAND: GET /session/5a60c8b5c70bea8172ebe4add6912aad/screenshot - {}
RESULT: {}
RESULT: {"script":"<script> [8489 bytes]","args":[{"element-6066-11e4-a52e-4f735466cecf":"f.6B59548A06B598AB2C6AF1A2C766605D.d.64C9A1FEBA4C83AE89BEECFBBC4871E0.e.6730","ELEMENT":"f.6B59548A06B598AB2C6AF1A2C766605D.d.64C9A1FEBA4C83AE89BEECFBBC4871E0.e.6730"}]}
COMMAND: POST /session/5a60c8b5c70bea8172ebe4add6912aad/execute/sync - {"script":"<script> [5351 bytes]","args":[{"element-6066-11e4-a52e-4f735466cecf":"f.6B59548A06B598AB2C6AF1A2C766605D.d.64C9A1FEBA4C83AE89BEECFBBC4871E0.e.6730","ELEMENT":"f.6B59548A06B598AB2C6AF1A2C766605D.d.64C9A1FEBA4C83AE89BEECFBBC4871E0.e.6730"}]}
COMMAND: GET /session/5a60c8b5c70bea8172ebe4add6912aad/screenshot - {}
RESULT: {}
RESULT: {"script":"<script> [5351 bytes]","args":[{"element-6066-11e4-a52e-4f735466cecf":"f.6B59548A06B598AB2C6AF1A2C766605D.d.64C9A1FEBA4C83AE89BEECFBBC4871E0.e.6730","ELEMENT":"f.6B59548A06B598AB2C6AF1A2C766605D.d.64C9A1FEBA4C83AE89BEECFBBC4871E0.e.6730"}]}
COMMAND: POST /session/5a60c8b5c70bea8172ebe4add6912aad/element/f.6B59548A06B598AB2C6AF1A2C766605D.d.64C9A1FEBA4C83AE89BEECFBBC4871E0.e.6730/click - {}
COMMAND: GET /session/5a60c8b5c70bea8172ebe4add6912aad/screenshot - {}
RESULT: {}
RESULT: {}
COMMAND: GET /session/5a60c8b5c70bea8172ebe4add6912aad/screenshot - {}
COMMAND: POST /session/5a60c8b5c70bea8172ebe4add6912aad/execute/async - {"script":"<script> [1562 bytes]","args":[{"selector":{"id":"application-manageresources-display-component---newResourceUnit--TYPE-arrow"},"wdio_ui5_key":"applicationmanageresources-display-component---newResourceUnit--TYPE-arrow"}]}
RESULT: {}
RESULT: {}
RESULT: {"script":"<script> [1562 bytes]","args":[{"selector":{"id":"application-manageresources-display-component---newResourceUnit--TYPE-arrow"},"wdio_ui5_key":"applicationmanageresources-display-component---newResourceUnit--TYPE-arrow"}]}
RESULT: undefined
COMMAND: POST /session/5a60c8b5c70bea8172ebe4add6912aad/element - {"using":"xpath","value":"//*[@id=\"application-manageresources-display-component---newResourceUnit--TYPE-arrow\"]"}
RESULT: {"using":"xpath","value":"//*[@id=\"application-manageresources-display-component---newResourceUnit--TYPE-arrow\"]"}
COMMAND: POST /session/5a60c8b5c70bea8172ebe4add6912aad/element/f.6B59548A06B598AB2C6AF1A2C766605D.d.64C9A1FEBA4C83AE89BEECFBBC4871E0.e.6905/click - {}
RESULT: {}
COMMAND: POST /session/5a60c8b5c70bea8172ebe4add6912aad/element - {"using":"xpath","value":"//input[@id=\"application-manageresources-display-component---newResourceUnit--TYPE-inner\"]"}
COMMAND: GET /session/5a60c8b5c70bea8172ebe4add6912aad/screenshot - {}
RESULT: {"using":"xpath","value":"//input[@id=\"application-manageresources-display-component---newResourceUnit--TYPE-inner\"]"}
COMMAND: POST /session/5a60c8b5c70bea8172ebe4add6912aad/element/f.6B59548A06B598AB2C6AF1A2C766605D.d.64C9A1FEBA4C83AE89BEECFBBC4871E0.e.6790/clear - {}
RESULT: {}
RESULT: {}
COMMAND: POST /session/5a60c8b5c70bea8172ebe4add6912aad/element/f.6B59548A06B598AB2C6AF1A2C766605D.d.64C9A1FEBA4C83AE89BEECFBBC4871E0.e.6790/value - {"text":"Material"}
COMMAND: GET /session/5a60c8b5c70bea8172ebe4add6912aad/screenshot - {}
RESULT: {"text":"Material"}
COMMAND: GET /session/5a60c8b5c70bea8172ebe4add6912aad/screenshot - {}
RESULT: {}
RESULT: {}
COMMAND: POST /session/5a60c8b5c70bea8172ebe4add6912aad/actions - {"actions":[{"id":"action26","type":"key","parameters":{},"actions":[{"type":"keyDown","value":"î€‡"},{"type":"pause","duration":10},{"type":"keyUp","value":"î€‡"}]}]}
RESULT: {"actions":[{"id":"action26","type":"key","parameters":{},"actions":[{"type":"keyDown","value":"î€‡"},{"type":"pause","duration":10},{"type":"keyUp","value":"î€‡"}]}]}
COMMAND: POST /session/5a60c8b5c70bea8172ebe4add6912aad/execute/async - {"script":"<script> [1562 bytes]","args":[{"selector":{"id":"application-manageresources-display-component---newResourceUnit--SHORT_TEXT","interaction":{"idSuffix":"inner"}},"wdio_ui5_key":"applicationmanageresources-display-component---newResourceUnit--SHORT_TEXT"}]}
COMMAND: GET /session/5a60c8b5c70bea8172ebe4add6912aad/screenshot - {}
RESULT: {"script":"<script> [1562 bytes]","args":[{"selector":{"id":"application-manageresources-display-component---newResourceUnit--SHORT_TEXT","interaction":{"idSuffix":"inner"}},"wdio_ui5_key":"applicationmanageresources-display-component---newResourceUnit--SHORT_TEXT"}]}
RESULT: undefined
COMMAND: POST /session/5a60c8b5c70bea8172ebe4add6912aad/execute/async - {"script":"<script> [776 bytes]","args":[{"enterText":"Cement WDIO","selector":{"id":"application-manageresources-display-component---newResourceUnit--SHORT_TEXT","interaction":{"idSuffix":"inner"}},"clearTextFirst":true,"interactionType":"ENTER_TEXT"}]}
RESULT: {}
RESULT: {"script":"<script> [776 bytes]","args":[{"enterText":"Cement WDIO","selector":{"id":"application-manageresources-display-component---newResourceUnit--SHORT_TEXT","interaction":{"idSuffix":"inner"}},"clearTextFirst":true,"interactionType":"ENTER_TEXT"}]}
COMMAND: POST /session/5a60c8b5c70bea8172ebe4add6912aad/execute/async - {"script":"<script> [1562 bytes]","args":[{"selector":{"id":"application-manageresources-display-component---newResourceUnit--BASE_UNIT_OF_MEASURE","interaction":{"idSuffix":"inner"}},"wdio_ui5_key":"applicationmanageresources-display-component---newResourceUnit--BASE_UNIT_OF_MEASURE"}]}
RESULT: {"script":"<script> [1562 bytes]","args":[{"selector":{"id":"application-manageresources-display-component---newResourceUnit--BASE_UNIT_OF_MEASURE","interaction":{"idSuffix":"inner"}},"wdio_ui5_key":"applicationmanageresources-display-component---newResourceUnit--BASE_UNIT_OF_MEASURE"}]}
RESULT: undefined
COMMAND: POST /session/5a60c8b5c70bea8172ebe4add6912aad/execute/async - {"script":"<script> [776 bytes]","args":[{"enterText":"Piece","selector":{"id":"application-manageresources-display-component---newResourceUnit--BASE_UNIT_OF_MEASURE","interaction":{"idSuffix":"inner"}},"clearTextFirst":true,"interactionType":"ENTER_TEXT"}]}
RESULT: {"script":"<script> [776 bytes]","args":[{"enterText":"Piece","selector":{"id":"application-manageresources-display-component---newResourceUnit--BASE_UNIT_OF_MEASURE","interaction":{"idSuffix":"inner"}},"clearTextFirst":true,"interactionType":"ENTER_TEXT"}]}
COMMAND: POST /session/5a60c8b5c70bea8172ebe4add6912aad/execute/async - {"script":"<script> [1562 bytes]","args":[{"selector":{"id":"application-manageresources-display-component---newResourceUnit--WEIGHT_UNIT","interaction":{"idSuffix":"inner"}},"wdio_ui5_key":"applicationmanageresources-display-component---newResourceUnit--WEIGHT_UNIT"}]}
RESULT: {"script":"<script> [1562 bytes]","args":[{"selector":{"id":"application-manageresources-display-component---newResourceUnit--WEIGHT_UNIT","interaction":{"idSuffix":"inner"}},"wdio_ui5_key":"applicationmanageresources-display-component---newResourceUnit--WEIGHT_UNIT"}]}
RESULT: undefined
COMMAND: POST /session/5a60c8b5c70bea8172ebe4add6912aad/execute/async - {"script":"<script> [776 bytes]","args":[{"enterText":"Gram","selector":{"id":"application-manageresources-display-component---newResourceUnit--WEIGHT_UNIT","interaction":{"idSuffix":"inner"}},"clearTextFirst":true,"interactionType":"ENTER_TEXT"}]}
RESULT: {"script":"<script> [776 bytes]","args":[{"enterText":"Gram","selector":{"id":"application-manageresources-display-component---newResourceUnit--WEIGHT_UNIT","interaction":{"idSuffix":"inner"}},"clearTextFirst":true,"interactionType":"ENTER_TEXT"}]}
COMMAND: POST /session/5a60c8b5c70bea8172ebe4add6912aad/execute/async - {"script":"<script> [1562 bytes]","args":[{"selector":{"id":"application-manageresources-display-component---newResourceUnit--DIMENSION_UNIT","interaction":{"idSuffix":"inner"}},"wdio_ui5_key":"applicationmanageresources-display-component---newResourceUnit--DIMENSION_UNIT"}]}
RESULT: {"script":"<script> [1562 bytes]","args":[{"selector":{"id":"application-manageresources-display-component---newResourceUnit--DIMENSION_UNIT","interaction":{"idSuffix":"inner"}},"wdio_ui5_key":"applicationmanageresources-display-component---newResourceUnit--DIMENSION_UNIT"}]}
RESULT: undefined
COMMAND: POST /session/5a60c8b5c70bea8172ebe4add6912aad/execute/async - {"script":"<script> [776 bytes]","args":[{"enterText":"Meter","selector":{"id":"application-manageresources-display-component---newResourceUnit--DIMENSION_UNIT","interaction":{"idSuffix":"inner"}},"clearTextFirst":true,"interactionType":"ENTER_TEXT"}]}
RESULT: {"script":"<script> [776 bytes]","args":[{"enterText":"Meter","selector":{"id":"application-manageresources-display-component---newResourceUnit--DIMENSION_UNIT","interaction":{"idSuffix":"inner"}},"clearTextFirst":true,"interactionType":"ENTER_TEXT"}]}
COMMAND: POST /session/5a60c8b5c70bea8172ebe4add6912aad/execute/async - {"script":"<script> [1562 bytes]","args":[{"selector":{"id":"application-manageresources-display-component---newResourceUnit--newRRUPage-anchBar-application-manageresources-display-component---newResourceUnit--control-anchor","interaction":{"idSuffix":"BDI-content"}},"wdio_ui5_key":"applicationmanageresources-display-component---newResourceUnit--newRRUPage-anchBar-application-manageresources-display-component---newResourceUnit--control-anchor"}]}
RESULT: {"script":"<script> [1562 bytes]","args":[{"selector":{"id":"application-manageresources-display-component---newResourceUnit--newRRUPage-anchBar-application-manageresources-display-component---newResourceUnit--control-anchor","interaction":{"idSuffix":"BDI-content"}},"wdio_ui5_key":"applicationmanageresources-display-component---newResourceUnit--newRRUPage-anchBar-application-manageresources-display-component---newResourceUnit--control-anchor"}]}
RESULT: undefined
COMMAND: POST /session/5a60c8b5c70bea8172ebe4add6912aad/element - {"using":"xpath","value":"//*[@id=\"application-manageresources-display-component---newResourceUnit--newRRUPage-anchBar-application-manageresources-display-component---newResourceUnit--control-anchor\"]"}
RESULT: {"using":"xpath","value":"//*[@id=\"application-manageresources-display-component---newResourceUnit--newRRUPage-anchBar-application-manageresources-display-component---newResourceUnit--control-anchor\"]"}
COMMAND: POST /session/5a60c8b5c70bea8172ebe4add6912aad/element/f.6B59548A06B598AB2C6AF1A2C766605D.d.64C9A1FEBA4C83AE89BEECFBBC4871E0.e.6972/click - {}
RESULT: {}
COMMAND: POST /session/5a60c8b5c70bea8172ebe4add6912aad/execute/async - {"script":"<script> [1562 bytes]","args":[{"selector":{"id":"application-manageresources-display-component---newResourceUnit--PLANNING_GROUP","interaction":{"idSuffix":"inner"}},"wdio_ui5_key":"applicationmanageresources-display-component---newResourceUnit--PLANNING_GROUP"}]}
COMMAND: GET /session/5a60c8b5c70bea8172ebe4add6912aad/screenshot - {}
RESULT: {"script":"<script> [1562 bytes]","args":[{"selector":{"id":"application-manageresources-display-component---newResourceUnit--PLANNING_GROUP","interaction":{"idSuffix":"inner"}},"wdio_ui5_key":"applicationmanageresources-display-component---newResourceUnit--PLANNING_GROUP"}]}
RESULT: undefined
COMMAND: POST /session/5a60c8b5c70bea8172ebe4add6912aad/execute/async - {"script":"<script> [776 bytes]","args":[{"enterText":"Material","selector":{"id":"application-manageresources-display-component---newResourceUnit--PLANNING_GROUP","interaction":{"idSuffix":"inner"}},"clearTextFirst":true,"interactionType":"ENTER_TEXT"}]}
RESULT: {}
RESULT: {"script":"<script> [776 bytes]","args":[{"enterText":"Material","selector":{"id":"application-manageresources-display-component---newResourceUnit--PLANNING_GROUP","interaction":{"idSuffix":"inner"}},"clearTextFirst":true,"interactionType":"ENTER_TEXT"}]}
COMMAND: POST /session/5a60c8b5c70bea8172ebe4add6912aad/execute/async - {"script":"<script> [1562 bytes]","args":[{"selector":{"id":"application-manageresources-display-component---newResourceUnit--PLANNING_INDICATOR","interaction":{"idSuffix":"inner"}},"wdio_ui5_key":"applicationmanageresources-display-component---newResourceUnit--PLANNING_INDICATOR"}]}
RESULT: {"script":"<script> [1562 bytes]","args":[{"selector":{"id":"application-manageresources-display-component---newResourceUnit--PLANNING_INDICATOR","interaction":{"idSuffix":"inner"}},"wdio_ui5_key":"applicationmanageresources-display-component---newResourceUnit--PLANNING_INDICATOR"}]}
RESULT: undefined
COMMAND: POST /session/5a60c8b5c70bea8172ebe4add6912aad/execute/async - {"script":"<script> [776 bytes]","args":[{"enterText":"10 - infinite","selector":{"id":"application-manageresources-display-component---newResourceUnit--PLANNING_INDICATOR","interaction":{"idSuffix":"inner"}},"clearTextFirst":true,"interactionType":"ENTER_TEXT"}]}
RESULT: {"script":"<script> [776 bytes]","args":[{"enterText":"10 - infinite","selector":{"id":"application-manageresources-display-component---newResourceUnit--PLANNING_INDICATOR","interaction":{"idSuffix":"inner"}},"clearTextFirst":true,"interactionType":"ENTER_TEXT"}]}
COMMAND: POST /session/5a60c8b5c70bea8172ebe4add6912aad/element - {"using":"css selector","value":"#application-manageresources-display-component---newResourceUnit--btnAddTimeSegment"}
RESULT: {"using":"css selector","value":"#application-manageresources-display-component---newResourceUnit--btnAddTimeSegment"}
COMMAND: GET /session/5a60c8b5c70bea8172ebe4add6912aad/element/f.6B59548A06B598AB2C6AF1A2C766605D.d.64C9A1FEBA4C83AE89BEECFBBC4871E0.e.6982/rect - {}
RESULT: {}
COMMAND: GET /session/5a60c8b5c70bea8172ebe4add6912aad/window/rect - {}
RESULT: {}
COMMAND: POST /session/5a60c8b5c70bea8172ebe4add6912aad/execute/sync - {"script":"<script> [92 bytes]","args":[]}
RESULT: {"script":"<script> [92 bytes]","args":[]}
COMMAND: POST /session/5a60c8b5c70bea8172ebe4add6912aad/actions - {"actions":[{"id":"action27","type":"wheel","parameters":{},"actions":[{"type":"scroll","x":-1888,"y":-32,"deltaX":0,"deltaY":0,"duration":0,"origin":{"element-6066-11e4-a52e-4f735466cecf":"f.6B59548A06B598AB2C6AF1A2C766605D.d.64C9A1FEBA4C83AE89BEECFBBC4871E0.e.6982"}}]}]}
COMMAND: GET /session/5a60c8b5c70bea8172ebe4add6912aad/screenshot - {}
RESULT: {}
COMMAND: POST /session/5a60c8b5c70bea8172ebe4add6912aad/execute/sync - {"script":"<script> [79 bytes]","args":[{"element-6066-11e4-a52e-4f735466cecf":"f.6B59548A06B598AB2C6AF1A2C766605D.d.64C9A1FEBA4C83AE89BEECFBBC4871E0.e.6982","ELEMENT":"f.6B59548A06B598AB2C6AF1A2C766605D.d.64C9A1FEBA4C83AE89BEECFBBC4871E0.e.6982"},{"block":"start","inline":"nearest"}]}
RESULT: {"script":"<script> [79 bytes]","args":[{"element-6066-11e4-a52e-4f735466cecf":"f.6B59548A06B598AB2C6AF1A2C766605D.d.64C9A1FEBA4C83AE89BEECFBBC4871E0.e.6982","ELEMENT":"f.6B59548A06B598AB2C6AF1A2C766605D.d.64C9A1FEBA4C83AE89BEECFBBC4871E0.e.6982"},{"block":"start","inline":"nearest"}]}
COMMAND: POST /session/5a60c8b5c70bea8172ebe4add6912aad/execute/async - {"script":"<script> [1562 bytes]","args":[{"selector":{"id":"application-manageresources-display-component---newResourceUnit--btnAddTimeSegment","interaction":{"idSuffix":"inner"}},"wdio_ui5_key":"applicationmanageresources-display-component---newResourceUnit--btnAddTimeSegment"}]}
COMMAND: GET /session/5a60c8b5c70bea8172ebe4add6912aad/screenshot - {}
RESULT: {"script":"<script> [1562 bytes]","args":[{"selector":{"id":"application-manageresources-display-component---newResourceUnit--btnAddTimeSegment","interaction":{"idSuffix":"inner"}},"wdio_ui5_key":"applicationmanageresources-display-component---newResourceUnit--btnAddTimeSegment"}]}
RESULT: undefined
COMMAND: POST /session/5a60c8b5c70bea8172ebe4add6912aad/element - {"using":"xpath","value":"//*[@id=\"application-manageresources-display-component---newResourceUnit--btnAddTimeSegment\"]"}
RESULT: {}
RESULT: {"using":"xpath","value":"//*[@id=\"application-manageresources-display-component---newResourceUnit--btnAddTimeSegment\"]"}
COMMAND: POST /session/5a60c8b5c70bea8172ebe4add6912aad/element/f.6B59548A06B598AB2C6AF1A2C766605D.d.64C9A1FEBA4C83AE89BEECFBBC4871E0.e.6982/click - {}
RESULT: {}
COMMAND: GET /session/5a60c8b5c70bea8172ebe4add6912aad/screenshot - {}
RESULT: {}
COMMAND: POST /session/5a60c8b5c70bea8172ebe4add6912aad/element - {"using":"xpath","value":"//input[@id=\"application-manageresources-display-component---newResourceUnit--idRuTSAdmin-application-manageresources-display-component---newResourceUnit--RUTimeSegment-0-inner\"]"}
RESULT: {"using":"xpath","value":"//input[@id=\"application-manageresources-display-component---newResourceUnit--idRuTSAdmin-application-manageresources-display-component---newResourceUnit--RUTimeSegment-0-inner\"]"}
COMMAND: POST /session/5a60c8b5c70bea8172ebe4add6912aad/element/f.6B59548A06B598AB2C6AF1A2C766605D.d.64C9A1FEBA4C83AE89BEECFBBC4871E0.e.6987/clear - {}
RESULT: {}
COMMAND: POST /session/5a60c8b5c70bea8172ebe4add6912aad/element/f.6B59548A06B598AB2C6AF1A2C766605D.d.64C9A1FEBA4C83AE89BEECFBBC4871E0.e.6987/value - {"text":"663"}
COMMAND: GET /session/5a60c8b5c70bea8172ebe4add6912aad/screenshot - {}
RESULT: {"text":"663"}
COMMAND: GET /session/5a60c8b5c70bea8172ebe4add6912aad/screenshot - {}
RESULT: {}
RESULT: {}
COMMAND: POST /session/5a60c8b5c70bea8172ebe4add6912aad/element - {"using":"xpath","value":"//li[.//span[text()='663']]"}
RESULT: {"using":"xpath","value":"//li[.//span[text()='663']]"}
COMMAND: POST /session/5a60c8b5c70bea8172ebe4add6912aad/element/f.6B59548A06B598AB2C6AF1A2C766605D.d.64C9A1FEBA4C83AE89BEECFBBC4871E0.e.6996/click - {}
RESULT: {}
COMMAND: GET /session/5a60c8b5c70bea8172ebe4add6912aad/screenshot - {}
RESULT: {}
COMMAND: POST /session/5a60c8b5c70bea8172ebe4add6912aad/element - {"using":"xpath","value":"(//span[contains(@id, \"-application-manageresources-display-component---newResourceUnit--RUTimeSegment-0-arrow\")])[2]"}
RESULT: {"using":"xpath","value":"(//span[contains(@id, \"-application-manageresources-display-component---newResourceUnit--RUTimeSegment-0-arrow\")])[2]"}
COMMAND: POST /session/5a60c8b5c70bea8172ebe4add6912aad/element/f.6B59548A06B598AB2C6AF1A2C766605D.d.64C9A1FEBA4C83AE89BEECFBBC4871E0.e.6997/click - {}
RESULT: {}
COMMAND: POST /session/5a60c8b5c70bea8172ebe4add6912aad/element - {"using":"xpath","value":"//span[contains(text(), \"PM Order\")]"}
COMMAND: GET /session/5a60c8b5c70bea8172ebe4add6912aad/screenshot - {}
RESULT: {"using":"xpath","value":"//span[contains(text(), \"PM Order\")]"}
COMMAND: POST /session/5a60c8b5c70bea8172ebe4add6912aad/element/f.6B59548A06B598AB2C6AF1A2C766605D.d.64C9A1FEBA4C83AE89BEECFBBC4871E0.e.6998/click - {}
RESULT: {}
RESULT: {}
COMMAND: GET /session/5a60c8b5c70bea8172ebe4add6912aad/screenshot - {}
RESULT: {}
COMMAND: POST /session/5a60c8b5c70bea8172ebe4add6912aad/element - {"using":"xpath","value":"//td/div/div/div/span[contains(@id, \"newResourceUnit--RUTimeSegment-0-vhi\")][1]"}
RESULT: {"using":"xpath","value":"//td/div/div/div/span[contains(@id, \"newResourceUnit--RUTimeSegment-0-vhi\")][1]"}
COMMAND: GET /session/5a60c8b5c70bea8172ebe4add6912aad/element/f.6B59548A06B598AB2C6AF1A2C766605D.d.64C9A1FEBA4C83AE89BEECFBBC4871E0.e.7002/rect - {}
RESULT: {}
COMMAND: GET /session/5a60c8b5c70bea8172ebe4add6912aad/window/rect - {}
RESULT: {}
COMMAND: POST /session/5a60c8b5c70bea8172ebe4add6912aad/execute/sync - {"script":"<script> [92 bytes]","args":[]}
RESULT: {"script":"<script> [92 bytes]","args":[]}
COMMAND: POST /session/5a60c8b5c70bea8172ebe4add6912aad/actions - {"actions":[{"id":"action28","type":"wheel","parameters":{},"actions":[{"type":"scroll","x":-1888,"y":-24,"deltaX":0,"deltaY":0,"duration":0,"origin":{"element-6066-11e4-a52e-4f735466cecf":"f.6B59548A06B598AB2C6AF1A2C766605D.d.64C9A1FEBA4C83AE89BEECFBBC4871E0.e.7002"}}]}]}
COMMAND: GET /session/5a60c8b5c70bea8172ebe4add6912aad/screenshot - {}
RESULT: {}
COMMAND: POST /session/5a60c8b5c70bea8172ebe4add6912aad/execute/sync - {"script":"<script> [79 bytes]","args":[{"element-6066-11e4-a52e-4f735466cecf":"f.6B59548A06B598AB2C6AF1A2C766605D.d.64C9A1FEBA4C83AE89BEECFBBC4871E0.e.7002","ELEMENT":"f.6B59548A06B598AB2C6AF1A2C766605D.d.64C9A1FEBA4C83AE89BEECFBBC4871E0.e.7002"},{"block":"start","inline":"nearest"}]}
RESULT: {"script":"<script> [79 bytes]","args":[{"element-6066-11e4-a52e-4f735466cecf":"f.6B59548A06B598AB2C6AF1A2C766605D.d.64C9A1FEBA4C83AE89BEECFBBC4871E0.e.7002","ELEMENT":"f.6B59548A06B598AB2C6AF1A2C766605D.d.64C9A1FEBA4C83AE89BEECFBBC4871E0.e.7002"},{"block":"start","inline":"nearest"}]}
COMMAND: GET /session/5a60c8b5c70bea8172ebe4add6912aad/screenshot - {}
RESULT: {}
COMMAND: POST /session/5a60c8b5c70bea8172ebe4add6912aad/element/f.6B59548A06B598AB2C6AF1A2C766605D.d.64C9A1FEBA4C83AE89BEECFBBC4871E0.e.7002/click - {}
RESULT: {}
COMMAND: GET /session/5a60c8b5c70bea8172ebe4add6912aad/screenshot - {}
RESULT: {}
COMMAND: POST /session/5a60c8b5c70bea8172ebe4add6912aad/execute/async - {"script":"<script> [1562 bytes]","args":[{"selector":{"controlType":"sap.m.SearchField","properties":{"placeholder":"Search"},"searchOpenDialogs":true,"interaction":{"idSuffix":"I"}},"wdio_ui5_key":"sapm.SearchField{\"placeholder\":\"Search\"}"}]}
RESULT: {"script":"<script> [1562 bytes]","args":[{"selector":{"controlType":"sap.m.SearchField","properties":{"placeholder":"Search"},"searchOpenDialogs":true,"interaction":{"idSuffix":"I"}},"wdio_ui5_key":"sapm.SearchField{\"placeholder\":\"Search\"}"}]}
RESULT: undefined
COMMAND: POST /session/5a60c8b5c70bea8172ebe4add6912aad/execute/async - {"script":"<script> [776 bytes]","args":[{"enterText":"4000360","selector":{"controlType":"sap.m.SearchField","properties":{"placeholder":"Search"},"searchOpenDialogs":true,"interaction":{"idSuffix":"I"}},"clearTextFirst":true,"interactionType":"ENTER_TEXT"}]}
RESULT: {"script":"<script> [776 bytes]","args":[{"enterText":"4000360","selector":{"controlType":"sap.m.SearchField","properties":{"placeholder":"Search"},"searchOpenDialogs":true,"interaction":{"idSuffix":"I"}},"clearTextFirst":true,"interactionType":"ENTER_TEXT"}]}
COMMAND: POST /session/5a60c8b5c70bea8172ebe4add6912aad/actions - {"actions":[{"id":"action29","type":"key","parameters":{},"actions":[{"type":"keyDown","value":"î€‡"},{"type":"pause","duration":10},{"type":"keyUp","value":"î€‡"}]}]}
RESULT: {"actions":[{"id":"action29","type":"key","parameters":{},"actions":[{"type":"keyDown","value":"î€‡"},{"type":"pause","duration":10},{"type":"keyUp","value":"î€‡"}]}]}
COMMAND: GET /session/5a60c8b5c70bea8172ebe4add6912aad/screenshot - {}
RESULT: {}
COMMAND: POST /session/5a60c8b5c70bea8172ebe4add6912aad/element - {"using":"xpath","value":"//td/div/span[contains(text(), \"BGL Vehicles\")]"}
RESULT: {"using":"xpath","value":"//td/div/span[contains(text(), \"BGL Vehicles\")]"}
COMMAND: POST /session/5a60c8b5c70bea8172ebe4add6912aad/element/f.6B59548A06B598AB2C6AF1A2C766605D.d.64C9A1FEBA4C83AE89BEECFBBC4871E0.e.7023/click - {}
RESULT: {}
COMMAND: GET /session/5a60c8b5c70bea8172ebe4add6912aad/screenshot - {}
RESULT: {}
COMMAND: POST /session/5a60c8b5c70bea8172ebe4add6912aad/element - {"using":"xpath","value":"//bdi[contains(text(), \"OK\")]"}
RESULT: {"using":"xpath","value":"//bdi[contains(text(), \"OK\")]"}
COMMAND: POST /session/5a60c8b5c70bea8172ebe4add6912aad/element/f.6B59548A06B598AB2C6AF1A2C766605D.d.64C9A1FEBA4C83AE89BEECFBBC4871E0.e.7024/click - {}
RESULT: {}
COMMAND: GET /session/5a60c8b5c70bea8172ebe4add6912aad/screenshot - {}
RESULT: {}
COMMAND: POST /session/5a60c8b5c70bea8172ebe4add6912aad/element - {"using":"xpath","value":"//label[contains(@class, 'sapMLabelRequired') and .//bdi[contains(text(), 'Planned Retirement')]]"}
RESULT: {"using":"xpath","value":"//label[contains(@class, 'sapMLabelRequired') and .//bdi[contains(text(), 'Planned Retirement')]]"}
COMMAND: POST /session/5a60c8b5c70bea8172ebe4add6912aad/elements - {"using":"xpath","value":"//label[contains(@class, 'sapMLabelRequired') and .//bdi[contains(text(), 'Planned Retirement')]]"}
RESULT: {"using":"xpath","value":"//label[contains(@class, 'sapMLabelRequired') and .//bdi[contains(text(), 'Planned Retirement')]]"}
COMMAND: POST /session/5a60c8b5c70bea8172ebe4add6912aad/element - {"using":"xpath","value":"//button[@data-kt=\"resourceUnitSaveButton\"]"}
RESULT: {"using":"xpath","value":"//button[@data-kt=\"resourceUnitSaveButton\"]"}
COMMAND: POST /session/5a60c8b5c70bea8172ebe4add6912aad/element/f.6B59548A06B598AB2C6AF1A2C766605D.d.64C9A1FEBA4C83AE89BEECFBBC4871E0.e.6922/click - {}
RESULT: {}
COMMAND: GET /session/5a60c8b5c70bea8172ebe4add6912aad/screenshot - {}
RESULT: {}
COMMAND: POST /session/5a60c8b5c70bea8172ebe4add6912aad/element - {"using":"xpath","value":"//bdi[contains(text(), \"Close\")]"}
RESULT: {"using":"xpath","value":"//bdi[contains(text(), \"Close\")]"}
COMMAND: POST /session/5a60c8b5c70bea8172ebe4add6912aad/element/f.6B59548A06B598AB2C6AF1A2C766605D.d.64C9A1FEBA4C83AE89BEECFBBC4871E0.e.7031/click - {}
RESULT: {}
COMMAND: GET /session/5a60c8b5c70bea8172ebe4add6912aad/screenshot - {}
RESULT: {}
COMMAND: POST /session/5a60c8b5c70bea8172ebe4add6912aad/element - {"using":"xpath","value":"//header[contains(@id, 'detailRruPage-headerTitle')]/div[1]/div[2]/div[2]/span[1]"}
RESULT: {"using":"xpath","value":"//header[contains(@id, 'detailRruPage-headerTitle')]/div[1]/div[2]/div[2]/span[1]"}
COMMAND: POST /session/5a60c8b5c70bea8172ebe4add6912aad/elements - {"using":"xpath","value":"//header[contains(@id, 'detailRruPage-headerTitle')]/div[1]/div[2]/div[2]/span[1]"}
RESULT: {"using":"xpath","value":"//header[contains(@id, 'detailRruPage-headerTitle')]/div[1]/div[2]/div[2]/span[1]"}
COMMAND: POST /session/5a60c8b5c70bea8172ebe4add6912aad/execute/sync - {"script":"<script> [56 bytes]","args":[{"element-6066-11e4-a52e-4f735466cecf":"f.6B59548A06B598AB2C6AF1A2C766605D.d.64C9A1FEBA4C83AE89BEECFBBC4871E0.e.7064","ELEMENT":"f.6B59548A06B598AB2C6AF1A2C766605D.d.64C9A1FEBA4C83AE89BEECFBBC4871E0.e.7064"}]}
RESULT: {"script":"<script> [56 bytes]","args":[{"element-6066-11e4-a52e-4f735466cecf":"f.6B59548A06B598AB2C6AF1A2C766605D.d.64C9A1FEBA4C83AE89BEECFBBC4871E0.e.7064","ELEMENT":"f.6B59548A06B598AB2C6AF1A2C766605D.d.64C9A1FEBA4C83AE89BEECFBBC4871E0.e.7064"}]}
COMMAND: POST /session/5a60c8b5c70bea8172ebe4add6912aad/element - {"using":"css selector","value":"#shell-header-logo"}
COMMAND: GET /session/5a60c8b5c70bea8172ebe4add6912aad/screenshot - {}
RESULT: {"using":"css selector","value":"#shell-header-logo"}
COMMAND: POST /session/5a60c8b5c70bea8172ebe4add6912aad/element/f.6B59548A06B598AB2C6AF1A2C766605D.d.64C9A1FEBA4C83AE89BEECFBBC4871E0.e.6706/click - {}
RESULT: {}
RESULT: {}
COMMAND: GET /session/5a60c8b5c70bea8172ebe4add6912aad/screenshot - {}
RESULT: {}
]]></system-out>
    </testcase>
    <testcase classname="chrome.135_0_7049_115.windows.Provide_to_Site_w/_warehouse_management_w/_clarification_US115878" name="Bin Status Report Should Create New Organization yard" time="63.264">
      <system-out><![CDATA[
COMMAND: POST /session/5a60c8b5c70bea8172ebe4add6912aad/execute/async - {"script":"<script> [1562 bytes]","args":[{"selector":{"controlType":"sap.m.GenericTile","properties":{"header":"Bin Status Report"}},"wdio_ui5_key":"sapm.GenericTile{\"header\":\"Bin Status Report\"}"}]}
RESULT: {"script":"<script> [1562 bytes]","args":[{"selector":{"controlType":"sap.m.GenericTile","properties":{"header":"Bin Status Report"}},"wdio_ui5_key":"sapm.GenericTile{\"header\":\"Bin Status Report\"}"}]}
RESULT: undefined
COMMAND: POST /session/5a60c8b5c70bea8172ebe4add6912aad/element - {"using":"xpath","value":"//*[@id=\"__tile104\"]"}
RESULT: {"using":"xpath","value":"//*[@id=\"__tile104\"]"}
COMMAND: POST /session/5a60c8b5c70bea8172ebe4add6912aad/element/f.6B59548A06B598AB2C6AF1A2C766605D.d.64C9A1FEBA4C83AE89BEECFBBC4871E0.e.7066/click - {}
RESULT: {}
COMMAND: GET /session/5a60c8b5c70bea8172ebe4add6912aad/screenshot - {}
RESULT: {}
COMMAND: POST /session/5a60c8b5c70bea8172ebe4add6912aad/execute/async - {"script":"<script> [1562 bytes]","args":[{"selector":{"id":"application-binstatusreport-display-component---warehousing--createOrgBtn","interaction":{"idSuffix":"content"}},"wdio_ui5_key":"applicationbinstatusreport-display-component---warehousing--createOrgBtn"}]}
RESULT: {"script":"<script> [1562 bytes]","args":[{"selector":{"id":"application-binstatusreport-display-component---warehousing--createOrgBtn","interaction":{"idSuffix":"content"}},"wdio_ui5_key":"applicationbinstatusreport-display-component---warehousing--createOrgBtn"}]}
RESULT: undefined
COMMAND: POST /session/5a60c8b5c70bea8172ebe4add6912aad/element - {"using":"xpath","value":"//*[@id=\"application-binstatusreport-display-component---warehousing--createOrgBtn\"]"}
RESULT: {"using":"xpath","value":"//*[@id=\"application-binstatusreport-display-component---warehousing--createOrgBtn\"]"}
COMMAND: POST /session/5a60c8b5c70bea8172ebe4add6912aad/element/f.6B59548A06B598AB2C6AF1A2C766605D.d.64C9A1FEBA4C83AE89BEECFBBC4871E0.e.7124/click - {}
RESULT: {}
COMMAND: GET /session/5a60c8b5c70bea8172ebe4add6912aad/screenshot - {}
RESULT: {}
COMMAND: POST /session/5a60c8b5c70bea8172ebe4add6912aad/execute/async - {"script":"<script> [1562 bytes]","args":[{"selector":{"id":"createOrganizationPop--sectionInput","searchOpenDialogs":true,"interaction":{"idSuffix":"inner"}},"wdio_ui5_key":"createOrganizationPopsectionInput"}]}
RESULT: {"script":"<script> [1562 bytes]","args":[{"selector":{"id":"createOrganizationPop--sectionInput","searchOpenDialogs":true,"interaction":{"idSuffix":"inner"}},"wdio_ui5_key":"createOrganizationPopsectionInput"}]}
RESULT: undefined
COMMAND: POST /session/5a60c8b5c70bea8172ebe4add6912aad/execute/async - {"script":"<script> [776 bytes]","args":[{"enterText":"WDIO-663","selector":{"id":"createOrganizationPop--sectionInput","searchOpenDialogs":true,"interaction":{"idSuffix":"inner"}},"clearTextFirst":true,"interactionType":"ENTER_TEXT"}]}
RESULT: {"script":"<script> [776 bytes]","args":[{"enterText":"WDIO-663","selector":{"id":"createOrganizationPop--sectionInput","searchOpenDialogs":true,"interaction":{"idSuffix":"inner"}},"clearTextFirst":true,"interactionType":"ENTER_TEXT"}]}
COMMAND: POST /session/5a60c8b5c70bea8172ebe4add6912aad/execute/async - {"script":"<script> [1562 bytes]","args":[{"selector":{"id":"createOrganizationPop--descriptionInput","searchOpenDialogs":true,"interaction":{"idSuffix":"inner"}},"wdio_ui5_key":"createOrganizationPopdescriptionInput"}]}
RESULT: {"script":"<script> [1562 bytes]","args":[{"selector":{"id":"createOrganizationPop--descriptionInput","searchOpenDialogs":true,"interaction":{"idSuffix":"inner"}},"wdio_ui5_key":"createOrganizationPopdescriptionInput"}]}
RESULT: undefined
COMMAND: POST /session/5a60c8b5c70bea8172ebe4add6912aad/execute/async - {"script":"<script> [776 bytes]","args":[{"enterText":"Shipping-663","selector":{"id":"createOrganizationPop--descriptionInput","searchOpenDialogs":true,"interaction":{"idSuffix":"inner"}},"clearTextFirst":true,"interactionType":"ENTER_TEXT"}]}
RESULT: {"script":"<script> [776 bytes]","args":[{"enterText":"Shipping-663","selector":{"id":"createOrganizationPop--descriptionInput","searchOpenDialogs":true,"interaction":{"idSuffix":"inner"}},"clearTextFirst":true,"interactionType":"ENTER_TEXT"}]}
COMMAND: POST /session/5a60c8b5c70bea8172ebe4add6912aad/element - {"using":"css selector","value":"#createOrganizationPop--yardOrg-inner"}
RESULT: {"using":"css selector","value":"#createOrganizationPop--yardOrg-inner"}
COMMAND: POST /session/5a60c8b5c70bea8172ebe4add6912aad/element/f.6B59548A06B598AB2C6AF1A2C766605D.d.64C9A1FEBA4C83AE89BEECFBBC4871E0.e.7167/clear - {}
RESULT: {}
COMMAND: POST /session/5a60c8b5c70bea8172ebe4add6912aad/element/f.6B59548A06B598AB2C6AF1A2C766605D.d.64C9A1FEBA4C83AE89BEECFBBC4871E0.e.7167/value - {"text":"663"}
COMMAND: GET /session/5a60c8b5c70bea8172ebe4add6912aad/screenshot - {}
RESULT: {"text":"663"}
COMMAND: GET /session/5a60c8b5c70bea8172ebe4add6912aad/screenshot - {}
RESULT: {}
RESULT: {}
COMMAND: POST /session/5a60c8b5c70bea8172ebe4add6912aad/actions - {"actions":[{"id":"action30","type":"key","parameters":{},"actions":[{"type":"keyDown","value":"î€‡"},{"type":"pause","duration":10},{"type":"keyUp","value":"î€‡"}]}]}
RESULT: {"actions":[{"id":"action30","type":"key","parameters":{},"actions":[{"type":"keyDown","value":"î€‡"},{"type":"pause","duration":10},{"type":"keyUp","value":"î€‡"}]}]}
COMMAND: POST /session/5a60c8b5c70bea8172ebe4add6912aad/execute/async - {"script":"<script> [1562 bytes]","args":[{"selector":{"id":"createOrganizationPop--grZone","searchOpenDialogs":true,"interaction":{"idSuffix":"CbBg"}},"wdio_ui5_key":"createOrganizationPopgrZone"}]}
COMMAND: GET /session/5a60c8b5c70bea8172ebe4add6912aad/screenshot - {}
RESULT: {"script":"<script> [1562 bytes]","args":[{"selector":{"id":"createOrganizationPop--grZone","searchOpenDialogs":true,"interaction":{"idSuffix":"CbBg"}},"wdio_ui5_key":"createOrganizationPopgrZone"}]}
RESULT: undefined
COMMAND: POST /session/5a60c8b5c70bea8172ebe4add6912aad/element - {"using":"xpath","value":"//*[@id=\"createOrganizationPop--grZone\"]"}
RESULT: {}
RESULT: {"using":"xpath","value":"//*[@id=\"createOrganizationPop--grZone\"]"}
COMMAND: POST /session/5a60c8b5c70bea8172ebe4add6912aad/element/f.6B59548A06B598AB2C6AF1A2C766605D.d.64C9A1FEBA4C83AE89BEECFBBC4871E0.e.7188/click - {}
RESULT: {}
COMMAND: GET /session/5a60c8b5c70bea8172ebe4add6912aad/screenshot - {}
RESULT: {}
COMMAND: POST /session/5a60c8b5c70bea8172ebe4add6912aad/execute/async - {"script":"<script> [1562 bytes]","args":[{"selector":{"id":"createOrganizationPop--giZone","searchOpenDialogs":true,"interaction":{"idSuffix":"CbBg"}},"wdio_ui5_key":"createOrganizationPopgiZone"}]}
RESULT: {"script":"<script> [1562 bytes]","args":[{"selector":{"id":"createOrganizationPop--giZone","searchOpenDialogs":true,"interaction":{"idSuffix":"CbBg"}},"wdio_ui5_key":"createOrganizationPopgiZone"}]}
RESULT: undefined
COMMAND: POST /session/5a60c8b5c70bea8172ebe4add6912aad/element - {"using":"xpath","value":"//*[@id=\"createOrganizationPop--giZone\"]"}
RESULT: {"using":"xpath","value":"//*[@id=\"createOrganizationPop--giZone\"]"}
COMMAND: POST /session/5a60c8b5c70bea8172ebe4add6912aad/element/f.6B59548A06B598AB2C6AF1A2C766605D.d.64C9A1FEBA4C83AE89BEECFBBC4871E0.e.7190/click - {}
RESULT: {}
COMMAND: GET /session/5a60c8b5c70bea8172ebe4add6912aad/screenshot - {}
RESULT: {}
COMMAND: POST /session/5a60c8b5c70bea8172ebe4add6912aad/execute/async - {"script":"<script> [1562 bytes]","args":[{"selector":{"id":"createOrganizationPop--binNoInput","searchOpenDialogs":true,"interaction":{"idSuffix":"inner"}},"wdio_ui5_key":"createOrganizationPopbinNoInput"}]}
RESULT: {"script":"<script> [1562 bytes]","args":[{"selector":{"id":"createOrganizationPop--binNoInput","searchOpenDialogs":true,"interaction":{"idSuffix":"inner"}},"wdio_ui5_key":"createOrganizationPopbinNoInput"}]}
RESULT: undefined
COMMAND: POST /session/5a60c8b5c70bea8172ebe4add6912aad/execute/async - {"script":"<script> [776 bytes]","args":[{"enterText":"Bin-Wd","selector":{"id":"createOrganizationPop--binNoInput","searchOpenDialogs":true,"interaction":{"idSuffix":"inner"}},"clearTextFirst":true,"interactionType":"ENTER_TEXT"}]}
RESULT: {"script":"<script> [776 bytes]","args":[{"enterText":"Bin-Wd","selector":{"id":"createOrganizationPop--binNoInput","searchOpenDialogs":true,"interaction":{"idSuffix":"inner"}},"clearTextFirst":true,"interactionType":"ENTER_TEXT"}]}
COMMAND: POST /session/5a60c8b5c70bea8172ebe4add6912aad/execute/async - {"script":"<script> [1562 bytes]","args":[{"selector":{"id":"createOrganizationPop--descriptionId","searchOpenDialogs":true,"interaction":{"idSuffix":"inner"}},"wdio_ui5_key":"createOrganizationPopdescriptionId"}]}
RESULT: {"script":"<script> [1562 bytes]","args":[{"selector":{"id":"createOrganizationPop--descriptionId","searchOpenDialogs":true,"interaction":{"idSuffix":"inner"}},"wdio_ui5_key":"createOrganizationPopdescriptionId"}]}
RESULT: undefined
COMMAND: POST /session/5a60c8b5c70bea8172ebe4add6912aad/execute/async - {"script":"<script> [776 bytes]","args":[{"enterText":"Shipping-Wd","selector":{"id":"createOrganizationPop--descriptionId","searchOpenDialogs":true,"interaction":{"idSuffix":"inner"}},"clearTextFirst":true,"interactionType":"ENTER_TEXT"}]}
RESULT: {"script":"<script> [776 bytes]","args":[{"enterText":"Shipping-Wd","selector":{"id":"createOrganizationPop--descriptionId","searchOpenDialogs":true,"interaction":{"idSuffix":"inner"}},"clearTextFirst":true,"interactionType":"ENTER_TEXT"}]}
COMMAND: POST /session/5a60c8b5c70bea8172ebe4add6912aad/execute/async - {"script":"<script> [1562 bytes]","args":[{"selector":{"controlType":"sap.m.CheckBox","viewName":"etm.portal.ui.binstatusreport.view.MasterWareBins","viewId":"application-binstatusreport-display-component---warehousing","bindingPath":{"path":"","propertyPath":"/ZONE","modelName":"newBin"},"searchOpenDialogs":true,"interaction":{"idSuffix":"CbBg"}},"wdio_ui5_key":"etmportal.ui.binstatusreport.view.MasterWareBinssap.m.CheckBox{\"path\":\"\",\"propertyPath\":\"/ZONE\",\"modelName\":\"newBin\"}"}]}
RESULT: {"script":"<script> [1562 bytes]","args":[{"selector":{"controlType":"sap.m.CheckBox","viewName":"etm.portal.ui.binstatusreport.view.MasterWareBins","viewId":"application-binstatusreport-display-component---warehousing","bindingPath":{"path":"","propertyPath":"/ZONE","modelName":"newBin"},"searchOpenDialogs":true,"interaction":{"idSuffix":"CbBg"}},"wdio_ui5_key":"etmportal.ui.binstatusreport.view.MasterWareBinssap.m.CheckBox{\"path\":\"\",\"propertyPath\":\"/ZONE\",\"modelName\":\"newBin\"}"}]}
RESULT: undefined
COMMAND: POST /session/5a60c8b5c70bea8172ebe4add6912aad/element - {"using":"xpath","value":"//*[@id=\"__box16\"]"}
RESULT: {"using":"xpath","value":"//*[@id=\"__box16\"]"}
COMMAND: POST /session/5a60c8b5c70bea8172ebe4add6912aad/element/f.6B59548A06B598AB2C6AF1A2C766605D.d.64C9A1FEBA4C83AE89BEECFBBC4871E0.e.7194/click - {}
RESULT: {}
COMMAND: GET /session/5a60c8b5c70bea8172ebe4add6912aad/screenshot - {}
RESULT: {}
COMMAND: POST /session/5a60c8b5c70bea8172ebe4add6912aad/execute/async - {"script":"<script> [1562 bytes]","args":[{"selector":{"id":"createOrganizationPop--binTypesCB","searchOpenDialogs":true,"interaction":{"idSuffix":"inner"}},"wdio_ui5_key":"createOrganizationPopbinTypesCB"}]}
RESULT: {"script":"<script> [1562 bytes]","args":[{"selector":{"id":"createOrganizationPop--binTypesCB","searchOpenDialogs":true,"interaction":{"idSuffix":"inner"}},"wdio_ui5_key":"createOrganizationPopbinTypesCB"}]}
RESULT: undefined
COMMAND: POST /session/5a60c8b5c70bea8172ebe4add6912aad/execute/async - {"script":"<script> [776 bytes]","args":[{"enterText":"1 - General / No capacity check","selector":{"id":"createOrganizationPop--binTypesCB","searchOpenDialogs":true,"interaction":{"idSuffix":"inner"}},"clearTextFirst":true,"interactionType":"ENTER_TEXT"}]}
RESULT: {"script":"<script> [776 bytes]","args":[{"enterText":"1 - General / No capacity check","selector":{"id":"createOrganizationPop--binTypesCB","searchOpenDialogs":true,"interaction":{"idSuffix":"inner"}},"clearTextFirst":true,"interactionType":"ENTER_TEXT"}]}
COMMAND: POST /session/5a60c8b5c70bea8172ebe4add6912aad/actions - {"actions":[{"id":"action31","type":"key","parameters":{},"actions":[{"type":"keyDown","value":"î€‡"},{"type":"pause","duration":10},{"type":"keyUp","value":"î€‡"}]}]}
RESULT: {"actions":[{"id":"action31","type":"key","parameters":{},"actions":[{"type":"keyDown","value":"î€‡"},{"type":"pause","duration":10},{"type":"keyUp","value":"î€‡"}]}]}
COMMAND: GET /session/5a60c8b5c70bea8172ebe4add6912aad/screenshot - {}
RESULT: {}
COMMAND: POST /session/5a60c8b5c70bea8172ebe4add6912aad/execute/async - {"script":"<script> [1562 bytes]","args":[{"selector":{"id":"createOrganizationPop--finishBtn","searchOpenDialogs":true,"interaction":{"idSuffix":"BDI-content"}},"wdio_ui5_key":"createOrganizationPopfinishBtn"}]}
RESULT: {"script":"<script> [1562 bytes]","args":[{"selector":{"id":"createOrganizationPop--finishBtn","searchOpenDialogs":true,"interaction":{"idSuffix":"BDI-content"}},"wdio_ui5_key":"createOrganizationPopfinishBtn"}]}
RESULT: undefined
COMMAND: POST /session/5a60c8b5c70bea8172ebe4add6912aad/element - {"using":"xpath","value":"//*[@id=\"createOrganizationPop--finishBtn\"]"}
RESULT: {"using":"xpath","value":"//*[@id=\"createOrganizationPop--finishBtn\"]"}
COMMAND: POST /session/5a60c8b5c70bea8172ebe4add6912aad/element/f.6B59548A06B598AB2C6AF1A2C766605D.d.64C9A1FEBA4C83AE89BEECFBBC4871E0.e.7197/click - {}
RESULT: {}
COMMAND: GET /session/5a60c8b5c70bea8172ebe4add6912aad/screenshot - {}
RESULT: {}
]]></system-out>
    </testcase>
    <testcase classname="chrome.135_0_7049_115.windows.Provide_to_Site_w/_warehouse_management_w/_clarification_US115878" name="Bin Status Report Should Create New Organization for Site" time="49.136">
      <system-out><![CDATA[
RESULT: undefined
COMMAND: POST /session/5a60c8b5c70bea8172ebe4add6912aad/element - {"using":"xpath","value":"//*[@id=\"application-binstatusreport-display-component---warehousing--createOrgBtn\"]"}
RESULT: {"using":"xpath","value":"//*[@id=\"application-binstatusreport-display-component---warehousing--createOrgBtn\"]"}
COMMAND: POST /session/5a60c8b5c70bea8172ebe4add6912aad/element/f.6B59548A06B598AB2C6AF1A2C766605D.d.64C9A1FEBA4C83AE89BEECFBBC4871E0.e.7124/click - {}
RESULT: {}
COMMAND: GET /session/5a60c8b5c70bea8172ebe4add6912aad/screenshot - {}
RESULT: {}
RESULT: undefined
COMMAND: POST /session/5a60c8b5c70bea8172ebe4add6912aad/execute/async - {"script":"<script> [776 bytes]","args":[{"enterText":"2493","selector":{"id":"createOrganizationPop--sectionInput","searchOpenDialogs":true,"interaction":{"idSuffix":"inner"}},"clearTextFirst":true,"interactionType":"ENTER_TEXT"}]}
RESULT: {"script":"<script> [776 bytes]","args":[{"enterText":"2493","selector":{"id":"createOrganizationPop--sectionInput","searchOpenDialogs":true,"interaction":{"idSuffix":"inner"}},"clearTextFirst":true,"interactionType":"ENTER_TEXT"}]}
RESULT: undefined
COMMAND: POST /session/5a60c8b5c70bea8172ebe4add6912aad/execute/async - {"script":"<script> [776 bytes]","args":[{"enterText":"WDIO-2493","selector":{"id":"createOrganizationPop--descriptionInput","searchOpenDialogs":true,"interaction":{"idSuffix":"inner"}},"clearTextFirst":true,"interactionType":"ENTER_TEXT"}]}
RESULT: {"script":"<script> [776 bytes]","args":[{"enterText":"WDIO-2493","selector":{"id":"createOrganizationPop--descriptionInput","searchOpenDialogs":true,"interaction":{"idSuffix":"inner"}},"clearTextFirst":true,"interactionType":"ENTER_TEXT"}]}
COMMAND: POST /session/5a60c8b5c70bea8172ebe4add6912aad/element - {"using":"css selector","value":"#createOrganizationPop--siteOrg-inner"}
RESULT: {"using":"css selector","value":"#createOrganizationPop--siteOrg-inner"}
COMMAND: POST /session/5a60c8b5c70bea8172ebe4add6912aad/element/f.6B59548A06B598AB2C6AF1A2C766605D.d.64C9A1FEBA4C83AE89BEECFBBC4871E0.e.7204/clear - {}
RESULT: {}
COMMAND: POST /session/5a60c8b5c70bea8172ebe4add6912aad/element/f.6B59548A06B598AB2C6AF1A2C766605D.d.64C9A1FEBA4C83AE89BEECFBBC4871E0.e.7204/value - {"text":"2493"}
COMMAND: GET /session/5a60c8b5c70bea8172ebe4add6912aad/screenshot - {}
RESULT: {"text":"2493"}
COMMAND: GET /session/5a60c8b5c70bea8172ebe4add6912aad/screenshot - {}
RESULT: {}
RESULT: {}
COMMAND: POST /session/5a60c8b5c70bea8172ebe4add6912aad/actions - {"actions":[{"id":"action32","type":"key","parameters":{},"actions":[{"type":"keyDown","value":"î€‡"},{"type":"pause","duration":10},{"type":"keyUp","value":"î€‡"}]}]}
RESULT: {"actions":[{"id":"action32","type":"key","parameters":{},"actions":[{"type":"keyDown","value":"î€‡"},{"type":"pause","duration":10},{"type":"keyUp","value":"î€‡"}]}]}
RESULT: undefined
COMMAND: POST /session/5a60c8b5c70bea8172ebe4add6912aad/element - {"using":"xpath","value":"//*[@id=\"createOrganizationPop--giZone\"]"}
COMMAND: GET /session/5a60c8b5c70bea8172ebe4add6912aad/screenshot - {}
RESULT: {"using":"xpath","value":"//*[@id=\"createOrganizationPop--giZone\"]"}
COMMAND: POST /session/5a60c8b5c70bea8172ebe4add6912aad/element/f.6B59548A06B598AB2C6AF1A2C766605D.d.64C9A1FEBA4C83AE89BEECFBBC4871E0.e.7221/click - {}
RESULT: {}
RESULT: {}
COMMAND: GET /session/5a60c8b5c70bea8172ebe4add6912aad/screenshot - {}
RESULT: {}
RESULT: undefined
COMMAND: POST /session/5a60c8b5c70bea8172ebe4add6912aad/execute/async - {"script":"<script> [776 bytes]","args":[{"enterText":"WD-BIN","selector":{"id":"createOrganizationPop--binNoInput","searchOpenDialogs":true,"interaction":{"idSuffix":"inner"}},"clearTextFirst":true,"interactionType":"ENTER_TEXT"}]}
RESULT: {"script":"<script> [776 bytes]","args":[{"enterText":"WD-BIN","selector":{"id":"createOrganizationPop--binNoInput","searchOpenDialogs":true,"interaction":{"idSuffix":"inner"}},"clearTextFirst":true,"interactionType":"ENTER_TEXT"}]}
RESULT: undefined
COMMAND: POST /session/5a60c8b5c70bea8172ebe4add6912aad/execute/async - {"script":"<script> [776 bytes]","args":[{"enterText":"WD-BIN","selector":{"id":"createOrganizationPop--descriptionId","searchOpenDialogs":true,"interaction":{"idSuffix":"inner"}},"clearTextFirst":true,"interactionType":"ENTER_TEXT"}]}
RESULT: {"script":"<script> [776 bytes]","args":[{"enterText":"WD-BIN","selector":{"id":"createOrganizationPop--descriptionId","searchOpenDialogs":true,"interaction":{"idSuffix":"inner"}},"clearTextFirst":true,"interactionType":"ENTER_TEXT"}]}
COMMAND: POST /session/5a60c8b5c70bea8172ebe4add6912aad/execute/async - {"script":"<script> [1562 bytes]","args":[{"selector":{"controlType":"sap.m.CheckBox","viewName":"etm.portal.ui.binstatusreport.view.MasterWareBins","viewId":"application-binstatusreport-display-component---warehousing","bindingPath":{"propertyPath":"/ZONE","modelName":"newBin"},"searchOpenDialogs":true,"interaction":{"idSuffix":"CbBg"}},"wdio_ui5_key":"etmportal.ui.binstatusreport.view.MasterWareBinssap.m.CheckBox{\"propertyPath\":\"/ZONE\",\"modelName\":\"newBin\"}"}]}
RESULT: {"script":"<script> [1562 bytes]","args":[{"selector":{"controlType":"sap.m.CheckBox","viewName":"etm.portal.ui.binstatusreport.view.MasterWareBins","viewId":"application-binstatusreport-display-component---warehousing","bindingPath":{"propertyPath":"/ZONE","modelName":"newBin"},"searchOpenDialogs":true,"interaction":{"idSuffix":"CbBg"}},"wdio_ui5_key":"etmportal.ui.binstatusreport.view.MasterWareBinssap.m.CheckBox{\"propertyPath\":\"/ZONE\",\"modelName\":\"newBin\"}"}]}
RESULT: undefined
COMMAND: POST /session/5a60c8b5c70bea8172ebe4add6912aad/element - {"using":"xpath","value":"//*[@id=\"__box19\"]"}
RESULT: {"using":"xpath","value":"//*[@id=\"__box19\"]"}
COMMAND: POST /session/5a60c8b5c70bea8172ebe4add6912aad/element/f.6B59548A06B598AB2C6AF1A2C766605D.d.64C9A1FEBA4C83AE89BEECFBBC4871E0.e.7223/click - {}
RESULT: {}
COMMAND: GET /session/5a60c8b5c70bea8172ebe4add6912aad/screenshot - {}
RESULT: {}
RESULT: undefined
COMMAND: POST /session/5a60c8b5c70bea8172ebe4add6912aad/execute/async - {"script":"<script> [776 bytes]","args":[{"enterText":"1 - General / No capacity check","selector":{"id":"createOrganizationPop--binTypesCB","searchOpenDialogs":true,"interaction":{"idSuffix":"inner"}},"clearTextFirst":true,"interactionType":"ENTER_TEXT"}]}
RESULT: {"script":"<script> [776 bytes]","args":[{"enterText":"1 - General / No capacity check","selector":{"id":"createOrganizationPop--binTypesCB","searchOpenDialogs":true,"interaction":{"idSuffix":"inner"}},"clearTextFirst":true,"interactionType":"ENTER_TEXT"}]}
COMMAND: POST /session/5a60c8b5c70bea8172ebe4add6912aad/execute/async - {"script":"<script> [1562 bytes]","args":[{"selector":{"id":"createOrganizationPop--capacityId","searchOpenDialogs":true,"interaction":{"idSuffix":"inner"}},"wdio_ui5_key":"createOrganizationPopcapacityId"}]}
RESULT: {"script":"<script> [1562 bytes]","args":[{"selector":{"id":"createOrganizationPop--capacityId","searchOpenDialogs":true,"interaction":{"idSuffix":"inner"}},"wdio_ui5_key":"createOrganizationPopcapacityId"}]}
RESULT: undefined
COMMAND: POST /session/5a60c8b5c70bea8172ebe4add6912aad/actions - {"actions":[{"id":"action33","type":"key","parameters":{},"actions":[{"type":"keyDown","value":"î€‡"},{"type":"pause","duration":10},{"type":"keyUp","value":"î€‡"}]}]}
RESULT: {"actions":[{"id":"action33","type":"key","parameters":{},"actions":[{"type":"keyDown","value":"î€‡"},{"type":"pause","duration":10},{"type":"keyUp","value":"î€‡"}]}]}
COMMAND: GET /session/5a60c8b5c70bea8172ebe4add6912aad/screenshot - {}
RESULT: {}
RESULT: undefined
COMMAND: POST /session/5a60c8b5c70bea8172ebe4add6912aad/element - {"using":"xpath","value":"//*[@id=\"createOrganizationPop--finishBtn\"]"}
RESULT: {"using":"xpath","value":"//*[@id=\"createOrganizationPop--finishBtn\"]"}
COMMAND: POST /session/5a60c8b5c70bea8172ebe4add6912aad/element/f.6B59548A06B598AB2C6AF1A2C766605D.d.64C9A1FEBA4C83AE89BEECFBBC4871E0.e.7230/click - {}
RESULT: {}
COMMAND: GET /session/5a60c8b5c70bea8172ebe4add6912aad/screenshot - {}
RESULT: {}
COMMAND: POST /session/5a60c8b5c70bea8172ebe4add6912aad/element - {"using":"css selector","value":"#shell-header-logo"}
RESULT: {"using":"css selector","value":"#shell-header-logo"}
COMMAND: POST /session/5a60c8b5c70bea8172ebe4add6912aad/element/f.6B59548A06B598AB2C6AF1A2C766605D.d.64C9A1FEBA4C83AE89BEECFBBC4871E0.e.7072/click - {}
RESULT: {}
COMMAND: GET /session/5a60c8b5c70bea8172ebe4add6912aad/screenshot - {}
RESULT: {}
]]></system-out>
    </testcase>
  </testsuite>
  <testsuite timestamp="2025-05-07T16:41:07" time="434.849" tests="6" failures="0" errors="0" skipped="0">
    <properties>
      <property name="specId" value="0" />
      <property name="suiteName" value="Provide to Site w/ warehouse management w clarification" />
      <property name="capabilities" value="chrome.135_0_7049_115.windows" />
      <property name="file" value="file:///D:/a/1/s/test/specs/HTR/provide-to-site-w-warehouse-w-clarification.spec.js" />
    </properties>
    <testcase classname="chrome.135_0_7049_115.windows.Provide_to_Site_w/_warehouse_management_w_clarification" name="Should do a stock increase handover" time="76.667">
      <system-out><![CDATA[
COMMAND: POST /session/5a60c8b5c70bea8172ebe4add6912aad/execute/async - {"script":"<script> [1562 bytes]","args":[{"selector":{"controlType":"sap.m.Text","viewName":"etm.portal.ui.managehandoverstile.view.Master","properties":{"text":"Manage Handovers"},"interaction":{"idSuffix":"inner"}},"wdio_ui5_key":"etmportal.ui.managehandoverstile.view.Mastersap.m.Text{\"text\":\"Manage Handovers\"}"}]}
RESULT: {"script":"<script> [1562 bytes]","args":[{"selector":{"controlType":"sap.m.Text","viewName":"etm.portal.ui.managehandoverstile.view.Master","properties":{"text":"Manage Handovers"},"interaction":{"idSuffix":"inner"}},"wdio_ui5_key":"etmportal.ui.managehandoverstile.view.Mastersap.m.Text{\"text\":\"Manage Handovers\"}"}]}
RESULT: undefined
COMMAND: POST /session/5a60c8b5c70bea8172ebe4add6912aad/element - {"using":"xpath","value":"//*[@id=\"__tile132-title\"]"}
RESULT: {"using":"xpath","value":"//*[@id=\"__tile132-title\"]"}
COMMAND: POST /session/5a60c8b5c70bea8172ebe4add6912aad/element/f.6B59548A06B598AB2C6AF1A2C766605D.d.64C9A1FEBA4C83AE89BEECFBBC4871E0.e.7237/click - {}
RESULT: {}
COMMAND: POST /session/5a60c8b5c70bea8172ebe4add6912aad/element - {"using":"xpath","value":"//button[@data-kt=\"masterHOAddButton\"]"}
COMMAND: GET /session/5a60c8b5c70bea8172ebe4add6912aad/screenshot - {}
RESULT: {"using":"xpath","value":"//button[@data-kt=\"masterHOAddButton\"]"}
COMMAND: POST /session/5a60c8b5c70bea8172ebe4add6912aad/elements - {"using":"xpath","value":"//button[@data-kt=\"masterHOAddButton\"]"}
RESULT: {}
RESULT: {"using":"xpath","value":"//button[@data-kt=\"masterHOAddButton\"]"}
COMMAND: POST /session/5a60c8b5c70bea8172ebe4add6912aad/elements - {"using":"xpath","value":"//button[@data-kt=\"masterHOAddButton\"]"}
RESULT: {"using":"xpath","value":"//button[@data-kt=\"masterHOAddButton\"]"}
COMMAND: POST /session/5a60c8b5c70bea8172ebe4add6912aad/elements - {"using":"xpath","value":"//button[@data-kt=\"masterHOAddButton\"]"}
RESULT: {"using":"xpath","value":"//button[@data-kt=\"masterHOAddButton\"]"}
COMMAND: POST /session/5a60c8b5c70bea8172ebe4add6912aad/elements - {"using":"xpath","value":"//button[@data-kt=\"masterHOAddButton\"]"}
RESULT: {"using":"xpath","value":"//button[@data-kt=\"masterHOAddButton\"]"}
COMMAND: POST /session/5a60c8b5c70bea8172ebe4add6912aad/elements - {"using":"xpath","value":"//button[@data-kt=\"masterHOAddButton\"]"}
RESULT: {"using":"xpath","value":"//button[@data-kt=\"masterHOAddButton\"]"}
COMMAND: POST /session/5a60c8b5c70bea8172ebe4add6912aad/elements - {"using":"xpath","value":"//button[@data-kt=\"masterHOAddButton\"]"}
RESULT: {"using":"xpath","value":"//button[@data-kt=\"masterHOAddButton\"]"}
COMMAND: POST /session/5a60c8b5c70bea8172ebe4add6912aad/elements - {"using":"xpath","value":"//button[@data-kt=\"masterHOAddButton\"]"}
RESULT: {"using":"xpath","value":"//button[@data-kt=\"masterHOAddButton\"]"}
COMMAND: POST /session/5a60c8b5c70bea8172ebe4add6912aad/elements - {"using":"xpath","value":"//button[@data-kt=\"masterHOAddButton\"]"}
RESULT: {"using":"xpath","value":"//button[@data-kt=\"masterHOAddButton\"]"}
COMMAND: POST /session/5a60c8b5c70bea8172ebe4add6912aad/elements - {"using":"xpath","value":"//button[@data-kt=\"masterHOAddButton\"]"}
RESULT: {"using":"xpath","value":"//button[@data-kt=\"masterHOAddButton\"]"}
COMMAND: POST /session/5a60c8b5c70bea8172ebe4add6912aad/elements - {"using":"xpath","value":"//button[@data-kt=\"masterHOAddButton\"]"}
RESULT: {"using":"xpath","value":"//button[@data-kt=\"masterHOAddButton\"]"}
COMMAND: POST /session/5a60c8b5c70bea8172ebe4add6912aad/elements - {"using":"xpath","value":"//button[@data-kt=\"masterHOAddButton\"]"}
RESULT: {"using":"xpath","value":"//button[@data-kt=\"masterHOAddButton\"]"}
COMMAND: POST /session/5a60c8b5c70bea8172ebe4add6912aad/elements - {"using":"xpath","value":"//button[@data-kt=\"masterHOAddButton\"]"}
RESULT: {"using":"xpath","value":"//button[@data-kt=\"masterHOAddButton\"]"}
COMMAND: POST /session/5a60c8b5c70bea8172ebe4add6912aad/element - {"using":"xpath","value":"//button[@data-kt=\"masterHOAddButton\"]"}
RESULT: {"using":"xpath","value":"//button[@data-kt=\"masterHOAddButton\"]"}
COMMAND: POST /session/5a60c8b5c70bea8172ebe4add6912aad/execute/sync - {"script":"<script> [8489 bytes]","args":[{"element-6066-11e4-a52e-4f735466cecf":"f.6B59548A06B598AB2C6AF1A2C766605D.d.64C9A1FEBA4C83AE89BEECFBBC4871E0.e.7276","ELEMENT":"f.6B59548A06B598AB2C6AF1A2C766605D.d.64C9A1FEBA4C83AE89BEECFBBC4871E0.e.7276"}]}
RESULT: {"script":"<script> [8489 bytes]","args":[{"element-6066-11e4-a52e-4f735466cecf":"f.6B59548A06B598AB2C6AF1A2C766605D.d.64C9A1FEBA4C83AE89BEECFBBC4871E0.e.7276","ELEMENT":"f.6B59548A06B598AB2C6AF1A2C766605D.d.64C9A1FEBA4C83AE89BEECFBBC4871E0.e.7276"}]}
COMMAND: GET /session/5a60c8b5c70bea8172ebe4add6912aad/element/f.6B59548A06B598AB2C6AF1A2C766605D.d.64C9A1FEBA4C83AE89BEECFBBC4871E0.e.7276/enabled - {}
COMMAND: GET /session/5a60c8b5c70bea8172ebe4add6912aad/screenshot - {}
RESULT: {}
COMMAND: POST /session/5a60c8b5c70bea8172ebe4add6912aad/execute/sync - {"script":"<script> [8489 bytes]","args":[{"element-6066-11e4-a52e-4f735466cecf":"f.6B59548A06B598AB2C6AF1A2C766605D.d.64C9A1FEBA4C83AE89BEECFBBC4871E0.e.7276","ELEMENT":"f.6B59548A06B598AB2C6AF1A2C766605D.d.64C9A1FEBA4C83AE89BEECFBBC4871E0.e.7276"}]}
COMMAND: GET /session/5a60c8b5c70bea8172ebe4add6912aad/screenshot - {}
RESULT: {}
RESULT: {"script":"<script> [8489 bytes]","args":[{"element-6066-11e4-a52e-4f735466cecf":"f.6B59548A06B598AB2C6AF1A2C766605D.d.64C9A1FEBA4C83AE89BEECFBBC4871E0.e.7276","ELEMENT":"f.6B59548A06B598AB2C6AF1A2C766605D.d.64C9A1FEBA4C83AE89BEECFBBC4871E0.e.7276"}]}
COMMAND: POST /session/5a60c8b5c70bea8172ebe4add6912aad/execute/sync - {"script":"<script> [5351 bytes]","args":[{"element-6066-11e4-a52e-4f735466cecf":"f.6B59548A06B598AB2C6AF1A2C766605D.d.64C9A1FEBA4C83AE89BEECFBBC4871E0.e.7276","ELEMENT":"f.6B59548A06B598AB2C6AF1A2C766605D.d.64C9A1FEBA4C83AE89BEECFBBC4871E0.e.7276"}]}
COMMAND: GET /session/5a60c8b5c70bea8172ebe4add6912aad/screenshot - {}
RESULT: {}
RESULT: {"script":"<script> [5351 bytes]","args":[{"element-6066-11e4-a52e-4f735466cecf":"f.6B59548A06B598AB2C6AF1A2C766605D.d.64C9A1FEBA4C83AE89BEECFBBC4871E0.e.7276","ELEMENT":"f.6B59548A06B598AB2C6AF1A2C766605D.d.64C9A1FEBA4C83AE89BEECFBBC4871E0.e.7276"}]}
COMMAND: POST /session/5a60c8b5c70bea8172ebe4add6912aad/element/f.6B59548A06B598AB2C6AF1A2C766605D.d.64C9A1FEBA4C83AE89BEECFBBC4871E0.e.7276/click - {}
COMMAND: GET /session/5a60c8b5c70bea8172ebe4add6912aad/screenshot - {}
RESULT: {}
RESULT: {}
COMMAND: GET /session/5a60c8b5c70bea8172ebe4add6912aad/screenshot - {}
RESULT: {}
RESULT: {}
COMMAND: POST /session/5a60c8b5c70bea8172ebe4add6912aad/element - {"using":"xpath","value":"//span[contains(@id ,\"AddNewHO--typeSelect-arrow\")]"}
RESULT: {"using":"xpath","value":"//span[contains(@id ,\"AddNewHO--typeSelect-arrow\")]"}
COMMAND: POST /session/5a60c8b5c70bea8172ebe4add6912aad/element/f.6B59548A06B598AB2C6AF1A2C766605D.d.64C9A1FEBA4C83AE89BEECFBBC4871E0.e.7627/click - {}
RESULT: {}
COMMAND: GET /session/5a60c8b5c70bea8172ebe4add6912aad/screenshot - {}
RESULT: {}
COMMAND: POST /session/5a60c8b5c70bea8172ebe4add6912aad/element - {"using":"xpath","value":"(//li[contains(text(), \"stock increase yard\")])[1]"}
RESULT: {"using":"xpath","value":"(//li[contains(text(), \"stock increase yard\")])[1]"}
COMMAND: POST /session/5a60c8b5c70bea8172ebe4add6912aad/element/f.6B59548A06B598AB2C6AF1A2C766605D.d.64C9A1FEBA4C83AE89BEECFBBC4871E0.e.7628/click - {}
RESULT: {}
COMMAND: GET /session/5a60c8b5c70bea8172ebe4add6912aad/screenshot - {}
RESULT: {}
COMMAND: POST /session/5a60c8b5c70bea8172ebe4add6912aad/execute/async - {"script":"<script> [1562 bytes]","args":[{"selector":{"id":"application-managehandovers-display-component---AddNewHO--dueDate","interaction":{"idSuffix":"inner"}},"wdio_ui5_key":"applicationmanagehandovers-display-component---AddNewHO--dueDate"}]}
RESULT: {"script":"<script> [1562 bytes]","args":[{"selector":{"id":"application-managehandovers-display-component---AddNewHO--dueDate","interaction":{"idSuffix":"inner"}},"wdio_ui5_key":"applicationmanagehandovers-display-component---AddNewHO--dueDate"}]}
RESULT: undefined
COMMAND: POST /session/5a60c8b5c70bea8172ebe4add6912aad/execute/async - {"script":"<script> [6424 bytes]","args":[{"element-6066-11e4-a52e-4f735466cecf":"f.6B59548A06B598AB2C6AF1A2C766605D.d.64C9A1FEBA4C83AE89BEECFBBC4871E0.e.7630"},"setValue",["05/07/2025"]]}
RESULT: {"script":"<script> [6424 bytes]","args":[{"element-6066-11e4-a52e-4f735466cecf":"f.6B59548A06B598AB2C6AF1A2C766605D.d.64C9A1FEBA4C83AE89BEECFBBC4871E0.e.7630"},"setValue",["05/07/2025"]]}
COMMAND: POST /session/5a60c8b5c70bea8172ebe4add6912aad/element - {"using":"xpath","value":"//input[@id=\"generalSectionFrg--receiveYard-inner\"]"}
RESULT: {"using":"xpath","value":"//input[@id=\"generalSectionFrg--receiveYard-inner\"]"}
COMMAND: POST /session/5a60c8b5c70bea8172ebe4add6912aad/element/f.6B59548A06B598AB2C6AF1A2C766605D.d.64C9A1FEBA4C83AE89BEECFBBC4871E0.e.7636/clear - {}
RESULT: {}
COMMAND: POST /session/5a60c8b5c70bea8172ebe4add6912aad/element/f.6B59548A06B598AB2C6AF1A2C766605D.d.64C9A1FEBA4C83AE89BEECFBBC4871E0.e.7636/value - {"text":"663"}
COMMAND: GET /session/5a60c8b5c70bea8172ebe4add6912aad/screenshot - {}
RESULT: {"text":"663"}
COMMAND: GET /session/5a60c8b5c70bea8172ebe4add6912aad/screenshot - {}
RESULT: {}
RESULT: {}
COMMAND: POST /session/5a60c8b5c70bea8172ebe4add6912aad/element - {"using":"xpath","value":"//li[.//span[text()='663']]"}
RESULT: {"using":"xpath","value":"//li[.//span[text()='663']]"}
COMMAND: POST /session/5a60c8b5c70bea8172ebe4add6912aad/element/f.6B59548A06B598AB2C6AF1A2C766605D.d.64C9A1FEBA4C83AE89BEECFBBC4871E0.e.7652/click - {}
RESULT: {}
COMMAND: GET /session/5a60c8b5c70bea8172ebe4add6912aad/screenshot - {}
RESULT: {}
COMMAND: POST /session/5a60c8b5c70bea8172ebe4add6912aad/execute/async - {"script":"<script> [1562 bytes]","args":[{"selector":{"id":"application-managehandovers-display-component---AddNewHO--ObjectPageLayout-anchBar-application-managehandovers-display-component---AddNewHO--section4-anchor","interaction":{"idSuffix":"BDI-content"}},"wdio_ui5_key":"applicationmanagehandovers-display-component---AddNewHO--ObjectPageLayout-anchBar-application-managehandovers-display-component---AddNewHO--section4-anchor"}]}
RESULT: {"script":"<script> [1562 bytes]","args":[{"selector":{"id":"application-managehandovers-display-component---AddNewHO--ObjectPageLayout-anchBar-application-managehandovers-display-component---AddNewHO--section4-anchor","interaction":{"idSuffix":"BDI-content"}},"wdio_ui5_key":"applicationmanagehandovers-display-component---AddNewHO--ObjectPageLayout-anchBar-application-managehandovers-display-component---AddNewHO--section4-anchor"}]}
RESULT: undefined
COMMAND: POST /session/5a60c8b5c70bea8172ebe4add6912aad/element - {"using":"xpath","value":"//*[@id=\"application-managehandovers-display-component---AddNewHO--ObjectPageLayout-anchBar-application-managehandovers-display-component---AddNewHO--section4-anchor\"]"}
RESULT: {"using":"xpath","value":"//*[@id=\"application-managehandovers-display-component---AddNewHO--ObjectPageLayout-anchBar-application-managehandovers-display-component---AddNewHO--section4-anchor\"]"}
COMMAND: POST /session/5a60c8b5c70bea8172ebe4add6912aad/element/f.6B59548A06B598AB2C6AF1A2C766605D.d.64C9A1FEBA4C83AE89BEECFBBC4871E0.e.7654/click - {}
RESULT: {}
COMMAND: POST /session/5a60c8b5c70bea8172ebe4add6912aad/element - {"using":"xpath","value":"//button[@aria-label=\"Add\"]"}
COMMAND: GET /session/5a60c8b5c70bea8172ebe4add6912aad/screenshot - {}
RESULT: {"using":"xpath","value":"//button[@aria-label=\"Add\"]"}
COMMAND: POST /session/5a60c8b5c70bea8172ebe4add6912aad/element/f.6B59548A06B598AB2C6AF1A2C766605D.d.64C9A1FEBA4C83AE89BEECFBBC4871E0.e.7656/click - {}
RESULT: {}
RESULT: {}
COMMAND: GET /session/5a60c8b5c70bea8172ebe4add6912aad/screenshot - {}
RESULT: {}
COMMAND: POST /session/5a60c8b5c70bea8172ebe4add6912aad/execute/async - {"script":"<script> [1562 bytes]","args":[{"selector":{"id":"application-managehandovers-display-component---AddNewHO--smartFilterBar-btnBasicSearch","searchOpenDialogs":true,"interaction":{"idSuffix":"I"}},"wdio_ui5_key":"applicationmanagehandovers-display-component---AddNewHO--smartFilterBar-btnBasicSearch"}]}
RESULT: {"script":"<script> [1562 bytes]","args":[{"selector":{"id":"application-managehandovers-display-component---AddNewHO--smartFilterBar-btnBasicSearch","searchOpenDialogs":true,"interaction":{"idSuffix":"I"}},"wdio_ui5_key":"applicationmanagehandovers-display-component---AddNewHO--smartFilterBar-btnBasicSearch"}]}
RESULT: undefined
COMMAND: POST /session/5a60c8b5c70bea8172ebe4add6912aad/execute/async - {"script":"<script> [776 bytes]","args":[{"enterText":"200368","selector":{"id":"application-managehandovers-display-component---AddNewHO--smartFilterBar-btnBasicSearch","searchOpenDialogs":true,"interaction":{"idSuffix":"I"}},"clearTextFirst":true,"interactionType":"ENTER_TEXT"}]}
RESULT: {"script":"<script> [776 bytes]","args":[{"enterText":"200368","selector":{"id":"application-managehandovers-display-component---AddNewHO--smartFilterBar-btnBasicSearch","searchOpenDialogs":true,"interaction":{"idSuffix":"I"}},"clearTextFirst":true,"interactionType":"ENTER_TEXT"}]}
COMMAND: POST /session/5a60c8b5c70bea8172ebe4add6912aad/actions - {"actions":[{"id":"action34","type":"key","parameters":{},"actions":[{"type":"keyDown","value":"î€‡"},{"type":"pause","duration":10},{"type":"keyUp","value":"î€‡"}]}]}
RESULT: {"actions":[{"id":"action34","type":"key","parameters":{},"actions":[{"type":"keyDown","value":"î€‡"},{"type":"pause","duration":10},{"type":"keyUp","value":"î€‡"}]}]}
COMMAND: GET /session/5a60c8b5c70bea8172ebe4add6912aad/screenshot - {}
RESULT: {}
COMMAND: POST /session/5a60c8b5c70bea8172ebe4add6912aad/execute/async - {"script":"<script> [1562 bytes]","args":[{"selector":{"id":"application-managehandovers-display-component---AddNewHO--popup-sa","searchOpenDialogs":true,"interaction":{"idSuffix":"CbBg"}},"wdio_ui5_key":"applicationmanagehandovers-display-component---AddNewHO--popup-sa"}]}
RESULT: {"script":"<script> [1562 bytes]","args":[{"selector":{"id":"application-managehandovers-display-component---AddNewHO--popup-sa","searchOpenDialogs":true,"interaction":{"idSuffix":"CbBg"}},"wdio_ui5_key":"applicationmanagehandovers-display-component---AddNewHO--popup-sa"}]}
RESULT: undefined
COMMAND: POST /session/5a60c8b5c70bea8172ebe4add6912aad/element - {"using":"xpath","value":"//*[@id=\"application-managehandovers-display-component---AddNewHO--popup-sa\"]"}
RESULT: {"using":"xpath","value":"//*[@id=\"application-managehandovers-display-component---AddNewHO--popup-sa\"]"}
COMMAND: POST /session/5a60c8b5c70bea8172ebe4add6912aad/element/f.6B59548A06B598AB2C6AF1A2C766605D.d.64C9A1FEBA4C83AE89BEECFBBC4871E0.e.7811/click - {}
RESULT: {}
COMMAND: GET /session/5a60c8b5c70bea8172ebe4add6912aad/screenshot - {}
RESULT: {}
COMMAND: POST /session/5a60c8b5c70bea8172ebe4add6912aad/element - {"using":"xpath","value":"//bdi[contains(text(), \"Select\")]"}
RESULT: {"using":"xpath","value":"//bdi[contains(text(), \"Select\")]"}
COMMAND: POST /session/5a60c8b5c70bea8172ebe4add6912aad/element/f.6B59548A06B598AB2C6AF1A2C766605D.d.64C9A1FEBA4C83AE89BEECFBBC4871E0.e.7812/click - {}
RESULT: {}
COMMAND: GET /session/5a60c8b5c70bea8172ebe4add6912aad/screenshot - {}
RESULT: {}
COMMAND: POST /session/5a60c8b5c70bea8172ebe4add6912aad/element - {"using":"xpath","value":"//button[@data-kt=\"AddNewHOSaveButton\"]"}
RESULT: {"using":"xpath","value":"//button[@data-kt=\"AddNewHOSaveButton\"]"}
COMMAND: POST /session/5a60c8b5c70bea8172ebe4add6912aad/element/f.6B59548A06B598AB2C6AF1A2C766605D.d.64C9A1FEBA4C83AE89BEECFBBC4871E0.e.7816/click - {}
RESULT: {}
COMMAND: GET /session/5a60c8b5c70bea8172ebe4add6912aad/screenshot - {}
RESULT: {}
COMMAND: POST /session/5a60c8b5c70bea8172ebe4add6912aad/execute/async - {"script":"<script> [1562 bytes]","args":[{"selector":{"id":"receiptDatePicker","viewName":"etm.portal.ui.managehandovers.view.DetailExecuteHO","interaction":{"idSuffix":"inner"}},"wdio_ui5_key":"receiptDatePickeretmportal.ui.managehandovers.view.DetailExecuteHO"}]}
RESULT: {"script":"<script> [1562 bytes]","args":[{"selector":{"id":"receiptDatePicker","viewName":"etm.portal.ui.managehandovers.view.DetailExecuteHO","interaction":{"idSuffix":"inner"}},"wdio_ui5_key":"receiptDatePickeretmportal.ui.managehandovers.view.DetailExecuteHO"}]}
RESULT: undefined
COMMAND: POST /session/5a60c8b5c70bea8172ebe4add6912aad/execute/async - {"script":"<script> [6424 bytes]","args":[{"element-6066-11e4-a52e-4f735466cecf":"f.6B59548A06B598AB2C6AF1A2C766605D.d.64C9A1FEBA4C83AE89BEECFBBC4871E0.e.7842"},"setValue",["05/07/2025"]]}
RESULT: {"script":"<script> [6424 bytes]","args":[{"element-6066-11e4-a52e-4f735466cecf":"f.6B59548A06B598AB2C6AF1A2C766605D.d.64C9A1FEBA4C83AE89BEECFBBC4871E0.e.7842"},"setValue",["05/07/2025"]]}
COMMAND: POST /session/5a60c8b5c70bea8172ebe4add6912aad/element - {"using":"xpath","value":"//button[@data-kt=\"PickingTableConfirmAllButton\"]"}
RESULT: {"using":"xpath","value":"//button[@data-kt=\"PickingTableConfirmAllButton\"]"}
COMMAND: POST /session/5a60c8b5c70bea8172ebe4add6912aad/element/f.6B59548A06B598AB2C6AF1A2C766605D.d.64C9A1FEBA4C83AE89BEECFBBC4871E0.e.7859/click - {}
RESULT: {}
COMMAND: GET /session/5a60c8b5c70bea8172ebe4add6912aad/screenshot - {}
RESULT: {}
COMMAND: POST /session/5a60c8b5c70bea8172ebe4add6912aad/element - {"using":"xpath","value":"//bdi[contains(text(), \"OK\")]"}
RESULT: {"using":"xpath","value":"//bdi[contains(text(), \"OK\")]"}
COMMAND: POST /session/5a60c8b5c70bea8172ebe4add6912aad/element/f.6B59548A06B598AB2C6AF1A2C766605D.d.64C9A1FEBA4C83AE89BEECFBBC4871E0.e.7861/click - {}
RESULT: {}
COMMAND: GET /session/5a60c8b5c70bea8172ebe4add6912aad/screenshot - {}
RESULT: {}
COMMAND: POST /session/5a60c8b5c70bea8172ebe4add6912aad/element - {"using":"xpath","value":"(//bdi[contains(text(), \"Receive\")])[2]"}
RESULT: {"using":"xpath","value":"(//bdi[contains(text(), \"Receive\")])[2]"}
COMMAND: POST /session/5a60c8b5c70bea8172ebe4add6912aad/element/f.6B59548A06B598AB2C6AF1A2C766605D.d.64C9A1FEBA4C83AE89BEECFBBC4871E0.e.7863/click - {}
RESULT: {}
COMMAND: GET /session/5a60c8b5c70bea8172ebe4add6912aad/screenshot - {}
RESULT: {}
COMMAND: POST /session/5a60c8b5c70bea8172ebe4add6912aad/element - {"using":"css selector","value":"#shell-header-logo"}
RESULT: {"using":"css selector","value":"#shell-header-logo"}
COMMAND: POST /session/5a60c8b5c70bea8172ebe4add6912aad/element/f.6B59548A06B598AB2C6AF1A2C766605D.d.64C9A1FEBA4C83AE89BEECFBBC4871E0.e.7239/click - {}
RESULT: {}
COMMAND: GET /session/5a60c8b5c70bea8172ebe4add6912aad/screenshot - {}
RESULT: {}
]]></system-out>
    </testcase>
    <testcase classname="chrome.135_0_7049_115.windows.Provide_to_Site_w/_warehouse_management_w_clarification" name="Should create a new contract" time="58.869">
      <system-out><![CDATA[
COMMAND: POST /session/5a60c8b5c70bea8172ebe4add6912aad/execute/async - {"script":"<script> [1562 bytes]","args":[{"selector":{"controlType":"sap.m.Text","viewName":"etm.portal.ui.managecontractstile.view.Master","properties":{"text":"Manage Contracts"},"interaction":{"idSuffix":"inner"}},"wdio_ui5_key":"etmportal.ui.managecontractstile.view.Mastersap.m.Text{\"text\":\"Manage Contracts\"}"}]}
RESULT: {"script":"<script> [1562 bytes]","args":[{"selector":{"controlType":"sap.m.Text","viewName":"etm.portal.ui.managecontractstile.view.Master","properties":{"text":"Manage Contracts"},"interaction":{"idSuffix":"inner"}},"wdio_ui5_key":"etmportal.ui.managecontractstile.view.Mastersap.m.Text{\"text\":\"Manage Contracts\"}"}]}
RESULT: undefined
COMMAND: POST /session/5a60c8b5c70bea8172ebe4add6912aad/element - {"using":"xpath","value":"//*[@id=\"__tile130-title\"]"}
RESULT: {"using":"xpath","value":"//*[@id=\"__tile130-title\"]"}
COMMAND: POST /session/5a60c8b5c70bea8172ebe4add6912aad/element/f.6B59548A06B598AB2C6AF1A2C766605D.d.64C9A1FEBA4C83AE89BEECFBBC4871E0.e.8035/click - {}
RESULT: {}
COMMAND: GET /session/5a60c8b5c70bea8172ebe4add6912aad/screenshot - {}
RESULT: {}
COMMAND: POST /session/5a60c8b5c70bea8172ebe4add6912aad/element - {"using":"xpath","value":"//button[@data-kt=\"addButton\"]"}
RESULT: {"using":"xpath","value":"//button[@data-kt=\"addButton\"]"}
COMMAND: POST /session/5a60c8b5c70bea8172ebe4add6912aad/elements - {"using":"xpath","value":"//button[@data-kt=\"addButton\"]"}
RESULT: {"using":"xpath","value":"//button[@data-kt=\"addButton\"]"}
COMMAND: POST /session/5a60c8b5c70bea8172ebe4add6912aad/execute/sync - {"script":"<script> [8489 bytes]","args":[{"element-6066-11e4-a52e-4f735466cecf":"f.6B59548A06B598AB2C6AF1A2C766605D.d.64C9A1FEBA4C83AE89BEECFBBC4871E0.e.8105","ELEMENT":"f.6B59548A06B598AB2C6AF1A2C766605D.d.64C9A1FEBA4C83AE89BEECFBBC4871E0.e.8105"}]}
RESULT: {"script":"<script> [8489 bytes]","args":[{"element-6066-11e4-a52e-4f735466cecf":"f.6B59548A06B598AB2C6AF1A2C766605D.d.64C9A1FEBA4C83AE89BEECFBBC4871E0.e.8105","ELEMENT":"f.6B59548A06B598AB2C6AF1A2C766605D.d.64C9A1FEBA4C83AE89BEECFBBC4871E0.e.8105"}]}
COMMAND: GET /session/5a60c8b5c70bea8172ebe4add6912aad/element/f.6B59548A06B598AB2C6AF1A2C766605D.d.64C9A1FEBA4C83AE89BEECFBBC4871E0.e.8105/enabled - {}
COMMAND: GET /session/5a60c8b5c70bea8172ebe4add6912aad/screenshot - {}
RESULT: {}
COMMAND: POST /session/5a60c8b5c70bea8172ebe4add6912aad/execute/sync - {"script":"<script> [8489 bytes]","args":[{"element-6066-11e4-a52e-4f735466cecf":"f.6B59548A06B598AB2C6AF1A2C766605D.d.64C9A1FEBA4C83AE89BEECFBBC4871E0.e.8105","ELEMENT":"f.6B59548A06B598AB2C6AF1A2C766605D.d.64C9A1FEBA4C83AE89BEECFBBC4871E0.e.8105"}]}
COMMAND: GET /session/5a60c8b5c70bea8172ebe4add6912aad/screenshot - {}
RESULT: {}
RESULT: {"script":"<script> [8489 bytes]","args":[{"element-6066-11e4-a52e-4f735466cecf":"f.6B59548A06B598AB2C6AF1A2C766605D.d.64C9A1FEBA4C83AE89BEECFBBC4871E0.e.8105","ELEMENT":"f.6B59548A06B598AB2C6AF1A2C766605D.d.64C9A1FEBA4C83AE89BEECFBBC4871E0.e.8105"}]}
COMMAND: POST /session/5a60c8b5c70bea8172ebe4add6912aad/execute/sync - {"script":"<script> [5351 bytes]","args":[{"element-6066-11e4-a52e-4f735466cecf":"f.6B59548A06B598AB2C6AF1A2C766605D.d.64C9A1FEBA4C83AE89BEECFBBC4871E0.e.8105","ELEMENT":"f.6B59548A06B598AB2C6AF1A2C766605D.d.64C9A1FEBA4C83AE89BEECFBBC4871E0.e.8105"}]}
COMMAND: GET /session/5a60c8b5c70bea8172ebe4add6912aad/screenshot - {}
RESULT: {}
RESULT: {"script":"<script> [5351 bytes]","args":[{"element-6066-11e4-a52e-4f735466cecf":"f.6B59548A06B598AB2C6AF1A2C766605D.d.64C9A1FEBA4C83AE89BEECFBBC4871E0.e.8105","ELEMENT":"f.6B59548A06B598AB2C6AF1A2C766605D.d.64C9A1FEBA4C83AE89BEECFBBC4871E0.e.8105"}]}
COMMAND: GET /session/5a60c8b5c70bea8172ebe4add6912aad/screenshot - {}
RESULT: {}
RESULT: {}
COMMAND: POST /session/5a60c8b5c70bea8172ebe4add6912aad/element/f.6B59548A06B598AB2C6AF1A2C766605D.d.64C9A1FEBA4C83AE89BEECFBBC4871E0.e.8105/click - {}
RESULT: {}
COMMAND: GET /session/5a60c8b5c70bea8172ebe4add6912aad/screenshot - {}
COMMAND: POST /session/5a60c8b5c70bea8172ebe4add6912aad/execute/async - {"script":"<script> [1562 bytes]","args":[{"selector":{"id":"application-managecontracts-display-component---AddNewContract--projectDescription","interaction":{"idSuffix":"inner"}},"wdio_ui5_key":"applicationmanagecontracts-display-component---AddNewContract--projectDescription"}]}
RESULT: {}
RESULT: {"script":"<script> [1562 bytes]","args":[{"selector":{"id":"application-managecontracts-display-component---AddNewContract--projectDescription","interaction":{"idSuffix":"inner"}},"wdio_ui5_key":"applicationmanagecontracts-display-component---AddNewContract--projectDescription"}]}
RESULT: undefined
COMMAND: POST /session/5a60c8b5c70bea8172ebe4add6912aad/execute/async - {"script":"<script> [776 bytes]","args":[{"enterText":"Contract WDIO","selector":{"id":"application-managecontracts-display-component---AddNewContract--projectDescription","interaction":{"idSuffix":"inner"}},"clearTextFirst":true,"interactionType":"ENTER_TEXT"}]}
RESULT: {"script":"<script> [776 bytes]","args":[{"enterText":"Contract WDIO","selector":{"id":"application-managecontracts-display-component---AddNewContract--projectDescription","interaction":{"idSuffix":"inner"}},"clearTextFirst":true,"interactionType":"ENTER_TEXT"}]}
COMMAND: POST /session/5a60c8b5c70bea8172ebe4add6912aad/element - {"using":"xpath","value":"//input[@id=\"application-managecontracts-display-component---AddNewContract--site-inner\"]"}
RESULT: {"using":"xpath","value":"//input[@id=\"application-managecontracts-display-component---AddNewContract--site-inner\"]"}
COMMAND: POST /session/5a60c8b5c70bea8172ebe4add6912aad/element/f.6B59548A06B598AB2C6AF1A2C766605D.d.64C9A1FEBA4C83AE89BEECFBBC4871E0.e.8402/clear - {}
RESULT: {}
COMMAND: POST /session/5a60c8b5c70bea8172ebe4add6912aad/element/f.6B59548A06B598AB2C6AF1A2C766605D.d.64C9A1FEBA4C83AE89BEECFBBC4871E0.e.8402/value - {"text":"2493"}
COMMAND: GET /session/5a60c8b5c70bea8172ebe4add6912aad/screenshot - {}
RESULT: {"text":"2493"}
COMMAND: GET /session/5a60c8b5c70bea8172ebe4add6912aad/screenshot - {}
RESULT: {}
RESULT: {}
COMMAND: POST /session/5a60c8b5c70bea8172ebe4add6912aad/element - {"using":"xpath","value":"//li[.//span[text()='2493']]"}
RESULT: {"using":"xpath","value":"//li[.//span[text()='2493']]"}
COMMAND: POST /session/5a60c8b5c70bea8172ebe4add6912aad/element/f.6B59548A06B598AB2C6AF1A2C766605D.d.64C9A1FEBA4C83AE89BEECFBBC4871E0.e.8426/click - {}
RESULT: {}
COMMAND: GET /session/5a60c8b5c70bea8172ebe4add6912aad/screenshot - {}
RESULT: {}
COMMAND: POST /session/5a60c8b5c70bea8172ebe4add6912aad/element - {"using":"xpath","value":"//input[@id=\"application-managecontracts-display-component---AddNewContract--yardId-inner\"]"}
RESULT: {"using":"xpath","value":"//input[@id=\"application-managecontracts-display-component---AddNewContract--yardId-inner\"]"}
COMMAND: GET /session/5a60c8b5c70bea8172ebe4add6912aad/element/f.6B59548A06B598AB2C6AF1A2C766605D.d.64C9A1FEBA4C83AE89BEECFBBC4871E0.e.8403/property/value - {}
RESULT: {}
COMMAND: POST /session/5a60c8b5c70bea8172ebe4add6912aad/element - {"using":"xpath","value":"//input[@id=\"application-managecontracts-display-component---AddNewContract--customerSelect-inner\"]"}
COMMAND: GET /session/5a60c8b5c70bea8172ebe4add6912aad/screenshot - {}
RESULT: {"using":"xpath","value":"//input[@id=\"application-managecontracts-display-component---AddNewContract--customerSelect-inner\"]"}
COMMAND: POST /session/5a60c8b5c70bea8172ebe4add6912aad/element/f.6B59548A06B598AB2C6AF1A2C766605D.d.64C9A1FEBA4C83AE89BEECFBBC4871E0.e.8401/clear - {}
RESULT: {}
RESULT: {}
COMMAND: POST /session/5a60c8b5c70bea8172ebe4add6912aad/element/f.6B59548A06B598AB2C6AF1A2C766605D.d.64C9A1FEBA4C83AE89BEECFBBC4871E0.e.8401/value - {"text":"1538"}
COMMAND: GET /session/5a60c8b5c70bea8172ebe4add6912aad/screenshot - {}
RESULT: {"text":"1538"}
COMMAND: GET /session/5a60c8b5c70bea8172ebe4add6912aad/screenshot - {}
RESULT: {}
RESULT: {}
COMMAND: POST /session/5a60c8b5c70bea8172ebe4add6912aad/element - {"using":"xpath","value":"//li[.//span[text()='1538']]"}
RESULT: {"using":"xpath","value":"//li[.//span[text()='1538']]"}
COMMAND: POST /session/5a60c8b5c70bea8172ebe4add6912aad/element/f.6B59548A06B598AB2C6AF1A2C766605D.d.64C9A1FEBA4C83AE89BEECFBBC4871E0.e.8429/click - {}
RESULT: {}
COMMAND: GET /session/5a60c8b5c70bea8172ebe4add6912aad/screenshot - {}
RESULT: {}
COMMAND: POST /session/5a60c8b5c70bea8172ebe4add6912aad/element - {"using":"xpath","value":"//button[@data-kt=\"saveButton\"]"}
RESULT: {"using":"xpath","value":"//button[@data-kt=\"saveButton\"]"}
COMMAND: POST /session/5a60c8b5c70bea8172ebe4add6912aad/element/f.6B59548A06B598AB2C6AF1A2C766605D.d.64C9A1FEBA4C83AE89BEECFBBC4871E0.e.8419/click - {}
RESULT: {}
COMMAND: GET /session/5a60c8b5c70bea8172ebe4add6912aad/screenshot - {}
RESULT: {}
COMMAND: POST /session/5a60c8b5c70bea8172ebe4add6912aad/element - {"using":"xpath","value":"//span[contains(@id ,\"contractDetailTitleNoExpanded\")]"}
RESULT: {"using":"xpath","value":"//span[contains(@id ,\"contractDetailTitleNoExpanded\")]"}
COMMAND: POST /session/5a60c8b5c70bea8172ebe4add6912aad/elements - {"using":"xpath","value":"//span[contains(@id ,\"contractDetailTitleNoExpanded\")]"}
RESULT: {"using":"xpath","value":"//span[contains(@id ,\"contractDetailTitleNoExpanded\")]"}
COMMAND: POST /session/5a60c8b5c70bea8172ebe4add6912aad/execute/sync - {"script":"<script> [56 bytes]","args":[{"element-6066-11e4-a52e-4f735466cecf":"f.6B59548A06B598AB2C6AF1A2C766605D.d.64C9A1FEBA4C83AE89BEECFBBC4871E0.e.8498","ELEMENT":"f.6B59548A06B598AB2C6AF1A2C766605D.d.64C9A1FEBA4C83AE89BEECFBBC4871E0.e.8498"}]}
RESULT: {"script":"<script> [56 bytes]","args":[{"element-6066-11e4-a52e-4f735466cecf":"f.6B59548A06B598AB2C6AF1A2C766605D.d.64C9A1FEBA4C83AE89BEECFBBC4871E0.e.8498","ELEMENT":"f.6B59548A06B598AB2C6AF1A2C766605D.d.64C9A1FEBA4C83AE89BEECFBBC4871E0.e.8498"}]}
COMMAND: GET /session/5a60c8b5c70bea8172ebe4add6912aad/screenshot - {}
RESULT: {}
]]></system-out>
    </testcase>
    <testcase classname="chrome.135_0_7049_115.windows.Provide_to_Site_w/_warehouse_management_w_clarification" name="Should add equipment to the contract" time="58.707">
      <system-out><![CDATA[
COMMAND: POST /session/5a60c8b5c70bea8172ebe4add6912aad/element - {"using":"xpath","value":"//button[@data-kt=\"contractDetailEditBtnButton\"]"}
RESULT: {"using":"xpath","value":"//button[@data-kt=\"contractDetailEditBtnButton\"]"}
COMMAND: POST /session/5a60c8b5c70bea8172ebe4add6912aad/element/f.6B59548A06B598AB2C6AF1A2C766605D.d.64C9A1FEBA4C83AE89BEECFBBC4871E0.e.8501/click - {}
RESULT: {}
COMMAND: GET /session/5a60c8b5c70bea8172ebe4add6912aad/screenshot - {}
RESULT: {}
COMMAND: POST /session/5a60c8b5c70bea8172ebe4add6912aad/element - {"using":"xpath","value":"(//span[contains(text(), \"Additional Addresses\")])[2]"}
RESULT: {"using":"xpath","value":"(//span[contains(text(), \"Additional Addresses\")])[2]"}
COMMAND: POST /session/5a60c8b5c70bea8172ebe4add6912aad/element/f.6B59548A06B598AB2C6AF1A2C766605D.d.64C9A1FEBA4C83AE89BEECFBBC4871E0.e.8555/click - {}
RESULT: {}
COMMAND: GET /session/5a60c8b5c70bea8172ebe4add6912aad/screenshot - {}
RESULT: {}
COMMAND: POST /session/5a60c8b5c70bea8172ebe4add6912aad/element - {"using":"xpath","value":"//button[@data-kt=\"btnAddTableRowOverflowToolbarButton\"]"}
RESULT: {"using":"xpath","value":"//button[@data-kt=\"btnAddTableRowOverflowToolbarButton\"]"}
COMMAND: POST /session/5a60c8b5c70bea8172ebe4add6912aad/element/f.6B59548A06B598AB2C6AF1A2C766605D.d.64C9A1FEBA4C83AE89BEECFBBC4871E0.e.8559/click - {}
RESULT: {}
COMMAND: GET /session/5a60c8b5c70bea8172ebe4add6912aad/screenshot - {}
RESULT: {}
COMMAND: POST /session/5a60c8b5c70bea8172ebe4add6912aad/element - {"using":"xpath","value":"//div[(text() = 'Standard Entry' or . = 'Standard Entry')]"}
RESULT: {"using":"xpath","value":"//div[(text() = 'Standard Entry' or . = 'Standard Entry')]"}
COMMAND: POST /session/5a60c8b5c70bea8172ebe4add6912aad/element/f.6B59548A06B598AB2C6AF1A2C766605D.d.64C9A1FEBA4C83AE89BEECFBBC4871E0.e.8561/click - {}
RESULT: {}
COMMAND: GET /session/5a60c8b5c70bea8172ebe4add6912aad/screenshot - {}
RESULT: {}
COMMAND: POST /session/5a60c8b5c70bea8172ebe4add6912aad/element - {"using":"xpath","value":"//td[6]/div/div/div/span"}
RESULT: {"using":"xpath","value":"//td[6]/div/div/div/span"}
COMMAND: POST /session/5a60c8b5c70bea8172ebe4add6912aad/element/f.6B59548A06B598AB2C6AF1A2C766605D.d.64C9A1FEBA4C83AE89BEECFBBC4871E0.e.8573/click - {}
RESULT: {}
COMMAND: GET /session/5a60c8b5c70bea8172ebe4add6912aad/screenshot - {}
RESULT: {}
COMMAND: POST /session/5a60c8b5c70bea8172ebe4add6912aad/element - {"using":"xpath","value":"(//span[contains(text(), \"Material\")])"}
RESULT: {"using":"xpath","value":"(//span[contains(text(), \"Material\")])"}
COMMAND: POST /session/5a60c8b5c70bea8172ebe4add6912aad/element/f.6B59548A06B598AB2C6AF1A2C766605D.d.64C9A1FEBA4C83AE89BEECFBBC4871E0.e.8574/click - {}
RESULT: {}
COMMAND: GET /session/5a60c8b5c70bea8172ebe4add6912aad/screenshot - {}
RESULT: {}
COMMAND: POST /session/5a60c8b5c70bea8172ebe4add6912aad/element - {"using":"xpath","value":"//td[7]/div/div/input"}
RESULT: {"using":"xpath","value":"//td[7]/div/div/input"}
COMMAND: POST /session/5a60c8b5c70bea8172ebe4add6912aad/element/f.6B59548A06B598AB2C6AF1A2C766605D.d.64C9A1FEBA4C83AE89BEECFBBC4871E0.e.8578/clear - {}
RESULT: {}
COMMAND: POST /session/5a60c8b5c70bea8172ebe4add6912aad/element/f.6B59548A06B598AB2C6AF1A2C766605D.d.64C9A1FEBA4C83AE89BEECFBBC4871E0.e.8578/value - {"text":"200368"}
COMMAND: GET /session/5a60c8b5c70bea8172ebe4add6912aad/screenshot - {}
RESULT: {"text":"200368"}
COMMAND: GET /session/5a60c8b5c70bea8172ebe4add6912aad/screenshot - {}
RESULT: {}
RESULT: {}
COMMAND: POST /session/5a60c8b5c70bea8172ebe4add6912aad/actions - {"actions":[{"id":"action35","type":"key","parameters":{},"actions":[{"type":"keyDown","value":"î€‡"},{"type":"pause","duration":10},{"type":"keyUp","value":"î€‡"}]}]}
RESULT: {"actions":[{"id":"action35","type":"key","parameters":{},"actions":[{"type":"keyDown","value":"î€‡"},{"type":"pause","duration":10},{"type":"keyUp","value":"î€‡"}]}]}
COMMAND: GET /session/5a60c8b5c70bea8172ebe4add6912aad/screenshot - {}
RESULT: {}
COMMAND: POST /session/5a60c8b5c70bea8172ebe4add6912aad/execute/sync - {"script":"<script> [276 bytes]","args":["No pricing information was found"]}
RESULT: {"script":"<script> [276 bytes]","args":["No pricing information was found"]}
COMMAND: POST /session/5a60c8b5c70bea8172ebe4add6912aad/element - {"using":"xpath","value":"//bdi[contains(text(), \"OK\")]"}
COMMAND: GET /session/5a60c8b5c70bea8172ebe4add6912aad/screenshot - {}
RESULT: {"using":"xpath","value":"//bdi[contains(text(), \"OK\")]"}
COMMAND: POST /session/5a60c8b5c70bea8172ebe4add6912aad/element/f.6B59548A06B598AB2C6AF1A2C766605D.d.64C9A1FEBA4C83AE89BEECFBBC4871E0.e.8604/click - {}
RESULT: {}
RESULT: {}
COMMAND: GET /session/5a60c8b5c70bea8172ebe4add6912aad/screenshot - {}
RESULT: {}
COMMAND: POST /session/5a60c8b5c70bea8172ebe4add6912aad/element - {"using":"xpath","value":"(//button[@data-kt=\"saveButton\"])[2]"}
RESULT: {"using":"xpath","value":"(//button[@data-kt=\"saveButton\"])[2]"}
COMMAND: POST /session/5a60c8b5c70bea8172ebe4add6912aad/element/f.6B59548A06B598AB2C6AF1A2C766605D.d.64C9A1FEBA4C83AE89BEECFBBC4871E0.e.8605/click - {}
RESULT: {}
COMMAND: GET /session/5a60c8b5c70bea8172ebe4add6912aad/screenshot - {}
RESULT: {}
COMMAND: POST /session/5a60c8b5c70bea8172ebe4add6912aad/execute/sync - {"script":"<script> [276 bytes]","args":["Some contract items are having rental validity exceeding header rental validity"]}
RESULT: {"script":"<script> [276 bytes]","args":["Some contract items are having rental validity exceeding header rental validity"]}
COMMAND: GET /session/5a60c8b5c70bea8172ebe4add6912aad/screenshot - {}
RESULT: {}
COMMAND: POST /session/5a60c8b5c70bea8172ebe4add6912aad/element - {"using":"xpath","value":"//span[contains(@id ,\"contractItemsSmartTable-header-inner\")]"}
RESULT: {"using":"xpath","value":"//span[contains(@id ,\"contractItemsSmartTable-header-inner\")]"}
COMMAND: POST /session/5a60c8b5c70bea8172ebe4add6912aad/elements - {"using":"xpath","value":"//span[contains(@id ,\"contractItemsSmartTable-header-inner\")]"}
RESULT: {"using":"xpath","value":"//span[contains(@id ,\"contractItemsSmartTable-header-inner\")]"}
COMMAND: POST /session/5a60c8b5c70bea8172ebe4add6912aad/execute/sync - {"script":"<script> [56 bytes]","args":[{"element-6066-11e4-a52e-4f735466cecf":"f.6B59548A06B598AB2C6AF1A2C766605D.d.64C9A1FEBA4C83AE89BEECFBBC4871E0.e.8610","ELEMENT":"f.6B59548A06B598AB2C6AF1A2C766605D.d.64C9A1FEBA4C83AE89BEECFBBC4871E0.e.8610"}]}
RESULT: {"script":"<script> [56 bytes]","args":[{"element-6066-11e4-a52e-4f735466cecf":"f.6B59548A06B598AB2C6AF1A2C766605D.d.64C9A1FEBA4C83AE89BEECFBBC4871E0.e.8610","ELEMENT":"f.6B59548A06B598AB2C6AF1A2C766605D.d.64C9A1FEBA4C83AE89BEECFBBC4871E0.e.8610"}]}
]]></system-out>
    </testcase>
    <testcase classname="chrome.135_0_7049_115.windows.Provide_to_Site_w/_warehouse_management_w_clarification" name="Should provide to site" time="37.659">
      <system-out><![CDATA[
COMMAND: POST /session/5a60c8b5c70bea8172ebe4add6912aad/element - {"using":"xpath","value":"//button[@data-kt=\"provideButton\"]"}
COMMAND: GET /session/5a60c8b5c70bea8172ebe4add6912aad/screenshot - {}
RESULT: {"using":"xpath","value":"//button[@data-kt=\"provideButton\"]"}
COMMAND: POST /session/5a60c8b5c70bea8172ebe4add6912aad/element/f.6B59548A06B598AB2C6AF1A2C766605D.d.64C9A1FEBA4C83AE89BEECFBBC4871E0.e.8611/click - {}
RESULT: {}
RESULT: {}
COMMAND: GET /session/5a60c8b5c70bea8172ebe4add6912aad/screenshot - {}
RESULT: undefined
COMMAND: POST /session/5a60c8b5c70bea8172ebe4add6912aad/execute/async - {"script":"<script> [6424 bytes]","args":[{"element-6066-11e4-a52e-4f735466cecf":"f.6B59548A06B598AB2C6AF1A2C766605D.d.64C9A1FEBA4C83AE89BEECFBBC4871E0.e.7630"},"setValue",["05/07/2025"]]}
RESULT: {}
COMMAND: POST /session/5a60c8b5c70bea8172ebe4add6912aad/execute/async - {"script":"<script> [1562 bytes]","args":[{"selector":{"id":"application-managehandovers-display-component---AddNewHO--dueDate","interaction":{"idSuffix":"inner"}},"wdio_ui5_key":"applicationmanagehandovers-display-component---AddNewHO--dueDate"}]}
RESULT: {"script":"<script> [1562 bytes]","args":[{"selector":{"id":"application-managehandovers-display-component---AddNewHO--dueDate","interaction":{"idSuffix":"inner"}},"wdio_ui5_key":"applicationmanagehandovers-display-component---AddNewHO--dueDate"}]}
COMMAND: POST /session/5a60c8b5c70bea8172ebe4add6912aad/execute/async - {"script":"<script> [6424 bytes]","args":[{"element-6066-11e4-a52e-4f735466cecf":"f.6B59548A06B598AB2C6AF1A2C766605D.d.64C9A1FEBA4C83AE89BEECFBBC4871E0.e.8668"},"setValue",["05/07/2025"]]}
RESULT: {"script":"<script> [6424 bytes]","args":[{"element-6066-11e4-a52e-4f735466cecf":"f.6B59548A06B598AB2C6AF1A2C766605D.d.64C9A1FEBA4C83AE89BEECFBBC4871E0.e.8668"},"setValue",["05/07/2025"]]}
COMMAND: POST /session/5a60c8b5c70bea8172ebe4add6912aad/element - {"using":"xpath","value":"//bdi[contains(text(), \"Instructions\")]"}
RESULT: {"using":"xpath","value":"//bdi[contains(text(), \"Instructions\")]"}
COMMAND: POST /session/5a60c8b5c70bea8172ebe4add6912aad/element/f.6B59548A06B598AB2C6AF1A2C766605D.d.64C9A1FEBA4C83AE89BEECFBBC4871E0.e.8795/click - {}
RESULT: {}
COMMAND: GET /session/5a60c8b5c70bea8172ebe4add6912aad/screenshot - {}
RESULT: {}
COMMAND: POST /session/5a60c8b5c70bea8172ebe4add6912aad/element - {"using":"xpath","value":"//button[@data-kt=\"AddNewHOProvideAddItemsButton\"]"}
RESULT: {"using":"xpath","value":"//button[@data-kt=\"AddNewHOProvideAddItemsButton\"]"}
COMMAND: POST /session/5a60c8b5c70bea8172ebe4add6912aad/element/f.6B59548A06B598AB2C6AF1A2C766605D.d.64C9A1FEBA4C83AE89BEECFBBC4871E0.e.8799/click - {}
RESULT: {}
COMMAND: GET /session/5a60c8b5c70bea8172ebe4add6912aad/screenshot - {}
RESULT: {}
RESULT: undefined
COMMAND: POST /session/5a60c8b5c70bea8172ebe4add6912aad/element - {"using":"xpath","value":"//*[@id=\"application-managehandovers-display-component---AddNewHO--popup-sa\"]"}
RESULT: {"using":"xpath","value":"//*[@id=\"application-managehandovers-display-component---AddNewHO--popup-sa\"]"}
COMMAND: POST /session/5a60c8b5c70bea8172ebe4add6912aad/element/f.6B59548A06B598AB2C6AF1A2C766605D.d.64C9A1FEBA4C83AE89BEECFBBC4871E0.e.8808/click - {}
RESULT: {}
COMMAND: GET /session/5a60c8b5c70bea8172ebe4add6912aad/screenshot - {}
RESULT: {}
COMMAND: POST /session/5a60c8b5c70bea8172ebe4add6912aad/element - {"using":"xpath","value":"//*[contains(@id ,\"BDI-content\")][contains(text(), \"Select\")]"}
RESULT: {"using":"xpath","value":"//*[contains(@id ,\"BDI-content\")][contains(text(), \"Select\")]"}
COMMAND: POST /session/5a60c8b5c70bea8172ebe4add6912aad/element/f.6B59548A06B598AB2C6AF1A2C766605D.d.64C9A1FEBA4C83AE89BEECFBBC4871E0.e.8810/click - {}
RESULT: {}
COMMAND: GET /session/5a60c8b5c70bea8172ebe4add6912aad/screenshot - {}
RESULT: {}
COMMAND: POST /session/5a60c8b5c70bea8172ebe4add6912aad/element - {"using":"xpath","value":"//bdi[(text() = 'Save' or . = 'Save')]"}
RESULT: {"using":"xpath","value":"//bdi[(text() = 'Save' or . = 'Save')]"}
COMMAND: POST /session/5a60c8b5c70bea8172ebe4add6912aad/element/f.6B59548A06B598AB2C6AF1A2C766605D.d.64C9A1FEBA4C83AE89BEECFBBC4871E0.e.8818/click - {}
RESULT: {}
COMMAND: GET /session/5a60c8b5c70bea8172ebe4add6912aad/screenshot - {}
RESULT: {}
]]></system-out>
    </testcase>
    <testcase classname="chrome.135_0_7049_115.windows.Provide_to_Site_w/_warehouse_management_w_clarification" name="Should test for Handover Execution" time="145.536">
      <system-out><![CDATA[
COMMAND: POST /session/5a60c8b5c70bea8172ebe4add6912aad/execute/async - {"script":"<script> [1562 bytes]","args":[{"selector":{"controlType":"sap.m.Link","viewName":"etm.portal.ui.managehandovers.view.DetailExecuteHO","bindingPath":{"path":"","propertyPath":"/wmDoc","modelName":"warehouseMovModel"}},"wdio_ui5_key":"etmportal.ui.managehandovers.view.DetailExecuteHOsap.m.Link{\"path\":\"\",\"propertyPath\":\"/wmDoc\",\"modelName\":\"warehouseMovModel\"}"}]}
RESULT: {"script":"<script> [1562 bytes]","args":[{"selector":{"controlType":"sap.m.Link","viewName":"etm.portal.ui.managehandovers.view.DetailExecuteHO","bindingPath":{"path":"","propertyPath":"/wmDoc","modelName":"warehouseMovModel"}},"wdio_ui5_key":"etmportal.ui.managehandovers.view.DetailExecuteHOsap.m.Link{\"path\":\"\",\"propertyPath\":\"/wmDoc\",\"modelName\":\"warehouseMovModel\"}"}]}
RESULT: undefined
COMMAND: POST /session/5a60c8b5c70bea8172ebe4add6912aad/element - {"using":"xpath","value":"//*[@id=\"__link85\"]"}
RESULT: {"using":"xpath","value":"//*[@id=\"__link85\"]"}
COMMAND: POST /session/5a60c8b5c70bea8172ebe4add6912aad/element/f.6B59548A06B598AB2C6AF1A2C766605D.d.64C9A1FEBA4C83AE89BEECFBBC4871E0.e.8860/click - {}
RESULT: {}
COMMAND: GET /session/5a60c8b5c70bea8172ebe4add6912aad/screenshot - {}
RESULT: {}
COMMAND: POST /session/5a60c8b5c70bea8172ebe4add6912aad/execute/async - {"script":"<script> [1562 bytes]","args":[{"selector":{"controlType":"sap.m.Link","viewName":"etm.portal.ui.managehandovers.view.DetailExecuteHO","properties":{"text":"Warehouse Overview"},"searchOpenDialogs":true},"wdio_ui5_key":"etmportal.ui.managehandovers.view.DetailExecuteHOsap.m.Link{\"text\":\"Warehouse Overview\"}"}]}
RESULT: {"script":"<script> [1562 bytes]","args":[{"selector":{"controlType":"sap.m.Link","viewName":"etm.portal.ui.managehandovers.view.DetailExecuteHO","properties":{"text":"Warehouse Overview"},"searchOpenDialogs":true},"wdio_ui5_key":"etmportal.ui.managehandovers.view.DetailExecuteHOsap.m.Link{\"text\":\"Warehouse Overview\"}"}]}
RESULT: undefined
COMMAND: POST /session/5a60c8b5c70bea8172ebe4add6912aad/element - {"using":"xpath","value":"//*[@id=\"__link100\"]"}
RESULT: {"using":"xpath","value":"//*[@id=\"__link100\"]"}
COMMAND: POST /session/5a60c8b5c70bea8172ebe4add6912aad/element/f.6B59548A06B598AB2C6AF1A2C766605D.d.64C9A1FEBA4C83AE89BEECFBBC4871E0.e.8864/click - {}
RESULT: {}
COMMAND: GET /session/5a60c8b5c70bea8172ebe4add6912aad/screenshot - {}
RESULT: {}
COMMAND: POST /session/5a60c8b5c70bea8172ebe4add6912aad/execute/async - {"script":"<script> [1562 bytes]","args":[{"selector":{"controlType":"sap.m.Button","viewName":"etm.portal.ui.warehousemovements.view.DisplayMovement","viewId":"application-warehousemovements-display-component---displayMovement","i18NText":{"propertyName":"text","key":"execution"},"interaction":{"idSuffix":"BDI-content"}},"wdio_ui5_key":"etmportal.ui.warehousemovements.view.DisplayMovementsap.m.Button{\"propertyName\":\"text\",\"key\":\"execution\"}"}]}
RESULT: {"script":"<script> [1562 bytes]","args":[{"selector":{"controlType":"sap.m.Button","viewName":"etm.portal.ui.warehousemovements.view.DisplayMovement","viewId":"application-warehousemovements-display-component---displayMovement","i18NText":{"propertyName":"text","key":"execution"},"interaction":{"idSuffix":"BDI-content"}},"wdio_ui5_key":"etmportal.ui.warehousemovements.view.DisplayMovementsap.m.Button{\"propertyName\":\"text\",\"key\":\"execution\"}"}]}
RESULT: undefined
COMMAND: POST /session/5a60c8b5c70bea8172ebe4add6912aad/element - {"using":"xpath","value":"//*[@id=\"__button236\"]"}
RESULT: {"using":"xpath","value":"//*[@id=\"__button236\"]"}
COMMAND: POST /session/5a60c8b5c70bea8172ebe4add6912aad/element/f.6B59548A06B598AB2C6AF1A2C766605D.d.64C9A1FEBA4C83AE89BEECFBBC4871E0.e.8980/click - {}
RESULT: {}
COMMAND: GET /session/5a60c8b5c70bea8172ebe4add6912aad/screenshot - {}
RESULT: {}
COMMAND: POST /session/5a60c8b5c70bea8172ebe4add6912aad/execute/async - {"script":"<script> [1562 bytes]","args":[{"selector":{"controlType":"sap.m.Button","viewName":"etm.portal.ui.warehousemovements.view.ExecuteMovement","viewId":"application-warehousemovements-display-component---executeMovement","properties":{"text":"Items"},"interaction":{"idSuffix":"BDI-content"}},"wdio_ui5_key":"etmportal.ui.warehousemovements.view.ExecuteMovementsap.m.Button{\"text\":\"Items\"}"}]}
RESULT: {"script":"<script> [1562 bytes]","args":[{"selector":{"controlType":"sap.m.Button","viewName":"etm.portal.ui.warehousemovements.view.ExecuteMovement","viewId":"application-warehousemovements-display-component---executeMovement","properties":{"text":"Items"},"interaction":{"idSuffix":"BDI-content"}},"wdio_ui5_key":"etmportal.ui.warehousemovements.view.ExecuteMovementsap.m.Button{\"text\":\"Items\"}"}]}
RESULT: undefined
COMMAND: POST /session/5a60c8b5c70bea8172ebe4add6912aad/element - {"using":"xpath","value":"//*[@id=\"__layout408-anchBar-application-warehousemovements-display-component---executeMovement--itemsSection-anchor\"]"}
RESULT: {"using":"xpath","value":"//*[@id=\"__layout408-anchBar-application-warehousemovements-display-component---executeMovement--itemsSection-anchor\"]"}
COMMAND: POST /session/5a60c8b5c70bea8172ebe4add6912aad/element/f.6B59548A06B598AB2C6AF1A2C766605D.d.64C9A1FEBA4C83AE89BEECFBBC4871E0.e.9082/click - {}
RESULT: {}
COMMAND: GET /session/5a60c8b5c70bea8172ebe4add6912aad/screenshot - {}
RESULT: {}
COMMAND: POST /session/5a60c8b5c70bea8172ebe4add6912aad/execute/async - {"script":"<script> [1562 bytes]","args":[{"selector":{"controlType":"sap.m.ToggleButton","viewName":"etm.portal.ui.warehousemovements.view.ExecuteMovement","viewId":"application-warehousemovements-display-component---executeMovement","bindingPath":{"propertyPath":"STATUS","modelName":"catalogModel"},"interaction":{"idSuffix":"BDI-content"}},"wdio_ui5_key":"etmportal.ui.warehousemovements.view.ExecuteMovementsap.m.ToggleButton{\"propertyPath\":\"STATUS\",\"modelName\":\"catalogModel\"}"}]}
RESULT: {"script":"<script> [1562 bytes]","args":[{"selector":{"controlType":"sap.m.ToggleButton","viewName":"etm.portal.ui.warehousemovements.view.ExecuteMovement","viewId":"application-warehousemovements-display-component---executeMovement","bindingPath":{"propertyPath":"STATUS","modelName":"catalogModel"},"interaction":{"idSuffix":"BDI-content"}},"wdio_ui5_key":"etmportal.ui.warehousemovements.view.ExecuteMovementsap.m.ToggleButton{\"propertyPath\":\"STATUS\",\"modelName\":\"catalogModel\"}"}]}
RESULT: undefined
COMMAND: POST /session/5a60c8b5c70bea8172ebe4add6912aad/element - {"using":"xpath","value":"//*[@id=\"__button261-__clone4479\"]"}
RESULT: {"using":"xpath","value":"//*[@id=\"__button261-__clone4479\"]"}
COMMAND: POST /session/5a60c8b5c70bea8172ebe4add6912aad/element/f.6B59548A06B598AB2C6AF1A2C766605D.d.64C9A1FEBA4C83AE89BEECFBBC4871E0.e.9060/click - {}
RESULT: {}
RESULT: undefined
COMMAND: POST /session/5a60c8b5c70bea8172ebe4add6912aad/element - {"using":"xpath","value":"//*[@id=\"__button261-__clone4479\"]"}
COMMAND: GET /session/5a60c8b5c70bea8172ebe4add6912aad/screenshot - {}
RESULT: {"using":"xpath","value":"//*[@id=\"__button261-__clone4479\"]"}
COMMAND: POST /session/5a60c8b5c70bea8172ebe4add6912aad/element/f.6B59548A06B598AB2C6AF1A2C766605D.d.64C9A1FEBA4C83AE89BEECFBBC4871E0.e.9060/click - {}
RESULT: {}
RESULT: {}
COMMAND: GET /session/5a60c8b5c70bea8172ebe4add6912aad/screenshot - {}
RESULT: {}
COMMAND: POST /session/5a60c8b5c70bea8172ebe4add6912aad/element - {"using":"xpath","value":"//section[contains(@id,\"FC-NoHead\")]/div[1]/div[5]/div[2]/span"}
RESULT: {"using":"xpath","value":"//section[contains(@id,\"FC-NoHead\")]/div[1]/div[5]/div[2]/span"}
COMMAND: POST /session/5a60c8b5c70bea8172ebe4add6912aad/elements - {"using":"xpath","value":"//section[contains(@id,\"FC-NoHead\")]/div[1]/div[5]/div[2]/span"}
RESULT: {"using":"xpath","value":"//section[contains(@id,\"FC-NoHead\")]/div[1]/div[5]/div[2]/span"}
COMMAND: POST /session/5a60c8b5c70bea8172ebe4add6912aad/execute/sync - {"script":"<script> [56 bytes]","args":[{"element-6066-11e4-a52e-4f735466cecf":"f.6B59548A06B598AB2C6AF1A2C766605D.d.64C9A1FEBA4C83AE89BEECFBBC4871E0.e.9089","ELEMENT":"f.6B59548A06B598AB2C6AF1A2C766605D.d.64C9A1FEBA4C83AE89BEECFBBC4871E0.e.9089"}]}
RESULT: {"script":"<script> [56 bytes]","args":[{"element-6066-11e4-a52e-4f735466cecf":"f.6B59548A06B598AB2C6AF1A2C766605D.d.64C9A1FEBA4C83AE89BEECFBBC4871E0.e.9089","ELEMENT":"f.6B59548A06B598AB2C6AF1A2C766605D.d.64C9A1FEBA4C83AE89BEECFBBC4871E0.e.9089"}]}
COMMAND: POST /session/5a60c8b5c70bea8172ebe4add6912aad/actions - {"actions":[{"id":"action36","type":"key","parameters":{},"actions":[{"type":"keyDown","value":"î€‡"},{"type":"pause","duration":10},{"type":"keyUp","value":"î€‡"}]}]}
COMMAND: GET /session/5a60c8b5c70bea8172ebe4add6912aad/screenshot - {}
RESULT: {"actions":[{"id":"action36","type":"key","parameters":{},"actions":[{"type":"keyDown","value":"î€‡"},{"type":"pause","duration":10},{"type":"keyUp","value":"î€‡"}]}]}
COMMAND: POST /session/5a60c8b5c70bea8172ebe4add6912aad/execute/async - {"script":"<script> [1562 bytes]","args":[{"selector":{"id":"application-warehousemovements-display-component---executeMovement--executeId","interaction":{"idSuffix":"BDI-content"}},"wdio_ui5_key":"applicationwarehousemovements-display-component---executeMovement--executeId"}]}
COMMAND: GET /session/5a60c8b5c70bea8172ebe4add6912aad/screenshot - {}
RESULT: {}
RESULT: {"script":"<script> [1562 bytes]","args":[{"selector":{"id":"application-warehousemovements-display-component---executeMovement--executeId","interaction":{"idSuffix":"BDI-content"}},"wdio_ui5_key":"applicationwarehousemovements-display-component---executeMovement--executeId"}]}
RESULT: undefined
COMMAND: POST /session/5a60c8b5c70bea8172ebe4add6912aad/element - {"using":"xpath","value":"//*[@id=\"application-warehousemovements-display-component---executeMovement--executeId\"]"}
RESULT: {}
RESULT: {"using":"xpath","value":"//*[@id=\"application-warehousemovements-display-component---executeMovement--executeId\"]"}
COMMAND: POST /session/5a60c8b5c70bea8172ebe4add6912aad/element/f.6B59548A06B598AB2C6AF1A2C766605D.d.64C9A1FEBA4C83AE89BEECFBBC4871E0.e.9054/click - {}
RESULT: {}
COMMAND: GET /session/5a60c8b5c70bea8172ebe4add6912aad/screenshot - {}
RESULT: {}
COMMAND: POST /session/5a60c8b5c70bea8172ebe4add6912aad/element - {"using":"css selector","value":"#shell-header-logo"}
RESULT: {"using":"css selector","value":"#shell-header-logo"}
COMMAND: POST /session/5a60c8b5c70bea8172ebe4add6912aad/element/f.6B59548A06B598AB2C6AF1A2C766605D.d.64C9A1FEBA4C83AE89BEECFBBC4871E0.e.8038/click - {}
RESULT: {}
COMMAND: GET /session/5a60c8b5c70bea8172ebe4add6912aad/screenshot - {}
RESULT: {}
COMMAND: POST /session/5a60c8b5c70bea8172ebe4add6912aad/execute/async - {"script":"<script> [1562 bytes]","args":[{"selector":{"controlType":"sap.m.GenericTile","properties":{"header":"Manage Handovers"}},"wdio_ui5_key":"sapm.GenericTile{\"header\":\"Manage Handovers\"}"}]}
RESULT: {"script":"<script> [1562 bytes]","args":[{"selector":{"controlType":"sap.m.GenericTile","properties":{"header":"Manage Handovers"}},"wdio_ui5_key":"sapm.GenericTile{\"header\":\"Manage Handovers\"}"}]}
RESULT: undefined
COMMAND: POST /session/5a60c8b5c70bea8172ebe4add6912aad/element - {"using":"xpath","value":"//*[@id=\"__tile132\"]"}
RESULT: {"using":"xpath","value":"//*[@id=\"__tile132\"]"}
COMMAND: POST /session/5a60c8b5c70bea8172ebe4add6912aad/element/f.6B59548A06B598AB2C6AF1A2C766605D.d.64C9A1FEBA4C83AE89BEECFBBC4871E0.e.6656/click - {}
RESULT: {}
COMMAND: GET /session/5a60c8b5c70bea8172ebe4add6912aad/screenshot - {}
RESULT: {}
COMMAND: POST /session/5a60c8b5c70bea8172ebe4add6912aad/execute/async - {"script":"<script> [1562 bytes]","args":[{"selector":{"controlType":"sap.m.SearchField","viewName":"etm.portal.ui.managehandovers.view.MasterHO","bindingPath":{"propertyPath":"/_BASIC_SEARCH_FIELD","modelName":"fi1t3rM0d31"},"interaction":{"idSuffix":"I"}},"wdio_ui5_key":"etmportal.ui.managehandovers.view.MasterHOsap.m.SearchField{\"propertyPath\":\"/_BASIC_SEARCH_FIELD\",\"modelName\":\"fi1t3rM0d31\"}"}]}
RESULT: {"script":"<script> [1562 bytes]","args":[{"selector":{"controlType":"sap.m.SearchField","viewName":"etm.portal.ui.managehandovers.view.MasterHO","bindingPath":{"propertyPath":"/_BASIC_SEARCH_FIELD","modelName":"fi1t3rM0d31"},"interaction":{"idSuffix":"I"}},"wdio_ui5_key":"etmportal.ui.managehandovers.view.MasterHOsap.m.SearchField{\"propertyPath\":\"/_BASIC_SEARCH_FIELD\",\"modelName\":\"fi1t3rM0d31\"}"}]}
RESULT: undefined
COMMAND: POST /session/5a60c8b5c70bea8172ebe4add6912aad/execute/async - {"script":"<script> [776 bytes]","args":[{"enterText":"30920","selector":{"controlType":"sap.m.SearchField","viewName":"etm.portal.ui.managehandovers.view.MasterHO","bindingPath":{"propertyPath":"/_BASIC_SEARCH_FIELD","modelName":"fi1t3rM0d31"},"interaction":{"idSuffix":"I"}},"clearTextFirst":true,"interactionType":"ENTER_TEXT"}]}
RESULT: {"script":"<script> [776 bytes]","args":[{"enterText":"30920","selector":{"controlType":"sap.m.SearchField","viewName":"etm.portal.ui.managehandovers.view.MasterHO","bindingPath":{"propertyPath":"/_BASIC_SEARCH_FIELD","modelName":"fi1t3rM0d31"},"interaction":{"idSuffix":"I"}},"clearTextFirst":true,"interactionType":"ENTER_TEXT"}]}
COMMAND: POST /session/5a60c8b5c70bea8172ebe4add6912aad/actions - {"actions":[{"id":"action37","type":"key","parameters":{},"actions":[{"type":"keyDown","value":"î€‡"},{"type":"pause","duration":10},{"type":"keyUp","value":"î€‡"}]}]}
RESULT: {"actions":[{"id":"action37","type":"key","parameters":{},"actions":[{"type":"keyDown","value":"î€‡"},{"type":"pause","duration":10},{"type":"keyUp","value":"î€‡"}]}]}
COMMAND: GET /session/5a60c8b5c70bea8172ebe4add6912aad/screenshot - {}
RESULT: {}
COMMAND: POST /session/5a60c8b5c70bea8172ebe4add6912aad/execute/async - {"script":"<script> [1562 bytes]","args":[{"selector":{"controlType":"sap.ui.core.Icon","viewName":"etm.portal.ui.managehandovers.view.MasterHO","properties":{"src":{"regex":{"source":"slim\\-arrow\\-right"}}}},"wdio_ui5_key":"etmportal.ui.managehandovers.view.MasterHOsap.ui.core.Icon{\"src\":{\"regex\":{\"source\":\"slim\\\\-arrow\\\\-right\"}}}"}]}
RESULT: {"script":"<script> [1562 bytes]","args":[{"selector":{"controlType":"sap.ui.core.Icon","viewName":"etm.portal.ui.managehandovers.view.MasterHO","properties":{"src":{"regex":{"source":"slim\\-arrow\\-right"}}}},"wdio_ui5_key":"etmportal.ui.managehandovers.view.MasterHOsap.ui.core.Icon{\"src\":{\"regex\":{\"source\":\"slim\\\\-arrow\\\\-right\"}}}"}]}
RESULT: undefined
COMMAND: POST /session/5a60c8b5c70bea8172ebe4add6912aad/element - {"using":"xpath","value":"//*[@id=\"__item2594-__clone4557-imgNav\"]"}
RESULT: {"using":"xpath","value":"//*[@id=\"__item2594-__clone4557-imgNav\"]"}
COMMAND: POST /session/5a60c8b5c70bea8172ebe4add6912aad/element/f.6B59548A06B598AB2C6AF1A2C766605D.d.64C9A1FEBA4C83AE89BEECFBBC4871E0.e.9262/click - {}
RESULT: {}
COMMAND: GET /session/5a60c8b5c70bea8172ebe4add6912aad/screenshot - {}
RESULT: {}
COMMAND: POST /session/5a60c8b5c70bea8172ebe4add6912aad/execute/async - {"script":"<script> [1562 bytes]","args":[{"selector":{"controlType":"sap.m.Button","viewName":"etm.portal.ui.managehandovers.view.DetailExecuteHO","i18NText":{"propertyName":"text","key":"confirmAll"},"interaction":{"idSuffix":"BDI-content"}},"wdio_ui5_key":"etmportal.ui.managehandovers.view.DetailExecuteHOsap.m.Button{\"propertyName\":\"text\",\"key\":\"confirmAll\"}"}]}
RESULT: {"script":"<script> [1562 bytes]","args":[{"selector":{"controlType":"sap.m.Button","viewName":"etm.portal.ui.managehandovers.view.DetailExecuteHO","i18NText":{"propertyName":"text","key":"confirmAll"},"interaction":{"idSuffix":"BDI-content"}},"wdio_ui5_key":"etmportal.ui.managehandovers.view.DetailExecuteHOsap.m.Button{\"propertyName\":\"text\",\"key\":\"confirmAll\"}"}]}
RESULT: undefined
COMMAND: POST /session/5a60c8b5c70bea8172ebe4add6912aad/element - {"using":"xpath","value":"//*[@id=\"__button302\"]"}
RESULT: {"using":"xpath","value":"//*[@id=\"__button302\"]"}
COMMAND: POST /session/5a60c8b5c70bea8172ebe4add6912aad/element/f.6B59548A06B598AB2C6AF1A2C766605D.d.64C9A1FEBA4C83AE89BEECFBBC4871E0.e.9355/click - {}
RESULT: {}
COMMAND: GET /session/5a60c8b5c70bea8172ebe4add6912aad/screenshot - {}
RESULT: {}
COMMAND: POST /session/5a60c8b5c70bea8172ebe4add6912aad/actions - {"actions":[{"id":"action38","type":"key","parameters":{},"actions":[{"type":"keyDown","value":"î€‡"},{"type":"pause","duration":10},{"type":"keyUp","value":"î€‡"}]}]}
RESULT: {"actions":[{"id":"action38","type":"key","parameters":{},"actions":[{"type":"keyDown","value":"î€‡"},{"type":"pause","duration":10},{"type":"keyUp","value":"î€‡"}]}]}
COMMAND: GET /session/5a60c8b5c70bea8172ebe4add6912aad/screenshot - {}
RESULT: {}
COMMAND: POST /session/5a60c8b5c70bea8172ebe4add6912aad/element - {"using":"xpath","value":"//button[@data-kt=\"execHoIssueButton\"]"}
RESULT: {"using":"xpath","value":"//button[@data-kt=\"execHoIssueButton\"]"}
COMMAND: POST /session/5a60c8b5c70bea8172ebe4add6912aad/element/f.6B59548A06B598AB2C6AF1A2C766605D.d.64C9A1FEBA4C83AE89BEECFBBC4871E0.e.9364/click - {}
RESULT: {}
COMMAND: GET /session/5a60c8b5c70bea8172ebe4add6912aad/screenshot - {}
RESULT: {}
RESULT: undefined
COMMAND: POST /session/5a60c8b5c70bea8172ebe4add6912aad/execute/async - {"script":"<script> [776 bytes]","args":[{"enterText":"30920","selector":{"controlType":"sap.m.SearchField","viewName":"etm.portal.ui.managehandovers.view.MasterHO","bindingPath":{"propertyPath":"/_BASIC_SEARCH_FIELD","modelName":"fi1t3rM0d31"},"interaction":{"idSuffix":"I"}},"clearTextFirst":true,"interactionType":"ENTER_TEXT"}]}
RESULT: {"script":"<script> [776 bytes]","args":[{"enterText":"30920","selector":{"controlType":"sap.m.SearchField","viewName":"etm.portal.ui.managehandovers.view.MasterHO","bindingPath":{"propertyPath":"/_BASIC_SEARCH_FIELD","modelName":"fi1t3rM0d31"},"interaction":{"idSuffix":"I"}},"clearTextFirst":true,"interactionType":"ENTER_TEXT"}]}
COMMAND: POST /session/5a60c8b5c70bea8172ebe4add6912aad/actions - {"actions":[{"id":"action39","type":"key","parameters":{},"actions":[{"type":"keyDown","value":"î€‡"},{"type":"pause","duration":10},{"type":"keyUp","value":"î€‡"}]}]}
RESULT: {"actions":[{"id":"action39","type":"key","parameters":{},"actions":[{"type":"keyDown","value":"î€‡"},{"type":"pause","duration":10},{"type":"keyUp","value":"î€‡"}]}]}
COMMAND: GET /session/5a60c8b5c70bea8172ebe4add6912aad/screenshot - {}
RESULT: {}
COMMAND: POST /session/5a60c8b5c70bea8172ebe4add6912aad/element - {"using":"xpath","value":"//span[(text() = '30920' or . = '30920')]"}
RESULT: {"using":"xpath","value":"//span[(text() = '30920' or . = '30920')]"}
COMMAND: POST /session/5a60c8b5c70bea8172ebe4add6912aad/element/f.6B59548A06B598AB2C6AF1A2C766605D.d.64C9A1FEBA4C83AE89BEECFBBC4871E0.e.9409/click - {}
RESULT: {}
COMMAND: GET /session/5a60c8b5c70bea8172ebe4add6912aad/screenshot - {}
RESULT: {}
COMMAND: POST /session/5a60c8b5c70bea8172ebe4add6912aad/element - {"using":"xpath","value":"//span[contains(text(), \"Instructions\")]"}
RESULT: {"using":"xpath","value":"//span[contains(text(), \"Instructions\")]"}
COMMAND: POST /session/5a60c8b5c70bea8172ebe4add6912aad/element/f.6B59548A06B598AB2C6AF1A2C766605D.d.64C9A1FEBA4C83AE89BEECFBBC4871E0.e.9446/click - {}
RESULT: {}
COMMAND: GET /session/5a60c8b5c70bea8172ebe4add6912aad/screenshot - {}
RESULT: {}
COMMAND: POST /session/5a60c8b5c70bea8172ebe4add6912aad/element - {"using":"xpath","value":"//span[contains(text(), \"Instructions\")]"}
RESULT: {"using":"xpath","value":"//span[contains(text(), \"Instructions\")]"}
COMMAND: POST /session/5a60c8b5c70bea8172ebe4add6912aad/element/f.6B59548A06B598AB2C6AF1A2C766605D.d.64C9A1FEBA4C83AE89BEECFBBC4871E0.e.9446/click - {}
RESULT: {}
COMMAND: GET /session/5a60c8b5c70bea8172ebe4add6912aad/screenshot - {}
RESULT: {}
COMMAND: POST /session/5a60c8b5c70bea8172ebe4add6912aad/execute/async - {"script":"<script> [1562 bytes]","args":[{"selector":{"controlType":"sap.m.ComboBox","viewName":"etm.portal.ui.managehandovers.view.DetailExecuteHO","bindingPath":{"propertyPath":"RECEIVING_SECTION","modelName":"catalogModel"},"interaction":{"idSuffix":"inner"}},"wdio_ui5_key":"etmportal.ui.managehandovers.view.DetailExecuteHOsap.m.ComboBox{\"propertyPath\":\"RECEIVING_SECTION\",\"modelName\":\"catalogModel\"}"}]}
RESULT: {"script":"<script> [1562 bytes]","args":[{"selector":{"controlType":"sap.m.ComboBox","viewName":"etm.portal.ui.managehandovers.view.DetailExecuteHO","bindingPath":{"propertyPath":"RECEIVING_SECTION","modelName":"catalogModel"},"interaction":{"idSuffix":"inner"}},"wdio_ui5_key":"etmportal.ui.managehandovers.view.DetailExecuteHOsap.m.ComboBox{\"propertyPath\":\"RECEIVING_SECTION\",\"modelName\":\"catalogModel\"}"}]}
RESULT: undefined
COMMAND: POST /session/5a60c8b5c70bea8172ebe4add6912aad/execute/async - {"script":"<script> [776 bytes]","args":[{"enterText":"WDIO-2493","selector":{"controlType":"sap.m.ComboBox","viewName":"etm.portal.ui.managehandovers.view.DetailExecuteHO","bindingPath":{"propertyPath":"RECEIVING_SECTION","modelName":"catalogModel"},"interaction":{"idSuffix":"inner"}},"clearTextFirst":true,"interactionType":"ENTER_TEXT"}]}
RESULT: {"script":"<script> [776 bytes]","args":[{"enterText":"WDIO-2493","selector":{"controlType":"sap.m.ComboBox","viewName":"etm.portal.ui.managehandovers.view.DetailExecuteHO","bindingPath":{"propertyPath":"RECEIVING_SECTION","modelName":"catalogModel"},"interaction":{"idSuffix":"inner"}},"clearTextFirst":true,"interactionType":"ENTER_TEXT"}]}
COMMAND: POST /session/5a60c8b5c70bea8172ebe4add6912aad/actions - {"actions":[{"id":"action40","type":"key","parameters":{},"actions":[{"type":"keyDown","value":"î€‡"},{"type":"pause","duration":10},{"type":"keyUp","value":"î€‡"}]}]}
RESULT: {"actions":[{"id":"action40","type":"key","parameters":{},"actions":[{"type":"keyDown","value":"î€‡"},{"type":"pause","duration":10},{"type":"keyUp","value":"î€‡"}]}]}
COMMAND: GET /session/5a60c8b5c70bea8172ebe4add6912aad/screenshot - {}
RESULT: {}
COMMAND: POST /session/5a60c8b5c70bea8172ebe4add6912aad/element - {"using":"xpath","value":"//button[@data-kt= \"execHoReceiveButton\"]"}
RESULT: {"using":"xpath","value":"//button[@data-kt= \"execHoReceiveButton\"]"}
COMMAND: POST /session/5a60c8b5c70bea8172ebe4add6912aad/element/f.6B59548A06B598AB2C6AF1A2C766605D.d.64C9A1FEBA4C83AE89BEECFBBC4871E0.e.9452/click - {}
RESULT: {}
COMMAND: GET /session/5a60c8b5c70bea8172ebe4add6912aad/screenshot - {}
RESULT: {}
COMMAND: POST /session/5a60c8b5c70bea8172ebe4add6912aad/execute/async - {"script":"<script> [1562 bytes]","args":[{"selector":{"controlType":"sap.m.Button","properties":{"text":"Continue"},"searchOpenDialogs":true,"interaction":{"idSuffix":"content"}},"wdio_ui5_key":"sapm.Button{\"text\":\"Continue\"}"}]}
RESULT: {"script":"<script> [1562 bytes]","args":[{"selector":{"controlType":"sap.m.Button","properties":{"text":"Continue"},"searchOpenDialogs":true,"interaction":{"idSuffix":"content"}},"wdio_ui5_key":"sapm.Button{\"text\":\"Continue\"}"}]}
RESULT: undefined
COMMAND: POST /session/5a60c8b5c70bea8172ebe4add6912aad/element - {"using":"xpath","value":"//*[@id=\"__mbox-btn-6\"]"}
RESULT: {"using":"xpath","value":"//*[@id=\"__mbox-btn-6\"]"}
COMMAND: POST /session/5a60c8b5c70bea8172ebe4add6912aad/element/f.6B59548A06B598AB2C6AF1A2C766605D.d.64C9A1FEBA4C83AE89BEECFBBC4871E0.e.9453/click - {}
RESULT: {}
COMMAND: GET /session/5a60c8b5c70bea8172ebe4add6912aad/screenshot - {}
RESULT: {}
COMMAND: POST /session/5a60c8b5c70bea8172ebe4add6912aad/element - {"using":"css selector","value":"#shell-header-logo"}
RESULT: {"using":"css selector","value":"#shell-header-logo"}
COMMAND: POST /session/5a60c8b5c70bea8172ebe4add6912aad/element/f.6B59548A06B598AB2C6AF1A2C766605D.d.64C9A1FEBA4C83AE89BEECFBBC4871E0.e.9141/click - {}
RESULT: {}
COMMAND: GET /session/5a60c8b5c70bea8172ebe4add6912aad/screenshot - {}
RESULT: {}
]]></system-out>
    </testcase>
    <testcase classname="chrome.135_0_7049_115.windows.Provide_to_Site_w/_warehouse_management_w_clarification" name="Should test for Clarification" time="57.404">
      <system-out><![CDATA[
RESULT: undefined
COMMAND: POST /session/5a60c8b5c70bea8172ebe4add6912aad/element - {"using":"xpath","value":"//*[@id=\"__tile132\"]"}
RESULT: {"using":"xpath","value":"//*[@id=\"__tile132\"]"}
COMMAND: POST /session/5a60c8b5c70bea8172ebe4add6912aad/element/f.6B59548A06B598AB2C6AF1A2C766605D.d.64C9A1FEBA4C83AE89BEECFBBC4871E0.e.6656/click - {}
RESULT: {}
COMMAND: GET /session/5a60c8b5c70bea8172ebe4add6912aad/screenshot - {}
RESULT: {}
RESULT: undefined
COMMAND: POST /session/5a60c8b5c70bea8172ebe4add6912aad/execute/async - {"script":"<script> [776 bytes]","args":[{"enterText":"30920","selector":{"controlType":"sap.m.SearchField","viewName":"etm.portal.ui.managehandovers.view.MasterHO","bindingPath":{"propertyPath":"/_BASIC_SEARCH_FIELD","modelName":"fi1t3rM0d31"},"interaction":{"idSuffix":"I"}},"clearTextFirst":true,"interactionType":"ENTER_TEXT"}]}
RESULT: {"script":"<script> [776 bytes]","args":[{"enterText":"30920","selector":{"controlType":"sap.m.SearchField","viewName":"etm.portal.ui.managehandovers.view.MasterHO","bindingPath":{"propertyPath":"/_BASIC_SEARCH_FIELD","modelName":"fi1t3rM0d31"},"interaction":{"idSuffix":"I"}},"clearTextFirst":true,"interactionType":"ENTER_TEXT"}]}
COMMAND: POST /session/5a60c8b5c70bea8172ebe4add6912aad/actions - {"actions":[{"id":"action41","type":"key","parameters":{},"actions":[{"type":"keyDown","value":"î€‡"},{"type":"pause","duration":10},{"type":"keyUp","value":"î€‡"}]}]}
RESULT: {"actions":[{"id":"action41","type":"key","parameters":{},"actions":[{"type":"keyDown","value":"î€‡"},{"type":"pause","duration":10},{"type":"keyUp","value":"î€‡"}]}]}
COMMAND: GET /session/5a60c8b5c70bea8172ebe4add6912aad/screenshot - {}
RESULT: {}
COMMAND: POST /session/5a60c8b5c70bea8172ebe4add6912aad/element - {"using":"xpath","value":"//span[(text() = '30920' or . = '30920')]"}
RESULT: {"using":"xpath","value":"//span[(text() = '30920' or . = '30920')]"}
COMMAND: POST /session/5a60c8b5c70bea8172ebe4add6912aad/element/f.6B59548A06B598AB2C6AF1A2C766605D.d.64C9A1FEBA4C83AE89BEECFBBC4871E0.e.9619/click - {}
RESULT: {}
COMMAND: GET /session/5a60c8b5c70bea8172ebe4add6912aad/screenshot - {}
RESULT: {}
COMMAND: POST /session/5a60c8b5c70bea8172ebe4add6912aad/element - {"using":"xpath","value":"//span[contains(text(), \"Instructions\")]"}
RESULT: {"using":"xpath","value":"//span[contains(text(), \"Instructions\")]"}
COMMAND: POST /session/5a60c8b5c70bea8172ebe4add6912aad/element/f.6B59548A06B598AB2C6AF1A2C766605D.d.64C9A1FEBA4C83AE89BEECFBBC4871E0.e.9715/click - {}
RESULT: {}
COMMAND: GET /session/5a60c8b5c70bea8172ebe4add6912aad/screenshot - {}
RESULT: {}
COMMAND: POST /session/5a60c8b5c70bea8172ebe4add6912aad/element - {"using":"xpath","value":"//span[contains(text(), \"Instructions\")]"}
RESULT: {"using":"xpath","value":"//span[contains(text(), \"Instructions\")]"}
COMMAND: POST /session/5a60c8b5c70bea8172ebe4add6912aad/element/f.6B59548A06B598AB2C6AF1A2C766605D.d.64C9A1FEBA4C83AE89BEECFBBC4871E0.e.9715/click - {}
RESULT: {}
COMMAND: GET /session/5a60c8b5c70bea8172ebe4add6912aad/screenshot - {}
RESULT: {}
COMMAND: POST /session/5a60c8b5c70bea8172ebe4add6912aad/element - {"using":"xpath","value":"//button[.//bdi[text() = \"Refuse\"]]"}
RESULT: {"using":"xpath","value":"//button[.//bdi[text() = \"Refuse\"]]"}
COMMAND: POST /session/5a60c8b5c70bea8172ebe4add6912aad/element/f.6B59548A06B598AB2C6AF1A2C766605D.d.64C9A1FEBA4C83AE89BEECFBBC4871E0.e.9721/click - {}
RESULT: {}
COMMAND: GET /session/5a60c8b5c70bea8172ebe4add6912aad/screenshot - {}
RESULT: {}
COMMAND: POST /session/5a60c8b5c70bea8172ebe4add6912aad/element - {"using":"xpath","value":"//button[@data-kt= \"execHoReceiveRefuseButton\"]"}
RESULT: {"using":"xpath","value":"//button[@data-kt= \"execHoReceiveRefuseButton\"]"}
COMMAND: POST /session/5a60c8b5c70bea8172ebe4add6912aad/element/f.6B59548A06B598AB2C6AF1A2C766605D.d.64C9A1FEBA4C83AE89BEECFBBC4871E0.e.9723/click - {}
RESULT: {}
COMMAND: GET /session/5a60c8b5c70bea8172ebe4add6912aad/screenshot - {}
RESULT: {}
COMMAND: POST /session/5a60c8b5c70bea8172ebe4add6912aad/element - {"using":"css selector","value":"#shell-header-logo"}
RESULT: {"using":"css selector","value":"#shell-header-logo"}
COMMAND: POST /session/5a60c8b5c70bea8172ebe4add6912aad/element/f.6B59548A06B598AB2C6AF1A2C766605D.d.64C9A1FEBA4C83AE89BEECFBBC4871E0.e.9497/click - {}
RESULT: {}
COMMAND: GET /session/5a60c8b5c70bea8172ebe4add6912aad/screenshot - {}
RESULT: {}
COMMAND: POST /session/5a60c8b5c70bea8172ebe4add6912aad/element - {"using":"css selector","value":"#j_username"}
COMMAND: POST /session/5a60c8b5c70bea8172ebe4add6912aad/url - {"url":"https://qa-testing-00-live-etm-ui.cfapps.eu10-004.hana.ondemand.com/"}
RESULT: {"using":"css selector","value":"#j_username"}
COMMAND: POST /session/5a60c8b5c70bea8172ebe4add6912aad/element - {"using":"css selector","value":"#j_username"}
RESULT: {"url":"https://qa-testing-00-live-etm-ui.cfapps.eu10-004.hana.ondemand.com/"}
RESULT: undefined
COMMAND: GET /session/5a60c8b5c70bea8172ebe4add6912aad/screenshot - {}
RESULT: {"using":"css selector","value":"#j_username"}
COMMAND: POST /session/5a60c8b5c70bea8172ebe4add6912aad/element - {"using":"css selector","value":"#shell-header-logo"}
RESULT: {}
RESULT: {"using":"css selector","value":"#shell-header-logo"}
COMMAND: POST /session/5a60c8b5c70bea8172ebe4add6912aad/execute/sync - {"script":"<script> [8489 bytes]","args":[{"element-6066-11e4-a52e-4f735466cecf":"f.6B59548A06B598AB2C6AF1A2C766605D.d.FF0D62DB1684AB7712B78FD221464B89.e.9780","ELEMENT":"f.6B59548A06B598AB2C6AF1A2C766605D.d.FF0D62DB1684AB7712B78FD221464B89.e.9780"}]}
RESULT: {"script":"<script> [8489 bytes]","args":[{"element-6066-11e4-a52e-4f735466cecf":"f.6B59548A06B598AB2C6AF1A2C766605D.d.FF0D62DB1684AB7712B78FD221464B89.e.9780","ELEMENT":"f.6B59548A06B598AB2C6AF1A2C766605D.d.FF0D62DB1684AB7712B78FD221464B89.e.9780"}]}
COMMAND: POST /session/5a60c8b5c70bea8172ebe4add6912aad/element - {"using":"css selector","value":"#shell-header-logo"}
COMMAND: GET /session/5a60c8b5c70bea8172ebe4add6912aad/screenshot - {}
RESULT: {"using":"css selector","value":"#shell-header-logo"}
COMMAND: POST /session/5a60c8b5c70bea8172ebe4add6912aad/execute/sync - {"script":"<script> [8489 bytes]","args":[{"element-6066-11e4-a52e-4f735466cecf":"f.6B59548A06B598AB2C6AF1A2C766605D.d.FF0D62DB1684AB7712B78FD221464B89.e.9780","ELEMENT":"f.6B59548A06B598AB2C6AF1A2C766605D.d.FF0D62DB1684AB7712B78FD221464B89.e.9780"}]}
RESULT: {}
RESULT: {"script":"<script> [8489 bytes]","args":[{"element-6066-11e4-a52e-4f735466cecf":"f.6B59548A06B598AB2C6AF1A2C766605D.d.FF0D62DB1684AB7712B78FD221464B89.e.9780","ELEMENT":"f.6B59548A06B598AB2C6AF1A2C766605D.d.FF0D62DB1684AB7712B78FD221464B89.e.9780"}]}
COMMAND: POST /session/5a60c8b5c70bea8172ebe4add6912aad/execute/sync - {"script":"<script> [5351 bytes]","args":[{"element-6066-11e4-a52e-4f735466cecf":"f.6B59548A06B598AB2C6AF1A2C766605D.d.FF0D62DB1684AB7712B78FD221464B89.e.9780","ELEMENT":"f.6B59548A06B598AB2C6AF1A2C766605D.d.FF0D62DB1684AB7712B78FD221464B89.e.9780"}]}
COMMAND: GET /session/5a60c8b5c70bea8172ebe4add6912aad/screenshot - {}
RESULT: {"script":"<script> [5351 bytes]","args":[{"element-6066-11e4-a52e-4f735466cecf":"f.6B59548A06B598AB2C6AF1A2C766605D.d.FF0D62DB1684AB7712B78FD221464B89.e.9780","ELEMENT":"f.6B59548A06B598AB2C6AF1A2C766605D.d.FF0D62DB1684AB7712B78FD221464B89.e.9780"}]}
COMMAND: POST /session/5a60c8b5c70bea8172ebe4add6912aad/element - {"using":"css selector","value":"#shell-header-logo"}
COMMAND: GET /session/5a60c8b5c70bea8172ebe4add6912aad/screenshot - {}
RESULT: {}
RESULT: {"using":"css selector","value":"#shell-header-logo"}
COMMAND: POST /session/5a60c8b5c70bea8172ebe4add6912aad/element/f.6B59548A06B598AB2C6AF1A2C766605D.d.FF0D62DB1684AB7712B78FD221464B89.e.9780/click - {}
RESULT: {}
RESULT: {}
COMMAND: GET /session/5a60c8b5c70bea8172ebe4add6912aad/screenshot - {}
RESULT: {}
COMMAND: POST /session/5a60c8b5c70bea8172ebe4add6912aad/execute/async - {"script":"<script> [189 bytes]","args":[]}
RESULT: {"script":"<script> [189 bytes]","args":[]}
COMMAND: POST /session/5a60c8b5c70bea8172ebe4add6912aad/execute/async - {"script":"<script> [123 bytes]","args":[]}
RESULT: {"script":"<script> [123 bytes]","args":[]}
COMMAND: POST /session/5a60c8b5c70bea8172ebe4add6912aad/timeouts - {"script":"<number>"}
RESULT: {"script":"<number>"}
COMMAND: GET /session/5a60c8b5c70bea8172ebe4add6912aad/timeouts - {}
RESULT: {}
RESULT: undefined
COMMAND: POST /session/5a60c8b5c70bea8172ebe4add6912aad/execute/async - {"script":"<script> [2676 bytes]","args":[]}
RESULT: {"script":"<script> [2676 bytes]","args":[]}
COMMAND: POST /session/5a60c8b5c70bea8172ebe4add6912aad/execute/async - {"script":"<script> [2342 bytes]","args":[{"protocol":"http","hostname":"0.0.0.0","path":"/","capabilities":{"browserName":"chrome","goog:chromeOptions":{"binary":"C:\\Program Files\\Google\\Chrome\\Application\\chrome.exe","args":["--start-maximized"]}},"logLevel":"warn","connectionRetryTimeout":120000,"connectionRetryCount":3,"logLevels":{},"enableDirectConnect":true,"strictSSL":true,"_":"65 more keys: [\"cacheDir\",\"port\",\"requestedCapabilities\",\"automationProtocol\",\"baseUrl\",\"waitforInterval\",\"waitforTimeout\",\"onReload\",\"beforeCommand\",\"afterCommand\",\"rootDir\",\"specs\",\"suites\",\"exclude\",\"groupLogsByTestSpec\",\"excludeDriverLogs\",\"bail\",\"framework\",\"reporters\",\"services\",\"maxInstances\",\"maxInstancesPerCapability\",\"injectGlobals\",\"filesToWatch\",\"execArgv\",\"runnerEnv\",\"runner\",\"shard\",\"specFileRetries\",\"specFileRetriesDelay\",\"specFileRetriesDeferred\",\"reporterSyncInterval\",\"reporterSyncTimeout\",\"cucumberFeaturesWithLineNumbers\",\"autoCompileOpts\",\"mochaOpts\",\"jasmineOpts\",\"cucumberOpts\",\"onPrepare\",\"onWorkerStart\",\"onWorkerEnd\",\"before\",\"beforeSession\",\"beforeSuite\",\"beforeHook\",\"beforeTest\",\"afterTest\",\"afterHook\",\"afterSuite\",\"afterSession\",\"after\",\"onComplete\",\"beforeAssertion\",\"afterAssertion\",\"beforeFeature\",\"beforeScenario\",\"beforeStep\",\"afterStep\",\"afterScenario\",\"afterFeature\",\"_\",\"suite\",\"$0\",\"ignoredWorkerServices\",\"wdi5\"]"}]}
RESULT: {"script":"<script> [2342 bytes]","args":[{"protocol":"http","hostname":"0.0.0.0","path":"/","capabilities":{"browserName":"chrome","goog:chromeOptions":{"binary":"C:\\Program Files\\Google\\Chrome\\Application\\chrome.exe","args":["--start-maximized"]}},"logLevel":"warn","connectionRetryTimeout":120000,"connectionRetryCount":3,"logLevels":{},"enableDirectConnect":true,"strictSSL":true,"_":"65 more keys: [\"cacheDir\",\"port\",\"requestedCapabilities\",\"automationProtocol\",\"baseUrl\",\"waitforInterval\",\"waitforTimeout\",\"onReload\",\"beforeCommand\",\"afterCommand\",\"rootDir\",\"specs\",\"suites\",\"exclude\",\"groupLogsByTestSpec\",\"excludeDriverLogs\",\"bail\",\"framework\",\"reporters\",\"services\",\"maxInstances\",\"maxInstancesPerCapability\",\"injectGlobals\",\"filesToWatch\",\"execArgv\",\"runnerEnv\",\"runner\",\"shard\",\"specFileRetries\",\"specFileRetriesDelay\",\"specFileRetriesDeferred\",\"reporterSyncInterval\",\"reporterSyncTimeout\",\"cucumberFeaturesWithLineNumbers\",\"autoCompileOpts\",\"mochaOpts\",\"jasmineOpts\",\"cucumberOpts\",\"onPrepare\",\"onWorkerStart\",\"onWorkerEnd\",\"before\",\"beforeSession\",\"beforeSuite\",\"beforeHook\",\"beforeTest\",\"afterTest\",\"afterHook\",\"afterSuite\",\"afterSession\",\"after\",\"onComplete\",\"beforeAssertion\",\"afterAssertion\",\"beforeFeature\",\"beforeScenario\",\"beforeStep\",\"afterStep\",\"afterScenario\",\"afterFeature\",\"_\",\"suite\",\"$0\",\"ignoredWorkerServices\",\"wdi5\"]"}]}
COMMAND: POST /session/5a60c8b5c70bea8172ebe4add6912aad/execute/async - {"script":"<script> [21126 bytes]","args":[35000]}
RESULT: {"script":"<script> [21126 bytes]","args":[35000]}
COMMAND: POST /session/5a60c8b5c70bea8172ebe4add6912aad/window/maximize - {}
RESULT: {}
COMMAND: POST /session/5a60c8b5c70bea8172ebe4add6912aad/execute/async - {"script":"<script> [1562 bytes]","args":[{"selector":{"id":"shell-header","interaction":{"idSuffix":"icon"}},"wdio_ui5_key":"shellheader"}]}
COMMAND: GET /session/5a60c8b5c70bea8172ebe4add6912aad/screenshot - {}
RESULT: {"script":"<script> [1562 bytes]","args":[{"selector":{"id":"shell-header","interaction":{"idSuffix":"icon"}},"wdio_ui5_key":"shellheader"}]}
RESULT: undefined
COMMAND: POST /session/5a60c8b5c70bea8172ebe4add6912aad/refresh - {}
RESULT: {}
RESULT: {}
COMMAND: GET /session/5a60c8b5c70bea8172ebe4add6912aad/screenshot - {}
RESULT: {}
COMMAND: POST /session/5a60c8b5c70bea8172ebe4add6912aad/refresh - {}
RESULT: {}
COMMAND: GET /session/5a60c8b5c70bea8172ebe4add6912aad/screenshot - {}
RESULT: {}
COMMAND: POST /session/5a60c8b5c70bea8172ebe4add6912aad/window/fullscreen - {}
RESULT: {}
COMMAND: POST /session/5a60c8b5c70bea8172ebe4add6912aad/execute/async - {"script":"<script> [189 bytes]","args":[]}
RESULT: {"script":"<script> [189 bytes]","args":[]}
COMMAND: POST /session/5a60c8b5c70bea8172ebe4add6912aad/execute/async - {"script":"<script> [123 bytes]","args":[]}
RESULT: {"script":"<script> [123 bytes]","args":[]}
COMMAND: POST /session/5a60c8b5c70bea8172ebe4add6912aad/timeouts - {"script":"<number>"}
RESULT: {"script":"<number>"}
COMMAND: GET /session/5a60c8b5c70bea8172ebe4add6912aad/timeouts - {}
RESULT: {}
RESULT: undefined
COMMAND: POST /session/5a60c8b5c70bea8172ebe4add6912aad/execute/async - {"script":"<script> [2676 bytes]","args":[]}
RESULT: {"script":"<script> [2676 bytes]","args":[]}
COMMAND: POST /session/5a60c8b5c70bea8172ebe4add6912aad/execute/async - {"script":"<script> [2342 bytes]","args":[{"protocol":"http","hostname":"0.0.0.0","path":"/","capabilities":{"browserName":"chrome","goog:chromeOptions":{"binary":"C:\\Program Files\\Google\\Chrome\\Application\\chrome.exe","args":["--start-maximized"]}},"logLevel":"warn","connectionRetryTimeout":120000,"connectionRetryCount":3,"logLevels":{},"enableDirectConnect":true,"strictSSL":true,"_":"65 more keys: [\"cacheDir\",\"port\",\"requestedCapabilities\",\"automationProtocol\",\"baseUrl\",\"waitforInterval\",\"waitforTimeout\",\"onReload\",\"beforeCommand\",\"afterCommand\",\"rootDir\",\"specs\",\"suites\",\"exclude\",\"groupLogsByTestSpec\",\"excludeDriverLogs\",\"bail\",\"framework\",\"reporters\",\"services\",\"maxInstances\",\"maxInstancesPerCapability\",\"injectGlobals\",\"filesToWatch\",\"execArgv\",\"runnerEnv\",\"runner\",\"shard\",\"specFileRetries\",\"specFileRetriesDelay\",\"specFileRetriesDeferred\",\"reporterSyncInterval\",\"reporterSyncTimeout\",\"cucumberFeaturesWithLineNumbers\",\"autoCompileOpts\",\"mochaOpts\",\"jasmineOpts\",\"cucumberOpts\",\"onPrepare\",\"onWorkerStart\",\"onWorkerEnd\",\"before\",\"beforeSession\",\"beforeSuite\",\"beforeHook\",\"beforeTest\",\"afterTest\",\"afterHook\",\"afterSuite\",\"afterSession\",\"after\",\"onComplete\",\"beforeAssertion\",\"afterAssertion\",\"beforeFeature\",\"beforeScenario\",\"beforeStep\",\"afterStep\",\"afterScenario\",\"afterFeature\",\"_\",\"suite\",\"$0\",\"ignoredWorkerServices\",\"wdi5\"]"}]}
RESULT: {"script":"<script> [2342 bytes]","args":[{"protocol":"http","hostname":"0.0.0.0","path":"/","capabilities":{"browserName":"chrome","goog:chromeOptions":{"binary":"C:\\Program Files\\Google\\Chrome\\Application\\chrome.exe","args":["--start-maximized"]}},"logLevel":"warn","connectionRetryTimeout":120000,"connectionRetryCount":3,"logLevels":{},"enableDirectConnect":true,"strictSSL":true,"_":"65 more keys: [\"cacheDir\",\"port\",\"requestedCapabilities\",\"automationProtocol\",\"baseUrl\",\"waitforInterval\",\"waitforTimeout\",\"onReload\",\"beforeCommand\",\"afterCommand\",\"rootDir\",\"specs\",\"suites\",\"exclude\",\"groupLogsByTestSpec\",\"excludeDriverLogs\",\"bail\",\"framework\",\"reporters\",\"services\",\"maxInstances\",\"maxInstancesPerCapability\",\"injectGlobals\",\"filesToWatch\",\"execArgv\",\"runnerEnv\",\"runner\",\"shard\",\"specFileRetries\",\"specFileRetriesDelay\",\"specFileRetriesDeferred\",\"reporterSyncInterval\",\"reporterSyncTimeout\",\"cucumberFeaturesWithLineNumbers\",\"autoCompileOpts\",\"mochaOpts\",\"jasmineOpts\",\"cucumberOpts\",\"onPrepare\",\"onWorkerStart\",\"onWorkerEnd\",\"before\",\"beforeSession\",\"beforeSuite\",\"beforeHook\",\"beforeTest\",\"afterTest\",\"afterHook\",\"afterSuite\",\"afterSession\",\"after\",\"onComplete\",\"beforeAssertion\",\"afterAssertion\",\"beforeFeature\",\"beforeScenario\",\"beforeStep\",\"afterStep\",\"afterScenario\",\"afterFeature\",\"_\",\"suite\",\"$0\",\"ignoredWorkerServices\",\"wdi5\"]"}]}
COMMAND: POST /session/5a60c8b5c70bea8172ebe4add6912aad/execute/async - {"script":"<script> [21126 bytes]","args":[35000]}
RESULT: {"script":"<script> [21126 bytes]","args":[35000]}
]]></system-out>
    </testcase>
  </testsuite>
  <testsuite timestamp="2025-05-07T16:48:22" time="516.859" tests="6" failures="6" errors="6" skipped="0">
    <properties>
      <property name="specId" value="0" />
      <property name="suiteName" value="Provide to Site w/ warehouse management w/o clarification US113782 " />
      <property name="capabilities" value="chrome.135_0_7049_115.windows" />
      <property name="file" value="file:///D:/a/1/s/test/specs/HTR/provide-to-site-w-warehouse-wo-clarification.spec.js" />
    </properties>
  </testsuite>
  <testsuite timestamp="2025-05-07T16:56:59" time="323.514" tests="5" failures="5" errors="5" skipped="0">
    <properties>
      <property name="specId" value="0" />
      <property name="suiteName" value="Provide to Site w/ warehouse management wo clarification" />
      <property name="capabilities" value="chrome.135_0_7049_115.windows" />
      <property name="file" value="file:///D:/a/1/s/test/specs/HTR/provide-to-site-w-warehouse-wo-clarification.spec.js" />
    </properties>
  </testsuite>
  <testsuite timestamp="2025-05-07T17:02:22" time="322.399" tests="4" failures="4" errors="4" skipped="0">
    <properties>
      <property name="specId" value="0" />
      <property name="suiteName" value="Provide to Site w/o warehouse management w/ clarification US116605" />
      <property name="capabilities" value="chrome.135_0_7049_115.windows" />
      <property name="file" value="file:///D:/a/1/s/test/specs/HTR/provide-to-site-wo-warehouse-w-clarification.spec.js" />
    </properties>
  </testsuite>
  <testsuite timestamp="2025-05-07T17:07:45" time="455.465" tests="6" failures="4" errors="4" skipped="0">
    <properties>
      <property name="specId" value="0" />
      <property name="suiteName" value="Provide to Site w/o warehouse management w clarification" />
      <property name="capabilities" value="chrome.135_0_7049_115.windows" />
      <property name="file" value="file:///D:/a/1/s/test/specs/HTR/provide-to-site-wo-warehouse-w-clarification.spec.js" />
    </properties>
    <testcase classname="chrome.135_0_7049_115.windows.Provide_to_Site_w/o_warehouse_management_w_clarification" name="Should Test for Handover Execution" time="168.386">
      <system-out><![CDATA[
COMMAND: GET /session/5a60c8b5c70bea8172ebe4add6912aad/screenshot - {}
COMMAND: POST /session/5a60c8b5c70bea8172ebe4add6912aad/element - {"using":"xpath","value":"//*[text()='Provide to site']"}
RESULT: {}
RESULT: {"using":"xpath","value":"//*[text()='Provide to site']"}
COMMAND: POST /session/5a60c8b5c70bea8172ebe4add6912aad/elements - {"using":"xpath","value":"//*[text()='Provide to site']"}
RESULT: {"using":"xpath","value":"//*[text()='Provide to site']"}
COMMAND: POST /session/5a60c8b5c70bea8172ebe4add6912aad/elements - {"using":"xpath","value":"//*[text()='Provide to site']"}
RESULT: {"using":"xpath","value":"//*[text()='Provide to site']"}
COMMAND: POST /session/5a60c8b5c70bea8172ebe4add6912aad/elements - {"using":"xpath","value":"//*[text()='Provide to site']"}
RESULT: {"using":"xpath","value":"//*[text()='Provide to site']"}
COMMAND: POST /session/5a60c8b5c70bea8172ebe4add6912aad/elements - {"using":"xpath","value":"//*[text()='Provide to site']"}
RESULT: {"using":"xpath","value":"//*[text()='Provide to site']"}
COMMAND: POST /session/5a60c8b5c70bea8172ebe4add6912aad/elements - {"using":"xpath","value":"//*[text()='Provide to site']"}
RESULT: {"using":"xpath","value":"//*[text()='Provide to site']"}
COMMAND: POST /session/5a60c8b5c70bea8172ebe4add6912aad/elements - {"using":"xpath","value":"//*[text()='Provide to site']"}
RESULT: {"using":"xpath","value":"//*[text()='Provide to site']"}
COMMAND: POST /session/5a60c8b5c70bea8172ebe4add6912aad/elements - {"using":"xpath","value":"//*[text()='Provide to site']"}
RESULT: {"using":"xpath","value":"//*[text()='Provide to site']"}
COMMAND: POST /session/5a60c8b5c70bea8172ebe4add6912aad/elements - {"using":"xpath","value":"//*[text()='Provide to site']"}
RESULT: {"using":"xpath","value":"//*[text()='Provide to site']"}
COMMAND: POST /session/5a60c8b5c70bea8172ebe4add6912aad/elements - {"using":"xpath","value":"//*[text()='Provide to site']"}
RESULT: {"using":"xpath","value":"//*[text()='Provide to site']"}
COMMAND: POST /session/5a60c8b5c70bea8172ebe4add6912aad/elements - {"using":"xpath","value":"//*[text()='Provide to site']"}
RESULT: {"using":"xpath","value":"//*[text()='Provide to site']"}
COMMAND: POST /session/5a60c8b5c70bea8172ebe4add6912aad/elements - {"using":"xpath","value":"//*[text()='Provide to site']"}
RESULT: {"using":"xpath","value":"//*[text()='Provide to site']"}
COMMAND: POST /session/5a60c8b5c70bea8172ebe4add6912aad/elements - {"using":"xpath","value":"//*[text()='Provide to site']"}
RESULT: {"using":"xpath","value":"//*[text()='Provide to site']"}
COMMAND: POST /session/5a60c8b5c70bea8172ebe4add6912aad/elements - {"using":"xpath","value":"//*[text()='Provide to site']"}
RESULT: {"using":"xpath","value":"//*[text()='Provide to site']"}
COMMAND: POST /session/5a60c8b5c70bea8172ebe4add6912aad/elements - {"using":"xpath","value":"//*[text()='Provide to site']"}
RESULT: {"using":"xpath","value":"//*[text()='Provide to site']"}
COMMAND: POST /session/5a60c8b5c70bea8172ebe4add6912aad/elements - {"using":"xpath","value":"//*[text()='Provide to site']"}
RESULT: {"using":"xpath","value":"//*[text()='Provide to site']"}
COMMAND: POST /session/5a60c8b5c70bea8172ebe4add6912aad/elements - {"using":"xpath","value":"//*[text()='Provide to site']"}
RESULT: {"using":"xpath","value":"//*[text()='Provide to site']"}
COMMAND: POST /session/5a60c8b5c70bea8172ebe4add6912aad/elements - {"using":"xpath","value":"//*[text()='Provide to site']"}
RESULT: {"using":"xpath","value":"//*[text()='Provide to site']"}
COMMAND: POST /session/5a60c8b5c70bea8172ebe4add6912aad/elements - {"using":"xpath","value":"//*[text()='Provide to site']"}
RESULT: {"using":"xpath","value":"//*[text()='Provide to site']"}
COMMAND: POST /session/5a60c8b5c70bea8172ebe4add6912aad/elements - {"using":"xpath","value":"//*[text()='Provide to site']"}
RESULT: {"using":"xpath","value":"//*[text()='Provide to site']"}
COMMAND: POST /session/5a60c8b5c70bea8172ebe4add6912aad/elements - {"using":"xpath","value":"//*[text()='Provide to site']"}
RESULT: {"using":"xpath","value":"//*[text()='Provide to site']"}
COMMAND: POST /session/5a60c8b5c70bea8172ebe4add6912aad/elements - {"using":"xpath","value":"//*[text()='Provide to site']"}
RESULT: {"using":"xpath","value":"//*[text()='Provide to site']"}
COMMAND: POST /session/5a60c8b5c70bea8172ebe4add6912aad/elements - {"using":"xpath","value":"//*[text()='Provide to site']"}
RESULT: {"using":"xpath","value":"//*[text()='Provide to site']"}
COMMAND: POST /session/5a60c8b5c70bea8172ebe4add6912aad/elements - {"using":"xpath","value":"//*[text()='Provide to site']"}
RESULT: {"using":"xpath","value":"//*[text()='Provide to site']"}
COMMAND: POST /session/5a60c8b5c70bea8172ebe4add6912aad/elements - {"using":"xpath","value":"//*[text()='Provide to site']"}
RESULT: {"using":"xpath","value":"//*[text()='Provide to site']"}
COMMAND: POST /session/5a60c8b5c70bea8172ebe4add6912aad/elements - {"using":"xpath","value":"//*[text()='Provide to site']"}
RESULT: {"using":"xpath","value":"//*[text()='Provide to site']"}
COMMAND: POST /session/5a60c8b5c70bea8172ebe4add6912aad/elements - {"using":"xpath","value":"//*[text()='Provide to site']"}
RESULT: {"using":"xpath","value":"//*[text()='Provide to site']"}
COMMAND: POST /session/5a60c8b5c70bea8172ebe4add6912aad/elements - {"using":"xpath","value":"//*[text()='Provide to site']"}
RESULT: {"using":"xpath","value":"//*[text()='Provide to site']"}
COMMAND: POST /session/5a60c8b5c70bea8172ebe4add6912aad/elements - {"using":"xpath","value":"//*[text()='Provide to site']"}
RESULT: {"using":"xpath","value":"//*[text()='Provide to site']"}
COMMAND: POST /session/5a60c8b5c70bea8172ebe4add6912aad/elements - {"using":"xpath","value":"//*[text()='Provide to site']"}
RESULT: {"using":"xpath","value":"//*[text()='Provide to site']"}
COMMAND: POST /session/5a60c8b5c70bea8172ebe4add6912aad/elements - {"using":"xpath","value":"//*[text()='Provide to site']"}
RESULT: {"using":"xpath","value":"//*[text()='Provide to site']"}
COMMAND: POST /session/5a60c8b5c70bea8172ebe4add6912aad/elements - {"using":"xpath","value":"//*[text()='Provide to site']"}
RESULT: {"using":"xpath","value":"//*[text()='Provide to site']"}
COMMAND: POST /session/5a60c8b5c70bea8172ebe4add6912aad/elements - {"using":"xpath","value":"//*[text()='Provide to site']"}
RESULT: {"using":"xpath","value":"//*[text()='Provide to site']"}
COMMAND: POST /session/5a60c8b5c70bea8172ebe4add6912aad/elements - {"using":"xpath","value":"//*[text()='Provide to site']"}
RESULT: {"using":"xpath","value":"//*[text()='Provide to site']"}
COMMAND: POST /session/5a60c8b5c70bea8172ebe4add6912aad/elements - {"using":"xpath","value":"//*[text()='Provide to site']"}
RESULT: {"using":"xpath","value":"//*[text()='Provide to site']"}
COMMAND: POST /session/5a60c8b5c70bea8172ebe4add6912aad/elements - {"using":"xpath","value":"//*[text()='Provide to site']"}
RESULT: {"using":"xpath","value":"//*[text()='Provide to site']"}
COMMAND: POST /session/5a60c8b5c70bea8172ebe4add6912aad/elements - {"using":"xpath","value":"//*[text()='Provide to site']"}
RESULT: {"using":"xpath","value":"//*[text()='Provide to site']"}
COMMAND: POST /session/5a60c8b5c70bea8172ebe4add6912aad/elements - {"using":"xpath","value":"//*[text()='Provide to site']"}
RESULT: {"using":"xpath","value":"//*[text()='Provide to site']"}
COMMAND: POST /session/5a60c8b5c70bea8172ebe4add6912aad/elements - {"using":"xpath","value":"//*[text()='Provide to site']"}
RESULT: {"using":"xpath","value":"//*[text()='Provide to site']"}
COMMAND: POST /session/5a60c8b5c70bea8172ebe4add6912aad/elements - {"using":"xpath","value":"//*[text()='Provide to site']"}
RESULT: {"using":"xpath","value":"//*[text()='Provide to site']"}
COMMAND: POST /session/5a60c8b5c70bea8172ebe4add6912aad/elements - {"using":"xpath","value":"//*[text()='Provide to site']"}
RESULT: {"using":"xpath","value":"//*[text()='Provide to site']"}
COMMAND: POST /session/5a60c8b5c70bea8172ebe4add6912aad/elements - {"using":"xpath","value":"//*[text()='Provide to site']"}
RESULT: {"using":"xpath","value":"//*[text()='Provide to site']"}
COMMAND: POST /session/5a60c8b5c70bea8172ebe4add6912aad/elements - {"using":"xpath","value":"//*[text()='Provide to site']"}
RESULT: {"using":"xpath","value":"//*[text()='Provide to site']"}
COMMAND: POST /session/5a60c8b5c70bea8172ebe4add6912aad/elements - {"using":"xpath","value":"//*[text()='Provide to site']"}
RESULT: {"using":"xpath","value":"//*[text()='Provide to site']"}
COMMAND: POST /session/5a60c8b5c70bea8172ebe4add6912aad/elements - {"using":"xpath","value":"//*[text()='Provide to site']"}
RESULT: {"using":"xpath","value":"//*[text()='Provide to site']"}
COMMAND: POST /session/5a60c8b5c70bea8172ebe4add6912aad/elements - {"using":"xpath","value":"//*[text()='Provide to site']"}
RESULT: {"using":"xpath","value":"//*[text()='Provide to site']"}
COMMAND: POST /session/5a60c8b5c70bea8172ebe4add6912aad/elements - {"using":"xpath","value":"//*[text()='Provide to site']"}
RESULT: {"using":"xpath","value":"//*[text()='Provide to site']"}
COMMAND: POST /session/5a60c8b5c70bea8172ebe4add6912aad/elements - {"using":"xpath","value":"//*[text()='Provide to site']"}
RESULT: {"using":"xpath","value":"//*[text()='Provide to site']"}
COMMAND: POST /session/5a60c8b5c70bea8172ebe4add6912aad/elements - {"using":"xpath","value":"//*[text()='Provide to site']"}
RESULT: {"using":"xpath","value":"//*[text()='Provide to site']"}
COMMAND: POST /session/5a60c8b5c70bea8172ebe4add6912aad/elements - {"using":"xpath","value":"//*[text()='Provide to site']"}
RESULT: {"using":"xpath","value":"//*[text()='Provide to site']"}
COMMAND: POST /session/5a60c8b5c70bea8172ebe4add6912aad/elements - {"using":"xpath","value":"//*[text()='Provide to site']"}
RESULT: {"using":"xpath","value":"//*[text()='Provide to site']"}
COMMAND: POST /session/5a60c8b5c70bea8172ebe4add6912aad/elements - {"using":"xpath","value":"//*[text()='Provide to site']"}
RESULT: {"using":"xpath","value":"//*[text()='Provide to site']"}
COMMAND: POST /session/5a60c8b5c70bea8172ebe4add6912aad/elements - {"using":"xpath","value":"//*[text()='Provide to site']"}
RESULT: {"using":"xpath","value":"//*[text()='Provide to site']"}
COMMAND: POST /session/5a60c8b5c70bea8172ebe4add6912aad/elements - {"using":"xpath","value":"//*[text()='Provide to site']"}
RESULT: {"using":"xpath","value":"//*[text()='Provide to site']"}
COMMAND: POST /session/5a60c8b5c70bea8172ebe4add6912aad/elements - {"using":"xpath","value":"//*[text()='Provide to site']"}
RESULT: {"using":"xpath","value":"//*[text()='Provide to site']"}
COMMAND: POST /session/5a60c8b5c70bea8172ebe4add6912aad/elements - {"using":"xpath","value":"//*[text()='Provide to site']"}
RESULT: {"using":"xpath","value":"//*[text()='Provide to site']"}
COMMAND: POST /session/5a60c8b5c70bea8172ebe4add6912aad/elements - {"using":"xpath","value":"//*[text()='Provide to site']"}
RESULT: {"using":"xpath","value":"//*[text()='Provide to site']"}
COMMAND: POST /session/5a60c8b5c70bea8172ebe4add6912aad/elements - {"using":"xpath","value":"//*[text()='Provide to site']"}
RESULT: {"using":"xpath","value":"//*[text()='Provide to site']"}
COMMAND: POST /session/5a60c8b5c70bea8172ebe4add6912aad/elements - {"using":"xpath","value":"//*[text()='Provide to site']"}
RESULT: {"using":"xpath","value":"//*[text()='Provide to site']"}
COMMAND: POST /session/5a60c8b5c70bea8172ebe4add6912aad/elements - {"using":"xpath","value":"//*[text()='Provide to site']"}
RESULT: {"using":"xpath","value":"//*[text()='Provide to site']"}
COMMAND: POST /session/5a60c8b5c70bea8172ebe4add6912aad/elements - {"using":"xpath","value":"//*[text()='Provide to site']"}
RESULT: {"using":"xpath","value":"//*[text()='Provide to site']"}
COMMAND: POST /session/5a60c8b5c70bea8172ebe4add6912aad/elements - {"using":"xpath","value":"//*[text()='Provide to site']"}
RESULT: {"using":"xpath","value":"//*[text()='Provide to site']"}
COMMAND: POST /session/5a60c8b5c70bea8172ebe4add6912aad/elements - {"using":"xpath","value":"//*[text()='Provide to site']"}
RESULT: {"using":"xpath","value":"//*[text()='Provide to site']"}
COMMAND: POST /session/5a60c8b5c70bea8172ebe4add6912aad/elements - {"using":"xpath","value":"//*[text()='Provide to site']"}
RESULT: {"using":"xpath","value":"//*[text()='Provide to site']"}
COMMAND: POST /session/5a60c8b5c70bea8172ebe4add6912aad/elements - {"using":"xpath","value":"//*[text()='Provide to site']"}
RESULT: {"using":"xpath","value":"//*[text()='Provide to site']"}
COMMAND: POST /session/5a60c8b5c70bea8172ebe4add6912aad/elements - {"using":"xpath","value":"//*[text()='Provide to site']"}
RESULT: {"using":"xpath","value":"//*[text()='Provide to site']"}
COMMAND: POST /session/5a60c8b5c70bea8172ebe4add6912aad/elements - {"using":"xpath","value":"//*[text()='Provide to site']"}
RESULT: {"using":"xpath","value":"//*[text()='Provide to site']"}
COMMAND: POST /session/5a60c8b5c70bea8172ebe4add6912aad/elements - {"using":"xpath","value":"//*[text()='Provide to site']"}
RESULT: {"using":"xpath","value":"//*[text()='Provide to site']"}
COMMAND: POST /session/5a60c8b5c70bea8172ebe4add6912aad/elements - {"using":"xpath","value":"//*[text()='Provide to site']"}
RESULT: {"using":"xpath","value":"//*[text()='Provide to site']"}
COMMAND: POST /session/5a60c8b5c70bea8172ebe4add6912aad/elements - {"using":"xpath","value":"//*[text()='Provide to site']"}
RESULT: {"using":"xpath","value":"//*[text()='Provide to site']"}
COMMAND: POST /session/5a60c8b5c70bea8172ebe4add6912aad/elements - {"using":"xpath","value":"//*[text()='Provide to site']"}
RESULT: {"using":"xpath","value":"//*[text()='Provide to site']"}
COMMAND: POST /session/5a60c8b5c70bea8172ebe4add6912aad/elements - {"using":"xpath","value":"//*[text()='Provide to site']"}
RESULT: {"using":"xpath","value":"//*[text()='Provide to site']"}
COMMAND: POST /session/5a60c8b5c70bea8172ebe4add6912aad/elements - {"using":"xpath","value":"//*[text()='Provide to site']"}
RESULT: {"using":"xpath","value":"//*[text()='Provide to site']"}
COMMAND: POST /session/5a60c8b5c70bea8172ebe4add6912aad/elements - {"using":"xpath","value":"//*[text()='Provide to site']"}
RESULT: {"using":"xpath","value":"//*[text()='Provide to site']"}
COMMAND: POST /session/5a60c8b5c70bea8172ebe4add6912aad/elements - {"using":"xpath","value":"//*[text()='Provide to site']"}
RESULT: {"using":"xpath","value":"//*[text()='Provide to site']"}
COMMAND: POST /session/5a60c8b5c70bea8172ebe4add6912aad/elements - {"using":"xpath","value":"//*[text()='Provide to site']"}
RESULT: {"using":"xpath","value":"//*[text()='Provide to site']"}
COMMAND: POST /session/5a60c8b5c70bea8172ebe4add6912aad/elements - {"using":"xpath","value":"//*[text()='Provide to site']"}
RESULT: {"using":"xpath","value":"//*[text()='Provide to site']"}
COMMAND: POST /session/5a60c8b5c70bea8172ebe4add6912aad/elements - {"using":"xpath","value":"//*[text()='Provide to site']"}
RESULT: {"using":"xpath","value":"//*[text()='Provide to site']"}
COMMAND: POST /session/5a60c8b5c70bea8172ebe4add6912aad/elements - {"using":"xpath","value":"//*[text()='Provide to site']"}
RESULT: {"using":"xpath","value":"//*[text()='Provide to site']"}
COMMAND: POST /session/5a60c8b5c70bea8172ebe4add6912aad/elements - {"using":"xpath","value":"//*[text()='Provide to site']"}
RESULT: {"using":"xpath","value":"//*[text()='Provide to site']"}
COMMAND: POST /session/5a60c8b5c70bea8172ebe4add6912aad/elements - {"using":"xpath","value":"//*[text()='Provide to site']"}
RESULT: {"using":"xpath","value":"//*[text()='Provide to site']"}
COMMAND: POST /session/5a60c8b5c70bea8172ebe4add6912aad/elements - {"using":"xpath","value":"//*[text()='Provide to site']"}
RESULT: {"using":"xpath","value":"//*[text()='Provide to site']"}
COMMAND: POST /session/5a60c8b5c70bea8172ebe4add6912aad/elements - {"using":"xpath","value":"//*[text()='Provide to site']"}
RESULT: {"using":"xpath","value":"//*[text()='Provide to site']"}
COMMAND: POST /session/5a60c8b5c70bea8172ebe4add6912aad/elements - {"using":"xpath","value":"//*[text()='Provide to site']"}
RESULT: {"using":"xpath","value":"//*[text()='Provide to site']"}
COMMAND: POST /session/5a60c8b5c70bea8172ebe4add6912aad/elements - {"using":"xpath","value":"//*[text()='Provide to site']"}
RESULT: {"using":"xpath","value":"//*[text()='Provide to site']"}
COMMAND: POST /session/5a60c8b5c70bea8172ebe4add6912aad/elements - {"using":"xpath","value":"//*[text()='Provide to site']"}
RESULT: {"using":"xpath","value":"//*[text()='Provide to site']"}
COMMAND: POST /session/5a60c8b5c70bea8172ebe4add6912aad/elements - {"using":"xpath","value":"//*[text()='Provide to site']"}
RESULT: {"using":"xpath","value":"//*[text()='Provide to site']"}
COMMAND: POST /session/5a60c8b5c70bea8172ebe4add6912aad/elements - {"using":"xpath","value":"//*[text()='Provide to site']"}
RESULT: {"using":"xpath","value":"//*[text()='Provide to site']"}
COMMAND: POST /session/5a60c8b5c70bea8172ebe4add6912aad/elements - {"using":"xpath","value":"//*[text()='Provide to site']"}
RESULT: {"using":"xpath","value":"//*[text()='Provide to site']"}
COMMAND: POST /session/5a60c8b5c70bea8172ebe4add6912aad/elements - {"using":"xpath","value":"//*[text()='Provide to site']"}
RESULT: {"using":"xpath","value":"//*[text()='Provide to site']"}
COMMAND: POST /session/5a60c8b5c70bea8172ebe4add6912aad/elements - {"using":"xpath","value":"//*[text()='Provide to site']"}
RESULT: {"using":"xpath","value":"//*[text()='Provide to site']"}
COMMAND: POST /session/5a60c8b5c70bea8172ebe4add6912aad/elements - {"using":"xpath","value":"//*[text()='Provide to site']"}
COMMAND: POST /session/5a60c8b5c70bea8172ebe4add6912aad/element - {"using":"xpath","value":"//span[text()='Provide to site - Completed']"}
RESULT: {"using":"xpath","value":"//*[text()='Provide to site']"}
RESULT: {"using":"xpath","value":"//span[text()='Provide to site - Completed']"}
COMMAND: POST /session/5a60c8b5c70bea8172ebe4add6912aad/elements - {"using":"xpath","value":"//span[text()='Provide to site - Completed']"}
RESULT: {"using":"xpath","value":"//span[text()='Provide to site - Completed']"}
COMMAND: POST /session/5a60c8b5c70bea8172ebe4add6912aad/elements - {"using":"xpath","value":"//span[text()='Provide to site - Completed']"}
RESULT: {"using":"xpath","value":"//span[text()='Provide to site - Completed']"}
COMMAND: POST /session/5a60c8b5c70bea8172ebe4add6912aad/elements - {"using":"xpath","value":"//span[text()='Provide to site - Completed']"}
RESULT: {"using":"xpath","value":"//span[text()='Provide to site - Completed']"}
COMMAND: POST /session/5a60c8b5c70bea8172ebe4add6912aad/elements - {"using":"xpath","value":"//span[text()='Provide to site - Completed']"}
RESULT: {"using":"xpath","value":"//span[text()='Provide to site - Completed']"}
COMMAND: POST /session/5a60c8b5c70bea8172ebe4add6912aad/elements - {"using":"xpath","value":"//span[text()='Provide to site - Completed']"}
RESULT: {"using":"xpath","value":"//span[text()='Provide to site - Completed']"}
COMMAND: POST /session/5a60c8b5c70bea8172ebe4add6912aad/elements - {"using":"xpath","value":"//span[text()='Provide to site - Completed']"}
RESULT: {"using":"xpath","value":"//span[text()='Provide to site - Completed']"}
COMMAND: POST /session/5a60c8b5c70bea8172ebe4add6912aad/elements - {"using":"xpath","value":"//span[text()='Provide to site - Completed']"}
RESULT: {"using":"xpath","value":"//span[text()='Provide to site - Completed']"}
COMMAND: POST /session/5a60c8b5c70bea8172ebe4add6912aad/elements - {"using":"xpath","value":"//span[text()='Provide to site - Completed']"}
RESULT: {"using":"xpath","value":"//span[text()='Provide to site - Completed']"}
COMMAND: POST /session/5a60c8b5c70bea8172ebe4add6912aad/elements - {"using":"xpath","value":"//span[text()='Provide to site - Completed']"}
RESULT: {"using":"xpath","value":"//span[text()='Provide to site - Completed']"}
COMMAND: POST /session/5a60c8b5c70bea8172ebe4add6912aad/elements - {"using":"xpath","value":"//span[text()='Provide to site - Completed']"}
RESULT: {"using":"xpath","value":"//span[text()='Provide to site - Completed']"}
COMMAND: POST /session/5a60c8b5c70bea8172ebe4add6912aad/elements - {"using":"xpath","value":"//span[text()='Provide to site - Completed']"}
RESULT: {"using":"xpath","value":"//span[text()='Provide to site - Completed']"}
COMMAND: POST /session/5a60c8b5c70bea8172ebe4add6912aad/elements - {"using":"xpath","value":"//span[text()='Provide to site - Completed']"}
RESULT: {"using":"xpath","value":"//span[text()='Provide to site - Completed']"}
COMMAND: POST /session/5a60c8b5c70bea8172ebe4add6912aad/elements - {"using":"xpath","value":"//span[text()='Provide to site - Completed']"}
RESULT: {"using":"xpath","value":"//span[text()='Provide to site - Completed']"}
COMMAND: POST /session/5a60c8b5c70bea8172ebe4add6912aad/elements - {"using":"xpath","value":"//span[text()='Provide to site - Completed']"}
RESULT: {"using":"xpath","value":"//span[text()='Provide to site - Completed']"}
COMMAND: POST /session/5a60c8b5c70bea8172ebe4add6912aad/elements - {"using":"xpath","value":"//span[text()='Provide to site - Completed']"}
RESULT: {"using":"xpath","value":"//span[text()='Provide to site - Completed']"}
COMMAND: POST /session/5a60c8b5c70bea8172ebe4add6912aad/elements - {"using":"xpath","value":"//span[text()='Provide to site - Completed']"}
RESULT: {"using":"xpath","value":"//span[text()='Provide to site - Completed']"}
COMMAND: POST /session/5a60c8b5c70bea8172ebe4add6912aad/elements - {"using":"xpath","value":"//span[text()='Provide to site - Completed']"}
RESULT: {"using":"xpath","value":"//span[text()='Provide to site - Completed']"}
COMMAND: POST /session/5a60c8b5c70bea8172ebe4add6912aad/elements - {"using":"xpath","value":"//span[text()='Provide to site - Completed']"}
RESULT: {"using":"xpath","value":"//span[text()='Provide to site - Completed']"}
COMMAND: POST /session/5a60c8b5c70bea8172ebe4add6912aad/elements - {"using":"xpath","value":"//span[text()='Provide to site - Completed']"}
RESULT: {"using":"xpath","value":"//span[text()='Provide to site - Completed']"}
COMMAND: POST /session/5a60c8b5c70bea8172ebe4add6912aad/elements - {"using":"xpath","value":"//span[text()='Provide to site - Completed']"}
RESULT: {"using":"xpath","value":"//span[text()='Provide to site - Completed']"}
COMMAND: POST /session/5a60c8b5c70bea8172ebe4add6912aad/elements - {"using":"xpath","value":"//span[text()='Provide to site - Completed']"}
RESULT: {"using":"xpath","value":"//span[text()='Provide to site - Completed']"}
COMMAND: POST /session/5a60c8b5c70bea8172ebe4add6912aad/elements - {"using":"xpath","value":"//span[text()='Provide to site - Completed']"}
RESULT: {"using":"xpath","value":"//span[text()='Provide to site - Completed']"}
COMMAND: POST /session/5a60c8b5c70bea8172ebe4add6912aad/elements - {"using":"xpath","value":"//span[text()='Provide to site - Completed']"}
RESULT: {"using":"xpath","value":"//span[text()='Provide to site - Completed']"}
COMMAND: POST /session/5a60c8b5c70bea8172ebe4add6912aad/elements - {"using":"xpath","value":"//span[text()='Provide to site - Completed']"}
RESULT: {"using":"xpath","value":"//span[text()='Provide to site - Completed']"}
COMMAND: POST /session/5a60c8b5c70bea8172ebe4add6912aad/elements - {"using":"xpath","value":"//span[text()='Provide to site - Completed']"}
RESULT: {"using":"xpath","value":"//span[text()='Provide to site - Completed']"}
COMMAND: POST /session/5a60c8b5c70bea8172ebe4add6912aad/elements - {"using":"xpath","value":"//span[text()='Provide to site - Completed']"}
RESULT: {"using":"xpath","value":"//span[text()='Provide to site - Completed']"}
COMMAND: POST /session/5a60c8b5c70bea8172ebe4add6912aad/elements - {"using":"xpath","value":"//span[text()='Provide to site - Completed']"}
RESULT: {"using":"xpath","value":"//span[text()='Provide to site - Completed']"}
COMMAND: POST /session/5a60c8b5c70bea8172ebe4add6912aad/elements - {"using":"xpath","value":"//span[text()='Provide to site - Completed']"}
RESULT: {"using":"xpath","value":"//span[text()='Provide to site - Completed']"}
COMMAND: POST /session/5a60c8b5c70bea8172ebe4add6912aad/elements - {"using":"xpath","value":"//span[text()='Provide to site - Completed']"}
RESULT: {"using":"xpath","value":"//span[text()='Provide to site - Completed']"}
COMMAND: POST /session/5a60c8b5c70bea8172ebe4add6912aad/elements - {"using":"xpath","value":"//span[text()='Provide to site - Completed']"}
RESULT: {"using":"xpath","value":"//span[text()='Provide to site - Completed']"}
COMMAND: POST /session/5a60c8b5c70bea8172ebe4add6912aad/elements - {"using":"xpath","value":"//span[text()='Provide to site - Completed']"}
RESULT: {"using":"xpath","value":"//span[text()='Provide to site - Completed']"}
COMMAND: POST /session/5a60c8b5c70bea8172ebe4add6912aad/elements - {"using":"xpath","value":"//span[text()='Provide to site - Completed']"}
RESULT: {"using":"xpath","value":"//span[text()='Provide to site - Completed']"}
COMMAND: POST /session/5a60c8b5c70bea8172ebe4add6912aad/elements - {"using":"xpath","value":"//span[text()='Provide to site - Completed']"}
RESULT: {"using":"xpath","value":"//span[text()='Provide to site - Completed']"}
COMMAND: POST /session/5a60c8b5c70bea8172ebe4add6912aad/elements - {"using":"xpath","value":"//span[text()='Provide to site - Completed']"}
RESULT: {"using":"xpath","value":"//span[text()='Provide to site - Completed']"}
COMMAND: POST /session/5a60c8b5c70bea8172ebe4add6912aad/elements - {"using":"xpath","value":"//span[text()='Provide to site - Completed']"}
RESULT: {"using":"xpath","value":"//span[text()='Provide to site - Completed']"}
COMMAND: POST /session/5a60c8b5c70bea8172ebe4add6912aad/elements - {"using":"xpath","value":"//span[text()='Provide to site - Completed']"}
RESULT: {"using":"xpath","value":"//span[text()='Provide to site - Completed']"}
COMMAND: POST /session/5a60c8b5c70bea8172ebe4add6912aad/elements - {"using":"xpath","value":"//span[text()='Provide to site - Completed']"}
RESULT: {"using":"xpath","value":"//span[text()='Provide to site - Completed']"}
COMMAND: POST /session/5a60c8b5c70bea8172ebe4add6912aad/elements - {"using":"xpath","value":"//span[text()='Provide to site - Completed']"}
RESULT: {"using":"xpath","value":"//span[text()='Provide to site - Completed']"}
COMMAND: POST /session/5a60c8b5c70bea8172ebe4add6912aad/elements - {"using":"xpath","value":"//span[text()='Provide to site - Completed']"}
RESULT: {"using":"xpath","value":"//span[text()='Provide to site - Completed']"}
COMMAND: POST /session/5a60c8b5c70bea8172ebe4add6912aad/elements - {"using":"xpath","value":"//span[text()='Provide to site - Completed']"}
RESULT: {"using":"xpath","value":"//span[text()='Provide to site - Completed']"}
COMMAND: POST /session/5a60c8b5c70bea8172ebe4add6912aad/elements - {"using":"xpath","value":"//span[text()='Provide to site - Completed']"}
RESULT: {"using":"xpath","value":"//span[text()='Provide to site - Completed']"}
COMMAND: POST /session/5a60c8b5c70bea8172ebe4add6912aad/elements - {"using":"xpath","value":"//span[text()='Provide to site - Completed']"}
RESULT: {"using":"xpath","value":"//span[text()='Provide to site - Completed']"}
COMMAND: POST /session/5a60c8b5c70bea8172ebe4add6912aad/elements - {"using":"xpath","value":"//span[text()='Provide to site - Completed']"}
RESULT: {"using":"xpath","value":"//span[text()='Provide to site - Completed']"}
COMMAND: POST /session/5a60c8b5c70bea8172ebe4add6912aad/elements - {"using":"xpath","value":"//span[text()='Provide to site - Completed']"}
RESULT: {"using":"xpath","value":"//span[text()='Provide to site - Completed']"}
COMMAND: POST /session/5a60c8b5c70bea8172ebe4add6912aad/elements - {"using":"xpath","value":"//span[text()='Provide to site - Completed']"}
RESULT: {"using":"xpath","value":"//span[text()='Provide to site - Completed']"}
COMMAND: POST /session/5a60c8b5c70bea8172ebe4add6912aad/elements - {"using":"xpath","value":"//span[text()='Provide to site - Completed']"}
RESULT: {"using":"xpath","value":"//span[text()='Provide to site - Completed']"}
COMMAND: POST /session/5a60c8b5c70bea8172ebe4add6912aad/elements - {"using":"xpath","value":"//span[text()='Provide to site - Completed']"}
RESULT: {"using":"xpath","value":"//span[text()='Provide to site - Completed']"}
COMMAND: POST /session/5a60c8b5c70bea8172ebe4add6912aad/elements - {"using":"xpath","value":"//span[text()='Provide to site - Completed']"}
RESULT: {"using":"xpath","value":"//span[text()='Provide to site - Completed']"}
COMMAND: POST /session/5a60c8b5c70bea8172ebe4add6912aad/elements - {"using":"xpath","value":"//span[text()='Provide to site - Completed']"}
RESULT: {"using":"xpath","value":"//span[text()='Provide to site - Completed']"}
COMMAND: POST /session/5a60c8b5c70bea8172ebe4add6912aad/elements - {"using":"xpath","value":"//span[text()='Provide to site - Completed']"}
RESULT: {"using":"xpath","value":"//span[text()='Provide to site - Completed']"}
COMMAND: POST /session/5a60c8b5c70bea8172ebe4add6912aad/elements - {"using":"xpath","value":"//span[text()='Provide to site - Completed']"}
RESULT: {"using":"xpath","value":"//span[text()='Provide to site - Completed']"}
COMMAND: POST /session/5a60c8b5c70bea8172ebe4add6912aad/elements - {"using":"xpath","value":"//span[text()='Provide to site - Completed']"}
RESULT: {"using":"xpath","value":"//span[text()='Provide to site - Completed']"}
COMMAND: POST /session/5a60c8b5c70bea8172ebe4add6912aad/elements - {"using":"xpath","value":"//span[text()='Provide to site - Completed']"}
RESULT: {"using":"xpath","value":"//span[text()='Provide to site - Completed']"}
COMMAND: POST /session/5a60c8b5c70bea8172ebe4add6912aad/elements - {"using":"xpath","value":"//span[text()='Provide to site - Completed']"}
RESULT: {"using":"xpath","value":"//span[text()='Provide to site - Completed']"}
COMMAND: POST /session/5a60c8b5c70bea8172ebe4add6912aad/elements - {"using":"xpath","value":"//span[text()='Provide to site - Completed']"}
RESULT: {"using":"xpath","value":"//span[text()='Provide to site - Completed']"}
COMMAND: POST /session/5a60c8b5c70bea8172ebe4add6912aad/elements - {"using":"xpath","value":"//span[text()='Provide to site - Completed']"}
RESULT: {"using":"xpath","value":"//span[text()='Provide to site - Completed']"}
COMMAND: POST /session/5a60c8b5c70bea8172ebe4add6912aad/elements - {"using":"xpath","value":"//span[text()='Provide to site - Completed']"}
RESULT: {"using":"xpath","value":"//span[text()='Provide to site - Completed']"}
COMMAND: POST /session/5a60c8b5c70bea8172ebe4add6912aad/elements - {"using":"xpath","value":"//span[text()='Provide to site - Completed']"}
RESULT: {"using":"xpath","value":"//span[text()='Provide to site - Completed']"}
COMMAND: POST /session/5a60c8b5c70bea8172ebe4add6912aad/elements - {"using":"xpath","value":"//span[text()='Provide to site - Completed']"}
RESULT: {"using":"xpath","value":"//span[text()='Provide to site - Completed']"}
COMMAND: POST /session/5a60c8b5c70bea8172ebe4add6912aad/elements - {"using":"xpath","value":"//span[text()='Provide to site - Completed']"}
RESULT: {"using":"xpath","value":"//span[text()='Provide to site - Completed']"}
COMMAND: POST /session/5a60c8b5c70bea8172ebe4add6912aad/elements - {"using":"xpath","value":"//span[text()='Provide to site - Completed']"}
RESULT: {"using":"xpath","value":"//span[text()='Provide to site - Completed']"}
COMMAND: POST /session/5a60c8b5c70bea8172ebe4add6912aad/elements - {"using":"xpath","value":"//span[text()='Provide to site - Completed']"}
RESULT: {"using":"xpath","value":"//span[text()='Provide to site - Completed']"}
COMMAND: POST /session/5a60c8b5c70bea8172ebe4add6912aad/elements - {"using":"xpath","value":"//span[text()='Provide to site - Completed']"}
RESULT: {"using":"xpath","value":"//span[text()='Provide to site - Completed']"}
COMMAND: POST /session/5a60c8b5c70bea8172ebe4add6912aad/elements - {"using":"xpath","value":"//span[text()='Provide to site - Completed']"}
RESULT: {"using":"xpath","value":"//span[text()='Provide to site - Completed']"}
COMMAND: POST /session/5a60c8b5c70bea8172ebe4add6912aad/elements - {"using":"xpath","value":"//span[text()='Provide to site - Completed']"}
RESULT: {"using":"xpath","value":"//span[text()='Provide to site - Completed']"}
COMMAND: POST /session/5a60c8b5c70bea8172ebe4add6912aad/elements - {"using":"xpath","value":"//span[text()='Provide to site - Completed']"}
RESULT: {"using":"xpath","value":"//span[text()='Provide to site - Completed']"}
COMMAND: POST /session/5a60c8b5c70bea8172ebe4add6912aad/elements - {"using":"xpath","value":"//span[text()='Provide to site - Completed']"}
RESULT: {"using":"xpath","value":"//span[text()='Provide to site - Completed']"}
COMMAND: POST /session/5a60c8b5c70bea8172ebe4add6912aad/elements - {"using":"xpath","value":"//span[text()='Provide to site - Completed']"}
RESULT: {"using":"xpath","value":"//span[text()='Provide to site - Completed']"}
COMMAND: POST /session/5a60c8b5c70bea8172ebe4add6912aad/elements - {"using":"xpath","value":"//span[text()='Provide to site - Completed']"}
RESULT: {"using":"xpath","value":"//span[text()='Provide to site - Completed']"}
COMMAND: POST /session/5a60c8b5c70bea8172ebe4add6912aad/elements - {"using":"xpath","value":"//span[text()='Provide to site - Completed']"}
RESULT: {"using":"xpath","value":"//span[text()='Provide to site - Completed']"}
COMMAND: POST /session/5a60c8b5c70bea8172ebe4add6912aad/elements - {"using":"xpath","value":"//span[text()='Provide to site - Completed']"}
RESULT: {"using":"xpath","value":"//span[text()='Provide to site - Completed']"}
COMMAND: POST /session/5a60c8b5c70bea8172ebe4add6912aad/elements - {"using":"xpath","value":"//span[text()='Provide to site - Completed']"}
RESULT: {"using":"xpath","value":"//span[text()='Provide to site - Completed']"}
COMMAND: POST /session/5a60c8b5c70bea8172ebe4add6912aad/elements - {"using":"xpath","value":"//span[text()='Provide to site - Completed']"}
RESULT: {"using":"xpath","value":"//span[text()='Provide to site - Completed']"}
COMMAND: POST /session/5a60c8b5c70bea8172ebe4add6912aad/elements - {"using":"xpath","value":"//span[text()='Provide to site - Completed']"}
RESULT: {"using":"xpath","value":"//span[text()='Provide to site - Completed']"}
COMMAND: POST /session/5a60c8b5c70bea8172ebe4add6912aad/elements - {"using":"xpath","value":"//span[text()='Provide to site - Completed']"}
RESULT: {"using":"xpath","value":"//span[text()='Provide to site - Completed']"}
COMMAND: POST /session/5a60c8b5c70bea8172ebe4add6912aad/elements - {"using":"xpath","value":"//span[text()='Provide to site - Completed']"}
RESULT: {"using":"xpath","value":"//span[text()='Provide to site - Completed']"}
COMMAND: POST /session/5a60c8b5c70bea8172ebe4add6912aad/elements - {"using":"xpath","value":"//span[text()='Provide to site - Completed']"}
RESULT: {"using":"xpath","value":"//span[text()='Provide to site - Completed']"}
COMMAND: POST /session/5a60c8b5c70bea8172ebe4add6912aad/elements - {"using":"xpath","value":"//span[text()='Provide to site - Completed']"}
RESULT: {"using":"xpath","value":"//span[text()='Provide to site - Completed']"}
COMMAND: POST /session/5a60c8b5c70bea8172ebe4add6912aad/elements - {"using":"xpath","value":"//span[text()='Provide to site - Completed']"}
RESULT: {"using":"xpath","value":"//span[text()='Provide to site - Completed']"}
COMMAND: POST /session/5a60c8b5c70bea8172ebe4add6912aad/elements - {"using":"xpath","value":"//span[text()='Provide to site - Completed']"}
RESULT: {"using":"xpath","value":"//span[text()='Provide to site - Completed']"}
COMMAND: POST /session/5a60c8b5c70bea8172ebe4add6912aad/elements - {"using":"xpath","value":"//span[text()='Provide to site - Completed']"}
RESULT: {"using":"xpath","value":"//span[text()='Provide to site - Completed']"}
COMMAND: POST /session/5a60c8b5c70bea8172ebe4add6912aad/elements - {"using":"xpath","value":"//span[text()='Provide to site - Completed']"}
RESULT: {"using":"xpath","value":"//span[text()='Provide to site - Completed']"}
COMMAND: POST /session/5a60c8b5c70bea8172ebe4add6912aad/elements - {"using":"xpath","value":"//span[text()='Provide to site - Completed']"}
RESULT: {"using":"xpath","value":"//span[text()='Provide to site - Completed']"}
COMMAND: POST /session/5a60c8b5c70bea8172ebe4add6912aad/elements - {"using":"xpath","value":"//span[text()='Provide to site - Completed']"}
RESULT: {"using":"xpath","value":"//span[text()='Provide to site - Completed']"}
COMMAND: POST /session/5a60c8b5c70bea8172ebe4add6912aad/elements - {"using":"xpath","value":"//span[text()='Provide to site - Completed']"}
RESULT: {"using":"xpath","value":"//span[text()='Provide to site - Completed']"}
COMMAND: POST /session/5a60c8b5c70bea8172ebe4add6912aad/elements - {"using":"xpath","value":"//span[text()='Provide to site - Completed']"}
RESULT: {"using":"xpath","value":"//span[text()='Provide to site - Completed']"}
COMMAND: POST /session/5a60c8b5c70bea8172ebe4add6912aad/elements - {"using":"xpath","value":"//span[text()='Provide to site - Completed']"}
RESULT: {"using":"xpath","value":"//span[text()='Provide to site - Completed']"}
COMMAND: POST /session/5a60c8b5c70bea8172ebe4add6912aad/elements - {"using":"xpath","value":"//span[text()='Provide to site - Completed']"}
RESULT: {"using":"xpath","value":"//span[text()='Provide to site - Completed']"}
COMMAND: POST /session/5a60c8b5c70bea8172ebe4add6912aad/elements - {"using":"xpath","value":"//span[text()='Provide to site - Completed']"}
RESULT: {"using":"xpath","value":"//span[text()='Provide to site - Completed']"}
COMMAND: POST /session/5a60c8b5c70bea8172ebe4add6912aad/elements - {"using":"xpath","value":"//span[text()='Provide to site - Completed']"}
RESULT: {"using":"xpath","value":"//span[text()='Provide to site - Completed']"}
COMMAND: POST /session/5a60c8b5c70bea8172ebe4add6912aad/execute/async - {"script":"<script> [1562 bytes]","args":[{"selector":{"controlType":"sap.m.Button","viewName":"etm.portal.ui.managehandovers.view.DetailExecuteHO","i18NText":{"propertyName":"text","key":"pickQty"},"interaction":{"idSuffix":"BDI-content"}},"wdio_ui5_key":"etmportal.ui.managehandovers.view.DetailExecuteHOsap.m.Button{\"propertyName\":\"text\",\"key\":\"pickQty\"}"}]}
RESULT: {"script":"<script> [1562 bytes]","args":[{"selector":{"controlType":"sap.m.Button","viewName":"etm.portal.ui.managehandovers.view.DetailExecuteHO","i18NText":{"propertyName":"text","key":"pickQty"},"interaction":{"idSuffix":"BDI-content"}},"wdio_ui5_key":"etmportal.ui.managehandovers.view.DetailExecuteHOsap.m.Button{\"propertyName\":\"text\",\"key\":\"pickQty\"}"}]}
RESULT: undefined
COMMAND: POST /session/5a60c8b5c70bea8172ebe4add6912aad/execute/async - {"script":"<script> [1562 bytes]","args":[{"selector":{"controlType":"sap.m.Link","viewName":"etm.portal.ui.managehandovers.view.DetailExecuteHO","bindingPath":{"path":"","propertyPath":"/wmDoc","modelName":"warehouseMovModel"}},"wdio_ui5_key":"etmportal.ui.managehandovers.view.DetailExecuteHOsap.m.Link{\"path\":\"\",\"propertyPath\":\"/wmDoc\",\"modelName\":\"warehouseMovModel\"}"}]}
RESULT: {"script":"<script> [1562 bytes]","args":[{"selector":{"controlType":"sap.m.Link","viewName":"etm.portal.ui.managehandovers.view.DetailExecuteHO","bindingPath":{"path":"","propertyPath":"/wmDoc","modelName":"warehouseMovModel"}},"wdio_ui5_key":"etmportal.ui.managehandovers.view.DetailExecuteHOsap.m.Link{\"path\":\"\",\"propertyPath\":\"/wmDoc\",\"modelName\":\"warehouseMovModel\"}"}]}
RESULT: undefined
COMMAND: POST /session/5a60c8b5c70bea8172ebe4add6912aad/execute/async - {"script":"<script> [1562 bytes]","args":[{"selector":{"controlType":"sap.m.Link","viewName":"etm.portal.ui.managehandovers.view.DetailExecuteHO","properties":{"text":"Warehouse Overview"},"searchOpenDialogs":true},"wdio_ui5_key":"etmportal.ui.managehandovers.view.DetailExecuteHOsap.m.Link{\"text\":\"Warehouse Overview\"}"}]}
RESULT: {"script":"<script> [1562 bytes]","args":[{"selector":{"controlType":"sap.m.Link","viewName":"etm.portal.ui.managehandovers.view.DetailExecuteHO","properties":{"text":"Warehouse Overview"},"searchOpenDialogs":true},"wdio_ui5_key":"etmportal.ui.managehandovers.view.DetailExecuteHOsap.m.Link{\"text\":\"Warehouse Overview\"}"}]}
RESULT: undefined
COMMAND: POST /session/5a60c8b5c70bea8172ebe4add6912aad/execute/async - {"script":"<script> [1562 bytes]","args":[{"selector":{"controlType":"sap.m.Button","viewName":"etm.portal.ui.warehousemovements.view.DisplayMovement","viewId":"application-warehousemovements-display-component---displayMovement","i18NText":{"propertyName":"text","key":"execution"},"interaction":{"idSuffix":"BDI-content"}},"wdio_ui5_key":"etmportal.ui.warehousemovements.view.DisplayMovementsap.m.Button{\"propertyName\":\"text\",\"key\":\"execution\"}"}]}
RESULT: {"script":"<script> [1562 bytes]","args":[{"selector":{"controlType":"sap.m.Button","viewName":"etm.portal.ui.warehousemovements.view.DisplayMovement","viewId":"application-warehousemovements-display-component---displayMovement","i18NText":{"propertyName":"text","key":"execution"},"interaction":{"idSuffix":"BDI-content"}},"wdio_ui5_key":"etmportal.ui.warehousemovements.view.DisplayMovementsap.m.Button{\"propertyName\":\"text\",\"key\":\"execution\"}"}]}
RESULT: undefined
COMMAND: POST /session/5a60c8b5c70bea8172ebe4add6912aad/execute/async - {"script":"<script> [1562 bytes]","args":[{"selector":{"controlType":"sap.m.Button","viewName":"etm.portal.ui.warehousemovements.view.ExecuteMovement","viewId":"application-warehousemovements-display-component---executeMovement","properties":{"text":"Items"},"interaction":{"idSuffix":"BDI-content"}},"wdio_ui5_key":"etmportal.ui.warehousemovements.view.ExecuteMovementsap.m.Button{\"text\":\"Items\"}"}]}
RESULT: {"script":"<script> [1562 bytes]","args":[{"selector":{"controlType":"sap.m.Button","viewName":"etm.portal.ui.warehousemovements.view.ExecuteMovement","viewId":"application-warehousemovements-display-component---executeMovement","properties":{"text":"Items"},"interaction":{"idSuffix":"BDI-content"}},"wdio_ui5_key":"etmportal.ui.warehousemovements.view.ExecuteMovementsap.m.Button{\"text\":\"Items\"}"}]}
RESULT: undefined
COMMAND: POST /session/5a60c8b5c70bea8172ebe4add6912aad/execute/async - {"script":"<script> [1562 bytes]","args":[{"selector":{"controlType":"sap.m.ToggleButton","viewName":"etm.portal.ui.warehousemovements.view.ExecuteMovement","viewId":"application-warehousemovements-display-component---executeMovement","bindingPath":{"propertyPath":"STATUS","modelName":"catalogModel"},"interaction":{"idSuffix":"BDI-content"}},"wdio_ui5_key":"etmportal.ui.warehousemovements.view.ExecuteMovementsap.m.ToggleButton{\"propertyPath\":\"STATUS\",\"modelName\":\"catalogModel\"}"}]}
RESULT: {"script":"<script> [1562 bytes]","args":[{"selector":{"controlType":"sap.m.ToggleButton","viewName":"etm.portal.ui.warehousemovements.view.ExecuteMovement","viewId":"application-warehousemovements-display-component---executeMovement","bindingPath":{"propertyPath":"STATUS","modelName":"catalogModel"},"interaction":{"idSuffix":"BDI-content"}},"wdio_ui5_key":"etmportal.ui.warehousemovements.view.ExecuteMovementsap.m.ToggleButton{\"propertyPath\":\"STATUS\",\"modelName\":\"catalogModel\"}"}]}
RESULT: undefined
RESULT: undefined
RESULT: undefined
COMMAND: POST /session/5a60c8b5c70bea8172ebe4add6912aad/execute/async - {"script":"<script> [1562 bytes]","args":[{"selector":{"id":"application-warehousemovements-display-component---executeMovement--executeId","interaction":{"idSuffix":"BDI-content"}},"wdio_ui5_key":"applicationwarehousemovements-display-component---executeMovement--executeId"}]}
RESULT: {"script":"<script> [1562 bytes]","args":[{"selector":{"id":"application-warehousemovements-display-component---executeMovement--executeId","interaction":{"idSuffix":"BDI-content"}},"wdio_ui5_key":"applicationwarehousemovements-display-component---executeMovement--executeId"}]}
RESULT: undefined
COMMAND: POST /session/5a60c8b5c70bea8172ebe4add6912aad/element - {"using":"css selector","value":"#shell-header-logo"}
RESULT: {"using":"css selector","value":"#shell-header-logo"}
COMMAND: POST /session/5a60c8b5c70bea8172ebe4add6912aad/element/f.6B59548A06B598AB2C6AF1A2C766605D.d.333D4A085A90E6546A93A9BD6BABEEED.e.10821/click - {}
RESULT: {}
COMMAND: GET /session/5a60c8b5c70bea8172ebe4add6912aad/screenshot - {}
RESULT: {}
RESULT: undefined
COMMAND: POST /session/5a60c8b5c70bea8172ebe4add6912aad/execute/async - {"script":"<script> [1562 bytes]","args":[{"selector":{"controlType":"sap.m.SearchField","viewName":"etm.portal.ui.managehandovers.view.MasterHO","bindingPath":{"propertyPath":"/_BASIC_SEARCH_FIELD","modelName":"fi1t3rM0d31"},"interaction":{"idSuffix":"I"}},"wdio_ui5_key":"etmportal.ui.managehandovers.view.MasterHOsap.m.SearchField{\"propertyPath\":\"/_BASIC_SEARCH_FIELD\",\"modelName\":\"fi1t3rM0d31\"}"}]}
RESULT: {"script":"<script> [1562 bytes]","args":[{"selector":{"controlType":"sap.m.SearchField","viewName":"etm.portal.ui.managehandovers.view.MasterHO","bindingPath":{"propertyPath":"/_BASIC_SEARCH_FIELD","modelName":"fi1t3rM0d31"},"interaction":{"idSuffix":"I"}},"wdio_ui5_key":"etmportal.ui.managehandovers.view.MasterHOsap.m.SearchField{\"propertyPath\":\"/_BASIC_SEARCH_FIELD\",\"modelName\":\"fi1t3rM0d31\"}"}]}
RESULT: undefined
COMMAND: POST /session/5a60c8b5c70bea8172ebe4add6912aad/actions - {"actions":[{"id":"action44","type":"key","parameters":{},"actions":[{"type":"keyDown","value":"î€‡"},{"type":"pause","duration":10},{"type":"keyUp","value":"î€‡"}]}]}
RESULT: {"actions":[{"id":"action44","type":"key","parameters":{},"actions":[{"type":"keyDown","value":"î€‡"},{"type":"pause","duration":10},{"type":"keyUp","value":"î€‡"}]}]}
COMMAND: GET /session/5a60c8b5c70bea8172ebe4add6912aad/screenshot - {}
RESULT: {}
COMMAND: POST /session/5a60c8b5c70bea8172ebe4add6912aad/execute/async - {"script":"<script> [1562 bytes]","args":[{"selector":{"controlType":"sap.ui.core.Icon","viewName":"etm.portal.ui.managehandovers.view.MasterHO","properties":{"src":{"regex":{"source":"slim\\-arrow\\-right"}}}},"wdio_ui5_key":"etmportal.ui.managehandovers.view.MasterHOsap.ui.core.Icon{\"src\":{\"regex\":{\"source\":\"slim\\\\-arrow\\\\-right\"}}}"}]}
RESULT: {"script":"<script> [1562 bytes]","args":[{"selector":{"controlType":"sap.ui.core.Icon","viewName":"etm.portal.ui.managehandovers.view.MasterHO","properties":{"src":{"regex":{"source":"slim\\-arrow\\-right"}}}},"wdio_ui5_key":"etmportal.ui.managehandovers.view.MasterHOsap.ui.core.Icon{\"src\":{\"regex\":{\"source\":\"slim\\\\-arrow\\\\-right\"}}}"}]}
RESULT: undefined
COMMAND: POST /session/5a60c8b5c70bea8172ebe4add6912aad/execute/async - {"script":"<script> [1562 bytes]","args":[{"selector":{"controlType":"sap.m.Button","viewName":"etm.portal.ui.managehandovers.view.DetailExecuteHO","i18NText":{"propertyName":"text","key":"confirmAll"},"interaction":{"idSuffix":"BDI-content"}},"wdio_ui5_key":"etmportal.ui.managehandovers.view.DetailExecuteHOsap.m.Button{\"propertyName\":\"text\",\"key\":\"confirmAll\"}"}]}
RESULT: {"script":"<script> [1562 bytes]","args":[{"selector":{"controlType":"sap.m.Button","viewName":"etm.portal.ui.managehandovers.view.DetailExecuteHO","i18NText":{"propertyName":"text","key":"confirmAll"},"interaction":{"idSuffix":"BDI-content"}},"wdio_ui5_key":"etmportal.ui.managehandovers.view.DetailExecuteHOsap.m.Button{\"propertyName\":\"text\",\"key\":\"confirmAll\"}"}]}
RESULT: undefined
COMMAND: POST /session/5a60c8b5c70bea8172ebe4add6912aad/actions - {"actions":[{"id":"action45","type":"key","parameters":{},"actions":[{"type":"keyDown","value":"î€‡"},{"type":"pause","duration":10},{"type":"keyUp","value":"î€‡"}]}]}
RESULT: {"actions":[{"id":"action45","type":"key","parameters":{},"actions":[{"type":"keyDown","value":"î€‡"},{"type":"pause","duration":10},{"type":"keyUp","value":"î€‡"}]}]}
COMMAND: GET /session/5a60c8b5c70bea8172ebe4add6912aad/screenshot - {}
RESULT: {}
COMMAND: POST /session/5a60c8b5c70bea8172ebe4add6912aad/execute/async - {"script":"<script> [1562 bytes]","args":[{"selector":{"id":"confirmationButton","viewName":"etm.portal.ui.managehandovers.view.DetailExecuteHO","properties":{"text":"Issue"},"interaction":{"idSuffix":"BDI-content"}},"wdio_ui5_key":"confirmationButtonetmportal.ui.managehandovers.view.DetailExecuteHO{\"text\":\"Issue\"}"}]}
RESULT: {"script":"<script> [1562 bytes]","args":[{"selector":{"id":"confirmationButton","viewName":"etm.portal.ui.managehandovers.view.DetailExecuteHO","properties":{"text":"Issue"},"interaction":{"idSuffix":"BDI-content"}},"wdio_ui5_key":"confirmationButtonetmportal.ui.managehandovers.view.DetailExecuteHO{\"text\":\"Issue\"}"}]}
RESULT: undefined
RESULT: undefined
COMMAND: POST /session/5a60c8b5c70bea8172ebe4add6912aad/actions - {"actions":[{"id":"action46","type":"key","parameters":{},"actions":[{"type":"keyDown","value":"î€‡"},{"type":"pause","duration":10},{"type":"keyUp","value":"î€‡"}]}]}
RESULT: {"actions":[{"id":"action46","type":"key","parameters":{},"actions":[{"type":"keyDown","value":"î€‡"},{"type":"pause","duration":10},{"type":"keyUp","value":"î€‡"}]}]}
COMMAND: GET /session/5a60c8b5c70bea8172ebe4add6912aad/screenshot - {}
RESULT: {}
RESULT: undefined
COMMAND: POST /session/5a60c8b5c70bea8172ebe4add6912aad/execute/async - {"script":"<script> [1562 bytes]","args":[{"selector":{"id":"instructionsTabFilter","viewName":"etm.portal.ui.managehandovers.view.DetailExecuteHO","interaction":{"idSuffix":"text"}},"wdio_ui5_key":"instructionsTabFilteretmportal.ui.managehandovers.view.DetailExecuteHO"}]}
RESULT: {"script":"<script> [1562 bytes]","args":[{"selector":{"id":"instructionsTabFilter","viewName":"etm.portal.ui.managehandovers.view.DetailExecuteHO","interaction":{"idSuffix":"text"}},"wdio_ui5_key":"instructionsTabFilteretmportal.ui.managehandovers.view.DetailExecuteHO"}]}
RESULT: undefined
RESULT: undefined
COMMAND: POST /session/5a60c8b5c70bea8172ebe4add6912aad/execute/async - {"script":"<script> [1562 bytes]","args":[{"selector":{"controlType":"sap.m.ComboBox","viewName":"etm.portal.ui.managehandovers.view.DetailExecuteHO","bindingPath":{"propertyPath":"RECEIVING_SECTION","modelName":"catalogModel"},"interaction":{"idSuffix":"inner"}},"wdio_ui5_key":"etmportal.ui.managehandovers.view.DetailExecuteHOsap.m.ComboBox{\"propertyPath\":\"RECEIVING_SECTION\",\"modelName\":\"catalogModel\"}"}]}
RESULT: {"script":"<script> [1562 bytes]","args":[{"selector":{"controlType":"sap.m.ComboBox","viewName":"etm.portal.ui.managehandovers.view.DetailExecuteHO","bindingPath":{"propertyPath":"RECEIVING_SECTION","modelName":"catalogModel"},"interaction":{"idSuffix":"inner"}},"wdio_ui5_key":"etmportal.ui.managehandovers.view.DetailExecuteHOsap.m.ComboBox{\"propertyPath\":\"RECEIVING_SECTION\",\"modelName\":\"catalogModel\"}"}]}
RESULT: undefined
COMMAND: POST /session/5a60c8b5c70bea8172ebe4add6912aad/actions - {"actions":[{"id":"action47","type":"key","parameters":{},"actions":[{"type":"keyDown","value":"î€‡"},{"type":"pause","duration":10},{"type":"keyUp","value":"î€‡"}]}]}
RESULT: {"actions":[{"id":"action47","type":"key","parameters":{},"actions":[{"type":"keyDown","value":"î€‡"},{"type":"pause","duration":10},{"type":"keyUp","value":"î€‡"}]}]}
COMMAND: GET /session/5a60c8b5c70bea8172ebe4add6912aad/screenshot - {}
RESULT: {}
COMMAND: POST /session/5a60c8b5c70bea8172ebe4add6912aad/execute/async - {"script":"<script> [1562 bytes]","args":[{"selector":{"id":"confirmationButton","viewName":"etm.portal.ui.managehandovers.view.DetailExecuteHO","properties":{"text":"Receive"},"interaction":{"idSuffix":"BDI-content"}},"wdio_ui5_key":"confirmationButtonetmportal.ui.managehandovers.view.DetailExecuteHO{\"text\":\"Receive\"}"}]}
RESULT: {"script":"<script> [1562 bytes]","args":[{"selector":{"id":"confirmationButton","viewName":"etm.portal.ui.managehandovers.view.DetailExecuteHO","properties":{"text":"Receive"},"interaction":{"idSuffix":"BDI-content"}},"wdio_ui5_key":"confirmationButtonetmportal.ui.managehandovers.view.DetailExecuteHO{\"text\":\"Receive\"}"}]}
RESULT: undefined
COMMAND: POST /session/5a60c8b5c70bea8172ebe4add6912aad/execute/async - {"script":"<script> [1562 bytes]","args":[{"selector":{"controlType":"sap.m.Button","properties":{"text":"Continue"},"searchOpenDialogs":true,"interaction":{"idSuffix":"content"}},"wdio_ui5_key":"sapm.Button{\"text\":\"Continue\"}"}]}
RESULT: {"script":"<script> [1562 bytes]","args":[{"selector":{"controlType":"sap.m.Button","properties":{"text":"Continue"},"searchOpenDialogs":true,"interaction":{"idSuffix":"content"}},"wdio_ui5_key":"sapm.Button{\"text\":\"Continue\"}"}]}
RESULT: undefined
]]></system-out>
    </testcase>
    <testcase classname="chrome.135_0_7049_115.windows.Provide_to_Site_w/o_warehouse_management_w_clarification" name="Should test for Clarification" time="26.97">
      <system-out><![CDATA[
RESULT: undefined
RESULT: undefined
COMMAND: POST /session/5a60c8b5c70bea8172ebe4add6912aad/actions - {"actions":[{"id":"action48","type":"key","parameters":{},"actions":[{"type":"keyDown","value":"î€‡"},{"type":"pause","duration":10},{"type":"keyUp","value":"î€‡"}]}]}
RESULT: {"actions":[{"id":"action48","type":"key","parameters":{},"actions":[{"type":"keyDown","value":"î€‡"},{"type":"pause","duration":10},{"type":"keyUp","value":"î€‡"}]}]}
COMMAND: GET /session/5a60c8b5c70bea8172ebe4add6912aad/screenshot - {}
RESULT: {}
RESULT: undefined
RESULT: undefined
RESULT: undefined
COMMAND: POST /session/5a60c8b5c70bea8172ebe4add6912aad/execute/async - {"script":"<script> [1562 bytes]","args":[{"selector":{"controlType":"sap.m.ToggleButton","viewName":"etm.portal.ui.managehandovers.view.DetailExecuteHO","i18NText":{"propertyName":"text","key":"refuse"},"interaction":{"idSuffix":"BDI-content"}},"wdio_ui5_key":"etmportal.ui.managehandovers.view.DetailExecuteHOsap.m.ToggleButton{\"propertyName\":\"text\",\"key\":\"refuse\"}"}]}
RESULT: {"script":"<script> [1562 bytes]","args":[{"selector":{"controlType":"sap.m.ToggleButton","viewName":"etm.portal.ui.managehandovers.view.DetailExecuteHO","i18NText":{"propertyName":"text","key":"refuse"},"interaction":{"idSuffix":"BDI-content"}},"wdio_ui5_key":"etmportal.ui.managehandovers.view.DetailExecuteHOsap.m.ToggleButton{\"propertyName\":\"text\",\"key\":\"refuse\"}"}]}
RESULT: undefined
COMMAND: POST /session/5a60c8b5c70bea8172ebe4add6912aad/execute/async - {"script":"<script> [1562 bytes]","args":[{"selector":{"id":"confirmationButton","viewName":"etm.portal.ui.managehandovers.view.DetailExecuteHO","interaction":{"idSuffix":"BDI-content"},"properties":{"text":"Receive / Refuse"}},"wdio_ui5_key":"confirmationButtonetmportal.ui.managehandovers.view.DetailExecuteHO{\"text\":\"Receive / Refuse\"}"}]}
RESULT: {"script":"<script> [1562 bytes]","args":[{"selector":{"id":"confirmationButton","viewName":"etm.portal.ui.managehandovers.view.DetailExecuteHO","interaction":{"idSuffix":"BDI-content"},"properties":{"text":"Receive / Refuse"}},"wdio_ui5_key":"confirmationButtonetmportal.ui.managehandovers.view.DetailExecuteHO{\"text\":\"Receive / Refuse\"}"}]}
RESULT: undefined
COMMAND: POST /session/5a60c8b5c70bea8172ebe4add6912aad/element - {"using":"css selector","value":"#j_username"}
COMMAND: POST /session/5a60c8b5c70bea8172ebe4add6912aad/url - {"url":"https://qa-testing-00-live-etm-ui.cfapps.eu10-004.hana.ondemand.com/"}
COMMAND: GET /session/5a60c8b5c70bea8172ebe4add6912aad/screenshot - {}
RESULT: {"using":"css selector","value":"#j_username"}
COMMAND: POST /session/5a60c8b5c70bea8172ebe4add6912aad/element - {"using":"css selector","value":"#j_username"}
RESULT: {"url":"https://qa-testing-00-live-etm-ui.cfapps.eu10-004.hana.ondemand.com/"}
RESULT: undefined
COMMAND: GET /session/5a60c8b5c70bea8172ebe4add6912aad/screenshot - {}
RESULT: {}
RESULT: {"using":"css selector","value":"#j_username"}
COMMAND: POST /session/5a60c8b5c70bea8172ebe4add6912aad/element - {"using":"css selector","value":"#shell-header-logo"}
RESULT: {}
RESULT: {"using":"css selector","value":"#shell-header-logo"}
COMMAND: POST /session/5a60c8b5c70bea8172ebe4add6912aad/execute/sync - {"script":"<script> [8489 bytes]","args":[{"element-6066-11e4-a52e-4f735466cecf":"f.6B59548A06B598AB2C6AF1A2C766605D.d.2DEEB831FE47A634C2EF03FCC370BBCA.e.11719","ELEMENT":"f.6B59548A06B598AB2C6AF1A2C766605D.d.2DEEB831FE47A634C2EF03FCC370BBCA.e.11719"}]}
RESULT: {"script":"<script> [8489 bytes]","args":[{"element-6066-11e4-a52e-4f735466cecf":"f.6B59548A06B598AB2C6AF1A2C766605D.d.2DEEB831FE47A634C2EF03FCC370BBCA.e.11719","ELEMENT":"f.6B59548A06B598AB2C6AF1A2C766605D.d.2DEEB831FE47A634C2EF03FCC370BBCA.e.11719"}]}
COMMAND: POST /session/5a60c8b5c70bea8172ebe4add6912aad/element - {"using":"css selector","value":"#shell-header-logo"}
COMMAND: GET /session/5a60c8b5c70bea8172ebe4add6912aad/screenshot - {}
RESULT: {"using":"css selector","value":"#shell-header-logo"}
COMMAND: POST /session/5a60c8b5c70bea8172ebe4add6912aad/execute/sync - {"script":"<script> [8489 bytes]","args":[{"element-6066-11e4-a52e-4f735466cecf":"f.6B59548A06B598AB2C6AF1A2C766605D.d.2DEEB831FE47A634C2EF03FCC370BBCA.e.11719","ELEMENT":"f.6B59548A06B598AB2C6AF1A2C766605D.d.2DEEB831FE47A634C2EF03FCC370BBCA.e.11719"}]}
RESULT: {}
RESULT: {"script":"<script> [8489 bytes]","args":[{"element-6066-11e4-a52e-4f735466cecf":"f.6B59548A06B598AB2C6AF1A2C766605D.d.2DEEB831FE47A634C2EF03FCC370BBCA.e.11719","ELEMENT":"f.6B59548A06B598AB2C6AF1A2C766605D.d.2DEEB831FE47A634C2EF03FCC370BBCA.e.11719"}]}
COMMAND: POST /session/5a60c8b5c70bea8172ebe4add6912aad/execute/sync - {"script":"<script> [5351 bytes]","args":[{"element-6066-11e4-a52e-4f735466cecf":"f.6B59548A06B598AB2C6AF1A2C766605D.d.2DEEB831FE47A634C2EF03FCC370BBCA.e.11719","ELEMENT":"f.6B59548A06B598AB2C6AF1A2C766605D.d.2DEEB831FE47A634C2EF03FCC370BBCA.e.11719"}]}
COMMAND: GET /session/5a60c8b5c70bea8172ebe4add6912aad/screenshot - {}
RESULT: {}
RESULT: {"script":"<script> [5351 bytes]","args":[{"element-6066-11e4-a52e-4f735466cecf":"f.6B59548A06B598AB2C6AF1A2C766605D.d.2DEEB831FE47A634C2EF03FCC370BBCA.e.11719","ELEMENT":"f.6B59548A06B598AB2C6AF1A2C766605D.d.2DEEB831FE47A634C2EF03FCC370BBCA.e.11719"}]}
COMMAND: POST /session/5a60c8b5c70bea8172ebe4add6912aad/element - {"using":"css selector","value":"#shell-header-logo"}
COMMAND: GET /session/5a60c8b5c70bea8172ebe4add6912aad/screenshot - {}
RESULT: {"using":"css selector","value":"#shell-header-logo"}
COMMAND: POST /session/5a60c8b5c70bea8172ebe4add6912aad/element/f.6B59548A06B598AB2C6AF1A2C766605D.d.2DEEB831FE47A634C2EF03FCC370BBCA.e.11719/click - {}
RESULT: {}
RESULT: {}
COMMAND: GET /session/5a60c8b5c70bea8172ebe4add6912aad/screenshot - {}
RESULT: {}
COMMAND: POST /session/5a60c8b5c70bea8172ebe4add6912aad/execute/async - {"script":"<script> [189 bytes]","args":[]}
RESULT: {"script":"<script> [189 bytes]","args":[]}
COMMAND: POST /session/5a60c8b5c70bea8172ebe4add6912aad/execute/async - {"script":"<script> [123 bytes]","args":[]}
RESULT: {"script":"<script> [123 bytes]","args":[]}
COMMAND: POST /session/5a60c8b5c70bea8172ebe4add6912aad/timeouts - {"script":"<number>"}
RESULT: {"script":"<number>"}
COMMAND: GET /session/5a60c8b5c70bea8172ebe4add6912aad/timeouts - {}
RESULT: {}
RESULT: undefined
COMMAND: POST /session/5a60c8b5c70bea8172ebe4add6912aad/execute/async - {"script":"<script> [2676 bytes]","args":[]}
RESULT: {"script":"<script> [2676 bytes]","args":[]}
COMMAND: POST /session/5a60c8b5c70bea8172ebe4add6912aad/execute/async - {"script":"<script> [2342 bytes]","args":[{"protocol":"http","hostname":"0.0.0.0","path":"/","capabilities":{"browserName":"chrome","goog:chromeOptions":{"binary":"C:\\Program Files\\Google\\Chrome\\Application\\chrome.exe","args":["--start-maximized"]}},"logLevel":"warn","connectionRetryTimeout":120000,"connectionRetryCount":3,"logLevels":{},"enableDirectConnect":true,"strictSSL":true,"_":"65 more keys: [\"cacheDir\",\"port\",\"requestedCapabilities\",\"automationProtocol\",\"baseUrl\",\"waitforInterval\",\"waitforTimeout\",\"onReload\",\"beforeCommand\",\"afterCommand\",\"rootDir\",\"specs\",\"suites\",\"exclude\",\"groupLogsByTestSpec\",\"excludeDriverLogs\",\"bail\",\"framework\",\"reporters\",\"services\",\"maxInstances\",\"maxInstancesPerCapability\",\"injectGlobals\",\"filesToWatch\",\"execArgv\",\"runnerEnv\",\"runner\",\"shard\",\"specFileRetries\",\"specFileRetriesDelay\",\"specFileRetriesDeferred\",\"reporterSyncInterval\",\"reporterSyncTimeout\",\"cucumberFeaturesWithLineNumbers\",\"autoCompileOpts\",\"mochaOpts\",\"jasmineOpts\",\"cucumberOpts\",\"onPrepare\",\"onWorkerStart\",\"onWorkerEnd\",\"before\",\"beforeSession\",\"beforeSuite\",\"beforeHook\",\"beforeTest\",\"afterTest\",\"afterHook\",\"afterSuite\",\"afterSession\",\"after\",\"onComplete\",\"beforeAssertion\",\"afterAssertion\",\"beforeFeature\",\"beforeScenario\",\"beforeStep\",\"afterStep\",\"afterScenario\",\"afterFeature\",\"_\",\"suite\",\"$0\",\"ignoredWorkerServices\",\"wdi5\"]"}]}
RESULT: {"script":"<script> [2342 bytes]","args":[{"protocol":"http","hostname":"0.0.0.0","path":"/","capabilities":{"browserName":"chrome","goog:chromeOptions":{"binary":"C:\\Program Files\\Google\\Chrome\\Application\\chrome.exe","args":["--start-maximized"]}},"logLevel":"warn","connectionRetryTimeout":120000,"connectionRetryCount":3,"logLevels":{},"enableDirectConnect":true,"strictSSL":true,"_":"65 more keys: [\"cacheDir\",\"port\",\"requestedCapabilities\",\"automationProtocol\",\"baseUrl\",\"waitforInterval\",\"waitforTimeout\",\"onReload\",\"beforeCommand\",\"afterCommand\",\"rootDir\",\"specs\",\"suites\",\"exclude\",\"groupLogsByTestSpec\",\"excludeDriverLogs\",\"bail\",\"framework\",\"reporters\",\"services\",\"maxInstances\",\"maxInstancesPerCapability\",\"injectGlobals\",\"filesToWatch\",\"execArgv\",\"runnerEnv\",\"runner\",\"shard\",\"specFileRetries\",\"specFileRetriesDelay\",\"specFileRetriesDeferred\",\"reporterSyncInterval\",\"reporterSyncTimeout\",\"cucumberFeaturesWithLineNumbers\",\"autoCompileOpts\",\"mochaOpts\",\"jasmineOpts\",\"cucumberOpts\",\"onPrepare\",\"onWorkerStart\",\"onWorkerEnd\",\"before\",\"beforeSession\",\"beforeSuite\",\"beforeHook\",\"beforeTest\",\"afterTest\",\"afterHook\",\"afterSuite\",\"afterSession\",\"after\",\"onComplete\",\"beforeAssertion\",\"afterAssertion\",\"beforeFeature\",\"beforeScenario\",\"beforeStep\",\"afterStep\",\"afterScenario\",\"afterFeature\",\"_\",\"suite\",\"$0\",\"ignoredWorkerServices\",\"wdi5\"]"}]}
COMMAND: POST /session/5a60c8b5c70bea8172ebe4add6912aad/execute/async - {"script":"<script> [21126 bytes]","args":[35000]}
RESULT: {"script":"<script> [21126 bytes]","args":[35000]}
COMMAND: POST /session/5a60c8b5c70bea8172ebe4add6912aad/window/maximize - {}
RESULT: {}
COMMAND: POST /session/5a60c8b5c70bea8172ebe4add6912aad/execute/async - {"script":"<script> [1562 bytes]","args":[{"selector":{"id":"shell-header","interaction":{"idSuffix":"icon"}},"wdio_ui5_key":"shellheader"}]}
COMMAND: GET /session/5a60c8b5c70bea8172ebe4add6912aad/screenshot - {}
RESULT: {"script":"<script> [1562 bytes]","args":[{"selector":{"id":"shell-header","interaction":{"idSuffix":"icon"}},"wdio_ui5_key":"shellheader"}]}
RESULT: undefined
COMMAND: POST /session/5a60c8b5c70bea8172ebe4add6912aad/refresh - {}
RESULT: {}
RESULT: {}
COMMAND: GET /session/5a60c8b5c70bea8172ebe4add6912aad/screenshot - {}
RESULT: {}
COMMAND: POST /session/5a60c8b5c70bea8172ebe4add6912aad/refresh - {}
RESULT: {}
COMMAND: GET /session/5a60c8b5c70bea8172ebe4add6912aad/screenshot - {}
RESULT: {}
COMMAND: POST /session/5a60c8b5c70bea8172ebe4add6912aad/window/fullscreen - {}
RESULT: {}
COMMAND: POST /session/5a60c8b5c70bea8172ebe4add6912aad/execute/async - {"script":"<script> [189 bytes]","args":[]}
RESULT: {"script":"<script> [189 bytes]","args":[]}
COMMAND: POST /session/5a60c8b5c70bea8172ebe4add6912aad/execute/async - {"script":"<script> [123 bytes]","args":[]}
RESULT: {"script":"<script> [123 bytes]","args":[]}
COMMAND: POST /session/5a60c8b5c70bea8172ebe4add6912aad/timeouts - {"script":"<number>"}
RESULT: {"script":"<number>"}
COMMAND: GET /session/5a60c8b5c70bea8172ebe4add6912aad/timeouts - {}
RESULT: {}
RESULT: undefined
COMMAND: POST /session/5a60c8b5c70bea8172ebe4add6912aad/execute/async - {"script":"<script> [2676 bytes]","args":[]}
RESULT: {"script":"<script> [2676 bytes]","args":[]}
COMMAND: POST /session/5a60c8b5c70bea8172ebe4add6912aad/execute/async - {"script":"<script> [2342 bytes]","args":[{"protocol":"http","hostname":"0.0.0.0","path":"/","capabilities":{"browserName":"chrome","goog:chromeOptions":{"binary":"C:\\Program Files\\Google\\Chrome\\Application\\chrome.exe","args":["--start-maximized"]}},"logLevel":"warn","connectionRetryTimeout":120000,"connectionRetryCount":3,"logLevels":{},"enableDirectConnect":true,"strictSSL":true,"_":"65 more keys: [\"cacheDir\",\"port\",\"requestedCapabilities\",\"automationProtocol\",\"baseUrl\",\"waitforInterval\",\"waitforTimeout\",\"onReload\",\"beforeCommand\",\"afterCommand\",\"rootDir\",\"specs\",\"suites\",\"exclude\",\"groupLogsByTestSpec\",\"excludeDriverLogs\",\"bail\",\"framework\",\"reporters\",\"services\",\"maxInstances\",\"maxInstancesPerCapability\",\"injectGlobals\",\"filesToWatch\",\"execArgv\",\"runnerEnv\",\"runner\",\"shard\",\"specFileRetries\",\"specFileRetriesDelay\",\"specFileRetriesDeferred\",\"reporterSyncInterval\",\"reporterSyncTimeout\",\"cucumberFeaturesWithLineNumbers\",\"autoCompileOpts\",\"mochaOpts\",\"jasmineOpts\",\"cucumberOpts\",\"onPrepare\",\"onWorkerStart\",\"onWorkerEnd\",\"before\",\"beforeSession\",\"beforeSuite\",\"beforeHook\",\"beforeTest\",\"afterTest\",\"afterHook\",\"afterSuite\",\"afterSession\",\"after\",\"onComplete\",\"beforeAssertion\",\"afterAssertion\",\"beforeFeature\",\"beforeScenario\",\"beforeStep\",\"afterStep\",\"afterScenario\",\"afterFeature\",\"_\",\"suite\",\"$0\",\"ignoredWorkerServices\",\"wdi5\"]"}]}
RESULT: {"script":"<script> [2342 bytes]","args":[{"protocol":"http","hostname":"0.0.0.0","path":"/","capabilities":{"browserName":"chrome","goog:chromeOptions":{"binary":"C:\\Program Files\\Google\\Chrome\\Application\\chrome.exe","args":["--start-maximized"]}},"logLevel":"warn","connectionRetryTimeout":120000,"connectionRetryCount":3,"logLevels":{},"enableDirectConnect":true,"strictSSL":true,"_":"65 more keys: [\"cacheDir\",\"port\",\"requestedCapabilities\",\"automationProtocol\",\"baseUrl\",\"waitforInterval\",\"waitforTimeout\",\"onReload\",\"beforeCommand\",\"afterCommand\",\"rootDir\",\"specs\",\"suites\",\"exclude\",\"groupLogsByTestSpec\",\"excludeDriverLogs\",\"bail\",\"framework\",\"reporters\",\"services\",\"maxInstances\",\"maxInstancesPerCapability\",\"injectGlobals\",\"filesToWatch\",\"execArgv\",\"runnerEnv\",\"runner\",\"shard\",\"specFileRetries\",\"specFileRetriesDelay\",\"specFileRetriesDeferred\",\"reporterSyncInterval\",\"reporterSyncTimeout\",\"cucumberFeaturesWithLineNumbers\",\"autoCompileOpts\",\"mochaOpts\",\"jasmineOpts\",\"cucumberOpts\",\"onPrepare\",\"onWorkerStart\",\"onWorkerEnd\",\"before\",\"beforeSession\",\"beforeSuite\",\"beforeHook\",\"beforeTest\",\"afterTest\",\"afterHook\",\"afterSuite\",\"afterSession\",\"after\",\"onComplete\",\"beforeAssertion\",\"afterAssertion\",\"beforeFeature\",\"beforeScenario\",\"beforeStep\",\"afterStep\",\"afterScenario\",\"afterFeature\",\"_\",\"suite\",\"$0\",\"ignoredWorkerServices\",\"wdi5\"]"}]}
COMMAND: POST /session/5a60c8b5c70bea8172ebe4add6912aad/execute/async - {"script":"<script> [21126 bytes]","args":[35000]}
RESULT: {"script":"<script> [21126 bytes]","args":[35000]}
]]></system-out>
    </testcase>
  </testsuite>
  <testsuite timestamp="2025-05-07T17:15:20" time="321.567" tests="4" failures="4" errors="4" skipped="0">
    <properties>
      <property name="specId" value="0" />
      <property name="suiteName" value="Provide to Site w/o warehouse management w/o clarification US116612" />
      <property name="capabilities" value="chrome.135_0_7049_115.windows" />
      <property name="file" value="file:///D:/a/1/s/test/specs/HTR/provide-to-site-wo-warehouse-wo-clarification.spec.js" />
    </properties>
  </testsuite>
  <testsuite timestamp="2025-05-07T17:20:42" time="429.681" tests="5" failures="4" errors="4" skipped="0">
    <properties>
      <property name="specId" value="0" />
      <property name="suiteName" value="Provide to Site w/o warehouse management wo clarification" />
      <property name="capabilities" value="chrome.135_0_7049_115.windows" />
      <property name="file" value="file:///D:/a/1/s/test/specs/HTR/provide-to-site-wo-warehouse-wo-clarification.spec.js" />
    </properties>
    <testcase classname="chrome.135_0_7049_115.windows.Provide_to_Site_w/o_warehouse_management_wo_clarification" name="Should Test for Handover Execution" time="168.92">
      <system-out><![CDATA[
COMMAND: POST /session/5a60c8b5c70bea8172ebe4add6912aad/element - {"using":"xpath","value":"//*[text()='false']"}
COMMAND: GET /session/5a60c8b5c70bea8172ebe4add6912aad/screenshot - {}
RESULT: {"using":"xpath","value":"//*[text()='false']"}
COMMAND: POST /session/5a60c8b5c70bea8172ebe4add6912aad/elements - {"using":"xpath","value":"//*[text()='false']"}
RESULT: {}
RESULT: {"using":"xpath","value":"//*[text()='false']"}
COMMAND: POST /session/5a60c8b5c70bea8172ebe4add6912aad/elements - {"using":"xpath","value":"//*[text()='false']"}
RESULT: {"using":"xpath","value":"//*[text()='false']"}
COMMAND: POST /session/5a60c8b5c70bea8172ebe4add6912aad/elements - {"using":"xpath","value":"//*[text()='false']"}
RESULT: {"using":"xpath","value":"//*[text()='false']"}
COMMAND: POST /session/5a60c8b5c70bea8172ebe4add6912aad/elements - {"using":"xpath","value":"//*[text()='false']"}
RESULT: {"using":"xpath","value":"//*[text()='false']"}
COMMAND: POST /session/5a60c8b5c70bea8172ebe4add6912aad/elements - {"using":"xpath","value":"//*[text()='false']"}
RESULT: {"using":"xpath","value":"//*[text()='false']"}
COMMAND: POST /session/5a60c8b5c70bea8172ebe4add6912aad/elements - {"using":"xpath","value":"//*[text()='false']"}
RESULT: {"using":"xpath","value":"//*[text()='false']"}
COMMAND: POST /session/5a60c8b5c70bea8172ebe4add6912aad/elements - {"using":"xpath","value":"//*[text()='false']"}
RESULT: {"using":"xpath","value":"//*[text()='false']"}
COMMAND: POST /session/5a60c8b5c70bea8172ebe4add6912aad/elements - {"using":"xpath","value":"//*[text()='false']"}
RESULT: {"using":"xpath","value":"//*[text()='false']"}
COMMAND: POST /session/5a60c8b5c70bea8172ebe4add6912aad/elements - {"using":"xpath","value":"//*[text()='false']"}
RESULT: {"using":"xpath","value":"//*[text()='false']"}
COMMAND: POST /session/5a60c8b5c70bea8172ebe4add6912aad/elements - {"using":"xpath","value":"//*[text()='false']"}
RESULT: {"using":"xpath","value":"//*[text()='false']"}
COMMAND: POST /session/5a60c8b5c70bea8172ebe4add6912aad/elements - {"using":"xpath","value":"//*[text()='false']"}
RESULT: {"using":"xpath","value":"//*[text()='false']"}
COMMAND: POST /session/5a60c8b5c70bea8172ebe4add6912aad/elements - {"using":"xpath","value":"//*[text()='false']"}
RESULT: {"using":"xpath","value":"//*[text()='false']"}
COMMAND: POST /session/5a60c8b5c70bea8172ebe4add6912aad/elements - {"using":"xpath","value":"//*[text()='false']"}
RESULT: {"using":"xpath","value":"//*[text()='false']"}
COMMAND: POST /session/5a60c8b5c70bea8172ebe4add6912aad/elements - {"using":"xpath","value":"//*[text()='false']"}
RESULT: {"using":"xpath","value":"//*[text()='false']"}
COMMAND: POST /session/5a60c8b5c70bea8172ebe4add6912aad/elements - {"using":"xpath","value":"//*[text()='false']"}
RESULT: {"using":"xpath","value":"//*[text()='false']"}
COMMAND: POST /session/5a60c8b5c70bea8172ebe4add6912aad/elements - {"using":"xpath","value":"//*[text()='false']"}
RESULT: {"using":"xpath","value":"//*[text()='false']"}
COMMAND: POST /session/5a60c8b5c70bea8172ebe4add6912aad/elements - {"using":"xpath","value":"//*[text()='false']"}
RESULT: {"using":"xpath","value":"//*[text()='false']"}
COMMAND: POST /session/5a60c8b5c70bea8172ebe4add6912aad/elements - {"using":"xpath","value":"//*[text()='false']"}
RESULT: {"using":"xpath","value":"//*[text()='false']"}
COMMAND: POST /session/5a60c8b5c70bea8172ebe4add6912aad/elements - {"using":"xpath","value":"//*[text()='false']"}
RESULT: {"using":"xpath","value":"//*[text()='false']"}
COMMAND: POST /session/5a60c8b5c70bea8172ebe4add6912aad/elements - {"using":"xpath","value":"//*[text()='false']"}
RESULT: {"using":"xpath","value":"//*[text()='false']"}
COMMAND: POST /session/5a60c8b5c70bea8172ebe4add6912aad/elements - {"using":"xpath","value":"//*[text()='false']"}
RESULT: {"using":"xpath","value":"//*[text()='false']"}
COMMAND: POST /session/5a60c8b5c70bea8172ebe4add6912aad/elements - {"using":"xpath","value":"//*[text()='false']"}
RESULT: {"using":"xpath","value":"//*[text()='false']"}
COMMAND: POST /session/5a60c8b5c70bea8172ebe4add6912aad/elements - {"using":"xpath","value":"//*[text()='false']"}
RESULT: {"using":"xpath","value":"//*[text()='false']"}
COMMAND: POST /session/5a60c8b5c70bea8172ebe4add6912aad/elements - {"using":"xpath","value":"//*[text()='false']"}
RESULT: {"using":"xpath","value":"//*[text()='false']"}
COMMAND: POST /session/5a60c8b5c70bea8172ebe4add6912aad/elements - {"using":"xpath","value":"//*[text()='false']"}
RESULT: {"using":"xpath","value":"//*[text()='false']"}
COMMAND: POST /session/5a60c8b5c70bea8172ebe4add6912aad/elements - {"using":"xpath","value":"//*[text()='false']"}
RESULT: {"using":"xpath","value":"//*[text()='false']"}
COMMAND: POST /session/5a60c8b5c70bea8172ebe4add6912aad/elements - {"using":"xpath","value":"//*[text()='false']"}
RESULT: {"using":"xpath","value":"//*[text()='false']"}
COMMAND: POST /session/5a60c8b5c70bea8172ebe4add6912aad/elements - {"using":"xpath","value":"//*[text()='false']"}
RESULT: {"using":"xpath","value":"//*[text()='false']"}
COMMAND: POST /session/5a60c8b5c70bea8172ebe4add6912aad/elements - {"using":"xpath","value":"//*[text()='false']"}
RESULT: {"using":"xpath","value":"//*[text()='false']"}
COMMAND: POST /session/5a60c8b5c70bea8172ebe4add6912aad/elements - {"using":"xpath","value":"//*[text()='false']"}
RESULT: {"using":"xpath","value":"//*[text()='false']"}
COMMAND: POST /session/5a60c8b5c70bea8172ebe4add6912aad/elements - {"using":"xpath","value":"//*[text()='false']"}
RESULT: {"using":"xpath","value":"//*[text()='false']"}
COMMAND: POST /session/5a60c8b5c70bea8172ebe4add6912aad/elements - {"using":"xpath","value":"//*[text()='false']"}
RESULT: {"using":"xpath","value":"//*[text()='false']"}
COMMAND: POST /session/5a60c8b5c70bea8172ebe4add6912aad/elements - {"using":"xpath","value":"//*[text()='false']"}
RESULT: {"using":"xpath","value":"//*[text()='false']"}
COMMAND: POST /session/5a60c8b5c70bea8172ebe4add6912aad/elements - {"using":"xpath","value":"//*[text()='false']"}
RESULT: {"using":"xpath","value":"//*[text()='false']"}
COMMAND: POST /session/5a60c8b5c70bea8172ebe4add6912aad/elements - {"using":"xpath","value":"//*[text()='false']"}
RESULT: {"using":"xpath","value":"//*[text()='false']"}
COMMAND: POST /session/5a60c8b5c70bea8172ebe4add6912aad/elements - {"using":"xpath","value":"//*[text()='false']"}
RESULT: {"using":"xpath","value":"//*[text()='false']"}
COMMAND: POST /session/5a60c8b5c70bea8172ebe4add6912aad/elements - {"using":"xpath","value":"//*[text()='false']"}
RESULT: {"using":"xpath","value":"//*[text()='false']"}
COMMAND: POST /session/5a60c8b5c70bea8172ebe4add6912aad/elements - {"using":"xpath","value":"//*[text()='false']"}
RESULT: {"using":"xpath","value":"//*[text()='false']"}
COMMAND: POST /session/5a60c8b5c70bea8172ebe4add6912aad/elements - {"using":"xpath","value":"//*[text()='false']"}
RESULT: {"using":"xpath","value":"//*[text()='false']"}
COMMAND: POST /session/5a60c8b5c70bea8172ebe4add6912aad/elements - {"using":"xpath","value":"//*[text()='false']"}
RESULT: {"using":"xpath","value":"//*[text()='false']"}
COMMAND: POST /session/5a60c8b5c70bea8172ebe4add6912aad/elements - {"using":"xpath","value":"//*[text()='false']"}
RESULT: {"using":"xpath","value":"//*[text()='false']"}
COMMAND: POST /session/5a60c8b5c70bea8172ebe4add6912aad/elements - {"using":"xpath","value":"//*[text()='false']"}
RESULT: {"using":"xpath","value":"//*[text()='false']"}
COMMAND: POST /session/5a60c8b5c70bea8172ebe4add6912aad/elements - {"using":"xpath","value":"//*[text()='false']"}
RESULT: {"using":"xpath","value":"//*[text()='false']"}
COMMAND: POST /session/5a60c8b5c70bea8172ebe4add6912aad/elements - {"using":"xpath","value":"//*[text()='false']"}
RESULT: {"using":"xpath","value":"//*[text()='false']"}
COMMAND: POST /session/5a60c8b5c70bea8172ebe4add6912aad/elements - {"using":"xpath","value":"//*[text()='false']"}
RESULT: {"using":"xpath","value":"//*[text()='false']"}
COMMAND: POST /session/5a60c8b5c70bea8172ebe4add6912aad/elements - {"using":"xpath","value":"//*[text()='false']"}
RESULT: {"using":"xpath","value":"//*[text()='false']"}
COMMAND: POST /session/5a60c8b5c70bea8172ebe4add6912aad/elements - {"using":"xpath","value":"//*[text()='false']"}
RESULT: {"using":"xpath","value":"//*[text()='false']"}
COMMAND: POST /session/5a60c8b5c70bea8172ebe4add6912aad/elements - {"using":"xpath","value":"//*[text()='false']"}
RESULT: {"using":"xpath","value":"//*[text()='false']"}
COMMAND: POST /session/5a60c8b5c70bea8172ebe4add6912aad/elements - {"using":"xpath","value":"//*[text()='false']"}
RESULT: {"using":"xpath","value":"//*[text()='false']"}
COMMAND: POST /session/5a60c8b5c70bea8172ebe4add6912aad/elements - {"using":"xpath","value":"//*[text()='false']"}
RESULT: {"using":"xpath","value":"//*[text()='false']"}
COMMAND: POST /session/5a60c8b5c70bea8172ebe4add6912aad/elements - {"using":"xpath","value":"//*[text()='false']"}
RESULT: {"using":"xpath","value":"//*[text()='false']"}
COMMAND: POST /session/5a60c8b5c70bea8172ebe4add6912aad/elements - {"using":"xpath","value":"//*[text()='false']"}
RESULT: {"using":"xpath","value":"//*[text()='false']"}
COMMAND: POST /session/5a60c8b5c70bea8172ebe4add6912aad/elements - {"using":"xpath","value":"//*[text()='false']"}
RESULT: {"using":"xpath","value":"//*[text()='false']"}
COMMAND: POST /session/5a60c8b5c70bea8172ebe4add6912aad/elements - {"using":"xpath","value":"//*[text()='false']"}
RESULT: {"using":"xpath","value":"//*[text()='false']"}
COMMAND: POST /session/5a60c8b5c70bea8172ebe4add6912aad/elements - {"using":"xpath","value":"//*[text()='false']"}
RESULT: {"using":"xpath","value":"//*[text()='false']"}
COMMAND: POST /session/5a60c8b5c70bea8172ebe4add6912aad/elements - {"using":"xpath","value":"//*[text()='false']"}
RESULT: {"using":"xpath","value":"//*[text()='false']"}
COMMAND: POST /session/5a60c8b5c70bea8172ebe4add6912aad/elements - {"using":"xpath","value":"//*[text()='false']"}
RESULT: {"using":"xpath","value":"//*[text()='false']"}
COMMAND: POST /session/5a60c8b5c70bea8172ebe4add6912aad/elements - {"using":"xpath","value":"//*[text()='false']"}
RESULT: {"using":"xpath","value":"//*[text()='false']"}
COMMAND: POST /session/5a60c8b5c70bea8172ebe4add6912aad/elements - {"using":"xpath","value":"//*[text()='false']"}
RESULT: {"using":"xpath","value":"//*[text()='false']"}
COMMAND: POST /session/5a60c8b5c70bea8172ebe4add6912aad/elements - {"using":"xpath","value":"//*[text()='false']"}
RESULT: {"using":"xpath","value":"//*[text()='false']"}
COMMAND: POST /session/5a60c8b5c70bea8172ebe4add6912aad/elements - {"using":"xpath","value":"//*[text()='false']"}
RESULT: {"using":"xpath","value":"//*[text()='false']"}
COMMAND: POST /session/5a60c8b5c70bea8172ebe4add6912aad/elements - {"using":"xpath","value":"//*[text()='false']"}
RESULT: {"using":"xpath","value":"//*[text()='false']"}
COMMAND: POST /session/5a60c8b5c70bea8172ebe4add6912aad/elements - {"using":"xpath","value":"//*[text()='false']"}
RESULT: {"using":"xpath","value":"//*[text()='false']"}
COMMAND: POST /session/5a60c8b5c70bea8172ebe4add6912aad/elements - {"using":"xpath","value":"//*[text()='false']"}
RESULT: {"using":"xpath","value":"//*[text()='false']"}
COMMAND: POST /session/5a60c8b5c70bea8172ebe4add6912aad/elements - {"using":"xpath","value":"//*[text()='false']"}
RESULT: {"using":"xpath","value":"//*[text()='false']"}
COMMAND: POST /session/5a60c8b5c70bea8172ebe4add6912aad/elements - {"using":"xpath","value":"//*[text()='false']"}
RESULT: {"using":"xpath","value":"//*[text()='false']"}
COMMAND: POST /session/5a60c8b5c70bea8172ebe4add6912aad/elements - {"using":"xpath","value":"//*[text()='false']"}
RESULT: {"using":"xpath","value":"//*[text()='false']"}
COMMAND: POST /session/5a60c8b5c70bea8172ebe4add6912aad/elements - {"using":"xpath","value":"//*[text()='false']"}
RESULT: {"using":"xpath","value":"//*[text()='false']"}
COMMAND: POST /session/5a60c8b5c70bea8172ebe4add6912aad/elements - {"using":"xpath","value":"//*[text()='false']"}
RESULT: {"using":"xpath","value":"//*[text()='false']"}
COMMAND: POST /session/5a60c8b5c70bea8172ebe4add6912aad/elements - {"using":"xpath","value":"//*[text()='false']"}
RESULT: {"using":"xpath","value":"//*[text()='false']"}
COMMAND: POST /session/5a60c8b5c70bea8172ebe4add6912aad/elements - {"using":"xpath","value":"//*[text()='false']"}
RESULT: {"using":"xpath","value":"//*[text()='false']"}
COMMAND: POST /session/5a60c8b5c70bea8172ebe4add6912aad/elements - {"using":"xpath","value":"//*[text()='false']"}
RESULT: {"using":"xpath","value":"//*[text()='false']"}
COMMAND: POST /session/5a60c8b5c70bea8172ebe4add6912aad/elements - {"using":"xpath","value":"//*[text()='false']"}
RESULT: {"using":"xpath","value":"//*[text()='false']"}
COMMAND: POST /session/5a60c8b5c70bea8172ebe4add6912aad/elements - {"using":"xpath","value":"//*[text()='false']"}
RESULT: {"using":"xpath","value":"//*[text()='false']"}
COMMAND: POST /session/5a60c8b5c70bea8172ebe4add6912aad/elements - {"using":"xpath","value":"//*[text()='false']"}
RESULT: {"using":"xpath","value":"//*[text()='false']"}
COMMAND: POST /session/5a60c8b5c70bea8172ebe4add6912aad/elements - {"using":"xpath","value":"//*[text()='false']"}
RESULT: {"using":"xpath","value":"//*[text()='false']"}
COMMAND: POST /session/5a60c8b5c70bea8172ebe4add6912aad/elements - {"using":"xpath","value":"//*[text()='false']"}
RESULT: {"using":"xpath","value":"//*[text()='false']"}
COMMAND: POST /session/5a60c8b5c70bea8172ebe4add6912aad/elements - {"using":"xpath","value":"//*[text()='false']"}
RESULT: {"using":"xpath","value":"//*[text()='false']"}
COMMAND: POST /session/5a60c8b5c70bea8172ebe4add6912aad/elements - {"using":"xpath","value":"//*[text()='false']"}
RESULT: {"using":"xpath","value":"//*[text()='false']"}
COMMAND: POST /session/5a60c8b5c70bea8172ebe4add6912aad/elements - {"using":"xpath","value":"//*[text()='false']"}
RESULT: {"using":"xpath","value":"//*[text()='false']"}
COMMAND: POST /session/5a60c8b5c70bea8172ebe4add6912aad/elements - {"using":"xpath","value":"//*[text()='false']"}
RESULT: {"using":"xpath","value":"//*[text()='false']"}
COMMAND: POST /session/5a60c8b5c70bea8172ebe4add6912aad/elements - {"using":"xpath","value":"//*[text()='false']"}
RESULT: {"using":"xpath","value":"//*[text()='false']"}
COMMAND: POST /session/5a60c8b5c70bea8172ebe4add6912aad/elements - {"using":"xpath","value":"//*[text()='false']"}
RESULT: {"using":"xpath","value":"//*[text()='false']"}
COMMAND: POST /session/5a60c8b5c70bea8172ebe4add6912aad/elements - {"using":"xpath","value":"//*[text()='false']"}
RESULT: {"using":"xpath","value":"//*[text()='false']"}
COMMAND: POST /session/5a60c8b5c70bea8172ebe4add6912aad/elements - {"using":"xpath","value":"//*[text()='false']"}
RESULT: {"using":"xpath","value":"//*[text()='false']"}
COMMAND: POST /session/5a60c8b5c70bea8172ebe4add6912aad/elements - {"using":"xpath","value":"//*[text()='false']"}
RESULT: {"using":"xpath","value":"//*[text()='false']"}
COMMAND: POST /session/5a60c8b5c70bea8172ebe4add6912aad/elements - {"using":"xpath","value":"//*[text()='false']"}
RESULT: {"using":"xpath","value":"//*[text()='false']"}
COMMAND: POST /session/5a60c8b5c70bea8172ebe4add6912aad/elements - {"using":"xpath","value":"//*[text()='false']"}
RESULT: {"using":"xpath","value":"//*[text()='false']"}
COMMAND: POST /session/5a60c8b5c70bea8172ebe4add6912aad/elements - {"using":"xpath","value":"//*[text()='false']"}
RESULT: {"using":"xpath","value":"//*[text()='false']"}
COMMAND: POST /session/5a60c8b5c70bea8172ebe4add6912aad/elements - {"using":"xpath","value":"//*[text()='false']"}
RESULT: {"using":"xpath","value":"//*[text()='false']"}
COMMAND: POST /session/5a60c8b5c70bea8172ebe4add6912aad/element - {"using":"xpath","value":"//span[text()='Provide to site - Completed']"}
RESULT: {"using":"xpath","value":"//span[text()='Provide to site - Completed']"}
COMMAND: POST /session/5a60c8b5c70bea8172ebe4add6912aad/elements - {"using":"xpath","value":"//span[text()='Provide to site - Completed']"}
RESULT: {"using":"xpath","value":"//span[text()='Provide to site - Completed']"}
COMMAND: POST /session/5a60c8b5c70bea8172ebe4add6912aad/elements - {"using":"xpath","value":"//span[text()='Provide to site - Completed']"}
RESULT: {"using":"xpath","value":"//span[text()='Provide to site - Completed']"}
COMMAND: POST /session/5a60c8b5c70bea8172ebe4add6912aad/elements - {"using":"xpath","value":"//span[text()='Provide to site - Completed']"}
RESULT: {"using":"xpath","value":"//span[text()='Provide to site - Completed']"}
COMMAND: POST /session/5a60c8b5c70bea8172ebe4add6912aad/elements - {"using":"xpath","value":"//span[text()='Provide to site - Completed']"}
RESULT: {"using":"xpath","value":"//span[text()='Provide to site - Completed']"}
COMMAND: POST /session/5a60c8b5c70bea8172ebe4add6912aad/elements - {"using":"xpath","value":"//span[text()='Provide to site - Completed']"}
RESULT: {"using":"xpath","value":"//span[text()='Provide to site - Completed']"}
COMMAND: POST /session/5a60c8b5c70bea8172ebe4add6912aad/elements - {"using":"xpath","value":"//span[text()='Provide to site - Completed']"}
RESULT: {"using":"xpath","value":"//span[text()='Provide to site - Completed']"}
COMMAND: POST /session/5a60c8b5c70bea8172ebe4add6912aad/elements - {"using":"xpath","value":"//span[text()='Provide to site - Completed']"}
RESULT: {"using":"xpath","value":"//span[text()='Provide to site - Completed']"}
COMMAND: POST /session/5a60c8b5c70bea8172ebe4add6912aad/elements - {"using":"xpath","value":"//span[text()='Provide to site - Completed']"}
RESULT: {"using":"xpath","value":"//span[text()='Provide to site - Completed']"}
COMMAND: POST /session/5a60c8b5c70bea8172ebe4add6912aad/elements - {"using":"xpath","value":"//span[text()='Provide to site - Completed']"}
RESULT: {"using":"xpath","value":"//span[text()='Provide to site - Completed']"}
COMMAND: POST /session/5a60c8b5c70bea8172ebe4add6912aad/elements - {"using":"xpath","value":"//span[text()='Provide to site - Completed']"}
RESULT: {"using":"xpath","value":"//span[text()='Provide to site - Completed']"}
COMMAND: POST /session/5a60c8b5c70bea8172ebe4add6912aad/elements - {"using":"xpath","value":"//span[text()='Provide to site - Completed']"}
RESULT: {"using":"xpath","value":"//span[text()='Provide to site - Completed']"}
COMMAND: POST /session/5a60c8b5c70bea8172ebe4add6912aad/elements - {"using":"xpath","value":"//span[text()='Provide to site - Completed']"}
RESULT: {"using":"xpath","value":"//span[text()='Provide to site - Completed']"}
COMMAND: POST /session/5a60c8b5c70bea8172ebe4add6912aad/elements - {"using":"xpath","value":"//span[text()='Provide to site - Completed']"}
RESULT: {"using":"xpath","value":"//span[text()='Provide to site - Completed']"}
COMMAND: POST /session/5a60c8b5c70bea8172ebe4add6912aad/elements - {"using":"xpath","value":"//span[text()='Provide to site - Completed']"}
RESULT: {"using":"xpath","value":"//span[text()='Provide to site - Completed']"}
COMMAND: POST /session/5a60c8b5c70bea8172ebe4add6912aad/elements - {"using":"xpath","value":"//span[text()='Provide to site - Completed']"}
RESULT: {"using":"xpath","value":"//span[text()='Provide to site - Completed']"}
COMMAND: POST /session/5a60c8b5c70bea8172ebe4add6912aad/elements - {"using":"xpath","value":"//span[text()='Provide to site - Completed']"}
RESULT: {"using":"xpath","value":"//span[text()='Provide to site - Completed']"}
COMMAND: POST /session/5a60c8b5c70bea8172ebe4add6912aad/elements - {"using":"xpath","value":"//span[text()='Provide to site - Completed']"}
RESULT: {"using":"xpath","value":"//span[text()='Provide to site - Completed']"}
COMMAND: POST /session/5a60c8b5c70bea8172ebe4add6912aad/elements - {"using":"xpath","value":"//span[text()='Provide to site - Completed']"}
RESULT: {"using":"xpath","value":"//span[text()='Provide to site - Completed']"}
COMMAND: POST /session/5a60c8b5c70bea8172ebe4add6912aad/elements - {"using":"xpath","value":"//span[text()='Provide to site - Completed']"}
RESULT: {"using":"xpath","value":"//span[text()='Provide to site - Completed']"}
COMMAND: POST /session/5a60c8b5c70bea8172ebe4add6912aad/elements - {"using":"xpath","value":"//span[text()='Provide to site - Completed']"}
RESULT: {"using":"xpath","value":"//span[text()='Provide to site - Completed']"}
COMMAND: POST /session/5a60c8b5c70bea8172ebe4add6912aad/elements - {"using":"xpath","value":"//span[text()='Provide to site - Completed']"}
RESULT: {"using":"xpath","value":"//span[text()='Provide to site - Completed']"}
COMMAND: POST /session/5a60c8b5c70bea8172ebe4add6912aad/elements - {"using":"xpath","value":"//span[text()='Provide to site - Completed']"}
RESULT: {"using":"xpath","value":"//span[text()='Provide to site - Completed']"}
COMMAND: POST /session/5a60c8b5c70bea8172ebe4add6912aad/elements - {"using":"xpath","value":"//span[text()='Provide to site - Completed']"}
RESULT: {"using":"xpath","value":"//span[text()='Provide to site - Completed']"}
COMMAND: POST /session/5a60c8b5c70bea8172ebe4add6912aad/elements - {"using":"xpath","value":"//span[text()='Provide to site - Completed']"}
RESULT: {"using":"xpath","value":"//span[text()='Provide to site - Completed']"}
COMMAND: POST /session/5a60c8b5c70bea8172ebe4add6912aad/elements - {"using":"xpath","value":"//span[text()='Provide to site - Completed']"}
RESULT: {"using":"xpath","value":"//span[text()='Provide to site - Completed']"}
COMMAND: POST /session/5a60c8b5c70bea8172ebe4add6912aad/elements - {"using":"xpath","value":"//span[text()='Provide to site - Completed']"}
RESULT: {"using":"xpath","value":"//span[text()='Provide to site - Completed']"}
COMMAND: POST /session/5a60c8b5c70bea8172ebe4add6912aad/elements - {"using":"xpath","value":"//span[text()='Provide to site - Completed']"}
RESULT: {"using":"xpath","value":"//span[text()='Provide to site - Completed']"}
COMMAND: POST /session/5a60c8b5c70bea8172ebe4add6912aad/elements - {"using":"xpath","value":"//span[text()='Provide to site - Completed']"}
RESULT: {"using":"xpath","value":"//span[text()='Provide to site - Completed']"}
COMMAND: POST /session/5a60c8b5c70bea8172ebe4add6912aad/elements - {"using":"xpath","value":"//span[text()='Provide to site - Completed']"}
RESULT: {"using":"xpath","value":"//span[text()='Provide to site - Completed']"}
COMMAND: POST /session/5a60c8b5c70bea8172ebe4add6912aad/elements - {"using":"xpath","value":"//span[text()='Provide to site - Completed']"}
RESULT: {"using":"xpath","value":"//span[text()='Provide to site - Completed']"}
COMMAND: POST /session/5a60c8b5c70bea8172ebe4add6912aad/elements - {"using":"xpath","value":"//span[text()='Provide to site - Completed']"}
RESULT: {"using":"xpath","value":"//span[text()='Provide to site - Completed']"}
COMMAND: POST /session/5a60c8b5c70bea8172ebe4add6912aad/elements - {"using":"xpath","value":"//span[text()='Provide to site - Completed']"}
RESULT: {"using":"xpath","value":"//span[text()='Provide to site - Completed']"}
COMMAND: POST /session/5a60c8b5c70bea8172ebe4add6912aad/elements - {"using":"xpath","value":"//span[text()='Provide to site - Completed']"}
RESULT: {"using":"xpath","value":"//span[text()='Provide to site - Completed']"}
COMMAND: POST /session/5a60c8b5c70bea8172ebe4add6912aad/elements - {"using":"xpath","value":"//span[text()='Provide to site - Completed']"}
RESULT: {"using":"xpath","value":"//span[text()='Provide to site - Completed']"}
COMMAND: POST /session/5a60c8b5c70bea8172ebe4add6912aad/elements - {"using":"xpath","value":"//span[text()='Provide to site - Completed']"}
RESULT: {"using":"xpath","value":"//span[text()='Provide to site - Completed']"}
COMMAND: POST /session/5a60c8b5c70bea8172ebe4add6912aad/elements - {"using":"xpath","value":"//span[text()='Provide to site - Completed']"}
RESULT: {"using":"xpath","value":"//span[text()='Provide to site - Completed']"}
COMMAND: POST /session/5a60c8b5c70bea8172ebe4add6912aad/elements - {"using":"xpath","value":"//span[text()='Provide to site - Completed']"}
RESULT: {"using":"xpath","value":"//span[text()='Provide to site - Completed']"}
COMMAND: POST /session/5a60c8b5c70bea8172ebe4add6912aad/elements - {"using":"xpath","value":"//span[text()='Provide to site - Completed']"}
RESULT: {"using":"xpath","value":"//span[text()='Provide to site - Completed']"}
COMMAND: POST /session/5a60c8b5c70bea8172ebe4add6912aad/elements - {"using":"xpath","value":"//span[text()='Provide to site - Completed']"}
RESULT: {"using":"xpath","value":"//span[text()='Provide to site - Completed']"}
COMMAND: POST /session/5a60c8b5c70bea8172ebe4add6912aad/elements - {"using":"xpath","value":"//span[text()='Provide to site - Completed']"}
RESULT: {"using":"xpath","value":"//span[text()='Provide to site - Completed']"}
COMMAND: POST /session/5a60c8b5c70bea8172ebe4add6912aad/elements - {"using":"xpath","value":"//span[text()='Provide to site - Completed']"}
RESULT: {"using":"xpath","value":"//span[text()='Provide to site - Completed']"}
COMMAND: POST /session/5a60c8b5c70bea8172ebe4add6912aad/elements - {"using":"xpath","value":"//span[text()='Provide to site - Completed']"}
RESULT: {"using":"xpath","value":"//span[text()='Provide to site - Completed']"}
COMMAND: POST /session/5a60c8b5c70bea8172ebe4add6912aad/elements - {"using":"xpath","value":"//span[text()='Provide to site - Completed']"}
RESULT: {"using":"xpath","value":"//span[text()='Provide to site - Completed']"}
COMMAND: POST /session/5a60c8b5c70bea8172ebe4add6912aad/elements - {"using":"xpath","value":"//span[text()='Provide to site - Completed']"}
RESULT: {"using":"xpath","value":"//span[text()='Provide to site - Completed']"}
COMMAND: POST /session/5a60c8b5c70bea8172ebe4add6912aad/elements - {"using":"xpath","value":"//span[text()='Provide to site - Completed']"}
RESULT: {"using":"xpath","value":"//span[text()='Provide to site - Completed']"}
COMMAND: POST /session/5a60c8b5c70bea8172ebe4add6912aad/elements - {"using":"xpath","value":"//span[text()='Provide to site - Completed']"}
RESULT: {"using":"xpath","value":"//span[text()='Provide to site - Completed']"}
COMMAND: POST /session/5a60c8b5c70bea8172ebe4add6912aad/elements - {"using":"xpath","value":"//span[text()='Provide to site - Completed']"}
RESULT: {"using":"xpath","value":"//span[text()='Provide to site - Completed']"}
COMMAND: POST /session/5a60c8b5c70bea8172ebe4add6912aad/elements - {"using":"xpath","value":"//span[text()='Provide to site - Completed']"}
RESULT: {"using":"xpath","value":"//span[text()='Provide to site - Completed']"}
COMMAND: POST /session/5a60c8b5c70bea8172ebe4add6912aad/elements - {"using":"xpath","value":"//span[text()='Provide to site - Completed']"}
RESULT: {"using":"xpath","value":"//span[text()='Provide to site - Completed']"}
COMMAND: POST /session/5a60c8b5c70bea8172ebe4add6912aad/elements - {"using":"xpath","value":"//span[text()='Provide to site - Completed']"}
RESULT: {"using":"xpath","value":"//span[text()='Provide to site - Completed']"}
COMMAND: POST /session/5a60c8b5c70bea8172ebe4add6912aad/elements - {"using":"xpath","value":"//span[text()='Provide to site - Completed']"}
RESULT: {"using":"xpath","value":"//span[text()='Provide to site - Completed']"}
COMMAND: POST /session/5a60c8b5c70bea8172ebe4add6912aad/elements - {"using":"xpath","value":"//span[text()='Provide to site - Completed']"}
RESULT: {"using":"xpath","value":"//span[text()='Provide to site - Completed']"}
COMMAND: POST /session/5a60c8b5c70bea8172ebe4add6912aad/elements - {"using":"xpath","value":"//span[text()='Provide to site - Completed']"}
RESULT: {"using":"xpath","value":"//span[text()='Provide to site - Completed']"}
COMMAND: POST /session/5a60c8b5c70bea8172ebe4add6912aad/elements - {"using":"xpath","value":"//span[text()='Provide to site - Completed']"}
RESULT: {"using":"xpath","value":"//span[text()='Provide to site - Completed']"}
COMMAND: POST /session/5a60c8b5c70bea8172ebe4add6912aad/elements - {"using":"xpath","value":"//span[text()='Provide to site - Completed']"}
RESULT: {"using":"xpath","value":"//span[text()='Provide to site - Completed']"}
COMMAND: POST /session/5a60c8b5c70bea8172ebe4add6912aad/elements - {"using":"xpath","value":"//span[text()='Provide to site - Completed']"}
RESULT: {"using":"xpath","value":"//span[text()='Provide to site - Completed']"}
COMMAND: POST /session/5a60c8b5c70bea8172ebe4add6912aad/elements - {"using":"xpath","value":"//span[text()='Provide to site - Completed']"}
RESULT: {"using":"xpath","value":"//span[text()='Provide to site - Completed']"}
COMMAND: POST /session/5a60c8b5c70bea8172ebe4add6912aad/elements - {"using":"xpath","value":"//span[text()='Provide to site - Completed']"}
RESULT: {"using":"xpath","value":"//span[text()='Provide to site - Completed']"}
COMMAND: POST /session/5a60c8b5c70bea8172ebe4add6912aad/elements - {"using":"xpath","value":"//span[text()='Provide to site - Completed']"}
RESULT: {"using":"xpath","value":"//span[text()='Provide to site - Completed']"}
COMMAND: POST /session/5a60c8b5c70bea8172ebe4add6912aad/elements - {"using":"xpath","value":"//span[text()='Provide to site - Completed']"}
RESULT: {"using":"xpath","value":"//span[text()='Provide to site - Completed']"}
COMMAND: POST /session/5a60c8b5c70bea8172ebe4add6912aad/elements - {"using":"xpath","value":"//span[text()='Provide to site - Completed']"}
RESULT: {"using":"xpath","value":"//span[text()='Provide to site - Completed']"}
COMMAND: POST /session/5a60c8b5c70bea8172ebe4add6912aad/elements - {"using":"xpath","value":"//span[text()='Provide to site - Completed']"}
RESULT: {"using":"xpath","value":"//span[text()='Provide to site - Completed']"}
COMMAND: POST /session/5a60c8b5c70bea8172ebe4add6912aad/elements - {"using":"xpath","value":"//span[text()='Provide to site - Completed']"}
RESULT: {"using":"xpath","value":"//span[text()='Provide to site - Completed']"}
COMMAND: POST /session/5a60c8b5c70bea8172ebe4add6912aad/elements - {"using":"xpath","value":"//span[text()='Provide to site - Completed']"}
RESULT: {"using":"xpath","value":"//span[text()='Provide to site - Completed']"}
COMMAND: POST /session/5a60c8b5c70bea8172ebe4add6912aad/elements - {"using":"xpath","value":"//span[text()='Provide to site - Completed']"}
RESULT: {"using":"xpath","value":"//span[text()='Provide to site - Completed']"}
COMMAND: POST /session/5a60c8b5c70bea8172ebe4add6912aad/elements - {"using":"xpath","value":"//span[text()='Provide to site - Completed']"}
RESULT: {"using":"xpath","value":"//span[text()='Provide to site - Completed']"}
COMMAND: POST /session/5a60c8b5c70bea8172ebe4add6912aad/elements - {"using":"xpath","value":"//span[text()='Provide to site - Completed']"}
RESULT: {"using":"xpath","value":"//span[text()='Provide to site - Completed']"}
COMMAND: POST /session/5a60c8b5c70bea8172ebe4add6912aad/elements - {"using":"xpath","value":"//span[text()='Provide to site - Completed']"}
RESULT: {"using":"xpath","value":"//span[text()='Provide to site - Completed']"}
COMMAND: POST /session/5a60c8b5c70bea8172ebe4add6912aad/elements - {"using":"xpath","value":"//span[text()='Provide to site - Completed']"}
RESULT: {"using":"xpath","value":"//span[text()='Provide to site - Completed']"}
COMMAND: POST /session/5a60c8b5c70bea8172ebe4add6912aad/elements - {"using":"xpath","value":"//span[text()='Provide to site - Completed']"}
RESULT: {"using":"xpath","value":"//span[text()='Provide to site - Completed']"}
COMMAND: POST /session/5a60c8b5c70bea8172ebe4add6912aad/elements - {"using":"xpath","value":"//span[text()='Provide to site - Completed']"}
RESULT: {"using":"xpath","value":"//span[text()='Provide to site - Completed']"}
COMMAND: POST /session/5a60c8b5c70bea8172ebe4add6912aad/elements - {"using":"xpath","value":"//span[text()='Provide to site - Completed']"}
RESULT: {"using":"xpath","value":"//span[text()='Provide to site - Completed']"}
COMMAND: POST /session/5a60c8b5c70bea8172ebe4add6912aad/elements - {"using":"xpath","value":"//span[text()='Provide to site - Completed']"}
RESULT: {"using":"xpath","value":"//span[text()='Provide to site - Completed']"}
COMMAND: POST /session/5a60c8b5c70bea8172ebe4add6912aad/elements - {"using":"xpath","value":"//span[text()='Provide to site - Completed']"}
RESULT: {"using":"xpath","value":"//span[text()='Provide to site - Completed']"}
COMMAND: POST /session/5a60c8b5c70bea8172ebe4add6912aad/elements - {"using":"xpath","value":"//span[text()='Provide to site - Completed']"}
RESULT: {"using":"xpath","value":"//span[text()='Provide to site - Completed']"}
COMMAND: POST /session/5a60c8b5c70bea8172ebe4add6912aad/elements - {"using":"xpath","value":"//span[text()='Provide to site - Completed']"}
RESULT: {"using":"xpath","value":"//span[text()='Provide to site - Completed']"}
COMMAND: POST /session/5a60c8b5c70bea8172ebe4add6912aad/elements - {"using":"xpath","value":"//span[text()='Provide to site - Completed']"}
RESULT: {"using":"xpath","value":"//span[text()='Provide to site - Completed']"}
COMMAND: POST /session/5a60c8b5c70bea8172ebe4add6912aad/elements - {"using":"xpath","value":"//span[text()='Provide to site - Completed']"}
RESULT: {"using":"xpath","value":"//span[text()='Provide to site - Completed']"}
COMMAND: POST /session/5a60c8b5c70bea8172ebe4add6912aad/elements - {"using":"xpath","value":"//span[text()='Provide to site - Completed']"}
RESULT: {"using":"xpath","value":"//span[text()='Provide to site - Completed']"}
COMMAND: POST /session/5a60c8b5c70bea8172ebe4add6912aad/elements - {"using":"xpath","value":"//span[text()='Provide to site - Completed']"}
RESULT: {"using":"xpath","value":"//span[text()='Provide to site - Completed']"}
COMMAND: POST /session/5a60c8b5c70bea8172ebe4add6912aad/elements - {"using":"xpath","value":"//span[text()='Provide to site - Completed']"}
RESULT: {"using":"xpath","value":"//span[text()='Provide to site - Completed']"}
COMMAND: POST /session/5a60c8b5c70bea8172ebe4add6912aad/elements - {"using":"xpath","value":"//span[text()='Provide to site - Completed']"}
RESULT: {"using":"xpath","value":"//span[text()='Provide to site - Completed']"}
COMMAND: POST /session/5a60c8b5c70bea8172ebe4add6912aad/elements - {"using":"xpath","value":"//span[text()='Provide to site - Completed']"}
RESULT: {"using":"xpath","value":"//span[text()='Provide to site - Completed']"}
COMMAND: POST /session/5a60c8b5c70bea8172ebe4add6912aad/elements - {"using":"xpath","value":"//span[text()='Provide to site - Completed']"}
RESULT: {"using":"xpath","value":"//span[text()='Provide to site - Completed']"}
COMMAND: POST /session/5a60c8b5c70bea8172ebe4add6912aad/elements - {"using":"xpath","value":"//span[text()='Provide to site - Completed']"}
RESULT: {"using":"xpath","value":"//span[text()='Provide to site - Completed']"}
COMMAND: POST /session/5a60c8b5c70bea8172ebe4add6912aad/elements - {"using":"xpath","value":"//span[text()='Provide to site - Completed']"}
RESULT: {"using":"xpath","value":"//span[text()='Provide to site - Completed']"}
COMMAND: POST /session/5a60c8b5c70bea8172ebe4add6912aad/elements - {"using":"xpath","value":"//span[text()='Provide to site - Completed']"}
RESULT: {"using":"xpath","value":"//span[text()='Provide to site - Completed']"}
COMMAND: POST /session/5a60c8b5c70bea8172ebe4add6912aad/elements - {"using":"xpath","value":"//span[text()='Provide to site - Completed']"}
RESULT: {"using":"xpath","value":"//span[text()='Provide to site - Completed']"}
COMMAND: POST /session/5a60c8b5c70bea8172ebe4add6912aad/elements - {"using":"xpath","value":"//span[text()='Provide to site - Completed']"}
RESULT: {"using":"xpath","value":"//span[text()='Provide to site - Completed']"}
COMMAND: POST /session/5a60c8b5c70bea8172ebe4add6912aad/elements - {"using":"xpath","value":"//span[text()='Provide to site - Completed']"}
RESULT: {"using":"xpath","value":"//span[text()='Provide to site - Completed']"}
COMMAND: POST /session/5a60c8b5c70bea8172ebe4add6912aad/elements - {"using":"xpath","value":"//span[text()='Provide to site - Completed']"}
COMMAND: POST /session/5a60c8b5c70bea8172ebe4add6912aad/execute/async - {"script":"<script> [1562 bytes]","args":[{"selector":{"controlType":"sap.m.Button","viewName":"etm.portal.ui.managehandovers.view.DetailExecuteHO","i18NText":{"propertyName":"text","key":"pickQty"},"interaction":{"idSuffix":"BDI-content"}},"wdio_ui5_key":"etmportal.ui.managehandovers.view.DetailExecuteHOsap.m.Button{\"propertyName\":\"text\",\"key\":\"pickQty\"}"}]}
RESULT: {"using":"xpath","value":"//span[text()='Provide to site - Completed']"}
RESULT: {"script":"<script> [1562 bytes]","args":[{"selector":{"controlType":"sap.m.Button","viewName":"etm.portal.ui.managehandovers.view.DetailExecuteHO","i18NText":{"propertyName":"text","key":"pickQty"},"interaction":{"idSuffix":"BDI-content"}},"wdio_ui5_key":"etmportal.ui.managehandovers.view.DetailExecuteHOsap.m.Button{\"propertyName\":\"text\",\"key\":\"pickQty\"}"}]}
RESULT: undefined
COMMAND: POST /session/5a60c8b5c70bea8172ebe4add6912aad/execute/async - {"script":"<script> [1562 bytes]","args":[{"selector":{"controlType":"sap.m.Link","viewName":"etm.portal.ui.managehandovers.view.DetailExecuteHO","bindingPath":{"path":"","propertyPath":"/wmDoc","modelName":"warehouseMovModel"}},"wdio_ui5_key":"etmportal.ui.managehandovers.view.DetailExecuteHOsap.m.Link{\"path\":\"\",\"propertyPath\":\"/wmDoc\",\"modelName\":\"warehouseMovModel\"}"}]}
RESULT: {"script":"<script> [1562 bytes]","args":[{"selector":{"controlType":"sap.m.Link","viewName":"etm.portal.ui.managehandovers.view.DetailExecuteHO","bindingPath":{"path":"","propertyPath":"/wmDoc","modelName":"warehouseMovModel"}},"wdio_ui5_key":"etmportal.ui.managehandovers.view.DetailExecuteHOsap.m.Link{\"path\":\"\",\"propertyPath\":\"/wmDoc\",\"modelName\":\"warehouseMovModel\"}"}]}
RESULT: undefined
COMMAND: POST /session/5a60c8b5c70bea8172ebe4add6912aad/execute/async - {"script":"<script> [1562 bytes]","args":[{"selector":{"controlType":"sap.m.Link","viewName":"etm.portal.ui.managehandovers.view.DetailExecuteHO","properties":{"text":"Warehouse Overview"},"searchOpenDialogs":true},"wdio_ui5_key":"etmportal.ui.managehandovers.view.DetailExecuteHOsap.m.Link{\"text\":\"Warehouse Overview\"}"}]}
RESULT: {"script":"<script> [1562 bytes]","args":[{"selector":{"controlType":"sap.m.Link","viewName":"etm.portal.ui.managehandovers.view.DetailExecuteHO","properties":{"text":"Warehouse Overview"},"searchOpenDialogs":true},"wdio_ui5_key":"etmportal.ui.managehandovers.view.DetailExecuteHOsap.m.Link{\"text\":\"Warehouse Overview\"}"}]}
RESULT: undefined
COMMAND: POST /session/5a60c8b5c70bea8172ebe4add6912aad/execute/async - {"script":"<script> [1562 bytes]","args":[{"selector":{"controlType":"sap.m.Button","viewName":"etm.portal.ui.warehousemovements.view.DisplayMovement","viewId":"application-warehousemovements-display-component---displayMovement","i18NText":{"propertyName":"text","key":"execution"},"interaction":{"idSuffix":"BDI-content"}},"wdio_ui5_key":"etmportal.ui.warehousemovements.view.DisplayMovementsap.m.Button{\"propertyName\":\"text\",\"key\":\"execution\"}"}]}
RESULT: {"script":"<script> [1562 bytes]","args":[{"selector":{"controlType":"sap.m.Button","viewName":"etm.portal.ui.warehousemovements.view.DisplayMovement","viewId":"application-warehousemovements-display-component---displayMovement","i18NText":{"propertyName":"text","key":"execution"},"interaction":{"idSuffix":"BDI-content"}},"wdio_ui5_key":"etmportal.ui.warehousemovements.view.DisplayMovementsap.m.Button{\"propertyName\":\"text\",\"key\":\"execution\"}"}]}
RESULT: undefined
COMMAND: POST /session/5a60c8b5c70bea8172ebe4add6912aad/execute/async - {"script":"<script> [1562 bytes]","args":[{"selector":{"controlType":"sap.m.Button","viewName":"etm.portal.ui.warehousemovements.view.ExecuteMovement","viewId":"application-warehousemovements-display-component---executeMovement","properties":{"text":"Items"},"interaction":{"idSuffix":"BDI-content"}},"wdio_ui5_key":"etmportal.ui.warehousemovements.view.ExecuteMovementsap.m.Button{\"text\":\"Items\"}"}]}
RESULT: {"script":"<script> [1562 bytes]","args":[{"selector":{"controlType":"sap.m.Button","viewName":"etm.portal.ui.warehousemovements.view.ExecuteMovement","viewId":"application-warehousemovements-display-component---executeMovement","properties":{"text":"Items"},"interaction":{"idSuffix":"BDI-content"}},"wdio_ui5_key":"etmportal.ui.warehousemovements.view.ExecuteMovementsap.m.Button{\"text\":\"Items\"}"}]}
RESULT: undefined
COMMAND: POST /session/5a60c8b5c70bea8172ebe4add6912aad/execute/async - {"script":"<script> [1562 bytes]","args":[{"selector":{"controlType":"sap.m.ToggleButton","viewName":"etm.portal.ui.warehousemovements.view.ExecuteMovement","viewId":"application-warehousemovements-display-component---executeMovement","bindingPath":{"propertyPath":"STATUS","modelName":"catalogModel"},"interaction":{"idSuffix":"BDI-content"}},"wdio_ui5_key":"etmportal.ui.warehousemovements.view.ExecuteMovementsap.m.ToggleButton{\"propertyPath\":\"STATUS\",\"modelName\":\"catalogModel\"}"}]}
RESULT: {"script":"<script> [1562 bytes]","args":[{"selector":{"controlType":"sap.m.ToggleButton","viewName":"etm.portal.ui.warehousemovements.view.ExecuteMovement","viewId":"application-warehousemovements-display-component---executeMovement","bindingPath":{"propertyPath":"STATUS","modelName":"catalogModel"},"interaction":{"idSuffix":"BDI-content"}},"wdio_ui5_key":"etmportal.ui.warehousemovements.view.ExecuteMovementsap.m.ToggleButton{\"propertyPath\":\"STATUS\",\"modelName\":\"catalogModel\"}"}]}
RESULT: undefined
RESULT: undefined
RESULT: undefined
COMMAND: POST /session/5a60c8b5c70bea8172ebe4add6912aad/execute/async - {"script":"<script> [1562 bytes]","args":[{"selector":{"id":"application-warehousemovements-display-component---executeMovement--executeId","interaction":{"idSuffix":"BDI-content"}},"wdio_ui5_key":"applicationwarehousemovements-display-component---executeMovement--executeId"}]}
RESULT: {"script":"<script> [1562 bytes]","args":[{"selector":{"id":"application-warehousemovements-display-component---executeMovement--executeId","interaction":{"idSuffix":"BDI-content"}},"wdio_ui5_key":"applicationwarehousemovements-display-component---executeMovement--executeId"}]}
RESULT: undefined
COMMAND: POST /session/5a60c8b5c70bea8172ebe4add6912aad/element - {"using":"css selector","value":"#shell-header-logo"}
RESULT: {"using":"css selector","value":"#shell-header-logo"}
COMMAND: POST /session/5a60c8b5c70bea8172ebe4add6912aad/element/f.6B59548A06B598AB2C6AF1A2C766605D.d.F607837EE7F81979B1CA676CBBAC53E5.e.11988/click - {}
RESULT: {}
COMMAND: GET /session/5a60c8b5c70bea8172ebe4add6912aad/screenshot - {}
RESULT: {}
RESULT: undefined
COMMAND: POST /session/5a60c8b5c70bea8172ebe4add6912aad/execute/async - {"script":"<script> [1562 bytes]","args":[{"selector":{"controlType":"sap.m.SearchField","viewName":"etm.portal.ui.managehandovers.view.MasterHO","bindingPath":{"propertyPath":"/_BASIC_SEARCH_FIELD","modelName":"fi1t3rM0d31"},"interaction":{"idSuffix":"I"}},"wdio_ui5_key":"etmportal.ui.managehandovers.view.MasterHOsap.m.SearchField{\"propertyPath\":\"/_BASIC_SEARCH_FIELD\",\"modelName\":\"fi1t3rM0d31\"}"}]}
RESULT: {"script":"<script> [1562 bytes]","args":[{"selector":{"controlType":"sap.m.SearchField","viewName":"etm.portal.ui.managehandovers.view.MasterHO","bindingPath":{"propertyPath":"/_BASIC_SEARCH_FIELD","modelName":"fi1t3rM0d31"},"interaction":{"idSuffix":"I"}},"wdio_ui5_key":"etmportal.ui.managehandovers.view.MasterHOsap.m.SearchField{\"propertyPath\":\"/_BASIC_SEARCH_FIELD\",\"modelName\":\"fi1t3rM0d31\"}"}]}
RESULT: undefined
COMMAND: POST /session/5a60c8b5c70bea8172ebe4add6912aad/actions - {"actions":[{"id":"action50","type":"key","parameters":{},"actions":[{"type":"keyDown","value":"î€‡"},{"type":"pause","duration":10},{"type":"keyUp","value":"î€‡"}]}]}
RESULT: {"actions":[{"id":"action50","type":"key","parameters":{},"actions":[{"type":"keyDown","value":"î€‡"},{"type":"pause","duration":10},{"type":"keyUp","value":"î€‡"}]}]}
COMMAND: GET /session/5a60c8b5c70bea8172ebe4add6912aad/screenshot - {}
RESULT: {}
COMMAND: POST /session/5a60c8b5c70bea8172ebe4add6912aad/execute/async - {"script":"<script> [1562 bytes]","args":[{"selector":{"controlType":"sap.ui.core.Icon","viewName":"etm.portal.ui.managehandovers.view.MasterHO","properties":{"src":{"regex":{"source":"slim\\-arrow\\-right"}}}},"wdio_ui5_key":"etmportal.ui.managehandovers.view.MasterHOsap.ui.core.Icon{\"src\":{\"regex\":{\"source\":\"slim\\\\-arrow\\\\-right\"}}}"}]}
RESULT: {"script":"<script> [1562 bytes]","args":[{"selector":{"controlType":"sap.ui.core.Icon","viewName":"etm.portal.ui.managehandovers.view.MasterHO","properties":{"src":{"regex":{"source":"slim\\-arrow\\-right"}}}},"wdio_ui5_key":"etmportal.ui.managehandovers.view.MasterHOsap.ui.core.Icon{\"src\":{\"regex\":{\"source\":\"slim\\\\-arrow\\\\-right\"}}}"}]}
RESULT: undefined
COMMAND: POST /session/5a60c8b5c70bea8172ebe4add6912aad/execute/async - {"script":"<script> [1562 bytes]","args":[{"selector":{"controlType":"sap.m.Button","viewName":"etm.portal.ui.managehandovers.view.DetailExecuteHO","i18NText":{"propertyName":"text","key":"confirmAll"},"interaction":{"idSuffix":"BDI-content"}},"wdio_ui5_key":"etmportal.ui.managehandovers.view.DetailExecuteHOsap.m.Button{\"propertyName\":\"text\",\"key\":\"confirmAll\"}"}]}
RESULT: {"script":"<script> [1562 bytes]","args":[{"selector":{"controlType":"sap.m.Button","viewName":"etm.portal.ui.managehandovers.view.DetailExecuteHO","i18NText":{"propertyName":"text","key":"confirmAll"},"interaction":{"idSuffix":"BDI-content"}},"wdio_ui5_key":"etmportal.ui.managehandovers.view.DetailExecuteHOsap.m.Button{\"propertyName\":\"text\",\"key\":\"confirmAll\"}"}]}
RESULT: undefined
COMMAND: POST /session/5a60c8b5c70bea8172ebe4add6912aad/actions - {"actions":[{"id":"action51","type":"key","parameters":{},"actions":[{"type":"keyDown","value":"î€‡"},{"type":"pause","duration":10},{"type":"keyUp","value":"î€‡"}]}]}
RESULT: {"actions":[{"id":"action51","type":"key","parameters":{},"actions":[{"type":"keyDown","value":"î€‡"},{"type":"pause","duration":10},{"type":"keyUp","value":"î€‡"}]}]}
COMMAND: GET /session/5a60c8b5c70bea8172ebe4add6912aad/screenshot - {}
RESULT: {}
COMMAND: POST /session/5a60c8b5c70bea8172ebe4add6912aad/execute/async - {"script":"<script> [1562 bytes]","args":[{"selector":{"id":"confirmationButton","viewName":"etm.portal.ui.managehandovers.view.DetailExecuteHO","properties":{"text":"Issue"},"interaction":{"idSuffix":"BDI-content"}},"wdio_ui5_key":"confirmationButtonetmportal.ui.managehandovers.view.DetailExecuteHO{\"text\":\"Issue\"}"}]}
RESULT: {"script":"<script> [1562 bytes]","args":[{"selector":{"id":"confirmationButton","viewName":"etm.portal.ui.managehandovers.view.DetailExecuteHO","properties":{"text":"Issue"},"interaction":{"idSuffix":"BDI-content"}},"wdio_ui5_key":"confirmationButtonetmportal.ui.managehandovers.view.DetailExecuteHO{\"text\":\"Issue\"}"}]}
RESULT: undefined
RESULT: undefined
COMMAND: POST /session/5a60c8b5c70bea8172ebe4add6912aad/actions - {"actions":[{"id":"action52","type":"key","parameters":{},"actions":[{"type":"keyDown","value":"î€‡"},{"type":"pause","duration":10},{"type":"keyUp","value":"î€‡"}]}]}
RESULT: {"actions":[{"id":"action52","type":"key","parameters":{},"actions":[{"type":"keyDown","value":"î€‡"},{"type":"pause","duration":10},{"type":"keyUp","value":"î€‡"}]}]}
COMMAND: GET /session/5a60c8b5c70bea8172ebe4add6912aad/screenshot - {}
RESULT: {}
RESULT: undefined
COMMAND: POST /session/5a60c8b5c70bea8172ebe4add6912aad/execute/async - {"script":"<script> [1562 bytes]","args":[{"selector":{"id":"instructionsTabFilter","viewName":"etm.portal.ui.managehandovers.view.DetailExecuteHO","interaction":{"idSuffix":"text"}},"wdio_ui5_key":"instructionsTabFilteretmportal.ui.managehandovers.view.DetailExecuteHO"}]}
RESULT: {"script":"<script> [1562 bytes]","args":[{"selector":{"id":"instructionsTabFilter","viewName":"etm.portal.ui.managehandovers.view.DetailExecuteHO","interaction":{"idSuffix":"text"}},"wdio_ui5_key":"instructionsTabFilteretmportal.ui.managehandovers.view.DetailExecuteHO"}]}
RESULT: undefined
RESULT: undefined
COMMAND: POST /session/5a60c8b5c70bea8172ebe4add6912aad/execute/async - {"script":"<script> [1562 bytes]","args":[{"selector":{"controlType":"sap.m.ComboBox","viewName":"etm.portal.ui.managehandovers.view.DetailExecuteHO","bindingPath":{"propertyPath":"RECEIVING_SECTION","modelName":"catalogModel"},"interaction":{"idSuffix":"inner"}},"wdio_ui5_key":"etmportal.ui.managehandovers.view.DetailExecuteHOsap.m.ComboBox{\"propertyPath\":\"RECEIVING_SECTION\",\"modelName\":\"catalogModel\"}"}]}
RESULT: {"script":"<script> [1562 bytes]","args":[{"selector":{"controlType":"sap.m.ComboBox","viewName":"etm.portal.ui.managehandovers.view.DetailExecuteHO","bindingPath":{"propertyPath":"RECEIVING_SECTION","modelName":"catalogModel"},"interaction":{"idSuffix":"inner"}},"wdio_ui5_key":"etmportal.ui.managehandovers.view.DetailExecuteHOsap.m.ComboBox{\"propertyPath\":\"RECEIVING_SECTION\",\"modelName\":\"catalogModel\"}"}]}
RESULT: undefined
COMMAND: POST /session/5a60c8b5c70bea8172ebe4add6912aad/actions - {"actions":[{"id":"action53","type":"key","parameters":{},"actions":[{"type":"keyDown","value":"î€‡"},{"type":"pause","duration":10},{"type":"keyUp","value":"î€‡"}]}]}
RESULT: {"actions":[{"id":"action53","type":"key","parameters":{},"actions":[{"type":"keyDown","value":"î€‡"},{"type":"pause","duration":10},{"type":"keyUp","value":"î€‡"}]}]}
COMMAND: GET /session/5a60c8b5c70bea8172ebe4add6912aad/screenshot - {}
RESULT: {}
COMMAND: POST /session/5a60c8b5c70bea8172ebe4add6912aad/execute/async - {"script":"<script> [1562 bytes]","args":[{"selector":{"id":"confirmationButton","viewName":"etm.portal.ui.managehandovers.view.DetailExecuteHO","properties":{"text":"Receive"},"interaction":{"idSuffix":"BDI-content"}},"wdio_ui5_key":"confirmationButtonetmportal.ui.managehandovers.view.DetailExecuteHO{\"text\":\"Receive\"}"}]}
RESULT: {"script":"<script> [1562 bytes]","args":[{"selector":{"id":"confirmationButton","viewName":"etm.portal.ui.managehandovers.view.DetailExecuteHO","properties":{"text":"Receive"},"interaction":{"idSuffix":"BDI-content"}},"wdio_ui5_key":"confirmationButtonetmportal.ui.managehandovers.view.DetailExecuteHO{\"text\":\"Receive\"}"}]}
RESULT: undefined
COMMAND: POST /session/5a60c8b5c70bea8172ebe4add6912aad/execute/async - {"script":"<script> [1562 bytes]","args":[{"selector":{"controlType":"sap.m.Button","properties":{"text":"Continue"},"searchOpenDialogs":true,"interaction":{"idSuffix":"content"}},"wdio_ui5_key":"sapm.Button{\"text\":\"Continue\"}"}]}
RESULT: {"script":"<script> [1562 bytes]","args":[{"selector":{"controlType":"sap.m.Button","properties":{"text":"Continue"},"searchOpenDialogs":true,"interaction":{"idSuffix":"content"}},"wdio_ui5_key":"sapm.Button{\"text\":\"Continue\"}"}]}
RESULT: undefined
COMMAND: POST /session/5a60c8b5c70bea8172ebe4add6912aad/element - {"using":"css selector","value":"#j_username"}
COMMAND: POST /session/5a60c8b5c70bea8172ebe4add6912aad/url - {"url":"https://qa-testing-00-live-etm-ui.cfapps.eu10-004.hana.ondemand.com/"}
COMMAND: GET /session/5a60c8b5c70bea8172ebe4add6912aad/screenshot - {}
RESULT: {"using":"css selector","value":"#j_username"}
COMMAND: POST /session/5a60c8b5c70bea8172ebe4add6912aad/element - {"using":"css selector","value":"#j_username"}
RESULT: {"url":"https://qa-testing-00-live-etm-ui.cfapps.eu10-004.hana.ondemand.com/"}
RESULT: undefined
COMMAND: GET /session/5a60c8b5c70bea8172ebe4add6912aad/screenshot - {}
RESULT: {}
RESULT: {"using":"css selector","value":"#j_username"}
COMMAND: POST /session/5a60c8b5c70bea8172ebe4add6912aad/element - {"using":"css selector","value":"#shell-header-logo"}
RESULT: {}
RESULT: {"using":"css selector","value":"#shell-header-logo"}
COMMAND: POST /session/5a60c8b5c70bea8172ebe4add6912aad/execute/sync - {"script":"<script> [8489 bytes]","args":[{"element-6066-11e4-a52e-4f735466cecf":"f.6B59548A06B598AB2C6AF1A2C766605D.d.B2871BDE3C1A00E2EFAB88AC0D4642E1.e.12868","ELEMENT":"f.6B59548A06B598AB2C6AF1A2C766605D.d.B2871BDE3C1A00E2EFAB88AC0D4642E1.e.12868"}]}
RESULT: {"script":"<script> [8489 bytes]","args":[{"element-6066-11e4-a52e-4f735466cecf":"f.6B59548A06B598AB2C6AF1A2C766605D.d.B2871BDE3C1A00E2EFAB88AC0D4642E1.e.12868","ELEMENT":"f.6B59548A06B598AB2C6AF1A2C766605D.d.B2871BDE3C1A00E2EFAB88AC0D4642E1.e.12868"}]}
COMMAND: POST /session/5a60c8b5c70bea8172ebe4add6912aad/element - {"using":"css selector","value":"#shell-header-logo"}
COMMAND: GET /session/5a60c8b5c70bea8172ebe4add6912aad/screenshot - {}
RESULT: {"using":"css selector","value":"#shell-header-logo"}
COMMAND: POST /session/5a60c8b5c70bea8172ebe4add6912aad/execute/sync - {"script":"<script> [8489 bytes]","args":[{"element-6066-11e4-a52e-4f735466cecf":"f.6B59548A06B598AB2C6AF1A2C766605D.d.B2871BDE3C1A00E2EFAB88AC0D4642E1.e.12868","ELEMENT":"f.6B59548A06B598AB2C6AF1A2C766605D.d.B2871BDE3C1A00E2EFAB88AC0D4642E1.e.12868"}]}
RESULT: {}
RESULT: {"script":"<script> [8489 bytes]","args":[{"element-6066-11e4-a52e-4f735466cecf":"f.6B59548A06B598AB2C6AF1A2C766605D.d.B2871BDE3C1A00E2EFAB88AC0D4642E1.e.12868","ELEMENT":"f.6B59548A06B598AB2C6AF1A2C766605D.d.B2871BDE3C1A00E2EFAB88AC0D4642E1.e.12868"}]}
COMMAND: POST /session/5a60c8b5c70bea8172ebe4add6912aad/execute/sync - {"script":"<script> [5351 bytes]","args":[{"element-6066-11e4-a52e-4f735466cecf":"f.6B59548A06B598AB2C6AF1A2C766605D.d.B2871BDE3C1A00E2EFAB88AC0D4642E1.e.12868","ELEMENT":"f.6B59548A06B598AB2C6AF1A2C766605D.d.B2871BDE3C1A00E2EFAB88AC0D4642E1.e.12868"}]}
COMMAND: GET /session/5a60c8b5c70bea8172ebe4add6912aad/screenshot - {}
RESULT: {"script":"<script> [5351 bytes]","args":[{"element-6066-11e4-a52e-4f735466cecf":"f.6B59548A06B598AB2C6AF1A2C766605D.d.B2871BDE3C1A00E2EFAB88AC0D4642E1.e.12868","ELEMENT":"f.6B59548A06B598AB2C6AF1A2C766605D.d.B2871BDE3C1A00E2EFAB88AC0D4642E1.e.12868"}]}
COMMAND: POST /session/5a60c8b5c70bea8172ebe4add6912aad/element - {"using":"css selector","value":"#shell-header-logo"}
COMMAND: GET /session/5a60c8b5c70bea8172ebe4add6912aad/screenshot - {}
RESULT: {}
RESULT: {"using":"css selector","value":"#shell-header-logo"}
COMMAND: POST /session/5a60c8b5c70bea8172ebe4add6912aad/element/f.6B59548A06B598AB2C6AF1A2C766605D.d.B2871BDE3C1A00E2EFAB88AC0D4642E1.e.12868/click - {}
RESULT: {}
RESULT: {}
COMMAND: GET /session/5a60c8b5c70bea8172ebe4add6912aad/screenshot - {}
RESULT: {}
COMMAND: POST /session/5a60c8b5c70bea8172ebe4add6912aad/execute/async - {"script":"<script> [189 bytes]","args":[]}
RESULT: {"script":"<script> [189 bytes]","args":[]}
COMMAND: POST /session/5a60c8b5c70bea8172ebe4add6912aad/execute/async - {"script":"<script> [123 bytes]","args":[]}
RESULT: {"script":"<script> [123 bytes]","args":[]}
COMMAND: POST /session/5a60c8b5c70bea8172ebe4add6912aad/timeouts - {"script":"<number>"}
RESULT: {"script":"<number>"}
COMMAND: GET /session/5a60c8b5c70bea8172ebe4add6912aad/timeouts - {}
RESULT: {}
RESULT: undefined
COMMAND: POST /session/5a60c8b5c70bea8172ebe4add6912aad/execute/async - {"script":"<script> [2676 bytes]","args":[]}
RESULT: {"script":"<script> [2676 bytes]","args":[]}
COMMAND: POST /session/5a60c8b5c70bea8172ebe4add6912aad/execute/async - {"script":"<script> [2342 bytes]","args":[{"protocol":"http","hostname":"0.0.0.0","path":"/","capabilities":{"browserName":"chrome","goog:chromeOptions":{"binary":"C:\\Program Files\\Google\\Chrome\\Application\\chrome.exe","args":["--start-maximized"]}},"logLevel":"warn","connectionRetryTimeout":120000,"connectionRetryCount":3,"logLevels":{},"enableDirectConnect":true,"strictSSL":true,"_":"65 more keys: [\"cacheDir\",\"port\",\"requestedCapabilities\",\"automationProtocol\",\"baseUrl\",\"waitforInterval\",\"waitforTimeout\",\"onReload\",\"beforeCommand\",\"afterCommand\",\"rootDir\",\"specs\",\"suites\",\"exclude\",\"groupLogsByTestSpec\",\"excludeDriverLogs\",\"bail\",\"framework\",\"reporters\",\"services\",\"maxInstances\",\"maxInstancesPerCapability\",\"injectGlobals\",\"filesToWatch\",\"execArgv\",\"runnerEnv\",\"runner\",\"shard\",\"specFileRetries\",\"specFileRetriesDelay\",\"specFileRetriesDeferred\",\"reporterSyncInterval\",\"reporterSyncTimeout\",\"cucumberFeaturesWithLineNumbers\",\"autoCompileOpts\",\"mochaOpts\",\"jasmineOpts\",\"cucumberOpts\",\"onPrepare\",\"onWorkerStart\",\"onWorkerEnd\",\"before\",\"beforeSession\",\"beforeSuite\",\"beforeHook\",\"beforeTest\",\"afterTest\",\"afterHook\",\"afterSuite\",\"afterSession\",\"after\",\"onComplete\",\"beforeAssertion\",\"afterAssertion\",\"beforeFeature\",\"beforeScenario\",\"beforeStep\",\"afterStep\",\"afterScenario\",\"afterFeature\",\"_\",\"suite\",\"$0\",\"ignoredWorkerServices\",\"wdi5\"]"}]}
RESULT: {"script":"<script> [2342 bytes]","args":[{"protocol":"http","hostname":"0.0.0.0","path":"/","capabilities":{"browserName":"chrome","goog:chromeOptions":{"binary":"C:\\Program Files\\Google\\Chrome\\Application\\chrome.exe","args":["--start-maximized"]}},"logLevel":"warn","connectionRetryTimeout":120000,"connectionRetryCount":3,"logLevels":{},"enableDirectConnect":true,"strictSSL":true,"_":"65 more keys: [\"cacheDir\",\"port\",\"requestedCapabilities\",\"automationProtocol\",\"baseUrl\",\"waitforInterval\",\"waitforTimeout\",\"onReload\",\"beforeCommand\",\"afterCommand\",\"rootDir\",\"specs\",\"suites\",\"exclude\",\"groupLogsByTestSpec\",\"excludeDriverLogs\",\"bail\",\"framework\",\"reporters\",\"services\",\"maxInstances\",\"maxInstancesPerCapability\",\"injectGlobals\",\"filesToWatch\",\"execArgv\",\"runnerEnv\",\"runner\",\"shard\",\"specFileRetries\",\"specFileRetriesDelay\",\"specFileRetriesDeferred\",\"reporterSyncInterval\",\"reporterSyncTimeout\",\"cucumberFeaturesWithLineNumbers\",\"autoCompileOpts\",\"mochaOpts\",\"jasmineOpts\",\"cucumberOpts\",\"onPrepare\",\"onWorkerStart\",\"onWorkerEnd\",\"before\",\"beforeSession\",\"beforeSuite\",\"beforeHook\",\"beforeTest\",\"afterTest\",\"afterHook\",\"afterSuite\",\"afterSession\",\"after\",\"onComplete\",\"beforeAssertion\",\"afterAssertion\",\"beforeFeature\",\"beforeScenario\",\"beforeStep\",\"afterStep\",\"afterScenario\",\"afterFeature\",\"_\",\"suite\",\"$0\",\"ignoredWorkerServices\",\"wdi5\"]"}]}
COMMAND: POST /session/5a60c8b5c70bea8172ebe4add6912aad/execute/async - {"script":"<script> [21126 bytes]","args":[35000]}
RESULT: {"script":"<script> [21126 bytes]","args":[35000]}
COMMAND: POST /session/5a60c8b5c70bea8172ebe4add6912aad/window/maximize - {}
RESULT: {}
COMMAND: POST /session/5a60c8b5c70bea8172ebe4add6912aad/execute/async - {"script":"<script> [1562 bytes]","args":[{"selector":{"id":"shell-header","interaction":{"idSuffix":"icon"}},"wdio_ui5_key":"shellheader"}]}
COMMAND: GET /session/5a60c8b5c70bea8172ebe4add6912aad/screenshot - {}
RESULT: {"script":"<script> [1562 bytes]","args":[{"selector":{"id":"shell-header","interaction":{"idSuffix":"icon"}},"wdio_ui5_key":"shellheader"}]}
RESULT: undefined
COMMAND: POST /session/5a60c8b5c70bea8172ebe4add6912aad/refresh - {}
RESULT: {}
RESULT: {}
COMMAND: GET /session/5a60c8b5c70bea8172ebe4add6912aad/screenshot - {}
RESULT: {}
COMMAND: POST /session/5a60c8b5c70bea8172ebe4add6912aad/refresh - {}
RESULT: {}
COMMAND: GET /session/5a60c8b5c70bea8172ebe4add6912aad/screenshot - {}
RESULT: {}
COMMAND: POST /session/5a60c8b5c70bea8172ebe4add6912aad/window/fullscreen - {}
RESULT: {}
COMMAND: POST /session/5a60c8b5c70bea8172ebe4add6912aad/execute/async - {"script":"<script> [189 bytes]","args":[]}
RESULT: {"script":"<script> [189 bytes]","args":[]}
COMMAND: POST /session/5a60c8b5c70bea8172ebe4add6912aad/execute/async - {"script":"<script> [123 bytes]","args":[]}
RESULT: {"script":"<script> [123 bytes]","args":[]}
COMMAND: POST /session/5a60c8b5c70bea8172ebe4add6912aad/timeouts - {"script":"<number>"}
RESULT: {"script":"<number>"}
COMMAND: GET /session/5a60c8b5c70bea8172ebe4add6912aad/timeouts - {}
RESULT: {}
RESULT: undefined
COMMAND: POST /session/5a60c8b5c70bea8172ebe4add6912aad/execute/async - {"script":"<script> [2676 bytes]","args":[]}
RESULT: {"script":"<script> [2676 bytes]","args":[]}
COMMAND: POST /session/5a60c8b5c70bea8172ebe4add6912aad/execute/async - {"script":"<script> [2342 bytes]","args":[{"protocol":"http","hostname":"0.0.0.0","path":"/","capabilities":{"browserName":"chrome","goog:chromeOptions":{"binary":"C:\\Program Files\\Google\\Chrome\\Application\\chrome.exe","args":["--start-maximized"]}},"logLevel":"warn","connectionRetryTimeout":120000,"connectionRetryCount":3,"logLevels":{},"enableDirectConnect":true,"strictSSL":true,"_":"65 more keys: [\"cacheDir\",\"port\",\"requestedCapabilities\",\"automationProtocol\",\"baseUrl\",\"waitforInterval\",\"waitforTimeout\",\"onReload\",\"beforeCommand\",\"afterCommand\",\"rootDir\",\"specs\",\"suites\",\"exclude\",\"groupLogsByTestSpec\",\"excludeDriverLogs\",\"bail\",\"framework\",\"reporters\",\"services\",\"maxInstances\",\"maxInstancesPerCapability\",\"injectGlobals\",\"filesToWatch\",\"execArgv\",\"runnerEnv\",\"runner\",\"shard\",\"specFileRetries\",\"specFileRetriesDelay\",\"specFileRetriesDeferred\",\"reporterSyncInterval\",\"reporterSyncTimeout\",\"cucumberFeaturesWithLineNumbers\",\"autoCompileOpts\",\"mochaOpts\",\"jasmineOpts\",\"cucumberOpts\",\"onPrepare\",\"onWorkerStart\",\"onWorkerEnd\",\"before\",\"beforeSession\",\"beforeSuite\",\"beforeHook\",\"beforeTest\",\"afterTest\",\"afterHook\",\"afterSuite\",\"afterSession\",\"after\",\"onComplete\",\"beforeAssertion\",\"afterAssertion\",\"beforeFeature\",\"beforeScenario\",\"beforeStep\",\"afterStep\",\"afterScenario\",\"afterFeature\",\"_\",\"suite\",\"$0\",\"ignoredWorkerServices\",\"wdi5\"]"}]}
RESULT: {"script":"<script> [2342 bytes]","args":[{"protocol":"http","hostname":"0.0.0.0","path":"/","capabilities":{"browserName":"chrome","goog:chromeOptions":{"binary":"C:\\Program Files\\Google\\Chrome\\Application\\chrome.exe","args":["--start-maximized"]}},"logLevel":"warn","connectionRetryTimeout":120000,"connectionRetryCount":3,"logLevels":{},"enableDirectConnect":true,"strictSSL":true,"_":"65 more keys: [\"cacheDir\",\"port\",\"requestedCapabilities\",\"automationProtocol\",\"baseUrl\",\"waitforInterval\",\"waitforTimeout\",\"onReload\",\"beforeCommand\",\"afterCommand\",\"rootDir\",\"specs\",\"suites\",\"exclude\",\"groupLogsByTestSpec\",\"excludeDriverLogs\",\"bail\",\"framework\",\"reporters\",\"services\",\"maxInstances\",\"maxInstancesPerCapability\",\"injectGlobals\",\"filesToWatch\",\"execArgv\",\"runnerEnv\",\"runner\",\"shard\",\"specFileRetries\",\"specFileRetriesDelay\",\"specFileRetriesDeferred\",\"reporterSyncInterval\",\"reporterSyncTimeout\",\"cucumberFeaturesWithLineNumbers\",\"autoCompileOpts\",\"mochaOpts\",\"jasmineOpts\",\"cucumberOpts\",\"onPrepare\",\"onWorkerStart\",\"onWorkerEnd\",\"before\",\"beforeSession\",\"beforeSuite\",\"beforeHook\",\"beforeTest\",\"afterTest\",\"afterHook\",\"afterSuite\",\"afterSession\",\"after\",\"onComplete\",\"beforeAssertion\",\"afterAssertion\",\"beforeFeature\",\"beforeScenario\",\"beforeStep\",\"afterStep\",\"afterScenario\",\"afterFeature\",\"_\",\"suite\",\"$0\",\"ignoredWorkerServices\",\"wdi5\"]"}]}
COMMAND: POST /session/5a60c8b5c70bea8172ebe4add6912aad/execute/async - {"script":"<script> [21126 bytes]","args":[35000]}
RESULT: {"script":"<script> [21126 bytes]","args":[35000]}
]]></system-out>
    </testcase>
  </testsuite>
  <testsuite timestamp="2025-05-07T17:27:52" time="459.132" tests="6" failures="6" errors="6" skipped="0">
    <properties>
      <property name="specId" value="0" />
      <property name="suiteName" value="Return from Site w/ warehouse management w/ clarification US125588" />
      <property name="capabilities" value="chrome.135_0_7049_115.windows" />
      <property name="file" value="file:///D:/a/1/s/test/specs/HTR/return-from-site-w-warehouse-management-w-clarification.spec.js" />
    </properties>
  </testsuite>
  <testsuite timestamp="2025-05-07T17:35:31" time="406.239" tests="7" failures="7" errors="7" skipped="0">
    <properties>
      <property name="specId" value="0" />
      <property name="suiteName" value="Provide to Site w/ warehouse management w clarification" />
      <property name="capabilities" value="chrome.135_0_7049_115.windows" />
      <property name="file" value="file:///D:/a/1/s/test/specs/HTR/return-from-site-w-warehouse-management-w-clarification.spec.js" />
    </properties>
  </testsuite>
  <testsuite timestamp="2025-05-07T17:42:17" time="400.677" tests="9" failures="7" errors="7" skipped="0">
    <properties>
      <property name="specId" value="0" />
      <property name="suiteName" value="Create masterdata for Yard Overview - trigger provide US130988" />
      <property name="capabilities" value="chrome.135_0_7049_115.windows" />
      <property name="file" value="file:///D:/a/1/s/test/specs/HTR/stock-decrease.spec.js" />
    </properties>
    <testcase classname="chrome.135_0_7049_115.windows.Create_masterdata_for_Yard_Overview_-_trigger_provide_US130988" name="create a whm for yard" time="45.651">
      <system-out><![CDATA[
COMMAND: POST /session/5a60c8b5c70bea8172ebe4add6912aad/element - {"using":"css selector","value":"#shell-header-icon"}
COMMAND: GET /session/5a60c8b5c70bea8172ebe4add6912aad/screenshot - {}
RESULT: {"using":"css selector","value":"#shell-header-icon"}
COMMAND: POST /session/5a60c8b5c70bea8172ebe4add6912aad/execute/sync - {"script":"<script> [8489 bytes]","args":[{"element-6066-11e4-a52e-4f735466cecf":"f.6B59548A06B598AB2C6AF1A2C766605D.d.46CC7BFF31A400E929EBE7151ED3EA92.e.14011","ELEMENT":"f.6B59548A06B598AB2C6AF1A2C766605D.d.46CC7BFF31A400E929EBE7151ED3EA92.e.14011"}]}
RESULT: {}
RESULT: {"script":"<script> [8489 bytes]","args":[{"element-6066-11e4-a52e-4f735466cecf":"f.6B59548A06B598AB2C6AF1A2C766605D.d.46CC7BFF31A400E929EBE7151ED3EA92.e.14011","ELEMENT":"f.6B59548A06B598AB2C6AF1A2C766605D.d.46CC7BFF31A400E929EBE7151ED3EA92.e.14011"}]}
COMMAND: GET /session/5a60c8b5c70bea8172ebe4add6912aad/element/f.6B59548A06B598AB2C6AF1A2C766605D.d.46CC7BFF31A400E929EBE7151ED3EA92.e.14011/enabled - {}
COMMAND: GET /session/5a60c8b5c70bea8172ebe4add6912aad/screenshot - {}
RESULT: {}
COMMAND: POST /session/5a60c8b5c70bea8172ebe4add6912aad/element/f.6B59548A06B598AB2C6AF1A2C766605D.d.46CC7BFF31A400E929EBE7151ED3EA92.e.14011/click - {}
COMMAND: GET /session/5a60c8b5c70bea8172ebe4add6912aad/screenshot - {}
RESULT: {}
RESULT: {}
COMMAND: GET /session/5a60c8b5c70bea8172ebe4add6912aad/screenshot - {}
RESULT: {}
RESULT: {}
COMMAND: POST /session/5a60c8b5c70bea8172ebe4add6912aad/element - {"using":"xpath","value":"//div[text()='Warehouse']"}
RESULT: {"using":"xpath","value":"//div[text()='Warehouse']"}
COMMAND: POST /session/5a60c8b5c70bea8172ebe4add6912aad/elements - {"using":"xpath","value":"//div[text()='Warehouse']"}
RESULT: {"using":"xpath","value":"//div[text()='Warehouse']"}
COMMAND: POST /session/5a60c8b5c70bea8172ebe4add6912aad/element/f.6B59548A06B598AB2C6AF1A2C766605D.d.46CC7BFF31A400E929EBE7151ED3EA92.e.14616/click - {}
RESULT: {}
COMMAND: POST /session/5a60c8b5c70bea8172ebe4add6912aad/element - {"using":"xpath","value":"//span[text()='Manage Warehouse Movements']"}
COMMAND: GET /session/5a60c8b5c70bea8172ebe4add6912aad/screenshot - {}
RESULT: {"using":"xpath","value":"//span[text()='Manage Warehouse Movements']"}
COMMAND: POST /session/5a60c8b5c70bea8172ebe4add6912aad/elements - {"using":"xpath","value":"//span[text()='Manage Warehouse Movements']"}
RESULT: {}
RESULT: {"using":"xpath","value":"//span[text()='Manage Warehouse Movements']"}
COMMAND: POST /session/5a60c8b5c70bea8172ebe4add6912aad/element - {"using":"xpath","value":"//input[@id='application-warehousemovements-display-component---warehouseMovements--smartFilterBar-filterItemControl_BASIC-YARD-inner']"}
RESULT: {"using":"xpath","value":"//input[@id='application-warehousemovements-display-component---warehouseMovements--smartFilterBar-filterItemControl_BASIC-YARD-inner']"}
COMMAND: POST /session/5a60c8b5c70bea8172ebe4add6912aad/element - {"using":"xpath","value":"//input[@id='application-warehousemovements-display-component---warehouseMovements--smartFilterBar-filterItemControl_BASIC-YARD-inner']"}
RESULT: {"using":"xpath","value":"//input[@id='application-warehousemovements-display-component---warehouseMovements--smartFilterBar-filterItemControl_BASIC-YARD-inner']"}
COMMAND: POST /session/5a60c8b5c70bea8172ebe4add6912aad/actions - {"actions":[{"id":"action56","type":"key","parameters":{},"actions":[{"type":"keyDown","value":"î€‡"},{"type":"pause","duration":10},{"type":"keyUp","value":"î€‡"}]}]}
RESULT: {"actions":[{"id":"action56","type":"key","parameters":{},"actions":[{"type":"keyDown","value":"î€‡"},{"type":"pause","duration":10},{"type":"keyUp","value":"î€‡"}]}]}
COMMAND: POST /session/5a60c8b5c70bea8172ebe4add6912aad/element - {"using":"xpath","value":"(//*[@title=\"Add New Movement\"])[1]"}
COMMAND: GET /session/5a60c8b5c70bea8172ebe4add6912aad/screenshot - {}
RESULT: {"using":"xpath","value":"(//*[@title=\"Add New Movement\"])[1]"}
COMMAND: POST /session/5a60c8b5c70bea8172ebe4add6912aad/element - {"using":"xpath","value":"(//*[@title=\"Add New Movement\"])[1]"}
RESULT: {}
RESULT: {"using":"xpath","value":"(//*[@title=\"Add New Movement\"])[1]"}
COMMAND: POST /session/5a60c8b5c70bea8172ebe4add6912aad/element - {"using":"xpath","value":"//*[@id=\"application-warehousemovements-display-component---addMovement--sectionsList-arrow\"]"}
RESULT: {"using":"xpath","value":"//*[@id=\"application-warehousemovements-display-component---addMovement--sectionsList-arrow\"]"}
COMMAND: POST /session/5a60c8b5c70bea8172ebe4add6912aad/element - {"using":"xpath","value":"//*[@id=\"application-warehousemovements-display-component---addMovement--sectionsList-arrow\"]"}
RESULT: {"using":"xpath","value":"//*[@id=\"application-warehousemovements-display-component---addMovement--sectionsList-arrow\"]"}
COMMAND: POST /session/5a60c8b5c70bea8172ebe4add6912aad/element - {"using":"xpath","value":"//*[@id=\"application-warehousemovements-display-component---addMovement--saveMovementBtn-BDI-content\" and text()=\"Save\"]"}
RESULT: {"using":"xpath","value":"//*[@id=\"application-warehousemovements-display-component---addMovement--saveMovementBtn-BDI-content\" and text()=\"Save\"]"}
COMMAND: POST /session/5a60c8b5c70bea8172ebe4add6912aad/element - {"using":"xpath","value":"//*[@id=\"application-warehousemovements-display-component---addMovement--saveMovementBtn-BDI-content\" and text()=\"Save\"]"}
RESULT: {"using":"xpath","value":"//*[@id=\"application-warehousemovements-display-component---addMovement--saveMovementBtn-BDI-content\" and text()=\"Save\"]"}
COMMAND: POST /session/5a60c8b5c70bea8172ebe4add6912aad/execute/sync - {"script":"<script> [8489 bytes]","args":[{"element-6066-11e4-a52e-4f735466cecf":"f.6B59548A06B598AB2C6AF1A2C766605D.d.46CC7BFF31A400E929EBE7151ED3EA92.e.14011","ELEMENT":"f.6B59548A06B598AB2C6AF1A2C766605D.d.46CC7BFF31A400E929EBE7151ED3EA92.e.14011"}]}
COMMAND: POST /session/5a60c8b5c70bea8172ebe4add6912aad/element - {"using":"css selector","value":"#shell-header-icon"}
RESULT: {"using":"css selector","value":"#shell-header-icon"}
COMMAND: POST /session/5a60c8b5c70bea8172ebe4add6912aad/execute/sync - {"script":"<script> [8489 bytes]","args":[{"element-6066-11e4-a52e-4f735466cecf":"f.6B59548A06B598AB2C6AF1A2C766605D.d.46CC7BFF31A400E929EBE7151ED3EA92.e.14617","ELEMENT":"f.6B59548A06B598AB2C6AF1A2C766605D.d.46CC7BFF31A400E929EBE7151ED3EA92.e.14617"}]}
RESULT: {"script":"<script> [8489 bytes]","args":[{"element-6066-11e4-a52e-4f735466cecf":"f.6B59548A06B598AB2C6AF1A2C766605D.d.46CC7BFF31A400E929EBE7151ED3EA92.e.14617","ELEMENT":"f.6B59548A06B598AB2C6AF1A2C766605D.d.46CC7BFF31A400E929EBE7151ED3EA92.e.14617"}]}
COMMAND: GET /session/5a60c8b5c70bea8172ebe4add6912aad/element/f.6B59548A06B598AB2C6AF1A2C766605D.d.46CC7BFF31A400E929EBE7151ED3EA92.e.14617/enabled - {}
COMMAND: GET /session/5a60c8b5c70bea8172ebe4add6912aad/screenshot - {}
RESULT: {}
COMMAND: POST /session/5a60c8b5c70bea8172ebe4add6912aad/element/f.6B59548A06B598AB2C6AF1A2C766605D.d.46CC7BFF31A400E929EBE7151ED3EA92.e.14617/click - {}
COMMAND: GET /session/5a60c8b5c70bea8172ebe4add6912aad/screenshot - {}
RESULT: {}
RESULT: {}
COMMAND: GET /session/5a60c8b5c70bea8172ebe4add6912aad/screenshot - {}
RESULT: {}
RESULT: {}
]]></system-out>
    </testcase>
    <testcase classname="chrome.135_0_7049_115.windows.Create_masterdata_for_Yard_Overview_-_trigger_provide_US130988" name="Set status to defect" time="24.341">
      <system-out><![CDATA[
COMMAND: POST /session/5a60c8b5c70bea8172ebe4add6912aad/execute/async - {"script":"<script> [1562 bytes]","args":[{"selector":{"controlType":"sap.ushell.ui.launchpad.AnchorItem","bindingPath":{"path":"/groups/3","propertyPath":"index"},"interaction":{"idSuffix":"inner"}},"wdio_ui5_key":"sapushell.ui.launchpad.AnchorItem{\"path\":\"/groups/3\",\"propertyPath\":\"index\"}"}]}
COMMAND: GET /session/5a60c8b5c70bea8172ebe4add6912aad/screenshot - {}
RESULT: {"script":"<script> [1562 bytes]","args":[{"selector":{"controlType":"sap.ushell.ui.launchpad.AnchorItem","bindingPath":{"path":"/groups/3","propertyPath":"index"},"interaction":{"idSuffix":"inner"}},"wdio_ui5_key":"sapushell.ui.launchpad.AnchorItem{\"path\":\"/groups/3\",\"propertyPath\":\"index\"}"}]}
RESULT: undefined
RESULT: {}
COMMAND: POST /session/5a60c8b5c70bea8172ebe4add6912aad/execute/async - {"script":"<script> [1562 bytes]","args":[{"selector":{"controlType":"sap.m.GenericTile","properties":{"header":"Manage States & Performance"}},"wdio_ui5_key":"sapm.GenericTile{\"header\":\"Manage States & Performance\"}"}]}
RESULT: {"script":"<script> [1562 bytes]","args":[{"selector":{"controlType":"sap.m.GenericTile","properties":{"header":"Manage States & Performance"}},"wdio_ui5_key":"sapm.GenericTile{\"header\":\"Manage States & Performance\"}"}]}
RESULT: undefined
COMMAND: POST /session/5a60c8b5c70bea8172ebe4add6912aad/execute/async - {"script":"<script> [1562 bytes]","args":[{"selector":{"controlType":"sap.ui.core.Icon","viewName":"etm.portal.ui.managestatesandperformance.view.Master","viewId":"application-managestatesandperformance-display-component---stateAndPerform","properties":{"src":{"regex":{"source":"inventory"}}}},"wdio_ui5_key":"etmportal.ui.managestatesandperformance.view.Mastersap.ui.core.Icon{\"src\":{\"regex\":{\"source\":\"inventory\"}}}"}]}
RESULT: {"script":"<script> [1562 bytes]","args":[{"selector":{"controlType":"sap.ui.core.Icon","viewName":"etm.portal.ui.managestatesandperformance.view.Master","viewId":"application-managestatesandperformance-display-component---stateAndPerform","properties":{"src":{"regex":{"source":"inventory"}}}},"wdio_ui5_key":"etmportal.ui.managestatesandperformance.view.Mastersap.ui.core.Icon{\"src\":{\"regex\":{\"source\":\"inventory\"}}}"}]}
RESULT: undefined
COMMAND: POST /session/5a60c8b5c70bea8172ebe4add6912aad/execute/async - {"script":"<script> [1562 bytes]","args":[{"selector":{"id":"application-managestatesandperformance-display-component---stateAndPerform--smartFilterBarYard-btnBasicSearch","interaction":{"idSuffix":"I"}},"wdio_ui5_key":"applicationmanagestatesandperformance-display-component---stateAndPerform--smartFilterBarYard-btnBasicSearch"}]}
RESULT: {"script":"<script> [1562 bytes]","args":[{"selector":{"id":"application-managestatesandperformance-display-component---stateAndPerform--smartFilterBarYard-btnBasicSearch","interaction":{"idSuffix":"I"}},"wdio_ui5_key":"applicationmanagestatesandperformance-display-component---stateAndPerform--smartFilterBarYard-btnBasicSearch"}]}
RESULT: undefined
COMMAND: POST /session/5a60c8b5c70bea8172ebe4add6912aad/execute/async - {"script":"<script> [1562 bytes]","args":[{"selector":{"controlType":"sap.m.ColumnListItem","viewName":"etm.portal.ui.managestatesandperformance.view.Master","viewId":"application-managestatesandperformance-display-component---stateAndPerform","properties":{"type":"Navigation"},"interaction":{"idSuffix":"cell0"}},"wdio_ui5_key":"etmportal.ui.managestatesandperformance.view.Mastersap.m.ColumnListItem{\"type\":\"Navigation\"}"}]}
RESULT: {"script":"<script> [1562 bytes]","args":[{"selector":{"controlType":"sap.m.ColumnListItem","viewName":"etm.portal.ui.managestatesandperformance.view.Master","viewId":"application-managestatesandperformance-display-component---stateAndPerform","properties":{"type":"Navigation"},"interaction":{"idSuffix":"cell0"}},"wdio_ui5_key":"etmportal.ui.managestatesandperformance.view.Mastersap.m.ColumnListItem{\"type\":\"Navigation\"}"}]}
RESULT: undefined
COMMAND: POST /session/5a60c8b5c70bea8172ebe4add6912aad/execute/async - {"script":"<script> [1562 bytes]","args":[{"selector":{"controlType":"sap.m.Button","viewName":"etm.portal.ui.managestatesandperformance.view.Detail","viewId":"application-managestatesandperformance-display-component---detailStateAndPerform","i18NText":{"propertyName":"text","key":"createStateChange"},"interaction":{"idSuffix":"content"}},"wdio_ui5_key":"etmportal.ui.managestatesandperformance.view.Detailsap.m.Button{\"propertyName\":\"text\",\"key\":\"createStateChange\"}"}]}
RESULT: {"script":"<script> [1562 bytes]","args":[{"selector":{"controlType":"sap.m.Button","viewName":"etm.portal.ui.managestatesandperformance.view.Detail","viewId":"application-managestatesandperformance-display-component---detailStateAndPerform","i18NText":{"propertyName":"text","key":"createStateChange"},"interaction":{"idSuffix":"content"}},"wdio_ui5_key":"etmportal.ui.managestatesandperformance.view.Detailsap.m.Button{\"propertyName\":\"text\",\"key\":\"createStateChange\"}"}]}
RESULT: undefined
COMMAND: POST /session/5a60c8b5c70bea8172ebe4add6912aad/execute/async - {"script":"<script> [1562 bytes]","args":[{"selector":{"id":"addStateDialog--stateSelect","searchOpenDialogs":true,"interaction":{"idSuffix":"arrow"}},"wdio_ui5_key":"addStateDialogstateSelect"}]}
RESULT: {"script":"<script> [1562 bytes]","args":[{"selector":{"id":"addStateDialog--stateSelect","searchOpenDialogs":true,"interaction":{"idSuffix":"arrow"}},"wdio_ui5_key":"addStateDialogstateSelect"}]}
RESULT: undefined
COMMAND: POST /session/5a60c8b5c70bea8172ebe4add6912aad/execute/async - {"script":"<script> [1562 bytes]","args":[{"selector":{"controlType":"sap.ui.core.Item","viewName":"etm.portal.ui.managestatesandperformance.view.Detail","viewId":"application-managestatesandperformance-display-component---detailStateAndPerform","bindingPath":{"path":"/StateTypes(70)","propertyPath":"STATE","modelName":"catalogModel"},"searchOpenDialogs":true},"wdio_ui5_key":"etmportal.ui.managestatesandperformance.view.Detailsap.ui.core.Item{\"path\":\"/StateTypes(70)\",\"propertyPath\":\"STATE\",\"modelName\":\"catalogModel\"}"}]}
RESULT: {"script":"<script> [1562 bytes]","args":[{"selector":{"controlType":"sap.ui.core.Item","viewName":"etm.portal.ui.managestatesandperformance.view.Detail","viewId":"application-managestatesandperformance-display-component---detailStateAndPerform","bindingPath":{"path":"/StateTypes(70)","propertyPath":"STATE","modelName":"catalogModel"},"searchOpenDialogs":true},"wdio_ui5_key":"etmportal.ui.managestatesandperformance.view.Detailsap.ui.core.Item{\"path\":\"/StateTypes(70)\",\"propertyPath\":\"STATE\",\"modelName\":\"catalogModel\"}"}]}
RESULT: undefined
COMMAND: POST /session/5a60c8b5c70bea8172ebe4add6912aad/execute/async - {"script":"<script> [1562 bytes]","args":[{"selector":{"controlType":"sap.m.NumericInput","viewName":"etm.portal.ui.managestatesandperformance.view.Detail","viewId":"application-managestatesandperformance-display-component---detailStateAndPerform","properties":{"value":"0"},"searchOpenDialogs":true,"interaction":{"idSuffix":"inner"}},"wdio_ui5_key":"etmportal.ui.managestatesandperformance.view.Detailsap.m.NumericInput{\"value\":\"0\"}"}]}
RESULT: {"script":"<script> [1562 bytes]","args":[{"selector":{"controlType":"sap.m.NumericInput","viewName":"etm.portal.ui.managestatesandperformance.view.Detail","viewId":"application-managestatesandperformance-display-component---detailStateAndPerform","properties":{"value":"0"},"searchOpenDialogs":true,"interaction":{"idSuffix":"inner"}},"wdio_ui5_key":"etmportal.ui.managestatesandperformance.view.Detailsap.m.NumericInput{\"value\":\"0\"}"}]}
RESULT: undefined
COMMAND: POST /session/5a60c8b5c70bea8172ebe4add6912aad/execute/async - {"script":"<script> [1562 bytes]","args":[{"selector":{"controlType":"sap.m.Button","viewName":"etm.portal.ui.managestatesandperformance.view.Detail","viewId":"application-managestatesandperformance-display-component---detailStateAndPerform","i18NText":{"propertyName":"text","key":"save"},"searchOpenDialogs":true,"interaction":{"idSuffix":"BDI-content"}},"wdio_ui5_key":"etmportal.ui.managestatesandperformance.view.Detailsap.m.Button{\"propertyName\":\"text\",\"key\":\"save\"}"}]}
RESULT: {"script":"<script> [1562 bytes]","args":[{"selector":{"controlType":"sap.m.Button","viewName":"etm.portal.ui.managestatesandperformance.view.Detail","viewId":"application-managestatesandperformance-display-component---detailStateAndPerform","i18NText":{"propertyName":"text","key":"save"},"searchOpenDialogs":true,"interaction":{"idSuffix":"BDI-content"}},"wdio_ui5_key":"etmportal.ui.managestatesandperformance.view.Detailsap.m.Button{\"propertyName\":\"text\",\"key\":\"save\"}"}]}
RESULT: undefined
COMMAND: POST /session/5a60c8b5c70bea8172ebe4add6912aad/element - {"using":"css selector","value":"#shell-header-logo"}
RESULT: {"using":"css selector","value":"#shell-header-logo"}
COMMAND: POST /session/5a60c8b5c70bea8172ebe4add6912aad/element/f.6B59548A06B598AB2C6AF1A2C766605D.d.46CC7BFF31A400E929EBE7151ED3EA92.e.14622/click - {}
RESULT: {}
COMMAND: GET /session/5a60c8b5c70bea8172ebe4add6912aad/screenshot - {}
RESULT: {}
]]></system-out>
    </testcase>
  </testsuite>
  <testsuite timestamp="2025-05-07T17:48:58" time="242.579" tests="3" failures="1" errors="1" skipped="0">
    <properties>
      <property name="specId" value="0" />
      <property name="suiteName" value="Transfer Yard to Yard US131076" />
      <property name="capabilities" value="chrome.135_0_7049_115.windows" />
      <property name="file" value="file:///D:/a/1/s/test/specs/HTR/transfer-yard-to-yard.spec.js" />
    </properties>
    <testcase classname="chrome.135_0_7049_115.windows.Transfer_Yard_to_Yard_US131076" name="Should create one equipment and one multipart" time="141.977">
      <system-out><![CDATA[
COMMAND: POST /session/5a60c8b5c70bea8172ebe4add6912aad/execute/async - {"script":"<script> [1562 bytes]","args":[{"selector":{"controlType":"sap.m.GenericTile","properties":{"header":"Manage Resources"}},"wdio_ui5_key":"sapm.GenericTile{\"header\":\"Manage Resources\"}"}]}
RESULT: {}
RESULT: {"script":"<script> [1562 bytes]","args":[{"selector":{"controlType":"sap.m.GenericTile","properties":{"header":"Manage Resources"}},"wdio_ui5_key":"sapm.GenericTile{\"header\":\"Manage Resources\"}"}]}
RESULT: undefined
COMMAND: POST /session/5a60c8b5c70bea8172ebe4add6912aad/element - {"using":"xpath","value":"//*[@id=\"__tile39\"]"}
RESULT: {"using":"xpath","value":"//*[@id=\"__tile39\"]"}
COMMAND: POST /session/5a60c8b5c70bea8172ebe4add6912aad/element/f.6B59548A06B598AB2C6AF1A2C766605D.d.7779D434663973A0650B8156D522E3B3.e.15455/click - {}
RESULT: {}
COMMAND: GET /session/5a60c8b5c70bea8172ebe4add6912aad/screenshot - {}
RESULT: {}
COMMAND: POST /session/5a60c8b5c70bea8172ebe4add6912aad/execute/async - {"script":"<script> [1562 bytes]","args":[{"selector":{"controlType":"sap.ui.core.Icon","viewName":"etm.portal.ui.manageresources.view.Master","viewId":"application-manageresources-display-component---masterRU","properties":{"src":{"regex":{"source":"add"}}}},"wdio_ui5_key":"etmportal.ui.manageresources.view.Mastersap.ui.core.Icon{\"src\":{\"regex\":{\"source\":\"add\"}}}"}]}
RESULT: {"script":"<script> [1562 bytes]","args":[{"selector":{"controlType":"sap.ui.core.Icon","viewName":"etm.portal.ui.manageresources.view.Master","viewId":"application-manageresources-display-component---masterRU","properties":{"src":{"regex":{"source":"add"}}}},"wdio_ui5_key":"etmportal.ui.manageresources.view.Mastersap.ui.core.Icon{\"src\":{\"regex\":{\"source\":\"add\"}}}"}]}
RESULT: undefined
COMMAND: POST /session/5a60c8b5c70bea8172ebe4add6912aad/element - {"using":"xpath","value":"//*[@id=\"__button5-img\"]"}
RESULT: {"using":"xpath","value":"//*[@id=\"__button5-img\"]"}
COMMAND: POST /session/5a60c8b5c70bea8172ebe4add6912aad/element/f.6B59548A06B598AB2C6AF1A2C766605D.d.7779D434663973A0650B8156D522E3B3.e.15500/click - {}
RESULT: {}
COMMAND: GET /session/5a60c8b5c70bea8172ebe4add6912aad/screenshot - {}
RESULT: {}
COMMAND: POST /session/5a60c8b5c70bea8172ebe4add6912aad/execute/async - {"script":"<script> [1562 bytes]","args":[{"selector":{"id":"application-manageresources-display-component---newResourceUnit--TYPE-arrow"},"wdio_ui5_key":"applicationmanageresources-display-component---newResourceUnit--TYPE-arrow"}]}
RESULT: {"script":"<script> [1562 bytes]","args":[{"selector":{"id":"application-manageresources-display-component---newResourceUnit--TYPE-arrow"},"wdio_ui5_key":"applicationmanageresources-display-component---newResourceUnit--TYPE-arrow"}]}
RESULT: undefined
COMMAND: POST /session/5a60c8b5c70bea8172ebe4add6912aad/element - {"using":"xpath","value":"//*[@id=\"application-manageresources-display-component---newResourceUnit--TYPE-arrow\"]"}
RESULT: {"using":"xpath","value":"//*[@id=\"application-manageresources-display-component---newResourceUnit--TYPE-arrow\"]"}
COMMAND: POST /session/5a60c8b5c70bea8172ebe4add6912aad/element/f.6B59548A06B598AB2C6AF1A2C766605D.d.7779D434663973A0650B8156D522E3B3.e.15825/click - {}
RESULT: {}
COMMAND: POST /session/5a60c8b5c70bea8172ebe4add6912aad/execute/async - {"script":"<script> [1562 bytes]","args":[{"selector":{"controlType":"sap.m.StandardListItem","viewName":"reusables.view.manageresources.NewResourceUnit","viewId":"application-manageresources-display-component---newResourceUnit","properties":{"title":"Equipment"},"searchOpenDialogs":true,"interaction":{"idSuffix":"content"}},"wdio_ui5_key":"reusablesview.manageresources.NewResourceUnitsap.m.StandardListItem{\"title\":\"Equipment\"}"}]}
COMMAND: GET /session/5a60c8b5c70bea8172ebe4add6912aad/screenshot - {}
RESULT: {"script":"<script> [1562 bytes]","args":[{"selector":{"controlType":"sap.m.StandardListItem","viewName":"reusables.view.manageresources.NewResourceUnit","viewId":"application-manageresources-display-component---newResourceUnit","properties":{"title":"Equipment"},"searchOpenDialogs":true,"interaction":{"idSuffix":"content"}},"wdio_ui5_key":"reusablesview.manageresources.NewResourceUnitsap.m.StandardListItem{\"title\":\"Equipment\"}"}]}
RESULT: undefined
COMMAND: POST /session/5a60c8b5c70bea8172ebe4add6912aad/element - {"using":"xpath","value":"//*[@id=\"__item141\"]"}
RESULT: {}
RESULT: {"using":"xpath","value":"//*[@id=\"__item141\"]"}
COMMAND: POST /session/5a60c8b5c70bea8172ebe4add6912aad/element/f.6B59548A06B598AB2C6AF1A2C766605D.d.7779D434663973A0650B8156D522E3B3.e.15828/click - {}
RESULT: {}
COMMAND: POST /session/5a60c8b5c70bea8172ebe4add6912aad/execute/async - {"script":"<script> [1562 bytes]","args":[{"selector":{"id":"application-manageresources-display-component---newResourceUnit--resourceId","interaction":{"idSuffix":"inner"}},"wdio_ui5_key":"applicationmanageresources-display-component---newResourceUnit--resourceId"}]}
COMMAND: GET /session/5a60c8b5c70bea8172ebe4add6912aad/screenshot - {}
RESULT: {"script":"<script> [1562 bytes]","args":[{"selector":{"id":"application-manageresources-display-component---newResourceUnit--resourceId","interaction":{"idSuffix":"inner"}},"wdio_ui5_key":"applicationmanageresources-display-component---newResourceUnit--resourceId"}]}
RESULT: undefined
COMMAND: POST /session/5a60c8b5c70bea8172ebe4add6912aad/execute/async - {"script":"<script> [776 bytes]","args":[{"enterText":"TransferYardEquipf0rgx","selector":{"id":"application-manageresources-display-component---newResourceUnit--resourceId","interaction":{"idSuffix":"inner"}},"clearTextFirst":true,"interactionType":"ENTER_TEXT"}]}
RESULT: {}
RESULT: {"script":"<script> [776 bytes]","args":[{"enterText":"TransferYardEquipf0rgx","selector":{"id":"application-manageresources-display-component---newResourceUnit--resourceId","interaction":{"idSuffix":"inner"}},"clearTextFirst":true,"interactionType":"ENTER_TEXT"}]}
COMMAND: POST /session/5a60c8b5c70bea8172ebe4add6912aad/execute/async - {"script":"<script> [1562 bytes]","args":[{"selector":{"id":"application-manageresources-display-component---newResourceUnit--SHORT_TEXT","interaction":{"idSuffix":"inner"}},"wdio_ui5_key":"applicationmanageresources-display-component---newResourceUnit--SHORT_TEXT"}]}
RESULT: {"script":"<script> [1562 bytes]","args":[{"selector":{"id":"application-manageresources-display-component---newResourceUnit--SHORT_TEXT","interaction":{"idSuffix":"inner"}},"wdio_ui5_key":"applicationmanageresources-display-component---newResourceUnit--SHORT_TEXT"}]}
RESULT: undefined
COMMAND: POST /session/5a60c8b5c70bea8172ebe4add6912aad/execute/async - {"script":"<script> [776 bytes]","args":[{"enterText":"Equip4transfer","selector":{"id":"application-manageresources-display-component---newResourceUnit--SHORT_TEXT","interaction":{"idSuffix":"inner"}},"clearTextFirst":true,"interactionType":"ENTER_TEXT"}]}
RESULT: {"script":"<script> [776 bytes]","args":[{"enterText":"Equip4transfer","selector":{"id":"application-manageresources-display-component---newResourceUnit--SHORT_TEXT","interaction":{"idSuffix":"inner"}},"clearTextFirst":true,"interactionType":"ENTER_TEXT"}]}
COMMAND: POST /session/5a60c8b5c70bea8172ebe4add6912aad/execute/async - {"script":"<script> [1562 bytes]","args":[{"selector":{"id":"application-manageresources-display-component---newResourceUnit--BASE_UNIT_OF_MEASURE","interaction":{"idSuffix":"inner"}},"wdio_ui5_key":"applicationmanageresources-display-component---newResourceUnit--BASE_UNIT_OF_MEASURE"}]}
RESULT: {"script":"<script> [1562 bytes]","args":[{"selector":{"id":"application-manageresources-display-component---newResourceUnit--BASE_UNIT_OF_MEASURE","interaction":{"idSuffix":"inner"}},"wdio_ui5_key":"applicationmanageresources-display-component---newResourceUnit--BASE_UNIT_OF_MEASURE"}]}
RESULT: undefined
COMMAND: POST /session/5a60c8b5c70bea8172ebe4add6912aad/execute/async - {"script":"<script> [776 bytes]","args":[{"enterText":"Piece","selector":{"id":"application-manageresources-display-component---newResourceUnit--BASE_UNIT_OF_MEASURE","interaction":{"idSuffix":"inner"}},"clearTextFirst":true,"interactionType":"ENTER_TEXT"}]}
RESULT: {"script":"<script> [776 bytes]","args":[{"enterText":"Piece","selector":{"id":"application-manageresources-display-component---newResourceUnit--BASE_UNIT_OF_MEASURE","interaction":{"idSuffix":"inner"}},"clearTextFirst":true,"interactionType":"ENTER_TEXT"}]}
COMMAND: POST /session/5a60c8b5c70bea8172ebe4add6912aad/execute/async - {"script":"<script> [1562 bytes]","args":[{"selector":{"id":"application-manageresources-display-component---newResourceUnit--WEIGHT_UNIT","interaction":{"idSuffix":"inner"}},"wdio_ui5_key":"applicationmanageresources-display-component---newResourceUnit--WEIGHT_UNIT"}]}
RESULT: {"script":"<script> [1562 bytes]","args":[{"selector":{"id":"application-manageresources-display-component---newResourceUnit--WEIGHT_UNIT","interaction":{"idSuffix":"inner"}},"wdio_ui5_key":"applicationmanageresources-display-component---newResourceUnit--WEIGHT_UNIT"}]}
RESULT: undefined
COMMAND: POST /session/5a60c8b5c70bea8172ebe4add6912aad/execute/async - {"script":"<script> [776 bytes]","args":[{"enterText":"Gram","selector":{"id":"application-manageresources-display-component---newResourceUnit--WEIGHT_UNIT","interaction":{"idSuffix":"inner"}},"clearTextFirst":true,"interactionType":"ENTER_TEXT"}]}
RESULT: {"script":"<script> [776 bytes]","args":[{"enterText":"Gram","selector":{"id":"application-manageresources-display-component---newResourceUnit--WEIGHT_UNIT","interaction":{"idSuffix":"inner"}},"clearTextFirst":true,"interactionType":"ENTER_TEXT"}]}
COMMAND: POST /session/5a60c8b5c70bea8172ebe4add6912aad/execute/async - {"script":"<script> [1562 bytes]","args":[{"selector":{"id":"application-manageresources-display-component---newResourceUnit--DIMENSION_UNIT","interaction":{"idSuffix":"inner"}},"wdio_ui5_key":"applicationmanageresources-display-component---newResourceUnit--DIMENSION_UNIT"}]}
RESULT: {"script":"<script> [1562 bytes]","args":[{"selector":{"id":"application-manageresources-display-component---newResourceUnit--DIMENSION_UNIT","interaction":{"idSuffix":"inner"}},"wdio_ui5_key":"applicationmanageresources-display-component---newResourceUnit--DIMENSION_UNIT"}]}
RESULT: undefined
COMMAND: POST /session/5a60c8b5c70bea8172ebe4add6912aad/execute/async - {"script":"<script> [776 bytes]","args":[{"enterText":"Meter","selector":{"id":"application-manageresources-display-component---newResourceUnit--DIMENSION_UNIT","interaction":{"idSuffix":"inner"}},"clearTextFirst":true,"interactionType":"ENTER_TEXT"}]}
RESULT: {"script":"<script> [776 bytes]","args":[{"enterText":"Meter","selector":{"id":"application-manageresources-display-component---newResourceUnit--DIMENSION_UNIT","interaction":{"idSuffix":"inner"}},"clearTextFirst":true,"interactionType":"ENTER_TEXT"}]}
COMMAND: POST /session/5a60c8b5c70bea8172ebe4add6912aad/execute/async - {"script":"<script> [1562 bytes]","args":[{"selector":{"id":"application-manageresources-display-component---newResourceUnit--newRRUPage-anchBar-application-manageresources-display-component---newResourceUnit--control-anchor","interaction":{"idSuffix":"BDI-content"}},"wdio_ui5_key":"applicationmanageresources-display-component---newResourceUnit--newRRUPage-anchBar-application-manageresources-display-component---newResourceUnit--control-anchor"}]}
RESULT: {"script":"<script> [1562 bytes]","args":[{"selector":{"id":"application-manageresources-display-component---newResourceUnit--newRRUPage-anchBar-application-manageresources-display-component---newResourceUnit--control-anchor","interaction":{"idSuffix":"BDI-content"}},"wdio_ui5_key":"applicationmanageresources-display-component---newResourceUnit--newRRUPage-anchBar-application-manageresources-display-component---newResourceUnit--control-anchor"}]}
RESULT: undefined
COMMAND: POST /session/5a60c8b5c70bea8172ebe4add6912aad/element - {"using":"xpath","value":"//*[@id=\"application-manageresources-display-component---newResourceUnit--newRRUPage-anchBar-application-manageresources-display-component---newResourceUnit--control-anchor\"]"}
RESULT: {"using":"xpath","value":"//*[@id=\"application-manageresources-display-component---newResourceUnit--newRRUPage-anchBar-application-manageresources-display-component---newResourceUnit--control-anchor\"]"}
COMMAND: POST /session/5a60c8b5c70bea8172ebe4add6912aad/element/f.6B59548A06B598AB2C6AF1A2C766605D.d.7779D434663973A0650B8156D522E3B3.e.15961/click - {}
RESULT: {}
COMMAND: POST /session/5a60c8b5c70bea8172ebe4add6912aad/execute/async - {"script":"<script> [1562 bytes]","args":[{"selector":{"id":"application-manageresources-display-component---newResourceUnit--PLANNING_GROUP","interaction":{"idSuffix":"inner"}},"wdio_ui5_key":"applicationmanageresources-display-component---newResourceUnit--PLANNING_GROUP"}]}
COMMAND: GET /session/5a60c8b5c70bea8172ebe4add6912aad/screenshot - {}
RESULT: {"script":"<script> [1562 bytes]","args":[{"selector":{"id":"application-manageresources-display-component---newResourceUnit--PLANNING_GROUP","interaction":{"idSuffix":"inner"}},"wdio_ui5_key":"applicationmanageresources-display-component---newResourceUnit--PLANNING_GROUP"}]}
RESULT: undefined
COMMAND: POST /session/5a60c8b5c70bea8172ebe4add6912aad/execute/async - {"script":"<script> [776 bytes]","args":[{"enterText":"Heavy Equi","selector":{"id":"application-manageresources-display-component---newResourceUnit--PLANNING_GROUP","interaction":{"idSuffix":"inner"}},"clearTextFirst":true,"interactionType":"ENTER_TEXT"}]}
RESULT: {}
RESULT: {"script":"<script> [776 bytes]","args":[{"enterText":"Heavy Equi","selector":{"id":"application-manageresources-display-component---newResourceUnit--PLANNING_GROUP","interaction":{"idSuffix":"inner"}},"clearTextFirst":true,"interactionType":"ENTER_TEXT"}]}
COMMAND: POST /session/5a60c8b5c70bea8172ebe4add6912aad/execute/async - {"script":"<script> [1562 bytes]","args":[{"selector":{"id":"application-manageresources-display-component---newResourceUnit--ITEM_TYPE-arrow"},"wdio_ui5_key":"applicationmanageresources-display-component---newResourceUnit--ITEM_TYPE-arrow"}]}
RESULT: {"script":"<script> [1562 bytes]","args":[{"selector":{"id":"application-manageresources-display-component---newResourceUnit--ITEM_TYPE-arrow"},"wdio_ui5_key":"applicationmanageresources-display-component---newResourceUnit--ITEM_TYPE-arrow"}]}
RESULT: undefined
COMMAND: POST /session/5a60c8b5c70bea8172ebe4add6912aad/element - {"using":"xpath","value":"//*[@id=\"application-manageresources-display-component---newResourceUnit--ITEM_TYPE-arrow\"]"}
RESULT: {"using":"xpath","value":"//*[@id=\"application-manageresources-display-component---newResourceUnit--ITEM_TYPE-arrow\"]"}
COMMAND: POST /session/5a60c8b5c70bea8172ebe4add6912aad/element/f.6B59548A06B598AB2C6AF1A2C766605D.d.7779D434663973A0650B8156D522E3B3.e.15968/click - {}
RESULT: {}
COMMAND: POST /session/5a60c8b5c70bea8172ebe4add6912aad/execute/async - {"script":"<script> [1562 bytes]","args":[{"selector":{"controlType":"sap.m.StandardListItem","viewName":"reusables.view.manageresources.NewResourceUnit","viewId":"application-manageresources-display-component---newResourceUnit","properties":{"title":"Resource Unit"},"searchOpenDialogs":true,"interaction":{"idSuffix":"titleText"}},"wdio_ui5_key":"reusablesview.manageresources.NewResourceUnitsap.m.StandardListItem{\"title\":\"Resource Unit\"}"}]}
COMMAND: GET /session/5a60c8b5c70bea8172ebe4add6912aad/screenshot - {}
RESULT: {"script":"<script> [1562 bytes]","args":[{"selector":{"controlType":"sap.m.StandardListItem","viewName":"reusables.view.manageresources.NewResourceUnit","viewId":"application-manageresources-display-component---newResourceUnit","properties":{"title":"Resource Unit"},"searchOpenDialogs":true,"interaction":{"idSuffix":"titleText"}},"wdio_ui5_key":"reusablesview.manageresources.NewResourceUnitsap.m.StandardListItem{\"title\":\"Resource Unit\"}"}]}
RESULT: undefined
COMMAND: POST /session/5a60c8b5c70bea8172ebe4add6912aad/element - {"using":"xpath","value":"//*[@id=\"__item210\"]"}
RESULT: {}
RESULT: {"using":"xpath","value":"//*[@id=\"__item210\"]"}
COMMAND: POST /session/5a60c8b5c70bea8172ebe4add6912aad/element/f.6B59548A06B598AB2C6AF1A2C766605D.d.7779D434663973A0650B8156D522E3B3.e.15970/click - {}
RESULT: {}
COMMAND: POST /session/5a60c8b5c70bea8172ebe4add6912aad/execute/async - {"script":"<script> [1562 bytes]","args":[{"selector":{"id":"application-manageresources-display-component---newResourceUnit--btnAddTimeSegment-img"},"wdio_ui5_key":"applicationmanageresources-display-component---newResourceUnit--btnAddTimeSegment-img"}]}
COMMAND: GET /session/5a60c8b5c70bea8172ebe4add6912aad/screenshot - {}
RESULT: {"script":"<script> [1562 bytes]","args":[{"selector":{"id":"application-manageresources-display-component---newResourceUnit--btnAddTimeSegment-img"},"wdio_ui5_key":"applicationmanageresources-display-component---newResourceUnit--btnAddTimeSegment-img"}]}
RESULT: undefined
COMMAND: POST /session/5a60c8b5c70bea8172ebe4add6912aad/element - {"using":"xpath","value":"//*[@id=\"application-manageresources-display-component---newResourceUnit--btnAddTimeSegment-img\"]"}
RESULT: {}
RESULT: {"using":"xpath","value":"//*[@id=\"application-manageresources-display-component---newResourceUnit--btnAddTimeSegment-img\"]"}
COMMAND: POST /session/5a60c8b5c70bea8172ebe4add6912aad/element/f.6B59548A06B598AB2C6AF1A2C766605D.d.7779D434663973A0650B8156D522E3B3.e.15971/click - {}
RESULT: {}
COMMAND: POST /session/5a60c8b5c70bea8172ebe4add6912aad/element - {"using":"xpath","value":"//input[@id=\"application-manageresources-display-component---newResourceUnit--idRuTSAdmin-application-manageresources-display-component---newResourceUnit--RUTimeSegment-0-inner\"]"}
COMMAND: GET /session/5a60c8b5c70bea8172ebe4add6912aad/screenshot - {}
RESULT: {"using":"xpath","value":"//input[@id=\"application-manageresources-display-component---newResourceUnit--idRuTSAdmin-application-manageresources-display-component---newResourceUnit--RUTimeSegment-0-inner\"]"}
COMMAND: POST /session/5a60c8b5c70bea8172ebe4add6912aad/element/f.6B59548A06B598AB2C6AF1A2C766605D.d.7779D434663973A0650B8156D522E3B3.e.15974/clear - {}
RESULT: {}
RESULT: {}
COMMAND: POST /session/5a60c8b5c70bea8172ebe4add6912aad/element/f.6B59548A06B598AB2C6AF1A2C766605D.d.7779D434663973A0650B8156D522E3B3.e.15974/value - {"text":"106"}
COMMAND: GET /session/5a60c8b5c70bea8172ebe4add6912aad/screenshot - {}
RESULT: {"text":"106"}
COMMAND: GET /session/5a60c8b5c70bea8172ebe4add6912aad/screenshot - {}
RESULT: {}
RESULT: {}
COMMAND: POST /session/5a60c8b5c70bea8172ebe4add6912aad/actions - {"actions":[{"id":"action57","type":"key","parameters":{},"actions":[{"type":"keyDown","value":"î€‡"},{"type":"pause","duration":10},{"type":"keyUp","value":"î€‡"}]}]}
RESULT: {"actions":[{"id":"action57","type":"key","parameters":{},"actions":[{"type":"keyDown","value":"î€‡"},{"type":"pause","duration":10},{"type":"keyUp","value":"î€‡"}]}]}
COMMAND: POST /session/5a60c8b5c70bea8172ebe4add6912aad/execute/async - {"script":"<script> [1562 bytes]","args":[{"selector":{"controlType":"sap.ui.core.Icon","viewName":"reusables.view.manageresources.NewResourceUnit","viewId":"application-manageresources-display-component---newResourceUnit","properties":{"src":{"regex":{"source":"slim\\-arrow\\-down"}}},"ancestor":{"controlType":"sap.m.ComboBox","viewName":"reusables.view.manageresources.NewResourceUnit","viewId":"application-manageresources-display-component---newResourceUnit","bindingPath":{"path":"/RESOURCE_UNIT_TIME_SEQUENCES/0","propertyPath":"COST_OBJECT_ADMIN_CST_TYPE","modelName":"oNewRruModel"}}},"wdio_ui5_key":"reusablesview.manageresources.NewResourceUnitsap.ui.core.Icon{\"src\":{\"regex\":{\"source\":\"slim\\\\-arrow\\\\-down\"}}}{\"controlType\":\"sap.m.ComboBox\",\"viewName\":\"reusables.view.manageresources.NewResourceUnit\",\"viewId\":\"application-manageresources-display-component---newResourceUnit\",\"bindingPath\":{\"path\":\"/RESOURCE_UNIT_TIME_SEQUENCES/0\",\"propertyPath\":\"COST_OBJECT_ADMIN_CST_TYPE\",\"modelName\":\"oNewRruModel\"}}"}]}
COMMAND: GET /session/5a60c8b5c70bea8172ebe4add6912aad/screenshot - {}
RESULT: {"script":"<script> [1562 bytes]","args":[{"selector":{"controlType":"sap.ui.core.Icon","viewName":"reusables.view.manageresources.NewResourceUnit","viewId":"application-manageresources-display-component---newResourceUnit","properties":{"src":{"regex":{"source":"slim\\-arrow\\-down"}}},"ancestor":{"controlType":"sap.m.ComboBox","viewName":"reusables.view.manageresources.NewResourceUnit","viewId":"application-manageresources-display-component---newResourceUnit","bindingPath":{"path":"/RESOURCE_UNIT_TIME_SEQUENCES/0","propertyPath":"COST_OBJECT_ADMIN_CST_TYPE","modelName":"oNewRruModel"}}},"wdio_ui5_key":"reusablesview.manageresources.NewResourceUnitsap.ui.core.Icon{\"src\":{\"regex\":{\"source\":\"slim\\\\-arrow\\\\-down\"}}}{\"controlType\":\"sap.m.ComboBox\",\"viewName\":\"reusables.view.manageresources.NewResourceUnit\",\"viewId\":\"application-manageresources-display-component---newResourceUnit\",\"bindingPath\":{\"path\":\"/RESOURCE_UNIT_TIME_SEQUENCES/0\",\"propertyPath\":\"COST_OBJECT_ADMIN_CST_TYPE\",\"modelName\":\"oNewRruModel\"}}"}]}
RESULT: undefined
COMMAND: POST /session/5a60c8b5c70bea8172ebe4add6912aad/element - {"using":"xpath","value":"//*[@id=\"__box5-application-manageresources-display-component---newResourceUnit--RUTimeSegment-0-arrow\"]"}
RESULT: {}
RESULT: {"using":"xpath","value":"//*[@id=\"__box5-application-manageresources-display-component---newResourceUnit--RUTimeSegment-0-arrow\"]"}
COMMAND: POST /session/5a60c8b5c70bea8172ebe4add6912aad/element/f.6B59548A06B598AB2C6AF1A2C766605D.d.7779D434663973A0650B8156D522E3B3.e.15989/click - {}
RESULT: {}
COMMAND: POST /session/5a60c8b5c70bea8172ebe4add6912aad/execute/async - {"script":"<script> [1562 bytes]","args":[{"selector":{"controlType":"sap.m.StandardListItem","viewName":"reusables.view.manageresources.NewResourceUnit","viewId":"application-manageresources-display-component---newResourceUnit","properties":{"title":"PM Order"},"searchOpenDialogs":true,"interaction":{"idSuffix":"titleText"}},"wdio_ui5_key":"reusablesview.manageresources.NewResourceUnitsap.m.StandardListItem{\"title\":\"PM Order\"}"}]}
COMMAND: GET /session/5a60c8b5c70bea8172ebe4add6912aad/screenshot - {}
RESULT: {"script":"<script> [1562 bytes]","args":[{"selector":{"controlType":"sap.m.StandardListItem","viewName":"reusables.view.manageresources.NewResourceUnit","viewId":"application-manageresources-display-component---newResourceUnit","properties":{"title":"PM Order"},"searchOpenDialogs":true,"interaction":{"idSuffix":"titleText"}},"wdio_ui5_key":"reusablesview.manageresources.NewResourceUnitsap.m.StandardListItem{\"title\":\"PM Order\"}"}]}
RESULT: undefined
COMMAND: POST /session/5a60c8b5c70bea8172ebe4add6912aad/element - {"using":"xpath","value":"//*[@id=\"__item782\"]"}
RESULT: {}
RESULT: {"using":"xpath","value":"//*[@id=\"__item782\"]"}
COMMAND: POST /session/5a60c8b5c70bea8172ebe4add6912aad/element/f.6B59548A06B598AB2C6AF1A2C766605D.d.7779D434663973A0650B8156D522E3B3.e.15993/click - {}
RESULT: {}
COMMAND: POST /session/5a60c8b5c70bea8172ebe4add6912aad/element - {"using":"xpath","value":"(//input[contains(@id ,\"-application-manageresources-display-component---newResourceUnit--RUTimeSegment-0-inner\")])[8]"}
COMMAND: GET /session/5a60c8b5c70bea8172ebe4add6912aad/screenshot - {}
RESULT: {"using":"xpath","value":"(//input[contains(@id ,\"-application-manageresources-display-component---newResourceUnit--RUTimeSegment-0-inner\")])[8]"}
COMMAND: POST /session/5a60c8b5c70bea8172ebe4add6912aad/element/f.6B59548A06B598AB2C6AF1A2C766605D.d.7779D434663973A0650B8156D522E3B3.e.15982/clear - {}
RESULT: {}
COMMAND: POST /session/5a60c8b5c70bea8172ebe4add6912aad/element - {"using":"xpath","value":"(//input[contains(@id ,\"-application-manageresources-display-component---newResourceUnit--RUTimeSegment-0-inner\")])[8]"}
RESULT: {"using":"xpath","value":"(//input[contains(@id ,\"-application-manageresources-display-component---newResourceUnit--RUTimeSegment-0-inner\")])[8]"}
COMMAND: POST /session/5a60c8b5c70bea8172ebe4add6912aad/element/f.6B59548A06B598AB2C6AF1A2C766605D.d.7779D434663973A0650B8156D522E3B3.e.15982/clear - {}
COMMAND: POST /session/5a60c8b5c70bea8172ebe4add6912aad/element - {"using":"xpath","value":"(//input[contains(@id ,\"-application-manageresources-display-component---newResourceUnit--RUTimeSegment-0-inner\")])[8]"}
RESULT: {"using":"xpath","value":"(//input[contains(@id ,\"-application-manageresources-display-component---newResourceUnit--RUTimeSegment-0-inner\")])[8]"}
COMMAND: POST /session/5a60c8b5c70bea8172ebe4add6912aad/element/f.6B59548A06B598AB2C6AF1A2C766605D.d.7779D434663973A0650B8156D522E3B3.e.15995/clear - {}
COMMAND: POST /session/5a60c8b5c70bea8172ebe4add6912aad/element - {"using":"xpath","value":"(//input[contains(@id ,\"-application-manageresources-display-component---newResourceUnit--RUTimeSegment-0-inner\")])[8]"}
RESULT: {"using":"xpath","value":"(//input[contains(@id ,\"-application-manageresources-display-component---newResourceUnit--RUTimeSegment-0-inner\")])[8]"}
COMMAND: POST /session/5a60c8b5c70bea8172ebe4add6912aad/element/f.6B59548A06B598AB2C6AF1A2C766605D.d.7779D434663973A0650B8156D522E3B3.e.15995/clear - {}
COMMAND: POST /session/5a60c8b5c70bea8172ebe4add6912aad/element - {"using":"xpath","value":"(//input[contains(@id ,\"-application-manageresources-display-component---newResourceUnit--RUTimeSegment-0-inner\")])[8]"}
RESULT: {"using":"xpath","value":"(//input[contains(@id ,\"-application-manageresources-display-component---newResourceUnit--RUTimeSegment-0-inner\")])[8]"}
COMMAND: POST /session/5a60c8b5c70bea8172ebe4add6912aad/element/f.6B59548A06B598AB2C6AF1A2C766605D.d.7779D434663973A0650B8156D522E3B3.e.15998/clear - {}
RESULT: {}
COMMAND: POST /session/5a60c8b5c70bea8172ebe4add6912aad/element/f.6B59548A06B598AB2C6AF1A2C766605D.d.7779D434663973A0650B8156D522E3B3.e.15998/value - {"text":"4000360"}
COMMAND: GET /session/5a60c8b5c70bea8172ebe4add6912aad/screenshot - {}
RESULT: {"text":"4000360"}
COMMAND: GET /session/5a60c8b5c70bea8172ebe4add6912aad/screenshot - {}
RESULT: {}
RESULT: {}
COMMAND: POST /session/5a60c8b5c70bea8172ebe4add6912aad/actions - {"actions":[{"id":"action58","type":"key","parameters":{},"actions":[{"type":"keyDown","value":"î€‡"},{"type":"pause","duration":10},{"type":"keyUp","value":"î€‡"}]}]}
RESULT: {"actions":[{"id":"action58","type":"key","parameters":{},"actions":[{"type":"keyDown","value":"î€‡"},{"type":"pause","duration":10},{"type":"keyUp","value":"î€‡"}]}]}
COMMAND: GET /session/5a60c8b5c70bea8172ebe4add6912aad/screenshot - {}
RESULT: {}
COMMAND: POST /session/5a60c8b5c70bea8172ebe4add6912aad/execute/async - {"script":"<script> [1562 bytes]","args":[{"selector":{"id":"application-manageresources-display-component---newResourceUnit--newRRUPage-anchBar-application-manageresources-display-component---newResourceUnit--resource-anchor","interaction":{"idSuffix":"BDI-content"}},"wdio_ui5_key":"applicationmanageresources-display-component---newResourceUnit--newRRUPage-anchBar-application-manageresources-display-component---newResourceUnit--resource-anchor"}]}
RESULT: {"script":"<script> [1562 bytes]","args":[{"selector":{"id":"application-manageresources-display-component---newResourceUnit--newRRUPage-anchBar-application-manageresources-display-component---newResourceUnit--resource-anchor","interaction":{"idSuffix":"BDI-content"}},"wdio_ui5_key":"applicationmanageresources-display-component---newResourceUnit--newRRUPage-anchBar-application-manageresources-display-component---newResourceUnit--resource-anchor"}]}
RESULT: undefined
COMMAND: POST /session/5a60c8b5c70bea8172ebe4add6912aad/element - {"using":"xpath","value":"//*[@id=\"application-manageresources-display-component---newResourceUnit--newRRUPage-anchBar-application-manageresources-display-component---newResourceUnit--resource-anchor\"]"}
RESULT: {"using":"xpath","value":"//*[@id=\"application-manageresources-display-component---newResourceUnit--newRRUPage-anchBar-application-manageresources-display-component---newResourceUnit--resource-anchor\"]"}
COMMAND: POST /session/5a60c8b5c70bea8172ebe4add6912aad/element/f.6B59548A06B598AB2C6AF1A2C766605D.d.7779D434663973A0650B8156D522E3B3.e.16004/click - {}
RESULT: {}
COMMAND: POST /session/5a60c8b5c70bea8172ebe4add6912aad/execute/async - {"script":"<script> [1562 bytes]","args":[{"selector":{"id":"application-manageresources-display-component---newResourceUnit--PLANNED_DELIVERY_DATE","interaction":{"idSuffix":"inner"}},"wdio_ui5_key":"applicationmanageresources-display-component---newResourceUnit--PLANNED_DELIVERY_DATE"}]}
COMMAND: GET /session/5a60c8b5c70bea8172ebe4add6912aad/screenshot - {}
RESULT: {"script":"<script> [1562 bytes]","args":[{"selector":{"id":"application-manageresources-display-component---newResourceUnit--PLANNED_DELIVERY_DATE","interaction":{"idSuffix":"inner"}},"wdio_ui5_key":"applicationmanageresources-display-component---newResourceUnit--PLANNED_DELIVERY_DATE"}]}
RESULT: undefined
COMMAND: POST /session/5a60c8b5c70bea8172ebe4add6912aad/execute/async - {"script":"<script> [6424 bytes]","args":[{"element-6066-11e4-a52e-4f735466cecf":"f.6B59548A06B598AB2C6AF1A2C766605D.d.7779D434663973A0650B8156D522E3B3.e.15881"},"setValue",["5/7/25"]]}
RESULT: {}
RESULT: {"script":"<script> [6424 bytes]","args":[{"element-6066-11e4-a52e-4f735466cecf":"f.6B59548A06B598AB2C6AF1A2C766605D.d.7779D434663973A0650B8156D522E3B3.e.15881"},"setValue",["5/7/25"]]}
COMMAND: POST /session/5a60c8b5c70bea8172ebe4add6912aad/execute/async - {"script":"<script> [1562 bytes]","args":[{"selector":{"controlType":"sap.m.Button","viewName":"reusables.view.manageresources.NewResourceUnit","viewId":"application-manageresources-display-component---newResourceUnit","i18NText":{"propertyName":"tooltip","key":"save"},"interaction":{"idSuffix":"BDI-content"}},"wdio_ui5_key":"reusablesview.manageresources.NewResourceUnitsap.m.Button{\"propertyName\":\"tooltip\",\"key\":\"save\"}"}]}
RESULT: {"script":"<script> [1562 bytes]","args":[{"selector":{"controlType":"sap.m.Button","viewName":"reusables.view.manageresources.NewResourceUnit","viewId":"application-manageresources-display-component---newResourceUnit","i18NText":{"propertyName":"tooltip","key":"save"},"interaction":{"idSuffix":"BDI-content"}},"wdio_ui5_key":"reusablesview.manageresources.NewResourceUnitsap.m.Button{\"propertyName\":\"tooltip\",\"key\":\"save\"}"}]}
RESULT: undefined
COMMAND: POST /session/5a60c8b5c70bea8172ebe4add6912aad/element - {"using":"xpath","value":"//*[@id=\"application-manageresources-display-component---newResourceUnit--createRuButton\"]"}
RESULT: {"using":"xpath","value":"//*[@id=\"application-manageresources-display-component---newResourceUnit--createRuButton\"]"}
COMMAND: POST /session/5a60c8b5c70bea8172ebe4add6912aad/element/f.6B59548A06B598AB2C6AF1A2C766605D.d.7779D434663973A0650B8156D522E3B3.e.15842/click - {}
RESULT: {}
COMMAND: GET /session/5a60c8b5c70bea8172ebe4add6912aad/screenshot - {}
RESULT: {}
COMMAND: POST /session/5a60c8b5c70bea8172ebe4add6912aad/execute/async - {"script":"<script> [1562 bytes]","args":[{"selector":{"controlType":"sap.m.Button","properties":{"text":"Close"},"searchOpenDialogs":true,"interaction":{"idSuffix":"inner"}},"wdio_ui5_key":"sapm.Button{\"text\":\"Close\"}"}]}
RESULT: {"script":"<script> [1562 bytes]","args":[{"selector":{"controlType":"sap.m.Button","properties":{"text":"Close"},"searchOpenDialogs":true,"interaction":{"idSuffix":"inner"}},"wdio_ui5_key":"sapm.Button{\"text\":\"Close\"}"}]}
RESULT: undefined
COMMAND: POST /session/5a60c8b5c70bea8172ebe4add6912aad/element - {"using":"xpath","value":"//*[@id=\"__mbox-btn-0\"]"}
RESULT: {"using":"xpath","value":"//*[@id=\"__mbox-btn-0\"]"}
COMMAND: POST /session/5a60c8b5c70bea8172ebe4add6912aad/element/f.6B59548A06B598AB2C6AF1A2C766605D.d.7779D434663973A0650B8156D522E3B3.e.16010/click - {}
RESULT: {}
COMMAND: GET /session/5a60c8b5c70bea8172ebe4add6912aad/screenshot - {}
RESULT: {}
COMMAND: POST /session/5a60c8b5c70bea8172ebe4add6912aad/execute/async - {"script":"<script> [1562 bytes]","args":[{"selector":{"controlType":"sap.m.Text","viewName":"etm.portal.ui.manageresources.view.Detail","viewId":"application-manageresources-display-component---detailRU","bindingPath":{"propertyPath":"ID","modelName":"catalogModel"}},"wdio_ui5_key":"etmportal.ui.manageresources.view.Detailsap.m.Text{\"propertyPath\":\"ID\",\"modelName\":\"catalogModel\"}"}]}
RESULT: {"script":"<script> [1562 bytes]","args":[{"selector":{"controlType":"sap.m.Text","viewName":"etm.portal.ui.manageresources.view.Detail","viewId":"application-manageresources-display-component---detailRU","bindingPath":{"propertyPath":"ID","modelName":"catalogModel"}},"wdio_ui5_key":"etmportal.ui.manageresources.view.Detailsap.m.Text{\"propertyPath\":\"ID\",\"modelName\":\"catalogModel\"}"}]}
RESULT: undefined
COMMAND: POST /session/5a60c8b5c70bea8172ebe4add6912aad/execute/async - {"script":"<script> [6424 bytes]","args":[{"element-6066-11e4-a52e-4f735466cecf":"f.6B59548A06B598AB2C6AF1A2C766605D.d.7779D434663973A0650B8156D522E3B3.e.16044"},"getText",[]]}
RESULT: {"script":"<script> [6424 bytes]","args":[{"element-6066-11e4-a52e-4f735466cecf":"f.6B59548A06B598AB2C6AF1A2C766605D.d.7779D434663973A0650B8156D522E3B3.e.16044"},"getText",[]]}
COMMAND: POST /session/5a60c8b5c70bea8172ebe4add6912aad/execute/async - {"script":"<script> [1562 bytes]","args":[{"selector":{"controlType":"sap.m.OverflowToolbarButton","viewName":"etm.portal.ui.manageresources.view.Master","viewId":"application-manageresources-display-component---masterRU","bindingPath":{"path":"","propertyPath":"/isLogbook","modelName":"minimumStockRPGModel"},"interaction":{"idSuffix":"inner"}},"wdio_ui5_key":"etmportal.ui.manageresources.view.Mastersap.m.OverflowToolbarButton{\"path\":\"\",\"propertyPath\":\"/isLogbook\",\"modelName\":\"minimumStockRPGModel\"}"}]}
RESULT: {"script":"<script> [1562 bytes]","args":[{"selector":{"controlType":"sap.m.OverflowToolbarButton","viewName":"etm.portal.ui.manageresources.view.Master","viewId":"application-manageresources-display-component---masterRU","bindingPath":{"path":"","propertyPath":"/isLogbook","modelName":"minimumStockRPGModel"},"interaction":{"idSuffix":"inner"}},"wdio_ui5_key":"etmportal.ui.manageresources.view.Mastersap.m.OverflowToolbarButton{\"path\":\"\",\"propertyPath\":\"/isLogbook\",\"modelName\":\"minimumStockRPGModel\"}"}]}
RESULT: undefined
COMMAND: POST /session/5a60c8b5c70bea8172ebe4add6912aad/element - {"using":"xpath","value":"//*[@id=\"__button5\"]"}
RESULT: {"using":"xpath","value":"//*[@id=\"__button5\"]"}
COMMAND: POST /session/5a60c8b5c70bea8172ebe4add6912aad/element/f.6B59548A06B598AB2C6AF1A2C766605D.d.7779D434663973A0650B8156D522E3B3.e.15498/click - {}
RESULT: {}
COMMAND: GET /session/5a60c8b5c70bea8172ebe4add6912aad/screenshot - {}
RESULT: undefined
COMMAND: POST /session/5a60c8b5c70bea8172ebe4add6912aad/element - {"using":"xpath","value":"//*[@id=\"application-manageresources-display-component---newResourceUnit--TYPE-arrow\"]"}
RESULT: {}
RESULT: {"using":"xpath","value":"//*[@id=\"application-manageresources-display-component---newResourceUnit--TYPE-arrow\"]"}
COMMAND: POST /session/5a60c8b5c70bea8172ebe4add6912aad/element/f.6B59548A06B598AB2C6AF1A2C766605D.d.7779D434663973A0650B8156D522E3B3.e.15825/click - {}
RESULT: {}
COMMAND: POST /session/5a60c8b5c70bea8172ebe4add6912aad/execute/async - {"script":"<script> [1562 bytes]","args":[{"selector":{"controlType":"sap.m.StandardListItem","viewName":"reusables.view.manageresources.NewResourceUnit","viewId":"application-manageresources-display-component---newResourceUnit","properties":{"title":"Equi Multipart"},"searchOpenDialogs":true,"interaction":{"idSuffix":"titleText"}},"wdio_ui5_key":"reusablesview.manageresources.NewResourceUnitsap.m.StandardListItem{\"title\":\"Equi Multipart\"}"}]}
COMMAND: GET /session/5a60c8b5c70bea8172ebe4add6912aad/screenshot - {}
RESULT: {"script":"<script> [1562 bytes]","args":[{"selector":{"controlType":"sap.m.StandardListItem","viewName":"reusables.view.manageresources.NewResourceUnit","viewId":"application-manageresources-display-component---newResourceUnit","properties":{"title":"Equi Multipart"},"searchOpenDialogs":true,"interaction":{"idSuffix":"titleText"}},"wdio_ui5_key":"reusablesview.manageresources.NewResourceUnitsap.m.StandardListItem{\"title\":\"Equi Multipart\"}"}]}
RESULT: undefined
COMMAND: POST /session/5a60c8b5c70bea8172ebe4add6912aad/element - {"using":"xpath","value":"//*[@id=\"__item146\"]"}
RESULT: {}
RESULT: {"using":"xpath","value":"//*[@id=\"__item146\"]"}
COMMAND: POST /session/5a60c8b5c70bea8172ebe4add6912aad/element/f.6B59548A06B598AB2C6AF1A2C766605D.d.7779D434663973A0650B8156D522E3B3.e.16069/click - {}
RESULT: {}
RESULT: undefined
COMMAND: POST /session/5a60c8b5c70bea8172ebe4add6912aad/execute/async - {"script":"<script> [776 bytes]","args":[{"enterText":"TransferYardmultipartf0rgx","selector":{"id":"application-manageresources-display-component---newResourceUnit--SHORT_TEXT","interaction":{"idSuffix":"inner"}},"clearTextFirst":true,"interactionType":"ENTER_TEXT"}]}
COMMAND: GET /session/5a60c8b5c70bea8172ebe4add6912aad/screenshot - {}
RESULT: {"script":"<script> [776 bytes]","args":[{"enterText":"TransferYardmultipartf0rgx","selector":{"id":"application-manageresources-display-component---newResourceUnit--SHORT_TEXT","interaction":{"idSuffix":"inner"}},"clearTextFirst":true,"interactionType":"ENTER_TEXT"}]}
RESULT: undefined
COMMAND: POST /session/5a60c8b5c70bea8172ebe4add6912aad/execute/async - {"script":"<script> [776 bytes]","args":[{"enterText":"Piece","selector":{"id":"application-manageresources-display-component---newResourceUnit--BASE_UNIT_OF_MEASURE","interaction":{"idSuffix":"inner"}},"clearTextFirst":true,"interactionType":"ENTER_TEXT"}]}
RESULT: {}
RESULT: {"script":"<script> [776 bytes]","args":[{"enterText":"Piece","selector":{"id":"application-manageresources-display-component---newResourceUnit--BASE_UNIT_OF_MEASURE","interaction":{"idSuffix":"inner"}},"clearTextFirst":true,"interactionType":"ENTER_TEXT"}]}
RESULT: undefined
COMMAND: POST /session/5a60c8b5c70bea8172ebe4add6912aad/execute/async - {"script":"<script> [776 bytes]","args":[{"enterText":"Gram","selector":{"id":"application-manageresources-display-component---newResourceUnit--WEIGHT_UNIT","interaction":{"idSuffix":"inner"}},"clearTextFirst":true,"interactionType":"ENTER_TEXT"}]}
RESULT: {"script":"<script> [776 bytes]","args":[{"enterText":"Gram","selector":{"id":"application-manageresources-display-component---newResourceUnit--WEIGHT_UNIT","interaction":{"idSuffix":"inner"}},"clearTextFirst":true,"interactionType":"ENTER_TEXT"}]}
RESULT: undefined
COMMAND: POST /session/5a60c8b5c70bea8172ebe4add6912aad/execute/async - {"script":"<script> [776 bytes]","args":[{"enterText":"Meter","selector":{"id":"application-manageresources-display-component---newResourceUnit--DIMENSION_UNIT","interaction":{"idSuffix":"inner"}},"clearTextFirst":true,"interactionType":"ENTER_TEXT"}]}
RESULT: {"script":"<script> [776 bytes]","args":[{"enterText":"Meter","selector":{"id":"application-manageresources-display-component---newResourceUnit--DIMENSION_UNIT","interaction":{"idSuffix":"inner"}},"clearTextFirst":true,"interactionType":"ENTER_TEXT"}]}
RESULT: undefined
COMMAND: POST /session/5a60c8b5c70bea8172ebe4add6912aad/execute/async - {"script":"<script> [776 bytes]","args":[{"enterText":"Heavy equip","selector":{"id":"application-manageresources-display-component---newResourceUnit--PLANNING_GROUP","interaction":{"idSuffix":"inner"}},"clearTextFirst":true,"interactionType":"ENTER_TEXT"}]}
RESULT: {"script":"<script> [776 bytes]","args":[{"enterText":"Heavy equip","selector":{"id":"application-manageresources-display-component---newResourceUnit--PLANNING_GROUP","interaction":{"idSuffix":"inner"}},"clearTextFirst":true,"interactionType":"ENTER_TEXT"}]}
RESULT: undefined
COMMAND: POST /session/5a60c8b5c70bea8172ebe4add6912aad/element - {"using":"xpath","value":"//*[@id=\"application-manageresources-display-component---newResourceUnit--ITEM_TYPE-arrow\"]"}
RESULT: {"using":"xpath","value":"//*[@id=\"application-manageresources-display-component---newResourceUnit--ITEM_TYPE-arrow\"]"}
COMMAND: POST /session/5a60c8b5c70bea8172ebe4add6912aad/element/f.6B59548A06B598AB2C6AF1A2C766605D.d.7779D434663973A0650B8156D522E3B3.e.16132/click - {}
RESULT: {}
COMMAND: POST /session/5a60c8b5c70bea8172ebe4add6912aad/execute/async - {"script":"<script> [1562 bytes]","args":[{"selector":{"controlType":"sap.m.StandardListItem","viewName":"reusables.view.manageresources.NewResourceUnit","viewId":"application-manageresources-display-component---newResourceUnit","properties":{"title":"Pool Equipment"},"searchOpenDialogs":true,"interaction":{"idSuffix":"content"}},"wdio_ui5_key":"reusablesview.manageresources.NewResourceUnitsap.m.StandardListItem{\"title\":\"Pool Equipment\"}"}]}
COMMAND: GET /session/5a60c8b5c70bea8172ebe4add6912aad/screenshot - {}
RESULT: {"script":"<script> [1562 bytes]","args":[{"selector":{"controlType":"sap.m.StandardListItem","viewName":"reusables.view.manageresources.NewResourceUnit","viewId":"application-manageresources-display-component---newResourceUnit","properties":{"title":"Pool Equipment"},"searchOpenDialogs":true,"interaction":{"idSuffix":"content"}},"wdio_ui5_key":"reusablesview.manageresources.NewResourceUnitsap.m.StandardListItem{\"title\":\"Pool Equipment\"}"}]}
RESULT: undefined
COMMAND: POST /session/5a60c8b5c70bea8172ebe4add6912aad/element - {"using":"xpath","value":"//*[@id=\"__item1008\"]"}
RESULT: {}
RESULT: {"using":"xpath","value":"//*[@id=\"__item1008\"]"}
COMMAND: POST /session/5a60c8b5c70bea8172ebe4add6912aad/element/f.6B59548A06B598AB2C6AF1A2C766605D.d.7779D434663973A0650B8156D522E3B3.e.16134/click - {}
RESULT: {}
COMMAND: POST /session/5a60c8b5c70bea8172ebe4add6912aad/execute/async - {"script":"<script> [1562 bytes]","args":[{"selector":{"id":"application-manageresources-display-component---newResourceUnit--PLANNING_INDICATOR","interaction":{"idSuffix":"inner"}},"wdio_ui5_key":"applicationmanageresources-display-component---newResourceUnit--PLANNING_INDICATOR"}]}
COMMAND: GET /session/5a60c8b5c70bea8172ebe4add6912aad/screenshot - {}
RESULT: {"script":"<script> [1562 bytes]","args":[{"selector":{"id":"application-manageresources-display-component---newResourceUnit--PLANNING_INDICATOR","interaction":{"idSuffix":"inner"}},"wdio_ui5_key":"applicationmanageresources-display-component---newResourceUnit--PLANNING_INDICATOR"}]}
RESULT: undefined
COMMAND: POST /session/5a60c8b5c70bea8172ebe4add6912aad/execute/async - {"script":"<script> [776 bytes]","args":[{"enterText":"10 - infinite","selector":{"id":"application-manageresources-display-component---newResourceUnit--PLANNING_INDICATOR","interaction":{"idSuffix":"inner"}},"clearTextFirst":true,"interactionType":"ENTER_TEXT"}]}
RESULT: {}
RESULT: {"script":"<script> [776 bytes]","args":[{"enterText":"10 - infinite","selector":{"id":"application-manageresources-display-component---newResourceUnit--PLANNING_INDICATOR","interaction":{"idSuffix":"inner"}},"clearTextFirst":true,"interactionType":"ENTER_TEXT"}]}
COMMAND: POST /session/5a60c8b5c70bea8172ebe4add6912aad/actions - {"actions":[{"id":"action59","type":"key","parameters":{},"actions":[{"type":"keyDown","value":"î€‡"},{"type":"pause","duration":10},{"type":"keyUp","value":"î€‡"}]}]}
RESULT: {"actions":[{"id":"action59","type":"key","parameters":{},"actions":[{"type":"keyDown","value":"î€‡"},{"type":"pause","duration":10},{"type":"keyUp","value":"î€‡"}]}]}
RESULT: undefined
COMMAND: POST /session/5a60c8b5c70bea8172ebe4add6912aad/element - {"using":"xpath","value":"//*[@id=\"application-manageresources-display-component---newResourceUnit--newRRUPage-anchBar-application-manageresources-display-component---newResourceUnit--control-anchor\"]"}
COMMAND: GET /session/5a60c8b5c70bea8172ebe4add6912aad/screenshot - {}
RESULT: {"using":"xpath","value":"//*[@id=\"application-manageresources-display-component---newResourceUnit--newRRUPage-anchBar-application-manageresources-display-component---newResourceUnit--control-anchor\"]"}
COMMAND: POST /session/5a60c8b5c70bea8172ebe4add6912aad/element/f.6B59548A06B598AB2C6AF1A2C766605D.d.7779D434663973A0650B8156D522E3B3.e.16136/click - {}
RESULT: {}
RESULT: {}
RESULT: undefined
COMMAND: POST /session/5a60c8b5c70bea8172ebe4add6912aad/element - {"using":"xpath","value":"//*[@id=\"application-manageresources-display-component---newResourceUnit--btnAddTimeSegment-img\"]"}
COMMAND: GET /session/5a60c8b5c70bea8172ebe4add6912aad/screenshot - {}
RESULT: {"using":"xpath","value":"//*[@id=\"application-manageresources-display-component---newResourceUnit--btnAddTimeSegment-img\"]"}
COMMAND: POST /session/5a60c8b5c70bea8172ebe4add6912aad/element/f.6B59548A06B598AB2C6AF1A2C766605D.d.7779D434663973A0650B8156D522E3B3.e.16138/click - {}
RESULT: {}
RESULT: {}
COMMAND: POST /session/5a60c8b5c70bea8172ebe4add6912aad/element - {"using":"xpath","value":"//input[@id=\"application-manageresources-display-component---newResourceUnit--idRuTSAdmin-application-manageresources-display-component---newResourceUnit--RUTimeSegment-0-inner\"]"}
COMMAND: GET /session/5a60c8b5c70bea8172ebe4add6912aad/screenshot - {}
RESULT: {"using":"xpath","value":"//input[@id=\"application-manageresources-display-component---newResourceUnit--idRuTSAdmin-application-manageresources-display-component---newResourceUnit--RUTimeSegment-0-inner\"]"}
COMMAND: POST /session/5a60c8b5c70bea8172ebe4add6912aad/element/f.6B59548A06B598AB2C6AF1A2C766605D.d.7779D434663973A0650B8156D522E3B3.e.16143/clear - {}
RESULT: {}
RESULT: {}
COMMAND: POST /session/5a60c8b5c70bea8172ebe4add6912aad/element/f.6B59548A06B598AB2C6AF1A2C766605D.d.7779D434663973A0650B8156D522E3B3.e.16143/value - {"text":"106"}
COMMAND: GET /session/5a60c8b5c70bea8172ebe4add6912aad/screenshot - {}
RESULT: {}
RESULT: {"text":"106"}
COMMAND: GET /session/5a60c8b5c70bea8172ebe4add6912aad/screenshot - {}
RESULT: {}
COMMAND: POST /session/5a60c8b5c70bea8172ebe4add6912aad/actions - {"actions":[{"id":"action60","type":"key","parameters":{},"actions":[{"type":"keyDown","value":"î€‡"},{"type":"pause","duration":10},{"type":"keyUp","value":"î€‡"}]}]}
RESULT: {"actions":[{"id":"action60","type":"key","parameters":{},"actions":[{"type":"keyDown","value":"î€‡"},{"type":"pause","duration":10},{"type":"keyUp","value":"î€‡"}]}]}
COMMAND: GET /session/5a60c8b5c70bea8172ebe4add6912aad/screenshot - {}
RESULT: {}
COMMAND: POST /session/5a60c8b5c70bea8172ebe4add6912aad/element - {"using":"xpath","value":"//*[text()=\"Save\"]"}
RESULT: {"using":"xpath","value":"//*[text()=\"Save\"]"}
COMMAND: POST /session/5a60c8b5c70bea8172ebe4add6912aad/execute/sync - {"script":"<script> [8489 bytes]","args":[{"element-6066-11e4-a52e-4f735466cecf":"f.6B59548A06B598AB2C6AF1A2C766605D.d.7779D434663973A0650B8156D522E3B3.e.16009","ELEMENT":"f.6B59548A06B598AB2C6AF1A2C766605D.d.7779D434663973A0650B8156D522E3B3.e.16009"}]}
RESULT: {"script":"<script> [8489 bytes]","args":[{"element-6066-11e4-a52e-4f735466cecf":"f.6B59548A06B598AB2C6AF1A2C766605D.d.7779D434663973A0650B8156D522E3B3.e.16009","ELEMENT":"f.6B59548A06B598AB2C6AF1A2C766605D.d.7779D434663973A0650B8156D522E3B3.e.16009"}]}
COMMAND: POST /session/5a60c8b5c70bea8172ebe4add6912aad/execute/sync - {"script":"<script> [5351 bytes]","args":[{"element-6066-11e4-a52e-4f735466cecf":"f.6B59548A06B598AB2C6AF1A2C766605D.d.7779D434663973A0650B8156D522E3B3.e.16009","ELEMENT":"f.6B59548A06B598AB2C6AF1A2C766605D.d.7779D434663973A0650B8156D522E3B3.e.16009"}]}
COMMAND: GET /session/5a60c8b5c70bea8172ebe4add6912aad/screenshot - {}
RESULT: {"script":"<script> [5351 bytes]","args":[{"element-6066-11e4-a52e-4f735466cecf":"f.6B59548A06B598AB2C6AF1A2C766605D.d.7779D434663973A0650B8156D522E3B3.e.16009","ELEMENT":"f.6B59548A06B598AB2C6AF1A2C766605D.d.7779D434663973A0650B8156D522E3B3.e.16009"}]}
COMMAND: POST /session/5a60c8b5c70bea8172ebe4add6912aad/element/f.6B59548A06B598AB2C6AF1A2C766605D.d.7779D434663973A0650B8156D522E3B3.e.16009/click - {}
COMMAND: GET /session/5a60c8b5c70bea8172ebe4add6912aad/screenshot - {}
RESULT: {}
RESULT: {}
COMMAND: GET /session/5a60c8b5c70bea8172ebe4add6912aad/screenshot - {}
RESULT: {}
RESULT: {}
COMMAND: POST /session/5a60c8b5c70bea8172ebe4add6912aad/element - {"using":"xpath","value":"//bdi[contains(text(), \"Close\")]"}
RESULT: {"using":"xpath","value":"//bdi[contains(text(), \"Close\")]"}
COMMAND: POST /session/5a60c8b5c70bea8172ebe4add6912aad/element/f.6B59548A06B598AB2C6AF1A2C766605D.d.7779D434663973A0650B8156D522E3B3.e.16163/click - {}
RESULT: {}
COMMAND: GET /session/5a60c8b5c70bea8172ebe4add6912aad/screenshot - {}
RESULT: {}
RESULT: undefined
COMMAND: POST /session/5a60c8b5c70bea8172ebe4add6912aad/execute/async - {"script":"<script> [6424 bytes]","args":[{"element-6066-11e4-a52e-4f735466cecf":"f.6B59548A06B598AB2C6AF1A2C766605D.d.7779D434663973A0650B8156D522E3B3.e.16044"},"getText",[]]}
RESULT: {"script":"<script> [6424 bytes]","args":[{"element-6066-11e4-a52e-4f735466cecf":"f.6B59548A06B598AB2C6AF1A2C766605D.d.7779D434663973A0650B8156D522E3B3.e.16044"},"getText",[]]}
COMMAND: POST /session/5a60c8b5c70bea8172ebe4add6912aad/element - {"using":"css selector","value":"#shell-header-logo"}
RESULT: {"using":"css selector","value":"#shell-header-logo"}
COMMAND: POST /session/5a60c8b5c70bea8172ebe4add6912aad/element/f.6B59548A06B598AB2C6AF1A2C766605D.d.7779D434663973A0650B8156D522E3B3.e.15445/click - {}
RESULT: {}
COMMAND: GET /session/5a60c8b5c70bea8172ebe4add6912aad/screenshot - {}
RESULT: {}
]]></system-out>
    </testcase>
    <testcase classname="chrome.135_0_7049_115.windows.Transfer_Yard_to_Yard_US131076" name="Should do a stock increase for the equipment and multipart" time="59.584">
      <system-out><![CDATA[
COMMAND: POST /session/5a60c8b5c70bea8172ebe4add6912aad/execute/async - {"script":"<script> [1562 bytes]","args":[{"selector":{"controlType":"sap.m.Text","viewName":"etm.portal.ui.managehandoverstile.view.Master","properties":{"text":"Manage Handovers"},"interaction":{"idSuffix":"inner"}},"wdio_ui5_key":"etmportal.ui.managehandoverstile.view.Mastersap.m.Text{\"text\":\"Manage Handovers\"}"}]}
RESULT: {"script":"<script> [1562 bytes]","args":[{"selector":{"controlType":"sap.m.Text","viewName":"etm.portal.ui.managehandoverstile.view.Master","properties":{"text":"Manage Handovers"},"interaction":{"idSuffix":"inner"}},"wdio_ui5_key":"etmportal.ui.managehandoverstile.view.Mastersap.m.Text{\"text\":\"Manage Handovers\"}"}]}
RESULT: undefined
COMMAND: POST /session/5a60c8b5c70bea8172ebe4add6912aad/element - {"using":"xpath","value":"//*[@id=\"__tile130-title\"]"}
RESULT: {"using":"xpath","value":"//*[@id=\"__tile130-title\"]"}
COMMAND: POST /session/5a60c8b5c70bea8172ebe4add6912aad/element/f.6B59548A06B598AB2C6AF1A2C766605D.d.7779D434663973A0650B8156D522E3B3.e.16176/click - {}
RESULT: {}
COMMAND: GET /session/5a60c8b5c70bea8172ebe4add6912aad/screenshot - {}
COMMAND: POST /session/5a60c8b5c70bea8172ebe4add6912aad/execute/async - {"script":"<script> [1562 bytes]","args":[{"selector":{"controlType":"sap.ui.core.Icon","viewName":"etm.portal.ui.managehandovers.view.MasterHO","properties":{"src":{"regex":{"source":"add"}}}},"wdio_ui5_key":"etmportal.ui.managehandovers.view.MasterHOsap.ui.core.Icon{\"src\":{\"regex\":{\"source\":\"add\"}}}"}]}
RESULT: {}
RESULT: {"script":"<script> [1562 bytes]","args":[{"selector":{"controlType":"sap.ui.core.Icon","viewName":"etm.portal.ui.managehandovers.view.MasterHO","properties":{"src":{"regex":{"source":"add"}}}},"wdio_ui5_key":"etmportal.ui.managehandovers.view.MasterHOsap.ui.core.Icon{\"src\":{\"regex\":{\"source\":\"add\"}}}"}]}
RESULT: undefined
COMMAND: POST /session/5a60c8b5c70bea8172ebe4add6912aad/element - {"using":"xpath","value":"//*[@id=\"__button85-img\"]"}
RESULT: {"using":"xpath","value":"//*[@id=\"__button85-img\"]"}
COMMAND: POST /session/5a60c8b5c70bea8172ebe4add6912aad/element/f.6B59548A06B598AB2C6AF1A2C766605D.d.7779D434663973A0650B8156D522E3B3.e.16220/click - {}
RESULT: {}
COMMAND: POST /session/5a60c8b5c70bea8172ebe4add6912aad/execute/async - {"script":"<script> [1562 bytes]","args":[{"selector":{"id":"application-managehandovers-display-component---AddNewHO--typeSelect","interaction":{"idSuffix":"arrow"}},"wdio_ui5_key":"applicationmanagehandovers-display-component---AddNewHO--typeSelect"}]}
COMMAND: GET /session/5a60c8b5c70bea8172ebe4add6912aad/screenshot - {}
RESULT: {"script":"<script> [1562 bytes]","args":[{"selector":{"id":"application-managehandovers-display-component---AddNewHO--typeSelect","interaction":{"idSuffix":"arrow"}},"wdio_ui5_key":"applicationmanagehandovers-display-component---AddNewHO--typeSelect"}]}
RESULT: undefined
COMMAND: POST /session/5a60c8b5c70bea8172ebe4add6912aad/element - {"using":"xpath","value":"//*[@id=\"application-managehandovers-display-component---AddNewHO--typeSelect\"]"}
RESULT: {}
RESULT: {"using":"xpath","value":"//*[@id=\"application-managehandovers-display-component---AddNewHO--typeSelect\"]"}
COMMAND: POST /session/5a60c8b5c70bea8172ebe4add6912aad/element/f.6B59548A06B598AB2C6AF1A2C766605D.d.7779D434663973A0650B8156D522E3B3.e.16526/click - {}
RESULT: {}
COMMAND: POST /session/5a60c8b5c70bea8172ebe4add6912aad/execute/async - {"script":"<script> [1562 bytes]","args":[{"selector":{"controlType":"sap.ui.core.Item","viewName":"etm.portal.ui.managehandovers.view.AddNewHO","viewId":"application-managehandovers-display-component---AddNewHO","bindingPath":{"path":"/HandOverTypes('100')","propertyPath":"ID","modelName":"catalogModel"},"searchOpenDialogs":true},"wdio_ui5_key":"etmportal.ui.managehandovers.view.AddNewHOsap.ui.core.Item{\"path\":\"/HandOverTypes('100')\",\"propertyPath\":\"ID\",\"modelName\":\"catalogModel\"}"}]}
COMMAND: GET /session/5a60c8b5c70bea8172ebe4add6912aad/screenshot - {}
RESULT: {"script":"<script> [1562 bytes]","args":[{"selector":{"controlType":"sap.ui.core.Item","viewName":"etm.portal.ui.managehandovers.view.AddNewHO","viewId":"application-managehandovers-display-component---AddNewHO","bindingPath":{"path":"/HandOverTypes('100')","propertyPath":"ID","modelName":"catalogModel"},"searchOpenDialogs":true},"wdio_ui5_key":"etmportal.ui.managehandovers.view.AddNewHOsap.ui.core.Item{\"path\":\"/HandOverTypes('100')\",\"propertyPath\":\"ID\",\"modelName\":\"catalogModel\"}"}]}
RESULT: undefined
COMMAND: POST /session/5a60c8b5c70bea8172ebe4add6912aad/element - {"using":"xpath","value":"//*[@id=\"__item1609-application-managehandovers-display-component---AddNewHO--typeSelect-1\"]"}
RESULT: {}
RESULT: {"using":"xpath","value":"//*[@id=\"__item1609-application-managehandovers-display-component---AddNewHO--typeSelect-1\"]"}
COMMAND: POST /session/5a60c8b5c70bea8172ebe4add6912aad/element/f.6B59548A06B598AB2C6AF1A2C766605D.d.7779D434663973A0650B8156D522E3B3.e.16527/click - {}
RESULT: {}
COMMAND: POST /session/5a60c8b5c70bea8172ebe4add6912aad/execute/async - {"script":"<script> [1562 bytes]","args":[{"selector":{"id":"application-managehandovers-display-component---AddNewHO--dueDate","interaction":{"idSuffix":"inner"}},"wdio_ui5_key":"applicationmanagehandovers-display-component---AddNewHO--dueDate"}]}
COMMAND: GET /session/5a60c8b5c70bea8172ebe4add6912aad/screenshot - {}
RESULT: {"script":"<script> [1562 bytes]","args":[{"selector":{"id":"application-managehandovers-display-component---AddNewHO--dueDate","interaction":{"idSuffix":"inner"}},"wdio_ui5_key":"applicationmanagehandovers-display-component---AddNewHO--dueDate"}]}
RESULT: undefined
COMMAND: POST /session/5a60c8b5c70bea8172ebe4add6912aad/element - {"using":"xpath","value":"//input[@id=\"generalSectionFrg--receiveYard-inner\"]"}
RESULT: {}
RESULT: {"using":"xpath","value":"//input[@id=\"generalSectionFrg--receiveYard-inner\"]"}
COMMAND: POST /session/5a60c8b5c70bea8172ebe4add6912aad/element/f.6B59548A06B598AB2C6AF1A2C766605D.d.7779D434663973A0650B8156D522E3B3.e.16535/clear - {}
RESULT: {}
COMMAND: POST /session/5a60c8b5c70bea8172ebe4add6912aad/element/f.6B59548A06B598AB2C6AF1A2C766605D.d.7779D434663973A0650B8156D522E3B3.e.16535/value - {"text":"106"}
COMMAND: GET /session/5a60c8b5c70bea8172ebe4add6912aad/screenshot - {}
RESULT: {"text":"106"}
COMMAND: GET /session/5a60c8b5c70bea8172ebe4add6912aad/screenshot - {}
RESULT: {}
RESULT: {}
COMMAND: POST /session/5a60c8b5c70bea8172ebe4add6912aad/element - {"using":"xpath","value":"//input[@id=\"application-managehandovers-display-component---AddNewHO--dueDate-inner\"]"}
RESULT: {"using":"xpath","value":"//input[@id=\"application-managehandovers-display-component---AddNewHO--dueDate-inner\"]"}
COMMAND: POST /session/5a60c8b5c70bea8172ebe4add6912aad/elements - {"using":"xpath","value":"//input[@id=\"application-managehandovers-display-component---AddNewHO--dueDate-inner\"]"}
RESULT: {"using":"xpath","value":"//input[@id=\"application-managehandovers-display-component---AddNewHO--dueDate-inner\"]"}
COMMAND: POST /session/5a60c8b5c70bea8172ebe4add6912aad/execute/sync - {"script":"<script> [8489 bytes]","args":[{"element-6066-11e4-a52e-4f735466cecf":"f.6B59548A06B598AB2C6AF1A2C766605D.d.7779D434663973A0650B8156D522E3B3.e.16529","ELEMENT":"f.6B59548A06B598AB2C6AF1A2C766605D.d.7779D434663973A0650B8156D522E3B3.e.16529"}]}
RESULT: {"script":"<script> [8489 bytes]","args":[{"element-6066-11e4-a52e-4f735466cecf":"f.6B59548A06B598AB2C6AF1A2C766605D.d.7779D434663973A0650B8156D522E3B3.e.16529","ELEMENT":"f.6B59548A06B598AB2C6AF1A2C766605D.d.7779D434663973A0650B8156D522E3B3.e.16529"}]}
COMMAND: GET /session/5a60c8b5c70bea8172ebe4add6912aad/element/f.6B59548A06B598AB2C6AF1A2C766605D.d.7779D434663973A0650B8156D522E3B3.e.16529/enabled - {}
COMMAND: GET /session/5a60c8b5c70bea8172ebe4add6912aad/screenshot - {}
RESULT: {}
COMMAND: POST /session/5a60c8b5c70bea8172ebe4add6912aad/element/f.6B59548A06B598AB2C6AF1A2C766605D.d.7779D434663973A0650B8156D522E3B3.e.16529/click - {}
COMMAND: GET /session/5a60c8b5c70bea8172ebe4add6912aad/screenshot - {}
RESULT: {}
RESULT: {}
COMMAND: POST /session/5a60c8b5c70bea8172ebe4add6912aad/element/f.6B59548A06B598AB2C6AF1A2C766605D.d.7779D434663973A0650B8156D522E3B3.e.16529/clear - {}
COMMAND: GET /session/5a60c8b5c70bea8172ebe4add6912aad/screenshot - {}
RESULT: {}
RESULT: {}
COMMAND: POST /session/5a60c8b5c70bea8172ebe4add6912aad/element/f.6B59548A06B598AB2C6AF1A2C766605D.d.7779D434663973A0650B8156D522E3B3.e.16529/clear - {}
COMMAND: GET /session/5a60c8b5c70bea8172ebe4add6912aad/screenshot - {}
RESULT: {}
RESULT: {}
COMMAND: POST /session/5a60c8b5c70bea8172ebe4add6912aad/element/f.6B59548A06B598AB2C6AF1A2C766605D.d.7779D434663973A0650B8156D522E3B3.e.16529/value - {"text":"5/7/25"}
COMMAND: GET /session/5a60c8b5c70bea8172ebe4add6912aad/screenshot - {}
RESULT: {}
RESULT: {"text":"5/7/25"}
COMMAND: POST /session/5a60c8b5c70bea8172ebe4add6912aad/execute/async - {"script":"<script> [1562 bytes]","args":[{"selector":{"id":"application-managehandovers-display-component---AddNewHO--ObjectPageLayout-anchBar-application-managehandovers-display-component---AddNewHO--section4-anchor","interaction":{"idSuffix":"BDI-content"}},"wdio_ui5_key":"applicationmanagehandovers-display-component---AddNewHO--ObjectPageLayout-anchBar-application-managehandovers-display-component---AddNewHO--section4-anchor"}]}
COMMAND: GET /session/5a60c8b5c70bea8172ebe4add6912aad/screenshot - {}
RESULT: {}
RESULT: {"script":"<script> [1562 bytes]","args":[{"selector":{"id":"application-managehandovers-display-component---AddNewHO--ObjectPageLayout-anchBar-application-managehandovers-display-component---AddNewHO--section4-anchor","interaction":{"idSuffix":"BDI-content"}},"wdio_ui5_key":"applicationmanagehandovers-display-component---AddNewHO--ObjectPageLayout-anchBar-application-managehandovers-display-component---AddNewHO--section4-anchor"}]}
RESULT: undefined
COMMAND: POST /session/5a60c8b5c70bea8172ebe4add6912aad/element - {"using":"xpath","value":"//*[@id=\"application-managehandovers-display-component---AddNewHO--ObjectPageLayout-anchBar-application-managehandovers-display-component---AddNewHO--section4-anchor\"]"}
RESULT: {}
RESULT: {"using":"xpath","value":"//*[@id=\"application-managehandovers-display-component---AddNewHO--ObjectPageLayout-anchBar-application-managehandovers-display-component---AddNewHO--section4-anchor\"]"}
COMMAND: POST /session/5a60c8b5c70bea8172ebe4add6912aad/element/f.6B59548A06B598AB2C6AF1A2C766605D.d.7779D434663973A0650B8156D522E3B3.e.16555/click - {}
RESULT: {}
COMMAND: POST /session/5a60c8b5c70bea8172ebe4add6912aad/execute/async - {"script":"<script> [1562 bytes]","args":[{"selector":{"controlType":"sap.ui.core.Icon","viewName":"etm.portal.ui.managehandovers.view.AddNewHO","viewId":"application-managehandovers-display-component---AddNewHO","properties":{"src":{"regex":{"source":"add"}}}},"wdio_ui5_key":"etmportal.ui.managehandovers.view.AddNewHOsap.ui.core.Icon{\"src\":{\"regex\":{\"source\":\"add\"}}}"}]}
COMMAND: GET /session/5a60c8b5c70bea8172ebe4add6912aad/screenshot - {}
RESULT: {"script":"<script> [1562 bytes]","args":[{"selector":{"controlType":"sap.ui.core.Icon","viewName":"etm.portal.ui.managehandovers.view.AddNewHO","viewId":"application-managehandovers-display-component---AddNewHO","properties":{"src":{"regex":{"source":"add"}}}},"wdio_ui5_key":"etmportal.ui.managehandovers.view.AddNewHOsap.ui.core.Icon{\"src\":{\"regex\":{\"source\":\"add\"}}}"}]}
RESULT: undefined
COMMAND: POST /session/5a60c8b5c70bea8172ebe4add6912aad/element - {"using":"xpath","value":"//*[@id=\"__button104-img\"]"}
RESULT: {}
RESULT: {"using":"xpath","value":"//*[@id=\"__button104-img\"]"}
COMMAND: POST /session/5a60c8b5c70bea8172ebe4add6912aad/element/f.6B59548A06B598AB2C6AF1A2C766605D.d.7779D434663973A0650B8156D522E3B3.e.16559/click - {}
RESULT: {}
COMMAND: POST /session/5a60c8b5c70bea8172ebe4add6912aad/execute/async - {"script":"<script> [1562 bytes]","args":[{"selector":{"id":"application-managehandovers-display-component---AddNewHO--smartFilterBar-btnBasicSearch","searchOpenDialogs":true,"interaction":{"idSuffix":"I"}},"wdio_ui5_key":"applicationmanagehandovers-display-component---AddNewHO--smartFilterBar-btnBasicSearch"}]}
COMMAND: GET /session/5a60c8b5c70bea8172ebe4add6912aad/screenshot - {}
RESULT: {"script":"<script> [1562 bytes]","args":[{"selector":{"id":"application-managehandovers-display-component---AddNewHO--smartFilterBar-btnBasicSearch","searchOpenDialogs":true,"interaction":{"idSuffix":"I"}},"wdio_ui5_key":"applicationmanagehandovers-display-component---AddNewHO--smartFilterBar-btnBasicSearch"}]}
RESULT: undefined
COMMAND: POST /session/5a60c8b5c70bea8172ebe4add6912aad/execute/async - {"script":"<script> [776 bytes]","args":[{"enterText":"TransferYard","selector":{"id":"application-managehandovers-display-component---AddNewHO--smartFilterBar-btnBasicSearch","searchOpenDialogs":true,"interaction":{"idSuffix":"I"}},"clearTextFirst":true,"interactionType":"ENTER_TEXT"}]}
RESULT: {}
RESULT: {"script":"<script> [776 bytes]","args":[{"enterText":"TransferYard","selector":{"id":"application-managehandovers-display-component---AddNewHO--smartFilterBar-btnBasicSearch","searchOpenDialogs":true,"interaction":{"idSuffix":"I"}},"clearTextFirst":true,"interactionType":"ENTER_TEXT"}]}
COMMAND: POST /session/5a60c8b5c70bea8172ebe4add6912aad/actions - {"actions":[{"id":"action61","type":"key","parameters":{},"actions":[{"type":"keyDown","value":"î€‡"},{"type":"pause","duration":10},{"type":"keyUp","value":"î€‡"}]}]}
RESULT: {"actions":[{"id":"action61","type":"key","parameters":{},"actions":[{"type":"keyDown","value":"î€‡"},{"type":"pause","duration":10},{"type":"keyUp","value":"î€‡"}]}]}
COMMAND: POST /session/5a60c8b5c70bea8172ebe4add6912aad/execute/async - {"script":"<script> [1562 bytes]","args":[{"selector":{"id":"application-managehandovers-display-component---AddNewHO--popup-sa","searchOpenDialogs":true,"interaction":{"idSuffix":"CbBg"}},"wdio_ui5_key":"applicationmanagehandovers-display-component---AddNewHO--popup-sa"}]}
COMMAND: GET /session/5a60c8b5c70bea8172ebe4add6912aad/screenshot - {}
RESULT: {"script":"<script> [1562 bytes]","args":[{"selector":{"id":"application-managehandovers-display-component---AddNewHO--popup-sa","searchOpenDialogs":true,"interaction":{"idSuffix":"CbBg"}},"wdio_ui5_key":"applicationmanagehandovers-display-component---AddNewHO--popup-sa"}]}
RESULT: undefined
COMMAND: POST /session/5a60c8b5c70bea8172ebe4add6912aad/element - {"using":"xpath","value":"//*[@id=\"application-managehandovers-display-component---AddNewHO--popup-sa\"]"}
RESULT: {}
RESULT: {"using":"xpath","value":"//*[@id=\"application-managehandovers-display-component---AddNewHO--popup-sa\"]"}
COMMAND: POST /session/5a60c8b5c70bea8172ebe4add6912aad/element/f.6B59548A06B598AB2C6AF1A2C766605D.d.7779D434663973A0650B8156D522E3B3.e.16732/click - {}
RESULT: {}
COMMAND: POST /session/5a60c8b5c70bea8172ebe4add6912aad/execute/async - {"script":"<script> [1562 bytes]","args":[{"selector":{"controlType":"sap.m.Button","viewName":"etm.portal.ui.managehandovers.view.AddNewHO","viewId":"application-managehandovers-display-component---AddNewHO","i18NText":{"propertyName":"text","key":"select"},"searchOpenDialogs":true,"interaction":{"idSuffix":"BDI-content"}},"wdio_ui5_key":"etmportal.ui.managehandovers.view.AddNewHOsap.m.Button{\"propertyName\":\"text\",\"key\":\"select\"}"}]}
COMMAND: GET /session/5a60c8b5c70bea8172ebe4add6912aad/screenshot - {}
RESULT: {"script":"<script> [1562 bytes]","args":[{"selector":{"controlType":"sap.m.Button","viewName":"etm.portal.ui.managehandovers.view.AddNewHO","viewId":"application-managehandovers-display-component---AddNewHO","i18NText":{"propertyName":"text","key":"select"},"searchOpenDialogs":true,"interaction":{"idSuffix":"BDI-content"}},"wdio_ui5_key":"etmportal.ui.managehandovers.view.AddNewHOsap.m.Button{\"propertyName\":\"text\",\"key\":\"select\"}"}]}
RESULT: undefined
COMMAND: POST /session/5a60c8b5c70bea8172ebe4add6912aad/element - {"using":"xpath","value":"//*[@id=\"__button107\"]"}
RESULT: {}
RESULT: {"using":"xpath","value":"//*[@id=\"__button107\"]"}
COMMAND: POST /session/5a60c8b5c70bea8172ebe4add6912aad/element/f.6B59548A06B598AB2C6AF1A2C766605D.d.7779D434663973A0650B8156D522E3B3.e.16734/click - {}
RESULT: {}
COMMAND: GET /session/5a60c8b5c70bea8172ebe4add6912aad/screenshot - {}
RESULT: {}
COMMAND: POST /session/5a60c8b5c70bea8172ebe4add6912aad/execute/async - {"script":"<script> [1562 bytes]","args":[{"selector":{"controlType":"sap.m.Input","viewName":"etm.portal.ui.managehandovers.view.AddNewHO","viewId":"application-managehandovers-display-component---AddNewHO","bindingPath":{"path":"/items/0","propertyPath":"TYPE","modelName":"hoItemsModel"},"interaction":{"idSuffix":"inner"}},"wdio_ui5_key":"etmportal.ui.managehandovers.view.AddNewHOsap.m.Input{\"path\":\"/items/0\",\"propertyPath\":\"TYPE\",\"modelName\":\"hoItemsModel\"}"}]}
RESULT: {"script":"<script> [1562 bytes]","args":[{"selector":{"controlType":"sap.m.Input","viewName":"etm.portal.ui.managehandovers.view.AddNewHO","viewId":"application-managehandovers-display-component---AddNewHO","bindingPath":{"path":"/items/0","propertyPath":"TYPE","modelName":"hoItemsModel"},"interaction":{"idSuffix":"inner"}},"wdio_ui5_key":"etmportal.ui.managehandovers.view.AddNewHOsap.m.Input{\"path\":\"/items/0\",\"propertyPath\":\"TYPE\",\"modelName\":\"hoItemsModel\"}"}]}
RESULT: undefined
COMMAND: POST /session/5a60c8b5c70bea8172ebe4add6912aad/execute/async - {"script":"<script> [776 bytes]","args":[{"enterText":"100","selector":{"controlType":"sap.m.Input","viewName":"etm.portal.ui.managehandovers.view.AddNewHO","viewId":"application-managehandovers-display-component---AddNewHO","bindingPath":{"path":"/items/0","propertyPath":"TYPE","modelName":"hoItemsModel"},"interaction":{"idSuffix":"inner"}},"clearTextFirst":true,"interactionType":"ENTER_TEXT"}]}
RESULT: {"script":"<script> [776 bytes]","args":[{"enterText":"100","selector":{"controlType":"sap.m.Input","viewName":"etm.portal.ui.managehandovers.view.AddNewHO","viewId":"application-managehandovers-display-component---AddNewHO","bindingPath":{"path":"/items/0","propertyPath":"TYPE","modelName":"hoItemsModel"},"interaction":{"idSuffix":"inner"}},"clearTextFirst":true,"interactionType":"ENTER_TEXT"}]}
COMMAND: POST /session/5a60c8b5c70bea8172ebe4add6912aad/execute/async - {"script":"<script> [1562 bytes]","args":[{"selector":{"id":"application-managehandovers-display-component---AddNewHO--confirmCreationButton","interaction":{"idSuffix":"BDI-content"}},"wdio_ui5_key":"applicationmanagehandovers-display-component---AddNewHO--confirmCreationButton"}]}
RESULT: {"script":"<script> [1562 bytes]","args":[{"selector":{"id":"application-managehandovers-display-component---AddNewHO--confirmCreationButton","interaction":{"idSuffix":"BDI-content"}},"wdio_ui5_key":"applicationmanagehandovers-display-component---AddNewHO--confirmCreationButton"}]}
RESULT: undefined
COMMAND: POST /session/5a60c8b5c70bea8172ebe4add6912aad/element - {"using":"xpath","value":"//*[@id=\"application-managehandovers-display-component---AddNewHO--confirmCreationButton\"]"}
RESULT: {"using":"xpath","value":"//*[@id=\"application-managehandovers-display-component---AddNewHO--confirmCreationButton\"]"}
COMMAND: POST /session/5a60c8b5c70bea8172ebe4add6912aad/element/f.6B59548A06B598AB2C6AF1A2C766605D.d.7779D434663973A0650B8156D522E3B3.e.16782/click - {}
RESULT: {}
COMMAND: GET /session/5a60c8b5c70bea8172ebe4add6912aad/screenshot - {}
RESULT: {}
COMMAND: POST /session/5a60c8b5c70bea8172ebe4add6912aad/execute/async - {"script":"<script> [1562 bytes]","args":[{"selector":{"controlType":"sap.m.Button","viewName":"etm.portal.ui.managehandovers.view.DetailExecuteHO","i18NText":{"propertyName":"text","key":"confirmAll"},"interaction":{"idSuffix":"BDI-content"}},"wdio_ui5_key":"etmportal.ui.managehandovers.view.DetailExecuteHOsap.m.Button{\"propertyName\":\"text\",\"key\":\"confirmAll\"}"}]}
RESULT: {"script":"<script> [1562 bytes]","args":[{"selector":{"controlType":"sap.m.Button","viewName":"etm.portal.ui.managehandovers.view.DetailExecuteHO","i18NText":{"propertyName":"text","key":"confirmAll"},"interaction":{"idSuffix":"BDI-content"}},"wdio_ui5_key":"etmportal.ui.managehandovers.view.DetailExecuteHOsap.m.Button{\"propertyName\":\"text\",\"key\":\"confirmAll\"}"}]}
RESULT: undefined
COMMAND: POST /session/5a60c8b5c70bea8172ebe4add6912aad/element - {"using":"xpath","value":"//*[@id=\"__button136\"]"}
RESULT: {"using":"xpath","value":"//*[@id=\"__button136\"]"}
COMMAND: POST /session/5a60c8b5c70bea8172ebe4add6912aad/element/f.6B59548A06B598AB2C6AF1A2C766605D.d.7779D434663973A0650B8156D522E3B3.e.16920/click - {}
RESULT: {}
COMMAND: POST /session/5a60c8b5c70bea8172ebe4add6912aad/execute/async - {"script":"<script> [1562 bytes]","args":[{"selector":{"controlType":"sap.m.Button","properties":{"text":"OK"},"searchOpenDialogs":true,"interaction":{"idSuffix":"BDI-content"}},"wdio_ui5_key":"sapm.Button{\"text\":\"OK\"}"}]}
COMMAND: GET /session/5a60c8b5c70bea8172ebe4add6912aad/screenshot - {}
RESULT: {"script":"<script> [1562 bytes]","args":[{"selector":{"controlType":"sap.m.Button","properties":{"text":"OK"},"searchOpenDialogs":true,"interaction":{"idSuffix":"BDI-content"}},"wdio_ui5_key":"sapm.Button{\"text\":\"OK\"}"}]}
RESULT: undefined
COMMAND: POST /session/5a60c8b5c70bea8172ebe4add6912aad/element - {"using":"xpath","value":"//*[@id=\"__mbox-btn-2\"]"}
RESULT: {}
RESULT: {"using":"xpath","value":"//*[@id=\"__mbox-btn-2\"]"}
COMMAND: POST /session/5a60c8b5c70bea8172ebe4add6912aad/element/f.6B59548A06B598AB2C6AF1A2C766605D.d.7779D434663973A0650B8156D522E3B3.e.16921/click - {}
RESULT: {}
COMMAND: GET /session/5a60c8b5c70bea8172ebe4add6912aad/screenshot - {}
RESULT: {}
COMMAND: POST /session/5a60c8b5c70bea8172ebe4add6912aad/element - {"using":"xpath","value":"//input[contains(@id, \"receiptDatePicker-inner\")]"}
RESULT: {"using":"xpath","value":"//input[contains(@id, \"receiptDatePicker-inner\")]"}
COMMAND: POST /session/5a60c8b5c70bea8172ebe4add6912aad/elements - {"using":"xpath","value":"//input[contains(@id, \"receiptDatePicker-inner\")]"}
RESULT: {"using":"xpath","value":"//input[contains(@id, \"receiptDatePicker-inner\")]"}
COMMAND: POST /session/5a60c8b5c70bea8172ebe4add6912aad/execute/sync - {"script":"<script> [8489 bytes]","args":[{"element-6066-11e4-a52e-4f735466cecf":"f.6B59548A06B598AB2C6AF1A2C766605D.d.7779D434663973A0650B8156D522E3B3.e.16810","ELEMENT":"f.6B59548A06B598AB2C6AF1A2C766605D.d.7779D434663973A0650B8156D522E3B3.e.16810"}]}
RESULT: {"script":"<script> [8489 bytes]","args":[{"element-6066-11e4-a52e-4f735466cecf":"f.6B59548A06B598AB2C6AF1A2C766605D.d.7779D434663973A0650B8156D522E3B3.e.16810","ELEMENT":"f.6B59548A06B598AB2C6AF1A2C766605D.d.7779D434663973A0650B8156D522E3B3.e.16810"}]}
COMMAND: GET /session/5a60c8b5c70bea8172ebe4add6912aad/element/f.6B59548A06B598AB2C6AF1A2C766605D.d.7779D434663973A0650B8156D522E3B3.e.16810/enabled - {}
COMMAND: GET /session/5a60c8b5c70bea8172ebe4add6912aad/screenshot - {}
RESULT: {}
COMMAND: POST /session/5a60c8b5c70bea8172ebe4add6912aad/element/f.6B59548A06B598AB2C6AF1A2C766605D.d.7779D434663973A0650B8156D522E3B3.e.16810/click - {}
COMMAND: GET /session/5a60c8b5c70bea8172ebe4add6912aad/screenshot - {}
RESULT: {}
RESULT: {}
COMMAND: POST /session/5a60c8b5c70bea8172ebe4add6912aad/element/f.6B59548A06B598AB2C6AF1A2C766605D.d.7779D434663973A0650B8156D522E3B3.e.16810/clear - {}
COMMAND: GET /session/5a60c8b5c70bea8172ebe4add6912aad/screenshot - {}
RESULT: {}
RESULT: {}
COMMAND: POST /session/5a60c8b5c70bea8172ebe4add6912aad/element/f.6B59548A06B598AB2C6AF1A2C766605D.d.7779D434663973A0650B8156D522E3B3.e.16810/clear - {}
COMMAND: GET /session/5a60c8b5c70bea8172ebe4add6912aad/screenshot - {}
RESULT: {}
RESULT: {}
COMMAND: POST /session/5a60c8b5c70bea8172ebe4add6912aad/element/f.6B59548A06B598AB2C6AF1A2C766605D.d.7779D434663973A0650B8156D522E3B3.e.16810/value - {"text":"5/7/25"}
COMMAND: GET /session/5a60c8b5c70bea8172ebe4add6912aad/screenshot - {}
RESULT: {}
RESULT: {"text":"5/7/25"}
COMMAND: POST /session/5a60c8b5c70bea8172ebe4add6912aad/execute/async - {"script":"<script> [1562 bytes]","args":[{"selector":{"id":"confirmationButton","viewName":"etm.portal.ui.managehandovers.view.DetailExecuteHO","interaction":{"idSuffix":"BDI-content"}},"wdio_ui5_key":"confirmationButtonetmportal.ui.managehandovers.view.DetailExecuteHO"}]}
COMMAND: GET /session/5a60c8b5c70bea8172ebe4add6912aad/screenshot - {}
RESULT: {}
RESULT: {"script":"<script> [1562 bytes]","args":[{"selector":{"id":"confirmationButton","viewName":"etm.portal.ui.managehandovers.view.DetailExecuteHO","interaction":{"idSuffix":"BDI-content"}},"wdio_ui5_key":"confirmationButtonetmportal.ui.managehandovers.view.DetailExecuteHO"}]}
RESULT: undefined
RESULT: {}
]]></system-out>
    </testcase>
  </testsuite>
</testsuites>