<?xml version="1.0" encoding="UTF-8"?>
<testsuites tests="4" failures="4" errors="4" skipped="0">
  <testsuite timestamp="2025-04-25T16:46:55" time="298.123" tests="4" failures="4" errors="4" skipped="0">
    <properties>
      <property name="specId" value="0" />
      <property name="suiteName" value="ISC Create schedule with time schedule with counter US138269" />
      <property name="capabilities" value="chrome.135_0_7049_96.windows" />
      <property name="file" value="file:///D:/a/1/s/test/specs/ISC/create-schedule-with-time-schedule-with-counter.spec.js" />
    </properties>
  </testsuite>
</testsuites>