<?xml version="1.0" encoding="UTF-8"?>
<testsuites tests="9" failures="1" errors="1" skipped="0">
  <testsuite timestamp="2025-05-05T05:37:16" time="862.905" tests="9" failures="1" errors="1" skipped="0">
    <properties>
      <property name="specId" value="0" />
      <property name="suiteName" value="Tests for Mass State Change on Manage States &amp; Performances US104416 US" />
      <property name="capabilities" value="chrome.135_0_7049_96.windows" />
      <property name="file" value="file:///D:/a/1/s/test/specs/HTR/create-mass-state-change.spec.js" />
    </properties>
    <testcase classname="chrome.135_0_7049_96.windows.Tests_for_Mass_State_Change_on_Manage_States_&amp;_Performances_US104416_US" name="Prereq Should create a new yard used for all following tests" time="129.197">
      <system-out><![CDATA[
COMMAND: POST /session/f0da0c3c43298f3c96346e78252ccf41/window/fullscreen - {}
RESULT: {}
COMMAND: POST /session/f0da0c3c43298f3c96346e78252ccf41/execute/async - {"script":"<script> [1562 bytes]","args":[{"selector":{"controlType":"sap.m.GenericTile","properties":{"header":"Manage Yards"}},"wdio_ui5_key":"sapm.GenericTile{\"header\":\"Manage Yards\"}"}]}
RESULT: {"script":"<script> [1562 bytes]","args":[{"selector":{"controlType":"sap.m.GenericTile","properties":{"header":"Manage Yards"}},"wdio_ui5_key":"sapm.GenericTile{\"header\":\"Manage Yards\"}"}]}
RESULT: undefined
COMMAND: POST /session/f0da0c3c43298f3c96346e78252ccf41/element - {"using":"xpath","value":"//*[@id=\"__tile41\"]"}
RESULT: {"using":"xpath","value":"//*[@id=\"__tile41\"]"}
COMMAND: POST /session/f0da0c3c43298f3c96346e78252ccf41/element/f.6F1C9CAC0929B66C30BD4634384CD5FC.d.7199CBBDDD35EB144A59B73DAAC5BD31.e.166/click - {}
RESULT: {}
COMMAND: POST /session/f0da0c3c43298f3c96346e78252ccf41/element - {"using":"xpath","value":"//button[@data-kt=\"addNewYardOverflowToolbarButton\"]"}
COMMAND: GET /session/f0da0c3c43298f3c96346e78252ccf41/screenshot - {}
RESULT: {"using":"xpath","value":"//button[@data-kt=\"addNewYardOverflowToolbarButton\"]"}
COMMAND: POST /session/f0da0c3c43298f3c96346e78252ccf41/elements - {"using":"xpath","value":"//button[@data-kt=\"addNewYardOverflowToolbarButton\"]"}
RESULT: {}
RESULT: {"using":"xpath","value":"//button[@data-kt=\"addNewYardOverflowToolbarButton\"]"}
COMMAND: POST /session/f0da0c3c43298f3c96346e78252ccf41/elements - {"using":"xpath","value":"//button[@data-kt=\"addNewYardOverflowToolbarButton\"]"}
RESULT: {"using":"xpath","value":"//button[@data-kt=\"addNewYardOverflowToolbarButton\"]"}
COMMAND: POST /session/f0da0c3c43298f3c96346e78252ccf41/elements - {"using":"xpath","value":"//button[@data-kt=\"addNewYardOverflowToolbarButton\"]"}
RESULT: {"using":"xpath","value":"//button[@data-kt=\"addNewYardOverflowToolbarButton\"]"}
COMMAND: POST /session/f0da0c3c43298f3c96346e78252ccf41/elements - {"using":"xpath","value":"//button[@data-kt=\"addNewYardOverflowToolbarButton\"]"}
RESULT: {"using":"xpath","value":"//button[@data-kt=\"addNewYardOverflowToolbarButton\"]"}
COMMAND: POST /session/f0da0c3c43298f3c96346e78252ccf41/elements - {"using":"xpath","value":"//button[@data-kt=\"addNewYardOverflowToolbarButton\"]"}
RESULT: {"using":"xpath","value":"//button[@data-kt=\"addNewYardOverflowToolbarButton\"]"}
COMMAND: POST /session/f0da0c3c43298f3c96346e78252ccf41/elements - {"using":"xpath","value":"//button[@data-kt=\"addNewYardOverflowToolbarButton\"]"}
RESULT: {"using":"xpath","value":"//button[@data-kt=\"addNewYardOverflowToolbarButton\"]"}
COMMAND: POST /session/f0da0c3c43298f3c96346e78252ccf41/elements - {"using":"xpath","value":"//button[@data-kt=\"addNewYardOverflowToolbarButton\"]"}
RESULT: {"using":"xpath","value":"//button[@data-kt=\"addNewYardOverflowToolbarButton\"]"}
COMMAND: POST /session/f0da0c3c43298f3c96346e78252ccf41/elements - {"using":"xpath","value":"//button[@data-kt=\"addNewYardOverflowToolbarButton\"]"}
RESULT: {"using":"xpath","value":"//button[@data-kt=\"addNewYardOverflowToolbarButton\"]"}
COMMAND: POST /session/f0da0c3c43298f3c96346e78252ccf41/elements - {"using":"xpath","value":"//button[@data-kt=\"addNewYardOverflowToolbarButton\"]"}
RESULT: {"using":"xpath","value":"//button[@data-kt=\"addNewYardOverflowToolbarButton\"]"}
COMMAND: POST /session/f0da0c3c43298f3c96346e78252ccf41/elements - {"using":"xpath","value":"//button[@data-kt=\"addNewYardOverflowToolbarButton\"]"}
RESULT: {"using":"xpath","value":"//button[@data-kt=\"addNewYardOverflowToolbarButton\"]"}
COMMAND: POST /session/f0da0c3c43298f3c96346e78252ccf41/elements - {"using":"xpath","value":"//button[@data-kt=\"addNewYardOverflowToolbarButton\"]"}
RESULT: {"using":"xpath","value":"//button[@data-kt=\"addNewYardOverflowToolbarButton\"]"}
COMMAND: POST /session/f0da0c3c43298f3c96346e78252ccf41/elements - {"using":"xpath","value":"//button[@data-kt=\"addNewYardOverflowToolbarButton\"]"}
RESULT: {"using":"xpath","value":"//button[@data-kt=\"addNewYardOverflowToolbarButton\"]"}
COMMAND: POST /session/f0da0c3c43298f3c96346e78252ccf41/elements - {"using":"xpath","value":"//button[@data-kt=\"addNewYardOverflowToolbarButton\"]"}
RESULT: {"using":"xpath","value":"//button[@data-kt=\"addNewYardOverflowToolbarButton\"]"}
COMMAND: POST /session/f0da0c3c43298f3c96346e78252ccf41/elements - {"using":"xpath","value":"//button[@data-kt=\"addNewYardOverflowToolbarButton\"]"}
RESULT: {"using":"xpath","value":"//button[@data-kt=\"addNewYardOverflowToolbarButton\"]"}
COMMAND: POST /session/f0da0c3c43298f3c96346e78252ccf41/elements - {"using":"xpath","value":"//button[@data-kt=\"addNewYardOverflowToolbarButton\"]"}
RESULT: {"using":"xpath","value":"//button[@data-kt=\"addNewYardOverflowToolbarButton\"]"}
COMMAND: POST /session/f0da0c3c43298f3c96346e78252ccf41/elements - {"using":"xpath","value":"//button[@data-kt=\"addNewYardOverflowToolbarButton\"]"}
RESULT: {"using":"xpath","value":"//button[@data-kt=\"addNewYardOverflowToolbarButton\"]"}
COMMAND: POST /session/f0da0c3c43298f3c96346e78252ccf41/elements - {"using":"xpath","value":"//button[@data-kt=\"addNewYardOverflowToolbarButton\"]"}
RESULT: {"using":"xpath","value":"//button[@data-kt=\"addNewYardOverflowToolbarButton\"]"}
COMMAND: POST /session/f0da0c3c43298f3c96346e78252ccf41/elements - {"using":"xpath","value":"//button[@data-kt=\"addNewYardOverflowToolbarButton\"]"}
RESULT: {"using":"xpath","value":"//button[@data-kt=\"addNewYardOverflowToolbarButton\"]"}
COMMAND: POST /session/f0da0c3c43298f3c96346e78252ccf41/elements - {"using":"xpath","value":"//button[@data-kt=\"addNewYardOverflowToolbarButton\"]"}
RESULT: {"using":"xpath","value":"//button[@data-kt=\"addNewYardOverflowToolbarButton\"]"}
COMMAND: POST /session/f0da0c3c43298f3c96346e78252ccf41/elements - {"using":"xpath","value":"//button[@data-kt=\"addNewYardOverflowToolbarButton\"]"}
RESULT: {"using":"xpath","value":"//button[@data-kt=\"addNewYardOverflowToolbarButton\"]"}
COMMAND: POST /session/f0da0c3c43298f3c96346e78252ccf41/elements - {"using":"xpath","value":"//button[@data-kt=\"addNewYardOverflowToolbarButton\"]"}
RESULT: {"using":"xpath","value":"//button[@data-kt=\"addNewYardOverflowToolbarButton\"]"}
COMMAND: POST /session/f0da0c3c43298f3c96346e78252ccf41/elements - {"using":"xpath","value":"//button[@data-kt=\"addNewYardOverflowToolbarButton\"]"}
RESULT: {"using":"xpath","value":"//button[@data-kt=\"addNewYardOverflowToolbarButton\"]"}
COMMAND: POST /session/f0da0c3c43298f3c96346e78252ccf41/elements - {"using":"xpath","value":"//button[@data-kt=\"addNewYardOverflowToolbarButton\"]"}
RESULT: {"using":"xpath","value":"//button[@data-kt=\"addNewYardOverflowToolbarButton\"]"}
COMMAND: POST /session/f0da0c3c43298f3c96346e78252ccf41/elements - {"using":"xpath","value":"//button[@data-kt=\"addNewYardOverflowToolbarButton\"]"}
RESULT: {"using":"xpath","value":"//button[@data-kt=\"addNewYardOverflowToolbarButton\"]"}
COMMAND: POST /session/f0da0c3c43298f3c96346e78252ccf41/elements - {"using":"xpath","value":"//button[@data-kt=\"addNewYardOverflowToolbarButton\"]"}
RESULT: {"using":"xpath","value":"//button[@data-kt=\"addNewYardOverflowToolbarButton\"]"}
COMMAND: POST /session/f0da0c3c43298f3c96346e78252ccf41/elements - {"using":"xpath","value":"//button[@data-kt=\"addNewYardOverflowToolbarButton\"]"}
RESULT: {"using":"xpath","value":"//button[@data-kt=\"addNewYardOverflowToolbarButton\"]"}
COMMAND: POST /session/f0da0c3c43298f3c96346e78252ccf41/elements - {"using":"xpath","value":"//button[@data-kt=\"addNewYardOverflowToolbarButton\"]"}
RESULT: {"using":"xpath","value":"//button[@data-kt=\"addNewYardOverflowToolbarButton\"]"}
COMMAND: POST /session/f0da0c3c43298f3c96346e78252ccf41/element - {"using":"xpath","value":"//button[@data-kt=\"addNewYardOverflowToolbarButton\"]"}
RESULT: {"using":"xpath","value":"//button[@data-kt=\"addNewYardOverflowToolbarButton\"]"}
COMMAND: POST /session/f0da0c3c43298f3c96346e78252ccf41/execute/sync - {"script":"<script> [8489 bytes]","args":[{"element-6066-11e4-a52e-4f735466cecf":"f.6F1C9CAC0929B66C30BD4634384CD5FC.d.7199CBBDDD35EB144A59B73DAAC5BD31.e.302","ELEMENT":"f.6F1C9CAC0929B66C30BD4634384CD5FC.d.7199CBBDDD35EB144A59B73DAAC5BD31.e.302"}]}
RESULT: {"script":"<script> [8489 bytes]","args":[{"element-6066-11e4-a52e-4f735466cecf":"f.6F1C9CAC0929B66C30BD4634384CD5FC.d.7199CBBDDD35EB144A59B73DAAC5BD31.e.302","ELEMENT":"f.6F1C9CAC0929B66C30BD4634384CD5FC.d.7199CBBDDD35EB144A59B73DAAC5BD31.e.302"}]}
COMMAND: GET /session/f0da0c3c43298f3c96346e78252ccf41/element/f.6F1C9CAC0929B66C30BD4634384CD5FC.d.7199CBBDDD35EB144A59B73DAAC5BD31.e.302/enabled - {}
COMMAND: GET /session/f0da0c3c43298f3c96346e78252ccf41/screenshot - {}
RESULT: {}
COMMAND: POST /session/f0da0c3c43298f3c96346e78252ccf41/execute/sync - {"script":"<script> [8489 bytes]","args":[{"element-6066-11e4-a52e-4f735466cecf":"f.6F1C9CAC0929B66C30BD4634384CD5FC.d.7199CBBDDD35EB144A59B73DAAC5BD31.e.302","ELEMENT":"f.6F1C9CAC0929B66C30BD4634384CD5FC.d.7199CBBDDD35EB144A59B73DAAC5BD31.e.302"}]}
COMMAND: GET /session/f0da0c3c43298f3c96346e78252ccf41/screenshot - {}
RESULT: {}
RESULT: {"script":"<script> [8489 bytes]","args":[{"element-6066-11e4-a52e-4f735466cecf":"f.6F1C9CAC0929B66C30BD4634384CD5FC.d.7199CBBDDD35EB144A59B73DAAC5BD31.e.302","ELEMENT":"f.6F1C9CAC0929B66C30BD4634384CD5FC.d.7199CBBDDD35EB144A59B73DAAC5BD31.e.302"}]}
COMMAND: POST /session/f0da0c3c43298f3c96346e78252ccf41/execute/sync - {"script":"<script> [5351 bytes]","args":[{"element-6066-11e4-a52e-4f735466cecf":"f.6F1C9CAC0929B66C30BD4634384CD5FC.d.7199CBBDDD35EB144A59B73DAAC5BD31.e.302","ELEMENT":"f.6F1C9CAC0929B66C30BD4634384CD5FC.d.7199CBBDDD35EB144A59B73DAAC5BD31.e.302"}]}
COMMAND: GET /session/f0da0c3c43298f3c96346e78252ccf41/screenshot - {}
RESULT: {}
RESULT: {"script":"<script> [5351 bytes]","args":[{"element-6066-11e4-a52e-4f735466cecf":"f.6F1C9CAC0929B66C30BD4634384CD5FC.d.7199CBBDDD35EB144A59B73DAAC5BD31.e.302","ELEMENT":"f.6F1C9CAC0929B66C30BD4634384CD5FC.d.7199CBBDDD35EB144A59B73DAAC5BD31.e.302"}]}
COMMAND: POST /session/f0da0c3c43298f3c96346e78252ccf41/element/f.6F1C9CAC0929B66C30BD4634384CD5FC.d.7199CBBDDD35EB144A59B73DAAC5BD31.e.302/click - {}
COMMAND: GET /session/f0da0c3c43298f3c96346e78252ccf41/screenshot - {}
RESULT: {}
RESULT: {}
COMMAND: GET /session/f0da0c3c43298f3c96346e78252ccf41/screenshot - {}
COMMAND: POST /session/f0da0c3c43298f3c96346e78252ccf41/element - {"using":"xpath","value":"//input[@id=\"application-manageyards-display-component---NewYard--yardId-inner\"]"}
RESULT: {}
RESULT: {}
RESULT: {"using":"xpath","value":"//input[@id=\"application-manageyards-display-component---NewYard--yardId-inner\"]"}
COMMAND: POST /session/f0da0c3c43298f3c96346e78252ccf41/element - {"using":"xpath","value":"//input[@id=\"application-manageyards-display-component---NewYard--yardId-inner\"]"}
RESULT: {"using":"xpath","value":"//input[@id=\"application-manageyards-display-component---NewYard--yardId-inner\"]"}
COMMAND: POST /session/f0da0c3c43298f3c96346e78252ccf41/execute/async - {"script":"<script> [1562 bytes]","args":[{"selector":{"id":"application-manageyards-display-component---NewYard--addressDetailDetailsName1","interaction":{"idSuffix":"inner"}},"wdio_ui5_key":"applicationmanageyards-display-component---NewYard--addressDetailDetailsName1"}]}
RESULT: {"script":"<script> [1562 bytes]","args":[{"selector":{"id":"application-manageyards-display-component---NewYard--addressDetailDetailsName1","interaction":{"idSuffix":"inner"}},"wdio_ui5_key":"applicationmanageyards-display-component---NewYard--addressDetailDetailsName1"}]}
RESULT: undefined
COMMAND: POST /session/f0da0c3c43298f3c96346e78252ccf41/execute/async - {"script":"<script> [776 bytes]","args":[{"enterText":"Other Yard WDIO","selector":{"id":"application-manageyards-display-component---NewYard--addressDetailDetailsName1","interaction":{"idSuffix":"inner"}},"clearTextFirst":true,"interactionType":"ENTER_TEXT"}]}
RESULT: {"script":"<script> [776 bytes]","args":[{"enterText":"Other Yard WDIO","selector":{"id":"application-manageyards-display-component---NewYard--addressDetailDetailsName1","interaction":{"idSuffix":"inner"}},"clearTextFirst":true,"interactionType":"ENTER_TEXT"}]}
COMMAND: POST /session/f0da0c3c43298f3c96346e78252ccf41/execute/async - {"script":"<script> [1562 bytes]","args":[{"selector":{"id":"application-manageyards-display-component---NewYard--addressDetailDetailsLanguage-arrow"},"wdio_ui5_key":"applicationmanageyards-display-component---NewYard--addressDetailDetailsLanguage-arrow"}]}
RESULT: {"script":"<script> [1562 bytes]","args":[{"selector":{"id":"application-manageyards-display-component---NewYard--addressDetailDetailsLanguage-arrow"},"wdio_ui5_key":"applicationmanageyards-display-component---NewYard--addressDetailDetailsLanguage-arrow"}]}
RESULT: undefined
COMMAND: POST /session/f0da0c3c43298f3c96346e78252ccf41/element - {"using":"xpath","value":"//*[@id=\"application-manageyards-display-component---NewYard--addressDetailDetailsLanguage-arrow\"]"}
RESULT: {"using":"xpath","value":"//*[@id=\"application-manageyards-display-component---NewYard--addressDetailDetailsLanguage-arrow\"]"}
COMMAND: POST /session/f0da0c3c43298f3c96346e78252ccf41/element/f.6F1C9CAC0929B66C30BD4634384CD5FC.d.7199CBBDDD35EB144A59B73DAAC5BD31.e.731/click - {}
RESULT: {}
COMMAND: POST /session/f0da0c3c43298f3c96346e78252ccf41/element - {"using":"xpath","value":"//span[contains(text(), \"English\")]"}
COMMAND: GET /session/f0da0c3c43298f3c96346e78252ccf41/screenshot - {}
RESULT: {"using":"xpath","value":"//span[contains(text(), \"English\")]"}
COMMAND: POST /session/f0da0c3c43298f3c96346e78252ccf41/element/f.6F1C9CAC0929B66C30BD4634384CD5FC.d.7199CBBDDD35EB144A59B73DAAC5BD31.e.732/click - {}
RESULT: {}
RESULT: {}
COMMAND: POST /session/f0da0c3c43298f3c96346e78252ccf41/execute/async - {"script":"<script> [1562 bytes]","args":[{"selector":{"id":"application-manageyards-display-component---NewYard--addressDetailDetailsCity1","interaction":{"idSuffix":"inner"}},"wdio_ui5_key":"applicationmanageyards-display-component---NewYard--addressDetailDetailsCity1"}]}
COMMAND: GET /session/f0da0c3c43298f3c96346e78252ccf41/screenshot - {}
RESULT: {"script":"<script> [1562 bytes]","args":[{"selector":{"id":"application-manageyards-display-component---NewYard--addressDetailDetailsCity1","interaction":{"idSuffix":"inner"}},"wdio_ui5_key":"applicationmanageyards-display-component---NewYard--addressDetailDetailsCity1"}]}
RESULT: undefined
COMMAND: POST /session/f0da0c3c43298f3c96346e78252ccf41/execute/async - {"script":"<script> [776 bytes]","args":[{"enterText":"Rosario","selector":{"id":"application-manageyards-display-component---NewYard--addressDetailDetailsCity1","interaction":{"idSuffix":"inner"}},"clearTextFirst":true,"interactionType":"ENTER_TEXT"}]}
RESULT: {}
RESULT: {"script":"<script> [776 bytes]","args":[{"enterText":"Rosario","selector":{"id":"application-manageyards-display-component---NewYard--addressDetailDetailsCity1","interaction":{"idSuffix":"inner"}},"clearTextFirst":true,"interactionType":"ENTER_TEXT"}]}
COMMAND: POST /session/f0da0c3c43298f3c96346e78252ccf41/execute/async - {"script":"<script> [1562 bytes]","args":[{"selector":{"id":"application-manageyards-display-component---NewYard--addressDetailDetailsCountry-arrow"},"wdio_ui5_key":"applicationmanageyards-display-component---NewYard--addressDetailDetailsCountry-arrow"}]}
RESULT: {"script":"<script> [1562 bytes]","args":[{"selector":{"id":"application-manageyards-display-component---NewYard--addressDetailDetailsCountry-arrow"},"wdio_ui5_key":"applicationmanageyards-display-component---NewYard--addressDetailDetailsCountry-arrow"}]}
RESULT: undefined
COMMAND: POST /session/f0da0c3c43298f3c96346e78252ccf41/element - {"using":"xpath","value":"//*[@id=\"application-manageyards-display-component---NewYard--addressDetailDetailsCountry-arrow\"]"}
RESULT: {"using":"xpath","value":"//*[@id=\"application-manageyards-display-component---NewYard--addressDetailDetailsCountry-arrow\"]"}
COMMAND: POST /session/f0da0c3c43298f3c96346e78252ccf41/element/f.6F1C9CAC0929B66C30BD4634384CD5FC.d.7199CBBDDD35EB144A59B73DAAC5BD31.e.734/click - {}
RESULT: {}
COMMAND: POST /session/f0da0c3c43298f3c96346e78252ccf41/element - {"using":"xpath","value":"//span[contains(text(), \"Argentina\")]"}
COMMAND: GET /session/f0da0c3c43298f3c96346e78252ccf41/screenshot - {}
RESULT: {"using":"xpath","value":"//span[contains(text(), \"Argentina\")]"}
COMMAND: POST /session/f0da0c3c43298f3c96346e78252ccf41/element/f.6F1C9CAC0929B66C30BD4634384CD5FC.d.7199CBBDDD35EB144A59B73DAAC5BD31.e.735/click - {}
RESULT: {}
RESULT: {}
COMMAND: POST /session/f0da0c3c43298f3c96346e78252ccf41/execute/async - {"script":"<script> [1562 bytes]","args":[{"selector":{"id":"application-manageyards-display-component---NewYard--addressEditDetailsCostObjectCstType-arrow"},"wdio_ui5_key":"applicationmanageyards-display-component---NewYard--addressEditDetailsCostObjectCstType-arrow"}]}
COMMAND: GET /session/f0da0c3c43298f3c96346e78252ccf41/screenshot - {}
RESULT: {"script":"<script> [1562 bytes]","args":[{"selector":{"id":"application-manageyards-display-component---NewYard--addressEditDetailsCostObjectCstType-arrow"},"wdio_ui5_key":"applicationmanageyards-display-component---NewYard--addressEditDetailsCostObjectCstType-arrow"}]}
RESULT: undefined
COMMAND: POST /session/f0da0c3c43298f3c96346e78252ccf41/element - {"using":"xpath","value":"//*[@id=\"application-manageyards-display-component---NewYard--addressEditDetailsCostObjectCstType-arrow\"]"}
RESULT: {}
RESULT: {"using":"xpath","value":"//*[@id=\"application-manageyards-display-component---NewYard--addressEditDetailsCostObjectCstType-arrow\"]"}
COMMAND: POST /session/f0da0c3c43298f3c96346e78252ccf41/element/f.6F1C9CAC0929B66C30BD4634384CD5FC.d.7199CBBDDD35EB144A59B73DAAC5BD31.e.737/click - {}
RESULT: {}
COMMAND: POST /session/f0da0c3c43298f3c96346e78252ccf41/element - {"using":"xpath","value":"//span[contains(text(), \"Cost Center\")]"}
COMMAND: GET /session/f0da0c3c43298f3c96346e78252ccf41/screenshot - {}
RESULT: {"using":"xpath","value":"//span[contains(text(), \"Cost Center\")]"}
COMMAND: POST /session/f0da0c3c43298f3c96346e78252ccf41/element/f.6F1C9CAC0929B66C30BD4634384CD5FC.d.7199CBBDDD35EB144A59B73DAAC5BD31.e.738/click - {}
RESULT: {}
RESULT: {}
COMMAND: GET /session/f0da0c3c43298f3c96346e78252ccf41/screenshot - {}
RESULT: {}
COMMAND: POST /session/f0da0c3c43298f3c96346e78252ccf41/element - {"using":"xpath","value":"//span[@id=\"application-manageyards-display-component---NewYard--addressNewCostObjectCstID-vhi\"]"}
RESULT: {"using":"xpath","value":"//span[@id=\"application-manageyards-display-component---NewYard--addressNewCostObjectCstID-vhi\"]"}
COMMAND: POST /session/f0da0c3c43298f3c96346e78252ccf41/execute/sync - {"script":"<script> [8489 bytes]","args":[{"element-6066-11e4-a52e-4f735466cecf":"f.6F1C9CAC0929B66C30BD4634384CD5FC.d.7199CBBDDD35EB144A59B73DAAC5BD31.e.742","ELEMENT":"f.6F1C9CAC0929B66C30BD4634384CD5FC.d.7199CBBDDD35EB144A59B73DAAC5BD31.e.742"}]}
RESULT: {"script":"<script> [8489 bytes]","args":[{"element-6066-11e4-a52e-4f735466cecf":"f.6F1C9CAC0929B66C30BD4634384CD5FC.d.7199CBBDDD35EB144A59B73DAAC5BD31.e.742","ELEMENT":"f.6F1C9CAC0929B66C30BD4634384CD5FC.d.7199CBBDDD35EB144A59B73DAAC5BD31.e.742"}]}
COMMAND: POST /session/f0da0c3c43298f3c96346e78252ccf41/execute/async - {"script":"<script> [1562 bytes]","args":[{"selector":{"id":"application-manageyards-display-component---NewYard--addressNewCostObjectCstID-vhi"},"wdio_ui5_key":"applicationmanageyards-display-component---NewYard--addressNewCostObjectCstID-vhi"}]}
COMMAND: GET /session/f0da0c3c43298f3c96346e78252ccf41/screenshot - {}
RESULT: {"script":"<script> [1562 bytes]","args":[{"selector":{"id":"application-manageyards-display-component---NewYard--addressNewCostObjectCstID-vhi"},"wdio_ui5_key":"applicationmanageyards-display-component---NewYard--addressNewCostObjectCstID-vhi"}]}
RESULT: undefined
COMMAND: POST /session/f0da0c3c43298f3c96346e78252ccf41/element - {"using":"xpath","value":"//*[@id=\"application-manageyards-display-component---NewYard--addressNewCostObjectCstID-vhi\"]"}
RESULT: {}
RESULT: {"using":"xpath","value":"//*[@id=\"application-manageyards-display-component---NewYard--addressNewCostObjectCstID-vhi\"]"}
COMMAND: POST /session/f0da0c3c43298f3c96346e78252ccf41/element/f.6F1C9CAC0929B66C30BD4634384CD5FC.d.7199CBBDDD35EB144A59B73DAAC5BD31.e.742/click - {}
RESULT: {}
COMMAND: GET /session/f0da0c3c43298f3c96346e78252ccf41/screenshot - {}
COMMAND: POST /session/f0da0c3c43298f3c96346e78252ccf41/execute/async - {"script":"<script> [1562 bytes]","args":[{"selector":{"controlType":"sap.m.SearchField","properties":{"placeholder":"Search"},"searchOpenDialogs":true,"interaction":{"idSuffix":"I"}},"wdio_ui5_key":"sapm.SearchField{\"placeholder\":\"Search\"}"}]}
RESULT: {}
RESULT: {"script":"<script> [1562 bytes]","args":[{"selector":{"controlType":"sap.m.SearchField","properties":{"placeholder":"Search"},"searchOpenDialogs":true,"interaction":{"idSuffix":"I"}},"wdio_ui5_key":"sapm.SearchField{\"placeholder\":\"Search\"}"}]}
RESULT: undefined
COMMAND: POST /session/f0da0c3c43298f3c96346e78252ccf41/execute/async - {"script":"<script> [776 bytes]","args":[{"enterText":"10001013","selector":{"controlType":"sap.m.SearchField","properties":{"placeholder":"Search"},"searchOpenDialogs":true,"interaction":{"idSuffix":"I"}},"clearTextFirst":true,"interactionType":"ENTER_TEXT"}]}
RESULT: {"script":"<script> [776 bytes]","args":[{"enterText":"10001013","selector":{"controlType":"sap.m.SearchField","properties":{"placeholder":"Search"},"searchOpenDialogs":true,"interaction":{"idSuffix":"I"}},"clearTextFirst":true,"interactionType":"ENTER_TEXT"}]}
COMMAND: POST /session/f0da0c3c43298f3c96346e78252ccf41/actions - {"actions":[{"id":"action1","type":"key","parameters":{},"actions":[{"type":"keyDown","value":"î€‡"},{"type":"pause","duration":10},{"type":"keyUp","value":"î€‡"}]}]}
RESULT: {"actions":[{"id":"action1","type":"key","parameters":{},"actions":[{"type":"keyDown","value":"î€‡"},{"type":"pause","duration":10},{"type":"keyUp","value":"î€‡"}]}]}
COMMAND: GET /session/f0da0c3c43298f3c96346e78252ccf41/screenshot - {}
RESULT: {}
COMMAND: POST /session/f0da0c3c43298f3c96346e78252ccf41/element - {"using":"xpath","value":"//span[contains(text(), \"General Management\")]"}
RESULT: {"using":"xpath","value":"//span[contains(text(), \"General Management\")]"}
COMMAND: POST /session/f0da0c3c43298f3c96346e78252ccf41/element/f.6F1C9CAC0929B66C30BD4634384CD5FC.d.7199CBBDDD35EB144A59B73DAAC5BD31.e.783/click - {}
RESULT: {}
COMMAND: GET /session/f0da0c3c43298f3c96346e78252ccf41/screenshot - {}
RESULT: {}
COMMAND: POST /session/f0da0c3c43298f3c96346e78252ccf41/element - {"using":"xpath","value":"//bdi[contains(text(), \"OK\")]"}
RESULT: {"using":"xpath","value":"//bdi[contains(text(), \"OK\")]"}
COMMAND: POST /session/f0da0c3c43298f3c96346e78252ccf41/element/f.6F1C9CAC0929B66C30BD4634384CD5FC.d.7199CBBDDD35EB144A59B73DAAC5BD31.e.784/click - {}
RESULT: {}
COMMAND: GET /session/f0da0c3c43298f3c96346e78252ccf41/screenshot - {}
RESULT: {}
COMMAND: POST /session/f0da0c3c43298f3c96346e78252ccf41/execute/async - {"script":"<script> [1562 bytes]","args":[{"selector":{"id":"application-manageyards-display-component---NewYard--addressEditDetailsCurrency-arrow"},"wdio_ui5_key":"applicationmanageyards-display-component---NewYard--addressEditDetailsCurrency-arrow"}]}
RESULT: {"script":"<script> [1562 bytes]","args":[{"selector":{"id":"application-manageyards-display-component---NewYard--addressEditDetailsCurrency-arrow"},"wdio_ui5_key":"applicationmanageyards-display-component---NewYard--addressEditDetailsCurrency-arrow"}]}
RESULT: undefined
COMMAND: POST /session/f0da0c3c43298f3c96346e78252ccf41/element - {"using":"xpath","value":"//*[@id=\"application-manageyards-display-component---NewYard--addressEditDetailsCurrency-arrow\"]"}
RESULT: {"using":"xpath","value":"//*[@id=\"application-manageyards-display-component---NewYard--addressEditDetailsCurrency-arrow\"]"}
COMMAND: POST /session/f0da0c3c43298f3c96346e78252ccf41/element/f.6F1C9CAC0929B66C30BD4634384CD5FC.d.7199CBBDDD35EB144A59B73DAAC5BD31.e.787/click - {}
RESULT: {}
COMMAND: POST /session/f0da0c3c43298f3c96346e78252ccf41/element - {"using":"xpath","value":"//span[contains(text(), \"Euro\")]"}
COMMAND: GET /session/f0da0c3c43298f3c96346e78252ccf41/screenshot - {}
RESULT: {"using":"xpath","value":"//span[contains(text(), \"Euro\")]"}
COMMAND: POST /session/f0da0c3c43298f3c96346e78252ccf41/element/f.6F1C9CAC0929B66C30BD4634384CD5FC.d.7199CBBDDD35EB144A59B73DAAC5BD31.e.788/click - {}
RESULT: {}
RESULT: {}
COMMAND: POST /session/f0da0c3c43298f3c96346e78252ccf41/execute/async - {"script":"<script> [1562 bytes]","args":[{"selector":{"controlType":"sap.m.Input","viewName":"etm.portal.ui.manageyards.view.New","viewId":"application-manageyards-display-component---NewYard","bindingPath":{"path":"","propertyPath":"/CONTROLLING_AREA","modelName":"NewYardModel"},"interaction":{"idSuffix":"inner"}},"wdio_ui5_key":"etmportal.ui.manageyards.view.Newsap.m.Input{\"path\":\"\",\"propertyPath\":\"/CONTROLLING_AREA\",\"modelName\":\"NewYardModel\"}"}]}
COMMAND: GET /session/f0da0c3c43298f3c96346e78252ccf41/screenshot - {}
RESULT: {"script":"<script> [1562 bytes]","args":[{"selector":{"controlType":"sap.m.Input","viewName":"etm.portal.ui.manageyards.view.New","viewId":"application-manageyards-display-component---NewYard","bindingPath":{"path":"","propertyPath":"/CONTROLLING_AREA","modelName":"NewYardModel"},"interaction":{"idSuffix":"inner"}},"wdio_ui5_key":"etmportal.ui.manageyards.view.Newsap.m.Input{\"path\":\"\",\"propertyPath\":\"/CONTROLLING_AREA\",\"modelName\":\"NewYardModel\"}"}]}
RESULT: undefined
COMMAND: POST /session/f0da0c3c43298f3c96346e78252ccf41/execute/async - {"script":"<script> [776 bytes]","args":[{"enterText":"Z001","selector":{"controlType":"sap.m.Input","viewName":"etm.portal.ui.manageyards.view.New","viewId":"application-manageyards-display-component---NewYard","bindingPath":{"path":"","propertyPath":"/CONTROLLING_AREA","modelName":"NewYardModel"},"interaction":{"idSuffix":"inner"}},"clearTextFirst":true,"interactionType":"ENTER_TEXT"}]}
RESULT: {}
RESULT: {"script":"<script> [776 bytes]","args":[{"enterText":"Z001","selector":{"controlType":"sap.m.Input","viewName":"etm.portal.ui.manageyards.view.New","viewId":"application-manageyards-display-component---NewYard","bindingPath":{"path":"","propertyPath":"/CONTROLLING_AREA","modelName":"NewYardModel"},"interaction":{"idSuffix":"inner"}},"clearTextFirst":true,"interactionType":"ENTER_TEXT"}]}
COMMAND: POST /session/f0da0c3c43298f3c96346e78252ccf41/execute/async - {"script":"<script> [1562 bytes]","args":[{"selector":{"id":"application-manageyards-display-component---NewYard--companyCodeComboBox","interaction":{"idSuffix":"inner"}},"wdio_ui5_key":"applicationmanageyards-display-component---NewYard--companyCodeComboBox"}]}
RESULT: {"script":"<script> [1562 bytes]","args":[{"selector":{"id":"application-manageyards-display-component---NewYard--companyCodeComboBox","interaction":{"idSuffix":"inner"}},"wdio_ui5_key":"applicationmanageyards-display-component---NewYard--companyCodeComboBox"}]}
RESULT: undefined
COMMAND: POST /session/f0da0c3c43298f3c96346e78252ccf41/execute/async - {"script":"<script> [776 bytes]","args":[{"enterText":"1000","selector":{"id":"application-manageyards-display-component---NewYard--companyCodeComboBox","interaction":{"idSuffix":"inner"}},"clearTextFirst":true,"interactionType":"ENTER_TEXT"}]}
RESULT: {"script":"<script> [776 bytes]","args":[{"enterText":"1000","selector":{"id":"application-manageyards-display-component---NewYard--companyCodeComboBox","interaction":{"idSuffix":"inner"}},"clearTextFirst":true,"interactionType":"ENTER_TEXT"}]}
COMMAND: POST /session/f0da0c3c43298f3c96346e78252ccf41/execute/async - {"script":"<script> [1562 bytes]","args":[{"selector":{"controlType":"sap.m.Input","viewName":"etm.portal.ui.manageyards.view.New","viewId":"application-manageyards-display-component---NewYard","bindingPath":{"path":"","propertyPath":"/PLANT","modelName":"NewYardModel"},"interaction":{"idSuffix":"inner"}},"wdio_ui5_key":"etmportal.ui.manageyards.view.Newsap.m.Input{\"path\":\"\",\"propertyPath\":\"/PLANT\",\"modelName\":\"NewYardModel\"}"}]}
RESULT: {"script":"<script> [1562 bytes]","args":[{"selector":{"controlType":"sap.m.Input","viewName":"etm.portal.ui.manageyards.view.New","viewId":"application-manageyards-display-component---NewYard","bindingPath":{"path":"","propertyPath":"/PLANT","modelName":"NewYardModel"},"interaction":{"idSuffix":"inner"}},"wdio_ui5_key":"etmportal.ui.manageyards.view.Newsap.m.Input{\"path\":\"\",\"propertyPath\":\"/PLANT\",\"modelName\":\"NewYardModel\"}"}]}
RESULT: undefined
COMMAND: POST /session/f0da0c3c43298f3c96346e78252ccf41/execute/async - {"script":"<script> [776 bytes]","args":[{"enterText":"1001","selector":{"controlType":"sap.m.Input","viewName":"etm.portal.ui.manageyards.view.New","viewId":"application-manageyards-display-component---NewYard","bindingPath":{"path":"","propertyPath":"/PLANT","modelName":"NewYardModel"},"interaction":{"idSuffix":"inner"}},"clearTextFirst":true,"interactionType":"ENTER_TEXT"}]}
RESULT: {"script":"<script> [776 bytes]","args":[{"enterText":"1001","selector":{"controlType":"sap.m.Input","viewName":"etm.portal.ui.manageyards.view.New","viewId":"application-manageyards-display-component---NewYard","bindingPath":{"path":"","propertyPath":"/PLANT","modelName":"NewYardModel"},"interaction":{"idSuffix":"inner"}},"clearTextFirst":true,"interactionType":"ENTER_TEXT"}]}
COMMAND: POST /session/f0da0c3c43298f3c96346e78252ccf41/execute/async - {"script":"<script> [1562 bytes]","args":[{"selector":{"controlType":"sap.m.Input","viewName":"etm.portal.ui.manageyards.view.New","viewId":"application-manageyards-display-component---NewYard","bindingPath":{"path":"","propertyPath":"/SALES_AREA_VKORG","modelName":"NewYardModel"},"interaction":{"idSuffix":"inner"}},"wdio_ui5_key":"etmportal.ui.manageyards.view.Newsap.m.Input{\"path\":\"\",\"propertyPath\":\"/SALES_AREA_VKORG\",\"modelName\":\"NewYardModel\"}"}]}
RESULT: {"script":"<script> [1562 bytes]","args":[{"selector":{"controlType":"sap.m.Input","viewName":"etm.portal.ui.manageyards.view.New","viewId":"application-manageyards-display-component---NewYard","bindingPath":{"path":"","propertyPath":"/SALES_AREA_VKORG","modelName":"NewYardModel"},"interaction":{"idSuffix":"inner"}},"wdio_ui5_key":"etmportal.ui.manageyards.view.Newsap.m.Input{\"path\":\"\",\"propertyPath\":\"/SALES_AREA_VKORG\",\"modelName\":\"NewYardModel\"}"}]}
RESULT: undefined
COMMAND: POST /session/f0da0c3c43298f3c96346e78252ccf41/execute/async - {"script":"<script> [776 bytes]","args":[{"enterText":"C002","selector":{"controlType":"sap.m.Input","viewName":"etm.portal.ui.manageyards.view.New","viewId":"application-manageyards-display-component---NewYard","bindingPath":{"path":"","propertyPath":"/SALES_AREA_VKORG","modelName":"NewYardModel"},"interaction":{"idSuffix":"inner"}},"clearTextFirst":true,"interactionType":"ENTER_TEXT"}]}
RESULT: {"script":"<script> [776 bytes]","args":[{"enterText":"C002","selector":{"controlType":"sap.m.Input","viewName":"etm.portal.ui.manageyards.view.New","viewId":"application-manageyards-display-component---NewYard","bindingPath":{"path":"","propertyPath":"/SALES_AREA_VKORG","modelName":"NewYardModel"},"interaction":{"idSuffix":"inner"}},"clearTextFirst":true,"interactionType":"ENTER_TEXT"}]}
COMMAND: POST /session/f0da0c3c43298f3c96346e78252ccf41/execute/async - {"script":"<script> [1562 bytes]","args":[{"selector":{"controlType":"sap.m.Input","viewName":"etm.portal.ui.manageyards.view.New","viewId":"application-manageyards-display-component---NewYard","bindingPath":{"path":"","propertyPath":"/SALES_AREA_VTWEG","modelName":"NewYardModel"},"interaction":{"idSuffix":"inner"}},"wdio_ui5_key":"etmportal.ui.manageyards.view.Newsap.m.Input{\"path\":\"\",\"propertyPath\":\"/SALES_AREA_VTWEG\",\"modelName\":\"NewYardModel\"}"}]}
RESULT: {"script":"<script> [1562 bytes]","args":[{"selector":{"controlType":"sap.m.Input","viewName":"etm.portal.ui.manageyards.view.New","viewId":"application-manageyards-display-component---NewYard","bindingPath":{"path":"","propertyPath":"/SALES_AREA_VTWEG","modelName":"NewYardModel"},"interaction":{"idSuffix":"inner"}},"wdio_ui5_key":"etmportal.ui.manageyards.view.Newsap.m.Input{\"path\":\"\",\"propertyPath\":\"/SALES_AREA_VTWEG\",\"modelName\":\"NewYardModel\"}"}]}
RESULT: undefined
COMMAND: POST /session/f0da0c3c43298f3c96346e78252ccf41/execute/async - {"script":"<script> [776 bytes]","args":[{"enterText":"C2","selector":{"controlType":"sap.m.Input","viewName":"etm.portal.ui.manageyards.view.New","viewId":"application-manageyards-display-component---NewYard","bindingPath":{"path":"","propertyPath":"/SALES_AREA_VTWEG","modelName":"NewYardModel"},"interaction":{"idSuffix":"inner"}},"clearTextFirst":true,"interactionType":"ENTER_TEXT"}]}
RESULT: {"script":"<script> [776 bytes]","args":[{"enterText":"C2","selector":{"controlType":"sap.m.Input","viewName":"etm.portal.ui.manageyards.view.New","viewId":"application-manageyards-display-component---NewYard","bindingPath":{"path":"","propertyPath":"/SALES_AREA_VTWEG","modelName":"NewYardModel"},"interaction":{"idSuffix":"inner"}},"clearTextFirst":true,"interactionType":"ENTER_TEXT"}]}
COMMAND: POST /session/f0da0c3c43298f3c96346e78252ccf41/execute/async - {"script":"<script> [1562 bytes]","args":[{"selector":{"controlType":"sap.m.Input","viewName":"etm.portal.ui.manageyards.view.New","viewId":"application-manageyards-display-component---NewYard","bindingPath":{"path":"","propertyPath":"/SALES_AREA_SPART","modelName":"NewYardModel"},"interaction":{"idSuffix":"inner"}},"wdio_ui5_key":"etmportal.ui.manageyards.view.Newsap.m.Input{\"path\":\"\",\"propertyPath\":\"/SALES_AREA_SPART\",\"modelName\":\"NewYardModel\"}"}]}
RESULT: {"script":"<script> [1562 bytes]","args":[{"selector":{"controlType":"sap.m.Input","viewName":"etm.portal.ui.manageyards.view.New","viewId":"application-manageyards-display-component---NewYard","bindingPath":{"path":"","propertyPath":"/SALES_AREA_SPART","modelName":"NewYardModel"},"interaction":{"idSuffix":"inner"}},"wdio_ui5_key":"etmportal.ui.manageyards.view.Newsap.m.Input{\"path\":\"\",\"propertyPath\":\"/SALES_AREA_SPART\",\"modelName\":\"NewYardModel\"}"}]}
RESULT: undefined
COMMAND: POST /session/f0da0c3c43298f3c96346e78252ccf41/execute/async - {"script":"<script> [776 bytes]","args":[{"enterText":"C2","selector":{"controlType":"sap.m.Input","viewName":"etm.portal.ui.manageyards.view.New","viewId":"application-manageyards-display-component---NewYard","bindingPath":{"path":"","propertyPath":"/SALES_AREA_SPART","modelName":"NewYardModel"},"interaction":{"idSuffix":"inner"}},"clearTextFirst":true,"interactionType":"ENTER_TEXT"}]}
RESULT: {"script":"<script> [776 bytes]","args":[{"enterText":"C2","selector":{"controlType":"sap.m.Input","viewName":"etm.portal.ui.manageyards.view.New","viewId":"application-manageyards-display-component---NewYard","bindingPath":{"path":"","propertyPath":"/SALES_AREA_SPART","modelName":"NewYardModel"},"interaction":{"idSuffix":"inner"}},"clearTextFirst":true,"interactionType":"ENTER_TEXT"}]}
COMMAND: POST /session/f0da0c3c43298f3c96346e78252ccf41/execute/async - {"script":"<script> [1562 bytes]","args":[{"selector":{"controlType":"sap.m.Input","viewName":"etm.portal.ui.manageyards.view.New","viewId":"application-manageyards-display-component---NewYard","bindingPath":{"path":"","propertyPath":"/SHIP_POINT","modelName":"NewYardModel"},"interaction":{"idSuffix":"inner"}},"wdio_ui5_key":"etmportal.ui.manageyards.view.Newsap.m.Input{\"path\":\"\",\"propertyPath\":\"/SHIP_POINT\",\"modelName\":\"NewYardModel\"}"}]}
RESULT: {"script":"<script> [1562 bytes]","args":[{"selector":{"controlType":"sap.m.Input","viewName":"etm.portal.ui.manageyards.view.New","viewId":"application-manageyards-display-component---NewYard","bindingPath":{"path":"","propertyPath":"/SHIP_POINT","modelName":"NewYardModel"},"interaction":{"idSuffix":"inner"}},"wdio_ui5_key":"etmportal.ui.manageyards.view.Newsap.m.Input{\"path\":\"\",\"propertyPath\":\"/SHIP_POINT\",\"modelName\":\"NewYardModel\"}"}]}
RESULT: undefined
COMMAND: POST /session/f0da0c3c43298f3c96346e78252ccf41/execute/async - {"script":"<script> [776 bytes]","args":[{"enterText":"1710","selector":{"controlType":"sap.m.Input","viewName":"etm.portal.ui.manageyards.view.New","viewId":"application-manageyards-display-component---NewYard","bindingPath":{"path":"","propertyPath":"/SHIP_POINT","modelName":"NewYardModel"},"interaction":{"idSuffix":"inner"}},"clearTextFirst":true,"interactionType":"ENTER_TEXT"}]}
RESULT: {"script":"<script> [776 bytes]","args":[{"enterText":"1710","selector":{"controlType":"sap.m.Input","viewName":"etm.portal.ui.manageyards.view.New","viewId":"application-manageyards-display-component---NewYard","bindingPath":{"path":"","propertyPath":"/SHIP_POINT","modelName":"NewYardModel"},"interaction":{"idSuffix":"inner"}},"clearTextFirst":true,"interactionType":"ENTER_TEXT"}]}
COMMAND: POST /session/f0da0c3c43298f3c96346e78252ccf41/execute/async - {"script":"<script> [1562 bytes]","args":[{"selector":{"controlType":"sap.m.Input","viewName":"etm.portal.ui.manageyards.view.New","viewId":"application-manageyards-display-component---NewYard","bindingPath":{"path":"","propertyPath":"/DELIVERY_TYPE","modelName":"NewYardModel"},"interaction":{"idSuffix":"inner"}},"wdio_ui5_key":"etmportal.ui.manageyards.view.Newsap.m.Input{\"path\":\"\",\"propertyPath\":\"/DELIVERY_TYPE\",\"modelName\":\"NewYardModel\"}"}]}
RESULT: {"script":"<script> [1562 bytes]","args":[{"selector":{"controlType":"sap.m.Input","viewName":"etm.portal.ui.manageyards.view.New","viewId":"application-manageyards-display-component---NewYard","bindingPath":{"path":"","propertyPath":"/DELIVERY_TYPE","modelName":"NewYardModel"},"interaction":{"idSuffix":"inner"}},"wdio_ui5_key":"etmportal.ui.manageyards.view.Newsap.m.Input{\"path\":\"\",\"propertyPath\":\"/DELIVERY_TYPE\",\"modelName\":\"NewYardModel\"}"}]}
RESULT: undefined
COMMAND: POST /session/f0da0c3c43298f3c96346e78252ccf41/execute/async - {"script":"<script> [776 bytes]","args":[{"enterText":"ZL01","selector":{"controlType":"sap.m.Input","viewName":"etm.portal.ui.manageyards.view.New","viewId":"application-manageyards-display-component---NewYard","bindingPath":{"path":"","propertyPath":"/DELIVERY_TYPE","modelName":"NewYardModel"},"interaction":{"idSuffix":"inner"}},"clearTextFirst":true,"interactionType":"ENTER_TEXT"}]}
RESULT: {"script":"<script> [776 bytes]","args":[{"enterText":"ZL01","selector":{"controlType":"sap.m.Input","viewName":"etm.portal.ui.manageyards.view.New","viewId":"application-manageyards-display-component---NewYard","bindingPath":{"path":"","propertyPath":"/DELIVERY_TYPE","modelName":"NewYardModel"},"interaction":{"idSuffix":"inner"}},"clearTextFirst":true,"interactionType":"ENTER_TEXT"}]}
COMMAND: POST /session/f0da0c3c43298f3c96346e78252ccf41/execute/async - {"script":"<script> [1562 bytes]","args":[{"selector":{"controlType":"sap.m.Input","viewName":"etm.portal.ui.manageyards.view.New","viewId":"application-manageyards-display-component---NewYard","bindingPath":{"path":"","propertyPath":"/AUART","modelName":"NewYardModel"},"interaction":{"idSuffix":"inner"}},"wdio_ui5_key":"etmportal.ui.manageyards.view.Newsap.m.Input{\"path\":\"\",\"propertyPath\":\"/AUART\",\"modelName\":\"NewYardModel\"}"}]}
RESULT: {"script":"<script> [1562 bytes]","args":[{"selector":{"controlType":"sap.m.Input","viewName":"etm.portal.ui.manageyards.view.New","viewId":"application-manageyards-display-component---NewYard","bindingPath":{"path":"","propertyPath":"/AUART","modelName":"NewYardModel"},"interaction":{"idSuffix":"inner"}},"wdio_ui5_key":"etmportal.ui.manageyards.view.Newsap.m.Input{\"path\":\"\",\"propertyPath\":\"/AUART\",\"modelName\":\"NewYardModel\"}"}]}
RESULT: undefined
COMMAND: POST /session/f0da0c3c43298f3c96346e78252ccf41/execute/async - {"script":"<script> [776 bytes]","args":[{"enterText":"TA","selector":{"controlType":"sap.m.Input","viewName":"etm.portal.ui.manageyards.view.New","viewId":"application-manageyards-display-component---NewYard","bindingPath":{"path":"","propertyPath":"/AUART","modelName":"NewYardModel"},"interaction":{"idSuffix":"inner"}},"clearTextFirst":true,"interactionType":"ENTER_TEXT"}]}
RESULT: {"script":"<script> [776 bytes]","args":[{"enterText":"TA","selector":{"controlType":"sap.m.Input","viewName":"etm.portal.ui.manageyards.view.New","viewId":"application-manageyards-display-component---NewYard","bindingPath":{"path":"","propertyPath":"/AUART","modelName":"NewYardModel"},"interaction":{"idSuffix":"inner"}},"clearTextFirst":true,"interactionType":"ENTER_TEXT"}]}
COMMAND: POST /session/f0da0c3c43298f3c96346e78252ccf41/element - {"using":"xpath","value":"//button[@data-kt=\"newYardSaveButton\"]"}
RESULT: {"using":"xpath","value":"//button[@data-kt=\"newYardSaveButton\"]"}
COMMAND: POST /session/f0da0c3c43298f3c96346e78252ccf41/element/f.6F1C9CAC0929B66C30BD4634384CD5FC.d.7199CBBDDD35EB144A59B73DAAC5BD31.e.716/click - {}
RESULT: {}
COMMAND: GET /session/f0da0c3c43298f3c96346e78252ccf41/screenshot - {}
RESULT: {}
COMMAND: POST /session/f0da0c3c43298f3c96346e78252ccf41/element - {"using":"xpath","value":"//header[contains(@id, 'ObjectPageLayout-headerTitle')]/div[1]/div[2]/div[1]/span[1]"}
RESULT: {"using":"xpath","value":"//header[contains(@id, 'ObjectPageLayout-headerTitle')]/div[1]/div[2]/div[1]/span[1]"}
COMMAND: POST /session/f0da0c3c43298f3c96346e78252ccf41/elements - {"using":"xpath","value":"//header[contains(@id, 'ObjectPageLayout-headerTitle')]/div[1]/div[2]/div[1]/span[1]"}
RESULT: {"using":"xpath","value":"//header[contains(@id, 'ObjectPageLayout-headerTitle')]/div[1]/div[2]/div[1]/span[1]"}
COMMAND: POST /session/f0da0c3c43298f3c96346e78252ccf41/execute/sync - {"script":"<script> [56 bytes]","args":[{"element-6066-11e4-a52e-4f735466cecf":"f.6F1C9CAC0929B66C30BD4634384CD5FC.d.7199CBBDDD35EB144A59B73DAAC5BD31.e.1011","ELEMENT":"f.6F1C9CAC0929B66C30BD4634384CD5FC.d.7199CBBDDD35EB144A59B73DAAC5BD31.e.1011"}]}
RESULT: {"script":"<script> [56 bytes]","args":[{"element-6066-11e4-a52e-4f735466cecf":"f.6F1C9CAC0929B66C30BD4634384CD5FC.d.7199CBBDDD35EB144A59B73DAAC5BD31.e.1011","ELEMENT":"f.6F1C9CAC0929B66C30BD4634384CD5FC.d.7199CBBDDD35EB144A59B73DAAC5BD31.e.1011"}]}
COMMAND: GET /session/f0da0c3c43298f3c96346e78252ccf41/screenshot - {}
RESULT: {}
COMMAND: POST /session/f0da0c3c43298f3c96346e78252ccf41/element - {"using":"css selector","value":"#shell-header-logo"}
RESULT: {"using":"css selector","value":"#shell-header-logo"}
COMMAND: POST /session/f0da0c3c43298f3c96346e78252ccf41/element/f.6F1C9CAC0929B66C30BD4634384CD5FC.d.7199CBBDDD35EB144A59B73DAAC5BD31.e.271/click - {}
RESULT: {}
COMMAND: GET /session/f0da0c3c43298f3c96346e78252ccf41/screenshot - {}
RESULT: {}
COMMAND: POST /session/f0da0c3c43298f3c96346e78252ccf41/execute/sync - {"script":"<script> [299 bytes]","args":[["getModel","getResource"]]}
RESULT: {"script":"<script> [299 bytes]","args":[["getModel","getResource"]]}
]]></system-out>
    </testcase>
    <testcase classname="chrome.135_0_7049_96.windows.Tests_for_Mass_State_Change_on_Manage_States_&amp;_Performances_US104416_US" name="Prereq Should create a new partner" time="134.346">
      <system-out><![CDATA[
COMMAND: POST /session/f0da0c3c43298f3c96346e78252ccf41/window/fullscreen - {}
COMMAND: GET /session/f0da0c3c43298f3c96346e78252ccf41/screenshot - {}
RESULT: {}
COMMAND: POST /session/f0da0c3c43298f3c96346e78252ccf41/execute/async - {"script":"<script> [1562 bytes]","args":[{"selector":{"controlType":"sap.m.GenericTile","properties":{"header":"Manage Partners"}},"wdio_ui5_key":"sapm.GenericTile{\"header\":\"Manage Partners\"}"}]}
RESULT: {}
RESULT: {"script":"<script> [1562 bytes]","args":[{"selector":{"controlType":"sap.m.GenericTile","properties":{"header":"Manage Partners"}},"wdio_ui5_key":"sapm.GenericTile{\"header\":\"Manage Partners\"}"}]}
RESULT: undefined
COMMAND: POST /session/f0da0c3c43298f3c96346e78252ccf41/element - {"using":"xpath","value":"//*[@id=\"__tile38\"]"}
RESULT: {"using":"xpath","value":"//*[@id=\"__tile38\"]"}
COMMAND: POST /session/f0da0c3c43298f3c96346e78252ccf41/element/f.6F1C9CAC0929B66C30BD4634384CD5FC.d.7199CBBDDD35EB144A59B73DAAC5BD31.e.157/click - {}
RESULT: {}
COMMAND: POST /session/f0da0c3c43298f3c96346e78252ccf41/element - {"using":"xpath","value":"//button[@data-kt=\"addButton\"]"}
COMMAND: GET /session/f0da0c3c43298f3c96346e78252ccf41/screenshot - {}
RESULT: {"using":"xpath","value":"//button[@data-kt=\"addButton\"]"}
COMMAND: POST /session/f0da0c3c43298f3c96346e78252ccf41/elements - {"using":"xpath","value":"//button[@data-kt=\"addButton\"]"}
RESULT: {}
RESULT: {"using":"xpath","value":"//button[@data-kt=\"addButton\"]"}
COMMAND: POST /session/f0da0c3c43298f3c96346e78252ccf41/elements - {"using":"xpath","value":"//button[@data-kt=\"addButton\"]"}
RESULT: {"using":"xpath","value":"//button[@data-kt=\"addButton\"]"}
COMMAND: POST /session/f0da0c3c43298f3c96346e78252ccf41/elements - {"using":"xpath","value":"//button[@data-kt=\"addButton\"]"}
RESULT: {"using":"xpath","value":"//button[@data-kt=\"addButton\"]"}
COMMAND: POST /session/f0da0c3c43298f3c96346e78252ccf41/elements - {"using":"xpath","value":"//button[@data-kt=\"addButton\"]"}
RESULT: {"using":"xpath","value":"//button[@data-kt=\"addButton\"]"}
COMMAND: POST /session/f0da0c3c43298f3c96346e78252ccf41/elements - {"using":"xpath","value":"//button[@data-kt=\"addButton\"]"}
RESULT: {"using":"xpath","value":"//button[@data-kt=\"addButton\"]"}
COMMAND: POST /session/f0da0c3c43298f3c96346e78252ccf41/elements - {"using":"xpath","value":"//button[@data-kt=\"addButton\"]"}
RESULT: {"using":"xpath","value":"//button[@data-kt=\"addButton\"]"}
COMMAND: POST /session/f0da0c3c43298f3c96346e78252ccf41/elements - {"using":"xpath","value":"//button[@data-kt=\"addButton\"]"}
RESULT: {"using":"xpath","value":"//button[@data-kt=\"addButton\"]"}
COMMAND: POST /session/f0da0c3c43298f3c96346e78252ccf41/elements - {"using":"xpath","value":"//button[@data-kt=\"addButton\"]"}
RESULT: {"using":"xpath","value":"//button[@data-kt=\"addButton\"]"}
COMMAND: POST /session/f0da0c3c43298f3c96346e78252ccf41/elements - {"using":"xpath","value":"//button[@data-kt=\"addButton\"]"}
RESULT: {"using":"xpath","value":"//button[@data-kt=\"addButton\"]"}
COMMAND: POST /session/f0da0c3c43298f3c96346e78252ccf41/elements - {"using":"xpath","value":"//button[@data-kt=\"addButton\"]"}
RESULT: {"using":"xpath","value":"//button[@data-kt=\"addButton\"]"}
COMMAND: POST /session/f0da0c3c43298f3c96346e78252ccf41/elements - {"using":"xpath","value":"//button[@data-kt=\"addButton\"]"}
RESULT: {"using":"xpath","value":"//button[@data-kt=\"addButton\"]"}
COMMAND: POST /session/f0da0c3c43298f3c96346e78252ccf41/elements - {"using":"xpath","value":"//button[@data-kt=\"addButton\"]"}
RESULT: {"using":"xpath","value":"//button[@data-kt=\"addButton\"]"}
COMMAND: POST /session/f0da0c3c43298f3c96346e78252ccf41/elements - {"using":"xpath","value":"//button[@data-kt=\"addButton\"]"}
RESULT: {"using":"xpath","value":"//button[@data-kt=\"addButton\"]"}
COMMAND: POST /session/f0da0c3c43298f3c96346e78252ccf41/elements - {"using":"xpath","value":"//button[@data-kt=\"addButton\"]"}
RESULT: {"using":"xpath","value":"//button[@data-kt=\"addButton\"]"}
COMMAND: POST /session/f0da0c3c43298f3c96346e78252ccf41/elements - {"using":"xpath","value":"//button[@data-kt=\"addButton\"]"}
RESULT: {"using":"xpath","value":"//button[@data-kt=\"addButton\"]"}
COMMAND: POST /session/f0da0c3c43298f3c96346e78252ccf41/element - {"using":"xpath","value":"//button[@data-kt=\"addButton\"]"}
RESULT: {"using":"xpath","value":"//button[@data-kt=\"addButton\"]"}
COMMAND: POST /session/f0da0c3c43298f3c96346e78252ccf41/execute/sync - {"script":"<script> [8489 bytes]","args":[{"element-6066-11e4-a52e-4f735466cecf":"f.6F1C9CAC0929B66C30BD4634384CD5FC.d.7199CBBDDD35EB144A59B73DAAC5BD31.e.1060","ELEMENT":"f.6F1C9CAC0929B66C30BD4634384CD5FC.d.7199CBBDDD35EB144A59B73DAAC5BD31.e.1060"}]}
RESULT: {"script":"<script> [8489 bytes]","args":[{"element-6066-11e4-a52e-4f735466cecf":"f.6F1C9CAC0929B66C30BD4634384CD5FC.d.7199CBBDDD35EB144A59B73DAAC5BD31.e.1060","ELEMENT":"f.6F1C9CAC0929B66C30BD4634384CD5FC.d.7199CBBDDD35EB144A59B73DAAC5BD31.e.1060"}]}
COMMAND: GET /session/f0da0c3c43298f3c96346e78252ccf41/element/f.6F1C9CAC0929B66C30BD4634384CD5FC.d.7199CBBDDD35EB144A59B73DAAC5BD31.e.1060/enabled - {}
COMMAND: GET /session/f0da0c3c43298f3c96346e78252ccf41/screenshot - {}
RESULT: {}
COMMAND: POST /session/f0da0c3c43298f3c96346e78252ccf41/execute/sync - {"script":"<script> [8489 bytes]","args":[{"element-6066-11e4-a52e-4f735466cecf":"f.6F1C9CAC0929B66C30BD4634384CD5FC.d.7199CBBDDD35EB144A59B73DAAC5BD31.e.1060","ELEMENT":"f.6F1C9CAC0929B66C30BD4634384CD5FC.d.7199CBBDDD35EB144A59B73DAAC5BD31.e.1060"}]}
COMMAND: GET /session/f0da0c3c43298f3c96346e78252ccf41/screenshot - {}
RESULT: {}
RESULT: {"script":"<script> [8489 bytes]","args":[{"element-6066-11e4-a52e-4f735466cecf":"f.6F1C9CAC0929B66C30BD4634384CD5FC.d.7199CBBDDD35EB144A59B73DAAC5BD31.e.1060","ELEMENT":"f.6F1C9CAC0929B66C30BD4634384CD5FC.d.7199CBBDDD35EB144A59B73DAAC5BD31.e.1060"}]}
COMMAND: POST /session/f0da0c3c43298f3c96346e78252ccf41/execute/sync - {"script":"<script> [5351 bytes]","args":[{"element-6066-11e4-a52e-4f735466cecf":"f.6F1C9CAC0929B66C30BD4634384CD5FC.d.7199CBBDDD35EB144A59B73DAAC5BD31.e.1060","ELEMENT":"f.6F1C9CAC0929B66C30BD4634384CD5FC.d.7199CBBDDD35EB144A59B73DAAC5BD31.e.1060"}]}
COMMAND: GET /session/f0da0c3c43298f3c96346e78252ccf41/screenshot - {}
RESULT: {}
RESULT: {"script":"<script> [5351 bytes]","args":[{"element-6066-11e4-a52e-4f735466cecf":"f.6F1C9CAC0929B66C30BD4634384CD5FC.d.7199CBBDDD35EB144A59B73DAAC5BD31.e.1060","ELEMENT":"f.6F1C9CAC0929B66C30BD4634384CD5FC.d.7199CBBDDD35EB144A59B73DAAC5BD31.e.1060"}]}
COMMAND: POST /session/f0da0c3c43298f3c96346e78252ccf41/element/f.6F1C9CAC0929B66C30BD4634384CD5FC.d.7199CBBDDD35EB144A59B73DAAC5BD31.e.1060/click - {}
COMMAND: GET /session/f0da0c3c43298f3c96346e78252ccf41/screenshot - {}
RESULT: {}
RESULT: {}
RESULT: {}
COMMAND: GET /session/f0da0c3c43298f3c96346e78252ccf41/screenshot - {}
COMMAND: POST /session/f0da0c3c43298f3c96346e78252ccf41/execute/async - {"script":"<script> [1562 bytes]","args":[{"selector":{"id":"application-managepartners-display-component---NewPartner--addressDetailDetailsName1","interaction":{"idSuffix":"inner"}},"wdio_ui5_key":"applicationmanagepartners-display-component---NewPartner--addressDetailDetailsName1"}]}
RESULT: {}
RESULT: {"script":"<script> [1562 bytes]","args":[{"selector":{"id":"application-managepartners-display-component---NewPartner--addressDetailDetailsName1","interaction":{"idSuffix":"inner"}},"wdio_ui5_key":"applicationmanagepartners-display-component---NewPartner--addressDetailDetailsName1"}]}
RESULT: undefined
COMMAND: POST /session/f0da0c3c43298f3c96346e78252ccf41/execute/async - {"script":"<script> [776 bytes]","args":[{"enterText":"Intracompany Partner WDIO","selector":{"id":"application-managepartners-display-component---NewPartner--addressDetailDetailsName1","interaction":{"idSuffix":"inner"}},"clearTextFirst":true,"interactionType":"ENTER_TEXT"}]}
RESULT: {"script":"<script> [776 bytes]","args":[{"enterText":"Intracompany Partner WDIO","selector":{"id":"application-managepartners-display-component---NewPartner--addressDetailDetailsName1","interaction":{"idSuffix":"inner"}},"clearTextFirst":true,"interactionType":"ENTER_TEXT"}]}
COMMAND: POST /session/f0da0c3c43298f3c96346e78252ccf41/execute/async - {"script":"<script> [1562 bytes]","args":[{"selector":{"id":"application-managepartners-display-component---NewPartner--addressDetailDetailsLanguage-arrow"},"wdio_ui5_key":"applicationmanagepartners-display-component---NewPartner--addressDetailDetailsLanguage-arrow"}]}
RESULT: {"script":"<script> [1562 bytes]","args":[{"selector":{"id":"application-managepartners-display-component---NewPartner--addressDetailDetailsLanguage-arrow"},"wdio_ui5_key":"applicationmanagepartners-display-component---NewPartner--addressDetailDetailsLanguage-arrow"}]}
RESULT: undefined
COMMAND: POST /session/f0da0c3c43298f3c96346e78252ccf41/element - {"using":"xpath","value":"//*[@id=\"application-managepartners-display-component---NewPartner--addressDetailDetailsLanguage-arrow\"]"}
RESULT: {"using":"xpath","value":"//*[@id=\"application-managepartners-display-component---NewPartner--addressDetailDetailsLanguage-arrow\"]"}
COMMAND: POST /session/f0da0c3c43298f3c96346e78252ccf41/element/f.6F1C9CAC0929B66C30BD4634384CD5FC.d.7199CBBDDD35EB144A59B73DAAC5BD31.e.1506/click - {}
RESULT: {}
COMMAND: POST /session/f0da0c3c43298f3c96346e78252ccf41/element - {"using":"xpath","value":"//span[contains(text(), \"English\")]"}
COMMAND: GET /session/f0da0c3c43298f3c96346e78252ccf41/screenshot - {}
RESULT: {"using":"xpath","value":"//span[contains(text(), \"English\")]"}
COMMAND: POST /session/f0da0c3c43298f3c96346e78252ccf41/element/f.6F1C9CAC0929B66C30BD4634384CD5FC.d.7199CBBDDD35EB144A59B73DAAC5BD31.e.1507/click - {}
RESULT: {}
RESULT: {}
COMMAND: GET /session/f0da0c3c43298f3c96346e78252ccf41/screenshot - {}
RESULT: {}
COMMAND: POST /session/f0da0c3c43298f3c96346e78252ccf41/execute/async - {"script":"<script> [1562 bytes]","args":[{"selector":{"id":"application-managepartners-display-component---NewPartner--addressDetailDetailsCity1","interaction":{"idSuffix":"inner"}},"wdio_ui5_key":"applicationmanagepartners-display-component---NewPartner--addressDetailDetailsCity1"}]}
RESULT: {"script":"<script> [1562 bytes]","args":[{"selector":{"id":"application-managepartners-display-component---NewPartner--addressDetailDetailsCity1","interaction":{"idSuffix":"inner"}},"wdio_ui5_key":"applicationmanagepartners-display-component---NewPartner--addressDetailDetailsCity1"}]}
RESULT: undefined
COMMAND: POST /session/f0da0c3c43298f3c96346e78252ccf41/execute/async - {"script":"<script> [776 bytes]","args":[{"enterText":"Rosario","selector":{"id":"application-managepartners-display-component---NewPartner--addressDetailDetailsCity1","interaction":{"idSuffix":"inner"}},"clearTextFirst":true,"interactionType":"ENTER_TEXT"}]}
RESULT: {"script":"<script> [776 bytes]","args":[{"enterText":"Rosario","selector":{"id":"application-managepartners-display-component---NewPartner--addressDetailDetailsCity1","interaction":{"idSuffix":"inner"}},"clearTextFirst":true,"interactionType":"ENTER_TEXT"}]}
COMMAND: POST /session/f0da0c3c43298f3c96346e78252ccf41/execute/async - {"script":"<script> [1562 bytes]","args":[{"selector":{"id":"application-managepartners-display-component---NewPartner--addressDetailDetailsCountry-arrow"},"wdio_ui5_key":"applicationmanagepartners-display-component---NewPartner--addressDetailDetailsCountry-arrow"}]}
RESULT: {"script":"<script> [1562 bytes]","args":[{"selector":{"id":"application-managepartners-display-component---NewPartner--addressDetailDetailsCountry-arrow"},"wdio_ui5_key":"applicationmanagepartners-display-component---NewPartner--addressDetailDetailsCountry-arrow"}]}
RESULT: undefined
COMMAND: POST /session/f0da0c3c43298f3c96346e78252ccf41/element - {"using":"xpath","value":"//*[@id=\"application-managepartners-display-component---NewPartner--addressDetailDetailsCountry-arrow\"]"}
RESULT: {"using":"xpath","value":"//*[@id=\"application-managepartners-display-component---NewPartner--addressDetailDetailsCountry-arrow\"]"}
COMMAND: POST /session/f0da0c3c43298f3c96346e78252ccf41/element/f.6F1C9CAC0929B66C30BD4634384CD5FC.d.7199CBBDDD35EB144A59B73DAAC5BD31.e.1492/click - {}
RESULT: {}
COMMAND: POST /session/f0da0c3c43298f3c96346e78252ccf41/element - {"using":"xpath","value":"//span[contains(text(), \"Argentina\")]"}
COMMAND: GET /session/f0da0c3c43298f3c96346e78252ccf41/screenshot - {}
RESULT: {"using":"xpath","value":"//span[contains(text(), \"Argentina\")]"}
COMMAND: POST /session/f0da0c3c43298f3c96346e78252ccf41/element/f.6F1C9CAC0929B66C30BD4634384CD5FC.d.7199CBBDDD35EB144A59B73DAAC5BD31.e.1509/click - {}
RESULT: {}
RESULT: {}
COMMAND: GET /session/f0da0c3c43298f3c96346e78252ccf41/screenshot - {}
RESULT: {}
COMMAND: POST /session/f0da0c3c43298f3c96346e78252ccf41/element - {"using":"xpath","value":"//bdi[contains(text(), \"Commercial\")]"}
RESULT: {"using":"xpath","value":"//bdi[contains(text(), \"Commercial\")]"}
COMMAND: POST /session/f0da0c3c43298f3c96346e78252ccf41/element/f.6F1C9CAC0929B66C30BD4634384CD5FC.d.7199CBBDDD35EB144A59B73DAAC5BD31.e.1510/click - {}
RESULT: {}
COMMAND: GET /session/f0da0c3c43298f3c96346e78252ccf41/screenshot - {}
RESULT: {}
COMMAND: POST /session/f0da0c3c43298f3c96346e78252ccf41/execute/async - {"script":"<script> [1562 bytes]","args":[{"selector":{"id":"application-managepartners-display-component---NewPartner--partnerDetailInternal-arrow"},"wdio_ui5_key":"applicationmanagepartners-display-component---NewPartner--partnerDetailInternal-arrow"}]}
RESULT: {"script":"<script> [1562 bytes]","args":[{"selector":{"id":"application-managepartners-display-component---NewPartner--partnerDetailInternal-arrow"},"wdio_ui5_key":"applicationmanagepartners-display-component---NewPartner--partnerDetailInternal-arrow"}]}
RESULT: undefined
COMMAND: POST /session/f0da0c3c43298f3c96346e78252ccf41/element - {"using":"xpath","value":"//*[@id=\"application-managepartners-display-component---NewPartner--partnerDetailInternal-arrow\"]"}
RESULT: {"using":"xpath","value":"//*[@id=\"application-managepartners-display-component---NewPartner--partnerDetailInternal-arrow\"]"}
COMMAND: POST /session/f0da0c3c43298f3c96346e78252ccf41/element/f.6F1C9CAC0929B66C30BD4634384CD5FC.d.7199CBBDDD35EB144A59B73DAAC5BD31.e.1516/click - {}
RESULT: {}
COMMAND: POST /session/f0da0c3c43298f3c96346e78252ccf41/element - {"using":"xpath","value":"//span[contains(text(), \"Affiliated company\")]"}
COMMAND: GET /session/f0da0c3c43298f3c96346e78252ccf41/screenshot - {}
RESULT: {"using":"xpath","value":"//span[contains(text(), \"Affiliated company\")]"}
COMMAND: POST /session/f0da0c3c43298f3c96346e78252ccf41/element/f.6F1C9CAC0929B66C30BD4634384CD5FC.d.7199CBBDDD35EB144A59B73DAAC5BD31.e.1517/click - {}
RESULT: {}
RESULT: {}
COMMAND: POST /session/f0da0c3c43298f3c96346e78252ccf41/execute/async - {"script":"<script> [1562 bytes]","args":[{"selector":{"id":"application-managepartners-display-component---NewPartner--partnerDetailsCurrency-arrow"},"wdio_ui5_key":"applicationmanagepartners-display-component---NewPartner--partnerDetailsCurrency-arrow"}]}
COMMAND: GET /session/f0da0c3c43298f3c96346e78252ccf41/screenshot - {}
RESULT: {"script":"<script> [1562 bytes]","args":[{"selector":{"id":"application-managepartners-display-component---NewPartner--partnerDetailsCurrency-arrow"},"wdio_ui5_key":"applicationmanagepartners-display-component---NewPartner--partnerDetailsCurrency-arrow"}]}
RESULT: undefined
COMMAND: POST /session/f0da0c3c43298f3c96346e78252ccf41/element - {"using":"xpath","value":"//*[@id=\"application-managepartners-display-component---NewPartner--partnerDetailsCurrency-arrow\"]"}
RESULT: {}
RESULT: {"using":"xpath","value":"//*[@id=\"application-managepartners-display-component---NewPartner--partnerDetailsCurrency-arrow\"]"}
COMMAND: POST /session/f0da0c3c43298f3c96346e78252ccf41/element/f.6F1C9CAC0929B66C30BD4634384CD5FC.d.7199CBBDDD35EB144A59B73DAAC5BD31.e.1524/click - {}
RESULT: {}
COMMAND: POST /session/f0da0c3c43298f3c96346e78252ccf41/element - {"using":"xpath","value":"//span[contains(text(), \"Euro\")]"}
COMMAND: GET /session/f0da0c3c43298f3c96346e78252ccf41/screenshot - {}
RESULT: {"using":"xpath","value":"//span[contains(text(), \"Euro\")]"}
COMMAND: POST /session/f0da0c3c43298f3c96346e78252ccf41/element/f.6F1C9CAC0929B66C30BD4634384CD5FC.d.7199CBBDDD35EB144A59B73DAAC5BD31.e.1525/click - {}
RESULT: {}
RESULT: {}
COMMAND: POST /session/f0da0c3c43298f3c96346e78252ccf41/execute/async - {"script":"<script> [1562 bytes]","args":[{"selector":{"id":"application-managepartners-display-component---NewPartner--addressEditDetailsCostObjectCstType-arrow"},"wdio_ui5_key":"applicationmanagepartners-display-component---NewPartner--addressEditDetailsCostObjectCstType-arrow"}]}
COMMAND: GET /session/f0da0c3c43298f3c96346e78252ccf41/screenshot - {}
RESULT: {"script":"<script> [1562 bytes]","args":[{"selector":{"id":"application-managepartners-display-component---NewPartner--addressEditDetailsCostObjectCstType-arrow"},"wdio_ui5_key":"applicationmanagepartners-display-component---NewPartner--addressEditDetailsCostObjectCstType-arrow"}]}
RESULT: undefined
COMMAND: POST /session/f0da0c3c43298f3c96346e78252ccf41/element - {"using":"xpath","value":"//*[@id=\"application-managepartners-display-component---NewPartner--addressEditDetailsCostObjectCstType-arrow\"]"}
RESULT: {}
RESULT: {"using":"xpath","value":"//*[@id=\"application-managepartners-display-component---NewPartner--addressEditDetailsCostObjectCstType-arrow\"]"}
COMMAND: POST /session/f0da0c3c43298f3c96346e78252ccf41/element/f.6F1C9CAC0929B66C30BD4634384CD5FC.d.7199CBBDDD35EB144A59B73DAAC5BD31.e.1526/click - {}
RESULT: {}
COMMAND: POST /session/f0da0c3c43298f3c96346e78252ccf41/element - {"using":"xpath","value":"//span[contains(text(), \"Cost Center\")]"}
COMMAND: GET /session/f0da0c3c43298f3c96346e78252ccf41/screenshot - {}
RESULT: {"using":"xpath","value":"//span[contains(text(), \"Cost Center\")]"}
COMMAND: POST /session/f0da0c3c43298f3c96346e78252ccf41/element/f.6F1C9CAC0929B66C30BD4634384CD5FC.d.7199CBBDDD35EB144A59B73DAAC5BD31.e.1527/click - {}
RESULT: {}
RESULT: {}
COMMAND: GET /session/f0da0c3c43298f3c96346e78252ccf41/screenshot - {}
RESULT: {}
COMMAND: POST /session/f0da0c3c43298f3c96346e78252ccf41/element - {"using":"xpath","value":"//span[@id=\"application-managepartners-display-component---NewPartner--addressNewCostObjectCstID-vhi\"]"}
RESULT: {"using":"xpath","value":"//span[@id=\"application-managepartners-display-component---NewPartner--addressNewCostObjectCstID-vhi\"]"}
COMMAND: POST /session/f0da0c3c43298f3c96346e78252ccf41/execute/sync - {"script":"<script> [8489 bytes]","args":[{"element-6066-11e4-a52e-4f735466cecf":"f.6F1C9CAC0929B66C30BD4634384CD5FC.d.7199CBBDDD35EB144A59B73DAAC5BD31.e.1531","ELEMENT":"f.6F1C9CAC0929B66C30BD4634384CD5FC.d.7199CBBDDD35EB144A59B73DAAC5BD31.e.1531"}]}
RESULT: {"script":"<script> [8489 bytes]","args":[{"element-6066-11e4-a52e-4f735466cecf":"f.6F1C9CAC0929B66C30BD4634384CD5FC.d.7199CBBDDD35EB144A59B73DAAC5BD31.e.1531","ELEMENT":"f.6F1C9CAC0929B66C30BD4634384CD5FC.d.7199CBBDDD35EB144A59B73DAAC5BD31.e.1531"}]}
COMMAND: POST /session/f0da0c3c43298f3c96346e78252ccf41/execute/async - {"script":"<script> [1562 bytes]","args":[{"selector":{"id":"application-managepartners-display-component---NewPartner--addressNewCostObjectCstID-vhi"},"wdio_ui5_key":"applicationmanagepartners-display-component---NewPartner--addressNewCostObjectCstID-vhi"}]}
COMMAND: GET /session/f0da0c3c43298f3c96346e78252ccf41/screenshot - {}
RESULT: {"script":"<script> [1562 bytes]","args":[{"selector":{"id":"application-managepartners-display-component---NewPartner--addressNewCostObjectCstID-vhi"},"wdio_ui5_key":"applicationmanagepartners-display-component---NewPartner--addressNewCostObjectCstID-vhi"}]}
RESULT: undefined
COMMAND: POST /session/f0da0c3c43298f3c96346e78252ccf41/element - {"using":"xpath","value":"//*[@id=\"application-managepartners-display-component---NewPartner--addressNewCostObjectCstID-vhi\"]"}
RESULT: {}
RESULT: {"using":"xpath","value":"//*[@id=\"application-managepartners-display-component---NewPartner--addressNewCostObjectCstID-vhi\"]"}
COMMAND: POST /session/f0da0c3c43298f3c96346e78252ccf41/element/f.6F1C9CAC0929B66C30BD4634384CD5FC.d.7199CBBDDD35EB144A59B73DAAC5BD31.e.1531/click - {}
RESULT: {}
COMMAND: GET /session/f0da0c3c43298f3c96346e78252ccf41/screenshot - {}
RESULT: {}
RESULT: undefined
COMMAND: POST /session/f0da0c3c43298f3c96346e78252ccf41/execute/async - {"script":"<script> [776 bytes]","args":[{"enterText":"10001013","selector":{"controlType":"sap.m.SearchField","properties":{"placeholder":"Search"},"searchOpenDialogs":true,"interaction":{"idSuffix":"I"}},"clearTextFirst":true,"interactionType":"ENTER_TEXT"}]}
RESULT: {"script":"<script> [776 bytes]","args":[{"enterText":"10001013","selector":{"controlType":"sap.m.SearchField","properties":{"placeholder":"Search"},"searchOpenDialogs":true,"interaction":{"idSuffix":"I"}},"clearTextFirst":true,"interactionType":"ENTER_TEXT"}]}
COMMAND: POST /session/f0da0c3c43298f3c96346e78252ccf41/actions - {"actions":[{"id":"action2","type":"key","parameters":{},"actions":[{"type":"keyDown","value":"î€‡"},{"type":"pause","duration":10},{"type":"keyUp","value":"î€‡"}]}]}
RESULT: {"actions":[{"id":"action2","type":"key","parameters":{},"actions":[{"type":"keyDown","value":"î€‡"},{"type":"pause","duration":10},{"type":"keyUp","value":"î€‡"}]}]}
COMMAND: GET /session/f0da0c3c43298f3c96346e78252ccf41/screenshot - {}
RESULT: {}
COMMAND: POST /session/f0da0c3c43298f3c96346e78252ccf41/element - {"using":"xpath","value":"//span[contains(text(), \"General Management\")]"}
RESULT: {"using":"xpath","value":"//span[contains(text(), \"General Management\")]"}
COMMAND: POST /session/f0da0c3c43298f3c96346e78252ccf41/element/f.6F1C9CAC0929B66C30BD4634384CD5FC.d.7199CBBDDD35EB144A59B73DAAC5BD31.e.1569/click - {}
RESULT: {}
COMMAND: GET /session/f0da0c3c43298f3c96346e78252ccf41/screenshot - {}
RESULT: {}
COMMAND: POST /session/f0da0c3c43298f3c96346e78252ccf41/element - {"using":"xpath","value":"//bdi[contains(text(), \"OK\")]"}
RESULT: {"using":"xpath","value":"//bdi[contains(text(), \"OK\")]"}
COMMAND: POST /session/f0da0c3c43298f3c96346e78252ccf41/element/f.6F1C9CAC0929B66C30BD4634384CD5FC.d.7199CBBDDD35EB144A59B73DAAC5BD31.e.1570/click - {}
RESULT: {}
COMMAND: GET /session/f0da0c3c43298f3c96346e78252ccf41/screenshot - {}
RESULT: {}
COMMAND: POST /session/f0da0c3c43298f3c96346e78252ccf41/element - {"using":"xpath","value":"//input[@id=\"application-managepartners-display-component---NewPartner--companyCodeComboBox-inner\"]"}
RESULT: {"using":"xpath","value":"//input[@id=\"application-managepartners-display-component---NewPartner--companyCodeComboBox-inner\"]"}
COMMAND: POST /session/f0da0c3c43298f3c96346e78252ccf41/element/f.6F1C9CAC0929B66C30BD4634384CD5FC.d.7199CBBDDD35EB144A59B73DAAC5BD31.e.1363/clear - {}
RESULT: {}
COMMAND: POST /session/f0da0c3c43298f3c96346e78252ccf41/element/f.6F1C9CAC0929B66C30BD4634384CD5FC.d.7199CBBDDD35EB144A59B73DAAC5BD31.e.1363/value - {"text":"1000"}
COMMAND: GET /session/f0da0c3c43298f3c96346e78252ccf41/screenshot - {}
RESULT: {"text":"1000"}
COMMAND: GET /session/f0da0c3c43298f3c96346e78252ccf41/screenshot - {}
RESULT: {}
RESULT: {}
COMMAND: POST /session/f0da0c3c43298f3c96346e78252ccf41/element - {"using":"xpath","value":"//span[contains(text(), \"1000\")]"}
RESULT: {"using":"xpath","value":"//span[contains(text(), \"1000\")]"}
COMMAND: POST /session/f0da0c3c43298f3c96346e78252ccf41/element/f.6F1C9CAC0929B66C30BD4634384CD5FC.d.7199CBBDDD35EB144A59B73DAAC5BD31.e.1576/click - {}
RESULT: {}
COMMAND: GET /session/f0da0c3c43298f3c96346e78252ccf41/screenshot - {}
RESULT: {}
COMMAND: POST /session/f0da0c3c43298f3c96346e78252ccf41/execute/async - {"script":"<script> [1562 bytes]","args":[{"selector":{"id":"application-managepartners-display-component---NewPartner--btnAddTableRow-img"},"wdio_ui5_key":"applicationmanagepartners-display-component---NewPartner--btnAddTableRow-img"}]}
RESULT: {"script":"<script> [1562 bytes]","args":[{"selector":{"id":"application-managepartners-display-component---NewPartner--btnAddTableRow-img"},"wdio_ui5_key":"applicationmanagepartners-display-component---NewPartner--btnAddTableRow-img"}]}
RESULT: undefined
COMMAND: POST /session/f0da0c3c43298f3c96346e78252ccf41/element - {"using":"xpath","value":"//*[@id=\"application-managepartners-display-component---NewPartner--btnAddTableRow-img\"]"}
RESULT: {"using":"xpath","value":"//*[@id=\"application-managepartners-display-component---NewPartner--btnAddTableRow-img\"]"}
COMMAND: POST /session/f0da0c3c43298f3c96346e78252ccf41/element/f.6F1C9CAC0929B66C30BD4634384CD5FC.d.7199CBBDDD35EB144A59B73DAAC5BD31.e.1577/click - {}
RESULT: {}
COMMAND: GET /session/f0da0c3c43298f3c96346e78252ccf41/screenshot - {}
RESULT: {}
COMMAND: POST /session/f0da0c3c43298f3c96346e78252ccf41/element - {"using":"xpath","value":"//input[@id=\"application-managepartners-display-component---NewPartner--assignmentYard-application-managepartners-display-component---NewPartner--assignmentsTable-0-inner\"]"}
RESULT: {"using":"xpath","value":"//input[@id=\"application-managepartners-display-component---NewPartner--assignmentYard-application-managepartners-display-component---NewPartner--assignmentsTable-0-inner\"]"}
COMMAND: POST /session/f0da0c3c43298f3c96346e78252ccf41/element/f.6F1C9CAC0929B66C30BD4634384CD5FC.d.7199CBBDDD35EB144A59B73DAAC5BD31.e.1580/clear - {}
RESULT: {}
COMMAND: POST /session/f0da0c3c43298f3c96346e78252ccf41/element/f.6F1C9CAC0929B66C30BD4634384CD5FC.d.7199CBBDDD35EB144A59B73DAAC5BD31.e.1580/value - {"text":"558"}
COMMAND: GET /session/f0da0c3c43298f3c96346e78252ccf41/screenshot - {}
RESULT: {"text":"558"}
COMMAND: GET /session/f0da0c3c43298f3c96346e78252ccf41/screenshot - {}
RESULT: {}
RESULT: {}
COMMAND: POST /session/f0da0c3c43298f3c96346e78252ccf41/element - {"using":"xpath","value":"//li[.//span[text()='558']]"}
RESULT: {"using":"xpath","value":"//li[.//span[text()='558']]"}
COMMAND: POST /session/f0da0c3c43298f3c96346e78252ccf41/element/f.6F1C9CAC0929B66C30BD4634384CD5FC.d.7199CBBDDD35EB144A59B73DAAC5BD31.e.1590/click - {}
RESULT: {}
COMMAND: GET /session/f0da0c3c43298f3c96346e78252ccf41/screenshot - {}
RESULT: {}
COMMAND: POST /session/f0da0c3c43298f3c96346e78252ccf41/actions - {"actions":[{"id":"action3","type":"key","parameters":{},"actions":[{"type":"keyDown","value":"î€‡"},{"type":"pause","duration":10},{"type":"keyUp","value":"î€‡"}]}]}
RESULT: {"actions":[{"id":"action3","type":"key","parameters":{},"actions":[{"type":"keyDown","value":"î€‡"},{"type":"pause","duration":10},{"type":"keyUp","value":"î€‡"}]}]}
COMMAND: POST /session/f0da0c3c43298f3c96346e78252ccf41/execute/async - {"script":"<script> [1562 bytes]","args":[{"selector":{"id":"application-managepartners-display-component---NewPartner--externalCustomerComboBox-application-managepartners-display-component---NewPartner--assignmentsTable-0-vhi"},"wdio_ui5_key":"applicationmanagepartners-display-component---NewPartner--externalCustomerComboBox-application-managepartners-display-component---NewPartner--assignmentsTable-0-vhi"}]}
COMMAND: GET /session/f0da0c3c43298f3c96346e78252ccf41/screenshot - {}
RESULT: {"script":"<script> [1562 bytes]","args":[{"selector":{"id":"application-managepartners-display-component---NewPartner--externalCustomerComboBox-application-managepartners-display-component---NewPartner--assignmentsTable-0-vhi"},"wdio_ui5_key":"applicationmanagepartners-display-component---NewPartner--externalCustomerComboBox-application-managepartners-display-component---NewPartner--assignmentsTable-0-vhi"}]}
RESULT: undefined
COMMAND: POST /session/f0da0c3c43298f3c96346e78252ccf41/element - {"using":"xpath","value":"//*[@id=\"application-managepartners-display-component---NewPartner--externalCustomerComboBox-application-managepartners-display-component---NewPartner--assignmentsTable-0-vhi\"]"}
RESULT: {}
RESULT: {"using":"xpath","value":"//*[@id=\"application-managepartners-display-component---NewPartner--externalCustomerComboBox-application-managepartners-display-component---NewPartner--assignmentsTable-0-vhi\"]"}
COMMAND: POST /session/f0da0c3c43298f3c96346e78252ccf41/element/f.6F1C9CAC0929B66C30BD4634384CD5FC.d.7199CBBDDD35EB144A59B73DAAC5BD31.e.1594/click - {}
RESULT: {}
RESULT: undefined
COMMAND: POST /session/f0da0c3c43298f3c96346e78252ccf41/execute/async - {"script":"<script> [776 bytes]","args":[{"enterText":"300003","selector":{"controlType":"sap.m.SearchField","properties":{"placeholder":"Search"},"searchOpenDialogs":true,"interaction":{"idSuffix":"I"}},"clearTextFirst":true,"interactionType":"ENTER_TEXT"}]}
COMMAND: GET /session/f0da0c3c43298f3c96346e78252ccf41/screenshot - {}
RESULT: {"script":"<script> [776 bytes]","args":[{"enterText":"300003","selector":{"controlType":"sap.m.SearchField","properties":{"placeholder":"Search"},"searchOpenDialogs":true,"interaction":{"idSuffix":"I"}},"clearTextFirst":true,"interactionType":"ENTER_TEXT"}]}
COMMAND: POST /session/f0da0c3c43298f3c96346e78252ccf41/actions - {"actions":[{"id":"action4","type":"key","parameters":{},"actions":[{"type":"keyDown","value":"î€‡"},{"type":"pause","duration":10},{"type":"keyUp","value":"î€‡"}]}]}
RESULT: {}
RESULT: {"actions":[{"id":"action4","type":"key","parameters":{},"actions":[{"type":"keyDown","value":"î€‡"},{"type":"pause","duration":10},{"type":"keyUp","value":"î€‡"}]}]}
COMMAND: GET /session/f0da0c3c43298f3c96346e78252ccf41/screenshot - {}
RESULT: {}
COMMAND: POST /session/f0da0c3c43298f3c96346e78252ccf41/element - {"using":"xpath","value":"//span[contains(text(), \"300003\")]"}
RESULT: {"using":"xpath","value":"//span[contains(text(), \"300003\")]"}
COMMAND: POST /session/f0da0c3c43298f3c96346e78252ccf41/element/f.6F1C9CAC0929B66C30BD4634384CD5FC.d.7199CBBDDD35EB144A59B73DAAC5BD31.e.1602/click - {}
RESULT: {}
COMMAND: GET /session/f0da0c3c43298f3c96346e78252ccf41/screenshot - {}
RESULT: {}
COMMAND: POST /session/f0da0c3c43298f3c96346e78252ccf41/element - {"using":"xpath","value":"//bdi[contains(text(), \"OK\")]"}
RESULT: {"using":"xpath","value":"//bdi[contains(text(), \"OK\")]"}
COMMAND: POST /session/f0da0c3c43298f3c96346e78252ccf41/element/f.6F1C9CAC0929B66C30BD4634384CD5FC.d.7199CBBDDD35EB144A59B73DAAC5BD31.e.1604/click - {}
RESULT: {}
COMMAND: GET /session/f0da0c3c43298f3c96346e78252ccf41/screenshot - {}
RESULT: {}
COMMAND: POST /session/f0da0c3c43298f3c96346e78252ccf41/execute/async - {"script":"<script> [1562 bytes]","args":[{"selector":{"id":"application-managepartners-display-component---NewPartner--intercompVendorComboBox-application-managepartners-display-component---NewPartner--assignmentsTable-0-vhi"},"wdio_ui5_key":"applicationmanagepartners-display-component---NewPartner--intercompVendorComboBox-application-managepartners-display-component---NewPartner--assignmentsTable-0-vhi"}]}
RESULT: {"script":"<script> [1562 bytes]","args":[{"selector":{"id":"application-managepartners-display-component---NewPartner--intercompVendorComboBox-application-managepartners-display-component---NewPartner--assignmentsTable-0-vhi"},"wdio_ui5_key":"applicationmanagepartners-display-component---NewPartner--intercompVendorComboBox-application-managepartners-display-component---NewPartner--assignmentsTable-0-vhi"}]}
RESULT: undefined
COMMAND: POST /session/f0da0c3c43298f3c96346e78252ccf41/element - {"using":"xpath","value":"//*[@id=\"application-managepartners-display-component---NewPartner--intercompVendorComboBox-application-managepartners-display-component---NewPartner--assignmentsTable-0-vhi\"]"}
RESULT: {"using":"xpath","value":"//*[@id=\"application-managepartners-display-component---NewPartner--intercompVendorComboBox-application-managepartners-display-component---NewPartner--assignmentsTable-0-vhi\"]"}
COMMAND: POST /session/f0da0c3c43298f3c96346e78252ccf41/element/f.6F1C9CAC0929B66C30BD4634384CD5FC.d.7199CBBDDD35EB144A59B73DAAC5BD31.e.1607/click - {}
RESULT: {}
RESULT: undefined
COMMAND: POST /session/f0da0c3c43298f3c96346e78252ccf41/execute/async - {"script":"<script> [776 bytes]","args":[{"enterText":"100005","selector":{"controlType":"sap.m.SearchField","properties":{"placeholder":"Search"},"searchOpenDialogs":true,"interaction":{"idSuffix":"I"}},"clearTextFirst":true,"interactionType":"ENTER_TEXT"}]}
COMMAND: GET /session/f0da0c3c43298f3c96346e78252ccf41/screenshot - {}
RESULT: {}
RESULT: {"script":"<script> [776 bytes]","args":[{"enterText":"100005","selector":{"controlType":"sap.m.SearchField","properties":{"placeholder":"Search"},"searchOpenDialogs":true,"interaction":{"idSuffix":"I"}},"clearTextFirst":true,"interactionType":"ENTER_TEXT"}]}
COMMAND: POST /session/f0da0c3c43298f3c96346e78252ccf41/actions - {"actions":[{"id":"action5","type":"key","parameters":{},"actions":[{"type":"keyDown","value":"î€‡"},{"type":"pause","duration":10},{"type":"keyUp","value":"î€‡"}]}]}
RESULT: {"actions":[{"id":"action5","type":"key","parameters":{},"actions":[{"type":"keyDown","value":"î€‡"},{"type":"pause","duration":10},{"type":"keyUp","value":"î€‡"}]}]}
COMMAND: GET /session/f0da0c3c43298f3c96346e78252ccf41/screenshot - {}
RESULT: {}
COMMAND: POST /session/f0da0c3c43298f3c96346e78252ccf41/element - {"using":"xpath","value":"//span[contains(text(), \"Penguins - Field/12345 Berlin\")]"}
RESULT: {"using":"xpath","value":"//span[contains(text(), \"Penguins - Field/12345 Berlin\")]"}
COMMAND: POST /session/f0da0c3c43298f3c96346e78252ccf41/element/f.6F1C9CAC0929B66C30BD4634384CD5FC.d.7199CBBDDD35EB144A59B73DAAC5BD31.e.1625/click - {}
RESULT: {}
COMMAND: GET /session/f0da0c3c43298f3c96346e78252ccf41/screenshot - {}
RESULT: {}
COMMAND: POST /session/f0da0c3c43298f3c96346e78252ccf41/element - {"using":"xpath","value":"//bdi[contains(text(), \"OK\")]"}
RESULT: {"using":"xpath","value":"//bdi[contains(text(), \"OK\")]"}
COMMAND: POST /session/f0da0c3c43298f3c96346e78252ccf41/element/f.6F1C9CAC0929B66C30BD4634384CD5FC.d.7199CBBDDD35EB144A59B73DAAC5BD31.e.1626/click - {}
RESULT: {}
COMMAND: GET /session/f0da0c3c43298f3c96346e78252ccf41/screenshot - {}
RESULT: {}
COMMAND: POST /session/f0da0c3c43298f3c96346e78252ccf41/element - {"using":"xpath","value":"//button[@data-kt=\"saveButton\"]"}
RESULT: {"using":"xpath","value":"//button[@data-kt=\"saveButton\"]"}
COMMAND: POST /session/f0da0c3c43298f3c96346e78252ccf41/element/f.6F1C9CAC0929B66C30BD4634384CD5FC.d.7199CBBDDD35EB144A59B73DAAC5BD31.e.1488/click - {}
RESULT: {}
COMMAND: GET /session/f0da0c3c43298f3c96346e78252ccf41/screenshot - {}
RESULT: {}
COMMAND: POST /session/f0da0c3c43298f3c96346e78252ccf41/element - {"using":"xpath","value":"//header[contains(@id, 'ObjectPageLayout-headerTitle')]/div[1]/div[2]/div[2]/span[1]"}
RESULT: {"using":"xpath","value":"//header[contains(@id, 'ObjectPageLayout-headerTitle')]/div[1]/div[2]/div[2]/span[1]"}
COMMAND: POST /session/f0da0c3c43298f3c96346e78252ccf41/elements - {"using":"xpath","value":"//header[contains(@id, 'ObjectPageLayout-headerTitle')]/div[1]/div[2]/div[2]/span[1]"}
RESULT: {"using":"xpath","value":"//header[contains(@id, 'ObjectPageLayout-headerTitle')]/div[1]/div[2]/div[2]/span[1]"}
COMMAND: POST /session/f0da0c3c43298f3c96346e78252ccf41/execute/sync - {"script":"<script> [56 bytes]","args":[{"element-6066-11e4-a52e-4f735466cecf":"f.6F1C9CAC0929B66C30BD4634384CD5FC.d.7199CBBDDD35EB144A59B73DAAC5BD31.e.1790","ELEMENT":"f.6F1C9CAC0929B66C30BD4634384CD5FC.d.7199CBBDDD35EB144A59B73DAAC5BD31.e.1790"}]}
RESULT: {"script":"<script> [56 bytes]","args":[{"element-6066-11e4-a52e-4f735466cecf":"f.6F1C9CAC0929B66C30BD4634384CD5FC.d.7199CBBDDD35EB144A59B73DAAC5BD31.e.1790","ELEMENT":"f.6F1C9CAC0929B66C30BD4634384CD5FC.d.7199CBBDDD35EB144A59B73DAAC5BD31.e.1790"}]}
COMMAND: POST /session/f0da0c3c43298f3c96346e78252ccf41/element - {"using":"css selector","value":"#shell-header-logo"}
COMMAND: GET /session/f0da0c3c43298f3c96346e78252ccf41/screenshot - {}
RESULT: {"using":"css selector","value":"#shell-header-logo"}
COMMAND: POST /session/f0da0c3c43298f3c96346e78252ccf41/element/f.6F1C9CAC0929B66C30BD4634384CD5FC.d.7199CBBDDD35EB144A59B73DAAC5BD31.e.1016/click - {}
RESULT: {}
RESULT: {}
COMMAND: GET /session/f0da0c3c43298f3c96346e78252ccf41/screenshot - {}
RESULT: {}
COMMAND: POST /session/f0da0c3c43298f3c96346e78252ccf41/execute/sync - {"script":"<script> [299 bytes]","args":[["getModel","getResource"]]}
RESULT: {"script":"<script> [299 bytes]","args":[["getModel","getResource"]]}
]]></system-out>
    </testcase>
    <testcase classname="chrome.135_0_7049_96.windows.Tests_for_Mass_State_Change_on_Manage_States_&amp;_Performances_US104416_US" name="Prereq Should create a new site" time="99.743">
      <system-out><![CDATA[
COMMAND: GET /session/f0da0c3c43298f3c96346e78252ccf41/screenshot - {}
COMMAND: POST /session/f0da0c3c43298f3c96346e78252ccf41/execute/async - {"script":"<script> [1562 bytes]","args":[{"selector":{"controlType":"sap.m.TileContent","bindingPath":{"path":"","propertyPath":"/properties/info"},"ancestor":{"controlType":"sap.m.GenericTile","properties":{"header":"Manage Sites"}}},"wdio_ui5_key":"sapm.TileContent{\"path\":\"\",\"propertyPath\":\"/properties/info\"}{\"controlType\":\"sap.m.GenericTile\",\"properties\":{\"header\":\"Manage Sites\"}}"}]}
RESULT: {}
RESULT: {"script":"<script> [1562 bytes]","args":[{"selector":{"controlType":"sap.m.TileContent","bindingPath":{"path":"","propertyPath":"/properties/info"},"ancestor":{"controlType":"sap.m.GenericTile","properties":{"header":"Manage Sites"}}},"wdio_ui5_key":"sapm.TileContent{\"path\":\"\",\"propertyPath\":\"/properties/info\"}{\"controlType\":\"sap.m.GenericTile\",\"properties\":{\"header\":\"Manage Sites\"}}"}]}
RESULT: undefined
COMMAND: POST /session/f0da0c3c43298f3c96346e78252ccf41/element - {"using":"xpath","value":"//*[@id=\"__xmlview7--numericTileContent\"]"}
RESULT: {"using":"xpath","value":"//*[@id=\"__xmlview7--numericTileContent\"]"}
COMMAND: POST /session/f0da0c3c43298f3c96346e78252ccf41/element/f.6F1C9CAC0929B66C30BD4634384CD5FC.d.7199CBBDDD35EB144A59B73DAAC5BD31.e.1792/click - {}
RESULT: {}
COMMAND: POST /session/f0da0c3c43298f3c96346e78252ccf41/element - {"using":"xpath","value":"//button[@data-kt=\"addOverflowToolbarButton\"]"}
COMMAND: GET /session/f0da0c3c43298f3c96346e78252ccf41/screenshot - {}
RESULT: {"using":"xpath","value":"//button[@data-kt=\"addOverflowToolbarButton\"]"}
COMMAND: POST /session/f0da0c3c43298f3c96346e78252ccf41/elements - {"using":"xpath","value":"//button[@data-kt=\"addOverflowToolbarButton\"]"}
RESULT: {}
RESULT: {"using":"xpath","value":"//button[@data-kt=\"addOverflowToolbarButton\"]"}
COMMAND: POST /session/f0da0c3c43298f3c96346e78252ccf41/elements - {"using":"xpath","value":"//button[@data-kt=\"addOverflowToolbarButton\"]"}
RESULT: {"using":"xpath","value":"//button[@data-kt=\"addOverflowToolbarButton\"]"}
COMMAND: POST /session/f0da0c3c43298f3c96346e78252ccf41/elements - {"using":"xpath","value":"//button[@data-kt=\"addOverflowToolbarButton\"]"}
RESULT: {"using":"xpath","value":"//button[@data-kt=\"addOverflowToolbarButton\"]"}
COMMAND: POST /session/f0da0c3c43298f3c96346e78252ccf41/elements - {"using":"xpath","value":"//button[@data-kt=\"addOverflowToolbarButton\"]"}
RESULT: {"using":"xpath","value":"//button[@data-kt=\"addOverflowToolbarButton\"]"}
COMMAND: POST /session/f0da0c3c43298f3c96346e78252ccf41/element - {"using":"xpath","value":"//button[@data-kt=\"addOverflowToolbarButton\"]"}
RESULT: {"using":"xpath","value":"//button[@data-kt=\"addOverflowToolbarButton\"]"}
COMMAND: POST /session/f0da0c3c43298f3c96346e78252ccf41/execute/sync - {"script":"<script> [8489 bytes]","args":[{"element-6066-11e4-a52e-4f735466cecf":"f.6F1C9CAC0929B66C30BD4634384CD5FC.d.7199CBBDDD35EB144A59B73DAAC5BD31.e.1838","ELEMENT":"f.6F1C9CAC0929B66C30BD4634384CD5FC.d.7199CBBDDD35EB144A59B73DAAC5BD31.e.1838"}]}
RESULT: {"script":"<script> [8489 bytes]","args":[{"element-6066-11e4-a52e-4f735466cecf":"f.6F1C9CAC0929B66C30BD4634384CD5FC.d.7199CBBDDD35EB144A59B73DAAC5BD31.e.1838","ELEMENT":"f.6F1C9CAC0929B66C30BD4634384CD5FC.d.7199CBBDDD35EB144A59B73DAAC5BD31.e.1838"}]}
COMMAND: GET /session/f0da0c3c43298f3c96346e78252ccf41/element/f.6F1C9CAC0929B66C30BD4634384CD5FC.d.7199CBBDDD35EB144A59B73DAAC5BD31.e.1838/enabled - {}
COMMAND: GET /session/f0da0c3c43298f3c96346e78252ccf41/screenshot - {}
RESULT: {}
COMMAND: POST /session/f0da0c3c43298f3c96346e78252ccf41/execute/sync - {"script":"<script> [8489 bytes]","args":[{"element-6066-11e4-a52e-4f735466cecf":"f.6F1C9CAC0929B66C30BD4634384CD5FC.d.7199CBBDDD35EB144A59B73DAAC5BD31.e.1838","ELEMENT":"f.6F1C9CAC0929B66C30BD4634384CD5FC.d.7199CBBDDD35EB144A59B73DAAC5BD31.e.1838"}]}
COMMAND: GET /session/f0da0c3c43298f3c96346e78252ccf41/screenshot - {}
RESULT: {}
RESULT: {"script":"<script> [8489 bytes]","args":[{"element-6066-11e4-a52e-4f735466cecf":"f.6F1C9CAC0929B66C30BD4634384CD5FC.d.7199CBBDDD35EB144A59B73DAAC5BD31.e.1838","ELEMENT":"f.6F1C9CAC0929B66C30BD4634384CD5FC.d.7199CBBDDD35EB144A59B73DAAC5BD31.e.1838"}]}
COMMAND: POST /session/f0da0c3c43298f3c96346e78252ccf41/execute/sync - {"script":"<script> [5351 bytes]","args":[{"element-6066-11e4-a52e-4f735466cecf":"f.6F1C9CAC0929B66C30BD4634384CD5FC.d.7199CBBDDD35EB144A59B73DAAC5BD31.e.1838","ELEMENT":"f.6F1C9CAC0929B66C30BD4634384CD5FC.d.7199CBBDDD35EB144A59B73DAAC5BD31.e.1838"}]}
COMMAND: GET /session/f0da0c3c43298f3c96346e78252ccf41/screenshot - {}
RESULT: {}
RESULT: {"script":"<script> [5351 bytes]","args":[{"element-6066-11e4-a52e-4f735466cecf":"f.6F1C9CAC0929B66C30BD4634384CD5FC.d.7199CBBDDD35EB144A59B73DAAC5BD31.e.1838","ELEMENT":"f.6F1C9CAC0929B66C30BD4634384CD5FC.d.7199CBBDDD35EB144A59B73DAAC5BD31.e.1838"}]}
COMMAND: POST /session/f0da0c3c43298f3c96346e78252ccf41/element/f.6F1C9CAC0929B66C30BD4634384CD5FC.d.7199CBBDDD35EB144A59B73DAAC5BD31.e.1838/click - {}
COMMAND: GET /session/f0da0c3c43298f3c96346e78252ccf41/screenshot - {}
RESULT: {}
RESULT: {}
COMMAND: GET /session/f0da0c3c43298f3c96346e78252ccf41/screenshot - {}
COMMAND: POST /session/f0da0c3c43298f3c96346e78252ccf41/execute/async - {"script":"<script> [1562 bytes]","args":[{"selector":{"id":"application-managesites-display-component---NewSite--addressDetailDetailsName1","interaction":{"idSuffix":"inner"}},"wdio_ui5_key":"applicationmanagesites-display-component---NewSite--addressDetailDetailsName1"}]}
RESULT: {}
RESULT: {}
RESULT: {"script":"<script> [1562 bytes]","args":[{"selector":{"id":"application-managesites-display-component---NewSite--addressDetailDetailsName1","interaction":{"idSuffix":"inner"}},"wdio_ui5_key":"applicationmanagesites-display-component---NewSite--addressDetailDetailsName1"}]}
RESULT: undefined
COMMAND: POST /session/f0da0c3c43298f3c96346e78252ccf41/execute/async - {"script":"<script> [776 bytes]","args":[{"enterText":"Intracompany Site wdIO","selector":{"id":"application-managesites-display-component---NewSite--addressDetailDetailsName1","interaction":{"idSuffix":"inner"}},"clearTextFirst":true,"interactionType":"ENTER_TEXT"}]}
RESULT: {"script":"<script> [776 bytes]","args":[{"enterText":"Intracompany Site wdIO","selector":{"id":"application-managesites-display-component---NewSite--addressDetailDetailsName1","interaction":{"idSuffix":"inner"}},"clearTextFirst":true,"interactionType":"ENTER_TEXT"}]}
COMMAND: POST /session/f0da0c3c43298f3c96346e78252ccf41/execute/async - {"script":"<script> [1562 bytes]","args":[{"selector":{"id":"application-managesites-display-component---NewSite--addressDetailDetailsLanguage-arrow"},"wdio_ui5_key":"applicationmanagesites-display-component---NewSite--addressDetailDetailsLanguage-arrow"}]}
RESULT: {"script":"<script> [1562 bytes]","args":[{"selector":{"id":"application-managesites-display-component---NewSite--addressDetailDetailsLanguage-arrow"},"wdio_ui5_key":"applicationmanagesites-display-component---NewSite--addressDetailDetailsLanguage-arrow"}]}
RESULT: undefined
COMMAND: POST /session/f0da0c3c43298f3c96346e78252ccf41/element - {"using":"xpath","value":"//*[@id=\"application-managesites-display-component---NewSite--addressDetailDetailsLanguage-arrow\"]"}
RESULT: {"using":"xpath","value":"//*[@id=\"application-managesites-display-component---NewSite--addressDetailDetailsLanguage-arrow\"]"}
COMMAND: POST /session/f0da0c3c43298f3c96346e78252ccf41/element/f.6F1C9CAC0929B66C30BD4634384CD5FC.d.7199CBBDDD35EB144A59B73DAAC5BD31.e.2470/click - {}
RESULT: {}
COMMAND: POST /session/f0da0c3c43298f3c96346e78252ccf41/element - {"using":"xpath","value":"//span[contains(text(), \"English\")]"}
RESULT: {"using":"xpath","value":"//span[contains(text(), \"English\")]"}
COMMAND: POST /session/f0da0c3c43298f3c96346e78252ccf41/element/f.6F1C9CAC0929B66C30BD4634384CD5FC.d.7199CBBDDD35EB144A59B73DAAC5BD31.e.2471/click - {}
COMMAND: GET /session/f0da0c3c43298f3c96346e78252ccf41/screenshot - {}
RESULT: {}
COMMAND: POST /session/f0da0c3c43298f3c96346e78252ccf41/execute/async - {"script":"<script> [1562 bytes]","args":[{"selector":{"id":"application-managesites-display-component---NewSite--addressDetailDetailsCity1","interaction":{"idSuffix":"inner"}},"wdio_ui5_key":"applicationmanagesites-display-component---NewSite--addressDetailDetailsCity1"}]}
COMMAND: GET /session/f0da0c3c43298f3c96346e78252ccf41/screenshot - {}
RESULT: {}
RESULT: {"script":"<script> [1562 bytes]","args":[{"selector":{"id":"application-managesites-display-component---NewSite--addressDetailDetailsCity1","interaction":{"idSuffix":"inner"}},"wdio_ui5_key":"applicationmanagesites-display-component---NewSite--addressDetailDetailsCity1"}]}
RESULT: undefined
COMMAND: POST /session/f0da0c3c43298f3c96346e78252ccf41/execute/async - {"script":"<script> [776 bytes]","args":[{"enterText":"Rosario","selector":{"id":"application-managesites-display-component---NewSite--addressDetailDetailsCity1","interaction":{"idSuffix":"inner"}},"clearTextFirst":true,"interactionType":"ENTER_TEXT"}]}
RESULT: {}
RESULT: {"script":"<script> [776 bytes]","args":[{"enterText":"Rosario","selector":{"id":"application-managesites-display-component---NewSite--addressDetailDetailsCity1","interaction":{"idSuffix":"inner"}},"clearTextFirst":true,"interactionType":"ENTER_TEXT"}]}
COMMAND: POST /session/f0da0c3c43298f3c96346e78252ccf41/execute/async - {"script":"<script> [1562 bytes]","args":[{"selector":{"id":"application-managesites-display-component---NewSite--addressDetailDetailsCountry-arrow"},"wdio_ui5_key":"applicationmanagesites-display-component---NewSite--addressDetailDetailsCountry-arrow"}]}
RESULT: {"script":"<script> [1562 bytes]","args":[{"selector":{"id":"application-managesites-display-component---NewSite--addressDetailDetailsCountry-arrow"},"wdio_ui5_key":"applicationmanagesites-display-component---NewSite--addressDetailDetailsCountry-arrow"}]}
RESULT: undefined
COMMAND: POST /session/f0da0c3c43298f3c96346e78252ccf41/element - {"using":"xpath","value":"//*[@id=\"application-managesites-display-component---NewSite--addressDetailDetailsCountry-arrow\"]"}
RESULT: {"using":"xpath","value":"//*[@id=\"application-managesites-display-component---NewSite--addressDetailDetailsCountry-arrow\"]"}
COMMAND: POST /session/f0da0c3c43298f3c96346e78252ccf41/element/f.6F1C9CAC0929B66C30BD4634384CD5FC.d.7199CBBDDD35EB144A59B73DAAC5BD31.e.2473/click - {}
RESULT: {}
COMMAND: POST /session/f0da0c3c43298f3c96346e78252ccf41/element - {"using":"xpath","value":"//span[contains(text(), \"Argentina\")]"}
COMMAND: GET /session/f0da0c3c43298f3c96346e78252ccf41/screenshot - {}
RESULT: {"using":"xpath","value":"//span[contains(text(), \"Argentina\")]"}
COMMAND: POST /session/f0da0c3c43298f3c96346e78252ccf41/element/f.6F1C9CAC0929B66C30BD4634384CD5FC.d.7199CBBDDD35EB144A59B73DAAC5BD31.e.2475/click - {}
RESULT: {}
RESULT: {}
COMMAND: GET /session/f0da0c3c43298f3c96346e78252ccf41/screenshot - {}
RESULT: {}
COMMAND: POST /session/f0da0c3c43298f3c96346e78252ccf41/execute/async - {"script":"<script> [1562 bytes]","args":[{"selector":{"id":"application-managesites-display-component---NewSite--addressEditDetailsCostObjectCstType-arrow"},"wdio_ui5_key":"applicationmanagesites-display-component---NewSite--addressEditDetailsCostObjectCstType-arrow"}]}
RESULT: {"script":"<script> [1562 bytes]","args":[{"selector":{"id":"application-managesites-display-component---NewSite--addressEditDetailsCostObjectCstType-arrow"},"wdio_ui5_key":"applicationmanagesites-display-component---NewSite--addressEditDetailsCostObjectCstType-arrow"}]}
RESULT: undefined
COMMAND: POST /session/f0da0c3c43298f3c96346e78252ccf41/element - {"using":"xpath","value":"//*[@id=\"application-managesites-display-component---NewSite--addressEditDetailsCostObjectCstType-arrow\"]"}
RESULT: {"using":"xpath","value":"//*[@id=\"application-managesites-display-component---NewSite--addressEditDetailsCostObjectCstType-arrow\"]"}
COMMAND: POST /session/f0da0c3c43298f3c96346e78252ccf41/element/f.6F1C9CAC0929B66C30BD4634384CD5FC.d.7199CBBDDD35EB144A59B73DAAC5BD31.e.2476/click - {}
RESULT: {}
COMMAND: POST /session/f0da0c3c43298f3c96346e78252ccf41/element - {"using":"xpath","value":"//span[contains(text(), \"Cost Center\")]"}
COMMAND: GET /session/f0da0c3c43298f3c96346e78252ccf41/screenshot - {}
RESULT: {"using":"xpath","value":"//span[contains(text(), \"Cost Center\")]"}
COMMAND: POST /session/f0da0c3c43298f3c96346e78252ccf41/element/f.6F1C9CAC0929B66C30BD4634384CD5FC.d.7199CBBDDD35EB144A59B73DAAC5BD31.e.2478/click - {}
RESULT: {}
RESULT: {}
COMMAND: GET /session/f0da0c3c43298f3c96346e78252ccf41/screenshot - {}
RESULT: {}
COMMAND: POST /session/f0da0c3c43298f3c96346e78252ccf41/element - {"using":"xpath","value":"//span[@id=\"application-managesites-display-component---NewSite--addressNewCostObjectCstID-vhi\"]"}
RESULT: {"using":"xpath","value":"//span[@id=\"application-managesites-display-component---NewSite--addressNewCostObjectCstID-vhi\"]"}
COMMAND: POST /session/f0da0c3c43298f3c96346e78252ccf41/execute/sync - {"script":"<script> [8489 bytes]","args":[{"element-6066-11e4-a52e-4f735466cecf":"f.6F1C9CAC0929B66C30BD4634384CD5FC.d.7199CBBDDD35EB144A59B73DAAC5BD31.e.2482","ELEMENT":"f.6F1C9CAC0929B66C30BD4634384CD5FC.d.7199CBBDDD35EB144A59B73DAAC5BD31.e.2482"}]}
RESULT: {"script":"<script> [8489 bytes]","args":[{"element-6066-11e4-a52e-4f735466cecf":"f.6F1C9CAC0929B66C30BD4634384CD5FC.d.7199CBBDDD35EB144A59B73DAAC5BD31.e.2482","ELEMENT":"f.6F1C9CAC0929B66C30BD4634384CD5FC.d.7199CBBDDD35EB144A59B73DAAC5BD31.e.2482"}]}
COMMAND: POST /session/f0da0c3c43298f3c96346e78252ccf41/execute/async - {"script":"<script> [1562 bytes]","args":[{"selector":{"id":"application-managesites-display-component---NewSite--addressNewCostObjectCstID-vhi"},"wdio_ui5_key":"applicationmanagesites-display-component---NewSite--addressNewCostObjectCstID-vhi"}]}
COMMAND: GET /session/f0da0c3c43298f3c96346e78252ccf41/screenshot - {}
RESULT: {"script":"<script> [1562 bytes]","args":[{"selector":{"id":"application-managesites-display-component---NewSite--addressNewCostObjectCstID-vhi"},"wdio_ui5_key":"applicationmanagesites-display-component---NewSite--addressNewCostObjectCstID-vhi"}]}
RESULT: undefined
COMMAND: POST /session/f0da0c3c43298f3c96346e78252ccf41/element - {"using":"xpath","value":"//*[@id=\"application-managesites-display-component---NewSite--addressNewCostObjectCstID-vhi\"]"}
RESULT: {}
RESULT: {"using":"xpath","value":"//*[@id=\"application-managesites-display-component---NewSite--addressNewCostObjectCstID-vhi\"]"}
COMMAND: POST /session/f0da0c3c43298f3c96346e78252ccf41/element/f.6F1C9CAC0929B66C30BD4634384CD5FC.d.7199CBBDDD35EB144A59B73DAAC5BD31.e.2482/click - {}
RESULT: {}
COMMAND: GET /session/f0da0c3c43298f3c96346e78252ccf41/screenshot - {}
RESULT: {}
RESULT: undefined
COMMAND: POST /session/f0da0c3c43298f3c96346e78252ccf41/execute/async - {"script":"<script> [776 bytes]","args":[{"enterText":"10001013","selector":{"controlType":"sap.m.SearchField","properties":{"placeholder":"Search"},"searchOpenDialogs":true,"interaction":{"idSuffix":"I"}},"clearTextFirst":true,"interactionType":"ENTER_TEXT"}]}
RESULT: {"script":"<script> [776 bytes]","args":[{"enterText":"10001013","selector":{"controlType":"sap.m.SearchField","properties":{"placeholder":"Search"},"searchOpenDialogs":true,"interaction":{"idSuffix":"I"}},"clearTextFirst":true,"interactionType":"ENTER_TEXT"}]}
COMMAND: POST /session/f0da0c3c43298f3c96346e78252ccf41/actions - {"actions":[{"id":"action6","type":"key","parameters":{},"actions":[{"type":"keyDown","value":"î€‡"},{"type":"pause","duration":10},{"type":"keyUp","value":"î€‡"}]}]}
RESULT: {"actions":[{"id":"action6","type":"key","parameters":{},"actions":[{"type":"keyDown","value":"î€‡"},{"type":"pause","duration":10},{"type":"keyUp","value":"î€‡"}]}]}
COMMAND: GET /session/f0da0c3c43298f3c96346e78252ccf41/screenshot - {}
RESULT: {}
COMMAND: POST /session/f0da0c3c43298f3c96346e78252ccf41/element - {"using":"xpath","value":"//span[contains(text(), \"General Management\")]"}
RESULT: {"using":"xpath","value":"//span[contains(text(), \"General Management\")]"}
COMMAND: POST /session/f0da0c3c43298f3c96346e78252ccf41/element/f.6F1C9CAC0929B66C30BD4634384CD5FC.d.7199CBBDDD35EB144A59B73DAAC5BD31.e.2520/click - {}
RESULT: {}
COMMAND: GET /session/f0da0c3c43298f3c96346e78252ccf41/screenshot - {}
RESULT: {}
COMMAND: POST /session/f0da0c3c43298f3c96346e78252ccf41/element - {"using":"xpath","value":"//bdi[contains(text(), \"OK\")]"}
RESULT: {"using":"xpath","value":"//bdi[contains(text(), \"OK\")]"}
COMMAND: POST /session/f0da0c3c43298f3c96346e78252ccf41/element/f.6F1C9CAC0929B66C30BD4634384CD5FC.d.7199CBBDDD35EB144A59B73DAAC5BD31.e.2521/click - {}
RESULT: {}
COMMAND: GET /session/f0da0c3c43298f3c96346e78252ccf41/screenshot - {}
RESULT: {}
COMMAND: POST /session/f0da0c3c43298f3c96346e78252ccf41/element - {"using":"xpath","value":"//input[@id=\"application-managesites-display-component---NewSite--addressDetailDetailsCalendar-inner\"]"}
RESULT: {"using":"xpath","value":"//input[@id=\"application-managesites-display-component---NewSite--addressDetailDetailsCalendar-inner\"]"}
COMMAND: POST /session/f0da0c3c43298f3c96346e78252ccf41/element/f.6F1C9CAC0929B66C30BD4634384CD5FC.d.7199CBBDDD35EB144A59B73DAAC5BD31.e.2318/clear - {}
RESULT: {}
COMMAND: POST /session/f0da0c3c43298f3c96346e78252ccf41/element/f.6F1C9CAC0929B66C30BD4634384CD5FC.d.7199CBBDDD35EB144A59B73DAAC5BD31.e.2318/value - {"text":"Unit"}
COMMAND: GET /session/f0da0c3c43298f3c96346e78252ccf41/screenshot - {}
RESULT: {}
RESULT: {"text":"Unit"}
COMMAND: GET /session/f0da0c3c43298f3c96346e78252ccf41/screenshot - {}
RESULT: {}
COMMAND: POST /session/f0da0c3c43298f3c96346e78252ccf41/actions - {"actions":[{"id":"action7","type":"key","parameters":{},"actions":[{"type":"keyDown","value":"î€‡"},{"type":"pause","duration":10},{"type":"keyUp","value":"î€‡"}]}]}
RESULT: {"actions":[{"id":"action7","type":"key","parameters":{},"actions":[{"type":"keyDown","value":"î€‡"},{"type":"pause","duration":10},{"type":"keyUp","value":"î€‡"}]}]}
COMMAND: POST /session/f0da0c3c43298f3c96346e78252ccf41/element - {"using":"xpath","value":"//input[@id=\"application-managesites-display-component---NewSite--addressDetailDetailsYard-inner\"]"}
COMMAND: GET /session/f0da0c3c43298f3c96346e78252ccf41/screenshot - {}
RESULT: {"using":"xpath","value":"//input[@id=\"application-managesites-display-component---NewSite--addressDetailDetailsYard-inner\"]"}
COMMAND: POST /session/f0da0c3c43298f3c96346e78252ccf41/element/f.6F1C9CAC0929B66C30BD4634384CD5FC.d.7199CBBDDD35EB144A59B73DAAC5BD31.e.2319/clear - {}
RESULT: {}
RESULT: {}
COMMAND: POST /session/f0da0c3c43298f3c96346e78252ccf41/element/f.6F1C9CAC0929B66C30BD4634384CD5FC.d.7199CBBDDD35EB144A59B73DAAC5BD31.e.2319/value - {"text":"558"}
COMMAND: GET /session/f0da0c3c43298f3c96346e78252ccf41/screenshot - {}
RESULT: {"text":"558"}
COMMAND: GET /session/f0da0c3c43298f3c96346e78252ccf41/screenshot - {}
RESULT: {}
RESULT: {}
COMMAND: POST /session/f0da0c3c43298f3c96346e78252ccf41/element - {"using":"xpath","value":"//li[.//span[text()='558']]"}
RESULT: {"using":"xpath","value":"//li[.//span[text()='558']]"}
COMMAND: POST /session/f0da0c3c43298f3c96346e78252ccf41/element/f.6F1C9CAC0929B66C30BD4634384CD5FC.d.7199CBBDDD35EB144A59B73DAAC5BD31.e.2529/click - {}
RESULT: {}
COMMAND: GET /session/f0da0c3c43298f3c96346e78252ccf41/screenshot - {}
RESULT: {}
COMMAND: POST /session/f0da0c3c43298f3c96346e78252ccf41/element - {"using":"xpath","value":"//input[@id=\"application-managesites-display-component---NewSite--addressDetailDetailsPartner-inner\"]"}
RESULT: {"using":"xpath","value":"//input[@id=\"application-managesites-display-component---NewSite--addressDetailDetailsPartner-inner\"]"}
COMMAND: POST /session/f0da0c3c43298f3c96346e78252ccf41/element - {"using":"xpath","value":"//input[@id=\"application-managesites-display-component---NewSite--addressDetailDetailsPartner-inner\"]"}
RESULT: {"using":"xpath","value":"//input[@id=\"application-managesites-display-component---NewSite--addressDetailDetailsPartner-inner\"]"}
COMMAND: POST /session/f0da0c3c43298f3c96346e78252ccf41/element - {"using":"xpath","value":"//button[@data-kt=\"saveButton\"]"}
RESULT: {"using":"xpath","value":"//button[@data-kt=\"saveButton\"]"}
COMMAND: POST /session/f0da0c3c43298f3c96346e78252ccf41/element/f.6F1C9CAC0929B66C30BD4634384CD5FC.d.7199CBBDDD35EB144A59B73DAAC5BD31.e.2463/click - {}
RESULT: {}
COMMAND: GET /session/f0da0c3c43298f3c96346e78252ccf41/screenshot - {}
RESULT: {}
COMMAND: POST /session/f0da0c3c43298f3c96346e78252ccf41/element - {"using":"xpath","value":"//header[contains(@id, 'ObjectPageLayout-headerTitle')]/div[1]/div[2]/div[2]/span[1]"}
RESULT: {"using":"xpath","value":"//header[contains(@id, 'ObjectPageLayout-headerTitle')]/div[1]/div[2]/div[2]/span[1]"}
COMMAND: POST /session/f0da0c3c43298f3c96346e78252ccf41/elements - {"using":"xpath","value":"//header[contains(@id, 'ObjectPageLayout-headerTitle')]/div[1]/div[2]/div[2]/span[1]"}
RESULT: {"using":"xpath","value":"//header[contains(@id, 'ObjectPageLayout-headerTitle')]/div[1]/div[2]/div[2]/span[1]"}
COMMAND: POST /session/f0da0c3c43298f3c96346e78252ccf41/execute/sync - {"script":"<script> [56 bytes]","args":[{"element-6066-11e4-a52e-4f735466cecf":"f.6F1C9CAC0929B66C30BD4634384CD5FC.d.7199CBBDDD35EB144A59B73DAAC5BD31.e.2725","ELEMENT":"f.6F1C9CAC0929B66C30BD4634384CD5FC.d.7199CBBDDD35EB144A59B73DAAC5BD31.e.2725"}]}
RESULT: {"script":"<script> [56 bytes]","args":[{"element-6066-11e4-a52e-4f735466cecf":"f.6F1C9CAC0929B66C30BD4634384CD5FC.d.7199CBBDDD35EB144A59B73DAAC5BD31.e.2725","ELEMENT":"f.6F1C9CAC0929B66C30BD4634384CD5FC.d.7199CBBDDD35EB144A59B73DAAC5BD31.e.2725"}]}
COMMAND: POST /session/f0da0c3c43298f3c96346e78252ccf41/element - {"using":"css selector","value":"#shell-header-logo"}
COMMAND: GET /session/f0da0c3c43298f3c96346e78252ccf41/screenshot - {}
RESULT: {"using":"css selector","value":"#shell-header-logo"}
COMMAND: POST /session/f0da0c3c43298f3c96346e78252ccf41/element/f.6F1C9CAC0929B66C30BD4634384CD5FC.d.7199CBBDDD35EB144A59B73DAAC5BD31.e.1796/click - {}
RESULT: {}
RESULT: {}
COMMAND: GET /session/f0da0c3c43298f3c96346e78252ccf41/screenshot - {}
RESULT: {}
COMMAND: POST /session/f0da0c3c43298f3c96346e78252ccf41/execute/sync - {"script":"<script> [299 bytes]","args":[["getModel","getResource"]]}
RESULT: {"script":"<script> [299 bytes]","args":[["getModel","getResource"]]}
]]></system-out>
    </testcase>
    <testcase classname="chrome.135_0_7049_96.windows.Tests_for_Mass_State_Change_on_Manage_States_&amp;_Performances_US104416_US" name="Prereq Should create a new equipment multipart" time="129.728">
      <system-out><![CDATA[
COMMAND: GET /session/f0da0c3c43298f3c96346e78252ccf41/screenshot - {}
COMMAND: POST /session/f0da0c3c43298f3c96346e78252ccf41/execute/async - {"script":"<script> [1562 bytes]","args":[{"selector":{"controlType":"sap.m.GenericTile","properties":{"header":"Manage Resources"}},"wdio_ui5_key":"sapm.GenericTile{\"header\":\"Manage Resources\"}"}]}
RESULT: {}
RESULT: {"script":"<script> [1562 bytes]","args":[{"selector":{"controlType":"sap.m.GenericTile","properties":{"header":"Manage Resources"}},"wdio_ui5_key":"sapm.GenericTile{\"header\":\"Manage Resources\"}"}]}
RESULT: undefined
COMMAND: POST /session/f0da0c3c43298f3c96346e78252ccf41/element - {"using":"xpath","value":"//*[@id=\"__tile39\"]"}
RESULT: {"using":"xpath","value":"//*[@id=\"__tile39\"]"}
COMMAND: POST /session/f0da0c3c43298f3c96346e78252ccf41/element/f.6F1C9CAC0929B66C30BD4634384CD5FC.d.7199CBBDDD35EB144A59B73DAAC5BD31.e.160/click - {}
RESULT: {}
COMMAND: POST /session/f0da0c3c43298f3c96346e78252ccf41/element - {"using":"xpath","value":"//button[@data-kt=\"addNewRUOverflowToolbarButton\"]"}
COMMAND: GET /session/f0da0c3c43298f3c96346e78252ccf41/screenshot - {}
RESULT: {"using":"xpath","value":"//button[@data-kt=\"addNewRUOverflowToolbarButton\"]"}
COMMAND: POST /session/f0da0c3c43298f3c96346e78252ccf41/elements - {"using":"xpath","value":"//button[@data-kt=\"addNewRUOverflowToolbarButton\"]"}
RESULT: {}
RESULT: {"using":"xpath","value":"//button[@data-kt=\"addNewRUOverflowToolbarButton\"]"}
COMMAND: POST /session/f0da0c3c43298f3c96346e78252ccf41/elements - {"using":"xpath","value":"//button[@data-kt=\"addNewRUOverflowToolbarButton\"]"}
RESULT: {"using":"xpath","value":"//button[@data-kt=\"addNewRUOverflowToolbarButton\"]"}
COMMAND: POST /session/f0da0c3c43298f3c96346e78252ccf41/elements - {"using":"xpath","value":"//button[@data-kt=\"addNewRUOverflowToolbarButton\"]"}
RESULT: {"using":"xpath","value":"//button[@data-kt=\"addNewRUOverflowToolbarButton\"]"}
COMMAND: POST /session/f0da0c3c43298f3c96346e78252ccf41/elements - {"using":"xpath","value":"//button[@data-kt=\"addNewRUOverflowToolbarButton\"]"}
RESULT: {"using":"xpath","value":"//button[@data-kt=\"addNewRUOverflowToolbarButton\"]"}
COMMAND: POST /session/f0da0c3c43298f3c96346e78252ccf41/elements - {"using":"xpath","value":"//button[@data-kt=\"addNewRUOverflowToolbarButton\"]"}
RESULT: {"using":"xpath","value":"//button[@data-kt=\"addNewRUOverflowToolbarButton\"]"}
COMMAND: POST /session/f0da0c3c43298f3c96346e78252ccf41/elements - {"using":"xpath","value":"//button[@data-kt=\"addNewRUOverflowToolbarButton\"]"}
RESULT: {"using":"xpath","value":"//button[@data-kt=\"addNewRUOverflowToolbarButton\"]"}
COMMAND: POST /session/f0da0c3c43298f3c96346e78252ccf41/elements - {"using":"xpath","value":"//button[@data-kt=\"addNewRUOverflowToolbarButton\"]"}
RESULT: {"using":"xpath","value":"//button[@data-kt=\"addNewRUOverflowToolbarButton\"]"}
COMMAND: POST /session/f0da0c3c43298f3c96346e78252ccf41/elements - {"using":"xpath","value":"//button[@data-kt=\"addNewRUOverflowToolbarButton\"]"}
RESULT: {"using":"xpath","value":"//button[@data-kt=\"addNewRUOverflowToolbarButton\"]"}
COMMAND: POST /session/f0da0c3c43298f3c96346e78252ccf41/elements - {"using":"xpath","value":"//button[@data-kt=\"addNewRUOverflowToolbarButton\"]"}
RESULT: {"using":"xpath","value":"//button[@data-kt=\"addNewRUOverflowToolbarButton\"]"}
COMMAND: POST /session/f0da0c3c43298f3c96346e78252ccf41/element - {"using":"xpath","value":"//button[@data-kt=\"addNewRUOverflowToolbarButton\"]"}
RESULT: {"using":"xpath","value":"//button[@data-kt=\"addNewRUOverflowToolbarButton\"]"}
COMMAND: POST /session/f0da0c3c43298f3c96346e78252ccf41/execute/sync - {"script":"<script> [8489 bytes]","args":[{"element-6066-11e4-a52e-4f735466cecf":"f.6F1C9CAC0929B66C30BD4634384CD5FC.d.7199CBBDDD35EB144A59B73DAAC5BD31.e.2772","ELEMENT":"f.6F1C9CAC0929B66C30BD4634384CD5FC.d.7199CBBDDD35EB144A59B73DAAC5BD31.e.2772"}]}
RESULT: {"script":"<script> [8489 bytes]","args":[{"element-6066-11e4-a52e-4f735466cecf":"f.6F1C9CAC0929B66C30BD4634384CD5FC.d.7199CBBDDD35EB144A59B73DAAC5BD31.e.2772","ELEMENT":"f.6F1C9CAC0929B66C30BD4634384CD5FC.d.7199CBBDDD35EB144A59B73DAAC5BD31.e.2772"}]}
COMMAND: GET /session/f0da0c3c43298f3c96346e78252ccf41/element/f.6F1C9CAC0929B66C30BD4634384CD5FC.d.7199CBBDDD35EB144A59B73DAAC5BD31.e.2772/enabled - {}
COMMAND: GET /session/f0da0c3c43298f3c96346e78252ccf41/screenshot - {}
RESULT: {}
COMMAND: POST /session/f0da0c3c43298f3c96346e78252ccf41/execute/sync - {"script":"<script> [8489 bytes]","args":[{"element-6066-11e4-a52e-4f735466cecf":"f.6F1C9CAC0929B66C30BD4634384CD5FC.d.7199CBBDDD35EB144A59B73DAAC5BD31.e.2772","ELEMENT":"f.6F1C9CAC0929B66C30BD4634384CD5FC.d.7199CBBDDD35EB144A59B73DAAC5BD31.e.2772"}]}
COMMAND: GET /session/f0da0c3c43298f3c96346e78252ccf41/screenshot - {}
RESULT: {}
RESULT: {"script":"<script> [8489 bytes]","args":[{"element-6066-11e4-a52e-4f735466cecf":"f.6F1C9CAC0929B66C30BD4634384CD5FC.d.7199CBBDDD35EB144A59B73DAAC5BD31.e.2772","ELEMENT":"f.6F1C9CAC0929B66C30BD4634384CD5FC.d.7199CBBDDD35EB144A59B73DAAC5BD31.e.2772"}]}
COMMAND: POST /session/f0da0c3c43298f3c96346e78252ccf41/execute/sync - {"script":"<script> [5351 bytes]","args":[{"element-6066-11e4-a52e-4f735466cecf":"f.6F1C9CAC0929B66C30BD4634384CD5FC.d.7199CBBDDD35EB144A59B73DAAC5BD31.e.2772","ELEMENT":"f.6F1C9CAC0929B66C30BD4634384CD5FC.d.7199CBBDDD35EB144A59B73DAAC5BD31.e.2772"}]}
COMMAND: GET /session/f0da0c3c43298f3c96346e78252ccf41/screenshot - {}
RESULT: {}
RESULT: {"script":"<script> [5351 bytes]","args":[{"element-6066-11e4-a52e-4f735466cecf":"f.6F1C9CAC0929B66C30BD4634384CD5FC.d.7199CBBDDD35EB144A59B73DAAC5BD31.e.2772","ELEMENT":"f.6F1C9CAC0929B66C30BD4634384CD5FC.d.7199CBBDDD35EB144A59B73DAAC5BD31.e.2772"}]}
COMMAND: POST /session/f0da0c3c43298f3c96346e78252ccf41/element/f.6F1C9CAC0929B66C30BD4634384CD5FC.d.7199CBBDDD35EB144A59B73DAAC5BD31.e.2772/click - {}
COMMAND: GET /session/f0da0c3c43298f3c96346e78252ccf41/screenshot - {}
RESULT: {}
RESULT: {}
COMMAND: GET /session/f0da0c3c43298f3c96346e78252ccf41/screenshot - {}
COMMAND: POST /session/f0da0c3c43298f3c96346e78252ccf41/execute/async - {"script":"<script> [1562 bytes]","args":[{"selector":{"id":"application-manageresources-display-component---newResourceUnit--TYPE-arrow"},"wdio_ui5_key":"applicationmanageresources-display-component---newResourceUnit--TYPE-arrow"}]}
RESULT: {}
RESULT: {}
RESULT: {"script":"<script> [1562 bytes]","args":[{"selector":{"id":"application-manageresources-display-component---newResourceUnit--TYPE-arrow"},"wdio_ui5_key":"applicationmanageresources-display-component---newResourceUnit--TYPE-arrow"}]}
RESULT: undefined
COMMAND: POST /session/f0da0c3c43298f3c96346e78252ccf41/element - {"using":"xpath","value":"//*[@id=\"application-manageresources-display-component---newResourceUnit--TYPE-arrow\"]"}
RESULT: {"using":"xpath","value":"//*[@id=\"application-manageresources-display-component---newResourceUnit--TYPE-arrow\"]"}
COMMAND: POST /session/f0da0c3c43298f3c96346e78252ccf41/element/f.6F1C9CAC0929B66C30BD4634384CD5FC.d.7199CBBDDD35EB144A59B73DAAC5BD31.e.3127/click - {}
RESULT: {}
COMMAND: POST /session/f0da0c3c43298f3c96346e78252ccf41/element - {"using":"xpath","value":"//input[@id=\"application-manageresources-display-component---newResourceUnit--TYPE-inner\"]"}
COMMAND: GET /session/f0da0c3c43298f3c96346e78252ccf41/screenshot - {}
RESULT: {"using":"xpath","value":"//input[@id=\"application-manageresources-display-component---newResourceUnit--TYPE-inner\"]"}
COMMAND: POST /session/f0da0c3c43298f3c96346e78252ccf41/element/f.6F1C9CAC0929B66C30BD4634384CD5FC.d.7199CBBDDD35EB144A59B73DAAC5BD31.e.3123/clear - {}
RESULT: {}
RESULT: {}
COMMAND: POST /session/f0da0c3c43298f3c96346e78252ccf41/element/f.6F1C9CAC0929B66C30BD4634384CD5FC.d.7199CBBDDD35EB144A59B73DAAC5BD31.e.3123/value - {"text":"Equi Multipart"}
COMMAND: GET /session/f0da0c3c43298f3c96346e78252ccf41/screenshot - {}
RESULT: {"text":"Equi Multipart"}
COMMAND: GET /session/f0da0c3c43298f3c96346e78252ccf41/screenshot - {}
RESULT: {}
RESULT: {}
COMMAND: POST /session/f0da0c3c43298f3c96346e78252ccf41/actions - {"actions":[{"id":"action8","type":"key","parameters":{},"actions":[{"type":"keyDown","value":"î€‡"},{"type":"pause","duration":10},{"type":"keyUp","value":"î€‡"}]}]}
RESULT: {"actions":[{"id":"action8","type":"key","parameters":{},"actions":[{"type":"keyDown","value":"î€‡"},{"type":"pause","duration":10},{"type":"keyUp","value":"î€‡"}]}]}
COMMAND: POST /session/f0da0c3c43298f3c96346e78252ccf41/execute/async - {"script":"<script> [1562 bytes]","args":[{"selector":{"id":"application-manageresources-display-component---newResourceUnit--SHORT_TEXT","interaction":{"idSuffix":"inner"}},"wdio_ui5_key":"applicationmanageresources-display-component---newResourceUnit--SHORT_TEXT"}]}
COMMAND: GET /session/f0da0c3c43298f3c96346e78252ccf41/screenshot - {}
RESULT: {"script":"<script> [1562 bytes]","args":[{"selector":{"id":"application-manageresources-display-component---newResourceUnit--SHORT_TEXT","interaction":{"idSuffix":"inner"}},"wdio_ui5_key":"applicationmanageresources-display-component---newResourceUnit--SHORT_TEXT"}]}
RESULT: undefined
COMMAND: POST /session/f0da0c3c43298f3c96346e78252ccf41/execute/async - {"script":"<script> [776 bytes]","args":[{"enterText":"Equipment Multipart WDIO","selector":{"id":"application-manageresources-display-component---newResourceUnit--SHORT_TEXT","interaction":{"idSuffix":"inner"}},"clearTextFirst":true,"interactionType":"ENTER_TEXT"}]}
RESULT: {}
RESULT: {"script":"<script> [776 bytes]","args":[{"enterText":"Equipment Multipart WDIO","selector":{"id":"application-manageresources-display-component---newResourceUnit--SHORT_TEXT","interaction":{"idSuffix":"inner"}},"clearTextFirst":true,"interactionType":"ENTER_TEXT"}]}
COMMAND: POST /session/f0da0c3c43298f3c96346e78252ccf41/execute/async - {"script":"<script> [1562 bytes]","args":[{"selector":{"id":"application-manageresources-display-component---newResourceUnit--BASE_UNIT_OF_MEASURE","interaction":{"idSuffix":"inner"}},"wdio_ui5_key":"applicationmanageresources-display-component---newResourceUnit--BASE_UNIT_OF_MEASURE"}]}
RESULT: {"script":"<script> [1562 bytes]","args":[{"selector":{"id":"application-manageresources-display-component---newResourceUnit--BASE_UNIT_OF_MEASURE","interaction":{"idSuffix":"inner"}},"wdio_ui5_key":"applicationmanageresources-display-component---newResourceUnit--BASE_UNIT_OF_MEASURE"}]}
RESULT: undefined
COMMAND: POST /session/f0da0c3c43298f3c96346e78252ccf41/execute/async - {"script":"<script> [776 bytes]","args":[{"enterText":"Piece","selector":{"id":"application-manageresources-display-component---newResourceUnit--BASE_UNIT_OF_MEASURE","interaction":{"idSuffix":"inner"}},"clearTextFirst":true,"interactionType":"ENTER_TEXT"}]}
RESULT: {"script":"<script> [776 bytes]","args":[{"enterText":"Piece","selector":{"id":"application-manageresources-display-component---newResourceUnit--BASE_UNIT_OF_MEASURE","interaction":{"idSuffix":"inner"}},"clearTextFirst":true,"interactionType":"ENTER_TEXT"}]}
COMMAND: POST /session/f0da0c3c43298f3c96346e78252ccf41/execute/async - {"script":"<script> [1562 bytes]","args":[{"selector":{"id":"application-manageresources-display-component---newResourceUnit--WEIGHT_UNIT","interaction":{"idSuffix":"inner"}},"wdio_ui5_key":"applicationmanageresources-display-component---newResourceUnit--WEIGHT_UNIT"}]}
RESULT: {"script":"<script> [1562 bytes]","args":[{"selector":{"id":"application-manageresources-display-component---newResourceUnit--WEIGHT_UNIT","interaction":{"idSuffix":"inner"}},"wdio_ui5_key":"applicationmanageresources-display-component---newResourceUnit--WEIGHT_UNIT"}]}
RESULT: undefined
COMMAND: POST /session/f0da0c3c43298f3c96346e78252ccf41/execute/async - {"script":"<script> [776 bytes]","args":[{"enterText":"Gram","selector":{"id":"application-manageresources-display-component---newResourceUnit--WEIGHT_UNIT","interaction":{"idSuffix":"inner"}},"clearTextFirst":true,"interactionType":"ENTER_TEXT"}]}
RESULT: {"script":"<script> [776 bytes]","args":[{"enterText":"Gram","selector":{"id":"application-manageresources-display-component---newResourceUnit--WEIGHT_UNIT","interaction":{"idSuffix":"inner"}},"clearTextFirst":true,"interactionType":"ENTER_TEXT"}]}
COMMAND: POST /session/f0da0c3c43298f3c96346e78252ccf41/execute/async - {"script":"<script> [1562 bytes]","args":[{"selector":{"id":"application-manageresources-display-component---newResourceUnit--DIMENSION_UNIT","interaction":{"idSuffix":"inner"}},"wdio_ui5_key":"applicationmanageresources-display-component---newResourceUnit--DIMENSION_UNIT"}]}
RESULT: {"script":"<script> [1562 bytes]","args":[{"selector":{"id":"application-manageresources-display-component---newResourceUnit--DIMENSION_UNIT","interaction":{"idSuffix":"inner"}},"wdio_ui5_key":"applicationmanageresources-display-component---newResourceUnit--DIMENSION_UNIT"}]}
RESULT: undefined
COMMAND: POST /session/f0da0c3c43298f3c96346e78252ccf41/execute/async - {"script":"<script> [776 bytes]","args":[{"enterText":"Meter","selector":{"id":"application-manageresources-display-component---newResourceUnit--DIMENSION_UNIT","interaction":{"idSuffix":"inner"}},"clearTextFirst":true,"interactionType":"ENTER_TEXT"}]}
RESULT: {"script":"<script> [776 bytes]","args":[{"enterText":"Meter","selector":{"id":"application-manageresources-display-component---newResourceUnit--DIMENSION_UNIT","interaction":{"idSuffix":"inner"}},"clearTextFirst":true,"interactionType":"ENTER_TEXT"}]}
COMMAND: POST /session/f0da0c3c43298f3c96346e78252ccf41/execute/async - {"script":"<script> [1562 bytes]","args":[{"selector":{"id":"application-manageresources-display-component---newResourceUnit--newRRUPage-anchBar-application-manageresources-display-component---newResourceUnit--control-anchor","interaction":{"idSuffix":"BDI-content"}},"wdio_ui5_key":"applicationmanageresources-display-component---newResourceUnit--newRRUPage-anchBar-application-manageresources-display-component---newResourceUnit--control-anchor"}]}
RESULT: {"script":"<script> [1562 bytes]","args":[{"selector":{"id":"application-manageresources-display-component---newResourceUnit--newRRUPage-anchBar-application-manageresources-display-component---newResourceUnit--control-anchor","interaction":{"idSuffix":"BDI-content"}},"wdio_ui5_key":"applicationmanageresources-display-component---newResourceUnit--newRRUPage-anchBar-application-manageresources-display-component---newResourceUnit--control-anchor"}]}
RESULT: undefined
COMMAND: POST /session/f0da0c3c43298f3c96346e78252ccf41/element - {"using":"xpath","value":"//*[@id=\"application-manageresources-display-component---newResourceUnit--newRRUPage-anchBar-application-manageresources-display-component---newResourceUnit--control-anchor\"]"}
RESULT: {"using":"xpath","value":"//*[@id=\"application-manageresources-display-component---newResourceUnit--newRRUPage-anchBar-application-manageresources-display-component---newResourceUnit--control-anchor\"]"}
COMMAND: POST /session/f0da0c3c43298f3c96346e78252ccf41/element/f.6F1C9CAC0929B66C30BD4634384CD5FC.d.7199CBBDDD35EB144A59B73DAAC5BD31.e.3196/click - {}
RESULT: {}
COMMAND: POST /session/f0da0c3c43298f3c96346e78252ccf41/execute/async - {"script":"<script> [1562 bytes]","args":[{"selector":{"id":"application-manageresources-display-component---newResourceUnit--PLANNING_GROUP","interaction":{"idSuffix":"inner"}},"wdio_ui5_key":"applicationmanageresources-display-component---newResourceUnit--PLANNING_GROUP"}]}
COMMAND: GET /session/f0da0c3c43298f3c96346e78252ccf41/screenshot - {}
RESULT: {"script":"<script> [1562 bytes]","args":[{"selector":{"id":"application-manageresources-display-component---newResourceUnit--PLANNING_GROUP","interaction":{"idSuffix":"inner"}},"wdio_ui5_key":"applicationmanageresources-display-component---newResourceUnit--PLANNING_GROUP"}]}
RESULT: undefined
COMMAND: POST /session/f0da0c3c43298f3c96346e78252ccf41/execute/async - {"script":"<script> [776 bytes]","args":[{"enterText":"Heavy Equi","selector":{"id":"application-manageresources-display-component---newResourceUnit--PLANNING_GROUP","interaction":{"idSuffix":"inner"}},"clearTextFirst":true,"interactionType":"ENTER_TEXT"}]}
RESULT: {}
RESULT: {"script":"<script> [776 bytes]","args":[{"enterText":"Heavy Equi","selector":{"id":"application-manageresources-display-component---newResourceUnit--PLANNING_GROUP","interaction":{"idSuffix":"inner"}},"clearTextFirst":true,"interactionType":"ENTER_TEXT"}]}
COMMAND: POST /session/f0da0c3c43298f3c96346e78252ccf41/execute/async - {"script":"<script> [1562 bytes]","args":[{"selector":{"id":"application-manageresources-display-component---newResourceUnit--PLANNING_INDICATOR","interaction":{"idSuffix":"inner"}},"wdio_ui5_key":"applicationmanageresources-display-component---newResourceUnit--PLANNING_INDICATOR"}]}
RESULT: {"script":"<script> [1562 bytes]","args":[{"selector":{"id":"application-manageresources-display-component---newResourceUnit--PLANNING_INDICATOR","interaction":{"idSuffix":"inner"}},"wdio_ui5_key":"applicationmanageresources-display-component---newResourceUnit--PLANNING_INDICATOR"}]}
RESULT: undefined
COMMAND: POST /session/f0da0c3c43298f3c96346e78252ccf41/execute/async - {"script":"<script> [776 bytes]","args":[{"enterText":"10 - infinite","selector":{"id":"application-manageresources-display-component---newResourceUnit--PLANNING_INDICATOR","interaction":{"idSuffix":"inner"}},"clearTextFirst":true,"interactionType":"ENTER_TEXT"}]}
RESULT: {"script":"<script> [776 bytes]","args":[{"enterText":"10 - infinite","selector":{"id":"application-manageresources-display-component---newResourceUnit--PLANNING_INDICATOR","interaction":{"idSuffix":"inner"}},"clearTextFirst":true,"interactionType":"ENTER_TEXT"}]}
COMMAND: POST /session/f0da0c3c43298f3c96346e78252ccf41/execute/async - {"script":"<script> [1562 bytes]","args":[{"selector":{"id":"application-manageresources-display-component---newResourceUnit--ITEM_TYPE-arrow"},"wdio_ui5_key":"applicationmanageresources-display-component---newResourceUnit--ITEM_TYPE-arrow"}]}
RESULT: {"script":"<script> [1562 bytes]","args":[{"selector":{"id":"application-manageresources-display-component---newResourceUnit--ITEM_TYPE-arrow"},"wdio_ui5_key":"applicationmanageresources-display-component---newResourceUnit--ITEM_TYPE-arrow"}]}
RESULT: undefined
COMMAND: POST /session/f0da0c3c43298f3c96346e78252ccf41/element - {"using":"xpath","value":"//*[@id=\"application-manageresources-display-component---newResourceUnit--ITEM_TYPE-arrow\"]"}
RESULT: {"using":"xpath","value":"//*[@id=\"application-manageresources-display-component---newResourceUnit--ITEM_TYPE-arrow\"]"}
COMMAND: POST /session/f0da0c3c43298f3c96346e78252ccf41/element/f.6F1C9CAC0929B66C30BD4634384CD5FC.d.7199CBBDDD35EB144A59B73DAAC5BD31.e.3204/click - {}
RESULT: {}
COMMAND: GET /session/f0da0c3c43298f3c96346e78252ccf41/screenshot - {}
RESULT: {}
COMMAND: POST /session/f0da0c3c43298f3c96346e78252ccf41/execute/async - {"script":"<script> [1562 bytes]","args":[{"selector":{"controlType":"sap.m.StandardListItem","viewName":"reusables.view.manageresources.NewResourceUnit","viewId":"application-manageresources-display-component---newResourceUnit","properties":{"title":"Pool Equipment"},"searchOpenDialogs":true,"interaction":{"idSuffix":"content"}},"wdio_ui5_key":"reusablesview.manageresources.NewResourceUnitsap.m.StandardListItem{\"title\":\"Pool Equipment\"}"}]}
RESULT: {"script":"<script> [1562 bytes]","args":[{"selector":{"controlType":"sap.m.StandardListItem","viewName":"reusables.view.manageresources.NewResourceUnit","viewId":"application-manageresources-display-component---newResourceUnit","properties":{"title":"Pool Equipment"},"searchOpenDialogs":true,"interaction":{"idSuffix":"content"}},"wdio_ui5_key":"reusablesview.manageresources.NewResourceUnitsap.m.StandardListItem{\"title\":\"Pool Equipment\"}"}]}
RESULT: undefined
COMMAND: POST /session/f0da0c3c43298f3c96346e78252ccf41/element - {"using":"xpath","value":"//*[@id=\"__item1780\"]"}
RESULT: {"using":"xpath","value":"//*[@id=\"__item1780\"]"}
COMMAND: POST /session/f0da0c3c43298f3c96346e78252ccf41/element/f.6F1C9CAC0929B66C30BD4634384CD5FC.d.7199CBBDDD35EB144A59B73DAAC5BD31.e.3206/click - {}
RESULT: {}
COMMAND: GET /session/f0da0c3c43298f3c96346e78252ccf41/screenshot - {}
RESULT: {}
COMMAND: POST /session/f0da0c3c43298f3c96346e78252ccf41/element - {"using":"css selector","value":"#application-manageresources-display-component---newResourceUnit--btnAddTimeSegment"}
RESULT: {"using":"css selector","value":"#application-manageresources-display-component---newResourceUnit--btnAddTimeSegment"}
COMMAND: GET /session/f0da0c3c43298f3c96346e78252ccf41/element/f.6F1C9CAC0929B66C30BD4634384CD5FC.d.7199CBBDDD35EB144A59B73DAAC5BD31.e.3207/rect - {}
RESULT: {}
COMMAND: GET /session/f0da0c3c43298f3c96346e78252ccf41/window/rect - {}
RESULT: {}
COMMAND: POST /session/f0da0c3c43298f3c96346e78252ccf41/execute/sync - {"script":"<script> [92 bytes]","args":[]}
RESULT: {"script":"<script> [92 bytes]","args":[]}
COMMAND: POST /session/f0da0c3c43298f3c96346e78252ccf41/actions - {"actions":[{"id":"action9","type":"wheel","parameters":{},"actions":[{"type":"scroll","x":-1888,"y":-32,"deltaX":0,"deltaY":0,"duration":0,"origin":{"element-6066-11e4-a52e-4f735466cecf":"f.6F1C9CAC0929B66C30BD4634384CD5FC.d.7199CBBDDD35EB144A59B73DAAC5BD31.e.3207"}}]}]}
COMMAND: GET /session/f0da0c3c43298f3c96346e78252ccf41/screenshot - {}
RESULT: {}
COMMAND: POST /session/f0da0c3c43298f3c96346e78252ccf41/execute/sync - {"script":"<script> [79 bytes]","args":[{"element-6066-11e4-a52e-4f735466cecf":"f.6F1C9CAC0929B66C30BD4634384CD5FC.d.7199CBBDDD35EB144A59B73DAAC5BD31.e.3207","ELEMENT":"f.6F1C9CAC0929B66C30BD4634384CD5FC.d.7199CBBDDD35EB144A59B73DAAC5BD31.e.3207"},{"block":"start","inline":"nearest"}]}
RESULT: {"script":"<script> [79 bytes]","args":[{"element-6066-11e4-a52e-4f735466cecf":"f.6F1C9CAC0929B66C30BD4634384CD5FC.d.7199CBBDDD35EB144A59B73DAAC5BD31.e.3207","ELEMENT":"f.6F1C9CAC0929B66C30BD4634384CD5FC.d.7199CBBDDD35EB144A59B73DAAC5BD31.e.3207"},{"block":"start","inline":"nearest"}]}
COMMAND: POST /session/f0da0c3c43298f3c96346e78252ccf41/execute/async - {"script":"<script> [1562 bytes]","args":[{"selector":{"id":"application-manageresources-display-component---newResourceUnit--btnAddTimeSegment","interaction":{"idSuffix":"inner"}},"wdio_ui5_key":"applicationmanageresources-display-component---newResourceUnit--btnAddTimeSegment"}]}
COMMAND: GET /session/f0da0c3c43298f3c96346e78252ccf41/screenshot - {}
RESULT: {"script":"<script> [1562 bytes]","args":[{"selector":{"id":"application-manageresources-display-component---newResourceUnit--btnAddTimeSegment","interaction":{"idSuffix":"inner"}},"wdio_ui5_key":"applicationmanageresources-display-component---newResourceUnit--btnAddTimeSegment"}]}
RESULT: undefined
COMMAND: POST /session/f0da0c3c43298f3c96346e78252ccf41/element - {"using":"xpath","value":"//*[@id=\"application-manageresources-display-component---newResourceUnit--btnAddTimeSegment\"]"}
RESULT: {}
RESULT: {"using":"xpath","value":"//*[@id=\"application-manageresources-display-component---newResourceUnit--btnAddTimeSegment\"]"}
COMMAND: POST /session/f0da0c3c43298f3c96346e78252ccf41/element/f.6F1C9CAC0929B66C30BD4634384CD5FC.d.7199CBBDDD35EB144A59B73DAAC5BD31.e.3207/click - {}
RESULT: {}
COMMAND: GET /session/f0da0c3c43298f3c96346e78252ccf41/screenshot - {}
RESULT: {}
COMMAND: POST /session/f0da0c3c43298f3c96346e78252ccf41/element - {"using":"xpath","value":"//input[@id=\"application-manageresources-display-component---newResourceUnit--idRuTSAdmin-application-manageresources-display-component---newResourceUnit--RUTimeSegment-0-inner\"]"}
RESULT: {"using":"xpath","value":"//input[@id=\"application-manageresources-display-component---newResourceUnit--idRuTSAdmin-application-manageresources-display-component---newResourceUnit--RUTimeSegment-0-inner\"]"}
COMMAND: POST /session/f0da0c3c43298f3c96346e78252ccf41/element/f.6F1C9CAC0929B66C30BD4634384CD5FC.d.7199CBBDDD35EB144A59B73DAAC5BD31.e.3213/clear - {}
RESULT: {}
COMMAND: POST /session/f0da0c3c43298f3c96346e78252ccf41/element/f.6F1C9CAC0929B66C30BD4634384CD5FC.d.7199CBBDDD35EB144A59B73DAAC5BD31.e.3213/value - {"text":"558"}
COMMAND: GET /session/f0da0c3c43298f3c96346e78252ccf41/screenshot - {}
RESULT: {"text":"558"}
COMMAND: GET /session/f0da0c3c43298f3c96346e78252ccf41/screenshot - {}
RESULT: {}
RESULT: {}
COMMAND: POST /session/f0da0c3c43298f3c96346e78252ccf41/element - {"using":"xpath","value":"//li[.//span[text()='558']]"}
RESULT: {"using":"xpath","value":"//li[.//span[text()='558']]"}
COMMAND: POST /session/f0da0c3c43298f3c96346e78252ccf41/element/f.6F1C9CAC0929B66C30BD4634384CD5FC.d.7199CBBDDD35EB144A59B73DAAC5BD31.e.3226/click - {}
RESULT: {}
COMMAND: GET /session/f0da0c3c43298f3c96346e78252ccf41/screenshot - {}
RESULT: {}
COMMAND: POST /session/f0da0c3c43298f3c96346e78252ccf41/element - {"using":"xpath","value":"(//span[contains(@id, \"-application-manageresources-display-component---newResourceUnit--RUTimeSegment-0-arrow\")])[5]"}
RESULT: {"using":"xpath","value":"(//span[contains(@id, \"-application-manageresources-display-component---newResourceUnit--RUTimeSegment-0-arrow\")])[5]"}
COMMAND: POST /session/f0da0c3c43298f3c96346e78252ccf41/element/f.6F1C9CAC0929B66C30BD4634384CD5FC.d.7199CBBDDD35EB144A59B73DAAC5BD31.e.3227/click - {}
RESULT: {}
COMMAND: GET /session/f0da0c3c43298f3c96346e78252ccf41/screenshot - {}
RESULT: {}
COMMAND: POST /session/f0da0c3c43298f3c96346e78252ccf41/element - {"using":"xpath","value":"//span[contains(text(), \"PM Order\")]"}
RESULT: {"using":"xpath","value":"//span[contains(text(), \"PM Order\")]"}
COMMAND: POST /session/f0da0c3c43298f3c96346e78252ccf41/element/f.6F1C9CAC0929B66C30BD4634384CD5FC.d.7199CBBDDD35EB144A59B73DAAC5BD31.e.3228/click - {}
RESULT: {}
COMMAND: GET /session/f0da0c3c43298f3c96346e78252ccf41/screenshot - {}
RESULT: {}
COMMAND: POST /session/f0da0c3c43298f3c96346e78252ccf41/element - {"using":"xpath","value":"(//span[contains(@id ,\"manageresources-display-component---newResourceUnit--RUTimeSegment-0-vhi\")])[1]"}
RESULT: {"using":"xpath","value":"(//span[contains(@id ,\"manageresources-display-component---newResourceUnit--RUTimeSegment-0-vhi\")])[1]"}
COMMAND: GET /session/f0da0c3c43298f3c96346e78252ccf41/element/f.6F1C9CAC0929B66C30BD4634384CD5FC.d.7199CBBDDD35EB144A59B73DAAC5BD31.e.3232/rect - {}
RESULT: {}
COMMAND: GET /session/f0da0c3c43298f3c96346e78252ccf41/window/rect - {}
RESULT: {}
COMMAND: POST /session/f0da0c3c43298f3c96346e78252ccf41/execute/sync - {"script":"<script> [92 bytes]","args":[]}
RESULT: {"script":"<script> [92 bytes]","args":[]}
COMMAND: POST /session/f0da0c3c43298f3c96346e78252ccf41/actions - {"actions":[{"id":"action10","type":"wheel","parameters":{},"actions":[{"type":"scroll","x":-1888,"y":-24,"deltaX":0,"deltaY":0,"duration":0,"origin":{"element-6066-11e4-a52e-4f735466cecf":"f.6F1C9CAC0929B66C30BD4634384CD5FC.d.7199CBBDDD35EB144A59B73DAAC5BD31.e.3232"}}]}]}
COMMAND: GET /session/f0da0c3c43298f3c96346e78252ccf41/screenshot - {}
RESULT: {}
COMMAND: POST /session/f0da0c3c43298f3c96346e78252ccf41/execute/sync - {"script":"<script> [79 bytes]","args":[{"element-6066-11e4-a52e-4f735466cecf":"f.6F1C9CAC0929B66C30BD4634384CD5FC.d.7199CBBDDD35EB144A59B73DAAC5BD31.e.3232","ELEMENT":"f.6F1C9CAC0929B66C30BD4634384CD5FC.d.7199CBBDDD35EB144A59B73DAAC5BD31.e.3232"},{"block":"start","inline":"nearest"}]}
RESULT: {"script":"<script> [79 bytes]","args":[{"element-6066-11e4-a52e-4f735466cecf":"f.6F1C9CAC0929B66C30BD4634384CD5FC.d.7199CBBDDD35EB144A59B73DAAC5BD31.e.3232","ELEMENT":"f.6F1C9CAC0929B66C30BD4634384CD5FC.d.7199CBBDDD35EB144A59B73DAAC5BD31.e.3232"},{"block":"start","inline":"nearest"}]}
COMMAND: GET /session/f0da0c3c43298f3c96346e78252ccf41/screenshot - {}
RESULT: {}
COMMAND: POST /session/f0da0c3c43298f3c96346e78252ccf41/element/f.6F1C9CAC0929B66C30BD4634384CD5FC.d.7199CBBDDD35EB144A59B73DAAC5BD31.e.3232/click - {}
RESULT: {}
COMMAND: GET /session/f0da0c3c43298f3c96346e78252ccf41/screenshot - {}
RESULT: {}
RESULT: undefined
COMMAND: POST /session/f0da0c3c43298f3c96346e78252ccf41/execute/async - {"script":"<script> [776 bytes]","args":[{"enterText":"4000360","selector":{"controlType":"sap.m.SearchField","properties":{"placeholder":"Search"},"searchOpenDialogs":true,"interaction":{"idSuffix":"I"}},"clearTextFirst":true,"interactionType":"ENTER_TEXT"}]}
RESULT: {"script":"<script> [776 bytes]","args":[{"enterText":"4000360","selector":{"controlType":"sap.m.SearchField","properties":{"placeholder":"Search"},"searchOpenDialogs":true,"interaction":{"idSuffix":"I"}},"clearTextFirst":true,"interactionType":"ENTER_TEXT"}]}
COMMAND: POST /session/f0da0c3c43298f3c96346e78252ccf41/actions - {"actions":[{"id":"action11","type":"key","parameters":{},"actions":[{"type":"keyDown","value":"î€‡"},{"type":"pause","duration":10},{"type":"keyUp","value":"î€‡"}]}]}
RESULT: {"actions":[{"id":"action11","type":"key","parameters":{},"actions":[{"type":"keyDown","value":"î€‡"},{"type":"pause","duration":10},{"type":"keyUp","value":"î€‡"}]}]}
COMMAND: GET /session/f0da0c3c43298f3c96346e78252ccf41/screenshot - {}
RESULT: {}
COMMAND: POST /session/f0da0c3c43298f3c96346e78252ccf41/element - {"using":"xpath","value":"//td/div/span[contains(text(), \"BGL Vehicles\")]"}
RESULT: {"using":"xpath","value":"//td/div/span[contains(text(), \"BGL Vehicles\")]"}
COMMAND: POST /session/f0da0c3c43298f3c96346e78252ccf41/element/f.6F1C9CAC0929B66C30BD4634384CD5FC.d.7199CBBDDD35EB144A59B73DAAC5BD31.e.3252/click - {}
RESULT: {}
COMMAND: GET /session/f0da0c3c43298f3c96346e78252ccf41/screenshot - {}
RESULT: {}
COMMAND: POST /session/f0da0c3c43298f3c96346e78252ccf41/element - {"using":"xpath","value":"//bdi[contains(text(), \"OK\")]"}
RESULT: {"using":"xpath","value":"//bdi[contains(text(), \"OK\")]"}
COMMAND: POST /session/f0da0c3c43298f3c96346e78252ccf41/element/f.6F1C9CAC0929B66C30BD4634384CD5FC.d.7199CBBDDD35EB144A59B73DAAC5BD31.e.3253/click - {}
RESULT: {}
COMMAND: GET /session/f0da0c3c43298f3c96346e78252ccf41/screenshot - {}
RESULT: {}
COMMAND: POST /session/f0da0c3c43298f3c96346e78252ccf41/element - {"using":"xpath","value":"//button[@data-kt=\"resourceUnitSaveButton\"]"}
RESULT: {"using":"xpath","value":"//button[@data-kt=\"resourceUnitSaveButton\"]"}
COMMAND: POST /session/f0da0c3c43298f3c96346e78252ccf41/element/f.6F1C9CAC0929B66C30BD4634384CD5FC.d.7199CBBDDD35EB144A59B73DAAC5BD31.e.3143/click - {}
RESULT: {}
COMMAND: GET /session/f0da0c3c43298f3c96346e78252ccf41/screenshot - {}
RESULT: {}
COMMAND: POST /session/f0da0c3c43298f3c96346e78252ccf41/element - {"using":"xpath","value":"//bdi[contains(text(), \"Close\")]"}
RESULT: {"using":"xpath","value":"//bdi[contains(text(), \"Close\")]"}
COMMAND: POST /session/f0da0c3c43298f3c96346e78252ccf41/element/f.6F1C9CAC0929B66C30BD4634384CD5FC.d.7199CBBDDD35EB144A59B73DAAC5BD31.e.3259/click - {}
RESULT: {}
COMMAND: GET /session/f0da0c3c43298f3c96346e78252ccf41/screenshot - {}
COMMAND: POST /session/f0da0c3c43298f3c96346e78252ccf41/element - {"using":"xpath","value":"//header[contains(@id, 'detailRruPage-headerTitle')]/div[1]/div[2]/div[2]/span[1]"}
RESULT: {}
RESULT: {"using":"xpath","value":"//header[contains(@id, 'detailRruPage-headerTitle')]/div[1]/div[2]/div[2]/span[1]"}
COMMAND: POST /session/f0da0c3c43298f3c96346e78252ccf41/elements - {"using":"xpath","value":"//header[contains(@id, 'detailRruPage-headerTitle')]/div[1]/div[2]/div[2]/span[1]"}
RESULT: {"using":"xpath","value":"//header[contains(@id, 'detailRruPage-headerTitle')]/div[1]/div[2]/div[2]/span[1]"}
COMMAND: POST /session/f0da0c3c43298f3c96346e78252ccf41/execute/sync - {"script":"<script> [56 bytes]","args":[{"element-6066-11e4-a52e-4f735466cecf":"f.6F1C9CAC0929B66C30BD4634384CD5FC.d.7199CBBDDD35EB144A59B73DAAC5BD31.e.3293","ELEMENT":"f.6F1C9CAC0929B66C30BD4634384CD5FC.d.7199CBBDDD35EB144A59B73DAAC5BD31.e.3293"}]}
RESULT: {"script":"<script> [56 bytes]","args":[{"element-6066-11e4-a52e-4f735466cecf":"f.6F1C9CAC0929B66C30BD4634384CD5FC.d.7199CBBDDD35EB144A59B73DAAC5BD31.e.3293","ELEMENT":"f.6F1C9CAC0929B66C30BD4634384CD5FC.d.7199CBBDDD35EB144A59B73DAAC5BD31.e.3293"}]}
COMMAND: POST /session/f0da0c3c43298f3c96346e78252ccf41/element - {"using":"css selector","value":"#shell-header-logo"}
COMMAND: GET /session/f0da0c3c43298f3c96346e78252ccf41/screenshot - {}
RESULT: {"using":"css selector","value":"#shell-header-logo"}
COMMAND: POST /session/f0da0c3c43298f3c96346e78252ccf41/element/f.6F1C9CAC0929B66C30BD4634384CD5FC.d.7199CBBDDD35EB144A59B73DAAC5BD31.e.2733/click - {}
RESULT: {}
RESULT: {}
COMMAND: GET /session/f0da0c3c43298f3c96346e78252ccf41/screenshot - {}
RESULT: {}
]]></system-out>
    </testcase>
    <testcase classname="chrome.135_0_7049_96.windows.Tests_for_Mass_State_Change_on_Manage_States_&amp;_Performances_US104416_US" name="Prereq Should do stock increase" time="88.337">
      <system-out><![CDATA[
COMMAND: POST /session/f0da0c3c43298f3c96346e78252ccf41/execute/async - {"script":"<script> [1562 bytes]","args":[{"selector":{"controlType":"sap.m.Text","viewName":"etm.portal.ui.managehandoverstile.view.Master","properties":{"text":"Manage Handovers"},"interaction":{"idSuffix":"inner"}},"wdio_ui5_key":"etmportal.ui.managehandoverstile.view.Mastersap.m.Text{\"text\":\"Manage Handovers\"}"}]}
RESULT: {"script":"<script> [1562 bytes]","args":[{"selector":{"controlType":"sap.m.Text","viewName":"etm.portal.ui.managehandoverstile.view.Master","properties":{"text":"Manage Handovers"},"interaction":{"idSuffix":"inner"}},"wdio_ui5_key":"etmportal.ui.managehandoverstile.view.Mastersap.m.Text{\"text\":\"Manage Handovers\"}"}]}
RESULT: undefined
COMMAND: POST /session/f0da0c3c43298f3c96346e78252ccf41/element - {"using":"xpath","value":"//*[@id=\"__tile133-title\"]"}
RESULT: {"using":"xpath","value":"//*[@id=\"__tile133-title\"]"}
COMMAND: POST /session/f0da0c3c43298f3c96346e78252ccf41/element/f.6F1C9CAC0929B66C30BD4634384CD5FC.d.7199CBBDDD35EB144A59B73DAAC5BD31.e.3298/click - {}
RESULT: {}
COMMAND: POST /session/f0da0c3c43298f3c96346e78252ccf41/element - {"using":"xpath","value":"//button[@data-kt=\"masterHOAddButton\"]"}
COMMAND: GET /session/f0da0c3c43298f3c96346e78252ccf41/screenshot - {}
RESULT: {"using":"xpath","value":"//button[@data-kt=\"masterHOAddButton\"]"}
COMMAND: POST /session/f0da0c3c43298f3c96346e78252ccf41/elements - {"using":"xpath","value":"//button[@data-kt=\"masterHOAddButton\"]"}
RESULT: {}
RESULT: {"using":"xpath","value":"//button[@data-kt=\"masterHOAddButton\"]"}
COMMAND: POST /session/f0da0c3c43298f3c96346e78252ccf41/elements - {"using":"xpath","value":"//button[@data-kt=\"masterHOAddButton\"]"}
RESULT: {"using":"xpath","value":"//button[@data-kt=\"masterHOAddButton\"]"}
COMMAND: POST /session/f0da0c3c43298f3c96346e78252ccf41/elements - {"using":"xpath","value":"//button[@data-kt=\"masterHOAddButton\"]"}
RESULT: {"using":"xpath","value":"//button[@data-kt=\"masterHOAddButton\"]"}
COMMAND: POST /session/f0da0c3c43298f3c96346e78252ccf41/elements - {"using":"xpath","value":"//button[@data-kt=\"masterHOAddButton\"]"}
RESULT: {"using":"xpath","value":"//button[@data-kt=\"masterHOAddButton\"]"}
COMMAND: POST /session/f0da0c3c43298f3c96346e78252ccf41/elements - {"using":"xpath","value":"//button[@data-kt=\"masterHOAddButton\"]"}
RESULT: {"using":"xpath","value":"//button[@data-kt=\"masterHOAddButton\"]"}
COMMAND: POST /session/f0da0c3c43298f3c96346e78252ccf41/element - {"using":"xpath","value":"//button[@data-kt=\"masterHOAddButton\"]"}
RESULT: {"using":"xpath","value":"//button[@data-kt=\"masterHOAddButton\"]"}
COMMAND: POST /session/f0da0c3c43298f3c96346e78252ccf41/execute/sync - {"script":"<script> [8489 bytes]","args":[{"element-6066-11e4-a52e-4f735466cecf":"f.6F1C9CAC0929B66C30BD4634384CD5FC.d.7199CBBDDD35EB144A59B73DAAC5BD31.e.3336","ELEMENT":"f.6F1C9CAC0929B66C30BD4634384CD5FC.d.7199CBBDDD35EB144A59B73DAAC5BD31.e.3336"}]}
RESULT: {"script":"<script> [8489 bytes]","args":[{"element-6066-11e4-a52e-4f735466cecf":"f.6F1C9CAC0929B66C30BD4634384CD5FC.d.7199CBBDDD35EB144A59B73DAAC5BD31.e.3336","ELEMENT":"f.6F1C9CAC0929B66C30BD4634384CD5FC.d.7199CBBDDD35EB144A59B73DAAC5BD31.e.3336"}]}
COMMAND: GET /session/f0da0c3c43298f3c96346e78252ccf41/element/f.6F1C9CAC0929B66C30BD4634384CD5FC.d.7199CBBDDD35EB144A59B73DAAC5BD31.e.3336/enabled - {}
COMMAND: GET /session/f0da0c3c43298f3c96346e78252ccf41/screenshot - {}
RESULT: {}
COMMAND: POST /session/f0da0c3c43298f3c96346e78252ccf41/execute/sync - {"script":"<script> [8489 bytes]","args":[{"element-6066-11e4-a52e-4f735466cecf":"f.6F1C9CAC0929B66C30BD4634384CD5FC.d.7199CBBDDD35EB144A59B73DAAC5BD31.e.3336","ELEMENT":"f.6F1C9CAC0929B66C30BD4634384CD5FC.d.7199CBBDDD35EB144A59B73DAAC5BD31.e.3336"}]}
COMMAND: GET /session/f0da0c3c43298f3c96346e78252ccf41/screenshot - {}
RESULT: {}
RESULT: {"script":"<script> [8489 bytes]","args":[{"element-6066-11e4-a52e-4f735466cecf":"f.6F1C9CAC0929B66C30BD4634384CD5FC.d.7199CBBDDD35EB144A59B73DAAC5BD31.e.3336","ELEMENT":"f.6F1C9CAC0929B66C30BD4634384CD5FC.d.7199CBBDDD35EB144A59B73DAAC5BD31.e.3336"}]}
COMMAND: POST /session/f0da0c3c43298f3c96346e78252ccf41/execute/sync - {"script":"<script> [5351 bytes]","args":[{"element-6066-11e4-a52e-4f735466cecf":"f.6F1C9CAC0929B66C30BD4634384CD5FC.d.7199CBBDDD35EB144A59B73DAAC5BD31.e.3336","ELEMENT":"f.6F1C9CAC0929B66C30BD4634384CD5FC.d.7199CBBDDD35EB144A59B73DAAC5BD31.e.3336"}]}
COMMAND: GET /session/f0da0c3c43298f3c96346e78252ccf41/screenshot - {}
RESULT: {}
RESULT: {"script":"<script> [5351 bytes]","args":[{"element-6066-11e4-a52e-4f735466cecf":"f.6F1C9CAC0929B66C30BD4634384CD5FC.d.7199CBBDDD35EB144A59B73DAAC5BD31.e.3336","ELEMENT":"f.6F1C9CAC0929B66C30BD4634384CD5FC.d.7199CBBDDD35EB144A59B73DAAC5BD31.e.3336"}]}
COMMAND: POST /session/f0da0c3c43298f3c96346e78252ccf41/element/f.6F1C9CAC0929B66C30BD4634384CD5FC.d.7199CBBDDD35EB144A59B73DAAC5BD31.e.3336/click - {}
COMMAND: GET /session/f0da0c3c43298f3c96346e78252ccf41/screenshot - {}
RESULT: {}
RESULT: {}
COMMAND: GET /session/f0da0c3c43298f3c96346e78252ccf41/screenshot - {}
COMMAND: POST /session/f0da0c3c43298f3c96346e78252ccf41/element - {"using":"xpath","value":"//span[contains(@id ,\"AddNewHO--typeSelect-arrow\")]"}
RESULT: {}
RESULT: {}
RESULT: {"using":"xpath","value":"//span[contains(@id ,\"AddNewHO--typeSelect-arrow\")]"}
COMMAND: POST /session/f0da0c3c43298f3c96346e78252ccf41/element/f.6F1C9CAC0929B66C30BD4634384CD5FC.d.7199CBBDDD35EB144A59B73DAAC5BD31.e.3678/click - {}
RESULT: {}
COMMAND: GET /session/f0da0c3c43298f3c96346e78252ccf41/screenshot - {}
RESULT: {}
COMMAND: POST /session/f0da0c3c43298f3c96346e78252ccf41/element - {"using":"xpath","value":"(//li[contains(text(), \"stock increase yard\")])[1]"}
RESULT: {"using":"xpath","value":"(//li[contains(text(), \"stock increase yard\")])[1]"}
COMMAND: POST /session/f0da0c3c43298f3c96346e78252ccf41/element/f.6F1C9CAC0929B66C30BD4634384CD5FC.d.7199CBBDDD35EB144A59B73DAAC5BD31.e.3679/click - {}
RESULT: {}
COMMAND: GET /session/f0da0c3c43298f3c96346e78252ccf41/screenshot - {}
RESULT: {}
COMMAND: POST /session/f0da0c3c43298f3c96346e78252ccf41/execute/async - {"script":"<script> [1562 bytes]","args":[{"selector":{"id":"application-managehandovers-display-component---AddNewHO--dueDate","interaction":{"idSuffix":"inner"}},"wdio_ui5_key":"applicationmanagehandovers-display-component---AddNewHO--dueDate"}]}
RESULT: {"script":"<script> [1562 bytes]","args":[{"selector":{"id":"application-managehandovers-display-component---AddNewHO--dueDate","interaction":{"idSuffix":"inner"}},"wdio_ui5_key":"applicationmanagehandovers-display-component---AddNewHO--dueDate"}]}
RESULT: undefined
COMMAND: POST /session/f0da0c3c43298f3c96346e78252ccf41/execute/async - {"script":"<script> [6424 bytes]","args":[{"element-6066-11e4-a52e-4f735466cecf":"f.6F1C9CAC0929B66C30BD4634384CD5FC.d.7199CBBDDD35EB144A59B73DAAC5BD31.e.3681"},"setValue",["05/05/2025"]]}
RESULT: {"script":"<script> [6424 bytes]","args":[{"element-6066-11e4-a52e-4f735466cecf":"f.6F1C9CAC0929B66C30BD4634384CD5FC.d.7199CBBDDD35EB144A59B73DAAC5BD31.e.3681"},"setValue",["05/05/2025"]]}
COMMAND: POST /session/f0da0c3c43298f3c96346e78252ccf41/element - {"using":"xpath","value":"//input[@id=\"generalSectionFrg--receiveYard-inner\"]"}
RESULT: {"using":"xpath","value":"//input[@id=\"generalSectionFrg--receiveYard-inner\"]"}
COMMAND: POST /session/f0da0c3c43298f3c96346e78252ccf41/element/f.6F1C9CAC0929B66C30BD4634384CD5FC.d.7199CBBDDD35EB144A59B73DAAC5BD31.e.3687/clear - {}
RESULT: {}
COMMAND: POST /session/f0da0c3c43298f3c96346e78252ccf41/element/f.6F1C9CAC0929B66C30BD4634384CD5FC.d.7199CBBDDD35EB144A59B73DAAC5BD31.e.3687/value - {"text":"558"}
COMMAND: GET /session/f0da0c3c43298f3c96346e78252ccf41/screenshot - {}
RESULT: {}
RESULT: {"text":"558"}
COMMAND: GET /session/f0da0c3c43298f3c96346e78252ccf41/screenshot - {}
RESULT: {}
COMMAND: POST /session/f0da0c3c43298f3c96346e78252ccf41/element - {"using":"xpath","value":"//li[.//span[text()='558']]"}
RESULT: {"using":"xpath","value":"//li[.//span[text()='558']]"}
COMMAND: POST /session/f0da0c3c43298f3c96346e78252ccf41/element/f.6F1C9CAC0929B66C30BD4634384CD5FC.d.7199CBBDDD35EB144A59B73DAAC5BD31.e.3705/click - {}
RESULT: {}
COMMAND: GET /session/f0da0c3c43298f3c96346e78252ccf41/screenshot - {}
RESULT: {}
COMMAND: POST /session/f0da0c3c43298f3c96346e78252ccf41/execute/async - {"script":"<script> [1562 bytes]","args":[{"selector":{"id":"application-managehandovers-display-component---AddNewHO--ObjectPageLayout-anchBar-application-managehandovers-display-component---AddNewHO--section4-anchor","interaction":{"idSuffix":"BDI-content"}},"wdio_ui5_key":"applicationmanagehandovers-display-component---AddNewHO--ObjectPageLayout-anchBar-application-managehandovers-display-component---AddNewHO--section4-anchor"}]}
RESULT: {"script":"<script> [1562 bytes]","args":[{"selector":{"id":"application-managehandovers-display-component---AddNewHO--ObjectPageLayout-anchBar-application-managehandovers-display-component---AddNewHO--section4-anchor","interaction":{"idSuffix":"BDI-content"}},"wdio_ui5_key":"applicationmanagehandovers-display-component---AddNewHO--ObjectPageLayout-anchBar-application-managehandovers-display-component---AddNewHO--section4-anchor"}]}
RESULT: undefined
COMMAND: POST /session/f0da0c3c43298f3c96346e78252ccf41/element - {"using":"xpath","value":"//*[@id=\"application-managehandovers-display-component---AddNewHO--ObjectPageLayout-anchBar-application-managehandovers-display-component---AddNewHO--section4-anchor\"]"}
RESULT: {"using":"xpath","value":"//*[@id=\"application-managehandovers-display-component---AddNewHO--ObjectPageLayout-anchBar-application-managehandovers-display-component---AddNewHO--section4-anchor\"]"}
COMMAND: POST /session/f0da0c3c43298f3c96346e78252ccf41/element/f.6F1C9CAC0929B66C30BD4634384CD5FC.d.7199CBBDDD35EB144A59B73DAAC5BD31.e.3707/click - {}
RESULT: {}
COMMAND: POST /session/f0da0c3c43298f3c96346e78252ccf41/element - {"using":"xpath","value":"//button[@aria-label=\"Add\"]"}
COMMAND: GET /session/f0da0c3c43298f3c96346e78252ccf41/screenshot - {}
RESULT: {"using":"xpath","value":"//button[@aria-label=\"Add\"]"}
COMMAND: POST /session/f0da0c3c43298f3c96346e78252ccf41/element/f.6F1C9CAC0929B66C30BD4634384CD5FC.d.7199CBBDDD35EB144A59B73DAAC5BD31.e.3709/click - {}
RESULT: {}
RESULT: {}
COMMAND: GET /session/f0da0c3c43298f3c96346e78252ccf41/screenshot - {}
RESULT: {}
COMMAND: POST /session/f0da0c3c43298f3c96346e78252ccf41/execute/async - {"script":"<script> [1562 bytes]","args":[{"selector":{"id":"application-managehandovers-display-component---AddNewHO--smartFilterBar-btnBasicSearch","searchOpenDialogs":true,"interaction":{"idSuffix":"I"}},"wdio_ui5_key":"applicationmanagehandovers-display-component---AddNewHO--smartFilterBar-btnBasicSearch"}]}
RESULT: {"script":"<script> [1562 bytes]","args":[{"selector":{"id":"application-managehandovers-display-component---AddNewHO--smartFilterBar-btnBasicSearch","searchOpenDialogs":true,"interaction":{"idSuffix":"I"}},"wdio_ui5_key":"applicationmanagehandovers-display-component---AddNewHO--smartFilterBar-btnBasicSearch"}]}
RESULT: undefined
COMMAND: POST /session/f0da0c3c43298f3c96346e78252ccf41/execute/async - {"script":"<script> [776 bytes]","args":[{"enterText":"400037","selector":{"id":"application-managehandovers-display-component---AddNewHO--smartFilterBar-btnBasicSearch","searchOpenDialogs":true,"interaction":{"idSuffix":"I"}},"clearTextFirst":true,"interactionType":"ENTER_TEXT"}]}
RESULT: {"script":"<script> [776 bytes]","args":[{"enterText":"400037","selector":{"id":"application-managehandovers-display-component---AddNewHO--smartFilterBar-btnBasicSearch","searchOpenDialogs":true,"interaction":{"idSuffix":"I"}},"clearTextFirst":true,"interactionType":"ENTER_TEXT"}]}
COMMAND: POST /session/f0da0c3c43298f3c96346e78252ccf41/actions - {"actions":[{"id":"action12","type":"key","parameters":{},"actions":[{"type":"keyDown","value":"î€‡"},{"type":"pause","duration":10},{"type":"keyUp","value":"î€‡"}]}]}
RESULT: {"actions":[{"id":"action12","type":"key","parameters":{},"actions":[{"type":"keyDown","value":"î€‡"},{"type":"pause","duration":10},{"type":"keyUp","value":"î€‡"}]}]}
COMMAND: GET /session/f0da0c3c43298f3c96346e78252ccf41/screenshot - {}
RESULT: {}
COMMAND: POST /session/f0da0c3c43298f3c96346e78252ccf41/execute/async - {"script":"<script> [1562 bytes]","args":[{"selector":{"id":"application-managehandovers-display-component---AddNewHO--popup-sa","searchOpenDialogs":true,"interaction":{"idSuffix":"CbBg"}},"wdio_ui5_key":"applicationmanagehandovers-display-component---AddNewHO--popup-sa"}]}
RESULT: {"script":"<script> [1562 bytes]","args":[{"selector":{"id":"application-managehandovers-display-component---AddNewHO--popup-sa","searchOpenDialogs":true,"interaction":{"idSuffix":"CbBg"}},"wdio_ui5_key":"applicationmanagehandovers-display-component---AddNewHO--popup-sa"}]}
RESULT: undefined
COMMAND: POST /session/f0da0c3c43298f3c96346e78252ccf41/element - {"using":"xpath","value":"//*[@id=\"application-managehandovers-display-component---AddNewHO--popup-sa\"]"}
RESULT: {"using":"xpath","value":"//*[@id=\"application-managehandovers-display-component---AddNewHO--popup-sa\"]"}
COMMAND: POST /session/f0da0c3c43298f3c96346e78252ccf41/element/f.6F1C9CAC0929B66C30BD4634384CD5FC.d.7199CBBDDD35EB144A59B73DAAC5BD31.e.3861/click - {}
RESULT: {}
COMMAND: GET /session/f0da0c3c43298f3c96346e78252ccf41/screenshot - {}
RESULT: {}
COMMAND: POST /session/f0da0c3c43298f3c96346e78252ccf41/element - {"using":"xpath","value":"//bdi[contains(text(), \"Select\")]"}
RESULT: {"using":"xpath","value":"//bdi[contains(text(), \"Select\")]"}
COMMAND: POST /session/f0da0c3c43298f3c96346e78252ccf41/element/f.6F1C9CAC0929B66C30BD4634384CD5FC.d.7199CBBDDD35EB144A59B73DAAC5BD31.e.3862/click - {}
RESULT: {}
COMMAND: GET /session/f0da0c3c43298f3c96346e78252ccf41/screenshot - {}
RESULT: {}
COMMAND: POST /session/f0da0c3c43298f3c96346e78252ccf41/element - {"using":"xpath","value":"//button[@data-kt=\"AddNewHOSaveButton\"]"}
RESULT: {"using":"xpath","value":"//button[@data-kt=\"AddNewHOSaveButton\"]"}
COMMAND: POST /session/f0da0c3c43298f3c96346e78252ccf41/element/f.6F1C9CAC0929B66C30BD4634384CD5FC.d.7199CBBDDD35EB144A59B73DAAC5BD31.e.3866/click - {}
RESULT: {}
COMMAND: GET /session/f0da0c3c43298f3c96346e78252ccf41/screenshot - {}
COMMAND: POST /session/f0da0c3c43298f3c96346e78252ccf41/execute/async - {"script":"<script> [1562 bytes]","args":[{"selector":{"id":"receiptDatePicker","viewName":"etm.portal.ui.managehandovers.view.DetailExecuteHO","interaction":{"idSuffix":"inner"}},"wdio_ui5_key":"receiptDatePickeretmportal.ui.managehandovers.view.DetailExecuteHO"}]}
RESULT: {}
RESULT: {"script":"<script> [1562 bytes]","args":[{"selector":{"id":"receiptDatePicker","viewName":"etm.portal.ui.managehandovers.view.DetailExecuteHO","interaction":{"idSuffix":"inner"}},"wdio_ui5_key":"receiptDatePickeretmportal.ui.managehandovers.view.DetailExecuteHO"}]}
RESULT: undefined
COMMAND: POST /session/f0da0c3c43298f3c96346e78252ccf41/execute/async - {"script":"<script> [6424 bytes]","args":[{"element-6066-11e4-a52e-4f735466cecf":"f.6F1C9CAC0929B66C30BD4634384CD5FC.d.7199CBBDDD35EB144A59B73DAAC5BD31.e.3894"},"setValue",["05/05/2025"]]}
RESULT: {"script":"<script> [6424 bytes]","args":[{"element-6066-11e4-a52e-4f735466cecf":"f.6F1C9CAC0929B66C30BD4634384CD5FC.d.7199CBBDDD35EB144A59B73DAAC5BD31.e.3894"},"setValue",["05/05/2025"]]}
COMMAND: POST /session/f0da0c3c43298f3c96346e78252ccf41/element - {"using":"xpath","value":"//button[@data-kt=\"PickingTableConfirmAllButton\"]"}
RESULT: {"using":"xpath","value":"//button[@data-kt=\"PickingTableConfirmAllButton\"]"}
COMMAND: POST /session/f0da0c3c43298f3c96346e78252ccf41/element/f.6F1C9CAC0929B66C30BD4634384CD5FC.d.7199CBBDDD35EB144A59B73DAAC5BD31.e.3909/click - {}
RESULT: {}
COMMAND: GET /session/f0da0c3c43298f3c96346e78252ccf41/screenshot - {}
RESULT: {}
COMMAND: POST /session/f0da0c3c43298f3c96346e78252ccf41/element - {"using":"xpath","value":"//bdi[contains(text(), \"OK\")]"}
RESULT: {"using":"xpath","value":"//bdi[contains(text(), \"OK\")]"}
COMMAND: POST /session/f0da0c3c43298f3c96346e78252ccf41/element/f.6F1C9CAC0929B66C30BD4634384CD5FC.d.7199CBBDDD35EB144A59B73DAAC5BD31.e.3911/click - {}
RESULT: {}
COMMAND: GET /session/f0da0c3c43298f3c96346e78252ccf41/screenshot - {}
RESULT: {}
COMMAND: POST /session/f0da0c3c43298f3c96346e78252ccf41/element - {"using":"xpath","value":"(//bdi[contains(text(), \"Receive\")])[2]"}
RESULT: {"using":"xpath","value":"(//bdi[contains(text(), \"Receive\")])[2]"}
COMMAND: POST /session/f0da0c3c43298f3c96346e78252ccf41/element/f.6F1C9CAC0929B66C30BD4634384CD5FC.d.7199CBBDDD35EB144A59B73DAAC5BD31.e.3913/click - {}
RESULT: {}
COMMAND: GET /session/f0da0c3c43298f3c96346e78252ccf41/screenshot - {}
RESULT: {}
COMMAND: POST /session/f0da0c3c43298f3c96346e78252ccf41/element - {"using":"css selector","value":"#shell-header-logo"}
RESULT: {"using":"css selector","value":"#shell-header-logo"}
COMMAND: POST /session/f0da0c3c43298f3c96346e78252ccf41/element/f.6F1C9CAC0929B66C30BD4634384CD5FC.d.7199CBBDDD35EB144A59B73DAAC5BD31.e.3301/click - {}
RESULT: {}
COMMAND: GET /session/f0da0c3c43298f3c96346e78252ccf41/screenshot - {}
RESULT: {}
]]></system-out>
    </testcase>
    <testcase classname="chrome.135_0_7049_96.windows.Tests_for_Mass_State_Change_on_Manage_States_&amp;_Performances_US104416_US" name="Prereq Should create a new contract" time="71.046">
      <system-out><![CDATA[
COMMAND: POST /session/f0da0c3c43298f3c96346e78252ccf41/execute/async - {"script":"<script> [1562 bytes]","args":[{"selector":{"controlType":"sap.m.Text","viewName":"etm.portal.ui.managecontractstile.view.Master","properties":{"text":"Manage Contracts"},"interaction":{"idSuffix":"inner"}},"wdio_ui5_key":"etmportal.ui.managecontractstile.view.Mastersap.m.Text{\"text\":\"Manage Contracts\"}"}]}
RESULT: {"script":"<script> [1562 bytes]","args":[{"selector":{"controlType":"sap.m.Text","viewName":"etm.portal.ui.managecontractstile.view.Master","properties":{"text":"Manage Contracts"},"interaction":{"idSuffix":"inner"}},"wdio_ui5_key":"etmportal.ui.managecontractstile.view.Mastersap.m.Text{\"text\":\"Manage Contracts\"}"}]}
RESULT: undefined
COMMAND: POST /session/f0da0c3c43298f3c96346e78252ccf41/element - {"using":"xpath","value":"//*[@id=\"__tile130-title\"]"}
RESULT: {"using":"xpath","value":"//*[@id=\"__tile130-title\"]"}
COMMAND: POST /session/f0da0c3c43298f3c96346e78252ccf41/element/f.6F1C9CAC0929B66C30BD4634384CD5FC.d.7199CBBDDD35EB144A59B73DAAC5BD31.e.4085/click - {}
RESULT: {}
COMMAND: GET /session/f0da0c3c43298f3c96346e78252ccf41/screenshot - {}
RESULT: {}
COMMAND: POST /session/f0da0c3c43298f3c96346e78252ccf41/element - {"using":"xpath","value":"//button[@data-kt=\"addButton\"]"}
RESULT: {"using":"xpath","value":"//button[@data-kt=\"addButton\"]"}
COMMAND: POST /session/f0da0c3c43298f3c96346e78252ccf41/elements - {"using":"xpath","value":"//button[@data-kt=\"addButton\"]"}
RESULT: {"using":"xpath","value":"//button[@data-kt=\"addButton\"]"}
COMMAND: POST /session/f0da0c3c43298f3c96346e78252ccf41/execute/sync - {"script":"<script> [8489 bytes]","args":[{"element-6066-11e4-a52e-4f735466cecf":"f.6F1C9CAC0929B66C30BD4634384CD5FC.d.7199CBBDDD35EB144A59B73DAAC5BD31.e.4164","ELEMENT":"f.6F1C9CAC0929B66C30BD4634384CD5FC.d.7199CBBDDD35EB144A59B73DAAC5BD31.e.4164"}]}
RESULT: {"script":"<script> [8489 bytes]","args":[{"element-6066-11e4-a52e-4f735466cecf":"f.6F1C9CAC0929B66C30BD4634384CD5FC.d.7199CBBDDD35EB144A59B73DAAC5BD31.e.4164","ELEMENT":"f.6F1C9CAC0929B66C30BD4634384CD5FC.d.7199CBBDDD35EB144A59B73DAAC5BD31.e.4164"}]}
COMMAND: GET /session/f0da0c3c43298f3c96346e78252ccf41/element/f.6F1C9CAC0929B66C30BD4634384CD5FC.d.7199CBBDDD35EB144A59B73DAAC5BD31.e.4164/enabled - {}
COMMAND: GET /session/f0da0c3c43298f3c96346e78252ccf41/screenshot - {}
RESULT: {}
COMMAND: POST /session/f0da0c3c43298f3c96346e78252ccf41/execute/sync - {"script":"<script> [8489 bytes]","args":[{"element-6066-11e4-a52e-4f735466cecf":"f.6F1C9CAC0929B66C30BD4634384CD5FC.d.7199CBBDDD35EB144A59B73DAAC5BD31.e.4164","ELEMENT":"f.6F1C9CAC0929B66C30BD4634384CD5FC.d.7199CBBDDD35EB144A59B73DAAC5BD31.e.4164"}]}
COMMAND: GET /session/f0da0c3c43298f3c96346e78252ccf41/screenshot - {}
RESULT: {}
RESULT: {"script":"<script> [8489 bytes]","args":[{"element-6066-11e4-a52e-4f735466cecf":"f.6F1C9CAC0929B66C30BD4634384CD5FC.d.7199CBBDDD35EB144A59B73DAAC5BD31.e.4164","ELEMENT":"f.6F1C9CAC0929B66C30BD4634384CD5FC.d.7199CBBDDD35EB144A59B73DAAC5BD31.e.4164"}]}
COMMAND: POST /session/f0da0c3c43298f3c96346e78252ccf41/execute/sync - {"script":"<script> [5351 bytes]","args":[{"element-6066-11e4-a52e-4f735466cecf":"f.6F1C9CAC0929B66C30BD4634384CD5FC.d.7199CBBDDD35EB144A59B73DAAC5BD31.e.4164","ELEMENT":"f.6F1C9CAC0929B66C30BD4634384CD5FC.d.7199CBBDDD35EB144A59B73DAAC5BD31.e.4164"}]}
COMMAND: GET /session/f0da0c3c43298f3c96346e78252ccf41/screenshot - {}
RESULT: {}
RESULT: {"script":"<script> [5351 bytes]","args":[{"element-6066-11e4-a52e-4f735466cecf":"f.6F1C9CAC0929B66C30BD4634384CD5FC.d.7199CBBDDD35EB144A59B73DAAC5BD31.e.4164","ELEMENT":"f.6F1C9CAC0929B66C30BD4634384CD5FC.d.7199CBBDDD35EB144A59B73DAAC5BD31.e.4164"}]}
COMMAND: GET /session/f0da0c3c43298f3c96346e78252ccf41/screenshot - {}
RESULT: {}
RESULT: {}
COMMAND: POST /session/f0da0c3c43298f3c96346e78252ccf41/element/f.6F1C9CAC0929B66C30BD4634384CD5FC.d.7199CBBDDD35EB144A59B73DAAC5BD31.e.4164/click - {}
RESULT: {}
COMMAND: GET /session/f0da0c3c43298f3c96346e78252ccf41/screenshot - {}
RESULT: {}
COMMAND: POST /session/f0da0c3c43298f3c96346e78252ccf41/execute/async - {"script":"<script> [1562 bytes]","args":[{"selector":{"id":"application-managecontracts-display-component---AddNewContract--projectDescription","interaction":{"idSuffix":"inner"}},"wdio_ui5_key":"applicationmanagecontracts-display-component---AddNewContract--projectDescription"}]}
RESULT: {"script":"<script> [1562 bytes]","args":[{"selector":{"id":"application-managecontracts-display-component---AddNewContract--projectDescription","interaction":{"idSuffix":"inner"}},"wdio_ui5_key":"applicationmanagecontracts-display-component---AddNewContract--projectDescription"}]}
RESULT: undefined
COMMAND: POST /session/f0da0c3c43298f3c96346e78252ccf41/execute/async - {"script":"<script> [776 bytes]","args":[{"enterText":"Contract WDIO","selector":{"id":"application-managecontracts-display-component---AddNewContract--projectDescription","interaction":{"idSuffix":"inner"}},"clearTextFirst":true,"interactionType":"ENTER_TEXT"}]}
RESULT: {"script":"<script> [776 bytes]","args":[{"enterText":"Contract WDIO","selector":{"id":"application-managecontracts-display-component---AddNewContract--projectDescription","interaction":{"idSuffix":"inner"}},"clearTextFirst":true,"interactionType":"ENTER_TEXT"}]}
COMMAND: POST /session/f0da0c3c43298f3c96346e78252ccf41/element - {"using":"xpath","value":"//input[@id=\"application-managecontracts-display-component---AddNewContract--site-inner\"]"}
RESULT: {"using":"xpath","value":"//input[@id=\"application-managecontracts-display-component---AddNewContract--site-inner\"]"}
COMMAND: POST /session/f0da0c3c43298f3c96346e78252ccf41/element/f.6F1C9CAC0929B66C30BD4634384CD5FC.d.7199CBBDDD35EB144A59B73DAAC5BD31.e.4452/clear - {}
RESULT: {}
COMMAND: POST /session/f0da0c3c43298f3c96346e78252ccf41/element/f.6F1C9CAC0929B66C30BD4634384CD5FC.d.7199CBBDDD35EB144A59B73DAAC5BD31.e.4452/value - {"text":"2392"}
COMMAND: GET /session/f0da0c3c43298f3c96346e78252ccf41/screenshot - {}
RESULT: {"text":"2392"}
COMMAND: GET /session/f0da0c3c43298f3c96346e78252ccf41/screenshot - {}
RESULT: {}
RESULT: {}
COMMAND: POST /session/f0da0c3c43298f3c96346e78252ccf41/element - {"using":"xpath","value":"//li[.//span[text()='2392']]"}
RESULT: {"using":"xpath","value":"//li[.//span[text()='2392']]"}
COMMAND: POST /session/f0da0c3c43298f3c96346e78252ccf41/element/f.6F1C9CAC0929B66C30BD4634384CD5FC.d.7199CBBDDD35EB144A59B73DAAC5BD31.e.4475/click - {}
RESULT: {}
COMMAND: GET /session/f0da0c3c43298f3c96346e78252ccf41/screenshot - {}
RESULT: {}
COMMAND: POST /session/f0da0c3c43298f3c96346e78252ccf41/element - {"using":"xpath","value":"//input[@id=\"application-managecontracts-display-component---AddNewContract--yardId-inner\"]"}
RESULT: {"using":"xpath","value":"//input[@id=\"application-managecontracts-display-component---AddNewContract--yardId-inner\"]"}
COMMAND: GET /session/f0da0c3c43298f3c96346e78252ccf41/element/f.6F1C9CAC0929B66C30BD4634384CD5FC.d.7199CBBDDD35EB144A59B73DAAC5BD31.e.4453/property/value - {}
RESULT: {}
COMMAND: POST /session/f0da0c3c43298f3c96346e78252ccf41/element - {"using":"xpath","value":"//input[@id=\"application-managecontracts-display-component---AddNewContract--customerSelect-inner\"]"}
COMMAND: GET /session/f0da0c3c43298f3c96346e78252ccf41/screenshot - {}
RESULT: {"using":"xpath","value":"//input[@id=\"application-managecontracts-display-component---AddNewContract--customerSelect-inner\"]"}
COMMAND: POST /session/f0da0c3c43298f3c96346e78252ccf41/element/f.6F1C9CAC0929B66C30BD4634384CD5FC.d.7199CBBDDD35EB144A59B73DAAC5BD31.e.4451/clear - {}
RESULT: {}
RESULT: {}
COMMAND: POST /session/f0da0c3c43298f3c96346e78252ccf41/element/f.6F1C9CAC0929B66C30BD4634384CD5FC.d.7199CBBDDD35EB144A59B73DAAC5BD31.e.4451/value - {"text":"1434"}
COMMAND: GET /session/f0da0c3c43298f3c96346e78252ccf41/screenshot - {}
RESULT: {"text":"1434"}
COMMAND: GET /session/f0da0c3c43298f3c96346e78252ccf41/screenshot - {}
RESULT: {}
RESULT: {}
COMMAND: POST /session/f0da0c3c43298f3c96346e78252ccf41/element - {"using":"xpath","value":"//li[.//span[text()='1434']]"}
RESULT: {"using":"xpath","value":"//li[.//span[text()='1434']]"}
COMMAND: POST /session/f0da0c3c43298f3c96346e78252ccf41/element/f.6F1C9CAC0929B66C30BD4634384CD5FC.d.7199CBBDDD35EB144A59B73DAAC5BD31.e.4478/click - {}
RESULT: {}
COMMAND: GET /session/f0da0c3c43298f3c96346e78252ccf41/screenshot - {}
RESULT: {}
COMMAND: POST /session/f0da0c3c43298f3c96346e78252ccf41/element - {"using":"xpath","value":"//button[@data-kt=\"saveButton\"]"}
RESULT: {"using":"xpath","value":"//button[@data-kt=\"saveButton\"]"}
COMMAND: POST /session/f0da0c3c43298f3c96346e78252ccf41/element/f.6F1C9CAC0929B66C30BD4634384CD5FC.d.7199CBBDDD35EB144A59B73DAAC5BD31.e.4466/click - {}
RESULT: {}
COMMAND: GET /session/f0da0c3c43298f3c96346e78252ccf41/screenshot - {}
RESULT: {}
COMMAND: POST /session/f0da0c3c43298f3c96346e78252ccf41/element - {"using":"xpath","value":"//span[contains(@id ,\"contractDetailTitleNoExpanded\")]"}
RESULT: {"using":"xpath","value":"//span[contains(@id ,\"contractDetailTitleNoExpanded\")]"}
COMMAND: POST /session/f0da0c3c43298f3c96346e78252ccf41/elements - {"using":"xpath","value":"//span[contains(@id ,\"contractDetailTitleNoExpanded\")]"}
RESULT: {"using":"xpath","value":"//span[contains(@id ,\"contractDetailTitleNoExpanded\")]"}
COMMAND: POST /session/f0da0c3c43298f3c96346e78252ccf41/execute/sync - {"script":"<script> [56 bytes]","args":[{"element-6066-11e4-a52e-4f735466cecf":"f.6F1C9CAC0929B66C30BD4634384CD5FC.d.7199CBBDDD35EB144A59B73DAAC5BD31.e.4547","ELEMENT":"f.6F1C9CAC0929B66C30BD4634384CD5FC.d.7199CBBDDD35EB144A59B73DAAC5BD31.e.4547"}]}
RESULT: {"script":"<script> [56 bytes]","args":[{"element-6066-11e4-a52e-4f735466cecf":"f.6F1C9CAC0929B66C30BD4634384CD5FC.d.7199CBBDDD35EB144A59B73DAAC5BD31.e.4547","ELEMENT":"f.6F1C9CAC0929B66C30BD4634384CD5FC.d.7199CBBDDD35EB144A59B73DAAC5BD31.e.4547"}]}
COMMAND: GET /session/f0da0c3c43298f3c96346e78252ccf41/screenshot - {}
RESULT: {}
]]></system-out>
    </testcase>
    <testcase classname="chrome.135_0_7049_96.windows.Tests_for_Mass_State_Change_on_Manage_States_&amp;_Performances_US104416_US" name="Prereq Should add created equipment to contract but to have the item 2 days earlier" time="67.491">
      <system-out><![CDATA[
COMMAND: POST /session/f0da0c3c43298f3c96346e78252ccf41/element - {"using":"xpath","value":"//button[@data-kt=\"contractDetailEditBtnButton\"]"}
RESULT: {"using":"xpath","value":"//button[@data-kt=\"contractDetailEditBtnButton\"]"}
COMMAND: POST /session/f0da0c3c43298f3c96346e78252ccf41/element/f.6F1C9CAC0929B66C30BD4634384CD5FC.d.7199CBBDDD35EB144A59B73DAAC5BD31.e.4550/click - {}
RESULT: {}
COMMAND: GET /session/f0da0c3c43298f3c96346e78252ccf41/screenshot - {}
RESULT: {}
COMMAND: POST /session/f0da0c3c43298f3c96346e78252ccf41/element - {"using":"xpath","value":"(//span[contains(text(), \"Additional Addresses\")])[2]"}
RESULT: {"using":"xpath","value":"(//span[contains(text(), \"Additional Addresses\")])[2]"}
COMMAND: POST /session/f0da0c3c43298f3c96346e78252ccf41/element/f.6F1C9CAC0929B66C30BD4634384CD5FC.d.7199CBBDDD35EB144A59B73DAAC5BD31.e.4606/click - {}
RESULT: {}
COMMAND: GET /session/f0da0c3c43298f3c96346e78252ccf41/screenshot - {}
RESULT: {}
COMMAND: POST /session/f0da0c3c43298f3c96346e78252ccf41/element - {"using":"xpath","value":"//button[@data-kt=\"btnAddTableRowOverflowToolbarButton\"]"}
RESULT: {"using":"xpath","value":"//button[@data-kt=\"btnAddTableRowOverflowToolbarButton\"]"}
COMMAND: POST /session/f0da0c3c43298f3c96346e78252ccf41/element/f.6F1C9CAC0929B66C30BD4634384CD5FC.d.7199CBBDDD35EB144A59B73DAAC5BD31.e.4608/click - {}
RESULT: {}
COMMAND: GET /session/f0da0c3c43298f3c96346e78252ccf41/screenshot - {}
RESULT: {}
COMMAND: POST /session/f0da0c3c43298f3c96346e78252ccf41/element - {"using":"xpath","value":"//div[(text() = 'Standard Entry' or . = 'Standard Entry')]"}
RESULT: {"using":"xpath","value":"//div[(text() = 'Standard Entry' or . = 'Standard Entry')]"}
COMMAND: POST /session/f0da0c3c43298f3c96346e78252ccf41/element/f.6F1C9CAC0929B66C30BD4634384CD5FC.d.7199CBBDDD35EB144A59B73DAAC5BD31.e.4610/click - {}
RESULT: {}
COMMAND: GET /session/f0da0c3c43298f3c96346e78252ccf41/screenshot - {}
RESULT: {}
COMMAND: POST /session/f0da0c3c43298f3c96346e78252ccf41/element - {"using":"xpath","value":"//td[6]/div/div/div/span"}
RESULT: {"using":"xpath","value":"//td[6]/div/div/div/span"}
COMMAND: POST /session/f0da0c3c43298f3c96346e78252ccf41/element/f.6F1C9CAC0929B66C30BD4634384CD5FC.d.7199CBBDDD35EB144A59B73DAAC5BD31.e.4622/click - {}
RESULT: {}
COMMAND: GET /session/f0da0c3c43298f3c96346e78252ccf41/screenshot - {}
RESULT: {}
COMMAND: POST /session/f0da0c3c43298f3c96346e78252ccf41/element - {"using":"xpath","value":"(//span[contains(text(), \"Equi Multipart\")])"}
RESULT: {"using":"xpath","value":"(//span[contains(text(), \"Equi Multipart\")])"}
COMMAND: POST /session/f0da0c3c43298f3c96346e78252ccf41/element/f.6F1C9CAC0929B66C30BD4634384CD5FC.d.7199CBBDDD35EB144A59B73DAAC5BD31.e.4623/click - {}
RESULT: {}
COMMAND: GET /session/f0da0c3c43298f3c96346e78252ccf41/screenshot - {}
RESULT: {}
COMMAND: POST /session/f0da0c3c43298f3c96346e78252ccf41/element - {"using":"xpath","value":"//td[7]/div/div/input"}
RESULT: {"using":"xpath","value":"//td[7]/div/div/input"}
COMMAND: POST /session/f0da0c3c43298f3c96346e78252ccf41/element/f.6F1C9CAC0929B66C30BD4634384CD5FC.d.7199CBBDDD35EB144A59B73DAAC5BD31.e.4626/clear - {}
RESULT: {}
COMMAND: POST /session/f0da0c3c43298f3c96346e78252ccf41/element/f.6F1C9CAC0929B66C30BD4634384CD5FC.d.7199CBBDDD35EB144A59B73DAAC5BD31.e.4626/value - {"text":"400037"}
COMMAND: GET /session/f0da0c3c43298f3c96346e78252ccf41/screenshot - {}
RESULT: {"text":"400037"}
COMMAND: GET /session/f0da0c3c43298f3c96346e78252ccf41/screenshot - {}
RESULT: {}
RESULT: {}
COMMAND: POST /session/f0da0c3c43298f3c96346e78252ccf41/actions - {"actions":[{"id":"action13","type":"key","parameters":{},"actions":[{"type":"keyDown","value":"î€‡"},{"type":"pause","duration":10},{"type":"keyUp","value":"î€‡"}]}]}
RESULT: {"actions":[{"id":"action13","type":"key","parameters":{},"actions":[{"type":"keyDown","value":"î€‡"},{"type":"pause","duration":10},{"type":"keyUp","value":"î€‡"}]}]}
COMMAND: GET /session/f0da0c3c43298f3c96346e78252ccf41/screenshot - {}
RESULT: {}
COMMAND: POST /session/f0da0c3c43298f3c96346e78252ccf41/execute/sync - {"script":"<script> [276 bytes]","args":["No pricing information was found"]}
RESULT: {"script":"<script> [276 bytes]","args":["No pricing information was found"]}
COMMAND: POST /session/f0da0c3c43298f3c96346e78252ccf41/element - {"using":"xpath","value":"//bdi[contains(text(), \"OK\")]"}
COMMAND: GET /session/f0da0c3c43298f3c96346e78252ccf41/screenshot - {}
RESULT: {"using":"xpath","value":"//bdi[contains(text(), \"OK\")]"}
COMMAND: POST /session/f0da0c3c43298f3c96346e78252ccf41/element/f.6F1C9CAC0929B66C30BD4634384CD5FC.d.7199CBBDDD35EB144A59B73DAAC5BD31.e.4652/click - {}
RESULT: {}
RESULT: {}
COMMAND: GET /session/f0da0c3c43298f3c96346e78252ccf41/screenshot - {}
RESULT: {}
COMMAND: POST /session/f0da0c3c43298f3c96346e78252ccf41/element - {"using":"xpath","value":"//td[19]/div/div/input"}
RESULT: {"using":"xpath","value":"//td[19]/div/div/input"}
COMMAND: POST /session/f0da0c3c43298f3c96346e78252ccf41/element/f.6F1C9CAC0929B66C30BD4634384CD5FC.d.7199CBBDDD35EB144A59B73DAAC5BD31.e.4649/clear - {}
RESULT: {}
COMMAND: POST /session/f0da0c3c43298f3c96346e78252ccf41/element/f.6F1C9CAC0929B66C30BD4634384CD5FC.d.7199CBBDDD35EB144A59B73DAAC5BD31.e.4649/value - {"text":"05/03/25"}
COMMAND: GET /session/f0da0c3c43298f3c96346e78252ccf41/screenshot - {}
RESULT: {"text":"05/03/25"}
COMMAND: GET /session/f0da0c3c43298f3c96346e78252ccf41/screenshot - {}
RESULT: {}
RESULT: {}
COMMAND: POST /session/f0da0c3c43298f3c96346e78252ccf41/element - {"using":"xpath","value":"(//button[@data-kt=\"saveButton\"])[2]"}
RESULT: {"using":"xpath","value":"(//button[@data-kt=\"saveButton\"])[2]"}
COMMAND: POST /session/f0da0c3c43298f3c96346e78252ccf41/element/f.6F1C9CAC0929B66C30BD4634384CD5FC.d.7199CBBDDD35EB144A59B73DAAC5BD31.e.4654/click - {}
RESULT: {}
COMMAND: GET /session/f0da0c3c43298f3c96346e78252ccf41/screenshot - {}
RESULT: {}
COMMAND: POST /session/f0da0c3c43298f3c96346e78252ccf41/execute/sync - {"script":"<script> [276 bytes]","args":["Some contract items are having rental validity exceeding header rental validity"]}
RESULT: {"script":"<script> [276 bytes]","args":["Some contract items are having rental validity exceeding header rental validity"]}
COMMAND: POST /session/f0da0c3c43298f3c96346e78252ccf41/element - {"using":"xpath","value":"//bdi[contains(text(), \"OK\")]"}
COMMAND: GET /session/f0da0c3c43298f3c96346e78252ccf41/screenshot - {}
RESULT: {"using":"xpath","value":"//bdi[contains(text(), \"OK\")]"}
COMMAND: POST /session/f0da0c3c43298f3c96346e78252ccf41/element/f.6F1C9CAC0929B66C30BD4634384CD5FC.d.7199CBBDDD35EB144A59B73DAAC5BD31.e.4658/click - {}
RESULT: {}
RESULT: {}
COMMAND: GET /session/f0da0c3c43298f3c96346e78252ccf41/screenshot - {}
RESULT: {}
COMMAND: POST /session/f0da0c3c43298f3c96346e78252ccf41/element - {"using":"xpath","value":"//span[contains(@id ,\"contractItemsSmartTable-header-inner\")]"}
RESULT: {"using":"xpath","value":"//span[contains(@id ,\"contractItemsSmartTable-header-inner\")]"}
COMMAND: POST /session/f0da0c3c43298f3c96346e78252ccf41/elements - {"using":"xpath","value":"//span[contains(@id ,\"contractItemsSmartTable-header-inner\")]"}
RESULT: {"using":"xpath","value":"//span[contains(@id ,\"contractItemsSmartTable-header-inner\")]"}
COMMAND: POST /session/f0da0c3c43298f3c96346e78252ccf41/execute/sync - {"script":"<script> [56 bytes]","args":[{"element-6066-11e4-a52e-4f735466cecf":"f.6F1C9CAC0929B66C30BD4634384CD5FC.d.7199CBBDDD35EB144A59B73DAAC5BD31.e.4664","ELEMENT":"f.6F1C9CAC0929B66C30BD4634384CD5FC.d.7199CBBDDD35EB144A59B73DAAC5BD31.e.4664"}]}
RESULT: {"script":"<script> [56 bytes]","args":[{"element-6066-11e4-a52e-4f735466cecf":"f.6F1C9CAC0929B66C30BD4634384CD5FC.d.7199CBBDDD35EB144A59B73DAAC5BD31.e.4664","ELEMENT":"f.6F1C9CAC0929B66C30BD4634384CD5FC.d.7199CBBDDD35EB144A59B73DAAC5BD31.e.4664"}]}
COMMAND: GET /session/f0da0c3c43298f3c96346e78252ccf41/screenshot - {}
]]></system-out>
    </testcase>
    <testcase classname="chrome.135_0_7049_96.windows.Tests_for_Mass_State_Change_on_Manage_States_&amp;_Performances_US104416_US" name="Prereq Should do a provide to site handover for today" time="56.754">
      <system-out><![CDATA[
COMMAND: POST /session/f0da0c3c43298f3c96346e78252ccf41/element - {"using":"xpath","value":"//button[@data-kt=\"provideButton\"]"}
RESULT: {}
RESULT: {"using":"xpath","value":"//button[@data-kt=\"provideButton\"]"}
COMMAND: POST /session/f0da0c3c43298f3c96346e78252ccf41/element/f.6F1C9CAC0929B66C30BD4634384CD5FC.d.7199CBBDDD35EB144A59B73DAAC5BD31.e.4665/click - {}
RESULT: {}
COMMAND: GET /session/f0da0c3c43298f3c96346e78252ccf41/screenshot - {}
RESULT: {}
RESULT: undefined
COMMAND: POST /session/f0da0c3c43298f3c96346e78252ccf41/execute/async - {"script":"<script> [6424 bytes]","args":[{"element-6066-11e4-a52e-4f735466cecf":"f.6F1C9CAC0929B66C30BD4634384CD5FC.d.7199CBBDDD35EB144A59B73DAAC5BD31.e.3681"},"setValue",["05/05/2025"]]}
COMMAND: POST /session/f0da0c3c43298f3c96346e78252ccf41/execute/async - {"script":"<script> [1562 bytes]","args":[{"selector":{"id":"application-managehandovers-display-component---AddNewHO--dueDate","interaction":{"idSuffix":"inner"}},"wdio_ui5_key":"applicationmanagehandovers-display-component---AddNewHO--dueDate"}]}
RESULT: {"script":"<script> [1562 bytes]","args":[{"selector":{"id":"application-managehandovers-display-component---AddNewHO--dueDate","interaction":{"idSuffix":"inner"}},"wdio_ui5_key":"applicationmanagehandovers-display-component---AddNewHO--dueDate"}]}
COMMAND: POST /session/f0da0c3c43298f3c96346e78252ccf41/execute/async - {"script":"<script> [6424 bytes]","args":[{"element-6066-11e4-a52e-4f735466cecf":"f.6F1C9CAC0929B66C30BD4634384CD5FC.d.7199CBBDDD35EB144A59B73DAAC5BD31.e.4739"},"setValue",["05/05/2025"]]}
RESULT: {"script":"<script> [6424 bytes]","args":[{"element-6066-11e4-a52e-4f735466cecf":"f.6F1C9CAC0929B66C30BD4634384CD5FC.d.7199CBBDDD35EB144A59B73DAAC5BD31.e.4739"},"setValue",["05/05/2025"]]}
COMMAND: POST /session/f0da0c3c43298f3c96346e78252ccf41/element - {"using":"xpath","value":"//bdi[contains(text(), \"Instructions\")]"}
RESULT: {"using":"xpath","value":"//bdi[contains(text(), \"Instructions\")]"}
COMMAND: POST /session/f0da0c3c43298f3c96346e78252ccf41/element/f.6F1C9CAC0929B66C30BD4634384CD5FC.d.7199CBBDDD35EB144A59B73DAAC5BD31.e.4979/click - {}
RESULT: {}
COMMAND: GET /session/f0da0c3c43298f3c96346e78252ccf41/screenshot - {}
RESULT: {}
COMMAND: POST /session/f0da0c3c43298f3c96346e78252ccf41/element - {"using":"xpath","value":"//button[@data-kt=\"AddNewHOProvideAddItemsButton\"]"}
RESULT: {"using":"xpath","value":"//button[@data-kt=\"AddNewHOProvideAddItemsButton\"]"}
COMMAND: POST /session/f0da0c3c43298f3c96346e78252ccf41/element/f.6F1C9CAC0929B66C30BD4634384CD5FC.d.7199CBBDDD35EB144A59B73DAAC5BD31.e.4983/click - {}
RESULT: {}
COMMAND: GET /session/f0da0c3c43298f3c96346e78252ccf41/screenshot - {}
RESULT: {}
RESULT: undefined
COMMAND: POST /session/f0da0c3c43298f3c96346e78252ccf41/element - {"using":"xpath","value":"//*[@id=\"application-managehandovers-display-component---AddNewHO--popup-sa\"]"}
RESULT: {"using":"xpath","value":"//*[@id=\"application-managehandovers-display-component---AddNewHO--popup-sa\"]"}
COMMAND: POST /session/f0da0c3c43298f3c96346e78252ccf41/element/f.6F1C9CAC0929B66C30BD4634384CD5FC.d.7199CBBDDD35EB144A59B73DAAC5BD31.e.4993/click - {}
RESULT: {}
COMMAND: GET /session/f0da0c3c43298f3c96346e78252ccf41/screenshot - {}
RESULT: {}
COMMAND: POST /session/f0da0c3c43298f3c96346e78252ccf41/element - {"using":"xpath","value":"//*[contains(@id ,\"BDI-content\")][contains(text(), \"Select\")]"}
RESULT: {"using":"xpath","value":"//*[contains(@id ,\"BDI-content\")][contains(text(), \"Select\")]"}
COMMAND: POST /session/f0da0c3c43298f3c96346e78252ccf41/element/f.6F1C9CAC0929B66C30BD4634384CD5FC.d.7199CBBDDD35EB144A59B73DAAC5BD31.e.4994/click - {}
RESULT: {}
COMMAND: GET /session/f0da0c3c43298f3c96346e78252ccf41/screenshot - {}
RESULT: {}
COMMAND: POST /session/f0da0c3c43298f3c96346e78252ccf41/execute/async - {"script":"<script> [1562 bytes]","args":[{"selector":{"id":"application-managehandovers-display-component---AddNewHO--confirmCreationButton","interaction":{"idSuffix":"BDI-content"}},"wdio_ui5_key":"applicationmanagehandovers-display-component---AddNewHO--confirmCreationButton"}]}
RESULT: {"script":"<script> [1562 bytes]","args":[{"selector":{"id":"application-managehandovers-display-component---AddNewHO--confirmCreationButton","interaction":{"idSuffix":"BDI-content"}},"wdio_ui5_key":"applicationmanagehandovers-display-component---AddNewHO--confirmCreationButton"}]}
RESULT: undefined
COMMAND: POST /session/f0da0c3c43298f3c96346e78252ccf41/element - {"using":"xpath","value":"//*[@id=\"application-managehandovers-display-component---AddNewHO--confirmCreationButton\"]"}
RESULT: {"using":"xpath","value":"//*[@id=\"application-managehandovers-display-component---AddNewHO--confirmCreationButton\"]"}
COMMAND: POST /session/f0da0c3c43298f3c96346e78252ccf41/element/f.6F1C9CAC0929B66C30BD4634384CD5FC.d.7199CBBDDD35EB144A59B73DAAC5BD31.e.4783/click - {}
RESULT: {}
COMMAND: GET /session/f0da0c3c43298f3c96346e78252ccf41/screenshot - {}
RESULT: {}
COMMAND: POST /session/f0da0c3c43298f3c96346e78252ccf41/element - {"using":"xpath","value":"//button[@data-kt=\"PickingTableConfirmAllButton\"]"}
RESULT: {"using":"xpath","value":"//button[@data-kt=\"PickingTableConfirmAllButton\"]"}
COMMAND: POST /session/f0da0c3c43298f3c96346e78252ccf41/elements - {"using":"xpath","value":"//button[@data-kt=\"PickingTableConfirmAllButton\"]"}
RESULT: {"using":"xpath","value":"//button[@data-kt=\"PickingTableConfirmAllButton\"]"}
COMMAND: POST /session/f0da0c3c43298f3c96346e78252ccf41/elements - {"using":"xpath","value":"//button[@data-kt=\"PickingTableConfirmAllButton\"]"}
RESULT: {"using":"xpath","value":"//button[@data-kt=\"PickingTableConfirmAllButton\"]"}
COMMAND: POST /session/f0da0c3c43298f3c96346e78252ccf41/element - {"using":"xpath","value":"//button[@data-kt=\"PickingTableConfirmAllButton\"]"}
RESULT: {"using":"xpath","value":"//button[@data-kt=\"PickingTableConfirmAllButton\"]"}
COMMAND: POST /session/f0da0c3c43298f3c96346e78252ccf41/element/f.6F1C9CAC0929B66C30BD4634384CD5FC.d.7199CBBDDD35EB144A59B73DAAC5BD31.e.5031/click - {}
COMMAND: POST /session/f0da0c3c43298f3c96346e78252ccf41/element - {"using":"xpath","value":"//button[@data-kt=\"PickingTableConfirmAllButton\"]"}
RESULT: {"using":"xpath","value":"//button[@data-kt=\"PickingTableConfirmAllButton\"]"}
COMMAND: POST /session/f0da0c3c43298f3c96346e78252ccf41/element/f.6F1C9CAC0929B66C30BD4634384CD5FC.d.7199CBBDDD35EB144A59B73DAAC5BD31.e.5031/click - {}
COMMAND: POST /session/f0da0c3c43298f3c96346e78252ccf41/element - {"using":"xpath","value":"//button[@data-kt=\"PickingTableConfirmAllButton\"]"}
RESULT: {"using":"xpath","value":"//button[@data-kt=\"PickingTableConfirmAllButton\"]"}
COMMAND: POST /session/f0da0c3c43298f3c96346e78252ccf41/element/f.6F1C9CAC0929B66C30BD4634384CD5FC.d.7199CBBDDD35EB144A59B73DAAC5BD31.e.5046/click - {}
RESULT: {}
COMMAND: GET /session/f0da0c3c43298f3c96346e78252ccf41/screenshot - {}
RESULT: {}
COMMAND: POST /session/f0da0c3c43298f3c96346e78252ccf41/element - {"using":"xpath","value":"//bdi[contains(text(), \"OK\")]"}
RESULT: {"using":"xpath","value":"//bdi[contains(text(), \"OK\")]"}
COMMAND: POST /session/f0da0c3c43298f3c96346e78252ccf41/element/f.6F1C9CAC0929B66C30BD4634384CD5FC.d.7199CBBDDD35EB144A59B73DAAC5BD31.e.5049/click - {}
RESULT: {}
COMMAND: GET /session/f0da0c3c43298f3c96346e78252ccf41/screenshot - {}
RESULT: {}
COMMAND: POST /session/f0da0c3c43298f3c96346e78252ccf41/element - {"using":"xpath","value":"//bdi[contains(text(), \"Issue\")]"}
RESULT: {"using":"xpath","value":"//bdi[contains(text(), \"Issue\")]"}
COMMAND: POST /session/f0da0c3c43298f3c96346e78252ccf41/element/f.6F1C9CAC0929B66C30BD4634384CD5FC.d.7199CBBDDD35EB144A59B73DAAC5BD31.e.5052/click - {}
RESULT: {}
COMMAND: GET /session/f0da0c3c43298f3c96346e78252ccf41/screenshot - {}
RESULT: {}
COMMAND: POST /session/f0da0c3c43298f3c96346e78252ccf41/element - {"using":"css selector","value":"#shell-header-logo"}
RESULT: {"using":"css selector","value":"#shell-header-logo"}
COMMAND: POST /session/f0da0c3c43298f3c96346e78252ccf41/element/f.6F1C9CAC0929B66C30BD4634384CD5FC.d.7199CBBDDD35EB144A59B73DAAC5BD31.e.4089/click - {}
RESULT: {}
COMMAND: GET /session/f0da0c3c43298f3c96346e78252ccf41/screenshot - {}
RESULT: {}
]]></system-out>
    </testcase>
  </testsuite>
</testsuites>