<?xml version="1.0" encoding="UTF-8"?>
<testsuites tests="23" failures="0" errors="0" skipped="0">
  <testsuite timestamp="2025-05-18T17:46:28" time="1060.923" tests="6" failures="0" errors="0" skipped="0">
    <properties>
      <property name="specId" value="0" />
      <property name="suiteName" value="Standard contract - add contract items by Insert Request US118222" />
      <property name="capabilities" value="chrome.136_0_7103_93.windows" />
      <property name="file" value="file:///D:/a/1/s/test/specs/R2C/standard-contract-add-contract-items-by-insert-request.spec.js" />
    </properties>
    <testcase classname="chrome.136_0_7103_93.windows.Standard_contract_-_add_contract_items_by_Insert_Request_US118222" name="Should create prerequisites yard partner site material and equipment" time="295.314">
      <system-out><![CDATA[
COMMAND: POST /session/85842d14400d925143d12204a9eb11ff/execute/async - {"script":"<script> [1562 bytes]","args":[{"selector":{"controlType":"sap.m.GenericTile","properties":{"header":"Manage Yards"}},"wdio_ui5_key":"sapm.GenericTile{\"header\":\"Manage Yards\"}"}]}
RESULT: {"script":"<script> [1562 bytes]","args":[{"selector":{"controlType":"sap.m.GenericTile","properties":{"header":"Manage Yards"}},"wdio_ui5_key":"sapm.GenericTile{\"header\":\"Manage Yards\"}"}]}
RESULT: undefined
COMMAND: POST /session/85842d14400d925143d12204a9eb11ff/element - {"using":"xpath","value":"//*[@id=\"__tile41\"]"}
RESULT: {"using":"xpath","value":"//*[@id=\"__tile41\"]"}
COMMAND: POST /session/85842d14400d925143d12204a9eb11ff/element/f.F943DB1403663130BF14B631DBCBD046.d.36BAB129C0EF44BBB7ACD4EA7A5739A9.e.132/click - {}
RESULT: {}
COMMAND: GET /session/85842d14400d925143d12204a9eb11ff/screenshot - {}
RESULT: {}
COMMAND: POST /session/85842d14400d925143d12204a9eb11ff/elements - {"using":"xpath","value":"//span[text()='Error']"}
RESULT: {"using":"xpath","value":"//span[text()='Error']"}
COMMAND: POST /session/85842d14400d925143d12204a9eb11ff/execute/async - {"script":"<script> [1562 bytes]","args":[{"selector":{"controlType":"sap.ui.core.Icon","viewName":"etm.portal.ui.manageyards.view.Master","viewId":"application-manageyards-display-component---masterYard","properties":{"src":{"regex":{"source":"add"}}}},"wdio_ui5_key":"etmportal.ui.manageyards.view.Mastersap.ui.core.Icon{\"src\":{\"regex\":{\"source\":\"add\"}}}"}]}
RESULT: {"script":"<script> [1562 bytes]","args":[{"selector":{"controlType":"sap.ui.core.Icon","viewName":"etm.portal.ui.manageyards.view.Master","viewId":"application-manageyards-display-component---masterYard","properties":{"src":{"regex":{"source":"add"}}}},"wdio_ui5_key":"etmportal.ui.manageyards.view.Mastersap.ui.core.Icon{\"src\":{\"regex\":{\"source\":\"add\"}}}"}]}
RESULT: undefined
COMMAND: POST /session/85842d14400d925143d12204a9eb11ff/element - {"using":"xpath","value":"//*[@id=\"__button4-img\"]"}
RESULT: {"using":"xpath","value":"//*[@id=\"__button4-img\"]"}
COMMAND: POST /session/85842d14400d925143d12204a9eb11ff/element/f.F943DB1403663130BF14B631DBCBD046.d.36BAB129C0EF44BBB7ACD4EA7A5739A9.e.179/click - {}
RESULT: {}
COMMAND: GET /session/85842d14400d925143d12204a9eb11ff/screenshot - {}
RESULT: {}
COMMAND: POST /session/85842d14400d925143d12204a9eb11ff/execute/async - {"script":"<script> [1562 bytes]","args":[{"selector":{"id":"application-manageyards-display-component---NewYard--yardId","interaction":{"idSuffix":"inner"}},"wdio_ui5_key":"applicationmanageyards-display-component---NewYard--yardId"}]}
RESULT: {"script":"<script> [1562 bytes]","args":[{"selector":{"id":"application-manageyards-display-component---NewYard--yardId","interaction":{"idSuffix":"inner"}},"wdio_ui5_key":"applicationmanageyards-display-component---NewYard--yardId"}]}
RESULT: undefined
COMMAND: POST /session/85842d14400d925143d12204a9eb11ff/element - {"using":"xpath","value":"//*[@id=\"application-manageyards-display-component---NewYard--addressDetailDetailsName1-inner\"]"}
RESULT: {"using":"xpath","value":"//*[@id=\"application-manageyards-display-component---NewYard--addressDetailDetailsName1-inner\"]"}
COMMAND: POST /session/85842d14400d925143d12204a9eb11ff/element/f.F943DB1403663130BF14B631DBCBD046.d.36BAB129C0EF44BBB7ACD4EA7A5739A9.e.313/clear - {}
RESULT: {}
COMMAND: POST /session/85842d14400d925143d12204a9eb11ff/element/f.F943DB1403663130BF14B631DBCBD046.d.36BAB129C0EF44BBB7ACD4EA7A5739A9.e.313/value - {"text":"WebdriverYard4joyzj"}
COMMAND: GET /session/85842d14400d925143d12204a9eb11ff/screenshot - {}
RESULT: {"text":"WebdriverYard4joyzj"}
COMMAND: POST /session/85842d14400d925143d12204a9eb11ff/element - {"using":"xpath","value":"//*[@id=\"application-manageyards-display-component---NewYard--addressDetailDetailsLanguage-inner\"]"}
COMMAND: GET /session/85842d14400d925143d12204a9eb11ff/screenshot - {}
RESULT: {}
RESULT: {"using":"xpath","value":"//*[@id=\"application-manageyards-display-component---NewYard--addressDetailDetailsLanguage-inner\"]"}
COMMAND: POST /session/85842d14400d925143d12204a9eb11ff/element/f.F943DB1403663130BF14B631DBCBD046.d.36BAB129C0EF44BBB7ACD4EA7A5739A9.e.314/clear - {}
RESULT: {}
RESULT: {}
COMMAND: POST /session/85842d14400d925143d12204a9eb11ff/element/f.F943DB1403663130BF14B631DBCBD046.d.36BAB129C0EF44BBB7ACD4EA7A5739A9.e.314/value - {"text":"Romanian"}
COMMAND: GET /session/85842d14400d925143d12204a9eb11ff/screenshot - {}
RESULT: {"text":"Romanian"}
COMMAND: POST /session/85842d14400d925143d12204a9eb11ff/element - {"using":"xpath","value":"//input[contains(@id ,\"application-manageyards-display-component---NewYard--addressDetailDetailsName1-inner\")]"}
COMMAND: GET /session/85842d14400d925143d12204a9eb11ff/screenshot - {}
RESULT: {}
RESULT: {"using":"xpath","value":"//input[contains(@id ,\"application-manageyards-display-component---NewYard--addressDetailDetailsName1-inner\")]"}
COMMAND: GET /session/85842d14400d925143d12204a9eb11ff/element/f.F943DB1403663130BF14B631DBCBD046.d.36BAB129C0EF44BBB7ACD4EA7A5739A9.e.313/property/value - {}
RESULT: {}
RESULT: {}
COMMAND: GET /session/85842d14400d925143d12204a9eb11ff/screenshot - {}
RESULT: {}
COMMAND: POST /session/85842d14400d925143d12204a9eb11ff/element - {"using":"xpath","value":"//*[@id=\"application-manageyards-display-component---NewYard--addressDetailDetailsCity1-inner\"]"}
RESULT: {"using":"xpath","value":"//*[@id=\"application-manageyards-display-component---NewYard--addressDetailDetailsCity1-inner\"]"}
COMMAND: POST /session/85842d14400d925143d12204a9eb11ff/element/f.F943DB1403663130BF14B631DBCBD046.d.36BAB129C0EF44BBB7ACD4EA7A5739A9.e.316/clear - {}
RESULT: {}
COMMAND: POST /session/85842d14400d925143d12204a9eb11ff/element/f.F943DB1403663130BF14B631DBCBD046.d.36BAB129C0EF44BBB7ACD4EA7A5739A9.e.316/value - {"text":"Bucuresti"}
COMMAND: GET /session/85842d14400d925143d12204a9eb11ff/screenshot - {}
RESULT: {"text":"Bucuresti"}
COMMAND: GET /session/85842d14400d925143d12204a9eb11ff/screenshot - {}
RESULT: {}
RESULT: {}
COMMAND: POST /session/85842d14400d925143d12204a9eb11ff/element - {"using":"xpath","value":"//*[@id=\"application-manageyards-display-component---NewYard--addressDetailDetailsCountry-inner\"]"}
RESULT: {"using":"xpath","value":"//*[@id=\"application-manageyards-display-component---NewYard--addressDetailDetailsCountry-inner\"]"}
COMMAND: POST /session/85842d14400d925143d12204a9eb11ff/element/f.F943DB1403663130BF14B631DBCBD046.d.36BAB129C0EF44BBB7ACD4EA7A5739A9.e.320/clear - {}
RESULT: {}
COMMAND: POST /session/85842d14400d925143d12204a9eb11ff/element/f.F943DB1403663130BF14B631DBCBD046.d.36BAB129C0EF44BBB7ACD4EA7A5739A9.e.320/value - {"text":"Romania"}
COMMAND: GET /session/85842d14400d925143d12204a9eb11ff/screenshot - {}
RESULT: {}
RESULT: {"text":"Romania"}
COMMAND: GET /session/85842d14400d925143d12204a9eb11ff/screenshot - {}
RESULT: {}
COMMAND: POST /session/85842d14400d925143d12204a9eb11ff/element - {"using":"xpath","value":"//div[contains(text(), \"Commercial\")]"}
RESULT: {"using":"xpath","value":"//div[contains(text(), \"Commercial\")]"}
COMMAND: GET /session/85842d14400d925143d12204a9eb11ff/element/f.F943DB1403663130BF14B631DBCBD046.d.36BAB129C0EF44BBB7ACD4EA7A5739A9.e.594/rect - {}
RESULT: {}
COMMAND: GET /session/85842d14400d925143d12204a9eb11ff/window/rect - {}
RESULT: {}
COMMAND: POST /session/85842d14400d925143d12204a9eb11ff/execute/sync - {"script":"<script> [92 bytes]","args":[]}
RESULT: {"script":"<script> [92 bytes]","args":[]}
COMMAND: POST /session/85842d14400d925143d12204a9eb11ff/actions - {"actions":[{"id":"action1","type":"wheel","parameters":{},"actions":[{"type":"scroll","x":-1841,"y":-44,"deltaX":0,"deltaY":0,"duration":0,"origin":{"element-6066-11e4-a52e-4f735466cecf":"f.F943DB1403663130BF14B631DBCBD046.d.36BAB129C0EF44BBB7ACD4EA7A5739A9.e.594"}}]}]}
COMMAND: GET /session/85842d14400d925143d12204a9eb11ff/screenshot - {}
RESULT: {}
COMMAND: POST /session/85842d14400d925143d12204a9eb11ff/execute/sync - {"script":"<script> [79 bytes]","args":[{"element-6066-11e4-a52e-4f735466cecf":"f.F943DB1403663130BF14B631DBCBD046.d.36BAB129C0EF44BBB7ACD4EA7A5739A9.e.594","ELEMENT":"f.F943DB1403663130BF14B631DBCBD046.d.36BAB129C0EF44BBB7ACD4EA7A5739A9.e.594"},{"block":"start","inline":"nearest"}]}
RESULT: {"script":"<script> [79 bytes]","args":[{"element-6066-11e4-a52e-4f735466cecf":"f.F943DB1403663130BF14B631DBCBD046.d.36BAB129C0EF44BBB7ACD4EA7A5739A9.e.594","ELEMENT":"f.F943DB1403663130BF14B631DBCBD046.d.36BAB129C0EF44BBB7ACD4EA7A5739A9.e.594"},{"block":"start","inline":"nearest"}]}
COMMAND: GET /session/85842d14400d925143d12204a9eb11ff/screenshot - {}
RESULT: {}
COMMAND: POST /session/85842d14400d925143d12204a9eb11ff/execute/async - {"script":"<script> [1562 bytes]","args":[{"selector":{"id":"application-manageyards-display-component---NewYard--addressEditDetailsCostObjectCstType-arrow"},"wdio_ui5_key":"applicationmanageyards-display-component---NewYard--addressEditDetailsCostObjectCstType-arrow"}]}
RESULT: {"script":"<script> [1562 bytes]","args":[{"selector":{"id":"application-manageyards-display-component---NewYard--addressEditDetailsCostObjectCstType-arrow"},"wdio_ui5_key":"applicationmanageyards-display-component---NewYard--addressEditDetailsCostObjectCstType-arrow"}]}
RESULT: undefined
COMMAND: POST /session/85842d14400d925143d12204a9eb11ff/element - {"using":"xpath","value":"//*[@id=\"application-manageyards-display-component---NewYard--addressEditDetailsCostObjectCstType-arrow\"]"}
RESULT: {"using":"xpath","value":"//*[@id=\"application-manageyards-display-component---NewYard--addressEditDetailsCostObjectCstType-arrow\"]"}
COMMAND: POST /session/85842d14400d925143d12204a9eb11ff/element/f.F943DB1403663130BF14B631DBCBD046.d.36BAB129C0EF44BBB7ACD4EA7A5739A9.e.602/click - {}
RESULT: {}
COMMAND: POST /session/85842d14400d925143d12204a9eb11ff/element - {"using":"xpath","value":"//span[contains(text(), \"Cost Center\")]"}
COMMAND: GET /session/85842d14400d925143d12204a9eb11ff/screenshot - {}
RESULT: {"using":"xpath","value":"//span[contains(text(), \"Cost Center\")]"}
COMMAND: POST /session/85842d14400d925143d12204a9eb11ff/element/f.F943DB1403663130BF14B631DBCBD046.d.36BAB129C0EF44BBB7ACD4EA7A5739A9.e.603/click - {}
RESULT: {}
RESULT: {}
COMMAND: GET /session/85842d14400d925143d12204a9eb11ff/screenshot - {}
RESULT: {}
COMMAND: POST /session/85842d14400d925143d12204a9eb11ff/execute/async - {"script":"<script> [1562 bytes]","args":[{"selector":{"id":"application-manageyards-display-component---NewYard--addressNewCostObjectCstID-vhi"},"wdio_ui5_key":"applicationmanageyards-display-component---NewYard--addressNewCostObjectCstID-vhi"}]}
RESULT: {"script":"<script> [1562 bytes]","args":[{"selector":{"id":"application-manageyards-display-component---NewYard--addressNewCostObjectCstID-vhi"},"wdio_ui5_key":"applicationmanageyards-display-component---NewYard--addressNewCostObjectCstID-vhi"}]}
RESULT: undefined
COMMAND: POST /session/85842d14400d925143d12204a9eb11ff/element - {"using":"xpath","value":"//*[@id=\"application-manageyards-display-component---NewYard--addressNewCostObjectCstID-vhi\"]"}
RESULT: {"using":"xpath","value":"//*[@id=\"application-manageyards-display-component---NewYard--addressNewCostObjectCstID-vhi\"]"}
COMMAND: POST /session/85842d14400d925143d12204a9eb11ff/element/f.F943DB1403663130BF14B631DBCBD046.d.36BAB129C0EF44BBB7ACD4EA7A5739A9.e.607/click - {}
RESULT: {}
COMMAND: GET /session/85842d14400d925143d12204a9eb11ff/screenshot - {}
RESULT: {}
COMMAND: POST /session/85842d14400d925143d12204a9eb11ff/execute/async - {"script":"<script> [1562 bytes]","args":[{"selector":{"controlType":"sap.m.SearchField","properties":{"placeholder":"Search"},"searchOpenDialogs":true,"interaction":{"idSuffix":"I"}},"wdio_ui5_key":"sapm.SearchField{\"placeholder\":\"Search\"}"}]}
RESULT: {"script":"<script> [1562 bytes]","args":[{"selector":{"controlType":"sap.m.SearchField","properties":{"placeholder":"Search"},"searchOpenDialogs":true,"interaction":{"idSuffix":"I"}},"wdio_ui5_key":"sapm.SearchField{\"placeholder\":\"Search\"}"}]}
RESULT: undefined
COMMAND: POST /session/85842d14400d925143d12204a9eb11ff/execute/async - {"script":"<script> [776 bytes]","args":[{"enterText":"10001013","selector":{"controlType":"sap.m.SearchField","properties":{"placeholder":"Search"},"searchOpenDialogs":true,"interaction":{"idSuffix":"I"}},"clearTextFirst":true,"interactionType":"ENTER_TEXT"}]}
RESULT: {"script":"<script> [776 bytes]","args":[{"enterText":"10001013","selector":{"controlType":"sap.m.SearchField","properties":{"placeholder":"Search"},"searchOpenDialogs":true,"interaction":{"idSuffix":"I"}},"clearTextFirst":true,"interactionType":"ENTER_TEXT"}]}
COMMAND: POST /session/85842d14400d925143d12204a9eb11ff/actions - {"actions":[{"id":"action2","type":"key","parameters":{},"actions":[{"type":"keyDown","value":"î€‡"},{"type":"pause","duration":10},{"type":"keyUp","value":"î€‡"}]}]}
RESULT: {"actions":[{"id":"action2","type":"key","parameters":{},"actions":[{"type":"keyDown","value":"î€‡"},{"type":"pause","duration":10},{"type":"keyUp","value":"î€‡"}]}]}
COMMAND: GET /session/85842d14400d925143d12204a9eb11ff/screenshot - {}
RESULT: {}
COMMAND: POST /session/85842d14400d925143d12204a9eb11ff/element - {"using":"xpath","value":"//span[contains(text(), \"General Management\")]"}
RESULT: {"using":"xpath","value":"//span[contains(text(), \"General Management\")]"}
COMMAND: POST /session/85842d14400d925143d12204a9eb11ff/element/f.F943DB1403663130BF14B631DBCBD046.d.36BAB129C0EF44BBB7ACD4EA7A5739A9.e.647/click - {}
RESULT: {}
COMMAND: GET /session/85842d14400d925143d12204a9eb11ff/screenshot - {}
RESULT: {}
COMMAND: POST /session/85842d14400d925143d12204a9eb11ff/element - {"using":"xpath","value":"//bdi[contains(text(), \"OK\")]"}
RESULT: {"using":"xpath","value":"//bdi[contains(text(), \"OK\")]"}
COMMAND: POST /session/85842d14400d925143d12204a9eb11ff/element/f.F943DB1403663130BF14B631DBCBD046.d.36BAB129C0EF44BBB7ACD4EA7A5739A9.e.648/click - {}
RESULT: {}
COMMAND: GET /session/85842d14400d925143d12204a9eb11ff/screenshot - {}
RESULT: {}
COMMAND: POST /session/85842d14400d925143d12204a9eb11ff/execute/async - {"script":"<script> [1562 bytes]","args":[{"selector":{"controlType":"sap.m.Button","viewName":"etm.portal.ui.manageyards.view.New","viewId":"application-manageyards-display-component---NewYard","i18NText":{"propertyName":"text","key":"save"},"interaction":{"idSuffix":"inner"}},"wdio_ui5_key":"etmportal.ui.manageyards.view.Newsap.m.Button{\"propertyName\":\"text\",\"key\":\"save\"}"}]}
RESULT: {"script":"<script> [1562 bytes]","args":[{"selector":{"controlType":"sap.m.Button","viewName":"etm.portal.ui.manageyards.view.New","viewId":"application-manageyards-display-component---NewYard","i18NText":{"propertyName":"text","key":"save"},"interaction":{"idSuffix":"inner"}},"wdio_ui5_key":"etmportal.ui.manageyards.view.Newsap.m.Button{\"propertyName\":\"text\",\"key\":\"save\"}"}]}
RESULT: undefined
COMMAND: POST /session/85842d14400d925143d12204a9eb11ff/element - {"using":"xpath","value":"//*[@id=\"__button18\"]"}
RESULT: {"using":"xpath","value":"//*[@id=\"__button18\"]"}
COMMAND: POST /session/85842d14400d925143d12204a9eb11ff/element/f.F943DB1403663130BF14B631DBCBD046.d.36BAB129C0EF44BBB7ACD4EA7A5739A9.e.551/click - {}
RESULT: {}
COMMAND: GET /session/85842d14400d925143d12204a9eb11ff/screenshot - {}
RESULT: {}
COMMAND: POST /session/85842d14400d925143d12204a9eb11ff/element - {"using":"xpath","value":"//header/div/div[2]/div[2]/span"}
RESULT: {"using":"xpath","value":"//header/div/div[2]/div[2]/span"}
COMMAND: GET /session/85842d14400d925143d12204a9eb11ff/element/f.F943DB1403663130BF14B631DBCBD046.d.36BAB129C0EF44BBB7ACD4EA7A5739A9.e.845/text - {}
RESULT: {}
COMMAND: POST /session/85842d14400d925143d12204a9eb11ff/execute/async - {"script":"<script> [1562 bytes]","args":[{"selector":{"controlType":"sap.m.OverflowToolbarButton","viewName":"etm.portal.ui.manageyards.view.Detail","viewId":"application-manageyards-display-component---detailYard","i18NText":{"propertyName":"tooltip","key":"closeColumn"},"interaction":{"idSuffix":"inner"}},"wdio_ui5_key":"etmportal.ui.manageyards.view.Detailsap.m.OverflowToolbarButton{\"propertyName\":\"tooltip\",\"key\":\"closeColumn\"}"}]}
RESULT: {"script":"<script> [1562 bytes]","args":[{"selector":{"controlType":"sap.m.OverflowToolbarButton","viewName":"etm.portal.ui.manageyards.view.Detail","viewId":"application-manageyards-display-component---detailYard","i18NText":{"propertyName":"tooltip","key":"closeColumn"},"interaction":{"idSuffix":"inner"}},"wdio_ui5_key":"etmportal.ui.manageyards.view.Detailsap.m.OverflowToolbarButton{\"propertyName\":\"tooltip\",\"key\":\"closeColumn\"}"}]}
RESULT: undefined
COMMAND: POST /session/85842d14400d925143d12204a9eb11ff/element - {"using":"xpath","value":"//*[@id=\"__button40\"]"}
RESULT: {"using":"xpath","value":"//*[@id=\"__button40\"]"}
COMMAND: POST /session/85842d14400d925143d12204a9eb11ff/element/f.F943DB1403663130BF14B631DBCBD046.d.36BAB129C0EF44BBB7ACD4EA7A5739A9.e.847/click - {}
RESULT: {}
COMMAND: GET /session/85842d14400d925143d12204a9eb11ff/screenshot - {}
RESULT: {}
COMMAND: POST /session/85842d14400d925143d12204a9eb11ff/element - {"using":"css selector","value":"#shell-header-logo"}
RESULT: {"using":"css selector","value":"#shell-header-logo"}
COMMAND: POST /session/85842d14400d925143d12204a9eb11ff/element/f.F943DB1403663130BF14B631DBCBD046.d.36BAB129C0EF44BBB7ACD4EA7A5739A9.e.135/click - {}
RESULT: {}
COMMAND: GET /session/85842d14400d925143d12204a9eb11ff/screenshot - {}
RESULT: {}
COMMAND: POST /session/85842d14400d925143d12204a9eb11ff/refresh - {}
RESULT: {}
COMMAND: GET /session/85842d14400d925143d12204a9eb11ff/screenshot - {}
RESULT: {}
COMMAND: POST /session/85842d14400d925143d12204a9eb11ff/execute/async - {"script":"<script> [189 bytes]","args":[]}
RESULT: {"script":"<script> [189 bytes]","args":[]}
COMMAND: POST /session/85842d14400d925143d12204a9eb11ff/execute/async - {"script":"<script> [123 bytes]","args":[]}
RESULT: {"script":"<script> [123 bytes]","args":[]}
COMMAND: POST /session/85842d14400d925143d12204a9eb11ff/timeouts - {"script":"<number>"}
RESULT: {"script":"<number>"}
COMMAND: GET /session/85842d14400d925143d12204a9eb11ff/timeouts - {}
RESULT: {}
RESULT: undefined
COMMAND: POST /session/85842d14400d925143d12204a9eb11ff/execute/async - {"script":"<script> [2676 bytes]","args":[]}
RESULT: {"script":"<script> [2676 bytes]","args":[]}
COMMAND: POST /session/85842d14400d925143d12204a9eb11ff/execute/async - {"script":"<script> [2342 bytes]","args":[{"protocol":"http","hostname":"0.0.0.0","path":"/","capabilities":{"browserName":"chrome","goog:chromeOptions":{"binary":"C:\\Program Files\\Google\\Chrome\\Application\\chrome.exe","args":["--start-maximized"]}},"logLevel":"warn","connectionRetryTimeout":120000,"connectionRetryCount":3,"logLevels":{},"enableDirectConnect":true,"strictSSL":true,"_":"65 more keys: [\"cacheDir\",\"port\",\"requestedCapabilities\",\"automationProtocol\",\"baseUrl\",\"waitforInterval\",\"waitforTimeout\",\"onReload\",\"beforeCommand\",\"afterCommand\",\"rootDir\",\"specs\",\"suites\",\"exclude\",\"groupLogsByTestSpec\",\"excludeDriverLogs\",\"bail\",\"framework\",\"reporters\",\"services\",\"maxInstances\",\"maxInstancesPerCapability\",\"injectGlobals\",\"filesToWatch\",\"execArgv\",\"runnerEnv\",\"runner\",\"shard\",\"specFileRetries\",\"specFileRetriesDelay\",\"specFileRetriesDeferred\",\"reporterSyncInterval\",\"reporterSyncTimeout\",\"cucumberFeaturesWithLineNumbers\",\"autoCompileOpts\",\"mochaOpts\",\"jasmineOpts\",\"cucumberOpts\",\"onPrepare\",\"onWorkerStart\",\"onWorkerEnd\",\"before\",\"beforeSession\",\"beforeSuite\",\"beforeHook\",\"beforeTest\",\"afterTest\",\"afterHook\",\"afterSuite\",\"afterSession\",\"after\",\"onComplete\",\"beforeAssertion\",\"afterAssertion\",\"beforeFeature\",\"beforeScenario\",\"beforeStep\",\"afterStep\",\"afterScenario\",\"afterFeature\",\"_\",\"suite\",\"$0\",\"ignoredWorkerServices\",\"wdi5\"]"}]}
RESULT: {"script":"<script> [2342 bytes]","args":[{"protocol":"http","hostname":"0.0.0.0","path":"/","capabilities":{"browserName":"chrome","goog:chromeOptions":{"binary":"C:\\Program Files\\Google\\Chrome\\Application\\chrome.exe","args":["--start-maximized"]}},"logLevel":"warn","connectionRetryTimeout":120000,"connectionRetryCount":3,"logLevels":{},"enableDirectConnect":true,"strictSSL":true,"_":"65 more keys: [\"cacheDir\",\"port\",\"requestedCapabilities\",\"automationProtocol\",\"baseUrl\",\"waitforInterval\",\"waitforTimeout\",\"onReload\",\"beforeCommand\",\"afterCommand\",\"rootDir\",\"specs\",\"suites\",\"exclude\",\"groupLogsByTestSpec\",\"excludeDriverLogs\",\"bail\",\"framework\",\"reporters\",\"services\",\"maxInstances\",\"maxInstancesPerCapability\",\"injectGlobals\",\"filesToWatch\",\"execArgv\",\"runnerEnv\",\"runner\",\"shard\",\"specFileRetries\",\"specFileRetriesDelay\",\"specFileRetriesDeferred\",\"reporterSyncInterval\",\"reporterSyncTimeout\",\"cucumberFeaturesWithLineNumbers\",\"autoCompileOpts\",\"mochaOpts\",\"jasmineOpts\",\"cucumberOpts\",\"onPrepare\",\"onWorkerStart\",\"onWorkerEnd\",\"before\",\"beforeSession\",\"beforeSuite\",\"beforeHook\",\"beforeTest\",\"afterTest\",\"afterHook\",\"afterSuite\",\"afterSession\",\"after\",\"onComplete\",\"beforeAssertion\",\"afterAssertion\",\"beforeFeature\",\"beforeScenario\",\"beforeStep\",\"afterStep\",\"afterScenario\",\"afterFeature\",\"_\",\"suite\",\"$0\",\"ignoredWorkerServices\",\"wdi5\"]"}]}
COMMAND: POST /session/85842d14400d925143d12204a9eb11ff/execute/async - {"script":"<script> [21126 bytes]","args":[35000]}
RESULT: {"script":"<script> [21126 bytes]","args":[35000]}
COMMAND: POST /session/85842d14400d925143d12204a9eb11ff/execute/async - {"script":"<script> [1562 bytes]","args":[{"selector":{"controlType":"sap.m.GenericTile","properties":{"header":"Manage Partners"}},"wdio_ui5_key":"sapm.GenericTile{\"header\":\"Manage Partners\"}"}]}
RESULT: {"script":"<script> [1562 bytes]","args":[{"selector":{"controlType":"sap.m.GenericTile","properties":{"header":"Manage Partners"}},"wdio_ui5_key":"sapm.GenericTile{\"header\":\"Manage Partners\"}"}]}
RESULT: undefined
COMMAND: POST /session/85842d14400d925143d12204a9eb11ff/element - {"using":"xpath","value":"//*[@id=\"__tile38\"]"}
RESULT: {"using":"xpath","value":"//*[@id=\"__tile38\"]"}
COMMAND: POST /session/85842d14400d925143d12204a9eb11ff/element/f.F943DB1403663130BF14B631DBCBD046.d.8CB9D4FA70D0E38A010156D83261A995.e.1202/click - {}
RESULT: {}
COMMAND: GET /session/85842d14400d925143d12204a9eb11ff/screenshot - {}
RESULT: {}
COMMAND: POST /session/85842d14400d925143d12204a9eb11ff/elements - {"using":"xpath","value":"//span[text()='Error']"}
RESULT: {"using":"xpath","value":"//span[text()='Error']"}
COMMAND: POST /session/85842d14400d925143d12204a9eb11ff/execute/async - {"script":"<script> [1562 bytes]","args":[{"selector":{"controlType":"sap.ui.core.Icon","viewName":"etm.portal.ui.managepartners.view.Master","viewId":"application-managepartners-display-component---masterPtm","properties":{"src":{"regex":{"source":"add"}}}},"wdio_ui5_key":"etmportal.ui.managepartners.view.Mastersap.ui.core.Icon{\"src\":{\"regex\":{\"source\":\"add\"}}}"}]}
RESULT: {"script":"<script> [1562 bytes]","args":[{"selector":{"controlType":"sap.ui.core.Icon","viewName":"etm.portal.ui.managepartners.view.Master","viewId":"application-managepartners-display-component---masterPtm","properties":{"src":{"regex":{"source":"add"}}}},"wdio_ui5_key":"etmportal.ui.managepartners.view.Mastersap.ui.core.Icon{\"src\":{\"regex\":{\"source\":\"add\"}}}"}]}
RESULT: undefined
COMMAND: POST /session/85842d14400d925143d12204a9eb11ff/element - {"using":"xpath","value":"//*[@id=\"__button4-img\"]"}
RESULT: {"using":"xpath","value":"//*[@id=\"__button4-img\"]"}
COMMAND: POST /session/85842d14400d925143d12204a9eb11ff/element/f.F943DB1403663130BF14B631DBCBD046.d.8CB9D4FA70D0E38A010156D83261A995.e.1254/click - {}
RESULT: {}
COMMAND: GET /session/85842d14400d925143d12204a9eb11ff/screenshot - {}
RESULT: {}
COMMAND: POST /session/85842d14400d925143d12204a9eb11ff/execute/async - {"script":"<script> [1562 bytes]","args":[{"selector":{"id":"application-managepartners-display-component---NewPartner--partnerId","interaction":{"idSuffix":"inner"}},"wdio_ui5_key":"applicationmanagepartners-display-component---NewPartner--partnerId"}]}
RESULT: {"script":"<script> [1562 bytes]","args":[{"selector":{"id":"application-managepartners-display-component---NewPartner--partnerId","interaction":{"idSuffix":"inner"}},"wdio_ui5_key":"applicationmanagepartners-display-component---NewPartner--partnerId"}]}
RESULT: undefined
COMMAND: POST /session/85842d14400d925143d12204a9eb11ff/execute/async - {"script":"<script> [1562 bytes]","args":[{"selector":{"id":"application-managepartners-display-component---NewPartner--addressDetailDetailsName1","interaction":{"idSuffix":"inner"}},"wdio_ui5_key":"applicationmanagepartners-display-component---NewPartner--addressDetailDetailsName1"}]}
RESULT: {"script":"<script> [1562 bytes]","args":[{"selector":{"id":"application-managepartners-display-component---NewPartner--addressDetailDetailsName1","interaction":{"idSuffix":"inner"}},"wdio_ui5_key":"applicationmanagepartners-display-component---NewPartner--addressDetailDetailsName1"}]}
RESULT: undefined
COMMAND: POST /session/85842d14400d925143d12204a9eb11ff/execute/async - {"script":"<script> [776 bytes]","args":[{"enterText":"WebdriverPartner2m2yk","selector":{"id":"application-managepartners-display-component---NewPartner--addressDetailDetailsName1","interaction":{"idSuffix":"inner"}},"clearTextFirst":true,"interactionType":"ENTER_TEXT"}]}
RESULT: {"script":"<script> [776 bytes]","args":[{"enterText":"WebdriverPartner2m2yk","selector":{"id":"application-managepartners-display-component---NewPartner--addressDetailDetailsName1","interaction":{"idSuffix":"inner"}},"clearTextFirst":true,"interactionType":"ENTER_TEXT"}]}
COMMAND: POST /session/85842d14400d925143d12204a9eb11ff/execute/async - {"script":"<script> [1562 bytes]","args":[{"selector":{"id":"application-managepartners-display-component---NewPartner--addressDetailDetailsLanguage","interaction":{"idSuffix":"inner"}},"wdio_ui5_key":"applicationmanagepartners-display-component---NewPartner--addressDetailDetailsLanguage"}]}
RESULT: {"script":"<script> [1562 bytes]","args":[{"selector":{"id":"application-managepartners-display-component---NewPartner--addressDetailDetailsLanguage","interaction":{"idSuffix":"inner"}},"wdio_ui5_key":"applicationmanagepartners-display-component---NewPartner--addressDetailDetailsLanguage"}]}
RESULT: undefined
COMMAND: POST /session/85842d14400d925143d12204a9eb11ff/execute/async - {"script":"<script> [776 bytes]","args":[{"enterText":"Romanian","selector":{"id":"application-managepartners-display-component---NewPartner--addressDetailDetailsLanguage","interaction":{"idSuffix":"inner"}},"clearTextFirst":true,"interactionType":"ENTER_TEXT"}]}
RESULT: {"script":"<script> [776 bytes]","args":[{"enterText":"Romanian","selector":{"id":"application-managepartners-display-component---NewPartner--addressDetailDetailsLanguage","interaction":{"idSuffix":"inner"}},"clearTextFirst":true,"interactionType":"ENTER_TEXT"}]}
COMMAND: POST /session/85842d14400d925143d12204a9eb11ff/element - {"using":"xpath","value":"//input[contains(@id ,\"application-managepartners-display-component---NewPartner--addressDetailDetailsName1-inner\")]"}
RESULT: {"using":"xpath","value":"//input[contains(@id ,\"application-managepartners-display-component---NewPartner--addressDetailDetailsName1-inner\")]"}
COMMAND: GET /session/85842d14400d925143d12204a9eb11ff/element/f.F943DB1403663130BF14B631DBCBD046.d.8CB9D4FA70D0E38A010156D83261A995.e.1436/property/value - {}
RESULT: {}
COMMAND: POST /session/85842d14400d925143d12204a9eb11ff/execute/async - {"script":"<script> [1562 bytes]","args":[{"selector":{"id":"application-managepartners-display-component---NewPartner--addressDetailDetailsCity1","interaction":{"idSuffix":"inner"}},"wdio_ui5_key":"applicationmanagepartners-display-component---NewPartner--addressDetailDetailsCity1"}]}
COMMAND: GET /session/85842d14400d925143d12204a9eb11ff/screenshot - {}
RESULT: {"script":"<script> [1562 bytes]","args":[{"selector":{"id":"application-managepartners-display-component---NewPartner--addressDetailDetailsCity1","interaction":{"idSuffix":"inner"}},"wdio_ui5_key":"applicationmanagepartners-display-component---NewPartner--addressDetailDetailsCity1"}]}
RESULT: undefined
COMMAND: POST /session/85842d14400d925143d12204a9eb11ff/execute/async - {"script":"<script> [776 bytes]","args":[{"enterText":"Bucharest","selector":{"id":"application-managepartners-display-component---NewPartner--addressDetailDetailsCity1","interaction":{"idSuffix":"inner"}},"clearTextFirst":true,"interactionType":"ENTER_TEXT"}]}
RESULT: {}
RESULT: {"script":"<script> [776 bytes]","args":[{"enterText":"Bucharest","selector":{"id":"application-managepartners-display-component---NewPartner--addressDetailDetailsCity1","interaction":{"idSuffix":"inner"}},"clearTextFirst":true,"interactionType":"ENTER_TEXT"}]}
COMMAND: POST /session/85842d14400d925143d12204a9eb11ff/execute/async - {"script":"<script> [1562 bytes]","args":[{"selector":{"id":"application-managepartners-display-component---NewPartner--addressDetailDetailsCountry","interaction":{"idSuffix":"inner"}},"wdio_ui5_key":"applicationmanagepartners-display-component---NewPartner--addressDetailDetailsCountry"}]}
RESULT: {"script":"<script> [1562 bytes]","args":[{"selector":{"id":"application-managepartners-display-component---NewPartner--addressDetailDetailsCountry","interaction":{"idSuffix":"inner"}},"wdio_ui5_key":"applicationmanagepartners-display-component---NewPartner--addressDetailDetailsCountry"}]}
RESULT: undefined
COMMAND: POST /session/85842d14400d925143d12204a9eb11ff/execute/async - {"script":"<script> [6424 bytes]","args":[{"element-6066-11e4-a52e-4f735466cecf":"f.F943DB1403663130BF14B631DBCBD046.d.8CB9D4FA70D0E38A010156D83261A995.e.1443"},"setValue",["Romania"]]}
RESULT: {"script":"<script> [6424 bytes]","args":[{"element-6066-11e4-a52e-4f735466cecf":"f.F943DB1403663130BF14B631DBCBD046.d.8CB9D4FA70D0E38A010156D83261A995.e.1443"},"setValue",["Romania"]]}
COMMAND: POST /session/85842d14400d925143d12204a9eb11ff/execute/async - {"script":"<script> [1562 bytes]","args":[{"selector":{"id":"application-managepartners-display-component---NewPartner--partnerDetailInternal","interaction":{"idSuffix":"inner"}},"wdio_ui5_key":"applicationmanagepartners-display-component---NewPartner--partnerDetailInternal"}]}
RESULT: {"script":"<script> [1562 bytes]","args":[{"selector":{"id":"application-managepartners-display-component---NewPartner--partnerDetailInternal","interaction":{"idSuffix":"inner"}},"wdio_ui5_key":"applicationmanagepartners-display-component---NewPartner--partnerDetailInternal"}]}
RESULT: undefined
COMMAND: POST /session/85842d14400d925143d12204a9eb11ff/execute/async - {"script":"<script> [776 bytes]","args":[{"enterText":"External partner","selector":{"id":"application-managepartners-display-component---NewPartner--partnerDetailInternal","interaction":{"idSuffix":"inner"}},"clearTextFirst":true,"interactionType":"ENTER_TEXT"}]}
RESULT: {"script":"<script> [776 bytes]","args":[{"enterText":"External partner","selector":{"id":"application-managepartners-display-component---NewPartner--partnerDetailInternal","interaction":{"idSuffix":"inner"}},"clearTextFirst":true,"interactionType":"ENTER_TEXT"}]}
COMMAND: POST /session/85842d14400d925143d12204a9eb11ff/execute/async - {"script":"<script> [1562 bytes]","args":[{"selector":{"id":"application-managepartners-display-component---NewPartner--partnerDetailsCurrency","interaction":{"idSuffix":"inner"}},"wdio_ui5_key":"applicationmanagepartners-display-component---NewPartner--partnerDetailsCurrency"}]}
RESULT: {"script":"<script> [1562 bytes]","args":[{"selector":{"id":"application-managepartners-display-component---NewPartner--partnerDetailsCurrency","interaction":{"idSuffix":"inner"}},"wdio_ui5_key":"applicationmanagepartners-display-component---NewPartner--partnerDetailsCurrency"}]}
RESULT: undefined
COMMAND: POST /session/85842d14400d925143d12204a9eb11ff/execute/async - {"script":"<script> [776 bytes]","args":[{"enterText":"Euro","selector":{"id":"application-managepartners-display-component---NewPartner--partnerDetailsCurrency","interaction":{"idSuffix":"inner"}},"clearTextFirst":true,"interactionType":"ENTER_TEXT"}]}
RESULT: {"script":"<script> [776 bytes]","args":[{"enterText":"Euro","selector":{"id":"application-managepartners-display-component---NewPartner--partnerDetailsCurrency","interaction":{"idSuffix":"inner"}},"clearTextFirst":true,"interactionType":"ENTER_TEXT"}]}
COMMAND: POST /session/85842d14400d925143d12204a9eb11ff/execute/async - {"script":"<script> [1562 bytes]","args":[{"selector":{"controlType":"sap.m.Button","viewName":"etm.portal.ui.managepartners.view.NewPartner","viewId":"application-managepartners-display-component---NewPartner","properties":{"text":"Commercial"},"interaction":{"idSuffix":"BDI-content"}},"wdio_ui5_key":"etmportal.ui.managepartners.view.NewPartnersap.m.Button{\"text\":\"Commercial\"}"}]}
RESULT: {"script":"<script> [1562 bytes]","args":[{"selector":{"controlType":"sap.m.Button","viewName":"etm.portal.ui.managepartners.view.NewPartner","viewId":"application-managepartners-display-component---NewPartner","properties":{"text":"Commercial"},"interaction":{"idSuffix":"BDI-content"}},"wdio_ui5_key":"etmportal.ui.managepartners.view.NewPartnersap.m.Button{\"text\":\"Commercial\"}"}]}
RESULT: undefined
COMMAND: POST /session/85842d14400d925143d12204a9eb11ff/element - {"using":"xpath","value":"//*[@id=\"application-managepartners-display-component---NewPartner--ObjectPageLayout-anchBar-__section5-anchor\"]"}
RESULT: {"using":"xpath","value":"//*[@id=\"application-managepartners-display-component---NewPartner--ObjectPageLayout-anchBar-__section5-anchor\"]"}
COMMAND: POST /session/85842d14400d925143d12204a9eb11ff/element/f.F943DB1403663130BF14B631DBCBD046.d.8CB9D4FA70D0E38A010156D83261A995.e.1684/click - {}
RESULT: {}
COMMAND: GET /session/85842d14400d925143d12204a9eb11ff/screenshot - {}
RESULT: {}
COMMAND: POST /session/85842d14400d925143d12204a9eb11ff/execute/async - {"script":"<script> [1562 bytes]","args":[{"selector":{"id":"application-managepartners-display-component---NewPartner--btnAddTableRow-img"},"wdio_ui5_key":"applicationmanagepartners-display-component---NewPartner--btnAddTableRow-img"}]}
RESULT: {"script":"<script> [1562 bytes]","args":[{"selector":{"id":"application-managepartners-display-component---NewPartner--btnAddTableRow-img"},"wdio_ui5_key":"applicationmanagepartners-display-component---NewPartner--btnAddTableRow-img"}]}
RESULT: undefined
COMMAND: POST /session/85842d14400d925143d12204a9eb11ff/element - {"using":"xpath","value":"//*[@id=\"application-managepartners-display-component---NewPartner--btnAddTableRow-img\"]"}
RESULT: {"using":"xpath","value":"//*[@id=\"application-managepartners-display-component---NewPartner--btnAddTableRow-img\"]"}
COMMAND: POST /session/85842d14400d925143d12204a9eb11ff/element/f.F943DB1403663130BF14B631DBCBD046.d.8CB9D4FA70D0E38A010156D83261A995.e.1690/click - {}
RESULT: {}
COMMAND: POST /session/85842d14400d925143d12204a9eb11ff/element - {"using":"xpath","value":"//input[contains(@id ,\"application-managepartners-display-component---NewPartner--assignmentYard-application-managepartners-display-component---NewPartner\")]"}
COMMAND: GET /session/85842d14400d925143d12204a9eb11ff/screenshot - {}
RESULT: {"using":"xpath","value":"//input[contains(@id ,\"application-managepartners-display-component---NewPartner--assignmentYard-application-managepartners-display-component---NewPartner\")]"}
COMMAND: POST /session/85842d14400d925143d12204a9eb11ff/element/f.F943DB1403663130BF14B631DBCBD046.d.8CB9D4FA70D0E38A010156D83261A995.e.1693/clear - {}
RESULT: {}
RESULT: {}
COMMAND: POST /session/85842d14400d925143d12204a9eb11ff/element/f.F943DB1403663130BF14B631DBCBD046.d.8CB9D4FA70D0E38A010156D83261A995.e.1693/value - {"text":"WebdriverYard4joyzj"}
COMMAND: GET /session/85842d14400d925143d12204a9eb11ff/screenshot - {}
RESULT: {"text":"WebdriverYard4joyzj"}
COMMAND: GET /session/85842d14400d925143d12204a9eb11ff/screenshot - {}
RESULT: {}
RESULT: {}
COMMAND: POST /session/85842d14400d925143d12204a9eb11ff/execute/async - {"script":"<script> [1562 bytes]","args":[{"selector":{"controlType":"sap.m.Button","viewName":"etm.portal.ui.managepartners.view.NewPartner","viewId":"application-managepartners-display-component---NewPartner","i18NText":{"propertyName":"text","key":"save"},"interaction":{"idSuffix":"BDI-content"}},"wdio_ui5_key":"etmportal.ui.managepartners.view.NewPartnersap.m.Button{\"propertyName\":\"text\",\"key\":\"save\"}"}]}
RESULT: {"script":"<script> [1562 bytes]","args":[{"selector":{"controlType":"sap.m.Button","viewName":"etm.portal.ui.managepartners.view.NewPartner","viewId":"application-managepartners-display-component---NewPartner","i18NText":{"propertyName":"text","key":"save"},"interaction":{"idSuffix":"BDI-content"}},"wdio_ui5_key":"etmportal.ui.managepartners.view.NewPartnersap.m.Button{\"propertyName\":\"text\",\"key\":\"save\"}"}]}
RESULT: undefined
COMMAND: POST /session/85842d14400d925143d12204a9eb11ff/element - {"using":"xpath","value":"//*[@id=\"__button12\"]"}
RESULT: {"using":"xpath","value":"//*[@id=\"__button12\"]"}
COMMAND: POST /session/85842d14400d925143d12204a9eb11ff/element/f.F943DB1403663130BF14B631DBCBD046.d.8CB9D4FA70D0E38A010156D83261A995.e.1595/click - {}
RESULT: {}
COMMAND: GET /session/85842d14400d925143d12204a9eb11ff/screenshot - {}
RESULT: {}
COMMAND: POST /session/85842d14400d925143d12204a9eb11ff/element - {"using":"xpath","value":"//header/div/div[2]/div[2]/span"}
RESULT: {"using":"xpath","value":"//header/div/div[2]/div[2]/span"}
COMMAND: GET /session/85842d14400d925143d12204a9eb11ff/element/f.F943DB1403663130BF14B631DBCBD046.d.8CB9D4FA70D0E38A010156D83261A995.e.1866/text - {}
RESULT: {}
COMMAND: POST /session/85842d14400d925143d12204a9eb11ff/element - {"using":"xpath","value":"//header/div/div/div/div/div/div[2]/div/span"}
RESULT: {"using":"xpath","value":"//header/div/div/div/div/div/div[2]/div/span"}
COMMAND: GET /session/85842d14400d925143d12204a9eb11ff/element/f.F943DB1403663130BF14B631DBCBD046.d.8CB9D4FA70D0E38A010156D83261A995.e.1867/text - {}
RESULT: {}
COMMAND: POST /session/85842d14400d925143d12204a9eb11ff/execute/async - {"script":"<script> [1562 bytes]","args":[{"selector":{"id":"application-managepartners-display-component---detailPtm--partnerType"},"wdio_ui5_key":"applicationmanagepartners-display-component---detailPtm--partnerType"}]}
RESULT: {"script":"<script> [1562 bytes]","args":[{"selector":{"id":"application-managepartners-display-component---detailPtm--partnerType"},"wdio_ui5_key":"applicationmanagepartners-display-component---detailPtm--partnerType"}]}
RESULT: undefined
COMMAND: POST /session/85842d14400d925143d12204a9eb11ff/execute/async - {"script":"<script> [6424 bytes]","args":[{"element-6066-11e4-a52e-4f735466cecf":"f.F943DB1403663130BF14B631DBCBD046.d.8CB9D4FA70D0E38A010156D83261A995.e.1868"},"getText",[]]}
RESULT: {"script":"<script> [6424 bytes]","args":[{"element-6066-11e4-a52e-4f735466cecf":"f.F943DB1403663130BF14B631DBCBD046.d.8CB9D4FA70D0E38A010156D83261A995.e.1868"},"getText",[]]}
COMMAND: POST /session/85842d14400d925143d12204a9eb11ff/element - {"using":"css selector","value":"#shell-header-logo"}
RESULT: {"using":"css selector","value":"#shell-header-logo"}
COMMAND: POST /session/85842d14400d925143d12204a9eb11ff/element/f.F943DB1403663130BF14B631DBCBD046.d.8CB9D4FA70D0E38A010156D83261A995.e.1205/click - {}
RESULT: {}
COMMAND: GET /session/85842d14400d925143d12204a9eb11ff/screenshot - {}
RESULT: {}
COMMAND: POST /session/85842d14400d925143d12204a9eb11ff/execute/async - {"script":"<script> [1562 bytes]","args":[{"selector":{"controlType":"sap.m.GenericTile","properties":{"header":"Manage Sites"}},"wdio_ui5_key":"sapm.GenericTile{\"header\":\"Manage Sites\"}"}]}
RESULT: {"script":"<script> [1562 bytes]","args":[{"selector":{"controlType":"sap.m.GenericTile","properties":{"header":"Manage Sites"}},"wdio_ui5_key":"sapm.GenericTile{\"header\":\"Manage Sites\"}"}]}
RESULT: undefined
COMMAND: POST /session/85842d14400d925143d12204a9eb11ff/element - {"using":"xpath","value":"//*[@id=\"__tile40\"]"}
RESULT: {"using":"xpath","value":"//*[@id=\"__tile40\"]"}
COMMAND: POST /session/85842d14400d925143d12204a9eb11ff/element/f.F943DB1403663130BF14B631DBCBD046.d.8CB9D4FA70D0E38A010156D83261A995.e.1870/click - {}
RESULT: {}
COMMAND: GET /session/85842d14400d925143d12204a9eb11ff/screenshot - {}
RESULT: {}
COMMAND: POST /session/85842d14400d925143d12204a9eb11ff/elements - {"using":"xpath","value":"//span[text()='Error']"}
RESULT: {"using":"xpath","value":"//span[text()='Error']"}
COMMAND: POST /session/85842d14400d925143d12204a9eb11ff/execute/async - {"script":"<script> [1562 bytes]","args":[{"selector":{"controlType":"sap.ui.core.Icon","viewName":"etm.portal.ui.managesites.view.Master","viewId":"application-managesites-display-component---masterSite","properties":{"src":{"regex":{"source":"add"}}}},"wdio_ui5_key":"etmportal.ui.managesites.view.Mastersap.ui.core.Icon{\"src\":{\"regex\":{\"source\":\"add\"}}}"}]}
RESULT: {"script":"<script> [1562 bytes]","args":[{"selector":{"controlType":"sap.ui.core.Icon","viewName":"etm.portal.ui.managesites.view.Master","viewId":"application-managesites-display-component---masterSite","properties":{"src":{"regex":{"source":"add"}}}},"wdio_ui5_key":"etmportal.ui.managesites.view.Mastersap.ui.core.Icon{\"src\":{\"regex\":{\"source\":\"add\"}}}"}]}
RESULT: undefined
COMMAND: POST /session/85842d14400d925143d12204a9eb11ff/element - {"using":"xpath","value":"//*[@id=\"__button48-img\"]"}
RESULT: {"using":"xpath","value":"//*[@id=\"__button48-img\"]"}
COMMAND: POST /session/85842d14400d925143d12204a9eb11ff/element/f.F943DB1403663130BF14B631DBCBD046.d.8CB9D4FA70D0E38A010156D83261A995.e.1917/click - {}
RESULT: {}
COMMAND: POST /session/85842d14400d925143d12204a9eb11ff/execute/async - {"script":"<script> [1562 bytes]","args":[{"selector":{"id":"application-managesites-display-component---NewSite--siteId","interaction":{"idSuffix":"inner"}},"wdio_ui5_key":"applicationmanagesites-display-component---NewSite--siteId"}]}
COMMAND: GET /session/85842d14400d925143d12204a9eb11ff/screenshot - {}
RESULT: {"script":"<script> [1562 bytes]","args":[{"selector":{"id":"application-managesites-display-component---NewSite--siteId","interaction":{"idSuffix":"inner"}},"wdio_ui5_key":"applicationmanagesites-display-component---NewSite--siteId"}]}
RESULT: undefined
COMMAND: POST /session/85842d14400d925143d12204a9eb11ff/execute/async - {"script":"<script> [1562 bytes]","args":[{"selector":{"id":"application-managesites-display-component---NewSite--addressDetailDetailsName1","interaction":{"idSuffix":"inner"}},"wdio_ui5_key":"applicationmanagesites-display-component---NewSite--addressDetailDetailsName1"}]}
RESULT: {}
RESULT: {"script":"<script> [1562 bytes]","args":[{"selector":{"id":"application-managesites-display-component---NewSite--addressDetailDetailsName1","interaction":{"idSuffix":"inner"}},"wdio_ui5_key":"applicationmanagesites-display-component---NewSite--addressDetailDetailsName1"}]}
RESULT: undefined
COMMAND: POST /session/85842d14400d925143d12204a9eb11ff/execute/async - {"script":"<script> [776 bytes]","args":[{"enterText":"WebdriverSitetx7dh","selector":{"id":"application-managesites-display-component---NewSite--addressDetailDetailsName1","interaction":{"idSuffix":"inner"}},"clearTextFirst":true,"interactionType":"ENTER_TEXT"}]}
RESULT: {"script":"<script> [776 bytes]","args":[{"enterText":"WebdriverSitetx7dh","selector":{"id":"application-managesites-display-component---NewSite--addressDetailDetailsName1","interaction":{"idSuffix":"inner"}},"clearTextFirst":true,"interactionType":"ENTER_TEXT"}]}
COMMAND: POST /session/85842d14400d925143d12204a9eb11ff/execute/async - {"script":"<script> [1562 bytes]","args":[{"selector":{"id":"application-managesites-display-component---NewSite--addressDetailDetailsLanguage","interaction":{"idSuffix":"inner"}},"wdio_ui5_key":"applicationmanagesites-display-component---NewSite--addressDetailDetailsLanguage"}]}
RESULT: {"script":"<script> [1562 bytes]","args":[{"selector":{"id":"application-managesites-display-component---NewSite--addressDetailDetailsLanguage","interaction":{"idSuffix":"inner"}},"wdio_ui5_key":"applicationmanagesites-display-component---NewSite--addressDetailDetailsLanguage"}]}
RESULT: undefined
COMMAND: POST /session/85842d14400d925143d12204a9eb11ff/execute/async - {"script":"<script> [776 bytes]","args":[{"enterText":"Romanian","selector":{"id":"application-managesites-display-component---NewSite--addressDetailDetailsLanguage","interaction":{"idSuffix":"inner"}},"clearTextFirst":true,"interactionType":"ENTER_TEXT"}]}
RESULT: {"script":"<script> [776 bytes]","args":[{"enterText":"Romanian","selector":{"id":"application-managesites-display-component---NewSite--addressDetailDetailsLanguage","interaction":{"idSuffix":"inner"}},"clearTextFirst":true,"interactionType":"ENTER_TEXT"}]}
COMMAND: POST /session/85842d14400d925143d12204a9eb11ff/execute/async - {"script":"<script> [1562 bytes]","args":[{"selector":{"id":"application-managesites-display-component---NewSite--addressDetailDetailsCity1","interaction":{"idSuffix":"inner"}},"wdio_ui5_key":"applicationmanagesites-display-component---NewSite--addressDetailDetailsCity1"}]}
RESULT: {"script":"<script> [1562 bytes]","args":[{"selector":{"id":"application-managesites-display-component---NewSite--addressDetailDetailsCity1","interaction":{"idSuffix":"inner"}},"wdio_ui5_key":"applicationmanagesites-display-component---NewSite--addressDetailDetailsCity1"}]}
RESULT: undefined
COMMAND: POST /session/85842d14400d925143d12204a9eb11ff/execute/async - {"script":"<script> [776 bytes]","args":[{"enterText":"Bucharest","selector":{"id":"application-managesites-display-component---NewSite--addressDetailDetailsCity1","interaction":{"idSuffix":"inner"}},"clearTextFirst":true,"interactionType":"ENTER_TEXT"}]}
RESULT: {"script":"<script> [776 bytes]","args":[{"enterText":"Bucharest","selector":{"id":"application-managesites-display-component---NewSite--addressDetailDetailsCity1","interaction":{"idSuffix":"inner"}},"clearTextFirst":true,"interactionType":"ENTER_TEXT"}]}
COMMAND: POST /session/85842d14400d925143d12204a9eb11ff/execute/async - {"script":"<script> [1562 bytes]","args":[{"selector":{"id":"application-managesites-display-component---NewSite--addressDetailDetailsCountry","interaction":{"idSuffix":"inner"}},"wdio_ui5_key":"applicationmanagesites-display-component---NewSite--addressDetailDetailsCountry"}]}
RESULT: {"script":"<script> [1562 bytes]","args":[{"selector":{"id":"application-managesites-display-component---NewSite--addressDetailDetailsCountry","interaction":{"idSuffix":"inner"}},"wdio_ui5_key":"applicationmanagesites-display-component---NewSite--addressDetailDetailsCountry"}]}
RESULT: undefined
COMMAND: POST /session/85842d14400d925143d12204a9eb11ff/execute/async - {"script":"<script> [776 bytes]","args":[{"enterText":"Romania","selector":{"id":"application-managesites-display-component---NewSite--addressDetailDetailsCountry","interaction":{"idSuffix":"inner"}},"clearTextFirst":true,"interactionType":"ENTER_TEXT"}]}
RESULT: {"script":"<script> [776 bytes]","args":[{"enterText":"Romania","selector":{"id":"application-managesites-display-component---NewSite--addressDetailDetailsCountry","interaction":{"idSuffix":"inner"}},"clearTextFirst":true,"interactionType":"ENTER_TEXT"}]}
COMMAND: POST /session/85842d14400d925143d12204a9eb11ff/element - {"using":"css selector","value":"#application-managesites-display-component---NewSite--addressDetailDetailsCalendar-inner"}
RESULT: {"using":"css selector","value":"#application-managesites-display-component---NewSite--addressDetailDetailsCalendar-inner"}
COMMAND: POST /session/85842d14400d925143d12204a9eb11ff/element/f.F943DB1403663130BF14B631DBCBD046.d.8CB9D4FA70D0E38A010156D83261A995.e.2307/clear - {}
RESULT: {}
COMMAND: POST /session/85842d14400d925143d12204a9eb11ff/element/f.F943DB1403663130BF14B631DBCBD046.d.8CB9D4FA70D0E38A010156D83261A995.e.2307/value - {"text":"Germany"}
COMMAND: GET /session/85842d14400d925143d12204a9eb11ff/screenshot - {}
RESULT: {"text":"Germany"}
COMMAND: POST /session/85842d14400d925143d12204a9eb11ff/execute/async - {"script":"<script> [1562 bytes]","args":[{"selector":{"id":"application-managesites-display-component---NewSite--addressEditDetailsCostObjectCstType-arrow"},"wdio_ui5_key":"applicationmanagesites-display-component---NewSite--addressEditDetailsCostObjectCstType-arrow"}]}
COMMAND: GET /session/85842d14400d925143d12204a9eb11ff/screenshot - {}
RESULT: {}
RESULT: {"script":"<script> [1562 bytes]","args":[{"selector":{"id":"application-managesites-display-component---NewSite--addressEditDetailsCostObjectCstType-arrow"},"wdio_ui5_key":"applicationmanagesites-display-component---NewSite--addressEditDetailsCostObjectCstType-arrow"}]}
RESULT: undefined
COMMAND: POST /session/85842d14400d925143d12204a9eb11ff/element - {"using":"xpath","value":"//*[@id=\"application-managesites-display-component---NewSite--addressEditDetailsCostObjectCstType-arrow\"]"}
RESULT: {}
RESULT: {"using":"xpath","value":"//*[@id=\"application-managesites-display-component---NewSite--addressEditDetailsCostObjectCstType-arrow\"]"}
COMMAND: POST /session/85842d14400d925143d12204a9eb11ff/element/f.F943DB1403663130BF14B631DBCBD046.d.8CB9D4FA70D0E38A010156D83261A995.e.2487/click - {}
RESULT: {}
COMMAND: POST /session/85842d14400d925143d12204a9eb11ff/element - {"using":"xpath","value":"//span[contains(text(), \"Work Breakdown Structure\")]"}
COMMAND: GET /session/85842d14400d925143d12204a9eb11ff/screenshot - {}
RESULT: {"using":"xpath","value":"//span[contains(text(), \"Work Breakdown Structure\")]"}
COMMAND: POST /session/85842d14400d925143d12204a9eb11ff/element/f.F943DB1403663130BF14B631DBCBD046.d.8CB9D4FA70D0E38A010156D83261A995.e.2488/click - {}
RESULT: {}
RESULT: {}
COMMAND: GET /session/85842d14400d925143d12204a9eb11ff/screenshot - {}
RESULT: {}
COMMAND: POST /session/85842d14400d925143d12204a9eb11ff/execute/async - {"script":"<script> [1562 bytes]","args":[{"selector":{"id":"application-managesites-display-component---NewSite--addressNewCostObjectCstID-vhi"},"wdio_ui5_key":"applicationmanagesites-display-component---NewSite--addressNewCostObjectCstID-vhi"}]}
RESULT: {"script":"<script> [1562 bytes]","args":[{"selector":{"id":"application-managesites-display-component---NewSite--addressNewCostObjectCstID-vhi"},"wdio_ui5_key":"applicationmanagesites-display-component---NewSite--addressNewCostObjectCstID-vhi"}]}
RESULT: undefined
COMMAND: POST /session/85842d14400d925143d12204a9eb11ff/element - {"using":"xpath","value":"//*[@id=\"application-managesites-display-component---NewSite--addressNewCostObjectCstID-vhi\"]"}
RESULT: {"using":"xpath","value":"//*[@id=\"application-managesites-display-component---NewSite--addressNewCostObjectCstID-vhi\"]"}
COMMAND: POST /session/85842d14400d925143d12204a9eb11ff/element/f.F943DB1403663130BF14B631DBCBD046.d.8CB9D4FA70D0E38A010156D83261A995.e.2492/click - {}
RESULT: {}
COMMAND: GET /session/85842d14400d925143d12204a9eb11ff/screenshot - {}
RESULT: {}
COMMAND: POST /session/85842d14400d925143d12204a9eb11ff/execute/async - {"script":"<script> [1562 bytes]","args":[{"selector":{"controlType":"sap.m.SearchField","properties":{"placeholder":"Search"},"searchOpenDialogs":true,"interaction":{"idSuffix":"I"}},"wdio_ui5_key":"sapm.SearchField{\"placeholder\":\"Search\"}"}]}
RESULT: {"script":"<script> [1562 bytes]","args":[{"selector":{"controlType":"sap.m.SearchField","properties":{"placeholder":"Search"},"searchOpenDialogs":true,"interaction":{"idSuffix":"I"}},"wdio_ui5_key":"sapm.SearchField{\"placeholder\":\"Search\"}"}]}
RESULT: undefined
COMMAND: POST /session/85842d14400d925143d12204a9eb11ff/execute/async - {"script":"<script> [776 bytes]","args":[{"enterText":"A1-000100-01","selector":{"controlType":"sap.m.SearchField","properties":{"placeholder":"Search"},"searchOpenDialogs":true,"interaction":{"idSuffix":"I"}},"clearTextFirst":true,"interactionType":"ENTER_TEXT"}]}
RESULT: {"script":"<script> [776 bytes]","args":[{"enterText":"A1-000100-01","selector":{"controlType":"sap.m.SearchField","properties":{"placeholder":"Search"},"searchOpenDialogs":true,"interaction":{"idSuffix":"I"}},"clearTextFirst":true,"interactionType":"ENTER_TEXT"}]}
COMMAND: POST /session/85842d14400d925143d12204a9eb11ff/actions - {"actions":[{"id":"action3","type":"key","parameters":{},"actions":[{"type":"keyDown","value":"î€‡"},{"type":"pause","duration":10},{"type":"keyUp","value":"î€‡"}]}]}
RESULT: {"actions":[{"id":"action3","type":"key","parameters":{},"actions":[{"type":"keyDown","value":"î€‡"},{"type":"pause","duration":10},{"type":"keyUp","value":"î€‡"}]}]}
COMMAND: GET /session/85842d14400d925143d12204a9eb11ff/screenshot - {}
RESULT: {}
COMMAND: POST /session/85842d14400d925143d12204a9eb11ff/element - {"using":"xpath","value":"//span[contains(text(), \"Template for ETO-Process\")]"}
RESULT: {"using":"xpath","value":"//span[contains(text(), \"Template for ETO-Process\")]"}
COMMAND: POST /session/85842d14400d925143d12204a9eb11ff/element/f.F943DB1403663130BF14B631DBCBD046.d.8CB9D4FA70D0E38A010156D83261A995.e.2513/click - {}
RESULT: {}
COMMAND: GET /session/85842d14400d925143d12204a9eb11ff/screenshot - {}
RESULT: {}
COMMAND: POST /session/85842d14400d925143d12204a9eb11ff/element - {"using":"xpath","value":"//bdi[contains(text(), \"OK\")]"}
RESULT: {"using":"xpath","value":"//bdi[contains(text(), \"OK\")]"}
COMMAND: POST /session/85842d14400d925143d12204a9eb11ff/element/f.F943DB1403663130BF14B631DBCBD046.d.8CB9D4FA70D0E38A010156D83261A995.e.2514/click - {}
RESULT: {}
COMMAND: GET /session/85842d14400d925143d12204a9eb11ff/screenshot - {}
RESULT: {}
COMMAND: POST /session/85842d14400d925143d12204a9eb11ff/element - {"using":"xpath","value":"//input[@id=\"application-managesites-display-component---NewSite--addressDetailDetailsYard-inner\"]"}
RESULT: {"using":"xpath","value":"//input[@id=\"application-managesites-display-component---NewSite--addressDetailDetailsYard-inner\"]"}
COMMAND: POST /session/85842d14400d925143d12204a9eb11ff/element/f.F943DB1403663130BF14B631DBCBD046.d.8CB9D4FA70D0E38A010156D83261A995.e.2308/value - {"text":"WebdriverYard4joyzj"}
RESULT: {"text":"WebdriverYard4joyzj"}
COMMAND: GET /session/85842d14400d925143d12204a9eb11ff/screenshot - {}
RESULT: {}
COMMAND: POST /session/85842d14400d925143d12204a9eb11ff/actions - {"actions":[{"id":"action4","type":"key","parameters":{},"actions":[{"type":"keyDown","value":"î€‡"},{"type":"pause","duration":10},{"type":"keyUp","value":"î€‡"}]}]}
RESULT: {"actions":[{"id":"action4","type":"key","parameters":{},"actions":[{"type":"keyDown","value":"î€‡"},{"type":"pause","duration":10},{"type":"keyUp","value":"î€‡"}]}]}
COMMAND: GET /session/85842d14400d925143d12204a9eb11ff/screenshot - {}
RESULT: {}
COMMAND: POST /session/85842d14400d925143d12204a9eb11ff/element - {"using":"xpath","value":"//input[@id=\"application-managesites-display-component---NewSite--addressDetailDetailsPartner-inner\"]"}
RESULT: {"using":"xpath","value":"//input[@id=\"application-managesites-display-component---NewSite--addressDetailDetailsPartner-inner\"]"}
COMMAND: POST /session/85842d14400d925143d12204a9eb11ff/elements - {"using":"xpath","value":"//input[@id=\"application-managesites-display-component---NewSite--addressDetailDetailsPartner-inner\"]"}
RESULT: {"using":"xpath","value":"//input[@id=\"application-managesites-display-component---NewSite--addressDetailDetailsPartner-inner\"]"}
COMMAND: POST /session/85842d14400d925143d12204a9eb11ff/execute/async - {"script":"<script> [1562 bytes]","args":[{"selector":{"controlType":"sap.m.Button","viewName":"etm.portal.ui.managesites.view.NewSmartSite","viewId":"application-managesites-display-component---NewSite","properties":{"text":"Commercial"},"interaction":{"idSuffix":"BDI-content"}},"wdio_ui5_key":"etmportal.ui.managesites.view.NewSmartSitesap.m.Button{\"text\":\"Commercial\"}"}]}
RESULT: {"script":"<script> [1562 bytes]","args":[{"selector":{"controlType":"sap.m.Button","viewName":"etm.portal.ui.managesites.view.NewSmartSite","viewId":"application-managesites-display-component---NewSite","properties":{"text":"Commercial"},"interaction":{"idSuffix":"BDI-content"}},"wdio_ui5_key":"etmportal.ui.managesites.view.NewSmartSitesap.m.Button{\"text\":\"Commercial\"}"}]}
RESULT: undefined
COMMAND: POST /session/85842d14400d925143d12204a9eb11ff/element - {"using":"xpath","value":"//*[@id=\"application-managesites-display-component---NewSite--ObjectPageLayout-anchBar-__section29-anchor\"]"}
RESULT: {"using":"xpath","value":"//*[@id=\"application-managesites-display-component---NewSite--ObjectPageLayout-anchBar-__section29-anchor\"]"}
COMMAND: POST /session/85842d14400d925143d12204a9eb11ff/element/f.F943DB1403663130BF14B631DBCBD046.d.8CB9D4FA70D0E38A010156D83261A995.e.2521/click - {}
RESULT: {}
COMMAND: POST /session/85842d14400d925143d12204a9eb11ff/execute/async - {"script":"<script> [1562 bytes]","args":[{"selector":{"controlType":"sap.m.Button","viewName":"etm.portal.ui.managesites.view.NewSmartSite","viewId":"application-managesites-display-component---NewSite","i18NText":{"propertyName":"text","key":"save"},"interaction":{"idSuffix":"BDI-content"}},"wdio_ui5_key":"etmportal.ui.managesites.view.NewSmartSitesap.m.Button{\"propertyName\":\"text\",\"key\":\"save\"}"}]}
COMMAND: GET /session/85842d14400d925143d12204a9eb11ff/screenshot - {}
RESULT: {"script":"<script> [1562 bytes]","args":[{"selector":{"controlType":"sap.m.Button","viewName":"etm.portal.ui.managesites.view.NewSmartSite","viewId":"application-managesites-display-component---NewSite","i18NText":{"propertyName":"text","key":"save"},"interaction":{"idSuffix":"BDI-content"}},"wdio_ui5_key":"etmportal.ui.managesites.view.NewSmartSitesap.m.Button{\"propertyName\":\"text\",\"key\":\"save\"}"}]}
RESULT: undefined
COMMAND: POST /session/85842d14400d925143d12204a9eb11ff/element - {"using":"xpath","value":"//*[@id=\"__button60\"]"}
RESULT: {}
RESULT: {"using":"xpath","value":"//*[@id=\"__button60\"]"}
COMMAND: POST /session/85842d14400d925143d12204a9eb11ff/element/f.F943DB1403663130BF14B631DBCBD046.d.8CB9D4FA70D0E38A010156D83261A995.e.2421/click - {}
RESULT: {}
COMMAND: GET /session/85842d14400d925143d12204a9eb11ff/screenshot - {}
RESULT: {}
COMMAND: POST /session/85842d14400d925143d12204a9eb11ff/execute/async - {"script":"<script> [1562 bytes]","args":[{"selector":{"id":"application-managesites-display-component---detailSite--addressDetailDetailsYardText"},"wdio_ui5_key":"applicationmanagesites-display-component---detailSite--addressDetailDetailsYardText"}]}
RESULT: {"script":"<script> [1562 bytes]","args":[{"selector":{"id":"application-managesites-display-component---detailSite--addressDetailDetailsYardText"},"wdio_ui5_key":"applicationmanagesites-display-component---detailSite--addressDetailDetailsYardText"}]}
RESULT: undefined
COMMAND: POST /session/85842d14400d925143d12204a9eb11ff/element - {"using":"xpath","value":"//header/div/div[2]/div[2]/span"}
RESULT: {"using":"xpath","value":"//header/div/div[2]/div[2]/span"}
COMMAND: GET /session/85842d14400d925143d12204a9eb11ff/element/f.F943DB1403663130BF14B631DBCBD046.d.8CB9D4FA70D0E38A010156D83261A995.e.2728/text - {}
RESULT: {}
COMMAND: POST /session/85842d14400d925143d12204a9eb11ff/element - {"using":"xpath","value":"//header/div/div/div/div/div/div[2]/div/span"}
RESULT: {"using":"xpath","value":"//header/div/div/div/div/div/div[2]/div/span"}
COMMAND: GET /session/85842d14400d925143d12204a9eb11ff/element/f.F943DB1403663130BF14B631DBCBD046.d.8CB9D4FA70D0E38A010156D83261A995.e.2729/text - {}
RESULT: {}
COMMAND: POST /session/85842d14400d925143d12204a9eb11ff/element - {"using":"css selector","value":"#shell-header-logo"}
RESULT: {"using":"css selector","value":"#shell-header-logo"}
COMMAND: POST /session/85842d14400d925143d12204a9eb11ff/element/f.F943DB1403663130BF14B631DBCBD046.d.8CB9D4FA70D0E38A010156D83261A995.e.1873/click - {}
RESULT: {}
COMMAND: GET /session/85842d14400d925143d12204a9eb11ff/screenshot - {}
RESULT: {}
]]></system-out>
    </testcase>
    <testcase classname="chrome.136_0_7103_93.windows.Standard_contract_-_add_contract_items_by_Insert_Request_US118222" name="Should create 2 new resources and a catalog item" time="374.362">
      <system-out><![CDATA[
COMMAND: POST /session/85842d14400d925143d12204a9eb11ff/execute/async - {"script":"<script> [1562 bytes]","args":[{"selector":{"controlType":"sap.m.GenericTile","properties":{"header":"Manage Resources"}},"wdio_ui5_key":"sapm.GenericTile{\"header\":\"Manage Resources\"}"}]}
RESULT: {"script":"<script> [1562 bytes]","args":[{"selector":{"controlType":"sap.m.GenericTile","properties":{"header":"Manage Resources"}},"wdio_ui5_key":"sapm.GenericTile{\"header\":\"Manage Resources\"}"}]}
RESULT: undefined
COMMAND: POST /session/85842d14400d925143d12204a9eb11ff/element - {"using":"xpath","value":"//*[@id=\"__tile39\"]"}
RESULT: {"using":"xpath","value":"//*[@id=\"__tile39\"]"}
COMMAND: POST /session/85842d14400d925143d12204a9eb11ff/element/f.F943DB1403663130BF14B631DBCBD046.d.8CB9D4FA70D0E38A010156D83261A995.e.2731/click - {}
RESULT: {}
COMMAND: GET /session/85842d14400d925143d12204a9eb11ff/screenshot - {}
RESULT: {}
COMMAND: POST /session/85842d14400d925143d12204a9eb11ff/elements - {"using":"xpath","value":"//span[text()='Error']"}
RESULT: {"using":"xpath","value":"//span[text()='Error']"}
COMMAND: POST /session/85842d14400d925143d12204a9eb11ff/element - {"using":"xpath","value":"//button[@data-kt=\"addNewRUOverflowToolbarButton\"]"}
RESULT: {"using":"xpath","value":"//button[@data-kt=\"addNewRUOverflowToolbarButton\"]"}
COMMAND: POST /session/85842d14400d925143d12204a9eb11ff/execute/sync - {"script":"<script> [8489 bytes]","args":[{"element-6066-11e4-a52e-4f735466cecf":"f.F943DB1403663130BF14B631DBCBD046.d.8CB9D4FA70D0E38A010156D83261A995.e.2772","ELEMENT":"f.F943DB1403663130BF14B631DBCBD046.d.8CB9D4FA70D0E38A010156D83261A995.e.2772"}]}
RESULT: {"script":"<script> [8489 bytes]","args":[{"element-6066-11e4-a52e-4f735466cecf":"f.F943DB1403663130BF14B631DBCBD046.d.8CB9D4FA70D0E38A010156D83261A995.e.2772","ELEMENT":"f.F943DB1403663130BF14B631DBCBD046.d.8CB9D4FA70D0E38A010156D83261A995.e.2772"}]}
COMMAND: POST /session/85842d14400d925143d12204a9eb11ff/element/f.F943DB1403663130BF14B631DBCBD046.d.8CB9D4FA70D0E38A010156D83261A995.e.2772/click - {}
COMMAND: GET /session/85842d14400d925143d12204a9eb11ff/screenshot - {}
RESULT: {}
COMMAND: POST /session/85842d14400d925143d12204a9eb11ff/execute/async - {"script":"<script> [1562 bytes]","args":[{"selector":{"id":"application-manageresources-display-component---newResourceUnit--TYPE-arrow"},"wdio_ui5_key":"applicationmanageresources-display-component---newResourceUnit--TYPE-arrow"}]}
COMMAND: GET /session/85842d14400d925143d12204a9eb11ff/screenshot - {}
RESULT: {}
RESULT: {"script":"<script> [1562 bytes]","args":[{"selector":{"id":"application-manageresources-display-component---newResourceUnit--TYPE-arrow"},"wdio_ui5_key":"applicationmanageresources-display-component---newResourceUnit--TYPE-arrow"}]}
RESULT: undefined
COMMAND: POST /session/85842d14400d925143d12204a9eb11ff/element - {"using":"xpath","value":"//*[@id=\"application-manageresources-display-component---newResourceUnit--TYPE-arrow\"]"}
RESULT: {}
RESULT: {"using":"xpath","value":"//*[@id=\"application-manageresources-display-component---newResourceUnit--TYPE-arrow\"]"}
COMMAND: POST /session/85842d14400d925143d12204a9eb11ff/element/f.F943DB1403663130BF14B631DBCBD046.d.8CB9D4FA70D0E38A010156D83261A995.e.3098/click - {}
RESULT: {}
COMMAND: POST /session/85842d14400d925143d12204a9eb11ff/execute/async - {"script":"<script> [1562 bytes]","args":[{"selector":{"controlType":"sap.m.StandardListItem","viewName":"reusables.view.manageresources.NewResourceUnit","viewId":"application-manageresources-display-component---newResourceUnit","properties":{"title":"Material"},"searchOpenDialogs":true,"interaction":{"idSuffix":"titleText"}},"wdio_ui5_key":"reusablesview.manageresources.NewResourceUnitsap.m.StandardListItem{\"title\":\"Material\"}"}]}
COMMAND: GET /session/85842d14400d925143d12204a9eb11ff/screenshot - {}
RESULT: {"script":"<script> [1562 bytes]","args":[{"selector":{"controlType":"sap.m.StandardListItem","viewName":"reusables.view.manageresources.NewResourceUnit","viewId":"application-manageresources-display-component---newResourceUnit","properties":{"title":"Material"},"searchOpenDialogs":true,"interaction":{"idSuffix":"titleText"}},"wdio_ui5_key":"reusablesview.manageresources.NewResourceUnitsap.m.StandardListItem{\"title\":\"Material\"}"}]}
RESULT: undefined
COMMAND: POST /session/85842d14400d925143d12204a9eb11ff/element - {"using":"xpath","value":"//*[@id=\"__item1092\"]"}
RESULT: {}
RESULT: {"using":"xpath","value":"//*[@id=\"__item1092\"]"}
COMMAND: POST /session/85842d14400d925143d12204a9eb11ff/element/f.F943DB1403663130BF14B631DBCBD046.d.8CB9D4FA70D0E38A010156D83261A995.e.3101/click - {}
RESULT: {}
COMMAND: POST /session/85842d14400d925143d12204a9eb11ff/execute/async - {"script":"<script> [1562 bytes]","args":[{"selector":{"id":"application-manageresources-display-component---newResourceUnit--SHORT_TEXT","interaction":{"idSuffix":"inner"}},"wdio_ui5_key":"applicationmanageresources-display-component---newResourceUnit--SHORT_TEXT"}]}
COMMAND: GET /session/85842d14400d925143d12204a9eb11ff/screenshot - {}
RESULT: {"script":"<script> [1562 bytes]","args":[{"selector":{"id":"application-manageresources-display-component---newResourceUnit--SHORT_TEXT","interaction":{"idSuffix":"inner"}},"wdio_ui5_key":"applicationmanageresources-display-component---newResourceUnit--SHORT_TEXT"}]}
RESULT: undefined
COMMAND: POST /session/85842d14400d925143d12204a9eb11ff/execute/async - {"script":"<script> [776 bytes]","args":[{"enterText":"WebdriverRUR2Cfrz4c","selector":{"id":"application-manageresources-display-component---newResourceUnit--SHORT_TEXT","interaction":{"idSuffix":"inner"}},"clearTextFirst":true,"interactionType":"ENTER_TEXT"}]}
RESULT: {}
RESULT: {"script":"<script> [776 bytes]","args":[{"enterText":"WebdriverRUR2Cfrz4c","selector":{"id":"application-manageresources-display-component---newResourceUnit--SHORT_TEXT","interaction":{"idSuffix":"inner"}},"clearTextFirst":true,"interactionType":"ENTER_TEXT"}]}
COMMAND: POST /session/85842d14400d925143d12204a9eb11ff/execute/async - {"script":"<script> [1562 bytes]","args":[{"selector":{"id":"application-manageresources-display-component---newResourceUnit--BASE_UNIT_OF_MEASURE-arrow"},"wdio_ui5_key":"applicationmanageresources-display-component---newResourceUnit--BASE_UNIT_OF_MEASURE-arrow"}]}
RESULT: {"script":"<script> [1562 bytes]","args":[{"selector":{"id":"application-manageresources-display-component---newResourceUnit--BASE_UNIT_OF_MEASURE-arrow"},"wdio_ui5_key":"applicationmanageresources-display-component---newResourceUnit--BASE_UNIT_OF_MEASURE-arrow"}]}
RESULT: undefined
COMMAND: POST /session/85842d14400d925143d12204a9eb11ff/element - {"using":"xpath","value":"//*[@id=\"application-manageresources-display-component---newResourceUnit--BASE_UNIT_OF_MEASURE-arrow\"]"}
RESULT: {"using":"xpath","value":"//*[@id=\"application-manageresources-display-component---newResourceUnit--BASE_UNIT_OF_MEASURE-arrow\"]"}
COMMAND: POST /session/85842d14400d925143d12204a9eb11ff/element/f.F943DB1403663130BF14B631DBCBD046.d.8CB9D4FA70D0E38A010156D83261A995.e.3155/click - {}
RESULT: {}
COMMAND: POST /session/85842d14400d925143d12204a9eb11ff/execute/async - {"script":"<script> [1562 bytes]","args":[{"selector":{"controlType":"sap.m.StandardListItem","viewName":"reusables.view.manageresources.NewResourceUnit","viewId":"application-manageresources-display-component---newResourceUnit","properties":{"title":"Piece"},"searchOpenDialogs":true,"interaction":{"idSuffix":"titleText"}},"wdio_ui5_key":"reusablesview.manageresources.NewResourceUnitsap.m.StandardListItem{\"title\":\"Piece\"}"}]}
COMMAND: GET /session/85842d14400d925143d12204a9eb11ff/screenshot - {}
RESULT: {"script":"<script> [1562 bytes]","args":[{"selector":{"controlType":"sap.m.StandardListItem","viewName":"reusables.view.manageresources.NewResourceUnit","viewId":"application-manageresources-display-component---newResourceUnit","properties":{"title":"Piece"},"searchOpenDialogs":true,"interaction":{"idSuffix":"titleText"}},"wdio_ui5_key":"reusablesview.manageresources.NewResourceUnitsap.m.StandardListItem{\"title\":\"Piece\"}"}]}
RESULT: undefined
COMMAND: POST /session/85842d14400d925143d12204a9eb11ff/element - {"using":"xpath","value":"//*[@id=\"__item1134\"]"}
RESULT: {}
RESULT: {"using":"xpath","value":"//*[@id=\"__item1134\"]"}
COMMAND: POST /session/85842d14400d925143d12204a9eb11ff/element/f.F943DB1403663130BF14B631DBCBD046.d.8CB9D4FA70D0E38A010156D83261A995.e.3157/click - {}
RESULT: {}
COMMAND: POST /session/85842d14400d925143d12204a9eb11ff/element - {"using":"xpath","value":"//input[contains(@id ,\"application-manageresources-display-component---newResourceUnit--SHORT_TEXT-inner\")]"}
COMMAND: GET /session/85842d14400d925143d12204a9eb11ff/screenshot - {}
RESULT: {"using":"xpath","value":"//input[contains(@id ,\"application-manageresources-display-component---newResourceUnit--SHORT_TEXT-inner\")]"}
COMMAND: GET /session/85842d14400d925143d12204a9eb11ff/element/f.F943DB1403663130BF14B631DBCBD046.d.8CB9D4FA70D0E38A010156D83261A995.e.3118/property/value - {}
RESULT: {}
RESULT: {}
COMMAND: POST /session/85842d14400d925143d12204a9eb11ff/execute/async - {"script":"<script> [1562 bytes]","args":[{"selector":{"id":"application-manageresources-display-component---newResourceUnit--WEIGHT_UNIT-arrow"},"wdio_ui5_key":"applicationmanageresources-display-component---newResourceUnit--WEIGHT_UNIT-arrow"}]}
COMMAND: GET /session/85842d14400d925143d12204a9eb11ff/screenshot - {}
RESULT: {"script":"<script> [1562 bytes]","args":[{"selector":{"id":"application-manageresources-display-component---newResourceUnit--WEIGHT_UNIT-arrow"},"wdio_ui5_key":"applicationmanageresources-display-component---newResourceUnit--WEIGHT_UNIT-arrow"}]}
RESULT: undefined
COMMAND: POST /session/85842d14400d925143d12204a9eb11ff/element - {"using":"xpath","value":"//*[@id=\"application-manageresources-display-component---newResourceUnit--WEIGHT_UNIT-arrow\"]"}
RESULT: {}
RESULT: {"using":"xpath","value":"//*[@id=\"application-manageresources-display-component---newResourceUnit--WEIGHT_UNIT-arrow\"]"}
COMMAND: POST /session/85842d14400d925143d12204a9eb11ff/element/f.F943DB1403663130BF14B631DBCBD046.d.8CB9D4FA70D0E38A010156D83261A995.e.3158/click - {}
RESULT: {}
COMMAND: POST /session/85842d14400d925143d12204a9eb11ff/execute/async - {"script":"<script> [1562 bytes]","args":[{"selector":{"controlType":"sap.m.StandardListItem","viewName":"reusables.view.manageresources.NewResourceUnit","viewId":"application-manageresources-display-component---newResourceUnit","properties":{"title":"Gram"},"searchOpenDialogs":true,"interaction":{"idSuffix":"content"}},"wdio_ui5_key":"reusablesview.manageresources.NewResourceUnitsap.m.StandardListItem{\"title\":\"Gram\"}"}]}
COMMAND: GET /session/85842d14400d925143d12204a9eb11ff/screenshot - {}
RESULT: {"script":"<script> [1562 bytes]","args":[{"selector":{"controlType":"sap.m.StandardListItem","viewName":"reusables.view.manageresources.NewResourceUnit","viewId":"application-manageresources-display-component---newResourceUnit","properties":{"title":"Gram"},"searchOpenDialogs":true,"interaction":{"idSuffix":"content"}},"wdio_ui5_key":"reusablesview.manageresources.NewResourceUnitsap.m.StandardListItem{\"title\":\"Gram\"}"}]}
RESULT: undefined
COMMAND: POST /session/85842d14400d925143d12204a9eb11ff/element - {"using":"xpath","value":"//*[@id=\"__item1199\"]"}
RESULT: {}
RESULT: {"using":"xpath","value":"//*[@id=\"__item1199\"]"}
COMMAND: POST /session/85842d14400d925143d12204a9eb11ff/element/f.F943DB1403663130BF14B631DBCBD046.d.8CB9D4FA70D0E38A010156D83261A995.e.3160/click - {}
RESULT: {}
COMMAND: POST /session/85842d14400d925143d12204a9eb11ff/execute/async - {"script":"<script> [1562 bytes]","args":[{"selector":{"id":"application-manageresources-display-component---newResourceUnit--newRRUPage-OPHeaderContent-collapseBtn-img"},"wdio_ui5_key":"applicationmanageresources-display-component---newResourceUnit--newRRUPage-OPHeaderContent-collapseBtn-img"}]}
COMMAND: GET /session/85842d14400d925143d12204a9eb11ff/screenshot - {}
RESULT: {"script":"<script> [1562 bytes]","args":[{"selector":{"id":"application-manageresources-display-component---newResourceUnit--newRRUPage-OPHeaderContent-collapseBtn-img"},"wdio_ui5_key":"applicationmanageresources-display-component---newResourceUnit--newRRUPage-OPHeaderContent-collapseBtn-img"}]}
RESULT: undefined
COMMAND: POST /session/85842d14400d925143d12204a9eb11ff/element - {"using":"xpath","value":"//*[@id=\"application-manageresources-display-component---newResourceUnit--newRRUPage-OPHeaderContent-collapseBtn-img\"]"}
RESULT: {}
RESULT: {"using":"xpath","value":"//*[@id=\"application-manageresources-display-component---newResourceUnit--newRRUPage-OPHeaderContent-collapseBtn-img\"]"}
COMMAND: POST /session/85842d14400d925143d12204a9eb11ff/element/f.F943DB1403663130BF14B631DBCBD046.d.8CB9D4FA70D0E38A010156D83261A995.e.3108/click - {}
RESULT: {}
COMMAND: GET /session/85842d14400d925143d12204a9eb11ff/screenshot - {}
RESULT: {}
COMMAND: POST /session/85842d14400d925143d12204a9eb11ff/element - {"using":"xpath","value":"(//span[contains(@id ,\"application-manageresources-display-component---newResourceUnit--DIMENSION_UNIT-arrow\")])[1]"}
RESULT: {"using":"xpath","value":"(//span[contains(@id ,\"application-manageresources-display-component---newResourceUnit--DIMENSION_UNIT-arrow\")])[1]"}
COMMAND: POST /session/85842d14400d925143d12204a9eb11ff/element/f.F943DB1403663130BF14B631DBCBD046.d.8CB9D4FA70D0E38A010156D83261A995.e.3164/click - {}
RESULT: {}
COMMAND: GET /session/85842d14400d925143d12204a9eb11ff/screenshot - {}
RESULT: {}
COMMAND: POST /session/85842d14400d925143d12204a9eb11ff/execute/async - {"script":"<script> [1562 bytes]","args":[{"selector":{"controlType":"sap.m.StandardListItem","viewName":"reusables.view.manageresources.NewResourceUnit","viewId":"application-manageresources-display-component---newResourceUnit","properties":{"title":"Centimeter"},"searchOpenDialogs":true,"interaction":{"idSuffix":"titleText"}},"wdio_ui5_key":"reusablesview.manageresources.NewResourceUnitsap.m.StandardListItem{\"title\":\"Centimeter\"}"}]}
RESULT: {"script":"<script> [1562 bytes]","args":[{"selector":{"controlType":"sap.m.StandardListItem","viewName":"reusables.view.manageresources.NewResourceUnit","viewId":"application-manageresources-display-component---newResourceUnit","properties":{"title":"Centimeter"},"searchOpenDialogs":true,"interaction":{"idSuffix":"titleText"}},"wdio_ui5_key":"reusablesview.manageresources.NewResourceUnitsap.m.StandardListItem{\"title\":\"Centimeter\"}"}]}
RESULT: undefined
COMMAND: POST /session/85842d14400d925143d12204a9eb11ff/element - {"using":"xpath","value":"//*[@id=\"__item1202\"]"}
RESULT: {"using":"xpath","value":"//*[@id=\"__item1202\"]"}
COMMAND: POST /session/85842d14400d925143d12204a9eb11ff/element/f.F943DB1403663130BF14B631DBCBD046.d.8CB9D4FA70D0E38A010156D83261A995.e.3168/click - {}
RESULT: {}
COMMAND: POST /session/85842d14400d925143d12204a9eb11ff/execute/async - {"script":"<script> [1562 bytes]","args":[{"selector":{"id":"application-manageresources-display-component---newResourceUnit--newRRUPage-anchBar-application-manageresources-display-component---newResourceUnit--reference-anchor","interaction":{"idSuffix":"BDI-content"}},"wdio_ui5_key":"applicationmanageresources-display-component---newResourceUnit--newRRUPage-anchBar-application-manageresources-display-component---newResourceUnit--reference-anchor"}]}
COMMAND: GET /session/85842d14400d925143d12204a9eb11ff/screenshot - {}
RESULT: {"script":"<script> [1562 bytes]","args":[{"selector":{"id":"application-manageresources-display-component---newResourceUnit--newRRUPage-anchBar-application-manageresources-display-component---newResourceUnit--reference-anchor","interaction":{"idSuffix":"BDI-content"}},"wdio_ui5_key":"applicationmanageresources-display-component---newResourceUnit--newRRUPage-anchBar-application-manageresources-display-component---newResourceUnit--reference-anchor"}]}
RESULT: undefined
COMMAND: POST /session/85842d14400d925143d12204a9eb11ff/element - {"using":"xpath","value":"//*[@id=\"application-manageresources-display-component---newResourceUnit--newRRUPage-anchBar-application-manageresources-display-component---newResourceUnit--reference-anchor\"]"}
RESULT: {}
RESULT: {"using":"xpath","value":"//*[@id=\"application-manageresources-display-component---newResourceUnit--newRRUPage-anchBar-application-manageresources-display-component---newResourceUnit--reference-anchor\"]"}
COMMAND: POST /session/85842d14400d925143d12204a9eb11ff/element/f.F943DB1403663130BF14B631DBCBD046.d.8CB9D4FA70D0E38A010156D83261A995.e.3170/click - {}
RESULT: {}
COMMAND: POST /session/85842d14400d925143d12204a9eb11ff/execute/async - {"script":"<script> [1562 bytes]","args":[{"selector":{"id":"application-manageresources-display-component---newResourceUnit--PLANNING_GROUP-arrow"},"wdio_ui5_key":"applicationmanageresources-display-component---newResourceUnit--PLANNING_GROUP-arrow"}]}
COMMAND: GET /session/85842d14400d925143d12204a9eb11ff/screenshot - {}
RESULT: {"script":"<script> [1562 bytes]","args":[{"selector":{"id":"application-manageresources-display-component---newResourceUnit--PLANNING_GROUP-arrow"},"wdio_ui5_key":"applicationmanageresources-display-component---newResourceUnit--PLANNING_GROUP-arrow"}]}
RESULT: undefined
COMMAND: POST /session/85842d14400d925143d12204a9eb11ff/element - {"using":"xpath","value":"//*[@id=\"application-manageresources-display-component---newResourceUnit--PLANNING_GROUP-arrow\"]"}
RESULT: {}
RESULT: {"using":"xpath","value":"//*[@id=\"application-manageresources-display-component---newResourceUnit--PLANNING_GROUP-arrow\"]"}
COMMAND: POST /session/85842d14400d925143d12204a9eb11ff/element/f.F943DB1403663130BF14B631DBCBD046.d.8CB9D4FA70D0E38A010156D83261A995.e.3174/click - {}
RESULT: {}
COMMAND: POST /session/85842d14400d925143d12204a9eb11ff/execute/async - {"script":"<script> [1562 bytes]","args":[{"selector":{"controlType":"sap.m.StandardListItem","viewName":"reusables.view.manageresources.NewResourceUnit","viewId":"application-manageresources-display-component---newResourceUnit","properties":{"title":"Heavy Equi"},"searchOpenDialogs":true,"interaction":{"idSuffix":"content"}},"wdio_ui5_key":"reusablesview.manageresources.NewResourceUnitsap.m.StandardListItem{\"title\":\"Heavy Equi\"}"}]}
COMMAND: GET /session/85842d14400d925143d12204a9eb11ff/screenshot - {}
RESULT: {"script":"<script> [1562 bytes]","args":[{"selector":{"controlType":"sap.m.StandardListItem","viewName":"reusables.view.manageresources.NewResourceUnit","viewId":"application-manageresources-display-component---newResourceUnit","properties":{"title":"Heavy Equi"},"searchOpenDialogs":true,"interaction":{"idSuffix":"content"}},"wdio_ui5_key":"reusablesview.manageresources.NewResourceUnitsap.m.StandardListItem{\"title\":\"Heavy Equi\"}"}]}
RESULT: undefined
COMMAND: POST /session/85842d14400d925143d12204a9eb11ff/element - {"using":"xpath","value":"//*[@id=\"__item1210\"]"}
RESULT: {}
RESULT: {"using":"xpath","value":"//*[@id=\"__item1210\"]"}
COMMAND: POST /session/85842d14400d925143d12204a9eb11ff/element/f.F943DB1403663130BF14B631DBCBD046.d.8CB9D4FA70D0E38A010156D83261A995.e.3176/click - {}
RESULT: {}
COMMAND: GET /session/85842d14400d925143d12204a9eb11ff/screenshot - {}
RESULT: {}
COMMAND: POST /session/85842d14400d925143d12204a9eb11ff/execute/async - {"script":"<script> [1562 bytes]","args":[{"selector":{"id":"application-manageresources-display-component---newResourceUnit--PLANNING_INDICATOR-arrow"},"wdio_ui5_key":"applicationmanageresources-display-component---newResourceUnit--PLANNING_INDICATOR-arrow"}]}
RESULT: {"script":"<script> [1562 bytes]","args":[{"selector":{"id":"application-manageresources-display-component---newResourceUnit--PLANNING_INDICATOR-arrow"},"wdio_ui5_key":"applicationmanageresources-display-component---newResourceUnit--PLANNING_INDICATOR-arrow"}]}
RESULT: undefined
COMMAND: POST /session/85842d14400d925143d12204a9eb11ff/element - {"using":"xpath","value":"//*[@id=\"application-manageresources-display-component---newResourceUnit--PLANNING_INDICATOR-arrow\"]"}
RESULT: {"using":"xpath","value":"//*[@id=\"application-manageresources-display-component---newResourceUnit--PLANNING_INDICATOR-arrow\"]"}
COMMAND: POST /session/85842d14400d925143d12204a9eb11ff/element/f.F943DB1403663130BF14B631DBCBD046.d.8CB9D4FA70D0E38A010156D83261A995.e.3177/click - {}
RESULT: {}
COMMAND: POST /session/85842d14400d925143d12204a9eb11ff/execute/async - {"script":"<script> [1562 bytes]","args":[{"selector":{"controlType":"sap.m.StandardListItem","viewName":"reusables.view.manageresources.NewResourceUnit","viewId":"application-manageresources-display-component---newResourceUnit","properties":{"title":"10 - infinite"},"searchOpenDialogs":true,"interaction":{"idSuffix":"content"}},"wdio_ui5_key":"reusablesview.manageresources.NewResourceUnitsap.m.StandardListItem{\"title\":\"10 - infinite\"}"}]}
COMMAND: GET /session/85842d14400d925143d12204a9eb11ff/screenshot - {}
RESULT: {"script":"<script> [1562 bytes]","args":[{"selector":{"controlType":"sap.m.StandardListItem","viewName":"reusables.view.manageresources.NewResourceUnit","viewId":"application-manageresources-display-component---newResourceUnit","properties":{"title":"10 - infinite"},"searchOpenDialogs":true,"interaction":{"idSuffix":"content"}},"wdio_ui5_key":"reusablesview.manageresources.NewResourceUnitsap.m.StandardListItem{\"title\":\"10 - infinite\"}"}]}
RESULT: undefined
COMMAND: POST /session/85842d14400d925143d12204a9eb11ff/element - {"using":"xpath","value":"//*[@id=\"__item1220\"]"}
RESULT: {}
RESULT: {"using":"xpath","value":"//*[@id=\"__item1220\"]"}
COMMAND: POST /session/85842d14400d925143d12204a9eb11ff/element/f.F943DB1403663130BF14B631DBCBD046.d.8CB9D4FA70D0E38A010156D83261A995.e.3179/click - {}
RESULT: {}
COMMAND: GET /session/85842d14400d925143d12204a9eb11ff/screenshot - {}
RESULT: {}
COMMAND: POST /session/85842d14400d925143d12204a9eb11ff/element - {"using":"xpath","value":"//bdi[contains(text(), \"Time Segment\")]"}
RESULT: {"using":"xpath","value":"//bdi[contains(text(), \"Time Segment\")]"}
COMMAND: GET /session/85842d14400d925143d12204a9eb11ff/element/f.F943DB1403663130BF14B631DBCBD046.d.8CB9D4FA70D0E38A010156D83261A995.e.3180/rect - {}
RESULT: {}
COMMAND: GET /session/85842d14400d925143d12204a9eb11ff/window/rect - {}
RESULT: {}
COMMAND: POST /session/85842d14400d925143d12204a9eb11ff/execute/sync - {"script":"<script> [92 bytes]","args":[]}
RESULT: {"script":"<script> [92 bytes]","args":[]}
COMMAND: POST /session/85842d14400d925143d12204a9eb11ff/actions - {"actions":[{"id":"action5","type":"wheel","parameters":{},"actions":[{"type":"scroll","x":-1820,"y":-21,"deltaX":0,"deltaY":0,"duration":0,"origin":{"element-6066-11e4-a52e-4f735466cecf":"f.F943DB1403663130BF14B631DBCBD046.d.8CB9D4FA70D0E38A010156D83261A995.e.3180"}}]}]}
COMMAND: GET /session/85842d14400d925143d12204a9eb11ff/screenshot - {}
RESULT: {}
COMMAND: POST /session/85842d14400d925143d12204a9eb11ff/execute/sync - {"script":"<script> [79 bytes]","args":[{"element-6066-11e4-a52e-4f735466cecf":"f.F943DB1403663130BF14B631DBCBD046.d.8CB9D4FA70D0E38A010156D83261A995.e.3180","ELEMENT":"f.F943DB1403663130BF14B631DBCBD046.d.8CB9D4FA70D0E38A010156D83261A995.e.3180"},{"block":"start","inline":"nearest"}]}
RESULT: {"script":"<script> [79 bytes]","args":[{"element-6066-11e4-a52e-4f735466cecf":"f.F943DB1403663130BF14B631DBCBD046.d.8CB9D4FA70D0E38A010156D83261A995.e.3180","ELEMENT":"f.F943DB1403663130BF14B631DBCBD046.d.8CB9D4FA70D0E38A010156D83261A995.e.3180"},{"block":"start","inline":"nearest"}]}
COMMAND: GET /session/85842d14400d925143d12204a9eb11ff/screenshot - {}
RESULT: {}
COMMAND: POST /session/85842d14400d925143d12204a9eb11ff/element - {"using":"xpath","value":"//span[@id=\"application-manageresources-display-component---newResourceUnit--btnAddTimeSegment-img\"]"}
RESULT: {"using":"xpath","value":"//span[@id=\"application-manageresources-display-component---newResourceUnit--btnAddTimeSegment-img\"]"}
COMMAND: POST /session/85842d14400d925143d12204a9eb11ff/execute/sync - {"script":"<script> [8489 bytes]","args":[{"element-6066-11e4-a52e-4f735466cecf":"f.F943DB1403663130BF14B631DBCBD046.d.8CB9D4FA70D0E38A010156D83261A995.e.3183","ELEMENT":"f.F943DB1403663130BF14B631DBCBD046.d.8CB9D4FA70D0E38A010156D83261A995.e.3183"}]}
RESULT: {"script":"<script> [8489 bytes]","args":[{"element-6066-11e4-a52e-4f735466cecf":"f.F943DB1403663130BF14B631DBCBD046.d.8CB9D4FA70D0E38A010156D83261A995.e.3183","ELEMENT":"f.F943DB1403663130BF14B631DBCBD046.d.8CB9D4FA70D0E38A010156D83261A995.e.3183"}]}
COMMAND: POST /session/85842d14400d925143d12204a9eb11ff/element/f.F943DB1403663130BF14B631DBCBD046.d.8CB9D4FA70D0E38A010156D83261A995.e.3183/click - {}
COMMAND: GET /session/85842d14400d925143d12204a9eb11ff/screenshot - {}
RESULT: {}
COMMAND: GET /session/85842d14400d925143d12204a9eb11ff/screenshot - {}
COMMAND: POST /session/85842d14400d925143d12204a9eb11ff/element - {"using":"xpath","value":"//input[@id=\"application-manageresources-display-component---newResourceUnit--idRuTSAdmin-application-manageresources-display-component---newResourceUnit--RUTimeSegment-0-inner\"]"}
RESULT: {}
RESULT: {}
RESULT: {"using":"xpath","value":"//input[@id=\"application-manageresources-display-component---newResourceUnit--idRuTSAdmin-application-manageresources-display-component---newResourceUnit--RUTimeSegment-0-inner\"]"}
COMMAND: POST /session/85842d14400d925143d12204a9eb11ff/element/f.F943DB1403663130BF14B631DBCBD046.d.8CB9D4FA70D0E38A010156D83261A995.e.3186/clear - {}
RESULT: {}
COMMAND: POST /session/85842d14400d925143d12204a9eb11ff/element/f.F943DB1403663130BF14B631DBCBD046.d.8CB9D4FA70D0E38A010156D83261A995.e.3186/value - {"text":"WebdriverYard4joyzj"}
COMMAND: GET /session/85842d14400d925143d12204a9eb11ff/screenshot - {}
RESULT: {"text":"WebdriverYard4joyzj"}
COMMAND: GET /session/85842d14400d925143d12204a9eb11ff/screenshot - {}
RESULT: {}
RESULT: {}
COMMAND: POST /session/85842d14400d925143d12204a9eb11ff/actions - {"actions":[{"id":"action6","type":"key","parameters":{},"actions":[{"type":"keyDown","value":"î€‡"},{"type":"pause","duration":10},{"type":"keyUp","value":"î€‡"}]}]}
RESULT: {"actions":[{"id":"action6","type":"key","parameters":{},"actions":[{"type":"keyDown","value":"î€‡"},{"type":"pause","duration":10},{"type":"keyUp","value":"î€‡"}]}]}
COMMAND: GET /session/85842d14400d925143d12204a9eb11ff/screenshot - {}
RESULT: {}
COMMAND: POST /session/85842d14400d925143d12204a9eb11ff/execute/async - {"script":"<script> [1562 bytes]","args":[{"selector":{"controlType":"sap.m.Button","viewName":"reusables.view.manageresources.NewResourceUnit","viewId":"application-manageresources-display-component---newResourceUnit","i18NText":{"propertyName":"tooltip","key":"save"},"interaction":{"idSuffix":"BDI-content"}},"wdio_ui5_key":"reusablesview.manageresources.NewResourceUnitsap.m.Button{\"propertyName\":\"tooltip\",\"key\":\"save\"}"}]}
RESULT: {"script":"<script> [1562 bytes]","args":[{"selector":{"controlType":"sap.m.Button","viewName":"reusables.view.manageresources.NewResourceUnit","viewId":"application-manageresources-display-component---newResourceUnit","i18NText":{"propertyName":"tooltip","key":"save"},"interaction":{"idSuffix":"BDI-content"}},"wdio_ui5_key":"reusablesview.manageresources.NewResourceUnitsap.m.Button{\"propertyName\":\"tooltip\",\"key\":\"save\"}"}]}
RESULT: undefined
COMMAND: POST /session/85842d14400d925143d12204a9eb11ff/element - {"using":"xpath","value":"//*[@id=\"application-manageresources-display-component---newResourceUnit--createRuButton\"]"}
RESULT: {"using":"xpath","value":"//*[@id=\"application-manageresources-display-component---newResourceUnit--createRuButton\"]"}
COMMAND: POST /session/85842d14400d925143d12204a9eb11ff/element/f.F943DB1403663130BF14B631DBCBD046.d.8CB9D4FA70D0E38A010156D83261A995.e.3114/click - {}
RESULT: {}
COMMAND: GET /session/85842d14400d925143d12204a9eb11ff/screenshot - {}
RESULT: {}
COMMAND: POST /session/85842d14400d925143d12204a9eb11ff/execute/async - {"script":"<script> [1562 bytes]","args":[{"selector":{"controlType":"sap.m.Title","properties":{"text":"Success"},"searchOpenDialogs":true},"wdio_ui5_key":"sapm.Title{\"text\":\"Success\"}"}]}
RESULT: {"script":"<script> [1562 bytes]","args":[{"selector":{"controlType":"sap.m.Title","properties":{"text":"Success"},"searchOpenDialogs":true},"wdio_ui5_key":"sapm.Title{\"text\":\"Success\"}"}]}
RESULT: undefined
COMMAND: POST /session/85842d14400d925143d12204a9eb11ff/execute/async - {"script":"<script> [6424 bytes]","args":[{"element-6066-11e4-a52e-4f735466cecf":"f.F943DB1403663130BF14B631DBCBD046.d.8CB9D4FA70D0E38A010156D83261A995.e.3200"},"getText",[]]}
RESULT: {"script":"<script> [6424 bytes]","args":[{"element-6066-11e4-a52e-4f735466cecf":"f.F943DB1403663130BF14B631DBCBD046.d.8CB9D4FA70D0E38A010156D83261A995.e.3200"},"getText",[]]}
COMMAND: POST /session/85842d14400d925143d12204a9eb11ff/element - {"using":"xpath","value":"//*[contains(@id, '__text') and (contains(text(), 'successfully created') or contains(., 'successfully created'))]"}
RESULT: {"using":"xpath","value":"//*[contains(@id, '__text') and (contains(text(), 'successfully created') or contains(., 'successfully created'))]"}
COMMAND: GET /session/85842d14400d925143d12204a9eb11ff/element/f.F943DB1403663130BF14B631DBCBD046.d.8CB9D4FA70D0E38A010156D83261A995.e.3199/text - {}
RESULT: {}
COMMAND: POST /session/85842d14400d925143d12204a9eb11ff/execute/async - {"script":"<script> [1562 bytes]","args":[{"selector":{"controlType":"sap.m.Button","properties":{"text":"Close"},"searchOpenDialogs":true,"interaction":{"idSuffix":"BDI-content"}},"wdio_ui5_key":"sapm.Button{\"text\":\"Close\"}"}]}
RESULT: {"script":"<script> [1562 bytes]","args":[{"selector":{"controlType":"sap.m.Button","properties":{"text":"Close"},"searchOpenDialogs":true,"interaction":{"idSuffix":"BDI-content"}},"wdio_ui5_key":"sapm.Button{\"text\":\"Close\"}"}]}
RESULT: undefined
COMMAND: POST /session/85842d14400d925143d12204a9eb11ff/element - {"using":"xpath","value":"//*[@id=\"__mbox-btn-0\"]"}
RESULT: {"using":"xpath","value":"//*[@id=\"__mbox-btn-0\"]"}
COMMAND: POST /session/85842d14400d925143d12204a9eb11ff/element/f.F943DB1403663130BF14B631DBCBD046.d.8CB9D4FA70D0E38A010156D83261A995.e.3197/click - {}
RESULT: {}
COMMAND: GET /session/85842d14400d925143d12204a9eb11ff/screenshot - {}
RESULT: {}
COMMAND: POST /session/85842d14400d925143d12204a9eb11ff/execute/async - {"script":"<script> [1562 bytes]","args":[{"selector":{"controlType":"sap.ui.core.Icon","viewName":"etm.portal.ui.manageresources.view.Detail","viewId":"application-manageresources-display-component---detailRU","properties":{"src":{"regex":{"source":"overflow"}}}},"wdio_ui5_key":"etmportal.ui.manageresources.view.Detailsap.ui.core.Icon{\"src\":{\"regex\":{\"source\":\"overflow\"}}}"}]}
RESULT: {"script":"<script> [1562 bytes]","args":[{"selector":{"controlType":"sap.ui.core.Icon","viewName":"etm.portal.ui.manageresources.view.Detail","viewId":"application-manageresources-display-component---detailRU","properties":{"src":{"regex":{"source":"overflow"}}}},"wdio_ui5_key":"etmportal.ui.manageresources.view.Detailsap.ui.core.Icon{\"src\":{\"regex\":{\"source\":\"overflow\"}}}"}]}
RESULT: undefined
COMMAND: POST /session/85842d14400d925143d12204a9eb11ff/element - {"using":"xpath","value":"//*[@id=\"__title31-_actionsToolbar-overflowButton-img\"]"}
RESULT: {"using":"xpath","value":"//*[@id=\"__title31-_actionsToolbar-overflowButton-img\"]"}
COMMAND: POST /session/85842d14400d925143d12204a9eb11ff/element/f.F943DB1403663130BF14B631DBCBD046.d.8CB9D4FA70D0E38A010156D83261A995.e.3229/click - {}
RESULT: {}
COMMAND: POST /session/85842d14400d925143d12204a9eb11ff/execute/async - {"script":"<script> [1562 bytes]","args":[{"selector":{"controlType":"sap.m.Button","viewName":"etm.portal.ui.manageresources.view.Detail","viewId":"application-manageresources-display-component---detailRU","i18NText":{"propertyName":"tooltip","key":"closeColumn"},"searchOpenDialogs":true,"interaction":{"idSuffix":"inner"}},"wdio_ui5_key":"etmportal.ui.manageresources.view.Detailsap.m.Button{\"propertyName\":\"tooltip\",\"key\":\"closeColumn\"}"}]}
COMMAND: GET /session/85842d14400d925143d12204a9eb11ff/screenshot - {}
RESULT: {"script":"<script> [1562 bytes]","args":[{"selector":{"controlType":"sap.m.Button","viewName":"etm.portal.ui.manageresources.view.Detail","viewId":"application-manageresources-display-component---detailRU","i18NText":{"propertyName":"tooltip","key":"closeColumn"},"searchOpenDialogs":true,"interaction":{"idSuffix":"inner"}},"wdio_ui5_key":"etmportal.ui.manageresources.view.Detailsap.m.Button{\"propertyName\":\"tooltip\",\"key\":\"closeColumn\"}"}]}
RESULT: undefined
COMMAND: POST /session/85842d14400d925143d12204a9eb11ff/element - {"using":"xpath","value":"//*[@id=\"__button137\"]"}
RESULT: {}
RESULT: {"using":"xpath","value":"//*[@id=\"__button137\"]"}
COMMAND: POST /session/85842d14400d925143d12204a9eb11ff/element/f.F943DB1403663130BF14B631DBCBD046.d.8CB9D4FA70D0E38A010156D83261A995.e.3231/click - {}
RESULT: {}
COMMAND: GET /session/85842d14400d925143d12204a9eb11ff/screenshot - {}
RESULT: {}
COMMAND: POST /session/85842d14400d925143d12204a9eb11ff/refresh - {}
RESULT: {}
COMMAND: GET /session/85842d14400d925143d12204a9eb11ff/screenshot - {}
RESULT: {}
COMMAND: POST /session/85842d14400d925143d12204a9eb11ff/execute/async - {"script":"<script> [189 bytes]","args":[]}
RESULT: {"script":"<script> [189 bytes]","args":[]}
COMMAND: POST /session/85842d14400d925143d12204a9eb11ff/execute/async - {"script":"<script> [123 bytes]","args":[]}
RESULT: {"script":"<script> [123 bytes]","args":[]}
COMMAND: POST /session/85842d14400d925143d12204a9eb11ff/timeouts - {"script":"<number>"}
RESULT: {"script":"<number>"}
COMMAND: GET /session/85842d14400d925143d12204a9eb11ff/timeouts - {}
RESULT: {}
RESULT: undefined
COMMAND: POST /session/85842d14400d925143d12204a9eb11ff/execute/async - {"script":"<script> [2676 bytes]","args":[]}
RESULT: {"script":"<script> [2676 bytes]","args":[]}
COMMAND: POST /session/85842d14400d925143d12204a9eb11ff/execute/async - {"script":"<script> [2342 bytes]","args":[{"protocol":"http","hostname":"0.0.0.0","path":"/","capabilities":{"browserName":"chrome","goog:chromeOptions":{"binary":"C:\\Program Files\\Google\\Chrome\\Application\\chrome.exe","args":["--start-maximized"]}},"logLevel":"warn","connectionRetryTimeout":120000,"connectionRetryCount":3,"logLevels":{},"enableDirectConnect":true,"strictSSL":true,"_":"65 more keys: [\"cacheDir\",\"port\",\"requestedCapabilities\",\"automationProtocol\",\"baseUrl\",\"waitforInterval\",\"waitforTimeout\",\"onReload\",\"beforeCommand\",\"afterCommand\",\"rootDir\",\"specs\",\"suites\",\"exclude\",\"groupLogsByTestSpec\",\"excludeDriverLogs\",\"bail\",\"framework\",\"reporters\",\"services\",\"maxInstances\",\"maxInstancesPerCapability\",\"injectGlobals\",\"filesToWatch\",\"execArgv\",\"runnerEnv\",\"runner\",\"shard\",\"specFileRetries\",\"specFileRetriesDelay\",\"specFileRetriesDeferred\",\"reporterSyncInterval\",\"reporterSyncTimeout\",\"cucumberFeaturesWithLineNumbers\",\"autoCompileOpts\",\"mochaOpts\",\"jasmineOpts\",\"cucumberOpts\",\"onPrepare\",\"onWorkerStart\",\"onWorkerEnd\",\"before\",\"beforeSession\",\"beforeSuite\",\"beforeHook\",\"beforeTest\",\"afterTest\",\"afterHook\",\"afterSuite\",\"afterSession\",\"after\",\"onComplete\",\"beforeAssertion\",\"afterAssertion\",\"beforeFeature\",\"beforeScenario\",\"beforeStep\",\"afterStep\",\"afterScenario\",\"afterFeature\",\"_\",\"suite\",\"$0\",\"ignoredWorkerServices\",\"wdi5\"]"}]}
RESULT: {"script":"<script> [2342 bytes]","args":[{"protocol":"http","hostname":"0.0.0.0","path":"/","capabilities":{"browserName":"chrome","goog:chromeOptions":{"binary":"C:\\Program Files\\Google\\Chrome\\Application\\chrome.exe","args":["--start-maximized"]}},"logLevel":"warn","connectionRetryTimeout":120000,"connectionRetryCount":3,"logLevels":{},"enableDirectConnect":true,"strictSSL":true,"_":"65 more keys: [\"cacheDir\",\"port\",\"requestedCapabilities\",\"automationProtocol\",\"baseUrl\",\"waitforInterval\",\"waitforTimeout\",\"onReload\",\"beforeCommand\",\"afterCommand\",\"rootDir\",\"specs\",\"suites\",\"exclude\",\"groupLogsByTestSpec\",\"excludeDriverLogs\",\"bail\",\"framework\",\"reporters\",\"services\",\"maxInstances\",\"maxInstancesPerCapability\",\"injectGlobals\",\"filesToWatch\",\"execArgv\",\"runnerEnv\",\"runner\",\"shard\",\"specFileRetries\",\"specFileRetriesDelay\",\"specFileRetriesDeferred\",\"reporterSyncInterval\",\"reporterSyncTimeout\",\"cucumberFeaturesWithLineNumbers\",\"autoCompileOpts\",\"mochaOpts\",\"jasmineOpts\",\"cucumberOpts\",\"onPrepare\",\"onWorkerStart\",\"onWorkerEnd\",\"before\",\"beforeSession\",\"beforeSuite\",\"beforeHook\",\"beforeTest\",\"afterTest\",\"afterHook\",\"afterSuite\",\"afterSession\",\"after\",\"onComplete\",\"beforeAssertion\",\"afterAssertion\",\"beforeFeature\",\"beforeScenario\",\"beforeStep\",\"afterStep\",\"afterScenario\",\"afterFeature\",\"_\",\"suite\",\"$0\",\"ignoredWorkerServices\",\"wdi5\"]"}]}
COMMAND: POST /session/85842d14400d925143d12204a9eb11ff/execute/async - {"script":"<script> [21126 bytes]","args":[35000]}
RESULT: {"script":"<script> [21126 bytes]","args":[35000]}
COMMAND: POST /session/85842d14400d925143d12204a9eb11ff/element - {"using":"css selector","value":"#shell-header-logo"}
RESULT: {"using":"css selector","value":"#shell-header-logo"}
COMMAND: POST /session/85842d14400d925143d12204a9eb11ff/element/f.F943DB1403663130BF14B631DBCBD046.d.05A4E5420B32EB0B52F1DE69883776B1.e.3383/click - {}
RESULT: {}
COMMAND: GET /session/85842d14400d925143d12204a9eb11ff/screenshot - {}
COMMAND: POST /session/85842d14400d925143d12204a9eb11ff/execute/async - {"script":"<script> [1562 bytes]","args":[{"selector":{"controlType":"sap.m.GenericTile","properties":{"header":"Manage Resources"}},"wdio_ui5_key":"sapm.GenericTile{\"header\":\"Manage Resources\"}"}]}
RESULT: {}
RESULT: {"script":"<script> [1562 bytes]","args":[{"selector":{"controlType":"sap.m.GenericTile","properties":{"header":"Manage Resources"}},"wdio_ui5_key":"sapm.GenericTile{\"header\":\"Manage Resources\"}"}]}
RESULT: undefined
COMMAND: POST /session/85842d14400d925143d12204a9eb11ff/element - {"using":"xpath","value":"//*[@id=\"__tile39\"]"}
RESULT: {"using":"xpath","value":"//*[@id=\"__tile39\"]"}
COMMAND: POST /session/85842d14400d925143d12204a9eb11ff/element/f.F943DB1403663130BF14B631DBCBD046.d.05A4E5420B32EB0B52F1DE69883776B1.e.3566/click - {}
RESULT: {}
COMMAND: GET /session/85842d14400d925143d12204a9eb11ff/screenshot - {}
RESULT: {}
COMMAND: POST /session/85842d14400d925143d12204a9eb11ff/elements - {"using":"xpath","value":"//span[text()='Error']"}
RESULT: {"using":"xpath","value":"//span[text()='Error']"}
COMMAND: POST /session/85842d14400d925143d12204a9eb11ff/element - {"using":"xpath","value":"//button[@data-kt=\"addNewRUOverflowToolbarButton\"]"}
RESULT: {"using":"xpath","value":"//button[@data-kt=\"addNewRUOverflowToolbarButton\"]"}
COMMAND: POST /session/85842d14400d925143d12204a9eb11ff/execute/sync - {"script":"<script> [8489 bytes]","args":[{"element-6066-11e4-a52e-4f735466cecf":"f.F943DB1403663130BF14B631DBCBD046.d.05A4E5420B32EB0B52F1DE69883776B1.e.3609","ELEMENT":"f.F943DB1403663130BF14B631DBCBD046.d.05A4E5420B32EB0B52F1DE69883776B1.e.3609"}]}
RESULT: {"script":"<script> [8489 bytes]","args":[{"element-6066-11e4-a52e-4f735466cecf":"f.F943DB1403663130BF14B631DBCBD046.d.05A4E5420B32EB0B52F1DE69883776B1.e.3609","ELEMENT":"f.F943DB1403663130BF14B631DBCBD046.d.05A4E5420B32EB0B52F1DE69883776B1.e.3609"}]}
COMMAND: POST /session/85842d14400d925143d12204a9eb11ff/element/f.F943DB1403663130BF14B631DBCBD046.d.05A4E5420B32EB0B52F1DE69883776B1.e.3609/click - {}
COMMAND: GET /session/85842d14400d925143d12204a9eb11ff/screenshot - {}
RESULT: {}
COMMAND: GET /session/85842d14400d925143d12204a9eb11ff/screenshot - {}
RESULT: {}
RESULT: {}
COMMAND: POST /session/85842d14400d925143d12204a9eb11ff/execute/async - {"script":"<script> [1562 bytes]","args":[{"selector":{"id":"application-manageresources-display-component---newResourceUnit--TYPE-arrow"},"wdio_ui5_key":"applicationmanageresources-display-component---newResourceUnit--TYPE-arrow"}]}
RESULT: {"script":"<script> [1562 bytes]","args":[{"selector":{"id":"application-manageresources-display-component---newResourceUnit--TYPE-arrow"},"wdio_ui5_key":"applicationmanageresources-display-component---newResourceUnit--TYPE-arrow"}]}
RESULT: undefined
COMMAND: POST /session/85842d14400d925143d12204a9eb11ff/element - {"using":"xpath","value":"//*[@id=\"application-manageresources-display-component---newResourceUnit--TYPE-arrow\"]"}
RESULT: {"using":"xpath","value":"//*[@id=\"application-manageresources-display-component---newResourceUnit--TYPE-arrow\"]"}
COMMAND: POST /session/85842d14400d925143d12204a9eb11ff/element/f.F943DB1403663130BF14B631DBCBD046.d.05A4E5420B32EB0B52F1DE69883776B1.e.3928/click - {}
RESULT: {}
COMMAND: POST /session/85842d14400d925143d12204a9eb11ff/execute/async - {"script":"<script> [1562 bytes]","args":[{"selector":{"controlType":"sap.m.StandardListItem","viewName":"reusables.view.manageresources.NewResourceUnit","viewId":"application-manageresources-display-component---newResourceUnit","properties":{"title":"Equipment"},"searchOpenDialogs":true,"interaction":{"idSuffix":"content"}},"wdio_ui5_key":"reusablesview.manageresources.NewResourceUnitsap.m.StandardListItem{\"title\":\"Equipment\"}"}]}
COMMAND: GET /session/85842d14400d925143d12204a9eb11ff/screenshot - {}
RESULT: {"script":"<script> [1562 bytes]","args":[{"selector":{"controlType":"sap.m.StandardListItem","viewName":"reusables.view.manageresources.NewResourceUnit","viewId":"application-manageresources-display-component---newResourceUnit","properties":{"title":"Equipment"},"searchOpenDialogs":true,"interaction":{"idSuffix":"content"}},"wdio_ui5_key":"reusablesview.manageresources.NewResourceUnitsap.m.StandardListItem{\"title\":\"Equipment\"}"}]}
RESULT: undefined
COMMAND: POST /session/85842d14400d925143d12204a9eb11ff/element - {"using":"xpath","value":"//*[@id=\"__item180\"]"}
RESULT: {}
RESULT: {"using":"xpath","value":"//*[@id=\"__item180\"]"}
COMMAND: POST /session/85842d14400d925143d12204a9eb11ff/element/f.F943DB1403663130BF14B631DBCBD046.d.05A4E5420B32EB0B52F1DE69883776B1.e.3931/click - {}
RESULT: {}
COMMAND: POST /session/85842d14400d925143d12204a9eb11ff/execute/async - {"script":"<script> [1562 bytes]","args":[{"selector":{"id":"application-manageresources-display-component---newResourceUnit--resourceId","interaction":{"idSuffix":"inner"}},"wdio_ui5_key":"applicationmanageresources-display-component---newResourceUnit--resourceId"}]}
COMMAND: GET /session/85842d14400d925143d12204a9eb11ff/screenshot - {}
RESULT: {"script":"<script> [1562 bytes]","args":[{"selector":{"id":"application-manageresources-display-component---newResourceUnit--resourceId","interaction":{"idSuffix":"inner"}},"wdio_ui5_key":"applicationmanageresources-display-component---newResourceUnit--resourceId"}]}
RESULT: undefined
COMMAND: POST /session/85842d14400d925143d12204a9eb11ff/execute/async - {"script":"<script> [776 bytes]","args":[{"enterText":"WdIOR2cEquip66mx1","selector":{"id":"application-manageresources-display-component---newResourceUnit--resourceId","interaction":{"idSuffix":"inner"}},"clearTextFirst":true,"interactionType":"ENTER_TEXT"}]}
RESULT: {}
RESULT: {"script":"<script> [776 bytes]","args":[{"enterText":"WdIOR2cEquip66mx1","selector":{"id":"application-manageresources-display-component---newResourceUnit--resourceId","interaction":{"idSuffix":"inner"}},"clearTextFirst":true,"interactionType":"ENTER_TEXT"}]}
COMMAND: POST /session/85842d14400d925143d12204a9eb11ff/execute/async - {"script":"<script> [1562 bytes]","args":[{"selector":{"id":"application-manageresources-display-component---newResourceUnit--SHORT_TEXT","interaction":{"idSuffix":"inner"}},"wdio_ui5_key":"applicationmanageresources-display-component---newResourceUnit--SHORT_TEXT"}]}
RESULT: {"script":"<script> [1562 bytes]","args":[{"selector":{"id":"application-manageresources-display-component---newResourceUnit--SHORT_TEXT","interaction":{"idSuffix":"inner"}},"wdio_ui5_key":"applicationmanageresources-display-component---newResourceUnit--SHORT_TEXT"}]}
RESULT: undefined
COMMAND: POST /session/85842d14400d925143d12204a9eb11ff/execute/async - {"script":"<script> [776 bytes]","args":[{"enterText":"WdIOR2cEquip66mx1","selector":{"id":"application-manageresources-display-component---newResourceUnit--SHORT_TEXT","interaction":{"idSuffix":"inner"}},"clearTextFirst":true,"interactionType":"ENTER_TEXT"}]}
RESULT: {"script":"<script> [776 bytes]","args":[{"enterText":"WdIOR2cEquip66mx1","selector":{"id":"application-manageresources-display-component---newResourceUnit--SHORT_TEXT","interaction":{"idSuffix":"inner"}},"clearTextFirst":true,"interactionType":"ENTER_TEXT"}]}
COMMAND: POST /session/85842d14400d925143d12204a9eb11ff/execute/async - {"script":"<script> [1562 bytes]","args":[{"selector":{"id":"application-manageresources-display-component---newResourceUnit--BASE_UNIT_OF_MEASURE","interaction":{"idSuffix":"inner"}},"wdio_ui5_key":"applicationmanageresources-display-component---newResourceUnit--BASE_UNIT_OF_MEASURE"}]}
RESULT: {"script":"<script> [1562 bytes]","args":[{"selector":{"id":"application-manageresources-display-component---newResourceUnit--BASE_UNIT_OF_MEASURE","interaction":{"idSuffix":"inner"}},"wdio_ui5_key":"applicationmanageresources-display-component---newResourceUnit--BASE_UNIT_OF_MEASURE"}]}
RESULT: undefined
COMMAND: POST /session/85842d14400d925143d12204a9eb11ff/execute/async - {"script":"<script> [776 bytes]","args":[{"enterText":"Piece","selector":{"id":"application-manageresources-display-component---newResourceUnit--BASE_UNIT_OF_MEASURE","interaction":{"idSuffix":"inner"}},"clearTextFirst":true,"interactionType":"ENTER_TEXT"}]}
RESULT: {"script":"<script> [776 bytes]","args":[{"enterText":"Piece","selector":{"id":"application-manageresources-display-component---newResourceUnit--BASE_UNIT_OF_MEASURE","interaction":{"idSuffix":"inner"}},"clearTextFirst":true,"interactionType":"ENTER_TEXT"}]}
COMMAND: POST /session/85842d14400d925143d12204a9eb11ff/execute/async - {"script":"<script> [1562 bytes]","args":[{"selector":{"id":"application-manageresources-display-component---newResourceUnit--WEIGHT_UNIT","interaction":{"idSuffix":"inner"}},"wdio_ui5_key":"applicationmanageresources-display-component---newResourceUnit--WEIGHT_UNIT"}]}
RESULT: {"script":"<script> [1562 bytes]","args":[{"selector":{"id":"application-manageresources-display-component---newResourceUnit--WEIGHT_UNIT","interaction":{"idSuffix":"inner"}},"wdio_ui5_key":"applicationmanageresources-display-component---newResourceUnit--WEIGHT_UNIT"}]}
RESULT: undefined
COMMAND: POST /session/85842d14400d925143d12204a9eb11ff/execute/async - {"script":"<script> [776 bytes]","args":[{"enterText":"Gram","selector":{"id":"application-manageresources-display-component---newResourceUnit--WEIGHT_UNIT","interaction":{"idSuffix":"inner"}},"clearTextFirst":true,"interactionType":"ENTER_TEXT"}]}
RESULT: {"script":"<script> [776 bytes]","args":[{"enterText":"Gram","selector":{"id":"application-manageresources-display-component---newResourceUnit--WEIGHT_UNIT","interaction":{"idSuffix":"inner"}},"clearTextFirst":true,"interactionType":"ENTER_TEXT"}]}
COMMAND: POST /session/85842d14400d925143d12204a9eb11ff/execute/async - {"script":"<script> [1562 bytes]","args":[{"selector":{"id":"application-manageresources-display-component---newResourceUnit--newRRUPage-OPHeaderContent-collapseBtn-img"},"wdio_ui5_key":"applicationmanageresources-display-component---newResourceUnit--newRRUPage-OPHeaderContent-collapseBtn-img"}]}
RESULT: {"script":"<script> [1562 bytes]","args":[{"selector":{"id":"application-manageresources-display-component---newResourceUnit--newRRUPage-OPHeaderContent-collapseBtn-img"},"wdio_ui5_key":"applicationmanageresources-display-component---newResourceUnit--newRRUPage-OPHeaderContent-collapseBtn-img"}]}
RESULT: undefined
COMMAND: POST /session/85842d14400d925143d12204a9eb11ff/element - {"using":"xpath","value":"//*[@id=\"application-manageresources-display-component---newResourceUnit--newRRUPage-OPHeaderContent-collapseBtn-img\"]"}
RESULT: {"using":"xpath","value":"//*[@id=\"application-manageresources-display-component---newResourceUnit--newRRUPage-OPHeaderContent-collapseBtn-img\"]"}
COMMAND: POST /session/85842d14400d925143d12204a9eb11ff/element/f.F943DB1403663130BF14B631DBCBD046.d.05A4E5420B32EB0B52F1DE69883776B1.e.3939/click - {}
RESULT: {}
COMMAND: GET /session/85842d14400d925143d12204a9eb11ff/screenshot - {}
RESULT: {}
COMMAND: POST /session/85842d14400d925143d12204a9eb11ff/element - {"using":"xpath","value":"(//span[contains(@id ,\"application-manageresources-display-component---newResourceUnit--DIMENSION_UNIT-arrow\")])[1]"}
RESULT: {"using":"xpath","value":"(//span[contains(@id ,\"application-manageresources-display-component---newResourceUnit--DIMENSION_UNIT-arrow\")])[1]"}
COMMAND: POST /session/85842d14400d925143d12204a9eb11ff/element/f.F943DB1403663130BF14B631DBCBD046.d.05A4E5420B32EB0B52F1DE69883776B1.e.4062/click - {}
RESULT: {}
COMMAND: GET /session/85842d14400d925143d12204a9eb11ff/screenshot - {}
RESULT: {}
COMMAND: POST /session/85842d14400d925143d12204a9eb11ff/execute/async - {"script":"<script> [1562 bytes]","args":[{"selector":{"controlType":"sap.m.StandardListItem","viewName":"reusables.view.manageresources.NewResourceUnit","viewId":"application-manageresources-display-component---newResourceUnit","properties":{"title":"Centimeter"},"searchOpenDialogs":true,"interaction":{"idSuffix":"titleText"}},"wdio_ui5_key":"reusablesview.manageresources.NewResourceUnitsap.m.StandardListItem{\"title\":\"Centimeter\"}"}]}
RESULT: {"script":"<script> [1562 bytes]","args":[{"selector":{"controlType":"sap.m.StandardListItem","viewName":"reusables.view.manageresources.NewResourceUnit","viewId":"application-manageresources-display-component---newResourceUnit","properties":{"title":"Centimeter"},"searchOpenDialogs":true,"interaction":{"idSuffix":"titleText"}},"wdio_ui5_key":"reusablesview.manageresources.NewResourceUnitsap.m.StandardListItem{\"title\":\"Centimeter\"}"}]}
RESULT: undefined
COMMAND: POST /session/85842d14400d925143d12204a9eb11ff/element - {"using":"xpath","value":"//*[@id=\"__item221\"]"}
RESULT: {"using":"xpath","value":"//*[@id=\"__item221\"]"}
COMMAND: POST /session/85842d14400d925143d12204a9eb11ff/element/f.F943DB1403663130BF14B631DBCBD046.d.05A4E5420B32EB0B52F1DE69883776B1.e.4064/click - {}
RESULT: {}
COMMAND: GET /session/85842d14400d925143d12204a9eb11ff/screenshot - {}
RESULT: {}
COMMAND: POST /session/85842d14400d925143d12204a9eb11ff/execute/async - {"script":"<script> [1562 bytes]","args":[{"selector":{"id":"application-manageresources-display-component---newResourceUnit--newRRUPage-anchBar-application-manageresources-display-component---newResourceUnit--control-anchor","interaction":{"idSuffix":"BDI-content"}},"wdio_ui5_key":"applicationmanageresources-display-component---newResourceUnit--newRRUPage-anchBar-application-manageresources-display-component---newResourceUnit--control-anchor"}]}
RESULT: {"script":"<script> [1562 bytes]","args":[{"selector":{"id":"application-manageresources-display-component---newResourceUnit--newRRUPage-anchBar-application-manageresources-display-component---newResourceUnit--control-anchor","interaction":{"idSuffix":"BDI-content"}},"wdio_ui5_key":"applicationmanageresources-display-component---newResourceUnit--newRRUPage-anchBar-application-manageresources-display-component---newResourceUnit--control-anchor"}]}
RESULT: undefined
COMMAND: POST /session/85842d14400d925143d12204a9eb11ff/element - {"using":"xpath","value":"//*[@id=\"application-manageresources-display-component---newResourceUnit--newRRUPage-anchBar-application-manageresources-display-component---newResourceUnit--control-anchor\"]"}
RESULT: {"using":"xpath","value":"//*[@id=\"application-manageresources-display-component---newResourceUnit--newRRUPage-anchBar-application-manageresources-display-component---newResourceUnit--control-anchor\"]"}
COMMAND: POST /session/85842d14400d925143d12204a9eb11ff/element/f.F943DB1403663130BF14B631DBCBD046.d.05A4E5420B32EB0B52F1DE69883776B1.e.4066/click - {}
RESULT: {}
COMMAND: POST /session/85842d14400d925143d12204a9eb11ff/execute/async - {"script":"<script> [1562 bytes]","args":[{"selector":{"id":"application-manageresources-display-component---newResourceUnit--PLANNING_GROUP","interaction":{"idSuffix":"inner"}},"wdio_ui5_key":"applicationmanageresources-display-component---newResourceUnit--PLANNING_GROUP"}]}
COMMAND: GET /session/85842d14400d925143d12204a9eb11ff/screenshot - {}
RESULT: {"script":"<script> [1562 bytes]","args":[{"selector":{"id":"application-manageresources-display-component---newResourceUnit--PLANNING_GROUP","interaction":{"idSuffix":"inner"}},"wdio_ui5_key":"applicationmanageresources-display-component---newResourceUnit--PLANNING_GROUP"}]}
RESULT: undefined
COMMAND: POST /session/85842d14400d925143d12204a9eb11ff/execute/async - {"script":"<script> [776 bytes]","args":[{"enterText":"Heavy Equi","selector":{"id":"application-manageresources-display-component---newResourceUnit--PLANNING_GROUP","interaction":{"idSuffix":"inner"}},"clearTextFirst":true,"interactionType":"ENTER_TEXT"}]}
RESULT: {}
RESULT: {"script":"<script> [776 bytes]","args":[{"enterText":"Heavy Equi","selector":{"id":"application-manageresources-display-component---newResourceUnit--PLANNING_GROUP","interaction":{"idSuffix":"inner"}},"clearTextFirst":true,"interactionType":"ENTER_TEXT"}]}
COMMAND: POST /session/85842d14400d925143d12204a9eb11ff/execute/async - {"script":"<script> [1562 bytes]","args":[{"selector":{"id":"application-manageresources-display-component---newResourceUnit--ITEM_TYPE-arrow"},"wdio_ui5_key":"applicationmanageresources-display-component---newResourceUnit--ITEM_TYPE-arrow"}]}
RESULT: {"script":"<script> [1562 bytes]","args":[{"selector":{"id":"application-manageresources-display-component---newResourceUnit--ITEM_TYPE-arrow"},"wdio_ui5_key":"applicationmanageresources-display-component---newResourceUnit--ITEM_TYPE-arrow"}]}
RESULT: undefined
COMMAND: POST /session/85842d14400d925143d12204a9eb11ff/element - {"using":"xpath","value":"//*[@id=\"application-manageresources-display-component---newResourceUnit--ITEM_TYPE-arrow\"]"}
RESULT: {"using":"xpath","value":"//*[@id=\"application-manageresources-display-component---newResourceUnit--ITEM_TYPE-arrow\"]"}
COMMAND: POST /session/85842d14400d925143d12204a9eb11ff/element/f.F943DB1403663130BF14B631DBCBD046.d.05A4E5420B32EB0B52F1DE69883776B1.e.4071/click - {}
RESULT: {}
COMMAND: POST /session/85842d14400d925143d12204a9eb11ff/execute/async - {"script":"<script> [1562 bytes]","args":[{"selector":{"controlType":"sap.m.StandardListItem","viewName":"reusables.view.manageresources.NewResourceUnit","viewId":"application-manageresources-display-component---newResourceUnit","properties":{"title":"Resource Unit"},"searchOpenDialogs":true,"interaction":{"idSuffix":"titleText"}},"wdio_ui5_key":"reusablesview.manageresources.NewResourceUnitsap.m.StandardListItem{\"title\":\"Resource Unit\"}"}]}
COMMAND: GET /session/85842d14400d925143d12204a9eb11ff/screenshot - {}
RESULT: {"script":"<script> [1562 bytes]","args":[{"selector":{"controlType":"sap.m.StandardListItem","viewName":"reusables.view.manageresources.NewResourceUnit","viewId":"application-manageresources-display-component---newResourceUnit","properties":{"title":"Resource Unit"},"searchOpenDialogs":true,"interaction":{"idSuffix":"titleText"}},"wdio_ui5_key":"reusablesview.manageresources.NewResourceUnitsap.m.StandardListItem{\"title\":\"Resource Unit\"}"}]}
RESULT: undefined
COMMAND: POST /session/85842d14400d925143d12204a9eb11ff/element - {"using":"xpath","value":"//*[@id=\"__item243\"]"}
RESULT: {}
RESULT: {"using":"xpath","value":"//*[@id=\"__item243\"]"}
COMMAND: POST /session/85842d14400d925143d12204a9eb11ff/element/f.F943DB1403663130BF14B631DBCBD046.d.05A4E5420B32EB0B52F1DE69883776B1.e.4073/click - {}
RESULT: {}
COMMAND: POST /session/85842d14400d925143d12204a9eb11ff/element - {"using":"xpath","value":"//bdi[contains(text(), \"Time Segment\")]"}
COMMAND: GET /session/85842d14400d925143d12204a9eb11ff/screenshot - {}
RESULT: {"using":"xpath","value":"//bdi[contains(text(), \"Time Segment\")]"}
COMMAND: GET /session/85842d14400d925143d12204a9eb11ff/element/f.F943DB1403663130BF14B631DBCBD046.d.05A4E5420B32EB0B52F1DE69883776B1.e.4074/rect - {}
RESULT: {}
RESULT: {}
COMMAND: GET /session/85842d14400d925143d12204a9eb11ff/window/rect - {}
RESULT: {}
COMMAND: POST /session/85842d14400d925143d12204a9eb11ff/execute/sync - {"script":"<script> [92 bytes]","args":[]}
RESULT: {"script":"<script> [92 bytes]","args":[]}
COMMAND: POST /session/85842d14400d925143d12204a9eb11ff/actions - {"actions":[{"id":"action7","type":"wheel","parameters":{},"actions":[{"type":"scroll","x":-1820,"y":-21,"deltaX":0,"deltaY":0,"duration":0,"origin":{"element-6066-11e4-a52e-4f735466cecf":"f.F943DB1403663130BF14B631DBCBD046.d.05A4E5420B32EB0B52F1DE69883776B1.e.4074"}}]}]}
COMMAND: GET /session/85842d14400d925143d12204a9eb11ff/screenshot - {}
RESULT: {}
COMMAND: POST /session/85842d14400d925143d12204a9eb11ff/execute/sync - {"script":"<script> [79 bytes]","args":[{"element-6066-11e4-a52e-4f735466cecf":"f.F943DB1403663130BF14B631DBCBD046.d.05A4E5420B32EB0B52F1DE69883776B1.e.4074","ELEMENT":"f.F943DB1403663130BF14B631DBCBD046.d.05A4E5420B32EB0B52F1DE69883776B1.e.4074"},{"block":"start","inline":"nearest"}]}
RESULT: {"script":"<script> [79 bytes]","args":[{"element-6066-11e4-a52e-4f735466cecf":"f.F943DB1403663130BF14B631DBCBD046.d.05A4E5420B32EB0B52F1DE69883776B1.e.4074","ELEMENT":"f.F943DB1403663130BF14B631DBCBD046.d.05A4E5420B32EB0B52F1DE69883776B1.e.4074"},{"block":"start","inline":"nearest"}]}
COMMAND: POST /session/85842d14400d925143d12204a9eb11ff/execute/async - {"script":"<script> [1562 bytes]","args":[{"selector":{"id":"application-manageresources-display-component---newResourceUnit--btnAddTimeSegment-img"},"wdio_ui5_key":"applicationmanageresources-display-component---newResourceUnit--btnAddTimeSegment-img"}]}
COMMAND: GET /session/85842d14400d925143d12204a9eb11ff/screenshot - {}
RESULT: {"script":"<script> [1562 bytes]","args":[{"selector":{"id":"application-manageresources-display-component---newResourceUnit--btnAddTimeSegment-img"},"wdio_ui5_key":"applicationmanageresources-display-component---newResourceUnit--btnAddTimeSegment-img"}]}
RESULT: undefined
COMMAND: POST /session/85842d14400d925143d12204a9eb11ff/element - {"using":"xpath","value":"//*[@id=\"application-manageresources-display-component---newResourceUnit--btnAddTimeSegment-img\"]"}
RESULT: {}
RESULT: {"using":"xpath","value":"//*[@id=\"application-manageresources-display-component---newResourceUnit--btnAddTimeSegment-img\"]"}
COMMAND: POST /session/85842d14400d925143d12204a9eb11ff/element/f.F943DB1403663130BF14B631DBCBD046.d.05A4E5420B32EB0B52F1DE69883776B1.e.4075/click - {}
RESULT: {}
COMMAND: GET /session/85842d14400d925143d12204a9eb11ff/screenshot - {}
RESULT: {}
COMMAND: POST /session/85842d14400d925143d12204a9eb11ff/element - {"using":"xpath","value":"//input[@id=\"application-manageresources-display-component---newResourceUnit--idRuTSAdmin-application-manageresources-display-component---newResourceUnit--RUTimeSegment-0-inner\"]"}
RESULT: {"using":"xpath","value":"//input[@id=\"application-manageresources-display-component---newResourceUnit--idRuTSAdmin-application-manageresources-display-component---newResourceUnit--RUTimeSegment-0-inner\"]"}
COMMAND: POST /session/85842d14400d925143d12204a9eb11ff/element/f.F943DB1403663130BF14B631DBCBD046.d.05A4E5420B32EB0B52F1DE69883776B1.e.4081/clear - {}
RESULT: {}
COMMAND: POST /session/85842d14400d925143d12204a9eb11ff/element/f.F943DB1403663130BF14B631DBCBD046.d.05A4E5420B32EB0B52F1DE69883776B1.e.4081/value - {"text":"WebdriverYard4joyzj"}
COMMAND: GET /session/85842d14400d925143d12204a9eb11ff/screenshot - {}
RESULT: {"text":"WebdriverYard4joyzj"}
COMMAND: GET /session/85842d14400d925143d12204a9eb11ff/screenshot - {}
RESULT: {}
RESULT: {}
COMMAND: POST /session/85842d14400d925143d12204a9eb11ff/actions - {"actions":[{"id":"action8","type":"key","parameters":{},"actions":[{"type":"keyDown","value":"î€‡"},{"type":"pause","duration":10},{"type":"keyUp","value":"î€‡"}]}]}
RESULT: {"actions":[{"id":"action8","type":"key","parameters":{},"actions":[{"type":"keyDown","value":"î€‡"},{"type":"pause","duration":10},{"type":"keyUp","value":"î€‡"}]}]}
COMMAND: POST /session/85842d14400d925143d12204a9eb11ff/execute/async - {"script":"<script> [1562 bytes]","args":[{"selector":{"controlType":"sap.ui.core.Icon","viewName":"reusables.view.manageresources.NewResourceUnit","viewId":"application-manageresources-display-component---newResourceUnit","properties":{"src":{"regex":{"source":"slim\\-arrow\\-down"}}},"ancestor":{"controlType":"sap.m.ComboBox","viewName":"reusables.view.manageresources.NewResourceUnit","viewId":"application-manageresources-display-component---newResourceUnit","bindingPath":{"path":"/RESOURCE_UNIT_TIME_SEQUENCES/0","propertyPath":"COST_OBJECT_ADMIN_CST_TYPE","modelName":"oNewRruModel"}}},"wdio_ui5_key":"reusablesview.manageresources.NewResourceUnitsap.ui.core.Icon{\"src\":{\"regex\":{\"source\":\"slim\\\\-arrow\\\\-down\"}}}{\"controlType\":\"sap.m.ComboBox\",\"viewName\":\"reusables.view.manageresources.NewResourceUnit\",\"viewId\":\"application-manageresources-display-component---newResourceUnit\",\"bindingPath\":{\"path\":\"/RESOURCE_UNIT_TIME_SEQUENCES/0\",\"propertyPath\":\"COST_OBJECT_ADMIN_CST_TYPE\",\"modelName\":\"oNewRruModel\"}}"}]}
COMMAND: GET /session/85842d14400d925143d12204a9eb11ff/screenshot - {}
RESULT: {"script":"<script> [1562 bytes]","args":[{"selector":{"controlType":"sap.ui.core.Icon","viewName":"reusables.view.manageresources.NewResourceUnit","viewId":"application-manageresources-display-component---newResourceUnit","properties":{"src":{"regex":{"source":"slim\\-arrow\\-down"}}},"ancestor":{"controlType":"sap.m.ComboBox","viewName":"reusables.view.manageresources.NewResourceUnit","viewId":"application-manageresources-display-component---newResourceUnit","bindingPath":{"path":"/RESOURCE_UNIT_TIME_SEQUENCES/0","propertyPath":"COST_OBJECT_ADMIN_CST_TYPE","modelName":"oNewRruModel"}}},"wdio_ui5_key":"reusablesview.manageresources.NewResourceUnitsap.ui.core.Icon{\"src\":{\"regex\":{\"source\":\"slim\\\\-arrow\\\\-down\"}}}{\"controlType\":\"sap.m.ComboBox\",\"viewName\":\"reusables.view.manageresources.NewResourceUnit\",\"viewId\":\"application-manageresources-display-component---newResourceUnit\",\"bindingPath\":{\"path\":\"/RESOURCE_UNIT_TIME_SEQUENCES/0\",\"propertyPath\":\"COST_OBJECT_ADMIN_CST_TYPE\",\"modelName\":\"oNewRruModel\"}}"}]}
RESULT: undefined
COMMAND: POST /session/85842d14400d925143d12204a9eb11ff/element - {"using":"xpath","value":"//*[@id=\"__box7-application-manageresources-display-component---newResourceUnit--RUTimeSegment-0-arrow\"]"}
RESULT: {}
RESULT: {"using":"xpath","value":"//*[@id=\"__box7-application-manageresources-display-component---newResourceUnit--RUTimeSegment-0-arrow\"]"}
COMMAND: POST /session/85842d14400d925143d12204a9eb11ff/element/f.F943DB1403663130BF14B631DBCBD046.d.05A4E5420B32EB0B52F1DE69883776B1.e.4093/click - {}
RESULT: {}
COMMAND: POST /session/85842d14400d925143d12204a9eb11ff/execute/async - {"script":"<script> [1562 bytes]","args":[{"selector":{"controlType":"sap.m.StandardListItem","viewName":"reusables.view.manageresources.NewResourceUnit","viewId":"application-manageresources-display-component---newResourceUnit","properties":{"title":"PM Order"},"searchOpenDialogs":true,"interaction":{"idSuffix":"titleText"}},"wdio_ui5_key":"reusablesview.manageresources.NewResourceUnitsap.m.StandardListItem{\"title\":\"PM Order\"}"}]}
COMMAND: GET /session/85842d14400d925143d12204a9eb11ff/screenshot - {}
RESULT: {"script":"<script> [1562 bytes]","args":[{"selector":{"controlType":"sap.m.StandardListItem","viewName":"reusables.view.manageresources.NewResourceUnit","viewId":"application-manageresources-display-component---newResourceUnit","properties":{"title":"PM Order"},"searchOpenDialogs":true,"interaction":{"idSuffix":"titleText"}},"wdio_ui5_key":"reusablesview.manageresources.NewResourceUnitsap.m.StandardListItem{\"title\":\"PM Order\"}"}]}
RESULT: undefined
COMMAND: POST /session/85842d14400d925143d12204a9eb11ff/element - {"using":"xpath","value":"//*[@id=\"__item677\"]"}
RESULT: {}
RESULT: {"using":"xpath","value":"//*[@id=\"__item677\"]"}
COMMAND: POST /session/85842d14400d925143d12204a9eb11ff/element/f.F943DB1403663130BF14B631DBCBD046.d.05A4E5420B32EB0B52F1DE69883776B1.e.4097/click - {}
RESULT: {}
COMMAND: GET /session/85842d14400d925143d12204a9eb11ff/screenshot - {}
RESULT: {}
COMMAND: POST /session/85842d14400d925143d12204a9eb11ff/element - {"using":"xpath","value":"(//input[contains(@id ,\"-application-manageresources-display-component---newResourceUnit--RUTimeSegment-0-inner\")])[8]"}
RESULT: {"using":"xpath","value":"(//input[contains(@id ,\"-application-manageresources-display-component---newResourceUnit--RUTimeSegment-0-inner\")])[8]"}
COMMAND: POST /session/85842d14400d925143d12204a9eb11ff/element/f.F943DB1403663130BF14B631DBCBD046.d.05A4E5420B32EB0B52F1DE69883776B1.e.4100/clear - {}
RESULT: {}
COMMAND: POST /session/85842d14400d925143d12204a9eb11ff/element/f.F943DB1403663130BF14B631DBCBD046.d.05A4E5420B32EB0B52F1DE69883776B1.e.4100/value - {"text":"4000360"}
COMMAND: GET /session/85842d14400d925143d12204a9eb11ff/screenshot - {}
RESULT: {"text":"4000360"}
COMMAND: GET /session/85842d14400d925143d12204a9eb11ff/screenshot - {}
RESULT: {}
RESULT: {}
COMMAND: POST /session/85842d14400d925143d12204a9eb11ff/actions - {"actions":[{"id":"action9","type":"key","parameters":{},"actions":[{"type":"keyDown","value":"î€‡"},{"type":"pause","duration":10},{"type":"keyUp","value":"î€‡"}]}]}
RESULT: {"actions":[{"id":"action9","type":"key","parameters":{},"actions":[{"type":"keyDown","value":"î€‡"},{"type":"pause","duration":10},{"type":"keyUp","value":"î€‡"}]}]}
COMMAND: GET /session/85842d14400d925143d12204a9eb11ff/screenshot - {}
RESULT: {}
COMMAND: POST /session/85842d14400d925143d12204a9eb11ff/element - {"using":"xpath","value":"//input[contains(@id ,\"application-manageresources-display-component---newResourceUnit--newTimeSegmentFromDatePicker-application-manageresources-display-component---newResourceUnit--RUTimeSegment-0-inner\")]"}
RESULT: {"using":"xpath","value":"//input[contains(@id ,\"application-manageresources-display-component---newResourceUnit--newTimeSegmentFromDatePicker-application-manageresources-display-component---newResourceUnit--RUTimeSegment-0-inner\")]"}
COMMAND: POST /session/85842d14400d925143d12204a9eb11ff/element/f.F943DB1403663130BF14B631DBCBD046.d.05A4E5420B32EB0B52F1DE69883776B1.e.4088/clear - {}
RESULT: {}
COMMAND: POST /session/85842d14400d925143d12204a9eb11ff/element/f.F943DB1403663130BF14B631DBCBD046.d.05A4E5420B32EB0B52F1DE69883776B1.e.4088/clear - {}
COMMAND: GET /session/85842d14400d925143d12204a9eb11ff/screenshot - {}
RESULT: {}
COMMAND: POST /session/85842d14400d925143d12204a9eb11ff/element/f.F943DB1403663130BF14B631DBCBD046.d.05A4E5420B32EB0B52F1DE69883776B1.e.4088/value - {"text":"06/18/24"}
COMMAND: GET /session/85842d14400d925143d12204a9eb11ff/screenshot - {}
RESULT: {}
RESULT: {"text":"06/18/24"}
COMMAND: POST /session/85842d14400d925143d12204a9eb11ff/execute/async - {"script":"<script> [1562 bytes]","args":[{"selector":{"id":"application-manageresources-display-component---newResourceUnit--newRRUPage-anchBar-application-manageresources-display-component---newResourceUnit--resource-anchor","interaction":{"idSuffix":"BDI-content"}},"wdio_ui5_key":"applicationmanageresources-display-component---newResourceUnit--newRRUPage-anchBar-application-manageresources-display-component---newResourceUnit--resource-anchor"}]}
COMMAND: GET /session/85842d14400d925143d12204a9eb11ff/screenshot - {}
RESULT: {}
RESULT: {"script":"<script> [1562 bytes]","args":[{"selector":{"id":"application-manageresources-display-component---newResourceUnit--newRRUPage-anchBar-application-manageresources-display-component---newResourceUnit--resource-anchor","interaction":{"idSuffix":"BDI-content"}},"wdio_ui5_key":"applicationmanageresources-display-component---newResourceUnit--newRRUPage-anchBar-application-manageresources-display-component---newResourceUnit--resource-anchor"}]}
RESULT: undefined
COMMAND: POST /session/85842d14400d925143d12204a9eb11ff/element - {"using":"xpath","value":"//*[@id=\"application-manageresources-display-component---newResourceUnit--newRRUPage-anchBar-application-manageresources-display-component---newResourceUnit--resource-anchor\"]"}
RESULT: {}
RESULT: {"using":"xpath","value":"//*[@id=\"application-manageresources-display-component---newResourceUnit--newRRUPage-anchBar-application-manageresources-display-component---newResourceUnit--resource-anchor\"]"}
COMMAND: POST /session/85842d14400d925143d12204a9eb11ff/element/f.F943DB1403663130BF14B631DBCBD046.d.05A4E5420B32EB0B52F1DE69883776B1.e.4107/click - {}
RESULT: {}
COMMAND: POST /session/85842d14400d925143d12204a9eb11ff/execute/async - {"script":"<script> [1562 bytes]","args":[{"selector":{"id":"application-manageresources-display-component---newResourceUnit--PLANNED_DELIVERY_DATE","interaction":{"idSuffix":"inner"}},"wdio_ui5_key":"applicationmanageresources-display-component---newResourceUnit--PLANNED_DELIVERY_DATE"}]}
COMMAND: GET /session/85842d14400d925143d12204a9eb11ff/screenshot - {}
RESULT: {"script":"<script> [1562 bytes]","args":[{"selector":{"id":"application-manageresources-display-component---newResourceUnit--PLANNED_DELIVERY_DATE","interaction":{"idSuffix":"inner"}},"wdio_ui5_key":"applicationmanageresources-display-component---newResourceUnit--PLANNED_DELIVERY_DATE"}]}
RESULT: undefined
COMMAND: POST /session/85842d14400d925143d12204a9eb11ff/execute/async - {"script":"<script> [6424 bytes]","args":[{"element-6066-11e4-a52e-4f735466cecf":"f.F943DB1403663130BF14B631DBCBD046.d.05A4E5420B32EB0B52F1DE69883776B1.e.3985"},"setValue",["06/18/24"]]}
RESULT: {}
RESULT: {"script":"<script> [6424 bytes]","args":[{"element-6066-11e4-a52e-4f735466cecf":"f.F943DB1403663130BF14B631DBCBD046.d.05A4E5420B32EB0B52F1DE69883776B1.e.3985"},"setValue",["06/18/24"]]}
COMMAND: POST /session/85842d14400d925143d12204a9eb11ff/execute/async - {"script":"<script> [1562 bytes]","args":[{"selector":{"id":"application-manageresources-display-component---newResourceUnit--RETIRE_PLANNED_DATE","interaction":{"idSuffix":"inner"}},"wdio_ui5_key":"applicationmanageresources-display-component---newResourceUnit--RETIRE_PLANNED_DATE"}]}
RESULT: {"script":"<script> [1562 bytes]","args":[{"selector":{"id":"application-manageresources-display-component---newResourceUnit--RETIRE_PLANNED_DATE","interaction":{"idSuffix":"inner"}},"wdio_ui5_key":"applicationmanageresources-display-component---newResourceUnit--RETIRE_PLANNED_DATE"}]}
RESULT: undefined
COMMAND: POST /session/85842d14400d925143d12204a9eb11ff/execute/async - {"script":"<script> [776 bytes]","args":[{"enterText":"3/14/29","selector":{"id":"application-manageresources-display-component---newResourceUnit--RETIRE_PLANNED_DATE","interaction":{"idSuffix":"inner"}},"clearTextFirst":true,"interactionType":"ENTER_TEXT"}]}
RESULT: {"script":"<script> [776 bytes]","args":[{"enterText":"3/14/29","selector":{"id":"application-manageresources-display-component---newResourceUnit--RETIRE_PLANNED_DATE","interaction":{"idSuffix":"inner"}},"clearTextFirst":true,"interactionType":"ENTER_TEXT"}]}
COMMAND: POST /session/85842d14400d925143d12204a9eb11ff/execute/async - {"script":"<script> [1562 bytes]","args":[{"selector":{"controlType":"sap.m.Button","viewName":"reusables.view.manageresources.NewResourceUnit","viewId":"application-manageresources-display-component---newResourceUnit","i18NText":{"propertyName":"tooltip","key":"save"},"interaction":{"idSuffix":"BDI-content"}},"wdio_ui5_key":"reusablesview.manageresources.NewResourceUnitsap.m.Button{\"propertyName\":\"tooltip\",\"key\":\"save\"}"}]}
RESULT: {"script":"<script> [1562 bytes]","args":[{"selector":{"controlType":"sap.m.Button","viewName":"reusables.view.manageresources.NewResourceUnit","viewId":"application-manageresources-display-component---newResourceUnit","i18NText":{"propertyName":"tooltip","key":"save"},"interaction":{"idSuffix":"BDI-content"}},"wdio_ui5_key":"reusablesview.manageresources.NewResourceUnitsap.m.Button{\"propertyName\":\"tooltip\",\"key\":\"save\"}"}]}
RESULT: undefined
COMMAND: POST /session/85842d14400d925143d12204a9eb11ff/element - {"using":"xpath","value":"//*[@id=\"application-manageresources-display-component---newResourceUnit--createRuButton\"]"}
RESULT: {"using":"xpath","value":"//*[@id=\"application-manageresources-display-component---newResourceUnit--createRuButton\"]"}
COMMAND: POST /session/85842d14400d925143d12204a9eb11ff/element/f.F943DB1403663130BF14B631DBCBD046.d.05A4E5420B32EB0B52F1DE69883776B1.e.3945/click - {}
RESULT: {}
COMMAND: GET /session/85842d14400d925143d12204a9eb11ff/screenshot - {}
RESULT: {}
COMMAND: POST /session/85842d14400d925143d12204a9eb11ff/execute/async - {"script":"<script> [1562 bytes]","args":[{"selector":{"controlType":"sap.m.Button","properties":{"text":"Close"},"searchOpenDialogs":true,"interaction":{"idSuffix":"inner"}},"wdio_ui5_key":"sapm.Button{\"text\":\"Close\"}"}]}
RESULT: {"script":"<script> [1562 bytes]","args":[{"selector":{"controlType":"sap.m.Button","properties":{"text":"Close"},"searchOpenDialogs":true,"interaction":{"idSuffix":"inner"}},"wdio_ui5_key":"sapm.Button{\"text\":\"Close\"}"}]}
RESULT: undefined
COMMAND: POST /session/85842d14400d925143d12204a9eb11ff/element - {"using":"xpath","value":"//*[@id=\"__mbox-btn-0\"]"}
RESULT: {"using":"xpath","value":"//*[@id=\"__mbox-btn-0\"]"}
COMMAND: POST /session/85842d14400d925143d12204a9eb11ff/element/f.F943DB1403663130BF14B631DBCBD046.d.05A4E5420B32EB0B52F1DE69883776B1.e.4115/click - {}
RESULT: {}
COMMAND: GET /session/85842d14400d925143d12204a9eb11ff/screenshot - {}
RESULT: {}
COMMAND: POST /session/85842d14400d925143d12204a9eb11ff/execute/async - {"script":"<script> [1562 bytes]","args":[{"selector":{"controlType":"sap.m.Text","viewName":"etm.portal.ui.manageresources.view.Detail","viewId":"application-manageresources-display-component---detailRU","bindingPath":{"propertyPath":"ID","modelName":"catalogModel"}},"wdio_ui5_key":"etmportal.ui.manageresources.view.Detailsap.m.Text{\"propertyPath\":\"ID\",\"modelName\":\"catalogModel\"}"}]}
RESULT: {"script":"<script> [1562 bytes]","args":[{"selector":{"controlType":"sap.m.Text","viewName":"etm.portal.ui.manageresources.view.Detail","viewId":"application-manageresources-display-component---detailRU","bindingPath":{"propertyPath":"ID","modelName":"catalogModel"}},"wdio_ui5_key":"etmportal.ui.manageresources.view.Detailsap.m.Text{\"propertyPath\":\"ID\",\"modelName\":\"catalogModel\"}"}]}
RESULT: undefined
COMMAND: POST /session/85842d14400d925143d12204a9eb11ff/execute/async - {"script":"<script> [6424 bytes]","args":[{"element-6066-11e4-a52e-4f735466cecf":"f.F943DB1403663130BF14B631DBCBD046.d.05A4E5420B32EB0B52F1DE69883776B1.e.4171"},"getText",[]]}
RESULT: {"script":"<script> [6424 bytes]","args":[{"element-6066-11e4-a52e-4f735466cecf":"f.F943DB1403663130BF14B631DBCBD046.d.05A4E5420B32EB0B52F1DE69883776B1.e.4171"},"getText",[]]}
COMMAND: POST /session/85842d14400d925143d12204a9eb11ff/element - {"using":"css selector","value":"#shell-header-logo"}
RESULT: {"using":"css selector","value":"#shell-header-logo"}
COMMAND: POST /session/85842d14400d925143d12204a9eb11ff/element/f.F943DB1403663130BF14B631DBCBD046.d.05A4E5420B32EB0B52F1DE69883776B1.e.3568/click - {}
RESULT: {}
COMMAND: GET /session/85842d14400d925143d12204a9eb11ff/screenshot - {}
RESULT: {}
COMMAND: POST /session/85842d14400d925143d12204a9eb11ff/execute/async - {"script":"<script> [1562 bytes]","args":[{"selector":{"controlType":"sap.m.GenericTile","properties":{"header":"Manage Catalogs"}},"wdio_ui5_key":"sapm.GenericTile{\"header\":\"Manage Catalogs\"}"}]}
RESULT: {"script":"<script> [1562 bytes]","args":[{"selector":{"controlType":"sap.m.GenericTile","properties":{"header":"Manage Catalogs"}},"wdio_ui5_key":"sapm.GenericTile{\"header\":\"Manage Catalogs\"}"}]}
RESULT: undefined
COMMAND: POST /session/85842d14400d925143d12204a9eb11ff/element - {"using":"xpath","value":"//*[@id=\"__tile37\"]"}
RESULT: {"using":"xpath","value":"//*[@id=\"__tile37\"]"}
COMMAND: POST /session/85842d14400d925143d12204a9eb11ff/element/f.F943DB1403663130BF14B631DBCBD046.d.05A4E5420B32EB0B52F1DE69883776B1.e.4173/click - {}
RESULT: {}
COMMAND: GET /session/85842d14400d925143d12204a9eb11ff/screenshot - {}
RESULT: {}
COMMAND: POST /session/85842d14400d925143d12204a9eb11ff/elements - {"using":"xpath","value":"//span[text()='Error']"}
RESULT: {"using":"xpath","value":"//span[text()='Error']"}
COMMAND: POST /session/85842d14400d925143d12204a9eb11ff/execute/async - {"script":"<script> [1562 bytes]","args":[{"selector":{"controlType":"sap.m.Text","viewName":"etm.portal.ui.managecatalogs.view.MasterCatalogs","viewId":"application-managecatalogs-display-component---masterCatalogs","bindingPath":{"path":"/Catalogs('0D7502D073D53A0F1700BE067B89AFF9')","propertyPath":"DESCRIPTION","modelName":"catalogModel"}},"wdio_ui5_key":"etmportal.ui.managecatalogs.view.MasterCatalogssap.m.Text{\"path\":\"/Catalogs('0D7502D073D53A0F1700BE067B89AFF9')\",\"propertyPath\":\"DESCRIPTION\",\"modelName\":\"catalogModel\"}"}]}
RESULT: {"script":"<script> [1562 bytes]","args":[{"selector":{"controlType":"sap.m.Text","viewName":"etm.portal.ui.managecatalogs.view.MasterCatalogs","viewId":"application-managecatalogs-display-component---masterCatalogs","bindingPath":{"path":"/Catalogs('0D7502D073D53A0F1700BE067B89AFF9')","propertyPath":"DESCRIPTION","modelName":"catalogModel"}},"wdio_ui5_key":"etmportal.ui.managecatalogs.view.MasterCatalogssap.m.Text{\"path\":\"/Catalogs('0D7502D073D53A0F1700BE067B89AFF9')\",\"propertyPath\":\"DESCRIPTION\",\"modelName\":\"catalogModel\"}"}]}
RESULT: undefined
COMMAND: POST /session/85842d14400d925143d12204a9eb11ff/element - {"using":"xpath","value":"//*[@id=\"__text919-application-managecatalogs-display-component---masterCatalogs--CatalogsTable-11\"]"}
RESULT: {"using":"xpath","value":"//*[@id=\"__text919-application-managecatalogs-display-component---masterCatalogs--CatalogsTable-11\"]"}
COMMAND: POST /session/85842d14400d925143d12204a9eb11ff/element/f.F943DB1403663130BF14B631DBCBD046.d.05A4E5420B32EB0B52F1DE69883776B1.e.4243/click - {}
RESULT: {}
COMMAND: POST /session/85842d14400d925143d12204a9eb11ff/execute/async - {"script":"<script> [1562 bytes]","args":[{"selector":{"controlType":"sap.ui.layout.HorizontalLayout","viewName":"etm.portal.ui.managecatalogs.view.MasterItems","viewId":"application-managecatalogs-display-component---masterCatalogItems","ancestor":{"id":"application-managecatalogs-display-component---masterCatalogItems--idCatalogItemsTree-rows-row0"}},"wdio_ui5_key":"etmportal.ui.managecatalogs.view.MasterItemssap.ui.layout.HorizontalLayout{\"id\":\"application-managecatalogs-display-component---masterCatalogItems--idCatalogItemsTree-rows-row0\"}"}]}
COMMAND: GET /session/85842d14400d925143d12204a9eb11ff/screenshot - {}
RESULT: {"script":"<script> [1562 bytes]","args":[{"selector":{"controlType":"sap.ui.layout.HorizontalLayout","viewName":"etm.portal.ui.managecatalogs.view.MasterItems","viewId":"application-managecatalogs-display-component---masterCatalogItems","ancestor":{"id":"application-managecatalogs-display-component---masterCatalogItems--idCatalogItemsTree-rows-row0"}},"wdio_ui5_key":"etmportal.ui.managecatalogs.view.MasterItemssap.ui.layout.HorizontalLayout{\"id\":\"application-managecatalogs-display-component---masterCatalogItems--idCatalogItemsTree-rows-row0\"}"}]}
RESULT: undefined
COMMAND: POST /session/85842d14400d925143d12204a9eb11ff/element - {"using":"xpath","value":"//*[@id=\"__layout279-__clone1872\"]"}
RESULT: {}
RESULT: {"using":"xpath","value":"//*[@id=\"__layout279-__clone1872\"]"}
COMMAND: POST /session/85842d14400d925143d12204a9eb11ff/element/f.F943DB1403663130BF14B631DBCBD046.d.05A4E5420B32EB0B52F1DE69883776B1.e.4277/click - {}
RESULT: {}
COMMAND: GET /session/85842d14400d925143d12204a9eb11ff/screenshot - {}
RESULT: {}
COMMAND: POST /session/85842d14400d925143d12204a9eb11ff/execute/async - {"script":"<script> [1562 bytes]","args":[{"selector":{"controlType":"sap.m.Button","viewName":"etm.portal.ui.managecatalogs.view.Detail","viewId":"application-managecatalogs-display-component---detailCatalog","i18NText":{"propertyName":"text","key":"edit"},"interaction":{"idSuffix":"BDI-content"}},"wdio_ui5_key":"etmportal.ui.managecatalogs.view.Detailsap.m.Button{\"propertyName\":\"text\",\"key\":\"edit\"}"}]}
RESULT: {"script":"<script> [1562 bytes]","args":[{"selector":{"controlType":"sap.m.Button","viewName":"etm.portal.ui.managecatalogs.view.Detail","viewId":"application-managecatalogs-display-component---detailCatalog","i18NText":{"propertyName":"text","key":"edit"},"interaction":{"idSuffix":"BDI-content"}},"wdio_ui5_key":"etmportal.ui.managecatalogs.view.Detailsap.m.Button{\"propertyName\":\"text\",\"key\":\"edit\"}"}]}
RESULT: undefined
COMMAND: POST /session/85842d14400d925143d12204a9eb11ff/element - {"using":"xpath","value":"//*[@id=\"__button118\"]"}
RESULT: {"using":"xpath","value":"//*[@id=\"__button118\"]"}
COMMAND: POST /session/85842d14400d925143d12204a9eb11ff/element/f.F943DB1403663130BF14B631DBCBD046.d.05A4E5420B32EB0B52F1DE69883776B1.e.4391/click - {}
RESULT: {}
COMMAND: GET /session/85842d14400d925143d12204a9eb11ff/screenshot - {}
RESULT: {}
COMMAND: POST /session/85842d14400d925143d12204a9eb11ff/element - {"using":"xpath","value":"//bdi[contains(text(), \"Unlock\")]"}
RESULT: {"using":"xpath","value":"//bdi[contains(text(), \"Unlock\")]"}
COMMAND: POST /session/85842d14400d925143d12204a9eb11ff/elements - {"using":"xpath","value":"//bdi[contains(text(), \"Unlock\")]"}
RESULT: {"using":"xpath","value":"//bdi[contains(text(), \"Unlock\")]"}
COMMAND: POST /session/85842d14400d925143d12204a9eb11ff/execute/async - {"script":"<script> [1562 bytes]","args":[{"selector":{"controlType":"sap.ui.core.Icon","viewName":"etm.portal.ui.managecatalogs.view.Detail","viewId":"application-managecatalogs-display-component---detailCatalog","properties":{"src":{"regex":{"source":"add\\-folder"}}}},"wdio_ui5_key":"etmportal.ui.managecatalogs.view.Detailsap.ui.core.Icon{\"src\":{\"regex\":{\"source\":\"add\\\\-folder\"}}}"}]}
RESULT: {"script":"<script> [1562 bytes]","args":[{"selector":{"controlType":"sap.ui.core.Icon","viewName":"etm.portal.ui.managecatalogs.view.Detail","viewId":"application-managecatalogs-display-component---detailCatalog","properties":{"src":{"regex":{"source":"add\\-folder"}}}},"wdio_ui5_key":"etmportal.ui.managecatalogs.view.Detailsap.ui.core.Icon{\"src\":{\"regex\":{\"source\":\"add\\\\-folder\"}}}"}]}
RESULT: undefined
COMMAND: POST /session/85842d14400d925143d12204a9eb11ff/element - {"using":"xpath","value":"//*[@id=\"__button126-img\"]"}
RESULT: {"using":"xpath","value":"//*[@id=\"__button126-img\"]"}
COMMAND: POST /session/85842d14400d925143d12204a9eb11ff/element/f.F943DB1403663130BF14B631DBCBD046.d.05A4E5420B32EB0B52F1DE69883776B1.e.4397/click - {}
RESULT: {}
COMMAND: GET /session/85842d14400d925143d12204a9eb11ff/screenshot - {}
RESULT: {}
COMMAND: POST /session/85842d14400d925143d12204a9eb11ff/execute/async - {"script":"<script> [1562 bytes]","args":[{"selector":{"id":"application-managecatalogs-display-component---detailCatalog--numberInput","searchOpenDialogs":true,"interaction":{"idSuffix":"inner"}},"wdio_ui5_key":"applicationmanagecatalogs-display-component---detailCatalog--numberInput"}]}
RESULT: {"script":"<script> [1562 bytes]","args":[{"selector":{"id":"application-managecatalogs-display-component---detailCatalog--numberInput","searchOpenDialogs":true,"interaction":{"idSuffix":"inner"}},"wdio_ui5_key":"applicationmanagecatalogs-display-component---detailCatalog--numberInput"}]}
RESULT: undefined
COMMAND: POST /session/85842d14400d925143d12204a9eb11ff/execute/async - {"script":"<script> [776 bytes]","args":[{"enterText":"Section2g7aif","selector":{"id":"application-managecatalogs-display-component---detailCatalog--numberInput","searchOpenDialogs":true,"interaction":{"idSuffix":"inner"}},"clearTextFirst":true,"interactionType":"ENTER_TEXT"}]}
RESULT: {"script":"<script> [776 bytes]","args":[{"enterText":"Section2g7aif","selector":{"id":"application-managecatalogs-display-component---detailCatalog--numberInput","searchOpenDialogs":true,"interaction":{"idSuffix":"inner"}},"clearTextFirst":true,"interactionType":"ENTER_TEXT"}]}
COMMAND: POST /session/85842d14400d925143d12204a9eb11ff/element - {"using":"css selector","value":"#application-managecatalogs-display-component---detailCatalog--nameInput-inner"}
RESULT: {"using":"css selector","value":"#application-managecatalogs-display-component---detailCatalog--nameInput-inner"}
COMMAND: POST /session/85842d14400d925143d12204a9eb11ff/elements - {"using":"css selector","value":"#application-managecatalogs-display-component---detailCatalog--nameInput-inner"}
RESULT: {"using":"css selector","value":"#application-managecatalogs-display-component---detailCatalog--nameInput-inner"}
COMMAND: POST /session/85842d14400d925143d12204a9eb11ff/element/f.F943DB1403663130BF14B631DBCBD046.d.05A4E5420B32EB0B52F1DE69883776B1.e.4401/clear - {}
RESULT: {}
COMMAND: POST /session/85842d14400d925143d12204a9eb11ff/element/f.F943DB1403663130BF14B631DBCBD046.d.05A4E5420B32EB0B52F1DE69883776B1.e.4401/value - {"text":"Webdriveri2pcq"}
COMMAND: GET /session/85842d14400d925143d12204a9eb11ff/screenshot - {}
RESULT: {"text":"Webdriveri2pcq"}
COMMAND: POST /session/85842d14400d925143d12204a9eb11ff/execute/async - {"script":"<script> [1562 bytes]","args":[{"selector":{"controlType":"sap.m.Button","viewName":"etm.portal.ui.managecatalogs.view.Detail","viewId":"application-managecatalogs-display-component---detailCatalog","i18NText":{"propertyName":"text","key":"create"},"searchOpenDialogs":true,"interaction":{"idSuffix":"BDI-content"}},"wdio_ui5_key":"etmportal.ui.managecatalogs.view.Detailsap.m.Button{\"propertyName\":\"text\",\"key\":\"create\"}"}]}
COMMAND: GET /session/85842d14400d925143d12204a9eb11ff/screenshot - {}
RESULT: {}
RESULT: {"script":"<script> [1562 bytes]","args":[{"selector":{"controlType":"sap.m.Button","viewName":"etm.portal.ui.managecatalogs.view.Detail","viewId":"application-managecatalogs-display-component---detailCatalog","i18NText":{"propertyName":"text","key":"create"},"searchOpenDialogs":true,"interaction":{"idSuffix":"BDI-content"}},"wdio_ui5_key":"etmportal.ui.managecatalogs.view.Detailsap.m.Button{\"propertyName\":\"text\",\"key\":\"create\"}"}]}
RESULT: undefined
COMMAND: POST /session/85842d14400d925143d12204a9eb11ff/element - {"using":"xpath","value":"//*[@id=\"__button96\"]"}
RESULT: {}
RESULT: {"using":"xpath","value":"//*[@id=\"__button96\"]"}
COMMAND: POST /session/85842d14400d925143d12204a9eb11ff/element/f.F943DB1403663130BF14B631DBCBD046.d.05A4E5420B32EB0B52F1DE69883776B1.e.4406/click - {}
RESULT: {}
COMMAND: GET /session/85842d14400d925143d12204a9eb11ff/screenshot - {}
RESULT: {}
COMMAND: POST /session/85842d14400d925143d12204a9eb11ff/element - {"using":"xpath","value":"//button[@title=\"Save\"]"}
RESULT: {"using":"xpath","value":"//button[@title=\"Save\"]"}
COMMAND: POST /session/85842d14400d925143d12204a9eb11ff/element/f.F943DB1403663130BF14B631DBCBD046.d.05A4E5420B32EB0B52F1DE69883776B1.e.4407/click - {}
RESULT: {}
COMMAND: POST /session/85842d14400d925143d12204a9eb11ff/execute/async - {"script":"<script> [1562 bytes]","args":[{"selector":{"controlType":"sap.ui.core.Icon","viewName":"etm.portal.ui.managecatalogs.view.Detail","viewId":"application-managecatalogs-display-component---detailCatalog","properties":{"src":{"regex":{"source":"decline"}}}},"wdio_ui5_key":"etmportal.ui.managecatalogs.view.Detailsap.ui.core.Icon{\"src\":{\"regex\":{\"source\":\"decline\"}}}"}]}
COMMAND: GET /session/85842d14400d925143d12204a9eb11ff/screenshot - {}
RESULT: {"script":"<script> [1562 bytes]","args":[{"selector":{"controlType":"sap.ui.core.Icon","viewName":"etm.portal.ui.managecatalogs.view.Detail","viewId":"application-managecatalogs-display-component---detailCatalog","properties":{"src":{"regex":{"source":"decline"}}}},"wdio_ui5_key":"etmportal.ui.managecatalogs.view.Detailsap.ui.core.Icon{\"src\":{\"regex\":{\"source\":\"decline\"}}}"}]}
RESULT: undefined
COMMAND: POST /session/85842d14400d925143d12204a9eb11ff/element - {"using":"xpath","value":"//*[@id=\"__button121-img\"]"}
RESULT: {}
RESULT: {"using":"xpath","value":"//*[@id=\"__button121-img\"]"}
COMMAND: POST /session/85842d14400d925143d12204a9eb11ff/element/f.F943DB1403663130BF14B631DBCBD046.d.05A4E5420B32EB0B52F1DE69883776B1.e.4412/click - {}
RESULT: {}
COMMAND: GET /session/85842d14400d925143d12204a9eb11ff/screenshot - {}
RESULT: {}
COMMAND: POST /session/85842d14400d925143d12204a9eb11ff/execute/async - {"script":"<script> [1562 bytes]","args":[{"selector":{"controlType":"sap.ui.core.Icon","viewName":"etm.portal.ui.managecatalogs.view.MasterItems","viewId":"application-managecatalogs-display-component---masterCatalogItems","properties":{"src":{"regex":{"source":"refresh"}}}},"wdio_ui5_key":"etmportal.ui.managecatalogs.view.MasterItemssap.ui.core.Icon{\"src\":{\"regex\":{\"source\":\"refresh\"}}}"}]}
RESULT: {"script":"<script> [1562 bytes]","args":[{"selector":{"controlType":"sap.ui.core.Icon","viewName":"etm.portal.ui.managecatalogs.view.MasterItems","viewId":"application-managecatalogs-display-component---masterCatalogItems","properties":{"src":{"regex":{"source":"refresh"}}}},"wdio_ui5_key":"etmportal.ui.managecatalogs.view.MasterItemssap.ui.core.Icon{\"src\":{\"regex\":{\"source\":\"refresh\"}}}"}]}
RESULT: undefined
COMMAND: POST /session/85842d14400d925143d12204a9eb11ff/element - {"using":"xpath","value":"//*[@id=\"__button94-img\"]"}
RESULT: {"using":"xpath","value":"//*[@id=\"__button94-img\"]"}
COMMAND: POST /session/85842d14400d925143d12204a9eb11ff/element/f.F943DB1403663130BF14B631DBCBD046.d.05A4E5420B32EB0B52F1DE69883776B1.e.4448/click - {}
RESULT: {}
COMMAND: POST /session/85842d14400d925143d12204a9eb11ff/execute/async - {"script":"<script> [1562 bytes]","args":[{"selector":{"id":"application-managecatalogs-display-component---masterCatalogItems--searchItemsField","interaction":{"idSuffix":"I"}},"wdio_ui5_key":"applicationmanagecatalogs-display-component---masterCatalogItems--searchItemsField"}]}
COMMAND: GET /session/85842d14400d925143d12204a9eb11ff/screenshot - {}
RESULT: {"script":"<script> [1562 bytes]","args":[{"selector":{"id":"application-managecatalogs-display-component---masterCatalogItems--searchItemsField","interaction":{"idSuffix":"I"}},"wdio_ui5_key":"applicationmanagecatalogs-display-component---masterCatalogItems--searchItemsField"}]}
RESULT: undefined
COMMAND: POST /session/85842d14400d925143d12204a9eb11ff/execute/async - {"script":"<script> [776 bytes]","args":[{"enterText":"Webdriveri2pcq","selector":{"id":"application-managecatalogs-display-component---masterCatalogItems--searchItemsField","interaction":{"idSuffix":"I"}},"clearTextFirst":true,"interactionType":"ENTER_TEXT"}]}
RESULT: {}
RESULT: {"script":"<script> [776 bytes]","args":[{"enterText":"Webdriveri2pcq","selector":{"id":"application-managecatalogs-display-component---masterCatalogItems--searchItemsField","interaction":{"idSuffix":"I"}},"clearTextFirst":true,"interactionType":"ENTER_TEXT"}]}
COMMAND: POST /session/85842d14400d925143d12204a9eb11ff/actions - {"actions":[{"id":"action10","type":"key","parameters":{},"actions":[{"type":"keyDown","value":"î€‡"},{"type":"pause","duration":10},{"type":"keyUp","value":"î€‡"}]}]}
RESULT: {"actions":[{"id":"action10","type":"key","parameters":{},"actions":[{"type":"keyDown","value":"î€‡"},{"type":"pause","duration":10},{"type":"keyUp","value":"î€‡"}]}]}
COMMAND: POST /session/85842d14400d925143d12204a9eb11ff/element - {"using":"xpath","value":"(//span[contains(text(), \"Webdriveri2pcq\")])[1]"}
COMMAND: GET /session/85842d14400d925143d12204a9eb11ff/screenshot - {}
RESULT: {"using":"xpath","value":"(//span[contains(text(), \"Webdriveri2pcq\")])[1]"}
COMMAND: POST /session/85842d14400d925143d12204a9eb11ff/element/f.F943DB1403663130BF14B631DBCBD046.d.05A4E5420B32EB0B52F1DE69883776B1.e.4451/click - {}
RESULT: {}
RESULT: {}
COMMAND: GET /session/85842d14400d925143d12204a9eb11ff/screenshot - {}
RESULT: {}
RESULT: undefined
COMMAND: POST /session/85842d14400d925143d12204a9eb11ff/element - {"using":"xpath","value":"//*[@id=\"__button118\"]"}
RESULT: {"using":"xpath","value":"//*[@id=\"__button118\"]"}
COMMAND: POST /session/85842d14400d925143d12204a9eb11ff/element/f.F943DB1403663130BF14B631DBCBD046.d.05A4E5420B32EB0B52F1DE69883776B1.e.4520/click - {}
RESULT: {}
COMMAND: GET /session/85842d14400d925143d12204a9eb11ff/screenshot - {}
RESULT: {}
RESULT: undefined
COMMAND: POST /session/85842d14400d925143d12204a9eb11ff/element - {"using":"xpath","value":"//*[@id=\"__button126-img\"]"}
RESULT: {"using":"xpath","value":"//*[@id=\"__button126-img\"]"}
COMMAND: POST /session/85842d14400d925143d12204a9eb11ff/element/f.F943DB1403663130BF14B631DBCBD046.d.05A4E5420B32EB0B52F1DE69883776B1.e.4537/click - {}
RESULT: {}
COMMAND: GET /session/85842d14400d925143d12204a9eb11ff/screenshot - {}
RESULT: {}
RESULT: undefined
COMMAND: POST /session/85842d14400d925143d12204a9eb11ff/execute/async - {"script":"<script> [776 bytes]","args":[{"enterText":"SecondSection71oyp","selector":{"id":"application-managecatalogs-display-component---detailCatalog--numberInput","searchOpenDialogs":true,"interaction":{"idSuffix":"inner"}},"clearTextFirst":true,"interactionType":"ENTER_TEXT"}]}
RESULT: {"script":"<script> [776 bytes]","args":[{"enterText":"SecondSection71oyp","selector":{"id":"application-managecatalogs-display-component---detailCatalog--numberInput","searchOpenDialogs":true,"interaction":{"idSuffix":"inner"}},"clearTextFirst":true,"interactionType":"ENTER_TEXT"}]}
COMMAND: POST /session/85842d14400d925143d12204a9eb11ff/element - {"using":"xpath","value":"//input[contains(@id ,\"application-managecatalogs-display-component---detailCatalog--nameInput-inner\")]"}
RESULT: {"using":"xpath","value":"//input[contains(@id ,\"application-managecatalogs-display-component---detailCatalog--nameInput-inner\")]"}
COMMAND: POST /session/85842d14400d925143d12204a9eb11ff/elements - {"using":"xpath","value":"//input[contains(@id ,\"application-managecatalogs-display-component---detailCatalog--nameInput-inner\")]"}
RESULT: {"using":"xpath","value":"//input[contains(@id ,\"application-managecatalogs-display-component---detailCatalog--nameInput-inner\")]"}
COMMAND: POST /session/85842d14400d925143d12204a9eb11ff/element/f.F943DB1403663130BF14B631DBCBD046.d.05A4E5420B32EB0B52F1DE69883776B1.e.4540/clear - {}
RESULT: {}
COMMAND: POST /session/85842d14400d925143d12204a9eb11ff/element/f.F943DB1403663130BF14B631DBCBD046.d.05A4E5420B32EB0B52F1DE69883776B1.e.4540/value - {"text":"webdriversecondbu3wek"}
COMMAND: GET /session/85842d14400d925143d12204a9eb11ff/screenshot - {}
RESULT: {"text":"webdriversecondbu3wek"}
RESULT: undefined
COMMAND: POST /session/85842d14400d925143d12204a9eb11ff/element - {"using":"xpath","value":"//*[@id=\"__button96\"]"}
COMMAND: GET /session/85842d14400d925143d12204a9eb11ff/screenshot - {}
RESULT: {}
RESULT: {}
RESULT: {"using":"xpath","value":"//*[@id=\"__button96\"]"}
COMMAND: POST /session/85842d14400d925143d12204a9eb11ff/element/f.F943DB1403663130BF14B631DBCBD046.d.05A4E5420B32EB0B52F1DE69883776B1.e.4544/click - {}
RESULT: {}
COMMAND: GET /session/85842d14400d925143d12204a9eb11ff/screenshot - {}
RESULT: {}
COMMAND: POST /session/85842d14400d925143d12204a9eb11ff/element - {"using":"xpath","value":"//button[@title=\"Save\"]"}
RESULT: {"using":"xpath","value":"//button[@title=\"Save\"]"}
COMMAND: POST /session/85842d14400d925143d12204a9eb11ff/element/f.F943DB1403663130BF14B631DBCBD046.d.05A4E5420B32EB0B52F1DE69883776B1.e.4524/click - {}
RESULT: {}
COMMAND: GET /session/85842d14400d925143d12204a9eb11ff/screenshot - {}
RESULT: {}
RESULT: undefined
COMMAND: POST /session/85842d14400d925143d12204a9eb11ff/element - {"using":"xpath","value":"//*[@id=\"__button121-img\"]"}
RESULT: {"using":"xpath","value":"//*[@id=\"__button121-img\"]"}
COMMAND: POST /session/85842d14400d925143d12204a9eb11ff/element/f.F943DB1403663130BF14B631DBCBD046.d.05A4E5420B32EB0B52F1DE69883776B1.e.4548/click - {}
RESULT: {}
COMMAND: GET /session/85842d14400d925143d12204a9eb11ff/screenshot - {}
RESULT: {}
RESULT: undefined
COMMAND: POST /session/85842d14400d925143d12204a9eb11ff/element - {"using":"xpath","value":"//*[@id=\"__button94-img\"]"}
RESULT: {"using":"xpath","value":"//*[@id=\"__button94-img\"]"}
COMMAND: POST /session/85842d14400d925143d12204a9eb11ff/element/f.F943DB1403663130BF14B631DBCBD046.d.05A4E5420B32EB0B52F1DE69883776B1.e.4583/click - {}
RESULT: {}
COMMAND: GET /session/85842d14400d925143d12204a9eb11ff/screenshot - {}
RESULT: {}
RESULT: undefined
COMMAND: POST /session/85842d14400d925143d12204a9eb11ff/execute/async - {"script":"<script> [776 bytes]","args":[{"enterText":"SecondSection71oyp","selector":{"id":"application-managecatalogs-display-component---masterCatalogItems--searchItemsField","interaction":{"idSuffix":"I"}},"clearTextFirst":true,"interactionType":"ENTER_TEXT"}]}
RESULT: {"script":"<script> [776 bytes]","args":[{"enterText":"SecondSection71oyp","selector":{"id":"application-managecatalogs-display-component---masterCatalogItems--searchItemsField","interaction":{"idSuffix":"I"}},"clearTextFirst":true,"interactionType":"ENTER_TEXT"}]}
COMMAND: POST /session/85842d14400d925143d12204a9eb11ff/actions - {"actions":[{"id":"action11","type":"key","parameters":{},"actions":[{"type":"keyDown","value":"î€‡"},{"type":"pause","duration":10},{"type":"keyUp","value":"î€‡"}]}]}
RESULT: {"actions":[{"id":"action11","type":"key","parameters":{},"actions":[{"type":"keyDown","value":"î€‡"},{"type":"pause","duration":10},{"type":"keyUp","value":"î€‡"}]}]}
COMMAND: POST /session/85842d14400d925143d12204a9eb11ff/element - {"using":"xpath","value":"(//span[contains(text(), \"SecondSection71oyp\")])[1]"}
COMMAND: GET /session/85842d14400d925143d12204a9eb11ff/screenshot - {}
RESULT: {"using":"xpath","value":"(//span[contains(text(), \"SecondSection71oyp\")])[1]"}
COMMAND: POST /session/85842d14400d925143d12204a9eb11ff/element/f.F943DB1403663130BF14B631DBCBD046.d.05A4E5420B32EB0B52F1DE69883776B1.e.4586/click - {}
RESULT: {}
RESULT: {}
COMMAND: POST /session/85842d14400d925143d12204a9eb11ff/element - {"using":"xpath","value":"(//span[contains(text(), \"SecondSection71oyp\")])[1]"}
COMMAND: GET /session/85842d14400d925143d12204a9eb11ff/screenshot - {}
RESULT: {"using":"xpath","value":"(//span[contains(text(), \"SecondSection71oyp\")])[1]"}
COMMAND: GET /session/85842d14400d925143d12204a9eb11ff/element/f.F943DB1403663130BF14B631DBCBD046.d.05A4E5420B32EB0B52F1DE69883776B1.e.4586/text - {}
RESULT: {}
COMMAND: POST /session/85842d14400d925143d12204a9eb11ff/element - {"using":"xpath","value":"(//span[contains(text(), \"SecondSection71oyp\")])[1]"}
RESULT: {"using":"xpath","value":"(//span[contains(text(), \"SecondSection71oyp\")])[1]"}
COMMAND: GET /session/85842d14400d925143d12204a9eb11ff/element/f.F943DB1403663130BF14B631DBCBD046.d.05A4E5420B32EB0B52F1DE69883776B1.e.4586/text - {}
COMMAND: POST /session/85842d14400d925143d12204a9eb11ff/element - {"using":"xpath","value":"(//span[contains(text(), \"SecondSection71oyp\")])[1]"}
RESULT: {"using":"xpath","value":"(//span[contains(text(), \"SecondSection71oyp\")])[1]"}
COMMAND: GET /session/85842d14400d925143d12204a9eb11ff/element/f.F943DB1403663130BF14B631DBCBD046.d.05A4E5420B32EB0B52F1DE69883776B1.e.4638/text - {}
RESULT: {}
COMMAND: POST /session/85842d14400d925143d12204a9eb11ff/refresh - {}
RESULT: {}
COMMAND: GET /session/85842d14400d925143d12204a9eb11ff/screenshot - {}
RESULT: {}
COMMAND: POST /session/85842d14400d925143d12204a9eb11ff/execute/async - {"script":"<script> [189 bytes]","args":[]}
RESULT: {"script":"<script> [189 bytes]","args":[]}
COMMAND: POST /session/85842d14400d925143d12204a9eb11ff/execute/async - {"script":"<script> [123 bytes]","args":[]}
RESULT: {"script":"<script> [123 bytes]","args":[]}
COMMAND: POST /session/85842d14400d925143d12204a9eb11ff/timeouts - {"script":"<number>"}
RESULT: {"script":"<number>"}
COMMAND: GET /session/85842d14400d925143d12204a9eb11ff/timeouts - {}
RESULT: {}
RESULT: undefined
COMMAND: POST /session/85842d14400d925143d12204a9eb11ff/execute/async - {"script":"<script> [2676 bytes]","args":[]}
RESULT: {"script":"<script> [2676 bytes]","args":[]}
COMMAND: POST /session/85842d14400d925143d12204a9eb11ff/execute/async - {"script":"<script> [2342 bytes]","args":[{"protocol":"http","hostname":"0.0.0.0","path":"/","capabilities":{"browserName":"chrome","goog:chromeOptions":{"binary":"C:\\Program Files\\Google\\Chrome\\Application\\chrome.exe","args":["--start-maximized"]}},"logLevel":"warn","connectionRetryTimeout":120000,"connectionRetryCount":3,"logLevels":{},"enableDirectConnect":true,"strictSSL":true,"_":"65 more keys: [\"cacheDir\",\"port\",\"requestedCapabilities\",\"automationProtocol\",\"baseUrl\",\"waitforInterval\",\"waitforTimeout\",\"onReload\",\"beforeCommand\",\"afterCommand\",\"rootDir\",\"specs\",\"suites\",\"exclude\",\"groupLogsByTestSpec\",\"excludeDriverLogs\",\"bail\",\"framework\",\"reporters\",\"services\",\"maxInstances\",\"maxInstancesPerCapability\",\"injectGlobals\",\"filesToWatch\",\"execArgv\",\"runnerEnv\",\"runner\",\"shard\",\"specFileRetries\",\"specFileRetriesDelay\",\"specFileRetriesDeferred\",\"reporterSyncInterval\",\"reporterSyncTimeout\",\"cucumberFeaturesWithLineNumbers\",\"autoCompileOpts\",\"mochaOpts\",\"jasmineOpts\",\"cucumberOpts\",\"onPrepare\",\"onWorkerStart\",\"onWorkerEnd\",\"before\",\"beforeSession\",\"beforeSuite\",\"beforeHook\",\"beforeTest\",\"afterTest\",\"afterHook\",\"afterSuite\",\"afterSession\",\"after\",\"onComplete\",\"beforeAssertion\",\"afterAssertion\",\"beforeFeature\",\"beforeScenario\",\"beforeStep\",\"afterStep\",\"afterScenario\",\"afterFeature\",\"_\",\"suite\",\"$0\",\"ignoredWorkerServices\",\"wdi5\"]"}]}
RESULT: {"script":"<script> [2342 bytes]","args":[{"protocol":"http","hostname":"0.0.0.0","path":"/","capabilities":{"browserName":"chrome","goog:chromeOptions":{"binary":"C:\\Program Files\\Google\\Chrome\\Application\\chrome.exe","args":["--start-maximized"]}},"logLevel":"warn","connectionRetryTimeout":120000,"connectionRetryCount":3,"logLevels":{},"enableDirectConnect":true,"strictSSL":true,"_":"65 more keys: [\"cacheDir\",\"port\",\"requestedCapabilities\",\"automationProtocol\",\"baseUrl\",\"waitforInterval\",\"waitforTimeout\",\"onReload\",\"beforeCommand\",\"afterCommand\",\"rootDir\",\"specs\",\"suites\",\"exclude\",\"groupLogsByTestSpec\",\"excludeDriverLogs\",\"bail\",\"framework\",\"reporters\",\"services\",\"maxInstances\",\"maxInstancesPerCapability\",\"injectGlobals\",\"filesToWatch\",\"execArgv\",\"runnerEnv\",\"runner\",\"shard\",\"specFileRetries\",\"specFileRetriesDelay\",\"specFileRetriesDeferred\",\"reporterSyncInterval\",\"reporterSyncTimeout\",\"cucumberFeaturesWithLineNumbers\",\"autoCompileOpts\",\"mochaOpts\",\"jasmineOpts\",\"cucumberOpts\",\"onPrepare\",\"onWorkerStart\",\"onWorkerEnd\",\"before\",\"beforeSession\",\"beforeSuite\",\"beforeHook\",\"beforeTest\",\"afterTest\",\"afterHook\",\"afterSuite\",\"afterSession\",\"after\",\"onComplete\",\"beforeAssertion\",\"afterAssertion\",\"beforeFeature\",\"beforeScenario\",\"beforeStep\",\"afterStep\",\"afterScenario\",\"afterFeature\",\"_\",\"suite\",\"$0\",\"ignoredWorkerServices\",\"wdi5\"]"}]}
COMMAND: POST /session/85842d14400d925143d12204a9eb11ff/execute/async - {"script":"<script> [21126 bytes]","args":[35000]}
RESULT: {"script":"<script> [21126 bytes]","args":[35000]}
COMMAND: POST /session/85842d14400d925143d12204a9eb11ff/execute/async - {"script":"<script> [1562 bytes]","args":[{"selector":{"controlType":"sap.m.Button","viewName":"etm.portal.ui.managecatalogs.view.Detail","viewId":"application-managecatalogs-display-component---detailCatalog","i18NText":{"propertyName":"text","key":"edit"},"interaction":{"idSuffix":"BDI-content"}},"wdio_ui5_key":"etmportal.ui.managecatalogs.view.Detailsap.m.Button{\"propertyName\":\"text\",\"key\":\"edit\"}"}]}
RESULT: {"script":"<script> [1562 bytes]","args":[{"selector":{"controlType":"sap.m.Button","viewName":"etm.portal.ui.managecatalogs.view.Detail","viewId":"application-managecatalogs-display-component---detailCatalog","i18NText":{"propertyName":"text","key":"edit"},"interaction":{"idSuffix":"BDI-content"}},"wdio_ui5_key":"etmportal.ui.managecatalogs.view.Detailsap.m.Button{\"propertyName\":\"text\",\"key\":\"edit\"}"}]}
RESULT: undefined
COMMAND: POST /session/85842d14400d925143d12204a9eb11ff/element - {"using":"xpath","value":"//*[@id=\"__button25\"]"}
RESULT: {"using":"xpath","value":"//*[@id=\"__button25\"]"}
COMMAND: POST /session/85842d14400d925143d12204a9eb11ff/element/f.F943DB1403663130BF14B631DBCBD046.d.39418FB03837E3E8DE3C174B8D784318.e.4698/click - {}
RESULT: {}
COMMAND: GET /session/85842d14400d925143d12204a9eb11ff/screenshot - {}
RESULT: {}
COMMAND: POST /session/85842d14400d925143d12204a9eb11ff/element - {"using":"xpath","value":"//button[contains(@title ,\"Create Catalog Item\")]"}
RESULT: {"using":"xpath","value":"//button[contains(@title ,\"Create Catalog Item\")]"}
COMMAND: POST /session/85842d14400d925143d12204a9eb11ff/element/f.F943DB1403663130BF14B631DBCBD046.d.39418FB03837E3E8DE3C174B8D784318.e.4702/click - {}
RESULT: {}
COMMAND: POST /session/85842d14400d925143d12204a9eb11ff/execute/async - {"script":"<script> [1562 bytes]","args":[{"selector":{"id":"application-managecatalogs-display-component---detailCatalog--newItemNumberInput","searchOpenDialogs":true,"interaction":{"idSuffix":"inner"}},"wdio_ui5_key":"applicationmanagecatalogs-display-component---detailCatalog--newItemNumberInput"}]}
COMMAND: GET /session/85842d14400d925143d12204a9eb11ff/screenshot - {}
RESULT: {"script":"<script> [1562 bytes]","args":[{"selector":{"id":"application-managecatalogs-display-component---detailCatalog--newItemNumberInput","searchOpenDialogs":true,"interaction":{"idSuffix":"inner"}},"wdio_ui5_key":"applicationmanagecatalogs-display-component---detailCatalog--newItemNumberInput"}]}
RESULT: undefined
COMMAND: POST /session/85842d14400d925143d12204a9eb11ff/execute/async - {"script":"<script> [776 bytes]","args":[{"enterText":"catalogItem8026a","selector":{"id":"application-managecatalogs-display-component---detailCatalog--newItemNumberInput","searchOpenDialogs":true,"interaction":{"idSuffix":"inner"}},"clearTextFirst":true,"interactionType":"ENTER_TEXT"}]}
RESULT: {}
RESULT: {"script":"<script> [776 bytes]","args":[{"enterText":"catalogItem8026a","selector":{"id":"application-managecatalogs-display-component---detailCatalog--newItemNumberInput","searchOpenDialogs":true,"interaction":{"idSuffix":"inner"}},"clearTextFirst":true,"interactionType":"ENTER_TEXT"}]}
COMMAND: POST /session/85842d14400d925143d12204a9eb11ff/execute/async - {"script":"<script> [1562 bytes]","args":[{"selector":{"controlType":"sap.m.Input","viewName":"etm.portal.ui.managecatalogs.view.Detail","viewId":"application-managecatalogs-display-component---detailCatalog","bindingPath":{"path":"","propertyPath":"/DESCRIPTION"},"searchOpenDialogs":true,"interaction":{"idSuffix":"inner"}},"wdio_ui5_key":"etmportal.ui.managecatalogs.view.Detailsap.m.Input{\"path\":\"\",\"propertyPath\":\"/DESCRIPTION\"}"}]}
RESULT: {"script":"<script> [1562 bytes]","args":[{"selector":{"controlType":"sap.m.Input","viewName":"etm.portal.ui.managecatalogs.view.Detail","viewId":"application-managecatalogs-display-component---detailCatalog","bindingPath":{"path":"","propertyPath":"/DESCRIPTION"},"searchOpenDialogs":true,"interaction":{"idSuffix":"inner"}},"wdio_ui5_key":"etmportal.ui.managecatalogs.view.Detailsap.m.Input{\"path\":\"\",\"propertyPath\":\"/DESCRIPTION\"}"}]}
RESULT: undefined
COMMAND: POST /session/85842d14400d925143d12204a9eb11ff/execute/async - {"script":"<script> [776 bytes]","args":[{"enterText":"catalogItemNamekq3sx","selector":{"controlType":"sap.m.Input","viewName":"etm.portal.ui.managecatalogs.view.Detail","viewId":"application-managecatalogs-display-component---detailCatalog","bindingPath":{"path":"","propertyPath":"/DESCRIPTION"},"searchOpenDialogs":true,"interaction":{"idSuffix":"inner"}},"clearTextFirst":true,"interactionType":"ENTER_TEXT"}]}
RESULT: {"script":"<script> [776 bytes]","args":[{"enterText":"catalogItemNamekq3sx","selector":{"controlType":"sap.m.Input","viewName":"etm.portal.ui.managecatalogs.view.Detail","viewId":"application-managecatalogs-display-component---detailCatalog","bindingPath":{"path":"","propertyPath":"/DESCRIPTION"},"searchOpenDialogs":true,"interaction":{"idSuffix":"inner"}},"clearTextFirst":true,"interactionType":"ENTER_TEXT"}]}
COMMAND: POST /session/85842d14400d925143d12204a9eb11ff/actions - {"actions":[{"id":"action12","type":"key","parameters":{},"actions":[{"type":"keyDown","value":"î€„"},{"type":"pause","duration":10},{"type":"keyUp","value":"î€„"}]}]}
RESULT: {"actions":[{"id":"action12","type":"key","parameters":{},"actions":[{"type":"keyDown","value":"î€„"},{"type":"pause","duration":10},{"type":"keyUp","value":"î€„"}]}]}
COMMAND: GET /session/85842d14400d925143d12204a9eb11ff/screenshot - {}
RESULT: {}
COMMAND: POST /session/85842d14400d925143d12204a9eb11ff/actions - {"actions":[{"id":"action13","type":"key","parameters":{},"actions":[{"type":"keyDown","value":"î€‡"},{"type":"pause","duration":10},{"type":"keyUp","value":"î€‡"}]}]}
RESULT: {"actions":[{"id":"action13","type":"key","parameters":{},"actions":[{"type":"keyDown","value":"î€‡"},{"type":"pause","duration":10},{"type":"keyUp","value":"î€‡"}]}]}
COMMAND: GET /session/85842d14400d925143d12204a9eb11ff/screenshot - {}
RESULT: {}
COMMAND: POST /session/85842d14400d925143d12204a9eb11ff/element - {"using":"xpath","value":"//button[@title=\"Save\"]"}
RESULT: {"using":"xpath","value":"//button[@title=\"Save\"]"}
COMMAND: POST /session/85842d14400d925143d12204a9eb11ff/element/f.F943DB1403663130BF14B631DBCBD046.d.39418FB03837E3E8DE3C174B8D784318.e.4711/click - {}
RESULT: {}
COMMAND: GET /session/85842d14400d925143d12204a9eb11ff/screenshot - {}
RESULT: {}
COMMAND: POST /session/85842d14400d925143d12204a9eb11ff/execute/async - {"script":"<script> [1562 bytes]","args":[{"selector":{"controlType":"sap.ui.core.Icon","viewName":"etm.portal.ui.managecatalogs.view.Detail","viewId":"application-managecatalogs-display-component---detailCatalog","properties":{"src":{"regex":{"source":"decline"}}}},"wdio_ui5_key":"etmportal.ui.managecatalogs.view.Detailsap.ui.core.Icon{\"src\":{\"regex\":{\"source\":\"decline\"}}}"}]}
RESULT: {"script":"<script> [1562 bytes]","args":[{"selector":{"controlType":"sap.ui.core.Icon","viewName":"etm.portal.ui.managecatalogs.view.Detail","viewId":"application-managecatalogs-display-component---detailCatalog","properties":{"src":{"regex":{"source":"decline"}}}},"wdio_ui5_key":"etmportal.ui.managecatalogs.view.Detailsap.ui.core.Icon{\"src\":{\"regex\":{\"source\":\"decline\"}}}"}]}
RESULT: undefined
COMMAND: POST /session/85842d14400d925143d12204a9eb11ff/element - {"using":"xpath","value":"//*[@id=\"__button28-img\"]"}
RESULT: {"using":"xpath","value":"//*[@id=\"__button28-img\"]"}
COMMAND: POST /session/85842d14400d925143d12204a9eb11ff/element/f.F943DB1403663130BF14B631DBCBD046.d.39418FB03837E3E8DE3C174B8D784318.e.4716/click - {}
RESULT: {}
COMMAND: GET /session/85842d14400d925143d12204a9eb11ff/screenshot - {}
RESULT: {}
COMMAND: POST /session/85842d14400d925143d12204a9eb11ff/execute/async - {"script":"<script> [1562 bytes]","args":[{"selector":{"controlType":"sap.ui.core.Icon","viewName":"etm.portal.ui.managecatalogs.view.MasterItems","viewId":"application-managecatalogs-display-component---masterCatalogItems","properties":{"src":{"regex":{"source":"refresh"}}}},"wdio_ui5_key":"etmportal.ui.managecatalogs.view.MasterItemssap.ui.core.Icon{\"src\":{\"regex\":{\"source\":\"refresh\"}}}"}]}
RESULT: {"script":"<script> [1562 bytes]","args":[{"selector":{"controlType":"sap.ui.core.Icon","viewName":"etm.portal.ui.managecatalogs.view.MasterItems","viewId":"application-managecatalogs-display-component---masterCatalogItems","properties":{"src":{"regex":{"source":"refresh"}}}},"wdio_ui5_key":"etmportal.ui.managecatalogs.view.MasterItemssap.ui.core.Icon{\"src\":{\"regex\":{\"source\":\"refresh\"}}}"}]}
RESULT: undefined
COMMAND: POST /session/85842d14400d925143d12204a9eb11ff/element - {"using":"xpath","value":"//*[@id=\"__button1-img\"]"}
RESULT: {"using":"xpath","value":"//*[@id=\"__button1-img\"]"}
COMMAND: POST /session/85842d14400d925143d12204a9eb11ff/element/f.F943DB1403663130BF14B631DBCBD046.d.39418FB03837E3E8DE3C174B8D784318.e.4724/click - {}
RESULT: {}
COMMAND: GET /session/85842d14400d925143d12204a9eb11ff/screenshot - {}
RESULT: {}
COMMAND: POST /session/85842d14400d925143d12204a9eb11ff/execute/async - {"script":"<script> [1562 bytes]","args":[{"selector":{"id":"application-managecatalogs-display-component---masterCatalogItems--searchItemsField","interaction":{"idSuffix":"I"}},"wdio_ui5_key":"applicationmanagecatalogs-display-component---masterCatalogItems--searchItemsField"}]}
RESULT: {"script":"<script> [1562 bytes]","args":[{"selector":{"id":"application-managecatalogs-display-component---masterCatalogItems--searchItemsField","interaction":{"idSuffix":"I"}},"wdio_ui5_key":"applicationmanagecatalogs-display-component---masterCatalogItems--searchItemsField"}]}
RESULT: undefined
COMMAND: POST /session/85842d14400d925143d12204a9eb11ff/execute/async - {"script":"<script> [776 bytes]","args":[{"enterText":"catalogItemNamekq3sx","selector":{"id":"application-managecatalogs-display-component---masterCatalogItems--searchItemsField","interaction":{"idSuffix":"I"}},"clearTextFirst":true,"interactionType":"ENTER_TEXT"}]}
RESULT: {"script":"<script> [776 bytes]","args":[{"enterText":"catalogItemNamekq3sx","selector":{"id":"application-managecatalogs-display-component---masterCatalogItems--searchItemsField","interaction":{"idSuffix":"I"}},"clearTextFirst":true,"interactionType":"ENTER_TEXT"}]}
COMMAND: POST /session/85842d14400d925143d12204a9eb11ff/actions - {"actions":[{"id":"action14","type":"key","parameters":{},"actions":[{"type":"keyDown","value":"î€‡"},{"type":"pause","duration":10},{"type":"keyUp","value":"î€‡"}]}]}
RESULT: {"actions":[{"id":"action14","type":"key","parameters":{},"actions":[{"type":"keyDown","value":"î€‡"},{"type":"pause","duration":10},{"type":"keyUp","value":"î€‡"}]}]}
COMMAND: POST /session/85842d14400d925143d12204a9eb11ff/element - {"using":"xpath","value":"(//span[contains(text(), \"catalogItemNamekq3sx\")])[1]"}
COMMAND: GET /session/85842d14400d925143d12204a9eb11ff/screenshot - {}
RESULT: {"using":"xpath","value":"(//span[contains(text(), \"catalogItemNamekq3sx\")])[1]"}
COMMAND: POST /session/85842d14400d925143d12204a9eb11ff/element/f.F943DB1403663130BF14B631DBCBD046.d.39418FB03837E3E8DE3C174B8D784318.e.4759/click - {}
RESULT: {}
RESULT: {}
COMMAND: GET /session/85842d14400d925143d12204a9eb11ff/screenshot - {}
RESULT: {}
COMMAND: POST /session/85842d14400d925143d12204a9eb11ff/element - {"using":"xpath","value":"//span[contains(text(), \"catalogItem8026a\")]"}
RESULT: {"using":"xpath","value":"//span[contains(text(), \"catalogItem8026a\")]"}
COMMAND: GET /session/85842d14400d925143d12204a9eb11ff/element/f.F943DB1403663130BF14B631DBCBD046.d.39418FB03837E3E8DE3C174B8D784318.e.4821/text - {}
RESULT: {}
]]></system-out>
    </testcase>
    <testcase classname="chrome.136_0_7103_93.windows.Standard_contract_-_add_contract_items_by_Insert_Request_US118222" name="Should assign resources to the catalog item" time="50.049">
      <system-out><![CDATA[
RESULT: undefined
COMMAND: POST /session/85842d14400d925143d12204a9eb11ff/element - {"using":"xpath","value":"//*[@id=\"__button25\"]"}
RESULT: {"using":"xpath","value":"//*[@id=\"__button25\"]"}
COMMAND: POST /session/85842d14400d925143d12204a9eb11ff/element/f.F943DB1403663130BF14B631DBCBD046.d.39418FB03837E3E8DE3C174B8D784318.e.4822/click - {}
RESULT: {}
COMMAND: GET /session/85842d14400d925143d12204a9eb11ff/screenshot - {}
RESULT: {}
COMMAND: POST /session/85842d14400d925143d12204a9eb11ff/execute/async - {"script":"<script> [1562 bytes]","args":[{"selector":{"id":"application-managecatalogs-display-component---detailCatalog--BASE_UNIT_OF_MEASURE-arrow"},"wdio_ui5_key":"applicationmanagecatalogs-display-component---detailCatalog--BASE_UNIT_OF_MEASURE-arrow"}]}
RESULT: {"script":"<script> [1562 bytes]","args":[{"selector":{"id":"application-managecatalogs-display-component---detailCatalog--BASE_UNIT_OF_MEASURE-arrow"},"wdio_ui5_key":"applicationmanagecatalogs-display-component---detailCatalog--BASE_UNIT_OF_MEASURE-arrow"}]}
RESULT: undefined
COMMAND: POST /session/85842d14400d925143d12204a9eb11ff/element - {"using":"xpath","value":"//*[@id=\"application-managecatalogs-display-component---detailCatalog--BASE_UNIT_OF_MEASURE-arrow\"]"}
RESULT: {"using":"xpath","value":"//*[@id=\"application-managecatalogs-display-component---detailCatalog--BASE_UNIT_OF_MEASURE-arrow\"]"}
COMMAND: POST /session/85842d14400d925143d12204a9eb11ff/element/f.F943DB1403663130BF14B631DBCBD046.d.39418FB03837E3E8DE3C174B8D784318.e.4849/click - {}
RESULT: {}
COMMAND: POST /session/85842d14400d925143d12204a9eb11ff/execute/async - {"script":"<script> [1562 bytes]","args":[{"selector":{"controlType":"sap.m.StandardListItem","viewName":"etm.portal.ui.managecatalogs.view.Detail","viewId":"application-managecatalogs-display-component---detailCatalog","properties":{"title":"Piece"},"searchOpenDialogs":true,"interaction":{"idSuffix":"titleText"}},"wdio_ui5_key":"etmportal.ui.managecatalogs.view.Detailsap.m.StandardListItem{\"title\":\"Piece\"}"}]}
COMMAND: GET /session/85842d14400d925143d12204a9eb11ff/screenshot - {}
RESULT: {"script":"<script> [1562 bytes]","args":[{"selector":{"controlType":"sap.m.StandardListItem","viewName":"etm.portal.ui.managecatalogs.view.Detail","viewId":"application-managecatalogs-display-component---detailCatalog","properties":{"title":"Piece"},"searchOpenDialogs":true,"interaction":{"idSuffix":"titleText"}},"wdio_ui5_key":"etmportal.ui.managecatalogs.view.Detailsap.m.StandardListItem{\"title\":\"Piece\"}"}]}
RESULT: undefined
COMMAND: POST /session/85842d14400d925143d12204a9eb11ff/element - {"using":"xpath","value":"//*[@id=\"__item217\"]"}
RESULT: {}
RESULT: {"using":"xpath","value":"//*[@id=\"__item217\"]"}
COMMAND: POST /session/85842d14400d925143d12204a9eb11ff/element/f.F943DB1403663130BF14B631DBCBD046.d.39418FB03837E3E8DE3C174B8D784318.e.4853/click - {}
RESULT: {}
COMMAND: POST /session/85842d14400d925143d12204a9eb11ff/execute/async - {"script":"<script> [1562 bytes]","args":[{"selector":{"id":"application-managecatalogs-display-component---detailCatalog--ObjectPageLayout-anchBar-application-managecatalogs-display-component---detailCatalog--sectionRUs-anchor","interaction":{"idSuffix":"BDI-content"}},"wdio_ui5_key":"applicationmanagecatalogs-display-component---detailCatalog--ObjectPageLayout-anchBar-application-managecatalogs-display-component---detailCatalog--sectionRUs-anchor"}]}
COMMAND: GET /session/85842d14400d925143d12204a9eb11ff/screenshot - {}
RESULT: {"script":"<script> [1562 bytes]","args":[{"selector":{"id":"application-managecatalogs-display-component---detailCatalog--ObjectPageLayout-anchBar-application-managecatalogs-display-component---detailCatalog--sectionRUs-anchor","interaction":{"idSuffix":"BDI-content"}},"wdio_ui5_key":"applicationmanagecatalogs-display-component---detailCatalog--ObjectPageLayout-anchBar-application-managecatalogs-display-component---detailCatalog--sectionRUs-anchor"}]}
RESULT: undefined
COMMAND: POST /session/85842d14400d925143d12204a9eb11ff/element - {"using":"xpath","value":"//*[@id=\"application-managecatalogs-display-component---detailCatalog--ObjectPageLayout-anchBar-application-managecatalogs-display-component---detailCatalog--sectionRUs-anchor\"]"}
RESULT: {}
RESULT: {"using":"xpath","value":"//*[@id=\"application-managecatalogs-display-component---detailCatalog--ObjectPageLayout-anchBar-application-managecatalogs-display-component---detailCatalog--sectionRUs-anchor\"]"}
COMMAND: POST /session/85842d14400d925143d12204a9eb11ff/element/f.F943DB1403663130BF14B631DBCBD046.d.39418FB03837E3E8DE3C174B8D784318.e.4855/click - {}
RESULT: {}
COMMAND: POST /session/85842d14400d925143d12204a9eb11ff/element - {"using":"xpath","value":"//button[contains(@data-kt ,\"catalogItemAssignRuButton\")]"}
COMMAND: GET /session/85842d14400d925143d12204a9eb11ff/screenshot - {}
RESULT: {"using":"xpath","value":"//button[contains(@data-kt ,\"catalogItemAssignRuButton\")]"}
COMMAND: POST /session/85842d14400d925143d12204a9eb11ff/element/f.F943DB1403663130BF14B631DBCBD046.d.39418FB03837E3E8DE3C174B8D784318.e.4859/click - {}
RESULT: {}
RESULT: {}
COMMAND: GET /session/85842d14400d925143d12204a9eb11ff/screenshot - {}
RESULT: {}
COMMAND: POST /session/85842d14400d925143d12204a9eb11ff/actions - {"actions":[{"id":"action15","type":"key","parameters":{},"actions":[{"type":"keyDown","value":"î€‡"},{"type":"pause","duration":10},{"type":"keyUp","value":"î€‡"}]}]}
RESULT: {"actions":[{"id":"action15","type":"key","parameters":{},"actions":[{"type":"keyDown","value":"î€‡"},{"type":"pause","duration":10},{"type":"keyUp","value":"î€‡"}]}]}
COMMAND: POST /session/85842d14400d925143d12204a9eb11ff/execute/async - {"script":"<script> [1562 bytes]","args":[{"selector":{"id":"application-managecatalogs-display-component---detailCatalog--assignRUSearchField-vhi","searchOpenDialogs":true},"wdio_ui5_key":"applicationmanagecatalogs-display-component---detailCatalog--assignRUSearchField-vhi"}]}
COMMAND: GET /session/85842d14400d925143d12204a9eb11ff/screenshot - {}
RESULT: {"script":"<script> [1562 bytes]","args":[{"selector":{"id":"application-managecatalogs-display-component---detailCatalog--assignRUSearchField-vhi","searchOpenDialogs":true},"wdio_ui5_key":"applicationmanagecatalogs-display-component---detailCatalog--assignRUSearchField-vhi"}]}
RESULT: undefined
COMMAND: POST /session/85842d14400d925143d12204a9eb11ff/element - {"using":"xpath","value":"//*[@id=\"application-managecatalogs-display-component---detailCatalog--assignRUSearchField-vhi\"]"}
RESULT: {}
RESULT: {"using":"xpath","value":"//*[@id=\"application-managecatalogs-display-component---detailCatalog--assignRUSearchField-vhi\"]"}
COMMAND: POST /session/85842d14400d925143d12204a9eb11ff/element/f.F943DB1403663130BF14B631DBCBD046.d.39418FB03837E3E8DE3C174B8D784318.e.4880/click - {}
RESULT: {}
COMMAND: GET /session/85842d14400d925143d12204a9eb11ff/screenshot - {}
RESULT: {}
COMMAND: POST /session/85842d14400d925143d12204a9eb11ff/element - {"using":"xpath","value":"//input[contains(@id ,\"searchField-I\")]"}
RESULT: {"using":"xpath","value":"//input[contains(@id ,\"searchField-I\")]"}
COMMAND: POST /session/85842d14400d925143d12204a9eb11ff/element/f.F943DB1403663130BF14B631DBCBD046.d.39418FB03837E3E8DE3C174B8D784318.e.4884/clear - {}
RESULT: {}
COMMAND: POST /session/85842d14400d925143d12204a9eb11ff/element/f.F943DB1403663130BF14B631DBCBD046.d.39418FB03837E3E8DE3C174B8D784318.e.4884/value - {"text":"WdIOR2cEquip66mx1"}
COMMAND: GET /session/85842d14400d925143d12204a9eb11ff/screenshot - {}
RESULT: {"text":"WdIOR2cEquip66mx1"}
COMMAND: GET /session/85842d14400d925143d12204a9eb11ff/screenshot - {}
RESULT: {}
RESULT: {}
COMMAND: POST /session/85842d14400d925143d12204a9eb11ff/actions - {"actions":[{"id":"action16","type":"key","parameters":{},"actions":[{"type":"keyDown","value":"î€‡"},{"type":"pause","duration":10},{"type":"keyUp","value":"î€‡"}]}]}
RESULT: {"actions":[{"id":"action16","type":"key","parameters":{},"actions":[{"type":"keyDown","value":"î€‡"},{"type":"pause","duration":10},{"type":"keyUp","value":"î€‡"}]}]}
COMMAND: GET /session/85842d14400d925143d12204a9eb11ff/screenshot - {}
RESULT: {}
COMMAND: POST /session/85842d14400d925143d12204a9eb11ff/actions - {"actions":[{"id":"action17","type":"key","parameters":{},"actions":[{"type":"keyDown","value":"î€„"},{"type":"pause","duration":10},{"type":"keyUp","value":"î€„"}]}]}
RESULT: {"actions":[{"id":"action17","type":"key","parameters":{},"actions":[{"type":"keyDown","value":"î€„"},{"type":"pause","duration":10},{"type":"keyUp","value":"î€„"}]}]}
COMMAND: GET /session/85842d14400d925143d12204a9eb11ff/screenshot - {}
RESULT: {}
COMMAND: POST /session/85842d14400d925143d12204a9eb11ff/actions - {"actions":[{"id":"action18","type":"key","parameters":{},"actions":[{"type":"keyDown","value":"î€‡"},{"type":"pause","duration":10},{"type":"keyUp","value":"î€‡"}]}]}
RESULT: {"actions":[{"id":"action18","type":"key","parameters":{},"actions":[{"type":"keyDown","value":"î€‡"},{"type":"pause","duration":10},{"type":"keyUp","value":"î€‡"}]}]}
COMMAND: GET /session/85842d14400d925143d12204a9eb11ff/screenshot - {}
RESULT: {}
COMMAND: POST /session/85842d14400d925143d12204a9eb11ff/element - {"using":"xpath","value":"//bdi[contains(@id ,\"application-managecatalogs-display-component---detailCatalog--RUAssignmentSaveButton-BDI-content\")]"}
RESULT: {"using":"xpath","value":"//bdi[contains(@id ,\"application-managecatalogs-display-component---detailCatalog--RUAssignmentSaveButton-BDI-content\")]"}
COMMAND: POST /session/85842d14400d925143d12204a9eb11ff/element/f.F943DB1403663130BF14B631DBCBD046.d.39418FB03837E3E8DE3C174B8D784318.e.4917/click - {}
RESULT: {}
COMMAND: GET /session/85842d14400d925143d12204a9eb11ff/screenshot - {}
RESULT: {}
COMMAND: POST /session/85842d14400d925143d12204a9eb11ff/element - {"using":"xpath","value":"//bdi[contains(@id ,\"application-managecatalogs-display-component---detailCatalog--ObjectPageLayout-anchBar-application-managecatalogs-display-component---detailCatalog--sectionRUs-anchor-BDI-content\")]"}
RESULT: {"using":"xpath","value":"//bdi[contains(@id ,\"application-managecatalogs-display-component---detailCatalog--ObjectPageLayout-anchBar-application-managecatalogs-display-component---detailCatalog--sectionRUs-anchor-BDI-content\")]"}
COMMAND: POST /session/85842d14400d925143d12204a9eb11ff/element/f.F943DB1403663130BF14B631DBCBD046.d.39418FB03837E3E8DE3C174B8D784318.e.4944/click - {}
RESULT: {}
COMMAND: GET /session/85842d14400d925143d12204a9eb11ff/screenshot - {}
RESULT: {}
COMMAND: POST /session/85842d14400d925143d12204a9eb11ff/element - {"using":"xpath","value":"//button[contains(@data-kt ,\"catalogItemAssignRuButton\")]"}
RESULT: {"using":"xpath","value":"//button[contains(@data-kt ,\"catalogItemAssignRuButton\")]"}
COMMAND: POST /session/85842d14400d925143d12204a9eb11ff/element/f.F943DB1403663130BF14B631DBCBD046.d.39418FB03837E3E8DE3C174B8D784318.e.4859/click - {}
RESULT: {}
COMMAND: GET /session/85842d14400d925143d12204a9eb11ff/screenshot - {}
RESULT: {}
COMMAND: POST /session/85842d14400d925143d12204a9eb11ff/actions - {"actions":[{"id":"action19","type":"key","parameters":{},"actions":[{"type":"keyDown","value":"î€‡"},{"type":"pause","duration":10},{"type":"keyUp","value":"î€‡"}]}]}
RESULT: {"actions":[{"id":"action19","type":"key","parameters":{},"actions":[{"type":"keyDown","value":"î€‡"},{"type":"pause","duration":10},{"type":"keyUp","value":"î€‡"}]}]}
RESULT: undefined
COMMAND: POST /session/85842d14400d925143d12204a9eb11ff/element - {"using":"xpath","value":"//*[@id=\"application-managecatalogs-display-component---detailCatalog--assignRUSearchField-vhi\"]"}
COMMAND: GET /session/85842d14400d925143d12204a9eb11ff/screenshot - {}
RESULT: {"using":"xpath","value":"//*[@id=\"application-managecatalogs-display-component---detailCatalog--assignRUSearchField-vhi\"]"}
COMMAND: POST /session/85842d14400d925143d12204a9eb11ff/elements - {"using":"xpath","value":"//*[@id=\"application-managecatalogs-display-component---detailCatalog--assignRUSearchField-vhi\"]"}
RESULT: {}
RESULT: {"using":"xpath","value":"//*[@id=\"application-managecatalogs-display-component---detailCatalog--assignRUSearchField-vhi\"]"}
COMMAND: POST /session/85842d14400d925143d12204a9eb11ff/element - {"using":"xpath","value":"//*[@id=\"application-managecatalogs-display-component---detailCatalog--assignRUSearchField-vhi\"]"}
RESULT: {"using":"xpath","value":"//*[@id=\"application-managecatalogs-display-component---detailCatalog--assignRUSearchField-vhi\"]"}
COMMAND: POST /session/85842d14400d925143d12204a9eb11ff/element/f.F943DB1403663130BF14B631DBCBD046.d.39418FB03837E3E8DE3C174B8D784318.e.4961/click - {}
RESULT: {}
COMMAND: POST /session/85842d14400d925143d12204a9eb11ff/execute/async - {"script":"<script> [1562 bytes]","args":[{"selector":{"controlType":"sap.m.SearchField","viewName":"etm.portal.ui.managecatalogs.view.Detail","viewId":"application-managecatalogs-display-component---detailCatalog","searchOpenDialogs":true,"interaction":{"idSuffix":"I"}},"wdio_ui5_key":"etmportal.ui.managecatalogs.view.Detailsap.m.SearchField"}]}
COMMAND: GET /session/85842d14400d925143d12204a9eb11ff/screenshot - {}
RESULT: {"script":"<script> [1562 bytes]","args":[{"selector":{"controlType":"sap.m.SearchField","viewName":"etm.portal.ui.managecatalogs.view.Detail","viewId":"application-managecatalogs-display-component---detailCatalog","searchOpenDialogs":true,"interaction":{"idSuffix":"I"}},"wdio_ui5_key":"etmportal.ui.managecatalogs.view.Detailsap.m.SearchField"}]}
RESULT: undefined
COMMAND: POST /session/85842d14400d925143d12204a9eb11ff/execute/async - {"script":"<script> [776 bytes]","args":[{"enterText":"WebdriverRUR2Cfrz4c","selector":{"controlType":"sap.m.SearchField","viewName":"etm.portal.ui.managecatalogs.view.Detail","viewId":"application-managecatalogs-display-component---detailCatalog","searchOpenDialogs":true,"interaction":{"idSuffix":"I"}},"clearTextFirst":true,"interactionType":"ENTER_TEXT"}]}
RESULT: {}
RESULT: {"script":"<script> [776 bytes]","args":[{"enterText":"WebdriverRUR2Cfrz4c","selector":{"controlType":"sap.m.SearchField","viewName":"etm.portal.ui.managecatalogs.view.Detail","viewId":"application-managecatalogs-display-component---detailCatalog","searchOpenDialogs":true,"interaction":{"idSuffix":"I"}},"clearTextFirst":true,"interactionType":"ENTER_TEXT"}]}
COMMAND: POST /session/85842d14400d925143d12204a9eb11ff/actions - {"actions":[{"id":"action20","type":"key","parameters":{},"actions":[{"type":"keyDown","value":"î€‡"},{"type":"pause","duration":10},{"type":"keyUp","value":"î€‡"}]}]}
RESULT: {"actions":[{"id":"action20","type":"key","parameters":{},"actions":[{"type":"keyDown","value":"î€‡"},{"type":"pause","duration":10},{"type":"keyUp","value":"î€‡"}]}]}
COMMAND: GET /session/85842d14400d925143d12204a9eb11ff/screenshot - {}
RESULT: {}
COMMAND: POST /session/85842d14400d925143d12204a9eb11ff/element - {"using":"xpath","value":"(//span[contains(text(), \"WebdriverRUR2Cfrz4c\")])[1]"}
RESULT: {"using":"xpath","value":"(//span[contains(text(), \"WebdriverRUR2Cfrz4c\")])[1]"}
COMMAND: POST /session/85842d14400d925143d12204a9eb11ff/element/f.F943DB1403663130BF14B631DBCBD046.d.39418FB03837E3E8DE3C174B8D784318.e.4979/click - {}
RESULT: {}
COMMAND: POST /session/85842d14400d925143d12204a9eb11ff/execute/async - {"script":"<script> [1562 bytes]","args":[{"selector":{"id":"application-managecatalogs-display-component---detailCatalog--RUAssignmentSaveButton","searchOpenDialogs":true,"interaction":{"idSuffix":"BDI-content"}},"wdio_ui5_key":"applicationmanagecatalogs-display-component---detailCatalog--RUAssignmentSaveButton"}]}
COMMAND: GET /session/85842d14400d925143d12204a9eb11ff/screenshot - {}
RESULT: {"script":"<script> [1562 bytes]","args":[{"selector":{"id":"application-managecatalogs-display-component---detailCatalog--RUAssignmentSaveButton","searchOpenDialogs":true,"interaction":{"idSuffix":"BDI-content"}},"wdio_ui5_key":"applicationmanagecatalogs-display-component---detailCatalog--RUAssignmentSaveButton"}]}
RESULT: undefined
COMMAND: POST /session/85842d14400d925143d12204a9eb11ff/element - {"using":"xpath","value":"//*[@id=\"application-managecatalogs-display-component---detailCatalog--RUAssignmentSaveButton\"]"}
RESULT: {}
RESULT: {"using":"xpath","value":"//*[@id=\"application-managecatalogs-display-component---detailCatalog--RUAssignmentSaveButton\"]"}
COMMAND: POST /session/85842d14400d925143d12204a9eb11ff/element/f.F943DB1403663130BF14B631DBCBD046.d.39418FB03837E3E8DE3C174B8D784318.e.4982/click - {}
RESULT: {}
COMMAND: GET /session/85842d14400d925143d12204a9eb11ff/screenshot - {}
RESULT: {}
COMMAND: POST /session/85842d14400d925143d12204a9eb11ff/element - {"using":"xpath","value":"//bdi[contains(text(), \"Save\")]"}
RESULT: {"using":"xpath","value":"//bdi[contains(text(), \"Save\")]"}
COMMAND: POST /session/85842d14400d925143d12204a9eb11ff/element/f.F943DB1403663130BF14B631DBCBD046.d.39418FB03837E3E8DE3C174B8D784318.e.5004/click - {}
RESULT: {}
COMMAND: GET /session/85842d14400d925143d12204a9eb11ff/screenshot - {}
RESULT: {}
COMMAND: POST /session/85842d14400d925143d12204a9eb11ff/element - {"using":"css selector","value":"#shell-header-logo"}
RESULT: {"using":"css selector","value":"#shell-header-logo"}
COMMAND: POST /session/85842d14400d925143d12204a9eb11ff/element/f.F943DB1403663130BF14B631DBCBD046.d.39418FB03837E3E8DE3C174B8D784318.e.4664/click - {}
RESULT: {}
COMMAND: GET /session/85842d14400d925143d12204a9eb11ff/screenshot - {}
RESULT: {}
]]></system-out>
    </testcase>
    <testcase classname="chrome.136_0_7103_93.windows.Standard_contract_-_add_contract_items_by_Insert_Request_US118222" name="Should create a new contract" time="89.731">
      <system-out><![CDATA[
COMMAND: POST /session/85842d14400d925143d12204a9eb11ff/execute/async - {"script":"<script> [1562 bytes]","args":[{"selector":{"controlType":"sap.m.GenericTile","properties":{"header":"Manage Contracts"}},"wdio_ui5_key":"sapm.GenericTile{\"header\":\"Manage Contracts\"}"}]}
RESULT: {"script":"<script> [1562 bytes]","args":[{"selector":{"controlType":"sap.m.GenericTile","properties":{"header":"Manage Contracts"}},"wdio_ui5_key":"sapm.GenericTile{\"header\":\"Manage Contracts\"}"}]}
RESULT: undefined
COMMAND: POST /session/85842d14400d925143d12204a9eb11ff/element - {"using":"xpath","value":"//*[@id=\"__tile130\"]"}
RESULT: {"using":"xpath","value":"//*[@id=\"__tile130\"]"}
COMMAND: POST /session/85842d14400d925143d12204a9eb11ff/element/f.F943DB1403663130BF14B631DBCBD046.d.39418FB03837E3E8DE3C174B8D784318.e.5036/click - {}
RESULT: {}
COMMAND: GET /session/85842d14400d925143d12204a9eb11ff/screenshot - {}
RESULT: {}
COMMAND: POST /session/85842d14400d925143d12204a9eb11ff/elements - {"using":"xpath","value":"//span[text()='Error']"}
RESULT: {"using":"xpath","value":"//span[text()='Error']"}
COMMAND: POST /session/85842d14400d925143d12204a9eb11ff/element - {"using":"xpath","value":"//button[@data-kt=\"addButton\"]"}
RESULT: {"using":"xpath","value":"//button[@data-kt=\"addButton\"]"}
COMMAND: POST /session/85842d14400d925143d12204a9eb11ff/element/f.F943DB1403663130BF14B631DBCBD046.d.39418FB03837E3E8DE3C174B8D784318.e.5084/click - {}
RESULT: {}
COMMAND: GET /session/85842d14400d925143d12204a9eb11ff/screenshot - {}
RESULT: {}
COMMAND: POST /session/85842d14400d925143d12204a9eb11ff/execute/async - {"script":"<script> [1562 bytes]","args":[{"selector":{"id":"application-managecontracts-display-component---AddNewContract--projectDescription","interaction":{"idSuffix":"inner"}},"wdio_ui5_key":"applicationmanagecontracts-display-component---AddNewContract--projectDescription"}]}
RESULT: {"script":"<script> [1562 bytes]","args":[{"selector":{"id":"application-managecontracts-display-component---AddNewContract--projectDescription","interaction":{"idSuffix":"inner"}},"wdio_ui5_key":"applicationmanagecontracts-display-component---AddNewContract--projectDescription"}]}
RESULT: undefined
COMMAND: POST /session/85842d14400d925143d12204a9eb11ff/execute/async - {"script":"<script> [776 bytes]","args":[{"enterText":"WdIOR2c6884j","selector":{"id":"application-managecontracts-display-component---AddNewContract--projectDescription","interaction":{"idSuffix":"inner"}},"clearTextFirst":true,"interactionType":"ENTER_TEXT"}]}
RESULT: {"script":"<script> [776 bytes]","args":[{"enterText":"WdIOR2c6884j","selector":{"id":"application-managecontracts-display-component---AddNewContract--projectDescription","interaction":{"idSuffix":"inner"}},"clearTextFirst":true,"interactionType":"ENTER_TEXT"}]}
COMMAND: POST /session/85842d14400d925143d12204a9eb11ff/element - {"using":"xpath","value":"//input[@id=\"application-managecontracts-display-component---AddNewContract--yardId-inner\"]"}
RESULT: {"using":"xpath","value":"//input[@id=\"application-managecontracts-display-component---AddNewContract--yardId-inner\"]"}
COMMAND: POST /session/85842d14400d925143d12204a9eb11ff/element/f.F943DB1403663130BF14B631DBCBD046.d.39418FB03837E3E8DE3C174B8D784318.e.5390/clear - {}
RESULT: {}
COMMAND: POST /session/85842d14400d925143d12204a9eb11ff/element/f.F943DB1403663130BF14B631DBCBD046.d.39418FB03837E3E8DE3C174B8D784318.e.5390/value - {"text":"WebdriverYard4joyzj"}
COMMAND: GET /session/85842d14400d925143d12204a9eb11ff/screenshot - {}
RESULT: {"text":"WebdriverYard4joyzj"}
COMMAND: GET /session/85842d14400d925143d12204a9eb11ff/screenshot - {}
RESULT: {}
RESULT: {}
COMMAND: POST /session/85842d14400d925143d12204a9eb11ff/actions - {"actions":[{"id":"action21","type":"key","parameters":{},"actions":[{"type":"keyDown","value":"î€‡"},{"type":"pause","duration":10},{"type":"keyUp","value":"î€‡"}]}]}
RESULT: {"actions":[{"id":"action21","type":"key","parameters":{},"actions":[{"type":"keyDown","value":"î€‡"},{"type":"pause","duration":10},{"type":"keyUp","value":"î€‡"}]}]}
COMMAND: GET /session/85842d14400d925143d12204a9eb11ff/screenshot - {}
RESULT: {}
COMMAND: POST /session/85842d14400d925143d12204a9eb11ff/element - {"using":"xpath","value":"//input[@id=\"application-managecontracts-display-component---AddNewContract--customerSelect-inner\"]"}
RESULT: {"using":"xpath","value":"//input[@id=\"application-managecontracts-display-component---AddNewContract--customerSelect-inner\"]"}
COMMAND: POST /session/85842d14400d925143d12204a9eb11ff/element/f.F943DB1403663130BF14B631DBCBD046.d.39418FB03837E3E8DE3C174B8D784318.e.5388/clear - {}
RESULT: {}
COMMAND: POST /session/85842d14400d925143d12204a9eb11ff/element/f.F943DB1403663130BF14B631DBCBD046.d.39418FB03837E3E8DE3C174B8D784318.e.5388/value - {"text":"WebdriverPartner2m2yk"}
COMMAND: GET /session/85842d14400d925143d12204a9eb11ff/screenshot - {}
RESULT: {"text":"WebdriverPartner2m2yk"}
COMMAND: GET /session/85842d14400d925143d12204a9eb11ff/screenshot - {}
RESULT: {}
RESULT: {}
COMMAND: POST /session/85842d14400d925143d12204a9eb11ff/actions - {"actions":[{"id":"action22","type":"key","parameters":{},"actions":[{"type":"keyDown","value":"î€‡"},{"type":"pause","duration":10},{"type":"keyUp","value":"î€‡"}]}]}
RESULT: {"actions":[{"id":"action22","type":"key","parameters":{},"actions":[{"type":"keyDown","value":"î€‡"},{"type":"pause","duration":10},{"type":"keyUp","value":"î€‡"}]}]}
COMMAND: GET /session/85842d14400d925143d12204a9eb11ff/screenshot - {}
RESULT: {}
COMMAND: POST /session/85842d14400d925143d12204a9eb11ff/element - {"using":"xpath","value":"//input[@id=\"application-managecontracts-display-component---AddNewContract--site-inner\"]"}
RESULT: {"using":"xpath","value":"//input[@id=\"application-managecontracts-display-component---AddNewContract--site-inner\"]"}
COMMAND: POST /session/85842d14400d925143d12204a9eb11ff/element/f.F943DB1403663130BF14B631DBCBD046.d.39418FB03837E3E8DE3C174B8D784318.e.5389/clear - {}
RESULT: {}
COMMAND: POST /session/85842d14400d925143d12204a9eb11ff/element/f.F943DB1403663130BF14B631DBCBD046.d.39418FB03837E3E8DE3C174B8D784318.e.5389/value - {"text":"WebdriverSitetx7dh"}
COMMAND: GET /session/85842d14400d925143d12204a9eb11ff/screenshot - {}
RESULT: {"text":"WebdriverSitetx7dh"}
COMMAND: GET /session/85842d14400d925143d12204a9eb11ff/screenshot - {}
RESULT: {}
RESULT: {}
COMMAND: POST /session/85842d14400d925143d12204a9eb11ff/actions - {"actions":[{"id":"action23","type":"key","parameters":{},"actions":[{"type":"keyDown","value":"î€‡"},{"type":"pause","duration":10},{"type":"keyUp","value":"î€‡"}]}]}
RESULT: {"actions":[{"id":"action23","type":"key","parameters":{},"actions":[{"type":"keyDown","value":"î€‡"},{"type":"pause","duration":10},{"type":"keyUp","value":"î€‡"}]}]}
COMMAND: GET /session/85842d14400d925143d12204a9eb11ff/screenshot - {}
COMMAND: POST /session/85842d14400d925143d12204a9eb11ff/element - {"using":"xpath","value":"//button[@data-kt=\"saveButton\"]"}
RESULT: {}
RESULT: {"using":"xpath","value":"//button[@data-kt=\"saveButton\"]"}
COMMAND: POST /session/85842d14400d925143d12204a9eb11ff/element/f.F943DB1403663130BF14B631DBCBD046.d.39418FB03837E3E8DE3C174B8D784318.e.5425/click - {}
RESULT: {}
COMMAND: GET /session/85842d14400d925143d12204a9eb11ff/screenshot - {}
RESULT: {}
COMMAND: POST /session/85842d14400d925143d12204a9eb11ff/execute/async - {"script":"<script> [1562 bytes]","args":[{"selector":{"id":"contractDetailTitleNoExpanded","viewName":"etm.portal.ui.managecontracts.view.Detail"},"wdio_ui5_key":"contractDetailTitleNoExpandedetmportal.ui.managecontracts.view.Detail"}]}
RESULT: {"script":"<script> [1562 bytes]","args":[{"selector":{"id":"contractDetailTitleNoExpanded","viewName":"etm.portal.ui.managecontracts.view.Detail"},"wdio_ui5_key":"contractDetailTitleNoExpandedetmportal.ui.managecontracts.view.Detail"}]}
RESULT: undefined
COMMAND: POST /session/85842d14400d925143d12204a9eb11ff/execute/async - {"script":"<script> [6424 bytes]","args":[{"element-6066-11e4-a52e-4f735466cecf":"f.F943DB1403663130BF14B631DBCBD046.d.39418FB03837E3E8DE3C174B8D784318.e.5432"},"getText",[]]}
RESULT: {"script":"<script> [6424 bytes]","args":[{"element-6066-11e4-a52e-4f735466cecf":"f.F943DB1403663130BF14B631DBCBD046.d.39418FB03837E3E8DE3C174B8D784318.e.5432"},"getText",[]]}
]]></system-out>
    </testcase>
    <testcase classname="chrome.136_0_7103_93.windows.Standard_contract_-_add_contract_items_by_Insert_Request_US118222" name="Should create a new request and plan it" time="162.248">
      <system-out><![CDATA[
COMMAND: POST /session/85842d14400d925143d12204a9eb11ff/element - {"using":"css selector","value":"#shell-header-logo"}
RESULT: {"using":"css selector","value":"#shell-header-logo"}
COMMAND: POST /session/85842d14400d925143d12204a9eb11ff/element/f.F943DB1403663130BF14B631DBCBD046.d.39418FB03837E3E8DE3C174B8D784318.e.5039/click - {}
RESULT: {}
COMMAND: GET /session/85842d14400d925143d12204a9eb11ff/screenshot - {}
RESULT: {}
COMMAND: POST /session/85842d14400d925143d12204a9eb11ff/execute/async - {"script":"<script> [1562 bytes]","args":[{"selector":{"controlType":"sap.m.GenericTile","properties":{"header":"Manage Requests"}},"wdio_ui5_key":"sapm.GenericTile{\"header\":\"Manage Requests\"}"}]}
RESULT: {"script":"<script> [1562 bytes]","args":[{"selector":{"controlType":"sap.m.GenericTile","properties":{"header":"Manage Requests"}},"wdio_ui5_key":"sapm.GenericTile{\"header\":\"Manage Requests\"}"}]}
RESULT: undefined
COMMAND: POST /session/85842d14400d925143d12204a9eb11ff/element - {"using":"xpath","value":"//*[@id=\"__tile47\"]"}
RESULT: {"using":"xpath","value":"//*[@id=\"__tile47\"]"}
COMMAND: POST /session/85842d14400d925143d12204a9eb11ff/element/f.F943DB1403663130BF14B631DBCBD046.d.39418FB03837E3E8DE3C174B8D784318.e.5437/click - {}
RESULT: {}
COMMAND: GET /session/85842d14400d925143d12204a9eb11ff/screenshot - {}
RESULT: {}
COMMAND: POST /session/85842d14400d925143d12204a9eb11ff/elements - {"using":"xpath","value":"//span[text()='Error']"}
RESULT: {"using":"xpath","value":"//span[text()='Error']"}
COMMAND: POST /session/85842d14400d925143d12204a9eb11ff/element - {"using":"xpath","value":"//button[contains(@data-kt ,\"btnCreateNewOverflowToolbarButton\")]"}
COMMAND: POST /session/85842d14400d925143d12204a9eb11ff/element - {"using":"xpath","value":"(//span[contains(@class ,\"sapMObjStatusText\")])[1]"}
RESULT: {"using":"xpath","value":"//button[contains(@data-kt ,\"btnCreateNewOverflowToolbarButton\")]"}
COMMAND: POST /session/85842d14400d925143d12204a9eb11ff/element/f.F943DB1403663130BF14B631DBCBD046.d.39418FB03837E3E8DE3C174B8D784318.e.5525/click - {}
RESULT: {"using":"xpath","value":"(//span[contains(@class ,\"sapMObjStatusText\")])[1]"}
COMMAND: POST /session/85842d14400d925143d12204a9eb11ff/execute/sync - {"script":"<script> [8489 bytes]","args":[{"element-6066-11e4-a52e-4f735466cecf":"f.F943DB1403663130BF14B631DBCBD046.d.39418FB03837E3E8DE3C174B8D784318.e.5555","ELEMENT":"f.F943DB1403663130BF14B631DBCBD046.d.39418FB03837E3E8DE3C174B8D784318.e.5555"}]}
RESULT: {}
COMMAND: GET /session/85842d14400d925143d12204a9eb11ff/screenshot - {}
COMMAND: POST /session/85842d14400d925143d12204a9eb11ff/element - {"using":"xpath","value":"(//span[contains(@class ,\"sapMObjStatusText\")])[1]"}
RESULT: {}
RESULT: {"using":"xpath","value":"(//span[contains(@class ,\"sapMObjStatusText\")])[1]"}
COMMAND: POST /session/85842d14400d925143d12204a9eb11ff/execute/sync - {"script":"<script> [8489 bytes]","args":[{"element-6066-11e4-a52e-4f735466cecf":"f.F943DB1403663130BF14B631DBCBD046.d.39418FB03837E3E8DE3C174B8D784318.e.5816","ELEMENT":"f.F943DB1403663130BF14B631DBCBD046.d.39418FB03837E3E8DE3C174B8D784318.e.5816"}]}
RESULT: {"script":"<script> [8489 bytes]","args":[{"element-6066-11e4-a52e-4f735466cecf":"f.F943DB1403663130BF14B631DBCBD046.d.39418FB03837E3E8DE3C174B8D784318.e.5816","ELEMENT":"f.F943DB1403663130BF14B631DBCBD046.d.39418FB03837E3E8DE3C174B8D784318.e.5816"}]}
COMMAND: GET /session/85842d14400d925143d12204a9eb11ff/screenshot - {}
RESULT: {}
COMMAND: POST /session/85842d14400d925143d12204a9eb11ff/element - {"using":"xpath","value":"//input[contains(@id ,\"yardId-inner\")]"}
RESULT: {"using":"xpath","value":"//input[contains(@id ,\"yardId-inner\")]"}
COMMAND: POST /session/85842d14400d925143d12204a9eb11ff/execute/sync - {"script":"<script> [8489 bytes]","args":[{"element-6066-11e4-a52e-4f735466cecf":"f.F943DB1403663130BF14B631DBCBD046.d.39418FB03837E3E8DE3C174B8D784318.e.5639","ELEMENT":"f.F943DB1403663130BF14B631DBCBD046.d.39418FB03837E3E8DE3C174B8D784318.e.5639"}]}
RESULT: {"script":"<script> [8489 bytes]","args":[{"element-6066-11e4-a52e-4f735466cecf":"f.F943DB1403663130BF14B631DBCBD046.d.39418FB03837E3E8DE3C174B8D784318.e.5639","ELEMENT":"f.F943DB1403663130BF14B631DBCBD046.d.39418FB03837E3E8DE3C174B8D784318.e.5639"}]}
COMMAND: POST /session/85842d14400d925143d12204a9eb11ff/element - {"using":"xpath","value":"//input[contains(@id ,\"requestContractNo-inner\")]"}
COMMAND: POST /session/85842d14400d925143d12204a9eb11ff/element - {"using":"xpath","value":"//input[contains(@id ,\"requestContractNo-inner\")]"}
COMMAND: GET /session/85842d14400d925143d12204a9eb11ff/screenshot - {}
RESULT: {"using":"xpath","value":"//input[contains(@id ,\"requestContractNo-inner\")]"}
COMMAND: POST /session/85842d14400d925143d12204a9eb11ff/element/f.F943DB1403663130BF14B631DBCBD046.d.39418FB03837E3E8DE3C174B8D784318.e.5636/value - {"text":"10365"}
RESULT: {"using":"xpath","value":"//input[contains(@id ,\"requestContractNo-inner\")]"}
COMMAND: GET /session/85842d14400d925143d12204a9eb11ff/element/f.F943DB1403663130BF14B631DBCBD046.d.39418FB03837E3E8DE3C174B8D784318.e.5636/enabled - {}
RESULT: {}
RESULT: {"text":"10365"}
COMMAND: GET /session/85842d14400d925143d12204a9eb11ff/screenshot - {}
RESULT: {}
COMMAND: GET /session/85842d14400d925143d12204a9eb11ff/screenshot - {}
RESULT: {}
RESULT: {}
COMMAND: POST /session/85842d14400d925143d12204a9eb11ff/actions - {"actions":[{"id":"action24","type":"key","parameters":{},"actions":[{"type":"keyDown","value":"î€‡"},{"type":"pause","duration":10},{"type":"keyUp","value":"î€‡"}]}]}
RESULT: {"actions":[{"id":"action24","type":"key","parameters":{},"actions":[{"type":"keyDown","value":"î€‡"},{"type":"pause","duration":10},{"type":"keyUp","value":"î€‡"}]}]}
COMMAND: GET /session/85842d14400d925143d12204a9eb11ff/screenshot - {}
RESULT: {}
COMMAND: POST /session/85842d14400d925143d12204a9eb11ff/execute/async - {"script":"<script> [1562 bytes]","args":[{"selector":{"controlType":"sap.ui.core.Icon","viewName":"etm.portal.ui.managerequests.view.NewRequest","properties":{"src":{"regex":{"source":"add"}}}},"wdio_ui5_key":"etmportal.ui.managerequests.view.NewRequestsap.ui.core.Icon{\"src\":{\"regex\":{\"source\":\"add\"}}}"}]}
RESULT: {"script":"<script> [1562 bytes]","args":[{"selector":{"controlType":"sap.ui.core.Icon","viewName":"etm.portal.ui.managerequests.view.NewRequest","properties":{"src":{"regex":{"source":"add"}}}},"wdio_ui5_key":"etmportal.ui.managerequests.view.NewRequestsap.ui.core.Icon{\"src\":{\"regex\":{\"source\":\"add\"}}}"}]}
RESULT: undefined
COMMAND: POST /session/85842d14400d925143d12204a9eb11ff/element - {"using":"xpath","value":"//*[@id=\"__xmlview61--btnAddTableRow-img\"]"}
RESULT: {"using":"xpath","value":"//*[@id=\"__xmlview61--btnAddTableRow-img\"]"}
COMMAND: POST /session/85842d14400d925143d12204a9eb11ff/element/f.F943DB1403663130BF14B631DBCBD046.d.39418FB03837E3E8DE3C174B8D784318.e.5826/click - {}
RESULT: {}
COMMAND: GET /session/85842d14400d925143d12204a9eb11ff/screenshot - {}
RESULT: {}
COMMAND: POST /session/85842d14400d925143d12204a9eb11ff/execute/async - {"script":"<script> [1562 bytes]","args":[{"selector":{"controlType":"sap.ui.unified.MenuItem","viewName":"etm.portal.ui.managerequests.view.NewRequest","i18NText":{"propertyName":"text","key":"standardEntry"},"searchOpenDialogs":true,"interaction":{"idSuffix":"txt"}},"wdio_ui5_key":"etmportal.ui.managerequests.view.NewRequestsap.ui.unified.MenuItem{\"propertyName\":\"text\",\"key\":\"standardEntry\"}"}]}
RESULT: {"script":"<script> [1562 bytes]","args":[{"selector":{"controlType":"sap.ui.unified.MenuItem","viewName":"etm.portal.ui.managerequests.view.NewRequest","i18NText":{"propertyName":"text","key":"standardEntry"},"searchOpenDialogs":true,"interaction":{"idSuffix":"txt"}},"wdio_ui5_key":"etmportal.ui.managerequests.view.NewRequestsap.ui.unified.MenuItem{\"propertyName\":\"text\",\"key\":\"standardEntry\"}"}]}
RESULT: undefined
COMMAND: POST /session/85842d14400d925143d12204a9eb11ff/element - {"using":"xpath","value":"//*[@id=\"__item1947\"]"}
RESULT: {"using":"xpath","value":"//*[@id=\"__item1947\"]"}
COMMAND: POST /session/85842d14400d925143d12204a9eb11ff/element/f.F943DB1403663130BF14B631DBCBD046.d.39418FB03837E3E8DE3C174B8D784318.e.5830/click - {}
RESULT: {}
COMMAND: GET /session/85842d14400d925143d12204a9eb11ff/screenshot - {}
RESULT: {}
RESULT: undefined
COMMAND: POST /session/85842d14400d925143d12204a9eb11ff/element - {"using":"xpath","value":"//*[@id=\"__xmlview61--btnAddTableRow-img\"]"}
RESULT: {"using":"xpath","value":"//*[@id=\"__xmlview61--btnAddTableRow-img\"]"}
COMMAND: POST /session/85842d14400d925143d12204a9eb11ff/element/f.F943DB1403663130BF14B631DBCBD046.d.39418FB03837E3E8DE3C174B8D784318.e.5826/click - {}
RESULT: {}
COMMAND: GET /session/85842d14400d925143d12204a9eb11ff/screenshot - {}
RESULT: {}
RESULT: undefined
COMMAND: POST /session/85842d14400d925143d12204a9eb11ff/element - {"using":"xpath","value":"//*[@id=\"__item1947\"]"}
RESULT: {"using":"xpath","value":"//*[@id=\"__item1947\"]"}
COMMAND: POST /session/85842d14400d925143d12204a9eb11ff/element/f.F943DB1403663130BF14B631DBCBD046.d.39418FB03837E3E8DE3C174B8D784318.e.5842/click - {}
RESULT: {}
COMMAND: GET /session/85842d14400d925143d12204a9eb11ff/screenshot - {}
RESULT: {}
COMMAND: POST /session/85842d14400d925143d12204a9eb11ff/element - {"using":"xpath","value":"(//input[contains(@id ,\"requestItemsTable-0-inner\")])[1]"}
RESULT: {"using":"xpath","value":"(//input[contains(@id ,\"requestItemsTable-0-inner\")])[1]"}
COMMAND: POST /session/85842d14400d925143d12204a9eb11ff/element/f.F943DB1403663130BF14B631DBCBD046.d.39418FB03837E3E8DE3C174B8D784318.e.5832/clear - {}
RESULT: {}
COMMAND: POST /session/85842d14400d925143d12204a9eb11ff/element/f.F943DB1403663130BF14B631DBCBD046.d.39418FB03837E3E8DE3C174B8D784318.e.5832/value - {"text":"catalogItem8026a"}
COMMAND: GET /session/85842d14400d925143d12204a9eb11ff/screenshot - {}
RESULT: {"text":"catalogItem8026a"}
COMMAND: GET /session/85842d14400d925143d12204a9eb11ff/screenshot - {}
RESULT: {}
RESULT: {}
COMMAND: POST /session/85842d14400d925143d12204a9eb11ff/actions - {"actions":[{"id":"action25","type":"key","parameters":{},"actions":[{"type":"keyDown","value":"î€‡"},{"type":"pause","duration":10},{"type":"keyUp","value":"î€‡"}]}]}
RESULT: {"actions":[{"id":"action25","type":"key","parameters":{},"actions":[{"type":"keyDown","value":"î€‡"},{"type":"pause","duration":10},{"type":"keyUp","value":"î€‡"}]}]}
COMMAND: POST /session/85842d14400d925143d12204a9eb11ff/element - {"using":"xpath","value":"(//input[contains(@id ,\"requestItemsTable-1-inner\")])[1]"}
COMMAND: GET /session/85842d14400d925143d12204a9eb11ff/screenshot - {}
RESULT: {"using":"xpath","value":"(//input[contains(@id ,\"requestItemsTable-1-inner\")])[1]"}
COMMAND: POST /session/85842d14400d925143d12204a9eb11ff/element/f.F943DB1403663130BF14B631DBCBD046.d.39418FB03837E3E8DE3C174B8D784318.e.5844/clear - {}
RESULT: {}
RESULT: {}
COMMAND: POST /session/85842d14400d925143d12204a9eb11ff/element/f.F943DB1403663130BF14B631DBCBD046.d.39418FB03837E3E8DE3C174B8D784318.e.5844/value - {"text":"catalogItem8026a"}
COMMAND: GET /session/85842d14400d925143d12204a9eb11ff/screenshot - {}
RESULT: {"text":"catalogItem8026a"}
COMMAND: GET /session/85842d14400d925143d12204a9eb11ff/screenshot - {}
RESULT: {}
RESULT: {}
COMMAND: POST /session/85842d14400d925143d12204a9eb11ff/actions - {"actions":[{"id":"action26","type":"key","parameters":{},"actions":[{"type":"keyDown","value":"î€‡"},{"type":"pause","duration":10},{"type":"keyUp","value":"î€‡"}]}]}
RESULT: {"actions":[{"id":"action26","type":"key","parameters":{},"actions":[{"type":"keyDown","value":"î€‡"},{"type":"pause","duration":10},{"type":"keyUp","value":"î€‡"}]}]}
COMMAND: GET /session/85842d14400d925143d12204a9eb11ff/screenshot - {}
RESULT: {}
COMMAND: POST /session/85842d14400d925143d12204a9eb11ff/execute/async - {"script":"<script> [1562 bytes]","args":[{"selector":{"controlType":"sap.ui.core.Icon","viewName":"etm.portal.ui.managerequests.view.NewRequest","properties":{"src":{"regex":{"source":"slim\\-arrow\\-down"}}},"ancestor":{"controlType":"sap.m.Button","viewName":"etm.portal.ui.managerequests.view.NewRequest","properties":{"icon":"sap-icon://slim-arrow-down"}}},"wdio_ui5_key":"etmportal.ui.managerequests.view.NewRequestsap.ui.core.Icon{\"src\":{\"regex\":{\"source\":\"slim\\\\-arrow\\\\-down\"}}}{\"controlType\":\"sap.m.Button\",\"viewName\":\"etm.portal.ui.managerequests.view.NewRequest\",\"properties\":{\"icon\":\"sap-icon://slim-arrow-down\"}}"}]}
RESULT: {"script":"<script> [1562 bytes]","args":[{"selector":{"controlType":"sap.ui.core.Icon","viewName":"etm.portal.ui.managerequests.view.NewRequest","properties":{"src":{"regex":{"source":"slim\\-arrow\\-down"}}},"ancestor":{"controlType":"sap.m.Button","viewName":"etm.portal.ui.managerequests.view.NewRequest","properties":{"icon":"sap-icon://slim-arrow-down"}}},"wdio_ui5_key":"etmportal.ui.managerequests.view.NewRequestsap.ui.core.Icon{\"src\":{\"regex\":{\"source\":\"slim\\\\-arrow\\\\-down\"}}}{\"controlType\":\"sap.m.Button\",\"viewName\":\"etm.portal.ui.managerequests.view.NewRequest\",\"properties\":{\"icon\":\"sap-icon://slim-arrow-down\"}}"}]}
RESULT: undefined
COMMAND: POST /session/85842d14400d925143d12204a9eb11ff/element - {"using":"xpath","value":"//*[@id=\"__title45-expandBtn-img\"]"}
RESULT: {"using":"xpath","value":"//*[@id=\"__title45-expandBtn-img\"]"}
COMMAND: POST /session/85842d14400d925143d12204a9eb11ff/element/f.F943DB1403663130BF14B631DBCBD046.d.39418FB03837E3E8DE3C174B8D784318.e.5864/click - {}
RESULT: {}
COMMAND: POST /session/85842d14400d925143d12204a9eb11ff/element - {"using":"xpath","value":"//div[contains(@data-kt ,\"splitAllocationObjectStatus\")]"}
COMMAND: GET /session/85842d14400d925143d12204a9eb11ff/screenshot - {}
RESULT: {"using":"xpath","value":"//div[contains(@data-kt ,\"splitAllocationObjectStatus\")]"}
COMMAND: POST /session/85842d14400d925143d12204a9eb11ff/elements - {"using":"xpath","value":"//div[contains(@data-kt ,\"splitAllocationObjectStatus\")]"}
RESULT: {}
RESULT: {"using":"xpath","value":"//div[contains(@data-kt ,\"splitAllocationObjectStatus\")]"}
COMMAND: POST /session/85842d14400d925143d12204a9eb11ff/execute/async - {"script":"<script> [1562 bytes]","args":[{"selector":{"controlType":"sap.ui.core.Icon","viewName":"etm.portal.ui.managerequests.view.NewRequest","properties":{"src":{"regex":{"source":"message\\-error"}}},"ancestor":{"controlType":"sap.m.ColumnListItem","viewName":"etm.portal.ui.managerequests.view.NewRequest","bindingPath":{"modelName":"newRequestItems","path":"/RequestItems/0"},"ancestor":{"id":"requestItemsTable","viewName":"etm.portal.ui.managerequests.view.NewRequest"}}},"wdio_ui5_key":"etmportal.ui.managerequests.view.NewRequestsap.ui.core.Icon{\"src\":{\"regex\":{\"source\":\"message\\\\-error\"}}}{\"controlType\":\"sap.m.ColumnListItem\",\"viewName\":\"etm.portal.ui.managerequests.view.NewRequest\",\"bindingPath\":{\"modelName\":\"newRequestItems\",\"path\":\"/RequestItems/0\"},\"ancestor\":{\"id\":\"requestItemsTable\",\"viewName\":\"etm.portal.ui.managerequests.view.NewRequest\"}}"}]}
RESULT: {"script":"<script> [1562 bytes]","args":[{"selector":{"controlType":"sap.ui.core.Icon","viewName":"etm.portal.ui.managerequests.view.NewRequest","properties":{"src":{"regex":{"source":"message\\-error"}}},"ancestor":{"controlType":"sap.m.ColumnListItem","viewName":"etm.portal.ui.managerequests.view.NewRequest","bindingPath":{"modelName":"newRequestItems","path":"/RequestItems/0"},"ancestor":{"id":"requestItemsTable","viewName":"etm.portal.ui.managerequests.view.NewRequest"}}},"wdio_ui5_key":"etmportal.ui.managerequests.view.NewRequestsap.ui.core.Icon{\"src\":{\"regex\":{\"source\":\"message\\\\-error\"}}}{\"controlType\":\"sap.m.ColumnListItem\",\"viewName\":\"etm.portal.ui.managerequests.view.NewRequest\",\"bindingPath\":{\"modelName\":\"newRequestItems\",\"path\":\"/RequestItems/0\"},\"ancestor\":{\"id\":\"requestItemsTable\",\"viewName\":\"etm.portal.ui.managerequests.view.NewRequest\"}}"}]}
RESULT: undefined
COMMAND: POST /session/85842d14400d925143d12204a9eb11ff/element - {"using":"xpath","value":"//*[@id=\"__status15-__xmlview61--requestItemsTable-0-icon\"]"}
RESULT: {"using":"xpath","value":"//*[@id=\"__status15-__xmlview61--requestItemsTable-0-icon\"]"}
COMMAND: POST /session/85842d14400d925143d12204a9eb11ff/element/f.F943DB1403663130BF14B631DBCBD046.d.39418FB03837E3E8DE3C174B8D784318.e.5870/click - {}
RESULT: {}
COMMAND: GET /session/85842d14400d925143d12204a9eb11ff/screenshot - {}
RESULT: {}
COMMAND: POST /session/85842d14400d925143d12204a9eb11ff/execute/async - {"script":"<script> [1562 bytes]","args":[{"selector":{"id":"costObjectAdminTypeComboBox","viewName":"etm.portal.ui.managerequests.view.NewRequest","searchOpenDialogs":true,"interaction":{"idSuffix":"inner"}},"wdio_ui5_key":"costObjectAdminTypeComboBoxetmportal.ui.managerequests.view.NewRequest"}]}
RESULT: {"script":"<script> [1562 bytes]","args":[{"selector":{"id":"costObjectAdminTypeComboBox","viewName":"etm.portal.ui.managerequests.view.NewRequest","searchOpenDialogs":true,"interaction":{"idSuffix":"inner"}},"wdio_ui5_key":"costObjectAdminTypeComboBoxetmportal.ui.managerequests.view.NewRequest"}]}
RESULT: undefined
COMMAND: POST /session/85842d14400d925143d12204a9eb11ff/execute/async - {"script":"<script> [776 bytes]","args":[{"enterText":"Cost Center","selector":{"id":"costObjectAdminTypeComboBox","viewName":"etm.portal.ui.managerequests.view.NewRequest","searchOpenDialogs":true,"interaction":{"idSuffix":"inner"}},"clearTextFirst":true,"interactionType":"ENTER_TEXT"}]}
RESULT: {"script":"<script> [776 bytes]","args":[{"enterText":"Cost Center","selector":{"id":"costObjectAdminTypeComboBox","viewName":"etm.portal.ui.managerequests.view.NewRequest","searchOpenDialogs":true,"interaction":{"idSuffix":"inner"}},"clearTextFirst":true,"interactionType":"ENTER_TEXT"}]}
COMMAND: POST /session/85842d14400d925143d12204a9eb11ff/actions - {"actions":[{"id":"action27","type":"key","parameters":{},"actions":[{"type":"keyDown","value":"î€‡"},{"type":"pause","duration":10},{"type":"keyUp","value":"î€‡"}]}]}
RESULT: {"actions":[{"id":"action27","type":"key","parameters":{},"actions":[{"type":"keyDown","value":"î€‡"},{"type":"pause","duration":10},{"type":"keyUp","value":"î€‡"}]}]}
COMMAND: GET /session/85842d14400d925143d12204a9eb11ff/screenshot - {}
RESULT: {}
COMMAND: POST /session/85842d14400d925143d12204a9eb11ff/execute/async - {"script":"<script> [1562 bytes]","args":[{"selector":{"controlType":"sap.ui.core.Icon","viewName":"etm.portal.ui.managerequests.view.NewRequest","properties":{"src":{"regex":{"source":"value\\-help"}}},"searchOpenDialogs":true},"wdio_ui5_key":"etmportal.ui.managerequests.view.NewRequestsap.ui.core.Icon{\"src\":{\"regex\":{\"source\":\"value\\\\-help\"}}}"}]}
RESULT: {"script":"<script> [1562 bytes]","args":[{"selector":{"controlType":"sap.ui.core.Icon","viewName":"etm.portal.ui.managerequests.view.NewRequest","properties":{"src":{"regex":{"source":"value\\-help"}}},"searchOpenDialogs":true},"wdio_ui5_key":"etmportal.ui.managerequests.view.NewRequestsap.ui.core.Icon{\"src\":{\"regex\":{\"source\":\"value\\\\-help\"}}}"}]}
RESULT: undefined
COMMAND: POST /session/85842d14400d925143d12204a9eb11ff/element - {"using":"xpath","value":"//*[@id=\"__xmlview61--costObjectIdComboBox-vhi\"]"}
RESULT: {"using":"xpath","value":"//*[@id=\"__xmlview61--costObjectIdComboBox-vhi\"]"}
COMMAND: POST /session/85842d14400d925143d12204a9eb11ff/element/f.F943DB1403663130BF14B631DBCBD046.d.39418FB03837E3E8DE3C174B8D784318.e.5882/click - {}
RESULT: {}
COMMAND: POST /session/85842d14400d925143d12204a9eb11ff/execute/async - {"script":"<script> [1562 bytes]","args":[{"selector":{"controlType":"sap.m.SearchField","properties":{"placeholder":"Search"},"searchOpenDialogs":true,"interaction":{"idSuffix":"I"}},"wdio_ui5_key":"sapm.SearchField{\"placeholder\":\"Search\"}"}]}
COMMAND: GET /session/85842d14400d925143d12204a9eb11ff/screenshot - {}
RESULT: {"script":"<script> [1562 bytes]","args":[{"selector":{"controlType":"sap.m.SearchField","properties":{"placeholder":"Search"},"searchOpenDialogs":true,"interaction":{"idSuffix":"I"}},"wdio_ui5_key":"sapm.SearchField{\"placeholder\":\"Search\"}"}]}
RESULT: undefined
COMMAND: POST /session/85842d14400d925143d12204a9eb11ff/execute/async - {"script":"<script> [776 bytes]","args":[{"enterText":"10001013","selector":{"controlType":"sap.m.SearchField","properties":{"placeholder":"Search"},"searchOpenDialogs":true,"interaction":{"idSuffix":"I"}},"clearTextFirst":true,"interactionType":"ENTER_TEXT"}]}
RESULT: {}
RESULT: {"script":"<script> [776 bytes]","args":[{"enterText":"10001013","selector":{"controlType":"sap.m.SearchField","properties":{"placeholder":"Search"},"searchOpenDialogs":true,"interaction":{"idSuffix":"I"}},"clearTextFirst":true,"interactionType":"ENTER_TEXT"}]}
COMMAND: POST /session/85842d14400d925143d12204a9eb11ff/actions - {"actions":[{"id":"action28","type":"key","parameters":{},"actions":[{"type":"keyDown","value":"î€‡"},{"type":"pause","duration":10},{"type":"keyUp","value":"î€‡"}]}]}
RESULT: {"actions":[{"id":"action28","type":"key","parameters":{},"actions":[{"type":"keyDown","value":"î€‡"},{"type":"pause","duration":10},{"type":"keyUp","value":"î€‡"}]}]}
COMMAND: GET /session/85842d14400d925143d12204a9eb11ff/screenshot - {}
RESULT: {}
COMMAND: POST /session/85842d14400d925143d12204a9eb11ff/element - {"using":"xpath","value":"//span[contains(text(), \"General Management\")]"}
RESULT: {"using":"xpath","value":"//span[contains(text(), \"General Management\")]"}
COMMAND: POST /session/85842d14400d925143d12204a9eb11ff/element/f.F943DB1403663130BF14B631DBCBD046.d.39418FB03837E3E8DE3C174B8D784318.e.5921/click - {}
RESULT: {}
COMMAND: GET /session/85842d14400d925143d12204a9eb11ff/screenshot - {}
RESULT: {}
COMMAND: POST /session/85842d14400d925143d12204a9eb11ff/element - {"using":"xpath","value":"//bdi[contains(text(), \"OK\")]"}
RESULT: {"using":"xpath","value":"//bdi[contains(text(), \"OK\")]"}
COMMAND: POST /session/85842d14400d925143d12204a9eb11ff/element/f.F943DB1403663130BF14B631DBCBD046.d.39418FB03837E3E8DE3C174B8D784318.e.5922/click - {}
RESULT: {}
COMMAND: GET /session/85842d14400d925143d12204a9eb11ff/screenshot - {}
RESULT: {}
COMMAND: POST /session/85842d14400d925143d12204a9eb11ff/element - {"using":"xpath","value":"(//bdi[contains(@id ,\"BDI-content\")][contains(text(), \"Save\")])[1]"}
RESULT: {"using":"xpath","value":"(//bdi[contains(@id ,\"BDI-content\")][contains(text(), \"Save\")])[1]"}
COMMAND: POST /session/85842d14400d925143d12204a9eb11ff/element/f.F943DB1403663130BF14B631DBCBD046.d.39418FB03837E3E8DE3C174B8D784318.e.5926/click - {}
RESULT: {}
COMMAND: GET /session/85842d14400d925143d12204a9eb11ff/screenshot - {}
RESULT: {}
COMMAND: POST /session/85842d14400d925143d12204a9eb11ff/execute/async - {"script":"<script> [1562 bytes]","args":[{"selector":{"controlType":"sap.ui.core.Icon","viewName":"etm.portal.ui.managerequests.view.NewRequest","properties":{"src":{"regex":{"source":"message\\-error"}}},"ancestor":{"controlType":"sap.m.ColumnListItem","viewName":"etm.portal.ui.managerequests.view.NewRequest","bindingPath":{"modelName":"newRequestItems","path":"/RequestItems/1"},"ancestor":{"id":"requestItemsTable","viewName":"etm.portal.ui.managerequests.view.NewRequest"}}},"wdio_ui5_key":"etmportal.ui.managerequests.view.NewRequestsap.ui.core.Icon{\"src\":{\"regex\":{\"source\":\"message\\\\-error\"}}}{\"controlType\":\"sap.m.ColumnListItem\",\"viewName\":\"etm.portal.ui.managerequests.view.NewRequest\",\"bindingPath\":{\"modelName\":\"newRequestItems\",\"path\":\"/RequestItems/1\"},\"ancestor\":{\"id\":\"requestItemsTable\",\"viewName\":\"etm.portal.ui.managerequests.view.NewRequest\"}}"}]}
RESULT: {"script":"<script> [1562 bytes]","args":[{"selector":{"controlType":"sap.ui.core.Icon","viewName":"etm.portal.ui.managerequests.view.NewRequest","properties":{"src":{"regex":{"source":"message\\-error"}}},"ancestor":{"controlType":"sap.m.ColumnListItem","viewName":"etm.portal.ui.managerequests.view.NewRequest","bindingPath":{"modelName":"newRequestItems","path":"/RequestItems/1"},"ancestor":{"id":"requestItemsTable","viewName":"etm.portal.ui.managerequests.view.NewRequest"}}},"wdio_ui5_key":"etmportal.ui.managerequests.view.NewRequestsap.ui.core.Icon{\"src\":{\"regex\":{\"source\":\"message\\\\-error\"}}}{\"controlType\":\"sap.m.ColumnListItem\",\"viewName\":\"etm.portal.ui.managerequests.view.NewRequest\",\"bindingPath\":{\"modelName\":\"newRequestItems\",\"path\":\"/RequestItems/1\"},\"ancestor\":{\"id\":\"requestItemsTable\",\"viewName\":\"etm.portal.ui.managerequests.view.NewRequest\"}}"}]}
RESULT: undefined
COMMAND: POST /session/85842d14400d925143d12204a9eb11ff/element - {"using":"xpath","value":"//*[@id=\"__status15-__xmlview61--requestItemsTable-1-icon\"]"}
RESULT: {"using":"xpath","value":"//*[@id=\"__status15-__xmlview61--requestItemsTable-1-icon\"]"}
COMMAND: POST /session/85842d14400d925143d12204a9eb11ff/element/f.F943DB1403663130BF14B631DBCBD046.d.39418FB03837E3E8DE3C174B8D784318.e.5929/click - {}
RESULT: {}
COMMAND: GET /session/85842d14400d925143d12204a9eb11ff/screenshot - {}
RESULT: {}
RESULT: undefined
COMMAND: POST /session/85842d14400d925143d12204a9eb11ff/execute/async - {"script":"<script> [776 bytes]","args":[{"enterText":"Cost Center","selector":{"id":"costObjectAdminTypeComboBox","viewName":"etm.portal.ui.managerequests.view.NewRequest","searchOpenDialogs":true,"interaction":{"idSuffix":"inner"}},"clearTextFirst":true,"interactionType":"ENTER_TEXT"}]}
RESULT: {"script":"<script> [776 bytes]","args":[{"enterText":"Cost Center","selector":{"id":"costObjectAdminTypeComboBox","viewName":"etm.portal.ui.managerequests.view.NewRequest","searchOpenDialogs":true,"interaction":{"idSuffix":"inner"}},"clearTextFirst":true,"interactionType":"ENTER_TEXT"}]}
COMMAND: POST /session/85842d14400d925143d12204a9eb11ff/actions - {"actions":[{"id":"action29","type":"key","parameters":{},"actions":[{"type":"keyDown","value":"î€‡"},{"type":"pause","duration":10},{"type":"keyUp","value":"î€‡"}]}]}
RESULT: {"actions":[{"id":"action29","type":"key","parameters":{},"actions":[{"type":"keyDown","value":"î€‡"},{"type":"pause","duration":10},{"type":"keyUp","value":"î€‡"}]}]}
COMMAND: GET /session/85842d14400d925143d12204a9eb11ff/screenshot - {}
RESULT: {}
RESULT: undefined
COMMAND: POST /session/85842d14400d925143d12204a9eb11ff/element - {"using":"xpath","value":"//*[@id=\"__xmlview61--costObjectIdComboBox-vhi\"]"}
RESULT: {"using":"xpath","value":"//*[@id=\"__xmlview61--costObjectIdComboBox-vhi\"]"}
COMMAND: POST /session/85842d14400d925143d12204a9eb11ff/element/f.F943DB1403663130BF14B631DBCBD046.d.39418FB03837E3E8DE3C174B8D784318.e.5939/click - {}
RESULT: {}
RESULT: undefined
COMMAND: POST /session/85842d14400d925143d12204a9eb11ff/execute/async - {"script":"<script> [776 bytes]","args":[{"enterText":"10001013","selector":{"controlType":"sap.m.SearchField","properties":{"placeholder":"Search"},"searchOpenDialogs":true,"interaction":{"idSuffix":"I"}},"clearTextFirst":true,"interactionType":"ENTER_TEXT"}]}
COMMAND: GET /session/85842d14400d925143d12204a9eb11ff/screenshot - {}
RESULT: {"script":"<script> [776 bytes]","args":[{"enterText":"10001013","selector":{"controlType":"sap.m.SearchField","properties":{"placeholder":"Search"},"searchOpenDialogs":true,"interaction":{"idSuffix":"I"}},"clearTextFirst":true,"interactionType":"ENTER_TEXT"}]}
COMMAND: POST /session/85842d14400d925143d12204a9eb11ff/actions - {"actions":[{"id":"action30","type":"key","parameters":{},"actions":[{"type":"keyDown","value":"î€‡"},{"type":"pause","duration":10},{"type":"keyUp","value":"î€‡"}]}]}
RESULT: {}
RESULT: {"actions":[{"id":"action30","type":"key","parameters":{},"actions":[{"type":"keyDown","value":"î€‡"},{"type":"pause","duration":10},{"type":"keyUp","value":"î€‡"}]}]}
COMMAND: GET /session/85842d14400d925143d12204a9eb11ff/screenshot - {}
RESULT: {}
COMMAND: POST /session/85842d14400d925143d12204a9eb11ff/element - {"using":"xpath","value":"//span[contains(text(), \"General Management\")]"}
RESULT: {"using":"xpath","value":"//span[contains(text(), \"General Management\")]"}
COMMAND: POST /session/85842d14400d925143d12204a9eb11ff/element/f.F943DB1403663130BF14B631DBCBD046.d.39418FB03837E3E8DE3C174B8D784318.e.5978/click - {}
RESULT: {}
COMMAND: GET /session/85842d14400d925143d12204a9eb11ff/screenshot - {}
RESULT: {}
COMMAND: POST /session/85842d14400d925143d12204a9eb11ff/element - {"using":"xpath","value":"//bdi[contains(text(), \"OK\")]"}
RESULT: {"using":"xpath","value":"//bdi[contains(text(), \"OK\")]"}
COMMAND: POST /session/85842d14400d925143d12204a9eb11ff/element/f.F943DB1403663130BF14B631DBCBD046.d.39418FB03837E3E8DE3C174B8D784318.e.5979/click - {}
RESULT: {}
COMMAND: GET /session/85842d14400d925143d12204a9eb11ff/screenshot - {}
RESULT: {}
COMMAND: POST /session/85842d14400d925143d12204a9eb11ff/element - {"using":"xpath","value":"(//bdi[contains(@id ,\"BDI-content\")][contains(text(), \"Save\")])[1]"}
RESULT: {"using":"xpath","value":"(//bdi[contains(@id ,\"BDI-content\")][contains(text(), \"Save\")])[1]"}
COMMAND: POST /session/85842d14400d925143d12204a9eb11ff/element/f.F943DB1403663130BF14B631DBCBD046.d.39418FB03837E3E8DE3C174B8D784318.e.5983/click - {}
RESULT: {}
COMMAND: GET /session/85842d14400d925143d12204a9eb11ff/screenshot - {}
RESULT: {}
COMMAND: POST /session/85842d14400d925143d12204a9eb11ff/execute/async - {"script":"<script> [1562 bytes]","args":[{"selector":{"controlType":"sap.m.Button","viewName":"etm.portal.ui.managerequests.view.NewRequest","i18NText":{"propertyName":"tooltip","key":"save"},"interaction":{"idSuffix":"content"}},"wdio_ui5_key":"etmportal.ui.managerequests.view.NewRequestsap.m.Button{\"propertyName\":\"tooltip\",\"key\":\"save\"}"}]}
RESULT: {"script":"<script> [1562 bytes]","args":[{"selector":{"controlType":"sap.m.Button","viewName":"etm.portal.ui.managerequests.view.NewRequest","i18NText":{"propertyName":"tooltip","key":"save"},"interaction":{"idSuffix":"content"}},"wdio_ui5_key":"etmportal.ui.managerequests.view.NewRequestsap.m.Button{\"propertyName\":\"tooltip\",\"key\":\"save\"}"}]}
RESULT: undefined
COMMAND: POST /session/85842d14400d925143d12204a9eb11ff/element - {"using":"xpath","value":"//*[@id=\"__button101\"]"}
RESULT: {"using":"xpath","value":"//*[@id=\"__button101\"]"}
COMMAND: POST /session/85842d14400d925143d12204a9eb11ff/element/f.F943DB1403663130BF14B631DBCBD046.d.39418FB03837E3E8DE3C174B8D784318.e.5718/click - {}
RESULT: {}
COMMAND: GET /session/85842d14400d925143d12204a9eb11ff/screenshot - {}
RESULT: {}
COMMAND: POST /session/85842d14400d925143d12204a9eb11ff/execute/async - {"script":"<script> [1562 bytes]","args":[{"selector":{"controlType":"sap.m.Title","properties":{"text":"Success"},"searchOpenDialogs":true},"wdio_ui5_key":"sapm.Title{\"text\":\"Success\"}"}]}
RESULT: {"script":"<script> [1562 bytes]","args":[{"selector":{"controlType":"sap.m.Title","properties":{"text":"Success"},"searchOpenDialogs":true},"wdio_ui5_key":"sapm.Title{\"text\":\"Success\"}"}]}
RESULT: undefined
COMMAND: POST /session/85842d14400d925143d12204a9eb11ff/execute/async - {"script":"<script> [6424 bytes]","args":[{"element-6066-11e4-a52e-4f735466cecf":"f.F943DB1403663130BF14B631DBCBD046.d.39418FB03837E3E8DE3C174B8D784318.e.5989"},"getText",[]]}
RESULT: {"script":"<script> [6424 bytes]","args":[{"element-6066-11e4-a52e-4f735466cecf":"f.F943DB1403663130BF14B631DBCBD046.d.39418FB03837E3E8DE3C174B8D784318.e.5989"},"getText",[]]}
COMMAND: POST /session/85842d14400d925143d12204a9eb11ff/execute/async - {"script":"<script> [1562 bytes]","args":[{"selector":{"controlType":"sap.m.Button","properties":{"text":"Close"},"searchOpenDialogs":true,"interaction":{"idSuffix":"BDI-content"}},"wdio_ui5_key":"sapm.Button{\"text\":\"Close\"}"}]}
RESULT: {"script":"<script> [1562 bytes]","args":[{"selector":{"controlType":"sap.m.Button","properties":{"text":"Close"},"searchOpenDialogs":true,"interaction":{"idSuffix":"BDI-content"}},"wdio_ui5_key":"sapm.Button{\"text\":\"Close\"}"}]}
RESULT: undefined
COMMAND: POST /session/85842d14400d925143d12204a9eb11ff/element - {"using":"xpath","value":"//*[@id=\"__mbox-btn-4\"]"}
RESULT: {"using":"xpath","value":"//*[@id=\"__mbox-btn-4\"]"}
COMMAND: POST /session/85842d14400d925143d12204a9eb11ff/element/f.F943DB1403663130BF14B631DBCBD046.d.39418FB03837E3E8DE3C174B8D784318.e.5988/click - {}
RESULT: {}
COMMAND: GET /session/85842d14400d925143d12204a9eb11ff/screenshot - {}
RESULT: {}
COMMAND: POST /session/85842d14400d925143d12204a9eb11ff/execute/async - {"script":"<script> [1562 bytes]","args":[{"selector":{"controlType":"sap.m.Text","viewName":"etm.portal.ui.managerequests.view.Detail","bindingPath":{"propertyPath":"NO","modelName":"catalogModel"}},"wdio_ui5_key":"etmportal.ui.managerequests.view.Detailsap.m.Text{\"propertyPath\":\"NO\",\"modelName\":\"catalogModel\"}"}]}
RESULT: {"script":"<script> [1562 bytes]","args":[{"selector":{"controlType":"sap.m.Text","viewName":"etm.portal.ui.managerequests.view.Detail","bindingPath":{"propertyPath":"NO","modelName":"catalogModel"}},"wdio_ui5_key":"etmportal.ui.managerequests.view.Detailsap.m.Text{\"propertyPath\":\"NO\",\"modelName\":\"catalogModel\"}"}]}
RESULT: undefined
COMMAND: POST /session/85842d14400d925143d12204a9eb11ff/execute/async - {"script":"<script> [6424 bytes]","args":[{"element-6066-11e4-a52e-4f735466cecf":"f.F943DB1403663130BF14B631DBCBD046.d.39418FB03837E3E8DE3C174B8D784318.e.6120"},"getText",[]]}
RESULT: {"script":"<script> [6424 bytes]","args":[{"element-6066-11e4-a52e-4f735466cecf":"f.F943DB1403663130BF14B631DBCBD046.d.39418FB03837E3E8DE3C174B8D784318.e.6120"},"getText",[]]}
COMMAND: POST /session/85842d14400d925143d12204a9eb11ff/execute/async - {"script":"<script> [1562 bytes]","args":[{"selector":{"controlType":"sap.ui.core.Icon","viewName":"etm.portal.ui.managerequests.view.Detail","properties":{"src":{"regex":{"source":"date\\-time"}}},"ancestor":{"controlType":"sap.m.ColumnListItem","viewName":"etm.portal.ui.managerequests.view.Detail","bindingPath":{"path":"/SmartRequestItemsPlanningBoard(ITEM=10m,REQUEST='20157')"},"ancestor":{"id":"requestItemsTable","viewName":"etm.portal.ui.managerequests.view.Detail"}}},"wdio_ui5_key":"etmportal.ui.managerequests.view.Detailsap.ui.core.Icon{\"src\":{\"regex\":{\"source\":\"date\\\\-time\"}}}{\"controlType\":\"sap.m.ColumnListItem\",\"viewName\":\"etm.portal.ui.managerequests.view.Detail\",\"bindingPath\":{\"path\":\"/SmartRequestItemsPlanningBoard(ITEM=10m,REQUEST='20157')\"},\"ancestor\":{\"id\":\"requestItemsTable\",\"viewName\":\"etm.portal.ui.managerequests.view.Detail\"}}"}]}
RESULT: {"script":"<script> [1562 bytes]","args":[{"selector":{"controlType":"sap.ui.core.Icon","viewName":"etm.portal.ui.managerequests.view.Detail","properties":{"src":{"regex":{"source":"date\\-time"}}},"ancestor":{"controlType":"sap.m.ColumnListItem","viewName":"etm.portal.ui.managerequests.view.Detail","bindingPath":{"path":"/SmartRequestItemsPlanningBoard(ITEM=10m,REQUEST='20157')"},"ancestor":{"id":"requestItemsTable","viewName":"etm.portal.ui.managerequests.view.Detail"}}},"wdio_ui5_key":"etmportal.ui.managerequests.view.Detailsap.ui.core.Icon{\"src\":{\"regex\":{\"source\":\"date\\\\-time\"}}}{\"controlType\":\"sap.m.ColumnListItem\",\"viewName\":\"etm.portal.ui.managerequests.view.Detail\",\"bindingPath\":{\"path\":\"/SmartRequestItemsPlanningBoard(ITEM=10m,REQUEST='20157')\"},\"ancestor\":{\"id\":\"requestItemsTable\",\"viewName\":\"etm.portal.ui.managerequests.view.Detail\"}}"}]}
RESULT: undefined
COMMAND: POST /session/85842d14400d925143d12204a9eb11ff/element - {"using":"xpath","value":"//*[@id=\"__button129-__clone7543-img\"]"}
RESULT: {"using":"xpath","value":"//*[@id=\"__button129-__clone7543-img\"]"}
COMMAND: POST /session/85842d14400d925143d12204a9eb11ff/element/f.F943DB1403663130BF14B631DBCBD046.d.39418FB03837E3E8DE3C174B8D784318.e.6121/click - {}
RESULT: {}
COMMAND: POST /session/85842d14400d925143d12204a9eb11ff/execute/async - {"script":"<script> [1562 bytes]","args":[{"selector":{"controlType":"sap.m.Button","viewName":"etm.portal.ui.managerequests.view.Detail","properties":{"text":"Close"},"searchOpenDialogs":true,"interaction":{"idSuffix":"BDI-content"}},"wdio_ui5_key":"etmportal.ui.managerequests.view.Detailsap.m.Button{\"text\":\"Close\"}"}]}
COMMAND: GET /session/85842d14400d925143d12204a9eb11ff/screenshot - {}
RESULT: {"script":"<script> [1562 bytes]","args":[{"selector":{"controlType":"sap.m.Button","viewName":"etm.portal.ui.managerequests.view.Detail","properties":{"text":"Close"},"searchOpenDialogs":true,"interaction":{"idSuffix":"BDI-content"}},"wdio_ui5_key":"etmportal.ui.managerequests.view.Detailsap.m.Button{\"text\":\"Close\"}"}]}
RESULT: undefined
COMMAND: POST /session/85842d14400d925143d12204a9eb11ff/element - {"using":"xpath","value":"//*[@id=\"__button137\"]"}
RESULT: {}
RESULT: {"using":"xpath","value":"//*[@id=\"__button137\"]"}
COMMAND: POST /session/85842d14400d925143d12204a9eb11ff/element/f.F943DB1403663130BF14B631DBCBD046.d.39418FB03837E3E8DE3C174B8D784318.e.6124/click - {}
RESULT: {}
COMMAND: POST /session/85842d14400d925143d12204a9eb11ff/execute/async - {"script":"<script> [1562 bytes]","args":[{"selector":{"controlType":"sap.ui.core.Icon","viewName":"etm.portal.ui.managerequests.view.Detail","properties":{"src":{"regex":{"source":"date\\-time"}}},"ancestor":{"controlType":"sap.m.ColumnListItem","viewName":"etm.portal.ui.managerequests.view.Detail","bindingPath":{"path":"/SmartRequestItemsPlanningBoard(ITEM=20m,REQUEST='20157')"},"ancestor":{"id":"requestItemsTable","viewName":"etm.portal.ui.managerequests.view.Detail"}}},"wdio_ui5_key":"etmportal.ui.managerequests.view.Detailsap.ui.core.Icon{\"src\":{\"regex\":{\"source\":\"date\\\\-time\"}}}{\"controlType\":\"sap.m.ColumnListItem\",\"viewName\":\"etm.portal.ui.managerequests.view.Detail\",\"bindingPath\":{\"path\":\"/SmartRequestItemsPlanningBoard(ITEM=20m,REQUEST='20157')\"},\"ancestor\":{\"id\":\"requestItemsTable\",\"viewName\":\"etm.portal.ui.managerequests.view.Detail\"}}"}]}
COMMAND: GET /session/85842d14400d925143d12204a9eb11ff/screenshot - {}
RESULT: {"script":"<script> [1562 bytes]","args":[{"selector":{"controlType":"sap.ui.core.Icon","viewName":"etm.portal.ui.managerequests.view.Detail","properties":{"src":{"regex":{"source":"date\\-time"}}},"ancestor":{"controlType":"sap.m.ColumnListItem","viewName":"etm.portal.ui.managerequests.view.Detail","bindingPath":{"path":"/SmartRequestItemsPlanningBoard(ITEM=20m,REQUEST='20157')"},"ancestor":{"id":"requestItemsTable","viewName":"etm.portal.ui.managerequests.view.Detail"}}},"wdio_ui5_key":"etmportal.ui.managerequests.view.Detailsap.ui.core.Icon{\"src\":{\"regex\":{\"source\":\"date\\\\-time\"}}}{\"controlType\":\"sap.m.ColumnListItem\",\"viewName\":\"etm.portal.ui.managerequests.view.Detail\",\"bindingPath\":{\"path\":\"/SmartRequestItemsPlanningBoard(ITEM=20m,REQUEST='20157')\"},\"ancestor\":{\"id\":\"requestItemsTable\",\"viewName\":\"etm.portal.ui.managerequests.view.Detail\"}}"}]}
RESULT: undefined
COMMAND: POST /session/85842d14400d925143d12204a9eb11ff/element - {"using":"xpath","value":"//*[@id=\"__button129-__clone7544-img\"]"}
RESULT: {}
RESULT: {"using":"xpath","value":"//*[@id=\"__button129-__clone7544-img\"]"}
COMMAND: POST /session/85842d14400d925143d12204a9eb11ff/element/f.F943DB1403663130BF14B631DBCBD046.d.39418FB03837E3E8DE3C174B8D784318.e.6131/click - {}
RESULT: {}
RESULT: undefined
COMMAND: POST /session/85842d14400d925143d12204a9eb11ff/element - {"using":"xpath","value":"//*[@id=\"__button137\"]"}
COMMAND: GET /session/85842d14400d925143d12204a9eb11ff/screenshot - {}
RESULT: {"using":"xpath","value":"//*[@id=\"__button137\"]"}
COMMAND: POST /session/85842d14400d925143d12204a9eb11ff/elements - {"using":"xpath","value":"//*[@id=\"__button137\"]"}
RESULT: {}
RESULT: {"using":"xpath","value":"//*[@id=\"__button137\"]"}
COMMAND: POST /session/85842d14400d925143d12204a9eb11ff/elements - {"using":"xpath","value":"//*[@id=\"__button137\"]"}
RESULT: {"using":"xpath","value":"//*[@id=\"__button137\"]"}
COMMAND: POST /session/85842d14400d925143d12204a9eb11ff/element - {"using":"xpath","value":"//*[@id=\"__button137\"]"}
RESULT: {"using":"xpath","value":"//*[@id=\"__button137\"]"}
COMMAND: POST /session/85842d14400d925143d12204a9eb11ff/element/f.F943DB1403663130BF14B631DBCBD046.d.39418FB03837E3E8DE3C174B8D784318.e.6137/click - {}
RESULT: {}
COMMAND: POST /session/85842d14400d925143d12204a9eb11ff/element - {"using":"css selector","value":"#shell-header-logo"}
COMMAND: GET /session/85842d14400d925143d12204a9eb11ff/screenshot - {}
RESULT: {"using":"css selector","value":"#shell-header-logo"}
COMMAND: POST /session/85842d14400d925143d12204a9eb11ff/element/f.F943DB1403663130BF14B631DBCBD046.d.39418FB03837E3E8DE3C174B8D784318.e.5441/click - {}
RESULT: {}
RESULT: {}
COMMAND: GET /session/85842d14400d925143d12204a9eb11ff/screenshot - {}
RESULT: {}
]]></system-out>
    </testcase>
    <testcase classname="chrome.136_0_7103_93.windows.Standard_contract_-_add_contract_items_by_Insert_Request_US118222" name="Should insert the request into the contract" time="57.669">
      <system-out><![CDATA[
RESULT: undefined
COMMAND: POST /session/85842d14400d925143d12204a9eb11ff/element - {"using":"xpath","value":"//*[@id=\"__tile130\"]"}
RESULT: {"using":"xpath","value":"//*[@id=\"__tile130\"]"}
COMMAND: POST /session/85842d14400d925143d12204a9eb11ff/element/f.F943DB1403663130BF14B631DBCBD046.d.39418FB03837E3E8DE3C174B8D784318.e.5036/click - {}
RESULT: {}
COMMAND: GET /session/85842d14400d925143d12204a9eb11ff/screenshot - {}
RESULT: {}
COMMAND: POST /session/85842d14400d925143d12204a9eb11ff/elements - {"using":"xpath","value":"//span[text()='Error']"}
RESULT: {"using":"xpath","value":"//span[text()='Error']"}
COMMAND: POST /session/85842d14400d925143d12204a9eb11ff/execute/async - {"script":"<script> [1562 bytes]","args":[{"selector":{"controlType":"sap.m.SearchField","viewName":"etm.portal.ui.managecontracts.view.Master","bindingPath":{"path":"","propertyPath":"/_BASIC_SEARCH_FIELD","modelName":"fi1t3rM0d31"},"interaction":{"idSuffix":"I"}},"wdio_ui5_key":"etmportal.ui.managecontracts.view.Mastersap.m.SearchField{\"path\":\"\",\"propertyPath\":\"/_BASIC_SEARCH_FIELD\",\"modelName\":\"fi1t3rM0d31\"}"}]}
RESULT: {"script":"<script> [1562 bytes]","args":[{"selector":{"controlType":"sap.m.SearchField","viewName":"etm.portal.ui.managecontracts.view.Master","bindingPath":{"path":"","propertyPath":"/_BASIC_SEARCH_FIELD","modelName":"fi1t3rM0d31"},"interaction":{"idSuffix":"I"}},"wdio_ui5_key":"etmportal.ui.managecontracts.view.Mastersap.m.SearchField{\"path\":\"\",\"propertyPath\":\"/_BASIC_SEARCH_FIELD\",\"modelName\":\"fi1t3rM0d31\"}"}]}
RESULT: undefined
COMMAND: POST /session/85842d14400d925143d12204a9eb11ff/execute/async - {"script":"<script> [776 bytes]","args":[{"enterText":"10365","selector":{"controlType":"sap.m.SearchField","viewName":"etm.portal.ui.managecontracts.view.Master","bindingPath":{"path":"","propertyPath":"/_BASIC_SEARCH_FIELD","modelName":"fi1t3rM0d31"},"interaction":{"idSuffix":"I"}},"clearTextFirst":true,"interactionType":"ENTER_TEXT"}]}
RESULT: {"script":"<script> [776 bytes]","args":[{"enterText":"10365","selector":{"controlType":"sap.m.SearchField","viewName":"etm.portal.ui.managecontracts.view.Master","bindingPath":{"path":"","propertyPath":"/_BASIC_SEARCH_FIELD","modelName":"fi1t3rM0d31"},"interaction":{"idSuffix":"I"}},"clearTextFirst":true,"interactionType":"ENTER_TEXT"}]}
COMMAND: POST /session/85842d14400d925143d12204a9eb11ff/actions - {"actions":[{"id":"action31","type":"key","parameters":{},"actions":[{"type":"keyDown","value":"î€‡"},{"type":"pause","duration":10},{"type":"keyUp","value":"î€‡"}]}]}
RESULT: {"actions":[{"id":"action31","type":"key","parameters":{},"actions":[{"type":"keyDown","value":"î€‡"},{"type":"pause","duration":10},{"type":"keyUp","value":"î€‡"}]}]}
COMMAND: GET /session/85842d14400d925143d12204a9eb11ff/screenshot - {}
RESULT: {}
COMMAND: POST /session/85842d14400d925143d12204a9eb11ff/execute/async - {"script":"<script> [1562 bytes]","args":[{"selector":{"controlType":"sap.ui.core.Icon","viewName":"etm.portal.ui.managecontracts.view.Master","properties":{"src":{"regex":{"source":"slim\\-arrow\\-right"}}}},"wdio_ui5_key":"etmportal.ui.managecontracts.view.Mastersap.ui.core.Icon{\"src\":{\"regex\":{\"source\":\"slim\\\\-arrow\\\\-right\"}}}"}]}
RESULT: {"script":"<script> [1562 bytes]","args":[{"selector":{"controlType":"sap.ui.core.Icon","viewName":"etm.portal.ui.managecontracts.view.Master","properties":{"src":{"regex":{"source":"slim\\-arrow\\-right"}}}},"wdio_ui5_key":"etmportal.ui.managecontracts.view.Mastersap.ui.core.Icon{\"src\":{\"regex\":{\"source\":\"slim\\\\-arrow\\\\-right\"}}}"}]}
RESULT: undefined
COMMAND: POST /session/85842d14400d925143d12204a9eb11ff/element - {"using":"xpath","value":"//*[@id=\"__item2228-__clone7654-imgNav\"]"}
RESULT: {"using":"xpath","value":"//*[@id=\"__item2228-__clone7654-imgNav\"]"}
COMMAND: POST /session/85842d14400d925143d12204a9eb11ff/element/f.F943DB1403663130BF14B631DBCBD046.d.39418FB03837E3E8DE3C174B8D784318.e.6255/click - {}
RESULT: {}
COMMAND: POST /session/85842d14400d925143d12204a9eb11ff/execute/async - {"script":"<script> [1562 bytes]","args":[{"selector":{"id":"addRequestItemBtn","viewName":"etm.portal.ui.managecontracts.view.Detail","interaction":{"idSuffix":"BDI-content"}},"wdio_ui5_key":"addRequestItemBtnetmportal.ui.managecontracts.view.Detail"}]}
COMMAND: GET /session/85842d14400d925143d12204a9eb11ff/screenshot - {}
RESULT: {"script":"<script> [1562 bytes]","args":[{"selector":{"id":"addRequestItemBtn","viewName":"etm.portal.ui.managecontracts.view.Detail","interaction":{"idSuffix":"BDI-content"}},"wdio_ui5_key":"addRequestItemBtnetmportal.ui.managecontracts.view.Detail"}]}
RESULT: undefined
COMMAND: POST /session/85842d14400d925143d12204a9eb11ff/element - {"using":"xpath","value":"//*[@id=\"__xmlview64--addRequestItemBtn\"]"}
RESULT: {}
RESULT: {"using":"xpath","value":"//*[@id=\"__xmlview64--addRequestItemBtn\"]"}
COMMAND: POST /session/85842d14400d925143d12204a9eb11ff/element/f.F943DB1403663130BF14B631DBCBD046.d.39418FB03837E3E8DE3C174B8D784318.e.6325/click - {}
RESULT: {}
COMMAND: GET /session/85842d14400d925143d12204a9eb11ff/screenshot - {}
RESULT: {}
COMMAND: POST /session/85842d14400d925143d12204a9eb11ff/element - {"using":"xpath","value":"//div[contains(@id ,\"popupRequestTable-sa-CbBg\")]"}
RESULT: {"using":"xpath","value":"//div[contains(@id ,\"popupRequestTable-sa-CbBg\")]"}
COMMAND: POST /session/85842d14400d925143d12204a9eb11ff/element/f.F943DB1403663130BF14B631DBCBD046.d.39418FB03837E3E8DE3C174B8D784318.e.6444/click - {}
RESULT: {}
COMMAND: GET /session/85842d14400d925143d12204a9eb11ff/screenshot - {}
RESULT: {}
COMMAND: POST /session/85842d14400d925143d12204a9eb11ff/execute/async - {"script":"<script> [1562 bytes]","args":[{"selector":{"controlType":"sap.m.Button","viewName":"etm.portal.ui.managecontracts.view.Detail","i18NText":{"propertyName":"text","key":"selectionDone"},"searchOpenDialogs":true,"interaction":{"idSuffix":"BDI-content"}},"wdio_ui5_key":"etmportal.ui.managecontracts.view.Detailsap.m.Button{\"propertyName\":\"text\",\"key\":\"selectionDone\"}"}]}
RESULT: {"script":"<script> [1562 bytes]","args":[{"selector":{"controlType":"sap.m.Button","viewName":"etm.portal.ui.managecontracts.view.Detail","i18NText":{"propertyName":"text","key":"selectionDone"},"searchOpenDialogs":true,"interaction":{"idSuffix":"BDI-content"}},"wdio_ui5_key":"etmportal.ui.managecontracts.view.Detailsap.m.Button{\"propertyName\":\"text\",\"key\":\"selectionDone\"}"}]}
RESULT: undefined
COMMAND: POST /session/85842d14400d925143d12204a9eb11ff/element - {"using":"xpath","value":"//*[@id=\"__button148\"]"}
RESULT: {"using":"xpath","value":"//*[@id=\"__button148\"]"}
COMMAND: POST /session/85842d14400d925143d12204a9eb11ff/element/f.F943DB1403663130BF14B631DBCBD046.d.39418FB03837E3E8DE3C174B8D784318.e.6447/click - {}
RESULT: {}
COMMAND: POST /session/85842d14400d925143d12204a9eb11ff/execute/async - {"script":"<script> [1562 bytes]","args":[{"selector":{"controlType":"sap.m.Text","properties":{"text":"Started processing request items into the contract."},"searchOpenDialogs":true},"wdio_ui5_key":"sapm.Text{\"text\":\"Started processing request items into the contract.\"}"}]}
COMMAND: GET /session/85842d14400d925143d12204a9eb11ff/screenshot - {}
RESULT: {"script":"<script> [1562 bytes]","args":[{"selector":{"controlType":"sap.m.Text","properties":{"text":"Started processing request items into the contract."},"searchOpenDialogs":true},"wdio_ui5_key":"sapm.Text{\"text\":\"Started processing request items into the contract.\"}"}]}
RESULT: undefined
COMMAND: POST /session/85842d14400d925143d12204a9eb11ff/execute/async - {"script":"<script> [6424 bytes]","args":[{"element-6066-11e4-a52e-4f735466cecf":"f.F943DB1403663130BF14B631DBCBD046.d.39418FB03837E3E8DE3C174B8D784318.e.6449"},"getText",[]]}
RESULT: {}
RESULT: {"script":"<script> [6424 bytes]","args":[{"element-6066-11e4-a52e-4f735466cecf":"f.F943DB1403663130BF14B631DBCBD046.d.39418FB03837E3E8DE3C174B8D784318.e.6449"},"getText",[]]}
COMMAND: POST /session/85842d14400d925143d12204a9eb11ff/execute/async - {"script":"<script> [1562 bytes]","args":[{"selector":{"controlType":"sap.m.Button","properties":{"text":"OK"},"searchOpenDialogs":true,"interaction":{"idSuffix":"inner"}},"wdio_ui5_key":"sapm.Button{\"text\":\"OK\"}"}]}
RESULT: {"script":"<script> [1562 bytes]","args":[{"selector":{"controlType":"sap.m.Button","properties":{"text":"OK"},"searchOpenDialogs":true,"interaction":{"idSuffix":"inner"}},"wdio_ui5_key":"sapm.Button{\"text\":\"OK\"}"}]}
RESULT: undefined
COMMAND: POST /session/85842d14400d925143d12204a9eb11ff/element - {"using":"xpath","value":"//*[@id=\"__mbox-btn-5\"]"}
RESULT: {"using":"xpath","value":"//*[@id=\"__mbox-btn-5\"]"}
COMMAND: POST /session/85842d14400d925143d12204a9eb11ff/element/f.F943DB1403663130BF14B631DBCBD046.d.39418FB03837E3E8DE3C174B8D784318.e.6448/click - {}
RESULT: {}
COMMAND: POST /session/85842d14400d925143d12204a9eb11ff/execute/async - {"script":"<script> [1562 bytes]","args":[{"selector":{"id":"headerBillingItemsTabFilter","viewName":"etm.portal.ui.managecontracts.view.Detail","interaction":{"idSuffix":"text"}},"wdio_ui5_key":"headerBillingItemsTabFilteretmportal.ui.managecontracts.view.Detail"}]}
COMMAND: GET /session/85842d14400d925143d12204a9eb11ff/screenshot - {}
RESULT: {"script":"<script> [1562 bytes]","args":[{"selector":{"id":"headerBillingItemsTabFilter","viewName":"etm.portal.ui.managecontracts.view.Detail","interaction":{"idSuffix":"text"}},"wdio_ui5_key":"headerBillingItemsTabFilteretmportal.ui.managecontracts.view.Detail"}]}
RESULT: undefined
COMMAND: POST /session/85842d14400d925143d12204a9eb11ff/element - {"using":"xpath","value":"//*[@id=\"__xmlview64--headerBillingItemsTabFilter\"]"}
RESULT: {}
RESULT: {"using":"xpath","value":"//*[@id=\"__xmlview64--headerBillingItemsTabFilter\"]"}
COMMAND: POST /session/85842d14400d925143d12204a9eb11ff/element/f.F943DB1403663130BF14B631DBCBD046.d.39418FB03837E3E8DE3C174B8D784318.e.6460/click - {}
RESULT: {}
COMMAND: GET /session/85842d14400d925143d12204a9eb11ff/screenshot - {}
RESULT: {}
COMMAND: POST /session/85842d14400d925143d12204a9eb11ff/execute/async - {"script":"<script> [1562 bytes]","args":[{"selector":{"controlType":"sap.ui.core.Icon","viewName":"etm.portal.ui.managecontracts.view.Detail","properties":{"src":{"regex":{"source":"synchronize"}}}},"wdio_ui5_key":"etmportal.ui.managecontracts.view.Detailsap.ui.core.Icon{\"src\":{\"regex\":{\"source\":\"synchronize\"}}}"}]}
RESULT: {"script":"<script> [1562 bytes]","args":[{"selector":{"controlType":"sap.ui.core.Icon","viewName":"etm.portal.ui.managecontracts.view.Detail","properties":{"src":{"regex":{"source":"synchronize"}}}},"wdio_ui5_key":"etmportal.ui.managecontracts.view.Detailsap.ui.core.Icon{\"src\":{\"regex\":{\"source\":\"synchronize\"}}}"}]}
RESULT: undefined
COMMAND: POST /session/85842d14400d925143d12204a9eb11ff/element - {"using":"xpath","value":"//*[@id=\"__xmlview64--btnToggleUpdate-img\"]"}
RESULT: {"using":"xpath","value":"//*[@id=\"__xmlview64--btnToggleUpdate-img\"]"}
COMMAND: POST /session/85842d14400d925143d12204a9eb11ff/element/f.F943DB1403663130BF14B631DBCBD046.d.39418FB03837E3E8DE3C174B8D784318.e.6324/click - {}
RESULT: {}
COMMAND: GET /session/85842d14400d925143d12204a9eb11ff/screenshot - {}
RESULT: {}
RESULT: undefined
COMMAND: POST /session/85842d14400d925143d12204a9eb11ff/element - {"using":"xpath","value":"//*[@id=\"__xmlview64--headerBillingItemsTabFilter\"]"}
RESULT: {"using":"xpath","value":"//*[@id=\"__xmlview64--headerBillingItemsTabFilter\"]"}
COMMAND: POST /session/85842d14400d925143d12204a9eb11ff/element/f.F943DB1403663130BF14B631DBCBD046.d.39418FB03837E3E8DE3C174B8D784318.e.6460/click - {}
RESULT: {}
COMMAND: POST /session/85842d14400d925143d12204a9eb11ff/execute/async - {"script":"<script> [1562 bytes]","args":[{"selector":{"controlType":"sap.m.Title","viewName":"etm.portal.ui.managecontracts.view.Detail","properties":{"text":"Contract Items (2)"}},"wdio_ui5_key":"etmportal.ui.managecontracts.view.Detailsap.m.Title{\"text\":\"Contract Items (2)\"}"}]}
COMMAND: GET /session/85842d14400d925143d12204a9eb11ff/screenshot - {}
RESULT: {"script":"<script> [1562 bytes]","args":[{"selector":{"controlType":"sap.m.Title","viewName":"etm.portal.ui.managecontracts.view.Detail","properties":{"text":"Contract Items (2)"}},"wdio_ui5_key":"etmportal.ui.managecontracts.view.Detailsap.m.Title{\"text\":\"Contract Items (2)\"}"}]}
RESULT: undefined
COMMAND: POST /session/85842d14400d925143d12204a9eb11ff/execute/async - {"script":"<script> [6424 bytes]","args":[{"element-6066-11e4-a52e-4f735466cecf":"f.F943DB1403663130BF14B631DBCBD046.d.39418FB03837E3E8DE3C174B8D784318.e.6468"},"getText",[]]}
RESULT: {}
RESULT: {"script":"<script> [6424 bytes]","args":[{"element-6066-11e4-a52e-4f735466cecf":"f.F943DB1403663130BF14B631DBCBD046.d.39418FB03837E3E8DE3C174B8D784318.e.6468"},"getText",[]]}
COMMAND: POST /session/85842d14400d925143d12204a9eb11ff/execute/async - {"script":"<script> [1562 bytes]","args":[{"selector":{"controlType":"sap.m.ObjectStatus","viewName":"etm.portal.ui.managecontracts.view.Detail","bindingPath":{"path":"/SmartContractItems(CONTRACT='10365',ITEM=10m,SUB_ITEM=0m)","propertyPath":"STATUS"}},"wdio_ui5_key":"etmportal.ui.managecontracts.view.Detailsap.m.ObjectStatus{\"path\":\"/SmartContractItems(CONTRACT='10365',ITEM=10m,SUB_ITEM=0m)\",\"propertyPath\":\"STATUS\"}"}]}
RESULT: {"script":"<script> [1562 bytes]","args":[{"selector":{"controlType":"sap.m.ObjectStatus","viewName":"etm.portal.ui.managecontracts.view.Detail","bindingPath":{"path":"/SmartContractItems(CONTRACT='10365',ITEM=10m,SUB_ITEM=0m)","propertyPath":"STATUS"}},"wdio_ui5_key":"etmportal.ui.managecontracts.view.Detailsap.m.ObjectStatus{\"path\":\"/SmartContractItems(CONTRACT='10365',ITEM=10m,SUB_ITEM=0m)\",\"propertyPath\":\"STATUS\"}"}]}
RESULT: undefined
COMMAND: POST /session/85842d14400d925143d12204a9eb11ff/execute/async - {"script":"<script> [6424 bytes]","args":[{"element-6066-11e4-a52e-4f735466cecf":"f.F943DB1403663130BF14B631DBCBD046.d.39418FB03837E3E8DE3C174B8D784318.e.6470"},"getText",[]]}
RESULT: {"script":"<script> [6424 bytes]","args":[{"element-6066-11e4-a52e-4f735466cecf":"f.F943DB1403663130BF14B631DBCBD046.d.39418FB03837E3E8DE3C174B8D784318.e.6470"},"getText",[]]}
COMMAND: POST /session/85842d14400d925143d12204a9eb11ff/execute/async - {"script":"<script> [1562 bytes]","args":[{"selector":{"controlType":"sap.m.ObjectStatus","viewName":"etm.portal.ui.managecontracts.view.Detail","bindingPath":{"path":"/SmartContractItems(CONTRACT='10365',ITEM=20m,SUB_ITEM=0m)","propertyPath":"STATUS"}},"wdio_ui5_key":"etmportal.ui.managecontracts.view.Detailsap.m.ObjectStatus{\"path\":\"/SmartContractItems(CONTRACT='10365',ITEM=20m,SUB_ITEM=0m)\",\"propertyPath\":\"STATUS\"}"}]}
RESULT: {"script":"<script> [1562 bytes]","args":[{"selector":{"controlType":"sap.m.ObjectStatus","viewName":"etm.portal.ui.managecontracts.view.Detail","bindingPath":{"path":"/SmartContractItems(CONTRACT='10365',ITEM=20m,SUB_ITEM=0m)","propertyPath":"STATUS"}},"wdio_ui5_key":"etmportal.ui.managecontracts.view.Detailsap.m.ObjectStatus{\"path\":\"/SmartContractItems(CONTRACT='10365',ITEM=20m,SUB_ITEM=0m)\",\"propertyPath\":\"STATUS\"}"}]}
RESULT: undefined
COMMAND: POST /session/85842d14400d925143d12204a9eb11ff/execute/async - {"script":"<script> [6424 bytes]","args":[{"element-6066-11e4-a52e-4f735466cecf":"f.F943DB1403663130BF14B631DBCBD046.d.39418FB03837E3E8DE3C174B8D784318.e.6471"},"getText",[]]}
RESULT: {"script":"<script> [6424 bytes]","args":[{"element-6066-11e4-a52e-4f735466cecf":"f.F943DB1403663130BF14B631DBCBD046.d.39418FB03837E3E8DE3C174B8D784318.e.6471"},"getText",[]]}
]]></system-out>
    </testcase>
  </testsuite>
  <testsuite timestamp="2025-05-18T18:04:09" time="80.842" tests="1" failures="0" errors="0" skipped="0">
    <properties>
      <property name="specId" value="0" />
      <property name="suiteName" value="Manage contracts - revert request US152962" />
      <property name="capabilities" value="chrome.136_0_7103_93.windows" />
      <property name="file" value="file:///D:/a/1/s/test/specs/R2C/manage-contracts-revert-request.spec.js" />
    </properties>
    <testcase classname="chrome.136_0_7103_93.windows.Manage_contracts_-_revert_request_US152962" name="Should revert the request" time="80.841">
      <system-out><![CDATA[
COMMAND: POST /session/85842d14400d925143d12204a9eb11ff/execute/async - {"script":"<script> [1562 bytes]","args":[{"selector":{"id":"revertPlanningBtn","viewName":"etm.portal.ui.managecontracts.view.Detail","interaction":{"idSuffix":"BDI-content"}},"wdio_ui5_key":"revertPlanningBtnetmportal.ui.managecontracts.view.Detail"}]}
RESULT: {"script":"<script> [1562 bytes]","args":[{"selector":{"id":"revertPlanningBtn","viewName":"etm.portal.ui.managecontracts.view.Detail","interaction":{"idSuffix":"BDI-content"}},"wdio_ui5_key":"revertPlanningBtnetmportal.ui.managecontracts.view.Detail"}]}
RESULT: undefined
COMMAND: POST /session/85842d14400d925143d12204a9eb11ff/element - {"using":"xpath","value":"//*[@id=\"__xmlview64--revertPlanningBtn\"]"}
RESULT: {"using":"xpath","value":"//*[@id=\"__xmlview64--revertPlanningBtn\"]"}
COMMAND: POST /session/85842d14400d925143d12204a9eb11ff/element/f.F943DB1403663130BF14B631DBCBD046.d.39418FB03837E3E8DE3C174B8D784318.e.6328/click - {}
RESULT: {}
COMMAND: POST /session/85842d14400d925143d12204a9eb11ff/element - {"using":"xpath","value":"(//div[contains(@id ,\"selectMulti-CbBg\")])[2]"}
COMMAND: GET /session/85842d14400d925143d12204a9eb11ff/screenshot - {}
RESULT: {"using":"xpath","value":"(//div[contains(@id ,\"selectMulti-CbBg\")])[2]"}
COMMAND: POST /session/85842d14400d925143d12204a9eb11ff/element/f.F943DB1403663130BF14B631DBCBD046.d.39418FB03837E3E8DE3C174B8D784318.e.6517/click - {}
RESULT: {}
RESULT: {}
COMMAND: GET /session/85842d14400d925143d12204a9eb11ff/screenshot - {}
RESULT: {}
COMMAND: POST /session/85842d14400d925143d12204a9eb11ff/element - {"using":"xpath","value":"//span[contains(@id ,\"executeRevertPlanningBtn-content\")]"}
RESULT: {"using":"xpath","value":"//span[contains(@id ,\"executeRevertPlanningBtn-content\")]"}
COMMAND: POST /session/85842d14400d925143d12204a9eb11ff/element/f.F943DB1403663130BF14B631DBCBD046.d.39418FB03837E3E8DE3C174B8D784318.e.6519/click - {}
RESULT: {}
COMMAND: GET /session/85842d14400d925143d12204a9eb11ff/screenshot - {}
RESULT: {}
COMMAND: POST /session/85842d14400d925143d12204a9eb11ff/actions - {"actions":[{"id":"action32","type":"key","parameters":{},"actions":[{"type":"keyDown","value":"î€‡"},{"type":"pause","duration":10},{"type":"keyUp","value":"î€‡"}]}]}
RESULT: {"actions":[{"id":"action32","type":"key","parameters":{},"actions":[{"type":"keyDown","value":"î€‡"},{"type":"pause","duration":10},{"type":"keyUp","value":"î€‡"}]}]}
COMMAND: GET /session/85842d14400d925143d12204a9eb11ff/screenshot - {}
RESULT: {}
COMMAND: POST /session/85842d14400d925143d12204a9eb11ff/refresh - {}
RESULT: {}
COMMAND: GET /session/85842d14400d925143d12204a9eb11ff/screenshot - {}
RESULT: {}
COMMAND: POST /session/85842d14400d925143d12204a9eb11ff/execute/async - {"script":"<script> [189 bytes]","args":[]}
RESULT: {"script":"<script> [189 bytes]","args":[]}
COMMAND: POST /session/85842d14400d925143d12204a9eb11ff/execute/async - {"script":"<script> [123 bytes]","args":[]}
RESULT: {"script":"<script> [123 bytes]","args":[]}
COMMAND: POST /session/85842d14400d925143d12204a9eb11ff/timeouts - {"script":"<number>"}
RESULT: {"script":"<number>"}
COMMAND: GET /session/85842d14400d925143d12204a9eb11ff/timeouts - {}
RESULT: {}
RESULT: undefined
COMMAND: POST /session/85842d14400d925143d12204a9eb11ff/execute/async - {"script":"<script> [2676 bytes]","args":[]}
RESULT: {"script":"<script> [2676 bytes]","args":[]}
COMMAND: POST /session/85842d14400d925143d12204a9eb11ff/execute/async - {"script":"<script> [2342 bytes]","args":[{"protocol":"http","hostname":"0.0.0.0","path":"/","capabilities":{"browserName":"chrome","goog:chromeOptions":{"binary":"C:\\Program Files\\Google\\Chrome\\Application\\chrome.exe","args":["--start-maximized"]}},"logLevel":"warn","connectionRetryTimeout":120000,"connectionRetryCount":3,"logLevels":{},"enableDirectConnect":true,"strictSSL":true,"_":"65 more keys: [\"cacheDir\",\"port\",\"requestedCapabilities\",\"automationProtocol\",\"baseUrl\",\"waitforInterval\",\"waitforTimeout\",\"onReload\",\"beforeCommand\",\"afterCommand\",\"rootDir\",\"specs\",\"suites\",\"exclude\",\"groupLogsByTestSpec\",\"excludeDriverLogs\",\"bail\",\"framework\",\"reporters\",\"services\",\"maxInstances\",\"maxInstancesPerCapability\",\"injectGlobals\",\"filesToWatch\",\"execArgv\",\"runnerEnv\",\"runner\",\"shard\",\"specFileRetries\",\"specFileRetriesDelay\",\"specFileRetriesDeferred\",\"reporterSyncInterval\",\"reporterSyncTimeout\",\"cucumberFeaturesWithLineNumbers\",\"autoCompileOpts\",\"mochaOpts\",\"jasmineOpts\",\"cucumberOpts\",\"onPrepare\",\"onWorkerStart\",\"onWorkerEnd\",\"before\",\"beforeSession\",\"beforeSuite\",\"beforeHook\",\"beforeTest\",\"afterTest\",\"afterHook\",\"afterSuite\",\"afterSession\",\"after\",\"onComplete\",\"beforeAssertion\",\"afterAssertion\",\"beforeFeature\",\"beforeScenario\",\"beforeStep\",\"afterStep\",\"afterScenario\",\"afterFeature\",\"_\",\"suite\",\"$0\",\"ignoredWorkerServices\",\"wdi5\"]"}]}
RESULT: {"script":"<script> [2342 bytes]","args":[{"protocol":"http","hostname":"0.0.0.0","path":"/","capabilities":{"browserName":"chrome","goog:chromeOptions":{"binary":"C:\\Program Files\\Google\\Chrome\\Application\\chrome.exe","args":["--start-maximized"]}},"logLevel":"warn","connectionRetryTimeout":120000,"connectionRetryCount":3,"logLevels":{},"enableDirectConnect":true,"strictSSL":true,"_":"65 more keys: [\"cacheDir\",\"port\",\"requestedCapabilities\",\"automationProtocol\",\"baseUrl\",\"waitforInterval\",\"waitforTimeout\",\"onReload\",\"beforeCommand\",\"afterCommand\",\"rootDir\",\"specs\",\"suites\",\"exclude\",\"groupLogsByTestSpec\",\"excludeDriverLogs\",\"bail\",\"framework\",\"reporters\",\"services\",\"maxInstances\",\"maxInstancesPerCapability\",\"injectGlobals\",\"filesToWatch\",\"execArgv\",\"runnerEnv\",\"runner\",\"shard\",\"specFileRetries\",\"specFileRetriesDelay\",\"specFileRetriesDeferred\",\"reporterSyncInterval\",\"reporterSyncTimeout\",\"cucumberFeaturesWithLineNumbers\",\"autoCompileOpts\",\"mochaOpts\",\"jasmineOpts\",\"cucumberOpts\",\"onPrepare\",\"onWorkerStart\",\"onWorkerEnd\",\"before\",\"beforeSession\",\"beforeSuite\",\"beforeHook\",\"beforeTest\",\"afterTest\",\"afterHook\",\"afterSuite\",\"afterSession\",\"after\",\"onComplete\",\"beforeAssertion\",\"afterAssertion\",\"beforeFeature\",\"beforeScenario\",\"beforeStep\",\"afterStep\",\"afterScenario\",\"afterFeature\",\"_\",\"suite\",\"$0\",\"ignoredWorkerServices\",\"wdi5\"]"}]}
COMMAND: POST /session/85842d14400d925143d12204a9eb11ff/execute/async - {"script":"<script> [21126 bytes]","args":[35000]}
RESULT: {"script":"<script> [21126 bytes]","args":[35000]}
COMMAND: POST /session/85842d14400d925143d12204a9eb11ff/execute/async - {"script":"<script> [1562 bytes]","args":[{"selector":{"controlType":"sap.m.Title","viewName":"etm.portal.ui.managecontracts.view.Detail","properties":{"text":"Contract Items (1)"}},"wdio_ui5_key":"etmportal.ui.managecontracts.view.Detailsap.m.Title{\"text\":\"Contract Items (1)\"}"}]}
RESULT: {"script":"<script> [1562 bytes]","args":[{"selector":{"controlType":"sap.m.Title","viewName":"etm.portal.ui.managecontracts.view.Detail","properties":{"text":"Contract Items (1)"}},"wdio_ui5_key":"etmportal.ui.managecontracts.view.Detailsap.m.Title{\"text\":\"Contract Items (1)\"}"}]}
RESULT: undefined
COMMAND: POST /session/85842d14400d925143d12204a9eb11ff/execute/async - {"script":"<script> [6424 bytes]","args":[{"element-6066-11e4-a52e-4f735466cecf":"f.F943DB1403663130BF14B631DBCBD046.d.B78FDD09BD47E97397A67C58ACD8CAEE.e.6764"},"getText",[]]}
RESULT: {"script":"<script> [6424 bytes]","args":[{"element-6066-11e4-a52e-4f735466cecf":"f.F943DB1403663130BF14B631DBCBD046.d.B78FDD09BD47E97397A67C58ACD8CAEE.e.6764"},"getText",[]]}
COMMAND: POST /session/85842d14400d925143d12204a9eb11ff/execute/async - {"script":"<script> [1562 bytes]","args":[{"selector":{"id":"contractDetailEditBtn","viewName":"etm.portal.ui.managecontracts.view.Detail","interaction":{"idSuffix":"inner"}},"wdio_ui5_key":"contractDetailEditBtnetmportal.ui.managecontracts.view.Detail"}]}
RESULT: {"script":"<script> [1562 bytes]","args":[{"selector":{"id":"contractDetailEditBtn","viewName":"etm.portal.ui.managecontracts.view.Detail","interaction":{"idSuffix":"inner"}},"wdio_ui5_key":"contractDetailEditBtnetmportal.ui.managecontracts.view.Detail"}]}
RESULT: undefined
COMMAND: POST /session/85842d14400d925143d12204a9eb11ff/element - {"using":"xpath","value":"//*[@id=\"__xmlview1--contractDetailEditBtn\"]"}
RESULT: {"using":"xpath","value":"//*[@id=\"__xmlview1--contractDetailEditBtn\"]"}
COMMAND: POST /session/85842d14400d925143d12204a9eb11ff/element/f.F943DB1403663130BF14B631DBCBD046.d.B78FDD09BD47E97397A67C58ACD8CAEE.e.6566/click - {}
RESULT: {}
COMMAND: GET /session/85842d14400d925143d12204a9eb11ff/screenshot - {}
RESULT: {}
COMMAND: POST /session/85842d14400d925143d12204a9eb11ff/element - {"using":"xpath","value":"(//span[contains(text(), \"Header Billing Items\")])[2]"}
RESULT: {"using":"xpath","value":"(//span[contains(text(), \"Header Billing Items\")])[2]"}
COMMAND: POST /session/85842d14400d925143d12204a9eb11ff/element/f.F943DB1403663130BF14B631DBCBD046.d.B78FDD09BD47E97397A67C58ACD8CAEE.e.6829/click - {}
RESULT: {}
COMMAND: GET /session/85842d14400d925143d12204a9eb11ff/screenshot - {}
RESULT: {}
COMMAND: POST /session/85842d14400d925143d12204a9eb11ff/element - {"using":"xpath","value":"//div[contains(@id ,\"ProductsTable-sa-CbBg\")]"}
RESULT: {"using":"xpath","value":"//div[contains(@id ,\"ProductsTable-sa-CbBg\")]"}
COMMAND: POST /session/85842d14400d925143d12204a9eb11ff/element/f.F943DB1403663130BF14B631DBCBD046.d.B78FDD09BD47E97397A67C58ACD8CAEE.e.6832/click - {}
RESULT: {}
COMMAND: GET /session/85842d14400d925143d12204a9eb11ff/screenshot - {}
RESULT: {}
COMMAND: POST /session/85842d14400d925143d12204a9eb11ff/execute/async - {"script":"<script> [1562 bytes]","args":[{"selector":{"id":"deleteBtn","viewName":"etm.portal.ui.managecontracts.view.EditContract","interaction":{"idSuffix":"BDI-content"}},"wdio_ui5_key":"deleteBtnetmportal.ui.managecontracts.view.EditContract"}]}
RESULT: {"script":"<script> [1562 bytes]","args":[{"selector":{"id":"deleteBtn","viewName":"etm.portal.ui.managecontracts.view.EditContract","interaction":{"idSuffix":"BDI-content"}},"wdio_ui5_key":"deleteBtnetmportal.ui.managecontracts.view.EditContract"}]}
RESULT: undefined
COMMAND: POST /session/85842d14400d925143d12204a9eb11ff/element - {"using":"xpath","value":"//*[@id=\"__xmlview2--deleteBtn\"]"}
RESULT: {"using":"xpath","value":"//*[@id=\"__xmlview2--deleteBtn\"]"}
COMMAND: POST /session/85842d14400d925143d12204a9eb11ff/element/f.F943DB1403663130BF14B631DBCBD046.d.B78FDD09BD47E97397A67C58ACD8CAEE.e.6835/click - {}
RESULT: {}
COMMAND: POST /session/85842d14400d925143d12204a9eb11ff/element - {"using":"xpath","value":"//bdi[contains(@id ,\"BDI-content\")][contains(text(), \"OK\")]"}
COMMAND: GET /session/85842d14400d925143d12204a9eb11ff/screenshot - {}
RESULT: {"using":"xpath","value":"//bdi[contains(@id ,\"BDI-content\")][contains(text(), \"OK\")]"}
COMMAND: POST /session/85842d14400d925143d12204a9eb11ff/element/f.F943DB1403663130BF14B631DBCBD046.d.B78FDD09BD47E97397A67C58ACD8CAEE.e.6837/click - {}
RESULT: {}
RESULT: {}
COMMAND: GET /session/85842d14400d925143d12204a9eb11ff/screenshot - {}
RESULT: {}
COMMAND: POST /session/85842d14400d925143d12204a9eb11ff/element - {"using":"xpath","value":"//bdi[contains(@id ,\"BDI-content\")][contains(text(), \"Save\")]"}
RESULT: {"using":"xpath","value":"//bdi[contains(@id ,\"BDI-content\")][contains(text(), \"Save\")]"}
COMMAND: POST /session/85842d14400d925143d12204a9eb11ff/element/f.F943DB1403663130BF14B631DBCBD046.d.B78FDD09BD47E97397A67C58ACD8CAEE.e.6839/click - {}
RESULT: {}
COMMAND: GET /session/85842d14400d925143d12204a9eb11ff/screenshot - {}
RESULT: {}
COMMAND: POST /session/85842d14400d925143d12204a9eb11ff/element - {"using":"xpath","value":"(//span[contains(text(), \"Header Billing Items\")])[1]"}
RESULT: {"using":"xpath","value":"(//span[contains(text(), \"Header Billing Items\")])[1]"}
COMMAND: POST /session/85842d14400d925143d12204a9eb11ff/element/f.F943DB1403663130BF14B631DBCBD046.d.B78FDD09BD47E97397A67C58ACD8CAEE.e.6842/click - {}
RESULT: {}
COMMAND: GET /session/85842d14400d925143d12204a9eb11ff/screenshot - {}
RESULT: {}
COMMAND: POST /session/85842d14400d925143d12204a9eb11ff/execute/async - {"script":"<script> [1562 bytes]","args":[{"selector":{"controlType":"sap.m.ObjectStatus","viewName":"etm.portal.ui.managecontracts.view.Detail","bindingPath":{"path":"/SmartContractItems(CONTRACT='10365',ITEM=10m,SUB_ITEM=0m)","propertyPath":"STATUS"}},"wdio_ui5_key":"etmportal.ui.managecontracts.view.Detailsap.m.ObjectStatus{\"path\":\"/SmartContractItems(CONTRACT='10365',ITEM=10m,SUB_ITEM=0m)\",\"propertyPath\":\"STATUS\"}"}]}
RESULT: {"script":"<script> [1562 bytes]","args":[{"selector":{"controlType":"sap.m.ObjectStatus","viewName":"etm.portal.ui.managecontracts.view.Detail","bindingPath":{"path":"/SmartContractItems(CONTRACT='10365',ITEM=10m,SUB_ITEM=0m)","propertyPath":"STATUS"}},"wdio_ui5_key":"etmportal.ui.managecontracts.view.Detailsap.m.ObjectStatus{\"path\":\"/SmartContractItems(CONTRACT='10365',ITEM=10m,SUB_ITEM=0m)\",\"propertyPath\":\"STATUS\"}"}]}
RESULT: undefined
COMMAND: POST /session/85842d14400d925143d12204a9eb11ff/execute/async - {"script":"<script> [6424 bytes]","args":[{"element-6066-11e4-a52e-4f735466cecf":"f.F943DB1403663130BF14B631DBCBD046.d.B78FDD09BD47E97397A67C58ACD8CAEE.e.6844"},"getText",[]]}
RESULT: {"script":"<script> [6424 bytes]","args":[{"element-6066-11e4-a52e-4f735466cecf":"f.F943DB1403663130BF14B631DBCBD046.d.B78FDD09BD47E97397A67C58ACD8CAEE.e.6844"},"getText",[]]}
COMMAND: POST /session/85842d14400d925143d12204a9eb11ff/element - {"using":"css selector","value":"#shell-header-logo"}
RESULT: {"using":"css selector","value":"#shell-header-logo"}
COMMAND: POST /session/85842d14400d925143d12204a9eb11ff/element/f.F943DB1403663130BF14B631DBCBD046.d.B78FDD09BD47E97397A67C58ACD8CAEE.e.6708/click - {}
RESULT: {}
COMMAND: GET /session/85842d14400d925143d12204a9eb11ff/screenshot - {}
RESULT: {}
COMMAND: POST /session/85842d14400d925143d12204a9eb11ff/execute/async - {"script":"<script> [1562 bytes]","args":[{"selector":{"controlType":"sap.m.GenericTile","properties":{"header":"Manage Requests"}},"wdio_ui5_key":"sapm.GenericTile{\"header\":\"Manage Requests\"}"}]}
RESULT: {"script":"<script> [1562 bytes]","args":[{"selector":{"controlType":"sap.m.GenericTile","properties":{"header":"Manage Requests"}},"wdio_ui5_key":"sapm.GenericTile{\"header\":\"Manage Requests\"}"}]}
RESULT: undefined
COMMAND: POST /session/85842d14400d925143d12204a9eb11ff/element - {"using":"xpath","value":"//*[@id=\"__tile47\"]"}
RESULT: {"using":"xpath","value":"//*[@id=\"__tile47\"]"}
COMMAND: POST /session/85842d14400d925143d12204a9eb11ff/element/f.F943DB1403663130BF14B631DBCBD046.d.B78FDD09BD47E97397A67C58ACD8CAEE.e.6862/click - {}
RESULT: {}
COMMAND: GET /session/85842d14400d925143d12204a9eb11ff/screenshot - {}
RESULT: {}
COMMAND: POST /session/85842d14400d925143d12204a9eb11ff/execute/async - {"script":"<script> [1562 bytes]","args":[{"selector":{"controlType":"sap.m.SearchField","viewName":"etm.portal.ui.managerequests.view.Master","bindingPath":{"path":"","propertyPath":"/_BASIC_SEARCH_FIELD","modelName":"fi1t3rM0d31"},"interaction":{"idSuffix":"I"}},"wdio_ui5_key":"etmportal.ui.managerequests.view.Mastersap.m.SearchField{\"path\":\"\",\"propertyPath\":\"/_BASIC_SEARCH_FIELD\",\"modelName\":\"fi1t3rM0d31\"}"}]}
COMMAND: POST /session/85842d14400d925143d12204a9eb11ff/elements - {"using":"xpath","value":"//span[text()='Error']"}
RESULT: {"script":"<script> [1562 bytes]","args":[{"selector":{"controlType":"sap.m.SearchField","viewName":"etm.portal.ui.managerequests.view.Master","bindingPath":{"path":"","propertyPath":"/_BASIC_SEARCH_FIELD","modelName":"fi1t3rM0d31"},"interaction":{"idSuffix":"I"}},"wdio_ui5_key":"etmportal.ui.managerequests.view.Mastersap.m.SearchField{\"path\":\"\",\"propertyPath\":\"/_BASIC_SEARCH_FIELD\",\"modelName\":\"fi1t3rM0d31\"}"}]}
RESULT: undefined
COMMAND: POST /session/85842d14400d925143d12204a9eb11ff/execute/async - {"script":"<script> [776 bytes]","args":[{"enterText":"20157","selector":{"controlType":"sap.m.SearchField","viewName":"etm.portal.ui.managerequests.view.Master","bindingPath":{"path":"","propertyPath":"/_BASIC_SEARCH_FIELD","modelName":"fi1t3rM0d31"},"interaction":{"idSuffix":"I"}},"clearTextFirst":true,"interactionType":"ENTER_TEXT"}]}
RESULT: {"using":"xpath","value":"//span[text()='Error']"}
RESULT: {"script":"<script> [776 bytes]","args":[{"enterText":"20157","selector":{"controlType":"sap.m.SearchField","viewName":"etm.portal.ui.managerequests.view.Master","bindingPath":{"path":"","propertyPath":"/_BASIC_SEARCH_FIELD","modelName":"fi1t3rM0d31"},"interaction":{"idSuffix":"I"}},"clearTextFirst":true,"interactionType":"ENTER_TEXT"}]}
COMMAND: POST /session/85842d14400d925143d12204a9eb11ff/actions - {"actions":[{"id":"action33","type":"key","parameters":{},"actions":[{"type":"keyDown","value":"î€‡"},{"type":"pause","duration":10},{"type":"keyUp","value":"î€‡"}]}]}
RESULT: {"actions":[{"id":"action33","type":"key","parameters":{},"actions":[{"type":"keyDown","value":"î€‡"},{"type":"pause","duration":10},{"type":"keyUp","value":"î€‡"}]}]}
COMMAND: GET /session/85842d14400d925143d12204a9eb11ff/screenshot - {}
RESULT: {}
COMMAND: POST /session/85842d14400d925143d12204a9eb11ff/execute/async - {"script":"<script> [1562 bytes]","args":[{"selector":{"controlType":"sap.m.Text","viewName":"etm.portal.ui.managerequests.view.Master","bindingPath":{"path":"/SmartManageRequests('20157')","propertyPath":"NO"}},"wdio_ui5_key":"etmportal.ui.managerequests.view.Mastersap.m.Text{\"path\":\"/SmartManageRequests('20157')\",\"propertyPath\":\"NO\"}"}]}
RESULT: {"script":"<script> [1562 bytes]","args":[{"selector":{"controlType":"sap.m.Text","viewName":"etm.portal.ui.managerequests.view.Master","bindingPath":{"path":"/SmartManageRequests('20157')","propertyPath":"NO"}},"wdio_ui5_key":"etmportal.ui.managerequests.view.Mastersap.m.Text{\"path\":\"/SmartManageRequests('20157')\",\"propertyPath\":\"NO\"}"}]}
RESULT: undefined
COMMAND: POST /session/85842d14400d925143d12204a9eb11ff/element - {"using":"xpath","value":"//*[@id=\"__text463-__clone168\"]"}
RESULT: {"using":"xpath","value":"//*[@id=\"__text463-__clone168\"]"}
COMMAND: POST /session/85842d14400d925143d12204a9eb11ff/element/f.F943DB1403663130BF14B631DBCBD046.d.B78FDD09BD47E97397A67C58ACD8CAEE.e.6994/click - {}
RESULT: {}
COMMAND: GET /session/85842d14400d925143d12204a9eb11ff/screenshot - {}
RESULT: {}
COMMAND: POST /session/85842d14400d925143d12204a9eb11ff/execute/async - {"script":"<script> [1562 bytes]","args":[{"selector":{"controlType":"sap.ui.core.Icon","viewName":"etm.portal.ui.managerequests.view.Detail","properties":{"src":{"regex":{"source":"slim\\-arrow\\-up"}}}},"wdio_ui5_key":"etmportal.ui.managerequests.view.Detailsap.ui.core.Icon{\"src\":{\"regex\":{\"source\":\"slim\\\\-arrow\\\\-up\"}}}"}]}
RESULT: {"script":"<script> [1562 bytes]","args":[{"selector":{"controlType":"sap.ui.core.Icon","viewName":"etm.portal.ui.managerequests.view.Detail","properties":{"src":{"regex":{"source":"slim\\-arrow\\-up"}}}},"wdio_ui5_key":"etmportal.ui.managerequests.view.Detailsap.ui.core.Icon{\"src\":{\"regex\":{\"source\":\"slim\\\\-arrow\\\\-up\"}}}"}]}
RESULT: undefined
COMMAND: POST /session/85842d14400d925143d12204a9eb11ff/element - {"using":"xpath","value":"//*[@id=\"__xmlview62--detailRequestPage-OPHeaderContent-collapseBtn-img\"]"}
RESULT: {"using":"xpath","value":"//*[@id=\"__xmlview62--detailRequestPage-OPHeaderContent-collapseBtn-img\"]"}
COMMAND: POST /session/85842d14400d925143d12204a9eb11ff/element/f.F943DB1403663130BF14B631DBCBD046.d.B78FDD09BD47E97397A67C58ACD8CAEE.e.7133/click - {}
RESULT: {}
COMMAND: GET /session/85842d14400d925143d12204a9eb11ff/screenshot - {}
RESULT: {}
COMMAND: POST /session/85842d14400d925143d12204a9eb11ff/execute/async - {"script":"<script> [1562 bytes]","args":[{"selector":{"controlType":"sap.m.Text","viewName":"etm.portal.ui.managerequests.view.Detail","bindingPath":{"path":"/SmartRequestItemsPlanningBoard(ITEM=20m,REQUEST='20157')","propertyPath":"STATUS_DESC"}},"wdio_ui5_key":"etmportal.ui.managerequests.view.Detailsap.m.Text{\"path\":\"/SmartRequestItemsPlanningBoard(ITEM=20m,REQUEST='20157')\",\"propertyPath\":\"STATUS_DESC\"}"}]}
RESULT: {"script":"<script> [1562 bytes]","args":[{"selector":{"controlType":"sap.m.Text","viewName":"etm.portal.ui.managerequests.view.Detail","bindingPath":{"path":"/SmartRequestItemsPlanningBoard(ITEM=20m,REQUEST='20157')","propertyPath":"STATUS_DESC"}},"wdio_ui5_key":"etmportal.ui.managerequests.view.Detailsap.m.Text{\"path\":\"/SmartRequestItemsPlanningBoard(ITEM=20m,REQUEST='20157')\",\"propertyPath\":\"STATUS_DESC\"}"}]}
RESULT: undefined
COMMAND: POST /session/85842d14400d925143d12204a9eb11ff/execute/async - {"script":"<script> [6424 bytes]","args":[{"element-6066-11e4-a52e-4f735466cecf":"f.F943DB1403663130BF14B631DBCBD046.d.B78FDD09BD47E97397A67C58ACD8CAEE.e.7197"},"getText",[]]}
RESULT: {"script":"<script> [6424 bytes]","args":[{"element-6066-11e4-a52e-4f735466cecf":"f.F943DB1403663130BF14B631DBCBD046.d.B78FDD09BD47E97397A67C58ACD8CAEE.e.7197"},"getText",[]]}
COMMAND: POST /session/85842d14400d925143d12204a9eb11ff/element - {"using":"css selector","value":"#shell-header-logo"}
RESULT: {"using":"css selector","value":"#shell-header-logo"}
COMMAND: POST /session/85842d14400d925143d12204a9eb11ff/element/f.F943DB1403663130BF14B631DBCBD046.d.B78FDD09BD47E97397A67C58ACD8CAEE.e.6866/click - {}
RESULT: {}
COMMAND: GET /session/85842d14400d925143d12204a9eb11ff/screenshot - {}
RESULT: {}
]]></system-out>
    </testcase>
  </testsuite>
  <testsuite timestamp="2025-05-18T18:05:30" time="243.423" tests="4" failures="0" errors="0" skipped="0">
    <properties>
      <property name="specId" value="0" />
      <property name="suiteName" value="Standard contract close-reopen US111278" />
      <property name="capabilities" value="chrome.136_0_7103_93.windows" />
      <property name="file" value="file:///D:/a/1/s/test/specs/R2C/standard-contract-close-reopen.spec.js" />
    </properties>
    <testcase classname="chrome.136_0_7103_93.windows.Standard_contract_close-reopen_US111278" name="Should create a new contract and add an item" time="132.316">
      <system-out><![CDATA[
COMMAND: POST /session/85842d14400d925143d12204a9eb11ff/execute/async - {"script":"<script> [1562 bytes]","args":[{"selector":{"controlType":"sap.m.GenericTile","properties":{"header":"Manage Contracts"}},"wdio_ui5_key":"sapm.GenericTile{\"header\":\"Manage Contracts\"}"}]}
RESULT: {"script":"<script> [1562 bytes]","args":[{"selector":{"controlType":"sap.m.GenericTile","properties":{"header":"Manage Contracts"}},"wdio_ui5_key":"sapm.GenericTile{\"header\":\"Manage Contracts\"}"}]}
RESULT: undefined
COMMAND: POST /session/85842d14400d925143d12204a9eb11ff/element - {"using":"xpath","value":"//*[@id=\"__tile130\"]"}
RESULT: {"using":"xpath","value":"//*[@id=\"__tile130\"]"}
COMMAND: POST /session/85842d14400d925143d12204a9eb11ff/element/f.F943DB1403663130BF14B631DBCBD046.d.B78FDD09BD47E97397A67C58ACD8CAEE.e.7200/click - {}
RESULT: {}
COMMAND: GET /session/85842d14400d925143d12204a9eb11ff/screenshot - {}
RESULT: {}
COMMAND: POST /session/85842d14400d925143d12204a9eb11ff/elements - {"using":"xpath","value":"//span[text()='Error']"}
RESULT: {"using":"xpath","value":"//span[text()='Error']"}
COMMAND: POST /session/85842d14400d925143d12204a9eb11ff/element - {"using":"xpath","value":"//button[@data-kt=\"addButton\"]"}
RESULT: {"using":"xpath","value":"//button[@data-kt=\"addButton\"]"}
COMMAND: POST /session/85842d14400d925143d12204a9eb11ff/element/f.F943DB1403663130BF14B631DBCBD046.d.B78FDD09BD47E97397A67C58ACD8CAEE.e.7250/click - {}
RESULT: {}
COMMAND: GET /session/85842d14400d925143d12204a9eb11ff/screenshot - {}
RESULT: {}
COMMAND: POST /session/85842d14400d925143d12204a9eb11ff/execute/async - {"script":"<script> [1562 bytes]","args":[{"selector":{"id":"application-managecontracts-display-component---AddNewContract--projectDescription","interaction":{"idSuffix":"inner"}},"wdio_ui5_key":"applicationmanagecontracts-display-component---AddNewContract--projectDescription"}]}
RESULT: {"script":"<script> [1562 bytes]","args":[{"selector":{"id":"application-managecontracts-display-component---AddNewContract--projectDescription","interaction":{"idSuffix":"inner"}},"wdio_ui5_key":"applicationmanagecontracts-display-component---AddNewContract--projectDescription"}]}
RESULT: undefined
COMMAND: POST /session/85842d14400d925143d12204a9eb11ff/execute/async - {"script":"<script> [776 bytes]","args":[{"enterText":"WdIOR2c2x94u","selector":{"id":"application-managecontracts-display-component---AddNewContract--projectDescription","interaction":{"idSuffix":"inner"}},"clearTextFirst":true,"interactionType":"ENTER_TEXT"}]}
RESULT: {"script":"<script> [776 bytes]","args":[{"enterText":"WdIOR2c2x94u","selector":{"id":"application-managecontracts-display-component---AddNewContract--projectDescription","interaction":{"idSuffix":"inner"}},"clearTextFirst":true,"interactionType":"ENTER_TEXT"}]}
COMMAND: POST /session/85842d14400d925143d12204a9eb11ff/element - {"using":"xpath","value":"//input[@id=\"application-managecontracts-display-component---AddNewContract--yardId-inner\"]"}
RESULT: {"using":"xpath","value":"//input[@id=\"application-managecontracts-display-component---AddNewContract--yardId-inner\"]"}
COMMAND: POST /session/85842d14400d925143d12204a9eb11ff/element/f.F943DB1403663130BF14B631DBCBD046.d.B78FDD09BD47E97397A67C58ACD8CAEE.e.7553/clear - {}
RESULT: {}
COMMAND: POST /session/85842d14400d925143d12204a9eb11ff/element/f.F943DB1403663130BF14B631DBCBD046.d.B78FDD09BD47E97397A67C58ACD8CAEE.e.7553/value - {"text":"WebdriverYard4joyzj"}
COMMAND: GET /session/85842d14400d925143d12204a9eb11ff/screenshot - {}
RESULT: {"text":"WebdriverYard4joyzj"}
COMMAND: GET /session/85842d14400d925143d12204a9eb11ff/screenshot - {}
RESULT: {}
RESULT: {}
COMMAND: POST /session/85842d14400d925143d12204a9eb11ff/actions - {"actions":[{"id":"action34","type":"key","parameters":{},"actions":[{"type":"keyDown","value":"î€‡"},{"type":"pause","duration":10},{"type":"keyUp","value":"î€‡"}]}]}
RESULT: {"actions":[{"id":"action34","type":"key","parameters":{},"actions":[{"type":"keyDown","value":"î€‡"},{"type":"pause","duration":10},{"type":"keyUp","value":"î€‡"}]}]}
COMMAND: GET /session/85842d14400d925143d12204a9eb11ff/screenshot - {}
RESULT: {}
COMMAND: POST /session/85842d14400d925143d12204a9eb11ff/element - {"using":"xpath","value":"//input[@id=\"application-managecontracts-display-component---AddNewContract--customerSelect-inner\"]"}
RESULT: {"using":"xpath","value":"//input[@id=\"application-managecontracts-display-component---AddNewContract--customerSelect-inner\"]"}
COMMAND: POST /session/85842d14400d925143d12204a9eb11ff/element/f.F943DB1403663130BF14B631DBCBD046.d.B78FDD09BD47E97397A67C58ACD8CAEE.e.7551/clear - {}
RESULT: {}
COMMAND: POST /session/85842d14400d925143d12204a9eb11ff/element/f.F943DB1403663130BF14B631DBCBD046.d.B78FDD09BD47E97397A67C58ACD8CAEE.e.7551/value - {"text":"WebdriverPartner2m2yk"}
COMMAND: GET /session/85842d14400d925143d12204a9eb11ff/screenshot - {}
RESULT: {"text":"WebdriverPartner2m2yk"}
COMMAND: GET /session/85842d14400d925143d12204a9eb11ff/screenshot - {}
RESULT: {}
RESULT: {}
COMMAND: POST /session/85842d14400d925143d12204a9eb11ff/actions - {"actions":[{"id":"action35","type":"key","parameters":{},"actions":[{"type":"keyDown","value":"î€‡"},{"type":"pause","duration":10},{"type":"keyUp","value":"î€‡"}]}]}
RESULT: {"actions":[{"id":"action35","type":"key","parameters":{},"actions":[{"type":"keyDown","value":"î€‡"},{"type":"pause","duration":10},{"type":"keyUp","value":"î€‡"}]}]}
COMMAND: GET /session/85842d14400d925143d12204a9eb11ff/screenshot - {}
RESULT: {}
COMMAND: POST /session/85842d14400d925143d12204a9eb11ff/element - {"using":"xpath","value":"//input[@id=\"application-managecontracts-display-component---AddNewContract--site-inner\"]"}
RESULT: {"using":"xpath","value":"//input[@id=\"application-managecontracts-display-component---AddNewContract--site-inner\"]"}
COMMAND: POST /session/85842d14400d925143d12204a9eb11ff/element/f.F943DB1403663130BF14B631DBCBD046.d.B78FDD09BD47E97397A67C58ACD8CAEE.e.7552/clear - {}
RESULT: {}
COMMAND: POST /session/85842d14400d925143d12204a9eb11ff/element/f.F943DB1403663130BF14B631DBCBD046.d.B78FDD09BD47E97397A67C58ACD8CAEE.e.7552/value - {"text":"WebdriverSitetx7dh"}
COMMAND: GET /session/85842d14400d925143d12204a9eb11ff/screenshot - {}
RESULT: {"text":"WebdriverSitetx7dh"}
COMMAND: GET /session/85842d14400d925143d12204a9eb11ff/screenshot - {}
RESULT: {}
RESULT: {}
COMMAND: POST /session/85842d14400d925143d12204a9eb11ff/actions - {"actions":[{"id":"action36","type":"key","parameters":{},"actions":[{"type":"keyDown","value":"î€‡"},{"type":"pause","duration":10},{"type":"keyUp","value":"î€‡"}]}]}
RESULT: {"actions":[{"id":"action36","type":"key","parameters":{},"actions":[{"type":"keyDown","value":"î€‡"},{"type":"pause","duration":10},{"type":"keyUp","value":"î€‡"}]}]}
COMMAND: GET /session/85842d14400d925143d12204a9eb11ff/screenshot - {}
RESULT: {}
COMMAND: POST /session/85842d14400d925143d12204a9eb11ff/element - {"using":"xpath","value":"//button[@data-kt=\"saveButton\"]"}
RESULT: {"using":"xpath","value":"//button[@data-kt=\"saveButton\"]"}
COMMAND: POST /session/85842d14400d925143d12204a9eb11ff/element/f.F943DB1403663130BF14B631DBCBD046.d.B78FDD09BD47E97397A67C58ACD8CAEE.e.7586/click - {}
RESULT: {}
COMMAND: GET /session/85842d14400d925143d12204a9eb11ff/screenshot - {}
RESULT: {}
COMMAND: POST /session/85842d14400d925143d12204a9eb11ff/execute/async - {"script":"<script> [1562 bytes]","args":[{"selector":{"id":"contractDetailTitleNoExpanded","viewName":"etm.portal.ui.managecontracts.view.Detail"},"wdio_ui5_key":"contractDetailTitleNoExpandedetmportal.ui.managecontracts.view.Detail"}]}
RESULT: {"script":"<script> [1562 bytes]","args":[{"selector":{"id":"contractDetailTitleNoExpanded","viewName":"etm.portal.ui.managecontracts.view.Detail"},"wdio_ui5_key":"contractDetailTitleNoExpandedetmportal.ui.managecontracts.view.Detail"}]}
RESULT: undefined
COMMAND: POST /session/85842d14400d925143d12204a9eb11ff/execute/async - {"script":"<script> [6424 bytes]","args":[{"element-6066-11e4-a52e-4f735466cecf":"f.F943DB1403663130BF14B631DBCBD046.d.B78FDD09BD47E97397A67C58ACD8CAEE.e.7595"},"getText",[]]}
RESULT: {"script":"<script> [6424 bytes]","args":[{"element-6066-11e4-a52e-4f735466cecf":"f.F943DB1403663130BF14B631DBCBD046.d.B78FDD09BD47E97397A67C58ACD8CAEE.e.7595"},"getText",[]]}
COMMAND: POST /session/85842d14400d925143d12204a9eb11ff/execute/async - {"script":"<script> [1562 bytes]","args":[{"selector":{"id":"closeContractBtn","viewName":"etm.portal.ui.managecontracts.view.Detail"},"wdio_ui5_key":"closeContractBtnetmportal.ui.managecontracts.view.Detail"}]}
RESULT: {"script":"<script> [1562 bytes]","args":[{"selector":{"id":"closeContractBtn","viewName":"etm.portal.ui.managecontracts.view.Detail"},"wdio_ui5_key":"closeContractBtnetmportal.ui.managecontracts.view.Detail"}]}
RESULT: undefined
COMMAND: POST /session/85842d14400d925143d12204a9eb11ff/execute/async - {"script":"<script> [6424 bytes]","args":[{"element-6066-11e4-a52e-4f735466cecf":"f.F943DB1403663130BF14B631DBCBD046.d.B78FDD09BD47E97397A67C58ACD8CAEE.e.7596"},"getEnabled",[]]}
RESULT: {"script":"<script> [6424 bytes]","args":[{"element-6066-11e4-a52e-4f735466cecf":"f.F943DB1403663130BF14B631DBCBD046.d.B78FDD09BD47E97397A67C58ACD8CAEE.e.7596"},"getEnabled",[]]}
COMMAND: POST /session/85842d14400d925143d12204a9eb11ff/element - {"using":"xpath","value":"//button[@data-kt=\"contractDetailEditBtnButton\"]"}
RESULT: {"using":"xpath","value":"//button[@data-kt=\"contractDetailEditBtnButton\"]"}
COMMAND: POST /session/85842d14400d925143d12204a9eb11ff/element/f.F943DB1403663130BF14B631DBCBD046.d.B78FDD09BD47E97397A67C58ACD8CAEE.e.7597/click - {}
RESULT: {}
COMMAND: GET /session/85842d14400d925143d12204a9eb11ff/screenshot - {}
RESULT: {}
COMMAND: POST /session/85842d14400d925143d12204a9eb11ff/element - {"using":"xpath","value":"(//span[contains(text(), \"Additional Addresses\")])[2]"}
RESULT: {"using":"xpath","value":"(//span[contains(text(), \"Additional Addresses\")])[2]"}
COMMAND: POST /session/85842d14400d925143d12204a9eb11ff/element/f.F943DB1403663130BF14B631DBCBD046.d.B78FDD09BD47E97397A67C58ACD8CAEE.e.7654/click - {}
RESULT: {}
COMMAND: GET /session/85842d14400d925143d12204a9eb11ff/screenshot - {}
RESULT: {}
COMMAND: POST /session/85842d14400d925143d12204a9eb11ff/element - {"using":"xpath","value":"//button[@data-kt=\"btnAddTableRowOverflowToolbarButton\"]"}
RESULT: {"using":"xpath","value":"//button[@data-kt=\"btnAddTableRowOverflowToolbarButton\"]"}
COMMAND: POST /session/85842d14400d925143d12204a9eb11ff/element/f.F943DB1403663130BF14B631DBCBD046.d.B78FDD09BD47E97397A67C58ACD8CAEE.e.7656/click - {}
RESULT: {}
COMMAND: GET /session/85842d14400d925143d12204a9eb11ff/screenshot - {}
RESULT: {}
COMMAND: POST /session/85842d14400d925143d12204a9eb11ff/element - {"using":"xpath","value":"//div[(text() = 'Standard Entry' or . = 'Standard Entry')]"}
RESULT: {"using":"xpath","value":"//div[(text() = 'Standard Entry' or . = 'Standard Entry')]"}
COMMAND: POST /session/85842d14400d925143d12204a9eb11ff/element/f.F943DB1403663130BF14B631DBCBD046.d.B78FDD09BD47E97397A67C58ACD8CAEE.e.7658/click - {}
RESULT: {}
COMMAND: POST /session/85842d14400d925143d12204a9eb11ff/element - {"using":"xpath","value":"//td[6]/div/div/input[1]"}
COMMAND: GET /session/85842d14400d925143d12204a9eb11ff/screenshot - {}
RESULT: {"using":"xpath","value":"//td[6]/div/div/input[1]"}
COMMAND: POST /session/85842d14400d925143d12204a9eb11ff/element/f.F943DB1403663130BF14B631DBCBD046.d.B78FDD09BD47E97397A67C58ACD8CAEE.e.7660/click - {}
RESULT: {}
RESULT: {}
COMMAND: POST /session/85842d14400d925143d12204a9eb11ff/actions - {"actions":[{"id":"action37","type":"key","parameters":{},"actions":[{"type":"keyDown","value":"î€ƒ"},{"type":"pause","duration":10},{"type":"keyUp","value":"î€ƒ"}]}]}
COMMAND: GET /session/85842d14400d925143d12204a9eb11ff/screenshot - {}
RESULT: {"actions":[{"id":"action37","type":"key","parameters":{},"actions":[{"type":"keyDown","value":"î€ƒ"},{"type":"pause","duration":10},{"type":"keyUp","value":"î€ƒ"}]}]}
COMMAND: POST /session/85842d14400d925143d12204a9eb11ff/element - {"using":"xpath","value":"//td[6]/div/div/input[1]"}
COMMAND: GET /session/85842d14400d925143d12204a9eb11ff/screenshot - {}
RESULT: {}
RESULT: {"using":"xpath","value":"//td[6]/div/div/input[1]"}
COMMAND: POST /session/85842d14400d925143d12204a9eb11ff/element/f.F943DB1403663130BF14B631DBCBD046.d.B78FDD09BD47E97397A67C58ACD8CAEE.e.7660/clear - {}
RESULT: {}
RESULT: {}
COMMAND: POST /session/85842d14400d925143d12204a9eb11ff/element/f.F943DB1403663130BF14B631DBCBD046.d.B78FDD09BD47E97397A67C58ACD8CAEE.e.7660/value - {"text":"Material"}
COMMAND: GET /session/85842d14400d925143d12204a9eb11ff/screenshot - {}
RESULT: {"text":"Material"}
COMMAND: GET /session/85842d14400d925143d12204a9eb11ff/screenshot - {}
RESULT: {}
RESULT: {}
COMMAND: POST /session/85842d14400d925143d12204a9eb11ff/actions - {"actions":[{"id":"action38","type":"key","parameters":{},"actions":[{"type":"keyDown","value":"î€‡"},{"type":"pause","duration":10},{"type":"keyUp","value":"î€‡"}]}]}
RESULT: {"actions":[{"id":"action38","type":"key","parameters":{},"actions":[{"type":"keyDown","value":"î€‡"},{"type":"pause","duration":10},{"type":"keyUp","value":"î€‡"}]}]}
COMMAND: GET /session/85842d14400d925143d12204a9eb11ff/screenshot - {}
COMMAND: POST /session/85842d14400d925143d12204a9eb11ff/actions - {"actions":[{"id":"action39","type":"key","parameters":{},"actions":[{"type":"keyDown","value":"î€‡"},{"type":"pause","duration":10},{"type":"keyUp","value":"î€‡"}]}]}
RESULT: {}
RESULT: {"actions":[{"id":"action39","type":"key","parameters":{},"actions":[{"type":"keyDown","value":"î€‡"},{"type":"pause","duration":10},{"type":"keyUp","value":"î€‡"}]}]}
COMMAND: POST /session/85842d14400d925143d12204a9eb11ff/element - {"using":"xpath","value":"//td[7]/div/div/input"}
COMMAND: GET /session/85842d14400d925143d12204a9eb11ff/screenshot - {}
RESULT: {"using":"xpath","value":"//td[7]/div/div/input"}
COMMAND: POST /session/85842d14400d925143d12204a9eb11ff/element/f.F943DB1403663130BF14B631DBCBD046.d.B78FDD09BD47E97397A67C58ACD8CAEE.e.7673/clear - {}
RESULT: {}
RESULT: {}
COMMAND: POST /session/85842d14400d925143d12204a9eb11ff/element/f.F943DB1403663130BF14B631DBCBD046.d.B78FDD09BD47E97397A67C58ACD8CAEE.e.7673/value - {"text":"WebdriverRUR2Cfrz4c"}
COMMAND: GET /session/85842d14400d925143d12204a9eb11ff/screenshot - {}
RESULT: {"text":"WebdriverRUR2Cfrz4c"}
COMMAND: GET /session/85842d14400d925143d12204a9eb11ff/screenshot - {}
RESULT: {}
RESULT: {}
COMMAND: POST /session/85842d14400d925143d12204a9eb11ff/actions - {"actions":[{"id":"action40","type":"key","parameters":{},"actions":[{"type":"keyDown","value":"î€‡"},{"type":"pause","duration":10},{"type":"keyUp","value":"î€‡"}]}]}
RESULT: {"actions":[{"id":"action40","type":"key","parameters":{},"actions":[{"type":"keyDown","value":"î€‡"},{"type":"pause","duration":10},{"type":"keyUp","value":"î€‡"}]}]}
COMMAND: GET /session/85842d14400d925143d12204a9eb11ff/screenshot - {}
RESULT: {}
COMMAND: POST /session/85842d14400d925143d12204a9eb11ff/actions - {"actions":[{"id":"action41","type":"key","parameters":{},"actions":[{"type":"keyDown","value":"î€‡"},{"type":"pause","duration":10},{"type":"keyUp","value":"î€‡"}]}]}
RESULT: {"actions":[{"id":"action41","type":"key","parameters":{},"actions":[{"type":"keyDown","value":"î€‡"},{"type":"pause","duration":10},{"type":"keyUp","value":"î€‡"}]}]}
COMMAND: GET /session/85842d14400d925143d12204a9eb11ff/screenshot - {}
RESULT: {}
COMMAND: POST /session/85842d14400d925143d12204a9eb11ff/element - {"using":"xpath","value":"(//button[@data-kt=\"saveButton\"])[2]"}
RESULT: {"using":"xpath","value":"(//button[@data-kt=\"saveButton\"])[2]"}
COMMAND: POST /session/85842d14400d925143d12204a9eb11ff/element/f.F943DB1403663130BF14B631DBCBD046.d.B78FDD09BD47E97397A67C58ACD8CAEE.e.7699/click - {}
RESULT: {}
COMMAND: GET /session/85842d14400d925143d12204a9eb11ff/screenshot - {}
RESULT: {}
]]></system-out>
    </testcase>
    <testcase classname="chrome.136_0_7103_93.windows.Standard_contract_close-reopen_US111278" name="It should close the contract" time="21.37">
      <system-out><![CDATA[
RESULT: undefined
COMMAND: POST /session/85842d14400d925143d12204a9eb11ff/element - {"using":"xpath","value":"//*[@id=\"__xmlview64--closeContractBtn\"]"}
RESULT: {"using":"xpath","value":"//*[@id=\"__xmlview64--closeContractBtn\"]"}
COMMAND: POST /session/85842d14400d925143d12204a9eb11ff/element/f.F943DB1403663130BF14B631DBCBD046.d.B78FDD09BD47E97397A67C58ACD8CAEE.e.7596/click - {}
RESULT: {}
COMMAND: GET /session/85842d14400d925143d12204a9eb11ff/screenshot - {}
RESULT: {}
COMMAND: POST /session/85842d14400d925143d12204a9eb11ff/element - {"using":"xpath","value":"//span[contains(text(), \"Do you want to close the whole contract?\")]"}
RESULT: {"using":"xpath","value":"//span[contains(text(), \"Do you want to close the whole contract?\")]"}
COMMAND: POST /session/85842d14400d925143d12204a9eb11ff/execute/sync - {"script":"<script> [8489 bytes]","args":[{"element-6066-11e4-a52e-4f735466cecf":"f.F943DB1403663130BF14B631DBCBD046.d.B78FDD09BD47E97397A67C58ACD8CAEE.e.7703","ELEMENT":"f.F943DB1403663130BF14B631DBCBD046.d.B78FDD09BD47E97397A67C58ACD8CAEE.e.7703"}]}
RESULT: {"script":"<script> [8489 bytes]","args":[{"element-6066-11e4-a52e-4f735466cecf":"f.F943DB1403663130BF14B631DBCBD046.d.B78FDD09BD47E97397A67C58ACD8CAEE.e.7703","ELEMENT":"f.F943DB1403663130BF14B631DBCBD046.d.B78FDD09BD47E97397A67C58ACD8CAEE.e.7703"}]}
COMMAND: POST /session/85842d14400d925143d12204a9eb11ff/element - {"using":"xpath","value":"//bdi[contains(text(), \"OK\")]"}
COMMAND: GET /session/85842d14400d925143d12204a9eb11ff/screenshot - {}
RESULT: {"using":"xpath","value":"//bdi[contains(text(), \"OK\")]"}
COMMAND: POST /session/85842d14400d925143d12204a9eb11ff/element/f.F943DB1403663130BF14B631DBCBD046.d.B78FDD09BD47E97397A67C58ACD8CAEE.e.7704/click - {}
RESULT: {}
RESULT: {}
COMMAND: GET /session/85842d14400d925143d12204a9eb11ff/screenshot - {}
RESULT: {}
COMMAND: POST /session/85842d14400d925143d12204a9eb11ff/element - {"using":"xpath","value":"//input[contains(@id ,\"smartContractFilterBar-btnBasicSearch-I\")]"}
RESULT: {"using":"xpath","value":"//input[contains(@id ,\"smartContractFilterBar-btnBasicSearch-I\")]"}
COMMAND: POST /session/85842d14400d925143d12204a9eb11ff/element/f.F943DB1403663130BF14B631DBCBD046.d.B78FDD09BD47E97397A67C58ACD8CAEE.e.7211/clear - {}
RESULT: {}
COMMAND: POST /session/85842d14400d925143d12204a9eb11ff/element/f.F943DB1403663130BF14B631DBCBD046.d.B78FDD09BD47E97397A67C58ACD8CAEE.e.7211/value - {"text":"10368"}
COMMAND: GET /session/85842d14400d925143d12204a9eb11ff/screenshot - {}
RESULT: {"text":"10368"}
COMMAND: POST /session/85842d14400d925143d12204a9eb11ff/actions - {"actions":[{"id":"action42","type":"key","parameters":{},"actions":[{"type":"keyDown","value":"î€‡"},{"type":"pause","duration":10},{"type":"keyUp","value":"î€‡"}]}]}
COMMAND: GET /session/85842d14400d925143d12204a9eb11ff/screenshot - {}
RESULT: {}
RESULT: {"actions":[{"id":"action42","type":"key","parameters":{},"actions":[{"type":"keyDown","value":"î€‡"},{"type":"pause","duration":10},{"type":"keyUp","value":"î€‡"}]}]}
COMMAND: GET /session/85842d14400d925143d12204a9eb11ff/screenshot - {}
RESULT: {}
RESULT: {}
COMMAND: POST /session/85842d14400d925143d12204a9eb11ff/execute/async - {"script":"<script> [1562 bytes]","args":[{"selector":{"controlType":"sap.ui.core.Icon","viewName":"etm.portal.ui.managecontracts.view.Master","properties":{"src":{"regex":{"source":"slim\\-arrow\\-right"}}}},"wdio_ui5_key":"etmportal.ui.managecontracts.view.Mastersap.ui.core.Icon{\"src\":{\"regex\":{\"source\":\"slim\\\\-arrow\\\\-right\"}}}"}]}
RESULT: {"script":"<script> [1562 bytes]","args":[{"selector":{"controlType":"sap.ui.core.Icon","viewName":"etm.portal.ui.managecontracts.view.Master","properties":{"src":{"regex":{"source":"slim\\-arrow\\-right"}}}},"wdio_ui5_key":"etmportal.ui.managecontracts.view.Mastersap.ui.core.Icon{\"src\":{\"regex\":{\"source\":\"slim\\\\-arrow\\\\-right\"}}}"}]}
RESULT: undefined
COMMAND: POST /session/85842d14400d925143d12204a9eb11ff/element - {"using":"xpath","value":"//*[@id=\"__item126-__clone5256-imgNav\"]"}
RESULT: {"using":"xpath","value":"//*[@id=\"__item126-__clone5256-imgNav\"]"}
COMMAND: POST /session/85842d14400d925143d12204a9eb11ff/element/f.F943DB1403663130BF14B631DBCBD046.d.B78FDD09BD47E97397A67C58ACD8CAEE.e.7913/click - {}
RESULT: {}
COMMAND: POST /session/85842d14400d925143d12204a9eb11ff/execute/async - {"script":"<script> [1562 bytes]","args":[{"selector":{"controlType":"sap.m.ObjectStatus","viewName":"etm.portal.ui.managecontracts.view.Detail","bindingPath":{"propertyPath":"LINK_TO_LOGISTICAL_STATUS/DESCRIPTION","modelName":"catalogModel"}},"wdio_ui5_key":"etmportal.ui.managecontracts.view.Detailsap.m.ObjectStatus{\"propertyPath\":\"LINK_TO_LOGISTICAL_STATUS/DESCRIPTION\",\"modelName\":\"catalogModel\"}"}]}
COMMAND: GET /session/85842d14400d925143d12204a9eb11ff/screenshot - {}
RESULT: {"script":"<script> [1562 bytes]","args":[{"selector":{"controlType":"sap.m.ObjectStatus","viewName":"etm.portal.ui.managecontracts.view.Detail","bindingPath":{"propertyPath":"LINK_TO_LOGISTICAL_STATUS/DESCRIPTION","modelName":"catalogModel"}},"wdio_ui5_key":"etmportal.ui.managecontracts.view.Detailsap.m.ObjectStatus{\"propertyPath\":\"LINK_TO_LOGISTICAL_STATUS/DESCRIPTION\",\"modelName\":\"catalogModel\"}"}]}
RESULT: undefined
COMMAND: POST /session/85842d14400d925143d12204a9eb11ff/execute/async - {"script":"<script> [6424 bytes]","args":[{"element-6066-11e4-a52e-4f735466cecf":"f.F943DB1403663130BF14B631DBCBD046.d.B78FDD09BD47E97397A67C58ACD8CAEE.e.7954"},"getText",[]]}
RESULT: {}
RESULT: {"script":"<script> [6424 bytes]","args":[{"element-6066-11e4-a52e-4f735466cecf":"f.F943DB1403663130BF14B631DBCBD046.d.B78FDD09BD47E97397A67C58ACD8CAEE.e.7954"},"getText",[]]}
]]></system-out>
    </testcase>
    <testcase classname="chrome.136_0_7103_93.windows.Standard_contract_close-reopen_US111278" name="Should reopen the contract" time="9.827">
      <system-out><![CDATA[
COMMAND: POST /session/85842d14400d925143d12204a9eb11ff/execute/async - {"script":"<script> [1562 bytes]","args":[{"selector":{"id":"openContractBtn","viewName":"etm.portal.ui.managecontracts.view.Detail"},"wdio_ui5_key":"openContractBtnetmportal.ui.managecontracts.view.Detail"}]}
RESULT: {"script":"<script> [1562 bytes]","args":[{"selector":{"id":"openContractBtn","viewName":"etm.portal.ui.managecontracts.view.Detail"},"wdio_ui5_key":"openContractBtnetmportal.ui.managecontracts.view.Detail"}]}
RESULT: undefined
COMMAND: POST /session/85842d14400d925143d12204a9eb11ff/execute/async - {"script":"<script> [6424 bytes]","args":[{"element-6066-11e4-a52e-4f735466cecf":"f.F943DB1403663130BF14B631DBCBD046.d.B78FDD09BD47E97397A67C58ACD8CAEE.e.7933"},"getEnabled",[]]}
RESULT: {"script":"<script> [6424 bytes]","args":[{"element-6066-11e4-a52e-4f735466cecf":"f.F943DB1403663130BF14B631DBCBD046.d.B78FDD09BD47E97397A67C58ACD8CAEE.e.7933"},"getEnabled",[]]}
COMMAND: POST /session/85842d14400d925143d12204a9eb11ff/element - {"using":"xpath","value":"//bdi[contains(text(), \"Edit\")]"}
RESULT: {"using":"xpath","value":"//bdi[contains(text(), \"Edit\")]"}
COMMAND: POST /session/85842d14400d925143d12204a9eb11ff/element - {"using":"xpath","value":"//bdi[contains(text(), \"Edit\")]"}
RESULT: undefined
COMMAND: POST /session/85842d14400d925143d12204a9eb11ff/element - {"using":"xpath","value":"//*[@id=\"__xmlview64--openContractBtn\"]"}
RESULT: {"using":"xpath","value":"//bdi[contains(text(), \"Edit\")]"}
RESULT: {"using":"xpath","value":"//*[@id=\"__xmlview64--openContractBtn\"]"}
COMMAND: POST /session/85842d14400d925143d12204a9eb11ff/element/f.F943DB1403663130BF14B631DBCBD046.d.B78FDD09BD47E97397A67C58ACD8CAEE.e.7933/click - {}
RESULT: {}
COMMAND: POST /session/85842d14400d925143d12204a9eb11ff/execute/async - {"script":"<script> [1562 bytes]","args":[{"selector":{"controlType":"sap.m.Text","properties":{"text":"Contract has been reopened successfully"},"searchOpenDialogs":true},"wdio_ui5_key":"sapm.Text{\"text\":\"Contract has been reopened successfully\"}"}]}
COMMAND: GET /session/85842d14400d925143d12204a9eb11ff/screenshot - {}
RESULT: {"script":"<script> [1562 bytes]","args":[{"selector":{"controlType":"sap.m.Text","properties":{"text":"Contract has been reopened successfully"},"searchOpenDialogs":true},"wdio_ui5_key":"sapm.Text{\"text\":\"Contract has been reopened successfully\"}"}]}
RESULT: undefined
COMMAND: POST /session/85842d14400d925143d12204a9eb11ff/execute/async - {"script":"<script> [6424 bytes]","args":[{"element-6066-11e4-a52e-4f735466cecf":"f.F943DB1403663130BF14B631DBCBD046.d.B78FDD09BD47E97397A67C58ACD8CAEE.e.7957"},"getText",[]]}
RESULT: {}
RESULT: {"script":"<script> [6424 bytes]","args":[{"element-6066-11e4-a52e-4f735466cecf":"f.F943DB1403663130BF14B631DBCBD046.d.B78FDD09BD47E97397A67C58ACD8CAEE.e.7957"},"getText",[]]}
COMMAND: POST /session/85842d14400d925143d12204a9eb11ff/element - {"using":"xpath","value":"//bdi[contains(text(), \"OK\")]"}
RESULT: {"using":"xpath","value":"//bdi[contains(text(), \"OK\")]"}
COMMAND: POST /session/85842d14400d925143d12204a9eb11ff/element/f.F943DB1403663130BF14B631DBCBD046.d.B78FDD09BD47E97397A67C58ACD8CAEE.e.7958/click - {}
RESULT: {}
COMMAND: GET /session/85842d14400d925143d12204a9eb11ff/screenshot - {}
RESULT: {}
COMMAND: POST /session/85842d14400d925143d12204a9eb11ff/element - {"using":"xpath","value":"//bdi[contains(text(), \"Edit\")]"}
RESULT: undefined
COMMAND: POST /session/85842d14400d925143d12204a9eb11ff/execute/async - {"script":"<script> [6424 bytes]","args":[{"element-6066-11e4-a52e-4f735466cecf":"f.F943DB1403663130BF14B631DBCBD046.d.B78FDD09BD47E97397A67C58ACD8CAEE.e.7596"},"getEnabled",[]]}
RESULT: {"using":"xpath","value":"//bdi[contains(text(), \"Edit\")]"}
COMMAND: POST /session/85842d14400d925143d12204a9eb11ff/execute/sync - {"script":"<script> [8489 bytes]","args":[{"element-6066-11e4-a52e-4f735466cecf":"f.F943DB1403663130BF14B631DBCBD046.d.B78FDD09BD47E97397A67C58ACD8CAEE.e.7959","ELEMENT":"f.F943DB1403663130BF14B631DBCBD046.d.B78FDD09BD47E97397A67C58ACD8CAEE.e.7959"}]}
COMMAND: POST /session/85842d14400d925143d12204a9eb11ff/execute/async - {"script":"<script> [1562 bytes]","args":[{"selector":{"id":"closeContractBtn","viewName":"etm.portal.ui.managecontracts.view.Detail"},"wdio_ui5_key":"closeContractBtnetmportal.ui.managecontracts.view.Detail"}]}
RESULT: {"script":"<script> [8489 bytes]","args":[{"element-6066-11e4-a52e-4f735466cecf":"f.F943DB1403663130BF14B631DBCBD046.d.B78FDD09BD47E97397A67C58ACD8CAEE.e.7959","ELEMENT":"f.F943DB1403663130BF14B631DBCBD046.d.B78FDD09BD47E97397A67C58ACD8CAEE.e.7959"}]}
COMMAND: GET /session/85842d14400d925143d12204a9eb11ff/screenshot - {}
RESULT: {"script":"<script> [1562 bytes]","args":[{"selector":{"id":"closeContractBtn","viewName":"etm.portal.ui.managecontracts.view.Detail"},"wdio_ui5_key":"closeContractBtnetmportal.ui.managecontracts.view.Detail"}]}
COMMAND: POST /session/85842d14400d925143d12204a9eb11ff/execute/async - {"script":"<script> [6424 bytes]","args":[{"element-6066-11e4-a52e-4f735466cecf":"f.F943DB1403663130BF14B631DBCBD046.d.B78FDD09BD47E97397A67C58ACD8CAEE.e.7960"},"getEnabled",[]]}
RESULT: {}
RESULT: {"script":"<script> [6424 bytes]","args":[{"element-6066-11e4-a52e-4f735466cecf":"f.F943DB1403663130BF14B631DBCBD046.d.B78FDD09BD47E97397A67C58ACD8CAEE.e.7960"},"getEnabled",[]]}
]]></system-out>
    </testcase>
    <testcase classname="chrome.136_0_7103_93.windows.Standard_contract_close-reopen_US111278" name="Should verify for multiple statuses that open button is not visible" time="76.388">
      <system-out><![CDATA[
COMMAND: POST /session/85842d14400d925143d12204a9eb11ff/execute/async - {"script":"<script> [1562 bytes]","args":[{"selector":{"controlType":"sap.ui.core.Icon","viewName":"etm.portal.ui.managecontracts.view.Detail","properties":{"src":{"regex":{"source":"decline"}}}},"wdio_ui5_key":"etmportal.ui.managecontracts.view.Detailsap.ui.core.Icon{\"src\":{\"regex\":{\"source\":\"decline\"}}}"}]}
RESULT: {"script":"<script> [1562 bytes]","args":[{"selector":{"controlType":"sap.ui.core.Icon","viewName":"etm.portal.ui.managecontracts.view.Detail","properties":{"src":{"regex":{"source":"decline"}}}},"wdio_ui5_key":"etmportal.ui.managecontracts.view.Detailsap.ui.core.Icon{\"src\":{\"regex\":{\"source\":\"decline\"}}}"}]}
RESULT: undefined
COMMAND: POST /session/85842d14400d925143d12204a9eb11ff/element - {"using":"xpath","value":"//*[@id=\"__xmlview64--closeColumnBtn-img\"]"}
RESULT: {"using":"xpath","value":"//*[@id=\"__xmlview64--closeColumnBtn-img\"]"}
COMMAND: POST /session/85842d14400d925143d12204a9eb11ff/element/f.F943DB1403663130BF14B631DBCBD046.d.B78FDD09BD47E97397A67C58ACD8CAEE.e.7931/click - {}
RESULT: {}
COMMAND: GET /session/85842d14400d925143d12204a9eb11ff/screenshot - {}
COMMAND: POST /session/85842d14400d925143d12204a9eb11ff/element - {"using":"xpath","value":"//div[contains(@id ,\"smartContractFilterBar-btnBasicSearch-reset\")]"}
RESULT: {}
RESULT: {"using":"xpath","value":"//div[contains(@id ,\"smartContractFilterBar-btnBasicSearch-reset\")]"}
COMMAND: POST /session/85842d14400d925143d12204a9eb11ff/element/f.F943DB1403663130BF14B631DBCBD046.d.B78FDD09BD47E97397A67C58ACD8CAEE.e.7932/click - {}
RESULT: {}
COMMAND: GET /session/85842d14400d925143d12204a9eb11ff/screenshot - {}
COMMAND: POST /session/85842d14400d925143d12204a9eb11ff/execute/async - {"script":"<script> [1562 bytes]","args":[{"selector":{"controlType":"sap.ui.core.Icon","viewName":"etm.portal.ui.managecontracts.view.Master","properties":{"src":{"regex":{"source":"slim\\-arrow\\-down"}}},"ancestor":{"id":"smartContractStatusFilter","viewName":"etm.portal.ui.managecontracts.view.Master"}},"wdio_ui5_key":"etmportal.ui.managecontracts.view.Mastersap.ui.core.Icon{\"src\":{\"regex\":{\"source\":\"slim\\\\-arrow\\\\-down\"}}}{\"id\":\"smartContractStatusFilter\",\"viewName\":\"etm.portal.ui.managecontracts.view.Master\"}"}]}
RESULT: {}
RESULT: {"script":"<script> [1562 bytes]","args":[{"selector":{"controlType":"sap.ui.core.Icon","viewName":"etm.portal.ui.managecontracts.view.Master","properties":{"src":{"regex":{"source":"slim\\-arrow\\-down"}}},"ancestor":{"id":"smartContractStatusFilter","viewName":"etm.portal.ui.managecontracts.view.Master"}},"wdio_ui5_key":"etmportal.ui.managecontracts.view.Mastersap.ui.core.Icon{\"src\":{\"regex\":{\"source\":\"slim\\\\-arrow\\\\-down\"}}}{\"id\":\"smartContractStatusFilter\",\"viewName\":\"etm.portal.ui.managecontracts.view.Master\"}"}]}
RESULT: undefined
COMMAND: POST /session/85842d14400d925143d12204a9eb11ff/element - {"using":"xpath","value":"//*[@id=\"__xmlview63--smartContractStatusFilter-arrow\"]"}
RESULT: {"using":"xpath","value":"//*[@id=\"__xmlview63--smartContractStatusFilter-arrow\"]"}
COMMAND: POST /session/85842d14400d925143d12204a9eb11ff/element/f.F943DB1403663130BF14B631DBCBD046.d.B78FDD09BD47E97397A67C58ACD8CAEE.e.8005/click - {}
RESULT: {}
COMMAND: POST /session/85842d14400d925143d12204a9eb11ff/execute/async - {"script":"<script> [1562 bytes]","args":[{"selector":{"controlType":"sap.m.CheckBox","viewName":"etm.portal.ui.managecontracts.view.Master","properties":{"editable":true},"searchOpenDialogs":true,"ancestor":{"controlType":"sap.m.StandardListItem","viewName":"etm.portal.ui.managecontracts.view.Master","properties":{"title":"partial provided"},"searchOpenDialogs":true},"interaction":{"idSuffix":"CbBg"}},"wdio_ui5_key":"etmportal.ui.managecontracts.view.Mastersap.m.CheckBox{\"editable\":true}{\"controlType\":\"sap.m.StandardListItem\",\"viewName\":\"etm.portal.ui.managecontracts.view.Master\",\"properties\":{\"title\":\"partial provided\"},\"searchOpenDialogs\":true}"}]}
COMMAND: GET /session/85842d14400d925143d12204a9eb11ff/screenshot - {}
RESULT: {"script":"<script> [1562 bytes]","args":[{"selector":{"controlType":"sap.m.CheckBox","viewName":"etm.portal.ui.managecontracts.view.Master","properties":{"editable":true},"searchOpenDialogs":true,"ancestor":{"controlType":"sap.m.StandardListItem","viewName":"etm.portal.ui.managecontracts.view.Master","properties":{"title":"partial provided"},"searchOpenDialogs":true},"interaction":{"idSuffix":"CbBg"}},"wdio_ui5_key":"etmportal.ui.managecontracts.view.Mastersap.m.CheckBox{\"editable\":true}{\"controlType\":\"sap.m.StandardListItem\",\"viewName\":\"etm.portal.ui.managecontracts.view.Master\",\"properties\":{\"title\":\"partial provided\"},\"searchOpenDialogs\":true}"}]}
RESULT: undefined
COMMAND: POST /session/85842d14400d925143d12204a9eb11ff/element - {"using":"xpath","value":"//*[@id=\"__item1692-selectMulti\"]"}
RESULT: {}
RESULT: {"using":"xpath","value":"//*[@id=\"__item1692-selectMulti\"]"}
COMMAND: POST /session/85842d14400d925143d12204a9eb11ff/element/f.F943DB1403663130BF14B631DBCBD046.d.B78FDD09BD47E97397A67C58ACD8CAEE.e.8014/click - {}
RESULT: {}
COMMAND: GET /session/85842d14400d925143d12204a9eb11ff/screenshot - {}
RESULT: {}
COMMAND: POST /session/85842d14400d925143d12204a9eb11ff/element - {"using":"xpath","value":"(//span[contains(@title ,\"Navigation\")])[2]"}
RESULT: {"using":"xpath","value":"(//span[contains(@title ,\"Navigation\")])[2]"}
COMMAND: POST /session/85842d14400d925143d12204a9eb11ff/element/f.F943DB1403663130BF14B631DBCBD046.d.B78FDD09BD47E97397A67C58ACD8CAEE.e.8047/click - {}
RESULT: {}
COMMAND: GET /session/85842d14400d925143d12204a9eb11ff/screenshot - {}
RESULT: {}
COMMAND: POST /session/85842d14400d925143d12204a9eb11ff/element - {"using":"xpath","value":"//bdi[contains(@id ,\"closeContractBtn-BDI-content\")]"}
RESULT: {"using":"xpath","value":"//bdi[contains(@id ,\"closeContractBtn-BDI-content\")]"}
COMMAND: POST /session/85842d14400d925143d12204a9eb11ff/execute/sync - {"script":"<script> [8489 bytes]","args":[{"element-6066-11e4-a52e-4f735466cecf":"f.F943DB1403663130BF14B631DBCBD046.d.B78FDD09BD47E97397A67C58ACD8CAEE.e.8236","ELEMENT":"f.F943DB1403663130BF14B631DBCBD046.d.B78FDD09BD47E97397A67C58ACD8CAEE.e.8236"}]}
RESULT: undefined
COMMAND: POST /session/85842d14400d925143d12204a9eb11ff/element - {"using":"xpath","value":"//*[@id=\"__xmlview64--closeColumnBtn-img\"]"}
RESULT: {"script":"<script> [8489 bytes]","args":[{"element-6066-11e4-a52e-4f735466cecf":"f.F943DB1403663130BF14B631DBCBD046.d.B78FDD09BD47E97397A67C58ACD8CAEE.e.8236","ELEMENT":"f.F943DB1403663130BF14B631DBCBD046.d.B78FDD09BD47E97397A67C58ACD8CAEE.e.8236"}]}
COMMAND: GET /session/85842d14400d925143d12204a9eb11ff/screenshot - {}
RESULT: {"using":"xpath","value":"//*[@id=\"__xmlview64--closeColumnBtn-img\"]"}
COMMAND: POST /session/85842d14400d925143d12204a9eb11ff/element/f.F943DB1403663130BF14B631DBCBD046.d.B78FDD09BD47E97397A67C58ACD8CAEE.e.7931/click - {}
RESULT: {}
RESULT: {}
COMMAND: GET /session/85842d14400d925143d12204a9eb11ff/screenshot - {}
COMMAND: POST /session/85842d14400d925143d12204a9eb11ff/execute/sync - {"script":"<script> [8489 bytes]","args":[{"element-6066-11e4-a52e-4f735466cecf":"f.F943DB1403663130BF14B631DBCBD046.d.B78FDD09BD47E97397A67C58ACD8CAEE.e.8236","ELEMENT":"f.F943DB1403663130BF14B631DBCBD046.d.B78FDD09BD47E97397A67C58ACD8CAEE.e.8236"}]}
COMMAND: POST /session/85842d14400d925143d12204a9eb11ff/refresh - {}
RESULT: {}
RESULT: {"script":"<script> [8489 bytes]","args":[{"element-6066-11e4-a52e-4f735466cecf":"f.F943DB1403663130BF14B631DBCBD046.d.B78FDD09BD47E97397A67C58ACD8CAEE.e.8236","ELEMENT":"f.F943DB1403663130BF14B631DBCBD046.d.B78FDD09BD47E97397A67C58ACD8CAEE.e.8236"}]}
COMMAND: GET /session/85842d14400d925143d12204a9eb11ff/screenshot - {}
RESULT: {}
COMMAND: GET /session/85842d14400d925143d12204a9eb11ff/screenshot - {}
RESULT: {}
RESULT: {}
COMMAND: POST /session/85842d14400d925143d12204a9eb11ff/execute/async - {"script":"<script> [189 bytes]","args":[]}
RESULT: {"script":"<script> [189 bytes]","args":[]}
COMMAND: POST /session/85842d14400d925143d12204a9eb11ff/execute/async - {"script":"<script> [123 bytes]","args":[]}
RESULT: {"script":"<script> [123 bytes]","args":[]}
COMMAND: POST /session/85842d14400d925143d12204a9eb11ff/timeouts - {"script":"<number>"}
RESULT: {"script":"<number>"}
COMMAND: GET /session/85842d14400d925143d12204a9eb11ff/timeouts - {}
RESULT: {}
RESULT: undefined
COMMAND: POST /session/85842d14400d925143d12204a9eb11ff/execute/async - {"script":"<script> [2676 bytes]","args":[]}
RESULT: {"script":"<script> [2676 bytes]","args":[]}
COMMAND: POST /session/85842d14400d925143d12204a9eb11ff/execute/async - {"script":"<script> [2342 bytes]","args":[{"protocol":"http","hostname":"0.0.0.0","path":"/","capabilities":{"browserName":"chrome","goog:chromeOptions":{"binary":"C:\\Program Files\\Google\\Chrome\\Application\\chrome.exe","args":["--start-maximized"]}},"logLevel":"warn","connectionRetryTimeout":120000,"connectionRetryCount":3,"logLevels":{},"enableDirectConnect":true,"strictSSL":true,"_":"65 more keys: [\"cacheDir\",\"port\",\"requestedCapabilities\",\"automationProtocol\",\"baseUrl\",\"waitforInterval\",\"waitforTimeout\",\"onReload\",\"beforeCommand\",\"afterCommand\",\"rootDir\",\"specs\",\"suites\",\"exclude\",\"groupLogsByTestSpec\",\"excludeDriverLogs\",\"bail\",\"framework\",\"reporters\",\"services\",\"maxInstances\",\"maxInstancesPerCapability\",\"injectGlobals\",\"filesToWatch\",\"execArgv\",\"runnerEnv\",\"runner\",\"shard\",\"specFileRetries\",\"specFileRetriesDelay\",\"specFileRetriesDeferred\",\"reporterSyncInterval\",\"reporterSyncTimeout\",\"cucumberFeaturesWithLineNumbers\",\"autoCompileOpts\",\"mochaOpts\",\"jasmineOpts\",\"cucumberOpts\",\"onPrepare\",\"onWorkerStart\",\"onWorkerEnd\",\"before\",\"beforeSession\",\"beforeSuite\",\"beforeHook\",\"beforeTest\",\"afterTest\",\"afterHook\",\"afterSuite\",\"afterSession\",\"after\",\"onComplete\",\"beforeAssertion\",\"afterAssertion\",\"beforeFeature\",\"beforeScenario\",\"beforeStep\",\"afterStep\",\"afterScenario\",\"afterFeature\",\"_\",\"suite\",\"$0\",\"ignoredWorkerServices\",\"wdi5\"]"}]}
RESULT: {"script":"<script> [2342 bytes]","args":[{"protocol":"http","hostname":"0.0.0.0","path":"/","capabilities":{"browserName":"chrome","goog:chromeOptions":{"binary":"C:\\Program Files\\Google\\Chrome\\Application\\chrome.exe","args":["--start-maximized"]}},"logLevel":"warn","connectionRetryTimeout":120000,"connectionRetryCount":3,"logLevels":{},"enableDirectConnect":true,"strictSSL":true,"_":"65 more keys: [\"cacheDir\",\"port\",\"requestedCapabilities\",\"automationProtocol\",\"baseUrl\",\"waitforInterval\",\"waitforTimeout\",\"onReload\",\"beforeCommand\",\"afterCommand\",\"rootDir\",\"specs\",\"suites\",\"exclude\",\"groupLogsByTestSpec\",\"excludeDriverLogs\",\"bail\",\"framework\",\"reporters\",\"services\",\"maxInstances\",\"maxInstancesPerCapability\",\"injectGlobals\",\"filesToWatch\",\"execArgv\",\"runnerEnv\",\"runner\",\"shard\",\"specFileRetries\",\"specFileRetriesDelay\",\"specFileRetriesDeferred\",\"reporterSyncInterval\",\"reporterSyncTimeout\",\"cucumberFeaturesWithLineNumbers\",\"autoCompileOpts\",\"mochaOpts\",\"jasmineOpts\",\"cucumberOpts\",\"onPrepare\",\"onWorkerStart\",\"onWorkerEnd\",\"before\",\"beforeSession\",\"beforeSuite\",\"beforeHook\",\"beforeTest\",\"afterTest\",\"afterHook\",\"afterSuite\",\"afterSession\",\"after\",\"onComplete\",\"beforeAssertion\",\"afterAssertion\",\"beforeFeature\",\"beforeScenario\",\"beforeStep\",\"afterStep\",\"afterScenario\",\"afterFeature\",\"_\",\"suite\",\"$0\",\"ignoredWorkerServices\",\"wdi5\"]"}]}
COMMAND: POST /session/85842d14400d925143d12204a9eb11ff/execute/async - {"script":"<script> [21126 bytes]","args":[35000]}
RESULT: {"script":"<script> [21126 bytes]","args":[35000]}
COMMAND: POST /session/85842d14400d925143d12204a9eb11ff/execute/async - {"script":"<script> [1562 bytes]","args":[{"selector":{"controlType":"sap.ui.core.Icon","viewName":"etm.portal.ui.managecontracts.view.Master","properties":{"src":{"regex":{"source":"slim\\-arrow\\-down"}}},"ancestor":{"id":"smartContractStatusFilter","viewName":"etm.portal.ui.managecontracts.view.Master"}},"wdio_ui5_key":"etmportal.ui.managecontracts.view.Mastersap.ui.core.Icon{\"src\":{\"regex\":{\"source\":\"slim\\\\-arrow\\\\-down\"}}}{\"id\":\"smartContractStatusFilter\",\"viewName\":\"etm.portal.ui.managecontracts.view.Master\"}"}]}
RESULT: {"script":"<script> [1562 bytes]","args":[{"selector":{"controlType":"sap.ui.core.Icon","viewName":"etm.portal.ui.managecontracts.view.Master","properties":{"src":{"regex":{"source":"slim\\-arrow\\-down"}}},"ancestor":{"id":"smartContractStatusFilter","viewName":"etm.portal.ui.managecontracts.view.Master"}},"wdio_ui5_key":"etmportal.ui.managecontracts.view.Mastersap.ui.core.Icon{\"src\":{\"regex\":{\"source\":\"slim\\\\-arrow\\\\-down\"}}}{\"id\":\"smartContractStatusFilter\",\"viewName\":\"etm.portal.ui.managecontracts.view.Master\"}"}]}
RESULT: undefined
COMMAND: POST /session/85842d14400d925143d12204a9eb11ff/element - {"using":"xpath","value":"//*[@id=\"__xmlview0--smartContractStatusFilter-arrow\"]"}
RESULT: {"using":"xpath","value":"//*[@id=\"__xmlview0--smartContractStatusFilter-arrow\"]"}
COMMAND: POST /session/85842d14400d925143d12204a9eb11ff/element/f.F943DB1403663130BF14B631DBCBD046.d.EF3E4CB2681678BCECB2854342F0D59E.e.8426/click - {}
RESULT: {}
COMMAND: GET /session/85842d14400d925143d12204a9eb11ff/screenshot - {}
RESULT: {}
COMMAND: POST /session/85842d14400d925143d12204a9eb11ff/execute/async - {"script":"<script> [1562 bytes]","args":[{"selector":{"controlType":"sap.m.CheckBox","viewName":"etm.portal.ui.managecontracts.view.Master","properties":{"editable":true},"searchOpenDialogs":true,"ancestor":{"controlType":"sap.m.StandardListItem","viewName":"etm.portal.ui.managecontracts.view.Master","properties":{"title":"partial billed"},"searchOpenDialogs":true},"interaction":{"idSuffix":"CbBg"}},"wdio_ui5_key":"etmportal.ui.managecontracts.view.Mastersap.m.CheckBox{\"editable\":true}{\"controlType\":\"sap.m.StandardListItem\",\"viewName\":\"etm.portal.ui.managecontracts.view.Master\",\"properties\":{\"title\":\"partial billed\"},\"searchOpenDialogs\":true}"}]}
RESULT: {"script":"<script> [1562 bytes]","args":[{"selector":{"controlType":"sap.m.CheckBox","viewName":"etm.portal.ui.managecontracts.view.Master","properties":{"editable":true},"searchOpenDialogs":true,"ancestor":{"controlType":"sap.m.StandardListItem","viewName":"etm.portal.ui.managecontracts.view.Master","properties":{"title":"partial billed"},"searchOpenDialogs":true},"interaction":{"idSuffix":"CbBg"}},"wdio_ui5_key":"etmportal.ui.managecontracts.view.Mastersap.m.CheckBox{\"editable\":true}{\"controlType\":\"sap.m.StandardListItem\",\"viewName\":\"etm.portal.ui.managecontracts.view.Master\",\"properties\":{\"title\":\"partial billed\"},\"searchOpenDialogs\":true}"}]}
RESULT: undefined
COMMAND: POST /session/85842d14400d925143d12204a9eb11ff/element - {"using":"xpath","value":"//*[@id=\"__item41-selectMulti\"]"}
RESULT: {"using":"xpath","value":"//*[@id=\"__item41-selectMulti\"]"}
COMMAND: POST /session/85842d14400d925143d12204a9eb11ff/element/f.F943DB1403663130BF14B631DBCBD046.d.EF3E4CB2681678BCECB2854342F0D59E.e.8435/click - {}
RESULT: {}
COMMAND: GET /session/85842d14400d925143d12204a9eb11ff/screenshot - {}
RESULT: {}
COMMAND: POST /session/85842d14400d925143d12204a9eb11ff/element - {"using":"xpath","value":"(//span[contains(@title ,\"Navigation\")])[2]"}
RESULT: {"using":"xpath","value":"(//span[contains(@title ,\"Navigation\")])[2]"}
COMMAND: POST /session/85842d14400d925143d12204a9eb11ff/element/f.F943DB1403663130BF14B631DBCBD046.d.EF3E4CB2681678BCECB2854342F0D59E.e.8472/click - {}
RESULT: {}
COMMAND: GET /session/85842d14400d925143d12204a9eb11ff/screenshot - {}
RESULT: {}
COMMAND: POST /session/85842d14400d925143d12204a9eb11ff/execute/sync - {"script":"<script> [8489 bytes]","args":[{"element-6066-11e4-a52e-4f735466cecf":"f.F943DB1403663130BF14B631DBCBD046.d.B78FDD09BD47E97397A67C58ACD8CAEE.e.8236","ELEMENT":"f.F943DB1403663130BF14B631DBCBD046.d.B78FDD09BD47E97397A67C58ACD8CAEE.e.8236"}]}
COMMAND: POST /session/85842d14400d925143d12204a9eb11ff/element - {"using":"css selector","value":"#shell-header-logo"}
COMMAND: POST /session/85842d14400d925143d12204a9eb11ff/element - {"using":"xpath","value":"//bdi[contains(@id ,\"closeContractBtn-BDI-content\")]"}
RESULT: {"using":"css selector","value":"#shell-header-logo"}
COMMAND: POST /session/85842d14400d925143d12204a9eb11ff/element/f.F943DB1403663130BF14B631DBCBD046.d.EF3E4CB2681678BCECB2854342F0D59E.e.8356/click - {}
RESULT: {"using":"xpath","value":"//bdi[contains(@id ,\"closeContractBtn-BDI-content\")]"}
COMMAND: POST /session/85842d14400d925143d12204a9eb11ff/element - {"using":"xpath","value":"//bdi[contains(@id ,\"closeContractBtn-BDI-content\")]"}
RESULT: {}
RESULT: {"using":"xpath","value":"//bdi[contains(@id ,\"closeContractBtn-BDI-content\")]"}
COMMAND: GET /session/85842d14400d925143d12204a9eb11ff/screenshot - {}
RESULT: {}
]]></system-out>
    </testcase>
  </testsuite>
  <testsuite timestamp="2025-05-18T18:09:33" time="51.467" tests="1" failures="0" errors="0" skipped="0">
    <properties>
      <property name="specId" value="0" />
      <property name="suiteName" value="Standard contract decline US151279" />
      <property name="capabilities" value="chrome.136_0_7103_93.windows" />
      <property name="file" value="file:///D:/a/1/s/test/specs/R2C/standard-contract-decline.spec.js" />
    </properties>
    <testcase classname="chrome.136_0_7103_93.windows.Standard_contract_decline_US151279" name="Should decline a contract" time="48.275">
      <system-out><![CDATA[
COMMAND: POST /session/85842d14400d925143d12204a9eb11ff/execute/async - {"script":"<script> [1562 bytes]","args":[{"selector":{"controlType":"sap.m.GenericTile","properties":{"header":"Manage Contracts"}},"wdio_ui5_key":"sapm.GenericTile{\"header\":\"Manage Contracts\"}"}]}
RESULT: {"script":"<script> [1562 bytes]","args":[{"selector":{"controlType":"sap.m.GenericTile","properties":{"header":"Manage Contracts"}},"wdio_ui5_key":"sapm.GenericTile{\"header\":\"Manage Contracts\"}"}]}
RESULT: undefined
COMMAND: POST /session/85842d14400d925143d12204a9eb11ff/element - {"using":"xpath","value":"//*[@id=\"__tile130\"]"}
RESULT: {"using":"xpath","value":"//*[@id=\"__tile130\"]"}
COMMAND: POST /session/85842d14400d925143d12204a9eb11ff/element/f.F943DB1403663130BF14B631DBCBD046.d.EF3E4CB2681678BCECB2854342F0D59E.e.8805/click - {}
RESULT: {}
COMMAND: GET /session/85842d14400d925143d12204a9eb11ff/screenshot - {}
RESULT: {}
COMMAND: POST /session/85842d14400d925143d12204a9eb11ff/element - {"using":"xpath","value":"//input[contains(@id ,\"smartContractFilterBar-btnBasicSearch-I\")]"}
RESULT: {"using":"xpath","value":"//input[contains(@id ,\"smartContractFilterBar-btnBasicSearch-I\")]"}
COMMAND: POST /session/85842d14400d925143d12204a9eb11ff/element/f.F943DB1403663130BF14B631DBCBD046.d.EF3E4CB2681678BCECB2854342F0D59E.e.8811/clear - {}
RESULT: {}
COMMAND: POST /session/85842d14400d925143d12204a9eb11ff/element/f.F943DB1403663130BF14B631DBCBD046.d.EF3E4CB2681678BCECB2854342F0D59E.e.8811/value - {"text":"10368"}
COMMAND: GET /session/85842d14400d925143d12204a9eb11ff/screenshot - {}
RESULT: {"text":"10368"}
COMMAND: POST /session/85842d14400d925143d12204a9eb11ff/actions - {"actions":[{"id":"action43","type":"key","parameters":{},"actions":[{"type":"keyDown","value":"î€‡"},{"type":"pause","duration":10},{"type":"keyUp","value":"î€‡"}]}]}
COMMAND: GET /session/85842d14400d925143d12204a9eb11ff/screenshot - {}
RESULT: {}
RESULT: {"actions":[{"id":"action43","type":"key","parameters":{},"actions":[{"type":"keyDown","value":"î€‡"},{"type":"pause","duration":10},{"type":"keyUp","value":"î€‡"}]}]}
COMMAND: GET /session/85842d14400d925143d12204a9eb11ff/screenshot - {}
RESULT: {}
COMMAND: POST /session/85842d14400d925143d12204a9eb11ff/elements - {"using":"xpath","value":"//span[text()='Error']"}
RESULT: {}
RESULT: {"using":"xpath","value":"//span[text()='Error']"}
COMMAND: POST /session/85842d14400d925143d12204a9eb11ff/execute/async - {"script":"<script> [1562 bytes]","args":[{"selector":{"controlType":"sap.ui.core.Icon","viewName":"etm.portal.ui.managecontracts.view.Master","properties":{"src":{"regex":{"source":"slim\\-arrow\\-right"}}}},"wdio_ui5_key":"etmportal.ui.managecontracts.view.Mastersap.ui.core.Icon{\"src\":{\"regex\":{\"source\":\"slim\\\\-arrow\\\\-right\"}}}"}]}
RESULT: {"script":"<script> [1562 bytes]","args":[{"selector":{"controlType":"sap.ui.core.Icon","viewName":"etm.portal.ui.managecontracts.view.Master","properties":{"src":{"regex":{"source":"slim\\-arrow\\-right"}}}},"wdio_ui5_key":"etmportal.ui.managecontracts.view.Mastersap.ui.core.Icon{\"src\":{\"regex\":{\"source\":\"slim\\\\-arrow\\\\-right\"}}}"}]}
RESULT: undefined
COMMAND: POST /session/85842d14400d925143d12204a9eb11ff/element - {"using":"xpath","value":"//*[@id=\"__item77-__clone211-imgNav\"]"}
RESULT: {"using":"xpath","value":"//*[@id=\"__item77-__clone211-imgNav\"]"}
COMMAND: POST /session/85842d14400d925143d12204a9eb11ff/element/f.F943DB1403663130BF14B631DBCBD046.d.EF3E4CB2681678BCECB2854342F0D59E.e.8919/click - {}
RESULT: {}
COMMAND: GET /session/85842d14400d925143d12204a9eb11ff/screenshot - {}
RESULT: {}
COMMAND: POST /session/85842d14400d925143d12204a9eb11ff/execute/async - {"script":"<script> [1562 bytes]","args":[{"selector":{"id":"cancelContractBtn","viewName":"etm.portal.ui.managecontracts.view.Detail","interaction":{"idSuffix":"BDI-content"}},"wdio_ui5_key":"cancelContractBtnetmportal.ui.managecontracts.view.Detail"}]}
RESULT: {"script":"<script> [1562 bytes]","args":[{"selector":{"id":"cancelContractBtn","viewName":"etm.portal.ui.managecontracts.view.Detail","interaction":{"idSuffix":"BDI-content"}},"wdio_ui5_key":"cancelContractBtnetmportal.ui.managecontracts.view.Detail"}]}
RESULT: undefined
COMMAND: POST /session/85842d14400d925143d12204a9eb11ff/element - {"using":"xpath","value":"//*[@id=\"__xmlview61--cancelContractBtn\"]"}
RESULT: {"using":"xpath","value":"//*[@id=\"__xmlview61--cancelContractBtn\"]"}
COMMAND: POST /session/85842d14400d925143d12204a9eb11ff/element/f.F943DB1403663130BF14B631DBCBD046.d.EF3E4CB2681678BCECB2854342F0D59E.e.9038/click - {}
RESULT: {}
COMMAND: GET /session/85842d14400d925143d12204a9eb11ff/screenshot - {}
RESULT: {}
COMMAND: POST /session/85842d14400d925143d12204a9eb11ff/execute/async - {"script":"<script> [1562 bytes]","args":[{"selector":{"controlType":"sap.m.Text","properties":{"text":"Do you want to cancel the whole contract?"},"searchOpenDialogs":true},"wdio_ui5_key":"sapm.Text{\"text\":\"Do you want to cancel the whole contract?\"}"}]}
RESULT: {"script":"<script> [1562 bytes]","args":[{"selector":{"controlType":"sap.m.Text","properties":{"text":"Do you want to cancel the whole contract?"},"searchOpenDialogs":true},"wdio_ui5_key":"sapm.Text{\"text\":\"Do you want to cancel the whole contract?\"}"}]}
RESULT: undefined
COMMAND: POST /session/85842d14400d925143d12204a9eb11ff/execute/async - {"script":"<script> [6424 bytes]","args":[{"element-6066-11e4-a52e-4f735466cecf":"f.F943DB1403663130BF14B631DBCBD046.d.EF3E4CB2681678BCECB2854342F0D59E.e.9086"},"getText",[]]}
RESULT: {"script":"<script> [6424 bytes]","args":[{"element-6066-11e4-a52e-4f735466cecf":"f.F943DB1403663130BF14B631DBCBD046.d.EF3E4CB2681678BCECB2854342F0D59E.e.9086"},"getText",[]]}
COMMAND: POST /session/85842d14400d925143d12204a9eb11ff/element - {"using":"xpath","value":"//bdi[contains(text(), \"OK\")]"}
RESULT: {"using":"xpath","value":"//bdi[contains(text(), \"OK\")]"}
COMMAND: POST /session/85842d14400d925143d12204a9eb11ff/element/f.F943DB1403663130BF14B631DBCBD046.d.EF3E4CB2681678BCECB2854342F0D59E.e.9087/click - {}
RESULT: {}
COMMAND: GET /session/85842d14400d925143d12204a9eb11ff/screenshot - {}
RESULT: {}
COMMAND: POST /session/85842d14400d925143d12204a9eb11ff/element - {"using":"xpath","value":"//input[contains(@id ,\"smartContractFilterBar-btnBasicSearch-I\")]"}
RESULT: {"using":"xpath","value":"//input[contains(@id ,\"smartContractFilterBar-btnBasicSearch-I\")]"}
COMMAND: POST /session/85842d14400d925143d12204a9eb11ff/element/f.F943DB1403663130BF14B631DBCBD046.d.EF3E4CB2681678BCECB2854342F0D59E.e.8811/clear - {}
RESULT: {}
COMMAND: POST /session/85842d14400d925143d12204a9eb11ff/element/f.F943DB1403663130BF14B631DBCBD046.d.EF3E4CB2681678BCECB2854342F0D59E.e.8811/value - {"text":"10368"}
COMMAND: GET /session/85842d14400d925143d12204a9eb11ff/screenshot - {}
RESULT: {"text":"10368"}
COMMAND: POST /session/85842d14400d925143d12204a9eb11ff/actions - {"actions":[{"id":"action44","type":"key","parameters":{},"actions":[{"type":"keyDown","value":"î€‡"},{"type":"pause","duration":10},{"type":"keyUp","value":"î€‡"}]}]}
COMMAND: GET /session/85842d14400d925143d12204a9eb11ff/screenshot - {}
RESULT: {}
RESULT: {"actions":[{"id":"action44","type":"key","parameters":{},"actions":[{"type":"keyDown","value":"î€‡"},{"type":"pause","duration":10},{"type":"keyUp","value":"î€‡"}]}]}
COMMAND: GET /session/85842d14400d925143d12204a9eb11ff/screenshot - {}
RESULT: {}
RESULT: {}
COMMAND: POST /session/85842d14400d925143d12204a9eb11ff/execute/async - {"script":"<script> [1562 bytes]","args":[{"selector":{"controlType":"sap.m.ObjectStatus","viewName":"etm.portal.ui.managecontracts.view.Master","bindingPath":{"path":"/SmartContractHeaders('10368')","propertyPath":"STATUS_DESCRIPTION"}},"wdio_ui5_key":"etmportal.ui.managecontracts.view.Mastersap.m.ObjectStatus{\"path\":\"/SmartContractHeaders('10368')\",\"propertyPath\":\"STATUS_DESCRIPTION\"}"}]}
RESULT: {"script":"<script> [1562 bytes]","args":[{"selector":{"controlType":"sap.m.ObjectStatus","viewName":"etm.portal.ui.managecontracts.view.Master","bindingPath":{"path":"/SmartContractHeaders('10368')","propertyPath":"STATUS_DESCRIPTION"}},"wdio_ui5_key":"etmportal.ui.managecontracts.view.Mastersap.m.ObjectStatus{\"path\":\"/SmartContractHeaders('10368')\",\"propertyPath\":\"STATUS_DESCRIPTION\"}"}]}
RESULT: undefined
COMMAND: POST /session/85842d14400d925143d12204a9eb11ff/execute/async - {"script":"<script> [6424 bytes]","args":[{"element-6066-11e4-a52e-4f735466cecf":"f.F943DB1403663130BF14B631DBCBD046.d.EF3E4CB2681678BCECB2854342F0D59E.e.9140"},"getText",[]]}
RESULT: {"script":"<script> [6424 bytes]","args":[{"element-6066-11e4-a52e-4f735466cecf":"f.F943DB1403663130BF14B631DBCBD046.d.EF3E4CB2681678BCECB2854342F0D59E.e.9140"},"getText",[]]}
RESULT: undefined
COMMAND: POST /session/85842d14400d925143d12204a9eb11ff/element - {"using":"xpath","value":"//*[@id=\"__item77-__clone211-imgNav\"]"}
RESULT: {"using":"xpath","value":"//*[@id=\"__item77-__clone211-imgNav\"]"}
COMMAND: POST /session/85842d14400d925143d12204a9eb11ff/element/f.F943DB1403663130BF14B631DBCBD046.d.EF3E4CB2681678BCECB2854342F0D59E.e.8919/click - {}
RESULT: {}
COMMAND: GET /session/85842d14400d925143d12204a9eb11ff/screenshot - {}
RESULT: {}
COMMAND: POST /session/85842d14400d925143d12204a9eb11ff/execute/async - {"script":"<script> [1562 bytes]","args":[{"selector":{"controlType":"sap.m.ObjectStatus","viewName":"etm.portal.ui.managecontracts.view.Detail","bindingPath":{"path":"/SmartContractItems(CONTRACT='10368',ITEM=10m,SUB_ITEM=0m)","propertyPath":"STATUS"}},"wdio_ui5_key":"etmportal.ui.managecontracts.view.Detailsap.m.ObjectStatus{\"path\":\"/SmartContractItems(CONTRACT='10368',ITEM=10m,SUB_ITEM=0m)\",\"propertyPath\":\"STATUS\"}"}]}
RESULT: {"script":"<script> [1562 bytes]","args":[{"selector":{"controlType":"sap.m.ObjectStatus","viewName":"etm.portal.ui.managecontracts.view.Detail","bindingPath":{"path":"/SmartContractItems(CONTRACT='10368',ITEM=10m,SUB_ITEM=0m)","propertyPath":"STATUS"}},"wdio_ui5_key":"etmportal.ui.managecontracts.view.Detailsap.m.ObjectStatus{\"path\":\"/SmartContractItems(CONTRACT='10368',ITEM=10m,SUB_ITEM=0m)\",\"propertyPath\":\"STATUS\"}"}]}
RESULT: undefined
COMMAND: POST /session/85842d14400d925143d12204a9eb11ff/execute/async - {"script":"<script> [6424 bytes]","args":[{"element-6066-11e4-a52e-4f735466cecf":"f.F943DB1403663130BF14B631DBCBD046.d.EF3E4CB2681678BCECB2854342F0D59E.e.9167"},"getText",[]]}
RESULT: {"script":"<script> [6424 bytes]","args":[{"element-6066-11e4-a52e-4f735466cecf":"f.F943DB1403663130BF14B631DBCBD046.d.EF3E4CB2681678BCECB2854342F0D59E.e.9167"},"getText",[]]}
COMMAND: POST /session/85842d14400d925143d12204a9eb11ff/element - {"using":"css selector","value":"#shell-header-logo"}
RESULT: {"using":"css selector","value":"#shell-header-logo"}
COMMAND: POST /session/85842d14400d925143d12204a9eb11ff/element/f.F943DB1403663130BF14B631DBCBD046.d.EF3E4CB2681678BCECB2854342F0D59E.e.8807/click - {}
RESULT: {}
COMMAND: GET /session/85842d14400d925143d12204a9eb11ff/screenshot - {}
RESULT: {}
]]></system-out>
    </testcase>
  </testsuite>
  <testsuite timestamp="2025-05-18T18:10:25" time="174.574" tests="2" failures="0" errors="0" skipped="0">
    <properties>
      <property name="specId" value="0" />
      <property name="suiteName" value="Insert service into a contract US152956" />
      <property name="capabilities" value="chrome.136_0_7103_93.windows" />
      <property name="file" value="file:///D:/a/1/s/test/specs/R2C/insert-service-into-a-contract.spec.js" />
    </properties>
    <testcase classname="chrome.136_0_7103_93.windows.Insert_service_into_a_contract_US152956" name="Should create a new contract" time="94.581">
      <system-out><![CDATA[
RESULT: undefined
COMMAND: POST /session/85842d14400d925143d12204a9eb11ff/element - {"using":"xpath","value":"//*[@id=\"__tile130\"]"}
RESULT: {"using":"xpath","value":"//*[@id=\"__tile130\"]"}
COMMAND: POST /session/85842d14400d925143d12204a9eb11ff/element/f.F943DB1403663130BF14B631DBCBD046.d.EF3E4CB2681678BCECB2854342F0D59E.e.8805/click - {}
RESULT: {}
COMMAND: GET /session/85842d14400d925143d12204a9eb11ff/screenshot - {}
RESULT: {}
COMMAND: POST /session/85842d14400d925143d12204a9eb11ff/elements - {"using":"xpath","value":"//span[text()='Error']"}
RESULT: {"using":"xpath","value":"//span[text()='Error']"}
COMMAND: POST /session/85842d14400d925143d12204a9eb11ff/element - {"using":"xpath","value":"//button[@data-kt=\"addButton\"]"}
RESULT: {"using":"xpath","value":"//button[@data-kt=\"addButton\"]"}
COMMAND: POST /session/85842d14400d925143d12204a9eb11ff/element/f.F943DB1403663130BF14B631DBCBD046.d.EF3E4CB2681678BCECB2854342F0D59E.e.9220/click - {}
RESULT: {}
COMMAND: GET /session/85842d14400d925143d12204a9eb11ff/screenshot - {}
RESULT: {}
COMMAND: POST /session/85842d14400d925143d12204a9eb11ff/execute/async - {"script":"<script> [1562 bytes]","args":[{"selector":{"id":"application-managecontracts-display-component---AddNewContract--projectDescription","interaction":{"idSuffix":"inner"}},"wdio_ui5_key":"applicationmanagecontracts-display-component---AddNewContract--projectDescription"}]}
RESULT: {"script":"<script> [1562 bytes]","args":[{"selector":{"id":"application-managecontracts-display-component---AddNewContract--projectDescription","interaction":{"idSuffix":"inner"}},"wdio_ui5_key":"applicationmanagecontracts-display-component---AddNewContract--projectDescription"}]}
RESULT: undefined
COMMAND: POST /session/85842d14400d925143d12204a9eb11ff/execute/async - {"script":"<script> [776 bytes]","args":[{"enterText":"WdIOR2c29duq","selector":{"id":"application-managecontracts-display-component---AddNewContract--projectDescription","interaction":{"idSuffix":"inner"}},"clearTextFirst":true,"interactionType":"ENTER_TEXT"}]}
RESULT: {"script":"<script> [776 bytes]","args":[{"enterText":"WdIOR2c29duq","selector":{"id":"application-managecontracts-display-component---AddNewContract--projectDescription","interaction":{"idSuffix":"inner"}},"clearTextFirst":true,"interactionType":"ENTER_TEXT"}]}
COMMAND: POST /session/85842d14400d925143d12204a9eb11ff/element - {"using":"xpath","value":"//input[@id=\"application-managecontracts-display-component---AddNewContract--yardId-inner\"]"}
RESULT: {"using":"xpath","value":"//input[@id=\"application-managecontracts-display-component---AddNewContract--yardId-inner\"]"}
COMMAND: POST /session/85842d14400d925143d12204a9eb11ff/element/f.F943DB1403663130BF14B631DBCBD046.d.EF3E4CB2681678BCECB2854342F0D59E.e.9520/clear - {}
RESULT: {}
COMMAND: POST /session/85842d14400d925143d12204a9eb11ff/element/f.F943DB1403663130BF14B631DBCBD046.d.EF3E4CB2681678BCECB2854342F0D59E.e.9520/value - {"text":"WebdriverYard4joyzj"}
COMMAND: GET /session/85842d14400d925143d12204a9eb11ff/screenshot - {}
RESULT: {"text":"WebdriverYard4joyzj"}
COMMAND: GET /session/85842d14400d925143d12204a9eb11ff/screenshot - {}
RESULT: {}
RESULT: {}
COMMAND: POST /session/85842d14400d925143d12204a9eb11ff/actions - {"actions":[{"id":"action45","type":"key","parameters":{},"actions":[{"type":"keyDown","value":"î€‡"},{"type":"pause","duration":10},{"type":"keyUp","value":"î€‡"}]}]}
RESULT: {"actions":[{"id":"action45","type":"key","parameters":{},"actions":[{"type":"keyDown","value":"î€‡"},{"type":"pause","duration":10},{"type":"keyUp","value":"î€‡"}]}]}
COMMAND: GET /session/85842d14400d925143d12204a9eb11ff/screenshot - {}
RESULT: {}
COMMAND: POST /session/85842d14400d925143d12204a9eb11ff/element - {"using":"xpath","value":"//input[@id=\"application-managecontracts-display-component---AddNewContract--customerSelect-inner\"]"}
RESULT: {"using":"xpath","value":"//input[@id=\"application-managecontracts-display-component---AddNewContract--customerSelect-inner\"]"}
COMMAND: POST /session/85842d14400d925143d12204a9eb11ff/element/f.F943DB1403663130BF14B631DBCBD046.d.EF3E4CB2681678BCECB2854342F0D59E.e.9518/clear - {}
RESULT: {}
COMMAND: POST /session/85842d14400d925143d12204a9eb11ff/element/f.F943DB1403663130BF14B631DBCBD046.d.EF3E4CB2681678BCECB2854342F0D59E.e.9518/value - {"text":"WebdriverPartner2m2yk"}
COMMAND: GET /session/85842d14400d925143d12204a9eb11ff/screenshot - {}
RESULT: {"text":"WebdriverPartner2m2yk"}
COMMAND: GET /session/85842d14400d925143d12204a9eb11ff/screenshot - {}
RESULT: {}
RESULT: {}
COMMAND: POST /session/85842d14400d925143d12204a9eb11ff/actions - {"actions":[{"id":"action46","type":"key","parameters":{},"actions":[{"type":"keyDown","value":"î€‡"},{"type":"pause","duration":10},{"type":"keyUp","value":"î€‡"}]}]}
RESULT: {"actions":[{"id":"action46","type":"key","parameters":{},"actions":[{"type":"keyDown","value":"î€‡"},{"type":"pause","duration":10},{"type":"keyUp","value":"î€‡"}]}]}
COMMAND: GET /session/85842d14400d925143d12204a9eb11ff/screenshot - {}
RESULT: {}
COMMAND: POST /session/85842d14400d925143d12204a9eb11ff/element - {"using":"xpath","value":"//input[@id=\"application-managecontracts-display-component---AddNewContract--site-inner\"]"}
RESULT: {"using":"xpath","value":"//input[@id=\"application-managecontracts-display-component---AddNewContract--site-inner\"]"}
COMMAND: POST /session/85842d14400d925143d12204a9eb11ff/element/f.F943DB1403663130BF14B631DBCBD046.d.EF3E4CB2681678BCECB2854342F0D59E.e.9519/clear - {}
RESULT: {}
COMMAND: POST /session/85842d14400d925143d12204a9eb11ff/element/f.F943DB1403663130BF14B631DBCBD046.d.EF3E4CB2681678BCECB2854342F0D59E.e.9519/value - {"text":"WebdriverSitetx7dh"}
COMMAND: GET /session/85842d14400d925143d12204a9eb11ff/screenshot - {}
RESULT: {"text":"WebdriverSitetx7dh"}
COMMAND: GET /session/85842d14400d925143d12204a9eb11ff/screenshot - {}
RESULT: {}
RESULT: {}
COMMAND: POST /session/85842d14400d925143d12204a9eb11ff/actions - {"actions":[{"id":"action47","type":"key","parameters":{},"actions":[{"type":"keyDown","value":"î€‡"},{"type":"pause","duration":10},{"type":"keyUp","value":"î€‡"}]}]}
RESULT: {"actions":[{"id":"action47","type":"key","parameters":{},"actions":[{"type":"keyDown","value":"î€‡"},{"type":"pause","duration":10},{"type":"keyUp","value":"î€‡"}]}]}
COMMAND: GET /session/85842d14400d925143d12204a9eb11ff/screenshot - {}
RESULT: {}
COMMAND: POST /session/85842d14400d925143d12204a9eb11ff/element - {"using":"xpath","value":"//button[@data-kt=\"saveButton\"]"}
RESULT: {"using":"xpath","value":"//button[@data-kt=\"saveButton\"]"}
COMMAND: POST /session/85842d14400d925143d12204a9eb11ff/element/f.F943DB1403663130BF14B631DBCBD046.d.EF3E4CB2681678BCECB2854342F0D59E.e.9552/click - {}
RESULT: {}
COMMAND: GET /session/85842d14400d925143d12204a9eb11ff/screenshot - {}
RESULT: {}
COMMAND: POST /session/85842d14400d925143d12204a9eb11ff/execute/async - {"script":"<script> [1562 bytes]","args":[{"selector":{"id":"contractDetailTitleNoExpanded","viewName":"etm.portal.ui.managecontracts.view.Detail"},"wdio_ui5_key":"contractDetailTitleNoExpandedetmportal.ui.managecontracts.view.Detail"}]}
RESULT: {"script":"<script> [1562 bytes]","args":[{"selector":{"id":"contractDetailTitleNoExpanded","viewName":"etm.portal.ui.managecontracts.view.Detail"},"wdio_ui5_key":"contractDetailTitleNoExpandedetmportal.ui.managecontracts.view.Detail"}]}
RESULT: undefined
COMMAND: POST /session/85842d14400d925143d12204a9eb11ff/execute/async - {"script":"<script> [6424 bytes]","args":[{"element-6066-11e4-a52e-4f735466cecf":"f.F943DB1403663130BF14B631DBCBD046.d.EF3E4CB2681678BCECB2854342F0D59E.e.9625"},"getText",[]]}
RESULT: {"script":"<script> [6424 bytes]","args":[{"element-6066-11e4-a52e-4f735466cecf":"f.F943DB1403663130BF14B631DBCBD046.d.EF3E4CB2681678BCECB2854342F0D59E.e.9625"},"getText",[]]}
]]></system-out>
    </testcase>
    <testcase classname="chrome.136_0_7103_93.windows.Insert_service_into_a_contract_US152956" name="Should add a service unit and a service group to the contract" time="76.051">
      <system-out><![CDATA[
COMMAND: POST /session/85842d14400d925143d12204a9eb11ff/element - {"using":"xpath","value":"//button[@data-kt=\"contractDetailEditBtnButton\"]"}
RESULT: {"using":"xpath","value":"//button[@data-kt=\"contractDetailEditBtnButton\"]"}
COMMAND: POST /session/85842d14400d925143d12204a9eb11ff/execute/sync - {"script":"<script> [8489 bytes]","args":[{"element-6066-11e4-a52e-4f735466cecf":"f.F943DB1403663130BF14B631DBCBD046.d.EF3E4CB2681678BCECB2854342F0D59E.e.9626","ELEMENT":"f.F943DB1403663130BF14B631DBCBD046.d.EF3E4CB2681678BCECB2854342F0D59E.e.9626"}]}
RESULT: {"script":"<script> [8489 bytes]","args":[{"element-6066-11e4-a52e-4f735466cecf":"f.F943DB1403663130BF14B631DBCBD046.d.EF3E4CB2681678BCECB2854342F0D59E.e.9626","ELEMENT":"f.F943DB1403663130BF14B631DBCBD046.d.EF3E4CB2681678BCECB2854342F0D59E.e.9626"}]}
COMMAND: POST /session/85842d14400d925143d12204a9eb11ff/execute/sync - {"script":"<script> [8489 bytes]","args":[{"element-6066-11e4-a52e-4f735466cecf":"f.F943DB1403663130BF14B631DBCBD046.d.EF3E4CB2681678BCECB2854342F0D59E.e.9626","ELEMENT":"f.F943DB1403663130BF14B631DBCBD046.d.EF3E4CB2681678BCECB2854342F0D59E.e.9626"}]}
COMMAND: GET /session/85842d14400d925143d12204a9eb11ff/screenshot - {}
RESULT: {"script":"<script> [8489 bytes]","args":[{"element-6066-11e4-a52e-4f735466cecf":"f.F943DB1403663130BF14B631DBCBD046.d.EF3E4CB2681678BCECB2854342F0D59E.e.9626","ELEMENT":"f.F943DB1403663130BF14B631DBCBD046.d.EF3E4CB2681678BCECB2854342F0D59E.e.9626"}]}
COMMAND: POST /session/85842d14400d925143d12204a9eb11ff/execute/sync - {"script":"<script> [5351 bytes]","args":[{"element-6066-11e4-a52e-4f735466cecf":"f.F943DB1403663130BF14B631DBCBD046.d.EF3E4CB2681678BCECB2854342F0D59E.e.9626","ELEMENT":"f.F943DB1403663130BF14B631DBCBD046.d.EF3E4CB2681678BCECB2854342F0D59E.e.9626"}]}
COMMAND: GET /session/85842d14400d925143d12204a9eb11ff/screenshot - {}
RESULT: {}
RESULT: {"script":"<script> [5351 bytes]","args":[{"element-6066-11e4-a52e-4f735466cecf":"f.F943DB1403663130BF14B631DBCBD046.d.EF3E4CB2681678BCECB2854342F0D59E.e.9626","ELEMENT":"f.F943DB1403663130BF14B631DBCBD046.d.EF3E4CB2681678BCECB2854342F0D59E.e.9626"}]}
COMMAND: POST /session/85842d14400d925143d12204a9eb11ff/element/f.F943DB1403663130BF14B631DBCBD046.d.EF3E4CB2681678BCECB2854342F0D59E.e.9626/click - {}
COMMAND: GET /session/85842d14400d925143d12204a9eb11ff/screenshot - {}
RESULT: {}
RESULT: {}
COMMAND: GET /session/85842d14400d925143d12204a9eb11ff/screenshot - {}
RESULT: {}
RESULT: {}
COMMAND: POST /session/85842d14400d925143d12204a9eb11ff/element - {"using":"xpath","value":"(//span[contains(text(), \"Additional Addresses\")])[2]"}
RESULT: {"using":"xpath","value":"(//span[contains(text(), \"Additional Addresses\")])[2]"}
COMMAND: POST /session/85842d14400d925143d12204a9eb11ff/element/f.F943DB1403663130BF14B631DBCBD046.d.EF3E4CB2681678BCECB2854342F0D59E.e.9680/click - {}
RESULT: {}
COMMAND: GET /session/85842d14400d925143d12204a9eb11ff/screenshot - {}
RESULT: {}
COMMAND: POST /session/85842d14400d925143d12204a9eb11ff/element - {"using":"xpath","value":"//button[@data-kt=\"btnAddTableRowOverflowToolbarButton\"]"}
RESULT: {"using":"xpath","value":"//button[@data-kt=\"btnAddTableRowOverflowToolbarButton\"]"}
COMMAND: POST /session/85842d14400d925143d12204a9eb11ff/element/f.F943DB1403663130BF14B631DBCBD046.d.EF3E4CB2681678BCECB2854342F0D59E.e.9684/click - {}
RESULT: {}
COMMAND: GET /session/85842d14400d925143d12204a9eb11ff/screenshot - {}
RESULT: {}
COMMAND: POST /session/85842d14400d925143d12204a9eb11ff/element - {"using":"xpath","value":"//div[(text() = 'Standard Entry' or . = 'Standard Entry')]"}
RESULT: {"using":"xpath","value":"//div[(text() = 'Standard Entry' or . = 'Standard Entry')]"}
COMMAND: POST /session/85842d14400d925143d12204a9eb11ff/element/f.F943DB1403663130BF14B631DBCBD046.d.EF3E4CB2681678BCECB2854342F0D59E.e.9686/click - {}
RESULT: {}
COMMAND: POST /session/85842d14400d925143d12204a9eb11ff/element - {"using":"xpath","value":"//button[@data-kt=\"btnAddTableRowOverflowToolbarButton\"]"}
COMMAND: GET /session/85842d14400d925143d12204a9eb11ff/screenshot - {}
RESULT: {"using":"xpath","value":"//button[@data-kt=\"btnAddTableRowOverflowToolbarButton\"]"}
COMMAND: POST /session/85842d14400d925143d12204a9eb11ff/element/f.F943DB1403663130BF14B631DBCBD046.d.EF3E4CB2681678BCECB2854342F0D59E.e.9684/click - {}
RESULT: {}
RESULT: {}
COMMAND: GET /session/85842d14400d925143d12204a9eb11ff/screenshot - {}
RESULT: {}
COMMAND: POST /session/85842d14400d925143d12204a9eb11ff/element - {"using":"xpath","value":"//div[(text() = 'Standard Entry' or . = 'Standard Entry')]"}
RESULT: {"using":"xpath","value":"//div[(text() = 'Standard Entry' or . = 'Standard Entry')]"}
COMMAND: POST /session/85842d14400d925143d12204a9eb11ff/element/f.F943DB1403663130BF14B631DBCBD046.d.EF3E4CB2681678BCECB2854342F0D59E.e.9698/click - {}
RESULT: {}
COMMAND: POST /session/85842d14400d925143d12204a9eb11ff/element - {"using":"xpath","value":"(//td[6]/div/div/input)[1]"}
COMMAND: GET /session/85842d14400d925143d12204a9eb11ff/screenshot - {}
RESULT: {"using":"xpath","value":"(//td[6]/div/div/input)[1]"}
COMMAND: POST /session/85842d14400d925143d12204a9eb11ff/element/f.F943DB1403663130BF14B631DBCBD046.d.EF3E4CB2681678BCECB2854342F0D59E.e.9700/click - {}
RESULT: {}
RESULT: {}
COMMAND: POST /session/85842d14400d925143d12204a9eb11ff/actions - {"actions":[{"id":"action48","type":"key","parameters":{},"actions":[{"type":"keyDown","value":"î€ƒ"},{"type":"pause","duration":10},{"type":"keyUp","value":"î€ƒ"}]}]}
COMMAND: GET /session/85842d14400d925143d12204a9eb11ff/screenshot - {}
RESULT: {"actions":[{"id":"action48","type":"key","parameters":{},"actions":[{"type":"keyDown","value":"î€ƒ"},{"type":"pause","duration":10},{"type":"keyUp","value":"î€ƒ"}]}]}
COMMAND: POST /session/85842d14400d925143d12204a9eb11ff/element - {"using":"xpath","value":"(//td[6]/div/div/input)[1]"}
COMMAND: GET /session/85842d14400d925143d12204a9eb11ff/screenshot - {}
RESULT: {}
RESULT: {"using":"xpath","value":"(//td[6]/div/div/input)[1]"}
COMMAND: POST /session/85842d14400d925143d12204a9eb11ff/element/f.F943DB1403663130BF14B631DBCBD046.d.EF3E4CB2681678BCECB2854342F0D59E.e.9700/clear - {}
RESULT: {}
RESULT: {}
COMMAND: POST /session/85842d14400d925143d12204a9eb11ff/element/f.F943DB1403663130BF14B631DBCBD046.d.EF3E4CB2681678BCECB2854342F0D59E.e.9700/value - {"text":"Service Unit"}
COMMAND: GET /session/85842d14400d925143d12204a9eb11ff/screenshot - {}
RESULT: {"text":"Service Unit"}
COMMAND: GET /session/85842d14400d925143d12204a9eb11ff/screenshot - {}
RESULT: {}
RESULT: {}
COMMAND: POST /session/85842d14400d925143d12204a9eb11ff/actions - {"actions":[{"id":"action49","type":"key","parameters":{},"actions":[{"type":"keyDown","value":"î€‡"},{"type":"pause","duration":10},{"type":"keyUp","value":"î€‡"}]}]}
RESULT: {"actions":[{"id":"action49","type":"key","parameters":{},"actions":[{"type":"keyDown","value":"î€‡"},{"type":"pause","duration":10},{"type":"keyUp","value":"î€‡"}]}]}
COMMAND: GET /session/85842d14400d925143d12204a9eb11ff/screenshot - {}
RESULT: {}
COMMAND: POST /session/85842d14400d925143d12204a9eb11ff/actions - {"actions":[{"id":"action50","type":"key","parameters":{},"actions":[{"type":"keyDown","value":"î€‡"},{"type":"pause","duration":10},{"type":"keyUp","value":"î€‡"}]}]}
RESULT: {"actions":[{"id":"action50","type":"key","parameters":{},"actions":[{"type":"keyDown","value":"î€‡"},{"type":"pause","duration":10},{"type":"keyUp","value":"î€‡"}]}]}
COMMAND: POST /session/85842d14400d925143d12204a9eb11ff/element - {"using":"xpath","value":"(//td[7]/div/div/input)[1]"}
COMMAND: GET /session/85842d14400d925143d12204a9eb11ff/screenshot - {}
RESULT: {"using":"xpath","value":"(//td[7]/div/div/input)[1]"}
COMMAND: POST /session/85842d14400d925143d12204a9eb11ff/element/f.F943DB1403663130BF14B631DBCBD046.d.EF3E4CB2681678BCECB2854342F0D59E.e.9716/clear - {}
RESULT: {}
RESULT: {}
COMMAND: POST /session/85842d14400d925143d12204a9eb11ff/element/f.F943DB1403663130BF14B631DBCBD046.d.EF3E4CB2681678BCECB2854342F0D59E.e.9716/value - {"text":"1000001"}
COMMAND: GET /session/85842d14400d925143d12204a9eb11ff/screenshot - {}
RESULT: {"text":"1000001"}
COMMAND: GET /session/85842d14400d925143d12204a9eb11ff/screenshot - {}
RESULT: {}
RESULT: {}
COMMAND: POST /session/85842d14400d925143d12204a9eb11ff/actions - {"actions":[{"id":"action51","type":"key","parameters":{},"actions":[{"type":"keyDown","value":"î€‡"},{"type":"pause","duration":10},{"type":"keyUp","value":"î€‡"}]}]}
RESULT: {"actions":[{"id":"action51","type":"key","parameters":{},"actions":[{"type":"keyDown","value":"î€‡"},{"type":"pause","duration":10},{"type":"keyUp","value":"î€‡"}]}]}
COMMAND: GET /session/85842d14400d925143d12204a9eb11ff/screenshot - {}
RESULT: {}
COMMAND: POST /session/85842d14400d925143d12204a9eb11ff/actions - {"actions":[{"id":"action52","type":"key","parameters":{},"actions":[{"type":"keyDown","value":"î€‡"},{"type":"pause","duration":10},{"type":"keyUp","value":"î€‡"}]}]}
RESULT: {"actions":[{"id":"action52","type":"key","parameters":{},"actions":[{"type":"keyDown","value":"î€‡"},{"type":"pause","duration":10},{"type":"keyUp","value":"î€‡"}]}]}
COMMAND: GET /session/85842d14400d925143d12204a9eb11ff/screenshot - {}
RESULT: {}
COMMAND: POST /session/85842d14400d925143d12204a9eb11ff/element - {"using":"xpath","value":"(//td[6]/div/div/input)[2]"}
RESULT: {"using":"xpath","value":"(//td[6]/div/div/input)[2]"}
COMMAND: POST /session/85842d14400d925143d12204a9eb11ff/element/f.F943DB1403663130BF14B631DBCBD046.d.EF3E4CB2681678BCECB2854342F0D59E.e.9688/click - {}
RESULT: {}
COMMAND: POST /session/85842d14400d925143d12204a9eb11ff/actions - {"actions":[{"id":"action53","type":"key","parameters":{},"actions":[{"type":"keyDown","value":"î€ƒ"},{"type":"pause","duration":10},{"type":"keyUp","value":"î€ƒ"}]}]}
COMMAND: GET /session/85842d14400d925143d12204a9eb11ff/screenshot - {}
RESULT: {"actions":[{"id":"action53","type":"key","parameters":{},"actions":[{"type":"keyDown","value":"î€ƒ"},{"type":"pause","duration":10},{"type":"keyUp","value":"î€ƒ"}]}]}
COMMAND: POST /session/85842d14400d925143d12204a9eb11ff/element - {"using":"xpath","value":"(//td[6]/div/div/input)[2]"}
COMMAND: GET /session/85842d14400d925143d12204a9eb11ff/screenshot - {}
RESULT: {}
RESULT: {"using":"xpath","value":"(//td[6]/div/div/input)[2]"}
COMMAND: POST /session/85842d14400d925143d12204a9eb11ff/element/f.F943DB1403663130BF14B631DBCBD046.d.EF3E4CB2681678BCECB2854342F0D59E.e.9688/clear - {}
RESULT: {}
RESULT: {}
COMMAND: POST /session/85842d14400d925143d12204a9eb11ff/element/f.F943DB1403663130BF14B631DBCBD046.d.EF3E4CB2681678BCECB2854342F0D59E.e.9688/value - {"text":"Service Unit Group"}
COMMAND: GET /session/85842d14400d925143d12204a9eb11ff/screenshot - {}
RESULT: {"text":"Service Unit Group"}
COMMAND: GET /session/85842d14400d925143d12204a9eb11ff/screenshot - {}
RESULT: {}
RESULT: {}
COMMAND: POST /session/85842d14400d925143d12204a9eb11ff/actions - {"actions":[{"id":"action54","type":"key","parameters":{},"actions":[{"type":"keyDown","value":"î€‡"},{"type":"pause","duration":10},{"type":"keyUp","value":"î€‡"}]}]}
RESULT: {"actions":[{"id":"action54","type":"key","parameters":{},"actions":[{"type":"keyDown","value":"î€‡"},{"type":"pause","duration":10},{"type":"keyUp","value":"î€‡"}]}]}
COMMAND: GET /session/85842d14400d925143d12204a9eb11ff/screenshot - {}
RESULT: {}
COMMAND: POST /session/85842d14400d925143d12204a9eb11ff/actions - {"actions":[{"id":"action55","type":"key","parameters":{},"actions":[{"type":"keyDown","value":"î€‡"},{"type":"pause","duration":10},{"type":"keyUp","value":"î€‡"}]}]}
RESULT: {"actions":[{"id":"action55","type":"key","parameters":{},"actions":[{"type":"keyDown","value":"î€‡"},{"type":"pause","duration":10},{"type":"keyUp","value":"î€‡"}]}]}
COMMAND: POST /session/85842d14400d925143d12204a9eb11ff/element - {"using":"xpath","value":"(//td[7]/div/div/input)[2]"}
COMMAND: GET /session/85842d14400d925143d12204a9eb11ff/screenshot - {}
RESULT: {"using":"xpath","value":"(//td[7]/div/div/input)[2]"}
COMMAND: POST /session/85842d14400d925143d12204a9eb11ff/element/f.F943DB1403663130BF14B631DBCBD046.d.EF3E4CB2681678BCECB2854342F0D59E.e.9745/clear - {}
RESULT: {}
RESULT: {}
COMMAND: POST /session/85842d14400d925143d12204a9eb11ff/element/f.F943DB1403663130BF14B631DBCBD046.d.EF3E4CB2681678BCECB2854342F0D59E.e.9745/value - {"text":"1100001"}
COMMAND: GET /session/85842d14400d925143d12204a9eb11ff/screenshot - {}
RESULT: {"text":"1100001"}
COMMAND: GET /session/85842d14400d925143d12204a9eb11ff/screenshot - {}
RESULT: {}
RESULT: {}
COMMAND: POST /session/85842d14400d925143d12204a9eb11ff/actions - {"actions":[{"id":"action56","type":"key","parameters":{},"actions":[{"type":"keyDown","value":"î€‡"},{"type":"pause","duration":10},{"type":"keyUp","value":"î€‡"}]}]}
RESULT: {"actions":[{"id":"action56","type":"key","parameters":{},"actions":[{"type":"keyDown","value":"î€‡"},{"type":"pause","duration":10},{"type":"keyUp","value":"î€‡"}]}]}
COMMAND: GET /session/85842d14400d925143d12204a9eb11ff/screenshot - {}
RESULT: {}
COMMAND: POST /session/85842d14400d925143d12204a9eb11ff/actions - {"actions":[{"id":"action57","type":"key","parameters":{},"actions":[{"type":"keyDown","value":"î€‡"},{"type":"pause","duration":10},{"type":"keyUp","value":"î€‡"}]}]}
RESULT: {"actions":[{"id":"action57","type":"key","parameters":{},"actions":[{"type":"keyDown","value":"î€‡"},{"type":"pause","duration":10},{"type":"keyUp","value":"î€‡"}]}]}
COMMAND: GET /session/85842d14400d925143d12204a9eb11ff/screenshot - {}
RESULT: {}
COMMAND: POST /session/85842d14400d925143d12204a9eb11ff/element - {"using":"xpath","value":"(//button[@data-kt=\"saveButton\"])[2]"}
RESULT: {"using":"xpath","value":"(//button[@data-kt=\"saveButton\"])[2]"}
COMMAND: POST /session/85842d14400d925143d12204a9eb11ff/element/f.F943DB1403663130BF14B631DBCBD046.d.EF3E4CB2681678BCECB2854342F0D59E.e.9769/click - {}
RESULT: {}
COMMAND: GET /session/85842d14400d925143d12204a9eb11ff/screenshot - {}
RESULT: {}
COMMAND: POST /session/85842d14400d925143d12204a9eb11ff/element - {"using":"xpath","value":"(//span[contains(text(), \"Additional Addresses\")])[1]"}
RESULT: {"using":"xpath","value":"(//span[contains(text(), \"Additional Addresses\")])[1]"}
COMMAND: POST /session/85842d14400d925143d12204a9eb11ff/element/f.F943DB1403663130BF14B631DBCBD046.d.EF3E4CB2681678BCECB2854342F0D59E.e.9772/click - {}
RESULT: {}
COMMAND: GET /session/85842d14400d925143d12204a9eb11ff/screenshot - {}
RESULT: {}
COMMAND: POST /session/85842d14400d925143d12204a9eb11ff/execute/async - {"script":"<script> [1562 bytes]","args":[{"selector":{"controlType":"sap.m.Title","viewName":"etm.portal.ui.managecontracts.view.Detail","properties":{"text":"Contract Items (2)"}},"wdio_ui5_key":"etmportal.ui.managecontracts.view.Detailsap.m.Title{\"text\":\"Contract Items (2)\"}"}]}
RESULT: {"script":"<script> [1562 bytes]","args":[{"selector":{"controlType":"sap.m.Title","viewName":"etm.portal.ui.managecontracts.view.Detail","properties":{"text":"Contract Items (2)"}},"wdio_ui5_key":"etmportal.ui.managecontracts.view.Detailsap.m.Title{\"text\":\"Contract Items (2)\"}"}]}
RESULT: undefined
COMMAND: POST /session/85842d14400d925143d12204a9eb11ff/execute/async - {"script":"<script> [6424 bytes]","args":[{"element-6066-11e4-a52e-4f735466cecf":"f.F943DB1403663130BF14B631DBCBD046.d.EF3E4CB2681678BCECB2854342F0D59E.e.9774"},"getText",[]]}
RESULT: {"script":"<script> [6424 bytes]","args":[{"element-6066-11e4-a52e-4f735466cecf":"f.F943DB1403663130BF14B631DBCBD046.d.EF3E4CB2681678BCECB2854342F0D59E.e.9774"},"getText",[]]}
COMMAND: POST /session/85842d14400d925143d12204a9eb11ff/element - {"using":"xpath","value":"(//span[contains(@class ,\"sapMObjStatusText\")])[1]"}
RESULT: {"using":"xpath","value":"(//span[contains(@class ,\"sapMObjStatusText\")])[1]"}
COMMAND: GET /session/85842d14400d925143d12204a9eb11ff/element/f.F943DB1403663130BF14B631DBCBD046.d.EF3E4CB2681678BCECB2854342F0D59E.e.9775/text - {}
RESULT: {}
COMMAND: POST /session/85842d14400d925143d12204a9eb11ff/element - {"using":"xpath","value":"(//span[contains(@class ,\"sapMObjStatusText\")])[4]"}
RESULT: {"using":"xpath","value":"(//span[contains(@class ,\"sapMObjStatusText\")])[4]"}
COMMAND: GET /session/85842d14400d925143d12204a9eb11ff/element/f.F943DB1403663130BF14B631DBCBD046.d.EF3E4CB2681678BCECB2854342F0D59E.e.9776/text - {}
RESULT: {}
COMMAND: POST /session/85842d14400d925143d12204a9eb11ff/element - {"using":"css selector","value":"#shell-header-logo"}
RESULT: {"using":"css selector","value":"#shell-header-logo"}
COMMAND: POST /session/85842d14400d925143d12204a9eb11ff/element/f.F943DB1403663130BF14B631DBCBD046.d.EF3E4CB2681678BCECB2854342F0D59E.e.9171/click - {}
RESULT: {}
COMMAND: GET /session/85842d14400d925143d12204a9eb11ff/screenshot - {}
RESULT: {}
]]></system-out>
    </testcase>
  </testsuite>
  <testsuite timestamp="2025-05-18T18:13:19" time="173.469" tests="2" failures="0" errors="0" skipped="0">
    <properties>
      <property name="specId" value="0" />
      <property name="suiteName" value="Reduced contract US151275" />
      <property name="capabilities" value="chrome.136_0_7103_93.windows" />
      <property name="file" value="file:///D:/a/1/s/test/specs/R2C/reduced-contract-creation.spec.js" />
    </properties>
    <testcase classname="chrome.136_0_7103_93.windows.Reduced_contract_US151275" name="Should create a new reduced contract" time="122.43">
      <system-out><![CDATA[
RESULT: undefined
COMMAND: POST /session/85842d14400d925143d12204a9eb11ff/element - {"using":"xpath","value":"//*[@id=\"__tile130\"]"}
RESULT: {"using":"xpath","value":"//*[@id=\"__tile130\"]"}
COMMAND: POST /session/85842d14400d925143d12204a9eb11ff/element/f.F943DB1403663130BF14B631DBCBD046.d.EF3E4CB2681678BCECB2854342F0D59E.e.8805/click - {}
RESULT: {}
COMMAND: GET /session/85842d14400d925143d12204a9eb11ff/screenshot - {}
RESULT: {}
COMMAND: POST /session/85842d14400d925143d12204a9eb11ff/element - {"using":"xpath","value":"//button[@data-kt=\"addButton\"]"}
RESULT: {"using":"xpath","value":"//button[@data-kt=\"addButton\"]"}
COMMAND: POST /session/85842d14400d925143d12204a9eb11ff/element/f.F943DB1403663130BF14B631DBCBD046.d.EF3E4CB2681678BCECB2854342F0D59E.e.9825/click - {}
RESULT: {}
COMMAND: GET /session/85842d14400d925143d12204a9eb11ff/screenshot - {}
COMMAND: POST /session/85842d14400d925143d12204a9eb11ff/elements - {"using":"xpath","value":"//span[text()='Error']"}
RESULT: {}
RESULT: {"using":"xpath","value":"//span[text()='Error']"}
COMMAND: POST /session/85842d14400d925143d12204a9eb11ff/refresh - {}
RESULT: {}
COMMAND: GET /session/85842d14400d925143d12204a9eb11ff/screenshot - {}
RESULT: {}
COMMAND: POST /session/85842d14400d925143d12204a9eb11ff/execute/async - {"script":"<script> [189 bytes]","args":[]}
RESULT: {"script":"<script> [189 bytes]","args":[]}
COMMAND: POST /session/85842d14400d925143d12204a9eb11ff/execute/async - {"script":"<script> [123 bytes]","args":[]}
RESULT: {"script":"<script> [123 bytes]","args":[]}
COMMAND: POST /session/85842d14400d925143d12204a9eb11ff/timeouts - {"script":"<number>"}
RESULT: {"script":"<number>"}
COMMAND: GET /session/85842d14400d925143d12204a9eb11ff/timeouts - {}
RESULT: {}
RESULT: undefined
COMMAND: POST /session/85842d14400d925143d12204a9eb11ff/execute/async - {"script":"<script> [2676 bytes]","args":[]}
RESULT: {"script":"<script> [2676 bytes]","args":[]}
COMMAND: POST /session/85842d14400d925143d12204a9eb11ff/execute/async - {"script":"<script> [2342 bytes]","args":[{"protocol":"http","hostname":"0.0.0.0","path":"/","capabilities":{"browserName":"chrome","goog:chromeOptions":{"binary":"C:\\Program Files\\Google\\Chrome\\Application\\chrome.exe","args":["--start-maximized"]}},"logLevel":"warn","connectionRetryTimeout":120000,"connectionRetryCount":3,"logLevels":{},"enableDirectConnect":true,"strictSSL":true,"_":"65 more keys: [\"cacheDir\",\"port\",\"requestedCapabilities\",\"automationProtocol\",\"baseUrl\",\"waitforInterval\",\"waitforTimeout\",\"onReload\",\"beforeCommand\",\"afterCommand\",\"rootDir\",\"specs\",\"suites\",\"exclude\",\"groupLogsByTestSpec\",\"excludeDriverLogs\",\"bail\",\"framework\",\"reporters\",\"services\",\"maxInstances\",\"maxInstancesPerCapability\",\"injectGlobals\",\"filesToWatch\",\"execArgv\",\"runnerEnv\",\"runner\",\"shard\",\"specFileRetries\",\"specFileRetriesDelay\",\"specFileRetriesDeferred\",\"reporterSyncInterval\",\"reporterSyncTimeout\",\"cucumberFeaturesWithLineNumbers\",\"autoCompileOpts\",\"mochaOpts\",\"jasmineOpts\",\"cucumberOpts\",\"onPrepare\",\"onWorkerStart\",\"onWorkerEnd\",\"before\",\"beforeSession\",\"beforeSuite\",\"beforeHook\",\"beforeTest\",\"afterTest\",\"afterHook\",\"afterSuite\",\"afterSession\",\"after\",\"onComplete\",\"beforeAssertion\",\"afterAssertion\",\"beforeFeature\",\"beforeScenario\",\"beforeStep\",\"afterStep\",\"afterScenario\",\"afterFeature\",\"_\",\"suite\",\"$0\",\"ignoredWorkerServices\",\"wdi5\"]"}]}
RESULT: {"script":"<script> [2342 bytes]","args":[{"protocol":"http","hostname":"0.0.0.0","path":"/","capabilities":{"browserName":"chrome","goog:chromeOptions":{"binary":"C:\\Program Files\\Google\\Chrome\\Application\\chrome.exe","args":["--start-maximized"]}},"logLevel":"warn","connectionRetryTimeout":120000,"connectionRetryCount":3,"logLevels":{},"enableDirectConnect":true,"strictSSL":true,"_":"65 more keys: [\"cacheDir\",\"port\",\"requestedCapabilities\",\"automationProtocol\",\"baseUrl\",\"waitforInterval\",\"waitforTimeout\",\"onReload\",\"beforeCommand\",\"afterCommand\",\"rootDir\",\"specs\",\"suites\",\"exclude\",\"groupLogsByTestSpec\",\"excludeDriverLogs\",\"bail\",\"framework\",\"reporters\",\"services\",\"maxInstances\",\"maxInstancesPerCapability\",\"injectGlobals\",\"filesToWatch\",\"execArgv\",\"runnerEnv\",\"runner\",\"shard\",\"specFileRetries\",\"specFileRetriesDelay\",\"specFileRetriesDeferred\",\"reporterSyncInterval\",\"reporterSyncTimeout\",\"cucumberFeaturesWithLineNumbers\",\"autoCompileOpts\",\"mochaOpts\",\"jasmineOpts\",\"cucumberOpts\",\"onPrepare\",\"onWorkerStart\",\"onWorkerEnd\",\"before\",\"beforeSession\",\"beforeSuite\",\"beforeHook\",\"beforeTest\",\"afterTest\",\"afterHook\",\"afterSuite\",\"afterSession\",\"after\",\"onComplete\",\"beforeAssertion\",\"afterAssertion\",\"beforeFeature\",\"beforeScenario\",\"beforeStep\",\"afterStep\",\"afterScenario\",\"afterFeature\",\"_\",\"suite\",\"$0\",\"ignoredWorkerServices\",\"wdi5\"]"}]}
COMMAND: POST /session/85842d14400d925143d12204a9eb11ff/execute/async - {"script":"<script> [21126 bytes]","args":[35000]}
RESULT: {"script":"<script> [21126 bytes]","args":[35000]}
COMMAND: POST /session/85842d14400d925143d12204a9eb11ff/execute/async - {"script":"<script> [1562 bytes]","args":[{"selector":{"id":"application-managecontracts-display-component---AddNewContract--contractType","interaction":{"idSuffix":"arrow"}},"wdio_ui5_key":"applicationmanagecontracts-display-component---AddNewContract--contractType"}]}
RESULT: {"script":"<script> [1562 bytes]","args":[{"selector":{"id":"application-managecontracts-display-component---AddNewContract--contractType","interaction":{"idSuffix":"arrow"}},"wdio_ui5_key":"applicationmanagecontracts-display-component---AddNewContract--contractType"}]}
RESULT: undefined
COMMAND: POST /session/85842d14400d925143d12204a9eb11ff/element - {"using":"xpath","value":"//*[@id=\"application-managecontracts-display-component---AddNewContract--contractType\"]"}
RESULT: {"using":"xpath","value":"//*[@id=\"application-managecontracts-display-component---AddNewContract--contractType\"]"}
COMMAND: POST /session/85842d14400d925143d12204a9eb11ff/element/f.F943DB1403663130BF14B631DBCBD046.d.D744B994CAE73105B4A1A26652EEE84F.e.10349/click - {}
RESULT: {}
COMMAND: GET /session/85842d14400d925143d12204a9eb11ff/screenshot - {}
RESULT: {}
COMMAND: POST /session/85842d14400d925143d12204a9eb11ff/execute/async - {"script":"<script> [1562 bytes]","args":[{"selector":{"controlType":"sap.ui.core.Item","viewName":"etm.portal.ui.managecontracts.view.AddNewContract","viewId":"application-managecontracts-display-component---AddNewContract","bindingPath":{"path":"/ContractTypes('02')","propertyPath":"ID","modelName":"catalogModel"},"searchOpenDialogs":true},"wdio_ui5_key":"etmportal.ui.managecontracts.view.AddNewContractsap.ui.core.Item{\"path\":\"/ContractTypes('02')\",\"propertyPath\":\"ID\",\"modelName\":\"catalogModel\"}"}]}
RESULT: {"script":"<script> [1562 bytes]","args":[{"selector":{"controlType":"sap.ui.core.Item","viewName":"etm.portal.ui.managecontracts.view.AddNewContract","viewId":"application-managecontracts-display-component---AddNewContract","bindingPath":{"path":"/ContractTypes('02')","propertyPath":"ID","modelName":"catalogModel"},"searchOpenDialogs":true},"wdio_ui5_key":"etmportal.ui.managecontracts.view.AddNewContractsap.ui.core.Item{\"path\":\"/ContractTypes('02')\",\"propertyPath\":\"ID\",\"modelName\":\"catalogModel\"}"}]}
RESULT: undefined
COMMAND: POST /session/85842d14400d925143d12204a9eb11ff/element - {"using":"xpath","value":"//*[@id=\"__item47-application-managecontracts-display-component---AddNewContract--contractType-1\"]"}
RESULT: {"using":"xpath","value":"//*[@id=\"__item47-application-managecontracts-display-component---AddNewContract--contractType-1\"]"}
COMMAND: POST /session/85842d14400d925143d12204a9eb11ff/element/f.F943DB1403663130BF14B631DBCBD046.d.D744B994CAE73105B4A1A26652EEE84F.e.10350/click - {}
RESULT: {}
COMMAND: GET /session/85842d14400d925143d12204a9eb11ff/screenshot - {}
RESULT: {}
COMMAND: POST /session/85842d14400d925143d12204a9eb11ff/execute/async - {"script":"<script> [1562 bytes]","args":[{"selector":{"id":"application-managecontracts-display-component---AddNewContract--projectDescription","interaction":{"idSuffix":"inner"}},"wdio_ui5_key":"applicationmanagecontracts-display-component---AddNewContract--projectDescription"}]}
RESULT: {"script":"<script> [1562 bytes]","args":[{"selector":{"id":"application-managecontracts-display-component---AddNewContract--projectDescription","interaction":{"idSuffix":"inner"}},"wdio_ui5_key":"applicationmanagecontracts-display-component---AddNewContract--projectDescription"}]}
RESULT: undefined
COMMAND: POST /session/85842d14400d925143d12204a9eb11ff/execute/async - {"script":"<script> [776 bytes]","args":[{"enterText":"WdIOReduced8h98w","selector":{"id":"application-managecontracts-display-component---AddNewContract--projectDescription","interaction":{"idSuffix":"inner"}},"clearTextFirst":true,"interactionType":"ENTER_TEXT"}]}
RESULT: {"script":"<script> [776 bytes]","args":[{"enterText":"WdIOReduced8h98w","selector":{"id":"application-managecontracts-display-component---AddNewContract--projectDescription","interaction":{"idSuffix":"inner"}},"clearTextFirst":true,"interactionType":"ENTER_TEXT"}]}
COMMAND: POST /session/85842d14400d925143d12204a9eb11ff/element - {"using":"xpath","value":"//input[@id=\"application-managecontracts-display-component---AddNewContract--yardId-inner\"]"}
RESULT: {"using":"xpath","value":"//input[@id=\"application-managecontracts-display-component---AddNewContract--yardId-inner\"]"}
COMMAND: POST /session/85842d14400d925143d12204a9eb11ff/element/f.F943DB1403663130BF14B631DBCBD046.d.D744B994CAE73105B4A1A26652EEE84F.e.10189/clear - {}
RESULT: {}
COMMAND: POST /session/85842d14400d925143d12204a9eb11ff/element/f.F943DB1403663130BF14B631DBCBD046.d.D744B994CAE73105B4A1A26652EEE84F.e.10189/value - {"text":"WebdriverYard4joyzj"}
COMMAND: GET /session/85842d14400d925143d12204a9eb11ff/screenshot - {}
RESULT: {"text":"WebdriverYard4joyzj"}
COMMAND: GET /session/85842d14400d925143d12204a9eb11ff/screenshot - {}
RESULT: {}
RESULT: {}
COMMAND: POST /session/85842d14400d925143d12204a9eb11ff/actions - {"actions":[{"id":"action58","type":"key","parameters":{},"actions":[{"type":"keyDown","value":"î€‡"},{"type":"pause","duration":10},{"type":"keyUp","value":"î€‡"}]}]}
RESULT: {"actions":[{"id":"action58","type":"key","parameters":{},"actions":[{"type":"keyDown","value":"î€‡"},{"type":"pause","duration":10},{"type":"keyUp","value":"î€‡"}]}]}
COMMAND: GET /session/85842d14400d925143d12204a9eb11ff/screenshot - {}
RESULT: {}
COMMAND: POST /session/85842d14400d925143d12204a9eb11ff/element - {"using":"xpath","value":"//input[@id=\"application-managecontracts-display-component---AddNewContract--customerSelect-inner\"]"}
RESULT: {"using":"xpath","value":"//input[@id=\"application-managecontracts-display-component---AddNewContract--customerSelect-inner\"]"}
COMMAND: POST /session/85842d14400d925143d12204a9eb11ff/element/f.F943DB1403663130BF14B631DBCBD046.d.D744B994CAE73105B4A1A26652EEE84F.e.10187/clear - {}
RESULT: {}
COMMAND: POST /session/85842d14400d925143d12204a9eb11ff/element/f.F943DB1403663130BF14B631DBCBD046.d.D744B994CAE73105B4A1A26652EEE84F.e.10187/value - {"text":"WebdriverPartner2m2yk"}
COMMAND: GET /session/85842d14400d925143d12204a9eb11ff/screenshot - {}
RESULT: {"text":"WebdriverPartner2m2yk"}
COMMAND: GET /session/85842d14400d925143d12204a9eb11ff/screenshot - {}
RESULT: {}
RESULT: {}
COMMAND: POST /session/85842d14400d925143d12204a9eb11ff/actions - {"actions":[{"id":"action59","type":"key","parameters":{},"actions":[{"type":"keyDown","value":"î€‡"},{"type":"pause","duration":10},{"type":"keyUp","value":"î€‡"}]}]}
RESULT: {"actions":[{"id":"action59","type":"key","parameters":{},"actions":[{"type":"keyDown","value":"î€‡"},{"type":"pause","duration":10},{"type":"keyUp","value":"î€‡"}]}]}
COMMAND: GET /session/85842d14400d925143d12204a9eb11ff/screenshot - {}
RESULT: {}
COMMAND: POST /session/85842d14400d925143d12204a9eb11ff/execute/async - {"script":"<script> [1562 bytes]","args":[{"selector":{"id":"application-managecontracts-display-component---AddNewContract--calendarInput-arrow"},"wdio_ui5_key":"applicationmanagecontracts-display-component---AddNewContract--calendarInput-arrow"}]}
RESULT: {"script":"<script> [1562 bytes]","args":[{"selector":{"id":"application-managecontracts-display-component---AddNewContract--calendarInput-arrow"},"wdio_ui5_key":"applicationmanagecontracts-display-component---AddNewContract--calendarInput-arrow"}]}
RESULT: undefined
COMMAND: POST /session/85842d14400d925143d12204a9eb11ff/element - {"using":"xpath","value":"//*[@id=\"application-managecontracts-display-component---AddNewContract--calendarInput-arrow\"]"}
RESULT: {"using":"xpath","value":"//*[@id=\"application-managecontracts-display-component---AddNewContract--calendarInput-arrow\"]"}
COMMAND: POST /session/85842d14400d925143d12204a9eb11ff/element/f.F943DB1403663130BF14B631DBCBD046.d.D744B994CAE73105B4A1A26652EEE84F.e.10248/click - {}
RESULT: {}
COMMAND: GET /session/85842d14400d925143d12204a9eb11ff/screenshot - {}
RESULT: {}
COMMAND: POST /session/85842d14400d925143d12204a9eb11ff/execute/async - {"script":"<script> [1562 bytes]","args":[{"selector":{"controlType":"sap.m.StandardListItem","viewName":"etm.portal.ui.managecontracts.view.AddNewContract","viewId":"application-managecontracts-display-component---AddNewContract","properties":{"title":"1 - Calendar unit test patch"},"searchOpenDialogs":true,"interaction":{"idSuffix":"titleText"}},"wdio_ui5_key":"etmportal.ui.managecontracts.view.AddNewContractsap.m.StandardListItem{\"title\":\"1 - Calendar unit test patch\"}"}]}
RESULT: {"script":"<script> [1562 bytes]","args":[{"selector":{"controlType":"sap.m.StandardListItem","viewName":"etm.portal.ui.managecontracts.view.AddNewContract","viewId":"application-managecontracts-display-component---AddNewContract","properties":{"title":"1 - Calendar unit test patch"},"searchOpenDialogs":true,"interaction":{"idSuffix":"titleText"}},"wdio_ui5_key":"etmportal.ui.managecontracts.view.AddNewContractsap.m.StandardListItem{\"title\":\"1 - Calendar unit test patch\"}"}]}
RESULT: undefined
COMMAND: POST /session/85842d14400d925143d12204a9eb11ff/element - {"using":"xpath","value":"//*[@id=\"__item801\"]"}
RESULT: {"using":"xpath","value":"//*[@id=\"__item801\"]"}
COMMAND: POST /session/85842d14400d925143d12204a9eb11ff/element/f.F943DB1403663130BF14B631DBCBD046.d.D744B994CAE73105B4A1A26652EEE84F.e.10359/click - {}
RESULT: {}
COMMAND: GET /session/85842d14400d925143d12204a9eb11ff/screenshot - {}
RESULT: {}
COMMAND: POST /session/85842d14400d925143d12204a9eb11ff/execute/async - {"script":"<script> [1562 bytes]","args":[{"selector":{"id":"application-managecontracts-display-component---AddNewContract--streetInput","interaction":{"idSuffix":"inner"}},"wdio_ui5_key":"applicationmanagecontracts-display-component---AddNewContract--streetInput"}]}
RESULT: {"script":"<script> [1562 bytes]","args":[{"selector":{"id":"application-managecontracts-display-component---AddNewContract--streetInput","interaction":{"idSuffix":"inner"}},"wdio_ui5_key":"applicationmanagecontracts-display-component---AddNewContract--streetInput"}]}
RESULT: undefined
COMMAND: POST /session/85842d14400d925143d12204a9eb11ff/execute/async - {"script":"<script> [776 bytes]","args":[{"enterText":"StreetWdIO","selector":{"id":"application-managecontracts-display-component---AddNewContract--streetInput","interaction":{"idSuffix":"inner"}},"clearTextFirst":true,"interactionType":"ENTER_TEXT"}]}
RESULT: {"script":"<script> [776 bytes]","args":[{"enterText":"StreetWdIO","selector":{"id":"application-managecontracts-display-component---AddNewContract--streetInput","interaction":{"idSuffix":"inner"}},"clearTextFirst":true,"interactionType":"ENTER_TEXT"}]}
COMMAND: POST /session/85842d14400d925143d12204a9eb11ff/execute/async - {"script":"<script> [1562 bytes]","args":[{"selector":{"id":"application-managecontracts-display-component---AddNewContract--numberInput","interaction":{"idSuffix":"inner"}},"wdio_ui5_key":"applicationmanagecontracts-display-component---AddNewContract--numberInput"}]}
RESULT: {"script":"<script> [1562 bytes]","args":[{"selector":{"id":"application-managecontracts-display-component---AddNewContract--numberInput","interaction":{"idSuffix":"inner"}},"wdio_ui5_key":"applicationmanagecontracts-display-component---AddNewContract--numberInput"}]}
RESULT: undefined
COMMAND: POST /session/85842d14400d925143d12204a9eb11ff/execute/async - {"script":"<script> [776 bytes]","args":[{"enterText":"3","selector":{"id":"application-managecontracts-display-component---AddNewContract--numberInput","interaction":{"idSuffix":"inner"}},"clearTextFirst":true,"interactionType":"ENTER_TEXT"}]}
RESULT: {"script":"<script> [776 bytes]","args":[{"enterText":"3","selector":{"id":"application-managecontracts-display-component---AddNewContract--numberInput","interaction":{"idSuffix":"inner"}},"clearTextFirst":true,"interactionType":"ENTER_TEXT"}]}
COMMAND: POST /session/85842d14400d925143d12204a9eb11ff/execute/async - {"script":"<script> [1562 bytes]","args":[{"selector":{"id":"application-managecontracts-display-component---AddNewContract--cityInput","interaction":{"idSuffix":"inner"}},"wdio_ui5_key":"applicationmanagecontracts-display-component---AddNewContract--cityInput"}]}
RESULT: {"script":"<script> [1562 bytes]","args":[{"selector":{"id":"application-managecontracts-display-component---AddNewContract--cityInput","interaction":{"idSuffix":"inner"}},"wdio_ui5_key":"applicationmanagecontracts-display-component---AddNewContract--cityInput"}]}
RESULT: undefined
COMMAND: POST /session/85842d14400d925143d12204a9eb11ff/execute/async - {"script":"<script> [776 bytes]","args":[{"enterText":"Bucharest","selector":{"id":"application-managecontracts-display-component---AddNewContract--cityInput","interaction":{"idSuffix":"inner"}},"clearTextFirst":true,"interactionType":"ENTER_TEXT"}]}
RESULT: {"script":"<script> [776 bytes]","args":[{"enterText":"Bucharest","selector":{"id":"application-managecontracts-display-component---AddNewContract--cityInput","interaction":{"idSuffix":"inner"}},"clearTextFirst":true,"interactionType":"ENTER_TEXT"}]}
COMMAND: POST /session/85842d14400d925143d12204a9eb11ff/execute/async - {"script":"<script> [1562 bytes]","args":[{"selector":{"id":"application-managecontracts-display-component---AddNewContract--zipInput","interaction":{"idSuffix":"inner"}},"wdio_ui5_key":"applicationmanagecontracts-display-component---AddNewContract--zipInput"}]}
RESULT: {"script":"<script> [1562 bytes]","args":[{"selector":{"id":"application-managecontracts-display-component---AddNewContract--zipInput","interaction":{"idSuffix":"inner"}},"wdio_ui5_key":"applicationmanagecontracts-display-component---AddNewContract--zipInput"}]}
RESULT: undefined
COMMAND: POST /session/85842d14400d925143d12204a9eb11ff/execute/async - {"script":"<script> [776 bytes]","args":[{"enterText":"021210","selector":{"id":"application-managecontracts-display-component---AddNewContract--zipInput","interaction":{"idSuffix":"inner"}},"clearTextFirst":true,"interactionType":"ENTER_TEXT"}]}
RESULT: {"script":"<script> [776 bytes]","args":[{"enterText":"021210","selector":{"id":"application-managecontracts-display-component---AddNewContract--zipInput","interaction":{"idSuffix":"inner"}},"clearTextFirst":true,"interactionType":"ENTER_TEXT"}]}
COMMAND: POST /session/85842d14400d925143d12204a9eb11ff/element - {"using":"xpath","value":"//bdi[contains(@id ,\"application-managecontracts-display-component---AddNewContract--saveBtn-BDI-content\")]"}
RESULT: {"using":"xpath","value":"//bdi[contains(@id ,\"application-managecontracts-display-component---AddNewContract--saveBtn-BDI-content\")]"}
COMMAND: POST /session/85842d14400d925143d12204a9eb11ff/element/f.F943DB1403663130BF14B631DBCBD046.d.D744B994CAE73105B4A1A26652EEE84F.e.10364/click - {}
RESULT: {}
COMMAND: GET /session/85842d14400d925143d12204a9eb11ff/screenshot - {}
RESULT: {}
COMMAND: POST /session/85842d14400d925143d12204a9eb11ff/element - {"using":"xpath","value":"//button[contains(@data-kt ,\"contractDetailEditBtnButton\")]"}
RESULT: {"using":"xpath","value":"//button[contains(@data-kt ,\"contractDetailEditBtnButton\")]"}
COMMAND: POST /session/85842d14400d925143d12204a9eb11ff/execute/sync - {"script":"<script> [8489 bytes]","args":[{"element-6066-11e4-a52e-4f735466cecf":"f.F943DB1403663130BF14B631DBCBD046.d.D744B994CAE73105B4A1A26652EEE84F.e.10423","ELEMENT":"f.F943DB1403663130BF14B631DBCBD046.d.D744B994CAE73105B4A1A26652EEE84F.e.10423"}]}
RESULT: {"script":"<script> [8489 bytes]","args":[{"element-6066-11e4-a52e-4f735466cecf":"f.F943DB1403663130BF14B631DBCBD046.d.D744B994CAE73105B4A1A26652EEE84F.e.10423","ELEMENT":"f.F943DB1403663130BF14B631DBCBD046.d.D744B994CAE73105B4A1A26652EEE84F.e.10423"}]}
COMMAND: POST /session/85842d14400d925143d12204a9eb11ff/execute/sync - {"script":"<script> [8489 bytes]","args":[{"element-6066-11e4-a52e-4f735466cecf":"f.F943DB1403663130BF14B631DBCBD046.d.D744B994CAE73105B4A1A26652EEE84F.e.10423","ELEMENT":"f.F943DB1403663130BF14B631DBCBD046.d.D744B994CAE73105B4A1A26652EEE84F.e.10423"}]}
COMMAND: GET /session/85842d14400d925143d12204a9eb11ff/screenshot - {}
RESULT: {"script":"<script> [8489 bytes]","args":[{"element-6066-11e4-a52e-4f735466cecf":"f.F943DB1403663130BF14B631DBCBD046.d.D744B994CAE73105B4A1A26652EEE84F.e.10423","ELEMENT":"f.F943DB1403663130BF14B631DBCBD046.d.D744B994CAE73105B4A1A26652EEE84F.e.10423"}]}
COMMAND: POST /session/85842d14400d925143d12204a9eb11ff/execute/sync - {"script":"<script> [5351 bytes]","args":[{"element-6066-11e4-a52e-4f735466cecf":"f.F943DB1403663130BF14B631DBCBD046.d.D744B994CAE73105B4A1A26652EEE84F.e.10423","ELEMENT":"f.F943DB1403663130BF14B631DBCBD046.d.D744B994CAE73105B4A1A26652EEE84F.e.10423"}]}
COMMAND: GET /session/85842d14400d925143d12204a9eb11ff/screenshot - {}
RESULT: {}
RESULT: {"script":"<script> [5351 bytes]","args":[{"element-6066-11e4-a52e-4f735466cecf":"f.F943DB1403663130BF14B631DBCBD046.d.D744B994CAE73105B4A1A26652EEE84F.e.10423","ELEMENT":"f.F943DB1403663130BF14B631DBCBD046.d.D744B994CAE73105B4A1A26652EEE84F.e.10423"}]}
COMMAND: POST /session/85842d14400d925143d12204a9eb11ff/execute/async - {"script":"<script> [1562 bytes]","args":[{"selector":{"controlType":"sap.m.Text","viewName":"etm.portal.ui.managecontracts.view.Detail","bindingPath":{"propertyPath":"LINK_TO_C_CONTRACT_TYPES/DESCRIPTION","modelName":"catalogModel"}},"wdio_ui5_key":"etmportal.ui.managecontracts.view.Detailsap.m.Text{\"propertyPath\":\"LINK_TO_C_CONTRACT_TYPES/DESCRIPTION\",\"modelName\":\"catalogModel\"}"}]}
COMMAND: GET /session/85842d14400d925143d12204a9eb11ff/screenshot - {}
RESULT: {}
RESULT: {"script":"<script> [1562 bytes]","args":[{"selector":{"controlType":"sap.m.Text","viewName":"etm.portal.ui.managecontracts.view.Detail","bindingPath":{"propertyPath":"LINK_TO_C_CONTRACT_TYPES/DESCRIPTION","modelName":"catalogModel"}},"wdio_ui5_key":"etmportal.ui.managecontracts.view.Detailsap.m.Text{\"propertyPath\":\"LINK_TO_C_CONTRACT_TYPES/DESCRIPTION\",\"modelName\":\"catalogModel\"}"}]}
RESULT: undefined
COMMAND: POST /session/85842d14400d925143d12204a9eb11ff/execute/async - {"script":"<script> [6424 bytes]","args":[{"element-6066-11e4-a52e-4f735466cecf":"f.F943DB1403663130BF14B631DBCBD046.d.D744B994CAE73105B4A1A26652EEE84F.e.10426"},"getText",[]]}
RESULT: {}
RESULT: {"script":"<script> [6424 bytes]","args":[{"element-6066-11e4-a52e-4f735466cecf":"f.F943DB1403663130BF14B631DBCBD046.d.D744B994CAE73105B4A1A26652EEE84F.e.10426"},"getText",[]]}
COMMAND: POST /session/85842d14400d925143d12204a9eb11ff/element/f.F943DB1403663130BF14B631DBCBD046.d.D744B994CAE73105B4A1A26652EEE84F.e.10423/click - {}
RESULT: {}
COMMAND: GET /session/85842d14400d925143d12204a9eb11ff/screenshot - {}
RESULT: {}
]]></system-out>
    </testcase>
    <testcase classname="chrome.136_0_7103_93.windows.Reduced_contract_US151275" name="Should add a RU to the contract" time="46.064">
      <system-out><![CDATA[
COMMAND: POST /session/85842d14400d925143d12204a9eb11ff/element - {"using":"xpath","value":"(//span[contains(text(), \"Header Billing Items\")])[2]"}
RESULT: {"using":"xpath","value":"(//span[contains(text(), \"Header Billing Items\")])[2]"}
COMMAND: POST /session/85842d14400d925143d12204a9eb11ff/element/f.F943DB1403663130BF14B631DBCBD046.d.D744B994CAE73105B4A1A26652EEE84F.e.10468/click - {}
RESULT: {}
COMMAND: GET /session/85842d14400d925143d12204a9eb11ff/screenshot - {}
RESULT: {}
COMMAND: POST /session/85842d14400d925143d12204a9eb11ff/element - {"using":"xpath","value":"//button[@data-kt=\"btnAddTableRowOverflowToolbarButton\"]"}
RESULT: {"using":"xpath","value":"//button[@data-kt=\"btnAddTableRowOverflowToolbarButton\"]"}
COMMAND: POST /session/85842d14400d925143d12204a9eb11ff/element/f.F943DB1403663130BF14B631DBCBD046.d.D744B994CAE73105B4A1A26652EEE84F.e.10471/click - {}
RESULT: {}
COMMAND: GET /session/85842d14400d925143d12204a9eb11ff/screenshot - {}
RESULT: {}
COMMAND: POST /session/85842d14400d925143d12204a9eb11ff/element - {"using":"xpath","value":"//div[(text() = 'Standard Entry' or . = 'Standard Entry')]"}
RESULT: {"using":"xpath","value":"//div[(text() = 'Standard Entry' or . = 'Standard Entry')]"}
COMMAND: POST /session/85842d14400d925143d12204a9eb11ff/element/f.F943DB1403663130BF14B631DBCBD046.d.D744B994CAE73105B4A1A26652EEE84F.e.10473/click - {}
RESULT: {}
COMMAND: POST /session/85842d14400d925143d12204a9eb11ff/element - {"using":"xpath","value":"//td[6]/div/div/input[1]"}
COMMAND: GET /session/85842d14400d925143d12204a9eb11ff/screenshot - {}
RESULT: {"using":"xpath","value":"//td[6]/div/div/input[1]"}
COMMAND: POST /session/85842d14400d925143d12204a9eb11ff/element/f.F943DB1403663130BF14B631DBCBD046.d.D744B994CAE73105B4A1A26652EEE84F.e.10475/click - {}
RESULT: {}
RESULT: {}
COMMAND: POST /session/85842d14400d925143d12204a9eb11ff/actions - {"actions":[{"id":"action60","type":"key","parameters":{},"actions":[{"type":"keyDown","value":"î€ƒ"},{"type":"pause","duration":10},{"type":"keyUp","value":"î€ƒ"}]}]}
COMMAND: GET /session/85842d14400d925143d12204a9eb11ff/screenshot - {}
RESULT: {"actions":[{"id":"action60","type":"key","parameters":{},"actions":[{"type":"keyDown","value":"î€ƒ"},{"type":"pause","duration":10},{"type":"keyUp","value":"î€ƒ"}]}]}
COMMAND: POST /session/85842d14400d925143d12204a9eb11ff/element - {"using":"xpath","value":"//td[6]/div/div/input[1]"}
COMMAND: GET /session/85842d14400d925143d12204a9eb11ff/screenshot - {}
RESULT: {}
RESULT: {"using":"xpath","value":"//td[6]/div/div/input[1]"}
COMMAND: POST /session/85842d14400d925143d12204a9eb11ff/element/f.F943DB1403663130BF14B631DBCBD046.d.D744B994CAE73105B4A1A26652EEE84F.e.10475/clear - {}
RESULT: {}
RESULT: {}
COMMAND: POST /session/85842d14400d925143d12204a9eb11ff/element/f.F943DB1403663130BF14B631DBCBD046.d.D744B994CAE73105B4A1A26652EEE84F.e.10475/value - {"text":"Material"}
COMMAND: GET /session/85842d14400d925143d12204a9eb11ff/screenshot - {}
RESULT: {"text":"Material"}
COMMAND: GET /session/85842d14400d925143d12204a9eb11ff/screenshot - {}
RESULT: {}
RESULT: {}
COMMAND: POST /session/85842d14400d925143d12204a9eb11ff/actions - {"actions":[{"id":"action61","type":"key","parameters":{},"actions":[{"type":"keyDown","value":"î€‡"},{"type":"pause","duration":10},{"type":"keyUp","value":"î€‡"}]}]}
RESULT: {"actions":[{"id":"action61","type":"key","parameters":{},"actions":[{"type":"keyDown","value":"î€‡"},{"type":"pause","duration":10},{"type":"keyUp","value":"î€‡"}]}]}
COMMAND: GET /session/85842d14400d925143d12204a9eb11ff/screenshot - {}
COMMAND: POST /session/85842d14400d925143d12204a9eb11ff/actions - {"actions":[{"id":"action62","type":"key","parameters":{},"actions":[{"type":"keyDown","value":"î€‡"},{"type":"pause","duration":10},{"type":"keyUp","value":"î€‡"}]}]}
RESULT: {}
RESULT: {"actions":[{"id":"action62","type":"key","parameters":{},"actions":[{"type":"keyDown","value":"î€‡"},{"type":"pause","duration":10},{"type":"keyUp","value":"î€‡"}]}]}
COMMAND: POST /session/85842d14400d925143d12204a9eb11ff/element - {"using":"xpath","value":"//td[7]/div/div/input"}
COMMAND: GET /session/85842d14400d925143d12204a9eb11ff/screenshot - {}
RESULT: {"using":"xpath","value":"//td[7]/div/div/input"}
COMMAND: POST /session/85842d14400d925143d12204a9eb11ff/element/f.F943DB1403663130BF14B631DBCBD046.d.D744B994CAE73105B4A1A26652EEE84F.e.10488/clear - {}
RESULT: {}
RESULT: {}
COMMAND: POST /session/85842d14400d925143d12204a9eb11ff/element/f.F943DB1403663130BF14B631DBCBD046.d.D744B994CAE73105B4A1A26652EEE84F.e.10488/value - {"text":"WebdriverRUR2C"}
COMMAND: GET /session/85842d14400d925143d12204a9eb11ff/screenshot - {}
RESULT: {"text":"WebdriverRUR2C"}
COMMAND: GET /session/85842d14400d925143d12204a9eb11ff/screenshot - {}
RESULT: {}
RESULT: {}
COMMAND: POST /session/85842d14400d925143d12204a9eb11ff/actions - {"actions":[{"id":"action63","type":"key","parameters":{},"actions":[{"type":"keyDown","value":"î€‡"},{"type":"pause","duration":10},{"type":"keyUp","value":"î€‡"}]}]}
RESULT: {"actions":[{"id":"action63","type":"key","parameters":{},"actions":[{"type":"keyDown","value":"î€‡"},{"type":"pause","duration":10},{"type":"keyUp","value":"î€‡"}]}]}
COMMAND: GET /session/85842d14400d925143d12204a9eb11ff/screenshot - {}
RESULT: {}
COMMAND: POST /session/85842d14400d925143d12204a9eb11ff/actions - {"actions":[{"id":"action64","type":"key","parameters":{},"actions":[{"type":"keyDown","value":"î€‡"},{"type":"pause","duration":10},{"type":"keyUp","value":"î€‡"}]}]}
RESULT: {"actions":[{"id":"action64","type":"key","parameters":{},"actions":[{"type":"keyDown","value":"î€‡"},{"type":"pause","duration":10},{"type":"keyUp","value":"î€‡"}]}]}
COMMAND: GET /session/85842d14400d925143d12204a9eb11ff/screenshot - {}
RESULT: {}
COMMAND: POST /session/85842d14400d925143d12204a9eb11ff/element - {"using":"xpath","value":"(//button[@data-kt=\"saveButton\"])[2]"}
RESULT: {"using":"xpath","value":"(//button[@data-kt=\"saveButton\"])[2]"}
COMMAND: POST /session/85842d14400d925143d12204a9eb11ff/element/f.F943DB1403663130BF14B631DBCBD046.d.D744B994CAE73105B4A1A26652EEE84F.e.10513/click - {}
RESULT: {}
COMMAND: GET /session/85842d14400d925143d12204a9eb11ff/screenshot - {}
RESULT: {}
COMMAND: POST /session/85842d14400d925143d12204a9eb11ff/element - {"using":"xpath","value":"//button[contains(@data-kt ,\"contractDetailEditBtnButton\")]"}
RESULT: {"using":"xpath","value":"//button[contains(@data-kt ,\"contractDetailEditBtnButton\")]"}
COMMAND: POST /session/85842d14400d925143d12204a9eb11ff/execute/sync - {"script":"<script> [8489 bytes]","args":[{"element-6066-11e4-a52e-4f735466cecf":"f.F943DB1403663130BF14B631DBCBD046.d.D744B994CAE73105B4A1A26652EEE84F.e.10423","ELEMENT":"f.F943DB1403663130BF14B631DBCBD046.d.D744B994CAE73105B4A1A26652EEE84F.e.10423"}]}
RESULT: {"script":"<script> [8489 bytes]","args":[{"element-6066-11e4-a52e-4f735466cecf":"f.F943DB1403663130BF14B631DBCBD046.d.D744B994CAE73105B4A1A26652EEE84F.e.10423","ELEMENT":"f.F943DB1403663130BF14B631DBCBD046.d.D744B994CAE73105B4A1A26652EEE84F.e.10423"}]}
COMMAND: POST /session/85842d14400d925143d12204a9eb11ff/execute/sync - {"script":"<script> [8489 bytes]","args":[{"element-6066-11e4-a52e-4f735466cecf":"f.F943DB1403663130BF14B631DBCBD046.d.D744B994CAE73105B4A1A26652EEE84F.e.10423","ELEMENT":"f.F943DB1403663130BF14B631DBCBD046.d.D744B994CAE73105B4A1A26652EEE84F.e.10423"}]}
COMMAND: GET /session/85842d14400d925143d12204a9eb11ff/screenshot - {}
RESULT: {"script":"<script> [8489 bytes]","args":[{"element-6066-11e4-a52e-4f735466cecf":"f.F943DB1403663130BF14B631DBCBD046.d.D744B994CAE73105B4A1A26652EEE84F.e.10423","ELEMENT":"f.F943DB1403663130BF14B631DBCBD046.d.D744B994CAE73105B4A1A26652EEE84F.e.10423"}]}
COMMAND: POST /session/85842d14400d925143d12204a9eb11ff/execute/sync - {"script":"<script> [5351 bytes]","args":[{"element-6066-11e4-a52e-4f735466cecf":"f.F943DB1403663130BF14B631DBCBD046.d.D744B994CAE73105B4A1A26652EEE84F.e.10423","ELEMENT":"f.F943DB1403663130BF14B631DBCBD046.d.D744B994CAE73105B4A1A26652EEE84F.e.10423"}]}
COMMAND: GET /session/85842d14400d925143d12204a9eb11ff/screenshot - {}
RESULT: {}
RESULT: {"script":"<script> [5351 bytes]","args":[{"element-6066-11e4-a52e-4f735466cecf":"f.F943DB1403663130BF14B631DBCBD046.d.D744B994CAE73105B4A1A26652EEE84F.e.10423","ELEMENT":"f.F943DB1403663130BF14B631DBCBD046.d.D744B994CAE73105B4A1A26652EEE84F.e.10423"}]}
COMMAND: POST /session/85842d14400d925143d12204a9eb11ff/element - {"using":"xpath","value":"(//span[contains(text(), \"Header Billing Items\")])[1]"}
COMMAND: GET /session/85842d14400d925143d12204a9eb11ff/screenshot - {}
RESULT: {}
RESULT: {"using":"xpath","value":"(//span[contains(text(), \"Header Billing Items\")])[1]"}
COMMAND: POST /session/85842d14400d925143d12204a9eb11ff/element/f.F943DB1403663130BF14B631DBCBD046.d.D744B994CAE73105B4A1A26652EEE84F.e.10517/click - {}
RESULT: {}
RESULT: {}
COMMAND: GET /session/85842d14400d925143d12204a9eb11ff/screenshot - {}
RESULT: {}
COMMAND: POST /session/85842d14400d925143d12204a9eb11ff/execute/async - {"script":"<script> [1562 bytes]","args":[{"selector":{"controlType":"sap.m.Title","viewName":"etm.portal.ui.managecontracts.view.Detail","properties":{"text":"Contract Items (1)"}},"wdio_ui5_key":"etmportal.ui.managecontracts.view.Detailsap.m.Title{\"text\":\"Contract Items (1)\"}"}]}
RESULT: {"script":"<script> [1562 bytes]","args":[{"selector":{"controlType":"sap.m.Title","viewName":"etm.portal.ui.managecontracts.view.Detail","properties":{"text":"Contract Items (1)"}},"wdio_ui5_key":"etmportal.ui.managecontracts.view.Detailsap.m.Title{\"text\":\"Contract Items (1)\"}"}]}
RESULT: undefined
COMMAND: POST /session/85842d14400d925143d12204a9eb11ff/execute/async - {"script":"<script> [6424 bytes]","args":[{"element-6066-11e4-a52e-4f735466cecf":"f.F943DB1403663130BF14B631DBCBD046.d.D744B994CAE73105B4A1A26652EEE84F.e.10519"},"getText",[]]}
RESULT: {"script":"<script> [6424 bytes]","args":[{"element-6066-11e4-a52e-4f735466cecf":"f.F943DB1403663130BF14B631DBCBD046.d.D744B994CAE73105B4A1A26652EEE84F.e.10519"},"getText",[]]}
COMMAND: POST /session/85842d14400d925143d12204a9eb11ff/element - {"using":"xpath","value":"(//span[contains(@class ,\"sapMObjStatusText\")])[1]"}
RESULT: {"using":"xpath","value":"(//span[contains(@class ,\"sapMObjStatusText\")])[1]"}
COMMAND: GET /session/85842d14400d925143d12204a9eb11ff/element/f.F943DB1403663130BF14B631DBCBD046.d.D744B994CAE73105B4A1A26652EEE84F.e.10520/text - {}
RESULT: {}
COMMAND: POST /session/85842d14400d925143d12204a9eb11ff/refresh - {}
RESULT: {}
COMMAND: GET /session/85842d14400d925143d12204a9eb11ff/screenshot - {}
RESULT: {}
COMMAND: POST /session/85842d14400d925143d12204a9eb11ff/execute/async - {"script":"<script> [189 bytes]","args":[]}
RESULT: {"script":"<script> [189 bytes]","args":[]}
COMMAND: POST /session/85842d14400d925143d12204a9eb11ff/execute/async - {"script":"<script> [123 bytes]","args":[]}
RESULT: {"script":"<script> [123 bytes]","args":[]}
COMMAND: POST /session/85842d14400d925143d12204a9eb11ff/timeouts - {"script":"<number>"}
RESULT: {"script":"<number>"}
COMMAND: GET /session/85842d14400d925143d12204a9eb11ff/timeouts - {}
RESULT: {}
RESULT: undefined
COMMAND: POST /session/85842d14400d925143d12204a9eb11ff/execute/async - {"script":"<script> [2676 bytes]","args":[]}
RESULT: {"script":"<script> [2676 bytes]","args":[]}
COMMAND: POST /session/85842d14400d925143d12204a9eb11ff/execute/async - {"script":"<script> [2342 bytes]","args":[{"protocol":"http","hostname":"0.0.0.0","path":"/","capabilities":{"browserName":"chrome","goog:chromeOptions":{"binary":"C:\\Program Files\\Google\\Chrome\\Application\\chrome.exe","args":["--start-maximized"]}},"logLevel":"warn","connectionRetryTimeout":120000,"connectionRetryCount":3,"logLevels":{},"enableDirectConnect":true,"strictSSL":true,"_":"65 more keys: [\"cacheDir\",\"port\",\"requestedCapabilities\",\"automationProtocol\",\"baseUrl\",\"waitforInterval\",\"waitforTimeout\",\"onReload\",\"beforeCommand\",\"afterCommand\",\"rootDir\",\"specs\",\"suites\",\"exclude\",\"groupLogsByTestSpec\",\"excludeDriverLogs\",\"bail\",\"framework\",\"reporters\",\"services\",\"maxInstances\",\"maxInstancesPerCapability\",\"injectGlobals\",\"filesToWatch\",\"execArgv\",\"runnerEnv\",\"runner\",\"shard\",\"specFileRetries\",\"specFileRetriesDelay\",\"specFileRetriesDeferred\",\"reporterSyncInterval\",\"reporterSyncTimeout\",\"cucumberFeaturesWithLineNumbers\",\"autoCompileOpts\",\"mochaOpts\",\"jasmineOpts\",\"cucumberOpts\",\"onPrepare\",\"onWorkerStart\",\"onWorkerEnd\",\"before\",\"beforeSession\",\"beforeSuite\",\"beforeHook\",\"beforeTest\",\"afterTest\",\"afterHook\",\"afterSuite\",\"afterSession\",\"after\",\"onComplete\",\"beforeAssertion\",\"afterAssertion\",\"beforeFeature\",\"beforeScenario\",\"beforeStep\",\"afterStep\",\"afterScenario\",\"afterFeature\",\"_\",\"suite\",\"$0\",\"ignoredWorkerServices\",\"wdi5\"]"}]}
RESULT: {"script":"<script> [2342 bytes]","args":[{"protocol":"http","hostname":"0.0.0.0","path":"/","capabilities":{"browserName":"chrome","goog:chromeOptions":{"binary":"C:\\Program Files\\Google\\Chrome\\Application\\chrome.exe","args":["--start-maximized"]}},"logLevel":"warn","connectionRetryTimeout":120000,"connectionRetryCount":3,"logLevels":{},"enableDirectConnect":true,"strictSSL":true,"_":"65 more keys: [\"cacheDir\",\"port\",\"requestedCapabilities\",\"automationProtocol\",\"baseUrl\",\"waitforInterval\",\"waitforTimeout\",\"onReload\",\"beforeCommand\",\"afterCommand\",\"rootDir\",\"specs\",\"suites\",\"exclude\",\"groupLogsByTestSpec\",\"excludeDriverLogs\",\"bail\",\"framework\",\"reporters\",\"services\",\"maxInstances\",\"maxInstancesPerCapability\",\"injectGlobals\",\"filesToWatch\",\"execArgv\",\"runnerEnv\",\"runner\",\"shard\",\"specFileRetries\",\"specFileRetriesDelay\",\"specFileRetriesDeferred\",\"reporterSyncInterval\",\"reporterSyncTimeout\",\"cucumberFeaturesWithLineNumbers\",\"autoCompileOpts\",\"mochaOpts\",\"jasmineOpts\",\"cucumberOpts\",\"onPrepare\",\"onWorkerStart\",\"onWorkerEnd\",\"before\",\"beforeSession\",\"beforeSuite\",\"beforeHook\",\"beforeTest\",\"afterTest\",\"afterHook\",\"afterSuite\",\"afterSession\",\"after\",\"onComplete\",\"beforeAssertion\",\"afterAssertion\",\"beforeFeature\",\"beforeScenario\",\"beforeStep\",\"afterStep\",\"afterScenario\",\"afterFeature\",\"_\",\"suite\",\"$0\",\"ignoredWorkerServices\",\"wdi5\"]"}]}
COMMAND: POST /session/85842d14400d925143d12204a9eb11ff/execute/async - {"script":"<script> [21126 bytes]","args":[35000]}
RESULT: {"script":"<script> [21126 bytes]","args":[35000]}
COMMAND: POST /session/85842d14400d925143d12204a9eb11ff/element - {"using":"css selector","value":"#shell-header-logo"}
RESULT: {"using":"css selector","value":"#shell-header-logo"}
COMMAND: POST /session/85842d14400d925143d12204a9eb11ff/element/f.F943DB1403663130BF14B631DBCBD046.d.A3BE460E90CAB05A37A5CC1B6F5784B9.e.10527/click - {}
RESULT: {}
COMMAND: GET /session/85842d14400d925143d12204a9eb11ff/screenshot - {}
RESULT: {}
]]></system-out>
    </testcase>
  </testsuite>
  <testsuite timestamp="2025-05-18T18:16:13" time="1307.469" tests="7" failures="0" errors="0" skipped="0">
    <properties>
      <property name="specId" value="0" />
      <property name="suiteName" value="E2E - Logistical and commercial statuses" />
      <property name="capabilities" value="chrome.136_0_7103_93.windows" />
      <property name="file" value="file:///D:/a/1/s/test/specs/R2C/E2E-Logistical-and-commercial-status.spec.js" />
    </properties>
    <testcase classname="chrome.136_0_7103_93.windows.E2E_-_Logistical_and_commercial_statuses" name="Should create prerequisites yard partner and site" time="306.048">
      <system-out><![CDATA[
COMMAND: POST /session/85842d14400d925143d12204a9eb11ff/execute/async - {"script":"<script> [1562 bytes]","args":[{"selector":{"controlType":"sap.m.GenericTile","properties":{"header":"Manage Yards"}},"wdio_ui5_key":"sapm.GenericTile{\"header\":\"Manage Yards\"}"}]}
RESULT: {"script":"<script> [1562 bytes]","args":[{"selector":{"controlType":"sap.m.GenericTile","properties":{"header":"Manage Yards"}},"wdio_ui5_key":"sapm.GenericTile{\"header\":\"Manage Yards\"}"}]}
RESULT: undefined
COMMAND: POST /session/85842d14400d925143d12204a9eb11ff/element - {"using":"xpath","value":"//*[@id=\"__tile41\"]"}
RESULT: {"using":"xpath","value":"//*[@id=\"__tile41\"]"}
COMMAND: POST /session/85842d14400d925143d12204a9eb11ff/element/f.F943DB1403663130BF14B631DBCBD046.d.A3BE460E90CAB05A37A5CC1B6F5784B9.e.10756/click - {}
RESULT: {}
COMMAND: GET /session/85842d14400d925143d12204a9eb11ff/screenshot - {}
RESULT: {}
COMMAND: POST /session/85842d14400d925143d12204a9eb11ff/elements - {"using":"xpath","value":"//span[text()='Error']"}
RESULT: {"using":"xpath","value":"//span[text()='Error']"}
COMMAND: POST /session/85842d14400d925143d12204a9eb11ff/execute/async - {"script":"<script> [1562 bytes]","args":[{"selector":{"controlType":"sap.ui.core.Icon","viewName":"etm.portal.ui.manageyards.view.Master","viewId":"application-manageyards-display-component---masterYard","properties":{"src":{"regex":{"source":"add"}}}},"wdio_ui5_key":"etmportal.ui.manageyards.view.Mastersap.ui.core.Icon{\"src\":{\"regex\":{\"source\":\"add\"}}}"}]}
RESULT: {"script":"<script> [1562 bytes]","args":[{"selector":{"controlType":"sap.ui.core.Icon","viewName":"etm.portal.ui.manageyards.view.Master","viewId":"application-manageyards-display-component---masterYard","properties":{"src":{"regex":{"source":"add"}}}},"wdio_ui5_key":"etmportal.ui.manageyards.view.Mastersap.ui.core.Icon{\"src\":{\"regex\":{\"source\":\"add\"}}}"}]}
RESULT: undefined
COMMAND: POST /session/85842d14400d925143d12204a9eb11ff/element - {"using":"xpath","value":"//*[@id=\"__button14-img\"]"}
RESULT: {"using":"xpath","value":"//*[@id=\"__button14-img\"]"}
COMMAND: POST /session/85842d14400d925143d12204a9eb11ff/element/f.F943DB1403663130BF14B631DBCBD046.d.A3BE460E90CAB05A37A5CC1B6F5784B9.e.10800/click - {}
RESULT: {}
COMMAND: GET /session/85842d14400d925143d12204a9eb11ff/screenshot - {}
RESULT: {}
COMMAND: POST /session/85842d14400d925143d12204a9eb11ff/execute/async - {"script":"<script> [1562 bytes]","args":[{"selector":{"id":"application-manageyards-display-component---NewYard--yardId","interaction":{"idSuffix":"inner"}},"wdio_ui5_key":"applicationmanageyards-display-component---NewYard--yardId"}]}
RESULT: {"script":"<script> [1562 bytes]","args":[{"selector":{"id":"application-manageyards-display-component---NewYard--yardId","interaction":{"idSuffix":"inner"}},"wdio_ui5_key":"applicationmanageyards-display-component---NewYard--yardId"}]}
RESULT: undefined
COMMAND: POST /session/85842d14400d925143d12204a9eb11ff/element - {"using":"xpath","value":"//*[@id=\"application-manageyards-display-component---NewYard--addressDetailDetailsName1-inner\"]"}
RESULT: {"using":"xpath","value":"//*[@id=\"application-manageyards-display-component---NewYard--addressDetailDetailsName1-inner\"]"}
COMMAND: POST /session/85842d14400d925143d12204a9eb11ff/element/f.F943DB1403663130BF14B631DBCBD046.d.A3BE460E90CAB05A37A5CC1B6F5784B9.e.10979/clear - {}
RESULT: {}
COMMAND: POST /session/85842d14400d925143d12204a9eb11ff/element/f.F943DB1403663130BF14B631DBCBD046.d.A3BE460E90CAB05A37A5CC1B6F5784B9.e.10979/value - {"text":"WebdriverYardehbue"}
COMMAND: GET /session/85842d14400d925143d12204a9eb11ff/screenshot - {}
RESULT: {"text":"WebdriverYardehbue"}
COMMAND: POST /session/85842d14400d925143d12204a9eb11ff/element - {"using":"xpath","value":"//*[@id=\"application-manageyards-display-component---NewYard--addressDetailDetailsLanguage-inner\"]"}
COMMAND: GET /session/85842d14400d925143d12204a9eb11ff/screenshot - {}
RESULT: {}
RESULT: {"using":"xpath","value":"//*[@id=\"application-manageyards-display-component---NewYard--addressDetailDetailsLanguage-inner\"]"}
COMMAND: POST /session/85842d14400d925143d12204a9eb11ff/element/f.F943DB1403663130BF14B631DBCBD046.d.A3BE460E90CAB05A37A5CC1B6F5784B9.e.10980/clear - {}
RESULT: {}
RESULT: {}
COMMAND: POST /session/85842d14400d925143d12204a9eb11ff/element/f.F943DB1403663130BF14B631DBCBD046.d.A3BE460E90CAB05A37A5CC1B6F5784B9.e.10980/value - {"text":"Romanian"}
COMMAND: GET /session/85842d14400d925143d12204a9eb11ff/screenshot - {}
RESULT: {"text":"Romanian"}
COMMAND: POST /session/85842d14400d925143d12204a9eb11ff/element - {"using":"xpath","value":"//input[contains(@id ,\"application-manageyards-display-component---NewYard--addressDetailDetailsName1-inner\")]"}
COMMAND: GET /session/85842d14400d925143d12204a9eb11ff/screenshot - {}
RESULT: {}
RESULT: {"using":"xpath","value":"//input[contains(@id ,\"application-manageyards-display-component---NewYard--addressDetailDetailsName1-inner\")]"}
COMMAND: GET /session/85842d14400d925143d12204a9eb11ff/element/f.F943DB1403663130BF14B631DBCBD046.d.A3BE460E90CAB05A37A5CC1B6F5784B9.e.10979/property/value - {}
RESULT: {}
RESULT: {}
COMMAND: GET /session/85842d14400d925143d12204a9eb11ff/screenshot - {}
RESULT: {}
COMMAND: POST /session/85842d14400d925143d12204a9eb11ff/element - {"using":"xpath","value":"//*[@id=\"application-manageyards-display-component---NewYard--addressDetailDetailsCity1-inner\"]"}
RESULT: {"using":"xpath","value":"//*[@id=\"application-manageyards-display-component---NewYard--addressDetailDetailsCity1-inner\"]"}
COMMAND: POST /session/85842d14400d925143d12204a9eb11ff/element/f.F943DB1403663130BF14B631DBCBD046.d.A3BE460E90CAB05A37A5CC1B6F5784B9.e.10982/clear - {}
RESULT: {}
COMMAND: POST /session/85842d14400d925143d12204a9eb11ff/element/f.F943DB1403663130BF14B631DBCBD046.d.A3BE460E90CAB05A37A5CC1B6F5784B9.e.10982/value - {"text":"Bucuresti"}
COMMAND: GET /session/85842d14400d925143d12204a9eb11ff/screenshot - {}
RESULT: {"text":"Bucuresti"}
COMMAND: GET /session/85842d14400d925143d12204a9eb11ff/screenshot - {}
RESULT: {}
RESULT: {}
COMMAND: POST /session/85842d14400d925143d12204a9eb11ff/element - {"using":"xpath","value":"//*[@id=\"application-manageyards-display-component---NewYard--addressDetailDetailsCountry-inner\"]"}
RESULT: {"using":"xpath","value":"//*[@id=\"application-manageyards-display-component---NewYard--addressDetailDetailsCountry-inner\"]"}
COMMAND: POST /session/85842d14400d925143d12204a9eb11ff/element/f.F943DB1403663130BF14B631DBCBD046.d.A3BE460E90CAB05A37A5CC1B6F5784B9.e.10986/clear - {}
RESULT: {}
COMMAND: POST /session/85842d14400d925143d12204a9eb11ff/element/f.F943DB1403663130BF14B631DBCBD046.d.A3BE460E90CAB05A37A5CC1B6F5784B9.e.10986/value - {"text":"Romania"}
COMMAND: GET /session/85842d14400d925143d12204a9eb11ff/screenshot - {}
RESULT: {}
RESULT: {"text":"Romania"}
COMMAND: GET /session/85842d14400d925143d12204a9eb11ff/screenshot - {}
RESULT: {}
COMMAND: POST /session/85842d14400d925143d12204a9eb11ff/element - {"using":"xpath","value":"//div[contains(text(), \"Commercial\")]"}
RESULT: {"using":"xpath","value":"//div[contains(text(), \"Commercial\")]"}
COMMAND: GET /session/85842d14400d925143d12204a9eb11ff/element/f.F943DB1403663130BF14B631DBCBD046.d.A3BE460E90CAB05A37A5CC1B6F5784B9.e.11232/rect - {}
RESULT: {}
COMMAND: GET /session/85842d14400d925143d12204a9eb11ff/window/rect - {}
RESULT: {}
COMMAND: POST /session/85842d14400d925143d12204a9eb11ff/execute/sync - {"script":"<script> [92 bytes]","args":[]}
RESULT: {"script":"<script> [92 bytes]","args":[]}
COMMAND: POST /session/85842d14400d925143d12204a9eb11ff/actions - {"actions":[{"id":"action65","type":"wheel","parameters":{},"actions":[{"type":"scroll","x":-1841,"y":-44,"deltaX":0,"deltaY":0,"duration":0,"origin":{"element-6066-11e4-a52e-4f735466cecf":"f.F943DB1403663130BF14B631DBCBD046.d.A3BE460E90CAB05A37A5CC1B6F5784B9.e.11232"}}]}]}
COMMAND: GET /session/85842d14400d925143d12204a9eb11ff/screenshot - {}
RESULT: {}
COMMAND: POST /session/85842d14400d925143d12204a9eb11ff/execute/sync - {"script":"<script> [79 bytes]","args":[{"element-6066-11e4-a52e-4f735466cecf":"f.F943DB1403663130BF14B631DBCBD046.d.A3BE460E90CAB05A37A5CC1B6F5784B9.e.11232","ELEMENT":"f.F943DB1403663130BF14B631DBCBD046.d.A3BE460E90CAB05A37A5CC1B6F5784B9.e.11232"},{"block":"start","inline":"nearest"}]}
RESULT: {"script":"<script> [79 bytes]","args":[{"element-6066-11e4-a52e-4f735466cecf":"f.F943DB1403663130BF14B631DBCBD046.d.A3BE460E90CAB05A37A5CC1B6F5784B9.e.11232","ELEMENT":"f.F943DB1403663130BF14B631DBCBD046.d.A3BE460E90CAB05A37A5CC1B6F5784B9.e.11232"},{"block":"start","inline":"nearest"}]}
COMMAND: GET /session/85842d14400d925143d12204a9eb11ff/screenshot - {}
RESULT: {}
COMMAND: POST /session/85842d14400d925143d12204a9eb11ff/execute/async - {"script":"<script> [1562 bytes]","args":[{"selector":{"id":"application-manageyards-display-component---NewYard--addressEditDetailsCostObjectCstType-arrow"},"wdio_ui5_key":"applicationmanageyards-display-component---NewYard--addressEditDetailsCostObjectCstType-arrow"}]}
RESULT: {"script":"<script> [1562 bytes]","args":[{"selector":{"id":"application-manageyards-display-component---NewYard--addressEditDetailsCostObjectCstType-arrow"},"wdio_ui5_key":"applicationmanageyards-display-component---NewYard--addressEditDetailsCostObjectCstType-arrow"}]}
RESULT: undefined
COMMAND: POST /session/85842d14400d925143d12204a9eb11ff/element - {"using":"xpath","value":"//*[@id=\"application-manageyards-display-component---NewYard--addressEditDetailsCostObjectCstType-arrow\"]"}
RESULT: {"using":"xpath","value":"//*[@id=\"application-manageyards-display-component---NewYard--addressEditDetailsCostObjectCstType-arrow\"]"}
COMMAND: POST /session/85842d14400d925143d12204a9eb11ff/element/f.F943DB1403663130BF14B631DBCBD046.d.A3BE460E90CAB05A37A5CC1B6F5784B9.e.11241/click - {}
RESULT: {}
COMMAND: POST /session/85842d14400d925143d12204a9eb11ff/element - {"using":"xpath","value":"//span[contains(text(), \"Cost Center\")]"}
COMMAND: GET /session/85842d14400d925143d12204a9eb11ff/screenshot - {}
RESULT: {"using":"xpath","value":"//span[contains(text(), \"Cost Center\")]"}
COMMAND: POST /session/85842d14400d925143d12204a9eb11ff/element/f.F943DB1403663130BF14B631DBCBD046.d.A3BE460E90CAB05A37A5CC1B6F5784B9.e.11242/click - {}
RESULT: {}
RESULT: {}
COMMAND: GET /session/85842d14400d925143d12204a9eb11ff/screenshot - {}
RESULT: {}
COMMAND: POST /session/85842d14400d925143d12204a9eb11ff/execute/async - {"script":"<script> [1562 bytes]","args":[{"selector":{"id":"application-manageyards-display-component---NewYard--addressNewCostObjectCstID-vhi"},"wdio_ui5_key":"applicationmanageyards-display-component---NewYard--addressNewCostObjectCstID-vhi"}]}
RESULT: {"script":"<script> [1562 bytes]","args":[{"selector":{"id":"application-manageyards-display-component---NewYard--addressNewCostObjectCstID-vhi"},"wdio_ui5_key":"applicationmanageyards-display-component---NewYard--addressNewCostObjectCstID-vhi"}]}
RESULT: undefined
COMMAND: POST /session/85842d14400d925143d12204a9eb11ff/element - {"using":"xpath","value":"//*[@id=\"application-manageyards-display-component---NewYard--addressNewCostObjectCstID-vhi\"]"}
RESULT: {"using":"xpath","value":"//*[@id=\"application-manageyards-display-component---NewYard--addressNewCostObjectCstID-vhi\"]"}
COMMAND: POST /session/85842d14400d925143d12204a9eb11ff/element/f.F943DB1403663130BF14B631DBCBD046.d.A3BE460E90CAB05A37A5CC1B6F5784B9.e.11246/click - {}
RESULT: {}
COMMAND: GET /session/85842d14400d925143d12204a9eb11ff/screenshot - {}
RESULT: {}
COMMAND: POST /session/85842d14400d925143d12204a9eb11ff/execute/async - {"script":"<script> [1562 bytes]","args":[{"selector":{"controlType":"sap.m.SearchField","properties":{"placeholder":"Search"},"searchOpenDialogs":true,"interaction":{"idSuffix":"I"}},"wdio_ui5_key":"sapm.SearchField{\"placeholder\":\"Search\"}"}]}
RESULT: {"script":"<script> [1562 bytes]","args":[{"selector":{"controlType":"sap.m.SearchField","properties":{"placeholder":"Search"},"searchOpenDialogs":true,"interaction":{"idSuffix":"I"}},"wdio_ui5_key":"sapm.SearchField{\"placeholder\":\"Search\"}"}]}
RESULT: undefined
COMMAND: POST /session/85842d14400d925143d12204a9eb11ff/execute/async - {"script":"<script> [776 bytes]","args":[{"enterText":"10001013","selector":{"controlType":"sap.m.SearchField","properties":{"placeholder":"Search"},"searchOpenDialogs":true,"interaction":{"idSuffix":"I"}},"clearTextFirst":true,"interactionType":"ENTER_TEXT"}]}
RESULT: {"script":"<script> [776 bytes]","args":[{"enterText":"10001013","selector":{"controlType":"sap.m.SearchField","properties":{"placeholder":"Search"},"searchOpenDialogs":true,"interaction":{"idSuffix":"I"}},"clearTextFirst":true,"interactionType":"ENTER_TEXT"}]}
COMMAND: POST /session/85842d14400d925143d12204a9eb11ff/actions - {"actions":[{"id":"action66","type":"key","parameters":{},"actions":[{"type":"keyDown","value":"î€‡"},{"type":"pause","duration":10},{"type":"keyUp","value":"î€‡"}]}]}
RESULT: {"actions":[{"id":"action66","type":"key","parameters":{},"actions":[{"type":"keyDown","value":"î€‡"},{"type":"pause","duration":10},{"type":"keyUp","value":"î€‡"}]}]}
COMMAND: GET /session/85842d14400d925143d12204a9eb11ff/screenshot - {}
RESULT: {}
COMMAND: POST /session/85842d14400d925143d12204a9eb11ff/element - {"using":"xpath","value":"//span[contains(text(), \"General Management\")]"}
RESULT: {"using":"xpath","value":"//span[contains(text(), \"General Management\")]"}
COMMAND: POST /session/85842d14400d925143d12204a9eb11ff/element/f.F943DB1403663130BF14B631DBCBD046.d.A3BE460E90CAB05A37A5CC1B6F5784B9.e.11288/click - {}
RESULT: {}
COMMAND: GET /session/85842d14400d925143d12204a9eb11ff/screenshot - {}
RESULT: {}
COMMAND: POST /session/85842d14400d925143d12204a9eb11ff/element - {"using":"xpath","value":"//bdi[contains(text(), \"OK\")]"}
RESULT: {"using":"xpath","value":"//bdi[contains(text(), \"OK\")]"}
COMMAND: POST /session/85842d14400d925143d12204a9eb11ff/element/f.F943DB1403663130BF14B631DBCBD046.d.A3BE460E90CAB05A37A5CC1B6F5784B9.e.11289/click - {}
RESULT: {}
COMMAND: GET /session/85842d14400d925143d12204a9eb11ff/screenshot - {}
RESULT: {}
COMMAND: POST /session/85842d14400d925143d12204a9eb11ff/execute/async - {"script":"<script> [1562 bytes]","args":[{"selector":{"controlType":"sap.m.Button","viewName":"etm.portal.ui.manageyards.view.New","viewId":"application-manageyards-display-component---NewYard","i18NText":{"propertyName":"text","key":"save"},"interaction":{"idSuffix":"inner"}},"wdio_ui5_key":"etmportal.ui.manageyards.view.Newsap.m.Button{\"propertyName\":\"text\",\"key\":\"save\"}"}]}
RESULT: {"script":"<script> [1562 bytes]","args":[{"selector":{"controlType":"sap.m.Button","viewName":"etm.portal.ui.manageyards.view.New","viewId":"application-manageyards-display-component---NewYard","i18NText":{"propertyName":"text","key":"save"},"interaction":{"idSuffix":"inner"}},"wdio_ui5_key":"etmportal.ui.manageyards.view.Newsap.m.Button{\"propertyName\":\"text\",\"key\":\"save\"}"}]}
RESULT: undefined
COMMAND: POST /session/85842d14400d925143d12204a9eb11ff/element - {"using":"xpath","value":"//*[@id=\"__button28\"]"}
RESULT: {"using":"xpath","value":"//*[@id=\"__button28\"]"}
COMMAND: POST /session/85842d14400d925143d12204a9eb11ff/element/f.F943DB1403663130BF14B631DBCBD046.d.A3BE460E90CAB05A37A5CC1B6F5784B9.e.11172/click - {}
RESULT: {}
COMMAND: GET /session/85842d14400d925143d12204a9eb11ff/screenshot - {}
RESULT: {}
COMMAND: POST /session/85842d14400d925143d12204a9eb11ff/element - {"using":"xpath","value":"//header/div/div[2]/div[2]/span"}
RESULT: {"using":"xpath","value":"//header/div/div[2]/div[2]/span"}
COMMAND: GET /session/85842d14400d925143d12204a9eb11ff/element/f.F943DB1403663130BF14B631DBCBD046.d.A3BE460E90CAB05A37A5CC1B6F5784B9.e.11486/text - {}
RESULT: {}
COMMAND: POST /session/85842d14400d925143d12204a9eb11ff/execute/async - {"script":"<script> [1562 bytes]","args":[{"selector":{"controlType":"sap.m.OverflowToolbarButton","viewName":"etm.portal.ui.manageyards.view.Detail","viewId":"application-manageyards-display-component---detailYard","i18NText":{"propertyName":"tooltip","key":"closeColumn"},"interaction":{"idSuffix":"inner"}},"wdio_ui5_key":"etmportal.ui.manageyards.view.Detailsap.m.OverflowToolbarButton{\"propertyName\":\"tooltip\",\"key\":\"closeColumn\"}"}]}
RESULT: {"script":"<script> [1562 bytes]","args":[{"selector":{"controlType":"sap.m.OverflowToolbarButton","viewName":"etm.portal.ui.manageyards.view.Detail","viewId":"application-manageyards-display-component---detailYard","i18NText":{"propertyName":"tooltip","key":"closeColumn"},"interaction":{"idSuffix":"inner"}},"wdio_ui5_key":"etmportal.ui.manageyards.view.Detailsap.m.OverflowToolbarButton{\"propertyName\":\"tooltip\",\"key\":\"closeColumn\"}"}]}
RESULT: undefined
COMMAND: POST /session/85842d14400d925143d12204a9eb11ff/element - {"using":"xpath","value":"//*[@id=\"__button50\"]"}
RESULT: {"using":"xpath","value":"//*[@id=\"__button50\"]"}
COMMAND: POST /session/85842d14400d925143d12204a9eb11ff/element/f.F943DB1403663130BF14B631DBCBD046.d.A3BE460E90CAB05A37A5CC1B6F5784B9.e.11488/click - {}
RESULT: {}
COMMAND: GET /session/85842d14400d925143d12204a9eb11ff/screenshot - {}
COMMAND: POST /session/85842d14400d925143d12204a9eb11ff/element - {"using":"css selector","value":"#shell-header-logo"}
RESULT: {}
RESULT: {"using":"css selector","value":"#shell-header-logo"}
COMMAND: POST /session/85842d14400d925143d12204a9eb11ff/element/f.F943DB1403663130BF14B631DBCBD046.d.A3BE460E90CAB05A37A5CC1B6F5784B9.e.10759/click - {}
RESULT: {}
COMMAND: GET /session/85842d14400d925143d12204a9eb11ff/screenshot - {}
RESULT: {}
COMMAND: POST /session/85842d14400d925143d12204a9eb11ff/refresh - {}
RESULT: {}
COMMAND: GET /session/85842d14400d925143d12204a9eb11ff/screenshot - {}
RESULT: {}
COMMAND: POST /session/85842d14400d925143d12204a9eb11ff/execute/async - {"script":"<script> [189 bytes]","args":[]}
RESULT: {"script":"<script> [189 bytes]","args":[]}
COMMAND: POST /session/85842d14400d925143d12204a9eb11ff/execute/async - {"script":"<script> [123 bytes]","args":[]}
RESULT: {"script":"<script> [123 bytes]","args":[]}
COMMAND: POST /session/85842d14400d925143d12204a9eb11ff/timeouts - {"script":"<number>"}
RESULT: {"script":"<number>"}
COMMAND: GET /session/85842d14400d925143d12204a9eb11ff/timeouts - {}
RESULT: {}
RESULT: undefined
COMMAND: POST /session/85842d14400d925143d12204a9eb11ff/execute/async - {"script":"<script> [2676 bytes]","args":[]}
RESULT: {"script":"<script> [2676 bytes]","args":[]}
COMMAND: POST /session/85842d14400d925143d12204a9eb11ff/execute/async - {"script":"<script> [2342 bytes]","args":[{"protocol":"http","hostname":"0.0.0.0","path":"/","capabilities":{"browserName":"chrome","goog:chromeOptions":{"binary":"C:\\Program Files\\Google\\Chrome\\Application\\chrome.exe","args":["--start-maximized"]}},"logLevel":"warn","connectionRetryTimeout":120000,"connectionRetryCount":3,"logLevels":{},"enableDirectConnect":true,"strictSSL":true,"_":"65 more keys: [\"cacheDir\",\"port\",\"requestedCapabilities\",\"automationProtocol\",\"baseUrl\",\"waitforInterval\",\"waitforTimeout\",\"onReload\",\"beforeCommand\",\"afterCommand\",\"rootDir\",\"specs\",\"suites\",\"exclude\",\"groupLogsByTestSpec\",\"excludeDriverLogs\",\"bail\",\"framework\",\"reporters\",\"services\",\"maxInstances\",\"maxInstancesPerCapability\",\"injectGlobals\",\"filesToWatch\",\"execArgv\",\"runnerEnv\",\"runner\",\"shard\",\"specFileRetries\",\"specFileRetriesDelay\",\"specFileRetriesDeferred\",\"reporterSyncInterval\",\"reporterSyncTimeout\",\"cucumberFeaturesWithLineNumbers\",\"autoCompileOpts\",\"mochaOpts\",\"jasmineOpts\",\"cucumberOpts\",\"onPrepare\",\"onWorkerStart\",\"onWorkerEnd\",\"before\",\"beforeSession\",\"beforeSuite\",\"beforeHook\",\"beforeTest\",\"afterTest\",\"afterHook\",\"afterSuite\",\"afterSession\",\"after\",\"onComplete\",\"beforeAssertion\",\"afterAssertion\",\"beforeFeature\",\"beforeScenario\",\"beforeStep\",\"afterStep\",\"afterScenario\",\"afterFeature\",\"_\",\"suite\",\"$0\",\"ignoredWorkerServices\",\"wdi5\"]"}]}
RESULT: {"script":"<script> [2342 bytes]","args":[{"protocol":"http","hostname":"0.0.0.0","path":"/","capabilities":{"browserName":"chrome","goog:chromeOptions":{"binary":"C:\\Program Files\\Google\\Chrome\\Application\\chrome.exe","args":["--start-maximized"]}},"logLevel":"warn","connectionRetryTimeout":120000,"connectionRetryCount":3,"logLevels":{},"enableDirectConnect":true,"strictSSL":true,"_":"65 more keys: [\"cacheDir\",\"port\",\"requestedCapabilities\",\"automationProtocol\",\"baseUrl\",\"waitforInterval\",\"waitforTimeout\",\"onReload\",\"beforeCommand\",\"afterCommand\",\"rootDir\",\"specs\",\"suites\",\"exclude\",\"groupLogsByTestSpec\",\"excludeDriverLogs\",\"bail\",\"framework\",\"reporters\",\"services\",\"maxInstances\",\"maxInstancesPerCapability\",\"injectGlobals\",\"filesToWatch\",\"execArgv\",\"runnerEnv\",\"runner\",\"shard\",\"specFileRetries\",\"specFileRetriesDelay\",\"specFileRetriesDeferred\",\"reporterSyncInterval\",\"reporterSyncTimeout\",\"cucumberFeaturesWithLineNumbers\",\"autoCompileOpts\",\"mochaOpts\",\"jasmineOpts\",\"cucumberOpts\",\"onPrepare\",\"onWorkerStart\",\"onWorkerEnd\",\"before\",\"beforeSession\",\"beforeSuite\",\"beforeHook\",\"beforeTest\",\"afterTest\",\"afterHook\",\"afterSuite\",\"afterSession\",\"after\",\"onComplete\",\"beforeAssertion\",\"afterAssertion\",\"beforeFeature\",\"beforeScenario\",\"beforeStep\",\"afterStep\",\"afterScenario\",\"afterFeature\",\"_\",\"suite\",\"$0\",\"ignoredWorkerServices\",\"wdi5\"]"}]}
COMMAND: POST /session/85842d14400d925143d12204a9eb11ff/execute/async - {"script":"<script> [21126 bytes]","args":[35000]}
RESULT: {"script":"<script> [21126 bytes]","args":[35000]}
COMMAND: POST /session/85842d14400d925143d12204a9eb11ff/execute/async - {"script":"<script> [1562 bytes]","args":[{"selector":{"controlType":"sap.m.GenericTile","properties":{"header":"Manage Partners"}},"wdio_ui5_key":"sapm.GenericTile{\"header\":\"Manage Partners\"}"}]}
RESULT: {"script":"<script> [1562 bytes]","args":[{"selector":{"controlType":"sap.m.GenericTile","properties":{"header":"Manage Partners"}},"wdio_ui5_key":"sapm.GenericTile{\"header\":\"Manage Partners\"}"}]}
RESULT: undefined
COMMAND: POST /session/85842d14400d925143d12204a9eb11ff/element - {"using":"xpath","value":"//*[@id=\"__tile38\"]"}
RESULT: {"using":"xpath","value":"//*[@id=\"__tile38\"]"}
COMMAND: POST /session/85842d14400d925143d12204a9eb11ff/element/f.F943DB1403663130BF14B631DBCBD046.d.D2F3281119244C3E8521EFB97DF29ACE.e.11844/click - {}
RESULT: {}
COMMAND: GET /session/85842d14400d925143d12204a9eb11ff/screenshot - {}
RESULT: {}
COMMAND: POST /session/85842d14400d925143d12204a9eb11ff/elements - {"using":"xpath","value":"//span[text()='Error']"}
RESULT: {"using":"xpath","value":"//span[text()='Error']"}
COMMAND: POST /session/85842d14400d925143d12204a9eb11ff/execute/async - {"script":"<script> [1562 bytes]","args":[{"selector":{"controlType":"sap.ui.core.Icon","viewName":"etm.portal.ui.managepartners.view.Master","viewId":"application-managepartners-display-component---masterPtm","properties":{"src":{"regex":{"source":"add"}}}},"wdio_ui5_key":"etmportal.ui.managepartners.view.Mastersap.ui.core.Icon{\"src\":{\"regex\":{\"source\":\"add\"}}}"}]}
RESULT: {"script":"<script> [1562 bytes]","args":[{"selector":{"controlType":"sap.ui.core.Icon","viewName":"etm.portal.ui.managepartners.view.Master","viewId":"application-managepartners-display-component---masterPtm","properties":{"src":{"regex":{"source":"add"}}}},"wdio_ui5_key":"etmportal.ui.managepartners.view.Mastersap.ui.core.Icon{\"src\":{\"regex\":{\"source\":\"add\"}}}"}]}
RESULT: undefined
COMMAND: POST /session/85842d14400d925143d12204a9eb11ff/element - {"using":"xpath","value":"//*[@id=\"__button4-img\"]"}
RESULT: {"using":"xpath","value":"//*[@id=\"__button4-img\"]"}
COMMAND: POST /session/85842d14400d925143d12204a9eb11ff/element/f.F943DB1403663130BF14B631DBCBD046.d.D2F3281119244C3E8521EFB97DF29ACE.e.11893/click - {}
RESULT: {}
COMMAND: GET /session/85842d14400d925143d12204a9eb11ff/screenshot - {}
RESULT: {}
COMMAND: POST /session/85842d14400d925143d12204a9eb11ff/execute/async - {"script":"<script> [1562 bytes]","args":[{"selector":{"id":"application-managepartners-display-component---NewPartner--partnerId","interaction":{"idSuffix":"inner"}},"wdio_ui5_key":"applicationmanagepartners-display-component---NewPartner--partnerId"}]}
RESULT: {"script":"<script> [1562 bytes]","args":[{"selector":{"id":"application-managepartners-display-component---NewPartner--partnerId","interaction":{"idSuffix":"inner"}},"wdio_ui5_key":"applicationmanagepartners-display-component---NewPartner--partnerId"}]}
RESULT: undefined
COMMAND: POST /session/85842d14400d925143d12204a9eb11ff/execute/async - {"script":"<script> [1562 bytes]","args":[{"selector":{"id":"application-managepartners-display-component---NewPartner--addressDetailDetailsName1","interaction":{"idSuffix":"inner"}},"wdio_ui5_key":"applicationmanagepartners-display-component---NewPartner--addressDetailDetailsName1"}]}
RESULT: {"script":"<script> [1562 bytes]","args":[{"selector":{"id":"application-managepartners-display-component---NewPartner--addressDetailDetailsName1","interaction":{"idSuffix":"inner"}},"wdio_ui5_key":"applicationmanagepartners-display-component---NewPartner--addressDetailDetailsName1"}]}
RESULT: undefined
COMMAND: POST /session/85842d14400d925143d12204a9eb11ff/execute/async - {"script":"<script> [776 bytes]","args":[{"enterText":"WebdriverPartnerbeeh4","selector":{"id":"application-managepartners-display-component---NewPartner--addressDetailDetailsName1","interaction":{"idSuffix":"inner"}},"clearTextFirst":true,"interactionType":"ENTER_TEXT"}]}
RESULT: {"script":"<script> [776 bytes]","args":[{"enterText":"WebdriverPartnerbeeh4","selector":{"id":"application-managepartners-display-component---NewPartner--addressDetailDetailsName1","interaction":{"idSuffix":"inner"}},"clearTextFirst":true,"interactionType":"ENTER_TEXT"}]}
COMMAND: POST /session/85842d14400d925143d12204a9eb11ff/execute/async - {"script":"<script> [1562 bytes]","args":[{"selector":{"id":"application-managepartners-display-component---NewPartner--addressDetailDetailsLanguage","interaction":{"idSuffix":"inner"}},"wdio_ui5_key":"applicationmanagepartners-display-component---NewPartner--addressDetailDetailsLanguage"}]}
RESULT: {"script":"<script> [1562 bytes]","args":[{"selector":{"id":"application-managepartners-display-component---NewPartner--addressDetailDetailsLanguage","interaction":{"idSuffix":"inner"}},"wdio_ui5_key":"applicationmanagepartners-display-component---NewPartner--addressDetailDetailsLanguage"}]}
RESULT: undefined
COMMAND: POST /session/85842d14400d925143d12204a9eb11ff/execute/async - {"script":"<script> [776 bytes]","args":[{"enterText":"Romanian","selector":{"id":"application-managepartners-display-component---NewPartner--addressDetailDetailsLanguage","interaction":{"idSuffix":"inner"}},"clearTextFirst":true,"interactionType":"ENTER_TEXT"}]}
RESULT: {"script":"<script> [776 bytes]","args":[{"enterText":"Romanian","selector":{"id":"application-managepartners-display-component---NewPartner--addressDetailDetailsLanguage","interaction":{"idSuffix":"inner"}},"clearTextFirst":true,"interactionType":"ENTER_TEXT"}]}
COMMAND: POST /session/85842d14400d925143d12204a9eb11ff/element - {"using":"xpath","value":"//input[contains(@id ,\"application-managepartners-display-component---NewPartner--addressDetailDetailsName1-inner\")]"}
RESULT: {"using":"xpath","value":"//input[contains(@id ,\"application-managepartners-display-component---NewPartner--addressDetailDetailsName1-inner\")]"}
COMMAND: GET /session/85842d14400d925143d12204a9eb11ff/element/f.F943DB1403663130BF14B631DBCBD046.d.D2F3281119244C3E8521EFB97DF29ACE.e.12081/property/value - {}
RESULT: {}
COMMAND: POST /session/85842d14400d925143d12204a9eb11ff/execute/async - {"script":"<script> [1562 bytes]","args":[{"selector":{"id":"application-managepartners-display-component---NewPartner--addressDetailDetailsCity1","interaction":{"idSuffix":"inner"}},"wdio_ui5_key":"applicationmanagepartners-display-component---NewPartner--addressDetailDetailsCity1"}]}
COMMAND: GET /session/85842d14400d925143d12204a9eb11ff/screenshot - {}
RESULT: {"script":"<script> [1562 bytes]","args":[{"selector":{"id":"application-managepartners-display-component---NewPartner--addressDetailDetailsCity1","interaction":{"idSuffix":"inner"}},"wdio_ui5_key":"applicationmanagepartners-display-component---NewPartner--addressDetailDetailsCity1"}]}
RESULT: undefined
COMMAND: POST /session/85842d14400d925143d12204a9eb11ff/execute/async - {"script":"<script> [776 bytes]","args":[{"enterText":"Bucharest","selector":{"id":"application-managepartners-display-component---NewPartner--addressDetailDetailsCity1","interaction":{"idSuffix":"inner"}},"clearTextFirst":true,"interactionType":"ENTER_TEXT"}]}
RESULT: {}
RESULT: {"script":"<script> [776 bytes]","args":[{"enterText":"Bucharest","selector":{"id":"application-managepartners-display-component---NewPartner--addressDetailDetailsCity1","interaction":{"idSuffix":"inner"}},"clearTextFirst":true,"interactionType":"ENTER_TEXT"}]}
COMMAND: POST /session/85842d14400d925143d12204a9eb11ff/execute/async - {"script":"<script> [1562 bytes]","args":[{"selector":{"id":"application-managepartners-display-component---NewPartner--addressDetailDetailsCountry","interaction":{"idSuffix":"inner"}},"wdio_ui5_key":"applicationmanagepartners-display-component---NewPartner--addressDetailDetailsCountry"}]}
RESULT: {"script":"<script> [1562 bytes]","args":[{"selector":{"id":"application-managepartners-display-component---NewPartner--addressDetailDetailsCountry","interaction":{"idSuffix":"inner"}},"wdio_ui5_key":"applicationmanagepartners-display-component---NewPartner--addressDetailDetailsCountry"}]}
RESULT: undefined
COMMAND: POST /session/85842d14400d925143d12204a9eb11ff/execute/async - {"script":"<script> [6424 bytes]","args":[{"element-6066-11e4-a52e-4f735466cecf":"f.F943DB1403663130BF14B631DBCBD046.d.D2F3281119244C3E8521EFB97DF29ACE.e.12088"},"setValue",["Romania"]]}
RESULT: {"script":"<script> [6424 bytes]","args":[{"element-6066-11e4-a52e-4f735466cecf":"f.F943DB1403663130BF14B631DBCBD046.d.D2F3281119244C3E8521EFB97DF29ACE.e.12088"},"setValue",["Romania"]]}
COMMAND: POST /session/85842d14400d925143d12204a9eb11ff/execute/async - {"script":"<script> [1562 bytes]","args":[{"selector":{"id":"application-managepartners-display-component---NewPartner--partnerDetailInternal","interaction":{"idSuffix":"inner"}},"wdio_ui5_key":"applicationmanagepartners-display-component---NewPartner--partnerDetailInternal"}]}
RESULT: {"script":"<script> [1562 bytes]","args":[{"selector":{"id":"application-managepartners-display-component---NewPartner--partnerDetailInternal","interaction":{"idSuffix":"inner"}},"wdio_ui5_key":"applicationmanagepartners-display-component---NewPartner--partnerDetailInternal"}]}
RESULT: undefined
COMMAND: POST /session/85842d14400d925143d12204a9eb11ff/execute/async - {"script":"<script> [776 bytes]","args":[{"enterText":"External partner","selector":{"id":"application-managepartners-display-component---NewPartner--partnerDetailInternal","interaction":{"idSuffix":"inner"}},"clearTextFirst":true,"interactionType":"ENTER_TEXT"}]}
RESULT: {"script":"<script> [776 bytes]","args":[{"enterText":"External partner","selector":{"id":"application-managepartners-display-component---NewPartner--partnerDetailInternal","interaction":{"idSuffix":"inner"}},"clearTextFirst":true,"interactionType":"ENTER_TEXT"}]}
COMMAND: POST /session/85842d14400d925143d12204a9eb11ff/execute/async - {"script":"<script> [1562 bytes]","args":[{"selector":{"id":"application-managepartners-display-component---NewPartner--partnerDetailsCurrency","interaction":{"idSuffix":"inner"}},"wdio_ui5_key":"applicationmanagepartners-display-component---NewPartner--partnerDetailsCurrency"}]}
RESULT: {"script":"<script> [1562 bytes]","args":[{"selector":{"id":"application-managepartners-display-component---NewPartner--partnerDetailsCurrency","interaction":{"idSuffix":"inner"}},"wdio_ui5_key":"applicationmanagepartners-display-component---NewPartner--partnerDetailsCurrency"}]}
RESULT: undefined
COMMAND: POST /session/85842d14400d925143d12204a9eb11ff/execute/async - {"script":"<script> [776 bytes]","args":[{"enterText":"Euro","selector":{"id":"application-managepartners-display-component---NewPartner--partnerDetailsCurrency","interaction":{"idSuffix":"inner"}},"clearTextFirst":true,"interactionType":"ENTER_TEXT"}]}
RESULT: {"script":"<script> [776 bytes]","args":[{"enterText":"Euro","selector":{"id":"application-managepartners-display-component---NewPartner--partnerDetailsCurrency","interaction":{"idSuffix":"inner"}},"clearTextFirst":true,"interactionType":"ENTER_TEXT"}]}
COMMAND: POST /session/85842d14400d925143d12204a9eb11ff/execute/async - {"script":"<script> [1562 bytes]","args":[{"selector":{"controlType":"sap.m.Button","viewName":"etm.portal.ui.managepartners.view.NewPartner","viewId":"application-managepartners-display-component---NewPartner","properties":{"text":"Commercial"},"interaction":{"idSuffix":"BDI-content"}},"wdio_ui5_key":"etmportal.ui.managepartners.view.NewPartnersap.m.Button{\"text\":\"Commercial\"}"}]}
RESULT: {"script":"<script> [1562 bytes]","args":[{"selector":{"controlType":"sap.m.Button","viewName":"etm.portal.ui.managepartners.view.NewPartner","viewId":"application-managepartners-display-component---NewPartner","properties":{"text":"Commercial"},"interaction":{"idSuffix":"BDI-content"}},"wdio_ui5_key":"etmportal.ui.managepartners.view.NewPartnersap.m.Button{\"text\":\"Commercial\"}"}]}
RESULT: undefined
COMMAND: POST /session/85842d14400d925143d12204a9eb11ff/element - {"using":"xpath","value":"//*[@id=\"application-managepartners-display-component---NewPartner--ObjectPageLayout-anchBar-__section5-anchor\"]"}
RESULT: {"using":"xpath","value":"//*[@id=\"application-managepartners-display-component---NewPartner--ObjectPageLayout-anchBar-__section5-anchor\"]"}
COMMAND: POST /session/85842d14400d925143d12204a9eb11ff/element/f.F943DB1403663130BF14B631DBCBD046.d.D2F3281119244C3E8521EFB97DF29ACE.e.12325/click - {}
RESULT: {}
COMMAND: GET /session/85842d14400d925143d12204a9eb11ff/screenshot - {}
RESULT: {}
COMMAND: POST /session/85842d14400d925143d12204a9eb11ff/execute/async - {"script":"<script> [1562 bytes]","args":[{"selector":{"id":"application-managepartners-display-component---NewPartner--btnAddTableRow-img"},"wdio_ui5_key":"applicationmanagepartners-display-component---NewPartner--btnAddTableRow-img"}]}
RESULT: {"script":"<script> [1562 bytes]","args":[{"selector":{"id":"application-managepartners-display-component---NewPartner--btnAddTableRow-img"},"wdio_ui5_key":"applicationmanagepartners-display-component---NewPartner--btnAddTableRow-img"}]}
RESULT: undefined
COMMAND: POST /session/85842d14400d925143d12204a9eb11ff/element - {"using":"xpath","value":"//*[@id=\"application-managepartners-display-component---NewPartner--btnAddTableRow-img\"]"}
RESULT: {"using":"xpath","value":"//*[@id=\"application-managepartners-display-component---NewPartner--btnAddTableRow-img\"]"}
COMMAND: POST /session/85842d14400d925143d12204a9eb11ff/element/f.F943DB1403663130BF14B631DBCBD046.d.D2F3281119244C3E8521EFB97DF29ACE.e.12333/click - {}
RESULT: {}
COMMAND: POST /session/85842d14400d925143d12204a9eb11ff/element - {"using":"xpath","value":"//input[contains(@id ,\"application-managepartners-display-component---NewPartner--assignmentYard-application-managepartners-display-component---NewPartner\")]"}
COMMAND: GET /session/85842d14400d925143d12204a9eb11ff/screenshot - {}
RESULT: {"using":"xpath","value":"//input[contains(@id ,\"application-managepartners-display-component---NewPartner--assignmentYard-application-managepartners-display-component---NewPartner\")]"}
COMMAND: POST /session/85842d14400d925143d12204a9eb11ff/element/f.F943DB1403663130BF14B631DBCBD046.d.D2F3281119244C3E8521EFB97DF29ACE.e.12336/clear - {}
RESULT: {}
RESULT: {}
COMMAND: POST /session/85842d14400d925143d12204a9eb11ff/element/f.F943DB1403663130BF14B631DBCBD046.d.D2F3281119244C3E8521EFB97DF29ACE.e.12336/value - {"text":"WebdriverYardehbue"}
COMMAND: GET /session/85842d14400d925143d12204a9eb11ff/screenshot - {}
RESULT: {"text":"WebdriverYardehbue"}
COMMAND: GET /session/85842d14400d925143d12204a9eb11ff/screenshot - {}
RESULT: {}
RESULT: {}
COMMAND: POST /session/85842d14400d925143d12204a9eb11ff/execute/async - {"script":"<script> [1562 bytes]","args":[{"selector":{"controlType":"sap.m.Button","viewName":"etm.portal.ui.managepartners.view.NewPartner","viewId":"application-managepartners-display-component---NewPartner","i18NText":{"propertyName":"text","key":"save"},"interaction":{"idSuffix":"BDI-content"}},"wdio_ui5_key":"etmportal.ui.managepartners.view.NewPartnersap.m.Button{\"propertyName\":\"text\",\"key\":\"save\"}"}]}
RESULT: {"script":"<script> [1562 bytes]","args":[{"selector":{"controlType":"sap.m.Button","viewName":"etm.portal.ui.managepartners.view.NewPartner","viewId":"application-managepartners-display-component---NewPartner","i18NText":{"propertyName":"text","key":"save"},"interaction":{"idSuffix":"BDI-content"}},"wdio_ui5_key":"etmportal.ui.managepartners.view.NewPartnersap.m.Button{\"propertyName\":\"text\",\"key\":\"save\"}"}]}
RESULT: undefined
COMMAND: POST /session/85842d14400d925143d12204a9eb11ff/element - {"using":"xpath","value":"//*[@id=\"__button12\"]"}
RESULT: {"using":"xpath","value":"//*[@id=\"__button12\"]"}
COMMAND: POST /session/85842d14400d925143d12204a9eb11ff/element/f.F943DB1403663130BF14B631DBCBD046.d.D2F3281119244C3E8521EFB97DF29ACE.e.12265/click - {}
RESULT: {}
COMMAND: GET /session/85842d14400d925143d12204a9eb11ff/screenshot - {}
RESULT: {}
COMMAND: POST /session/85842d14400d925143d12204a9eb11ff/element - {"using":"xpath","value":"//header/div/div[2]/div[2]/span"}
RESULT: {"using":"xpath","value":"//header/div/div[2]/div[2]/span"}
COMMAND: GET /session/85842d14400d925143d12204a9eb11ff/element/f.F943DB1403663130BF14B631DBCBD046.d.D2F3281119244C3E8521EFB97DF29ACE.e.12508/text - {}
RESULT: {}
COMMAND: POST /session/85842d14400d925143d12204a9eb11ff/element - {"using":"xpath","value":"//header/div/div/div/div/div/div[2]/div/span"}
RESULT: {"using":"xpath","value":"//header/div/div/div/div/div/div[2]/div/span"}
COMMAND: GET /session/85842d14400d925143d12204a9eb11ff/element/f.F943DB1403663130BF14B631DBCBD046.d.D2F3281119244C3E8521EFB97DF29ACE.e.12509/text - {}
RESULT: {}
COMMAND: POST /session/85842d14400d925143d12204a9eb11ff/execute/async - {"script":"<script> [1562 bytes]","args":[{"selector":{"id":"application-managepartners-display-component---detailPtm--partnerType"},"wdio_ui5_key":"applicationmanagepartners-display-component---detailPtm--partnerType"}]}
RESULT: {"script":"<script> [1562 bytes]","args":[{"selector":{"id":"application-managepartners-display-component---detailPtm--partnerType"},"wdio_ui5_key":"applicationmanagepartners-display-component---detailPtm--partnerType"}]}
RESULT: undefined
COMMAND: POST /session/85842d14400d925143d12204a9eb11ff/execute/async - {"script":"<script> [6424 bytes]","args":[{"element-6066-11e4-a52e-4f735466cecf":"f.F943DB1403663130BF14B631DBCBD046.d.D2F3281119244C3E8521EFB97DF29ACE.e.12510"},"getText",[]]}
RESULT: {"script":"<script> [6424 bytes]","args":[{"element-6066-11e4-a52e-4f735466cecf":"f.F943DB1403663130BF14B631DBCBD046.d.D2F3281119244C3E8521EFB97DF29ACE.e.12510"},"getText",[]]}
COMMAND: POST /session/85842d14400d925143d12204a9eb11ff/element - {"using":"css selector","value":"#shell-header-logo"}
RESULT: {"using":"css selector","value":"#shell-header-logo"}
COMMAND: POST /session/85842d14400d925143d12204a9eb11ff/element/f.F943DB1403663130BF14B631DBCBD046.d.D2F3281119244C3E8521EFB97DF29ACE.e.11845/click - {}
RESULT: {}
COMMAND: GET /session/85842d14400d925143d12204a9eb11ff/screenshot - {}
RESULT: {}
COMMAND: POST /session/85842d14400d925143d12204a9eb11ff/execute/async - {"script":"<script> [1562 bytes]","args":[{"selector":{"controlType":"sap.m.GenericTile","properties":{"header":"Manage Sites"}},"wdio_ui5_key":"sapm.GenericTile{\"header\":\"Manage Sites\"}"}]}
RESULT: {"script":"<script> [1562 bytes]","args":[{"selector":{"controlType":"sap.m.GenericTile","properties":{"header":"Manage Sites"}},"wdio_ui5_key":"sapm.GenericTile{\"header\":\"Manage Sites\"}"}]}
RESULT: undefined
COMMAND: POST /session/85842d14400d925143d12204a9eb11ff/element - {"using":"xpath","value":"//*[@id=\"__tile40\"]"}
RESULT: {"using":"xpath","value":"//*[@id=\"__tile40\"]"}
COMMAND: POST /session/85842d14400d925143d12204a9eb11ff/element/f.F943DB1403663130BF14B631DBCBD046.d.D2F3281119244C3E8521EFB97DF29ACE.e.12512/click - {}
RESULT: {}
COMMAND: GET /session/85842d14400d925143d12204a9eb11ff/screenshot - {}
RESULT: {}
COMMAND: POST /session/85842d14400d925143d12204a9eb11ff/elements - {"using":"xpath","value":"//span[text()='Error']"}
RESULT: {"using":"xpath","value":"//span[text()='Error']"}
COMMAND: POST /session/85842d14400d925143d12204a9eb11ff/execute/async - {"script":"<script> [1562 bytes]","args":[{"selector":{"controlType":"sap.ui.core.Icon","viewName":"etm.portal.ui.managesites.view.Master","viewId":"application-managesites-display-component---masterSite","properties":{"src":{"regex":{"source":"add"}}}},"wdio_ui5_key":"etmportal.ui.managesites.view.Mastersap.ui.core.Icon{\"src\":{\"regex\":{\"source\":\"add\"}}}"}]}
RESULT: {"script":"<script> [1562 bytes]","args":[{"selector":{"controlType":"sap.ui.core.Icon","viewName":"etm.portal.ui.managesites.view.Master","viewId":"application-managesites-display-component---masterSite","properties":{"src":{"regex":{"source":"add"}}}},"wdio_ui5_key":"etmportal.ui.managesites.view.Mastersap.ui.core.Icon{\"src\":{\"regex\":{\"source\":\"add\"}}}"}]}
RESULT: undefined
COMMAND: POST /session/85842d14400d925143d12204a9eb11ff/element - {"using":"xpath","value":"//*[@id=\"__button48-img\"]"}
RESULT: {"using":"xpath","value":"//*[@id=\"__button48-img\"]"}
COMMAND: POST /session/85842d14400d925143d12204a9eb11ff/element/f.F943DB1403663130BF14B631DBCBD046.d.D2F3281119244C3E8521EFB97DF29ACE.e.12559/click - {}
RESULT: {}
COMMAND: POST /session/85842d14400d925143d12204a9eb11ff/execute/async - {"script":"<script> [1562 bytes]","args":[{"selector":{"id":"application-managesites-display-component---NewSite--siteId","interaction":{"idSuffix":"inner"}},"wdio_ui5_key":"applicationmanagesites-display-component---NewSite--siteId"}]}
COMMAND: GET /session/85842d14400d925143d12204a9eb11ff/screenshot - {}
RESULT: {"script":"<script> [1562 bytes]","args":[{"selector":{"id":"application-managesites-display-component---NewSite--siteId","interaction":{"idSuffix":"inner"}},"wdio_ui5_key":"applicationmanagesites-display-component---NewSite--siteId"}]}
RESULT: undefined
COMMAND: POST /session/85842d14400d925143d12204a9eb11ff/execute/async - {"script":"<script> [1562 bytes]","args":[{"selector":{"id":"application-managesites-display-component---NewSite--addressDetailDetailsName1","interaction":{"idSuffix":"inner"}},"wdio_ui5_key":"applicationmanagesites-display-component---NewSite--addressDetailDetailsName1"}]}
RESULT: {}
RESULT: {"script":"<script> [1562 bytes]","args":[{"selector":{"id":"application-managesites-display-component---NewSite--addressDetailDetailsName1","interaction":{"idSuffix":"inner"}},"wdio_ui5_key":"applicationmanagesites-display-component---NewSite--addressDetailDetailsName1"}]}
RESULT: undefined
COMMAND: POST /session/85842d14400d925143d12204a9eb11ff/execute/async - {"script":"<script> [776 bytes]","args":[{"enterText":"WebdriverSitecg9kn","selector":{"id":"application-managesites-display-component---NewSite--addressDetailDetailsName1","interaction":{"idSuffix":"inner"}},"clearTextFirst":true,"interactionType":"ENTER_TEXT"}]}
RESULT: {"script":"<script> [776 bytes]","args":[{"enterText":"WebdriverSitecg9kn","selector":{"id":"application-managesites-display-component---NewSite--addressDetailDetailsName1","interaction":{"idSuffix":"inner"}},"clearTextFirst":true,"interactionType":"ENTER_TEXT"}]}
COMMAND: POST /session/85842d14400d925143d12204a9eb11ff/execute/async - {"script":"<script> [1562 bytes]","args":[{"selector":{"id":"application-managesites-display-component---NewSite--addressDetailDetailsLanguage","interaction":{"idSuffix":"inner"}},"wdio_ui5_key":"applicationmanagesites-display-component---NewSite--addressDetailDetailsLanguage"}]}
RESULT: {"script":"<script> [1562 bytes]","args":[{"selector":{"id":"application-managesites-display-component---NewSite--addressDetailDetailsLanguage","interaction":{"idSuffix":"inner"}},"wdio_ui5_key":"applicationmanagesites-display-component---NewSite--addressDetailDetailsLanguage"}]}
RESULT: undefined
COMMAND: POST /session/85842d14400d925143d12204a9eb11ff/execute/async - {"script":"<script> [776 bytes]","args":[{"enterText":"Romanian","selector":{"id":"application-managesites-display-component---NewSite--addressDetailDetailsLanguage","interaction":{"idSuffix":"inner"}},"clearTextFirst":true,"interactionType":"ENTER_TEXT"}]}
RESULT: {"script":"<script> [776 bytes]","args":[{"enterText":"Romanian","selector":{"id":"application-managesites-display-component---NewSite--addressDetailDetailsLanguage","interaction":{"idSuffix":"inner"}},"clearTextFirst":true,"interactionType":"ENTER_TEXT"}]}
COMMAND: POST /session/85842d14400d925143d12204a9eb11ff/execute/async - {"script":"<script> [1562 bytes]","args":[{"selector":{"id":"application-managesites-display-component---NewSite--addressDetailDetailsCity1","interaction":{"idSuffix":"inner"}},"wdio_ui5_key":"applicationmanagesites-display-component---NewSite--addressDetailDetailsCity1"}]}
RESULT: {"script":"<script> [1562 bytes]","args":[{"selector":{"id":"application-managesites-display-component---NewSite--addressDetailDetailsCity1","interaction":{"idSuffix":"inner"}},"wdio_ui5_key":"applicationmanagesites-display-component---NewSite--addressDetailDetailsCity1"}]}
RESULT: undefined
COMMAND: POST /session/85842d14400d925143d12204a9eb11ff/execute/async - {"script":"<script> [776 bytes]","args":[{"enterText":"Bucharest","selector":{"id":"application-managesites-display-component---NewSite--addressDetailDetailsCity1","interaction":{"idSuffix":"inner"}},"clearTextFirst":true,"interactionType":"ENTER_TEXT"}]}
RESULT: {"script":"<script> [776 bytes]","args":[{"enterText":"Bucharest","selector":{"id":"application-managesites-display-component---NewSite--addressDetailDetailsCity1","interaction":{"idSuffix":"inner"}},"clearTextFirst":true,"interactionType":"ENTER_TEXT"}]}
COMMAND: POST /session/85842d14400d925143d12204a9eb11ff/execute/async - {"script":"<script> [1562 bytes]","args":[{"selector":{"id":"application-managesites-display-component---NewSite--addressDetailDetailsCountry","interaction":{"idSuffix":"inner"}},"wdio_ui5_key":"applicationmanagesites-display-component---NewSite--addressDetailDetailsCountry"}]}
RESULT: {"script":"<script> [1562 bytes]","args":[{"selector":{"id":"application-managesites-display-component---NewSite--addressDetailDetailsCountry","interaction":{"idSuffix":"inner"}},"wdio_ui5_key":"applicationmanagesites-display-component---NewSite--addressDetailDetailsCountry"}]}
RESULT: undefined
COMMAND: POST /session/85842d14400d925143d12204a9eb11ff/execute/async - {"script":"<script> [776 bytes]","args":[{"enterText":"Romania","selector":{"id":"application-managesites-display-component---NewSite--addressDetailDetailsCountry","interaction":{"idSuffix":"inner"}},"clearTextFirst":true,"interactionType":"ENTER_TEXT"}]}
RESULT: {"script":"<script> [776 bytes]","args":[{"enterText":"Romania","selector":{"id":"application-managesites-display-component---NewSite--addressDetailDetailsCountry","interaction":{"idSuffix":"inner"}},"clearTextFirst":true,"interactionType":"ENTER_TEXT"}]}
COMMAND: POST /session/85842d14400d925143d12204a9eb11ff/element - {"using":"css selector","value":"#application-managesites-display-component---NewSite--addressDetailDetailsCalendar-inner"}
RESULT: {"using":"css selector","value":"#application-managesites-display-component---NewSite--addressDetailDetailsCalendar-inner"}
COMMAND: POST /session/85842d14400d925143d12204a9eb11ff/element/f.F943DB1403663130BF14B631DBCBD046.d.D2F3281119244C3E8521EFB97DF29ACE.e.12934/clear - {}
RESULT: {}
COMMAND: POST /session/85842d14400d925143d12204a9eb11ff/element/f.F943DB1403663130BF14B631DBCBD046.d.D2F3281119244C3E8521EFB97DF29ACE.e.12934/value - {"text":"Germany"}
COMMAND: GET /session/85842d14400d925143d12204a9eb11ff/screenshot - {}
RESULT: {"text":"Germany"}
COMMAND: POST /session/85842d14400d925143d12204a9eb11ff/execute/async - {"script":"<script> [1562 bytes]","args":[{"selector":{"id":"application-managesites-display-component---NewSite--addressEditDetailsCostObjectCstType-arrow"},"wdio_ui5_key":"applicationmanagesites-display-component---NewSite--addressEditDetailsCostObjectCstType-arrow"}]}
COMMAND: GET /session/85842d14400d925143d12204a9eb11ff/screenshot - {}
RESULT: {}
RESULT: {"script":"<script> [1562 bytes]","args":[{"selector":{"id":"application-managesites-display-component---NewSite--addressEditDetailsCostObjectCstType-arrow"},"wdio_ui5_key":"applicationmanagesites-display-component---NewSite--addressEditDetailsCostObjectCstType-arrow"}]}
RESULT: undefined
COMMAND: POST /session/85842d14400d925143d12204a9eb11ff/element - {"using":"xpath","value":"//*[@id=\"application-managesites-display-component---NewSite--addressEditDetailsCostObjectCstType-arrow\"]"}
RESULT: {}
RESULT: {"using":"xpath","value":"//*[@id=\"application-managesites-display-component---NewSite--addressEditDetailsCostObjectCstType-arrow\"]"}
COMMAND: POST /session/85842d14400d925143d12204a9eb11ff/element/f.F943DB1403663130BF14B631DBCBD046.d.D2F3281119244C3E8521EFB97DF29ACE.e.13129/click - {}
RESULT: {}
COMMAND: POST /session/85842d14400d925143d12204a9eb11ff/element - {"using":"xpath","value":"//span[contains(text(), \"Work Breakdown Structure\")]"}
COMMAND: GET /session/85842d14400d925143d12204a9eb11ff/screenshot - {}
RESULT: {"using":"xpath","value":"//span[contains(text(), \"Work Breakdown Structure\")]"}
COMMAND: POST /session/85842d14400d925143d12204a9eb11ff/element/f.F943DB1403663130BF14B631DBCBD046.d.D2F3281119244C3E8521EFB97DF29ACE.e.13131/click - {}
RESULT: {}
RESULT: {}
COMMAND: GET /session/85842d14400d925143d12204a9eb11ff/screenshot - {}
RESULT: {}
COMMAND: POST /session/85842d14400d925143d12204a9eb11ff/execute/async - {"script":"<script> [1562 bytes]","args":[{"selector":{"id":"application-managesites-display-component---NewSite--addressNewCostObjectCstID-vhi"},"wdio_ui5_key":"applicationmanagesites-display-component---NewSite--addressNewCostObjectCstID-vhi"}]}
RESULT: {"script":"<script> [1562 bytes]","args":[{"selector":{"id":"application-managesites-display-component---NewSite--addressNewCostObjectCstID-vhi"},"wdio_ui5_key":"applicationmanagesites-display-component---NewSite--addressNewCostObjectCstID-vhi"}]}
RESULT: undefined
COMMAND: POST /session/85842d14400d925143d12204a9eb11ff/element - {"using":"xpath","value":"//*[@id=\"application-managesites-display-component---NewSite--addressNewCostObjectCstID-vhi\"]"}
RESULT: {"using":"xpath","value":"//*[@id=\"application-managesites-display-component---NewSite--addressNewCostObjectCstID-vhi\"]"}
COMMAND: POST /session/85842d14400d925143d12204a9eb11ff/element/f.F943DB1403663130BF14B631DBCBD046.d.D2F3281119244C3E8521EFB97DF29ACE.e.13135/click - {}
RESULT: {}
COMMAND: GET /session/85842d14400d925143d12204a9eb11ff/screenshot - {}
RESULT: {}
COMMAND: POST /session/85842d14400d925143d12204a9eb11ff/execute/async - {"script":"<script> [1562 bytes]","args":[{"selector":{"controlType":"sap.m.SearchField","properties":{"placeholder":"Search"},"searchOpenDialogs":true,"interaction":{"idSuffix":"I"}},"wdio_ui5_key":"sapm.SearchField{\"placeholder\":\"Search\"}"}]}
RESULT: {"script":"<script> [1562 bytes]","args":[{"selector":{"controlType":"sap.m.SearchField","properties":{"placeholder":"Search"},"searchOpenDialogs":true,"interaction":{"idSuffix":"I"}},"wdio_ui5_key":"sapm.SearchField{\"placeholder\":\"Search\"}"}]}
RESULT: undefined
COMMAND: POST /session/85842d14400d925143d12204a9eb11ff/execute/async - {"script":"<script> [776 bytes]","args":[{"enterText":"A1-000100-01","selector":{"controlType":"sap.m.SearchField","properties":{"placeholder":"Search"},"searchOpenDialogs":true,"interaction":{"idSuffix":"I"}},"clearTextFirst":true,"interactionType":"ENTER_TEXT"}]}
RESULT: {"script":"<script> [776 bytes]","args":[{"enterText":"A1-000100-01","selector":{"controlType":"sap.m.SearchField","properties":{"placeholder":"Search"},"searchOpenDialogs":true,"interaction":{"idSuffix":"I"}},"clearTextFirst":true,"interactionType":"ENTER_TEXT"}]}
COMMAND: POST /session/85842d14400d925143d12204a9eb11ff/actions - {"actions":[{"id":"action67","type":"key","parameters":{},"actions":[{"type":"keyDown","value":"î€‡"},{"type":"pause","duration":10},{"type":"keyUp","value":"î€‡"}]}]}
RESULT: {"actions":[{"id":"action67","type":"key","parameters":{},"actions":[{"type":"keyDown","value":"î€‡"},{"type":"pause","duration":10},{"type":"keyUp","value":"î€‡"}]}]}
COMMAND: GET /session/85842d14400d925143d12204a9eb11ff/screenshot - {}
RESULT: {}
COMMAND: POST /session/85842d14400d925143d12204a9eb11ff/element - {"using":"xpath","value":"//span[contains(text(), \"Template for ETO-Process\")]"}
RESULT: {"using":"xpath","value":"//span[contains(text(), \"Template for ETO-Process\")]"}
COMMAND: POST /session/85842d14400d925143d12204a9eb11ff/element/f.F943DB1403663130BF14B631DBCBD046.d.D2F3281119244C3E8521EFB97DF29ACE.e.13155/click - {}
RESULT: {}
COMMAND: GET /session/85842d14400d925143d12204a9eb11ff/screenshot - {}
RESULT: {}
COMMAND: POST /session/85842d14400d925143d12204a9eb11ff/element - {"using":"xpath","value":"//bdi[contains(text(), \"OK\")]"}
RESULT: {"using":"xpath","value":"//bdi[contains(text(), \"OK\")]"}
COMMAND: POST /session/85842d14400d925143d12204a9eb11ff/element/f.F943DB1403663130BF14B631DBCBD046.d.D2F3281119244C3E8521EFB97DF29ACE.e.13156/click - {}
RESULT: {}
COMMAND: GET /session/85842d14400d925143d12204a9eb11ff/screenshot - {}
RESULT: {}
COMMAND: POST /session/85842d14400d925143d12204a9eb11ff/element - {"using":"xpath","value":"//input[@id=\"application-managesites-display-component---NewSite--addressDetailDetailsYard-inner\"]"}
RESULT: {"using":"xpath","value":"//input[@id=\"application-managesites-display-component---NewSite--addressDetailDetailsYard-inner\"]"}
COMMAND: POST /session/85842d14400d925143d12204a9eb11ff/element/f.F943DB1403663130BF14B631DBCBD046.d.D2F3281119244C3E8521EFB97DF29ACE.e.12935/value - {"text":"WebdriverYardehbue"}
RESULT: {"text":"WebdriverYardehbue"}
COMMAND: GET /session/85842d14400d925143d12204a9eb11ff/screenshot - {}
RESULT: {}
COMMAND: POST /session/85842d14400d925143d12204a9eb11ff/actions - {"actions":[{"id":"action68","type":"key","parameters":{},"actions":[{"type":"keyDown","value":"î€‡"},{"type":"pause","duration":10},{"type":"keyUp","value":"î€‡"}]}]}
RESULT: {"actions":[{"id":"action68","type":"key","parameters":{},"actions":[{"type":"keyDown","value":"î€‡"},{"type":"pause","duration":10},{"type":"keyUp","value":"î€‡"}]}]}
COMMAND: GET /session/85842d14400d925143d12204a9eb11ff/screenshot - {}
RESULT: {}
COMMAND: POST /session/85842d14400d925143d12204a9eb11ff/element - {"using":"xpath","value":"//input[@id=\"application-managesites-display-component---NewSite--addressDetailDetailsPartner-inner\"]"}
RESULT: {"using":"xpath","value":"//input[@id=\"application-managesites-display-component---NewSite--addressDetailDetailsPartner-inner\"]"}
COMMAND: POST /session/85842d14400d925143d12204a9eb11ff/elements - {"using":"xpath","value":"//input[@id=\"application-managesites-display-component---NewSite--addressDetailDetailsPartner-inner\"]"}
RESULT: {"using":"xpath","value":"//input[@id=\"application-managesites-display-component---NewSite--addressDetailDetailsPartner-inner\"]"}
COMMAND: POST /session/85842d14400d925143d12204a9eb11ff/execute/async - {"script":"<script> [1562 bytes]","args":[{"selector":{"controlType":"sap.m.Button","viewName":"etm.portal.ui.managesites.view.NewSmartSite","viewId":"application-managesites-display-component---NewSite","properties":{"text":"Commercial"},"interaction":{"idSuffix":"BDI-content"}},"wdio_ui5_key":"etmportal.ui.managesites.view.NewSmartSitesap.m.Button{\"text\":\"Commercial\"}"}]}
RESULT: {"script":"<script> [1562 bytes]","args":[{"selector":{"controlType":"sap.m.Button","viewName":"etm.portal.ui.managesites.view.NewSmartSite","viewId":"application-managesites-display-component---NewSite","properties":{"text":"Commercial"},"interaction":{"idSuffix":"BDI-content"}},"wdio_ui5_key":"etmportal.ui.managesites.view.NewSmartSitesap.m.Button{\"text\":\"Commercial\"}"}]}
RESULT: undefined
COMMAND: POST /session/85842d14400d925143d12204a9eb11ff/element - {"using":"xpath","value":"//*[@id=\"application-managesites-display-component---NewSite--ObjectPageLayout-anchBar-__section29-anchor\"]"}
RESULT: {"using":"xpath","value":"//*[@id=\"application-managesites-display-component---NewSite--ObjectPageLayout-anchBar-__section29-anchor\"]"}
COMMAND: POST /session/85842d14400d925143d12204a9eb11ff/element/f.F943DB1403663130BF14B631DBCBD046.d.D2F3281119244C3E8521EFB97DF29ACE.e.13163/click - {}
RESULT: {}
COMMAND: POST /session/85842d14400d925143d12204a9eb11ff/execute/async - {"script":"<script> [1562 bytes]","args":[{"selector":{"controlType":"sap.m.Button","viewName":"etm.portal.ui.managesites.view.NewSmartSite","viewId":"application-managesites-display-component---NewSite","i18NText":{"propertyName":"text","key":"save"},"interaction":{"idSuffix":"BDI-content"}},"wdio_ui5_key":"etmportal.ui.managesites.view.NewSmartSitesap.m.Button{\"propertyName\":\"text\",\"key\":\"save\"}"}]}
COMMAND: GET /session/85842d14400d925143d12204a9eb11ff/screenshot - {}
RESULT: {"script":"<script> [1562 bytes]","args":[{"selector":{"controlType":"sap.m.Button","viewName":"etm.portal.ui.managesites.view.NewSmartSite","viewId":"application-managesites-display-component---NewSite","i18NText":{"propertyName":"text","key":"save"},"interaction":{"idSuffix":"BDI-content"}},"wdio_ui5_key":"etmportal.ui.managesites.view.NewSmartSitesap.m.Button{\"propertyName\":\"text\",\"key\":\"save\"}"}]}
RESULT: undefined
COMMAND: POST /session/85842d14400d925143d12204a9eb11ff/element - {"using":"xpath","value":"//*[@id=\"__button60\"]"}
RESULT: {}
RESULT: {"using":"xpath","value":"//*[@id=\"__button60\"]"}
COMMAND: POST /session/85842d14400d925143d12204a9eb11ff/element/f.F943DB1403663130BF14B631DBCBD046.d.D2F3281119244C3E8521EFB97DF29ACE.e.13067/click - {}
RESULT: {}
COMMAND: GET /session/85842d14400d925143d12204a9eb11ff/screenshot - {}
RESULT: {}
COMMAND: POST /session/85842d14400d925143d12204a9eb11ff/execute/async - {"script":"<script> [1562 bytes]","args":[{"selector":{"id":"application-managesites-display-component---detailSite--addressDetailDetailsYardText"},"wdio_ui5_key":"applicationmanagesites-display-component---detailSite--addressDetailDetailsYardText"}]}
RESULT: {"script":"<script> [1562 bytes]","args":[{"selector":{"id":"application-managesites-display-component---detailSite--addressDetailDetailsYardText"},"wdio_ui5_key":"applicationmanagesites-display-component---detailSite--addressDetailDetailsYardText"}]}
RESULT: undefined
COMMAND: POST /session/85842d14400d925143d12204a9eb11ff/element - {"using":"xpath","value":"//header/div/div[2]/div[2]/span"}
RESULT: {"using":"xpath","value":"//header/div/div[2]/div[2]/span"}
COMMAND: GET /session/85842d14400d925143d12204a9eb11ff/element/f.F943DB1403663130BF14B631DBCBD046.d.D2F3281119244C3E8521EFB97DF29ACE.e.13368/text - {}
RESULT: {}
COMMAND: POST /session/85842d14400d925143d12204a9eb11ff/element - {"using":"xpath","value":"//header/div/div/div/div/div/div[2]/div/span"}
RESULT: {"using":"xpath","value":"//header/div/div/div/div/div/div[2]/div/span"}
COMMAND: GET /session/85842d14400d925143d12204a9eb11ff/element/f.F943DB1403663130BF14B631DBCBD046.d.D2F3281119244C3E8521EFB97DF29ACE.e.13369/text - {}
RESULT: {}
COMMAND: POST /session/85842d14400d925143d12204a9eb11ff/element - {"using":"css selector","value":"#shell-header-logo"}
RESULT: {"using":"css selector","value":"#shell-header-logo"}
COMMAND: POST /session/85842d14400d925143d12204a9eb11ff/element/f.F943DB1403663130BF14B631DBCBD046.d.D2F3281119244C3E8521EFB97DF29ACE.e.12515/click - {}
RESULT: {}
COMMAND: GET /session/85842d14400d925143d12204a9eb11ff/screenshot - {}
RESULT: {}
]]></system-out>
    </testcase>
    <testcase classname="chrome.136_0_7103_93.windows.E2E_-_Logistical_and_commercial_statuses" name="It should stock increase the resource" time="207.366">
      <system-out><![CDATA[
COMMAND: POST /session/85842d14400d925143d12204a9eb11ff/execute/async - {"script":"<script> [1562 bytes]","args":[{"selector":{"controlType":"sap.m.GenericTile","properties":{"header":"Manage Resources"}},"wdio_ui5_key":"sapm.GenericTile{\"header\":\"Manage Resources\"}"}]}
RESULT: {"script":"<script> [1562 bytes]","args":[{"selector":{"controlType":"sap.m.GenericTile","properties":{"header":"Manage Resources"}},"wdio_ui5_key":"sapm.GenericTile{\"header\":\"Manage Resources\"}"}]}
RESULT: undefined
COMMAND: POST /session/85842d14400d925143d12204a9eb11ff/element - {"using":"xpath","value":"//*[@id=\"__tile39\"]"}
RESULT: {"using":"xpath","value":"//*[@id=\"__tile39\"]"}
COMMAND: POST /session/85842d14400d925143d12204a9eb11ff/element/f.F943DB1403663130BF14B631DBCBD046.d.D2F3281119244C3E8521EFB97DF29ACE.e.13371/click - {}
RESULT: {}
COMMAND: GET /session/85842d14400d925143d12204a9eb11ff/screenshot - {}
RESULT: {}
COMMAND: POST /session/85842d14400d925143d12204a9eb11ff/elements - {"using":"xpath","value":"//span[text()='Error']"}
RESULT: {"using":"xpath","value":"//span[text()='Error']"}
COMMAND: POST /session/85842d14400d925143d12204a9eb11ff/element - {"using":"xpath","value":"//button[@data-kt=\"addNewRUOverflowToolbarButton\"]"}
RESULT: {"using":"xpath","value":"//button[@data-kt=\"addNewRUOverflowToolbarButton\"]"}
COMMAND: POST /session/85842d14400d925143d12204a9eb11ff/execute/sync - {"script":"<script> [8489 bytes]","args":[{"element-6066-11e4-a52e-4f735466cecf":"f.F943DB1403663130BF14B631DBCBD046.d.D2F3281119244C3E8521EFB97DF29ACE.e.13411","ELEMENT":"f.F943DB1403663130BF14B631DBCBD046.d.D2F3281119244C3E8521EFB97DF29ACE.e.13411"}]}
RESULT: {"script":"<script> [8489 bytes]","args":[{"element-6066-11e4-a52e-4f735466cecf":"f.F943DB1403663130BF14B631DBCBD046.d.D2F3281119244C3E8521EFB97DF29ACE.e.13411","ELEMENT":"f.F943DB1403663130BF14B631DBCBD046.d.D2F3281119244C3E8521EFB97DF29ACE.e.13411"}]}
COMMAND: POST /session/85842d14400d925143d12204a9eb11ff/element/f.F943DB1403663130BF14B631DBCBD046.d.D2F3281119244C3E8521EFB97DF29ACE.e.13411/click - {}
COMMAND: GET /session/85842d14400d925143d12204a9eb11ff/screenshot - {}
RESULT: {}
COMMAND: POST /session/85842d14400d925143d12204a9eb11ff/execute/async - {"script":"<script> [1562 bytes]","args":[{"selector":{"id":"application-manageresources-display-component---newResourceUnit--TYPE-arrow"},"wdio_ui5_key":"applicationmanageresources-display-component---newResourceUnit--TYPE-arrow"}]}
COMMAND: GET /session/85842d14400d925143d12204a9eb11ff/screenshot - {}
RESULT: {}
RESULT: {"script":"<script> [1562 bytes]","args":[{"selector":{"id":"application-manageresources-display-component---newResourceUnit--TYPE-arrow"},"wdio_ui5_key":"applicationmanageresources-display-component---newResourceUnit--TYPE-arrow"}]}
RESULT: undefined
COMMAND: POST /session/85842d14400d925143d12204a9eb11ff/element - {"using":"xpath","value":"//*[@id=\"application-manageresources-display-component---newResourceUnit--TYPE-arrow\"]"}
RESULT: {}
RESULT: {"using":"xpath","value":"//*[@id=\"application-manageresources-display-component---newResourceUnit--TYPE-arrow\"]"}
COMMAND: POST /session/85842d14400d925143d12204a9eb11ff/element/f.F943DB1403663130BF14B631DBCBD046.d.D2F3281119244C3E8521EFB97DF29ACE.e.13733/click - {}
RESULT: {}
COMMAND: POST /session/85842d14400d925143d12204a9eb11ff/execute/async - {"script":"<script> [1562 bytes]","args":[{"selector":{"controlType":"sap.m.StandardListItem","viewName":"reusables.view.manageresources.NewResourceUnit","viewId":"application-manageresources-display-component---newResourceUnit","properties":{"title":"Material"},"searchOpenDialogs":true,"interaction":{"idSuffix":"titleText"}},"wdio_ui5_key":"reusablesview.manageresources.NewResourceUnitsap.m.StandardListItem{\"title\":\"Material\"}"}]}
COMMAND: GET /session/85842d14400d925143d12204a9eb11ff/screenshot - {}
RESULT: {"script":"<script> [1562 bytes]","args":[{"selector":{"controlType":"sap.m.StandardListItem","viewName":"reusables.view.manageresources.NewResourceUnit","viewId":"application-manageresources-display-component---newResourceUnit","properties":{"title":"Material"},"searchOpenDialogs":true,"interaction":{"idSuffix":"titleText"}},"wdio_ui5_key":"reusablesview.manageresources.NewResourceUnitsap.m.StandardListItem{\"title\":\"Material\"}"}]}
RESULT: undefined
COMMAND: POST /session/85842d14400d925143d12204a9eb11ff/element - {"using":"xpath","value":"//*[@id=\"__item1090\"]"}
RESULT: {}
RESULT: {"using":"xpath","value":"//*[@id=\"__item1090\"]"}
COMMAND: POST /session/85842d14400d925143d12204a9eb11ff/element/f.F943DB1403663130BF14B631DBCBD046.d.D2F3281119244C3E8521EFB97DF29ACE.e.13736/click - {}
RESULT: {}
COMMAND: POST /session/85842d14400d925143d12204a9eb11ff/execute/async - {"script":"<script> [1562 bytes]","args":[{"selector":{"id":"application-manageresources-display-component---newResourceUnit--SHORT_TEXT","interaction":{"idSuffix":"inner"}},"wdio_ui5_key":"applicationmanageresources-display-component---newResourceUnit--SHORT_TEXT"}]}
COMMAND: GET /session/85842d14400d925143d12204a9eb11ff/screenshot - {}
RESULT: {"script":"<script> [1562 bytes]","args":[{"selector":{"id":"application-manageresources-display-component---newResourceUnit--SHORT_TEXT","interaction":{"idSuffix":"inner"}},"wdio_ui5_key":"applicationmanageresources-display-component---newResourceUnit--SHORT_TEXT"}]}
RESULT: undefined
COMMAND: POST /session/85842d14400d925143d12204a9eb11ff/execute/async - {"script":"<script> [776 bytes]","args":[{"enterText":"WebdriverRUR2C225j3","selector":{"id":"application-manageresources-display-component---newResourceUnit--SHORT_TEXT","interaction":{"idSuffix":"inner"}},"clearTextFirst":true,"interactionType":"ENTER_TEXT"}]}
RESULT: {}
RESULT: {"script":"<script> [776 bytes]","args":[{"enterText":"WebdriverRUR2C225j3","selector":{"id":"application-manageresources-display-component---newResourceUnit--SHORT_TEXT","interaction":{"idSuffix":"inner"}},"clearTextFirst":true,"interactionType":"ENTER_TEXT"}]}
COMMAND: POST /session/85842d14400d925143d12204a9eb11ff/execute/async - {"script":"<script> [1562 bytes]","args":[{"selector":{"id":"application-manageresources-display-component---newResourceUnit--BASE_UNIT_OF_MEASURE-arrow"},"wdio_ui5_key":"applicationmanageresources-display-component---newResourceUnit--BASE_UNIT_OF_MEASURE-arrow"}]}
RESULT: {"script":"<script> [1562 bytes]","args":[{"selector":{"id":"application-manageresources-display-component---newResourceUnit--BASE_UNIT_OF_MEASURE-arrow"},"wdio_ui5_key":"applicationmanageresources-display-component---newResourceUnit--BASE_UNIT_OF_MEASURE-arrow"}]}
RESULT: undefined
COMMAND: POST /session/85842d14400d925143d12204a9eb11ff/element - {"using":"xpath","value":"//*[@id=\"application-manageresources-display-component---newResourceUnit--BASE_UNIT_OF_MEASURE-arrow\"]"}
RESULT: {"using":"xpath","value":"//*[@id=\"application-manageresources-display-component---newResourceUnit--BASE_UNIT_OF_MEASURE-arrow\"]"}
COMMAND: POST /session/85842d14400d925143d12204a9eb11ff/element/f.F943DB1403663130BF14B631DBCBD046.d.D2F3281119244C3E8521EFB97DF29ACE.e.13790/click - {}
RESULT: {}
COMMAND: POST /session/85842d14400d925143d12204a9eb11ff/execute/async - {"script":"<script> [1562 bytes]","args":[{"selector":{"controlType":"sap.m.StandardListItem","viewName":"reusables.view.manageresources.NewResourceUnit","viewId":"application-manageresources-display-component---newResourceUnit","properties":{"title":"Piece"},"searchOpenDialogs":true,"interaction":{"idSuffix":"titleText"}},"wdio_ui5_key":"reusablesview.manageresources.NewResourceUnitsap.m.StandardListItem{\"title\":\"Piece\"}"}]}
COMMAND: GET /session/85842d14400d925143d12204a9eb11ff/screenshot - {}
RESULT: {"script":"<script> [1562 bytes]","args":[{"selector":{"controlType":"sap.m.StandardListItem","viewName":"reusables.view.manageresources.NewResourceUnit","viewId":"application-manageresources-display-component---newResourceUnit","properties":{"title":"Piece"},"searchOpenDialogs":true,"interaction":{"idSuffix":"titleText"}},"wdio_ui5_key":"reusablesview.manageresources.NewResourceUnitsap.m.StandardListItem{\"title\":\"Piece\"}"}]}
RESULT: undefined
COMMAND: POST /session/85842d14400d925143d12204a9eb11ff/element - {"using":"xpath","value":"//*[@id=\"__item1132\"]"}
RESULT: {}
RESULT: {"using":"xpath","value":"//*[@id=\"__item1132\"]"}
COMMAND: POST /session/85842d14400d925143d12204a9eb11ff/element/f.F943DB1403663130BF14B631DBCBD046.d.D2F3281119244C3E8521EFB97DF29ACE.e.13792/click - {}
RESULT: {}
COMMAND: POST /session/85842d14400d925143d12204a9eb11ff/element - {"using":"xpath","value":"//input[contains(@id ,\"application-manageresources-display-component---newResourceUnit--SHORT_TEXT-inner\")]"}
COMMAND: GET /session/85842d14400d925143d12204a9eb11ff/screenshot - {}
RESULT: {"using":"xpath","value":"//input[contains(@id ,\"application-manageresources-display-component---newResourceUnit--SHORT_TEXT-inner\")]"}
COMMAND: GET /session/85842d14400d925143d12204a9eb11ff/element/f.F943DB1403663130BF14B631DBCBD046.d.D2F3281119244C3E8521EFB97DF29ACE.e.13753/property/value - {}
RESULT: {}
RESULT: {}
COMMAND: POST /session/85842d14400d925143d12204a9eb11ff/execute/async - {"script":"<script> [1562 bytes]","args":[{"selector":{"id":"application-manageresources-display-component---newResourceUnit--WEIGHT_UNIT-arrow"},"wdio_ui5_key":"applicationmanageresources-display-component---newResourceUnit--WEIGHT_UNIT-arrow"}]}
COMMAND: GET /session/85842d14400d925143d12204a9eb11ff/screenshot - {}
RESULT: {"script":"<script> [1562 bytes]","args":[{"selector":{"id":"application-manageresources-display-component---newResourceUnit--WEIGHT_UNIT-arrow"},"wdio_ui5_key":"applicationmanageresources-display-component---newResourceUnit--WEIGHT_UNIT-arrow"}]}
RESULT: undefined
COMMAND: POST /session/85842d14400d925143d12204a9eb11ff/element - {"using":"xpath","value":"//*[@id=\"application-manageresources-display-component---newResourceUnit--WEIGHT_UNIT-arrow\"]"}
RESULT: {}
RESULT: {"using":"xpath","value":"//*[@id=\"application-manageresources-display-component---newResourceUnit--WEIGHT_UNIT-arrow\"]"}
COMMAND: POST /session/85842d14400d925143d12204a9eb11ff/element/f.F943DB1403663130BF14B631DBCBD046.d.D2F3281119244C3E8521EFB97DF29ACE.e.13793/click - {}
RESULT: {}
COMMAND: POST /session/85842d14400d925143d12204a9eb11ff/execute/async - {"script":"<script> [1562 bytes]","args":[{"selector":{"controlType":"sap.m.StandardListItem","viewName":"reusables.view.manageresources.NewResourceUnit","viewId":"application-manageresources-display-component---newResourceUnit","properties":{"title":"Gram"},"searchOpenDialogs":true,"interaction":{"idSuffix":"content"}},"wdio_ui5_key":"reusablesview.manageresources.NewResourceUnitsap.m.StandardListItem{\"title\":\"Gram\"}"}]}
COMMAND: GET /session/85842d14400d925143d12204a9eb11ff/screenshot - {}
RESULT: {"script":"<script> [1562 bytes]","args":[{"selector":{"controlType":"sap.m.StandardListItem","viewName":"reusables.view.manageresources.NewResourceUnit","viewId":"application-manageresources-display-component---newResourceUnit","properties":{"title":"Gram"},"searchOpenDialogs":true,"interaction":{"idSuffix":"content"}},"wdio_ui5_key":"reusablesview.manageresources.NewResourceUnitsap.m.StandardListItem{\"title\":\"Gram\"}"}]}
RESULT: undefined
COMMAND: POST /session/85842d14400d925143d12204a9eb11ff/element - {"using":"xpath","value":"//*[@id=\"__item1197\"]"}
RESULT: {}
RESULT: {"using":"xpath","value":"//*[@id=\"__item1197\"]"}
COMMAND: POST /session/85842d14400d925143d12204a9eb11ff/element/f.F943DB1403663130BF14B631DBCBD046.d.D2F3281119244C3E8521EFB97DF29ACE.e.13795/click - {}
RESULT: {}
COMMAND: POST /session/85842d14400d925143d12204a9eb11ff/execute/async - {"script":"<script> [1562 bytes]","args":[{"selector":{"id":"application-manageresources-display-component---newResourceUnit--newRRUPage-OPHeaderContent-collapseBtn-img"},"wdio_ui5_key":"applicationmanageresources-display-component---newResourceUnit--newRRUPage-OPHeaderContent-collapseBtn-img"}]}
COMMAND: GET /session/85842d14400d925143d12204a9eb11ff/screenshot - {}
RESULT: {"script":"<script> [1562 bytes]","args":[{"selector":{"id":"application-manageresources-display-component---newResourceUnit--newRRUPage-OPHeaderContent-collapseBtn-img"},"wdio_ui5_key":"applicationmanageresources-display-component---newResourceUnit--newRRUPage-OPHeaderContent-collapseBtn-img"}]}
RESULT: undefined
COMMAND: POST /session/85842d14400d925143d12204a9eb11ff/element - {"using":"xpath","value":"//*[@id=\"application-manageresources-display-component---newResourceUnit--newRRUPage-OPHeaderContent-collapseBtn-img\"]"}
RESULT: {}
RESULT: {"using":"xpath","value":"//*[@id=\"application-manageresources-display-component---newResourceUnit--newRRUPage-OPHeaderContent-collapseBtn-img\"]"}
COMMAND: POST /session/85842d14400d925143d12204a9eb11ff/element/f.F943DB1403663130BF14B631DBCBD046.d.D2F3281119244C3E8521EFB97DF29ACE.e.13743/click - {}
RESULT: {}
COMMAND: GET /session/85842d14400d925143d12204a9eb11ff/screenshot - {}
RESULT: {}
COMMAND: POST /session/85842d14400d925143d12204a9eb11ff/element - {"using":"xpath","value":"(//span[contains(@id ,\"application-manageresources-display-component---newResourceUnit--DIMENSION_UNIT-arrow\")])[1]"}
RESULT: {"using":"xpath","value":"(//span[contains(@id ,\"application-manageresources-display-component---newResourceUnit--DIMENSION_UNIT-arrow\")])[1]"}
COMMAND: POST /session/85842d14400d925143d12204a9eb11ff/element/f.F943DB1403663130BF14B631DBCBD046.d.D2F3281119244C3E8521EFB97DF29ACE.e.13799/click - {}
RESULT: {}
COMMAND: GET /session/85842d14400d925143d12204a9eb11ff/screenshot - {}
RESULT: {}
COMMAND: POST /session/85842d14400d925143d12204a9eb11ff/execute/async - {"script":"<script> [1562 bytes]","args":[{"selector":{"controlType":"sap.m.StandardListItem","viewName":"reusables.view.manageresources.NewResourceUnit","viewId":"application-manageresources-display-component---newResourceUnit","properties":{"title":"Centimeter"},"searchOpenDialogs":true,"interaction":{"idSuffix":"titleText"}},"wdio_ui5_key":"reusablesview.manageresources.NewResourceUnitsap.m.StandardListItem{\"title\":\"Centimeter\"}"}]}
RESULT: {"script":"<script> [1562 bytes]","args":[{"selector":{"controlType":"sap.m.StandardListItem","viewName":"reusables.view.manageresources.NewResourceUnit","viewId":"application-manageresources-display-component---newResourceUnit","properties":{"title":"Centimeter"},"searchOpenDialogs":true,"interaction":{"idSuffix":"titleText"}},"wdio_ui5_key":"reusablesview.manageresources.NewResourceUnitsap.m.StandardListItem{\"title\":\"Centimeter\"}"}]}
RESULT: undefined
COMMAND: POST /session/85842d14400d925143d12204a9eb11ff/element - {"using":"xpath","value":"//*[@id=\"__item1200\"]"}
RESULT: {"using":"xpath","value":"//*[@id=\"__item1200\"]"}
COMMAND: POST /session/85842d14400d925143d12204a9eb11ff/element/f.F943DB1403663130BF14B631DBCBD046.d.D2F3281119244C3E8521EFB97DF29ACE.e.13803/click - {}
RESULT: {}
COMMAND: POST /session/85842d14400d925143d12204a9eb11ff/execute/async - {"script":"<script> [1562 bytes]","args":[{"selector":{"id":"application-manageresources-display-component---newResourceUnit--newRRUPage-anchBar-application-manageresources-display-component---newResourceUnit--reference-anchor","interaction":{"idSuffix":"BDI-content"}},"wdio_ui5_key":"applicationmanageresources-display-component---newResourceUnit--newRRUPage-anchBar-application-manageresources-display-component---newResourceUnit--reference-anchor"}]}
COMMAND: GET /session/85842d14400d925143d12204a9eb11ff/screenshot - {}
RESULT: {"script":"<script> [1562 bytes]","args":[{"selector":{"id":"application-manageresources-display-component---newResourceUnit--newRRUPage-anchBar-application-manageresources-display-component---newResourceUnit--reference-anchor","interaction":{"idSuffix":"BDI-content"}},"wdio_ui5_key":"applicationmanageresources-display-component---newResourceUnit--newRRUPage-anchBar-application-manageresources-display-component---newResourceUnit--reference-anchor"}]}
RESULT: undefined
COMMAND: POST /session/85842d14400d925143d12204a9eb11ff/element - {"using":"xpath","value":"//*[@id=\"application-manageresources-display-component---newResourceUnit--newRRUPage-anchBar-application-manageresources-display-component---newResourceUnit--reference-anchor\"]"}
RESULT: {}
RESULT: {"using":"xpath","value":"//*[@id=\"application-manageresources-display-component---newResourceUnit--newRRUPage-anchBar-application-manageresources-display-component---newResourceUnit--reference-anchor\"]"}
COMMAND: POST /session/85842d14400d925143d12204a9eb11ff/element/f.F943DB1403663130BF14B631DBCBD046.d.D2F3281119244C3E8521EFB97DF29ACE.e.13805/click - {}
RESULT: {}
COMMAND: POST /session/85842d14400d925143d12204a9eb11ff/execute/async - {"script":"<script> [1562 bytes]","args":[{"selector":{"id":"application-manageresources-display-component---newResourceUnit--PLANNING_GROUP-arrow"},"wdio_ui5_key":"applicationmanageresources-display-component---newResourceUnit--PLANNING_GROUP-arrow"}]}
COMMAND: GET /session/85842d14400d925143d12204a9eb11ff/screenshot - {}
RESULT: {"script":"<script> [1562 bytes]","args":[{"selector":{"id":"application-manageresources-display-component---newResourceUnit--PLANNING_GROUP-arrow"},"wdio_ui5_key":"applicationmanageresources-display-component---newResourceUnit--PLANNING_GROUP-arrow"}]}
RESULT: undefined
COMMAND: POST /session/85842d14400d925143d12204a9eb11ff/element - {"using":"xpath","value":"//*[@id=\"application-manageresources-display-component---newResourceUnit--PLANNING_GROUP-arrow\"]"}
RESULT: {}
RESULT: {"using":"xpath","value":"//*[@id=\"application-manageresources-display-component---newResourceUnit--PLANNING_GROUP-arrow\"]"}
COMMAND: POST /session/85842d14400d925143d12204a9eb11ff/element/f.F943DB1403663130BF14B631DBCBD046.d.D2F3281119244C3E8521EFB97DF29ACE.e.13809/click - {}
RESULT: {}
COMMAND: POST /session/85842d14400d925143d12204a9eb11ff/execute/async - {"script":"<script> [1562 bytes]","args":[{"selector":{"controlType":"sap.m.StandardListItem","viewName":"reusables.view.manageresources.NewResourceUnit","viewId":"application-manageresources-display-component---newResourceUnit","properties":{"title":"Heavy Equi"},"searchOpenDialogs":true,"interaction":{"idSuffix":"content"}},"wdio_ui5_key":"reusablesview.manageresources.NewResourceUnitsap.m.StandardListItem{\"title\":\"Heavy Equi\"}"}]}
COMMAND: GET /session/85842d14400d925143d12204a9eb11ff/screenshot - {}
RESULT: {"script":"<script> [1562 bytes]","args":[{"selector":{"controlType":"sap.m.StandardListItem","viewName":"reusables.view.manageresources.NewResourceUnit","viewId":"application-manageresources-display-component---newResourceUnit","properties":{"title":"Heavy Equi"},"searchOpenDialogs":true,"interaction":{"idSuffix":"content"}},"wdio_ui5_key":"reusablesview.manageresources.NewResourceUnitsap.m.StandardListItem{\"title\":\"Heavy Equi\"}"}]}
RESULT: undefined
COMMAND: POST /session/85842d14400d925143d12204a9eb11ff/element - {"using":"xpath","value":"//*[@id=\"__item1208\"]"}
RESULT: {}
RESULT: {"using":"xpath","value":"//*[@id=\"__item1208\"]"}
COMMAND: POST /session/85842d14400d925143d12204a9eb11ff/element/f.F943DB1403663130BF14B631DBCBD046.d.D2F3281119244C3E8521EFB97DF29ACE.e.13813/click - {}
RESULT: {}
COMMAND: GET /session/85842d14400d925143d12204a9eb11ff/screenshot - {}
RESULT: {}
COMMAND: POST /session/85842d14400d925143d12204a9eb11ff/execute/async - {"script":"<script> [1562 bytes]","args":[{"selector":{"id":"application-manageresources-display-component---newResourceUnit--PLANNING_INDICATOR-arrow"},"wdio_ui5_key":"applicationmanageresources-display-component---newResourceUnit--PLANNING_INDICATOR-arrow"}]}
RESULT: {"script":"<script> [1562 bytes]","args":[{"selector":{"id":"application-manageresources-display-component---newResourceUnit--PLANNING_INDICATOR-arrow"},"wdio_ui5_key":"applicationmanageresources-display-component---newResourceUnit--PLANNING_INDICATOR-arrow"}]}
RESULT: undefined
COMMAND: POST /session/85842d14400d925143d12204a9eb11ff/element - {"using":"xpath","value":"//*[@id=\"application-manageresources-display-component---newResourceUnit--PLANNING_INDICATOR-arrow\"]"}
RESULT: {"using":"xpath","value":"//*[@id=\"application-manageresources-display-component---newResourceUnit--PLANNING_INDICATOR-arrow\"]"}
COMMAND: POST /session/85842d14400d925143d12204a9eb11ff/element/f.F943DB1403663130BF14B631DBCBD046.d.D2F3281119244C3E8521EFB97DF29ACE.e.13814/click - {}
RESULT: {}
COMMAND: POST /session/85842d14400d925143d12204a9eb11ff/execute/async - {"script":"<script> [1562 bytes]","args":[{"selector":{"controlType":"sap.m.StandardListItem","viewName":"reusables.view.manageresources.NewResourceUnit","viewId":"application-manageresources-display-component---newResourceUnit","properties":{"title":"10 - infinite"},"searchOpenDialogs":true,"interaction":{"idSuffix":"content"}},"wdio_ui5_key":"reusablesview.manageresources.NewResourceUnitsap.m.StandardListItem{\"title\":\"10 - infinite\"}"}]}
COMMAND: GET /session/85842d14400d925143d12204a9eb11ff/screenshot - {}
RESULT: {"script":"<script> [1562 bytes]","args":[{"selector":{"controlType":"sap.m.StandardListItem","viewName":"reusables.view.manageresources.NewResourceUnit","viewId":"application-manageresources-display-component---newResourceUnit","properties":{"title":"10 - infinite"},"searchOpenDialogs":true,"interaction":{"idSuffix":"content"}},"wdio_ui5_key":"reusablesview.manageresources.NewResourceUnitsap.m.StandardListItem{\"title\":\"10 - infinite\"}"}]}
RESULT: undefined
COMMAND: POST /session/85842d14400d925143d12204a9eb11ff/element - {"using":"xpath","value":"//*[@id=\"__item1218\"]"}
RESULT: {}
RESULT: {"using":"xpath","value":"//*[@id=\"__item1218\"]"}
COMMAND: POST /session/85842d14400d925143d12204a9eb11ff/element/f.F943DB1403663130BF14B631DBCBD046.d.D2F3281119244C3E8521EFB97DF29ACE.e.13816/click - {}
RESULT: {}
COMMAND: GET /session/85842d14400d925143d12204a9eb11ff/screenshot - {}
RESULT: {}
COMMAND: POST /session/85842d14400d925143d12204a9eb11ff/element - {"using":"xpath","value":"//bdi[contains(text(), \"Time Segment\")]"}
RESULT: {"using":"xpath","value":"//bdi[contains(text(), \"Time Segment\")]"}
COMMAND: GET /session/85842d14400d925143d12204a9eb11ff/element/f.F943DB1403663130BF14B631DBCBD046.d.D2F3281119244C3E8521EFB97DF29ACE.e.13817/rect - {}
RESULT: {}
COMMAND: GET /session/85842d14400d925143d12204a9eb11ff/window/rect - {}
RESULT: {}
COMMAND: POST /session/85842d14400d925143d12204a9eb11ff/execute/sync - {"script":"<script> [92 bytes]","args":[]}
RESULT: {"script":"<script> [92 bytes]","args":[]}
COMMAND: POST /session/85842d14400d925143d12204a9eb11ff/actions - {"actions":[{"id":"action69","type":"wheel","parameters":{},"actions":[{"type":"scroll","x":-1820,"y":-21,"deltaX":0,"deltaY":0,"duration":0,"origin":{"element-6066-11e4-a52e-4f735466cecf":"f.F943DB1403663130BF14B631DBCBD046.d.D2F3281119244C3E8521EFB97DF29ACE.e.13817"}}]}]}
COMMAND: GET /session/85842d14400d925143d12204a9eb11ff/screenshot - {}
RESULT: {}
COMMAND: POST /session/85842d14400d925143d12204a9eb11ff/execute/sync - {"script":"<script> [79 bytes]","args":[{"element-6066-11e4-a52e-4f735466cecf":"f.F943DB1403663130BF14B631DBCBD046.d.D2F3281119244C3E8521EFB97DF29ACE.e.13817","ELEMENT":"f.F943DB1403663130BF14B631DBCBD046.d.D2F3281119244C3E8521EFB97DF29ACE.e.13817"},{"block":"start","inline":"nearest"}]}
RESULT: {"script":"<script> [79 bytes]","args":[{"element-6066-11e4-a52e-4f735466cecf":"f.F943DB1403663130BF14B631DBCBD046.d.D2F3281119244C3E8521EFB97DF29ACE.e.13817","ELEMENT":"f.F943DB1403663130BF14B631DBCBD046.d.D2F3281119244C3E8521EFB97DF29ACE.e.13817"},{"block":"start","inline":"nearest"}]}
COMMAND: GET /session/85842d14400d925143d12204a9eb11ff/screenshot - {}
RESULT: {}
COMMAND: POST /session/85842d14400d925143d12204a9eb11ff/element - {"using":"xpath","value":"//span[@id=\"application-manageresources-display-component---newResourceUnit--btnAddTimeSegment-img\"]"}
RESULT: {"using":"xpath","value":"//span[@id=\"application-manageresources-display-component---newResourceUnit--btnAddTimeSegment-img\"]"}
COMMAND: POST /session/85842d14400d925143d12204a9eb11ff/execute/sync - {"script":"<script> [8489 bytes]","args":[{"element-6066-11e4-a52e-4f735466cecf":"f.F943DB1403663130BF14B631DBCBD046.d.D2F3281119244C3E8521EFB97DF29ACE.e.13820","ELEMENT":"f.F943DB1403663130BF14B631DBCBD046.d.D2F3281119244C3E8521EFB97DF29ACE.e.13820"}]}
RESULT: {"script":"<script> [8489 bytes]","args":[{"element-6066-11e4-a52e-4f735466cecf":"f.F943DB1403663130BF14B631DBCBD046.d.D2F3281119244C3E8521EFB97DF29ACE.e.13820","ELEMENT":"f.F943DB1403663130BF14B631DBCBD046.d.D2F3281119244C3E8521EFB97DF29ACE.e.13820"}]}
COMMAND: POST /session/85842d14400d925143d12204a9eb11ff/element/f.F943DB1403663130BF14B631DBCBD046.d.D2F3281119244C3E8521EFB97DF29ACE.e.13820/click - {}
COMMAND: GET /session/85842d14400d925143d12204a9eb11ff/screenshot - {}
RESULT: {}
COMMAND: GET /session/85842d14400d925143d12204a9eb11ff/screenshot - {}
COMMAND: POST /session/85842d14400d925143d12204a9eb11ff/element - {"using":"xpath","value":"//input[@id=\"application-manageresources-display-component---newResourceUnit--idRuTSAdmin-application-manageresources-display-component---newResourceUnit--RUTimeSegment-0-inner\"]"}
RESULT: {}
RESULT: {}
RESULT: {"using":"xpath","value":"//input[@id=\"application-manageresources-display-component---newResourceUnit--idRuTSAdmin-application-manageresources-display-component---newResourceUnit--RUTimeSegment-0-inner\"]"}
COMMAND: POST /session/85842d14400d925143d12204a9eb11ff/element/f.F943DB1403663130BF14B631DBCBD046.d.D2F3281119244C3E8521EFB97DF29ACE.e.13823/clear - {}
RESULT: {}
COMMAND: POST /session/85842d14400d925143d12204a9eb11ff/element/f.F943DB1403663130BF14B631DBCBD046.d.D2F3281119244C3E8521EFB97DF29ACE.e.13823/value - {"text":"WebdriverYardehbue"}
COMMAND: GET /session/85842d14400d925143d12204a9eb11ff/screenshot - {}
RESULT: {"text":"WebdriverYardehbue"}
COMMAND: GET /session/85842d14400d925143d12204a9eb11ff/screenshot - {}
RESULT: {}
RESULT: {}
COMMAND: POST /session/85842d14400d925143d12204a9eb11ff/actions - {"actions":[{"id":"action70","type":"key","parameters":{},"actions":[{"type":"keyDown","value":"î€‡"},{"type":"pause","duration":10},{"type":"keyUp","value":"î€‡"}]}]}
RESULT: {"actions":[{"id":"action70","type":"key","parameters":{},"actions":[{"type":"keyDown","value":"î€‡"},{"type":"pause","duration":10},{"type":"keyUp","value":"î€‡"}]}]}
COMMAND: GET /session/85842d14400d925143d12204a9eb11ff/screenshot - {}
RESULT: {}
COMMAND: POST /session/85842d14400d925143d12204a9eb11ff/execute/async - {"script":"<script> [1562 bytes]","args":[{"selector":{"controlType":"sap.m.Button","viewName":"reusables.view.manageresources.NewResourceUnit","viewId":"application-manageresources-display-component---newResourceUnit","i18NText":{"propertyName":"tooltip","key":"save"},"interaction":{"idSuffix":"BDI-content"}},"wdio_ui5_key":"reusablesview.manageresources.NewResourceUnitsap.m.Button{\"propertyName\":\"tooltip\",\"key\":\"save\"}"}]}
RESULT: {"script":"<script> [1562 bytes]","args":[{"selector":{"controlType":"sap.m.Button","viewName":"reusables.view.manageresources.NewResourceUnit","viewId":"application-manageresources-display-component---newResourceUnit","i18NText":{"propertyName":"tooltip","key":"save"},"interaction":{"idSuffix":"BDI-content"}},"wdio_ui5_key":"reusablesview.manageresources.NewResourceUnitsap.m.Button{\"propertyName\":\"tooltip\",\"key\":\"save\"}"}]}
RESULT: undefined
COMMAND: POST /session/85842d14400d925143d12204a9eb11ff/element - {"using":"xpath","value":"//*[@id=\"application-manageresources-display-component---newResourceUnit--createRuButton\"]"}
RESULT: {"using":"xpath","value":"//*[@id=\"application-manageresources-display-component---newResourceUnit--createRuButton\"]"}
COMMAND: POST /session/85842d14400d925143d12204a9eb11ff/element/f.F943DB1403663130BF14B631DBCBD046.d.D2F3281119244C3E8521EFB97DF29ACE.e.13749/click - {}
RESULT: {}
COMMAND: GET /session/85842d14400d925143d12204a9eb11ff/screenshot - {}
RESULT: {}
COMMAND: POST /session/85842d14400d925143d12204a9eb11ff/execute/async - {"script":"<script> [1562 bytes]","args":[{"selector":{"controlType":"sap.m.Title","properties":{"text":"Success"},"searchOpenDialogs":true},"wdio_ui5_key":"sapm.Title{\"text\":\"Success\"}"}]}
RESULT: {"script":"<script> [1562 bytes]","args":[{"selector":{"controlType":"sap.m.Title","properties":{"text":"Success"},"searchOpenDialogs":true},"wdio_ui5_key":"sapm.Title{\"text\":\"Success\"}"}]}
RESULT: undefined
COMMAND: POST /session/85842d14400d925143d12204a9eb11ff/execute/async - {"script":"<script> [6424 bytes]","args":[{"element-6066-11e4-a52e-4f735466cecf":"f.F943DB1403663130BF14B631DBCBD046.d.D2F3281119244C3E8521EFB97DF29ACE.e.13836"},"getText",[]]}
RESULT: {"script":"<script> [6424 bytes]","args":[{"element-6066-11e4-a52e-4f735466cecf":"f.F943DB1403663130BF14B631DBCBD046.d.D2F3281119244C3E8521EFB97DF29ACE.e.13836"},"getText",[]]}
COMMAND: POST /session/85842d14400d925143d12204a9eb11ff/element - {"using":"xpath","value":"//*[contains(@id, '__text') and (contains(text(), 'successfully created') or contains(., 'successfully created'))]"}
RESULT: {"using":"xpath","value":"//*[contains(@id, '__text') and (contains(text(), 'successfully created') or contains(., 'successfully created'))]"}
COMMAND: GET /session/85842d14400d925143d12204a9eb11ff/element/f.F943DB1403663130BF14B631DBCBD046.d.D2F3281119244C3E8521EFB97DF29ACE.e.13834/text - {}
RESULT: {}
COMMAND: POST /session/85842d14400d925143d12204a9eb11ff/execute/async - {"script":"<script> [1562 bytes]","args":[{"selector":{"controlType":"sap.m.Button","properties":{"text":"Close"},"searchOpenDialogs":true,"interaction":{"idSuffix":"BDI-content"}},"wdio_ui5_key":"sapm.Button{\"text\":\"Close\"}"}]}
RESULT: {"script":"<script> [1562 bytes]","args":[{"selector":{"controlType":"sap.m.Button","properties":{"text":"Close"},"searchOpenDialogs":true,"interaction":{"idSuffix":"BDI-content"}},"wdio_ui5_key":"sapm.Button{\"text\":\"Close\"}"}]}
RESULT: undefined
COMMAND: POST /session/85842d14400d925143d12204a9eb11ff/element - {"using":"xpath","value":"//*[@id=\"__mbox-btn-0\"]"}
RESULT: {"using":"xpath","value":"//*[@id=\"__mbox-btn-0\"]"}
COMMAND: POST /session/85842d14400d925143d12204a9eb11ff/element/f.F943DB1403663130BF14B631DBCBD046.d.D2F3281119244C3E8521EFB97DF29ACE.e.13833/click - {}
RESULT: {}
COMMAND: GET /session/85842d14400d925143d12204a9eb11ff/screenshot - {}
RESULT: {}
COMMAND: POST /session/85842d14400d925143d12204a9eb11ff/execute/async - {"script":"<script> [1562 bytes]","args":[{"selector":{"controlType":"sap.ui.core.Icon","viewName":"etm.portal.ui.manageresources.view.Detail","viewId":"application-manageresources-display-component---detailRU","properties":{"src":{"regex":{"source":"overflow"}}}},"wdio_ui5_key":"etmportal.ui.manageresources.view.Detailsap.ui.core.Icon{\"src\":{\"regex\":{\"source\":\"overflow\"}}}"}]}
RESULT: {"script":"<script> [1562 bytes]","args":[{"selector":{"controlType":"sap.ui.core.Icon","viewName":"etm.portal.ui.manageresources.view.Detail","viewId":"application-manageresources-display-component---detailRU","properties":{"src":{"regex":{"source":"overflow"}}}},"wdio_ui5_key":"etmportal.ui.manageresources.view.Detailsap.ui.core.Icon{\"src\":{\"regex\":{\"source\":\"overflow\"}}}"}]}
RESULT: undefined
COMMAND: POST /session/85842d14400d925143d12204a9eb11ff/element - {"using":"xpath","value":"//*[@id=\"__title31-_actionsToolbar-overflowButton-img\"]"}
RESULT: {"using":"xpath","value":"//*[@id=\"__title31-_actionsToolbar-overflowButton-img\"]"}
COMMAND: POST /session/85842d14400d925143d12204a9eb11ff/element/f.F943DB1403663130BF14B631DBCBD046.d.D2F3281119244C3E8521EFB97DF29ACE.e.13865/click - {}
RESULT: {}
COMMAND: POST /session/85842d14400d925143d12204a9eb11ff/execute/async - {"script":"<script> [1562 bytes]","args":[{"selector":{"controlType":"sap.m.Button","viewName":"etm.portal.ui.manageresources.view.Detail","viewId":"application-manageresources-display-component---detailRU","i18NText":{"propertyName":"tooltip","key":"closeColumn"},"searchOpenDialogs":true,"interaction":{"idSuffix":"inner"}},"wdio_ui5_key":"etmportal.ui.manageresources.view.Detailsap.m.Button{\"propertyName\":\"tooltip\",\"key\":\"closeColumn\"}"}]}
COMMAND: GET /session/85842d14400d925143d12204a9eb11ff/screenshot - {}
RESULT: {"script":"<script> [1562 bytes]","args":[{"selector":{"controlType":"sap.m.Button","viewName":"etm.portal.ui.manageresources.view.Detail","viewId":"application-manageresources-display-component---detailRU","i18NText":{"propertyName":"tooltip","key":"closeColumn"},"searchOpenDialogs":true,"interaction":{"idSuffix":"inner"}},"wdio_ui5_key":"etmportal.ui.manageresources.view.Detailsap.m.Button{\"propertyName\":\"tooltip\",\"key\":\"closeColumn\"}"}]}
RESULT: undefined
COMMAND: POST /session/85842d14400d925143d12204a9eb11ff/element - {"using":"xpath","value":"//*[@id=\"__button137\"]"}
RESULT: {}
RESULT: {"using":"xpath","value":"//*[@id=\"__button137\"]"}
COMMAND: POST /session/85842d14400d925143d12204a9eb11ff/element/f.F943DB1403663130BF14B631DBCBD046.d.D2F3281119244C3E8521EFB97DF29ACE.e.13869/click - {}
RESULT: {}
COMMAND: GET /session/85842d14400d925143d12204a9eb11ff/screenshot - {}
RESULT: {}
COMMAND: POST /session/85842d14400d925143d12204a9eb11ff/refresh - {}
RESULT: {}
COMMAND: GET /session/85842d14400d925143d12204a9eb11ff/screenshot - {}
RESULT: {}
COMMAND: POST /session/85842d14400d925143d12204a9eb11ff/execute/async - {"script":"<script> [189 bytes]","args":[]}
RESULT: {"script":"<script> [189 bytes]","args":[]}
COMMAND: POST /session/85842d14400d925143d12204a9eb11ff/execute/async - {"script":"<script> [123 bytes]","args":[]}
RESULT: {"script":"<script> [123 bytes]","args":[]}
COMMAND: POST /session/85842d14400d925143d12204a9eb11ff/timeouts - {"script":"<number>"}
RESULT: {"script":"<number>"}
COMMAND: GET /session/85842d14400d925143d12204a9eb11ff/timeouts - {}
RESULT: {}
RESULT: undefined
COMMAND: POST /session/85842d14400d925143d12204a9eb11ff/execute/async - {"script":"<script> [2676 bytes]","args":[]}
RESULT: {"script":"<script> [2676 bytes]","args":[]}
COMMAND: POST /session/85842d14400d925143d12204a9eb11ff/execute/async - {"script":"<script> [2342 bytes]","args":[{"protocol":"http","hostname":"0.0.0.0","path":"/","capabilities":{"browserName":"chrome","goog:chromeOptions":{"binary":"C:\\Program Files\\Google\\Chrome\\Application\\chrome.exe","args":["--start-maximized"]}},"logLevel":"warn","connectionRetryTimeout":120000,"connectionRetryCount":3,"logLevels":{},"enableDirectConnect":true,"strictSSL":true,"_":"65 more keys: [\"cacheDir\",\"port\",\"requestedCapabilities\",\"automationProtocol\",\"baseUrl\",\"waitforInterval\",\"waitforTimeout\",\"onReload\",\"beforeCommand\",\"afterCommand\",\"rootDir\",\"specs\",\"suites\",\"exclude\",\"groupLogsByTestSpec\",\"excludeDriverLogs\",\"bail\",\"framework\",\"reporters\",\"services\",\"maxInstances\",\"maxInstancesPerCapability\",\"injectGlobals\",\"filesToWatch\",\"execArgv\",\"runnerEnv\",\"runner\",\"shard\",\"specFileRetries\",\"specFileRetriesDelay\",\"specFileRetriesDeferred\",\"reporterSyncInterval\",\"reporterSyncTimeout\",\"cucumberFeaturesWithLineNumbers\",\"autoCompileOpts\",\"mochaOpts\",\"jasmineOpts\",\"cucumberOpts\",\"onPrepare\",\"onWorkerStart\",\"onWorkerEnd\",\"before\",\"beforeSession\",\"beforeSuite\",\"beforeHook\",\"beforeTest\",\"afterTest\",\"afterHook\",\"afterSuite\",\"afterSession\",\"after\",\"onComplete\",\"beforeAssertion\",\"afterAssertion\",\"beforeFeature\",\"beforeScenario\",\"beforeStep\",\"afterStep\",\"afterScenario\",\"afterFeature\",\"_\",\"suite\",\"$0\",\"ignoredWorkerServices\",\"wdi5\"]"}]}
RESULT: {"script":"<script> [2342 bytes]","args":[{"protocol":"http","hostname":"0.0.0.0","path":"/","capabilities":{"browserName":"chrome","goog:chromeOptions":{"binary":"C:\\Program Files\\Google\\Chrome\\Application\\chrome.exe","args":["--start-maximized"]}},"logLevel":"warn","connectionRetryTimeout":120000,"connectionRetryCount":3,"logLevels":{},"enableDirectConnect":true,"strictSSL":true,"_":"65 more keys: [\"cacheDir\",\"port\",\"requestedCapabilities\",\"automationProtocol\",\"baseUrl\",\"waitforInterval\",\"waitforTimeout\",\"onReload\",\"beforeCommand\",\"afterCommand\",\"rootDir\",\"specs\",\"suites\",\"exclude\",\"groupLogsByTestSpec\",\"excludeDriverLogs\",\"bail\",\"framework\",\"reporters\",\"services\",\"maxInstances\",\"maxInstancesPerCapability\",\"injectGlobals\",\"filesToWatch\",\"execArgv\",\"runnerEnv\",\"runner\",\"shard\",\"specFileRetries\",\"specFileRetriesDelay\",\"specFileRetriesDeferred\",\"reporterSyncInterval\",\"reporterSyncTimeout\",\"cucumberFeaturesWithLineNumbers\",\"autoCompileOpts\",\"mochaOpts\",\"jasmineOpts\",\"cucumberOpts\",\"onPrepare\",\"onWorkerStart\",\"onWorkerEnd\",\"before\",\"beforeSession\",\"beforeSuite\",\"beforeHook\",\"beforeTest\",\"afterTest\",\"afterHook\",\"afterSuite\",\"afterSession\",\"after\",\"onComplete\",\"beforeAssertion\",\"afterAssertion\",\"beforeFeature\",\"beforeScenario\",\"beforeStep\",\"afterStep\",\"afterScenario\",\"afterFeature\",\"_\",\"suite\",\"$0\",\"ignoredWorkerServices\",\"wdi5\"]"}]}
COMMAND: POST /session/85842d14400d925143d12204a9eb11ff/execute/async - {"script":"<script> [21126 bytes]","args":[35000]}
RESULT: {"script":"<script> [21126 bytes]","args":[35000]}
COMMAND: POST /session/85842d14400d925143d12204a9eb11ff/element - {"using":"css selector","value":"#shell-header-logo"}
RESULT: {"using":"css selector","value":"#shell-header-logo"}
COMMAND: POST /session/85842d14400d925143d12204a9eb11ff/element/f.F943DB1403663130BF14B631DBCBD046.d.71C636896E4F82185E89BEC8B6F05E23.e.14022/click - {}
RESULT: {}
COMMAND: GET /session/85842d14400d925143d12204a9eb11ff/screenshot - {}
RESULT: {}
COMMAND: POST /session/85842d14400d925143d12204a9eb11ff/execute/async - {"script":"<script> [1562 bytes]","args":[{"selector":{"controlType":"sap.m.GenericTile","properties":{"header":"Manage Handovers"}},"wdio_ui5_key":"sapm.GenericTile{\"header\":\"Manage Handovers\"}"}]}
RESULT: {"script":"<script> [1562 bytes]","args":[{"selector":{"controlType":"sap.m.GenericTile","properties":{"header":"Manage Handovers"}},"wdio_ui5_key":"sapm.GenericTile{\"header\":\"Manage Handovers\"}"}]}
RESULT: undefined
COMMAND: POST /session/85842d14400d925143d12204a9eb11ff/element - {"using":"xpath","value":"//*[@id=\"__tile132\"]"}
RESULT: {"using":"xpath","value":"//*[@id=\"__tile132\"]"}
COMMAND: POST /session/85842d14400d925143d12204a9eb11ff/element/f.F943DB1403663130BF14B631DBCBD046.d.71C636896E4F82185E89BEC8B6F05E23.e.14206/click - {}
RESULT: {}
COMMAND: GET /session/85842d14400d925143d12204a9eb11ff/screenshot - {}
RESULT: {}
COMMAND: POST /session/85842d14400d925143d12204a9eb11ff/elements - {"using":"xpath","value":"//span[text()='Error']"}
RESULT: {"using":"xpath","value":"//span[text()='Error']"}
COMMAND: POST /session/85842d14400d925143d12204a9eb11ff/element - {"using":"xpath","value":"//button[@data-kt=\"masterHOAddButton\"]"}
RESULT: {"using":"xpath","value":"//button[@data-kt=\"masterHOAddButton\"]"}
COMMAND: POST /session/85842d14400d925143d12204a9eb11ff/execute/sync - {"script":"<script> [8489 bytes]","args":[{"element-6066-11e4-a52e-4f735466cecf":"f.F943DB1403663130BF14B631DBCBD046.d.71C636896E4F82185E89BEC8B6F05E23.e.14243","ELEMENT":"f.F943DB1403663130BF14B631DBCBD046.d.71C636896E4F82185E89BEC8B6F05E23.e.14243"}]}
RESULT: {"script":"<script> [8489 bytes]","args":[{"element-6066-11e4-a52e-4f735466cecf":"f.F943DB1403663130BF14B631DBCBD046.d.71C636896E4F82185E89BEC8B6F05E23.e.14243","ELEMENT":"f.F943DB1403663130BF14B631DBCBD046.d.71C636896E4F82185E89BEC8B6F05E23.e.14243"}]}
COMMAND: POST /session/85842d14400d925143d12204a9eb11ff/element/f.F943DB1403663130BF14B631DBCBD046.d.71C636896E4F82185E89BEC8B6F05E23.e.14243/click - {}
COMMAND: GET /session/85842d14400d925143d12204a9eb11ff/screenshot - {}
RESULT: {}
COMMAND: GET /session/85842d14400d925143d12204a9eb11ff/screenshot - {}
RESULT: {}
RESULT: {}
COMMAND: POST /session/85842d14400d925143d12204a9eb11ff/element - {"using":"xpath","value":"//span[contains(@id ,\"AddNewHO--typeSelect-arrow\")]"}
RESULT: {"using":"xpath","value":"//span[contains(@id ,\"AddNewHO--typeSelect-arrow\")]"}
COMMAND: POST /session/85842d14400d925143d12204a9eb11ff/element/f.F943DB1403663130BF14B631DBCBD046.d.71C636896E4F82185E89BEC8B6F05E23.e.14546/click - {}
RESULT: {}
COMMAND: GET /session/85842d14400d925143d12204a9eb11ff/screenshot - {}
RESULT: {}
COMMAND: POST /session/85842d14400d925143d12204a9eb11ff/element - {"using":"xpath","value":"(//li[contains(text(), \"stock increase yard\")])[1]"}
RESULT: {"using":"xpath","value":"(//li[contains(text(), \"stock increase yard\")])[1]"}
COMMAND: POST /session/85842d14400d925143d12204a9eb11ff/element/f.F943DB1403663130BF14B631DBCBD046.d.71C636896E4F82185E89BEC8B6F05E23.e.14547/click - {}
RESULT: {}
COMMAND: GET /session/85842d14400d925143d12204a9eb11ff/screenshot - {}
RESULT: {}
COMMAND: POST /session/85842d14400d925143d12204a9eb11ff/execute/async - {"script":"<script> [1562 bytes]","args":[{"selector":{"id":"application-managehandovers-display-component---AddNewHO--dueDate","interaction":{"idSuffix":"inner"}},"wdio_ui5_key":"applicationmanagehandovers-display-component---AddNewHO--dueDate"}]}
RESULT: {"script":"<script> [1562 bytes]","args":[{"selector":{"id":"application-managehandovers-display-component---AddNewHO--dueDate","interaction":{"idSuffix":"inner"}},"wdio_ui5_key":"applicationmanagehandovers-display-component---AddNewHO--dueDate"}]}
RESULT: undefined
COMMAND: POST /session/85842d14400d925143d12204a9eb11ff/execute/async - {"script":"<script> [6424 bytes]","args":[{"element-6066-11e4-a52e-4f735466cecf":"f.F943DB1403663130BF14B631DBCBD046.d.71C636896E4F82185E89BEC8B6F05E23.e.14549"},"setValue",["5/18/25"]]}
RESULT: {"script":"<script> [6424 bytes]","args":[{"element-6066-11e4-a52e-4f735466cecf":"f.F943DB1403663130BF14B631DBCBD046.d.71C636896E4F82185E89BEC8B6F05E23.e.14549"},"setValue",["5/18/25"]]}
COMMAND: POST /session/85842d14400d925143d12204a9eb11ff/element - {"using":"xpath","value":"//input[@id=\"generalSectionFrg--receiveYard-inner\"]"}
RESULT: {"using":"xpath","value":"//input[@id=\"generalSectionFrg--receiveYard-inner\"]"}
COMMAND: POST /session/85842d14400d925143d12204a9eb11ff/element/f.F943DB1403663130BF14B631DBCBD046.d.71C636896E4F82185E89BEC8B6F05E23.e.14553/clear - {}
RESULT: {}
COMMAND: POST /session/85842d14400d925143d12204a9eb11ff/element/f.F943DB1403663130BF14B631DBCBD046.d.71C636896E4F82185E89BEC8B6F05E23.e.14553/value - {"text":"WebdriverYardehbue"}
COMMAND: GET /session/85842d14400d925143d12204a9eb11ff/screenshot - {}
RESULT: {"text":"WebdriverYardehbue"}
COMMAND: GET /session/85842d14400d925143d12204a9eb11ff/screenshot - {}
RESULT: {}
RESULT: {}
COMMAND: POST /session/85842d14400d925143d12204a9eb11ff/execute/async - {"script":"<script> [1562 bytes]","args":[{"selector":{"id":"application-managehandovers-display-component---AddNewHO--ObjectPageLayout-anchBar-application-managehandovers-display-component---AddNewHO--section4-anchor","interaction":{"idSuffix":"BDI-content"}},"wdio_ui5_key":"applicationmanagehandovers-display-component---AddNewHO--ObjectPageLayout-anchBar-application-managehandovers-display-component---AddNewHO--section4-anchor"}]}
RESULT: {"script":"<script> [1562 bytes]","args":[{"selector":{"id":"application-managehandovers-display-component---AddNewHO--ObjectPageLayout-anchBar-application-managehandovers-display-component---AddNewHO--section4-anchor","interaction":{"idSuffix":"BDI-content"}},"wdio_ui5_key":"applicationmanagehandovers-display-component---AddNewHO--ObjectPageLayout-anchBar-application-managehandovers-display-component---AddNewHO--section4-anchor"}]}
RESULT: undefined
COMMAND: POST /session/85842d14400d925143d12204a9eb11ff/element - {"using":"xpath","value":"//*[@id=\"application-managehandovers-display-component---AddNewHO--ObjectPageLayout-anchBar-application-managehandovers-display-component---AddNewHO--section4-anchor\"]"}
RESULT: {"using":"xpath","value":"//*[@id=\"application-managehandovers-display-component---AddNewHO--ObjectPageLayout-anchBar-application-managehandovers-display-component---AddNewHO--section4-anchor\"]"}
COMMAND: POST /session/85842d14400d925143d12204a9eb11ff/element/f.F943DB1403663130BF14B631DBCBD046.d.71C636896E4F82185E89BEC8B6F05E23.e.14571/click - {}
RESULT: {}
COMMAND: GET /session/85842d14400d925143d12204a9eb11ff/screenshot - {}
RESULT: {}
COMMAND: POST /session/85842d14400d925143d12204a9eb11ff/element - {"using":"xpath","value":"//button[@aria-label=\"Add\"]"}
RESULT: {"using":"xpath","value":"//button[@aria-label=\"Add\"]"}
COMMAND: POST /session/85842d14400d925143d12204a9eb11ff/element/f.F943DB1403663130BF14B631DBCBD046.d.71C636896E4F82185E89BEC8B6F05E23.e.14575/click - {}
RESULT: {}
COMMAND: GET /session/85842d14400d925143d12204a9eb11ff/screenshot - {}
RESULT: {}
COMMAND: POST /session/85842d14400d925143d12204a9eb11ff/execute/async - {"script":"<script> [1562 bytes]","args":[{"selector":{"id":"application-managehandovers-display-component---AddNewHO--smartFilterBar-btnBasicSearch","searchOpenDialogs":true,"interaction":{"idSuffix":"I"}},"wdio_ui5_key":"applicationmanagehandovers-display-component---AddNewHO--smartFilterBar-btnBasicSearch"}]}
RESULT: {"script":"<script> [1562 bytes]","args":[{"selector":{"id":"application-managehandovers-display-component---AddNewHO--smartFilterBar-btnBasicSearch","searchOpenDialogs":true,"interaction":{"idSuffix":"I"}},"wdio_ui5_key":"applicationmanagehandovers-display-component---AddNewHO--smartFilterBar-btnBasicSearch"}]}
RESULT: undefined
COMMAND: POST /session/85842d14400d925143d12204a9eb11ff/execute/async - {"script":"<script> [776 bytes]","args":[{"enterText":"WebdriverRUR2C225j3","selector":{"id":"application-managehandovers-display-component---AddNewHO--smartFilterBar-btnBasicSearch","searchOpenDialogs":true,"interaction":{"idSuffix":"I"}},"clearTextFirst":true,"interactionType":"ENTER_TEXT"}]}
RESULT: {"script":"<script> [776 bytes]","args":[{"enterText":"WebdriverRUR2C225j3","selector":{"id":"application-managehandovers-display-component---AddNewHO--smartFilterBar-btnBasicSearch","searchOpenDialogs":true,"interaction":{"idSuffix":"I"}},"clearTextFirst":true,"interactionType":"ENTER_TEXT"}]}
COMMAND: POST /session/85842d14400d925143d12204a9eb11ff/actions - {"actions":[{"id":"action71","type":"key","parameters":{},"actions":[{"type":"keyDown","value":"î€‡"},{"type":"pause","duration":10},{"type":"keyUp","value":"î€‡"}]}]}
RESULT: {"actions":[{"id":"action71","type":"key","parameters":{},"actions":[{"type":"keyDown","value":"î€‡"},{"type":"pause","duration":10},{"type":"keyUp","value":"î€‡"}]}]}
COMMAND: POST /session/85842d14400d925143d12204a9eb11ff/execute/async - {"script":"<script> [1562 bytes]","args":[{"selector":{"id":"application-managehandovers-display-component---AddNewHO--popup-sa","searchOpenDialogs":true,"interaction":{"idSuffix":"CbBg"}},"wdio_ui5_key":"applicationmanagehandovers-display-component---AddNewHO--popup-sa"}]}
COMMAND: GET /session/85842d14400d925143d12204a9eb11ff/screenshot - {}
RESULT: {"script":"<script> [1562 bytes]","args":[{"selector":{"id":"application-managehandovers-display-component---AddNewHO--popup-sa","searchOpenDialogs":true,"interaction":{"idSuffix":"CbBg"}},"wdio_ui5_key":"applicationmanagehandovers-display-component---AddNewHO--popup-sa"}]}
RESULT: undefined
COMMAND: POST /session/85842d14400d925143d12204a9eb11ff/element - {"using":"xpath","value":"//*[@id=\"application-managehandovers-display-component---AddNewHO--popup-sa\"]"}
RESULT: {}
RESULT: {"using":"xpath","value":"//*[@id=\"application-managehandovers-display-component---AddNewHO--popup-sa\"]"}
COMMAND: POST /session/85842d14400d925143d12204a9eb11ff/element/f.F943DB1403663130BF14B631DBCBD046.d.71C636896E4F82185E89BEC8B6F05E23.e.14695/click - {}
RESULT: {}
COMMAND: GET /session/85842d14400d925143d12204a9eb11ff/screenshot - {}
RESULT: {}
COMMAND: POST /session/85842d14400d925143d12204a9eb11ff/element - {"using":"xpath","value":"//bdi[contains(text(), \"Select\")]"}
RESULT: {"using":"xpath","value":"//bdi[contains(text(), \"Select\")]"}
COMMAND: POST /session/85842d14400d925143d12204a9eb11ff/element/f.F943DB1403663130BF14B631DBCBD046.d.71C636896E4F82185E89BEC8B6F05E23.e.14696/click - {}
RESULT: {}
COMMAND: GET /session/85842d14400d925143d12204a9eb11ff/screenshot - {}
RESULT: {}
COMMAND: POST /session/85842d14400d925143d12204a9eb11ff/execute/async - {"script":"<script> [1562 bytes]","args":[{"selector":{"controlType":"sap.m.Input","viewName":"etm.portal.ui.managehandovers.view.AddNewHO","viewId":"application-managehandovers-display-component---AddNewHO","bindingPath":{"path":"/items/0","propertyPath":"TYPE","modelName":"hoItemsModel"},"interaction":{"idSuffix":"inner"}},"wdio_ui5_key":"etmportal.ui.managehandovers.view.AddNewHOsap.m.Input{\"path\":\"/items/0\",\"propertyPath\":\"TYPE\",\"modelName\":\"hoItemsModel\"}"}]}
RESULT: {"script":"<script> [1562 bytes]","args":[{"selector":{"controlType":"sap.m.Input","viewName":"etm.portal.ui.managehandovers.view.AddNewHO","viewId":"application-managehandovers-display-component---AddNewHO","bindingPath":{"path":"/items/0","propertyPath":"TYPE","modelName":"hoItemsModel"},"interaction":{"idSuffix":"inner"}},"wdio_ui5_key":"etmportal.ui.managehandovers.view.AddNewHOsap.m.Input{\"path\":\"/items/0\",\"propertyPath\":\"TYPE\",\"modelName\":\"hoItemsModel\"}"}]}
RESULT: undefined
COMMAND: POST /session/85842d14400d925143d12204a9eb11ff/execute/async - {"script":"<script> [776 bytes]","args":[{"enterText":"100","selector":{"controlType":"sap.m.Input","viewName":"etm.portal.ui.managehandovers.view.AddNewHO","viewId":"application-managehandovers-display-component---AddNewHO","bindingPath":{"path":"/items/0","propertyPath":"TYPE","modelName":"hoItemsModel"},"interaction":{"idSuffix":"inner"}},"clearTextFirst":true,"interactionType":"ENTER_TEXT"}]}
RESULT: {"script":"<script> [776 bytes]","args":[{"enterText":"100","selector":{"controlType":"sap.m.Input","viewName":"etm.portal.ui.managehandovers.view.AddNewHO","viewId":"application-managehandovers-display-component---AddNewHO","bindingPath":{"path":"/items/0","propertyPath":"TYPE","modelName":"hoItemsModel"},"interaction":{"idSuffix":"inner"}},"clearTextFirst":true,"interactionType":"ENTER_TEXT"}]}
COMMAND: POST /session/85842d14400d925143d12204a9eb11ff/element - {"using":"xpath","value":"//button[@data-kt=\"AddNewHOSaveButton\"]"}
RESULT: {"using":"xpath","value":"//button[@data-kt=\"AddNewHOSaveButton\"]"}
COMMAND: POST /session/85842d14400d925143d12204a9eb11ff/element/f.F943DB1403663130BF14B631DBCBD046.d.71C636896E4F82185E89BEC8B6F05E23.e.14701/click - {}
RESULT: {}
COMMAND: GET /session/85842d14400d925143d12204a9eb11ff/screenshot - {}
RESULT: {}
COMMAND: POST /session/85842d14400d925143d12204a9eb11ff/execute/async - {"script":"<script> [1562 bytes]","args":[{"selector":{"id":"receiptDatePicker","viewName":"etm.portal.ui.managehandovers.view.DetailExecuteHO","interaction":{"idSuffix":"inner"}},"wdio_ui5_key":"receiptDatePickeretmportal.ui.managehandovers.view.DetailExecuteHO"}]}
RESULT: {"script":"<script> [1562 bytes]","args":[{"selector":{"id":"receiptDatePicker","viewName":"etm.portal.ui.managehandovers.view.DetailExecuteHO","interaction":{"idSuffix":"inner"}},"wdio_ui5_key":"receiptDatePickeretmportal.ui.managehandovers.view.DetailExecuteHO"}]}
RESULT: undefined
COMMAND: POST /session/85842d14400d925143d12204a9eb11ff/execute/async - {"script":"<script> [6424 bytes]","args":[{"element-6066-11e4-a52e-4f735466cecf":"f.F943DB1403663130BF14B631DBCBD046.d.71C636896E4F82185E89BEC8B6F05E23.e.14722"},"setValue",["5/18/25"]]}
RESULT: {"script":"<script> [6424 bytes]","args":[{"element-6066-11e4-a52e-4f735466cecf":"f.F943DB1403663130BF14B631DBCBD046.d.71C636896E4F82185E89BEC8B6F05E23.e.14722"},"setValue",["5/18/25"]]}
COMMAND: POST /session/85842d14400d925143d12204a9eb11ff/element - {"using":"xpath","value":"//button[@data-kt=\"PickingTableConfirmAllButton\"]"}
RESULT: {"using":"xpath","value":"//button[@data-kt=\"PickingTableConfirmAllButton\"]"}
COMMAND: POST /session/85842d14400d925143d12204a9eb11ff/element/f.F943DB1403663130BF14B631DBCBD046.d.71C636896E4F82185E89BEC8B6F05E23.e.14737/click - {}
RESULT: {}
COMMAND: GET /session/85842d14400d925143d12204a9eb11ff/screenshot - {}
RESULT: {}
COMMAND: POST /session/85842d14400d925143d12204a9eb11ff/element - {"using":"xpath","value":"//bdi[contains(text(), \"OK\")]"}
RESULT: {"using":"xpath","value":"//bdi[contains(text(), \"OK\")]"}
COMMAND: POST /session/85842d14400d925143d12204a9eb11ff/element/f.F943DB1403663130BF14B631DBCBD046.d.71C636896E4F82185E89BEC8B6F05E23.e.14740/click - {}
RESULT: {}
COMMAND: GET /session/85842d14400d925143d12204a9eb11ff/screenshot - {}
RESULT: {}
COMMAND: POST /session/85842d14400d925143d12204a9eb11ff/element - {"using":"xpath","value":"(//bdi[contains(text(), \"Receive\")])[2]"}
RESULT: {"using":"xpath","value":"(//bdi[contains(text(), \"Receive\")])[2]"}
COMMAND: POST /session/85842d14400d925143d12204a9eb11ff/element/f.F943DB1403663130BF14B631DBCBD046.d.71C636896E4F82185E89BEC8B6F05E23.e.14741/click - {}
RESULT: {}
COMMAND: GET /session/85842d14400d925143d12204a9eb11ff/screenshot - {}
RESULT: {}
COMMAND: POST /session/85842d14400d925143d12204a9eb11ff/element - {"using":"css selector","value":"#shell-header-logo"}
RESULT: {"using":"css selector","value":"#shell-header-logo"}
COMMAND: POST /session/85842d14400d925143d12204a9eb11ff/element/f.F943DB1403663130BF14B631DBCBD046.d.71C636896E4F82185E89BEC8B6F05E23.e.14210/click - {}
RESULT: {}
]]></system-out>
    </testcase>
    <testcase classname="chrome.136_0_7103_93.windows.E2E_-_Logistical_and_commercial_statuses" name="Should add a pricing rule and a condition to the RU" time="103.653">
      <system-out><![CDATA[
COMMAND: POST /session/85842d14400d925143d12204a9eb11ff/execute/async - {"script":"<script> [1562 bytes]","args":[{"selector":{"controlType":"sap.m.GenericTile","properties":{"header":"Manage Pricing Rules"}},"wdio_ui5_key":"sapm.GenericTile{\"header\":\"Manage Pricing Rules\"}"}]}
COMMAND: GET /session/85842d14400d925143d12204a9eb11ff/screenshot - {}
RESULT: {"script":"<script> [1562 bytes]","args":[{"selector":{"controlType":"sap.m.GenericTile","properties":{"header":"Manage Pricing Rules"}},"wdio_ui5_key":"sapm.GenericTile{\"header\":\"Manage Pricing Rules\"}"}]}
RESULT: undefined
COMMAND: POST /session/85842d14400d925143d12204a9eb11ff/element - {"using":"xpath","value":"//*[@id=\"__tile55\"]"}
RESULT: {}
RESULT: {"using":"xpath","value":"//*[@id=\"__tile55\"]"}
COMMAND: POST /session/85842d14400d925143d12204a9eb11ff/element/f.F943DB1403663130BF14B631DBCBD046.d.71C636896E4F82185E89BEC8B6F05E23.e.14886/click - {}
RESULT: {}
COMMAND: GET /session/85842d14400d925143d12204a9eb11ff/screenshot - {}
RESULT: {}
COMMAND: POST /session/85842d14400d925143d12204a9eb11ff/elements - {"using":"xpath","value":"//span[text()='Error']"}
RESULT: {"using":"xpath","value":"//span[text()='Error']"}
COMMAND: POST /session/85842d14400d925143d12204a9eb11ff/execute/async - {"script":"<script> [1562 bytes]","args":[{"selector":{"controlType":"sap.ui.core.Icon","viewName":"etm.portal.ui.managepricingrules.view.MasterHeader","viewId":"application-managepricingrules-display-component---priceInfoHeader","properties":{"src":{"regex":{"source":"activity\\-items"}}}},"wdio_ui5_key":"etmportal.ui.managepricingrules.view.MasterHeadersap.ui.core.Icon{\"src\":{\"regex\":{\"source\":\"activity\\\\-items\"}}}"}]}
RESULT: {"script":"<script> [1562 bytes]","args":[{"selector":{"controlType":"sap.ui.core.Icon","viewName":"etm.portal.ui.managepricingrules.view.MasterHeader","viewId":"application-managepricingrules-display-component---priceInfoHeader","properties":{"src":{"regex":{"source":"activity\\-items"}}}},"wdio_ui5_key":"etmportal.ui.managepricingrules.view.MasterHeadersap.ui.core.Icon{\"src\":{\"regex\":{\"source\":\"activity\\\\-items\"}}}"}]}
RESULT: undefined
COMMAND: POST /session/85842d14400d925143d12204a9eb11ff/element - {"using":"xpath","value":"//*[@id=\"__filter22-icon\"]"}
RESULT: {"using":"xpath","value":"//*[@id=\"__filter22-icon\"]"}
COMMAND: POST /session/85842d14400d925143d12204a9eb11ff/element/f.F943DB1403663130BF14B631DBCBD046.d.71C636896E4F82185E89BEC8B6F05E23.e.14961/click - {}
RESULT: {}
COMMAND: GET /session/85842d14400d925143d12204a9eb11ff/screenshot - {}
RESULT: {}
COMMAND: POST /session/85842d14400d925143d12204a9eb11ff/execute/async - {"script":"<script> [1562 bytes]","args":[{"selector":{"controlType":"sap.ui.core.Icon","viewName":"etm.portal.ui.managepricingrules.view.MasterItem","viewId":"application-managepricingrules-display-component---priceInfoItem","properties":{"src":{"regex":{"source":"add"}}}},"wdio_ui5_key":"etmportal.ui.managepricingrules.view.MasterItemsap.ui.core.Icon{\"src\":{\"regex\":{\"source\":\"add\"}}}"}]}
RESULT: {"script":"<script> [1562 bytes]","args":[{"selector":{"controlType":"sap.ui.core.Icon","viewName":"etm.portal.ui.managepricingrules.view.MasterItem","viewId":"application-managepricingrules-display-component---priceInfoItem","properties":{"src":{"regex":{"source":"add"}}}},"wdio_ui5_key":"etmportal.ui.managepricingrules.view.MasterItemsap.ui.core.Icon{\"src\":{\"regex\":{\"source\":\"add\"}}}"}]}
RESULT: undefined
COMMAND: POST /session/85842d14400d925143d12204a9eb11ff/element - {"using":"xpath","value":"//*[@id=\"__button73-img\"]"}
RESULT: {"using":"xpath","value":"//*[@id=\"__button73-img\"]"}
COMMAND: POST /session/85842d14400d925143d12204a9eb11ff/element/f.F943DB1403663130BF14B631DBCBD046.d.71C636896E4F82185E89BEC8B6F05E23.e.15007/click - {}
RESULT: {}
COMMAND: GET /session/85842d14400d925143d12204a9eb11ff/screenshot - {}
RESULT: {}
COMMAND: POST /session/85842d14400d925143d12204a9eb11ff/element - {"using":"xpath","value":"//input[@id=\"application-managepricingrules-display-component---newInfoPriceItem--condRU-inner\"]"}
RESULT: {"using":"xpath","value":"//input[@id=\"application-managepricingrules-display-component---newInfoPriceItem--condRU-inner\"]"}
COMMAND: POST /session/85842d14400d925143d12204a9eb11ff/element/f.F943DB1403663130BF14B631DBCBD046.d.71C636896E4F82185E89BEC8B6F05E23.e.15218/clear - {}
RESULT: {}
COMMAND: POST /session/85842d14400d925143d12204a9eb11ff/element/f.F943DB1403663130BF14B631DBCBD046.d.71C636896E4F82185E89BEC8B6F05E23.e.15218/value - {"text":"WebdriverRUR2C225j3"}
COMMAND: GET /session/85842d14400d925143d12204a9eb11ff/screenshot - {}
RESULT: {"text":"WebdriverRUR2C225j3"}
COMMAND: POST /session/85842d14400d925143d12204a9eb11ff/execute/async - {"script":"<script> [1562 bytes]","args":[{"selector":{"id":"application-managepricingrules-display-component---newInfoPriceItem--condValidTo","interaction":{"idSuffix":"inner"}},"wdio_ui5_key":"applicationmanagepricingrules-display-component---newInfoPriceItem--condValidTo"}]}
COMMAND: GET /session/85842d14400d925143d12204a9eb11ff/screenshot - {}
RESULT: {}
RESULT: {"script":"<script> [1562 bytes]","args":[{"selector":{"id":"application-managepricingrules-display-component---newInfoPriceItem--condValidTo","interaction":{"idSuffix":"inner"}},"wdio_ui5_key":"applicationmanagepricingrules-display-component---newInfoPriceItem--condValidTo"}]}
RESULT: undefined
COMMAND: POST /session/85842d14400d925143d12204a9eb11ff/execute/async - {"script":"<script> [776 bytes]","args":[{"enterText":"5/18/33","selector":{"id":"application-managepricingrules-display-component---newInfoPriceItem--condValidTo","interaction":{"idSuffix":"inner"}},"clearTextFirst":true,"interactionType":"ENTER_TEXT"}]}
RESULT: {}
RESULT: {"script":"<script> [776 bytes]","args":[{"enterText":"5/18/33","selector":{"id":"application-managepricingrules-display-component---newInfoPriceItem--condValidTo","interaction":{"idSuffix":"inner"}},"clearTextFirst":true,"interactionType":"ENTER_TEXT"}]}
COMMAND: POST /session/85842d14400d925143d12204a9eb11ff/execute/async - {"script":"<script> [1562 bytes]","args":[{"selector":{"id":"application-managepricingrules-display-component---newInfoPriceItem--billType-arrow"},"wdio_ui5_key":"applicationmanagepricingrules-display-component---newInfoPriceItem--billType-arrow"}]}
RESULT: {"script":"<script> [1562 bytes]","args":[{"selector":{"id":"application-managepricingrules-display-component---newInfoPriceItem--billType-arrow"},"wdio_ui5_key":"applicationmanagepricingrules-display-component---newInfoPriceItem--billType-arrow"}]}
RESULT: undefined
COMMAND: POST /session/85842d14400d925143d12204a9eb11ff/element - {"using":"xpath","value":"//*[@id=\"application-managepricingrules-display-component---newInfoPriceItem--billType-arrow\"]"}
RESULT: {"using":"xpath","value":"//*[@id=\"application-managepricingrules-display-component---newInfoPriceItem--billType-arrow\"]"}
COMMAND: POST /session/85842d14400d925143d12204a9eb11ff/element/f.F943DB1403663130BF14B631DBCBD046.d.71C636896E4F82185E89BEC8B6F05E23.e.15306/click - {}
RESULT: {}
COMMAND: POST /session/85842d14400d925143d12204a9eb11ff/element - {"using":"xpath","value":"//span[contains(text(), \"TB - Time based\")]"}
COMMAND: GET /session/85842d14400d925143d12204a9eb11ff/screenshot - {}
RESULT: {"using":"xpath","value":"//span[contains(text(), \"TB - Time based\")]"}
COMMAND: POST /session/85842d14400d925143d12204a9eb11ff/element/f.F943DB1403663130BF14B631DBCBD046.d.71C636896E4F82185E89BEC8B6F05E23.e.15358/click - {}
RESULT: {}
RESULT: {}
COMMAND: POST /session/85842d14400d925143d12204a9eb11ff/execute/async - {"script":"<script> [1562 bytes]","args":[{"selector":{"id":"application-managepricingrules-display-component---newInfoPriceItem--priceProc-arrow"},"wdio_ui5_key":"applicationmanagepricingrules-display-component---newInfoPriceItem--priceProc-arrow"}]}
COMMAND: GET /session/85842d14400d925143d12204a9eb11ff/screenshot - {}
RESULT: {"script":"<script> [1562 bytes]","args":[{"selector":{"id":"application-managepricingrules-display-component---newInfoPriceItem--priceProc-arrow"},"wdio_ui5_key":"applicationmanagepricingrules-display-component---newInfoPriceItem--priceProc-arrow"}]}
RESULT: undefined
COMMAND: POST /session/85842d14400d925143d12204a9eb11ff/element - {"using":"xpath","value":"//*[@id=\"application-managepricingrules-display-component---newInfoPriceItem--priceProc-arrow\"]"}
RESULT: {}
RESULT: {"using":"xpath","value":"//*[@id=\"application-managepricingrules-display-component---newInfoPriceItem--priceProc-arrow\"]"}
COMMAND: POST /session/85842d14400d925143d12204a9eb11ff/element/f.F943DB1403663130BF14B631DBCBD046.d.71C636896E4F82185E89BEC8B6F05E23.e.15313/click - {}
RESULT: {}
COMMAND: POST /session/85842d14400d925143d12204a9eb11ff/element - {"using":"xpath","value":"//span[contains(text(), \"TBS - Time based standard\")]"}
COMMAND: GET /session/85842d14400d925143d12204a9eb11ff/screenshot - {}
RESULT: {}
RESULT: {"using":"xpath","value":"//span[contains(text(), \"TBS - Time based standard\")]"}
COMMAND: POST /session/85842d14400d925143d12204a9eb11ff/element/f.F943DB1403663130BF14B631DBCBD046.d.71C636896E4F82185E89BEC8B6F05E23.e.15359/click - {}
RESULT: {}
COMMAND: POST /session/85842d14400d925143d12204a9eb11ff/execute/async - {"script":"<script> [1562 bytes]","args":[{"selector":{"id":"application-managepricingrules-display-component---newInfoPriceItem--calcBase-arrow"},"wdio_ui5_key":"applicationmanagepricingrules-display-component---newInfoPriceItem--calcBase-arrow"}]}
COMMAND: GET /session/85842d14400d925143d12204a9eb11ff/screenshot - {}
RESULT: {"script":"<script> [1562 bytes]","args":[{"selector":{"id":"application-managepricingrules-display-component---newInfoPriceItem--calcBase-arrow"},"wdio_ui5_key":"applicationmanagepricingrules-display-component---newInfoPriceItem--calcBase-arrow"}]}
RESULT: undefined
COMMAND: POST /session/85842d14400d925143d12204a9eb11ff/element - {"using":"xpath","value":"//*[@id=\"application-managepricingrules-display-component---newInfoPriceItem--calcBase-arrow\"]"}
RESULT: {}
RESULT: {"using":"xpath","value":"//*[@id=\"application-managepricingrules-display-component---newInfoPriceItem--calcBase-arrow\"]"}
COMMAND: POST /session/85842d14400d925143d12204a9eb11ff/element/f.F943DB1403663130BF14B631DBCBD046.d.71C636896E4F82185E89BEC8B6F05E23.e.15320/click - {}
RESULT: {}
COMMAND: GET /session/85842d14400d925143d12204a9eb11ff/screenshot - {}
RESULT: {}
COMMAND: POST /session/85842d14400d925143d12204a9eb11ff/element - {"using":"xpath","value":"//span[contains(text(), \"0006 - TB(calendar days)\")]"}
RESULT: {"using":"xpath","value":"//span[contains(text(), \"0006 - TB(calendar days)\")]"}
COMMAND: POST /session/85842d14400d925143d12204a9eb11ff/element/f.F943DB1403663130BF14B631DBCBD046.d.71C636896E4F82185E89BEC8B6F05E23.e.15360/click - {}
RESULT: {}
COMMAND: POST /session/85842d14400d925143d12204a9eb11ff/execute/async - {"script":"<script> [1562 bytes]","args":[{"selector":{"id":"application-managepricingrules-display-component---newInfoPriceItem--daysMonth","interaction":{"idSuffix":"inner"}},"wdio_ui5_key":"applicationmanagepricingrules-display-component---newInfoPriceItem--daysMonth"}]}
COMMAND: GET /session/85842d14400d925143d12204a9eb11ff/screenshot - {}
RESULT: {"script":"<script> [1562 bytes]","args":[{"selector":{"id":"application-managepricingrules-display-component---newInfoPriceItem--daysMonth","interaction":{"idSuffix":"inner"}},"wdio_ui5_key":"applicationmanagepricingrules-display-component---newInfoPriceItem--daysMonth"}]}
RESULT: undefined
COMMAND: POST /session/85842d14400d925143d12204a9eb11ff/execute/async - {"script":"<script> [776 bytes]","args":[{"enterText":"30","selector":{"id":"application-managepricingrules-display-component---newInfoPriceItem--daysMonth","interaction":{"idSuffix":"inner"}},"clearTextFirst":true,"interactionType":"ENTER_TEXT"}]}
RESULT: {}
RESULT: {"script":"<script> [776 bytes]","args":[{"enterText":"30","selector":{"id":"application-managepricingrules-display-component---newInfoPriceItem--daysMonth","interaction":{"idSuffix":"inner"}},"clearTextFirst":true,"interactionType":"ENTER_TEXT"}]}
COMMAND: POST /session/85842d14400d925143d12204a9eb11ff/element - {"using":"xpath","value":"//button[@data-kt=\"saveNewRuleButton\"]"}
RESULT: {"using":"xpath","value":"//button[@data-kt=\"saveNewRuleButton\"]"}
COMMAND: POST /session/85842d14400d925143d12204a9eb11ff/element/f.F943DB1403663130BF14B631DBCBD046.d.71C636896E4F82185E89BEC8B6F05E23.e.15341/click - {}
RESULT: {}
COMMAND: GET /session/85842d14400d925143d12204a9eb11ff/screenshot - {}
RESULT: {}
COMMAND: POST /session/85842d14400d925143d12204a9eb11ff/element - {"using":"css selector","value":"#shell-header-logo"}
RESULT: {"using":"css selector","value":"#shell-header-logo"}
COMMAND: POST /session/85842d14400d925143d12204a9eb11ff/element/f.F943DB1403663130BF14B631DBCBD046.d.71C636896E4F82185E89BEC8B6F05E23.e.14889/click - {}
RESULT: {}
COMMAND: GET /session/85842d14400d925143d12204a9eb11ff/screenshot - {}
RESULT: {}
COMMAND: POST /session/85842d14400d925143d12204a9eb11ff/execute/async - {"script":"<script> [1562 bytes]","args":[{"selector":{"controlType":"sap.m.Text","properties":{"text":"Manage Conditions & Prices"},"interaction":{"idSuffix":"inner"}},"wdio_ui5_key":"sapm.Text{\"text\":\"Manage Conditions & Prices\"}"}]}
RESULT: {"script":"<script> [1562 bytes]","args":[{"selector":{"controlType":"sap.m.Text","properties":{"text":"Manage Conditions & Prices"},"interaction":{"idSuffix":"inner"}},"wdio_ui5_key":"sapm.Text{\"text\":\"Manage Conditions & Prices\"}"}]}
RESULT: undefined
COMMAND: POST /session/85842d14400d925143d12204a9eb11ff/element - {"using":"xpath","value":"//*[@id=\"__tile53-title\"]"}
RESULT: {"using":"xpath","value":"//*[@id=\"__tile53-title\"]"}
COMMAND: POST /session/85842d14400d925143d12204a9eb11ff/element/f.F943DB1403663130BF14B631DBCBD046.d.71C636896E4F82185E89BEC8B6F05E23.e.15379/click - {}
RESULT: {}
COMMAND: GET /session/85842d14400d925143d12204a9eb11ff/screenshot - {}
RESULT: {}
COMMAND: POST /session/85842d14400d925143d12204a9eb11ff/element - {"using":"xpath","value":"//button[@aria-label=\"Create\"]"}
RESULT: {"using":"xpath","value":"//button[@aria-label=\"Create\"]"}
COMMAND: POST /session/85842d14400d925143d12204a9eb11ff/element/f.F943DB1403663130BF14B631DBCBD046.d.71C636896E4F82185E89BEC8B6F05E23.e.15410/click - {}
RESULT: {}
COMMAND: POST /session/85842d14400d925143d12204a9eb11ff/actions - {"actions":[{"id":"action72","type":"key","parameters":{},"actions":[{"type":"keyDown","value":"î€‡"},{"type":"pause","duration":10},{"type":"keyUp","value":"î€‡"}]}]}
COMMAND: GET /session/85842d14400d925143d12204a9eb11ff/screenshot - {}
RESULT: {"actions":[{"id":"action72","type":"key","parameters":{},"actions":[{"type":"keyDown","value":"î€‡"},{"type":"pause","duration":10},{"type":"keyUp","value":"î€‡"}]}]}
COMMAND: GET /session/85842d14400d925143d12204a9eb11ff/screenshot - {}
COMMAND: POST /session/85842d14400d925143d12204a9eb11ff/execute/async - {"script":"<script> [1562 bytes]","args":[{"selector":{"id":"application-manageconditionprice-display-component---newCondition--condBillCond-arrow"},"wdio_ui5_key":"applicationmanageconditionprice-display-component---newCondition--condBillCond-arrow"}]}
RESULT: {}
RESULT: {}
RESULT: {"script":"<script> [1562 bytes]","args":[{"selector":{"id":"application-manageconditionprice-display-component---newCondition--condBillCond-arrow"},"wdio_ui5_key":"applicationmanageconditionprice-display-component---newCondition--condBillCond-arrow"}]}
RESULT: undefined
COMMAND: POST /session/85842d14400d925143d12204a9eb11ff/element - {"using":"xpath","value":"//*[@id=\"application-manageconditionprice-display-component---newCondition--condBillCond-arrow\"]"}
RESULT: {"using":"xpath","value":"//*[@id=\"application-manageconditionprice-display-component---newCondition--condBillCond-arrow\"]"}
COMMAND: POST /session/85842d14400d925143d12204a9eb11ff/element/f.F943DB1403663130BF14B631DBCBD046.d.71C636896E4F82185E89BEC8B6F05E23.e.15880/click - {}
RESULT: {}
COMMAND: POST /session/85842d14400d925143d12204a9eb11ff/element - {"using":"xpath","value":"//span[contains(text(), \"DISP - D&I special price\")]"}
COMMAND: GET /session/85842d14400d925143d12204a9eb11ff/screenshot - {}
RESULT: {"using":"xpath","value":"//span[contains(text(), \"DISP - D&I special price\")]"}
COMMAND: POST /session/85842d14400d925143d12204a9eb11ff/element/f.F943DB1403663130BF14B631DBCBD046.d.71C636896E4F82185E89BEC8B6F05E23.e.15881/click - {}
RESULT: {}
RESULT: {}
COMMAND: POST /session/85842d14400d925143d12204a9eb11ff/execute/async - {"script":"<script> [1562 bytes]","args":[{"selector":{"id":"application-manageconditionprice-display-component---newCondition--condValidTo","interaction":{"idSuffix":"inner"}},"wdio_ui5_key":"applicationmanageconditionprice-display-component---newCondition--condValidTo"}]}
COMMAND: GET /session/85842d14400d925143d12204a9eb11ff/screenshot - {}
RESULT: {"script":"<script> [1562 bytes]","args":[{"selector":{"id":"application-manageconditionprice-display-component---newCondition--condValidTo","interaction":{"idSuffix":"inner"}},"wdio_ui5_key":"applicationmanageconditionprice-display-component---newCondition--condValidTo"}]}
RESULT: undefined
COMMAND: POST /session/85842d14400d925143d12204a9eb11ff/execute/async - {"script":"<script> [776 bytes]","args":[{"enterText":"5/11/33","selector":{"id":"application-manageconditionprice-display-component---newCondition--condValidTo","interaction":{"idSuffix":"inner"}},"clearTextFirst":true,"interactionType":"ENTER_TEXT"}]}
RESULT: {}
RESULT: {"script":"<script> [776 bytes]","args":[{"enterText":"5/11/33","selector":{"id":"application-manageconditionprice-display-component---newCondition--condValidTo","interaction":{"idSuffix":"inner"}},"clearTextFirst":true,"interactionType":"ENTER_TEXT"}]}
COMMAND: POST /session/85842d14400d925143d12204a9eb11ff/element - {"using":"xpath","value":"//input[@id=\"application-manageconditionprice-display-component---newCondition--condRU-inner\"]"}
RESULT: {"using":"xpath","value":"//input[@id=\"application-manageconditionprice-display-component---newCondition--condRU-inner\"]"}
COMMAND: POST /session/85842d14400d925143d12204a9eb11ff/element/f.F943DB1403663130BF14B631DBCBD046.d.71C636896E4F82185E89BEC8B6F05E23.e.15605/clear - {}
RESULT: {}
COMMAND: POST /session/85842d14400d925143d12204a9eb11ff/element/f.F943DB1403663130BF14B631DBCBD046.d.71C636896E4F82185E89BEC8B6F05E23.e.15605/value - {"text":"WebdriverRUR2C225j3"}
COMMAND: GET /session/85842d14400d925143d12204a9eb11ff/screenshot - {}
RESULT: {"text":"WebdriverRUR2C225j3"}
COMMAND: GET /session/85842d14400d925143d12204a9eb11ff/screenshot - {}
RESULT: {}
RESULT: {}
COMMAND: POST /session/85842d14400d925143d12204a9eb11ff/actions - {"actions":[{"id":"action73","type":"key","parameters":{},"actions":[{"type":"keyDown","value":"î€‡"},{"type":"pause","duration":10},{"type":"keyUp","value":"î€‡"}]}]}
RESULT: {"actions":[{"id":"action73","type":"key","parameters":{},"actions":[{"type":"keyDown","value":"î€‡"},{"type":"pause","duration":10},{"type":"keyUp","value":"î€‡"}]}]}
COMMAND: POST /session/85842d14400d925143d12204a9eb11ff/execute/async - {"script":"<script> [1562 bytes]","args":[{"selector":{"id":"application-manageconditionprice-display-component---newCondition--condBaseQty","interaction":{"idSuffix":"inner"}},"wdio_ui5_key":"applicationmanageconditionprice-display-component---newCondition--condBaseQty"}]}
COMMAND: GET /session/85842d14400d925143d12204a9eb11ff/screenshot - {}
RESULT: {"script":"<script> [1562 bytes]","args":[{"selector":{"id":"application-manageconditionprice-display-component---newCondition--condBaseQty","interaction":{"idSuffix":"inner"}},"wdio_ui5_key":"applicationmanageconditionprice-display-component---newCondition--condBaseQty"}]}
RESULT: undefined
COMMAND: POST /session/85842d14400d925143d12204a9eb11ff/execute/async - {"script":"<script> [776 bytes]","args":[{"enterText":"1","selector":{"id":"application-manageconditionprice-display-component---newCondition--condBaseQty","interaction":{"idSuffix":"inner"}},"clearTextFirst":true,"interactionType":"ENTER_TEXT"}]}
RESULT: {}
RESULT: {"script":"<script> [776 bytes]","args":[{"enterText":"1","selector":{"id":"application-manageconditionprice-display-component---newCondition--condBaseQty","interaction":{"idSuffix":"inner"}},"clearTextFirst":true,"interactionType":"ENTER_TEXT"}]}
COMMAND: POST /session/85842d14400d925143d12204a9eb11ff/execute/async - {"script":"<script> [1562 bytes]","args":[{"selector":{"id":"application-manageconditionprice-display-component---newCondition--condValue","interaction":{"idSuffix":"inner"}},"wdio_ui5_key":"applicationmanageconditionprice-display-component---newCondition--condValue"}]}
RESULT: {"script":"<script> [1562 bytes]","args":[{"selector":{"id":"application-manageconditionprice-display-component---newCondition--condValue","interaction":{"idSuffix":"inner"}},"wdio_ui5_key":"applicationmanageconditionprice-display-component---newCondition--condValue"}]}
RESULT: undefined
COMMAND: POST /session/85842d14400d925143d12204a9eb11ff/execute/async - {"script":"<script> [776 bytes]","args":[{"enterText":"100","selector":{"id":"application-manageconditionprice-display-component---newCondition--condValue","interaction":{"idSuffix":"inner"}},"clearTextFirst":true,"interactionType":"ENTER_TEXT"}]}
RESULT: {"script":"<script> [776 bytes]","args":[{"enterText":"100","selector":{"id":"application-manageconditionprice-display-component---newCondition--condValue","interaction":{"idSuffix":"inner"}},"clearTextFirst":true,"interactionType":"ENTER_TEXT"}]}
COMMAND: POST /session/85842d14400d925143d12204a9eb11ff/execute/async - {"script":"<script> [1562 bytes]","args":[{"selector":{"id":"application-manageconditionprice-display-component---newCondition--condCurr-arrow"},"wdio_ui5_key":"applicationmanageconditionprice-display-component---newCondition--condCurr-arrow"}]}
RESULT: {"script":"<script> [1562 bytes]","args":[{"selector":{"id":"application-manageconditionprice-display-component---newCondition--condCurr-arrow"},"wdio_ui5_key":"applicationmanageconditionprice-display-component---newCondition--condCurr-arrow"}]}
RESULT: undefined
COMMAND: POST /session/85842d14400d925143d12204a9eb11ff/element - {"using":"xpath","value":"//*[@id=\"application-manageconditionprice-display-component---newCondition--condCurr-arrow\"]"}
RESULT: {"using":"xpath","value":"//*[@id=\"application-manageconditionprice-display-component---newCondition--condCurr-arrow\"]"}
COMMAND: POST /session/85842d14400d925143d12204a9eb11ff/element/f.F943DB1403663130BF14B631DBCBD046.d.71C636896E4F82185E89BEC8B6F05E23.e.15858/click - {}
RESULT: {}
COMMAND: POST /session/85842d14400d925143d12204a9eb11ff/element - {"using":"xpath","value":"//span[contains(text(), \"Euro\")]"}
COMMAND: GET /session/85842d14400d925143d12204a9eb11ff/screenshot - {}
RESULT: {"using":"xpath","value":"//span[contains(text(), \"Euro\")]"}
COMMAND: POST /session/85842d14400d925143d12204a9eb11ff/element/f.F943DB1403663130BF14B631DBCBD046.d.71C636896E4F82185E89BEC8B6F05E23.e.15917/click - {}
RESULT: {}
RESULT: {}
COMMAND: POST /session/85842d14400d925143d12204a9eb11ff/element - {"using":"xpath","value":"//button[@data-kt=\"saveButton\"]"}
COMMAND: GET /session/85842d14400d925143d12204a9eb11ff/screenshot - {}
RESULT: {"using":"xpath","value":"//button[@data-kt=\"saveButton\"]"}
COMMAND: POST /session/85842d14400d925143d12204a9eb11ff/element/f.F943DB1403663130BF14B631DBCBD046.d.71C636896E4F82185E89BEC8B6F05E23.e.15859/click - {}
RESULT: {}
RESULT: {}
COMMAND: GET /session/85842d14400d925143d12204a9eb11ff/screenshot - {}
RESULT: {}
COMMAND: POST /session/85842d14400d925143d12204a9eb11ff/element - {"using":"css selector","value":"#shell-header-logo"}
RESULT: {"using":"css selector","value":"#shell-header-logo"}
COMMAND: POST /session/85842d14400d925143d12204a9eb11ff/element/f.F943DB1403663130BF14B631DBCBD046.d.71C636896E4F82185E89BEC8B6F05E23.e.15382/click - {}
RESULT: {}
COMMAND: GET /session/85842d14400d925143d12204a9eb11ff/screenshot - {}
RESULT: {}
]]></system-out>
    </testcase>
    <testcase classname="chrome.136_0_7103_93.windows.E2E_-_Logistical_and_commercial_statuses" name="Should create a new contract" time="64.267">
      <system-out><![CDATA[
COMMAND: POST /session/85842d14400d925143d12204a9eb11ff/execute/async - {"script":"<script> [1562 bytes]","args":[{"selector":{"controlType":"sap.m.GenericTile","properties":{"header":"Manage Contracts"}},"wdio_ui5_key":"sapm.GenericTile{\"header\":\"Manage Contracts\"}"}]}
RESULT: {"script":"<script> [1562 bytes]","args":[{"selector":{"controlType":"sap.m.GenericTile","properties":{"header":"Manage Contracts"}},"wdio_ui5_key":"sapm.GenericTile{\"header\":\"Manage Contracts\"}"}]}
RESULT: undefined
COMMAND: POST /session/85842d14400d925143d12204a9eb11ff/element - {"using":"xpath","value":"//*[@id=\"__tile130\"]"}
RESULT: {"using":"xpath","value":"//*[@id=\"__tile130\"]"}
COMMAND: POST /session/85842d14400d925143d12204a9eb11ff/element/f.F943DB1403663130BF14B631DBCBD046.d.71C636896E4F82185E89BEC8B6F05E23.e.16068/click - {}
RESULT: {}
COMMAND: GET /session/85842d14400d925143d12204a9eb11ff/screenshot - {}
RESULT: {}
COMMAND: POST /session/85842d14400d925143d12204a9eb11ff/elements - {"using":"xpath","value":"//span[text()='Error']"}
RESULT: {"using":"xpath","value":"//span[text()='Error']"}
COMMAND: POST /session/85842d14400d925143d12204a9eb11ff/element - {"using":"xpath","value":"//button[@data-kt=\"addButton\"]"}
RESULT: {"using":"xpath","value":"//button[@data-kt=\"addButton\"]"}
COMMAND: POST /session/85842d14400d925143d12204a9eb11ff/element/f.F943DB1403663130BF14B631DBCBD046.d.71C636896E4F82185E89BEC8B6F05E23.e.16120/click - {}
RESULT: {}
COMMAND: GET /session/85842d14400d925143d12204a9eb11ff/screenshot - {}
RESULT: {}
COMMAND: POST /session/85842d14400d925143d12204a9eb11ff/execute/async - {"script":"<script> [1562 bytes]","args":[{"selector":{"id":"application-managecontracts-display-component---AddNewContract--projectDescription","interaction":{"idSuffix":"inner"}},"wdio_ui5_key":"applicationmanagecontracts-display-component---AddNewContract--projectDescription"}]}
RESULT: {"script":"<script> [1562 bytes]","args":[{"selector":{"id":"application-managecontracts-display-component---AddNewContract--projectDescription","interaction":{"idSuffix":"inner"}},"wdio_ui5_key":"applicationmanagecontracts-display-component---AddNewContract--projectDescription"}]}
RESULT: undefined
COMMAND: POST /session/85842d14400d925143d12204a9eb11ff/execute/async - {"script":"<script> [776 bytes]","args":[{"enterText":"WdIOR2cy0w35k","selector":{"id":"application-managecontracts-display-component---AddNewContract--projectDescription","interaction":{"idSuffix":"inner"}},"clearTextFirst":true,"interactionType":"ENTER_TEXT"}]}
RESULT: {"script":"<script> [776 bytes]","args":[{"enterText":"WdIOR2cy0w35k","selector":{"id":"application-managecontracts-display-component---AddNewContract--projectDescription","interaction":{"idSuffix":"inner"}},"clearTextFirst":true,"interactionType":"ENTER_TEXT"}]}
COMMAND: POST /session/85842d14400d925143d12204a9eb11ff/element - {"using":"xpath","value":"//input[@id=\"application-managecontracts-display-component---AddNewContract--yardId-inner\"]"}
RESULT: {"using":"xpath","value":"//input[@id=\"application-managecontracts-display-component---AddNewContract--yardId-inner\"]"}
COMMAND: POST /session/85842d14400d925143d12204a9eb11ff/element/f.F943DB1403663130BF14B631DBCBD046.d.71C636896E4F82185E89BEC8B6F05E23.e.16423/clear - {}
RESULT: {}
COMMAND: POST /session/85842d14400d925143d12204a9eb11ff/element/f.F943DB1403663130BF14B631DBCBD046.d.71C636896E4F82185E89BEC8B6F05E23.e.16423/value - {"text":"WebdriverYardehbue"}
COMMAND: GET /session/85842d14400d925143d12204a9eb11ff/screenshot - {}
RESULT: {"text":"WebdriverYardehbue"}
COMMAND: GET /session/85842d14400d925143d12204a9eb11ff/screenshot - {}
RESULT: {}
RESULT: {}
COMMAND: POST /session/85842d14400d925143d12204a9eb11ff/actions - {"actions":[{"id":"action74","type":"key","parameters":{},"actions":[{"type":"keyDown","value":"î€‡"},{"type":"pause","duration":10},{"type":"keyUp","value":"î€‡"}]}]}
RESULT: {"actions":[{"id":"action74","type":"key","parameters":{},"actions":[{"type":"keyDown","value":"î€‡"},{"type":"pause","duration":10},{"type":"keyUp","value":"î€‡"}]}]}
COMMAND: GET /session/85842d14400d925143d12204a9eb11ff/screenshot - {}
RESULT: {}
COMMAND: POST /session/85842d14400d925143d12204a9eb11ff/element - {"using":"xpath","value":"//input[@id=\"application-managecontracts-display-component---AddNewContract--customerSelect-inner\"]"}
RESULT: {"using":"xpath","value":"//input[@id=\"application-managecontracts-display-component---AddNewContract--customerSelect-inner\"]"}
COMMAND: POST /session/85842d14400d925143d12204a9eb11ff/element/f.F943DB1403663130BF14B631DBCBD046.d.71C636896E4F82185E89BEC8B6F05E23.e.16421/clear - {}
RESULT: {}
COMMAND: POST /session/85842d14400d925143d12204a9eb11ff/element/f.F943DB1403663130BF14B631DBCBD046.d.71C636896E4F82185E89BEC8B6F05E23.e.16421/value - {"text":"WebdriverPartnerbeeh4"}
COMMAND: GET /session/85842d14400d925143d12204a9eb11ff/screenshot - {}
RESULT: {"text":"WebdriverPartnerbeeh4"}
COMMAND: GET /session/85842d14400d925143d12204a9eb11ff/screenshot - {}
RESULT: {}
RESULT: {}
COMMAND: POST /session/85842d14400d925143d12204a9eb11ff/actions - {"actions":[{"id":"action75","type":"key","parameters":{},"actions":[{"type":"keyDown","value":"î€‡"},{"type":"pause","duration":10},{"type":"keyUp","value":"î€‡"}]}]}
RESULT: {"actions":[{"id":"action75","type":"key","parameters":{},"actions":[{"type":"keyDown","value":"î€‡"},{"type":"pause","duration":10},{"type":"keyUp","value":"î€‡"}]}]}
COMMAND: GET /session/85842d14400d925143d12204a9eb11ff/screenshot - {}
RESULT: {}
COMMAND: POST /session/85842d14400d925143d12204a9eb11ff/element - {"using":"xpath","value":"//input[@id=\"application-managecontracts-display-component---AddNewContract--site-inner\"]"}
RESULT: {"using":"xpath","value":"//input[@id=\"application-managecontracts-display-component---AddNewContract--site-inner\"]"}
COMMAND: POST /session/85842d14400d925143d12204a9eb11ff/element/f.F943DB1403663130BF14B631DBCBD046.d.71C636896E4F82185E89BEC8B6F05E23.e.16422/clear - {}
RESULT: {}
COMMAND: POST /session/85842d14400d925143d12204a9eb11ff/element/f.F943DB1403663130BF14B631DBCBD046.d.71C636896E4F82185E89BEC8B6F05E23.e.16422/value - {"text":"WebdriverSitecg9kn"}
COMMAND: GET /session/85842d14400d925143d12204a9eb11ff/screenshot - {}
RESULT: {"text":"WebdriverSitecg9kn"}
COMMAND: GET /session/85842d14400d925143d12204a9eb11ff/screenshot - {}
RESULT: {}
RESULT: {}
COMMAND: POST /session/85842d14400d925143d12204a9eb11ff/actions - {"actions":[{"id":"action76","type":"key","parameters":{},"actions":[{"type":"keyDown","value":"î€‡"},{"type":"pause","duration":10},{"type":"keyUp","value":"î€‡"}]}]}
RESULT: {"actions":[{"id":"action76","type":"key","parameters":{},"actions":[{"type":"keyDown","value":"î€‡"},{"type":"pause","duration":10},{"type":"keyUp","value":"î€‡"}]}]}
COMMAND: POST /session/85842d14400d925143d12204a9eb11ff/element - {"using":"xpath","value":"//button[@data-kt=\"saveButton\"]"}
COMMAND: GET /session/85842d14400d925143d12204a9eb11ff/screenshot - {}
RESULT: {}
RESULT: {"using":"xpath","value":"//button[@data-kt=\"saveButton\"]"}
COMMAND: POST /session/85842d14400d925143d12204a9eb11ff/element/f.F943DB1403663130BF14B631DBCBD046.d.71C636896E4F82185E89BEC8B6F05E23.e.16463/click - {}
RESULT: {}
COMMAND: GET /session/85842d14400d925143d12204a9eb11ff/screenshot - {}
RESULT: {}
COMMAND: POST /session/85842d14400d925143d12204a9eb11ff/execute/async - {"script":"<script> [1562 bytes]","args":[{"selector":{"id":"contractDetailTitleNoExpanded","viewName":"etm.portal.ui.managecontracts.view.Detail"},"wdio_ui5_key":"contractDetailTitleNoExpandedetmportal.ui.managecontracts.view.Detail"}]}
RESULT: {"script":"<script> [1562 bytes]","args":[{"selector":{"id":"contractDetailTitleNoExpanded","viewName":"etm.portal.ui.managecontracts.view.Detail"},"wdio_ui5_key":"contractDetailTitleNoExpandedetmportal.ui.managecontracts.view.Detail"}]}
RESULT: undefined
COMMAND: POST /session/85842d14400d925143d12204a9eb11ff/execute/async - {"script":"<script> [6424 bytes]","args":[{"element-6066-11e4-a52e-4f735466cecf":"f.F943DB1403663130BF14B631DBCBD046.d.71C636896E4F82185E89BEC8B6F05E23.e.16534"},"getText",[]]}
RESULT: {"script":"<script> [6424 bytes]","args":[{"element-6066-11e4-a52e-4f735466cecf":"f.F943DB1403663130BF14B631DBCBD046.d.71C636896E4F82185E89BEC8B6F05E23.e.16534"},"getText",[]]}
]]></system-out>
    </testcase>
    <testcase classname="chrome.136_0_7103_93.windows.E2E_-_Logistical_and_commercial_statuses" name="Should add materialID to the contract" time="43.361">
      <system-out><![CDATA[
COMMAND: POST /session/85842d14400d925143d12204a9eb11ff/element - {"using":"xpath","value":"//button[@data-kt=\"contractDetailEditBtnButton\"]"}
RESULT: {"using":"xpath","value":"//button[@data-kt=\"contractDetailEditBtnButton\"]"}
COMMAND: POST /session/85842d14400d925143d12204a9eb11ff/element/f.F943DB1403663130BF14B631DBCBD046.d.71C636896E4F82185E89BEC8B6F05E23.e.16535/click - {}
RESULT: {}
COMMAND: GET /session/85842d14400d925143d12204a9eb11ff/screenshot - {}
RESULT: {}
COMMAND: POST /session/85842d14400d925143d12204a9eb11ff/element - {"using":"xpath","value":"(//span[contains(text(), \"Additional Addresses\")])[2]"}
RESULT: {"using":"xpath","value":"(//span[contains(text(), \"Additional Addresses\")])[2]"}
COMMAND: POST /session/85842d14400d925143d12204a9eb11ff/element/f.F943DB1403663130BF14B631DBCBD046.d.71C636896E4F82185E89BEC8B6F05E23.e.16592/click - {}
RESULT: {}
COMMAND: GET /session/85842d14400d925143d12204a9eb11ff/screenshot - {}
RESULT: {}
COMMAND: POST /session/85842d14400d925143d12204a9eb11ff/element - {"using":"xpath","value":"//button[@data-kt=\"btnAddTableRowOverflowToolbarButton\"]"}
RESULT: {"using":"xpath","value":"//button[@data-kt=\"btnAddTableRowOverflowToolbarButton\"]"}
COMMAND: POST /session/85842d14400d925143d12204a9eb11ff/element/f.F943DB1403663130BF14B631DBCBD046.d.71C636896E4F82185E89BEC8B6F05E23.e.16594/click - {}
RESULT: {}
COMMAND: GET /session/85842d14400d925143d12204a9eb11ff/screenshot - {}
RESULT: {}
COMMAND: POST /session/85842d14400d925143d12204a9eb11ff/element - {"using":"xpath","value":"//div[(text() = 'Standard Entry' or . = 'Standard Entry')]"}
RESULT: {"using":"xpath","value":"//div[(text() = 'Standard Entry' or . = 'Standard Entry')]"}
COMMAND: POST /session/85842d14400d925143d12204a9eb11ff/element/f.F943DB1403663130BF14B631DBCBD046.d.71C636896E4F82185E89BEC8B6F05E23.e.16596/click - {}
RESULT: {}
COMMAND: POST /session/85842d14400d925143d12204a9eb11ff/element - {"using":"xpath","value":"//td[6]/div/div/input[1]"}
COMMAND: GET /session/85842d14400d925143d12204a9eb11ff/screenshot - {}
RESULT: {"using":"xpath","value":"//td[6]/div/div/input[1]"}
COMMAND: POST /session/85842d14400d925143d12204a9eb11ff/element/f.F943DB1403663130BF14B631DBCBD046.d.71C636896E4F82185E89BEC8B6F05E23.e.16598/click - {}
RESULT: {}
RESULT: {}
COMMAND: POST /session/85842d14400d925143d12204a9eb11ff/actions - {"actions":[{"id":"action77","type":"key","parameters":{},"actions":[{"type":"keyDown","value":"î€ƒ"},{"type":"pause","duration":10},{"type":"keyUp","value":"î€ƒ"}]}]}
COMMAND: GET /session/85842d14400d925143d12204a9eb11ff/screenshot - {}
RESULT: {"actions":[{"id":"action77","type":"key","parameters":{},"actions":[{"type":"keyDown","value":"î€ƒ"},{"type":"pause","duration":10},{"type":"keyUp","value":"î€ƒ"}]}]}
COMMAND: POST /session/85842d14400d925143d12204a9eb11ff/element - {"using":"xpath","value":"//td[6]/div/div/input[1]"}
COMMAND: GET /session/85842d14400d925143d12204a9eb11ff/screenshot - {}
RESULT: {}
RESULT: {"using":"xpath","value":"//td[6]/div/div/input[1]"}
COMMAND: POST /session/85842d14400d925143d12204a9eb11ff/element/f.F943DB1403663130BF14B631DBCBD046.d.71C636896E4F82185E89BEC8B6F05E23.e.16598/clear - {}
RESULT: {}
RESULT: {}
COMMAND: POST /session/85842d14400d925143d12204a9eb11ff/element/f.F943DB1403663130BF14B631DBCBD046.d.71C636896E4F82185E89BEC8B6F05E23.e.16598/value - {"text":"Material"}
COMMAND: GET /session/85842d14400d925143d12204a9eb11ff/screenshot - {}
RESULT: {"text":"Material"}
COMMAND: GET /session/85842d14400d925143d12204a9eb11ff/screenshot - {}
RESULT: {}
RESULT: {}
COMMAND: POST /session/85842d14400d925143d12204a9eb11ff/actions - {"actions":[{"id":"action78","type":"key","parameters":{},"actions":[{"type":"keyDown","value":"î€‡"},{"type":"pause","duration":10},{"type":"keyUp","value":"î€‡"}]}]}
RESULT: {"actions":[{"id":"action78","type":"key","parameters":{},"actions":[{"type":"keyDown","value":"î€‡"},{"type":"pause","duration":10},{"type":"keyUp","value":"î€‡"}]}]}
COMMAND: GET /session/85842d14400d925143d12204a9eb11ff/screenshot - {}
RESULT: {}
COMMAND: POST /session/85842d14400d925143d12204a9eb11ff/actions - {"actions":[{"id":"action79","type":"key","parameters":{},"actions":[{"type":"keyDown","value":"î€‡"},{"type":"pause","duration":10},{"type":"keyUp","value":"î€‡"}]}]}
RESULT: {"actions":[{"id":"action79","type":"key","parameters":{},"actions":[{"type":"keyDown","value":"î€‡"},{"type":"pause","duration":10},{"type":"keyUp","value":"î€‡"}]}]}
COMMAND: POST /session/85842d14400d925143d12204a9eb11ff/element - {"using":"xpath","value":"//td[7]/div/div/input"}
COMMAND: GET /session/85842d14400d925143d12204a9eb11ff/screenshot - {}
RESULT: {"using":"xpath","value":"//td[7]/div/div/input"}
COMMAND: POST /session/85842d14400d925143d12204a9eb11ff/element/f.F943DB1403663130BF14B631DBCBD046.d.71C636896E4F82185E89BEC8B6F05E23.e.16611/clear - {}
RESULT: {}
RESULT: {}
COMMAND: POST /session/85842d14400d925143d12204a9eb11ff/element/f.F943DB1403663130BF14B631DBCBD046.d.71C636896E4F82185E89BEC8B6F05E23.e.16611/value - {"text":"WebdriverRUR2C225j3"}
COMMAND: GET /session/85842d14400d925143d12204a9eb11ff/screenshot - {}
RESULT: {"text":"WebdriverRUR2C225j3"}
COMMAND: GET /session/85842d14400d925143d12204a9eb11ff/screenshot - {}
RESULT: {}
RESULT: {}
COMMAND: POST /session/85842d14400d925143d12204a9eb11ff/actions - {"actions":[{"id":"action80","type":"key","parameters":{},"actions":[{"type":"keyDown","value":"î€‡"},{"type":"pause","duration":10},{"type":"keyUp","value":"î€‡"}]}]}
RESULT: {"actions":[{"id":"action80","type":"key","parameters":{},"actions":[{"type":"keyDown","value":"î€‡"},{"type":"pause","duration":10},{"type":"keyUp","value":"î€‡"}]}]}
COMMAND: GET /session/85842d14400d925143d12204a9eb11ff/screenshot - {}
RESULT: {}
COMMAND: POST /session/85842d14400d925143d12204a9eb11ff/actions - {"actions":[{"id":"action81","type":"key","parameters":{},"actions":[{"type":"keyDown","value":"î€‡"},{"type":"pause","duration":10},{"type":"keyUp","value":"î€‡"}]}]}
RESULT: {"actions":[{"id":"action81","type":"key","parameters":{},"actions":[{"type":"keyDown","value":"î€‡"},{"type":"pause","duration":10},{"type":"keyUp","value":"î€‡"}]}]}
COMMAND: GET /session/85842d14400d925143d12204a9eb11ff/screenshot - {}
RESULT: {}
COMMAND: POST /session/85842d14400d925143d12204a9eb11ff/element - {"using":"xpath","value":"(//button[@data-kt=\"saveButton\"])[2]"}
RESULT: {"using":"xpath","value":"(//button[@data-kt=\"saveButton\"])[2]"}
COMMAND: POST /session/85842d14400d925143d12204a9eb11ff/element/f.F943DB1403663130BF14B631DBCBD046.d.71C636896E4F82185E89BEC8B6F05E23.e.16634/click - {}
RESULT: {}
COMMAND: GET /session/85842d14400d925143d12204a9eb11ff/screenshot - {}
RESULT: {}
]]></system-out>
    </testcase>
    <testcase classname="chrome.136_0_7103_93.windows.E2E_-_Logistical_and_commercial_statuses" name="It should follow the handover steps to the status fully provided" time="339.85">
      <system-out><![CDATA[
COMMAND: POST /session/85842d14400d925143d12204a9eb11ff/execute/async - {"script":"<script> [1562 bytes]","args":[{"selector":{"id":"contractDetailProvideButton","viewName":"etm.portal.ui.managecontracts.view.Detail","interaction":{"idSuffix":"BDI-content"}},"wdio_ui5_key":"contractDetailProvideButtonetmportal.ui.managecontracts.view.Detail"}]}
RESULT: {"script":"<script> [1562 bytes]","args":[{"selector":{"id":"contractDetailProvideButton","viewName":"etm.portal.ui.managecontracts.view.Detail","interaction":{"idSuffix":"BDI-content"}},"wdio_ui5_key":"contractDetailProvideButtonetmportal.ui.managecontracts.view.Detail"}]}
RESULT: undefined
COMMAND: POST /session/85842d14400d925143d12204a9eb11ff/element - {"using":"xpath","value":"//*[@id=\"__xmlview61--contractDetailProvideButton\"]"}
RESULT: {"using":"xpath","value":"//*[@id=\"__xmlview61--contractDetailProvideButton\"]"}
COMMAND: POST /session/85842d14400d925143d12204a9eb11ff/element/f.F943DB1403663130BF14B631DBCBD046.d.71C636896E4F82185E89BEC8B6F05E23.e.16638/click - {}
RESULT: {}
COMMAND: GET /session/85842d14400d925143d12204a9eb11ff/screenshot - {}
RESULT: {}
COMMAND: POST /session/85842d14400d925143d12204a9eb11ff/execute/async - {"script":"<script> [1562 bytes]","args":[{"selector":{"id":"application-managehandovers-display-component---AddNewHO--oneStep","interaction":{"idSuffix":"CbBg"}},"wdio_ui5_key":"applicationmanagehandovers-display-component---AddNewHO--oneStep"}]}
RESULT: {"script":"<script> [1562 bytes]","args":[{"selector":{"id":"application-managehandovers-display-component---AddNewHO--oneStep","interaction":{"idSuffix":"CbBg"}},"wdio_ui5_key":"applicationmanagehandovers-display-component---AddNewHO--oneStep"}]}
RESULT: undefined
COMMAND: POST /session/85842d14400d925143d12204a9eb11ff/element - {"using":"xpath","value":"//*[@id=\"application-managehandovers-display-component---AddNewHO--oneStep\"]"}
RESULT: {"using":"xpath","value":"//*[@id=\"application-managehandovers-display-component---AddNewHO--oneStep\"]"}
COMMAND: POST /session/85842d14400d925143d12204a9eb11ff/element/f.F943DB1403663130BF14B631DBCBD046.d.71C636896E4F82185E89BEC8B6F05E23.e.16806/click - {}
RESULT: {}
RESULT: undefined
COMMAND: POST /session/85842d14400d925143d12204a9eb11ff/execute/async - {"script":"<script> [776 bytes]","args":[{"enterText":"05/18/25","selector":{"id":"application-managehandovers-display-component---AddNewHO--dueDate","interaction":{"idSuffix":"inner"}},"clearTextFirst":true,"interactionType":"ENTER_TEXT"}]}
COMMAND: GET /session/85842d14400d925143d12204a9eb11ff/screenshot - {}
RESULT: {"script":"<script> [776 bytes]","args":[{"enterText":"05/18/25","selector":{"id":"application-managehandovers-display-component---AddNewHO--dueDate","interaction":{"idSuffix":"inner"}},"clearTextFirst":true,"interactionType":"ENTER_TEXT"}]}
RESULT: undefined
COMMAND: POST /session/85842d14400d925143d12204a9eb11ff/element - {"using":"xpath","value":"//*[@id=\"application-managehandovers-display-component---AddNewHO--ObjectPageLayout-anchBar-application-managehandovers-display-component---AddNewHO--section4-anchor\"]"}
RESULT: {}
RESULT: {"using":"xpath","value":"//*[@id=\"application-managehandovers-display-component---AddNewHO--ObjectPageLayout-anchBar-application-managehandovers-display-component---AddNewHO--section4-anchor\"]"}
COMMAND: POST /session/85842d14400d925143d12204a9eb11ff/element/f.F943DB1403663130BF14B631DBCBD046.d.71C636896E4F82185E89BEC8B6F05E23.e.16809/click - {}
RESULT: {}
COMMAND: POST /session/85842d14400d925143d12204a9eb11ff/execute/async - {"script":"<script> [1562 bytes]","args":[{"selector":{"controlType":"sap.ui.core.Icon","viewName":"etm.portal.ui.managehandovers.view.AddNewHO","viewId":"application-managehandovers-display-component---AddNewHO","properties":{"src":{"regex":{"source":"add"}}}},"wdio_ui5_key":"etmportal.ui.managehandovers.view.AddNewHOsap.ui.core.Icon{\"src\":{\"regex\":{\"source\":\"add\"}}}"}]}
COMMAND: GET /session/85842d14400d925143d12204a9eb11ff/screenshot - {}
RESULT: {"script":"<script> [1562 bytes]","args":[{"selector":{"controlType":"sap.ui.core.Icon","viewName":"etm.portal.ui.managehandovers.view.AddNewHO","viewId":"application-managehandovers-display-component---AddNewHO","properties":{"src":{"regex":{"source":"add"}}}},"wdio_ui5_key":"etmportal.ui.managehandovers.view.AddNewHOsap.ui.core.Icon{\"src\":{\"regex\":{\"source\":\"add\"}}}"}]}
RESULT: undefined
COMMAND: POST /session/85842d14400d925143d12204a9eb11ff/element - {"using":"xpath","value":"//*[@id=\"__button166-img\"]"}
RESULT: {}
RESULT: {"using":"xpath","value":"//*[@id=\"__button166-img\"]"}
COMMAND: POST /session/85842d14400d925143d12204a9eb11ff/element/f.F943DB1403663130BF14B631DBCBD046.d.71C636896E4F82185E89BEC8B6F05E23.e.16813/click - {}
RESULT: {}
COMMAND: GET /session/85842d14400d925143d12204a9eb11ff/screenshot - {}
RESULT: {}
RESULT: undefined
COMMAND: POST /session/85842d14400d925143d12204a9eb11ff/element - {"using":"xpath","value":"//*[@id=\"application-managehandovers-display-component---AddNewHO--popup-sa\"]"}
RESULT: {"using":"xpath","value":"//*[@id=\"application-managehandovers-display-component---AddNewHO--popup-sa\"]"}
COMMAND: POST /session/85842d14400d925143d12204a9eb11ff/element/f.F943DB1403663130BF14B631DBCBD046.d.71C636896E4F82185E89BEC8B6F05E23.e.16824/click - {}
RESULT: {}
COMMAND: POST /session/85842d14400d925143d12204a9eb11ff/execute/async - {"script":"<script> [1562 bytes]","args":[{"selector":{"controlType":"sap.m.Button","viewName":"etm.portal.ui.managehandovers.view.AddNewHO","viewId":"application-managehandovers-display-component---AddNewHO","i18NText":{"propertyName":"text","key":"select"},"searchOpenDialogs":true,"interaction":{"idSuffix":"inner"}},"wdio_ui5_key":"etmportal.ui.managehandovers.view.AddNewHOsap.m.Button{\"propertyName\":\"text\",\"key\":\"select\"}"}]}
COMMAND: GET /session/85842d14400d925143d12204a9eb11ff/screenshot - {}
RESULT: {"script":"<script> [1562 bytes]","args":[{"selector":{"controlType":"sap.m.Button","viewName":"etm.portal.ui.managehandovers.view.AddNewHO","viewId":"application-managehandovers-display-component---AddNewHO","i18NText":{"propertyName":"text","key":"select"},"searchOpenDialogs":true,"interaction":{"idSuffix":"inner"}},"wdio_ui5_key":"etmportal.ui.managehandovers.view.AddNewHOsap.m.Button{\"propertyName\":\"text\",\"key\":\"select\"}"}]}
RESULT: undefined
COMMAND: POST /session/85842d14400d925143d12204a9eb11ff/element - {"using":"xpath","value":"//*[@id=\"__button169\"]"}
RESULT: {}
RESULT: {"using":"xpath","value":"//*[@id=\"__button169\"]"}
COMMAND: POST /session/85842d14400d925143d12204a9eb11ff/element/f.F943DB1403663130BF14B631DBCBD046.d.71C636896E4F82185E89BEC8B6F05E23.e.16827/click - {}
RESULT: {}
COMMAND: POST /session/85842d14400d925143d12204a9eb11ff/execute/async - {"script":"<script> [1562 bytes]","args":[{"selector":{"id":"application-managehandovers-display-component---AddNewHO--confirmCreationButton","interaction":{"idSuffix":"BDI-content"}},"wdio_ui5_key":"applicationmanagehandovers-display-component---AddNewHO--confirmCreationButton"}]}
COMMAND: GET /session/85842d14400d925143d12204a9eb11ff/screenshot - {}
RESULT: {"script":"<script> [1562 bytes]","args":[{"selector":{"id":"application-managehandovers-display-component---AddNewHO--confirmCreationButton","interaction":{"idSuffix":"BDI-content"}},"wdio_ui5_key":"applicationmanagehandovers-display-component---AddNewHO--confirmCreationButton"}]}
RESULT: undefined
COMMAND: POST /session/85842d14400d925143d12204a9eb11ff/element - {"using":"xpath","value":"//*[@id=\"application-managehandovers-display-component---AddNewHO--confirmCreationButton\"]"}
RESULT: {}
RESULT: {"using":"xpath","value":"//*[@id=\"application-managehandovers-display-component---AddNewHO--confirmCreationButton\"]"}
COMMAND: POST /session/85842d14400d925143d12204a9eb11ff/element/f.F943DB1403663130BF14B631DBCBD046.d.71C636896E4F82185E89BEC8B6F05E23.e.16771/click - {}
RESULT: {}
COMMAND: GET /session/85842d14400d925143d12204a9eb11ff/screenshot - {}
RESULT: {}
COMMAND: POST /session/85842d14400d925143d12204a9eb11ff/element - {"using":"xpath","value":"//a[contains(@data-kt ,\"GeneralSectionReceiveContracttLink\")]"}
RESULT: {"using":"xpath","value":"//a[contains(@data-kt ,\"GeneralSectionReceiveContracttLink\")]"}
COMMAND: POST /session/85842d14400d925143d12204a9eb11ff/element/f.F943DB1403663130BF14B631DBCBD046.d.71C636896E4F82185E89BEC8B6F05E23.e.16861/click - {}
RESULT: {}
COMMAND: GET /session/85842d14400d925143d12204a9eb11ff/screenshot - {}
RESULT: {}
COMMAND: POST /session/85842d14400d925143d12204a9eb11ff/element - {"using":"xpath","value":"//a[contains(@data-kt ,\"ContextMenuId2Link\")]"}
RESULT: {"using":"xpath","value":"//a[contains(@data-kt ,\"ContextMenuId2Link\")]"}
COMMAND: POST /session/85842d14400d925143d12204a9eb11ff/element/f.F943DB1403663130BF14B631DBCBD046.d.71C636896E4F82185E89BEC8B6F05E23.e.16865/click - {}
RESULT: {}
COMMAND: GET /session/85842d14400d925143d12204a9eb11ff/screenshot - {}
RESULT: {}
COMMAND: POST /session/85842d14400d925143d12204a9eb11ff/execute/async - {"script":"<script> [1562 bytes]","args":[{"selector":{"controlType":"sap.m.ObjectStatus","viewName":"etm.portal.ui.managecontracts.view.Detail","bindingPath":{"propertyPath":"LINK_TO_LOGISTICAL_STATUS/DESCRIPTION","modelName":"catalogModel"}},"wdio_ui5_key":"etmportal.ui.managecontracts.view.Detailsap.m.ObjectStatus{\"propertyPath\":\"LINK_TO_LOGISTICAL_STATUS/DESCRIPTION\",\"modelName\":\"catalogModel\"}"}]}
RESULT: {"script":"<script> [1562 bytes]","args":[{"selector":{"controlType":"sap.m.ObjectStatus","viewName":"etm.portal.ui.managecontracts.view.Detail","bindingPath":{"propertyPath":"LINK_TO_LOGISTICAL_STATUS/DESCRIPTION","modelName":"catalogModel"}},"wdio_ui5_key":"etmportal.ui.managecontracts.view.Detailsap.m.ObjectStatus{\"propertyPath\":\"LINK_TO_LOGISTICAL_STATUS/DESCRIPTION\",\"modelName\":\"catalogModel\"}"}]}
RESULT: undefined
COMMAND: POST /session/85842d14400d925143d12204a9eb11ff/execute/async - {"script":"<script> [6424 bytes]","args":[{"element-6066-11e4-a52e-4f735466cecf":"f.F943DB1403663130BF14B631DBCBD046.d.71C636896E4F82185E89BEC8B6F05E23.e.17092"},"getText",[]]}
RESULT: {"script":"<script> [6424 bytes]","args":[{"element-6066-11e4-a52e-4f735466cecf":"f.F943DB1403663130BF14B631DBCBD046.d.71C636896E4F82185E89BEC8B6F05E23.e.17092"},"getText",[]]}
COMMAND: POST /session/85842d14400d925143d12204a9eb11ff/execute/async - {"script":"<script> [1562 bytes]","args":[{"selector":{"controlType":"sap.m.ObjectStatus","viewName":"etm.portal.ui.managecontracts.view.Detail","bindingPath":{"propertyPath":"LINK_TO_COMMERCIAL_STATUS/DESCRIPTION","modelName":"catalogModel"}},"wdio_ui5_key":"etmportal.ui.managecontracts.view.Detailsap.m.ObjectStatus{\"propertyPath\":\"LINK_TO_COMMERCIAL_STATUS/DESCRIPTION\",\"modelName\":\"catalogModel\"}"}]}
RESULT: {"script":"<script> [1562 bytes]","args":[{"selector":{"controlType":"sap.m.ObjectStatus","viewName":"etm.portal.ui.managecontracts.view.Detail","bindingPath":{"propertyPath":"LINK_TO_COMMERCIAL_STATUS/DESCRIPTION","modelName":"catalogModel"}},"wdio_ui5_key":"etmportal.ui.managecontracts.view.Detailsap.m.ObjectStatus{\"propertyPath\":\"LINK_TO_COMMERCIAL_STATUS/DESCRIPTION\",\"modelName\":\"catalogModel\"}"}]}
RESULT: undefined
COMMAND: POST /session/85842d14400d925143d12204a9eb11ff/execute/async - {"script":"<script> [6424 bytes]","args":[{"element-6066-11e4-a52e-4f735466cecf":"f.F943DB1403663130BF14B631DBCBD046.d.71C636896E4F82185E89BEC8B6F05E23.e.17093"},"getText",[]]}
RESULT: {"script":"<script> [6424 bytes]","args":[{"element-6066-11e4-a52e-4f735466cecf":"f.F943DB1403663130BF14B631DBCBD046.d.71C636896E4F82185E89BEC8B6F05E23.e.17093"},"getText",[]]}
COMMAND: POST /session/85842d14400d925143d12204a9eb11ff/execute/async - {"script":"<script> [1562 bytes]","args":[{"selector":{"id":"backBtn"},"wdio_ui5_key":"backBtn"}]}
RESULT: {"script":"<script> [1562 bytes]","args":[{"selector":{"id":"backBtn"},"wdio_ui5_key":"backBtn"}]}
RESULT: undefined
COMMAND: POST /session/85842d14400d925143d12204a9eb11ff/element - {"using":"xpath","value":"//*[@id=\"backBtn\"]"}
RESULT: {"using":"xpath","value":"//*[@id=\"backBtn\"]"}
COMMAND: POST /session/85842d14400d925143d12204a9eb11ff/element/f.F943DB1403663130BF14B631DBCBD046.d.71C636896E4F82185E89BEC8B6F05E23.e.17094/click - {}
RESULT: {}
COMMAND: GET /session/85842d14400d925143d12204a9eb11ff/screenshot - {}
RESULT: {}
COMMAND: POST /session/85842d14400d925143d12204a9eb11ff/execute/async - {"script":"<script> [1562 bytes]","args":[{"selector":{"controlType":"sap.m.Text","viewName":"etm.portal.ui.managehandovers.view.DetailExecuteHO","bindingPath":{"propertyPath":"NO","modelName":"catalogModel"}},"wdio_ui5_key":"etmportal.ui.managehandovers.view.DetailExecuteHOsap.m.Text{\"propertyPath\":\"NO\",\"modelName\":\"catalogModel\"}"}]}
RESULT: {"script":"<script> [1562 bytes]","args":[{"selector":{"controlType":"sap.m.Text","viewName":"etm.portal.ui.managehandovers.view.DetailExecuteHO","bindingPath":{"propertyPath":"NO","modelName":"catalogModel"}},"wdio_ui5_key":"etmportal.ui.managehandovers.view.DetailExecuteHOsap.m.Text{\"propertyPath\":\"NO\",\"modelName\":\"catalogModel\"}"}]}
RESULT: undefined
COMMAND: POST /session/85842d14400d925143d12204a9eb11ff/execute/async - {"script":"<script> [6424 bytes]","args":[{"element-6066-11e4-a52e-4f735466cecf":"f.F943DB1403663130BF14B631DBCBD046.d.71C636896E4F82185E89BEC8B6F05E23.e.17246"},"getText",[]]}
RESULT: {"script":"<script> [6424 bytes]","args":[{"element-6066-11e4-a52e-4f735466cecf":"f.F943DB1403663130BF14B631DBCBD046.d.71C636896E4F82185E89BEC8B6F05E23.e.17246"},"getText",[]]}
COMMAND: POST /session/85842d14400d925143d12204a9eb11ff/element - {"using":"xpath","value":"//input[contains(@id ,\"issueDatePicker-inner\")]"}
RESULT: {"using":"xpath","value":"//input[contains(@id ,\"issueDatePicker-inner\")]"}
COMMAND: GET /session/85842d14400d925143d12204a9eb11ff/element/f.F943DB1403663130BF14B631DBCBD046.d.71C636896E4F82185E89BEC8B6F05E23.e.17228/property/value - {}
RESULT: {}
COMMAND: POST /session/85842d14400d925143d12204a9eb11ff/element/f.F943DB1403663130BF14B631DBCBD046.d.71C636896E4F82185E89BEC8B6F05E23.e.17228/clear - {}
COMMAND: GET /session/85842d14400d925143d12204a9eb11ff/screenshot - {}
RESULT: {}
COMMAND: POST /session/85842d14400d925143d12204a9eb11ff/element/f.F943DB1403663130BF14B631DBCBD046.d.71C636896E4F82185E89BEC8B6F05E23.e.17228/value - {"text":"05/18/25"}
COMMAND: GET /session/85842d14400d925143d12204a9eb11ff/screenshot - {}
RESULT: {}
RESULT: {"text":"05/18/25"}
COMMAND: GET /session/85842d14400d925143d12204a9eb11ff/screenshot - {}
RESULT: {}
RESULT: {}
COMMAND: POST /session/85842d14400d925143d12204a9eb11ff/execute/async - {"script":"<script> [1562 bytes]","args":[{"selector":{"controlType":"sap.m.Button","viewName":"etm.portal.ui.managehandovers.view.DetailExecuteHO","i18NText":{"propertyName":"text","key":"confirmAll"},"interaction":{"idSuffix":"inner"}},"wdio_ui5_key":"etmportal.ui.managehandovers.view.DetailExecuteHOsap.m.Button{\"propertyName\":\"text\",\"key\":\"confirmAll\"}"}]}
RESULT: {"script":"<script> [1562 bytes]","args":[{"selector":{"controlType":"sap.m.Button","viewName":"etm.portal.ui.managehandovers.view.DetailExecuteHO","i18NText":{"propertyName":"text","key":"confirmAll"},"interaction":{"idSuffix":"inner"}},"wdio_ui5_key":"etmportal.ui.managehandovers.view.DetailExecuteHOsap.m.Button{\"propertyName\":\"text\",\"key\":\"confirmAll\"}"}]}
RESULT: undefined
COMMAND: POST /session/85842d14400d925143d12204a9eb11ff/element - {"using":"xpath","value":"//*[@id=\"__button249\"]"}
RESULT: {"using":"xpath","value":"//*[@id=\"__button249\"]"}
COMMAND: POST /session/85842d14400d925143d12204a9eb11ff/element/f.F943DB1403663130BF14B631DBCBD046.d.71C636896E4F82185E89BEC8B6F05E23.e.17250/click - {}
RESULT: {}
COMMAND: GET /session/85842d14400d925143d12204a9eb11ff/screenshot - {}
RESULT: {}
COMMAND: POST /session/85842d14400d925143d12204a9eb11ff/actions - {"actions":[{"id":"action82","type":"key","parameters":{},"actions":[{"type":"keyDown","value":"î€‡"},{"type":"pause","duration":10},{"type":"keyUp","value":"î€‡"}]}]}
RESULT: {"actions":[{"id":"action82","type":"key","parameters":{},"actions":[{"type":"keyDown","value":"î€‡"},{"type":"pause","duration":10},{"type":"keyUp","value":"î€‡"}]}]}
COMMAND: GET /session/85842d14400d925143d12204a9eb11ff/screenshot - {}
RESULT: {}
RESULT: undefined
COMMAND: POST /session/85842d14400d925143d12204a9eb11ff/element - {"using":"xpath","value":"//*[@id=\"__button249\"]"}
RESULT: {"using":"xpath","value":"//*[@id=\"__button249\"]"}
COMMAND: POST /session/85842d14400d925143d12204a9eb11ff/element/f.F943DB1403663130BF14B631DBCBD046.d.71C636896E4F82185E89BEC8B6F05E23.e.17250/click - {}
RESULT: {}
COMMAND: GET /session/85842d14400d925143d12204a9eb11ff/screenshot - {}
RESULT: {}
COMMAND: POST /session/85842d14400d925143d12204a9eb11ff/execute/async - {"script":"<script> [1562 bytes]","args":[{"selector":{"controlType":"sap.m.Button","properties":{"text":"OK"},"searchOpenDialogs":true,"interaction":{"idSuffix":"content"}},"wdio_ui5_key":"sapm.Button{\"text\":\"OK\"}"}]}
RESULT: {"script":"<script> [1562 bytes]","args":[{"selector":{"controlType":"sap.m.Button","properties":{"text":"OK"},"searchOpenDialogs":true,"interaction":{"idSuffix":"content"}},"wdio_ui5_key":"sapm.Button{\"text\":\"OK\"}"}]}
RESULT: undefined
COMMAND: POST /session/85842d14400d925143d12204a9eb11ff/element - {"using":"xpath","value":"//*[@id=\"__mbox-btn-4\"]"}
RESULT: {"using":"xpath","value":"//*[@id=\"__mbox-btn-4\"]"}
COMMAND: POST /session/85842d14400d925143d12204a9eb11ff/element/f.F943DB1403663130BF14B631DBCBD046.d.71C636896E4F82185E89BEC8B6F05E23.e.17258/click - {}
RESULT: {}
COMMAND: GET /session/85842d14400d925143d12204a9eb11ff/screenshot - {}
RESULT: {}
COMMAND: POST /session/85842d14400d925143d12204a9eb11ff/element - {"using":"xpath","value":"//button[contains(@data-kt ,\"execHoPickFooterButton\")]"}
RESULT: {"using":"xpath","value":"//button[contains(@data-kt ,\"execHoPickFooterButton\")]"}
COMMAND: POST /session/85842d14400d925143d12204a9eb11ff/element/f.F943DB1403663130BF14B631DBCBD046.d.71C636896E4F82185E89BEC8B6F05E23.e.17262/click - {}
RESULT: {}
COMMAND: GET /session/85842d14400d925143d12204a9eb11ff/screenshot - {}
RESULT: {}
COMMAND: POST /session/85842d14400d925143d12204a9eb11ff/refresh - {}
RESULT: {}
COMMAND: GET /session/85842d14400d925143d12204a9eb11ff/screenshot - {}
RESULT: {}
COMMAND: POST /session/85842d14400d925143d12204a9eb11ff/refresh - {}
RESULT: {}
COMMAND: GET /session/85842d14400d925143d12204a9eb11ff/screenshot - {}
RESULT: {}
COMMAND: POST /session/85842d14400d925143d12204a9eb11ff/window/fullscreen - {}
RESULT: {}
COMMAND: POST /session/85842d14400d925143d12204a9eb11ff/execute/async - {"script":"<script> [189 bytes]","args":[]}
RESULT: {"script":"<script> [189 bytes]","args":[]}
COMMAND: POST /session/85842d14400d925143d12204a9eb11ff/execute/async - {"script":"<script> [123 bytes]","args":[]}
RESULT: {"script":"<script> [123 bytes]","args":[]}
COMMAND: POST /session/85842d14400d925143d12204a9eb11ff/timeouts - {"script":"<number>"}
RESULT: {"script":"<number>"}
COMMAND: GET /session/85842d14400d925143d12204a9eb11ff/timeouts - {}
RESULT: {}
RESULT: undefined
COMMAND: POST /session/85842d14400d925143d12204a9eb11ff/execute/async - {"script":"<script> [2676 bytes]","args":[]}
RESULT: {"script":"<script> [2676 bytes]","args":[]}
COMMAND: POST /session/85842d14400d925143d12204a9eb11ff/execute/async - {"script":"<script> [2342 bytes]","args":[{"protocol":"http","hostname":"0.0.0.0","path":"/","capabilities":{"browserName":"chrome","goog:chromeOptions":{"binary":"C:\\Program Files\\Google\\Chrome\\Application\\chrome.exe","args":["--start-maximized"]}},"logLevel":"warn","connectionRetryTimeout":120000,"connectionRetryCount":3,"logLevels":{},"enableDirectConnect":true,"strictSSL":true,"_":"65 more keys: [\"cacheDir\",\"port\",\"requestedCapabilities\",\"automationProtocol\",\"baseUrl\",\"waitforInterval\",\"waitforTimeout\",\"onReload\",\"beforeCommand\",\"afterCommand\",\"rootDir\",\"specs\",\"suites\",\"exclude\",\"groupLogsByTestSpec\",\"excludeDriverLogs\",\"bail\",\"framework\",\"reporters\",\"services\",\"maxInstances\",\"maxInstancesPerCapability\",\"injectGlobals\",\"filesToWatch\",\"execArgv\",\"runnerEnv\",\"runner\",\"shard\",\"specFileRetries\",\"specFileRetriesDelay\",\"specFileRetriesDeferred\",\"reporterSyncInterval\",\"reporterSyncTimeout\",\"cucumberFeaturesWithLineNumbers\",\"autoCompileOpts\",\"mochaOpts\",\"jasmineOpts\",\"cucumberOpts\",\"onPrepare\",\"onWorkerStart\",\"onWorkerEnd\",\"before\",\"beforeSession\",\"beforeSuite\",\"beforeHook\",\"beforeTest\",\"afterTest\",\"afterHook\",\"afterSuite\",\"afterSession\",\"after\",\"onComplete\",\"beforeAssertion\",\"afterAssertion\",\"beforeFeature\",\"beforeScenario\",\"beforeStep\",\"afterStep\",\"afterScenario\",\"afterFeature\",\"_\",\"suite\",\"$0\",\"ignoredWorkerServices\",\"wdi5\"]"}]}
RESULT: {"script":"<script> [2342 bytes]","args":[{"protocol":"http","hostname":"0.0.0.0","path":"/","capabilities":{"browserName":"chrome","goog:chromeOptions":{"binary":"C:\\Program Files\\Google\\Chrome\\Application\\chrome.exe","args":["--start-maximized"]}},"logLevel":"warn","connectionRetryTimeout":120000,"connectionRetryCount":3,"logLevels":{},"enableDirectConnect":true,"strictSSL":true,"_":"65 more keys: [\"cacheDir\",\"port\",\"requestedCapabilities\",\"automationProtocol\",\"baseUrl\",\"waitforInterval\",\"waitforTimeout\",\"onReload\",\"beforeCommand\",\"afterCommand\",\"rootDir\",\"specs\",\"suites\",\"exclude\",\"groupLogsByTestSpec\",\"excludeDriverLogs\",\"bail\",\"framework\",\"reporters\",\"services\",\"maxInstances\",\"maxInstancesPerCapability\",\"injectGlobals\",\"filesToWatch\",\"execArgv\",\"runnerEnv\",\"runner\",\"shard\",\"specFileRetries\",\"specFileRetriesDelay\",\"specFileRetriesDeferred\",\"reporterSyncInterval\",\"reporterSyncTimeout\",\"cucumberFeaturesWithLineNumbers\",\"autoCompileOpts\",\"mochaOpts\",\"jasmineOpts\",\"cucumberOpts\",\"onPrepare\",\"onWorkerStart\",\"onWorkerEnd\",\"before\",\"beforeSession\",\"beforeSuite\",\"beforeHook\",\"beforeTest\",\"afterTest\",\"afterHook\",\"afterSuite\",\"afterSession\",\"after\",\"onComplete\",\"beforeAssertion\",\"afterAssertion\",\"beforeFeature\",\"beforeScenario\",\"beforeStep\",\"afterStep\",\"afterScenario\",\"afterFeature\",\"_\",\"suite\",\"$0\",\"ignoredWorkerServices\",\"wdi5\"]"}]}
COMMAND: POST /session/85842d14400d925143d12204a9eb11ff/execute/async - {"script":"<script> [21126 bytes]","args":[35000]}
RESULT: {"script":"<script> [21126 bytes]","args":[35000]}
COMMAND: POST /session/85842d14400d925143d12204a9eb11ff/execute/async - {"script":"<script> [1562 bytes]","args":[{"selector":{"controlType":"sap.m.SearchField","viewName":"etm.portal.ui.managehandovers.view.MasterHO","bindingPath":{"path":"","propertyPath":"/_BASIC_SEARCH_FIELD","modelName":"fi1t3rM0d31"},"interaction":{"idSuffix":"I"}},"wdio_ui5_key":"etmportal.ui.managehandovers.view.MasterHOsap.m.SearchField{\"path\":\"\",\"propertyPath\":\"/_BASIC_SEARCH_FIELD\",\"modelName\":\"fi1t3rM0d31\"}"}]}
RESULT: {"script":"<script> [1562 bytes]","args":[{"selector":{"controlType":"sap.m.SearchField","viewName":"etm.portal.ui.managehandovers.view.MasterHO","bindingPath":{"path":"","propertyPath":"/_BASIC_SEARCH_FIELD","modelName":"fi1t3rM0d31"},"interaction":{"idSuffix":"I"}},"wdio_ui5_key":"etmportal.ui.managehandovers.view.MasterHOsap.m.SearchField{\"path\":\"\",\"propertyPath\":\"/_BASIC_SEARCH_FIELD\",\"modelName\":\"fi1t3rM0d31\"}"}]}
RESULT: undefined
COMMAND: POST /session/85842d14400d925143d12204a9eb11ff/execute/async - {"script":"<script> [776 bytes]","args":[{"enterText":"30710","selector":{"controlType":"sap.m.SearchField","viewName":"etm.portal.ui.managehandovers.view.MasterHO","bindingPath":{"path":"","propertyPath":"/_BASIC_SEARCH_FIELD","modelName":"fi1t3rM0d31"},"interaction":{"idSuffix":"I"}},"clearTextFirst":true,"interactionType":"ENTER_TEXT"}]}
RESULT: {"script":"<script> [776 bytes]","args":[{"enterText":"30710","selector":{"controlType":"sap.m.SearchField","viewName":"etm.portal.ui.managehandovers.view.MasterHO","bindingPath":{"path":"","propertyPath":"/_BASIC_SEARCH_FIELD","modelName":"fi1t3rM0d31"},"interaction":{"idSuffix":"I"}},"clearTextFirst":true,"interactionType":"ENTER_TEXT"}]}
COMMAND: POST /session/85842d14400d925143d12204a9eb11ff/actions - {"actions":[{"id":"action83","type":"key","parameters":{},"actions":[{"type":"keyDown","value":"î€‡"},{"type":"pause","duration":10},{"type":"keyUp","value":"î€‡"}]}]}
RESULT: {"actions":[{"id":"action83","type":"key","parameters":{},"actions":[{"type":"keyDown","value":"î€‡"},{"type":"pause","duration":10},{"type":"keyUp","value":"î€‡"}]}]}
COMMAND: GET /session/85842d14400d925143d12204a9eb11ff/screenshot - {}
RESULT: {}
COMMAND: POST /session/85842d14400d925143d12204a9eb11ff/execute/async - {"script":"<script> [1562 bytes]","args":[{"selector":{"controlType":"sap.m.Title","viewName":"etm.portal.ui.managehandovers.view.MasterHO","properties":{"text":"Records (1)"}},"wdio_ui5_key":"etmportal.ui.managehandovers.view.MasterHOsap.m.Title{\"text\":\"Records (1)\"}"}]}
RESULT: {"script":"<script> [1562 bytes]","args":[{"selector":{"controlType":"sap.m.Title","viewName":"etm.portal.ui.managehandovers.view.MasterHO","properties":{"text":"Records (1)"}},"wdio_ui5_key":"etmportal.ui.managehandovers.view.MasterHOsap.m.Title{\"text\":\"Records (1)\"}"}]}
RESULT: undefined
COMMAND: POST /session/85842d14400d925143d12204a9eb11ff/execute/async - {"script":"<script> [6424 bytes]","args":[{"element-6066-11e4-a52e-4f735466cecf":"f.F943DB1403663130BF14B631DBCBD046.d.0E511CA85A6F05D15A338E0534700219.e.17672"},"getText",[]]}
RESULT: {"script":"<script> [6424 bytes]","args":[{"element-6066-11e4-a52e-4f735466cecf":"f.F943DB1403663130BF14B631DBCBD046.d.0E511CA85A6F05D15A338E0534700219.e.17672"},"getText",[]]}
COMMAND: POST /session/85842d14400d925143d12204a9eb11ff/execute/async - {"script":"<script> [1562 bytes]","args":[{"selector":{"controlType":"sap.ui.core.Icon","viewName":"etm.portal.ui.managehandovers.view.MasterHO","properties":{"src":{"regex":{"source":"slim\\-arrow\\-right"}}}},"wdio_ui5_key":"etmportal.ui.managehandovers.view.MasterHOsap.ui.core.Icon{\"src\":{\"regex\":{\"source\":\"slim\\\\-arrow\\\\-right\"}}}"}]}
RESULT: {"script":"<script> [1562 bytes]","args":[{"selector":{"controlType":"sap.ui.core.Icon","viewName":"etm.portal.ui.managehandovers.view.MasterHO","properties":{"src":{"regex":{"source":"slim\\-arrow\\-right"}}}},"wdio_ui5_key":"etmportal.ui.managehandovers.view.MasterHOsap.ui.core.Icon{\"src\":{\"regex\":{\"source\":\"slim\\\\-arrow\\\\-right\"}}}"}]}
RESULT: undefined
COMMAND: POST /session/85842d14400d925143d12204a9eb11ff/element - {"using":"xpath","value":"//*[@id=\"__item29-__clone17-imgNav\"]"}
RESULT: {"using":"xpath","value":"//*[@id=\"__item29-__clone17-imgNav\"]"}
COMMAND: POST /session/85842d14400d925143d12204a9eb11ff/element/f.F943DB1403663130BF14B631DBCBD046.d.0E511CA85A6F05D15A338E0534700219.e.17671/click - {}
RESULT: {}
COMMAND: GET /session/85842d14400d925143d12204a9eb11ff/screenshot - {}
RESULT: {}
COMMAND: POST /session/85842d14400d925143d12204a9eb11ff/element - {"using":"xpath","value":"//a[contains(@data-kt ,\"GeneralSectionReceiveContracttLink\")]"}
RESULT: {"using":"xpath","value":"//a[contains(@data-kt ,\"GeneralSectionReceiveContracttLink\")]"}
COMMAND: POST /session/85842d14400d925143d12204a9eb11ff/element/f.F943DB1403663130BF14B631DBCBD046.d.0E511CA85A6F05D15A338E0534700219.e.17763/click - {}
RESULT: {}
COMMAND: GET /session/85842d14400d925143d12204a9eb11ff/screenshot - {}
RESULT: {}
COMMAND: POST /session/85842d14400d925143d12204a9eb11ff/element - {"using":"xpath","value":"//a[contains(@data-kt ,\"ContextMenuId2Link\")]"}
RESULT: {"using":"xpath","value":"//a[contains(@data-kt ,\"ContextMenuId2Link\")]"}
COMMAND: POST /session/85842d14400d925143d12204a9eb11ff/element/f.F943DB1403663130BF14B631DBCBD046.d.0E511CA85A6F05D15A338E0534700219.e.17766/click - {}
RESULT: {}
COMMAND: GET /session/85842d14400d925143d12204a9eb11ff/screenshot - {}
RESULT: {}
COMMAND: POST /session/85842d14400d925143d12204a9eb11ff/execute/async - {"script":"<script> [1562 bytes]","args":[{"selector":{"controlType":"sap.m.ObjectStatus","viewName":"etm.portal.ui.managecontracts.view.Detail","bindingPath":{"propertyPath":"LINK_TO_LOGISTICAL_STATUS/DESCRIPTION","modelName":"catalogModel"}},"wdio_ui5_key":"etmportal.ui.managecontracts.view.Detailsap.m.ObjectStatus{\"propertyPath\":\"LINK_TO_LOGISTICAL_STATUS/DESCRIPTION\",\"modelName\":\"catalogModel\"}"}]}
RESULT: {"script":"<script> [1562 bytes]","args":[{"selector":{"controlType":"sap.m.ObjectStatus","viewName":"etm.portal.ui.managecontracts.view.Detail","bindingPath":{"propertyPath":"LINK_TO_LOGISTICAL_STATUS/DESCRIPTION","modelName":"catalogModel"}},"wdio_ui5_key":"etmportal.ui.managecontracts.view.Detailsap.m.ObjectStatus{\"propertyPath\":\"LINK_TO_LOGISTICAL_STATUS/DESCRIPTION\",\"modelName\":\"catalogModel\"}"}]}
RESULT: undefined
COMMAND: POST /session/85842d14400d925143d12204a9eb11ff/execute/async - {"script":"<script> [6424 bytes]","args":[{"element-6066-11e4-a52e-4f735466cecf":"f.F943DB1403663130BF14B631DBCBD046.d.0E511CA85A6F05D15A338E0534700219.e.17998"},"getText",[]]}
RESULT: {"script":"<script> [6424 bytes]","args":[{"element-6066-11e4-a52e-4f735466cecf":"f.F943DB1403663130BF14B631DBCBD046.d.0E511CA85A6F05D15A338E0534700219.e.17998"},"getText",[]]}
COMMAND: POST /session/85842d14400d925143d12204a9eb11ff/execute/async - {"script":"<script> [1562 bytes]","args":[{"selector":{"controlType":"sap.m.ObjectStatus","viewName":"etm.portal.ui.managecontracts.view.Detail","bindingPath":{"propertyPath":"LINK_TO_COMMERCIAL_STATUS/DESCRIPTION","modelName":"catalogModel"}},"wdio_ui5_key":"etmportal.ui.managecontracts.view.Detailsap.m.ObjectStatus{\"propertyPath\":\"LINK_TO_COMMERCIAL_STATUS/DESCRIPTION\",\"modelName\":\"catalogModel\"}"}]}
RESULT: {"script":"<script> [1562 bytes]","args":[{"selector":{"controlType":"sap.m.ObjectStatus","viewName":"etm.portal.ui.managecontracts.view.Detail","bindingPath":{"propertyPath":"LINK_TO_COMMERCIAL_STATUS/DESCRIPTION","modelName":"catalogModel"}},"wdio_ui5_key":"etmportal.ui.managecontracts.view.Detailsap.m.ObjectStatus{\"propertyPath\":\"LINK_TO_COMMERCIAL_STATUS/DESCRIPTION\",\"modelName\":\"catalogModel\"}"}]}
RESULT: undefined
COMMAND: POST /session/85842d14400d925143d12204a9eb11ff/execute/async - {"script":"<script> [6424 bytes]","args":[{"element-6066-11e4-a52e-4f735466cecf":"f.F943DB1403663130BF14B631DBCBD046.d.0E511CA85A6F05D15A338E0534700219.e.17999"},"getText",[]]}
RESULT: {"script":"<script> [6424 bytes]","args":[{"element-6066-11e4-a52e-4f735466cecf":"f.F943DB1403663130BF14B631DBCBD046.d.0E511CA85A6F05D15A338E0534700219.e.17999"},"getText",[]]}
COMMAND: POST /session/85842d14400d925143d12204a9eb11ff/execute/async - {"script":"<script> [1562 bytes]","args":[{"selector":{"id":"backBtn"},"wdio_ui5_key":"backBtn"}]}
RESULT: {"script":"<script> [1562 bytes]","args":[{"selector":{"id":"backBtn"},"wdio_ui5_key":"backBtn"}]}
RESULT: undefined
COMMAND: POST /session/85842d14400d925143d12204a9eb11ff/element - {"using":"xpath","value":"//*[@id=\"backBtn\"]"}
RESULT: {"using":"xpath","value":"//*[@id=\"backBtn\"]"}
COMMAND: POST /session/85842d14400d925143d12204a9eb11ff/element/f.F943DB1403663130BF14B631DBCBD046.d.0E511CA85A6F05D15A338E0534700219.e.18000/click - {}
RESULT: {}
COMMAND: GET /session/85842d14400d925143d12204a9eb11ff/screenshot - {}
COMMAND: POST /session/85842d14400d925143d12204a9eb11ff/execute/async - {"script":"<script> [1562 bytes]","args":[{"selector":{"controlType":"sap.m.Button","viewName":"etm.portal.ui.managehandovers.view.DetailExecuteHO","i18NText":{"propertyName":"text","key":"confirmAll"},"interaction":{"idSuffix":"BDI-content"}},"wdio_ui5_key":"etmportal.ui.managehandovers.view.DetailExecuteHOsap.m.Button{\"propertyName\":\"text\",\"key\":\"confirmAll\"}"}]}
RESULT: {}
RESULT: {"script":"<script> [1562 bytes]","args":[{"selector":{"controlType":"sap.m.Button","viewName":"etm.portal.ui.managehandovers.view.DetailExecuteHO","i18NText":{"propertyName":"text","key":"confirmAll"},"interaction":{"idSuffix":"BDI-content"}},"wdio_ui5_key":"etmportal.ui.managehandovers.view.DetailExecuteHOsap.m.Button{\"propertyName\":\"text\",\"key\":\"confirmAll\"}"}]}
RESULT: undefined
COMMAND: POST /session/85842d14400d925143d12204a9eb11ff/element - {"using":"xpath","value":"//*[@id=\"__button81\"]"}
RESULT: {"using":"xpath","value":"//*[@id=\"__button81\"]"}
COMMAND: POST /session/85842d14400d925143d12204a9eb11ff/element/f.F943DB1403663130BF14B631DBCBD046.d.0E511CA85A6F05D15A338E0534700219.e.18142/click - {}
RESULT: {}
COMMAND: GET /session/85842d14400d925143d12204a9eb11ff/screenshot - {}
RESULT: {}
COMMAND: POST /session/85842d14400d925143d12204a9eb11ff/execute/async - {"script":"<script> [1562 bytes]","args":[{"selector":{"controlType":"sap.m.Button","properties":{"text":"OK"},"searchOpenDialogs":true,"interaction":{"idSuffix":"inner"}},"wdio_ui5_key":"sapm.Button{\"text\":\"OK\"}"}]}
RESULT: {"script":"<script> [1562 bytes]","args":[{"selector":{"controlType":"sap.m.Button","properties":{"text":"OK"},"searchOpenDialogs":true,"interaction":{"idSuffix":"inner"}},"wdio_ui5_key":"sapm.Button{\"text\":\"OK\"}"}]}
RESULT: undefined
COMMAND: POST /session/85842d14400d925143d12204a9eb11ff/element - {"using":"xpath","value":"//*[@id=\"__mbox-btn-0\"]"}
RESULT: {"using":"xpath","value":"//*[@id=\"__mbox-btn-0\"]"}
COMMAND: POST /session/85842d14400d925143d12204a9eb11ff/element/f.F943DB1403663130BF14B631DBCBD046.d.0E511CA85A6F05D15A338E0534700219.e.18143/click - {}
RESULT: {}
COMMAND: GET /session/85842d14400d925143d12204a9eb11ff/screenshot - {}
RESULT: {}
COMMAND: POST /session/85842d14400d925143d12204a9eb11ff/element - {"using":"xpath","value":"//button[contains(@data-kt ,\"execHoIssueFooterButton\")]"}
RESULT: {"using":"xpath","value":"//button[contains(@data-kt ,\"execHoIssueFooterButton\")]"}
COMMAND: POST /session/85842d14400d925143d12204a9eb11ff/element/f.F943DB1403663130BF14B631DBCBD046.d.0E511CA85A6F05D15A338E0534700219.e.18146/click - {}
RESULT: {}
COMMAND: GET /session/85842d14400d925143d12204a9eb11ff/screenshot - {}
RESULT: {}
COMMAND: POST /session/85842d14400d925143d12204a9eb11ff/refresh - {}
RESULT: {}
COMMAND: GET /session/85842d14400d925143d12204a9eb11ff/screenshot - {}
RESULT: {}
COMMAND: POST /session/85842d14400d925143d12204a9eb11ff/refresh - {}
RESULT: {}
COMMAND: GET /session/85842d14400d925143d12204a9eb11ff/screenshot - {}
RESULT: {}
COMMAND: POST /session/85842d14400d925143d12204a9eb11ff/window/fullscreen - {}
RESULT: {}
COMMAND: POST /session/85842d14400d925143d12204a9eb11ff/execute/async - {"script":"<script> [189 bytes]","args":[]}
RESULT: {"script":"<script> [189 bytes]","args":[]}
COMMAND: POST /session/85842d14400d925143d12204a9eb11ff/execute/async - {"script":"<script> [123 bytes]","args":[]}
RESULT: {"script":"<script> [123 bytes]","args":[]}
COMMAND: POST /session/85842d14400d925143d12204a9eb11ff/timeouts - {"script":"<number>"}
RESULT: {"script":"<number>"}
COMMAND: GET /session/85842d14400d925143d12204a9eb11ff/timeouts - {}
RESULT: {}
RESULT: undefined
COMMAND: POST /session/85842d14400d925143d12204a9eb11ff/execute/async - {"script":"<script> [2676 bytes]","args":[]}
RESULT: {"script":"<script> [2676 bytes]","args":[]}
COMMAND: POST /session/85842d14400d925143d12204a9eb11ff/execute/async - {"script":"<script> [2342 bytes]","args":[{"protocol":"http","hostname":"0.0.0.0","path":"/","capabilities":{"browserName":"chrome","goog:chromeOptions":{"binary":"C:\\Program Files\\Google\\Chrome\\Application\\chrome.exe","args":["--start-maximized"]}},"logLevel":"warn","connectionRetryTimeout":120000,"connectionRetryCount":3,"logLevels":{},"enableDirectConnect":true,"strictSSL":true,"_":"65 more keys: [\"cacheDir\",\"port\",\"requestedCapabilities\",\"automationProtocol\",\"baseUrl\",\"waitforInterval\",\"waitforTimeout\",\"onReload\",\"beforeCommand\",\"afterCommand\",\"rootDir\",\"specs\",\"suites\",\"exclude\",\"groupLogsByTestSpec\",\"excludeDriverLogs\",\"bail\",\"framework\",\"reporters\",\"services\",\"maxInstances\",\"maxInstancesPerCapability\",\"injectGlobals\",\"filesToWatch\",\"execArgv\",\"runnerEnv\",\"runner\",\"shard\",\"specFileRetries\",\"specFileRetriesDelay\",\"specFileRetriesDeferred\",\"reporterSyncInterval\",\"reporterSyncTimeout\",\"cucumberFeaturesWithLineNumbers\",\"autoCompileOpts\",\"mochaOpts\",\"jasmineOpts\",\"cucumberOpts\",\"onPrepare\",\"onWorkerStart\",\"onWorkerEnd\",\"before\",\"beforeSession\",\"beforeSuite\",\"beforeHook\",\"beforeTest\",\"afterTest\",\"afterHook\",\"afterSuite\",\"afterSession\",\"after\",\"onComplete\",\"beforeAssertion\",\"afterAssertion\",\"beforeFeature\",\"beforeScenario\",\"beforeStep\",\"afterStep\",\"afterScenario\",\"afterFeature\",\"_\",\"suite\",\"$0\",\"ignoredWorkerServices\",\"wdi5\"]"}]}
RESULT: {"script":"<script> [2342 bytes]","args":[{"protocol":"http","hostname":"0.0.0.0","path":"/","capabilities":{"browserName":"chrome","goog:chromeOptions":{"binary":"C:\\Program Files\\Google\\Chrome\\Application\\chrome.exe","args":["--start-maximized"]}},"logLevel":"warn","connectionRetryTimeout":120000,"connectionRetryCount":3,"logLevels":{},"enableDirectConnect":true,"strictSSL":true,"_":"65 more keys: [\"cacheDir\",\"port\",\"requestedCapabilities\",\"automationProtocol\",\"baseUrl\",\"waitforInterval\",\"waitforTimeout\",\"onReload\",\"beforeCommand\",\"afterCommand\",\"rootDir\",\"specs\",\"suites\",\"exclude\",\"groupLogsByTestSpec\",\"excludeDriverLogs\",\"bail\",\"framework\",\"reporters\",\"services\",\"maxInstances\",\"maxInstancesPerCapability\",\"injectGlobals\",\"filesToWatch\",\"execArgv\",\"runnerEnv\",\"runner\",\"shard\",\"specFileRetries\",\"specFileRetriesDelay\",\"specFileRetriesDeferred\",\"reporterSyncInterval\",\"reporterSyncTimeout\",\"cucumberFeaturesWithLineNumbers\",\"autoCompileOpts\",\"mochaOpts\",\"jasmineOpts\",\"cucumberOpts\",\"onPrepare\",\"onWorkerStart\",\"onWorkerEnd\",\"before\",\"beforeSession\",\"beforeSuite\",\"beforeHook\",\"beforeTest\",\"afterTest\",\"afterHook\",\"afterSuite\",\"afterSession\",\"after\",\"onComplete\",\"beforeAssertion\",\"afterAssertion\",\"beforeFeature\",\"beforeScenario\",\"beforeStep\",\"afterStep\",\"afterScenario\",\"afterFeature\",\"_\",\"suite\",\"$0\",\"ignoredWorkerServices\",\"wdi5\"]"}]}
COMMAND: POST /session/85842d14400d925143d12204a9eb11ff/execute/async - {"script":"<script> [21126 bytes]","args":[35000]}
RESULT: {"script":"<script> [21126 bytes]","args":[35000]}
COMMAND: POST /session/85842d14400d925143d12204a9eb11ff/execute/async - {"script":"<script> [1562 bytes]","args":[{"selector":{"controlType":"sap.m.SearchField","viewName":"etm.portal.ui.managehandovers.view.MasterHO","bindingPath":{"path":"","propertyPath":"/_BASIC_SEARCH_FIELD","modelName":"fi1t3rM0d31"},"interaction":{"idSuffix":"I"}},"wdio_ui5_key":"etmportal.ui.managehandovers.view.MasterHOsap.m.SearchField{\"path\":\"\",\"propertyPath\":\"/_BASIC_SEARCH_FIELD\",\"modelName\":\"fi1t3rM0d31\"}"}]}
RESULT: {"script":"<script> [1562 bytes]","args":[{"selector":{"controlType":"sap.m.SearchField","viewName":"etm.portal.ui.managehandovers.view.MasterHO","bindingPath":{"path":"","propertyPath":"/_BASIC_SEARCH_FIELD","modelName":"fi1t3rM0d31"},"interaction":{"idSuffix":"I"}},"wdio_ui5_key":"etmportal.ui.managehandovers.view.MasterHOsap.m.SearchField{\"path\":\"\",\"propertyPath\":\"/_BASIC_SEARCH_FIELD\",\"modelName\":\"fi1t3rM0d31\"}"}]}
RESULT: undefined
COMMAND: POST /session/85842d14400d925143d12204a9eb11ff/execute/async - {"script":"<script> [776 bytes]","args":[{"enterText":"30710","selector":{"controlType":"sap.m.SearchField","viewName":"etm.portal.ui.managehandovers.view.MasterHO","bindingPath":{"path":"","propertyPath":"/_BASIC_SEARCH_FIELD","modelName":"fi1t3rM0d31"},"interaction":{"idSuffix":"I"}},"clearTextFirst":true,"interactionType":"ENTER_TEXT"}]}
RESULT: {"script":"<script> [776 bytes]","args":[{"enterText":"30710","selector":{"controlType":"sap.m.SearchField","viewName":"etm.portal.ui.managehandovers.view.MasterHO","bindingPath":{"path":"","propertyPath":"/_BASIC_SEARCH_FIELD","modelName":"fi1t3rM0d31"},"interaction":{"idSuffix":"I"}},"clearTextFirst":true,"interactionType":"ENTER_TEXT"}]}
COMMAND: POST /session/85842d14400d925143d12204a9eb11ff/actions - {"actions":[{"id":"action84","type":"key","parameters":{},"actions":[{"type":"keyDown","value":"î€‡"},{"type":"pause","duration":10},{"type":"keyUp","value":"î€‡"}]}]}
RESULT: {"actions":[{"id":"action84","type":"key","parameters":{},"actions":[{"type":"keyDown","value":"î€‡"},{"type":"pause","duration":10},{"type":"keyUp","value":"î€‡"}]}]}
COMMAND: GET /session/85842d14400d925143d12204a9eb11ff/screenshot - {}
RESULT: {}
COMMAND: POST /session/85842d14400d925143d12204a9eb11ff/execute/async - {"script":"<script> [1562 bytes]","args":[{"selector":{"controlType":"sap.m.Title","viewName":"etm.portal.ui.managehandovers.view.MasterHO","properties":{"text":"Records (1)"}},"wdio_ui5_key":"etmportal.ui.managehandovers.view.MasterHOsap.m.Title{\"text\":\"Records (1)\"}"}]}
RESULT: {"script":"<script> [1562 bytes]","args":[{"selector":{"controlType":"sap.m.Title","viewName":"etm.portal.ui.managehandovers.view.MasterHO","properties":{"text":"Records (1)"}},"wdio_ui5_key":"etmportal.ui.managehandovers.view.MasterHOsap.m.Title{\"text\":\"Records (1)\"}"}]}
RESULT: undefined
COMMAND: POST /session/85842d14400d925143d12204a9eb11ff/execute/async - {"script":"<script> [6424 bytes]","args":[{"element-6066-11e4-a52e-4f735466cecf":"f.F943DB1403663130BF14B631DBCBD046.d.8610BE57989C88B6FB4060AC8791F209.e.18515"},"getText",[]]}
RESULT: {"script":"<script> [6424 bytes]","args":[{"element-6066-11e4-a52e-4f735466cecf":"f.F943DB1403663130BF14B631DBCBD046.d.8610BE57989C88B6FB4060AC8791F209.e.18515"},"getText",[]]}
COMMAND: POST /session/85842d14400d925143d12204a9eb11ff/execute/async - {"script":"<script> [1562 bytes]","args":[{"selector":{"controlType":"sap.ui.core.Icon","viewName":"etm.portal.ui.managehandovers.view.MasterHO","properties":{"src":{"regex":{"source":"slim\\-arrow\\-right"}}}},"wdio_ui5_key":"etmportal.ui.managehandovers.view.MasterHOsap.ui.core.Icon{\"src\":{\"regex\":{\"source\":\"slim\\\\-arrow\\\\-right\"}}}"}]}
RESULT: {"script":"<script> [1562 bytes]","args":[{"selector":{"controlType":"sap.ui.core.Icon","viewName":"etm.portal.ui.managehandovers.view.MasterHO","properties":{"src":{"regex":{"source":"slim\\-arrow\\-right"}}}},"wdio_ui5_key":"etmportal.ui.managehandovers.view.MasterHOsap.ui.core.Icon{\"src\":{\"regex\":{\"source\":\"slim\\\\-arrow\\\\-right\"}}}"}]}
RESULT: undefined
COMMAND: POST /session/85842d14400d925143d12204a9eb11ff/element - {"using":"xpath","value":"//*[@id=\"__item27-__clone17-imgNav\"]"}
RESULT: {"using":"xpath","value":"//*[@id=\"__item27-__clone17-imgNav\"]"}
COMMAND: POST /session/85842d14400d925143d12204a9eb11ff/element/f.F943DB1403663130BF14B631DBCBD046.d.8610BE57989C88B6FB4060AC8791F209.e.18514/click - {}
RESULT: {}
COMMAND: GET /session/85842d14400d925143d12204a9eb11ff/screenshot - {}
RESULT: {}
COMMAND: POST /session/85842d14400d925143d12204a9eb11ff/execute/async - {"script":"<script> [1562 bytes]","args":[{"selector":{"controlType":"sap.m.ObjectStatus","viewName":"etm.portal.ui.managehandovers.view.DetailExecuteHO","labelFor":{"text":"Status"}},"wdio_ui5_key":"etmportal.ui.managehandovers.view.DetailExecuteHOsap.m.ObjectStatus{\"text\":\"Status\"}"}]}
RESULT: {"script":"<script> [1562 bytes]","args":[{"selector":{"controlType":"sap.m.ObjectStatus","viewName":"etm.portal.ui.managehandovers.view.DetailExecuteHO","labelFor":{"text":"Status"}},"wdio_ui5_key":"etmportal.ui.managehandovers.view.DetailExecuteHOsap.m.ObjectStatus{\"text\":\"Status\"}"}]}
RESULT: undefined
COMMAND: POST /session/85842d14400d925143d12204a9eb11ff/execute/async - {"script":"<script> [6424 bytes]","args":[{"element-6066-11e4-a52e-4f735466cecf":"f.F943DB1403663130BF14B631DBCBD046.d.8610BE57989C88B6FB4060AC8791F209.e.18594"},"getText",[]]}
RESULT: {"script":"<script> [6424 bytes]","args":[{"element-6066-11e4-a52e-4f735466cecf":"f.F943DB1403663130BF14B631DBCBD046.d.8610BE57989C88B6FB4060AC8791F209.e.18594"},"getText",[]]}
COMMAND: POST /session/85842d14400d925143d12204a9eb11ff/execute/async - {"script":"<script> [1562 bytes]","args":[{"selector":{"controlType":"sap.m.Button","viewName":"etm.portal.ui.managehandovers.view.DetailExecuteHO","i18NText":{"propertyName":"text","key":"confirmAll"},"interaction":{"idSuffix":"BDI-content"}},"wdio_ui5_key":"etmportal.ui.managehandovers.view.DetailExecuteHOsap.m.Button{\"propertyName\":\"text\",\"key\":\"confirmAll\"}"}]}
RESULT: {"script":"<script> [1562 bytes]","args":[{"selector":{"controlType":"sap.m.Button","viewName":"etm.portal.ui.managehandovers.view.DetailExecuteHO","i18NText":{"propertyName":"text","key":"confirmAll"},"interaction":{"idSuffix":"BDI-content"}},"wdio_ui5_key":"etmportal.ui.managehandovers.view.DetailExecuteHOsap.m.Button{\"propertyName\":\"text\",\"key\":\"confirmAll\"}"}]}
RESULT: undefined
COMMAND: POST /session/85842d14400d925143d12204a9eb11ff/element - {"using":"xpath","value":"//*[@id=\"__button29\"]"}
RESULT: {"using":"xpath","value":"//*[@id=\"__button29\"]"}
COMMAND: POST /session/85842d14400d925143d12204a9eb11ff/element/f.F943DB1403663130BF14B631DBCBD046.d.8610BE57989C88B6FB4060AC8791F209.e.18598/click - {}
RESULT: {}
COMMAND: GET /session/85842d14400d925143d12204a9eb11ff/screenshot - {}
RESULT: {}
COMMAND: POST /session/85842d14400d925143d12204a9eb11ff/execute/async - {"script":"<script> [1562 bytes]","args":[{"selector":{"controlType":"sap.m.Button","properties":{"text":"OK"},"searchOpenDialogs":true,"interaction":{"idSuffix":"BDI-content"}},"wdio_ui5_key":"sapm.Button{\"text\":\"OK\"}"}]}
RESULT: {"script":"<script> [1562 bytes]","args":[{"selector":{"controlType":"sap.m.Button","properties":{"text":"OK"},"searchOpenDialogs":true,"interaction":{"idSuffix":"BDI-content"}},"wdio_ui5_key":"sapm.Button{\"text\":\"OK\"}"}]}
RESULT: undefined
COMMAND: POST /session/85842d14400d925143d12204a9eb11ff/element - {"using":"xpath","value":"//*[@id=\"__mbox-btn-0\"]"}
RESULT: {"using":"xpath","value":"//*[@id=\"__mbox-btn-0\"]"}
COMMAND: POST /session/85842d14400d925143d12204a9eb11ff/element/f.F943DB1403663130BF14B631DBCBD046.d.8610BE57989C88B6FB4060AC8791F209.e.18599/click - {}
RESULT: {}
COMMAND: GET /session/85842d14400d925143d12204a9eb11ff/screenshot - {}
RESULT: {}
COMMAND: POST /session/85842d14400d925143d12204a9eb11ff/element - {"using":"xpath","value":"//button[contains(@data-kt ,\"execHoReceiveFooterButton\")]"}
RESULT: {"using":"xpath","value":"//button[contains(@data-kt ,\"execHoReceiveFooterButton\")]"}
COMMAND: POST /session/85842d14400d925143d12204a9eb11ff/element/f.F943DB1403663130BF14B631DBCBD046.d.8610BE57989C88B6FB4060AC8791F209.e.18560/click - {}
RESULT: {}
COMMAND: GET /session/85842d14400d925143d12204a9eb11ff/screenshot - {}
RESULT: {}
COMMAND: POST /session/85842d14400d925143d12204a9eb11ff/refresh - {}
RESULT: {}
COMMAND: GET /session/85842d14400d925143d12204a9eb11ff/screenshot - {}
RESULT: {}
COMMAND: POST /session/85842d14400d925143d12204a9eb11ff/refresh - {}
RESULT: {}
COMMAND: GET /session/85842d14400d925143d12204a9eb11ff/screenshot - {}
RESULT: {}
COMMAND: POST /session/85842d14400d925143d12204a9eb11ff/window/fullscreen - {}
RESULT: {}
COMMAND: POST /session/85842d14400d925143d12204a9eb11ff/execute/async - {"script":"<script> [189 bytes]","args":[]}
RESULT: {"script":"<script> [189 bytes]","args":[]}
COMMAND: POST /session/85842d14400d925143d12204a9eb11ff/execute/async - {"script":"<script> [123 bytes]","args":[]}
RESULT: {"script":"<script> [123 bytes]","args":[]}
COMMAND: POST /session/85842d14400d925143d12204a9eb11ff/timeouts - {"script":"<number>"}
RESULT: {"script":"<number>"}
COMMAND: GET /session/85842d14400d925143d12204a9eb11ff/timeouts - {}
RESULT: {}
RESULT: undefined
COMMAND: POST /session/85842d14400d925143d12204a9eb11ff/execute/async - {"script":"<script> [2676 bytes]","args":[]}
RESULT: {"script":"<script> [2676 bytes]","args":[]}
COMMAND: POST /session/85842d14400d925143d12204a9eb11ff/execute/async - {"script":"<script> [2342 bytes]","args":[{"protocol":"http","hostname":"0.0.0.0","path":"/","capabilities":{"browserName":"chrome","goog:chromeOptions":{"binary":"C:\\Program Files\\Google\\Chrome\\Application\\chrome.exe","args":["--start-maximized"]}},"logLevel":"warn","connectionRetryTimeout":120000,"connectionRetryCount":3,"logLevels":{},"enableDirectConnect":true,"strictSSL":true,"_":"65 more keys: [\"cacheDir\",\"port\",\"requestedCapabilities\",\"automationProtocol\",\"baseUrl\",\"waitforInterval\",\"waitforTimeout\",\"onReload\",\"beforeCommand\",\"afterCommand\",\"rootDir\",\"specs\",\"suites\",\"exclude\",\"groupLogsByTestSpec\",\"excludeDriverLogs\",\"bail\",\"framework\",\"reporters\",\"services\",\"maxInstances\",\"maxInstancesPerCapability\",\"injectGlobals\",\"filesToWatch\",\"execArgv\",\"runnerEnv\",\"runner\",\"shard\",\"specFileRetries\",\"specFileRetriesDelay\",\"specFileRetriesDeferred\",\"reporterSyncInterval\",\"reporterSyncTimeout\",\"cucumberFeaturesWithLineNumbers\",\"autoCompileOpts\",\"mochaOpts\",\"jasmineOpts\",\"cucumberOpts\",\"onPrepare\",\"onWorkerStart\",\"onWorkerEnd\",\"before\",\"beforeSession\",\"beforeSuite\",\"beforeHook\",\"beforeTest\",\"afterTest\",\"afterHook\",\"afterSuite\",\"afterSession\",\"after\",\"onComplete\",\"beforeAssertion\",\"afterAssertion\",\"beforeFeature\",\"beforeScenario\",\"beforeStep\",\"afterStep\",\"afterScenario\",\"afterFeature\",\"_\",\"suite\",\"$0\",\"ignoredWorkerServices\",\"wdi5\"]"}]}
RESULT: {"script":"<script> [2342 bytes]","args":[{"protocol":"http","hostname":"0.0.0.0","path":"/","capabilities":{"browserName":"chrome","goog:chromeOptions":{"binary":"C:\\Program Files\\Google\\Chrome\\Application\\chrome.exe","args":["--start-maximized"]}},"logLevel":"warn","connectionRetryTimeout":120000,"connectionRetryCount":3,"logLevels":{},"enableDirectConnect":true,"strictSSL":true,"_":"65 more keys: [\"cacheDir\",\"port\",\"requestedCapabilities\",\"automationProtocol\",\"baseUrl\",\"waitforInterval\",\"waitforTimeout\",\"onReload\",\"beforeCommand\",\"afterCommand\",\"rootDir\",\"specs\",\"suites\",\"exclude\",\"groupLogsByTestSpec\",\"excludeDriverLogs\",\"bail\",\"framework\",\"reporters\",\"services\",\"maxInstances\",\"maxInstancesPerCapability\",\"injectGlobals\",\"filesToWatch\",\"execArgv\",\"runnerEnv\",\"runner\",\"shard\",\"specFileRetries\",\"specFileRetriesDelay\",\"specFileRetriesDeferred\",\"reporterSyncInterval\",\"reporterSyncTimeout\",\"cucumberFeaturesWithLineNumbers\",\"autoCompileOpts\",\"mochaOpts\",\"jasmineOpts\",\"cucumberOpts\",\"onPrepare\",\"onWorkerStart\",\"onWorkerEnd\",\"before\",\"beforeSession\",\"beforeSuite\",\"beforeHook\",\"beforeTest\",\"afterTest\",\"afterHook\",\"afterSuite\",\"afterSession\",\"after\",\"onComplete\",\"beforeAssertion\",\"afterAssertion\",\"beforeFeature\",\"beforeScenario\",\"beforeStep\",\"afterStep\",\"afterScenario\",\"afterFeature\",\"_\",\"suite\",\"$0\",\"ignoredWorkerServices\",\"wdi5\"]"}]}
COMMAND: POST /session/85842d14400d925143d12204a9eb11ff/execute/async - {"script":"<script> [21126 bytes]","args":[35000]}
RESULT: {"script":"<script> [21126 bytes]","args":[35000]}
COMMAND: POST /session/85842d14400d925143d12204a9eb11ff/execute/async - {"script":"<script> [1562 bytes]","args":[{"selector":{"controlType":"sap.m.SearchField","viewName":"etm.portal.ui.managehandovers.view.MasterHO","bindingPath":{"path":"","propertyPath":"/_BASIC_SEARCH_FIELD","modelName":"fi1t3rM0d31"},"interaction":{"idSuffix":"I"}},"wdio_ui5_key":"etmportal.ui.managehandovers.view.MasterHOsap.m.SearchField{\"path\":\"\",\"propertyPath\":\"/_BASIC_SEARCH_FIELD\",\"modelName\":\"fi1t3rM0d31\"}"}]}
RESULT: {"script":"<script> [1562 bytes]","args":[{"selector":{"controlType":"sap.m.SearchField","viewName":"etm.portal.ui.managehandovers.view.MasterHO","bindingPath":{"path":"","propertyPath":"/_BASIC_SEARCH_FIELD","modelName":"fi1t3rM0d31"},"interaction":{"idSuffix":"I"}},"wdio_ui5_key":"etmportal.ui.managehandovers.view.MasterHOsap.m.SearchField{\"path\":\"\",\"propertyPath\":\"/_BASIC_SEARCH_FIELD\",\"modelName\":\"fi1t3rM0d31\"}"}]}
RESULT: undefined
COMMAND: POST /session/85842d14400d925143d12204a9eb11ff/execute/async - {"script":"<script> [776 bytes]","args":[{"enterText":"30710","selector":{"controlType":"sap.m.SearchField","viewName":"etm.portal.ui.managehandovers.view.MasterHO","bindingPath":{"path":"","propertyPath":"/_BASIC_SEARCH_FIELD","modelName":"fi1t3rM0d31"},"interaction":{"idSuffix":"I"}},"clearTextFirst":true,"interactionType":"ENTER_TEXT"}]}
RESULT: {"script":"<script> [776 bytes]","args":[{"enterText":"30710","selector":{"controlType":"sap.m.SearchField","viewName":"etm.portal.ui.managehandovers.view.MasterHO","bindingPath":{"path":"","propertyPath":"/_BASIC_SEARCH_FIELD","modelName":"fi1t3rM0d31"},"interaction":{"idSuffix":"I"}},"clearTextFirst":true,"interactionType":"ENTER_TEXT"}]}
COMMAND: POST /session/85842d14400d925143d12204a9eb11ff/actions - {"actions":[{"id":"action85","type":"key","parameters":{},"actions":[{"type":"keyDown","value":"î€‡"},{"type":"pause","duration":10},{"type":"keyUp","value":"î€‡"}]}]}
RESULT: {"actions":[{"id":"action85","type":"key","parameters":{},"actions":[{"type":"keyDown","value":"î€‡"},{"type":"pause","duration":10},{"type":"keyUp","value":"î€‡"}]}]}
COMMAND: GET /session/85842d14400d925143d12204a9eb11ff/screenshot - {}
RESULT: {}
COMMAND: POST /session/85842d14400d925143d12204a9eb11ff/execute/async - {"script":"<script> [1562 bytes]","args":[{"selector":{"controlType":"sap.m.Title","viewName":"etm.portal.ui.managehandovers.view.MasterHO","properties":{"text":"Records (1)"}},"wdio_ui5_key":"etmportal.ui.managehandovers.view.MasterHOsap.m.Title{\"text\":\"Records (1)\"}"}]}
RESULT: {"script":"<script> [1562 bytes]","args":[{"selector":{"controlType":"sap.m.Title","viewName":"etm.portal.ui.managehandovers.view.MasterHO","properties":{"text":"Records (1)"}},"wdio_ui5_key":"etmportal.ui.managehandovers.view.MasterHOsap.m.Title{\"text\":\"Records (1)\"}"}]}
RESULT: undefined
COMMAND: POST /session/85842d14400d925143d12204a9eb11ff/execute/async - {"script":"<script> [6424 bytes]","args":[{"element-6066-11e4-a52e-4f735466cecf":"f.F943DB1403663130BF14B631DBCBD046.d.DAAD209D94C9E84FAE2E1D36290ECC92.e.18778"},"getText",[]]}
RESULT: {"script":"<script> [6424 bytes]","args":[{"element-6066-11e4-a52e-4f735466cecf":"f.F943DB1403663130BF14B631DBCBD046.d.DAAD209D94C9E84FAE2E1D36290ECC92.e.18778"},"getText",[]]}
COMMAND: POST /session/85842d14400d925143d12204a9eb11ff/execute/async - {"script":"<script> [1562 bytes]","args":[{"selector":{"controlType":"sap.ui.core.Icon","viewName":"etm.portal.ui.managehandovers.view.MasterHO","properties":{"src":{"regex":{"source":"slim\\-arrow\\-right"}}}},"wdio_ui5_key":"etmportal.ui.managehandovers.view.MasterHOsap.ui.core.Icon{\"src\":{\"regex\":{\"source\":\"slim\\\\-arrow\\\\-right\"}}}"}]}
RESULT: {"script":"<script> [1562 bytes]","args":[{"selector":{"controlType":"sap.ui.core.Icon","viewName":"etm.portal.ui.managehandovers.view.MasterHO","properties":{"src":{"regex":{"source":"slim\\-arrow\\-right"}}}},"wdio_ui5_key":"etmportal.ui.managehandovers.view.MasterHOsap.ui.core.Icon{\"src\":{\"regex\":{\"source\":\"slim\\\\-arrow\\\\-right\"}}}"}]}
RESULT: undefined
COMMAND: POST /session/85842d14400d925143d12204a9eb11ff/element - {"using":"xpath","value":"//*[@id=\"__item29-__clone17-imgNav\"]"}
RESULT: {"using":"xpath","value":"//*[@id=\"__item29-__clone17-imgNav\"]"}
COMMAND: POST /session/85842d14400d925143d12204a9eb11ff/element/f.F943DB1403663130BF14B631DBCBD046.d.DAAD209D94C9E84FAE2E1D36290ECC92.e.18777/click - {}
RESULT: {}
COMMAND: GET /session/85842d14400d925143d12204a9eb11ff/screenshot - {}
RESULT: {}
COMMAND: POST /session/85842d14400d925143d12204a9eb11ff/execute/async - {"script":"<script> [1562 bytes]","args":[{"selector":{"controlType":"sap.m.ObjectStatus","viewName":"etm.portal.ui.managehandovers.view.DetailManageHO","viewId":"application-managehandovers-display-component---detailManageHO","labelFor":{"text":"Status"}},"wdio_ui5_key":"etmportal.ui.managehandovers.view.DetailManageHOsap.m.ObjectStatus{\"text\":\"Status\"}"}]}
RESULT: {"script":"<script> [1562 bytes]","args":[{"selector":{"controlType":"sap.m.ObjectStatus","viewName":"etm.portal.ui.managehandovers.view.DetailManageHO","viewId":"application-managehandovers-display-component---detailManageHO","labelFor":{"text":"Status"}},"wdio_ui5_key":"etmportal.ui.managehandovers.view.DetailManageHOsap.m.ObjectStatus{\"text\":\"Status\"}"}]}
RESULT: undefined
COMMAND: POST /session/85842d14400d925143d12204a9eb11ff/execute/async - {"script":"<script> [6424 bytes]","args":[{"element-6066-11e4-a52e-4f735466cecf":"f.F943DB1403663130BF14B631DBCBD046.d.DAAD209D94C9E84FAE2E1D36290ECC92.e.18864"},"getText",[]]}
RESULT: {"script":"<script> [6424 bytes]","args":[{"element-6066-11e4-a52e-4f735466cecf":"f.F943DB1403663130BF14B631DBCBD046.d.DAAD209D94C9E84FAE2E1D36290ECC92.e.18864"},"getText",[]]}
COMMAND: POST /session/85842d14400d925143d12204a9eb11ff/element - {"using":"xpath","value":"//a[contains(@data-kt ,\"GeneralSectionReceiveContracttLink\")]"}
RESULT: {"using":"xpath","value":"//a[contains(@data-kt ,\"GeneralSectionReceiveContracttLink\")]"}
COMMAND: POST /session/85842d14400d925143d12204a9eb11ff/element/f.F943DB1403663130BF14B631DBCBD046.d.DAAD209D94C9E84FAE2E1D36290ECC92.e.18865/click - {}
RESULT: {}
COMMAND: GET /session/85842d14400d925143d12204a9eb11ff/screenshot - {}
RESULT: {}
COMMAND: POST /session/85842d14400d925143d12204a9eb11ff/element - {"using":"xpath","value":"//a[contains(@data-kt ,\"ContextMenuId2Link\")]"}
RESULT: {"using":"xpath","value":"//a[contains(@data-kt ,\"ContextMenuId2Link\")]"}
COMMAND: POST /session/85842d14400d925143d12204a9eb11ff/element/f.F943DB1403663130BF14B631DBCBD046.d.DAAD209D94C9E84FAE2E1D36290ECC92.e.18868/click - {}
RESULT: {}
COMMAND: GET /session/85842d14400d925143d12204a9eb11ff/screenshot - {}
RESULT: {}
COMMAND: POST /session/85842d14400d925143d12204a9eb11ff/execute/async - {"script":"<script> [1562 bytes]","args":[{"selector":{"controlType":"sap.m.ObjectStatus","viewName":"etm.portal.ui.managecontracts.view.Detail","bindingPath":{"propertyPath":"LINK_TO_LOGISTICAL_STATUS/DESCRIPTION","modelName":"catalogModel"}},"wdio_ui5_key":"etmportal.ui.managecontracts.view.Detailsap.m.ObjectStatus{\"propertyPath\":\"LINK_TO_LOGISTICAL_STATUS/DESCRIPTION\",\"modelName\":\"catalogModel\"}"}]}
RESULT: {"script":"<script> [1562 bytes]","args":[{"selector":{"controlType":"sap.m.ObjectStatus","viewName":"etm.portal.ui.managecontracts.view.Detail","bindingPath":{"propertyPath":"LINK_TO_LOGISTICAL_STATUS/DESCRIPTION","modelName":"catalogModel"}},"wdio_ui5_key":"etmportal.ui.managecontracts.view.Detailsap.m.ObjectStatus{\"propertyPath\":\"LINK_TO_LOGISTICAL_STATUS/DESCRIPTION\",\"modelName\":\"catalogModel\"}"}]}
RESULT: undefined
COMMAND: POST /session/85842d14400d925143d12204a9eb11ff/execute/async - {"script":"<script> [6424 bytes]","args":[{"element-6066-11e4-a52e-4f735466cecf":"f.F943DB1403663130BF14B631DBCBD046.d.DAAD209D94C9E84FAE2E1D36290ECC92.e.19103"},"getText",[]]}
RESULT: {"script":"<script> [6424 bytes]","args":[{"element-6066-11e4-a52e-4f735466cecf":"f.F943DB1403663130BF14B631DBCBD046.d.DAAD209D94C9E84FAE2E1D36290ECC92.e.19103"},"getText",[]]}
COMMAND: POST /session/85842d14400d925143d12204a9eb11ff/execute/async - {"script":"<script> [1562 bytes]","args":[{"selector":{"controlType":"sap.m.ObjectStatus","viewName":"etm.portal.ui.managecontracts.view.Detail","bindingPath":{"propertyPath":"LINK_TO_COMMERCIAL_STATUS/DESCRIPTION","modelName":"catalogModel"}},"wdio_ui5_key":"etmportal.ui.managecontracts.view.Detailsap.m.ObjectStatus{\"propertyPath\":\"LINK_TO_COMMERCIAL_STATUS/DESCRIPTION\",\"modelName\":\"catalogModel\"}"}]}
RESULT: {"script":"<script> [1562 bytes]","args":[{"selector":{"controlType":"sap.m.ObjectStatus","viewName":"etm.portal.ui.managecontracts.view.Detail","bindingPath":{"propertyPath":"LINK_TO_COMMERCIAL_STATUS/DESCRIPTION","modelName":"catalogModel"}},"wdio_ui5_key":"etmportal.ui.managecontracts.view.Detailsap.m.ObjectStatus{\"propertyPath\":\"LINK_TO_COMMERCIAL_STATUS/DESCRIPTION\",\"modelName\":\"catalogModel\"}"}]}
RESULT: undefined
COMMAND: POST /session/85842d14400d925143d12204a9eb11ff/execute/async - {"script":"<script> [6424 bytes]","args":[{"element-6066-11e4-a52e-4f735466cecf":"f.F943DB1403663130BF14B631DBCBD046.d.DAAD209D94C9E84FAE2E1D36290ECC92.e.19104"},"getText",[]]}
RESULT: {"script":"<script> [6424 bytes]","args":[{"element-6066-11e4-a52e-4f735466cecf":"f.F943DB1403663130BF14B631DBCBD046.d.DAAD209D94C9E84FAE2E1D36290ECC92.e.19104"},"getText",[]]}
]]></system-out>
    </testcase>
    <testcase classname="chrome.136_0_7103_93.windows.E2E_-_Logistical_and_commercial_statuses" name="It should follow the handover steps to the status fully returned" time="215.069">
      <system-out><![CDATA[
COMMAND: POST /session/85842d14400d925143d12204a9eb11ff/execute/async - {"script":"<script> [1562 bytes]","args":[{"selector":{"id":"contractDetailReturnButton","viewName":"etm.portal.ui.managecontracts.view.Detail","interaction":{"idSuffix":"BDI-content"}},"wdio_ui5_key":"contractDetailReturnButtonetmportal.ui.managecontracts.view.Detail"}]}
RESULT: {"script":"<script> [1562 bytes]","args":[{"selector":{"id":"contractDetailReturnButton","viewName":"etm.portal.ui.managecontracts.view.Detail","interaction":{"idSuffix":"BDI-content"}},"wdio_ui5_key":"contractDetailReturnButtonetmportal.ui.managecontracts.view.Detail"}]}
RESULT: undefined
COMMAND: POST /session/85842d14400d925143d12204a9eb11ff/element - {"using":"xpath","value":"//*[@id=\"__xmlview2--contractDetailReturnButton\"]"}
RESULT: {"using":"xpath","value":"//*[@id=\"__xmlview2--contractDetailReturnButton\"]"}
COMMAND: POST /session/85842d14400d925143d12204a9eb11ff/element/f.F943DB1403663130BF14B631DBCBD046.d.DAAD209D94C9E84FAE2E1D36290ECC92.e.18970/click - {}
RESULT: {}
COMMAND: POST /session/85842d14400d925143d12204a9eb11ff/execute/async - {"script":"<script> [1562 bytes]","args":[{"selector":{"id":"application-managehandovers-display-component---AddNewHO--dueDate","interaction":{"idSuffix":"inner"}},"wdio_ui5_key":"applicationmanagehandovers-display-component---AddNewHO--dueDate"}]}
COMMAND: GET /session/85842d14400d925143d12204a9eb11ff/screenshot - {}
RESULT: {"script":"<script> [1562 bytes]","args":[{"selector":{"id":"application-managehandovers-display-component---AddNewHO--dueDate","interaction":{"idSuffix":"inner"}},"wdio_ui5_key":"applicationmanagehandovers-display-component---AddNewHO--dueDate"}]}
RESULT: undefined
COMMAND: POST /session/85842d14400d925143d12204a9eb11ff/execute/async - {"script":"<script> [776 bytes]","args":[{"enterText":"05/18/25","selector":{"id":"application-managehandovers-display-component---AddNewHO--dueDate","interaction":{"idSuffix":"inner"}},"clearTextFirst":true,"interactionType":"ENTER_TEXT"}]}
RESULT: {}
RESULT: {"script":"<script> [776 bytes]","args":[{"enterText":"05/18/25","selector":{"id":"application-managehandovers-display-component---AddNewHO--dueDate","interaction":{"idSuffix":"inner"}},"clearTextFirst":true,"interactionType":"ENTER_TEXT"}]}
COMMAND: POST /session/85842d14400d925143d12204a9eb11ff/element - {"using":"xpath","value":"//bdi[contains(@id ,\"application-managehandovers-display-component---AddNewHO--ObjectPageLayout-anchBar-application-managehandovers-display-component---AddNewHO--section4-anchor-BDI-content\")]"}
RESULT: {"using":"xpath","value":"//bdi[contains(@id ,\"application-managehandovers-display-component---AddNewHO--ObjectPageLayout-anchBar-application-managehandovers-display-component---AddNewHO--section4-anchor-BDI-content\")]"}
COMMAND: POST /session/85842d14400d925143d12204a9eb11ff/element/f.F943DB1403663130BF14B631DBCBD046.d.DAAD209D94C9E84FAE2E1D36290ECC92.e.19413/click - {}
RESULT: {}
COMMAND: GET /session/85842d14400d925143d12204a9eb11ff/screenshot - {}
RESULT: {}
COMMAND: POST /session/85842d14400d925143d12204a9eb11ff/element - {"using":"xpath","value":"//button[contains(@data-kt ,\"AddNewHOProvideAddItemsButton\")]"}
RESULT: {"using":"xpath","value":"//button[contains(@data-kt ,\"AddNewHOProvideAddItemsButton\")]"}
COMMAND: POST /session/85842d14400d925143d12204a9eb11ff/element/f.F943DB1403663130BF14B631DBCBD046.d.DAAD209D94C9E84FAE2E1D36290ECC92.e.19219/click - {}
RESULT: {}
COMMAND: GET /session/85842d14400d925143d12204a9eb11ff/screenshot - {}
RESULT: {}
COMMAND: POST /session/85842d14400d925143d12204a9eb11ff/execute/async - {"script":"<script> [1562 bytes]","args":[{"selector":{"id":"application-managehandovers-display-component---AddNewHO--popup-sa","searchOpenDialogs":true,"interaction":{"idSuffix":"CbBg"}},"wdio_ui5_key":"applicationmanagehandovers-display-component---AddNewHO--popup-sa"}]}
RESULT: {"script":"<script> [1562 bytes]","args":[{"selector":{"id":"application-managehandovers-display-component---AddNewHO--popup-sa","searchOpenDialogs":true,"interaction":{"idSuffix":"CbBg"}},"wdio_ui5_key":"applicationmanagehandovers-display-component---AddNewHO--popup-sa"}]}
RESULT: undefined
COMMAND: POST /session/85842d14400d925143d12204a9eb11ff/element - {"using":"xpath","value":"//*[@id=\"application-managehandovers-display-component---AddNewHO--popup-sa\"]"}
RESULT: {"using":"xpath","value":"//*[@id=\"application-managehandovers-display-component---AddNewHO--popup-sa\"]"}
COMMAND: POST /session/85842d14400d925143d12204a9eb11ff/element/f.F943DB1403663130BF14B631DBCBD046.d.DAAD209D94C9E84FAE2E1D36290ECC92.e.19427/click - {}
RESULT: {}
COMMAND: POST /session/85842d14400d925143d12204a9eb11ff/execute/async - {"script":"<script> [1562 bytes]","args":[{"selector":{"controlType":"sap.m.Button","viewName":"etm.portal.ui.managehandovers.view.AddNewHO","viewId":"application-managehandovers-display-component---AddNewHO","i18NText":{"propertyName":"text","key":"select"},"searchOpenDialogs":true,"interaction":{"idSuffix":"BDI-content"}},"wdio_ui5_key":"etmportal.ui.managehandovers.view.AddNewHOsap.m.Button{\"propertyName\":\"text\",\"key\":\"select\"}"}]}
COMMAND: GET /session/85842d14400d925143d12204a9eb11ff/screenshot - {}
RESULT: {"script":"<script> [1562 bytes]","args":[{"selector":{"controlType":"sap.m.Button","viewName":"etm.portal.ui.managehandovers.view.AddNewHO","viewId":"application-managehandovers-display-component---AddNewHO","i18NText":{"propertyName":"text","key":"select"},"searchOpenDialogs":true,"interaction":{"idSuffix":"BDI-content"}},"wdio_ui5_key":"etmportal.ui.managehandovers.view.AddNewHOsap.m.Button{\"propertyName\":\"text\",\"key\":\"select\"}"}]}
RESULT: undefined
COMMAND: POST /session/85842d14400d925143d12204a9eb11ff/element - {"using":"xpath","value":"//*[@id=\"__button56\"]"}
RESULT: {}
RESULT: {"using":"xpath","value":"//*[@id=\"__button56\"]"}
COMMAND: POST /session/85842d14400d925143d12204a9eb11ff/element/f.F943DB1403663130BF14B631DBCBD046.d.DAAD209D94C9E84FAE2E1D36290ECC92.e.19430/click - {}
RESULT: {}
COMMAND: GET /session/85842d14400d925143d12204a9eb11ff/screenshot - {}
RESULT: {}
COMMAND: POST /session/85842d14400d925143d12204a9eb11ff/execute/async - {"script":"<script> [1562 bytes]","args":[{"selector":{"id":"application-managehandovers-display-component---AddNewHO--confirmCreationButton","interaction":{"idSuffix":"BDI-content"}},"wdio_ui5_key":"applicationmanagehandovers-display-component---AddNewHO--confirmCreationButton"}]}
RESULT: {"script":"<script> [1562 bytes]","args":[{"selector":{"id":"application-managehandovers-display-component---AddNewHO--confirmCreationButton","interaction":{"idSuffix":"BDI-content"}},"wdio_ui5_key":"applicationmanagehandovers-display-component---AddNewHO--confirmCreationButton"}]}
RESULT: undefined
COMMAND: POST /session/85842d14400d925143d12204a9eb11ff/element - {"using":"xpath","value":"//*[@id=\"application-managehandovers-display-component---AddNewHO--confirmCreationButton\"]"}
RESULT: {"using":"xpath","value":"//*[@id=\"application-managehandovers-display-component---AddNewHO--confirmCreationButton\"]"}
COMMAND: POST /session/85842d14400d925143d12204a9eb11ff/element/f.F943DB1403663130BF14B631DBCBD046.d.DAAD209D94C9E84FAE2E1D36290ECC92.e.19226/click - {}
RESULT: {}
COMMAND: GET /session/85842d14400d925143d12204a9eb11ff/screenshot - {}
RESULT: {}
COMMAND: POST /session/85842d14400d925143d12204a9eb11ff/execute/async - {"script":"<script> [1562 bytes]","args":[{"selector":{"controlType":"sap.m.Text","viewName":"etm.portal.ui.managehandovers.view.DetailExecuteHO","bindingPath":{"propertyPath":"NO","modelName":"catalogModel"}},"wdio_ui5_key":"etmportal.ui.managehandovers.view.DetailExecuteHOsap.m.Text{\"propertyPath\":\"NO\",\"modelName\":\"catalogModel\"}"}]}
RESULT: {"script":"<script> [1562 bytes]","args":[{"selector":{"controlType":"sap.m.Text","viewName":"etm.portal.ui.managehandovers.view.DetailExecuteHO","bindingPath":{"propertyPath":"NO","modelName":"catalogModel"}},"wdio_ui5_key":"etmportal.ui.managehandovers.view.DetailExecuteHOsap.m.Text{\"propertyPath\":\"NO\",\"modelName\":\"catalogModel\"}"}]}
RESULT: undefined
COMMAND: POST /session/85842d14400d925143d12204a9eb11ff/execute/async - {"script":"<script> [6424 bytes]","args":[{"element-6066-11e4-a52e-4f735466cecf":"f.F943DB1403663130BF14B631DBCBD046.d.DAAD209D94C9E84FAE2E1D36290ECC92.e.19465"},"getText",[]]}
RESULT: {"script":"<script> [6424 bytes]","args":[{"element-6066-11e4-a52e-4f735466cecf":"f.F943DB1403663130BF14B631DBCBD046.d.DAAD209D94C9E84FAE2E1D36290ECC92.e.19465"},"getText",[]]}
COMMAND: POST /session/85842d14400d925143d12204a9eb11ff/element - {"using":"xpath","value":"//a[contains(@data-kt ,\"GeneralSectionSendContractLink\")]"}
RESULT: {"using":"xpath","value":"//a[contains(@data-kt ,\"GeneralSectionSendContractLink\")]"}
COMMAND: POST /session/85842d14400d925143d12204a9eb11ff/element/f.F943DB1403663130BF14B631DBCBD046.d.DAAD209D94C9E84FAE2E1D36290ECC92.e.19466/click - {}
RESULT: {}
COMMAND: GET /session/85842d14400d925143d12204a9eb11ff/screenshot - {}
RESULT: {}
COMMAND: POST /session/85842d14400d925143d12204a9eb11ff/element - {"using":"xpath","value":"//a[contains(@data-kt ,\"ContextMenuId2Link\")]"}
RESULT: {"using":"xpath","value":"//a[contains(@data-kt ,\"ContextMenuId2Link\")]"}
COMMAND: POST /session/85842d14400d925143d12204a9eb11ff/elements - {"using":"xpath","value":"//a[contains(@data-kt ,\"ContextMenuId2Link\")]"}
RESULT: {"using":"xpath","value":"//a[contains(@data-kt ,\"ContextMenuId2Link\")]"}
COMMAND: POST /session/85842d14400d925143d12204a9eb11ff/element/f.F943DB1403663130BF14B631DBCBD046.d.DAAD209D94C9E84FAE2E1D36290ECC92.e.19468/click - {}
RESULT: {}
COMMAND: GET /session/85842d14400d925143d12204a9eb11ff/screenshot - {}
RESULT: {}
COMMAND: POST /session/85842d14400d925143d12204a9eb11ff/execute/async - {"script":"<script> [1562 bytes]","args":[{"selector":{"controlType":"sap.m.Link","viewName":"etm.portal.ui.managehandovers.view.DetailExecuteHO","properties":{"text":"Contract Overview"},"searchOpenDialogs":true},"wdio_ui5_key":"etmportal.ui.managehandovers.view.DetailExecuteHOsap.m.Link{\"text\":\"Contract Overview\"}"}]}
RESULT: {"script":"<script> [1562 bytes]","args":[{"selector":{"controlType":"sap.m.Link","viewName":"etm.portal.ui.managehandovers.view.DetailExecuteHO","properties":{"text":"Contract Overview"},"searchOpenDialogs":true},"wdio_ui5_key":"etmportal.ui.managehandovers.view.DetailExecuteHOsap.m.Link{\"text\":\"Contract Overview\"}"}]}
RESULT: undefined
RESULT: undefined
COMMAND: POST /session/85842d14400d925143d12204a9eb11ff/execute/async - {"script":"<script> [6424 bytes]","args":[{"element-6066-11e4-a52e-4f735466cecf":"f.F943DB1403663130BF14B631DBCBD046.d.DAAD209D94C9E84FAE2E1D36290ECC92.e.19103"},"getText",[]]}
COMMAND: POST /session/85842d14400d925143d12204a9eb11ff/execute/async - {"script":"<script> [1562 bytes]","args":[{"selector":{"controlType":"sap.m.ObjectStatus","viewName":"etm.portal.ui.managecontracts.view.Detail","bindingPath":{"propertyPath":"LINK_TO_LOGISTICAL_STATUS/DESCRIPTION","modelName":"catalogModel"}},"wdio_ui5_key":"etmportal.ui.managecontracts.view.Detailsap.m.ObjectStatus{\"propertyPath\":\"LINK_TO_LOGISTICAL_STATUS/DESCRIPTION\",\"modelName\":\"catalogModel\"}"}]}
RESULT: {"script":"<script> [1562 bytes]","args":[{"selector":{"controlType":"sap.m.ObjectStatus","viewName":"etm.portal.ui.managecontracts.view.Detail","bindingPath":{"propertyPath":"LINK_TO_LOGISTICAL_STATUS/DESCRIPTION","modelName":"catalogModel"}},"wdio_ui5_key":"etmportal.ui.managecontracts.view.Detailsap.m.ObjectStatus{\"propertyPath\":\"LINK_TO_LOGISTICAL_STATUS/DESCRIPTION\",\"modelName\":\"catalogModel\"}"}]}
COMMAND: POST /session/85842d14400d925143d12204a9eb11ff/execute/async - {"script":"<script> [6424 bytes]","args":[{"element-6066-11e4-a52e-4f735466cecf":"f.F943DB1403663130BF14B631DBCBD046.d.DAAD209D94C9E84FAE2E1D36290ECC92.e.19698"},"getText",[]]}
RESULT: {"script":"<script> [6424 bytes]","args":[{"element-6066-11e4-a52e-4f735466cecf":"f.F943DB1403663130BF14B631DBCBD046.d.DAAD209D94C9E84FAE2E1D36290ECC92.e.19698"},"getText",[]]}
RESULT: undefined
COMMAND: POST /session/85842d14400d925143d12204a9eb11ff/execute/async - {"script":"<script> [6424 bytes]","args":[{"element-6066-11e4-a52e-4f735466cecf":"f.F943DB1403663130BF14B631DBCBD046.d.DAAD209D94C9E84FAE2E1D36290ECC92.e.19104"},"getText",[]]}
COMMAND: POST /session/85842d14400d925143d12204a9eb11ff/execute/async - {"script":"<script> [1562 bytes]","args":[{"selector":{"controlType":"sap.m.ObjectStatus","viewName":"etm.portal.ui.managecontracts.view.Detail","bindingPath":{"propertyPath":"LINK_TO_COMMERCIAL_STATUS/DESCRIPTION","modelName":"catalogModel"}},"wdio_ui5_key":"etmportal.ui.managecontracts.view.Detailsap.m.ObjectStatus{\"propertyPath\":\"LINK_TO_COMMERCIAL_STATUS/DESCRIPTION\",\"modelName\":\"catalogModel\"}"}]}
RESULT: {"script":"<script> [1562 bytes]","args":[{"selector":{"controlType":"sap.m.ObjectStatus","viewName":"etm.portal.ui.managecontracts.view.Detail","bindingPath":{"propertyPath":"LINK_TO_COMMERCIAL_STATUS/DESCRIPTION","modelName":"catalogModel"}},"wdio_ui5_key":"etmportal.ui.managecontracts.view.Detailsap.m.ObjectStatus{\"propertyPath\":\"LINK_TO_COMMERCIAL_STATUS/DESCRIPTION\",\"modelName\":\"catalogModel\"}"}]}
COMMAND: POST /session/85842d14400d925143d12204a9eb11ff/execute/async - {"script":"<script> [6424 bytes]","args":[{"element-6066-11e4-a52e-4f735466cecf":"f.F943DB1403663130BF14B631DBCBD046.d.DAAD209D94C9E84FAE2E1D36290ECC92.e.19699"},"getText",[]]}
RESULT: {"script":"<script> [6424 bytes]","args":[{"element-6066-11e4-a52e-4f735466cecf":"f.F943DB1403663130BF14B631DBCBD046.d.DAAD209D94C9E84FAE2E1D36290ECC92.e.19699"},"getText",[]]}
COMMAND: POST /session/85842d14400d925143d12204a9eb11ff/execute/async - {"script":"<script> [1562 bytes]","args":[{"selector":{"id":"backBtn"},"wdio_ui5_key":"backBtn"}]}
RESULT: {"script":"<script> [1562 bytes]","args":[{"selector":{"id":"backBtn"},"wdio_ui5_key":"backBtn"}]}
RESULT: undefined
COMMAND: POST /session/85842d14400d925143d12204a9eb11ff/element - {"using":"xpath","value":"//*[@id=\"backBtn\"]"}
RESULT: {"using":"xpath","value":"//*[@id=\"backBtn\"]"}
COMMAND: POST /session/85842d14400d925143d12204a9eb11ff/element/f.F943DB1403663130BF14B631DBCBD046.d.DAAD209D94C9E84FAE2E1D36290ECC92.e.19700/click - {}
RESULT: {}
COMMAND: GET /session/85842d14400d925143d12204a9eb11ff/screenshot - {}
COMMAND: POST /session/85842d14400d925143d12204a9eb11ff/element - {"using":"xpath","value":"//input[contains(@id ,\"issueDatePicker-inner\")]"}
RESULT: {}
RESULT: {"using":"xpath","value":"//input[contains(@id ,\"issueDatePicker-inner\")]"}
COMMAND: POST /session/85842d14400d925143d12204a9eb11ff/elements - {"using":"xpath","value":"//input[contains(@id ,\"issueDatePicker-inner\")]"}
RESULT: {"using":"xpath","value":"//input[contains(@id ,\"issueDatePicker-inner\")]"}
COMMAND: POST /session/85842d14400d925143d12204a9eb11ff/elements - {"using":"xpath","value":"//input[contains(@id ,\"issueDatePicker-inner\")]"}
RESULT: {"using":"xpath","value":"//input[contains(@id ,\"issueDatePicker-inner\")]"}
COMMAND: POST /session/85842d14400d925143d12204a9eb11ff/elements - {"using":"xpath","value":"//input[contains(@id ,\"issueDatePicker-inner\")]"}
RESULT: {"using":"xpath","value":"//input[contains(@id ,\"issueDatePicker-inner\")]"}
COMMAND: POST /session/85842d14400d925143d12204a9eb11ff/elements - {"using":"xpath","value":"//input[contains(@id ,\"issueDatePicker-inner\")]"}
RESULT: {"using":"xpath","value":"//input[contains(@id ,\"issueDatePicker-inner\")]"}
COMMAND: POST /session/85842d14400d925143d12204a9eb11ff/element - {"using":"xpath","value":"//input[contains(@id ,\"issueDatePicker-inner\")]"}
RESULT: {"using":"xpath","value":"//input[contains(@id ,\"issueDatePicker-inner\")]"}
COMMAND: GET /session/85842d14400d925143d12204a9eb11ff/element/f.F943DB1403663130BF14B631DBCBD046.d.DAAD209D94C9E84FAE2E1D36290ECC92.e.19973/property/value - {}
RESULT: {}
COMMAND: POST /session/85842d14400d925143d12204a9eb11ff/element/f.F943DB1403663130BF14B631DBCBD046.d.DAAD209D94C9E84FAE2E1D36290ECC92.e.19973/clear - {}
COMMAND: GET /session/85842d14400d925143d12204a9eb11ff/screenshot - {}
RESULT: {}
COMMAND: POST /session/85842d14400d925143d12204a9eb11ff/element/f.F943DB1403663130BF14B631DBCBD046.d.DAAD209D94C9E84FAE2E1D36290ECC92.e.19973/value - {"text":"05/18/25"}
COMMAND: GET /session/85842d14400d925143d12204a9eb11ff/screenshot - {}
RESULT: {}
RESULT: {"text":"05/18/25"}
COMMAND: GET /session/85842d14400d925143d12204a9eb11ff/screenshot - {}
RESULT: {}
RESULT: {}
COMMAND: POST /session/85842d14400d925143d12204a9eb11ff/execute/async - {"script":"<script> [1562 bytes]","args":[{"selector":{"controlType":"sap.m.Button","viewName":"etm.portal.ui.managehandovers.view.DetailExecuteHO","i18NText":{"propertyName":"text","key":"confirmAll"},"interaction":{"idSuffix":"inner"}},"wdio_ui5_key":"etmportal.ui.managehandovers.view.DetailExecuteHOsap.m.Button{\"propertyName\":\"text\",\"key\":\"confirmAll\"}"}]}
RESULT: {"script":"<script> [1562 bytes]","args":[{"selector":{"controlType":"sap.m.Button","viewName":"etm.portal.ui.managehandovers.view.DetailExecuteHO","i18NText":{"propertyName":"text","key":"confirmAll"},"interaction":{"idSuffix":"inner"}},"wdio_ui5_key":"etmportal.ui.managehandovers.view.DetailExecuteHOsap.m.Button{\"propertyName\":\"text\",\"key\":\"confirmAll\"}"}]}
RESULT: undefined
COMMAND: POST /session/85842d14400d925143d12204a9eb11ff/element - {"using":"xpath","value":"//*[@id=\"__button136\"]"}
RESULT: {"using":"xpath","value":"//*[@id=\"__button136\"]"}
COMMAND: POST /session/85842d14400d925143d12204a9eb11ff/element/f.F943DB1403663130BF14B631DBCBD046.d.DAAD209D94C9E84FAE2E1D36290ECC92.e.19997/click - {}
RESULT: {}
COMMAND: GET /session/85842d14400d925143d12204a9eb11ff/screenshot - {}
RESULT: {}
COMMAND: POST /session/85842d14400d925143d12204a9eb11ff/actions - {"actions":[{"id":"action86","type":"key","parameters":{},"actions":[{"type":"keyDown","value":"î€‡"},{"type":"pause","duration":10},{"type":"keyUp","value":"î€‡"}]}]}
RESULT: {"actions":[{"id":"action86","type":"key","parameters":{},"actions":[{"type":"keyDown","value":"î€‡"},{"type":"pause","duration":10},{"type":"keyUp","value":"î€‡"}]}]}
COMMAND: GET /session/85842d14400d925143d12204a9eb11ff/screenshot - {}
RESULT: {}
RESULT: undefined
COMMAND: POST /session/85842d14400d925143d12204a9eb11ff/element - {"using":"xpath","value":"//*[@id=\"__button136\"]"}
RESULT: {"using":"xpath","value":"//*[@id=\"__button136\"]"}
COMMAND: POST /session/85842d14400d925143d12204a9eb11ff/element/f.F943DB1403663130BF14B631DBCBD046.d.DAAD209D94C9E84FAE2E1D36290ECC92.e.19997/click - {}
RESULT: {}
COMMAND: GET /session/85842d14400d925143d12204a9eb11ff/screenshot - {}
RESULT: {}
COMMAND: POST /session/85842d14400d925143d12204a9eb11ff/execute/async - {"script":"<script> [1562 bytes]","args":[{"selector":{"controlType":"sap.m.Button","properties":{"text":"OK"},"searchOpenDialogs":true,"interaction":{"idSuffix":"content"}},"wdio_ui5_key":"sapm.Button{\"text\":\"OK\"}"}]}
RESULT: {"script":"<script> [1562 bytes]","args":[{"selector":{"controlType":"sap.m.Button","properties":{"text":"OK"},"searchOpenDialogs":true,"interaction":{"idSuffix":"content"}},"wdio_ui5_key":"sapm.Button{\"text\":\"OK\"}"}]}
RESULT: undefined
COMMAND: POST /session/85842d14400d925143d12204a9eb11ff/element - {"using":"xpath","value":"//*[@id=\"__mbox-btn-2\"]"}
RESULT: {"using":"xpath","value":"//*[@id=\"__mbox-btn-2\"]"}
COMMAND: POST /session/85842d14400d925143d12204a9eb11ff/element/f.F943DB1403663130BF14B631DBCBD046.d.DAAD209D94C9E84FAE2E1D36290ECC92.e.20005/click - {}
RESULT: {}
COMMAND: GET /session/85842d14400d925143d12204a9eb11ff/screenshot - {}
RESULT: {}
COMMAND: POST /session/85842d14400d925143d12204a9eb11ff/element - {"using":"xpath","value":"//button[contains(@data-kt ,\"execHoIssueFooterButton\")]"}
RESULT: {"using":"xpath","value":"//button[contains(@data-kt ,\"execHoIssueFooterButton\")]"}
COMMAND: POST /session/85842d14400d925143d12204a9eb11ff/element/f.F943DB1403663130BF14B631DBCBD046.d.DAAD209D94C9E84FAE2E1D36290ECC92.e.20009/click - {}
RESULT: {}
COMMAND: GET /session/85842d14400d925143d12204a9eb11ff/screenshot - {}
RESULT: {}
COMMAND: POST /session/85842d14400d925143d12204a9eb11ff/refresh - {}
RESULT: {}
COMMAND: GET /session/85842d14400d925143d12204a9eb11ff/screenshot - {}
RESULT: {}
COMMAND: POST /session/85842d14400d925143d12204a9eb11ff/refresh - {}
RESULT: {}
COMMAND: GET /session/85842d14400d925143d12204a9eb11ff/screenshot - {}
RESULT: {}
COMMAND: POST /session/85842d14400d925143d12204a9eb11ff/window/fullscreen - {}
RESULT: {}
COMMAND: POST /session/85842d14400d925143d12204a9eb11ff/execute/async - {"script":"<script> [189 bytes]","args":[]}
RESULT: {"script":"<script> [189 bytes]","args":[]}
COMMAND: POST /session/85842d14400d925143d12204a9eb11ff/execute/async - {"script":"<script> [123 bytes]","args":[]}
RESULT: {"script":"<script> [123 bytes]","args":[]}
COMMAND: POST /session/85842d14400d925143d12204a9eb11ff/timeouts - {"script":"<number>"}
RESULT: {"script":"<number>"}
COMMAND: GET /session/85842d14400d925143d12204a9eb11ff/timeouts - {}
RESULT: {}
RESULT: undefined
COMMAND: POST /session/85842d14400d925143d12204a9eb11ff/execute/async - {"script":"<script> [2676 bytes]","args":[]}
RESULT: {"script":"<script> [2676 bytes]","args":[]}
COMMAND: POST /session/85842d14400d925143d12204a9eb11ff/execute/async - {"script":"<script> [2342 bytes]","args":[{"protocol":"http","hostname":"0.0.0.0","path":"/","capabilities":{"browserName":"chrome","goog:chromeOptions":{"binary":"C:\\Program Files\\Google\\Chrome\\Application\\chrome.exe","args":["--start-maximized"]}},"logLevel":"warn","connectionRetryTimeout":120000,"connectionRetryCount":3,"logLevels":{},"enableDirectConnect":true,"strictSSL":true,"_":"65 more keys: [\"cacheDir\",\"port\",\"requestedCapabilities\",\"automationProtocol\",\"baseUrl\",\"waitforInterval\",\"waitforTimeout\",\"onReload\",\"beforeCommand\",\"afterCommand\",\"rootDir\",\"specs\",\"suites\",\"exclude\",\"groupLogsByTestSpec\",\"excludeDriverLogs\",\"bail\",\"framework\",\"reporters\",\"services\",\"maxInstances\",\"maxInstancesPerCapability\",\"injectGlobals\",\"filesToWatch\",\"execArgv\",\"runnerEnv\",\"runner\",\"shard\",\"specFileRetries\",\"specFileRetriesDelay\",\"specFileRetriesDeferred\",\"reporterSyncInterval\",\"reporterSyncTimeout\",\"cucumberFeaturesWithLineNumbers\",\"autoCompileOpts\",\"mochaOpts\",\"jasmineOpts\",\"cucumberOpts\",\"onPrepare\",\"onWorkerStart\",\"onWorkerEnd\",\"before\",\"beforeSession\",\"beforeSuite\",\"beforeHook\",\"beforeTest\",\"afterTest\",\"afterHook\",\"afterSuite\",\"afterSession\",\"after\",\"onComplete\",\"beforeAssertion\",\"afterAssertion\",\"beforeFeature\",\"beforeScenario\",\"beforeStep\",\"afterStep\",\"afterScenario\",\"afterFeature\",\"_\",\"suite\",\"$0\",\"ignoredWorkerServices\",\"wdi5\"]"}]}
RESULT: {"script":"<script> [2342 bytes]","args":[{"protocol":"http","hostname":"0.0.0.0","path":"/","capabilities":{"browserName":"chrome","goog:chromeOptions":{"binary":"C:\\Program Files\\Google\\Chrome\\Application\\chrome.exe","args":["--start-maximized"]}},"logLevel":"warn","connectionRetryTimeout":120000,"connectionRetryCount":3,"logLevels":{},"enableDirectConnect":true,"strictSSL":true,"_":"65 more keys: [\"cacheDir\",\"port\",\"requestedCapabilities\",\"automationProtocol\",\"baseUrl\",\"waitforInterval\",\"waitforTimeout\",\"onReload\",\"beforeCommand\",\"afterCommand\",\"rootDir\",\"specs\",\"suites\",\"exclude\",\"groupLogsByTestSpec\",\"excludeDriverLogs\",\"bail\",\"framework\",\"reporters\",\"services\",\"maxInstances\",\"maxInstancesPerCapability\",\"injectGlobals\",\"filesToWatch\",\"execArgv\",\"runnerEnv\",\"runner\",\"shard\",\"specFileRetries\",\"specFileRetriesDelay\",\"specFileRetriesDeferred\",\"reporterSyncInterval\",\"reporterSyncTimeout\",\"cucumberFeaturesWithLineNumbers\",\"autoCompileOpts\",\"mochaOpts\",\"jasmineOpts\",\"cucumberOpts\",\"onPrepare\",\"onWorkerStart\",\"onWorkerEnd\",\"before\",\"beforeSession\",\"beforeSuite\",\"beforeHook\",\"beforeTest\",\"afterTest\",\"afterHook\",\"afterSuite\",\"afterSession\",\"after\",\"onComplete\",\"beforeAssertion\",\"afterAssertion\",\"beforeFeature\",\"beforeScenario\",\"beforeStep\",\"afterStep\",\"afterScenario\",\"afterFeature\",\"_\",\"suite\",\"$0\",\"ignoredWorkerServices\",\"wdi5\"]"}]}
COMMAND: POST /session/85842d14400d925143d12204a9eb11ff/execute/async - {"script":"<script> [21126 bytes]","args":[35000]}
RESULT: {"script":"<script> [21126 bytes]","args":[35000]}
COMMAND: POST /session/85842d14400d925143d12204a9eb11ff/execute/async - {"script":"<script> [1562 bytes]","args":[{"selector":{"controlType":"sap.m.SearchField","viewName":"etm.portal.ui.managehandovers.view.MasterHO","bindingPath":{"path":"","propertyPath":"/_BASIC_SEARCH_FIELD","modelName":"fi1t3rM0d31"},"interaction":{"idSuffix":"I"}},"wdio_ui5_key":"etmportal.ui.managehandovers.view.MasterHOsap.m.SearchField{\"path\":\"\",\"propertyPath\":\"/_BASIC_SEARCH_FIELD\",\"modelName\":\"fi1t3rM0d31\"}"}]}
RESULT: {"script":"<script> [1562 bytes]","args":[{"selector":{"controlType":"sap.m.SearchField","viewName":"etm.portal.ui.managehandovers.view.MasterHO","bindingPath":{"path":"","propertyPath":"/_BASIC_SEARCH_FIELD","modelName":"fi1t3rM0d31"},"interaction":{"idSuffix":"I"}},"wdio_ui5_key":"etmportal.ui.managehandovers.view.MasterHOsap.m.SearchField{\"path\":\"\",\"propertyPath\":\"/_BASIC_SEARCH_FIELD\",\"modelName\":\"fi1t3rM0d31\"}"}]}
RESULT: undefined
COMMAND: POST /session/85842d14400d925143d12204a9eb11ff/execute/async - {"script":"<script> [776 bytes]","args":[{"enterText":"30711","selector":{"controlType":"sap.m.SearchField","viewName":"etm.portal.ui.managehandovers.view.MasterHO","bindingPath":{"path":"","propertyPath":"/_BASIC_SEARCH_FIELD","modelName":"fi1t3rM0d31"},"interaction":{"idSuffix":"I"}},"clearTextFirst":true,"interactionType":"ENTER_TEXT"}]}
RESULT: {"script":"<script> [776 bytes]","args":[{"enterText":"30711","selector":{"controlType":"sap.m.SearchField","viewName":"etm.portal.ui.managehandovers.view.MasterHO","bindingPath":{"path":"","propertyPath":"/_BASIC_SEARCH_FIELD","modelName":"fi1t3rM0d31"},"interaction":{"idSuffix":"I"}},"clearTextFirst":true,"interactionType":"ENTER_TEXT"}]}
COMMAND: POST /session/85842d14400d925143d12204a9eb11ff/actions - {"actions":[{"id":"action87","type":"key","parameters":{},"actions":[{"type":"keyDown","value":"î€‡"},{"type":"pause","duration":10},{"type":"keyUp","value":"î€‡"}]}]}
RESULT: {"actions":[{"id":"action87","type":"key","parameters":{},"actions":[{"type":"keyDown","value":"î€‡"},{"type":"pause","duration":10},{"type":"keyUp","value":"î€‡"}]}]}
COMMAND: GET /session/85842d14400d925143d12204a9eb11ff/screenshot - {}
RESULT: {}
COMMAND: POST /session/85842d14400d925143d12204a9eb11ff/execute/async - {"script":"<script> [1562 bytes]","args":[{"selector":{"controlType":"sap.m.Title","viewName":"etm.portal.ui.managehandovers.view.MasterHO","properties":{"text":"Records (1)"}},"wdio_ui5_key":"etmportal.ui.managehandovers.view.MasterHOsap.m.Title{\"text\":\"Records (1)\"}"}]}
RESULT: {"script":"<script> [1562 bytes]","args":[{"selector":{"controlType":"sap.m.Title","viewName":"etm.portal.ui.managehandovers.view.MasterHO","properties":{"text":"Records (1)"}},"wdio_ui5_key":"etmportal.ui.managehandovers.view.MasterHOsap.m.Title{\"text\":\"Records (1)\"}"}]}
RESULT: undefined
COMMAND: POST /session/85842d14400d925143d12204a9eb11ff/execute/async - {"script":"<script> [6424 bytes]","args":[{"element-6066-11e4-a52e-4f735466cecf":"f.F943DB1403663130BF14B631DBCBD046.d.F5B231D18E0D4926BD3E66BEE94A24CB.e.20308"},"getText",[]]}
RESULT: {"script":"<script> [6424 bytes]","args":[{"element-6066-11e4-a52e-4f735466cecf":"f.F943DB1403663130BF14B631DBCBD046.d.F5B231D18E0D4926BD3E66BEE94A24CB.e.20308"},"getText",[]]}
COMMAND: POST /session/85842d14400d925143d12204a9eb11ff/execute/async - {"script":"<script> [1562 bytes]","args":[{"selector":{"controlType":"sap.ui.core.Icon","viewName":"etm.portal.ui.managehandovers.view.MasterHO","properties":{"src":{"regex":{"source":"slim\\-arrow\\-right"}}}},"wdio_ui5_key":"etmportal.ui.managehandovers.view.MasterHOsap.ui.core.Icon{\"src\":{\"regex\":{\"source\":\"slim\\\\-arrow\\\\-right\"}}}"}]}
RESULT: {"script":"<script> [1562 bytes]","args":[{"selector":{"controlType":"sap.ui.core.Icon","viewName":"etm.portal.ui.managehandovers.view.MasterHO","properties":{"src":{"regex":{"source":"slim\\-arrow\\-right"}}}},"wdio_ui5_key":"etmportal.ui.managehandovers.view.MasterHOsap.ui.core.Icon{\"src\":{\"regex\":{\"source\":\"slim\\\\-arrow\\\\-right\"}}}"}]}
RESULT: undefined
COMMAND: POST /session/85842d14400d925143d12204a9eb11ff/element - {"using":"xpath","value":"//*[@id=\"__item29-__clone17-imgNav\"]"}
RESULT: {"using":"xpath","value":"//*[@id=\"__item29-__clone17-imgNav\"]"}
COMMAND: POST /session/85842d14400d925143d12204a9eb11ff/element/f.F943DB1403663130BF14B631DBCBD046.d.F5B231D18E0D4926BD3E66BEE94A24CB.e.20307/click - {}
RESULT: {}
COMMAND: GET /session/85842d14400d925143d12204a9eb11ff/screenshot - {}
RESULT: {}
COMMAND: POST /session/85842d14400d925143d12204a9eb11ff/execute/async - {"script":"<script> [1562 bytes]","args":[{"selector":{"controlType":"sap.m.ObjectStatus","viewName":"etm.portal.ui.managehandovers.view.DetailManageHO","viewId":"application-managehandovers-display-component---detailManageHO","labelFor":{"text":"Status"}},"wdio_ui5_key":"etmportal.ui.managehandovers.view.DetailManageHOsap.m.ObjectStatus{\"text\":\"Status\"}"}]}
RESULT: {"script":"<script> [1562 bytes]","args":[{"selector":{"controlType":"sap.m.ObjectStatus","viewName":"etm.portal.ui.managehandovers.view.DetailManageHO","viewId":"application-managehandovers-display-component---detailManageHO","labelFor":{"text":"Status"}},"wdio_ui5_key":"etmportal.ui.managehandovers.view.DetailManageHOsap.m.ObjectStatus{\"text\":\"Status\"}"}]}
RESULT: undefined
COMMAND: POST /session/85842d14400d925143d12204a9eb11ff/execute/async - {"script":"<script> [6424 bytes]","args":[{"element-6066-11e4-a52e-4f735466cecf":"f.F943DB1403663130BF14B631DBCBD046.d.F5B231D18E0D4926BD3E66BEE94A24CB.e.20396"},"getText",[]]}
RESULT: {"script":"<script> [6424 bytes]","args":[{"element-6066-11e4-a52e-4f735466cecf":"f.F943DB1403663130BF14B631DBCBD046.d.F5B231D18E0D4926BD3E66BEE94A24CB.e.20396"},"getText",[]]}
COMMAND: POST /session/85842d14400d925143d12204a9eb11ff/element - {"using":"xpath","value":"//a[contains(@data-kt ,\"GeneralSectionSendContractLink\")]"}
RESULT: {"using":"xpath","value":"//a[contains(@data-kt ,\"GeneralSectionSendContractLink\")]"}
COMMAND: POST /session/85842d14400d925143d12204a9eb11ff/element/f.F943DB1403663130BF14B631DBCBD046.d.F5B231D18E0D4926BD3E66BEE94A24CB.e.20397/click - {}
RESULT: {}
COMMAND: GET /session/85842d14400d925143d12204a9eb11ff/screenshot - {}
RESULT: {}
COMMAND: POST /session/85842d14400d925143d12204a9eb11ff/elements - {"using":"xpath","value":"//a[contains(@data-kt ,\"ContextMenuId2Link\")]"}
RESULT: {"using":"xpath","value":"//a[contains(@data-kt ,\"ContextMenuId2Link\")]"}
COMMAND: POST /session/85842d14400d925143d12204a9eb11ff/element/f.F943DB1403663130BF14B631DBCBD046.d.DAAD209D94C9E84FAE2E1D36290ECC92.e.19468/click - {}
COMMAND: POST /session/85842d14400d925143d12204a9eb11ff/element - {"using":"xpath","value":"//a[contains(@data-kt ,\"ContextMenuId2Link\")]"}
RESULT: {"using":"xpath","value":"//a[contains(@data-kt ,\"ContextMenuId2Link\")]"}
COMMAND: POST /session/85842d14400d925143d12204a9eb11ff/element/f.F943DB1403663130BF14B631DBCBD046.d.DAAD209D94C9E84FAE2E1D36290ECC92.e.19468/click - {}
COMMAND: POST /session/85842d14400d925143d12204a9eb11ff/element - {"using":"xpath","value":"//a[contains(@data-kt ,\"ContextMenuId2Link\")]"}
RESULT: {"using":"xpath","value":"//a[contains(@data-kt ,\"ContextMenuId2Link\")]"}
COMMAND: POST /session/85842d14400d925143d12204a9eb11ff/element/f.F943DB1403663130BF14B631DBCBD046.d.F5B231D18E0D4926BD3E66BEE94A24CB.e.20400/click - {}
RESULT: {}
COMMAND: GET /session/85842d14400d925143d12204a9eb11ff/screenshot - {}
RESULT: {}
COMMAND: POST /session/85842d14400d925143d12204a9eb11ff/execute/async - {"script":"<script> [1562 bytes]","args":[{"selector":{"controlType":"sap.m.ObjectStatus","viewName":"etm.portal.ui.managecontracts.view.Detail","bindingPath":{"propertyPath":"LINK_TO_COMMERCIAL_STATUS/DESCRIPTION","modelName":"catalogModel"}},"wdio_ui5_key":"etmportal.ui.managecontracts.view.Detailsap.m.ObjectStatus{\"propertyPath\":\"LINK_TO_COMMERCIAL_STATUS/DESCRIPTION\",\"modelName\":\"catalogModel\"}"}]}
RESULT: {"script":"<script> [1562 bytes]","args":[{"selector":{"controlType":"sap.m.ObjectStatus","viewName":"etm.portal.ui.managecontracts.view.Detail","bindingPath":{"propertyPath":"LINK_TO_COMMERCIAL_STATUS/DESCRIPTION","modelName":"catalogModel"}},"wdio_ui5_key":"etmportal.ui.managecontracts.view.Detailsap.m.ObjectStatus{\"propertyPath\":\"LINK_TO_COMMERCIAL_STATUS/DESCRIPTION\",\"modelName\":\"catalogModel\"}"}]}
RESULT: undefined
COMMAND: POST /session/85842d14400d925143d12204a9eb11ff/execute/async - {"script":"<script> [6424 bytes]","args":[{"element-6066-11e4-a52e-4f735466cecf":"f.F943DB1403663130BF14B631DBCBD046.d.F5B231D18E0D4926BD3E66BEE94A24CB.e.20630"},"getText",[]]}
RESULT: {"script":"<script> [6424 bytes]","args":[{"element-6066-11e4-a52e-4f735466cecf":"f.F943DB1403663130BF14B631DBCBD046.d.F5B231D18E0D4926BD3E66BEE94A24CB.e.20630"},"getText",[]]}
COMMAND: POST /session/85842d14400d925143d12204a9eb11ff/execute/async - {"script":"<script> [1562 bytes]","args":[{"selector":{"controlType":"sap.m.ObjectStatus","viewName":"etm.portal.ui.managecontracts.view.Detail","bindingPath":{"propertyPath":"LINK_TO_LOGISTICAL_STATUS/DESCRIPTION","modelName":"catalogModel"}},"wdio_ui5_key":"etmportal.ui.managecontracts.view.Detailsap.m.ObjectStatus{\"propertyPath\":\"LINK_TO_LOGISTICAL_STATUS/DESCRIPTION\",\"modelName\":\"catalogModel\"}"}]}
RESULT: {"script":"<script> [1562 bytes]","args":[{"selector":{"controlType":"sap.m.ObjectStatus","viewName":"etm.portal.ui.managecontracts.view.Detail","bindingPath":{"propertyPath":"LINK_TO_LOGISTICAL_STATUS/DESCRIPTION","modelName":"catalogModel"}},"wdio_ui5_key":"etmportal.ui.managecontracts.view.Detailsap.m.ObjectStatus{\"propertyPath\":\"LINK_TO_LOGISTICAL_STATUS/DESCRIPTION\",\"modelName\":\"catalogModel\"}"}]}
RESULT: undefined
COMMAND: POST /session/85842d14400d925143d12204a9eb11ff/execute/async - {"script":"<script> [6424 bytes]","args":[{"element-6066-11e4-a52e-4f735466cecf":"f.F943DB1403663130BF14B631DBCBD046.d.F5B231D18E0D4926BD3E66BEE94A24CB.e.20631"},"getText",[]]}
RESULT: {"script":"<script> [6424 bytes]","args":[{"element-6066-11e4-a52e-4f735466cecf":"f.F943DB1403663130BF14B631DBCBD046.d.F5B231D18E0D4926BD3E66BEE94A24CB.e.20631"},"getText",[]]}
COMMAND: POST /session/85842d14400d925143d12204a9eb11ff/element - {"using":"xpath","value":"//button[@data-kt=\"contractDetailEditBtnButton\"]"}
RESULT: {"using":"xpath","value":"//button[@data-kt=\"contractDetailEditBtnButton\"]"}
COMMAND: POST /session/85842d14400d925143d12204a9eb11ff/element/f.F943DB1403663130BF14B631DBCBD046.d.F5B231D18E0D4926BD3E66BEE94A24CB.e.20461/click - {}
RESULT: {}
COMMAND: GET /session/85842d14400d925143d12204a9eb11ff/screenshot - {}
RESULT: {}
COMMAND: POST /session/85842d14400d925143d12204a9eb11ff/element - {"using":"xpath","value":"(//span[contains(text(), \"Additional Addresses\")])[2]"}
RESULT: {"using":"xpath","value":"(//span[contains(text(), \"Additional Addresses\")])[2]"}
COMMAND: POST /session/85842d14400d925143d12204a9eb11ff/element/f.F943DB1403663130BF14B631DBCBD046.d.F5B231D18E0D4926BD3E66BEE94A24CB.e.20691/click - {}
RESULT: {}
COMMAND: GET /session/85842d14400d925143d12204a9eb11ff/screenshot - {}
RESULT: {}
COMMAND: POST /session/85842d14400d925143d12204a9eb11ff/element - {"using":"xpath","value":"//button[@data-kt=\"btnAddTableRowOverflowToolbarButton\"]"}
RESULT: {"using":"xpath","value":"//button[@data-kt=\"btnAddTableRowOverflowToolbarButton\"]"}
COMMAND: POST /session/85842d14400d925143d12204a9eb11ff/element/f.F943DB1403663130BF14B631DBCBD046.d.F5B231D18E0D4926BD3E66BEE94A24CB.e.20693/click - {}
RESULT: {}
COMMAND: GET /session/85842d14400d925143d12204a9eb11ff/screenshot - {}
RESULT: {}
COMMAND: POST /session/85842d14400d925143d12204a9eb11ff/element - {"using":"xpath","value":"//div[(text() = 'Standard Entry' or . = 'Standard Entry')]"}
RESULT: {"using":"xpath","value":"//div[(text() = 'Standard Entry' or . = 'Standard Entry')]"}
COMMAND: POST /session/85842d14400d925143d12204a9eb11ff/element/f.F943DB1403663130BF14B631DBCBD046.d.F5B231D18E0D4926BD3E66BEE94A24CB.e.20695/click - {}
RESULT: {}
COMMAND: POST /session/85842d14400d925143d12204a9eb11ff/execute/async - {"script":"<script> [1562 bytes]","args":[{"selector":{"controlType":"sap.ui.core.Icon","viewName":"etm.portal.ui.managecontracts.view.EditContract","properties":{"src":{"regex":{"source":"slim\\-arrow\\-down"}}},"ancestor":{"controlType":"sap.m.ComboBox","viewName":"etm.portal.ui.managecontracts.view.EditContract","bindingPath":{"propertyPath":"RU_TYPE","modelName":"catalogModel"}}},"wdio_ui5_key":"etmportal.ui.managecontracts.view.EditContractsap.ui.core.Icon{\"src\":{\"regex\":{\"source\":\"slim\\\\-arrow\\\\-down\"}}}{\"controlType\":\"sap.m.ComboBox\",\"viewName\":\"etm.portal.ui.managecontracts.view.EditContract\",\"bindingPath\":{\"propertyPath\":\"RU_TYPE\",\"modelName\":\"catalogModel\"}}"}]}
COMMAND: GET /session/85842d14400d925143d12204a9eb11ff/screenshot - {}
RESULT: {"script":"<script> [1562 bytes]","args":[{"selector":{"controlType":"sap.ui.core.Icon","viewName":"etm.portal.ui.managecontracts.view.EditContract","properties":{"src":{"regex":{"source":"slim\\-arrow\\-down"}}},"ancestor":{"controlType":"sap.m.ComboBox","viewName":"etm.portal.ui.managecontracts.view.EditContract","bindingPath":{"propertyPath":"RU_TYPE","modelName":"catalogModel"}}},"wdio_ui5_key":"etmportal.ui.managecontracts.view.EditContractsap.ui.core.Icon{\"src\":{\"regex\":{\"source\":\"slim\\\\-arrow\\\\-down\"}}}{\"controlType\":\"sap.m.ComboBox\",\"viewName\":\"etm.portal.ui.managecontracts.view.EditContract\",\"bindingPath\":{\"propertyPath\":\"RU_TYPE\",\"modelName\":\"catalogModel\"}}"}]}
RESULT: undefined
COMMAND: POST /session/85842d14400d925143d12204a9eb11ff/element - {"using":"xpath","value":"//*[@id=\"__box20-arrow\"]"}
RESULT: {}
RESULT: {"using":"xpath","value":"//*[@id=\"__box20-arrow\"]"}
COMMAND: POST /session/85842d14400d925143d12204a9eb11ff/element/f.F943DB1403663130BF14B631DBCBD046.d.F5B231D18E0D4926BD3E66BEE94A24CB.e.20710/click - {}
RESULT: {}
COMMAND: POST /session/85842d14400d925143d12204a9eb11ff/execute/async - {"script":"<script> [1562 bytes]","args":[{"selector":{"controlType":"sap.m.StandardListItem","viewName":"etm.portal.ui.managecontracts.view.EditContract","properties":{"title":"Material"},"searchOpenDialogs":true,"interaction":{"idSuffix":"content"}},"wdio_ui5_key":"etmportal.ui.managecontracts.view.EditContractsap.m.StandardListItem{\"title\":\"Material\"}"}]}
COMMAND: GET /session/85842d14400d925143d12204a9eb11ff/screenshot - {}
RESULT: {"script":"<script> [1562 bytes]","args":[{"selector":{"controlType":"sap.m.StandardListItem","viewName":"etm.portal.ui.managecontracts.view.EditContract","properties":{"title":"Material"},"searchOpenDialogs":true,"interaction":{"idSuffix":"content"}},"wdio_ui5_key":"etmportal.ui.managecontracts.view.EditContractsap.m.StandardListItem{\"title\":\"Material\"}"}]}
RESULT: undefined
COMMAND: POST /session/85842d14400d925143d12204a9eb11ff/element - {"using":"xpath","value":"//*[@id=\"__item93\"]"}
RESULT: {}
RESULT: {"using":"xpath","value":"//*[@id=\"__item93\"]"}
COMMAND: POST /session/85842d14400d925143d12204a9eb11ff/element/f.F943DB1403663130BF14B631DBCBD046.d.F5B231D18E0D4926BD3E66BEE94A24CB.e.20713/click - {}
RESULT: {}
COMMAND: POST /session/85842d14400d925143d12204a9eb11ff/element - {"using":"xpath","value":"//td[7]/div/div/input"}
COMMAND: GET /session/85842d14400d925143d12204a9eb11ff/screenshot - {}
RESULT: {"using":"xpath","value":"//td[7]/div/div/input"}
COMMAND: POST /session/85842d14400d925143d12204a9eb11ff/element/f.F943DB1403663130BF14B631DBCBD046.d.F5B231D18E0D4926BD3E66BEE94A24CB.e.20715/clear - {}
RESULT: {}
RESULT: {}
COMMAND: POST /session/85842d14400d925143d12204a9eb11ff/element/f.F943DB1403663130BF14B631DBCBD046.d.F5B231D18E0D4926BD3E66BEE94A24CB.e.20715/value - {"text":"WebdriverRUR2C225j3"}
COMMAND: GET /session/85842d14400d925143d12204a9eb11ff/screenshot - {}
RESULT: {"text":"WebdriverRUR2C225j3"}
COMMAND: GET /session/85842d14400d925143d12204a9eb11ff/screenshot - {}
RESULT: {}
RESULT: {}
COMMAND: POST /session/85842d14400d925143d12204a9eb11ff/actions - {"actions":[{"id":"action88","type":"key","parameters":{},"actions":[{"type":"keyDown","value":"î€‡"},{"type":"pause","duration":10},{"type":"keyUp","value":"î€‡"}]}]}
RESULT: {"actions":[{"id":"action88","type":"key","parameters":{},"actions":[{"type":"keyDown","value":"î€‡"},{"type":"pause","duration":10},{"type":"keyUp","value":"î€‡"}]}]}
COMMAND: GET /session/85842d14400d925143d12204a9eb11ff/screenshot - {}
RESULT: {}
COMMAND: POST /session/85842d14400d925143d12204a9eb11ff/element - {"using":"xpath","value":"//button[@data-kt=\"saveButton\"]"}
RESULT: {"using":"xpath","value":"//button[@data-kt=\"saveButton\"]"}
COMMAND: POST /session/85842d14400d925143d12204a9eb11ff/element/f.F943DB1403663130BF14B631DBCBD046.d.F5B231D18E0D4926BD3E66BEE94A24CB.e.20739/click - {}
RESULT: {}
COMMAND: GET /session/85842d14400d925143d12204a9eb11ff/screenshot - {}
RESULT: {}
RESULT: undefined
COMMAND: POST /session/85842d14400d925143d12204a9eb11ff/execute/async - {"script":"<script> [6424 bytes]","args":[{"element-6066-11e4-a52e-4f735466cecf":"f.F943DB1403663130BF14B631DBCBD046.d.F5B231D18E0D4926BD3E66BEE94A24CB.e.20631"},"getText",[]]}
RESULT: {"script":"<script> [6424 bytes]","args":[{"element-6066-11e4-a52e-4f735466cecf":"f.F943DB1403663130BF14B631DBCBD046.d.F5B231D18E0D4926BD3E66BEE94A24CB.e.20631"},"getText",[]]}
COMMAND: DELETE /session/85842d14400d925143d12204a9eb11ff - {}
RESULT: {}
]]></system-out>
    </testcase>
  </testsuite>
</testsuites>