<?xml version="1.0" encoding="UTF-8"?>
<testsuites tests="49" failures="0" errors="0" skipped="0">
  <testsuite timestamp="2025-04-12T15:13:12" time="1889.187" tests="49" failures="0" errors="0" skipped="0">
    <properties>
      <property name="specId" value="0"/>
      <property name="suiteName" value="Sanity Tests US104253"/>
      <property name="capabilities" value="chrome.135_0_7049_42.windows"/>
      <property name="file" value="file:///D:/a/1/s/test/specs/General/sanity.spec.js"/>
    </properties>
    <testcase classname="chrome.135_0_7049_42.windows.Sanity_Tests_US104253" name="Should open Manage Partners page" time="38.614">
      <system-out><![CDATA[
COMMAND: POST /session/c0888585b7f3e34add4ec5499adc29bf/execute/async - {"script":"<script> [1562 bytes]","args":[{"selector":{"controlType":"sap.m.GenericTile","properties":{"header":"Manage Partners"}},"wdio_ui5_key":"sapm.GenericTile{\"header\":\"Manage Partners\"}"}]}
RESULT: {"script":"<script> [1562 bytes]","args":[{"selector":{"controlType":"sap.m.GenericTile","properties":{"header":"Manage Partners"}},"wdio_ui5_key":"sapm.GenericTile{\"header\":\"Manage Partners\"}"}]}
RESULT: undefined
COMMAND: POST /session/c0888585b7f3e34add4ec5499adc29bf/element - {"using":"xpath","value":"//*[@id=\"__tile49\"]"}
RESULT: {"using":"xpath","value":"//*[@id=\"__tile49\"]"}
COMMAND: POST /session/c0888585b7f3e34add4ec5499adc29bf/element/f.577FC0ABE6C817B3F58267D3AFEEF055.d.0A1F589C054806A7D3198CFA787CFABF.e.131/click - {}
RESULT: {}
COMMAND: GET /session/c0888585b7f3e34add4ec5499adc29bf/screenshot - {}
RESULT: {}
RESULT: undefined
COMMAND: POST /session/c0888585b7f3e34add4ec5499adc29bf/element - {"using":"xpath","value":"//*[@id=\"__tile49\"]"}
RESULT: {"using":"xpath","value":"//*[@id=\"__tile49\"]"}
COMMAND: POST /session/c0888585b7f3e34add4ec5499adc29bf/element/f.577FC0ABE6C817B3F58267D3AFEEF055.d.0A1F589C054806A7D3198CFA787CFABF.e.131/click - {}
RESULT: undefined
COMMAND: POST /session/c0888585b7f3e34add4ec5499adc29bf/element - {"using":"xpath","value":"//*[@id=\"__tile49\"]"}
RESULT: {"using":"xpath","value":"//*[@id=\"__tile49\"]"}
COMMAND: POST /session/c0888585b7f3e34add4ec5499adc29bf/element/f.577FC0ABE6C817B3F58267D3AFEEF055.d.0A1F589C054806A7D3198CFA787CFABF.e.131/click - {}
COMMAND: POST /session/c0888585b7f3e34add4ec5499adc29bf/execute/async - {"script":"<script> [1562 bytes]","args":[{"selector":{"id":"shellAppTitle"},"wdio_ui5_key":"shellAppTitle"}]}
RESULT: {"script":"<script> [1562 bytes]","args":[{"selector":{"id":"shellAppTitle"},"wdio_ui5_key":"shellAppTitle"}]}
RESULT: undefined
COMMAND: POST /session/c0888585b7f3e34add4ec5499adc29bf/execute/async - {"script":"<script> [6424 bytes]","args":[{"element-6066-11e4-a52e-4f735466cecf":"f.577FC0ABE6C817B3F58267D3AFEEF055.d.0A1F589C054806A7D3198CFA787CFABF.e.263"},"getTitle",[]]}
RESULT: {"script":"<script> [6424 bytes]","args":[{"element-6066-11e4-a52e-4f735466cecf":"f.577FC0ABE6C817B3F58267D3AFEEF055.d.0A1F589C054806A7D3198CFA787CFABF.e.263"},"getTitle",[]]}
COMMAND: POST /session/c0888585b7f3e34add4ec5499adc29bf/execute/async - {"script":"<script> [1562 bytes]","args":[{"selector":{"id":"backBtn"},"wdio_ui5_key":"backBtn"}]}
RESULT: {"script":"<script> [1562 bytes]","args":[{"selector":{"id":"backBtn"},"wdio_ui5_key":"backBtn"}]}
RESULT: undefined
COMMAND: POST /session/c0888585b7f3e34add4ec5499adc29bf/element - {"using":"xpath","value":"//*[@id=\"backBtn\"]"}
RESULT: {"using":"xpath","value":"//*[@id=\"backBtn\"]"}
COMMAND: POST /session/c0888585b7f3e34add4ec5499adc29bf/element/f.577FC0ABE6C817B3F58267D3AFEEF055.d.0A1F589C054806A7D3198CFA787CFABF.e.264/click - {}
RESULT: {}
COMMAND: GET /session/c0888585b7f3e34add4ec5499adc29bf/screenshot - {}
RESULT: {}
]]></system-out>
    </testcase>
    <testcase classname="chrome.135_0_7049_42.windows.Sanity_Tests_US104253" name="Should open Manage Sites page" time="36.237">
      <system-out><![CDATA[
COMMAND: POST /session/c0888585b7f3e34add4ec5499adc29bf/execute/async - {"script":"<script> [1562 bytes]","args":[{"selector":{"controlType":"sap.m.GenericTile","properties":{"header":"Manage Sites"}},"wdio_ui5_key":"sapm.GenericTile{\"header\":\"Manage Sites\"}"}]}
RESULT: {"script":"<script> [1562 bytes]","args":[{"selector":{"controlType":"sap.m.GenericTile","properties":{"header":"Manage Sites"}},"wdio_ui5_key":"sapm.GenericTile{\"header\":\"Manage Sites\"}"}]}
RESULT: undefined
COMMAND: POST /session/c0888585b7f3e34add4ec5499adc29bf/element - {"using":"xpath","value":"//*[@id=\"__tile51\"]"}
RESULT: {"using":"xpath","value":"//*[@id=\"__tile51\"]"}
COMMAND: POST /session/c0888585b7f3e34add4ec5499adc29bf/element/f.577FC0ABE6C817B3F58267D3AFEEF055.d.0A1F589C054806A7D3198CFA787CFABF.e.268/click - {}
RESULT: {}
COMMAND: GET /session/c0888585b7f3e34add4ec5499adc29bf/screenshot - {}
RESULT: {}
RESULT: undefined
COMMAND: POST /session/c0888585b7f3e34add4ec5499adc29bf/element - {"using":"xpath","value":"//*[@id=\"__tile51\"]"}
RESULT: {"using":"xpath","value":"//*[@id=\"__tile51\"]"}
COMMAND: POST /session/c0888585b7f3e34add4ec5499adc29bf/element/f.577FC0ABE6C817B3F58267D3AFEEF055.d.0A1F589C054806A7D3198CFA787CFABF.e.268/click - {}
RESULT: undefined
COMMAND: POST /session/c0888585b7f3e34add4ec5499adc29bf/element - {"using":"xpath","value":"//*[@id=\"__tile51\"]"}
RESULT: {"using":"xpath","value":"//*[@id=\"__tile51\"]"}
COMMAND: POST /session/c0888585b7f3e34add4ec5499adc29bf/element/f.577FC0ABE6C817B3F58267D3AFEEF055.d.0A1F589C054806A7D3198CFA787CFABF.e.268/click - {}
RESULT: undefined
COMMAND: POST /session/c0888585b7f3e34add4ec5499adc29bf/execute/async - {"script":"<script> [6424 bytes]","args":[{"element-6066-11e4-a52e-4f735466cecf":"f.577FC0ABE6C817B3F58267D3AFEEF055.d.0A1F589C054806A7D3198CFA787CFABF.e.263"},"getTitle",[]]}
COMMAND: POST /session/c0888585b7f3e34add4ec5499adc29bf/execute/async - {"script":"<script> [1562 bytes]","args":[{"selector":{"id":"shellAppTitle"},"wdio_ui5_key":"shellAppTitle"}]}
RESULT: {"script":"<script> [1562 bytes]","args":[{"selector":{"id":"shellAppTitle"},"wdio_ui5_key":"shellAppTitle"}]}
COMMAND: POST /session/c0888585b7f3e34add4ec5499adc29bf/execute/async - {"script":"<script> [6424 bytes]","args":[{"element-6066-11e4-a52e-4f735466cecf":"f.577FC0ABE6C817B3F58267D3AFEEF055.d.0A1F589C054806A7D3198CFA787CFABF.e.405"},"getTitle",[]]}
RESULT: {"script":"<script> [6424 bytes]","args":[{"element-6066-11e4-a52e-4f735466cecf":"f.577FC0ABE6C817B3F58267D3AFEEF055.d.0A1F589C054806A7D3198CFA787CFABF.e.405"},"getTitle",[]]}
RESULT: undefined
COMMAND: POST /session/c0888585b7f3e34add4ec5499adc29bf/element/f.577FC0ABE6C817B3F58267D3AFEEF055.d.0A1F589C054806A7D3198CFA787CFABF.e.264/click - {}
RESULT: {}
COMMAND: GET /session/c0888585b7f3e34add4ec5499adc29bf/screenshot - {}
RESULT: {}
]]></system-out>
    </testcase>
    <testcase classname="chrome.135_0_7049_42.windows.Sanity_Tests_US104253" name="Should open Manage Resources page" time="40.736">
      <system-out><![CDATA[
COMMAND: POST /session/c0888585b7f3e34add4ec5499adc29bf/execute/async - {"script":"<script> [1562 bytes]","args":[{"selector":{"controlType":"sap.m.GenericTile","properties":{"header":"Manage Resources"}},"wdio_ui5_key":"sapm.GenericTile{\"header\":\"Manage Resources\"}"}]}
RESULT: {"script":"<script> [1562 bytes]","args":[{"selector":{"controlType":"sap.m.GenericTile","properties":{"header":"Manage Resources"}},"wdio_ui5_key":"sapm.GenericTile{\"header\":\"Manage Resources\"}"}]}
RESULT: undefined
COMMAND: POST /session/c0888585b7f3e34add4ec5499adc29bf/element - {"using":"xpath","value":"//*[@id=\"__tile50\"]"}
RESULT: {"using":"xpath","value":"//*[@id=\"__tile50\"]"}
COMMAND: POST /session/c0888585b7f3e34add4ec5499adc29bf/element/f.577FC0ABE6C817B3F58267D3AFEEF055.d.0A1F589C054806A7D3198CFA787CFABF.e.407/click - {}
RESULT: {}
COMMAND: GET /session/c0888585b7f3e34add4ec5499adc29bf/screenshot - {}
RESULT: {}
RESULT: undefined
COMMAND: POST /session/c0888585b7f3e34add4ec5499adc29bf/element - {"using":"xpath","value":"//*[@id=\"__tile50\"]"}
RESULT: undefined
RESULT: {"using":"xpath","value":"//*[@id=\"__tile50\"]"}
COMMAND: POST /session/c0888585b7f3e34add4ec5499adc29bf/element/f.577FC0ABE6C817B3F58267D3AFEEF055.d.0A1F589C054806A7D3198CFA787CFABF.e.407/click - {}
RESULT: undefined
COMMAND: POST /session/c0888585b7f3e34add4ec5499adc29bf/element - {"using":"xpath","value":"//*[@id=\"__tile50\"]"}
RESULT: {"using":"xpath","value":"//*[@id=\"__tile50\"]"}
COMMAND: POST /session/c0888585b7f3e34add4ec5499adc29bf/element/f.577FC0ABE6C817B3F58267D3AFEEF055.d.0A1F589C054806A7D3198CFA787CFABF.e.407/click - {}
RESULT: undefined
COMMAND: POST /session/c0888585b7f3e34add4ec5499adc29bf/execute/async - {"script":"<script> [6424 bytes]","args":[{"element-6066-11e4-a52e-4f735466cecf":"f.577FC0ABE6C817B3F58267D3AFEEF055.d.0A1F589C054806A7D3198CFA787CFABF.e.263"},"getTitle",[]]}
COMMAND: POST /session/c0888585b7f3e34add4ec5499adc29bf/execute/async - {"script":"<script> [1562 bytes]","args":[{"selector":{"id":"shellAppTitle"},"wdio_ui5_key":"shellAppTitle"}]}
RESULT: {"script":"<script> [1562 bytes]","args":[{"selector":{"id":"shellAppTitle"},"wdio_ui5_key":"shellAppTitle"}]}
COMMAND: POST /session/c0888585b7f3e34add4ec5499adc29bf/execute/async - {"script":"<script> [6424 bytes]","args":[{"element-6066-11e4-a52e-4f735466cecf":"f.577FC0ABE6C817B3F58267D3AFEEF055.d.0A1F589C054806A7D3198CFA787CFABF.e.580"},"getTitle",[]]}
RESULT: {"script":"<script> [6424 bytes]","args":[{"element-6066-11e4-a52e-4f735466cecf":"f.577FC0ABE6C817B3F58267D3AFEEF055.d.0A1F589C054806A7D3198CFA787CFABF.e.580"},"getTitle",[]]}
RESULT: undefined
COMMAND: POST /session/c0888585b7f3e34add4ec5499adc29bf/element/f.577FC0ABE6C817B3F58267D3AFEEF055.d.0A1F589C054806A7D3198CFA787CFABF.e.264/click - {}
COMMAND: POST /session/c0888585b7f3e34add4ec5499adc29bf/element - {"using":"xpath","value":"//*[@id=\"backBtn\"]"}
RESULT: {"using":"xpath","value":"//*[@id=\"backBtn\"]"}
COMMAND: POST /session/c0888585b7f3e34add4ec5499adc29bf/element/f.577FC0ABE6C817B3F58267D3AFEEF055.d.0A1F589C054806A7D3198CFA787CFABF.e.264/click - {}
COMMAND: POST /session/c0888585b7f3e34add4ec5499adc29bf/element - {"using":"xpath","value":"//*[@id=\"backBtn\"]"}
RESULT: {"using":"xpath","value":"//*[@id=\"backBtn\"]"}
COMMAND: POST /session/c0888585b7f3e34add4ec5499adc29bf/element/f.577FC0ABE6C817B3F58267D3AFEEF055.d.0A1F589C054806A7D3198CFA787CFABF.e.581/click - {}
RESULT: {}
COMMAND: GET /session/c0888585b7f3e34add4ec5499adc29bf/screenshot - {}
RESULT: {}
]]></system-out>
    </testcase>
    <testcase classname="chrome.135_0_7049_42.windows.Sanity_Tests_US104253" name="Should open Manage Catalogs page" time="35.244">
      <system-out><![CDATA[
COMMAND: POST /session/c0888585b7f3e34add4ec5499adc29bf/execute/async - {"script":"<script> [1562 bytes]","args":[{"selector":{"controlType":"sap.m.GenericTile","properties":{"header":"Manage Catalogs"}},"wdio_ui5_key":"sapm.GenericTile{\"header\":\"Manage Catalogs\"}"}]}
RESULT: {"script":"<script> [1562 bytes]","args":[{"selector":{"controlType":"sap.m.GenericTile","properties":{"header":"Manage Catalogs"}},"wdio_ui5_key":"sapm.GenericTile{\"header\":\"Manage Catalogs\"}"}]}
RESULT: undefined
COMMAND: POST /session/c0888585b7f3e34add4ec5499adc29bf/element - {"using":"xpath","value":"//*[@id=\"__tile48\"]"}
RESULT: {"using":"xpath","value":"//*[@id=\"__tile48\"]"}
COMMAND: POST /session/c0888585b7f3e34add4ec5499adc29bf/element/f.577FC0ABE6C817B3F58267D3AFEEF055.d.0A1F589C054806A7D3198CFA787CFABF.e.583/click - {}
RESULT: {}
COMMAND: GET /session/c0888585b7f3e34add4ec5499adc29bf/screenshot - {}
RESULT: {}
RESULT: undefined
COMMAND: POST /session/c0888585b7f3e34add4ec5499adc29bf/element - {"using":"xpath","value":"//*[@id=\"__tile48\"]"}
RESULT: {"using":"xpath","value":"//*[@id=\"__tile48\"]"}
COMMAND: POST /session/c0888585b7f3e34add4ec5499adc29bf/element/f.577FC0ABE6C817B3F58267D3AFEEF055.d.0A1F589C054806A7D3198CFA787CFABF.e.583/click - {}
RESULT: undefined
COMMAND: POST /session/c0888585b7f3e34add4ec5499adc29bf/element - {"using":"xpath","value":"//*[@id=\"__tile48\"]"}
RESULT: {"using":"xpath","value":"//*[@id=\"__tile48\"]"}
COMMAND: POST /session/c0888585b7f3e34add4ec5499adc29bf/element/f.577FC0ABE6C817B3F58267D3AFEEF055.d.0A1F589C054806A7D3198CFA787CFABF.e.583/click - {}
RESULT: undefined
COMMAND: POST /session/c0888585b7f3e34add4ec5499adc29bf/execute/async - {"script":"<script> [6424 bytes]","args":[{"element-6066-11e4-a52e-4f735466cecf":"f.577FC0ABE6C817B3F58267D3AFEEF055.d.0A1F589C054806A7D3198CFA787CFABF.e.263"},"getTitle",[]]}
COMMAND: POST /session/c0888585b7f3e34add4ec5499adc29bf/execute/async - {"script":"<script> [1562 bytes]","args":[{"selector":{"id":"shellAppTitle"},"wdio_ui5_key":"shellAppTitle"}]}
RESULT: {"script":"<script> [1562 bytes]","args":[{"selector":{"id":"shellAppTitle"},"wdio_ui5_key":"shellAppTitle"}]}
COMMAND: POST /session/c0888585b7f3e34add4ec5499adc29bf/execute/async - {"script":"<script> [6424 bytes]","args":[{"element-6066-11e4-a52e-4f735466cecf":"f.577FC0ABE6C817B3F58267D3AFEEF055.d.0A1F589C054806A7D3198CFA787CFABF.e.653"},"getTitle",[]]}
RESULT: {"script":"<script> [6424 bytes]","args":[{"element-6066-11e4-a52e-4f735466cecf":"f.577FC0ABE6C817B3F58267D3AFEEF055.d.0A1F589C054806A7D3198CFA787CFABF.e.653"},"getTitle",[]]}
RESULT: undefined
COMMAND: POST /session/c0888585b7f3e34add4ec5499adc29bf/element/f.577FC0ABE6C817B3F58267D3AFEEF055.d.0A1F589C054806A7D3198CFA787CFABF.e.581/click - {}
RESULT: {}
COMMAND: GET /session/c0888585b7f3e34add4ec5499adc29bf/screenshot - {}
RESULT: {}
]]></system-out>
    </testcase>
    <testcase classname="chrome.135_0_7049_42.windows.Sanity_Tests_US104253" name="Should open Manage Calendars page" time="36.992">
      <system-out><![CDATA[
COMMAND: POST /session/c0888585b7f3e34add4ec5499adc29bf/execute/async - {"script":"<script> [1562 bytes]","args":[{"selector":{"controlType":"sap.m.GenericTile","properties":{"header":"Manage Calendars"}},"wdio_ui5_key":"sapm.GenericTile{\"header\":\"Manage Calendars\"}"}]}
RESULT: {"script":"<script> [1562 bytes]","args":[{"selector":{"controlType":"sap.m.GenericTile","properties":{"header":"Manage Calendars"}},"wdio_ui5_key":"sapm.GenericTile{\"header\":\"Manage Calendars\"}"}]}
RESULT: undefined
COMMAND: POST /session/c0888585b7f3e34add4ec5499adc29bf/element - {"using":"xpath","value":"//*[@id=\"__tile47\"]"}
RESULT: {"using":"xpath","value":"//*[@id=\"__tile47\"]"}
COMMAND: POST /session/c0888585b7f3e34add4ec5499adc29bf/element/f.577FC0ABE6C817B3F58267D3AFEEF055.d.0A1F589C054806A7D3198CFA787CFABF.e.655/click - {}
RESULT: {}
COMMAND: GET /session/c0888585b7f3e34add4ec5499adc29bf/screenshot - {}
RESULT: {}
RESULT: undefined
COMMAND: POST /session/c0888585b7f3e34add4ec5499adc29bf/element - {"using":"xpath","value":"//*[@id=\"__tile47\"]"}
RESULT: {"using":"xpath","value":"//*[@id=\"__tile47\"]"}
COMMAND: POST /session/c0888585b7f3e34add4ec5499adc29bf/element/f.577FC0ABE6C817B3F58267D3AFEEF055.d.0A1F589C054806A7D3198CFA787CFABF.e.655/click - {}
RESULT: undefined
COMMAND: POST /session/c0888585b7f3e34add4ec5499adc29bf/element - {"using":"xpath","value":"//*[@id=\"__tile47\"]"}
RESULT: {"using":"xpath","value":"//*[@id=\"__tile47\"]"}
COMMAND: POST /session/c0888585b7f3e34add4ec5499adc29bf/element/f.577FC0ABE6C817B3F58267D3AFEEF055.d.0A1F589C054806A7D3198CFA787CFABF.e.655/click - {}
RESULT: undefined
COMMAND: POST /session/c0888585b7f3e34add4ec5499adc29bf/execute/async - {"script":"<script> [6424 bytes]","args":[{"element-6066-11e4-a52e-4f735466cecf":"f.577FC0ABE6C817B3F58267D3AFEEF055.d.0A1F589C054806A7D3198CFA787CFABF.e.263"},"getTitle",[]]}
COMMAND: POST /session/c0888585b7f3e34add4ec5499adc29bf/execute/async - {"script":"<script> [1562 bytes]","args":[{"selector":{"id":"shellAppTitle"},"wdio_ui5_key":"shellAppTitle"}]}
RESULT: {"script":"<script> [1562 bytes]","args":[{"selector":{"id":"shellAppTitle"},"wdio_ui5_key":"shellAppTitle"}]}
COMMAND: POST /session/c0888585b7f3e34add4ec5499adc29bf/execute/async - {"script":"<script> [6424 bytes]","args":[{"element-6066-11e4-a52e-4f735466cecf":"f.577FC0ABE6C817B3F58267D3AFEEF055.d.0A1F589C054806A7D3198CFA787CFABF.e.724"},"getTitle",[]]}
RESULT: {"script":"<script> [6424 bytes]","args":[{"element-6066-11e4-a52e-4f735466cecf":"f.577FC0ABE6C817B3F58267D3AFEEF055.d.0A1F589C054806A7D3198CFA787CFABF.e.724"},"getTitle",[]]}
RESULT: undefined
COMMAND: POST /session/c0888585b7f3e34add4ec5499adc29bf/element/f.577FC0ABE6C817B3F58267D3AFEEF055.d.0A1F589C054806A7D3198CFA787CFABF.e.581/click - {}
COMMAND: POST /session/c0888585b7f3e34add4ec5499adc29bf/element - {"using":"xpath","value":"//*[@id=\"backBtn\"]"}
RESULT: {"using":"xpath","value":"//*[@id=\"backBtn\"]"}
COMMAND: POST /session/c0888585b7f3e34add4ec5499adc29bf/element/f.577FC0ABE6C817B3F58267D3AFEEF055.d.0A1F589C054806A7D3198CFA787CFABF.e.581/click - {}
COMMAND: POST /session/c0888585b7f3e34add4ec5499adc29bf/element - {"using":"xpath","value":"//*[@id=\"backBtn\"]"}
RESULT: {"using":"xpath","value":"//*[@id=\"backBtn\"]"}
COMMAND: POST /session/c0888585b7f3e34add4ec5499adc29bf/element/f.577FC0ABE6C817B3F58267D3AFEEF055.d.0A1F589C054806A7D3198CFA787CFABF.e.725/click - {}
RESULT: {}
COMMAND: GET /session/c0888585b7f3e34add4ec5499adc29bf/screenshot - {}
RESULT: {}
]]></system-out>
    </testcase>
    <testcase classname="chrome.135_0_7049_42.windows.Sanity_Tests_US104253" name="Should open Address Management page" time="38.501">
      <system-out><![CDATA[
COMMAND: POST /session/c0888585b7f3e34add4ec5499adc29bf/execute/async - {"script":"<script> [1562 bytes]","args":[{"selector":{"controlType":"sap.m.GenericTile","properties":{"header":"Address Management"}},"wdio_ui5_key":"sapm.GenericTile{\"header\":\"Address Management\"}"}]}
RESULT: {"script":"<script> [1562 bytes]","args":[{"selector":{"controlType":"sap.m.GenericTile","properties":{"header":"Address Management"}},"wdio_ui5_key":"sapm.GenericTile{\"header\":\"Address Management\"}"}]}
RESULT: undefined
COMMAND: POST /session/c0888585b7f3e34add4ec5499adc29bf/element - {"using":"xpath","value":"//*[@id=\"__tile44\"]"}
RESULT: {"using":"xpath","value":"//*[@id=\"__tile44\"]"}
COMMAND: POST /session/c0888585b7f3e34add4ec5499adc29bf/element/f.577FC0ABE6C817B3F58267D3AFEEF055.d.0A1F589C054806A7D3198CFA787CFABF.e.727/click - {}
RESULT: {}
COMMAND: GET /session/c0888585b7f3e34add4ec5499adc29bf/screenshot - {}
RESULT: {}
RESULT: undefined
COMMAND: POST /session/c0888585b7f3e34add4ec5499adc29bf/element - {"using":"xpath","value":"//*[@id=\"__tile44\"]"}
RESULT: {"using":"xpath","value":"//*[@id=\"__tile44\"]"}
COMMAND: POST /session/c0888585b7f3e34add4ec5499adc29bf/element/f.577FC0ABE6C817B3F58267D3AFEEF055.d.0A1F589C054806A7D3198CFA787CFABF.e.727/click - {}
RESULT: undefined
COMMAND: POST /session/c0888585b7f3e34add4ec5499adc29bf/element - {"using":"xpath","value":"//*[@id=\"__tile44\"]"}
RESULT: {"using":"xpath","value":"//*[@id=\"__tile44\"]"}
COMMAND: POST /session/c0888585b7f3e34add4ec5499adc29bf/element/f.577FC0ABE6C817B3F58267D3AFEEF055.d.0A1F589C054806A7D3198CFA787CFABF.e.727/click - {}
RESULT: undefined
COMMAND: POST /session/c0888585b7f3e34add4ec5499adc29bf/execute/async - {"script":"<script> [6424 bytes]","args":[{"element-6066-11e4-a52e-4f735466cecf":"f.577FC0ABE6C817B3F58267D3AFEEF055.d.0A1F589C054806A7D3198CFA787CFABF.e.263"},"getTitle",[]]}
COMMAND: POST /session/c0888585b7f3e34add4ec5499adc29bf/execute/async - {"script":"<script> [1562 bytes]","args":[{"selector":{"id":"shellAppTitle"},"wdio_ui5_key":"shellAppTitle"}]}
RESULT: {"script":"<script> [1562 bytes]","args":[{"selector":{"id":"shellAppTitle"},"wdio_ui5_key":"shellAppTitle"}]}
COMMAND: POST /session/c0888585b7f3e34add4ec5499adc29bf/execute/async - {"script":"<script> [6424 bytes]","args":[{"element-6066-11e4-a52e-4f735466cecf":"f.577FC0ABE6C817B3F58267D3AFEEF055.d.0A1F589C054806A7D3198CFA787CFABF.e.1087"},"getTitle",[]]}
RESULT: {"script":"<script> [6424 bytes]","args":[{"element-6066-11e4-a52e-4f735466cecf":"f.577FC0ABE6C817B3F58267D3AFEEF055.d.0A1F589C054806A7D3198CFA787CFABF.e.1087"},"getTitle",[]]}
RESULT: undefined
COMMAND: POST /session/c0888585b7f3e34add4ec5499adc29bf/element/f.577FC0ABE6C817B3F58267D3AFEEF055.d.0A1F589C054806A7D3198CFA787CFABF.e.725/click - {}
RESULT: {}
COMMAND: GET /session/c0888585b7f3e34add4ec5499adc29bf/screenshot - {}
RESULT: {}
]]></system-out>
    </testcase>
    <testcase classname="chrome.135_0_7049_42.windows.Sanity_Tests_US104253" name="Should open Bill Of Resources page" time="35.926">
      <system-out><![CDATA[
COMMAND: POST /session/c0888585b7f3e34add4ec5499adc29bf/execute/async - {"script":"<script> [1562 bytes]","args":[{"selector":{"controlType":"sap.m.GenericTile","properties":{"header":"Bill Of Resources"}},"wdio_ui5_key":"sapm.GenericTile{\"header\":\"Bill Of Resources\"}"}]}
RESULT: {"script":"<script> [1562 bytes]","args":[{"selector":{"controlType":"sap.m.GenericTile","properties":{"header":"Bill Of Resources"}},"wdio_ui5_key":"sapm.GenericTile{\"header\":\"Bill Of Resources\"}"}]}
RESULT: undefined
COMMAND: POST /session/c0888585b7f3e34add4ec5499adc29bf/element - {"using":"xpath","value":"//*[@id=\"__tile45\"]"}
RESULT: {"using":"xpath","value":"//*[@id=\"__tile45\"]"}
COMMAND: POST /session/c0888585b7f3e34add4ec5499adc29bf/element/f.577FC0ABE6C817B3F58267D3AFEEF055.d.0A1F589C054806A7D3198CFA787CFABF.e.1089/click - {}
RESULT: {}
COMMAND: GET /session/c0888585b7f3e34add4ec5499adc29bf/screenshot - {}
RESULT: {}
RESULT: undefined
COMMAND: POST /session/c0888585b7f3e34add4ec5499adc29bf/element - {"using":"xpath","value":"//*[@id=\"__tile45\"]"}
RESULT: {"using":"xpath","value":"//*[@id=\"__tile45\"]"}
COMMAND: POST /session/c0888585b7f3e34add4ec5499adc29bf/element/f.577FC0ABE6C817B3F58267D3AFEEF055.d.0A1F589C054806A7D3198CFA787CFABF.e.1089/click - {}
RESULT: undefined
COMMAND: POST /session/c0888585b7f3e34add4ec5499adc29bf/element - {"using":"xpath","value":"//*[@id=\"__tile45\"]"}
RESULT: {"using":"xpath","value":"//*[@id=\"__tile45\"]"}
COMMAND: POST /session/c0888585b7f3e34add4ec5499adc29bf/element/f.577FC0ABE6C817B3F58267D3AFEEF055.d.0A1F589C054806A7D3198CFA787CFABF.e.1089/click - {}
RESULT: undefined
COMMAND: POST /session/c0888585b7f3e34add4ec5499adc29bf/execute/async - {"script":"<script> [6424 bytes]","args":[{"element-6066-11e4-a52e-4f735466cecf":"f.577FC0ABE6C817B3F58267D3AFEEF055.d.0A1F589C054806A7D3198CFA787CFABF.e.263"},"getTitle",[]]}
COMMAND: POST /session/c0888585b7f3e34add4ec5499adc29bf/execute/async - {"script":"<script> [1562 bytes]","args":[{"selector":{"id":"shellAppTitle"},"wdio_ui5_key":"shellAppTitle"}]}
RESULT: {"script":"<script> [1562 bytes]","args":[{"selector":{"id":"shellAppTitle"},"wdio_ui5_key":"shellAppTitle"}]}
COMMAND: POST /session/c0888585b7f3e34add4ec5499adc29bf/execute/async - {"script":"<script> [6424 bytes]","args":[{"element-6066-11e4-a52e-4f735466cecf":"f.577FC0ABE6C817B3F58267D3AFEEF055.d.0A1F589C054806A7D3198CFA787CFABF.e.1177"},"getTitle",[]]}
RESULT: {"script":"<script> [6424 bytes]","args":[{"element-6066-11e4-a52e-4f735466cecf":"f.577FC0ABE6C817B3F58267D3AFEEF055.d.0A1F589C054806A7D3198CFA787CFABF.e.1177"},"getTitle",[]]}
RESULT: undefined
COMMAND: POST /session/c0888585b7f3e34add4ec5499adc29bf/element/f.577FC0ABE6C817B3F58267D3AFEEF055.d.0A1F589C054806A7D3198CFA787CFABF.e.725/click - {}
COMMAND: POST /session/c0888585b7f3e34add4ec5499adc29bf/element - {"using":"xpath","value":"//*[@id=\"backBtn\"]"}
RESULT: {"using":"xpath","value":"//*[@id=\"backBtn\"]"}
COMMAND: POST /session/c0888585b7f3e34add4ec5499adc29bf/element/f.577FC0ABE6C817B3F58267D3AFEEF055.d.0A1F589C054806A7D3198CFA787CFABF.e.725/click - {}
COMMAND: POST /session/c0888585b7f3e34add4ec5499adc29bf/element - {"using":"xpath","value":"//*[@id=\"backBtn\"]"}
RESULT: {"using":"xpath","value":"//*[@id=\"backBtn\"]"}
COMMAND: POST /session/c0888585b7f3e34add4ec5499adc29bf/element/f.577FC0ABE6C817B3F58267D3AFEEF055.d.0A1F589C054806A7D3198CFA787CFABF.e.1178/click - {}
RESULT: {}
COMMAND: GET /session/c0888585b7f3e34add4ec5499adc29bf/screenshot - {}
RESULT: {}
]]></system-out>
    </testcase>
    <testcase classname="chrome.135_0_7049_42.windows.Sanity_Tests_US104253" name="Should open Manage Yards page" time="37.206">
      <system-out><![CDATA[
COMMAND: POST /session/c0888585b7f3e34add4ec5499adc29bf/execute/async - {"script":"<script> [1562 bytes]","args":[{"selector":{"controlType":"sap.m.GenericTile","properties":{"header":"Manage Yards"}},"wdio_ui5_key":"sapm.GenericTile{\"header\":\"Manage Yards\"}"}]}
RESULT: {"script":"<script> [1562 bytes]","args":[{"selector":{"controlType":"sap.m.GenericTile","properties":{"header":"Manage Yards"}},"wdio_ui5_key":"sapm.GenericTile{\"header\":\"Manage Yards\"}"}]}
RESULT: undefined
COMMAND: POST /session/c0888585b7f3e34add4ec5499adc29bf/element - {"using":"xpath","value":"//*[@id=\"__tile52\"]"}
RESULT: {"using":"xpath","value":"//*[@id=\"__tile52\"]"}
COMMAND: POST /session/c0888585b7f3e34add4ec5499adc29bf/element/f.577FC0ABE6C817B3F58267D3AFEEF055.d.0A1F589C054806A7D3198CFA787CFABF.e.1180/click - {}
RESULT: {}
COMMAND: GET /session/c0888585b7f3e34add4ec5499adc29bf/screenshot - {}
RESULT: {}
RESULT: undefined
COMMAND: POST /session/c0888585b7f3e34add4ec5499adc29bf/element - {"using":"xpath","value":"//*[@id=\"__tile52\"]"}
RESULT: {"using":"xpath","value":"//*[@id=\"__tile52\"]"}
COMMAND: POST /session/c0888585b7f3e34add4ec5499adc29bf/element/f.577FC0ABE6C817B3F58267D3AFEEF055.d.0A1F589C054806A7D3198CFA787CFABF.e.1180/click - {}
RESULT: undefined
COMMAND: POST /session/c0888585b7f3e34add4ec5499adc29bf/element - {"using":"xpath","value":"//*[@id=\"__tile52\"]"}
RESULT: {"using":"xpath","value":"//*[@id=\"__tile52\"]"}
COMMAND: POST /session/c0888585b7f3e34add4ec5499adc29bf/element/f.577FC0ABE6C817B3F58267D3AFEEF055.d.0A1F589C054806A7D3198CFA787CFABF.e.1180/click - {}
RESULT: undefined
COMMAND: POST /session/c0888585b7f3e34add4ec5499adc29bf/execute/async - {"script":"<script> [6424 bytes]","args":[{"element-6066-11e4-a52e-4f735466cecf":"f.577FC0ABE6C817B3F58267D3AFEEF055.d.0A1F589C054806A7D3198CFA787CFABF.e.263"},"getTitle",[]]}
COMMAND: POST /session/c0888585b7f3e34add4ec5499adc29bf/execute/async - {"script":"<script> [1562 bytes]","args":[{"selector":{"id":"shellAppTitle"},"wdio_ui5_key":"shellAppTitle"}]}
RESULT: {"script":"<script> [1562 bytes]","args":[{"selector":{"id":"shellAppTitle"},"wdio_ui5_key":"shellAppTitle"}]}
COMMAND: POST /session/c0888585b7f3e34add4ec5499adc29bf/execute/async - {"script":"<script> [6424 bytes]","args":[{"element-6066-11e4-a52e-4f735466cecf":"f.577FC0ABE6C817B3F58267D3AFEEF055.d.0A1F589C054806A7D3198CFA787CFABF.e.1360"},"getTitle",[]]}
RESULT: {"script":"<script> [6424 bytes]","args":[{"element-6066-11e4-a52e-4f735466cecf":"f.577FC0ABE6C817B3F58267D3AFEEF055.d.0A1F589C054806A7D3198CFA787CFABF.e.1360"},"getTitle",[]]}
RESULT: undefined
COMMAND: POST /session/c0888585b7f3e34add4ec5499adc29bf/element/f.577FC0ABE6C817B3F58267D3AFEEF055.d.0A1F589C054806A7D3198CFA787CFABF.e.1178/click - {}
RESULT: {}
COMMAND: GET /session/c0888585b7f3e34add4ec5499adc29bf/screenshot - {}
RESULT: {}
]]></system-out>
    </testcase>
    <testcase classname="chrome.135_0_7049_42.windows.Sanity_Tests_US104253" name="Should open Manage Requests page" time="37.743">
      <system-out><![CDATA[
COMMAND: POST /session/c0888585b7f3e34add4ec5499adc29bf/execute/async - {"script":"<script> [1562 bytes]","args":[{"selector":{"controlType":"sap.m.GenericTile","properties":{"header":"Manage Requests"}},"wdio_ui5_key":"sapm.GenericTile{\"header\":\"Manage Requests\"}"}]}
RESULT: {"script":"<script> [1562 bytes]","args":[{"selector":{"controlType":"sap.m.GenericTile","properties":{"header":"Manage Requests"}},"wdio_ui5_key":"sapm.GenericTile{\"header\":\"Manage Requests\"}"}]}
RESULT: undefined
COMMAND: POST /session/c0888585b7f3e34add4ec5499adc29bf/element - {"using":"xpath","value":"//*[@id=\"__tile58\"]"}
RESULT: {"using":"xpath","value":"//*[@id=\"__tile58\"]"}
COMMAND: POST /session/c0888585b7f3e34add4ec5499adc29bf/element/f.577FC0ABE6C817B3F58267D3AFEEF055.d.0A1F589C054806A7D3198CFA787CFABF.e.1362/click - {}
RESULT: {}
COMMAND: GET /session/c0888585b7f3e34add4ec5499adc29bf/screenshot - {}
RESULT: {}
RESULT: undefined
COMMAND: POST /session/c0888585b7f3e34add4ec5499adc29bf/element - {"using":"xpath","value":"//*[@id=\"__tile58\"]"}
RESULT: {"using":"xpath","value":"//*[@id=\"__tile58\"]"}
COMMAND: POST /session/c0888585b7f3e34add4ec5499adc29bf/element/f.577FC0ABE6C817B3F58267D3AFEEF055.d.0A1F589C054806A7D3198CFA787CFABF.e.1362/click - {}
RESULT: undefined
COMMAND: POST /session/c0888585b7f3e34add4ec5499adc29bf/element - {"using":"xpath","value":"//*[@id=\"__tile58\"]"}
RESULT: {"using":"xpath","value":"//*[@id=\"__tile58\"]"}
COMMAND: POST /session/c0888585b7f3e34add4ec5499adc29bf/element/f.577FC0ABE6C817B3F58267D3AFEEF055.d.0A1F589C054806A7D3198CFA787CFABF.e.1362/click - {}
RESULT: undefined
COMMAND: POST /session/c0888585b7f3e34add4ec5499adc29bf/execute/async - {"script":"<script> [6424 bytes]","args":[{"element-6066-11e4-a52e-4f735466cecf":"f.577FC0ABE6C817B3F58267D3AFEEF055.d.0A1F589C054806A7D3198CFA787CFABF.e.263"},"getTitle",[]]}
COMMAND: POST /session/c0888585b7f3e34add4ec5499adc29bf/execute/async - {"script":"<script> [1562 bytes]","args":[{"selector":{"id":"shellAppTitle"},"wdio_ui5_key":"shellAppTitle"}]}
RESULT: {"script":"<script> [1562 bytes]","args":[{"selector":{"id":"shellAppTitle"},"wdio_ui5_key":"shellAppTitle"}]}
COMMAND: POST /session/c0888585b7f3e34add4ec5499adc29bf/execute/async - {"script":"<script> [6424 bytes]","args":[{"element-6066-11e4-a52e-4f735466cecf":"f.577FC0ABE6C817B3F58267D3AFEEF055.d.0A1F589C054806A7D3198CFA787CFABF.e.1453"},"getTitle",[]]}
RESULT: {"script":"<script> [6424 bytes]","args":[{"element-6066-11e4-a52e-4f735466cecf":"f.577FC0ABE6C817B3F58267D3AFEEF055.d.0A1F589C054806A7D3198CFA787CFABF.e.1453"},"getTitle",[]]}
RESULT: undefined
COMMAND: POST /session/c0888585b7f3e34add4ec5499adc29bf/element/f.577FC0ABE6C817B3F58267D3AFEEF055.d.0A1F589C054806A7D3198CFA787CFABF.e.1178/click - {}
COMMAND: POST /session/c0888585b7f3e34add4ec5499adc29bf/element - {"using":"xpath","value":"//*[@id=\"backBtn\"]"}
RESULT: {"using":"xpath","value":"//*[@id=\"backBtn\"]"}
COMMAND: POST /session/c0888585b7f3e34add4ec5499adc29bf/element/f.577FC0ABE6C817B3F58267D3AFEEF055.d.0A1F589C054806A7D3198CFA787CFABF.e.1178/click - {}
COMMAND: POST /session/c0888585b7f3e34add4ec5499adc29bf/element - {"using":"xpath","value":"//*[@id=\"backBtn\"]"}
RESULT: {"using":"xpath","value":"//*[@id=\"backBtn\"]"}
COMMAND: POST /session/c0888585b7f3e34add4ec5499adc29bf/element/f.577FC0ABE6C817B3F58267D3AFEEF055.d.0A1F589C054806A7D3198CFA787CFABF.e.1454/click - {}
RESULT: {}
COMMAND: GET /session/c0888585b7f3e34add4ec5499adc29bf/screenshot - {}
RESULT: {}
]]></system-out>
    </testcase>
    <testcase classname="chrome.135_0_7049_42.windows.Sanity_Tests_US104253" name="Should open Manage Purchasing page" time="42.394">
      <system-out><![CDATA[
COMMAND: POST /session/c0888585b7f3e34add4ec5499adc29bf/execute/async - {"script":"<script> [1562 bytes]","args":[{"selector":{"controlType":"sap.m.GenericTile","properties":{"header":"Manage Purchasing"}},"wdio_ui5_key":"sapm.GenericTile{\"header\":\"Manage Purchasing\"}"}]}
RESULT: {"script":"<script> [1562 bytes]","args":[{"selector":{"controlType":"sap.m.GenericTile","properties":{"header":"Manage Purchasing"}},"wdio_ui5_key":"sapm.GenericTile{\"header\":\"Manage Purchasing\"}"}]}
RESULT: undefined
COMMAND: POST /session/c0888585b7f3e34add4ec5499adc29bf/element - {"using":"xpath","value":"//*[@id=\"__tile57\"]"}
RESULT: {"using":"xpath","value":"//*[@id=\"__tile57\"]"}
COMMAND: POST /session/c0888585b7f3e34add4ec5499adc29bf/element/f.577FC0ABE6C817B3F58267D3AFEEF055.d.0A1F589C054806A7D3198CFA787CFABF.e.1457/click - {}
RESULT: {}
COMMAND: GET /session/c0888585b7f3e34add4ec5499adc29bf/screenshot - {}
RESULT: {}
RESULT: undefined
COMMAND: POST /session/c0888585b7f3e34add4ec5499adc29bf/element - {"using":"xpath","value":"//*[@id=\"__tile57\"]"}
RESULT: {"using":"xpath","value":"//*[@id=\"__tile57\"]"}
COMMAND: POST /session/c0888585b7f3e34add4ec5499adc29bf/element/f.577FC0ABE6C817B3F58267D3AFEEF055.d.0A1F589C054806A7D3198CFA787CFABF.e.1457/click - {}
RESULT: undefined
COMMAND: POST /session/c0888585b7f3e34add4ec5499adc29bf/element - {"using":"xpath","value":"//*[@id=\"__tile57\"]"}
RESULT: {"using":"xpath","value":"//*[@id=\"__tile57\"]"}
COMMAND: POST /session/c0888585b7f3e34add4ec5499adc29bf/element/f.577FC0ABE6C817B3F58267D3AFEEF055.d.0A1F589C054806A7D3198CFA787CFABF.e.1457/click - {}
RESULT: undefined
COMMAND: POST /session/c0888585b7f3e34add4ec5499adc29bf/execute/async - {"script":"<script> [6424 bytes]","args":[{"element-6066-11e4-a52e-4f735466cecf":"f.577FC0ABE6C817B3F58267D3AFEEF055.d.0A1F589C054806A7D3198CFA787CFABF.e.263"},"getTitle",[]]}
COMMAND: POST /session/c0888585b7f3e34add4ec5499adc29bf/execute/async - {"script":"<script> [1562 bytes]","args":[{"selector":{"id":"shellAppTitle"},"wdio_ui5_key":"shellAppTitle"}]}
RESULT: {"script":"<script> [1562 bytes]","args":[{"selector":{"id":"shellAppTitle"},"wdio_ui5_key":"shellAppTitle"}]}
COMMAND: POST /session/c0888585b7f3e34add4ec5499adc29bf/execute/async - {"script":"<script> [6424 bytes]","args":[{"element-6066-11e4-a52e-4f735466cecf":"f.577FC0ABE6C817B3F58267D3AFEEF055.d.0A1F589C054806A7D3198CFA787CFABF.e.1537"},"getTitle",[]]}
RESULT: {"script":"<script> [6424 bytes]","args":[{"element-6066-11e4-a52e-4f735466cecf":"f.577FC0ABE6C817B3F58267D3AFEEF055.d.0A1F589C054806A7D3198CFA787CFABF.e.1537"},"getTitle",[]]}
RESULT: undefined
COMMAND: POST /session/c0888585b7f3e34add4ec5499adc29bf/element/f.577FC0ABE6C817B3F58267D3AFEEF055.d.0A1F589C054806A7D3198CFA787CFABF.e.1454/click - {}
RESULT: {}
COMMAND: GET /session/c0888585b7f3e34add4ec5499adc29bf/screenshot - {}
RESULT: {}
]]></system-out>
    </testcase>
    <testcase classname="chrome.135_0_7049_42.windows.Sanity_Tests_US104253" name="Should open Planning Board page" time="37.195">
      <system-out><![CDATA[
COMMAND: POST /session/c0888585b7f3e34add4ec5499adc29bf/execute/async - {"script":"<script> [1562 bytes]","args":[{"selector":{"controlType":"sap.m.GenericTile","properties":{"header":"Planning Board"}},"wdio_ui5_key":"sapm.GenericTile{\"header\":\"Planning Board\"}"}]}
RESULT: {"script":"<script> [1562 bytes]","args":[{"selector":{"controlType":"sap.m.GenericTile","properties":{"header":"Planning Board"}},"wdio_ui5_key":"sapm.GenericTile{\"header\":\"Planning Board\"}"}]}
RESULT: undefined
COMMAND: POST /session/c0888585b7f3e34add4ec5499adc29bf/element - {"using":"xpath","value":"//*[@id=\"__tile131\"]"}
RESULT: {"using":"xpath","value":"//*[@id=\"__tile131\"]"}
COMMAND: POST /session/c0888585b7f3e34add4ec5499adc29bf/element/f.577FC0ABE6C817B3F58267D3AFEEF055.d.0A1F589C054806A7D3198CFA787CFABF.e.1539/click - {}
RESULT: {}
COMMAND: GET /session/c0888585b7f3e34add4ec5499adc29bf/screenshot - {}
RESULT: {}
RESULT: undefined
COMMAND: POST /session/c0888585b7f3e34add4ec5499adc29bf/element - {"using":"xpath","value":"//*[@id=\"__tile131\"]"}
RESULT: {"using":"xpath","value":"//*[@id=\"__tile131\"]"}
COMMAND: POST /session/c0888585b7f3e34add4ec5499adc29bf/element/f.577FC0ABE6C817B3F58267D3AFEEF055.d.0A1F589C054806A7D3198CFA787CFABF.e.1539/click - {}
RESULT: undefined
COMMAND: POST /session/c0888585b7f3e34add4ec5499adc29bf/element - {"using":"xpath","value":"//*[@id=\"__tile131\"]"}
RESULT: {"using":"xpath","value":"//*[@id=\"__tile131\"]"}
COMMAND: POST /session/c0888585b7f3e34add4ec5499adc29bf/element/f.577FC0ABE6C817B3F58267D3AFEEF055.d.0A1F589C054806A7D3198CFA787CFABF.e.1539/click - {}
RESULT: undefined
COMMAND: POST /session/c0888585b7f3e34add4ec5499adc29bf/execute/async - {"script":"<script> [6424 bytes]","args":[{"element-6066-11e4-a52e-4f735466cecf":"f.577FC0ABE6C817B3F58267D3AFEEF055.d.0A1F589C054806A7D3198CFA787CFABF.e.263"},"getTitle",[]]}
COMMAND: POST /session/c0888585b7f3e34add4ec5499adc29bf/execute/async - {"script":"<script> [1562 bytes]","args":[{"selector":{"id":"shellAppTitle"},"wdio_ui5_key":"shellAppTitle"}]}
RESULT: {"script":"<script> [1562 bytes]","args":[{"selector":{"id":"shellAppTitle"},"wdio_ui5_key":"shellAppTitle"}]}
COMMAND: POST /session/c0888585b7f3e34add4ec5499adc29bf/execute/async - {"script":"<script> [6424 bytes]","args":[{"element-6066-11e4-a52e-4f735466cecf":"f.577FC0ABE6C817B3F58267D3AFEEF055.d.0A1F589C054806A7D3198CFA787CFABF.e.1590"},"getTitle",[]]}
RESULT: {"script":"<script> [6424 bytes]","args":[{"element-6066-11e4-a52e-4f735466cecf":"f.577FC0ABE6C817B3F58267D3AFEEF055.d.0A1F589C054806A7D3198CFA787CFABF.e.1590"},"getTitle",[]]}
RESULT: undefined
COMMAND: POST /session/c0888585b7f3e34add4ec5499adc29bf/element/f.577FC0ABE6C817B3F58267D3AFEEF055.d.0A1F589C054806A7D3198CFA787CFABF.e.1454/click - {}
COMMAND: POST /session/c0888585b7f3e34add4ec5499adc29bf/element/f.577FC0ABE6C817B3F58267D3AFEEF055.d.0A1F589C054806A7D3198CFA787CFABF.e.1454/click - {}
COMMAND: POST /session/c0888585b7f3e34add4ec5499adc29bf/element - {"using":"xpath","value":"//*[@id=\"backBtn\"]"}
COMMAND: POST /session/c0888585b7f3e34add4ec5499adc29bf/element - {"using":"xpath","value":"//*[@id=\"backBtn\"]"}
RESULT: {"using":"xpath","value":"//*[@id=\"backBtn\"]"}
COMMAND: POST /session/c0888585b7f3e34add4ec5499adc29bf/element/f.577FC0ABE6C817B3F58267D3AFEEF055.d.0A1F589C054806A7D3198CFA787CFABF.e.1454/click - {}
RESULT: {"using":"xpath","value":"//*[@id=\"backBtn\"]"}
COMMAND: POST /session/c0888585b7f3e34add4ec5499adc29bf/element/f.577FC0ABE6C817B3F58267D3AFEEF055.d.0A1F589C054806A7D3198CFA787CFABF.e.1454/click - {}
COMMAND: POST /session/c0888585b7f3e34add4ec5499adc29bf/element - {"using":"xpath","value":"//*[@id=\"backBtn\"]"}
COMMAND: POST /session/c0888585b7f3e34add4ec5499adc29bf/element - {"using":"xpath","value":"//*[@id=\"backBtn\"]"}
RESULT: {"using":"xpath","value":"//*[@id=\"backBtn\"]"}
COMMAND: POST /session/c0888585b7f3e34add4ec5499adc29bf/element/f.577FC0ABE6C817B3F58267D3AFEEF055.d.0A1F589C054806A7D3198CFA787CFABF.e.1591/click - {}
RESULT: {"using":"xpath","value":"//*[@id=\"backBtn\"]"}
COMMAND: POST /session/c0888585b7f3e34add4ec5499adc29bf/element/f.577FC0ABE6C817B3F58267D3AFEEF055.d.0A1F589C054806A7D3198CFA787CFABF.e.1591/click - {}
RESULT: {}
COMMAND: GET /session/c0888585b7f3e34add4ec5499adc29bf/screenshot - {}
RESULT: {}
COMMAND: GET /session/c0888585b7f3e34add4ec5499adc29bf/screenshot - {}
RESULT: {}
RESULT: {}
]]></system-out>
    </testcase>
    <testcase classname="chrome.135_0_7049_42.windows.Sanity_Tests_US104253" name="Should open Manage Contracts page" time="35.46">
      <system-out><![CDATA[
COMMAND: POST /session/c0888585b7f3e34add4ec5499adc29bf/execute/async - {"script":"<script> [1562 bytes]","args":[{"selector":{"controlType":"sap.m.GenericTile","properties":{"header":"Manage Contracts"}},"wdio_ui5_key":"sapm.GenericTile{\"header\":\"Manage Contracts\"}"}]}
RESULT: {"script":"<script> [1562 bytes]","args":[{"selector":{"controlType":"sap.m.GenericTile","properties":{"header":"Manage Contracts"}},"wdio_ui5_key":"sapm.GenericTile{\"header\":\"Manage Contracts\"}"}]}
RESULT: undefined
COMMAND: POST /session/c0888585b7f3e34add4ec5499adc29bf/element - {"using":"xpath","value":"//*[@id=\"__tile130\"]"}
RESULT: {"using":"xpath","value":"//*[@id=\"__tile130\"]"}
COMMAND: POST /session/c0888585b7f3e34add4ec5499adc29bf/element/f.577FC0ABE6C817B3F58267D3AFEEF055.d.0A1F589C054806A7D3198CFA787CFABF.e.1593/click - {}
RESULT: {}
COMMAND: GET /session/c0888585b7f3e34add4ec5499adc29bf/screenshot - {}
RESULT: {}
RESULT: undefined
COMMAND: POST /session/c0888585b7f3e34add4ec5499adc29bf/element - {"using":"xpath","value":"//*[@id=\"__tile130\"]"}
RESULT: {"using":"xpath","value":"//*[@id=\"__tile130\"]"}
COMMAND: POST /session/c0888585b7f3e34add4ec5499adc29bf/element/f.577FC0ABE6C817B3F58267D3AFEEF055.d.0A1F589C054806A7D3198CFA787CFABF.e.1593/click - {}
RESULT: undefined
COMMAND: POST /session/c0888585b7f3e34add4ec5499adc29bf/element - {"using":"xpath","value":"//*[@id=\"__tile130\"]"}
RESULT: {"using":"xpath","value":"//*[@id=\"__tile130\"]"}
COMMAND: POST /session/c0888585b7f3e34add4ec5499adc29bf/element/f.577FC0ABE6C817B3F58267D3AFEEF055.d.0A1F589C054806A7D3198CFA787CFABF.e.1593/click - {}
RESULT: undefined
RESULT: undefined
RESULT: undefined
COMMAND: POST /session/c0888585b7f3e34add4ec5499adc29bf/execute/async - {"script":"<script> [6424 bytes]","args":[{"element-6066-11e4-a52e-4f735466cecf":"f.577FC0ABE6C817B3F58267D3AFEEF055.d.0A1F589C054806A7D3198CFA787CFABF.e.263"},"getTitle",[]]}
COMMAND: POST /session/c0888585b7f3e34add4ec5499adc29bf/execute/async - {"script":"<script> [1562 bytes]","args":[{"selector":{"id":"shellAppTitle"},"wdio_ui5_key":"shellAppTitle"}]}
RESULT: {"script":"<script> [1562 bytes]","args":[{"selector":{"id":"shellAppTitle"},"wdio_ui5_key":"shellAppTitle"}]}
COMMAND: POST /session/c0888585b7f3e34add4ec5499adc29bf/execute/async - {"script":"<script> [6424 bytes]","args":[{"element-6066-11e4-a52e-4f735466cecf":"f.577FC0ABE6C817B3F58267D3AFEEF055.d.0A1F589C054806A7D3198CFA787CFABF.e.1653"},"getTitle",[]]}
RESULT: {"script":"<script> [6424 bytes]","args":[{"element-6066-11e4-a52e-4f735466cecf":"f.577FC0ABE6C817B3F58267D3AFEEF055.d.0A1F589C054806A7D3198CFA787CFABF.e.1653"},"getTitle",[]]}
RESULT: undefined
COMMAND: POST /session/c0888585b7f3e34add4ec5499adc29bf/element/f.577FC0ABE6C817B3F58267D3AFEEF055.d.0A1F589C054806A7D3198CFA787CFABF.e.1591/click - {}
RESULT: {}
COMMAND: GET /session/c0888585b7f3e34add4ec5499adc29bf/screenshot - {}
RESULT: {}
]]></system-out>
    </testcase>
    <testcase classname="chrome.135_0_7049_42.windows.Sanity_Tests_US104253" name="Should open Manage Quotations page" time="31.092">
      <system-out><![CDATA[
COMMAND: POST /session/c0888585b7f3e34add4ec5499adc29bf/execute/async - {"script":"<script> [1562 bytes]","args":[{"selector":{"controlType":"sap.m.GenericTile","properties":{"header":"Manage Quotations"}},"wdio_ui5_key":"sapm.GenericTile{\"header\":\"Manage Quotations\"}"}]}
RESULT: {"script":"<script> [1562 bytes]","args":[{"selector":{"controlType":"sap.m.GenericTile","properties":{"header":"Manage Quotations"}},"wdio_ui5_key":"sapm.GenericTile{\"header\":\"Manage Quotations\"}"}]}
RESULT: undefined
COMMAND: POST /session/c0888585b7f3e34add4ec5499adc29bf/element - {"using":"xpath","value":"//*[@id=\"__tile132\"]"}
RESULT: {"using":"xpath","value":"//*[@id=\"__tile132\"]"}
COMMAND: POST /session/c0888585b7f3e34add4ec5499adc29bf/element/f.577FC0ABE6C817B3F58267D3AFEEF055.d.0A1F589C054806A7D3198CFA787CFABF.e.1655/click - {}
RESULT: {}
COMMAND: GET /session/c0888585b7f3e34add4ec5499adc29bf/screenshot - {}
RESULT: {}
RESULT: undefined
COMMAND: POST /session/c0888585b7f3e34add4ec5499adc29bf/element - {"using":"xpath","value":"//*[@id=\"__tile132\"]"}
RESULT: undefined
RESULT: undefined
RESULT: {"using":"xpath","value":"//*[@id=\"__tile132\"]"}
COMMAND: POST /session/c0888585b7f3e34add4ec5499adc29bf/element/f.577FC0ABE6C817B3F58267D3AFEEF055.d.0A1F589C054806A7D3198CFA787CFABF.e.1655/click - {}
RESULT: undefined
COMMAND: POST /session/c0888585b7f3e34add4ec5499adc29bf/element - {"using":"xpath","value":"//*[@id=\"__tile132\"]"}
RESULT: {"using":"xpath","value":"//*[@id=\"__tile132\"]"}
COMMAND: POST /session/c0888585b7f3e34add4ec5499adc29bf/element/f.577FC0ABE6C817B3F58267D3AFEEF055.d.0A1F589C054806A7D3198CFA787CFABF.e.1655/click - {}
RESULT: undefined
COMMAND: POST /session/c0888585b7f3e34add4ec5499adc29bf/execute/async - {"script":"<script> [6424 bytes]","args":[{"element-6066-11e4-a52e-4f735466cecf":"f.577FC0ABE6C817B3F58267D3AFEEF055.d.0A1F589C054806A7D3198CFA787CFABF.e.263"},"getTitle",[]]}
COMMAND: POST /session/c0888585b7f3e34add4ec5499adc29bf/execute/async - {"script":"<script> [1562 bytes]","args":[{"selector":{"id":"shellAppTitle"},"wdio_ui5_key":"shellAppTitle"}]}
RESULT: {"script":"<script> [1562 bytes]","args":[{"selector":{"id":"shellAppTitle"},"wdio_ui5_key":"shellAppTitle"}]}
COMMAND: POST /session/c0888585b7f3e34add4ec5499adc29bf/execute/async - {"script":"<script> [6424 bytes]","args":[{"element-6066-11e4-a52e-4f735466cecf":"f.577FC0ABE6C817B3F58267D3AFEEF055.d.0A1F589C054806A7D3198CFA787CFABF.e.1765"},"getTitle",[]]}
RESULT: {"script":"<script> [6424 bytes]","args":[{"element-6066-11e4-a52e-4f735466cecf":"f.577FC0ABE6C817B3F58267D3AFEEF055.d.0A1F589C054806A7D3198CFA787CFABF.e.1765"},"getTitle",[]]}
RESULT: undefined
COMMAND: POST /session/c0888585b7f3e34add4ec5499adc29bf/element/f.577FC0ABE6C817B3F58267D3AFEEF055.d.0A1F589C054806A7D3198CFA787CFABF.e.1591/click - {}
COMMAND: POST /session/c0888585b7f3e34add4ec5499adc29bf/element - {"using":"xpath","value":"//*[@id=\"backBtn\"]"}
RESULT: {"using":"xpath","value":"//*[@id=\"backBtn\"]"}
COMMAND: POST /session/c0888585b7f3e34add4ec5499adc29bf/element/f.577FC0ABE6C817B3F58267D3AFEEF055.d.0A1F589C054806A7D3198CFA787CFABF.e.1591/click - {}
COMMAND: POST /session/c0888585b7f3e34add4ec5499adc29bf/element - {"using":"xpath","value":"//*[@id=\"backBtn\"]"}
RESULT: {"using":"xpath","value":"//*[@id=\"backBtn\"]"}
COMMAND: POST /session/c0888585b7f3e34add4ec5499adc29bf/element/f.577FC0ABE6C817B3F58267D3AFEEF055.d.0A1F589C054806A7D3198CFA787CFABF.e.1766/click - {}
RESULT: {}
COMMAND: GET /session/c0888585b7f3e34add4ec5499adc29bf/screenshot - {}
RESULT: {}
]]></system-out>
    </testcase>
    <testcase classname="chrome.135_0_7049_42.windows.Sanity_Tests_US104253" name="Should open Manage Handovers page" time="37.495">
      <system-out><![CDATA[
COMMAND: POST /session/c0888585b7f3e34add4ec5499adc29bf/execute/async - {"script":"<script> [1562 bytes]","args":[{"selector":{"controlType":"sap.m.GenericTile","properties":{"header":"Manage Handovers"}},"wdio_ui5_key":"sapm.GenericTile{\"header\":\"Manage Handovers\"}"}]}
RESULT: {"script":"<script> [1562 bytes]","args":[{"selector":{"controlType":"sap.m.GenericTile","properties":{"header":"Manage Handovers"}},"wdio_ui5_key":"sapm.GenericTile{\"header\":\"Manage Handovers\"}"}]}
RESULT: undefined
COMMAND: POST /session/c0888585b7f3e34add4ec5499adc29bf/element - {"using":"xpath","value":"//*[@id=\"__tile133\"]"}
RESULT: {"using":"xpath","value":"//*[@id=\"__tile133\"]"}
COMMAND: POST /session/c0888585b7f3e34add4ec5499adc29bf/element/f.577FC0ABE6C817B3F58267D3AFEEF055.d.0A1F589C054806A7D3198CFA787CFABF.e.1768/click - {}
RESULT: {}
COMMAND: GET /session/c0888585b7f3e34add4ec5499adc29bf/screenshot - {}
RESULT: {}
RESULT: undefined
COMMAND: POST /session/c0888585b7f3e34add4ec5499adc29bf/element - {"using":"xpath","value":"//*[@id=\"__tile133\"]"}
RESULT: {"using":"xpath","value":"//*[@id=\"__tile133\"]"}
COMMAND: POST /session/c0888585b7f3e34add4ec5499adc29bf/element/f.577FC0ABE6C817B3F58267D3AFEEF055.d.0A1F589C054806A7D3198CFA787CFABF.e.1768/click - {}
RESULT: undefined
COMMAND: POST /session/c0888585b7f3e34add4ec5499adc29bf/element - {"using":"xpath","value":"//*[@id=\"__tile133\"]"}
RESULT: {"using":"xpath","value":"//*[@id=\"__tile133\"]"}
COMMAND: POST /session/c0888585b7f3e34add4ec5499adc29bf/element/f.577FC0ABE6C817B3F58267D3AFEEF055.d.0A1F589C054806A7D3198CFA787CFABF.e.1768/click - {}
RESULT: undefined
COMMAND: POST /session/c0888585b7f3e34add4ec5499adc29bf/execute/async - {"script":"<script> [6424 bytes]","args":[{"element-6066-11e4-a52e-4f735466cecf":"f.577FC0ABE6C817B3F58267D3AFEEF055.d.0A1F589C054806A7D3198CFA787CFABF.e.263"},"getTitle",[]]}
COMMAND: POST /session/c0888585b7f3e34add4ec5499adc29bf/execute/async - {"script":"<script> [1562 bytes]","args":[{"selector":{"id":"shellAppTitle"},"wdio_ui5_key":"shellAppTitle"}]}
RESULT: {"script":"<script> [1562 bytes]","args":[{"selector":{"id":"shellAppTitle"},"wdio_ui5_key":"shellAppTitle"}]}
COMMAND: POST /session/c0888585b7f3e34add4ec5499adc29bf/execute/async - {"script":"<script> [6424 bytes]","args":[{"element-6066-11e4-a52e-4f735466cecf":"f.577FC0ABE6C817B3F58267D3AFEEF055.d.0A1F589C054806A7D3198CFA787CFABF.e.1995"},"getTitle",[]]}
RESULT: {"script":"<script> [6424 bytes]","args":[{"element-6066-11e4-a52e-4f735466cecf":"f.577FC0ABE6C817B3F58267D3AFEEF055.d.0A1F589C054806A7D3198CFA787CFABF.e.1995"},"getTitle",[]]}
RESULT: undefined
COMMAND: POST /session/c0888585b7f3e34add4ec5499adc29bf/element/f.577FC0ABE6C817B3F58267D3AFEEF055.d.0A1F589C054806A7D3198CFA787CFABF.e.1766/click - {}
RESULT: {}
COMMAND: GET /session/c0888585b7f3e34add4ec5499adc29bf/screenshot - {}
RESULT: {}
]]></system-out>
    </testcase>
    <testcase classname="chrome.135_0_7049_42.windows.Sanity_Tests_US104253" name="Should open Delivery Monitor page" time="36.656">
      <system-out><![CDATA[
COMMAND: POST /session/c0888585b7f3e34add4ec5499adc29bf/execute/async - {"script":"<script> [1562 bytes]","args":[{"selector":{"controlType":"sap.m.GenericTile","properties":{"header":"Delivery Monitor"}},"wdio_ui5_key":"sapm.GenericTile{\"header\":\"Delivery Monitor\"}"}]}
RESULT: {"script":"<script> [1562 bytes]","args":[{"selector":{"controlType":"sap.m.GenericTile","properties":{"header":"Delivery Monitor"}},"wdio_ui5_key":"sapm.GenericTile{\"header\":\"Delivery Monitor\"}"}]}
RESULT: undefined
COMMAND: POST /session/c0888585b7f3e34add4ec5499adc29bf/element - {"using":"xpath","value":"//*[@id=\"__tile54\"]"}
RESULT: {"using":"xpath","value":"//*[@id=\"__tile54\"]"}
COMMAND: POST /session/c0888585b7f3e34add4ec5499adc29bf/element/f.577FC0ABE6C817B3F58267D3AFEEF055.d.0A1F589C054806A7D3198CFA787CFABF.e.1997/click - {}
RESULT: {}
COMMAND: GET /session/c0888585b7f3e34add4ec5499adc29bf/screenshot - {}
RESULT: {}
RESULT: undefined
COMMAND: POST /session/c0888585b7f3e34add4ec5499adc29bf/element - {"using":"xpath","value":"//*[@id=\"__tile54\"]"}
RESULT: {"using":"xpath","value":"//*[@id=\"__tile54\"]"}
COMMAND: POST /session/c0888585b7f3e34add4ec5499adc29bf/element/f.577FC0ABE6C817B3F58267D3AFEEF055.d.0A1F589C054806A7D3198CFA787CFABF.e.1997/click - {}
RESULT: undefined
COMMAND: POST /session/c0888585b7f3e34add4ec5499adc29bf/element - {"using":"xpath","value":"//*[@id=\"__tile54\"]"}
RESULT: {"using":"xpath","value":"//*[@id=\"__tile54\"]"}
COMMAND: POST /session/c0888585b7f3e34add4ec5499adc29bf/element/f.577FC0ABE6C817B3F58267D3AFEEF055.d.0A1F589C054806A7D3198CFA787CFABF.e.1997/click - {}
RESULT: undefined
COMMAND: POST /session/c0888585b7f3e34add4ec5499adc29bf/execute/async - {"script":"<script> [6424 bytes]","args":[{"element-6066-11e4-a52e-4f735466cecf":"f.577FC0ABE6C817B3F58267D3AFEEF055.d.0A1F589C054806A7D3198CFA787CFABF.e.263"},"getTitle",[]]}
COMMAND: POST /session/c0888585b7f3e34add4ec5499adc29bf/execute/async - {"script":"<script> [1562 bytes]","args":[{"selector":{"id":"shellAppTitle"},"wdio_ui5_key":"shellAppTitle"}]}
RESULT: {"script":"<script> [1562 bytes]","args":[{"selector":{"id":"shellAppTitle"},"wdio_ui5_key":"shellAppTitle"}]}
COMMAND: POST /session/c0888585b7f3e34add4ec5499adc29bf/execute/async - {"script":"<script> [6424 bytes]","args":[{"element-6066-11e4-a52e-4f735466cecf":"f.577FC0ABE6C817B3F58267D3AFEEF055.d.0A1F589C054806A7D3198CFA787CFABF.e.2070"},"getTitle",[]]}
RESULT: {"script":"<script> [6424 bytes]","args":[{"element-6066-11e4-a52e-4f735466cecf":"f.577FC0ABE6C817B3F58267D3AFEEF055.d.0A1F589C054806A7D3198CFA787CFABF.e.2070"},"getTitle",[]]}
RESULT: undefined
COMMAND: POST /session/c0888585b7f3e34add4ec5499adc29bf/element/f.577FC0ABE6C817B3F58267D3AFEEF055.d.0A1F589C054806A7D3198CFA787CFABF.e.1766/click - {}
COMMAND: POST /session/c0888585b7f3e34add4ec5499adc29bf/element - {"using":"xpath","value":"//*[@id=\"backBtn\"]"}
RESULT: {"using":"xpath","value":"//*[@id=\"backBtn\"]"}
COMMAND: POST /session/c0888585b7f3e34add4ec5499adc29bf/element/f.577FC0ABE6C817B3F58267D3AFEEF055.d.0A1F589C054806A7D3198CFA787CFABF.e.1766/click - {}
COMMAND: POST /session/c0888585b7f3e34add4ec5499adc29bf/element - {"using":"xpath","value":"//*[@id=\"backBtn\"]"}
RESULT: {"using":"xpath","value":"//*[@id=\"backBtn\"]"}
COMMAND: POST /session/c0888585b7f3e34add4ec5499adc29bf/element/f.577FC0ABE6C817B3F58267D3AFEEF055.d.0A1F589C054806A7D3198CFA787CFABF.e.2071/click - {}
RESULT: {}
COMMAND: GET /session/c0888585b7f3e34add4ec5499adc29bf/screenshot - {}
RESULT: {}
]]></system-out>
    </testcase>
    <testcase classname="chrome.135_0_7049_42.windows.Sanity_Tests_US104253" name="Should open Manage Calendar Exceptions page" time="35.859">
      <system-out><![CDATA[
COMMAND: POST /session/c0888585b7f3e34add4ec5499adc29bf/execute/async - {"script":"<script> [1562 bytes]","args":[{"selector":{"controlType":"sap.m.GenericTile","properties":{"header":"Manage Calendar Exceptions"}},"wdio_ui5_key":"sapm.GenericTile{\"header\":\"Manage Calendar Exceptions\"}"}]}
RESULT: {"script":"<script> [1562 bytes]","args":[{"selector":{"controlType":"sap.m.GenericTile","properties":{"header":"Manage Calendar Exceptions"}},"wdio_ui5_key":"sapm.GenericTile{\"header\":\"Manage Calendar Exceptions\"}"}]}
RESULT: undefined
COMMAND: POST /session/c0888585b7f3e34add4ec5499adc29bf/element - {"using":"xpath","value":"//*[@id=\"__tile63\"]"}
RESULT: {"using":"xpath","value":"//*[@id=\"__tile63\"]"}
COMMAND: POST /session/c0888585b7f3e34add4ec5499adc29bf/element/f.577FC0ABE6C817B3F58267D3AFEEF055.d.0A1F589C054806A7D3198CFA787CFABF.e.2073/click - {}
RESULT: {}
COMMAND: GET /session/c0888585b7f3e34add4ec5499adc29bf/screenshot - {}
RESULT: {}
RESULT: undefined
COMMAND: POST /session/c0888585b7f3e34add4ec5499adc29bf/element - {"using":"xpath","value":"//*[@id=\"__tile63\"]"}
RESULT: {"using":"xpath","value":"//*[@id=\"__tile63\"]"}
COMMAND: POST /session/c0888585b7f3e34add4ec5499adc29bf/element/f.577FC0ABE6C817B3F58267D3AFEEF055.d.0A1F589C054806A7D3198CFA787CFABF.e.2073/click - {}
RESULT: undefined
COMMAND: POST /session/c0888585b7f3e34add4ec5499adc29bf/element - {"using":"xpath","value":"//*[@id=\"__tile63\"]"}
RESULT: {"using":"xpath","value":"//*[@id=\"__tile63\"]"}
COMMAND: POST /session/c0888585b7f3e34add4ec5499adc29bf/element/f.577FC0ABE6C817B3F58267D3AFEEF055.d.0A1F589C054806A7D3198CFA787CFABF.e.2073/click - {}
RESULT: undefined
COMMAND: POST /session/c0888585b7f3e34add4ec5499adc29bf/execute/async - {"script":"<script> [6424 bytes]","args":[{"element-6066-11e4-a52e-4f735466cecf":"f.577FC0ABE6C817B3F58267D3AFEEF055.d.0A1F589C054806A7D3198CFA787CFABF.e.263"},"getTitle",[]]}
COMMAND: POST /session/c0888585b7f3e34add4ec5499adc29bf/execute/async - {"script":"<script> [1562 bytes]","args":[{"selector":{"id":"shellAppTitle"},"wdio_ui5_key":"shellAppTitle"}]}
RESULT: {"script":"<script> [1562 bytes]","args":[{"selector":{"id":"shellAppTitle"},"wdio_ui5_key":"shellAppTitle"}]}
COMMAND: POST /session/c0888585b7f3e34add4ec5499adc29bf/execute/async - {"script":"<script> [6424 bytes]","args":[{"element-6066-11e4-a52e-4f735466cecf":"f.577FC0ABE6C817B3F58267D3AFEEF055.d.0A1F589C054806A7D3198CFA787CFABF.e.2129"},"getTitle",[]]}
RESULT: {"script":"<script> [6424 bytes]","args":[{"element-6066-11e4-a52e-4f735466cecf":"f.577FC0ABE6C817B3F58267D3AFEEF055.d.0A1F589C054806A7D3198CFA787CFABF.e.2129"},"getTitle",[]]}
RESULT: undefined
COMMAND: POST /session/c0888585b7f3e34add4ec5499adc29bf/element/f.577FC0ABE6C817B3F58267D3AFEEF055.d.0A1F589C054806A7D3198CFA787CFABF.e.2071/click - {}
RESULT: {}
COMMAND: GET /session/c0888585b7f3e34add4ec5499adc29bf/screenshot - {}
RESULT: {}
]]></system-out>
    </testcase>
    <testcase classname="chrome.135_0_7049_42.windows.Sanity_Tests_US104253" name="Should open Manage States Performance page" time="37.285">
      <system-out><![CDATA[
COMMAND: POST /session/c0888585b7f3e34add4ec5499adc29bf/execute/async - {"script":"<script> [1562 bytes]","args":[{"selector":{"controlType":"sap.m.GenericTile","properties":{"header":"Manage States & Performance"}},"wdio_ui5_key":"sapm.GenericTile{\"header\":\"Manage States & Performance\"}"}]}
RESULT: {"script":"<script> [1562 bytes]","args":[{"selector":{"controlType":"sap.m.GenericTile","properties":{"header":"Manage States & Performance"}},"wdio_ui5_key":"sapm.GenericTile{\"header\":\"Manage States & Performance\"}"}]}
RESULT: undefined
COMMAND: POST /session/c0888585b7f3e34add4ec5499adc29bf/element - {"using":"xpath","value":"//*[@id=\"__tile67\"]"}
RESULT: {"using":"xpath","value":"//*[@id=\"__tile67\"]"}
COMMAND: POST /session/c0888585b7f3e34add4ec5499adc29bf/element/f.577FC0ABE6C817B3F58267D3AFEEF055.d.0A1F589C054806A7D3198CFA787CFABF.e.2133/click - {}
RESULT: {}
COMMAND: GET /session/c0888585b7f3e34add4ec5499adc29bf/screenshot - {}
RESULT: {}
RESULT: undefined
COMMAND: POST /session/c0888585b7f3e34add4ec5499adc29bf/element - {"using":"xpath","value":"//*[@id=\"__tile67\"]"}
RESULT: {"using":"xpath","value":"//*[@id=\"__tile67\"]"}
COMMAND: POST /session/c0888585b7f3e34add4ec5499adc29bf/element/f.577FC0ABE6C817B3F58267D3AFEEF055.d.0A1F589C054806A7D3198CFA787CFABF.e.2133/click - {}
RESULT: undefined
COMMAND: POST /session/c0888585b7f3e34add4ec5499adc29bf/element - {"using":"xpath","value":"//*[@id=\"__tile67\"]"}
RESULT: {"using":"xpath","value":"//*[@id=\"__tile67\"]"}
COMMAND: POST /session/c0888585b7f3e34add4ec5499adc29bf/element/f.577FC0ABE6C817B3F58267D3AFEEF055.d.0A1F589C054806A7D3198CFA787CFABF.e.2133/click - {}
RESULT: undefined
COMMAND: POST /session/c0888585b7f3e34add4ec5499adc29bf/execute/async - {"script":"<script> [6424 bytes]","args":[{"element-6066-11e4-a52e-4f735466cecf":"f.577FC0ABE6C817B3F58267D3AFEEF055.d.0A1F589C054806A7D3198CFA787CFABF.e.263"},"getTitle",[]]}
COMMAND: POST /session/c0888585b7f3e34add4ec5499adc29bf/execute/async - {"script":"<script> [1562 bytes]","args":[{"selector":{"id":"shellAppTitle"},"wdio_ui5_key":"shellAppTitle"}]}
RESULT: {"script":"<script> [1562 bytes]","args":[{"selector":{"id":"shellAppTitle"},"wdio_ui5_key":"shellAppTitle"}]}
COMMAND: POST /session/c0888585b7f3e34add4ec5499adc29bf/execute/async - {"script":"<script> [6424 bytes]","args":[{"element-6066-11e4-a52e-4f735466cecf":"f.577FC0ABE6C817B3F58267D3AFEEF055.d.0A1F589C054806A7D3198CFA787CFABF.e.2225"},"getTitle",[]]}
RESULT: {"script":"<script> [6424 bytes]","args":[{"element-6066-11e4-a52e-4f735466cecf":"f.577FC0ABE6C817B3F58267D3AFEEF055.d.0A1F589C054806A7D3198CFA787CFABF.e.2225"},"getTitle",[]]}
RESULT: undefined
COMMAND: POST /session/c0888585b7f3e34add4ec5499adc29bf/element/f.577FC0ABE6C817B3F58267D3AFEEF055.d.0A1F589C054806A7D3198CFA787CFABF.e.2071/click - {}
COMMAND: POST /session/c0888585b7f3e34add4ec5499adc29bf/element - {"using":"xpath","value":"//*[@id=\"backBtn\"]"}
RESULT: {"using":"xpath","value":"//*[@id=\"backBtn\"]"}
COMMAND: POST /session/c0888585b7f3e34add4ec5499adc29bf/element/f.577FC0ABE6C817B3F58267D3AFEEF055.d.0A1F589C054806A7D3198CFA787CFABF.e.2071/click - {}
COMMAND: POST /session/c0888585b7f3e34add4ec5499adc29bf/element - {"using":"xpath","value":"//*[@id=\"backBtn\"]"}
RESULT: {"using":"xpath","value":"//*[@id=\"backBtn\"]"}
COMMAND: POST /session/c0888585b7f3e34add4ec5499adc29bf/element/f.577FC0ABE6C817B3F58267D3AFEEF055.d.0A1F589C054806A7D3198CFA787CFABF.e.2226/click - {}
RESULT: {}
COMMAND: GET /session/c0888585b7f3e34add4ec5499adc29bf/screenshot - {}
RESULT: {}
]]></system-out>
    </testcase>
    <testcase classname="chrome.135_0_7049_42.windows.Sanity_Tests_US104253" name="Should open Manage Billings page" time="37.98">
      <system-out><![CDATA[
COMMAND: POST /session/c0888585b7f3e34add4ec5499adc29bf/execute/async - {"script":"<script> [1562 bytes]","args":[{"selector":{"controlType":"sap.m.GenericTile","properties":{"header":"Manage Billings"}},"wdio_ui5_key":"sapm.GenericTile{\"header\":\"Manage Billings\"}"}]}
RESULT: {"script":"<script> [1562 bytes]","args":[{"selector":{"controlType":"sap.m.GenericTile","properties":{"header":"Manage Billings"}},"wdio_ui5_key":"sapm.GenericTile{\"header\":\"Manage Billings\"}"}]}
RESULT: undefined
COMMAND: POST /session/c0888585b7f3e34add4ec5499adc29bf/element - {"using":"xpath","value":"//*[@id=\"__tile62\"]"}
RESULT: {"using":"xpath","value":"//*[@id=\"__tile62\"]"}
COMMAND: POST /session/c0888585b7f3e34add4ec5499adc29bf/element/f.577FC0ABE6C817B3F58267D3AFEEF055.d.0A1F589C054806A7D3198CFA787CFABF.e.2228/click - {}
RESULT: {}
COMMAND: GET /session/c0888585b7f3e34add4ec5499adc29bf/screenshot - {}
RESULT: {}
RESULT: undefined
COMMAND: POST /session/c0888585b7f3e34add4ec5499adc29bf/element - {"using":"xpath","value":"//*[@id=\"__tile62\"]"}
RESULT: {"using":"xpath","value":"//*[@id=\"__tile62\"]"}
COMMAND: POST /session/c0888585b7f3e34add4ec5499adc29bf/element/f.577FC0ABE6C817B3F58267D3AFEEF055.d.0A1F589C054806A7D3198CFA787CFABF.e.2228/click - {}
RESULT: undefined
COMMAND: POST /session/c0888585b7f3e34add4ec5499adc29bf/element - {"using":"xpath","value":"//*[@id=\"__tile62\"]"}
RESULT: {"using":"xpath","value":"//*[@id=\"__tile62\"]"}
COMMAND: POST /session/c0888585b7f3e34add4ec5499adc29bf/element/f.577FC0ABE6C817B3F58267D3AFEEF055.d.0A1F589C054806A7D3198CFA787CFABF.e.2228/click - {}
RESULT: undefined
COMMAND: POST /session/c0888585b7f3e34add4ec5499adc29bf/execute/async - {"script":"<script> [6424 bytes]","args":[{"element-6066-11e4-a52e-4f735466cecf":"f.577FC0ABE6C817B3F58267D3AFEEF055.d.0A1F589C054806A7D3198CFA787CFABF.e.263"},"getTitle",[]]}
COMMAND: POST /session/c0888585b7f3e34add4ec5499adc29bf/execute/async - {"script":"<script> [1562 bytes]","args":[{"selector":{"id":"shellAppTitle"},"wdio_ui5_key":"shellAppTitle"}]}
RESULT: {"script":"<script> [1562 bytes]","args":[{"selector":{"id":"shellAppTitle"},"wdio_ui5_key":"shellAppTitle"}]}
COMMAND: POST /session/c0888585b7f3e34add4ec5499adc29bf/execute/async - {"script":"<script> [6424 bytes]","args":[{"element-6066-11e4-a52e-4f735466cecf":"f.577FC0ABE6C817B3F58267D3AFEEF055.d.0A1F589C054806A7D3198CFA787CFABF.e.2413"},"getTitle",[]]}
RESULT: {"script":"<script> [6424 bytes]","args":[{"element-6066-11e4-a52e-4f735466cecf":"f.577FC0ABE6C817B3F58267D3AFEEF055.d.0A1F589C054806A7D3198CFA787CFABF.e.2413"},"getTitle",[]]}
RESULT: undefined
COMMAND: POST /session/c0888585b7f3e34add4ec5499adc29bf/element/f.577FC0ABE6C817B3F58267D3AFEEF055.d.0A1F589C054806A7D3198CFA787CFABF.e.2226/click - {}
COMMAND: POST /session/c0888585b7f3e34add4ec5499adc29bf/element/f.577FC0ABE6C817B3F58267D3AFEEF055.d.0A1F589C054806A7D3198CFA787CFABF.e.2226/click - {}
RESULT: {}
COMMAND: GET /session/c0888585b7f3e34add4ec5499adc29bf/screenshot - {}
COMMAND: POST /session/c0888585b7f3e34add4ec5499adc29bf/element - {"using":"xpath","value":"//*[@id=\"backBtn\"]"}
RESULT: {}
RESULT: {"using":"xpath","value":"//*[@id=\"backBtn\"]"}
COMMAND: POST /session/c0888585b7f3e34add4ec5499adc29bf/elements - {"using":"xpath","value":"//*[@id=\"backBtn\"]"}
RESULT: {"using":"xpath","value":"//*[@id=\"backBtn\"]"}
COMMAND: POST /session/c0888585b7f3e34add4ec5499adc29bf/elements - {"using":"xpath","value":"//*[@id=\"backBtn\"]"}
RESULT: {"using":"xpath","value":"//*[@id=\"backBtn\"]"}
COMMAND: POST /session/c0888585b7f3e34add4ec5499adc29bf/elements - {"using":"xpath","value":"//*[@id=\"backBtn\"]"}
RESULT: {"using":"xpath","value":"//*[@id=\"backBtn\"]"}
COMMAND: POST /session/c0888585b7f3e34add4ec5499adc29bf/elements - {"using":"xpath","value":"//*[@id=\"backBtn\"]"}
RESULT: {"using":"xpath","value":"//*[@id=\"backBtn\"]"}
COMMAND: POST /session/c0888585b7f3e34add4ec5499adc29bf/elements - {"using":"xpath","value":"//*[@id=\"backBtn\"]"}
RESULT: {"using":"xpath","value":"//*[@id=\"backBtn\"]"}
COMMAND: POST /session/c0888585b7f3e34add4ec5499adc29bf/elements - {"using":"xpath","value":"//*[@id=\"backBtn\"]"}
RESULT: {"using":"xpath","value":"//*[@id=\"backBtn\"]"}
COMMAND: POST /session/c0888585b7f3e34add4ec5499adc29bf/elements - {"using":"xpath","value":"//*[@id=\"backBtn\"]"}
RESULT: {"using":"xpath","value":"//*[@id=\"backBtn\"]"}
COMMAND: POST /session/c0888585b7f3e34add4ec5499adc29bf/elements - {"using":"xpath","value":"//*[@id=\"backBtn\"]"}
RESULT: {"using":"xpath","value":"//*[@id=\"backBtn\"]"}
COMMAND: POST /session/c0888585b7f3e34add4ec5499adc29bf/elements - {"using":"xpath","value":"//*[@id=\"backBtn\"]"}
RESULT: {"using":"xpath","value":"//*[@id=\"backBtn\"]"}
COMMAND: POST /session/c0888585b7f3e34add4ec5499adc29bf/elements - {"using":"xpath","value":"//*[@id=\"backBtn\"]"}
RESULT: {"using":"xpath","value":"//*[@id=\"backBtn\"]"}
COMMAND: POST /session/c0888585b7f3e34add4ec5499adc29bf/elements - {"using":"xpath","value":"//*[@id=\"backBtn\"]"}
RESULT: {"using":"xpath","value":"//*[@id=\"backBtn\"]"}
COMMAND: POST /session/c0888585b7f3e34add4ec5499adc29bf/elements - {"using":"xpath","value":"//*[@id=\"backBtn\"]"}
RESULT: {"using":"xpath","value":"//*[@id=\"backBtn\"]"}
COMMAND: POST /session/c0888585b7f3e34add4ec5499adc29bf/elements - {"using":"xpath","value":"//*[@id=\"backBtn\"]"}
RESULT: {"using":"xpath","value":"//*[@id=\"backBtn\"]"}
COMMAND: POST /session/c0888585b7f3e34add4ec5499adc29bf/elements - {"using":"xpath","value":"//*[@id=\"backBtn\"]"}
RESULT: {"using":"xpath","value":"//*[@id=\"backBtn\"]"}
COMMAND: POST /session/c0888585b7f3e34add4ec5499adc29bf/elements - {"using":"xpath","value":"//*[@id=\"backBtn\"]"}
RESULT: {"using":"xpath","value":"//*[@id=\"backBtn\"]"}
COMMAND: POST /session/c0888585b7f3e34add4ec5499adc29bf/elements - {"using":"xpath","value":"//*[@id=\"backBtn\"]"}
RESULT: {"using":"xpath","value":"//*[@id=\"backBtn\"]"}
]]></system-out>
    </testcase>
    <testcase classname="chrome.135_0_7049_42.windows.Sanity_Tests_US104253" name="Should open Manage Conditions Prices page" time="48.666">
      <system-out><![CDATA[
COMMAND: POST /session/c0888585b7f3e34add4ec5499adc29bf/execute/async - {"script":"<script> [1562 bytes]","args":[{"selector":{"controlType":"sap.m.GenericTile","properties":{"header":"Manage Conditions & Prices"}},"wdio_ui5_key":"sapm.GenericTile{\"header\":\"Manage Conditions & Prices\"}"}]}
COMMAND: POST /session/c0888585b7f3e34add4ec5499adc29bf/elements - {"using":"xpath","value":"//*[@id=\"backBtn\"]"}
RESULT: {"script":"<script> [1562 bytes]","args":[{"selector":{"controlType":"sap.m.GenericTile","properties":{"header":"Manage Conditions & Prices"}},"wdio_ui5_key":"sapm.GenericTile{\"header\":\"Manage Conditions & Prices\"}"}]}
RESULT: undefined
COMMAND: POST /session/c0888585b7f3e34add4ec5499adc29bf/element - {"using":"xpath","value":"//*[@id=\"__tile64\"]"}
RESULT: {"using":"xpath","value":"//*[@id=\"backBtn\"]"}
RESULT: {"using":"xpath","value":"//*[@id=\"__tile64\"]"}
COMMAND: POST /session/c0888585b7f3e34add4ec5499adc29bf/element/f.577FC0ABE6C817B3F58267D3AFEEF055.d.0A1F589C054806A7D3198CFA787CFABF.e.2415/click - {}
COMMAND: POST /session/c0888585b7f3e34add4ec5499adc29bf/elements - {"using":"xpath","value":"//*[@id=\"backBtn\"]"}
RESULT: {}
COMMAND: GET /session/c0888585b7f3e34add4ec5499adc29bf/screenshot - {}
RESULT: {"using":"xpath","value":"//*[@id=\"backBtn\"]"}
COMMAND: POST /session/c0888585b7f3e34add4ec5499adc29bf/elements - {"using":"xpath","value":"//*[@id=\"backBtn\"]"}
RESULT: {}
RESULT: {"using":"xpath","value":"//*[@id=\"backBtn\"]"}
COMMAND: POST /session/c0888585b7f3e34add4ec5499adc29bf/elements - {"using":"xpath","value":"//*[@id=\"backBtn\"]"}
RESULT: {"using":"xpath","value":"//*[@id=\"backBtn\"]"}
COMMAND: POST /session/c0888585b7f3e34add4ec5499adc29bf/elements - {"using":"xpath","value":"//*[@id=\"backBtn\"]"}
RESULT: undefined
COMMAND: POST /session/c0888585b7f3e34add4ec5499adc29bf/element - {"using":"xpath","value":"//*[@id=\"__tile64\"]"}
RESULT: {"using":"xpath","value":"//*[@id=\"backBtn\"]"}
COMMAND: POST /session/c0888585b7f3e34add4ec5499adc29bf/element - {"using":"xpath","value":"//*[@id=\"backBtn\"]"}
RESULT: {"using":"xpath","value":"//*[@id=\"__tile64\"]"}
COMMAND: POST /session/c0888585b7f3e34add4ec5499adc29bf/element/f.577FC0ABE6C817B3F58267D3AFEEF055.d.0A1F589C054806A7D3198CFA787CFABF.e.2415/click - {}
RESULT: {"using":"xpath","value":"//*[@id=\"backBtn\"]"}
COMMAND: POST /session/c0888585b7f3e34add4ec5499adc29bf/element/f.577FC0ABE6C817B3F58267D3AFEEF055.d.0A1F589C054806A7D3198CFA787CFABF.e.2226/click - {}
COMMAND: POST /session/c0888585b7f3e34add4ec5499adc29bf/element - {"using":"xpath","value":"//*[@id=\"backBtn\"]"}
RESULT: {"using":"xpath","value":"//*[@id=\"backBtn\"]"}
COMMAND: POST /session/c0888585b7f3e34add4ec5499adc29bf/element/f.577FC0ABE6C817B3F58267D3AFEEF055.d.0A1F589C054806A7D3198CFA787CFABF.e.2419/click - {}
RESULT: {}
COMMAND: GET /session/c0888585b7f3e34add4ec5499adc29bf/screenshot - {}
RESULT: {}
RESULT: undefined
COMMAND: POST /session/c0888585b7f3e34add4ec5499adc29bf/element - {"using":"xpath","value":"//*[@id=\"__tile64\"]"}
COMMAND: GET /session/c0888585b7f3e34add4ec5499adc29bf/screenshot - {}
RESULT: {}
RESULT: {"using":"xpath","value":"//*[@id=\"__tile64\"]"}
COMMAND: POST /session/c0888585b7f3e34add4ec5499adc29bf/element/f.577FC0ABE6C817B3F58267D3AFEEF055.d.0A1F589C054806A7D3198CFA787CFABF.e.2415/click - {}
RESULT: {}
RESULT: undefined
COMMAND: POST /session/c0888585b7f3e34add4ec5499adc29bf/execute/async - {"script":"<script> [6424 bytes]","args":[{"element-6066-11e4-a52e-4f735466cecf":"f.577FC0ABE6C817B3F58267D3AFEEF055.d.0A1F589C054806A7D3198CFA787CFABF.e.263"},"getTitle",[]]}
COMMAND: POST /session/c0888585b7f3e34add4ec5499adc29bf/execute/async - {"script":"<script> [1562 bytes]","args":[{"selector":{"id":"shellAppTitle"},"wdio_ui5_key":"shellAppTitle"}]}
RESULT: {"script":"<script> [1562 bytes]","args":[{"selector":{"id":"shellAppTitle"},"wdio_ui5_key":"shellAppTitle"}]}
COMMAND: POST /session/c0888585b7f3e34add4ec5499adc29bf/execute/async - {"script":"<script> [6424 bytes]","args":[{"element-6066-11e4-a52e-4f735466cecf":"f.577FC0ABE6C817B3F58267D3AFEEF055.d.0A1F589C054806A7D3198CFA787CFABF.e.2601"},"getTitle",[]]}
RESULT: {"script":"<script> [6424 bytes]","args":[{"element-6066-11e4-a52e-4f735466cecf":"f.577FC0ABE6C817B3F58267D3AFEEF055.d.0A1F589C054806A7D3198CFA787CFABF.e.2601"},"getTitle",[]]}
RESULT: undefined
COMMAND: POST /session/c0888585b7f3e34add4ec5499adc29bf/element/f.577FC0ABE6C817B3F58267D3AFEEF055.d.0A1F589C054806A7D3198CFA787CFABF.e.2419/click - {}
RESULT: {}
COMMAND: GET /session/c0888585b7f3e34add4ec5499adc29bf/screenshot - {}
RESULT: {}
]]></system-out>
    </testcase>
    <testcase classname="chrome.135_0_7049_42.windows.Sanity_Tests_US104253" name="Should open Billing Transfer page" time="36.5">
      <system-out><![CDATA[
COMMAND: POST /session/c0888585b7f3e34add4ec5499adc29bf/execute/async - {"script":"<script> [1562 bytes]","args":[{"selector":{"controlType":"sap.m.GenericTile","properties":{"header":"Billing Transfer"}},"wdio_ui5_key":"sapm.GenericTile{\"header\":\"Billing Transfer\"}"}]}
RESULT: {"script":"<script> [1562 bytes]","args":[{"selector":{"controlType":"sap.m.GenericTile","properties":{"header":"Billing Transfer"}},"wdio_ui5_key":"sapm.GenericTile{\"header\":\"Billing Transfer\"}"}]}
RESULT: undefined
COMMAND: POST /session/c0888585b7f3e34add4ec5499adc29bf/element - {"using":"xpath","value":"//*[@id=\"__tile61\"]"}
RESULT: {"using":"xpath","value":"//*[@id=\"__tile61\"]"}
COMMAND: POST /session/c0888585b7f3e34add4ec5499adc29bf/element/f.577FC0ABE6C817B3F58267D3AFEEF055.d.0A1F589C054806A7D3198CFA787CFABF.e.2603/click - {}
RESULT: {}
COMMAND: GET /session/c0888585b7f3e34add4ec5499adc29bf/screenshot - {}
RESULT: {}
RESULT: undefined
COMMAND: POST /session/c0888585b7f3e34add4ec5499adc29bf/element - {"using":"xpath","value":"//*[@id=\"__tile61\"]"}
RESULT: {"using":"xpath","value":"//*[@id=\"__tile61\"]"}
COMMAND: POST /session/c0888585b7f3e34add4ec5499adc29bf/element/f.577FC0ABE6C817B3F58267D3AFEEF055.d.0A1F589C054806A7D3198CFA787CFABF.e.2603/click - {}
RESULT: undefined
COMMAND: POST /session/c0888585b7f3e34add4ec5499adc29bf/element - {"using":"xpath","value":"//*[@id=\"__tile61\"]"}
RESULT: {"using":"xpath","value":"//*[@id=\"__tile61\"]"}
COMMAND: POST /session/c0888585b7f3e34add4ec5499adc29bf/element/f.577FC0ABE6C817B3F58267D3AFEEF055.d.0A1F589C054806A7D3198CFA787CFABF.e.2603/click - {}
RESULT: undefined
COMMAND: POST /session/c0888585b7f3e34add4ec5499adc29bf/execute/async - {"script":"<script> [6424 bytes]","args":[{"element-6066-11e4-a52e-4f735466cecf":"f.577FC0ABE6C817B3F58267D3AFEEF055.d.0A1F589C054806A7D3198CFA787CFABF.e.263"},"getTitle",[]]}
COMMAND: POST /session/c0888585b7f3e34add4ec5499adc29bf/execute/async - {"script":"<script> [1562 bytes]","args":[{"selector":{"id":"shellAppTitle"},"wdio_ui5_key":"shellAppTitle"}]}
RESULT: {"script":"<script> [1562 bytes]","args":[{"selector":{"id":"shellAppTitle"},"wdio_ui5_key":"shellAppTitle"}]}
COMMAND: POST /session/c0888585b7f3e34add4ec5499adc29bf/execute/async - {"script":"<script> [6424 bytes]","args":[{"element-6066-11e4-a52e-4f735466cecf":"f.577FC0ABE6C817B3F58267D3AFEEF055.d.0A1F589C054806A7D3198CFA787CFABF.e.2694"},"getTitle",[]]}
RESULT: {"script":"<script> [6424 bytes]","args":[{"element-6066-11e4-a52e-4f735466cecf":"f.577FC0ABE6C817B3F58267D3AFEEF055.d.0A1F589C054806A7D3198CFA787CFABF.e.2694"},"getTitle",[]]}
RESULT: undefined
COMMAND: POST /session/c0888585b7f3e34add4ec5499adc29bf/element/f.577FC0ABE6C817B3F58267D3AFEEF055.d.0A1F589C054806A7D3198CFA787CFABF.e.2419/click - {}
COMMAND: POST /session/c0888585b7f3e34add4ec5499adc29bf/element - {"using":"xpath","value":"//*[@id=\"backBtn\"]"}
RESULT: {"using":"xpath","value":"//*[@id=\"backBtn\"]"}
COMMAND: POST /session/c0888585b7f3e34add4ec5499adc29bf/element/f.577FC0ABE6C817B3F58267D3AFEEF055.d.0A1F589C054806A7D3198CFA787CFABF.e.2419/click - {}
COMMAND: POST /session/c0888585b7f3e34add4ec5499adc29bf/element - {"using":"xpath","value":"//*[@id=\"backBtn\"]"}
RESULT: {"using":"xpath","value":"//*[@id=\"backBtn\"]"}
COMMAND: POST /session/c0888585b7f3e34add4ec5499adc29bf/element/f.577FC0ABE6C817B3F58267D3AFEEF055.d.0A1F589C054806A7D3198CFA787CFABF.e.2695/click - {}
RESULT: {}
COMMAND: GET /session/c0888585b7f3e34add4ec5499adc29bf/screenshot - {}
RESULT: {}
]]></system-out>
    </testcase>
    <testcase classname="chrome.135_0_7049_42.windows.Sanity_Tests_US104253" name="Should open Manage Pricing Rules page" time="48.991">
      <system-out><![CDATA[
COMMAND: POST /session/c0888585b7f3e34add4ec5499adc29bf/execute/async - {"script":"<script> [1562 bytes]","args":[{"selector":{"controlType":"sap.m.GenericTile","properties":{"header":"Manage Pricing Rules"}},"wdio_ui5_key":"sapm.GenericTile{\"header\":\"Manage Pricing Rules\"}"}]}
RESULT: {"script":"<script> [1562 bytes]","args":[{"selector":{"controlType":"sap.m.GenericTile","properties":{"header":"Manage Pricing Rules"}},"wdio_ui5_key":"sapm.GenericTile{\"header\":\"Manage Pricing Rules\"}"}]}
RESULT: undefined
COMMAND: POST /session/c0888585b7f3e34add4ec5499adc29bf/element - {"using":"xpath","value":"//*[@id=\"__tile66\"]"}
RESULT: {"using":"xpath","value":"//*[@id=\"__tile66\"]"}
COMMAND: POST /session/c0888585b7f3e34add4ec5499adc29bf/element/f.577FC0ABE6C817B3F58267D3AFEEF055.d.0A1F589C054806A7D3198CFA787CFABF.e.2697/click - {}
RESULT: {}
COMMAND: GET /session/c0888585b7f3e34add4ec5499adc29bf/screenshot - {}
RESULT: {}
RESULT: undefined
COMMAND: POST /session/c0888585b7f3e34add4ec5499adc29bf/element - {"using":"xpath","value":"//*[@id=\"__tile66\"]"}
RESULT: {"using":"xpath","value":"//*[@id=\"__tile66\"]"}
COMMAND: POST /session/c0888585b7f3e34add4ec5499adc29bf/element/f.577FC0ABE6C817B3F58267D3AFEEF055.d.0A1F589C054806A7D3198CFA787CFABF.e.2697/click - {}
RESULT: undefined
COMMAND: POST /session/c0888585b7f3e34add4ec5499adc29bf/element - {"using":"xpath","value":"//*[@id=\"__tile66\"]"}
RESULT: {"using":"xpath","value":"//*[@id=\"__tile66\"]"}
COMMAND: POST /session/c0888585b7f3e34add4ec5499adc29bf/element/f.577FC0ABE6C817B3F58267D3AFEEF055.d.0A1F589C054806A7D3198CFA787CFABF.e.2697/click - {}
RESULT: undefined
COMMAND: POST /session/c0888585b7f3e34add4ec5499adc29bf/execute/async - {"script":"<script> [6424 bytes]","args":[{"element-6066-11e4-a52e-4f735466cecf":"f.577FC0ABE6C817B3F58267D3AFEEF055.d.0A1F589C054806A7D3198CFA787CFABF.e.263"},"getTitle",[]]}
COMMAND: POST /session/c0888585b7f3e34add4ec5499adc29bf/execute/async - {"script":"<script> [1562 bytes]","args":[{"selector":{"id":"shellAppTitle"},"wdio_ui5_key":"shellAppTitle"}]}
RESULT: {"script":"<script> [1562 bytes]","args":[{"selector":{"id":"shellAppTitle"},"wdio_ui5_key":"shellAppTitle"}]}
COMMAND: POST /session/c0888585b7f3e34add4ec5499adc29bf/execute/async - {"script":"<script> [6424 bytes]","args":[{"element-6066-11e4-a52e-4f735466cecf":"f.577FC0ABE6C817B3F58267D3AFEEF055.d.0A1F589C054806A7D3198CFA787CFABF.e.2746"},"getTitle",[]]}
RESULT: {"script":"<script> [6424 bytes]","args":[{"element-6066-11e4-a52e-4f735466cecf":"f.577FC0ABE6C817B3F58267D3AFEEF055.d.0A1F589C054806A7D3198CFA787CFABF.e.2746"},"getTitle",[]]}
RESULT: undefined
COMMAND: POST /session/c0888585b7f3e34add4ec5499adc29bf/element/f.577FC0ABE6C817B3F58267D3AFEEF055.d.0A1F589C054806A7D3198CFA787CFABF.e.2695/click - {}
RESULT: {}
COMMAND: GET /session/c0888585b7f3e34add4ec5499adc29bf/screenshot - {}
RESULT: {}
]]></system-out>
    </testcase>
    <testcase classname="chrome.135_0_7049_42.windows.Sanity_Tests_US104253" name="Should open Manage Price Determination Matrices page" time="34.074">
      <system-out><![CDATA[
COMMAND: POST /session/c0888585b7f3e34add4ec5499adc29bf/execute/async - {"script":"<script> [1562 bytes]","args":[{"selector":{"controlType":"sap.m.GenericTile","properties":{"header":"Manage Price Determination Matrices"}},"wdio_ui5_key":"sapm.GenericTile{\"header\":\"Manage Price Determination Matrices\"}"}]}
RESULT: {"script":"<script> [1562 bytes]","args":[{"selector":{"controlType":"sap.m.GenericTile","properties":{"header":"Manage Price Determination Matrices"}},"wdio_ui5_key":"sapm.GenericTile{\"header\":\"Manage Price Determination Matrices\"}"}]}
RESULT: undefined
COMMAND: POST /session/c0888585b7f3e34add4ec5499adc29bf/element - {"using":"xpath","value":"//*[@id=\"__tile65\"]"}
RESULT: {"using":"xpath","value":"//*[@id=\"__tile65\"]"}
COMMAND: POST /session/c0888585b7f3e34add4ec5499adc29bf/element/f.577FC0ABE6C817B3F58267D3AFEEF055.d.0A1F589C054806A7D3198CFA787CFABF.e.2748/click - {}
RESULT: {}
COMMAND: GET /session/c0888585b7f3e34add4ec5499adc29bf/screenshot - {}
RESULT: {}
RESULT: undefined
COMMAND: POST /session/c0888585b7f3e34add4ec5499adc29bf/element - {"using":"xpath","value":"//*[@id=\"__tile65\"]"}
RESULT: {"using":"xpath","value":"//*[@id=\"__tile65\"]"}
COMMAND: POST /session/c0888585b7f3e34add4ec5499adc29bf/element/f.577FC0ABE6C817B3F58267D3AFEEF055.d.0A1F589C054806A7D3198CFA787CFABF.e.2748/click - {}
RESULT: undefined
COMMAND: POST /session/c0888585b7f3e34add4ec5499adc29bf/element - {"using":"xpath","value":"//*[@id=\"__tile65\"]"}
RESULT: {"using":"xpath","value":"//*[@id=\"__tile65\"]"}
COMMAND: POST /session/c0888585b7f3e34add4ec5499adc29bf/element/f.577FC0ABE6C817B3F58267D3AFEEF055.d.0A1F589C054806A7D3198CFA787CFABF.e.2748/click - {}
RESULT: undefined
COMMAND: POST /session/c0888585b7f3e34add4ec5499adc29bf/execute/async - {"script":"<script> [6424 bytes]","args":[{"element-6066-11e4-a52e-4f735466cecf":"f.577FC0ABE6C817B3F58267D3AFEEF055.d.0A1F589C054806A7D3198CFA787CFABF.e.263"},"getTitle",[]]}
COMMAND: POST /session/c0888585b7f3e34add4ec5499adc29bf/execute/async - {"script":"<script> [1562 bytes]","args":[{"selector":{"id":"shellAppTitle"},"wdio_ui5_key":"shellAppTitle"}]}
RESULT: {"script":"<script> [1562 bytes]","args":[{"selector":{"id":"shellAppTitle"},"wdio_ui5_key":"shellAppTitle"}]}
COMMAND: POST /session/c0888585b7f3e34add4ec5499adc29bf/execute/async - {"script":"<script> [6424 bytes]","args":[{"element-6066-11e4-a52e-4f735466cecf":"f.577FC0ABE6C817B3F58267D3AFEEF055.d.0A1F589C054806A7D3198CFA787CFABF.e.2849"},"getTitle",[]]}
RESULT: {"script":"<script> [6424 bytes]","args":[{"element-6066-11e4-a52e-4f735466cecf":"f.577FC0ABE6C817B3F58267D3AFEEF055.d.0A1F589C054806A7D3198CFA787CFABF.e.2849"},"getTitle",[]]}
RESULT: undefined
COMMAND: POST /session/c0888585b7f3e34add4ec5499adc29bf/element/f.577FC0ABE6C817B3F58267D3AFEEF055.d.0A1F589C054806A7D3198CFA787CFABF.e.2695/click - {}
COMMAND: POST /session/c0888585b7f3e34add4ec5499adc29bf/element - {"using":"xpath","value":"//*[@id=\"backBtn\"]"}
RESULT: {"using":"xpath","value":"//*[@id=\"backBtn\"]"}
COMMAND: POST /session/c0888585b7f3e34add4ec5499adc29bf/element/f.577FC0ABE6C817B3F58267D3AFEEF055.d.0A1F589C054806A7D3198CFA787CFABF.e.2695/click - {}
COMMAND: POST /session/c0888585b7f3e34add4ec5499adc29bf/element - {"using":"xpath","value":"//*[@id=\"backBtn\"]"}
RESULT: {"using":"xpath","value":"//*[@id=\"backBtn\"]"}
COMMAND: POST /session/c0888585b7f3e34add4ec5499adc29bf/element/f.577FC0ABE6C817B3F58267D3AFEEF055.d.0A1F589C054806A7D3198CFA787CFABF.e.2850/click - {}
RESULT: {}
COMMAND: GET /session/c0888585b7f3e34add4ec5499adc29bf/screenshot - {}
RESULT: {}
]]></system-out>
    </testcase>
    <testcase classname="chrome.135_0_7049_42.windows.Sanity_Tests_US104253" name="Should open Yard Overview page" time="36.792">
      <system-out><![CDATA[
COMMAND: POST /session/c0888585b7f3e34add4ec5499adc29bf/execute/async - {"script":"<script> [1562 bytes]","args":[{"selector":{"controlType":"sap.m.GenericTile","properties":{"header":"Yard Overview"}},"wdio_ui5_key":"sapm.GenericTile{\"header\":\"Yard Overview\"}"}]}
RESULT: {"script":"<script> [1562 bytes]","args":[{"selector":{"controlType":"sap.m.GenericTile","properties":{"header":"Yard Overview"}},"wdio_ui5_key":"sapm.GenericTile{\"header\":\"Yard Overview\"}"}]}
RESULT: undefined
COMMAND: POST /session/c0888585b7f3e34add4ec5499adc29bf/element - {"using":"xpath","value":"//*[@id=\"__tile73\"]"}
RESULT: {"using":"xpath","value":"//*[@id=\"__tile73\"]"}
COMMAND: POST /session/c0888585b7f3e34add4ec5499adc29bf/element/f.577FC0ABE6C817B3F58267D3AFEEF055.d.0A1F589C054806A7D3198CFA787CFABF.e.2852/click - {}
RESULT: {}
COMMAND: GET /session/c0888585b7f3e34add4ec5499adc29bf/screenshot - {}
RESULT: {}
RESULT: undefined
COMMAND: POST /session/c0888585b7f3e34add4ec5499adc29bf/element - {"using":"xpath","value":"//*[@id=\"__tile73\"]"}
RESULT: {"using":"xpath","value":"//*[@id=\"__tile73\"]"}
COMMAND: POST /session/c0888585b7f3e34add4ec5499adc29bf/element/f.577FC0ABE6C817B3F58267D3AFEEF055.d.0A1F589C054806A7D3198CFA787CFABF.e.2852/click - {}
RESULT: undefined
COMMAND: POST /session/c0888585b7f3e34add4ec5499adc29bf/element - {"using":"xpath","value":"//*[@id=\"__tile73\"]"}
RESULT: {"using":"xpath","value":"//*[@id=\"__tile73\"]"}
COMMAND: POST /session/c0888585b7f3e34add4ec5499adc29bf/element/f.577FC0ABE6C817B3F58267D3AFEEF055.d.0A1F589C054806A7D3198CFA787CFABF.e.2852/click - {}
RESULT: undefined
COMMAND: POST /session/c0888585b7f3e34add4ec5499adc29bf/execute/async - {"script":"<script> [6424 bytes]","args":[{"element-6066-11e4-a52e-4f735466cecf":"f.577FC0ABE6C817B3F58267D3AFEEF055.d.0A1F589C054806A7D3198CFA787CFABF.e.263"},"getTitle",[]]}
COMMAND: POST /session/c0888585b7f3e34add4ec5499adc29bf/execute/async - {"script":"<script> [1562 bytes]","args":[{"selector":{"id":"shellAppTitle"},"wdio_ui5_key":"shellAppTitle"}]}
RESULT: {"script":"<script> [1562 bytes]","args":[{"selector":{"id":"shellAppTitle"},"wdio_ui5_key":"shellAppTitle"}]}
COMMAND: POST /session/c0888585b7f3e34add4ec5499adc29bf/execute/async - {"script":"<script> [6424 bytes]","args":[{"element-6066-11e4-a52e-4f735466cecf":"f.577FC0ABE6C817B3F58267D3AFEEF055.d.0A1F589C054806A7D3198CFA787CFABF.e.2911"},"getTitle",[]]}
RESULT: {"script":"<script> [6424 bytes]","args":[{"element-6066-11e4-a52e-4f735466cecf":"f.577FC0ABE6C817B3F58267D3AFEEF055.d.0A1F589C054806A7D3198CFA787CFABF.e.2911"},"getTitle",[]]}
RESULT: undefined
COMMAND: POST /session/c0888585b7f3e34add4ec5499adc29bf/element/f.577FC0ABE6C817B3F58267D3AFEEF055.d.0A1F589C054806A7D3198CFA787CFABF.e.2850/click - {}
RESULT: {}
COMMAND: GET /session/c0888585b7f3e34add4ec5499adc29bf/screenshot - {}
RESULT: {}
]]></system-out>
    </testcase>
    <testcase classname="chrome.135_0_7049_42.windows.Sanity_Tests_US104253" name="Should open Site Overview page" time="36.378">
      <system-out><![CDATA[
COMMAND: POST /session/c0888585b7f3e34add4ec5499adc29bf/execute/async - {"script":"<script> [1562 bytes]","args":[{"selector":{"controlType":"sap.m.GenericTile","properties":{"header":"Site Overview"}},"wdio_ui5_key":"sapm.GenericTile{\"header\":\"Site Overview\"}"}]}
RESULT: {"script":"<script> [1562 bytes]","args":[{"selector":{"controlType":"sap.m.GenericTile","properties":{"header":"Site Overview"}},"wdio_ui5_key":"sapm.GenericTile{\"header\":\"Site Overview\"}"}]}
RESULT: undefined
COMMAND: POST /session/c0888585b7f3e34add4ec5499adc29bf/element - {"using":"xpath","value":"//*[@id=\"__tile71\"]"}
RESULT: {"using":"xpath","value":"//*[@id=\"__tile71\"]"}
COMMAND: POST /session/c0888585b7f3e34add4ec5499adc29bf/element/f.577FC0ABE6C817B3F58267D3AFEEF055.d.0A1F589C054806A7D3198CFA787CFABF.e.2914/click - {}
RESULT: {}
COMMAND: GET /session/c0888585b7f3e34add4ec5499adc29bf/screenshot - {}
RESULT: {}
RESULT: undefined
COMMAND: POST /session/c0888585b7f3e34add4ec5499adc29bf/element - {"using":"xpath","value":"//*[@id=\"__tile71\"]"}
RESULT: {"using":"xpath","value":"//*[@id=\"__tile71\"]"}
COMMAND: POST /session/c0888585b7f3e34add4ec5499adc29bf/element/f.577FC0ABE6C817B3F58267D3AFEEF055.d.0A1F589C054806A7D3198CFA787CFABF.e.2914/click - {}
RESULT: undefined
COMMAND: POST /session/c0888585b7f3e34add4ec5499adc29bf/element - {"using":"xpath","value":"//*[@id=\"__tile71\"]"}
RESULT: {"using":"xpath","value":"//*[@id=\"__tile71\"]"}
COMMAND: POST /session/c0888585b7f3e34add4ec5499adc29bf/element/f.577FC0ABE6C817B3F58267D3AFEEF055.d.0A1F589C054806A7D3198CFA787CFABF.e.2914/click - {}
RESULT: undefined
COMMAND: POST /session/c0888585b7f3e34add4ec5499adc29bf/execute/async - {"script":"<script> [6424 bytes]","args":[{"element-6066-11e4-a52e-4f735466cecf":"f.577FC0ABE6C817B3F58267D3AFEEF055.d.0A1F589C054806A7D3198CFA787CFABF.e.263"},"getTitle",[]]}
COMMAND: POST /session/c0888585b7f3e34add4ec5499adc29bf/execute/async - {"script":"<script> [1562 bytes]","args":[{"selector":{"id":"shellAppTitle"},"wdio_ui5_key":"shellAppTitle"}]}
RESULT: {"script":"<script> [1562 bytes]","args":[{"selector":{"id":"shellAppTitle"},"wdio_ui5_key":"shellAppTitle"}]}
COMMAND: POST /session/c0888585b7f3e34add4ec5499adc29bf/execute/async - {"script":"<script> [6424 bytes]","args":[{"element-6066-11e4-a52e-4f735466cecf":"f.577FC0ABE6C817B3F58267D3AFEEF055.d.0A1F589C054806A7D3198CFA787CFABF.e.3020"},"getTitle",[]]}
RESULT: {"script":"<script> [6424 bytes]","args":[{"element-6066-11e4-a52e-4f735466cecf":"f.577FC0ABE6C817B3F58267D3AFEEF055.d.0A1F589C054806A7D3198CFA787CFABF.e.3020"},"getTitle",[]]}
RESULT: undefined
COMMAND: POST /session/c0888585b7f3e34add4ec5499adc29bf/element/f.577FC0ABE6C817B3F58267D3AFEEF055.d.0A1F589C054806A7D3198CFA787CFABF.e.2850/click - {}
COMMAND: POST /session/c0888585b7f3e34add4ec5499adc29bf/element - {"using":"xpath","value":"//*[@id=\"backBtn\"]"}
RESULT: {"using":"xpath","value":"//*[@id=\"backBtn\"]"}
COMMAND: POST /session/c0888585b7f3e34add4ec5499adc29bf/element/f.577FC0ABE6C817B3F58267D3AFEEF055.d.0A1F589C054806A7D3198CFA787CFABF.e.2850/click - {}
COMMAND: POST /session/c0888585b7f3e34add4ec5499adc29bf/element - {"using":"xpath","value":"//*[@id=\"backBtn\"]"}
RESULT: {"using":"xpath","value":"//*[@id=\"backBtn\"]"}
COMMAND: POST /session/c0888585b7f3e34add4ec5499adc29bf/element/f.577FC0ABE6C817B3F58267D3AFEEF055.d.0A1F589C054806A7D3198CFA787CFABF.e.3021/click - {}
RESULT: {}
COMMAND: GET /session/c0888585b7f3e34add4ec5499adc29bf/screenshot - {}
RESULT: {}
]]></system-out>
    </testcase>
    <testcase classname="chrome.135_0_7049_42.windows.Sanity_Tests_US104253" name="Should open Trace Track Resources page" time="38.492">
      <system-out><![CDATA[
COMMAND: POST /session/c0888585b7f3e34add4ec5499adc29bf/execute/async - {"script":"<script> [1562 bytes]","args":[{"selector":{"controlType":"sap.m.GenericTile","properties":{"header":"Trace & Track Resources"}},"wdio_ui5_key":"sapm.GenericTile{\"header\":\"Trace & Track Resources\"}"}]}
RESULT: {"script":"<script> [1562 bytes]","args":[{"selector":{"controlType":"sap.m.GenericTile","properties":{"header":"Trace & Track Resources"}},"wdio_ui5_key":"sapm.GenericTile{\"header\":\"Trace & Track Resources\"}"}]}
RESULT: undefined
COMMAND: POST /session/c0888585b7f3e34add4ec5499adc29bf/element - {"using":"xpath","value":"//*[@id=\"__tile72\"]"}
RESULT: {"using":"xpath","value":"//*[@id=\"__tile72\"]"}
COMMAND: POST /session/c0888585b7f3e34add4ec5499adc29bf/element/f.577FC0ABE6C817B3F58267D3AFEEF055.d.0A1F589C054806A7D3198CFA787CFABF.e.3023/click - {}
RESULT: {}
COMMAND: GET /session/c0888585b7f3e34add4ec5499adc29bf/screenshot - {}
RESULT: {}
RESULT: undefined
COMMAND: POST /session/c0888585b7f3e34add4ec5499adc29bf/element - {"using":"xpath","value":"//*[@id=\"__tile72\"]"}
RESULT: {"using":"xpath","value":"//*[@id=\"__tile72\"]"}
COMMAND: POST /session/c0888585b7f3e34add4ec5499adc29bf/element/f.577FC0ABE6C817B3F58267D3AFEEF055.d.0A1F589C054806A7D3198CFA787CFABF.e.3023/click - {}
RESULT: undefined
COMMAND: POST /session/c0888585b7f3e34add4ec5499adc29bf/element - {"using":"xpath","value":"//*[@id=\"__tile72\"]"}
RESULT: {"using":"xpath","value":"//*[@id=\"__tile72\"]"}
COMMAND: POST /session/c0888585b7f3e34add4ec5499adc29bf/element/f.577FC0ABE6C817B3F58267D3AFEEF055.d.0A1F589C054806A7D3198CFA787CFABF.e.3023/click - {}
RESULT: undefined
COMMAND: POST /session/c0888585b7f3e34add4ec5499adc29bf/execute/async - {"script":"<script> [6424 bytes]","args":[{"element-6066-11e4-a52e-4f735466cecf":"f.577FC0ABE6C817B3F58267D3AFEEF055.d.0A1F589C054806A7D3198CFA787CFABF.e.263"},"getTitle",[]]}
COMMAND: POST /session/c0888585b7f3e34add4ec5499adc29bf/execute/async - {"script":"<script> [1562 bytes]","args":[{"selector":{"id":"shellAppTitle"},"wdio_ui5_key":"shellAppTitle"}]}
RESULT: {"script":"<script> [1562 bytes]","args":[{"selector":{"id":"shellAppTitle"},"wdio_ui5_key":"shellAppTitle"}]}
COMMAND: POST /session/c0888585b7f3e34add4ec5499adc29bf/execute/async - {"script":"<script> [6424 bytes]","args":[{"element-6066-11e4-a52e-4f735466cecf":"f.577FC0ABE6C817B3F58267D3AFEEF055.d.0A1F589C054806A7D3198CFA787CFABF.e.3057"},"getTitle",[]]}
RESULT: {"script":"<script> [6424 bytes]","args":[{"element-6066-11e4-a52e-4f735466cecf":"f.577FC0ABE6C817B3F58267D3AFEEF055.d.0A1F589C054806A7D3198CFA787CFABF.e.3057"},"getTitle",[]]}
RESULT: undefined
COMMAND: POST /session/c0888585b7f3e34add4ec5499adc29bf/element/f.577FC0ABE6C817B3F58267D3AFEEF055.d.0A1F589C054806A7D3198CFA787CFABF.e.3021/click - {}
RESULT: {}
COMMAND: GET /session/c0888585b7f3e34add4ec5499adc29bf/screenshot - {}
RESULT: {}
]]></system-out>
    </testcase>
    <testcase classname="chrome.135_0_7049_42.windows.Sanity_Tests_US104253" name="Should open RU Inventory List page" time="33.258">
      <system-out><![CDATA[
COMMAND: POST /session/c0888585b7f3e34add4ec5499adc29bf/execute/async - {"script":"<script> [1562 bytes]","args":[{"selector":{"controlType":"sap.m.GenericTile","properties":{"header":"RU Inventory List"}},"wdio_ui5_key":"sapm.GenericTile{\"header\":\"RU Inventory List\"}"}]}
RESULT: {"script":"<script> [1562 bytes]","args":[{"selector":{"controlType":"sap.m.GenericTile","properties":{"header":"RU Inventory List"}},"wdio_ui5_key":"sapm.GenericTile{\"header\":\"RU Inventory List\"}"}]}
RESULT: undefined
COMMAND: POST /session/c0888585b7f3e34add4ec5499adc29bf/element - {"using":"xpath","value":"//*[@id=\"__tile70\"]"}
RESULT: {"using":"xpath","value":"//*[@id=\"__tile70\"]"}
COMMAND: POST /session/c0888585b7f3e34add4ec5499adc29bf/element/f.577FC0ABE6C817B3F58267D3AFEEF055.d.0A1F589C054806A7D3198CFA787CFABF.e.3059/click - {}
RESULT: {}
COMMAND: GET /session/c0888585b7f3e34add4ec5499adc29bf/screenshot - {}
RESULT: {}
RESULT: undefined
COMMAND: POST /session/c0888585b7f3e34add4ec5499adc29bf/element - {"using":"xpath","value":"//*[@id=\"__tile70\"]"}
RESULT: {"using":"xpath","value":"//*[@id=\"__tile70\"]"}
COMMAND: POST /session/c0888585b7f3e34add4ec5499adc29bf/element/f.577FC0ABE6C817B3F58267D3AFEEF055.d.0A1F589C054806A7D3198CFA787CFABF.e.3059/click - {}
RESULT: undefined
COMMAND: POST /session/c0888585b7f3e34add4ec5499adc29bf/element - {"using":"xpath","value":"//*[@id=\"__tile70\"]"}
RESULT: {"using":"xpath","value":"//*[@id=\"__tile70\"]"}
COMMAND: POST /session/c0888585b7f3e34add4ec5499adc29bf/element/f.577FC0ABE6C817B3F58267D3AFEEF055.d.0A1F589C054806A7D3198CFA787CFABF.e.3059/click - {}
RESULT: undefined
COMMAND: POST /session/c0888585b7f3e34add4ec5499adc29bf/execute/async - {"script":"<script> [6424 bytes]","args":[{"element-6066-11e4-a52e-4f735466cecf":"f.577FC0ABE6C817B3F58267D3AFEEF055.d.0A1F589C054806A7D3198CFA787CFABF.e.263"},"getTitle",[]]}
COMMAND: POST /session/c0888585b7f3e34add4ec5499adc29bf/execute/async - {"script":"<script> [1562 bytes]","args":[{"selector":{"id":"shellAppTitle"},"wdio_ui5_key":"shellAppTitle"}]}
RESULT: {"script":"<script> [1562 bytes]","args":[{"selector":{"id":"shellAppTitle"},"wdio_ui5_key":"shellAppTitle"}]}
COMMAND: POST /session/c0888585b7f3e34add4ec5499adc29bf/execute/async - {"script":"<script> [6424 bytes]","args":[{"element-6066-11e4-a52e-4f735466cecf":"f.577FC0ABE6C817B3F58267D3AFEEF055.d.0A1F589C054806A7D3198CFA787CFABF.e.3251"},"getTitle",[]]}
RESULT: {"script":"<script> [6424 bytes]","args":[{"element-6066-11e4-a52e-4f735466cecf":"f.577FC0ABE6C817B3F58267D3AFEEF055.d.0A1F589C054806A7D3198CFA787CFABF.e.3251"},"getTitle",[]]}
RESULT: undefined
COMMAND: POST /session/c0888585b7f3e34add4ec5499adc29bf/element/f.577FC0ABE6C817B3F58267D3AFEEF055.d.0A1F589C054806A7D3198CFA787CFABF.e.3021/click - {}
COMMAND: POST /session/c0888585b7f3e34add4ec5499adc29bf/element - {"using":"xpath","value":"//*[@id=\"backBtn\"]"}
RESULT: {"using":"xpath","value":"//*[@id=\"backBtn\"]"}
COMMAND: POST /session/c0888585b7f3e34add4ec5499adc29bf/element/f.577FC0ABE6C817B3F58267D3AFEEF055.d.0A1F589C054806A7D3198CFA787CFABF.e.3021/click - {}
COMMAND: POST /session/c0888585b7f3e34add4ec5499adc29bf/element - {"using":"xpath","value":"//*[@id=\"backBtn\"]"}
RESULT: {"using":"xpath","value":"//*[@id=\"backBtn\"]"}
COMMAND: POST /session/c0888585b7f3e34add4ec5499adc29bf/element/f.577FC0ABE6C817B3F58267D3AFEEF055.d.0A1F589C054806A7D3198CFA787CFABF.e.3252/click - {}
RESULT: {}
COMMAND: GET /session/c0888585b7f3e34add4ec5499adc29bf/screenshot - {}
RESULT: {}
]]></system-out>
    </testcase>
    <testcase classname="chrome.135_0_7049_42.windows.Sanity_Tests_US104253" name="Should open Contracts Dashboard page" time="44.296">
      <system-out><![CDATA[
COMMAND: POST /session/c0888585b7f3e34add4ec5499adc29bf/execute/async - {"script":"<script> [1562 bytes]","args":[{"selector":{"controlType":"sap.m.GenericTile","properties":{"header":"Contracts Dashboard"}},"wdio_ui5_key":"sapm.GenericTile{\"header\":\"Contracts Dashboard\"}"}]}
RESULT: {"script":"<script> [1562 bytes]","args":[{"selector":{"controlType":"sap.m.GenericTile","properties":{"header":"Contracts Dashboard"}},"wdio_ui5_key":"sapm.GenericTile{\"header\":\"Contracts Dashboard\"}"}]}
RESULT: undefined
COMMAND: POST /session/c0888585b7f3e34add4ec5499adc29bf/element - {"using":"xpath","value":"//*[@id=\"__tile68\"]"}
RESULT: {"using":"xpath","value":"//*[@id=\"__tile68\"]"}
COMMAND: POST /session/c0888585b7f3e34add4ec5499adc29bf/element/f.577FC0ABE6C817B3F58267D3AFEEF055.d.0A1F589C054806A7D3198CFA787CFABF.e.3254/click - {}
RESULT: {}
COMMAND: GET /session/c0888585b7f3e34add4ec5499adc29bf/screenshot - {}
RESULT: {}
RESULT: undefined
COMMAND: POST /session/c0888585b7f3e34add4ec5499adc29bf/element - {"using":"xpath","value":"//*[@id=\"__tile68\"]"}
RESULT: {"using":"xpath","value":"//*[@id=\"__tile68\"]"}
COMMAND: POST /session/c0888585b7f3e34add4ec5499adc29bf/element/f.577FC0ABE6C817B3F58267D3AFEEF055.d.0A1F589C054806A7D3198CFA787CFABF.e.3254/click - {}
RESULT: undefined
COMMAND: POST /session/c0888585b7f3e34add4ec5499adc29bf/element - {"using":"xpath","value":"//*[@id=\"__tile68\"]"}
RESULT: {"using":"xpath","value":"//*[@id=\"__tile68\"]"}
COMMAND: POST /session/c0888585b7f3e34add4ec5499adc29bf/element/f.577FC0ABE6C817B3F58267D3AFEEF055.d.0A1F589C054806A7D3198CFA787CFABF.e.3254/click - {}
RESULT: undefined
COMMAND: POST /session/c0888585b7f3e34add4ec5499adc29bf/execute/async - {"script":"<script> [6424 bytes]","args":[{"element-6066-11e4-a52e-4f735466cecf":"f.577FC0ABE6C817B3F58267D3AFEEF055.d.0A1F589C054806A7D3198CFA787CFABF.e.263"},"getTitle",[]]}
COMMAND: POST /session/c0888585b7f3e34add4ec5499adc29bf/execute/async - {"script":"<script> [1562 bytes]","args":[{"selector":{"id":"shellAppTitle"},"wdio_ui5_key":"shellAppTitle"}]}
RESULT: {"script":"<script> [1562 bytes]","args":[{"selector":{"id":"shellAppTitle"},"wdio_ui5_key":"shellAppTitle"}]}
COMMAND: POST /session/c0888585b7f3e34add4ec5499adc29bf/execute/async - {"script":"<script> [6424 bytes]","args":[{"element-6066-11e4-a52e-4f735466cecf":"f.577FC0ABE6C817B3F58267D3AFEEF055.d.0A1F589C054806A7D3198CFA787CFABF.e.3276"},"getTitle",[]]}
RESULT: {"script":"<script> [6424 bytes]","args":[{"element-6066-11e4-a52e-4f735466cecf":"f.577FC0ABE6C817B3F58267D3AFEEF055.d.0A1F589C054806A7D3198CFA787CFABF.e.3276"},"getTitle",[]]}
RESULT: undefined
COMMAND: POST /session/c0888585b7f3e34add4ec5499adc29bf/element/f.577FC0ABE6C817B3F58267D3AFEEF055.d.0A1F589C054806A7D3198CFA787CFABF.e.3252/click - {}
RESULT: {}
COMMAND: GET /session/c0888585b7f3e34add4ec5499adc29bf/screenshot - {}
RESULT: {}
]]></system-out>
    </testcase>
    <testcase classname="chrome.135_0_7049_42.windows.Sanity_Tests_US104253" name="Should open Bin Status Report page" time="35.896">
      <system-out><![CDATA[
COMMAND: POST /session/c0888585b7f3e34add4ec5499adc29bf/execute/async - {"script":"<script> [1562 bytes]","args":[{"selector":{"controlType":"sap.m.GenericTile","properties":{"header":"Bin Status Report"}},"wdio_ui5_key":"sapm.GenericTile{\"header\":\"Bin Status Report\"}"}]}
RESULT: {"script":"<script> [1562 bytes]","args":[{"selector":{"controlType":"sap.m.GenericTile","properties":{"header":"Bin Status Report"}},"wdio_ui5_key":"sapm.GenericTile{\"header\":\"Bin Status Report\"}"}]}
RESULT: undefined
COMMAND: POST /session/c0888585b7f3e34add4ec5499adc29bf/element - {"using":"xpath","value":"//*[@id=\"__tile108\"]"}
RESULT: {"using":"xpath","value":"//*[@id=\"__tile108\"]"}
COMMAND: POST /session/c0888585b7f3e34add4ec5499adc29bf/element/f.577FC0ABE6C817B3F58267D3AFEEF055.d.0A1F589C054806A7D3198CFA787CFABF.e.3278/click - {}
RESULT: {}
COMMAND: GET /session/c0888585b7f3e34add4ec5499adc29bf/screenshot - {}
RESULT: {}
RESULT: undefined
COMMAND: POST /session/c0888585b7f3e34add4ec5499adc29bf/element - {"using":"xpath","value":"//*[@id=\"__tile108\"]"}
RESULT: {"using":"xpath","value":"//*[@id=\"__tile108\"]"}
COMMAND: POST /session/c0888585b7f3e34add4ec5499adc29bf/element/f.577FC0ABE6C817B3F58267D3AFEEF055.d.0A1F589C054806A7D3198CFA787CFABF.e.3278/click - {}
RESULT: undefined
COMMAND: POST /session/c0888585b7f3e34add4ec5499adc29bf/element - {"using":"xpath","value":"//*[@id=\"__tile108\"]"}
RESULT: {"using":"xpath","value":"//*[@id=\"__tile108\"]"}
COMMAND: POST /session/c0888585b7f3e34add4ec5499adc29bf/element/f.577FC0ABE6C817B3F58267D3AFEEF055.d.0A1F589C054806A7D3198CFA787CFABF.e.3278/click - {}
RESULT: undefined
COMMAND: POST /session/c0888585b7f3e34add4ec5499adc29bf/execute/async - {"script":"<script> [6424 bytes]","args":[{"element-6066-11e4-a52e-4f735466cecf":"f.577FC0ABE6C817B3F58267D3AFEEF055.d.0A1F589C054806A7D3198CFA787CFABF.e.263"},"getTitle",[]]}
COMMAND: POST /session/c0888585b7f3e34add4ec5499adc29bf/execute/async - {"script":"<script> [1562 bytes]","args":[{"selector":{"id":"shellAppTitle"},"wdio_ui5_key":"shellAppTitle"}]}
RESULT: {"script":"<script> [1562 bytes]","args":[{"selector":{"id":"shellAppTitle"},"wdio_ui5_key":"shellAppTitle"}]}
COMMAND: POST /session/c0888585b7f3e34add4ec5499adc29bf/execute/async - {"script":"<script> [6424 bytes]","args":[{"element-6066-11e4-a52e-4f735466cecf":"f.577FC0ABE6C817B3F58267D3AFEEF055.d.0A1F589C054806A7D3198CFA787CFABF.e.3372"},"getTitle",[]]}
RESULT: {"script":"<script> [6424 bytes]","args":[{"element-6066-11e4-a52e-4f735466cecf":"f.577FC0ABE6C817B3F58267D3AFEEF055.d.0A1F589C054806A7D3198CFA787CFABF.e.3372"},"getTitle",[]]}
RESULT: undefined
COMMAND: POST /session/c0888585b7f3e34add4ec5499adc29bf/element/f.577FC0ABE6C817B3F58267D3AFEEF055.d.0A1F589C054806A7D3198CFA787CFABF.e.3252/click - {}
COMMAND: POST /session/c0888585b7f3e34add4ec5499adc29bf/element - {"using":"xpath","value":"//*[@id=\"backBtn\"]"}
RESULT: {"using":"xpath","value":"//*[@id=\"backBtn\"]"}
COMMAND: POST /session/c0888585b7f3e34add4ec5499adc29bf/element/f.577FC0ABE6C817B3F58267D3AFEEF055.d.0A1F589C054806A7D3198CFA787CFABF.e.3252/click - {}
COMMAND: POST /session/c0888585b7f3e34add4ec5499adc29bf/element - {"using":"xpath","value":"//*[@id=\"backBtn\"]"}
RESULT: {"using":"xpath","value":"//*[@id=\"backBtn\"]"}
COMMAND: POST /session/c0888585b7f3e34add4ec5499adc29bf/element/f.577FC0ABE6C817B3F58267D3AFEEF055.d.0A1F589C054806A7D3198CFA787CFABF.e.3373/click - {}
RESULT: {}
COMMAND: GET /session/c0888585b7f3e34add4ec5499adc29bf/screenshot - {}
RESULT: {}
]]></system-out>
    </testcase>
    <testcase classname="chrome.135_0_7049_42.windows.Sanity_Tests_US104253" name="Should open Manage Warehouse Movements page" time="40.05">
      <system-out><![CDATA[
COMMAND: POST /session/c0888585b7f3e34add4ec5499adc29bf/execute/async - {"script":"<script> [1562 bytes]","args":[{"selector":{"controlType":"sap.m.GenericTile","properties":{"header":"Manage Warehouse Movements"}},"wdio_ui5_key":"sapm.GenericTile{\"header\":\"Manage Warehouse Movements\"}"}]}
RESULT: {"script":"<script> [1562 bytes]","args":[{"selector":{"controlType":"sap.m.GenericTile","properties":{"header":"Manage Warehouse Movements"}},"wdio_ui5_key":"sapm.GenericTile{\"header\":\"Manage Warehouse Movements\"}"}]}
RESULT: undefined
COMMAND: POST /session/c0888585b7f3e34add4ec5499adc29bf/element - {"using":"xpath","value":"//*[@id=\"__tile109\"]"}
RESULT: {"using":"xpath","value":"//*[@id=\"__tile109\"]"}
COMMAND: POST /session/c0888585b7f3e34add4ec5499adc29bf/element/f.577FC0ABE6C817B3F58267D3AFEEF055.d.0A1F589C054806A7D3198CFA787CFABF.e.3377/click - {}
RESULT: {}
COMMAND: GET /session/c0888585b7f3e34add4ec5499adc29bf/screenshot - {}
RESULT: {}
RESULT: undefined
COMMAND: POST /session/c0888585b7f3e34add4ec5499adc29bf/element - {"using":"xpath","value":"//*[@id=\"__tile109\"]"}
RESULT: {"using":"xpath","value":"//*[@id=\"__tile109\"]"}
COMMAND: POST /session/c0888585b7f3e34add4ec5499adc29bf/element/f.577FC0ABE6C817B3F58267D3AFEEF055.d.0A1F589C054806A7D3198CFA787CFABF.e.3377/click - {}
RESULT: undefined
COMMAND: POST /session/c0888585b7f3e34add4ec5499adc29bf/element - {"using":"xpath","value":"//*[@id=\"__tile109\"]"}
RESULT: {"using":"xpath","value":"//*[@id=\"__tile109\"]"}
COMMAND: POST /session/c0888585b7f3e34add4ec5499adc29bf/element/f.577FC0ABE6C817B3F58267D3AFEEF055.d.0A1F589C054806A7D3198CFA787CFABF.e.3377/click - {}
RESULT: undefined
COMMAND: POST /session/c0888585b7f3e34add4ec5499adc29bf/execute/async - {"script":"<script> [6424 bytes]","args":[{"element-6066-11e4-a52e-4f735466cecf":"f.577FC0ABE6C817B3F58267D3AFEEF055.d.0A1F589C054806A7D3198CFA787CFABF.e.263"},"getTitle",[]]}
COMMAND: POST /session/c0888585b7f3e34add4ec5499adc29bf/execute/async - {"script":"<script> [1562 bytes]","args":[{"selector":{"id":"shellAppTitle"},"wdio_ui5_key":"shellAppTitle"}]}
RESULT: {"script":"<script> [1562 bytes]","args":[{"selector":{"id":"shellAppTitle"},"wdio_ui5_key":"shellAppTitle"}]}
COMMAND: POST /session/c0888585b7f3e34add4ec5499adc29bf/execute/async - {"script":"<script> [6424 bytes]","args":[{"element-6066-11e4-a52e-4f735466cecf":"f.577FC0ABE6C817B3F58267D3AFEEF055.d.0A1F589C054806A7D3198CFA787CFABF.e.3458"},"getTitle",[]]}
RESULT: {"script":"<script> [6424 bytes]","args":[{"element-6066-11e4-a52e-4f735466cecf":"f.577FC0ABE6C817B3F58267D3AFEEF055.d.0A1F589C054806A7D3198CFA787CFABF.e.3458"},"getTitle",[]]}
RESULT: undefined
COMMAND: POST /session/c0888585b7f3e34add4ec5499adc29bf/element/f.577FC0ABE6C817B3F58267D3AFEEF055.d.0A1F589C054806A7D3198CFA787CFABF.e.3373/click - {}
RESULT: {}
COMMAND: GET /session/c0888585b7f3e34add4ec5499adc29bf/screenshot - {}
RESULT: {}
]]></system-out>
    </testcase>
    <testcase classname="chrome.135_0_7049_42.windows.Sanity_Tests_US104253" name="Should open Bin Inventory List page" time="39.889">
      <system-out><![CDATA[
COMMAND: POST /session/c0888585b7f3e34add4ec5499adc29bf/execute/async - {"script":"<script> [1562 bytes]","args":[{"selector":{"controlType":"sap.m.GenericTile","properties":{"header":"Bin Inventory List"}},"wdio_ui5_key":"sapm.GenericTile{\"header\":\"Bin Inventory List\"}"}]}
RESULT: {"script":"<script> [1562 bytes]","args":[{"selector":{"controlType":"sap.m.GenericTile","properties":{"header":"Bin Inventory List"}},"wdio_ui5_key":"sapm.GenericTile{\"header\":\"Bin Inventory List\"}"}]}
RESULT: undefined
COMMAND: POST /session/c0888585b7f3e34add4ec5499adc29bf/element - {"using":"xpath","value":"//*[@id=\"__tile107\"]"}
RESULT: {"using":"xpath","value":"//*[@id=\"__tile107\"]"}
COMMAND: POST /session/c0888585b7f3e34add4ec5499adc29bf/element/f.577FC0ABE6C817B3F58267D3AFEEF055.d.0A1F589C054806A7D3198CFA787CFABF.e.3460/click - {}
RESULT: {}
COMMAND: GET /session/c0888585b7f3e34add4ec5499adc29bf/screenshot - {}
RESULT: {}
RESULT: undefined
COMMAND: POST /session/c0888585b7f3e34add4ec5499adc29bf/element - {"using":"xpath","value":"//*[@id=\"__tile107\"]"}
RESULT: {"using":"xpath","value":"//*[@id=\"__tile107\"]"}
COMMAND: POST /session/c0888585b7f3e34add4ec5499adc29bf/element/f.577FC0ABE6C817B3F58267D3AFEEF055.d.0A1F589C054806A7D3198CFA787CFABF.e.3460/click - {}
RESULT: undefined
COMMAND: POST /session/c0888585b7f3e34add4ec5499adc29bf/element - {"using":"xpath","value":"//*[@id=\"__tile107\"]"}
RESULT: {"using":"xpath","value":"//*[@id=\"__tile107\"]"}
COMMAND: POST /session/c0888585b7f3e34add4ec5499adc29bf/element/f.577FC0ABE6C817B3F58267D3AFEEF055.d.0A1F589C054806A7D3198CFA787CFABF.e.3460/click - {}
RESULT: undefined
COMMAND: POST /session/c0888585b7f3e34add4ec5499adc29bf/execute/async - {"script":"<script> [6424 bytes]","args":[{"element-6066-11e4-a52e-4f735466cecf":"f.577FC0ABE6C817B3F58267D3AFEEF055.d.0A1F589C054806A7D3198CFA787CFABF.e.263"},"getTitle",[]]}
COMMAND: POST /session/c0888585b7f3e34add4ec5499adc29bf/execute/async - {"script":"<script> [1562 bytes]","args":[{"selector":{"id":"shellAppTitle"},"wdio_ui5_key":"shellAppTitle"}]}
RESULT: {"script":"<script> [1562 bytes]","args":[{"selector":{"id":"shellAppTitle"},"wdio_ui5_key":"shellAppTitle"}]}
COMMAND: POST /session/c0888585b7f3e34add4ec5499adc29bf/execute/async - {"script":"<script> [6424 bytes]","args":[{"element-6066-11e4-a52e-4f735466cecf":"f.577FC0ABE6C817B3F58267D3AFEEF055.d.0A1F589C054806A7D3198CFA787CFABF.e.3546"},"getTitle",[]]}
RESULT: {"script":"<script> [6424 bytes]","args":[{"element-6066-11e4-a52e-4f735466cecf":"f.577FC0ABE6C817B3F58267D3AFEEF055.d.0A1F589C054806A7D3198CFA787CFABF.e.3546"},"getTitle",[]]}
RESULT: undefined
COMMAND: POST /session/c0888585b7f3e34add4ec5499adc29bf/element/f.577FC0ABE6C817B3F58267D3AFEEF055.d.0A1F589C054806A7D3198CFA787CFABF.e.3373/click - {}
COMMAND: POST /session/c0888585b7f3e34add4ec5499adc29bf/element - {"using":"xpath","value":"//*[@id=\"backBtn\"]"}
RESULT: {"using":"xpath","value":"//*[@id=\"backBtn\"]"}
COMMAND: POST /session/c0888585b7f3e34add4ec5499adc29bf/element/f.577FC0ABE6C817B3F58267D3AFEEF055.d.0A1F589C054806A7D3198CFA787CFABF.e.3373/click - {}
COMMAND: POST /session/c0888585b7f3e34add4ec5499adc29bf/element - {"using":"xpath","value":"//*[@id=\"backBtn\"]"}
RESULT: {"using":"xpath","value":"//*[@id=\"backBtn\"]"}
COMMAND: POST /session/c0888585b7f3e34add4ec5499adc29bf/element/f.577FC0ABE6C817B3F58267D3AFEEF055.d.0A1F589C054806A7D3198CFA787CFABF.e.3547/click - {}
RESULT: {}
COMMAND: GET /session/c0888585b7f3e34add4ec5499adc29bf/screenshot - {}
RESULT: {}
]]></system-out>
    </testcase>
    <testcase classname="chrome.135_0_7049_42.windows.Sanity_Tests_US104253" name="Should open ISC Templates page" time="36.858">
      <system-out><![CDATA[
COMMAND: POST /session/c0888585b7f3e34add4ec5499adc29bf/execute/async - {"script":"<script> [1562 bytes]","args":[{"selector":{"controlType":"sap.m.GenericTile","properties":{"header":"ISC Templates"}},"wdio_ui5_key":"sapm.GenericTile{\"header\":\"ISC Templates\"}"}]}
RESULT: {"script":"<script> [1562 bytes]","args":[{"selector":{"controlType":"sap.m.GenericTile","properties":{"header":"ISC Templates"}},"wdio_ui5_key":"sapm.GenericTile{\"header\":\"ISC Templates\"}"}]}
RESULT: undefined
COMMAND: POST /session/c0888585b7f3e34add4ec5499adc29bf/element - {"using":"xpath","value":"//*[@id=\"__tile115\"]"}
RESULT: {"using":"xpath","value":"//*[@id=\"__tile115\"]"}
COMMAND: POST /session/c0888585b7f3e34add4ec5499adc29bf/element/f.577FC0ABE6C817B3F58267D3AFEEF055.d.0A1F589C054806A7D3198CFA787CFABF.e.3549/click - {}
RESULT: {}
COMMAND: GET /session/c0888585b7f3e34add4ec5499adc29bf/screenshot - {}
RESULT: {}
RESULT: undefined
COMMAND: POST /session/c0888585b7f3e34add4ec5499adc29bf/element - {"using":"xpath","value":"//*[@id=\"__tile115\"]"}
RESULT: {"using":"xpath","value":"//*[@id=\"__tile115\"]"}
COMMAND: POST /session/c0888585b7f3e34add4ec5499adc29bf/element/f.577FC0ABE6C817B3F58267D3AFEEF055.d.0A1F589C054806A7D3198CFA787CFABF.e.3549/click - {}
RESULT: undefined
COMMAND: POST /session/c0888585b7f3e34add4ec5499adc29bf/element - {"using":"xpath","value":"//*[@id=\"__tile115\"]"}
RESULT: {"using":"xpath","value":"//*[@id=\"__tile115\"]"}
COMMAND: POST /session/c0888585b7f3e34add4ec5499adc29bf/element/f.577FC0ABE6C817B3F58267D3AFEEF055.d.0A1F589C054806A7D3198CFA787CFABF.e.3549/click - {}
RESULT: undefined
COMMAND: POST /session/c0888585b7f3e34add4ec5499adc29bf/execute/async - {"script":"<script> [6424 bytes]","args":[{"element-6066-11e4-a52e-4f735466cecf":"f.577FC0ABE6C817B3F58267D3AFEEF055.d.0A1F589C054806A7D3198CFA787CFABF.e.263"},"getTitle",[]]}
COMMAND: POST /session/c0888585b7f3e34add4ec5499adc29bf/execute/async - {"script":"<script> [1562 bytes]","args":[{"selector":{"id":"shellAppTitle"},"wdio_ui5_key":"shellAppTitle"}]}
RESULT: {"script":"<script> [1562 bytes]","args":[{"selector":{"id":"shellAppTitle"},"wdio_ui5_key":"shellAppTitle"}]}
COMMAND: POST /session/c0888585b7f3e34add4ec5499adc29bf/execute/async - {"script":"<script> [6424 bytes]","args":[{"element-6066-11e4-a52e-4f735466cecf":"f.577FC0ABE6C817B3F58267D3AFEEF055.d.0A1F589C054806A7D3198CFA787CFABF.e.3623"},"getTitle",[]]}
RESULT: {"script":"<script> [6424 bytes]","args":[{"element-6066-11e4-a52e-4f735466cecf":"f.577FC0ABE6C817B3F58267D3AFEEF055.d.0A1F589C054806A7D3198CFA787CFABF.e.3623"},"getTitle",[]]}
RESULT: undefined
COMMAND: POST /session/c0888585b7f3e34add4ec5499adc29bf/element/f.577FC0ABE6C817B3F58267D3AFEEF055.d.0A1F589C054806A7D3198CFA787CFABF.e.3547/click - {}
RESULT: {}
COMMAND: GET /session/c0888585b7f3e34add4ec5499adc29bf/screenshot - {}
RESULT: {}
]]></system-out>
    </testcase>
    <testcase classname="chrome.135_0_7049_42.windows.Sanity_Tests_US104253" name="Should open ISC Schedules page" time="39.938">
      <system-out><![CDATA[
COMMAND: POST /session/c0888585b7f3e34add4ec5499adc29bf/execute/async - {"script":"<script> [1562 bytes]","args":[{"selector":{"controlType":"sap.m.GenericTile","properties":{"header":"ISC Schedules"}},"wdio_ui5_key":"sapm.GenericTile{\"header\":\"ISC Schedules\"}"}]}
RESULT: {"script":"<script> [1562 bytes]","args":[{"selector":{"controlType":"sap.m.GenericTile","properties":{"header":"ISC Schedules"}},"wdio_ui5_key":"sapm.GenericTile{\"header\":\"ISC Schedules\"}"}]}
RESULT: undefined
COMMAND: POST /session/c0888585b7f3e34add4ec5499adc29bf/element - {"using":"xpath","value":"//*[@id=\"__tile113\"]"}
RESULT: {"using":"xpath","value":"//*[@id=\"__tile113\"]"}
COMMAND: POST /session/c0888585b7f3e34add4ec5499adc29bf/element/f.577FC0ABE6C817B3F58267D3AFEEF055.d.0A1F589C054806A7D3198CFA787CFABF.e.3626/click - {}
RESULT: {}
COMMAND: GET /session/c0888585b7f3e34add4ec5499adc29bf/screenshot - {}
RESULT: {}
RESULT: undefined
COMMAND: POST /session/c0888585b7f3e34add4ec5499adc29bf/element - {"using":"xpath","value":"//*[@id=\"__tile113\"]"}
RESULT: {"using":"xpath","value":"//*[@id=\"__tile113\"]"}
COMMAND: POST /session/c0888585b7f3e34add4ec5499adc29bf/element/f.577FC0ABE6C817B3F58267D3AFEEF055.d.0A1F589C054806A7D3198CFA787CFABF.e.3626/click - {}
RESULT: undefined
COMMAND: POST /session/c0888585b7f3e34add4ec5499adc29bf/element - {"using":"xpath","value":"//*[@id=\"__tile113\"]"}
RESULT: {"using":"xpath","value":"//*[@id=\"__tile113\"]"}
COMMAND: POST /session/c0888585b7f3e34add4ec5499adc29bf/element/f.577FC0ABE6C817B3F58267D3AFEEF055.d.0A1F589C054806A7D3198CFA787CFABF.e.3626/click - {}
RESULT: undefined
COMMAND: POST /session/c0888585b7f3e34add4ec5499adc29bf/execute/async - {"script":"<script> [6424 bytes]","args":[{"element-6066-11e4-a52e-4f735466cecf":"f.577FC0ABE6C817B3F58267D3AFEEF055.d.0A1F589C054806A7D3198CFA787CFABF.e.263"},"getTitle",[]]}
COMMAND: POST /session/c0888585b7f3e34add4ec5499adc29bf/execute/async - {"script":"<script> [1562 bytes]","args":[{"selector":{"id":"shellAppTitle"},"wdio_ui5_key":"shellAppTitle"}]}
RESULT: {"script":"<script> [1562 bytes]","args":[{"selector":{"id":"shellAppTitle"},"wdio_ui5_key":"shellAppTitle"}]}
COMMAND: POST /session/c0888585b7f3e34add4ec5499adc29bf/execute/async - {"script":"<script> [6424 bytes]","args":[{"element-6066-11e4-a52e-4f735466cecf":"f.577FC0ABE6C817B3F58267D3AFEEF055.d.0A1F589C054806A7D3198CFA787CFABF.e.3698"},"getTitle",[]]}
RESULT: {"script":"<script> [6424 bytes]","args":[{"element-6066-11e4-a52e-4f735466cecf":"f.577FC0ABE6C817B3F58267D3AFEEF055.d.0A1F589C054806A7D3198CFA787CFABF.e.3698"},"getTitle",[]]}
RESULT: undefined
COMMAND: POST /session/c0888585b7f3e34add4ec5499adc29bf/element/f.577FC0ABE6C817B3F58267D3AFEEF055.d.0A1F589C054806A7D3198CFA787CFABF.e.3547/click - {}
COMMAND: POST /session/c0888585b7f3e34add4ec5499adc29bf/element - {"using":"xpath","value":"//*[@id=\"backBtn\"]"}
RESULT: {"using":"xpath","value":"//*[@id=\"backBtn\"]"}
COMMAND: POST /session/c0888585b7f3e34add4ec5499adc29bf/element/f.577FC0ABE6C817B3F58267D3AFEEF055.d.0A1F589C054806A7D3198CFA787CFABF.e.3547/click - {}
COMMAND: POST /session/c0888585b7f3e34add4ec5499adc29bf/element - {"using":"xpath","value":"//*[@id=\"backBtn\"]"}
RESULT: {"using":"xpath","value":"//*[@id=\"backBtn\"]"}
COMMAND: POST /session/c0888585b7f3e34add4ec5499adc29bf/element/f.577FC0ABE6C817B3F58267D3AFEEF055.d.0A1F589C054806A7D3198CFA787CFABF.e.3699/click - {}
RESULT: {}
COMMAND: GET /session/c0888585b7f3e34add4ec5499adc29bf/screenshot - {}
RESULT: {}
]]></system-out>
    </testcase>
    <testcase classname="chrome.135_0_7049_42.windows.Sanity_Tests_US104253" name="Should open ISC Dashboard page" time="37.754">
      <system-out><![CDATA[
COMMAND: POST /session/c0888585b7f3e34add4ec5499adc29bf/execute/async - {"script":"<script> [1562 bytes]","args":[{"selector":{"controlType":"sap.m.GenericTile","properties":{"header":"ISC Dashboard"}},"wdio_ui5_key":"sapm.GenericTile{\"header\":\"ISC Dashboard\"}"}]}
RESULT: {"script":"<script> [1562 bytes]","args":[{"selector":{"controlType":"sap.m.GenericTile","properties":{"header":"ISC Dashboard"}},"wdio_ui5_key":"sapm.GenericTile{\"header\":\"ISC Dashboard\"}"}]}
RESULT: undefined
COMMAND: POST /session/c0888585b7f3e34add4ec5499adc29bf/element - {"using":"xpath","value":"//*[@id=\"__tile110\"]"}
RESULT: {"using":"xpath","value":"//*[@id=\"__tile110\"]"}
COMMAND: POST /session/c0888585b7f3e34add4ec5499adc29bf/element/f.577FC0ABE6C817B3F58267D3AFEEF055.d.0A1F589C054806A7D3198CFA787CFABF.e.3701/click - {}
RESULT: {}
COMMAND: GET /session/c0888585b7f3e34add4ec5499adc29bf/screenshot - {}
RESULT: {}
RESULT: undefined
COMMAND: POST /session/c0888585b7f3e34add4ec5499adc29bf/element - {"using":"xpath","value":"//*[@id=\"__tile110\"]"}
RESULT: {"using":"xpath","value":"//*[@id=\"__tile110\"]"}
COMMAND: POST /session/c0888585b7f3e34add4ec5499adc29bf/element/f.577FC0ABE6C817B3F58267D3AFEEF055.d.0A1F589C054806A7D3198CFA787CFABF.e.3701/click - {}
RESULT: undefined
COMMAND: POST /session/c0888585b7f3e34add4ec5499adc29bf/element - {"using":"xpath","value":"//*[@id=\"__tile110\"]"}
RESULT: {"using":"xpath","value":"//*[@id=\"__tile110\"]"}
COMMAND: POST /session/c0888585b7f3e34add4ec5499adc29bf/element/f.577FC0ABE6C817B3F58267D3AFEEF055.d.0A1F589C054806A7D3198CFA787CFABF.e.3701/click - {}
RESULT: undefined
COMMAND: POST /session/c0888585b7f3e34add4ec5499adc29bf/execute/async - {"script":"<script> [6424 bytes]","args":[{"element-6066-11e4-a52e-4f735466cecf":"f.577FC0ABE6C817B3F58267D3AFEEF055.d.0A1F589C054806A7D3198CFA787CFABF.e.263"},"getTitle",[]]}
COMMAND: POST /session/c0888585b7f3e34add4ec5499adc29bf/execute/async - {"script":"<script> [1562 bytes]","args":[{"selector":{"id":"shellAppTitle"},"wdio_ui5_key":"shellAppTitle"}]}
RESULT: {"script":"<script> [1562 bytes]","args":[{"selector":{"id":"shellAppTitle"},"wdio_ui5_key":"shellAppTitle"}]}
COMMAND: POST /session/c0888585b7f3e34add4ec5499adc29bf/execute/async - {"script":"<script> [6424 bytes]","args":[{"element-6066-11e4-a52e-4f735466cecf":"f.577FC0ABE6C817B3F58267D3AFEEF055.d.0A1F589C054806A7D3198CFA787CFABF.e.3894"},"getTitle",[]]}
RESULT: {"script":"<script> [6424 bytes]","args":[{"element-6066-11e4-a52e-4f735466cecf":"f.577FC0ABE6C817B3F58267D3AFEEF055.d.0A1F589C054806A7D3198CFA787CFABF.e.3894"},"getTitle",[]]}
RESULT: undefined
COMMAND: POST /session/c0888585b7f3e34add4ec5499adc29bf/element/f.577FC0ABE6C817B3F58267D3AFEEF055.d.0A1F589C054806A7D3198CFA787CFABF.e.3699/click - {}
RESULT: {}
COMMAND: GET /session/c0888585b7f3e34add4ec5499adc29bf/screenshot - {}
RESULT: {}
]]></system-out>
    </testcase>
    <testcase classname="chrome.135_0_7049_42.windows.Sanity_Tests_US104253" name="Should open ISC Orders page" time="41.12">
      <system-out><![CDATA[
COMMAND: POST /session/c0888585b7f3e34add4ec5499adc29bf/execute/async - {"script":"<script> [1562 bytes]","args":[{"selector":{"controlType":"sap.m.GenericTile","properties":{"header":"ISC Orders"}},"wdio_ui5_key":"sapm.GenericTile{\"header\":\"ISC Orders\"}"}]}
RESULT: {"script":"<script> [1562 bytes]","args":[{"selector":{"controlType":"sap.m.GenericTile","properties":{"header":"ISC Orders"}},"wdio_ui5_key":"sapm.GenericTile{\"header\":\"ISC Orders\"}"}]}
RESULT: undefined
COMMAND: POST /session/c0888585b7f3e34add4ec5499adc29bf/element - {"using":"xpath","value":"//*[@id=\"__tile112\"]"}
RESULT: {"using":"xpath","value":"//*[@id=\"__tile112\"]"}
COMMAND: POST /session/c0888585b7f3e34add4ec5499adc29bf/element/f.577FC0ABE6C817B3F58267D3AFEEF055.d.0A1F589C054806A7D3198CFA787CFABF.e.3896/click - {}
RESULT: {}
COMMAND: GET /session/c0888585b7f3e34add4ec5499adc29bf/screenshot - {}
RESULT: {}
RESULT: undefined
COMMAND: POST /session/c0888585b7f3e34add4ec5499adc29bf/element - {"using":"xpath","value":"//*[@id=\"__tile112\"]"}
RESULT: {"using":"xpath","value":"//*[@id=\"__tile112\"]"}
COMMAND: POST /session/c0888585b7f3e34add4ec5499adc29bf/element/f.577FC0ABE6C817B3F58267D3AFEEF055.d.0A1F589C054806A7D3198CFA787CFABF.e.3896/click - {}
RESULT: undefined
COMMAND: POST /session/c0888585b7f3e34add4ec5499adc29bf/element - {"using":"xpath","value":"//*[@id=\"__tile112\"]"}
RESULT: {"using":"xpath","value":"//*[@id=\"__tile112\"]"}
COMMAND: POST /session/c0888585b7f3e34add4ec5499adc29bf/element/f.577FC0ABE6C817B3F58267D3AFEEF055.d.0A1F589C054806A7D3198CFA787CFABF.e.3896/click - {}
RESULT: undefined
COMMAND: POST /session/c0888585b7f3e34add4ec5499adc29bf/execute/async - {"script":"<script> [6424 bytes]","args":[{"element-6066-11e4-a52e-4f735466cecf":"f.577FC0ABE6C817B3F58267D3AFEEF055.d.0A1F589C054806A7D3198CFA787CFABF.e.263"},"getTitle",[]]}
COMMAND: POST /session/c0888585b7f3e34add4ec5499adc29bf/execute/async - {"script":"<script> [1562 bytes]","args":[{"selector":{"id":"shellAppTitle"},"wdio_ui5_key":"shellAppTitle"}]}
RESULT: {"script":"<script> [1562 bytes]","args":[{"selector":{"id":"shellAppTitle"},"wdio_ui5_key":"shellAppTitle"}]}
COMMAND: POST /session/c0888585b7f3e34add4ec5499adc29bf/execute/async - {"script":"<script> [6424 bytes]","args":[{"element-6066-11e4-a52e-4f735466cecf":"f.577FC0ABE6C817B3F58267D3AFEEF055.d.0A1F589C054806A7D3198CFA787CFABF.e.4001"},"getTitle",[]]}
RESULT: {"script":"<script> [6424 bytes]","args":[{"element-6066-11e4-a52e-4f735466cecf":"f.577FC0ABE6C817B3F58267D3AFEEF055.d.0A1F589C054806A7D3198CFA787CFABF.e.4001"},"getTitle",[]]}
RESULT: undefined
COMMAND: POST /session/c0888585b7f3e34add4ec5499adc29bf/element/f.577FC0ABE6C817B3F58267D3AFEEF055.d.0A1F589C054806A7D3198CFA787CFABF.e.3699/click - {}
COMMAND: POST /session/c0888585b7f3e34add4ec5499adc29bf/element - {"using":"xpath","value":"//*[@id=\"backBtn\"]"}
RESULT: {"using":"xpath","value":"//*[@id=\"backBtn\"]"}
COMMAND: POST /session/c0888585b7f3e34add4ec5499adc29bf/element/f.577FC0ABE6C817B3F58267D3AFEEF055.d.0A1F589C054806A7D3198CFA787CFABF.e.3699/click - {}
COMMAND: POST /session/c0888585b7f3e34add4ec5499adc29bf/element - {"using":"xpath","value":"//*[@id=\"backBtn\"]"}
RESULT: {"using":"xpath","value":"//*[@id=\"backBtn\"]"}
COMMAND: POST /session/c0888585b7f3e34add4ec5499adc29bf/element/f.577FC0ABE6C817B3F58267D3AFEEF055.d.0A1F589C054806A7D3198CFA787CFABF.e.4002/click - {}
RESULT: {}
COMMAND: GET /session/c0888585b7f3e34add4ec5499adc29bf/screenshot - {}
RESULT: {}
]]></system-out>
    </testcase>
    <testcase classname="chrome.135_0_7049_42.windows.Sanity_Tests_US104253" name="Should open ISC Tasks page" time="37.84">
      <system-out><![CDATA[
COMMAND: POST /session/c0888585b7f3e34add4ec5499adc29bf/execute/async - {"script":"<script> [1562 bytes]","args":[{"selector":{"controlType":"sap.m.GenericTile","properties":{"header":"ISC Tasks"}},"wdio_ui5_key":"sapm.GenericTile{\"header\":\"ISC Tasks\"}"}]}
RESULT: {"script":"<script> [1562 bytes]","args":[{"selector":{"controlType":"sap.m.GenericTile","properties":{"header":"ISC Tasks"}},"wdio_ui5_key":"sapm.GenericTile{\"header\":\"ISC Tasks\"}"}]}
RESULT: undefined
COMMAND: POST /session/c0888585b7f3e34add4ec5499adc29bf/element - {"using":"xpath","value":"//*[@id=\"__tile114\"]"}
RESULT: {"using":"xpath","value":"//*[@id=\"__tile114\"]"}
COMMAND: POST /session/c0888585b7f3e34add4ec5499adc29bf/element/f.577FC0ABE6C817B3F58267D3AFEEF055.d.0A1F589C054806A7D3198CFA787CFABF.e.115/click - {}
RESULT: {}
COMMAND: GET /session/c0888585b7f3e34add4ec5499adc29bf/screenshot - {}
RESULT: {}
RESULT: undefined
COMMAND: POST /session/c0888585b7f3e34add4ec5499adc29bf/element - {"using":"xpath","value":"//*[@id=\"__tile114\"]"}
RESULT: {"using":"xpath","value":"//*[@id=\"__tile114\"]"}
COMMAND: POST /session/c0888585b7f3e34add4ec5499adc29bf/element/f.577FC0ABE6C817B3F58267D3AFEEF055.d.0A1F589C054806A7D3198CFA787CFABF.e.115/click - {}
RESULT: undefined
COMMAND: POST /session/c0888585b7f3e34add4ec5499adc29bf/element - {"using":"xpath","value":"//*[@id=\"__tile114\"]"}
RESULT: {"using":"xpath","value":"//*[@id=\"__tile114\"]"}
COMMAND: POST /session/c0888585b7f3e34add4ec5499adc29bf/element/f.577FC0ABE6C817B3F58267D3AFEEF055.d.0A1F589C054806A7D3198CFA787CFABF.e.115/click - {}
RESULT: undefined
COMMAND: POST /session/c0888585b7f3e34add4ec5499adc29bf/execute/async - {"script":"<script> [6424 bytes]","args":[{"element-6066-11e4-a52e-4f735466cecf":"f.577FC0ABE6C817B3F58267D3AFEEF055.d.0A1F589C054806A7D3198CFA787CFABF.e.263"},"getTitle",[]]}
COMMAND: POST /session/c0888585b7f3e34add4ec5499adc29bf/execute/async - {"script":"<script> [1562 bytes]","args":[{"selector":{"id":"shellAppTitle"},"wdio_ui5_key":"shellAppTitle"}]}
RESULT: {"script":"<script> [1562 bytes]","args":[{"selector":{"id":"shellAppTitle"},"wdio_ui5_key":"shellAppTitle"}]}
COMMAND: POST /session/c0888585b7f3e34add4ec5499adc29bf/execute/async - {"script":"<script> [6424 bytes]","args":[{"element-6066-11e4-a52e-4f735466cecf":"f.577FC0ABE6C817B3F58267D3AFEEF055.d.0A1F589C054806A7D3198CFA787CFABF.e.4081"},"getTitle",[]]}
RESULT: {"script":"<script> [6424 bytes]","args":[{"element-6066-11e4-a52e-4f735466cecf":"f.577FC0ABE6C817B3F58267D3AFEEF055.d.0A1F589C054806A7D3198CFA787CFABF.e.4081"},"getTitle",[]]}
RESULT: undefined
COMMAND: POST /session/c0888585b7f3e34add4ec5499adc29bf/element/f.577FC0ABE6C817B3F58267D3AFEEF055.d.0A1F589C054806A7D3198CFA787CFABF.e.4002/click - {}
RESULT: {}
COMMAND: GET /session/c0888585b7f3e34add4ec5499adc29bf/screenshot - {}
RESULT: {}
]]></system-out>
    </testcase>
    <testcase classname="chrome.135_0_7049_42.windows.Sanity_Tests_US104253" name="Should open Manage Resource Logbook page" time="37.255">
      <system-out><![CDATA[
COMMAND: POST /session/c0888585b7f3e34add4ec5499adc29bf/execute/async - {"script":"<script> [1562 bytes]","args":[{"selector":{"controlType":"sap.m.GenericTile","properties":{"header":"Manage Resource Logbook"}},"wdio_ui5_key":"sapm.GenericTile{\"header\":\"Manage Resource Logbook\"}"}]}
RESULT: {"script":"<script> [1562 bytes]","args":[{"selector":{"controlType":"sap.m.GenericTile","properties":{"header":"Manage Resource Logbook"}},"wdio_ui5_key":"sapm.GenericTile{\"header\":\"Manage Resource Logbook\"}"}]}
RESULT: undefined
COMMAND: POST /session/c0888585b7f3e34add4ec5499adc29bf/element - {"using":"xpath","value":"//*[@id=\"__tile117\"]"}
RESULT: {"using":"xpath","value":"//*[@id=\"__tile117\"]"}
COMMAND: POST /session/c0888585b7f3e34add4ec5499adc29bf/element/f.577FC0ABE6C817B3F58267D3AFEEF055.d.0A1F589C054806A7D3198CFA787CFABF.e.4083/click - {}
RESULT: {}
COMMAND: GET /session/c0888585b7f3e34add4ec5499adc29bf/screenshot - {}
RESULT: {}
RESULT: undefined
COMMAND: POST /session/c0888585b7f3e34add4ec5499adc29bf/element - {"using":"xpath","value":"//*[@id=\"__tile117\"]"}
RESULT: {"using":"xpath","value":"//*[@id=\"__tile117\"]"}
COMMAND: POST /session/c0888585b7f3e34add4ec5499adc29bf/element/f.577FC0ABE6C817B3F58267D3AFEEF055.d.0A1F589C054806A7D3198CFA787CFABF.e.4083/click - {}
RESULT: undefined
COMMAND: POST /session/c0888585b7f3e34add4ec5499adc29bf/element - {"using":"xpath","value":"//*[@id=\"__tile117\"]"}
RESULT: {"using":"xpath","value":"//*[@id=\"__tile117\"]"}
COMMAND: POST /session/c0888585b7f3e34add4ec5499adc29bf/element/f.577FC0ABE6C817B3F58267D3AFEEF055.d.0A1F589C054806A7D3198CFA787CFABF.e.4083/click - {}
RESULT: undefined
COMMAND: POST /session/c0888585b7f3e34add4ec5499adc29bf/execute/async - {"script":"<script> [6424 bytes]","args":[{"element-6066-11e4-a52e-4f735466cecf":"f.577FC0ABE6C817B3F58267D3AFEEF055.d.0A1F589C054806A7D3198CFA787CFABF.e.263"},"getTitle",[]]}
COMMAND: POST /session/c0888585b7f3e34add4ec5499adc29bf/execute/async - {"script":"<script> [1562 bytes]","args":[{"selector":{"id":"shellAppTitle"},"wdio_ui5_key":"shellAppTitle"}]}
RESULT: {"script":"<script> [1562 bytes]","args":[{"selector":{"id":"shellAppTitle"},"wdio_ui5_key":"shellAppTitle"}]}
COMMAND: POST /session/c0888585b7f3e34add4ec5499adc29bf/execute/async - {"script":"<script> [6424 bytes]","args":[{"element-6066-11e4-a52e-4f735466cecf":"f.577FC0ABE6C817B3F58267D3AFEEF055.d.0A1F589C054806A7D3198CFA787CFABF.e.4454"},"getTitle",[]]}
RESULT: {"script":"<script> [6424 bytes]","args":[{"element-6066-11e4-a52e-4f735466cecf":"f.577FC0ABE6C817B3F58267D3AFEEF055.d.0A1F589C054806A7D3198CFA787CFABF.e.4454"},"getTitle",[]]}
RESULT: undefined
COMMAND: POST /session/c0888585b7f3e34add4ec5499adc29bf/element/f.577FC0ABE6C817B3F58267D3AFEEF055.d.0A1F589C054806A7D3198CFA787CFABF.e.4002/click - {}
COMMAND: POST /session/c0888585b7f3e34add4ec5499adc29bf/element - {"using":"xpath","value":"//*[@id=\"backBtn\"]"}
RESULT: {"using":"xpath","value":"//*[@id=\"backBtn\"]"}
COMMAND: POST /session/c0888585b7f3e34add4ec5499adc29bf/element/f.577FC0ABE6C817B3F58267D3AFEEF055.d.0A1F589C054806A7D3198CFA787CFABF.e.4002/click - {}
COMMAND: POST /session/c0888585b7f3e34add4ec5499adc29bf/element - {"using":"xpath","value":"//*[@id=\"backBtn\"]"}
RESULT: {"using":"xpath","value":"//*[@id=\"backBtn\"]"}
COMMAND: POST /session/c0888585b7f3e34add4ec5499adc29bf/element/f.577FC0ABE6C817B3F58267D3AFEEF055.d.0A1F589C054806A7D3198CFA787CFABF.e.4455/click - {}
RESULT: {}
COMMAND: GET /session/c0888585b7f3e34add4ec5499adc29bf/screenshot - {}
RESULT: {}
]]></system-out>
    </testcase>
    <testcase classname="chrome.135_0_7049_42.windows.Sanity_Tests_US104253" name="Should open Manage Logbook page" time="37.207">
      <system-out><![CDATA[
COMMAND: POST /session/c0888585b7f3e34add4ec5499adc29bf/execute/async - {"script":"<script> [1562 bytes]","args":[{"selector":{"controlType":"sap.m.GenericTile","properties":{"header":"Manage Logbook"}},"wdio_ui5_key":"sapm.GenericTile{\"header\":\"Manage Logbook\"}"}]}
RESULT: {"script":"<script> [1562 bytes]","args":[{"selector":{"controlType":"sap.m.GenericTile","properties":{"header":"Manage Logbook"}},"wdio_ui5_key":"sapm.GenericTile{\"header\":\"Manage Logbook\"}"}]}
RESULT: undefined
COMMAND: POST /session/c0888585b7f3e34add4ec5499adc29bf/element - {"using":"xpath","value":"//*[@id=\"__tile116\"]"}
RESULT: {"using":"xpath","value":"//*[@id=\"__tile116\"]"}
COMMAND: POST /session/c0888585b7f3e34add4ec5499adc29bf/element/f.577FC0ABE6C817B3F58267D3AFEEF055.d.0A1F589C054806A7D3198CFA787CFABF.e.4457/click - {}
RESULT: {}
COMMAND: GET /session/c0888585b7f3e34add4ec5499adc29bf/screenshot - {}
RESULT: {}
RESULT: undefined
COMMAND: POST /session/c0888585b7f3e34add4ec5499adc29bf/element - {"using":"xpath","value":"//*[@id=\"__tile116\"]"}
RESULT: {"using":"xpath","value":"//*[@id=\"__tile116\"]"}
COMMAND: POST /session/c0888585b7f3e34add4ec5499adc29bf/element/f.577FC0ABE6C817B3F58267D3AFEEF055.d.0A1F589C054806A7D3198CFA787CFABF.e.4457/click - {}
RESULT: undefined
COMMAND: POST /session/c0888585b7f3e34add4ec5499adc29bf/element - {"using":"xpath","value":"//*[@id=\"__tile116\"]"}
RESULT: {"using":"xpath","value":"//*[@id=\"__tile116\"]"}
COMMAND: POST /session/c0888585b7f3e34add4ec5499adc29bf/element/f.577FC0ABE6C817B3F58267D3AFEEF055.d.0A1F589C054806A7D3198CFA787CFABF.e.4457/click - {}
RESULT: undefined
COMMAND: POST /session/c0888585b7f3e34add4ec5499adc29bf/execute/async - {"script":"<script> [6424 bytes]","args":[{"element-6066-11e4-a52e-4f735466cecf":"f.577FC0ABE6C817B3F58267D3AFEEF055.d.0A1F589C054806A7D3198CFA787CFABF.e.263"},"getTitle",[]]}
COMMAND: POST /session/c0888585b7f3e34add4ec5499adc29bf/execute/async - {"script":"<script> [1562 bytes]","args":[{"selector":{"id":"shellAppTitle"},"wdio_ui5_key":"shellAppTitle"}]}
RESULT: {"script":"<script> [1562 bytes]","args":[{"selector":{"id":"shellAppTitle"},"wdio_ui5_key":"shellAppTitle"}]}
COMMAND: POST /session/c0888585b7f3e34add4ec5499adc29bf/execute/async - {"script":"<script> [6424 bytes]","args":[{"element-6066-11e4-a52e-4f735466cecf":"f.577FC0ABE6C817B3F58267D3AFEEF055.d.0A1F589C054806A7D3198CFA787CFABF.e.4754"},"getTitle",[]]}
RESULT: {"script":"<script> [6424 bytes]","args":[{"element-6066-11e4-a52e-4f735466cecf":"f.577FC0ABE6C817B3F58267D3AFEEF055.d.0A1F589C054806A7D3198CFA787CFABF.e.4754"},"getTitle",[]]}
RESULT: undefined
COMMAND: POST /session/c0888585b7f3e34add4ec5499adc29bf/element/f.577FC0ABE6C817B3F58267D3AFEEF055.d.0A1F589C054806A7D3198CFA787CFABF.e.4455/click - {}
RESULT: {}
COMMAND: GET /session/c0888585b7f3e34add4ec5499adc29bf/screenshot - {}
RESULT: {}
]]></system-out>
    </testcase>
    <testcase classname="chrome.135_0_7049_42.windows.Sanity_Tests_US104253" name="Should open ISC Orders Calendar page" time="38.924">
      <system-out><![CDATA[
COMMAND: POST /session/c0888585b7f3e34add4ec5499adc29bf/execute/async - {"script":"<script> [1562 bytes]","args":[{"selector":{"controlType":"sap.m.GenericTile","properties":{"header":"ISC Orders Calendar"}},"wdio_ui5_key":"sapm.GenericTile{\"header\":\"ISC Orders Calendar\"}"}]}
RESULT: {"script":"<script> [1562 bytes]","args":[{"selector":{"controlType":"sap.m.GenericTile","properties":{"header":"ISC Orders Calendar"}},"wdio_ui5_key":"sapm.GenericTile{\"header\":\"ISC Orders Calendar\"}"}]}
RESULT: undefined
COMMAND: POST /session/c0888585b7f3e34add4ec5499adc29bf/element - {"using":"xpath","value":"//*[@id=\"__tile111\"]"}
RESULT: {"using":"xpath","value":"//*[@id=\"__tile111\"]"}
COMMAND: POST /session/c0888585b7f3e34add4ec5499adc29bf/element/f.577FC0ABE6C817B3F58267D3AFEEF055.d.0A1F589C054806A7D3198CFA787CFABF.e.4756/click - {}
RESULT: {}
COMMAND: GET /session/c0888585b7f3e34add4ec5499adc29bf/screenshot - {}
RESULT: {}
RESULT: undefined
COMMAND: POST /session/c0888585b7f3e34add4ec5499adc29bf/element - {"using":"xpath","value":"//*[@id=\"__tile111\"]"}
RESULT: {"using":"xpath","value":"//*[@id=\"__tile111\"]"}
COMMAND: POST /session/c0888585b7f3e34add4ec5499adc29bf/element/f.577FC0ABE6C817B3F58267D3AFEEF055.d.0A1F589C054806A7D3198CFA787CFABF.e.4756/click - {}
RESULT: undefined
COMMAND: POST /session/c0888585b7f3e34add4ec5499adc29bf/element - {"using":"xpath","value":"//*[@id=\"__tile111\"]"}
RESULT: {"using":"xpath","value":"//*[@id=\"__tile111\"]"}
COMMAND: POST /session/c0888585b7f3e34add4ec5499adc29bf/element/f.577FC0ABE6C817B3F58267D3AFEEF055.d.0A1F589C054806A7D3198CFA787CFABF.e.4756/click - {}
RESULT: undefined
COMMAND: POST /session/c0888585b7f3e34add4ec5499adc29bf/execute/async - {"script":"<script> [6424 bytes]","args":[{"element-6066-11e4-a52e-4f735466cecf":"f.577FC0ABE6C817B3F58267D3AFEEF055.d.0A1F589C054806A7D3198CFA787CFABF.e.263"},"getTitle",[]]}
COMMAND: POST /session/c0888585b7f3e34add4ec5499adc29bf/execute/async - {"script":"<script> [1562 bytes]","args":[{"selector":{"id":"shellAppTitle"},"wdio_ui5_key":"shellAppTitle"}]}
RESULT: {"script":"<script> [1562 bytes]","args":[{"selector":{"id":"shellAppTitle"},"wdio_ui5_key":"shellAppTitle"}]}
COMMAND: POST /session/c0888585b7f3e34add4ec5499adc29bf/execute/async - {"script":"<script> [6424 bytes]","args":[{"element-6066-11e4-a52e-4f735466cecf":"f.577FC0ABE6C817B3F58267D3AFEEF055.d.0A1F589C054806A7D3198CFA787CFABF.e.4967"},"getTitle",[]]}
RESULT: {"script":"<script> [6424 bytes]","args":[{"element-6066-11e4-a52e-4f735466cecf":"f.577FC0ABE6C817B3F58267D3AFEEF055.d.0A1F589C054806A7D3198CFA787CFABF.e.4967"},"getTitle",[]]}
RESULT: undefined
COMMAND: POST /session/c0888585b7f3e34add4ec5499adc29bf/element/f.577FC0ABE6C817B3F58267D3AFEEF055.d.0A1F589C054806A7D3198CFA787CFABF.e.4455/click - {}
COMMAND: POST /session/c0888585b7f3e34add4ec5499adc29bf/element - {"using":"xpath","value":"//*[@id=\"backBtn\"]"}
RESULT: {"using":"xpath","value":"//*[@id=\"backBtn\"]"}
COMMAND: POST /session/c0888585b7f3e34add4ec5499adc29bf/element/f.577FC0ABE6C817B3F58267D3AFEEF055.d.0A1F589C054806A7D3198CFA787CFABF.e.4455/click - {}
COMMAND: POST /session/c0888585b7f3e34add4ec5499adc29bf/element - {"using":"xpath","value":"//*[@id=\"backBtn\"]"}
RESULT: {"using":"xpath","value":"//*[@id=\"backBtn\"]"}
COMMAND: POST /session/c0888585b7f3e34add4ec5499adc29bf/element/f.577FC0ABE6C817B3F58267D3AFEEF055.d.0A1F589C054806A7D3198CFA787CFABF.e.4968/click - {}
RESULT: {}
COMMAND: GET /session/c0888585b7f3e34add4ec5499adc29bf/screenshot - {}
RESULT: {}
]]></system-out>
    </testcase>
    <testcase classname="chrome.135_0_7049_42.windows.Sanity_Tests_US104253" name="Should open Configure System page" time="38.928">
      <system-out><![CDATA[
COMMAND: POST /session/c0888585b7f3e34add4ec5499adc29bf/execute/async - {"script":"<script> [1562 bytes]","args":[{"selector":{"controlType":"sap.m.GenericTile","properties":{"header":"Configure System"}},"wdio_ui5_key":"sapm.GenericTile{\"header\":\"Configure System\"}"}]}
RESULT: {"script":"<script> [1562 bytes]","args":[{"selector":{"controlType":"sap.m.GenericTile","properties":{"header":"Configure System"}},"wdio_ui5_key":"sapm.GenericTile{\"header\":\"Configure System\"}"}]}
RESULT: undefined
COMMAND: POST /session/c0888585b7f3e34add4ec5499adc29bf/element - {"using":"xpath","value":"//*[@id=\"__tile118\"]"}
RESULT: {"using":"xpath","value":"//*[@id=\"__tile118\"]"}
COMMAND: POST /session/c0888585b7f3e34add4ec5499adc29bf/element/f.577FC0ABE6C817B3F58267D3AFEEF055.d.0A1F589C054806A7D3198CFA787CFABF.e.4970/click - {}
RESULT: {}
COMMAND: GET /session/c0888585b7f3e34add4ec5499adc29bf/screenshot - {}
RESULT: {}
RESULT: undefined
COMMAND: POST /session/c0888585b7f3e34add4ec5499adc29bf/element - {"using":"xpath","value":"//*[@id=\"__tile118\"]"}
RESULT: {"using":"xpath","value":"//*[@id=\"__tile118\"]"}
COMMAND: POST /session/c0888585b7f3e34add4ec5499adc29bf/element/f.577FC0ABE6C817B3F58267D3AFEEF055.d.0A1F589C054806A7D3198CFA787CFABF.e.4970/click - {}
RESULT: undefined
COMMAND: POST /session/c0888585b7f3e34add4ec5499adc29bf/element - {"using":"xpath","value":"//*[@id=\"__tile118\"]"}
RESULT: {"using":"xpath","value":"//*[@id=\"__tile118\"]"}
COMMAND: POST /session/c0888585b7f3e34add4ec5499adc29bf/element/f.577FC0ABE6C817B3F58267D3AFEEF055.d.0A1F589C054806A7D3198CFA787CFABF.e.4970/click - {}
RESULT: undefined
COMMAND: POST /session/c0888585b7f3e34add4ec5499adc29bf/execute/async - {"script":"<script> [6424 bytes]","args":[{"element-6066-11e4-a52e-4f735466cecf":"f.577FC0ABE6C817B3F58267D3AFEEF055.d.0A1F589C054806A7D3198CFA787CFABF.e.263"},"getTitle",[]]}
COMMAND: POST /session/c0888585b7f3e34add4ec5499adc29bf/execute/async - {"script":"<script> [1562 bytes]","args":[{"selector":{"id":"shellAppTitle"},"wdio_ui5_key":"shellAppTitle"}]}
RESULT: {"script":"<script> [1562 bytes]","args":[{"selector":{"id":"shellAppTitle"},"wdio_ui5_key":"shellAppTitle"}]}
COMMAND: POST /session/c0888585b7f3e34add4ec5499adc29bf/execute/async - {"script":"<script> [6424 bytes]","args":[{"element-6066-11e4-a52e-4f735466cecf":"f.577FC0ABE6C817B3F58267D3AFEEF055.d.0A1F589C054806A7D3198CFA787CFABF.e.5007"},"getTitle",[]]}
RESULT: {"script":"<script> [6424 bytes]","args":[{"element-6066-11e4-a52e-4f735466cecf":"f.577FC0ABE6C817B3F58267D3AFEEF055.d.0A1F589C054806A7D3198CFA787CFABF.e.5007"},"getTitle",[]]}
RESULT: undefined
COMMAND: POST /session/c0888585b7f3e34add4ec5499adc29bf/element/f.577FC0ABE6C817B3F58267D3AFEEF055.d.0A1F589C054806A7D3198CFA787CFABF.e.4968/click - {}
RESULT: {}
COMMAND: GET /session/c0888585b7f3e34add4ec5499adc29bf/screenshot - {}
RESULT: {}
]]></system-out>
    </testcase>
    <testcase classname="chrome.135_0_7049_42.windows.Sanity_Tests_US104253" name="Should open Manage Classifications page" time="37.884">
      <system-out><![CDATA[
COMMAND: POST /session/c0888585b7f3e34add4ec5499adc29bf/execute/async - {"script":"<script> [1562 bytes]","args":[{"selector":{"controlType":"sap.m.GenericTile","properties":{"header":"Manage Classifications"}},"wdio_ui5_key":"sapm.GenericTile{\"header\":\"Manage Classifications\"}"}]}
RESULT: {"script":"<script> [1562 bytes]","args":[{"selector":{"controlType":"sap.m.GenericTile","properties":{"header":"Manage Classifications"}},"wdio_ui5_key":"sapm.GenericTile{\"header\":\"Manage Classifications\"}"}]}
RESULT: undefined
COMMAND: POST /session/c0888585b7f3e34add4ec5499adc29bf/element - {"using":"xpath","value":"//*[@id=\"__tile119\"]"}
RESULT: {"using":"xpath","value":"//*[@id=\"__tile119\"]"}
COMMAND: POST /session/c0888585b7f3e34add4ec5499adc29bf/element/f.577FC0ABE6C817B3F58267D3AFEEF055.d.0A1F589C054806A7D3198CFA787CFABF.e.5011/click - {}
RESULT: {}
COMMAND: GET /session/c0888585b7f3e34add4ec5499adc29bf/screenshot - {}
RESULT: {}
RESULT: undefined
COMMAND: POST /session/c0888585b7f3e34add4ec5499adc29bf/element - {"using":"xpath","value":"//*[@id=\"__tile119\"]"}
RESULT: {"using":"xpath","value":"//*[@id=\"__tile119\"]"}
COMMAND: POST /session/c0888585b7f3e34add4ec5499adc29bf/element/f.577FC0ABE6C817B3F58267D3AFEEF055.d.0A1F589C054806A7D3198CFA787CFABF.e.5011/click - {}
RESULT: undefined
COMMAND: POST /session/c0888585b7f3e34add4ec5499adc29bf/element - {"using":"xpath","value":"//*[@id=\"__tile119\"]"}
RESULT: {"using":"xpath","value":"//*[@id=\"__tile119\"]"}
COMMAND: POST /session/c0888585b7f3e34add4ec5499adc29bf/element/f.577FC0ABE6C817B3F58267D3AFEEF055.d.0A1F589C054806A7D3198CFA787CFABF.e.5011/click - {}
RESULT: undefined
COMMAND: POST /session/c0888585b7f3e34add4ec5499adc29bf/execute/async - {"script":"<script> [6424 bytes]","args":[{"element-6066-11e4-a52e-4f735466cecf":"f.577FC0ABE6C817B3F58267D3AFEEF055.d.0A1F589C054806A7D3198CFA787CFABF.e.263"},"getTitle",[]]}
COMMAND: POST /session/c0888585b7f3e34add4ec5499adc29bf/execute/async - {"script":"<script> [1562 bytes]","args":[{"selector":{"id":"shellAppTitle"},"wdio_ui5_key":"shellAppTitle"}]}
RESULT: {"script":"<script> [1562 bytes]","args":[{"selector":{"id":"shellAppTitle"},"wdio_ui5_key":"shellAppTitle"}]}
COMMAND: POST /session/c0888585b7f3e34add4ec5499adc29bf/execute/async - {"script":"<script> [6424 bytes]","args":[{"element-6066-11e4-a52e-4f735466cecf":"f.577FC0ABE6C817B3F58267D3AFEEF055.d.0A1F589C054806A7D3198CFA787CFABF.e.5224"},"getTitle",[]]}
RESULT: {"script":"<script> [6424 bytes]","args":[{"element-6066-11e4-a52e-4f735466cecf":"f.577FC0ABE6C817B3F58267D3AFEEF055.d.0A1F589C054806A7D3198CFA787CFABF.e.5224"},"getTitle",[]]}
RESULT: undefined
COMMAND: POST /session/c0888585b7f3e34add4ec5499adc29bf/element/f.577FC0ABE6C817B3F58267D3AFEEF055.d.0A1F589C054806A7D3198CFA787CFABF.e.4968/click - {}
COMMAND: POST /session/c0888585b7f3e34add4ec5499adc29bf/element - {"using":"xpath","value":"//*[@id=\"backBtn\"]"}
RESULT: {"using":"xpath","value":"//*[@id=\"backBtn\"]"}
COMMAND: POST /session/c0888585b7f3e34add4ec5499adc29bf/element/f.577FC0ABE6C817B3F58267D3AFEEF055.d.0A1F589C054806A7D3198CFA787CFABF.e.4968/click - {}
COMMAND: POST /session/c0888585b7f3e34add4ec5499adc29bf/element - {"using":"xpath","value":"//*[@id=\"backBtn\"]"}
RESULT: {"using":"xpath","value":"//*[@id=\"backBtn\"]"}
COMMAND: POST /session/c0888585b7f3e34add4ec5499adc29bf/element/f.577FC0ABE6C817B3F58267D3AFEEF055.d.0A1F589C054806A7D3198CFA787CFABF.e.5225/click - {}
RESULT: {}
COMMAND: GET /session/c0888585b7f3e34add4ec5499adc29bf/screenshot - {}
RESULT: {}
]]></system-out>
    </testcase>
    <testcase classname="chrome.135_0_7049_42.windows.Sanity_Tests_US104253" name="Should open Data Explorer page" time="37.117">
      <system-out><![CDATA[
COMMAND: POST /session/c0888585b7f3e34add4ec5499adc29bf/execute/async - {"script":"<script> [1562 bytes]","args":[{"selector":{"controlType":"sap.m.GenericTile","properties":{"header":"Data Explorer"}},"wdio_ui5_key":"sapm.GenericTile{\"header\":\"Data Explorer\"}"}]}
RESULT: {"script":"<script> [1562 bytes]","args":[{"selector":{"controlType":"sap.m.GenericTile","properties":{"header":"Data Explorer"}},"wdio_ui5_key":"sapm.GenericTile{\"header\":\"Data Explorer\"}"}]}
RESULT: undefined
COMMAND: POST /session/c0888585b7f3e34add4ec5499adc29bf/element - {"using":"xpath","value":"//*[@id=\"__tile121\"]"}
RESULT: {"using":"xpath","value":"//*[@id=\"__tile121\"]"}
COMMAND: POST /session/c0888585b7f3e34add4ec5499adc29bf/element/f.577FC0ABE6C817B3F58267D3AFEEF055.d.0A1F589C054806A7D3198CFA787CFABF.e.5227/click - {}
RESULT: {}
COMMAND: GET /session/c0888585b7f3e34add4ec5499adc29bf/screenshot - {}
RESULT: {}
RESULT: undefined
COMMAND: POST /session/c0888585b7f3e34add4ec5499adc29bf/element - {"using":"xpath","value":"//*[@id=\"__tile121\"]"}
RESULT: {"using":"xpath","value":"//*[@id=\"__tile121\"]"}
COMMAND: POST /session/c0888585b7f3e34add4ec5499adc29bf/element/f.577FC0ABE6C817B3F58267D3AFEEF055.d.0A1F589C054806A7D3198CFA787CFABF.e.5227/click - {}
RESULT: undefined
COMMAND: POST /session/c0888585b7f3e34add4ec5499adc29bf/element - {"using":"xpath","value":"//*[@id=\"__tile121\"]"}
RESULT: {"using":"xpath","value":"//*[@id=\"__tile121\"]"}
COMMAND: POST /session/c0888585b7f3e34add4ec5499adc29bf/element/f.577FC0ABE6C817B3F58267D3AFEEF055.d.0A1F589C054806A7D3198CFA787CFABF.e.5227/click - {}
RESULT: undefined
COMMAND: POST /session/c0888585b7f3e34add4ec5499adc29bf/execute/async - {"script":"<script> [6424 bytes]","args":[{"element-6066-11e4-a52e-4f735466cecf":"f.577FC0ABE6C817B3F58267D3AFEEF055.d.0A1F589C054806A7D3198CFA787CFABF.e.263"},"getTitle",[]]}
COMMAND: POST /session/c0888585b7f3e34add4ec5499adc29bf/execute/async - {"script":"<script> [1562 bytes]","args":[{"selector":{"id":"shellAppTitle"},"wdio_ui5_key":"shellAppTitle"}]}
RESULT: {"script":"<script> [1562 bytes]","args":[{"selector":{"id":"shellAppTitle"},"wdio_ui5_key":"shellAppTitle"}]}
COMMAND: POST /session/c0888585b7f3e34add4ec5499adc29bf/execute/async - {"script":"<script> [6424 bytes]","args":[{"element-6066-11e4-a52e-4f735466cecf":"f.577FC0ABE6C817B3F58267D3AFEEF055.d.0A1F589C054806A7D3198CFA787CFABF.e.5406"},"getTitle",[]]}
RESULT: {"script":"<script> [6424 bytes]","args":[{"element-6066-11e4-a52e-4f735466cecf":"f.577FC0ABE6C817B3F58267D3AFEEF055.d.0A1F589C054806A7D3198CFA787CFABF.e.5406"},"getTitle",[]]}
RESULT: undefined
COMMAND: POST /session/c0888585b7f3e34add4ec5499adc29bf/element/f.577FC0ABE6C817B3F58267D3AFEEF055.d.0A1F589C054806A7D3198CFA787CFABF.e.5225/click - {}
RESULT: {}
COMMAND: GET /session/c0888585b7f3e34add4ec5499adc29bf/screenshot - {}
RESULT: {}
]]></system-out>
    </testcase>
    <testcase classname="chrome.135_0_7049_42.windows.Sanity_Tests_US104253" name="Should open Performance Monitor page" time="34.657">
      <system-out><![CDATA[
COMMAND: POST /session/c0888585b7f3e34add4ec5499adc29bf/execute/async - {"script":"<script> [1562 bytes]","args":[{"selector":{"controlType":"sap.m.GenericTile","properties":{"header":"Performance Monitor"}},"wdio_ui5_key":"sapm.GenericTile{\"header\":\"Performance Monitor\"}"}]}
RESULT: {"script":"<script> [1562 bytes]","args":[{"selector":{"controlType":"sap.m.GenericTile","properties":{"header":"Performance Monitor"}},"wdio_ui5_key":"sapm.GenericTile{\"header\":\"Performance Monitor\"}"}]}
RESULT: undefined
COMMAND: POST /session/c0888585b7f3e34add4ec5499adc29bf/element - {"using":"xpath","value":"//*[@id=\"__tile120\"]"}
RESULT: {"using":"xpath","value":"//*[@id=\"__tile120\"]"}
COMMAND: POST /session/c0888585b7f3e34add4ec5499adc29bf/element/f.577FC0ABE6C817B3F58267D3AFEEF055.d.0A1F589C054806A7D3198CFA787CFABF.e.5408/click - {}
RESULT: {}
COMMAND: GET /session/c0888585b7f3e34add4ec5499adc29bf/screenshot - {}
RESULT: {}
RESULT: undefined
COMMAND: POST /session/c0888585b7f3e34add4ec5499adc29bf/element - {"using":"xpath","value":"//*[@id=\"__tile120\"]"}
RESULT: {"using":"xpath","value":"//*[@id=\"__tile120\"]"}
COMMAND: POST /session/c0888585b7f3e34add4ec5499adc29bf/element/f.577FC0ABE6C817B3F58267D3AFEEF055.d.0A1F589C054806A7D3198CFA787CFABF.e.5408/click - {}
RESULT: undefined
COMMAND: POST /session/c0888585b7f3e34add4ec5499adc29bf/element - {"using":"xpath","value":"//*[@id=\"__tile120\"]"}
RESULT: {"using":"xpath","value":"//*[@id=\"__tile120\"]"}
COMMAND: POST /session/c0888585b7f3e34add4ec5499adc29bf/element/f.577FC0ABE6C817B3F58267D3AFEEF055.d.0A1F589C054806A7D3198CFA787CFABF.e.5408/click - {}
RESULT: undefined
COMMAND: POST /session/c0888585b7f3e34add4ec5499adc29bf/execute/async - {"script":"<script> [6424 bytes]","args":[{"element-6066-11e4-a52e-4f735466cecf":"f.577FC0ABE6C817B3F58267D3AFEEF055.d.0A1F589C054806A7D3198CFA787CFABF.e.263"},"getTitle",[]]}
COMMAND: POST /session/c0888585b7f3e34add4ec5499adc29bf/execute/async - {"script":"<script> [1562 bytes]","args":[{"selector":{"id":"shellAppTitle"},"wdio_ui5_key":"shellAppTitle"}]}
RESULT: {"script":"<script> [1562 bytes]","args":[{"selector":{"id":"shellAppTitle"},"wdio_ui5_key":"shellAppTitle"}]}
COMMAND: POST /session/c0888585b7f3e34add4ec5499adc29bf/execute/async - {"script":"<script> [6424 bytes]","args":[{"element-6066-11e4-a52e-4f735466cecf":"f.577FC0ABE6C817B3F58267D3AFEEF055.d.0A1F589C054806A7D3198CFA787CFABF.e.5449"},"getTitle",[]]}
RESULT: {"script":"<script> [6424 bytes]","args":[{"element-6066-11e4-a52e-4f735466cecf":"f.577FC0ABE6C817B3F58267D3AFEEF055.d.0A1F589C054806A7D3198CFA787CFABF.e.5449"},"getTitle",[]]}
RESULT: undefined
COMMAND: POST /session/c0888585b7f3e34add4ec5499adc29bf/element/f.577FC0ABE6C817B3F58267D3AFEEF055.d.0A1F589C054806A7D3198CFA787CFABF.e.5225/click - {}
COMMAND: POST /session/c0888585b7f3e34add4ec5499adc29bf/element - {"using":"xpath","value":"//*[@id=\"backBtn\"]"}
RESULT: {"using":"xpath","value":"//*[@id=\"backBtn\"]"}
COMMAND: POST /session/c0888585b7f3e34add4ec5499adc29bf/element/f.577FC0ABE6C817B3F58267D3AFEEF055.d.0A1F589C054806A7D3198CFA787CFABF.e.5225/click - {}
COMMAND: POST /session/c0888585b7f3e34add4ec5499adc29bf/element - {"using":"xpath","value":"//*[@id=\"backBtn\"]"}
RESULT: {"using":"xpath","value":"//*[@id=\"backBtn\"]"}
COMMAND: POST /session/c0888585b7f3e34add4ec5499adc29bf/element/f.577FC0ABE6C817B3F58267D3AFEEF055.d.0A1F589C054806A7D3198CFA787CFABF.e.5450/click - {}
RESULT: {}
COMMAND: GET /session/c0888585b7f3e34add4ec5499adc29bf/screenshot - {}
RESULT: {}
]]></system-out>
    </testcase>
    <testcase classname="chrome.135_0_7049_42.windows.Sanity_Tests_US104253" name="Should open Organizational Model page" time="34.553">
      <system-out><![CDATA[
COMMAND: POST /session/c0888585b7f3e34add4ec5499adc29bf/execute/async - {"script":"<script> [1562 bytes]","args":[{"selector":{"controlType":"sap.m.GenericTile","properties":{"header":"Organizational Model"}},"wdio_ui5_key":"sapm.GenericTile{\"header\":\"Organizational Model\"}"}]}
RESULT: {"script":"<script> [1562 bytes]","args":[{"selector":{"controlType":"sap.m.GenericTile","properties":{"header":"Organizational Model"}},"wdio_ui5_key":"sapm.GenericTile{\"header\":\"Organizational Model\"}"}]}
RESULT: undefined
COMMAND: POST /session/c0888585b7f3e34add4ec5499adc29bf/element - {"using":"xpath","value":"//*[@id=\"__tile124\"]"}
RESULT: {"using":"xpath","value":"//*[@id=\"__tile124\"]"}
COMMAND: POST /session/c0888585b7f3e34add4ec5499adc29bf/element/f.577FC0ABE6C817B3F58267D3AFEEF055.d.0A1F589C054806A7D3198CFA787CFABF.e.5452/click - {}
RESULT: {}
COMMAND: GET /session/c0888585b7f3e34add4ec5499adc29bf/screenshot - {}
RESULT: {}
RESULT: undefined
COMMAND: POST /session/c0888585b7f3e34add4ec5499adc29bf/element - {"using":"xpath","value":"//*[@id=\"__tile124\"]"}
RESULT: {"using":"xpath","value":"//*[@id=\"__tile124\"]"}
COMMAND: POST /session/c0888585b7f3e34add4ec5499adc29bf/element/f.577FC0ABE6C817B3F58267D3AFEEF055.d.0A1F589C054806A7D3198CFA787CFABF.e.5452/click - {}
RESULT: undefined
COMMAND: POST /session/c0888585b7f3e34add4ec5499adc29bf/element - {"using":"xpath","value":"//*[@id=\"__tile124\"]"}
RESULT: {"using":"xpath","value":"//*[@id=\"__tile124\"]"}
COMMAND: POST /session/c0888585b7f3e34add4ec5499adc29bf/element/f.577FC0ABE6C817B3F58267D3AFEEF055.d.0A1F589C054806A7D3198CFA787CFABF.e.5452/click - {}
RESULT: undefined
COMMAND: POST /session/c0888585b7f3e34add4ec5499adc29bf/execute/async - {"script":"<script> [6424 bytes]","args":[{"element-6066-11e4-a52e-4f735466cecf":"f.577FC0ABE6C817B3F58267D3AFEEF055.d.0A1F589C054806A7D3198CFA787CFABF.e.263"},"getTitle",[]]}
COMMAND: POST /session/c0888585b7f3e34add4ec5499adc29bf/execute/async - {"script":"<script> [1562 bytes]","args":[{"selector":{"id":"shellAppTitle"},"wdio_ui5_key":"shellAppTitle"}]}
RESULT: {"script":"<script> [1562 bytes]","args":[{"selector":{"id":"shellAppTitle"},"wdio_ui5_key":"shellAppTitle"}]}
COMMAND: POST /session/c0888585b7f3e34add4ec5499adc29bf/execute/async - {"script":"<script> [6424 bytes]","args":[{"element-6066-11e4-a52e-4f735466cecf":"f.577FC0ABE6C817B3F58267D3AFEEF055.d.0A1F589C054806A7D3198CFA787CFABF.e.5470"},"getTitle",[]]}
RESULT: {"script":"<script> [6424 bytes]","args":[{"element-6066-11e4-a52e-4f735466cecf":"f.577FC0ABE6C817B3F58267D3AFEEF055.d.0A1F589C054806A7D3198CFA787CFABF.e.5470"},"getTitle",[]]}
RESULT: undefined
COMMAND: POST /session/c0888585b7f3e34add4ec5499adc29bf/element/f.577FC0ABE6C817B3F58267D3AFEEF055.d.0A1F589C054806A7D3198CFA787CFABF.e.5450/click - {}
RESULT: {}
COMMAND: GET /session/c0888585b7f3e34add4ec5499adc29bf/screenshot - {}
RESULT: {}
]]></system-out>
    </testcase>
    <testcase classname="chrome.135_0_7049_42.windows.Sanity_Tests_US104253" name="Should open Manage Roles page" time="37.242">
      <system-out><![CDATA[
COMMAND: POST /session/c0888585b7f3e34add4ec5499adc29bf/execute/async - {"script":"<script> [1562 bytes]","args":[{"selector":{"controlType":"sap.m.GenericTile","properties":{"header":"Manage Roles"}},"wdio_ui5_key":"sapm.GenericTile{\"header\":\"Manage Roles\"}"}]}
RESULT: {"script":"<script> [1562 bytes]","args":[{"selector":{"controlType":"sap.m.GenericTile","properties":{"header":"Manage Roles"}},"wdio_ui5_key":"sapm.GenericTile{\"header\":\"Manage Roles\"}"}]}
RESULT: undefined
COMMAND: POST /session/c0888585b7f3e34add4ec5499adc29bf/element - {"using":"xpath","value":"//*[@id=\"__tile123\"]"}
RESULT: {"using":"xpath","value":"//*[@id=\"__tile123\"]"}
COMMAND: POST /session/c0888585b7f3e34add4ec5499adc29bf/element/f.577FC0ABE6C817B3F58267D3AFEEF055.d.0A1F589C054806A7D3198CFA787CFABF.e.5474/click - {}
RESULT: {}
COMMAND: GET /session/c0888585b7f3e34add4ec5499adc29bf/screenshot - {}
RESULT: {}
RESULT: undefined
COMMAND: POST /session/c0888585b7f3e34add4ec5499adc29bf/element - {"using":"xpath","value":"//*[@id=\"__tile123\"]"}
RESULT: {"using":"xpath","value":"//*[@id=\"__tile123\"]"}
COMMAND: POST /session/c0888585b7f3e34add4ec5499adc29bf/element/f.577FC0ABE6C817B3F58267D3AFEEF055.d.0A1F589C054806A7D3198CFA787CFABF.e.5474/click - {}
RESULT: undefined
COMMAND: POST /session/c0888585b7f3e34add4ec5499adc29bf/element - {"using":"xpath","value":"//*[@id=\"__tile123\"]"}
RESULT: {"using":"xpath","value":"//*[@id=\"__tile123\"]"}
COMMAND: POST /session/c0888585b7f3e34add4ec5499adc29bf/element/f.577FC0ABE6C817B3F58267D3AFEEF055.d.0A1F589C054806A7D3198CFA787CFABF.e.5474/click - {}
RESULT: undefined
COMMAND: POST /session/c0888585b7f3e34add4ec5499adc29bf/execute/async - {"script":"<script> [6424 bytes]","args":[{"element-6066-11e4-a52e-4f735466cecf":"f.577FC0ABE6C817B3F58267D3AFEEF055.d.0A1F589C054806A7D3198CFA787CFABF.e.263"},"getTitle",[]]}
COMMAND: POST /session/c0888585b7f3e34add4ec5499adc29bf/execute/async - {"script":"<script> [1562 bytes]","args":[{"selector":{"id":"shellAppTitle"},"wdio_ui5_key":"shellAppTitle"}]}
RESULT: {"script":"<script> [1562 bytes]","args":[{"selector":{"id":"shellAppTitle"},"wdio_ui5_key":"shellAppTitle"}]}
COMMAND: POST /session/c0888585b7f3e34add4ec5499adc29bf/execute/async - {"script":"<script> [6424 bytes]","args":[{"element-6066-11e4-a52e-4f735466cecf":"f.577FC0ABE6C817B3F58267D3AFEEF055.d.0A1F589C054806A7D3198CFA787CFABF.e.5519"},"getTitle",[]]}
RESULT: {"script":"<script> [6424 bytes]","args":[{"element-6066-11e4-a52e-4f735466cecf":"f.577FC0ABE6C817B3F58267D3AFEEF055.d.0A1F589C054806A7D3198CFA787CFABF.e.5519"},"getTitle",[]]}
RESULT: undefined
COMMAND: POST /session/c0888585b7f3e34add4ec5499adc29bf/element/f.577FC0ABE6C817B3F58267D3AFEEF055.d.0A1F589C054806A7D3198CFA787CFABF.e.5450/click - {}
COMMAND: POST /session/c0888585b7f3e34add4ec5499adc29bf/element - {"using":"xpath","value":"//*[@id=\"backBtn\"]"}
RESULT: {"using":"xpath","value":"//*[@id=\"backBtn\"]"}
COMMAND: POST /session/c0888585b7f3e34add4ec5499adc29bf/element/f.577FC0ABE6C817B3F58267D3AFEEF055.d.0A1F589C054806A7D3198CFA787CFABF.e.5450/click - {}
COMMAND: POST /session/c0888585b7f3e34add4ec5499adc29bf/element - {"using":"xpath","value":"//*[@id=\"backBtn\"]"}
RESULT: {"using":"xpath","value":"//*[@id=\"backBtn\"]"}
COMMAND: POST /session/c0888585b7f3e34add4ec5499adc29bf/element/f.577FC0ABE6C817B3F58267D3AFEEF055.d.0A1F589C054806A7D3198CFA787CFABF.e.5520/click - {}
RESULT: {}
COMMAND: GET /session/c0888585b7f3e34add4ec5499adc29bf/screenshot - {}
RESULT: {}
]]></system-out>
    </testcase>
    <testcase classname="chrome.135_0_7049_42.windows.Sanity_Tests_US104253" name="Should open Authorization Tables page" time="43.02">
      <system-out><![CDATA[
COMMAND: POST /session/c0888585b7f3e34add4ec5499adc29bf/execute/async - {"script":"<script> [1562 bytes]","args":[{"selector":{"controlType":"sap.m.GenericTile","properties":{"header":"Authorization Tables"}},"wdio_ui5_key":"sapm.GenericTile{\"header\":\"Authorization Tables\"}"}]}
RESULT: {"script":"<script> [1562 bytes]","args":[{"selector":{"controlType":"sap.m.GenericTile","properties":{"header":"Authorization Tables"}},"wdio_ui5_key":"sapm.GenericTile{\"header\":\"Authorization Tables\"}"}]}
RESULT: undefined
COMMAND: POST /session/c0888585b7f3e34add4ec5499adc29bf/element - {"using":"xpath","value":"//*[@id=\"__tile122\"]"}
RESULT: {"using":"xpath","value":"//*[@id=\"__tile122\"]"}
COMMAND: POST /session/c0888585b7f3e34add4ec5499adc29bf/element/f.577FC0ABE6C817B3F58267D3AFEEF055.d.0A1F589C054806A7D3198CFA787CFABF.e.5522/click - {}
RESULT: {}
COMMAND: GET /session/c0888585b7f3e34add4ec5499adc29bf/screenshot - {}
RESULT: {}
RESULT: undefined
COMMAND: POST /session/c0888585b7f3e34add4ec5499adc29bf/element - {"using":"xpath","value":"//*[@id=\"__tile122\"]"}
RESULT: {"using":"xpath","value":"//*[@id=\"__tile122\"]"}
COMMAND: POST /session/c0888585b7f3e34add4ec5499adc29bf/element/f.577FC0ABE6C817B3F58267D3AFEEF055.d.0A1F589C054806A7D3198CFA787CFABF.e.5522/click - {}
RESULT: undefined
COMMAND: POST /session/c0888585b7f3e34add4ec5499adc29bf/element - {"using":"xpath","value":"//*[@id=\"__tile122\"]"}
RESULT: {"using":"xpath","value":"//*[@id=\"__tile122\"]"}
COMMAND: POST /session/c0888585b7f3e34add4ec5499adc29bf/element/f.577FC0ABE6C817B3F58267D3AFEEF055.d.0A1F589C054806A7D3198CFA787CFABF.e.5522/click - {}
RESULT: undefined
COMMAND: POST /session/c0888585b7f3e34add4ec5499adc29bf/execute/async - {"script":"<script> [6424 bytes]","args":[{"element-6066-11e4-a52e-4f735466cecf":"f.577FC0ABE6C817B3F58267D3AFEEF055.d.0A1F589C054806A7D3198CFA787CFABF.e.263"},"getTitle",[]]}
COMMAND: POST /session/c0888585b7f3e34add4ec5499adc29bf/execute/async - {"script":"<script> [1562 bytes]","args":[{"selector":{"id":"shellAppTitle"},"wdio_ui5_key":"shellAppTitle"}]}
RESULT: {"script":"<script> [1562 bytes]","args":[{"selector":{"id":"shellAppTitle"},"wdio_ui5_key":"shellAppTitle"}]}
COMMAND: POST /session/c0888585b7f3e34add4ec5499adc29bf/execute/async - {"script":"<script> [6424 bytes]","args":[{"element-6066-11e4-a52e-4f735466cecf":"f.577FC0ABE6C817B3F58267D3AFEEF055.d.0A1F589C054806A7D3198CFA787CFABF.e.5602"},"getTitle",[]]}
RESULT: {"script":"<script> [6424 bytes]","args":[{"element-6066-11e4-a52e-4f735466cecf":"f.577FC0ABE6C817B3F58267D3AFEEF055.d.0A1F589C054806A7D3198CFA787CFABF.e.5602"},"getTitle",[]]}
RESULT: undefined
COMMAND: POST /session/c0888585b7f3e34add4ec5499adc29bf/element/f.577FC0ABE6C817B3F58267D3AFEEF055.d.0A1F589C054806A7D3198CFA787CFABF.e.5520/click - {}
RESULT: {}
COMMAND: GET /session/c0888585b7f3e34add4ec5499adc29bf/screenshot - {}
RESULT: {}
]]></system-out>
    </testcase>
    <testcase classname="chrome.135_0_7049_42.windows.Sanity_Tests_US104253" name="Should open User Maintenance page" time="37.43">
      <system-out><![CDATA[
COMMAND: POST /session/c0888585b7f3e34add4ec5499adc29bf/execute/async - {"script":"<script> [1562 bytes]","args":[{"selector":{"controlType":"sap.m.GenericTile","properties":{"header":"User Maintenance"}},"wdio_ui5_key":"sapm.GenericTile{\"header\":\"User Maintenance\"}"}]}
RESULT: {"script":"<script> [1562 bytes]","args":[{"selector":{"controlType":"sap.m.GenericTile","properties":{"header":"User Maintenance"}},"wdio_ui5_key":"sapm.GenericTile{\"header\":\"User Maintenance\"}"}]}
RESULT: undefined
COMMAND: POST /session/c0888585b7f3e34add4ec5499adc29bf/element - {"using":"xpath","value":"//*[@id=\"__tile125\"]"}
RESULT: {"using":"xpath","value":"//*[@id=\"__tile125\"]"}
COMMAND: POST /session/c0888585b7f3e34add4ec5499adc29bf/element/f.577FC0ABE6C817B3F58267D3AFEEF055.d.0A1F589C054806A7D3198CFA787CFABF.e.5604/click - {}
RESULT: {}
COMMAND: GET /session/c0888585b7f3e34add4ec5499adc29bf/screenshot - {}
RESULT: {}
RESULT: undefined
COMMAND: POST /session/c0888585b7f3e34add4ec5499adc29bf/element - {"using":"xpath","value":"//*[@id=\"__tile125\"]"}
RESULT: {"using":"xpath","value":"//*[@id=\"__tile125\"]"}
COMMAND: POST /session/c0888585b7f3e34add4ec5499adc29bf/element/f.577FC0ABE6C817B3F58267D3AFEEF055.d.0A1F589C054806A7D3198CFA787CFABF.e.5604/click - {}
RESULT: undefined
COMMAND: POST /session/c0888585b7f3e34add4ec5499adc29bf/element - {"using":"xpath","value":"//*[@id=\"__tile125\"]"}
RESULT: {"using":"xpath","value":"//*[@id=\"__tile125\"]"}
COMMAND: POST /session/c0888585b7f3e34add4ec5499adc29bf/element/f.577FC0ABE6C817B3F58267D3AFEEF055.d.0A1F589C054806A7D3198CFA787CFABF.e.5604/click - {}
RESULT: undefined
COMMAND: POST /session/c0888585b7f3e34add4ec5499adc29bf/execute/async - {"script":"<script> [6424 bytes]","args":[{"element-6066-11e4-a52e-4f735466cecf":"f.577FC0ABE6C817B3F58267D3AFEEF055.d.0A1F589C054806A7D3198CFA787CFABF.e.263"},"getTitle",[]]}
COMMAND: POST /session/c0888585b7f3e34add4ec5499adc29bf/execute/async - {"script":"<script> [1562 bytes]","args":[{"selector":{"id":"shellAppTitle"},"wdio_ui5_key":"shellAppTitle"}]}
RESULT: {"script":"<script> [1562 bytes]","args":[{"selector":{"id":"shellAppTitle"},"wdio_ui5_key":"shellAppTitle"}]}
COMMAND: POST /session/c0888585b7f3e34add4ec5499adc29bf/execute/async - {"script":"<script> [6424 bytes]","args":[{"element-6066-11e4-a52e-4f735466cecf":"f.577FC0ABE6C817B3F58267D3AFEEF055.d.0A1F589C054806A7D3198CFA787CFABF.e.5695"},"getTitle",[]]}
RESULT: {"script":"<script> [6424 bytes]","args":[{"element-6066-11e4-a52e-4f735466cecf":"f.577FC0ABE6C817B3F58267D3AFEEF055.d.0A1F589C054806A7D3198CFA787CFABF.e.5695"},"getTitle",[]]}
RESULT: undefined
COMMAND: POST /session/c0888585b7f3e34add4ec5499adc29bf/element/f.577FC0ABE6C817B3F58267D3AFEEF055.d.0A1F589C054806A7D3198CFA787CFABF.e.5520/click - {}
COMMAND: POST /session/c0888585b7f3e34add4ec5499adc29bf/element - {"using":"xpath","value":"//*[@id=\"backBtn\"]"}
RESULT: {"using":"xpath","value":"//*[@id=\"backBtn\"]"}
COMMAND: POST /session/c0888585b7f3e34add4ec5499adc29bf/element/f.577FC0ABE6C817B3F58267D3AFEEF055.d.0A1F589C054806A7D3198CFA787CFABF.e.5520/click - {}
COMMAND: POST /session/c0888585b7f3e34add4ec5499adc29bf/element - {"using":"xpath","value":"//*[@id=\"backBtn\"]"}
RESULT: {"using":"xpath","value":"//*[@id=\"backBtn\"]"}
COMMAND: POST /session/c0888585b7f3e34add4ec5499adc29bf/element/f.577FC0ABE6C817B3F58267D3AFEEF055.d.0A1F589C054806A7D3198CFA787CFABF.e.5696/click - {}
RESULT: {}
COMMAND: GET /session/c0888585b7f3e34add4ec5499adc29bf/screenshot - {}
RESULT: {}
]]></system-out>
    </testcase>
    <testcase classname="chrome.135_0_7049_42.windows.Sanity_Tests_US104253" name="Should open Schedule Jobs page" time="27.176">
      <system-out><![CDATA[
COMMAND: POST /session/c0888585b7f3e34add4ec5499adc29bf/execute/async - {"script":"<script> [1562 bytes]","args":[{"selector":{"controlType":"sap.m.GenericTile","properties":{"header":"Schedule Jobs"}},"wdio_ui5_key":"sapm.GenericTile{\"header\":\"Schedule Jobs\"}"}]}
RESULT: {"script":"<script> [1562 bytes]","args":[{"selector":{"controlType":"sap.m.GenericTile","properties":{"header":"Schedule Jobs"}},"wdio_ui5_key":"sapm.GenericTile{\"header\":\"Schedule Jobs\"}"}]}
RESULT: undefined
COMMAND: POST /session/c0888585b7f3e34add4ec5499adc29bf/element - {"using":"xpath","value":"//*[@id=\"__tile127\"]"}
RESULT: {"using":"xpath","value":"//*[@id=\"__tile127\"]"}
COMMAND: POST /session/c0888585b7f3e34add4ec5499adc29bf/element/f.577FC0ABE6C817B3F58267D3AFEEF055.d.0A1F589C054806A7D3198CFA787CFABF.e.5698/click - {}
RESULT: {}
COMMAND: GET /session/c0888585b7f3e34add4ec5499adc29bf/screenshot - {}
RESULT: {}
RESULT: undefined
COMMAND: POST /session/c0888585b7f3e34add4ec5499adc29bf/element - {"using":"xpath","value":"//*[@id=\"__tile127\"]"}
RESULT: {"using":"xpath","value":"//*[@id=\"__tile127\"]"}
COMMAND: POST /session/c0888585b7f3e34add4ec5499adc29bf/element/f.577FC0ABE6C817B3F58267D3AFEEF055.d.0A1F589C054806A7D3198CFA787CFABF.e.5698/click - {}
RESULT: undefined
COMMAND: POST /session/c0888585b7f3e34add4ec5499adc29bf/element - {"using":"xpath","value":"//*[@id=\"__tile127\"]"}
RESULT: {"using":"xpath","value":"//*[@id=\"__tile127\"]"}
COMMAND: POST /session/c0888585b7f3e34add4ec5499adc29bf/element/f.577FC0ABE6C817B3F58267D3AFEEF055.d.0A1F589C054806A7D3198CFA787CFABF.e.5698/click - {}
RESULT: undefined
COMMAND: POST /session/c0888585b7f3e34add4ec5499adc29bf/execute/async - {"script":"<script> [6424 bytes]","args":[{"element-6066-11e4-a52e-4f735466cecf":"f.577FC0ABE6C817B3F58267D3AFEEF055.d.0A1F589C054806A7D3198CFA787CFABF.e.263"},"getTitle",[]]}
COMMAND: POST /session/c0888585b7f3e34add4ec5499adc29bf/execute/async - {"script":"<script> [1562 bytes]","args":[{"selector":{"id":"shellAppTitle"},"wdio_ui5_key":"shellAppTitle"}]}
RESULT: {"script":"<script> [1562 bytes]","args":[{"selector":{"id":"shellAppTitle"},"wdio_ui5_key":"shellAppTitle"}]}
COMMAND: POST /session/c0888585b7f3e34add4ec5499adc29bf/execute/async - {"script":"<script> [6424 bytes]","args":[{"element-6066-11e4-a52e-4f735466cecf":"f.577FC0ABE6C817B3F58267D3AFEEF055.d.0A1F589C054806A7D3198CFA787CFABF.e.5744"},"getTitle",[]]}
RESULT: {"script":"<script> [6424 bytes]","args":[{"element-6066-11e4-a52e-4f735466cecf":"f.577FC0ABE6C817B3F58267D3AFEEF055.d.0A1F589C054806A7D3198CFA787CFABF.e.5744"},"getTitle",[]]}
RESULT: undefined
COMMAND: POST /session/c0888585b7f3e34add4ec5499adc29bf/element/f.577FC0ABE6C817B3F58267D3AFEEF055.d.0A1F589C054806A7D3198CFA787CFABF.e.5696/click - {}
COMMAND: POST /session/c0888585b7f3e34add4ec5499adc29bf/element/f.577FC0ABE6C817B3F58267D3AFEEF055.d.0A1F589C054806A7D3198CFA787CFABF.e.5696/click - {}
RESULT: {}
COMMAND: GET /session/c0888585b7f3e34add4ec5499adc29bf/screenshot - {}
COMMAND: POST /session/c0888585b7f3e34add4ec5499adc29bf/element - {"using":"xpath","value":"//*[@id=\"backBtn\"]"}
RESULT: {}
RESULT: {"using":"xpath","value":"//*[@id=\"backBtn\"]"}
COMMAND: POST /session/c0888585b7f3e34add4ec5499adc29bf/elements - {"using":"xpath","value":"//*[@id=\"backBtn\"]"}
RESULT: {"using":"xpath","value":"//*[@id=\"backBtn\"]"}
COMMAND: POST /session/c0888585b7f3e34add4ec5499adc29bf/elements - {"using":"xpath","value":"//*[@id=\"backBtn\"]"}
RESULT: {"using":"xpath","value":"//*[@id=\"backBtn\"]"}
COMMAND: POST /session/c0888585b7f3e34add4ec5499adc29bf/elements - {"using":"xpath","value":"//*[@id=\"backBtn\"]"}
RESULT: {"using":"xpath","value":"//*[@id=\"backBtn\"]"}
COMMAND: POST /session/c0888585b7f3e34add4ec5499adc29bf/elements - {"using":"xpath","value":"//*[@id=\"backBtn\"]"}
RESULT: {"using":"xpath","value":"//*[@id=\"backBtn\"]"}
COMMAND: POST /session/c0888585b7f3e34add4ec5499adc29bf/elements - {"using":"xpath","value":"//*[@id=\"backBtn\"]"}
RESULT: {"using":"xpath","value":"//*[@id=\"backBtn\"]"}
COMMAND: POST /session/c0888585b7f3e34add4ec5499adc29bf/elements - {"using":"xpath","value":"//*[@id=\"backBtn\"]"}
RESULT: {"using":"xpath","value":"//*[@id=\"backBtn\"]"}
COMMAND: POST /session/c0888585b7f3e34add4ec5499adc29bf/elements - {"using":"xpath","value":"//*[@id=\"backBtn\"]"}
RESULT: {"using":"xpath","value":"//*[@id=\"backBtn\"]"}
COMMAND: POST /session/c0888585b7f3e34add4ec5499adc29bf/elements - {"using":"xpath","value":"//*[@id=\"backBtn\"]"}
RESULT: {"using":"xpath","value":"//*[@id=\"backBtn\"]"}
COMMAND: POST /session/c0888585b7f3e34add4ec5499adc29bf/elements - {"using":"xpath","value":"//*[@id=\"backBtn\"]"}
RESULT: {"using":"xpath","value":"//*[@id=\"backBtn\"]"}
COMMAND: POST /session/c0888585b7f3e34add4ec5499adc29bf/elements - {"using":"xpath","value":"//*[@id=\"backBtn\"]"}
RESULT: {"using":"xpath","value":"//*[@id=\"backBtn\"]"}
COMMAND: POST /session/c0888585b7f3e34add4ec5499adc29bf/elements - {"using":"xpath","value":"//*[@id=\"backBtn\"]"}
RESULT: {"using":"xpath","value":"//*[@id=\"backBtn\"]"}
COMMAND: POST /session/c0888585b7f3e34add4ec5499adc29bf/elements - {"using":"xpath","value":"//*[@id=\"backBtn\"]"}
RESULT: {"using":"xpath","value":"//*[@id=\"backBtn\"]"}
COMMAND: POST /session/c0888585b7f3e34add4ec5499adc29bf/elements - {"using":"xpath","value":"//*[@id=\"backBtn\"]"}
RESULT: {"using":"xpath","value":"//*[@id=\"backBtn\"]"}
COMMAND: POST /session/c0888585b7f3e34add4ec5499adc29bf/elements - {"using":"xpath","value":"//*[@id=\"backBtn\"]"}
RESULT: {"using":"xpath","value":"//*[@id=\"backBtn\"]"}
COMMAND: POST /session/c0888585b7f3e34add4ec5499adc29bf/elements - {"using":"xpath","value":"//*[@id=\"backBtn\"]"}
RESULT: {"using":"xpath","value":"//*[@id=\"backBtn\"]"}
COMMAND: POST /session/c0888585b7f3e34add4ec5499adc29bf/elements - {"using":"xpath","value":"//*[@id=\"backBtn\"]"}
RESULT: {"using":"xpath","value":"//*[@id=\"backBtn\"]"}
COMMAND: POST /session/c0888585b7f3e34add4ec5499adc29bf/elements - {"using":"xpath","value":"//*[@id=\"backBtn\"]"}
RESULT: {"using":"xpath","value":"//*[@id=\"backBtn\"]"}
COMMAND: POST /session/c0888585b7f3e34add4ec5499adc29bf/elements - {"using":"xpath","value":"//*[@id=\"backBtn\"]"}
RESULT: {"using":"xpath","value":"//*[@id=\"backBtn\"]"}
COMMAND: POST /session/c0888585b7f3e34add4ec5499adc29bf/elements - {"using":"xpath","value":"//*[@id=\"backBtn\"]"}
RESULT: {"using":"xpath","value":"//*[@id=\"backBtn\"]"}
]]></system-out>
    </testcase>
    <testcase classname="chrome.135_0_7049_42.windows.Sanity_Tests_US104253" name="Should open Jobs Setup page" time="27.261">
      <system-out><![CDATA[
COMMAND: POST /session/c0888585b7f3e34add4ec5499adc29bf/execute/async - {"script":"<script> [1562 bytes]","args":[{"selector":{"controlType":"sap.m.GenericTile","properties":{"header":"Jobs Setup"}},"wdio_ui5_key":"sapm.GenericTile{\"header\":\"Jobs Setup\"}"}]}
COMMAND: POST /session/c0888585b7f3e34add4ec5499adc29bf/elements - {"using":"xpath","value":"//*[@id=\"backBtn\"]"}
RESULT: {"script":"<script> [1562 bytes]","args":[{"selector":{"controlType":"sap.m.GenericTile","properties":{"header":"Jobs Setup"}},"wdio_ui5_key":"sapm.GenericTile{\"header\":\"Jobs Setup\"}"}]}
RESULT: undefined
COMMAND: POST /session/c0888585b7f3e34add4ec5499adc29bf/element - {"using":"xpath","value":"//*[@id=\"__tile128\"]"}
RESULT: {"using":"xpath","value":"//*[@id=\"backBtn\"]"}
RESULT: {"using":"xpath","value":"//*[@id=\"__tile128\"]"}
COMMAND: POST /session/c0888585b7f3e34add4ec5499adc29bf/element/f.577FC0ABE6C817B3F58267D3AFEEF055.d.0A1F589C054806A7D3198CFA787CFABF.e.5746/click - {}
COMMAND: POST /session/c0888585b7f3e34add4ec5499adc29bf/elements - {"using":"xpath","value":"//*[@id=\"backBtn\"]"}
RESULT: {}
COMMAND: GET /session/c0888585b7f3e34add4ec5499adc29bf/screenshot - {}
RESULT: {"using":"xpath","value":"//*[@id=\"backBtn\"]"}
RESULT: {}
COMMAND: POST /session/c0888585b7f3e34add4ec5499adc29bf/elements - {"using":"xpath","value":"//*[@id=\"backBtn\"]"}
RESULT: {"using":"xpath","value":"//*[@id=\"backBtn\"]"}
COMMAND: POST /session/c0888585b7f3e34add4ec5499adc29bf/element - {"using":"xpath","value":"//*[@id=\"backBtn\"]"}
RESULT: {"using":"xpath","value":"//*[@id=\"backBtn\"]"}
COMMAND: POST /session/c0888585b7f3e34add4ec5499adc29bf/element/f.577FC0ABE6C817B3F58267D3AFEEF055.d.0A1F589C054806A7D3198CFA787CFABF.e.5696/click - {}
COMMAND: POST /session/c0888585b7f3e34add4ec5499adc29bf/element - {"using":"xpath","value":"//*[@id=\"backBtn\"]"}
RESULT: {"using":"xpath","value":"//*[@id=\"backBtn\"]"}
COMMAND: POST /session/c0888585b7f3e34add4ec5499adc29bf/element/f.577FC0ABE6C817B3F58267D3AFEEF055.d.0A1F589C054806A7D3198CFA787CFABF.e.5810/click - {}
RESULT: {}
COMMAND: GET /session/c0888585b7f3e34add4ec5499adc29bf/screenshot - {}
RESULT: {}
RESULT: undefined
COMMAND: POST /session/c0888585b7f3e34add4ec5499adc29bf/element - {"using":"xpath","value":"//*[@id=\"__tile128\"]"}
RESULT: {"using":"xpath","value":"//*[@id=\"__tile128\"]"}
COMMAND: POST /session/c0888585b7f3e34add4ec5499adc29bf/element/f.577FC0ABE6C817B3F58267D3AFEEF055.d.0A1F589C054806A7D3198CFA787CFABF.e.5746/click - {}
RESULT: undefined
COMMAND: POST /session/c0888585b7f3e34add4ec5499adc29bf/element - {"using":"xpath","value":"//*[@id=\"__tile128\"]"}
RESULT: {"using":"xpath","value":"//*[@id=\"__tile128\"]"}
COMMAND: POST /session/c0888585b7f3e34add4ec5499adc29bf/element/f.577FC0ABE6C817B3F58267D3AFEEF055.d.0A1F589C054806A7D3198CFA787CFABF.e.5746/click - {}
RESULT: undefined
COMMAND: POST /session/c0888585b7f3e34add4ec5499adc29bf/execute/async - {"script":"<script> [6424 bytes]","args":[{"element-6066-11e4-a52e-4f735466cecf":"f.577FC0ABE6C817B3F58267D3AFEEF055.d.0A1F589C054806A7D3198CFA787CFABF.e.263"},"getTitle",[]]}
COMMAND: POST /session/c0888585b7f3e34add4ec5499adc29bf/execute/async - {"script":"<script> [1562 bytes]","args":[{"selector":{"id":"shellAppTitle"},"wdio_ui5_key":"shellAppTitle"}]}
RESULT: {"script":"<script> [1562 bytes]","args":[{"selector":{"id":"shellAppTitle"},"wdio_ui5_key":"shellAppTitle"}]}
COMMAND: POST /session/c0888585b7f3e34add4ec5499adc29bf/execute/async - {"script":"<script> [6424 bytes]","args":[{"element-6066-11e4-a52e-4f735466cecf":"f.577FC0ABE6C817B3F58267D3AFEEF055.d.0A1F589C054806A7D3198CFA787CFABF.e.5838"},"getTitle",[]]}
RESULT: {"script":"<script> [6424 bytes]","args":[{"element-6066-11e4-a52e-4f735466cecf":"f.577FC0ABE6C817B3F58267D3AFEEF055.d.0A1F589C054806A7D3198CFA787CFABF.e.5838"},"getTitle",[]]}
RESULT: undefined
COMMAND: POST /session/c0888585b7f3e34add4ec5499adc29bf/element/f.577FC0ABE6C817B3F58267D3AFEEF055.d.0A1F589C054806A7D3198CFA787CFABF.e.5810/click - {}
COMMAND: POST /session/c0888585b7f3e34add4ec5499adc29bf/element/f.577FC0ABE6C817B3F58267D3AFEEF055.d.0A1F589C054806A7D3198CFA787CFABF.e.5810/click - {}
RESULT: {}
COMMAND: GET /session/c0888585b7f3e34add4ec5499adc29bf/screenshot - {}
RESULT: {}
COMMAND: GET /session/c0888585b7f3e34add4ec5499adc29bf/screenshot - {}
RESULT: {}
RESULT: {}
]]></system-out>
    </testcase>
    <testcase classname="chrome.135_0_7049_42.windows.Sanity_Tests_US104253" name="Should open Target Systems Configuration page" time="27.244">
      <system-out><![CDATA[
COMMAND: POST /session/c0888585b7f3e34add4ec5499adc29bf/execute/async - {"script":"<script> [1562 bytes]","args":[{"selector":{"controlType":"sap.m.GenericTile","properties":{"header":"Target Systems Configuration"}},"wdio_ui5_key":"sapm.GenericTile{\"header\":\"Target Systems Configuration\"}"}]}
RESULT: {"script":"<script> [1562 bytes]","args":[{"selector":{"controlType":"sap.m.GenericTile","properties":{"header":"Target Systems Configuration"}},"wdio_ui5_key":"sapm.GenericTile{\"header\":\"Target Systems Configuration\"}"}]}
RESULT: undefined
COMMAND: POST /session/c0888585b7f3e34add4ec5499adc29bf/element - {"using":"xpath","value":"//*[@id=\"__tile129\"]"}
RESULT: {"using":"xpath","value":"//*[@id=\"__tile129\"]"}
COMMAND: POST /session/c0888585b7f3e34add4ec5499adc29bf/element/f.577FC0ABE6C817B3F58267D3AFEEF055.d.0A1F589C054806A7D3198CFA787CFABF.e.5840/click - {}
RESULT: {}
COMMAND: GET /session/c0888585b7f3e34add4ec5499adc29bf/screenshot - {}
RESULT: {}
RESULT: undefined
COMMAND: POST /session/c0888585b7f3e34add4ec5499adc29bf/element - {"using":"xpath","value":"//*[@id=\"__tile129\"]"}
RESULT: {"using":"xpath","value":"//*[@id=\"__tile129\"]"}
COMMAND: POST /session/c0888585b7f3e34add4ec5499adc29bf/element/f.577FC0ABE6C817B3F58267D3AFEEF055.d.0A1F589C054806A7D3198CFA787CFABF.e.5840/click - {}
RESULT: undefined
COMMAND: POST /session/c0888585b7f3e34add4ec5499adc29bf/element - {"using":"xpath","value":"//*[@id=\"__tile129\"]"}
RESULT: {"using":"xpath","value":"//*[@id=\"__tile129\"]"}
COMMAND: POST /session/c0888585b7f3e34add4ec5499adc29bf/element/f.577FC0ABE6C817B3F58267D3AFEEF055.d.0A1F589C054806A7D3198CFA787CFABF.e.5840/click - {}
RESULT: undefined
COMMAND: POST /session/c0888585b7f3e34add4ec5499adc29bf/execute/async - {"script":"<script> [6424 bytes]","args":[{"element-6066-11e4-a52e-4f735466cecf":"f.577FC0ABE6C817B3F58267D3AFEEF055.d.0A1F589C054806A7D3198CFA787CFABF.e.263"},"getTitle",[]]}
COMMAND: POST /session/c0888585b7f3e34add4ec5499adc29bf/execute/async - {"script":"<script> [1562 bytes]","args":[{"selector":{"id":"shellAppTitle"},"wdio_ui5_key":"shellAppTitle"}]}
RESULT: {"script":"<script> [1562 bytes]","args":[{"selector":{"id":"shellAppTitle"},"wdio_ui5_key":"shellAppTitle"}]}
COMMAND: POST /session/c0888585b7f3e34add4ec5499adc29bf/execute/async - {"script":"<script> [6424 bytes]","args":[{"element-6066-11e4-a52e-4f735466cecf":"f.577FC0ABE6C817B3F58267D3AFEEF055.d.0A1F589C054806A7D3198CFA787CFABF.e.5915"},"getTitle",[]]}
RESULT: {"script":"<script> [6424 bytes]","args":[{"element-6066-11e4-a52e-4f735466cecf":"f.577FC0ABE6C817B3F58267D3AFEEF055.d.0A1F589C054806A7D3198CFA787CFABF.e.5915"},"getTitle",[]]}
RESULT: undefined
COMMAND: POST /session/c0888585b7f3e34add4ec5499adc29bf/element/f.577FC0ABE6C817B3F58267D3AFEEF055.d.0A1F589C054806A7D3198CFA787CFABF.e.5810/click - {}
COMMAND: POST /session/c0888585b7f3e34add4ec5499adc29bf/element/f.577FC0ABE6C817B3F58267D3AFEEF055.d.0A1F589C054806A7D3198CFA787CFABF.e.5810/click - {}
RESULT: {}
COMMAND: GET /session/c0888585b7f3e34add4ec5499adc29bf/screenshot - {}
COMMAND: POST /session/c0888585b7f3e34add4ec5499adc29bf/element - {"using":"xpath","value":"//*[@id=\"backBtn\"]"}
RESULT: {}
RESULT: {"using":"xpath","value":"//*[@id=\"backBtn\"]"}
COMMAND: POST /session/c0888585b7f3e34add4ec5499adc29bf/elements - {"using":"xpath","value":"//*[@id=\"backBtn\"]"}
RESULT: {"using":"xpath","value":"//*[@id=\"backBtn\"]"}
COMMAND: POST /session/c0888585b7f3e34add4ec5499adc29bf/elements - {"using":"xpath","value":"//*[@id=\"backBtn\"]"}
RESULT: {"using":"xpath","value":"//*[@id=\"backBtn\"]"}
COMMAND: POST /session/c0888585b7f3e34add4ec5499adc29bf/elements - {"using":"xpath","value":"//*[@id=\"backBtn\"]"}
RESULT: {"using":"xpath","value":"//*[@id=\"backBtn\"]"}
COMMAND: POST /session/c0888585b7f3e34add4ec5499adc29bf/elements - {"using":"xpath","value":"//*[@id=\"backBtn\"]"}
RESULT: {"using":"xpath","value":"//*[@id=\"backBtn\"]"}
COMMAND: POST /session/c0888585b7f3e34add4ec5499adc29bf/elements - {"using":"xpath","value":"//*[@id=\"backBtn\"]"}
RESULT: {"using":"xpath","value":"//*[@id=\"backBtn\"]"}
COMMAND: POST /session/c0888585b7f3e34add4ec5499adc29bf/elements - {"using":"xpath","value":"//*[@id=\"backBtn\"]"}
RESULT: {"using":"xpath","value":"//*[@id=\"backBtn\"]"}
COMMAND: POST /session/c0888585b7f3e34add4ec5499adc29bf/elements - {"using":"xpath","value":"//*[@id=\"backBtn\"]"}
RESULT: {"using":"xpath","value":"//*[@id=\"backBtn\"]"}
COMMAND: POST /session/c0888585b7f3e34add4ec5499adc29bf/elements - {"using":"xpath","value":"//*[@id=\"backBtn\"]"}
RESULT: {"using":"xpath","value":"//*[@id=\"backBtn\"]"}
COMMAND: POST /session/c0888585b7f3e34add4ec5499adc29bf/elements - {"using":"xpath","value":"//*[@id=\"backBtn\"]"}
RESULT: {"using":"xpath","value":"//*[@id=\"backBtn\"]"}
COMMAND: POST /session/c0888585b7f3e34add4ec5499adc29bf/elements - {"using":"xpath","value":"//*[@id=\"backBtn\"]"}
RESULT: {"using":"xpath","value":"//*[@id=\"backBtn\"]"}
COMMAND: POST /session/c0888585b7f3e34add4ec5499adc29bf/elements - {"using":"xpath","value":"//*[@id=\"backBtn\"]"}
RESULT: {"using":"xpath","value":"//*[@id=\"backBtn\"]"}
COMMAND: POST /session/c0888585b7f3e34add4ec5499adc29bf/elements - {"using":"xpath","value":"//*[@id=\"backBtn\"]"}
RESULT: {"using":"xpath","value":"//*[@id=\"backBtn\"]"}
COMMAND: POST /session/c0888585b7f3e34add4ec5499adc29bf/elements - {"using":"xpath","value":"//*[@id=\"backBtn\"]"}
RESULT: {"using":"xpath","value":"//*[@id=\"backBtn\"]"}
COMMAND: POST /session/c0888585b7f3e34add4ec5499adc29bf/elements - {"using":"xpath","value":"//*[@id=\"backBtn\"]"}
RESULT: {"using":"xpath","value":"//*[@id=\"backBtn\"]"}
COMMAND: POST /session/c0888585b7f3e34add4ec5499adc29bf/elements - {"using":"xpath","value":"//*[@id=\"backBtn\"]"}
RESULT: {"using":"xpath","value":"//*[@id=\"backBtn\"]"}
COMMAND: POST /session/c0888585b7f3e34add4ec5499adc29bf/elements - {"using":"xpath","value":"//*[@id=\"backBtn\"]"}
RESULT: {"using":"xpath","value":"//*[@id=\"backBtn\"]"}
COMMAND: POST /session/c0888585b7f3e34add4ec5499adc29bf/elements - {"using":"xpath","value":"//*[@id=\"backBtn\"]"}
RESULT: {"using":"xpath","value":"//*[@id=\"backBtn\"]"}
COMMAND: POST /session/c0888585b7f3e34add4ec5499adc29bf/elements - {"using":"xpath","value":"//*[@id=\"backBtn\"]"}
RESULT: {"using":"xpath","value":"//*[@id=\"backBtn\"]"}
COMMAND: POST /session/c0888585b7f3e34add4ec5499adc29bf/elements - {"using":"xpath","value":"//*[@id=\"backBtn\"]"}
RESULT: {"using":"xpath","value":"//*[@id=\"backBtn\"]"}
COMMAND: POST /session/c0888585b7f3e34add4ec5499adc29bf/elements - {"using":"xpath","value":"//*[@id=\"backBtn\"]"}
RESULT: {"using":"xpath","value":"//*[@id=\"backBtn\"]"}
COMMAND: POST /session/c0888585b7f3e34add4ec5499adc29bf/elements - {"using":"xpath","value":"//*[@id=\"backBtn\"]"}
RESULT: {"using":"xpath","value":"//*[@id=\"backBtn\"]"}
COMMAND: POST /session/c0888585b7f3e34add4ec5499adc29bf/elements - {"using":"xpath","value":"//*[@id=\"backBtn\"]"}
RESULT: {"using":"xpath","value":"//*[@id=\"backBtn\"]"}
COMMAND: POST /session/c0888585b7f3e34add4ec5499adc29bf/elements - {"using":"xpath","value":"//*[@id=\"backBtn\"]"}
RESULT: {"using":"xpath","value":"//*[@id=\"backBtn\"]"}
COMMAND: POST /session/c0888585b7f3e34add4ec5499adc29bf/elements - {"using":"xpath","value":"//*[@id=\"backBtn\"]"}
RESULT: {"using":"xpath","value":"//*[@id=\"backBtn\"]"}
COMMAND: POST /session/c0888585b7f3e34add4ec5499adc29bf/elements - {"using":"xpath","value":"//*[@id=\"backBtn\"]"}
RESULT: {"using":"xpath","value":"//*[@id=\"backBtn\"]"}
COMMAND: POST /session/c0888585b7f3e34add4ec5499adc29bf/elements - {"using":"xpath","value":"//*[@id=\"backBtn\"]"}
RESULT: {"using":"xpath","value":"//*[@id=\"backBtn\"]"}
COMMAND: POST /session/c0888585b7f3e34add4ec5499adc29bf/elements - {"using":"xpath","value":"//*[@id=\"backBtn\"]"}
RESULT: {"using":"xpath","value":"//*[@id=\"backBtn\"]"}
COMMAND: POST /session/c0888585b7f3e34add4ec5499adc29bf/elements - {"using":"xpath","value":"//*[@id=\"backBtn\"]"}
RESULT: {"using":"xpath","value":"//*[@id=\"backBtn\"]"}
COMMAND: POST /session/c0888585b7f3e34add4ec5499adc29bf/elements - {"using":"xpath","value":"//*[@id=\"backBtn\"]"}
RESULT: {"using":"xpath","value":"//*[@id=\"backBtn\"]"}
COMMAND: POST /session/c0888585b7f3e34add4ec5499adc29bf/elements - {"using":"xpath","value":"//*[@id=\"backBtn\"]"}
RESULT: {"using":"xpath","value":"//*[@id=\"backBtn\"]"}
COMMAND: POST /session/c0888585b7f3e34add4ec5499adc29bf/elements - {"using":"xpath","value":"//*[@id=\"backBtn\"]"}
RESULT: {"using":"xpath","value":"//*[@id=\"backBtn\"]"}
COMMAND: POST /session/c0888585b7f3e34add4ec5499adc29bf/elements - {"using":"xpath","value":"//*[@id=\"backBtn\"]"}
RESULT: {"using":"xpath","value":"//*[@id=\"backBtn\"]"}
COMMAND: POST /session/c0888585b7f3e34add4ec5499adc29bf/elements - {"using":"xpath","value":"//*[@id=\"backBtn\"]"}
RESULT: {"using":"xpath","value":"//*[@id=\"backBtn\"]"}
COMMAND: POST /session/c0888585b7f3e34add4ec5499adc29bf/elements - {"using":"xpath","value":"//*[@id=\"backBtn\"]"}
RESULT: {"using":"xpath","value":"//*[@id=\"backBtn\"]"}
COMMAND: POST /session/c0888585b7f3e34add4ec5499adc29bf/elements - {"using":"xpath","value":"//*[@id=\"backBtn\"]"}
RESULT: {"using":"xpath","value":"//*[@id=\"backBtn\"]"}
COMMAND: POST /session/c0888585b7f3e34add4ec5499adc29bf/elements - {"using":"xpath","value":"//*[@id=\"backBtn\"]"}
RESULT: {"using":"xpath","value":"//*[@id=\"backBtn\"]"}
COMMAND: POST /session/c0888585b7f3e34add4ec5499adc29bf/elements - {"using":"xpath","value":"//*[@id=\"backBtn\"]"}
RESULT: {"using":"xpath","value":"//*[@id=\"backBtn\"]"}
COMMAND: POST /session/c0888585b7f3e34add4ec5499adc29bf/elements - {"using":"xpath","value":"//*[@id=\"backBtn\"]"}
RESULT: {"using":"xpath","value":"//*[@id=\"backBtn\"]"}
COMMAND: POST /session/c0888585b7f3e34add4ec5499adc29bf/elements - {"using":"xpath","value":"//*[@id=\"backBtn\"]"}
RESULT: {"using":"xpath","value":"//*[@id=\"backBtn\"]"}
COMMAND: DELETE /session/c0888585b7f3e34add4ec5499adc29bf - {}
COMMAND: POST /session/c0888585b7f3e34add4ec5499adc29bf/elements - {"using":"xpath","value":"//*[@id=\"backBtn\"]"}
RESULT: {}
]]></system-out>
    </testcase>
  </testsuite>
</testsuites>