<?xml version="1.0" encoding="UTF-8"?>
<testsuites tests="9" failures="0" errors="0" skipped="0">
  <testsuite timestamp="2025-05-24T16:08:05" time="950.916" tests="4" failures="0" errors="0" skipped="0">
    <properties>
      <property name="specId" value="0"/>
      <property name="suiteName" value="Webshop - Hyperlinks visible and working properly  US139085"/>
      <property name="capabilities" value="chrome.136_0_7103_93.windows"/>
      <property name="file" value="file:///D:/a/1/s/test/specs/R2C/webshop-hyperlinks-yard-site.spec.js"/>
    </properties>
    <testcase classname="chrome.136_0_7103_93.windows.Webshop_-_Hyperlinks_visible_and_working_properly__US139085" name="Should create prerequisites for webshop suite" time="327.261">
      <system-out><![CDATA[
COMMAND: POST /session/f773981d6b54d7f6084c0f44ff121803/execute/async - {"script":"<script> [1562 bytes]","args":[{"selector":{"controlType":"sap.m.GenericTile","properties":{"header":"Manage Yards"}},"wdio_ui5_key":"sapm.GenericTile{\"header\":\"Manage Yards\"}"}]}
RESULT: {"script":"<script> [1562 bytes]","args":[{"selector":{"controlType":"sap.m.GenericTile","properties":{"header":"Manage Yards"}},"wdio_ui5_key":"sapm.GenericTile{\"header\":\"Manage Yards\"}"}]}
RESULT: undefined
COMMAND: POST /session/f773981d6b54d7f6084c0f44ff121803/element - {"using":"xpath","value":"//*[@id=\"__tile41\"]"}
RESULT: {"using":"xpath","value":"//*[@id=\"__tile41\"]"}
COMMAND: POST /session/f773981d6b54d7f6084c0f44ff121803/element/f.91F10126D0D92D54C5836EF8FC19CACF.d.A591DF65FC3D57EACA4FC541522ADBAB.e.115/click - {}
RESULT: {}
COMMAND: GET /session/f773981d6b54d7f6084c0f44ff121803/screenshot - {}
RESULT: {}
COMMAND: POST /session/f773981d6b54d7f6084c0f44ff121803/elements - {"using":"xpath","value":"//span[text()='Error']"}
RESULT: {"using":"xpath","value":"//span[text()='Error']"}
COMMAND: POST /session/f773981d6b54d7f6084c0f44ff121803/execute/async - {"script":"<script> [1562 bytes]","args":[{"selector":{"controlType":"sap.ui.core.Icon","viewName":"etm.portal.ui.manageyards.view.Master","viewId":"application-manageyards-display-component---masterYard","properties":{"src":{"regex":{"source":"add"}}}},"wdio_ui5_key":"etmportal.ui.manageyards.view.Mastersap.ui.core.Icon{\"src\":{\"regex\":{\"source\":\"add\"}}}"}]}
RESULT: {"script":"<script> [1562 bytes]","args":[{"selector":{"controlType":"sap.ui.core.Icon","viewName":"etm.portal.ui.manageyards.view.Master","viewId":"application-manageyards-display-component---masterYard","properties":{"src":{"regex":{"source":"add"}}}},"wdio_ui5_key":"etmportal.ui.manageyards.view.Mastersap.ui.core.Icon{\"src\":{\"regex\":{\"source\":\"add\"}}}"}]}
RESULT: undefined
COMMAND: POST /session/f773981d6b54d7f6084c0f44ff121803/element - {"using":"xpath","value":"//*[@id=\"__button4-img\"]"}
RESULT: {"using":"xpath","value":"//*[@id=\"__button4-img\"]"}
COMMAND: POST /session/f773981d6b54d7f6084c0f44ff121803/element/f.91F10126D0D92D54C5836EF8FC19CACF.d.A591DF65FC3D57EACA4FC541522ADBAB.e.162/click - {}
RESULT: {}
COMMAND: GET /session/f773981d6b54d7f6084c0f44ff121803/screenshot - {}
RESULT: {}
COMMAND: POST /session/f773981d6b54d7f6084c0f44ff121803/execute/async - {"script":"<script> [1562 bytes]","args":[{"selector":{"id":"application-manageyards-display-component---NewYard--yardId","interaction":{"idSuffix":"inner"}},"wdio_ui5_key":"applicationmanageyards-display-component---NewYard--yardId"}]}
RESULT: {"script":"<script> [1562 bytes]","args":[{"selector":{"id":"application-manageyards-display-component---NewYard--yardId","interaction":{"idSuffix":"inner"}},"wdio_ui5_key":"applicationmanageyards-display-component---NewYard--yardId"}]}
RESULT: undefined
COMMAND: POST /session/f773981d6b54d7f6084c0f44ff121803/element - {"using":"xpath","value":"//*[@id=\"application-manageyards-display-component---NewYard--addressDetailDetailsName1-inner\"]"}
RESULT: {"using":"xpath","value":"//*[@id=\"application-manageyards-display-component---NewYard--addressDetailDetailsName1-inner\"]"}
COMMAND: POST /session/f773981d6b54d7f6084c0f44ff121803/element/f.91F10126D0D92D54C5836EF8FC19CACF.d.A591DF65FC3D57EACA4FC541522ADBAB.e.375/clear - {}
RESULT: {}
COMMAND: POST /session/f773981d6b54d7f6084c0f44ff121803/element/f.91F10126D0D92D54C5836EF8FC19CACF.d.A591DF65FC3D57EACA4FC541522ADBAB.e.375/value - {"text":"WebdriverYard9801h"}
COMMAND: GET /session/f773981d6b54d7f6084c0f44ff121803/screenshot - {}
RESULT: {"text":"WebdriverYard9801h"}
COMMAND: POST /session/f773981d6b54d7f6084c0f44ff121803/element - {"using":"xpath","value":"//*[@id=\"application-manageyards-display-component---NewYard--addressDetailDetailsLanguage-inner\"]"}
COMMAND: GET /session/f773981d6b54d7f6084c0f44ff121803/screenshot - {}
RESULT: {}
RESULT: {"using":"xpath","value":"//*[@id=\"application-manageyards-display-component---NewYard--addressDetailDetailsLanguage-inner\"]"}
COMMAND: POST /session/f773981d6b54d7f6084c0f44ff121803/element/f.91F10126D0D92D54C5836EF8FC19CACF.d.A591DF65FC3D57EACA4FC541522ADBAB.e.376/clear - {}
RESULT: {}
RESULT: {}
COMMAND: POST /session/f773981d6b54d7f6084c0f44ff121803/element/f.91F10126D0D92D54C5836EF8FC19CACF.d.A591DF65FC3D57EACA4FC541522ADBAB.e.376/value - {"text":"Romanian"}
COMMAND: GET /session/f773981d6b54d7f6084c0f44ff121803/screenshot - {}
RESULT: {"text":"Romanian"}
COMMAND: POST /session/f773981d6b54d7f6084c0f44ff121803/element - {"using":"xpath","value":"//input[contains(@id ,\"application-manageyards-display-component---NewYard--addressDetailDetailsName1-inner\")]"}
COMMAND: GET /session/f773981d6b54d7f6084c0f44ff121803/screenshot - {}
RESULT: {}
RESULT: {"using":"xpath","value":"//input[contains(@id ,\"application-manageyards-display-component---NewYard--addressDetailDetailsName1-inner\")]"}
COMMAND: GET /session/f773981d6b54d7f6084c0f44ff121803/element/f.91F10126D0D92D54C5836EF8FC19CACF.d.A591DF65FC3D57EACA4FC541522ADBAB.e.375/property/value - {}
RESULT: {}
RESULT: {}
COMMAND: GET /session/f773981d6b54d7f6084c0f44ff121803/screenshot - {}
RESULT: {}
COMMAND: POST /session/f773981d6b54d7f6084c0f44ff121803/element - {"using":"xpath","value":"//*[@id=\"application-manageyards-display-component---NewYard--addressDetailDetailsCity1-inner\"]"}
RESULT: {"using":"xpath","value":"//*[@id=\"application-manageyards-display-component---NewYard--addressDetailDetailsCity1-inner\"]"}
COMMAND: POST /session/f773981d6b54d7f6084c0f44ff121803/element/f.91F10126D0D92D54C5836EF8FC19CACF.d.A591DF65FC3D57EACA4FC541522ADBAB.e.378/clear - {}
RESULT: {}
COMMAND: POST /session/f773981d6b54d7f6084c0f44ff121803/element/f.91F10126D0D92D54C5836EF8FC19CACF.d.A591DF65FC3D57EACA4FC541522ADBAB.e.378/value - {"text":"Bucuresti"}
COMMAND: GET /session/f773981d6b54d7f6084c0f44ff121803/screenshot - {}
RESULT: {"text":"Bucuresti"}
COMMAND: GET /session/f773981d6b54d7f6084c0f44ff121803/screenshot - {}
RESULT: {}
RESULT: {}
COMMAND: POST /session/f773981d6b54d7f6084c0f44ff121803/element - {"using":"xpath","value":"//*[@id=\"application-manageyards-display-component---NewYard--addressDetailDetailsCountry-inner\"]"}
RESULT: {"using":"xpath","value":"//*[@id=\"application-manageyards-display-component---NewYard--addressDetailDetailsCountry-inner\"]"}
COMMAND: POST /session/f773981d6b54d7f6084c0f44ff121803/element/f.91F10126D0D92D54C5836EF8FC19CACF.d.A591DF65FC3D57EACA4FC541522ADBAB.e.382/clear - {}
RESULT: {}
COMMAND: POST /session/f773981d6b54d7f6084c0f44ff121803/element/f.91F10126D0D92D54C5836EF8FC19CACF.d.A591DF65FC3D57EACA4FC541522ADBAB.e.382/value - {"text":"Romania"}
COMMAND: GET /session/f773981d6b54d7f6084c0f44ff121803/screenshot - {}
RESULT: {"text":"Romania"}
COMMAND: GET /session/f773981d6b54d7f6084c0f44ff121803/screenshot - {}
RESULT: {}
RESULT: {}
COMMAND: POST /session/f773981d6b54d7f6084c0f44ff121803/element - {"using":"xpath","value":"//div[contains(text(), \"Commercial\")]"}
RESULT: {"using":"xpath","value":"//div[contains(text(), \"Commercial\")]"}
COMMAND: GET /session/f773981d6b54d7f6084c0f44ff121803/element/f.91F10126D0D92D54C5836EF8FC19CACF.d.A591DF65FC3D57EACA4FC541522ADBAB.e.569/rect - {}
RESULT: {}
COMMAND: GET /session/f773981d6b54d7f6084c0f44ff121803/window/rect - {}
RESULT: {}
COMMAND: POST /session/f773981d6b54d7f6084c0f44ff121803/execute/sync - {"script":"<script> [92 bytes]","args":[]}
RESULT: {"script":"<script> [92 bytes]","args":[]}
COMMAND: POST /session/f773981d6b54d7f6084c0f44ff121803/actions - {"actions":[{"id":"action1","type":"wheel","parameters":{},"actions":[{"type":"scroll","x":-1841,"y":-44,"deltaX":0,"deltaY":0,"duration":0,"origin":{"element-6066-11e4-a52e-4f735466cecf":"f.91F10126D0D92D54C5836EF8FC19CACF.d.A591DF65FC3D57EACA4FC541522ADBAB.e.569"}}]}]}
COMMAND: GET /session/f773981d6b54d7f6084c0f44ff121803/screenshot - {}
RESULT: {}
COMMAND: POST /session/f773981d6b54d7f6084c0f44ff121803/execute/sync - {"script":"<script> [79 bytes]","args":[{"element-6066-11e4-a52e-4f735466cecf":"f.91F10126D0D92D54C5836EF8FC19CACF.d.A591DF65FC3D57EACA4FC541522ADBAB.e.569","ELEMENT":"f.91F10126D0D92D54C5836EF8FC19CACF.d.A591DF65FC3D57EACA4FC541522ADBAB.e.569"},{"block":"start","inline":"nearest"}]}
RESULT: {"script":"<script> [79 bytes]","args":[{"element-6066-11e4-a52e-4f735466cecf":"f.91F10126D0D92D54C5836EF8FC19CACF.d.A591DF65FC3D57EACA4FC541522ADBAB.e.569","ELEMENT":"f.91F10126D0D92D54C5836EF8FC19CACF.d.A591DF65FC3D57EACA4FC541522ADBAB.e.569"},{"block":"start","inline":"nearest"}]}
COMMAND: GET /session/f773981d6b54d7f6084c0f44ff121803/screenshot - {}
RESULT: {}
COMMAND: POST /session/f773981d6b54d7f6084c0f44ff121803/execute/async - {"script":"<script> [1562 bytes]","args":[{"selector":{"id":"application-manageyards-display-component---NewYard--addressEditDetailsCostObjectCstType-arrow"},"wdio_ui5_key":"applicationmanageyards-display-component---NewYard--addressEditDetailsCostObjectCstType-arrow"}]}
RESULT: {"script":"<script> [1562 bytes]","args":[{"selector":{"id":"application-manageyards-display-component---NewYard--addressEditDetailsCostObjectCstType-arrow"},"wdio_ui5_key":"applicationmanageyards-display-component---NewYard--addressEditDetailsCostObjectCstType-arrow"}]}
RESULT: undefined
COMMAND: POST /session/f773981d6b54d7f6084c0f44ff121803/element - {"using":"xpath","value":"//*[@id=\"application-manageyards-display-component---NewYard--addressEditDetailsCostObjectCstType-arrow\"]"}
RESULT: {"using":"xpath","value":"//*[@id=\"application-manageyards-display-component---NewYard--addressEditDetailsCostObjectCstType-arrow\"]"}
COMMAND: POST /session/f773981d6b54d7f6084c0f44ff121803/element/f.91F10126D0D92D54C5836EF8FC19CACF.d.A591DF65FC3D57EACA4FC541522ADBAB.e.577/click - {}
RESULT: {}
COMMAND: POST /session/f773981d6b54d7f6084c0f44ff121803/element - {"using":"xpath","value":"//span[contains(text(), \"Cost Center\")]"}
COMMAND: GET /session/f773981d6b54d7f6084c0f44ff121803/screenshot - {}
RESULT: {"using":"xpath","value":"//span[contains(text(), \"Cost Center\")]"}
COMMAND: POST /session/f773981d6b54d7f6084c0f44ff121803/element/f.91F10126D0D92D54C5836EF8FC19CACF.d.A591DF65FC3D57EACA4FC541522ADBAB.e.578/click - {}
RESULT: {}
RESULT: {}
COMMAND: GET /session/f773981d6b54d7f6084c0f44ff121803/screenshot - {}
RESULT: {}
COMMAND: POST /session/f773981d6b54d7f6084c0f44ff121803/execute/async - {"script":"<script> [1562 bytes]","args":[{"selector":{"id":"application-manageyards-display-component---NewYard--addressNewCostObjectCstID-vhi"},"wdio_ui5_key":"applicationmanageyards-display-component---NewYard--addressNewCostObjectCstID-vhi"}]}
RESULT: {"script":"<script> [1562 bytes]","args":[{"selector":{"id":"application-manageyards-display-component---NewYard--addressNewCostObjectCstID-vhi"},"wdio_ui5_key":"applicationmanageyards-display-component---NewYard--addressNewCostObjectCstID-vhi"}]}
RESULT: undefined
COMMAND: POST /session/f773981d6b54d7f6084c0f44ff121803/element - {"using":"xpath","value":"//*[@id=\"application-manageyards-display-component---NewYard--addressNewCostObjectCstID-vhi\"]"}
RESULT: {"using":"xpath","value":"//*[@id=\"application-manageyards-display-component---NewYard--addressNewCostObjectCstID-vhi\"]"}
COMMAND: POST /session/f773981d6b54d7f6084c0f44ff121803/element/f.91F10126D0D92D54C5836EF8FC19CACF.d.A591DF65FC3D57EACA4FC541522ADBAB.e.593/click - {}
RESULT: {}
COMMAND: GET /session/f773981d6b54d7f6084c0f44ff121803/screenshot - {}
RESULT: {}
COMMAND: POST /session/f773981d6b54d7f6084c0f44ff121803/execute/async - {"script":"<script> [1562 bytes]","args":[{"selector":{"controlType":"sap.m.SearchField","properties":{"placeholder":"Search"},"searchOpenDialogs":true,"interaction":{"idSuffix":"I"}},"wdio_ui5_key":"sapm.SearchField{\"placeholder\":\"Search\"}"}]}
RESULT: {"script":"<script> [1562 bytes]","args":[{"selector":{"controlType":"sap.m.SearchField","properties":{"placeholder":"Search"},"searchOpenDialogs":true,"interaction":{"idSuffix":"I"}},"wdio_ui5_key":"sapm.SearchField{\"placeholder\":\"Search\"}"}]}
RESULT: undefined
COMMAND: POST /session/f773981d6b54d7f6084c0f44ff121803/execute/async - {"script":"<script> [776 bytes]","args":[{"enterText":"10001013","selector":{"controlType":"sap.m.SearchField","properties":{"placeholder":"Search"},"searchOpenDialogs":true,"interaction":{"idSuffix":"I"}},"clearTextFirst":true,"interactionType":"ENTER_TEXT"}]}
RESULT: {"script":"<script> [776 bytes]","args":[{"enterText":"10001013","selector":{"controlType":"sap.m.SearchField","properties":{"placeholder":"Search"},"searchOpenDialogs":true,"interaction":{"idSuffix":"I"}},"clearTextFirst":true,"interactionType":"ENTER_TEXT"}]}
COMMAND: POST /session/f773981d6b54d7f6084c0f44ff121803/actions - {"actions":[{"id":"action2","type":"key","parameters":{},"actions":[{"type":"keyDown","value":""},{"type":"pause","duration":10},{"type":"keyUp","value":""}]}]}
RESULT: {"actions":[{"id":"action2","type":"key","parameters":{},"actions":[{"type":"keyDown","value":""},{"type":"pause","duration":10},{"type":"keyUp","value":""}]}]}
COMMAND: GET /session/f773981d6b54d7f6084c0f44ff121803/screenshot - {}
RESULT: {}
COMMAND: POST /session/f773981d6b54d7f6084c0f44ff121803/element - {"using":"xpath","value":"//span[contains(text(), \"General Management\")]"}
RESULT: {"using":"xpath","value":"//span[contains(text(), \"General Management\")]"}
COMMAND: POST /session/f773981d6b54d7f6084c0f44ff121803/element/f.91F10126D0D92D54C5836EF8FC19CACF.d.A591DF65FC3D57EACA4FC541522ADBAB.e.633/click - {}
RESULT: {}
COMMAND: GET /session/f773981d6b54d7f6084c0f44ff121803/screenshot - {}
RESULT: {}
COMMAND: POST /session/f773981d6b54d7f6084c0f44ff121803/element - {"using":"xpath","value":"//bdi[contains(text(), \"OK\")]"}
RESULT: {"using":"xpath","value":"//bdi[contains(text(), \"OK\")]"}
COMMAND: POST /session/f773981d6b54d7f6084c0f44ff121803/element/f.91F10126D0D92D54C5836EF8FC19CACF.d.A591DF65FC3D57EACA4FC541522ADBAB.e.634/click - {}
RESULT: {}
COMMAND: GET /session/f773981d6b54d7f6084c0f44ff121803/screenshot - {}
RESULT: {}
COMMAND: POST /session/f773981d6b54d7f6084c0f44ff121803/execute/async - {"script":"<script> [1562 bytes]","args":[{"selector":{"controlType":"sap.m.Button","viewName":"etm.portal.ui.manageyards.view.New","viewId":"application-manageyards-display-component---NewYard","i18NText":{"propertyName":"text","key":"save"},"interaction":{"idSuffix":"inner"}},"wdio_ui5_key":"etmportal.ui.manageyards.view.Newsap.m.Button{\"propertyName\":\"text\",\"key\":\"save\"}"}]}
RESULT: {"script":"<script> [1562 bytes]","args":[{"selector":{"controlType":"sap.m.Button","viewName":"etm.portal.ui.manageyards.view.New","viewId":"application-manageyards-display-component---NewYard","i18NText":{"propertyName":"text","key":"save"},"interaction":{"idSuffix":"inner"}},"wdio_ui5_key":"etmportal.ui.manageyards.view.Newsap.m.Button{\"propertyName\":\"text\",\"key\":\"save\"}"}]}
RESULT: undefined
COMMAND: POST /session/f773981d6b54d7f6084c0f44ff121803/element - {"using":"xpath","value":"//*[@id=\"__button18\"]"}
RESULT: {"using":"xpath","value":"//*[@id=\"__button18\"]"}
COMMAND: POST /session/f773981d6b54d7f6084c0f44ff121803/element/f.91F10126D0D92D54C5836EF8FC19CACF.d.A591DF65FC3D57EACA4FC541522ADBAB.e.549/click - {}
RESULT: {}
COMMAND: GET /session/f773981d6b54d7f6084c0f44ff121803/screenshot - {}
RESULT: {}
COMMAND: POST /session/f773981d6b54d7f6084c0f44ff121803/element - {"using":"xpath","value":"//header/div/div[2]/div[2]/span"}
RESULT: {"using":"xpath","value":"//header/div/div[2]/div[2]/span"}
COMMAND: GET /session/f773981d6b54d7f6084c0f44ff121803/element/f.91F10126D0D92D54C5836EF8FC19CACF.d.A591DF65FC3D57EACA4FC541522ADBAB.e.828/text - {}
RESULT: {}
COMMAND: POST /session/f773981d6b54d7f6084c0f44ff121803/execute/async - {"script":"<script> [1562 bytes]","args":[{"selector":{"controlType":"sap.m.OverflowToolbarButton","viewName":"etm.portal.ui.manageyards.view.Detail","viewId":"application-manageyards-display-component---detailYard","i18NText":{"propertyName":"tooltip","key":"closeColumn"},"interaction":{"idSuffix":"inner"}},"wdio_ui5_key":"etmportal.ui.manageyards.view.Detailsap.m.OverflowToolbarButton{\"propertyName\":\"tooltip\",\"key\":\"closeColumn\"}"}]}
RESULT: {"script":"<script> [1562 bytes]","args":[{"selector":{"controlType":"sap.m.OverflowToolbarButton","viewName":"etm.portal.ui.manageyards.view.Detail","viewId":"application-manageyards-display-component---detailYard","i18NText":{"propertyName":"tooltip","key":"closeColumn"},"interaction":{"idSuffix":"inner"}},"wdio_ui5_key":"etmportal.ui.manageyards.view.Detailsap.m.OverflowToolbarButton{\"propertyName\":\"tooltip\",\"key\":\"closeColumn\"}"}]}
RESULT: undefined
COMMAND: POST /session/f773981d6b54d7f6084c0f44ff121803/element - {"using":"xpath","value":"//*[@id=\"__button42\"]"}
RESULT: {"using":"xpath","value":"//*[@id=\"__button42\"]"}
COMMAND: POST /session/f773981d6b54d7f6084c0f44ff121803/element/f.91F10126D0D92D54C5836EF8FC19CACF.d.A591DF65FC3D57EACA4FC541522ADBAB.e.830/click - {}
RESULT: {}
COMMAND: GET /session/f773981d6b54d7f6084c0f44ff121803/screenshot - {}
RESULT: {}
COMMAND: POST /session/f773981d6b54d7f6084c0f44ff121803/element - {"using":"css selector","value":"#shell-header-logo"}
RESULT: {"using":"css selector","value":"#shell-header-logo"}
COMMAND: POST /session/f773981d6b54d7f6084c0f44ff121803/element/f.91F10126D0D92D54C5836EF8FC19CACF.d.A591DF65FC3D57EACA4FC541522ADBAB.e.117/click - {}
RESULT: {}
COMMAND: GET /session/f773981d6b54d7f6084c0f44ff121803/screenshot - {}
RESULT: {}
COMMAND: POST /session/f773981d6b54d7f6084c0f44ff121803/refresh - {}
RESULT: {}
COMMAND: GET /session/f773981d6b54d7f6084c0f44ff121803/screenshot - {}
RESULT: {}
COMMAND: POST /session/f773981d6b54d7f6084c0f44ff121803/execute/async - {"script":"<script> [189 bytes]","args":[]}
RESULT: {"script":"<script> [189 bytes]","args":[]}
COMMAND: POST /session/f773981d6b54d7f6084c0f44ff121803/execute/async - {"script":"<script> [123 bytes]","args":[]}
RESULT: {"script":"<script> [123 bytes]","args":[]}
COMMAND: POST /session/f773981d6b54d7f6084c0f44ff121803/timeouts - {"script":"<number>"}
RESULT: {"script":"<number>"}
COMMAND: GET /session/f773981d6b54d7f6084c0f44ff121803/timeouts - {}
RESULT: {}
RESULT: undefined
COMMAND: POST /session/f773981d6b54d7f6084c0f44ff121803/execute/async - {"script":"<script> [2676 bytes]","args":[]}
RESULT: {"script":"<script> [2676 bytes]","args":[]}
COMMAND: POST /session/f773981d6b54d7f6084c0f44ff121803/execute/async - {"script":"<script> [2342 bytes]","args":[{"protocol":"http","hostname":"0.0.0.0","path":"/","capabilities":{"browserName":"chrome","goog:chromeOptions":{"binary":"C:\\Program Files\\Google\\Chrome\\Application\\chrome.exe","args":["--start-maximized"]}},"logLevel":"warn","connectionRetryTimeout":120000,"connectionRetryCount":3,"logLevels":{},"enableDirectConnect":true,"strictSSL":true,"_":"65 more keys: [\"cacheDir\",\"port\",\"requestedCapabilities\",\"automationProtocol\",\"baseUrl\",\"waitforInterval\",\"waitforTimeout\",\"onReload\",\"beforeCommand\",\"afterCommand\",\"rootDir\",\"specs\",\"suites\",\"exclude\",\"groupLogsByTestSpec\",\"excludeDriverLogs\",\"bail\",\"framework\",\"reporters\",\"services\",\"maxInstances\",\"maxInstancesPerCapability\",\"injectGlobals\",\"filesToWatch\",\"execArgv\",\"runnerEnv\",\"runner\",\"shard\",\"specFileRetries\",\"specFileRetriesDelay\",\"specFileRetriesDeferred\",\"reporterSyncInterval\",\"reporterSyncTimeout\",\"cucumberFeaturesWithLineNumbers\",\"autoCompileOpts\",\"mochaOpts\",\"jasmineOpts\",\"cucumberOpts\",\"onPrepare\",\"onWorkerStart\",\"onWorkerEnd\",\"before\",\"beforeSession\",\"beforeSuite\",\"beforeHook\",\"beforeTest\",\"afterTest\",\"afterHook\",\"afterSuite\",\"afterSession\",\"after\",\"onComplete\",\"beforeAssertion\",\"afterAssertion\",\"beforeFeature\",\"beforeScenario\",\"beforeStep\",\"afterStep\",\"afterScenario\",\"afterFeature\",\"_\",\"suite\",\"$0\",\"ignoredWorkerServices\",\"wdi5\"]"}]}
RESULT: {"script":"<script> [2342 bytes]","args":[{"protocol":"http","hostname":"0.0.0.0","path":"/","capabilities":{"browserName":"chrome","goog:chromeOptions":{"binary":"C:\\Program Files\\Google\\Chrome\\Application\\chrome.exe","args":["--start-maximized"]}},"logLevel":"warn","connectionRetryTimeout":120000,"connectionRetryCount":3,"logLevels":{},"enableDirectConnect":true,"strictSSL":true,"_":"65 more keys: [\"cacheDir\",\"port\",\"requestedCapabilities\",\"automationProtocol\",\"baseUrl\",\"waitforInterval\",\"waitforTimeout\",\"onReload\",\"beforeCommand\",\"afterCommand\",\"rootDir\",\"specs\",\"suites\",\"exclude\",\"groupLogsByTestSpec\",\"excludeDriverLogs\",\"bail\",\"framework\",\"reporters\",\"services\",\"maxInstances\",\"maxInstancesPerCapability\",\"injectGlobals\",\"filesToWatch\",\"execArgv\",\"runnerEnv\",\"runner\",\"shard\",\"specFileRetries\",\"specFileRetriesDelay\",\"specFileRetriesDeferred\",\"reporterSyncInterval\",\"reporterSyncTimeout\",\"cucumberFeaturesWithLineNumbers\",\"autoCompileOpts\",\"mochaOpts\",\"jasmineOpts\",\"cucumberOpts\",\"onPrepare\",\"onWorkerStart\",\"onWorkerEnd\",\"before\",\"beforeSession\",\"beforeSuite\",\"beforeHook\",\"beforeTest\",\"afterTest\",\"afterHook\",\"afterSuite\",\"afterSession\",\"after\",\"onComplete\",\"beforeAssertion\",\"afterAssertion\",\"beforeFeature\",\"beforeScenario\",\"beforeStep\",\"afterStep\",\"afterScenario\",\"afterFeature\",\"_\",\"suite\",\"$0\",\"ignoredWorkerServices\",\"wdi5\"]"}]}
COMMAND: POST /session/f773981d6b54d7f6084c0f44ff121803/execute/async - {"script":"<script> [21126 bytes]","args":[35000]}
RESULT: {"script":"<script> [21126 bytes]","args":[35000]}
COMMAND: POST /session/f773981d6b54d7f6084c0f44ff121803/execute/async - {"script":"<script> [1562 bytes]","args":[{"selector":{"controlType":"sap.m.GenericTile","properties":{"header":"Manage Sites"}},"wdio_ui5_key":"sapm.GenericTile{\"header\":\"Manage Sites\"}"}]}
RESULT: {"script":"<script> [1562 bytes]","args":[{"selector":{"controlType":"sap.m.GenericTile","properties":{"header":"Manage Sites"}},"wdio_ui5_key":"sapm.GenericTile{\"header\":\"Manage Sites\"}"}]}
RESULT: undefined
COMMAND: POST /session/f773981d6b54d7f6084c0f44ff121803/element - {"using":"xpath","value":"//*[@id=\"__tile40\"]"}
RESULT: {"using":"xpath","value":"//*[@id=\"__tile40\"]"}
COMMAND: POST /session/f773981d6b54d7f6084c0f44ff121803/element/f.91F10126D0D92D54C5836EF8FC19CACF.d.956AA7758E4EA234123821A7906B957F.e.1186/click - {}
RESULT: {}
COMMAND: GET /session/f773981d6b54d7f6084c0f44ff121803/screenshot - {}
RESULT: {}
COMMAND: POST /session/f773981d6b54d7f6084c0f44ff121803/elements - {"using":"xpath","value":"//span[text()='Error']"}
RESULT: {"using":"xpath","value":"//span[text()='Error']"}
COMMAND: POST /session/f773981d6b54d7f6084c0f44ff121803/execute/async - {"script":"<script> [1562 bytes]","args":[{"selector":{"controlType":"sap.ui.core.Icon","viewName":"etm.portal.ui.managesites.view.Master","viewId":"application-managesites-display-component---masterSite","properties":{"src":{"regex":{"source":"add"}}}},"wdio_ui5_key":"etmportal.ui.managesites.view.Mastersap.ui.core.Icon{\"src\":{\"regex\":{\"source\":\"add\"}}}"}]}
RESULT: {"script":"<script> [1562 bytes]","args":[{"selector":{"controlType":"sap.ui.core.Icon","viewName":"etm.portal.ui.managesites.view.Master","viewId":"application-managesites-display-component---masterSite","properties":{"src":{"regex":{"source":"add"}}}},"wdio_ui5_key":"etmportal.ui.managesites.view.Mastersap.ui.core.Icon{\"src\":{\"regex\":{\"source\":\"add\"}}}"}]}
RESULT: undefined
COMMAND: POST /session/f773981d6b54d7f6084c0f44ff121803/element - {"using":"xpath","value":"//*[@id=\"__button4-img\"]"}
RESULT: {"using":"xpath","value":"//*[@id=\"__button4-img\"]"}
COMMAND: POST /session/f773981d6b54d7f6084c0f44ff121803/element/f.91F10126D0D92D54C5836EF8FC19CACF.d.956AA7758E4EA234123821A7906B957F.e.1235/click - {}
RESULT: {}
COMMAND: POST /session/f773981d6b54d7f6084c0f44ff121803/execute/async - {"script":"<script> [1562 bytes]","args":[{"selector":{"id":"application-managesites-display-component---NewSite--siteId","interaction":{"idSuffix":"inner"}},"wdio_ui5_key":"applicationmanagesites-display-component---NewSite--siteId"}]}
COMMAND: GET /session/f773981d6b54d7f6084c0f44ff121803/screenshot - {}
RESULT: {"script":"<script> [1562 bytes]","args":[{"selector":{"id":"application-managesites-display-component---NewSite--siteId","interaction":{"idSuffix":"inner"}},"wdio_ui5_key":"applicationmanagesites-display-component---NewSite--siteId"}]}
RESULT: undefined
COMMAND: POST /session/f773981d6b54d7f6084c0f44ff121803/execute/async - {"script":"<script> [1562 bytes]","args":[{"selector":{"id":"application-managesites-display-component---NewSite--addressDetailDetailsName1","interaction":{"idSuffix":"inner"}},"wdio_ui5_key":"applicationmanagesites-display-component---NewSite--addressDetailDetailsName1"}]}
RESULT: {}
RESULT: {"script":"<script> [1562 bytes]","args":[{"selector":{"id":"application-managesites-display-component---NewSite--addressDetailDetailsName1","interaction":{"idSuffix":"inner"}},"wdio_ui5_key":"applicationmanagesites-display-component---NewSite--addressDetailDetailsName1"}]}
RESULT: undefined
COMMAND: POST /session/f773981d6b54d7f6084c0f44ff121803/execute/async - {"script":"<script> [776 bytes]","args":[{"enterText":"WebdriverSite0w0w3","selector":{"id":"application-managesites-display-component---NewSite--addressDetailDetailsName1","interaction":{"idSuffix":"inner"}},"clearTextFirst":true,"interactionType":"ENTER_TEXT"}]}
RESULT: {"script":"<script> [776 bytes]","args":[{"enterText":"WebdriverSite0w0w3","selector":{"id":"application-managesites-display-component---NewSite--addressDetailDetailsName1","interaction":{"idSuffix":"inner"}},"clearTextFirst":true,"interactionType":"ENTER_TEXT"}]}
COMMAND: POST /session/f773981d6b54d7f6084c0f44ff121803/execute/async - {"script":"<script> [1562 bytes]","args":[{"selector":{"id":"application-managesites-display-component---NewSite--addressDetailDetailsLanguage","interaction":{"idSuffix":"inner"}},"wdio_ui5_key":"applicationmanagesites-display-component---NewSite--addressDetailDetailsLanguage"}]}
RESULT: {"script":"<script> [1562 bytes]","args":[{"selector":{"id":"application-managesites-display-component---NewSite--addressDetailDetailsLanguage","interaction":{"idSuffix":"inner"}},"wdio_ui5_key":"applicationmanagesites-display-component---NewSite--addressDetailDetailsLanguage"}]}
RESULT: undefined
COMMAND: POST /session/f773981d6b54d7f6084c0f44ff121803/execute/async - {"script":"<script> [776 bytes]","args":[{"enterText":"Romanian","selector":{"id":"application-managesites-display-component---NewSite--addressDetailDetailsLanguage","interaction":{"idSuffix":"inner"}},"clearTextFirst":true,"interactionType":"ENTER_TEXT"}]}
RESULT: {"script":"<script> [776 bytes]","args":[{"enterText":"Romanian","selector":{"id":"application-managesites-display-component---NewSite--addressDetailDetailsLanguage","interaction":{"idSuffix":"inner"}},"clearTextFirst":true,"interactionType":"ENTER_TEXT"}]}
COMMAND: POST /session/f773981d6b54d7f6084c0f44ff121803/execute/async - {"script":"<script> [1562 bytes]","args":[{"selector":{"id":"application-managesites-display-component---NewSite--addressDetailDetailsCity1","interaction":{"idSuffix":"inner"}},"wdio_ui5_key":"applicationmanagesites-display-component---NewSite--addressDetailDetailsCity1"}]}
RESULT: {"script":"<script> [1562 bytes]","args":[{"selector":{"id":"application-managesites-display-component---NewSite--addressDetailDetailsCity1","interaction":{"idSuffix":"inner"}},"wdio_ui5_key":"applicationmanagesites-display-component---NewSite--addressDetailDetailsCity1"}]}
RESULT: undefined
COMMAND: POST /session/f773981d6b54d7f6084c0f44ff121803/execute/async - {"script":"<script> [776 bytes]","args":[{"enterText":"Bucharest","selector":{"id":"application-managesites-display-component---NewSite--addressDetailDetailsCity1","interaction":{"idSuffix":"inner"}},"clearTextFirst":true,"interactionType":"ENTER_TEXT"}]}
RESULT: {"script":"<script> [776 bytes]","args":[{"enterText":"Bucharest","selector":{"id":"application-managesites-display-component---NewSite--addressDetailDetailsCity1","interaction":{"idSuffix":"inner"}},"clearTextFirst":true,"interactionType":"ENTER_TEXT"}]}
COMMAND: POST /session/f773981d6b54d7f6084c0f44ff121803/execute/async - {"script":"<script> [1562 bytes]","args":[{"selector":{"id":"application-managesites-display-component---NewSite--addressDetailDetailsCountry","interaction":{"idSuffix":"inner"}},"wdio_ui5_key":"applicationmanagesites-display-component---NewSite--addressDetailDetailsCountry"}]}
RESULT: {"script":"<script> [1562 bytes]","args":[{"selector":{"id":"application-managesites-display-component---NewSite--addressDetailDetailsCountry","interaction":{"idSuffix":"inner"}},"wdio_ui5_key":"applicationmanagesites-display-component---NewSite--addressDetailDetailsCountry"}]}
RESULT: undefined
COMMAND: POST /session/f773981d6b54d7f6084c0f44ff121803/execute/async - {"script":"<script> [776 bytes]","args":[{"enterText":"Romania","selector":{"id":"application-managesites-display-component---NewSite--addressDetailDetailsCountry","interaction":{"idSuffix":"inner"}},"clearTextFirst":true,"interactionType":"ENTER_TEXT"}]}
RESULT: {"script":"<script> [776 bytes]","args":[{"enterText":"Romania","selector":{"id":"application-managesites-display-component---NewSite--addressDetailDetailsCountry","interaction":{"idSuffix":"inner"}},"clearTextFirst":true,"interactionType":"ENTER_TEXT"}]}
COMMAND: POST /session/f773981d6b54d7f6084c0f44ff121803/element - {"using":"css selector","value":"#application-managesites-display-component---NewSite--addressDetailDetailsCalendar-inner"}
RESULT: {"using":"css selector","value":"#application-managesites-display-component---NewSite--addressDetailDetailsCalendar-inner"}
COMMAND: POST /session/f773981d6b54d7f6084c0f44ff121803/element/f.91F10126D0D92D54C5836EF8FC19CACF.d.956AA7758E4EA234123821A7906B957F.e.1411/clear - {}
RESULT: {}
COMMAND: POST /session/f773981d6b54d7f6084c0f44ff121803/element/f.91F10126D0D92D54C5836EF8FC19CACF.d.956AA7758E4EA234123821A7906B957F.e.1411/value - {"text":"Germany"}
COMMAND: GET /session/f773981d6b54d7f6084c0f44ff121803/screenshot - {}
RESULT: {"text":"Germany"}
COMMAND: POST /session/f773981d6b54d7f6084c0f44ff121803/execute/async - {"script":"<script> [1562 bytes]","args":[{"selector":{"id":"application-managesites-display-component---NewSite--addressEditDetailsCostObjectCstType-arrow"},"wdio_ui5_key":"applicationmanagesites-display-component---NewSite--addressEditDetailsCostObjectCstType-arrow"}]}
COMMAND: GET /session/f773981d6b54d7f6084c0f44ff121803/screenshot - {}
RESULT: {}
RESULT: {"script":"<script> [1562 bytes]","args":[{"selector":{"id":"application-managesites-display-component---NewSite--addressEditDetailsCostObjectCstType-arrow"},"wdio_ui5_key":"applicationmanagesites-display-component---NewSite--addressEditDetailsCostObjectCstType-arrow"}]}
RESULT: undefined
COMMAND: POST /session/f773981d6b54d7f6084c0f44ff121803/element - {"using":"xpath","value":"//*[@id=\"application-managesites-display-component---NewSite--addressEditDetailsCostObjectCstType-arrow\"]"}
RESULT: {}
RESULT: {"using":"xpath","value":"//*[@id=\"application-managesites-display-component---NewSite--addressEditDetailsCostObjectCstType-arrow\"]"}
COMMAND: POST /session/f773981d6b54d7f6084c0f44ff121803/element/f.91F10126D0D92D54C5836EF8FC19CACF.d.956AA7758E4EA234123821A7906B957F.e.1611/click - {}
RESULT: {}
COMMAND: POST /session/f773981d6b54d7f6084c0f44ff121803/element - {"using":"xpath","value":"//span[contains(text(), \"Work Breakdown Structure\")]"}
COMMAND: GET /session/f773981d6b54d7f6084c0f44ff121803/screenshot - {}
RESULT: {"using":"xpath","value":"//span[contains(text(), \"Work Breakdown Structure\")]"}
COMMAND: POST /session/f773981d6b54d7f6084c0f44ff121803/element/f.91F10126D0D92D54C5836EF8FC19CACF.d.956AA7758E4EA234123821A7906B957F.e.1612/click - {}
RESULT: {}
RESULT: {}
COMMAND: GET /session/f773981d6b54d7f6084c0f44ff121803/screenshot - {}
RESULT: {}
COMMAND: POST /session/f773981d6b54d7f6084c0f44ff121803/execute/async - {"script":"<script> [1562 bytes]","args":[{"selector":{"id":"application-managesites-display-component---NewSite--addressNewCostObjectCstID-vhi"},"wdio_ui5_key":"applicationmanagesites-display-component---NewSite--addressNewCostObjectCstID-vhi"}]}
RESULT: {"script":"<script> [1562 bytes]","args":[{"selector":{"id":"application-managesites-display-component---NewSite--addressNewCostObjectCstID-vhi"},"wdio_ui5_key":"applicationmanagesites-display-component---NewSite--addressNewCostObjectCstID-vhi"}]}
RESULT: undefined
COMMAND: POST /session/f773981d6b54d7f6084c0f44ff121803/element - {"using":"xpath","value":"//*[@id=\"application-managesites-display-component---NewSite--addressNewCostObjectCstID-vhi\"]"}
RESULT: {"using":"xpath","value":"//*[@id=\"application-managesites-display-component---NewSite--addressNewCostObjectCstID-vhi\"]"}
COMMAND: POST /session/f773981d6b54d7f6084c0f44ff121803/element/f.91F10126D0D92D54C5836EF8FC19CACF.d.956AA7758E4EA234123821A7906B957F.e.1617/click - {}
RESULT: {}
COMMAND: GET /session/f773981d6b54d7f6084c0f44ff121803/screenshot - {}
RESULT: {}
COMMAND: POST /session/f773981d6b54d7f6084c0f44ff121803/execute/async - {"script":"<script> [1562 bytes]","args":[{"selector":{"controlType":"sap.m.SearchField","properties":{"placeholder":"Search"},"searchOpenDialogs":true,"interaction":{"idSuffix":"I"}},"wdio_ui5_key":"sapm.SearchField{\"placeholder\":\"Search\"}"}]}
RESULT: {"script":"<script> [1562 bytes]","args":[{"selector":{"controlType":"sap.m.SearchField","properties":{"placeholder":"Search"},"searchOpenDialogs":true,"interaction":{"idSuffix":"I"}},"wdio_ui5_key":"sapm.SearchField{\"placeholder\":\"Search\"}"}]}
RESULT: undefined
COMMAND: POST /session/f773981d6b54d7f6084c0f44ff121803/execute/async - {"script":"<script> [776 bytes]","args":[{"enterText":"A1-000100-01","selector":{"controlType":"sap.m.SearchField","properties":{"placeholder":"Search"},"searchOpenDialogs":true,"interaction":{"idSuffix":"I"}},"clearTextFirst":true,"interactionType":"ENTER_TEXT"}]}
RESULT: {"script":"<script> [776 bytes]","args":[{"enterText":"A1-000100-01","selector":{"controlType":"sap.m.SearchField","properties":{"placeholder":"Search"},"searchOpenDialogs":true,"interaction":{"idSuffix":"I"}},"clearTextFirst":true,"interactionType":"ENTER_TEXT"}]}
COMMAND: POST /session/f773981d6b54d7f6084c0f44ff121803/actions - {"actions":[{"id":"action3","type":"key","parameters":{},"actions":[{"type":"keyDown","value":""},{"type":"pause","duration":10},{"type":"keyUp","value":""}]}]}
RESULT: {"actions":[{"id":"action3","type":"key","parameters":{},"actions":[{"type":"keyDown","value":""},{"type":"pause","duration":10},{"type":"keyUp","value":""}]}]}
COMMAND: GET /session/f773981d6b54d7f6084c0f44ff121803/screenshot - {}
RESULT: {}
COMMAND: POST /session/f773981d6b54d7f6084c0f44ff121803/element - {"using":"xpath","value":"//span[contains(text(), \"Template for ETO-Process\")]"}
RESULT: {"using":"xpath","value":"//span[contains(text(), \"Template for ETO-Process\")]"}
COMMAND: POST /session/f773981d6b54d7f6084c0f44ff121803/element/f.91F10126D0D92D54C5836EF8FC19CACF.d.956AA7758E4EA234123821A7906B957F.e.1637/click - {}
RESULT: {}
COMMAND: GET /session/f773981d6b54d7f6084c0f44ff121803/screenshot - {}
RESULT: {}
COMMAND: POST /session/f773981d6b54d7f6084c0f44ff121803/element - {"using":"xpath","value":"//bdi[contains(text(), \"OK\")]"}
RESULT: {"using":"xpath","value":"//bdi[contains(text(), \"OK\")]"}
COMMAND: POST /session/f773981d6b54d7f6084c0f44ff121803/element/f.91F10126D0D92D54C5836EF8FC19CACF.d.956AA7758E4EA234123821A7906B957F.e.1638/click - {}
RESULT: {}
COMMAND: GET /session/f773981d6b54d7f6084c0f44ff121803/screenshot - {}
RESULT: {}
COMMAND: POST /session/f773981d6b54d7f6084c0f44ff121803/element - {"using":"xpath","value":"//input[@id=\"application-managesites-display-component---NewSite--addressDetailDetailsYard-inner\"]"}
RESULT: {"using":"xpath","value":"//input[@id=\"application-managesites-display-component---NewSite--addressDetailDetailsYard-inner\"]"}
COMMAND: POST /session/f773981d6b54d7f6084c0f44ff121803/element/f.91F10126D0D92D54C5836EF8FC19CACF.d.956AA7758E4EA234123821A7906B957F.e.1412/value - {"text":"WebdriverYard9801h"}
RESULT: {"text":"WebdriverYard9801h"}
COMMAND: GET /session/f773981d6b54d7f6084c0f44ff121803/screenshot - {}
RESULT: {}
COMMAND: POST /session/f773981d6b54d7f6084c0f44ff121803/actions - {"actions":[{"id":"action4","type":"key","parameters":{},"actions":[{"type":"keyDown","value":""},{"type":"pause","duration":10},{"type":"keyUp","value":""}]}]}
RESULT: {"actions":[{"id":"action4","type":"key","parameters":{},"actions":[{"type":"keyDown","value":""},{"type":"pause","duration":10},{"type":"keyUp","value":""}]}]}
COMMAND: GET /session/f773981d6b54d7f6084c0f44ff121803/screenshot - {}
RESULT: {}
COMMAND: POST /session/f773981d6b54d7f6084c0f44ff121803/element - {"using":"xpath","value":"//input[@id=\"application-managesites-display-component---NewSite--addressDetailDetailsPartner-inner\"]"}
RESULT: {"using":"xpath","value":"//input[@id=\"application-managesites-display-component---NewSite--addressDetailDetailsPartner-inner\"]"}
COMMAND: POST /session/f773981d6b54d7f6084c0f44ff121803/elements - {"using":"xpath","value":"//input[@id=\"application-managesites-display-component---NewSite--addressDetailDetailsPartner-inner\"]"}
RESULT: {"using":"xpath","value":"//input[@id=\"application-managesites-display-component---NewSite--addressDetailDetailsPartner-inner\"]"}
COMMAND: POST /session/f773981d6b54d7f6084c0f44ff121803/execute/async - {"script":"<script> [1562 bytes]","args":[{"selector":{"controlType":"sap.m.Button","viewName":"etm.portal.ui.managesites.view.NewSmartSite","viewId":"application-managesites-display-component---NewSite","properties":{"text":"Commercial"},"interaction":{"idSuffix":"BDI-content"}},"wdio_ui5_key":"etmportal.ui.managesites.view.NewSmartSitesap.m.Button{\"text\":\"Commercial\"}"}]}
RESULT: {"script":"<script> [1562 bytes]","args":[{"selector":{"controlType":"sap.m.Button","viewName":"etm.portal.ui.managesites.view.NewSmartSite","viewId":"application-managesites-display-component---NewSite","properties":{"text":"Commercial"},"interaction":{"idSuffix":"BDI-content"}},"wdio_ui5_key":"etmportal.ui.managesites.view.NewSmartSitesap.m.Button{\"text\":\"Commercial\"}"}]}
RESULT: undefined
COMMAND: POST /session/f773981d6b54d7f6084c0f44ff121803/element - {"using":"xpath","value":"//*[@id=\"application-managesites-display-component---NewSite--ObjectPageLayout-anchBar-__section5-anchor\"]"}
RESULT: {"using":"xpath","value":"//*[@id=\"application-managesites-display-component---NewSite--ObjectPageLayout-anchBar-__section5-anchor\"]"}
COMMAND: POST /session/f773981d6b54d7f6084c0f44ff121803/element/f.91F10126D0D92D54C5836EF8FC19CACF.d.956AA7758E4EA234123821A7906B957F.e.1645/click - {}
RESULT: {}
COMMAND: POST /session/f773981d6b54d7f6084c0f44ff121803/execute/async - {"script":"<script> [1562 bytes]","args":[{"selector":{"controlType":"sap.m.Button","viewName":"etm.portal.ui.managesites.view.NewSmartSite","viewId":"application-managesites-display-component---NewSite","i18NText":{"propertyName":"text","key":"save"},"interaction":{"idSuffix":"BDI-content"}},"wdio_ui5_key":"etmportal.ui.managesites.view.NewSmartSitesap.m.Button{\"propertyName\":\"text\",\"key\":\"save\"}"}]}
COMMAND: GET /session/f773981d6b54d7f6084c0f44ff121803/screenshot - {}
RESULT: {"script":"<script> [1562 bytes]","args":[{"selector":{"controlType":"sap.m.Button","viewName":"etm.portal.ui.managesites.view.NewSmartSite","viewId":"application-managesites-display-component---NewSite","i18NText":{"propertyName":"text","key":"save"},"interaction":{"idSuffix":"BDI-content"}},"wdio_ui5_key":"etmportal.ui.managesites.view.NewSmartSitesap.m.Button{\"propertyName\":\"text\",\"key\":\"save\"}"}]}
RESULT: undefined
COMMAND: POST /session/f773981d6b54d7f6084c0f44ff121803/element - {"using":"xpath","value":"//*[@id=\"__button16\"]"}
RESULT: {}
RESULT: {"using":"xpath","value":"//*[@id=\"__button16\"]"}
COMMAND: POST /session/f773981d6b54d7f6084c0f44ff121803/element/f.91F10126D0D92D54C5836EF8FC19CACF.d.956AA7758E4EA234123821A7906B957F.e.1588/click - {}
RESULT: {}
COMMAND: GET /session/f773981d6b54d7f6084c0f44ff121803/screenshot - {}
RESULT: {}
COMMAND: POST /session/f773981d6b54d7f6084c0f44ff121803/execute/async - {"script":"<script> [1562 bytes]","args":[{"selector":{"id":"application-managesites-display-component---detailSite--addressDetailDetailsYardText"},"wdio_ui5_key":"applicationmanagesites-display-component---detailSite--addressDetailDetailsYardText"}]}
RESULT: {"script":"<script> [1562 bytes]","args":[{"selector":{"id":"application-managesites-display-component---detailSite--addressDetailDetailsYardText"},"wdio_ui5_key":"applicationmanagesites-display-component---detailSite--addressDetailDetailsYardText"}]}
RESULT: undefined
COMMAND: POST /session/f773981d6b54d7f6084c0f44ff121803/element - {"using":"xpath","value":"//header/div/div[2]/div[2]/span"}
RESULT: {"using":"xpath","value":"//header/div/div[2]/div[2]/span"}
COMMAND: GET /session/f773981d6b54d7f6084c0f44ff121803/element/f.91F10126D0D92D54C5836EF8FC19CACF.d.956AA7758E4EA234123821A7906B957F.e.1845/text - {}
RESULT: {}
COMMAND: POST /session/f773981d6b54d7f6084c0f44ff121803/element - {"using":"xpath","value":"//header/div/div/div/div/div/div[2]/div/span"}
RESULT: {"using":"xpath","value":"//header/div/div/div/div/div/div[2]/div/span"}
COMMAND: GET /session/f773981d6b54d7f6084c0f44ff121803/element/f.91F10126D0D92D54C5836EF8FC19CACF.d.956AA7758E4EA234123821A7906B957F.e.1846/text - {}
RESULT: {}
COMMAND: POST /session/f773981d6b54d7f6084c0f44ff121803/element - {"using":"css selector","value":"#shell-header-logo"}
RESULT: {"using":"css selector","value":"#shell-header-logo"}
COMMAND: POST /session/f773981d6b54d7f6084c0f44ff121803/element/f.91F10126D0D92D54C5836EF8FC19CACF.d.956AA7758E4EA234123821A7906B957F.e.1189/click - {}
RESULT: {}
COMMAND: GET /session/f773981d6b54d7f6084c0f44ff121803/screenshot - {}
RESULT: {}
COMMAND: POST /session/f773981d6b54d7f6084c0f44ff121803/execute/async - {"script":"<script> [1562 bytes]","args":[{"selector":{"controlType":"sap.m.GenericTile","properties":{"header":"Manage Partners"}},"wdio_ui5_key":"sapm.GenericTile{\"header\":\"Manage Partners\"}"}]}
RESULT: {"script":"<script> [1562 bytes]","args":[{"selector":{"controlType":"sap.m.GenericTile","properties":{"header":"Manage Partners"}},"wdio_ui5_key":"sapm.GenericTile{\"header\":\"Manage Partners\"}"}]}
RESULT: undefined
COMMAND: POST /session/f773981d6b54d7f6084c0f44ff121803/element - {"using":"xpath","value":"//*[@id=\"__tile38\"]"}
RESULT: {"using":"xpath","value":"//*[@id=\"__tile38\"]"}
COMMAND: POST /session/f773981d6b54d7f6084c0f44ff121803/element/f.91F10126D0D92D54C5836EF8FC19CACF.d.956AA7758E4EA234123821A7906B957F.e.1848/click - {}
RESULT: {}
COMMAND: GET /session/f773981d6b54d7f6084c0f44ff121803/screenshot - {}
RESULT: {}
COMMAND: POST /session/f773981d6b54d7f6084c0f44ff121803/elements - {"using":"xpath","value":"//span[text()='Error']"}
RESULT: {"using":"xpath","value":"//span[text()='Error']"}
COMMAND: POST /session/f773981d6b54d7f6084c0f44ff121803/execute/async - {"script":"<script> [1562 bytes]","args":[{"selector":{"controlType":"sap.ui.core.Icon","viewName":"etm.portal.ui.managepartners.view.Master","viewId":"application-managepartners-display-component---masterPtm","properties":{"src":{"regex":{"source":"add"}}}},"wdio_ui5_key":"etmportal.ui.managepartners.view.Mastersap.ui.core.Icon{\"src\":{\"regex\":{\"source\":\"add\"}}}"}]}
RESULT: {"script":"<script> [1562 bytes]","args":[{"selector":{"controlType":"sap.ui.core.Icon","viewName":"etm.portal.ui.managepartners.view.Master","viewId":"application-managepartners-display-component---masterPtm","properties":{"src":{"regex":{"source":"add"}}}},"wdio_ui5_key":"etmportal.ui.managepartners.view.Mastersap.ui.core.Icon{\"src\":{\"regex\":{\"source\":\"add\"}}}"}]}
RESULT: undefined
COMMAND: POST /session/f773981d6b54d7f6084c0f44ff121803/element - {"using":"xpath","value":"//*[@id=\"__button60-img\"]"}
RESULT: {"using":"xpath","value":"//*[@id=\"__button60-img\"]"}
COMMAND: POST /session/f773981d6b54d7f6084c0f44ff121803/element/f.91F10126D0D92D54C5836EF8FC19CACF.d.956AA7758E4EA234123821A7906B957F.e.1897/click - {}
RESULT: {}
COMMAND: GET /session/f773981d6b54d7f6084c0f44ff121803/screenshot - {}
COMMAND: POST /session/f773981d6b54d7f6084c0f44ff121803/execute/async - {"script":"<script> [1562 bytes]","args":[{"selector":{"id":"application-managepartners-display-component---NewPartner--partnerId","interaction":{"idSuffix":"inner"}},"wdio_ui5_key":"applicationmanagepartners-display-component---NewPartner--partnerId"}]}
RESULT: {}
RESULT: {"script":"<script> [1562 bytes]","args":[{"selector":{"id":"application-managepartners-display-component---NewPartner--partnerId","interaction":{"idSuffix":"inner"}},"wdio_ui5_key":"applicationmanagepartners-display-component---NewPartner--partnerId"}]}
RESULT: undefined
COMMAND: POST /session/f773981d6b54d7f6084c0f44ff121803/execute/async - {"script":"<script> [1562 bytes]","args":[{"selector":{"id":"application-managepartners-display-component---NewPartner--addressDetailDetailsName1","interaction":{"idSuffix":"inner"}},"wdio_ui5_key":"applicationmanagepartners-display-component---NewPartner--addressDetailDetailsName1"}]}
RESULT: {"script":"<script> [1562 bytes]","args":[{"selector":{"id":"application-managepartners-display-component---NewPartner--addressDetailDetailsName1","interaction":{"idSuffix":"inner"}},"wdio_ui5_key":"applicationmanagepartners-display-component---NewPartner--addressDetailDetailsName1"}]}
RESULT: undefined
COMMAND: POST /session/f773981d6b54d7f6084c0f44ff121803/execute/async - {"script":"<script> [776 bytes]","args":[{"enterText":"WebdriverPartnerr2sfa","selector":{"id":"application-managepartners-display-component---NewPartner--addressDetailDetailsName1","interaction":{"idSuffix":"inner"}},"clearTextFirst":true,"interactionType":"ENTER_TEXT"}]}
RESULT: {"script":"<script> [776 bytes]","args":[{"enterText":"WebdriverPartnerr2sfa","selector":{"id":"application-managepartners-display-component---NewPartner--addressDetailDetailsName1","interaction":{"idSuffix":"inner"}},"clearTextFirst":true,"interactionType":"ENTER_TEXT"}]}
COMMAND: POST /session/f773981d6b54d7f6084c0f44ff121803/execute/async - {"script":"<script> [1562 bytes]","args":[{"selector":{"id":"application-managepartners-display-component---NewPartner--addressDetailDetailsLanguage","interaction":{"idSuffix":"inner"}},"wdio_ui5_key":"applicationmanagepartners-display-component---NewPartner--addressDetailDetailsLanguage"}]}
RESULT: {"script":"<script> [1562 bytes]","args":[{"selector":{"id":"application-managepartners-display-component---NewPartner--addressDetailDetailsLanguage","interaction":{"idSuffix":"inner"}},"wdio_ui5_key":"applicationmanagepartners-display-component---NewPartner--addressDetailDetailsLanguage"}]}
RESULT: undefined
COMMAND: POST /session/f773981d6b54d7f6084c0f44ff121803/execute/async - {"script":"<script> [776 bytes]","args":[{"enterText":"Romanian","selector":{"id":"application-managepartners-display-component---NewPartner--addressDetailDetailsLanguage","interaction":{"idSuffix":"inner"}},"clearTextFirst":true,"interactionType":"ENTER_TEXT"}]}
RESULT: {"script":"<script> [776 bytes]","args":[{"enterText":"Romanian","selector":{"id":"application-managepartners-display-component---NewPartner--addressDetailDetailsLanguage","interaction":{"idSuffix":"inner"}},"clearTextFirst":true,"interactionType":"ENTER_TEXT"}]}
COMMAND: POST /session/f773981d6b54d7f6084c0f44ff121803/element - {"using":"xpath","value":"//input[contains(@id ,\"application-managepartners-display-component---NewPartner--addressDetailDetailsName1-inner\")]"}
RESULT: {"using":"xpath","value":"//input[contains(@id ,\"application-managepartners-display-component---NewPartner--addressDetailDetailsName1-inner\")]"}
COMMAND: GET /session/f773981d6b54d7f6084c0f44ff121803/element/f.91F10126D0D92D54C5836EF8FC19CACF.d.956AA7758E4EA234123821A7906B957F.e.2137/property/value - {}
RESULT: {}
COMMAND: POST /session/f773981d6b54d7f6084c0f44ff121803/execute/async - {"script":"<script> [1562 bytes]","args":[{"selector":{"id":"application-managepartners-display-component---NewPartner--addressDetailDetailsCity1","interaction":{"idSuffix":"inner"}},"wdio_ui5_key":"applicationmanagepartners-display-component---NewPartner--addressDetailDetailsCity1"}]}
COMMAND: GET /session/f773981d6b54d7f6084c0f44ff121803/screenshot - {}
RESULT: {"script":"<script> [1562 bytes]","args":[{"selector":{"id":"application-managepartners-display-component---NewPartner--addressDetailDetailsCity1","interaction":{"idSuffix":"inner"}},"wdio_ui5_key":"applicationmanagepartners-display-component---NewPartner--addressDetailDetailsCity1"}]}
RESULT: undefined
COMMAND: POST /session/f773981d6b54d7f6084c0f44ff121803/execute/async - {"script":"<script> [776 bytes]","args":[{"enterText":"Bucharest","selector":{"id":"application-managepartners-display-component---NewPartner--addressDetailDetailsCity1","interaction":{"idSuffix":"inner"}},"clearTextFirst":true,"interactionType":"ENTER_TEXT"}]}
RESULT: {}
RESULT: {"script":"<script> [776 bytes]","args":[{"enterText":"Bucharest","selector":{"id":"application-managepartners-display-component---NewPartner--addressDetailDetailsCity1","interaction":{"idSuffix":"inner"}},"clearTextFirst":true,"interactionType":"ENTER_TEXT"}]}
COMMAND: POST /session/f773981d6b54d7f6084c0f44ff121803/execute/async - {"script":"<script> [1562 bytes]","args":[{"selector":{"id":"application-managepartners-display-component---NewPartner--addressDetailDetailsCountry","interaction":{"idSuffix":"inner"}},"wdio_ui5_key":"applicationmanagepartners-display-component---NewPartner--addressDetailDetailsCountry"}]}
RESULT: {"script":"<script> [1562 bytes]","args":[{"selector":{"id":"application-managepartners-display-component---NewPartner--addressDetailDetailsCountry","interaction":{"idSuffix":"inner"}},"wdio_ui5_key":"applicationmanagepartners-display-component---NewPartner--addressDetailDetailsCountry"}]}
RESULT: undefined
COMMAND: POST /session/f773981d6b54d7f6084c0f44ff121803/execute/async - {"script":"<script> [6424 bytes]","args":[{"element-6066-11e4-a52e-4f735466cecf":"f.91F10126D0D92D54C5836EF8FC19CACF.d.956AA7758E4EA234123821A7906B957F.e.2144"},"setValue",["Romania"]]}
RESULT: {"script":"<script> [6424 bytes]","args":[{"element-6066-11e4-a52e-4f735466cecf":"f.91F10126D0D92D54C5836EF8FC19CACF.d.956AA7758E4EA234123821A7906B957F.e.2144"},"setValue",["Romania"]]}
COMMAND: POST /session/f773981d6b54d7f6084c0f44ff121803/execute/async - {"script":"<script> [1562 bytes]","args":[{"selector":{"id":"application-managepartners-display-component---NewPartner--partnerDetailInternal","interaction":{"idSuffix":"inner"}},"wdio_ui5_key":"applicationmanagepartners-display-component---NewPartner--partnerDetailInternal"}]}
RESULT: {"script":"<script> [1562 bytes]","args":[{"selector":{"id":"application-managepartners-display-component---NewPartner--partnerDetailInternal","interaction":{"idSuffix":"inner"}},"wdio_ui5_key":"applicationmanagepartners-display-component---NewPartner--partnerDetailInternal"}]}
RESULT: undefined
COMMAND: POST /session/f773981d6b54d7f6084c0f44ff121803/execute/async - {"script":"<script> [776 bytes]","args":[{"enterText":"External partner","selector":{"id":"application-managepartners-display-component---NewPartner--partnerDetailInternal","interaction":{"idSuffix":"inner"}},"clearTextFirst":true,"interactionType":"ENTER_TEXT"}]}
RESULT: {"script":"<script> [776 bytes]","args":[{"enterText":"External partner","selector":{"id":"application-managepartners-display-component---NewPartner--partnerDetailInternal","interaction":{"idSuffix":"inner"}},"clearTextFirst":true,"interactionType":"ENTER_TEXT"}]}
COMMAND: POST /session/f773981d6b54d7f6084c0f44ff121803/execute/async - {"script":"<script> [1562 bytes]","args":[{"selector":{"id":"application-managepartners-display-component---NewPartner--partnerDetailsCurrency","interaction":{"idSuffix":"inner"}},"wdio_ui5_key":"applicationmanagepartners-display-component---NewPartner--partnerDetailsCurrency"}]}
RESULT: {"script":"<script> [1562 bytes]","args":[{"selector":{"id":"application-managepartners-display-component---NewPartner--partnerDetailsCurrency","interaction":{"idSuffix":"inner"}},"wdio_ui5_key":"applicationmanagepartners-display-component---NewPartner--partnerDetailsCurrency"}]}
RESULT: undefined
COMMAND: POST /session/f773981d6b54d7f6084c0f44ff121803/execute/async - {"script":"<script> [776 bytes]","args":[{"enterText":"Euro","selector":{"id":"application-managepartners-display-component---NewPartner--partnerDetailsCurrency","interaction":{"idSuffix":"inner"}},"clearTextFirst":true,"interactionType":"ENTER_TEXT"}]}
RESULT: {"script":"<script> [776 bytes]","args":[{"enterText":"Euro","selector":{"id":"application-managepartners-display-component---NewPartner--partnerDetailsCurrency","interaction":{"idSuffix":"inner"}},"clearTextFirst":true,"interactionType":"ENTER_TEXT"}]}
COMMAND: POST /session/f773981d6b54d7f6084c0f44ff121803/execute/async - {"script":"<script> [1562 bytes]","args":[{"selector":{"controlType":"sap.m.Button","viewName":"etm.portal.ui.managepartners.view.NewPartner","viewId":"application-managepartners-display-component---NewPartner","properties":{"text":"Commercial"},"interaction":{"idSuffix":"BDI-content"}},"wdio_ui5_key":"etmportal.ui.managepartners.view.NewPartnersap.m.Button{\"text\":\"Commercial\"}"}]}
RESULT: {"script":"<script> [1562 bytes]","args":[{"selector":{"controlType":"sap.m.Button","viewName":"etm.portal.ui.managepartners.view.NewPartner","viewId":"application-managepartners-display-component---NewPartner","properties":{"text":"Commercial"},"interaction":{"idSuffix":"BDI-content"}},"wdio_ui5_key":"etmportal.ui.managepartners.view.NewPartnersap.m.Button{\"text\":\"Commercial\"}"}]}
RESULT: undefined
COMMAND: POST /session/f773981d6b54d7f6084c0f44ff121803/element - {"using":"xpath","value":"//*[@id=\"application-managepartners-display-component---NewPartner--ObjectPageLayout-anchBar-__section29-anchor\"]"}
RESULT: {"using":"xpath","value":"//*[@id=\"application-managepartners-display-component---NewPartner--ObjectPageLayout-anchBar-__section29-anchor\"]"}
COMMAND: POST /session/f773981d6b54d7f6084c0f44ff121803/element/f.91F10126D0D92D54C5836EF8FC19CACF.d.956AA7758E4EA234123821A7906B957F.e.2298/click - {}
RESULT: {}
COMMAND: GET /session/f773981d6b54d7f6084c0f44ff121803/screenshot - {}
RESULT: {}
COMMAND: POST /session/f773981d6b54d7f6084c0f44ff121803/execute/async - {"script":"<script> [1562 bytes]","args":[{"selector":{"id":"application-managepartners-display-component---NewPartner--btnAddTableRow-img"},"wdio_ui5_key":"applicationmanagepartners-display-component---NewPartner--btnAddTableRow-img"}]}
RESULT: {"script":"<script> [1562 bytes]","args":[{"selector":{"id":"application-managepartners-display-component---NewPartner--btnAddTableRow-img"},"wdio_ui5_key":"applicationmanagepartners-display-component---NewPartner--btnAddTableRow-img"}]}
RESULT: undefined
COMMAND: POST /session/f773981d6b54d7f6084c0f44ff121803/element - {"using":"xpath","value":"//*[@id=\"application-managepartners-display-component---NewPartner--btnAddTableRow-img\"]"}
RESULT: {"using":"xpath","value":"//*[@id=\"application-managepartners-display-component---NewPartner--btnAddTableRow-img\"]"}
COMMAND: POST /session/f773981d6b54d7f6084c0f44ff121803/element/f.91F10126D0D92D54C5836EF8FC19CACF.d.956AA7758E4EA234123821A7906B957F.e.2304/click - {}
RESULT: {}
COMMAND: POST /session/f773981d6b54d7f6084c0f44ff121803/element - {"using":"xpath","value":"//input[contains(@id ,\"application-managepartners-display-component---NewPartner--assignmentYard-application-managepartners-display-component---NewPartner\")]"}
COMMAND: GET /session/f773981d6b54d7f6084c0f44ff121803/screenshot - {}
RESULT: {"using":"xpath","value":"//input[contains(@id ,\"application-managepartners-display-component---NewPartner--assignmentYard-application-managepartners-display-component---NewPartner\")]"}
COMMAND: POST /session/f773981d6b54d7f6084c0f44ff121803/element/f.91F10126D0D92D54C5836EF8FC19CACF.d.956AA7758E4EA234123821A7906B957F.e.2307/clear - {}
RESULT: {}
RESULT: {}
COMMAND: POST /session/f773981d6b54d7f6084c0f44ff121803/element/f.91F10126D0D92D54C5836EF8FC19CACF.d.956AA7758E4EA234123821A7906B957F.e.2307/value - {"text":"WebdriverYard9801h"}
COMMAND: GET /session/f773981d6b54d7f6084c0f44ff121803/screenshot - {}
RESULT: {"text":"WebdriverYard9801h"}
COMMAND: GET /session/f773981d6b54d7f6084c0f44ff121803/screenshot - {}
RESULT: {}
RESULT: {}
COMMAND: POST /session/f773981d6b54d7f6084c0f44ff121803/execute/async - {"script":"<script> [1562 bytes]","args":[{"selector":{"controlType":"sap.m.Button","viewName":"etm.portal.ui.managepartners.view.NewPartner","viewId":"application-managepartners-display-component---NewPartner","i18NText":{"propertyName":"text","key":"save"},"interaction":{"idSuffix":"BDI-content"}},"wdio_ui5_key":"etmportal.ui.managepartners.view.NewPartnersap.m.Button{\"propertyName\":\"text\",\"key\":\"save\"}"}]}
RESULT: {"script":"<script> [1562 bytes]","args":[{"selector":{"controlType":"sap.m.Button","viewName":"etm.portal.ui.managepartners.view.NewPartner","viewId":"application-managepartners-display-component---NewPartner","i18NText":{"propertyName":"text","key":"save"},"interaction":{"idSuffix":"BDI-content"}},"wdio_ui5_key":"etmportal.ui.managepartners.view.NewPartnersap.m.Button{\"propertyName\":\"text\",\"key\":\"save\"}"}]}
RESULT: undefined
COMMAND: POST /session/f773981d6b54d7f6084c0f44ff121803/element - {"using":"xpath","value":"//*[@id=\"__button68\"]"}
RESULT: {"using":"xpath","value":"//*[@id=\"__button68\"]"}
COMMAND: POST /session/f773981d6b54d7f6084c0f44ff121803/element/f.91F10126D0D92D54C5836EF8FC19CACF.d.956AA7758E4EA234123821A7906B957F.e.2272/click - {}
RESULT: {}
COMMAND: GET /session/f773981d6b54d7f6084c0f44ff121803/screenshot - {}
RESULT: {}
COMMAND: POST /session/f773981d6b54d7f6084c0f44ff121803/element - {"using":"xpath","value":"//header/div/div[2]/div[2]/span"}
RESULT: {"using":"xpath","value":"//header/div/div[2]/div[2]/span"}
COMMAND: GET /session/f773981d6b54d7f6084c0f44ff121803/element/f.91F10126D0D92D54C5836EF8FC19CACF.d.956AA7758E4EA234123821A7906B957F.e.2470/text - {}
RESULT: {}
COMMAND: POST /session/f773981d6b54d7f6084c0f44ff121803/element - {"using":"xpath","value":"//header/div/div/div/div/div/div[2]/div/span"}
RESULT: {"using":"xpath","value":"//header/div/div/div/div/div/div[2]/div/span"}
COMMAND: GET /session/f773981d6b54d7f6084c0f44ff121803/element/f.91F10126D0D92D54C5836EF8FC19CACF.d.956AA7758E4EA234123821A7906B957F.e.2471/text - {}
RESULT: {}
COMMAND: POST /session/f773981d6b54d7f6084c0f44ff121803/execute/async - {"script":"<script> [1562 bytes]","args":[{"selector":{"id":"application-managepartners-display-component---detailPtm--partnerType"},"wdio_ui5_key":"applicationmanagepartners-display-component---detailPtm--partnerType"}]}
RESULT: {"script":"<script> [1562 bytes]","args":[{"selector":{"id":"application-managepartners-display-component---detailPtm--partnerType"},"wdio_ui5_key":"applicationmanagepartners-display-component---detailPtm--partnerType"}]}
RESULT: undefined
COMMAND: POST /session/f773981d6b54d7f6084c0f44ff121803/execute/async - {"script":"<script> [6424 bytes]","args":[{"element-6066-11e4-a52e-4f735466cecf":"f.91F10126D0D92D54C5836EF8FC19CACF.d.956AA7758E4EA234123821A7906B957F.e.2472"},"getText",[]]}
RESULT: {"script":"<script> [6424 bytes]","args":[{"element-6066-11e4-a52e-4f735466cecf":"f.91F10126D0D92D54C5836EF8FC19CACF.d.956AA7758E4EA234123821A7906B957F.e.2472"},"getText",[]]}
COMMAND: POST /session/f773981d6b54d7f6084c0f44ff121803/element - {"using":"css selector","value":"#shell-header-logo"}
RESULT: {"using":"css selector","value":"#shell-header-logo"}
COMMAND: POST /session/f773981d6b54d7f6084c0f44ff121803/element/f.91F10126D0D92D54C5836EF8FC19CACF.d.956AA7758E4EA234123821A7906B957F.e.1851/click - {}
RESULT: {}
COMMAND: GET /session/f773981d6b54d7f6084c0f44ff121803/screenshot - {}
RESULT: {}
]]></system-out>
    </testcase>
    <testcase classname="chrome.136_0_7103_93.windows.Webshop_-_Hyperlinks_visible_and_working_properly__US139085" name="Should create a new contract" time="101.628">
      <system-out><![CDATA[
COMMAND: POST /session/f773981d6b54d7f6084c0f44ff121803/execute/async - {"script":"<script> [1562 bytes]","args":[{"selector":{"controlType":"sap.m.GenericTile","properties":{"header":"Manage Contracts"}},"wdio_ui5_key":"sapm.GenericTile{\"header\":\"Manage Contracts\"}"}]}
RESULT: {"script":"<script> [1562 bytes]","args":[{"selector":{"controlType":"sap.m.GenericTile","properties":{"header":"Manage Contracts"}},"wdio_ui5_key":"sapm.GenericTile{\"header\":\"Manage Contracts\"}"}]}
RESULT: undefined
COMMAND: POST /session/f773981d6b54d7f6084c0f44ff121803/element - {"using":"xpath","value":"//*[@id=\"__tile130\"]"}
RESULT: {"using":"xpath","value":"//*[@id=\"__tile130\"]"}
COMMAND: POST /session/f773981d6b54d7f6084c0f44ff121803/element/f.91F10126D0D92D54C5836EF8FC19CACF.d.956AA7758E4EA234123821A7906B957F.e.2474/click - {}
RESULT: {}
COMMAND: GET /session/f773981d6b54d7f6084c0f44ff121803/screenshot - {}
RESULT: {}
COMMAND: POST /session/f773981d6b54d7f6084c0f44ff121803/elements - {"using":"xpath","value":"//span[text()='Error']"}
RESULT: {"using":"xpath","value":"//span[text()='Error']"}
COMMAND: POST /session/f773981d6b54d7f6084c0f44ff121803/element - {"using":"xpath","value":"//button[@data-kt=\"addButton\"]"}
RESULT: {"using":"xpath","value":"//button[@data-kt=\"addButton\"]"}
COMMAND: POST /session/f773981d6b54d7f6084c0f44ff121803/element/f.91F10126D0D92D54C5836EF8FC19CACF.d.956AA7758E4EA234123821A7906B957F.e.2526/click - {}
RESULT: {}
COMMAND: GET /session/f773981d6b54d7f6084c0f44ff121803/screenshot - {}
RESULT: {}
COMMAND: POST /session/f773981d6b54d7f6084c0f44ff121803/execute/async - {"script":"<script> [1562 bytes]","args":[{"selector":{"id":"application-managecontracts-display-component---AddNewContract--projectDescription","interaction":{"idSuffix":"inner"}},"wdio_ui5_key":"applicationmanagecontracts-display-component---AddNewContract--projectDescription"}]}
RESULT: {"script":"<script> [1562 bytes]","args":[{"selector":{"id":"application-managecontracts-display-component---AddNewContract--projectDescription","interaction":{"idSuffix":"inner"}},"wdio_ui5_key":"applicationmanagecontracts-display-component---AddNewContract--projectDescription"}]}
RESULT: undefined
COMMAND: POST /session/f773981d6b54d7f6084c0f44ff121803/execute/async - {"script":"<script> [776 bytes]","args":[{"enterText":"WdIOR2cs7nyg","selector":{"id":"application-managecontracts-display-component---AddNewContract--projectDescription","interaction":{"idSuffix":"inner"}},"clearTextFirst":true,"interactionType":"ENTER_TEXT"}]}
RESULT: {"script":"<script> [776 bytes]","args":[{"enterText":"WdIOR2cs7nyg","selector":{"id":"application-managecontracts-display-component---AddNewContract--projectDescription","interaction":{"idSuffix":"inner"}},"clearTextFirst":true,"interactionType":"ENTER_TEXT"}]}
COMMAND: POST /session/f773981d6b54d7f6084c0f44ff121803/element - {"using":"xpath","value":"//input[@id=\"application-managecontracts-display-component---AddNewContract--yardId-inner\"]"}
RESULT: {"using":"xpath","value":"//input[@id=\"application-managecontracts-display-component---AddNewContract--yardId-inner\"]"}
COMMAND: POST /session/f773981d6b54d7f6084c0f44ff121803/element/f.91F10126D0D92D54C5836EF8FC19CACF.d.956AA7758E4EA234123821A7906B957F.e.2788/clear - {}
RESULT: {}
COMMAND: POST /session/f773981d6b54d7f6084c0f44ff121803/element/f.91F10126D0D92D54C5836EF8FC19CACF.d.956AA7758E4EA234123821A7906B957F.e.2788/value - {"text":"WebdriverYard9801h"}
COMMAND: GET /session/f773981d6b54d7f6084c0f44ff121803/screenshot - {}
RESULT: {"text":"WebdriverYard9801h"}
COMMAND: GET /session/f773981d6b54d7f6084c0f44ff121803/screenshot - {}
RESULT: {}
RESULT: {}
COMMAND: POST /session/f773981d6b54d7f6084c0f44ff121803/actions - {"actions":[{"id":"action5","type":"key","parameters":{},"actions":[{"type":"keyDown","value":""},{"type":"pause","duration":10},{"type":"keyUp","value":""}]}]}
RESULT: {"actions":[{"id":"action5","type":"key","parameters":{},"actions":[{"type":"keyDown","value":""},{"type":"pause","duration":10},{"type":"keyUp","value":""}]}]}
COMMAND: GET /session/f773981d6b54d7f6084c0f44ff121803/screenshot - {}
RESULT: {}
COMMAND: POST /session/f773981d6b54d7f6084c0f44ff121803/element - {"using":"xpath","value":"//input[@id=\"application-managecontracts-display-component---AddNewContract--customerSelect-inner\"]"}
RESULT: {"using":"xpath","value":"//input[@id=\"application-managecontracts-display-component---AddNewContract--customerSelect-inner\"]"}
COMMAND: POST /session/f773981d6b54d7f6084c0f44ff121803/element/f.91F10126D0D92D54C5836EF8FC19CACF.d.956AA7758E4EA234123821A7906B957F.e.2786/clear - {}
RESULT: {}
COMMAND: POST /session/f773981d6b54d7f6084c0f44ff121803/element/f.91F10126D0D92D54C5836EF8FC19CACF.d.956AA7758E4EA234123821A7906B957F.e.2786/value - {"text":"WebdriverPartnerr2sfa"}
COMMAND: GET /session/f773981d6b54d7f6084c0f44ff121803/screenshot - {}
RESULT: {"text":"WebdriverPartnerr2sfa"}
COMMAND: GET /session/f773981d6b54d7f6084c0f44ff121803/screenshot - {}
RESULT: {}
RESULT: {}
COMMAND: POST /session/f773981d6b54d7f6084c0f44ff121803/actions - {"actions":[{"id":"action6","type":"key","parameters":{},"actions":[{"type":"keyDown","value":""},{"type":"pause","duration":10},{"type":"keyUp","value":""}]}]}
RESULT: {"actions":[{"id":"action6","type":"key","parameters":{},"actions":[{"type":"keyDown","value":""},{"type":"pause","duration":10},{"type":"keyUp","value":""}]}]}
COMMAND: GET /session/f773981d6b54d7f6084c0f44ff121803/screenshot - {}
RESULT: {}
COMMAND: POST /session/f773981d6b54d7f6084c0f44ff121803/element - {"using":"xpath","value":"//input[@id=\"application-managecontracts-display-component---AddNewContract--site-inner\"]"}
RESULT: {"using":"xpath","value":"//input[@id=\"application-managecontracts-display-component---AddNewContract--site-inner\"]"}
COMMAND: POST /session/f773981d6b54d7f6084c0f44ff121803/element/f.91F10126D0D92D54C5836EF8FC19CACF.d.956AA7758E4EA234123821A7906B957F.e.2787/clear - {}
RESULT: {}
COMMAND: POST /session/f773981d6b54d7f6084c0f44ff121803/element/f.91F10126D0D92D54C5836EF8FC19CACF.d.956AA7758E4EA234123821A7906B957F.e.2787/value - {"text":"WebdriverSite0w0w3"}
COMMAND: GET /session/f773981d6b54d7f6084c0f44ff121803/screenshot - {}
RESULT: {"text":"WebdriverSite0w0w3"}
COMMAND: GET /session/f773981d6b54d7f6084c0f44ff121803/screenshot - {}
RESULT: {}
RESULT: {}
COMMAND: POST /session/f773981d6b54d7f6084c0f44ff121803/actions - {"actions":[{"id":"action7","type":"key","parameters":{},"actions":[{"type":"keyDown","value":""},{"type":"pause","duration":10},{"type":"keyUp","value":""}]}]}
RESULT: {"actions":[{"id":"action7","type":"key","parameters":{},"actions":[{"type":"keyDown","value":""},{"type":"pause","duration":10},{"type":"keyUp","value":""}]}]}
COMMAND: GET /session/f773981d6b54d7f6084c0f44ff121803/screenshot - {}
RESULT: {}
COMMAND: POST /session/f773981d6b54d7f6084c0f44ff121803/element - {"using":"xpath","value":"//button[@data-kt=\"saveButton\"]"}
RESULT: {"using":"xpath","value":"//button[@data-kt=\"saveButton\"]"}
COMMAND: POST /session/f773981d6b54d7f6084c0f44ff121803/element/f.91F10126D0D92D54C5836EF8FC19CACF.d.956AA7758E4EA234123821A7906B957F.e.2864/click - {}
RESULT: {}
COMMAND: GET /session/f773981d6b54d7f6084c0f44ff121803/screenshot - {}
RESULT: {}
COMMAND: POST /session/f773981d6b54d7f6084c0f44ff121803/execute/async - {"script":"<script> [1562 bytes]","args":[{"selector":{"id":"contractDetailTitleNoExpanded","viewName":"etm.portal.ui.managecontracts.view.Detail"},"wdio_ui5_key":"contractDetailTitleNoExpandedetmportal.ui.managecontracts.view.Detail"}]}
RESULT: {"script":"<script> [1562 bytes]","args":[{"selector":{"id":"contractDetailTitleNoExpanded","viewName":"etm.portal.ui.managecontracts.view.Detail"},"wdio_ui5_key":"contractDetailTitleNoExpandedetmportal.ui.managecontracts.view.Detail"}]}
RESULT: undefined
COMMAND: POST /session/f773981d6b54d7f6084c0f44ff121803/execute/async - {"script":"<script> [6424 bytes]","args":[{"element-6066-11e4-a52e-4f735466cecf":"f.91F10126D0D92D54C5836EF8FC19CACF.d.956AA7758E4EA234123821A7906B957F.e.2944"},"getText",[]]}
RESULT: {"script":"<script> [6424 bytes]","args":[{"element-6066-11e4-a52e-4f735466cecf":"f.91F10126D0D92D54C5836EF8FC19CACF.d.956AA7758E4EA234123821A7906B957F.e.2944"},"getText",[]]}
COMMAND: POST /session/f773981d6b54d7f6084c0f44ff121803/element - {"using":"css selector","value":"#shell-header-logo"}
RESULT: {"using":"css selector","value":"#shell-header-logo"}
COMMAND: POST /session/f773981d6b54d7f6084c0f44ff121803/element/f.91F10126D0D92D54C5836EF8FC19CACF.d.956AA7758E4EA234123821A7906B957F.e.2477/click - {}
RESULT: {}
COMMAND: GET /session/f773981d6b54d7f6084c0f44ff121803/screenshot - {}
RESULT: {}
]]></system-out>
    </testcase>
    <testcase classname="chrome.136_0_7103_93.windows.Webshop_-_Hyperlinks_visible_and_working_properly__US139085" name="Should create a new webshop request and verify yard hyperlinks" time="235.83">
      <system-out><![CDATA[
COMMAND: POST /session/f773981d6b54d7f6084c0f44ff121803/execute/async - {"script":"<script> [1562 bytes]","args":[{"selector":{"controlType":"sap.m.GenericTile","properties":{"header":"Webshop"}},"wdio_ui5_key":"sapm.GenericTile{\"header\":\"Webshop\"}"}]}
RESULT: {"script":"<script> [1562 bytes]","args":[{"selector":{"controlType":"sap.m.GenericTile","properties":{"header":"Webshop"}},"wdio_ui5_key":"sapm.GenericTile{\"header\":\"Webshop\"}"}]}
RESULT: undefined
COMMAND: POST /session/f773981d6b54d7f6084c0f44ff121803/element - {"using":"xpath","value":"//*[@id=\"__tile49\"]"}
RESULT: {"using":"xpath","value":"//*[@id=\"__tile49\"]"}
COMMAND: POST /session/f773981d6b54d7f6084c0f44ff121803/element/f.91F10126D0D92D54C5836EF8FC19CACF.d.956AA7758E4EA234123821A7906B957F.e.2947/click - {}
RESULT: {}
COMMAND: GET /session/f773981d6b54d7f6084c0f44ff121803/screenshot - {}
RESULT: {}
COMMAND: POST /session/f773981d6b54d7f6084c0f44ff121803/elements - {"using":"xpath","value":"//span[text()='Error']"}
RESULT: {"using":"xpath","value":"//span[text()='Error']"}
COMMAND: POST /session/f773981d6b54d7f6084c0f44ff121803/element - {"using":"css selector","value":"#requestCreationDialog--createRequestPopUp-title-inner"}
RESULT: {"using":"css selector","value":"#requestCreationDialog--createRequestPopUp-title-inner"}
COMMAND: POST /session/f773981d6b54d7f6084c0f44ff121803/execute/sync - {"script":"<script> [8489 bytes]","args":[{"element-6066-11e4-a52e-4f735466cecf":"f.91F10126D0D92D54C5836EF8FC19CACF.d.956AA7758E4EA234123821A7906B957F.e.2974","ELEMENT":"f.91F10126D0D92D54C5836EF8FC19CACF.d.956AA7758E4EA234123821A7906B957F.e.2974"}]}
RESULT: {"script":"<script> [8489 bytes]","args":[{"element-6066-11e4-a52e-4f735466cecf":"f.91F10126D0D92D54C5836EF8FC19CACF.d.956AA7758E4EA234123821A7906B957F.e.2974","ELEMENT":"f.91F10126D0D92D54C5836EF8FC19CACF.d.956AA7758E4EA234123821A7906B957F.e.2974"}]}
COMMAND: GET /session/f773981d6b54d7f6084c0f44ff121803/element/f.91F10126D0D92D54C5836EF8FC19CACF.d.956AA7758E4EA234123821A7906B957F.e.2974/enabled - {}
COMMAND: GET /session/f773981d6b54d7f6084c0f44ff121803/screenshot - {}
RESULT: {}
COMMAND: POST /session/f773981d6b54d7f6084c0f44ff121803/execute/async - {"script":"<script> [1562 bytes]","args":[{"selector":{"id":"requestCreationDialog--requestName","searchOpenDialogs":true,"interaction":{"idSuffix":"inner"}},"wdio_ui5_key":"requestCreationDialogrequestName"}]}
COMMAND: GET /session/f773981d6b54d7f6084c0f44ff121803/screenshot - {}
RESULT: {}
RESULT: {"script":"<script> [1562 bytes]","args":[{"selector":{"id":"requestCreationDialog--requestName","searchOpenDialogs":true,"interaction":{"idSuffix":"inner"}},"wdio_ui5_key":"requestCreationDialogrequestName"}]}
RESULT: undefined
COMMAND: POST /session/f773981d6b54d7f6084c0f44ff121803/execute/async - {"script":"<script> [776 bytes]","args":[{"enterText":"WebdriverTest","selector":{"id":"requestCreationDialog--requestName","searchOpenDialogs":true,"interaction":{"idSuffix":"inner"}},"clearTextFirst":true,"interactionType":"ENTER_TEXT"}]}
RESULT: {}
RESULT: {"script":"<script> [776 bytes]","args":[{"enterText":"WebdriverTest","selector":{"id":"requestCreationDialog--requestName","searchOpenDialogs":true,"interaction":{"idSuffix":"inner"}},"clearTextFirst":true,"interactionType":"ENTER_TEXT"}]}
COMMAND: POST /session/f773981d6b54d7f6084c0f44ff121803/element - {"using":"xpath","value":"//input[contains(@id ,\"requestCreationDialog--contract-inner\")]"}
RESULT: {"using":"xpath","value":"//input[contains(@id ,\"requestCreationDialog--contract-inner\")]"}
COMMAND: POST /session/f773981d6b54d7f6084c0f44ff121803/element/f.91F10126D0D92D54C5836EF8FC19CACF.d.956AA7758E4EA234123821A7906B957F.e.2960/clear - {}
RESULT: {}
COMMAND: POST /session/f773981d6b54d7f6084c0f44ff121803/element/f.91F10126D0D92D54C5836EF8FC19CACF.d.956AA7758E4EA234123821A7906B957F.e.2960/value - {"text":"10182"}
COMMAND: GET /session/f773981d6b54d7f6084c0f44ff121803/screenshot - {}
RESULT: {"text":"10182"}
COMMAND: GET /session/f773981d6b54d7f6084c0f44ff121803/screenshot - {}
COMMAND: POST /session/f773981d6b54d7f6084c0f44ff121803/actions - {"actions":[{"id":"action8","type":"key","parameters":{},"actions":[{"type":"keyDown","value":""},{"type":"pause","duration":10},{"type":"keyUp","value":""}]}]}
RESULT: {}
RESULT: {}
RESULT: {"actions":[{"id":"action8","type":"key","parameters":{},"actions":[{"type":"keyDown","value":""},{"type":"pause","duration":10},{"type":"keyUp","value":""}]}]}
COMMAND: GET /session/f773981d6b54d7f6084c0f44ff121803/screenshot - {}
RESULT: {}
COMMAND: POST /session/f773981d6b54d7f6084c0f44ff121803/element - {"using":"xpath","value":"//input[contains(@id ,\"requestCreationDialog--contract-inner\")]"}
RESULT: {"using":"xpath","value":"//input[contains(@id ,\"requestCreationDialog--contract-inner\")]"}
COMMAND: GET /session/f773981d6b54d7f6084c0f44ff121803/element/f.91F10126D0D92D54C5836EF8FC19CACF.d.956AA7758E4EA234123821A7906B957F.e.2960/property/value - {}
RESULT: {}
COMMAND: POST /session/f773981d6b54d7f6084c0f44ff121803/element - {"using":"xpath","value":"//input[contains(@id ,\"requestCreationDialog--contract-inner\")]"}
COMMAND: GET /session/f773981d6b54d7f6084c0f44ff121803/screenshot - {}
RESULT: {"using":"xpath","value":"//input[contains(@id ,\"requestCreationDialog--contract-inner\")]"}
COMMAND: POST /session/f773981d6b54d7f6084c0f44ff121803/execute/async - {"script":"<script> [1562 bytes]","args":[{"selector":{"id":"requestCreationDialog--okButton","searchOpenDialogs":true,"interaction":{"idSuffix":"BDI-content"}},"wdio_ui5_key":"requestCreationDialogokButton"}]}
RESULT: {}
RESULT: {"script":"<script> [1562 bytes]","args":[{"selector":{"id":"requestCreationDialog--okButton","searchOpenDialogs":true,"interaction":{"idSuffix":"BDI-content"}},"wdio_ui5_key":"requestCreationDialogokButton"}]}
RESULT: undefined
COMMAND: POST /session/f773981d6b54d7f6084c0f44ff121803/element - {"using":"xpath","value":"//*[@id=\"requestCreationDialog--okButton\"]"}
RESULT: {"using":"xpath","value":"//*[@id=\"requestCreationDialog--okButton\"]"}
COMMAND: POST /session/f773981d6b54d7f6084c0f44ff121803/element/f.91F10126D0D92D54C5836EF8FC19CACF.d.956AA7758E4EA234123821A7906B957F.e.2984/click - {}
RESULT: {}
COMMAND: GET /session/f773981d6b54d7f6084c0f44ff121803/screenshot - {}
RESULT: {}
COMMAND: POST /session/f773981d6b54d7f6084c0f44ff121803/element - {"using":"xpath","value":"//input[contains(@id ,\"searchFiledId-I\")]"}
RESULT: {"using":"xpath","value":"//input[contains(@id ,\"searchFiledId-I\")]"}
COMMAND: POST /session/f773981d6b54d7f6084c0f44ff121803/element/f.91F10126D0D92D54C5836EF8FC19CACF.d.956AA7758E4EA234123821A7906B957F.e.2952/value - {"text":"Dri-Prime CD150M Diesel Pump"}
RESULT: {"text":"Dri-Prime CD150M Diesel Pump"}
COMMAND: POST /session/f773981d6b54d7f6084c0f44ff121803/actions - {"actions":[{"id":"action9","type":"key","parameters":{},"actions":[{"type":"keyDown","value":""},{"type":"pause","duration":10},{"type":"keyUp","value":""}]}]}
COMMAND: GET /session/f773981d6b54d7f6084c0f44ff121803/screenshot - {}
RESULT: {"actions":[{"id":"action9","type":"key","parameters":{},"actions":[{"type":"keyDown","value":""},{"type":"pause","duration":10},{"type":"keyUp","value":""}]}]}
COMMAND: GET /session/f773981d6b54d7f6084c0f44ff121803/screenshot - {}
RESULT: {}
RESULT: {}
COMMAND: POST /session/f773981d6b54d7f6084c0f44ff121803/element - {"using":"xpath","value":"//span[contains(@id ,\"subTitle\")][contains(text(), \"Dri-Prime CD150M Diesel Pump\")]"}
RESULT: {"using":"xpath","value":"//span[contains(@id ,\"subTitle\")][contains(text(), \"Dri-Prime CD150M Diesel Pump\")]"}
COMMAND: POST /session/f773981d6b54d7f6084c0f44ff121803/element/f.91F10126D0D92D54C5836EF8FC19CACF.d.956AA7758E4EA234123821A7906B957F.e.2992/click - {}
RESULT: {}
COMMAND: GET /session/f773981d6b54d7f6084c0f44ff121803/screenshot - {}
RESULT: {}
COMMAND: POST /session/f773981d6b54d7f6084c0f44ff121803/execute/async - {"script":"<script> [1562 bytes]","args":[{"selector":{"controlType":"sap.m.Button","viewName":"etm.portal.ui.webshop.view.Homepage","i18NText":{"propertyName":"text","key":"addToRequest"},"interaction":{"idSuffix":"BDI-content"}},"wdio_ui5_key":"etmportal.ui.webshop.view.Homepagesap.m.Button{\"propertyName\":\"text\",\"key\":\"addToRequest\"}"}]}
RESULT: {"script":"<script> [1562 bytes]","args":[{"selector":{"controlType":"sap.m.Button","viewName":"etm.portal.ui.webshop.view.Homepage","i18NText":{"propertyName":"text","key":"addToRequest"},"interaction":{"idSuffix":"BDI-content"}},"wdio_ui5_key":"etmportal.ui.webshop.view.Homepagesap.m.Button{\"propertyName\":\"text\",\"key\":\"addToRequest\"}"}]}
RESULT: undefined
COMMAND: POST /session/f773981d6b54d7f6084c0f44ff121803/element - {"using":"xpath","value":"//*[@id=\"__button134\"]"}
RESULT: {"using":"xpath","value":"//*[@id=\"__button134\"]"}
COMMAND: POST /session/f773981d6b54d7f6084c0f44ff121803/element/f.91F10126D0D92D54C5836EF8FC19CACF.d.956AA7758E4EA234123821A7906B957F.e.3006/click - {}
RESULT: {}
COMMAND: GET /session/f773981d6b54d7f6084c0f44ff121803/screenshot - {}
RESULT: {}
COMMAND: POST /session/f773981d6b54d7f6084c0f44ff121803/element - {"using":"xpath","value":"//*[contains(@id ,\"activeCartId-BDI-content\")]"}
RESULT: {"using":"xpath","value":"//*[contains(@id ,\"activeCartId-BDI-content\")]"}
COMMAND: POST /session/f773981d6b54d7f6084c0f44ff121803/element/f.91F10126D0D92D54C5836EF8FC19CACF.d.956AA7758E4EA234123821A7906B957F.e.3014/click - {}
RESULT: {}
COMMAND: GET /session/f773981d6b54d7f6084c0f44ff121803/screenshot - {}
RESULT: {}
COMMAND: POST /session/f773981d6b54d7f6084c0f44ff121803/element - {"using":"xpath","value":"//bdi[contains(text(), \"Check out my request\")]"}
RESULT: {"using":"xpath","value":"//bdi[contains(text(), \"Check out my request\")]"}
COMMAND: POST /session/f773981d6b54d7f6084c0f44ff121803/element/f.91F10126D0D92D54C5836EF8FC19CACF.d.956AA7758E4EA234123821A7906B957F.e.3016/click - {}
RESULT: {}
COMMAND: GET /session/f773981d6b54d7f6084c0f44ff121803/screenshot - {}
RESULT: {}
COMMAND: POST /session/f773981d6b54d7f6084c0f44ff121803/element - {"using":"xpath","value":"//*[contains(@data-kt ,\"webshopDetailYardLink\")]"}
RESULT: {"using":"xpath","value":"//*[contains(@data-kt ,\"webshopDetailYardLink\")]"}
COMMAND: POST /session/f773981d6b54d7f6084c0f44ff121803/element/f.91F10126D0D92D54C5836EF8FC19CACF.d.956AA7758E4EA234123821A7906B957F.e.3084/click - {}
RESULT: {}
COMMAND: POST /session/f773981d6b54d7f6084c0f44ff121803/element - {"using":"xpath","value":"//*[contains(@data-kt ,\"ContextMenuId2Link\")][contains(text(), \"Yard Overview\")]"}
COMMAND: GET /session/f773981d6b54d7f6084c0f44ff121803/screenshot - {}
RESULT: {"using":"xpath","value":"//*[contains(@data-kt ,\"ContextMenuId2Link\")][contains(text(), \"Yard Overview\")]"}
COMMAND: POST /session/f773981d6b54d7f6084c0f44ff121803/execute/sync - {"script":"<script> [8489 bytes]","args":[{"element-6066-11e4-a52e-4f735466cecf":"f.91F10126D0D92D54C5836EF8FC19CACF.d.956AA7758E4EA234123821A7906B957F.e.3087","ELEMENT":"f.91F10126D0D92D54C5836EF8FC19CACF.d.956AA7758E4EA234123821A7906B957F.e.3087"}]}
COMMAND: POST /session/f773981d6b54d7f6084c0f44ff121803/element - {"using":"xpath","value":"//*[contains(@data-kt ,\"ContextMenuId3Link\")][contains(text(), \"Yard Main Address\")]"}
RESULT: {}
RESULT: {"script":"<script> [8489 bytes]","args":[{"element-6066-11e4-a52e-4f735466cecf":"f.91F10126D0D92D54C5836EF8FC19CACF.d.956AA7758E4EA234123821A7906B957F.e.3087","ELEMENT":"f.91F10126D0D92D54C5836EF8FC19CACF.d.956AA7758E4EA234123821A7906B957F.e.3087"}]}
COMMAND: GET /session/f773981d6b54d7f6084c0f44ff121803/screenshot - {}
RESULT: {"using":"xpath","value":"//*[contains(@data-kt ,\"ContextMenuId3Link\")][contains(text(), \"Yard Main Address\")]"}
COMMAND: POST /session/f773981d6b54d7f6084c0f44ff121803/execute/sync - {"script":"<script> [8489 bytes]","args":[{"element-6066-11e4-a52e-4f735466cecf":"f.91F10126D0D92D54C5836EF8FC19CACF.d.956AA7758E4EA234123821A7906B957F.e.3088","ELEMENT":"f.91F10126D0D92D54C5836EF8FC19CACF.d.956AA7758E4EA234123821A7906B957F.e.3088"}]}
COMMAND: POST /session/f773981d6b54d7f6084c0f44ff121803/element - {"using":"xpath","value":"//*[contains(@data-kt ,\"ContextMenuId2Link\")][contains(text(), \"Yard Overview\")]"}
RESULT: {}
RESULT: {"script":"<script> [8489 bytes]","args":[{"element-6066-11e4-a52e-4f735466cecf":"f.91F10126D0D92D54C5836EF8FC19CACF.d.956AA7758E4EA234123821A7906B957F.e.3088","ELEMENT":"f.91F10126D0D92D54C5836EF8FC19CACF.d.956AA7758E4EA234123821A7906B957F.e.3088"}]}
COMMAND: GET /session/f773981d6b54d7f6084c0f44ff121803/screenshot - {}
RESULT: {"using":"xpath","value":"//*[contains(@data-kt ,\"ContextMenuId2Link\")][contains(text(), \"Yard Overview\")]"}
COMMAND: POST /session/f773981d6b54d7f6084c0f44ff121803/element/f.91F10126D0D92D54C5836EF8FC19CACF.d.956AA7758E4EA234123821A7906B957F.e.3087/click - {}
RESULT: {}
RESULT: {}
COMMAND: GET /session/f773981d6b54d7f6084c0f44ff121803/screenshot - {}
RESULT: {}
COMMAND: POST /session/f773981d6b54d7f6084c0f44ff121803/execute/async - {"script":"<script> [1562 bytes]","args":[{"selector":{"id":"shellAppTitle"},"wdio_ui5_key":"shellAppTitle"}]}
RESULT: {"script":"<script> [1562 bytes]","args":[{"selector":{"id":"shellAppTitle"},"wdio_ui5_key":"shellAppTitle"}]}
RESULT: undefined
COMMAND: POST /session/f773981d6b54d7f6084c0f44ff121803/execute/async - {"script":"<script> [6424 bytes]","args":[{"element-6066-11e4-a52e-4f735466cecf":"f.91F10126D0D92D54C5836EF8FC19CACF.d.956AA7758E4EA234123821A7906B957F.e.3210"},"getTitle",[]]}
RESULT: {"script":"<script> [6424 bytes]","args":[{"element-6066-11e4-a52e-4f735466cecf":"f.91F10126D0D92D54C5836EF8FC19CACF.d.956AA7758E4EA234123821A7906B957F.e.3210"},"getTitle",[]]}
COMMAND: POST /session/f773981d6b54d7f6084c0f44ff121803/element - {"using":"xpath","value":"//span[contains(@id ,\"title\")][contains(text(), \"WebdriverYard9801h\")]"}
RESULT: {"using":"xpath","value":"//span[contains(@id ,\"title\")][contains(text(), \"WebdriverYard9801h\")]"}
COMMAND: POST /session/f773981d6b54d7f6084c0f44ff121803/execute/sync - {"script":"<script> [8489 bytes]","args":[{"element-6066-11e4-a52e-4f735466cecf":"f.91F10126D0D92D54C5836EF8FC19CACF.d.956AA7758E4EA234123821A7906B957F.e.3212","ELEMENT":"f.91F10126D0D92D54C5836EF8FC19CACF.d.956AA7758E4EA234123821A7906B957F.e.3212"}]}
COMMAND: POST /session/f773981d6b54d7f6084c0f44ff121803/execute/async - {"script":"<script> [1562 bytes]","args":[{"selector":{"id":"backBtn"},"wdio_ui5_key":"backBtn"}]}
RESULT: {"script":"<script> [8489 bytes]","args":[{"element-6066-11e4-a52e-4f735466cecf":"f.91F10126D0D92D54C5836EF8FC19CACF.d.956AA7758E4EA234123821A7906B957F.e.3212","ELEMENT":"f.91F10126D0D92D54C5836EF8FC19CACF.d.956AA7758E4EA234123821A7906B957F.e.3212"}]}
COMMAND: GET /session/f773981d6b54d7f6084c0f44ff121803/screenshot - {}
RESULT: {"script":"<script> [1562 bytes]","args":[{"selector":{"id":"backBtn"},"wdio_ui5_key":"backBtn"}]}
RESULT: undefined
COMMAND: POST /session/f773981d6b54d7f6084c0f44ff121803/element - {"using":"xpath","value":"//*[@id=\"backBtn\"]"}
COMMAND: POST /session/f773981d6b54d7f6084c0f44ff121803/execute/sync - {"script":"<script> [8489 bytes]","args":[{"element-6066-11e4-a52e-4f735466cecf":"f.91F10126D0D92D54C5836EF8FC19CACF.d.956AA7758E4EA234123821A7906B957F.e.3212","ELEMENT":"f.91F10126D0D92D54C5836EF8FC19CACF.d.956AA7758E4EA234123821A7906B957F.e.3212"}]}
RESULT: {}
RESULT: {"using":"xpath","value":"//*[@id=\"backBtn\"]"}
COMMAND: POST /session/f773981d6b54d7f6084c0f44ff121803/element/f.91F10126D0D92D54C5836EF8FC19CACF.d.956AA7758E4EA234123821A7906B957F.e.3213/click - {}
RESULT: {"script":"<script> [8489 bytes]","args":[{"element-6066-11e4-a52e-4f735466cecf":"f.91F10126D0D92D54C5836EF8FC19CACF.d.956AA7758E4EA234123821A7906B957F.e.3212","ELEMENT":"f.91F10126D0D92D54C5836EF8FC19CACF.d.956AA7758E4EA234123821A7906B957F.e.3212"}]}
COMMAND: GET /session/f773981d6b54d7f6084c0f44ff121803/screenshot - {}
COMMAND: POST /session/f773981d6b54d7f6084c0f44ff121803/execute/sync - {"script":"<script> [8489 bytes]","args":[{"element-6066-11e4-a52e-4f735466cecf":"f.91F10126D0D92D54C5836EF8FC19CACF.d.956AA7758E4EA234123821A7906B957F.e.3212","ELEMENT":"f.91F10126D0D92D54C5836EF8FC19CACF.d.956AA7758E4EA234123821A7906B957F.e.3212"}]}
RESULT: {}
COMMAND: GET /session/f773981d6b54d7f6084c0f44ff121803/screenshot - {}
RESULT: {}
COMMAND: POST /session/f773981d6b54d7f6084c0f44ff121803/element - {"using":"xpath","value":"//span[contains(@id ,\"title\")][contains(text(), \"WebdriverYard9801h\")]"}
RESULT: {}
RESULT: {"using":"xpath","value":"//span[contains(@id ,\"title\")][contains(text(), \"WebdriverYard9801h\")]"}
COMMAND: POST /session/f773981d6b54d7f6084c0f44ff121803/element - {"using":"xpath","value":"//span[contains(@id ,\"title\")][contains(text(), \"WebdriverYard9801h\")]"}
RESULT: {"using":"xpath","value":"//span[contains(@id ,\"title\")][contains(text(), \"WebdriverYard9801h\")]"}
COMMAND: POST /session/f773981d6b54d7f6084c0f44ff121803/element - {"using":"xpath","value":"//span[contains(@id ,\"title\")][contains(text(), \"WebdriverYard9801h\")]"}
RESULT: {"using":"xpath","value":"//span[contains(@id ,\"title\")][contains(text(), \"WebdriverYard9801h\")]"}
COMMAND: POST /session/f773981d6b54d7f6084c0f44ff121803/element - {"using":"xpath","value":"//span[contains(@id ,\"title\")][contains(text(), \"WebdriverYard9801h\")]"}
RESULT: {"using":"xpath","value":"//span[contains(@id ,\"title\")][contains(text(), \"WebdriverYard9801h\")]"}
COMMAND: POST /session/f773981d6b54d7f6084c0f44ff121803/element - {"using":"xpath","value":"//span[contains(@id ,\"title\")][contains(text(), \"WebdriverYard9801h\")]"}
RESULT: {"using":"xpath","value":"//span[contains(@id ,\"title\")][contains(text(), \"WebdriverYard9801h\")]"}
COMMAND: POST /session/f773981d6b54d7f6084c0f44ff121803/element - {"using":"xpath","value":"//span[contains(@id ,\"title\")][contains(text(), \"WebdriverYard9801h\")]"}
RESULT: {"using":"xpath","value":"//span[contains(@id ,\"title\")][contains(text(), \"WebdriverYard9801h\")]"}
COMMAND: POST /session/f773981d6b54d7f6084c0f44ff121803/element - {"using":"xpath","value":"//*[contains(@data-kt ,\"webshopDetailYardLink\")]"}
RESULT: {"using":"xpath","value":"//*[contains(@data-kt ,\"webshopDetailYardLink\")]"}
COMMAND: POST /session/f773981d6b54d7f6084c0f44ff121803/execute/sync - {"script":"<script> [8489 bytes]","args":[{"element-6066-11e4-a52e-4f735466cecf":"f.91F10126D0D92D54C5836EF8FC19CACF.d.956AA7758E4EA234123821A7906B957F.e.3381","ELEMENT":"f.91F10126D0D92D54C5836EF8FC19CACF.d.956AA7758E4EA234123821A7906B957F.e.3381"}]}
RESULT: {"script":"<script> [8489 bytes]","args":[{"element-6066-11e4-a52e-4f735466cecf":"f.91F10126D0D92D54C5836EF8FC19CACF.d.956AA7758E4EA234123821A7906B957F.e.3381","ELEMENT":"f.91F10126D0D92D54C5836EF8FC19CACF.d.956AA7758E4EA234123821A7906B957F.e.3381"}]}
COMMAND: POST /session/f773981d6b54d7f6084c0f44ff121803/execute/sync - {"script":"<script> [5351 bytes]","args":[{"element-6066-11e4-a52e-4f735466cecf":"f.91F10126D0D92D54C5836EF8FC19CACF.d.956AA7758E4EA234123821A7906B957F.e.3381","ELEMENT":"f.91F10126D0D92D54C5836EF8FC19CACF.d.956AA7758E4EA234123821A7906B957F.e.3381"}]}
COMMAND: GET /session/f773981d6b54d7f6084c0f44ff121803/screenshot - {}
RESULT: {"script":"<script> [5351 bytes]","args":[{"element-6066-11e4-a52e-4f735466cecf":"f.91F10126D0D92D54C5836EF8FC19CACF.d.956AA7758E4EA234123821A7906B957F.e.3381","ELEMENT":"f.91F10126D0D92D54C5836EF8FC19CACF.d.956AA7758E4EA234123821A7906B957F.e.3381"}]}
COMMAND: POST /session/f773981d6b54d7f6084c0f44ff121803/element - {"using":"xpath","value":"//*[contains(@data-kt ,\"webshopDetailYardLink\")]"}
COMMAND: GET /session/f773981d6b54d7f6084c0f44ff121803/screenshot - {}
RESULT: {}
RESULT: {"using":"xpath","value":"//*[contains(@data-kt ,\"webshopDetailYardLink\")]"}
COMMAND: POST /session/f773981d6b54d7f6084c0f44ff121803/element/f.91F10126D0D92D54C5836EF8FC19CACF.d.956AA7758E4EA234123821A7906B957F.e.3381/click - {}
COMMAND: POST /session/f773981d6b54d7f6084c0f44ff121803/element - {"using":"xpath","value":"//span[contains(@id ,\"title\")][contains(text(), \"WebdriverYard9801h\")]"}
RESULT: {}
RESULT: {}
RESULT: {"using":"xpath","value":"//span[contains(@id ,\"title\")][contains(text(), \"WebdriverYard9801h\")]"}
COMMAND: POST /session/f773981d6b54d7f6084c0f44ff121803/execute/sync - {"script":"<script> [8489 bytes]","args":[{"element-6066-11e4-a52e-4f735466cecf":"f.91F10126D0D92D54C5836EF8FC19CACF.d.956AA7758E4EA234123821A7906B957F.e.3383","ELEMENT":"f.91F10126D0D92D54C5836EF8FC19CACF.d.956AA7758E4EA234123821A7906B957F.e.3383"}]}
COMMAND: GET /session/f773981d6b54d7f6084c0f44ff121803/screenshot - {}
RESULT: {"script":"<script> [8489 bytes]","args":[{"element-6066-11e4-a52e-4f735466cecf":"f.91F10126D0D92D54C5836EF8FC19CACF.d.956AA7758E4EA234123821A7906B957F.e.3383","ELEMENT":"f.91F10126D0D92D54C5836EF8FC19CACF.d.956AA7758E4EA234123821A7906B957F.e.3383"}]}
COMMAND: GET /session/f773981d6b54d7f6084c0f44ff121803/screenshot - {}
RESULT: {}
RESULT: {}
COMMAND: POST /session/f773981d6b54d7f6084c0f44ff121803/element - {"using":"xpath","value":"//*[contains(@data-kt ,\"ContextMenuId3Link\")][contains(text(), \"Yard Main Address\")]"}
RESULT: {"using":"xpath","value":"//*[contains(@data-kt ,\"ContextMenuId3Link\")][contains(text(), \"Yard Main Address\")]"}
COMMAND: POST /session/f773981d6b54d7f6084c0f44ff121803/element/f.91F10126D0D92D54C5836EF8FC19CACF.d.956AA7758E4EA234123821A7906B957F.e.3384/click - {}
RESULT: {}
COMMAND: GET /session/f773981d6b54d7f6084c0f44ff121803/screenshot - {}
RESULT: {}
COMMAND: POST /session/f773981d6b54d7f6084c0f44ff121803/execute/async - {"script":"<script> [1562 bytes]","args":[{"selector":{"id":"application-addressmanagement-display-component---masterAdm--title1"},"wdio_ui5_key":"applicationaddressmanagement-display-component---masterAdm--title1"}]}
RESULT: {"script":"<script> [1562 bytes]","args":[{"selector":{"id":"application-addressmanagement-display-component---masterAdm--title1"},"wdio_ui5_key":"applicationaddressmanagement-display-component---masterAdm--title1"}]}
RESULT: undefined
COMMAND: POST /session/f773981d6b54d7f6084c0f44ff121803/execute/async - {"script":"<script> [6424 bytes]","args":[{"element-6066-11e4-a52e-4f735466cecf":"f.91F10126D0D92D54C5836EF8FC19CACF.d.956AA7758E4EA234123821A7906B957F.e.3588"},"getText",[]]}
RESULT: {"script":"<script> [6424 bytes]","args":[{"element-6066-11e4-a52e-4f735466cecf":"f.91F10126D0D92D54C5836EF8FC19CACF.d.956AA7758E4EA234123821A7906B957F.e.3588"},"getText",[]]}
COMMAND: POST /session/f773981d6b54d7f6084c0f44ff121803/element - {"using":"xpath","value":"//span[contains(text(), \"WebdriverYardjjtihg\")][contains(@id ,\"application-addressmanagement-display-component---detailAdm--addressDetailDetailsName1\")]"}
RESULT: {"using":"xpath","value":"//span[contains(text(), \"WebdriverYardjjtihg\")][contains(@id ,\"application-addressmanagement-display-component---detailAdm--addressDetailDetailsName1\")]"}
COMMAND: POST /session/f773981d6b54d7f6084c0f44ff121803/element - {"using":"xpath","value":"//span[contains(text(), \"WebdriverYardjjtihg\")][contains(@id ,\"application-addressmanagement-display-component---detailAdm--addressDetailDetailsName1\")]"}
RESULT: undefined
COMMAND: POST /session/f773981d6b54d7f6084c0f44ff121803/element - {"using":"xpath","value":"//*[@id=\"backBtn\"]"}
RESULT: {"using":"xpath","value":"//span[contains(text(), \"WebdriverYardjjtihg\")][contains(@id ,\"application-addressmanagement-display-component---detailAdm--addressDetailDetailsName1\")]"}
RESULT: {"using":"xpath","value":"//*[@id=\"backBtn\"]"}
COMMAND: POST /session/f773981d6b54d7f6084c0f44ff121803/element/f.91F10126D0D92D54C5836EF8FC19CACF.d.956AA7758E4EA234123821A7906B957F.e.3213/click - {}
RESULT: {}
COMMAND: GET /session/f773981d6b54d7f6084c0f44ff121803/screenshot - {}
COMMAND: POST /session/f773981d6b54d7f6084c0f44ff121803/element - {"using":"xpath","value":"//span[contains(text(), \"WebdriverYardjjtihg\")][contains(@id ,\"application-addressmanagement-display-component---detailAdm--addressDetailDetailsName1\")]"}
RESULT: {}
RESULT: {"using":"xpath","value":"//span[contains(text(), \"WebdriverYardjjtihg\")][contains(@id ,\"application-addressmanagement-display-component---detailAdm--addressDetailDetailsName1\")]"}
COMMAND: POST /session/f773981d6b54d7f6084c0f44ff121803/execute/sync - {"script":"<script> [8489 bytes]","args":[{"element-6066-11e4-a52e-4f735466cecf":"f.91F10126D0D92D54C5836EF8FC19CACF.d.956AA7758E4EA234123821A7906B957F.e.3381","ELEMENT":"f.91F10126D0D92D54C5836EF8FC19CACF.d.956AA7758E4EA234123821A7906B957F.e.3381"}]}
COMMAND: POST /session/f773981d6b54d7f6084c0f44ff121803/element - {"using":"xpath","value":"//*[contains(@data-kt ,\"webshopDetailYardLink\")]"}
RESULT: {"using":"xpath","value":"//*[contains(@data-kt ,\"webshopDetailYardLink\")]"}
COMMAND: POST /session/f773981d6b54d7f6084c0f44ff121803/execute/sync - {"script":"<script> [8489 bytes]","args":[{"element-6066-11e4-a52e-4f735466cecf":"f.91F10126D0D92D54C5836EF8FC19CACF.d.956AA7758E4EA234123821A7906B957F.e.3720","ELEMENT":"f.91F10126D0D92D54C5836EF8FC19CACF.d.956AA7758E4EA234123821A7906B957F.e.3720"}]}
RESULT: {"script":"<script> [8489 bytes]","args":[{"element-6066-11e4-a52e-4f735466cecf":"f.91F10126D0D92D54C5836EF8FC19CACF.d.956AA7758E4EA234123821A7906B957F.e.3720","ELEMENT":"f.91F10126D0D92D54C5836EF8FC19CACF.d.956AA7758E4EA234123821A7906B957F.e.3720"}]}
COMMAND: POST /session/f773981d6b54d7f6084c0f44ff121803/execute/sync - {"script":"<script> [5351 bytes]","args":[{"element-6066-11e4-a52e-4f735466cecf":"f.91F10126D0D92D54C5836EF8FC19CACF.d.956AA7758E4EA234123821A7906B957F.e.3720","ELEMENT":"f.91F10126D0D92D54C5836EF8FC19CACF.d.956AA7758E4EA234123821A7906B957F.e.3720"}]}
COMMAND: GET /session/f773981d6b54d7f6084c0f44ff121803/screenshot - {}
COMMAND: POST /session/f773981d6b54d7f6084c0f44ff121803/element - {"using":"xpath","value":"//span[contains(text(), \"WebdriverYardjjtihg\")][contains(@id ,\"application-addressmanagement-display-component---detailAdm--addressDetailDetailsName1\")]"}
RESULT: {"script":"<script> [5351 bytes]","args":[{"element-6066-11e4-a52e-4f735466cecf":"f.91F10126D0D92D54C5836EF8FC19CACF.d.956AA7758E4EA234123821A7906B957F.e.3720","ELEMENT":"f.91F10126D0D92D54C5836EF8FC19CACF.d.956AA7758E4EA234123821A7906B957F.e.3720"}]}
COMMAND: POST /session/f773981d6b54d7f6084c0f44ff121803/element - {"using":"xpath","value":"//*[contains(@data-kt ,\"webshopDetailYardLink\")]"}
COMMAND: GET /session/f773981d6b54d7f6084c0f44ff121803/screenshot - {}
RESULT: {}
RESULT: {"using":"xpath","value":"//span[contains(text(), \"WebdriverYardjjtihg\")][contains(@id ,\"application-addressmanagement-display-component---detailAdm--addressDetailDetailsName1\")]"}
RESULT: {"using":"xpath","value":"//*[contains(@data-kt ,\"webshopDetailYardLink\")]"}
COMMAND: POST /session/f773981d6b54d7f6084c0f44ff121803/element/f.91F10126D0D92D54C5836EF8FC19CACF.d.956AA7758E4EA234123821A7906B957F.e.3720/click - {}
RESULT: {}
COMMAND: POST /session/f773981d6b54d7f6084c0f44ff121803/element - {"using":"xpath","value":"//span[contains(text(), \"WebdriverYardjjtihg\")][contains(@id ,\"application-addressmanagement-display-component---detailAdm--addressDetailDetailsName1\")]"}
RESULT: {}
COMMAND: GET /session/f773981d6b54d7f6084c0f44ff121803/screenshot - {}
RESULT: {"using":"xpath","value":"//span[contains(text(), \"WebdriverYardjjtihg\")][contains(@id ,\"application-addressmanagement-display-component---detailAdm--addressDetailDetailsName1\")]"}
RESULT: {}
COMMAND: POST /session/f773981d6b54d7f6084c0f44ff121803/element - {"using":"xpath","value":"//span[contains(text(), \"WebdriverYardjjtihg\")][contains(@id ,\"application-addressmanagement-display-component---detailAdm--addressDetailDetailsName1\")]"}
RESULT: {"using":"xpath","value":"//span[contains(text(), \"WebdriverYardjjtihg\")][contains(@id ,\"application-addressmanagement-display-component---detailAdm--addressDetailDetailsName1\")]"}
COMMAND: POST /session/f773981d6b54d7f6084c0f44ff121803/element - {"using":"xpath","value":"//span[contains(text(), \"WebdriverYardjjtihg\")][contains(@id ,\"application-addressmanagement-display-component---detailAdm--addressDetailDetailsName1\")]"}
RESULT: {"using":"xpath","value":"//span[contains(text(), \"WebdriverYardjjtihg\")][contains(@id ,\"application-addressmanagement-display-component---detailAdm--addressDetailDetailsName1\")]"}
COMMAND: POST /session/f773981d6b54d7f6084c0f44ff121803/element - {"using":"xpath","value":"//button[contains(@data-kt ,\"ContextMenuExternalId2Link\")]"}
RESULT: {"using":"xpath","value":"//button[contains(@data-kt ,\"ContextMenuExternalId2Link\")]"}
COMMAND: POST /session/f773981d6b54d7f6084c0f44ff121803/element/f.91F10126D0D92D54C5836EF8FC19CACF.d.956AA7758E4EA234123821A7906B957F.e.3722/click - {}
COMMAND: POST /session/f773981d6b54d7f6084c0f44ff121803/element - {"using":"xpath","value":"//span[contains(text(), \"WebdriverYardjjtihg\")][contains(@id ,\"application-addressmanagement-display-component---detailAdm--addressDetailDetailsName1\")]"}
RESULT: {}
COMMAND: GET /session/f773981d6b54d7f6084c0f44ff121803/screenshot - {}
RESULT: {"using":"xpath","value":"//span[contains(text(), \"WebdriverYardjjtihg\")][contains(@id ,\"application-addressmanagement-display-component---detailAdm--addressDetailDetailsName1\")]"}
COMMAND: POST /session/f773981d6b54d7f6084c0f44ff121803/element - {"using":"xpath","value":"//span[contains(text(), \"WebdriverYardjjtihg\")][contains(@id ,\"application-addressmanagement-display-component---detailAdm--addressDetailDetailsName1\")]"}
RESULT: {}
RESULT: {"using":"xpath","value":"//span[contains(text(), \"WebdriverYardjjtihg\")][contains(@id ,\"application-addressmanagement-display-component---detailAdm--addressDetailDetailsName1\")]"}
COMMAND: POST /session/f773981d6b54d7f6084c0f44ff121803/element - {"using":"xpath","value":"//span[contains(text(), \"WebdriverYardjjtihg\")][contains(@id ,\"application-addressmanagement-display-component---detailAdm--addressDetailDetailsName1\")]"}
RESULT: {"using":"xpath","value":"//span[contains(text(), \"WebdriverYardjjtihg\")][contains(@id ,\"application-addressmanagement-display-component---detailAdm--addressDetailDetailsName1\")]"}
COMMAND: POST /session/f773981d6b54d7f6084c0f44ff121803/element - {"using":"xpath","value":"//span[contains(text(), \"WebdriverYardjjtihg\")][contains(@id ,\"application-addressmanagement-display-component---detailAdm--addressDetailDetailsName1\")]"}
RESULT: {"using":"xpath","value":"//span[contains(text(), \"WebdriverYardjjtihg\")][contains(@id ,\"application-addressmanagement-display-component---detailAdm--addressDetailDetailsName1\")]"}
COMMAND: POST /session/f773981d6b54d7f6084c0f44ff121803/element - {"using":"xpath","value":"//span[contains(text(), \"WebdriverYardjjtihg\")][contains(@id ,\"application-addressmanagement-display-component---detailAdm--addressDetailDetailsName1\")]"}
RESULT: {"using":"xpath","value":"//span[contains(text(), \"WebdriverYardjjtihg\")][contains(@id ,\"application-addressmanagement-display-component---detailAdm--addressDetailDetailsName1\")]"}
COMMAND: POST /session/f773981d6b54d7f6084c0f44ff121803/element - {"using":"xpath","value":"//span[contains(text(), \"WebdriverYardjjtihg\")][contains(@id ,\"application-addressmanagement-display-component---detailAdm--addressDetailDetailsName1\")]"}
RESULT: {"using":"xpath","value":"//span[contains(text(), \"WebdriverYardjjtihg\")][contains(@id ,\"application-addressmanagement-display-component---detailAdm--addressDetailDetailsName1\")]"}
COMMAND: POST /session/f773981d6b54d7f6084c0f44ff121803/element - {"using":"xpath","value":"//span[contains(text(), \"WebdriverYardjjtihg\")][contains(@id ,\"application-addressmanagement-display-component---detailAdm--addressDetailDetailsName1\")]"}
RESULT: {"using":"xpath","value":"//span[contains(text(), \"WebdriverYardjjtihg\")][contains(@id ,\"application-addressmanagement-display-component---detailAdm--addressDetailDetailsName1\")]"}
COMMAND: POST /session/f773981d6b54d7f6084c0f44ff121803/element - {"using":"xpath","value":"//span[contains(text(), \"WebdriverYardjjtihg\")][contains(@id ,\"application-addressmanagement-display-component---detailAdm--addressDetailDetailsName1\")]"}
RESULT: {"using":"xpath","value":"//span[contains(text(), \"WebdriverYardjjtihg\")][contains(@id ,\"application-addressmanagement-display-component---detailAdm--addressDetailDetailsName1\")]"}
COMMAND: POST /session/f773981d6b54d7f6084c0f44ff121803/element - {"using":"xpath","value":"//span[contains(text(), \"WebdriverYardjjtihg\")][contains(@id ,\"application-addressmanagement-display-component---detailAdm--addressDetailDetailsName1\")]"}
RESULT: {"using":"xpath","value":"//span[contains(text(), \"WebdriverYardjjtihg\")][contains(@id ,\"application-addressmanagement-display-component---detailAdm--addressDetailDetailsName1\")]"}
COMMAND: POST /session/f773981d6b54d7f6084c0f44ff121803/element - {"using":"xpath","value":"//span[contains(text(), \"WebdriverYardjjtihg\")][contains(@id ,\"application-addressmanagement-display-component---detailAdm--addressDetailDetailsName1\")]"}
RESULT: {"using":"xpath","value":"//span[contains(text(), \"WebdriverYardjjtihg\")][contains(@id ,\"application-addressmanagement-display-component---detailAdm--addressDetailDetailsName1\")]"}
COMMAND: POST /session/f773981d6b54d7f6084c0f44ff121803/element - {"using":"xpath","value":"//span[contains(text(), \"WebdriverYardjjtihg\")][contains(@id ,\"application-addressmanagement-display-component---detailAdm--addressDetailDetailsName1\")]"}
RESULT: {"using":"xpath","value":"//span[contains(text(), \"WebdriverYardjjtihg\")][contains(@id ,\"application-addressmanagement-display-component---detailAdm--addressDetailDetailsName1\")]"}
COMMAND: POST /session/f773981d6b54d7f6084c0f44ff121803/element - {"using":"xpath","value":"//span[contains(text(), \"WebdriverYardjjtihg\")][contains(@id ,\"application-addressmanagement-display-component---detailAdm--addressDetailDetailsName1\")]"}
RESULT: {"using":"xpath","value":"//span[contains(text(), \"WebdriverYardjjtihg\")][contains(@id ,\"application-addressmanagement-display-component---detailAdm--addressDetailDetailsName1\")]"}
COMMAND: POST /session/f773981d6b54d7f6084c0f44ff121803/element - {"using":"xpath","value":"//span[contains(text(), \"WebdriverYardjjtihg\")][contains(@id ,\"application-addressmanagement-display-component---detailAdm--addressDetailDetailsName1\")]"}
RESULT: {"using":"xpath","value":"//span[contains(text(), \"WebdriverYardjjtihg\")][contains(@id ,\"application-addressmanagement-display-component---detailAdm--addressDetailDetailsName1\")]"}
COMMAND: POST /session/f773981d6b54d7f6084c0f44ff121803/element - {"using":"xpath","value":"//span[contains(text(), \"WebdriverYardjjtihg\")][contains(@id ,\"application-addressmanagement-display-component---detailAdm--addressDetailDetailsName1\")]"}
RESULT: {"using":"xpath","value":"//span[contains(text(), \"WebdriverYardjjtihg\")][contains(@id ,\"application-addressmanagement-display-component---detailAdm--addressDetailDetailsName1\")]"}
COMMAND: POST /session/f773981d6b54d7f6084c0f44ff121803/element - {"using":"xpath","value":"//span[contains(text(), \"WebdriverYardjjtihg\")][contains(@id ,\"application-addressmanagement-display-component---detailAdm--addressDetailDetailsName1\")]"}
RESULT: {"using":"xpath","value":"//span[contains(text(), \"WebdriverYardjjtihg\")][contains(@id ,\"application-addressmanagement-display-component---detailAdm--addressDetailDetailsName1\")]"}
COMMAND: GET /session/f773981d6b54d7f6084c0f44ff121803/window/handles - {}
RESULT: {}
COMMAND: POST /session/f773981d6b54d7f6084c0f44ff121803/window - {"handle":"039F57C5F2303AF0E87EC304DB79F41A"}
RESULT: {"handle":"039F57C5F2303AF0E87EC304DB79F41A"}
COMMAND: GET /session/f773981d6b54d7f6084c0f44ff121803/url - {}
COMMAND: POST /session/f773981d6b54d7f6084c0f44ff121803/element - {"using":"xpath","value":"//span[contains(text(), \"WebdriverYardjjtihg\")][contains(@id ,\"application-addressmanagement-display-component---detailAdm--addressDetailDetailsName1\")]"}
RESULT: {}
COMMAND: GET /session/f773981d6b54d7f6084c0f44ff121803/screenshot - {}
RESULT: {"using":"xpath","value":"//span[contains(text(), \"WebdriverYardjjtihg\")][contains(@id ,\"application-addressmanagement-display-component---detailAdm--addressDetailDetailsName1\")]"}
RESULT: {}
COMMAND: POST /session/f773981d6b54d7f6084c0f44ff121803/element - {"using":"xpath","value":"//span[contains(text(), \"WebdriverYardjjtihg\")][contains(@id ,\"application-addressmanagement-display-component---detailAdm--addressDetailDetailsName1\")]"}
RESULT: {"using":"xpath","value":"//span[contains(text(), \"WebdriverYardjjtihg\")][contains(@id ,\"application-addressmanagement-display-component---detailAdm--addressDetailDetailsName1\")]"}
COMMAND: POST /session/f773981d6b54d7f6084c0f44ff121803/element - {"using":"xpath","value":"//span[contains(text(), \"WebdriverYardjjtihg\")][contains(@id ,\"application-addressmanagement-display-component---detailAdm--addressDetailDetailsName1\")]"}
RESULT: {"using":"xpath","value":"//span[contains(text(), \"WebdriverYardjjtihg\")][contains(@id ,\"application-addressmanagement-display-component---detailAdm--addressDetailDetailsName1\")]"}
COMMAND: POST /session/f773981d6b54d7f6084c0f44ff121803/element - {"using":"xpath","value":"//span[contains(text(), \"WebdriverYardjjtihg\")][contains(@id ,\"application-addressmanagement-display-component---detailAdm--addressDetailDetailsName1\")]"}
RESULT: {"using":"xpath","value":"//span[contains(text(), \"WebdriverYardjjtihg\")][contains(@id ,\"application-addressmanagement-display-component---detailAdm--addressDetailDetailsName1\")]"}
COMMAND: POST /session/f773981d6b54d7f6084c0f44ff121803/element - {"using":"xpath","value":"//span[contains(text(), \"WebdriverYardjjtihg\")][contains(@id ,\"application-addressmanagement-display-component---detailAdm--addressDetailDetailsName1\")]"}
RESULT: {"using":"xpath","value":"//span[contains(text(), \"WebdriverYardjjtihg\")][contains(@id ,\"application-addressmanagement-display-component---detailAdm--addressDetailDetailsName1\")]"}
COMMAND: POST /session/f773981d6b54d7f6084c0f44ff121803/element - {"using":"xpath","value":"//span[contains(text(), \"WebdriverYardjjtihg\")][contains(@id ,\"application-addressmanagement-display-component---detailAdm--addressDetailDetailsName1\")]"}
RESULT: {"using":"xpath","value":"//span[contains(text(), \"WebdriverYardjjtihg\")][contains(@id ,\"application-addressmanagement-display-component---detailAdm--addressDetailDetailsName1\")]"}
COMMAND: POST /session/f773981d6b54d7f6084c0f44ff121803/element - {"using":"xpath","value":"//span[contains(text(), \"WebdriverYardjjtihg\")][contains(@id ,\"application-addressmanagement-display-component---detailAdm--addressDetailDetailsName1\")]"}
RESULT: {"using":"xpath","value":"//span[contains(text(), \"WebdriverYardjjtihg\")][contains(@id ,\"application-addressmanagement-display-component---detailAdm--addressDetailDetailsName1\")]"}
COMMAND: POST /session/f773981d6b54d7f6084c0f44ff121803/execute/sync - {"script":"<script> [8489 bytes]","args":[{"element-6066-11e4-a52e-4f735466cecf":"f.91F10126D0D92D54C5836EF8FC19CACF.d.956AA7758E4EA234123821A7906B957F.e.3383","ELEMENT":"f.91F10126D0D92D54C5836EF8FC19CACF.d.956AA7758E4EA234123821A7906B957F.e.3383"}]}
COMMAND: DELETE /session/f773981d6b54d7f6084c0f44ff121803/window - {}
COMMAND: POST /session/f773981d6b54d7f6084c0f44ff121803/element - {"using":"xpath","value":"//span[contains(text(), \"WebdriverYardjjtihg\")][contains(@id ,\"application-addressmanagement-display-component---detailAdm--addressDetailDetailsName1\")]"}
RESULT: {"script":"<script> [8489 bytes]","args":[{"element-6066-11e4-a52e-4f735466cecf":"f.91F10126D0D92D54C5836EF8FC19CACF.d.956AA7758E4EA234123821A7906B957F.e.3383","ELEMENT":"f.91F10126D0D92D54C5836EF8FC19CACF.d.956AA7758E4EA234123821A7906B957F.e.3383"}]}
COMMAND: GET /session/f773981d6b54d7f6084c0f44ff121803/screenshot - {}
COMMAND: POST /session/f773981d6b54d7f6084c0f44ff121803/execute/sync - {"script":"<script> [8489 bytes]","args":[{"element-6066-11e4-a52e-4f735466cecf":"f.91F10126D0D92D54C5836EF8FC19CACF.d.956AA7758E4EA234123821A7906B957F.e.3383","ELEMENT":"f.91F10126D0D92D54C5836EF8FC19CACF.d.956AA7758E4EA234123821A7906B957F.e.3383"}]}
RESULT: {}
COMMAND: POST /session/f773981d6b54d7f6084c0f44ff121803/window - {"handle":"91F10126D0D92D54C5836EF8FC19CACF"}
RESULT: {"handle":"91F10126D0D92D54C5836EF8FC19CACF"}
COMMAND: GET /session/f773981d6b54d7f6084c0f44ff121803/url - {}
RESULT: {"using":"xpath","value":"//span[contains(text(), \"WebdriverYardjjtihg\")][contains(@id ,\"application-addressmanagement-display-component---detailAdm--addressDetailDetailsName1\")]"}
RESULT: {}
COMMAND: POST /session/f773981d6b54d7f6084c0f44ff121803/element - {"using":"xpath","value":"//span[contains(@id ,\"title\")][contains(text(), \"WebdriverYard9801h\")]"}
RESULT: {}
COMMAND: GET /session/f773981d6b54d7f6084c0f44ff121803/screenshot - {}
COMMAND: POST /session/f773981d6b54d7f6084c0f44ff121803/element - {"using":"xpath","value":"//span[contains(text(), \"WebdriverYardjjtihg\")][contains(@id ,\"application-addressmanagement-display-component---detailAdm--addressDetailDetailsName1\")]"}
RESULT: {"using":"xpath","value":"//span[contains(@id ,\"title\")][contains(text(), \"WebdriverYard9801h\")]"}
COMMAND: POST /session/f773981d6b54d7f6084c0f44ff121803/execute/sync - {"script":"<script> [8489 bytes]","args":[{"element-6066-11e4-a52e-4f735466cecf":"f.91F10126D0D92D54C5836EF8FC19CACF.d.956AA7758E4EA234123821A7906B957F.e.3853","ELEMENT":"f.91F10126D0D92D54C5836EF8FC19CACF.d.956AA7758E4EA234123821A7906B957F.e.3853"}]}
RESULT: {}
RESULT: {"using":"xpath","value":"//span[contains(text(), \"WebdriverYardjjtihg\")][contains(@id ,\"application-addressmanagement-display-component---detailAdm--addressDetailDetailsName1\")]"}
RESULT: {"script":"<script> [8489 bytes]","args":[{"element-6066-11e4-a52e-4f735466cecf":"f.91F10126D0D92D54C5836EF8FC19CACF.d.956AA7758E4EA234123821A7906B957F.e.3853","ELEMENT":"f.91F10126D0D92D54C5836EF8FC19CACF.d.956AA7758E4EA234123821A7906B957F.e.3853"}]}
COMMAND: GET /session/f773981d6b54d7f6084c0f44ff121803/screenshot - {}
RESULT: {}
COMMAND: POST /session/f773981d6b54d7f6084c0f44ff121803/element - {"using":"xpath","value":"//span[contains(text(), \"WebdriverYardjjtihg\")][contains(@id ,\"application-addressmanagement-display-component---detailAdm--addressDetailDetailsName1\")]"}
RESULT: {"using":"xpath","value":"//span[contains(text(), \"WebdriverYardjjtihg\")][contains(@id ,\"application-addressmanagement-display-component---detailAdm--addressDetailDetailsName1\")]"}
COMMAND: POST /session/f773981d6b54d7f6084c0f44ff121803/element - {"using":"xpath","value":"//span[contains(text(), \"WebdriverYardjjtihg\")][contains(@id ,\"application-addressmanagement-display-component---detailAdm--addressDetailDetailsName1\")]"}
RESULT: {"using":"xpath","value":"//span[contains(text(), \"WebdriverYardjjtihg\")][contains(@id ,\"application-addressmanagement-display-component---detailAdm--addressDetailDetailsName1\")]"}
COMMAND: POST /session/f773981d6b54d7f6084c0f44ff121803/element - {"using":"xpath","value":"//span[contains(text(), \"WebdriverYardjjtihg\")][contains(@id ,\"application-addressmanagement-display-component---detailAdm--addressDetailDetailsName1\")]"}
RESULT: {"using":"xpath","value":"//span[contains(text(), \"WebdriverYardjjtihg\")][contains(@id ,\"application-addressmanagement-display-component---detailAdm--addressDetailDetailsName1\")]"}
COMMAND: POST /session/f773981d6b54d7f6084c0f44ff121803/element - {"using":"xpath","value":"//span[contains(text(), \"WebdriverYardjjtihg\")][contains(@id ,\"application-addressmanagement-display-component---detailAdm--addressDetailDetailsName1\")]"}
RESULT: {"using":"xpath","value":"//span[contains(text(), \"WebdriverYardjjtihg\")][contains(@id ,\"application-addressmanagement-display-component---detailAdm--addressDetailDetailsName1\")]"}
COMMAND: POST /session/f773981d6b54d7f6084c0f44ff121803/element - {"using":"xpath","value":"//span[contains(text(), \"WebdriverYardjjtihg\")][contains(@id ,\"application-addressmanagement-display-component---detailAdm--addressDetailDetailsName1\")]"}
RESULT: {"using":"xpath","value":"//span[contains(text(), \"WebdriverYardjjtihg\")][contains(@id ,\"application-addressmanagement-display-component---detailAdm--addressDetailDetailsName1\")]"}
COMMAND: POST /session/f773981d6b54d7f6084c0f44ff121803/element - {"using":"xpath","value":"//span[contains(text(), \"WebdriverYardjjtihg\")][contains(@id ,\"application-addressmanagement-display-component---detailAdm--addressDetailDetailsName1\")]"}
RESULT: {"using":"xpath","value":"//span[contains(text(), \"WebdriverYardjjtihg\")][contains(@id ,\"application-addressmanagement-display-component---detailAdm--addressDetailDetailsName1\")]"}
COMMAND: POST /session/f773981d6b54d7f6084c0f44ff121803/element - {"using":"xpath","value":"//span[contains(text(), \"WebdriverYardjjtihg\")][contains(@id ,\"application-addressmanagement-display-component---detailAdm--addressDetailDetailsName1\")]"}
RESULT: {"using":"xpath","value":"//span[contains(text(), \"WebdriverYardjjtihg\")][contains(@id ,\"application-addressmanagement-display-component---detailAdm--addressDetailDetailsName1\")]"}
COMMAND: POST /session/f773981d6b54d7f6084c0f44ff121803/element - {"using":"xpath","value":"//span[contains(text(), \"WebdriverYardjjtihg\")][contains(@id ,\"application-addressmanagement-display-component---detailAdm--addressDetailDetailsName1\")]"}
RESULT: {"using":"xpath","value":"//span[contains(text(), \"WebdriverYardjjtihg\")][contains(@id ,\"application-addressmanagement-display-component---detailAdm--addressDetailDetailsName1\")]"}
COMMAND: POST /session/f773981d6b54d7f6084c0f44ff121803/element - {"using":"xpath","value":"//button[contains(@data-kt ,\"ContextMenuExternalId3Link\")]"}
RESULT: {"using":"xpath","value":"//button[contains(@data-kt ,\"ContextMenuExternalId3Link\")]"}
COMMAND: POST /session/f773981d6b54d7f6084c0f44ff121803/element/f.91F10126D0D92D54C5836EF8FC19CACF.d.956AA7758E4EA234123821A7906B957F.e.3854/click - {}
COMMAND: POST /session/f773981d6b54d7f6084c0f44ff121803/element - {"using":"xpath","value":"//span[contains(text(), \"WebdriverYardjjtihg\")][contains(@id ,\"application-addressmanagement-display-component---detailAdm--addressDetailDetailsName1\")]"}
RESULT: {}
COMMAND: GET /session/f773981d6b54d7f6084c0f44ff121803/screenshot - {}
RESULT: {"using":"xpath","value":"//span[contains(text(), \"WebdriverYardjjtihg\")][contains(@id ,\"application-addressmanagement-display-component---detailAdm--addressDetailDetailsName1\")]"}
COMMAND: POST /session/f773981d6b54d7f6084c0f44ff121803/element - {"using":"xpath","value":"//span[contains(text(), \"WebdriverYardjjtihg\")][contains(@id ,\"application-addressmanagement-display-component---detailAdm--addressDetailDetailsName1\")]"}
RESULT: {}
RESULT: {"using":"xpath","value":"//span[contains(text(), \"WebdriverYardjjtihg\")][contains(@id ,\"application-addressmanagement-display-component---detailAdm--addressDetailDetailsName1\")]"}
COMMAND: POST /session/f773981d6b54d7f6084c0f44ff121803/element - {"using":"xpath","value":"//span[contains(text(), \"WebdriverYardjjtihg\")][contains(@id ,\"application-addressmanagement-display-component---detailAdm--addressDetailDetailsName1\")]"}
RESULT: {"using":"xpath","value":"//span[contains(text(), \"WebdriverYardjjtihg\")][contains(@id ,\"application-addressmanagement-display-component---detailAdm--addressDetailDetailsName1\")]"}
COMMAND: POST /session/f773981d6b54d7f6084c0f44ff121803/element - {"using":"xpath","value":"//span[contains(text(), \"WebdriverYardjjtihg\")][contains(@id ,\"application-addressmanagement-display-component---detailAdm--addressDetailDetailsName1\")]"}
RESULT: {"using":"xpath","value":"//span[contains(text(), \"WebdriverYardjjtihg\")][contains(@id ,\"application-addressmanagement-display-component---detailAdm--addressDetailDetailsName1\")]"}
COMMAND: POST /session/f773981d6b54d7f6084c0f44ff121803/element - {"using":"xpath","value":"//span[contains(text(), \"WebdriverYardjjtihg\")][contains(@id ,\"application-addressmanagement-display-component---detailAdm--addressDetailDetailsName1\")]"}
RESULT: {"using":"xpath","value":"//span[contains(text(), \"WebdriverYardjjtihg\")][contains(@id ,\"application-addressmanagement-display-component---detailAdm--addressDetailDetailsName1\")]"}
COMMAND: GET /session/f773981d6b54d7f6084c0f44ff121803/window/handles - {}
RESULT: {}
COMMAND: POST /session/f773981d6b54d7f6084c0f44ff121803/window - {"handle":"8C523A2A3F1336E24D55F8AA7D7A0A2C"}
RESULT: {"handle":"8C523A2A3F1336E24D55F8AA7D7A0A2C"}
COMMAND: GET /session/f773981d6b54d7f6084c0f44ff121803/url - {}
RESULT: {}
COMMAND: GET /session/f773981d6b54d7f6084c0f44ff121803/screenshot - {}
RESULT: {}
COMMAND: POST /session/f773981d6b54d7f6084c0f44ff121803/element - {"using":"xpath","value":"//span[contains(text(), \"WebdriverYardjjtihg\")][contains(@id ,\"application-addressmanagement-display-component---detailAdm--addressDetailDetailsName1\")]"}
COMMAND: DELETE /session/f773981d6b54d7f6084c0f44ff121803/window - {}
RESULT: {}
COMMAND: POST /session/f773981d6b54d7f6084c0f44ff121803/window - {"handle":"91F10126D0D92D54C5836EF8FC19CACF"}
RESULT: {"handle":"91F10126D0D92D54C5836EF8FC19CACF"}
COMMAND: GET /session/f773981d6b54d7f6084c0f44ff121803/url - {}
RESULT: {"using":"xpath","value":"//span[contains(text(), \"WebdriverYardjjtihg\")][contains(@id ,\"application-addressmanagement-display-component---detailAdm--addressDetailDetailsName1\")]"}
RESULT: {}
COMMAND: GET /session/f773981d6b54d7f6084c0f44ff121803/screenshot - {}
COMMAND: POST /session/f773981d6b54d7f6084c0f44ff121803/element - {"using":"xpath","value":"//span[contains(text(), \"WebdriverYardjjtihg\")][contains(@id ,\"application-addressmanagement-display-component---detailAdm--addressDetailDetailsName1\")]"}
RESULT: {}
RESULT: {"using":"xpath","value":"//span[contains(text(), \"WebdriverYardjjtihg\")][contains(@id ,\"application-addressmanagement-display-component---detailAdm--addressDetailDetailsName1\")]"}
COMMAND: POST /session/f773981d6b54d7f6084c0f44ff121803/element - {"using":"xpath","value":"//span[contains(text(), \"WebdriverYardjjtihg\")][contains(@id ,\"application-addressmanagement-display-component---detailAdm--addressDetailDetailsName1\")]"}
RESULT: {"using":"xpath","value":"//span[contains(text(), \"WebdriverYardjjtihg\")][contains(@id ,\"application-addressmanagement-display-component---detailAdm--addressDetailDetailsName1\")]"}
COMMAND: POST /session/f773981d6b54d7f6084c0f44ff121803/element - {"using":"xpath","value":"//span[contains(text(), \"WebdriverYardjjtihg\")][contains(@id ,\"application-addressmanagement-display-component---detailAdm--addressDetailDetailsName1\")]"}
RESULT: {"using":"xpath","value":"//span[contains(text(), \"WebdriverYardjjtihg\")][contains(@id ,\"application-addressmanagement-display-component---detailAdm--addressDetailDetailsName1\")]"}
COMMAND: POST /session/f773981d6b54d7f6084c0f44ff121803/element - {"using":"xpath","value":"//span[contains(text(), \"WebdriverYardjjtihg\")][contains(@id ,\"application-addressmanagement-display-component---detailAdm--addressDetailDetailsName1\")]"}
RESULT: {"using":"xpath","value":"//span[contains(text(), \"WebdriverYardjjtihg\")][contains(@id ,\"application-addressmanagement-display-component---detailAdm--addressDetailDetailsName1\")]"}
COMMAND: POST /session/f773981d6b54d7f6084c0f44ff121803/element - {"using":"xpath","value":"//span[contains(text(), \"WebdriverYardjjtihg\")][contains(@id ,\"application-addressmanagement-display-component---detailAdm--addressDetailDetailsName1\")]"}
RESULT: {"using":"xpath","value":"//span[contains(text(), \"WebdriverYardjjtihg\")][contains(@id ,\"application-addressmanagement-display-component---detailAdm--addressDetailDetailsName1\")]"}
COMMAND: POST /session/f773981d6b54d7f6084c0f44ff121803/element - {"using":"xpath","value":"//span[contains(text(), \"WebdriverYardjjtihg\")][contains(@id ,\"application-addressmanagement-display-component---detailAdm--addressDetailDetailsName1\")]"}
RESULT: {"using":"xpath","value":"//span[contains(text(), \"WebdriverYardjjtihg\")][contains(@id ,\"application-addressmanagement-display-component---detailAdm--addressDetailDetailsName1\")]"}
COMMAND: POST /session/f773981d6b54d7f6084c0f44ff121803/element - {"using":"xpath","value":"//span[contains(text(), \"WebdriverYardjjtihg\")][contains(@id ,\"application-addressmanagement-display-component---detailAdm--addressDetailDetailsName1\")]"}
RESULT: {"using":"xpath","value":"//span[contains(text(), \"WebdriverYardjjtihg\")][contains(@id ,\"application-addressmanagement-display-component---detailAdm--addressDetailDetailsName1\")]"}
COMMAND: POST /session/f773981d6b54d7f6084c0f44ff121803/element - {"using":"xpath","value":"//span[contains(text(), \"WebdriverYardjjtihg\")][contains(@id ,\"application-addressmanagement-display-component---detailAdm--addressDetailDetailsName1\")]"}
RESULT: {"using":"xpath","value":"//span[contains(text(), \"WebdriverYardjjtihg\")][contains(@id ,\"application-addressmanagement-display-component---detailAdm--addressDetailDetailsName1\")]"}
]]></system-out>
    </testcase>
    <testcase classname="chrome.136_0_7103_93.windows.Webshop_-_Hyperlinks_visible_and_working_properly__US139085" name="Shpuld verify site hyperlinks" time="247.356">
      <system-out><![CDATA[
COMMAND: POST /session/f773981d6b54d7f6084c0f44ff121803/element - {"using":"xpath","value":"//*[contains(@data-kt ,\"webshopDetailSiteLink\")]"}
RESULT: {"using":"xpath","value":"//*[contains(@data-kt ,\"webshopDetailSiteLink\")]"}
COMMAND: POST /session/f773981d6b54d7f6084c0f44ff121803/execute/sync - {"script":"<script> [8489 bytes]","args":[{"element-6066-11e4-a52e-4f735466cecf":"f.91F10126D0D92D54C5836EF8FC19CACF.d.956AA7758E4EA234123821A7906B957F.e.4067","ELEMENT":"f.91F10126D0D92D54C5836EF8FC19CACF.d.956AA7758E4EA234123821A7906B957F.e.4067"}]}
RESULT: {"script":"<script> [8489 bytes]","args":[{"element-6066-11e4-a52e-4f735466cecf":"f.91F10126D0D92D54C5836EF8FC19CACF.d.956AA7758E4EA234123821A7906B957F.e.4067","ELEMENT":"f.91F10126D0D92D54C5836EF8FC19CACF.d.956AA7758E4EA234123821A7906B957F.e.4067"}]}
COMMAND: POST /session/f773981d6b54d7f6084c0f44ff121803/execute/sync - {"script":"<script> [5351 bytes]","args":[{"element-6066-11e4-a52e-4f735466cecf":"f.91F10126D0D92D54C5836EF8FC19CACF.d.956AA7758E4EA234123821A7906B957F.e.4067","ELEMENT":"f.91F10126D0D92D54C5836EF8FC19CACF.d.956AA7758E4EA234123821A7906B957F.e.4067"}]}
COMMAND: POST /session/f773981d6b54d7f6084c0f44ff121803/element - {"using":"xpath","value":"//span[contains(text(), \"WebdriverYardjjtihg\")][contains(@id ,\"application-addressmanagement-display-component---detailAdm--addressDetailDetailsName1\")]"}
COMMAND: GET /session/f773981d6b54d7f6084c0f44ff121803/screenshot - {}
RESULT: {"script":"<script> [5351 bytes]","args":[{"element-6066-11e4-a52e-4f735466cecf":"f.91F10126D0D92D54C5836EF8FC19CACF.d.956AA7758E4EA234123821A7906B957F.e.4067","ELEMENT":"f.91F10126D0D92D54C5836EF8FC19CACF.d.956AA7758E4EA234123821A7906B957F.e.4067"}]}
COMMAND: POST /session/f773981d6b54d7f6084c0f44ff121803/element - {"using":"xpath","value":"//*[contains(@data-kt ,\"webshopDetailSiteLink\")]"}
RESULT: {"using":"xpath","value":"//span[contains(text(), \"WebdriverYardjjtihg\")][contains(@id ,\"application-addressmanagement-display-component---detailAdm--addressDetailDetailsName1\")]"}
RESULT: {"using":"xpath","value":"//*[contains(@data-kt ,\"webshopDetailSiteLink\")]"}
COMMAND: POST /session/f773981d6b54d7f6084c0f44ff121803/element/f.91F10126D0D92D54C5836EF8FC19CACF.d.956AA7758E4EA234123821A7906B957F.e.4067/click - {}
RESULT: {}
COMMAND: GET /session/f773981d6b54d7f6084c0f44ff121803/screenshot - {}
COMMAND: POST /session/f773981d6b54d7f6084c0f44ff121803/element - {"using":"xpath","value":"//span[contains(text(), \"WebdriverYardjjtihg\")][contains(@id ,\"application-addressmanagement-display-component---detailAdm--addressDetailDetailsName1\")]"}
RESULT: {}
COMMAND: GET /session/f773981d6b54d7f6084c0f44ff121803/screenshot - {}
RESULT: {}
RESULT: {"using":"xpath","value":"//span[contains(text(), \"WebdriverYardjjtihg\")][contains(@id ,\"application-addressmanagement-display-component---detailAdm--addressDetailDetailsName1\")]"}
RESULT: {}
COMMAND: POST /session/f773981d6b54d7f6084c0f44ff121803/element - {"using":"xpath","value":"//span[contains(text(), \"WebdriverYardjjtihg\")][contains(@id ,\"application-addressmanagement-display-component---detailAdm--addressDetailDetailsName1\")]"}
RESULT: {"using":"xpath","value":"//span[contains(text(), \"WebdriverYardjjtihg\")][contains(@id ,\"application-addressmanagement-display-component---detailAdm--addressDetailDetailsName1\")]"}
COMMAND: POST /session/f773981d6b54d7f6084c0f44ff121803/element - {"using":"xpath","value":"//span[contains(text(), \"WebdriverYardjjtihg\")][contains(@id ,\"application-addressmanagement-display-component---detailAdm--addressDetailDetailsName1\")]"}
RESULT: {"using":"xpath","value":"//span[contains(text(), \"WebdriverYardjjtihg\")][contains(@id ,\"application-addressmanagement-display-component---detailAdm--addressDetailDetailsName1\")]"}
COMMAND: POST /session/f773981d6b54d7f6084c0f44ff121803/element - {"using":"xpath","value":"//span[contains(text(), \"WebdriverYardjjtihg\")][contains(@id ,\"application-addressmanagement-display-component---detailAdm--addressDetailDetailsName1\")]"}
RESULT: {"using":"xpath","value":"//span[contains(text(), \"WebdriverYardjjtihg\")][contains(@id ,\"application-addressmanagement-display-component---detailAdm--addressDetailDetailsName1\")]"}
COMMAND: POST /session/f773981d6b54d7f6084c0f44ff121803/element - {"using":"xpath","value":"//*[contains(@data-kt ,\"ContextMenuIdLink\")][contains(text(), \"Manage Site\")]"}
RESULT: {"using":"xpath","value":"//*[contains(@data-kt ,\"ContextMenuIdLink\")][contains(text(), \"Manage Site\")]"}
COMMAND: POST /session/f773981d6b54d7f6084c0f44ff121803/execute/sync - {"script":"<script> [8489 bytes]","args":[{"element-6066-11e4-a52e-4f735466cecf":"f.91F10126D0D92D54C5836EF8FC19CACF.d.956AA7758E4EA234123821A7906B957F.e.4069","ELEMENT":"f.91F10126D0D92D54C5836EF8FC19CACF.d.956AA7758E4EA234123821A7906B957F.e.4069"}]}
COMMAND: POST /session/f773981d6b54d7f6084c0f44ff121803/element - {"using":"xpath","value":"//*[contains(@data-kt ,\"ContextMenuId2Link\")][contains(text(), \"Site Overview\")]"}
RESULT: {"using":"xpath","value":"//*[contains(@data-kt ,\"ContextMenuId2Link\")][contains(text(), \"Site Overview\")]"}
COMMAND: POST /session/f773981d6b54d7f6084c0f44ff121803/execute/sync - {"script":"<script> [8489 bytes]","args":[{"element-6066-11e4-a52e-4f735466cecf":"f.91F10126D0D92D54C5836EF8FC19CACF.d.956AA7758E4EA234123821A7906B957F.e.4070","ELEMENT":"f.91F10126D0D92D54C5836EF8FC19CACF.d.956AA7758E4EA234123821A7906B957F.e.4070"}]}
COMMAND: POST /session/f773981d6b54d7f6084c0f44ff121803/element - {"using":"xpath","value":"//*[contains(@data-kt ,\"ContextMenuId3Link\")][contains(text(), \"Site Main Address\")]"}
RESULT: {"script":"<script> [8489 bytes]","args":[{"element-6066-11e4-a52e-4f735466cecf":"f.91F10126D0D92D54C5836EF8FC19CACF.d.956AA7758E4EA234123821A7906B957F.e.4069","ELEMENT":"f.91F10126D0D92D54C5836EF8FC19CACF.d.956AA7758E4EA234123821A7906B957F.e.4069"}]}
COMMAND: GET /session/f773981d6b54d7f6084c0f44ff121803/screenshot - {}
RESULT: {"using":"xpath","value":"//*[contains(@data-kt ,\"ContextMenuId3Link\")][contains(text(), \"Site Main Address\")]"}
COMMAND: POST /session/f773981d6b54d7f6084c0f44ff121803/execute/sync - {"script":"<script> [8489 bytes]","args":[{"element-6066-11e4-a52e-4f735466cecf":"f.91F10126D0D92D54C5836EF8FC19CACF.d.956AA7758E4EA234123821A7906B957F.e.4071","ELEMENT":"f.91F10126D0D92D54C5836EF8FC19CACF.d.956AA7758E4EA234123821A7906B957F.e.4071"}]}
COMMAND: POST /session/f773981d6b54d7f6084c0f44ff121803/element/f.91F10126D0D92D54C5836EF8FC19CACF.d.956AA7758E4EA234123821A7906B957F.e.4069/click - {}
RESULT: {"script":"<script> [8489 bytes]","args":[{"element-6066-11e4-a52e-4f735466cecf":"f.91F10126D0D92D54C5836EF8FC19CACF.d.956AA7758E4EA234123821A7906B957F.e.4070","ELEMENT":"f.91F10126D0D92D54C5836EF8FC19CACF.d.956AA7758E4EA234123821A7906B957F.e.4070"}]}
COMMAND: GET /session/f773981d6b54d7f6084c0f44ff121803/screenshot - {}
COMMAND: POST /session/f773981d6b54d7f6084c0f44ff121803/element - {"using":"xpath","value":"//span[contains(text(), \"WebdriverYardjjtihg\")][contains(@id ,\"application-addressmanagement-display-component---detailAdm--addressDetailDetailsName1\")]"}
RESULT: {}
RESULT: {"script":"<script> [8489 bytes]","args":[{"element-6066-11e4-a52e-4f735466cecf":"f.91F10126D0D92D54C5836EF8FC19CACF.d.956AA7758E4EA234123821A7906B957F.e.4071","ELEMENT":"f.91F10126D0D92D54C5836EF8FC19CACF.d.956AA7758E4EA234123821A7906B957F.e.4071"}]}
COMMAND: GET /session/f773981d6b54d7f6084c0f44ff121803/screenshot - {}
RESULT: {}
COMMAND: GET /session/f773981d6b54d7f6084c0f44ff121803/screenshot - {}
RESULT: {}
RESULT: {"using":"xpath","value":"//span[contains(text(), \"WebdriverYardjjtihg\")][contains(@id ,\"application-addressmanagement-display-component---detailAdm--addressDetailDetailsName1\")]"}
RESULT: {}
COMMAND: POST /session/f773981d6b54d7f6084c0f44ff121803/element - {"using":"xpath","value":"//span[contains(text(), \"WebdriverYardjjtihg\")][contains(@id ,\"application-addressmanagement-display-component---detailAdm--addressDetailDetailsName1\")]"}
RESULT: {}
RESULT: {"using":"xpath","value":"//span[contains(text(), \"WebdriverYardjjtihg\")][contains(@id ,\"application-addressmanagement-display-component---detailAdm--addressDetailDetailsName1\")]"}
COMMAND: POST /session/f773981d6b54d7f6084c0f44ff121803/element - {"using":"xpath","value":"//span[contains(text(), \"WebdriverYardjjtihg\")][contains(@id ,\"application-addressmanagement-display-component---detailAdm--addressDetailDetailsName1\")]"}
RESULT: {"using":"xpath","value":"//span[contains(text(), \"WebdriverYardjjtihg\")][contains(@id ,\"application-addressmanagement-display-component---detailAdm--addressDetailDetailsName1\")]"}
COMMAND: POST /session/f773981d6b54d7f6084c0f44ff121803/element - {"using":"xpath","value":"//span[contains(text(), \"WebdriverYardjjtihg\")][contains(@id ,\"application-addressmanagement-display-component---detailAdm--addressDetailDetailsName1\")]"}
RESULT: {"using":"xpath","value":"//span[contains(text(), \"WebdriverYardjjtihg\")][contains(@id ,\"application-addressmanagement-display-component---detailAdm--addressDetailDetailsName1\")]"}
COMMAND: POST /session/f773981d6b54d7f6084c0f44ff121803/execute/async - {"script":"<script> [1562 bytes]","args":[{"selector":{"controlType":"sap.m.Title","viewName":"etm.portal.ui.managesites.view.Master","viewId":"application-managesites-display-component---masterSite","i18NText":{"propertyName":"text","key":"sites"}},"wdio_ui5_key":"etmportal.ui.managesites.view.Mastersap.m.Title{\"propertyName\":\"text\",\"key\":\"sites\"}"}]}
COMMAND: POST /session/f773981d6b54d7f6084c0f44ff121803/element - {"using":"xpath","value":"//span[contains(text(), \"WebdriverYardjjtihg\")][contains(@id ,\"application-addressmanagement-display-component---detailAdm--addressDetailDetailsName1\")]"}
RESULT: {"script":"<script> [1562 bytes]","args":[{"selector":{"controlType":"sap.m.Title","viewName":"etm.portal.ui.managesites.view.Master","viewId":"application-managesites-display-component---masterSite","i18NText":{"propertyName":"text","key":"sites"}},"wdio_ui5_key":"etmportal.ui.managesites.view.Mastersap.m.Title{\"propertyName\":\"text\",\"key\":\"sites\"}"}]}
RESULT: undefined
COMMAND: POST /session/f773981d6b54d7f6084c0f44ff121803/execute/async - {"script":"<script> [6424 bytes]","args":[{"element-6066-11e4-a52e-4f735466cecf":"f.91F10126D0D92D54C5836EF8FC19CACF.d.956AA7758E4EA234123821A7906B957F.e.4278"},"getText",[]]}
RESULT: {"using":"xpath","value":"//span[contains(text(), \"WebdriverYardjjtihg\")][contains(@id ,\"application-addressmanagement-display-component---detailAdm--addressDetailDetailsName1\")]"}
RESULT: {"script":"<script> [6424 bytes]","args":[{"element-6066-11e4-a52e-4f735466cecf":"f.91F10126D0D92D54C5836EF8FC19CACF.d.956AA7758E4EA234123821A7906B957F.e.4278"},"getText",[]]}
COMMAND: POST /session/f773981d6b54d7f6084c0f44ff121803/execute/async - {"script":"<script> [1562 bytes]","args":[{"selector":{"id":"application-managesites-display-component---detailSite--addressDetailDetailsName1"},"wdio_ui5_key":"applicationmanagesites-display-component---detailSite--addressDetailDetailsName1"}]}
COMMAND: POST /session/f773981d6b54d7f6084c0f44ff121803/element - {"using":"xpath","value":"//span[contains(text(), \"WebdriverYardjjtihg\")][contains(@id ,\"application-addressmanagement-display-component---detailAdm--addressDetailDetailsName1\")]"}
RESULT: {"script":"<script> [1562 bytes]","args":[{"selector":{"id":"application-managesites-display-component---detailSite--addressDetailDetailsName1"},"wdio_ui5_key":"applicationmanagesites-display-component---detailSite--addressDetailDetailsName1"}]}
RESULT: undefined
COMMAND: POST /session/f773981d6b54d7f6084c0f44ff121803/execute/async - {"script":"<script> [6424 bytes]","args":[{"element-6066-11e4-a52e-4f735466cecf":"f.91F10126D0D92D54C5836EF8FC19CACF.d.956AA7758E4EA234123821A7906B957F.e.4135"},"getValue",[]]}
RESULT: {"using":"xpath","value":"//span[contains(text(), \"WebdriverYardjjtihg\")][contains(@id ,\"application-addressmanagement-display-component---detailAdm--addressDetailDetailsName1\")]"}
RESULT: {"script":"<script> [6424 bytes]","args":[{"element-6066-11e4-a52e-4f735466cecf":"f.91F10126D0D92D54C5836EF8FC19CACF.d.956AA7758E4EA234123821A7906B957F.e.4135"},"getValue",[]]}
RESULT: undefined
COMMAND: POST /session/f773981d6b54d7f6084c0f44ff121803/element - {"using":"xpath","value":"//*[@id=\"backBtn\"]"}
RESULT: {"using":"xpath","value":"//*[@id=\"backBtn\"]"}
COMMAND: POST /session/f773981d6b54d7f6084c0f44ff121803/element/f.91F10126D0D92D54C5836EF8FC19CACF.d.956AA7758E4EA234123821A7906B957F.e.3213/click - {}
COMMAND: POST /session/f773981d6b54d7f6084c0f44ff121803/element - {"using":"xpath","value":"//span[contains(text(), \"WebdriverYardjjtihg\")][contains(@id ,\"application-addressmanagement-display-component---detailAdm--addressDetailDetailsName1\")]"}
RESULT: {}
COMMAND: GET /session/f773981d6b54d7f6084c0f44ff121803/screenshot - {}
RESULT: {"using":"xpath","value":"//span[contains(text(), \"WebdriverYardjjtihg\")][contains(@id ,\"application-addressmanagement-display-component---detailAdm--addressDetailDetailsName1\")]"}
RESULT: {}
COMMAND: POST /session/f773981d6b54d7f6084c0f44ff121803/element - {"using":"xpath","value":"//span[contains(text(), \"WebdriverYardjjtihg\")][contains(@id ,\"application-addressmanagement-display-component---detailAdm--addressDetailDetailsName1\")]"}
RESULT: {"using":"xpath","value":"//span[contains(text(), \"WebdriverYardjjtihg\")][contains(@id ,\"application-addressmanagement-display-component---detailAdm--addressDetailDetailsName1\")]"}
COMMAND: POST /session/f773981d6b54d7f6084c0f44ff121803/element - {"using":"xpath","value":"//span[contains(text(), \"WebdriverYardjjtihg\")][contains(@id ,\"application-addressmanagement-display-component---detailAdm--addressDetailDetailsName1\")]"}
RESULT: {"using":"xpath","value":"//span[contains(text(), \"WebdriverYardjjtihg\")][contains(@id ,\"application-addressmanagement-display-component---detailAdm--addressDetailDetailsName1\")]"}
COMMAND: POST /session/f773981d6b54d7f6084c0f44ff121803/element - {"using":"xpath","value":"//span[contains(text(), \"WebdriverYardjjtihg\")][contains(@id ,\"application-addressmanagement-display-component---detailAdm--addressDetailDetailsName1\")]"}
RESULT: {"using":"xpath","value":"//span[contains(text(), \"WebdriverYardjjtihg\")][contains(@id ,\"application-addressmanagement-display-component---detailAdm--addressDetailDetailsName1\")]"}
COMMAND: POST /session/f773981d6b54d7f6084c0f44ff121803/element - {"using":"xpath","value":"//span[contains(text(), \"WebdriverYardjjtihg\")][contains(@id ,\"application-addressmanagement-display-component---detailAdm--addressDetailDetailsName1\")]"}
RESULT: {"using":"xpath","value":"//span[contains(text(), \"WebdriverYardjjtihg\")][contains(@id ,\"application-addressmanagement-display-component---detailAdm--addressDetailDetailsName1\")]"}
COMMAND: POST /session/f773981d6b54d7f6084c0f44ff121803/element - {"using":"xpath","value":"//span[contains(text(), \"WebdriverYardjjtihg\")][contains(@id ,\"application-addressmanagement-display-component---detailAdm--addressDetailDetailsName1\")]"}
RESULT: {"using":"xpath","value":"//span[contains(text(), \"WebdriverYardjjtihg\")][contains(@id ,\"application-addressmanagement-display-component---detailAdm--addressDetailDetailsName1\")]"}
COMMAND: POST /session/f773981d6b54d7f6084c0f44ff121803/element - {"using":"xpath","value":"//span[contains(text(), \"WebdriverYardjjtihg\")][contains(@id ,\"application-addressmanagement-display-component---detailAdm--addressDetailDetailsName1\")]"}
RESULT: {"using":"xpath","value":"//span[contains(text(), \"WebdriverYardjjtihg\")][contains(@id ,\"application-addressmanagement-display-component---detailAdm--addressDetailDetailsName1\")]"}
COMMAND: POST /session/f773981d6b54d7f6084c0f44ff121803/element - {"using":"xpath","value":"//span[contains(text(), \"WebdriverYardjjtihg\")][contains(@id ,\"application-addressmanagement-display-component---detailAdm--addressDetailDetailsName1\")]"}
RESULT: {"using":"xpath","value":"//span[contains(text(), \"WebdriverYardjjtihg\")][contains(@id ,\"application-addressmanagement-display-component---detailAdm--addressDetailDetailsName1\")]"}
COMMAND: POST /session/f773981d6b54d7f6084c0f44ff121803/element - {"using":"xpath","value":"//span[contains(text(), \"WebdriverYardjjtihg\")][contains(@id ,\"application-addressmanagement-display-component---detailAdm--addressDetailDetailsName1\")]"}
RESULT: {"using":"xpath","value":"//span[contains(text(), \"WebdriverYardjjtihg\")][contains(@id ,\"application-addressmanagement-display-component---detailAdm--addressDetailDetailsName1\")]"}
COMMAND: POST /session/f773981d6b54d7f6084c0f44ff121803/element - {"using":"xpath","value":"//span[contains(text(), \"WebdriverYardjjtihg\")][contains(@id ,\"application-addressmanagement-display-component---detailAdm--addressDetailDetailsName1\")]"}
RESULT: {"using":"xpath","value":"//span[contains(text(), \"WebdriverYardjjtihg\")][contains(@id ,\"application-addressmanagement-display-component---detailAdm--addressDetailDetailsName1\")]"}
COMMAND: POST /session/f773981d6b54d7f6084c0f44ff121803/element - {"using":"xpath","value":"//span[contains(text(), \"WebdriverYardjjtihg\")][contains(@id ,\"application-addressmanagement-display-component---detailAdm--addressDetailDetailsName1\")]"}
RESULT: {"using":"xpath","value":"//span[contains(text(), \"WebdriverYardjjtihg\")][contains(@id ,\"application-addressmanagement-display-component---detailAdm--addressDetailDetailsName1\")]"}
COMMAND: POST /session/f773981d6b54d7f6084c0f44ff121803/element - {"using":"xpath","value":"//span[contains(text(), \"WebdriverYardjjtihg\")][contains(@id ,\"application-addressmanagement-display-component---detailAdm--addressDetailDetailsName1\")]"}
RESULT: {"using":"xpath","value":"//span[contains(text(), \"WebdriverYardjjtihg\")][contains(@id ,\"application-addressmanagement-display-component---detailAdm--addressDetailDetailsName1\")]"}
COMMAND: POST /session/f773981d6b54d7f6084c0f44ff121803/element - {"using":"xpath","value":"//span[contains(text(), \"WebdriverYardjjtihg\")][contains(@id ,\"application-addressmanagement-display-component---detailAdm--addressDetailDetailsName1\")]"}
RESULT: {"using":"xpath","value":"//span[contains(text(), \"WebdriverYardjjtihg\")][contains(@id ,\"application-addressmanagement-display-component---detailAdm--addressDetailDetailsName1\")]"}
COMMAND: POST /session/f773981d6b54d7f6084c0f44ff121803/element - {"using":"xpath","value":"//span[contains(text(), \"WebdriverYardjjtihg\")][contains(@id ,\"application-addressmanagement-display-component---detailAdm--addressDetailDetailsName1\")]"}
RESULT: {"using":"xpath","value":"//span[contains(text(), \"WebdriverYardjjtihg\")][contains(@id ,\"application-addressmanagement-display-component---detailAdm--addressDetailDetailsName1\")]"}
COMMAND: POST /session/f773981d6b54d7f6084c0f44ff121803/element - {"using":"xpath","value":"//span[contains(text(), \"WebdriverYardjjtihg\")][contains(@id ,\"application-addressmanagement-display-component---detailAdm--addressDetailDetailsName1\")]"}
RESULT: {"using":"xpath","value":"//span[contains(text(), \"WebdriverYardjjtihg\")][contains(@id ,\"application-addressmanagement-display-component---detailAdm--addressDetailDetailsName1\")]"}
COMMAND: POST /session/f773981d6b54d7f6084c0f44ff121803/execute/sync - {"script":"<script> [8489 bytes]","args":[{"element-6066-11e4-a52e-4f735466cecf":"f.91F10126D0D92D54C5836EF8FC19CACF.d.956AA7758E4EA234123821A7906B957F.e.4067","ELEMENT":"f.91F10126D0D92D54C5836EF8FC19CACF.d.956AA7758E4EA234123821A7906B957F.e.4067"}]}
COMMAND: POST /session/f773981d6b54d7f6084c0f44ff121803/element - {"using":"xpath","value":"//span[contains(text(), \"WebdriverYardjjtihg\")][contains(@id ,\"application-addressmanagement-display-component---detailAdm--addressDetailDetailsName1\")]"}
COMMAND: POST /session/f773981d6b54d7f6084c0f44ff121803/element - {"using":"xpath","value":"//*[contains(@data-kt ,\"webshopDetailSiteLink\")]"}
RESULT: {"using":"xpath","value":"//span[contains(text(), \"WebdriverYardjjtihg\")][contains(@id ,\"application-addressmanagement-display-component---detailAdm--addressDetailDetailsName1\")]"}
RESULT: {"using":"xpath","value":"//*[contains(@data-kt ,\"webshopDetailSiteLink\")]"}
COMMAND: POST /session/f773981d6b54d7f6084c0f44ff121803/execute/sync - {"script":"<script> [8489 bytes]","args":[{"element-6066-11e4-a52e-4f735466cecf":"f.91F10126D0D92D54C5836EF8FC19CACF.d.956AA7758E4EA234123821A7906B957F.e.4422","ELEMENT":"f.91F10126D0D92D54C5836EF8FC19CACF.d.956AA7758E4EA234123821A7906B957F.e.4422"}]}
RESULT: {"script":"<script> [8489 bytes]","args":[{"element-6066-11e4-a52e-4f735466cecf":"f.91F10126D0D92D54C5836EF8FC19CACF.d.956AA7758E4EA234123821A7906B957F.e.4422","ELEMENT":"f.91F10126D0D92D54C5836EF8FC19CACF.d.956AA7758E4EA234123821A7906B957F.e.4422"}]}
COMMAND: POST /session/f773981d6b54d7f6084c0f44ff121803/execute/sync - {"script":"<script> [5351 bytes]","args":[{"element-6066-11e4-a52e-4f735466cecf":"f.91F10126D0D92D54C5836EF8FC19CACF.d.956AA7758E4EA234123821A7906B957F.e.4422","ELEMENT":"f.91F10126D0D92D54C5836EF8FC19CACF.d.956AA7758E4EA234123821A7906B957F.e.4422"}]}
COMMAND: GET /session/f773981d6b54d7f6084c0f44ff121803/screenshot - {}
RESULT: {"script":"<script> [5351 bytes]","args":[{"element-6066-11e4-a52e-4f735466cecf":"f.91F10126D0D92D54C5836EF8FC19CACF.d.956AA7758E4EA234123821A7906B957F.e.4422","ELEMENT":"f.91F10126D0D92D54C5836EF8FC19CACF.d.956AA7758E4EA234123821A7906B957F.e.4422"}]}
COMMAND: POST /session/f773981d6b54d7f6084c0f44ff121803/element - {"using":"xpath","value":"//*[contains(@data-kt ,\"webshopDetailSiteLink\")]"}
COMMAND: GET /session/f773981d6b54d7f6084c0f44ff121803/screenshot - {}
RESULT: {}
RESULT: {"using":"xpath","value":"//*[contains(@data-kt ,\"webshopDetailSiteLink\")]"}
COMMAND: POST /session/f773981d6b54d7f6084c0f44ff121803/element/f.91F10126D0D92D54C5836EF8FC19CACF.d.956AA7758E4EA234123821A7906B957F.e.4422/click - {}
COMMAND: POST /session/f773981d6b54d7f6084c0f44ff121803/element - {"using":"xpath","value":"//span[contains(text(), \"WebdriverYardjjtihg\")][contains(@id ,\"application-addressmanagement-display-component---detailAdm--addressDetailDetailsName1\")]"}
RESULT: {}
RESULT: {}
COMMAND: GET /session/f773981d6b54d7f6084c0f44ff121803/screenshot - {}
RESULT: {"using":"xpath","value":"//span[contains(text(), \"WebdriverYardjjtihg\")][contains(@id ,\"application-addressmanagement-display-component---detailAdm--addressDetailDetailsName1\")]"}
RESULT: {}
COMMAND: POST /session/f773981d6b54d7f6084c0f44ff121803/element - {"using":"xpath","value":"//span[contains(text(), \"WebdriverYardjjtihg\")][contains(@id ,\"application-addressmanagement-display-component---detailAdm--addressDetailDetailsName1\")]"}
RESULT: {"using":"xpath","value":"//span[contains(text(), \"WebdriverYardjjtihg\")][contains(@id ,\"application-addressmanagement-display-component---detailAdm--addressDetailDetailsName1\")]"}
COMMAND: POST /session/f773981d6b54d7f6084c0f44ff121803/element - {"using":"xpath","value":"//span[contains(text(), \"WebdriverYardjjtihg\")][contains(@id ,\"application-addressmanagement-display-component---detailAdm--addressDetailDetailsName1\")]"}
RESULT: {"using":"xpath","value":"//span[contains(text(), \"WebdriverYardjjtihg\")][contains(@id ,\"application-addressmanagement-display-component---detailAdm--addressDetailDetailsName1\")]"}
COMMAND: POST /session/f773981d6b54d7f6084c0f44ff121803/element - {"using":"xpath","value":"//span[contains(text(), \"WebdriverYardjjtihg\")][contains(@id ,\"application-addressmanagement-display-component---detailAdm--addressDetailDetailsName1\")]"}
RESULT: {"using":"xpath","value":"//span[contains(text(), \"WebdriverYardjjtihg\")][contains(@id ,\"application-addressmanagement-display-component---detailAdm--addressDetailDetailsName1\")]"}
COMMAND: POST /session/f773981d6b54d7f6084c0f44ff121803/element/f.91F10126D0D92D54C5836EF8FC19CACF.d.956AA7758E4EA234123821A7906B957F.e.4070/click - {}
COMMAND: POST /session/f773981d6b54d7f6084c0f44ff121803/element - {"using":"xpath","value":"//*[contains(@data-kt ,\"ContextMenuId2Link\")][contains(text(), \"Site Overview\")]"}
RESULT: {"using":"xpath","value":"//*[contains(@data-kt ,\"ContextMenuId2Link\")][contains(text(), \"Site Overview\")]"}
COMMAND: POST /session/f773981d6b54d7f6084c0f44ff121803/element/f.91F10126D0D92D54C5836EF8FC19CACF.d.956AA7758E4EA234123821A7906B957F.e.4070/click - {}
COMMAND: POST /session/f773981d6b54d7f6084c0f44ff121803/element - {"using":"xpath","value":"//*[contains(@data-kt ,\"ContextMenuId2Link\")][contains(text(), \"Site Overview\")]"}
RESULT: {"using":"xpath","value":"//*[contains(@data-kt ,\"ContextMenuId2Link\")][contains(text(), \"Site Overview\")]"}
COMMAND: POST /session/f773981d6b54d7f6084c0f44ff121803/element/f.91F10126D0D92D54C5836EF8FC19CACF.d.956AA7758E4EA234123821A7906B957F.e.4424/click - {}
COMMAND: POST /session/f773981d6b54d7f6084c0f44ff121803/element - {"using":"xpath","value":"//span[contains(text(), \"WebdriverYardjjtihg\")][contains(@id ,\"application-addressmanagement-display-component---detailAdm--addressDetailDetailsName1\")]"}
RESULT: {}
COMMAND: GET /session/f773981d6b54d7f6084c0f44ff121803/screenshot - {}
RESULT: {"using":"xpath","value":"//span[contains(text(), \"WebdriverYardjjtihg\")][contains(@id ,\"application-addressmanagement-display-component---detailAdm--addressDetailDetailsName1\")]"}
RESULT: {}
COMMAND: POST /session/f773981d6b54d7f6084c0f44ff121803/element - {"using":"xpath","value":"//span[contains(text(), \"WebdriverYardjjtihg\")][contains(@id ,\"application-addressmanagement-display-component---detailAdm--addressDetailDetailsName1\")]"}
RESULT: {"using":"xpath","value":"//span[contains(text(), \"WebdriverYardjjtihg\")][contains(@id ,\"application-addressmanagement-display-component---detailAdm--addressDetailDetailsName1\")]"}
COMMAND: POST /session/f773981d6b54d7f6084c0f44ff121803/element - {"using":"xpath","value":"//span[contains(text(), \"WebdriverYardjjtihg\")][contains(@id ,\"application-addressmanagement-display-component---detailAdm--addressDetailDetailsName1\")]"}
RESULT: {"using":"xpath","value":"//span[contains(text(), \"WebdriverYardjjtihg\")][contains(@id ,\"application-addressmanagement-display-component---detailAdm--addressDetailDetailsName1\")]"}
COMMAND: POST /session/f773981d6b54d7f6084c0f44ff121803/element - {"using":"xpath","value":"//span[contains(text(), \"WebdriverYardjjtihg\")][contains(@id ,\"application-addressmanagement-display-component---detailAdm--addressDetailDetailsName1\")]"}
RESULT: {"using":"xpath","value":"//span[contains(text(), \"WebdriverYardjjtihg\")][contains(@id ,\"application-addressmanagement-display-component---detailAdm--addressDetailDetailsName1\")]"}
COMMAND: POST /session/f773981d6b54d7f6084c0f44ff121803/element - {"using":"xpath","value":"//span[contains(text(), \"WebdriverYardjjtihg\")][contains(@id ,\"application-addressmanagement-display-component---detailAdm--addressDetailDetailsName1\")]"}
RESULT: {"using":"xpath","value":"//span[contains(text(), \"WebdriverYardjjtihg\")][contains(@id ,\"application-addressmanagement-display-component---detailAdm--addressDetailDetailsName1\")]"}
RESULT: undefined
COMMAND: POST /session/f773981d6b54d7f6084c0f44ff121803/execute/async - {"script":"<script> [6424 bytes]","args":[{"element-6066-11e4-a52e-4f735466cecf":"f.91F10126D0D92D54C5836EF8FC19CACF.d.956AA7758E4EA234123821A7906B957F.e.3210"},"getTitle",[]]}
COMMAND: POST /session/f773981d6b54d7f6084c0f44ff121803/execute/async - {"script":"<script> [1562 bytes]","args":[{"selector":{"id":"shellAppTitle"},"wdio_ui5_key":"shellAppTitle"}]}
RESULT: {"script":"<script> [1562 bytes]","args":[{"selector":{"id":"shellAppTitle"},"wdio_ui5_key":"shellAppTitle"}]}
COMMAND: POST /session/f773981d6b54d7f6084c0f44ff121803/execute/async - {"script":"<script> [6424 bytes]","args":[{"element-6066-11e4-a52e-4f735466cecf":"f.91F10126D0D92D54C5836EF8FC19CACF.d.956AA7758E4EA234123821A7906B957F.e.4505"},"getTitle",[]]}
RESULT: {"script":"<script> [6424 bytes]","args":[{"element-6066-11e4-a52e-4f735466cecf":"f.91F10126D0D92D54C5836EF8FC19CACF.d.956AA7758E4EA234123821A7906B957F.e.4505"},"getTitle",[]]}
COMMAND: POST /session/f773981d6b54d7f6084c0f44ff121803/element - {"using":"xpath","value":"(//span[contains(text(), \"WebdriverSite0w0w3\")])[2]"}
RESULT: {"using":"xpath","value":"(//span[contains(text(), \"WebdriverSite0w0w3\")])[2]"}
COMMAND: POST /session/f773981d6b54d7f6084c0f44ff121803/execute/sync - {"script":"<script> [8489 bytes]","args":[{"element-6066-11e4-a52e-4f735466cecf":"f.91F10126D0D92D54C5836EF8FC19CACF.d.956AA7758E4EA234123821A7906B957F.e.4506","ELEMENT":"f.91F10126D0D92D54C5836EF8FC19CACF.d.956AA7758E4EA234123821A7906B957F.e.4506"}]}
RESULT: undefined
COMMAND: POST /session/f773981d6b54d7f6084c0f44ff121803/element - {"using":"xpath","value":"//*[@id=\"backBtn\"]"}
RESULT: {"using":"xpath","value":"//*[@id=\"backBtn\"]"}
COMMAND: POST /session/f773981d6b54d7f6084c0f44ff121803/element/f.91F10126D0D92D54C5836EF8FC19CACF.d.956AA7758E4EA234123821A7906B957F.e.3213/click - {}
RESULT: {"script":"<script> [8489 bytes]","args":[{"element-6066-11e4-a52e-4f735466cecf":"f.91F10126D0D92D54C5836EF8FC19CACF.d.956AA7758E4EA234123821A7906B957F.e.4506","ELEMENT":"f.91F10126D0D92D54C5836EF8FC19CACF.d.956AA7758E4EA234123821A7906B957F.e.4506"}]}
COMMAND: GET /session/f773981d6b54d7f6084c0f44ff121803/screenshot - {}
RESULT: {}
COMMAND: GET /session/f773981d6b54d7f6084c0f44ff121803/screenshot - {}
RESULT: {}
RESULT: {}
COMMAND: POST /session/f773981d6b54d7f6084c0f44ff121803/execute/sync - {"script":"<script> [8489 bytes]","args":[{"element-6066-11e4-a52e-4f735466cecf":"f.91F10126D0D92D54C5836EF8FC19CACF.d.956AA7758E4EA234123821A7906B957F.e.4422","ELEMENT":"f.91F10126D0D92D54C5836EF8FC19CACF.d.956AA7758E4EA234123821A7906B957F.e.4422"}]}
COMMAND: POST /session/f773981d6b54d7f6084c0f44ff121803/element - {"using":"xpath","value":"//*[contains(@data-kt ,\"webshopDetailSiteLink\")]"}
RESULT: {"using":"xpath","value":"//*[contains(@data-kt ,\"webshopDetailSiteLink\")]"}
COMMAND: POST /session/f773981d6b54d7f6084c0f44ff121803/execute/sync - {"script":"<script> [8489 bytes]","args":[{"element-6066-11e4-a52e-4f735466cecf":"f.91F10126D0D92D54C5836EF8FC19CACF.d.956AA7758E4EA234123821A7906B957F.e.4638","ELEMENT":"f.91F10126D0D92D54C5836EF8FC19CACF.d.956AA7758E4EA234123821A7906B957F.e.4638"}]}
RESULT: {"script":"<script> [8489 bytes]","args":[{"element-6066-11e4-a52e-4f735466cecf":"f.91F10126D0D92D54C5836EF8FC19CACF.d.956AA7758E4EA234123821A7906B957F.e.4638","ELEMENT":"f.91F10126D0D92D54C5836EF8FC19CACF.d.956AA7758E4EA234123821A7906B957F.e.4638"}]}
COMMAND: POST /session/f773981d6b54d7f6084c0f44ff121803/execute/sync - {"script":"<script> [5351 bytes]","args":[{"element-6066-11e4-a52e-4f735466cecf":"f.91F10126D0D92D54C5836EF8FC19CACF.d.956AA7758E4EA234123821A7906B957F.e.4638","ELEMENT":"f.91F10126D0D92D54C5836EF8FC19CACF.d.956AA7758E4EA234123821A7906B957F.e.4638"}]}
COMMAND: GET /session/f773981d6b54d7f6084c0f44ff121803/screenshot - {}
RESULT: {"script":"<script> [5351 bytes]","args":[{"element-6066-11e4-a52e-4f735466cecf":"f.91F10126D0D92D54C5836EF8FC19CACF.d.956AA7758E4EA234123821A7906B957F.e.4638","ELEMENT":"f.91F10126D0D92D54C5836EF8FC19CACF.d.956AA7758E4EA234123821A7906B957F.e.4638"}]}
COMMAND: POST /session/f773981d6b54d7f6084c0f44ff121803/element - {"using":"xpath","value":"//*[contains(@data-kt ,\"webshopDetailSiteLink\")]"}
COMMAND: GET /session/f773981d6b54d7f6084c0f44ff121803/screenshot - {}
RESULT: {}
RESULT: {"using":"xpath","value":"//*[contains(@data-kt ,\"webshopDetailSiteLink\")]"}
COMMAND: POST /session/f773981d6b54d7f6084c0f44ff121803/element/f.91F10126D0D92D54C5836EF8FC19CACF.d.956AA7758E4EA234123821A7906B957F.e.4638/click - {}
RESULT: {}
RESULT: {}
COMMAND: GET /session/f773981d6b54d7f6084c0f44ff121803/screenshot - {}
RESULT: {}
COMMAND: POST /session/f773981d6b54d7f6084c0f44ff121803/element/f.91F10126D0D92D54C5836EF8FC19CACF.d.956AA7758E4EA234123821A7906B957F.e.4071/click - {}
COMMAND: POST /session/f773981d6b54d7f6084c0f44ff121803/element - {"using":"xpath","value":"//*[contains(@data-kt ,\"ContextMenuId3Link\")][contains(text(), \"Site Main Address\")]"}
RESULT: {"using":"xpath","value":"//*[contains(@data-kt ,\"ContextMenuId3Link\")][contains(text(), \"Site Main Address\")]"}
COMMAND: POST /session/f773981d6b54d7f6084c0f44ff121803/element/f.91F10126D0D92D54C5836EF8FC19CACF.d.956AA7758E4EA234123821A7906B957F.e.4071/click - {}
COMMAND: POST /session/f773981d6b54d7f6084c0f44ff121803/element - {"using":"xpath","value":"//*[contains(@data-kt ,\"ContextMenuId3Link\")][contains(text(), \"Site Main Address\")]"}
RESULT: {"using":"xpath","value":"//*[contains(@data-kt ,\"ContextMenuId3Link\")][contains(text(), \"Site Main Address\")]"}
COMMAND: POST /session/f773981d6b54d7f6084c0f44ff121803/element/f.91F10126D0D92D54C5836EF8FC19CACF.d.956AA7758E4EA234123821A7906B957F.e.4640/click - {}
RESULT: {}
COMMAND: GET /session/f773981d6b54d7f6084c0f44ff121803/screenshot - {}
RESULT: {}
COMMAND: POST /session/f773981d6b54d7f6084c0f44ff121803/element - {"using":"xpath","value":"//span[contains(@id ,\"application-addressmanagement-display-component---masterAdm--title1-inner\")]"}
RESULT: {"using":"xpath","value":"//span[contains(@id ,\"application-addressmanagement-display-component---masterAdm--title1-inner\")]"}
COMMAND: GET /session/f773981d6b54d7f6084c0f44ff121803/element/f.91F10126D0D92D54C5836EF8FC19CACF.d.956AA7758E4EA234123821A7906B957F.e.4915/text - {}
RESULT: {}
COMMAND: POST /session/f773981d6b54d7f6084c0f44ff121803/element - {"using":"xpath","value":"//span[contains(@id ,\"application-addressmanagement-display-component---detailAdm--addressDetailDetailsName1\")][contains(text(), \"WebdriverSite0w0w3\")]"}
RESULT: {"using":"xpath","value":"//span[contains(@id ,\"application-addressmanagement-display-component---detailAdm--addressDetailDetailsName1\")][contains(text(), \"WebdriverSite0w0w3\")]"}
COMMAND: POST /session/f773981d6b54d7f6084c0f44ff121803/execute/sync - {"script":"<script> [8489 bytes]","args":[{"element-6066-11e4-a52e-4f735466cecf":"f.91F10126D0D92D54C5836EF8FC19CACF.d.956AA7758E4EA234123821A7906B957F.e.4916","ELEMENT":"f.91F10126D0D92D54C5836EF8FC19CACF.d.956AA7758E4EA234123821A7906B957F.e.4916"}]}
RESULT: undefined
COMMAND: POST /session/f773981d6b54d7f6084c0f44ff121803/element - {"using":"xpath","value":"//*[@id=\"backBtn\"]"}
RESULT: {"script":"<script> [8489 bytes]","args":[{"element-6066-11e4-a52e-4f735466cecf":"f.91F10126D0D92D54C5836EF8FC19CACF.d.956AA7758E4EA234123821A7906B957F.e.4916","ELEMENT":"f.91F10126D0D92D54C5836EF8FC19CACF.d.956AA7758E4EA234123821A7906B957F.e.4916"}]}
COMMAND: GET /session/f773981d6b54d7f6084c0f44ff121803/screenshot - {}
RESULT: {"using":"xpath","value":"//*[@id=\"backBtn\"]"}
COMMAND: POST /session/f773981d6b54d7f6084c0f44ff121803/element/f.91F10126D0D92D54C5836EF8FC19CACF.d.956AA7758E4EA234123821A7906B957F.e.3213/click - {}
RESULT: {}
RESULT: {}
COMMAND: GET /session/f773981d6b54d7f6084c0f44ff121803/screenshot - {}
RESULT: {}
COMMAND: POST /session/f773981d6b54d7f6084c0f44ff121803/execute/sync - {"script":"<script> [8489 bytes]","args":[{"element-6066-11e4-a52e-4f735466cecf":"f.91F10126D0D92D54C5836EF8FC19CACF.d.956AA7758E4EA234123821A7906B957F.e.4638","ELEMENT":"f.91F10126D0D92D54C5836EF8FC19CACF.d.956AA7758E4EA234123821A7906B957F.e.4638"}]}
COMMAND: POST /session/f773981d6b54d7f6084c0f44ff121803/element - {"using":"xpath","value":"//*[contains(@data-kt ,\"webshopDetailSiteLink\")]"}
RESULT: {"using":"xpath","value":"//*[contains(@data-kt ,\"webshopDetailSiteLink\")]"}
COMMAND: POST /session/f773981d6b54d7f6084c0f44ff121803/execute/sync - {"script":"<script> [8489 bytes]","args":[{"element-6066-11e4-a52e-4f735466cecf":"f.91F10126D0D92D54C5836EF8FC19CACF.d.956AA7758E4EA234123821A7906B957F.e.5079","ELEMENT":"f.91F10126D0D92D54C5836EF8FC19CACF.d.956AA7758E4EA234123821A7906B957F.e.5079"}]}
RESULT: {"script":"<script> [8489 bytes]","args":[{"element-6066-11e4-a52e-4f735466cecf":"f.91F10126D0D92D54C5836EF8FC19CACF.d.956AA7758E4EA234123821A7906B957F.e.5079","ELEMENT":"f.91F10126D0D92D54C5836EF8FC19CACF.d.956AA7758E4EA234123821A7906B957F.e.5079"}]}
COMMAND: POST /session/f773981d6b54d7f6084c0f44ff121803/execute/sync - {"script":"<script> [5351 bytes]","args":[{"element-6066-11e4-a52e-4f735466cecf":"f.91F10126D0D92D54C5836EF8FC19CACF.d.956AA7758E4EA234123821A7906B957F.e.5079","ELEMENT":"f.91F10126D0D92D54C5836EF8FC19CACF.d.956AA7758E4EA234123821A7906B957F.e.5079"}]}
COMMAND: GET /session/f773981d6b54d7f6084c0f44ff121803/screenshot - {}
RESULT: {"script":"<script> [5351 bytes]","args":[{"element-6066-11e4-a52e-4f735466cecf":"f.91F10126D0D92D54C5836EF8FC19CACF.d.956AA7758E4EA234123821A7906B957F.e.5079","ELEMENT":"f.91F10126D0D92D54C5836EF8FC19CACF.d.956AA7758E4EA234123821A7906B957F.e.5079"}]}
COMMAND: POST /session/f773981d6b54d7f6084c0f44ff121803/element - {"using":"xpath","value":"//*[contains(@data-kt ,\"webshopDetailSiteLink\")]"}
COMMAND: GET /session/f773981d6b54d7f6084c0f44ff121803/screenshot - {}
RESULT: {}
RESULT: {"using":"xpath","value":"//*[contains(@data-kt ,\"webshopDetailSiteLink\")]"}
COMMAND: POST /session/f773981d6b54d7f6084c0f44ff121803/element/f.91F10126D0D92D54C5836EF8FC19CACF.d.956AA7758E4EA234123821A7906B957F.e.5079/click - {}
RESULT: {}
RESULT: {}
COMMAND: GET /session/f773981d6b54d7f6084c0f44ff121803/screenshot - {}
RESULT: {}
COMMAND: POST /session/f773981d6b54d7f6084c0f44ff121803/element - {"using":"xpath","value":"//button[contains(@data-kt ,\"ContextMenuIdExternalLink\")]"}
RESULT: {"using":"xpath","value":"//button[contains(@data-kt ,\"ContextMenuIdExternalLink\")]"}
COMMAND: POST /session/f773981d6b54d7f6084c0f44ff121803/element/f.91F10126D0D92D54C5836EF8FC19CACF.d.956AA7758E4EA234123821A7906B957F.e.5081/click - {}
RESULT: {}
COMMAND: GET /session/f773981d6b54d7f6084c0f44ff121803/screenshot - {}
RESULT: {}
COMMAND: GET /session/f773981d6b54d7f6084c0f44ff121803/window/handles - {}
RESULT: {}
COMMAND: POST /session/f773981d6b54d7f6084c0f44ff121803/window - {"handle":"830A65FDCD33984BB5E9100C5C7E2577"}
RESULT: {"handle":"830A65FDCD33984BB5E9100C5C7E2577"}
COMMAND: GET /session/f773981d6b54d7f6084c0f44ff121803/url - {}
RESULT: {}
COMMAND: GET /session/f773981d6b54d7f6084c0f44ff121803/screenshot - {}
COMMAND: DELETE /session/f773981d6b54d7f6084c0f44ff121803/window - {}
RESULT: {}
RESULT: {}
COMMAND: POST /session/f773981d6b54d7f6084c0f44ff121803/window - {"handle":"91F10126D0D92D54C5836EF8FC19CACF"}
RESULT: {"handle":"91F10126D0D92D54C5836EF8FC19CACF"}
COMMAND: GET /session/f773981d6b54d7f6084c0f44ff121803/url - {}
RESULT: {}
COMMAND: GET /session/f773981d6b54d7f6084c0f44ff121803/screenshot - {}
RESULT: {}
COMMAND: POST /session/f773981d6b54d7f6084c0f44ff121803/element - {"using":"xpath","value":"//button[contains(@data-kt ,\"ContextMenuExternalId2Link\")]"}
RESULT: {"using":"xpath","value":"//button[contains(@data-kt ,\"ContextMenuExternalId2Link\")]"}
COMMAND: POST /session/f773981d6b54d7f6084c0f44ff121803/element/f.91F10126D0D92D54C5836EF8FC19CACF.d.956AA7758E4EA234123821A7906B957F.e.5184/click - {}
RESULT: {}
COMMAND: GET /session/f773981d6b54d7f6084c0f44ff121803/screenshot - {}
RESULT: {}
COMMAND: GET /session/f773981d6b54d7f6084c0f44ff121803/window/handles - {}
RESULT: {}
COMMAND: POST /session/f773981d6b54d7f6084c0f44ff121803/window - {"handle":"64D53C84142F1990911C0298190E2070"}
RESULT: {"handle":"64D53C84142F1990911C0298190E2070"}
COMMAND: GET /session/f773981d6b54d7f6084c0f44ff121803/url - {}
RESULT: {}
COMMAND: GET /session/f773981d6b54d7f6084c0f44ff121803/screenshot - {}
RESULT: {}
COMMAND: POST /session/f773981d6b54d7f6084c0f44ff121803/execute/sync - {"script":"<script> [8489 bytes]","args":[{"element-6066-11e4-a52e-4f735466cecf":"f.91F10126D0D92D54C5836EF8FC19CACF.d.956AA7758E4EA234123821A7906B957F.e.4506","ELEMENT":"f.91F10126D0D92D54C5836EF8FC19CACF.d.956AA7758E4EA234123821A7906B957F.e.4506"}]}
COMMAND: DELETE /session/f773981d6b54d7f6084c0f44ff121803/window - {}
RESULT: {"script":"<script> [8489 bytes]","args":[{"element-6066-11e4-a52e-4f735466cecf":"f.91F10126D0D92D54C5836EF8FC19CACF.d.956AA7758E4EA234123821A7906B957F.e.4506","ELEMENT":"f.91F10126D0D92D54C5836EF8FC19CACF.d.956AA7758E4EA234123821A7906B957F.e.4506"}]}
COMMAND: GET /session/f773981d6b54d7f6084c0f44ff121803/screenshot - {}
COMMAND: POST /session/f773981d6b54d7f6084c0f44ff121803/execute/sync - {"script":"<script> [8489 bytes]","args":[{"element-6066-11e4-a52e-4f735466cecf":"f.91F10126D0D92D54C5836EF8FC19CACF.d.956AA7758E4EA234123821A7906B957F.e.4506","ELEMENT":"f.91F10126D0D92D54C5836EF8FC19CACF.d.956AA7758E4EA234123821A7906B957F.e.4506"}]}
RESULT: {}
COMMAND: POST /session/f773981d6b54d7f6084c0f44ff121803/window - {"handle":"91F10126D0D92D54C5836EF8FC19CACF"}
RESULT: {"handle":"91F10126D0D92D54C5836EF8FC19CACF"}
COMMAND: GET /session/f773981d6b54d7f6084c0f44ff121803/url - {}
RESULT: {}
COMMAND: POST /session/f773981d6b54d7f6084c0f44ff121803/element - {"using":"xpath","value":"(//span[contains(text(), \"WebdriverSite0w0w3\")])[2]"}
RESULT: {}
COMMAND: GET /session/f773981d6b54d7f6084c0f44ff121803/screenshot - {}
RESULT: {"using":"xpath","value":"(//span[contains(text(), \"WebdriverSite0w0w3\")])[2]"}
COMMAND: POST /session/f773981d6b54d7f6084c0f44ff121803/element - {"using":"xpath","value":"(//span[contains(text(), \"WebdriverSite0w0w3\")])[2]"}
RESULT: {}
RESULT: {"using":"xpath","value":"(//span[contains(text(), \"WebdriverSite0w0w3\")])[2]"}
COMMAND: POST /session/f773981d6b54d7f6084c0f44ff121803/element - {"using":"xpath","value":"(//span[contains(text(), \"WebdriverSite0w0w3\")])[2]"}
RESULT: {"using":"xpath","value":"(//span[contains(text(), \"WebdriverSite0w0w3\")])[2]"}
COMMAND: POST /session/f773981d6b54d7f6084c0f44ff121803/element - {"using":"xpath","value":"(//span[contains(text(), \"WebdriverSite0w0w3\")])[2]"}
RESULT: {"using":"xpath","value":"(//span[contains(text(), \"WebdriverSite0w0w3\")])[2]"}
COMMAND: POST /session/f773981d6b54d7f6084c0f44ff121803/element - {"using":"xpath","value":"(//span[contains(text(), \"WebdriverSite0w0w3\")])[2]"}
RESULT: {"using":"xpath","value":"(//span[contains(text(), \"WebdriverSite0w0w3\")])[2]"}
COMMAND: POST /session/f773981d6b54d7f6084c0f44ff121803/element - {"using":"xpath","value":"(//span[contains(text(), \"WebdriverSite0w0w3\")])[2]"}
RESULT: {"using":"xpath","value":"(//span[contains(text(), \"WebdriverSite0w0w3\")])[2]"}
COMMAND: POST /session/f773981d6b54d7f6084c0f44ff121803/execute/sync - {"script":"<script> [8489 bytes]","args":[{"element-6066-11e4-a52e-4f735466cecf":"f.91F10126D0D92D54C5836EF8FC19CACF.d.956AA7758E4EA234123821A7906B957F.e.5079","ELEMENT":"f.91F10126D0D92D54C5836EF8FC19CACF.d.956AA7758E4EA234123821A7906B957F.e.5079"}]}
RESULT: {"script":"<script> [8489 bytes]","args":[{"element-6066-11e4-a52e-4f735466cecf":"f.91F10126D0D92D54C5836EF8FC19CACF.d.956AA7758E4EA234123821A7906B957F.e.5079","ELEMENT":"f.91F10126D0D92D54C5836EF8FC19CACF.d.956AA7758E4EA234123821A7906B957F.e.5079"}]}
COMMAND: POST /session/f773981d6b54d7f6084c0f44ff121803/execute/sync - {"script":"<script> [5351 bytes]","args":[{"element-6066-11e4-a52e-4f735466cecf":"f.91F10126D0D92D54C5836EF8FC19CACF.d.956AA7758E4EA234123821A7906B957F.e.5079","ELEMENT":"f.91F10126D0D92D54C5836EF8FC19CACF.d.956AA7758E4EA234123821A7906B957F.e.5079"}]}
COMMAND: GET /session/f773981d6b54d7f6084c0f44ff121803/screenshot - {}
RESULT: {"script":"<script> [5351 bytes]","args":[{"element-6066-11e4-a52e-4f735466cecf":"f.91F10126D0D92D54C5836EF8FC19CACF.d.956AA7758E4EA234123821A7906B957F.e.5079","ELEMENT":"f.91F10126D0D92D54C5836EF8FC19CACF.d.956AA7758E4EA234123821A7906B957F.e.5079"}]}
COMMAND: POST /session/f773981d6b54d7f6084c0f44ff121803/element - {"using":"xpath","value":"//*[contains(@data-kt ,\"webshopDetailSiteLink\")]"}
COMMAND: GET /session/f773981d6b54d7f6084c0f44ff121803/screenshot - {}
COMMAND: POST /session/f773981d6b54d7f6084c0f44ff121803/element - {"using":"xpath","value":"(//span[contains(text(), \"WebdriverSite0w0w3\")])[2]"}
RESULT: {}
RESULT: {"using":"xpath","value":"//*[contains(@data-kt ,\"webshopDetailSiteLink\")]"}
COMMAND: POST /session/f773981d6b54d7f6084c0f44ff121803/element/f.91F10126D0D92D54C5836EF8FC19CACF.d.956AA7758E4EA234123821A7906B957F.e.5079/click - {}
RESULT: {}
RESULT: {}
RESULT: {"using":"xpath","value":"(//span[contains(text(), \"WebdriverSite0w0w3\")])[2]"}
COMMAND: GET /session/f773981d6b54d7f6084c0f44ff121803/screenshot - {}
RESULT: {}
COMMAND: POST /session/f773981d6b54d7f6084c0f44ff121803/element - {"using":"xpath","value":"(//span[contains(text(), \"WebdriverSite0w0w3\")])[2]"}
RESULT: {"using":"xpath","value":"(//span[contains(text(), \"WebdriverSite0w0w3\")])[2]"}
COMMAND: POST /session/f773981d6b54d7f6084c0f44ff121803/execute/sync - {"script":"<script> [8489 bytes]","args":[{"element-6066-11e4-a52e-4f735466cecf":"f.91F10126D0D92D54C5836EF8FC19CACF.d.956AA7758E4EA234123821A7906B957F.e.5291","ELEMENT":"f.91F10126D0D92D54C5836EF8FC19CACF.d.956AA7758E4EA234123821A7906B957F.e.5291"}]}
RESULT: {"script":"<script> [8489 bytes]","args":[{"element-6066-11e4-a52e-4f735466cecf":"f.91F10126D0D92D54C5836EF8FC19CACF.d.956AA7758E4EA234123821A7906B957F.e.5291","ELEMENT":"f.91F10126D0D92D54C5836EF8FC19CACF.d.956AA7758E4EA234123821A7906B957F.e.5291"}]}
COMMAND: GET /session/f773981d6b54d7f6084c0f44ff121803/screenshot - {}
RESULT: {}
COMMAND: POST /session/f773981d6b54d7f6084c0f44ff121803/element - {"using":"xpath","value":"(//button[contains(@data-kt ,\"ContextMenuExternalId3Link\")])[2]"}
RESULT: {"using":"xpath","value":"(//button[contains(@data-kt ,\"ContextMenuExternalId3Link\")])[2]"}
COMMAND: POST /session/f773981d6b54d7f6084c0f44ff121803/element/f.91F10126D0D92D54C5836EF8FC19CACF.d.956AA7758E4EA234123821A7906B957F.e.5292/click - {}
RESULT: {}
COMMAND: GET /session/f773981d6b54d7f6084c0f44ff121803/screenshot - {}
RESULT: {}
COMMAND: GET /session/f773981d6b54d7f6084c0f44ff121803/window/handles - {}
RESULT: {}
COMMAND: POST /session/f773981d6b54d7f6084c0f44ff121803/window - {"handle":"6088353329286FB430EB770AA2228665"}
RESULT: {"handle":"6088353329286FB430EB770AA2228665"}
COMMAND: GET /session/f773981d6b54d7f6084c0f44ff121803/url - {}
RESULT: {}
COMMAND: GET /session/f773981d6b54d7f6084c0f44ff121803/screenshot - {}
COMMAND: POST /session/f773981d6b54d7f6084c0f44ff121803/execute/sync - {"script":"<script> [8489 bytes]","args":[{"element-6066-11e4-a52e-4f735466cecf":"f.91F10126D0D92D54C5836EF8FC19CACF.d.956AA7758E4EA234123821A7906B957F.e.4916","ELEMENT":"f.91F10126D0D92D54C5836EF8FC19CACF.d.956AA7758E4EA234123821A7906B957F.e.4916"}]}
RESULT: {}
RESULT: {"script":"<script> [8489 bytes]","args":[{"element-6066-11e4-a52e-4f735466cecf":"f.91F10126D0D92D54C5836EF8FC19CACF.d.956AA7758E4EA234123821A7906B957F.e.4916","ELEMENT":"f.91F10126D0D92D54C5836EF8FC19CACF.d.956AA7758E4EA234123821A7906B957F.e.4916"}]}
COMMAND: GET /session/f773981d6b54d7f6084c0f44ff121803/screenshot - {}
RESULT: {}
COMMAND: POST /session/f773981d6b54d7f6084c0f44ff121803/execute/sync - {"script":"<script> [8489 bytes]","args":[{"element-6066-11e4-a52e-4f735466cecf":"f.91F10126D0D92D54C5836EF8FC19CACF.d.956AA7758E4EA234123821A7906B957F.e.4916","ELEMENT":"f.91F10126D0D92D54C5836EF8FC19CACF.d.956AA7758E4EA234123821A7906B957F.e.4916"}]}
RESULT: {"script":"<script> [8489 bytes]","args":[{"element-6066-11e4-a52e-4f735466cecf":"f.91F10126D0D92D54C5836EF8FC19CACF.d.956AA7758E4EA234123821A7906B957F.e.4916","ELEMENT":"f.91F10126D0D92D54C5836EF8FC19CACF.d.956AA7758E4EA234123821A7906B957F.e.4916"}]}
COMMAND: GET /session/f773981d6b54d7f6084c0f44ff121803/screenshot - {}
RESULT: {}
COMMAND: POST /session/f773981d6b54d7f6084c0f44ff121803/execute/sync - {"script":"<script> [8489 bytes]","args":[{"element-6066-11e4-a52e-4f735466cecf":"f.91F10126D0D92D54C5836EF8FC19CACF.d.956AA7758E4EA234123821A7906B957F.e.4916","ELEMENT":"f.91F10126D0D92D54C5836EF8FC19CACF.d.956AA7758E4EA234123821A7906B957F.e.4916"}]}
RESULT: {"script":"<script> [8489 bytes]","args":[{"element-6066-11e4-a52e-4f735466cecf":"f.91F10126D0D92D54C5836EF8FC19CACF.d.956AA7758E4EA234123821A7906B957F.e.4916","ELEMENT":"f.91F10126D0D92D54C5836EF8FC19CACF.d.956AA7758E4EA234123821A7906B957F.e.4916"}]}
COMMAND: GET /session/f773981d6b54d7f6084c0f44ff121803/screenshot - {}
RESULT: {}
COMMAND: POST /session/f773981d6b54d7f6084c0f44ff121803/execute/sync - {"script":"<script> [8489 bytes]","args":[{"element-6066-11e4-a52e-4f735466cecf":"f.91F10126D0D92D54C5836EF8FC19CACF.d.956AA7758E4EA234123821A7906B957F.e.4916","ELEMENT":"f.91F10126D0D92D54C5836EF8FC19CACF.d.956AA7758E4EA234123821A7906B957F.e.4916"}]}
RESULT: {"script":"<script> [8489 bytes]","args":[{"element-6066-11e4-a52e-4f735466cecf":"f.91F10126D0D92D54C5836EF8FC19CACF.d.956AA7758E4EA234123821A7906B957F.e.4916","ELEMENT":"f.91F10126D0D92D54C5836EF8FC19CACF.d.956AA7758E4EA234123821A7906B957F.e.4916"}]}
COMMAND: GET /session/f773981d6b54d7f6084c0f44ff121803/screenshot - {}
RESULT: {}
COMMAND: POST /session/f773981d6b54d7f6084c0f44ff121803/execute/sync - {"script":"<script> [8489 bytes]","args":[{"element-6066-11e4-a52e-4f735466cecf":"f.91F10126D0D92D54C5836EF8FC19CACF.d.956AA7758E4EA234123821A7906B957F.e.4916","ELEMENT":"f.91F10126D0D92D54C5836EF8FC19CACF.d.956AA7758E4EA234123821A7906B957F.e.4916"}]}
RESULT: {"script":"<script> [8489 bytes]","args":[{"element-6066-11e4-a52e-4f735466cecf":"f.91F10126D0D92D54C5836EF8FC19CACF.d.956AA7758E4EA234123821A7906B957F.e.4916","ELEMENT":"f.91F10126D0D92D54C5836EF8FC19CACF.d.956AA7758E4EA234123821A7906B957F.e.4916"}]}
COMMAND: GET /session/f773981d6b54d7f6084c0f44ff121803/screenshot - {}
RESULT: {}
COMMAND: POST /session/f773981d6b54d7f6084c0f44ff121803/execute/sync - {"script":"<script> [8489 bytes]","args":[{"element-6066-11e4-a52e-4f735466cecf":"f.91F10126D0D92D54C5836EF8FC19CACF.d.956AA7758E4EA234123821A7906B957F.e.4916","ELEMENT":"f.91F10126D0D92D54C5836EF8FC19CACF.d.956AA7758E4EA234123821A7906B957F.e.4916"}]}
RESULT: {"script":"<script> [8489 bytes]","args":[{"element-6066-11e4-a52e-4f735466cecf":"f.91F10126D0D92D54C5836EF8FC19CACF.d.956AA7758E4EA234123821A7906B957F.e.4916","ELEMENT":"f.91F10126D0D92D54C5836EF8FC19CACF.d.956AA7758E4EA234123821A7906B957F.e.4916"}]}
COMMAND: GET /session/f773981d6b54d7f6084c0f44ff121803/screenshot - {}
RESULT: {}
COMMAND: POST /session/f773981d6b54d7f6084c0f44ff121803/execute/sync - {"script":"<script> [8489 bytes]","args":[{"element-6066-11e4-a52e-4f735466cecf":"f.91F10126D0D92D54C5836EF8FC19CACF.d.956AA7758E4EA234123821A7906B957F.e.4916","ELEMENT":"f.91F10126D0D92D54C5836EF8FC19CACF.d.956AA7758E4EA234123821A7906B957F.e.4916"}]}
RESULT: {"script":"<script> [8489 bytes]","args":[{"element-6066-11e4-a52e-4f735466cecf":"f.91F10126D0D92D54C5836EF8FC19CACF.d.956AA7758E4EA234123821A7906B957F.e.4916","ELEMENT":"f.91F10126D0D92D54C5836EF8FC19CACF.d.956AA7758E4EA234123821A7906B957F.e.4916"}]}
COMMAND: GET /session/f773981d6b54d7f6084c0f44ff121803/screenshot - {}
RESULT: {}
COMMAND: POST /session/f773981d6b54d7f6084c0f44ff121803/execute/sync - {"script":"<script> [8489 bytes]","args":[{"element-6066-11e4-a52e-4f735466cecf":"f.91F10126D0D92D54C5836EF8FC19CACF.d.956AA7758E4EA234123821A7906B957F.e.4916","ELEMENT":"f.91F10126D0D92D54C5836EF8FC19CACF.d.956AA7758E4EA234123821A7906B957F.e.4916"}]}
COMMAND: DELETE /session/f773981d6b54d7f6084c0f44ff121803/window - {}
RESULT: {"script":"<script> [8489 bytes]","args":[{"element-6066-11e4-a52e-4f735466cecf":"f.91F10126D0D92D54C5836EF8FC19CACF.d.956AA7758E4EA234123821A7906B957F.e.4916","ELEMENT":"f.91F10126D0D92D54C5836EF8FC19CACF.d.956AA7758E4EA234123821A7906B957F.e.4916"}]}
COMMAND: GET /session/f773981d6b54d7f6084c0f44ff121803/screenshot - {}
COMMAND: POST /session/f773981d6b54d7f6084c0f44ff121803/execute/sync - {"script":"<script> [8489 bytes]","args":[{"element-6066-11e4-a52e-4f735466cecf":"f.91F10126D0D92D54C5836EF8FC19CACF.d.956AA7758E4EA234123821A7906B957F.e.4916","ELEMENT":"f.91F10126D0D92D54C5836EF8FC19CACF.d.956AA7758E4EA234123821A7906B957F.e.4916"}]}
RESULT: {}
COMMAND: POST /session/f773981d6b54d7f6084c0f44ff121803/window - {"handle":"91F10126D0D92D54C5836EF8FC19CACF"}
RESULT: {"handle":"91F10126D0D92D54C5836EF8FC19CACF"}
COMMAND: GET /session/f773981d6b54d7f6084c0f44ff121803/url - {}
RESULT: {}
COMMAND: POST /session/f773981d6b54d7f6084c0f44ff121803/element - {"using":"xpath","value":"//span[contains(@id ,\"application-addressmanagement-display-component---detailAdm--addressDetailDetailsName1\")][contains(text(), \"WebdriverSite0w0w3\")]"}
RESULT: {}
RESULT: {"using":"xpath","value":"//span[contains(@id ,\"application-addressmanagement-display-component---detailAdm--addressDetailDetailsName1\")][contains(text(), \"WebdriverSite0w0w3\")]"}
COMMAND: POST /session/f773981d6b54d7f6084c0f44ff121803/element - {"using":"xpath","value":"//span[contains(@id ,\"application-addressmanagement-display-component---detailAdm--addressDetailDetailsName1\")][contains(text(), \"WebdriverSite0w0w3\")]"}
COMMAND: GET /session/f773981d6b54d7f6084c0f44ff121803/screenshot - {}
RESULT: {"using":"xpath","value":"//span[contains(@id ,\"application-addressmanagement-display-component---detailAdm--addressDetailDetailsName1\")][contains(text(), \"WebdriverSite0w0w3\")]"}
RESULT: {}
COMMAND: POST /session/f773981d6b54d7f6084c0f44ff121803/element - {"using":"xpath","value":"//span[contains(@id ,\"application-addressmanagement-display-component---detailAdm--addressDetailDetailsName1\")][contains(text(), \"WebdriverSite0w0w3\")]"}
RESULT: {"using":"xpath","value":"//span[contains(@id ,\"application-addressmanagement-display-component---detailAdm--addressDetailDetailsName1\")][contains(text(), \"WebdriverSite0w0w3\")]"}
COMMAND: POST /session/f773981d6b54d7f6084c0f44ff121803/element - {"using":"xpath","value":"//span[contains(@id ,\"application-addressmanagement-display-component---detailAdm--addressDetailDetailsName1\")][contains(text(), \"WebdriverSite0w0w3\")]"}
RESULT: {"using":"xpath","value":"//span[contains(@id ,\"application-addressmanagement-display-component---detailAdm--addressDetailDetailsName1\")][contains(text(), \"WebdriverSite0w0w3\")]"}
COMMAND: POST /session/f773981d6b54d7f6084c0f44ff121803/element - {"using":"xpath","value":"//span[contains(@id ,\"application-addressmanagement-display-component---detailAdm--addressDetailDetailsName1\")][contains(text(), \"WebdriverSite0w0w3\")]"}
RESULT: {"using":"xpath","value":"//span[contains(@id ,\"application-addressmanagement-display-component---detailAdm--addressDetailDetailsName1\")][contains(text(), \"WebdriverSite0w0w3\")]"}
COMMAND: POST /session/f773981d6b54d7f6084c0f44ff121803/element - {"using":"xpath","value":"//span[contains(@id ,\"application-addressmanagement-display-component---detailAdm--addressDetailDetailsName1\")][contains(text(), \"WebdriverSite0w0w3\")]"}
RESULT: {"using":"xpath","value":"//span[contains(@id ,\"application-addressmanagement-display-component---detailAdm--addressDetailDetailsName1\")][contains(text(), \"WebdriverSite0w0w3\")]"}
COMMAND: POST /session/f773981d6b54d7f6084c0f44ff121803/element - {"using":"xpath","value":"//span[contains(@id ,\"application-addressmanagement-display-component---detailAdm--addressDetailDetailsName1\")][contains(text(), \"WebdriverSite0w0w3\")]"}
RESULT: {"using":"xpath","value":"//span[contains(@id ,\"application-addressmanagement-display-component---detailAdm--addressDetailDetailsName1\")][contains(text(), \"WebdriverSite0w0w3\")]"}
COMMAND: POST /session/f773981d6b54d7f6084c0f44ff121803/element - {"using":"xpath","value":"//span[contains(@id ,\"application-addressmanagement-display-component---detailAdm--addressDetailDetailsName1\")][contains(text(), \"WebdriverSite0w0w3\")]"}
RESULT: {"using":"xpath","value":"//span[contains(@id ,\"application-addressmanagement-display-component---detailAdm--addressDetailDetailsName1\")][contains(text(), \"WebdriverSite0w0w3\")]"}
COMMAND: POST /session/f773981d6b54d7f6084c0f44ff121803/element - {"using":"xpath","value":"//span[contains(@id ,\"application-addressmanagement-display-component---detailAdm--addressDetailDetailsName1\")][contains(text(), \"WebdriverSite0w0w3\")]"}
RESULT: {"using":"xpath","value":"//span[contains(@id ,\"application-addressmanagement-display-component---detailAdm--addressDetailDetailsName1\")][contains(text(), \"WebdriverSite0w0w3\")]"}
COMMAND: POST /session/f773981d6b54d7f6084c0f44ff121803/element - {"using":"xpath","value":"//span[contains(@id ,\"application-addressmanagement-display-component---detailAdm--addressDetailDetailsName1\")][contains(text(), \"WebdriverSite0w0w3\")]"}
RESULT: {"using":"xpath","value":"//span[contains(@id ,\"application-addressmanagement-display-component---detailAdm--addressDetailDetailsName1\")][contains(text(), \"WebdriverSite0w0w3\")]"}
COMMAND: POST /session/f773981d6b54d7f6084c0f44ff121803/element - {"using":"xpath","value":"//span[contains(@id ,\"application-addressmanagement-display-component---detailAdm--addressDetailDetailsName1\")][contains(text(), \"WebdriverSite0w0w3\")]"}
RESULT: {"using":"xpath","value":"//span[contains(@id ,\"application-addressmanagement-display-component---detailAdm--addressDetailDetailsName1\")][contains(text(), \"WebdriverSite0w0w3\")]"}
]]></system-out>
    </testcase>
  </testsuite>
  <testsuite timestamp="2025-05-24T16:23:56" time="276.211" tests="2" failures="0" errors="0" skipped="0">
    <properties>
      <property name="specId" value="0"/>
      <property name="suiteName" value="Webshop - Hyperlinks visible and working properly  US139085"/>
      <property name="capabilities" value="chrome.136_0_7103_93.windows"/>
      <property name="file" value="file:///D:/a/1/s/test/specs/R2C/webshop-hyperlinks-partner-address-contract-item.spec.js"/>
    </properties>
    <testcase classname="chrome.136_0_7103_93.windows.Webshop_-_Hyperlinks_visible_and_working_properly__US139085" name="Should verify the customer and address hyperlinks" time="166.579">
      <system-out><![CDATA[
COMMAND: POST /session/f773981d6b54d7f6084c0f44ff121803/element - {"using":"xpath","value":"//*[contains(@data-kt ,\"webshopDetailAddressLink\")]"}
RESULT: {"using":"xpath","value":"//*[contains(@data-kt ,\"webshopDetailAddressLink\")]"}
COMMAND: POST /session/f773981d6b54d7f6084c0f44ff121803/execute/sync - {"script":"<script> [8489 bytes]","args":[{"element-6066-11e4-a52e-4f735466cecf":"f.91F10126D0D92D54C5836EF8FC19CACF.d.956AA7758E4EA234123821A7906B957F.e.5508","ELEMENT":"f.91F10126D0D92D54C5836EF8FC19CACF.d.956AA7758E4EA234123821A7906B957F.e.5508"}]}
RESULT: {"script":"<script> [8489 bytes]","args":[{"element-6066-11e4-a52e-4f735466cecf":"f.91F10126D0D92D54C5836EF8FC19CACF.d.956AA7758E4EA234123821A7906B957F.e.5508","ELEMENT":"f.91F10126D0D92D54C5836EF8FC19CACF.d.956AA7758E4EA234123821A7906B957F.e.5508"}]}
COMMAND: POST /session/f773981d6b54d7f6084c0f44ff121803/execute/sync - {"script":"<script> [5351 bytes]","args":[{"element-6066-11e4-a52e-4f735466cecf":"f.91F10126D0D92D54C5836EF8FC19CACF.d.956AA7758E4EA234123821A7906B957F.e.5508","ELEMENT":"f.91F10126D0D92D54C5836EF8FC19CACF.d.956AA7758E4EA234123821A7906B957F.e.5508"}]}
COMMAND: POST /session/f773981d6b54d7f6084c0f44ff121803/element - {"using":"xpath","value":"//span[contains(@id ,\"application-addressmanagement-display-component---detailAdm--addressDetailDetailsName1\")][contains(text(), \"WebdriverSite0w0w3\")]"}
COMMAND: GET /session/f773981d6b54d7f6084c0f44ff121803/screenshot - {}
RESULT: {"script":"<script> [5351 bytes]","args":[{"element-6066-11e4-a52e-4f735466cecf":"f.91F10126D0D92D54C5836EF8FC19CACF.d.956AA7758E4EA234123821A7906B957F.e.5508","ELEMENT":"f.91F10126D0D92D54C5836EF8FC19CACF.d.956AA7758E4EA234123821A7906B957F.e.5508"}]}
RESULT: {"using":"xpath","value":"//span[contains(@id ,\"application-addressmanagement-display-component---detailAdm--addressDetailDetailsName1\")][contains(text(), \"WebdriverSite0w0w3\")]"}
COMMAND: GET /session/f773981d6b54d7f6084c0f44ff121803/screenshot - {}
RESULT: {}
RESULT: {}
COMMAND: POST /session/f773981d6b54d7f6084c0f44ff121803/element - {"using":"xpath","value":"//span[contains(@id ,\"application-addressmanagement-display-component---detailAdm--addressDetailDetailsName1\")][contains(text(), \"WebdriverSite0w0w3\")]"}
RESULT: {"using":"xpath","value":"//span[contains(@id ,\"application-addressmanagement-display-component---detailAdm--addressDetailDetailsName1\")][contains(text(), \"WebdriverSite0w0w3\")]"}
COMMAND: POST /session/f773981d6b54d7f6084c0f44ff121803/element - {"using":"xpath","value":"//span[contains(@id ,\"application-addressmanagement-display-component---detailAdm--addressDetailDetailsName1\")][contains(text(), \"WebdriverSite0w0w3\")]"}
RESULT: {"using":"xpath","value":"//span[contains(@id ,\"application-addressmanagement-display-component---detailAdm--addressDetailDetailsName1\")][contains(text(), \"WebdriverSite0w0w3\")]"}
COMMAND: POST /session/f773981d6b54d7f6084c0f44ff121803/element - {"using":"xpath","value":"//span[contains(@id ,\"application-addressmanagement-display-component---detailAdm--addressDetailDetailsName1\")][contains(text(), \"WebdriverSite0w0w3\")]"}
RESULT: {"using":"xpath","value":"//span[contains(@id ,\"application-addressmanagement-display-component---detailAdm--addressDetailDetailsName1\")][contains(text(), \"WebdriverSite0w0w3\")]"}
COMMAND: POST /session/f773981d6b54d7f6084c0f44ff121803/element - {"using":"xpath","value":"//span[contains(@id ,\"application-addressmanagement-display-component---detailAdm--addressDetailDetailsName1\")][contains(text(), \"WebdriverSite0w0w3\")]"}
RESULT: {"using":"xpath","value":"//span[contains(@id ,\"application-addressmanagement-display-component---detailAdm--addressDetailDetailsName1\")][contains(text(), \"WebdriverSite0w0w3\")]"}
COMMAND: POST /session/f773981d6b54d7f6084c0f44ff121803/element - {"using":"xpath","value":"//span[contains(@id ,\"application-addressmanagement-display-component---detailAdm--addressDetailDetailsName1\")][contains(text(), \"WebdriverSite0w0w3\")]"}
RESULT: {"using":"xpath","value":"//span[contains(@id ,\"application-addressmanagement-display-component---detailAdm--addressDetailDetailsName1\")][contains(text(), \"WebdriverSite0w0w3\")]"}
COMMAND: POST /session/f773981d6b54d7f6084c0f44ff121803/element - {"using":"xpath","value":"//span[contains(@id ,\"application-addressmanagement-display-component---detailAdm--addressDetailDetailsName1\")][contains(text(), \"WebdriverSite0w0w3\")]"}
RESULT: {"using":"xpath","value":"//span[contains(@id ,\"application-addressmanagement-display-component---detailAdm--addressDetailDetailsName1\")][contains(text(), \"WebdriverSite0w0w3\")]"}
COMMAND: POST /session/f773981d6b54d7f6084c0f44ff121803/element - {"using":"xpath","value":"//span[contains(@id ,\"application-addressmanagement-display-component---detailAdm--addressDetailDetailsName1\")][contains(text(), \"WebdriverSite0w0w3\")]"}
RESULT: {"using":"xpath","value":"//span[contains(@id ,\"application-addressmanagement-display-component---detailAdm--addressDetailDetailsName1\")][contains(text(), \"WebdriverSite0w0w3\")]"}
COMMAND: POST /session/f773981d6b54d7f6084c0f44ff121803/element - {"using":"xpath","value":"//span[contains(@id ,\"application-addressmanagement-display-component---detailAdm--addressDetailDetailsName1\")][contains(text(), \"WebdriverSite0w0w3\")]"}
RESULT: {"using":"xpath","value":"//span[contains(@id ,\"application-addressmanagement-display-component---detailAdm--addressDetailDetailsName1\")][contains(text(), \"WebdriverSite0w0w3\")]"}
COMMAND: POST /session/f773981d6b54d7f6084c0f44ff121803/element - {"using":"xpath","value":"//span[contains(@id ,\"application-addressmanagement-display-component---detailAdm--addressDetailDetailsName1\")][contains(text(), \"WebdriverSite0w0w3\")]"}
COMMAND: POST /session/f773981d6b54d7f6084c0f44ff121803/element - {"using":"xpath","value":"//*[contains(@data-kt ,\"webshopDetailAddressLink\")]"}
RESULT: {"using":"xpath","value":"//span[contains(@id ,\"application-addressmanagement-display-component---detailAdm--addressDetailDetailsName1\")][contains(text(), \"WebdriverSite0w0w3\")]"}
RESULT: {"using":"xpath","value":"//*[contains(@data-kt ,\"webshopDetailAddressLink\")]"}
COMMAND: POST /session/f773981d6b54d7f6084c0f44ff121803/element/f.91F10126D0D92D54C5836EF8FC19CACF.d.956AA7758E4EA234123821A7906B957F.e.5508/click - {}
COMMAND: POST /session/f773981d6b54d7f6084c0f44ff121803/element - {"using":"xpath","value":"//span[contains(@id ,\"application-addressmanagement-display-component---detailAdm--addressDetailDetailsName1\")][contains(text(), \"WebdriverSite0w0w3\")]"}
RESULT: {}
COMMAND: GET /session/f773981d6b54d7f6084c0f44ff121803/screenshot - {}
RESULT: {"using":"xpath","value":"//span[contains(@id ,\"application-addressmanagement-display-component---detailAdm--addressDetailDetailsName1\")][contains(text(), \"WebdriverSite0w0w3\")]"}
RESULT: {}
COMMAND: POST /session/f773981d6b54d7f6084c0f44ff121803/element - {"using":"xpath","value":"//span[contains(@id ,\"application-addressmanagement-display-component---detailAdm--addressDetailDetailsName1\")][contains(text(), \"WebdriverSite0w0w3\")]"}
RESULT: {"using":"xpath","value":"//span[contains(@id ,\"application-addressmanagement-display-component---detailAdm--addressDetailDetailsName1\")][contains(text(), \"WebdriverSite0w0w3\")]"}
COMMAND: POST /session/f773981d6b54d7f6084c0f44ff121803/element - {"using":"xpath","value":"//span[contains(@id ,\"application-addressmanagement-display-component---detailAdm--addressDetailDetailsName1\")][contains(text(), \"WebdriverSite0w0w3\")]"}
RESULT: {"using":"xpath","value":"//span[contains(@id ,\"application-addressmanagement-display-component---detailAdm--addressDetailDetailsName1\")][contains(text(), \"WebdriverSite0w0w3\")]"}
COMMAND: POST /session/f773981d6b54d7f6084c0f44ff121803/element - {"using":"xpath","value":"//span[contains(@id ,\"application-addressmanagement-display-component---detailAdm--addressDetailDetailsName1\")][contains(text(), \"WebdriverSite0w0w3\")]"}
RESULT: {"using":"xpath","value":"//span[contains(@id ,\"application-addressmanagement-display-component---detailAdm--addressDetailDetailsName1\")][contains(text(), \"WebdriverSite0w0w3\")]"}
COMMAND: POST /session/f773981d6b54d7f6084c0f44ff121803/element - {"using":"xpath","value":"//*[contains(@data-kt ,\"ContextMenuId2Link\")][contains(text(), \"Address Overview\")]"}
RESULT: {"using":"xpath","value":"//*[contains(@data-kt ,\"ContextMenuId2Link\")][contains(text(), \"Address Overview\")]"}
COMMAND: POST /session/f773981d6b54d7f6084c0f44ff121803/execute/sync - {"script":"<script> [8489 bytes]","args":[{"element-6066-11e4-a52e-4f735466cecf":"f.91F10126D0D92D54C5836EF8FC19CACF.d.956AA7758E4EA234123821A7906B957F.e.5510","ELEMENT":"f.91F10126D0D92D54C5836EF8FC19CACF.d.956AA7758E4EA234123821A7906B957F.e.5510"}]}
COMMAND: POST /session/f773981d6b54d7f6084c0f44ff121803/element - {"using":"xpath","value":"//*[contains(@data-kt ,\"ContextMenuId2Link\")][contains(text(), \"Address Overview\")]"}
RESULT: {"script":"<script> [8489 bytes]","args":[{"element-6066-11e4-a52e-4f735466cecf":"f.91F10126D0D92D54C5836EF8FC19CACF.d.956AA7758E4EA234123821A7906B957F.e.5510","ELEMENT":"f.91F10126D0D92D54C5836EF8FC19CACF.d.956AA7758E4EA234123821A7906B957F.e.5510"}]}
COMMAND: GET /session/f773981d6b54d7f6084c0f44ff121803/screenshot - {}
RESULT: {"using":"xpath","value":"//*[contains(@data-kt ,\"ContextMenuId2Link\")][contains(text(), \"Address Overview\")]"}
COMMAND: POST /session/f773981d6b54d7f6084c0f44ff121803/element/f.91F10126D0D92D54C5836EF8FC19CACF.d.956AA7758E4EA234123821A7906B957F.e.5510/click - {}
COMMAND: POST /session/f773981d6b54d7f6084c0f44ff121803/element - {"using":"xpath","value":"//span[contains(@id ,\"application-addressmanagement-display-component---detailAdm--addressDetailDetailsName1\")][contains(text(), \"WebdriverSite0w0w3\")]"}
RESULT: {}
RESULT: {}
COMMAND: GET /session/f773981d6b54d7f6084c0f44ff121803/screenshot - {}
RESULT: {"using":"xpath","value":"//span[contains(@id ,\"application-addressmanagement-display-component---detailAdm--addressDetailDetailsName1\")][contains(text(), \"WebdriverSite0w0w3\")]"}
COMMAND: POST /session/f773981d6b54d7f6084c0f44ff121803/element - {"using":"xpath","value":"//span[contains(@id ,\"application-addressmanagement-display-component---detailAdm--addressDetailDetailsName1\")][contains(text(), \"WebdriverSite0w0w3\")]"}
RESULT: {}
RESULT: {"using":"xpath","value":"//span[contains(@id ,\"application-addressmanagement-display-component---detailAdm--addressDetailDetailsName1\")][contains(text(), \"WebdriverSite0w0w3\")]"}
COMMAND: POST /session/f773981d6b54d7f6084c0f44ff121803/element - {"using":"xpath","value":"//span[contains(@id ,\"application-addressmanagement-display-component---detailAdm--addressDetailDetailsName1\")][contains(text(), \"WebdriverSite0w0w3\")]"}
RESULT: {"using":"xpath","value":"//span[contains(@id ,\"application-addressmanagement-display-component---detailAdm--addressDetailDetailsName1\")][contains(text(), \"WebdriverSite0w0w3\")]"}
COMMAND: POST /session/f773981d6b54d7f6084c0f44ff121803/element - {"using":"xpath","value":"//span[contains(@id ,\"application-addressmanagement-display-component---detailAdm--addressDetailDetailsName1\")][contains(text(), \"WebdriverSite0w0w3\")]"}
RESULT: {"using":"xpath","value":"//span[contains(@id ,\"application-addressmanagement-display-component---detailAdm--addressDetailDetailsName1\")][contains(text(), \"WebdriverSite0w0w3\")]"}
COMMAND: POST /session/f773981d6b54d7f6084c0f44ff121803/execute/sync - {"script":"<script> [8489 bytes]","args":[{"element-6066-11e4-a52e-4f735466cecf":"f.91F10126D0D92D54C5836EF8FC19CACF.d.956AA7758E4EA234123821A7906B957F.e.5785","ELEMENT":"f.91F10126D0D92D54C5836EF8FC19CACF.d.956AA7758E4EA234123821A7906B957F.e.5785"}]}
RESULT: {"script":"<script> [8489 bytes]","args":[{"element-6066-11e4-a52e-4f735466cecf":"f.91F10126D0D92D54C5836EF8FC19CACF.d.956AA7758E4EA234123821A7906B957F.e.5785","ELEMENT":"f.91F10126D0D92D54C5836EF8FC19CACF.d.956AA7758E4EA234123821A7906B957F.e.5785"}]}
COMMAND: GET /session/f773981d6b54d7f6084c0f44ff121803/screenshot - {}
RESULT: {}
RESULT: undefined
COMMAND: POST /session/f773981d6b54d7f6084c0f44ff121803/execute/async - {"script":"<script> [6424 bytes]","args":[{"element-6066-11e4-a52e-4f735466cecf":"f.91F10126D0D92D54C5836EF8FC19CACF.d.956AA7758E4EA234123821A7906B957F.e.3210"},"getTitle",[]]}
COMMAND: POST /session/f773981d6b54d7f6084c0f44ff121803/execute/async - {"script":"<script> [1562 bytes]","args":[{"selector":{"id":"shellAppTitle"},"wdio_ui5_key":"shellAppTitle"}]}
RESULT: {"script":"<script> [1562 bytes]","args":[{"selector":{"id":"shellAppTitle"},"wdio_ui5_key":"shellAppTitle"}]}
COMMAND: POST /session/f773981d6b54d7f6084c0f44ff121803/execute/async - {"script":"<script> [6424 bytes]","args":[{"element-6066-11e4-a52e-4f735466cecf":"f.91F10126D0D92D54C5836EF8FC19CACF.d.956AA7758E4EA234123821A7906B957F.e.5786"},"getTitle",[]]}
RESULT: {"script":"<script> [6424 bytes]","args":[{"element-6066-11e4-a52e-4f735466cecf":"f.91F10126D0D92D54C5836EF8FC19CACF.d.956AA7758E4EA234123821A7906B957F.e.5786"},"getTitle",[]]}
COMMAND: POST /session/f773981d6b54d7f6084c0f44ff121803/element - {"using":"xpath","value":"//span[contains(@id ,\"application-addressmanagement-display-component---detailAdm--addressDetailDetailsName1\")][contains(text(), \"WebdriverSite0w0w3\")]"}
RESULT: {"using":"xpath","value":"//span[contains(@id ,\"application-addressmanagement-display-component---detailAdm--addressDetailDetailsName1\")][contains(text(), \"WebdriverSite0w0w3\")]"}
COMMAND: POST /session/f773981d6b54d7f6084c0f44ff121803/execute/sync - {"script":"<script> [8489 bytes]","args":[{"element-6066-11e4-a52e-4f735466cecf":"f.91F10126D0D92D54C5836EF8FC19CACF.d.956AA7758E4EA234123821A7906B957F.e.5785","ELEMENT":"f.91F10126D0D92D54C5836EF8FC19CACF.d.956AA7758E4EA234123821A7906B957F.e.5785"}]}
RESULT: undefined
COMMAND: POST /session/f773981d6b54d7f6084c0f44ff121803/element - {"using":"xpath","value":"//*[@id=\"backBtn\"]"}
RESULT: {"using":"xpath","value":"//*[@id=\"backBtn\"]"}
COMMAND: POST /session/f773981d6b54d7f6084c0f44ff121803/element/f.91F10126D0D92D54C5836EF8FC19CACF.d.956AA7758E4EA234123821A7906B957F.e.3213/click - {}
RESULT: {"script":"<script> [8489 bytes]","args":[{"element-6066-11e4-a52e-4f735466cecf":"f.91F10126D0D92D54C5836EF8FC19CACF.d.956AA7758E4EA234123821A7906B957F.e.5785","ELEMENT":"f.91F10126D0D92D54C5836EF8FC19CACF.d.956AA7758E4EA234123821A7906B957F.e.5785"}]}
COMMAND: GET /session/f773981d6b54d7f6084c0f44ff121803/screenshot - {}
RESULT: {}
COMMAND: GET /session/f773981d6b54d7f6084c0f44ff121803/screenshot - {}
RESULT: {}
RESULT: {}
COMMAND: POST /session/f773981d6b54d7f6084c0f44ff121803/execute/sync - {"script":"<script> [8489 bytes]","args":[{"element-6066-11e4-a52e-4f735466cecf":"f.91F10126D0D92D54C5836EF8FC19CACF.d.956AA7758E4EA234123821A7906B957F.e.5508","ELEMENT":"f.91F10126D0D92D54C5836EF8FC19CACF.d.956AA7758E4EA234123821A7906B957F.e.5508"}]}
COMMAND: POST /session/f773981d6b54d7f6084c0f44ff121803/element - {"using":"xpath","value":"//*[contains(@data-kt ,\"webshopDetailAddressLink\")]"}
RESULT: {"using":"xpath","value":"//*[contains(@data-kt ,\"webshopDetailAddressLink\")]"}
COMMAND: POST /session/f773981d6b54d7f6084c0f44ff121803/execute/sync - {"script":"<script> [8489 bytes]","args":[{"element-6066-11e4-a52e-4f735466cecf":"f.91F10126D0D92D54C5836EF8FC19CACF.d.956AA7758E4EA234123821A7906B957F.e.5918","ELEMENT":"f.91F10126D0D92D54C5836EF8FC19CACF.d.956AA7758E4EA234123821A7906B957F.e.5918"}]}
RESULT: {"script":"<script> [8489 bytes]","args":[{"element-6066-11e4-a52e-4f735466cecf":"f.91F10126D0D92D54C5836EF8FC19CACF.d.956AA7758E4EA234123821A7906B957F.e.5918","ELEMENT":"f.91F10126D0D92D54C5836EF8FC19CACF.d.956AA7758E4EA234123821A7906B957F.e.5918"}]}
COMMAND: POST /session/f773981d6b54d7f6084c0f44ff121803/execute/sync - {"script":"<script> [5351 bytes]","args":[{"element-6066-11e4-a52e-4f735466cecf":"f.91F10126D0D92D54C5836EF8FC19CACF.d.956AA7758E4EA234123821A7906B957F.e.5918","ELEMENT":"f.91F10126D0D92D54C5836EF8FC19CACF.d.956AA7758E4EA234123821A7906B957F.e.5918"}]}
COMMAND: GET /session/f773981d6b54d7f6084c0f44ff121803/screenshot - {}
RESULT: {"script":"<script> [5351 bytes]","args":[{"element-6066-11e4-a52e-4f735466cecf":"f.91F10126D0D92D54C5836EF8FC19CACF.d.956AA7758E4EA234123821A7906B957F.e.5918","ELEMENT":"f.91F10126D0D92D54C5836EF8FC19CACF.d.956AA7758E4EA234123821A7906B957F.e.5918"}]}
COMMAND: POST /session/f773981d6b54d7f6084c0f44ff121803/element - {"using":"xpath","value":"//*[contains(@data-kt ,\"webshopDetailAddressLink\")]"}
COMMAND: GET /session/f773981d6b54d7f6084c0f44ff121803/screenshot - {}
RESULT: {}
RESULT: {"using":"xpath","value":"//*[contains(@data-kt ,\"webshopDetailAddressLink\")]"}
COMMAND: POST /session/f773981d6b54d7f6084c0f44ff121803/element/f.91F10126D0D92D54C5836EF8FC19CACF.d.956AA7758E4EA234123821A7906B957F.e.5918/click - {}
RESULT: {}
RESULT: {}
COMMAND: GET /session/f773981d6b54d7f6084c0f44ff121803/screenshot - {}
RESULT: {}
COMMAND: POST /session/f773981d6b54d7f6084c0f44ff121803/element - {"using":"xpath","value":"//button[contains(@data-kt ,\"ContextMenuExternalId2Link\")]"}
RESULT: {"using":"xpath","value":"//button[contains(@data-kt ,\"ContextMenuExternalId2Link\")]"}
COMMAND: POST /session/f773981d6b54d7f6084c0f44ff121803/element/f.91F10126D0D92D54C5836EF8FC19CACF.d.956AA7758E4EA234123821A7906B957F.e.5919/click - {}
RESULT: {}
COMMAND: GET /session/f773981d6b54d7f6084c0f44ff121803/screenshot - {}
RESULT: {}
COMMAND: GET /session/f773981d6b54d7f6084c0f44ff121803/window/handles - {}
RESULT: {}
COMMAND: POST /session/f773981d6b54d7f6084c0f44ff121803/window - {"handle":"960503E4617F8E256DE36892E1C57095"}
RESULT: {"handle":"960503E4617F8E256DE36892E1C57095"}
COMMAND: GET /session/f773981d6b54d7f6084c0f44ff121803/url - {}
RESULT: {}
COMMAND: GET /session/f773981d6b54d7f6084c0f44ff121803/screenshot - {}
RESULT: {}
COMMAND: POST /session/f773981d6b54d7f6084c0f44ff121803/execute/sync - {"script":"<script> [8489 bytes]","args":[{"element-6066-11e4-a52e-4f735466cecf":"f.91F10126D0D92D54C5836EF8FC19CACF.d.956AA7758E4EA234123821A7906B957F.e.5785","ELEMENT":"f.91F10126D0D92D54C5836EF8FC19CACF.d.956AA7758E4EA234123821A7906B957F.e.5785"}]}
COMMAND: DELETE /session/f773981d6b54d7f6084c0f44ff121803/window - {}
RESULT: {}
COMMAND: POST /session/f773981d6b54d7f6084c0f44ff121803/window - {"handle":"91F10126D0D92D54C5836EF8FC19CACF"}
RESULT: {"handle":"91F10126D0D92D54C5836EF8FC19CACF"}
COMMAND: GET /session/f773981d6b54d7f6084c0f44ff121803/url - {}
COMMAND: POST /session/f773981d6b54d7f6084c0f44ff121803/element - {"using":"xpath","value":"//span[contains(@id ,\"application-addressmanagement-display-component---detailAdm--addressDetailDetailsName1\")][contains(text(), \"WebdriverSite0w0w3\")]"}
RESULT: {}
COMMAND: GET /session/f773981d6b54d7f6084c0f44ff121803/screenshot - {}
RESULT: {"using":"xpath","value":"//span[contains(@id ,\"application-addressmanagement-display-component---detailAdm--addressDetailDetailsName1\")][contains(text(), \"WebdriverSite0w0w3\")]"}
COMMAND: POST /session/f773981d6b54d7f6084c0f44ff121803/element - {"using":"xpath","value":"//span[contains(@id ,\"application-addressmanagement-display-component---detailAdm--addressDetailDetailsName1\")][contains(text(), \"WebdriverSite0w0w3\")]"}
RESULT: {}
RESULT: {"using":"xpath","value":"//span[contains(@id ,\"application-addressmanagement-display-component---detailAdm--addressDetailDetailsName1\")][contains(text(), \"WebdriverSite0w0w3\")]"}
COMMAND: POST /session/f773981d6b54d7f6084c0f44ff121803/element - {"using":"xpath","value":"//span[contains(@id ,\"application-addressmanagement-display-component---detailAdm--addressDetailDetailsName1\")][contains(text(), \"WebdriverSite0w0w3\")]"}
RESULT: {"using":"xpath","value":"//span[contains(@id ,\"application-addressmanagement-display-component---detailAdm--addressDetailDetailsName1\")][contains(text(), \"WebdriverSite0w0w3\")]"}
COMMAND: POST /session/f773981d6b54d7f6084c0f44ff121803/element - {"using":"xpath","value":"//span[contains(@id ,\"application-addressmanagement-display-component---detailAdm--addressDetailDetailsName1\")][contains(text(), \"WebdriverSite0w0w3\")]"}
RESULT: {"using":"xpath","value":"//span[contains(@id ,\"application-addressmanagement-display-component---detailAdm--addressDetailDetailsName1\")][contains(text(), \"WebdriverSite0w0w3\")]"}
COMMAND: POST /session/f773981d6b54d7f6084c0f44ff121803/element - {"using":"xpath","value":"//span[contains(@id ,\"application-addressmanagement-display-component---detailAdm--addressDetailDetailsName1\")][contains(text(), \"WebdriverSite0w0w3\")]"}
RESULT: {"using":"xpath","value":"//span[contains(@id ,\"application-addressmanagement-display-component---detailAdm--addressDetailDetailsName1\")][contains(text(), \"WebdriverSite0w0w3\")]"}
COMMAND: POST /session/f773981d6b54d7f6084c0f44ff121803/element - {"using":"xpath","value":"//span[contains(@id ,\"application-addressmanagement-display-component---detailAdm--addressDetailDetailsName1\")][contains(text(), \"WebdriverSite0w0w3\")]"}
RESULT: {"using":"xpath","value":"//span[contains(@id ,\"application-addressmanagement-display-component---detailAdm--addressDetailDetailsName1\")][contains(text(), \"WebdriverSite0w0w3\")]"}
COMMAND: POST /session/f773981d6b54d7f6084c0f44ff121803/element - {"using":"xpath","value":"//*[contains(@data-kt ,\"webshopDetailCustomerLink\")]"}
RESULT: {"using":"xpath","value":"//*[contains(@data-kt ,\"webshopDetailCustomerLink\")]"}
COMMAND: POST /session/f773981d6b54d7f6084c0f44ff121803/execute/sync - {"script":"<script> [8489 bytes]","args":[{"element-6066-11e4-a52e-4f735466cecf":"f.91F10126D0D92D54C5836EF8FC19CACF.d.956AA7758E4EA234123821A7906B957F.e.6120","ELEMENT":"f.91F10126D0D92D54C5836EF8FC19CACF.d.956AA7758E4EA234123821A7906B957F.e.6120"}]}
RESULT: {"script":"<script> [8489 bytes]","args":[{"element-6066-11e4-a52e-4f735466cecf":"f.91F10126D0D92D54C5836EF8FC19CACF.d.956AA7758E4EA234123821A7906B957F.e.6120","ELEMENT":"f.91F10126D0D92D54C5836EF8FC19CACF.d.956AA7758E4EA234123821A7906B957F.e.6120"}]}
COMMAND: POST /session/f773981d6b54d7f6084c0f44ff121803/execute/sync - {"script":"<script> [5351 bytes]","args":[{"element-6066-11e4-a52e-4f735466cecf":"f.91F10126D0D92D54C5836EF8FC19CACF.d.956AA7758E4EA234123821A7906B957F.e.6120","ELEMENT":"f.91F10126D0D92D54C5836EF8FC19CACF.d.956AA7758E4EA234123821A7906B957F.e.6120"}]}
COMMAND: GET /session/f773981d6b54d7f6084c0f44ff121803/screenshot - {}
RESULT: {"script":"<script> [5351 bytes]","args":[{"element-6066-11e4-a52e-4f735466cecf":"f.91F10126D0D92D54C5836EF8FC19CACF.d.956AA7758E4EA234123821A7906B957F.e.6120","ELEMENT":"f.91F10126D0D92D54C5836EF8FC19CACF.d.956AA7758E4EA234123821A7906B957F.e.6120"}]}
COMMAND: POST /session/f773981d6b54d7f6084c0f44ff121803/element - {"using":"xpath","value":"//*[contains(@data-kt ,\"webshopDetailCustomerLink\")]"}
COMMAND: GET /session/f773981d6b54d7f6084c0f44ff121803/screenshot - {}
RESULT: {}
RESULT: {"using":"xpath","value":"//*[contains(@data-kt ,\"webshopDetailCustomerLink\")]"}
COMMAND: POST /session/f773981d6b54d7f6084c0f44ff121803/element/f.91F10126D0D92D54C5836EF8FC19CACF.d.956AA7758E4EA234123821A7906B957F.e.6120/click - {}
COMMAND: POST /session/f773981d6b54d7f6084c0f44ff121803/element - {"using":"xpath","value":"//span[contains(@id ,\"application-addressmanagement-display-component---detailAdm--addressDetailDetailsName1\")][contains(text(), \"WebdriverSite0w0w3\")]"}
RESULT: {}
RESULT: {}
COMMAND: GET /session/f773981d6b54d7f6084c0f44ff121803/screenshot - {}
RESULT: {"using":"xpath","value":"//span[contains(@id ,\"application-addressmanagement-display-component---detailAdm--addressDetailDetailsName1\")][contains(text(), \"WebdriverSite0w0w3\")]"}
RESULT: {}
COMMAND: POST /session/f773981d6b54d7f6084c0f44ff121803/element - {"using":"xpath","value":"//span[contains(@id ,\"application-addressmanagement-display-component---detailAdm--addressDetailDetailsName1\")][contains(text(), \"WebdriverSite0w0w3\")]"}
RESULT: {"using":"xpath","value":"//span[contains(@id ,\"application-addressmanagement-display-component---detailAdm--addressDetailDetailsName1\")][contains(text(), \"WebdriverSite0w0w3\")]"}
COMMAND: POST /session/f773981d6b54d7f6084c0f44ff121803/element - {"using":"xpath","value":"//span[contains(@id ,\"application-addressmanagement-display-component---detailAdm--addressDetailDetailsName1\")][contains(text(), \"WebdriverSite0w0w3\")]"}
RESULT: {"using":"xpath","value":"//span[contains(@id ,\"application-addressmanagement-display-component---detailAdm--addressDetailDetailsName1\")][contains(text(), \"WebdriverSite0w0w3\")]"}
COMMAND: POST /session/f773981d6b54d7f6084c0f44ff121803/element - {"using":"xpath","value":"//span[contains(@id ,\"application-addressmanagement-display-component---detailAdm--addressDetailDetailsName1\")][contains(text(), \"WebdriverSite0w0w3\")]"}
RESULT: {"using":"xpath","value":"//span[contains(@id ,\"application-addressmanagement-display-component---detailAdm--addressDetailDetailsName1\")][contains(text(), \"WebdriverSite0w0w3\")]"}
COMMAND: POST /session/f773981d6b54d7f6084c0f44ff121803/element - {"using":"xpath","value":"//*[contains(@data-kt ,\"ContextMenuId2Link\")][contains(text(), \"Partner Overview\")]"}
RESULT: {"using":"xpath","value":"//*[contains(@data-kt ,\"ContextMenuId2Link\")][contains(text(), \"Partner Overview\")]"}
COMMAND: POST /session/f773981d6b54d7f6084c0f44ff121803/execute/sync - {"script":"<script> [8489 bytes]","args":[{"element-6066-11e4-a52e-4f735466cecf":"f.91F10126D0D92D54C5836EF8FC19CACF.d.956AA7758E4EA234123821A7906B957F.e.6122","ELEMENT":"f.91F10126D0D92D54C5836EF8FC19CACF.d.956AA7758E4EA234123821A7906B957F.e.6122"}]}
COMMAND: POST /session/f773981d6b54d7f6084c0f44ff121803/element - {"using":"xpath","value":"//*[contains(@data-kt ,\"ContextMenuId2Link\")][contains(text(), \"Partner Overview\")]"}
RESULT: {"script":"<script> [8489 bytes]","args":[{"element-6066-11e4-a52e-4f735466cecf":"f.91F10126D0D92D54C5836EF8FC19CACF.d.956AA7758E4EA234123821A7906B957F.e.6122","ELEMENT":"f.91F10126D0D92D54C5836EF8FC19CACF.d.956AA7758E4EA234123821A7906B957F.e.6122"}]}
RESULT: {"using":"xpath","value":"//*[contains(@data-kt ,\"ContextMenuId2Link\")][contains(text(), \"Partner Overview\")]"}
COMMAND: POST /session/f773981d6b54d7f6084c0f44ff121803/element/f.91F10126D0D92D54C5836EF8FC19CACF.d.956AA7758E4EA234123821A7906B957F.e.6122/click - {}
COMMAND: GET /session/f773981d6b54d7f6084c0f44ff121803/screenshot - {}
COMMAND: POST /session/f773981d6b54d7f6084c0f44ff121803/element - {"using":"xpath","value":"//span[contains(@id ,\"application-addressmanagement-display-component---detailAdm--addressDetailDetailsName1\")][contains(text(), \"WebdriverSite0w0w3\")]"}
RESULT: {}
COMMAND: GET /session/f773981d6b54d7f6084c0f44ff121803/screenshot - {}
RESULT: {}
RESULT: {"using":"xpath","value":"//span[contains(@id ,\"application-addressmanagement-display-component---detailAdm--addressDetailDetailsName1\")][contains(text(), \"WebdriverSite0w0w3\")]"}
COMMAND: POST /session/f773981d6b54d7f6084c0f44ff121803/element - {"using":"xpath","value":"//span[contains(@id ,\"application-addressmanagement-display-component---detailAdm--addressDetailDetailsName1\")][contains(text(), \"WebdriverSite0w0w3\")]"}
RESULT: {}
RESULT: {"using":"xpath","value":"//span[contains(@id ,\"application-addressmanagement-display-component---detailAdm--addressDetailDetailsName1\")][contains(text(), \"WebdriverSite0w0w3\")]"}
COMMAND: POST /session/f773981d6b54d7f6084c0f44ff121803/element - {"using":"xpath","value":"//span[contains(@id ,\"application-addressmanagement-display-component---detailAdm--addressDetailDetailsName1\")][contains(text(), \"WebdriverSite0w0w3\")]"}
RESULT: {"using":"xpath","value":"//span[contains(@id ,\"application-addressmanagement-display-component---detailAdm--addressDetailDetailsName1\")][contains(text(), \"WebdriverSite0w0w3\")]"}
RESULT: undefined
COMMAND: POST /session/f773981d6b54d7f6084c0f44ff121803/execute/async - {"script":"<script> [6424 bytes]","args":[{"element-6066-11e4-a52e-4f735466cecf":"f.91F10126D0D92D54C5836EF8FC19CACF.d.956AA7758E4EA234123821A7906B957F.e.3210"},"getTitle",[]]}
COMMAND: POST /session/f773981d6b54d7f6084c0f44ff121803/execute/async - {"script":"<script> [1562 bytes]","args":[{"selector":{"id":"shellAppTitle"},"wdio_ui5_key":"shellAppTitle"}]}
COMMAND: POST /session/f773981d6b54d7f6084c0f44ff121803/element - {"using":"xpath","value":"//span[contains(@id ,\"application-addressmanagement-display-component---detailAdm--addressDetailDetailsName1\")][contains(text(), \"WebdriverSite0w0w3\")]"}
RESULT: {"script":"<script> [1562 bytes]","args":[{"selector":{"id":"shellAppTitle"},"wdio_ui5_key":"shellAppTitle"}]}
COMMAND: POST /session/f773981d6b54d7f6084c0f44ff121803/execute/async - {"script":"<script> [6424 bytes]","args":[{"element-6066-11e4-a52e-4f735466cecf":"f.91F10126D0D92D54C5836EF8FC19CACF.d.956AA7758E4EA234123821A7906B957F.e.6519"},"getTitle",[]]}
RESULT: {"using":"xpath","value":"//span[contains(@id ,\"application-addressmanagement-display-component---detailAdm--addressDetailDetailsName1\")][contains(text(), \"WebdriverSite0w0w3\")]"}
RESULT: {"script":"<script> [6424 bytes]","args":[{"element-6066-11e4-a52e-4f735466cecf":"f.91F10126D0D92D54C5836EF8FC19CACF.d.956AA7758E4EA234123821A7906B957F.e.6519"},"getTitle",[]]}
COMMAND: POST /session/f773981d6b54d7f6084c0f44ff121803/element - {"using":"xpath","value":"//span[contains(@id ,\"title\")][contains(text(), \"WebdriverPartnerr2sfa\")]"}
RESULT: {"using":"xpath","value":"//span[contains(@id ,\"title\")][contains(text(), \"WebdriverPartnerr2sfa\")]"}
COMMAND: POST /session/f773981d6b54d7f6084c0f44ff121803/execute/sync - {"script":"<script> [8489 bytes]","args":[{"element-6066-11e4-a52e-4f735466cecf":"f.91F10126D0D92D54C5836EF8FC19CACF.d.956AA7758E4EA234123821A7906B957F.e.6520","ELEMENT":"f.91F10126D0D92D54C5836EF8FC19CACF.d.956AA7758E4EA234123821A7906B957F.e.6520"}]}
RESULT: undefined
COMMAND: POST /session/f773981d6b54d7f6084c0f44ff121803/element - {"using":"xpath","value":"//*[@id=\"backBtn\"]"}
RESULT: {"using":"xpath","value":"//*[@id=\"backBtn\"]"}
COMMAND: POST /session/f773981d6b54d7f6084c0f44ff121803/element/f.91F10126D0D92D54C5836EF8FC19CACF.d.956AA7758E4EA234123821A7906B957F.e.3213/click - {}
COMMAND: POST /session/f773981d6b54d7f6084c0f44ff121803/element - {"using":"xpath","value":"//span[contains(@id ,\"application-addressmanagement-display-component---detailAdm--addressDetailDetailsName1\")][contains(text(), \"WebdriverSite0w0w3\")]"}
RESULT: {"script":"<script> [8489 bytes]","args":[{"element-6066-11e4-a52e-4f735466cecf":"f.91F10126D0D92D54C5836EF8FC19CACF.d.956AA7758E4EA234123821A7906B957F.e.6520","ELEMENT":"f.91F10126D0D92D54C5836EF8FC19CACF.d.956AA7758E4EA234123821A7906B957F.e.6520"}]}
COMMAND: GET /session/f773981d6b54d7f6084c0f44ff121803/screenshot - {}
RESULT: {}
COMMAND: GET /session/f773981d6b54d7f6084c0f44ff121803/screenshot - {}
COMMAND: POST /session/f773981d6b54d7f6084c0f44ff121803/execute/sync - {"script":"<script> [8489 bytes]","args":[{"element-6066-11e4-a52e-4f735466cecf":"f.91F10126D0D92D54C5836EF8FC19CACF.d.956AA7758E4EA234123821A7906B957F.e.6520","ELEMENT":"f.91F10126D0D92D54C5836EF8FC19CACF.d.956AA7758E4EA234123821A7906B957F.e.6520"}]}
RESULT: {"using":"xpath","value":"//span[contains(@id ,\"application-addressmanagement-display-component---detailAdm--addressDetailDetailsName1\")][contains(text(), \"WebdriverSite0w0w3\")]"}
COMMAND: POST /session/f773981d6b54d7f6084c0f44ff121803/element - {"using":"xpath","value":"//span[contains(@id ,\"application-addressmanagement-display-component---detailAdm--addressDetailDetailsName1\")][contains(text(), \"WebdriverSite0w0w3\")]"}
RESULT: {}
RESULT: {}
COMMAND: POST /session/f773981d6b54d7f6084c0f44ff121803/element - {"using":"xpath","value":"//span[contains(@id ,\"title\")][contains(text(), \"WebdriverPartnerr2sfa\")]"}
RESULT: {"using":"xpath","value":"//span[contains(@id ,\"application-addressmanagement-display-component---detailAdm--addressDetailDetailsName1\")][contains(text(), \"WebdriverSite0w0w3\")]"}
COMMAND: POST /session/f773981d6b54d7f6084c0f44ff121803/execute/sync - {"script":"<script> [8489 bytes]","args":[{"element-6066-11e4-a52e-4f735466cecf":"f.91F10126D0D92D54C5836EF8FC19CACF.d.956AA7758E4EA234123821A7906B957F.e.6120","ELEMENT":"f.91F10126D0D92D54C5836EF8FC19CACF.d.956AA7758E4EA234123821A7906B957F.e.6120"}]}
COMMAND: POST /session/f773981d6b54d7f6084c0f44ff121803/element - {"using":"xpath","value":"//*[contains(@data-kt ,\"webshopDetailCustomerLink\")]"}
RESULT: {"using":"xpath","value":"//span[contains(@id ,\"title\")][contains(text(), \"WebdriverPartnerr2sfa\")]"}
COMMAND: POST /session/f773981d6b54d7f6084c0f44ff121803/element - {"using":"xpath","value":"//span[contains(@id ,\"title\")][contains(text(), \"WebdriverPartnerr2sfa\")]"}
RESULT: {"using":"xpath","value":"//*[contains(@data-kt ,\"webshopDetailCustomerLink\")]"}
COMMAND: POST /session/f773981d6b54d7f6084c0f44ff121803/execute/sync - {"script":"<script> [8489 bytes]","args":[{"element-6066-11e4-a52e-4f735466cecf":"f.91F10126D0D92D54C5836EF8FC19CACF.d.956AA7758E4EA234123821A7906B957F.e.6652","ELEMENT":"f.91F10126D0D92D54C5836EF8FC19CACF.d.956AA7758E4EA234123821A7906B957F.e.6652"}]}
RESULT: {"using":"xpath","value":"//span[contains(@id ,\"title\")][contains(text(), \"WebdriverPartnerr2sfa\")]"}
RESULT: {"script":"<script> [8489 bytes]","args":[{"element-6066-11e4-a52e-4f735466cecf":"f.91F10126D0D92D54C5836EF8FC19CACF.d.956AA7758E4EA234123821A7906B957F.e.6652","ELEMENT":"f.91F10126D0D92D54C5836EF8FC19CACF.d.956AA7758E4EA234123821A7906B957F.e.6652"}]}
COMMAND: POST /session/f773981d6b54d7f6084c0f44ff121803/execute/sync - {"script":"<script> [5351 bytes]","args":[{"element-6066-11e4-a52e-4f735466cecf":"f.91F10126D0D92D54C5836EF8FC19CACF.d.956AA7758E4EA234123821A7906B957F.e.6652","ELEMENT":"f.91F10126D0D92D54C5836EF8FC19CACF.d.956AA7758E4EA234123821A7906B957F.e.6652"}]}
COMMAND: GET /session/f773981d6b54d7f6084c0f44ff121803/screenshot - {}
RESULT: {"script":"<script> [5351 bytes]","args":[{"element-6066-11e4-a52e-4f735466cecf":"f.91F10126D0D92D54C5836EF8FC19CACF.d.956AA7758E4EA234123821A7906B957F.e.6652","ELEMENT":"f.91F10126D0D92D54C5836EF8FC19CACF.d.956AA7758E4EA234123821A7906B957F.e.6652"}]}
COMMAND: POST /session/f773981d6b54d7f6084c0f44ff121803/element - {"using":"xpath","value":"//*[contains(@data-kt ,\"webshopDetailCustomerLink\")]"}
COMMAND: GET /session/f773981d6b54d7f6084c0f44ff121803/screenshot - {}
COMMAND: POST /session/f773981d6b54d7f6084c0f44ff121803/element - {"using":"xpath","value":"//span[contains(@id ,\"application-addressmanagement-display-component---detailAdm--addressDetailDetailsName1\")][contains(text(), \"WebdriverSite0w0w3\")]"}
COMMAND: POST /session/f773981d6b54d7f6084c0f44ff121803/element - {"using":"xpath","value":"//span[contains(@id ,\"title\")][contains(text(), \"WebdriverPartnerr2sfa\")]"}
RESULT: {}
RESULT: {"using":"xpath","value":"//*[contains(@data-kt ,\"webshopDetailCustomerLink\")]"}
COMMAND: POST /session/f773981d6b54d7f6084c0f44ff121803/element/f.91F10126D0D92D54C5836EF8FC19CACF.d.956AA7758E4EA234123821A7906B957F.e.6652/click - {}
RESULT: {}
RESULT: {"using":"xpath","value":"//span[contains(@id ,\"application-addressmanagement-display-component---detailAdm--addressDetailDetailsName1\")][contains(text(), \"WebdriverSite0w0w3\")]"}
RESULT: {"using":"xpath","value":"//span[contains(@id ,\"title\")][contains(text(), \"WebdriverPartnerr2sfa\")]"}
RESULT: {}
COMMAND: GET /session/f773981d6b54d7f6084c0f44ff121803/screenshot - {}
COMMAND: POST /session/f773981d6b54d7f6084c0f44ff121803/element - {"using":"xpath","value":"//span[contains(@id ,\"application-addressmanagement-display-component---detailAdm--addressDetailDetailsName1\")][contains(text(), \"WebdriverSite0w0w3\")]"}
COMMAND: POST /session/f773981d6b54d7f6084c0f44ff121803/element - {"using":"xpath","value":"//span[contains(@id ,\"title\")][contains(text(), \"WebdriverPartnerr2sfa\")]"}
RESULT: {}
RESULT: {"using":"xpath","value":"//span[contains(@id ,\"application-addressmanagement-display-component---detailAdm--addressDetailDetailsName1\")][contains(text(), \"WebdriverSite0w0w3\")]"}
RESULT: {"using":"xpath","value":"//span[contains(@id ,\"title\")][contains(text(), \"WebdriverPartnerr2sfa\")]"}
COMMAND: POST /session/f773981d6b54d7f6084c0f44ff121803/execute/sync - {"script":"<script> [8489 bytes]","args":[{"element-6066-11e4-a52e-4f735466cecf":"f.91F10126D0D92D54C5836EF8FC19CACF.d.956AA7758E4EA234123821A7906B957F.e.6656","ELEMENT":"f.91F10126D0D92D54C5836EF8FC19CACF.d.956AA7758E4EA234123821A7906B957F.e.6656"}]}
RESULT: {"script":"<script> [8489 bytes]","args":[{"element-6066-11e4-a52e-4f735466cecf":"f.91F10126D0D92D54C5836EF8FC19CACF.d.956AA7758E4EA234123821A7906B957F.e.6656","ELEMENT":"f.91F10126D0D92D54C5836EF8FC19CACF.d.956AA7758E4EA234123821A7906B957F.e.6656"}]}
COMMAND: GET /session/f773981d6b54d7f6084c0f44ff121803/screenshot - {}
RESULT: {}
COMMAND: POST /session/f773981d6b54d7f6084c0f44ff121803/element - {"using":"xpath","value":"//span[contains(@id ,\"application-addressmanagement-display-component---detailAdm--addressDetailDetailsName1\")][contains(text(), \"WebdriverSite0w0w3\")]"}
RESULT: {"using":"xpath","value":"//span[contains(@id ,\"application-addressmanagement-display-component---detailAdm--addressDetailDetailsName1\")][contains(text(), \"WebdriverSite0w0w3\")]"}
COMMAND: POST /session/f773981d6b54d7f6084c0f44ff121803/element - {"using":"xpath","value":"//span[contains(@id ,\"application-addressmanagement-display-component---detailAdm--addressDetailDetailsName1\")][contains(text(), \"WebdriverSite0w0w3\")]"}
RESULT: {"using":"xpath","value":"//span[contains(@id ,\"application-addressmanagement-display-component---detailAdm--addressDetailDetailsName1\")][contains(text(), \"WebdriverSite0w0w3\")]"}
COMMAND: POST /session/f773981d6b54d7f6084c0f44ff121803/element - {"using":"xpath","value":"//span[contains(@id ,\"application-addressmanagement-display-component---detailAdm--addressDetailDetailsName1\")][contains(text(), \"WebdriverSite0w0w3\")]"}
RESULT: {"using":"xpath","value":"//span[contains(@id ,\"application-addressmanagement-display-component---detailAdm--addressDetailDetailsName1\")][contains(text(), \"WebdriverSite0w0w3\")]"}
COMMAND: POST /session/f773981d6b54d7f6084c0f44ff121803/element - {"using":"xpath","value":"//button[contains(@data-kt ,\"ContextMenuExternalId2Link\")]"}
RESULT: {"using":"xpath","value":"//button[contains(@data-kt ,\"ContextMenuExternalId2Link\")]"}
COMMAND: POST /session/f773981d6b54d7f6084c0f44ff121803/element/f.91F10126D0D92D54C5836EF8FC19CACF.d.956AA7758E4EA234123821A7906B957F.e.6655/click - {}
COMMAND: POST /session/f773981d6b54d7f6084c0f44ff121803/element - {"using":"xpath","value":"//span[contains(@id ,\"application-addressmanagement-display-component---detailAdm--addressDetailDetailsName1\")][contains(text(), \"WebdriverSite0w0w3\")]"}
RESULT: {}
COMMAND: GET /session/f773981d6b54d7f6084c0f44ff121803/screenshot - {}
RESULT: {"using":"xpath","value":"//span[contains(@id ,\"application-addressmanagement-display-component---detailAdm--addressDetailDetailsName1\")][contains(text(), \"WebdriverSite0w0w3\")]"}
COMMAND: POST /session/f773981d6b54d7f6084c0f44ff121803/element - {"using":"xpath","value":"//span[contains(@id ,\"application-addressmanagement-display-component---detailAdm--addressDetailDetailsName1\")][contains(text(), \"WebdriverSite0w0w3\")]"}
RESULT: {}
RESULT: {"using":"xpath","value":"//span[contains(@id ,\"application-addressmanagement-display-component---detailAdm--addressDetailDetailsName1\")][contains(text(), \"WebdriverSite0w0w3\")]"}
COMMAND: POST /session/f773981d6b54d7f6084c0f44ff121803/element - {"using":"xpath","value":"//span[contains(@id ,\"application-addressmanagement-display-component---detailAdm--addressDetailDetailsName1\")][contains(text(), \"WebdriverSite0w0w3\")]"}
RESULT: {"using":"xpath","value":"//span[contains(@id ,\"application-addressmanagement-display-component---detailAdm--addressDetailDetailsName1\")][contains(text(), \"WebdriverSite0w0w3\")]"}
COMMAND: POST /session/f773981d6b54d7f6084c0f44ff121803/element - {"using":"xpath","value":"//span[contains(@id ,\"application-addressmanagement-display-component---detailAdm--addressDetailDetailsName1\")][contains(text(), \"WebdriverSite0w0w3\")]"}
COMMAND: GET /session/f773981d6b54d7f6084c0f44ff121803/window/handles - {}
RESULT: {"using":"xpath","value":"//span[contains(@id ,\"application-addressmanagement-display-component---detailAdm--addressDetailDetailsName1\")][contains(text(), \"WebdriverSite0w0w3\")]"}
RESULT: {}
COMMAND: POST /session/f773981d6b54d7f6084c0f44ff121803/window - {"handle":"C6D052851BFCAF65F157993C90E4884D"}
RESULT: {"handle":"C6D052851BFCAF65F157993C90E4884D"}
COMMAND: GET /session/f773981d6b54d7f6084c0f44ff121803/url - {}
RESULT: {}
COMMAND: GET /session/f773981d6b54d7f6084c0f44ff121803/screenshot - {}
RESULT: {}
COMMAND: POST /session/f773981d6b54d7f6084c0f44ff121803/execute/sync - {"script":"<script> [8489 bytes]","args":[{"element-6066-11e4-a52e-4f735466cecf":"f.91F10126D0D92D54C5836EF8FC19CACF.d.956AA7758E4EA234123821A7906B957F.e.6656","ELEMENT":"f.91F10126D0D92D54C5836EF8FC19CACF.d.956AA7758E4EA234123821A7906B957F.e.6656"}]}
COMMAND: DELETE /session/f773981d6b54d7f6084c0f44ff121803/window - {}
RESULT: {}
COMMAND: POST /session/f773981d6b54d7f6084c0f44ff121803/window - {"handle":"91F10126D0D92D54C5836EF8FC19CACF"}
RESULT: {"handle":"91F10126D0D92D54C5836EF8FC19CACF"}
COMMAND: GET /session/f773981d6b54d7f6084c0f44ff121803/url - {}
RESULT: {"script":"<script> [8489 bytes]","args":[{"element-6066-11e4-a52e-4f735466cecf":"f.91F10126D0D92D54C5836EF8FC19CACF.d.956AA7758E4EA234123821A7906B957F.e.6656","ELEMENT":"f.91F10126D0D92D54C5836EF8FC19CACF.d.956AA7758E4EA234123821A7906B957F.e.6656"}]}
COMMAND: GET /session/f773981d6b54d7f6084c0f44ff121803/screenshot - {}
RESULT: {}
COMMAND: GET /session/f773981d6b54d7f6084c0f44ff121803/screenshot - {}
RESULT: {}
RESULT: {}
]]></system-out>
    </testcase>
    <testcase classname="chrome.136_0_7103_93.windows.Webshop_-_Hyperlinks_visible_and_working_properly__US139085" name="Should verify the contract and catalog item hyperlinks" time="109.627">
      <system-out><![CDATA[
COMMAND: POST /session/f773981d6b54d7f6084c0f44ff121803/element - {"using":"xpath","value":"//*[contains(@data-kt ,\"webshopDetailContractLink\")]"}
RESULT: {"using":"xpath","value":"//*[contains(@data-kt ,\"webshopDetailContractLink\")]"}
COMMAND: POST /session/f773981d6b54d7f6084c0f44ff121803/execute/sync - {"script":"<script> [8489 bytes]","args":[{"element-6066-11e4-a52e-4f735466cecf":"f.91F10126D0D92D54C5836EF8FC19CACF.d.956AA7758E4EA234123821A7906B957F.e.6894","ELEMENT":"f.91F10126D0D92D54C5836EF8FC19CACF.d.956AA7758E4EA234123821A7906B957F.e.6894"}]}
RESULT: {"script":"<script> [8489 bytes]","args":[{"element-6066-11e4-a52e-4f735466cecf":"f.91F10126D0D92D54C5836EF8FC19CACF.d.956AA7758E4EA234123821A7906B957F.e.6894","ELEMENT":"f.91F10126D0D92D54C5836EF8FC19CACF.d.956AA7758E4EA234123821A7906B957F.e.6894"}]}
COMMAND: POST /session/f773981d6b54d7f6084c0f44ff121803/execute/sync - {"script":"<script> [5351 bytes]","args":[{"element-6066-11e4-a52e-4f735466cecf":"f.91F10126D0D92D54C5836EF8FC19CACF.d.956AA7758E4EA234123821A7906B957F.e.6894","ELEMENT":"f.91F10126D0D92D54C5836EF8FC19CACF.d.956AA7758E4EA234123821A7906B957F.e.6894"}]}
COMMAND: GET /session/f773981d6b54d7f6084c0f44ff121803/screenshot - {}
RESULT: {"script":"<script> [5351 bytes]","args":[{"element-6066-11e4-a52e-4f735466cecf":"f.91F10126D0D92D54C5836EF8FC19CACF.d.956AA7758E4EA234123821A7906B957F.e.6894","ELEMENT":"f.91F10126D0D92D54C5836EF8FC19CACF.d.956AA7758E4EA234123821A7906B957F.e.6894"}]}
COMMAND: POST /session/f773981d6b54d7f6084c0f44ff121803/element - {"using":"xpath","value":"//*[contains(@data-kt ,\"webshopDetailContractLink\")]"}
COMMAND: GET /session/f773981d6b54d7f6084c0f44ff121803/screenshot - {}
RESULT: {}
RESULT: {"using":"xpath","value":"//*[contains(@data-kt ,\"webshopDetailContractLink\")]"}
COMMAND: POST /session/f773981d6b54d7f6084c0f44ff121803/element/f.91F10126D0D92D54C5836EF8FC19CACF.d.956AA7758E4EA234123821A7906B957F.e.6894/click - {}
RESULT: {}
RESULT: {}
COMMAND: GET /session/f773981d6b54d7f6084c0f44ff121803/screenshot - {}
RESULT: {}
COMMAND: POST /session/f773981d6b54d7f6084c0f44ff121803/element - {"using":"xpath","value":"//*[contains(@data-kt ,\"ContextMenuId2Link\")][contains(text(), \"Contract Overview\")]"}
RESULT: {"using":"xpath","value":"//*[contains(@data-kt ,\"ContextMenuId2Link\")][contains(text(), \"Contract Overview\")]"}
COMMAND: POST /session/f773981d6b54d7f6084c0f44ff121803/execute/sync - {"script":"<script> [8489 bytes]","args":[{"element-6066-11e4-a52e-4f735466cecf":"f.91F10126D0D92D54C5836EF8FC19CACF.d.956AA7758E4EA234123821A7906B957F.e.6896","ELEMENT":"f.91F10126D0D92D54C5836EF8FC19CACF.d.956AA7758E4EA234123821A7906B957F.e.6896"}]}
COMMAND: POST /session/f773981d6b54d7f6084c0f44ff121803/element - {"using":"xpath","value":"//*[contains(@data-kt ,\"ContextMenuId2Link\")][contains(text(), \"Contract Overview\")]"}
RESULT: {"using":"xpath","value":"//*[contains(@data-kt ,\"ContextMenuId2Link\")][contains(text(), \"Contract Overview\")]"}
COMMAND: POST /session/f773981d6b54d7f6084c0f44ff121803/element/f.91F10126D0D92D54C5836EF8FC19CACF.d.956AA7758E4EA234123821A7906B957F.e.6896/click - {}
RESULT: {"script":"<script> [8489 bytes]","args":[{"element-6066-11e4-a52e-4f735466cecf":"f.91F10126D0D92D54C5836EF8FC19CACF.d.956AA7758E4EA234123821A7906B957F.e.6896","ELEMENT":"f.91F10126D0D92D54C5836EF8FC19CACF.d.956AA7758E4EA234123821A7906B957F.e.6896"}]}
COMMAND: GET /session/f773981d6b54d7f6084c0f44ff121803/screenshot - {}
RESULT: {}
COMMAND: GET /session/f773981d6b54d7f6084c0f44ff121803/screenshot - {}
RESULT: {}
RESULT: {}
RESULT: undefined
COMMAND: POST /session/f773981d6b54d7f6084c0f44ff121803/execute/async - {"script":"<script> [6424 bytes]","args":[{"element-6066-11e4-a52e-4f735466cecf":"f.91F10126D0D92D54C5836EF8FC19CACF.d.956AA7758E4EA234123821A7906B957F.e.3210"},"getTitle",[]]}
COMMAND: POST /session/f773981d6b54d7f6084c0f44ff121803/execute/async - {"script":"<script> [1562 bytes]","args":[{"selector":{"id":"shellAppTitle"},"wdio_ui5_key":"shellAppTitle"}]}
RESULT: {"script":"<script> [1562 bytes]","args":[{"selector":{"id":"shellAppTitle"},"wdio_ui5_key":"shellAppTitle"}]}
COMMAND: POST /session/f773981d6b54d7f6084c0f44ff121803/execute/async - {"script":"<script> [6424 bytes]","args":[{"element-6066-11e4-a52e-4f735466cecf":"f.91F10126D0D92D54C5836EF8FC19CACF.d.956AA7758E4EA234123821A7906B957F.e.7136"},"getTitle",[]]}
RESULT: {"script":"<script> [6424 bytes]","args":[{"element-6066-11e4-a52e-4f735466cecf":"f.91F10126D0D92D54C5836EF8FC19CACF.d.956AA7758E4EA234123821A7906B957F.e.7136"},"getTitle",[]]}
COMMAND: POST /session/f773981d6b54d7f6084c0f44ff121803/element - {"using":"xpath","value":"//span[contains(@id ,\"contractDetailTitleNoExpanded\")][contains(text(), \"10182\")]"}
RESULT: {"using":"xpath","value":"//span[contains(@id ,\"contractDetailTitleNoExpanded\")][contains(text(), \"10182\")]"}
COMMAND: POST /session/f773981d6b54d7f6084c0f44ff121803/execute/sync - {"script":"<script> [8489 bytes]","args":[{"element-6066-11e4-a52e-4f735466cecf":"f.91F10126D0D92D54C5836EF8FC19CACF.d.956AA7758E4EA234123821A7906B957F.e.7137","ELEMENT":"f.91F10126D0D92D54C5836EF8FC19CACF.d.956AA7758E4EA234123821A7906B957F.e.7137"}]}
RESULT: undefined
COMMAND: POST /session/f773981d6b54d7f6084c0f44ff121803/element - {"using":"xpath","value":"//*[@id=\"backBtn\"]"}
RESULT: {"script":"<script> [8489 bytes]","args":[{"element-6066-11e4-a52e-4f735466cecf":"f.91F10126D0D92D54C5836EF8FC19CACF.d.956AA7758E4EA234123821A7906B957F.e.7137","ELEMENT":"f.91F10126D0D92D54C5836EF8FC19CACF.d.956AA7758E4EA234123821A7906B957F.e.7137"}]}
COMMAND: GET /session/f773981d6b54d7f6084c0f44ff121803/screenshot - {}
RESULT: {"using":"xpath","value":"//*[@id=\"backBtn\"]"}
COMMAND: POST /session/f773981d6b54d7f6084c0f44ff121803/element/f.91F10126D0D92D54C5836EF8FC19CACF.d.956AA7758E4EA234123821A7906B957F.e.3213/click - {}
RESULT: {}
RESULT: {}
COMMAND: GET /session/f773981d6b54d7f6084c0f44ff121803/screenshot - {}
RESULT: {}
COMMAND: POST /session/f773981d6b54d7f6084c0f44ff121803/execute/sync - {"script":"<script> [8489 bytes]","args":[{"element-6066-11e4-a52e-4f735466cecf":"f.91F10126D0D92D54C5836EF8FC19CACF.d.956AA7758E4EA234123821A7906B957F.e.6894","ELEMENT":"f.91F10126D0D92D54C5836EF8FC19CACF.d.956AA7758E4EA234123821A7906B957F.e.6894"}]}
COMMAND: POST /session/f773981d6b54d7f6084c0f44ff121803/element - {"using":"xpath","value":"//*[contains(@data-kt ,\"webshopDetailContractLink\")]"}
RESULT: {"using":"xpath","value":"//*[contains(@data-kt ,\"webshopDetailContractLink\")]"}
COMMAND: POST /session/f773981d6b54d7f6084c0f44ff121803/execute/sync - {"script":"<script> [8489 bytes]","args":[{"element-6066-11e4-a52e-4f735466cecf":"f.91F10126D0D92D54C5836EF8FC19CACF.d.956AA7758E4EA234123821A7906B957F.e.7299","ELEMENT":"f.91F10126D0D92D54C5836EF8FC19CACF.d.956AA7758E4EA234123821A7906B957F.e.7299"}]}
RESULT: {"script":"<script> [8489 bytes]","args":[{"element-6066-11e4-a52e-4f735466cecf":"f.91F10126D0D92D54C5836EF8FC19CACF.d.956AA7758E4EA234123821A7906B957F.e.7299","ELEMENT":"f.91F10126D0D92D54C5836EF8FC19CACF.d.956AA7758E4EA234123821A7906B957F.e.7299"}]}
COMMAND: POST /session/f773981d6b54d7f6084c0f44ff121803/execute/sync - {"script":"<script> [5351 bytes]","args":[{"element-6066-11e4-a52e-4f735466cecf":"f.91F10126D0D92D54C5836EF8FC19CACF.d.956AA7758E4EA234123821A7906B957F.e.7299","ELEMENT":"f.91F10126D0D92D54C5836EF8FC19CACF.d.956AA7758E4EA234123821A7906B957F.e.7299"}]}
COMMAND: GET /session/f773981d6b54d7f6084c0f44ff121803/screenshot - {}
RESULT: {"script":"<script> [5351 bytes]","args":[{"element-6066-11e4-a52e-4f735466cecf":"f.91F10126D0D92D54C5836EF8FC19CACF.d.956AA7758E4EA234123821A7906B957F.e.7299","ELEMENT":"f.91F10126D0D92D54C5836EF8FC19CACF.d.956AA7758E4EA234123821A7906B957F.e.7299"}]}
COMMAND: POST /session/f773981d6b54d7f6084c0f44ff121803/element - {"using":"xpath","value":"//*[contains(@data-kt ,\"webshopDetailContractLink\")]"}
COMMAND: GET /session/f773981d6b54d7f6084c0f44ff121803/screenshot - {}
RESULT: {}
RESULT: {"using":"xpath","value":"//*[contains(@data-kt ,\"webshopDetailContractLink\")]"}
COMMAND: POST /session/f773981d6b54d7f6084c0f44ff121803/element/f.91F10126D0D92D54C5836EF8FC19CACF.d.956AA7758E4EA234123821A7906B957F.e.7299/click - {}
RESULT: {}
RESULT: {}
COMMAND: GET /session/f773981d6b54d7f6084c0f44ff121803/screenshot - {}
RESULT: {}
COMMAND: POST /session/f773981d6b54d7f6084c0f44ff121803/element - {"using":"xpath","value":"//button[contains(@data-kt ,\"ContextMenuExternalId2Link\")]"}
RESULT: {"using":"xpath","value":"//button[contains(@data-kt ,\"ContextMenuExternalId2Link\")]"}
COMMAND: POST /session/f773981d6b54d7f6084c0f44ff121803/element/f.91F10126D0D92D54C5836EF8FC19CACF.d.956AA7758E4EA234123821A7906B957F.e.7300/click - {}
RESULT: {}
COMMAND: GET /session/f773981d6b54d7f6084c0f44ff121803/screenshot - {}
RESULT: {}
COMMAND: GET /session/f773981d6b54d7f6084c0f44ff121803/window/handles - {}
RESULT: {}
COMMAND: POST /session/f773981d6b54d7f6084c0f44ff121803/window - {"handle":"433BB4BFFEC2061452F270B909F9DF5A"}
RESULT: {"handle":"433BB4BFFEC2061452F270B909F9DF5A"}
COMMAND: GET /session/f773981d6b54d7f6084c0f44ff121803/url - {}
RESULT: {}
COMMAND: GET /session/f773981d6b54d7f6084c0f44ff121803/screenshot - {}
RESULT: {}
COMMAND: POST /session/f773981d6b54d7f6084c0f44ff121803/execute/sync - {"script":"<script> [8489 bytes]","args":[{"element-6066-11e4-a52e-4f735466cecf":"f.91F10126D0D92D54C5836EF8FC19CACF.d.956AA7758E4EA234123821A7906B957F.e.7137","ELEMENT":"f.91F10126D0D92D54C5836EF8FC19CACF.d.956AA7758E4EA234123821A7906B957F.e.7137"}]}
COMMAND: DELETE /session/f773981d6b54d7f6084c0f44ff121803/window - {}
RESULT: {}
COMMAND: POST /session/f773981d6b54d7f6084c0f44ff121803/window - {"handle":"91F10126D0D92D54C5836EF8FC19CACF"}
RESULT: {"handle":"91F10126D0D92D54C5836EF8FC19CACF"}
COMMAND: GET /session/f773981d6b54d7f6084c0f44ff121803/url - {}
COMMAND: POST /session/f773981d6b54d7f6084c0f44ff121803/element - {"using":"xpath","value":"//span[contains(@id ,\"contractDetailTitleNoExpanded\")][contains(text(), \"10182\")]"}
RESULT: {}
COMMAND: GET /session/f773981d6b54d7f6084c0f44ff121803/screenshot - {}
RESULT: {"using":"xpath","value":"//span[contains(@id ,\"contractDetailTitleNoExpanded\")][contains(text(), \"10182\")]"}
COMMAND: POST /session/f773981d6b54d7f6084c0f44ff121803/element - {"using":"xpath","value":"//span[contains(@id ,\"contractDetailTitleNoExpanded\")][contains(text(), \"10182\")]"}
RESULT: {}
RESULT: {"using":"xpath","value":"//span[contains(@id ,\"contractDetailTitleNoExpanded\")][contains(text(), \"10182\")]"}
COMMAND: POST /session/f773981d6b54d7f6084c0f44ff121803/element - {"using":"xpath","value":"//span[contains(@id ,\"contractDetailTitleNoExpanded\")][contains(text(), \"10182\")]"}
RESULT: {"using":"xpath","value":"//span[contains(@id ,\"contractDetailTitleNoExpanded\")][contains(text(), \"10182\")]"}
COMMAND: POST /session/f773981d6b54d7f6084c0f44ff121803/element - {"using":"xpath","value":"//span[contains(@id ,\"contractDetailTitleNoExpanded\")][contains(text(), \"10182\")]"}
RESULT: {"using":"xpath","value":"//span[contains(@id ,\"contractDetailTitleNoExpanded\")][contains(text(), \"10182\")]"}
COMMAND: POST /session/f773981d6b54d7f6084c0f44ff121803/element - {"using":"xpath","value":"//span[contains(@id ,\"contractDetailTitleNoExpanded\")][contains(text(), \"10182\")]"}
RESULT: {"using":"xpath","value":"//span[contains(@id ,\"contractDetailTitleNoExpanded\")][contains(text(), \"10182\")]"}
COMMAND: POST /session/f773981d6b54d7f6084c0f44ff121803/element - {"using":"xpath","value":"//span[contains(@id ,\"contractDetailTitleNoExpanded\")][contains(text(), \"10182\")]"}
RESULT: {"using":"xpath","value":"//span[contains(@id ,\"contractDetailTitleNoExpanded\")][contains(text(), \"10182\")]"}
COMMAND: POST /session/f773981d6b54d7f6084c0f44ff121803/element - {"using":"xpath","value":"//span[contains(@id ,\"contractDetailTitleNoExpanded\")][contains(text(), \"10182\")]"}
RESULT: {"using":"xpath","value":"//span[contains(@id ,\"contractDetailTitleNoExpanded\")][contains(text(), \"10182\")]"}
COMMAND: POST /session/f773981d6b54d7f6084c0f44ff121803/element - {"using":"xpath","value":"//span[contains(@id ,\"contractDetailTitleNoExpanded\")][contains(text(), \"10182\")]"}
RESULT: {"using":"xpath","value":"//span[contains(@id ,\"contractDetailTitleNoExpanded\")][contains(text(), \"10182\")]"}
COMMAND: POST /session/f773981d6b54d7f6084c0f44ff121803/element - {"using":"xpath","value":"//span[contains(@id ,\"contractDetailTitleNoExpanded\")][contains(text(), \"10182\")]"}
RESULT: {"using":"xpath","value":"//span[contains(@id ,\"contractDetailTitleNoExpanded\")][contains(text(), \"10182\")]"}
COMMAND: POST /session/f773981d6b54d7f6084c0f44ff121803/element - {"using":"xpath","value":"//*[contains(@data-kt ,\"webshopDetailCatalogItemLink\")]"}
RESULT: {"using":"xpath","value":"//*[contains(@data-kt ,\"webshopDetailCatalogItemLink\")]"}
COMMAND: POST /session/f773981d6b54d7f6084c0f44ff121803/execute/sync - {"script":"<script> [8489 bytes]","args":[{"element-6066-11e4-a52e-4f735466cecf":"f.91F10126D0D92D54C5836EF8FC19CACF.d.956AA7758E4EA234123821A7906B957F.e.7337","ELEMENT":"f.91F10126D0D92D54C5836EF8FC19CACF.d.956AA7758E4EA234123821A7906B957F.e.7337"}]}
RESULT: {"script":"<script> [8489 bytes]","args":[{"element-6066-11e4-a52e-4f735466cecf":"f.91F10126D0D92D54C5836EF8FC19CACF.d.956AA7758E4EA234123821A7906B957F.e.7337","ELEMENT":"f.91F10126D0D92D54C5836EF8FC19CACF.d.956AA7758E4EA234123821A7906B957F.e.7337"}]}
COMMAND: POST /session/f773981d6b54d7f6084c0f44ff121803/execute/sync - {"script":"<script> [5351 bytes]","args":[{"element-6066-11e4-a52e-4f735466cecf":"f.91F10126D0D92D54C5836EF8FC19CACF.d.956AA7758E4EA234123821A7906B957F.e.7337","ELEMENT":"f.91F10126D0D92D54C5836EF8FC19CACF.d.956AA7758E4EA234123821A7906B957F.e.7337"}]}
COMMAND: GET /session/f773981d6b54d7f6084c0f44ff121803/screenshot - {}
RESULT: {"script":"<script> [5351 bytes]","args":[{"element-6066-11e4-a52e-4f735466cecf":"f.91F10126D0D92D54C5836EF8FC19CACF.d.956AA7758E4EA234123821A7906B957F.e.7337","ELEMENT":"f.91F10126D0D92D54C5836EF8FC19CACF.d.956AA7758E4EA234123821A7906B957F.e.7337"}]}
COMMAND: POST /session/f773981d6b54d7f6084c0f44ff121803/element - {"using":"xpath","value":"//*[contains(@data-kt ,\"webshopDetailCatalogItemLink\")]"}
COMMAND: GET /session/f773981d6b54d7f6084c0f44ff121803/screenshot - {}
COMMAND: POST /session/f773981d6b54d7f6084c0f44ff121803/element - {"using":"xpath","value":"//span[contains(@id ,\"contractDetailTitleNoExpanded\")][contains(text(), \"10182\")]"}
RESULT: {}
RESULT: {"using":"xpath","value":"//*[contains(@data-kt ,\"webshopDetailCatalogItemLink\")]"}
COMMAND: POST /session/f773981d6b54d7f6084c0f44ff121803/element/f.91F10126D0D92D54C5836EF8FC19CACF.d.956AA7758E4EA234123821A7906B957F.e.7337/click - {}
RESULT: {}
RESULT: {"using":"xpath","value":"//span[contains(@id ,\"contractDetailTitleNoExpanded\")][contains(text(), \"10182\")]"}
RESULT: {}
COMMAND: GET /session/f773981d6b54d7f6084c0f44ff121803/screenshot - {}
COMMAND: POST /session/f773981d6b54d7f6084c0f44ff121803/element - {"using":"xpath","value":"//span[contains(@id ,\"contractDetailTitleNoExpanded\")][contains(text(), \"10182\")]"}
RESULT: {}
RESULT: {"using":"xpath","value":"//span[contains(@id ,\"contractDetailTitleNoExpanded\")][contains(text(), \"10182\")]"}
COMMAND: POST /session/f773981d6b54d7f6084c0f44ff121803/element - {"using":"xpath","value":"//span[contains(@id ,\"contractDetailTitleNoExpanded\")][contains(text(), \"10182\")]"}
RESULT: {"using":"xpath","value":"//span[contains(@id ,\"contractDetailTitleNoExpanded\")][contains(text(), \"10182\")]"}
COMMAND: POST /session/f773981d6b54d7f6084c0f44ff121803/element - {"using":"xpath","value":"//span[contains(@id ,\"contractDetailTitleNoExpanded\")][contains(text(), \"10182\")]"}
RESULT: {"using":"xpath","value":"//span[contains(@id ,\"contractDetailTitleNoExpanded\")][contains(text(), \"10182\")]"}
COMMAND: POST /session/f773981d6b54d7f6084c0f44ff121803/element - {"using":"xpath","value":"//span[contains(@id ,\"contractDetailTitleNoExpanded\")][contains(text(), \"10182\")]"}
RESULT: {"using":"xpath","value":"//span[contains(@id ,\"contractDetailTitleNoExpanded\")][contains(text(), \"10182\")]"}
COMMAND: POST /session/f773981d6b54d7f6084c0f44ff121803/element - {"using":"xpath","value":"//span[contains(@id ,\"contractDetailTitleNoExpanded\")][contains(text(), \"10182\")]"}
RESULT: {"using":"xpath","value":"//span[contains(@id ,\"contractDetailTitleNoExpanded\")][contains(text(), \"10182\")]"}
COMMAND: POST /session/f773981d6b54d7f6084c0f44ff121803/element - {"using":"xpath","value":"//span[contains(@id ,\"contractDetailTitleNoExpanded\")][contains(text(), \"10182\")]"}
RESULT: {"using":"xpath","value":"//span[contains(@id ,\"contractDetailTitleNoExpanded\")][contains(text(), \"10182\")]"}
COMMAND: POST /session/f773981d6b54d7f6084c0f44ff121803/element - {"using":"xpath","value":"//span[contains(@id ,\"contractDetailTitleNoExpanded\")][contains(text(), \"10182\")]"}
RESULT: {"using":"xpath","value":"//span[contains(@id ,\"contractDetailTitleNoExpanded\")][contains(text(), \"10182\")]"}
COMMAND: POST /session/f773981d6b54d7f6084c0f44ff121803/element - {"using":"xpath","value":"(//span[contains(text(), \"Dri-Prime CD150M Diesel Pump\")])[2]"}
RESULT: {"using":"xpath","value":"(//span[contains(text(), \"Dri-Prime CD150M Diesel Pump\")])[2]"}
COMMAND: POST /session/f773981d6b54d7f6084c0f44ff121803/execute/sync - {"script":"<script> [8489 bytes]","args":[{"element-6066-11e4-a52e-4f735466cecf":"f.91F10126D0D92D54C5836EF8FC19CACF.d.956AA7758E4EA234123821A7906B957F.e.7344","ELEMENT":"f.91F10126D0D92D54C5836EF8FC19CACF.d.956AA7758E4EA234123821A7906B957F.e.7344"}]}
COMMAND: POST /session/f773981d6b54d7f6084c0f44ff121803/element - {"using":"xpath","value":"(//span[contains(text(), \"Description\")])[1]"}
RESULT: {"script":"<script> [8489 bytes]","args":[{"element-6066-11e4-a52e-4f735466cecf":"f.91F10126D0D92D54C5836EF8FC19CACF.d.956AA7758E4EA234123821A7906B957F.e.7344","ELEMENT":"f.91F10126D0D92D54C5836EF8FC19CACF.d.956AA7758E4EA234123821A7906B957F.e.7344"}]}
COMMAND: GET /session/f773981d6b54d7f6084c0f44ff121803/screenshot - {}
COMMAND: POST /session/f773981d6b54d7f6084c0f44ff121803/element - {"using":"xpath","value":"//span[contains(@id ,\"contractDetailTitleNoExpanded\")][contains(text(), \"10182\")]"}
RESULT: {"using":"xpath","value":"(//span[contains(text(), \"Description\")])[1]"}
COMMAND: GET /session/f773981d6b54d7f6084c0f44ff121803/element/f.91F10126D0D92D54C5836EF8FC19CACF.d.956AA7758E4EA234123821A7906B957F.e.7345/rect - {}
RESULT: {}
RESULT: {"using":"xpath","value":"//span[contains(@id ,\"contractDetailTitleNoExpanded\")][contains(text(), \"10182\")]"}
RESULT: {}
COMMAND: GET /session/f773981d6b54d7f6084c0f44ff121803/window/rect - {}
RESULT: {}
COMMAND: POST /session/f773981d6b54d7f6084c0f44ff121803/execute/sync - {"script":"<script> [92 bytes]","args":[]}
RESULT: {"script":"<script> [92 bytes]","args":[]}
COMMAND: POST /session/f773981d6b54d7f6084c0f44ff121803/actions - {"actions":[{"id":"action10","type":"wheel","parameters":{},"actions":[{"type":"scroll","x":-1833,"y":-23,"deltaX":0,"deltaY":0,"duration":0,"origin":{"element-6066-11e4-a52e-4f735466cecf":"f.91F10126D0D92D54C5836EF8FC19CACF.d.956AA7758E4EA234123821A7906B957F.e.7345"}}]}]}
COMMAND: GET /session/f773981d6b54d7f6084c0f44ff121803/screenshot - {}
RESULT: {}
COMMAND: POST /session/f773981d6b54d7f6084c0f44ff121803/execute/sync - {"script":"<script> [79 bytes]","args":[{"element-6066-11e4-a52e-4f735466cecf":"f.91F10126D0D92D54C5836EF8FC19CACF.d.956AA7758E4EA234123821A7906B957F.e.7345","ELEMENT":"f.91F10126D0D92D54C5836EF8FC19CACF.d.956AA7758E4EA234123821A7906B957F.e.7345"},{"block":"start","inline":"nearest"}]}
RESULT: {"script":"<script> [79 bytes]","args":[{"element-6066-11e4-a52e-4f735466cecf":"f.91F10126D0D92D54C5836EF8FC19CACF.d.956AA7758E4EA234123821A7906B957F.e.7345","ELEMENT":"f.91F10126D0D92D54C5836EF8FC19CACF.d.956AA7758E4EA234123821A7906B957F.e.7345"},{"block":"start","inline":"nearest"}]}
COMMAND: GET /session/f773981d6b54d7f6084c0f44ff121803/screenshot - {}
COMMAND: POST /session/f773981d6b54d7f6084c0f44ff121803/element - {"using":"xpath","value":"//span[contains(@id ,\"contractDetailTitleNoExpanded\")][contains(text(), \"10182\")]"}
RESULT: {}
RESULT: {"using":"xpath","value":"//span[contains(@id ,\"contractDetailTitleNoExpanded\")][contains(text(), \"10182\")]"}
COMMAND: POST /session/f773981d6b54d7f6084c0f44ff121803/element - {"using":"xpath","value":"//span[contains(@id ,\"contractDetailTitleNoExpanded\")][contains(text(), \"10182\")]"}
RESULT: {"using":"xpath","value":"//span[contains(@id ,\"contractDetailTitleNoExpanded\")][contains(text(), \"10182\")]"}
COMMAND: POST /session/f773981d6b54d7f6084c0f44ff121803/element - {"using":"xpath","value":"//span[contains(@id ,\"contractDetailTitleNoExpanded\")][contains(text(), \"10182\")]"}
RESULT: {"using":"xpath","value":"//span[contains(@id ,\"contractDetailTitleNoExpanded\")][contains(text(), \"10182\")]"}
COMMAND: POST /session/f773981d6b54d7f6084c0f44ff121803/element - {"using":"xpath","value":"//span[contains(@id ,\"contractDetailTitleNoExpanded\")][contains(text(), \"10182\")]"}
RESULT: {"using":"xpath","value":"//span[contains(@id ,\"contractDetailTitleNoExpanded\")][contains(text(), \"10182\")]"}
COMMAND: POST /session/f773981d6b54d7f6084c0f44ff121803/element - {"using":"xpath","value":"//span[contains(@id ,\"contractDetailTitleNoExpanded\")][contains(text(), \"10182\")]"}
RESULT: {"using":"xpath","value":"//span[contains(@id ,\"contractDetailTitleNoExpanded\")][contains(text(), \"10182\")]"}
COMMAND: POST /session/f773981d6b54d7f6084c0f44ff121803/element - {"using":"xpath","value":"//span[contains(@id ,\"contractDetailTitleNoExpanded\")][contains(text(), \"10182\")]"}
RESULT: {"using":"xpath","value":"//span[contains(@id ,\"contractDetailTitleNoExpanded\")][contains(text(), \"10182\")]"}
COMMAND: POST /session/f773981d6b54d7f6084c0f44ff121803/element - {"using":"xpath","value":"(//textarea[@rows=\"15\"])[1]"}
RESULT: {"using":"xpath","value":"(//textarea[@rows=\"15\"])[1]"}
COMMAND: POST /session/f773981d6b54d7f6084c0f44ff121803/execute/sync - {"script":"<script> [8489 bytes]","args":[{"element-6066-11e4-a52e-4f735466cecf":"f.91F10126D0D92D54C5836EF8FC19CACF.d.956AA7758E4EA234123821A7906B957F.e.7343","ELEMENT":"f.91F10126D0D92D54C5836EF8FC19CACF.d.956AA7758E4EA234123821A7906B957F.e.7343"}]}
RESULT: {"script":"<script> [8489 bytes]","args":[{"element-6066-11e4-a52e-4f735466cecf":"f.91F10126D0D92D54C5836EF8FC19CACF.d.956AA7758E4EA234123821A7906B957F.e.7343","ELEMENT":"f.91F10126D0D92D54C5836EF8FC19CACF.d.956AA7758E4EA234123821A7906B957F.e.7343"}]}
COMMAND: GET /session/f773981d6b54d7f6084c0f44ff121803/screenshot - {}
RESULT: {}
COMMAND: POST /session/f773981d6b54d7f6084c0f44ff121803/element - {"using":"xpath","value":"//span[contains(@id ,\"contractDetailTitleNoExpanded\")][contains(text(), \"10182\")]"}
RESULT: {"using":"xpath","value":"//span[contains(@id ,\"contractDetailTitleNoExpanded\")][contains(text(), \"10182\")]"}
COMMAND: POST /session/f773981d6b54d7f6084c0f44ff121803/element - {"using":"xpath","value":"//span[contains(@id ,\"contractDetailTitleNoExpanded\")][contains(text(), \"10182\")]"}
RESULT: {"using":"xpath","value":"//span[contains(@id ,\"contractDetailTitleNoExpanded\")][contains(text(), \"10182\")]"}
COMMAND: POST /session/f773981d6b54d7f6084c0f44ff121803/element - {"using":"xpath","value":"//span[contains(@id ,\"contractDetailTitleNoExpanded\")][contains(text(), \"10182\")]"}
RESULT: {"using":"xpath","value":"//span[contains(@id ,\"contractDetailTitleNoExpanded\")][contains(text(), \"10182\")]"}
COMMAND: POST /session/f773981d6b54d7f6084c0f44ff121803/element - {"using":"xpath","value":"//span[contains(@id ,\"contractDetailTitleNoExpanded\")][contains(text(), \"10182\")]"}
RESULT: {"using":"xpath","value":"//span[contains(@id ,\"contractDetailTitleNoExpanded\")][contains(text(), \"10182\")]"}
COMMAND: POST /session/f773981d6b54d7f6084c0f44ff121803/element - {"using":"xpath","value":"//span[contains(@id ,\"contractDetailTitleNoExpanded\")][contains(text(), \"10182\")]"}
RESULT: {"using":"xpath","value":"//span[contains(@id ,\"contractDetailTitleNoExpanded\")][contains(text(), \"10182\")]"}
COMMAND: POST /session/f773981d6b54d7f6084c0f44ff121803/element - {"using":"xpath","value":"//span[contains(@id ,\"contractDetailTitleNoExpanded\")][contains(text(), \"10182\")]"}
RESULT: {"using":"xpath","value":"//span[contains(@id ,\"contractDetailTitleNoExpanded\")][contains(text(), \"10182\")]"}
COMMAND: POST /session/f773981d6b54d7f6084c0f44ff121803/element - {"using":"xpath","value":"//span[contains(@id ,\"contractDetailTitleNoExpanded\")][contains(text(), \"10182\")]"}
RESULT: {"using":"xpath","value":"//span[contains(@id ,\"contractDetailTitleNoExpanded\")][contains(text(), \"10182\")]"}
COMMAND: POST /session/f773981d6b54d7f6084c0f44ff121803/element - {"using":"xpath","value":"//span[contains(@id ,\"contractDetailTitleNoExpanded\")][contains(text(), \"10182\")]"}
RESULT: {"using":"xpath","value":"//span[contains(@id ,\"contractDetailTitleNoExpanded\")][contains(text(), \"10182\")]"}
COMMAND: POST /session/f773981d6b54d7f6084c0f44ff121803/execute/async - {"script":"<script> [1562 bytes]","args":[{"selector":{"controlType":"sap.tnt.NavigationListItem","viewName":"etm.portal.ui.webshop.view.RequestDetail","i18NText":{"propertyName":"text","key":"exit"},"interaction":{"idSuffix":"a"}},"wdio_ui5_key":"etmportal.ui.webshop.view.RequestDetailsap.tnt.NavigationListItem{\"propertyName\":\"text\",\"key\":\"exit\"}"}]}
COMMAND: POST /session/f773981d6b54d7f6084c0f44ff121803/element - {"using":"xpath","value":"//span[contains(@id ,\"contractDetailTitleNoExpanded\")][contains(text(), \"10182\")]"}
RESULT: {"script":"<script> [1562 bytes]","args":[{"selector":{"controlType":"sap.tnt.NavigationListItem","viewName":"etm.portal.ui.webshop.view.RequestDetail","i18NText":{"propertyName":"text","key":"exit"},"interaction":{"idSuffix":"a"}},"wdio_ui5_key":"etmportal.ui.webshop.view.RequestDetailsap.tnt.NavigationListItem{\"propertyName\":\"text\",\"key\":\"exit\"}"}]}
RESULT: undefined
COMMAND: POST /session/f773981d6b54d7f6084c0f44ff121803/element - {"using":"xpath","value":"//*[@id=\"__item2241\"]"}
RESULT: {"using":"xpath","value":"//span[contains(@id ,\"contractDetailTitleNoExpanded\")][contains(text(), \"10182\")]"}
RESULT: {"using":"xpath","value":"//*[@id=\"__item2241\"]"}
COMMAND: POST /session/f773981d6b54d7f6084c0f44ff121803/element/f.91F10126D0D92D54C5836EF8FC19CACF.d.956AA7758E4EA234123821A7906B957F.e.7351/click - {}
RESULT: {}
COMMAND: GET /session/f773981d6b54d7f6084c0f44ff121803/screenshot - {}
COMMAND: POST /session/f773981d6b54d7f6084c0f44ff121803/element - {"using":"xpath","value":"//span[contains(@id ,\"contractDetailTitleNoExpanded\")][contains(text(), \"10182\")]"}
RESULT: {}
RESULT: {"using":"xpath","value":"//span[contains(@id ,\"contractDetailTitleNoExpanded\")][contains(text(), \"10182\")]"}
COMMAND: POST /session/f773981d6b54d7f6084c0f44ff121803/element - {"using":"xpath","value":"//span[contains(@id ,\"contractDetailTitleNoExpanded\")][contains(text(), \"10182\")]"}
RESULT: {"using":"xpath","value":"//span[contains(@id ,\"contractDetailTitleNoExpanded\")][contains(text(), \"10182\")]"}
COMMAND: POST /session/f773981d6b54d7f6084c0f44ff121803/element - {"using":"xpath","value":"//span[contains(@id ,\"contractDetailTitleNoExpanded\")][contains(text(), \"10182\")]"}
RESULT: {"using":"xpath","value":"//span[contains(@id ,\"contractDetailTitleNoExpanded\")][contains(text(), \"10182\")]"}
COMMAND: POST /session/f773981d6b54d7f6084c0f44ff121803/element - {"using":"xpath","value":"//span[contains(@id ,\"contractDetailTitleNoExpanded\")][contains(text(), \"10182\")]"}
RESULT: {"using":"xpath","value":"//span[contains(@id ,\"contractDetailTitleNoExpanded\")][contains(text(), \"10182\")]"}
COMMAND: POST /session/f773981d6b54d7f6084c0f44ff121803/element - {"using":"xpath","value":"//span[contains(@id ,\"contractDetailTitleNoExpanded\")][contains(text(), \"10182\")]"}
RESULT: {"using":"xpath","value":"//span[contains(@id ,\"contractDetailTitleNoExpanded\")][contains(text(), \"10182\")]"}
COMMAND: POST /session/f773981d6b54d7f6084c0f44ff121803/element - {"using":"xpath","value":"//span[contains(@id ,\"contractDetailTitleNoExpanded\")][contains(text(), \"10182\")]"}
RESULT: {"using":"xpath","value":"//span[contains(@id ,\"contractDetailTitleNoExpanded\")][contains(text(), \"10182\")]"}
COMMAND: POST /session/f773981d6b54d7f6084c0f44ff121803/element - {"using":"css selector","value":"#shell-header-logo"}
RESULT: {"using":"css selector","value":"#shell-header-logo"}
COMMAND: POST /session/f773981d6b54d7f6084c0f44ff121803/element/f.91F10126D0D92D54C5836EF8FC19CACF.d.956AA7758E4EA234123821A7906B957F.e.3213/click - {}
COMMAND: POST /session/f773981d6b54d7f6084c0f44ff121803/element - {"using":"xpath","value":"//span[contains(@id ,\"contractDetailTitleNoExpanded\")][contains(text(), \"10182\")]"}
RESULT: {}
COMMAND: GET /session/f773981d6b54d7f6084c0f44ff121803/screenshot - {}
RESULT: {"using":"xpath","value":"//span[contains(@id ,\"contractDetailTitleNoExpanded\")][contains(text(), \"10182\")]"}
RESULT: {}
COMMAND: POST /session/f773981d6b54d7f6084c0f44ff121803/element - {"using":"xpath","value":"//span[contains(@id ,\"contractDetailTitleNoExpanded\")][contains(text(), \"10182\")]"}
RESULT: {"using":"xpath","value":"//span[contains(@id ,\"contractDetailTitleNoExpanded\")][contains(text(), \"10182\")]"}
COMMAND: POST /session/f773981d6b54d7f6084c0f44ff121803/element - {"using":"xpath","value":"//span[contains(@id ,\"contractDetailTitleNoExpanded\")][contains(text(), \"10182\")]"}
RESULT: {"using":"xpath","value":"//span[contains(@id ,\"contractDetailTitleNoExpanded\")][contains(text(), \"10182\")]"}
COMMAND: POST /session/f773981d6b54d7f6084c0f44ff121803/element - {"using":"xpath","value":"//span[contains(@id ,\"contractDetailTitleNoExpanded\")][contains(text(), \"10182\")]"}
RESULT: {"using":"xpath","value":"//span[contains(@id ,\"contractDetailTitleNoExpanded\")][contains(text(), \"10182\")]"}
COMMAND: POST /session/f773981d6b54d7f6084c0f44ff121803/element - {"using":"xpath","value":"//span[contains(@id ,\"contractDetailTitleNoExpanded\")][contains(text(), \"10182\")]"}
RESULT: {"using":"xpath","value":"//span[contains(@id ,\"contractDetailTitleNoExpanded\")][contains(text(), \"10182\")]"}
]]></system-out>
    </testcase>
  </testsuite>
  <testsuite timestamp="2025-05-24T16:28:33" time="78.771" tests="1" failures="0" errors="0" skipped="0">
    <properties>
      <property name="specId" value="0"/>
      <property name="suiteName" value="Add items into the basket without creating a request US151315"/>
      <property name="capabilities" value="chrome.136_0_7103_93.windows"/>
      <property name="file" value="file:///D:/a/1/s/test/specs/R2C/add-items-into-basket-wo-creating-a-request.spec.js"/>
    </properties>
    <testcase classname="chrome.136_0_7103_93.windows.Add_items_into_the_basket_without_creating_a_request_US151315" name="Should verify if a catalog item can be added without creating a request" time="75.62">
      <system-out><![CDATA[
RESULT: undefined
COMMAND: POST /session/f773981d6b54d7f6084c0f44ff121803/element - {"using":"xpath","value":"//*[@id=\"__tile49\"]"}
RESULT: {"using":"xpath","value":"//*[@id=\"__tile49\"]"}
COMMAND: POST /session/f773981d6b54d7f6084c0f44ff121803/element/f.91F10126D0D92D54C5836EF8FC19CACF.d.956AA7758E4EA234123821A7906B957F.e.2947/click - {}
COMMAND: POST /session/f773981d6b54d7f6084c0f44ff121803/element - {"using":"xpath","value":"//span[contains(@id ,\"contractDetailTitleNoExpanded\")][contains(text(), \"10182\")]"}
RESULT: {}
COMMAND: GET /session/f773981d6b54d7f6084c0f44ff121803/screenshot - {}
RESULT: {"using":"xpath","value":"//span[contains(@id ,\"contractDetailTitleNoExpanded\")][contains(text(), \"10182\")]"}
RESULT: {}
COMMAND: POST /session/f773981d6b54d7f6084c0f44ff121803/element - {"using":"xpath","value":"//span[contains(@id ,\"contractDetailTitleNoExpanded\")][contains(text(), \"10182\")]"}
RESULT: {"using":"xpath","value":"//span[contains(@id ,\"contractDetailTitleNoExpanded\")][contains(text(), \"10182\")]"}
COMMAND: POST /session/f773981d6b54d7f6084c0f44ff121803/element - {"using":"xpath","value":"//span[contains(@id ,\"contractDetailTitleNoExpanded\")][contains(text(), \"10182\")]"}
COMMAND: POST /session/f773981d6b54d7f6084c0f44ff121803/elements - {"using":"xpath","value":"//span[text()='Error']"}
RESULT: {"using":"xpath","value":"//span[contains(@id ,\"contractDetailTitleNoExpanded\")][contains(text(), \"10182\")]"}
COMMAND: POST /session/f773981d6b54d7f6084c0f44ff121803/element - {"using":"xpath","value":"//span[contains(@id ,\"contractDetailTitleNoExpanded\")][contains(text(), \"10182\")]"}
RESULT: {"using":"xpath","value":"//span[text()='Error']"}
RESULT: {"using":"xpath","value":"//span[contains(@id ,\"contractDetailTitleNoExpanded\")][contains(text(), \"10182\")]"}
COMMAND: POST /session/f773981d6b54d7f6084c0f44ff121803/element - {"using":"xpath","value":"//span[contains(@id ,\"contractDetailTitleNoExpanded\")][contains(text(), \"10182\")]"}
RESULT: {"using":"xpath","value":"//span[contains(@id ,\"contractDetailTitleNoExpanded\")][contains(text(), \"10182\")]"}
COMMAND: POST /session/f773981d6b54d7f6084c0f44ff121803/element - {"using":"css selector","value":"#requestCreationDialog--createRequestPopUp-title-inner"}
RESULT: {"using":"css selector","value":"#requestCreationDialog--createRequestPopUp-title-inner"}
COMMAND: POST /session/f773981d6b54d7f6084c0f44ff121803/execute/sync - {"script":"<script> [8489 bytes]","args":[{"element-6066-11e4-a52e-4f735466cecf":"f.91F10126D0D92D54C5836EF8FC19CACF.d.956AA7758E4EA234123821A7906B957F.e.7431","ELEMENT":"f.91F10126D0D92D54C5836EF8FC19CACF.d.956AA7758E4EA234123821A7906B957F.e.7431"}]}
RESULT: {"script":"<script> [8489 bytes]","args":[{"element-6066-11e4-a52e-4f735466cecf":"f.91F10126D0D92D54C5836EF8FC19CACF.d.956AA7758E4EA234123821A7906B957F.e.7431","ELEMENT":"f.91F10126D0D92D54C5836EF8FC19CACF.d.956AA7758E4EA234123821A7906B957F.e.7431"}]}
COMMAND: GET /session/f773981d6b54d7f6084c0f44ff121803/element/f.91F10126D0D92D54C5836EF8FC19CACF.d.956AA7758E4EA234123821A7906B957F.e.7431/enabled - {}
COMMAND: GET /session/f773981d6b54d7f6084c0f44ff121803/screenshot - {}
RESULT: {}
COMMAND: POST /session/f773981d6b54d7f6084c0f44ff121803/element - {"using":"xpath","value":"//span[contains(@id ,\"requestCreationDialog--cancelButton-content\")]"}
COMMAND: GET /session/f773981d6b54d7f6084c0f44ff121803/screenshot - {}
RESULT: {}
RESULT: {"using":"xpath","value":"//span[contains(@id ,\"requestCreationDialog--cancelButton-content\")]"}
COMMAND: POST /session/f773981d6b54d7f6084c0f44ff121803/element/f.91F10126D0D92D54C5836EF8FC19CACF.d.956AA7758E4EA234123821A7906B957F.e.7432/click - {}
RESULT: {}
RESULT: {}
COMMAND: GET /session/f773981d6b54d7f6084c0f44ff121803/screenshot - {}
RESULT: {}
COMMAND: POST /session/f773981d6b54d7f6084c0f44ff121803/element - {"using":"xpath","value":"//input[contains(@id ,\"searchFiledId-I\")]"}
RESULT: {"using":"xpath","value":"//input[contains(@id ,\"searchFiledId-I\")]"}
COMMAND: POST /session/f773981d6b54d7f6084c0f44ff121803/element/f.91F10126D0D92D54C5836EF8FC19CACF.d.956AA7758E4EA234123821A7906B957F.e.7354/value - {"text":"Dri-Prime CD150M Diesel Pump"}
RESULT: {"text":"Dri-Prime CD150M Diesel Pump"}
COMMAND: POST /session/f773981d6b54d7f6084c0f44ff121803/actions - {"actions":[{"id":"action11","type":"key","parameters":{},"actions":[{"type":"keyDown","value":""},{"type":"pause","duration":10},{"type":"keyUp","value":""}]}]}
COMMAND: GET /session/f773981d6b54d7f6084c0f44ff121803/screenshot - {}
RESULT: {"actions":[{"id":"action11","type":"key","parameters":{},"actions":[{"type":"keyDown","value":""},{"type":"pause","duration":10},{"type":"keyUp","value":""}]}]}
COMMAND: GET /session/f773981d6b54d7f6084c0f44ff121803/screenshot - {}
RESULT: {}
RESULT: {}
COMMAND: POST /session/f773981d6b54d7f6084c0f44ff121803/element - {"using":"xpath","value":"//span[contains(@id ,\"subTitle\")][contains(text(), \"Dri-Prime CD150M Diesel Pump\")]"}
RESULT: {"using":"xpath","value":"//span[contains(@id ,\"subTitle\")][contains(text(), \"Dri-Prime CD150M Diesel Pump\")]"}
COMMAND: POST /session/f773981d6b54d7f6084c0f44ff121803/element/f.91F10126D0D92D54C5836EF8FC19CACF.d.956AA7758E4EA234123821A7906B957F.e.7439/click - {}
RESULT: {}
COMMAND: GET /session/f773981d6b54d7f6084c0f44ff121803/screenshot - {}
RESULT: {}
COMMAND: POST /session/f773981d6b54d7f6084c0f44ff121803/element - {"using":"xpath","value":"//bdi[contains(text(), \"Add to Request\")]"}
RESULT: {"using":"xpath","value":"//bdi[contains(text(), \"Add to Request\")]"}
COMMAND: POST /session/f773981d6b54d7f6084c0f44ff121803/element/f.91F10126D0D92D54C5836EF8FC19CACF.d.956AA7758E4EA234123821A7906B957F.e.7452/click - {}
RESULT: {}
COMMAND: POST /session/f773981d6b54d7f6084c0f44ff121803/element - {"using":"xpath","value":"//div[contains(@class ,\"sapMMessageToast sapUiSelectable sapContrast sapContrastPlus sapUiUserSelectable\")]"}
COMMAND: GET /session/f773981d6b54d7f6084c0f44ff121803/screenshot - {}
RESULT: {"using":"xpath","value":"//div[contains(@class ,\"sapMMessageToast sapUiSelectable sapContrast sapContrastPlus sapUiUserSelectable\")]"}
COMMAND: POST /session/f773981d6b54d7f6084c0f44ff121803/execute/sync - {"script":"<script> [8489 bytes]","args":[{"element-6066-11e4-a52e-4f735466cecf":"f.91F10126D0D92D54C5836EF8FC19CACF.d.956AA7758E4EA234123821A7906B957F.e.7455","ELEMENT":"f.91F10126D0D92D54C5836EF8FC19CACF.d.956AA7758E4EA234123821A7906B957F.e.7455"}]}
RESULT: {}
RESULT: {"script":"<script> [8489 bytes]","args":[{"element-6066-11e4-a52e-4f735466cecf":"f.91F10126D0D92D54C5836EF8FC19CACF.d.956AA7758E4EA234123821A7906B957F.e.7455","ELEMENT":"f.91F10126D0D92D54C5836EF8FC19CACF.d.956AA7758E4EA234123821A7906B957F.e.7455"}]}
COMMAND: GET /session/f773981d6b54d7f6084c0f44ff121803/element/f.91F10126D0D92D54C5836EF8FC19CACF.d.956AA7758E4EA234123821A7906B957F.e.7455/text - {}
COMMAND: GET /session/f773981d6b54d7f6084c0f44ff121803/screenshot - {}
RESULT: {}
RESULT: {}
COMMAND: POST /session/f773981d6b54d7f6084c0f44ff121803/element - {"using":"xpath","value":"//bdi[contains(@id ,\"activeCartId-BDI-content\")]"}
RESULT: {"using":"xpath","value":"//bdi[contains(@id ,\"activeCartId-BDI-content\")]"}
COMMAND: GET /session/f773981d6b54d7f6084c0f44ff121803/element/f.91F10126D0D92D54C5836EF8FC19CACF.d.956AA7758E4EA234123821A7906B957F.e.7458/text - {}
RESULT: {}
COMMAND: POST /session/f773981d6b54d7f6084c0f44ff121803/element - {"using":"xpath","value":"//li[@title=\"Exit\"]"}
RESULT: {"using":"xpath","value":"//li[@title=\"Exit\"]"}
COMMAND: POST /session/f773981d6b54d7f6084c0f44ff121803/element/f.91F10126D0D92D54C5836EF8FC19CACF.d.956AA7758E4EA234123821A7906B957F.e.7411/click - {}
RESULT: {}
COMMAND: GET /session/f773981d6b54d7f6084c0f44ff121803/screenshot - {}
RESULT: {}
COMMAND: POST /session/f773981d6b54d7f6084c0f44ff121803/element - {"using":"css selector","value":"#shell-header-logo"}
RESULT: {"using":"css selector","value":"#shell-header-logo"}
COMMAND: POST /session/f773981d6b54d7f6084c0f44ff121803/element/f.91F10126D0D92D54C5836EF8FC19CACF.d.956AA7758E4EA234123821A7906B957F.e.7468/click - {}
RESULT: {}
COMMAND: GET /session/f773981d6b54d7f6084c0f44ff121803/screenshot - {}
RESULT: {}
]]></system-out>
    </testcase>
  </testsuite>
  <testsuite timestamp="2025-05-24T16:29:51" time="163.675" tests="1" failures="0" errors="0" skipped="0">
    <properties>
      <property name="specId" value="0"/>
      <property name="suiteName" value=" Webshop - Request management - Verifying the Master List - Filtering /Sorting - Deleting - Creating US151314"/>
      <property name="capabilities" value="chrome.136_0_7103_93.windows"/>
      <property name="file" value="file:///D:/a/1/s/test/specs/R2C/webshop-request-management-verify-master-list.spec.js"/>
    </properties>
    <testcase classname="chrome.136_0_7103_93.windows._Webshop_-_Request_management_-_Verifying_the_Master_List_-_Filtering_/Sorting_-_Deleting_-_Creating_US151314" name="Should navigate to request management in webshop and verify the filters" time="160.485">
      <system-out><![CDATA[
RESULT: undefined
COMMAND: POST /session/f773981d6b54d7f6084c0f44ff121803/element - {"using":"xpath","value":"//*[@id=\"__tile49\"]"}
RESULT: {"using":"xpath","value":"//*[@id=\"__tile49\"]"}
COMMAND: POST /session/f773981d6b54d7f6084c0f44ff121803/element/f.91F10126D0D92D54C5836EF8FC19CACF.d.956AA7758E4EA234123821A7906B957F.e.2947/click - {}
RESULT: {}
COMMAND: GET /session/f773981d6b54d7f6084c0f44ff121803/screenshot - {}
RESULT: {}
COMMAND: POST /session/f773981d6b54d7f6084c0f44ff121803/elements - {"using":"xpath","value":"//span[text()='Error']"}
RESULT: {"using":"xpath","value":"//span[text()='Error']"}
COMMAND: POST /session/f773981d6b54d7f6084c0f44ff121803/execute/async - {"script":"<script> [1562 bytes]","args":[{"selector":{"id":"requestCreationDialog--cancelButton","searchOpenDialogs":true,"interaction":{"idSuffix":"BDI-content"}},"wdio_ui5_key":"requestCreationDialogcancelButton"}]}
RESULT: {"script":"<script> [1562 bytes]","args":[{"selector":{"id":"requestCreationDialog--cancelButton","searchOpenDialogs":true,"interaction":{"idSuffix":"BDI-content"}},"wdio_ui5_key":"requestCreationDialogcancelButton"}]}
RESULT: undefined
COMMAND: POST /session/f773981d6b54d7f6084c0f44ff121803/element - {"using":"xpath","value":"//*[@id=\"requestCreationDialog--cancelButton\"]"}
RESULT: {"using":"xpath","value":"//*[@id=\"requestCreationDialog--cancelButton\"]"}
COMMAND: POST /session/f773981d6b54d7f6084c0f44ff121803/element/f.91F10126D0D92D54C5836EF8FC19CACF.d.956AA7758E4EA234123821A7906B957F.e.7515/click - {}
RESULT: {}
COMMAND: GET /session/f773981d6b54d7f6084c0f44ff121803/screenshot - {}
RESULT: {}
COMMAND: POST /session/f773981d6b54d7f6084c0f44ff121803/execute/async - {"script":"<script> [1562 bytes]","args":[{"selector":{"controlType":"sap.tnt.NavigationListItem","viewName":"etm.portal.ui.webshop.view.Homepage","i18NText":{"propertyName":"text","key":"requestsManagement"},"interaction":{"idSuffix":"a"}},"wdio_ui5_key":"etmportal.ui.webshop.view.Homepagesap.tnt.NavigationListItem{\"propertyName\":\"text\",\"key\":\"requestsManagement\"}"}]}
RESULT: {"script":"<script> [1562 bytes]","args":[{"selector":{"controlType":"sap.tnt.NavigationListItem","viewName":"etm.portal.ui.webshop.view.Homepage","i18NText":{"propertyName":"text","key":"requestsManagement"},"interaction":{"idSuffix":"a"}},"wdio_ui5_key":"etmportal.ui.webshop.view.Homepagesap.tnt.NavigationListItem{\"propertyName\":\"text\",\"key\":\"requestsManagement\"}"}]}
RESULT: undefined
COMMAND: POST /session/f773981d6b54d7f6084c0f44ff121803/element - {"using":"xpath","value":"//*[@id=\"__item2317\"]"}
RESULT: {"using":"xpath","value":"//*[@id=\"__item2317\"]"}
COMMAND: POST /session/f773981d6b54d7f6084c0f44ff121803/element/f.91F10126D0D92D54C5836EF8FC19CACF.d.956AA7758E4EA234123821A7906B957F.e.7517/click - {}
RESULT: {}
COMMAND: GET /session/f773981d6b54d7f6084c0f44ff121803/screenshot - {}
RESULT: {}
COMMAND: POST /session/f773981d6b54d7f6084c0f44ff121803/element - {"using":"xpath","value":"//input[contains(@id ,\"smartFilterBar-btnBasicSearch-I\")]"}
RESULT: {"using":"xpath","value":"//input[contains(@id ,\"smartFilterBar-btnBasicSearch-I\")]"}
COMMAND: POST /session/f773981d6b54d7f6084c0f44ff121803/element/f.91F10126D0D92D54C5836EF8FC19CACF.d.956AA7758E4EA234123821A7906B957F.e.7522/clear - {}
RESULT: {}
COMMAND: POST /session/f773981d6b54d7f6084c0f44ff121803/element/f.91F10126D0D92D54C5836EF8FC19CACF.d.956AA7758E4EA234123821A7906B957F.e.7522/value - {"text":"20001"}
COMMAND: GET /session/f773981d6b54d7f6084c0f44ff121803/screenshot - {}
RESULT: {"text":"20001"}
COMMAND: GET /session/f773981d6b54d7f6084c0f44ff121803/screenshot - {}
RESULT: {}
RESULT: {}
COMMAND: POST /session/f773981d6b54d7f6084c0f44ff121803/actions - {"actions":[{"id":"action12","type":"key","parameters":{},"actions":[{"type":"keyDown","value":""},{"type":"pause","duration":10},{"type":"keyUp","value":""}]}]}
RESULT: {"actions":[{"id":"action12","type":"key","parameters":{},"actions":[{"type":"keyDown","value":""},{"type":"pause","duration":10},{"type":"keyUp","value":""}]}]}
COMMAND: GET /session/f773981d6b54d7f6084c0f44ff121803/screenshot - {}
RESULT: {}
COMMAND: POST /session/f773981d6b54d7f6084c0f44ff121803/execute/async - {"script":"<script> [1562 bytes]","args":[{"selector":{"controlType":"sap.m.Title","viewName":"etm.portal.ui.webshop.view.RequestMaster","properties":{"text":"Records (1)"}},"wdio_ui5_key":"etmportal.ui.webshop.view.RequestMastersap.m.Title{\"text\":\"Records (1)\"}"}]}
RESULT: {"script":"<script> [1562 bytes]","args":[{"selector":{"controlType":"sap.m.Title","viewName":"etm.portal.ui.webshop.view.RequestMaster","properties":{"text":"Records (1)"}},"wdio_ui5_key":"etmportal.ui.webshop.view.RequestMastersap.m.Title{\"text\":\"Records (1)\"}"}]}
RESULT: undefined
COMMAND: POST /session/f773981d6b54d7f6084c0f44ff121803/execute/async - {"script":"<script> [6424 bytes]","args":[{"element-6066-11e4-a52e-4f735466cecf":"f.91F10126D0D92D54C5836EF8FC19CACF.d.956AA7758E4EA234123821A7906B957F.e.7610"},"getText",[]]}
RESULT: {"script":"<script> [6424 bytes]","args":[{"element-6066-11e4-a52e-4f735466cecf":"f.91F10126D0D92D54C5836EF8FC19CACF.d.956AA7758E4EA234123821A7906B957F.e.7610"},"getText",[]]}
COMMAND: POST /session/f773981d6b54d7f6084c0f44ff121803/element - {"using":"xpath","value":"//div[contains(@id ,\"smartFilterBar-btnBasicSearch-reset\")]"}
RESULT: {"using":"xpath","value":"//div[contains(@id ,\"smartFilterBar-btnBasicSearch-reset\")]"}
COMMAND: POST /session/f773981d6b54d7f6084c0f44ff121803/element/f.91F10126D0D92D54C5836EF8FC19CACF.d.956AA7758E4EA234123821A7906B957F.e.7611/click - {}
RESULT: {}
COMMAND: GET /session/f773981d6b54d7f6084c0f44ff121803/screenshot - {}
RESULT: {}
COMMAND: POST /session/f773981d6b54d7f6084c0f44ff121803/element - {"using":"xpath","value":"//input[contains(@id ,\"smartStatusFilter-inner\")]"}
RESULT: {"using":"xpath","value":"//input[contains(@id ,\"smartStatusFilter-inner\")]"}
COMMAND: POST /session/f773981d6b54d7f6084c0f44ff121803/element/f.91F10126D0D92D54C5836EF8FC19CACF.d.956AA7758E4EA234123821A7906B957F.e.7527/clear - {}
RESULT: {}
COMMAND: POST /session/f773981d6b54d7f6084c0f44ff121803/element/f.91F10126D0D92D54C5836EF8FC19CACF.d.956AA7758E4EA234123821A7906B957F.e.7527/value - {"text":"draft"}
COMMAND: GET /session/f773981d6b54d7f6084c0f44ff121803/screenshot - {}
RESULT: {"text":"draft"}
COMMAND: GET /session/f773981d6b54d7f6084c0f44ff121803/screenshot - {}
RESULT: {}
RESULT: {}
COMMAND: POST /session/f773981d6b54d7f6084c0f44ff121803/actions - {"actions":[{"id":"action13","type":"key","parameters":{},"actions":[{"type":"keyDown","value":""},{"type":"pause","duration":10},{"type":"keyUp","value":""}]}]}
RESULT: {"actions":[{"id":"action13","type":"key","parameters":{},"actions":[{"type":"keyDown","value":""},{"type":"pause","duration":10},{"type":"keyUp","value":""}]}]}
COMMAND: GET /session/f773981d6b54d7f6084c0f44ff121803/screenshot - {}
RESULT: {}
COMMAND: POST /session/f773981d6b54d7f6084c0f44ff121803/execute/async - {"script":"<script> [1562 bytes]","args":[{"selector":{"controlType":"sap.m.ObjectStatus","viewName":"etm.portal.ui.webshop.view.RequestMaster","bindingPath":{"propertyPath":"STATUS_DESCRIPTION"}},"wdio_ui5_key":"etmportal.ui.webshop.view.RequestMastersap.m.ObjectStatus{\"propertyPath\":\"STATUS_DESCRIPTION\"}"}]}
RESULT: {"script":"<script> [1562 bytes]","args":[{"selector":{"controlType":"sap.m.ObjectStatus","viewName":"etm.portal.ui.webshop.view.RequestMaster","bindingPath":{"propertyPath":"STATUS_DESCRIPTION"}},"wdio_ui5_key":"etmportal.ui.webshop.view.RequestMastersap.m.ObjectStatus{\"propertyPath\":\"STATUS_DESCRIPTION\"}"}]}
RESULT: undefined
COMMAND: POST /session/f773981d6b54d7f6084c0f44ff121803/execute/async - {"script":"<script> [6424 bytes]","args":[{"element-6066-11e4-a52e-4f735466cecf":"f.91F10126D0D92D54C5836EF8FC19CACF.d.956AA7758E4EA234123821A7906B957F.e.7847"},"getText",[]]}
RESULT: {"script":"<script> [6424 bytes]","args":[{"element-6066-11e4-a52e-4f735466cecf":"f.91F10126D0D92D54C5836EF8FC19CACF.d.956AA7758E4EA234123821A7906B957F.e.7847"},"getText",[]]}
COMMAND: POST /session/f773981d6b54d7f6084c0f44ff121803/element - {"using":"xpath","value":"//span[contains(@title ,\"Remove\")]"}
RESULT: {"using":"xpath","value":"//span[contains(@title ,\"Remove\")]"}
COMMAND: POST /session/f773981d6b54d7f6084c0f44ff121803/element/f.91F10126D0D92D54C5836EF8FC19CACF.d.956AA7758E4EA234123821A7906B957F.e.7848/click - {}
RESULT: {}
COMMAND: GET /session/f773981d6b54d7f6084c0f44ff121803/screenshot - {}
COMMAND: POST /session/f773981d6b54d7f6084c0f44ff121803/element - {"using":"xpath","value":"//input[contains(@id ,\"smartStatusFilter-inner\")]"}
RESULT: {}
RESULT: {"using":"xpath","value":"//input[contains(@id ,\"smartStatusFilter-inner\")]"}
COMMAND: POST /session/f773981d6b54d7f6084c0f44ff121803/element/f.91F10126D0D92D54C5836EF8FC19CACF.d.956AA7758E4EA234123821A7906B957F.e.7527/clear - {}
RESULT: {}
COMMAND: POST /session/f773981d6b54d7f6084c0f44ff121803/element/f.91F10126D0D92D54C5836EF8FC19CACF.d.956AA7758E4EA234123821A7906B957F.e.7527/value - {"text":"created"}
COMMAND: GET /session/f773981d6b54d7f6084c0f44ff121803/screenshot - {}
RESULT: {"text":"created"}
COMMAND: GET /session/f773981d6b54d7f6084c0f44ff121803/screenshot - {}
RESULT: {}
RESULT: {}
COMMAND: POST /session/f773981d6b54d7f6084c0f44ff121803/actions - {"actions":[{"id":"action14","type":"key","parameters":{},"actions":[{"type":"keyDown","value":""},{"type":"pause","duration":10},{"type":"keyUp","value":""}]}]}
RESULT: {"actions":[{"id":"action14","type":"key","parameters":{},"actions":[{"type":"keyDown","value":""},{"type":"pause","duration":10},{"type":"keyUp","value":""}]}]}
COMMAND: GET /session/f773981d6b54d7f6084c0f44ff121803/screenshot - {}
RESULT: {}
RESULT: undefined
COMMAND: POST /session/f773981d6b54d7f6084c0f44ff121803/execute/async - {"script":"<script> [6424 bytes]","args":[{"element-6066-11e4-a52e-4f735466cecf":"f.91F10126D0D92D54C5836EF8FC19CACF.d.956AA7758E4EA234123821A7906B957F.e.7847"},"getText",[]]}
COMMAND: POST /session/f773981d6b54d7f6084c0f44ff121803/execute/async - {"script":"<script> [1562 bytes]","args":[{"selector":{"controlType":"sap.m.ObjectStatus","viewName":"etm.portal.ui.webshop.view.RequestMaster","bindingPath":{"propertyPath":"STATUS_DESCRIPTION"}},"wdio_ui5_key":"etmportal.ui.webshop.view.RequestMastersap.m.ObjectStatus{\"propertyPath\":\"STATUS_DESCRIPTION\"}"}]}
RESULT: {"script":"<script> [1562 bytes]","args":[{"selector":{"controlType":"sap.m.ObjectStatus","viewName":"etm.portal.ui.webshop.view.RequestMaster","bindingPath":{"propertyPath":"STATUS_DESCRIPTION"}},"wdio_ui5_key":"etmportal.ui.webshop.view.RequestMastersap.m.ObjectStatus{\"propertyPath\":\"STATUS_DESCRIPTION\"}"}]}
COMMAND: POST /session/f773981d6b54d7f6084c0f44ff121803/execute/async - {"script":"<script> [6424 bytes]","args":[{"element-6066-11e4-a52e-4f735466cecf":"f.91F10126D0D92D54C5836EF8FC19CACF.d.956AA7758E4EA234123821A7906B957F.e.7908"},"getText",[]]}
RESULT: {"script":"<script> [6424 bytes]","args":[{"element-6066-11e4-a52e-4f735466cecf":"f.91F10126D0D92D54C5836EF8FC19CACF.d.956AA7758E4EA234123821A7906B957F.e.7908"},"getText",[]]}
COMMAND: POST /session/f773981d6b54d7f6084c0f44ff121803/element - {"using":"xpath","value":"//span[contains(@title ,\"Remove\")]"}
RESULT: {"using":"xpath","value":"//span[contains(@title ,\"Remove\")]"}
COMMAND: POST /session/f773981d6b54d7f6084c0f44ff121803/element/f.91F10126D0D92D54C5836EF8FC19CACF.d.956AA7758E4EA234123821A7906B957F.e.7909/click - {}
RESULT: {}
COMMAND: GET /session/f773981d6b54d7f6084c0f44ff121803/screenshot - {}
RESULT: {}
COMMAND: POST /session/f773981d6b54d7f6084c0f44ff121803/execute/async - {"script":"<script> [1562 bytes]","args":[{"selector":{"controlType":"sap.m.Button","viewName":"etm.portal.ui.webshop.view.RequestMaster","properties":{"text":"Filters (1)"},"interaction":{"idSuffix":"BDI-content"}},"wdio_ui5_key":"etmportal.ui.webshop.view.RequestMastersap.m.Button{\"text\":\"Filters (1)\"}"}]}
RESULT: {"script":"<script> [1562 bytes]","args":[{"selector":{"controlType":"sap.m.Button","viewName":"etm.portal.ui.webshop.view.RequestMaster","properties":{"text":"Filters (1)"},"interaction":{"idSuffix":"BDI-content"}},"wdio_ui5_key":"etmportal.ui.webshop.view.RequestMastersap.m.Button{\"text\":\"Filters (1)\"}"}]}
RESULT: undefined
COMMAND: POST /session/f773981d6b54d7f6084c0f44ff121803/element - {"using":"xpath","value":"//*[@id=\"__xmlview74--smartFilterBar-btnFilters\"]"}
RESULT: {"using":"xpath","value":"//*[@id=\"__xmlview74--smartFilterBar-btnFilters\"]"}
COMMAND: POST /session/f773981d6b54d7f6084c0f44ff121803/element/f.91F10126D0D92D54C5836EF8FC19CACF.d.956AA7758E4EA234123821A7906B957F.e.7548/click - {}
RESULT: {}
COMMAND: GET /session/f773981d6b54d7f6084c0f44ff121803/screenshot - {}
RESULT: {}
COMMAND: POST /session/f773981d6b54d7f6084c0f44ff121803/element - {"using":"xpath","value":"//input[contains(@id ,\"searchField-I\")]"}
RESULT: {"using":"xpath","value":"//input[contains(@id ,\"searchField-I\")]"}
COMMAND: POST /session/f773981d6b54d7f6084c0f44ff121803/element/f.91F10126D0D92D54C5836EF8FC19CACF.d.956AA7758E4EA234123821A7906B957F.e.7963/clear - {}
RESULT: {}
COMMAND: POST /session/f773981d6b54d7f6084c0f44ff121803/element/f.91F10126D0D92D54C5836EF8FC19CACF.d.956AA7758E4EA234123821A7906B957F.e.7963/value - {"text":"tags"}
COMMAND: GET /session/f773981d6b54d7f6084c0f44ff121803/screenshot - {}
RESULT: {"text":"tags"}
COMMAND: GET /session/f773981d6b54d7f6084c0f44ff121803/screenshot - {}
RESULT: {}
RESULT: {}
COMMAND: POST /session/f773981d6b54d7f6084c0f44ff121803/element - {"using":"xpath","value":"(//div[contains(@id ,\"selectMulti\")][@role=\"checkbox\"])[8]"}
RESULT: {"using":"xpath","value":"(//div[contains(@id ,\"selectMulti\")][@role=\"checkbox\"])[8]"}
COMMAND: POST /session/f773981d6b54d7f6084c0f44ff121803/element/f.91F10126D0D92D54C5836EF8FC19CACF.d.956AA7758E4EA234123821A7906B957F.e.7989/click - {}
RESULT: {}
COMMAND: GET /session/f773981d6b54d7f6084c0f44ff121803/screenshot - {}
RESULT: {}
COMMAND: POST /session/f773981d6b54d7f6084c0f44ff121803/execute/async - {"script":"<script> [1562 bytes]","args":[{"selector":{"controlType":"sap.m.Button","viewName":"etm.portal.ui.webshop.view.RequestMaster","properties":{"text":"OK"},"searchOpenDialogs":true,"interaction":{"idSuffix":"BDI-content"}},"wdio_ui5_key":"etmportal.ui.webshop.view.RequestMastersap.m.Button{\"text\":\"OK\"}"}]}
RESULT: {"script":"<script> [1562 bytes]","args":[{"selector":{"controlType":"sap.m.Button","viewName":"etm.portal.ui.webshop.view.RequestMaster","properties":{"text":"OK"},"searchOpenDialogs":true,"interaction":{"idSuffix":"BDI-content"}},"wdio_ui5_key":"etmportal.ui.webshop.view.RequestMastersap.m.Button{\"text\":\"OK\"}"}]}
RESULT: undefined
COMMAND: POST /session/f773981d6b54d7f6084c0f44ff121803/element - {"using":"xpath","value":"//*[@id=\"__xmlview74--smartFilterBar-adapt-filters-dialog-confirmBtn\"]"}
RESULT: {"using":"xpath","value":"//*[@id=\"__xmlview74--smartFilterBar-adapt-filters-dialog-confirmBtn\"]"}
COMMAND: POST /session/f773981d6b54d7f6084c0f44ff121803/element/f.91F10126D0D92D54C5836EF8FC19CACF.d.956AA7758E4EA234123821A7906B957F.e.7993/click - {}
RESULT: {}
COMMAND: GET /session/f773981d6b54d7f6084c0f44ff121803/screenshot - {}
RESULT: {}
COMMAND: POST /session/f773981d6b54d7f6084c0f44ff121803/element - {"using":"xpath","value":"//input[contains(@id ,\"smartFilterBar-filterItemControlA_-ALL_TAGS-inner\")]"}
RESULT: {"using":"xpath","value":"//input[contains(@id ,\"smartFilterBar-filterItemControlA_-ALL_TAGS-inner\")]"}
COMMAND: POST /session/f773981d6b54d7f6084c0f44ff121803/element/f.91F10126D0D92D54C5836EF8FC19CACF.d.956AA7758E4EA234123821A7906B957F.e.8001/clear - {}
RESULT: {}
COMMAND: POST /session/f773981d6b54d7f6084c0f44ff121803/element/f.91F10126D0D92D54C5836EF8FC19CACF.d.956AA7758E4EA234123821A7906B957F.e.8001/value - {"text":"tag1"}
COMMAND: GET /session/f773981d6b54d7f6084c0f44ff121803/screenshot - {}
RESULT: {"text":"tag1"}
COMMAND: GET /session/f773981d6b54d7f6084c0f44ff121803/screenshot - {}
RESULT: {}
RESULT: {}
COMMAND: POST /session/f773981d6b54d7f6084c0f44ff121803/actions - {"actions":[{"id":"action15","type":"key","parameters":{},"actions":[{"type":"keyDown","value":""},{"type":"pause","duration":10},{"type":"keyUp","value":""}]}]}
RESULT: {"actions":[{"id":"action15","type":"key","parameters":{},"actions":[{"type":"keyDown","value":""},{"type":"pause","duration":10},{"type":"keyUp","value":""}]}]}
COMMAND: GET /session/f773981d6b54d7f6084c0f44ff121803/screenshot - {}
RESULT: {}
RESULT: undefined
COMMAND: POST /session/f773981d6b54d7f6084c0f44ff121803/execute/async - {"script":"<script> [6424 bytes]","args":[{"element-6066-11e4-a52e-4f735466cecf":"f.91F10126D0D92D54C5836EF8FC19CACF.d.956AA7758E4EA234123821A7906B957F.e.7610"},"getText",[]]}
RESULT: {"script":"<script> [6424 bytes]","args":[{"element-6066-11e4-a52e-4f735466cecf":"f.91F10126D0D92D54C5836EF8FC19CACF.d.956AA7758E4EA234123821A7906B957F.e.7610"},"getText",[]]}
COMMAND: POST /session/f773981d6b54d7f6084c0f44ff121803/execute/async - {"script":"<script> [1562 bytes]","args":[{"selector":{"controlType":"sap.ui.core.Icon","viewName":"etm.portal.ui.webshop.view.RequestMaster","properties":{"src":{"regex":{"source":"action\\-settings"}}}},"wdio_ui5_key":"etmportal.ui.webshop.view.RequestMastersap.ui.core.Icon{\"src\":{\"regex\":{\"source\":\"action\\\\-settings\"}}}"}]}
RESULT: {"script":"<script> [1562 bytes]","args":[{"selector":{"controlType":"sap.ui.core.Icon","viewName":"etm.portal.ui.webshop.view.RequestMaster","properties":{"src":{"regex":{"source":"action\\-settings"}}}},"wdio_ui5_key":"etmportal.ui.webshop.view.RequestMastersap.ui.core.Icon{\"src\":{\"regex\":{\"source\":\"action\\\\-settings\"}}}"}]}
RESULT: undefined
COMMAND: POST /session/f773981d6b54d7f6084c0f44ff121803/element - {"using":"xpath","value":"//*[@id=\"__xmlview74--smartTable-btnPersonalisation-img\"]"}
RESULT: {"using":"xpath","value":"//*[@id=\"__xmlview74--smartTable-btnPersonalisation-img\"]"}
COMMAND: POST /session/f773981d6b54d7f6084c0f44ff121803/element/f.91F10126D0D92D54C5836EF8FC19CACF.d.956AA7758E4EA234123821A7906B957F.e.7571/click - {}
RESULT: {}
COMMAND: GET /session/f773981d6b54d7f6084c0f44ff121803/screenshot - {}
RESULT: {}
COMMAND: POST /session/f773981d6b54d7f6084c0f44ff121803/element - {"using":"xpath","value":"//input[contains(@id ,\"searchField-I\")]"}
RESULT: {"using":"xpath","value":"//input[contains(@id ,\"searchField-I\")]"}
COMMAND: POST /session/f773981d6b54d7f6084c0f44ff121803/element/f.91F10126D0D92D54C5836EF8FC19CACF.d.956AA7758E4EA234123821A7906B957F.e.8030/clear - {}
RESULT: {}
COMMAND: POST /session/f773981d6b54d7f6084c0f44ff121803/element/f.91F10126D0D92D54C5836EF8FC19CACF.d.956AA7758E4EA234123821A7906B957F.e.8030/value - {"text":"tags"}
COMMAND: GET /session/f773981d6b54d7f6084c0f44ff121803/screenshot - {}
RESULT: {"text":"tags"}
COMMAND: GET /session/f773981d6b54d7f6084c0f44ff121803/screenshot - {}
RESULT: {}
RESULT: {}
COMMAND: POST /session/f773981d6b54d7f6084c0f44ff121803/element - {"using":"xpath","value":"(//div[contains(@id ,\"selectMulti\")][@role=\"checkbox\"])[8]"}
RESULT: {"using":"xpath","value":"(//div[contains(@id ,\"selectMulti\")][@role=\"checkbox\"])[8]"}
COMMAND: POST /session/f773981d6b54d7f6084c0f44ff121803/element/f.91F10126D0D92D54C5836EF8FC19CACF.d.956AA7758E4EA234123821A7906B957F.e.8098/click - {}
RESULT: {}
COMMAND: GET /session/f773981d6b54d7f6084c0f44ff121803/screenshot - {}
RESULT: {}
COMMAND: POST /session/f773981d6b54d7f6084c0f44ff121803/element - {"using":"xpath","value":"//div[contains(@id ,\"searchField-reset\")]"}
RESULT: {"using":"xpath","value":"//div[contains(@id ,\"searchField-reset\")]"}
COMMAND: POST /session/f773981d6b54d7f6084c0f44ff121803/element - {"using":"xpath","value":"//input[contains(@id ,\"searchField-I\")]"}
RESULT: {"using":"xpath","value":"//input[contains(@id ,\"searchField-I\")]"}
COMMAND: POST /session/f773981d6b54d7f6084c0f44ff121803/element/f.91F10126D0D92D54C5836EF8FC19CACF.d.956AA7758E4EA234123821A7906B957F.e.8030/clear - {}
RESULT: {}
COMMAND: POST /session/f773981d6b54d7f6084c0f44ff121803/element/f.91F10126D0D92D54C5836EF8FC19CACF.d.956AA7758E4EA234123821A7906B957F.e.8030/value - {"text":"status"}
COMMAND: GET /session/f773981d6b54d7f6084c0f44ff121803/screenshot - {}
RESULT: {"text":"status"}
COMMAND: GET /session/f773981d6b54d7f6084c0f44ff121803/screenshot - {}
RESULT: {}
RESULT: {}
COMMAND: POST /session/f773981d6b54d7f6084c0f44ff121803/element - {"using":"xpath","value":"(//div[contains(@id ,\"selectMulti\")][@role=\"checkbox\"])[8]"}
RESULT: {"using":"xpath","value":"(//div[contains(@id ,\"selectMulti\")][@role=\"checkbox\"])[8]"}
COMMAND: POST /session/f773981d6b54d7f6084c0f44ff121803/element/f.91F10126D0D92D54C5836EF8FC19CACF.d.956AA7758E4EA234123821A7906B957F.e.8098/click - {}
RESULT: {}
COMMAND: GET /session/f773981d6b54d7f6084c0f44ff121803/screenshot - {}
RESULT: {}
COMMAND: POST /session/f773981d6b54d7f6084c0f44ff121803/element - {"using":"xpath","value":"//bdi[contains(@id ,\"confirmBtn-BDI-content\")]"}
RESULT: {"using":"xpath","value":"//bdi[contains(@id ,\"confirmBtn-BDI-content\")]"}
COMMAND: POST /session/f773981d6b54d7f6084c0f44ff121803/element/f.91F10126D0D92D54C5836EF8FC19CACF.d.956AA7758E4EA234123821A7906B957F.e.8103/click - {}
RESULT: {}
COMMAND: GET /session/f773981d6b54d7f6084c0f44ff121803/screenshot - {}
RESULT: {}
COMMAND: POST /session/f773981d6b54d7f6084c0f44ff121803/element - {"using":"xpath","value":"(//span[contains(text(), \"Status\")])[2]"}
RESULT: {"using":"xpath","value":"(//span[contains(text(), \"Status\")])[2]"}
COMMAND: POST /session/f773981d6b54d7f6084c0f44ff121803/element - {"using":"xpath","value":"(//span[contains(text(), \"Status\")])[2]"}
RESULT: {"using":"xpath","value":"(//span[contains(text(), \"Status\")])[2]"}
COMMAND: POST /session/f773981d6b54d7f6084c0f44ff121803/element - {"using":"xpath","value":"(//bdi[contains(text(), \"Tags\")])[2]"}
RESULT: {"using":"xpath","value":"(//bdi[contains(text(), \"Tags\")])[2]"}
COMMAND: POST /session/f773981d6b54d7f6084c0f44ff121803/execute/sync - {"script":"<script> [8489 bytes]","args":[{"element-6066-11e4-a52e-4f735466cecf":"f.91F10126D0D92D54C5836EF8FC19CACF.d.956AA7758E4EA234123821A7906B957F.e.8110","ELEMENT":"f.91F10126D0D92D54C5836EF8FC19CACF.d.956AA7758E4EA234123821A7906B957F.e.8110"}]}
RESULT: {"script":"<script> [8489 bytes]","args":[{"element-6066-11e4-a52e-4f735466cecf":"f.91F10126D0D92D54C5836EF8FC19CACF.d.956AA7758E4EA234123821A7906B957F.e.8110","ELEMENT":"f.91F10126D0D92D54C5836EF8FC19CACF.d.956AA7758E4EA234123821A7906B957F.e.8110"}]}
COMMAND: POST /session/f773981d6b54d7f6084c0f44ff121803/element - {"using":"xpath","value":"//span[contains(@title ,\"Remove\")]"}
COMMAND: GET /session/f773981d6b54d7f6084c0f44ff121803/screenshot - {}
RESULT: {"using":"xpath","value":"//span[contains(@title ,\"Remove\")]"}
COMMAND: POST /session/f773981d6b54d7f6084c0f44ff121803/element/f.91F10126D0D92D54C5836EF8FC19CACF.d.956AA7758E4EA234123821A7906B957F.e.8111/click - {}
RESULT: {}
RESULT: {}
COMMAND: GET /session/f773981d6b54d7f6084c0f44ff121803/screenshot - {}
RESULT: {}
COMMAND: POST /session/f773981d6b54d7f6084c0f44ff121803/element - {"using":"xpath","value":"//button[contains(@id ,\"btnDeleteRequest\")]"}
RESULT: {"using":"xpath","value":"//button[contains(@id ,\"btnDeleteRequest\")]"}
COMMAND: POST /session/f773981d6b54d7f6084c0f44ff121803/element - {"using":"xpath","value":"//button[contains(@id ,\"btnDeleteRequest\")]"}
RESULT: {"using":"xpath","value":"//button[contains(@id ,\"btnDeleteRequest\")]"}
COMMAND: POST /session/f773981d6b54d7f6084c0f44ff121803/element - {"using":"xpath","value":"(//span[contains(text(), \"Draft\")])[1]"}
RESULT: {"using":"xpath","value":"(//span[contains(text(), \"Draft\")])[1]"}
COMMAND: POST /session/f773981d6b54d7f6084c0f44ff121803/element/f.91F10126D0D92D54C5836EF8FC19CACF.d.956AA7758E4EA234123821A7906B957F.e.8139/click - {}
RESULT: {}
COMMAND: GET /session/f773981d6b54d7f6084c0f44ff121803/screenshot - {}
RESULT: {}
COMMAND: POST /session/f773981d6b54d7f6084c0f44ff121803/element - {"using":"xpath","value":"//button[contains(@id ,\"btnDeleteRequest\")]"}
RESULT: {"using":"xpath","value":"//button[contains(@id ,\"btnDeleteRequest\")]"}
COMMAND: POST /session/f773981d6b54d7f6084c0f44ff121803/execute/sync - {"script":"<script> [8489 bytes]","args":[{"element-6066-11e4-a52e-4f735466cecf":"f.91F10126D0D92D54C5836EF8FC19CACF.d.956AA7758E4EA234123821A7906B957F.e.8170","ELEMENT":"f.91F10126D0D92D54C5836EF8FC19CACF.d.956AA7758E4EA234123821A7906B957F.e.8170"}]}
RESULT: {"script":"<script> [8489 bytes]","args":[{"element-6066-11e4-a52e-4f735466cecf":"f.91F10126D0D92D54C5836EF8FC19CACF.d.956AA7758E4EA234123821A7906B957F.e.8170","ELEMENT":"f.91F10126D0D92D54C5836EF8FC19CACF.d.956AA7758E4EA234123821A7906B957F.e.8170"}]}
COMMAND: POST /session/f773981d6b54d7f6084c0f44ff121803/element - {"using":"xpath","value":"(//span[contains(text(), \"Proposal\")])[1]"}
COMMAND: GET /session/f773981d6b54d7f6084c0f44ff121803/screenshot - {}
RESULT: {"using":"xpath","value":"(//span[contains(text(), \"Proposal\")])[1]"}
COMMAND: POST /session/f773981d6b54d7f6084c0f44ff121803/element/f.91F10126D0D92D54C5836EF8FC19CACF.d.956AA7758E4EA234123821A7906B957F.e.8204/click - {}
RESULT: {}
RESULT: {}
COMMAND: GET /session/f773981d6b54d7f6084c0f44ff121803/screenshot - {}
RESULT: {}
COMMAND: POST /session/f773981d6b54d7f6084c0f44ff121803/execute/sync - {"script":"<script> [8489 bytes]","args":[{"element-6066-11e4-a52e-4f735466cecf":"f.91F10126D0D92D54C5836EF8FC19CACF.d.956AA7758E4EA234123821A7906B957F.e.8170","ELEMENT":"f.91F10126D0D92D54C5836EF8FC19CACF.d.956AA7758E4EA234123821A7906B957F.e.8170"}]}
RESULT: {"script":"<script> [8489 bytes]","args":[{"element-6066-11e4-a52e-4f735466cecf":"f.91F10126D0D92D54C5836EF8FC19CACF.d.956AA7758E4EA234123821A7906B957F.e.8170","ELEMENT":"f.91F10126D0D92D54C5836EF8FC19CACF.d.956AA7758E4EA234123821A7906B957F.e.8170"}]}
COMMAND: POST /session/f773981d6b54d7f6084c0f44ff121803/element - {"using":"xpath","value":"//li[contains(@data-kt ,\"exitWebshopNavigationListItem\")]"}
COMMAND: GET /session/f773981d6b54d7f6084c0f44ff121803/screenshot - {}
RESULT: {"using":"xpath","value":"//li[contains(@data-kt ,\"exitWebshopNavigationListItem\")]"}
COMMAND: POST /session/f773981d6b54d7f6084c0f44ff121803/element/f.91F10126D0D92D54C5836EF8FC19CACF.d.956AA7758E4EA234123821A7906B957F.e.8438/click - {}
RESULT: {}
RESULT: {}
COMMAND: GET /session/f773981d6b54d7f6084c0f44ff121803/screenshot - {}
RESULT: {}
]]></system-out>
    </testcase>
  </testsuite>
  <testsuite timestamp="2025-05-24T16:32:35" time="282.545" tests="1" failures="0" errors="0" skipped="0">
    <properties>
      <property name="specId" value="0"/>
      <property name="suiteName" value="Webshop edit draft change dates pickup and delete items  US151281"/>
      <property name="capabilities" value="chrome.136_0_7103_93.windows"/>
      <property name="file" value="file:///D:/a/1/s/test/specs/R2C/webshop-edit-draft-dates-pickup-delete-items.spec.js"/>
    </properties>
    <testcase classname="chrome.136_0_7103_93.windows.Webshop_edit_draft_change_dates_pickup_and_delete_items__US151281" name="Should create a new draft and add the catalog items" time="282.116">
      <system-out><![CDATA[
RESULT: undefined
COMMAND: POST /session/f773981d6b54d7f6084c0f44ff121803/element - {"using":"xpath","value":"//*[@id=\"__tile49\"]"}
RESULT: {"using":"xpath","value":"//*[@id=\"__tile49\"]"}
COMMAND: POST /session/f773981d6b54d7f6084c0f44ff121803/element/f.91F10126D0D92D54C5836EF8FC19CACF.d.956AA7758E4EA234123821A7906B957F.e.2947/click - {}
RESULT: {}
COMMAND: GET /session/f773981d6b54d7f6084c0f44ff121803/screenshot - {}
COMMAND: POST /session/f773981d6b54d7f6084c0f44ff121803/elements - {"using":"xpath","value":"//span[text()='Error']"}
RESULT: {}
RESULT: {"using":"xpath","value":"//span[text()='Error']"}
COMMAND: POST /session/f773981d6b54d7f6084c0f44ff121803/element - {"using":"css selector","value":"#requestCreationDialog--createRequestPopUp-title-inner"}
RESULT: {"using":"css selector","value":"#requestCreationDialog--createRequestPopUp-title-inner"}
COMMAND: POST /session/f773981d6b54d7f6084c0f44ff121803/execute/sync - {"script":"<script> [8489 bytes]","args":[{"element-6066-11e4-a52e-4f735466cecf":"f.91F10126D0D92D54C5836EF8FC19CACF.d.956AA7758E4EA234123821A7906B957F.e.8492","ELEMENT":"f.91F10126D0D92D54C5836EF8FC19CACF.d.956AA7758E4EA234123821A7906B957F.e.8492"}]}
RESULT: {"script":"<script> [8489 bytes]","args":[{"element-6066-11e4-a52e-4f735466cecf":"f.91F10126D0D92D54C5836EF8FC19CACF.d.956AA7758E4EA234123821A7906B957F.e.8492","ELEMENT":"f.91F10126D0D92D54C5836EF8FC19CACF.d.956AA7758E4EA234123821A7906B957F.e.8492"}]}
COMMAND: GET /session/f773981d6b54d7f6084c0f44ff121803/element/f.91F10126D0D92D54C5836EF8FC19CACF.d.956AA7758E4EA234123821A7906B957F.e.8492/enabled - {}
COMMAND: GET /session/f773981d6b54d7f6084c0f44ff121803/screenshot - {}
RESULT: {}
RESULT: undefined
COMMAND: POST /session/f773981d6b54d7f6084c0f44ff121803/execute/async - {"script":"<script> [776 bytes]","args":[{"enterText":"WebdriverTest","selector":{"id":"requestCreationDialog--requestName","searchOpenDialogs":true,"interaction":{"idSuffix":"inner"}},"clearTextFirst":true,"interactionType":"ENTER_TEXT"}]}
COMMAND: GET /session/f773981d6b54d7f6084c0f44ff121803/screenshot - {}
RESULT: {}
RESULT: {"script":"<script> [776 bytes]","args":[{"enterText":"WebdriverTest","selector":{"id":"requestCreationDialog--requestName","searchOpenDialogs":true,"interaction":{"idSuffix":"inner"}},"clearTextFirst":true,"interactionType":"ENTER_TEXT"}]}
COMMAND: POST /session/f773981d6b54d7f6084c0f44ff121803/element - {"using":"xpath","value":"//input[contains(@id ,\"requestCreationDialog--contract-inner\")]"}
RESULT: {}
RESULT: {"using":"xpath","value":"//input[contains(@id ,\"requestCreationDialog--contract-inner\")]"}
COMMAND: POST /session/f773981d6b54d7f6084c0f44ff121803/element/f.91F10126D0D92D54C5836EF8FC19CACF.d.956AA7758E4EA234123821A7906B957F.e.8478/clear - {}
RESULT: {}
COMMAND: POST /session/f773981d6b54d7f6084c0f44ff121803/element/f.91F10126D0D92D54C5836EF8FC19CACF.d.956AA7758E4EA234123821A7906B957F.e.8478/value - {"text":"10182"}
COMMAND: GET /session/f773981d6b54d7f6084c0f44ff121803/screenshot - {}
RESULT: {"text":"10182"}
COMMAND: GET /session/f773981d6b54d7f6084c0f44ff121803/screenshot - {}
RESULT: {}
RESULT: {}
COMMAND: POST /session/f773981d6b54d7f6084c0f44ff121803/actions - {"actions":[{"id":"action16","type":"key","parameters":{},"actions":[{"type":"keyDown","value":""},{"type":"pause","duration":10},{"type":"keyUp","value":""}]}]}
RESULT: {"actions":[{"id":"action16","type":"key","parameters":{},"actions":[{"type":"keyDown","value":""},{"type":"pause","duration":10},{"type":"keyUp","value":""}]}]}
COMMAND: GET /session/f773981d6b54d7f6084c0f44ff121803/screenshot - {}
RESULT: {}
COMMAND: POST /session/f773981d6b54d7f6084c0f44ff121803/element - {"using":"xpath","value":"//input[contains(@id ,\"requestCreationDialog--contract-inner\")]"}
RESULT: {"using":"xpath","value":"//input[contains(@id ,\"requestCreationDialog--contract-inner\")]"}
COMMAND: GET /session/f773981d6b54d7f6084c0f44ff121803/element/f.91F10126D0D92D54C5836EF8FC19CACF.d.956AA7758E4EA234123821A7906B957F.e.8478/property/value - {}
RESULT: {}
COMMAND: POST /session/f773981d6b54d7f6084c0f44ff121803/element - {"using":"xpath","value":"//input[contains(@id ,\"requestCreationDialog--contract-inner\")]"}
COMMAND: GET /session/f773981d6b54d7f6084c0f44ff121803/screenshot - {}
RESULT: {"using":"xpath","value":"//input[contains(@id ,\"requestCreationDialog--contract-inner\")]"}
RESULT: undefined
COMMAND: POST /session/f773981d6b54d7f6084c0f44ff121803/element - {"using":"xpath","value":"//*[@id=\"requestCreationDialog--okButton\"]"}
RESULT: {}
RESULT: {"using":"xpath","value":"//*[@id=\"requestCreationDialog--okButton\"]"}
COMMAND: POST /session/f773981d6b54d7f6084c0f44ff121803/element/f.91F10126D0D92D54C5836EF8FC19CACF.d.956AA7758E4EA234123821A7906B957F.e.8499/click - {}
RESULT: {}
COMMAND: GET /session/f773981d6b54d7f6084c0f44ff121803/screenshot - {}
RESULT: {}
COMMAND: POST /session/f773981d6b54d7f6084c0f44ff121803/element - {"using":"xpath","value":"//input[contains(@id ,\"searchFiledId-I\")]"}
RESULT: {"using":"xpath","value":"//input[contains(@id ,\"searchFiledId-I\")]"}
COMMAND: POST /session/f773981d6b54d7f6084c0f44ff121803/element/f.91F10126D0D92D54C5836EF8FC19CACF.d.956AA7758E4EA234123821A7906B957F.e.8442/value - {"text":"Dri-Prime CD150M Diesel Pump"}
RESULT: {"text":"Dri-Prime CD150M Diesel Pump"}
COMMAND: POST /session/f773981d6b54d7f6084c0f44ff121803/actions - {"actions":[{"id":"action17","type":"key","parameters":{},"actions":[{"type":"keyDown","value":""},{"type":"pause","duration":10},{"type":"keyUp","value":""}]}]}
COMMAND: GET /session/f773981d6b54d7f6084c0f44ff121803/screenshot - {}
RESULT: {"actions":[{"id":"action17","type":"key","parameters":{},"actions":[{"type":"keyDown","value":""},{"type":"pause","duration":10},{"type":"keyUp","value":""}]}]}
COMMAND: GET /session/f773981d6b54d7f6084c0f44ff121803/screenshot - {}
RESULT: {}
RESULT: {}
COMMAND: POST /session/f773981d6b54d7f6084c0f44ff121803/element - {"using":"xpath","value":"//span[contains(@id ,\"subTitle\")][contains(text(), \"Dri-Prime CD150M Diesel Pump\")]"}
RESULT: {"using":"xpath","value":"//span[contains(@id ,\"subTitle\")][contains(text(), \"Dri-Prime CD150M Diesel Pump\")]"}
COMMAND: POST /session/f773981d6b54d7f6084c0f44ff121803/element/f.91F10126D0D92D54C5836EF8FC19CACF.d.956AA7758E4EA234123821A7906B957F.e.8505/click - {}
RESULT: {}
COMMAND: GET /session/f773981d6b54d7f6084c0f44ff121803/screenshot - {}
RESULT: {}
COMMAND: POST /session/f773981d6b54d7f6084c0f44ff121803/element - {"using":"xpath","value":"//bdi[contains(text(), \"Add to Request\")]"}
RESULT: {"using":"xpath","value":"//bdi[contains(text(), \"Add to Request\")]"}
COMMAND: POST /session/f773981d6b54d7f6084c0f44ff121803/element/f.91F10126D0D92D54C5836EF8FC19CACF.d.956AA7758E4EA234123821A7906B957F.e.8518/click - {}
RESULT: {}
COMMAND: GET /session/f773981d6b54d7f6084c0f44ff121803/screenshot - {}
RESULT: {}
COMMAND: POST /session/f773981d6b54d7f6084c0f44ff121803/element/f.91F10126D0D92D54C5836EF8FC19CACF.d.956AA7758E4EA234123821A7906B957F.e.8518/click - {}
RESULT: {}
COMMAND: GET /session/f773981d6b54d7f6084c0f44ff121803/screenshot - {}
RESULT: {}
COMMAND: POST /session/f773981d6b54d7f6084c0f44ff121803/element - {"using":"xpath","value":"//*[contains(@id ,\"activeCartId-BDI-content\")]"}
RESULT: {"using":"xpath","value":"//*[contains(@id ,\"activeCartId-BDI-content\")]"}
COMMAND: POST /session/f773981d6b54d7f6084c0f44ff121803/element/f.91F10126D0D92D54C5836EF8FC19CACF.d.956AA7758E4EA234123821A7906B957F.e.8528/click - {}
RESULT: {}
COMMAND: GET /session/f773981d6b54d7f6084c0f44ff121803/screenshot - {}
RESULT: {}
COMMAND: POST /session/f773981d6b54d7f6084c0f44ff121803/element - {"using":"xpath","value":"//bdi[contains(text(), \"Check out my request\")]"}
RESULT: {"using":"xpath","value":"//bdi[contains(text(), \"Check out my request\")]"}
COMMAND: POST /session/f773981d6b54d7f6084c0f44ff121803/element/f.91F10126D0D92D54C5836EF8FC19CACF.d.956AA7758E4EA234123821A7906B957F.e.8530/click - {}
RESULT: {}
COMMAND: GET /session/f773981d6b54d7f6084c0f44ff121803/screenshot - {}
RESULT: {}
COMMAND: POST /session/f773981d6b54d7f6084c0f44ff121803/element - {"using":"xpath","value":"//div[contains(@data-kt ,\"characteristicsObjectStatus\")]"}
RESULT: {"using":"xpath","value":"//div[contains(@data-kt ,\"characteristicsObjectStatus\")]"}
COMMAND: POST /session/f773981d6b54d7f6084c0f44ff121803/element/f.91F10126D0D92D54C5836EF8FC19CACF.d.956AA7758E4EA234123821A7906B957F.e.8583/click - {}
RESULT: {}
COMMAND: GET /session/f773981d6b54d7f6084c0f44ff121803/screenshot - {}
RESULT: {}
COMMAND: POST /session/f773981d6b54d7f6084c0f44ff121803/element - {"using":"xpath","value":"//input[contains(@id ,\"costObjectAdminTypeComboBox-inner\")]"}
RESULT: {"using":"xpath","value":"//input[contains(@id ,\"costObjectAdminTypeComboBox-inner\")]"}
COMMAND: POST /session/f773981d6b54d7f6084c0f44ff121803/element/f.91F10126D0D92D54C5836EF8FC19CACF.d.956AA7758E4EA234123821A7906B957F.e.8585/clear - {}
RESULT: {}
COMMAND: POST /session/f773981d6b54d7f6084c0f44ff121803/element/f.91F10126D0D92D54C5836EF8FC19CACF.d.956AA7758E4EA234123821A7906B957F.e.8585/value - {"text":"Cost Center"}
COMMAND: GET /session/f773981d6b54d7f6084c0f44ff121803/screenshot - {}
RESULT: {"text":"Cost Center"}
COMMAND: GET /session/f773981d6b54d7f6084c0f44ff121803/screenshot - {}
RESULT: {}
RESULT: {}
COMMAND: POST /session/f773981d6b54d7f6084c0f44ff121803/actions - {"actions":[{"id":"action18","type":"key","parameters":{},"actions":[{"type":"keyDown","value":""},{"type":"pause","duration":10},{"type":"keyUp","value":""}]}]}
RESULT: {"actions":[{"id":"action18","type":"key","parameters":{},"actions":[{"type":"keyDown","value":""},{"type":"pause","duration":10},{"type":"keyUp","value":""}]}]}
COMMAND: GET /session/f773981d6b54d7f6084c0f44ff121803/screenshot - {}
RESULT: {}
COMMAND: POST /session/f773981d6b54d7f6084c0f44ff121803/element - {"using":"xpath","value":"//input[contains(@id ,\"costObjectIdComboBox-inner\")]"}
RESULT: {"using":"xpath","value":"//input[contains(@id ,\"costObjectIdComboBox-inner\")]"}
COMMAND: POST /session/f773981d6b54d7f6084c0f44ff121803/element/f.91F10126D0D92D54C5836EF8FC19CACF.d.956AA7758E4EA234123821A7906B957F.e.8596/clear - {}
RESULT: {}
COMMAND: POST /session/f773981d6b54d7f6084c0f44ff121803/element/f.91F10126D0D92D54C5836EF8FC19CACF.d.956AA7758E4EA234123821A7906B957F.e.8596/value - {"text":"Vigra"}
COMMAND: GET /session/f773981d6b54d7f6084c0f44ff121803/screenshot - {}
RESULT: {"text":"Vigra"}
COMMAND: GET /session/f773981d6b54d7f6084c0f44ff121803/screenshot - {}
RESULT: {}
RESULT: {}
COMMAND: POST /session/f773981d6b54d7f6084c0f44ff121803/actions - {"actions":[{"id":"action19","type":"key","parameters":{},"actions":[{"type":"keyDown","value":""},{"type":"pause","duration":10},{"type":"keyUp","value":""}]}]}
RESULT: {"actions":[{"id":"action19","type":"key","parameters":{},"actions":[{"type":"keyDown","value":""},{"type":"pause","duration":10},{"type":"keyUp","value":""}]}]}
COMMAND: GET /session/f773981d6b54d7f6084c0f44ff121803/screenshot - {}
RESULT: {}
COMMAND: POST /session/f773981d6b54d7f6084c0f44ff121803/element - {"using":"xpath","value":"//bdi[contains(text(), \"Save\")]"}
RESULT: {"using":"xpath","value":"//bdi[contains(text(), \"Save\")]"}
COMMAND: POST /session/f773981d6b54d7f6084c0f44ff121803/element/f.91F10126D0D92D54C5836EF8FC19CACF.d.956AA7758E4EA234123821A7906B957F.e.8601/click - {}
RESULT: {}
COMMAND: GET /session/f773981d6b54d7f6084c0f44ff121803/screenshot - {}
RESULT: {}
COMMAND: POST /session/f773981d6b54d7f6084c0f44ff121803/element - {"using":"xpath","value":"(//div[contains(@data-kt ,\"characteristicsObjectStatus\")])[2]"}
RESULT: {"using":"xpath","value":"(//div[contains(@data-kt ,\"characteristicsObjectStatus\")])[2]"}
COMMAND: POST /session/f773981d6b54d7f6084c0f44ff121803/element/f.91F10126D0D92D54C5836EF8FC19CACF.d.956AA7758E4EA234123821A7906B957F.e.8621/click - {}
RESULT: {}
COMMAND: GET /session/f773981d6b54d7f6084c0f44ff121803/screenshot - {}
RESULT: {}
COMMAND: POST /session/f773981d6b54d7f6084c0f44ff121803/element - {"using":"xpath","value":"//input[contains(@id ,\"costObjectAdminTypeComboBox-inner\")]"}
RESULT: {"using":"xpath","value":"//input[contains(@id ,\"costObjectAdminTypeComboBox-inner\")]"}
COMMAND: POST /session/f773981d6b54d7f6084c0f44ff121803/element/f.91F10126D0D92D54C5836EF8FC19CACF.d.956AA7758E4EA234123821A7906B957F.e.8622/clear - {}
RESULT: {}
COMMAND: POST /session/f773981d6b54d7f6084c0f44ff121803/element/f.91F10126D0D92D54C5836EF8FC19CACF.d.956AA7758E4EA234123821A7906B957F.e.8622/value - {"text":"Cost Center"}
COMMAND: GET /session/f773981d6b54d7f6084c0f44ff121803/screenshot - {}
RESULT: {"text":"Cost Center"}
COMMAND: GET /session/f773981d6b54d7f6084c0f44ff121803/screenshot - {}
RESULT: {}
RESULT: {}
COMMAND: POST /session/f773981d6b54d7f6084c0f44ff121803/actions - {"actions":[{"id":"action20","type":"key","parameters":{},"actions":[{"type":"keyDown","value":""},{"type":"pause","duration":10},{"type":"keyUp","value":""}]}]}
RESULT: {"actions":[{"id":"action20","type":"key","parameters":{},"actions":[{"type":"keyDown","value":""},{"type":"pause","duration":10},{"type":"keyUp","value":""}]}]}
COMMAND: GET /session/f773981d6b54d7f6084c0f44ff121803/screenshot - {}
RESULT: {}
COMMAND: POST /session/f773981d6b54d7f6084c0f44ff121803/element - {"using":"xpath","value":"//input[contains(@id ,\"costObjectIdComboBox-inner\")]"}
RESULT: {"using":"xpath","value":"//input[contains(@id ,\"costObjectIdComboBox-inner\")]"}
COMMAND: POST /session/f773981d6b54d7f6084c0f44ff121803/element/f.91F10126D0D92D54C5836EF8FC19CACF.d.956AA7758E4EA234123821A7906B957F.e.8632/clear - {}
RESULT: {}
COMMAND: POST /session/f773981d6b54d7f6084c0f44ff121803/element/f.91F10126D0D92D54C5836EF8FC19CACF.d.956AA7758E4EA234123821A7906B957F.e.8632/value - {"text":"Vigra"}
COMMAND: GET /session/f773981d6b54d7f6084c0f44ff121803/screenshot - {}
RESULT: {"text":"Vigra"}
COMMAND: GET /session/f773981d6b54d7f6084c0f44ff121803/screenshot - {}
RESULT: {}
RESULT: {}
COMMAND: POST /session/f773981d6b54d7f6084c0f44ff121803/actions - {"actions":[{"id":"action21","type":"key","parameters":{},"actions":[{"type":"keyDown","value":""},{"type":"pause","duration":10},{"type":"keyUp","value":""}]}]}
RESULT: {"actions":[{"id":"action21","type":"key","parameters":{},"actions":[{"type":"keyDown","value":""},{"type":"pause","duration":10},{"type":"keyUp","value":""}]}]}
COMMAND: GET /session/f773981d6b54d7f6084c0f44ff121803/screenshot - {}
RESULT: {}
COMMAND: POST /session/f773981d6b54d7f6084c0f44ff121803/element - {"using":"xpath","value":"//bdi[contains(text(), \"Save\")]"}
RESULT: {"using":"xpath","value":"//bdi[contains(text(), \"Save\")]"}
COMMAND: POST /session/f773981d6b54d7f6084c0f44ff121803/element/f.91F10126D0D92D54C5836EF8FC19CACF.d.956AA7758E4EA234123821A7906B957F.e.8637/click - {}
RESULT: {}
COMMAND: GET /session/f773981d6b54d7f6084c0f44ff121803/screenshot - {}
RESULT: {}
COMMAND: POST /session/f773981d6b54d7f6084c0f44ff121803/element - {"using":"xpath","value":"(//header/div[1]/div[3]/div/span)[1]"}
RESULT: {"using":"xpath","value":"(//header/div[1]/div[3]/div/span)[1]"}
COMMAND: POST /session/f773981d6b54d7f6084c0f44ff121803/execute/sync - {"script":"<script> [149 bytes]","args":[{"element-6066-11e4-a52e-4f735466cecf":"f.91F10126D0D92D54C5836EF8FC19CACF.d.956AA7758E4EA234123821A7906B957F.e.8657","ELEMENT":"f.91F10126D0D92D54C5836EF8FC19CACF.d.956AA7758E4EA234123821A7906B957F.e.8657"},false]}
RESULT: {"script":"<script> [149 bytes]","args":[{"element-6066-11e4-a52e-4f735466cecf":"f.91F10126D0D92D54C5836EF8FC19CACF.d.956AA7758E4EA234123821A7906B957F.e.8657","ELEMENT":"f.91F10126D0D92D54C5836EF8FC19CACF.d.956AA7758E4EA234123821A7906B957F.e.8657"},false]}
COMMAND: POST /session/f773981d6b54d7f6084c0f44ff121803/execute/async - {"script":"<script> [1562 bytes]","args":[{"selector":{"id":"pickUpSwitchHeader","viewName":"etm.portal.ui.webshop.view.RequestDetail","interaction":{"idSuffix":"textoff"}},"wdio_ui5_key":"pickUpSwitchHeaderetmportal.ui.webshop.view.RequestDetail"}]}
COMMAND: GET /session/f773981d6b54d7f6084c0f44ff121803/screenshot - {}
RESULT: {"script":"<script> [1562 bytes]","args":[{"selector":{"id":"pickUpSwitchHeader","viewName":"etm.portal.ui.webshop.view.RequestDetail","interaction":{"idSuffix":"textoff"}},"wdio_ui5_key":"pickUpSwitchHeaderetmportal.ui.webshop.view.RequestDetail"}]}
RESULT: undefined
COMMAND: POST /session/f773981d6b54d7f6084c0f44ff121803/element - {"using":"xpath","value":"//*[@id=\"__xmlview76--pickUpSwitchHeader\"]"}
RESULT: {}
RESULT: {"using":"xpath","value":"//*[@id=\"__xmlview76--pickUpSwitchHeader\"]"}
COMMAND: POST /session/f773981d6b54d7f6084c0f44ff121803/element/f.91F10126D0D92D54C5836EF8FC19CACF.d.956AA7758E4EA234123821A7906B957F.e.8659/click - {}
RESULT: {}
COMMAND: GET /session/f773981d6b54d7f6084c0f44ff121803/screenshot - {}
RESULT: {}
COMMAND: POST /session/f773981d6b54d7f6084c0f44ff121803/execute/async - {"script":"<script> [1562 bytes]","args":[{"selector":{"controlType":"sap.m.Button","viewName":"etm.portal.ui.webshop.view.RequestDetail","bindingPath":{"path":"/RequestItems(REQUEST='20098',ITEM=10m)","propertyPath":"STATUS"}},"wdio_ui5_key":"etmportal.ui.webshop.view.RequestDetailsap.m.Button{\"path\":\"/RequestItems(REQUEST='20098',ITEM=10m)\",\"propertyPath\":\"STATUS\"}"}]}
RESULT: {"script":"<script> [1562 bytes]","args":[{"selector":{"controlType":"sap.m.Button","viewName":"etm.portal.ui.webshop.view.RequestDetail","bindingPath":{"path":"/RequestItems(REQUEST='20098',ITEM=10m)","propertyPath":"STATUS"}},"wdio_ui5_key":"etmportal.ui.webshop.view.RequestDetailsap.m.Button{\"path\":\"/RequestItems(REQUEST='20098',ITEM=10m)\",\"propertyPath\":\"STATUS\"}"}]}
RESULT: undefined
COMMAND: POST /session/f773981d6b54d7f6084c0f44ff121803/execute/async - {"script":"<script> [6424 bytes]","args":[{"element-6066-11e4-a52e-4f735466cecf":"f.91F10126D0D92D54C5836EF8FC19CACF.d.956AA7758E4EA234123821A7906B957F.e.8663"},"getType",[]]}
RESULT: {"script":"<script> [6424 bytes]","args":[{"element-6066-11e4-a52e-4f735466cecf":"f.91F10126D0D92D54C5836EF8FC19CACF.d.956AA7758E4EA234123821A7906B957F.e.8663"},"getType",[]]}
COMMAND: POST /session/f773981d6b54d7f6084c0f44ff121803/execute/async - {"script":"<script> [1562 bytes]","args":[{"selector":{"controlType":"sap.m.Button","viewName":"etm.portal.ui.webshop.view.RequestDetail","bindingPath":{"path":"/RequestItems(REQUEST='20098',ITEM=20m)","propertyPath":"STATUS"}},"wdio_ui5_key":"etmportal.ui.webshop.view.RequestDetailsap.m.Button{\"path\":\"/RequestItems(REQUEST='20098',ITEM=20m)\",\"propertyPath\":\"STATUS\"}"}]}
RESULT: {"script":"<script> [1562 bytes]","args":[{"selector":{"controlType":"sap.m.Button","viewName":"etm.portal.ui.webshop.view.RequestDetail","bindingPath":{"path":"/RequestItems(REQUEST='20098',ITEM=20m)","propertyPath":"STATUS"}},"wdio_ui5_key":"etmportal.ui.webshop.view.RequestDetailsap.m.Button{\"path\":\"/RequestItems(REQUEST='20098',ITEM=20m)\",\"propertyPath\":\"STATUS\"}"}]}
RESULT: undefined
COMMAND: POST /session/f773981d6b54d7f6084c0f44ff121803/execute/async - {"script":"<script> [6424 bytes]","args":[{"element-6066-11e4-a52e-4f735466cecf":"f.91F10126D0D92D54C5836EF8FC19CACF.d.956AA7758E4EA234123821A7906B957F.e.8664"},"getType",[]]}
RESULT: {"script":"<script> [6424 bytes]","args":[{"element-6066-11e4-a52e-4f735466cecf":"f.91F10126D0D92D54C5836EF8FC19CACF.d.956AA7758E4EA234123821A7906B957F.e.8664"},"getType",[]]}
RESULT: undefined
COMMAND: POST /session/f773981d6b54d7f6084c0f44ff121803/element - {"using":"xpath","value":"//*[@id=\"__xmlview76--pickUpItemButton-__clone18898\"]"}
RESULT: {"using":"xpath","value":"//*[@id=\"__xmlview76--pickUpItemButton-__clone18898\"]"}
COMMAND: POST /session/f773981d6b54d7f6084c0f44ff121803/element/f.91F10126D0D92D54C5836EF8FC19CACF.d.956AA7758E4EA234123821A7906B957F.e.8663/click - {}
RESULT: {}
COMMAND: GET /session/f773981d6b54d7f6084c0f44ff121803/screenshot - {}
RESULT: {}
COMMAND: POST /session/f773981d6b54d7f6084c0f44ff121803/element - {"using":"xpath","value":"//span[contains(@class ,\"sapMBtnInner sapMBtnHoverable sapMFocusable sapMBtnText sapMBtnDefault\")][contains(@id ,\"pickUpItemButton\")]"}
RESULT: {"using":"xpath","value":"//span[contains(@class ,\"sapMBtnInner sapMBtnHoverable sapMFocusable sapMBtnText sapMBtnDefault\")][contains(@id ,\"pickUpItemButton\")]"}
COMMAND: POST /session/f773981d6b54d7f6084c0f44ff121803/execute/sync - {"script":"<script> [8489 bytes]","args":[{"element-6066-11e4-a52e-4f735466cecf":"f.91F10126D0D92D54C5836EF8FC19CACF.d.956AA7758E4EA234123821A7906B957F.e.8665","ELEMENT":"f.91F10126D0D92D54C5836EF8FC19CACF.d.956AA7758E4EA234123821A7906B957F.e.8665"}]}
RESULT: undefined
COMMAND: POST /session/f773981d6b54d7f6084c0f44ff121803/execute/async - {"script":"<script> [6424 bytes]","args":[{"element-6066-11e4-a52e-4f735466cecf":"f.91F10126D0D92D54C5836EF8FC19CACF.d.956AA7758E4EA234123821A7906B957F.e.8658"},"getState",[]]}
RESULT: {"script":"<script> [8489 bytes]","args":[{"element-6066-11e4-a52e-4f735466cecf":"f.91F10126D0D92D54C5836EF8FC19CACF.d.956AA7758E4EA234123821A7906B957F.e.8665","ELEMENT":"f.91F10126D0D92D54C5836EF8FC19CACF.d.956AA7758E4EA234123821A7906B957F.e.8665"}]}
COMMAND: GET /session/f773981d6b54d7f6084c0f44ff121803/screenshot - {}
RESULT: {"script":"<script> [6424 bytes]","args":[{"element-6066-11e4-a52e-4f735466cecf":"f.91F10126D0D92D54C5836EF8FC19CACF.d.956AA7758E4EA234123821A7906B957F.e.8658"},"getState",[]]}
COMMAND: POST /session/f773981d6b54d7f6084c0f44ff121803/execute/async - {"script":"<script> [1562 bytes]","args":[{"selector":{"id":"editRequest","viewName":"etm.portal.ui.webshop.view.RequestDetail","interaction":{"idSuffix":"BDI-content"}},"wdio_ui5_key":"editRequestetmportal.ui.webshop.view.RequestDetail"}]}
COMMAND: POST /session/f773981d6b54d7f6084c0f44ff121803/execute/sync - {"script":"<script> [8489 bytes]","args":[{"element-6066-11e4-a52e-4f735466cecf":"f.91F10126D0D92D54C5836EF8FC19CACF.d.956AA7758E4EA234123821A7906B957F.e.8665","ELEMENT":"f.91F10126D0D92D54C5836EF8FC19CACF.d.956AA7758E4EA234123821A7906B957F.e.8665"}]}
RESULT: {}
RESULT: {"script":"<script> [1562 bytes]","args":[{"selector":{"id":"editRequest","viewName":"etm.portal.ui.webshop.view.RequestDetail","interaction":{"idSuffix":"BDI-content"}},"wdio_ui5_key":"editRequestetmportal.ui.webshop.view.RequestDetail"}]}
RESULT: undefined
COMMAND: POST /session/f773981d6b54d7f6084c0f44ff121803/element - {"using":"xpath","value":"//*[@id=\"__xmlview76--editRequest\"]"}
RESULT: {"script":"<script> [8489 bytes]","args":[{"element-6066-11e4-a52e-4f735466cecf":"f.91F10126D0D92D54C5836EF8FC19CACF.d.956AA7758E4EA234123821A7906B957F.e.8665","ELEMENT":"f.91F10126D0D92D54C5836EF8FC19CACF.d.956AA7758E4EA234123821A7906B957F.e.8665"}]}
COMMAND: GET /session/f773981d6b54d7f6084c0f44ff121803/screenshot - {}
RESULT: {"using":"xpath","value":"//*[@id=\"__xmlview76--editRequest\"]"}
COMMAND: POST /session/f773981d6b54d7f6084c0f44ff121803/element/f.91F10126D0D92D54C5836EF8FC19CACF.d.956AA7758E4EA234123821A7906B957F.e.8667/click - {}
RESULT: {}
COMMAND: POST /session/f773981d6b54d7f6084c0f44ff121803/execute/sync - {"script":"<script> [8489 bytes]","args":[{"element-6066-11e4-a52e-4f735466cecf":"f.91F10126D0D92D54C5836EF8FC19CACF.d.956AA7758E4EA234123821A7906B957F.e.8665","ELEMENT":"f.91F10126D0D92D54C5836EF8FC19CACF.d.956AA7758E4EA234123821A7906B957F.e.8665"}]}
RESULT: {}
COMMAND: GET /session/f773981d6b54d7f6084c0f44ff121803/screenshot - {}
RESULT: {"script":"<script> [8489 bytes]","args":[{"element-6066-11e4-a52e-4f735466cecf":"f.91F10126D0D92D54C5836EF8FC19CACF.d.956AA7758E4EA234123821A7906B957F.e.8665","ELEMENT":"f.91F10126D0D92D54C5836EF8FC19CACF.d.956AA7758E4EA234123821A7906B957F.e.8665"}]}
COMMAND: GET /session/f773981d6b54d7f6084c0f44ff121803/screenshot - {}
RESULT: {}
COMMAND: POST /session/f773981d6b54d7f6084c0f44ff121803/execute/sync - {"script":"<script> [8489 bytes]","args":[{"element-6066-11e4-a52e-4f735466cecf":"f.91F10126D0D92D54C5836EF8FC19CACF.d.956AA7758E4EA234123821A7906B957F.e.8665","ELEMENT":"f.91F10126D0D92D54C5836EF8FC19CACF.d.956AA7758E4EA234123821A7906B957F.e.8665"}]}
RESULT: {}
RESULT: {"script":"<script> [8489 bytes]","args":[{"element-6066-11e4-a52e-4f735466cecf":"f.91F10126D0D92D54C5836EF8FC19CACF.d.956AA7758E4EA234123821A7906B957F.e.8665","ELEMENT":"f.91F10126D0D92D54C5836EF8FC19CACF.d.956AA7758E4EA234123821A7906B957F.e.8665"}]}
COMMAND: GET /session/f773981d6b54d7f6084c0f44ff121803/screenshot - {}
RESULT: {}
COMMAND: POST /session/f773981d6b54d7f6084c0f44ff121803/execute/sync - {"script":"<script> [8489 bytes]","args":[{"element-6066-11e4-a52e-4f735466cecf":"f.91F10126D0D92D54C5836EF8FC19CACF.d.956AA7758E4EA234123821A7906B957F.e.8665","ELEMENT":"f.91F10126D0D92D54C5836EF8FC19CACF.d.956AA7758E4EA234123821A7906B957F.e.8665"}]}
RESULT: {"script":"<script> [8489 bytes]","args":[{"element-6066-11e4-a52e-4f735466cecf":"f.91F10126D0D92D54C5836EF8FC19CACF.d.956AA7758E4EA234123821A7906B957F.e.8665","ELEMENT":"f.91F10126D0D92D54C5836EF8FC19CACF.d.956AA7758E4EA234123821A7906B957F.e.8665"}]}
COMMAND: GET /session/f773981d6b54d7f6084c0f44ff121803/screenshot - {}
RESULT: {}
COMMAND: POST /session/f773981d6b54d7f6084c0f44ff121803/execute/sync - {"script":"<script> [8489 bytes]","args":[{"element-6066-11e4-a52e-4f735466cecf":"f.91F10126D0D92D54C5836EF8FC19CACF.d.956AA7758E4EA234123821A7906B957F.e.8665","ELEMENT":"f.91F10126D0D92D54C5836EF8FC19CACF.d.956AA7758E4EA234123821A7906B957F.e.8665"}]}
RESULT: {"script":"<script> [8489 bytes]","args":[{"element-6066-11e4-a52e-4f735466cecf":"f.91F10126D0D92D54C5836EF8FC19CACF.d.956AA7758E4EA234123821A7906B957F.e.8665","ELEMENT":"f.91F10126D0D92D54C5836EF8FC19CACF.d.956AA7758E4EA234123821A7906B957F.e.8665"}]}
COMMAND: GET /session/f773981d6b54d7f6084c0f44ff121803/screenshot - {}
RESULT: {}
COMMAND: POST /session/f773981d6b54d7f6084c0f44ff121803/element - {"using":"xpath","value":"//input[contains(@id ,\"startDate\")]"}
RESULT: {"using":"xpath","value":"//input[contains(@id ,\"startDate\")]"}
COMMAND: POST /session/f773981d6b54d7f6084c0f44ff121803/element/f.91F10126D0D92D54C5836EF8FC19CACF.d.956AA7758E4EA234123821A7906B957F.e.8681/click - {}
RESULT: {}
COMMAND: POST /session/f773981d6b54d7f6084c0f44ff121803/actions - {"actions":[{"id":"action22","type":"key","parameters":{},"actions":[{"type":"keyDown","value":""},{"type":"keyDown","value":"a"},{"type":"pause","duration":10},{"type":"keyUp","value":""},{"type":"keyUp","value":"a"}]}]}
COMMAND: GET /session/f773981d6b54d7f6084c0f44ff121803/screenshot - {}
RESULT: {"actions":[{"id":"action22","type":"key","parameters":{},"actions":[{"type":"keyDown","value":""},{"type":"keyDown","value":"a"},{"type":"pause","duration":10},{"type":"keyUp","value":""},{"type":"keyUp","value":"a"}]}]}
COMMAND: POST /session/f773981d6b54d7f6084c0f44ff121803/actions - {"actions":[{"id":"action23","type":"key","parameters":{},"actions":[{"type":"keyDown","value":""},{"type":"pause","duration":10},{"type":"keyUp","value":""}]}]}
COMMAND: GET /session/f773981d6b54d7f6084c0f44ff121803/screenshot - {}
RESULT: {}
RESULT: {"actions":[{"id":"action23","type":"key","parameters":{},"actions":[{"type":"keyDown","value":""},{"type":"pause","duration":10},{"type":"keyUp","value":""}]}]}
COMMAND: GET /session/f773981d6b54d7f6084c0f44ff121803/screenshot - {}
RESULT: {}
RESULT: {}
COMMAND: POST /session/f773981d6b54d7f6084c0f44ff121803/element/f.91F10126D0D92D54C5836EF8FC19CACF.d.956AA7758E4EA234123821A7906B957F.e.8681/clear - {}
RESULT: {}
COMMAND: POST /session/f773981d6b54d7f6084c0f44ff121803/element/f.91F10126D0D92D54C5836EF8FC19CACF.d.956AA7758E4EA234123821A7906B957F.e.8681/value - {"text":"5/31/25"}
COMMAND: GET /session/f773981d6b54d7f6084c0f44ff121803/screenshot - {}
RESULT: {"text":"5/31/25"}
COMMAND: POST /session/f773981d6b54d7f6084c0f44ff121803/actions - {"actions":[{"id":"action24","type":"key","parameters":{},"actions":[{"type":"keyDown","value":""},{"type":"pause","duration":10},{"type":"keyUp","value":""}]}]}
COMMAND: GET /session/f773981d6b54d7f6084c0f44ff121803/screenshot - {}
RESULT: {}
RESULT: {"actions":[{"id":"action24","type":"key","parameters":{},"actions":[{"type":"keyDown","value":""},{"type":"pause","duration":10},{"type":"keyUp","value":""}]}]}
COMMAND: GET /session/f773981d6b54d7f6084c0f44ff121803/screenshot - {}
RESULT: {}
RESULT: {}
COMMAND: POST /session/f773981d6b54d7f6084c0f44ff121803/element - {"using":"xpath","value":"//input[contains(@id ,\"endDate\")]"}
RESULT: {"using":"xpath","value":"//input[contains(@id ,\"endDate\")]"}
COMMAND: GET /session/f773981d6b54d7f6084c0f44ff121803/element/f.91F10126D0D92D54C5836EF8FC19CACF.d.956AA7758E4EA234123821A7906B957F.e.8684/property/value - {}
RESULT: {}
COMMAND: POST /session/f773981d6b54d7f6084c0f44ff121803/execute/async - {"script":"<script> [1562 bytes]","args":[{"selector":{"controlType":"sap.ui.core.Icon","viewName":"etm.portal.ui.webshop.view.RequestEdit","properties":{"src":{"regex":{"source":"action\\-settings"}}}},"wdio_ui5_key":"etmportal.ui.webshop.view.RequestEditsap.ui.core.Icon{\"src\":{\"regex\":{\"source\":\"action\\\\-settings\"}}}"}]}
COMMAND: GET /session/f773981d6b54d7f6084c0f44ff121803/screenshot - {}
RESULT: {"script":"<script> [1562 bytes]","args":[{"selector":{"controlType":"sap.ui.core.Icon","viewName":"etm.portal.ui.webshop.view.RequestEdit","properties":{"src":{"regex":{"source":"action\\-settings"}}}},"wdio_ui5_key":"etmportal.ui.webshop.view.RequestEditsap.ui.core.Icon{\"src\":{\"regex\":{\"source\":\"action\\\\-settings\"}}}"}]}
RESULT: undefined
COMMAND: POST /session/f773981d6b54d7f6084c0f44ff121803/element - {"using":"xpath","value":"//*[@id=\"__xmlview77--smartTable-btnPersonalisation-img\"]"}
RESULT: {}
RESULT: {"using":"xpath","value":"//*[@id=\"__xmlview77--smartTable-btnPersonalisation-img\"]"}
COMMAND: POST /session/f773981d6b54d7f6084c0f44ff121803/element/f.91F10126D0D92D54C5836EF8FC19CACF.d.956AA7758E4EA234123821A7906B957F.e.8715/click - {}
RESULT: {}
COMMAND: POST /session/f773981d6b54d7f6084c0f44ff121803/element - {"using":"xpath","value":"//input[contains(@id ,\"searchField-I\")]"}
COMMAND: GET /session/f773981d6b54d7f6084c0f44ff121803/screenshot - {}
RESULT: {"using":"xpath","value":"//input[contains(@id ,\"searchField-I\")]"}
COMMAND: POST /session/f773981d6b54d7f6084c0f44ff121803/element/f.91F10126D0D92D54C5836EF8FC19CACF.d.956AA7758E4EA234123821A7906B957F.e.8721/clear - {}
RESULT: {}
RESULT: {}
COMMAND: POST /session/f773981d6b54d7f6084c0f44ff121803/element/f.91F10126D0D92D54C5836EF8FC19CACF.d.956AA7758E4EA234123821A7906B957F.e.8721/value - {"text":"time"}
COMMAND: GET /session/f773981d6b54d7f6084c0f44ff121803/screenshot - {}
RESULT: {"text":"time"}
COMMAND: GET /session/f773981d6b54d7f6084c0f44ff121803/screenshot - {}
RESULT: {}
RESULT: {}
COMMAND: POST /session/f773981d6b54d7f6084c0f44ff121803/element - {"using":"xpath","value":"//div[contains(@id ,\"innerSelectionPanelTable-sa-CbBg\")]"}
RESULT: {"using":"xpath","value":"//div[contains(@id ,\"innerSelectionPanelTable-sa-CbBg\")]"}
COMMAND: POST /session/f773981d6b54d7f6084c0f44ff121803/element/f.91F10126D0D92D54C5836EF8FC19CACF.d.956AA7758E4EA234123821A7906B957F.e.8743/click - {}
RESULT: {}
COMMAND: POST /session/f773981d6b54d7f6084c0f44ff121803/element - {"using":"xpath","value":"//bdi[contains(text(), \"OK\")]"}
COMMAND: GET /session/f773981d6b54d7f6084c0f44ff121803/screenshot - {}
RESULT: {"using":"xpath","value":"//bdi[contains(text(), \"OK\")]"}
COMMAND: POST /session/f773981d6b54d7f6084c0f44ff121803/element/f.91F10126D0D92D54C5836EF8FC19CACF.d.956AA7758E4EA234123821A7906B957F.e.8744/click - {}
RESULT: {}
RESULT: {}
COMMAND: GET /session/f773981d6b54d7f6084c0f44ff121803/screenshot - {}
RESULT: {}
COMMAND: POST /session/f773981d6b54d7f6084c0f44ff121803/execute/async - {"script":"<script> [1562 bytes]","args":[{"selector":{"controlType":"sap.m.CheckBox","viewName":"etm.portal.ui.webshop.view.RequestEdit","properties":{"editable":true},"ancestor":{"controlType":"sap.m.ColumnListItem","viewName":"etm.portal.ui.webshop.view.RequestEdit","bindingPath":{"path":"/RequestItems(REQUEST='20098',ITEM=10m)"},"ancestor":{"id":"customTable","viewName":"etm.portal.ui.webshop.view.RequestEdit"}},"interaction":{"idSuffix":"CbBg"}},"wdio_ui5_key":"etmportal.ui.webshop.view.RequestEditsap.m.CheckBox{\"editable\":true}{\"controlType\":\"sap.m.ColumnListItem\",\"viewName\":\"etm.portal.ui.webshop.view.RequestEdit\",\"bindingPath\":{\"path\":\"/RequestItems(REQUEST='20098',ITEM=10m)\"},\"ancestor\":{\"id\":\"customTable\",\"viewName\":\"etm.portal.ui.webshop.view.RequestEdit\"}}"}]}
RESULT: {"script":"<script> [1562 bytes]","args":[{"selector":{"controlType":"sap.m.CheckBox","viewName":"etm.portal.ui.webshop.view.RequestEdit","properties":{"editable":true},"ancestor":{"controlType":"sap.m.ColumnListItem","viewName":"etm.portal.ui.webshop.view.RequestEdit","bindingPath":{"path":"/RequestItems(REQUEST='20098',ITEM=10m)"},"ancestor":{"id":"customTable","viewName":"etm.portal.ui.webshop.view.RequestEdit"}},"interaction":{"idSuffix":"CbBg"}},"wdio_ui5_key":"etmportal.ui.webshop.view.RequestEditsap.m.CheckBox{\"editable\":true}{\"controlType\":\"sap.m.ColumnListItem\",\"viewName\":\"etm.portal.ui.webshop.view.RequestEdit\",\"bindingPath\":{\"path\":\"/RequestItems(REQUEST='20098',ITEM=10m)\"},\"ancestor\":{\"id\":\"customTable\",\"viewName\":\"etm.portal.ui.webshop.view.RequestEdit\"}}"}]}
RESULT: undefined
COMMAND: POST /session/f773981d6b54d7f6084c0f44ff121803/element - {"using":"xpath","value":"//*[@id=\"__item3032-__clone19309-selectMulti\"]"}
RESULT: {"using":"xpath","value":"//*[@id=\"__item3032-__clone19309-selectMulti\"]"}
COMMAND: POST /session/f773981d6b54d7f6084c0f44ff121803/element/f.91F10126D0D92D54C5836EF8FC19CACF.d.956AA7758E4EA234123821A7906B957F.e.8783/click - {}
RESULT: {}
COMMAND: POST /session/f773981d6b54d7f6084c0f44ff121803/execute/async - {"script":"<script> [1562 bytes]","args":[{"selector":{"controlType":"sap.m.Button","viewName":"etm.portal.ui.webshop.view.RequestEdit","i18NText":{"propertyName":"text","key":"update"},"interaction":{"idSuffix":"BDI-content"}},"wdio_ui5_key":"etmportal.ui.webshop.view.RequestEditsap.m.Button{\"propertyName\":\"text\",\"key\":\"update\"}"}]}
COMMAND: GET /session/f773981d6b54d7f6084c0f44ff121803/screenshot - {}
RESULT: {"script":"<script> [1562 bytes]","args":[{"selector":{"controlType":"sap.m.Button","viewName":"etm.portal.ui.webshop.view.RequestEdit","i18NText":{"propertyName":"text","key":"update"},"interaction":{"idSuffix":"BDI-content"}},"wdio_ui5_key":"etmportal.ui.webshop.view.RequestEditsap.m.Button{\"propertyName\":\"text\",\"key\":\"update\"}"}]}
RESULT: undefined
COMMAND: POST /session/f773981d6b54d7f6084c0f44ff121803/element - {"using":"xpath","value":"//*[@id=\"__button480\"]"}
RESULT: {}
RESULT: {"using":"xpath","value":"//*[@id=\"__button480\"]"}
COMMAND: POST /session/f773981d6b54d7f6084c0f44ff121803/element/f.91F10126D0D92D54C5836EF8FC19CACF.d.956AA7758E4EA234123821A7906B957F.e.8785/click - {}
RESULT: {}
COMMAND: POST /session/f773981d6b54d7f6084c0f44ff121803/element - {"using":"xpath","value":"(//input[contains(@id ,\"startDateRI\")])[1]"}
COMMAND: GET /session/f773981d6b54d7f6084c0f44ff121803/screenshot - {}
RESULT: {"using":"xpath","value":"(//input[contains(@id ,\"startDateRI\")])[1]"}
COMMAND: GET /session/f773981d6b54d7f6084c0f44ff121803/element/f.91F10126D0D92D54C5836EF8FC19CACF.d.956AA7758E4EA234123821A7906B957F.e.8772/property/value - {}
RESULT: {}
RESULT: {}
RESULT: undefined
COMMAND: POST /session/f773981d6b54d7f6084c0f44ff121803/element - {"using":"xpath","value":"//*[@id=\"__item3032-__clone19309-selectMulti\"]"}
COMMAND: GET /session/f773981d6b54d7f6084c0f44ff121803/screenshot - {}
RESULT: {"using":"xpath","value":"//*[@id=\"__item3032-__clone19309-selectMulti\"]"}
COMMAND: POST /session/f773981d6b54d7f6084c0f44ff121803/element/f.91F10126D0D92D54C5836EF8FC19CACF.d.956AA7758E4EA234123821A7906B957F.e.8783/click - {}
RESULT: {}
RESULT: {}
COMMAND: POST /session/f773981d6b54d7f6084c0f44ff121803/execute/async - {"script":"<script> [1562 bytes]","args":[{"selector":{"controlType":"sap.m.CheckBox","viewName":"etm.portal.ui.webshop.view.RequestEdit","properties":{"editable":true},"ancestor":{"controlType":"sap.m.ColumnListItem","viewName":"etm.portal.ui.webshop.view.RequestEdit","bindingPath":{"path":"/RequestItems(REQUEST='20098',ITEM=20m)"},"ancestor":{"id":"customTable","viewName":"etm.portal.ui.webshop.view.RequestEdit"}},"interaction":{"idSuffix":"CbBg"}},"wdio_ui5_key":"etmportal.ui.webshop.view.RequestEditsap.m.CheckBox{\"editable\":true}{\"controlType\":\"sap.m.ColumnListItem\",\"viewName\":\"etm.portal.ui.webshop.view.RequestEdit\",\"bindingPath\":{\"path\":\"/RequestItems(REQUEST='20098',ITEM=20m)\"},\"ancestor\":{\"id\":\"customTable\",\"viewName\":\"etm.portal.ui.webshop.view.RequestEdit\"}}"}]}
COMMAND: GET /session/f773981d6b54d7f6084c0f44ff121803/screenshot - {}
RESULT: {"script":"<script> [1562 bytes]","args":[{"selector":{"controlType":"sap.m.CheckBox","viewName":"etm.portal.ui.webshop.view.RequestEdit","properties":{"editable":true},"ancestor":{"controlType":"sap.m.ColumnListItem","viewName":"etm.portal.ui.webshop.view.RequestEdit","bindingPath":{"path":"/RequestItems(REQUEST='20098',ITEM=20m)"},"ancestor":{"id":"customTable","viewName":"etm.portal.ui.webshop.view.RequestEdit"}},"interaction":{"idSuffix":"CbBg"}},"wdio_ui5_key":"etmportal.ui.webshop.view.RequestEditsap.m.CheckBox{\"editable\":true}{\"controlType\":\"sap.m.ColumnListItem\",\"viewName\":\"etm.portal.ui.webshop.view.RequestEdit\",\"bindingPath\":{\"path\":\"/RequestItems(REQUEST='20098',ITEM=20m)\"},\"ancestor\":{\"id\":\"customTable\",\"viewName\":\"etm.portal.ui.webshop.view.RequestEdit\"}}"}]}
RESULT: undefined
COMMAND: POST /session/f773981d6b54d7f6084c0f44ff121803/element - {"using":"xpath","value":"//*[@id=\"__item3032-__clone19310-selectMulti\"]"}
RESULT: {}
RESULT: {"using":"xpath","value":"//*[@id=\"__item3032-__clone19310-selectMulti\"]"}
COMMAND: POST /session/f773981d6b54d7f6084c0f44ff121803/element/f.91F10126D0D92D54C5836EF8FC19CACF.d.956AA7758E4EA234123821A7906B957F.e.8788/click - {}
RESULT: {}
COMMAND: POST /session/f773981d6b54d7f6084c0f44ff121803/execute/async - {"script":"<script> [1562 bytes]","args":[{"selector":{"controlType":"sap.ui.core.Icon","viewName":"etm.portal.ui.webshop.view.RequestEdit","properties":{"src":{"regex":{"source":"delete"}}}},"wdio_ui5_key":"etmportal.ui.webshop.view.RequestEditsap.ui.core.Icon{\"src\":{\"regex\":{\"source\":\"delete\"}}}"}]}
COMMAND: GET /session/f773981d6b54d7f6084c0f44ff121803/screenshot - {}
RESULT: {"script":"<script> [1562 bytes]","args":[{"selector":{"controlType":"sap.ui.core.Icon","viewName":"etm.portal.ui.webshop.view.RequestEdit","properties":{"src":{"regex":{"source":"delete"}}}},"wdio_ui5_key":"etmportal.ui.webshop.view.RequestEditsap.ui.core.Icon{\"src\":{\"regex\":{\"source\":\"delete\"}}}"}]}
RESULT: undefined
COMMAND: POST /session/f773981d6b54d7f6084c0f44ff121803/element - {"using":"xpath","value":"//*[@id=\"__xmlview77--deleteItem-img\"]"}
RESULT: {}
RESULT: {"using":"xpath","value":"//*[@id=\"__xmlview77--deleteItem-img\"]"}
COMMAND: POST /session/f773981d6b54d7f6084c0f44ff121803/element/f.91F10126D0D92D54C5836EF8FC19CACF.d.956AA7758E4EA234123821A7906B957F.e.8789/click - {}
RESULT: {}
COMMAND: GET /session/f773981d6b54d7f6084c0f44ff121803/screenshot - {}
RESULT: {}
COMMAND: POST /session/f773981d6b54d7f6084c0f44ff121803/execute/async - {"script":"<script> [1562 bytes]","args":[{"selector":{"controlType":"sap.m.Button","properties":{"text":"OK"},"searchOpenDialogs":true,"interaction":{"idSuffix":"BDI-content"}},"wdio_ui5_key":"sapm.Button{\"text\":\"OK\"}"}]}
RESULT: {"script":"<script> [1562 bytes]","args":[{"selector":{"controlType":"sap.m.Button","properties":{"text":"OK"},"searchOpenDialogs":true,"interaction":{"idSuffix":"BDI-content"}},"wdio_ui5_key":"sapm.Button{\"text\":\"OK\"}"}]}
RESULT: undefined
COMMAND: POST /session/f773981d6b54d7f6084c0f44ff121803/element - {"using":"xpath","value":"//*[@id=\"__mbox-btn-0\"]"}
RESULT: {"using":"xpath","value":"//*[@id=\"__mbox-btn-0\"]"}
COMMAND: POST /session/f773981d6b54d7f6084c0f44ff121803/element/f.91F10126D0D92D54C5836EF8FC19CACF.d.956AA7758E4EA234123821A7906B957F.e.8791/click - {}
RESULT: {}
COMMAND: GET /session/f773981d6b54d7f6084c0f44ff121803/screenshot - {}
RESULT: {}
COMMAND: POST /session/f773981d6b54d7f6084c0f44ff121803/execute/async - {"script":"<script> [1562 bytes]","args":[{"selector":{"id":"saveButtonId","viewName":"etm.portal.ui.webshop.view.RequestEdit","interaction":{"idSuffix":"BDI-content"}},"wdio_ui5_key":"saveButtonIdetmportal.ui.webshop.view.RequestEdit"}]}
RESULT: {"script":"<script> [1562 bytes]","args":[{"selector":{"id":"saveButtonId","viewName":"etm.portal.ui.webshop.view.RequestEdit","interaction":{"idSuffix":"BDI-content"}},"wdio_ui5_key":"saveButtonIdetmportal.ui.webshop.view.RequestEdit"}]}
RESULT: undefined
COMMAND: POST /session/f773981d6b54d7f6084c0f44ff121803/element - {"using":"xpath","value":"//*[@id=\"__xmlview77--saveButtonId\"]"}
RESULT: {"using":"xpath","value":"//*[@id=\"__xmlview77--saveButtonId\"]"}
COMMAND: POST /session/f773981d6b54d7f6084c0f44ff121803/element/f.91F10126D0D92D54C5836EF8FC19CACF.d.956AA7758E4EA234123821A7906B957F.e.8799/click - {}
RESULT: {}
COMMAND: GET /session/f773981d6b54d7f6084c0f44ff121803/screenshot - {}
RESULT: {}
COMMAND: POST /session/f773981d6b54d7f6084c0f44ff121803/execute/async - {"script":"<script> [1562 bytes]","args":[{"selector":{"controlType":"sap.m.Title","viewName":"etm.portal.ui.webshop.view.RequestDetail","properties":{"text":"Items (1)"}},"wdio_ui5_key":"etmportal.ui.webshop.view.RequestDetailsap.m.Title{\"text\":\"Items (1)\"}"}]}
RESULT: {"script":"<script> [1562 bytes]","args":[{"selector":{"controlType":"sap.m.Title","viewName":"etm.portal.ui.webshop.view.RequestDetail","properties":{"text":"Items (1)"}},"wdio_ui5_key":"etmportal.ui.webshop.view.RequestDetailsap.m.Title{\"text\":\"Items (1)\"}"}]}
RESULT: undefined
COMMAND: POST /session/f773981d6b54d7f6084c0f44ff121803/execute/async - {"script":"<script> [6424 bytes]","args":[{"element-6066-11e4-a52e-4f735466cecf":"f.91F10126D0D92D54C5836EF8FC19CACF.d.956AA7758E4EA234123821A7906B957F.e.8808"},"getText",[]]}
RESULT: {"script":"<script> [6424 bytes]","args":[{"element-6066-11e4-a52e-4f735466cecf":"f.91F10126D0D92D54C5836EF8FC19CACF.d.956AA7758E4EA234123821A7906B957F.e.8808"},"getText",[]]}
COMMAND: POST /session/f773981d6b54d7f6084c0f44ff121803/execute/async - {"script":"<script> [1562 bytes]","args":[{"selector":{"controlType":"sap.m.Text","viewName":"etm.portal.ui.webshop.view.RequestDetail","bindingPath":{"path":"/RequestHeaders(NO='20098')","propertyPath":"END_DATE","modelName":"catalogModel"}},"wdio_ui5_key":"etmportal.ui.webshop.view.RequestDetailsap.m.Text{\"path\":\"/RequestHeaders(NO='20098')\",\"propertyPath\":\"END_DATE\",\"modelName\":\"catalogModel\"}"}]}
RESULT: {"script":"<script> [1562 bytes]","args":[{"selector":{"controlType":"sap.m.Text","viewName":"etm.portal.ui.webshop.view.RequestDetail","bindingPath":{"path":"/RequestHeaders(NO='20098')","propertyPath":"END_DATE","modelName":"catalogModel"}},"wdio_ui5_key":"etmportal.ui.webshop.view.RequestDetailsap.m.Text{\"path\":\"/RequestHeaders(NO='20098')\",\"propertyPath\":\"END_DATE\",\"modelName\":\"catalogModel\"}"}]}
RESULT: undefined
COMMAND: POST /session/f773981d6b54d7f6084c0f44ff121803/execute/async - {"script":"<script> [1562 bytes]","args":[{"selector":{"controlType":"sap.m.Text","viewName":"etm.portal.ui.webshop.view.RequestDetail","bindingPath":{"path":"/RequestHeaders(NO='20098')","propertyPath":"START_DATE","modelName":"catalogModel"}},"wdio_ui5_key":"etmportal.ui.webshop.view.RequestDetailsap.m.Text{\"path\":\"/RequestHeaders(NO='20098')\",\"propertyPath\":\"START_DATE\",\"modelName\":\"catalogModel\"}"}]}
RESULT: {"script":"<script> [1562 bytes]","args":[{"selector":{"controlType":"sap.m.Text","viewName":"etm.portal.ui.webshop.view.RequestDetail","bindingPath":{"path":"/RequestHeaders(NO='20098')","propertyPath":"START_DATE","modelName":"catalogModel"}},"wdio_ui5_key":"etmportal.ui.webshop.view.RequestDetailsap.m.Text{\"path\":\"/RequestHeaders(NO='20098')\",\"propertyPath\":\"START_DATE\",\"modelName\":\"catalogModel\"}"}]}
RESULT: undefined
COMMAND: POST /session/f773981d6b54d7f6084c0f44ff121803/execute/async - {"script":"<script> [6424 bytes]","args":[{"element-6066-11e4-a52e-4f735466cecf":"f.91F10126D0D92D54C5836EF8FC19CACF.d.956AA7758E4EA234123821A7906B957F.e.8810"},"getText",[]]}
RESULT: {"script":"<script> [6424 bytes]","args":[{"element-6066-11e4-a52e-4f735466cecf":"f.91F10126D0D92D54C5836EF8FC19CACF.d.956AA7758E4EA234123821A7906B957F.e.8810"},"getText",[]]}
RESULT: undefined
COMMAND: POST /session/f773981d6b54d7f6084c0f44ff121803/execute/async - {"script":"<script> [6424 bytes]","args":[{"element-6066-11e4-a52e-4f735466cecf":"f.91F10126D0D92D54C5836EF8FC19CACF.d.956AA7758E4EA234123821A7906B957F.e.8809"},"getText",[]]}
RESULT: {"script":"<script> [6424 bytes]","args":[{"element-6066-11e4-a52e-4f735466cecf":"f.91F10126D0D92D54C5836EF8FC19CACF.d.956AA7758E4EA234123821A7906B957F.e.8809"},"getText",[]]}
COMMAND: POST /session/f773981d6b54d7f6084c0f44ff121803/refresh - {}
RESULT: {}
COMMAND: GET /session/f773981d6b54d7f6084c0f44ff121803/screenshot - {}
RESULT: {}
COMMAND: POST /session/f773981d6b54d7f6084c0f44ff121803/execute/async - {"script":"<script> [189 bytes]","args":[]}
RESULT: {"script":"<script> [189 bytes]","args":[]}
COMMAND: POST /session/f773981d6b54d7f6084c0f44ff121803/execute/async - {"script":"<script> [123 bytes]","args":[]}
RESULT: {"script":"<script> [123 bytes]","args":[]}
COMMAND: POST /session/f773981d6b54d7f6084c0f44ff121803/timeouts - {"script":"<number>"}
RESULT: {"script":"<number>"}
COMMAND: GET /session/f773981d6b54d7f6084c0f44ff121803/timeouts - {}
RESULT: {}
RESULT: undefined
COMMAND: POST /session/f773981d6b54d7f6084c0f44ff121803/execute/async - {"script":"<script> [2676 bytes]","args":[]}
RESULT: {"script":"<script> [2676 bytes]","args":[]}
COMMAND: POST /session/f773981d6b54d7f6084c0f44ff121803/execute/async - {"script":"<script> [2342 bytes]","args":[{"protocol":"http","hostname":"0.0.0.0","path":"/","capabilities":{"browserName":"chrome","goog:chromeOptions":{"binary":"C:\\Program Files\\Google\\Chrome\\Application\\chrome.exe","args":["--start-maximized"]}},"logLevel":"warn","connectionRetryTimeout":120000,"connectionRetryCount":3,"logLevels":{},"enableDirectConnect":true,"strictSSL":true,"_":"65 more keys: [\"cacheDir\",\"port\",\"requestedCapabilities\",\"automationProtocol\",\"baseUrl\",\"waitforInterval\",\"waitforTimeout\",\"onReload\",\"beforeCommand\",\"afterCommand\",\"rootDir\",\"specs\",\"suites\",\"exclude\",\"groupLogsByTestSpec\",\"excludeDriverLogs\",\"bail\",\"framework\",\"reporters\",\"services\",\"maxInstances\",\"maxInstancesPerCapability\",\"injectGlobals\",\"filesToWatch\",\"execArgv\",\"runnerEnv\",\"runner\",\"shard\",\"specFileRetries\",\"specFileRetriesDelay\",\"specFileRetriesDeferred\",\"reporterSyncInterval\",\"reporterSyncTimeout\",\"cucumberFeaturesWithLineNumbers\",\"autoCompileOpts\",\"mochaOpts\",\"jasmineOpts\",\"cucumberOpts\",\"onPrepare\",\"onWorkerStart\",\"onWorkerEnd\",\"before\",\"beforeSession\",\"beforeSuite\",\"beforeHook\",\"beforeTest\",\"afterTest\",\"afterHook\",\"afterSuite\",\"afterSession\",\"after\",\"onComplete\",\"beforeAssertion\",\"afterAssertion\",\"beforeFeature\",\"beforeScenario\",\"beforeStep\",\"afterStep\",\"afterScenario\",\"afterFeature\",\"_\",\"suite\",\"$0\",\"ignoredWorkerServices\",\"wdi5\"]"}]}
RESULT: {"script":"<script> [2342 bytes]","args":[{"protocol":"http","hostname":"0.0.0.0","path":"/","capabilities":{"browserName":"chrome","goog:chromeOptions":{"binary":"C:\\Program Files\\Google\\Chrome\\Application\\chrome.exe","args":["--start-maximized"]}},"logLevel":"warn","connectionRetryTimeout":120000,"connectionRetryCount":3,"logLevels":{},"enableDirectConnect":true,"strictSSL":true,"_":"65 more keys: [\"cacheDir\",\"port\",\"requestedCapabilities\",\"automationProtocol\",\"baseUrl\",\"waitforInterval\",\"waitforTimeout\",\"onReload\",\"beforeCommand\",\"afterCommand\",\"rootDir\",\"specs\",\"suites\",\"exclude\",\"groupLogsByTestSpec\",\"excludeDriverLogs\",\"bail\",\"framework\",\"reporters\",\"services\",\"maxInstances\",\"maxInstancesPerCapability\",\"injectGlobals\",\"filesToWatch\",\"execArgv\",\"runnerEnv\",\"runner\",\"shard\",\"specFileRetries\",\"specFileRetriesDelay\",\"specFileRetriesDeferred\",\"reporterSyncInterval\",\"reporterSyncTimeout\",\"cucumberFeaturesWithLineNumbers\",\"autoCompileOpts\",\"mochaOpts\",\"jasmineOpts\",\"cucumberOpts\",\"onPrepare\",\"onWorkerStart\",\"onWorkerEnd\",\"before\",\"beforeSession\",\"beforeSuite\",\"beforeHook\",\"beforeTest\",\"afterTest\",\"afterHook\",\"afterSuite\",\"afterSession\",\"after\",\"onComplete\",\"beforeAssertion\",\"afterAssertion\",\"beforeFeature\",\"beforeScenario\",\"beforeStep\",\"afterStep\",\"afterScenario\",\"afterFeature\",\"_\",\"suite\",\"$0\",\"ignoredWorkerServices\",\"wdi5\"]"}]}
COMMAND: POST /session/f773981d6b54d7f6084c0f44ff121803/execute/async - {"script":"<script> [21126 bytes]","args":[35000]}
RESULT: {"script":"<script> [21126 bytes]","args":[35000]}
COMMAND: POST /session/f773981d6b54d7f6084c0f44ff121803/element - {"using":"xpath","value":"//li[contains(@title ,\"Exit\")]"}
RESULT: {"using":"xpath","value":"//li[contains(@title ,\"Exit\")]"}
COMMAND: POST /session/f773981d6b54d7f6084c0f44ff121803/element/f.91F10126D0D92D54C5836EF8FC19CACF.d.75FC0F808B5D23772EBF4D3965C4A776.e.8909/click - {}
RESULT: {}
COMMAND: GET /session/f773981d6b54d7f6084c0f44ff121803/screenshot - {}
RESULT: {}
COMMAND: DELETE /session/f773981d6b54d7f6084c0f44ff121803 - {}
RESULT: {}
]]></system-out>
    </testcase>
  </testsuite>
</testsuites>