<?xml version="1.0" encoding="UTF-8"?>
<testsuites tests="6" failures="0" errors="0" skipped="0">
  <testsuite timestamp="2025-05-02T16:35:20" time="1069.571" tests="6" failures="0" errors="0" skipped="0">
    <properties>
      <property name="specId" value="0" />
      <property name="suiteName" value="RU Inventory Mass State Change Multiple Items US151066" />
      <property name="capabilities" value="chrome.135_0_7049_96.windows" />
      <property name="file" value="file:///D:/a/1/s/test/specs/HTR/ru-inv-list-mass-state-change.spec.js" />
    </properties>
    <testcase classname="chrome.135_0_7049_96.windows.RU_Inventory_Mass_State_Change_Multiple_Items_US151066" name="Step 1 Should do a RU inventory mass state change on chosen yard 109 with the resources available one equipment multipart one tool pool" time="285.367">
      <system-out><![CDATA[
COMMAND: POST /session/9cfd67d3348077eadf4ec856fad7fe91/execute/async - {"script":"<script> [1562 bytes]","args":[{"selector":{"controlType":"sap.m.GenericTile","properties":{"header":"RU Inventory List"}},"wdio_ui5_key":"sapm.GenericTile{\"header\":\"RU Inventory List\"}"}]}
RESULT: {"script":"<script> [1562 bytes]","args":[{"selector":{"controlType":"sap.m.GenericTile","properties":{"header":"RU Inventory List"}},"wdio_ui5_key":"sapm.GenericTile{\"header\":\"RU Inventory List\"}"}]}
RESULT: undefined
COMMAND: POST /session/9cfd67d3348077eadf4ec856fad7fe91/element - {"using":"xpath","value":"//*[@id=\"__tile99\"]"}
RESULT: {"using":"xpath","value":"//*[@id=\"__tile99\"]"}
COMMAND: POST /session/9cfd67d3348077eadf4ec856fad7fe91/element/f.611EB16B8E3D36D28F8F7D4109D23A74.d.93DBB1C2AB450F97AFC94BB18BBE5279.e.277/click - {}
RESULT: {}
COMMAND: POST /session/9cfd67d3348077eadf4ec856fad7fe91/element - {"using":"xpath","value":"//button[contains(@id, \"massStateBtn\")]"}
COMMAND: GET /session/9cfd67d3348077eadf4ec856fad7fe91/screenshot - {}
RESULT: {"using":"xpath","value":"//button[contains(@id, \"massStateBtn\")]"}
COMMAND: POST /session/9cfd67d3348077eadf4ec856fad7fe91/elements - {"using":"xpath","value":"//button[contains(@id, \"massStateBtn\")]"}
RESULT: {}
RESULT: {"using":"xpath","value":"//button[contains(@id, \"massStateBtn\")]"}
COMMAND: POST /session/9cfd67d3348077eadf4ec856fad7fe91/elements - {"using":"xpath","value":"//button[contains(@id, \"massStateBtn\")]"}
RESULT: {"using":"xpath","value":"//button[contains(@id, \"massStateBtn\")]"}
COMMAND: POST /session/9cfd67d3348077eadf4ec856fad7fe91/elements - {"using":"xpath","value":"//button[contains(@id, \"massStateBtn\")]"}
RESULT: {"using":"xpath","value":"//button[contains(@id, \"massStateBtn\")]"}
COMMAND: POST /session/9cfd67d3348077eadf4ec856fad7fe91/elements - {"using":"xpath","value":"//button[contains(@id, \"massStateBtn\")]"}
RESULT: {"using":"xpath","value":"//button[contains(@id, \"massStateBtn\")]"}
COMMAND: POST /session/9cfd67d3348077eadf4ec856fad7fe91/elements - {"using":"xpath","value":"//button[contains(@id, \"massStateBtn\")]"}
RESULT: {"using":"xpath","value":"//button[contains(@id, \"massStateBtn\")]"}
COMMAND: POST /session/9cfd67d3348077eadf4ec856fad7fe91/elements - {"using":"xpath","value":"//button[contains(@id, \"massStateBtn\")]"}
RESULT: {"using":"xpath","value":"//button[contains(@id, \"massStateBtn\")]"}
COMMAND: POST /session/9cfd67d3348077eadf4ec856fad7fe91/elements - {"using":"xpath","value":"//button[contains(@id, \"massStateBtn\")]"}
RESULT: {"using":"xpath","value":"//button[contains(@id, \"massStateBtn\")]"}
COMMAND: POST /session/9cfd67d3348077eadf4ec856fad7fe91/elements - {"using":"xpath","value":"//button[contains(@id, \"massStateBtn\")]"}
RESULT: {"using":"xpath","value":"//button[contains(@id, \"massStateBtn\")]"}
COMMAND: POST /session/9cfd67d3348077eadf4ec856fad7fe91/elements - {"using":"xpath","value":"//button[contains(@id, \"massStateBtn\")]"}
RESULT: {"using":"xpath","value":"//button[contains(@id, \"massStateBtn\")]"}
COMMAND: POST /session/9cfd67d3348077eadf4ec856fad7fe91/elements - {"using":"xpath","value":"//button[contains(@id, \"massStateBtn\")]"}
RESULT: {"using":"xpath","value":"//button[contains(@id, \"massStateBtn\")]"}
COMMAND: POST /session/9cfd67d3348077eadf4ec856fad7fe91/elements - {"using":"xpath","value":"//button[contains(@id, \"massStateBtn\")]"}
RESULT: {"using":"xpath","value":"//button[contains(@id, \"massStateBtn\")]"}
COMMAND: POST /session/9cfd67d3348077eadf4ec856fad7fe91/elements - {"using":"xpath","value":"//button[contains(@id, \"massStateBtn\")]"}
RESULT: {"using":"xpath","value":"//button[contains(@id, \"massStateBtn\")]"}
COMMAND: POST /session/9cfd67d3348077eadf4ec856fad7fe91/elements - {"using":"xpath","value":"//button[contains(@id, \"massStateBtn\")]"}
RESULT: {"using":"xpath","value":"//button[contains(@id, \"massStateBtn\")]"}
COMMAND: POST /session/9cfd67d3348077eadf4ec856fad7fe91/elements - {"using":"xpath","value":"//button[contains(@id, \"massStateBtn\")]"}
RESULT: {"using":"xpath","value":"//button[contains(@id, \"massStateBtn\")]"}
COMMAND: POST /session/9cfd67d3348077eadf4ec856fad7fe91/elements - {"using":"xpath","value":"//button[contains(@id, \"massStateBtn\")]"}
RESULT: {"using":"xpath","value":"//button[contains(@id, \"massStateBtn\")]"}
COMMAND: POST /session/9cfd67d3348077eadf4ec856fad7fe91/elements - {"using":"xpath","value":"//button[contains(@id, \"massStateBtn\")]"}
RESULT: {"using":"xpath","value":"//button[contains(@id, \"massStateBtn\")]"}
COMMAND: POST /session/9cfd67d3348077eadf4ec856fad7fe91/elements - {"using":"xpath","value":"//button[contains(@id, \"massStateBtn\")]"}
RESULT: {"using":"xpath","value":"//button[contains(@id, \"massStateBtn\")]"}
COMMAND: POST /session/9cfd67d3348077eadf4ec856fad7fe91/elements - {"using":"xpath","value":"//button[contains(@id, \"massStateBtn\")]"}
RESULT: {"using":"xpath","value":"//button[contains(@id, \"massStateBtn\")]"}
COMMAND: POST /session/9cfd67d3348077eadf4ec856fad7fe91/elements - {"using":"xpath","value":"//button[contains(@id, \"massStateBtn\")]"}
RESULT: {"using":"xpath","value":"//button[contains(@id, \"massStateBtn\")]"}
COMMAND: POST /session/9cfd67d3348077eadf4ec856fad7fe91/elements - {"using":"xpath","value":"//button[contains(@id, \"massStateBtn\")]"}
RESULT: {"using":"xpath","value":"//button[contains(@id, \"massStateBtn\")]"}
COMMAND: POST /session/9cfd67d3348077eadf4ec856fad7fe91/elements - {"using":"xpath","value":"//button[contains(@id, \"massStateBtn\")]"}
RESULT: {"using":"xpath","value":"//button[contains(@id, \"massStateBtn\")]"}
COMMAND: POST /session/9cfd67d3348077eadf4ec856fad7fe91/elements - {"using":"xpath","value":"//button[contains(@id, \"massStateBtn\")]"}
RESULT: {"using":"xpath","value":"//button[contains(@id, \"massStateBtn\")]"}
COMMAND: POST /session/9cfd67d3348077eadf4ec856fad7fe91/elements - {"using":"xpath","value":"//button[contains(@id, \"massStateBtn\")]"}
RESULT: {"using":"xpath","value":"//button[contains(@id, \"massStateBtn\")]"}
COMMAND: POST /session/9cfd67d3348077eadf4ec856fad7fe91/elements - {"using":"xpath","value":"//button[contains(@id, \"massStateBtn\")]"}
RESULT: {"using":"xpath","value":"//button[contains(@id, \"massStateBtn\")]"}
COMMAND: POST /session/9cfd67d3348077eadf4ec856fad7fe91/elements - {"using":"xpath","value":"//button[contains(@id, \"massStateBtn\")]"}
RESULT: {"using":"xpath","value":"//button[contains(@id, \"massStateBtn\")]"}
COMMAND: POST /session/9cfd67d3348077eadf4ec856fad7fe91/elements - {"using":"xpath","value":"//button[contains(@id, \"massStateBtn\")]"}
RESULT: {"using":"xpath","value":"//button[contains(@id, \"massStateBtn\")]"}
COMMAND: POST /session/9cfd67d3348077eadf4ec856fad7fe91/elements - {"using":"xpath","value":"//button[contains(@id, \"massStateBtn\")]"}
RESULT: {"using":"xpath","value":"//button[contains(@id, \"massStateBtn\")]"}
COMMAND: POST /session/9cfd67d3348077eadf4ec856fad7fe91/elements - {"using":"xpath","value":"//button[contains(@id, \"massStateBtn\")]"}
RESULT: {"using":"xpath","value":"//button[contains(@id, \"massStateBtn\")]"}
COMMAND: POST /session/9cfd67d3348077eadf4ec856fad7fe91/elements - {"using":"xpath","value":"//button[contains(@id, \"massStateBtn\")]"}
RESULT: {"using":"xpath","value":"//button[contains(@id, \"massStateBtn\")]"}
COMMAND: POST /session/9cfd67d3348077eadf4ec856fad7fe91/elements - {"using":"xpath","value":"//button[contains(@id, \"massStateBtn\")]"}
RESULT: {"using":"xpath","value":"//button[contains(@id, \"massStateBtn\")]"}
COMMAND: POST /session/9cfd67d3348077eadf4ec856fad7fe91/elements - {"using":"xpath","value":"//button[contains(@id, \"massStateBtn\")]"}
RESULT: {"using":"xpath","value":"//button[contains(@id, \"massStateBtn\")]"}
COMMAND: POST /session/9cfd67d3348077eadf4ec856fad7fe91/elements - {"using":"xpath","value":"//button[contains(@id, \"massStateBtn\")]"}
RESULT: {"using":"xpath","value":"//button[contains(@id, \"massStateBtn\")]"}
COMMAND: POST /session/9cfd67d3348077eadf4ec856fad7fe91/elements - {"using":"xpath","value":"//button[contains(@id, \"massStateBtn\")]"}
RESULT: {"using":"xpath","value":"//button[contains(@id, \"massStateBtn\")]"}
COMMAND: POST /session/9cfd67d3348077eadf4ec856fad7fe91/elements - {"using":"xpath","value":"//button[contains(@id, \"massStateBtn\")]"}
RESULT: {"using":"xpath","value":"//button[contains(@id, \"massStateBtn\")]"}
COMMAND: POST /session/9cfd67d3348077eadf4ec856fad7fe91/elements - {"using":"xpath","value":"//button[contains(@id, \"massStateBtn\")]"}
RESULT: {"using":"xpath","value":"//button[contains(@id, \"massStateBtn\")]"}
COMMAND: POST /session/9cfd67d3348077eadf4ec856fad7fe91/element - {"using":"xpath","value":"//button[contains(@id, \"massStateBtn\")]"}
RESULT: {"using":"xpath","value":"//button[contains(@id, \"massStateBtn\")]"}
COMMAND: POST /session/9cfd67d3348077eadf4ec856fad7fe91/execute/sync - {"script":"<script> [8489 bytes]","args":[{"element-6066-11e4-a52e-4f735466cecf":"f.611EB16B8E3D36D28F8F7D4109D23A74.d.93DBB1C2AB450F97AFC94BB18BBE5279.e.312","ELEMENT":"f.611EB16B8E3D36D28F8F7D4109D23A74.d.93DBB1C2AB450F97AFC94BB18BBE5279.e.312"}]}
RESULT: {"script":"<script> [8489 bytes]","args":[{"element-6066-11e4-a52e-4f735466cecf":"f.611EB16B8E3D36D28F8F7D4109D23A74.d.93DBB1C2AB450F97AFC94BB18BBE5279.e.312","ELEMENT":"f.611EB16B8E3D36D28F8F7D4109D23A74.d.93DBB1C2AB450F97AFC94BB18BBE5279.e.312"}]}
COMMAND: GET /session/9cfd67d3348077eadf4ec856fad7fe91/element/f.611EB16B8E3D36D28F8F7D4109D23A74.d.93DBB1C2AB450F97AFC94BB18BBE5279.e.312/enabled - {}
COMMAND: GET /session/9cfd67d3348077eadf4ec856fad7fe91/screenshot - {}
RESULT: {}
COMMAND: POST /session/9cfd67d3348077eadf4ec856fad7fe91/execute/sync - {"script":"<script> [8489 bytes]","args":[{"element-6066-11e4-a52e-4f735466cecf":"f.611EB16B8E3D36D28F8F7D4109D23A74.d.93DBB1C2AB450F97AFC94BB18BBE5279.e.312","ELEMENT":"f.611EB16B8E3D36D28F8F7D4109D23A74.d.93DBB1C2AB450F97AFC94BB18BBE5279.e.312"}]}
COMMAND: GET /session/9cfd67d3348077eadf4ec856fad7fe91/screenshot - {}
RESULT: {}
RESULT: {"script":"<script> [8489 bytes]","args":[{"element-6066-11e4-a52e-4f735466cecf":"f.611EB16B8E3D36D28F8F7D4109D23A74.d.93DBB1C2AB450F97AFC94BB18BBE5279.e.312","ELEMENT":"f.611EB16B8E3D36D28F8F7D4109D23A74.d.93DBB1C2AB450F97AFC94BB18BBE5279.e.312"}]}
COMMAND: POST /session/9cfd67d3348077eadf4ec856fad7fe91/execute/sync - {"script":"<script> [5351 bytes]","args":[{"element-6066-11e4-a52e-4f735466cecf":"f.611EB16B8E3D36D28F8F7D4109D23A74.d.93DBB1C2AB450F97AFC94BB18BBE5279.e.312","ELEMENT":"f.611EB16B8E3D36D28F8F7D4109D23A74.d.93DBB1C2AB450F97AFC94BB18BBE5279.e.312"}]}
COMMAND: GET /session/9cfd67d3348077eadf4ec856fad7fe91/screenshot - {}
RESULT: {}
RESULT: {"script":"<script> [5351 bytes]","args":[{"element-6066-11e4-a52e-4f735466cecf":"f.611EB16B8E3D36D28F8F7D4109D23A74.d.93DBB1C2AB450F97AFC94BB18BBE5279.e.312","ELEMENT":"f.611EB16B8E3D36D28F8F7D4109D23A74.d.93DBB1C2AB450F97AFC94BB18BBE5279.e.312"}]}
COMMAND: POST /session/9cfd67d3348077eadf4ec856fad7fe91/element/f.611EB16B8E3D36D28F8F7D4109D23A74.d.93DBB1C2AB450F97AFC94BB18BBE5279.e.312/click - {}
COMMAND: GET /session/9cfd67d3348077eadf4ec856fad7fe91/screenshot - {}
RESULT: {}
RESULT: {}
COMMAND: GET /session/9cfd67d3348077eadf4ec856fad7fe91/screenshot - {}
RESULT: {}
RESULT: {}
COMMAND: POST /session/9cfd67d3348077eadf4ec856fad7fe91/execute/async - {"script":"<script> [1562 bytes]","args":[{"selector":{"id":"application-ruinventorylist-display-component---Master--ruLocationTypeComboBox-arrow"},"wdio_ui5_key":"applicationruinventorylist-display-component---Master--ruLocationTypeComboBox-arrow"}]}
RESULT: {"script":"<script> [1562 bytes]","args":[{"selector":{"id":"application-ruinventorylist-display-component---Master--ruLocationTypeComboBox-arrow"},"wdio_ui5_key":"applicationruinventorylist-display-component---Master--ruLocationTypeComboBox-arrow"}]}
RESULT: undefined
COMMAND: POST /session/9cfd67d3348077eadf4ec856fad7fe91/element - {"using":"xpath","value":"//*[@id=\"application-ruinventorylist-display-component---Master--ruLocationTypeComboBox-arrow\"]"}
RESULT: {"using":"xpath","value":"//*[@id=\"application-ruinventorylist-display-component---Master--ruLocationTypeComboBox-arrow\"]"}
COMMAND: POST /session/9cfd67d3348077eadf4ec856fad7fe91/element/f.611EB16B8E3D36D28F8F7D4109D23A74.d.93DBB1C2AB450F97AFC94BB18BBE5279.e.551/click - {}
RESULT: {}
COMMAND: GET /session/9cfd67d3348077eadf4ec856fad7fe91/screenshot - {}
RESULT: {}
COMMAND: POST /session/9cfd67d3348077eadf4ec856fad7fe91/element - {"using":"xpath","value":"//li[.//span[text()='Yard']]"}
RESULT: {"using":"xpath","value":"//li[.//span[text()='Yard']]"}
COMMAND: POST /session/9cfd67d3348077eadf4ec856fad7fe91/element/f.611EB16B8E3D36D28F8F7D4109D23A74.d.93DBB1C2AB450F97AFC94BB18BBE5279.e.552/click - {}
RESULT: {}
COMMAND: GET /session/9cfd67d3348077eadf4ec856fad7fe91/screenshot - {}
RESULT: {}
COMMAND: POST /session/9cfd67d3348077eadf4ec856fad7fe91/execute/async - {"script":"<script> [1562 bytes]","args":[{"selector":{"id":"application-ruinventorylist-display-component---Master--smartFilterBar-filterItemControl_BASIC-YARD-vhi"},"wdio_ui5_key":"applicationruinventorylist-display-component---Master--smartFilterBar-filterItemControl_BASIC-YARD-vhi"}]}
RESULT: {"script":"<script> [1562 bytes]","args":[{"selector":{"id":"application-ruinventorylist-display-component---Master--smartFilterBar-filterItemControl_BASIC-YARD-vhi"},"wdio_ui5_key":"applicationruinventorylist-display-component---Master--smartFilterBar-filterItemControl_BASIC-YARD-vhi"}]}
RESULT: undefined
COMMAND: POST /session/9cfd67d3348077eadf4ec856fad7fe91/element - {"using":"xpath","value":"//*[@id=\"application-ruinventorylist-display-component---Master--smartFilterBar-filterItemControl_BASIC-YARD-vhi\"]"}
RESULT: {"using":"xpath","value":"//*[@id=\"application-ruinventorylist-display-component---Master--smartFilterBar-filterItemControl_BASIC-YARD-vhi\"]"}
COMMAND: POST /session/9cfd67d3348077eadf4ec856fad7fe91/element/f.611EB16B8E3D36D28F8F7D4109D23A74.d.93DBB1C2AB450F97AFC94BB18BBE5279.e.626/click - {}
RESULT: {}
COMMAND: GET /session/9cfd67d3348077eadf4ec856fad7fe91/screenshot - {}
RESULT: {}
COMMAND: POST /session/9cfd67d3348077eadf4ec856fad7fe91/execute/async - {"script":"<script> [1562 bytes]","args":[{"selector":{"id":"application-ruinventorylist-display-component---Master--smartFilterBar-filterItemControl_BASIC-YARD-valueHelpDialog-smartFilterBar-btnBasicSearch","searchOpenDialogs":true,"interaction":{"idSuffix":"I"}},"wdio_ui5_key":"applicationruinventorylist-display-component---Master--smartFilterBar-filterItemControl_BASIC-YARD-valueHelpDialog-smartFilterBar-btnBasicSearch"}]}
RESULT: {"script":"<script> [1562 bytes]","args":[{"selector":{"id":"application-ruinventorylist-display-component---Master--smartFilterBar-filterItemControl_BASIC-YARD-valueHelpDialog-smartFilterBar-btnBasicSearch","searchOpenDialogs":true,"interaction":{"idSuffix":"I"}},"wdio_ui5_key":"applicationruinventorylist-display-component---Master--smartFilterBar-filterItemControl_BASIC-YARD-valueHelpDialog-smartFilterBar-btnBasicSearch"}]}
RESULT: undefined
COMMAND: POST /session/9cfd67d3348077eadf4ec856fad7fe91/execute/async - {"script":"<script> [776 bytes]","args":[{"enterText":"109","selector":{"id":"application-ruinventorylist-display-component---Master--smartFilterBar-filterItemControl_BASIC-YARD-valueHelpDialog-smartFilterBar-btnBasicSearch","searchOpenDialogs":true,"interaction":{"idSuffix":"I"}},"clearTextFirst":true,"interactionType":"ENTER_TEXT"}]}
RESULT: {"script":"<script> [776 bytes]","args":[{"enterText":"109","selector":{"id":"application-ruinventorylist-display-component---Master--smartFilterBar-filterItemControl_BASIC-YARD-valueHelpDialog-smartFilterBar-btnBasicSearch","searchOpenDialogs":true,"interaction":{"idSuffix":"I"}},"clearTextFirst":true,"interactionType":"ENTER_TEXT"}]}
COMMAND: POST /session/9cfd67d3348077eadf4ec856fad7fe91/actions - {"actions":[{"id":"action1","type":"key","parameters":{},"actions":[{"type":"keyDown","value":"î€‡"},{"type":"pause","duration":10},{"type":"keyUp","value":"î€‡"}]}]}
RESULT: {"actions":[{"id":"action1","type":"key","parameters":{},"actions":[{"type":"keyDown","value":"î€‡"},{"type":"pause","duration":10},{"type":"keyUp","value":"î€‡"}]}]}
COMMAND: GET /session/9cfd67d3348077eadf4ec856fad7fe91/screenshot - {}
RESULT: {}
COMMAND: POST /session/9cfd67d3348077eadf4ec856fad7fe91/elements - {"using":"xpath","value":"//table[contains(@id, \"filterItemControl_BASIC-YARD-valueHelpDialog-table-table\")]/tbody/tr"}
RESULT: {"using":"xpath","value":"//table[contains(@id, \"filterItemControl_BASIC-YARD-valueHelpDialog-table-table\")]/tbody/tr"}
COMMAND: POST /session/9cfd67d3348077eadf4ec856fad7fe91/element - {"using":"xpath","value":"//table[contains(@id, \"filterItemControl_BASIC-YARD-valueHelpDialog-table-table\")]/tbody/tr[1]/td[1]/div/span"}
RESULT: {"using":"xpath","value":"//table[contains(@id, \"filterItemControl_BASIC-YARD-valueHelpDialog-table-table\")]/tbody/tr[1]/td[1]/div/span"}
COMMAND: POST /session/9cfd67d3348077eadf4ec856fad7fe91/elements - {"using":"xpath","value":"//table[contains(@id, \"filterItemControl_BASIC-YARD-valueHelpDialog-table-table\")]/tbody/tr[1]/td[1]/div/span"}
RESULT: {"using":"xpath","value":"//table[contains(@id, \"filterItemControl_BASIC-YARD-valueHelpDialog-table-table\")]/tbody/tr[1]/td[1]/div/span"}
COMMAND: POST /session/9cfd67d3348077eadf4ec856fad7fe91/execute/sync - {"script":"<script> [56 bytes]","args":[{"element-6066-11e4-a52e-4f735466cecf":"f.611EB16B8E3D36D28F8F7D4109D23A74.d.93DBB1C2AB450F97AFC94BB18BBE5279.e.648","ELEMENT":"f.611EB16B8E3D36D28F8F7D4109D23A74.d.93DBB1C2AB450F97AFC94BB18BBE5279.e.648"}]}
RESULT: {"script":"<script> [56 bytes]","args":[{"element-6066-11e4-a52e-4f735466cecf":"f.611EB16B8E3D36D28F8F7D4109D23A74.d.93DBB1C2AB450F97AFC94BB18BBE5279.e.648","ELEMENT":"f.611EB16B8E3D36D28F8F7D4109D23A74.d.93DBB1C2AB450F97AFC94BB18BBE5279.e.648"}]}
COMMAND: POST /session/9cfd67d3348077eadf4ec856fad7fe91/element - {"using":"xpath","value":"//div[contains(@id, \"filterItemControl_BASIC-YARD-valueHelpDialog-table-rowsel0\")]"}
COMMAND: GET /session/9cfd67d3348077eadf4ec856fad7fe91/screenshot - {}
RESULT: {"using":"xpath","value":"//div[contains(@id, \"filterItemControl_BASIC-YARD-valueHelpDialog-table-rowsel0\")]"}
COMMAND: POST /session/9cfd67d3348077eadf4ec856fad7fe91/element/f.611EB16B8E3D36D28F8F7D4109D23A74.d.93DBB1C2AB450F97AFC94BB18BBE5279.e.649/click - {}
RESULT: {}
RESULT: {}
COMMAND: GET /session/9cfd67d3348077eadf4ec856fad7fe91/screenshot - {}
RESULT: {}
COMMAND: POST /session/9cfd67d3348077eadf4ec856fad7fe91/element - {"using":"xpath","value":"//div[contains(@id, \"smartFilterBar-filterItemControl_BASIC-YARD-valueHelpDialog-smartFilterBar-btnBasicSearch-reset\")]"}
RESULT: {"using":"xpath","value":"//div[contains(@id, \"smartFilterBar-filterItemControl_BASIC-YARD-valueHelpDialog-smartFilterBar-btnBasicSearch-reset\")]"}
COMMAND: POST /session/9cfd67d3348077eadf4ec856fad7fe91/element/f.611EB16B8E3D36D28F8F7D4109D23A74.d.93DBB1C2AB450F97AFC94BB18BBE5279.e.651/click - {}
RESULT: {}
RESULT: undefined
COMMAND: POST /session/9cfd67d3348077eadf4ec856fad7fe91/execute/async - {"script":"<script> [776 bytes]","args":[{"enterText":"OPA5_BST01_YARD1","selector":{"id":"application-ruinventorylist-display-component---Master--smartFilterBar-filterItemControl_BASIC-YARD-valueHelpDialog-smartFilterBar-btnBasicSearch","searchOpenDialogs":true,"interaction":{"idSuffix":"I"}},"clearTextFirst":true,"interactionType":"ENTER_TEXT"}]}
COMMAND: GET /session/9cfd67d3348077eadf4ec856fad7fe91/screenshot - {}
RESULT: {"script":"<script> [776 bytes]","args":[{"enterText":"OPA5_BST01_YARD1","selector":{"id":"application-ruinventorylist-display-component---Master--smartFilterBar-filterItemControl_BASIC-YARD-valueHelpDialog-smartFilterBar-btnBasicSearch","searchOpenDialogs":true,"interaction":{"idSuffix":"I"}},"clearTextFirst":true,"interactionType":"ENTER_TEXT"}]}
COMMAND: POST /session/9cfd67d3348077eadf4ec856fad7fe91/actions - {"actions":[{"id":"action2","type":"key","parameters":{},"actions":[{"type":"keyDown","value":"î€‡"},{"type":"pause","duration":10},{"type":"keyUp","value":"î€‡"}]}]}
RESULT: {}
RESULT: {"actions":[{"id":"action2","type":"key","parameters":{},"actions":[{"type":"keyDown","value":"î€‡"},{"type":"pause","duration":10},{"type":"keyUp","value":"î€‡"}]}]}
COMMAND: GET /session/9cfd67d3348077eadf4ec856fad7fe91/screenshot - {}
RESULT: {}
COMMAND: POST /session/9cfd67d3348077eadf4ec856fad7fe91/elements - {"using":"xpath","value":"//table[contains(@id, \"filterItemControl_BASIC-YARD-valueHelpDialog-table-table\")]/tbody/tr"}
RESULT: {"using":"xpath","value":"//table[contains(@id, \"filterItemControl_BASIC-YARD-valueHelpDialog-table-table\")]/tbody/tr"}
COMMAND: POST /session/9cfd67d3348077eadf4ec856fad7fe91/element - {"using":"xpath","value":"//table[contains(@id, \"filterItemControl_BASIC-YARD-valueHelpDialog-table-table\")]/tbody/tr[1]/td[1]/div/span"}
RESULT: {"using":"xpath","value":"//table[contains(@id, \"filterItemControl_BASIC-YARD-valueHelpDialog-table-table\")]/tbody/tr[1]/td[1]/div/span"}
COMMAND: POST /session/9cfd67d3348077eadf4ec856fad7fe91/elements - {"using":"xpath","value":"//table[contains(@id, \"filterItemControl_BASIC-YARD-valueHelpDialog-table-table\")]/tbody/tr[1]/td[1]/div/span"}
RESULT: {"using":"xpath","value":"//table[contains(@id, \"filterItemControl_BASIC-YARD-valueHelpDialog-table-table\")]/tbody/tr[1]/td[1]/div/span"}
COMMAND: POST /session/9cfd67d3348077eadf4ec856fad7fe91/execute/sync - {"script":"<script> [56 bytes]","args":[{"element-6066-11e4-a52e-4f735466cecf":"f.611EB16B8E3D36D28F8F7D4109D23A74.d.93DBB1C2AB450F97AFC94BB18BBE5279.e.648","ELEMENT":"f.611EB16B8E3D36D28F8F7D4109D23A74.d.93DBB1C2AB450F97AFC94BB18BBE5279.e.648"}]}
RESULT: {"script":"<script> [56 bytes]","args":[{"element-6066-11e4-a52e-4f735466cecf":"f.611EB16B8E3D36D28F8F7D4109D23A74.d.93DBB1C2AB450F97AFC94BB18BBE5279.e.648","ELEMENT":"f.611EB16B8E3D36D28F8F7D4109D23A74.d.93DBB1C2AB450F97AFC94BB18BBE5279.e.648"}]}
COMMAND: POST /session/9cfd67d3348077eadf4ec856fad7fe91/element - {"using":"xpath","value":"//div[contains(@id, \"filterItemControl_BASIC-YARD-valueHelpDialog-table-rowsel0\")]"}
COMMAND: GET /session/9cfd67d3348077eadf4ec856fad7fe91/screenshot - {}
RESULT: {"using":"xpath","value":"//div[contains(@id, \"filterItemControl_BASIC-YARD-valueHelpDialog-table-rowsel0\")]"}
COMMAND: POST /session/9cfd67d3348077eadf4ec856fad7fe91/element/f.611EB16B8E3D36D28F8F7D4109D23A74.d.93DBB1C2AB450F97AFC94BB18BBE5279.e.649/click - {}
RESULT: {}
RESULT: {}
COMMAND: GET /session/9cfd67d3348077eadf4ec856fad7fe91/screenshot - {}
RESULT: {}
COMMAND: POST /session/9cfd67d3348077eadf4ec856fad7fe91/element - {"using":"xpath","value":"(//bdi[contains(text(), \"OK\")])[1]"}
RESULT: {"using":"xpath","value":"(//bdi[contains(text(), \"OK\")])[1]"}
COMMAND: POST /session/9cfd67d3348077eadf4ec856fad7fe91/element/f.611EB16B8E3D36D28F8F7D4109D23A74.d.93DBB1C2AB450F97AFC94BB18BBE5279.e.652/click - {}
RESULT: {}
COMMAND: GET /session/9cfd67d3348077eadf4ec856fad7fe91/screenshot - {}
RESULT: {}
COMMAND: POST /session/9cfd67d3348077eadf4ec856fad7fe91/element - {"using":"xpath","value":"//span[@id=\"application-ruinventorylist-display-component---Master--smartTableRuInventoryList-header-inner\"]"}
RESULT: {"using":"xpath","value":"//span[@id=\"application-ruinventorylist-display-component---Master--smartTableRuInventoryList-header-inner\"]"}
COMMAND: POST /session/9cfd67d3348077eadf4ec856fad7fe91/elements - {"using":"xpath","value":"//span[@id=\"application-ruinventorylist-display-component---Master--smartTableRuInventoryList-header-inner\"]"}
RESULT: {"using":"xpath","value":"//span[@id=\"application-ruinventorylist-display-component---Master--smartTableRuInventoryList-header-inner\"]"}
COMMAND: POST /session/9cfd67d3348077eadf4ec856fad7fe91/execute/sync - {"script":"<script> [56 bytes]","args":[{"element-6066-11e4-a52e-4f735466cecf":"f.611EB16B8E3D36D28F8F7D4109D23A74.d.93DBB1C2AB450F97AFC94BB18BBE5279.e.795","ELEMENT":"f.611EB16B8E3D36D28F8F7D4109D23A74.d.93DBB1C2AB450F97AFC94BB18BBE5279.e.795"}]}
RESULT: {"script":"<script> [56 bytes]","args":[{"element-6066-11e4-a52e-4f735466cecf":"f.611EB16B8E3D36D28F8F7D4109D23A74.d.93DBB1C2AB450F97AFC94BB18BBE5279.e.795","ELEMENT":"f.611EB16B8E3D36D28F8F7D4109D23A74.d.93DBB1C2AB450F97AFC94BB18BBE5279.e.795"}]}
COMMAND: POST /session/9cfd67d3348077eadf4ec856fad7fe91/execute/async - {"script":"<script> [1562 bytes]","args":[{"selector":{"id":"application-ruinventorylist-display-component---Master--smartFilterBar-btnBasicSearch","interaction":{"idSuffix":"I"}},"wdio_ui5_key":"applicationruinventorylist-display-component---Master--smartFilterBar-btnBasicSearch"}]}
COMMAND: GET /session/9cfd67d3348077eadf4ec856fad7fe91/screenshot - {}
RESULT: {"script":"<script> [1562 bytes]","args":[{"selector":{"id":"application-ruinventorylist-display-component---Master--smartFilterBar-btnBasicSearch","interaction":{"idSuffix":"I"}},"wdio_ui5_key":"applicationruinventorylist-display-component---Master--smartFilterBar-btnBasicSearch"}]}
RESULT: undefined
COMMAND: POST /session/9cfd67d3348077eadf4ec856fad7fe91/execute/async - {"script":"<script> [776 bytes]","args":[{"enterText":"600002","selector":{"id":"application-ruinventorylist-display-component---Master--smartFilterBar-btnBasicSearch","interaction":{"idSuffix":"I"}},"clearTextFirst":true,"interactionType":"ENTER_TEXT"}]}
RESULT: {}
RESULT: {"script":"<script> [776 bytes]","args":[{"enterText":"600002","selector":{"id":"application-ruinventorylist-display-component---Master--smartFilterBar-btnBasicSearch","interaction":{"idSuffix":"I"}},"clearTextFirst":true,"interactionType":"ENTER_TEXT"}]}
COMMAND: POST /session/9cfd67d3348077eadf4ec856fad7fe91/actions - {"actions":[{"id":"action3","type":"key","parameters":{},"actions":[{"type":"keyDown","value":"î€‡"},{"type":"pause","duration":10},{"type":"keyUp","value":"î€‡"}]}]}
RESULT: {"actions":[{"id":"action3","type":"key","parameters":{},"actions":[{"type":"keyDown","value":"î€‡"},{"type":"pause","duration":10},{"type":"keyUp","value":"î€‡"}]}]}
COMMAND: GET /session/9cfd67d3348077eadf4ec856fad7fe91/screenshot - {}
RESULT: {}
COMMAND: POST /session/9cfd67d3348077eadf4ec856fad7fe91/element - {"using":"xpath","value":"//span[@id=\"application-ruinventorylist-display-component---Master--smartTableRuInventoryList-header-inner\"]"}
RESULT: {"using":"xpath","value":"//span[@id=\"application-ruinventorylist-display-component---Master--smartTableRuInventoryList-header-inner\"]"}
COMMAND: POST /session/9cfd67d3348077eadf4ec856fad7fe91/elements - {"using":"xpath","value":"//span[@id=\"application-ruinventorylist-display-component---Master--smartTableRuInventoryList-header-inner\"]"}
RESULT: {"using":"xpath","value":"//span[@id=\"application-ruinventorylist-display-component---Master--smartTableRuInventoryList-header-inner\"]"}
COMMAND: POST /session/9cfd67d3348077eadf4ec856fad7fe91/execute/sync - {"script":"<script> [56 bytes]","args":[{"element-6066-11e4-a52e-4f735466cecf":"f.611EB16B8E3D36D28F8F7D4109D23A74.d.93DBB1C2AB450F97AFC94BB18BBE5279.e.795","ELEMENT":"f.611EB16B8E3D36D28F8F7D4109D23A74.d.93DBB1C2AB450F97AFC94BB18BBE5279.e.795"}]}
RESULT: {"script":"<script> [56 bytes]","args":[{"element-6066-11e4-a52e-4f735466cecf":"f.611EB16B8E3D36D28F8F7D4109D23A74.d.93DBB1C2AB450F97AFC94BB18BBE5279.e.795","ELEMENT":"f.611EB16B8E3D36D28F8F7D4109D23A74.d.93DBB1C2AB450F97AFC94BB18BBE5279.e.795"}]}
COMMAND: POST /session/9cfd67d3348077eadf4ec856fad7fe91/element - {"using":"xpath","value":"//table[contains(@id, \"application-ruinventorylist-display-component---Master--tableRuInventoryList-listUl\")]/tbody/tr[1]/td[2]/div/div"}
COMMAND: GET /session/9cfd67d3348077eadf4ec856fad7fe91/screenshot - {}
RESULT: {"using":"xpath","value":"//table[contains(@id, \"application-ruinventorylist-display-component---Master--tableRuInventoryList-listUl\")]/tbody/tr[1]/td[2]/div/div"}
COMMAND: POST /session/9cfd67d3348077eadf4ec856fad7fe91/element/f.611EB16B8E3D36D28F8F7D4109D23A74.d.93DBB1C2AB450F97AFC94BB18BBE5279.e.801/click - {}
RESULT: {}
RESULT: {}
COMMAND: GET /session/9cfd67d3348077eadf4ec856fad7fe91/screenshot - {}
RESULT: {}
COMMAND: POST /session/9cfd67d3348077eadf4ec856fad7fe91/element - {"using":"xpath","value":"//div[contains(@id, \"smartFilterBar-btnBasicSearch-reset\")]"}
RESULT: {"using":"xpath","value":"//div[contains(@id, \"smartFilterBar-btnBasicSearch-reset\")]"}
COMMAND: POST /session/9cfd67d3348077eadf4ec856fad7fe91/element/f.611EB16B8E3D36D28F8F7D4109D23A74.d.93DBB1C2AB450F97AFC94BB18BBE5279.e.811/click - {}
RESULT: {}
COMMAND: GET /session/9cfd67d3348077eadf4ec856fad7fe91/screenshot - {}
RESULT: {}
RESULT: undefined
COMMAND: POST /session/9cfd67d3348077eadf4ec856fad7fe91/execute/async - {"script":"<script> [776 bytes]","args":[{"enterText":"401002","selector":{"id":"application-ruinventorylist-display-component---Master--smartFilterBar-btnBasicSearch","interaction":{"idSuffix":"I"}},"clearTextFirst":true,"interactionType":"ENTER_TEXT"}]}
RESULT: {"script":"<script> [776 bytes]","args":[{"enterText":"401002","selector":{"id":"application-ruinventorylist-display-component---Master--smartFilterBar-btnBasicSearch","interaction":{"idSuffix":"I"}},"clearTextFirst":true,"interactionType":"ENTER_TEXT"}]}
COMMAND: POST /session/9cfd67d3348077eadf4ec856fad7fe91/actions - {"actions":[{"id":"action4","type":"key","parameters":{},"actions":[{"type":"keyDown","value":"î€‡"},{"type":"pause","duration":10},{"type":"keyUp","value":"î€‡"}]}]}
RESULT: {"actions":[{"id":"action4","type":"key","parameters":{},"actions":[{"type":"keyDown","value":"î€‡"},{"type":"pause","duration":10},{"type":"keyUp","value":"î€‡"}]}]}
COMMAND: GET /session/9cfd67d3348077eadf4ec856fad7fe91/screenshot - {}
RESULT: {}
COMMAND: POST /session/9cfd67d3348077eadf4ec856fad7fe91/element - {"using":"xpath","value":"//span[@id=\"application-ruinventorylist-display-component---Master--smartTableRuInventoryList-header-inner\"]"}
RESULT: {"using":"xpath","value":"//span[@id=\"application-ruinventorylist-display-component---Master--smartTableRuInventoryList-header-inner\"]"}
COMMAND: POST /session/9cfd67d3348077eadf4ec856fad7fe91/elements - {"using":"xpath","value":"//span[@id=\"application-ruinventorylist-display-component---Master--smartTableRuInventoryList-header-inner\"]"}
RESULT: {"using":"xpath","value":"//span[@id=\"application-ruinventorylist-display-component---Master--smartTableRuInventoryList-header-inner\"]"}
COMMAND: POST /session/9cfd67d3348077eadf4ec856fad7fe91/execute/sync - {"script":"<script> [56 bytes]","args":[{"element-6066-11e4-a52e-4f735466cecf":"f.611EB16B8E3D36D28F8F7D4109D23A74.d.93DBB1C2AB450F97AFC94BB18BBE5279.e.795","ELEMENT":"f.611EB16B8E3D36D28F8F7D4109D23A74.d.93DBB1C2AB450F97AFC94BB18BBE5279.e.795"}]}
RESULT: {"script":"<script> [56 bytes]","args":[{"element-6066-11e4-a52e-4f735466cecf":"f.611EB16B8E3D36D28F8F7D4109D23A74.d.93DBB1C2AB450F97AFC94BB18BBE5279.e.795","ELEMENT":"f.611EB16B8E3D36D28F8F7D4109D23A74.d.93DBB1C2AB450F97AFC94BB18BBE5279.e.795"}]}
COMMAND: POST /session/9cfd67d3348077eadf4ec856fad7fe91/element - {"using":"xpath","value":"//table[contains(@id, \"application-ruinventorylist-display-component---Master--tableRuInventoryList-listUl\")]/tbody/tr[1]/td[2]/div/div"}
COMMAND: GET /session/9cfd67d3348077eadf4ec856fad7fe91/screenshot - {}
RESULT: {"using":"xpath","value":"//table[contains(@id, \"application-ruinventorylist-display-component---Master--tableRuInventoryList-listUl\")]/tbody/tr[1]/td[2]/div/div"}
COMMAND: POST /session/9cfd67d3348077eadf4ec856fad7fe91/element/f.611EB16B8E3D36D28F8F7D4109D23A74.d.93DBB1C2AB450F97AFC94BB18BBE5279.e.969/click - {}
RESULT: {}
RESULT: {}
COMMAND: GET /session/9cfd67d3348077eadf4ec856fad7fe91/screenshot - {}
RESULT: {}
COMMAND: POST /session/9cfd67d3348077eadf4ec856fad7fe91/element - {"using":"xpath","value":"//div[contains(@id, \"smartFilterBar-btnBasicSearch-reset\")]"}
RESULT: {"using":"xpath","value":"//div[contains(@id, \"smartFilterBar-btnBasicSearch-reset\")]"}
COMMAND: POST /session/9cfd67d3348077eadf4ec856fad7fe91/element/f.611EB16B8E3D36D28F8F7D4109D23A74.d.93DBB1C2AB450F97AFC94BB18BBE5279.e.811/click - {}
RESULT: {}
COMMAND: GET /session/9cfd67d3348077eadf4ec856fad7fe91/screenshot - {}
RESULT: {}
COMMAND: POST /session/9cfd67d3348077eadf4ec856fad7fe91/element/f.611EB16B8E3D36D28F8F7D4109D23A74.d.93DBB1C2AB450F97AFC94BB18BBE5279.e.312/click - {}
RESULT: {}
COMMAND: GET /session/9cfd67d3348077eadf4ec856fad7fe91/screenshot - {}
RESULT: {}
COMMAND: POST /session/9cfd67d3348077eadf4ec856fad7fe91/execute/async - {"script":"<script> [1562 bytes]","args":[{"selector":{"controlType":"sap.m.Title","viewName":"etm.portal.ui.ruinventorylist.view.Master","viewId":"application-ruinventorylist-display-component---Master","properties":{"text":"Mass State Change"},"searchOpenDialogs":true},"wdio_ui5_key":"etmportal.ui.ruinventorylist.view.Mastersap.m.Title{\"text\":\"Mass State Change\"}"}]}
RESULT: {"script":"<script> [1562 bytes]","args":[{"selector":{"controlType":"sap.m.Title","viewName":"etm.portal.ui.ruinventorylist.view.Master","viewId":"application-ruinventorylist-display-component---Master","properties":{"text":"Mass State Change"},"searchOpenDialogs":true},"wdio_ui5_key":"etmportal.ui.ruinventorylist.view.Mastersap.m.Title{\"text\":\"Mass State Change\"}"}]}
RESULT: undefined
COMMAND: POST /session/9cfd67d3348077eadf4ec856fad7fe91/execute/async - {"script":"<script> [6424 bytes]","args":[{"element-6066-11e4-a52e-4f735466cecf":"f.611EB16B8E3D36D28F8F7D4109D23A74.d.93DBB1C2AB450F97AFC94BB18BBE5279.e.1150"},"getText",[]]}
RESULT: {"script":"<script> [6424 bytes]","args":[{"element-6066-11e4-a52e-4f735466cecf":"f.611EB16B8E3D36D28F8F7D4109D23A74.d.93DBB1C2AB450F97AFC94BB18BBE5279.e.1150"},"getText",[]]}
COMMAND: POST /session/9cfd67d3348077eadf4ec856fad7fe91/element - {"using":"xpath","value":"(//bdi[contains(text(), \"OK\")])[1]"}
RESULT: {"using":"xpath","value":"(//bdi[contains(text(), \"OK\")])[1]"}
COMMAND: POST /session/9cfd67d3348077eadf4ec856fad7fe91/element/f.611EB16B8E3D36D28F8F7D4109D23A74.d.93DBB1C2AB450F97AFC94BB18BBE5279.e.1151/click - {}
RESULT: {}
COMMAND: GET /session/9cfd67d3348077eadf4ec856fad7fe91/screenshot - {}
RESULT: {}
COMMAND: POST /session/9cfd67d3348077eadf4ec856fad7fe91/element - {"using":"css selector","value":"div.sapMMessageBoxError"}
RESULT: {"using":"css selector","value":"div.sapMMessageBoxError"}
COMMAND: POST /session/9cfd67d3348077eadf4ec856fad7fe91/elements - {"using":"css selector","value":"div.sapMMessageBoxError"}
RESULT: {"using":"css selector","value":"div.sapMMessageBoxError"}
COMMAND: POST /session/9cfd67d3348077eadf4ec856fad7fe91/element - {"using":"xpath","value":"(//bdi[contains(text(), \"Close\")])[1]"}
RESULT: {"using":"xpath","value":"(//bdi[contains(text(), \"Close\")])[1]"}
COMMAND: POST /session/9cfd67d3348077eadf4ec856fad7fe91/element/f.611EB16B8E3D36D28F8F7D4109D23A74.d.93DBB1C2AB450F97AFC94BB18BBE5279.e.1155/click - {}
RESULT: {}
COMMAND: GET /session/9cfd67d3348077eadf4ec856fad7fe91/screenshot - {}
RESULT: {}
COMMAND: POST /session/9cfd67d3348077eadf4ec856fad7fe91/execute/async - {"script":"<script> [1562 bytes]","args":[{"selector":{"id":"application-ruinventorylist-display-component---Master--ruStateTypes-arrow","searchOpenDialogs":true},"wdio_ui5_key":"applicationruinventorylist-display-component---Master--ruStateTypes-arrow"}]}
RESULT: {"script":"<script> [1562 bytes]","args":[{"selector":{"id":"application-ruinventorylist-display-component---Master--ruStateTypes-arrow","searchOpenDialogs":true},"wdio_ui5_key":"applicationruinventorylist-display-component---Master--ruStateTypes-arrow"}]}
RESULT: undefined
COMMAND: POST /session/9cfd67d3348077eadf4ec856fad7fe91/element - {"using":"xpath","value":"//*[@id=\"application-ruinventorylist-display-component---Master--ruStateTypes-arrow\"]"}
RESULT: {"using":"xpath","value":"//*[@id=\"application-ruinventorylist-display-component---Master--ruStateTypes-arrow\"]"}
COMMAND: POST /session/9cfd67d3348077eadf4ec856fad7fe91/element/f.611EB16B8E3D36D28F8F7D4109D23A74.d.93DBB1C2AB450F97AFC94BB18BBE5279.e.1157/click - {}
RESULT: {}
COMMAND: GET /session/9cfd67d3348077eadf4ec856fad7fe91/screenshot - {}
RESULT: {}
COMMAND: POST /session/9cfd67d3348077eadf4ec856fad7fe91/element - {"using":"xpath","value":"//li[.//span[text()=\"defect\"]]"}
RESULT: {"using":"xpath","value":"//li[.//span[text()=\"defect\"]]"}
COMMAND: POST /session/9cfd67d3348077eadf4ec856fad7fe91/element/f.611EB16B8E3D36D28F8F7D4109D23A74.d.93DBB1C2AB450F97AFC94BB18BBE5279.e.1158/click - {}
RESULT: {}
COMMAND: GET /session/9cfd67d3348077eadf4ec856fad7fe91/screenshot - {}
RESULT: {}
COMMAND: POST /session/9cfd67d3348077eadf4ec856fad7fe91/element - {"using":"xpath","value":"(//span[@data-kt=\"trashMassStateChangeIcon\"])[1]"}
RESULT: {"using":"xpath","value":"(//span[@data-kt=\"trashMassStateChangeIcon\"])[1]"}
COMMAND: POST /session/9cfd67d3348077eadf4ec856fad7fe91/element/f.611EB16B8E3D36D28F8F7D4109D23A74.d.93DBB1C2AB450F97AFC94BB18BBE5279.e.1159/click - {}
RESULT: {}
COMMAND: GET /session/9cfd67d3348077eadf4ec856fad7fe91/screenshot - {}
RESULT: {}
COMMAND: POST /session/9cfd67d3348077eadf4ec856fad7fe91/element - {"using":"xpath","value":"//table[contains(@id, \"massStateChangeTable-listUl\")]/tbody/tr[1]/td[11]/div/div/div/input"}
RESULT: {"using":"xpath","value":"//table[contains(@id, \"massStateChangeTable-listUl\")]/tbody/tr[1]/td[11]/div/div/div/input"}
COMMAND: GET /session/9cfd67d3348077eadf4ec856fad7fe91/element/f.611EB16B8E3D36D28F8F7D4109D23A74.d.93DBB1C2AB450F97AFC94BB18BBE5279.e.1144/property/value - {}
RESULT: {}
COMMAND: POST /session/9cfd67d3348077eadf4ec856fad7fe91/element - {"using":"xpath","value":"(//span[@data-kt=\"trashMassStateChangeIcon\"])[2]"}
COMMAND: GET /session/9cfd67d3348077eadf4ec856fad7fe91/screenshot - {}
RESULT: {"using":"xpath","value":"(//span[@data-kt=\"trashMassStateChangeIcon\"])[2]"}
COMMAND: POST /session/9cfd67d3348077eadf4ec856fad7fe91/element/f.611EB16B8E3D36D28F8F7D4109D23A74.d.93DBB1C2AB450F97AFC94BB18BBE5279.e.1161/click - {}
RESULT: {}
RESULT: {}
COMMAND: GET /session/9cfd67d3348077eadf4ec856fad7fe91/screenshot - {}
RESULT: {}
COMMAND: POST /session/9cfd67d3348077eadf4ec856fad7fe91/element - {"using":"xpath","value":"//table[contains(@id, \"massStateChangeTable-listUl\")]/tbody/tr[2]/td[11]/div/div/div/input"}
RESULT: {"using":"xpath","value":"//table[contains(@id, \"massStateChangeTable-listUl\")]/tbody/tr[2]/td[11]/div/div/div/input"}
COMMAND: GET /session/9cfd67d3348077eadf4ec856fad7fe91/element/f.611EB16B8E3D36D28F8F7D4109D23A74.d.93DBB1C2AB450F97AFC94BB18BBE5279.e.1148/property/value - {}
RESULT: {}
COMMAND: POST /session/9cfd67d3348077eadf4ec856fad7fe91/element - {"using":"xpath","value":"//table[contains(@id, \"massStateChangeTable-listUl\")]/tbody/tr[1]/td[10]/div/span/span[1]"}
COMMAND: GET /session/9cfd67d3348077eadf4ec856fad7fe91/screenshot - {}
RESULT: {"using":"xpath","value":"//table[contains(@id, \"massStateChangeTable-listUl\")]/tbody/tr[1]/td[10]/div/span/span[1]"}
COMMAND: POST /session/9cfd67d3348077eadf4ec856fad7fe91/execute/sync - {"script":"<script> [56 bytes]","args":[{"element-6066-11e4-a52e-4f735466cecf":"f.611EB16B8E3D36D28F8F7D4109D23A74.d.93DBB1C2AB450F97AFC94BB18BBE5279.e.1163","ELEMENT":"f.611EB16B8E3D36D28F8F7D4109D23A74.d.93DBB1C2AB450F97AFC94BB18BBE5279.e.1163"}]}
RESULT: {}
RESULT: {"script":"<script> [56 bytes]","args":[{"element-6066-11e4-a52e-4f735466cecf":"f.611EB16B8E3D36D28F8F7D4109D23A74.d.93DBB1C2AB450F97AFC94BB18BBE5279.e.1163","ELEMENT":"f.611EB16B8E3D36D28F8F7D4109D23A74.d.93DBB1C2AB450F97AFC94BB18BBE5279.e.1163"}]}
COMMAND: POST /session/9cfd67d3348077eadf4ec856fad7fe91/element - {"using":"xpath","value":"//table[contains(@id, \"massStateChangeTable-listUl\")]/tbody/tr[1]/td[11]/div/div/div/div[2]/span"}
COMMAND: GET /session/9cfd67d3348077eadf4ec856fad7fe91/screenshot - {}
RESULT: {"using":"xpath","value":"//table[contains(@id, \"massStateChangeTable-listUl\")]/tbody/tr[1]/td[11]/div/div/div/div[2]/span"}
COMMAND: POST /session/9cfd67d3348077eadf4ec856fad7fe91/element/f.611EB16B8E3D36D28F8F7D4109D23A74.d.93DBB1C2AB450F97AFC94BB18BBE5279.e.1164/click - {}
RESULT: {}
RESULT: {}
COMMAND: GET /session/9cfd67d3348077eadf4ec856fad7fe91/screenshot - {}
RESULT: {}
COMMAND: POST /session/9cfd67d3348077eadf4ec856fad7fe91/element - {"using":"xpath","value":"//table[contains(@id, \"massStateChangeTable-listUl\")]/tbody/tr[1]/td[11]/div/div/div/div[2]/span"}
RESULT: {"using":"xpath","value":"//table[contains(@id, \"massStateChangeTable-listUl\")]/tbody/tr[1]/td[11]/div/div/div/div[2]/span"}
COMMAND: POST /session/9cfd67d3348077eadf4ec856fad7fe91/element/f.611EB16B8E3D36D28F8F7D4109D23A74.d.93DBB1C2AB450F97AFC94BB18BBE5279.e.1164/click - {}
RESULT: {}
COMMAND: GET /session/9cfd67d3348077eadf4ec856fad7fe91/screenshot - {}
RESULT: {}
COMMAND: POST /session/9cfd67d3348077eadf4ec856fad7fe91/element - {"using":"xpath","value":"//table[contains(@id, \"massStateChangeTable-listUl\")]/tbody/tr[1]/td[11]/div/div/div/div[2]/span"}
RESULT: {"using":"xpath","value":"//table[contains(@id, \"massStateChangeTable-listUl\")]/tbody/tr[1]/td[11]/div/div/div/div[2]/span"}
COMMAND: POST /session/9cfd67d3348077eadf4ec856fad7fe91/element/f.611EB16B8E3D36D28F8F7D4109D23A74.d.93DBB1C2AB450F97AFC94BB18BBE5279.e.1164/click - {}
RESULT: {}
COMMAND: GET /session/9cfd67d3348077eadf4ec856fad7fe91/screenshot - {}
RESULT: {}
COMMAND: POST /session/9cfd67d3348077eadf4ec856fad7fe91/element - {"using":"xpath","value":"//table[contains(@id, \"massStateChangeTable-listUl\")]/tbody/tr[1]/td[11]/div/div/div/div[2]/span"}
RESULT: {"using":"xpath","value":"//table[contains(@id, \"massStateChangeTable-listUl\")]/tbody/tr[1]/td[11]/div/div/div/div[2]/span"}
COMMAND: POST /session/9cfd67d3348077eadf4ec856fad7fe91/element/f.611EB16B8E3D36D28F8F7D4109D23A74.d.93DBB1C2AB450F97AFC94BB18BBE5279.e.1164/click - {}
RESULT: {}
COMMAND: GET /session/9cfd67d3348077eadf4ec856fad7fe91/screenshot - {}
RESULT: {}
COMMAND: POST /session/9cfd67d3348077eadf4ec856fad7fe91/element - {"using":"xpath","value":"//table[contains(@id, \"massStateChangeTable-listUl\")]/tbody/tr[1]/td[11]/div/div/div/div[2]/span"}
RESULT: {"using":"xpath","value":"//table[contains(@id, \"massStateChangeTable-listUl\")]/tbody/tr[1]/td[11]/div/div/div/div[2]/span"}
COMMAND: POST /session/9cfd67d3348077eadf4ec856fad7fe91/element/f.611EB16B8E3D36D28F8F7D4109D23A74.d.93DBB1C2AB450F97AFC94BB18BBE5279.e.1164/click - {}
RESULT: {}
COMMAND: GET /session/9cfd67d3348077eadf4ec856fad7fe91/screenshot - {}
RESULT: {}
COMMAND: POST /session/9cfd67d3348077eadf4ec856fad7fe91/element - {"using":"xpath","value":"//table[contains(@id, \"massStateChangeTable-listUl\")]/tbody/tr[1]/td[11]/div/div/div/div[2]/span"}
RESULT: {"using":"xpath","value":"//table[contains(@id, \"massStateChangeTable-listUl\")]/tbody/tr[1]/td[11]/div/div/div/div[2]/span"}
COMMAND: POST /session/9cfd67d3348077eadf4ec856fad7fe91/element/f.611EB16B8E3D36D28F8F7D4109D23A74.d.93DBB1C2AB450F97AFC94BB18BBE5279.e.1164/click - {}
RESULT: {}
COMMAND: GET /session/9cfd67d3348077eadf4ec856fad7fe91/screenshot - {}
RESULT: {}
COMMAND: POST /session/9cfd67d3348077eadf4ec856fad7fe91/element - {"using":"xpath","value":"//table[contains(@id, \"massStateChangeTable-listUl\")]/tbody/tr[1]/td[11]/div/div/div/div[2]/span"}
RESULT: {"using":"xpath","value":"//table[contains(@id, \"massStateChangeTable-listUl\")]/tbody/tr[1]/td[11]/div/div/div/div[2]/span"}
COMMAND: POST /session/9cfd67d3348077eadf4ec856fad7fe91/element/f.611EB16B8E3D36D28F8F7D4109D23A74.d.93DBB1C2AB450F97AFC94BB18BBE5279.e.1164/click - {}
RESULT: {}
COMMAND: GET /session/9cfd67d3348077eadf4ec856fad7fe91/screenshot - {}
RESULT: {}
COMMAND: POST /session/9cfd67d3348077eadf4ec856fad7fe91/element - {"using":"xpath","value":"//table[contains(@id, \"massStateChangeTable-listUl\")]/tbody/tr[1]/td[11]/div/div/div/div[2]/span"}
RESULT: {"using":"xpath","value":"//table[contains(@id, \"massStateChangeTable-listUl\")]/tbody/tr[1]/td[11]/div/div/div/div[2]/span"}
COMMAND: POST /session/9cfd67d3348077eadf4ec856fad7fe91/element/f.611EB16B8E3D36D28F8F7D4109D23A74.d.93DBB1C2AB450F97AFC94BB18BBE5279.e.1164/click - {}
RESULT: {}
COMMAND: GET /session/9cfd67d3348077eadf4ec856fad7fe91/screenshot - {}
RESULT: {}
COMMAND: POST /session/9cfd67d3348077eadf4ec856fad7fe91/element - {"using":"xpath","value":"//table[contains(@id, \"massStateChangeTable-listUl\")]/tbody/tr[1]/td[11]/div/div/div/div[2]/span"}
RESULT: {"using":"xpath","value":"//table[contains(@id, \"massStateChangeTable-listUl\")]/tbody/tr[1]/td[11]/div/div/div/div[2]/span"}
COMMAND: POST /session/9cfd67d3348077eadf4ec856fad7fe91/element/f.611EB16B8E3D36D28F8F7D4109D23A74.d.93DBB1C2AB450F97AFC94BB18BBE5279.e.1164/click - {}
RESULT: {}
COMMAND: GET /session/9cfd67d3348077eadf4ec856fad7fe91/screenshot - {}
RESULT: {}
COMMAND: POST /session/9cfd67d3348077eadf4ec856fad7fe91/element - {"using":"xpath","value":"//table[contains(@id, \"massStateChangeTable-listUl\")]/tbody/tr[1]/td[11]/div/div/div/div[2]/span"}
RESULT: {"using":"xpath","value":"//table[contains(@id, \"massStateChangeTable-listUl\")]/tbody/tr[1]/td[11]/div/div/div/div[2]/span"}
COMMAND: POST /session/9cfd67d3348077eadf4ec856fad7fe91/element/f.611EB16B8E3D36D28F8F7D4109D23A74.d.93DBB1C2AB450F97AFC94BB18BBE5279.e.1164/click - {}
RESULT: {}
COMMAND: GET /session/9cfd67d3348077eadf4ec856fad7fe91/screenshot - {}
RESULT: {}
COMMAND: POST /session/9cfd67d3348077eadf4ec856fad7fe91/element - {"using":"xpath","value":"//table[contains(@id, \"massStateChangeTable-listUl\")]/tbody/tr[1]/td[11]/div/div/div/div[2]/span"}
RESULT: {"using":"xpath","value":"//table[contains(@id, \"massStateChangeTable-listUl\")]/tbody/tr[1]/td[11]/div/div/div/div[2]/span"}
COMMAND: POST /session/9cfd67d3348077eadf4ec856fad7fe91/element/f.611EB16B8E3D36D28F8F7D4109D23A74.d.93DBB1C2AB450F97AFC94BB18BBE5279.e.1164/click - {}
RESULT: {}
COMMAND: GET /session/9cfd67d3348077eadf4ec856fad7fe91/screenshot - {}
RESULT: {}
COMMAND: POST /session/9cfd67d3348077eadf4ec856fad7fe91/element - {"using":"xpath","value":"//table[contains(@id, \"massStateChangeTable-listUl\")]/tbody/tr[1]/td[11]/div/div/div/div[2]/span"}
RESULT: {"using":"xpath","value":"//table[contains(@id, \"massStateChangeTable-listUl\")]/tbody/tr[1]/td[11]/div/div/div/div[2]/span"}
COMMAND: POST /session/9cfd67d3348077eadf4ec856fad7fe91/element/f.611EB16B8E3D36D28F8F7D4109D23A74.d.93DBB1C2AB450F97AFC94BB18BBE5279.e.1164/click - {}
RESULT: {}
COMMAND: GET /session/9cfd67d3348077eadf4ec856fad7fe91/screenshot - {}
RESULT: {}
COMMAND: POST /session/9cfd67d3348077eadf4ec856fad7fe91/element - {"using":"xpath","value":"//table[contains(@id, \"massStateChangeTable-listUl\")]/tbody/tr[1]/td[11]/div/div/div/div[2]/span"}
RESULT: {"using":"xpath","value":"//table[contains(@id, \"massStateChangeTable-listUl\")]/tbody/tr[1]/td[11]/div/div/div/div[2]/span"}
COMMAND: POST /session/9cfd67d3348077eadf4ec856fad7fe91/element/f.611EB16B8E3D36D28F8F7D4109D23A74.d.93DBB1C2AB450F97AFC94BB18BBE5279.e.1164/click - {}
RESULT: {}
COMMAND: GET /session/9cfd67d3348077eadf4ec856fad7fe91/screenshot - {}
RESULT: {}
COMMAND: POST /session/9cfd67d3348077eadf4ec856fad7fe91/element - {"using":"xpath","value":"//table[contains(@id, \"massStateChangeTable-listUl\")]/tbody/tr[1]/td[11]/div/div/div/div[2]/span"}
RESULT: {"using":"xpath","value":"//table[contains(@id, \"massStateChangeTable-listUl\")]/tbody/tr[1]/td[11]/div/div/div/div[2]/span"}
COMMAND: POST /session/9cfd67d3348077eadf4ec856fad7fe91/element/f.611EB16B8E3D36D28F8F7D4109D23A74.d.93DBB1C2AB450F97AFC94BB18BBE5279.e.1164/click - {}
RESULT: {}
COMMAND: GET /session/9cfd67d3348077eadf4ec856fad7fe91/screenshot - {}
RESULT: {}
COMMAND: POST /session/9cfd67d3348077eadf4ec856fad7fe91/element - {"using":"xpath","value":"//table[contains(@id, \"massStateChangeTable-listUl\")]/tbody/tr[1]/td[11]/div/div/div/div[2]/span"}
RESULT: {"using":"xpath","value":"//table[contains(@id, \"massStateChangeTable-listUl\")]/tbody/tr[1]/td[11]/div/div/div/div[2]/span"}
COMMAND: POST /session/9cfd67d3348077eadf4ec856fad7fe91/element/f.611EB16B8E3D36D28F8F7D4109D23A74.d.93DBB1C2AB450F97AFC94BB18BBE5279.e.1164/click - {}
RESULT: {}
COMMAND: GET /session/9cfd67d3348077eadf4ec856fad7fe91/screenshot - {}
RESULT: {}
COMMAND: POST /session/9cfd67d3348077eadf4ec856fad7fe91/element - {"using":"xpath","value":"//table[contains(@id, \"massStateChangeTable-listUl\")]/tbody/tr[1]/td[11]/div/div/div/div[2]/span"}
RESULT: {"using":"xpath","value":"//table[contains(@id, \"massStateChangeTable-listUl\")]/tbody/tr[1]/td[11]/div/div/div/div[2]/span"}
COMMAND: POST /session/9cfd67d3348077eadf4ec856fad7fe91/element/f.611EB16B8E3D36D28F8F7D4109D23A74.d.93DBB1C2AB450F97AFC94BB18BBE5279.e.1164/click - {}
RESULT: {}
COMMAND: GET /session/9cfd67d3348077eadf4ec856fad7fe91/screenshot - {}
RESULT: {}
COMMAND: POST /session/9cfd67d3348077eadf4ec856fad7fe91/element - {"using":"xpath","value":"//table[contains(@id, \"massStateChangeTable-listUl\")]/tbody/tr[1]/td[11]/div/div/div/div[2]/span"}
RESULT: {"using":"xpath","value":"//table[contains(@id, \"massStateChangeTable-listUl\")]/tbody/tr[1]/td[11]/div/div/div/div[2]/span"}
COMMAND: POST /session/9cfd67d3348077eadf4ec856fad7fe91/element/f.611EB16B8E3D36D28F8F7D4109D23A74.d.93DBB1C2AB450F97AFC94BB18BBE5279.e.1164/click - {}
RESULT: {}
COMMAND: GET /session/9cfd67d3348077eadf4ec856fad7fe91/screenshot - {}
RESULT: {}
COMMAND: POST /session/9cfd67d3348077eadf4ec856fad7fe91/element - {"using":"xpath","value":"//table[contains(@id, \"massStateChangeTable-listUl\")]/tbody/tr[1]/td[11]/div/div/div/div[2]/span"}
RESULT: {"using":"xpath","value":"//table[contains(@id, \"massStateChangeTable-listUl\")]/tbody/tr[1]/td[11]/div/div/div/div[2]/span"}
COMMAND: POST /session/9cfd67d3348077eadf4ec856fad7fe91/element/f.611EB16B8E3D36D28F8F7D4109D23A74.d.93DBB1C2AB450F97AFC94BB18BBE5279.e.1164/click - {}
RESULT: {}
COMMAND: GET /session/9cfd67d3348077eadf4ec856fad7fe91/screenshot - {}
RESULT: {}
COMMAND: POST /session/9cfd67d3348077eadf4ec856fad7fe91/element - {"using":"xpath","value":"//table[contains(@id, \"massStateChangeTable-listUl\")]/tbody/tr[1]/td[11]/div/div/div/div[2]/span"}
RESULT: {"using":"xpath","value":"//table[contains(@id, \"massStateChangeTable-listUl\")]/tbody/tr[1]/td[11]/div/div/div/div[2]/span"}
COMMAND: POST /session/9cfd67d3348077eadf4ec856fad7fe91/element/f.611EB16B8E3D36D28F8F7D4109D23A74.d.93DBB1C2AB450F97AFC94BB18BBE5279.e.1164/click - {}
RESULT: {}
COMMAND: GET /session/9cfd67d3348077eadf4ec856fad7fe91/screenshot - {}
RESULT: {}
COMMAND: POST /session/9cfd67d3348077eadf4ec856fad7fe91/element - {"using":"xpath","value":"//table[contains(@id, \"massStateChangeTable-listUl\")]/tbody/tr[1]/td[11]/div/div/div/div[2]/span"}
RESULT: {"using":"xpath","value":"//table[contains(@id, \"massStateChangeTable-listUl\")]/tbody/tr[1]/td[11]/div/div/div/div[2]/span"}
COMMAND: POST /session/9cfd67d3348077eadf4ec856fad7fe91/element/f.611EB16B8E3D36D28F8F7D4109D23A74.d.93DBB1C2AB450F97AFC94BB18BBE5279.e.1164/click - {}
RESULT: {}
COMMAND: GET /session/9cfd67d3348077eadf4ec856fad7fe91/screenshot - {}
RESULT: {}
COMMAND: POST /session/9cfd67d3348077eadf4ec856fad7fe91/element - {"using":"xpath","value":"//table[contains(@id, \"massStateChangeTable-listUl\")]/tbody/tr[1]/td[11]/div/div/div/div[2]/span"}
RESULT: {"using":"xpath","value":"//table[contains(@id, \"massStateChangeTable-listUl\")]/tbody/tr[1]/td[11]/div/div/div/div[2]/span"}
COMMAND: POST /session/9cfd67d3348077eadf4ec856fad7fe91/element/f.611EB16B8E3D36D28F8F7D4109D23A74.d.93DBB1C2AB450F97AFC94BB18BBE5279.e.1164/click - {}
RESULT: {}
COMMAND: GET /session/9cfd67d3348077eadf4ec856fad7fe91/screenshot - {}
RESULT: {}
COMMAND: POST /session/9cfd67d3348077eadf4ec856fad7fe91/element - {"using":"xpath","value":"//table[contains(@id, \"massStateChangeTable-listUl\")]/tbody/tr[1]/td[11]/div/div/div/div[2]/span"}
RESULT: {"using":"xpath","value":"//table[contains(@id, \"massStateChangeTable-listUl\")]/tbody/tr[1]/td[11]/div/div/div/div[2]/span"}
COMMAND: POST /session/9cfd67d3348077eadf4ec856fad7fe91/element/f.611EB16B8E3D36D28F8F7D4109D23A74.d.93DBB1C2AB450F97AFC94BB18BBE5279.e.1164/click - {}
RESULT: {}
COMMAND: GET /session/9cfd67d3348077eadf4ec856fad7fe91/screenshot - {}
RESULT: {}
COMMAND: POST /session/9cfd67d3348077eadf4ec856fad7fe91/element - {"using":"xpath","value":"//table[contains(@id, \"massStateChangeTable-listUl\")]/tbody/tr[1]/td[11]/div/div/div/div[2]/span"}
RESULT: {"using":"xpath","value":"//table[contains(@id, \"massStateChangeTable-listUl\")]/tbody/tr[1]/td[11]/div/div/div/div[2]/span"}
COMMAND: POST /session/9cfd67d3348077eadf4ec856fad7fe91/element/f.611EB16B8E3D36D28F8F7D4109D23A74.d.93DBB1C2AB450F97AFC94BB18BBE5279.e.1164/click - {}
RESULT: {}
COMMAND: GET /session/9cfd67d3348077eadf4ec856fad7fe91/screenshot - {}
RESULT: {}
COMMAND: POST /session/9cfd67d3348077eadf4ec856fad7fe91/element - {"using":"xpath","value":"//table[contains(@id, \"massStateChangeTable-listUl\")]/tbody/tr[1]/td[11]/div/div/div/div[2]/span"}
RESULT: {"using":"xpath","value":"//table[contains(@id, \"massStateChangeTable-listUl\")]/tbody/tr[1]/td[11]/div/div/div/div[2]/span"}
COMMAND: POST /session/9cfd67d3348077eadf4ec856fad7fe91/element/f.611EB16B8E3D36D28F8F7D4109D23A74.d.93DBB1C2AB450F97AFC94BB18BBE5279.e.1164/click - {}
RESULT: {}
COMMAND: GET /session/9cfd67d3348077eadf4ec856fad7fe91/screenshot - {}
RESULT: {}
COMMAND: POST /session/9cfd67d3348077eadf4ec856fad7fe91/element - {"using":"xpath","value":"//table[contains(@id, \"massStateChangeTable-listUl\")]/tbody/tr[1]/td[11]/div/div/div/div[2]/span"}
RESULT: {"using":"xpath","value":"//table[contains(@id, \"massStateChangeTable-listUl\")]/tbody/tr[1]/td[11]/div/div/div/div[2]/span"}
COMMAND: POST /session/9cfd67d3348077eadf4ec856fad7fe91/element/f.611EB16B8E3D36D28F8F7D4109D23A74.d.93DBB1C2AB450F97AFC94BB18BBE5279.e.1164/click - {}
RESULT: {}
COMMAND: GET /session/9cfd67d3348077eadf4ec856fad7fe91/screenshot - {}
RESULT: {}
COMMAND: POST /session/9cfd67d3348077eadf4ec856fad7fe91/element - {"using":"xpath","value":"//table[contains(@id, \"massStateChangeTable-listUl\")]/tbody/tr[1]/td[11]/div/div/div/div[2]/span"}
RESULT: {"using":"xpath","value":"//table[contains(@id, \"massStateChangeTable-listUl\")]/tbody/tr[1]/td[11]/div/div/div/div[2]/span"}
COMMAND: POST /session/9cfd67d3348077eadf4ec856fad7fe91/element/f.611EB16B8E3D36D28F8F7D4109D23A74.d.93DBB1C2AB450F97AFC94BB18BBE5279.e.1164/click - {}
RESULT: {}
COMMAND: GET /session/9cfd67d3348077eadf4ec856fad7fe91/screenshot - {}
RESULT: {}
COMMAND: POST /session/9cfd67d3348077eadf4ec856fad7fe91/element - {"using":"xpath","value":"//table[contains(@id, \"massStateChangeTable-listUl\")]/tbody/tr[1]/td[11]/div/div/div/div[2]/span"}
RESULT: {"using":"xpath","value":"//table[contains(@id, \"massStateChangeTable-listUl\")]/tbody/tr[1]/td[11]/div/div/div/div[2]/span"}
COMMAND: POST /session/9cfd67d3348077eadf4ec856fad7fe91/element/f.611EB16B8E3D36D28F8F7D4109D23A74.d.93DBB1C2AB450F97AFC94BB18BBE5279.e.1164/click - {}
RESULT: {}
COMMAND: GET /session/9cfd67d3348077eadf4ec856fad7fe91/screenshot - {}
RESULT: {}
COMMAND: POST /session/9cfd67d3348077eadf4ec856fad7fe91/element - {"using":"xpath","value":"//table[contains(@id, \"massStateChangeTable-listUl\")]/tbody/tr[1]/td[11]/div/div/div/div[2]/span"}
RESULT: {"using":"xpath","value":"//table[contains(@id, \"massStateChangeTable-listUl\")]/tbody/tr[1]/td[11]/div/div/div/div[2]/span"}
COMMAND: POST /session/9cfd67d3348077eadf4ec856fad7fe91/element/f.611EB16B8E3D36D28F8F7D4109D23A74.d.93DBB1C2AB450F97AFC94BB18BBE5279.e.1164/click - {}
RESULT: {}
COMMAND: GET /session/9cfd67d3348077eadf4ec856fad7fe91/screenshot - {}
RESULT: {}
COMMAND: POST /session/9cfd67d3348077eadf4ec856fad7fe91/element - {"using":"xpath","value":"//table[contains(@id, \"massStateChangeTable-listUl\")]/tbody/tr[1]/td[11]/div/div/div/div[2]/span"}
RESULT: {"using":"xpath","value":"//table[contains(@id, \"massStateChangeTable-listUl\")]/tbody/tr[1]/td[11]/div/div/div/div[2]/span"}
COMMAND: POST /session/9cfd67d3348077eadf4ec856fad7fe91/element/f.611EB16B8E3D36D28F8F7D4109D23A74.d.93DBB1C2AB450F97AFC94BB18BBE5279.e.1164/click - {}
RESULT: {}
COMMAND: GET /session/9cfd67d3348077eadf4ec856fad7fe91/screenshot - {}
RESULT: {}
COMMAND: POST /session/9cfd67d3348077eadf4ec856fad7fe91/element - {"using":"xpath","value":"//table[contains(@id, \"massStateChangeTable-listUl\")]/tbody/tr[1]/td[11]/div/div/div/div[2]/span"}
RESULT: {"using":"xpath","value":"//table[contains(@id, \"massStateChangeTable-listUl\")]/tbody/tr[1]/td[11]/div/div/div/div[2]/span"}
COMMAND: POST /session/9cfd67d3348077eadf4ec856fad7fe91/element/f.611EB16B8E3D36D28F8F7D4109D23A74.d.93DBB1C2AB450F97AFC94BB18BBE5279.e.1164/click - {}
RESULT: {}
COMMAND: GET /session/9cfd67d3348077eadf4ec856fad7fe91/screenshot - {}
RESULT: {}
COMMAND: POST /session/9cfd67d3348077eadf4ec856fad7fe91/element - {"using":"xpath","value":"//table[contains(@id, \"massStateChangeTable-listUl\")]/tbody/tr[1]/td[11]/div/div/div/div[2]/span"}
RESULT: {"using":"xpath","value":"//table[contains(@id, \"massStateChangeTable-listUl\")]/tbody/tr[1]/td[11]/div/div/div/div[2]/span"}
COMMAND: POST /session/9cfd67d3348077eadf4ec856fad7fe91/element/f.611EB16B8E3D36D28F8F7D4109D23A74.d.93DBB1C2AB450F97AFC94BB18BBE5279.e.1164/click - {}
RESULT: {}
COMMAND: GET /session/9cfd67d3348077eadf4ec856fad7fe91/screenshot - {}
RESULT: {}
COMMAND: POST /session/9cfd67d3348077eadf4ec856fad7fe91/element - {"using":"xpath","value":"//table[contains(@id, \"massStateChangeTable-listUl\")]/tbody/tr[1]/td[11]/div/div/div/div[2]/span"}
RESULT: {"using":"xpath","value":"//table[contains(@id, \"massStateChangeTable-listUl\")]/tbody/tr[1]/td[11]/div/div/div/div[2]/span"}
COMMAND: POST /session/9cfd67d3348077eadf4ec856fad7fe91/element/f.611EB16B8E3D36D28F8F7D4109D23A74.d.93DBB1C2AB450F97AFC94BB18BBE5279.e.1164/click - {}
RESULT: {}
COMMAND: GET /session/9cfd67d3348077eadf4ec856fad7fe91/screenshot - {}
RESULT: {}
COMMAND: POST /session/9cfd67d3348077eadf4ec856fad7fe91/element - {"using":"xpath","value":"//table[contains(@id, \"massStateChangeTable-listUl\")]/tbody/tr[1]/td[11]/div/div/div/div[2]/span"}
RESULT: {"using":"xpath","value":"//table[contains(@id, \"massStateChangeTable-listUl\")]/tbody/tr[1]/td[11]/div/div/div/div[2]/span"}
COMMAND: POST /session/9cfd67d3348077eadf4ec856fad7fe91/element/f.611EB16B8E3D36D28F8F7D4109D23A74.d.93DBB1C2AB450F97AFC94BB18BBE5279.e.1164/click - {}
RESULT: {}
COMMAND: GET /session/9cfd67d3348077eadf4ec856fad7fe91/screenshot - {}
RESULT: {}
COMMAND: POST /session/9cfd67d3348077eadf4ec856fad7fe91/element - {"using":"xpath","value":"//table[contains(@id, \"massStateChangeTable-listUl\")]/tbody/tr[1]/td[11]/div/div/div/div[2]/span"}
RESULT: {"using":"xpath","value":"//table[contains(@id, \"massStateChangeTable-listUl\")]/tbody/tr[1]/td[11]/div/div/div/div[2]/span"}
COMMAND: POST /session/9cfd67d3348077eadf4ec856fad7fe91/element/f.611EB16B8E3D36D28F8F7D4109D23A74.d.93DBB1C2AB450F97AFC94BB18BBE5279.e.1164/click - {}
RESULT: {}
COMMAND: GET /session/9cfd67d3348077eadf4ec856fad7fe91/screenshot - {}
RESULT: {}
COMMAND: POST /session/9cfd67d3348077eadf4ec856fad7fe91/element - {"using":"xpath","value":"//table[contains(@id, \"massStateChangeTable-listUl\")]/tbody/tr[1]/td[11]/div/div/div/div[2]/span"}
RESULT: {"using":"xpath","value":"//table[contains(@id, \"massStateChangeTable-listUl\")]/tbody/tr[1]/td[11]/div/div/div/div[2]/span"}
COMMAND: POST /session/9cfd67d3348077eadf4ec856fad7fe91/element/f.611EB16B8E3D36D28F8F7D4109D23A74.d.93DBB1C2AB450F97AFC94BB18BBE5279.e.1164/click - {}
RESULT: {}
COMMAND: GET /session/9cfd67d3348077eadf4ec856fad7fe91/screenshot - {}
RESULT: {}
COMMAND: POST /session/9cfd67d3348077eadf4ec856fad7fe91/element - {"using":"xpath","value":"//table[contains(@id, \"massStateChangeTable-listUl\")]/tbody/tr[1]/td[11]/div/div/div/div[2]/span"}
RESULT: {"using":"xpath","value":"//table[contains(@id, \"massStateChangeTable-listUl\")]/tbody/tr[1]/td[11]/div/div/div/div[2]/span"}
COMMAND: POST /session/9cfd67d3348077eadf4ec856fad7fe91/element/f.611EB16B8E3D36D28F8F7D4109D23A74.d.93DBB1C2AB450F97AFC94BB18BBE5279.e.1164/click - {}
RESULT: {}
COMMAND: GET /session/9cfd67d3348077eadf4ec856fad7fe91/screenshot - {}
RESULT: {}
COMMAND: POST /session/9cfd67d3348077eadf4ec856fad7fe91/element - {"using":"xpath","value":"//table[contains(@id, \"massStateChangeTable-listUl\")]/tbody/tr[1]/td[11]/div/div/div/div[2]/span"}
RESULT: {"using":"xpath","value":"//table[contains(@id, \"massStateChangeTable-listUl\")]/tbody/tr[1]/td[11]/div/div/div/div[2]/span"}
COMMAND: POST /session/9cfd67d3348077eadf4ec856fad7fe91/element/f.611EB16B8E3D36D28F8F7D4109D23A74.d.93DBB1C2AB450F97AFC94BB18BBE5279.e.1164/click - {}
RESULT: {}
COMMAND: GET /session/9cfd67d3348077eadf4ec856fad7fe91/screenshot - {}
RESULT: {}
COMMAND: POST /session/9cfd67d3348077eadf4ec856fad7fe91/element - {"using":"xpath","value":"//table[contains(@id, \"massStateChangeTable-listUl\")]/tbody/tr[1]/td[11]/div/div/div/div[2]/span"}
RESULT: {"using":"xpath","value":"//table[contains(@id, \"massStateChangeTable-listUl\")]/tbody/tr[1]/td[11]/div/div/div/div[2]/span"}
COMMAND: POST /session/9cfd67d3348077eadf4ec856fad7fe91/element/f.611EB16B8E3D36D28F8F7D4109D23A74.d.93DBB1C2AB450F97AFC94BB18BBE5279.e.1164/click - {}
RESULT: {}
COMMAND: GET /session/9cfd67d3348077eadf4ec856fad7fe91/screenshot - {}
RESULT: {}
COMMAND: POST /session/9cfd67d3348077eadf4ec856fad7fe91/element - {"using":"xpath","value":"//table[contains(@id, \"massStateChangeTable-listUl\")]/tbody/tr[1]/td[11]/div/div/div/div[2]/span"}
RESULT: {"using":"xpath","value":"//table[contains(@id, \"massStateChangeTable-listUl\")]/tbody/tr[1]/td[11]/div/div/div/div[2]/span"}
COMMAND: POST /session/9cfd67d3348077eadf4ec856fad7fe91/element/f.611EB16B8E3D36D28F8F7D4109D23A74.d.93DBB1C2AB450F97AFC94BB18BBE5279.e.1164/click - {}
RESULT: {}
COMMAND: GET /session/9cfd67d3348077eadf4ec856fad7fe91/screenshot - {}
RESULT: {}
COMMAND: POST /session/9cfd67d3348077eadf4ec856fad7fe91/element - {"using":"xpath","value":"//table[contains(@id, \"massStateChangeTable-listUl\")]/tbody/tr[1]/td[11]/div/div/div/div[2]/span"}
RESULT: {"using":"xpath","value":"//table[contains(@id, \"massStateChangeTable-listUl\")]/tbody/tr[1]/td[11]/div/div/div/div[2]/span"}
COMMAND: POST /session/9cfd67d3348077eadf4ec856fad7fe91/element/f.611EB16B8E3D36D28F8F7D4109D23A74.d.93DBB1C2AB450F97AFC94BB18BBE5279.e.1164/click - {}
RESULT: {}
COMMAND: GET /session/9cfd67d3348077eadf4ec856fad7fe91/screenshot - {}
RESULT: {}
COMMAND: POST /session/9cfd67d3348077eadf4ec856fad7fe91/element - {"using":"xpath","value":"//table[contains(@id, \"massStateChangeTable-listUl\")]/tbody/tr[1]/td[11]/div/div/div/div[2]/span"}
RESULT: {"using":"xpath","value":"//table[contains(@id, \"massStateChangeTable-listUl\")]/tbody/tr[1]/td[11]/div/div/div/div[2]/span"}
COMMAND: POST /session/9cfd67d3348077eadf4ec856fad7fe91/element/f.611EB16B8E3D36D28F8F7D4109D23A74.d.93DBB1C2AB450F97AFC94BB18BBE5279.e.1164/click - {}
RESULT: {}
COMMAND: GET /session/9cfd67d3348077eadf4ec856fad7fe91/screenshot - {}
RESULT: {}
COMMAND: POST /session/9cfd67d3348077eadf4ec856fad7fe91/element - {"using":"xpath","value":"//table[contains(@id, \"massStateChangeTable-listUl\")]/tbody/tr[1]/td[11]/div/div/div/div[2]/span"}
RESULT: {"using":"xpath","value":"//table[contains(@id, \"massStateChangeTable-listUl\")]/tbody/tr[1]/td[11]/div/div/div/div[2]/span"}
COMMAND: POST /session/9cfd67d3348077eadf4ec856fad7fe91/element/f.611EB16B8E3D36D28F8F7D4109D23A74.d.93DBB1C2AB450F97AFC94BB18BBE5279.e.1164/click - {}
RESULT: {}
COMMAND: GET /session/9cfd67d3348077eadf4ec856fad7fe91/screenshot - {}
RESULT: {}
COMMAND: POST /session/9cfd67d3348077eadf4ec856fad7fe91/element - {"using":"xpath","value":"//table[contains(@id, \"massStateChangeTable-listUl\")]/tbody/tr[1]/td[11]/div/div/div/div[2]/span"}
RESULT: {"using":"xpath","value":"//table[contains(@id, \"massStateChangeTable-listUl\")]/tbody/tr[1]/td[11]/div/div/div/div[2]/span"}
COMMAND: POST /session/9cfd67d3348077eadf4ec856fad7fe91/element/f.611EB16B8E3D36D28F8F7D4109D23A74.d.93DBB1C2AB450F97AFC94BB18BBE5279.e.1164/click - {}
RESULT: {}
COMMAND: GET /session/9cfd67d3348077eadf4ec856fad7fe91/screenshot - {}
RESULT: {}
COMMAND: POST /session/9cfd67d3348077eadf4ec856fad7fe91/element - {"using":"xpath","value":"//table[contains(@id, \"massStateChangeTable-listUl\")]/tbody/tr[1]/td[11]/div/div/div/div[2]/span"}
RESULT: {"using":"xpath","value":"//table[contains(@id, \"massStateChangeTable-listUl\")]/tbody/tr[1]/td[11]/div/div/div/div[2]/span"}
COMMAND: POST /session/9cfd67d3348077eadf4ec856fad7fe91/element/f.611EB16B8E3D36D28F8F7D4109D23A74.d.93DBB1C2AB450F97AFC94BB18BBE5279.e.1164/click - {}
RESULT: {}
COMMAND: GET /session/9cfd67d3348077eadf4ec856fad7fe91/screenshot - {}
RESULT: {}
COMMAND: POST /session/9cfd67d3348077eadf4ec856fad7fe91/element - {"using":"xpath","value":"//table[contains(@id, \"massStateChangeTable-listUl\")]/tbody/tr[1]/td[11]/div/div/div/div[2]/span"}
RESULT: {"using":"xpath","value":"//table[contains(@id, \"massStateChangeTable-listUl\")]/tbody/tr[1]/td[11]/div/div/div/div[2]/span"}
COMMAND: POST /session/9cfd67d3348077eadf4ec856fad7fe91/element/f.611EB16B8E3D36D28F8F7D4109D23A74.d.93DBB1C2AB450F97AFC94BB18BBE5279.e.1164/click - {}
RESULT: {}
COMMAND: GET /session/9cfd67d3348077eadf4ec856fad7fe91/screenshot - {}
RESULT: {}
COMMAND: POST /session/9cfd67d3348077eadf4ec856fad7fe91/element - {"using":"xpath","value":"//table[contains(@id, \"massStateChangeTable-listUl\")]/tbody/tr[1]/td[11]/div/div/div/div[2]/span"}
RESULT: {"using":"xpath","value":"//table[contains(@id, \"massStateChangeTable-listUl\")]/tbody/tr[1]/td[11]/div/div/div/div[2]/span"}
COMMAND: POST /session/9cfd67d3348077eadf4ec856fad7fe91/element/f.611EB16B8E3D36D28F8F7D4109D23A74.d.93DBB1C2AB450F97AFC94BB18BBE5279.e.1164/click - {}
RESULT: {}
COMMAND: GET /session/9cfd67d3348077eadf4ec856fad7fe91/screenshot - {}
RESULT: {}
COMMAND: POST /session/9cfd67d3348077eadf4ec856fad7fe91/element - {"using":"xpath","value":"//table[contains(@id, \"massStateChangeTable-listUl\")]/tbody/tr[1]/td[11]/div/div/div/div[2]/span"}
RESULT: {"using":"xpath","value":"//table[contains(@id, \"massStateChangeTable-listUl\")]/tbody/tr[1]/td[11]/div/div/div/div[2]/span"}
COMMAND: POST /session/9cfd67d3348077eadf4ec856fad7fe91/element/f.611EB16B8E3D36D28F8F7D4109D23A74.d.93DBB1C2AB450F97AFC94BB18BBE5279.e.1164/click - {}
RESULT: {}
COMMAND: GET /session/9cfd67d3348077eadf4ec856fad7fe91/screenshot - {}
RESULT: {}
COMMAND: POST /session/9cfd67d3348077eadf4ec856fad7fe91/element - {"using":"xpath","value":"//table[contains(@id, \"massStateChangeTable-listUl\")]/tbody/tr[1]/td[11]/div/div/div/div[2]/span"}
RESULT: {"using":"xpath","value":"//table[contains(@id, \"massStateChangeTable-listUl\")]/tbody/tr[1]/td[11]/div/div/div/div[2]/span"}
COMMAND: POST /session/9cfd67d3348077eadf4ec856fad7fe91/element/f.611EB16B8E3D36D28F8F7D4109D23A74.d.93DBB1C2AB450F97AFC94BB18BBE5279.e.1164/click - {}
RESULT: {}
COMMAND: GET /session/9cfd67d3348077eadf4ec856fad7fe91/screenshot - {}
RESULT: {}
COMMAND: POST /session/9cfd67d3348077eadf4ec856fad7fe91/element - {"using":"xpath","value":"//table[contains(@id, \"massStateChangeTable-listUl\")]/tbody/tr[1]/td[11]/div/div/div/div[2]/span"}
RESULT: {"using":"xpath","value":"//table[contains(@id, \"massStateChangeTable-listUl\")]/tbody/tr[1]/td[11]/div/div/div/div[2]/span"}
COMMAND: POST /session/9cfd67d3348077eadf4ec856fad7fe91/element/f.611EB16B8E3D36D28F8F7D4109D23A74.d.93DBB1C2AB450F97AFC94BB18BBE5279.e.1164/click - {}
RESULT: {}
COMMAND: GET /session/9cfd67d3348077eadf4ec856fad7fe91/screenshot - {}
RESULT: {}
COMMAND: POST /session/9cfd67d3348077eadf4ec856fad7fe91/element - {"using":"xpath","value":"//table[contains(@id, \"massStateChangeTable-listUl\")]/tbody/tr[1]/td[11]/div/div/div/div[2]/span"}
RESULT: {"using":"xpath","value":"//table[contains(@id, \"massStateChangeTable-listUl\")]/tbody/tr[1]/td[11]/div/div/div/div[2]/span"}
COMMAND: POST /session/9cfd67d3348077eadf4ec856fad7fe91/element/f.611EB16B8E3D36D28F8F7D4109D23A74.d.93DBB1C2AB450F97AFC94BB18BBE5279.e.1164/click - {}
RESULT: {}
COMMAND: GET /session/9cfd67d3348077eadf4ec856fad7fe91/screenshot - {}
RESULT: {}
COMMAND: POST /session/9cfd67d3348077eadf4ec856fad7fe91/element - {"using":"xpath","value":"//table[contains(@id, \"massStateChangeTable-listUl\")]/tbody/tr[2]/td[11]/div/div/div/div[2]/span"}
RESULT: {"using":"xpath","value":"//table[contains(@id, \"massStateChangeTable-listUl\")]/tbody/tr[2]/td[11]/div/div/div/div[2]/span"}
COMMAND: POST /session/9cfd67d3348077eadf4ec856fad7fe91/element/f.611EB16B8E3D36D28F8F7D4109D23A74.d.93DBB1C2AB450F97AFC94BB18BBE5279.e.1165/click - {}
RESULT: {}
COMMAND: GET /session/9cfd67d3348077eadf4ec856fad7fe91/screenshot - {}
RESULT: {}
COMMAND: POST /session/9cfd67d3348077eadf4ec856fad7fe91/element - {"using":"xpath","value":"//table[contains(@id, \"massStateChangeTable-listUl\")]/tbody/tr[1]/td[11]/div/div/div/input"}
RESULT: {"using":"xpath","value":"//table[contains(@id, \"massStateChangeTable-listUl\")]/tbody/tr[1]/td[11]/div/div/div/input"}
COMMAND: GET /session/9cfd67d3348077eadf4ec856fad7fe91/element/f.611EB16B8E3D36D28F8F7D4109D23A74.d.93DBB1C2AB450F97AFC94BB18BBE5279.e.1144/property/value - {}
RESULT: {}
COMMAND: POST /session/9cfd67d3348077eadf4ec856fad7fe91/element - {"using":"xpath","value":"//table[contains(@id, \"massStateChangeTable-listUl\")]/tbody/tr[2]/td[11]/div/div/div/input"}
COMMAND: GET /session/9cfd67d3348077eadf4ec856fad7fe91/screenshot - {}
RESULT: {"using":"xpath","value":"//table[contains(@id, \"massStateChangeTable-listUl\")]/tbody/tr[2]/td[11]/div/div/div/input"}
COMMAND: GET /session/9cfd67d3348077eadf4ec856fad7fe91/element/f.611EB16B8E3D36D28F8F7D4109D23A74.d.93DBB1C2AB450F97AFC94BB18BBE5279.e.1148/property/value - {}
RESULT: {}
RESULT: {}
COMMAND: POST /session/9cfd67d3348077eadf4ec856fad7fe91/element - {"using":"xpath","value":"(//bdi[contains(text(), \"OK\")])[1]"}
COMMAND: GET /session/9cfd67d3348077eadf4ec856fad7fe91/screenshot - {}
RESULT: {"using":"xpath","value":"(//bdi[contains(text(), \"OK\")])[1]"}
COMMAND: POST /session/9cfd67d3348077eadf4ec856fad7fe91/element/f.611EB16B8E3D36D28F8F7D4109D23A74.d.93DBB1C2AB450F97AFC94BB18BBE5279.e.1151/click - {}
RESULT: {}
RESULT: {}
COMMAND: GET /session/9cfd67d3348077eadf4ec856fad7fe91/screenshot - {}
RESULT: {}
COMMAND: POST /session/9cfd67d3348077eadf4ec856fad7fe91/element - {"using":"xpath","value":"(//bdi[contains(text(), \"OK\")])[2]"}
RESULT: {"using":"xpath","value":"(//bdi[contains(text(), \"OK\")])[2]"}
COMMAND: POST /session/9cfd67d3348077eadf4ec856fad7fe91/element/f.611EB16B8E3D36D28F8F7D4109D23A74.d.93DBB1C2AB450F97AFC94BB18BBE5279.e.1167/click - {}
RESULT: {}
COMMAND: GET /session/9cfd67d3348077eadf4ec856fad7fe91/screenshot - {}
RESULT: {}
RESULT: undefined
COMMAND: POST /session/9cfd67d3348077eadf4ec856fad7fe91/execute/async - {"script":"<script> [776 bytes]","args":[{"enterText":"600002","selector":{"id":"application-ruinventorylist-display-component---Master--smartFilterBar-btnBasicSearch","interaction":{"idSuffix":"I"}},"clearTextFirst":true,"interactionType":"ENTER_TEXT"}]}
RESULT: {"script":"<script> [776 bytes]","args":[{"enterText":"600002","selector":{"id":"application-ruinventorylist-display-component---Master--smartFilterBar-btnBasicSearch","interaction":{"idSuffix":"I"}},"clearTextFirst":true,"interactionType":"ENTER_TEXT"}]}
COMMAND: POST /session/9cfd67d3348077eadf4ec856fad7fe91/actions - {"actions":[{"id":"action5","type":"key","parameters":{},"actions":[{"type":"keyDown","value":"î€‡"},{"type":"pause","duration":10},{"type":"keyUp","value":"î€‡"}]}]}
RESULT: {"actions":[{"id":"action5","type":"key","parameters":{},"actions":[{"type":"keyDown","value":"î€‡"},{"type":"pause","duration":10},{"type":"keyUp","value":"î€‡"}]}]}
COMMAND: GET /session/9cfd67d3348077eadf4ec856fad7fe91/screenshot - {}
RESULT: {}
COMMAND: POST /session/9cfd67d3348077eadf4ec856fad7fe91/element - {"using":"xpath","value":"//span[@id=\"application-ruinventorylist-display-component---Master--smartTableRuInventoryList-header-inner\"]"}
RESULT: {"using":"xpath","value":"//span[@id=\"application-ruinventorylist-display-component---Master--smartTableRuInventoryList-header-inner\"]"}
COMMAND: POST /session/9cfd67d3348077eadf4ec856fad7fe91/elements - {"using":"xpath","value":"//span[@id=\"application-ruinventorylist-display-component---Master--smartTableRuInventoryList-header-inner\"]"}
RESULT: {"using":"xpath","value":"//span[@id=\"application-ruinventorylist-display-component---Master--smartTableRuInventoryList-header-inner\"]"}
COMMAND: POST /session/9cfd67d3348077eadf4ec856fad7fe91/execute/sync - {"script":"<script> [56 bytes]","args":[{"element-6066-11e4-a52e-4f735466cecf":"f.611EB16B8E3D36D28F8F7D4109D23A74.d.93DBB1C2AB450F97AFC94BB18BBE5279.e.795","ELEMENT":"f.611EB16B8E3D36D28F8F7D4109D23A74.d.93DBB1C2AB450F97AFC94BB18BBE5279.e.795"}]}
RESULT: {"script":"<script> [56 bytes]","args":[{"element-6066-11e4-a52e-4f735466cecf":"f.611EB16B8E3D36D28F8F7D4109D23A74.d.93DBB1C2AB450F97AFC94BB18BBE5279.e.795","ELEMENT":"f.611EB16B8E3D36D28F8F7D4109D23A74.d.93DBB1C2AB450F97AFC94BB18BBE5279.e.795"}]}
COMMAND: POST /session/9cfd67d3348077eadf4ec856fad7fe91/element - {"using":"xpath","value":"//table[contains(@id, \"application-ruinventorylist-display-component---Master--tableRuInventoryList-listUl\")]/tbody/tr[1]/td[6]/div/span"}
COMMAND: GET /session/9cfd67d3348077eadf4ec856fad7fe91/screenshot - {}
RESULT: {"using":"xpath","value":"//table[contains(@id, \"application-ruinventorylist-display-component---Master--tableRuInventoryList-listUl\")]/tbody/tr[1]/td[6]/div/span"}
COMMAND: POST /session/9cfd67d3348077eadf4ec856fad7fe91/execute/sync - {"script":"<script> [56 bytes]","args":[{"element-6066-11e4-a52e-4f735466cecf":"f.611EB16B8E3D36D28F8F7D4109D23A74.d.93DBB1C2AB450F97AFC94BB18BBE5279.e.1187","ELEMENT":"f.611EB16B8E3D36D28F8F7D4109D23A74.d.93DBB1C2AB450F97AFC94BB18BBE5279.e.1187"}]}
RESULT: {}
RESULT: {"script":"<script> [56 bytes]","args":[{"element-6066-11e4-a52e-4f735466cecf":"f.611EB16B8E3D36D28F8F7D4109D23A74.d.93DBB1C2AB450F97AFC94BB18BBE5279.e.1187","ELEMENT":"f.611EB16B8E3D36D28F8F7D4109D23A74.d.93DBB1C2AB450F97AFC94BB18BBE5279.e.1187"}]}
COMMAND: POST /session/9cfd67d3348077eadf4ec856fad7fe91/element - {"using":"xpath","value":"//div[contains(@id, \"smartFilterBar-btnBasicSearch-reset\")]"}
COMMAND: GET /session/9cfd67d3348077eadf4ec856fad7fe91/screenshot - {}
RESULT: {"using":"xpath","value":"//div[contains(@id, \"smartFilterBar-btnBasicSearch-reset\")]"}
COMMAND: POST /session/9cfd67d3348077eadf4ec856fad7fe91/element/f.611EB16B8E3D36D28F8F7D4109D23A74.d.93DBB1C2AB450F97AFC94BB18BBE5279.e.811/click - {}
RESULT: {}
RESULT: {}
COMMAND: GET /session/9cfd67d3348077eadf4ec856fad7fe91/screenshot - {}
RESULT: {}
RESULT: undefined
COMMAND: POST /session/9cfd67d3348077eadf4ec856fad7fe91/execute/async - {"script":"<script> [776 bytes]","args":[{"enterText":"401002","selector":{"id":"application-ruinventorylist-display-component---Master--smartFilterBar-btnBasicSearch","interaction":{"idSuffix":"I"}},"clearTextFirst":true,"interactionType":"ENTER_TEXT"}]}
RESULT: {"script":"<script> [776 bytes]","args":[{"enterText":"401002","selector":{"id":"application-ruinventorylist-display-component---Master--smartFilterBar-btnBasicSearch","interaction":{"idSuffix":"I"}},"clearTextFirst":true,"interactionType":"ENTER_TEXT"}]}
COMMAND: POST /session/9cfd67d3348077eadf4ec856fad7fe91/actions - {"actions":[{"id":"action6","type":"key","parameters":{},"actions":[{"type":"keyDown","value":"î€‡"},{"type":"pause","duration":10},{"type":"keyUp","value":"î€‡"}]}]}
RESULT: {"actions":[{"id":"action6","type":"key","parameters":{},"actions":[{"type":"keyDown","value":"î€‡"},{"type":"pause","duration":10},{"type":"keyUp","value":"î€‡"}]}]}
COMMAND: GET /session/9cfd67d3348077eadf4ec856fad7fe91/screenshot - {}
RESULT: {}
COMMAND: POST /session/9cfd67d3348077eadf4ec856fad7fe91/element - {"using":"xpath","value":"//span[@id=\"application-ruinventorylist-display-component---Master--smartTableRuInventoryList-header-inner\"]"}
RESULT: {"using":"xpath","value":"//span[@id=\"application-ruinventorylist-display-component---Master--smartTableRuInventoryList-header-inner\"]"}
COMMAND: POST /session/9cfd67d3348077eadf4ec856fad7fe91/elements - {"using":"xpath","value":"//span[@id=\"application-ruinventorylist-display-component---Master--smartTableRuInventoryList-header-inner\"]"}
RESULT: {"using":"xpath","value":"//span[@id=\"application-ruinventorylist-display-component---Master--smartTableRuInventoryList-header-inner\"]"}
COMMAND: POST /session/9cfd67d3348077eadf4ec856fad7fe91/execute/sync - {"script":"<script> [56 bytes]","args":[{"element-6066-11e4-a52e-4f735466cecf":"f.611EB16B8E3D36D28F8F7D4109D23A74.d.93DBB1C2AB450F97AFC94BB18BBE5279.e.795","ELEMENT":"f.611EB16B8E3D36D28F8F7D4109D23A74.d.93DBB1C2AB450F97AFC94BB18BBE5279.e.795"}]}
RESULT: {"script":"<script> [56 bytes]","args":[{"element-6066-11e4-a52e-4f735466cecf":"f.611EB16B8E3D36D28F8F7D4109D23A74.d.93DBB1C2AB450F97AFC94BB18BBE5279.e.795","ELEMENT":"f.611EB16B8E3D36D28F8F7D4109D23A74.d.93DBB1C2AB450F97AFC94BB18BBE5279.e.795"}]}
COMMAND: POST /session/9cfd67d3348077eadf4ec856fad7fe91/element - {"using":"xpath","value":"//table[contains(@id, \"application-ruinventorylist-display-component---Master--tableRuInventoryList-listUl\")]/tbody/tr[1]/td[6]/div/span"}
COMMAND: GET /session/9cfd67d3348077eadf4ec856fad7fe91/screenshot - {}
RESULT: {"using":"xpath","value":"//table[contains(@id, \"application-ruinventorylist-display-component---Master--tableRuInventoryList-listUl\")]/tbody/tr[1]/td[6]/div/span"}
COMMAND: POST /session/9cfd67d3348077eadf4ec856fad7fe91/execute/sync - {"script":"<script> [56 bytes]","args":[{"element-6066-11e4-a52e-4f735466cecf":"f.611EB16B8E3D36D28F8F7D4109D23A74.d.93DBB1C2AB450F97AFC94BB18BBE5279.e.1281","ELEMENT":"f.611EB16B8E3D36D28F8F7D4109D23A74.d.93DBB1C2AB450F97AFC94BB18BBE5279.e.1281"}]}
RESULT: {}
RESULT: {"script":"<script> [56 bytes]","args":[{"element-6066-11e4-a52e-4f735466cecf":"f.611EB16B8E3D36D28F8F7D4109D23A74.d.93DBB1C2AB450F97AFC94BB18BBE5279.e.1281","ELEMENT":"f.611EB16B8E3D36D28F8F7D4109D23A74.d.93DBB1C2AB450F97AFC94BB18BBE5279.e.1281"}]}
COMMAND: POST /session/9cfd67d3348077eadf4ec856fad7fe91/element - {"using":"xpath","value":"//div[contains(@id, \"smartFilterBar-btnBasicSearch-reset\")]"}
COMMAND: GET /session/9cfd67d3348077eadf4ec856fad7fe91/screenshot - {}
RESULT: {"using":"xpath","value":"//div[contains(@id, \"smartFilterBar-btnBasicSearch-reset\")]"}
COMMAND: POST /session/9cfd67d3348077eadf4ec856fad7fe91/element/f.611EB16B8E3D36D28F8F7D4109D23A74.d.93DBB1C2AB450F97AFC94BB18BBE5279.e.811/click - {}
RESULT: {}
RESULT: {}
COMMAND: GET /session/9cfd67d3348077eadf4ec856fad7fe91/screenshot - {}
RESULT: {}
COMMAND: POST /session/9cfd67d3348077eadf4ec856fad7fe91/element/f.611EB16B8E3D36D28F8F7D4109D23A74.d.93DBB1C2AB450F97AFC94BB18BBE5279.e.312/click - {}
RESULT: {}
COMMAND: GET /session/9cfd67d3348077eadf4ec856fad7fe91/screenshot - {}
RESULT: {}
RESULT: undefined
COMMAND: POST /session/9cfd67d3348077eadf4ec856fad7fe91/execute/async - {"script":"<script> [776 bytes]","args":[{"enterText":"600002","selector":{"id":"application-ruinventorylist-display-component---Master--smartFilterBar-btnBasicSearch","interaction":{"idSuffix":"I"}},"clearTextFirst":true,"interactionType":"ENTER_TEXT"}]}
RESULT: {"script":"<script> [776 bytes]","args":[{"enterText":"600002","selector":{"id":"application-ruinventorylist-display-component---Master--smartFilterBar-btnBasicSearch","interaction":{"idSuffix":"I"}},"clearTextFirst":true,"interactionType":"ENTER_TEXT"}]}
COMMAND: POST /session/9cfd67d3348077eadf4ec856fad7fe91/actions - {"actions":[{"id":"action7","type":"key","parameters":{},"actions":[{"type":"keyDown","value":"î€‡"},{"type":"pause","duration":10},{"type":"keyUp","value":"î€‡"}]}]}
RESULT: {"actions":[{"id":"action7","type":"key","parameters":{},"actions":[{"type":"keyDown","value":"î€‡"},{"type":"pause","duration":10},{"type":"keyUp","value":"î€‡"}]}]}
COMMAND: GET /session/9cfd67d3348077eadf4ec856fad7fe91/screenshot - {}
RESULT: {}
COMMAND: POST /session/9cfd67d3348077eadf4ec856fad7fe91/element - {"using":"xpath","value":"//span[@id=\"application-ruinventorylist-display-component---Master--smartTableRuInventoryList-header-inner\"]"}
RESULT: {"using":"xpath","value":"//span[@id=\"application-ruinventorylist-display-component---Master--smartTableRuInventoryList-header-inner\"]"}
COMMAND: POST /session/9cfd67d3348077eadf4ec856fad7fe91/elements - {"using":"xpath","value":"//span[@id=\"application-ruinventorylist-display-component---Master--smartTableRuInventoryList-header-inner\"]"}
RESULT: {"using":"xpath","value":"//span[@id=\"application-ruinventorylist-display-component---Master--smartTableRuInventoryList-header-inner\"]"}
COMMAND: POST /session/9cfd67d3348077eadf4ec856fad7fe91/execute/sync - {"script":"<script> [56 bytes]","args":[{"element-6066-11e4-a52e-4f735466cecf":"f.611EB16B8E3D36D28F8F7D4109D23A74.d.93DBB1C2AB450F97AFC94BB18BBE5279.e.795","ELEMENT":"f.611EB16B8E3D36D28F8F7D4109D23A74.d.93DBB1C2AB450F97AFC94BB18BBE5279.e.795"}]}
RESULT: {"script":"<script> [56 bytes]","args":[{"element-6066-11e4-a52e-4f735466cecf":"f.611EB16B8E3D36D28F8F7D4109D23A74.d.93DBB1C2AB450F97AFC94BB18BBE5279.e.795","ELEMENT":"f.611EB16B8E3D36D28F8F7D4109D23A74.d.93DBB1C2AB450F97AFC94BB18BBE5279.e.795"}]}
COMMAND: POST /session/9cfd67d3348077eadf4ec856fad7fe91/element - {"using":"xpath","value":"//table[contains(@id, \"application-ruinventorylist-display-component---Master--tableRuInventoryList-listUl\")]/tbody/tr[1]/td[2]/div/div"}
COMMAND: GET /session/9cfd67d3348077eadf4ec856fad7fe91/screenshot - {}
RESULT: {"using":"xpath","value":"//table[contains(@id, \"application-ruinventorylist-display-component---Master--tableRuInventoryList-listUl\")]/tbody/tr[1]/td[2]/div/div"}
COMMAND: POST /session/9cfd67d3348077eadf4ec856fad7fe91/element/f.611EB16B8E3D36D28F8F7D4109D23A74.d.93DBB1C2AB450F97AFC94BB18BBE5279.e.1554/click - {}
RESULT: {}
RESULT: {}
COMMAND: GET /session/9cfd67d3348077eadf4ec856fad7fe91/screenshot - {}
RESULT: {}
COMMAND: POST /session/9cfd67d3348077eadf4ec856fad7fe91/element - {"using":"xpath","value":"//div[contains(@id, \"smartFilterBar-btnBasicSearch-reset\")]"}
RESULT: {"using":"xpath","value":"//div[contains(@id, \"smartFilterBar-btnBasicSearch-reset\")]"}
COMMAND: POST /session/9cfd67d3348077eadf4ec856fad7fe91/element/f.611EB16B8E3D36D28F8F7D4109D23A74.d.93DBB1C2AB450F97AFC94BB18BBE5279.e.811/click - {}
RESULT: {}
COMMAND: GET /session/9cfd67d3348077eadf4ec856fad7fe91/screenshot - {}
RESULT: {}
RESULT: undefined
COMMAND: POST /session/9cfd67d3348077eadf4ec856fad7fe91/execute/async - {"script":"<script> [776 bytes]","args":[{"enterText":"401002","selector":{"id":"application-ruinventorylist-display-component---Master--smartFilterBar-btnBasicSearch","interaction":{"idSuffix":"I"}},"clearTextFirst":true,"interactionType":"ENTER_TEXT"}]}
RESULT: {"script":"<script> [776 bytes]","args":[{"enterText":"401002","selector":{"id":"application-ruinventorylist-display-component---Master--smartFilterBar-btnBasicSearch","interaction":{"idSuffix":"I"}},"clearTextFirst":true,"interactionType":"ENTER_TEXT"}]}
COMMAND: POST /session/9cfd67d3348077eadf4ec856fad7fe91/actions - {"actions":[{"id":"action8","type":"key","parameters":{},"actions":[{"type":"keyDown","value":"î€‡"},{"type":"pause","duration":10},{"type":"keyUp","value":"î€‡"}]}]}
RESULT: {"actions":[{"id":"action8","type":"key","parameters":{},"actions":[{"type":"keyDown","value":"î€‡"},{"type":"pause","duration":10},{"type":"keyUp","value":"î€‡"}]}]}
COMMAND: GET /session/9cfd67d3348077eadf4ec856fad7fe91/screenshot - {}
RESULT: {}
COMMAND: POST /session/9cfd67d3348077eadf4ec856fad7fe91/element - {"using":"xpath","value":"//span[@id=\"application-ruinventorylist-display-component---Master--smartTableRuInventoryList-header-inner\"]"}
RESULT: {"using":"xpath","value":"//span[@id=\"application-ruinventorylist-display-component---Master--smartTableRuInventoryList-header-inner\"]"}
COMMAND: POST /session/9cfd67d3348077eadf4ec856fad7fe91/elements - {"using":"xpath","value":"//span[@id=\"application-ruinventorylist-display-component---Master--smartTableRuInventoryList-header-inner\"]"}
RESULT: {"using":"xpath","value":"//span[@id=\"application-ruinventorylist-display-component---Master--smartTableRuInventoryList-header-inner\"]"}
COMMAND: POST /session/9cfd67d3348077eadf4ec856fad7fe91/execute/sync - {"script":"<script> [56 bytes]","args":[{"element-6066-11e4-a52e-4f735466cecf":"f.611EB16B8E3D36D28F8F7D4109D23A74.d.93DBB1C2AB450F97AFC94BB18BBE5279.e.795","ELEMENT":"f.611EB16B8E3D36D28F8F7D4109D23A74.d.93DBB1C2AB450F97AFC94BB18BBE5279.e.795"}]}
RESULT: {"script":"<script> [56 bytes]","args":[{"element-6066-11e4-a52e-4f735466cecf":"f.611EB16B8E3D36D28F8F7D4109D23A74.d.93DBB1C2AB450F97AFC94BB18BBE5279.e.795","ELEMENT":"f.611EB16B8E3D36D28F8F7D4109D23A74.d.93DBB1C2AB450F97AFC94BB18BBE5279.e.795"}]}
COMMAND: POST /session/9cfd67d3348077eadf4ec856fad7fe91/element - {"using":"xpath","value":"//table[contains(@id, \"application-ruinventorylist-display-component---Master--tableRuInventoryList-listUl\")]/tbody/tr[1]/td[2]/div/div"}
COMMAND: GET /session/9cfd67d3348077eadf4ec856fad7fe91/screenshot - {}
RESULT: {"using":"xpath","value":"//table[contains(@id, \"application-ruinventorylist-display-component---Master--tableRuInventoryList-listUl\")]/tbody/tr[1]/td[2]/div/div"}
COMMAND: POST /session/9cfd67d3348077eadf4ec856fad7fe91/element/f.611EB16B8E3D36D28F8F7D4109D23A74.d.93DBB1C2AB450F97AFC94BB18BBE5279.e.1721/click - {}
RESULT: {}
RESULT: {}
COMMAND: GET /session/9cfd67d3348077eadf4ec856fad7fe91/screenshot - {}
RESULT: {}
COMMAND: POST /session/9cfd67d3348077eadf4ec856fad7fe91/element - {"using":"xpath","value":"//div[contains(@id, \"smartFilterBar-btnBasicSearch-reset\")]"}
RESULT: {"using":"xpath","value":"//div[contains(@id, \"smartFilterBar-btnBasicSearch-reset\")]"}
COMMAND: POST /session/9cfd67d3348077eadf4ec856fad7fe91/element/f.611EB16B8E3D36D28F8F7D4109D23A74.d.93DBB1C2AB450F97AFC94BB18BBE5279.e.811/click - {}
RESULT: {}
COMMAND: GET /session/9cfd67d3348077eadf4ec856fad7fe91/screenshot - {}
RESULT: {}
COMMAND: POST /session/9cfd67d3348077eadf4ec856fad7fe91/element/f.611EB16B8E3D36D28F8F7D4109D23A74.d.93DBB1C2AB450F97AFC94BB18BBE5279.e.312/click - {}
RESULT: {}
COMMAND: GET /session/9cfd67d3348077eadf4ec856fad7fe91/screenshot - {}
RESULT: {}
RESULT: undefined
COMMAND: POST /session/9cfd67d3348077eadf4ec856fad7fe91/element - {"using":"xpath","value":"//*[@id=\"application-ruinventorylist-display-component---Master--ruStateTypes-arrow\"]"}
RESULT: {"using":"xpath","value":"//*[@id=\"application-ruinventorylist-display-component---Master--ruStateTypes-arrow\"]"}
COMMAND: POST /session/9cfd67d3348077eadf4ec856fad7fe91/element/f.611EB16B8E3D36D28F8F7D4109D23A74.d.93DBB1C2AB450F97AFC94BB18BBE5279.e.1902/click - {}
RESULT: {}
COMMAND: GET /session/9cfd67d3348077eadf4ec856fad7fe91/screenshot - {}
RESULT: {}
COMMAND: POST /session/9cfd67d3348077eadf4ec856fad7fe91/element - {"using":"xpath","value":"//li[.//span[text()=\"available\"]]"}
RESULT: {"using":"xpath","value":"//li[.//span[text()=\"available\"]]"}
COMMAND: POST /session/9cfd67d3348077eadf4ec856fad7fe91/element/f.611EB16B8E3D36D28F8F7D4109D23A74.d.93DBB1C2AB450F97AFC94BB18BBE5279.e.1903/click - {}
RESULT: {}
COMMAND: GET /session/9cfd67d3348077eadf4ec856fad7fe91/screenshot - {}
RESULT: {}
COMMAND: POST /session/9cfd67d3348077eadf4ec856fad7fe91/element - {"using":"xpath","value":"(//bdi[contains(text(), \"OK\")])[1]"}
RESULT: {"using":"xpath","value":"(//bdi[contains(text(), \"OK\")])[1]"}
COMMAND: POST /session/9cfd67d3348077eadf4ec856fad7fe91/element/f.611EB16B8E3D36D28F8F7D4109D23A74.d.93DBB1C2AB450F97AFC94BB18BBE5279.e.1904/click - {}
RESULT: {}
COMMAND: GET /session/9cfd67d3348077eadf4ec856fad7fe91/screenshot - {}
RESULT: {}
COMMAND: POST /session/9cfd67d3348077eadf4ec856fad7fe91/element - {"using":"xpath","value":"(//bdi[contains(text(), \"OK\")])[2]"}
RESULT: {"using":"xpath","value":"(//bdi[contains(text(), \"OK\")])[2]"}
COMMAND: POST /session/9cfd67d3348077eadf4ec856fad7fe91/element/f.611EB16B8E3D36D28F8F7D4109D23A74.d.93DBB1C2AB450F97AFC94BB18BBE5279.e.1908/click - {}
RESULT: {}
COMMAND: GET /session/9cfd67d3348077eadf4ec856fad7fe91/screenshot - {}
RESULT: {}
RESULT: undefined
COMMAND: POST /session/9cfd67d3348077eadf4ec856fad7fe91/execute/async - {"script":"<script> [776 bytes]","args":[{"enterText":"600002","selector":{"id":"application-ruinventorylist-display-component---Master--smartFilterBar-btnBasicSearch","interaction":{"idSuffix":"I"}},"clearTextFirst":true,"interactionType":"ENTER_TEXT"}]}
RESULT: {"script":"<script> [776 bytes]","args":[{"enterText":"600002","selector":{"id":"application-ruinventorylist-display-component---Master--smartFilterBar-btnBasicSearch","interaction":{"idSuffix":"I"}},"clearTextFirst":true,"interactionType":"ENTER_TEXT"}]}
COMMAND: POST /session/9cfd67d3348077eadf4ec856fad7fe91/actions - {"actions":[{"id":"action9","type":"key","parameters":{},"actions":[{"type":"keyDown","value":"î€‡"},{"type":"pause","duration":10},{"type":"keyUp","value":"î€‡"}]}]}
RESULT: {"actions":[{"id":"action9","type":"key","parameters":{},"actions":[{"type":"keyDown","value":"î€‡"},{"type":"pause","duration":10},{"type":"keyUp","value":"î€‡"}]}]}
COMMAND: GET /session/9cfd67d3348077eadf4ec856fad7fe91/screenshot - {}
RESULT: {}
COMMAND: POST /session/9cfd67d3348077eadf4ec856fad7fe91/element - {"using":"xpath","value":"//span[@id=\"application-ruinventorylist-display-component---Master--smartTableRuInventoryList-header-inner\"]"}
RESULT: {"using":"xpath","value":"//span[@id=\"application-ruinventorylist-display-component---Master--smartTableRuInventoryList-header-inner\"]"}
COMMAND: POST /session/9cfd67d3348077eadf4ec856fad7fe91/elements - {"using":"xpath","value":"//span[@id=\"application-ruinventorylist-display-component---Master--smartTableRuInventoryList-header-inner\"]"}
RESULT: {"using":"xpath","value":"//span[@id=\"application-ruinventorylist-display-component---Master--smartTableRuInventoryList-header-inner\"]"}
COMMAND: POST /session/9cfd67d3348077eadf4ec856fad7fe91/execute/sync - {"script":"<script> [56 bytes]","args":[{"element-6066-11e4-a52e-4f735466cecf":"f.611EB16B8E3D36D28F8F7D4109D23A74.d.93DBB1C2AB450F97AFC94BB18BBE5279.e.795","ELEMENT":"f.611EB16B8E3D36D28F8F7D4109D23A74.d.93DBB1C2AB450F97AFC94BB18BBE5279.e.795"}]}
RESULT: {"script":"<script> [56 bytes]","args":[{"element-6066-11e4-a52e-4f735466cecf":"f.611EB16B8E3D36D28F8F7D4109D23A74.d.93DBB1C2AB450F97AFC94BB18BBE5279.e.795","ELEMENT":"f.611EB16B8E3D36D28F8F7D4109D23A74.d.93DBB1C2AB450F97AFC94BB18BBE5279.e.795"}]}
COMMAND: POST /session/9cfd67d3348077eadf4ec856fad7fe91/element - {"using":"xpath","value":"//table[contains(@id, \"application-ruinventorylist-display-component---Master--tableRuInventoryList-listUl\")]/tbody/tr[1]/td[6]/div/span"}
COMMAND: GET /session/9cfd67d3348077eadf4ec856fad7fe91/screenshot - {}
RESULT: {"using":"xpath","value":"//table[contains(@id, \"application-ruinventorylist-display-component---Master--tableRuInventoryList-listUl\")]/tbody/tr[1]/td[6]/div/span"}
COMMAND: POST /session/9cfd67d3348077eadf4ec856fad7fe91/execute/sync - {"script":"<script> [56 bytes]","args":[{"element-6066-11e4-a52e-4f735466cecf":"f.611EB16B8E3D36D28F8F7D4109D23A74.d.93DBB1C2AB450F97AFC94BB18BBE5279.e.1927","ELEMENT":"f.611EB16B8E3D36D28F8F7D4109D23A74.d.93DBB1C2AB450F97AFC94BB18BBE5279.e.1927"}]}
RESULT: {}
RESULT: {"script":"<script> [56 bytes]","args":[{"element-6066-11e4-a52e-4f735466cecf":"f.611EB16B8E3D36D28F8F7D4109D23A74.d.93DBB1C2AB450F97AFC94BB18BBE5279.e.1927","ELEMENT":"f.611EB16B8E3D36D28F8F7D4109D23A74.d.93DBB1C2AB450F97AFC94BB18BBE5279.e.1927"}]}
COMMAND: POST /session/9cfd67d3348077eadf4ec856fad7fe91/element - {"using":"xpath","value":"//div[contains(@id, \"smartFilterBar-btnBasicSearch-reset\")]"}
COMMAND: GET /session/9cfd67d3348077eadf4ec856fad7fe91/screenshot - {}
RESULT: {"using":"xpath","value":"//div[contains(@id, \"smartFilterBar-btnBasicSearch-reset\")]"}
COMMAND: POST /session/9cfd67d3348077eadf4ec856fad7fe91/element/f.611EB16B8E3D36D28F8F7D4109D23A74.d.93DBB1C2AB450F97AFC94BB18BBE5279.e.811/click - {}
RESULT: {}
RESULT: {}
COMMAND: GET /session/9cfd67d3348077eadf4ec856fad7fe91/screenshot - {}
RESULT: {}
RESULT: undefined
COMMAND: POST /session/9cfd67d3348077eadf4ec856fad7fe91/execute/async - {"script":"<script> [776 bytes]","args":[{"enterText":"401002","selector":{"id":"application-ruinventorylist-display-component---Master--smartFilterBar-btnBasicSearch","interaction":{"idSuffix":"I"}},"clearTextFirst":true,"interactionType":"ENTER_TEXT"}]}
RESULT: {"script":"<script> [776 bytes]","args":[{"enterText":"401002","selector":{"id":"application-ruinventorylist-display-component---Master--smartFilterBar-btnBasicSearch","interaction":{"idSuffix":"I"}},"clearTextFirst":true,"interactionType":"ENTER_TEXT"}]}
COMMAND: POST /session/9cfd67d3348077eadf4ec856fad7fe91/actions - {"actions":[{"id":"action10","type":"key","parameters":{},"actions":[{"type":"keyDown","value":"î€‡"},{"type":"pause","duration":10},{"type":"keyUp","value":"î€‡"}]}]}
RESULT: {"actions":[{"id":"action10","type":"key","parameters":{},"actions":[{"type":"keyDown","value":"î€‡"},{"type":"pause","duration":10},{"type":"keyUp","value":"î€‡"}]}]}
COMMAND: GET /session/9cfd67d3348077eadf4ec856fad7fe91/screenshot - {}
RESULT: {}
COMMAND: POST /session/9cfd67d3348077eadf4ec856fad7fe91/element - {"using":"xpath","value":"//span[@id=\"application-ruinventorylist-display-component---Master--smartTableRuInventoryList-header-inner\"]"}
RESULT: {"using":"xpath","value":"//span[@id=\"application-ruinventorylist-display-component---Master--smartTableRuInventoryList-header-inner\"]"}
COMMAND: POST /session/9cfd67d3348077eadf4ec856fad7fe91/elements - {"using":"xpath","value":"//span[@id=\"application-ruinventorylist-display-component---Master--smartTableRuInventoryList-header-inner\"]"}
RESULT: {"using":"xpath","value":"//span[@id=\"application-ruinventorylist-display-component---Master--smartTableRuInventoryList-header-inner\"]"}
COMMAND: POST /session/9cfd67d3348077eadf4ec856fad7fe91/execute/sync - {"script":"<script> [56 bytes]","args":[{"element-6066-11e4-a52e-4f735466cecf":"f.611EB16B8E3D36D28F8F7D4109D23A74.d.93DBB1C2AB450F97AFC94BB18BBE5279.e.795","ELEMENT":"f.611EB16B8E3D36D28F8F7D4109D23A74.d.93DBB1C2AB450F97AFC94BB18BBE5279.e.795"}]}
RESULT: {"script":"<script> [56 bytes]","args":[{"element-6066-11e4-a52e-4f735466cecf":"f.611EB16B8E3D36D28F8F7D4109D23A74.d.93DBB1C2AB450F97AFC94BB18BBE5279.e.795","ELEMENT":"f.611EB16B8E3D36D28F8F7D4109D23A74.d.93DBB1C2AB450F97AFC94BB18BBE5279.e.795"}]}
COMMAND: POST /session/9cfd67d3348077eadf4ec856fad7fe91/element - {"using":"xpath","value":"//table[contains(@id, \"application-ruinventorylist-display-component---Master--tableRuInventoryList-listUl\")]/tbody/tr[1]/td[6]/div/span"}
COMMAND: GET /session/9cfd67d3348077eadf4ec856fad7fe91/screenshot - {}
RESULT: {"using":"xpath","value":"//table[contains(@id, \"application-ruinventorylist-display-component---Master--tableRuInventoryList-listUl\")]/tbody/tr[1]/td[6]/div/span"}
COMMAND: POST /session/9cfd67d3348077eadf4ec856fad7fe91/execute/sync - {"script":"<script> [56 bytes]","args":[{"element-6066-11e4-a52e-4f735466cecf":"f.611EB16B8E3D36D28F8F7D4109D23A74.d.93DBB1C2AB450F97AFC94BB18BBE5279.e.2019","ELEMENT":"f.611EB16B8E3D36D28F8F7D4109D23A74.d.93DBB1C2AB450F97AFC94BB18BBE5279.e.2019"}]}
RESULT: {}
RESULT: {"script":"<script> [56 bytes]","args":[{"element-6066-11e4-a52e-4f735466cecf":"f.611EB16B8E3D36D28F8F7D4109D23A74.d.93DBB1C2AB450F97AFC94BB18BBE5279.e.2019","ELEMENT":"f.611EB16B8E3D36D28F8F7D4109D23A74.d.93DBB1C2AB450F97AFC94BB18BBE5279.e.2019"}]}
COMMAND: POST /session/9cfd67d3348077eadf4ec856fad7fe91/element - {"using":"xpath","value":"//div[contains(@id, \"smartFilterBar-btnBasicSearch-reset\")]"}
COMMAND: GET /session/9cfd67d3348077eadf4ec856fad7fe91/screenshot - {}
RESULT: {"using":"xpath","value":"//div[contains(@id, \"smartFilterBar-btnBasicSearch-reset\")]"}
COMMAND: POST /session/9cfd67d3348077eadf4ec856fad7fe91/element/f.611EB16B8E3D36D28F8F7D4109D23A74.d.93DBB1C2AB450F97AFC94BB18BBE5279.e.811/click - {}
RESULT: {}
RESULT: {}
COMMAND: GET /session/9cfd67d3348077eadf4ec856fad7fe91/screenshot - {}
RESULT: {}
COMMAND: POST /session/9cfd67d3348077eadf4ec856fad7fe91/element - {"using":"css selector","value":"#shell-header-logo"}
RESULT: {"using":"css selector","value":"#shell-header-logo"}
COMMAND: POST /session/9cfd67d3348077eadf4ec856fad7fe91/element/f.611EB16B8E3D36D28F8F7D4109D23A74.d.93DBB1C2AB450F97AFC94BB18BBE5279.e.280/click - {}
RESULT: {}
COMMAND: GET /session/9cfd67d3348077eadf4ec856fad7fe91/screenshot - {}
RESULT: {}
]]></system-out>
    </testcase>
    <testcase classname="chrome.135_0_7049_96.windows.RU_Inventory_Mass_State_Change_Multiple_Items_US151066" name="Prerequisite Step 2 Should create a new equipment" time="141.569">
      <system-out><![CDATA[
COMMAND: POST /session/9cfd67d3348077eadf4ec856fad7fe91/execute/async - {"script":"<script> [1562 bytes]","args":[{"selector":{"controlType":"sap.m.GenericTile","properties":{"header":"Manage Resources"}},"wdio_ui5_key":"sapm.GenericTile{\"header\":\"Manage Resources\"}"}]}
RESULT: {"script":"<script> [1562 bytes]","args":[{"selector":{"controlType":"sap.m.GenericTile","properties":{"header":"Manage Resources"}},"wdio_ui5_key":"sapm.GenericTile{\"header\":\"Manage Resources\"}"}]}
RESULT: undefined
COMMAND: POST /session/9cfd67d3348077eadf4ec856fad7fe91/element - {"using":"xpath","value":"//*[@id=\"__tile39\"]"}
RESULT: {"using":"xpath","value":"//*[@id=\"__tile39\"]"}
COMMAND: POST /session/9cfd67d3348077eadf4ec856fad7fe91/element/f.611EB16B8E3D36D28F8F7D4109D23A74.d.93DBB1C2AB450F97AFC94BB18BBE5279.e.171/click - {}
RESULT: {}
COMMAND: POST /session/9cfd67d3348077eadf4ec856fad7fe91/element - {"using":"xpath","value":"//button[@data-kt=\"addNewRUOverflowToolbarButton\"]"}
COMMAND: GET /session/9cfd67d3348077eadf4ec856fad7fe91/screenshot - {}
RESULT: {"using":"xpath","value":"//button[@data-kt=\"addNewRUOverflowToolbarButton\"]"}
COMMAND: POST /session/9cfd67d3348077eadf4ec856fad7fe91/elements - {"using":"xpath","value":"//button[@data-kt=\"addNewRUOverflowToolbarButton\"]"}
RESULT: {}
RESULT: {"using":"xpath","value":"//button[@data-kt=\"addNewRUOverflowToolbarButton\"]"}
COMMAND: POST /session/9cfd67d3348077eadf4ec856fad7fe91/elements - {"using":"xpath","value":"//button[@data-kt=\"addNewRUOverflowToolbarButton\"]"}
RESULT: {"using":"xpath","value":"//button[@data-kt=\"addNewRUOverflowToolbarButton\"]"}
COMMAND: POST /session/9cfd67d3348077eadf4ec856fad7fe91/elements - {"using":"xpath","value":"//button[@data-kt=\"addNewRUOverflowToolbarButton\"]"}
RESULT: {"using":"xpath","value":"//button[@data-kt=\"addNewRUOverflowToolbarButton\"]"}
COMMAND: POST /session/9cfd67d3348077eadf4ec856fad7fe91/elements - {"using":"xpath","value":"//button[@data-kt=\"addNewRUOverflowToolbarButton\"]"}
RESULT: {"using":"xpath","value":"//button[@data-kt=\"addNewRUOverflowToolbarButton\"]"}
COMMAND: POST /session/9cfd67d3348077eadf4ec856fad7fe91/elements - {"using":"xpath","value":"//button[@data-kt=\"addNewRUOverflowToolbarButton\"]"}
RESULT: {"using":"xpath","value":"//button[@data-kt=\"addNewRUOverflowToolbarButton\"]"}
COMMAND: POST /session/9cfd67d3348077eadf4ec856fad7fe91/elements - {"using":"xpath","value":"//button[@data-kt=\"addNewRUOverflowToolbarButton\"]"}
RESULT: {"using":"xpath","value":"//button[@data-kt=\"addNewRUOverflowToolbarButton\"]"}
COMMAND: POST /session/9cfd67d3348077eadf4ec856fad7fe91/elements - {"using":"xpath","value":"//button[@data-kt=\"addNewRUOverflowToolbarButton\"]"}
RESULT: {"using":"xpath","value":"//button[@data-kt=\"addNewRUOverflowToolbarButton\"]"}
COMMAND: POST /session/9cfd67d3348077eadf4ec856fad7fe91/elements - {"using":"xpath","value":"//button[@data-kt=\"addNewRUOverflowToolbarButton\"]"}
RESULT: {"using":"xpath","value":"//button[@data-kt=\"addNewRUOverflowToolbarButton\"]"}
COMMAND: POST /session/9cfd67d3348077eadf4ec856fad7fe91/element - {"using":"xpath","value":"//button[@data-kt=\"addNewRUOverflowToolbarButton\"]"}
RESULT: {"using":"xpath","value":"//button[@data-kt=\"addNewRUOverflowToolbarButton\"]"}
COMMAND: POST /session/9cfd67d3348077eadf4ec856fad7fe91/execute/sync - {"script":"<script> [8489 bytes]","args":[{"element-6066-11e4-a52e-4f735466cecf":"f.611EB16B8E3D36D28F8F7D4109D23A74.d.93DBB1C2AB450F97AFC94BB18BBE5279.e.2133","ELEMENT":"f.611EB16B8E3D36D28F8F7D4109D23A74.d.93DBB1C2AB450F97AFC94BB18BBE5279.e.2133"}]}
RESULT: {"script":"<script> [8489 bytes]","args":[{"element-6066-11e4-a52e-4f735466cecf":"f.611EB16B8E3D36D28F8F7D4109D23A74.d.93DBB1C2AB450F97AFC94BB18BBE5279.e.2133","ELEMENT":"f.611EB16B8E3D36D28F8F7D4109D23A74.d.93DBB1C2AB450F97AFC94BB18BBE5279.e.2133"}]}
COMMAND: GET /session/9cfd67d3348077eadf4ec856fad7fe91/element/f.611EB16B8E3D36D28F8F7D4109D23A74.d.93DBB1C2AB450F97AFC94BB18BBE5279.e.2133/enabled - {}
COMMAND: GET /session/9cfd67d3348077eadf4ec856fad7fe91/screenshot - {}
RESULT: {}
COMMAND: POST /session/9cfd67d3348077eadf4ec856fad7fe91/execute/sync - {"script":"<script> [8489 bytes]","args":[{"element-6066-11e4-a52e-4f735466cecf":"f.611EB16B8E3D36D28F8F7D4109D23A74.d.93DBB1C2AB450F97AFC94BB18BBE5279.e.2133","ELEMENT":"f.611EB16B8E3D36D28F8F7D4109D23A74.d.93DBB1C2AB450F97AFC94BB18BBE5279.e.2133"}]}
COMMAND: GET /session/9cfd67d3348077eadf4ec856fad7fe91/screenshot - {}
RESULT: {}
RESULT: {"script":"<script> [8489 bytes]","args":[{"element-6066-11e4-a52e-4f735466cecf":"f.611EB16B8E3D36D28F8F7D4109D23A74.d.93DBB1C2AB450F97AFC94BB18BBE5279.e.2133","ELEMENT":"f.611EB16B8E3D36D28F8F7D4109D23A74.d.93DBB1C2AB450F97AFC94BB18BBE5279.e.2133"}]}
COMMAND: POST /session/9cfd67d3348077eadf4ec856fad7fe91/execute/sync - {"script":"<script> [5351 bytes]","args":[{"element-6066-11e4-a52e-4f735466cecf":"f.611EB16B8E3D36D28F8F7D4109D23A74.d.93DBB1C2AB450F97AFC94BB18BBE5279.e.2133","ELEMENT":"f.611EB16B8E3D36D28F8F7D4109D23A74.d.93DBB1C2AB450F97AFC94BB18BBE5279.e.2133"}]}
COMMAND: GET /session/9cfd67d3348077eadf4ec856fad7fe91/screenshot - {}
RESULT: {}
RESULT: {"script":"<script> [5351 bytes]","args":[{"element-6066-11e4-a52e-4f735466cecf":"f.611EB16B8E3D36D28F8F7D4109D23A74.d.93DBB1C2AB450F97AFC94BB18BBE5279.e.2133","ELEMENT":"f.611EB16B8E3D36D28F8F7D4109D23A74.d.93DBB1C2AB450F97AFC94BB18BBE5279.e.2133"}]}
COMMAND: POST /session/9cfd67d3348077eadf4ec856fad7fe91/element/f.611EB16B8E3D36D28F8F7D4109D23A74.d.93DBB1C2AB450F97AFC94BB18BBE5279.e.2133/click - {}
COMMAND: GET /session/9cfd67d3348077eadf4ec856fad7fe91/screenshot - {}
RESULT: {}
RESULT: {}
COMMAND: GET /session/9cfd67d3348077eadf4ec856fad7fe91/screenshot - {}
RESULT: {}
COMMAND: POST /session/9cfd67d3348077eadf4ec856fad7fe91/execute/async - {"script":"<script> [1562 bytes]","args":[{"selector":{"id":"application-manageresources-display-component---newResourceUnit--TYPE-arrow"},"wdio_ui5_key":"applicationmanageresources-display-component---newResourceUnit--TYPE-arrow"}]}
RESULT: {}
RESULT: {"script":"<script> [1562 bytes]","args":[{"selector":{"id":"application-manageresources-display-component---newResourceUnit--TYPE-arrow"},"wdio_ui5_key":"applicationmanageresources-display-component---newResourceUnit--TYPE-arrow"}]}
RESULT: undefined
COMMAND: POST /session/9cfd67d3348077eadf4ec856fad7fe91/element - {"using":"xpath","value":"//*[@id=\"application-manageresources-display-component---newResourceUnit--TYPE-arrow\"]"}
RESULT: {"using":"xpath","value":"//*[@id=\"application-manageresources-display-component---newResourceUnit--TYPE-arrow\"]"}
COMMAND: POST /session/9cfd67d3348077eadf4ec856fad7fe91/element/f.611EB16B8E3D36D28F8F7D4109D23A74.d.93DBB1C2AB450F97AFC94BB18BBE5279.e.2494/click - {}
RESULT: {}
COMMAND: POST /session/9cfd67d3348077eadf4ec856fad7fe91/element - {"using":"xpath","value":"//input[@id=\"application-manageresources-display-component---newResourceUnit--TYPE-inner\"]"}
COMMAND: GET /session/9cfd67d3348077eadf4ec856fad7fe91/screenshot - {}
RESULT: {"using":"xpath","value":"//input[@id=\"application-manageresources-display-component---newResourceUnit--TYPE-inner\"]"}
COMMAND: POST /session/9cfd67d3348077eadf4ec856fad7fe91/element/f.611EB16B8E3D36D28F8F7D4109D23A74.d.93DBB1C2AB450F97AFC94BB18BBE5279.e.2483/clear - {}
RESULT: {}
RESULT: {}
COMMAND: POST /session/9cfd67d3348077eadf4ec856fad7fe91/element/f.611EB16B8E3D36D28F8F7D4109D23A74.d.93DBB1C2AB450F97AFC94BB18BBE5279.e.2483/value - {"text":"Equipment"}
COMMAND: GET /session/9cfd67d3348077eadf4ec856fad7fe91/screenshot - {}
RESULT: {"text":"Equipment"}
COMMAND: GET /session/9cfd67d3348077eadf4ec856fad7fe91/screenshot - {}
RESULT: {}
RESULT: {}
COMMAND: POST /session/9cfd67d3348077eadf4ec856fad7fe91/actions - {"actions":[{"id":"action11","type":"key","parameters":{},"actions":[{"type":"keyDown","value":"î€‡"},{"type":"pause","duration":10},{"type":"keyUp","value":"î€‡"}]}]}
RESULT: {"actions":[{"id":"action11","type":"key","parameters":{},"actions":[{"type":"keyDown","value":"î€‡"},{"type":"pause","duration":10},{"type":"keyUp","value":"î€‡"}]}]}
COMMAND: POST /session/9cfd67d3348077eadf4ec856fad7fe91/execute/async - {"script":"<script> [1562 bytes]","args":[{"selector":{"id":"application-manageresources-display-component---newResourceUnit--resourceId","interaction":{"idSuffix":"inner"}},"wdio_ui5_key":"applicationmanageresources-display-component---newResourceUnit--resourceId"}]}
COMMAND: GET /session/9cfd67d3348077eadf4ec856fad7fe91/screenshot - {}
RESULT: {"script":"<script> [1562 bytes]","args":[{"selector":{"id":"application-manageresources-display-component---newResourceUnit--resourceId","interaction":{"idSuffix":"inner"}},"wdio_ui5_key":"applicationmanageresources-display-component---newResourceUnit--resourceId"}]}
RESULT: undefined
COMMAND: POST /session/9cfd67d3348077eadf4ec856fad7fe91/execute/async - {"script":"<script> [776 bytes]","args":[{"enterText":"DnpD5Vx8qV","selector":{"id":"application-manageresources-display-component---newResourceUnit--resourceId","interaction":{"idSuffix":"inner"}},"clearTextFirst":true,"interactionType":"ENTER_TEXT"}]}
RESULT: {}
RESULT: {"script":"<script> [776 bytes]","args":[{"enterText":"DnpD5Vx8qV","selector":{"id":"application-manageresources-display-component---newResourceUnit--resourceId","interaction":{"idSuffix":"inner"}},"clearTextFirst":true,"interactionType":"ENTER_TEXT"}]}
COMMAND: POST /session/9cfd67d3348077eadf4ec856fad7fe91/execute/async - {"script":"<script> [1562 bytes]","args":[{"selector":{"id":"application-manageresources-display-component---newResourceUnit--SHORT_TEXT","interaction":{"idSuffix":"inner"}},"wdio_ui5_key":"applicationmanageresources-display-component---newResourceUnit--SHORT_TEXT"}]}
RESULT: {"script":"<script> [1562 bytes]","args":[{"selector":{"id":"application-manageresources-display-component---newResourceUnit--SHORT_TEXT","interaction":{"idSuffix":"inner"}},"wdio_ui5_key":"applicationmanageresources-display-component---newResourceUnit--SHORT_TEXT"}]}
RESULT: undefined
COMMAND: POST /session/9cfd67d3348077eadf4ec856fad7fe91/execute/async - {"script":"<script> [776 bytes]","args":[{"enterText":"Intercompany Equipment WDIO","selector":{"id":"application-manageresources-display-component---newResourceUnit--SHORT_TEXT","interaction":{"idSuffix":"inner"}},"clearTextFirst":true,"interactionType":"ENTER_TEXT"}]}
RESULT: {"script":"<script> [776 bytes]","args":[{"enterText":"Intercompany Equipment WDIO","selector":{"id":"application-manageresources-display-component---newResourceUnit--SHORT_TEXT","interaction":{"idSuffix":"inner"}},"clearTextFirst":true,"interactionType":"ENTER_TEXT"}]}
COMMAND: POST /session/9cfd67d3348077eadf4ec856fad7fe91/execute/async - {"script":"<script> [1562 bytes]","args":[{"selector":{"id":"application-manageresources-display-component---newResourceUnit--BASE_UNIT_OF_MEASURE","interaction":{"idSuffix":"inner"}},"wdio_ui5_key":"applicationmanageresources-display-component---newResourceUnit--BASE_UNIT_OF_MEASURE"}]}
RESULT: {"script":"<script> [1562 bytes]","args":[{"selector":{"id":"application-manageresources-display-component---newResourceUnit--BASE_UNIT_OF_MEASURE","interaction":{"idSuffix":"inner"}},"wdio_ui5_key":"applicationmanageresources-display-component---newResourceUnit--BASE_UNIT_OF_MEASURE"}]}
RESULT: undefined
COMMAND: POST /session/9cfd67d3348077eadf4ec856fad7fe91/execute/async - {"script":"<script> [776 bytes]","args":[{"enterText":"Piece","selector":{"id":"application-manageresources-display-component---newResourceUnit--BASE_UNIT_OF_MEASURE","interaction":{"idSuffix":"inner"}},"clearTextFirst":true,"interactionType":"ENTER_TEXT"}]}
RESULT: {"script":"<script> [776 bytes]","args":[{"enterText":"Piece","selector":{"id":"application-manageresources-display-component---newResourceUnit--BASE_UNIT_OF_MEASURE","interaction":{"idSuffix":"inner"}},"clearTextFirst":true,"interactionType":"ENTER_TEXT"}]}
COMMAND: POST /session/9cfd67d3348077eadf4ec856fad7fe91/execute/async - {"script":"<script> [1562 bytes]","args":[{"selector":{"id":"application-manageresources-display-component---newResourceUnit--WEIGHT_UNIT","interaction":{"idSuffix":"inner"}},"wdio_ui5_key":"applicationmanageresources-display-component---newResourceUnit--WEIGHT_UNIT"}]}
RESULT: {"script":"<script> [1562 bytes]","args":[{"selector":{"id":"application-manageresources-display-component---newResourceUnit--WEIGHT_UNIT","interaction":{"idSuffix":"inner"}},"wdio_ui5_key":"applicationmanageresources-display-component---newResourceUnit--WEIGHT_UNIT"}]}
RESULT: undefined
COMMAND: POST /session/9cfd67d3348077eadf4ec856fad7fe91/execute/async - {"script":"<script> [776 bytes]","args":[{"enterText":"Gram","selector":{"id":"application-manageresources-display-component---newResourceUnit--WEIGHT_UNIT","interaction":{"idSuffix":"inner"}},"clearTextFirst":true,"interactionType":"ENTER_TEXT"}]}
RESULT: {"script":"<script> [776 bytes]","args":[{"enterText":"Gram","selector":{"id":"application-manageresources-display-component---newResourceUnit--WEIGHT_UNIT","interaction":{"idSuffix":"inner"}},"clearTextFirst":true,"interactionType":"ENTER_TEXT"}]}
COMMAND: POST /session/9cfd67d3348077eadf4ec856fad7fe91/execute/async - {"script":"<script> [1562 bytes]","args":[{"selector":{"id":"application-manageresources-display-component---newResourceUnit--DIMENSION_UNIT","interaction":{"idSuffix":"inner"}},"wdio_ui5_key":"applicationmanageresources-display-component---newResourceUnit--DIMENSION_UNIT"}]}
RESULT: {"script":"<script> [1562 bytes]","args":[{"selector":{"id":"application-manageresources-display-component---newResourceUnit--DIMENSION_UNIT","interaction":{"idSuffix":"inner"}},"wdio_ui5_key":"applicationmanageresources-display-component---newResourceUnit--DIMENSION_UNIT"}]}
RESULT: undefined
COMMAND: POST /session/9cfd67d3348077eadf4ec856fad7fe91/execute/async - {"script":"<script> [776 bytes]","args":[{"enterText":"Meter","selector":{"id":"application-manageresources-display-component---newResourceUnit--DIMENSION_UNIT","interaction":{"idSuffix":"inner"}},"clearTextFirst":true,"interactionType":"ENTER_TEXT"}]}
RESULT: {"script":"<script> [776 bytes]","args":[{"enterText":"Meter","selector":{"id":"application-manageresources-display-component---newResourceUnit--DIMENSION_UNIT","interaction":{"idSuffix":"inner"}},"clearTextFirst":true,"interactionType":"ENTER_TEXT"}]}
COMMAND: POST /session/9cfd67d3348077eadf4ec856fad7fe91/execute/async - {"script":"<script> [1562 bytes]","args":[{"selector":{"id":"application-manageresources-display-component---newResourceUnit--newRRUPage-anchBar-application-manageresources-display-component---newResourceUnit--control-anchor","interaction":{"idSuffix":"BDI-content"}},"wdio_ui5_key":"applicationmanageresources-display-component---newResourceUnit--newRRUPage-anchBar-application-manageresources-display-component---newResourceUnit--control-anchor"}]}
RESULT: {"script":"<script> [1562 bytes]","args":[{"selector":{"id":"application-manageresources-display-component---newResourceUnit--newRRUPage-anchBar-application-manageresources-display-component---newResourceUnit--control-anchor","interaction":{"idSuffix":"BDI-content"}},"wdio_ui5_key":"applicationmanageresources-display-component---newResourceUnit--newRRUPage-anchBar-application-manageresources-display-component---newResourceUnit--control-anchor"}]}
RESULT: undefined
COMMAND: POST /session/9cfd67d3348077eadf4ec856fad7fe91/element - {"using":"xpath","value":"//*[@id=\"application-manageresources-display-component---newResourceUnit--newRRUPage-anchBar-application-manageresources-display-component---newResourceUnit--control-anchor\"]"}
RESULT: {"using":"xpath","value":"//*[@id=\"application-manageresources-display-component---newResourceUnit--newRRUPage-anchBar-application-manageresources-display-component---newResourceUnit--control-anchor\"]"}
COMMAND: POST /session/9cfd67d3348077eadf4ec856fad7fe91/element/f.611EB16B8E3D36D28F8F7D4109D23A74.d.93DBB1C2AB450F97AFC94BB18BBE5279.e.2630/click - {}
RESULT: {}
COMMAND: POST /session/9cfd67d3348077eadf4ec856fad7fe91/execute/async - {"script":"<script> [1562 bytes]","args":[{"selector":{"id":"application-manageresources-display-component---newResourceUnit--PLANNING_GROUP","interaction":{"idSuffix":"inner"}},"wdio_ui5_key":"applicationmanageresources-display-component---newResourceUnit--PLANNING_GROUP"}]}
COMMAND: GET /session/9cfd67d3348077eadf4ec856fad7fe91/screenshot - {}
RESULT: {"script":"<script> [1562 bytes]","args":[{"selector":{"id":"application-manageresources-display-component---newResourceUnit--PLANNING_GROUP","interaction":{"idSuffix":"inner"}},"wdio_ui5_key":"applicationmanageresources-display-component---newResourceUnit--PLANNING_GROUP"}]}
RESULT: undefined
COMMAND: POST /session/9cfd67d3348077eadf4ec856fad7fe91/execute/async - {"script":"<script> [776 bytes]","args":[{"enterText":"Heavy Equi","selector":{"id":"application-manageresources-display-component---newResourceUnit--PLANNING_GROUP","interaction":{"idSuffix":"inner"}},"clearTextFirst":true,"interactionType":"ENTER_TEXT"}]}
RESULT: {}
RESULT: {"script":"<script> [776 bytes]","args":[{"enterText":"Heavy Equi","selector":{"id":"application-manageresources-display-component---newResourceUnit--PLANNING_GROUP","interaction":{"idSuffix":"inner"}},"clearTextFirst":true,"interactionType":"ENTER_TEXT"}]}
COMMAND: POST /session/9cfd67d3348077eadf4ec856fad7fe91/execute/async - {"script":"<script> [1562 bytes]","args":[{"selector":{"id":"application-manageresources-display-component---newResourceUnit--ITEM_TYPE-arrow"},"wdio_ui5_key":"applicationmanageresources-display-component---newResourceUnit--ITEM_TYPE-arrow"}]}
RESULT: {"script":"<script> [1562 bytes]","args":[{"selector":{"id":"application-manageresources-display-component---newResourceUnit--ITEM_TYPE-arrow"},"wdio_ui5_key":"applicationmanageresources-display-component---newResourceUnit--ITEM_TYPE-arrow"}]}
RESULT: undefined
COMMAND: POST /session/9cfd67d3348077eadf4ec856fad7fe91/element - {"using":"xpath","value":"//*[@id=\"application-manageresources-display-component---newResourceUnit--ITEM_TYPE-arrow\"]"}
RESULT: {"using":"xpath","value":"//*[@id=\"application-manageresources-display-component---newResourceUnit--ITEM_TYPE-arrow\"]"}
COMMAND: POST /session/9cfd67d3348077eadf4ec856fad7fe91/element/f.611EB16B8E3D36D28F8F7D4109D23A74.d.93DBB1C2AB450F97AFC94BB18BBE5279.e.2637/click - {}
RESULT: {}
COMMAND: POST /session/9cfd67d3348077eadf4ec856fad7fe91/element - {"using":"xpath","value":"(//span[contains(text(), \"Resource Unit\")])[2]"}
COMMAND: GET /session/9cfd67d3348077eadf4ec856fad7fe91/screenshot - {}
RESULT: {"using":"xpath","value":"(//span[contains(text(), \"Resource Unit\")])[2]"}
COMMAND: POST /session/9cfd67d3348077eadf4ec856fad7fe91/element/f.611EB16B8E3D36D28F8F7D4109D23A74.d.93DBB1C2AB450F97AFC94BB18BBE5279.e.2638/click - {}
RESULT: {}
RESULT: {}
COMMAND: GET /session/9cfd67d3348077eadf4ec856fad7fe91/screenshot - {}
RESULT: {}
COMMAND: POST /session/9cfd67d3348077eadf4ec856fad7fe91/element - {"using":"css selector","value":"#application-manageresources-display-component---newResourceUnit--btnAddTimeSegment"}
RESULT: {"using":"css selector","value":"#application-manageresources-display-component---newResourceUnit--btnAddTimeSegment"}
COMMAND: GET /session/9cfd67d3348077eadf4ec856fad7fe91/element/f.611EB16B8E3D36D28F8F7D4109D23A74.d.93DBB1C2AB450F97AFC94BB18BBE5279.e.2639/rect - {}
RESULT: {}
COMMAND: GET /session/9cfd67d3348077eadf4ec856fad7fe91/window/rect - {}
RESULT: {}
COMMAND: POST /session/9cfd67d3348077eadf4ec856fad7fe91/execute/sync - {"script":"<script> [92 bytes]","args":[]}
RESULT: {"script":"<script> [92 bytes]","args":[]}
COMMAND: POST /session/9cfd67d3348077eadf4ec856fad7fe91/actions - {"actions":[{"id":"action12","type":"wheel","parameters":{},"actions":[{"type":"scroll","x":-1888,"y":-32,"deltaX":0,"deltaY":0,"duration":0,"origin":{"element-6066-11e4-a52e-4f735466cecf":"f.611EB16B8E3D36D28F8F7D4109D23A74.d.93DBB1C2AB450F97AFC94BB18BBE5279.e.2639"}}]}]}
COMMAND: GET /session/9cfd67d3348077eadf4ec856fad7fe91/screenshot - {}
RESULT: {}
COMMAND: POST /session/9cfd67d3348077eadf4ec856fad7fe91/execute/sync - {"script":"<script> [79 bytes]","args":[{"element-6066-11e4-a52e-4f735466cecf":"f.611EB16B8E3D36D28F8F7D4109D23A74.d.93DBB1C2AB450F97AFC94BB18BBE5279.e.2639","ELEMENT":"f.611EB16B8E3D36D28F8F7D4109D23A74.d.93DBB1C2AB450F97AFC94BB18BBE5279.e.2639"},{"block":"start","inline":"nearest"}]}
RESULT: {"script":"<script> [79 bytes]","args":[{"element-6066-11e4-a52e-4f735466cecf":"f.611EB16B8E3D36D28F8F7D4109D23A74.d.93DBB1C2AB450F97AFC94BB18BBE5279.e.2639","ELEMENT":"f.611EB16B8E3D36D28F8F7D4109D23A74.d.93DBB1C2AB450F97AFC94BB18BBE5279.e.2639"},{"block":"start","inline":"nearest"}]}
COMMAND: POST /session/9cfd67d3348077eadf4ec856fad7fe91/execute/async - {"script":"<script> [1562 bytes]","args":[{"selector":{"id":"application-manageresources-display-component---newResourceUnit--btnAddTimeSegment","interaction":{"idSuffix":"inner"}},"wdio_ui5_key":"applicationmanageresources-display-component---newResourceUnit--btnAddTimeSegment"}]}
COMMAND: GET /session/9cfd67d3348077eadf4ec856fad7fe91/screenshot - {}
RESULT: {"script":"<script> [1562 bytes]","args":[{"selector":{"id":"application-manageresources-display-component---newResourceUnit--btnAddTimeSegment","interaction":{"idSuffix":"inner"}},"wdio_ui5_key":"applicationmanageresources-display-component---newResourceUnit--btnAddTimeSegment"}]}
RESULT: undefined
COMMAND: POST /session/9cfd67d3348077eadf4ec856fad7fe91/element - {"using":"xpath","value":"//*[@id=\"application-manageresources-display-component---newResourceUnit--btnAddTimeSegment\"]"}
RESULT: {}
RESULT: {"using":"xpath","value":"//*[@id=\"application-manageresources-display-component---newResourceUnit--btnAddTimeSegment\"]"}
COMMAND: POST /session/9cfd67d3348077eadf4ec856fad7fe91/element/f.611EB16B8E3D36D28F8F7D4109D23A74.d.93DBB1C2AB450F97AFC94BB18BBE5279.e.2639/click - {}
RESULT: {}
COMMAND: GET /session/9cfd67d3348077eadf4ec856fad7fe91/screenshot - {}
RESULT: {}
COMMAND: POST /session/9cfd67d3348077eadf4ec856fad7fe91/element - {"using":"xpath","value":"//input[@id=\"application-manageresources-display-component---newResourceUnit--idRuTSAdmin-application-manageresources-display-component---newResourceUnit--RUTimeSegment-0-inner\"]"}
RESULT: {"using":"xpath","value":"//input[@id=\"application-manageresources-display-component---newResourceUnit--idRuTSAdmin-application-manageresources-display-component---newResourceUnit--RUTimeSegment-0-inner\"]"}
COMMAND: POST /session/9cfd67d3348077eadf4ec856fad7fe91/element/f.611EB16B8E3D36D28F8F7D4109D23A74.d.93DBB1C2AB450F97AFC94BB18BBE5279.e.2645/clear - {}
RESULT: {}
COMMAND: POST /session/9cfd67d3348077eadf4ec856fad7fe91/element/f.611EB16B8E3D36D28F8F7D4109D23A74.d.93DBB1C2AB450F97AFC94BB18BBE5279.e.2645/value - {"text":"109"}
COMMAND: GET /session/9cfd67d3348077eadf4ec856fad7fe91/screenshot - {}
RESULT: {"text":"109"}
COMMAND: GET /session/9cfd67d3348077eadf4ec856fad7fe91/screenshot - {}
RESULT: {}
RESULT: {}
COMMAND: POST /session/9cfd67d3348077eadf4ec856fad7fe91/element - {"using":"xpath","value":"//li[.//span[text()='109']]"}
RESULT: {"using":"xpath","value":"//li[.//span[text()='109']]"}
COMMAND: POST /session/9cfd67d3348077eadf4ec856fad7fe91/element/f.611EB16B8E3D36D28F8F7D4109D23A74.d.93DBB1C2AB450F97AFC94BB18BBE5279.e.2659/click - {}
RESULT: {}
COMMAND: GET /session/9cfd67d3348077eadf4ec856fad7fe91/screenshot - {}
RESULT: {}
COMMAND: POST /session/9cfd67d3348077eadf4ec856fad7fe91/element - {"using":"xpath","value":"(//span[contains(@id, \"-application-manageresources-display-component---newResourceUnit--RUTimeSegment-0-arrow\")])[6]"}
RESULT: {"using":"xpath","value":"(//span[contains(@id, \"-application-manageresources-display-component---newResourceUnit--RUTimeSegment-0-arrow\")])[6]"}
COMMAND: POST /session/9cfd67d3348077eadf4ec856fad7fe91/element/f.611EB16B8E3D36D28F8F7D4109D23A74.d.93DBB1C2AB450F97AFC94BB18BBE5279.e.2660/click - {}
RESULT: {}
COMMAND: GET /session/9cfd67d3348077eadf4ec856fad7fe91/screenshot - {}
RESULT: {}
COMMAND: POST /session/9cfd67d3348077eadf4ec856fad7fe91/element - {"using":"xpath","value":"//span[contains(text(), \"PM Order\")]"}
RESULT: {"using":"xpath","value":"//span[contains(text(), \"PM Order\")]"}
COMMAND: POST /session/9cfd67d3348077eadf4ec856fad7fe91/element/f.611EB16B8E3D36D28F8F7D4109D23A74.d.93DBB1C2AB450F97AFC94BB18BBE5279.e.2663/click - {}
RESULT: {}
COMMAND: GET /session/9cfd67d3348077eadf4ec856fad7fe91/screenshot - {}
RESULT: {}
COMMAND: POST /session/9cfd67d3348077eadf4ec856fad7fe91/element - {"using":"xpath","value":"(//span[contains(@id ,\"manageresources-display-component---newResourceUnit--RUTimeSegment-0-vhi\")])[1]"}
RESULT: {"using":"xpath","value":"(//span[contains(@id ,\"manageresources-display-component---newResourceUnit--RUTimeSegment-0-vhi\")])[1]"}
COMMAND: GET /session/9cfd67d3348077eadf4ec856fad7fe91/element/f.611EB16B8E3D36D28F8F7D4109D23A74.d.93DBB1C2AB450F97AFC94BB18BBE5279.e.2667/rect - {}
RESULT: {}
COMMAND: GET /session/9cfd67d3348077eadf4ec856fad7fe91/window/rect - {}
RESULT: {}
COMMAND: POST /session/9cfd67d3348077eadf4ec856fad7fe91/execute/sync - {"script":"<script> [92 bytes]","args":[]}
RESULT: {"script":"<script> [92 bytes]","args":[]}
COMMAND: POST /session/9cfd67d3348077eadf4ec856fad7fe91/actions - {"actions":[{"id":"action13","type":"wheel","parameters":{},"actions":[{"type":"scroll","x":-869,"y":-24,"deltaX":0,"deltaY":0,"duration":0,"origin":{"element-6066-11e4-a52e-4f735466cecf":"f.611EB16B8E3D36D28F8F7D4109D23A74.d.93DBB1C2AB450F97AFC94BB18BBE5279.e.2667"}}]}]}
COMMAND: GET /session/9cfd67d3348077eadf4ec856fad7fe91/screenshot - {}
RESULT: {"actions":[{"id":"action13","type":"wheel","parameters":{},"actions":[{"type":"scroll","x":-869,"y":-24,"deltaX":0,"deltaY":0,"duration":0,"origin":{"element-6066-11e4-a52e-4f735466cecf":"f.611EB16B8E3D36D28F8F7D4109D23A74.d.93DBB1C2AB450F97AFC94BB18BBE5279.e.2667"}}]}]}
COMMAND: DELETE /session/9cfd67d3348077eadf4ec856fad7fe91/actions - {}
COMMAND: GET /session/9cfd67d3348077eadf4ec856fad7fe91/screenshot - {}
RESULT: {}
RESULT: {}
COMMAND: GET /session/9cfd67d3348077eadf4ec856fad7fe91/screenshot - {}
RESULT: {}
RESULT: {}
COMMAND: POST /session/9cfd67d3348077eadf4ec856fad7fe91/element/f.611EB16B8E3D36D28F8F7D4109D23A74.d.93DBB1C2AB450F97AFC94BB18BBE5279.e.2667/click - {}
RESULT: {}
COMMAND: GET /session/9cfd67d3348077eadf4ec856fad7fe91/screenshot - {}
RESULT: {}
COMMAND: POST /session/9cfd67d3348077eadf4ec856fad7fe91/execute/async - {"script":"<script> [1562 bytes]","args":[{"selector":{"controlType":"sap.m.SearchField","properties":{"placeholder":"Search"},"searchOpenDialogs":true,"interaction":{"idSuffix":"I"}},"wdio_ui5_key":"sapm.SearchField{\"placeholder\":\"Search\"}"}]}
RESULT: {"script":"<script> [1562 bytes]","args":[{"selector":{"controlType":"sap.m.SearchField","properties":{"placeholder":"Search"},"searchOpenDialogs":true,"interaction":{"idSuffix":"I"}},"wdio_ui5_key":"sapm.SearchField{\"placeholder\":\"Search\"}"}]}
RESULT: undefined
COMMAND: POST /session/9cfd67d3348077eadf4ec856fad7fe91/execute/async - {"script":"<script> [776 bytes]","args":[{"enterText":"4000360","selector":{"controlType":"sap.m.SearchField","properties":{"placeholder":"Search"},"searchOpenDialogs":true,"interaction":{"idSuffix":"I"}},"clearTextFirst":true,"interactionType":"ENTER_TEXT"}]}
RESULT: {"script":"<script> [776 bytes]","args":[{"enterText":"4000360","selector":{"controlType":"sap.m.SearchField","properties":{"placeholder":"Search"},"searchOpenDialogs":true,"interaction":{"idSuffix":"I"}},"clearTextFirst":true,"interactionType":"ENTER_TEXT"}]}
COMMAND: POST /session/9cfd67d3348077eadf4ec856fad7fe91/actions - {"actions":[{"id":"action14","type":"key","parameters":{},"actions":[{"type":"keyDown","value":"î€‡"},{"type":"pause","duration":10},{"type":"keyUp","value":"î€‡"}]}]}
RESULT: {"actions":[{"id":"action14","type":"key","parameters":{},"actions":[{"type":"keyDown","value":"î€‡"},{"type":"pause","duration":10},{"type":"keyUp","value":"î€‡"}]}]}
COMMAND: GET /session/9cfd67d3348077eadf4ec856fad7fe91/screenshot - {}
RESULT: {}
COMMAND: POST /session/9cfd67d3348077eadf4ec856fad7fe91/element - {"using":"xpath","value":"//td/div/span[contains(text(), \"BGL Vehicles\")]"}
RESULT: {"using":"xpath","value":"//td/div/span[contains(text(), \"BGL Vehicles\")]"}
COMMAND: POST /session/9cfd67d3348077eadf4ec856fad7fe91/element/f.611EB16B8E3D36D28F8F7D4109D23A74.d.93DBB1C2AB450F97AFC94BB18BBE5279.e.2688/click - {}
RESULT: {}
COMMAND: GET /session/9cfd67d3348077eadf4ec856fad7fe91/screenshot - {}
RESULT: {}
COMMAND: POST /session/9cfd67d3348077eadf4ec856fad7fe91/element - {"using":"xpath","value":"//bdi[contains(text(), \"OK\")]"}
RESULT: {"using":"xpath","value":"//bdi[contains(text(), \"OK\")]"}
COMMAND: POST /session/9cfd67d3348077eadf4ec856fad7fe91/element/f.611EB16B8E3D36D28F8F7D4109D23A74.d.93DBB1C2AB450F97AFC94BB18BBE5279.e.2689/click - {}
RESULT: {}
COMMAND: GET /session/9cfd67d3348077eadf4ec856fad7fe91/screenshot - {}
RESULT: {}
COMMAND: POST /session/9cfd67d3348077eadf4ec856fad7fe91/execute/async - {"script":"<script> [1562 bytes]","args":[{"selector":{"id":"application-manageresources-display-component---newResourceUnit--newRRUPage-anchBar-application-manageresources-display-component---newResourceUnit--resource-anchor","interaction":{"idSuffix":"BDI-content"}},"wdio_ui5_key":"applicationmanageresources-display-component---newResourceUnit--newRRUPage-anchBar-application-manageresources-display-component---newResourceUnit--resource-anchor"}]}
RESULT: {"script":"<script> [1562 bytes]","args":[{"selector":{"id":"application-manageresources-display-component---newResourceUnit--newRRUPage-anchBar-application-manageresources-display-component---newResourceUnit--resource-anchor","interaction":{"idSuffix":"BDI-content"}},"wdio_ui5_key":"applicationmanageresources-display-component---newResourceUnit--newRRUPage-anchBar-application-manageresources-display-component---newResourceUnit--resource-anchor"}]}
RESULT: undefined
COMMAND: POST /session/9cfd67d3348077eadf4ec856fad7fe91/element - {"using":"xpath","value":"//*[@id=\"application-manageresources-display-component---newResourceUnit--newRRUPage-anchBar-application-manageresources-display-component---newResourceUnit--resource-anchor\"]"}
RESULT: {"using":"xpath","value":"//*[@id=\"application-manageresources-display-component---newResourceUnit--newRRUPage-anchBar-application-manageresources-display-component---newResourceUnit--resource-anchor\"]"}
COMMAND: POST /session/9cfd67d3348077eadf4ec856fad7fe91/element/f.611EB16B8E3D36D28F8F7D4109D23A74.d.93DBB1C2AB450F97AFC94BB18BBE5279.e.2693/click - {}
RESULT: {}
COMMAND: POST /session/9cfd67d3348077eadf4ec856fad7fe91/execute/async - {"script":"<script> [1562 bytes]","args":[{"selector":{"id":"application-manageresources-display-component---newResourceUnit--PLANNED_DELIVERY_DATE","interaction":{"idSuffix":"inner"}},"wdio_ui5_key":"applicationmanageresources-display-component---newResourceUnit--PLANNED_DELIVERY_DATE"}]}
COMMAND: GET /session/9cfd67d3348077eadf4ec856fad7fe91/screenshot - {}
RESULT: {"script":"<script> [1562 bytes]","args":[{"selector":{"id":"application-manageresources-display-component---newResourceUnit--PLANNED_DELIVERY_DATE","interaction":{"idSuffix":"inner"}},"wdio_ui5_key":"applicationmanageresources-display-component---newResourceUnit--PLANNED_DELIVERY_DATE"}]}
RESULT: undefined
COMMAND: POST /session/9cfd67d3348077eadf4ec856fad7fe91/execute/async - {"script":"<script> [6424 bytes]","args":[{"element-6066-11e4-a52e-4f735466cecf":"f.611EB16B8E3D36D28F8F7D4109D23A74.d.93DBB1C2AB450F97AFC94BB18BBE5279.e.2552"},"setValue",["5/2/25"]]}
RESULT: {}
RESULT: {"script":"<script> [6424 bytes]","args":[{"element-6066-11e4-a52e-4f735466cecf":"f.611EB16B8E3D36D28F8F7D4109D23A74.d.93DBB1C2AB450F97AFC94BB18BBE5279.e.2552"},"setValue",["5/2/25"]]}
COMMAND: POST /session/9cfd67d3348077eadf4ec856fad7fe91/element - {"using":"xpath","value":"//button[@data-kt=\"resourceUnitSaveButton\"]"}
RESULT: {"using":"xpath","value":"//button[@data-kt=\"resourceUnitSaveButton\"]"}
COMMAND: POST /session/9cfd67d3348077eadf4ec856fad7fe91/element/f.611EB16B8E3D36D28F8F7D4109D23A74.d.93DBB1C2AB450F97AFC94BB18BBE5279.e.2512/click - {}
RESULT: {}
COMMAND: GET /session/9cfd67d3348077eadf4ec856fad7fe91/screenshot - {}
RESULT: {}
COMMAND: POST /session/9cfd67d3348077eadf4ec856fad7fe91/element - {"using":"xpath","value":"//bdi[contains(text(), \"Close\")]"}
RESULT: {"using":"xpath","value":"//bdi[contains(text(), \"Close\")]"}
COMMAND: POST /session/9cfd67d3348077eadf4ec856fad7fe91/element/f.611EB16B8E3D36D28F8F7D4109D23A74.d.93DBB1C2AB450F97AFC94BB18BBE5279.e.2701/click - {}
RESULT: {}
COMMAND: GET /session/9cfd67d3348077eadf4ec856fad7fe91/screenshot - {}
RESULT: {}
COMMAND: POST /session/9cfd67d3348077eadf4ec856fad7fe91/element - {"using":"xpath","value":"(//button[contains(@id ,\"actionsToolbar-overflowButton\")])[1]"}
RESULT: {"using":"xpath","value":"(//button[contains(@id ,\"actionsToolbar-overflowButton\")])[1]"}
COMMAND: POST /session/9cfd67d3348077eadf4ec856fad7fe91/element/f.611EB16B8E3D36D28F8F7D4109D23A74.d.93DBB1C2AB450F97AFC94BB18BBE5279.e.2735/click - {}
RESULT: {}
COMMAND: GET /session/9cfd67d3348077eadf4ec856fad7fe91/screenshot - {}
RESULT: {}
COMMAND: POST /session/9cfd67d3348077eadf4ec856fad7fe91/element - {"using":"xpath","value":"//button[@data-kt=\"priceInfoButton\"]"}
RESULT: {"using":"xpath","value":"//button[@data-kt=\"priceInfoButton\"]"}
COMMAND: POST /session/9cfd67d3348077eadf4ec856fad7fe91/element/f.611EB16B8E3D36D28F8F7D4109D23A74.d.93DBB1C2AB450F97AFC94BB18BBE5279.e.2737/click - {}
RESULT: {}
COMMAND: GET /session/9cfd67d3348077eadf4ec856fad7fe91/screenshot - {}
RESULT: {}
COMMAND: POST /session/9cfd67d3348077eadf4ec856fad7fe91/element - {"using":"css selector","value":"#shell-header-logo"}
RESULT: {"using":"css selector","value":"#shell-header-logo"}
COMMAND: POST /session/9cfd67d3348077eadf4ec856fad7fe91/element/f.611EB16B8E3D36D28F8F7D4109D23A74.d.93DBB1C2AB450F97AFC94BB18BBE5279.e.2105/click - {}
RESULT: {}
COMMAND: GET /session/9cfd67d3348077eadf4ec856fad7fe91/screenshot - {}
RESULT: {}
]]></system-out>
    </testcase>
    <testcase classname="chrome.135_0_7049_96.windows.RU_Inventory_Mass_State_Change_Multiple_Items_US151066" name="Prerequisite Step 2 Should create a new material" time="105.108">
      <system-out><![CDATA[
RESULT: undefined
COMMAND: POST /session/9cfd67d3348077eadf4ec856fad7fe91/element - {"using":"xpath","value":"//*[@id=\"__tile39\"]"}
RESULT: {"using":"xpath","value":"//*[@id=\"__tile39\"]"}
COMMAND: POST /session/9cfd67d3348077eadf4ec856fad7fe91/element/f.611EB16B8E3D36D28F8F7D4109D23A74.d.93DBB1C2AB450F97AFC94BB18BBE5279.e.171/click - {}
RESULT: {}
COMMAND: POST /session/9cfd67d3348077eadf4ec856fad7fe91/element - {"using":"xpath","value":"//button[@data-kt=\"addNewRUOverflowToolbarButton\"]"}
COMMAND: GET /session/9cfd67d3348077eadf4ec856fad7fe91/screenshot - {}
RESULT: {"using":"xpath","value":"//button[@data-kt=\"addNewRUOverflowToolbarButton\"]"}
COMMAND: POST /session/9cfd67d3348077eadf4ec856fad7fe91/elements - {"using":"xpath","value":"//button[@data-kt=\"addNewRUOverflowToolbarButton\"]"}
RESULT: {}
RESULT: {"using":"xpath","value":"//button[@data-kt=\"addNewRUOverflowToolbarButton\"]"}
COMMAND: POST /session/9cfd67d3348077eadf4ec856fad7fe91/element - {"using":"xpath","value":"//button[@data-kt=\"addNewRUOverflowToolbarButton\"]"}
RESULT: {"using":"xpath","value":"//button[@data-kt=\"addNewRUOverflowToolbarButton\"]"}
COMMAND: POST /session/9cfd67d3348077eadf4ec856fad7fe91/execute/sync - {"script":"<script> [8489 bytes]","args":[{"element-6066-11e4-a52e-4f735466cecf":"f.611EB16B8E3D36D28F8F7D4109D23A74.d.93DBB1C2AB450F97AFC94BB18BBE5279.e.2804","ELEMENT":"f.611EB16B8E3D36D28F8F7D4109D23A74.d.93DBB1C2AB450F97AFC94BB18BBE5279.e.2804"}]}
RESULT: {"script":"<script> [8489 bytes]","args":[{"element-6066-11e4-a52e-4f735466cecf":"f.611EB16B8E3D36D28F8F7D4109D23A74.d.93DBB1C2AB450F97AFC94BB18BBE5279.e.2804","ELEMENT":"f.611EB16B8E3D36D28F8F7D4109D23A74.d.93DBB1C2AB450F97AFC94BB18BBE5279.e.2804"}]}
COMMAND: GET /session/9cfd67d3348077eadf4ec856fad7fe91/element/f.611EB16B8E3D36D28F8F7D4109D23A74.d.93DBB1C2AB450F97AFC94BB18BBE5279.e.2804/enabled - {}
COMMAND: GET /session/9cfd67d3348077eadf4ec856fad7fe91/screenshot - {}
RESULT: {}
RESULT: {}
COMMAND: POST /session/9cfd67d3348077eadf4ec856fad7fe91/execute/sync - {"script":"<script> [8489 bytes]","args":[{"element-6066-11e4-a52e-4f735466cecf":"f.611EB16B8E3D36D28F8F7D4109D23A74.d.93DBB1C2AB450F97AFC94BB18BBE5279.e.2804","ELEMENT":"f.611EB16B8E3D36D28F8F7D4109D23A74.d.93DBB1C2AB450F97AFC94BB18BBE5279.e.2804"}]}
COMMAND: GET /session/9cfd67d3348077eadf4ec856fad7fe91/screenshot - {}
RESULT: {"script":"<script> [8489 bytes]","args":[{"element-6066-11e4-a52e-4f735466cecf":"f.611EB16B8E3D36D28F8F7D4109D23A74.d.93DBB1C2AB450F97AFC94BB18BBE5279.e.2804","ELEMENT":"f.611EB16B8E3D36D28F8F7D4109D23A74.d.93DBB1C2AB450F97AFC94BB18BBE5279.e.2804"}]}
COMMAND: POST /session/9cfd67d3348077eadf4ec856fad7fe91/execute/sync - {"script":"<script> [5351 bytes]","args":[{"element-6066-11e4-a52e-4f735466cecf":"f.611EB16B8E3D36D28F8F7D4109D23A74.d.93DBB1C2AB450F97AFC94BB18BBE5279.e.2804","ELEMENT":"f.611EB16B8E3D36D28F8F7D4109D23A74.d.93DBB1C2AB450F97AFC94BB18BBE5279.e.2804"}]}
COMMAND: GET /session/9cfd67d3348077eadf4ec856fad7fe91/screenshot - {}
RESULT: {}
RESULT: {"script":"<script> [5351 bytes]","args":[{"element-6066-11e4-a52e-4f735466cecf":"f.611EB16B8E3D36D28F8F7D4109D23A74.d.93DBB1C2AB450F97AFC94BB18BBE5279.e.2804","ELEMENT":"f.611EB16B8E3D36D28F8F7D4109D23A74.d.93DBB1C2AB450F97AFC94BB18BBE5279.e.2804"}]}
COMMAND: POST /session/9cfd67d3348077eadf4ec856fad7fe91/element/f.611EB16B8E3D36D28F8F7D4109D23A74.d.93DBB1C2AB450F97AFC94BB18BBE5279.e.2804/click - {}
COMMAND: GET /session/9cfd67d3348077eadf4ec856fad7fe91/screenshot - {}
RESULT: {}
RESULT: {}
COMMAND: GET /session/9cfd67d3348077eadf4ec856fad7fe91/screenshot - {}
RESULT: {}
RESULT: {}
RESULT: undefined
COMMAND: POST /session/9cfd67d3348077eadf4ec856fad7fe91/element - {"using":"xpath","value":"//*[@id=\"application-manageresources-display-component---newResourceUnit--TYPE-arrow\"]"}
RESULT: {"using":"xpath","value":"//*[@id=\"application-manageresources-display-component---newResourceUnit--TYPE-arrow\"]"}
COMMAND: POST /session/9cfd67d3348077eadf4ec856fad7fe91/element/f.611EB16B8E3D36D28F8F7D4109D23A74.d.93DBB1C2AB450F97AFC94BB18BBE5279.e.3150/click - {}
RESULT: {}
COMMAND: POST /session/9cfd67d3348077eadf4ec856fad7fe91/element - {"using":"xpath","value":"//input[@id=\"application-manageresources-display-component---newResourceUnit--TYPE-inner\"]"}
COMMAND: GET /session/9cfd67d3348077eadf4ec856fad7fe91/screenshot - {}
RESULT: {"using":"xpath","value":"//input[@id=\"application-manageresources-display-component---newResourceUnit--TYPE-inner\"]"}
COMMAND: POST /session/9cfd67d3348077eadf4ec856fad7fe91/element/f.611EB16B8E3D36D28F8F7D4109D23A74.d.93DBB1C2AB450F97AFC94BB18BBE5279.e.3137/clear - {}
RESULT: {}
RESULT: {}
COMMAND: POST /session/9cfd67d3348077eadf4ec856fad7fe91/element/f.611EB16B8E3D36D28F8F7D4109D23A74.d.93DBB1C2AB450F97AFC94BB18BBE5279.e.3137/value - {"text":"Material"}
COMMAND: GET /session/9cfd67d3348077eadf4ec856fad7fe91/screenshot - {}
RESULT: {"text":"Material"}
COMMAND: GET /session/9cfd67d3348077eadf4ec856fad7fe91/screenshot - {}
RESULT: {}
COMMAND: POST /session/9cfd67d3348077eadf4ec856fad7fe91/actions - {"actions":[{"id":"action15","type":"key","parameters":{},"actions":[{"type":"keyDown","value":"î€‡"},{"type":"pause","duration":10},{"type":"keyUp","value":"î€‡"}]}]}
RESULT: {}
RESULT: {"actions":[{"id":"action15","type":"key","parameters":{},"actions":[{"type":"keyDown","value":"î€‡"},{"type":"pause","duration":10},{"type":"keyUp","value":"î€‡"}]}]}
RESULT: undefined
COMMAND: POST /session/9cfd67d3348077eadf4ec856fad7fe91/execute/async - {"script":"<script> [776 bytes]","args":[{"enterText":"Cement WDIO","selector":{"id":"application-manageresources-display-component---newResourceUnit--SHORT_TEXT","interaction":{"idSuffix":"inner"}},"clearTextFirst":true,"interactionType":"ENTER_TEXT"}]}
COMMAND: GET /session/9cfd67d3348077eadf4ec856fad7fe91/screenshot - {}
RESULT: {"script":"<script> [776 bytes]","args":[{"enterText":"Cement WDIO","selector":{"id":"application-manageresources-display-component---newResourceUnit--SHORT_TEXT","interaction":{"idSuffix":"inner"}},"clearTextFirst":true,"interactionType":"ENTER_TEXT"}]}
RESULT: undefined
COMMAND: POST /session/9cfd67d3348077eadf4ec856fad7fe91/execute/async - {"script":"<script> [776 bytes]","args":[{"enterText":"Piece","selector":{"id":"application-manageresources-display-component---newResourceUnit--BASE_UNIT_OF_MEASURE","interaction":{"idSuffix":"inner"}},"clearTextFirst":true,"interactionType":"ENTER_TEXT"}]}
RESULT: {}
RESULT: {"script":"<script> [776 bytes]","args":[{"enterText":"Piece","selector":{"id":"application-manageresources-display-component---newResourceUnit--BASE_UNIT_OF_MEASURE","interaction":{"idSuffix":"inner"}},"clearTextFirst":true,"interactionType":"ENTER_TEXT"}]}
RESULT: undefined
COMMAND: POST /session/9cfd67d3348077eadf4ec856fad7fe91/execute/async - {"script":"<script> [776 bytes]","args":[{"enterText":"Gram","selector":{"id":"application-manageresources-display-component---newResourceUnit--WEIGHT_UNIT","interaction":{"idSuffix":"inner"}},"clearTextFirst":true,"interactionType":"ENTER_TEXT"}]}
RESULT: {"script":"<script> [776 bytes]","args":[{"enterText":"Gram","selector":{"id":"application-manageresources-display-component---newResourceUnit--WEIGHT_UNIT","interaction":{"idSuffix":"inner"}},"clearTextFirst":true,"interactionType":"ENTER_TEXT"}]}
RESULT: undefined
COMMAND: POST /session/9cfd67d3348077eadf4ec856fad7fe91/execute/async - {"script":"<script> [776 bytes]","args":[{"enterText":"Meter","selector":{"id":"application-manageresources-display-component---newResourceUnit--DIMENSION_UNIT","interaction":{"idSuffix":"inner"}},"clearTextFirst":true,"interactionType":"ENTER_TEXT"}]}
RESULT: {"script":"<script> [776 bytes]","args":[{"enterText":"Meter","selector":{"id":"application-manageresources-display-component---newResourceUnit--DIMENSION_UNIT","interaction":{"idSuffix":"inner"}},"clearTextFirst":true,"interactionType":"ENTER_TEXT"}]}
RESULT: undefined
COMMAND: POST /session/9cfd67d3348077eadf4ec856fad7fe91/element - {"using":"xpath","value":"//*[@id=\"application-manageresources-display-component---newResourceUnit--newRRUPage-anchBar-application-manageresources-display-component---newResourceUnit--control-anchor\"]"}
RESULT: {"using":"xpath","value":"//*[@id=\"application-manageresources-display-component---newResourceUnit--newRRUPage-anchBar-application-manageresources-display-component---newResourceUnit--control-anchor\"]"}
COMMAND: POST /session/9cfd67d3348077eadf4ec856fad7fe91/element/f.611EB16B8E3D36D28F8F7D4109D23A74.d.93DBB1C2AB450F97AFC94BB18BBE5279.e.3215/click - {}
RESULT: {}
RESULT: undefined
COMMAND: POST /session/9cfd67d3348077eadf4ec856fad7fe91/execute/async - {"script":"<script> [776 bytes]","args":[{"enterText":"Material","selector":{"id":"application-manageresources-display-component---newResourceUnit--PLANNING_GROUP","interaction":{"idSuffix":"inner"}},"clearTextFirst":true,"interactionType":"ENTER_TEXT"}]}
COMMAND: GET /session/9cfd67d3348077eadf4ec856fad7fe91/screenshot - {}
RESULT: {"script":"<script> [776 bytes]","args":[{"enterText":"Material","selector":{"id":"application-manageresources-display-component---newResourceUnit--PLANNING_GROUP","interaction":{"idSuffix":"inner"}},"clearTextFirst":true,"interactionType":"ENTER_TEXT"}]}
RESULT: {}
COMMAND: POST /session/9cfd67d3348077eadf4ec856fad7fe91/execute/async - {"script":"<script> [1562 bytes]","args":[{"selector":{"id":"application-manageresources-display-component---newResourceUnit--PLANNING_INDICATOR","interaction":{"idSuffix":"inner"}},"wdio_ui5_key":"applicationmanageresources-display-component---newResourceUnit--PLANNING_INDICATOR"}]}
RESULT: {"script":"<script> [1562 bytes]","args":[{"selector":{"id":"application-manageresources-display-component---newResourceUnit--PLANNING_INDICATOR","interaction":{"idSuffix":"inner"}},"wdio_ui5_key":"applicationmanageresources-display-component---newResourceUnit--PLANNING_INDICATOR"}]}
RESULT: undefined
COMMAND: POST /session/9cfd67d3348077eadf4ec856fad7fe91/execute/async - {"script":"<script> [776 bytes]","args":[{"enterText":"10 - infinite","selector":{"id":"application-manageresources-display-component---newResourceUnit--PLANNING_INDICATOR","interaction":{"idSuffix":"inner"}},"clearTextFirst":true,"interactionType":"ENTER_TEXT"}]}
RESULT: {"script":"<script> [776 bytes]","args":[{"enterText":"10 - infinite","selector":{"id":"application-manageresources-display-component---newResourceUnit--PLANNING_INDICATOR","interaction":{"idSuffix":"inner"}},"clearTextFirst":true,"interactionType":"ENTER_TEXT"}]}
COMMAND: POST /session/9cfd67d3348077eadf4ec856fad7fe91/element - {"using":"css selector","value":"#application-manageresources-display-component---newResourceUnit--btnAddTimeSegment"}
RESULT: {"using":"css selector","value":"#application-manageresources-display-component---newResourceUnit--btnAddTimeSegment"}
COMMAND: GET /session/9cfd67d3348077eadf4ec856fad7fe91/element/f.611EB16B8E3D36D28F8F7D4109D23A74.d.93DBB1C2AB450F97AFC94BB18BBE5279.e.3224/rect - {}
RESULT: {}
COMMAND: GET /session/9cfd67d3348077eadf4ec856fad7fe91/window/rect - {}
RESULT: {}
COMMAND: POST /session/9cfd67d3348077eadf4ec856fad7fe91/execute/sync - {"script":"<script> [92 bytes]","args":[]}
RESULT: {"script":"<script> [92 bytes]","args":[]}
COMMAND: POST /session/9cfd67d3348077eadf4ec856fad7fe91/actions - {"actions":[{"id":"action16","type":"wheel","parameters":{},"actions":[{"type":"scroll","x":-1888,"y":-32,"deltaX":0,"deltaY":0,"duration":0,"origin":{"element-6066-11e4-a52e-4f735466cecf":"f.611EB16B8E3D36D28F8F7D4109D23A74.d.93DBB1C2AB450F97AFC94BB18BBE5279.e.3224"}}]}]}
COMMAND: GET /session/9cfd67d3348077eadf4ec856fad7fe91/screenshot - {}
RESULT: {}
COMMAND: POST /session/9cfd67d3348077eadf4ec856fad7fe91/execute/sync - {"script":"<script> [79 bytes]","args":[{"element-6066-11e4-a52e-4f735466cecf":"f.611EB16B8E3D36D28F8F7D4109D23A74.d.93DBB1C2AB450F97AFC94BB18BBE5279.e.3224","ELEMENT":"f.611EB16B8E3D36D28F8F7D4109D23A74.d.93DBB1C2AB450F97AFC94BB18BBE5279.e.3224"},{"block":"start","inline":"nearest"}]}
RESULT: {"script":"<script> [79 bytes]","args":[{"element-6066-11e4-a52e-4f735466cecf":"f.611EB16B8E3D36D28F8F7D4109D23A74.d.93DBB1C2AB450F97AFC94BB18BBE5279.e.3224","ELEMENT":"f.611EB16B8E3D36D28F8F7D4109D23A74.d.93DBB1C2AB450F97AFC94BB18BBE5279.e.3224"},{"block":"start","inline":"nearest"}]}
RESULT: undefined
COMMAND: POST /session/9cfd67d3348077eadf4ec856fad7fe91/element - {"using":"xpath","value":"//*[@id=\"application-manageresources-display-component---newResourceUnit--btnAddTimeSegment\"]"}
COMMAND: GET /session/9cfd67d3348077eadf4ec856fad7fe91/screenshot - {}
RESULT: {"using":"xpath","value":"//*[@id=\"application-manageresources-display-component---newResourceUnit--btnAddTimeSegment\"]"}
COMMAND: POST /session/9cfd67d3348077eadf4ec856fad7fe91/element/f.611EB16B8E3D36D28F8F7D4109D23A74.d.93DBB1C2AB450F97AFC94BB18BBE5279.e.3224/click - {}
RESULT: {}
RESULT: {}
COMMAND: GET /session/9cfd67d3348077eadf4ec856fad7fe91/screenshot - {}
RESULT: {}
COMMAND: POST /session/9cfd67d3348077eadf4ec856fad7fe91/element - {"using":"xpath","value":"//input[@id=\"application-manageresources-display-component---newResourceUnit--idRuTSAdmin-application-manageresources-display-component---newResourceUnit--RUTimeSegment-0-inner\"]"}
RESULT: {"using":"xpath","value":"//input[@id=\"application-manageresources-display-component---newResourceUnit--idRuTSAdmin-application-manageresources-display-component---newResourceUnit--RUTimeSegment-0-inner\"]"}
COMMAND: POST /session/9cfd67d3348077eadf4ec856fad7fe91/element/f.611EB16B8E3D36D28F8F7D4109D23A74.d.93DBB1C2AB450F97AFC94BB18BBE5279.e.3228/clear - {}
RESULT: {}
COMMAND: POST /session/9cfd67d3348077eadf4ec856fad7fe91/element/f.611EB16B8E3D36D28F8F7D4109D23A74.d.93DBB1C2AB450F97AFC94BB18BBE5279.e.3228/value - {"text":"109"}
COMMAND: GET /session/9cfd67d3348077eadf4ec856fad7fe91/screenshot - {}
RESULT: {"text":"109"}
COMMAND: GET /session/9cfd67d3348077eadf4ec856fad7fe91/screenshot - {}
RESULT: {}
RESULT: {}
COMMAND: POST /session/9cfd67d3348077eadf4ec856fad7fe91/element - {"using":"xpath","value":"//li[.//span[text()='109']]"}
RESULT: {"using":"xpath","value":"//li[.//span[text()='109']]"}
COMMAND: POST /session/9cfd67d3348077eadf4ec856fad7fe91/element/f.611EB16B8E3D36D28F8F7D4109D23A74.d.93DBB1C2AB450F97AFC94BB18BBE5279.e.3238/click - {}
RESULT: {}
COMMAND: GET /session/9cfd67d3348077eadf4ec856fad7fe91/screenshot - {}
RESULT: {}
COMMAND: POST /session/9cfd67d3348077eadf4ec856fad7fe91/element - {"using":"xpath","value":"(//span[contains(@id, \"-application-manageresources-display-component---newResourceUnit--RUTimeSegment-0-arrow\")])[2]"}
RESULT: {"using":"xpath","value":"(//span[contains(@id, \"-application-manageresources-display-component---newResourceUnit--RUTimeSegment-0-arrow\")])[2]"}
COMMAND: POST /session/9cfd67d3348077eadf4ec856fad7fe91/element/f.611EB16B8E3D36D28F8F7D4109D23A74.d.93DBB1C2AB450F97AFC94BB18BBE5279.e.3239/click - {}
RESULT: {}
COMMAND: POST /session/9cfd67d3348077eadf4ec856fad7fe91/element - {"using":"xpath","value":"//span[contains(text(), \"PM Order\")]"}
COMMAND: GET /session/9cfd67d3348077eadf4ec856fad7fe91/screenshot - {}
RESULT: {"using":"xpath","value":"//span[contains(text(), \"PM Order\")]"}
COMMAND: POST /session/9cfd67d3348077eadf4ec856fad7fe91/element/f.611EB16B8E3D36D28F8F7D4109D23A74.d.93DBB1C2AB450F97AFC94BB18BBE5279.e.3240/click - {}
RESULT: {}
RESULT: {}
COMMAND: GET /session/9cfd67d3348077eadf4ec856fad7fe91/screenshot - {}
RESULT: {}
COMMAND: POST /session/9cfd67d3348077eadf4ec856fad7fe91/element - {"using":"xpath","value":"//td/div/div/div/span[contains(@id, \"newResourceUnit--RUTimeSegment-0-vhi\")][1]"}
RESULT: {"using":"xpath","value":"//td/div/div/div/span[contains(@id, \"newResourceUnit--RUTimeSegment-0-vhi\")][1]"}
COMMAND: GET /session/9cfd67d3348077eadf4ec856fad7fe91/element/f.611EB16B8E3D36D28F8F7D4109D23A74.d.93DBB1C2AB450F97AFC94BB18BBE5279.e.3244/rect - {}
RESULT: {}
COMMAND: GET /session/9cfd67d3348077eadf4ec856fad7fe91/window/rect - {}
RESULT: {}
COMMAND: POST /session/9cfd67d3348077eadf4ec856fad7fe91/execute/sync - {"script":"<script> [92 bytes]","args":[]}
RESULT: {"script":"<script> [92 bytes]","args":[]}
COMMAND: POST /session/9cfd67d3348077eadf4ec856fad7fe91/actions - {"actions":[{"id":"action17","type":"wheel","parameters":{},"actions":[{"type":"scroll","x":-1888,"y":-24,"deltaX":0,"deltaY":0,"duration":0,"origin":{"element-6066-11e4-a52e-4f735466cecf":"f.611EB16B8E3D36D28F8F7D4109D23A74.d.93DBB1C2AB450F97AFC94BB18BBE5279.e.3244"}}]}]}
COMMAND: GET /session/9cfd67d3348077eadf4ec856fad7fe91/screenshot - {}
RESULT: {}
COMMAND: POST /session/9cfd67d3348077eadf4ec856fad7fe91/execute/sync - {"script":"<script> [79 bytes]","args":[{"element-6066-11e4-a52e-4f735466cecf":"f.611EB16B8E3D36D28F8F7D4109D23A74.d.93DBB1C2AB450F97AFC94BB18BBE5279.e.3244","ELEMENT":"f.611EB16B8E3D36D28F8F7D4109D23A74.d.93DBB1C2AB450F97AFC94BB18BBE5279.e.3244"},{"block":"start","inline":"nearest"}]}
RESULT: {"script":"<script> [79 bytes]","args":[{"element-6066-11e4-a52e-4f735466cecf":"f.611EB16B8E3D36D28F8F7D4109D23A74.d.93DBB1C2AB450F97AFC94BB18BBE5279.e.3244","ELEMENT":"f.611EB16B8E3D36D28F8F7D4109D23A74.d.93DBB1C2AB450F97AFC94BB18BBE5279.e.3244"},{"block":"start","inline":"nearest"}]}
COMMAND: GET /session/9cfd67d3348077eadf4ec856fad7fe91/screenshot - {}
RESULT: {}
COMMAND: POST /session/9cfd67d3348077eadf4ec856fad7fe91/element/f.611EB16B8E3D36D28F8F7D4109D23A74.d.93DBB1C2AB450F97AFC94BB18BBE5279.e.3244/click - {}
RESULT: {}
COMMAND: GET /session/9cfd67d3348077eadf4ec856fad7fe91/screenshot - {}
RESULT: {}
RESULT: undefined
COMMAND: POST /session/9cfd67d3348077eadf4ec856fad7fe91/execute/async - {"script":"<script> [776 bytes]","args":[{"enterText":"4000360","selector":{"controlType":"sap.m.SearchField","properties":{"placeholder":"Search"},"searchOpenDialogs":true,"interaction":{"idSuffix":"I"}},"clearTextFirst":true,"interactionType":"ENTER_TEXT"}]}
RESULT: {"script":"<script> [776 bytes]","args":[{"enterText":"4000360","selector":{"controlType":"sap.m.SearchField","properties":{"placeholder":"Search"},"searchOpenDialogs":true,"interaction":{"idSuffix":"I"}},"clearTextFirst":true,"interactionType":"ENTER_TEXT"}]}
COMMAND: POST /session/9cfd67d3348077eadf4ec856fad7fe91/actions - {"actions":[{"id":"action18","type":"key","parameters":{},"actions":[{"type":"keyDown","value":"î€‡"},{"type":"pause","duration":10},{"type":"keyUp","value":"î€‡"}]}]}
RESULT: {"actions":[{"id":"action18","type":"key","parameters":{},"actions":[{"type":"keyDown","value":"î€‡"},{"type":"pause","duration":10},{"type":"keyUp","value":"î€‡"}]}]}
COMMAND: GET /session/9cfd67d3348077eadf4ec856fad7fe91/screenshot - {}
RESULT: {}
COMMAND: POST /session/9cfd67d3348077eadf4ec856fad7fe91/element - {"using":"xpath","value":"//td/div/span[contains(text(), \"BGL Vehicles\")]"}
RESULT: {"using":"xpath","value":"//td/div/span[contains(text(), \"BGL Vehicles\")]"}
COMMAND: POST /session/9cfd67d3348077eadf4ec856fad7fe91/element/f.611EB16B8E3D36D28F8F7D4109D23A74.d.93DBB1C2AB450F97AFC94BB18BBE5279.e.3263/click - {}
RESULT: {}
COMMAND: GET /session/9cfd67d3348077eadf4ec856fad7fe91/screenshot - {}
RESULT: {}
COMMAND: POST /session/9cfd67d3348077eadf4ec856fad7fe91/element - {"using":"xpath","value":"//bdi[contains(text(), \"OK\")]"}
RESULT: {"using":"xpath","value":"//bdi[contains(text(), \"OK\")]"}
COMMAND: POST /session/9cfd67d3348077eadf4ec856fad7fe91/element/f.611EB16B8E3D36D28F8F7D4109D23A74.d.93DBB1C2AB450F97AFC94BB18BBE5279.e.3264/click - {}
RESULT: {}
COMMAND: GET /session/9cfd67d3348077eadf4ec856fad7fe91/screenshot - {}
RESULT: {}
COMMAND: POST /session/9cfd67d3348077eadf4ec856fad7fe91/element - {"using":"xpath","value":"//button[@data-kt=\"resourceUnitSaveButton\"]"}
RESULT: {"using":"xpath","value":"//button[@data-kt=\"resourceUnitSaveButton\"]"}
COMMAND: POST /session/9cfd67d3348077eadf4ec856fad7fe91/element/f.611EB16B8E3D36D28F8F7D4109D23A74.d.93DBB1C2AB450F97AFC94BB18BBE5279.e.3170/click - {}
RESULT: {}
COMMAND: GET /session/9cfd67d3348077eadf4ec856fad7fe91/screenshot - {}
RESULT: {}
COMMAND: POST /session/9cfd67d3348077eadf4ec856fad7fe91/element - {"using":"xpath","value":"//bdi[contains(text(), \"Close\")]"}
RESULT: {"using":"xpath","value":"//bdi[contains(text(), \"Close\")]"}
COMMAND: POST /session/9cfd67d3348077eadf4ec856fad7fe91/element/f.611EB16B8E3D36D28F8F7D4109D23A74.d.93DBB1C2AB450F97AFC94BB18BBE5279.e.3271/click - {}
RESULT: {}
COMMAND: GET /session/9cfd67d3348077eadf4ec856fad7fe91/screenshot - {}
RESULT: {}
COMMAND: POST /session/9cfd67d3348077eadf4ec856fad7fe91/element - {"using":"xpath","value":"//header[contains(@id, 'detailRruPage-headerTitle')]/div[1]/div[2]/div[2]/span[1]"}
RESULT: {"using":"xpath","value":"//header[contains(@id, 'detailRruPage-headerTitle')]/div[1]/div[2]/div[2]/span[1]"}
COMMAND: POST /session/9cfd67d3348077eadf4ec856fad7fe91/elements - {"using":"xpath","value":"//header[contains(@id, 'detailRruPage-headerTitle')]/div[1]/div[2]/div[2]/span[1]"}
RESULT: {"using":"xpath","value":"//header[contains(@id, 'detailRruPage-headerTitle')]/div[1]/div[2]/div[2]/span[1]"}
COMMAND: POST /session/9cfd67d3348077eadf4ec856fad7fe91/execute/sync - {"script":"<script> [56 bytes]","args":[{"element-6066-11e4-a52e-4f735466cecf":"f.611EB16B8E3D36D28F8F7D4109D23A74.d.93DBB1C2AB450F97AFC94BB18BBE5279.e.3302","ELEMENT":"f.611EB16B8E3D36D28F8F7D4109D23A74.d.93DBB1C2AB450F97AFC94BB18BBE5279.e.3302"}]}
RESULT: {"script":"<script> [56 bytes]","args":[{"element-6066-11e4-a52e-4f735466cecf":"f.611EB16B8E3D36D28F8F7D4109D23A74.d.93DBB1C2AB450F97AFC94BB18BBE5279.e.3302","ELEMENT":"f.611EB16B8E3D36D28F8F7D4109D23A74.d.93DBB1C2AB450F97AFC94BB18BBE5279.e.3302"}]}
COMMAND: POST /session/9cfd67d3348077eadf4ec856fad7fe91/element - {"using":"css selector","value":"#shell-header-logo"}
COMMAND: GET /session/9cfd67d3348077eadf4ec856fad7fe91/screenshot - {}
RESULT: {"using":"css selector","value":"#shell-header-logo"}
COMMAND: POST /session/9cfd67d3348077eadf4ec856fad7fe91/element/f.611EB16B8E3D36D28F8F7D4109D23A74.d.93DBB1C2AB450F97AFC94BB18BBE5279.e.2743/click - {}
RESULT: {}
RESULT: {}
COMMAND: GET /session/9cfd67d3348077eadf4ec856fad7fe91/screenshot - {}
RESULT: {}
]]></system-out>
    </testcase>
    <testcase classname="chrome.135_0_7049_96.windows.RU_Inventory_Mass_State_Change_Multiple_Items_US151066" name="Prerequisite Step 2 Should do a stock increase handover for the equipment" time="88.907">
      <system-out><![CDATA[
COMMAND: POST /session/9cfd67d3348077eadf4ec856fad7fe91/execute/async - {"script":"<script> [1562 bytes]","args":[{"selector":{"controlType":"sap.m.Text","viewName":"etm.portal.ui.managehandoverstile.view.Master","properties":{"text":"Manage Handovers"},"interaction":{"idSuffix":"inner"}},"wdio_ui5_key":"etmportal.ui.managehandoverstile.view.Mastersap.m.Text{\"text\":\"Manage Handovers\"}"}]}
RESULT: {"script":"<script> [1562 bytes]","args":[{"selector":{"controlType":"sap.m.Text","viewName":"etm.portal.ui.managehandoverstile.view.Master","properties":{"text":"Manage Handovers"},"interaction":{"idSuffix":"inner"}},"wdio_ui5_key":"etmportal.ui.managehandoverstile.view.Mastersap.m.Text{\"text\":\"Manage Handovers\"}"}]}
RESULT: undefined
COMMAND: POST /session/9cfd67d3348077eadf4ec856fad7fe91/element - {"using":"xpath","value":"//*[@id=\"__tile130-title\"]"}
RESULT: {"using":"xpath","value":"//*[@id=\"__tile130-title\"]"}
COMMAND: POST /session/9cfd67d3348077eadf4ec856fad7fe91/element/f.611EB16B8E3D36D28F8F7D4109D23A74.d.93DBB1C2AB450F97AFC94BB18BBE5279.e.3307/click - {}
RESULT: {}
COMMAND: POST /session/9cfd67d3348077eadf4ec856fad7fe91/element - {"using":"xpath","value":"//button[@data-kt=\"masterHOAddButton\"]"}
COMMAND: GET /session/9cfd67d3348077eadf4ec856fad7fe91/screenshot - {}
RESULT: {"using":"xpath","value":"//button[@data-kt=\"masterHOAddButton\"]"}
COMMAND: POST /session/9cfd67d3348077eadf4ec856fad7fe91/elements - {"using":"xpath","value":"//button[@data-kt=\"masterHOAddButton\"]"}
RESULT: {}
RESULT: {"using":"xpath","value":"//button[@data-kt=\"masterHOAddButton\"]"}
COMMAND: POST /session/9cfd67d3348077eadf4ec856fad7fe91/elements - {"using":"xpath","value":"//button[@data-kt=\"masterHOAddButton\"]"}
RESULT: {"using":"xpath","value":"//button[@data-kt=\"masterHOAddButton\"]"}
COMMAND: POST /session/9cfd67d3348077eadf4ec856fad7fe91/elements - {"using":"xpath","value":"//button[@data-kt=\"masterHOAddButton\"]"}
RESULT: {"using":"xpath","value":"//button[@data-kt=\"masterHOAddButton\"]"}
COMMAND: POST /session/9cfd67d3348077eadf4ec856fad7fe91/elements - {"using":"xpath","value":"//button[@data-kt=\"masterHOAddButton\"]"}
RESULT: {"using":"xpath","value":"//button[@data-kt=\"masterHOAddButton\"]"}
COMMAND: POST /session/9cfd67d3348077eadf4ec856fad7fe91/elements - {"using":"xpath","value":"//button[@data-kt=\"masterHOAddButton\"]"}
RESULT: {"using":"xpath","value":"//button[@data-kt=\"masterHOAddButton\"]"}
COMMAND: POST /session/9cfd67d3348077eadf4ec856fad7fe91/elements - {"using":"xpath","value":"//button[@data-kt=\"masterHOAddButton\"]"}
RESULT: {"using":"xpath","value":"//button[@data-kt=\"masterHOAddButton\"]"}
COMMAND: POST /session/9cfd67d3348077eadf4ec856fad7fe91/elements - {"using":"xpath","value":"//button[@data-kt=\"masterHOAddButton\"]"}
RESULT: {"using":"xpath","value":"//button[@data-kt=\"masterHOAddButton\"]"}
COMMAND: POST /session/9cfd67d3348077eadf4ec856fad7fe91/elements - {"using":"xpath","value":"//button[@data-kt=\"masterHOAddButton\"]"}
RESULT: {"using":"xpath","value":"//button[@data-kt=\"masterHOAddButton\"]"}
COMMAND: POST /session/9cfd67d3348077eadf4ec856fad7fe91/elements - {"using":"xpath","value":"//button[@data-kt=\"masterHOAddButton\"]"}
RESULT: {"using":"xpath","value":"//button[@data-kt=\"masterHOAddButton\"]"}
COMMAND: POST /session/9cfd67d3348077eadf4ec856fad7fe91/elements - {"using":"xpath","value":"//button[@data-kt=\"masterHOAddButton\"]"}
RESULT: {"using":"xpath","value":"//button[@data-kt=\"masterHOAddButton\"]"}
COMMAND: POST /session/9cfd67d3348077eadf4ec856fad7fe91/elements - {"using":"xpath","value":"//button[@data-kt=\"masterHOAddButton\"]"}
RESULT: {"using":"xpath","value":"//button[@data-kt=\"masterHOAddButton\"]"}
COMMAND: POST /session/9cfd67d3348077eadf4ec856fad7fe91/elements - {"using":"xpath","value":"//button[@data-kt=\"masterHOAddButton\"]"}
RESULT: {"using":"xpath","value":"//button[@data-kt=\"masterHOAddButton\"]"}
COMMAND: POST /session/9cfd67d3348077eadf4ec856fad7fe91/elements - {"using":"xpath","value":"//button[@data-kt=\"masterHOAddButton\"]"}
RESULT: {"using":"xpath","value":"//button[@data-kt=\"masterHOAddButton\"]"}
COMMAND: POST /session/9cfd67d3348077eadf4ec856fad7fe91/elements - {"using":"xpath","value":"//button[@data-kt=\"masterHOAddButton\"]"}
RESULT: {"using":"xpath","value":"//button[@data-kt=\"masterHOAddButton\"]"}
COMMAND: POST /session/9cfd67d3348077eadf4ec856fad7fe91/elements - {"using":"xpath","value":"//button[@data-kt=\"masterHOAddButton\"]"}
RESULT: {"using":"xpath","value":"//button[@data-kt=\"masterHOAddButton\"]"}
COMMAND: POST /session/9cfd67d3348077eadf4ec856fad7fe91/elements - {"using":"xpath","value":"//button[@data-kt=\"masterHOAddButton\"]"}
RESULT: {"using":"xpath","value":"//button[@data-kt=\"masterHOAddButton\"]"}
COMMAND: POST /session/9cfd67d3348077eadf4ec856fad7fe91/elements - {"using":"xpath","value":"//button[@data-kt=\"masterHOAddButton\"]"}
RESULT: {"using":"xpath","value":"//button[@data-kt=\"masterHOAddButton\"]"}
COMMAND: POST /session/9cfd67d3348077eadf4ec856fad7fe91/elements - {"using":"xpath","value":"//button[@data-kt=\"masterHOAddButton\"]"}
RESULT: {"using":"xpath","value":"//button[@data-kt=\"masterHOAddButton\"]"}
COMMAND: POST /session/9cfd67d3348077eadf4ec856fad7fe91/elements - {"using":"xpath","value":"//button[@data-kt=\"masterHOAddButton\"]"}
RESULT: {"using":"xpath","value":"//button[@data-kt=\"masterHOAddButton\"]"}
COMMAND: POST /session/9cfd67d3348077eadf4ec856fad7fe91/elements - {"using":"xpath","value":"//button[@data-kt=\"masterHOAddButton\"]"}
RESULT: {"using":"xpath","value":"//button[@data-kt=\"masterHOAddButton\"]"}
COMMAND: POST /session/9cfd67d3348077eadf4ec856fad7fe91/element - {"using":"xpath","value":"//button[@data-kt=\"masterHOAddButton\"]"}
RESULT: {"using":"xpath","value":"//button[@data-kt=\"masterHOAddButton\"]"}
COMMAND: POST /session/9cfd67d3348077eadf4ec856fad7fe91/execute/sync - {"script":"<script> [8489 bytes]","args":[{"element-6066-11e4-a52e-4f735466cecf":"f.611EB16B8E3D36D28F8F7D4109D23A74.d.93DBB1C2AB450F97AFC94BB18BBE5279.e.3347","ELEMENT":"f.611EB16B8E3D36D28F8F7D4109D23A74.d.93DBB1C2AB450F97AFC94BB18BBE5279.e.3347"}]}
RESULT: {"script":"<script> [8489 bytes]","args":[{"element-6066-11e4-a52e-4f735466cecf":"f.611EB16B8E3D36D28F8F7D4109D23A74.d.93DBB1C2AB450F97AFC94BB18BBE5279.e.3347","ELEMENT":"f.611EB16B8E3D36D28F8F7D4109D23A74.d.93DBB1C2AB450F97AFC94BB18BBE5279.e.3347"}]}
COMMAND: GET /session/9cfd67d3348077eadf4ec856fad7fe91/element/f.611EB16B8E3D36D28F8F7D4109D23A74.d.93DBB1C2AB450F97AFC94BB18BBE5279.e.3347/enabled - {}
COMMAND: GET /session/9cfd67d3348077eadf4ec856fad7fe91/screenshot - {}
RESULT: {}
COMMAND: POST /session/9cfd67d3348077eadf4ec856fad7fe91/execute/sync - {"script":"<script> [8489 bytes]","args":[{"element-6066-11e4-a52e-4f735466cecf":"f.611EB16B8E3D36D28F8F7D4109D23A74.d.93DBB1C2AB450F97AFC94BB18BBE5279.e.3347","ELEMENT":"f.611EB16B8E3D36D28F8F7D4109D23A74.d.93DBB1C2AB450F97AFC94BB18BBE5279.e.3347"}]}
COMMAND: GET /session/9cfd67d3348077eadf4ec856fad7fe91/screenshot - {}
RESULT: {}
RESULT: {"script":"<script> [8489 bytes]","args":[{"element-6066-11e4-a52e-4f735466cecf":"f.611EB16B8E3D36D28F8F7D4109D23A74.d.93DBB1C2AB450F97AFC94BB18BBE5279.e.3347","ELEMENT":"f.611EB16B8E3D36D28F8F7D4109D23A74.d.93DBB1C2AB450F97AFC94BB18BBE5279.e.3347"}]}
COMMAND: POST /session/9cfd67d3348077eadf4ec856fad7fe91/execute/sync - {"script":"<script> [5351 bytes]","args":[{"element-6066-11e4-a52e-4f735466cecf":"f.611EB16B8E3D36D28F8F7D4109D23A74.d.93DBB1C2AB450F97AFC94BB18BBE5279.e.3347","ELEMENT":"f.611EB16B8E3D36D28F8F7D4109D23A74.d.93DBB1C2AB450F97AFC94BB18BBE5279.e.3347"}]}
COMMAND: GET /session/9cfd67d3348077eadf4ec856fad7fe91/screenshot - {}
RESULT: {}
RESULT: {"script":"<script> [5351 bytes]","args":[{"element-6066-11e4-a52e-4f735466cecf":"f.611EB16B8E3D36D28F8F7D4109D23A74.d.93DBB1C2AB450F97AFC94BB18BBE5279.e.3347","ELEMENT":"f.611EB16B8E3D36D28F8F7D4109D23A74.d.93DBB1C2AB450F97AFC94BB18BBE5279.e.3347"}]}
COMMAND: POST /session/9cfd67d3348077eadf4ec856fad7fe91/element/f.611EB16B8E3D36D28F8F7D4109D23A74.d.93DBB1C2AB450F97AFC94BB18BBE5279.e.3347/click - {}
COMMAND: GET /session/9cfd67d3348077eadf4ec856fad7fe91/screenshot - {}
RESULT: {}
RESULT: {}
COMMAND: GET /session/9cfd67d3348077eadf4ec856fad7fe91/screenshot - {}
RESULT: {}
COMMAND: POST /session/9cfd67d3348077eadf4ec856fad7fe91/element - {"using":"xpath","value":"//span[contains(@id ,\"AddNewHO--typeSelect-arrow\")]"}
RESULT: {}
RESULT: {"using":"xpath","value":"//span[contains(@id ,\"AddNewHO--typeSelect-arrow\")]"}
COMMAND: POST /session/9cfd67d3348077eadf4ec856fad7fe91/element/f.611EB16B8E3D36D28F8F7D4109D23A74.d.93DBB1C2AB450F97AFC94BB18BBE5279.e.3704/click - {}
RESULT: {}
COMMAND: GET /session/9cfd67d3348077eadf4ec856fad7fe91/screenshot - {}
RESULT: {}
COMMAND: POST /session/9cfd67d3348077eadf4ec856fad7fe91/element - {"using":"xpath","value":"(//li[contains(text(), \"stock increase yard\")])[1]"}
RESULT: {"using":"xpath","value":"(//li[contains(text(), \"stock increase yard\")])[1]"}
COMMAND: POST /session/9cfd67d3348077eadf4ec856fad7fe91/element/f.611EB16B8E3D36D28F8F7D4109D23A74.d.93DBB1C2AB450F97AFC94BB18BBE5279.e.3705/click - {}
RESULT: {}
COMMAND: GET /session/9cfd67d3348077eadf4ec856fad7fe91/screenshot - {}
RESULT: {}
COMMAND: POST /session/9cfd67d3348077eadf4ec856fad7fe91/execute/async - {"script":"<script> [1562 bytes]","args":[{"selector":{"id":"application-managehandovers-display-component---AddNewHO--dueDate","interaction":{"idSuffix":"inner"}},"wdio_ui5_key":"applicationmanagehandovers-display-component---AddNewHO--dueDate"}]}
RESULT: {"script":"<script> [1562 bytes]","args":[{"selector":{"id":"application-managehandovers-display-component---AddNewHO--dueDate","interaction":{"idSuffix":"inner"}},"wdio_ui5_key":"applicationmanagehandovers-display-component---AddNewHO--dueDate"}]}
RESULT: undefined
COMMAND: POST /session/9cfd67d3348077eadf4ec856fad7fe91/execute/async - {"script":"<script> [6424 bytes]","args":[{"element-6066-11e4-a52e-4f735466cecf":"f.611EB16B8E3D36D28F8F7D4109D23A74.d.93DBB1C2AB450F97AFC94BB18BBE5279.e.3707"},"setValue",["05/02/2025"]]}
RESULT: {"script":"<script> [6424 bytes]","args":[{"element-6066-11e4-a52e-4f735466cecf":"f.611EB16B8E3D36D28F8F7D4109D23A74.d.93DBB1C2AB450F97AFC94BB18BBE5279.e.3707"},"setValue",["05/02/2025"]]}
COMMAND: POST /session/9cfd67d3348077eadf4ec856fad7fe91/element - {"using":"xpath","value":"//input[@id=\"generalSectionFrg--receiveYard-inner\"]"}
RESULT: {"using":"xpath","value":"//input[@id=\"generalSectionFrg--receiveYard-inner\"]"}
COMMAND: POST /session/9cfd67d3348077eadf4ec856fad7fe91/element/f.611EB16B8E3D36D28F8F7D4109D23A74.d.93DBB1C2AB450F97AFC94BB18BBE5279.e.3713/clear - {}
RESULT: {}
COMMAND: POST /session/9cfd67d3348077eadf4ec856fad7fe91/element/f.611EB16B8E3D36D28F8F7D4109D23A74.d.93DBB1C2AB450F97AFC94BB18BBE5279.e.3713/value - {"text":"109"}
COMMAND: GET /session/9cfd67d3348077eadf4ec856fad7fe91/screenshot - {}
RESULT: {"text":"109"}
COMMAND: GET /session/9cfd67d3348077eadf4ec856fad7fe91/screenshot - {}
RESULT: {}
RESULT: {}
COMMAND: POST /session/9cfd67d3348077eadf4ec856fad7fe91/element - {"using":"xpath","value":"//li[.//span[text()='109']]"}
RESULT: {"using":"xpath","value":"//li[.//span[text()='109']]"}
COMMAND: POST /session/9cfd67d3348077eadf4ec856fad7fe91/element/f.611EB16B8E3D36D28F8F7D4109D23A74.d.93DBB1C2AB450F97AFC94BB18BBE5279.e.3731/click - {}
RESULT: {}
COMMAND: GET /session/9cfd67d3348077eadf4ec856fad7fe91/screenshot - {}
RESULT: {}
COMMAND: POST /session/9cfd67d3348077eadf4ec856fad7fe91/execute/async - {"script":"<script> [1562 bytes]","args":[{"selector":{"id":"application-managehandovers-display-component---AddNewHO--ObjectPageLayout-anchBar-application-managehandovers-display-component---AddNewHO--section4-anchor","interaction":{"idSuffix":"BDI-content"}},"wdio_ui5_key":"applicationmanagehandovers-display-component---AddNewHO--ObjectPageLayout-anchBar-application-managehandovers-display-component---AddNewHO--section4-anchor"}]}
RESULT: {"script":"<script> [1562 bytes]","args":[{"selector":{"id":"application-managehandovers-display-component---AddNewHO--ObjectPageLayout-anchBar-application-managehandovers-display-component---AddNewHO--section4-anchor","interaction":{"idSuffix":"BDI-content"}},"wdio_ui5_key":"applicationmanagehandovers-display-component---AddNewHO--ObjectPageLayout-anchBar-application-managehandovers-display-component---AddNewHO--section4-anchor"}]}
RESULT: undefined
COMMAND: POST /session/9cfd67d3348077eadf4ec856fad7fe91/element - {"using":"xpath","value":"//*[@id=\"application-managehandovers-display-component---AddNewHO--ObjectPageLayout-anchBar-application-managehandovers-display-component---AddNewHO--section4-anchor\"]"}
RESULT: {"using":"xpath","value":"//*[@id=\"application-managehandovers-display-component---AddNewHO--ObjectPageLayout-anchBar-application-managehandovers-display-component---AddNewHO--section4-anchor\"]"}
COMMAND: POST /session/9cfd67d3348077eadf4ec856fad7fe91/element/f.611EB16B8E3D36D28F8F7D4109D23A74.d.93DBB1C2AB450F97AFC94BB18BBE5279.e.3733/click - {}
RESULT: {}
COMMAND: POST /session/9cfd67d3348077eadf4ec856fad7fe91/element - {"using":"xpath","value":"//button[@aria-label=\"Add\"]"}
COMMAND: GET /session/9cfd67d3348077eadf4ec856fad7fe91/screenshot - {}
RESULT: {"using":"xpath","value":"//button[@aria-label=\"Add\"]"}
COMMAND: POST /session/9cfd67d3348077eadf4ec856fad7fe91/element/f.611EB16B8E3D36D28F8F7D4109D23A74.d.93DBB1C2AB450F97AFC94BB18BBE5279.e.3735/click - {}
RESULT: {}
RESULT: {}
COMMAND: GET /session/9cfd67d3348077eadf4ec856fad7fe91/screenshot - {}
RESULT: {}
COMMAND: POST /session/9cfd67d3348077eadf4ec856fad7fe91/execute/async - {"script":"<script> [1562 bytes]","args":[{"selector":{"id":"application-managehandovers-display-component---AddNewHO--smartFilterBar-btnBasicSearch","searchOpenDialogs":true,"interaction":{"idSuffix":"I"}},"wdio_ui5_key":"applicationmanagehandovers-display-component---AddNewHO--smartFilterBar-btnBasicSearch"}]}
RESULT: {"script":"<script> [1562 bytes]","args":[{"selector":{"id":"application-managehandovers-display-component---AddNewHO--smartFilterBar-btnBasicSearch","searchOpenDialogs":true,"interaction":{"idSuffix":"I"}},"wdio_ui5_key":"applicationmanagehandovers-display-component---AddNewHO--smartFilterBar-btnBasicSearch"}]}
RESULT: undefined
COMMAND: POST /session/9cfd67d3348077eadf4ec856fad7fe91/execute/async - {"script":"<script> [776 bytes]","args":[{"enterText":"DnpD5Vx8qV","selector":{"id":"application-managehandovers-display-component---AddNewHO--smartFilterBar-btnBasicSearch","searchOpenDialogs":true,"interaction":{"idSuffix":"I"}},"clearTextFirst":true,"interactionType":"ENTER_TEXT"}]}
RESULT: {"script":"<script> [776 bytes]","args":[{"enterText":"DnpD5Vx8qV","selector":{"id":"application-managehandovers-display-component---AddNewHO--smartFilterBar-btnBasicSearch","searchOpenDialogs":true,"interaction":{"idSuffix":"I"}},"clearTextFirst":true,"interactionType":"ENTER_TEXT"}]}
COMMAND: POST /session/9cfd67d3348077eadf4ec856fad7fe91/actions - {"actions":[{"id":"action19","type":"key","parameters":{},"actions":[{"type":"keyDown","value":"î€‡"},{"type":"pause","duration":10},{"type":"keyUp","value":"î€‡"}]}]}
RESULT: {"actions":[{"id":"action19","type":"key","parameters":{},"actions":[{"type":"keyDown","value":"î€‡"},{"type":"pause","duration":10},{"type":"keyUp","value":"î€‡"}]}]}
COMMAND: GET /session/9cfd67d3348077eadf4ec856fad7fe91/screenshot - {}
RESULT: {}
COMMAND: POST /session/9cfd67d3348077eadf4ec856fad7fe91/execute/async - {"script":"<script> [1562 bytes]","args":[{"selector":{"id":"application-managehandovers-display-component---AddNewHO--popup-sa","searchOpenDialogs":true,"interaction":{"idSuffix":"CbBg"}},"wdio_ui5_key":"applicationmanagehandovers-display-component---AddNewHO--popup-sa"}]}
RESULT: {"script":"<script> [1562 bytes]","args":[{"selector":{"id":"application-managehandovers-display-component---AddNewHO--popup-sa","searchOpenDialogs":true,"interaction":{"idSuffix":"CbBg"}},"wdio_ui5_key":"applicationmanagehandovers-display-component---AddNewHO--popup-sa"}]}
RESULT: undefined
COMMAND: POST /session/9cfd67d3348077eadf4ec856fad7fe91/element - {"using":"xpath","value":"//*[@id=\"application-managehandovers-display-component---AddNewHO--popup-sa\"]"}
RESULT: {"using":"xpath","value":"//*[@id=\"application-managehandovers-display-component---AddNewHO--popup-sa\"]"}
COMMAND: POST /session/9cfd67d3348077eadf4ec856fad7fe91/element/f.611EB16B8E3D36D28F8F7D4109D23A74.d.93DBB1C2AB450F97AFC94BB18BBE5279.e.3890/click - {}
RESULT: {}
COMMAND: GET /session/9cfd67d3348077eadf4ec856fad7fe91/screenshot - {}
RESULT: {}
COMMAND: POST /session/9cfd67d3348077eadf4ec856fad7fe91/element - {"using":"xpath","value":"//bdi[contains(text(), \"Select\")]"}
RESULT: {"using":"xpath","value":"//bdi[contains(text(), \"Select\")]"}
COMMAND: POST /session/9cfd67d3348077eadf4ec856fad7fe91/element/f.611EB16B8E3D36D28F8F7D4109D23A74.d.93DBB1C2AB450F97AFC94BB18BBE5279.e.3891/click - {}
RESULT: {}
COMMAND: GET /session/9cfd67d3348077eadf4ec856fad7fe91/screenshot - {}
RESULT: {}
COMMAND: POST /session/9cfd67d3348077eadf4ec856fad7fe91/element - {"using":"xpath","value":"//button[@data-kt=\"AddNewHOSaveButton\"]"}
RESULT: {"using":"xpath","value":"//button[@data-kt=\"AddNewHOSaveButton\"]"}
COMMAND: POST /session/9cfd67d3348077eadf4ec856fad7fe91/element/f.611EB16B8E3D36D28F8F7D4109D23A74.d.93DBB1C2AB450F97AFC94BB18BBE5279.e.3895/click - {}
RESULT: {}
COMMAND: GET /session/9cfd67d3348077eadf4ec856fad7fe91/screenshot - {}
RESULT: {}
COMMAND: POST /session/9cfd67d3348077eadf4ec856fad7fe91/execute/async - {"script":"<script> [1562 bytes]","args":[{"selector":{"id":"receiptDatePicker","viewName":"etm.portal.ui.managehandovers.view.DetailExecuteHO","interaction":{"idSuffix":"inner"}},"wdio_ui5_key":"receiptDatePickeretmportal.ui.managehandovers.view.DetailExecuteHO"}]}
RESULT: {"script":"<script> [1562 bytes]","args":[{"selector":{"id":"receiptDatePicker","viewName":"etm.portal.ui.managehandovers.view.DetailExecuteHO","interaction":{"idSuffix":"inner"}},"wdio_ui5_key":"receiptDatePickeretmportal.ui.managehandovers.view.DetailExecuteHO"}]}
RESULT: undefined
COMMAND: POST /session/9cfd67d3348077eadf4ec856fad7fe91/execute/async - {"script":"<script> [6424 bytes]","args":[{"element-6066-11e4-a52e-4f735466cecf":"f.611EB16B8E3D36D28F8F7D4109D23A74.d.93DBB1C2AB450F97AFC94BB18BBE5279.e.3924"},"setValue",["05/02/2025"]]}
RESULT: {"script":"<script> [6424 bytes]","args":[{"element-6066-11e4-a52e-4f735466cecf":"f.611EB16B8E3D36D28F8F7D4109D23A74.d.93DBB1C2AB450F97AFC94BB18BBE5279.e.3924"},"setValue",["05/02/2025"]]}
COMMAND: POST /session/9cfd67d3348077eadf4ec856fad7fe91/element - {"using":"xpath","value":"//button[@data-kt=\"PickingTableConfirmAllButton\"]"}
RESULT: {"using":"xpath","value":"//button[@data-kt=\"PickingTableConfirmAllButton\"]"}
COMMAND: POST /session/9cfd67d3348077eadf4ec856fad7fe91/element/f.611EB16B8E3D36D28F8F7D4109D23A74.d.93DBB1C2AB450F97AFC94BB18BBE5279.e.3939/click - {}
RESULT: {}
COMMAND: GET /session/9cfd67d3348077eadf4ec856fad7fe91/screenshot - {}
RESULT: {}
COMMAND: POST /session/9cfd67d3348077eadf4ec856fad7fe91/element - {"using":"xpath","value":"//bdi[contains(text(), \"OK\")]"}
RESULT: {"using":"xpath","value":"//bdi[contains(text(), \"OK\")]"}
COMMAND: POST /session/9cfd67d3348077eadf4ec856fad7fe91/element/f.611EB16B8E3D36D28F8F7D4109D23A74.d.93DBB1C2AB450F97AFC94BB18BBE5279.e.3941/click - {}
RESULT: {}
COMMAND: GET /session/9cfd67d3348077eadf4ec856fad7fe91/screenshot - {}
RESULT: {}
COMMAND: POST /session/9cfd67d3348077eadf4ec856fad7fe91/element - {"using":"xpath","value":"(//bdi[contains(text(), \"Receive\")])[2]"}
RESULT: {"using":"xpath","value":"(//bdi[contains(text(), \"Receive\")])[2]"}
COMMAND: POST /session/9cfd67d3348077eadf4ec856fad7fe91/element/f.611EB16B8E3D36D28F8F7D4109D23A74.d.93DBB1C2AB450F97AFC94BB18BBE5279.e.3943/click - {}
RESULT: {}
COMMAND: GET /session/9cfd67d3348077eadf4ec856fad7fe91/screenshot - {}
RESULT: {}
COMMAND: POST /session/9cfd67d3348077eadf4ec856fad7fe91/element - {"using":"css selector","value":"#shell-header-logo"}
RESULT: {"using":"css selector","value":"#shell-header-logo"}
COMMAND: POST /session/9cfd67d3348077eadf4ec856fad7fe91/element/f.611EB16B8E3D36D28F8F7D4109D23A74.d.93DBB1C2AB450F97AFC94BB18BBE5279.e.3310/click - {}
RESULT: {}
COMMAND: GET /session/9cfd67d3348077eadf4ec856fad7fe91/screenshot - {}
RESULT: {}
]]></system-out>
    </testcase>
    <testcase classname="chrome.135_0_7049_96.windows.RU_Inventory_Mass_State_Change_Multiple_Items_US151066" name="Prerequisite Step 2 Should do a stock increase handover for the material" time="88.968">
      <system-out><![CDATA[
RESULT: undefined
COMMAND: POST /session/9cfd67d3348077eadf4ec856fad7fe91/element - {"using":"xpath","value":"//*[@id=\"__tile130-title\"]"}
RESULT: {"using":"xpath","value":"//*[@id=\"__tile130-title\"]"}
COMMAND: POST /session/9cfd67d3348077eadf4ec856fad7fe91/element/f.611EB16B8E3D36D28F8F7D4109D23A74.d.93DBB1C2AB450F97AFC94BB18BBE5279.e.3307/click - {}
RESULT: {}
COMMAND: POST /session/9cfd67d3348077eadf4ec856fad7fe91/element - {"using":"xpath","value":"//button[@data-kt=\"masterHOAddButton\"]"}
COMMAND: GET /session/9cfd67d3348077eadf4ec856fad7fe91/screenshot - {}
RESULT: {}
RESULT: {"using":"xpath","value":"//button[@data-kt=\"masterHOAddButton\"]"}
COMMAND: POST /session/9cfd67d3348077eadf4ec856fad7fe91/elements - {"using":"xpath","value":"//button[@data-kt=\"masterHOAddButton\"]"}
RESULT: {"using":"xpath","value":"//button[@data-kt=\"masterHOAddButton\"]"}
COMMAND: POST /session/9cfd67d3348077eadf4ec856fad7fe91/execute/sync - {"script":"<script> [8489 bytes]","args":[{"element-6066-11e4-a52e-4f735466cecf":"f.611EB16B8E3D36D28F8F7D4109D23A74.d.93DBB1C2AB450F97AFC94BB18BBE5279.e.4137","ELEMENT":"f.611EB16B8E3D36D28F8F7D4109D23A74.d.93DBB1C2AB450F97AFC94BB18BBE5279.e.4137"}]}
RESULT: {"script":"<script> [8489 bytes]","args":[{"element-6066-11e4-a52e-4f735466cecf":"f.611EB16B8E3D36D28F8F7D4109D23A74.d.93DBB1C2AB450F97AFC94BB18BBE5279.e.4137","ELEMENT":"f.611EB16B8E3D36D28F8F7D4109D23A74.d.93DBB1C2AB450F97AFC94BB18BBE5279.e.4137"}]}
COMMAND: GET /session/9cfd67d3348077eadf4ec856fad7fe91/element/f.611EB16B8E3D36D28F8F7D4109D23A74.d.93DBB1C2AB450F97AFC94BB18BBE5279.e.4137/enabled - {}
COMMAND: GET /session/9cfd67d3348077eadf4ec856fad7fe91/screenshot - {}
RESULT: {}
COMMAND: POST /session/9cfd67d3348077eadf4ec856fad7fe91/execute/sync - {"script":"<script> [8489 bytes]","args":[{"element-6066-11e4-a52e-4f735466cecf":"f.611EB16B8E3D36D28F8F7D4109D23A74.d.93DBB1C2AB450F97AFC94BB18BBE5279.e.4137","ELEMENT":"f.611EB16B8E3D36D28F8F7D4109D23A74.d.93DBB1C2AB450F97AFC94BB18BBE5279.e.4137"}]}
COMMAND: GET /session/9cfd67d3348077eadf4ec856fad7fe91/screenshot - {}
RESULT: {}
RESULT: {"script":"<script> [8489 bytes]","args":[{"element-6066-11e4-a52e-4f735466cecf":"f.611EB16B8E3D36D28F8F7D4109D23A74.d.93DBB1C2AB450F97AFC94BB18BBE5279.e.4137","ELEMENT":"f.611EB16B8E3D36D28F8F7D4109D23A74.d.93DBB1C2AB450F97AFC94BB18BBE5279.e.4137"}]}
COMMAND: POST /session/9cfd67d3348077eadf4ec856fad7fe91/execute/sync - {"script":"<script> [5351 bytes]","args":[{"element-6066-11e4-a52e-4f735466cecf":"f.611EB16B8E3D36D28F8F7D4109D23A74.d.93DBB1C2AB450F97AFC94BB18BBE5279.e.4137","ELEMENT":"f.611EB16B8E3D36D28F8F7D4109D23A74.d.93DBB1C2AB450F97AFC94BB18BBE5279.e.4137"}]}
COMMAND: GET /session/9cfd67d3348077eadf4ec856fad7fe91/screenshot - {}
RESULT: {}
RESULT: {"script":"<script> [5351 bytes]","args":[{"element-6066-11e4-a52e-4f735466cecf":"f.611EB16B8E3D36D28F8F7D4109D23A74.d.93DBB1C2AB450F97AFC94BB18BBE5279.e.4137","ELEMENT":"f.611EB16B8E3D36D28F8F7D4109D23A74.d.93DBB1C2AB450F97AFC94BB18BBE5279.e.4137"}]}
COMMAND: POST /session/9cfd67d3348077eadf4ec856fad7fe91/element/f.611EB16B8E3D36D28F8F7D4109D23A74.d.93DBB1C2AB450F97AFC94BB18BBE5279.e.4137/click - {}
COMMAND: GET /session/9cfd67d3348077eadf4ec856fad7fe91/screenshot - {}
RESULT: {}
RESULT: {}
COMMAND: GET /session/9cfd67d3348077eadf4ec856fad7fe91/screenshot - {}
COMMAND: POST /session/9cfd67d3348077eadf4ec856fad7fe91/element - {"using":"xpath","value":"//span[contains(@id ,\"AddNewHO--typeSelect-arrow\")]"}
RESULT: {}
RESULT: {}
RESULT: {"using":"xpath","value":"//span[contains(@id ,\"AddNewHO--typeSelect-arrow\")]"}
COMMAND: POST /session/9cfd67d3348077eadf4ec856fad7fe91/element/f.611EB16B8E3D36D28F8F7D4109D23A74.d.93DBB1C2AB450F97AFC94BB18BBE5279.e.4573/click - {}
RESULT: {}
COMMAND: GET /session/9cfd67d3348077eadf4ec856fad7fe91/screenshot - {}
RESULT: {}
COMMAND: POST /session/9cfd67d3348077eadf4ec856fad7fe91/element - {"using":"xpath","value":"(//li[contains(text(), \"stock increase yard\")])[1]"}
RESULT: {"using":"xpath","value":"(//li[contains(text(), \"stock increase yard\")])[1]"}
COMMAND: POST /session/9cfd67d3348077eadf4ec856fad7fe91/element/f.611EB16B8E3D36D28F8F7D4109D23A74.d.93DBB1C2AB450F97AFC94BB18BBE5279.e.4574/click - {}
RESULT: {}
COMMAND: GET /session/9cfd67d3348077eadf4ec856fad7fe91/screenshot - {}
RESULT: {}
RESULT: undefined
COMMAND: POST /session/9cfd67d3348077eadf4ec856fad7fe91/execute/async - {"script":"<script> [6424 bytes]","args":[{"element-6066-11e4-a52e-4f735466cecf":"f.611EB16B8E3D36D28F8F7D4109D23A74.d.93DBB1C2AB450F97AFC94BB18BBE5279.e.3707"},"setValue",["05/02/2025"]]}
COMMAND: POST /session/9cfd67d3348077eadf4ec856fad7fe91/execute/async - {"script":"<script> [1562 bytes]","args":[{"selector":{"id":"application-managehandovers-display-component---AddNewHO--dueDate","interaction":{"idSuffix":"inner"}},"wdio_ui5_key":"applicationmanagehandovers-display-component---AddNewHO--dueDate"}]}
RESULT: {"script":"<script> [1562 bytes]","args":[{"selector":{"id":"application-managehandovers-display-component---AddNewHO--dueDate","interaction":{"idSuffix":"inner"}},"wdio_ui5_key":"applicationmanagehandovers-display-component---AddNewHO--dueDate"}]}
COMMAND: POST /session/9cfd67d3348077eadf4ec856fad7fe91/execute/async - {"script":"<script> [6424 bytes]","args":[{"element-6066-11e4-a52e-4f735466cecf":"f.611EB16B8E3D36D28F8F7D4109D23A74.d.93DBB1C2AB450F97AFC94BB18BBE5279.e.4576"},"setValue",["05/02/2025"]]}
RESULT: {"script":"<script> [6424 bytes]","args":[{"element-6066-11e4-a52e-4f735466cecf":"f.611EB16B8E3D36D28F8F7D4109D23A74.d.93DBB1C2AB450F97AFC94BB18BBE5279.e.4576"},"setValue",["05/02/2025"]]}
COMMAND: POST /session/9cfd67d3348077eadf4ec856fad7fe91/element - {"using":"xpath","value":"//input[@id=\"generalSectionFrg--receiveYard-inner\"]"}
RESULT: {"using":"xpath","value":"//input[@id=\"generalSectionFrg--receiveYard-inner\"]"}
COMMAND: POST /session/9cfd67d3348077eadf4ec856fad7fe91/element/f.611EB16B8E3D36D28F8F7D4109D23A74.d.93DBB1C2AB450F97AFC94BB18BBE5279.e.4582/clear - {}
RESULT: {}
COMMAND: POST /session/9cfd67d3348077eadf4ec856fad7fe91/element/f.611EB16B8E3D36D28F8F7D4109D23A74.d.93DBB1C2AB450F97AFC94BB18BBE5279.e.4582/value - {"text":"109"}
COMMAND: GET /session/9cfd67d3348077eadf4ec856fad7fe91/screenshot - {}
RESULT: {"text":"109"}
COMMAND: GET /session/9cfd67d3348077eadf4ec856fad7fe91/screenshot - {}
RESULT: {}
RESULT: {}
COMMAND: POST /session/9cfd67d3348077eadf4ec856fad7fe91/element - {"using":"xpath","value":"//li[.//span[text()='109']]"}
RESULT: {"using":"xpath","value":"//li[.//span[text()='109']]"}
COMMAND: POST /session/9cfd67d3348077eadf4ec856fad7fe91/element/f.611EB16B8E3D36D28F8F7D4109D23A74.d.93DBB1C2AB450F97AFC94BB18BBE5279.e.4600/click - {}
RESULT: {}
COMMAND: GET /session/9cfd67d3348077eadf4ec856fad7fe91/screenshot - {}
RESULT: {}
RESULT: undefined
COMMAND: POST /session/9cfd67d3348077eadf4ec856fad7fe91/element - {"using":"xpath","value":"//*[@id=\"application-managehandovers-display-component---AddNewHO--ObjectPageLayout-anchBar-application-managehandovers-display-component---AddNewHO--section4-anchor\"]"}
RESULT: {"using":"xpath","value":"//*[@id=\"application-managehandovers-display-component---AddNewHO--ObjectPageLayout-anchBar-application-managehandovers-display-component---AddNewHO--section4-anchor\"]"}
COMMAND: POST /session/9cfd67d3348077eadf4ec856fad7fe91/element/f.611EB16B8E3D36D28F8F7D4109D23A74.d.93DBB1C2AB450F97AFC94BB18BBE5279.e.4601/click - {}
RESULT: {}
COMMAND: POST /session/9cfd67d3348077eadf4ec856fad7fe91/element - {"using":"xpath","value":"//button[@aria-label=\"Add\"]"}
COMMAND: GET /session/9cfd67d3348077eadf4ec856fad7fe91/screenshot - {}
RESULT: {"using":"xpath","value":"//button[@aria-label=\"Add\"]"}
COMMAND: POST /session/9cfd67d3348077eadf4ec856fad7fe91/element/f.611EB16B8E3D36D28F8F7D4109D23A74.d.93DBB1C2AB450F97AFC94BB18BBE5279.e.4605/click - {}
RESULT: {}
RESULT: {}
COMMAND: GET /session/9cfd67d3348077eadf4ec856fad7fe91/screenshot - {}
RESULT: {}
RESULT: undefined
COMMAND: POST /session/9cfd67d3348077eadf4ec856fad7fe91/execute/async - {"script":"<script> [776 bytes]","args":[{"enterText":"200278","selector":{"id":"application-managehandovers-display-component---AddNewHO--smartFilterBar-btnBasicSearch","searchOpenDialogs":true,"interaction":{"idSuffix":"I"}},"clearTextFirst":true,"interactionType":"ENTER_TEXT"}]}
RESULT: {"script":"<script> [776 bytes]","args":[{"enterText":"200278","selector":{"id":"application-managehandovers-display-component---AddNewHO--smartFilterBar-btnBasicSearch","searchOpenDialogs":true,"interaction":{"idSuffix":"I"}},"clearTextFirst":true,"interactionType":"ENTER_TEXT"}]}
COMMAND: POST /session/9cfd67d3348077eadf4ec856fad7fe91/actions - {"actions":[{"id":"action20","type":"key","parameters":{},"actions":[{"type":"keyDown","value":"î€‡"},{"type":"pause","duration":10},{"type":"keyUp","value":"î€‡"}]}]}
RESULT: {"actions":[{"id":"action20","type":"key","parameters":{},"actions":[{"type":"keyDown","value":"î€‡"},{"type":"pause","duration":10},{"type":"keyUp","value":"î€‡"}]}]}
COMMAND: GET /session/9cfd67d3348077eadf4ec856fad7fe91/screenshot - {}
RESULT: {}
RESULT: undefined
COMMAND: POST /session/9cfd67d3348077eadf4ec856fad7fe91/element - {"using":"xpath","value":"//*[@id=\"application-managehandovers-display-component---AddNewHO--popup-sa\"]"}
RESULT: {"using":"xpath","value":"//*[@id=\"application-managehandovers-display-component---AddNewHO--popup-sa\"]"}
COMMAND: POST /session/9cfd67d3348077eadf4ec856fad7fe91/element/f.611EB16B8E3D36D28F8F7D4109D23A74.d.93DBB1C2AB450F97AFC94BB18BBE5279.e.4757/click - {}
RESULT: {}
COMMAND: GET /session/9cfd67d3348077eadf4ec856fad7fe91/screenshot - {}
RESULT: {}
COMMAND: POST /session/9cfd67d3348077eadf4ec856fad7fe91/element - {"using":"xpath","value":"//bdi[contains(text(), \"Select\")]"}
RESULT: {"using":"xpath","value":"//bdi[contains(text(), \"Select\")]"}
COMMAND: POST /session/9cfd67d3348077eadf4ec856fad7fe91/element/f.611EB16B8E3D36D28F8F7D4109D23A74.d.93DBB1C2AB450F97AFC94BB18BBE5279.e.4758/click - {}
RESULT: {}
COMMAND: GET /session/9cfd67d3348077eadf4ec856fad7fe91/screenshot - {}
RESULT: {}
COMMAND: POST /session/9cfd67d3348077eadf4ec856fad7fe91/element - {"using":"xpath","value":"//button[@data-kt=\"AddNewHOSaveButton\"]"}
RESULT: {"using":"xpath","value":"//button[@data-kt=\"AddNewHOSaveButton\"]"}
COMMAND: POST /session/9cfd67d3348077eadf4ec856fad7fe91/element/f.611EB16B8E3D36D28F8F7D4109D23A74.d.93DBB1C2AB450F97AFC94BB18BBE5279.e.4762/click - {}
RESULT: {}
COMMAND: GET /session/9cfd67d3348077eadf4ec856fad7fe91/screenshot - {}
RESULT: {}
RESULT: undefined
COMMAND: POST /session/9cfd67d3348077eadf4ec856fad7fe91/execute/async - {"script":"<script> [6424 bytes]","args":[{"element-6066-11e4-a52e-4f735466cecf":"f.611EB16B8E3D36D28F8F7D4109D23A74.d.93DBB1C2AB450F97AFC94BB18BBE5279.e.3924"},"setValue",["05/02/2025"]]}
COMMAND: POST /session/9cfd67d3348077eadf4ec856fad7fe91/execute/async - {"script":"<script> [1562 bytes]","args":[{"selector":{"id":"receiptDatePicker","viewName":"etm.portal.ui.managehandovers.view.DetailExecuteHO","interaction":{"idSuffix":"inner"}},"wdio_ui5_key":"receiptDatePickeretmportal.ui.managehandovers.view.DetailExecuteHO"}]}
RESULT: {"script":"<script> [1562 bytes]","args":[{"selector":{"id":"receiptDatePicker","viewName":"etm.portal.ui.managehandovers.view.DetailExecuteHO","interaction":{"idSuffix":"inner"}},"wdio_ui5_key":"receiptDatePickeretmportal.ui.managehandovers.view.DetailExecuteHO"}]}
COMMAND: POST /session/9cfd67d3348077eadf4ec856fad7fe91/execute/async - {"script":"<script> [6424 bytes]","args":[{"element-6066-11e4-a52e-4f735466cecf":"f.611EB16B8E3D36D28F8F7D4109D23A74.d.93DBB1C2AB450F97AFC94BB18BBE5279.e.4794"},"setValue",["05/02/2025"]]}
RESULT: {"script":"<script> [6424 bytes]","args":[{"element-6066-11e4-a52e-4f735466cecf":"f.611EB16B8E3D36D28F8F7D4109D23A74.d.93DBB1C2AB450F97AFC94BB18BBE5279.e.4794"},"setValue",["05/02/2025"]]}
COMMAND: POST /session/9cfd67d3348077eadf4ec856fad7fe91/element - {"using":"xpath","value":"//button[@data-kt=\"PickingTableConfirmAllButton\"]"}
RESULT: {"using":"xpath","value":"//button[@data-kt=\"PickingTableConfirmAllButton\"]"}
COMMAND: POST /session/9cfd67d3348077eadf4ec856fad7fe91/element/f.611EB16B8E3D36D28F8F7D4109D23A74.d.93DBB1C2AB450F97AFC94BB18BBE5279.e.4808/click - {}
RESULT: {}
COMMAND: GET /session/9cfd67d3348077eadf4ec856fad7fe91/screenshot - {}
RESULT: {}
COMMAND: POST /session/9cfd67d3348077eadf4ec856fad7fe91/element - {"using":"xpath","value":"//bdi[contains(text(), \"OK\")]"}
RESULT: {"using":"xpath","value":"//bdi[contains(text(), \"OK\")]"}
COMMAND: POST /session/9cfd67d3348077eadf4ec856fad7fe91/element/f.611EB16B8E3D36D28F8F7D4109D23A74.d.93DBB1C2AB450F97AFC94BB18BBE5279.e.4810/click - {}
RESULT: {}
COMMAND: GET /session/9cfd67d3348077eadf4ec856fad7fe91/screenshot - {}
RESULT: {}
COMMAND: POST /session/9cfd67d3348077eadf4ec856fad7fe91/element - {"using":"xpath","value":"(//bdi[contains(text(), \"Receive\")])[2]"}
RESULT: {"using":"xpath","value":"(//bdi[contains(text(), \"Receive\")])[2]"}
COMMAND: POST /session/9cfd67d3348077eadf4ec856fad7fe91/element/f.611EB16B8E3D36D28F8F7D4109D23A74.d.93DBB1C2AB450F97AFC94BB18BBE5279.e.4812/click - {}
RESULT: {}
COMMAND: GET /session/9cfd67d3348077eadf4ec856fad7fe91/screenshot - {}
RESULT: {}
COMMAND: POST /session/9cfd67d3348077eadf4ec856fad7fe91/element - {"using":"css selector","value":"#shell-header-logo"}
RESULT: {"using":"css selector","value":"#shell-header-logo"}
COMMAND: POST /session/9cfd67d3348077eadf4ec856fad7fe91/element/f.611EB16B8E3D36D28F8F7D4109D23A74.d.93DBB1C2AB450F97AFC94BB18BBE5279.e.4114/click - {}
RESULT: {}
COMMAND: GET /session/9cfd67d3348077eadf4ec856fad7fe91/screenshot - {}
RESULT: {}
]]></system-out>
    </testcase>
    <testcase classname="chrome.135_0_7049_96.windows.RU_Inventory_Mass_State_Change_Multiple_Items_US151066" name="Step 2 Should do a RU inventory mass state change on chosen yard 109 with the resources created one equipment one material the existing ones too" time="295.139">
      <system-out><![CDATA[
RESULT: undefined
COMMAND: POST /session/9cfd67d3348077eadf4ec856fad7fe91/element - {"using":"xpath","value":"//*[@id=\"__tile99\"]"}
RESULT: {"using":"xpath","value":"//*[@id=\"__tile99\"]"}
COMMAND: POST /session/9cfd67d3348077eadf4ec856fad7fe91/element/f.611EB16B8E3D36D28F8F7D4109D23A74.d.93DBB1C2AB450F97AFC94BB18BBE5279.e.277/click - {}
RESULT: {}
COMMAND: POST /session/9cfd67d3348077eadf4ec856fad7fe91/element - {"using":"xpath","value":"//button[contains(@id, \"massStateBtn\")]"}
COMMAND: GET /session/9cfd67d3348077eadf4ec856fad7fe91/screenshot - {}
RESULT: {"using":"xpath","value":"//button[contains(@id, \"massStateBtn\")]"}
COMMAND: POST /session/9cfd67d3348077eadf4ec856fad7fe91/elements - {"using":"xpath","value":"//button[contains(@id, \"massStateBtn\")]"}
RESULT: {}
RESULT: {"using":"xpath","value":"//button[contains(@id, \"massStateBtn\")]"}
COMMAND: POST /session/9cfd67d3348077eadf4ec856fad7fe91/element - {"using":"xpath","value":"//button[contains(@id, \"massStateBtn\")]"}
RESULT: {"using":"xpath","value":"//button[contains(@id, \"massStateBtn\")]"}
COMMAND: POST /session/9cfd67d3348077eadf4ec856fad7fe91/execute/sync - {"script":"<script> [8489 bytes]","args":[{"element-6066-11e4-a52e-4f735466cecf":"f.611EB16B8E3D36D28F8F7D4109D23A74.d.93DBB1C2AB450F97AFC94BB18BBE5279.e.5134","ELEMENT":"f.611EB16B8E3D36D28F8F7D4109D23A74.d.93DBB1C2AB450F97AFC94BB18BBE5279.e.5134"}]}
RESULT: {"script":"<script> [8489 bytes]","args":[{"element-6066-11e4-a52e-4f735466cecf":"f.611EB16B8E3D36D28F8F7D4109D23A74.d.93DBB1C2AB450F97AFC94BB18BBE5279.e.5134","ELEMENT":"f.611EB16B8E3D36D28F8F7D4109D23A74.d.93DBB1C2AB450F97AFC94BB18BBE5279.e.5134"}]}
COMMAND: GET /session/9cfd67d3348077eadf4ec856fad7fe91/element/f.611EB16B8E3D36D28F8F7D4109D23A74.d.93DBB1C2AB450F97AFC94BB18BBE5279.e.5134/enabled - {}
COMMAND: GET /session/9cfd67d3348077eadf4ec856fad7fe91/screenshot - {}
RESULT: {}
COMMAND: POST /session/9cfd67d3348077eadf4ec856fad7fe91/execute/sync - {"script":"<script> [8489 bytes]","args":[{"element-6066-11e4-a52e-4f735466cecf":"f.611EB16B8E3D36D28F8F7D4109D23A74.d.93DBB1C2AB450F97AFC94BB18BBE5279.e.5134","ELEMENT":"f.611EB16B8E3D36D28F8F7D4109D23A74.d.93DBB1C2AB450F97AFC94BB18BBE5279.e.5134"}]}
COMMAND: GET /session/9cfd67d3348077eadf4ec856fad7fe91/screenshot - {}
RESULT: {}
RESULT: {"script":"<script> [8489 bytes]","args":[{"element-6066-11e4-a52e-4f735466cecf":"f.611EB16B8E3D36D28F8F7D4109D23A74.d.93DBB1C2AB450F97AFC94BB18BBE5279.e.5134","ELEMENT":"f.611EB16B8E3D36D28F8F7D4109D23A74.d.93DBB1C2AB450F97AFC94BB18BBE5279.e.5134"}]}
COMMAND: POST /session/9cfd67d3348077eadf4ec856fad7fe91/execute/sync - {"script":"<script> [5351 bytes]","args":[{"element-6066-11e4-a52e-4f735466cecf":"f.611EB16B8E3D36D28F8F7D4109D23A74.d.93DBB1C2AB450F97AFC94BB18BBE5279.e.5134","ELEMENT":"f.611EB16B8E3D36D28F8F7D4109D23A74.d.93DBB1C2AB450F97AFC94BB18BBE5279.e.5134"}]}
COMMAND: GET /session/9cfd67d3348077eadf4ec856fad7fe91/screenshot - {}
RESULT: {}
RESULT: {"script":"<script> [5351 bytes]","args":[{"element-6066-11e4-a52e-4f735466cecf":"f.611EB16B8E3D36D28F8F7D4109D23A74.d.93DBB1C2AB450F97AFC94BB18BBE5279.e.5134","ELEMENT":"f.611EB16B8E3D36D28F8F7D4109D23A74.d.93DBB1C2AB450F97AFC94BB18BBE5279.e.5134"}]}
COMMAND: POST /session/9cfd67d3348077eadf4ec856fad7fe91/element/f.611EB16B8E3D36D28F8F7D4109D23A74.d.93DBB1C2AB450F97AFC94BB18BBE5279.e.5134/click - {}
COMMAND: GET /session/9cfd67d3348077eadf4ec856fad7fe91/screenshot - {}
RESULT: {}
RESULT: {}
COMMAND: GET /session/9cfd67d3348077eadf4ec856fad7fe91/screenshot - {}
RESULT: {}
RESULT: {}
RESULT: undefined
COMMAND: POST /session/9cfd67d3348077eadf4ec856fad7fe91/element - {"using":"xpath","value":"//*[@id=\"application-ruinventorylist-display-component---Master--ruLocationTypeComboBox-arrow\"]"}
RESULT: {"using":"xpath","value":"//*[@id=\"application-ruinventorylist-display-component---Master--ruLocationTypeComboBox-arrow\"]"}
COMMAND: POST /session/9cfd67d3348077eadf4ec856fad7fe91/element/f.611EB16B8E3D36D28F8F7D4109D23A74.d.93DBB1C2AB450F97AFC94BB18BBE5279.e.5605/click - {}
RESULT: {}
COMMAND: GET /session/9cfd67d3348077eadf4ec856fad7fe91/screenshot - {}
RESULT: {}
COMMAND: POST /session/9cfd67d3348077eadf4ec856fad7fe91/element - {"using":"xpath","value":"//li[.//span[text()='Yard']]"}
RESULT: {"using":"xpath","value":"//li[.//span[text()='Yard']]"}
COMMAND: POST /session/9cfd67d3348077eadf4ec856fad7fe91/element/f.611EB16B8E3D36D28F8F7D4109D23A74.d.93DBB1C2AB450F97AFC94BB18BBE5279.e.5606/click - {}
RESULT: {}
COMMAND: GET /session/9cfd67d3348077eadf4ec856fad7fe91/screenshot - {}
RESULT: {}
RESULT: undefined
COMMAND: POST /session/9cfd67d3348077eadf4ec856fad7fe91/element - {"using":"xpath","value":"//*[@id=\"application-ruinventorylist-display-component---Master--smartFilterBar-filterItemControl_BASIC-YARD-vhi\"]"}
RESULT: {"using":"xpath","value":"//*[@id=\"application-ruinventorylist-display-component---Master--smartFilterBar-filterItemControl_BASIC-YARD-vhi\"]"}
COMMAND: POST /session/9cfd67d3348077eadf4ec856fad7fe91/element/f.611EB16B8E3D36D28F8F7D4109D23A74.d.93DBB1C2AB450F97AFC94BB18BBE5279.e.5668/click - {}
RESULT: {}
COMMAND: GET /session/9cfd67d3348077eadf4ec856fad7fe91/screenshot - {}
RESULT: {}
RESULT: undefined
COMMAND: POST /session/9cfd67d3348077eadf4ec856fad7fe91/execute/async - {"script":"<script> [776 bytes]","args":[{"enterText":"109","selector":{"id":"application-ruinventorylist-display-component---Master--smartFilterBar-filterItemControl_BASIC-YARD-valueHelpDialog-smartFilterBar-btnBasicSearch","searchOpenDialogs":true,"interaction":{"idSuffix":"I"}},"clearTextFirst":true,"interactionType":"ENTER_TEXT"}]}
RESULT: {"script":"<script> [776 bytes]","args":[{"enterText":"109","selector":{"id":"application-ruinventorylist-display-component---Master--smartFilterBar-filterItemControl_BASIC-YARD-valueHelpDialog-smartFilterBar-btnBasicSearch","searchOpenDialogs":true,"interaction":{"idSuffix":"I"}},"clearTextFirst":true,"interactionType":"ENTER_TEXT"}]}
COMMAND: POST /session/9cfd67d3348077eadf4ec856fad7fe91/actions - {"actions":[{"id":"action21","type":"key","parameters":{},"actions":[{"type":"keyDown","value":"î€‡"},{"type":"pause","duration":10},{"type":"keyUp","value":"î€‡"}]}]}
RESULT: {"actions":[{"id":"action21","type":"key","parameters":{},"actions":[{"type":"keyDown","value":"î€‡"},{"type":"pause","duration":10},{"type":"keyUp","value":"î€‡"}]}]}
COMMAND: GET /session/9cfd67d3348077eadf4ec856fad7fe91/screenshot - {}
RESULT: {}
COMMAND: POST /session/9cfd67d3348077eadf4ec856fad7fe91/elements - {"using":"xpath","value":"//table[contains(@id, \"filterItemControl_BASIC-YARD-valueHelpDialog-table-table\")]/tbody/tr"}
RESULT: {"using":"xpath","value":"//table[contains(@id, \"filterItemControl_BASIC-YARD-valueHelpDialog-table-table\")]/tbody/tr"}
COMMAND: POST /session/9cfd67d3348077eadf4ec856fad7fe91/element - {"using":"xpath","value":"//table[contains(@id, \"filterItemControl_BASIC-YARD-valueHelpDialog-table-table\")]/tbody/tr[1]/td[1]/div/span"}
RESULT: {"using":"xpath","value":"//table[contains(@id, \"filterItemControl_BASIC-YARD-valueHelpDialog-table-table\")]/tbody/tr[1]/td[1]/div/span"}
COMMAND: POST /session/9cfd67d3348077eadf4ec856fad7fe91/elements - {"using":"xpath","value":"//table[contains(@id, \"filterItemControl_BASIC-YARD-valueHelpDialog-table-table\")]/tbody/tr[1]/td[1]/div/span"}
RESULT: {"using":"xpath","value":"//table[contains(@id, \"filterItemControl_BASIC-YARD-valueHelpDialog-table-table\")]/tbody/tr[1]/td[1]/div/span"}
COMMAND: POST /session/9cfd67d3348077eadf4ec856fad7fe91/execute/sync - {"script":"<script> [56 bytes]","args":[{"element-6066-11e4-a52e-4f735466cecf":"f.611EB16B8E3D36D28F8F7D4109D23A74.d.93DBB1C2AB450F97AFC94BB18BBE5279.e.5687","ELEMENT":"f.611EB16B8E3D36D28F8F7D4109D23A74.d.93DBB1C2AB450F97AFC94BB18BBE5279.e.5687"}]}
RESULT: {"script":"<script> [56 bytes]","args":[{"element-6066-11e4-a52e-4f735466cecf":"f.611EB16B8E3D36D28F8F7D4109D23A74.d.93DBB1C2AB450F97AFC94BB18BBE5279.e.5687","ELEMENT":"f.611EB16B8E3D36D28F8F7D4109D23A74.d.93DBB1C2AB450F97AFC94BB18BBE5279.e.5687"}]}
COMMAND: POST /session/9cfd67d3348077eadf4ec856fad7fe91/element - {"using":"xpath","value":"//div[contains(@id, \"filterItemControl_BASIC-YARD-valueHelpDialog-table-rowsel0\")]"}
COMMAND: GET /session/9cfd67d3348077eadf4ec856fad7fe91/screenshot - {}
RESULT: {"using":"xpath","value":"//div[contains(@id, \"filterItemControl_BASIC-YARD-valueHelpDialog-table-rowsel0\")]"}
COMMAND: POST /session/9cfd67d3348077eadf4ec856fad7fe91/element/f.611EB16B8E3D36D28F8F7D4109D23A74.d.93DBB1C2AB450F97AFC94BB18BBE5279.e.5688/click - {}
RESULT: {}
RESULT: {}
COMMAND: GET /session/9cfd67d3348077eadf4ec856fad7fe91/screenshot - {}
RESULT: {}
COMMAND: POST /session/9cfd67d3348077eadf4ec856fad7fe91/element - {"using":"xpath","value":"//div[contains(@id, \"smartFilterBar-filterItemControl_BASIC-YARD-valueHelpDialog-smartFilterBar-btnBasicSearch-reset\")]"}
RESULT: {"using":"xpath","value":"//div[contains(@id, \"smartFilterBar-filterItemControl_BASIC-YARD-valueHelpDialog-smartFilterBar-btnBasicSearch-reset\")]"}
COMMAND: POST /session/9cfd67d3348077eadf4ec856fad7fe91/element/f.611EB16B8E3D36D28F8F7D4109D23A74.d.93DBB1C2AB450F97AFC94BB18BBE5279.e.5690/click - {}
RESULT: {}
RESULT: undefined
COMMAND: POST /session/9cfd67d3348077eadf4ec856fad7fe91/execute/async - {"script":"<script> [776 bytes]","args":[{"enterText":"OPA5_BST01_YARD1","selector":{"id":"application-ruinventorylist-display-component---Master--smartFilterBar-filterItemControl_BASIC-YARD-valueHelpDialog-smartFilterBar-btnBasicSearch","searchOpenDialogs":true,"interaction":{"idSuffix":"I"}},"clearTextFirst":true,"interactionType":"ENTER_TEXT"}]}
COMMAND: GET /session/9cfd67d3348077eadf4ec856fad7fe91/screenshot - {}
RESULT: {"script":"<script> [776 bytes]","args":[{"enterText":"OPA5_BST01_YARD1","selector":{"id":"application-ruinventorylist-display-component---Master--smartFilterBar-filterItemControl_BASIC-YARD-valueHelpDialog-smartFilterBar-btnBasicSearch","searchOpenDialogs":true,"interaction":{"idSuffix":"I"}},"clearTextFirst":true,"interactionType":"ENTER_TEXT"}]}
COMMAND: POST /session/9cfd67d3348077eadf4ec856fad7fe91/actions - {"actions":[{"id":"action22","type":"key","parameters":{},"actions":[{"type":"keyDown","value":"î€‡"},{"type":"pause","duration":10},{"type":"keyUp","value":"î€‡"}]}]}
RESULT: {}
RESULT: {"actions":[{"id":"action22","type":"key","parameters":{},"actions":[{"type":"keyDown","value":"î€‡"},{"type":"pause","duration":10},{"type":"keyUp","value":"î€‡"}]}]}
COMMAND: GET /session/9cfd67d3348077eadf4ec856fad7fe91/screenshot - {}
RESULT: {}
COMMAND: POST /session/9cfd67d3348077eadf4ec856fad7fe91/elements - {"using":"xpath","value":"//table[contains(@id, \"filterItemControl_BASIC-YARD-valueHelpDialog-table-table\")]/tbody/tr"}
RESULT: {"using":"xpath","value":"//table[contains(@id, \"filterItemControl_BASIC-YARD-valueHelpDialog-table-table\")]/tbody/tr"}
COMMAND: POST /session/9cfd67d3348077eadf4ec856fad7fe91/element - {"using":"xpath","value":"//table[contains(@id, \"filterItemControl_BASIC-YARD-valueHelpDialog-table-table\")]/tbody/tr[1]/td[1]/div/span"}
RESULT: {"using":"xpath","value":"//table[contains(@id, \"filterItemControl_BASIC-YARD-valueHelpDialog-table-table\")]/tbody/tr[1]/td[1]/div/span"}
COMMAND: POST /session/9cfd67d3348077eadf4ec856fad7fe91/elements - {"using":"xpath","value":"//table[contains(@id, \"filterItemControl_BASIC-YARD-valueHelpDialog-table-table\")]/tbody/tr[1]/td[1]/div/span"}
RESULT: {"using":"xpath","value":"//table[contains(@id, \"filterItemControl_BASIC-YARD-valueHelpDialog-table-table\")]/tbody/tr[1]/td[1]/div/span"}
COMMAND: POST /session/9cfd67d3348077eadf4ec856fad7fe91/execute/sync - {"script":"<script> [56 bytes]","args":[{"element-6066-11e4-a52e-4f735466cecf":"f.611EB16B8E3D36D28F8F7D4109D23A74.d.93DBB1C2AB450F97AFC94BB18BBE5279.e.5687","ELEMENT":"f.611EB16B8E3D36D28F8F7D4109D23A74.d.93DBB1C2AB450F97AFC94BB18BBE5279.e.5687"}]}
RESULT: {"script":"<script> [56 bytes]","args":[{"element-6066-11e4-a52e-4f735466cecf":"f.611EB16B8E3D36D28F8F7D4109D23A74.d.93DBB1C2AB450F97AFC94BB18BBE5279.e.5687","ELEMENT":"f.611EB16B8E3D36D28F8F7D4109D23A74.d.93DBB1C2AB450F97AFC94BB18BBE5279.e.5687"}]}
COMMAND: POST /session/9cfd67d3348077eadf4ec856fad7fe91/element - {"using":"xpath","value":"//div[contains(@id, \"filterItemControl_BASIC-YARD-valueHelpDialog-table-rowsel0\")]"}
COMMAND: GET /session/9cfd67d3348077eadf4ec856fad7fe91/screenshot - {}
RESULT: {"using":"xpath","value":"//div[contains(@id, \"filterItemControl_BASIC-YARD-valueHelpDialog-table-rowsel0\")]"}
COMMAND: POST /session/9cfd67d3348077eadf4ec856fad7fe91/element/f.611EB16B8E3D36D28F8F7D4109D23A74.d.93DBB1C2AB450F97AFC94BB18BBE5279.e.5688/click - {}
RESULT: {}
RESULT: {}
COMMAND: GET /session/9cfd67d3348077eadf4ec856fad7fe91/screenshot - {}
RESULT: {}
COMMAND: POST /session/9cfd67d3348077eadf4ec856fad7fe91/element - {"using":"xpath","value":"(//bdi[contains(text(), \"OK\")])[1]"}
RESULT: {"using":"xpath","value":"(//bdi[contains(text(), \"OK\")])[1]"}
COMMAND: POST /session/9cfd67d3348077eadf4ec856fad7fe91/element/f.611EB16B8E3D36D28F8F7D4109D23A74.d.93DBB1C2AB450F97AFC94BB18BBE5279.e.5691/click - {}
RESULT: {}
COMMAND: GET /session/9cfd67d3348077eadf4ec856fad7fe91/screenshot - {}
RESULT: {}
COMMAND: POST /session/9cfd67d3348077eadf4ec856fad7fe91/element - {"using":"xpath","value":"//span[@id=\"application-ruinventorylist-display-component---Master--smartTableRuInventoryList-header-inner\"]"}
RESULT: {"using":"xpath","value":"//span[@id=\"application-ruinventorylist-display-component---Master--smartTableRuInventoryList-header-inner\"]"}
COMMAND: POST /session/9cfd67d3348077eadf4ec856fad7fe91/elements - {"using":"xpath","value":"//span[@id=\"application-ruinventorylist-display-component---Master--smartTableRuInventoryList-header-inner\"]"}
RESULT: {"using":"xpath","value":"//span[@id=\"application-ruinventorylist-display-component---Master--smartTableRuInventoryList-header-inner\"]"}
COMMAND: POST /session/9cfd67d3348077eadf4ec856fad7fe91/execute/sync - {"script":"<script> [56 bytes]","args":[{"element-6066-11e4-a52e-4f735466cecf":"f.611EB16B8E3D36D28F8F7D4109D23A74.d.93DBB1C2AB450F97AFC94BB18BBE5279.e.5838","ELEMENT":"f.611EB16B8E3D36D28F8F7D4109D23A74.d.93DBB1C2AB450F97AFC94BB18BBE5279.e.5838"}]}
RESULT: {"script":"<script> [56 bytes]","args":[{"element-6066-11e4-a52e-4f735466cecf":"f.611EB16B8E3D36D28F8F7D4109D23A74.d.93DBB1C2AB450F97AFC94BB18BBE5279.e.5838","ELEMENT":"f.611EB16B8E3D36D28F8F7D4109D23A74.d.93DBB1C2AB450F97AFC94BB18BBE5279.e.5838"}]}
RESULT: undefined
COMMAND: POST /session/9cfd67d3348077eadf4ec856fad7fe91/execute/async - {"script":"<script> [776 bytes]","args":[{"enterText":"600002","selector":{"id":"application-ruinventorylist-display-component---Master--smartFilterBar-btnBasicSearch","interaction":{"idSuffix":"I"}},"clearTextFirst":true,"interactionType":"ENTER_TEXT"}]}
COMMAND: GET /session/9cfd67d3348077eadf4ec856fad7fe91/screenshot - {}
RESULT: {"script":"<script> [776 bytes]","args":[{"enterText":"600002","selector":{"id":"application-ruinventorylist-display-component---Master--smartFilterBar-btnBasicSearch","interaction":{"idSuffix":"I"}},"clearTextFirst":true,"interactionType":"ENTER_TEXT"}]}
COMMAND: POST /session/9cfd67d3348077eadf4ec856fad7fe91/actions - {"actions":[{"id":"action23","type":"key","parameters":{},"actions":[{"type":"keyDown","value":"î€‡"},{"type":"pause","duration":10},{"type":"keyUp","value":"î€‡"}]}]}
RESULT: {}
RESULT: {"actions":[{"id":"action23","type":"key","parameters":{},"actions":[{"type":"keyDown","value":"î€‡"},{"type":"pause","duration":10},{"type":"keyUp","value":"î€‡"}]}]}
COMMAND: GET /session/9cfd67d3348077eadf4ec856fad7fe91/screenshot - {}
RESULT: {}
COMMAND: POST /session/9cfd67d3348077eadf4ec856fad7fe91/element - {"using":"xpath","value":"//span[@id=\"application-ruinventorylist-display-component---Master--smartTableRuInventoryList-header-inner\"]"}
RESULT: {"using":"xpath","value":"//span[@id=\"application-ruinventorylist-display-component---Master--smartTableRuInventoryList-header-inner\"]"}
COMMAND: POST /session/9cfd67d3348077eadf4ec856fad7fe91/elements - {"using":"xpath","value":"//span[@id=\"application-ruinventorylist-display-component---Master--smartTableRuInventoryList-header-inner\"]"}
RESULT: {"using":"xpath","value":"//span[@id=\"application-ruinventorylist-display-component---Master--smartTableRuInventoryList-header-inner\"]"}
COMMAND: POST /session/9cfd67d3348077eadf4ec856fad7fe91/execute/sync - {"script":"<script> [56 bytes]","args":[{"element-6066-11e4-a52e-4f735466cecf":"f.611EB16B8E3D36D28F8F7D4109D23A74.d.93DBB1C2AB450F97AFC94BB18BBE5279.e.5838","ELEMENT":"f.611EB16B8E3D36D28F8F7D4109D23A74.d.93DBB1C2AB450F97AFC94BB18BBE5279.e.5838"}]}
RESULT: {"script":"<script> [56 bytes]","args":[{"element-6066-11e4-a52e-4f735466cecf":"f.611EB16B8E3D36D28F8F7D4109D23A74.d.93DBB1C2AB450F97AFC94BB18BBE5279.e.5838","ELEMENT":"f.611EB16B8E3D36D28F8F7D4109D23A74.d.93DBB1C2AB450F97AFC94BB18BBE5279.e.5838"}]}
COMMAND: POST /session/9cfd67d3348077eadf4ec856fad7fe91/element - {"using":"xpath","value":"//table[contains(@id, \"application-ruinventorylist-display-component---Master--tableRuInventoryList-listUl\")]/tbody/tr[1]/td[2]/div/div"}
COMMAND: GET /session/9cfd67d3348077eadf4ec856fad7fe91/screenshot - {}
RESULT: {"using":"xpath","value":"//table[contains(@id, \"application-ruinventorylist-display-component---Master--tableRuInventoryList-listUl\")]/tbody/tr[1]/td[2]/div/div"}
COMMAND: POST /session/9cfd67d3348077eadf4ec856fad7fe91/element/f.611EB16B8E3D36D28F8F7D4109D23A74.d.93DBB1C2AB450F97AFC94BB18BBE5279.e.5845/click - {}
RESULT: {}
RESULT: {}
COMMAND: GET /session/9cfd67d3348077eadf4ec856fad7fe91/screenshot - {}
RESULT: {}
COMMAND: POST /session/9cfd67d3348077eadf4ec856fad7fe91/element - {"using":"xpath","value":"//div[contains(@id, \"smartFilterBar-btnBasicSearch-reset\")]"}
RESULT: {"using":"xpath","value":"//div[contains(@id, \"smartFilterBar-btnBasicSearch-reset\")]"}
COMMAND: POST /session/9cfd67d3348077eadf4ec856fad7fe91/element/f.611EB16B8E3D36D28F8F7D4109D23A74.d.93DBB1C2AB450F97AFC94BB18BBE5279.e.5855/click - {}
RESULT: {}
COMMAND: GET /session/9cfd67d3348077eadf4ec856fad7fe91/screenshot - {}
RESULT: {}
RESULT: undefined
COMMAND: POST /session/9cfd67d3348077eadf4ec856fad7fe91/execute/async - {"script":"<script> [776 bytes]","args":[{"enterText":"401002","selector":{"id":"application-ruinventorylist-display-component---Master--smartFilterBar-btnBasicSearch","interaction":{"idSuffix":"I"}},"clearTextFirst":true,"interactionType":"ENTER_TEXT"}]}
RESULT: {"script":"<script> [776 bytes]","args":[{"enterText":"401002","selector":{"id":"application-ruinventorylist-display-component---Master--smartFilterBar-btnBasicSearch","interaction":{"idSuffix":"I"}},"clearTextFirst":true,"interactionType":"ENTER_TEXT"}]}
COMMAND: POST /session/9cfd67d3348077eadf4ec856fad7fe91/actions - {"actions":[{"id":"action24","type":"key","parameters":{},"actions":[{"type":"keyDown","value":"î€‡"},{"type":"pause","duration":10},{"type":"keyUp","value":"î€‡"}]}]}
RESULT: {"actions":[{"id":"action24","type":"key","parameters":{},"actions":[{"type":"keyDown","value":"î€‡"},{"type":"pause","duration":10},{"type":"keyUp","value":"î€‡"}]}]}
COMMAND: GET /session/9cfd67d3348077eadf4ec856fad7fe91/screenshot - {}
RESULT: {}
COMMAND: POST /session/9cfd67d3348077eadf4ec856fad7fe91/element - {"using":"xpath","value":"//span[@id=\"application-ruinventorylist-display-component---Master--smartTableRuInventoryList-header-inner\"]"}
RESULT: {"using":"xpath","value":"//span[@id=\"application-ruinventorylist-display-component---Master--smartTableRuInventoryList-header-inner\"]"}
COMMAND: POST /session/9cfd67d3348077eadf4ec856fad7fe91/elements - {"using":"xpath","value":"//span[@id=\"application-ruinventorylist-display-component---Master--smartTableRuInventoryList-header-inner\"]"}
RESULT: {"using":"xpath","value":"//span[@id=\"application-ruinventorylist-display-component---Master--smartTableRuInventoryList-header-inner\"]"}
COMMAND: POST /session/9cfd67d3348077eadf4ec856fad7fe91/execute/sync - {"script":"<script> [56 bytes]","args":[{"element-6066-11e4-a52e-4f735466cecf":"f.611EB16B8E3D36D28F8F7D4109D23A74.d.93DBB1C2AB450F97AFC94BB18BBE5279.e.5838","ELEMENT":"f.611EB16B8E3D36D28F8F7D4109D23A74.d.93DBB1C2AB450F97AFC94BB18BBE5279.e.5838"}]}
RESULT: {"script":"<script> [56 bytes]","args":[{"element-6066-11e4-a52e-4f735466cecf":"f.611EB16B8E3D36D28F8F7D4109D23A74.d.93DBB1C2AB450F97AFC94BB18BBE5279.e.5838","ELEMENT":"f.611EB16B8E3D36D28F8F7D4109D23A74.d.93DBB1C2AB450F97AFC94BB18BBE5279.e.5838"}]}
COMMAND: POST /session/9cfd67d3348077eadf4ec856fad7fe91/element - {"using":"xpath","value":"//table[contains(@id, \"application-ruinventorylist-display-component---Master--tableRuInventoryList-listUl\")]/tbody/tr[1]/td[2]/div/div"}
COMMAND: GET /session/9cfd67d3348077eadf4ec856fad7fe91/screenshot - {}
RESULT: {"using":"xpath","value":"//table[contains(@id, \"application-ruinventorylist-display-component---Master--tableRuInventoryList-listUl\")]/tbody/tr[1]/td[2]/div/div"}
COMMAND: POST /session/9cfd67d3348077eadf4ec856fad7fe91/element/f.611EB16B8E3D36D28F8F7D4109D23A74.d.93DBB1C2AB450F97AFC94BB18BBE5279.e.6017/click - {}
RESULT: {}
RESULT: {}
COMMAND: GET /session/9cfd67d3348077eadf4ec856fad7fe91/screenshot - {}
RESULT: {}
COMMAND: POST /session/9cfd67d3348077eadf4ec856fad7fe91/element - {"using":"xpath","value":"//div[contains(@id, \"smartFilterBar-btnBasicSearch-reset\")]"}
RESULT: {"using":"xpath","value":"//div[contains(@id, \"smartFilterBar-btnBasicSearch-reset\")]"}
COMMAND: POST /session/9cfd67d3348077eadf4ec856fad7fe91/element/f.611EB16B8E3D36D28F8F7D4109D23A74.d.93DBB1C2AB450F97AFC94BB18BBE5279.e.5855/click - {}
RESULT: {}
COMMAND: GET /session/9cfd67d3348077eadf4ec856fad7fe91/screenshot - {}
RESULT: {}
RESULT: undefined
COMMAND: POST /session/9cfd67d3348077eadf4ec856fad7fe91/execute/async - {"script":"<script> [776 bytes]","args":[{"enterText":"DnpD5Vx8qV","selector":{"id":"application-ruinventorylist-display-component---Master--smartFilterBar-btnBasicSearch","interaction":{"idSuffix":"I"}},"clearTextFirst":true,"interactionType":"ENTER_TEXT"}]}
RESULT: {"script":"<script> [776 bytes]","args":[{"enterText":"DnpD5Vx8qV","selector":{"id":"application-ruinventorylist-display-component---Master--smartFilterBar-btnBasicSearch","interaction":{"idSuffix":"I"}},"clearTextFirst":true,"interactionType":"ENTER_TEXT"}]}
COMMAND: POST /session/9cfd67d3348077eadf4ec856fad7fe91/actions - {"actions":[{"id":"action25","type":"key","parameters":{},"actions":[{"type":"keyDown","value":"î€‡"},{"type":"pause","duration":10},{"type":"keyUp","value":"î€‡"}]}]}
RESULT: {"actions":[{"id":"action25","type":"key","parameters":{},"actions":[{"type":"keyDown","value":"î€‡"},{"type":"pause","duration":10},{"type":"keyUp","value":"î€‡"}]}]}
COMMAND: GET /session/9cfd67d3348077eadf4ec856fad7fe91/screenshot - {}
RESULT: {}
COMMAND: POST /session/9cfd67d3348077eadf4ec856fad7fe91/element - {"using":"xpath","value":"//span[@id=\"application-ruinventorylist-display-component---Master--smartTableRuInventoryList-header-inner\"]"}
RESULT: {"using":"xpath","value":"//span[@id=\"application-ruinventorylist-display-component---Master--smartTableRuInventoryList-header-inner\"]"}
COMMAND: POST /session/9cfd67d3348077eadf4ec856fad7fe91/elements - {"using":"xpath","value":"//span[@id=\"application-ruinventorylist-display-component---Master--smartTableRuInventoryList-header-inner\"]"}
RESULT: {"using":"xpath","value":"//span[@id=\"application-ruinventorylist-display-component---Master--smartTableRuInventoryList-header-inner\"]"}
COMMAND: POST /session/9cfd67d3348077eadf4ec856fad7fe91/execute/sync - {"script":"<script> [56 bytes]","args":[{"element-6066-11e4-a52e-4f735466cecf":"f.611EB16B8E3D36D28F8F7D4109D23A74.d.93DBB1C2AB450F97AFC94BB18BBE5279.e.5838","ELEMENT":"f.611EB16B8E3D36D28F8F7D4109D23A74.d.93DBB1C2AB450F97AFC94BB18BBE5279.e.5838"}]}
RESULT: {"script":"<script> [56 bytes]","args":[{"element-6066-11e4-a52e-4f735466cecf":"f.611EB16B8E3D36D28F8F7D4109D23A74.d.93DBB1C2AB450F97AFC94BB18BBE5279.e.5838","ELEMENT":"f.611EB16B8E3D36D28F8F7D4109D23A74.d.93DBB1C2AB450F97AFC94BB18BBE5279.e.5838"}]}
COMMAND: POST /session/9cfd67d3348077eadf4ec856fad7fe91/element - {"using":"xpath","value":"//table[contains(@id, \"application-ruinventorylist-display-component---Master--tableRuInventoryList-listUl\")]/tbody/tr[1]/td[2]/div/div"}
COMMAND: GET /session/9cfd67d3348077eadf4ec856fad7fe91/screenshot - {}
RESULT: {"using":"xpath","value":"//table[contains(@id, \"application-ruinventorylist-display-component---Master--tableRuInventoryList-listUl\")]/tbody/tr[1]/td[2]/div/div"}
COMMAND: POST /session/9cfd67d3348077eadf4ec856fad7fe91/element/f.611EB16B8E3D36D28F8F7D4109D23A74.d.93DBB1C2AB450F97AFC94BB18BBE5279.e.6190/click - {}
RESULT: {}
RESULT: {}
COMMAND: GET /session/9cfd67d3348077eadf4ec856fad7fe91/screenshot - {}
RESULT: {}
COMMAND: POST /session/9cfd67d3348077eadf4ec856fad7fe91/element - {"using":"xpath","value":"//div[contains(@id, \"smartFilterBar-btnBasicSearch-reset\")]"}
RESULT: {"using":"xpath","value":"//div[contains(@id, \"smartFilterBar-btnBasicSearch-reset\")]"}
COMMAND: POST /session/9cfd67d3348077eadf4ec856fad7fe91/element/f.611EB16B8E3D36D28F8F7D4109D23A74.d.93DBB1C2AB450F97AFC94BB18BBE5279.e.5855/click - {}
RESULT: {}
COMMAND: GET /session/9cfd67d3348077eadf4ec856fad7fe91/screenshot - {}
RESULT: undefined
COMMAND: POST /session/9cfd67d3348077eadf4ec856fad7fe91/execute/async - {"script":"<script> [776 bytes]","args":[{"enterText":"200278","selector":{"id":"application-ruinventorylist-display-component---Master--smartFilterBar-btnBasicSearch","interaction":{"idSuffix":"I"}},"clearTextFirst":true,"interactionType":"ENTER_TEXT"}]}
RESULT: {}
RESULT: {"script":"<script> [776 bytes]","args":[{"enterText":"200278","selector":{"id":"application-ruinventorylist-display-component---Master--smartFilterBar-btnBasicSearch","interaction":{"idSuffix":"I"}},"clearTextFirst":true,"interactionType":"ENTER_TEXT"}]}
COMMAND: POST /session/9cfd67d3348077eadf4ec856fad7fe91/actions - {"actions":[{"id":"action26","type":"key","parameters":{},"actions":[{"type":"keyDown","value":"î€‡"},{"type":"pause","duration":10},{"type":"keyUp","value":"î€‡"}]}]}
RESULT: {"actions":[{"id":"action26","type":"key","parameters":{},"actions":[{"type":"keyDown","value":"î€‡"},{"type":"pause","duration":10},{"type":"keyUp","value":"î€‡"}]}]}
COMMAND: GET /session/9cfd67d3348077eadf4ec856fad7fe91/screenshot - {}
RESULT: {}
COMMAND: POST /session/9cfd67d3348077eadf4ec856fad7fe91/element - {"using":"xpath","value":"//span[@id=\"application-ruinventorylist-display-component---Master--smartTableRuInventoryList-header-inner\"]"}
RESULT: {"using":"xpath","value":"//span[@id=\"application-ruinventorylist-display-component---Master--smartTableRuInventoryList-header-inner\"]"}
COMMAND: POST /session/9cfd67d3348077eadf4ec856fad7fe91/elements - {"using":"xpath","value":"//span[@id=\"application-ruinventorylist-display-component---Master--smartTableRuInventoryList-header-inner\"]"}
RESULT: {"using":"xpath","value":"//span[@id=\"application-ruinventorylist-display-component---Master--smartTableRuInventoryList-header-inner\"]"}
COMMAND: POST /session/9cfd67d3348077eadf4ec856fad7fe91/execute/sync - {"script":"<script> [56 bytes]","args":[{"element-6066-11e4-a52e-4f735466cecf":"f.611EB16B8E3D36D28F8F7D4109D23A74.d.93DBB1C2AB450F97AFC94BB18BBE5279.e.5838","ELEMENT":"f.611EB16B8E3D36D28F8F7D4109D23A74.d.93DBB1C2AB450F97AFC94BB18BBE5279.e.5838"}]}
RESULT: {"script":"<script> [56 bytes]","args":[{"element-6066-11e4-a52e-4f735466cecf":"f.611EB16B8E3D36D28F8F7D4109D23A74.d.93DBB1C2AB450F97AFC94BB18BBE5279.e.5838","ELEMENT":"f.611EB16B8E3D36D28F8F7D4109D23A74.d.93DBB1C2AB450F97AFC94BB18BBE5279.e.5838"}]}
COMMAND: POST /session/9cfd67d3348077eadf4ec856fad7fe91/element - {"using":"xpath","value":"//table[contains(@id, \"application-ruinventorylist-display-component---Master--tableRuInventoryList-listUl\")]/tbody/tr[1]/td[2]/div/div"}
COMMAND: GET /session/9cfd67d3348077eadf4ec856fad7fe91/screenshot - {}
RESULT: {"using":"xpath","value":"//table[contains(@id, \"application-ruinventorylist-display-component---Master--tableRuInventoryList-listUl\")]/tbody/tr[1]/td[2]/div/div"}
COMMAND: POST /session/9cfd67d3348077eadf4ec856fad7fe91/element/f.611EB16B8E3D36D28F8F7D4109D23A74.d.93DBB1C2AB450F97AFC94BB18BBE5279.e.6363/click - {}
RESULT: {}
RESULT: {}
COMMAND: GET /session/9cfd67d3348077eadf4ec856fad7fe91/screenshot - {}
RESULT: {}
COMMAND: POST /session/9cfd67d3348077eadf4ec856fad7fe91/element - {"using":"xpath","value":"//div[contains(@id, \"smartFilterBar-btnBasicSearch-reset\")]"}
RESULT: {"using":"xpath","value":"//div[contains(@id, \"smartFilterBar-btnBasicSearch-reset\")]"}
COMMAND: POST /session/9cfd67d3348077eadf4ec856fad7fe91/element/f.611EB16B8E3D36D28F8F7D4109D23A74.d.93DBB1C2AB450F97AFC94BB18BBE5279.e.5855/click - {}
RESULT: {}
COMMAND: GET /session/9cfd67d3348077eadf4ec856fad7fe91/screenshot - {}
COMMAND: POST /session/9cfd67d3348077eadf4ec856fad7fe91/element/f.611EB16B8E3D36D28F8F7D4109D23A74.d.93DBB1C2AB450F97AFC94BB18BBE5279.e.5134/click - {}
RESULT: {}
RESULT: {}
COMMAND: GET /session/9cfd67d3348077eadf4ec856fad7fe91/screenshot - {}
RESULT: {}
COMMAND: POST /session/9cfd67d3348077eadf4ec856fad7fe91/execute/async - {"script":"<script> [1562 bytes]","args":[{"selector":{"id":"application-ruinventorylist-display-component---Master--effectiveDate","searchOpenDialogs":true,"interaction":{"idSuffix":"inner"}},"wdio_ui5_key":"applicationruinventorylist-display-component---Master--effectiveDate"}]}
RESULT: {"script":"<script> [1562 bytes]","args":[{"selector":{"id":"application-ruinventorylist-display-component---Master--effectiveDate","searchOpenDialogs":true,"interaction":{"idSuffix":"inner"}},"wdio_ui5_key":"applicationruinventorylist-display-component---Master--effectiveDate"}]}
RESULT: undefined
COMMAND: POST /session/9cfd67d3348077eadf4ec856fad7fe91/execute/async - {"script":"<script> [776 bytes]","args":[{"enterText":"05/01/25","selector":{"id":"application-ruinventorylist-display-component---Master--effectiveDate","searchOpenDialogs":true,"interaction":{"idSuffix":"inner"}},"clearTextFirst":true,"interactionType":"ENTER_TEXT"}]}
RESULT: {"script":"<script> [776 bytes]","args":[{"enterText":"05/01/25","selector":{"id":"application-ruinventorylist-display-component---Master--effectiveDate","searchOpenDialogs":true,"interaction":{"idSuffix":"inner"}},"clearTextFirst":true,"interactionType":"ENTER_TEXT"}]}
COMMAND: POST /session/9cfd67d3348077eadf4ec856fad7fe91/element - {"using":"xpath","value":"//span[contains(@data-kt,\"correctionMassStateChangeIcon\")]"}
RESULT: {"using":"xpath","value":"//span[contains(@data-kt,\"correctionMassStateChangeIcon\")]"}
COMMAND: POST /session/9cfd67d3348077eadf4ec856fad7fe91/elements - {"using":"xpath","value":"//span[contains(@data-kt,\"correctionMassStateChangeIcon\")]"}
RESULT: {"using":"xpath","value":"//span[contains(@data-kt,\"correctionMassStateChangeIcon\")]"}
COMMAND: POST /session/9cfd67d3348077eadf4ec856fad7fe91/elements - {"using":"xpath","value":"//span[contains(@data-kt,\"correctionMassStateChangeIcon\")]"}
RESULT: {"using":"xpath","value":"//span[contains(@data-kt,\"correctionMassStateChangeIcon\")]"}
RESULT: undefined
COMMAND: POST /session/9cfd67d3348077eadf4ec856fad7fe91/element - {"using":"xpath","value":"//*[@id=\"application-ruinventorylist-display-component---Master--ruStateTypes-arrow\"]"}
RESULT: {"using":"xpath","value":"//*[@id=\"application-ruinventorylist-display-component---Master--ruStateTypes-arrow\"]"}
COMMAND: POST /session/9cfd67d3348077eadf4ec856fad7fe91/element/f.611EB16B8E3D36D28F8F7D4109D23A74.d.93DBB1C2AB450F97AFC94BB18BBE5279.e.6574/click - {}
RESULT: {}
COMMAND: GET /session/9cfd67d3348077eadf4ec856fad7fe91/screenshot - {}
RESULT: {}
COMMAND: POST /session/9cfd67d3348077eadf4ec856fad7fe91/element - {"using":"xpath","value":"//li[.//span[text()=\"defect\"]]"}
RESULT: {"using":"xpath","value":"//li[.//span[text()=\"defect\"]]"}
COMMAND: POST /session/9cfd67d3348077eadf4ec856fad7fe91/element/f.611EB16B8E3D36D28F8F7D4109D23A74.d.93DBB1C2AB450F97AFC94BB18BBE5279.e.6575/click - {}
RESULT: {}
COMMAND: GET /session/9cfd67d3348077eadf4ec856fad7fe91/screenshot - {}
RESULT: {}
COMMAND: POST /session/9cfd67d3348077eadf4ec856fad7fe91/element - {"using":"xpath","value":"(//bdi[contains(text(), \"OK\")])[1]"}
RESULT: {"using":"xpath","value":"(//bdi[contains(text(), \"OK\")])[1]"}
COMMAND: POST /session/9cfd67d3348077eadf4ec856fad7fe91/element/f.611EB16B8E3D36D28F8F7D4109D23A74.d.93DBB1C2AB450F97AFC94BB18BBE5279.e.6576/click - {}
RESULT: {}
COMMAND: GET /session/9cfd67d3348077eadf4ec856fad7fe91/screenshot - {}
RESULT: {}
COMMAND: POST /session/9cfd67d3348077eadf4ec856fad7fe91/element - {"using":"css selector","value":"div.sapMMessageBoxError"}
RESULT: {"using":"css selector","value":"div.sapMMessageBoxError"}
COMMAND: POST /session/9cfd67d3348077eadf4ec856fad7fe91/elements - {"using":"css selector","value":"div.sapMMessageBoxError"}
RESULT: {"using":"css selector","value":"div.sapMMessageBoxError"}
COMMAND: POST /session/9cfd67d3348077eadf4ec856fad7fe91/element - {"using":"xpath","value":"//div[contains(@class, \"sapMMessageBoxError\")]/section/div/div/span"}
RESULT: {"using":"xpath","value":"//div[contains(@class, \"sapMMessageBoxError\")]/section/div/div/span"}
COMMAND: POST /session/9cfd67d3348077eadf4ec856fad7fe91/execute/sync - {"script":"<script> [56 bytes]","args":[{"element-6066-11e4-a52e-4f735466cecf":"f.611EB16B8E3D36D28F8F7D4109D23A74.d.93DBB1C2AB450F97AFC94BB18BBE5279.e.6580","ELEMENT":"f.611EB16B8E3D36D28F8F7D4109D23A74.d.93DBB1C2AB450F97AFC94BB18BBE5279.e.6580"}]}
RESULT: {"script":"<script> [56 bytes]","args":[{"element-6066-11e4-a52e-4f735466cecf":"f.611EB16B8E3D36D28F8F7D4109D23A74.d.93DBB1C2AB450F97AFC94BB18BBE5279.e.6580","ELEMENT":"f.611EB16B8E3D36D28F8F7D4109D23A74.d.93DBB1C2AB450F97AFC94BB18BBE5279.e.6580"}]}
COMMAND: POST /session/9cfd67d3348077eadf4ec856fad7fe91/element - {"using":"xpath","value":"(//bdi[contains(text(), \"Close\")])[1]"}
COMMAND: GET /session/9cfd67d3348077eadf4ec856fad7fe91/screenshot - {}
RESULT: {"using":"xpath","value":"(//bdi[contains(text(), \"Close\")])[1]"}
COMMAND: POST /session/9cfd67d3348077eadf4ec856fad7fe91/element/f.611EB16B8E3D36D28F8F7D4109D23A74.d.93DBB1C2AB450F97AFC94BB18BBE5279.e.6581/click - {}
RESULT: {}
RESULT: {}
COMMAND: GET /session/9cfd67d3348077eadf4ec856fad7fe91/screenshot - {}
RESULT: {}
RESULT: undefined
COMMAND: POST /session/9cfd67d3348077eadf4ec856fad7fe91/execute/async - {"script":"<script> [776 bytes]","args":[{"enterText":"05/02/25","selector":{"id":"application-ruinventorylist-display-component---Master--effectiveDate","searchOpenDialogs":true,"interaction":{"idSuffix":"inner"}},"clearTextFirst":true,"interactionType":"ENTER_TEXT"}]}
RESULT: {"script":"<script> [776 bytes]","args":[{"enterText":"05/02/25","selector":{"id":"application-ruinventorylist-display-component---Master--effectiveDate","searchOpenDialogs":true,"interaction":{"idSuffix":"inner"}},"clearTextFirst":true,"interactionType":"ENTER_TEXT"}]}
COMMAND: POST /session/9cfd67d3348077eadf4ec856fad7fe91/element - {"using":"xpath","value":"(//bdi[contains(text(), \"OK\")])[1]"}
RESULT: {"using":"xpath","value":"(//bdi[contains(text(), \"OK\")])[1]"}
COMMAND: POST /session/9cfd67d3348077eadf4ec856fad7fe91/element/f.611EB16B8E3D36D28F8F7D4109D23A74.d.93DBB1C2AB450F97AFC94BB18BBE5279.e.6576/click - {}
RESULT: {}
COMMAND: GET /session/9cfd67d3348077eadf4ec856fad7fe91/screenshot - {}
RESULT: {}
COMMAND: POST /session/9cfd67d3348077eadf4ec856fad7fe91/element - {"using":"xpath","value":"(//bdi[contains(text(), \"OK\")])[2]"}
RESULT: {"using":"xpath","value":"(//bdi[contains(text(), \"OK\")])[2]"}
COMMAND: POST /session/9cfd67d3348077eadf4ec856fad7fe91/element/f.611EB16B8E3D36D28F8F7D4109D23A74.d.93DBB1C2AB450F97AFC94BB18BBE5279.e.6630/click - {}
RESULT: {}
COMMAND: GET /session/9cfd67d3348077eadf4ec856fad7fe91/screenshot - {}
RESULT: {}
RESULT: undefined
COMMAND: POST /session/9cfd67d3348077eadf4ec856fad7fe91/execute/async - {"script":"<script> [776 bytes]","args":[{"enterText":"600002","selector":{"id":"application-ruinventorylist-display-component---Master--smartFilterBar-btnBasicSearch","interaction":{"idSuffix":"I"}},"clearTextFirst":true,"interactionType":"ENTER_TEXT"}]}
RESULT: {"script":"<script> [776 bytes]","args":[{"enterText":"600002","selector":{"id":"application-ruinventorylist-display-component---Master--smartFilterBar-btnBasicSearch","interaction":{"idSuffix":"I"}},"clearTextFirst":true,"interactionType":"ENTER_TEXT"}]}
COMMAND: POST /session/9cfd67d3348077eadf4ec856fad7fe91/actions - {"actions":[{"id":"action27","type":"key","parameters":{},"actions":[{"type":"keyDown","value":"î€‡"},{"type":"pause","duration":10},{"type":"keyUp","value":"î€‡"}]}]}
RESULT: {"actions":[{"id":"action27","type":"key","parameters":{},"actions":[{"type":"keyDown","value":"î€‡"},{"type":"pause","duration":10},{"type":"keyUp","value":"î€‡"}]}]}
COMMAND: GET /session/9cfd67d3348077eadf4ec856fad7fe91/screenshot - {}
RESULT: {}
COMMAND: POST /session/9cfd67d3348077eadf4ec856fad7fe91/element - {"using":"xpath","value":"//span[@id=\"application-ruinventorylist-display-component---Master--smartTableRuInventoryList-header-inner\"]"}
RESULT: {"using":"xpath","value":"//span[@id=\"application-ruinventorylist-display-component---Master--smartTableRuInventoryList-header-inner\"]"}
COMMAND: POST /session/9cfd67d3348077eadf4ec856fad7fe91/elements - {"using":"xpath","value":"//span[@id=\"application-ruinventorylist-display-component---Master--smartTableRuInventoryList-header-inner\"]"}
RESULT: {"using":"xpath","value":"//span[@id=\"application-ruinventorylist-display-component---Master--smartTableRuInventoryList-header-inner\"]"}
COMMAND: POST /session/9cfd67d3348077eadf4ec856fad7fe91/execute/sync - {"script":"<script> [56 bytes]","args":[{"element-6066-11e4-a52e-4f735466cecf":"f.611EB16B8E3D36D28F8F7D4109D23A74.d.93DBB1C2AB450F97AFC94BB18BBE5279.e.5838","ELEMENT":"f.611EB16B8E3D36D28F8F7D4109D23A74.d.93DBB1C2AB450F97AFC94BB18BBE5279.e.5838"}]}
RESULT: {"script":"<script> [56 bytes]","args":[{"element-6066-11e4-a52e-4f735466cecf":"f.611EB16B8E3D36D28F8F7D4109D23A74.d.93DBB1C2AB450F97AFC94BB18BBE5279.e.5838","ELEMENT":"f.611EB16B8E3D36D28F8F7D4109D23A74.d.93DBB1C2AB450F97AFC94BB18BBE5279.e.5838"}]}
COMMAND: POST /session/9cfd67d3348077eadf4ec856fad7fe91/element - {"using":"xpath","value":"//table[contains(@id, \"application-ruinventorylist-display-component---Master--tableRuInventoryList-listUl\")]/tbody/tr[1]/td[6]/div/span"}
COMMAND: GET /session/9cfd67d3348077eadf4ec856fad7fe91/screenshot - {}
RESULT: {"using":"xpath","value":"//table[contains(@id, \"application-ruinventorylist-display-component---Master--tableRuInventoryList-listUl\")]/tbody/tr[1]/td[6]/div/span"}
COMMAND: POST /session/9cfd67d3348077eadf4ec856fad7fe91/execute/sync - {"script":"<script> [56 bytes]","args":[{"element-6066-11e4-a52e-4f735466cecf":"f.611EB16B8E3D36D28F8F7D4109D23A74.d.93DBB1C2AB450F97AFC94BB18BBE5279.e.6651","ELEMENT":"f.611EB16B8E3D36D28F8F7D4109D23A74.d.93DBB1C2AB450F97AFC94BB18BBE5279.e.6651"}]}
RESULT: {}
RESULT: {"script":"<script> [56 bytes]","args":[{"element-6066-11e4-a52e-4f735466cecf":"f.611EB16B8E3D36D28F8F7D4109D23A74.d.93DBB1C2AB450F97AFC94BB18BBE5279.e.6651","ELEMENT":"f.611EB16B8E3D36D28F8F7D4109D23A74.d.93DBB1C2AB450F97AFC94BB18BBE5279.e.6651"}]}
COMMAND: POST /session/9cfd67d3348077eadf4ec856fad7fe91/element - {"using":"xpath","value":"//div[contains(@id, \"smartFilterBar-btnBasicSearch-reset\")]"}
COMMAND: GET /session/9cfd67d3348077eadf4ec856fad7fe91/screenshot - {}
RESULT: {"using":"xpath","value":"//div[contains(@id, \"smartFilterBar-btnBasicSearch-reset\")]"}
COMMAND: POST /session/9cfd67d3348077eadf4ec856fad7fe91/element/f.611EB16B8E3D36D28F8F7D4109D23A74.d.93DBB1C2AB450F97AFC94BB18BBE5279.e.5855/click - {}
RESULT: {}
RESULT: {}
COMMAND: GET /session/9cfd67d3348077eadf4ec856fad7fe91/screenshot - {}
RESULT: {}
RESULT: undefined
COMMAND: POST /session/9cfd67d3348077eadf4ec856fad7fe91/execute/async - {"script":"<script> [776 bytes]","args":[{"enterText":"401002","selector":{"id":"application-ruinventorylist-display-component---Master--smartFilterBar-btnBasicSearch","interaction":{"idSuffix":"I"}},"clearTextFirst":true,"interactionType":"ENTER_TEXT"}]}
RESULT: {"script":"<script> [776 bytes]","args":[{"enterText":"401002","selector":{"id":"application-ruinventorylist-display-component---Master--smartFilterBar-btnBasicSearch","interaction":{"idSuffix":"I"}},"clearTextFirst":true,"interactionType":"ENTER_TEXT"}]}
COMMAND: POST /session/9cfd67d3348077eadf4ec856fad7fe91/actions - {"actions":[{"id":"action28","type":"key","parameters":{},"actions":[{"type":"keyDown","value":"î€‡"},{"type":"pause","duration":10},{"type":"keyUp","value":"î€‡"}]}]}
RESULT: {"actions":[{"id":"action28","type":"key","parameters":{},"actions":[{"type":"keyDown","value":"î€‡"},{"type":"pause","duration":10},{"type":"keyUp","value":"î€‡"}]}]}
COMMAND: GET /session/9cfd67d3348077eadf4ec856fad7fe91/screenshot - {}
RESULT: {}
COMMAND: POST /session/9cfd67d3348077eadf4ec856fad7fe91/element - {"using":"xpath","value":"//span[@id=\"application-ruinventorylist-display-component---Master--smartTableRuInventoryList-header-inner\"]"}
RESULT: {"using":"xpath","value":"//span[@id=\"application-ruinventorylist-display-component---Master--smartTableRuInventoryList-header-inner\"]"}
COMMAND: POST /session/9cfd67d3348077eadf4ec856fad7fe91/elements - {"using":"xpath","value":"//span[@id=\"application-ruinventorylist-display-component---Master--smartTableRuInventoryList-header-inner\"]"}
RESULT: {"using":"xpath","value":"//span[@id=\"application-ruinventorylist-display-component---Master--smartTableRuInventoryList-header-inner\"]"}
COMMAND: POST /session/9cfd67d3348077eadf4ec856fad7fe91/execute/sync - {"script":"<script> [56 bytes]","args":[{"element-6066-11e4-a52e-4f735466cecf":"f.611EB16B8E3D36D28F8F7D4109D23A74.d.93DBB1C2AB450F97AFC94BB18BBE5279.e.5838","ELEMENT":"f.611EB16B8E3D36D28F8F7D4109D23A74.d.93DBB1C2AB450F97AFC94BB18BBE5279.e.5838"}]}
RESULT: {"script":"<script> [56 bytes]","args":[{"element-6066-11e4-a52e-4f735466cecf":"f.611EB16B8E3D36D28F8F7D4109D23A74.d.93DBB1C2AB450F97AFC94BB18BBE5279.e.5838","ELEMENT":"f.611EB16B8E3D36D28F8F7D4109D23A74.d.93DBB1C2AB450F97AFC94BB18BBE5279.e.5838"}]}
COMMAND: POST /session/9cfd67d3348077eadf4ec856fad7fe91/element - {"using":"xpath","value":"//table[contains(@id, \"application-ruinventorylist-display-component---Master--tableRuInventoryList-listUl\")]/tbody/tr[1]/td[6]/div/span"}
COMMAND: GET /session/9cfd67d3348077eadf4ec856fad7fe91/screenshot - {}
RESULT: {"using":"xpath","value":"//table[contains(@id, \"application-ruinventorylist-display-component---Master--tableRuInventoryList-listUl\")]/tbody/tr[1]/td[6]/div/span"}
COMMAND: POST /session/9cfd67d3348077eadf4ec856fad7fe91/execute/sync - {"script":"<script> [56 bytes]","args":[{"element-6066-11e4-a52e-4f735466cecf":"f.611EB16B8E3D36D28F8F7D4109D23A74.d.93DBB1C2AB450F97AFC94BB18BBE5279.e.6746","ELEMENT":"f.611EB16B8E3D36D28F8F7D4109D23A74.d.93DBB1C2AB450F97AFC94BB18BBE5279.e.6746"}]}
RESULT: {}
RESULT: {"script":"<script> [56 bytes]","args":[{"element-6066-11e4-a52e-4f735466cecf":"f.611EB16B8E3D36D28F8F7D4109D23A74.d.93DBB1C2AB450F97AFC94BB18BBE5279.e.6746","ELEMENT":"f.611EB16B8E3D36D28F8F7D4109D23A74.d.93DBB1C2AB450F97AFC94BB18BBE5279.e.6746"}]}
COMMAND: POST /session/9cfd67d3348077eadf4ec856fad7fe91/element - {"using":"xpath","value":"//div[contains(@id, \"smartFilterBar-btnBasicSearch-reset\")]"}
COMMAND: GET /session/9cfd67d3348077eadf4ec856fad7fe91/screenshot - {}
RESULT: {"using":"xpath","value":"//div[contains(@id, \"smartFilterBar-btnBasicSearch-reset\")]"}
COMMAND: POST /session/9cfd67d3348077eadf4ec856fad7fe91/element/f.611EB16B8E3D36D28F8F7D4109D23A74.d.93DBB1C2AB450F97AFC94BB18BBE5279.e.5855/click - {}
RESULT: {}
RESULT: {}
COMMAND: GET /session/9cfd67d3348077eadf4ec856fad7fe91/screenshot - {}
RESULT: {}
RESULT: undefined
COMMAND: POST /session/9cfd67d3348077eadf4ec856fad7fe91/execute/async - {"script":"<script> [776 bytes]","args":[{"enterText":"DnpD5Vx8qV","selector":{"id":"application-ruinventorylist-display-component---Master--smartFilterBar-btnBasicSearch","interaction":{"idSuffix":"I"}},"clearTextFirst":true,"interactionType":"ENTER_TEXT"}]}
RESULT: {"script":"<script> [776 bytes]","args":[{"enterText":"DnpD5Vx8qV","selector":{"id":"application-ruinventorylist-display-component---Master--smartFilterBar-btnBasicSearch","interaction":{"idSuffix":"I"}},"clearTextFirst":true,"interactionType":"ENTER_TEXT"}]}
COMMAND: POST /session/9cfd67d3348077eadf4ec856fad7fe91/actions - {"actions":[{"id":"action29","type":"key","parameters":{},"actions":[{"type":"keyDown","value":"î€‡"},{"type":"pause","duration":10},{"type":"keyUp","value":"î€‡"}]}]}
RESULT: {"actions":[{"id":"action29","type":"key","parameters":{},"actions":[{"type":"keyDown","value":"î€‡"},{"type":"pause","duration":10},{"type":"keyUp","value":"î€‡"}]}]}
COMMAND: GET /session/9cfd67d3348077eadf4ec856fad7fe91/screenshot - {}
RESULT: {}
COMMAND: POST /session/9cfd67d3348077eadf4ec856fad7fe91/element - {"using":"xpath","value":"//span[@id=\"application-ruinventorylist-display-component---Master--smartTableRuInventoryList-header-inner\"]"}
RESULT: {"using":"xpath","value":"//span[@id=\"application-ruinventorylist-display-component---Master--smartTableRuInventoryList-header-inner\"]"}
COMMAND: POST /session/9cfd67d3348077eadf4ec856fad7fe91/elements - {"using":"xpath","value":"//span[@id=\"application-ruinventorylist-display-component---Master--smartTableRuInventoryList-header-inner\"]"}
RESULT: {"using":"xpath","value":"//span[@id=\"application-ruinventorylist-display-component---Master--smartTableRuInventoryList-header-inner\"]"}
COMMAND: POST /session/9cfd67d3348077eadf4ec856fad7fe91/execute/sync - {"script":"<script> [56 bytes]","args":[{"element-6066-11e4-a52e-4f735466cecf":"f.611EB16B8E3D36D28F8F7D4109D23A74.d.93DBB1C2AB450F97AFC94BB18BBE5279.e.5838","ELEMENT":"f.611EB16B8E3D36D28F8F7D4109D23A74.d.93DBB1C2AB450F97AFC94BB18BBE5279.e.5838"}]}
RESULT: {"script":"<script> [56 bytes]","args":[{"element-6066-11e4-a52e-4f735466cecf":"f.611EB16B8E3D36D28F8F7D4109D23A74.d.93DBB1C2AB450F97AFC94BB18BBE5279.e.5838","ELEMENT":"f.611EB16B8E3D36D28F8F7D4109D23A74.d.93DBB1C2AB450F97AFC94BB18BBE5279.e.5838"}]}
COMMAND: POST /session/9cfd67d3348077eadf4ec856fad7fe91/element - {"using":"xpath","value":"//table[contains(@id, \"application-ruinventorylist-display-component---Master--tableRuInventoryList-listUl\")]/tbody/tr[1]/td[6]/div/span"}
COMMAND: GET /session/9cfd67d3348077eadf4ec856fad7fe91/screenshot - {}
RESULT: {"using":"xpath","value":"//table[contains(@id, \"application-ruinventorylist-display-component---Master--tableRuInventoryList-listUl\")]/tbody/tr[1]/td[6]/div/span"}
COMMAND: POST /session/9cfd67d3348077eadf4ec856fad7fe91/execute/sync - {"script":"<script> [56 bytes]","args":[{"element-6066-11e4-a52e-4f735466cecf":"f.611EB16B8E3D36D28F8F7D4109D23A74.d.93DBB1C2AB450F97AFC94BB18BBE5279.e.6843","ELEMENT":"f.611EB16B8E3D36D28F8F7D4109D23A74.d.93DBB1C2AB450F97AFC94BB18BBE5279.e.6843"}]}
RESULT: {}
RESULT: {"script":"<script> [56 bytes]","args":[{"element-6066-11e4-a52e-4f735466cecf":"f.611EB16B8E3D36D28F8F7D4109D23A74.d.93DBB1C2AB450F97AFC94BB18BBE5279.e.6843","ELEMENT":"f.611EB16B8E3D36D28F8F7D4109D23A74.d.93DBB1C2AB450F97AFC94BB18BBE5279.e.6843"}]}
COMMAND: POST /session/9cfd67d3348077eadf4ec856fad7fe91/element - {"using":"xpath","value":"//div[contains(@id, \"smartFilterBar-btnBasicSearch-reset\")]"}
COMMAND: GET /session/9cfd67d3348077eadf4ec856fad7fe91/screenshot - {}
RESULT: {"using":"xpath","value":"//div[contains(@id, \"smartFilterBar-btnBasicSearch-reset\")]"}
COMMAND: POST /session/9cfd67d3348077eadf4ec856fad7fe91/element/f.611EB16B8E3D36D28F8F7D4109D23A74.d.93DBB1C2AB450F97AFC94BB18BBE5279.e.5855/click - {}
RESULT: {}
RESULT: {}
COMMAND: GET /session/9cfd67d3348077eadf4ec856fad7fe91/screenshot - {}
RESULT: {}
RESULT: undefined
COMMAND: POST /session/9cfd67d3348077eadf4ec856fad7fe91/execute/async - {"script":"<script> [776 bytes]","args":[{"enterText":"200278","selector":{"id":"application-ruinventorylist-display-component---Master--smartFilterBar-btnBasicSearch","interaction":{"idSuffix":"I"}},"clearTextFirst":true,"interactionType":"ENTER_TEXT"}]}
RESULT: {"script":"<script> [776 bytes]","args":[{"enterText":"200278","selector":{"id":"application-ruinventorylist-display-component---Master--smartFilterBar-btnBasicSearch","interaction":{"idSuffix":"I"}},"clearTextFirst":true,"interactionType":"ENTER_TEXT"}]}
COMMAND: POST /session/9cfd67d3348077eadf4ec856fad7fe91/actions - {"actions":[{"id":"action30","type":"key","parameters":{},"actions":[{"type":"keyDown","value":"î€‡"},{"type":"pause","duration":10},{"type":"keyUp","value":"î€‡"}]}]}
RESULT: {"actions":[{"id":"action30","type":"key","parameters":{},"actions":[{"type":"keyDown","value":"î€‡"},{"type":"pause","duration":10},{"type":"keyUp","value":"î€‡"}]}]}
COMMAND: GET /session/9cfd67d3348077eadf4ec856fad7fe91/screenshot - {}
RESULT: {}
COMMAND: POST /session/9cfd67d3348077eadf4ec856fad7fe91/element - {"using":"xpath","value":"//span[@id=\"application-ruinventorylist-display-component---Master--smartTableRuInventoryList-header-inner\"]"}
RESULT: {"using":"xpath","value":"//span[@id=\"application-ruinventorylist-display-component---Master--smartTableRuInventoryList-header-inner\"]"}
COMMAND: POST /session/9cfd67d3348077eadf4ec856fad7fe91/elements - {"using":"xpath","value":"//span[@id=\"application-ruinventorylist-display-component---Master--smartTableRuInventoryList-header-inner\"]"}
RESULT: {"using":"xpath","value":"//span[@id=\"application-ruinventorylist-display-component---Master--smartTableRuInventoryList-header-inner\"]"}
COMMAND: POST /session/9cfd67d3348077eadf4ec856fad7fe91/execute/sync - {"script":"<script> [56 bytes]","args":[{"element-6066-11e4-a52e-4f735466cecf":"f.611EB16B8E3D36D28F8F7D4109D23A74.d.93DBB1C2AB450F97AFC94BB18BBE5279.e.5838","ELEMENT":"f.611EB16B8E3D36D28F8F7D4109D23A74.d.93DBB1C2AB450F97AFC94BB18BBE5279.e.5838"}]}
RESULT: {"script":"<script> [56 bytes]","args":[{"element-6066-11e4-a52e-4f735466cecf":"f.611EB16B8E3D36D28F8F7D4109D23A74.d.93DBB1C2AB450F97AFC94BB18BBE5279.e.5838","ELEMENT":"f.611EB16B8E3D36D28F8F7D4109D23A74.d.93DBB1C2AB450F97AFC94BB18BBE5279.e.5838"}]}
COMMAND: POST /session/9cfd67d3348077eadf4ec856fad7fe91/element - {"using":"xpath","value":"//table[contains(@id, \"application-ruinventorylist-display-component---Master--tableRuInventoryList-listUl\")]/tbody/tr[1]/td[6]/div/span"}
COMMAND: GET /session/9cfd67d3348077eadf4ec856fad7fe91/screenshot - {}
RESULT: {"using":"xpath","value":"//table[contains(@id, \"application-ruinventorylist-display-component---Master--tableRuInventoryList-listUl\")]/tbody/tr[1]/td[6]/div/span"}
COMMAND: POST /session/9cfd67d3348077eadf4ec856fad7fe91/execute/sync - {"script":"<script> [56 bytes]","args":[{"element-6066-11e4-a52e-4f735466cecf":"f.611EB16B8E3D36D28F8F7D4109D23A74.d.93DBB1C2AB450F97AFC94BB18BBE5279.e.6936","ELEMENT":"f.611EB16B8E3D36D28F8F7D4109D23A74.d.93DBB1C2AB450F97AFC94BB18BBE5279.e.6936"}]}
RESULT: {}
RESULT: {"script":"<script> [56 bytes]","args":[{"element-6066-11e4-a52e-4f735466cecf":"f.611EB16B8E3D36D28F8F7D4109D23A74.d.93DBB1C2AB450F97AFC94BB18BBE5279.e.6936","ELEMENT":"f.611EB16B8E3D36D28F8F7D4109D23A74.d.93DBB1C2AB450F97AFC94BB18BBE5279.e.6936"}]}
COMMAND: POST /session/9cfd67d3348077eadf4ec856fad7fe91/element - {"using":"xpath","value":"//div[contains(@id, \"smartFilterBar-btnBasicSearch-reset\")]"}
COMMAND: GET /session/9cfd67d3348077eadf4ec856fad7fe91/screenshot - {}
RESULT: {"using":"xpath","value":"//div[contains(@id, \"smartFilterBar-btnBasicSearch-reset\")]"}
COMMAND: POST /session/9cfd67d3348077eadf4ec856fad7fe91/element/f.611EB16B8E3D36D28F8F7D4109D23A74.d.93DBB1C2AB450F97AFC94BB18BBE5279.e.5855/click - {}
RESULT: {}
RESULT: {}
COMMAND: GET /session/9cfd67d3348077eadf4ec856fad7fe91/screenshot - {}
RESULT: {}
COMMAND: POST /session/9cfd67d3348077eadf4ec856fad7fe91/element/f.611EB16B8E3D36D28F8F7D4109D23A74.d.93DBB1C2AB450F97AFC94BB18BBE5279.e.5134/click - {}
RESULT: {}
COMMAND: GET /session/9cfd67d3348077eadf4ec856fad7fe91/screenshot - {}
RESULT: {}
RESULT: undefined
COMMAND: POST /session/9cfd67d3348077eadf4ec856fad7fe91/execute/async - {"script":"<script> [776 bytes]","args":[{"enterText":"600002","selector":{"id":"application-ruinventorylist-display-component---Master--smartFilterBar-btnBasicSearch","interaction":{"idSuffix":"I"}},"clearTextFirst":true,"interactionType":"ENTER_TEXT"}]}
RESULT: {"script":"<script> [776 bytes]","args":[{"enterText":"600002","selector":{"id":"application-ruinventorylist-display-component---Master--smartFilterBar-btnBasicSearch","interaction":{"idSuffix":"I"}},"clearTextFirst":true,"interactionType":"ENTER_TEXT"}]}
COMMAND: POST /session/9cfd67d3348077eadf4ec856fad7fe91/actions - {"actions":[{"id":"action31","type":"key","parameters":{},"actions":[{"type":"keyDown","value":"î€‡"},{"type":"pause","duration":10},{"type":"keyUp","value":"î€‡"}]}]}
RESULT: {"actions":[{"id":"action31","type":"key","parameters":{},"actions":[{"type":"keyDown","value":"î€‡"},{"type":"pause","duration":10},{"type":"keyUp","value":"î€‡"}]}]}
COMMAND: GET /session/9cfd67d3348077eadf4ec856fad7fe91/screenshot - {}
RESULT: {}
COMMAND: POST /session/9cfd67d3348077eadf4ec856fad7fe91/element - {"using":"xpath","value":"//span[@id=\"application-ruinventorylist-display-component---Master--smartTableRuInventoryList-header-inner\"]"}
RESULT: {"using":"xpath","value":"//span[@id=\"application-ruinventorylist-display-component---Master--smartTableRuInventoryList-header-inner\"]"}
COMMAND: POST /session/9cfd67d3348077eadf4ec856fad7fe91/elements - {"using":"xpath","value":"//span[@id=\"application-ruinventorylist-display-component---Master--smartTableRuInventoryList-header-inner\"]"}
RESULT: {"using":"xpath","value":"//span[@id=\"application-ruinventorylist-display-component---Master--smartTableRuInventoryList-header-inner\"]"}
COMMAND: POST /session/9cfd67d3348077eadf4ec856fad7fe91/execute/sync - {"script":"<script> [56 bytes]","args":[{"element-6066-11e4-a52e-4f735466cecf":"f.611EB16B8E3D36D28F8F7D4109D23A74.d.93DBB1C2AB450F97AFC94BB18BBE5279.e.5838","ELEMENT":"f.611EB16B8E3D36D28F8F7D4109D23A74.d.93DBB1C2AB450F97AFC94BB18BBE5279.e.5838"}]}
RESULT: {"script":"<script> [56 bytes]","args":[{"element-6066-11e4-a52e-4f735466cecf":"f.611EB16B8E3D36D28F8F7D4109D23A74.d.93DBB1C2AB450F97AFC94BB18BBE5279.e.5838","ELEMENT":"f.611EB16B8E3D36D28F8F7D4109D23A74.d.93DBB1C2AB450F97AFC94BB18BBE5279.e.5838"}]}
COMMAND: POST /session/9cfd67d3348077eadf4ec856fad7fe91/element - {"using":"xpath","value":"//table[contains(@id, \"application-ruinventorylist-display-component---Master--tableRuInventoryList-listUl\")]/tbody/tr[1]/td[2]/div/div"}
COMMAND: GET /session/9cfd67d3348077eadf4ec856fad7fe91/screenshot - {}
RESULT: {"using":"xpath","value":"//table[contains(@id, \"application-ruinventorylist-display-component---Master--tableRuInventoryList-listUl\")]/tbody/tr[1]/td[2]/div/div"}
COMMAND: POST /session/9cfd67d3348077eadf4ec856fad7fe91/element/f.611EB16B8E3D36D28F8F7D4109D23A74.d.93DBB1C2AB450F97AFC94BB18BBE5279.e.7214/click - {}
RESULT: {}
RESULT: {}
COMMAND: GET /session/9cfd67d3348077eadf4ec856fad7fe91/screenshot - {}
RESULT: {}
COMMAND: POST /session/9cfd67d3348077eadf4ec856fad7fe91/element - {"using":"xpath","value":"//div[contains(@id, \"smartFilterBar-btnBasicSearch-reset\")]"}
RESULT: {"using":"xpath","value":"//div[contains(@id, \"smartFilterBar-btnBasicSearch-reset\")]"}
COMMAND: POST /session/9cfd67d3348077eadf4ec856fad7fe91/element/f.611EB16B8E3D36D28F8F7D4109D23A74.d.93DBB1C2AB450F97AFC94BB18BBE5279.e.5855/click - {}
RESULT: {}
COMMAND: GET /session/9cfd67d3348077eadf4ec856fad7fe91/screenshot - {}
RESULT: {}
RESULT: undefined
COMMAND: POST /session/9cfd67d3348077eadf4ec856fad7fe91/execute/async - {"script":"<script> [776 bytes]","args":[{"enterText":"401002","selector":{"id":"application-ruinventorylist-display-component---Master--smartFilterBar-btnBasicSearch","interaction":{"idSuffix":"I"}},"clearTextFirst":true,"interactionType":"ENTER_TEXT"}]}
RESULT: {"script":"<script> [776 bytes]","args":[{"enterText":"401002","selector":{"id":"application-ruinventorylist-display-component---Master--smartFilterBar-btnBasicSearch","interaction":{"idSuffix":"I"}},"clearTextFirst":true,"interactionType":"ENTER_TEXT"}]}
COMMAND: POST /session/9cfd67d3348077eadf4ec856fad7fe91/actions - {"actions":[{"id":"action32","type":"key","parameters":{},"actions":[{"type":"keyDown","value":"î€‡"},{"type":"pause","duration":10},{"type":"keyUp","value":"î€‡"}]}]}
RESULT: {"actions":[{"id":"action32","type":"key","parameters":{},"actions":[{"type":"keyDown","value":"î€‡"},{"type":"pause","duration":10},{"type":"keyUp","value":"î€‡"}]}]}
COMMAND: GET /session/9cfd67d3348077eadf4ec856fad7fe91/screenshot - {}
RESULT: {}
COMMAND: POST /session/9cfd67d3348077eadf4ec856fad7fe91/element - {"using":"xpath","value":"//span[@id=\"application-ruinventorylist-display-component---Master--smartTableRuInventoryList-header-inner\"]"}
RESULT: {"using":"xpath","value":"//span[@id=\"application-ruinventorylist-display-component---Master--smartTableRuInventoryList-header-inner\"]"}
COMMAND: POST /session/9cfd67d3348077eadf4ec856fad7fe91/elements - {"using":"xpath","value":"//span[@id=\"application-ruinventorylist-display-component---Master--smartTableRuInventoryList-header-inner\"]"}
RESULT: {"using":"xpath","value":"//span[@id=\"application-ruinventorylist-display-component---Master--smartTableRuInventoryList-header-inner\"]"}
COMMAND: POST /session/9cfd67d3348077eadf4ec856fad7fe91/execute/sync - {"script":"<script> [56 bytes]","args":[{"element-6066-11e4-a52e-4f735466cecf":"f.611EB16B8E3D36D28F8F7D4109D23A74.d.93DBB1C2AB450F97AFC94BB18BBE5279.e.5838","ELEMENT":"f.611EB16B8E3D36D28F8F7D4109D23A74.d.93DBB1C2AB450F97AFC94BB18BBE5279.e.5838"}]}
RESULT: {"script":"<script> [56 bytes]","args":[{"element-6066-11e4-a52e-4f735466cecf":"f.611EB16B8E3D36D28F8F7D4109D23A74.d.93DBB1C2AB450F97AFC94BB18BBE5279.e.5838","ELEMENT":"f.611EB16B8E3D36D28F8F7D4109D23A74.d.93DBB1C2AB450F97AFC94BB18BBE5279.e.5838"}]}
COMMAND: POST /session/9cfd67d3348077eadf4ec856fad7fe91/element - {"using":"xpath","value":"//table[contains(@id, \"application-ruinventorylist-display-component---Master--tableRuInventoryList-listUl\")]/tbody/tr[1]/td[2]/div/div"}
COMMAND: GET /session/9cfd67d3348077eadf4ec856fad7fe91/screenshot - {}
RESULT: {"using":"xpath","value":"//table[contains(@id, \"application-ruinventorylist-display-component---Master--tableRuInventoryList-listUl\")]/tbody/tr[1]/td[2]/div/div"}
COMMAND: POST /session/9cfd67d3348077eadf4ec856fad7fe91/element/f.611EB16B8E3D36D28F8F7D4109D23A74.d.93DBB1C2AB450F97AFC94BB18BBE5279.e.7385/click - {}
RESULT: {}
RESULT: {}
COMMAND: GET /session/9cfd67d3348077eadf4ec856fad7fe91/screenshot - {}
RESULT: {}
COMMAND: POST /session/9cfd67d3348077eadf4ec856fad7fe91/element - {"using":"xpath","value":"//div[contains(@id, \"smartFilterBar-btnBasicSearch-reset\")]"}
RESULT: {"using":"xpath","value":"//div[contains(@id, \"smartFilterBar-btnBasicSearch-reset\")]"}
COMMAND: POST /session/9cfd67d3348077eadf4ec856fad7fe91/element/f.611EB16B8E3D36D28F8F7D4109D23A74.d.93DBB1C2AB450F97AFC94BB18BBE5279.e.5855/click - {}
RESULT: {}
COMMAND: GET /session/9cfd67d3348077eadf4ec856fad7fe91/screenshot - {}
RESULT: {}
RESULT: undefined
COMMAND: POST /session/9cfd67d3348077eadf4ec856fad7fe91/execute/async - {"script":"<script> [776 bytes]","args":[{"enterText":"DnpD5Vx8qV","selector":{"id":"application-ruinventorylist-display-component---Master--smartFilterBar-btnBasicSearch","interaction":{"idSuffix":"I"}},"clearTextFirst":true,"interactionType":"ENTER_TEXT"}]}
RESULT: {"script":"<script> [776 bytes]","args":[{"enterText":"DnpD5Vx8qV","selector":{"id":"application-ruinventorylist-display-component---Master--smartFilterBar-btnBasicSearch","interaction":{"idSuffix":"I"}},"clearTextFirst":true,"interactionType":"ENTER_TEXT"}]}
COMMAND: POST /session/9cfd67d3348077eadf4ec856fad7fe91/actions - {"actions":[{"id":"action33","type":"key","parameters":{},"actions":[{"type":"keyDown","value":"î€‡"},{"type":"pause","duration":10},{"type":"keyUp","value":"î€‡"}]}]}
RESULT: {"actions":[{"id":"action33","type":"key","parameters":{},"actions":[{"type":"keyDown","value":"î€‡"},{"type":"pause","duration":10},{"type":"keyUp","value":"î€‡"}]}]}
COMMAND: GET /session/9cfd67d3348077eadf4ec856fad7fe91/screenshot - {}
RESULT: {}
COMMAND: POST /session/9cfd67d3348077eadf4ec856fad7fe91/element - {"using":"xpath","value":"//span[@id=\"application-ruinventorylist-display-component---Master--smartTableRuInventoryList-header-inner\"]"}
RESULT: {"using":"xpath","value":"//span[@id=\"application-ruinventorylist-display-component---Master--smartTableRuInventoryList-header-inner\"]"}
COMMAND: POST /session/9cfd67d3348077eadf4ec856fad7fe91/elements - {"using":"xpath","value":"//span[@id=\"application-ruinventorylist-display-component---Master--smartTableRuInventoryList-header-inner\"]"}
RESULT: {"using":"xpath","value":"//span[@id=\"application-ruinventorylist-display-component---Master--smartTableRuInventoryList-header-inner\"]"}
COMMAND: POST /session/9cfd67d3348077eadf4ec856fad7fe91/execute/sync - {"script":"<script> [56 bytes]","args":[{"element-6066-11e4-a52e-4f735466cecf":"f.611EB16B8E3D36D28F8F7D4109D23A74.d.93DBB1C2AB450F97AFC94BB18BBE5279.e.5838","ELEMENT":"f.611EB16B8E3D36D28F8F7D4109D23A74.d.93DBB1C2AB450F97AFC94BB18BBE5279.e.5838"}]}
RESULT: {"script":"<script> [56 bytes]","args":[{"element-6066-11e4-a52e-4f735466cecf":"f.611EB16B8E3D36D28F8F7D4109D23A74.d.93DBB1C2AB450F97AFC94BB18BBE5279.e.5838","ELEMENT":"f.611EB16B8E3D36D28F8F7D4109D23A74.d.93DBB1C2AB450F97AFC94BB18BBE5279.e.5838"}]}
COMMAND: POST /session/9cfd67d3348077eadf4ec856fad7fe91/element - {"using":"xpath","value":"//table[contains(@id, \"application-ruinventorylist-display-component---Master--tableRuInventoryList-listUl\")]/tbody/tr[1]/td[2]/div/div"}
COMMAND: GET /session/9cfd67d3348077eadf4ec856fad7fe91/screenshot - {}
RESULT: {"using":"xpath","value":"//table[contains(@id, \"application-ruinventorylist-display-component---Master--tableRuInventoryList-listUl\")]/tbody/tr[1]/td[2]/div/div"}
COMMAND: POST /session/9cfd67d3348077eadf4ec856fad7fe91/element/f.611EB16B8E3D36D28F8F7D4109D23A74.d.93DBB1C2AB450F97AFC94BB18BBE5279.e.7556/click - {}
RESULT: {}
RESULT: {}
COMMAND: GET /session/9cfd67d3348077eadf4ec856fad7fe91/screenshot - {}
RESULT: {}
COMMAND: POST /session/9cfd67d3348077eadf4ec856fad7fe91/element - {"using":"xpath","value":"//div[contains(@id, \"smartFilterBar-btnBasicSearch-reset\")]"}
RESULT: {"using":"xpath","value":"//div[contains(@id, \"smartFilterBar-btnBasicSearch-reset\")]"}
COMMAND: POST /session/9cfd67d3348077eadf4ec856fad7fe91/element/f.611EB16B8E3D36D28F8F7D4109D23A74.d.93DBB1C2AB450F97AFC94BB18BBE5279.e.5855/click - {}
RESULT: {}
COMMAND: GET /session/9cfd67d3348077eadf4ec856fad7fe91/screenshot - {}
RESULT: {}
RESULT: undefined
COMMAND: POST /session/9cfd67d3348077eadf4ec856fad7fe91/execute/async - {"script":"<script> [776 bytes]","args":[{"enterText":"200278","selector":{"id":"application-ruinventorylist-display-component---Master--smartFilterBar-btnBasicSearch","interaction":{"idSuffix":"I"}},"clearTextFirst":true,"interactionType":"ENTER_TEXT"}]}
RESULT: {"script":"<script> [776 bytes]","args":[{"enterText":"200278","selector":{"id":"application-ruinventorylist-display-component---Master--smartFilterBar-btnBasicSearch","interaction":{"idSuffix":"I"}},"clearTextFirst":true,"interactionType":"ENTER_TEXT"}]}
COMMAND: POST /session/9cfd67d3348077eadf4ec856fad7fe91/actions - {"actions":[{"id":"action34","type":"key","parameters":{},"actions":[{"type":"keyDown","value":"î€‡"},{"type":"pause","duration":10},{"type":"keyUp","value":"î€‡"}]}]}
RESULT: {"actions":[{"id":"action34","type":"key","parameters":{},"actions":[{"type":"keyDown","value":"î€‡"},{"type":"pause","duration":10},{"type":"keyUp","value":"î€‡"}]}]}
COMMAND: GET /session/9cfd67d3348077eadf4ec856fad7fe91/screenshot - {}
RESULT: {}
COMMAND: POST /session/9cfd67d3348077eadf4ec856fad7fe91/element - {"using":"xpath","value":"//span[@id=\"application-ruinventorylist-display-component---Master--smartTableRuInventoryList-header-inner\"]"}
RESULT: {"using":"xpath","value":"//span[@id=\"application-ruinventorylist-display-component---Master--smartTableRuInventoryList-header-inner\"]"}
COMMAND: POST /session/9cfd67d3348077eadf4ec856fad7fe91/elements - {"using":"xpath","value":"//span[@id=\"application-ruinventorylist-display-component---Master--smartTableRuInventoryList-header-inner\"]"}
RESULT: {"using":"xpath","value":"//span[@id=\"application-ruinventorylist-display-component---Master--smartTableRuInventoryList-header-inner\"]"}
COMMAND: POST /session/9cfd67d3348077eadf4ec856fad7fe91/execute/sync - {"script":"<script> [56 bytes]","args":[{"element-6066-11e4-a52e-4f735466cecf":"f.611EB16B8E3D36D28F8F7D4109D23A74.d.93DBB1C2AB450F97AFC94BB18BBE5279.e.5838","ELEMENT":"f.611EB16B8E3D36D28F8F7D4109D23A74.d.93DBB1C2AB450F97AFC94BB18BBE5279.e.5838"}]}
RESULT: {"script":"<script> [56 bytes]","args":[{"element-6066-11e4-a52e-4f735466cecf":"f.611EB16B8E3D36D28F8F7D4109D23A74.d.93DBB1C2AB450F97AFC94BB18BBE5279.e.5838","ELEMENT":"f.611EB16B8E3D36D28F8F7D4109D23A74.d.93DBB1C2AB450F97AFC94BB18BBE5279.e.5838"}]}
COMMAND: POST /session/9cfd67d3348077eadf4ec856fad7fe91/element - {"using":"xpath","value":"//table[contains(@id, \"application-ruinventorylist-display-component---Master--tableRuInventoryList-listUl\")]/tbody/tr[1]/td[2]/div/div"}
COMMAND: GET /session/9cfd67d3348077eadf4ec856fad7fe91/screenshot - {}
RESULT: {"using":"xpath","value":"//table[contains(@id, \"application-ruinventorylist-display-component---Master--tableRuInventoryList-listUl\")]/tbody/tr[1]/td[2]/div/div"}
COMMAND: POST /session/9cfd67d3348077eadf4ec856fad7fe91/element/f.611EB16B8E3D36D28F8F7D4109D23A74.d.93DBB1C2AB450F97AFC94BB18BBE5279.e.7729/click - {}
RESULT: {}
RESULT: {}
COMMAND: GET /session/9cfd67d3348077eadf4ec856fad7fe91/screenshot - {}
RESULT: {}
COMMAND: POST /session/9cfd67d3348077eadf4ec856fad7fe91/element - {"using":"xpath","value":"//div[contains(@id, \"smartFilterBar-btnBasicSearch-reset\")]"}
RESULT: {"using":"xpath","value":"//div[contains(@id, \"smartFilterBar-btnBasicSearch-reset\")]"}
COMMAND: POST /session/9cfd67d3348077eadf4ec856fad7fe91/element/f.611EB16B8E3D36D28F8F7D4109D23A74.d.93DBB1C2AB450F97AFC94BB18BBE5279.e.5855/click - {}
RESULT: {}
COMMAND: GET /session/9cfd67d3348077eadf4ec856fad7fe91/screenshot - {}
RESULT: {}
COMMAND: POST /session/9cfd67d3348077eadf4ec856fad7fe91/element/f.611EB16B8E3D36D28F8F7D4109D23A74.d.93DBB1C2AB450F97AFC94BB18BBE5279.e.5134/click - {}
RESULT: {}
COMMAND: GET /session/9cfd67d3348077eadf4ec856fad7fe91/screenshot - {}
RESULT: {}
RESULT: undefined
COMMAND: POST /session/9cfd67d3348077eadf4ec856fad7fe91/element - {"using":"xpath","value":"//*[@id=\"application-ruinventorylist-display-component---Master--ruStateTypes-arrow\"]"}
RESULT: {"using":"xpath","value":"//*[@id=\"application-ruinventorylist-display-component---Master--ruStateTypes-arrow\"]"}
COMMAND: POST /session/9cfd67d3348077eadf4ec856fad7fe91/element/f.611EB16B8E3D36D28F8F7D4109D23A74.d.93DBB1C2AB450F97AFC94BB18BBE5279.e.7922/click - {}
RESULT: {}
COMMAND: GET /session/9cfd67d3348077eadf4ec856fad7fe91/screenshot - {}
RESULT: {}
COMMAND: POST /session/9cfd67d3348077eadf4ec856fad7fe91/element - {"using":"xpath","value":"//li[.//span[text()=\"available\"]]"}
RESULT: {"using":"xpath","value":"//li[.//span[text()=\"available\"]]"}
COMMAND: POST /session/9cfd67d3348077eadf4ec856fad7fe91/element/f.611EB16B8E3D36D28F8F7D4109D23A74.d.93DBB1C2AB450F97AFC94BB18BBE5279.e.7923/click - {}
RESULT: {}
COMMAND: GET /session/9cfd67d3348077eadf4ec856fad7fe91/screenshot - {}
RESULT: {}
COMMAND: POST /session/9cfd67d3348077eadf4ec856fad7fe91/element - {"using":"xpath","value":"(//bdi[contains(text(), \"OK\")])[1]"}
RESULT: {"using":"xpath","value":"(//bdi[contains(text(), \"OK\")])[1]"}
COMMAND: POST /session/9cfd67d3348077eadf4ec856fad7fe91/element/f.611EB16B8E3D36D28F8F7D4109D23A74.d.93DBB1C2AB450F97AFC94BB18BBE5279.e.7924/click - {}
RESULT: {}
COMMAND: GET /session/9cfd67d3348077eadf4ec856fad7fe91/screenshot - {}
RESULT: {}
COMMAND: POST /session/9cfd67d3348077eadf4ec856fad7fe91/element - {"using":"xpath","value":"(//bdi[contains(text(), \"OK\")])[2]"}
RESULT: {"using":"xpath","value":"(//bdi[contains(text(), \"OK\")])[2]"}
COMMAND: POST /session/9cfd67d3348077eadf4ec856fad7fe91/element/f.611EB16B8E3D36D28F8F7D4109D23A74.d.93DBB1C2AB450F97AFC94BB18BBE5279.e.7929/click - {}
RESULT: {}
COMMAND: GET /session/9cfd67d3348077eadf4ec856fad7fe91/screenshot - {}
RESULT: {}
RESULT: undefined
COMMAND: POST /session/9cfd67d3348077eadf4ec856fad7fe91/execute/async - {"script":"<script> [776 bytes]","args":[{"enterText":"600002","selector":{"id":"application-ruinventorylist-display-component---Master--smartFilterBar-btnBasicSearch","interaction":{"idSuffix":"I"}},"clearTextFirst":true,"interactionType":"ENTER_TEXT"}]}
RESULT: {"script":"<script> [776 bytes]","args":[{"enterText":"600002","selector":{"id":"application-ruinventorylist-display-component---Master--smartFilterBar-btnBasicSearch","interaction":{"idSuffix":"I"}},"clearTextFirst":true,"interactionType":"ENTER_TEXT"}]}
COMMAND: POST /session/9cfd67d3348077eadf4ec856fad7fe91/actions - {"actions":[{"id":"action35","type":"key","parameters":{},"actions":[{"type":"keyDown","value":"î€‡"},{"type":"pause","duration":10},{"type":"keyUp","value":"î€‡"}]}]}
RESULT: {"actions":[{"id":"action35","type":"key","parameters":{},"actions":[{"type":"keyDown","value":"î€‡"},{"type":"pause","duration":10},{"type":"keyUp","value":"î€‡"}]}]}
COMMAND: GET /session/9cfd67d3348077eadf4ec856fad7fe91/screenshot - {}
RESULT: {}
COMMAND: POST /session/9cfd67d3348077eadf4ec856fad7fe91/element - {"using":"xpath","value":"//span[@id=\"application-ruinventorylist-display-component---Master--smartTableRuInventoryList-header-inner\"]"}
RESULT: {"using":"xpath","value":"//span[@id=\"application-ruinventorylist-display-component---Master--smartTableRuInventoryList-header-inner\"]"}
COMMAND: POST /session/9cfd67d3348077eadf4ec856fad7fe91/elements - {"using":"xpath","value":"//span[@id=\"application-ruinventorylist-display-component---Master--smartTableRuInventoryList-header-inner\"]"}
RESULT: {"using":"xpath","value":"//span[@id=\"application-ruinventorylist-display-component---Master--smartTableRuInventoryList-header-inner\"]"}
COMMAND: POST /session/9cfd67d3348077eadf4ec856fad7fe91/execute/sync - {"script":"<script> [56 bytes]","args":[{"element-6066-11e4-a52e-4f735466cecf":"f.611EB16B8E3D36D28F8F7D4109D23A74.d.93DBB1C2AB450F97AFC94BB18BBE5279.e.5838","ELEMENT":"f.611EB16B8E3D36D28F8F7D4109D23A74.d.93DBB1C2AB450F97AFC94BB18BBE5279.e.5838"}]}
RESULT: {"script":"<script> [56 bytes]","args":[{"element-6066-11e4-a52e-4f735466cecf":"f.611EB16B8E3D36D28F8F7D4109D23A74.d.93DBB1C2AB450F97AFC94BB18BBE5279.e.5838","ELEMENT":"f.611EB16B8E3D36D28F8F7D4109D23A74.d.93DBB1C2AB450F97AFC94BB18BBE5279.e.5838"}]}
COMMAND: POST /session/9cfd67d3348077eadf4ec856fad7fe91/element - {"using":"xpath","value":"//table[contains(@id, \"application-ruinventorylist-display-component---Master--tableRuInventoryList-listUl\")]/tbody/tr[1]/td[6]/div/span"}
COMMAND: GET /session/9cfd67d3348077eadf4ec856fad7fe91/screenshot - {}
RESULT: {}
RESULT: {"using":"xpath","value":"//table[contains(@id, \"application-ruinventorylist-display-component---Master--tableRuInventoryList-listUl\")]/tbody/tr[1]/td[6]/div/span"}
COMMAND: POST /session/9cfd67d3348077eadf4ec856fad7fe91/execute/sync - {"script":"<script> [56 bytes]","args":[{"element-6066-11e4-a52e-4f735466cecf":"f.611EB16B8E3D36D28F8F7D4109D23A74.d.93DBB1C2AB450F97AFC94BB18BBE5279.e.7947","ELEMENT":"f.611EB16B8E3D36D28F8F7D4109D23A74.d.93DBB1C2AB450F97AFC94BB18BBE5279.e.7947"}]}
RESULT: {"script":"<script> [56 bytes]","args":[{"element-6066-11e4-a52e-4f735466cecf":"f.611EB16B8E3D36D28F8F7D4109D23A74.d.93DBB1C2AB450F97AFC94BB18BBE5279.e.7947","ELEMENT":"f.611EB16B8E3D36D28F8F7D4109D23A74.d.93DBB1C2AB450F97AFC94BB18BBE5279.e.7947"}]}
COMMAND: POST /session/9cfd67d3348077eadf4ec856fad7fe91/element - {"using":"xpath","value":"//div[contains(@id, \"smartFilterBar-btnBasicSearch-reset\")]"}
COMMAND: GET /session/9cfd67d3348077eadf4ec856fad7fe91/screenshot - {}
RESULT: {}
RESULT: {"using":"xpath","value":"//div[contains(@id, \"smartFilterBar-btnBasicSearch-reset\")]"}
COMMAND: POST /session/9cfd67d3348077eadf4ec856fad7fe91/element/f.611EB16B8E3D36D28F8F7D4109D23A74.d.93DBB1C2AB450F97AFC94BB18BBE5279.e.5855/click - {}
RESULT: {}
COMMAND: GET /session/9cfd67d3348077eadf4ec856fad7fe91/screenshot - {}
RESULT: {}
RESULT: undefined
COMMAND: POST /session/9cfd67d3348077eadf4ec856fad7fe91/execute/async - {"script":"<script> [776 bytes]","args":[{"enterText":"401002","selector":{"id":"application-ruinventorylist-display-component---Master--smartFilterBar-btnBasicSearch","interaction":{"idSuffix":"I"}},"clearTextFirst":true,"interactionType":"ENTER_TEXT"}]}
RESULT: {"script":"<script> [776 bytes]","args":[{"enterText":"401002","selector":{"id":"application-ruinventorylist-display-component---Master--smartFilterBar-btnBasicSearch","interaction":{"idSuffix":"I"}},"clearTextFirst":true,"interactionType":"ENTER_TEXT"}]}
COMMAND: POST /session/9cfd67d3348077eadf4ec856fad7fe91/actions - {"actions":[{"id":"action36","type":"key","parameters":{},"actions":[{"type":"keyDown","value":"î€‡"},{"type":"pause","duration":10},{"type":"keyUp","value":"î€‡"}]}]}
RESULT: {"actions":[{"id":"action36","type":"key","parameters":{},"actions":[{"type":"keyDown","value":"î€‡"},{"type":"pause","duration":10},{"type":"keyUp","value":"î€‡"}]}]}
COMMAND: GET /session/9cfd67d3348077eadf4ec856fad7fe91/screenshot - {}
RESULT: {}
COMMAND: POST /session/9cfd67d3348077eadf4ec856fad7fe91/element - {"using":"xpath","value":"//span[@id=\"application-ruinventorylist-display-component---Master--smartTableRuInventoryList-header-inner\"]"}
RESULT: {"using":"xpath","value":"//span[@id=\"application-ruinventorylist-display-component---Master--smartTableRuInventoryList-header-inner\"]"}
COMMAND: POST /session/9cfd67d3348077eadf4ec856fad7fe91/elements - {"using":"xpath","value":"//span[@id=\"application-ruinventorylist-display-component---Master--smartTableRuInventoryList-header-inner\"]"}
RESULT: {"using":"xpath","value":"//span[@id=\"application-ruinventorylist-display-component---Master--smartTableRuInventoryList-header-inner\"]"}
COMMAND: POST /session/9cfd67d3348077eadf4ec856fad7fe91/execute/sync - {"script":"<script> [56 bytes]","args":[{"element-6066-11e4-a52e-4f735466cecf":"f.611EB16B8E3D36D28F8F7D4109D23A74.d.93DBB1C2AB450F97AFC94BB18BBE5279.e.5838","ELEMENT":"f.611EB16B8E3D36D28F8F7D4109D23A74.d.93DBB1C2AB450F97AFC94BB18BBE5279.e.5838"}]}
RESULT: {"script":"<script> [56 bytes]","args":[{"element-6066-11e4-a52e-4f735466cecf":"f.611EB16B8E3D36D28F8F7D4109D23A74.d.93DBB1C2AB450F97AFC94BB18BBE5279.e.5838","ELEMENT":"f.611EB16B8E3D36D28F8F7D4109D23A74.d.93DBB1C2AB450F97AFC94BB18BBE5279.e.5838"}]}
COMMAND: POST /session/9cfd67d3348077eadf4ec856fad7fe91/element - {"using":"xpath","value":"//table[contains(@id, \"application-ruinventorylist-display-component---Master--tableRuInventoryList-listUl\")]/tbody/tr[1]/td[6]/div/span"}
COMMAND: GET /session/9cfd67d3348077eadf4ec856fad7fe91/screenshot - {}
RESULT: {"using":"xpath","value":"//table[contains(@id, \"application-ruinventorylist-display-component---Master--tableRuInventoryList-listUl\")]/tbody/tr[1]/td[6]/div/span"}
COMMAND: POST /session/9cfd67d3348077eadf4ec856fad7fe91/execute/sync - {"script":"<script> [56 bytes]","args":[{"element-6066-11e4-a52e-4f735466cecf":"f.611EB16B8E3D36D28F8F7D4109D23A74.d.93DBB1C2AB450F97AFC94BB18BBE5279.e.8041","ELEMENT":"f.611EB16B8E3D36D28F8F7D4109D23A74.d.93DBB1C2AB450F97AFC94BB18BBE5279.e.8041"}]}
RESULT: {}
RESULT: {"script":"<script> [56 bytes]","args":[{"element-6066-11e4-a52e-4f735466cecf":"f.611EB16B8E3D36D28F8F7D4109D23A74.d.93DBB1C2AB450F97AFC94BB18BBE5279.e.8041","ELEMENT":"f.611EB16B8E3D36D28F8F7D4109D23A74.d.93DBB1C2AB450F97AFC94BB18BBE5279.e.8041"}]}
COMMAND: POST /session/9cfd67d3348077eadf4ec856fad7fe91/element - {"using":"xpath","value":"//div[contains(@id, \"smartFilterBar-btnBasicSearch-reset\")]"}
COMMAND: GET /session/9cfd67d3348077eadf4ec856fad7fe91/screenshot - {}
RESULT: {"using":"xpath","value":"//div[contains(@id, \"smartFilterBar-btnBasicSearch-reset\")]"}
COMMAND: POST /session/9cfd67d3348077eadf4ec856fad7fe91/element/f.611EB16B8E3D36D28F8F7D4109D23A74.d.93DBB1C2AB450F97AFC94BB18BBE5279.e.5855/click - {}
RESULT: {}
RESULT: {}
COMMAND: GET /session/9cfd67d3348077eadf4ec856fad7fe91/screenshot - {}
RESULT: {}
RESULT: undefined
COMMAND: POST /session/9cfd67d3348077eadf4ec856fad7fe91/execute/async - {"script":"<script> [776 bytes]","args":[{"enterText":"DnpD5Vx8qV","selector":{"id":"application-ruinventorylist-display-component---Master--smartFilterBar-btnBasicSearch","interaction":{"idSuffix":"I"}},"clearTextFirst":true,"interactionType":"ENTER_TEXT"}]}
RESULT: {"script":"<script> [776 bytes]","args":[{"enterText":"DnpD5Vx8qV","selector":{"id":"application-ruinventorylist-display-component---Master--smartFilterBar-btnBasicSearch","interaction":{"idSuffix":"I"}},"clearTextFirst":true,"interactionType":"ENTER_TEXT"}]}
COMMAND: POST /session/9cfd67d3348077eadf4ec856fad7fe91/actions - {"actions":[{"id":"action37","type":"key","parameters":{},"actions":[{"type":"keyDown","value":"î€‡"},{"type":"pause","duration":10},{"type":"keyUp","value":"î€‡"}]}]}
RESULT: {"actions":[{"id":"action37","type":"key","parameters":{},"actions":[{"type":"keyDown","value":"î€‡"},{"type":"pause","duration":10},{"type":"keyUp","value":"î€‡"}]}]}
COMMAND: GET /session/9cfd67d3348077eadf4ec856fad7fe91/screenshot - {}
RESULT: {}
COMMAND: POST /session/9cfd67d3348077eadf4ec856fad7fe91/element - {"using":"xpath","value":"//span[@id=\"application-ruinventorylist-display-component---Master--smartTableRuInventoryList-header-inner\"]"}
RESULT: {"using":"xpath","value":"//span[@id=\"application-ruinventorylist-display-component---Master--smartTableRuInventoryList-header-inner\"]"}
COMMAND: POST /session/9cfd67d3348077eadf4ec856fad7fe91/elements - {"using":"xpath","value":"//span[@id=\"application-ruinventorylist-display-component---Master--smartTableRuInventoryList-header-inner\"]"}
RESULT: {"using":"xpath","value":"//span[@id=\"application-ruinventorylist-display-component---Master--smartTableRuInventoryList-header-inner\"]"}
COMMAND: POST /session/9cfd67d3348077eadf4ec856fad7fe91/execute/sync - {"script":"<script> [56 bytes]","args":[{"element-6066-11e4-a52e-4f735466cecf":"f.611EB16B8E3D36D28F8F7D4109D23A74.d.93DBB1C2AB450F97AFC94BB18BBE5279.e.5838","ELEMENT":"f.611EB16B8E3D36D28F8F7D4109D23A74.d.93DBB1C2AB450F97AFC94BB18BBE5279.e.5838"}]}
RESULT: {"script":"<script> [56 bytes]","args":[{"element-6066-11e4-a52e-4f735466cecf":"f.611EB16B8E3D36D28F8F7D4109D23A74.d.93DBB1C2AB450F97AFC94BB18BBE5279.e.5838","ELEMENT":"f.611EB16B8E3D36D28F8F7D4109D23A74.d.93DBB1C2AB450F97AFC94BB18BBE5279.e.5838"}]}
COMMAND: POST /session/9cfd67d3348077eadf4ec856fad7fe91/element - {"using":"xpath","value":"//table[contains(@id, \"application-ruinventorylist-display-component---Master--tableRuInventoryList-listUl\")]/tbody/tr[1]/td[6]/div/span"}
COMMAND: GET /session/9cfd67d3348077eadf4ec856fad7fe91/screenshot - {}
RESULT: {"using":"xpath","value":"//table[contains(@id, \"application-ruinventorylist-display-component---Master--tableRuInventoryList-listUl\")]/tbody/tr[1]/td[6]/div/span"}
COMMAND: POST /session/9cfd67d3348077eadf4ec856fad7fe91/execute/sync - {"script":"<script> [56 bytes]","args":[{"element-6066-11e4-a52e-4f735466cecf":"f.611EB16B8E3D36D28F8F7D4109D23A74.d.93DBB1C2AB450F97AFC94BB18BBE5279.e.8135","ELEMENT":"f.611EB16B8E3D36D28F8F7D4109D23A74.d.93DBB1C2AB450F97AFC94BB18BBE5279.e.8135"}]}
RESULT: {}
RESULT: {"script":"<script> [56 bytes]","args":[{"element-6066-11e4-a52e-4f735466cecf":"f.611EB16B8E3D36D28F8F7D4109D23A74.d.93DBB1C2AB450F97AFC94BB18BBE5279.e.8135","ELEMENT":"f.611EB16B8E3D36D28F8F7D4109D23A74.d.93DBB1C2AB450F97AFC94BB18BBE5279.e.8135"}]}
COMMAND: POST /session/9cfd67d3348077eadf4ec856fad7fe91/element - {"using":"xpath","value":"//div[contains(@id, \"smartFilterBar-btnBasicSearch-reset\")]"}
COMMAND: GET /session/9cfd67d3348077eadf4ec856fad7fe91/screenshot - {}
RESULT: {"using":"xpath","value":"//div[contains(@id, \"smartFilterBar-btnBasicSearch-reset\")]"}
COMMAND: POST /session/9cfd67d3348077eadf4ec856fad7fe91/element/f.611EB16B8E3D36D28F8F7D4109D23A74.d.93DBB1C2AB450F97AFC94BB18BBE5279.e.5855/click - {}
RESULT: {}
RESULT: {}
COMMAND: GET /session/9cfd67d3348077eadf4ec856fad7fe91/screenshot - {}
RESULT: {}
RESULT: undefined
COMMAND: POST /session/9cfd67d3348077eadf4ec856fad7fe91/execute/async - {"script":"<script> [776 bytes]","args":[{"enterText":"200278","selector":{"id":"application-ruinventorylist-display-component---Master--smartFilterBar-btnBasicSearch","interaction":{"idSuffix":"I"}},"clearTextFirst":true,"interactionType":"ENTER_TEXT"}]}
RESULT: {"script":"<script> [776 bytes]","args":[{"enterText":"200278","selector":{"id":"application-ruinventorylist-display-component---Master--smartFilterBar-btnBasicSearch","interaction":{"idSuffix":"I"}},"clearTextFirst":true,"interactionType":"ENTER_TEXT"}]}
COMMAND: POST /session/9cfd67d3348077eadf4ec856fad7fe91/actions - {"actions":[{"id":"action38","type":"key","parameters":{},"actions":[{"type":"keyDown","value":"î€‡"},{"type":"pause","duration":10},{"type":"keyUp","value":"î€‡"}]}]}
RESULT: {"actions":[{"id":"action38","type":"key","parameters":{},"actions":[{"type":"keyDown","value":"î€‡"},{"type":"pause","duration":10},{"type":"keyUp","value":"î€‡"}]}]}
COMMAND: GET /session/9cfd67d3348077eadf4ec856fad7fe91/screenshot - {}
RESULT: {}
COMMAND: POST /session/9cfd67d3348077eadf4ec856fad7fe91/element - {"using":"xpath","value":"//span[@id=\"application-ruinventorylist-display-component---Master--smartTableRuInventoryList-header-inner\"]"}
RESULT: {"using":"xpath","value":"//span[@id=\"application-ruinventorylist-display-component---Master--smartTableRuInventoryList-header-inner\"]"}
COMMAND: POST /session/9cfd67d3348077eadf4ec856fad7fe91/elements - {"using":"xpath","value":"//span[@id=\"application-ruinventorylist-display-component---Master--smartTableRuInventoryList-header-inner\"]"}
RESULT: {"using":"xpath","value":"//span[@id=\"application-ruinventorylist-display-component---Master--smartTableRuInventoryList-header-inner\"]"}
COMMAND: POST /session/9cfd67d3348077eadf4ec856fad7fe91/execute/sync - {"script":"<script> [56 bytes]","args":[{"element-6066-11e4-a52e-4f735466cecf":"f.611EB16B8E3D36D28F8F7D4109D23A74.d.93DBB1C2AB450F97AFC94BB18BBE5279.e.5838","ELEMENT":"f.611EB16B8E3D36D28F8F7D4109D23A74.d.93DBB1C2AB450F97AFC94BB18BBE5279.e.5838"}]}
RESULT: {"script":"<script> [56 bytes]","args":[{"element-6066-11e4-a52e-4f735466cecf":"f.611EB16B8E3D36D28F8F7D4109D23A74.d.93DBB1C2AB450F97AFC94BB18BBE5279.e.5838","ELEMENT":"f.611EB16B8E3D36D28F8F7D4109D23A74.d.93DBB1C2AB450F97AFC94BB18BBE5279.e.5838"}]}
COMMAND: POST /session/9cfd67d3348077eadf4ec856fad7fe91/element - {"using":"xpath","value":"//table[contains(@id, \"application-ruinventorylist-display-component---Master--tableRuInventoryList-listUl\")]/tbody/tr[1]/td[6]/div/span"}
COMMAND: GET /session/9cfd67d3348077eadf4ec856fad7fe91/screenshot - {}
RESULT: {"using":"xpath","value":"//table[contains(@id, \"application-ruinventorylist-display-component---Master--tableRuInventoryList-listUl\")]/tbody/tr[1]/td[6]/div/span"}
COMMAND: POST /session/9cfd67d3348077eadf4ec856fad7fe91/execute/sync - {"script":"<script> [56 bytes]","args":[{"element-6066-11e4-a52e-4f735466cecf":"f.611EB16B8E3D36D28F8F7D4109D23A74.d.93DBB1C2AB450F97AFC94BB18BBE5279.e.8229","ELEMENT":"f.611EB16B8E3D36D28F8F7D4109D23A74.d.93DBB1C2AB450F97AFC94BB18BBE5279.e.8229"}]}
RESULT: {}
RESULT: {"script":"<script> [56 bytes]","args":[{"element-6066-11e4-a52e-4f735466cecf":"f.611EB16B8E3D36D28F8F7D4109D23A74.d.93DBB1C2AB450F97AFC94BB18BBE5279.e.8229","ELEMENT":"f.611EB16B8E3D36D28F8F7D4109D23A74.d.93DBB1C2AB450F97AFC94BB18BBE5279.e.8229"}]}
COMMAND: POST /session/9cfd67d3348077eadf4ec856fad7fe91/element - {"using":"xpath","value":"//div[contains(@id, \"smartFilterBar-btnBasicSearch-reset\")]"}
COMMAND: GET /session/9cfd67d3348077eadf4ec856fad7fe91/screenshot - {}
RESULT: {"using":"xpath","value":"//div[contains(@id, \"smartFilterBar-btnBasicSearch-reset\")]"}
COMMAND: POST /session/9cfd67d3348077eadf4ec856fad7fe91/element/f.611EB16B8E3D36D28F8F7D4109D23A74.d.93DBB1C2AB450F97AFC94BB18BBE5279.e.5855/click - {}
RESULT: {}
RESULT: {}
COMMAND: GET /session/9cfd67d3348077eadf4ec856fad7fe91/screenshot - {}
RESULT: {}
COMMAND: POST /session/9cfd67d3348077eadf4ec856fad7fe91/element - {"using":"css selector","value":"#shell-header-logo"}
RESULT: {"using":"css selector","value":"#shell-header-logo"}
COMMAND: POST /session/9cfd67d3348077eadf4ec856fad7fe91/element/f.611EB16B8E3D36D28F8F7D4109D23A74.d.93DBB1C2AB450F97AFC94BB18BBE5279.e.5104/click - {}
RESULT: {}
COMMAND: GET /session/9cfd67d3348077eadf4ec856fad7fe91/screenshot - {}
RESULT: {}
COMMAND: DELETE /session/9cfd67d3348077eadf4ec856fad7fe91 - {}
RESULT: {}
]]></system-out>
    </testcase>
  </testsuite>
</testsuites>