<?xml version="1.0" encoding="UTF-8"?>
<testsuites tests="76" failures="39" errors="39" skipped="0">
  <testsuite timestamp="2025-05-02T16:17:48" time="86.737" tests="1" failures="0" errors="0" skipped="0">
    <properties>
      <property name="specId" value="0" />
      <property name="suiteName" value="US104422 Create new bin &amp; section - select nothing " />
      <property name="capabilities" value="chrome.135_0_7049_96.windows" />
      <property name="file" value="file:///D:/a/1/s/test/specs/HTR/create-bin.spec.js" />
    </properties>
    <testcase classname="chrome.135_0_7049_96.windows.US104422_Create_new_bin_&amp;_section_-_select_nothing_" name="Create new bin section" time="68.819">
      <system-out><![CDATA[
COMMAND: POST /session/c0099c8ef87d8f1a9c022bedeb80dcd8/element - {"using":"xpath","value":"//div[text()='Warehouse']"}
RESULT: {"using":"xpath","value":"//div[text()='Warehouse']"}
COMMAND: POST /session/c0099c8ef87d8f1a9c022bedeb80dcd8/elements - {"using":"xpath","value":"//div[text()='Warehouse']"}
RESULT: {"using":"xpath","value":"//div[text()='Warehouse']"}
COMMAND: POST /session/c0099c8ef87d8f1a9c022bedeb80dcd8/element/f.37E7500FB3BEF60B72C91044CCDB3F00.d.43F64DB00C9731DE25AA5C636F60A76A.e.114/click - {}
RESULT: {}
COMMAND: POST /session/c0099c8ef87d8f1a9c022bedeb80dcd8/execute/async - {"script":"<script> [1562 bytes]","args":[{"selector":{"controlType":"sap.m.GenericTile","properties":{"header":"Bin Status Report"}},"wdio_ui5_key":"sapm.GenericTile{\"header\":\"Bin Status Report\"}"}]}
COMMAND: GET /session/c0099c8ef87d8f1a9c022bedeb80dcd8/screenshot - {}
RESULT: {"script":"<script> [1562 bytes]","args":[{"selector":{"controlType":"sap.m.GenericTile","properties":{"header":"Bin Status Report"}},"wdio_ui5_key":"sapm.GenericTile{\"header\":\"Bin Status Report\"}"}]}
RESULT: undefined
COMMAND: POST /session/c0099c8ef87d8f1a9c022bedeb80dcd8/element - {"using":"xpath","value":"//*[@id=\"__tile104\"]"}
RESULT: {}
RESULT: {"using":"xpath","value":"//*[@id=\"__tile104\"]"}
COMMAND: POST /session/c0099c8ef87d8f1a9c022bedeb80dcd8/element/f.37E7500FB3BEF60B72C91044CCDB3F00.d.43F64DB00C9731DE25AA5C636F60A76A.e.117/click - {}
RESULT: {}
COMMAND: GET /session/c0099c8ef87d8f1a9c022bedeb80dcd8/screenshot - {}
RESULT: {}
COMMAND: POST /session/c0099c8ef87d8f1a9c022bedeb80dcd8/element - {"using":"xpath","value":"//bdi[text()='Create New Organization']"}
RESULT: {"using":"xpath","value":"//bdi[text()='Create New Organization']"}
COMMAND: POST /session/c0099c8ef87d8f1a9c022bedeb80dcd8/elements - {"using":"xpath","value":"//bdi[text()='Create New Organization']"}
RESULT: {"using":"xpath","value":"//bdi[text()='Create New Organization']"}
COMMAND: POST /session/c0099c8ef87d8f1a9c022bedeb80dcd8/elements - {"using":"xpath","value":"//bdi[text()='Create New Organization']"}
RESULT: {"using":"xpath","value":"//bdi[text()='Create New Organization']"}
COMMAND: POST /session/c0099c8ef87d8f1a9c022bedeb80dcd8/elements - {"using":"xpath","value":"//bdi[text()='Create New Organization']"}
RESULT: {"using":"xpath","value":"//bdi[text()='Create New Organization']"}
COMMAND: POST /session/c0099c8ef87d8f1a9c022bedeb80dcd8/elements - {"using":"xpath","value":"//bdi[text()='Create New Organization']"}
RESULT: {"using":"xpath","value":"//bdi[text()='Create New Organization']"}
COMMAND: POST /session/c0099c8ef87d8f1a9c022bedeb80dcd8/elements - {"using":"xpath","value":"//bdi[text()='Create New Organization']"}
RESULT: {"using":"xpath","value":"//bdi[text()='Create New Organization']"}
COMMAND: POST /session/c0099c8ef87d8f1a9c022bedeb80dcd8/elements - {"using":"xpath","value":"//bdi[text()='Create New Organization']"}
RESULT: {"using":"xpath","value":"//bdi[text()='Create New Organization']"}
COMMAND: POST /session/c0099c8ef87d8f1a9c022bedeb80dcd8/elements - {"using":"xpath","value":"//bdi[text()='Create New Organization']"}
RESULT: {"using":"xpath","value":"//bdi[text()='Create New Organization']"}
COMMAND: POST /session/c0099c8ef87d8f1a9c022bedeb80dcd8/elements - {"using":"xpath","value":"//bdi[text()='Create New Organization']"}
RESULT: {"using":"xpath","value":"//bdi[text()='Create New Organization']"}
COMMAND: POST /session/c0099c8ef87d8f1a9c022bedeb80dcd8/elements - {"using":"xpath","value":"//bdi[text()='Create New Organization']"}
RESULT: {"using":"xpath","value":"//bdi[text()='Create New Organization']"}
COMMAND: POST /session/c0099c8ef87d8f1a9c022bedeb80dcd8/elements - {"using":"xpath","value":"//bdi[text()='Create New Organization']"}
RESULT: {"using":"xpath","value":"//bdi[text()='Create New Organization']"}
COMMAND: POST /session/c0099c8ef87d8f1a9c022bedeb80dcd8/elements - {"using":"xpath","value":"//bdi[text()='Create New Organization']"}
RESULT: {"using":"xpath","value":"//bdi[text()='Create New Organization']"}
COMMAND: POST /session/c0099c8ef87d8f1a9c022bedeb80dcd8/elements - {"using":"xpath","value":"//bdi[text()='Create New Organization']"}
RESULT: {"using":"xpath","value":"//bdi[text()='Create New Organization']"}
COMMAND: POST /session/c0099c8ef87d8f1a9c022bedeb80dcd8/elements - {"using":"xpath","value":"//bdi[text()='Create New Organization']"}
RESULT: {"using":"xpath","value":"//bdi[text()='Create New Organization']"}
COMMAND: POST /session/c0099c8ef87d8f1a9c022bedeb80dcd8/elements - {"using":"xpath","value":"//bdi[text()='Create New Organization']"}
RESULT: {"using":"xpath","value":"//bdi[text()='Create New Organization']"}
COMMAND: POST /session/c0099c8ef87d8f1a9c022bedeb80dcd8/elements - {"using":"xpath","value":"//bdi[text()='Create New Organization']"}
RESULT: {"using":"xpath","value":"//bdi[text()='Create New Organization']"}
COMMAND: POST /session/c0099c8ef87d8f1a9c022bedeb80dcd8/elements - {"using":"xpath","value":"//bdi[text()='Create New Organization']"}
RESULT: {"using":"xpath","value":"//bdi[text()='Create New Organization']"}
COMMAND: POST /session/c0099c8ef87d8f1a9c022bedeb80dcd8/elements - {"using":"xpath","value":"//bdi[text()='Create New Organization']"}
RESULT: {"using":"xpath","value":"//bdi[text()='Create New Organization']"}
COMMAND: POST /session/c0099c8ef87d8f1a9c022bedeb80dcd8/elements - {"using":"xpath","value":"//bdi[text()='Create New Organization']"}
RESULT: {"using":"xpath","value":"//bdi[text()='Create New Organization']"}
COMMAND: POST /session/c0099c8ef87d8f1a9c022bedeb80dcd8/elements - {"using":"xpath","value":"//bdi[text()='Create New Organization']"}
RESULT: {"using":"xpath","value":"//bdi[text()='Create New Organization']"}
COMMAND: POST /session/c0099c8ef87d8f1a9c022bedeb80dcd8/elements - {"using":"xpath","value":"//bdi[text()='Create New Organization']"}
RESULT: {"using":"xpath","value":"//bdi[text()='Create New Organization']"}
COMMAND: POST /session/c0099c8ef87d8f1a9c022bedeb80dcd8/elements - {"using":"xpath","value":"//bdi[text()='Create New Organization']"}
RESULT: {"using":"xpath","value":"//bdi[text()='Create New Organization']"}
COMMAND: POST /session/c0099c8ef87d8f1a9c022bedeb80dcd8/element - {"using":"xpath","value":"//bdi[text()='Create New Organization']"}
RESULT: {"using":"xpath","value":"//bdi[text()='Create New Organization']"}
COMMAND: GET /session/c0099c8ef87d8f1a9c022bedeb80dcd8/element/f.37E7500FB3BEF60B72C91044CCDB3F00.d.43F64DB00C9731DE25AA5C636F60A76A.e.154/enabled - {}
RESULT: {}
COMMAND: POST /session/c0099c8ef87d8f1a9c022bedeb80dcd8/execute/sync - {"script":"<script> [8489 bytes]","args":[{"element-6066-11e4-a52e-4f735466cecf":"f.37E7500FB3BEF60B72C91044CCDB3F00.d.43F64DB00C9731DE25AA5C636F60A76A.e.154","ELEMENT":"f.37E7500FB3BEF60B72C91044CCDB3F00.d.43F64DB00C9731DE25AA5C636F60A76A.e.154"}]}
COMMAND: GET /session/c0099c8ef87d8f1a9c022bedeb80dcd8/screenshot - {}
RESULT: {"script":"<script> [8489 bytes]","args":[{"element-6066-11e4-a52e-4f735466cecf":"f.37E7500FB3BEF60B72C91044CCDB3F00.d.43F64DB00C9731DE25AA5C636F60A76A.e.154","ELEMENT":"f.37E7500FB3BEF60B72C91044CCDB3F00.d.43F64DB00C9731DE25AA5C636F60A76A.e.154"}]}
COMMAND: POST /session/c0099c8ef87d8f1a9c022bedeb80dcd8/execute/sync - {"script":"<script> [5351 bytes]","args":[{"element-6066-11e4-a52e-4f735466cecf":"f.37E7500FB3BEF60B72C91044CCDB3F00.d.43F64DB00C9731DE25AA5C636F60A76A.e.154","ELEMENT":"f.37E7500FB3BEF60B72C91044CCDB3F00.d.43F64DB00C9731DE25AA5C636F60A76A.e.154"}]}
COMMAND: GET /session/c0099c8ef87d8f1a9c022bedeb80dcd8/screenshot - {}
RESULT: {}
RESULT: {"script":"<script> [5351 bytes]","args":[{"element-6066-11e4-a52e-4f735466cecf":"f.37E7500FB3BEF60B72C91044CCDB3F00.d.43F64DB00C9731DE25AA5C636F60A76A.e.154","ELEMENT":"f.37E7500FB3BEF60B72C91044CCDB3F00.d.43F64DB00C9731DE25AA5C636F60A76A.e.154"}]}
COMMAND: POST /session/c0099c8ef87d8f1a9c022bedeb80dcd8/element/f.37E7500FB3BEF60B72C91044CCDB3F00.d.43F64DB00C9731DE25AA5C636F60A76A.e.154/click - {}
RESULT: {}
COMMAND: GET /session/c0099c8ef87d8f1a9c022bedeb80dcd8/screenshot - {}
RESULT: {}
COMMAND: POST /session/c0099c8ef87d8f1a9c022bedeb80dcd8/execute/async - {"script":"<script> [1562 bytes]","args":[{"selector":{"id":"createOrganizationPop--sectionInput","searchOpenDialogs":true,"interaction":{"idSuffix":"inner"}},"wdio_ui5_key":"createOrganizationPopsectionInput"}]}
COMMAND: GET /session/c0099c8ef87d8f1a9c022bedeb80dcd8/screenshot - {}
RESULT: {}
RESULT: {"script":"<script> [1562 bytes]","args":[{"selector":{"id":"createOrganizationPop--sectionInput","searchOpenDialogs":true,"interaction":{"idSuffix":"inner"}},"wdio_ui5_key":"createOrganizationPopsectionInput"}]}
RESULT: undefined
COMMAND: POST /session/c0099c8ef87d8f1a9c022bedeb80dcd8/execute/async - {"script":"<script> [776 bytes]","args":[{"enterText":"WHI13tzkxizf58c5e1yowlg2vl9n1eyf6di0o8mextevd2v4hpu4ci082r6837fxfiqawwyu56i0b3oix144s4x5t9m4msum6wa3cftuno6tjcagyhiwkxcrwye4nhv0zk5ovy18yw991q4a6ey67vg7fv35ncfk1sp2sgxyw9mpsoisi8f1w6nnzstl1j0k5d6ino1e ... (803 more bytes)","selector":{"id":"createOrganizationPop--sectionInput","searchOpenDialogs":true,"interaction":{"idSuffix":"inner"}},"clearTextFirst":true,"interactionType":"ENTER_TEXT"}]}
RESULT: {}
RESULT: {"script":"<script> [776 bytes]","args":[{"enterText":"WHI13tzkxizf58c5e1yowlg2vl9n1eyf6di0o8mextevd2v4hpu4ci082r6837fxfiqawwyu56i0b3oix144s4x5t9m4msum6wa3cftuno6tjcagyhiwkxcrwye4nhv0zk5ovy18yw991q4a6ey67vg7fv35ncfk1sp2sgxyw9mpsoisi8f1w6nnzstl1j0k5d6ino1e ... (803 more bytes)","selector":{"id":"createOrganizationPop--sectionInput","searchOpenDialogs":true,"interaction":{"idSuffix":"inner"}},"clearTextFirst":true,"interactionType":"ENTER_TEXT"}]}
COMMAND: POST /session/c0099c8ef87d8f1a9c022bedeb80dcd8/execute/async - {"script":"<script> [1562 bytes]","args":[{"selector":{"id":"createOrganizationPop--descriptionInput","searchOpenDialogs":true,"interaction":{"idSuffix":"inner"}},"wdio_ui5_key":"createOrganizationPopdescriptionInput"}]}
RESULT: {"script":"<script> [1562 bytes]","args":[{"selector":{"id":"createOrganizationPop--descriptionInput","searchOpenDialogs":true,"interaction":{"idSuffix":"inner"}},"wdio_ui5_key":"createOrganizationPopdescriptionInput"}]}
RESULT: undefined
COMMAND: POST /session/c0099c8ef87d8f1a9c022bedeb80dcd8/execute/async - {"script":"<script> [776 bytes]","args":[{"enterText":"WHI13tzkxizf58c5e1yowlg2vl9n1eyf6di0o8mextevd2v4hpu4ci082r6837fxfiqawwyu56i0b3oix144s4x5t9m4msum6wa3cftuno6tjcagyhiwkxcrwye4nhv0zk5ovy18yw991q4a6ey67vg7fv35ncfk1sp2sgxyw9mpsoisi8f1w6nnzstl1j0k5d6ino1e ... (803 more bytes)","selector":{"id":"createOrganizationPop--descriptionInput","searchOpenDialogs":true,"interaction":{"idSuffix":"inner"}},"clearTextFirst":true,"interactionType":"ENTER_TEXT"}]}
RESULT: {"script":"<script> [776 bytes]","args":[{"enterText":"WHI13tzkxizf58c5e1yowlg2vl9n1eyf6di0o8mextevd2v4hpu4ci082r6837fxfiqawwyu56i0b3oix144s4x5t9m4msum6wa3cftuno6tjcagyhiwkxcrwye4nhv0zk5ovy18yw991q4a6ey67vg7fv35ncfk1sp2sgxyw9mpsoisi8f1w6nnzstl1j0k5d6ino1e ... (803 more bytes)","selector":{"id":"createOrganizationPop--descriptionInput","searchOpenDialogs":true,"interaction":{"idSuffix":"inner"}},"clearTextFirst":true,"interactionType":"ENTER_TEXT"}]}
COMMAND: POST /session/c0099c8ef87d8f1a9c022bedeb80dcd8/element - {"using":"css selector","value":"#createOrganizationPop--yardOrg-inner"}
RESULT: {"using":"css selector","value":"#createOrganizationPop--yardOrg-inner"}
COMMAND: POST /session/c0099c8ef87d8f1a9c022bedeb80dcd8/element/f.37E7500FB3BEF60B72C91044CCDB3F00.d.43F64DB00C9731DE25AA5C636F60A76A.e.198/clear - {}
RESULT: {}
COMMAND: POST /session/c0099c8ef87d8f1a9c022bedeb80dcd8/element/f.37E7500FB3BEF60B72C91044CCDB3F00.d.43F64DB00C9731DE25AA5C636F60A76A.e.198/value - {"text":"WHM"}
COMMAND: GET /session/c0099c8ef87d8f1a9c022bedeb80dcd8/screenshot - {}
RESULT: {"text":"WHM"}
COMMAND: GET /session/c0099c8ef87d8f1a9c022bedeb80dcd8/screenshot - {}
RESULT: {}
RESULT: {}
COMMAND: POST /session/c0099c8ef87d8f1a9c022bedeb80dcd8/actions - {"actions":[{"id":"action1","type":"key","parameters":{},"actions":[{"type":"keyDown","value":"î€‡"},{"type":"pause","duration":10},{"type":"keyUp","value":"î€‡"}]}]}
RESULT: {"actions":[{"id":"action1","type":"key","parameters":{},"actions":[{"type":"keyDown","value":"î€‡"},{"type":"pause","duration":10},{"type":"keyUp","value":"î€‡"}]}]}
COMMAND: POST /session/c0099c8ef87d8f1a9c022bedeb80dcd8/execute/async - {"script":"<script> [1562 bytes]","args":[{"selector":{"id":"createOrganizationPop--grZone","searchOpenDialogs":true,"interaction":{"idSuffix":"CbBg"}},"wdio_ui5_key":"createOrganizationPopgrZone"}]}
COMMAND: GET /session/c0099c8ef87d8f1a9c022bedeb80dcd8/screenshot - {}
RESULT: {"script":"<script> [1562 bytes]","args":[{"selector":{"id":"createOrganizationPop--grZone","searchOpenDialogs":true,"interaction":{"idSuffix":"CbBg"}},"wdio_ui5_key":"createOrganizationPopgrZone"}]}
RESULT: undefined
COMMAND: POST /session/c0099c8ef87d8f1a9c022bedeb80dcd8/element - {"using":"xpath","value":"//*[@id=\"createOrganizationPop--grZone\"]"}
RESULT: {}
RESULT: {"using":"xpath","value":"//*[@id=\"createOrganizationPop--grZone\"]"}
COMMAND: POST /session/c0099c8ef87d8f1a9c022bedeb80dcd8/element/f.37E7500FB3BEF60B72C91044CCDB3F00.d.43F64DB00C9731DE25AA5C636F60A76A.e.220/click - {}
RESULT: {}
COMMAND: POST /session/c0099c8ef87d8f1a9c022bedeb80dcd8/execute/async - {"script":"<script> [1562 bytes]","args":[{"selector":{"id":"createOrganizationPop--giZone","searchOpenDialogs":true,"interaction":{"idSuffix":"CbBg"}},"wdio_ui5_key":"createOrganizationPopgiZone"}]}
COMMAND: GET /session/c0099c8ef87d8f1a9c022bedeb80dcd8/screenshot - {}
RESULT: {"script":"<script> [1562 bytes]","args":[{"selector":{"id":"createOrganizationPop--giZone","searchOpenDialogs":true,"interaction":{"idSuffix":"CbBg"}},"wdio_ui5_key":"createOrganizationPopgiZone"}]}
RESULT: undefined
COMMAND: POST /session/c0099c8ef87d8f1a9c022bedeb80dcd8/element - {"using":"xpath","value":"//*[@id=\"createOrganizationPop--giZone\"]"}
RESULT: {}
RESULT: {"using":"xpath","value":"//*[@id=\"createOrganizationPop--giZone\"]"}
COMMAND: POST /session/c0099c8ef87d8f1a9c022bedeb80dcd8/element/f.37E7500FB3BEF60B72C91044CCDB3F00.d.43F64DB00C9731DE25AA5C636F60A76A.e.222/click - {}
RESULT: {}
COMMAND: POST /session/c0099c8ef87d8f1a9c022bedeb80dcd8/execute/async - {"script":"<script> [1562 bytes]","args":[{"selector":{"id":"createOrganizationPop--binNoInput","searchOpenDialogs":true,"interaction":{"idSuffix":"inner"}},"wdio_ui5_key":"createOrganizationPopbinNoInput"}]}
COMMAND: GET /session/c0099c8ef87d8f1a9c022bedeb80dcd8/screenshot - {}
RESULT: {"script":"<script> [1562 bytes]","args":[{"selector":{"id":"createOrganizationPop--binNoInput","searchOpenDialogs":true,"interaction":{"idSuffix":"inner"}},"wdio_ui5_key":"createOrganizationPopbinNoInput"}]}
RESULT: undefined
COMMAND: POST /session/c0099c8ef87d8f1a9c022bedeb80dcd8/execute/async - {"script":"<script> [776 bytes]","args":[{"enterText":"Bin-Wd","selector":{"id":"createOrganizationPop--binNoInput","searchOpenDialogs":true,"interaction":{"idSuffix":"inner"}},"clearTextFirst":true,"interactionType":"ENTER_TEXT"}]}
RESULT: {}
RESULT: {"script":"<script> [776 bytes]","args":[{"enterText":"Bin-Wd","selector":{"id":"createOrganizationPop--binNoInput","searchOpenDialogs":true,"interaction":{"idSuffix":"inner"}},"clearTextFirst":true,"interactionType":"ENTER_TEXT"}]}
COMMAND: POST /session/c0099c8ef87d8f1a9c022bedeb80dcd8/execute/async - {"script":"<script> [1562 bytes]","args":[{"selector":{"id":"createOrganizationPop--descriptionId","searchOpenDialogs":true,"interaction":{"idSuffix":"inner"}},"wdio_ui5_key":"createOrganizationPopdescriptionId"}]}
RESULT: {"script":"<script> [1562 bytes]","args":[{"selector":{"id":"createOrganizationPop--descriptionId","searchOpenDialogs":true,"interaction":{"idSuffix":"inner"}},"wdio_ui5_key":"createOrganizationPopdescriptionId"}]}
RESULT: undefined
COMMAND: POST /session/c0099c8ef87d8f1a9c022bedeb80dcd8/execute/async - {"script":"<script> [776 bytes]","args":[{"enterText":"Shipping-Wd","selector":{"id":"createOrganizationPop--descriptionId","searchOpenDialogs":true,"interaction":{"idSuffix":"inner"}},"clearTextFirst":true,"interactionType":"ENTER_TEXT"}]}
RESULT: {"script":"<script> [776 bytes]","args":[{"enterText":"Shipping-Wd","selector":{"id":"createOrganizationPop--descriptionId","searchOpenDialogs":true,"interaction":{"idSuffix":"inner"}},"clearTextFirst":true,"interactionType":"ENTER_TEXT"}]}
COMMAND: POST /session/c0099c8ef87d8f1a9c022bedeb80dcd8/execute/async - {"script":"<script> [1562 bytes]","args":[{"selector":{"controlType":"sap.m.CheckBox","viewName":"etm.portal.ui.binstatusreport.view.MasterWareBins","viewId":"application-binstatusreport-display-component---warehousing","bindingPath":{"path":"","propertyPath":"/ZONE","modelName":"newBin"},"searchOpenDialogs":true,"interaction":{"idSuffix":"CbBg"}},"wdio_ui5_key":"etmportal.ui.binstatusreport.view.MasterWareBinssap.m.CheckBox{\"path\":\"\",\"propertyPath\":\"/ZONE\",\"modelName\":\"newBin\"}"}]}
RESULT: {"script":"<script> [1562 bytes]","args":[{"selector":{"controlType":"sap.m.CheckBox","viewName":"etm.portal.ui.binstatusreport.view.MasterWareBins","viewId":"application-binstatusreport-display-component---warehousing","bindingPath":{"path":"","propertyPath":"/ZONE","modelName":"newBin"},"searchOpenDialogs":true,"interaction":{"idSuffix":"CbBg"}},"wdio_ui5_key":"etmportal.ui.binstatusreport.view.MasterWareBinssap.m.CheckBox{\"path\":\"\",\"propertyPath\":\"/ZONE\",\"modelName\":\"newBin\"}"}]}
RESULT: undefined
COMMAND: POST /session/c0099c8ef87d8f1a9c022bedeb80dcd8/element - {"using":"xpath","value":"//*[@id=\"__box12\"]"}
RESULT: {"using":"xpath","value":"//*[@id=\"__box12\"]"}
COMMAND: POST /session/c0099c8ef87d8f1a9c022bedeb80dcd8/element/f.37E7500FB3BEF60B72C91044CCDB3F00.d.43F64DB00C9731DE25AA5C636F60A76A.e.226/click - {}
RESULT: {}
COMMAND: POST /session/c0099c8ef87d8f1a9c022bedeb80dcd8/execute/async - {"script":"<script> [1562 bytes]","args":[{"selector":{"id":"createOrganizationPop--binTypesCB-arrow","searchOpenDialogs":true},"wdio_ui5_key":"createOrganizationPopbinTypesCB-arrow"}]}
COMMAND: GET /session/c0099c8ef87d8f1a9c022bedeb80dcd8/screenshot - {}
RESULT: {"script":"<script> [1562 bytes]","args":[{"selector":{"id":"createOrganizationPop--binTypesCB-arrow","searchOpenDialogs":true},"wdio_ui5_key":"createOrganizationPopbinTypesCB-arrow"}]}
RESULT: undefined
COMMAND: POST /session/c0099c8ef87d8f1a9c022bedeb80dcd8/element - {"using":"xpath","value":"//*[@id=\"createOrganizationPop--binTypesCB-arrow\"]"}
RESULT: {}
RESULT: {"using":"xpath","value":"//*[@id=\"createOrganizationPop--binTypesCB-arrow\"]"}
COMMAND: POST /session/c0099c8ef87d8f1a9c022bedeb80dcd8/element/f.37E7500FB3BEF60B72C91044CCDB3F00.d.43F64DB00C9731DE25AA5C636F60A76A.e.227/click - {}
RESULT: {}
COMMAND: POST /session/c0099c8ef87d8f1a9c022bedeb80dcd8/execute/async - {"script":"<script> [1562 bytes]","args":[{"selector":{"id":"createOrganizationPop--binTypesCB","searchOpenDialogs":true,"interaction":{"idSuffix":"inner"}},"wdio_ui5_key":"createOrganizationPopbinTypesCB"}]}
COMMAND: GET /session/c0099c8ef87d8f1a9c022bedeb80dcd8/screenshot - {}
RESULT: {"script":"<script> [1562 bytes]","args":[{"selector":{"id":"createOrganizationPop--binTypesCB","searchOpenDialogs":true,"interaction":{"idSuffix":"inner"}},"wdio_ui5_key":"createOrganizationPopbinTypesCB"}]}
RESULT: undefined
COMMAND: POST /session/c0099c8ef87d8f1a9c022bedeb80dcd8/execute/async - {"script":"<script> [776 bytes]","args":[{"enterText":"1 - General / No capacity check","selector":{"id":"createOrganizationPop--binTypesCB","searchOpenDialogs":true,"interaction":{"idSuffix":"inner"}},"clearTextFirst":true,"interactionType":"ENTER_TEXT"}]}
RESULT: {}
RESULT: {"script":"<script> [776 bytes]","args":[{"enterText":"1 - General / No capacity check","selector":{"id":"createOrganizationPop--binTypesCB","searchOpenDialogs":true,"interaction":{"idSuffix":"inner"}},"clearTextFirst":true,"interactionType":"ENTER_TEXT"}]}
COMMAND: POST /session/c0099c8ef87d8f1a9c022bedeb80dcd8/actions - {"actions":[{"id":"action2","type":"key","parameters":{},"actions":[{"type":"keyDown","value":"î€‡"},{"type":"pause","duration":10},{"type":"keyUp","value":"î€‡"}]}]}
RESULT: {"actions":[{"id":"action2","type":"key","parameters":{},"actions":[{"type":"keyDown","value":"î€‡"},{"type":"pause","duration":10},{"type":"keyUp","value":"î€‡"}]}]}
COMMAND: GET /session/c0099c8ef87d8f1a9c022bedeb80dcd8/screenshot - {}
RESULT: {}
COMMAND: POST /session/c0099c8ef87d8f1a9c022bedeb80dcd8/execute/async - {"script":"<script> [1562 bytes]","args":[{"selector":{"id":"createOrganizationPop--finishBtn","searchOpenDialogs":true,"interaction":{"idSuffix":"BDI-content"}},"wdio_ui5_key":"createOrganizationPopfinishBtn"}]}
RESULT: {"script":"<script> [1562 bytes]","args":[{"selector":{"id":"createOrganizationPop--finishBtn","searchOpenDialogs":true,"interaction":{"idSuffix":"BDI-content"}},"wdio_ui5_key":"createOrganizationPopfinishBtn"}]}
RESULT: undefined
COMMAND: POST /session/c0099c8ef87d8f1a9c022bedeb80dcd8/element - {"using":"xpath","value":"//*[@id=\"createOrganizationPop--finishBtn\"]"}
RESULT: {"using":"xpath","value":"//*[@id=\"createOrganizationPop--finishBtn\"]"}
COMMAND: POST /session/c0099c8ef87d8f1a9c022bedeb80dcd8/element/f.37E7500FB3BEF60B72C91044CCDB3F00.d.43F64DB00C9731DE25AA5C636F60A76A.e.230/click - {}
RESULT: {}
COMMAND: POST /session/c0099c8ef87d8f1a9c022bedeb80dcd8/element - {"using":"css selector","value":"#j_username"}
COMMAND: POST /session/c0099c8ef87d8f1a9c022bedeb80dcd8/url - {"url":"https://qa-testing-00-live-etm-ui.cfapps.eu10-004.hana.ondemand.com/"}
COMMAND: GET /session/c0099c8ef87d8f1a9c022bedeb80dcd8/screenshot - {}
RESULT: {"url":"https://qa-testing-00-live-etm-ui.cfapps.eu10-004.hana.ondemand.com/"}
RESULT: undefined
COMMAND: GET /session/c0099c8ef87d8f1a9c022bedeb80dcd8/screenshot - {}
RESULT: {"using":"css selector","value":"#j_username"}
COMMAND: POST /session/c0099c8ef87d8f1a9c022bedeb80dcd8/element - {"using":"css selector","value":"#j_username"}
RESULT: {}
RESULT: {}
RESULT: {"using":"css selector","value":"#j_username"}
COMMAND: POST /session/c0099c8ef87d8f1a9c022bedeb80dcd8/element - {"using":"css selector","value":"#shell-header-logo"}
RESULT: {"using":"css selector","value":"#shell-header-logo"}
COMMAND: POST /session/c0099c8ef87d8f1a9c022bedeb80dcd8/execute/sync - {"script":"<script> [8489 bytes]","args":[{"element-6066-11e4-a52e-4f735466cecf":"f.37E7500FB3BEF60B72C91044CCDB3F00.d.B6E53073351AA06971F33FF10A520674.e.239","ELEMENT":"f.37E7500FB3BEF60B72C91044CCDB3F00.d.B6E53073351AA06971F33FF10A520674.e.239"}]}
RESULT: {"script":"<script> [8489 bytes]","args":[{"element-6066-11e4-a52e-4f735466cecf":"f.37E7500FB3BEF60B72C91044CCDB3F00.d.B6E53073351AA06971F33FF10A520674.e.239","ELEMENT":"f.37E7500FB3BEF60B72C91044CCDB3F00.d.B6E53073351AA06971F33FF10A520674.e.239"}]}
COMMAND: POST /session/c0099c8ef87d8f1a9c022bedeb80dcd8/element - {"using":"css selector","value":"#shell-header-logo"}
COMMAND: GET /session/c0099c8ef87d8f1a9c022bedeb80dcd8/screenshot - {}
RESULT: {"using":"css selector","value":"#shell-header-logo"}
COMMAND: POST /session/c0099c8ef87d8f1a9c022bedeb80dcd8/execute/sync - {"script":"<script> [8489 bytes]","args":[{"element-6066-11e4-a52e-4f735466cecf":"f.37E7500FB3BEF60B72C91044CCDB3F00.d.B6E53073351AA06971F33FF10A520674.e.239","ELEMENT":"f.37E7500FB3BEF60B72C91044CCDB3F00.d.B6E53073351AA06971F33FF10A520674.e.239"}]}
RESULT: {}
RESULT: {"script":"<script> [8489 bytes]","args":[{"element-6066-11e4-a52e-4f735466cecf":"f.37E7500FB3BEF60B72C91044CCDB3F00.d.B6E53073351AA06971F33FF10A520674.e.239","ELEMENT":"f.37E7500FB3BEF60B72C91044CCDB3F00.d.B6E53073351AA06971F33FF10A520674.e.239"}]}
COMMAND: POST /session/c0099c8ef87d8f1a9c022bedeb80dcd8/execute/sync - {"script":"<script> [5351 bytes]","args":[{"element-6066-11e4-a52e-4f735466cecf":"f.37E7500FB3BEF60B72C91044CCDB3F00.d.B6E53073351AA06971F33FF10A520674.e.239","ELEMENT":"f.37E7500FB3BEF60B72C91044CCDB3F00.d.B6E53073351AA06971F33FF10A520674.e.239"}]}
COMMAND: GET /session/c0099c8ef87d8f1a9c022bedeb80dcd8/screenshot - {}
RESULT: {"script":"<script> [5351 bytes]","args":[{"element-6066-11e4-a52e-4f735466cecf":"f.37E7500FB3BEF60B72C91044CCDB3F00.d.B6E53073351AA06971F33FF10A520674.e.239","ELEMENT":"f.37E7500FB3BEF60B72C91044CCDB3F00.d.B6E53073351AA06971F33FF10A520674.e.239"}]}
COMMAND: POST /session/c0099c8ef87d8f1a9c022bedeb80dcd8/element - {"using":"css selector","value":"#shell-header-logo"}
COMMAND: GET /session/c0099c8ef87d8f1a9c022bedeb80dcd8/screenshot - {}
RESULT: {}
RESULT: {"using":"css selector","value":"#shell-header-logo"}
COMMAND: POST /session/c0099c8ef87d8f1a9c022bedeb80dcd8/element/f.37E7500FB3BEF60B72C91044CCDB3F00.d.B6E53073351AA06971F33FF10A520674.e.239/click - {}
RESULT: {}
RESULT: {}
COMMAND: GET /session/c0099c8ef87d8f1a9c022bedeb80dcd8/screenshot - {}
RESULT: {}
COMMAND: POST /session/c0099c8ef87d8f1a9c022bedeb80dcd8/execute/async - {"script":"<script> [189 bytes]","args":[]}
RESULT: {"script":"<script> [189 bytes]","args":[]}
COMMAND: POST /session/c0099c8ef87d8f1a9c022bedeb80dcd8/execute/async - {"script":"<script> [123 bytes]","args":[]}
RESULT: {"script":"<script> [123 bytes]","args":[]}
COMMAND: POST /session/c0099c8ef87d8f1a9c022bedeb80dcd8/timeouts - {"script":"<number>"}
RESULT: {"script":"<number>"}
COMMAND: GET /session/c0099c8ef87d8f1a9c022bedeb80dcd8/timeouts - {}
RESULT: {}
RESULT: undefined
COMMAND: POST /session/c0099c8ef87d8f1a9c022bedeb80dcd8/execute/async - {"script":"<script> [2676 bytes]","args":[]}
RESULT: {"script":"<script> [2676 bytes]","args":[]}
COMMAND: POST /session/c0099c8ef87d8f1a9c022bedeb80dcd8/execute/async - {"script":"<script> [2342 bytes]","args":[{"protocol":"http","hostname":"0.0.0.0","path":"/","capabilities":{"browserName":"chrome","goog:chromeOptions":{"binary":"C:\\Program Files\\Google\\Chrome\\Application\\chrome.exe","args":["--start-maximized"]}},"logLevel":"warn","connectionRetryTimeout":120000,"connectionRetryCount":3,"logLevels":{},"enableDirectConnect":true,"strictSSL":true,"_":"65 more keys: [\"cacheDir\",\"port\",\"requestedCapabilities\",\"automationProtocol\",\"baseUrl\",\"waitforInterval\",\"waitforTimeout\",\"onReload\",\"beforeCommand\",\"afterCommand\",\"rootDir\",\"specs\",\"suites\",\"exclude\",\"groupLogsByTestSpec\",\"excludeDriverLogs\",\"bail\",\"framework\",\"reporters\",\"services\",\"maxInstances\",\"maxInstancesPerCapability\",\"injectGlobals\",\"filesToWatch\",\"execArgv\",\"runnerEnv\",\"runner\",\"shard\",\"specFileRetries\",\"specFileRetriesDelay\",\"specFileRetriesDeferred\",\"reporterSyncInterval\",\"reporterSyncTimeout\",\"cucumberFeaturesWithLineNumbers\",\"autoCompileOpts\",\"mochaOpts\",\"jasmineOpts\",\"cucumberOpts\",\"onPrepare\",\"onWorkerStart\",\"onWorkerEnd\",\"before\",\"beforeSession\",\"beforeSuite\",\"beforeHook\",\"beforeTest\",\"afterTest\",\"afterHook\",\"afterSuite\",\"afterSession\",\"after\",\"onComplete\",\"beforeAssertion\",\"afterAssertion\",\"beforeFeature\",\"beforeScenario\",\"beforeStep\",\"afterStep\",\"afterScenario\",\"afterFeature\",\"_\",\"suite\",\"$0\",\"ignoredWorkerServices\",\"wdi5\"]"}]}
RESULT: {"script":"<script> [2342 bytes]","args":[{"protocol":"http","hostname":"0.0.0.0","path":"/","capabilities":{"browserName":"chrome","goog:chromeOptions":{"binary":"C:\\Program Files\\Google\\Chrome\\Application\\chrome.exe","args":["--start-maximized"]}},"logLevel":"warn","connectionRetryTimeout":120000,"connectionRetryCount":3,"logLevels":{},"enableDirectConnect":true,"strictSSL":true,"_":"65 more keys: [\"cacheDir\",\"port\",\"requestedCapabilities\",\"automationProtocol\",\"baseUrl\",\"waitforInterval\",\"waitforTimeout\",\"onReload\",\"beforeCommand\",\"afterCommand\",\"rootDir\",\"specs\",\"suites\",\"exclude\",\"groupLogsByTestSpec\",\"excludeDriverLogs\",\"bail\",\"framework\",\"reporters\",\"services\",\"maxInstances\",\"maxInstancesPerCapability\",\"injectGlobals\",\"filesToWatch\",\"execArgv\",\"runnerEnv\",\"runner\",\"shard\",\"specFileRetries\",\"specFileRetriesDelay\",\"specFileRetriesDeferred\",\"reporterSyncInterval\",\"reporterSyncTimeout\",\"cucumberFeaturesWithLineNumbers\",\"autoCompileOpts\",\"mochaOpts\",\"jasmineOpts\",\"cucumberOpts\",\"onPrepare\",\"onWorkerStart\",\"onWorkerEnd\",\"before\",\"beforeSession\",\"beforeSuite\",\"beforeHook\",\"beforeTest\",\"afterTest\",\"afterHook\",\"afterSuite\",\"afterSession\",\"after\",\"onComplete\",\"beforeAssertion\",\"afterAssertion\",\"beforeFeature\",\"beforeScenario\",\"beforeStep\",\"afterStep\",\"afterScenario\",\"afterFeature\",\"_\",\"suite\",\"$0\",\"ignoredWorkerServices\",\"wdi5\"]"}]}
COMMAND: POST /session/c0099c8ef87d8f1a9c022bedeb80dcd8/execute/async - {"script":"<script> [21126 bytes]","args":[35000]}
RESULT: {"script":"<script> [21126 bytes]","args":[35000]}
COMMAND: POST /session/c0099c8ef87d8f1a9c022bedeb80dcd8/window/maximize - {}
RESULT: {}
COMMAND: POST /session/c0099c8ef87d8f1a9c022bedeb80dcd8/execute/async - {"script":"<script> [1562 bytes]","args":[{"selector":{"id":"shell-header","interaction":{"idSuffix":"icon"}},"wdio_ui5_key":"shellheader"}]}
COMMAND: GET /session/c0099c8ef87d8f1a9c022bedeb80dcd8/screenshot - {}
RESULT: {"script":"<script> [1562 bytes]","args":[{"selector":{"id":"shell-header","interaction":{"idSuffix":"icon"}},"wdio_ui5_key":"shellheader"}]}
RESULT: undefined
]]></system-out>
    </testcase>
  </testsuite>
  <testsuite timestamp="2025-05-02T16:19:15" time="782.129" tests="8" failures="0" errors="0" skipped="0">
    <properties>
      <property name="specId" value="0" />
      <property name="suiteName" value="Stock increase - with WHM US125587" />
      <property name="capabilities" value="chrome.135_0_7049_96.windows" />
      <property name="file" value="file:///D:/a/1/s/test/specs/HTR/stock-increase.spec.js" />
    </properties>
    <testcase classname="chrome.135_0_7049_96.windows.Stock_increase_-_with_WHM_US125587" name="Should create a WHM yard" time="102.039">
      <system-out><![CDATA[
COMMAND: POST /session/c0099c8ef87d8f1a9c022bedeb80dcd8/element - {"using":"css selector","value":"#shell-header-logo"}
RESULT: {}
RESULT: {"using":"css selector","value":"#shell-header-logo"}
COMMAND: POST /session/c0099c8ef87d8f1a9c022bedeb80dcd8/element/f.37E7500FB3BEF60B72C91044CCDB3F00.d.B6E53073351AA06971F33FF10A520674.e.239/click - {}
RESULT: {}
COMMAND: GET /session/c0099c8ef87d8f1a9c022bedeb80dcd8/screenshot - {}
RESULT: {}
COMMAND: POST /session/c0099c8ef87d8f1a9c022bedeb80dcd8/execute/async - {"script":"<script> [1562 bytes]","args":[{"selector":{"controlType":"sap.m.GenericTile","properties":{"header":"Manage Yards"}},"wdio_ui5_key":"sapm.GenericTile{\"header\":\"Manage Yards\"}"}]}
RESULT: {"script":"<script> [1562 bytes]","args":[{"selector":{"controlType":"sap.m.GenericTile","properties":{"header":"Manage Yards"}},"wdio_ui5_key":"sapm.GenericTile{\"header\":\"Manage Yards\"}"}]}
RESULT: undefined
COMMAND: POST /session/c0099c8ef87d8f1a9c022bedeb80dcd8/element - {"using":"xpath","value":"//*[@id=\"__tile41\"]"}
RESULT: {"using":"xpath","value":"//*[@id=\"__tile41\"]"}
COMMAND: POST /session/c0099c8ef87d8f1a9c022bedeb80dcd8/element/f.37E7500FB3BEF60B72C91044CCDB3F00.d.B6E53073351AA06971F33FF10A520674.e.244/click - {}
RESULT: {}
COMMAND: GET /session/c0099c8ef87d8f1a9c022bedeb80dcd8/screenshot - {}
RESULT: {}
COMMAND: POST /session/c0099c8ef87d8f1a9c022bedeb80dcd8/execute/async - {"script":"<script> [1562 bytes]","args":[{"selector":{"controlType":"sap.ui.core.Icon","viewName":"etm.portal.ui.manageyards.view.Master","viewId":"application-manageyards-display-component---masterYard","properties":{"src":{"regex":{"source":"add"}}}},"wdio_ui5_key":"etmportal.ui.manageyards.view.Mastersap.ui.core.Icon{\"src\":{\"regex\":{\"source\":\"add\"}}}"}]}
RESULT: {"script":"<script> [1562 bytes]","args":[{"selector":{"controlType":"sap.ui.core.Icon","viewName":"etm.portal.ui.manageyards.view.Master","viewId":"application-manageyards-display-component---masterYard","properties":{"src":{"regex":{"source":"add"}}}},"wdio_ui5_key":"etmportal.ui.manageyards.view.Mastersap.ui.core.Icon{\"src\":{\"regex\":{\"source\":\"add\"}}}"}]}
RESULT: undefined
COMMAND: POST /session/c0099c8ef87d8f1a9c022bedeb80dcd8/element - {"using":"xpath","value":"//*[@id=\"__button4-img\"]"}
RESULT: {"using":"xpath","value":"//*[@id=\"__button4-img\"]"}
COMMAND: POST /session/c0099c8ef87d8f1a9c022bedeb80dcd8/element/f.37E7500FB3BEF60B72C91044CCDB3F00.d.B6E53073351AA06971F33FF10A520674.e.290/click - {}
RESULT: {}
COMMAND: GET /session/c0099c8ef87d8f1a9c022bedeb80dcd8/screenshot - {}
RESULT: {}
COMMAND: POST /session/c0099c8ef87d8f1a9c022bedeb80dcd8/execute/async - {"script":"<script> [1562 bytes]","args":[{"selector":{"id":"application-manageyards-display-component---NewYard--yardId","interaction":{"idSuffix":"inner"}},"wdio_ui5_key":"applicationmanageyards-display-component---NewYard--yardId"}]}
RESULT: {"script":"<script> [1562 bytes]","args":[{"selector":{"id":"application-manageyards-display-component---NewYard--yardId","interaction":{"idSuffix":"inner"}},"wdio_ui5_key":"applicationmanageyards-display-component---NewYard--yardId"}]}
RESULT: undefined
COMMAND: POST /session/c0099c8ef87d8f1a9c022bedeb80dcd8/element - {"using":"xpath","value":"//*[@id=\"application-manageyards-display-component---NewYard--addressDetailDetailsName1-inner\"]"}
RESULT: {"using":"xpath","value":"//*[@id=\"application-manageyards-display-component---NewYard--addressDetailDetailsName1-inner\"]"}
COMMAND: POST /session/c0099c8ef87d8f1a9c022bedeb80dcd8/element/f.37E7500FB3BEF60B72C91044CCDB3F00.d.B6E53073351AA06971F33FF10A520674.e.525/clear - {}
RESULT: {}
COMMAND: POST /session/c0099c8ef87d8f1a9c022bedeb80dcd8/element/f.37E7500FB3BEF60B72C91044CCDB3F00.d.B6E53073351AA06971F33FF10A520674.e.525/value - {"text":"WebdriverWHMYardlxalg"}
COMMAND: GET /session/c0099c8ef87d8f1a9c022bedeb80dcd8/screenshot - {}
RESULT: {"text":"WebdriverWHMYardlxalg"}
COMMAND: POST /session/c0099c8ef87d8f1a9c022bedeb80dcd8/element - {"using":"xpath","value":"//*[@id=\"application-manageyards-display-component---NewYard--addressDetailDetailsLanguage-inner\"]"}
COMMAND: GET /session/c0099c8ef87d8f1a9c022bedeb80dcd8/screenshot - {}
RESULT: {}
RESULT: {"using":"xpath","value":"//*[@id=\"application-manageyards-display-component---NewYard--addressDetailDetailsLanguage-inner\"]"}
COMMAND: POST /session/c0099c8ef87d8f1a9c022bedeb80dcd8/element/f.37E7500FB3BEF60B72C91044CCDB3F00.d.B6E53073351AA06971F33FF10A520674.e.526/clear - {}
RESULT: {}
RESULT: {}
COMMAND: POST /session/c0099c8ef87d8f1a9c022bedeb80dcd8/element/f.37E7500FB3BEF60B72C91044CCDB3F00.d.B6E53073351AA06971F33FF10A520674.e.526/value - {"text":"Romanian"}
COMMAND: GET /session/c0099c8ef87d8f1a9c022bedeb80dcd8/screenshot - {}
RESULT: {"text":"Romanian"}
COMMAND: GET /session/c0099c8ef87d8f1a9c022bedeb80dcd8/screenshot - {}
RESULT: {}
RESULT: {}
COMMAND: POST /session/c0099c8ef87d8f1a9c022bedeb80dcd8/element - {"using":"xpath","value":"//*[@id=\"application-manageyards-display-component---NewYard--addressDetailDetailsCity1-inner\"]"}
RESULT: {"using":"xpath","value":"//*[@id=\"application-manageyards-display-component---NewYard--addressDetailDetailsCity1-inner\"]"}
COMMAND: POST /session/c0099c8ef87d8f1a9c022bedeb80dcd8/element/f.37E7500FB3BEF60B72C91044CCDB3F00.d.B6E53073351AA06971F33FF10A520674.e.528/clear - {}
RESULT: {}
COMMAND: POST /session/c0099c8ef87d8f1a9c022bedeb80dcd8/element/f.37E7500FB3BEF60B72C91044CCDB3F00.d.B6E53073351AA06971F33FF10A520674.e.528/value - {"text":"Bucuresti"}
COMMAND: GET /session/c0099c8ef87d8f1a9c022bedeb80dcd8/screenshot - {}
RESULT: {"text":"Bucuresti"}
COMMAND: GET /session/c0099c8ef87d8f1a9c022bedeb80dcd8/screenshot - {}
RESULT: {}
RESULT: {}
COMMAND: POST /session/c0099c8ef87d8f1a9c022bedeb80dcd8/element - {"using":"xpath","value":"//*[@id=\"application-manageyards-display-component---NewYard--addressDetailDetailsCountry-inner\"]"}
RESULT: {"using":"xpath","value":"//*[@id=\"application-manageyards-display-component---NewYard--addressDetailDetailsCountry-inner\"]"}
COMMAND: POST /session/c0099c8ef87d8f1a9c022bedeb80dcd8/element/f.37E7500FB3BEF60B72C91044CCDB3F00.d.B6E53073351AA06971F33FF10A520674.e.532/clear - {}
RESULT: {}
COMMAND: POST /session/c0099c8ef87d8f1a9c022bedeb80dcd8/element/f.37E7500FB3BEF60B72C91044CCDB3F00.d.B6E53073351AA06971F33FF10A520674.e.532/value - {"text":"Romania"}
COMMAND: GET /session/c0099c8ef87d8f1a9c022bedeb80dcd8/screenshot - {}
RESULT: {"text":"Romania"}
COMMAND: GET /session/c0099c8ef87d8f1a9c022bedeb80dcd8/screenshot - {}
RESULT: {}
RESULT: {}
COMMAND: POST /session/c0099c8ef87d8f1a9c022bedeb80dcd8/execute/async - {"script":"<script> [1562 bytes]","args":[{"selector":{"controlType":"sap.m.Button","viewName":"etm.portal.ui.manageyards.view.New","viewId":"application-manageyards-display-component---NewYard","properties":{"text":"Commercial"},"interaction":{"idSuffix":"BDI-content"}},"wdio_ui5_key":"etmportal.ui.manageyards.view.Newsap.m.Button{\"text\":\"Commercial\"}"}]}
RESULT: {"script":"<script> [1562 bytes]","args":[{"selector":{"controlType":"sap.m.Button","viewName":"etm.portal.ui.manageyards.view.New","viewId":"application-manageyards-display-component---NewYard","properties":{"text":"Commercial"},"interaction":{"idSuffix":"BDI-content"}},"wdio_ui5_key":"etmportal.ui.manageyards.view.Newsap.m.Button{\"text\":\"Commercial\"}"}]}
RESULT: undefined
COMMAND: POST /session/c0099c8ef87d8f1a9c022bedeb80dcd8/element - {"using":"xpath","value":"//*[@id=\"application-manageyards-display-component---NewYard--ObjectPageLayout-anchBar-__section5-anchor\"]"}
RESULT: {"using":"xpath","value":"//*[@id=\"application-manageyards-display-component---NewYard--ObjectPageLayout-anchBar-__section5-anchor\"]"}
COMMAND: POST /session/c0099c8ef87d8f1a9c022bedeb80dcd8/element/f.37E7500FB3BEF60B72C91044CCDB3F00.d.B6E53073351AA06971F33FF10A520674.e.700/click - {}
RESULT: {}
COMMAND: GET /session/c0099c8ef87d8f1a9c022bedeb80dcd8/screenshot - {}
RESULT: {}
COMMAND: POST /session/c0099c8ef87d8f1a9c022bedeb80dcd8/element - {"using":"xpath","value":"//input[@id='application-manageyards-display-component---NewYard--addressEditDetailsCostObjectCstType-inner']"}
RESULT: {"using":"xpath","value":"//input[@id='application-manageyards-display-component---NewYard--addressEditDetailsCostObjectCstType-inner']"}
COMMAND: POST /session/c0099c8ef87d8f1a9c022bedeb80dcd8/execute/sync - {"script":"<script> [8489 bytes]","args":[{"element-6066-11e4-a52e-4f735466cecf":"f.37E7500FB3BEF60B72C91044CCDB3F00.d.B6E53073351AA06971F33FF10A520674.e.538","ELEMENT":"f.37E7500FB3BEF60B72C91044CCDB3F00.d.B6E53073351AA06971F33FF10A520674.e.538"}]}
RESULT: {"script":"<script> [8489 bytes]","args":[{"element-6066-11e4-a52e-4f735466cecf":"f.37E7500FB3BEF60B72C91044CCDB3F00.d.B6E53073351AA06971F33FF10A520674.e.538","ELEMENT":"f.37E7500FB3BEF60B72C91044CCDB3F00.d.B6E53073351AA06971F33FF10A520674.e.538"}]}
COMMAND: POST /session/c0099c8ef87d8f1a9c022bedeb80dcd8/element/f.37E7500FB3BEF60B72C91044CCDB3F00.d.B6E53073351AA06971F33FF10A520674.e.538/clear - {}
COMMAND: GET /session/c0099c8ef87d8f1a9c022bedeb80dcd8/screenshot - {}
RESULT: {}
COMMAND: POST /session/c0099c8ef87d8f1a9c022bedeb80dcd8/element/f.37E7500FB3BEF60B72C91044CCDB3F00.d.B6E53073351AA06971F33FF10A520674.e.538/value - {"text":"Cost"}
COMMAND: GET /session/c0099c8ef87d8f1a9c022bedeb80dcd8/screenshot - {}
RESULT: {}
RESULT: {"text":"Cost"}
COMMAND: GET /session/c0099c8ef87d8f1a9c022bedeb80dcd8/screenshot - {}
RESULT: {}
RESULT: {}
COMMAND: POST /session/c0099c8ef87d8f1a9c022bedeb80dcd8/execute/async - {"script":"<script> [1562 bytes]","args":[{"selector":{"id":"application-manageyards-display-component---NewYard--addressNewCostObjectCstID","interaction":{"idSuffix":"inner"}},"wdio_ui5_key":"applicationmanageyards-display-component---NewYard--addressNewCostObjectCstID"}]}
RESULT: {"script":"<script> [1562 bytes]","args":[{"selector":{"id":"application-manageyards-display-component---NewYard--addressNewCostObjectCstID","interaction":{"idSuffix":"inner"}},"wdio_ui5_key":"applicationmanageyards-display-component---NewYard--addressNewCostObjectCstID"}]}
RESULT: undefined
COMMAND: POST /session/c0099c8ef87d8f1a9c022bedeb80dcd8/execute/async - {"script":"<script> [776 bytes]","args":[{"enterText":"10001013","selector":{"id":"application-manageyards-display-component---NewYard--addressNewCostObjectCstID","interaction":{"idSuffix":"inner"}},"clearTextFirst":true,"interactionType":"ENTER_TEXT"}]}
RESULT: {"script":"<script> [776 bytes]","args":[{"enterText":"10001013","selector":{"id":"application-manageyards-display-component---NewYard--addressNewCostObjectCstID","interaction":{"idSuffix":"inner"}},"clearTextFirst":true,"interactionType":"ENTER_TEXT"}]}
COMMAND: POST /session/c0099c8ef87d8f1a9c022bedeb80dcd8/actions - {"actions":[{"id":"action3","type":"key","parameters":{},"actions":[{"type":"keyDown","value":"î€‡"},{"type":"pause","duration":10},{"type":"keyUp","value":"î€‡"}]}]}
RESULT: {"actions":[{"id":"action3","type":"key","parameters":{},"actions":[{"type":"keyDown","value":"î€‡"},{"type":"pause","duration":10},{"type":"keyUp","value":"î€‡"}]}]}
COMMAND: POST /session/c0099c8ef87d8f1a9c022bedeb80dcd8/execute/async - {"script":"<script> [1562 bytes]","args":[{"selector":{"id":"application-manageyards-display-component---NewYard--addressEditDetailsCurrency","interaction":{"idSuffix":"inner"}},"wdio_ui5_key":"applicationmanageyards-display-component---NewYard--addressEditDetailsCurrency"}]}
COMMAND: GET /session/c0099c8ef87d8f1a9c022bedeb80dcd8/screenshot - {}
RESULT: {"script":"<script> [1562 bytes]","args":[{"selector":{"id":"application-manageyards-display-component---NewYard--addressEditDetailsCurrency","interaction":{"idSuffix":"inner"}},"wdio_ui5_key":"applicationmanageyards-display-component---NewYard--addressEditDetailsCurrency"}]}
RESULT: undefined
COMMAND: POST /session/c0099c8ef87d8f1a9c022bedeb80dcd8/execute/async - {"script":"<script> [776 bytes]","args":[{"enterText":"Euro","selector":{"id":"application-manageyards-display-component---NewYard--addressEditDetailsCurrency","interaction":{"idSuffix":"inner"}},"clearTextFirst":true,"interactionType":"ENTER_TEXT"}]}
RESULT: {}
RESULT: {"script":"<script> [776 bytes]","args":[{"enterText":"Euro","selector":{"id":"application-manageyards-display-component---NewYard--addressEditDetailsCurrency","interaction":{"idSuffix":"inner"}},"clearTextFirst":true,"interactionType":"ENTER_TEXT"}]}
COMMAND: POST /session/c0099c8ef87d8f1a9c022bedeb80dcd8/execute/async - {"script":"<script> [1562 bytes]","args":[{"selector":{"controlType":"sap.m.Input","viewName":"etm.portal.ui.manageyards.view.New","viewId":"application-manageyards-display-component---NewYard","bindingPath":{"path":"","propertyPath":"/CONTROLLING_AREA","modelName":"NewYardModel"},"interaction":{"idSuffix":"inner"}},"wdio_ui5_key":"etmportal.ui.manageyards.view.Newsap.m.Input{\"path\":\"\",\"propertyPath\":\"/CONTROLLING_AREA\",\"modelName\":\"NewYardModel\"}"}]}
RESULT: {"script":"<script> [1562 bytes]","args":[{"selector":{"controlType":"sap.m.Input","viewName":"etm.portal.ui.manageyards.view.New","viewId":"application-manageyards-display-component---NewYard","bindingPath":{"path":"","propertyPath":"/CONTROLLING_AREA","modelName":"NewYardModel"},"interaction":{"idSuffix":"inner"}},"wdio_ui5_key":"etmportal.ui.manageyards.view.Newsap.m.Input{\"path\":\"\",\"propertyPath\":\"/CONTROLLING_AREA\",\"modelName\":\"NewYardModel\"}"}]}
RESULT: undefined
COMMAND: POST /session/c0099c8ef87d8f1a9c022bedeb80dcd8/execute/async - {"script":"<script> [776 bytes]","args":[{"enterText":"Z001","selector":{"controlType":"sap.m.Input","viewName":"etm.portal.ui.manageyards.view.New","viewId":"application-manageyards-display-component---NewYard","bindingPath":{"path":"","propertyPath":"/CONTROLLING_AREA","modelName":"NewYardModel"},"interaction":{"idSuffix":"inner"}},"clearTextFirst":true,"interactionType":"ENTER_TEXT"}]}
RESULT: {"script":"<script> [776 bytes]","args":[{"enterText":"Z001","selector":{"controlType":"sap.m.Input","viewName":"etm.portal.ui.manageyards.view.New","viewId":"application-manageyards-display-component---NewYard","bindingPath":{"path":"","propertyPath":"/CONTROLLING_AREA","modelName":"NewYardModel"},"interaction":{"idSuffix":"inner"}},"clearTextFirst":true,"interactionType":"ENTER_TEXT"}]}
COMMAND: POST /session/c0099c8ef87d8f1a9c022bedeb80dcd8/execute/async - {"script":"<script> [1562 bytes]","args":[{"selector":{"id":"application-manageyards-display-component---NewYard--companyCodeComboBox","interaction":{"idSuffix":"inner"}},"wdio_ui5_key":"applicationmanageyards-display-component---NewYard--companyCodeComboBox"}]}
RESULT: {"script":"<script> [1562 bytes]","args":[{"selector":{"id":"application-manageyards-display-component---NewYard--companyCodeComboBox","interaction":{"idSuffix":"inner"}},"wdio_ui5_key":"applicationmanageyards-display-component---NewYard--companyCodeComboBox"}]}
RESULT: undefined
COMMAND: POST /session/c0099c8ef87d8f1a9c022bedeb80dcd8/execute/async - {"script":"<script> [776 bytes]","args":[{"enterText":"1000","selector":{"id":"application-manageyards-display-component---NewYard--companyCodeComboBox","interaction":{"idSuffix":"inner"}},"clearTextFirst":true,"interactionType":"ENTER_TEXT"}]}
RESULT: {"script":"<script> [776 bytes]","args":[{"enterText":"1000","selector":{"id":"application-manageyards-display-component---NewYard--companyCodeComboBox","interaction":{"idSuffix":"inner"}},"clearTextFirst":true,"interactionType":"ENTER_TEXT"}]}
COMMAND: POST /session/c0099c8ef87d8f1a9c022bedeb80dcd8/actions - {"actions":[{"id":"action4","type":"key","parameters":{},"actions":[{"type":"keyDown","value":"î€‡"},{"type":"pause","duration":10},{"type":"keyUp","value":"î€‡"}]}]}
RESULT: {"actions":[{"id":"action4","type":"key","parameters":{},"actions":[{"type":"keyDown","value":"î€‡"},{"type":"pause","duration":10},{"type":"keyUp","value":"î€‡"}]}]}
COMMAND: POST /session/c0099c8ef87d8f1a9c022bedeb80dcd8/execute/async - {"script":"<script> [1562 bytes]","args":[{"selector":{"controlType":"sap.m.Input","viewName":"etm.portal.ui.manageyards.view.New","viewId":"application-manageyards-display-component---NewYard","bindingPath":{"path":"","propertyPath":"/PLANT","modelName":"NewYardModel"},"interaction":{"idSuffix":"inner"}},"wdio_ui5_key":"etmportal.ui.manageyards.view.Newsap.m.Input{\"path\":\"\",\"propertyPath\":\"/PLANT\",\"modelName\":\"NewYardModel\"}"}]}
COMMAND: GET /session/c0099c8ef87d8f1a9c022bedeb80dcd8/screenshot - {}
RESULT: {"script":"<script> [1562 bytes]","args":[{"selector":{"controlType":"sap.m.Input","viewName":"etm.portal.ui.manageyards.view.New","viewId":"application-manageyards-display-component---NewYard","bindingPath":{"path":"","propertyPath":"/PLANT","modelName":"NewYardModel"},"interaction":{"idSuffix":"inner"}},"wdio_ui5_key":"etmportal.ui.manageyards.view.Newsap.m.Input{\"path\":\"\",\"propertyPath\":\"/PLANT\",\"modelName\":\"NewYardModel\"}"}]}
RESULT: undefined
COMMAND: POST /session/c0099c8ef87d8f1a9c022bedeb80dcd8/execute/async - {"script":"<script> [776 bytes]","args":[{"enterText":"1001","selector":{"controlType":"sap.m.Input","viewName":"etm.portal.ui.manageyards.view.New","viewId":"application-manageyards-display-component---NewYard","bindingPath":{"path":"","propertyPath":"/PLANT","modelName":"NewYardModel"},"interaction":{"idSuffix":"inner"}},"clearTextFirst":true,"interactionType":"ENTER_TEXT"}]}
RESULT: {}
RESULT: {"script":"<script> [776 bytes]","args":[{"enterText":"1001","selector":{"controlType":"sap.m.Input","viewName":"etm.portal.ui.manageyards.view.New","viewId":"application-manageyards-display-component---NewYard","bindingPath":{"path":"","propertyPath":"/PLANT","modelName":"NewYardModel"},"interaction":{"idSuffix":"inner"}},"clearTextFirst":true,"interactionType":"ENTER_TEXT"}]}
COMMAND: POST /session/c0099c8ef87d8f1a9c022bedeb80dcd8/execute/async - {"script":"<script> [1562 bytes]","args":[{"selector":{"controlType":"sap.m.Input","viewName":"etm.portal.ui.manageyards.view.New","viewId":"application-manageyards-display-component---NewYard","bindingPath":{"path":"","propertyPath":"/SALES_AREA_VKORG","modelName":"NewYardModel"},"interaction":{"idSuffix":"inner"}},"wdio_ui5_key":"etmportal.ui.manageyards.view.Newsap.m.Input{\"path\":\"\",\"propertyPath\":\"/SALES_AREA_VKORG\",\"modelName\":\"NewYardModel\"}"}]}
RESULT: {"script":"<script> [1562 bytes]","args":[{"selector":{"controlType":"sap.m.Input","viewName":"etm.portal.ui.manageyards.view.New","viewId":"application-manageyards-display-component---NewYard","bindingPath":{"path":"","propertyPath":"/SALES_AREA_VKORG","modelName":"NewYardModel"},"interaction":{"idSuffix":"inner"}},"wdio_ui5_key":"etmportal.ui.manageyards.view.Newsap.m.Input{\"path\":\"\",\"propertyPath\":\"/SALES_AREA_VKORG\",\"modelName\":\"NewYardModel\"}"}]}
RESULT: undefined
COMMAND: POST /session/c0099c8ef87d8f1a9c022bedeb80dcd8/execute/async - {"script":"<script> [776 bytes]","args":[{"enterText":"C002","selector":{"controlType":"sap.m.Input","viewName":"etm.portal.ui.manageyards.view.New","viewId":"application-manageyards-display-component---NewYard","bindingPath":{"path":"","propertyPath":"/SALES_AREA_VKORG","modelName":"NewYardModel"},"interaction":{"idSuffix":"inner"}},"clearTextFirst":true,"interactionType":"ENTER_TEXT"}]}
RESULT: {"script":"<script> [776 bytes]","args":[{"enterText":"C002","selector":{"controlType":"sap.m.Input","viewName":"etm.portal.ui.manageyards.view.New","viewId":"application-manageyards-display-component---NewYard","bindingPath":{"path":"","propertyPath":"/SALES_AREA_VKORG","modelName":"NewYardModel"},"interaction":{"idSuffix":"inner"}},"clearTextFirst":true,"interactionType":"ENTER_TEXT"}]}
COMMAND: POST /session/c0099c8ef87d8f1a9c022bedeb80dcd8/execute/async - {"script":"<script> [1562 bytes]","args":[{"selector":{"controlType":"sap.m.Input","viewName":"etm.portal.ui.manageyards.view.New","viewId":"application-manageyards-display-component---NewYard","bindingPath":{"path":"","propertyPath":"/SALES_AREA_VTWEG","modelName":"NewYardModel"},"interaction":{"idSuffix":"inner"}},"wdio_ui5_key":"etmportal.ui.manageyards.view.Newsap.m.Input{\"path\":\"\",\"propertyPath\":\"/SALES_AREA_VTWEG\",\"modelName\":\"NewYardModel\"}"}]}
RESULT: {"script":"<script> [1562 bytes]","args":[{"selector":{"controlType":"sap.m.Input","viewName":"etm.portal.ui.manageyards.view.New","viewId":"application-manageyards-display-component---NewYard","bindingPath":{"path":"","propertyPath":"/SALES_AREA_VTWEG","modelName":"NewYardModel"},"interaction":{"idSuffix":"inner"}},"wdio_ui5_key":"etmportal.ui.manageyards.view.Newsap.m.Input{\"path\":\"\",\"propertyPath\":\"/SALES_AREA_VTWEG\",\"modelName\":\"NewYardModel\"}"}]}
RESULT: undefined
COMMAND: POST /session/c0099c8ef87d8f1a9c022bedeb80dcd8/execute/async - {"script":"<script> [776 bytes]","args":[{"enterText":"C2","selector":{"controlType":"sap.m.Input","viewName":"etm.portal.ui.manageyards.view.New","viewId":"application-manageyards-display-component---NewYard","bindingPath":{"path":"","propertyPath":"/SALES_AREA_VTWEG","modelName":"NewYardModel"},"interaction":{"idSuffix":"inner"}},"clearTextFirst":true,"interactionType":"ENTER_TEXT"}]}
RESULT: {"script":"<script> [776 bytes]","args":[{"enterText":"C2","selector":{"controlType":"sap.m.Input","viewName":"etm.portal.ui.manageyards.view.New","viewId":"application-manageyards-display-component---NewYard","bindingPath":{"path":"","propertyPath":"/SALES_AREA_VTWEG","modelName":"NewYardModel"},"interaction":{"idSuffix":"inner"}},"clearTextFirst":true,"interactionType":"ENTER_TEXT"}]}
COMMAND: POST /session/c0099c8ef87d8f1a9c022bedeb80dcd8/execute/async - {"script":"<script> [1562 bytes]","args":[{"selector":{"controlType":"sap.m.Input","viewName":"etm.portal.ui.manageyards.view.New","viewId":"application-manageyards-display-component---NewYard","bindingPath":{"path":"","propertyPath":"/SALES_AREA_SPART","modelName":"NewYardModel"},"interaction":{"idSuffix":"inner"}},"wdio_ui5_key":"etmportal.ui.manageyards.view.Newsap.m.Input{\"path\":\"\",\"propertyPath\":\"/SALES_AREA_SPART\",\"modelName\":\"NewYardModel\"}"}]}
RESULT: {"script":"<script> [1562 bytes]","args":[{"selector":{"controlType":"sap.m.Input","viewName":"etm.portal.ui.manageyards.view.New","viewId":"application-manageyards-display-component---NewYard","bindingPath":{"path":"","propertyPath":"/SALES_AREA_SPART","modelName":"NewYardModel"},"interaction":{"idSuffix":"inner"}},"wdio_ui5_key":"etmportal.ui.manageyards.view.Newsap.m.Input{\"path\":\"\",\"propertyPath\":\"/SALES_AREA_SPART\",\"modelName\":\"NewYardModel\"}"}]}
RESULT: undefined
COMMAND: POST /session/c0099c8ef87d8f1a9c022bedeb80dcd8/execute/async - {"script":"<script> [776 bytes]","args":[{"enterText":"C2","selector":{"controlType":"sap.m.Input","viewName":"etm.portal.ui.manageyards.view.New","viewId":"application-manageyards-display-component---NewYard","bindingPath":{"path":"","propertyPath":"/SALES_AREA_SPART","modelName":"NewYardModel"},"interaction":{"idSuffix":"inner"}},"clearTextFirst":true,"interactionType":"ENTER_TEXT"}]}
RESULT: {"script":"<script> [776 bytes]","args":[{"enterText":"C2","selector":{"controlType":"sap.m.Input","viewName":"etm.portal.ui.manageyards.view.New","viewId":"application-manageyards-display-component---NewYard","bindingPath":{"path":"","propertyPath":"/SALES_AREA_SPART","modelName":"NewYardModel"},"interaction":{"idSuffix":"inner"}},"clearTextFirst":true,"interactionType":"ENTER_TEXT"}]}
COMMAND: POST /session/c0099c8ef87d8f1a9c022bedeb80dcd8/execute/async - {"script":"<script> [1562 bytes]","args":[{"selector":{"id":"application-manageyards-display-component---NewYard--whmCheckBox","interaction":{"idSuffix":"CbBg"}},"wdio_ui5_key":"applicationmanageyards-display-component---NewYard--whmCheckBox"}]}
RESULT: {"script":"<script> [1562 bytes]","args":[{"selector":{"id":"application-manageyards-display-component---NewYard--whmCheckBox","interaction":{"idSuffix":"CbBg"}},"wdio_ui5_key":"applicationmanageyards-display-component---NewYard--whmCheckBox"}]}
RESULT: undefined
COMMAND: POST /session/c0099c8ef87d8f1a9c022bedeb80dcd8/element - {"using":"xpath","value":"//*[@id=\"application-manageyards-display-component---NewYard--whmCheckBox\"]"}
RESULT: {"using":"xpath","value":"//*[@id=\"application-manageyards-display-component---NewYard--whmCheckBox\"]"}
COMMAND: POST /session/c0099c8ef87d8f1a9c022bedeb80dcd8/element/f.37E7500FB3BEF60B72C91044CCDB3F00.d.B6E53073351AA06971F33FF10A520674.e.724/click - {}
RESULT: {}
COMMAND: POST /session/c0099c8ef87d8f1a9c022bedeb80dcd8/execute/async - {"script":"<script> [1562 bytes]","args":[{"selector":{"controlType":"sap.m.Button","viewName":"etm.portal.ui.manageyards.view.New","viewId":"application-manageyards-display-component---NewYard","i18NText":{"propertyName":"text","key":"save"},"interaction":{"idSuffix":"inner"}},"wdio_ui5_key":"etmportal.ui.manageyards.view.Newsap.m.Button{\"propertyName\":\"text\",\"key\":\"save\"}"}]}
COMMAND: GET /session/c0099c8ef87d8f1a9c022bedeb80dcd8/screenshot - {}
RESULT: {"script":"<script> [1562 bytes]","args":[{"selector":{"controlType":"sap.m.Button","viewName":"etm.portal.ui.manageyards.view.New","viewId":"application-manageyards-display-component---NewYard","i18NText":{"propertyName":"text","key":"save"},"interaction":{"idSuffix":"inner"}},"wdio_ui5_key":"etmportal.ui.manageyards.view.Newsap.m.Button{\"propertyName\":\"text\",\"key\":\"save\"}"}]}
RESULT: undefined
COMMAND: POST /session/c0099c8ef87d8f1a9c022bedeb80dcd8/element - {"using":"xpath","value":"//*[@id=\"__button18\"]"}
RESULT: {}
RESULT: {"using":"xpath","value":"//*[@id=\"__button18\"]"}
COMMAND: POST /session/c0099c8ef87d8f1a9c022bedeb80dcd8/element/f.37E7500FB3BEF60B72C91044CCDB3F00.d.B6E53073351AA06971F33FF10A520674.e.688/click - {}
RESULT: {}
COMMAND: GET /session/c0099c8ef87d8f1a9c022bedeb80dcd8/screenshot - {}
RESULT: {}
COMMAND: POST /session/c0099c8ef87d8f1a9c022bedeb80dcd8/element - {"using":"xpath","value":"//header/div/div/div/div/div/div[2]/div/span"}
RESULT: {"using":"xpath","value":"//header/div/div/div/div/div/div[2]/div/span"}
COMMAND: GET /session/c0099c8ef87d8f1a9c022bedeb80dcd8/element/f.37E7500FB3BEF60B72C91044CCDB3F00.d.B6E53073351AA06971F33FF10A520674.e.915/text - {}
RESULT: {}
COMMAND: POST /session/c0099c8ef87d8f1a9c022bedeb80dcd8/element - {"using":"xpath","value":"//header/div/div[2]/div[2]/span"}
RESULT: {"using":"xpath","value":"//header/div/div[2]/div[2]/span"}
COMMAND: GET /session/c0099c8ef87d8f1a9c022bedeb80dcd8/element/f.37E7500FB3BEF60B72C91044CCDB3F00.d.B6E53073351AA06971F33FF10A520674.e.916/text - {}
RESULT: {}
]]></system-out>
    </testcase>
    <testcase classname="chrome.135_0_7049_96.windows.Stock_increase_-_with_WHM_US125587" name="Should create new whm partner" time="111.131">
      <system-out><![CDATA[
COMMAND: POST /session/c0099c8ef87d8f1a9c022bedeb80dcd8/element - {"using":"css selector","value":"#shell-header-logo"}
RESULT: {"using":"css selector","value":"#shell-header-logo"}
COMMAND: POST /session/c0099c8ef87d8f1a9c022bedeb80dcd8/element/f.37E7500FB3BEF60B72C91044CCDB3F00.d.B6E53073351AA06971F33FF10A520674.e.239/click - {}
RESULT: {}
COMMAND: GET /session/c0099c8ef87d8f1a9c022bedeb80dcd8/screenshot - {}
RESULT: {}
COMMAND: POST /session/c0099c8ef87d8f1a9c022bedeb80dcd8/execute/async - {"script":"<script> [1562 bytes]","args":[{"selector":{"controlType":"sap.m.GenericTile","properties":{"header":"Manage Partners"}},"wdio_ui5_key":"sapm.GenericTile{\"header\":\"Manage Partners\"}"}]}
RESULT: {"script":"<script> [1562 bytes]","args":[{"selector":{"controlType":"sap.m.GenericTile","properties":{"header":"Manage Partners"}},"wdio_ui5_key":"sapm.GenericTile{\"header\":\"Manage Partners\"}"}]}
RESULT: undefined
COMMAND: POST /session/c0099c8ef87d8f1a9c022bedeb80dcd8/element - {"using":"xpath","value":"//*[@id=\"__tile38\"]"}
RESULT: {"using":"xpath","value":"//*[@id=\"__tile38\"]"}
COMMAND: POST /session/c0099c8ef87d8f1a9c022bedeb80dcd8/element/f.37E7500FB3BEF60B72C91044CCDB3F00.d.B6E53073351AA06971F33FF10A520674.e.919/click - {}
RESULT: {}
COMMAND: GET /session/c0099c8ef87d8f1a9c022bedeb80dcd8/screenshot - {}
RESULT: {}
COMMAND: POST /session/c0099c8ef87d8f1a9c022bedeb80dcd8/refresh - {}
RESULT: {}
COMMAND: GET /session/c0099c8ef87d8f1a9c022bedeb80dcd8/screenshot - {}
RESULT: {}
COMMAND: POST /session/c0099c8ef87d8f1a9c022bedeb80dcd8/refresh - {}
RESULT: {}
COMMAND: GET /session/c0099c8ef87d8f1a9c022bedeb80dcd8/screenshot - {}
RESULT: {}
COMMAND: POST /session/c0099c8ef87d8f1a9c022bedeb80dcd8/window/fullscreen - {}
RESULT: {}
COMMAND: POST /session/c0099c8ef87d8f1a9c022bedeb80dcd8/execute/async - {"script":"<script> [189 bytes]","args":[]}
RESULT: {"script":"<script> [189 bytes]","args":[]}
COMMAND: POST /session/c0099c8ef87d8f1a9c022bedeb80dcd8/execute/async - {"script":"<script> [123 bytes]","args":[]}
RESULT: {"script":"<script> [123 bytes]","args":[]}
COMMAND: POST /session/c0099c8ef87d8f1a9c022bedeb80dcd8/timeouts - {"script":"<number>"}
RESULT: {"script":"<number>"}
COMMAND: GET /session/c0099c8ef87d8f1a9c022bedeb80dcd8/timeouts - {}
RESULT: {}
RESULT: undefined
COMMAND: POST /session/c0099c8ef87d8f1a9c022bedeb80dcd8/execute/async - {"script":"<script> [2676 bytes]","args":[]}
RESULT: {"script":"<script> [2676 bytes]","args":[]}
COMMAND: POST /session/c0099c8ef87d8f1a9c022bedeb80dcd8/execute/async - {"script":"<script> [2342 bytes]","args":[{"protocol":"http","hostname":"0.0.0.0","path":"/","capabilities":{"browserName":"chrome","goog:chromeOptions":{"binary":"C:\\Program Files\\Google\\Chrome\\Application\\chrome.exe","args":["--start-maximized"]}},"logLevel":"warn","connectionRetryTimeout":120000,"connectionRetryCount":3,"logLevels":{},"enableDirectConnect":true,"strictSSL":true,"_":"65 more keys: [\"cacheDir\",\"port\",\"requestedCapabilities\",\"automationProtocol\",\"baseUrl\",\"waitforInterval\",\"waitforTimeout\",\"onReload\",\"beforeCommand\",\"afterCommand\",\"rootDir\",\"specs\",\"suites\",\"exclude\",\"groupLogsByTestSpec\",\"excludeDriverLogs\",\"bail\",\"framework\",\"reporters\",\"services\",\"maxInstances\",\"maxInstancesPerCapability\",\"injectGlobals\",\"filesToWatch\",\"execArgv\",\"runnerEnv\",\"runner\",\"shard\",\"specFileRetries\",\"specFileRetriesDelay\",\"specFileRetriesDeferred\",\"reporterSyncInterval\",\"reporterSyncTimeout\",\"cucumberFeaturesWithLineNumbers\",\"autoCompileOpts\",\"mochaOpts\",\"jasmineOpts\",\"cucumberOpts\",\"onPrepare\",\"onWorkerStart\",\"onWorkerEnd\",\"before\",\"beforeSession\",\"beforeSuite\",\"beforeHook\",\"beforeTest\",\"afterTest\",\"afterHook\",\"afterSuite\",\"afterSession\",\"after\",\"onComplete\",\"beforeAssertion\",\"afterAssertion\",\"beforeFeature\",\"beforeScenario\",\"beforeStep\",\"afterStep\",\"afterScenario\",\"afterFeature\",\"_\",\"suite\",\"$0\",\"ignoredWorkerServices\",\"wdi5\"]"}]}
RESULT: {"script":"<script> [2342 bytes]","args":[{"protocol":"http","hostname":"0.0.0.0","path":"/","capabilities":{"browserName":"chrome","goog:chromeOptions":{"binary":"C:\\Program Files\\Google\\Chrome\\Application\\chrome.exe","args":["--start-maximized"]}},"logLevel":"warn","connectionRetryTimeout":120000,"connectionRetryCount":3,"logLevels":{},"enableDirectConnect":true,"strictSSL":true,"_":"65 more keys: [\"cacheDir\",\"port\",\"requestedCapabilities\",\"automationProtocol\",\"baseUrl\",\"waitforInterval\",\"waitforTimeout\",\"onReload\",\"beforeCommand\",\"afterCommand\",\"rootDir\",\"specs\",\"suites\",\"exclude\",\"groupLogsByTestSpec\",\"excludeDriverLogs\",\"bail\",\"framework\",\"reporters\",\"services\",\"maxInstances\",\"maxInstancesPerCapability\",\"injectGlobals\",\"filesToWatch\",\"execArgv\",\"runnerEnv\",\"runner\",\"shard\",\"specFileRetries\",\"specFileRetriesDelay\",\"specFileRetriesDeferred\",\"reporterSyncInterval\",\"reporterSyncTimeout\",\"cucumberFeaturesWithLineNumbers\",\"autoCompileOpts\",\"mochaOpts\",\"jasmineOpts\",\"cucumberOpts\",\"onPrepare\",\"onWorkerStart\",\"onWorkerEnd\",\"before\",\"beforeSession\",\"beforeSuite\",\"beforeHook\",\"beforeTest\",\"afterTest\",\"afterHook\",\"afterSuite\",\"afterSession\",\"after\",\"onComplete\",\"beforeAssertion\",\"afterAssertion\",\"beforeFeature\",\"beforeScenario\",\"beforeStep\",\"afterStep\",\"afterScenario\",\"afterFeature\",\"_\",\"suite\",\"$0\",\"ignoredWorkerServices\",\"wdi5\"]"}]}
COMMAND: POST /session/c0099c8ef87d8f1a9c022bedeb80dcd8/execute/async - {"script":"<script> [21126 bytes]","args":[35000]}
RESULT: {"script":"<script> [21126 bytes]","args":[35000]}
COMMAND: POST /session/c0099c8ef87d8f1a9c022bedeb80dcd8/execute/async - {"script":"<script> [1562 bytes]","args":[{"selector":{"controlType":"sap.ui.core.Icon","viewName":"etm.portal.ui.managepartners.view.Master","viewId":"application-managepartners-display-component---masterPtm","properties":{"src":{"regex":{"source":"add"}}}},"wdio_ui5_key":"etmportal.ui.managepartners.view.Mastersap.ui.core.Icon{\"src\":{\"regex\":{\"source\":\"add\"}}}"}]}
RESULT: {"script":"<script> [1562 bytes]","args":[{"selector":{"controlType":"sap.ui.core.Icon","viewName":"etm.portal.ui.managepartners.view.Master","viewId":"application-managepartners-display-component---masterPtm","properties":{"src":{"regex":{"source":"add"}}}},"wdio_ui5_key":"etmportal.ui.managepartners.view.Mastersap.ui.core.Icon{\"src\":{\"regex\":{\"source\":\"add\"}}}"}]}
RESULT: undefined
COMMAND: POST /session/c0099c8ef87d8f1a9c022bedeb80dcd8/element - {"using":"xpath","value":"//*[@id=\"__button2-img\"]"}
RESULT: {"using":"xpath","value":"//*[@id=\"__button2-img\"]"}
COMMAND: POST /session/c0099c8ef87d8f1a9c022bedeb80dcd8/element/f.37E7500FB3BEF60B72C91044CCDB3F00.d.3924DEEC36B4CB855539F57CAE13BE89.e.1322/click - {}
RESULT: {}
COMMAND: GET /session/c0099c8ef87d8f1a9c022bedeb80dcd8/screenshot - {}
RESULT: {}
COMMAND: POST /session/c0099c8ef87d8f1a9c022bedeb80dcd8/execute/async - {"script":"<script> [1562 bytes]","args":[{"selector":{"controlType":"sap.m.Title","viewName":"etm.portal.ui.managepartners.view.NewPartner","viewId":"application-managepartners-display-component---NewPartner","i18NText":{"propertyName":"text","key":"newPartner"},"interaction":{"idSuffix":"inner"}},"wdio_ui5_key":"etmportal.ui.managepartners.view.NewPartnersap.m.Title{\"propertyName\":\"text\",\"key\":\"newPartner\"}"}]}
RESULT: {"script":"<script> [1562 bytes]","args":[{"selector":{"controlType":"sap.m.Title","viewName":"etm.portal.ui.managepartners.view.NewPartner","viewId":"application-managepartners-display-component---NewPartner","i18NText":{"propertyName":"text","key":"newPartner"},"interaction":{"idSuffix":"inner"}},"wdio_ui5_key":"etmportal.ui.managepartners.view.NewPartnersap.m.Title{\"propertyName\":\"text\",\"key\":\"newPartner\"}"}]}
RESULT: undefined
COMMAND: POST /session/c0099c8ef87d8f1a9c022bedeb80dcd8/execute/async - {"script":"<script> [6424 bytes]","args":[{"element-6066-11e4-a52e-4f735466cecf":"f.37E7500FB3BEF60B72C91044CCDB3F00.d.3924DEEC36B4CB855539F57CAE13BE89.e.1763"},"getText",[]]}
RESULT: {"script":"<script> [6424 bytes]","args":[{"element-6066-11e4-a52e-4f735466cecf":"f.37E7500FB3BEF60B72C91044CCDB3F00.d.3924DEEC36B4CB855539F57CAE13BE89.e.1763"},"getText",[]]}
COMMAND: POST /session/c0099c8ef87d8f1a9c022bedeb80dcd8/execute/async - {"script":"<script> [1562 bytes]","args":[{"selector":{"id":"application-managepartners-display-component---NewPartner--partnerId","interaction":{"idSuffix":"inner"}},"wdio_ui5_key":"applicationmanagepartners-display-component---NewPartner--partnerId"}]}
RESULT: {"script":"<script> [1562 bytes]","args":[{"selector":{"id":"application-managepartners-display-component---NewPartner--partnerId","interaction":{"idSuffix":"inner"}},"wdio_ui5_key":"applicationmanagepartners-display-component---NewPartner--partnerId"}]}
RESULT: undefined
COMMAND: POST /session/c0099c8ef87d8f1a9c022bedeb80dcd8/execute/async - {"script":"<script> [1562 bytes]","args":[{"selector":{"id":"application-managepartners-display-component---NewPartner--addressDetailDetailsName1","interaction":{"idSuffix":"inner"}},"wdio_ui5_key":"applicationmanagepartners-display-component---NewPartner--addressDetailDetailsName1"}]}
RESULT: {"script":"<script> [1562 bytes]","args":[{"selector":{"id":"application-managepartners-display-component---NewPartner--addressDetailDetailsName1","interaction":{"idSuffix":"inner"}},"wdio_ui5_key":"applicationmanagepartners-display-component---NewPartner--addressDetailDetailsName1"}]}
RESULT: undefined
COMMAND: POST /session/c0099c8ef87d8f1a9c022bedeb80dcd8/execute/async - {"script":"<script> [776 bytes]","args":[{"enterText":"WebdriverWHMPartnerlxalg","selector":{"id":"application-managepartners-display-component---NewPartner--addressDetailDetailsName1","interaction":{"idSuffix":"inner"}},"clearTextFirst":true,"interactionType":"ENTER_TEXT"}]}
RESULT: {"script":"<script> [776 bytes]","args":[{"enterText":"WebdriverWHMPartnerlxalg","selector":{"id":"application-managepartners-display-component---NewPartner--addressDetailDetailsName1","interaction":{"idSuffix":"inner"}},"clearTextFirst":true,"interactionType":"ENTER_TEXT"}]}
COMMAND: POST /session/c0099c8ef87d8f1a9c022bedeb80dcd8/execute/async - {"script":"<script> [1562 bytes]","args":[{"selector":{"id":"application-managepartners-display-component---NewPartner--addressDetailDetailsLanguage","interaction":{"idSuffix":"inner"}},"wdio_ui5_key":"applicationmanagepartners-display-component---NewPartner--addressDetailDetailsLanguage"}]}
RESULT: {"script":"<script> [1562 bytes]","args":[{"selector":{"id":"application-managepartners-display-component---NewPartner--addressDetailDetailsLanguage","interaction":{"idSuffix":"inner"}},"wdio_ui5_key":"applicationmanagepartners-display-component---NewPartner--addressDetailDetailsLanguage"}]}
RESULT: undefined
COMMAND: POST /session/c0099c8ef87d8f1a9c022bedeb80dcd8/execute/async - {"script":"<script> [776 bytes]","args":[{"enterText":"Romanian","selector":{"id":"application-managepartners-display-component---NewPartner--addressDetailDetailsLanguage","interaction":{"idSuffix":"inner"}},"clearTextFirst":true,"interactionType":"ENTER_TEXT"}]}
RESULT: {"script":"<script> [776 bytes]","args":[{"enterText":"Romanian","selector":{"id":"application-managepartners-display-component---NewPartner--addressDetailDetailsLanguage","interaction":{"idSuffix":"inner"}},"clearTextFirst":true,"interactionType":"ENTER_TEXT"}]}
COMMAND: POST /session/c0099c8ef87d8f1a9c022bedeb80dcd8/execute/async - {"script":"<script> [1562 bytes]","args":[{"selector":{"controlType":"sap.m.StandardListItem","viewName":"etm.portal.ui.managepartners.view.NewPartner","viewId":"application-managepartners-display-component---NewPartner","properties":{"type":"Active"},"searchOpenDialogs":true,"interaction":{"idSuffix":"content"}},"wdio_ui5_key":"etmportal.ui.managepartners.view.NewPartnersap.m.StandardListItem{\"type\":\"Active\"}"}]}
RESULT: {"script":"<script> [1562 bytes]","args":[{"selector":{"controlType":"sap.m.StandardListItem","viewName":"etm.portal.ui.managepartners.view.NewPartner","viewId":"application-managepartners-display-component---NewPartner","properties":{"type":"Active"},"searchOpenDialogs":true,"interaction":{"idSuffix":"content"}},"wdio_ui5_key":"etmportal.ui.managepartners.view.NewPartnersap.m.StandardListItem{\"type\":\"Active\"}"}]}
RESULT: undefined
COMMAND: POST /session/c0099c8ef87d8f1a9c022bedeb80dcd8/element - {"using":"xpath","value":"//*[@id=\"__item131\"]"}
RESULT: {"using":"xpath","value":"//*[@id=\"__item131\"]"}
COMMAND: POST /session/c0099c8ef87d8f1a9c022bedeb80dcd8/element/f.37E7500FB3BEF60B72C91044CCDB3F00.d.3924DEEC36B4CB855539F57CAE13BE89.e.1767/click - {}
RESULT: {}
COMMAND: POST /session/c0099c8ef87d8f1a9c022bedeb80dcd8/execute/async - {"script":"<script> [1562 bytes]","args":[{"selector":{"id":"application-managepartners-display-component---NewPartner--addressDetailDetailsCity1","interaction":{"idSuffix":"inner"}},"wdio_ui5_key":"applicationmanagepartners-display-component---NewPartner--addressDetailDetailsCity1"}]}
COMMAND: GET /session/c0099c8ef87d8f1a9c022bedeb80dcd8/screenshot - {}
RESULT: {"script":"<script> [1562 bytes]","args":[{"selector":{"id":"application-managepartners-display-component---NewPartner--addressDetailDetailsCity1","interaction":{"idSuffix":"inner"}},"wdio_ui5_key":"applicationmanagepartners-display-component---NewPartner--addressDetailDetailsCity1"}]}
RESULT: undefined
COMMAND: POST /session/c0099c8ef87d8f1a9c022bedeb80dcd8/execute/async - {"script":"<script> [776 bytes]","args":[{"enterText":"Cluj","selector":{"id":"application-managepartners-display-component---NewPartner--addressDetailDetailsCity1","interaction":{"idSuffix":"inner"}},"clearTextFirst":true,"interactionType":"ENTER_TEXT"}]}
RESULT: {}
RESULT: {"script":"<script> [776 bytes]","args":[{"enterText":"Cluj","selector":{"id":"application-managepartners-display-component---NewPartner--addressDetailDetailsCity1","interaction":{"idSuffix":"inner"}},"clearTextFirst":true,"interactionType":"ENTER_TEXT"}]}
COMMAND: POST /session/c0099c8ef87d8f1a9c022bedeb80dcd8/execute/async - {"script":"<script> [1562 bytes]","args":[{"selector":{"id":"application-managepartners-display-component---NewPartner--addressDetailDetailsCountry","interaction":{"idSuffix":"inner"}},"wdio_ui5_key":"applicationmanagepartners-display-component---NewPartner--addressDetailDetailsCountry"}]}
RESULT: {"script":"<script> [1562 bytes]","args":[{"selector":{"id":"application-managepartners-display-component---NewPartner--addressDetailDetailsCountry","interaction":{"idSuffix":"inner"}},"wdio_ui5_key":"applicationmanagepartners-display-component---NewPartner--addressDetailDetailsCountry"}]}
RESULT: undefined
COMMAND: POST /session/c0099c8ef87d8f1a9c022bedeb80dcd8/execute/async - {"script":"<script> [6424 bytes]","args":[{"element-6066-11e4-a52e-4f735466cecf":"f.37E7500FB3BEF60B72C91044CCDB3F00.d.3924DEEC36B4CB855539F57CAE13BE89.e.1552"},"setValue",["Romania"]]}
RESULT: {"script":"<script> [6424 bytes]","args":[{"element-6066-11e4-a52e-4f735466cecf":"f.37E7500FB3BEF60B72C91044CCDB3F00.d.3924DEEC36B4CB855539F57CAE13BE89.e.1552"},"setValue",["Romania"]]}
COMMAND: POST /session/c0099c8ef87d8f1a9c022bedeb80dcd8/execute/async - {"script":"<script> [1562 bytes]","args":[{"selector":{"id":"application-managepartners-display-component---NewPartner--partnerDetailInternal","interaction":{"idSuffix":"inner"}},"wdio_ui5_key":"applicationmanagepartners-display-component---NewPartner--partnerDetailInternal"}]}
RESULT: {"script":"<script> [1562 bytes]","args":[{"selector":{"id":"application-managepartners-display-component---NewPartner--partnerDetailInternal","interaction":{"idSuffix":"inner"}},"wdio_ui5_key":"applicationmanagepartners-display-component---NewPartner--partnerDetailInternal"}]}
RESULT: undefined
COMMAND: POST /session/c0099c8ef87d8f1a9c022bedeb80dcd8/execute/async - {"script":"<script> [776 bytes]","args":[{"enterText":"External partner","selector":{"id":"application-managepartners-display-component---NewPartner--partnerDetailInternal","interaction":{"idSuffix":"inner"}},"clearTextFirst":true,"interactionType":"ENTER_TEXT"}]}
RESULT: {"script":"<script> [776 bytes]","args":[{"enterText":"External partner","selector":{"id":"application-managepartners-display-component---NewPartner--partnerDetailInternal","interaction":{"idSuffix":"inner"}},"clearTextFirst":true,"interactionType":"ENTER_TEXT"}]}
COMMAND: POST /session/c0099c8ef87d8f1a9c022bedeb80dcd8/execute/async - {"script":"<script> [1562 bytes]","args":[{"selector":{"id":"application-managepartners-display-component---NewPartner--partnerDetailsCurrency","interaction":{"idSuffix":"inner"}},"wdio_ui5_key":"applicationmanagepartners-display-component---NewPartner--partnerDetailsCurrency"}]}
RESULT: {"script":"<script> [1562 bytes]","args":[{"selector":{"id":"application-managepartners-display-component---NewPartner--partnerDetailsCurrency","interaction":{"idSuffix":"inner"}},"wdio_ui5_key":"applicationmanagepartners-display-component---NewPartner--partnerDetailsCurrency"}]}
RESULT: undefined
COMMAND: POST /session/c0099c8ef87d8f1a9c022bedeb80dcd8/execute/async - {"script":"<script> [776 bytes]","args":[{"enterText":"Euro","selector":{"id":"application-managepartners-display-component---NewPartner--partnerDetailsCurrency","interaction":{"idSuffix":"inner"}},"clearTextFirst":true,"interactionType":"ENTER_TEXT"}]}
RESULT: {"script":"<script> [776 bytes]","args":[{"enterText":"Euro","selector":{"id":"application-managepartners-display-component---NewPartner--partnerDetailsCurrency","interaction":{"idSuffix":"inner"}},"clearTextFirst":true,"interactionType":"ENTER_TEXT"}]}
COMMAND: POST /session/c0099c8ef87d8f1a9c022bedeb80dcd8/execute/async - {"script":"<script> [1562 bytes]","args":[{"selector":{"controlType":"sap.m.Button","viewName":"etm.portal.ui.managepartners.view.NewPartner","viewId":"application-managepartners-display-component---NewPartner","properties":{"text":"Commercial"},"interaction":{"idSuffix":"BDI-content"}},"wdio_ui5_key":"etmportal.ui.managepartners.view.NewPartnersap.m.Button{\"text\":\"Commercial\"}"}]}
RESULT: {"script":"<script> [1562 bytes]","args":[{"selector":{"controlType":"sap.m.Button","viewName":"etm.portal.ui.managepartners.view.NewPartner","viewId":"application-managepartners-display-component---NewPartner","properties":{"text":"Commercial"},"interaction":{"idSuffix":"BDI-content"}},"wdio_ui5_key":"etmportal.ui.managepartners.view.NewPartnersap.m.Button{\"text\":\"Commercial\"}"}]}
RESULT: undefined
COMMAND: POST /session/c0099c8ef87d8f1a9c022bedeb80dcd8/element - {"using":"xpath","value":"//*[@id=\"application-managepartners-display-component---NewPartner--ObjectPageLayout-anchBar-__section5-anchor\"]"}
RESULT: {"using":"xpath","value":"//*[@id=\"application-managepartners-display-component---NewPartner--ObjectPageLayout-anchBar-__section5-anchor\"]"}
COMMAND: POST /session/c0099c8ef87d8f1a9c022bedeb80dcd8/element/f.37E7500FB3BEF60B72C91044CCDB3F00.d.3924DEEC36B4CB855539F57CAE13BE89.e.1773/click - {}
RESULT: {}
COMMAND: GET /session/c0099c8ef87d8f1a9c022bedeb80dcd8/screenshot - {}
RESULT: {}
COMMAND: POST /session/c0099c8ef87d8f1a9c022bedeb80dcd8/execute/async - {"script":"<script> [1562 bytes]","args":[{"selector":{"id":"application-managepartners-display-component---NewPartner--btnAddTableRow-img"},"wdio_ui5_key":"applicationmanagepartners-display-component---NewPartner--btnAddTableRow-img"}]}
RESULT: {"script":"<script> [1562 bytes]","args":[{"selector":{"id":"application-managepartners-display-component---NewPartner--btnAddTableRow-img"},"wdio_ui5_key":"applicationmanagepartners-display-component---NewPartner--btnAddTableRow-img"}]}
RESULT: undefined
COMMAND: POST /session/c0099c8ef87d8f1a9c022bedeb80dcd8/element - {"using":"xpath","value":"//*[@id=\"application-managepartners-display-component---NewPartner--btnAddTableRow-img\"]"}
RESULT: {"using":"xpath","value":"//*[@id=\"application-managepartners-display-component---NewPartner--btnAddTableRow-img\"]"}
COMMAND: POST /session/c0099c8ef87d8f1a9c022bedeb80dcd8/element/f.37E7500FB3BEF60B72C91044CCDB3F00.d.3924DEEC36B4CB855539F57CAE13BE89.e.1778/click - {}
RESULT: {}
COMMAND: POST /session/c0099c8ef87d8f1a9c022bedeb80dcd8/element - {"using":"xpath","value":"//input[contains(@id ,\"application-managepartners-display-component---NewPartner--assignmentYard-application-managepartners-display-component---NewPartner\")]"}
COMMAND: GET /session/c0099c8ef87d8f1a9c022bedeb80dcd8/screenshot - {}
RESULT: {"using":"xpath","value":"//input[contains(@id ,\"application-managepartners-display-component---NewPartner--assignmentYard-application-managepartners-display-component---NewPartner\")]"}
COMMAND: POST /session/c0099c8ef87d8f1a9c022bedeb80dcd8/elements - {"using":"xpath","value":"//input[contains(@id ,\"application-managepartners-display-component---NewPartner--assignmentYard-application-managepartners-display-component---NewPartner\")]"}
RESULT: {}
RESULT: {"using":"xpath","value":"//input[contains(@id ,\"application-managepartners-display-component---NewPartner--assignmentYard-application-managepartners-display-component---NewPartner\")]"}
COMMAND: POST /session/c0099c8ef87d8f1a9c022bedeb80dcd8/element/f.37E7500FB3BEF60B72C91044CCDB3F00.d.3924DEEC36B4CB855539F57CAE13BE89.e.1781/value - {"text":"506"}
RESULT: {"text":"506"}
COMMAND: GET /session/c0099c8ef87d8f1a9c022bedeb80dcd8/screenshot - {}
RESULT: {}
COMMAND: POST /session/c0099c8ef87d8f1a9c022bedeb80dcd8/actions - {"actions":[{"id":"action5","type":"key","parameters":{},"actions":[{"type":"keyDown","value":"î€‡"},{"type":"pause","duration":10},{"type":"keyUp","value":"î€‡"}]}]}
RESULT: {"actions":[{"id":"action5","type":"key","parameters":{},"actions":[{"type":"keyDown","value":"î€‡"},{"type":"pause","duration":10},{"type":"keyUp","value":"î€‡"}]}]}
COMMAND: POST /session/c0099c8ef87d8f1a9c022bedeb80dcd8/execute/async - {"script":"<script> [1562 bytes]","args":[{"selector":{"controlType":"sap.m.Button","viewName":"etm.portal.ui.managepartners.view.NewPartner","viewId":"application-managepartners-display-component---NewPartner","i18NText":{"propertyName":"text","key":"save"},"interaction":{"idSuffix":"BDI-content"}},"wdio_ui5_key":"etmportal.ui.managepartners.view.NewPartnersap.m.Button{\"propertyName\":\"text\",\"key\":\"save\"}"}]}
COMMAND: GET /session/c0099c8ef87d8f1a9c022bedeb80dcd8/screenshot - {}
RESULT: {"script":"<script> [1562 bytes]","args":[{"selector":{"controlType":"sap.m.Button","viewName":"etm.portal.ui.managepartners.view.NewPartner","viewId":"application-managepartners-display-component---NewPartner","i18NText":{"propertyName":"text","key":"save"},"interaction":{"idSuffix":"BDI-content"}},"wdio_ui5_key":"etmportal.ui.managepartners.view.NewPartnersap.m.Button{\"propertyName\":\"text\",\"key\":\"save\"}"}]}
RESULT: undefined
COMMAND: POST /session/c0099c8ef87d8f1a9c022bedeb80dcd8/element - {"using":"xpath","value":"//*[@id=\"__button10\"]"}
RESULT: {}
RESULT: {"using":"xpath","value":"//*[@id=\"__button10\"]"}
COMMAND: POST /session/c0099c8ef87d8f1a9c022bedeb80dcd8/element/f.37E7500FB3BEF60B72C91044CCDB3F00.d.3924DEEC36B4CB855539F57CAE13BE89.e.1727/click - {}
RESULT: {}
COMMAND: GET /session/c0099c8ef87d8f1a9c022bedeb80dcd8/screenshot - {}
RESULT: {}
COMMAND: POST /session/c0099c8ef87d8f1a9c022bedeb80dcd8/element - {"using":"xpath","value":"//header/div/div[2]/div[2]/span"}
RESULT: {"using":"xpath","value":"//header/div/div[2]/div[2]/span"}
COMMAND: POST /session/c0099c8ef87d8f1a9c022bedeb80dcd8/elements - {"using":"xpath","value":"//header/div/div[2]/div[2]/span"}
RESULT: {"using":"xpath","value":"//header/div/div[2]/div[2]/span"}
COMMAND: POST /session/c0099c8ef87d8f1a9c022bedeb80dcd8/execute/sync - {"script":"<script> [8489 bytes]","args":[{"element-6066-11e4-a52e-4f735466cecf":"f.37E7500FB3BEF60B72C91044CCDB3F00.d.3924DEEC36B4CB855539F57CAE13BE89.e.1953","ELEMENT":"f.37E7500FB3BEF60B72C91044CCDB3F00.d.3924DEEC36B4CB855539F57CAE13BE89.e.1953"}]}
RESULT: {"script":"<script> [8489 bytes]","args":[{"element-6066-11e4-a52e-4f735466cecf":"f.37E7500FB3BEF60B72C91044CCDB3F00.d.3924DEEC36B4CB855539F57CAE13BE89.e.1953","ELEMENT":"f.37E7500FB3BEF60B72C91044CCDB3F00.d.3924DEEC36B4CB855539F57CAE13BE89.e.1953"}]}
COMMAND: GET /session/c0099c8ef87d8f1a9c022bedeb80dcd8/element/f.37E7500FB3BEF60B72C91044CCDB3F00.d.3924DEEC36B4CB855539F57CAE13BE89.e.1953/text - {}
COMMAND: GET /session/c0099c8ef87d8f1a9c022bedeb80dcd8/screenshot - {}
RESULT: {}
COMMAND: POST /session/c0099c8ef87d8f1a9c022bedeb80dcd8/element - {"using":"xpath","value":"//header/div/div/div/div/div/div[2]/div/span"}
RESULT: {}
RESULT: {"using":"xpath","value":"//header/div/div/div/div/div/div[2]/div/span"}
COMMAND: POST /session/c0099c8ef87d8f1a9c022bedeb80dcd8/elements - {"using":"xpath","value":"//header/div/div/div/div/div/div[2]/div/span"}
RESULT: {"using":"xpath","value":"//header/div/div/div/div/div/div[2]/div/span"}
COMMAND: POST /session/c0099c8ef87d8f1a9c022bedeb80dcd8/execute/sync - {"script":"<script> [8489 bytes]","args":[{"element-6066-11e4-a52e-4f735466cecf":"f.37E7500FB3BEF60B72C91044CCDB3F00.d.3924DEEC36B4CB855539F57CAE13BE89.e.1954","ELEMENT":"f.37E7500FB3BEF60B72C91044CCDB3F00.d.3924DEEC36B4CB855539F57CAE13BE89.e.1954"}]}
RESULT: {"script":"<script> [8489 bytes]","args":[{"element-6066-11e4-a52e-4f735466cecf":"f.37E7500FB3BEF60B72C91044CCDB3F00.d.3924DEEC36B4CB855539F57CAE13BE89.e.1954","ELEMENT":"f.37E7500FB3BEF60B72C91044CCDB3F00.d.3924DEEC36B4CB855539F57CAE13BE89.e.1954"}]}
COMMAND: GET /session/c0099c8ef87d8f1a9c022bedeb80dcd8/element/f.37E7500FB3BEF60B72C91044CCDB3F00.d.3924DEEC36B4CB855539F57CAE13BE89.e.1954/text - {}
COMMAND: GET /session/c0099c8ef87d8f1a9c022bedeb80dcd8/screenshot - {}
RESULT: {}
]]></system-out>
    </testcase>
    <testcase classname="chrome.135_0_7049_96.windows.Stock_increase_-_with_WHM_US125587" name="Should create WHM site" time="92.983">
      <system-out><![CDATA[
COMMAND: POST /session/c0099c8ef87d8f1a9c022bedeb80dcd8/element - {"using":"css selector","value":"#shell-header-logo"}
RESULT: {}
RESULT: {"using":"css selector","value":"#shell-header-logo"}
COMMAND: POST /session/c0099c8ef87d8f1a9c022bedeb80dcd8/element/f.37E7500FB3BEF60B72C91044CCDB3F00.d.3924DEEC36B4CB855539F57CAE13BE89.e.1275/click - {}
RESULT: {}
COMMAND: GET /session/c0099c8ef87d8f1a9c022bedeb80dcd8/screenshot - {}
RESULT: {}
COMMAND: POST /session/c0099c8ef87d8f1a9c022bedeb80dcd8/execute/async - {"script":"<script> [1562 bytes]","args":[{"selector":{"controlType":"sap.m.GenericTile","properties":{"header":"Manage Sites"}},"wdio_ui5_key":"sapm.GenericTile{\"header\":\"Manage Sites\"}"}]}
RESULT: {"script":"<script> [1562 bytes]","args":[{"selector":{"controlType":"sap.m.GenericTile","properties":{"header":"Manage Sites"}},"wdio_ui5_key":"sapm.GenericTile{\"header\":\"Manage Sites\"}"}]}
RESULT: undefined
COMMAND: POST /session/c0099c8ef87d8f1a9c022bedeb80dcd8/element - {"using":"xpath","value":"//*[@id=\"__tile51\"]"}
RESULT: {"using":"xpath","value":"//*[@id=\"__tile51\"]"}
COMMAND: POST /session/c0099c8ef87d8f1a9c022bedeb80dcd8/element/f.37E7500FB3BEF60B72C91044CCDB3F00.d.3924DEEC36B4CB855539F57CAE13BE89.e.1968/click - {}
RESULT: {}
COMMAND: GET /session/c0099c8ef87d8f1a9c022bedeb80dcd8/screenshot - {}
RESULT: {}
COMMAND: POST /session/c0099c8ef87d8f1a9c022bedeb80dcd8/execute/async - {"script":"<script> [1562 bytes]","args":[{"selector":{"controlType":"sap.ui.core.Icon","viewName":"etm.portal.ui.managesites.view.Master","viewId":"application-managesites-display-component---masterSite","properties":{"src":{"regex":{"source":"add"}}}},"wdio_ui5_key":"etmportal.ui.managesites.view.Mastersap.ui.core.Icon{\"src\":{\"regex\":{\"source\":\"add\"}}}"}]}
RESULT: {"script":"<script> [1562 bytes]","args":[{"selector":{"controlType":"sap.ui.core.Icon","viewName":"etm.portal.ui.managesites.view.Master","viewId":"application-managesites-display-component---masterSite","properties":{"src":{"regex":{"source":"add"}}}},"wdio_ui5_key":"etmportal.ui.managesites.view.Mastersap.ui.core.Icon{\"src\":{\"regex\":{\"source\":\"add\"}}}"}]}
RESULT: undefined
COMMAND: POST /session/c0099c8ef87d8f1a9c022bedeb80dcd8/element - {"using":"xpath","value":"//*[@id=\"__button52-img\"]"}
RESULT: {"using":"xpath","value":"//*[@id=\"__button52-img\"]"}
COMMAND: POST /session/c0099c8ef87d8f1a9c022bedeb80dcd8/element/f.37E7500FB3BEF60B72C91044CCDB3F00.d.3924DEEC36B4CB855539F57CAE13BE89.e.2015/click - {}
RESULT: {}
COMMAND: GET /session/c0099c8ef87d8f1a9c022bedeb80dcd8/screenshot - {}
RESULT: {}
COMMAND: POST /session/c0099c8ef87d8f1a9c022bedeb80dcd8/execute/async - {"script":"<script> [1562 bytes]","args":[{"selector":{"id":"application-managesites-display-component---NewSite--siteId","interaction":{"idSuffix":"inner"}},"wdio_ui5_key":"applicationmanagesites-display-component---NewSite--siteId"}]}
RESULT: {"script":"<script> [1562 bytes]","args":[{"selector":{"id":"application-managesites-display-component---NewSite--siteId","interaction":{"idSuffix":"inner"}},"wdio_ui5_key":"applicationmanagesites-display-component---NewSite--siteId"}]}
RESULT: undefined
COMMAND: POST /session/c0099c8ef87d8f1a9c022bedeb80dcd8/execute/async - {"script":"<script> [1562 bytes]","args":[{"selector":{"controlType":"sap.m.Button","viewName":"etm.portal.ui.managesites.view.NewSmartSite","viewId":"application-managesites-display-component---NewSite","properties":{"text":"General Information"},"interaction":{"idSuffix":"BDI-content"}},"wdio_ui5_key":"etmportal.ui.managesites.view.NewSmartSitesap.m.Button{\"text\":\"General Information\"}"}]}
RESULT: {"script":"<script> [1562 bytes]","args":[{"selector":{"controlType":"sap.m.Button","viewName":"etm.portal.ui.managesites.view.NewSmartSite","viewId":"application-managesites-display-component---NewSite","properties":{"text":"General Information"},"interaction":{"idSuffix":"BDI-content"}},"wdio_ui5_key":"etmportal.ui.managesites.view.NewSmartSitesap.m.Button{\"text\":\"General Information\"}"}]}
RESULT: undefined
COMMAND: POST /session/c0099c8ef87d8f1a9c022bedeb80dcd8/element - {"using":"xpath","value":"//*[@id=\"application-managesites-display-component---NewSite--ObjectPageLayout-anchBar-__section29-anchor\"]"}
RESULT: {"using":"xpath","value":"//*[@id=\"application-managesites-display-component---NewSite--ObjectPageLayout-anchBar-__section29-anchor\"]"}
COMMAND: POST /session/c0099c8ef87d8f1a9c022bedeb80dcd8/element/f.37E7500FB3BEF60B72C91044CCDB3F00.d.3924DEEC36B4CB855539F57CAE13BE89.e.2414/click - {}
RESULT: {}
COMMAND: POST /session/c0099c8ef87d8f1a9c022bedeb80dcd8/execute/async - {"script":"<script> [1562 bytes]","args":[{"selector":{"id":"application-managesites-display-component---NewSite--addressDetailDetailsName1","interaction":{"idSuffix":"inner"}},"wdio_ui5_key":"applicationmanagesites-display-component---NewSite--addressDetailDetailsName1"}]}
COMMAND: GET /session/c0099c8ef87d8f1a9c022bedeb80dcd8/screenshot - {}
RESULT: {"script":"<script> [1562 bytes]","args":[{"selector":{"id":"application-managesites-display-component---NewSite--addressDetailDetailsName1","interaction":{"idSuffix":"inner"}},"wdio_ui5_key":"applicationmanagesites-display-component---NewSite--addressDetailDetailsName1"}]}
RESULT: undefined
COMMAND: POST /session/c0099c8ef87d8f1a9c022bedeb80dcd8/execute/async - {"script":"<script> [776 bytes]","args":[{"enterText":"WebdriverWHMSitelxalg","selector":{"id":"application-managesites-display-component---NewSite--addressDetailDetailsName1","interaction":{"idSuffix":"inner"}},"clearTextFirst":true,"interactionType":"ENTER_TEXT"}]}
RESULT: {}
RESULT: {"script":"<script> [776 bytes]","args":[{"enterText":"WebdriverWHMSitelxalg","selector":{"id":"application-managesites-display-component---NewSite--addressDetailDetailsName1","interaction":{"idSuffix":"inner"}},"clearTextFirst":true,"interactionType":"ENTER_TEXT"}]}
COMMAND: POST /session/c0099c8ef87d8f1a9c022bedeb80dcd8/execute/async - {"script":"<script> [1562 bytes]","args":[{"selector":{"id":"application-managesites-display-component---NewSite--addressDetailDetailsLanguage","interaction":{"idSuffix":"inner"}},"wdio_ui5_key":"applicationmanagesites-display-component---NewSite--addressDetailDetailsLanguage"}]}
RESULT: {"script":"<script> [1562 bytes]","args":[{"selector":{"id":"application-managesites-display-component---NewSite--addressDetailDetailsLanguage","interaction":{"idSuffix":"inner"}},"wdio_ui5_key":"applicationmanagesites-display-component---NewSite--addressDetailDetailsLanguage"}]}
RESULT: undefined
COMMAND: POST /session/c0099c8ef87d8f1a9c022bedeb80dcd8/execute/async - {"script":"<script> [776 bytes]","args":[{"enterText":"Romanian","selector":{"id":"application-managesites-display-component---NewSite--addressDetailDetailsLanguage","interaction":{"idSuffix":"inner"}},"clearTextFirst":true,"interactionType":"ENTER_TEXT"}]}
RESULT: {"script":"<script> [776 bytes]","args":[{"enterText":"Romanian","selector":{"id":"application-managesites-display-component---NewSite--addressDetailDetailsLanguage","interaction":{"idSuffix":"inner"}},"clearTextFirst":true,"interactionType":"ENTER_TEXT"}]}
COMMAND: POST /session/c0099c8ef87d8f1a9c022bedeb80dcd8/actions - {"actions":[{"id":"action6","type":"key","parameters":{},"actions":[{"type":"keyDown","value":"î€‡"},{"type":"pause","duration":10},{"type":"keyUp","value":"î€‡"}]}]}
RESULT: {"actions":[{"id":"action6","type":"key","parameters":{},"actions":[{"type":"keyDown","value":"î€‡"},{"type":"pause","duration":10},{"type":"keyUp","value":"î€‡"}]}]}
COMMAND: POST /session/c0099c8ef87d8f1a9c022bedeb80dcd8/execute/async - {"script":"<script> [1562 bytes]","args":[{"selector":{"id":"application-managesites-display-component---NewSite--addressDetailDetailsCity1","interaction":{"idSuffix":"inner"}},"wdio_ui5_key":"applicationmanagesites-display-component---NewSite--addressDetailDetailsCity1"}]}
COMMAND: GET /session/c0099c8ef87d8f1a9c022bedeb80dcd8/screenshot - {}
RESULT: {"script":"<script> [1562 bytes]","args":[{"selector":{"id":"application-managesites-display-component---NewSite--addressDetailDetailsCity1","interaction":{"idSuffix":"inner"}},"wdio_ui5_key":"applicationmanagesites-display-component---NewSite--addressDetailDetailsCity1"}]}
RESULT: undefined
COMMAND: POST /session/c0099c8ef87d8f1a9c022bedeb80dcd8/execute/async - {"script":"<script> [776 bytes]","args":[{"enterText":"Bucharest","selector":{"id":"application-managesites-display-component---NewSite--addressDetailDetailsCity1","interaction":{"idSuffix":"inner"}},"clearTextFirst":true,"interactionType":"ENTER_TEXT"}]}
RESULT: {}
RESULT: {"script":"<script> [776 bytes]","args":[{"enterText":"Bucharest","selector":{"id":"application-managesites-display-component---NewSite--addressDetailDetailsCity1","interaction":{"idSuffix":"inner"}},"clearTextFirst":true,"interactionType":"ENTER_TEXT"}]}
COMMAND: POST /session/c0099c8ef87d8f1a9c022bedeb80dcd8/actions - {"actions":[{"id":"action7","type":"key","parameters":{},"actions":[{"type":"keyDown","value":"î€‡"},{"type":"pause","duration":10},{"type":"keyUp","value":"î€‡"}]}]}
RESULT: {"actions":[{"id":"action7","type":"key","parameters":{},"actions":[{"type":"keyDown","value":"î€‡"},{"type":"pause","duration":10},{"type":"keyUp","value":"î€‡"}]}]}
COMMAND: POST /session/c0099c8ef87d8f1a9c022bedeb80dcd8/execute/async - {"script":"<script> [1562 bytes]","args":[{"selector":{"id":"application-managesites-display-component---NewSite--addressDetailDetailsCountry","interaction":{"idSuffix":"inner"}},"wdio_ui5_key":"applicationmanagesites-display-component---NewSite--addressDetailDetailsCountry"}]}
COMMAND: GET /session/c0099c8ef87d8f1a9c022bedeb80dcd8/screenshot - {}
RESULT: {"script":"<script> [1562 bytes]","args":[{"selector":{"id":"application-managesites-display-component---NewSite--addressDetailDetailsCountry","interaction":{"idSuffix":"inner"}},"wdio_ui5_key":"applicationmanagesites-display-component---NewSite--addressDetailDetailsCountry"}]}
RESULT: undefined
COMMAND: POST /session/c0099c8ef87d8f1a9c022bedeb80dcd8/execute/async - {"script":"<script> [6424 bytes]","args":[{"element-6066-11e4-a52e-4f735466cecf":"f.37E7500FB3BEF60B72C91044CCDB3F00.d.3924DEEC36B4CB855539F57CAE13BE89.e.2203"},"setValue",["Romania"]]}
RESULT: {}
RESULT: {"script":"<script> [6424 bytes]","args":[{"element-6066-11e4-a52e-4f735466cecf":"f.37E7500FB3BEF60B72C91044CCDB3F00.d.3924DEEC36B4CB855539F57CAE13BE89.e.2203"},"setValue",["Romania"]]}
COMMAND: POST /session/c0099c8ef87d8f1a9c022bedeb80dcd8/actions - {"actions":[{"id":"action8","type":"key","parameters":{},"actions":[{"type":"keyDown","value":"î€‡"},{"type":"pause","duration":10},{"type":"keyUp","value":"î€‡"}]}]}
RESULT: {"actions":[{"id":"action8","type":"key","parameters":{},"actions":[{"type":"keyDown","value":"î€‡"},{"type":"pause","duration":10},{"type":"keyUp","value":"î€‡"}]}]}
COMMAND: POST /session/c0099c8ef87d8f1a9c022bedeb80dcd8/execute/async - {"script":"<script> [1562 bytes]","args":[{"selector":{"id":"application-managesites-display-component---NewSite--addressDetailDetailsCalendar","interaction":{"idSuffix":"inner"}},"wdio_ui5_key":"applicationmanagesites-display-component---NewSite--addressDetailDetailsCalendar"}]}
COMMAND: GET /session/c0099c8ef87d8f1a9c022bedeb80dcd8/screenshot - {}
RESULT: {"script":"<script> [1562 bytes]","args":[{"selector":{"id":"application-managesites-display-component---NewSite--addressDetailDetailsCalendar","interaction":{"idSuffix":"inner"}},"wdio_ui5_key":"applicationmanagesites-display-component---NewSite--addressDetailDetailsCalendar"}]}
RESULT: undefined
COMMAND: POST /session/c0099c8ef87d8f1a9c022bedeb80dcd8/execute/async - {"script":"<script> [776 bytes]","args":[{"enterText":"Germany","selector":{"id":"application-managesites-display-component---NewSite--addressDetailDetailsCalendar","interaction":{"idSuffix":"inner"}},"clearTextFirst":true,"interactionType":"ENTER_TEXT"}]}
RESULT: {}
RESULT: {"script":"<script> [776 bytes]","args":[{"enterText":"Germany","selector":{"id":"application-managesites-display-component---NewSite--addressDetailDetailsCalendar","interaction":{"idSuffix":"inner"}},"clearTextFirst":true,"interactionType":"ENTER_TEXT"}]}
COMMAND: POST /session/c0099c8ef87d8f1a9c022bedeb80dcd8/actions - {"actions":[{"id":"action9","type":"key","parameters":{},"actions":[{"type":"keyDown","value":"î€‡"},{"type":"pause","duration":10},{"type":"keyUp","value":"î€‡"}]}]}
RESULT: {"actions":[{"id":"action9","type":"key","parameters":{},"actions":[{"type":"keyDown","value":"î€‡"},{"type":"pause","duration":10},{"type":"keyUp","value":"î€‡"}]}]}
COMMAND: POST /session/c0099c8ef87d8f1a9c022bedeb80dcd8/execute/async - {"script":"<script> [1562 bytes]","args":[{"selector":{"id":"application-managesites-display-component---NewSite--addressEditDetailsCostObjectCstType","interaction":{"idSuffix":"inner"}},"wdio_ui5_key":"applicationmanagesites-display-component---NewSite--addressEditDetailsCostObjectCstType"}]}
COMMAND: GET /session/c0099c8ef87d8f1a9c022bedeb80dcd8/screenshot - {}
RESULT: {"script":"<script> [1562 bytes]","args":[{"selector":{"id":"application-managesites-display-component---NewSite--addressEditDetailsCostObjectCstType","interaction":{"idSuffix":"inner"}},"wdio_ui5_key":"applicationmanagesites-display-component---NewSite--addressEditDetailsCostObjectCstType"}]}
RESULT: undefined
COMMAND: POST /session/c0099c8ef87d8f1a9c022bedeb80dcd8/execute/async - {"script":"<script> [776 bytes]","args":[{"enterText":"Cost","selector":{"id":"application-managesites-display-component---NewSite--addressEditDetailsCostObjectCstType","interaction":{"idSuffix":"inner"}},"clearTextFirst":true,"interactionType":"ENTER_TEXT"}]}
RESULT: {}
RESULT: {"script":"<script> [776 bytes]","args":[{"enterText":"Cost","selector":{"id":"application-managesites-display-component---NewSite--addressEditDetailsCostObjectCstType","interaction":{"idSuffix":"inner"}},"clearTextFirst":true,"interactionType":"ENTER_TEXT"}]}
COMMAND: POST /session/c0099c8ef87d8f1a9c022bedeb80dcd8/actions - {"actions":[{"id":"action10","type":"key","parameters":{},"actions":[{"type":"keyDown","value":"î€‡"},{"type":"pause","duration":10},{"type":"keyUp","value":"î€‡"}]}]}
RESULT: {"actions":[{"id":"action10","type":"key","parameters":{},"actions":[{"type":"keyDown","value":"î€‡"},{"type":"pause","duration":10},{"type":"keyUp","value":"î€‡"}]}]}
COMMAND: POST /session/c0099c8ef87d8f1a9c022bedeb80dcd8/execute/async - {"script":"<script> [1562 bytes]","args":[{"selector":{"id":"application-managesites-display-component---NewSite--addressNewCostObjectCstID","interaction":{"idSuffix":"inner"}},"wdio_ui5_key":"applicationmanagesites-display-component---NewSite--addressNewCostObjectCstID"}]}
COMMAND: GET /session/c0099c8ef87d8f1a9c022bedeb80dcd8/screenshot - {}
RESULT: {"script":"<script> [1562 bytes]","args":[{"selector":{"id":"application-managesites-display-component---NewSite--addressNewCostObjectCstID","interaction":{"idSuffix":"inner"}},"wdio_ui5_key":"applicationmanagesites-display-component---NewSite--addressNewCostObjectCstID"}]}
RESULT: undefined
COMMAND: POST /session/c0099c8ef87d8f1a9c022bedeb80dcd8/execute/async - {"script":"<script> [776 bytes]","args":[{"enterText":"1001","selector":{"id":"application-managesites-display-component---NewSite--addressNewCostObjectCstID","interaction":{"idSuffix":"inner"}},"clearTextFirst":true,"interactionType":"ENTER_TEXT"}]}
RESULT: {}
RESULT: {"script":"<script> [776 bytes]","args":[{"enterText":"1001","selector":{"id":"application-managesites-display-component---NewSite--addressNewCostObjectCstID","interaction":{"idSuffix":"inner"}},"clearTextFirst":true,"interactionType":"ENTER_TEXT"}]}
COMMAND: POST /session/c0099c8ef87d8f1a9c022bedeb80dcd8/actions - {"actions":[{"id":"action11","type":"key","parameters":{},"actions":[{"type":"keyDown","value":"î€‡"},{"type":"pause","duration":10},{"type":"keyUp","value":"î€‡"}]}]}
RESULT: {"actions":[{"id":"action11","type":"key","parameters":{},"actions":[{"type":"keyDown","value":"î€‡"},{"type":"pause","duration":10},{"type":"keyUp","value":"î€‡"}]}]}
COMMAND: POST /session/c0099c8ef87d8f1a9c022bedeb80dcd8/element - {"using":"xpath","value":"//input[@id=\"application-managesites-display-component---NewSite--addressDetailDetailsYard-inner\"]"}
COMMAND: GET /session/c0099c8ef87d8f1a9c022bedeb80dcd8/screenshot - {}
RESULT: {"using":"xpath","value":"//input[@id=\"application-managesites-display-component---NewSite--addressDetailDetailsYard-inner\"]"}
COMMAND: POST /session/c0099c8ef87d8f1a9c022bedeb80dcd8/element/f.37E7500FB3BEF60B72C91044CCDB3F00.d.3924DEEC36B4CB855539F57CAE13BE89.e.2214/value - {"text":"506"}
RESULT: {}
RESULT: {"text":"506"}
COMMAND: GET /session/c0099c8ef87d8f1a9c022bedeb80dcd8/screenshot - {}
RESULT: {}
COMMAND: POST /session/c0099c8ef87d8f1a9c022bedeb80dcd8/actions - {"actions":[{"id":"action12","type":"key","parameters":{},"actions":[{"type":"keyDown","value":"î€‡"},{"type":"pause","duration":10},{"type":"keyUp","value":"î€‡"}]}]}
RESULT: {"actions":[{"id":"action12","type":"key","parameters":{},"actions":[{"type":"keyDown","value":"î€‡"},{"type":"pause","duration":10},{"type":"keyUp","value":"î€‡"}]}]}
COMMAND: GET /session/c0099c8ef87d8f1a9c022bedeb80dcd8/screenshot - {}
RESULT: {}
COMMAND: POST /session/c0099c8ef87d8f1a9c022bedeb80dcd8/element - {"using":"xpath","value":"//input[@id=\"application-managesites-display-component---NewSite--addressDetailDetailsPartner-inner\"]"}
RESULT: {"using":"xpath","value":"//input[@id=\"application-managesites-display-component---NewSite--addressDetailDetailsPartner-inner\"]"}
COMMAND: POST /session/c0099c8ef87d8f1a9c022bedeb80dcd8/elements - {"using":"xpath","value":"//input[@id=\"application-managesites-display-component---NewSite--addressDetailDetailsPartner-inner\"]"}
RESULT: {"using":"xpath","value":"//input[@id=\"application-managesites-display-component---NewSite--addressDetailDetailsPartner-inner\"]"}
COMMAND: POST /session/c0099c8ef87d8f1a9c022bedeb80dcd8/execute/async - {"script":"<script> [1562 bytes]","args":[{"selector":{"controlType":"sap.m.Button","viewName":"etm.portal.ui.managesites.view.NewSmartSite","viewId":"application-managesites-display-component---NewSite","properties":{"text":"Commercial"},"interaction":{"idSuffix":"BDI-content"}},"wdio_ui5_key":"etmportal.ui.managesites.view.NewSmartSitesap.m.Button{\"text\":\"Commercial\"}"}]}
RESULT: {"script":"<script> [1562 bytes]","args":[{"selector":{"controlType":"sap.m.Button","viewName":"etm.portal.ui.managesites.view.NewSmartSite","viewId":"application-managesites-display-component---NewSite","properties":{"text":"Commercial"},"interaction":{"idSuffix":"BDI-content"}},"wdio_ui5_key":"etmportal.ui.managesites.view.NewSmartSitesap.m.Button{\"text\":\"Commercial\"}"}]}
RESULT: undefined
COMMAND: POST /session/c0099c8ef87d8f1a9c022bedeb80dcd8/element - {"using":"xpath","value":"//*[@id=\"application-managesites-display-component---NewSite--ObjectPageLayout-anchBar-__section31-anchor\"]"}
RESULT: {"using":"xpath","value":"//*[@id=\"application-managesites-display-component---NewSite--ObjectPageLayout-anchBar-__section31-anchor\"]"}
COMMAND: POST /session/c0099c8ef87d8f1a9c022bedeb80dcd8/element/f.37E7500FB3BEF60B72C91044CCDB3F00.d.3924DEEC36B4CB855539F57CAE13BE89.e.2426/click - {}
RESULT: {}
COMMAND: POST /session/c0099c8ef87d8f1a9c022bedeb80dcd8/execute/async - {"script":"<script> [1562 bytes]","args":[{"selector":{"id":"application-managesites-display-component---NewSite--siteWhmCheckBox-label","interaction":{"idSuffix":"bdi"}},"wdio_ui5_key":"applicationmanagesites-display-component---NewSite--siteWhmCheckBox-label"}]}
COMMAND: GET /session/c0099c8ef87d8f1a9c022bedeb80dcd8/screenshot - {}
RESULT: {"script":"<script> [1562 bytes]","args":[{"selector":{"id":"application-managesites-display-component---NewSite--siteWhmCheckBox-label","interaction":{"idSuffix":"bdi"}},"wdio_ui5_key":"applicationmanagesites-display-component---NewSite--siteWhmCheckBox-label"}]}
RESULT: undefined
COMMAND: POST /session/c0099c8ef87d8f1a9c022bedeb80dcd8/element - {"using":"xpath","value":"//*[@id=\"application-managesites-display-component---NewSite--siteWhmCheckBox-label\"]"}
RESULT: {}
RESULT: {"using":"xpath","value":"//*[@id=\"application-managesites-display-component---NewSite--siteWhmCheckBox-label\"]"}
COMMAND: POST /session/c0099c8ef87d8f1a9c022bedeb80dcd8/element/f.37E7500FB3BEF60B72C91044CCDB3F00.d.3924DEEC36B4CB855539F57CAE13BE89.e.2453/click - {}
RESULT: {}
COMMAND: POST /session/c0099c8ef87d8f1a9c022bedeb80dcd8/execute/async - {"script":"<script> [1562 bytes]","args":[{"selector":{"controlType":"sap.m.Button","viewName":"etm.portal.ui.managesites.view.NewSmartSite","viewId":"application-managesites-display-component---NewSite","i18NText":{"propertyName":"text","key":"save"},"interaction":{"idSuffix":"BDI-content"}},"wdio_ui5_key":"etmportal.ui.managesites.view.NewSmartSitesap.m.Button{\"propertyName\":\"text\",\"key\":\"save\"}"}]}
COMMAND: GET /session/c0099c8ef87d8f1a9c022bedeb80dcd8/screenshot - {}
RESULT: {"script":"<script> [1562 bytes]","args":[{"selector":{"controlType":"sap.m.Button","viewName":"etm.portal.ui.managesites.view.NewSmartSite","viewId":"application-managesites-display-component---NewSite","i18NText":{"propertyName":"text","key":"save"},"interaction":{"idSuffix":"BDI-content"}},"wdio_ui5_key":"etmportal.ui.managesites.view.NewSmartSitesap.m.Button{\"propertyName\":\"text\",\"key\":\"save\"}"}]}
RESULT: undefined
COMMAND: POST /session/c0099c8ef87d8f1a9c022bedeb80dcd8/element - {"using":"xpath","value":"//*[@id=\"__button64\"]"}
RESULT: {}
RESULT: {"using":"xpath","value":"//*[@id=\"__button64\"]"}
COMMAND: POST /session/c0099c8ef87d8f1a9c022bedeb80dcd8/element/f.37E7500FB3BEF60B72C91044CCDB3F00.d.3924DEEC36B4CB855539F57CAE13BE89.e.2399/click - {}
RESULT: {}
COMMAND: GET /session/c0099c8ef87d8f1a9c022bedeb80dcd8/screenshot - {}
RESULT: {}
COMMAND: POST /session/c0099c8ef87d8f1a9c022bedeb80dcd8/element - {"using":"xpath","value":"//header/div/div[2]/div[2]/span"}
RESULT: {"using":"xpath","value":"//header/div/div[2]/div[2]/span"}
COMMAND: GET /session/c0099c8ef87d8f1a9c022bedeb80dcd8/element/f.37E7500FB3BEF60B72C91044CCDB3F00.d.3924DEEC36B4CB855539F57CAE13BE89.e.2653/text - {}
RESULT: {}
COMMAND: POST /session/c0099c8ef87d8f1a9c022bedeb80dcd8/execute/async - {"script":"<script> [1562 bytes]","args":[{"selector":{"id":"application-managesites-display-component---detailSite--addressDetailDetailsYardText"},"wdio_ui5_key":"applicationmanagesites-display-component---detailSite--addressDetailDetailsYardText"}]}
RESULT: {"script":"<script> [1562 bytes]","args":[{"selector":{"id":"application-managesites-display-component---detailSite--addressDetailDetailsYardText"},"wdio_ui5_key":"applicationmanagesites-display-component---detailSite--addressDetailDetailsYardText"}]}
RESULT: undefined
COMMAND: POST /session/c0099c8ef87d8f1a9c022bedeb80dcd8/execute/async - {"script":"<script> [1562 bytes]","args":[{"selector":{"controlType":"sap.m.Label","viewName":"etm.portal.ui.managesites.view.Detail","viewId":"application-managesites-display-component---detailSite","i18NText":{"propertyName":"text","key":"status"}},"wdio_ui5_key":"etmportal.ui.managesites.view.Detailsap.m.Label{\"propertyName\":\"text\",\"key\":\"status\"}"}]}
RESULT: {"script":"<script> [1562 bytes]","args":[{"selector":{"controlType":"sap.m.Label","viewName":"etm.portal.ui.managesites.view.Detail","viewId":"application-managesites-display-component---detailSite","i18NText":{"propertyName":"text","key":"status"}},"wdio_ui5_key":"etmportal.ui.managesites.view.Detailsap.m.Label{\"propertyName\":\"text\",\"key\":\"status\"}"}]}
RESULT: undefined
COMMAND: POST /session/c0099c8ef87d8f1a9c022bedeb80dcd8/execute/async - {"script":"<script> [6424 bytes]","args":[{"element-6066-11e4-a52e-4f735466cecf":"f.37E7500FB3BEF60B72C91044CCDB3F00.d.3924DEEC36B4CB855539F57CAE13BE89.e.2646"},"getText",[]]}
RESULT: {"script":"<script> [6424 bytes]","args":[{"element-6066-11e4-a52e-4f735466cecf":"f.37E7500FB3BEF60B72C91044CCDB3F00.d.3924DEEC36B4CB855539F57CAE13BE89.e.2646"},"getText",[]]}
COMMAND: POST /session/c0099c8ef87d8f1a9c022bedeb80dcd8/execute/async - {"script":"<script> [1562 bytes]","args":[{"selector":{"id":"shell-header","interaction":{"idSuffix":"icon"}},"wdio_ui5_key":"shellheader"}]}
RESULT: {"script":"<script> [1562 bytes]","args":[{"selector":{"id":"shell-header","interaction":{"idSuffix":"icon"}},"wdio_ui5_key":"shellheader"}]}
RESULT: undefined
COMMAND: POST /session/c0099c8ef87d8f1a9c022bedeb80dcd8/element - {"using":"xpath","value":"//*[@id=\"shell-header\"]"}
RESULT: {"using":"xpath","value":"//*[@id=\"shell-header\"]"}
COMMAND: POST /session/c0099c8ef87d8f1a9c022bedeb80dcd8/element/f.37E7500FB3BEF60B72C91044CCDB3F00.d.3924DEEC36B4CB855539F57CAE13BE89.e.2658/click - {}
RESULT: {}
]]></system-out>
    </testcase>
    <testcase classname="chrome.135_0_7049_96.windows.Stock_increase_-_with_WHM_US125587" name="Create WHM material" time="234.225">
      <system-out><![CDATA[
COMMAND: GET /session/c0099c8ef87d8f1a9c022bedeb80dcd8/screenshot - {}
COMMAND: POST /session/c0099c8ef87d8f1a9c022bedeb80dcd8/element - {"using":"css selector","value":"#shell-header-logo"}
RESULT: {}
RESULT: {"using":"css selector","value":"#shell-header-logo"}
COMMAND: POST /session/c0099c8ef87d8f1a9c022bedeb80dcd8/element/f.37E7500FB3BEF60B72C91044CCDB3F00.d.3924DEEC36B4CB855539F57CAE13BE89.e.1971/click - {}
RESULT: {}
COMMAND: GET /session/c0099c8ef87d8f1a9c022bedeb80dcd8/screenshot - {}
RESULT: {}
COMMAND: POST /session/c0099c8ef87d8f1a9c022bedeb80dcd8/execute/async - {"script":"<script> [1562 bytes]","args":[{"selector":{"controlType":"sap.m.GenericTile","properties":{"header":"Manage Resources"}},"wdio_ui5_key":"sapm.GenericTile{\"header\":\"Manage Resources\"}"}]}
RESULT: {"script":"<script> [1562 bytes]","args":[{"selector":{"controlType":"sap.m.GenericTile","properties":{"header":"Manage Resources"}},"wdio_ui5_key":"sapm.GenericTile{\"header\":\"Manage Resources\"}"}]}
RESULT: undefined
COMMAND: POST /session/c0099c8ef87d8f1a9c022bedeb80dcd8/element - {"using":"xpath","value":"//*[@id=\"__tile50\"]"}
RESULT: {"using":"xpath","value":"//*[@id=\"__tile50\"]"}
COMMAND: POST /session/c0099c8ef87d8f1a9c022bedeb80dcd8/element/f.37E7500FB3BEF60B72C91044CCDB3F00.d.3924DEEC36B4CB855539F57CAE13BE89.e.2663/click - {}
RESULT: {}
COMMAND: GET /session/c0099c8ef87d8f1a9c022bedeb80dcd8/screenshot - {}
RESULT: {}
COMMAND: POST /session/c0099c8ef87d8f1a9c022bedeb80dcd8/element - {"using":"xpath","value":"//button[@data-kt=\"addNewRUOverflowToolbarButton\"]"}
RESULT: {"using":"xpath","value":"//button[@data-kt=\"addNewRUOverflowToolbarButton\"]"}
COMMAND: POST /session/c0099c8ef87d8f1a9c022bedeb80dcd8/execute/sync - {"script":"<script> [8489 bytes]","args":[{"element-6066-11e4-a52e-4f735466cecf":"f.37E7500FB3BEF60B72C91044CCDB3F00.d.3924DEEC36B4CB855539F57CAE13BE89.e.2706","ELEMENT":"f.37E7500FB3BEF60B72C91044CCDB3F00.d.3924DEEC36B4CB855539F57CAE13BE89.e.2706"}]}
RESULT: {"script":"<script> [8489 bytes]","args":[{"element-6066-11e4-a52e-4f735466cecf":"f.37E7500FB3BEF60B72C91044CCDB3F00.d.3924DEEC36B4CB855539F57CAE13BE89.e.2706","ELEMENT":"f.37E7500FB3BEF60B72C91044CCDB3F00.d.3924DEEC36B4CB855539F57CAE13BE89.e.2706"}]}
COMMAND: POST /session/c0099c8ef87d8f1a9c022bedeb80dcd8/element/f.37E7500FB3BEF60B72C91044CCDB3F00.d.3924DEEC36B4CB855539F57CAE13BE89.e.2706/click - {}
COMMAND: GET /session/c0099c8ef87d8f1a9c022bedeb80dcd8/screenshot - {}
RESULT: {}
COMMAND: GET /session/c0099c8ef87d8f1a9c022bedeb80dcd8/screenshot - {}
RESULT: {}
RESULT: {}
COMMAND: POST /session/c0099c8ef87d8f1a9c022bedeb80dcd8/execute/async - {"script":"<script> [1562 bytes]","args":[{"selector":{"controlType":"sap.m.ComboBox","viewName":"reusables.view.manageresources.NewResourceUnit","viewId":"application-manageresources-display-component---newResourceUnit","bindingPath":{"path":"","propertyPath":"/RuTypes","modelName":"catalogModel"},"searchOpenDialogs":true},"wdio_ui5_key":"reusablesview.manageresources.NewResourceUnitsap.m.ComboBox{\"path\":\"\",\"propertyPath\":\"/RuTypes\",\"modelName\":\"catalogModel\"}"}]}
RESULT: {"script":"<script> [1562 bytes]","args":[{"selector":{"controlType":"sap.m.ComboBox","viewName":"reusables.view.manageresources.NewResourceUnit","viewId":"application-manageresources-display-component---newResourceUnit","bindingPath":{"path":"","propertyPath":"/RuTypes","modelName":"catalogModel"},"searchOpenDialogs":true},"wdio_ui5_key":"reusablesview.manageresources.NewResourceUnitsap.m.ComboBox{\"path\":\"\",\"propertyPath\":\"/RuTypes\",\"modelName\":\"catalogModel\"}"}]}
RESULT: undefined
COMMAND: POST /session/c0099c8ef87d8f1a9c022bedeb80dcd8/execute/async - {"script":"<script> [1562 bytes]","args":[{"selector":{"controlType":"sap.m.ComboBox","viewName":"reusables.view.manageresources.NewResourceUnit","viewId":"application-manageresources-display-component---newResourceUnit","bindingPath":{"path":"","propertyPath":"/Yards","modelName":"catalogModel"},"searchOpenDialogs":true},"wdio_ui5_key":"reusablesview.manageresources.NewResourceUnitsap.m.ComboBox{\"path\":\"\",\"propertyPath\":\"/Yards\",\"modelName\":\"catalogModel\"}"}]}
RESULT: {"script":"<script> [1562 bytes]","args":[{"selector":{"controlType":"sap.m.ComboBox","viewName":"reusables.view.manageresources.NewResourceUnit","viewId":"application-manageresources-display-component---newResourceUnit","bindingPath":{"path":"","propertyPath":"/Yards","modelName":"catalogModel"},"searchOpenDialogs":true},"wdio_ui5_key":"reusablesview.manageresources.NewResourceUnitsap.m.ComboBox{\"path\":\"\",\"propertyPath\":\"/Yards\",\"modelName\":\"catalogModel\"}"}]}
RESULT: undefined
COMMAND: POST /session/c0099c8ef87d8f1a9c022bedeb80dcd8/execute/async - {"script":"<script> [1562 bytes]","args":[{"selector":{"controlType":"etm.portal.ui.reusables.customControls.LiveSearchComboBox","viewName":"reusables.view.manageresources.NewResourceUnit","viewId":"application-manageresources-display-component---newResourceUnit","bindingPath":{"path":"","propertyPath":"/CatalogItems","modelName":"catalogModel"},"searchOpenDialogs":true},"wdio_ui5_key":"reusablesview.manageresources.NewResourceUnitetm.portal.ui.reusables.customControls.LiveSearchComboBox{\"path\":\"\",\"propertyPath\":\"/CatalogItems\",\"modelName\":\"catalogModel\"}"}]}
RESULT: {"script":"<script> [1562 bytes]","args":[{"selector":{"controlType":"etm.portal.ui.reusables.customControls.LiveSearchComboBox","viewName":"reusables.view.manageresources.NewResourceUnit","viewId":"application-manageresources-display-component---newResourceUnit","bindingPath":{"path":"","propertyPath":"/CatalogItems","modelName":"catalogModel"},"searchOpenDialogs":true},"wdio_ui5_key":"reusablesview.manageresources.NewResourceUnitetm.portal.ui.reusables.customControls.LiveSearchComboBox{\"path\":\"\",\"propertyPath\":\"/CatalogItems\",\"modelName\":\"catalogModel\"}"}]}
RESULT: undefined
COMMAND: POST /session/c0099c8ef87d8f1a9c022bedeb80dcd8/element - {"using":"xpath","value":"//bdi[text()=\"OK\"]"}
RESULT: {"using":"xpath","value":"//bdi[text()=\"OK\"]"}
COMMAND: POST /session/c0099c8ef87d8f1a9c022bedeb80dcd8/elements - {"using":"xpath","value":"//bdi[text()=\"OK\"]"}
RESULT: {"using":"xpath","value":"//bdi[text()=\"OK\"]"}
COMMAND: POST /session/c0099c8ef87d8f1a9c022bedeb80dcd8/elements - {"using":"xpath","value":"//bdi[text()=\"OK\"]"}
RESULT: {"using":"xpath","value":"//bdi[text()=\"OK\"]"}
COMMAND: POST /session/c0099c8ef87d8f1a9c022bedeb80dcd8/elements - {"using":"xpath","value":"//bdi[text()=\"OK\"]"}
RESULT: {"using":"xpath","value":"//bdi[text()=\"OK\"]"}
COMMAND: POST /session/c0099c8ef87d8f1a9c022bedeb80dcd8/elements - {"using":"xpath","value":"//bdi[text()=\"OK\"]"}
RESULT: {"using":"xpath","value":"//bdi[text()=\"OK\"]"}
COMMAND: POST /session/c0099c8ef87d8f1a9c022bedeb80dcd8/elements - {"using":"xpath","value":"//bdi[text()=\"OK\"]"}
RESULT: {"using":"xpath","value":"//bdi[text()=\"OK\"]"}
COMMAND: POST /session/c0099c8ef87d8f1a9c022bedeb80dcd8/elements - {"using":"xpath","value":"//bdi[text()=\"OK\"]"}
RESULT: {"using":"xpath","value":"//bdi[text()=\"OK\"]"}
COMMAND: POST /session/c0099c8ef87d8f1a9c022bedeb80dcd8/elements - {"using":"xpath","value":"//bdi[text()=\"OK\"]"}
RESULT: {"using":"xpath","value":"//bdi[text()=\"OK\"]"}
COMMAND: POST /session/c0099c8ef87d8f1a9c022bedeb80dcd8/elements - {"using":"xpath","value":"//bdi[text()=\"OK\"]"}
RESULT: {"using":"xpath","value":"//bdi[text()=\"OK\"]"}
COMMAND: POST /session/c0099c8ef87d8f1a9c022bedeb80dcd8/elements - {"using":"xpath","value":"//bdi[text()=\"OK\"]"}
RESULT: {"using":"xpath","value":"//bdi[text()=\"OK\"]"}
COMMAND: POST /session/c0099c8ef87d8f1a9c022bedeb80dcd8/elements - {"using":"xpath","value":"//bdi[text()=\"OK\"]"}
RESULT: {"using":"xpath","value":"//bdi[text()=\"OK\"]"}
COMMAND: POST /session/c0099c8ef87d8f1a9c022bedeb80dcd8/elements - {"using":"xpath","value":"//bdi[text()=\"OK\"]"}
RESULT: {"using":"xpath","value":"//bdi[text()=\"OK\"]"}
COMMAND: POST /session/c0099c8ef87d8f1a9c022bedeb80dcd8/elements - {"using":"xpath","value":"//bdi[text()=\"OK\"]"}
RESULT: {"using":"xpath","value":"//bdi[text()=\"OK\"]"}
COMMAND: POST /session/c0099c8ef87d8f1a9c022bedeb80dcd8/elements - {"using":"xpath","value":"//bdi[text()=\"OK\"]"}
RESULT: {"using":"xpath","value":"//bdi[text()=\"OK\"]"}
COMMAND: POST /session/c0099c8ef87d8f1a9c022bedeb80dcd8/elements - {"using":"xpath","value":"//bdi[text()=\"OK\"]"}
RESULT: {"using":"xpath","value":"//bdi[text()=\"OK\"]"}
COMMAND: POST /session/c0099c8ef87d8f1a9c022bedeb80dcd8/elements - {"using":"xpath","value":"//bdi[text()=\"OK\"]"}
RESULT: {"using":"xpath","value":"//bdi[text()=\"OK\"]"}
COMMAND: POST /session/c0099c8ef87d8f1a9c022bedeb80dcd8/elements - {"using":"xpath","value":"//bdi[text()=\"OK\"]"}
RESULT: {"using":"xpath","value":"//bdi[text()=\"OK\"]"}
COMMAND: POST /session/c0099c8ef87d8f1a9c022bedeb80dcd8/elements - {"using":"xpath","value":"//bdi[text()=\"OK\"]"}
RESULT: {"using":"xpath","value":"//bdi[text()=\"OK\"]"}
COMMAND: POST /session/c0099c8ef87d8f1a9c022bedeb80dcd8/elements - {"using":"xpath","value":"//bdi[text()=\"OK\"]"}
RESULT: {"using":"xpath","value":"//bdi[text()=\"OK\"]"}
COMMAND: POST /session/c0099c8ef87d8f1a9c022bedeb80dcd8/elements - {"using":"xpath","value":"//bdi[text()=\"OK\"]"}
RESULT: {"using":"xpath","value":"//bdi[text()=\"OK\"]"}
COMMAND: POST /session/c0099c8ef87d8f1a9c022bedeb80dcd8/elements - {"using":"xpath","value":"//bdi[text()=\"OK\"]"}
RESULT: {"using":"xpath","value":"//bdi[text()=\"OK\"]"}
COMMAND: POST /session/c0099c8ef87d8f1a9c022bedeb80dcd8/elements - {"using":"xpath","value":"//bdi[text()=\"OK\"]"}
RESULT: {"using":"xpath","value":"//bdi[text()=\"OK\"]"}
COMMAND: POST /session/c0099c8ef87d8f1a9c022bedeb80dcd8/elements - {"using":"xpath","value":"//bdi[text()=\"OK\"]"}
RESULT: {"using":"xpath","value":"//bdi[text()=\"OK\"]"}
COMMAND: POST /session/c0099c8ef87d8f1a9c022bedeb80dcd8/elements - {"using":"xpath","value":"//bdi[text()=\"OK\"]"}
RESULT: {"using":"xpath","value":"//bdi[text()=\"OK\"]"}
COMMAND: POST /session/c0099c8ef87d8f1a9c022bedeb80dcd8/elements - {"using":"xpath","value":"//bdi[text()=\"OK\"]"}
RESULT: {"using":"xpath","value":"//bdi[text()=\"OK\"]"}
COMMAND: POST /session/c0099c8ef87d8f1a9c022bedeb80dcd8/elements - {"using":"xpath","value":"//bdi[text()=\"OK\"]"}
RESULT: {"using":"xpath","value":"//bdi[text()=\"OK\"]"}
COMMAND: POST /session/c0099c8ef87d8f1a9c022bedeb80dcd8/elements - {"using":"xpath","value":"//bdi[text()=\"OK\"]"}
RESULT: {"using":"xpath","value":"//bdi[text()=\"OK\"]"}
COMMAND: POST /session/c0099c8ef87d8f1a9c022bedeb80dcd8/elements - {"using":"xpath","value":"//bdi[text()=\"OK\"]"}
RESULT: {"using":"xpath","value":"//bdi[text()=\"OK\"]"}
COMMAND: POST /session/c0099c8ef87d8f1a9c022bedeb80dcd8/elements - {"using":"xpath","value":"//bdi[text()=\"OK\"]"}
RESULT: {"using":"xpath","value":"//bdi[text()=\"OK\"]"}
COMMAND: POST /session/c0099c8ef87d8f1a9c022bedeb80dcd8/elements - {"using":"xpath","value":"//bdi[text()=\"OK\"]"}
RESULT: {"using":"xpath","value":"//bdi[text()=\"OK\"]"}
COMMAND: POST /session/c0099c8ef87d8f1a9c022bedeb80dcd8/elements - {"using":"xpath","value":"//bdi[text()=\"OK\"]"}
RESULT: {"using":"xpath","value":"//bdi[text()=\"OK\"]"}
COMMAND: POST /session/c0099c8ef87d8f1a9c022bedeb80dcd8/elements - {"using":"xpath","value":"//bdi[text()=\"OK\"]"}
RESULT: {"using":"xpath","value":"//bdi[text()=\"OK\"]"}
COMMAND: POST /session/c0099c8ef87d8f1a9c022bedeb80dcd8/elements - {"using":"xpath","value":"//bdi[text()=\"OK\"]"}
RESULT: {"using":"xpath","value":"//bdi[text()=\"OK\"]"}
COMMAND: POST /session/c0099c8ef87d8f1a9c022bedeb80dcd8/elements - {"using":"xpath","value":"//bdi[text()=\"OK\"]"}
RESULT: {"using":"xpath","value":"//bdi[text()=\"OK\"]"}
COMMAND: POST /session/c0099c8ef87d8f1a9c022bedeb80dcd8/elements - {"using":"xpath","value":"//bdi[text()=\"OK\"]"}
RESULT: {"using":"xpath","value":"//bdi[text()=\"OK\"]"}
COMMAND: POST /session/c0099c8ef87d8f1a9c022bedeb80dcd8/elements - {"using":"xpath","value":"//bdi[text()=\"OK\"]"}
RESULT: {"using":"xpath","value":"//bdi[text()=\"OK\"]"}
COMMAND: POST /session/c0099c8ef87d8f1a9c022bedeb80dcd8/elements - {"using":"xpath","value":"//bdi[text()=\"OK\"]"}
RESULT: {"using":"xpath","value":"//bdi[text()=\"OK\"]"}
COMMAND: POST /session/c0099c8ef87d8f1a9c022bedeb80dcd8/elements - {"using":"xpath","value":"//bdi[text()=\"OK\"]"}
RESULT: {"using":"xpath","value":"//bdi[text()=\"OK\"]"}
COMMAND: POST /session/c0099c8ef87d8f1a9c022bedeb80dcd8/elements - {"using":"xpath","value":"//bdi[text()=\"OK\"]"}
RESULT: {"using":"xpath","value":"//bdi[text()=\"OK\"]"}
COMMAND: POST /session/c0099c8ef87d8f1a9c022bedeb80dcd8/elements - {"using":"xpath","value":"//bdi[text()=\"OK\"]"}
RESULT: {"using":"xpath","value":"//bdi[text()=\"OK\"]"}
COMMAND: POST /session/c0099c8ef87d8f1a9c022bedeb80dcd8/elements - {"using":"xpath","value":"//bdi[text()=\"OK\"]"}
RESULT: {"using":"xpath","value":"//bdi[text()=\"OK\"]"}
COMMAND: POST /session/c0099c8ef87d8f1a9c022bedeb80dcd8/elements - {"using":"xpath","value":"//bdi[text()=\"OK\"]"}
RESULT: {"using":"xpath","value":"//bdi[text()=\"OK\"]"}
COMMAND: POST /session/c0099c8ef87d8f1a9c022bedeb80dcd8/elements - {"using":"xpath","value":"//bdi[text()=\"OK\"]"}
RESULT: {"using":"xpath","value":"//bdi[text()=\"OK\"]"}
COMMAND: POST /session/c0099c8ef87d8f1a9c022bedeb80dcd8/elements - {"using":"xpath","value":"//bdi[text()=\"OK\"]"}
RESULT: {"using":"xpath","value":"//bdi[text()=\"OK\"]"}
COMMAND: POST /session/c0099c8ef87d8f1a9c022bedeb80dcd8/elements - {"using":"xpath","value":"//bdi[text()=\"OK\"]"}
RESULT: {"using":"xpath","value":"//bdi[text()=\"OK\"]"}
COMMAND: POST /session/c0099c8ef87d8f1a9c022bedeb80dcd8/elements - {"using":"xpath","value":"//bdi[text()=\"OK\"]"}
RESULT: {"using":"xpath","value":"//bdi[text()=\"OK\"]"}
COMMAND: POST /session/c0099c8ef87d8f1a9c022bedeb80dcd8/elements - {"using":"xpath","value":"//bdi[text()=\"OK\"]"}
RESULT: {"using":"xpath","value":"//bdi[text()=\"OK\"]"}
COMMAND: POST /session/c0099c8ef87d8f1a9c022bedeb80dcd8/elements - {"using":"xpath","value":"//bdi[text()=\"OK\"]"}
RESULT: {"using":"xpath","value":"//bdi[text()=\"OK\"]"}
COMMAND: POST /session/c0099c8ef87d8f1a9c022bedeb80dcd8/elements - {"using":"xpath","value":"//bdi[text()=\"OK\"]"}
RESULT: {"using":"xpath","value":"//bdi[text()=\"OK\"]"}
COMMAND: POST /session/c0099c8ef87d8f1a9c022bedeb80dcd8/elements - {"using":"xpath","value":"//bdi[text()=\"OK\"]"}
RESULT: {"using":"xpath","value":"//bdi[text()=\"OK\"]"}
COMMAND: POST /session/c0099c8ef87d8f1a9c022bedeb80dcd8/elements - {"using":"xpath","value":"//bdi[text()=\"OK\"]"}
RESULT: {"using":"xpath","value":"//bdi[text()=\"OK\"]"}
COMMAND: POST /session/c0099c8ef87d8f1a9c022bedeb80dcd8/elements - {"using":"xpath","value":"//bdi[text()=\"OK\"]"}
RESULT: {"using":"xpath","value":"//bdi[text()=\"OK\"]"}
COMMAND: POST /session/c0099c8ef87d8f1a9c022bedeb80dcd8/elements - {"using":"xpath","value":"//bdi[text()=\"OK\"]"}
RESULT: {"using":"xpath","value":"//bdi[text()=\"OK\"]"}
COMMAND: POST /session/c0099c8ef87d8f1a9c022bedeb80dcd8/elements - {"using":"xpath","value":"//bdi[text()=\"OK\"]"}
RESULT: {"using":"xpath","value":"//bdi[text()=\"OK\"]"}
COMMAND: POST /session/c0099c8ef87d8f1a9c022bedeb80dcd8/elements - {"using":"xpath","value":"//bdi[text()=\"OK\"]"}
RESULT: {"using":"xpath","value":"//bdi[text()=\"OK\"]"}
COMMAND: POST /session/c0099c8ef87d8f1a9c022bedeb80dcd8/elements - {"using":"xpath","value":"//bdi[text()=\"OK\"]"}
RESULT: {"using":"xpath","value":"//bdi[text()=\"OK\"]"}
COMMAND: POST /session/c0099c8ef87d8f1a9c022bedeb80dcd8/elements - {"using":"xpath","value":"//bdi[text()=\"OK\"]"}
RESULT: {"using":"xpath","value":"//bdi[text()=\"OK\"]"}
COMMAND: POST /session/c0099c8ef87d8f1a9c022bedeb80dcd8/elements - {"using":"xpath","value":"//bdi[text()=\"OK\"]"}
RESULT: {"using":"xpath","value":"//bdi[text()=\"OK\"]"}
COMMAND: POST /session/c0099c8ef87d8f1a9c022bedeb80dcd8/elements - {"using":"xpath","value":"//bdi[text()=\"OK\"]"}
RESULT: {"using":"xpath","value":"//bdi[text()=\"OK\"]"}
COMMAND: POST /session/c0099c8ef87d8f1a9c022bedeb80dcd8/elements - {"using":"xpath","value":"//bdi[text()=\"OK\"]"}
RESULT: {"using":"xpath","value":"//bdi[text()=\"OK\"]"}
COMMAND: POST /session/c0099c8ef87d8f1a9c022bedeb80dcd8/elements - {"using":"xpath","value":"//bdi[text()=\"OK\"]"}
RESULT: {"using":"xpath","value":"//bdi[text()=\"OK\"]"}
COMMAND: POST /session/c0099c8ef87d8f1a9c022bedeb80dcd8/elements - {"using":"xpath","value":"//bdi[text()=\"OK\"]"}
RESULT: {"using":"xpath","value":"//bdi[text()=\"OK\"]"}
COMMAND: POST /session/c0099c8ef87d8f1a9c022bedeb80dcd8/elements - {"using":"xpath","value":"//bdi[text()=\"OK\"]"}
RESULT: {"using":"xpath","value":"//bdi[text()=\"OK\"]"}
COMMAND: POST /session/c0099c8ef87d8f1a9c022bedeb80dcd8/elements - {"using":"xpath","value":"//bdi[text()=\"OK\"]"}
RESULT: {"using":"xpath","value":"//bdi[text()=\"OK\"]"}
COMMAND: POST /session/c0099c8ef87d8f1a9c022bedeb80dcd8/elements - {"using":"xpath","value":"//bdi[text()=\"OK\"]"}
RESULT: {"using":"xpath","value":"//bdi[text()=\"OK\"]"}
COMMAND: POST /session/c0099c8ef87d8f1a9c022bedeb80dcd8/elements - {"using":"xpath","value":"//bdi[text()=\"OK\"]"}
RESULT: {"using":"xpath","value":"//bdi[text()=\"OK\"]"}
COMMAND: POST /session/c0099c8ef87d8f1a9c022bedeb80dcd8/elements - {"using":"xpath","value":"//bdi[text()=\"OK\"]"}
RESULT: {"using":"xpath","value":"//bdi[text()=\"OK\"]"}
COMMAND: POST /session/c0099c8ef87d8f1a9c022bedeb80dcd8/elements - {"using":"xpath","value":"//bdi[text()=\"OK\"]"}
RESULT: {"using":"xpath","value":"//bdi[text()=\"OK\"]"}
COMMAND: POST /session/c0099c8ef87d8f1a9c022bedeb80dcd8/elements - {"using":"xpath","value":"//bdi[text()=\"OK\"]"}
RESULT: {"using":"xpath","value":"//bdi[text()=\"OK\"]"}
COMMAND: POST /session/c0099c8ef87d8f1a9c022bedeb80dcd8/elements - {"using":"xpath","value":"//bdi[text()=\"OK\"]"}
RESULT: {"using":"xpath","value":"//bdi[text()=\"OK\"]"}
COMMAND: POST /session/c0099c8ef87d8f1a9c022bedeb80dcd8/elements - {"using":"xpath","value":"//bdi[text()=\"OK\"]"}
RESULT: {"using":"xpath","value":"//bdi[text()=\"OK\"]"}
COMMAND: POST /session/c0099c8ef87d8f1a9c022bedeb80dcd8/elements - {"using":"xpath","value":"//bdi[text()=\"OK\"]"}
RESULT: {"using":"xpath","value":"//bdi[text()=\"OK\"]"}
COMMAND: POST /session/c0099c8ef87d8f1a9c022bedeb80dcd8/elements - {"using":"xpath","value":"//bdi[text()=\"OK\"]"}
RESULT: {"using":"xpath","value":"//bdi[text()=\"OK\"]"}
COMMAND: POST /session/c0099c8ef87d8f1a9c022bedeb80dcd8/elements - {"using":"xpath","value":"//bdi[text()=\"OK\"]"}
RESULT: {"using":"xpath","value":"//bdi[text()=\"OK\"]"}
COMMAND: POST /session/c0099c8ef87d8f1a9c022bedeb80dcd8/elements - {"using":"xpath","value":"//bdi[text()=\"OK\"]"}
RESULT: {"using":"xpath","value":"//bdi[text()=\"OK\"]"}
COMMAND: POST /session/c0099c8ef87d8f1a9c022bedeb80dcd8/elements - {"using":"xpath","value":"//bdi[text()=\"OK\"]"}
RESULT: {"using":"xpath","value":"//bdi[text()=\"OK\"]"}
COMMAND: POST /session/c0099c8ef87d8f1a9c022bedeb80dcd8/elements - {"using":"xpath","value":"//bdi[text()=\"OK\"]"}
RESULT: {"using":"xpath","value":"//bdi[text()=\"OK\"]"}
COMMAND: POST /session/c0099c8ef87d8f1a9c022bedeb80dcd8/elements - {"using":"xpath","value":"//bdi[text()=\"OK\"]"}
RESULT: {"using":"xpath","value":"//bdi[text()=\"OK\"]"}
COMMAND: POST /session/c0099c8ef87d8f1a9c022bedeb80dcd8/elements - {"using":"xpath","value":"//bdi[text()=\"OK\"]"}
RESULT: {"using":"xpath","value":"//bdi[text()=\"OK\"]"}
COMMAND: POST /session/c0099c8ef87d8f1a9c022bedeb80dcd8/elements - {"using":"xpath","value":"//bdi[text()=\"OK\"]"}
RESULT: {"using":"xpath","value":"//bdi[text()=\"OK\"]"}
COMMAND: POST /session/c0099c8ef87d8f1a9c022bedeb80dcd8/elements - {"using":"xpath","value":"//bdi[text()=\"OK\"]"}
RESULT: {"using":"xpath","value":"//bdi[text()=\"OK\"]"}
COMMAND: POST /session/c0099c8ef87d8f1a9c022bedeb80dcd8/elements - {"using":"xpath","value":"//bdi[text()=\"OK\"]"}
RESULT: {"using":"xpath","value":"//bdi[text()=\"OK\"]"}
COMMAND: POST /session/c0099c8ef87d8f1a9c022bedeb80dcd8/elements - {"using":"xpath","value":"//bdi[text()=\"OK\"]"}
RESULT: {"using":"xpath","value":"//bdi[text()=\"OK\"]"}
COMMAND: POST /session/c0099c8ef87d8f1a9c022bedeb80dcd8/elements - {"using":"xpath","value":"//bdi[text()=\"OK\"]"}
RESULT: {"using":"xpath","value":"//bdi[text()=\"OK\"]"}
COMMAND: POST /session/c0099c8ef87d8f1a9c022bedeb80dcd8/elements - {"using":"xpath","value":"//bdi[text()=\"OK\"]"}
RESULT: {"using":"xpath","value":"//bdi[text()=\"OK\"]"}
COMMAND: POST /session/c0099c8ef87d8f1a9c022bedeb80dcd8/elements - {"using":"xpath","value":"//bdi[text()=\"OK\"]"}
RESULT: {"using":"xpath","value":"//bdi[text()=\"OK\"]"}
COMMAND: POST /session/c0099c8ef87d8f1a9c022bedeb80dcd8/elements - {"using":"xpath","value":"//bdi[text()=\"OK\"]"}
RESULT: {"using":"xpath","value":"//bdi[text()=\"OK\"]"}
COMMAND: POST /session/c0099c8ef87d8f1a9c022bedeb80dcd8/elements - {"using":"xpath","value":"//bdi[text()=\"OK\"]"}
RESULT: {"using":"xpath","value":"//bdi[text()=\"OK\"]"}
COMMAND: POST /session/c0099c8ef87d8f1a9c022bedeb80dcd8/elements - {"using":"xpath","value":"//bdi[text()=\"OK\"]"}
RESULT: {"using":"xpath","value":"//bdi[text()=\"OK\"]"}
COMMAND: POST /session/c0099c8ef87d8f1a9c022bedeb80dcd8/elements - {"using":"xpath","value":"//bdi[text()=\"OK\"]"}
RESULT: {"using":"xpath","value":"//bdi[text()=\"OK\"]"}
COMMAND: POST /session/c0099c8ef87d8f1a9c022bedeb80dcd8/elements - {"using":"xpath","value":"//bdi[text()=\"OK\"]"}
RESULT: {"using":"xpath","value":"//bdi[text()=\"OK\"]"}
COMMAND: POST /session/c0099c8ef87d8f1a9c022bedeb80dcd8/elements - {"using":"xpath","value":"//bdi[text()=\"OK\"]"}
RESULT: {"using":"xpath","value":"//bdi[text()=\"OK\"]"}
COMMAND: POST /session/c0099c8ef87d8f1a9c022bedeb80dcd8/elements - {"using":"xpath","value":"//bdi[text()=\"OK\"]"}
RESULT: {"using":"xpath","value":"//bdi[text()=\"OK\"]"}
COMMAND: POST /session/c0099c8ef87d8f1a9c022bedeb80dcd8/elements - {"using":"xpath","value":"//bdi[text()=\"OK\"]"}
RESULT: {"using":"xpath","value":"//bdi[text()=\"OK\"]"}
COMMAND: POST /session/c0099c8ef87d8f1a9c022bedeb80dcd8/elements - {"using":"xpath","value":"//bdi[text()=\"OK\"]"}
RESULT: {"using":"xpath","value":"//bdi[text()=\"OK\"]"}
COMMAND: POST /session/c0099c8ef87d8f1a9c022bedeb80dcd8/elements - {"using":"xpath","value":"//bdi[text()=\"OK\"]"}
RESULT: {"using":"xpath","value":"//bdi[text()=\"OK\"]"}
COMMAND: POST /session/c0099c8ef87d8f1a9c022bedeb80dcd8/elements - {"using":"xpath","value":"//bdi[text()=\"OK\"]"}
RESULT: {"using":"xpath","value":"//bdi[text()=\"OK\"]"}
COMMAND: POST /session/c0099c8ef87d8f1a9c022bedeb80dcd8/elements - {"using":"xpath","value":"//bdi[text()=\"OK\"]"}
RESULT: {"using":"xpath","value":"//bdi[text()=\"OK\"]"}
COMMAND: POST /session/c0099c8ef87d8f1a9c022bedeb80dcd8/elements - {"using":"xpath","value":"//bdi[text()=\"OK\"]"}
RESULT: {"using":"xpath","value":"//bdi[text()=\"OK\"]"}
COMMAND: POST /session/c0099c8ef87d8f1a9c022bedeb80dcd8/elements - {"using":"xpath","value":"//bdi[text()=\"OK\"]"}
RESULT: {"using":"xpath","value":"//bdi[text()=\"OK\"]"}
COMMAND: POST /session/c0099c8ef87d8f1a9c022bedeb80dcd8/elements - {"using":"xpath","value":"//bdi[text()=\"OK\"]"}
RESULT: {"using":"xpath","value":"//bdi[text()=\"OK\"]"}
COMMAND: POST /session/c0099c8ef87d8f1a9c022bedeb80dcd8/elements - {"using":"xpath","value":"//bdi[text()=\"OK\"]"}
RESULT: {"using":"xpath","value":"//bdi[text()=\"OK\"]"}
COMMAND: POST /session/c0099c8ef87d8f1a9c022bedeb80dcd8/elements - {"using":"xpath","value":"//bdi[text()=\"OK\"]"}
RESULT: {"using":"xpath","value":"//bdi[text()=\"OK\"]"}
COMMAND: POST /session/c0099c8ef87d8f1a9c022bedeb80dcd8/elements - {"using":"xpath","value":"//bdi[text()=\"OK\"]"}
RESULT: {"using":"xpath","value":"//bdi[text()=\"OK\"]"}
COMMAND: POST /session/c0099c8ef87d8f1a9c022bedeb80dcd8/elements - {"using":"xpath","value":"//bdi[text()=\"OK\"]"}
RESULT: {"using":"xpath","value":"//bdi[text()=\"OK\"]"}
COMMAND: POST /session/c0099c8ef87d8f1a9c022bedeb80dcd8/elements - {"using":"xpath","value":"//bdi[text()=\"OK\"]"}
RESULT: {"using":"xpath","value":"//bdi[text()=\"OK\"]"}
COMMAND: POST /session/c0099c8ef87d8f1a9c022bedeb80dcd8/elements - {"using":"xpath","value":"//bdi[text()=\"OK\"]"}
RESULT: {"using":"xpath","value":"//bdi[text()=\"OK\"]"}
COMMAND: POST /session/c0099c8ef87d8f1a9c022bedeb80dcd8/elements - {"using":"xpath","value":"//bdi[text()=\"OK\"]"}
RESULT: {"using":"xpath","value":"//bdi[text()=\"OK\"]"}
COMMAND: POST /session/c0099c8ef87d8f1a9c022bedeb80dcd8/elements - {"using":"xpath","value":"//bdi[text()=\"OK\"]"}
RESULT: {"using":"xpath","value":"//bdi[text()=\"OK\"]"}
COMMAND: POST /session/c0099c8ef87d8f1a9c022bedeb80dcd8/elements - {"using":"xpath","value":"//bdi[text()=\"OK\"]"}
RESULT: {"using":"xpath","value":"//bdi[text()=\"OK\"]"}
COMMAND: POST /session/c0099c8ef87d8f1a9c022bedeb80dcd8/elements - {"using":"xpath","value":"//bdi[text()=\"OK\"]"}
RESULT: {"using":"xpath","value":"//bdi[text()=\"OK\"]"}
COMMAND: POST /session/c0099c8ef87d8f1a9c022bedeb80dcd8/elements - {"using":"xpath","value":"//bdi[text()=\"OK\"]"}
RESULT: {"using":"xpath","value":"//bdi[text()=\"OK\"]"}
COMMAND: POST /session/c0099c8ef87d8f1a9c022bedeb80dcd8/elements - {"using":"xpath","value":"//bdi[text()=\"OK\"]"}
RESULT: {"using":"xpath","value":"//bdi[text()=\"OK\"]"}
COMMAND: POST /session/c0099c8ef87d8f1a9c022bedeb80dcd8/elements - {"using":"xpath","value":"//bdi[text()=\"OK\"]"}
RESULT: {"using":"xpath","value":"//bdi[text()=\"OK\"]"}
COMMAND: POST /session/c0099c8ef87d8f1a9c022bedeb80dcd8/elements - {"using":"xpath","value":"//bdi[text()=\"OK\"]"}
RESULT: {"using":"xpath","value":"//bdi[text()=\"OK\"]"}
COMMAND: POST /session/c0099c8ef87d8f1a9c022bedeb80dcd8/elements - {"using":"xpath","value":"//bdi[text()=\"OK\"]"}
RESULT: {"using":"xpath","value":"//bdi[text()=\"OK\"]"}
COMMAND: POST /session/c0099c8ef87d8f1a9c022bedeb80dcd8/elements - {"using":"xpath","value":"//bdi[text()=\"OK\"]"}
RESULT: {"using":"xpath","value":"//bdi[text()=\"OK\"]"}
COMMAND: POST /session/c0099c8ef87d8f1a9c022bedeb80dcd8/elements - {"using":"xpath","value":"//bdi[text()=\"OK\"]"}
RESULT: {"using":"xpath","value":"//bdi[text()=\"OK\"]"}
COMMAND: POST /session/c0099c8ef87d8f1a9c022bedeb80dcd8/elements - {"using":"xpath","value":"//bdi[text()=\"OK\"]"}
RESULT: {"using":"xpath","value":"//bdi[text()=\"OK\"]"}
COMMAND: POST /session/c0099c8ef87d8f1a9c022bedeb80dcd8/elements - {"using":"xpath","value":"//bdi[text()=\"OK\"]"}
RESULT: {"using":"xpath","value":"//bdi[text()=\"OK\"]"}
COMMAND: POST /session/c0099c8ef87d8f1a9c022bedeb80dcd8/elements - {"using":"xpath","value":"//bdi[text()=\"OK\"]"}
RESULT: {"using":"xpath","value":"//bdi[text()=\"OK\"]"}
COMMAND: POST /session/c0099c8ef87d8f1a9c022bedeb80dcd8/elements - {"using":"xpath","value":"//bdi[text()=\"OK\"]"}
COMMAND: POST /session/c0099c8ef87d8f1a9c022bedeb80dcd8/element - {"using":"xpath","value":"//bdi[text()=\"OK\"]"}
RESULT: {"using":"xpath","value":"//bdi[text()=\"OK\"]"}
RESULT: {"using":"xpath","value":"//bdi[text()=\"OK\"]"}
COMMAND: POST /session/c0099c8ef87d8f1a9c022bedeb80dcd8/elements - {"using":"xpath","value":"//bdi[text()=\"OK\"]"}
RESULT: {"using":"xpath","value":"//bdi[text()=\"OK\"]"}
COMMAND: POST /session/c0099c8ef87d8f1a9c022bedeb80dcd8/elements - {"using":"xpath","value":"//bdi[text()=\"OK\"]"}
RESULT: {"using":"xpath","value":"//bdi[text()=\"OK\"]"}
COMMAND: POST /session/c0099c8ef87d8f1a9c022bedeb80dcd8/elements - {"using":"xpath","value":"//bdi[text()=\"OK\"]"}
RESULT: {"using":"xpath","value":"//bdi[text()=\"OK\"]"}
COMMAND: POST /session/c0099c8ef87d8f1a9c022bedeb80dcd8/elements - {"using":"xpath","value":"//bdi[text()=\"OK\"]"}
RESULT: {"using":"xpath","value":"//bdi[text()=\"OK\"]"}
COMMAND: POST /session/c0099c8ef87d8f1a9c022bedeb80dcd8/elements - {"using":"xpath","value":"//bdi[text()=\"OK\"]"}
RESULT: {"using":"xpath","value":"//bdi[text()=\"OK\"]"}
COMMAND: POST /session/c0099c8ef87d8f1a9c022bedeb80dcd8/elements - {"using":"xpath","value":"//bdi[text()=\"OK\"]"}
RESULT: {"using":"xpath","value":"//bdi[text()=\"OK\"]"}
COMMAND: POST /session/c0099c8ef87d8f1a9c022bedeb80dcd8/elements - {"using":"xpath","value":"//bdi[text()=\"OK\"]"}
RESULT: {"using":"xpath","value":"//bdi[text()=\"OK\"]"}
COMMAND: POST /session/c0099c8ef87d8f1a9c022bedeb80dcd8/elements - {"using":"xpath","value":"//bdi[text()=\"OK\"]"}
RESULT: {"using":"xpath","value":"//bdi[text()=\"OK\"]"}
COMMAND: POST /session/c0099c8ef87d8f1a9c022bedeb80dcd8/elements - {"using":"xpath","value":"//bdi[text()=\"OK\"]"}
RESULT: {"using":"xpath","value":"//bdi[text()=\"OK\"]"}
COMMAND: POST /session/c0099c8ef87d8f1a9c022bedeb80dcd8/elements - {"using":"xpath","value":"//bdi[text()=\"OK\"]"}
RESULT: {"using":"xpath","value":"//bdi[text()=\"OK\"]"}
COMMAND: POST /session/c0099c8ef87d8f1a9c022bedeb80dcd8/elements - {"using":"xpath","value":"//bdi[text()=\"OK\"]"}
RESULT: {"using":"xpath","value":"//bdi[text()=\"OK\"]"}
COMMAND: POST /session/c0099c8ef87d8f1a9c022bedeb80dcd8/elements - {"using":"xpath","value":"//bdi[text()=\"OK\"]"}
RESULT: {"using":"xpath","value":"//bdi[text()=\"OK\"]"}
COMMAND: POST /session/c0099c8ef87d8f1a9c022bedeb80dcd8/elements - {"using":"xpath","value":"//bdi[text()=\"OK\"]"}
RESULT: {"using":"xpath","value":"//bdi[text()=\"OK\"]"}
COMMAND: POST /session/c0099c8ef87d8f1a9c022bedeb80dcd8/elements - {"using":"xpath","value":"//bdi[text()=\"OK\"]"}
RESULT: {"using":"xpath","value":"//bdi[text()=\"OK\"]"}
COMMAND: POST /session/c0099c8ef87d8f1a9c022bedeb80dcd8/elements - {"using":"xpath","value":"//bdi[text()=\"OK\"]"}
RESULT: {"using":"xpath","value":"//bdi[text()=\"OK\"]"}
COMMAND: POST /session/c0099c8ef87d8f1a9c022bedeb80dcd8/elements - {"using":"xpath","value":"//bdi[text()=\"OK\"]"}
RESULT: {"using":"xpath","value":"//bdi[text()=\"OK\"]"}
COMMAND: POST /session/c0099c8ef87d8f1a9c022bedeb80dcd8/elements - {"using":"xpath","value":"//bdi[text()=\"OK\"]"}
RESULT: {"using":"xpath","value":"//bdi[text()=\"OK\"]"}
COMMAND: POST /session/c0099c8ef87d8f1a9c022bedeb80dcd8/elements - {"using":"xpath","value":"//bdi[text()=\"OK\"]"}
RESULT: {"using":"xpath","value":"//bdi[text()=\"OK\"]"}
COMMAND: POST /session/c0099c8ef87d8f1a9c022bedeb80dcd8/elements - {"using":"xpath","value":"//bdi[text()=\"OK\"]"}
RESULT: {"using":"xpath","value":"//bdi[text()=\"OK\"]"}
COMMAND: POST /session/c0099c8ef87d8f1a9c022bedeb80dcd8/elements - {"using":"xpath","value":"//bdi[text()=\"OK\"]"}
RESULT: {"using":"xpath","value":"//bdi[text()=\"OK\"]"}
COMMAND: POST /session/c0099c8ef87d8f1a9c022bedeb80dcd8/elements - {"using":"xpath","value":"//bdi[text()=\"OK\"]"}
RESULT: {"using":"xpath","value":"//bdi[text()=\"OK\"]"}
COMMAND: POST /session/c0099c8ef87d8f1a9c022bedeb80dcd8/elements - {"using":"xpath","value":"//bdi[text()=\"OK\"]"}
RESULT: {"using":"xpath","value":"//bdi[text()=\"OK\"]"}
COMMAND: POST /session/c0099c8ef87d8f1a9c022bedeb80dcd8/elements - {"using":"xpath","value":"//bdi[text()=\"OK\"]"}
RESULT: {"using":"xpath","value":"//bdi[text()=\"OK\"]"}
COMMAND: POST /session/c0099c8ef87d8f1a9c022bedeb80dcd8/elements - {"using":"xpath","value":"//bdi[text()=\"OK\"]"}
RESULT: {"using":"xpath","value":"//bdi[text()=\"OK\"]"}
COMMAND: POST /session/c0099c8ef87d8f1a9c022bedeb80dcd8/elements - {"using":"xpath","value":"//bdi[text()=\"OK\"]"}
RESULT: {"using":"xpath","value":"//bdi[text()=\"OK\"]"}
COMMAND: POST /session/c0099c8ef87d8f1a9c022bedeb80dcd8/elements - {"using":"xpath","value":"//bdi[text()=\"OK\"]"}
RESULT: {"using":"xpath","value":"//bdi[text()=\"OK\"]"}
COMMAND: POST /session/c0099c8ef87d8f1a9c022bedeb80dcd8/elements - {"using":"xpath","value":"//bdi[text()=\"OK\"]"}
RESULT: {"using":"xpath","value":"//bdi[text()=\"OK\"]"}
COMMAND: POST /session/c0099c8ef87d8f1a9c022bedeb80dcd8/elements - {"using":"xpath","value":"//bdi[text()=\"OK\"]"}
RESULT: {"using":"xpath","value":"//bdi[text()=\"OK\"]"}
COMMAND: POST /session/c0099c8ef87d8f1a9c022bedeb80dcd8/elements - {"using":"xpath","value":"//bdi[text()=\"OK\"]"}
RESULT: {"using":"xpath","value":"//bdi[text()=\"OK\"]"}
COMMAND: POST /session/c0099c8ef87d8f1a9c022bedeb80dcd8/elements - {"using":"xpath","value":"//bdi[text()=\"OK\"]"}
RESULT: {"using":"xpath","value":"//bdi[text()=\"OK\"]"}
COMMAND: POST /session/c0099c8ef87d8f1a9c022bedeb80dcd8/elements - {"using":"xpath","value":"//bdi[text()=\"OK\"]"}
RESULT: {"using":"xpath","value":"//bdi[text()=\"OK\"]"}
COMMAND: POST /session/c0099c8ef87d8f1a9c022bedeb80dcd8/elements - {"using":"xpath","value":"//bdi[text()=\"OK\"]"}
RESULT: {"using":"xpath","value":"//bdi[text()=\"OK\"]"}
COMMAND: POST /session/c0099c8ef87d8f1a9c022bedeb80dcd8/elements - {"using":"xpath","value":"//bdi[text()=\"OK\"]"}
RESULT: {"using":"xpath","value":"//bdi[text()=\"OK\"]"}
COMMAND: POST /session/c0099c8ef87d8f1a9c022bedeb80dcd8/elements - {"using":"xpath","value":"//bdi[text()=\"OK\"]"}
RESULT: {"using":"xpath","value":"//bdi[text()=\"OK\"]"}
COMMAND: POST /session/c0099c8ef87d8f1a9c022bedeb80dcd8/elements - {"using":"xpath","value":"//bdi[text()=\"OK\"]"}
RESULT: {"using":"xpath","value":"//bdi[text()=\"OK\"]"}
COMMAND: POST /session/c0099c8ef87d8f1a9c022bedeb80dcd8/elements - {"using":"xpath","value":"//bdi[text()=\"OK\"]"}
RESULT: {"using":"xpath","value":"//bdi[text()=\"OK\"]"}
COMMAND: POST /session/c0099c8ef87d8f1a9c022bedeb80dcd8/elements - {"using":"xpath","value":"//bdi[text()=\"OK\"]"}
RESULT: {"using":"xpath","value":"//bdi[text()=\"OK\"]"}
COMMAND: POST /session/c0099c8ef87d8f1a9c022bedeb80dcd8/elements - {"using":"xpath","value":"//bdi[text()=\"OK\"]"}
RESULT: {"using":"xpath","value":"//bdi[text()=\"OK\"]"}
COMMAND: POST /session/c0099c8ef87d8f1a9c022bedeb80dcd8/elements - {"using":"xpath","value":"//bdi[text()=\"OK\"]"}
RESULT: {"using":"xpath","value":"//bdi[text()=\"OK\"]"}
COMMAND: POST /session/c0099c8ef87d8f1a9c022bedeb80dcd8/elements - {"using":"xpath","value":"//bdi[text()=\"OK\"]"}
RESULT: {"using":"xpath","value":"//bdi[text()=\"OK\"]"}
COMMAND: POST /session/c0099c8ef87d8f1a9c022bedeb80dcd8/elements - {"using":"xpath","value":"//bdi[text()=\"OK\"]"}
RESULT: {"using":"xpath","value":"//bdi[text()=\"OK\"]"}
COMMAND: POST /session/c0099c8ef87d8f1a9c022bedeb80dcd8/elements - {"using":"xpath","value":"//bdi[text()=\"OK\"]"}
RESULT: {"using":"xpath","value":"//bdi[text()=\"OK\"]"}
COMMAND: POST /session/c0099c8ef87d8f1a9c022bedeb80dcd8/elements - {"using":"xpath","value":"//bdi[text()=\"OK\"]"}
RESULT: {"using":"xpath","value":"//bdi[text()=\"OK\"]"}
COMMAND: POST /session/c0099c8ef87d8f1a9c022bedeb80dcd8/elements - {"using":"xpath","value":"//bdi[text()=\"OK\"]"}
RESULT: {"using":"xpath","value":"//bdi[text()=\"OK\"]"}
COMMAND: POST /session/c0099c8ef87d8f1a9c022bedeb80dcd8/elements - {"using":"xpath","value":"//bdi[text()=\"OK\"]"}
RESULT: {"using":"xpath","value":"//bdi[text()=\"OK\"]"}
COMMAND: POST /session/c0099c8ef87d8f1a9c022bedeb80dcd8/elements - {"using":"xpath","value":"//bdi[text()=\"OK\"]"}
RESULT: {"using":"xpath","value":"//bdi[text()=\"OK\"]"}
COMMAND: POST /session/c0099c8ef87d8f1a9c022bedeb80dcd8/elements - {"using":"xpath","value":"//bdi[text()=\"OK\"]"}
RESULT: {"using":"xpath","value":"//bdi[text()=\"OK\"]"}
COMMAND: POST /session/c0099c8ef87d8f1a9c022bedeb80dcd8/elements - {"using":"xpath","value":"//bdi[text()=\"OK\"]"}
RESULT: {"using":"xpath","value":"//bdi[text()=\"OK\"]"}
COMMAND: POST /session/c0099c8ef87d8f1a9c022bedeb80dcd8/elements - {"using":"xpath","value":"//bdi[text()=\"OK\"]"}
RESULT: {"using":"xpath","value":"//bdi[text()=\"OK\"]"}
COMMAND: POST /session/c0099c8ef87d8f1a9c022bedeb80dcd8/elements - {"using":"xpath","value":"//bdi[text()=\"OK\"]"}
RESULT: {"using":"xpath","value":"//bdi[text()=\"OK\"]"}
COMMAND: POST /session/c0099c8ef87d8f1a9c022bedeb80dcd8/elements - {"using":"xpath","value":"//bdi[text()=\"OK\"]"}
RESULT: {"using":"xpath","value":"//bdi[text()=\"OK\"]"}
COMMAND: POST /session/c0099c8ef87d8f1a9c022bedeb80dcd8/elements - {"using":"xpath","value":"//bdi[text()=\"OK\"]"}
RESULT: {"using":"xpath","value":"//bdi[text()=\"OK\"]"}
COMMAND: POST /session/c0099c8ef87d8f1a9c022bedeb80dcd8/elements - {"using":"xpath","value":"//bdi[text()=\"OK\"]"}
RESULT: {"using":"xpath","value":"//bdi[text()=\"OK\"]"}
COMMAND: POST /session/c0099c8ef87d8f1a9c022bedeb80dcd8/elements - {"using":"xpath","value":"//bdi[text()=\"OK\"]"}
RESULT: {"using":"xpath","value":"//bdi[text()=\"OK\"]"}
COMMAND: POST /session/c0099c8ef87d8f1a9c022bedeb80dcd8/elements - {"using":"xpath","value":"//bdi[text()=\"OK\"]"}
RESULT: {"using":"xpath","value":"//bdi[text()=\"OK\"]"}
COMMAND: POST /session/c0099c8ef87d8f1a9c022bedeb80dcd8/elements - {"using":"xpath","value":"//bdi[text()=\"OK\"]"}
RESULT: {"using":"xpath","value":"//bdi[text()=\"OK\"]"}
COMMAND: POST /session/c0099c8ef87d8f1a9c022bedeb80dcd8/elements - {"using":"xpath","value":"//bdi[text()=\"OK\"]"}
RESULT: {"using":"xpath","value":"//bdi[text()=\"OK\"]"}
COMMAND: POST /session/c0099c8ef87d8f1a9c022bedeb80dcd8/elements - {"using":"xpath","value":"//bdi[text()=\"OK\"]"}
RESULT: {"using":"xpath","value":"//bdi[text()=\"OK\"]"}
COMMAND: POST /session/c0099c8ef87d8f1a9c022bedeb80dcd8/elements - {"using":"xpath","value":"//bdi[text()=\"OK\"]"}
RESULT: {"using":"xpath","value":"//bdi[text()=\"OK\"]"}
COMMAND: POST /session/c0099c8ef87d8f1a9c022bedeb80dcd8/elements - {"using":"xpath","value":"//bdi[text()=\"OK\"]"}
RESULT: {"using":"xpath","value":"//bdi[text()=\"OK\"]"}
COMMAND: POST /session/c0099c8ef87d8f1a9c022bedeb80dcd8/elements - {"using":"xpath","value":"//bdi[text()=\"OK\"]"}
RESULT: {"using":"xpath","value":"//bdi[text()=\"OK\"]"}
COMMAND: POST /session/c0099c8ef87d8f1a9c022bedeb80dcd8/elements - {"using":"xpath","value":"//bdi[text()=\"OK\"]"}
RESULT: {"using":"xpath","value":"//bdi[text()=\"OK\"]"}
COMMAND: POST /session/c0099c8ef87d8f1a9c022bedeb80dcd8/elements - {"using":"xpath","value":"//bdi[text()=\"OK\"]"}
RESULT: {"using":"xpath","value":"//bdi[text()=\"OK\"]"}
COMMAND: POST /session/c0099c8ef87d8f1a9c022bedeb80dcd8/elements - {"using":"xpath","value":"//bdi[text()=\"OK\"]"}
RESULT: {"using":"xpath","value":"//bdi[text()=\"OK\"]"}
COMMAND: POST /session/c0099c8ef87d8f1a9c022bedeb80dcd8/elements - {"using":"xpath","value":"//bdi[text()=\"OK\"]"}
RESULT: {"using":"xpath","value":"//bdi[text()=\"OK\"]"}
COMMAND: POST /session/c0099c8ef87d8f1a9c022bedeb80dcd8/elements - {"using":"xpath","value":"//bdi[text()=\"OK\"]"}
RESULT: {"using":"xpath","value":"//bdi[text()=\"OK\"]"}
COMMAND: POST /session/c0099c8ef87d8f1a9c022bedeb80dcd8/elements - {"using":"xpath","value":"//bdi[text()=\"OK\"]"}
RESULT: {"using":"xpath","value":"//bdi[text()=\"OK\"]"}
COMMAND: POST /session/c0099c8ef87d8f1a9c022bedeb80dcd8/elements - {"using":"xpath","value":"//bdi[text()=\"OK\"]"}
RESULT: {"using":"xpath","value":"//bdi[text()=\"OK\"]"}
COMMAND: POST /session/c0099c8ef87d8f1a9c022bedeb80dcd8/elements - {"using":"xpath","value":"//bdi[text()=\"OK\"]"}
RESULT: {"using":"xpath","value":"//bdi[text()=\"OK\"]"}
COMMAND: POST /session/c0099c8ef87d8f1a9c022bedeb80dcd8/elements - {"using":"xpath","value":"//bdi[text()=\"OK\"]"}
RESULT: {"using":"xpath","value":"//bdi[text()=\"OK\"]"}
COMMAND: POST /session/c0099c8ef87d8f1a9c022bedeb80dcd8/elements - {"using":"xpath","value":"//bdi[text()=\"OK\"]"}
RESULT: {"using":"xpath","value":"//bdi[text()=\"OK\"]"}
COMMAND: POST /session/c0099c8ef87d8f1a9c022bedeb80dcd8/elements - {"using":"xpath","value":"//bdi[text()=\"OK\"]"}
RESULT: {"using":"xpath","value":"//bdi[text()=\"OK\"]"}
COMMAND: POST /session/c0099c8ef87d8f1a9c022bedeb80dcd8/elements - {"using":"xpath","value":"//bdi[text()=\"OK\"]"}
RESULT: {"using":"xpath","value":"//bdi[text()=\"OK\"]"}
COMMAND: POST /session/c0099c8ef87d8f1a9c022bedeb80dcd8/elements - {"using":"xpath","value":"//bdi[text()=\"OK\"]"}
RESULT: {"using":"xpath","value":"//bdi[text()=\"OK\"]"}
COMMAND: POST /session/c0099c8ef87d8f1a9c022bedeb80dcd8/elements - {"using":"xpath","value":"//bdi[text()=\"OK\"]"}
RESULT: {"using":"xpath","value":"//bdi[text()=\"OK\"]"}
COMMAND: POST /session/c0099c8ef87d8f1a9c022bedeb80dcd8/elements - {"using":"xpath","value":"//bdi[text()=\"OK\"]"}
RESULT: {"using":"xpath","value":"//bdi[text()=\"OK\"]"}
COMMAND: POST /session/c0099c8ef87d8f1a9c022bedeb80dcd8/elements - {"using":"xpath","value":"//bdi[text()=\"OK\"]"}
RESULT: {"using":"xpath","value":"//bdi[text()=\"OK\"]"}
COMMAND: POST /session/c0099c8ef87d8f1a9c022bedeb80dcd8/elements - {"using":"xpath","value":"//bdi[text()=\"OK\"]"}
RESULT: {"using":"xpath","value":"//bdi[text()=\"OK\"]"}
COMMAND: POST /session/c0099c8ef87d8f1a9c022bedeb80dcd8/elements - {"using":"xpath","value":"//bdi[text()=\"OK\"]"}
RESULT: {"using":"xpath","value":"//bdi[text()=\"OK\"]"}
COMMAND: POST /session/c0099c8ef87d8f1a9c022bedeb80dcd8/elements - {"using":"xpath","value":"//bdi[text()=\"OK\"]"}
RESULT: {"using":"xpath","value":"//bdi[text()=\"OK\"]"}
COMMAND: POST /session/c0099c8ef87d8f1a9c022bedeb80dcd8/elements - {"using":"xpath","value":"//bdi[text()=\"OK\"]"}
RESULT: {"using":"xpath","value":"//bdi[text()=\"OK\"]"}
COMMAND: POST /session/c0099c8ef87d8f1a9c022bedeb80dcd8/elements - {"using":"xpath","value":"//bdi[text()=\"OK\"]"}
RESULT: {"using":"xpath","value":"//bdi[text()=\"OK\"]"}
COMMAND: POST /session/c0099c8ef87d8f1a9c022bedeb80dcd8/elements - {"using":"xpath","value":"//bdi[text()=\"OK\"]"}
RESULT: {"using":"xpath","value":"//bdi[text()=\"OK\"]"}
COMMAND: POST /session/c0099c8ef87d8f1a9c022bedeb80dcd8/elements - {"using":"xpath","value":"//bdi[text()=\"OK\"]"}
RESULT: {"using":"xpath","value":"//bdi[text()=\"OK\"]"}
COMMAND: POST /session/c0099c8ef87d8f1a9c022bedeb80dcd8/elements - {"using":"xpath","value":"//bdi[text()=\"OK\"]"}
RESULT: {"using":"xpath","value":"//bdi[text()=\"OK\"]"}
COMMAND: POST /session/c0099c8ef87d8f1a9c022bedeb80dcd8/elements - {"using":"xpath","value":"//bdi[text()=\"OK\"]"}
RESULT: {"using":"xpath","value":"//bdi[text()=\"OK\"]"}
COMMAND: POST /session/c0099c8ef87d8f1a9c022bedeb80dcd8/elements - {"using":"xpath","value":"//bdi[text()=\"OK\"]"}
RESULT: {"using":"xpath","value":"//bdi[text()=\"OK\"]"}
COMMAND: POST /session/c0099c8ef87d8f1a9c022bedeb80dcd8/elements - {"using":"xpath","value":"//bdi[text()=\"OK\"]"}
RESULT: {"using":"xpath","value":"//bdi[text()=\"OK\"]"}
COMMAND: POST /session/c0099c8ef87d8f1a9c022bedeb80dcd8/elements - {"using":"xpath","value":"//bdi[text()=\"OK\"]"}
RESULT: {"using":"xpath","value":"//bdi[text()=\"OK\"]"}
COMMAND: POST /session/c0099c8ef87d8f1a9c022bedeb80dcd8/elements - {"using":"xpath","value":"//bdi[text()=\"OK\"]"}
RESULT: {"using":"xpath","value":"//bdi[text()=\"OK\"]"}
COMMAND: POST /session/c0099c8ef87d8f1a9c022bedeb80dcd8/elements - {"using":"xpath","value":"//bdi[text()=\"OK\"]"}
RESULT: {"using":"xpath","value":"//bdi[text()=\"OK\"]"}
COMMAND: POST /session/c0099c8ef87d8f1a9c022bedeb80dcd8/elements - {"using":"xpath","value":"//bdi[text()=\"OK\"]"}
RESULT: {"using":"xpath","value":"//bdi[text()=\"OK\"]"}
COMMAND: POST /session/c0099c8ef87d8f1a9c022bedeb80dcd8/elements - {"using":"xpath","value":"//bdi[text()=\"OK\"]"}
RESULT: {"using":"xpath","value":"//bdi[text()=\"OK\"]"}
COMMAND: POST /session/c0099c8ef87d8f1a9c022bedeb80dcd8/elements - {"using":"xpath","value":"//bdi[text()=\"OK\"]"}
RESULT: {"using":"xpath","value":"//bdi[text()=\"OK\"]"}
COMMAND: POST /session/c0099c8ef87d8f1a9c022bedeb80dcd8/elements - {"using":"xpath","value":"//bdi[text()=\"OK\"]"}
RESULT: {"using":"xpath","value":"//bdi[text()=\"OK\"]"}
COMMAND: POST /session/c0099c8ef87d8f1a9c022bedeb80dcd8/elements - {"using":"xpath","value":"//bdi[text()=\"OK\"]"}
RESULT: {"using":"xpath","value":"//bdi[text()=\"OK\"]"}
COMMAND: POST /session/c0099c8ef87d8f1a9c022bedeb80dcd8/elements - {"using":"xpath","value":"//bdi[text()=\"OK\"]"}
RESULT: {"using":"xpath","value":"//bdi[text()=\"OK\"]"}
COMMAND: POST /session/c0099c8ef87d8f1a9c022bedeb80dcd8/elements - {"using":"xpath","value":"//bdi[text()=\"OK\"]"}
RESULT: {"using":"xpath","value":"//bdi[text()=\"OK\"]"}
COMMAND: POST /session/c0099c8ef87d8f1a9c022bedeb80dcd8/elements - {"using":"xpath","value":"//bdi[text()=\"OK\"]"}
RESULT: {"using":"xpath","value":"//bdi[text()=\"OK\"]"}
COMMAND: POST /session/c0099c8ef87d8f1a9c022bedeb80dcd8/elements - {"using":"xpath","value":"//bdi[text()=\"OK\"]"}
RESULT: {"using":"xpath","value":"//bdi[text()=\"OK\"]"}
COMMAND: POST /session/c0099c8ef87d8f1a9c022bedeb80dcd8/elements - {"using":"xpath","value":"//bdi[text()=\"OK\"]"}
RESULT: {"using":"xpath","value":"//bdi[text()=\"OK\"]"}
COMMAND: POST /session/c0099c8ef87d8f1a9c022bedeb80dcd8/elements - {"using":"xpath","value":"//bdi[text()=\"OK\"]"}
RESULT: {"using":"xpath","value":"//bdi[text()=\"OK\"]"}
COMMAND: POST /session/c0099c8ef87d8f1a9c022bedeb80dcd8/elements - {"using":"xpath","value":"//bdi[text()=\"OK\"]"}
RESULT: {"using":"xpath","value":"//bdi[text()=\"OK\"]"}
COMMAND: POST /session/c0099c8ef87d8f1a9c022bedeb80dcd8/elements - {"using":"xpath","value":"//bdi[text()=\"OK\"]"}
RESULT: {"using":"xpath","value":"//bdi[text()=\"OK\"]"}
COMMAND: POST /session/c0099c8ef87d8f1a9c022bedeb80dcd8/elements - {"using":"xpath","value":"//bdi[text()=\"OK\"]"}
RESULT: {"using":"xpath","value":"//bdi[text()=\"OK\"]"}
COMMAND: POST /session/c0099c8ef87d8f1a9c022bedeb80dcd8/elements - {"using":"xpath","value":"//bdi[text()=\"OK\"]"}
RESULT: {"using":"xpath","value":"//bdi[text()=\"OK\"]"}
COMMAND: POST /session/c0099c8ef87d8f1a9c022bedeb80dcd8/elements - {"using":"xpath","value":"//bdi[text()=\"OK\"]"}
RESULT: {"using":"xpath","value":"//bdi[text()=\"OK\"]"}
COMMAND: POST /session/c0099c8ef87d8f1a9c022bedeb80dcd8/elements - {"using":"xpath","value":"//bdi[text()=\"OK\"]"}
RESULT: {"using":"xpath","value":"//bdi[text()=\"OK\"]"}
COMMAND: POST /session/c0099c8ef87d8f1a9c022bedeb80dcd8/elements - {"using":"xpath","value":"//bdi[text()=\"OK\"]"}
RESULT: {"using":"xpath","value":"//bdi[text()=\"OK\"]"}
COMMAND: POST /session/c0099c8ef87d8f1a9c022bedeb80dcd8/elements - {"using":"xpath","value":"//bdi[text()=\"OK\"]"}
RESULT: {"using":"xpath","value":"//bdi[text()=\"OK\"]"}
COMMAND: POST /session/c0099c8ef87d8f1a9c022bedeb80dcd8/elements - {"using":"xpath","value":"//bdi[text()=\"OK\"]"}
RESULT: {"using":"xpath","value":"//bdi[text()=\"OK\"]"}
COMMAND: POST /session/c0099c8ef87d8f1a9c022bedeb80dcd8/elements - {"using":"xpath","value":"//bdi[text()=\"OK\"]"}
RESULT: {"using":"xpath","value":"//bdi[text()=\"OK\"]"}
COMMAND: POST /session/c0099c8ef87d8f1a9c022bedeb80dcd8/elements - {"using":"xpath","value":"//bdi[text()=\"OK\"]"}
RESULT: {"using":"xpath","value":"//bdi[text()=\"OK\"]"}
COMMAND: POST /session/c0099c8ef87d8f1a9c022bedeb80dcd8/elements - {"using":"xpath","value":"//bdi[text()=\"OK\"]"}
RESULT: {"using":"xpath","value":"//bdi[text()=\"OK\"]"}
COMMAND: POST /session/c0099c8ef87d8f1a9c022bedeb80dcd8/elements - {"using":"xpath","value":"//bdi[text()=\"OK\"]"}
RESULT: {"using":"xpath","value":"//bdi[text()=\"OK\"]"}
COMMAND: POST /session/c0099c8ef87d8f1a9c022bedeb80dcd8/elements - {"using":"xpath","value":"//bdi[text()=\"OK\"]"}
RESULT: {"using":"xpath","value":"//bdi[text()=\"OK\"]"}
COMMAND: POST /session/c0099c8ef87d8f1a9c022bedeb80dcd8/elements - {"using":"xpath","value":"//bdi[text()=\"OK\"]"}
RESULT: {"using":"xpath","value":"//bdi[text()=\"OK\"]"}
COMMAND: POST /session/c0099c8ef87d8f1a9c022bedeb80dcd8/elements - {"using":"xpath","value":"//bdi[text()=\"OK\"]"}
RESULT: {"using":"xpath","value":"//bdi[text()=\"OK\"]"}
COMMAND: POST /session/c0099c8ef87d8f1a9c022bedeb80dcd8/elements - {"using":"xpath","value":"//bdi[text()=\"OK\"]"}
RESULT: {"using":"xpath","value":"//bdi[text()=\"OK\"]"}
COMMAND: POST /session/c0099c8ef87d8f1a9c022bedeb80dcd8/elements - {"using":"xpath","value":"//bdi[text()=\"OK\"]"}
RESULT: {"using":"xpath","value":"//bdi[text()=\"OK\"]"}
COMMAND: POST /session/c0099c8ef87d8f1a9c022bedeb80dcd8/elements - {"using":"xpath","value":"//bdi[text()=\"OK\"]"}
COMMAND: POST /session/c0099c8ef87d8f1a9c022bedeb80dcd8/execute/async - {"script":"<script> [1562 bytes]","args":[{"selector":{"id":"application-manageresources-display-component---newResourceUnit--TYPE-arrow"},"wdio_ui5_key":"applicationmanageresources-display-component---newResourceUnit--TYPE-arrow"}]}
RESULT: {"using":"xpath","value":"//bdi[text()=\"OK\"]"}
RESULT: {"script":"<script> [1562 bytes]","args":[{"selector":{"id":"application-manageresources-display-component---newResourceUnit--TYPE-arrow"},"wdio_ui5_key":"applicationmanageresources-display-component---newResourceUnit--TYPE-arrow"}]}
RESULT: undefined
COMMAND: POST /session/c0099c8ef87d8f1a9c022bedeb80dcd8/element - {"using":"xpath","value":"//*[@id=\"application-manageresources-display-component---newResourceUnit--TYPE-arrow\"]"}
RESULT: {"using":"xpath","value":"//*[@id=\"application-manageresources-display-component---newResourceUnit--TYPE-arrow\"]"}
COMMAND: POST /session/c0099c8ef87d8f1a9c022bedeb80dcd8/element/f.37E7500FB3BEF60B72C91044CCDB3F00.d.3924DEEC36B4CB855539F57CAE13BE89.e.3061/click - {}
RESULT: {}
COMMAND: POST /session/c0099c8ef87d8f1a9c022bedeb80dcd8/execute/async - {"script":"<script> [1562 bytes]","args":[{"selector":{"controlType":"sap.m.StandardListItem","viewName":"reusables.view.manageresources.NewResourceUnit","viewId":"application-manageresources-display-component---newResourceUnit","properties":{"title":"Material"},"searchOpenDialogs":true,"interaction":{"idSuffix":"titleText"}},"wdio_ui5_key":"reusablesview.manageresources.NewResourceUnitsap.m.StandardListItem{\"title\":\"Material\"}"}]}
COMMAND: GET /session/c0099c8ef87d8f1a9c022bedeb80dcd8/screenshot - {}
RESULT: {"script":"<script> [1562 bytes]","args":[{"selector":{"controlType":"sap.m.StandardListItem","viewName":"reusables.view.manageresources.NewResourceUnit","viewId":"application-manageresources-display-component---newResourceUnit","properties":{"title":"Material"},"searchOpenDialogs":true,"interaction":{"idSuffix":"titleText"}},"wdio_ui5_key":"reusablesview.manageresources.NewResourceUnitsap.m.StandardListItem{\"title\":\"Material\"}"}]}
RESULT: undefined
COMMAND: POST /session/c0099c8ef87d8f1a9c022bedeb80dcd8/element - {"using":"xpath","value":"//*[@id=\"__item1006\"]"}
RESULT: {}
RESULT: {"using":"xpath","value":"//*[@id=\"__item1006\"]"}
COMMAND: POST /session/c0099c8ef87d8f1a9c022bedeb80dcd8/element/f.37E7500FB3BEF60B72C91044CCDB3F00.d.3924DEEC36B4CB855539F57CAE13BE89.e.3064/click - {}
RESULT: {}
COMMAND: GET /session/c0099c8ef87d8f1a9c022bedeb80dcd8/screenshot - {}
RESULT: {}
COMMAND: POST /session/c0099c8ef87d8f1a9c022bedeb80dcd8/execute/async - {"script":"<script> [1562 bytes]","args":[{"selector":{"id":"application-manageresources-display-component---newResourceUnit--newRRUPage-OPHeaderContent-collapseBtn-img"},"wdio_ui5_key":"applicationmanageresources-display-component---newResourceUnit--newRRUPage-OPHeaderContent-collapseBtn-img"}]}
RESULT: {"script":"<script> [1562 bytes]","args":[{"selector":{"id":"application-manageresources-display-component---newResourceUnit--newRRUPage-OPHeaderContent-collapseBtn-img"},"wdio_ui5_key":"applicationmanageresources-display-component---newResourceUnit--newRRUPage-OPHeaderContent-collapseBtn-img"}]}
RESULT: undefined
COMMAND: POST /session/c0099c8ef87d8f1a9c022bedeb80dcd8/element - {"using":"xpath","value":"//*[@id=\"application-manageresources-display-component---newResourceUnit--newRRUPage-OPHeaderContent-collapseBtn-img\"]"}
RESULT: {"using":"xpath","value":"//*[@id=\"application-manageresources-display-component---newResourceUnit--newRRUPage-OPHeaderContent-collapseBtn-img\"]"}
COMMAND: POST /session/c0099c8ef87d8f1a9c022bedeb80dcd8/element/f.37E7500FB3BEF60B72C91044CCDB3F00.d.3924DEEC36B4CB855539F57CAE13BE89.e.3071/click - {}
RESULT: {}
COMMAND: GET /session/c0099c8ef87d8f1a9c022bedeb80dcd8/screenshot - {}
RESULT: {}
COMMAND: POST /session/c0099c8ef87d8f1a9c022bedeb80dcd8/execute/async - {"script":"<script> [1562 bytes]","args":[{"selector":{"id":"application-manageresources-display-component---newResourceUnit--SHORT_TEXT","interaction":{"idSuffix":"inner"}},"wdio_ui5_key":"applicationmanageresources-display-component---newResourceUnit--SHORT_TEXT"}]}
RESULT: {"script":"<script> [1562 bytes]","args":[{"selector":{"id":"application-manageresources-display-component---newResourceUnit--SHORT_TEXT","interaction":{"idSuffix":"inner"}},"wdio_ui5_key":"applicationmanageresources-display-component---newResourceUnit--SHORT_TEXT"}]}
RESULT: undefined
COMMAND: POST /session/c0099c8ef87d8f1a9c022bedeb80dcd8/execute/async - {"script":"<script> [776 bytes]","args":[{"enterText":"WebdriverWHM_RUR2Clxalg","selector":{"id":"application-manageresources-display-component---newResourceUnit--SHORT_TEXT","interaction":{"idSuffix":"inner"}},"clearTextFirst":true,"interactionType":"ENTER_TEXT"}]}
RESULT: {"script":"<script> [776 bytes]","args":[{"enterText":"WebdriverWHM_RUR2Clxalg","selector":{"id":"application-manageresources-display-component---newResourceUnit--SHORT_TEXT","interaction":{"idSuffix":"inner"}},"clearTextFirst":true,"interactionType":"ENTER_TEXT"}]}
COMMAND: POST /session/c0099c8ef87d8f1a9c022bedeb80dcd8/execute/async - {"script":"<script> [1562 bytes]","args":[{"selector":{"id":"application-manageresources-display-component---newResourceUnit--BASE_UNIT_OF_MEASURE-arrow"},"wdio_ui5_key":"applicationmanageresources-display-component---newResourceUnit--BASE_UNIT_OF_MEASURE-arrow"}]}
RESULT: {"script":"<script> [1562 bytes]","args":[{"selector":{"id":"application-manageresources-display-component---newResourceUnit--BASE_UNIT_OF_MEASURE-arrow"},"wdio_ui5_key":"applicationmanageresources-display-component---newResourceUnit--BASE_UNIT_OF_MEASURE-arrow"}]}
RESULT: undefined
COMMAND: POST /session/c0099c8ef87d8f1a9c022bedeb80dcd8/element - {"using":"xpath","value":"//*[@id=\"application-manageresources-display-component---newResourceUnit--BASE_UNIT_OF_MEASURE-arrow\"]"}
RESULT: {"using":"xpath","value":"//*[@id=\"application-manageresources-display-component---newResourceUnit--BASE_UNIT_OF_MEASURE-arrow\"]"}
COMMAND: POST /session/c0099c8ef87d8f1a9c022bedeb80dcd8/element/f.37E7500FB3BEF60B72C91044CCDB3F00.d.3924DEEC36B4CB855539F57CAE13BE89.e.3124/click - {}
RESULT: {}
COMMAND: POST /session/c0099c8ef87d8f1a9c022bedeb80dcd8/execute/async - {"script":"<script> [1562 bytes]","args":[{"selector":{"controlType":"sap.m.StandardListItem","viewName":"reusables.view.manageresources.NewResourceUnit","viewId":"application-manageresources-display-component---newResourceUnit","properties":{"title":"Piece"},"searchOpenDialogs":true,"interaction":{"idSuffix":"content"}},"wdio_ui5_key":"reusablesview.manageresources.NewResourceUnitsap.m.StandardListItem{\"title\":\"Piece\"}"}]}
COMMAND: GET /session/c0099c8ef87d8f1a9c022bedeb80dcd8/screenshot - {}
RESULT: {"script":"<script> [1562 bytes]","args":[{"selector":{"controlType":"sap.m.StandardListItem","viewName":"reusables.view.manageresources.NewResourceUnit","viewId":"application-manageresources-display-component---newResourceUnit","properties":{"title":"Piece"},"searchOpenDialogs":true,"interaction":{"idSuffix":"content"}},"wdio_ui5_key":"reusablesview.manageresources.NewResourceUnitsap.m.StandardListItem{\"title\":\"Piece\"}"}]}
RESULT: undefined
COMMAND: POST /session/c0099c8ef87d8f1a9c022bedeb80dcd8/element - {"using":"xpath","value":"//*[@id=\"__item1050\"]"}
RESULT: {}
RESULT: {"using":"xpath","value":"//*[@id=\"__item1050\"]"}
COMMAND: POST /session/c0099c8ef87d8f1a9c022bedeb80dcd8/element/f.37E7500FB3BEF60B72C91044CCDB3F00.d.3924DEEC36B4CB855539F57CAE13BE89.e.3126/click - {}
RESULT: {}
COMMAND: POST /session/c0099c8ef87d8f1a9c022bedeb80dcd8/execute/async - {"script":"<script> [1562 bytes]","args":[{"selector":{"id":"application-manageresources-display-component---newResourceUnit--WEIGHT_UNIT-arrow"},"wdio_ui5_key":"applicationmanageresources-display-component---newResourceUnit--WEIGHT_UNIT-arrow"}]}
COMMAND: GET /session/c0099c8ef87d8f1a9c022bedeb80dcd8/screenshot - {}
RESULT: {"script":"<script> [1562 bytes]","args":[{"selector":{"id":"application-manageresources-display-component---newResourceUnit--WEIGHT_UNIT-arrow"},"wdio_ui5_key":"applicationmanageresources-display-component---newResourceUnit--WEIGHT_UNIT-arrow"}]}
RESULT: undefined
COMMAND: POST /session/c0099c8ef87d8f1a9c022bedeb80dcd8/element - {"using":"xpath","value":"//*[@id=\"application-manageresources-display-component---newResourceUnit--WEIGHT_UNIT-arrow\"]"}
RESULT: {}
RESULT: {"using":"xpath","value":"//*[@id=\"application-manageresources-display-component---newResourceUnit--WEIGHT_UNIT-arrow\"]"}
COMMAND: POST /session/c0099c8ef87d8f1a9c022bedeb80dcd8/element/f.37E7500FB3BEF60B72C91044CCDB3F00.d.3924DEEC36B4CB855539F57CAE13BE89.e.3127/click - {}
RESULT: {}
COMMAND: POST /session/c0099c8ef87d8f1a9c022bedeb80dcd8/execute/async - {"script":"<script> [1562 bytes]","args":[{"selector":{"controlType":"sap.m.StandardListItem","viewName":"reusables.view.manageresources.NewResourceUnit","viewId":"application-manageresources-display-component---newResourceUnit","properties":{"title":"Gram"},"searchOpenDialogs":true,"interaction":{"idSuffix":"content"}},"wdio_ui5_key":"reusablesview.manageresources.NewResourceUnitsap.m.StandardListItem{\"title\":\"Gram\"}"}]}
COMMAND: GET /session/c0099c8ef87d8f1a9c022bedeb80dcd8/screenshot - {}
RESULT: {"script":"<script> [1562 bytes]","args":[{"selector":{"controlType":"sap.m.StandardListItem","viewName":"reusables.view.manageresources.NewResourceUnit","viewId":"application-manageresources-display-component---newResourceUnit","properties":{"title":"Gram"},"searchOpenDialogs":true,"interaction":{"idSuffix":"content"}},"wdio_ui5_key":"reusablesview.manageresources.NewResourceUnitsap.m.StandardListItem{\"title\":\"Gram\"}"}]}
RESULT: undefined
COMMAND: POST /session/c0099c8ef87d8f1a9c022bedeb80dcd8/element - {"using":"xpath","value":"//*[@id=\"__item1115\"]"}
RESULT: {}
RESULT: {"using":"xpath","value":"//*[@id=\"__item1115\"]"}
COMMAND: POST /session/c0099c8ef87d8f1a9c022bedeb80dcd8/element/f.37E7500FB3BEF60B72C91044CCDB3F00.d.3924DEEC36B4CB855539F57CAE13BE89.e.3129/click - {}
RESULT: {}
COMMAND: POST /session/c0099c8ef87d8f1a9c022bedeb80dcd8/element - {"using":"xpath","value":"//bdi[text()='Reference']"}
COMMAND: GET /session/c0099c8ef87d8f1a9c022bedeb80dcd8/screenshot - {}
RESULT: {"using":"xpath","value":"//bdi[text()='Reference']"}
COMMAND: GET /session/c0099c8ef87d8f1a9c022bedeb80dcd8/element/f.37E7500FB3BEF60B72C91044CCDB3F00.d.3924DEEC36B4CB855539F57CAE13BE89.e.3130/enabled - {}
RESULT: {}
RESULT: {}
COMMAND: POST /session/c0099c8ef87d8f1a9c022bedeb80dcd8/execute/sync - {"script":"<script> [8489 bytes]","args":[{"element-6066-11e4-a52e-4f735466cecf":"f.37E7500FB3BEF60B72C91044CCDB3F00.d.3924DEEC36B4CB855539F57CAE13BE89.e.3130","ELEMENT":"f.37E7500FB3BEF60B72C91044CCDB3F00.d.3924DEEC36B4CB855539F57CAE13BE89.e.3130"}]}
COMMAND: GET /session/c0099c8ef87d8f1a9c022bedeb80dcd8/screenshot - {}
RESULT: {"script":"<script> [8489 bytes]","args":[{"element-6066-11e4-a52e-4f735466cecf":"f.37E7500FB3BEF60B72C91044CCDB3F00.d.3924DEEC36B4CB855539F57CAE13BE89.e.3130","ELEMENT":"f.37E7500FB3BEF60B72C91044CCDB3F00.d.3924DEEC36B4CB855539F57CAE13BE89.e.3130"}]}
COMMAND: POST /session/c0099c8ef87d8f1a9c022bedeb80dcd8/execute/sync - {"script":"<script> [5351 bytes]","args":[{"element-6066-11e4-a52e-4f735466cecf":"f.37E7500FB3BEF60B72C91044CCDB3F00.d.3924DEEC36B4CB855539F57CAE13BE89.e.3130","ELEMENT":"f.37E7500FB3BEF60B72C91044CCDB3F00.d.3924DEEC36B4CB855539F57CAE13BE89.e.3130"}]}
COMMAND: GET /session/c0099c8ef87d8f1a9c022bedeb80dcd8/screenshot - {}
RESULT: {}
RESULT: {"script":"<script> [5351 bytes]","args":[{"element-6066-11e4-a52e-4f735466cecf":"f.37E7500FB3BEF60B72C91044CCDB3F00.d.3924DEEC36B4CB855539F57CAE13BE89.e.3130","ELEMENT":"f.37E7500FB3BEF60B72C91044CCDB3F00.d.3924DEEC36B4CB855539F57CAE13BE89.e.3130"}]}
COMMAND: POST /session/c0099c8ef87d8f1a9c022bedeb80dcd8/element/f.37E7500FB3BEF60B72C91044CCDB3F00.d.3924DEEC36B4CB855539F57CAE13BE89.e.3130/click - {}
COMMAND: GET /session/c0099c8ef87d8f1a9c022bedeb80dcd8/screenshot - {}
RESULT: {}
RESULT: {}
COMMAND: POST /session/c0099c8ef87d8f1a9c022bedeb80dcd8/element - {"using":"xpath","value":"//bdi[text()='General Information']"}
COMMAND: GET /session/c0099c8ef87d8f1a9c022bedeb80dcd8/screenshot - {}
RESULT: {}
RESULT: {"using":"xpath","value":"//bdi[text()='General Information']"}
COMMAND: GET /session/c0099c8ef87d8f1a9c022bedeb80dcd8/element/f.37E7500FB3BEF60B72C91044CCDB3F00.d.3924DEEC36B4CB855539F57CAE13BE89.e.3135/enabled - {}
RESULT: {}
RESULT: {}
COMMAND: POST /session/c0099c8ef87d8f1a9c022bedeb80dcd8/execute/sync - {"script":"<script> [8489 bytes]","args":[{"element-6066-11e4-a52e-4f735466cecf":"f.37E7500FB3BEF60B72C91044CCDB3F00.d.3924DEEC36B4CB855539F57CAE13BE89.e.3135","ELEMENT":"f.37E7500FB3BEF60B72C91044CCDB3F00.d.3924DEEC36B4CB855539F57CAE13BE89.e.3135"}]}
COMMAND: GET /session/c0099c8ef87d8f1a9c022bedeb80dcd8/screenshot - {}
RESULT: {"script":"<script> [8489 bytes]","args":[{"element-6066-11e4-a52e-4f735466cecf":"f.37E7500FB3BEF60B72C91044CCDB3F00.d.3924DEEC36B4CB855539F57CAE13BE89.e.3135","ELEMENT":"f.37E7500FB3BEF60B72C91044CCDB3F00.d.3924DEEC36B4CB855539F57CAE13BE89.e.3135"}]}
COMMAND: POST /session/c0099c8ef87d8f1a9c022bedeb80dcd8/execute/sync - {"script":"<script> [5351 bytes]","args":[{"element-6066-11e4-a52e-4f735466cecf":"f.37E7500FB3BEF60B72C91044CCDB3F00.d.3924DEEC36B4CB855539F57CAE13BE89.e.3135","ELEMENT":"f.37E7500FB3BEF60B72C91044CCDB3F00.d.3924DEEC36B4CB855539F57CAE13BE89.e.3135"}]}
COMMAND: GET /session/c0099c8ef87d8f1a9c022bedeb80dcd8/screenshot - {}
RESULT: {}
RESULT: {"script":"<script> [5351 bytes]","args":[{"element-6066-11e4-a52e-4f735466cecf":"f.37E7500FB3BEF60B72C91044CCDB3F00.d.3924DEEC36B4CB855539F57CAE13BE89.e.3135","ELEMENT":"f.37E7500FB3BEF60B72C91044CCDB3F00.d.3924DEEC36B4CB855539F57CAE13BE89.e.3135"}]}
COMMAND: POST /session/c0099c8ef87d8f1a9c022bedeb80dcd8/element/f.37E7500FB3BEF60B72C91044CCDB3F00.d.3924DEEC36B4CB855539F57CAE13BE89.e.3135/click - {}
COMMAND: GET /session/c0099c8ef87d8f1a9c022bedeb80dcd8/screenshot - {}
RESULT: {}
RESULT: {}
COMMAND: POST /session/c0099c8ef87d8f1a9c022bedeb80dcd8/execute/async - {"script":"<script> [1562 bytes]","args":[{"selector":{"id":"application-manageresources-display-component---newResourceUnit--DIMENSION_UNIT-arrow"},"wdio_ui5_key":"applicationmanageresources-display-component---newResourceUnit--DIMENSION_UNIT-arrow"}]}
COMMAND: GET /session/c0099c8ef87d8f1a9c022bedeb80dcd8/screenshot - {}
RESULT: {}
RESULT: {"script":"<script> [1562 bytes]","args":[{"selector":{"id":"application-manageresources-display-component---newResourceUnit--DIMENSION_UNIT-arrow"},"wdio_ui5_key":"applicationmanageresources-display-component---newResourceUnit--DIMENSION_UNIT-arrow"}]}
RESULT: undefined
COMMAND: POST /session/c0099c8ef87d8f1a9c022bedeb80dcd8/element - {"using":"xpath","value":"//*[@id=\"application-manageresources-display-component---newResourceUnit--DIMENSION_UNIT-arrow\"]"}
RESULT: {}
RESULT: {"using":"xpath","value":"//*[@id=\"application-manageresources-display-component---newResourceUnit--DIMENSION_UNIT-arrow\"]"}
COMMAND: POST /session/c0099c8ef87d8f1a9c022bedeb80dcd8/element/f.37E7500FB3BEF60B72C91044CCDB3F00.d.3924DEEC36B4CB855539F57CAE13BE89.e.3139/click - {}
RESULT: {}
COMMAND: GET /session/c0099c8ef87d8f1a9c022bedeb80dcd8/screenshot - {}
RESULT: {}
COMMAND: POST /session/c0099c8ef87d8f1a9c022bedeb80dcd8/execute/async - {"script":"<script> [1562 bytes]","args":[{"selector":{"controlType":"sap.m.StandardListItem","viewName":"reusables.view.manageresources.NewResourceUnit","viewId":"application-manageresources-display-component---newResourceUnit","properties":{"title":"Centimeter"},"searchOpenDialogs":true,"interaction":{"idSuffix":"titleText"}},"wdio_ui5_key":"reusablesview.manageresources.NewResourceUnitsap.m.StandardListItem{\"title\":\"Centimeter\"}"}]}
RESULT: {"script":"<script> [1562 bytes]","args":[{"selector":{"controlType":"sap.m.StandardListItem","viewName":"reusables.view.manageresources.NewResourceUnit","viewId":"application-manageresources-display-component---newResourceUnit","properties":{"title":"Centimeter"},"searchOpenDialogs":true,"interaction":{"idSuffix":"titleText"}},"wdio_ui5_key":"reusablesview.manageresources.NewResourceUnitsap.m.StandardListItem{\"title\":\"Centimeter\"}"}]}
RESULT: undefined
COMMAND: POST /session/c0099c8ef87d8f1a9c022bedeb80dcd8/element - {"using":"xpath","value":"//*[@id=\"__item1118\"]"}
RESULT: {"using":"xpath","value":"//*[@id=\"__item1118\"]"}
COMMAND: POST /session/c0099c8ef87d8f1a9c022bedeb80dcd8/element/f.37E7500FB3BEF60B72C91044CCDB3F00.d.3924DEEC36B4CB855539F57CAE13BE89.e.3141/click - {}
RESULT: {}
COMMAND: POST /session/c0099c8ef87d8f1a9c022bedeb80dcd8/execute/async - {"script":"<script> [1562 bytes]","args":[{"selector":{"id":"application-manageresources-display-component---newResourceUnit--newRRUPage-anchBar-application-manageresources-display-component---newResourceUnit--reference-anchor","interaction":{"idSuffix":"BDI-content"}},"wdio_ui5_key":"applicationmanageresources-display-component---newResourceUnit--newRRUPage-anchBar-application-manageresources-display-component---newResourceUnit--reference-anchor"}]}
COMMAND: GET /session/c0099c8ef87d8f1a9c022bedeb80dcd8/screenshot - {}
RESULT: {}
RESULT: {"script":"<script> [1562 bytes]","args":[{"selector":{"id":"application-manageresources-display-component---newResourceUnit--newRRUPage-anchBar-application-manageresources-display-component---newResourceUnit--reference-anchor","interaction":{"idSuffix":"BDI-content"}},"wdio_ui5_key":"applicationmanageresources-display-component---newResourceUnit--newRRUPage-anchBar-application-manageresources-display-component---newResourceUnit--reference-anchor"}]}
RESULT: undefined
COMMAND: POST /session/c0099c8ef87d8f1a9c022bedeb80dcd8/element - {"using":"xpath","value":"//*[@id=\"application-manageresources-display-component---newResourceUnit--newRRUPage-anchBar-application-manageresources-display-component---newResourceUnit--reference-anchor\"]"}
RESULT: {"using":"xpath","value":"//*[@id=\"application-manageresources-display-component---newResourceUnit--newRRUPage-anchBar-application-manageresources-display-component---newResourceUnit--reference-anchor\"]"}
COMMAND: POST /session/c0099c8ef87d8f1a9c022bedeb80dcd8/element/f.37E7500FB3BEF60B72C91044CCDB3F00.d.3924DEEC36B4CB855539F57CAE13BE89.e.3131/click - {}
RESULT: {}
COMMAND: POST /session/c0099c8ef87d8f1a9c022bedeb80dcd8/execute/async - {"script":"<script> [1562 bytes]","args":[{"selector":{"id":"application-manageresources-display-component---newResourceUnit--PLANNING_GROUP-arrow"},"wdio_ui5_key":"applicationmanageresources-display-component---newResourceUnit--PLANNING_GROUP-arrow"}]}
COMMAND: GET /session/c0099c8ef87d8f1a9c022bedeb80dcd8/screenshot - {}
RESULT: {"script":"<script> [1562 bytes]","args":[{"selector":{"id":"application-manageresources-display-component---newResourceUnit--PLANNING_GROUP-arrow"},"wdio_ui5_key":"applicationmanageresources-display-component---newResourceUnit--PLANNING_GROUP-arrow"}]}
RESULT: undefined
COMMAND: POST /session/c0099c8ef87d8f1a9c022bedeb80dcd8/element - {"using":"xpath","value":"//*[@id=\"application-manageresources-display-component---newResourceUnit--PLANNING_GROUP-arrow\"]"}
RESULT: {}
RESULT: {"using":"xpath","value":"//*[@id=\"application-manageresources-display-component---newResourceUnit--PLANNING_GROUP-arrow\"]"}
COMMAND: POST /session/c0099c8ef87d8f1a9c022bedeb80dcd8/element/f.37E7500FB3BEF60B72C91044CCDB3F00.d.3924DEEC36B4CB855539F57CAE13BE89.e.3142/click - {}
RESULT: {}
COMMAND: POST /session/c0099c8ef87d8f1a9c022bedeb80dcd8/execute/async - {"script":"<script> [1562 bytes]","args":[{"selector":{"controlType":"sap.m.StandardListItem","viewName":"reusables.view.manageresources.NewResourceUnit","viewId":"application-manageresources-display-component---newResourceUnit","properties":{"title":"Heavy Equi"},"searchOpenDialogs":true,"interaction":{"idSuffix":"content"}},"wdio_ui5_key":"reusablesview.manageresources.NewResourceUnitsap.m.StandardListItem{\"title\":\"Heavy Equi\"}"}]}
COMMAND: GET /session/c0099c8ef87d8f1a9c022bedeb80dcd8/screenshot - {}
RESULT: {"script":"<script> [1562 bytes]","args":[{"selector":{"controlType":"sap.m.StandardListItem","viewName":"reusables.view.manageresources.NewResourceUnit","viewId":"application-manageresources-display-component---newResourceUnit","properties":{"title":"Heavy Equi"},"searchOpenDialogs":true,"interaction":{"idSuffix":"content"}},"wdio_ui5_key":"reusablesview.manageresources.NewResourceUnitsap.m.StandardListItem{\"title\":\"Heavy Equi\"}"}]}
RESULT: undefined
COMMAND: POST /session/c0099c8ef87d8f1a9c022bedeb80dcd8/element - {"using":"xpath","value":"//*[@id=\"__item1126\"]"}
RESULT: {}
RESULT: {"using":"xpath","value":"//*[@id=\"__item1126\"]"}
COMMAND: POST /session/c0099c8ef87d8f1a9c022bedeb80dcd8/element/f.37E7500FB3BEF60B72C91044CCDB3F00.d.3924DEEC36B4CB855539F57CAE13BE89.e.3144/click - {}
RESULT: {}
COMMAND: GET /session/c0099c8ef87d8f1a9c022bedeb80dcd8/screenshot - {}
RESULT: {}
COMMAND: POST /session/c0099c8ef87d8f1a9c022bedeb80dcd8/execute/async - {"script":"<script> [1562 bytes]","args":[{"selector":{"id":"application-manageresources-display-component---newResourceUnit--PLANNING_INDICATOR-arrow"},"wdio_ui5_key":"applicationmanageresources-display-component---newResourceUnit--PLANNING_INDICATOR-arrow"}]}
RESULT: {"script":"<script> [1562 bytes]","args":[{"selector":{"id":"application-manageresources-display-component---newResourceUnit--PLANNING_INDICATOR-arrow"},"wdio_ui5_key":"applicationmanageresources-display-component---newResourceUnit--PLANNING_INDICATOR-arrow"}]}
RESULT: undefined
COMMAND: POST /session/c0099c8ef87d8f1a9c022bedeb80dcd8/element - {"using":"xpath","value":"//*[@id=\"application-manageresources-display-component---newResourceUnit--PLANNING_INDICATOR-arrow\"]"}
RESULT: {"using":"xpath","value":"//*[@id=\"application-manageresources-display-component---newResourceUnit--PLANNING_INDICATOR-arrow\"]"}
COMMAND: POST /session/c0099c8ef87d8f1a9c022bedeb80dcd8/element/f.37E7500FB3BEF60B72C91044CCDB3F00.d.3924DEEC36B4CB855539F57CAE13BE89.e.3145/click - {}
RESULT: {}
COMMAND: POST /session/c0099c8ef87d8f1a9c022bedeb80dcd8/execute/async - {"script":"<script> [1562 bytes]","args":[{"selector":{"controlType":"sap.m.StandardListItem","viewName":"reusables.view.manageresources.NewResourceUnit","viewId":"application-manageresources-display-component---newResourceUnit","properties":{"title":"10 - infinite"},"searchOpenDialogs":true,"interaction":{"idSuffix":"content"}},"wdio_ui5_key":"reusablesview.manageresources.NewResourceUnitsap.m.StandardListItem{\"title\":\"10 - infinite\"}"}]}
COMMAND: GET /session/c0099c8ef87d8f1a9c022bedeb80dcd8/screenshot - {}
RESULT: {"script":"<script> [1562 bytes]","args":[{"selector":{"controlType":"sap.m.StandardListItem","viewName":"reusables.view.manageresources.NewResourceUnit","viewId":"application-manageresources-display-component---newResourceUnit","properties":{"title":"10 - infinite"},"searchOpenDialogs":true,"interaction":{"idSuffix":"content"}},"wdio_ui5_key":"reusablesview.manageresources.NewResourceUnitsap.m.StandardListItem{\"title\":\"10 - infinite\"}"}]}
RESULT: undefined
COMMAND: POST /session/c0099c8ef87d8f1a9c022bedeb80dcd8/element - {"using":"xpath","value":"//*[@id=\"__item1136\"]"}
RESULT: {}
RESULT: {"using":"xpath","value":"//*[@id=\"__item1136\"]"}
COMMAND: POST /session/c0099c8ef87d8f1a9c022bedeb80dcd8/element/f.37E7500FB3BEF60B72C91044CCDB3F00.d.3924DEEC36B4CB855539F57CAE13BE89.e.3147/click - {}
RESULT: {}
COMMAND: GET /session/c0099c8ef87d8f1a9c022bedeb80dcd8/screenshot - {}
RESULT: {}
COMMAND: POST /session/c0099c8ef87d8f1a9c022bedeb80dcd8/element - {"using":"xpath","value":"//bdi[contains(text(), \"Time Segment\")]"}
RESULT: {"using":"xpath","value":"//bdi[contains(text(), \"Time Segment\")]"}
COMMAND: GET /session/c0099c8ef87d8f1a9c022bedeb80dcd8/element/f.37E7500FB3BEF60B72C91044CCDB3F00.d.3924DEEC36B4CB855539F57CAE13BE89.e.3148/rect - {}
RESULT: {}
COMMAND: GET /session/c0099c8ef87d8f1a9c022bedeb80dcd8/window/rect - {}
RESULT: {}
COMMAND: POST /session/c0099c8ef87d8f1a9c022bedeb80dcd8/execute/sync - {"script":"<script> [92 bytes]","args":[]}
RESULT: {"script":"<script> [92 bytes]","args":[]}
COMMAND: POST /session/c0099c8ef87d8f1a9c022bedeb80dcd8/actions - {"actions":[{"id":"action13","type":"wheel","parameters":{},"actions":[{"type":"scroll","x":-1804,"y":-21,"deltaX":0,"deltaY":0,"duration":0,"origin":{"element-6066-11e4-a52e-4f735466cecf":"f.37E7500FB3BEF60B72C91044CCDB3F00.d.3924DEEC36B4CB855539F57CAE13BE89.e.3148"}}]}]}
COMMAND: GET /session/c0099c8ef87d8f1a9c022bedeb80dcd8/screenshot - {}
RESULT: {}
COMMAND: POST /session/c0099c8ef87d8f1a9c022bedeb80dcd8/execute/sync - {"script":"<script> [79 bytes]","args":[{"element-6066-11e4-a52e-4f735466cecf":"f.37E7500FB3BEF60B72C91044CCDB3F00.d.3924DEEC36B4CB855539F57CAE13BE89.e.3148","ELEMENT":"f.37E7500FB3BEF60B72C91044CCDB3F00.d.3924DEEC36B4CB855539F57CAE13BE89.e.3148"},{"block":"start","inline":"nearest"}]}
RESULT: {"script":"<script> [79 bytes]","args":[{"element-6066-11e4-a52e-4f735466cecf":"f.37E7500FB3BEF60B72C91044CCDB3F00.d.3924DEEC36B4CB855539F57CAE13BE89.e.3148","ELEMENT":"f.37E7500FB3BEF60B72C91044CCDB3F00.d.3924DEEC36B4CB855539F57CAE13BE89.e.3148"},{"block":"start","inline":"nearest"}]}
COMMAND: GET /session/c0099c8ef87d8f1a9c022bedeb80dcd8/screenshot - {}
RESULT: {}
COMMAND: POST /session/c0099c8ef87d8f1a9c022bedeb80dcd8/element - {"using":"xpath","value":"//span[@id=\"application-manageresources-display-component---newResourceUnit--btnAddTimeSegment-img\"]"}
RESULT: {"using":"xpath","value":"//span[@id=\"application-manageresources-display-component---newResourceUnit--btnAddTimeSegment-img\"]"}
COMMAND: POST /session/c0099c8ef87d8f1a9c022bedeb80dcd8/execute/sync - {"script":"<script> [8489 bytes]","args":[{"element-6066-11e4-a52e-4f735466cecf":"f.37E7500FB3BEF60B72C91044CCDB3F00.d.3924DEEC36B4CB855539F57CAE13BE89.e.3151","ELEMENT":"f.37E7500FB3BEF60B72C91044CCDB3F00.d.3924DEEC36B4CB855539F57CAE13BE89.e.3151"}]}
RESULT: {"script":"<script> [8489 bytes]","args":[{"element-6066-11e4-a52e-4f735466cecf":"f.37E7500FB3BEF60B72C91044CCDB3F00.d.3924DEEC36B4CB855539F57CAE13BE89.e.3151","ELEMENT":"f.37E7500FB3BEF60B72C91044CCDB3F00.d.3924DEEC36B4CB855539F57CAE13BE89.e.3151"}]}
COMMAND: POST /session/c0099c8ef87d8f1a9c022bedeb80dcd8/element/f.37E7500FB3BEF60B72C91044CCDB3F00.d.3924DEEC36B4CB855539F57CAE13BE89.e.3151/click - {}
COMMAND: GET /session/c0099c8ef87d8f1a9c022bedeb80dcd8/screenshot - {}
RESULT: {}
COMMAND: GET /session/c0099c8ef87d8f1a9c022bedeb80dcd8/screenshot - {}
RESULT: {}
RESULT: {}
COMMAND: POST /session/c0099c8ef87d8f1a9c022bedeb80dcd8/element - {"using":"xpath","value":"//input[@id=\"application-manageresources-display-component---newResourceUnit--idRuTSAdmin-application-manageresources-display-component---newResourceUnit--RUTimeSegment-0-inner\"]"}
RESULT: {"using":"xpath","value":"//input[@id=\"application-manageresources-display-component---newResourceUnit--idRuTSAdmin-application-manageresources-display-component---newResourceUnit--RUTimeSegment-0-inner\"]"}
COMMAND: POST /session/c0099c8ef87d8f1a9c022bedeb80dcd8/element/f.37E7500FB3BEF60B72C91044CCDB3F00.d.3924DEEC36B4CB855539F57CAE13BE89.e.3154/clear - {}
RESULT: {}
COMMAND: POST /session/c0099c8ef87d8f1a9c022bedeb80dcd8/element/f.37E7500FB3BEF60B72C91044CCDB3F00.d.3924DEEC36B4CB855539F57CAE13BE89.e.3154/value - {"text":"506"}
COMMAND: GET /session/c0099c8ef87d8f1a9c022bedeb80dcd8/screenshot - {}
RESULT: {"text":"506"}
COMMAND: GET /session/c0099c8ef87d8f1a9c022bedeb80dcd8/screenshot - {}
RESULT: {}
RESULT: {}
COMMAND: POST /session/c0099c8ef87d8f1a9c022bedeb80dcd8/actions - {"actions":[{"id":"action14","type":"key","parameters":{},"actions":[{"type":"keyDown","value":"î€‡"},{"type":"pause","duration":10},{"type":"keyUp","value":"î€‡"}]}]}
RESULT: {"actions":[{"id":"action14","type":"key","parameters":{},"actions":[{"type":"keyDown","value":"î€‡"},{"type":"pause","duration":10},{"type":"keyUp","value":"î€‡"}]}]}
COMMAND: POST /session/c0099c8ef87d8f1a9c022bedeb80dcd8/execute/async - {"script":"<script> [1562 bytes]","args":[{"selector":{"controlType":"sap.m.Button","viewName":"reusables.view.manageresources.NewResourceUnit","viewId":"application-manageresources-display-component---newResourceUnit","i18NText":{"propertyName":"tooltip","key":"save"},"interaction":{"idSuffix":"BDI-content"}},"wdio_ui5_key":"reusablesview.manageresources.NewResourceUnitsap.m.Button{\"propertyName\":\"tooltip\",\"key\":\"save\"}"}]}
COMMAND: GET /session/c0099c8ef87d8f1a9c022bedeb80dcd8/screenshot - {}
RESULT: {"script":"<script> [1562 bytes]","args":[{"selector":{"controlType":"sap.m.Button","viewName":"reusables.view.manageresources.NewResourceUnit","viewId":"application-manageresources-display-component---newResourceUnit","i18NText":{"propertyName":"tooltip","key":"save"},"interaction":{"idSuffix":"BDI-content"}},"wdio_ui5_key":"reusablesview.manageresources.NewResourceUnitsap.m.Button{\"propertyName\":\"tooltip\",\"key\":\"save\"}"}]}
RESULT: undefined
COMMAND: POST /session/c0099c8ef87d8f1a9c022bedeb80dcd8/element - {"using":"xpath","value":"//*[@id=\"application-manageresources-display-component---newResourceUnit--createRuButton\"]"}
RESULT: {}
RESULT: {"using":"xpath","value":"//*[@id=\"application-manageresources-display-component---newResourceUnit--createRuButton\"]"}
COMMAND: POST /session/c0099c8ef87d8f1a9c022bedeb80dcd8/element/f.37E7500FB3BEF60B72C91044CCDB3F00.d.3924DEEC36B4CB855539F57CAE13BE89.e.3077/click - {}
RESULT: {}
COMMAND: GET /session/c0099c8ef87d8f1a9c022bedeb80dcd8/screenshot - {}
RESULT: {}
COMMAND: POST /session/c0099c8ef87d8f1a9c022bedeb80dcd8/execute/async - {"script":"<script> [1562 bytes]","args":[{"selector":{"controlType":"sap.m.Title","properties":{"text":"Success"},"searchOpenDialogs":true},"wdio_ui5_key":"sapm.Title{\"text\":\"Success\"}"}]}
RESULT: {"script":"<script> [1562 bytes]","args":[{"selector":{"controlType":"sap.m.Title","properties":{"text":"Success"},"searchOpenDialogs":true},"wdio_ui5_key":"sapm.Title{\"text\":\"Success\"}"}]}
RESULT: undefined
COMMAND: POST /session/c0099c8ef87d8f1a9c022bedeb80dcd8/execute/async - {"script":"<script> [6424 bytes]","args":[{"element-6066-11e4-a52e-4f735466cecf":"f.37E7500FB3BEF60B72C91044CCDB3F00.d.3924DEEC36B4CB855539F57CAE13BE89.e.3168"},"getText",[]]}
RESULT: {"script":"<script> [6424 bytes]","args":[{"element-6066-11e4-a52e-4f735466cecf":"f.37E7500FB3BEF60B72C91044CCDB3F00.d.3924DEEC36B4CB855539F57CAE13BE89.e.3168"},"getText",[]]}
COMMAND: POST /session/c0099c8ef87d8f1a9c022bedeb80dcd8/element - {"using":"xpath","value":"//*[contains(@id, '__text') and (contains(text(), 'successfully created') or contains(., 'successfully created'))]"}
RESULT: {"using":"xpath","value":"//*[contains(@id, '__text') and (contains(text(), 'successfully created') or contains(., 'successfully created'))]"}
COMMAND: GET /session/c0099c8ef87d8f1a9c022bedeb80dcd8/element/f.37E7500FB3BEF60B72C91044CCDB3F00.d.3924DEEC36B4CB855539F57CAE13BE89.e.3167/text - {}
RESULT: {}
COMMAND: POST /session/c0099c8ef87d8f1a9c022bedeb80dcd8/execute/async - {"script":"<script> [1562 bytes]","args":[{"selector":{"controlType":"sap.m.Button","properties":{"text":"Close"},"searchOpenDialogs":true,"interaction":{"idSuffix":"BDI-content"}},"wdio_ui5_key":"sapm.Button{\"text\":\"Close\"}"}]}
RESULT: {"script":"<script> [1562 bytes]","args":[{"selector":{"controlType":"sap.m.Button","properties":{"text":"Close"},"searchOpenDialogs":true,"interaction":{"idSuffix":"BDI-content"}},"wdio_ui5_key":"sapm.Button{\"text\":\"Close\"}"}]}
RESULT: undefined
COMMAND: POST /session/c0099c8ef87d8f1a9c022bedeb80dcd8/element - {"using":"xpath","value":"//*[@id=\"__mbox-btn-0\"]"}
RESULT: {"using":"xpath","value":"//*[@id=\"__mbox-btn-0\"]"}
COMMAND: POST /session/c0099c8ef87d8f1a9c022bedeb80dcd8/element/f.37E7500FB3BEF60B72C91044CCDB3F00.d.3924DEEC36B4CB855539F57CAE13BE89.e.3164/click - {}
RESULT: {}
COMMAND: GET /session/c0099c8ef87d8f1a9c022bedeb80dcd8/screenshot - {}
RESULT: {}
COMMAND: POST /session/c0099c8ef87d8f1a9c022bedeb80dcd8/execute/async - {"script":"<script> [1562 bytes]","args":[{"selector":{"controlType":"sap.ui.core.Icon","viewName":"etm.portal.ui.manageresources.view.Detail","viewId":"application-manageresources-display-component---detailRU","properties":{"src":{"regex":{"source":"overflow"}}}},"wdio_ui5_key":"etmportal.ui.manageresources.view.Detailsap.ui.core.Icon{\"src\":{\"regex\":{\"source\":\"overflow\"}}}"}]}
RESULT: {"script":"<script> [1562 bytes]","args":[{"selector":{"controlType":"sap.ui.core.Icon","viewName":"etm.portal.ui.manageresources.view.Detail","viewId":"application-manageresources-display-component---detailRU","properties":{"src":{"regex":{"source":"overflow"}}}},"wdio_ui5_key":"etmportal.ui.manageresources.view.Detailsap.ui.core.Icon{\"src\":{\"regex\":{\"source\":\"overflow\"}}}"}]}
RESULT: undefined
COMMAND: POST /session/c0099c8ef87d8f1a9c022bedeb80dcd8/element - {"using":"xpath","value":"//*[@id=\"__title35-_actionsToolbar-overflowButton-img\"]"}
RESULT: {"using":"xpath","value":"//*[@id=\"__title35-_actionsToolbar-overflowButton-img\"]"}
COMMAND: POST /session/c0099c8ef87d8f1a9c022bedeb80dcd8/element/f.37E7500FB3BEF60B72C91044CCDB3F00.d.3924DEEC36B4CB855539F57CAE13BE89.e.3200/click - {}
RESULT: {}
COMMAND: POST /session/c0099c8ef87d8f1a9c022bedeb80dcd8/execute/async - {"script":"<script> [1562 bytes]","args":[{"selector":{"controlType":"sap.m.Button","viewName":"etm.portal.ui.manageresources.view.Detail","viewId":"application-manageresources-display-component---detailRU","i18NText":{"propertyName":"tooltip","key":"closeColumn"},"searchOpenDialogs":true,"interaction":{"idSuffix":"inner"}},"wdio_ui5_key":"etmportal.ui.manageresources.view.Detailsap.m.Button{\"propertyName\":\"tooltip\",\"key\":\"closeColumn\"}"}]}
COMMAND: GET /session/c0099c8ef87d8f1a9c022bedeb80dcd8/screenshot - {}
RESULT: {"script":"<script> [1562 bytes]","args":[{"selector":{"controlType":"sap.m.Button","viewName":"etm.portal.ui.manageresources.view.Detail","viewId":"application-manageresources-display-component---detailRU","i18NText":{"propertyName":"tooltip","key":"closeColumn"},"searchOpenDialogs":true,"interaction":{"idSuffix":"inner"}},"wdio_ui5_key":"etmportal.ui.manageresources.view.Detailsap.m.Button{\"propertyName\":\"tooltip\",\"key\":\"closeColumn\"}"}]}
RESULT: undefined
COMMAND: POST /session/c0099c8ef87d8f1a9c022bedeb80dcd8/element - {"using":"xpath","value":"//*[@id=\"__button146\"]"}
RESULT: {}
RESULT: {"using":"xpath","value":"//*[@id=\"__button146\"]"}
COMMAND: POST /session/c0099c8ef87d8f1a9c022bedeb80dcd8/element/f.37E7500FB3BEF60B72C91044CCDB3F00.d.3924DEEC36B4CB855539F57CAE13BE89.e.3202/click - {}
RESULT: {}
COMMAND: POST /session/c0099c8ef87d8f1a9c022bedeb80dcd8/element - {"using":"css selector","value":"#shell-header-logo"}
COMMAND: GET /session/c0099c8ef87d8f1a9c022bedeb80dcd8/screenshot - {}
RESULT: {"using":"css selector","value":"#shell-header-logo"}
COMMAND: POST /session/c0099c8ef87d8f1a9c022bedeb80dcd8/element/f.37E7500FB3BEF60B72C91044CCDB3F00.d.3924DEEC36B4CB855539F57CAE13BE89.e.2666/click - {}
RESULT: {}
RESULT: {}
COMMAND: GET /session/c0099c8ef87d8f1a9c022bedeb80dcd8/screenshot - {}
RESULT: {}
]]></system-out>
    </testcase>
    <testcase classname="chrome.135_0_7049_96.windows.Stock_increase_-_with_WHM_US125587" name="Bin Status Report Should Create New Organization yard" time="45.532">
      <system-out><![CDATA[
COMMAND: POST /session/c0099c8ef87d8f1a9c022bedeb80dcd8/element - {"using":"xpath","value":"//div[text()='Warehouse']"}
RESULT: {"using":"xpath","value":"//div[text()='Warehouse']"}
COMMAND: POST /session/c0099c8ef87d8f1a9c022bedeb80dcd8/elements - {"using":"xpath","value":"//div[text()='Warehouse']"}
RESULT: {"using":"xpath","value":"//div[text()='Warehouse']"}
COMMAND: POST /session/c0099c8ef87d8f1a9c022bedeb80dcd8/element/f.37E7500FB3BEF60B72C91044CCDB3F00.d.3924DEEC36B4CB855539F57CAE13BE89.e.3307/click - {}
RESULT: {}
COMMAND: POST /session/c0099c8ef87d8f1a9c022bedeb80dcd8/execute/async - {"script":"<script> [1562 bytes]","args":[{"selector":{"controlType":"sap.m.GenericTile","properties":{"header":"Bin Status Report"}},"wdio_ui5_key":"sapm.GenericTile{\"header\":\"Bin Status Report\"}"}]}
COMMAND: GET /session/c0099c8ef87d8f1a9c022bedeb80dcd8/screenshot - {}
RESULT: {"script":"<script> [1562 bytes]","args":[{"selector":{"controlType":"sap.m.GenericTile","properties":{"header":"Bin Status Report"}},"wdio_ui5_key":"sapm.GenericTile{\"header\":\"Bin Status Report\"}"}]}
RESULT: undefined
COMMAND: POST /session/c0099c8ef87d8f1a9c022bedeb80dcd8/element - {"using":"xpath","value":"//*[@id=\"__tile108\"]"}
RESULT: {}
RESULT: {"using":"xpath","value":"//*[@id=\"__tile108\"]"}
COMMAND: POST /session/c0099c8ef87d8f1a9c022bedeb80dcd8/element/f.37E7500FB3BEF60B72C91044CCDB3F00.d.3924DEEC36B4CB855539F57CAE13BE89.e.3310/click - {}
RESULT: {}
COMMAND: GET /session/c0099c8ef87d8f1a9c022bedeb80dcd8/screenshot - {}
RESULT: {}
COMMAND: POST /session/c0099c8ef87d8f1a9c022bedeb80dcd8/element - {"using":"xpath","value":"//bdi[text()='Create New Organization']"}
RESULT: {"using":"xpath","value":"//bdi[text()='Create New Organization']"}
COMMAND: POST /session/c0099c8ef87d8f1a9c022bedeb80dcd8/elements - {"using":"xpath","value":"//bdi[text()='Create New Organization']"}
RESULT: {"using":"xpath","value":"//bdi[text()='Create New Organization']"}
COMMAND: POST /session/c0099c8ef87d8f1a9c022bedeb80dcd8/element/f.37E7500FB3BEF60B72C91044CCDB3F00.d.3924DEEC36B4CB855539F57CAE13BE89.e.3677/click - {}
RESULT: {}
COMMAND: POST /session/c0099c8ef87d8f1a9c022bedeb80dcd8/execute/async - {"script":"<script> [1562 bytes]","args":[{"selector":{"id":"createOrganizationPop--sectionInput","searchOpenDialogs":true,"interaction":{"idSuffix":"inner"}},"wdio_ui5_key":"createOrganizationPopsectionInput"}]}
COMMAND: GET /session/c0099c8ef87d8f1a9c022bedeb80dcd8/screenshot - {}
RESULT: {"script":"<script> [1562 bytes]","args":[{"selector":{"id":"createOrganizationPop--sectionInput","searchOpenDialogs":true,"interaction":{"idSuffix":"inner"}},"wdio_ui5_key":"createOrganizationPopsectionInput"}]}
RESULT: undefined
COMMAND: POST /session/c0099c8ef87d8f1a9c022bedeb80dcd8/execute/async - {"script":"<script> [776 bytes]","args":[{"enterText":"WHIlxalg","selector":{"id":"createOrganizationPop--sectionInput","searchOpenDialogs":true,"interaction":{"idSuffix":"inner"}},"clearTextFirst":true,"interactionType":"ENTER_TEXT"}]}
RESULT: {}
RESULT: {"script":"<script> [776 bytes]","args":[{"enterText":"WHIlxalg","selector":{"id":"createOrganizationPop--sectionInput","searchOpenDialogs":true,"interaction":{"idSuffix":"inner"}},"clearTextFirst":true,"interactionType":"ENTER_TEXT"}]}
COMMAND: POST /session/c0099c8ef87d8f1a9c022bedeb80dcd8/execute/async - {"script":"<script> [1562 bytes]","args":[{"selector":{"id":"createOrganizationPop--descriptionInput","searchOpenDialogs":true,"interaction":{"idSuffix":"inner"}},"wdio_ui5_key":"createOrganizationPopdescriptionInput"}]}
RESULT: {"script":"<script> [1562 bytes]","args":[{"selector":{"id":"createOrganizationPop--descriptionInput","searchOpenDialogs":true,"interaction":{"idSuffix":"inner"}},"wdio_ui5_key":"createOrganizationPopdescriptionInput"}]}
RESULT: undefined
COMMAND: POST /session/c0099c8ef87d8f1a9c022bedeb80dcd8/execute/async - {"script":"<script> [776 bytes]","args":[{"enterText":"WHIlxalg","selector":{"id":"createOrganizationPop--descriptionInput","searchOpenDialogs":true,"interaction":{"idSuffix":"inner"}},"clearTextFirst":true,"interactionType":"ENTER_TEXT"}]}
RESULT: {"script":"<script> [776 bytes]","args":[{"enterText":"WHIlxalg","selector":{"id":"createOrganizationPop--descriptionInput","searchOpenDialogs":true,"interaction":{"idSuffix":"inner"}},"clearTextFirst":true,"interactionType":"ENTER_TEXT"}]}
COMMAND: POST /session/c0099c8ef87d8f1a9c022bedeb80dcd8/element - {"using":"css selector","value":"#createOrganizationPop--yardOrg-inner"}
RESULT: {"using":"css selector","value":"#createOrganizationPop--yardOrg-inner"}
COMMAND: POST /session/c0099c8ef87d8f1a9c022bedeb80dcd8/element/f.37E7500FB3BEF60B72C91044CCDB3F00.d.3924DEEC36B4CB855539F57CAE13BE89.e.3680/clear - {}
RESULT: {}
COMMAND: POST /session/c0099c8ef87d8f1a9c022bedeb80dcd8/element/f.37E7500FB3BEF60B72C91044CCDB3F00.d.3924DEEC36B4CB855539F57CAE13BE89.e.3680/value - {"text":"506"}
COMMAND: GET /session/c0099c8ef87d8f1a9c022bedeb80dcd8/screenshot - {}
RESULT: {"text":"506"}
COMMAND: GET /session/c0099c8ef87d8f1a9c022bedeb80dcd8/screenshot - {}
RESULT: {}
RESULT: {}
COMMAND: POST /session/c0099c8ef87d8f1a9c022bedeb80dcd8/actions - {"actions":[{"id":"action15","type":"key","parameters":{},"actions":[{"type":"keyDown","value":"î€‡"},{"type":"pause","duration":10},{"type":"keyUp","value":"î€‡"}]}]}
RESULT: {"actions":[{"id":"action15","type":"key","parameters":{},"actions":[{"type":"keyDown","value":"î€‡"},{"type":"pause","duration":10},{"type":"keyUp","value":"î€‡"}]}]}
COMMAND: POST /session/c0099c8ef87d8f1a9c022bedeb80dcd8/execute/async - {"script":"<script> [1562 bytes]","args":[{"selector":{"id":"createOrganizationPop--grZone","searchOpenDialogs":true,"interaction":{"idSuffix":"CbBg"}},"wdio_ui5_key":"createOrganizationPopgrZone"}]}
COMMAND: GET /session/c0099c8ef87d8f1a9c022bedeb80dcd8/screenshot - {}
RESULT: {"script":"<script> [1562 bytes]","args":[{"selector":{"id":"createOrganizationPop--grZone","searchOpenDialogs":true,"interaction":{"idSuffix":"CbBg"}},"wdio_ui5_key":"createOrganizationPopgrZone"}]}
RESULT: undefined
COMMAND: POST /session/c0099c8ef87d8f1a9c022bedeb80dcd8/element - {"using":"xpath","value":"//*[@id=\"createOrganizationPop--grZone\"]"}
RESULT: {}
RESULT: {"using":"xpath","value":"//*[@id=\"createOrganizationPop--grZone\"]"}
COMMAND: POST /session/c0099c8ef87d8f1a9c022bedeb80dcd8/element/f.37E7500FB3BEF60B72C91044CCDB3F00.d.3924DEEC36B4CB855539F57CAE13BE89.e.3701/click - {}
RESULT: {}
COMMAND: POST /session/c0099c8ef87d8f1a9c022bedeb80dcd8/execute/async - {"script":"<script> [1562 bytes]","args":[{"selector":{"id":"createOrganizationPop--giZone","searchOpenDialogs":true,"interaction":{"idSuffix":"CbBg"}},"wdio_ui5_key":"createOrganizationPopgiZone"}]}
COMMAND: GET /session/c0099c8ef87d8f1a9c022bedeb80dcd8/screenshot - {}
RESULT: {"script":"<script> [1562 bytes]","args":[{"selector":{"id":"createOrganizationPop--giZone","searchOpenDialogs":true,"interaction":{"idSuffix":"CbBg"}},"wdio_ui5_key":"createOrganizationPopgiZone"}]}
RESULT: undefined
COMMAND: POST /session/c0099c8ef87d8f1a9c022bedeb80dcd8/element - {"using":"xpath","value":"//*[@id=\"createOrganizationPop--giZone\"]"}
RESULT: {}
RESULT: {"using":"xpath","value":"//*[@id=\"createOrganizationPop--giZone\"]"}
COMMAND: POST /session/c0099c8ef87d8f1a9c022bedeb80dcd8/element/f.37E7500FB3BEF60B72C91044CCDB3F00.d.3924DEEC36B4CB855539F57CAE13BE89.e.3703/click - {}
RESULT: {}
COMMAND: POST /session/c0099c8ef87d8f1a9c022bedeb80dcd8/execute/async - {"script":"<script> [1562 bytes]","args":[{"selector":{"id":"createOrganizationPop--binNoInput","searchOpenDialogs":true,"interaction":{"idSuffix":"inner"}},"wdio_ui5_key":"createOrganizationPopbinNoInput"}]}
COMMAND: GET /session/c0099c8ef87d8f1a9c022bedeb80dcd8/screenshot - {}
RESULT: {"script":"<script> [1562 bytes]","args":[{"selector":{"id":"createOrganizationPop--binNoInput","searchOpenDialogs":true,"interaction":{"idSuffix":"inner"}},"wdio_ui5_key":"createOrganizationPopbinNoInput"}]}
RESULT: undefined
COMMAND: POST /session/c0099c8ef87d8f1a9c022bedeb80dcd8/execute/async - {"script":"<script> [776 bytes]","args":[{"enterText":"Bin-Wd","selector":{"id":"createOrganizationPop--binNoInput","searchOpenDialogs":true,"interaction":{"idSuffix":"inner"}},"clearTextFirst":true,"interactionType":"ENTER_TEXT"}]}
RESULT: {}
RESULT: {"script":"<script> [776 bytes]","args":[{"enterText":"Bin-Wd","selector":{"id":"createOrganizationPop--binNoInput","searchOpenDialogs":true,"interaction":{"idSuffix":"inner"}},"clearTextFirst":true,"interactionType":"ENTER_TEXT"}]}
COMMAND: POST /session/c0099c8ef87d8f1a9c022bedeb80dcd8/execute/async - {"script":"<script> [1562 bytes]","args":[{"selector":{"id":"createOrganizationPop--descriptionId","searchOpenDialogs":true,"interaction":{"idSuffix":"inner"}},"wdio_ui5_key":"createOrganizationPopdescriptionId"}]}
RESULT: {"script":"<script> [1562 bytes]","args":[{"selector":{"id":"createOrganizationPop--descriptionId","searchOpenDialogs":true,"interaction":{"idSuffix":"inner"}},"wdio_ui5_key":"createOrganizationPopdescriptionId"}]}
RESULT: undefined
COMMAND: POST /session/c0099c8ef87d8f1a9c022bedeb80dcd8/execute/async - {"script":"<script> [776 bytes]","args":[{"enterText":"Shipping-Wd","selector":{"id":"createOrganizationPop--descriptionId","searchOpenDialogs":true,"interaction":{"idSuffix":"inner"}},"clearTextFirst":true,"interactionType":"ENTER_TEXT"}]}
RESULT: {"script":"<script> [776 bytes]","args":[{"enterText":"Shipping-Wd","selector":{"id":"createOrganizationPop--descriptionId","searchOpenDialogs":true,"interaction":{"idSuffix":"inner"}},"clearTextFirst":true,"interactionType":"ENTER_TEXT"}]}
COMMAND: POST /session/c0099c8ef87d8f1a9c022bedeb80dcd8/execute/async - {"script":"<script> [1562 bytes]","args":[{"selector":{"controlType":"sap.m.CheckBox","viewName":"etm.portal.ui.binstatusreport.view.MasterWareBins","viewId":"application-binstatusreport-display-component---warehousing","bindingPath":{"path":"","propertyPath":"/ZONE","modelName":"newBin"},"searchOpenDialogs":true,"interaction":{"idSuffix":"CbBg"}},"wdio_ui5_key":"etmportal.ui.binstatusreport.view.MasterWareBinssap.m.CheckBox{\"path\":\"\",\"propertyPath\":\"/ZONE\",\"modelName\":\"newBin\"}"}]}
RESULT: {"script":"<script> [1562 bytes]","args":[{"selector":{"controlType":"sap.m.CheckBox","viewName":"etm.portal.ui.binstatusreport.view.MasterWareBins","viewId":"application-binstatusreport-display-component---warehousing","bindingPath":{"path":"","propertyPath":"/ZONE","modelName":"newBin"},"searchOpenDialogs":true,"interaction":{"idSuffix":"CbBg"}},"wdio_ui5_key":"etmportal.ui.binstatusreport.view.MasterWareBinssap.m.CheckBox{\"path\":\"\",\"propertyPath\":\"/ZONE\",\"modelName\":\"newBin\"}"}]}
RESULT: undefined
COMMAND: POST /session/c0099c8ef87d8f1a9c022bedeb80dcd8/element - {"using":"xpath","value":"//*[@id=\"__box41\"]"}
RESULT: {"using":"xpath","value":"//*[@id=\"__box41\"]"}
COMMAND: POST /session/c0099c8ef87d8f1a9c022bedeb80dcd8/element/f.37E7500FB3BEF60B72C91044CCDB3F00.d.3924DEEC36B4CB855539F57CAE13BE89.e.3707/click - {}
RESULT: {}
COMMAND: POST /session/c0099c8ef87d8f1a9c022bedeb80dcd8/execute/async - {"script":"<script> [1562 bytes]","args":[{"selector":{"id":"createOrganizationPop--binTypesCB-arrow","searchOpenDialogs":true},"wdio_ui5_key":"createOrganizationPopbinTypesCB-arrow"}]}
COMMAND: GET /session/c0099c8ef87d8f1a9c022bedeb80dcd8/screenshot - {}
RESULT: {"script":"<script> [1562 bytes]","args":[{"selector":{"id":"createOrganizationPop--binTypesCB-arrow","searchOpenDialogs":true},"wdio_ui5_key":"createOrganizationPopbinTypesCB-arrow"}]}
RESULT: undefined
COMMAND: POST /session/c0099c8ef87d8f1a9c022bedeb80dcd8/element - {"using":"xpath","value":"//*[@id=\"createOrganizationPop--binTypesCB-arrow\"]"}
RESULT: {}
RESULT: {"using":"xpath","value":"//*[@id=\"createOrganizationPop--binTypesCB-arrow\"]"}
COMMAND: POST /session/c0099c8ef87d8f1a9c022bedeb80dcd8/element/f.37E7500FB3BEF60B72C91044CCDB3F00.d.3924DEEC36B4CB855539F57CAE13BE89.e.3708/click - {}
RESULT: {}
COMMAND: POST /session/c0099c8ef87d8f1a9c022bedeb80dcd8/execute/async - {"script":"<script> [1562 bytes]","args":[{"selector":{"id":"createOrganizationPop--binTypesCB","searchOpenDialogs":true,"interaction":{"idSuffix":"inner"}},"wdio_ui5_key":"createOrganizationPopbinTypesCB"}]}
COMMAND: GET /session/c0099c8ef87d8f1a9c022bedeb80dcd8/screenshot - {}
RESULT: {"script":"<script> [1562 bytes]","args":[{"selector":{"id":"createOrganizationPop--binTypesCB","searchOpenDialogs":true,"interaction":{"idSuffix":"inner"}},"wdio_ui5_key":"createOrganizationPopbinTypesCB"}]}
RESULT: undefined
COMMAND: POST /session/c0099c8ef87d8f1a9c022bedeb80dcd8/execute/async - {"script":"<script> [776 bytes]","args":[{"enterText":"1 - General / No capacity check","selector":{"id":"createOrganizationPop--binTypesCB","searchOpenDialogs":true,"interaction":{"idSuffix":"inner"}},"clearTextFirst":true,"interactionType":"ENTER_TEXT"}]}
RESULT: {}
RESULT: {"script":"<script> [776 bytes]","args":[{"enterText":"1 - General / No capacity check","selector":{"id":"createOrganizationPop--binTypesCB","searchOpenDialogs":true,"interaction":{"idSuffix":"inner"}},"clearTextFirst":true,"interactionType":"ENTER_TEXT"}]}
COMMAND: POST /session/c0099c8ef87d8f1a9c022bedeb80dcd8/actions - {"actions":[{"id":"action16","type":"key","parameters":{},"actions":[{"type":"keyDown","value":"î€‡"},{"type":"pause","duration":10},{"type":"keyUp","value":"î€‡"}]}]}
RESULT: {"actions":[{"id":"action16","type":"key","parameters":{},"actions":[{"type":"keyDown","value":"î€‡"},{"type":"pause","duration":10},{"type":"keyUp","value":"î€‡"}]}]}
COMMAND: GET /session/c0099c8ef87d8f1a9c022bedeb80dcd8/screenshot - {}
RESULT: {}
COMMAND: POST /session/c0099c8ef87d8f1a9c022bedeb80dcd8/execute/async - {"script":"<script> [1562 bytes]","args":[{"selector":{"id":"createOrganizationPop--finishBtn","searchOpenDialogs":true,"interaction":{"idSuffix":"BDI-content"}},"wdio_ui5_key":"createOrganizationPopfinishBtn"}]}
RESULT: {"script":"<script> [1562 bytes]","args":[{"selector":{"id":"createOrganizationPop--finishBtn","searchOpenDialogs":true,"interaction":{"idSuffix":"BDI-content"}},"wdio_ui5_key":"createOrganizationPopfinishBtn"}]}
RESULT: undefined
COMMAND: POST /session/c0099c8ef87d8f1a9c022bedeb80dcd8/element - {"using":"xpath","value":"//*[@id=\"createOrganizationPop--finishBtn\"]"}
RESULT: {"using":"xpath","value":"//*[@id=\"createOrganizationPop--finishBtn\"]"}
COMMAND: POST /session/c0099c8ef87d8f1a9c022bedeb80dcd8/element/f.37E7500FB3BEF60B72C91044CCDB3F00.d.3924DEEC36B4CB855539F57CAE13BE89.e.3711/click - {}
RESULT: {}
]]></system-out>
    </testcase>
    <testcase classname="chrome.135_0_7049_96.windows.Stock_increase_-_with_WHM_US125587" name="Bin Status Report Should Create New Organization for Site" time="59.693">
      <system-out><![CDATA[
COMMAND: GET /session/c0099c8ef87d8f1a9c022bedeb80dcd8/screenshot - {}
RESULT: {}
COMMAND: POST /session/c0099c8ef87d8f1a9c022bedeb80dcd8/execute/async - {"script":"<script> [1562 bytes]","args":[{"selector":{"id":"application-binstatusreport-display-component---warehousing--createOrgBtn","interaction":{"idSuffix":"content"}},"wdio_ui5_key":"applicationbinstatusreport-display-component---warehousing--createOrgBtn"}]}
RESULT: {"script":"<script> [1562 bytes]","args":[{"selector":{"id":"application-binstatusreport-display-component---warehousing--createOrgBtn","interaction":{"idSuffix":"content"}},"wdio_ui5_key":"applicationbinstatusreport-display-component---warehousing--createOrgBtn"}]}
RESULT: undefined
COMMAND: POST /session/c0099c8ef87d8f1a9c022bedeb80dcd8/element - {"using":"xpath","value":"//*[@id=\"application-binstatusreport-display-component---warehousing--createOrgBtn\"]"}
RESULT: {"using":"xpath","value":"//*[@id=\"application-binstatusreport-display-component---warehousing--createOrgBtn\"]"}
COMMAND: POST /session/c0099c8ef87d8f1a9c022bedeb80dcd8/element/f.37E7500FB3BEF60B72C91044CCDB3F00.d.3924DEEC36B4CB855539F57CAE13BE89.e.3367/click - {}
RESULT: {}
RESULT: undefined
COMMAND: POST /session/c0099c8ef87d8f1a9c022bedeb80dcd8/execute/async - {"script":"<script> [776 bytes]","args":[{"enterText":"2341","selector":{"id":"createOrganizationPop--sectionInput","searchOpenDialogs":true,"interaction":{"idSuffix":"inner"}},"clearTextFirst":true,"interactionType":"ENTER_TEXT"}]}
COMMAND: GET /session/c0099c8ef87d8f1a9c022bedeb80dcd8/screenshot - {}
RESULT: {"script":"<script> [776 bytes]","args":[{"enterText":"2341","selector":{"id":"createOrganizationPop--sectionInput","searchOpenDialogs":true,"interaction":{"idSuffix":"inner"}},"clearTextFirst":true,"interactionType":"ENTER_TEXT"}]}
RESULT: undefined
COMMAND: POST /session/c0099c8ef87d8f1a9c022bedeb80dcd8/execute/async - {"script":"<script> [776 bytes]","args":[{"enterText":"2341","selector":{"id":"createOrganizationPop--descriptionInput","searchOpenDialogs":true,"interaction":{"idSuffix":"inner"}},"clearTextFirst":true,"interactionType":"ENTER_TEXT"}]}
RESULT: {}
RESULT: {"script":"<script> [776 bytes]","args":[{"enterText":"2341","selector":{"id":"createOrganizationPop--descriptionInput","searchOpenDialogs":true,"interaction":{"idSuffix":"inner"}},"clearTextFirst":true,"interactionType":"ENTER_TEXT"}]}
COMMAND: POST /session/c0099c8ef87d8f1a9c022bedeb80dcd8/element - {"using":"css selector","value":"#createOrganizationPop--siteOrg-inner"}
RESULT: {"using":"css selector","value":"#createOrganizationPop--siteOrg-inner"}
COMMAND: POST /session/c0099c8ef87d8f1a9c022bedeb80dcd8/element/f.37E7500FB3BEF60B72C91044CCDB3F00.d.3924DEEC36B4CB855539F57CAE13BE89.e.3718/clear - {}
RESULT: {}
COMMAND: POST /session/c0099c8ef87d8f1a9c022bedeb80dcd8/element/f.37E7500FB3BEF60B72C91044CCDB3F00.d.3924DEEC36B4CB855539F57CAE13BE89.e.3718/value - {"text":"2341"}
COMMAND: GET /session/c0099c8ef87d8f1a9c022bedeb80dcd8/screenshot - {}
RESULT: {"text":"2341"}
COMMAND: GET /session/c0099c8ef87d8f1a9c022bedeb80dcd8/screenshot - {}
RESULT: {}
RESULT: {}
COMMAND: POST /session/c0099c8ef87d8f1a9c022bedeb80dcd8/actions - {"actions":[{"id":"action17","type":"key","parameters":{},"actions":[{"type":"keyDown","value":"î€‡"},{"type":"pause","duration":10},{"type":"keyUp","value":"î€‡"}]}]}
RESULT: {"actions":[{"id":"action17","type":"key","parameters":{},"actions":[{"type":"keyDown","value":"î€‡"},{"type":"pause","duration":10},{"type":"keyUp","value":"î€‡"}]}]}
RESULT: undefined
COMMAND: POST /session/c0099c8ef87d8f1a9c022bedeb80dcd8/element - {"using":"xpath","value":"//*[@id=\"createOrganizationPop--giZone\"]"}
COMMAND: GET /session/c0099c8ef87d8f1a9c022bedeb80dcd8/screenshot - {}
RESULT: {"using":"xpath","value":"//*[@id=\"createOrganizationPop--giZone\"]"}
COMMAND: POST /session/c0099c8ef87d8f1a9c022bedeb80dcd8/element/f.37E7500FB3BEF60B72C91044CCDB3F00.d.3924DEEC36B4CB855539F57CAE13BE89.e.3736/click - {}
RESULT: {}
RESULT: {}
RESULT: undefined
COMMAND: POST /session/c0099c8ef87d8f1a9c022bedeb80dcd8/execute/async - {"script":"<script> [776 bytes]","args":[{"enterText":"WD-BIN","selector":{"id":"createOrganizationPop--binNoInput","searchOpenDialogs":true,"interaction":{"idSuffix":"inner"}},"clearTextFirst":true,"interactionType":"ENTER_TEXT"}]}
COMMAND: GET /session/c0099c8ef87d8f1a9c022bedeb80dcd8/screenshot - {}
RESULT: {"script":"<script> [776 bytes]","args":[{"enterText":"WD-BIN","selector":{"id":"createOrganizationPop--binNoInput","searchOpenDialogs":true,"interaction":{"idSuffix":"inner"}},"clearTextFirst":true,"interactionType":"ENTER_TEXT"}]}
RESULT: undefined
COMMAND: POST /session/c0099c8ef87d8f1a9c022bedeb80dcd8/execute/async - {"script":"<script> [776 bytes]","args":[{"enterText":"WD-BIN","selector":{"id":"createOrganizationPop--descriptionId","searchOpenDialogs":true,"interaction":{"idSuffix":"inner"}},"clearTextFirst":true,"interactionType":"ENTER_TEXT"}]}
RESULT: {}
RESULT: {"script":"<script> [776 bytes]","args":[{"enterText":"WD-BIN","selector":{"id":"createOrganizationPop--descriptionId","searchOpenDialogs":true,"interaction":{"idSuffix":"inner"}},"clearTextFirst":true,"interactionType":"ENTER_TEXT"}]}
COMMAND: POST /session/c0099c8ef87d8f1a9c022bedeb80dcd8/execute/async - {"script":"<script> [1562 bytes]","args":[{"selector":{"controlType":"sap.m.CheckBox","viewName":"etm.portal.ui.binstatusreport.view.MasterWareBins","viewId":"application-binstatusreport-display-component---warehousing","bindingPath":{"propertyPath":"/ZONE","modelName":"newBin"},"searchOpenDialogs":true,"interaction":{"idSuffix":"CbBg"}},"wdio_ui5_key":"etmportal.ui.binstatusreport.view.MasterWareBinssap.m.CheckBox{\"propertyPath\":\"/ZONE\",\"modelName\":\"newBin\"}"}]}
RESULT: {"script":"<script> [1562 bytes]","args":[{"selector":{"controlType":"sap.m.CheckBox","viewName":"etm.portal.ui.binstatusreport.view.MasterWareBins","viewId":"application-binstatusreport-display-component---warehousing","bindingPath":{"propertyPath":"/ZONE","modelName":"newBin"},"searchOpenDialogs":true,"interaction":{"idSuffix":"CbBg"}},"wdio_ui5_key":"etmportal.ui.binstatusreport.view.MasterWareBinssap.m.CheckBox{\"propertyPath\":\"/ZONE\",\"modelName\":\"newBin\"}"}]}
RESULT: undefined
COMMAND: POST /session/c0099c8ef87d8f1a9c022bedeb80dcd8/element - {"using":"xpath","value":"//*[@id=\"__box44\"]"}
RESULT: {"using":"xpath","value":"//*[@id=\"__box44\"]"}
COMMAND: POST /session/c0099c8ef87d8f1a9c022bedeb80dcd8/element/f.37E7500FB3BEF60B72C91044CCDB3F00.d.3924DEEC36B4CB855539F57CAE13BE89.e.3738/click - {}
RESULT: {}
COMMAND: GET /session/c0099c8ef87d8f1a9c022bedeb80dcd8/screenshot - {}
RESULT: {}
RESULT: undefined
COMMAND: POST /session/c0099c8ef87d8f1a9c022bedeb80dcd8/execute/async - {"script":"<script> [776 bytes]","args":[{"enterText":"1 - General / No capacity check","selector":{"id":"createOrganizationPop--binTypesCB","searchOpenDialogs":true,"interaction":{"idSuffix":"inner"}},"clearTextFirst":true,"interactionType":"ENTER_TEXT"}]}
RESULT: {"script":"<script> [776 bytes]","args":[{"enterText":"1 - General / No capacity check","selector":{"id":"createOrganizationPop--binTypesCB","searchOpenDialogs":true,"interaction":{"idSuffix":"inner"}},"clearTextFirst":true,"interactionType":"ENTER_TEXT"}]}
COMMAND: POST /session/c0099c8ef87d8f1a9c022bedeb80dcd8/execute/async - {"script":"<script> [1562 bytes]","args":[{"selector":{"id":"createOrganizationPop--capacityId","searchOpenDialogs":true,"interaction":{"idSuffix":"inner"}},"wdio_ui5_key":"createOrganizationPopcapacityId"}]}
RESULT: {"script":"<script> [1562 bytes]","args":[{"selector":{"id":"createOrganizationPop--capacityId","searchOpenDialogs":true,"interaction":{"idSuffix":"inner"}},"wdio_ui5_key":"createOrganizationPopcapacityId"}]}
RESULT: undefined
COMMAND: POST /session/c0099c8ef87d8f1a9c022bedeb80dcd8/actions - {"actions":[{"id":"action18","type":"key","parameters":{},"actions":[{"type":"keyDown","value":"î€‡"},{"type":"pause","duration":10},{"type":"keyUp","value":"î€‡"}]}]}
RESULT: {"actions":[{"id":"action18","type":"key","parameters":{},"actions":[{"type":"keyDown","value":"î€‡"},{"type":"pause","duration":10},{"type":"keyUp","value":"î€‡"}]}]}
COMMAND: GET /session/c0099c8ef87d8f1a9c022bedeb80dcd8/screenshot - {}
RESULT: {}
RESULT: undefined
COMMAND: POST /session/c0099c8ef87d8f1a9c022bedeb80dcd8/element - {"using":"xpath","value":"//*[@id=\"createOrganizationPop--finishBtn\"]"}
RESULT: {"using":"xpath","value":"//*[@id=\"createOrganizationPop--finishBtn\"]"}
COMMAND: POST /session/c0099c8ef87d8f1a9c022bedeb80dcd8/element/f.37E7500FB3BEF60B72C91044CCDB3F00.d.3924DEEC36B4CB855539F57CAE13BE89.e.3744/click - {}
RESULT: {}
COMMAND: GET /session/c0099c8ef87d8f1a9c022bedeb80dcd8/screenshot - {}
RESULT: {}
COMMAND: POST /session/c0099c8ef87d8f1a9c022bedeb80dcd8/element - {"using":"css selector","value":"#shell-header-icon"}
RESULT: {"using":"css selector","value":"#shell-header-icon"}
COMMAND: POST /session/c0099c8ef87d8f1a9c022bedeb80dcd8/execute/sync - {"script":"<script> [8489 bytes]","args":[{"element-6066-11e4-a52e-4f735466cecf":"f.37E7500FB3BEF60B72C91044CCDB3F00.d.3924DEEC36B4CB855539F57CAE13BE89.e.3306","ELEMENT":"f.37E7500FB3BEF60B72C91044CCDB3F00.d.3924DEEC36B4CB855539F57CAE13BE89.e.3306"}]}
RESULT: {"script":"<script> [8489 bytes]","args":[{"element-6066-11e4-a52e-4f735466cecf":"f.37E7500FB3BEF60B72C91044CCDB3F00.d.3924DEEC36B4CB855539F57CAE13BE89.e.3306","ELEMENT":"f.37E7500FB3BEF60B72C91044CCDB3F00.d.3924DEEC36B4CB855539F57CAE13BE89.e.3306"}]}
COMMAND: GET /session/c0099c8ef87d8f1a9c022bedeb80dcd8/element/f.37E7500FB3BEF60B72C91044CCDB3F00.d.3924DEEC36B4CB855539F57CAE13BE89.e.3306/enabled - {}
COMMAND: GET /session/c0099c8ef87d8f1a9c022bedeb80dcd8/screenshot - {}
RESULT: {}
COMMAND: POST /session/c0099c8ef87d8f1a9c022bedeb80dcd8/element/f.37E7500FB3BEF60B72C91044CCDB3F00.d.3924DEEC36B4CB855539F57CAE13BE89.e.3306/click - {}
COMMAND: GET /session/c0099c8ef87d8f1a9c022bedeb80dcd8/screenshot - {}
RESULT: {}
RESULT: {}
COMMAND: GET /session/c0099c8ef87d8f1a9c022bedeb80dcd8/screenshot - {}
RESULT: {}
RESULT: {}
]]></system-out>
    </testcase>
    <testcase classname="chrome.135_0_7049_96.windows.Stock_increase_-_with_WHM_US125587" name="create a whm for yard" time="33.543">
      <system-out><![CDATA[
COMMAND: POST /session/c0099c8ef87d8f1a9c022bedeb80dcd8/element - {"using":"xpath","value":"//div[text()='Warehouse']"}
RESULT: {"using":"xpath","value":"//div[text()='Warehouse']"}
COMMAND: POST /session/c0099c8ef87d8f1a9c022bedeb80dcd8/elements - {"using":"xpath","value":"//div[text()='Warehouse']"}
RESULT: {"using":"xpath","value":"//div[text()='Warehouse']"}
COMMAND: POST /session/c0099c8ef87d8f1a9c022bedeb80dcd8/element/f.37E7500FB3BEF60B72C91044CCDB3F00.d.3924DEEC36B4CB855539F57CAE13BE89.e.3307/click - {}
RESULT: {}
COMMAND: POST /session/c0099c8ef87d8f1a9c022bedeb80dcd8/element - {"using":"xpath","value":"//span[text()='Manage Warehouse Movements']"}
COMMAND: GET /session/c0099c8ef87d8f1a9c022bedeb80dcd8/screenshot - {}
RESULT: {"using":"xpath","value":"//span[text()='Manage Warehouse Movements']"}
COMMAND: POST /session/c0099c8ef87d8f1a9c022bedeb80dcd8/elements - {"using":"xpath","value":"//span[text()='Manage Warehouse Movements']"}
RESULT: {}
RESULT: {"using":"xpath","value":"//span[text()='Manage Warehouse Movements']"}
COMMAND: POST /session/c0099c8ef87d8f1a9c022bedeb80dcd8/element - {"using":"xpath","value":"//input[@id='application-warehousemovements-display-component---warehouseMovements--smartFilterBar-filterItemControl_BASIC-YARD-inner']"}
RESULT: {"using":"xpath","value":"//input[@id='application-warehousemovements-display-component---warehouseMovements--smartFilterBar-filterItemControl_BASIC-YARD-inner']"}
COMMAND: POST /session/c0099c8ef87d8f1a9c022bedeb80dcd8/element - {"using":"xpath","value":"//input[@id='application-warehousemovements-display-component---warehouseMovements--smartFilterBar-filterItemControl_BASIC-YARD-inner']"}
RESULT: {"using":"xpath","value":"//input[@id='application-warehousemovements-display-component---warehouseMovements--smartFilterBar-filterItemControl_BASIC-YARD-inner']"}
COMMAND: POST /session/c0099c8ef87d8f1a9c022bedeb80dcd8/actions - {"actions":[{"id":"action19","type":"key","parameters":{},"actions":[{"type":"keyDown","value":"î€‡"},{"type":"pause","duration":10},{"type":"keyUp","value":"î€‡"}]}]}
RESULT: {"actions":[{"id":"action19","type":"key","parameters":{},"actions":[{"type":"keyDown","value":"î€‡"},{"type":"pause","duration":10},{"type":"keyUp","value":"î€‡"}]}]}
COMMAND: POST /session/c0099c8ef87d8f1a9c022bedeb80dcd8/element - {"using":"xpath","value":"(//*[@title=\"Add New Movement\"])[1]"}
COMMAND: GET /session/c0099c8ef87d8f1a9c022bedeb80dcd8/screenshot - {}
RESULT: {"using":"xpath","value":"(//*[@title=\"Add New Movement\"])[1]"}
COMMAND: POST /session/c0099c8ef87d8f1a9c022bedeb80dcd8/element - {"using":"xpath","value":"(//*[@title=\"Add New Movement\"])[1]"}
RESULT: {}
RESULT: {"using":"xpath","value":"(//*[@title=\"Add New Movement\"])[1]"}
COMMAND: POST /session/c0099c8ef87d8f1a9c022bedeb80dcd8/element - {"using":"xpath","value":"//*[@id=\"application-warehousemovements-display-component---addMovement--sectionsList-arrow\"]"}
RESULT: {"using":"xpath","value":"//*[@id=\"application-warehousemovements-display-component---addMovement--sectionsList-arrow\"]"}
COMMAND: POST /session/c0099c8ef87d8f1a9c022bedeb80dcd8/element - {"using":"xpath","value":"//*[@id=\"application-warehousemovements-display-component---addMovement--sectionsList-arrow\"]"}
RESULT: {"using":"xpath","value":"//*[@id=\"application-warehousemovements-display-component---addMovement--sectionsList-arrow\"]"}
COMMAND: POST /session/c0099c8ef87d8f1a9c022bedeb80dcd8/element - {"using":"xpath","value":"//*[@id=\"application-warehousemovements-display-component---addMovement--saveMovementBtn-BDI-content\" and text()=\"Save\"]"}
RESULT: {"using":"xpath","value":"//*[@id=\"application-warehousemovements-display-component---addMovement--saveMovementBtn-BDI-content\" and text()=\"Save\"]"}
COMMAND: POST /session/c0099c8ef87d8f1a9c022bedeb80dcd8/element - {"using":"xpath","value":"//*[@id=\"application-warehousemovements-display-component---addMovement--saveMovementBtn-BDI-content\" and text()=\"Save\"]"}
RESULT: {"using":"xpath","value":"//*[@id=\"application-warehousemovements-display-component---addMovement--saveMovementBtn-BDI-content\" and text()=\"Save\"]"}
COMMAND: POST /session/c0099c8ef87d8f1a9c022bedeb80dcd8/element - {"using":"css selector","value":"#shell-header-icon"}
RESULT: {"using":"css selector","value":"#shell-header-icon"}
COMMAND: POST /session/c0099c8ef87d8f1a9c022bedeb80dcd8/execute/sync - {"script":"<script> [8489 bytes]","args":[{"element-6066-11e4-a52e-4f735466cecf":"f.37E7500FB3BEF60B72C91044CCDB3F00.d.3924DEEC36B4CB855539F57CAE13BE89.e.3747","ELEMENT":"f.37E7500FB3BEF60B72C91044CCDB3F00.d.3924DEEC36B4CB855539F57CAE13BE89.e.3747"}]}
RESULT: {"script":"<script> [8489 bytes]","args":[{"element-6066-11e4-a52e-4f735466cecf":"f.37E7500FB3BEF60B72C91044CCDB3F00.d.3924DEEC36B4CB855539F57CAE13BE89.e.3747","ELEMENT":"f.37E7500FB3BEF60B72C91044CCDB3F00.d.3924DEEC36B4CB855539F57CAE13BE89.e.3747"}]}
COMMAND: GET /session/c0099c8ef87d8f1a9c022bedeb80dcd8/element/f.37E7500FB3BEF60B72C91044CCDB3F00.d.3924DEEC36B4CB855539F57CAE13BE89.e.3747/enabled - {}
COMMAND: GET /session/c0099c8ef87d8f1a9c022bedeb80dcd8/screenshot - {}
RESULT: {}
COMMAND: POST /session/c0099c8ef87d8f1a9c022bedeb80dcd8/element/f.37E7500FB3BEF60B72C91044CCDB3F00.d.3924DEEC36B4CB855539F57CAE13BE89.e.3747/click - {}
COMMAND: GET /session/c0099c8ef87d8f1a9c022bedeb80dcd8/screenshot - {}
RESULT: {}
RESULT: {}
COMMAND: GET /session/c0099c8ef87d8f1a9c022bedeb80dcd8/screenshot - {}
RESULT: {}
RESULT: {}
]]></system-out>
    </testcase>
    <testcase classname="chrome.135_0_7049_96.windows.Stock_increase_-_with_WHM_US125587" name="Should do a stock increase handover" time="84.614">
      <system-out><![CDATA[
COMMAND: POST /session/c0099c8ef87d8f1a9c022bedeb80dcd8/execute/async - {"script":"<script> [1562 bytes]","args":[{"selector":{"controlType":"sap.m.Text","viewName":"etm.portal.ui.managehandoverstile.view.Master","properties":{"text":"Manage Handovers"},"interaction":{"idSuffix":"inner"}},"wdio_ui5_key":"etmportal.ui.managehandoverstile.view.Mastersap.m.Text{\"text\":\"Manage Handovers\"}"}]}
RESULT: {"script":"<script> [1562 bytes]","args":[{"selector":{"controlType":"sap.m.Text","viewName":"etm.portal.ui.managehandoverstile.view.Master","properties":{"text":"Manage Handovers"},"interaction":{"idSuffix":"inner"}},"wdio_ui5_key":"etmportal.ui.managehandoverstile.view.Mastersap.m.Text{\"text\":\"Manage Handovers\"}"}]}
RESULT: undefined
COMMAND: POST /session/c0099c8ef87d8f1a9c022bedeb80dcd8/element - {"using":"xpath","value":"//*[@id=\"__tile133-title\"]"}
RESULT: {"using":"xpath","value":"//*[@id=\"__tile133-title\"]"}
COMMAND: POST /session/c0099c8ef87d8f1a9c022bedeb80dcd8/element/f.37E7500FB3BEF60B72C91044CCDB3F00.d.3924DEEC36B4CB855539F57CAE13BE89.e.3749/click - {}
RESULT: {}
COMMAND: GET /session/c0099c8ef87d8f1a9c022bedeb80dcd8/screenshot - {}
RESULT: {}
COMMAND: POST /session/c0099c8ef87d8f1a9c022bedeb80dcd8/execute/async - {"script":"<script> [1562 bytes]","args":[{"selector":{"controlType":"sap.ui.core.Icon","viewName":"etm.portal.ui.managehandovers.view.MasterHO","properties":{"src":{"regex":{"source":"add"}}}},"wdio_ui5_key":"etmportal.ui.managehandovers.view.MasterHOsap.ui.core.Icon{\"src\":{\"regex\":{\"source\":\"add\"}}}"}]}
RESULT: {"script":"<script> [1562 bytes]","args":[{"selector":{"controlType":"sap.ui.core.Icon","viewName":"etm.portal.ui.managehandovers.view.MasterHO","properties":{"src":{"regex":{"source":"add"}}}},"wdio_ui5_key":"etmportal.ui.managehandovers.view.MasterHOsap.ui.core.Icon{\"src\":{\"regex\":{\"source\":\"add\"}}}"}]}
RESULT: undefined
COMMAND: POST /session/c0099c8ef87d8f1a9c022bedeb80dcd8/element - {"using":"xpath","value":"//*[@id=\"__button179-img\"]"}
RESULT: {"using":"xpath","value":"//*[@id=\"__button179-img\"]"}
COMMAND: POST /session/c0099c8ef87d8f1a9c022bedeb80dcd8/element/f.37E7500FB3BEF60B72C91044CCDB3F00.d.3924DEEC36B4CB855539F57CAE13BE89.e.3790/click - {}
RESULT: {}
COMMAND: GET /session/c0099c8ef87d8f1a9c022bedeb80dcd8/screenshot - {}
RESULT: {}
COMMAND: POST /session/c0099c8ef87d8f1a9c022bedeb80dcd8/execute/async - {"script":"<script> [1562 bytes]","args":[{"selector":{"id":"application-managehandovers-display-component---AddNewHO--typeSelect","interaction":{"idSuffix":"arrow"}},"wdio_ui5_key":"applicationmanagehandovers-display-component---AddNewHO--typeSelect"}]}
RESULT: {"script":"<script> [1562 bytes]","args":[{"selector":{"id":"application-managehandovers-display-component---AddNewHO--typeSelect","interaction":{"idSuffix":"arrow"}},"wdio_ui5_key":"applicationmanagehandovers-display-component---AddNewHO--typeSelect"}]}
RESULT: undefined
COMMAND: POST /session/c0099c8ef87d8f1a9c022bedeb80dcd8/element - {"using":"xpath","value":"//*[@id=\"application-managehandovers-display-component---AddNewHO--typeSelect\"]"}
RESULT: {"using":"xpath","value":"//*[@id=\"application-managehandovers-display-component---AddNewHO--typeSelect\"]"}
COMMAND: POST /session/c0099c8ef87d8f1a9c022bedeb80dcd8/element/f.37E7500FB3BEF60B72C91044CCDB3F00.d.3924DEEC36B4CB855539F57CAE13BE89.e.4129/click - {}
RESULT: {}
COMMAND: POST /session/c0099c8ef87d8f1a9c022bedeb80dcd8/execute/async - {"script":"<script> [1562 bytes]","args":[{"selector":{"controlType":"sap.ui.core.Item","viewName":"etm.portal.ui.managehandovers.view.AddNewHO","viewId":"application-managehandovers-display-component---AddNewHO","bindingPath":{"path":"/HandOverTypes('100')","propertyPath":"ID","modelName":"catalogModel"},"searchOpenDialogs":true},"wdio_ui5_key":"etmportal.ui.managehandovers.view.AddNewHOsap.ui.core.Item{\"path\":\"/HandOverTypes('100')\",\"propertyPath\":\"ID\",\"modelName\":\"catalogModel\"}"}]}
COMMAND: GET /session/c0099c8ef87d8f1a9c022bedeb80dcd8/screenshot - {}
RESULT: {"script":"<script> [1562 bytes]","args":[{"selector":{"controlType":"sap.ui.core.Item","viewName":"etm.portal.ui.managehandovers.view.AddNewHO","viewId":"application-managehandovers-display-component---AddNewHO","bindingPath":{"path":"/HandOverTypes('100')","propertyPath":"ID","modelName":"catalogModel"},"searchOpenDialogs":true},"wdio_ui5_key":"etmportal.ui.managehandovers.view.AddNewHOsap.ui.core.Item{\"path\":\"/HandOverTypes('100')\",\"propertyPath\":\"ID\",\"modelName\":\"catalogModel\"}"}]}
RESULT: undefined
COMMAND: POST /session/c0099c8ef87d8f1a9c022bedeb80dcd8/element - {"using":"xpath","value":"//*[@id=\"__item1722-application-managehandovers-display-component---AddNewHO--typeSelect-1\"]"}
RESULT: {}
RESULT: {"using":"xpath","value":"//*[@id=\"__item1722-application-managehandovers-display-component---AddNewHO--typeSelect-1\"]"}
COMMAND: POST /session/c0099c8ef87d8f1a9c022bedeb80dcd8/element/f.37E7500FB3BEF60B72C91044CCDB3F00.d.3924DEEC36B4CB855539F57CAE13BE89.e.4130/click - {}
RESULT: {}
COMMAND: POST /session/c0099c8ef87d8f1a9c022bedeb80dcd8/element - {"using":"css selector","value":"#application-managehandovers-display-component---AddNewHO--oneStep-CB"}
COMMAND: GET /session/c0099c8ef87d8f1a9c022bedeb80dcd8/screenshot - {}
RESULT: {"using":"css selector","value":"#application-managehandovers-display-component---AddNewHO--oneStep-CB"}
COMMAND: POST /session/c0099c8ef87d8f1a9c022bedeb80dcd8/execute/sync - {"script":"<script> [8489 bytes]","args":[{"element-6066-11e4-a52e-4f735466cecf":"f.37E7500FB3BEF60B72C91044CCDB3F00.d.3924DEEC36B4CB855539F57CAE13BE89.e.4138","ELEMENT":"f.37E7500FB3BEF60B72C91044CCDB3F00.d.3924DEEC36B4CB855539F57CAE13BE89.e.4138"}]}
RESULT: {}
RESULT: {"script":"<script> [8489 bytes]","args":[{"element-6066-11e4-a52e-4f735466cecf":"f.37E7500FB3BEF60B72C91044CCDB3F00.d.3924DEEC36B4CB855539F57CAE13BE89.e.4138","ELEMENT":"f.37E7500FB3BEF60B72C91044CCDB3F00.d.3924DEEC36B4CB855539F57CAE13BE89.e.4138"}]}
COMMAND: GET /session/c0099c8ef87d8f1a9c022bedeb80dcd8/screenshot - {}
RESULT: {}
COMMAND: POST /session/c0099c8ef87d8f1a9c022bedeb80dcd8/element - {"using":"css selector","value":"input[id=\"generalSectionFrg--receiveYard-inner\"]"}
RESULT: {"using":"css selector","value":"input[id=\"generalSectionFrg--receiveYard-inner\"]"}
COMMAND: POST /session/c0099c8ef87d8f1a9c022bedeb80dcd8/element/f.37E7500FB3BEF60B72C91044CCDB3F00.d.3924DEEC36B4CB855539F57CAE13BE89.e.4140/clear - {}
RESULT: {}
COMMAND: POST /session/c0099c8ef87d8f1a9c022bedeb80dcd8/element/f.37E7500FB3BEF60B72C91044CCDB3F00.d.3924DEEC36B4CB855539F57CAE13BE89.e.4140/value - {"text":"506"}
COMMAND: GET /session/c0099c8ef87d8f1a9c022bedeb80dcd8/screenshot - {}
RESULT: {"text":"506"}
COMMAND: GET /session/c0099c8ef87d8f1a9c022bedeb80dcd8/screenshot - {}
RESULT: {}
RESULT: {}
COMMAND: POST /session/c0099c8ef87d8f1a9c022bedeb80dcd8/element - {"using":"css selector","value":"#application-managehandovers-display-component---AddNewHO--dueDate-inner"}
RESULT: {"using":"css selector","value":"#application-managehandovers-display-component---AddNewHO--dueDate-inner"}
COMMAND: POST /session/c0099c8ef87d8f1a9c022bedeb80dcd8/element/f.37E7500FB3BEF60B72C91044CCDB3F00.d.3924DEEC36B4CB855539F57CAE13BE89.e.4134/clear - {}
RESULT: {}
COMMAND: POST /session/c0099c8ef87d8f1a9c022bedeb80dcd8/element/f.37E7500FB3BEF60B72C91044CCDB3F00.d.3924DEEC36B4CB855539F57CAE13BE89.e.4134/value - {"text":"5/2/25"}
COMMAND: GET /session/c0099c8ef87d8f1a9c022bedeb80dcd8/screenshot - {}
RESULT: {"text":"5/2/25"}
COMMAND: GET /session/c0099c8ef87d8f1a9c022bedeb80dcd8/screenshot - {}
RESULT: {}
RESULT: {}
COMMAND: POST /session/c0099c8ef87d8f1a9c022bedeb80dcd8/element - {"using":"xpath","value":"//bdi[(text() = 'Items' or . = 'Items')]"}
RESULT: {"using":"xpath","value":"//bdi[(text() = 'Items' or . = 'Items')]"}
COMMAND: POST /session/c0099c8ef87d8f1a9c022bedeb80dcd8/element/f.37E7500FB3BEF60B72C91044CCDB3F00.d.3924DEEC36B4CB855539F57CAE13BE89.e.4156/click - {}
RESULT: {}
COMMAND: GET /session/c0099c8ef87d8f1a9c022bedeb80dcd8/screenshot - {}
RESULT: {}
COMMAND: POST /session/c0099c8ef87d8f1a9c022bedeb80dcd8/element - {"using":"xpath","value":"//button[@aria-label=\"Add\"]"}
RESULT: {"using":"xpath","value":"//button[@aria-label=\"Add\"]"}
COMMAND: POST /session/c0099c8ef87d8f1a9c022bedeb80dcd8/element/f.37E7500FB3BEF60B72C91044CCDB3F00.d.3924DEEC36B4CB855539F57CAE13BE89.e.4161/click - {}
RESULT: {}
COMMAND: GET /session/c0099c8ef87d8f1a9c022bedeb80dcd8/screenshot - {}
RESULT: {}
COMMAND: POST /session/c0099c8ef87d8f1a9c022bedeb80dcd8/element - {"using":"css selector","value":"input[id= \"application-managehandovers-display-component---AddNewHO--smartFilterBar-btnBasicSearch-I\"]"}
RESULT: {"using":"css selector","value":"input[id= \"application-managehandovers-display-component---AddNewHO--smartFilterBar-btnBasicSearch-I\"]"}
COMMAND: POST /session/c0099c8ef87d8f1a9c022bedeb80dcd8/element/f.37E7500FB3BEF60B72C91044CCDB3F00.d.3924DEEC36B4CB855539F57CAE13BE89.e.4165/clear - {}
RESULT: {}
COMMAND: POST /session/c0099c8ef87d8f1a9c022bedeb80dcd8/element/f.37E7500FB3BEF60B72C91044CCDB3F00.d.3924DEEC36B4CB855539F57CAE13BE89.e.4165/value - {"text":"200276"}
COMMAND: GET /session/c0099c8ef87d8f1a9c022bedeb80dcd8/screenshot - {}
RESULT: {"text":"200276"}
COMMAND: POST /session/c0099c8ef87d8f1a9c022bedeb80dcd8/actions - {"actions":[{"id":"action20","type":"key","parameters":{},"actions":[{"type":"keyDown","value":"î€‡"},{"type":"pause","duration":10},{"type":"keyUp","value":"î€‡"}]}]}
COMMAND: GET /session/c0099c8ef87d8f1a9c022bedeb80dcd8/screenshot - {}
RESULT: {}
RESULT: {"actions":[{"id":"action20","type":"key","parameters":{},"actions":[{"type":"keyDown","value":"î€‡"},{"type":"pause","duration":10},{"type":"keyUp","value":"î€‡"}]}]}
COMMAND: POST /session/c0099c8ef87d8f1a9c022bedeb80dcd8/element - {"using":"css selector","value":"div[id= \"application-managehandovers-display-component---AddNewHO--smartFilterBar-btnBasicSearch-search\"]"}
COMMAND: GET /session/c0099c8ef87d8f1a9c022bedeb80dcd8/screenshot - {}
RESULT: {}
RESULT: {"using":"css selector","value":"div[id= \"application-managehandovers-display-component---AddNewHO--smartFilterBar-btnBasicSearch-search\"]"}
COMMAND: POST /session/c0099c8ef87d8f1a9c022bedeb80dcd8/element/f.37E7500FB3BEF60B72C91044CCDB3F00.d.3924DEEC36B4CB855539F57CAE13BE89.e.4315/click - {}
RESULT: {}
RESULT: {}
COMMAND: GET /session/c0099c8ef87d8f1a9c022bedeb80dcd8/screenshot - {}
RESULT: {}
COMMAND: POST /session/c0099c8ef87d8f1a9c022bedeb80dcd8/element - {"using":"css selector","value":"div[id= \"application-managehandovers-display-component---AddNewHO--popup-sa-CbBg\"]"}
RESULT: {"using":"css selector","value":"div[id= \"application-managehandovers-display-component---AddNewHO--popup-sa-CbBg\"]"}
COMMAND: POST /session/c0099c8ef87d8f1a9c022bedeb80dcd8/element/f.37E7500FB3BEF60B72C91044CCDB3F00.d.3924DEEC36B4CB855539F57CAE13BE89.e.4316/click - {}
RESULT: {}
COMMAND: POST /session/c0099c8ef87d8f1a9c022bedeb80dcd8/element - {"using":"xpath","value":"//bdi[(text() = 'Select' or . = 'Select')]"}
COMMAND: GET /session/c0099c8ef87d8f1a9c022bedeb80dcd8/screenshot - {}
RESULT: {"using":"xpath","value":"//bdi[(text() = 'Select' or . = 'Select')]"}
COMMAND: POST /session/c0099c8ef87d8f1a9c022bedeb80dcd8/element/f.37E7500FB3BEF60B72C91044CCDB3F00.d.3924DEEC36B4CB855539F57CAE13BE89.e.4317/click - {}
RESULT: {}
RESULT: {}
COMMAND: GET /session/c0099c8ef87d8f1a9c022bedeb80dcd8/screenshot - {}
RESULT: {}
COMMAND: POST /session/c0099c8ef87d8f1a9c022bedeb80dcd8/element - {"using":"xpath","value":"//bdi[(text() = 'Save' or . = 'Save')]"}
RESULT: {"using":"xpath","value":"//bdi[(text() = 'Save' or . = 'Save')]"}
COMMAND: POST /session/c0099c8ef87d8f1a9c022bedeb80dcd8/element/f.37E7500FB3BEF60B72C91044CCDB3F00.d.3924DEEC36B4CB855539F57CAE13BE89.e.4321/click - {}
RESULT: {}
COMMAND: GET /session/c0099c8ef87d8f1a9c022bedeb80dcd8/screenshot - {}
RESULT: {}
COMMAND: POST /session/c0099c8ef87d8f1a9c022bedeb80dcd8/element - {"using":"xpath","value":"//input[contains(@id ,\"receiptDatePicker-inner\")]"}
RESULT: {"using":"xpath","value":"//input[contains(@id ,\"receiptDatePicker-inner\")]"}
COMMAND: POST /session/c0099c8ef87d8f1a9c022bedeb80dcd8/element/f.37E7500FB3BEF60B72C91044CCDB3F00.d.3924DEEC36B4CB855539F57CAE13BE89.e.4352/click - {}
RESULT: {}
COMMAND: POST /session/c0099c8ef87d8f1a9c022bedeb80dcd8/element - {"using":"xpath","value":"//input[contains(@id ,\"receiptDatePicker-inner\")]"}
COMMAND: GET /session/c0099c8ef87d8f1a9c022bedeb80dcd8/screenshot - {}
RESULT: {"using":"xpath","value":"//input[contains(@id ,\"receiptDatePicker-inner\")]"}
COMMAND: POST /session/c0099c8ef87d8f1a9c022bedeb80dcd8/element/f.37E7500FB3BEF60B72C91044CCDB3F00.d.3924DEEC36B4CB855539F57CAE13BE89.e.4352/clear - {}
RESULT: {}
RESULT: {}
COMMAND: POST /session/c0099c8ef87d8f1a9c022bedeb80dcd8/element/f.37E7500FB3BEF60B72C91044CCDB3F00.d.3924DEEC36B4CB855539F57CAE13BE89.e.4352/value - {"text":"5/2/25"}
COMMAND: GET /session/c0099c8ef87d8f1a9c022bedeb80dcd8/screenshot - {}
RESULT: {"text":"5/2/25"}
COMMAND: GET /session/c0099c8ef87d8f1a9c022bedeb80dcd8/screenshot - {}
RESULT: {}
RESULT: {}
COMMAND: POST /session/c0099c8ef87d8f1a9c022bedeb80dcd8/execute/async - {"script":"<script> [1562 bytes]","args":[{"selector":{"id":"administrationTabFilter","viewName":"etm.portal.ui.managehandovers.view.DetailExecuteHO","interaction":{"idSuffix":"text"}},"wdio_ui5_key":"administrationTabFilteretmportal.ui.managehandovers.view.DetailExecuteHO"}]}
RESULT: {"script":"<script> [1562 bytes]","args":[{"selector":{"id":"administrationTabFilter","viewName":"etm.portal.ui.managehandovers.view.DetailExecuteHO","interaction":{"idSuffix":"text"}},"wdio_ui5_key":"administrationTabFilteretmportal.ui.managehandovers.view.DetailExecuteHO"}]}
RESULT: undefined
COMMAND: POST /session/c0099c8ef87d8f1a9c022bedeb80dcd8/element - {"using":"xpath","value":"//*[@id=\"__xmlview61--administrationTabFilter\"]"}
RESULT: {"using":"xpath","value":"//*[@id=\"__xmlview61--administrationTabFilter\"]"}
COMMAND: POST /session/c0099c8ef87d8f1a9c022bedeb80dcd8/element/f.37E7500FB3BEF60B72C91044CCDB3F00.d.3924DEEC36B4CB855539F57CAE13BE89.e.4370/click - {}
RESULT: {}
RESULT: undefined
COMMAND: POST /session/c0099c8ef87d8f1a9c022bedeb80dcd8/element - {"using":"xpath","value":"//*[@id=\"__xmlview61--administrationTabFilter\"]"}
COMMAND: GET /session/c0099c8ef87d8f1a9c022bedeb80dcd8/screenshot - {}
RESULT: {"using":"xpath","value":"//*[@id=\"__xmlview61--administrationTabFilter\"]"}
COMMAND: POST /session/c0099c8ef87d8f1a9c022bedeb80dcd8/element/f.37E7500FB3BEF60B72C91044CCDB3F00.d.3924DEEC36B4CB855539F57CAE13BE89.e.4370/click - {}
RESULT: {}
RESULT: {}
COMMAND: GET /session/c0099c8ef87d8f1a9c022bedeb80dcd8/screenshot - {}
RESULT: {}
COMMAND: POST /session/c0099c8ef87d8f1a9c022bedeb80dcd8/element - {"using":"xpath","value":"//bdi[(text() = 'Confirm' or . = 'Confirm')]"}
RESULT: {"using":"xpath","value":"//bdi[(text() = 'Confirm' or . = 'Confirm')]"}
COMMAND: POST /session/c0099c8ef87d8f1a9c022bedeb80dcd8/element/f.37E7500FB3BEF60B72C91044CCDB3F00.d.3924DEEC36B4CB855539F57CAE13BE89.e.4378/click - {}
RESULT: {}
COMMAND: GET /session/c0099c8ef87d8f1a9c022bedeb80dcd8/screenshot - {}
RESULT: {}
COMMAND: POST /session/c0099c8ef87d8f1a9c022bedeb80dcd8/execute/async - {"script":"<script> [1562 bytes]","args":[{"selector":{"id":"confirmationButton","viewName":"etm.portal.ui.managehandovers.view.DetailExecuteHO","interaction":{"idSuffix":"BDI-content"}},"wdio_ui5_key":"confirmationButtonetmportal.ui.managehandovers.view.DetailExecuteHO"}]}
RESULT: {"script":"<script> [1562 bytes]","args":[{"selector":{"id":"confirmationButton","viewName":"etm.portal.ui.managehandovers.view.DetailExecuteHO","interaction":{"idSuffix":"BDI-content"}},"wdio_ui5_key":"confirmationButtonetmportal.ui.managehandovers.view.DetailExecuteHO"}]}
RESULT: undefined
COMMAND: POST /session/c0099c8ef87d8f1a9c022bedeb80dcd8/element - {"using":"css selector","value":"bdi[aria-live=\"off\"][text=\"Close\"]"}
RESULT: {"using":"css selector","value":"bdi[aria-live=\"off\"][text=\"Close\"]"}
COMMAND: POST /session/c0099c8ef87d8f1a9c022bedeb80dcd8/element - {"using":"css selector","value":"bdi[aria-live=\"off\"][text=\"Close\"]"}
RESULT: {"using":"css selector","value":"bdi[aria-live=\"off\"][text=\"Close\"]"}
COMMAND: POST /session/c0099c8ef87d8f1a9c022bedeb80dcd8/element - {"using":"css selector","value":"#shell-header-logo"}
RESULT: {"using":"css selector","value":"#shell-header-logo"}
COMMAND: POST /session/c0099c8ef87d8f1a9c022bedeb80dcd8/element/f.37E7500FB3BEF60B72C91044CCDB3F00.d.3924DEEC36B4CB855539F57CAE13BE89.e.3753/click - {}
RESULT: {}
COMMAND: GET /session/c0099c8ef87d8f1a9c022bedeb80dcd8/screenshot - {}
RESULT: {}
COMMAND: POST /session/c0099c8ef87d8f1a9c022bedeb80dcd8/element - {"using":"css selector","value":"#j_username"}
COMMAND: POST /session/c0099c8ef87d8f1a9c022bedeb80dcd8/url - {"url":"https://qa-testing-00-live-etm-ui.cfapps.eu10-004.hana.ondemand.com/"}
RESULT: {"using":"css selector","value":"#j_username"}
COMMAND: POST /session/c0099c8ef87d8f1a9c022bedeb80dcd8/element - {"using":"css selector","value":"#j_username"}
RESULT: {"url":"https://qa-testing-00-live-etm-ui.cfapps.eu10-004.hana.ondemand.com/"}
RESULT: undefined
COMMAND: GET /session/c0099c8ef87d8f1a9c022bedeb80dcd8/screenshot - {}
RESULT: {"using":"css selector","value":"#j_username"}
COMMAND: POST /session/c0099c8ef87d8f1a9c022bedeb80dcd8/element - {"using":"css selector","value":"#shell-header-logo"}
RESULT: {}
RESULT: {"using":"css selector","value":"#shell-header-logo"}
COMMAND: POST /session/c0099c8ef87d8f1a9c022bedeb80dcd8/execute/sync - {"script":"<script> [8489 bytes]","args":[{"element-6066-11e4-a52e-4f735466cecf":"f.37E7500FB3BEF60B72C91044CCDB3F00.d.F900F13E38CD6B53DAF87259C8858F9A.e.4393","ELEMENT":"f.37E7500FB3BEF60B72C91044CCDB3F00.d.F900F13E38CD6B53DAF87259C8858F9A.e.4393"}]}
RESULT: {"script":"<script> [8489 bytes]","args":[{"element-6066-11e4-a52e-4f735466cecf":"f.37E7500FB3BEF60B72C91044CCDB3F00.d.F900F13E38CD6B53DAF87259C8858F9A.e.4393","ELEMENT":"f.37E7500FB3BEF60B72C91044CCDB3F00.d.F900F13E38CD6B53DAF87259C8858F9A.e.4393"}]}
COMMAND: POST /session/c0099c8ef87d8f1a9c022bedeb80dcd8/element - {"using":"css selector","value":"#shell-header-logo"}
COMMAND: GET /session/c0099c8ef87d8f1a9c022bedeb80dcd8/screenshot - {}
RESULT: {"using":"css selector","value":"#shell-header-logo"}
COMMAND: POST /session/c0099c8ef87d8f1a9c022bedeb80dcd8/execute/sync - {"script":"<script> [8489 bytes]","args":[{"element-6066-11e4-a52e-4f735466cecf":"f.37E7500FB3BEF60B72C91044CCDB3F00.d.F900F13E38CD6B53DAF87259C8858F9A.e.4393","ELEMENT":"f.37E7500FB3BEF60B72C91044CCDB3F00.d.F900F13E38CD6B53DAF87259C8858F9A.e.4393"}]}
RESULT: {}
RESULT: {"script":"<script> [8489 bytes]","args":[{"element-6066-11e4-a52e-4f735466cecf":"f.37E7500FB3BEF60B72C91044CCDB3F00.d.F900F13E38CD6B53DAF87259C8858F9A.e.4393","ELEMENT":"f.37E7500FB3BEF60B72C91044CCDB3F00.d.F900F13E38CD6B53DAF87259C8858F9A.e.4393"}]}
COMMAND: POST /session/c0099c8ef87d8f1a9c022bedeb80dcd8/execute/sync - {"script":"<script> [5351 bytes]","args":[{"element-6066-11e4-a52e-4f735466cecf":"f.37E7500FB3BEF60B72C91044CCDB3F00.d.F900F13E38CD6B53DAF87259C8858F9A.e.4393","ELEMENT":"f.37E7500FB3BEF60B72C91044CCDB3F00.d.F900F13E38CD6B53DAF87259C8858F9A.e.4393"}]}
COMMAND: GET /session/c0099c8ef87d8f1a9c022bedeb80dcd8/screenshot - {}
RESULT: {"script":"<script> [5351 bytes]","args":[{"element-6066-11e4-a52e-4f735466cecf":"f.37E7500FB3BEF60B72C91044CCDB3F00.d.F900F13E38CD6B53DAF87259C8858F9A.e.4393","ELEMENT":"f.37E7500FB3BEF60B72C91044CCDB3F00.d.F900F13E38CD6B53DAF87259C8858F9A.e.4393"}]}
COMMAND: POST /session/c0099c8ef87d8f1a9c022bedeb80dcd8/element - {"using":"css selector","value":"#shell-header-logo"}
COMMAND: GET /session/c0099c8ef87d8f1a9c022bedeb80dcd8/screenshot - {}
RESULT: {}
RESULT: {"using":"css selector","value":"#shell-header-logo"}
COMMAND: POST /session/c0099c8ef87d8f1a9c022bedeb80dcd8/element/f.37E7500FB3BEF60B72C91044CCDB3F00.d.F900F13E38CD6B53DAF87259C8858F9A.e.4393/click - {}
RESULT: {}
RESULT: {}
COMMAND: GET /session/c0099c8ef87d8f1a9c022bedeb80dcd8/screenshot - {}
RESULT: {}
COMMAND: POST /session/c0099c8ef87d8f1a9c022bedeb80dcd8/execute/async - {"script":"<script> [189 bytes]","args":[]}
RESULT: {"script":"<script> [189 bytes]","args":[]}
COMMAND: POST /session/c0099c8ef87d8f1a9c022bedeb80dcd8/execute/async - {"script":"<script> [123 bytes]","args":[]}
RESULT: {"script":"<script> [123 bytes]","args":[]}
COMMAND: POST /session/c0099c8ef87d8f1a9c022bedeb80dcd8/timeouts - {"script":"<number>"}
RESULT: {"script":"<number>"}
COMMAND: GET /session/c0099c8ef87d8f1a9c022bedeb80dcd8/timeouts - {}
RESULT: {}
RESULT: undefined
COMMAND: POST /session/c0099c8ef87d8f1a9c022bedeb80dcd8/execute/async - {"script":"<script> [2676 bytes]","args":[]}
RESULT: {"script":"<script> [2676 bytes]","args":[]}
COMMAND: POST /session/c0099c8ef87d8f1a9c022bedeb80dcd8/execute/async - {"script":"<script> [2342 bytes]","args":[{"protocol":"http","hostname":"0.0.0.0","path":"/","capabilities":{"browserName":"chrome","goog:chromeOptions":{"binary":"C:\\Program Files\\Google\\Chrome\\Application\\chrome.exe","args":["--start-maximized"]}},"logLevel":"warn","connectionRetryTimeout":120000,"connectionRetryCount":3,"logLevels":{},"enableDirectConnect":true,"strictSSL":true,"_":"65 more keys: [\"cacheDir\",\"port\",\"requestedCapabilities\",\"automationProtocol\",\"baseUrl\",\"waitforInterval\",\"waitforTimeout\",\"onReload\",\"beforeCommand\",\"afterCommand\",\"rootDir\",\"specs\",\"suites\",\"exclude\",\"groupLogsByTestSpec\",\"excludeDriverLogs\",\"bail\",\"framework\",\"reporters\",\"services\",\"maxInstances\",\"maxInstancesPerCapability\",\"injectGlobals\",\"filesToWatch\",\"execArgv\",\"runnerEnv\",\"runner\",\"shard\",\"specFileRetries\",\"specFileRetriesDelay\",\"specFileRetriesDeferred\",\"reporterSyncInterval\",\"reporterSyncTimeout\",\"cucumberFeaturesWithLineNumbers\",\"autoCompileOpts\",\"mochaOpts\",\"jasmineOpts\",\"cucumberOpts\",\"onPrepare\",\"onWorkerStart\",\"onWorkerEnd\",\"before\",\"beforeSession\",\"beforeSuite\",\"beforeHook\",\"beforeTest\",\"afterTest\",\"afterHook\",\"afterSuite\",\"afterSession\",\"after\",\"onComplete\",\"beforeAssertion\",\"afterAssertion\",\"beforeFeature\",\"beforeScenario\",\"beforeStep\",\"afterStep\",\"afterScenario\",\"afterFeature\",\"_\",\"suite\",\"$0\",\"ignoredWorkerServices\",\"wdi5\"]"}]}
RESULT: {"script":"<script> [2342 bytes]","args":[{"protocol":"http","hostname":"0.0.0.0","path":"/","capabilities":{"browserName":"chrome","goog:chromeOptions":{"binary":"C:\\Program Files\\Google\\Chrome\\Application\\chrome.exe","args":["--start-maximized"]}},"logLevel":"warn","connectionRetryTimeout":120000,"connectionRetryCount":3,"logLevels":{},"enableDirectConnect":true,"strictSSL":true,"_":"65 more keys: [\"cacheDir\",\"port\",\"requestedCapabilities\",\"automationProtocol\",\"baseUrl\",\"waitforInterval\",\"waitforTimeout\",\"onReload\",\"beforeCommand\",\"afterCommand\",\"rootDir\",\"specs\",\"suites\",\"exclude\",\"groupLogsByTestSpec\",\"excludeDriverLogs\",\"bail\",\"framework\",\"reporters\",\"services\",\"maxInstances\",\"maxInstancesPerCapability\",\"injectGlobals\",\"filesToWatch\",\"execArgv\",\"runnerEnv\",\"runner\",\"shard\",\"specFileRetries\",\"specFileRetriesDelay\",\"specFileRetriesDeferred\",\"reporterSyncInterval\",\"reporterSyncTimeout\",\"cucumberFeaturesWithLineNumbers\",\"autoCompileOpts\",\"mochaOpts\",\"jasmineOpts\",\"cucumberOpts\",\"onPrepare\",\"onWorkerStart\",\"onWorkerEnd\",\"before\",\"beforeSession\",\"beforeSuite\",\"beforeHook\",\"beforeTest\",\"afterTest\",\"afterHook\",\"afterSuite\",\"afterSession\",\"after\",\"onComplete\",\"beforeAssertion\",\"afterAssertion\",\"beforeFeature\",\"beforeScenario\",\"beforeStep\",\"afterStep\",\"afterScenario\",\"afterFeature\",\"_\",\"suite\",\"$0\",\"ignoredWorkerServices\",\"wdi5\"]"}]}
COMMAND: POST /session/c0099c8ef87d8f1a9c022bedeb80dcd8/execute/async - {"script":"<script> [21126 bytes]","args":[35000]}
RESULT: {"script":"<script> [21126 bytes]","args":[35000]}
COMMAND: POST /session/c0099c8ef87d8f1a9c022bedeb80dcd8/window/maximize - {}
RESULT: {}
COMMAND: POST /session/c0099c8ef87d8f1a9c022bedeb80dcd8/execute/async - {"script":"<script> [1562 bytes]","args":[{"selector":{"id":"shell-header","interaction":{"idSuffix":"icon"}},"wdio_ui5_key":"shellheader"}]}
COMMAND: GET /session/c0099c8ef87d8f1a9c022bedeb80dcd8/screenshot - {}
RESULT: {"script":"<script> [1562 bytes]","args":[{"selector":{"id":"shell-header","interaction":{"idSuffix":"icon"}},"wdio_ui5_key":"shellheader"}]}
RESULT: undefined
]]></system-out>
    </testcase>
  </testsuite>
  <testsuite timestamp="2025-05-02T16:32:17" time="433.249" tests="6" failures="6" errors="6" skipped="0">
    <properties>
      <property name="specId" value="0" />
      <property name="suiteName" value="Provide to Site w/ warehouse management w/ clarification US115878" />
      <property name="capabilities" value="chrome.135_0_7049_96.windows" />
      <property name="file" value="file:///D:/a/1/s/test/specs/HTR/provide-to-site-w-warehouse-w-clarification.spec.js" />
    </properties>
  </testsuite>
  <testsuite timestamp="2025-05-02T16:39:30" time="493.547" tests="6" failures="6" errors="6" skipped="0">
    <properties>
      <property name="specId" value="0" />
      <property name="suiteName" value="Provide to Site w/ warehouse management w clarification" />
      <property name="capabilities" value="chrome.135_0_7049_96.windows" />
      <property name="file" value="file:///D:/a/1/s/test/specs/HTR/provide-to-site-w-warehouse-w-clarification.spec.js" />
    </properties>
  </testsuite>
  <testsuite timestamp="2025-05-02T16:47:44" time="435.099" tests="6" failures="0" errors="0" skipped="0">
    <properties>
      <property name="specId" value="0" />
      <property name="suiteName" value="Provide to Site w/ warehouse management w/o clarification US113782 " />
      <property name="capabilities" value="chrome.135_0_7049_96.windows" />
      <property name="file" value="file:///D:/a/1/s/test/specs/HTR/provide-to-site-w-warehouse-wo-clarification.spec.js" />
    </properties>
    <testcase classname="chrome.135_0_7049_96.windows.Provide_to_Site_w/_warehouse_management_w/o_clarification_US113782_" name="Should create a WHM yard" time="94.459">
      <system-out><![CDATA[
COMMAND: POST /session/c0099c8ef87d8f1a9c022bedeb80dcd8/execute/async - {"script":"<script> [1562 bytes]","args":[{"selector":{"controlType":"sap.m.GenericTile","properties":{"header":"Manage Yards"}},"wdio_ui5_key":"sapm.GenericTile{\"header\":\"Manage Yards\"}"}]}
RESULT: {}
RESULT: {"script":"<script> [1562 bytes]","args":[{"selector":{"controlType":"sap.m.GenericTile","properties":{"header":"Manage Yards"}},"wdio_ui5_key":"sapm.GenericTile{\"header\":\"Manage Yards\"}"}]}
RESULT: undefined
COMMAND: POST /session/c0099c8ef87d8f1a9c022bedeb80dcd8/element - {"using":"xpath","value":"//*[@id=\"__tile41\"]"}
RESULT: {"using":"xpath","value":"//*[@id=\"__tile41\"]"}
COMMAND: POST /session/c0099c8ef87d8f1a9c022bedeb80dcd8/element/f.37E7500FB3BEF60B72C91044CCDB3F00.d.077FF41F3C22507755CB9A6894D066B7.e.5380/click - {}
RESULT: {}
COMMAND: POST /session/c0099c8ef87d8f1a9c022bedeb80dcd8/execute/async - {"script":"<script> [1562 bytes]","args":[{"selector":{"controlType":"sap.ui.core.Icon","viewName":"etm.portal.ui.manageyards.view.Master","viewId":"application-manageyards-display-component---masterYard","properties":{"src":{"regex":{"source":"add"}}}},"wdio_ui5_key":"etmportal.ui.manageyards.view.Mastersap.ui.core.Icon{\"src\":{\"regex\":{\"source\":\"add\"}}}"}]}
COMMAND: GET /session/c0099c8ef87d8f1a9c022bedeb80dcd8/screenshot - {}
RESULT: {"script":"<script> [1562 bytes]","args":[{"selector":{"controlType":"sap.ui.core.Icon","viewName":"etm.portal.ui.manageyards.view.Master","viewId":"application-manageyards-display-component---masterYard","properties":{"src":{"regex":{"source":"add"}}}},"wdio_ui5_key":"etmportal.ui.manageyards.view.Mastersap.ui.core.Icon{\"src\":{\"regex\":{\"source\":\"add\"}}}"}]}
RESULT: undefined
COMMAND: POST /session/c0099c8ef87d8f1a9c022bedeb80dcd8/element - {"using":"xpath","value":"//*[@id=\"__button4-img\"]"}
RESULT: {}
RESULT: {"using":"xpath","value":"//*[@id=\"__button4-img\"]"}
COMMAND: POST /session/c0099c8ef87d8f1a9c022bedeb80dcd8/element/f.37E7500FB3BEF60B72C91044CCDB3F00.d.077FF41F3C22507755CB9A6894D066B7.e.5526/click - {}
RESULT: {}
COMMAND: POST /session/c0099c8ef87d8f1a9c022bedeb80dcd8/execute/async - {"script":"<script> [1562 bytes]","args":[{"selector":{"id":"application-manageyards-display-component---NewYard--addressDetailDetailsName1","interaction":{"idSuffix":"inner"}},"wdio_ui5_key":"applicationmanageyards-display-component---NewYard--addressDetailDetailsName1"}]}
COMMAND: GET /session/c0099c8ef87d8f1a9c022bedeb80dcd8/screenshot - {}
RESULT: {"script":"<script> [1562 bytes]","args":[{"selector":{"id":"application-manageyards-display-component---NewYard--addressDetailDetailsName1","interaction":{"idSuffix":"inner"}},"wdio_ui5_key":"applicationmanageyards-display-component---NewYard--addressDetailDetailsName1"}]}
RESULT: undefined
COMMAND: POST /session/c0099c8ef87d8f1a9c022bedeb80dcd8/execute/async - {"script":"<script> [776 bytes]","args":[{"enterText":"warehouse managed Yard","selector":{"id":"application-manageyards-display-component---NewYard--addressDetailDetailsName1","interaction":{"idSuffix":"inner"}},"clearTextFirst":true,"interactionType":"ENTER_TEXT"}]}
RESULT: {}
RESULT: {"script":"<script> [776 bytes]","args":[{"enterText":"warehouse managed Yard","selector":{"id":"application-manageyards-display-component---NewYard--addressDetailDetailsName1","interaction":{"idSuffix":"inner"}},"clearTextFirst":true,"interactionType":"ENTER_TEXT"}]}
COMMAND: POST /session/c0099c8ef87d8f1a9c022bedeb80dcd8/execute/async - {"script":"<script> [1562 bytes]","args":[{"selector":{"id":"application-manageyards-display-component---NewYard--addressDetailDetailsLanguage-arrow"},"wdio_ui5_key":"applicationmanageyards-display-component---NewYard--addressDetailDetailsLanguage-arrow"}]}
RESULT: {"script":"<script> [1562 bytes]","args":[{"selector":{"id":"application-manageyards-display-component---NewYard--addressDetailDetailsLanguage-arrow"},"wdio_ui5_key":"applicationmanageyards-display-component---NewYard--addressDetailDetailsLanguage-arrow"}]}
RESULT: undefined
COMMAND: POST /session/c0099c8ef87d8f1a9c022bedeb80dcd8/element - {"using":"xpath","value":"//*[@id=\"application-manageyards-display-component---NewYard--addressDetailDetailsLanguage-arrow\"]"}
RESULT: {"using":"xpath","value":"//*[@id=\"application-manageyards-display-component---NewYard--addressDetailDetailsLanguage-arrow\"]"}
COMMAND: POST /session/c0099c8ef87d8f1a9c022bedeb80dcd8/element/f.37E7500FB3BEF60B72C91044CCDB3F00.d.077FF41F3C22507755CB9A6894D066B7.e.5838/click - {}
RESULT: {}
COMMAND: POST /session/c0099c8ef87d8f1a9c022bedeb80dcd8/execute/async - {"script":"<script> [1562 bytes]","args":[{"selector":{"controlType":"sap.m.StandardListItem","viewName":"etm.portal.ui.manageyards.view.New","viewId":"application-manageyards-display-component---NewYard","properties":{"title":"English"},"searchOpenDialogs":true,"interaction":{"idSuffix":"content"}},"wdio_ui5_key":"etmportal.ui.manageyards.view.Newsap.m.StandardListItem{\"title\":\"English\"}"}]}
COMMAND: GET /session/c0099c8ef87d8f1a9c022bedeb80dcd8/screenshot - {}
RESULT: {"script":"<script> [1562 bytes]","args":[{"selector":{"controlType":"sap.m.StandardListItem","viewName":"etm.portal.ui.manageyards.view.New","viewId":"application-manageyards-display-component---NewYard","properties":{"title":"English"},"searchOpenDialogs":true,"interaction":{"idSuffix":"content"}},"wdio_ui5_key":"etmportal.ui.manageyards.view.Newsap.m.StandardListItem{\"title\":\"English\"}"}]}
RESULT: undefined
COMMAND: POST /session/c0099c8ef87d8f1a9c022bedeb80dcd8/element - {"using":"xpath","value":"//*[@id=\"__item101\"]"}
RESULT: {}
RESULT: {"using":"xpath","value":"//*[@id=\"__item101\"]"}
COMMAND: POST /session/c0099c8ef87d8f1a9c022bedeb80dcd8/element/f.37E7500FB3BEF60B72C91044CCDB3F00.d.077FF41F3C22507755CB9A6894D066B7.e.5840/click - {}
RESULT: {}
COMMAND: POST /session/c0099c8ef87d8f1a9c022bedeb80dcd8/execute/async - {"script":"<script> [1562 bytes]","args":[{"selector":{"id":"application-manageyards-display-component---NewYard--addressDetailDetailsCity1","interaction":{"idSuffix":"inner"}},"wdio_ui5_key":"applicationmanageyards-display-component---NewYard--addressDetailDetailsCity1"}]}
COMMAND: GET /session/c0099c8ef87d8f1a9c022bedeb80dcd8/screenshot - {}
RESULT: {"script":"<script> [1562 bytes]","args":[{"selector":{"id":"application-manageyards-display-component---NewYard--addressDetailDetailsCity1","interaction":{"idSuffix":"inner"}},"wdio_ui5_key":"applicationmanageyards-display-component---NewYard--addressDetailDetailsCity1"}]}
RESULT: undefined
COMMAND: POST /session/c0099c8ef87d8f1a9c022bedeb80dcd8/execute/async - {"script":"<script> [776 bytes]","args":[{"enterText":"Rosario","selector":{"id":"application-manageyards-display-component---NewYard--addressDetailDetailsCity1","interaction":{"idSuffix":"inner"}},"clearTextFirst":true,"interactionType":"ENTER_TEXT"}]}
RESULT: {}
RESULT: {"script":"<script> [776 bytes]","args":[{"enterText":"Rosario","selector":{"id":"application-manageyards-display-component---NewYard--addressDetailDetailsCity1","interaction":{"idSuffix":"inner"}},"clearTextFirst":true,"interactionType":"ENTER_TEXT"}]}
COMMAND: POST /session/c0099c8ef87d8f1a9c022bedeb80dcd8/execute/async - {"script":"<script> [1562 bytes]","args":[{"selector":{"id":"application-manageyards-display-component---NewYard--addressDetailDetailsCountry-arrow"},"wdio_ui5_key":"applicationmanageyards-display-component---NewYard--addressDetailDetailsCountry-arrow"}]}
RESULT: {"script":"<script> [1562 bytes]","args":[{"selector":{"id":"application-manageyards-display-component---NewYard--addressDetailDetailsCountry-arrow"},"wdio_ui5_key":"applicationmanageyards-display-component---NewYard--addressDetailDetailsCountry-arrow"}]}
RESULT: undefined
COMMAND: POST /session/c0099c8ef87d8f1a9c022bedeb80dcd8/element - {"using":"xpath","value":"//*[@id=\"application-manageyards-display-component---NewYard--addressDetailDetailsCountry-arrow\"]"}
RESULT: {"using":"xpath","value":"//*[@id=\"application-manageyards-display-component---NewYard--addressDetailDetailsCountry-arrow\"]"}
COMMAND: POST /session/c0099c8ef87d8f1a9c022bedeb80dcd8/element/f.37E7500FB3BEF60B72C91044CCDB3F00.d.077FF41F3C22507755CB9A6894D066B7.e.5823/click - {}
RESULT: {}
COMMAND: POST /session/c0099c8ef87d8f1a9c022bedeb80dcd8/execute/async - {"script":"<script> [1562 bytes]","args":[{"selector":{"controlType":"sap.m.StandardListItem","viewName":"etm.portal.ui.manageyards.view.New","viewId":"application-manageyards-display-component---NewYard","properties":{"title":"Argentina"},"searchOpenDialogs":true,"interaction":{"idSuffix":"content"}},"wdio_ui5_key":"etmportal.ui.manageyards.view.Newsap.m.StandardListItem{\"title\":\"Argentina\"}"}]}
COMMAND: GET /session/c0099c8ef87d8f1a9c022bedeb80dcd8/screenshot - {}
RESULT: {"script":"<script> [1562 bytes]","args":[{"selector":{"controlType":"sap.m.StandardListItem","viewName":"etm.portal.ui.manageyards.view.New","viewId":"application-manageyards-display-component---NewYard","properties":{"title":"Argentina"},"searchOpenDialogs":true,"interaction":{"idSuffix":"content"}},"wdio_ui5_key":"etmportal.ui.manageyards.view.Newsap.m.StandardListItem{\"title\":\"Argentina\"}"}]}
RESULT: undefined
COMMAND: POST /session/c0099c8ef87d8f1a9c022bedeb80dcd8/element - {"using":"xpath","value":"//*[@id=\"__item144\"]"}
RESULT: {}
RESULT: {"using":"xpath","value":"//*[@id=\"__item144\"]"}
COMMAND: POST /session/c0099c8ef87d8f1a9c022bedeb80dcd8/element/f.37E7500FB3BEF60B72C91044CCDB3F00.d.077FF41F3C22507755CB9A6894D066B7.e.5844/click - {}
RESULT: {}
COMMAND: POST /session/c0099c8ef87d8f1a9c022bedeb80dcd8/execute/async - {"script":"<script> [1562 bytes]","args":[{"selector":{"controlType":"sap.m.Button","viewName":"etm.portal.ui.manageyards.view.New","viewId":"application-manageyards-display-component---NewYard","properties":{"text":"Commercial"},"interaction":{"idSuffix":"BDI-content"}},"wdio_ui5_key":"etmportal.ui.manageyards.view.Newsap.m.Button{\"text\":\"Commercial\"}"}]}
COMMAND: GET /session/c0099c8ef87d8f1a9c022bedeb80dcd8/screenshot - {}
RESULT: {"script":"<script> [1562 bytes]","args":[{"selector":{"controlType":"sap.m.Button","viewName":"etm.portal.ui.manageyards.view.New","viewId":"application-manageyards-display-component---NewYard","properties":{"text":"Commercial"},"interaction":{"idSuffix":"BDI-content"}},"wdio_ui5_key":"etmportal.ui.manageyards.view.Newsap.m.Button{\"text\":\"Commercial\"}"}]}
RESULT: undefined
COMMAND: POST /session/c0099c8ef87d8f1a9c022bedeb80dcd8/element - {"using":"xpath","value":"//*[@id=\"application-manageyards-display-component---NewYard--ObjectPageLayout-anchBar-__section5-anchor\"]"}
RESULT: {}
RESULT: {"using":"xpath","value":"//*[@id=\"application-manageyards-display-component---NewYard--ObjectPageLayout-anchBar-__section5-anchor\"]"}
COMMAND: POST /session/c0099c8ef87d8f1a9c022bedeb80dcd8/element/f.37E7500FB3BEF60B72C91044CCDB3F00.d.077FF41F3C22507755CB9A6894D066B7.e.5846/click - {}
RESULT: {}
COMMAND: GET /session/c0099c8ef87d8f1a9c022bedeb80dcd8/screenshot - {}
RESULT: {}
COMMAND: POST /session/c0099c8ef87d8f1a9c022bedeb80dcd8/execute/async - {"script":"<script> [1562 bytes]","args":[{"selector":{"id":"application-manageyards-display-component---NewYard--addressEditDetailsCostObjectCstType-arrow"},"wdio_ui5_key":"applicationmanageyards-display-component---NewYard--addressEditDetailsCostObjectCstType-arrow"}]}
RESULT: {"script":"<script> [1562 bytes]","args":[{"selector":{"id":"application-manageyards-display-component---NewYard--addressEditDetailsCostObjectCstType-arrow"},"wdio_ui5_key":"applicationmanageyards-display-component---NewYard--addressEditDetailsCostObjectCstType-arrow"}]}
RESULT: undefined
COMMAND: POST /session/c0099c8ef87d8f1a9c022bedeb80dcd8/element - {"using":"xpath","value":"//*[@id=\"application-manageyards-display-component---NewYard--addressEditDetailsCostObjectCstType-arrow\"]"}
RESULT: {"using":"xpath","value":"//*[@id=\"application-manageyards-display-component---NewYard--addressEditDetailsCostObjectCstType-arrow\"]"}
COMMAND: POST /session/c0099c8ef87d8f1a9c022bedeb80dcd8/element/f.37E7500FB3BEF60B72C91044CCDB3F00.d.077FF41F3C22507755CB9A6894D066B7.e.5855/click - {}
RESULT: {}
COMMAND: GET /session/c0099c8ef87d8f1a9c022bedeb80dcd8/screenshot - {}
RESULT: {}
COMMAND: POST /session/c0099c8ef87d8f1a9c022bedeb80dcd8/execute/async - {"script":"<script> [1562 bytes]","args":[{"selector":{"controlType":"sap.m.StandardListItem","viewName":"etm.portal.ui.manageyards.view.New","viewId":"application-manageyards-display-component---NewYard","properties":{"title":"Cost Center"},"searchOpenDialogs":true,"interaction":{"idSuffix":"titleText"}},"wdio_ui5_key":"etmportal.ui.manageyards.view.Newsap.m.StandardListItem{\"title\":\"Cost Center\"}"}]}
RESULT: {"script":"<script> [1562 bytes]","args":[{"selector":{"controlType":"sap.m.StandardListItem","viewName":"etm.portal.ui.manageyards.view.New","viewId":"application-manageyards-display-component---NewYard","properties":{"title":"Cost Center"},"searchOpenDialogs":true,"interaction":{"idSuffix":"titleText"}},"wdio_ui5_key":"etmportal.ui.manageyards.view.Newsap.m.StandardListItem{\"title\":\"Cost Center\"}"}]}
RESULT: undefined
COMMAND: POST /session/c0099c8ef87d8f1a9c022bedeb80dcd8/element - {"using":"xpath","value":"//*[@id=\"__item234\"]"}
RESULT: {"using":"xpath","value":"//*[@id=\"__item234\"]"}
COMMAND: POST /session/c0099c8ef87d8f1a9c022bedeb80dcd8/element/f.37E7500FB3BEF60B72C91044CCDB3F00.d.077FF41F3C22507755CB9A6894D066B7.e.5857/click - {}
RESULT: {}
COMMAND: POST /session/c0099c8ef87d8f1a9c022bedeb80dcd8/element - {"using":"xpath","value":"//input[@id=\"application-manageyards-display-component---NewYard--addressNewCostObjectCstID-inner\"]"}
COMMAND: GET /session/c0099c8ef87d8f1a9c022bedeb80dcd8/screenshot - {}
RESULT: {"using":"xpath","value":"//input[@id=\"application-manageyards-display-component---NewYard--addressNewCostObjectCstID-inner\"]"}
COMMAND: POST /session/c0099c8ef87d8f1a9c022bedeb80dcd8/element/f.37E7500FB3BEF60B72C91044CCDB3F00.d.077FF41F3C22507755CB9A6894D066B7.e.5654/clear - {}
RESULT: {}
COMMAND: POST /session/c0099c8ef87d8f1a9c022bedeb80dcd8/element - {"using":"xpath","value":"//input[@id=\"application-manageyards-display-component---NewYard--addressNewCostObjectCstID-inner\"]"}
RESULT: {"using":"xpath","value":"//input[@id=\"application-manageyards-display-component---NewYard--addressNewCostObjectCstID-inner\"]"}
COMMAND: POST /session/c0099c8ef87d8f1a9c022bedeb80dcd8/element/f.37E7500FB3BEF60B72C91044CCDB3F00.d.077FF41F3C22507755CB9A6894D066B7.e.5654/clear - {}
COMMAND: POST /session/c0099c8ef87d8f1a9c022bedeb80dcd8/element - {"using":"xpath","value":"//input[@id=\"application-manageyards-display-component---NewYard--addressNewCostObjectCstID-inner\"]"}
RESULT: {"using":"xpath","value":"//input[@id=\"application-manageyards-display-component---NewYard--addressNewCostObjectCstID-inner\"]"}
COMMAND: POST /session/c0099c8ef87d8f1a9c022bedeb80dcd8/element/f.37E7500FB3BEF60B72C91044CCDB3F00.d.077FF41F3C22507755CB9A6894D066B7.e.5859/clear - {}
COMMAND: POST /session/c0099c8ef87d8f1a9c022bedeb80dcd8/element - {"using":"xpath","value":"//input[@id=\"application-manageyards-display-component---NewYard--addressNewCostObjectCstID-inner\"]"}
RESULT: {"using":"xpath","value":"//input[@id=\"application-manageyards-display-component---NewYard--addressNewCostObjectCstID-inner\"]"}
COMMAND: POST /session/c0099c8ef87d8f1a9c022bedeb80dcd8/element/f.37E7500FB3BEF60B72C91044CCDB3F00.d.077FF41F3C22507755CB9A6894D066B7.e.5859/clear - {}
COMMAND: POST /session/c0099c8ef87d8f1a9c022bedeb80dcd8/element - {"using":"xpath","value":"//input[@id=\"application-manageyards-display-component---NewYard--addressNewCostObjectCstID-inner\"]"}
RESULT: {"using":"xpath","value":"//input[@id=\"application-manageyards-display-component---NewYard--addressNewCostObjectCstID-inner\"]"}
COMMAND: POST /session/c0099c8ef87d8f1a9c022bedeb80dcd8/element/f.37E7500FB3BEF60B72C91044CCDB3F00.d.077FF41F3C22507755CB9A6894D066B7.e.5861/clear - {}
COMMAND: POST /session/c0099c8ef87d8f1a9c022bedeb80dcd8/element - {"using":"xpath","value":"//input[@id=\"application-manageyards-display-component---NewYard--addressNewCostObjectCstID-inner\"]"}
RESULT: {"using":"xpath","value":"//input[@id=\"application-manageyards-display-component---NewYard--addressNewCostObjectCstID-inner\"]"}
COMMAND: POST /session/c0099c8ef87d8f1a9c022bedeb80dcd8/element/f.37E7500FB3BEF60B72C91044CCDB3F00.d.077FF41F3C22507755CB9A6894D066B7.e.5861/clear - {}
COMMAND: POST /session/c0099c8ef87d8f1a9c022bedeb80dcd8/element - {"using":"xpath","value":"//input[@id=\"application-manageyards-display-component---NewYard--addressNewCostObjectCstID-inner\"]"}
RESULT: {"using":"xpath","value":"//input[@id=\"application-manageyards-display-component---NewYard--addressNewCostObjectCstID-inner\"]"}
COMMAND: POST /session/c0099c8ef87d8f1a9c022bedeb80dcd8/element/f.37E7500FB3BEF60B72C91044CCDB3F00.d.077FF41F3C22507755CB9A6894D066B7.e.5863/clear - {}
RESULT: {}
COMMAND: POST /session/c0099c8ef87d8f1a9c022bedeb80dcd8/element/f.37E7500FB3BEF60B72C91044CCDB3F00.d.077FF41F3C22507755CB9A6894D066B7.e.5863/value - {"text":"10001013"}
COMMAND: GET /session/c0099c8ef87d8f1a9c022bedeb80dcd8/screenshot - {}
RESULT: {"text":"10001013"}
COMMAND: GET /session/c0099c8ef87d8f1a9c022bedeb80dcd8/screenshot - {}
RESULT: {}
RESULT: {}
COMMAND: POST /session/c0099c8ef87d8f1a9c022bedeb80dcd8/execute/async - {"script":"<script> [1562 bytes]","args":[{"selector":{"controlType":"sap.m.StandardListItem","viewName":"etm.portal.ui.manageyards.view.New","viewId":"application-manageyards-display-component---NewYard","properties":{"type":"Active"},"searchOpenDialogs":true,"interaction":{"idSuffix":"titleText"}},"wdio_ui5_key":"etmportal.ui.manageyards.view.Newsap.m.StandardListItem{\"type\":\"Active\"}"}]}
RESULT: {"script":"<script> [1562 bytes]","args":[{"selector":{"controlType":"sap.m.StandardListItem","viewName":"etm.portal.ui.manageyards.view.New","viewId":"application-manageyards-display-component---NewYard","properties":{"type":"Active"},"searchOpenDialogs":true,"interaction":{"idSuffix":"titleText"}},"wdio_ui5_key":"etmportal.ui.manageyards.view.Newsap.m.StandardListItem{\"type\":\"Active\"}"}]}
RESULT: undefined
COMMAND: POST /session/c0099c8ef87d8f1a9c022bedeb80dcd8/element - {"using":"xpath","value":"//*[@id=\"__item339\"]"}
RESULT: {"using":"xpath","value":"//*[@id=\"__item339\"]"}
COMMAND: POST /session/c0099c8ef87d8f1a9c022bedeb80dcd8/element/f.37E7500FB3BEF60B72C91044CCDB3F00.d.077FF41F3C22507755CB9A6894D066B7.e.5867/click - {}
RESULT: {}
COMMAND: POST /session/c0099c8ef87d8f1a9c022bedeb80dcd8/execute/async - {"script":"<script> [1562 bytes]","args":[{"selector":{"id":"application-manageyards-display-component---NewYard--addressEditDetailsCurrency-arrow"},"wdio_ui5_key":"applicationmanageyards-display-component---NewYard--addressEditDetailsCurrency-arrow"}]}
COMMAND: GET /session/c0099c8ef87d8f1a9c022bedeb80dcd8/screenshot - {}
RESULT: {"script":"<script> [1562 bytes]","args":[{"selector":{"id":"application-manageyards-display-component---NewYard--addressEditDetailsCurrency-arrow"},"wdio_ui5_key":"applicationmanageyards-display-component---NewYard--addressEditDetailsCurrency-arrow"}]}
RESULT: undefined
COMMAND: POST /session/c0099c8ef87d8f1a9c022bedeb80dcd8/element - {"using":"xpath","value":"//*[@id=\"application-manageyards-display-component---NewYard--addressEditDetailsCurrency-arrow\"]"}
RESULT: {}
RESULT: {"using":"xpath","value":"//*[@id=\"application-manageyards-display-component---NewYard--addressEditDetailsCurrency-arrow\"]"}
COMMAND: POST /session/c0099c8ef87d8f1a9c022bedeb80dcd8/element/f.37E7500FB3BEF60B72C91044CCDB3F00.d.077FF41F3C22507755CB9A6894D066B7.e.5869/click - {}
RESULT: {}
COMMAND: POST /session/c0099c8ef87d8f1a9c022bedeb80dcd8/execute/async - {"script":"<script> [1562 bytes]","args":[{"selector":{"controlType":"sap.m.StandardListItem","viewName":"etm.portal.ui.manageyards.view.New","viewId":"application-manageyards-display-component---NewYard","properties":{"title":"Euro"},"searchOpenDialogs":true,"interaction":{"idSuffix":"content"}},"wdio_ui5_key":"etmportal.ui.manageyards.view.Newsap.m.StandardListItem{\"title\":\"Euro\"}"}]}
COMMAND: GET /session/c0099c8ef87d8f1a9c022bedeb80dcd8/screenshot - {}
RESULT: {"script":"<script> [1562 bytes]","args":[{"selector":{"controlType":"sap.m.StandardListItem","viewName":"etm.portal.ui.manageyards.view.New","viewId":"application-manageyards-display-component---NewYard","properties":{"title":"Euro"},"searchOpenDialogs":true,"interaction":{"idSuffix":"content"}},"wdio_ui5_key":"etmportal.ui.manageyards.view.Newsap.m.StandardListItem{\"title\":\"Euro\"}"}]}
RESULT: undefined
COMMAND: POST /session/c0099c8ef87d8f1a9c022bedeb80dcd8/element - {"using":"xpath","value":"//*[@id=\"__item340\"]"}
RESULT: {}
RESULT: {"using":"xpath","value":"//*[@id=\"__item340\"]"}
COMMAND: POST /session/c0099c8ef87d8f1a9c022bedeb80dcd8/element/f.37E7500FB3BEF60B72C91044CCDB3F00.d.077FF41F3C22507755CB9A6894D066B7.e.5871/click - {}
RESULT: {}
COMMAND: POST /session/c0099c8ef87d8f1a9c022bedeb80dcd8/execute/async - {"script":"<script> [1562 bytes]","args":[{"selector":{"controlType":"sap.m.Input","viewName":"etm.portal.ui.manageyards.view.New","viewId":"application-manageyards-display-component---NewYard","bindingPath":{"path":"","propertyPath":"/CONTROLLING_AREA","modelName":"NewYardModel"},"interaction":{"idSuffix":"inner"}},"wdio_ui5_key":"etmportal.ui.manageyards.view.Newsap.m.Input{\"path\":\"\",\"propertyPath\":\"/CONTROLLING_AREA\",\"modelName\":\"NewYardModel\"}"}]}
COMMAND: GET /session/c0099c8ef87d8f1a9c022bedeb80dcd8/screenshot - {}
RESULT: {"script":"<script> [1562 bytes]","args":[{"selector":{"controlType":"sap.m.Input","viewName":"etm.portal.ui.manageyards.view.New","viewId":"application-manageyards-display-component---NewYard","bindingPath":{"path":"","propertyPath":"/CONTROLLING_AREA","modelName":"NewYardModel"},"interaction":{"idSuffix":"inner"}},"wdio_ui5_key":"etmportal.ui.manageyards.view.Newsap.m.Input{\"path\":\"\",\"propertyPath\":\"/CONTROLLING_AREA\",\"modelName\":\"NewYardModel\"}"}]}
RESULT: undefined
COMMAND: POST /session/c0099c8ef87d8f1a9c022bedeb80dcd8/execute/async - {"script":"<script> [776 bytes]","args":[{"enterText":"Z001","selector":{"controlType":"sap.m.Input","viewName":"etm.portal.ui.manageyards.view.New","viewId":"application-manageyards-display-component---NewYard","bindingPath":{"path":"","propertyPath":"/CONTROLLING_AREA","modelName":"NewYardModel"},"interaction":{"idSuffix":"inner"}},"clearTextFirst":true,"interactionType":"ENTER_TEXT"}]}
RESULT: {}
RESULT: {"script":"<script> [776 bytes]","args":[{"enterText":"Z001","selector":{"controlType":"sap.m.Input","viewName":"etm.portal.ui.manageyards.view.New","viewId":"application-manageyards-display-component---NewYard","bindingPath":{"path":"","propertyPath":"/CONTROLLING_AREA","modelName":"NewYardModel"},"interaction":{"idSuffix":"inner"}},"clearTextFirst":true,"interactionType":"ENTER_TEXT"}]}
COMMAND: POST /session/c0099c8ef87d8f1a9c022bedeb80dcd8/execute/async - {"script":"<script> [1562 bytes]","args":[{"selector":{"id":"application-manageyards-display-component---NewYard--companyCodeComboBox","interaction":{"idSuffix":"inner"}},"wdio_ui5_key":"applicationmanageyards-display-component---NewYard--companyCodeComboBox"}]}
RESULT: {"script":"<script> [1562 bytes]","args":[{"selector":{"id":"application-manageyards-display-component---NewYard--companyCodeComboBox","interaction":{"idSuffix":"inner"}},"wdio_ui5_key":"applicationmanageyards-display-component---NewYard--companyCodeComboBox"}]}
RESULT: undefined
COMMAND: POST /session/c0099c8ef87d8f1a9c022bedeb80dcd8/execute/async - {"script":"<script> [776 bytes]","args":[{"enterText":"1000","selector":{"id":"application-manageyards-display-component---NewYard--companyCodeComboBox","interaction":{"idSuffix":"inner"}},"clearTextFirst":true,"interactionType":"ENTER_TEXT"}]}
RESULT: {"script":"<script> [776 bytes]","args":[{"enterText":"1000","selector":{"id":"application-manageyards-display-component---NewYard--companyCodeComboBox","interaction":{"idSuffix":"inner"}},"clearTextFirst":true,"interactionType":"ENTER_TEXT"}]}
COMMAND: POST /session/c0099c8ef87d8f1a9c022bedeb80dcd8/execute/async - {"script":"<script> [1562 bytes]","args":[{"selector":{"controlType":"sap.m.Input","viewName":"etm.portal.ui.manageyards.view.New","viewId":"application-manageyards-display-component---NewYard","bindingPath":{"path":"","propertyPath":"/PLANT","modelName":"NewYardModel"},"interaction":{"idSuffix":"inner"}},"wdio_ui5_key":"etmportal.ui.manageyards.view.Newsap.m.Input{\"path\":\"\",\"propertyPath\":\"/PLANT\",\"modelName\":\"NewYardModel\"}"}]}
RESULT: {"script":"<script> [1562 bytes]","args":[{"selector":{"controlType":"sap.m.Input","viewName":"etm.portal.ui.manageyards.view.New","viewId":"application-manageyards-display-component---NewYard","bindingPath":{"path":"","propertyPath":"/PLANT","modelName":"NewYardModel"},"interaction":{"idSuffix":"inner"}},"wdio_ui5_key":"etmportal.ui.manageyards.view.Newsap.m.Input{\"path\":\"\",\"propertyPath\":\"/PLANT\",\"modelName\":\"NewYardModel\"}"}]}
RESULT: undefined
COMMAND: POST /session/c0099c8ef87d8f1a9c022bedeb80dcd8/execute/async - {"script":"<script> [776 bytes]","args":[{"enterText":"1001","selector":{"controlType":"sap.m.Input","viewName":"etm.portal.ui.manageyards.view.New","viewId":"application-manageyards-display-component---NewYard","bindingPath":{"path":"","propertyPath":"/PLANT","modelName":"NewYardModel"},"interaction":{"idSuffix":"inner"}},"clearTextFirst":true,"interactionType":"ENTER_TEXT"}]}
RESULT: {"script":"<script> [776 bytes]","args":[{"enterText":"1001","selector":{"controlType":"sap.m.Input","viewName":"etm.portal.ui.manageyards.view.New","viewId":"application-manageyards-display-component---NewYard","bindingPath":{"path":"","propertyPath":"/PLANT","modelName":"NewYardModel"},"interaction":{"idSuffix":"inner"}},"clearTextFirst":true,"interactionType":"ENTER_TEXT"}]}
COMMAND: POST /session/c0099c8ef87d8f1a9c022bedeb80dcd8/execute/async - {"script":"<script> [1562 bytes]","args":[{"selector":{"controlType":"sap.m.Input","viewName":"etm.portal.ui.manageyards.view.New","viewId":"application-manageyards-display-component---NewYard","bindingPath":{"path":"","propertyPath":"/SALES_AREA_VKORG","modelName":"NewYardModel"},"interaction":{"idSuffix":"inner"}},"wdio_ui5_key":"etmportal.ui.manageyards.view.Newsap.m.Input{\"path\":\"\",\"propertyPath\":\"/SALES_AREA_VKORG\",\"modelName\":\"NewYardModel\"}"}]}
RESULT: {"script":"<script> [1562 bytes]","args":[{"selector":{"controlType":"sap.m.Input","viewName":"etm.portal.ui.manageyards.view.New","viewId":"application-manageyards-display-component---NewYard","bindingPath":{"path":"","propertyPath":"/SALES_AREA_VKORG","modelName":"NewYardModel"},"interaction":{"idSuffix":"inner"}},"wdio_ui5_key":"etmportal.ui.manageyards.view.Newsap.m.Input{\"path\":\"\",\"propertyPath\":\"/SALES_AREA_VKORG\",\"modelName\":\"NewYardModel\"}"}]}
RESULT: undefined
COMMAND: POST /session/c0099c8ef87d8f1a9c022bedeb80dcd8/execute/async - {"script":"<script> [776 bytes]","args":[{"enterText":"C002","selector":{"controlType":"sap.m.Input","viewName":"etm.portal.ui.manageyards.view.New","viewId":"application-manageyards-display-component---NewYard","bindingPath":{"path":"","propertyPath":"/SALES_AREA_VKORG","modelName":"NewYardModel"},"interaction":{"idSuffix":"inner"}},"clearTextFirst":true,"interactionType":"ENTER_TEXT"}]}
RESULT: {"script":"<script> [776 bytes]","args":[{"enterText":"C002","selector":{"controlType":"sap.m.Input","viewName":"etm.portal.ui.manageyards.view.New","viewId":"application-manageyards-display-component---NewYard","bindingPath":{"path":"","propertyPath":"/SALES_AREA_VKORG","modelName":"NewYardModel"},"interaction":{"idSuffix":"inner"}},"clearTextFirst":true,"interactionType":"ENTER_TEXT"}]}
COMMAND: POST /session/c0099c8ef87d8f1a9c022bedeb80dcd8/execute/async - {"script":"<script> [1562 bytes]","args":[{"selector":{"controlType":"sap.m.Input","viewName":"etm.portal.ui.manageyards.view.New","viewId":"application-manageyards-display-component---NewYard","bindingPath":{"path":"","propertyPath":"/SALES_AREA_VTWEG","modelName":"NewYardModel"},"interaction":{"idSuffix":"inner"}},"wdio_ui5_key":"etmportal.ui.manageyards.view.Newsap.m.Input{\"path\":\"\",\"propertyPath\":\"/SALES_AREA_VTWEG\",\"modelName\":\"NewYardModel\"}"}]}
RESULT: {"script":"<script> [1562 bytes]","args":[{"selector":{"controlType":"sap.m.Input","viewName":"etm.portal.ui.manageyards.view.New","viewId":"application-manageyards-display-component---NewYard","bindingPath":{"path":"","propertyPath":"/SALES_AREA_VTWEG","modelName":"NewYardModel"},"interaction":{"idSuffix":"inner"}},"wdio_ui5_key":"etmportal.ui.manageyards.view.Newsap.m.Input{\"path\":\"\",\"propertyPath\":\"/SALES_AREA_VTWEG\",\"modelName\":\"NewYardModel\"}"}]}
RESULT: undefined
COMMAND: POST /session/c0099c8ef87d8f1a9c022bedeb80dcd8/execute/async - {"script":"<script> [776 bytes]","args":[{"enterText":"C2","selector":{"controlType":"sap.m.Input","viewName":"etm.portal.ui.manageyards.view.New","viewId":"application-manageyards-display-component---NewYard","bindingPath":{"path":"","propertyPath":"/SALES_AREA_VTWEG","modelName":"NewYardModel"},"interaction":{"idSuffix":"inner"}},"clearTextFirst":true,"interactionType":"ENTER_TEXT"}]}
RESULT: {"script":"<script> [776 bytes]","args":[{"enterText":"C2","selector":{"controlType":"sap.m.Input","viewName":"etm.portal.ui.manageyards.view.New","viewId":"application-manageyards-display-component---NewYard","bindingPath":{"path":"","propertyPath":"/SALES_AREA_VTWEG","modelName":"NewYardModel"},"interaction":{"idSuffix":"inner"}},"clearTextFirst":true,"interactionType":"ENTER_TEXT"}]}
COMMAND: POST /session/c0099c8ef87d8f1a9c022bedeb80dcd8/execute/async - {"script":"<script> [1562 bytes]","args":[{"selector":{"controlType":"sap.m.Input","viewName":"etm.portal.ui.manageyards.view.New","viewId":"application-manageyards-display-component---NewYard","bindingPath":{"path":"","propertyPath":"/SALES_AREA_SPART","modelName":"NewYardModel"},"interaction":{"idSuffix":"inner"}},"wdio_ui5_key":"etmportal.ui.manageyards.view.Newsap.m.Input{\"path\":\"\",\"propertyPath\":\"/SALES_AREA_SPART\",\"modelName\":\"NewYardModel\"}"}]}
RESULT: {"script":"<script> [1562 bytes]","args":[{"selector":{"controlType":"sap.m.Input","viewName":"etm.portal.ui.manageyards.view.New","viewId":"application-manageyards-display-component---NewYard","bindingPath":{"path":"","propertyPath":"/SALES_AREA_SPART","modelName":"NewYardModel"},"interaction":{"idSuffix":"inner"}},"wdio_ui5_key":"etmportal.ui.manageyards.view.Newsap.m.Input{\"path\":\"\",\"propertyPath\":\"/SALES_AREA_SPART\",\"modelName\":\"NewYardModel\"}"}]}
RESULT: undefined
COMMAND: POST /session/c0099c8ef87d8f1a9c022bedeb80dcd8/execute/async - {"script":"<script> [776 bytes]","args":[{"enterText":"C2","selector":{"controlType":"sap.m.Input","viewName":"etm.portal.ui.manageyards.view.New","viewId":"application-manageyards-display-component---NewYard","bindingPath":{"path":"","propertyPath":"/SALES_AREA_SPART","modelName":"NewYardModel"},"interaction":{"idSuffix":"inner"}},"clearTextFirst":true,"interactionType":"ENTER_TEXT"}]}
RESULT: {"script":"<script> [776 bytes]","args":[{"enterText":"C2","selector":{"controlType":"sap.m.Input","viewName":"etm.portal.ui.manageyards.view.New","viewId":"application-manageyards-display-component---NewYard","bindingPath":{"path":"","propertyPath":"/SALES_AREA_SPART","modelName":"NewYardModel"},"interaction":{"idSuffix":"inner"}},"clearTextFirst":true,"interactionType":"ENTER_TEXT"}]}
COMMAND: POST /session/c0099c8ef87d8f1a9c022bedeb80dcd8/execute/async - {"script":"<script> [1562 bytes]","args":[{"selector":{"controlType":"sap.m.Input","viewName":"etm.portal.ui.manageyards.view.New","viewId":"application-manageyards-display-component---NewYard","bindingPath":{"path":"","propertyPath":"/SHIP_POINT","modelName":"NewYardModel"},"interaction":{"idSuffix":"inner"}},"wdio_ui5_key":"etmportal.ui.manageyards.view.Newsap.m.Input{\"path\":\"\",\"propertyPath\":\"/SHIP_POINT\",\"modelName\":\"NewYardModel\"}"}]}
RESULT: {"script":"<script> [1562 bytes]","args":[{"selector":{"controlType":"sap.m.Input","viewName":"etm.portal.ui.manageyards.view.New","viewId":"application-manageyards-display-component---NewYard","bindingPath":{"path":"","propertyPath":"/SHIP_POINT","modelName":"NewYardModel"},"interaction":{"idSuffix":"inner"}},"wdio_ui5_key":"etmportal.ui.manageyards.view.Newsap.m.Input{\"path\":\"\",\"propertyPath\":\"/SHIP_POINT\",\"modelName\":\"NewYardModel\"}"}]}
RESULT: undefined
COMMAND: POST /session/c0099c8ef87d8f1a9c022bedeb80dcd8/execute/async - {"script":"<script> [776 bytes]","args":[{"enterText":"1710","selector":{"controlType":"sap.m.Input","viewName":"etm.portal.ui.manageyards.view.New","viewId":"application-manageyards-display-component---NewYard","bindingPath":{"path":"","propertyPath":"/SHIP_POINT","modelName":"NewYardModel"},"interaction":{"idSuffix":"inner"}},"clearTextFirst":true,"interactionType":"ENTER_TEXT"}]}
RESULT: {"script":"<script> [776 bytes]","args":[{"enterText":"1710","selector":{"controlType":"sap.m.Input","viewName":"etm.portal.ui.manageyards.view.New","viewId":"application-manageyards-display-component---NewYard","bindingPath":{"path":"","propertyPath":"/SHIP_POINT","modelName":"NewYardModel"},"interaction":{"idSuffix":"inner"}},"clearTextFirst":true,"interactionType":"ENTER_TEXT"}]}
COMMAND: POST /session/c0099c8ef87d8f1a9c022bedeb80dcd8/execute/async - {"script":"<script> [1562 bytes]","args":[{"selector":{"controlType":"sap.m.Input","viewName":"etm.portal.ui.manageyards.view.New","viewId":"application-manageyards-display-component---NewYard","bindingPath":{"path":"","propertyPath":"/DELIVERY_TYPE","modelName":"NewYardModel"},"interaction":{"idSuffix":"inner"}},"wdio_ui5_key":"etmportal.ui.manageyards.view.Newsap.m.Input{\"path\":\"\",\"propertyPath\":\"/DELIVERY_TYPE\",\"modelName\":\"NewYardModel\"}"}]}
RESULT: {"script":"<script> [1562 bytes]","args":[{"selector":{"controlType":"sap.m.Input","viewName":"etm.portal.ui.manageyards.view.New","viewId":"application-manageyards-display-component---NewYard","bindingPath":{"path":"","propertyPath":"/DELIVERY_TYPE","modelName":"NewYardModel"},"interaction":{"idSuffix":"inner"}},"wdio_ui5_key":"etmportal.ui.manageyards.view.Newsap.m.Input{\"path\":\"\",\"propertyPath\":\"/DELIVERY_TYPE\",\"modelName\":\"NewYardModel\"}"}]}
RESULT: undefined
COMMAND: POST /session/c0099c8ef87d8f1a9c022bedeb80dcd8/execute/async - {"script":"<script> [776 bytes]","args":[{"enterText":"ZL01","selector":{"controlType":"sap.m.Input","viewName":"etm.portal.ui.manageyards.view.New","viewId":"application-manageyards-display-component---NewYard","bindingPath":{"path":"","propertyPath":"/DELIVERY_TYPE","modelName":"NewYardModel"},"interaction":{"idSuffix":"inner"}},"clearTextFirst":true,"interactionType":"ENTER_TEXT"}]}
RESULT: {"script":"<script> [776 bytes]","args":[{"enterText":"ZL01","selector":{"controlType":"sap.m.Input","viewName":"etm.portal.ui.manageyards.view.New","viewId":"application-manageyards-display-component---NewYard","bindingPath":{"path":"","propertyPath":"/DELIVERY_TYPE","modelName":"NewYardModel"},"interaction":{"idSuffix":"inner"}},"clearTextFirst":true,"interactionType":"ENTER_TEXT"}]}
COMMAND: POST /session/c0099c8ef87d8f1a9c022bedeb80dcd8/execute/async - {"script":"<script> [1562 bytes]","args":[{"selector":{"controlType":"sap.m.Input","viewName":"etm.portal.ui.manageyards.view.New","viewId":"application-manageyards-display-component---NewYard","bindingPath":{"path":"","propertyPath":"/AUART","modelName":"NewYardModel"},"interaction":{"idSuffix":"inner"}},"wdio_ui5_key":"etmportal.ui.manageyards.view.Newsap.m.Input{\"path\":\"\",\"propertyPath\":\"/AUART\",\"modelName\":\"NewYardModel\"}"}]}
RESULT: {"script":"<script> [1562 bytes]","args":[{"selector":{"controlType":"sap.m.Input","viewName":"etm.portal.ui.manageyards.view.New","viewId":"application-manageyards-display-component---NewYard","bindingPath":{"path":"","propertyPath":"/AUART","modelName":"NewYardModel"},"interaction":{"idSuffix":"inner"}},"wdio_ui5_key":"etmportal.ui.manageyards.view.Newsap.m.Input{\"path\":\"\",\"propertyPath\":\"/AUART\",\"modelName\":\"NewYardModel\"}"}]}
RESULT: undefined
COMMAND: POST /session/c0099c8ef87d8f1a9c022bedeb80dcd8/execute/async - {"script":"<script> [776 bytes]","args":[{"enterText":"TA","selector":{"controlType":"sap.m.Input","viewName":"etm.portal.ui.manageyards.view.New","viewId":"application-manageyards-display-component---NewYard","bindingPath":{"path":"","propertyPath":"/AUART","modelName":"NewYardModel"},"interaction":{"idSuffix":"inner"}},"clearTextFirst":true,"interactionType":"ENTER_TEXT"}]}
RESULT: {"script":"<script> [776 bytes]","args":[{"enterText":"TA","selector":{"controlType":"sap.m.Input","viewName":"etm.portal.ui.manageyards.view.New","viewId":"application-manageyards-display-component---NewYard","bindingPath":{"path":"","propertyPath":"/AUART","modelName":"NewYardModel"},"interaction":{"idSuffix":"inner"}},"clearTextFirst":true,"interactionType":"ENTER_TEXT"}]}
COMMAND: POST /session/c0099c8ef87d8f1a9c022bedeb80dcd8/execute/async - {"script":"<script> [1562 bytes]","args":[{"selector":{"id":"application-manageyards-display-component---NewYard--whmCheckBox","interaction":{"idSuffix":"CbBg"}},"wdio_ui5_key":"applicationmanageyards-display-component---NewYard--whmCheckBox"}]}
RESULT: {"script":"<script> [1562 bytes]","args":[{"selector":{"id":"application-manageyards-display-component---NewYard--whmCheckBox","interaction":{"idSuffix":"CbBg"}},"wdio_ui5_key":"applicationmanageyards-display-component---NewYard--whmCheckBox"}]}
RESULT: undefined
COMMAND: POST /session/c0099c8ef87d8f1a9c022bedeb80dcd8/element - {"using":"xpath","value":"//*[@id=\"application-manageyards-display-component---NewYard--whmCheckBox\"]"}
RESULT: {"using":"xpath","value":"//*[@id=\"application-manageyards-display-component---NewYard--whmCheckBox\"]"}
COMMAND: POST /session/c0099c8ef87d8f1a9c022bedeb80dcd8/element/f.37E7500FB3BEF60B72C91044CCDB3F00.d.077FF41F3C22507755CB9A6894D066B7.e.5882/click - {}
RESULT: {}
COMMAND: POST /session/c0099c8ef87d8f1a9c022bedeb80dcd8/execute/async - {"script":"<script> [1562 bytes]","args":[{"selector":{"controlType":"sap.m.Button","viewName":"etm.portal.ui.manageyards.view.New","viewId":"application-manageyards-display-component---NewYard","i18NText":{"propertyName":"text","key":"save"},"interaction":{"idSuffix":"BDI-content"}},"wdio_ui5_key":"etmportal.ui.manageyards.view.Newsap.m.Button{\"propertyName\":\"text\",\"key\":\"save\"}"}]}
COMMAND: GET /session/c0099c8ef87d8f1a9c022bedeb80dcd8/screenshot - {}
RESULT: {"script":"<script> [1562 bytes]","args":[{"selector":{"controlType":"sap.m.Button","viewName":"etm.portal.ui.manageyards.view.New","viewId":"application-manageyards-display-component---NewYard","i18NText":{"propertyName":"text","key":"save"},"interaction":{"idSuffix":"BDI-content"}},"wdio_ui5_key":"etmportal.ui.manageyards.view.Newsap.m.Button{\"propertyName\":\"text\",\"key\":\"save\"}"}]}
RESULT: undefined
COMMAND: POST /session/c0099c8ef87d8f1a9c022bedeb80dcd8/element - {"using":"xpath","value":"//*[@id=\"__button18\"]"}
RESULT: {}
RESULT: {"using":"xpath","value":"//*[@id=\"__button18\"]"}
COMMAND: POST /session/c0099c8ef87d8f1a9c022bedeb80dcd8/element/f.37E7500FB3BEF60B72C91044CCDB3F00.d.077FF41F3C22507755CB9A6894D066B7.e.5819/click - {}
RESULT: {}
COMMAND: GET /session/c0099c8ef87d8f1a9c022bedeb80dcd8/screenshot - {}
RESULT: {}
COMMAND: POST /session/c0099c8ef87d8f1a9c022bedeb80dcd8/execute/async - {"script":"<script> [1562 bytes]","args":[{"selector":{"controlType":"sap.m.Text","viewName":"etm.portal.ui.manageyards.view.Detail","viewId":"application-manageyards-display-component---detailYard","bindingPath":{"propertyPath":"ID","modelName":"catalogModel"}},"wdio_ui5_key":"etmportal.ui.manageyards.view.Detailsap.m.Text{\"propertyPath\":\"ID\",\"modelName\":\"catalogModel\"}"}]}
RESULT: {"script":"<script> [1562 bytes]","args":[{"selector":{"controlType":"sap.m.Text","viewName":"etm.portal.ui.manageyards.view.Detail","viewId":"application-manageyards-display-component---detailYard","bindingPath":{"propertyPath":"ID","modelName":"catalogModel"}},"wdio_ui5_key":"etmportal.ui.manageyards.view.Detailsap.m.Text{\"propertyPath\":\"ID\",\"modelName\":\"catalogModel\"}"}]}
RESULT: undefined
COMMAND: POST /session/c0099c8ef87d8f1a9c022bedeb80dcd8/execute/async - {"script":"<script> [6424 bytes]","args":[{"element-6066-11e4-a52e-4f735466cecf":"f.37E7500FB3BEF60B72C91044CCDB3F00.d.077FF41F3C22507755CB9A6894D066B7.e.6074"},"getText",[]]}
RESULT: {"script":"<script> [6424 bytes]","args":[{"element-6066-11e4-a52e-4f735466cecf":"f.37E7500FB3BEF60B72C91044CCDB3F00.d.077FF41F3C22507755CB9A6894D066B7.e.6074"},"getText",[]]}
COMMAND: POST /session/c0099c8ef87d8f1a9c022bedeb80dcd8/element - {"using":"css selector","value":"#shell-header-logo"}
RESULT: {"using":"css selector","value":"#shell-header-logo"}
COMMAND: POST /session/c0099c8ef87d8f1a9c022bedeb80dcd8/element/f.37E7500FB3BEF60B72C91044CCDB3F00.d.077FF41F3C22507755CB9A6894D066B7.e.5375/click - {}
RESULT: {}
COMMAND: GET /session/c0099c8ef87d8f1a9c022bedeb80dcd8/screenshot - {}
RESULT: {}
]]></system-out>
    </testcase>
    <testcase classname="chrome.135_0_7049_96.windows.Provide_to_Site_w/_warehouse_management_w/o_clarification_US113782_" name="Should create WHM site" time="99.616">
      <system-out><![CDATA[
COMMAND: POST /session/c0099c8ef87d8f1a9c022bedeb80dcd8/execute/async - {"script":"<script> [1562 bytes]","args":[{"selector":{"controlType":"sap.m.GenericTile","properties":{"header":"Manage Sites"}},"wdio_ui5_key":"sapm.GenericTile{\"header\":\"Manage Sites\"}"}]}
RESULT: {"script":"<script> [1562 bytes]","args":[{"selector":{"controlType":"sap.m.GenericTile","properties":{"header":"Manage Sites"}},"wdio_ui5_key":"sapm.GenericTile{\"header\":\"Manage Sites\"}"}]}
RESULT: undefined
COMMAND: POST /session/c0099c8ef87d8f1a9c022bedeb80dcd8/element - {"using":"xpath","value":"//*[@id=\"__tile40\"]"}
RESULT: {"using":"xpath","value":"//*[@id=\"__tile40\"]"}
COMMAND: POST /session/c0099c8ef87d8f1a9c022bedeb80dcd8/element/f.37E7500FB3BEF60B72C91044CCDB3F00.d.077FF41F3C22507755CB9A6894D066B7.e.6077/click - {}
RESULT: {}
COMMAND: GET /session/c0099c8ef87d8f1a9c022bedeb80dcd8/screenshot - {}
COMMAND: POST /session/c0099c8ef87d8f1a9c022bedeb80dcd8/execute/async - {"script":"<script> [1562 bytes]","args":[{"selector":{"controlType":"sap.ui.core.Icon","viewName":"etm.portal.ui.managesites.view.Master","viewId":"application-managesites-display-component---masterSite","properties":{"src":{"regex":{"source":"add"}}}},"wdio_ui5_key":"etmportal.ui.managesites.view.Mastersap.ui.core.Icon{\"src\":{\"regex\":{\"source\":\"add\"}}}"}]}
RESULT: {}
RESULT: {"script":"<script> [1562 bytes]","args":[{"selector":{"controlType":"sap.ui.core.Icon","viewName":"etm.portal.ui.managesites.view.Master","viewId":"application-managesites-display-component---masterSite","properties":{"src":{"regex":{"source":"add"}}}},"wdio_ui5_key":"etmportal.ui.managesites.view.Mastersap.ui.core.Icon{\"src\":{\"regex\":{\"source\":\"add\"}}}"}]}
RESULT: undefined
COMMAND: POST /session/c0099c8ef87d8f1a9c022bedeb80dcd8/element - {"using":"xpath","value":"//*[@id=\"__button64-img\"]"}
RESULT: {"using":"xpath","value":"//*[@id=\"__button64-img\"]"}
COMMAND: POST /session/c0099c8ef87d8f1a9c022bedeb80dcd8/element/f.37E7500FB3BEF60B72C91044CCDB3F00.d.077FF41F3C22507755CB9A6894D066B7.e.6124/click - {}
RESULT: {}
COMMAND: POST /session/c0099c8ef87d8f1a9c022bedeb80dcd8/element - {"using":"xpath","value":"//*[text()='Add New Site']"}
COMMAND: GET /session/c0099c8ef87d8f1a9c022bedeb80dcd8/screenshot - {}
RESULT: {"using":"xpath","value":"//*[text()='Add New Site']"}
COMMAND: GET /session/c0099c8ef87d8f1a9c022bedeb80dcd8/element/f.37E7500FB3BEF60B72C91044CCDB3F00.d.077FF41F3C22507755CB9A6894D066B7.e.6266/enabled - {}
RESULT: {}
RESULT: {}
COMMAND: POST /session/c0099c8ef87d8f1a9c022bedeb80dcd8/execute/sync - {"script":"<script> [8489 bytes]","args":[{"element-6066-11e4-a52e-4f735466cecf":"f.37E7500FB3BEF60B72C91044CCDB3F00.d.077FF41F3C22507755CB9A6894D066B7.e.6266","ELEMENT":"f.37E7500FB3BEF60B72C91044CCDB3F00.d.077FF41F3C22507755CB9A6894D066B7.e.6266"}]}
COMMAND: GET /session/c0099c8ef87d8f1a9c022bedeb80dcd8/screenshot - {}
RESULT: {"script":"<script> [8489 bytes]","args":[{"element-6066-11e4-a52e-4f735466cecf":"f.37E7500FB3BEF60B72C91044CCDB3F00.d.077FF41F3C22507755CB9A6894D066B7.e.6266","ELEMENT":"f.37E7500FB3BEF60B72C91044CCDB3F00.d.077FF41F3C22507755CB9A6894D066B7.e.6266"}]}
COMMAND: GET /session/c0099c8ef87d8f1a9c022bedeb80dcd8/screenshot - {}
COMMAND: POST /session/c0099c8ef87d8f1a9c022bedeb80dcd8/execute/sync - {"script":"<script> [8489 bytes]","args":[{"element-6066-11e4-a52e-4f735466cecf":"f.37E7500FB3BEF60B72C91044CCDB3F00.d.077FF41F3C22507755CB9A6894D066B7.e.6266","ELEMENT":"f.37E7500FB3BEF60B72C91044CCDB3F00.d.077FF41F3C22507755CB9A6894D066B7.e.6266"}]}
RESULT: {}
RESULT: {}
COMMAND: POST /session/c0099c8ef87d8f1a9c022bedeb80dcd8/element - {"using":"xpath","value":"//*[text()='Add New Site']"}
RESULT: {"using":"xpath","value":"//*[text()='Add New Site']"}
COMMAND: POST /session/c0099c8ef87d8f1a9c022bedeb80dcd8/execute/sync - {"script":"<script> [8489 bytes]","args":[{"element-6066-11e4-a52e-4f735466cecf":"f.37E7500FB3BEF60B72C91044CCDB3F00.d.077FF41F3C22507755CB9A6894D066B7.e.6515","ELEMENT":"f.37E7500FB3BEF60B72C91044CCDB3F00.d.077FF41F3C22507755CB9A6894D066B7.e.6515"}]}
RESULT: {"script":"<script> [8489 bytes]","args":[{"element-6066-11e4-a52e-4f735466cecf":"f.37E7500FB3BEF60B72C91044CCDB3F00.d.077FF41F3C22507755CB9A6894D066B7.e.6515","ELEMENT":"f.37E7500FB3BEF60B72C91044CCDB3F00.d.077FF41F3C22507755CB9A6894D066B7.e.6515"}]}
COMMAND: GET /session/c0099c8ef87d8f1a9c022bedeb80dcd8/screenshot - {}
COMMAND: POST /session/c0099c8ef87d8f1a9c022bedeb80dcd8/execute/sync - {"script":"<script> [8489 bytes]","args":[{"element-6066-11e4-a52e-4f735466cecf":"f.37E7500FB3BEF60B72C91044CCDB3F00.d.077FF41F3C22507755CB9A6894D066B7.e.6515","ELEMENT":"f.37E7500FB3BEF60B72C91044CCDB3F00.d.077FF41F3C22507755CB9A6894D066B7.e.6515"}]}
RESULT: {}
RESULT: {"script":"<script> [8489 bytes]","args":[{"element-6066-11e4-a52e-4f735466cecf":"f.37E7500FB3BEF60B72C91044CCDB3F00.d.077FF41F3C22507755CB9A6894D066B7.e.6515","ELEMENT":"f.37E7500FB3BEF60B72C91044CCDB3F00.d.077FF41F3C22507755CB9A6894D066B7.e.6515"}]}
COMMAND: POST /session/c0099c8ef87d8f1a9c022bedeb80dcd8/execute/sync - {"script":"<script> [8489 bytes]","args":[{"element-6066-11e4-a52e-4f735466cecf":"f.37E7500FB3BEF60B72C91044CCDB3F00.d.077FF41F3C22507755CB9A6894D066B7.e.6515","ELEMENT":"f.37E7500FB3BEF60B72C91044CCDB3F00.d.077FF41F3C22507755CB9A6894D066B7.e.6515"}]}
COMMAND: GET /session/c0099c8ef87d8f1a9c022bedeb80dcd8/screenshot - {}
RESULT: {"script":"<script> [8489 bytes]","args":[{"element-6066-11e4-a52e-4f735466cecf":"f.37E7500FB3BEF60B72C91044CCDB3F00.d.077FF41F3C22507755CB9A6894D066B7.e.6515","ELEMENT":"f.37E7500FB3BEF60B72C91044CCDB3F00.d.077FF41F3C22507755CB9A6894D066B7.e.6515"}]}
COMMAND: POST /session/c0099c8ef87d8f1a9c022bedeb80dcd8/execute/sync - {"script":"<script> [8489 bytes]","args":[{"element-6066-11e4-a52e-4f735466cecf":"f.37E7500FB3BEF60B72C91044CCDB3F00.d.077FF41F3C22507755CB9A6894D066B7.e.6515","ELEMENT":"f.37E7500FB3BEF60B72C91044CCDB3F00.d.077FF41F3C22507755CB9A6894D066B7.e.6515"}]}
COMMAND: GET /session/c0099c8ef87d8f1a9c022bedeb80dcd8/screenshot - {}
RESULT: {}
RESULT: {"script":"<script> [8489 bytes]","args":[{"element-6066-11e4-a52e-4f735466cecf":"f.37E7500FB3BEF60B72C91044CCDB3F00.d.077FF41F3C22507755CB9A6894D066B7.e.6515","ELEMENT":"f.37E7500FB3BEF60B72C91044CCDB3F00.d.077FF41F3C22507755CB9A6894D066B7.e.6515"}]}
COMMAND: POST /session/c0099c8ef87d8f1a9c022bedeb80dcd8/execute/sync - {"script":"<script> [8489 bytes]","args":[{"element-6066-11e4-a52e-4f735466cecf":"f.37E7500FB3BEF60B72C91044CCDB3F00.d.077FF41F3C22507755CB9A6894D066B7.e.6515","ELEMENT":"f.37E7500FB3BEF60B72C91044CCDB3F00.d.077FF41F3C22507755CB9A6894D066B7.e.6515"}]}
COMMAND: GET /session/c0099c8ef87d8f1a9c022bedeb80dcd8/screenshot - {}
RESULT: {}
RESULT: {"script":"<script> [8489 bytes]","args":[{"element-6066-11e4-a52e-4f735466cecf":"f.37E7500FB3BEF60B72C91044CCDB3F00.d.077FF41F3C22507755CB9A6894D066B7.e.6515","ELEMENT":"f.37E7500FB3BEF60B72C91044CCDB3F00.d.077FF41F3C22507755CB9A6894D066B7.e.6515"}]}
COMMAND: POST /session/c0099c8ef87d8f1a9c022bedeb80dcd8/execute/sync - {"script":"<script> [8489 bytes]","args":[{"element-6066-11e4-a52e-4f735466cecf":"f.37E7500FB3BEF60B72C91044CCDB3F00.d.077FF41F3C22507755CB9A6894D066B7.e.6515","ELEMENT":"f.37E7500FB3BEF60B72C91044CCDB3F00.d.077FF41F3C22507755CB9A6894D066B7.e.6515"}]}
COMMAND: GET /session/c0099c8ef87d8f1a9c022bedeb80dcd8/screenshot - {}
RESULT: {}
RESULT: {"script":"<script> [8489 bytes]","args":[{"element-6066-11e4-a52e-4f735466cecf":"f.37E7500FB3BEF60B72C91044CCDB3F00.d.077FF41F3C22507755CB9A6894D066B7.e.6515","ELEMENT":"f.37E7500FB3BEF60B72C91044CCDB3F00.d.077FF41F3C22507755CB9A6894D066B7.e.6515"}]}
COMMAND: POST /session/c0099c8ef87d8f1a9c022bedeb80dcd8/execute/sync - {"script":"<script> [8489 bytes]","args":[{"element-6066-11e4-a52e-4f735466cecf":"f.37E7500FB3BEF60B72C91044CCDB3F00.d.077FF41F3C22507755CB9A6894D066B7.e.6515","ELEMENT":"f.37E7500FB3BEF60B72C91044CCDB3F00.d.077FF41F3C22507755CB9A6894D066B7.e.6515"}]}
COMMAND: GET /session/c0099c8ef87d8f1a9c022bedeb80dcd8/screenshot - {}
RESULT: {}
RESULT: {"script":"<script> [8489 bytes]","args":[{"element-6066-11e4-a52e-4f735466cecf":"f.37E7500FB3BEF60B72C91044CCDB3F00.d.077FF41F3C22507755CB9A6894D066B7.e.6515","ELEMENT":"f.37E7500FB3BEF60B72C91044CCDB3F00.d.077FF41F3C22507755CB9A6894D066B7.e.6515"}]}
COMMAND: POST /session/c0099c8ef87d8f1a9c022bedeb80dcd8/execute/sync - {"script":"<script> [8489 bytes]","args":[{"element-6066-11e4-a52e-4f735466cecf":"f.37E7500FB3BEF60B72C91044CCDB3F00.d.077FF41F3C22507755CB9A6894D066B7.e.6515","ELEMENT":"f.37E7500FB3BEF60B72C91044CCDB3F00.d.077FF41F3C22507755CB9A6894D066B7.e.6515"}]}
COMMAND: GET /session/c0099c8ef87d8f1a9c022bedeb80dcd8/screenshot - {}
RESULT: {}
RESULT: {"script":"<script> [8489 bytes]","args":[{"element-6066-11e4-a52e-4f735466cecf":"f.37E7500FB3BEF60B72C91044CCDB3F00.d.077FF41F3C22507755CB9A6894D066B7.e.6515","ELEMENT":"f.37E7500FB3BEF60B72C91044CCDB3F00.d.077FF41F3C22507755CB9A6894D066B7.e.6515"}]}
COMMAND: POST /session/c0099c8ef87d8f1a9c022bedeb80dcd8/execute/sync - {"script":"<script> [8489 bytes]","args":[{"element-6066-11e4-a52e-4f735466cecf":"f.37E7500FB3BEF60B72C91044CCDB3F00.d.077FF41F3C22507755CB9A6894D066B7.e.6515","ELEMENT":"f.37E7500FB3BEF60B72C91044CCDB3F00.d.077FF41F3C22507755CB9A6894D066B7.e.6515"}]}
COMMAND: GET /session/c0099c8ef87d8f1a9c022bedeb80dcd8/screenshot - {}
RESULT: {}
RESULT: {"script":"<script> [8489 bytes]","args":[{"element-6066-11e4-a52e-4f735466cecf":"f.37E7500FB3BEF60B72C91044CCDB3F00.d.077FF41F3C22507755CB9A6894D066B7.e.6515","ELEMENT":"f.37E7500FB3BEF60B72C91044CCDB3F00.d.077FF41F3C22507755CB9A6894D066B7.e.6515"}]}
COMMAND: POST /session/c0099c8ef87d8f1a9c022bedeb80dcd8/execute/sync - {"script":"<script> [8489 bytes]","args":[{"element-6066-11e4-a52e-4f735466cecf":"f.37E7500FB3BEF60B72C91044CCDB3F00.d.077FF41F3C22507755CB9A6894D066B7.e.6515","ELEMENT":"f.37E7500FB3BEF60B72C91044CCDB3F00.d.077FF41F3C22507755CB9A6894D066B7.e.6515"}]}
COMMAND: GET /session/c0099c8ef87d8f1a9c022bedeb80dcd8/screenshot - {}
RESULT: {}
RESULT: {"script":"<script> [8489 bytes]","args":[{"element-6066-11e4-a52e-4f735466cecf":"f.37E7500FB3BEF60B72C91044CCDB3F00.d.077FF41F3C22507755CB9A6894D066B7.e.6515","ELEMENT":"f.37E7500FB3BEF60B72C91044CCDB3F00.d.077FF41F3C22507755CB9A6894D066B7.e.6515"}]}
COMMAND: POST /session/c0099c8ef87d8f1a9c022bedeb80dcd8/execute/sync - {"script":"<script> [8489 bytes]","args":[{"element-6066-11e4-a52e-4f735466cecf":"f.37E7500FB3BEF60B72C91044CCDB3F00.d.077FF41F3C22507755CB9A6894D066B7.e.6515","ELEMENT":"f.37E7500FB3BEF60B72C91044CCDB3F00.d.077FF41F3C22507755CB9A6894D066B7.e.6515"}]}
COMMAND: GET /session/c0099c8ef87d8f1a9c022bedeb80dcd8/screenshot - {}
RESULT: {}
RESULT: {"script":"<script> [8489 bytes]","args":[{"element-6066-11e4-a52e-4f735466cecf":"f.37E7500FB3BEF60B72C91044CCDB3F00.d.077FF41F3C22507755CB9A6894D066B7.e.6515","ELEMENT":"f.37E7500FB3BEF60B72C91044CCDB3F00.d.077FF41F3C22507755CB9A6894D066B7.e.6515"}]}
COMMAND: POST /session/c0099c8ef87d8f1a9c022bedeb80dcd8/execute/sync - {"script":"<script> [8489 bytes]","args":[{"element-6066-11e4-a52e-4f735466cecf":"f.37E7500FB3BEF60B72C91044CCDB3F00.d.077FF41F3C22507755CB9A6894D066B7.e.6515","ELEMENT":"f.37E7500FB3BEF60B72C91044CCDB3F00.d.077FF41F3C22507755CB9A6894D066B7.e.6515"}]}
COMMAND: GET /session/c0099c8ef87d8f1a9c022bedeb80dcd8/screenshot - {}
RESULT: {}
RESULT: {"script":"<script> [8489 bytes]","args":[{"element-6066-11e4-a52e-4f735466cecf":"f.37E7500FB3BEF60B72C91044CCDB3F00.d.077FF41F3C22507755CB9A6894D066B7.e.6515","ELEMENT":"f.37E7500FB3BEF60B72C91044CCDB3F00.d.077FF41F3C22507755CB9A6894D066B7.e.6515"}]}
COMMAND: POST /session/c0099c8ef87d8f1a9c022bedeb80dcd8/execute/sync - {"script":"<script> [8489 bytes]","args":[{"element-6066-11e4-a52e-4f735466cecf":"f.37E7500FB3BEF60B72C91044CCDB3F00.d.077FF41F3C22507755CB9A6894D066B7.e.6515","ELEMENT":"f.37E7500FB3BEF60B72C91044CCDB3F00.d.077FF41F3C22507755CB9A6894D066B7.e.6515"}]}
COMMAND: GET /session/c0099c8ef87d8f1a9c022bedeb80dcd8/screenshot - {}
RESULT: {}
RESULT: {"script":"<script> [8489 bytes]","args":[{"element-6066-11e4-a52e-4f735466cecf":"f.37E7500FB3BEF60B72C91044CCDB3F00.d.077FF41F3C22507755CB9A6894D066B7.e.6515","ELEMENT":"f.37E7500FB3BEF60B72C91044CCDB3F00.d.077FF41F3C22507755CB9A6894D066B7.e.6515"}]}
COMMAND: POST /session/c0099c8ef87d8f1a9c022bedeb80dcd8/execute/sync - {"script":"<script> [8489 bytes]","args":[{"element-6066-11e4-a52e-4f735466cecf":"f.37E7500FB3BEF60B72C91044CCDB3F00.d.077FF41F3C22507755CB9A6894D066B7.e.6515","ELEMENT":"f.37E7500FB3BEF60B72C91044CCDB3F00.d.077FF41F3C22507755CB9A6894D066B7.e.6515"}]}
COMMAND: GET /session/c0099c8ef87d8f1a9c022bedeb80dcd8/screenshot - {}
RESULT: {}
RESULT: {"script":"<script> [8489 bytes]","args":[{"element-6066-11e4-a52e-4f735466cecf":"f.37E7500FB3BEF60B72C91044CCDB3F00.d.077FF41F3C22507755CB9A6894D066B7.e.6515","ELEMENT":"f.37E7500FB3BEF60B72C91044CCDB3F00.d.077FF41F3C22507755CB9A6894D066B7.e.6515"}]}
COMMAND: POST /session/c0099c8ef87d8f1a9c022bedeb80dcd8/execute/sync - {"script":"<script> [8489 bytes]","args":[{"element-6066-11e4-a52e-4f735466cecf":"f.37E7500FB3BEF60B72C91044CCDB3F00.d.077FF41F3C22507755CB9A6894D066B7.e.6515","ELEMENT":"f.37E7500FB3BEF60B72C91044CCDB3F00.d.077FF41F3C22507755CB9A6894D066B7.e.6515"}]}
COMMAND: GET /session/c0099c8ef87d8f1a9c022bedeb80dcd8/screenshot - {}
RESULT: {}
RESULT: {"script":"<script> [8489 bytes]","args":[{"element-6066-11e4-a52e-4f735466cecf":"f.37E7500FB3BEF60B72C91044CCDB3F00.d.077FF41F3C22507755CB9A6894D066B7.e.6515","ELEMENT":"f.37E7500FB3BEF60B72C91044CCDB3F00.d.077FF41F3C22507755CB9A6894D066B7.e.6515"}]}
COMMAND: POST /session/c0099c8ef87d8f1a9c022bedeb80dcd8/execute/sync - {"script":"<script> [8489 bytes]","args":[{"element-6066-11e4-a52e-4f735466cecf":"f.37E7500FB3BEF60B72C91044CCDB3F00.d.077FF41F3C22507755CB9A6894D066B7.e.6515","ELEMENT":"f.37E7500FB3BEF60B72C91044CCDB3F00.d.077FF41F3C22507755CB9A6894D066B7.e.6515"}]}
COMMAND: GET /session/c0099c8ef87d8f1a9c022bedeb80dcd8/screenshot - {}
RESULT: {}
RESULT: {"script":"<script> [8489 bytes]","args":[{"element-6066-11e4-a52e-4f735466cecf":"f.37E7500FB3BEF60B72C91044CCDB3F00.d.077FF41F3C22507755CB9A6894D066B7.e.6515","ELEMENT":"f.37E7500FB3BEF60B72C91044CCDB3F00.d.077FF41F3C22507755CB9A6894D066B7.e.6515"}]}
COMMAND: POST /session/c0099c8ef87d8f1a9c022bedeb80dcd8/execute/sync - {"script":"<script> [8489 bytes]","args":[{"element-6066-11e4-a52e-4f735466cecf":"f.37E7500FB3BEF60B72C91044CCDB3F00.d.077FF41F3C22507755CB9A6894D066B7.e.6515","ELEMENT":"f.37E7500FB3BEF60B72C91044CCDB3F00.d.077FF41F3C22507755CB9A6894D066B7.e.6515"}]}
COMMAND: GET /session/c0099c8ef87d8f1a9c022bedeb80dcd8/screenshot - {}
RESULT: {}
RESULT: {"script":"<script> [8489 bytes]","args":[{"element-6066-11e4-a52e-4f735466cecf":"f.37E7500FB3BEF60B72C91044CCDB3F00.d.077FF41F3C22507755CB9A6894D066B7.e.6515","ELEMENT":"f.37E7500FB3BEF60B72C91044CCDB3F00.d.077FF41F3C22507755CB9A6894D066B7.e.6515"}]}
COMMAND: POST /session/c0099c8ef87d8f1a9c022bedeb80dcd8/execute/sync - {"script":"<script> [8489 bytes]","args":[{"element-6066-11e4-a52e-4f735466cecf":"f.37E7500FB3BEF60B72C91044CCDB3F00.d.077FF41F3C22507755CB9A6894D066B7.e.6515","ELEMENT":"f.37E7500FB3BEF60B72C91044CCDB3F00.d.077FF41F3C22507755CB9A6894D066B7.e.6515"}]}
COMMAND: GET /session/c0099c8ef87d8f1a9c022bedeb80dcd8/screenshot - {}
RESULT: {}
RESULT: {"script":"<script> [8489 bytes]","args":[{"element-6066-11e4-a52e-4f735466cecf":"f.37E7500FB3BEF60B72C91044CCDB3F00.d.077FF41F3C22507755CB9A6894D066B7.e.6515","ELEMENT":"f.37E7500FB3BEF60B72C91044CCDB3F00.d.077FF41F3C22507755CB9A6894D066B7.e.6515"}]}
COMMAND: POST /session/c0099c8ef87d8f1a9c022bedeb80dcd8/execute/sync - {"script":"<script> [8489 bytes]","args":[{"element-6066-11e4-a52e-4f735466cecf":"f.37E7500FB3BEF60B72C91044CCDB3F00.d.077FF41F3C22507755CB9A6894D066B7.e.6515","ELEMENT":"f.37E7500FB3BEF60B72C91044CCDB3F00.d.077FF41F3C22507755CB9A6894D066B7.e.6515"}]}
COMMAND: GET /session/c0099c8ef87d8f1a9c022bedeb80dcd8/screenshot - {}
RESULT: {}
RESULT: {"script":"<script> [8489 bytes]","args":[{"element-6066-11e4-a52e-4f735466cecf":"f.37E7500FB3BEF60B72C91044CCDB3F00.d.077FF41F3C22507755CB9A6894D066B7.e.6515","ELEMENT":"f.37E7500FB3BEF60B72C91044CCDB3F00.d.077FF41F3C22507755CB9A6894D066B7.e.6515"}]}
COMMAND: POST /session/c0099c8ef87d8f1a9c022bedeb80dcd8/execute/sync - {"script":"<script> [8489 bytes]","args":[{"element-6066-11e4-a52e-4f735466cecf":"f.37E7500FB3BEF60B72C91044CCDB3F00.d.077FF41F3C22507755CB9A6894D066B7.e.6515","ELEMENT":"f.37E7500FB3BEF60B72C91044CCDB3F00.d.077FF41F3C22507755CB9A6894D066B7.e.6515"}]}
COMMAND: GET /session/c0099c8ef87d8f1a9c022bedeb80dcd8/screenshot - {}
RESULT: {}
RESULT: {"script":"<script> [8489 bytes]","args":[{"element-6066-11e4-a52e-4f735466cecf":"f.37E7500FB3BEF60B72C91044CCDB3F00.d.077FF41F3C22507755CB9A6894D066B7.e.6515","ELEMENT":"f.37E7500FB3BEF60B72C91044CCDB3F00.d.077FF41F3C22507755CB9A6894D066B7.e.6515"}]}
COMMAND: POST /session/c0099c8ef87d8f1a9c022bedeb80dcd8/execute/sync - {"script":"<script> [8489 bytes]","args":[{"element-6066-11e4-a52e-4f735466cecf":"f.37E7500FB3BEF60B72C91044CCDB3F00.d.077FF41F3C22507755CB9A6894D066B7.e.6515","ELEMENT":"f.37E7500FB3BEF60B72C91044CCDB3F00.d.077FF41F3C22507755CB9A6894D066B7.e.6515"}]}
COMMAND: GET /session/c0099c8ef87d8f1a9c022bedeb80dcd8/screenshot - {}
RESULT: {}
RESULT: {"script":"<script> [8489 bytes]","args":[{"element-6066-11e4-a52e-4f735466cecf":"f.37E7500FB3BEF60B72C91044CCDB3F00.d.077FF41F3C22507755CB9A6894D066B7.e.6515","ELEMENT":"f.37E7500FB3BEF60B72C91044CCDB3F00.d.077FF41F3C22507755CB9A6894D066B7.e.6515"}]}
COMMAND: GET /session/c0099c8ef87d8f1a9c022bedeb80dcd8/screenshot - {}
RESULT: {}
COMMAND: POST /session/c0099c8ef87d8f1a9c022bedeb80dcd8/execute/sync - {"script":"<script> [8489 bytes]","args":[{"element-6066-11e4-a52e-4f735466cecf":"f.37E7500FB3BEF60B72C91044CCDB3F00.d.077FF41F3C22507755CB9A6894D066B7.e.6515","ELEMENT":"f.37E7500FB3BEF60B72C91044CCDB3F00.d.077FF41F3C22507755CB9A6894D066B7.e.6515"}]}
RESULT: {}
RESULT: {"script":"<script> [8489 bytes]","args":[{"element-6066-11e4-a52e-4f735466cecf":"f.37E7500FB3BEF60B72C91044CCDB3F00.d.077FF41F3C22507755CB9A6894D066B7.e.6515","ELEMENT":"f.37E7500FB3BEF60B72C91044CCDB3F00.d.077FF41F3C22507755CB9A6894D066B7.e.6515"}]}
COMMAND: GET /session/c0099c8ef87d8f1a9c022bedeb80dcd8/screenshot - {}
COMMAND: POST /session/c0099c8ef87d8f1a9c022bedeb80dcd8/execute/sync - {"script":"<script> [8489 bytes]","args":[{"element-6066-11e4-a52e-4f735466cecf":"f.37E7500FB3BEF60B72C91044CCDB3F00.d.077FF41F3C22507755CB9A6894D066B7.e.6515","ELEMENT":"f.37E7500FB3BEF60B72C91044CCDB3F00.d.077FF41F3C22507755CB9A6894D066B7.e.6515"}]}
RESULT: {}
RESULT: {"script":"<script> [8489 bytes]","args":[{"element-6066-11e4-a52e-4f735466cecf":"f.37E7500FB3BEF60B72C91044CCDB3F00.d.077FF41F3C22507755CB9A6894D066B7.e.6515","ELEMENT":"f.37E7500FB3BEF60B72C91044CCDB3F00.d.077FF41F3C22507755CB9A6894D066B7.e.6515"}]}
COMMAND: GET /session/c0099c8ef87d8f1a9c022bedeb80dcd8/screenshot - {}
COMMAND: POST /session/c0099c8ef87d8f1a9c022bedeb80dcd8/execute/sync - {"script":"<script> [8489 bytes]","args":[{"element-6066-11e4-a52e-4f735466cecf":"f.37E7500FB3BEF60B72C91044CCDB3F00.d.077FF41F3C22507755CB9A6894D066B7.e.6515","ELEMENT":"f.37E7500FB3BEF60B72C91044CCDB3F00.d.077FF41F3C22507755CB9A6894D066B7.e.6515"}]}
RESULT: {}
RESULT: {"script":"<script> [8489 bytes]","args":[{"element-6066-11e4-a52e-4f735466cecf":"f.37E7500FB3BEF60B72C91044CCDB3F00.d.077FF41F3C22507755CB9A6894D066B7.e.6515","ELEMENT":"f.37E7500FB3BEF60B72C91044CCDB3F00.d.077FF41F3C22507755CB9A6894D066B7.e.6515"}]}
COMMAND: POST /session/c0099c8ef87d8f1a9c022bedeb80dcd8/execute/sync - {"script":"<script> [8489 bytes]","args":[{"element-6066-11e4-a52e-4f735466cecf":"f.37E7500FB3BEF60B72C91044CCDB3F00.d.077FF41F3C22507755CB9A6894D066B7.e.6515","ELEMENT":"f.37E7500FB3BEF60B72C91044CCDB3F00.d.077FF41F3C22507755CB9A6894D066B7.e.6515"}]}
COMMAND: GET /session/c0099c8ef87d8f1a9c022bedeb80dcd8/screenshot - {}
RESULT: {"script":"<script> [8489 bytes]","args":[{"element-6066-11e4-a52e-4f735466cecf":"f.37E7500FB3BEF60B72C91044CCDB3F00.d.077FF41F3C22507755CB9A6894D066B7.e.6515","ELEMENT":"f.37E7500FB3BEF60B72C91044CCDB3F00.d.077FF41F3C22507755CB9A6894D066B7.e.6515"}]}
COMMAND: POST /session/c0099c8ef87d8f1a9c022bedeb80dcd8/execute/sync - {"script":"<script> [8489 bytes]","args":[{"element-6066-11e4-a52e-4f735466cecf":"f.37E7500FB3BEF60B72C91044CCDB3F00.d.077FF41F3C22507755CB9A6894D066B7.e.6515","ELEMENT":"f.37E7500FB3BEF60B72C91044CCDB3F00.d.077FF41F3C22507755CB9A6894D066B7.e.6515"}]}
COMMAND: GET /session/c0099c8ef87d8f1a9c022bedeb80dcd8/screenshot - {}
RESULT: {}
RESULT: {"script":"<script> [8489 bytes]","args":[{"element-6066-11e4-a52e-4f735466cecf":"f.37E7500FB3BEF60B72C91044CCDB3F00.d.077FF41F3C22507755CB9A6894D066B7.e.6515","ELEMENT":"f.37E7500FB3BEF60B72C91044CCDB3F00.d.077FF41F3C22507755CB9A6894D066B7.e.6515"}]}
COMMAND: GET /session/c0099c8ef87d8f1a9c022bedeb80dcd8/screenshot - {}
COMMAND: POST /session/c0099c8ef87d8f1a9c022bedeb80dcd8/execute/sync - {"script":"<script> [8489 bytes]","args":[{"element-6066-11e4-a52e-4f735466cecf":"f.37E7500FB3BEF60B72C91044CCDB3F00.d.077FF41F3C22507755CB9A6894D066B7.e.6515","ELEMENT":"f.37E7500FB3BEF60B72C91044CCDB3F00.d.077FF41F3C22507755CB9A6894D066B7.e.6515"}]}
RESULT: {}
RESULT: {}
RESULT: {"script":"<script> [8489 bytes]","args":[{"element-6066-11e4-a52e-4f735466cecf":"f.37E7500FB3BEF60B72C91044CCDB3F00.d.077FF41F3C22507755CB9A6894D066B7.e.6515","ELEMENT":"f.37E7500FB3BEF60B72C91044CCDB3F00.d.077FF41F3C22507755CB9A6894D066B7.e.6515"}]}
COMMAND: GET /session/c0099c8ef87d8f1a9c022bedeb80dcd8/screenshot - {}
COMMAND: POST /session/c0099c8ef87d8f1a9c022bedeb80dcd8/execute/sync - {"script":"<script> [8489 bytes]","args":[{"element-6066-11e4-a52e-4f735466cecf":"f.37E7500FB3BEF60B72C91044CCDB3F00.d.077FF41F3C22507755CB9A6894D066B7.e.6515","ELEMENT":"f.37E7500FB3BEF60B72C91044CCDB3F00.d.077FF41F3C22507755CB9A6894D066B7.e.6515"}]}
RESULT: {}
RESULT: {"script":"<script> [8489 bytes]","args":[{"element-6066-11e4-a52e-4f735466cecf":"f.37E7500FB3BEF60B72C91044CCDB3F00.d.077FF41F3C22507755CB9A6894D066B7.e.6515","ELEMENT":"f.37E7500FB3BEF60B72C91044CCDB3F00.d.077FF41F3C22507755CB9A6894D066B7.e.6515"}]}
COMMAND: GET /session/c0099c8ef87d8f1a9c022bedeb80dcd8/screenshot - {}
RESULT: {}
COMMAND: POST /session/c0099c8ef87d8f1a9c022bedeb80dcd8/execute/sync - {"script":"<script> [8489 bytes]","args":[{"element-6066-11e4-a52e-4f735466cecf":"f.37E7500FB3BEF60B72C91044CCDB3F00.d.077FF41F3C22507755CB9A6894D066B7.e.6515","ELEMENT":"f.37E7500FB3BEF60B72C91044CCDB3F00.d.077FF41F3C22507755CB9A6894D066B7.e.6515"}]}
RESULT: {"script":"<script> [8489 bytes]","args":[{"element-6066-11e4-a52e-4f735466cecf":"f.37E7500FB3BEF60B72C91044CCDB3F00.d.077FF41F3C22507755CB9A6894D066B7.e.6515","ELEMENT":"f.37E7500FB3BEF60B72C91044CCDB3F00.d.077FF41F3C22507755CB9A6894D066B7.e.6515"}]}
COMMAND: GET /session/c0099c8ef87d8f1a9c022bedeb80dcd8/screenshot - {}
RESULT: {}
COMMAND: POST /session/c0099c8ef87d8f1a9c022bedeb80dcd8/execute/sync - {"script":"<script> [8489 bytes]","args":[{"element-6066-11e4-a52e-4f735466cecf":"f.37E7500FB3BEF60B72C91044CCDB3F00.d.077FF41F3C22507755CB9A6894D066B7.e.6515","ELEMENT":"f.37E7500FB3BEF60B72C91044CCDB3F00.d.077FF41F3C22507755CB9A6894D066B7.e.6515"}]}
RESULT: {"script":"<script> [8489 bytes]","args":[{"element-6066-11e4-a52e-4f735466cecf":"f.37E7500FB3BEF60B72C91044CCDB3F00.d.077FF41F3C22507755CB9A6894D066B7.e.6515","ELEMENT":"f.37E7500FB3BEF60B72C91044CCDB3F00.d.077FF41F3C22507755CB9A6894D066B7.e.6515"}]}
COMMAND: GET /session/c0099c8ef87d8f1a9c022bedeb80dcd8/screenshot - {}
RESULT: {}
COMMAND: POST /session/c0099c8ef87d8f1a9c022bedeb80dcd8/execute/sync - {"script":"<script> [8489 bytes]","args":[{"element-6066-11e4-a52e-4f735466cecf":"f.37E7500FB3BEF60B72C91044CCDB3F00.d.077FF41F3C22507755CB9A6894D066B7.e.6515","ELEMENT":"f.37E7500FB3BEF60B72C91044CCDB3F00.d.077FF41F3C22507755CB9A6894D066B7.e.6515"}]}
RESULT: {"script":"<script> [8489 bytes]","args":[{"element-6066-11e4-a52e-4f735466cecf":"f.37E7500FB3BEF60B72C91044CCDB3F00.d.077FF41F3C22507755CB9A6894D066B7.e.6515","ELEMENT":"f.37E7500FB3BEF60B72C91044CCDB3F00.d.077FF41F3C22507755CB9A6894D066B7.e.6515"}]}
COMMAND: GET /session/c0099c8ef87d8f1a9c022bedeb80dcd8/screenshot - {}
RESULT: {}
COMMAND: POST /session/c0099c8ef87d8f1a9c022bedeb80dcd8/execute/sync - {"script":"<script> [8489 bytes]","args":[{"element-6066-11e4-a52e-4f735466cecf":"f.37E7500FB3BEF60B72C91044CCDB3F00.d.077FF41F3C22507755CB9A6894D066B7.e.6515","ELEMENT":"f.37E7500FB3BEF60B72C91044CCDB3F00.d.077FF41F3C22507755CB9A6894D066B7.e.6515"}]}
RESULT: {"script":"<script> [8489 bytes]","args":[{"element-6066-11e4-a52e-4f735466cecf":"f.37E7500FB3BEF60B72C91044CCDB3F00.d.077FF41F3C22507755CB9A6894D066B7.e.6515","ELEMENT":"f.37E7500FB3BEF60B72C91044CCDB3F00.d.077FF41F3C22507755CB9A6894D066B7.e.6515"}]}
COMMAND: GET /session/c0099c8ef87d8f1a9c022bedeb80dcd8/screenshot - {}
RESULT: {}
COMMAND: POST /session/c0099c8ef87d8f1a9c022bedeb80dcd8/execute/sync - {"script":"<script> [8489 bytes]","args":[{"element-6066-11e4-a52e-4f735466cecf":"f.37E7500FB3BEF60B72C91044CCDB3F00.d.077FF41F3C22507755CB9A6894D066B7.e.6515","ELEMENT":"f.37E7500FB3BEF60B72C91044CCDB3F00.d.077FF41F3C22507755CB9A6894D066B7.e.6515"}]}
RESULT: {"script":"<script> [8489 bytes]","args":[{"element-6066-11e4-a52e-4f735466cecf":"f.37E7500FB3BEF60B72C91044CCDB3F00.d.077FF41F3C22507755CB9A6894D066B7.e.6515","ELEMENT":"f.37E7500FB3BEF60B72C91044CCDB3F00.d.077FF41F3C22507755CB9A6894D066B7.e.6515"}]}
COMMAND: GET /session/c0099c8ef87d8f1a9c022bedeb80dcd8/screenshot - {}
RESULT: {}
COMMAND: POST /session/c0099c8ef87d8f1a9c022bedeb80dcd8/execute/sync - {"script":"<script> [8489 bytes]","args":[{"element-6066-11e4-a52e-4f735466cecf":"f.37E7500FB3BEF60B72C91044CCDB3F00.d.077FF41F3C22507755CB9A6894D066B7.e.6515","ELEMENT":"f.37E7500FB3BEF60B72C91044CCDB3F00.d.077FF41F3C22507755CB9A6894D066B7.e.6515"}]}
RESULT: {"script":"<script> [8489 bytes]","args":[{"element-6066-11e4-a52e-4f735466cecf":"f.37E7500FB3BEF60B72C91044CCDB3F00.d.077FF41F3C22507755CB9A6894D066B7.e.6515","ELEMENT":"f.37E7500FB3BEF60B72C91044CCDB3F00.d.077FF41F3C22507755CB9A6894D066B7.e.6515"}]}
COMMAND: GET /session/c0099c8ef87d8f1a9c022bedeb80dcd8/screenshot - {}
RESULT: {}
COMMAND: POST /session/c0099c8ef87d8f1a9c022bedeb80dcd8/execute/sync - {"script":"<script> [8489 bytes]","args":[{"element-6066-11e4-a52e-4f735466cecf":"f.37E7500FB3BEF60B72C91044CCDB3F00.d.077FF41F3C22507755CB9A6894D066B7.e.6515","ELEMENT":"f.37E7500FB3BEF60B72C91044CCDB3F00.d.077FF41F3C22507755CB9A6894D066B7.e.6515"}]}
RESULT: {"script":"<script> [8489 bytes]","args":[{"element-6066-11e4-a52e-4f735466cecf":"f.37E7500FB3BEF60B72C91044CCDB3F00.d.077FF41F3C22507755CB9A6894D066B7.e.6515","ELEMENT":"f.37E7500FB3BEF60B72C91044CCDB3F00.d.077FF41F3C22507755CB9A6894D066B7.e.6515"}]}
COMMAND: GET /session/c0099c8ef87d8f1a9c022bedeb80dcd8/screenshot - {}
RESULT: {}
COMMAND: POST /session/c0099c8ef87d8f1a9c022bedeb80dcd8/execute/sync - {"script":"<script> [8489 bytes]","args":[{"element-6066-11e4-a52e-4f735466cecf":"f.37E7500FB3BEF60B72C91044CCDB3F00.d.077FF41F3C22507755CB9A6894D066B7.e.6515","ELEMENT":"f.37E7500FB3BEF60B72C91044CCDB3F00.d.077FF41F3C22507755CB9A6894D066B7.e.6515"}]}
RESULT: {"script":"<script> [8489 bytes]","args":[{"element-6066-11e4-a52e-4f735466cecf":"f.37E7500FB3BEF60B72C91044CCDB3F00.d.077FF41F3C22507755CB9A6894D066B7.e.6515","ELEMENT":"f.37E7500FB3BEF60B72C91044CCDB3F00.d.077FF41F3C22507755CB9A6894D066B7.e.6515"}]}
COMMAND: GET /session/c0099c8ef87d8f1a9c022bedeb80dcd8/screenshot - {}
RESULT: {}
COMMAND: POST /session/c0099c8ef87d8f1a9c022bedeb80dcd8/execute/sync - {"script":"<script> [8489 bytes]","args":[{"element-6066-11e4-a52e-4f735466cecf":"f.37E7500FB3BEF60B72C91044CCDB3F00.d.077FF41F3C22507755CB9A6894D066B7.e.6515","ELEMENT":"f.37E7500FB3BEF60B72C91044CCDB3F00.d.077FF41F3C22507755CB9A6894D066B7.e.6515"}]}
RESULT: {"script":"<script> [8489 bytes]","args":[{"element-6066-11e4-a52e-4f735466cecf":"f.37E7500FB3BEF60B72C91044CCDB3F00.d.077FF41F3C22507755CB9A6894D066B7.e.6515","ELEMENT":"f.37E7500FB3BEF60B72C91044CCDB3F00.d.077FF41F3C22507755CB9A6894D066B7.e.6515"}]}
COMMAND: GET /session/c0099c8ef87d8f1a9c022bedeb80dcd8/screenshot - {}
RESULT: {}
COMMAND: POST /session/c0099c8ef87d8f1a9c022bedeb80dcd8/execute/sync - {"script":"<script> [8489 bytes]","args":[{"element-6066-11e4-a52e-4f735466cecf":"f.37E7500FB3BEF60B72C91044CCDB3F00.d.077FF41F3C22507755CB9A6894D066B7.e.6515","ELEMENT":"f.37E7500FB3BEF60B72C91044CCDB3F00.d.077FF41F3C22507755CB9A6894D066B7.e.6515"}]}
RESULT: {"script":"<script> [8489 bytes]","args":[{"element-6066-11e4-a52e-4f735466cecf":"f.37E7500FB3BEF60B72C91044CCDB3F00.d.077FF41F3C22507755CB9A6894D066B7.e.6515","ELEMENT":"f.37E7500FB3BEF60B72C91044CCDB3F00.d.077FF41F3C22507755CB9A6894D066B7.e.6515"}]}
COMMAND: GET /session/c0099c8ef87d8f1a9c022bedeb80dcd8/screenshot - {}
RESULT: {}
COMMAND: POST /session/c0099c8ef87d8f1a9c022bedeb80dcd8/execute/sync - {"script":"<script> [8489 bytes]","args":[{"element-6066-11e4-a52e-4f735466cecf":"f.37E7500FB3BEF60B72C91044CCDB3F00.d.077FF41F3C22507755CB9A6894D066B7.e.6515","ELEMENT":"f.37E7500FB3BEF60B72C91044CCDB3F00.d.077FF41F3C22507755CB9A6894D066B7.e.6515"}]}
RESULT: {"script":"<script> [8489 bytes]","args":[{"element-6066-11e4-a52e-4f735466cecf":"f.37E7500FB3BEF60B72C91044CCDB3F00.d.077FF41F3C22507755CB9A6894D066B7.e.6515","ELEMENT":"f.37E7500FB3BEF60B72C91044CCDB3F00.d.077FF41F3C22507755CB9A6894D066B7.e.6515"}]}
COMMAND: GET /session/c0099c8ef87d8f1a9c022bedeb80dcd8/screenshot - {}
RESULT: {}
COMMAND: POST /session/c0099c8ef87d8f1a9c022bedeb80dcd8/execute/sync - {"script":"<script> [8489 bytes]","args":[{"element-6066-11e4-a52e-4f735466cecf":"f.37E7500FB3BEF60B72C91044CCDB3F00.d.077FF41F3C22507755CB9A6894D066B7.e.6515","ELEMENT":"f.37E7500FB3BEF60B72C91044CCDB3F00.d.077FF41F3C22507755CB9A6894D066B7.e.6515"}]}
RESULT: {"script":"<script> [8489 bytes]","args":[{"element-6066-11e4-a52e-4f735466cecf":"f.37E7500FB3BEF60B72C91044CCDB3F00.d.077FF41F3C22507755CB9A6894D066B7.e.6515","ELEMENT":"f.37E7500FB3BEF60B72C91044CCDB3F00.d.077FF41F3C22507755CB9A6894D066B7.e.6515"}]}
COMMAND: GET /session/c0099c8ef87d8f1a9c022bedeb80dcd8/screenshot - {}
RESULT: {}
COMMAND: POST /session/c0099c8ef87d8f1a9c022bedeb80dcd8/execute/sync - {"script":"<script> [8489 bytes]","args":[{"element-6066-11e4-a52e-4f735466cecf":"f.37E7500FB3BEF60B72C91044CCDB3F00.d.077FF41F3C22507755CB9A6894D066B7.e.6515","ELEMENT":"f.37E7500FB3BEF60B72C91044CCDB3F00.d.077FF41F3C22507755CB9A6894D066B7.e.6515"}]}
RESULT: {"script":"<script> [8489 bytes]","args":[{"element-6066-11e4-a52e-4f735466cecf":"f.37E7500FB3BEF60B72C91044CCDB3F00.d.077FF41F3C22507755CB9A6894D066B7.e.6515","ELEMENT":"f.37E7500FB3BEF60B72C91044CCDB3F00.d.077FF41F3C22507755CB9A6894D066B7.e.6515"}]}
COMMAND: GET /session/c0099c8ef87d8f1a9c022bedeb80dcd8/screenshot - {}
RESULT: {}
COMMAND: POST /session/c0099c8ef87d8f1a9c022bedeb80dcd8/execute/sync - {"script":"<script> [8489 bytes]","args":[{"element-6066-11e4-a52e-4f735466cecf":"f.37E7500FB3BEF60B72C91044CCDB3F00.d.077FF41F3C22507755CB9A6894D066B7.e.6515","ELEMENT":"f.37E7500FB3BEF60B72C91044CCDB3F00.d.077FF41F3C22507755CB9A6894D066B7.e.6515"}]}
RESULT: {"script":"<script> [8489 bytes]","args":[{"element-6066-11e4-a52e-4f735466cecf":"f.37E7500FB3BEF60B72C91044CCDB3F00.d.077FF41F3C22507755CB9A6894D066B7.e.6515","ELEMENT":"f.37E7500FB3BEF60B72C91044CCDB3F00.d.077FF41F3C22507755CB9A6894D066B7.e.6515"}]}
COMMAND: GET /session/c0099c8ef87d8f1a9c022bedeb80dcd8/screenshot - {}
RESULT: {}
COMMAND: POST /session/c0099c8ef87d8f1a9c022bedeb80dcd8/execute/sync - {"script":"<script> [8489 bytes]","args":[{"element-6066-11e4-a52e-4f735466cecf":"f.37E7500FB3BEF60B72C91044CCDB3F00.d.077FF41F3C22507755CB9A6894D066B7.e.6515","ELEMENT":"f.37E7500FB3BEF60B72C91044CCDB3F00.d.077FF41F3C22507755CB9A6894D066B7.e.6515"}]}
RESULT: {"script":"<script> [8489 bytes]","args":[{"element-6066-11e4-a52e-4f735466cecf":"f.37E7500FB3BEF60B72C91044CCDB3F00.d.077FF41F3C22507755CB9A6894D066B7.e.6515","ELEMENT":"f.37E7500FB3BEF60B72C91044CCDB3F00.d.077FF41F3C22507755CB9A6894D066B7.e.6515"}]}
COMMAND: GET /session/c0099c8ef87d8f1a9c022bedeb80dcd8/screenshot - {}
RESULT: {}
COMMAND: POST /session/c0099c8ef87d8f1a9c022bedeb80dcd8/execute/sync - {"script":"<script> [8489 bytes]","args":[{"element-6066-11e4-a52e-4f735466cecf":"f.37E7500FB3BEF60B72C91044CCDB3F00.d.077FF41F3C22507755CB9A6894D066B7.e.6515","ELEMENT":"f.37E7500FB3BEF60B72C91044CCDB3F00.d.077FF41F3C22507755CB9A6894D066B7.e.6515"}]}
RESULT: {"script":"<script> [8489 bytes]","args":[{"element-6066-11e4-a52e-4f735466cecf":"f.37E7500FB3BEF60B72C91044CCDB3F00.d.077FF41F3C22507755CB9A6894D066B7.e.6515","ELEMENT":"f.37E7500FB3BEF60B72C91044CCDB3F00.d.077FF41F3C22507755CB9A6894D066B7.e.6515"}]}
COMMAND: GET /session/c0099c8ef87d8f1a9c022bedeb80dcd8/screenshot - {}
RESULT: {}
COMMAND: POST /session/c0099c8ef87d8f1a9c022bedeb80dcd8/execute/sync - {"script":"<script> [8489 bytes]","args":[{"element-6066-11e4-a52e-4f735466cecf":"f.37E7500FB3BEF60B72C91044CCDB3F00.d.077FF41F3C22507755CB9A6894D066B7.e.6515","ELEMENT":"f.37E7500FB3BEF60B72C91044CCDB3F00.d.077FF41F3C22507755CB9A6894D066B7.e.6515"}]}
RESULT: {"script":"<script> [8489 bytes]","args":[{"element-6066-11e4-a52e-4f735466cecf":"f.37E7500FB3BEF60B72C91044CCDB3F00.d.077FF41F3C22507755CB9A6894D066B7.e.6515","ELEMENT":"f.37E7500FB3BEF60B72C91044CCDB3F00.d.077FF41F3C22507755CB9A6894D066B7.e.6515"}]}
COMMAND: GET /session/c0099c8ef87d8f1a9c022bedeb80dcd8/screenshot - {}
RESULT: {}
COMMAND: POST /session/c0099c8ef87d8f1a9c022bedeb80dcd8/execute/sync - {"script":"<script> [8489 bytes]","args":[{"element-6066-11e4-a52e-4f735466cecf":"f.37E7500FB3BEF60B72C91044CCDB3F00.d.077FF41F3C22507755CB9A6894D066B7.e.6515","ELEMENT":"f.37E7500FB3BEF60B72C91044CCDB3F00.d.077FF41F3C22507755CB9A6894D066B7.e.6515"}]}
RESULT: {"script":"<script> [8489 bytes]","args":[{"element-6066-11e4-a52e-4f735466cecf":"f.37E7500FB3BEF60B72C91044CCDB3F00.d.077FF41F3C22507755CB9A6894D066B7.e.6515","ELEMENT":"f.37E7500FB3BEF60B72C91044CCDB3F00.d.077FF41F3C22507755CB9A6894D066B7.e.6515"}]}
COMMAND: GET /session/c0099c8ef87d8f1a9c022bedeb80dcd8/screenshot - {}
RESULT: {}
COMMAND: POST /session/c0099c8ef87d8f1a9c022bedeb80dcd8/execute/sync - {"script":"<script> [8489 bytes]","args":[{"element-6066-11e4-a52e-4f735466cecf":"f.37E7500FB3BEF60B72C91044CCDB3F00.d.077FF41F3C22507755CB9A6894D066B7.e.6515","ELEMENT":"f.37E7500FB3BEF60B72C91044CCDB3F00.d.077FF41F3C22507755CB9A6894D066B7.e.6515"}]}
RESULT: {"script":"<script> [8489 bytes]","args":[{"element-6066-11e4-a52e-4f735466cecf":"f.37E7500FB3BEF60B72C91044CCDB3F00.d.077FF41F3C22507755CB9A6894D066B7.e.6515","ELEMENT":"f.37E7500FB3BEF60B72C91044CCDB3F00.d.077FF41F3C22507755CB9A6894D066B7.e.6515"}]}
COMMAND: GET /session/c0099c8ef87d8f1a9c022bedeb80dcd8/screenshot - {}
RESULT: {}
COMMAND: POST /session/c0099c8ef87d8f1a9c022bedeb80dcd8/execute/sync - {"script":"<script> [8489 bytes]","args":[{"element-6066-11e4-a52e-4f735466cecf":"f.37E7500FB3BEF60B72C91044CCDB3F00.d.077FF41F3C22507755CB9A6894D066B7.e.6515","ELEMENT":"f.37E7500FB3BEF60B72C91044CCDB3F00.d.077FF41F3C22507755CB9A6894D066B7.e.6515"}]}
RESULT: {"script":"<script> [8489 bytes]","args":[{"element-6066-11e4-a52e-4f735466cecf":"f.37E7500FB3BEF60B72C91044CCDB3F00.d.077FF41F3C22507755CB9A6894D066B7.e.6515","ELEMENT":"f.37E7500FB3BEF60B72C91044CCDB3F00.d.077FF41F3C22507755CB9A6894D066B7.e.6515"}]}
COMMAND: GET /session/c0099c8ef87d8f1a9c022bedeb80dcd8/screenshot - {}
RESULT: {}
COMMAND: POST /session/c0099c8ef87d8f1a9c022bedeb80dcd8/execute/sync - {"script":"<script> [8489 bytes]","args":[{"element-6066-11e4-a52e-4f735466cecf":"f.37E7500FB3BEF60B72C91044CCDB3F00.d.077FF41F3C22507755CB9A6894D066B7.e.6515","ELEMENT":"f.37E7500FB3BEF60B72C91044CCDB3F00.d.077FF41F3C22507755CB9A6894D066B7.e.6515"}]}
RESULT: {"script":"<script> [8489 bytes]","args":[{"element-6066-11e4-a52e-4f735466cecf":"f.37E7500FB3BEF60B72C91044CCDB3F00.d.077FF41F3C22507755CB9A6894D066B7.e.6515","ELEMENT":"f.37E7500FB3BEF60B72C91044CCDB3F00.d.077FF41F3C22507755CB9A6894D066B7.e.6515"}]}
COMMAND: GET /session/c0099c8ef87d8f1a9c022bedeb80dcd8/screenshot - {}
RESULT: {}
COMMAND: POST /session/c0099c8ef87d8f1a9c022bedeb80dcd8/execute/sync - {"script":"<script> [8489 bytes]","args":[{"element-6066-11e4-a52e-4f735466cecf":"f.37E7500FB3BEF60B72C91044CCDB3F00.d.077FF41F3C22507755CB9A6894D066B7.e.6515","ELEMENT":"f.37E7500FB3BEF60B72C91044CCDB3F00.d.077FF41F3C22507755CB9A6894D066B7.e.6515"}]}
RESULT: {"script":"<script> [8489 bytes]","args":[{"element-6066-11e4-a52e-4f735466cecf":"f.37E7500FB3BEF60B72C91044CCDB3F00.d.077FF41F3C22507755CB9A6894D066B7.e.6515","ELEMENT":"f.37E7500FB3BEF60B72C91044CCDB3F00.d.077FF41F3C22507755CB9A6894D066B7.e.6515"}]}
COMMAND: GET /session/c0099c8ef87d8f1a9c022bedeb80dcd8/screenshot - {}
RESULT: {}
COMMAND: POST /session/c0099c8ef87d8f1a9c022bedeb80dcd8/execute/sync - {"script":"<script> [8489 bytes]","args":[{"element-6066-11e4-a52e-4f735466cecf":"f.37E7500FB3BEF60B72C91044CCDB3F00.d.077FF41F3C22507755CB9A6894D066B7.e.6515","ELEMENT":"f.37E7500FB3BEF60B72C91044CCDB3F00.d.077FF41F3C22507755CB9A6894D066B7.e.6515"}]}
RESULT: {"script":"<script> [8489 bytes]","args":[{"element-6066-11e4-a52e-4f735466cecf":"f.37E7500FB3BEF60B72C91044CCDB3F00.d.077FF41F3C22507755CB9A6894D066B7.e.6515","ELEMENT":"f.37E7500FB3BEF60B72C91044CCDB3F00.d.077FF41F3C22507755CB9A6894D066B7.e.6515"}]}
COMMAND: GET /session/c0099c8ef87d8f1a9c022bedeb80dcd8/screenshot - {}
RESULT: {}
COMMAND: POST /session/c0099c8ef87d8f1a9c022bedeb80dcd8/execute/sync - {"script":"<script> [8489 bytes]","args":[{"element-6066-11e4-a52e-4f735466cecf":"f.37E7500FB3BEF60B72C91044CCDB3F00.d.077FF41F3C22507755CB9A6894D066B7.e.6515","ELEMENT":"f.37E7500FB3BEF60B72C91044CCDB3F00.d.077FF41F3C22507755CB9A6894D066B7.e.6515"}]}
RESULT: {"script":"<script> [8489 bytes]","args":[{"element-6066-11e4-a52e-4f735466cecf":"f.37E7500FB3BEF60B72C91044CCDB3F00.d.077FF41F3C22507755CB9A6894D066B7.e.6515","ELEMENT":"f.37E7500FB3BEF60B72C91044CCDB3F00.d.077FF41F3C22507755CB9A6894D066B7.e.6515"}]}
COMMAND: GET /session/c0099c8ef87d8f1a9c022bedeb80dcd8/screenshot - {}
RESULT: {}
COMMAND: POST /session/c0099c8ef87d8f1a9c022bedeb80dcd8/execute/sync - {"script":"<script> [8489 bytes]","args":[{"element-6066-11e4-a52e-4f735466cecf":"f.37E7500FB3BEF60B72C91044CCDB3F00.d.077FF41F3C22507755CB9A6894D066B7.e.6515","ELEMENT":"f.37E7500FB3BEF60B72C91044CCDB3F00.d.077FF41F3C22507755CB9A6894D066B7.e.6515"}]}
RESULT: {"script":"<script> [8489 bytes]","args":[{"element-6066-11e4-a52e-4f735466cecf":"f.37E7500FB3BEF60B72C91044CCDB3F00.d.077FF41F3C22507755CB9A6894D066B7.e.6515","ELEMENT":"f.37E7500FB3BEF60B72C91044CCDB3F00.d.077FF41F3C22507755CB9A6894D066B7.e.6515"}]}
COMMAND: GET /session/c0099c8ef87d8f1a9c022bedeb80dcd8/screenshot - {}
RESULT: {}
COMMAND: POST /session/c0099c8ef87d8f1a9c022bedeb80dcd8/execute/sync - {"script":"<script> [8489 bytes]","args":[{"element-6066-11e4-a52e-4f735466cecf":"f.37E7500FB3BEF60B72C91044CCDB3F00.d.077FF41F3C22507755CB9A6894D066B7.e.6515","ELEMENT":"f.37E7500FB3BEF60B72C91044CCDB3F00.d.077FF41F3C22507755CB9A6894D066B7.e.6515"}]}
RESULT: {"script":"<script> [8489 bytes]","args":[{"element-6066-11e4-a52e-4f735466cecf":"f.37E7500FB3BEF60B72C91044CCDB3F00.d.077FF41F3C22507755CB9A6894D066B7.e.6515","ELEMENT":"f.37E7500FB3BEF60B72C91044CCDB3F00.d.077FF41F3C22507755CB9A6894D066B7.e.6515"}]}
COMMAND: GET /session/c0099c8ef87d8f1a9c022bedeb80dcd8/screenshot - {}
RESULT: {}
COMMAND: POST /session/c0099c8ef87d8f1a9c022bedeb80dcd8/execute/sync - {"script":"<script> [8489 bytes]","args":[{"element-6066-11e4-a52e-4f735466cecf":"f.37E7500FB3BEF60B72C91044CCDB3F00.d.077FF41F3C22507755CB9A6894D066B7.e.6515","ELEMENT":"f.37E7500FB3BEF60B72C91044CCDB3F00.d.077FF41F3C22507755CB9A6894D066B7.e.6515"}]}
RESULT: {"script":"<script> [8489 bytes]","args":[{"element-6066-11e4-a52e-4f735466cecf":"f.37E7500FB3BEF60B72C91044CCDB3F00.d.077FF41F3C22507755CB9A6894D066B7.e.6515","ELEMENT":"f.37E7500FB3BEF60B72C91044CCDB3F00.d.077FF41F3C22507755CB9A6894D066B7.e.6515"}]}
COMMAND: GET /session/c0099c8ef87d8f1a9c022bedeb80dcd8/screenshot - {}
RESULT: {}
COMMAND: POST /session/c0099c8ef87d8f1a9c022bedeb80dcd8/execute/sync - {"script":"<script> [8489 bytes]","args":[{"element-6066-11e4-a52e-4f735466cecf":"f.37E7500FB3BEF60B72C91044CCDB3F00.d.077FF41F3C22507755CB9A6894D066B7.e.6515","ELEMENT":"f.37E7500FB3BEF60B72C91044CCDB3F00.d.077FF41F3C22507755CB9A6894D066B7.e.6515"}]}
RESULT: {"script":"<script> [8489 bytes]","args":[{"element-6066-11e4-a52e-4f735466cecf":"f.37E7500FB3BEF60B72C91044CCDB3F00.d.077FF41F3C22507755CB9A6894D066B7.e.6515","ELEMENT":"f.37E7500FB3BEF60B72C91044CCDB3F00.d.077FF41F3C22507755CB9A6894D066B7.e.6515"}]}
COMMAND: GET /session/c0099c8ef87d8f1a9c022bedeb80dcd8/screenshot - {}
RESULT: {}
COMMAND: POST /session/c0099c8ef87d8f1a9c022bedeb80dcd8/execute/sync - {"script":"<script> [8489 bytes]","args":[{"element-6066-11e4-a52e-4f735466cecf":"f.37E7500FB3BEF60B72C91044CCDB3F00.d.077FF41F3C22507755CB9A6894D066B7.e.6515","ELEMENT":"f.37E7500FB3BEF60B72C91044CCDB3F00.d.077FF41F3C22507755CB9A6894D066B7.e.6515"}]}
RESULT: {"script":"<script> [8489 bytes]","args":[{"element-6066-11e4-a52e-4f735466cecf":"f.37E7500FB3BEF60B72C91044CCDB3F00.d.077FF41F3C22507755CB9A6894D066B7.e.6515","ELEMENT":"f.37E7500FB3BEF60B72C91044CCDB3F00.d.077FF41F3C22507755CB9A6894D066B7.e.6515"}]}
COMMAND: GET /session/c0099c8ef87d8f1a9c022bedeb80dcd8/screenshot - {}
COMMAND: POST /session/c0099c8ef87d8f1a9c022bedeb80dcd8/execute/sync - {"script":"<script> [8489 bytes]","args":[{"element-6066-11e4-a52e-4f735466cecf":"f.37E7500FB3BEF60B72C91044CCDB3F00.d.077FF41F3C22507755CB9A6894D066B7.e.6515","ELEMENT":"f.37E7500FB3BEF60B72C91044CCDB3F00.d.077FF41F3C22507755CB9A6894D066B7.e.6515"}]}
RESULT: {}
RESULT: {"script":"<script> [8489 bytes]","args":[{"element-6066-11e4-a52e-4f735466cecf":"f.37E7500FB3BEF60B72C91044CCDB3F00.d.077FF41F3C22507755CB9A6894D066B7.e.6515","ELEMENT":"f.37E7500FB3BEF60B72C91044CCDB3F00.d.077FF41F3C22507755CB9A6894D066B7.e.6515"}]}
COMMAND: GET /session/c0099c8ef87d8f1a9c022bedeb80dcd8/screenshot - {}
RESULT: {}
COMMAND: POST /session/c0099c8ef87d8f1a9c022bedeb80dcd8/execute/sync - {"script":"<script> [8489 bytes]","args":[{"element-6066-11e4-a52e-4f735466cecf":"f.37E7500FB3BEF60B72C91044CCDB3F00.d.077FF41F3C22507755CB9A6894D066B7.e.6515","ELEMENT":"f.37E7500FB3BEF60B72C91044CCDB3F00.d.077FF41F3C22507755CB9A6894D066B7.e.6515"}]}
RESULT: {"script":"<script> [8489 bytes]","args":[{"element-6066-11e4-a52e-4f735466cecf":"f.37E7500FB3BEF60B72C91044CCDB3F00.d.077FF41F3C22507755CB9A6894D066B7.e.6515","ELEMENT":"f.37E7500FB3BEF60B72C91044CCDB3F00.d.077FF41F3C22507755CB9A6894D066B7.e.6515"}]}
COMMAND: GET /session/c0099c8ef87d8f1a9c022bedeb80dcd8/screenshot - {}
RESULT: {}
COMMAND: POST /session/c0099c8ef87d8f1a9c022bedeb80dcd8/execute/sync - {"script":"<script> [8489 bytes]","args":[{"element-6066-11e4-a52e-4f735466cecf":"f.37E7500FB3BEF60B72C91044CCDB3F00.d.077FF41F3C22507755CB9A6894D066B7.e.6515","ELEMENT":"f.37E7500FB3BEF60B72C91044CCDB3F00.d.077FF41F3C22507755CB9A6894D066B7.e.6515"}]}
RESULT: {"script":"<script> [8489 bytes]","args":[{"element-6066-11e4-a52e-4f735466cecf":"f.37E7500FB3BEF60B72C91044CCDB3F00.d.077FF41F3C22507755CB9A6894D066B7.e.6515","ELEMENT":"f.37E7500FB3BEF60B72C91044CCDB3F00.d.077FF41F3C22507755CB9A6894D066B7.e.6515"}]}
COMMAND: GET /session/c0099c8ef87d8f1a9c022bedeb80dcd8/screenshot - {}
RESULT: {}
COMMAND: POST /session/c0099c8ef87d8f1a9c022bedeb80dcd8/execute/sync - {"script":"<script> [8489 bytes]","args":[{"element-6066-11e4-a52e-4f735466cecf":"f.37E7500FB3BEF60B72C91044CCDB3F00.d.077FF41F3C22507755CB9A6894D066B7.e.6515","ELEMENT":"f.37E7500FB3BEF60B72C91044CCDB3F00.d.077FF41F3C22507755CB9A6894D066B7.e.6515"}]}
RESULT: {"script":"<script> [8489 bytes]","args":[{"element-6066-11e4-a52e-4f735466cecf":"f.37E7500FB3BEF60B72C91044CCDB3F00.d.077FF41F3C22507755CB9A6894D066B7.e.6515","ELEMENT":"f.37E7500FB3BEF60B72C91044CCDB3F00.d.077FF41F3C22507755CB9A6894D066B7.e.6515"}]}
COMMAND: GET /session/c0099c8ef87d8f1a9c022bedeb80dcd8/screenshot - {}
RESULT: {}
COMMAND: POST /session/c0099c8ef87d8f1a9c022bedeb80dcd8/execute/sync - {"script":"<script> [8489 bytes]","args":[{"element-6066-11e4-a52e-4f735466cecf":"f.37E7500FB3BEF60B72C91044CCDB3F00.d.077FF41F3C22507755CB9A6894D066B7.e.6515","ELEMENT":"f.37E7500FB3BEF60B72C91044CCDB3F00.d.077FF41F3C22507755CB9A6894D066B7.e.6515"}]}
RESULT: {"script":"<script> [8489 bytes]","args":[{"element-6066-11e4-a52e-4f735466cecf":"f.37E7500FB3BEF60B72C91044CCDB3F00.d.077FF41F3C22507755CB9A6894D066B7.e.6515","ELEMENT":"f.37E7500FB3BEF60B72C91044CCDB3F00.d.077FF41F3C22507755CB9A6894D066B7.e.6515"}]}
COMMAND: GET /session/c0099c8ef87d8f1a9c022bedeb80dcd8/screenshot - {}
RESULT: {}
COMMAND: POST /session/c0099c8ef87d8f1a9c022bedeb80dcd8/execute/sync - {"script":"<script> [8489 bytes]","args":[{"element-6066-11e4-a52e-4f735466cecf":"f.37E7500FB3BEF60B72C91044CCDB3F00.d.077FF41F3C22507755CB9A6894D066B7.e.6515","ELEMENT":"f.37E7500FB3BEF60B72C91044CCDB3F00.d.077FF41F3C22507755CB9A6894D066B7.e.6515"}]}
RESULT: {"script":"<script> [8489 bytes]","args":[{"element-6066-11e4-a52e-4f735466cecf":"f.37E7500FB3BEF60B72C91044CCDB3F00.d.077FF41F3C22507755CB9A6894D066B7.e.6515","ELEMENT":"f.37E7500FB3BEF60B72C91044CCDB3F00.d.077FF41F3C22507755CB9A6894D066B7.e.6515"}]}
COMMAND: GET /session/c0099c8ef87d8f1a9c022bedeb80dcd8/screenshot - {}
RESULT: {}
COMMAND: POST /session/c0099c8ef87d8f1a9c022bedeb80dcd8/execute/sync - {"script":"<script> [8489 bytes]","args":[{"element-6066-11e4-a52e-4f735466cecf":"f.37E7500FB3BEF60B72C91044CCDB3F00.d.077FF41F3C22507755CB9A6894D066B7.e.6515","ELEMENT":"f.37E7500FB3BEF60B72C91044CCDB3F00.d.077FF41F3C22507755CB9A6894D066B7.e.6515"}]}
RESULT: {"script":"<script> [8489 bytes]","args":[{"element-6066-11e4-a52e-4f735466cecf":"f.37E7500FB3BEF60B72C91044CCDB3F00.d.077FF41F3C22507755CB9A6894D066B7.e.6515","ELEMENT":"f.37E7500FB3BEF60B72C91044CCDB3F00.d.077FF41F3C22507755CB9A6894D066B7.e.6515"}]}
COMMAND: GET /session/c0099c8ef87d8f1a9c022bedeb80dcd8/screenshot - {}
RESULT: {}
COMMAND: POST /session/c0099c8ef87d8f1a9c022bedeb80dcd8/execute/sync - {"script":"<script> [8489 bytes]","args":[{"element-6066-11e4-a52e-4f735466cecf":"f.37E7500FB3BEF60B72C91044CCDB3F00.d.077FF41F3C22507755CB9A6894D066B7.e.6515","ELEMENT":"f.37E7500FB3BEF60B72C91044CCDB3F00.d.077FF41F3C22507755CB9A6894D066B7.e.6515"}]}
RESULT: {"script":"<script> [8489 bytes]","args":[{"element-6066-11e4-a52e-4f735466cecf":"f.37E7500FB3BEF60B72C91044CCDB3F00.d.077FF41F3C22507755CB9A6894D066B7.e.6515","ELEMENT":"f.37E7500FB3BEF60B72C91044CCDB3F00.d.077FF41F3C22507755CB9A6894D066B7.e.6515"}]}
COMMAND: GET /session/c0099c8ef87d8f1a9c022bedeb80dcd8/screenshot - {}
RESULT: {}
COMMAND: POST /session/c0099c8ef87d8f1a9c022bedeb80dcd8/execute/sync - {"script":"<script> [8489 bytes]","args":[{"element-6066-11e4-a52e-4f735466cecf":"f.37E7500FB3BEF60B72C91044CCDB3F00.d.077FF41F3C22507755CB9A6894D066B7.e.6515","ELEMENT":"f.37E7500FB3BEF60B72C91044CCDB3F00.d.077FF41F3C22507755CB9A6894D066B7.e.6515"}]}
RESULT: {"script":"<script> [8489 bytes]","args":[{"element-6066-11e4-a52e-4f735466cecf":"f.37E7500FB3BEF60B72C91044CCDB3F00.d.077FF41F3C22507755CB9A6894D066B7.e.6515","ELEMENT":"f.37E7500FB3BEF60B72C91044CCDB3F00.d.077FF41F3C22507755CB9A6894D066B7.e.6515"}]}
COMMAND: GET /session/c0099c8ef87d8f1a9c022bedeb80dcd8/screenshot - {}
RESULT: {}
COMMAND: POST /session/c0099c8ef87d8f1a9c022bedeb80dcd8/execute/sync - {"script":"<script> [8489 bytes]","args":[{"element-6066-11e4-a52e-4f735466cecf":"f.37E7500FB3BEF60B72C91044CCDB3F00.d.077FF41F3C22507755CB9A6894D066B7.e.6515","ELEMENT":"f.37E7500FB3BEF60B72C91044CCDB3F00.d.077FF41F3C22507755CB9A6894D066B7.e.6515"}]}
RESULT: {"script":"<script> [8489 bytes]","args":[{"element-6066-11e4-a52e-4f735466cecf":"f.37E7500FB3BEF60B72C91044CCDB3F00.d.077FF41F3C22507755CB9A6894D066B7.e.6515","ELEMENT":"f.37E7500FB3BEF60B72C91044CCDB3F00.d.077FF41F3C22507755CB9A6894D066B7.e.6515"}]}
COMMAND: GET /session/c0099c8ef87d8f1a9c022bedeb80dcd8/screenshot - {}
RESULT: {}
COMMAND: POST /session/c0099c8ef87d8f1a9c022bedeb80dcd8/execute/sync - {"script":"<script> [8489 bytes]","args":[{"element-6066-11e4-a52e-4f735466cecf":"f.37E7500FB3BEF60B72C91044CCDB3F00.d.077FF41F3C22507755CB9A6894D066B7.e.6515","ELEMENT":"f.37E7500FB3BEF60B72C91044CCDB3F00.d.077FF41F3C22507755CB9A6894D066B7.e.6515"}]}
RESULT: {"script":"<script> [8489 bytes]","args":[{"element-6066-11e4-a52e-4f735466cecf":"f.37E7500FB3BEF60B72C91044CCDB3F00.d.077FF41F3C22507755CB9A6894D066B7.e.6515","ELEMENT":"f.37E7500FB3BEF60B72C91044CCDB3F00.d.077FF41F3C22507755CB9A6894D066B7.e.6515"}]}
COMMAND: GET /session/c0099c8ef87d8f1a9c022bedeb80dcd8/screenshot - {}
RESULT: {}
COMMAND: POST /session/c0099c8ef87d8f1a9c022bedeb80dcd8/execute/sync - {"script":"<script> [8489 bytes]","args":[{"element-6066-11e4-a52e-4f735466cecf":"f.37E7500FB3BEF60B72C91044CCDB3F00.d.077FF41F3C22507755CB9A6894D066B7.e.6515","ELEMENT":"f.37E7500FB3BEF60B72C91044CCDB3F00.d.077FF41F3C22507755CB9A6894D066B7.e.6515"}]}
RESULT: {"script":"<script> [8489 bytes]","args":[{"element-6066-11e4-a52e-4f735466cecf":"f.37E7500FB3BEF60B72C91044CCDB3F00.d.077FF41F3C22507755CB9A6894D066B7.e.6515","ELEMENT":"f.37E7500FB3BEF60B72C91044CCDB3F00.d.077FF41F3C22507755CB9A6894D066B7.e.6515"}]}
COMMAND: GET /session/c0099c8ef87d8f1a9c022bedeb80dcd8/screenshot - {}
RESULT: {}
COMMAND: POST /session/c0099c8ef87d8f1a9c022bedeb80dcd8/execute/sync - {"script":"<script> [8489 bytes]","args":[{"element-6066-11e4-a52e-4f735466cecf":"f.37E7500FB3BEF60B72C91044CCDB3F00.d.077FF41F3C22507755CB9A6894D066B7.e.6515","ELEMENT":"f.37E7500FB3BEF60B72C91044CCDB3F00.d.077FF41F3C22507755CB9A6894D066B7.e.6515"}]}
RESULT: {"script":"<script> [8489 bytes]","args":[{"element-6066-11e4-a52e-4f735466cecf":"f.37E7500FB3BEF60B72C91044CCDB3F00.d.077FF41F3C22507755CB9A6894D066B7.e.6515","ELEMENT":"f.37E7500FB3BEF60B72C91044CCDB3F00.d.077FF41F3C22507755CB9A6894D066B7.e.6515"}]}
COMMAND: GET /session/c0099c8ef87d8f1a9c022bedeb80dcd8/screenshot - {}
RESULT: {}
COMMAND: POST /session/c0099c8ef87d8f1a9c022bedeb80dcd8/execute/sync - {"script":"<script> [8489 bytes]","args":[{"element-6066-11e4-a52e-4f735466cecf":"f.37E7500FB3BEF60B72C91044CCDB3F00.d.077FF41F3C22507755CB9A6894D066B7.e.6515","ELEMENT":"f.37E7500FB3BEF60B72C91044CCDB3F00.d.077FF41F3C22507755CB9A6894D066B7.e.6515"}]}
RESULT: {"script":"<script> [8489 bytes]","args":[{"element-6066-11e4-a52e-4f735466cecf":"f.37E7500FB3BEF60B72C91044CCDB3F00.d.077FF41F3C22507755CB9A6894D066B7.e.6515","ELEMENT":"f.37E7500FB3BEF60B72C91044CCDB3F00.d.077FF41F3C22507755CB9A6894D066B7.e.6515"}]}
COMMAND: GET /session/c0099c8ef87d8f1a9c022bedeb80dcd8/screenshot - {}
RESULT: {}
COMMAND: POST /session/c0099c8ef87d8f1a9c022bedeb80dcd8/execute/sync - {"script":"<script> [8489 bytes]","args":[{"element-6066-11e4-a52e-4f735466cecf":"f.37E7500FB3BEF60B72C91044CCDB3F00.d.077FF41F3C22507755CB9A6894D066B7.e.6515","ELEMENT":"f.37E7500FB3BEF60B72C91044CCDB3F00.d.077FF41F3C22507755CB9A6894D066B7.e.6515"}]}
RESULT: {"script":"<script> [8489 bytes]","args":[{"element-6066-11e4-a52e-4f735466cecf":"f.37E7500FB3BEF60B72C91044CCDB3F00.d.077FF41F3C22507755CB9A6894D066B7.e.6515","ELEMENT":"f.37E7500FB3BEF60B72C91044CCDB3F00.d.077FF41F3C22507755CB9A6894D066B7.e.6515"}]}
COMMAND: GET /session/c0099c8ef87d8f1a9c022bedeb80dcd8/screenshot - {}
RESULT: {}
COMMAND: POST /session/c0099c8ef87d8f1a9c022bedeb80dcd8/execute/sync - {"script":"<script> [8489 bytes]","args":[{"element-6066-11e4-a52e-4f735466cecf":"f.37E7500FB3BEF60B72C91044CCDB3F00.d.077FF41F3C22507755CB9A6894D066B7.e.6515","ELEMENT":"f.37E7500FB3BEF60B72C91044CCDB3F00.d.077FF41F3C22507755CB9A6894D066B7.e.6515"}]}
RESULT: {"script":"<script> [8489 bytes]","args":[{"element-6066-11e4-a52e-4f735466cecf":"f.37E7500FB3BEF60B72C91044CCDB3F00.d.077FF41F3C22507755CB9A6894D066B7.e.6515","ELEMENT":"f.37E7500FB3BEF60B72C91044CCDB3F00.d.077FF41F3C22507755CB9A6894D066B7.e.6515"}]}
COMMAND: GET /session/c0099c8ef87d8f1a9c022bedeb80dcd8/screenshot - {}
RESULT: {}
COMMAND: POST /session/c0099c8ef87d8f1a9c022bedeb80dcd8/execute/sync - {"script":"<script> [8489 bytes]","args":[{"element-6066-11e4-a52e-4f735466cecf":"f.37E7500FB3BEF60B72C91044CCDB3F00.d.077FF41F3C22507755CB9A6894D066B7.e.6515","ELEMENT":"f.37E7500FB3BEF60B72C91044CCDB3F00.d.077FF41F3C22507755CB9A6894D066B7.e.6515"}]}
RESULT: {"script":"<script> [8489 bytes]","args":[{"element-6066-11e4-a52e-4f735466cecf":"f.37E7500FB3BEF60B72C91044CCDB3F00.d.077FF41F3C22507755CB9A6894D066B7.e.6515","ELEMENT":"f.37E7500FB3BEF60B72C91044CCDB3F00.d.077FF41F3C22507755CB9A6894D066B7.e.6515"}]}
COMMAND: GET /session/c0099c8ef87d8f1a9c022bedeb80dcd8/screenshot - {}
RESULT: {}
COMMAND: POST /session/c0099c8ef87d8f1a9c022bedeb80dcd8/execute/sync - {"script":"<script> [8489 bytes]","args":[{"element-6066-11e4-a52e-4f735466cecf":"f.37E7500FB3BEF60B72C91044CCDB3F00.d.077FF41F3C22507755CB9A6894D066B7.e.6515","ELEMENT":"f.37E7500FB3BEF60B72C91044CCDB3F00.d.077FF41F3C22507755CB9A6894D066B7.e.6515"}]}
RESULT: {"script":"<script> [8489 bytes]","args":[{"element-6066-11e4-a52e-4f735466cecf":"f.37E7500FB3BEF60B72C91044CCDB3F00.d.077FF41F3C22507755CB9A6894D066B7.e.6515","ELEMENT":"f.37E7500FB3BEF60B72C91044CCDB3F00.d.077FF41F3C22507755CB9A6894D066B7.e.6515"}]}
COMMAND: GET /session/c0099c8ef87d8f1a9c022bedeb80dcd8/screenshot - {}
RESULT: {}
COMMAND: POST /session/c0099c8ef87d8f1a9c022bedeb80dcd8/execute/sync - {"script":"<script> [8489 bytes]","args":[{"element-6066-11e4-a52e-4f735466cecf":"f.37E7500FB3BEF60B72C91044CCDB3F00.d.077FF41F3C22507755CB9A6894D066B7.e.6515","ELEMENT":"f.37E7500FB3BEF60B72C91044CCDB3F00.d.077FF41F3C22507755CB9A6894D066B7.e.6515"}]}
RESULT: {"script":"<script> [8489 bytes]","args":[{"element-6066-11e4-a52e-4f735466cecf":"f.37E7500FB3BEF60B72C91044CCDB3F00.d.077FF41F3C22507755CB9A6894D066B7.e.6515","ELEMENT":"f.37E7500FB3BEF60B72C91044CCDB3F00.d.077FF41F3C22507755CB9A6894D066B7.e.6515"}]}
COMMAND: GET /session/c0099c8ef87d8f1a9c022bedeb80dcd8/screenshot - {}
RESULT: {}
COMMAND: POST /session/c0099c8ef87d8f1a9c022bedeb80dcd8/execute/sync - {"script":"<script> [8489 bytes]","args":[{"element-6066-11e4-a52e-4f735466cecf":"f.37E7500FB3BEF60B72C91044CCDB3F00.d.077FF41F3C22507755CB9A6894D066B7.e.6515","ELEMENT":"f.37E7500FB3BEF60B72C91044CCDB3F00.d.077FF41F3C22507755CB9A6894D066B7.e.6515"}]}
RESULT: {"script":"<script> [8489 bytes]","args":[{"element-6066-11e4-a52e-4f735466cecf":"f.37E7500FB3BEF60B72C91044CCDB3F00.d.077FF41F3C22507755CB9A6894D066B7.e.6515","ELEMENT":"f.37E7500FB3BEF60B72C91044CCDB3F00.d.077FF41F3C22507755CB9A6894D066B7.e.6515"}]}
COMMAND: GET /session/c0099c8ef87d8f1a9c022bedeb80dcd8/screenshot - {}
RESULT: {}
COMMAND: POST /session/c0099c8ef87d8f1a9c022bedeb80dcd8/execute/sync - {"script":"<script> [8489 bytes]","args":[{"element-6066-11e4-a52e-4f735466cecf":"f.37E7500FB3BEF60B72C91044CCDB3F00.d.077FF41F3C22507755CB9A6894D066B7.e.6515","ELEMENT":"f.37E7500FB3BEF60B72C91044CCDB3F00.d.077FF41F3C22507755CB9A6894D066B7.e.6515"}]}
RESULT: {"script":"<script> [8489 bytes]","args":[{"element-6066-11e4-a52e-4f735466cecf":"f.37E7500FB3BEF60B72C91044CCDB3F00.d.077FF41F3C22507755CB9A6894D066B7.e.6515","ELEMENT":"f.37E7500FB3BEF60B72C91044CCDB3F00.d.077FF41F3C22507755CB9A6894D066B7.e.6515"}]}
COMMAND: GET /session/c0099c8ef87d8f1a9c022bedeb80dcd8/screenshot - {}
RESULT: {}
COMMAND: POST /session/c0099c8ef87d8f1a9c022bedeb80dcd8/execute/sync - {"script":"<script> [8489 bytes]","args":[{"element-6066-11e4-a52e-4f735466cecf":"f.37E7500FB3BEF60B72C91044CCDB3F00.d.077FF41F3C22507755CB9A6894D066B7.e.6515","ELEMENT":"f.37E7500FB3BEF60B72C91044CCDB3F00.d.077FF41F3C22507755CB9A6894D066B7.e.6515"}]}
RESULT: {"script":"<script> [8489 bytes]","args":[{"element-6066-11e4-a52e-4f735466cecf":"f.37E7500FB3BEF60B72C91044CCDB3F00.d.077FF41F3C22507755CB9A6894D066B7.e.6515","ELEMENT":"f.37E7500FB3BEF60B72C91044CCDB3F00.d.077FF41F3C22507755CB9A6894D066B7.e.6515"}]}
COMMAND: GET /session/c0099c8ef87d8f1a9c022bedeb80dcd8/screenshot - {}
RESULT: {}
COMMAND: POST /session/c0099c8ef87d8f1a9c022bedeb80dcd8/execute/sync - {"script":"<script> [8489 bytes]","args":[{"element-6066-11e4-a52e-4f735466cecf":"f.37E7500FB3BEF60B72C91044CCDB3F00.d.077FF41F3C22507755CB9A6894D066B7.e.6515","ELEMENT":"f.37E7500FB3BEF60B72C91044CCDB3F00.d.077FF41F3C22507755CB9A6894D066B7.e.6515"}]}
RESULT: {"script":"<script> [8489 bytes]","args":[{"element-6066-11e4-a52e-4f735466cecf":"f.37E7500FB3BEF60B72C91044CCDB3F00.d.077FF41F3C22507755CB9A6894D066B7.e.6515","ELEMENT":"f.37E7500FB3BEF60B72C91044CCDB3F00.d.077FF41F3C22507755CB9A6894D066B7.e.6515"}]}
COMMAND: GET /session/c0099c8ef87d8f1a9c022bedeb80dcd8/screenshot - {}
RESULT: {}
COMMAND: POST /session/c0099c8ef87d8f1a9c022bedeb80dcd8/execute/sync - {"script":"<script> [8489 bytes]","args":[{"element-6066-11e4-a52e-4f735466cecf":"f.37E7500FB3BEF60B72C91044CCDB3F00.d.077FF41F3C22507755CB9A6894D066B7.e.6515","ELEMENT":"f.37E7500FB3BEF60B72C91044CCDB3F00.d.077FF41F3C22507755CB9A6894D066B7.e.6515"}]}
RESULT: {"script":"<script> [8489 bytes]","args":[{"element-6066-11e4-a52e-4f735466cecf":"f.37E7500FB3BEF60B72C91044CCDB3F00.d.077FF41F3C22507755CB9A6894D066B7.e.6515","ELEMENT":"f.37E7500FB3BEF60B72C91044CCDB3F00.d.077FF41F3C22507755CB9A6894D066B7.e.6515"}]}
COMMAND: GET /session/c0099c8ef87d8f1a9c022bedeb80dcd8/screenshot - {}
RESULT: {}
COMMAND: POST /session/c0099c8ef87d8f1a9c022bedeb80dcd8/execute/sync - {"script":"<script> [8489 bytes]","args":[{"element-6066-11e4-a52e-4f735466cecf":"f.37E7500FB3BEF60B72C91044CCDB3F00.d.077FF41F3C22507755CB9A6894D066B7.e.6515","ELEMENT":"f.37E7500FB3BEF60B72C91044CCDB3F00.d.077FF41F3C22507755CB9A6894D066B7.e.6515"}]}
RESULT: {"script":"<script> [8489 bytes]","args":[{"element-6066-11e4-a52e-4f735466cecf":"f.37E7500FB3BEF60B72C91044CCDB3F00.d.077FF41F3C22507755CB9A6894D066B7.e.6515","ELEMENT":"f.37E7500FB3BEF60B72C91044CCDB3F00.d.077FF41F3C22507755CB9A6894D066B7.e.6515"}]}
COMMAND: GET /session/c0099c8ef87d8f1a9c022bedeb80dcd8/screenshot - {}
RESULT: {}
COMMAND: POST /session/c0099c8ef87d8f1a9c022bedeb80dcd8/execute/sync - {"script":"<script> [8489 bytes]","args":[{"element-6066-11e4-a52e-4f735466cecf":"f.37E7500FB3BEF60B72C91044CCDB3F00.d.077FF41F3C22507755CB9A6894D066B7.e.6515","ELEMENT":"f.37E7500FB3BEF60B72C91044CCDB3F00.d.077FF41F3C22507755CB9A6894D066B7.e.6515"}]}
RESULT: {"script":"<script> [8489 bytes]","args":[{"element-6066-11e4-a52e-4f735466cecf":"f.37E7500FB3BEF60B72C91044CCDB3F00.d.077FF41F3C22507755CB9A6894D066B7.e.6515","ELEMENT":"f.37E7500FB3BEF60B72C91044CCDB3F00.d.077FF41F3C22507755CB9A6894D066B7.e.6515"}]}
COMMAND: GET /session/c0099c8ef87d8f1a9c022bedeb80dcd8/screenshot - {}
RESULT: {}
COMMAND: POST /session/c0099c8ef87d8f1a9c022bedeb80dcd8/execute/sync - {"script":"<script> [8489 bytes]","args":[{"element-6066-11e4-a52e-4f735466cecf":"f.37E7500FB3BEF60B72C91044CCDB3F00.d.077FF41F3C22507755CB9A6894D066B7.e.6515","ELEMENT":"f.37E7500FB3BEF60B72C91044CCDB3F00.d.077FF41F3C22507755CB9A6894D066B7.e.6515"}]}
RESULT: {"script":"<script> [8489 bytes]","args":[{"element-6066-11e4-a52e-4f735466cecf":"f.37E7500FB3BEF60B72C91044CCDB3F00.d.077FF41F3C22507755CB9A6894D066B7.e.6515","ELEMENT":"f.37E7500FB3BEF60B72C91044CCDB3F00.d.077FF41F3C22507755CB9A6894D066B7.e.6515"}]}
COMMAND: GET /session/c0099c8ef87d8f1a9c022bedeb80dcd8/screenshot - {}
RESULT: {}
COMMAND: POST /session/c0099c8ef87d8f1a9c022bedeb80dcd8/execute/sync - {"script":"<script> [8489 bytes]","args":[{"element-6066-11e4-a52e-4f735466cecf":"f.37E7500FB3BEF60B72C91044CCDB3F00.d.077FF41F3C22507755CB9A6894D066B7.e.6515","ELEMENT":"f.37E7500FB3BEF60B72C91044CCDB3F00.d.077FF41F3C22507755CB9A6894D066B7.e.6515"}]}
RESULT: {"script":"<script> [8489 bytes]","args":[{"element-6066-11e4-a52e-4f735466cecf":"f.37E7500FB3BEF60B72C91044CCDB3F00.d.077FF41F3C22507755CB9A6894D066B7.e.6515","ELEMENT":"f.37E7500FB3BEF60B72C91044CCDB3F00.d.077FF41F3C22507755CB9A6894D066B7.e.6515"}]}
COMMAND: GET /session/c0099c8ef87d8f1a9c022bedeb80dcd8/screenshot - {}
RESULT: {}
COMMAND: POST /session/c0099c8ef87d8f1a9c022bedeb80dcd8/execute/sync - {"script":"<script> [8489 bytes]","args":[{"element-6066-11e4-a52e-4f735466cecf":"f.37E7500FB3BEF60B72C91044CCDB3F00.d.077FF41F3C22507755CB9A6894D066B7.e.6515","ELEMENT":"f.37E7500FB3BEF60B72C91044CCDB3F00.d.077FF41F3C22507755CB9A6894D066B7.e.6515"}]}
RESULT: {"script":"<script> [8489 bytes]","args":[{"element-6066-11e4-a52e-4f735466cecf":"f.37E7500FB3BEF60B72C91044CCDB3F00.d.077FF41F3C22507755CB9A6894D066B7.e.6515","ELEMENT":"f.37E7500FB3BEF60B72C91044CCDB3F00.d.077FF41F3C22507755CB9A6894D066B7.e.6515"}]}
COMMAND: GET /session/c0099c8ef87d8f1a9c022bedeb80dcd8/screenshot - {}
RESULT: {}
COMMAND: POST /session/c0099c8ef87d8f1a9c022bedeb80dcd8/execute/sync - {"script":"<script> [8489 bytes]","args":[{"element-6066-11e4-a52e-4f735466cecf":"f.37E7500FB3BEF60B72C91044CCDB3F00.d.077FF41F3C22507755CB9A6894D066B7.e.6515","ELEMENT":"f.37E7500FB3BEF60B72C91044CCDB3F00.d.077FF41F3C22507755CB9A6894D066B7.e.6515"}]}
RESULT: {"script":"<script> [8489 bytes]","args":[{"element-6066-11e4-a52e-4f735466cecf":"f.37E7500FB3BEF60B72C91044CCDB3F00.d.077FF41F3C22507755CB9A6894D066B7.e.6515","ELEMENT":"f.37E7500FB3BEF60B72C91044CCDB3F00.d.077FF41F3C22507755CB9A6894D066B7.e.6515"}]}
COMMAND: GET /session/c0099c8ef87d8f1a9c022bedeb80dcd8/screenshot - {}
RESULT: {}
COMMAND: POST /session/c0099c8ef87d8f1a9c022bedeb80dcd8/execute/sync - {"script":"<script> [8489 bytes]","args":[{"element-6066-11e4-a52e-4f735466cecf":"f.37E7500FB3BEF60B72C91044CCDB3F00.d.077FF41F3C22507755CB9A6894D066B7.e.6515","ELEMENT":"f.37E7500FB3BEF60B72C91044CCDB3F00.d.077FF41F3C22507755CB9A6894D066B7.e.6515"}]}
RESULT: {"script":"<script> [8489 bytes]","args":[{"element-6066-11e4-a52e-4f735466cecf":"f.37E7500FB3BEF60B72C91044CCDB3F00.d.077FF41F3C22507755CB9A6894D066B7.e.6515","ELEMENT":"f.37E7500FB3BEF60B72C91044CCDB3F00.d.077FF41F3C22507755CB9A6894D066B7.e.6515"}]}
COMMAND: GET /session/c0099c8ef87d8f1a9c022bedeb80dcd8/screenshot - {}
RESULT: {}
COMMAND: POST /session/c0099c8ef87d8f1a9c022bedeb80dcd8/execute/sync - {"script":"<script> [8489 bytes]","args":[{"element-6066-11e4-a52e-4f735466cecf":"f.37E7500FB3BEF60B72C91044CCDB3F00.d.077FF41F3C22507755CB9A6894D066B7.e.6515","ELEMENT":"f.37E7500FB3BEF60B72C91044CCDB3F00.d.077FF41F3C22507755CB9A6894D066B7.e.6515"}]}
RESULT: {"script":"<script> [8489 bytes]","args":[{"element-6066-11e4-a52e-4f735466cecf":"f.37E7500FB3BEF60B72C91044CCDB3F00.d.077FF41F3C22507755CB9A6894D066B7.e.6515","ELEMENT":"f.37E7500FB3BEF60B72C91044CCDB3F00.d.077FF41F3C22507755CB9A6894D066B7.e.6515"}]}
COMMAND: GET /session/c0099c8ef87d8f1a9c022bedeb80dcd8/screenshot - {}
RESULT: {}
COMMAND: POST /session/c0099c8ef87d8f1a9c022bedeb80dcd8/execute/async - {"script":"<script> [1562 bytes]","args":[{"selector":{"controlType":"sap.m.Button","viewName":"etm.portal.ui.managesites.view.NewSmartSite","viewId":"application-managesites-display-component---NewSite","properties":{"text":"General Information"},"interaction":{"idSuffix":"BDI-content"}},"wdio_ui5_key":"etmportal.ui.managesites.view.NewSmartSitesap.m.Button{\"text\":\"General Information\"}"}]}
RESULT: {"script":"<script> [1562 bytes]","args":[{"selector":{"controlType":"sap.m.Button","viewName":"etm.portal.ui.managesites.view.NewSmartSite","viewId":"application-managesites-display-component---NewSite","properties":{"text":"General Information"},"interaction":{"idSuffix":"BDI-content"}},"wdio_ui5_key":"etmportal.ui.managesites.view.NewSmartSitesap.m.Button{\"text\":\"General Information\"}"}]}
RESULT: undefined
COMMAND: POST /session/c0099c8ef87d8f1a9c022bedeb80dcd8/element - {"using":"xpath","value":"//*[@id=\"application-managesites-display-component---NewSite--ObjectPageLayout-anchBar-__section31-anchor\"]"}
RESULT: {"using":"xpath","value":"//*[@id=\"application-managesites-display-component---NewSite--ObjectPageLayout-anchBar-__section31-anchor\"]"}
COMMAND: POST /session/c0099c8ef87d8f1a9c022bedeb80dcd8/element/f.37E7500FB3BEF60B72C91044CCDB3F00.d.077FF41F3C22507755CB9A6894D066B7.e.6518/click - {}
RESULT: {}
COMMAND: POST /session/c0099c8ef87d8f1a9c022bedeb80dcd8/execute/async - {"script":"<script> [1562 bytes]","args":[{"selector":{"id":"application-managesites-display-component---NewSite--addressDetailDetailsName1","interaction":{"idSuffix":"inner"}},"wdio_ui5_key":"applicationmanagesites-display-component---NewSite--addressDetailDetailsName1"}]}
COMMAND: GET /session/c0099c8ef87d8f1a9c022bedeb80dcd8/screenshot - {}
RESULT: {"script":"<script> [1562 bytes]","args":[{"selector":{"id":"application-managesites-display-component---NewSite--addressDetailDetailsName1","interaction":{"idSuffix":"inner"}},"wdio_ui5_key":"applicationmanagesites-display-component---NewSite--addressDetailDetailsName1"}]}
RESULT: undefined
COMMAND: POST /session/c0099c8ef87d8f1a9c022bedeb80dcd8/execute/async - {"script":"<script> [776 bytes]","args":[{"enterText":"WDI5 WHM Site","selector":{"id":"application-managesites-display-component---NewSite--addressDetailDetailsName1","interaction":{"idSuffix":"inner"}},"clearTextFirst":true,"interactionType":"ENTER_TEXT"}]}
RESULT: {}
RESULT: {"script":"<script> [776 bytes]","args":[{"enterText":"WDI5 WHM Site","selector":{"id":"application-managesites-display-component---NewSite--addressDetailDetailsName1","interaction":{"idSuffix":"inner"}},"clearTextFirst":true,"interactionType":"ENTER_TEXT"}]}
COMMAND: POST /session/c0099c8ef87d8f1a9c022bedeb80dcd8/execute/async - {"script":"<script> [1562 bytes]","args":[{"selector":{"id":"application-managesites-display-component---NewSite--addressDetailDetailsLanguage","interaction":{"idSuffix":"inner"}},"wdio_ui5_key":"applicationmanagesites-display-component---NewSite--addressDetailDetailsLanguage"}]}
RESULT: {"script":"<script> [1562 bytes]","args":[{"selector":{"id":"application-managesites-display-component---NewSite--addressDetailDetailsLanguage","interaction":{"idSuffix":"inner"}},"wdio_ui5_key":"applicationmanagesites-display-component---NewSite--addressDetailDetailsLanguage"}]}
RESULT: undefined
COMMAND: POST /session/c0099c8ef87d8f1a9c022bedeb80dcd8/execute/async - {"script":"<script> [776 bytes]","args":[{"enterText":"Romanian","selector":{"id":"application-managesites-display-component---NewSite--addressDetailDetailsLanguage","interaction":{"idSuffix":"inner"}},"clearTextFirst":true,"interactionType":"ENTER_TEXT"}]}
RESULT: {"script":"<script> [776 bytes]","args":[{"enterText":"Romanian","selector":{"id":"application-managesites-display-component---NewSite--addressDetailDetailsLanguage","interaction":{"idSuffix":"inner"}},"clearTextFirst":true,"interactionType":"ENTER_TEXT"}]}
COMMAND: POST /session/c0099c8ef87d8f1a9c022bedeb80dcd8/execute/async - {"script":"<script> [1562 bytes]","args":[{"selector":{"id":"application-managesites-display-component---NewSite--addressDetailDetailsCity1","interaction":{"idSuffix":"inner"}},"wdio_ui5_key":"applicationmanagesites-display-component---NewSite--addressDetailDetailsCity1"}]}
RESULT: {"script":"<script> [1562 bytes]","args":[{"selector":{"id":"application-managesites-display-component---NewSite--addressDetailDetailsCity1","interaction":{"idSuffix":"inner"}},"wdio_ui5_key":"applicationmanagesites-display-component---NewSite--addressDetailDetailsCity1"}]}
RESULT: undefined
COMMAND: POST /session/c0099c8ef87d8f1a9c022bedeb80dcd8/execute/async - {"script":"<script> [776 bytes]","args":[{"enterText":"Bucharest","selector":{"id":"application-managesites-display-component---NewSite--addressDetailDetailsCity1","interaction":{"idSuffix":"inner"}},"clearTextFirst":true,"interactionType":"ENTER_TEXT"}]}
RESULT: {"script":"<script> [776 bytes]","args":[{"enterText":"Bucharest","selector":{"id":"application-managesites-display-component---NewSite--addressDetailDetailsCity1","interaction":{"idSuffix":"inner"}},"clearTextFirst":true,"interactionType":"ENTER_TEXT"}]}
COMMAND: POST /session/c0099c8ef87d8f1a9c022bedeb80dcd8/execute/async - {"script":"<script> [1562 bytes]","args":[{"selector":{"id":"application-managesites-display-component---NewSite--addressDetailDetailsCountry","interaction":{"idSuffix":"inner"}},"wdio_ui5_key":"applicationmanagesites-display-component---NewSite--addressDetailDetailsCountry"}]}
RESULT: {"script":"<script> [1562 bytes]","args":[{"selector":{"id":"application-managesites-display-component---NewSite--addressDetailDetailsCountry","interaction":{"idSuffix":"inner"}},"wdio_ui5_key":"applicationmanagesites-display-component---NewSite--addressDetailDetailsCountry"}]}
RESULT: undefined
COMMAND: POST /session/c0099c8ef87d8f1a9c022bedeb80dcd8/execute/async - {"script":"<script> [6424 bytes]","args":[{"element-6066-11e4-a52e-4f735466cecf":"f.37E7500FB3BEF60B72C91044CCDB3F00.d.077FF41F3C22507755CB9A6894D066B7.e.6314"},"setValue",["Romania"]]}
RESULT: {"script":"<script> [6424 bytes]","args":[{"element-6066-11e4-a52e-4f735466cecf":"f.37E7500FB3BEF60B72C91044CCDB3F00.d.077FF41F3C22507755CB9A6894D066B7.e.6314"},"setValue",["Romania"]]}
COMMAND: POST /session/c0099c8ef87d8f1a9c022bedeb80dcd8/execute/async - {"script":"<script> [1562 bytes]","args":[{"selector":{"id":"application-managesites-display-component---NewSite--addressDetailDetailsCalendar","interaction":{"idSuffix":"inner"}},"wdio_ui5_key":"applicationmanagesites-display-component---NewSite--addressDetailDetailsCalendar"}]}
RESULT: {"script":"<script> [1562 bytes]","args":[{"selector":{"id":"application-managesites-display-component---NewSite--addressDetailDetailsCalendar","interaction":{"idSuffix":"inner"}},"wdio_ui5_key":"applicationmanagesites-display-component---NewSite--addressDetailDetailsCalendar"}]}
RESULT: undefined
COMMAND: POST /session/c0099c8ef87d8f1a9c022bedeb80dcd8/execute/async - {"script":"<script> [776 bytes]","args":[{"enterText":"8 - Germany (Standard)","selector":{"id":"application-managesites-display-component---NewSite--addressDetailDetailsCalendar","interaction":{"idSuffix":"inner"}},"clearTextFirst":true,"interactionType":"ENTER_TEXT"}]}
RESULT: {"script":"<script> [776 bytes]","args":[{"enterText":"8 - Germany (Standard)","selector":{"id":"application-managesites-display-component---NewSite--addressDetailDetailsCalendar","interaction":{"idSuffix":"inner"}},"clearTextFirst":true,"interactionType":"ENTER_TEXT"}]}
COMMAND: POST /session/c0099c8ef87d8f1a9c022bedeb80dcd8/element - {"using":"xpath","value":"//input[@id=\"application-managesites-display-component---NewSite--addressDetailDetailsYard-inner\"]"}
RESULT: {"using":"xpath","value":"//input[@id=\"application-managesites-display-component---NewSite--addressDetailDetailsYard-inner\"]"}
COMMAND: POST /session/c0099c8ef87d8f1a9c022bedeb80dcd8/element/f.37E7500FB3BEF60B72C91044CCDB3F00.d.077FF41F3C22507755CB9A6894D066B7.e.6325/clear - {}
RESULT: {}
COMMAND: POST /session/c0099c8ef87d8f1a9c022bedeb80dcd8/element/f.37E7500FB3BEF60B72C91044CCDB3F00.d.077FF41F3C22507755CB9A6894D066B7.e.6325/value - {"text":"508"}
COMMAND: GET /session/c0099c8ef87d8f1a9c022bedeb80dcd8/screenshot - {}
RESULT: {"text":"508"}
COMMAND: GET /session/c0099c8ef87d8f1a9c022bedeb80dcd8/screenshot - {}
RESULT: {}
RESULT: {}
COMMAND: POST /session/c0099c8ef87d8f1a9c022bedeb80dcd8/execute/async - {"script":"<script> [1562 bytes]","args":[{"selector":{"controlType":"sap.m.Button","viewName":"etm.portal.ui.managesites.view.NewSmartSite","viewId":"application-managesites-display-component---NewSite","properties":{"text":"Commercial"},"interaction":{"idSuffix":"BDI-content"}},"wdio_ui5_key":"etmportal.ui.managesites.view.NewSmartSitesap.m.Button{\"text\":\"Commercial\"}"}]}
RESULT: {"script":"<script> [1562 bytes]","args":[{"selector":{"controlType":"sap.m.Button","viewName":"etm.portal.ui.managesites.view.NewSmartSite","viewId":"application-managesites-display-component---NewSite","properties":{"text":"Commercial"},"interaction":{"idSuffix":"BDI-content"}},"wdio_ui5_key":"etmportal.ui.managesites.view.NewSmartSitesap.m.Button{\"text\":\"Commercial\"}"}]}
RESULT: undefined
COMMAND: POST /session/c0099c8ef87d8f1a9c022bedeb80dcd8/element - {"using":"xpath","value":"//*[@id=\"application-managesites-display-component---NewSite--ObjectPageLayout-anchBar-__section33-anchor\"]"}
RESULT: {"using":"xpath","value":"//*[@id=\"application-managesites-display-component---NewSite--ObjectPageLayout-anchBar-__section33-anchor\"]"}
COMMAND: POST /session/c0099c8ef87d8f1a9c022bedeb80dcd8/element/f.37E7500FB3BEF60B72C91044CCDB3F00.d.077FF41F3C22507755CB9A6894D066B7.e.6527/click - {}
RESULT: {}
COMMAND: POST /session/c0099c8ef87d8f1a9c022bedeb80dcd8/execute/async - {"script":"<script> [1562 bytes]","args":[{"selector":{"id":"application-managesites-display-component---NewSite--siteWhmCheckBox-label","interaction":{"idSuffix":"bdi"}},"wdio_ui5_key":"applicationmanagesites-display-component---NewSite--siteWhmCheckBox-label"}]}
COMMAND: GET /session/c0099c8ef87d8f1a9c022bedeb80dcd8/screenshot - {}
RESULT: {"script":"<script> [1562 bytes]","args":[{"selector":{"id":"application-managesites-display-component---NewSite--siteWhmCheckBox-label","interaction":{"idSuffix":"bdi"}},"wdio_ui5_key":"applicationmanagesites-display-component---NewSite--siteWhmCheckBox-label"}]}
RESULT: undefined
COMMAND: POST /session/c0099c8ef87d8f1a9c022bedeb80dcd8/element - {"using":"xpath","value":"//*[@id=\"application-managesites-display-component---NewSite--siteWhmCheckBox-label\"]"}
RESULT: {}
RESULT: {"using":"xpath","value":"//*[@id=\"application-managesites-display-component---NewSite--siteWhmCheckBox-label\"]"}
COMMAND: POST /session/c0099c8ef87d8f1a9c022bedeb80dcd8/element/f.37E7500FB3BEF60B72C91044CCDB3F00.d.077FF41F3C22507755CB9A6894D066B7.e.6536/click - {}
RESULT: {}
COMMAND: POST /session/c0099c8ef87d8f1a9c022bedeb80dcd8/execute/async - {"script":"<script> [1562 bytes]","args":[{"selector":{"controlType":"sap.m.Button","viewName":"etm.portal.ui.managesites.view.NewSmartSite","viewId":"application-managesites-display-component---NewSite","i18NText":{"propertyName":"text","key":"save"},"interaction":{"idSuffix":"BDI-content"}},"wdio_ui5_key":"etmportal.ui.managesites.view.NewSmartSitesap.m.Button{\"propertyName\":\"text\",\"key\":\"save\"}"}]}
COMMAND: GET /session/c0099c8ef87d8f1a9c022bedeb80dcd8/screenshot - {}
RESULT: {"script":"<script> [1562 bytes]","args":[{"selector":{"controlType":"sap.m.Button","viewName":"etm.portal.ui.managesites.view.NewSmartSite","viewId":"application-managesites-display-component---NewSite","i18NText":{"propertyName":"text","key":"save"},"interaction":{"idSuffix":"BDI-content"}},"wdio_ui5_key":"etmportal.ui.managesites.view.NewSmartSitesap.m.Button{\"propertyName\":\"text\",\"key\":\"save\"}"}]}
RESULT: undefined
COMMAND: POST /session/c0099c8ef87d8f1a9c022bedeb80dcd8/element - {"using":"xpath","value":"//*[@id=\"__button76\"]"}
RESULT: {}
RESULT: {"using":"xpath","value":"//*[@id=\"__button76\"]"}
COMMAND: POST /session/c0099c8ef87d8f1a9c022bedeb80dcd8/element/f.37E7500FB3BEF60B72C91044CCDB3F00.d.077FF41F3C22507755CB9A6894D066B7.e.6499/click - {}
RESULT: {}
COMMAND: GET /session/c0099c8ef87d8f1a9c022bedeb80dcd8/screenshot - {}
RESULT: {}
COMMAND: POST /session/c0099c8ef87d8f1a9c022bedeb80dcd8/execute/async - {"script":"<script> [1562 bytes]","args":[{"selector":{"controlType":"sap.m.Text","viewName":"etm.portal.ui.managesites.view.Detail","viewId":"application-managesites-display-component---detailSite","bindingPath":{"propertyPath":"ID","modelName":"catalogModel"}},"wdio_ui5_key":"etmportal.ui.managesites.view.Detailsap.m.Text{\"propertyPath\":\"ID\",\"modelName\":\"catalogModel\"}"}]}
RESULT: {"script":"<script> [1562 bytes]","args":[{"selector":{"controlType":"sap.m.Text","viewName":"etm.portal.ui.managesites.view.Detail","viewId":"application-managesites-display-component---detailSite","bindingPath":{"propertyPath":"ID","modelName":"catalogModel"}},"wdio_ui5_key":"etmportal.ui.managesites.view.Detailsap.m.Text{\"propertyPath\":\"ID\",\"modelName\":\"catalogModel\"}"}]}
RESULT: undefined
COMMAND: POST /session/c0099c8ef87d8f1a9c022bedeb80dcd8/execute/async - {"script":"<script> [6424 bytes]","args":[{"element-6066-11e4-a52e-4f735466cecf":"f.37E7500FB3BEF60B72C91044CCDB3F00.d.077FF41F3C22507755CB9A6894D066B7.e.6729"},"getText",[]]}
RESULT: {"script":"<script> [6424 bytes]","args":[{"element-6066-11e4-a52e-4f735466cecf":"f.37E7500FB3BEF60B72C91044CCDB3F00.d.077FF41F3C22507755CB9A6894D066B7.e.6729"},"getText",[]]}
COMMAND: POST /session/c0099c8ef87d8f1a9c022bedeb80dcd8/execute/async - {"script":"<script> [1562 bytes]","args":[{"selector":{"controlType":"sap.m.Label","viewName":"etm.portal.ui.managesites.view.Detail","viewId":"application-managesites-display-component---detailSite","i18NText":{"propertyName":"text","key":"status"}},"wdio_ui5_key":"etmportal.ui.managesites.view.Detailsap.m.Label{\"propertyName\":\"text\",\"key\":\"status\"}"}]}
RESULT: {"script":"<script> [1562 bytes]","args":[{"selector":{"controlType":"sap.m.Label","viewName":"etm.portal.ui.managesites.view.Detail","viewId":"application-managesites-display-component---detailSite","i18NText":{"propertyName":"text","key":"status"}},"wdio_ui5_key":"etmportal.ui.managesites.view.Detailsap.m.Label{\"propertyName\":\"text\",\"key\":\"status\"}"}]}
RESULT: undefined
COMMAND: POST /session/c0099c8ef87d8f1a9c022bedeb80dcd8/execute/async - {"script":"<script> [6424 bytes]","args":[{"element-6066-11e4-a52e-4f735466cecf":"f.37E7500FB3BEF60B72C91044CCDB3F00.d.077FF41F3C22507755CB9A6894D066B7.e.6718"},"getText",[]]}
RESULT: {"script":"<script> [6424 bytes]","args":[{"element-6066-11e4-a52e-4f735466cecf":"f.37E7500FB3BEF60B72C91044CCDB3F00.d.077FF41F3C22507755CB9A6894D066B7.e.6718"},"getText",[]]}
RESULT: undefined
COMMAND: POST /session/c0099c8ef87d8f1a9c022bedeb80dcd8/element - {"using":"xpath","value":"//*[@id=\"shell-header\"]"}
RESULT: {"using":"xpath","value":"//*[@id=\"shell-header\"]"}
COMMAND: POST /session/c0099c8ef87d8f1a9c022bedeb80dcd8/element/f.37E7500FB3BEF60B72C91044CCDB3F00.d.077FF41F3C22507755CB9A6894D066B7.e.6730/click - {}
RESULT: {}
COMMAND: POST /session/c0099c8ef87d8f1a9c022bedeb80dcd8/element - {"using":"css selector","value":"#shell-header-logo"}
COMMAND: GET /session/c0099c8ef87d8f1a9c022bedeb80dcd8/screenshot - {}
RESULT: {"using":"css selector","value":"#shell-header-logo"}
COMMAND: POST /session/c0099c8ef87d8f1a9c022bedeb80dcd8/element/f.37E7500FB3BEF60B72C91044CCDB3F00.d.077FF41F3C22507755CB9A6894D066B7.e.6080/click - {}
RESULT: {}
RESULT: {}
]]></system-out>
    </testcase>
    <testcase classname="chrome.135_0_7049_96.windows.Provide_to_Site_w/_warehouse_management_w/o_clarification_US113782_" name="Should create WHM Partner" time="54.717">
      <system-out><![CDATA[
COMMAND: POST /session/c0099c8ef87d8f1a9c022bedeb80dcd8/execute/async - {"script":"<script> [1562 bytes]","args":[{"selector":{"controlType":"sap.m.GenericTile","properties":{"header":"Manage Partners"}},"wdio_ui5_key":"sapm.GenericTile{\"header\":\"Manage Partners\"}"}]}
COMMAND: GET /session/c0099c8ef87d8f1a9c022bedeb80dcd8/screenshot - {}
RESULT: {"script":"<script> [1562 bytes]","args":[{"selector":{"controlType":"sap.m.GenericTile","properties":{"header":"Manage Partners"}},"wdio_ui5_key":"sapm.GenericTile{\"header\":\"Manage Partners\"}"}]}
RESULT: undefined
COMMAND: POST /session/c0099c8ef87d8f1a9c022bedeb80dcd8/element - {"using":"xpath","value":"//*[@id=\"__tile38\"]"}
RESULT: {}
RESULT: {"using":"xpath","value":"//*[@id=\"__tile38\"]"}
COMMAND: POST /session/c0099c8ef87d8f1a9c022bedeb80dcd8/element/f.37E7500FB3BEF60B72C91044CCDB3F00.d.077FF41F3C22507755CB9A6894D066B7.e.6736/click - {}
RESULT: {}
COMMAND: GET /session/c0099c8ef87d8f1a9c022bedeb80dcd8/screenshot - {}
RESULT: {}
COMMAND: POST /session/c0099c8ef87d8f1a9c022bedeb80dcd8/element - {"using":"xpath","value":"//button[(@data-kt = 'addButton')]"}
RESULT: {"using":"xpath","value":"//button[(@data-kt = 'addButton')]"}
COMMAND: POST /session/c0099c8ef87d8f1a9c022bedeb80dcd8/elements - {"using":"xpath","value":"//button[(@data-kt = 'addButton')]"}
RESULT: {"using":"xpath","value":"//button[(@data-kt = 'addButton')]"}
COMMAND: POST /session/c0099c8ef87d8f1a9c022bedeb80dcd8/elements - {"using":"xpath","value":"//button[(@data-kt = 'addButton')]"}
RESULT: {"using":"xpath","value":"//button[(@data-kt = 'addButton')]"}
COMMAND: POST /session/c0099c8ef87d8f1a9c022bedeb80dcd8/element - {"using":"xpath","value":"//button[(@data-kt = 'addButton')]"}
RESULT: {"using":"xpath","value":"//button[(@data-kt = 'addButton')]"}
COMMAND: POST /session/c0099c8ef87d8f1a9c022bedeb80dcd8/element/f.37E7500FB3BEF60B72C91044CCDB3F00.d.077FF41F3C22507755CB9A6894D066B7.e.6783/click - {}
RESULT: {}
COMMAND: POST /session/c0099c8ef87d8f1a9c022bedeb80dcd8/execute/async - {"script":"<script> [1562 bytes]","args":[{"selector":{"id":"application-managepartners-display-component---NewPartner--addressDetailDetailsName1","interaction":{"idSuffix":"inner"}},"wdio_ui5_key":"applicationmanagepartners-display-component---NewPartner--addressDetailDetailsName1"}]}
COMMAND: GET /session/c0099c8ef87d8f1a9c022bedeb80dcd8/screenshot - {}
RESULT: {"script":"<script> [1562 bytes]","args":[{"selector":{"id":"application-managepartners-display-component---NewPartner--addressDetailDetailsName1","interaction":{"idSuffix":"inner"}},"wdio_ui5_key":"applicationmanagepartners-display-component---NewPartner--addressDetailDetailsName1"}]}
RESULT: undefined
COMMAND: POST /session/c0099c8ef87d8f1a9c022bedeb80dcd8/execute/async - {"script":"<script> [776 bytes]","args":[{"enterText":"WDI5-Partners","selector":{"id":"application-managepartners-display-component---NewPartner--addressDetailDetailsName1","interaction":{"idSuffix":"inner"}},"clearTextFirst":true,"interactionType":"ENTER_TEXT"}]}
RESULT: {}
RESULT: {"script":"<script> [776 bytes]","args":[{"enterText":"WDI5-Partners","selector":{"id":"application-managepartners-display-component---NewPartner--addressDetailDetailsName1","interaction":{"idSuffix":"inner"}},"clearTextFirst":true,"interactionType":"ENTER_TEXT"}]}
COMMAND: POST /session/c0099c8ef87d8f1a9c022bedeb80dcd8/execute/async - {"script":"<script> [1562 bytes]","args":[{"selector":{"id":"application-managepartners-display-component---NewPartner--addressDetailDetailsLanguage-arrow"},"wdio_ui5_key":"applicationmanagepartners-display-component---NewPartner--addressDetailDetailsLanguage-arrow"}]}
RESULT: {"script":"<script> [1562 bytes]","args":[{"selector":{"id":"application-managepartners-display-component---NewPartner--addressDetailDetailsLanguage-arrow"},"wdio_ui5_key":"applicationmanagepartners-display-component---NewPartner--addressDetailDetailsLanguage-arrow"}]}
RESULT: undefined
COMMAND: POST /session/c0099c8ef87d8f1a9c022bedeb80dcd8/element - {"using":"xpath","value":"//*[@id=\"application-managepartners-display-component---NewPartner--addressDetailDetailsLanguage-arrow\"]"}
RESULT: {"using":"xpath","value":"//*[@id=\"application-managepartners-display-component---NewPartner--addressDetailDetailsLanguage-arrow\"]"}
COMMAND: POST /session/c0099c8ef87d8f1a9c022bedeb80dcd8/element/f.37E7500FB3BEF60B72C91044CCDB3F00.d.077FF41F3C22507755CB9A6894D066B7.e.7202/click - {}
RESULT: {}
COMMAND: POST /session/c0099c8ef87d8f1a9c022bedeb80dcd8/execute/async - {"script":"<script> [1562 bytes]","args":[{"selector":{"controlType":"sap.m.StandardListItem","viewName":"etm.portal.ui.managepartners.view.NewPartner","viewId":"application-managepartners-display-component---NewPartner","properties":{"title":"English"},"searchOpenDialogs":true,"interaction":{"idSuffix":"content"}},"wdio_ui5_key":"etmportal.ui.managepartners.view.NewPartnersap.m.StandardListItem{\"title\":\"English\"}"}]}
COMMAND: GET /session/c0099c8ef87d8f1a9c022bedeb80dcd8/screenshot - {}
RESULT: {"script":"<script> [1562 bytes]","args":[{"selector":{"controlType":"sap.m.StandardListItem","viewName":"etm.portal.ui.managepartners.view.NewPartner","viewId":"application-managepartners-display-component---NewPartner","properties":{"title":"English"},"searchOpenDialogs":true,"interaction":{"idSuffix":"content"}},"wdio_ui5_key":"etmportal.ui.managepartners.view.NewPartnersap.m.StandardListItem{\"title\":\"English\"}"}]}
RESULT: undefined
COMMAND: POST /session/c0099c8ef87d8f1a9c022bedeb80dcd8/element - {"using":"xpath","value":"//*[@id=\"__item1122\"]"}
RESULT: {}
RESULT: {"using":"xpath","value":"//*[@id=\"__item1122\"]"}
COMMAND: POST /session/c0099c8ef87d8f1a9c022bedeb80dcd8/element/f.37E7500FB3BEF60B72C91044CCDB3F00.d.077FF41F3C22507755CB9A6894D066B7.e.7204/click - {}
RESULT: {}
COMMAND: POST /session/c0099c8ef87d8f1a9c022bedeb80dcd8/execute/async - {"script":"<script> [1562 bytes]","args":[{"selector":{"id":"application-managepartners-display-component---NewPartner--addressDetailDetailsCity1","interaction":{"idSuffix":"inner"}},"wdio_ui5_key":"applicationmanagepartners-display-component---NewPartner--addressDetailDetailsCity1"}]}
COMMAND: GET /session/c0099c8ef87d8f1a9c022bedeb80dcd8/screenshot - {}
RESULT: {"script":"<script> [1562 bytes]","args":[{"selector":{"id":"application-managepartners-display-component---NewPartner--addressDetailDetailsCity1","interaction":{"idSuffix":"inner"}},"wdio_ui5_key":"applicationmanagepartners-display-component---NewPartner--addressDetailDetailsCity1"}]}
RESULT: undefined
COMMAND: POST /session/c0099c8ef87d8f1a9c022bedeb80dcd8/execute/async - {"script":"<script> [776 bytes]","args":[{"enterText":"Bangalore","selector":{"id":"application-managepartners-display-component---NewPartner--addressDetailDetailsCity1","interaction":{"idSuffix":"inner"}},"clearTextFirst":true,"interactionType":"ENTER_TEXT"}]}
RESULT: {}
RESULT: {"script":"<script> [776 bytes]","args":[{"enterText":"Bangalore","selector":{"id":"application-managepartners-display-component---NewPartner--addressDetailDetailsCity1","interaction":{"idSuffix":"inner"}},"clearTextFirst":true,"interactionType":"ENTER_TEXT"}]}
COMMAND: POST /session/c0099c8ef87d8f1a9c022bedeb80dcd8/execute/async - {"script":"<script> [1562 bytes]","args":[{"selector":{"id":"application-managepartners-display-component---NewPartner--addressDetailDetailsCountry-arrow"},"wdio_ui5_key":"applicationmanagepartners-display-component---NewPartner--addressDetailDetailsCountry-arrow"}]}
RESULT: {"script":"<script> [1562 bytes]","args":[{"selector":{"id":"application-managepartners-display-component---NewPartner--addressDetailDetailsCountry-arrow"},"wdio_ui5_key":"applicationmanagepartners-display-component---NewPartner--addressDetailDetailsCountry-arrow"}]}
RESULT: undefined
COMMAND: POST /session/c0099c8ef87d8f1a9c022bedeb80dcd8/element - {"using":"xpath","value":"//*[@id=\"application-managepartners-display-component---NewPartner--addressDetailDetailsCountry-arrow\"]"}
RESULT: {"using":"xpath","value":"//*[@id=\"application-managepartners-display-component---NewPartner--addressDetailDetailsCountry-arrow\"]"}
COMMAND: POST /session/c0099c8ef87d8f1a9c022bedeb80dcd8/element/f.37E7500FB3BEF60B72C91044CCDB3F00.d.077FF41F3C22507755CB9A6894D066B7.e.7206/click - {}
RESULT: {}
COMMAND: POST /session/c0099c8ef87d8f1a9c022bedeb80dcd8/execute/async - {"script":"<script> [1562 bytes]","args":[{"selector":{"id":"application-managepartners-display-component---NewPartner--addressDetailDetailsCountry","interaction":{"idSuffix":"inner"}},"wdio_ui5_key":"applicationmanagepartners-display-component---NewPartner--addressDetailDetailsCountry"}]}
COMMAND: GET /session/c0099c8ef87d8f1a9c022bedeb80dcd8/screenshot - {}
RESULT: {"script":"<script> [1562 bytes]","args":[{"selector":{"id":"application-managepartners-display-component---NewPartner--addressDetailDetailsCountry","interaction":{"idSuffix":"inner"}},"wdio_ui5_key":"applicationmanagepartners-display-component---NewPartner--addressDetailDetailsCountry"}]}
RESULT: undefined
COMMAND: POST /session/c0099c8ef87d8f1a9c022bedeb80dcd8/execute/async - {"script":"<script> [776 bytes]","args":[{"enterText":"India","selector":{"id":"application-managepartners-display-component---NewPartner--addressDetailDetailsCountry","interaction":{"idSuffix":"inner"}},"clearTextFirst":true,"interactionType":"ENTER_TEXT"}]}
RESULT: {}
RESULT: {"script":"<script> [776 bytes]","args":[{"enterText":"India","selector":{"id":"application-managepartners-display-component---NewPartner--addressDetailDetailsCountry","interaction":{"idSuffix":"inner"}},"clearTextFirst":true,"interactionType":"ENTER_TEXT"}]}
COMMAND: POST /session/c0099c8ef87d8f1a9c022bedeb80dcd8/execute/async - {"script":"<script> [1562 bytes]","args":[{"selector":{"controlType":"sap.m.StandardListItem","viewName":"etm.portal.ui.managepartners.view.NewPartner","viewId":"application-managepartners-display-component---NewPartner","properties":{"title":"India"},"searchOpenDialogs":true,"interaction":{"idSuffix":"content"}},"wdio_ui5_key":"etmportal.ui.managepartners.view.NewPartnersap.m.StandardListItem{\"title\":\"India\"}"}]}
RESULT: {"script":"<script> [1562 bytes]","args":[{"selector":{"controlType":"sap.m.StandardListItem","viewName":"etm.portal.ui.managepartners.view.NewPartner","viewId":"application-managepartners-display-component---NewPartner","properties":{"title":"India"},"searchOpenDialogs":true,"interaction":{"idSuffix":"content"}},"wdio_ui5_key":"etmportal.ui.managepartners.view.NewPartnersap.m.StandardListItem{\"title\":\"India\"}"}]}
RESULT: undefined
COMMAND: POST /session/c0099c8ef87d8f1a9c022bedeb80dcd8/execute/async - {"script":"<script> [1562 bytes]","args":[{"selector":{"controlType":"sap.m.Button","viewName":"etm.portal.ui.managepartners.view.NewPartner","viewId":"application-managepartners-display-component---NewPartner","properties":{"text":"Commercial"},"interaction":{"idSuffix":"BDI-content"}},"wdio_ui5_key":"etmportal.ui.managepartners.view.NewPartnersap.m.Button{\"text\":\"Commercial\"}"}]}
RESULT: {"script":"<script> [1562 bytes]","args":[{"selector":{"controlType":"sap.m.Button","viewName":"etm.portal.ui.managepartners.view.NewPartner","viewId":"application-managepartners-display-component---NewPartner","properties":{"text":"Commercial"},"interaction":{"idSuffix":"BDI-content"}},"wdio_ui5_key":"etmportal.ui.managepartners.view.NewPartnersap.m.Button{\"text\":\"Commercial\"}"}]}
RESULT: undefined
COMMAND: POST /session/c0099c8ef87d8f1a9c022bedeb80dcd8/element - {"using":"xpath","value":"//*[@id=\"application-managepartners-display-component---NewPartner--ObjectPageLayout-anchBar-__section57-anchor\"]"}
RESULT: {"using":"xpath","value":"//*[@id=\"application-managepartners-display-component---NewPartner--ObjectPageLayout-anchBar-__section57-anchor\"]"}
COMMAND: POST /session/c0099c8ef87d8f1a9c022bedeb80dcd8/element/f.37E7500FB3BEF60B72C91044CCDB3F00.d.077FF41F3C22507755CB9A6894D066B7.e.7211/click - {}
RESULT: {}
COMMAND: POST /session/c0099c8ef87d8f1a9c022bedeb80dcd8/execute/async - {"script":"<script> [1562 bytes]","args":[{"selector":{"id":"application-managepartners-display-component---NewPartner--partnerDetailInternal-arrow"},"wdio_ui5_key":"applicationmanagepartners-display-component---NewPartner--partnerDetailInternal-arrow"}]}
COMMAND: GET /session/c0099c8ef87d8f1a9c022bedeb80dcd8/screenshot - {}
RESULT: {"script":"<script> [1562 bytes]","args":[{"selector":{"id":"application-managepartners-display-component---NewPartner--partnerDetailInternal-arrow"},"wdio_ui5_key":"applicationmanagepartners-display-component---NewPartner--partnerDetailInternal-arrow"}]}
RESULT: undefined
COMMAND: POST /session/c0099c8ef87d8f1a9c022bedeb80dcd8/element - {"using":"xpath","value":"//*[@id=\"application-managepartners-display-component---NewPartner--partnerDetailInternal-arrow\"]"}
RESULT: {}
RESULT: {"using":"xpath","value":"//*[@id=\"application-managepartners-display-component---NewPartner--partnerDetailInternal-arrow\"]"}
COMMAND: POST /session/c0099c8ef87d8f1a9c022bedeb80dcd8/element/f.37E7500FB3BEF60B72C91044CCDB3F00.d.077FF41F3C22507755CB9A6894D066B7.e.7216/click - {}
RESULT: {}
COMMAND: POST /session/c0099c8ef87d8f1a9c022bedeb80dcd8/execute/async - {"script":"<script> [1562 bytes]","args":[{"selector":{"controlType":"sap.m.StandardListItem","viewName":"etm.portal.ui.managepartners.view.NewPartner","viewId":"application-managepartners-display-component---NewPartner","properties":{"title":"External partner"},"searchOpenDialogs":true,"interaction":{"idSuffix":"content"}},"wdio_ui5_key":"etmportal.ui.managepartners.view.NewPartnersap.m.StandardListItem{\"title\":\"External partner\"}"}]}
COMMAND: GET /session/c0099c8ef87d8f1a9c022bedeb80dcd8/screenshot - {}
RESULT: {"script":"<script> [1562 bytes]","args":[{"selector":{"controlType":"sap.m.StandardListItem","viewName":"etm.portal.ui.managepartners.view.NewPartner","viewId":"application-managepartners-display-component---NewPartner","properties":{"title":"External partner"},"searchOpenDialogs":true,"interaction":{"idSuffix":"content"}},"wdio_ui5_key":"etmportal.ui.managepartners.view.NewPartnersap.m.StandardListItem{\"title\":\"External partner\"}"}]}
RESULT: undefined
COMMAND: POST /session/c0099c8ef87d8f1a9c022bedeb80dcd8/element - {"using":"xpath","value":"//*[@id=\"__item1256\"]"}
RESULT: {}
RESULT: {"using":"xpath","value":"//*[@id=\"__item1256\"]"}
COMMAND: POST /session/c0099c8ef87d8f1a9c022bedeb80dcd8/element/f.37E7500FB3BEF60B72C91044CCDB3F00.d.077FF41F3C22507755CB9A6894D066B7.e.7220/click - {}
RESULT: {}
COMMAND: POST /session/c0099c8ef87d8f1a9c022bedeb80dcd8/execute/async - {"script":"<script> [1562 bytes]","args":[{"selector":{"id":"application-managepartners-display-component---NewPartner--partnerDetailsCurrency-arrow"},"wdio_ui5_key":"applicationmanagepartners-display-component---NewPartner--partnerDetailsCurrency-arrow"}]}
COMMAND: GET /session/c0099c8ef87d8f1a9c022bedeb80dcd8/screenshot - {}
RESULT: {"script":"<script> [1562 bytes]","args":[{"selector":{"id":"application-managepartners-display-component---NewPartner--partnerDetailsCurrency-arrow"},"wdio_ui5_key":"applicationmanagepartners-display-component---NewPartner--partnerDetailsCurrency-arrow"}]}
RESULT: undefined
COMMAND: POST /session/c0099c8ef87d8f1a9c022bedeb80dcd8/element - {"using":"xpath","value":"//*[@id=\"application-managepartners-display-component---NewPartner--partnerDetailsCurrency-arrow\"]"}
RESULT: {}
RESULT: {"using":"xpath","value":"//*[@id=\"application-managepartners-display-component---NewPartner--partnerDetailsCurrency-arrow\"]"}
COMMAND: POST /session/c0099c8ef87d8f1a9c022bedeb80dcd8/element/f.37E7500FB3BEF60B72C91044CCDB3F00.d.077FF41F3C22507755CB9A6894D066B7.e.7225/click - {}
RESULT: {}
COMMAND: POST /session/c0099c8ef87d8f1a9c022bedeb80dcd8/execute/async - {"script":"<script> [1562 bytes]","args":[{"selector":{"controlType":"sap.m.StandardListItem","viewName":"etm.portal.ui.managepartners.view.NewPartner","viewId":"application-managepartners-display-component---NewPartner","properties":{"title":"Euro"},"searchOpenDialogs":true,"interaction":{"idSuffix":"content"}},"wdio_ui5_key":"etmportal.ui.managepartners.view.NewPartnersap.m.StandardListItem{\"title\":\"Euro\"}"}]}
COMMAND: GET /session/c0099c8ef87d8f1a9c022bedeb80dcd8/screenshot - {}
RESULT: {"script":"<script> [1562 bytes]","args":[{"selector":{"controlType":"sap.m.StandardListItem","viewName":"etm.portal.ui.managepartners.view.NewPartner","viewId":"application-managepartners-display-component---NewPartner","properties":{"title":"Euro"},"searchOpenDialogs":true,"interaction":{"idSuffix":"content"}},"wdio_ui5_key":"etmportal.ui.managepartners.view.NewPartnersap.m.StandardListItem{\"title\":\"Euro\"}"}]}
RESULT: undefined
COMMAND: POST /session/c0099c8ef87d8f1a9c022bedeb80dcd8/element - {"using":"xpath","value":"//*[@id=\"__item1258\"]"}
RESULT: {}
RESULT: {"using":"xpath","value":"//*[@id=\"__item1258\"]"}
COMMAND: POST /session/c0099c8ef87d8f1a9c022bedeb80dcd8/element/f.37E7500FB3BEF60B72C91044CCDB3F00.d.077FF41F3C22507755CB9A6894D066B7.e.7227/click - {}
RESULT: {}
COMMAND: POST /session/c0099c8ef87d8f1a9c022bedeb80dcd8/execute/async - {"script":"<script> [1562 bytes]","args":[{"selector":{"controlType":"sap.m.Button","viewName":"etm.portal.ui.managepartners.view.NewPartner","viewId":"application-managepartners-display-component---NewPartner","properties":{"text":"Assignments"},"interaction":{"idSuffix":"BDI-content"}},"wdio_ui5_key":"etmportal.ui.managepartners.view.NewPartnersap.m.Button{\"text\":\"Assignments\"}"}]}
COMMAND: GET /session/c0099c8ef87d8f1a9c022bedeb80dcd8/screenshot - {}
RESULT: {"script":"<script> [1562 bytes]","args":[{"selector":{"controlType":"sap.m.Button","viewName":"etm.portal.ui.managepartners.view.NewPartner","viewId":"application-managepartners-display-component---NewPartner","properties":{"text":"Assignments"},"interaction":{"idSuffix":"BDI-content"}},"wdio_ui5_key":"etmportal.ui.managepartners.view.NewPartnersap.m.Button{\"text\":\"Assignments\"}"}]}
RESULT: undefined
COMMAND: POST /session/c0099c8ef87d8f1a9c022bedeb80dcd8/element - {"using":"xpath","value":"//*[@id=\"application-managepartners-display-component---NewPartner--ObjectPageLayout-anchBar-__section61-anchor\"]"}
RESULT: {}
RESULT: {"using":"xpath","value":"//*[@id=\"application-managepartners-display-component---NewPartner--ObjectPageLayout-anchBar-__section61-anchor\"]"}
COMMAND: POST /session/c0099c8ef87d8f1a9c022bedeb80dcd8/element/f.37E7500FB3BEF60B72C91044CCDB3F00.d.077FF41F3C22507755CB9A6894D066B7.e.7229/click - {}
RESULT: {}
COMMAND: POST /session/c0099c8ef87d8f1a9c022bedeb80dcd8/execute/async - {"script":"<script> [1562 bytes]","args":[{"selector":{"id":"application-managepartners-display-component---NewPartner--btnAddTableRow","interaction":{"idSuffix":"inner"}},"wdio_ui5_key":"applicationmanagepartners-display-component---NewPartner--btnAddTableRow"}]}
COMMAND: GET /session/c0099c8ef87d8f1a9c022bedeb80dcd8/screenshot - {}
RESULT: {"script":"<script> [1562 bytes]","args":[{"selector":{"id":"application-managepartners-display-component---NewPartner--btnAddTableRow","interaction":{"idSuffix":"inner"}},"wdio_ui5_key":"applicationmanagepartners-display-component---NewPartner--btnAddTableRow"}]}
RESULT: undefined
COMMAND: POST /session/c0099c8ef87d8f1a9c022bedeb80dcd8/element - {"using":"xpath","value":"//*[@id=\"application-managepartners-display-component---NewPartner--btnAddTableRow\"]"}
RESULT: {}
RESULT: {"using":"xpath","value":"//*[@id=\"application-managepartners-display-component---NewPartner--btnAddTableRow\"]"}
COMMAND: POST /session/c0099c8ef87d8f1a9c022bedeb80dcd8/element/f.37E7500FB3BEF60B72C91044CCDB3F00.d.077FF41F3C22507755CB9A6894D066B7.e.7234/click - {}
RESULT: {}
COMMAND: POST /session/c0099c8ef87d8f1a9c022bedeb80dcd8/element - {"using":"css selector","value":"#application-managepartners-display-component---NewPartner--assignmentYard-application-managepartners-display-component---NewPartner--assignmentsTable-0-inner"}
COMMAND: GET /session/c0099c8ef87d8f1a9c022bedeb80dcd8/screenshot - {}
RESULT: {"using":"css selector","value":"#application-managepartners-display-component---NewPartner--assignmentYard-application-managepartners-display-component---NewPartner--assignmentsTable-0-inner"}
COMMAND: POST /session/c0099c8ef87d8f1a9c022bedeb80dcd8/element/f.37E7500FB3BEF60B72C91044CCDB3F00.d.077FF41F3C22507755CB9A6894D066B7.e.7236/clear - {}
RESULT: {}
RESULT: {}
COMMAND: POST /session/c0099c8ef87d8f1a9c022bedeb80dcd8/element/f.37E7500FB3BEF60B72C91044CCDB3F00.d.077FF41F3C22507755CB9A6894D066B7.e.7236/value - {"text":"508"}
COMMAND: GET /session/c0099c8ef87d8f1a9c022bedeb80dcd8/screenshot - {}
RESULT: {"text":"508"}
COMMAND: POST /session/c0099c8ef87d8f1a9c022bedeb80dcd8/execute/async - {"script":"<script> [1562 bytes]","args":[{"selector":{"id":"application-managepartners-display-component---NewPartner--assignmentYard-application-managepartners-display-component---NewPartner--assignmentsTable-0-arrow"},"wdio_ui5_key":"applicationmanagepartners-display-component---NewPartner--assignmentYard-application-managepartners-display-component---NewPartner--assignmentsTable-0-arrow"}]}
COMMAND: GET /session/c0099c8ef87d8f1a9c022bedeb80dcd8/screenshot - {}
RESULT: {}
RESULT: {"script":"<script> [1562 bytes]","args":[{"selector":{"id":"application-managepartners-display-component---NewPartner--assignmentYard-application-managepartners-display-component---NewPartner--assignmentsTable-0-arrow"},"wdio_ui5_key":"applicationmanagepartners-display-component---NewPartner--assignmentYard-application-managepartners-display-component---NewPartner--assignmentsTable-0-arrow"}]}
RESULT: undefined
COMMAND: POST /session/c0099c8ef87d8f1a9c022bedeb80dcd8/element - {"using":"xpath","value":"//*[@id=\"application-managepartners-display-component---NewPartner--assignmentYard-application-managepartners-display-component---NewPartner--assignmentsTable-0-arrow\"]"}
RESULT: {}
RESULT: {"using":"xpath","value":"//*[@id=\"application-managepartners-display-component---NewPartner--assignmentYard-application-managepartners-display-component---NewPartner--assignmentsTable-0-arrow\"]"}
COMMAND: POST /session/c0099c8ef87d8f1a9c022bedeb80dcd8/element/f.37E7500FB3BEF60B72C91044CCDB3F00.d.077FF41F3C22507755CB9A6894D066B7.e.7244/click - {}
RESULT: {}
COMMAND: GET /session/c0099c8ef87d8f1a9c022bedeb80dcd8/screenshot - {}
RESULT: {}
COMMAND: POST /session/c0099c8ef87d8f1a9c022bedeb80dcd8/execute/async - {"script":"<script> [1562 bytes]","args":[{"selector":{"controlType":"sap.m.Button","viewName":"etm.portal.ui.managepartners.view.NewPartner","viewId":"application-managepartners-display-component---NewPartner","i18NText":{"propertyName":"text","key":"save"},"interaction":{"idSuffix":"BDI-content"}},"wdio_ui5_key":"etmportal.ui.managepartners.view.NewPartnersap.m.Button{\"propertyName\":\"text\",\"key\":\"save\"}"}]}
RESULT: {"script":"<script> [1562 bytes]","args":[{"selector":{"controlType":"sap.m.Button","viewName":"etm.portal.ui.managepartners.view.NewPartner","viewId":"application-managepartners-display-component---NewPartner","i18NText":{"propertyName":"text","key":"save"},"interaction":{"idSuffix":"BDI-content"}},"wdio_ui5_key":"etmportal.ui.managepartners.view.NewPartnersap.m.Button{\"propertyName\":\"text\",\"key\":\"save\"}"}]}
RESULT: undefined
COMMAND: POST /session/c0099c8ef87d8f1a9c022bedeb80dcd8/element - {"using":"xpath","value":"//*[@id=\"__button127\"]"}
RESULT: {"using":"xpath","value":"//*[@id=\"__button127\"]"}
COMMAND: POST /session/c0099c8ef87d8f1a9c022bedeb80dcd8/element/f.37E7500FB3BEF60B72C91044CCDB3F00.d.077FF41F3C22507755CB9A6894D066B7.e.7145/click - {}
RESULT: {}
COMMAND: GET /session/c0099c8ef87d8f1a9c022bedeb80dcd8/screenshot - {}
RESULT: {}
COMMAND: POST /session/c0099c8ef87d8f1a9c022bedeb80dcd8/execute/async - {"script":"<script> [1562 bytes]","args":[{"selector":{"controlType":"sap.m.Text","viewName":"etm.portal.ui.managepartners.view.Detail","viewId":"application-managepartners-display-component---detailPtm","bindingPath":{"propertyPath":"ID","modelName":"catalogModel"}},"wdio_ui5_key":"etmportal.ui.managepartners.view.Detailsap.m.Text{\"propertyPath\":\"ID\",\"modelName\":\"catalogModel\"}"}]}
RESULT: {"script":"<script> [1562 bytes]","args":[{"selector":{"controlType":"sap.m.Text","viewName":"etm.portal.ui.managepartners.view.Detail","viewId":"application-managepartners-display-component---detailPtm","bindingPath":{"propertyPath":"ID","modelName":"catalogModel"}},"wdio_ui5_key":"etmportal.ui.managepartners.view.Detailsap.m.Text{\"propertyPath\":\"ID\",\"modelName\":\"catalogModel\"}"}]}
RESULT: undefined
COMMAND: POST /session/c0099c8ef87d8f1a9c022bedeb80dcd8/execute/async - {"script":"<script> [6424 bytes]","args":[{"element-6066-11e4-a52e-4f735466cecf":"f.37E7500FB3BEF60B72C91044CCDB3F00.d.077FF41F3C22507755CB9A6894D066B7.e.7407"},"getText",[]]}
RESULT: {"script":"<script> [6424 bytes]","args":[{"element-6066-11e4-a52e-4f735466cecf":"f.37E7500FB3BEF60B72C91044CCDB3F00.d.077FF41F3C22507755CB9A6894D066B7.e.7407"},"getText",[]]}
COMMAND: POST /session/c0099c8ef87d8f1a9c022bedeb80dcd8/element - {"using":"css selector","value":"#shell-header-logo"}
RESULT: {"using":"css selector","value":"#shell-header-logo"}
COMMAND: POST /session/c0099c8ef87d8f1a9c022bedeb80dcd8/element/f.37E7500FB3BEF60B72C91044CCDB3F00.d.077FF41F3C22507755CB9A6894D066B7.e.6738/click - {}
RESULT: {}
]]></system-out>
    </testcase>
    <testcase classname="chrome.135_0_7049_96.windows.Provide_to_Site_w/_warehouse_management_w/o_clarification_US113782_" name="Should create a new WHM Material" time="88.209">
      <system-out><![CDATA[
COMMAND: POST /session/c0099c8ef87d8f1a9c022bedeb80dcd8/execute/async - {"script":"<script> [1562 bytes]","args":[{"selector":{"controlType":"sap.m.GenericTile","properties":{"header":"Manage Resources"}},"wdio_ui5_key":"sapm.GenericTile{\"header\":\"Manage Resources\"}"}]}
COMMAND: GET /session/c0099c8ef87d8f1a9c022bedeb80dcd8/screenshot - {}
RESULT: {"script":"<script> [1562 bytes]","args":[{"selector":{"controlType":"sap.m.GenericTile","properties":{"header":"Manage Resources"}},"wdio_ui5_key":"sapm.GenericTile{\"header\":\"Manage Resources\"}"}]}
RESULT: undefined
COMMAND: POST /session/c0099c8ef87d8f1a9c022bedeb80dcd8/element - {"using":"xpath","value":"//*[@id=\"__tile39\"]"}
RESULT: {}
RESULT: {"using":"xpath","value":"//*[@id=\"__tile39\"]"}
COMMAND: POST /session/c0099c8ef87d8f1a9c022bedeb80dcd8/element/f.37E7500FB3BEF60B72C91044CCDB3F00.d.077FF41F3C22507755CB9A6894D066B7.e.7409/click - {}
RESULT: {}
COMMAND: POST /session/c0099c8ef87d8f1a9c022bedeb80dcd8/execute/async - {"script":"<script> [1562 bytes]","args":[{"selector":{"controlType":"sap.m.OverflowToolbarButton","viewName":"etm.portal.ui.manageresources.view.Master","viewId":"application-manageresources-display-component---masterRU","bindingPath":{"path":"","propertyPath":"/isLogbook","modelName":"minimumStockRPGModel"},"interaction":{"idSuffix":"inner"}},"wdio_ui5_key":"etmportal.ui.manageresources.view.Mastersap.m.OverflowToolbarButton{\"path\":\"\",\"propertyPath\":\"/isLogbook\",\"modelName\":\"minimumStockRPGModel\"}"}]}
COMMAND: GET /session/c0099c8ef87d8f1a9c022bedeb80dcd8/screenshot - {}
RESULT: {"script":"<script> [1562 bytes]","args":[{"selector":{"controlType":"sap.m.OverflowToolbarButton","viewName":"etm.portal.ui.manageresources.view.Master","viewId":"application-manageresources-display-component---masterRU","bindingPath":{"path":"","propertyPath":"/isLogbook","modelName":"minimumStockRPGModel"},"interaction":{"idSuffix":"inner"}},"wdio_ui5_key":"etmportal.ui.manageresources.view.Mastersap.m.OverflowToolbarButton{\"path\":\"\",\"propertyPath\":\"/isLogbook\",\"modelName\":\"minimumStockRPGModel\"}"}]}
RESULT: undefined
COMMAND: POST /session/c0099c8ef87d8f1a9c022bedeb80dcd8/element - {"using":"xpath","value":"//*[@id=\"__button168\"]"}
RESULT: {}
RESULT: {"using":"xpath","value":"//*[@id=\"__button168\"]"}
COMMAND: POST /session/c0099c8ef87d8f1a9c022bedeb80dcd8/element/f.37E7500FB3BEF60B72C91044CCDB3F00.d.077FF41F3C22507755CB9A6894D066B7.e.7449/click - {}
RESULT: {}
COMMAND: GET /session/c0099c8ef87d8f1a9c022bedeb80dcd8/screenshot - {}
RESULT: {}
COMMAND: POST /session/c0099c8ef87d8f1a9c022bedeb80dcd8/execute/async - {"script":"<script> [1562 bytes]","args":[{"selector":{"id":"application-manageresources-display-component---newResourceUnit--TYPE-arrow"},"wdio_ui5_key":"applicationmanageresources-display-component---newResourceUnit--TYPE-arrow"}]}
RESULT: {"script":"<script> [1562 bytes]","args":[{"selector":{"id":"application-manageresources-display-component---newResourceUnit--TYPE-arrow"},"wdio_ui5_key":"applicationmanageresources-display-component---newResourceUnit--TYPE-arrow"}]}
RESULT: undefined
COMMAND: POST /session/c0099c8ef87d8f1a9c022bedeb80dcd8/element - {"using":"xpath","value":"//*[@id=\"application-manageresources-display-component---newResourceUnit--TYPE-arrow\"]"}
RESULT: {"using":"xpath","value":"//*[@id=\"application-manageresources-display-component---newResourceUnit--TYPE-arrow\"]"}
COMMAND: POST /session/c0099c8ef87d8f1a9c022bedeb80dcd8/element/f.37E7500FB3BEF60B72C91044CCDB3F00.d.077FF41F3C22507755CB9A6894D066B7.e.7773/click - {}
RESULT: {}
COMMAND: POST /session/c0099c8ef87d8f1a9c022bedeb80dcd8/execute/async - {"script":"<script> [1562 bytes]","args":[{"selector":{"controlType":"sap.m.StandardListItem","viewName":"reusables.view.manageresources.NewResourceUnit","viewId":"application-manageresources-display-component---newResourceUnit","properties":{"title":"Material"},"searchOpenDialogs":true,"interaction":{"idSuffix":"content"}},"wdio_ui5_key":"reusablesview.manageresources.NewResourceUnitsap.m.StandardListItem{\"title\":\"Material\"}"}]}
COMMAND: GET /session/c0099c8ef87d8f1a9c022bedeb80dcd8/screenshot - {}
RESULT: {"script":"<script> [1562 bytes]","args":[{"selector":{"controlType":"sap.m.StandardListItem","viewName":"reusables.view.manageresources.NewResourceUnit","viewId":"application-manageresources-display-component---newResourceUnit","properties":{"title":"Material"},"searchOpenDialogs":true,"interaction":{"idSuffix":"content"}},"wdio_ui5_key":"reusablesview.manageresources.NewResourceUnitsap.m.StandardListItem{\"title\":\"Material\"}"}]}
RESULT: undefined
COMMAND: POST /session/c0099c8ef87d8f1a9c022bedeb80dcd8/element - {"using":"xpath","value":"//*[@id=\"__item1539\"]"}
RESULT: {}
RESULT: {"using":"xpath","value":"//*[@id=\"__item1539\"]"}
COMMAND: POST /session/c0099c8ef87d8f1a9c022bedeb80dcd8/element/f.37E7500FB3BEF60B72C91044CCDB3F00.d.077FF41F3C22507755CB9A6894D066B7.e.7776/click - {}
RESULT: {}
COMMAND: POST /session/c0099c8ef87d8f1a9c022bedeb80dcd8/execute/async - {"script":"<script> [1562 bytes]","args":[{"selector":{"id":"application-manageresources-display-component---newResourceUnit--resourceId","interaction":{"idSuffix":"inner"}},"wdio_ui5_key":"applicationmanageresources-display-component---newResourceUnit--resourceId"}]}
COMMAND: GET /session/c0099c8ef87d8f1a9c022bedeb80dcd8/screenshot - {}
RESULT: {"script":"<script> [1562 bytes]","args":[{"selector":{"id":"application-manageresources-display-component---newResourceUnit--resourceId","interaction":{"idSuffix":"inner"}},"wdio_ui5_key":"applicationmanageresources-display-component---newResourceUnit--resourceId"}]}
RESULT: undefined
COMMAND: POST /session/c0099c8ef87d8f1a9c022bedeb80dcd8/execute/async - {"script":"<script> [1562 bytes]","args":[{"selector":{"id":"application-manageresources-display-component---newResourceUnit--SHORT_TEXT","interaction":{"idSuffix":"inner"}},"wdio_ui5_key":"applicationmanageresources-display-component---newResourceUnit--SHORT_TEXT"}]}
RESULT: {}
RESULT: {"script":"<script> [1562 bytes]","args":[{"selector":{"id":"application-manageresources-display-component---newResourceUnit--SHORT_TEXT","interaction":{"idSuffix":"inner"}},"wdio_ui5_key":"applicationmanageresources-display-component---newResourceUnit--SHORT_TEXT"}]}
RESULT: undefined
COMMAND: POST /session/c0099c8ef87d8f1a9c022bedeb80dcd8/execute/async - {"script":"<script> [776 bytes]","args":[{"enterText":"material WHM","selector":{"id":"application-manageresources-display-component---newResourceUnit--SHORT_TEXT","interaction":{"idSuffix":"inner"}},"clearTextFirst":true,"interactionType":"ENTER_TEXT"}]}
RESULT: {"script":"<script> [776 bytes]","args":[{"enterText":"material WHM","selector":{"id":"application-manageresources-display-component---newResourceUnit--SHORT_TEXT","interaction":{"idSuffix":"inner"}},"clearTextFirst":true,"interactionType":"ENTER_TEXT"}]}
COMMAND: POST /session/c0099c8ef87d8f1a9c022bedeb80dcd8/execute/async - {"script":"<script> [1562 bytes]","args":[{"selector":{"id":"application-manageresources-display-component---newResourceUnit--BASE_UNIT_OF_MEASURE","interaction":{"idSuffix":"inner"}},"wdio_ui5_key":"applicationmanageresources-display-component---newResourceUnit--BASE_UNIT_OF_MEASURE"}]}
RESULT: {"script":"<script> [1562 bytes]","args":[{"selector":{"id":"application-manageresources-display-component---newResourceUnit--BASE_UNIT_OF_MEASURE","interaction":{"idSuffix":"inner"}},"wdio_ui5_key":"applicationmanageresources-display-component---newResourceUnit--BASE_UNIT_OF_MEASURE"}]}
RESULT: undefined
COMMAND: POST /session/c0099c8ef87d8f1a9c022bedeb80dcd8/execute/async - {"script":"<script> [776 bytes]","args":[{"enterText":"Piece","selector":{"id":"application-manageresources-display-component---newResourceUnit--BASE_UNIT_OF_MEASURE","interaction":{"idSuffix":"inner"}},"clearTextFirst":true,"interactionType":"ENTER_TEXT"}]}
RESULT: {"script":"<script> [776 bytes]","args":[{"enterText":"Piece","selector":{"id":"application-manageresources-display-component---newResourceUnit--BASE_UNIT_OF_MEASURE","interaction":{"idSuffix":"inner"}},"clearTextFirst":true,"interactionType":"ENTER_TEXT"}]}
COMMAND: POST /session/c0099c8ef87d8f1a9c022bedeb80dcd8/execute/async - {"script":"<script> [1562 bytes]","args":[{"selector":{"id":"application-manageresources-display-component---newResourceUnit--WEIGHT_UNIT","interaction":{"idSuffix":"inner"}},"wdio_ui5_key":"applicationmanageresources-display-component---newResourceUnit--WEIGHT_UNIT"}]}
RESULT: {"script":"<script> [1562 bytes]","args":[{"selector":{"id":"application-manageresources-display-component---newResourceUnit--WEIGHT_UNIT","interaction":{"idSuffix":"inner"}},"wdio_ui5_key":"applicationmanageresources-display-component---newResourceUnit--WEIGHT_UNIT"}]}
RESULT: undefined
COMMAND: POST /session/c0099c8ef87d8f1a9c022bedeb80dcd8/execute/async - {"script":"<script> [776 bytes]","args":[{"enterText":"Gram","selector":{"id":"application-manageresources-display-component---newResourceUnit--WEIGHT_UNIT","interaction":{"idSuffix":"inner"}},"clearTextFirst":true,"interactionType":"ENTER_TEXT"}]}
RESULT: {"script":"<script> [776 bytes]","args":[{"enterText":"Gram","selector":{"id":"application-manageresources-display-component---newResourceUnit--WEIGHT_UNIT","interaction":{"idSuffix":"inner"}},"clearTextFirst":true,"interactionType":"ENTER_TEXT"}]}
COMMAND: POST /session/c0099c8ef87d8f1a9c022bedeb80dcd8/execute/async - {"script":"<script> [1562 bytes]","args":[{"selector":{"id":"application-manageresources-display-component---newResourceUnit--DIMENSION_UNIT","interaction":{"idSuffix":"inner"}},"wdio_ui5_key":"applicationmanageresources-display-component---newResourceUnit--DIMENSION_UNIT"}]}
RESULT: {"script":"<script> [1562 bytes]","args":[{"selector":{"id":"application-manageresources-display-component---newResourceUnit--DIMENSION_UNIT","interaction":{"idSuffix":"inner"}},"wdio_ui5_key":"applicationmanageresources-display-component---newResourceUnit--DIMENSION_UNIT"}]}
RESULT: undefined
COMMAND: POST /session/c0099c8ef87d8f1a9c022bedeb80dcd8/execute/async - {"script":"<script> [776 bytes]","args":[{"enterText":"Meter","selector":{"id":"application-manageresources-display-component---newResourceUnit--DIMENSION_UNIT","interaction":{"idSuffix":"inner"}},"clearTextFirst":true,"interactionType":"ENTER_TEXT"}]}
RESULT: {"script":"<script> [776 bytes]","args":[{"enterText":"Meter","selector":{"id":"application-manageresources-display-component---newResourceUnit--DIMENSION_UNIT","interaction":{"idSuffix":"inner"}},"clearTextFirst":true,"interactionType":"ENTER_TEXT"}]}
COMMAND: POST /session/c0099c8ef87d8f1a9c022bedeb80dcd8/execute/async - {"script":"<script> [1562 bytes]","args":[{"selector":{"id":"application-manageresources-display-component---newResourceUnit--newRRUPage-anchBar-application-manageresources-display-component---newResourceUnit--control-anchor","interaction":{"idSuffix":"content"}},"wdio_ui5_key":"applicationmanageresources-display-component---newResourceUnit--newRRUPage-anchBar-application-manageresources-display-component---newResourceUnit--control-anchor"}]}
RESULT: {"script":"<script> [1562 bytes]","args":[{"selector":{"id":"application-manageresources-display-component---newResourceUnit--newRRUPage-anchBar-application-manageresources-display-component---newResourceUnit--control-anchor","interaction":{"idSuffix":"content"}},"wdio_ui5_key":"applicationmanageresources-display-component---newResourceUnit--newRRUPage-anchBar-application-manageresources-display-component---newResourceUnit--control-anchor"}]}
RESULT: undefined
COMMAND: POST /session/c0099c8ef87d8f1a9c022bedeb80dcd8/element - {"using":"xpath","value":"//*[@id=\"application-manageresources-display-component---newResourceUnit--newRRUPage-anchBar-application-manageresources-display-component---newResourceUnit--control-anchor\"]"}
RESULT: {"using":"xpath","value":"//*[@id=\"application-manageresources-display-component---newResourceUnit--newRRUPage-anchBar-application-manageresources-display-component---newResourceUnit--control-anchor\"]"}
COMMAND: POST /session/c0099c8ef87d8f1a9c022bedeb80dcd8/element/f.37E7500FB3BEF60B72C91044CCDB3F00.d.077FF41F3C22507755CB9A6894D066B7.e.7840/click - {}
RESULT: {}
COMMAND: POST /session/c0099c8ef87d8f1a9c022bedeb80dcd8/execute/async - {"script":"<script> [1562 bytes]","args":[{"selector":{"id":"application-manageresources-display-component---newResourceUnit--PLANNING_GROUP","interaction":{"idSuffix":"inner"}},"wdio_ui5_key":"applicationmanageresources-display-component---newResourceUnit--PLANNING_GROUP"}]}
COMMAND: GET /session/c0099c8ef87d8f1a9c022bedeb80dcd8/screenshot - {}
RESULT: {"script":"<script> [1562 bytes]","args":[{"selector":{"id":"application-manageresources-display-component---newResourceUnit--PLANNING_GROUP","interaction":{"idSuffix":"inner"}},"wdio_ui5_key":"applicationmanageresources-display-component---newResourceUnit--PLANNING_GROUP"}]}
RESULT: undefined
COMMAND: POST /session/c0099c8ef87d8f1a9c022bedeb80dcd8/execute/async - {"script":"<script> [776 bytes]","args":[{"enterText":"Heavy Equi","selector":{"id":"application-manageresources-display-component---newResourceUnit--PLANNING_GROUP","interaction":{"idSuffix":"inner"}},"clearTextFirst":true,"interactionType":"ENTER_TEXT"}]}
RESULT: {}
RESULT: {"script":"<script> [776 bytes]","args":[{"enterText":"Heavy Equi","selector":{"id":"application-manageresources-display-component---newResourceUnit--PLANNING_GROUP","interaction":{"idSuffix":"inner"}},"clearTextFirst":true,"interactionType":"ENTER_TEXT"}]}
COMMAND: POST /session/c0099c8ef87d8f1a9c022bedeb80dcd8/execute/async - {"script":"<script> [1562 bytes]","args":[{"selector":{"id":"application-manageresources-display-component---newResourceUnit--PLANNING_INDICATOR","interaction":{"idSuffix":"inner"}},"wdio_ui5_key":"applicationmanageresources-display-component---newResourceUnit--PLANNING_INDICATOR"}]}
RESULT: {"script":"<script> [1562 bytes]","args":[{"selector":{"id":"application-manageresources-display-component---newResourceUnit--PLANNING_INDICATOR","interaction":{"idSuffix":"inner"}},"wdio_ui5_key":"applicationmanageresources-display-component---newResourceUnit--PLANNING_INDICATOR"}]}
RESULT: undefined
COMMAND: POST /session/c0099c8ef87d8f1a9c022bedeb80dcd8/execute/async - {"script":"<script> [776 bytes]","args":[{"enterText":"10 - infinite","selector":{"id":"application-manageresources-display-component---newResourceUnit--PLANNING_INDICATOR","interaction":{"idSuffix":"inner"}},"clearTextFirst":true,"interactionType":"ENTER_TEXT"}]}
RESULT: {"script":"<script> [776 bytes]","args":[{"enterText":"10 - infinite","selector":{"id":"application-manageresources-display-component---newResourceUnit--PLANNING_INDICATOR","interaction":{"idSuffix":"inner"}},"clearTextFirst":true,"interactionType":"ENTER_TEXT"}]}
COMMAND: POST /session/c0099c8ef87d8f1a9c022bedeb80dcd8/actions - {"actions":[{"id":"action27","type":"key","parameters":{},"actions":[{"type":"keyDown","value":"î€‡"},{"type":"pause","duration":10},{"type":"keyUp","value":"î€‡"}]}]}
RESULT: {"actions":[{"id":"action27","type":"key","parameters":{},"actions":[{"type":"keyDown","value":"î€‡"},{"type":"pause","duration":10},{"type":"keyUp","value":"î€‡"}]}]}
COMMAND: POST /session/c0099c8ef87d8f1a9c022bedeb80dcd8/execute/async - {"script":"<script> [1562 bytes]","args":[{"selector":{"id":"application-manageresources-display-component---newResourceUnit--ITEM_TYPE-arrow"},"wdio_ui5_key":"applicationmanageresources-display-component---newResourceUnit--ITEM_TYPE-arrow"}]}
COMMAND: GET /session/c0099c8ef87d8f1a9c022bedeb80dcd8/screenshot - {}
RESULT: {"script":"<script> [1562 bytes]","args":[{"selector":{"id":"application-manageresources-display-component---newResourceUnit--ITEM_TYPE-arrow"},"wdio_ui5_key":"applicationmanageresources-display-component---newResourceUnit--ITEM_TYPE-arrow"}]}
RESULT: undefined
COMMAND: POST /session/c0099c8ef87d8f1a9c022bedeb80dcd8/element - {"using":"xpath","value":"//*[@id=\"application-manageresources-display-component---newResourceUnit--ITEM_TYPE-arrow\"]"}
RESULT: {}
RESULT: {"using":"xpath","value":"//*[@id=\"application-manageresources-display-component---newResourceUnit--ITEM_TYPE-arrow\"]"}
COMMAND: POST /session/c0099c8ef87d8f1a9c022bedeb80dcd8/element/f.37E7500FB3BEF60B72C91044CCDB3F00.d.077FF41F3C22507755CB9A6894D066B7.e.7848/click - {}
RESULT: {}
COMMAND: POST /session/c0099c8ef87d8f1a9c022bedeb80dcd8/execute/async - {"script":"<script> [1562 bytes]","args":[{"selector":{"controlType":"sap.m.StandardListItem","viewName":"reusables.view.manageresources.NewResourceUnit","viewId":"application-manageresources-display-component---newResourceUnit","properties":{"title":"Resource Unit"},"searchOpenDialogs":true,"interaction":{"idSuffix":"titleText"}},"wdio_ui5_key":"reusablesview.manageresources.NewResourceUnitsap.m.StandardListItem{\"title\":\"Resource Unit\"}"}]}
COMMAND: GET /session/c0099c8ef87d8f1a9c022bedeb80dcd8/screenshot - {}
RESULT: {"script":"<script> [1562 bytes]","args":[{"selector":{"controlType":"sap.m.StandardListItem","viewName":"reusables.view.manageresources.NewResourceUnit","viewId":"application-manageresources-display-component---newResourceUnit","properties":{"title":"Resource Unit"},"searchOpenDialogs":true,"interaction":{"idSuffix":"titleText"}},"wdio_ui5_key":"reusablesview.manageresources.NewResourceUnitsap.m.StandardListItem{\"title\":\"Resource Unit\"}"}]}
RESULT: undefined
RESULT: {}
COMMAND: POST /session/c0099c8ef87d8f1a9c022bedeb80dcd8/execute/async - {"script":"<script> [1562 bytes]","args":[{"selector":{"controlType":"sap.m.Label","viewName":"reusables.view.manageresources.NewResourceUnit","viewId":"application-manageresources-display-component---newResourceUnit","i18NText":{"propertyName":"text","key":"planningGroup"},"interaction":{"idSuffix":"bdi"}},"wdio_ui5_key":"reusablesview.manageresources.NewResourceUnitsap.m.Label{\"propertyName\":\"text\",\"key\":\"planningGroup\"}"}]}
RESULT: {"script":"<script> [1562 bytes]","args":[{"selector":{"controlType":"sap.m.Label","viewName":"reusables.view.manageresources.NewResourceUnit","viewId":"application-manageresources-display-component---newResourceUnit","i18NText":{"propertyName":"text","key":"planningGroup"},"interaction":{"idSuffix":"bdi"}},"wdio_ui5_key":"reusablesview.manageresources.NewResourceUnitsap.m.Label{\"propertyName\":\"text\",\"key\":\"planningGroup\"}"}]}
RESULT: undefined
COMMAND: POST /session/c0099c8ef87d8f1a9c022bedeb80dcd8/element - {"using":"xpath","value":"//*[@id=\"__label263\"]"}
RESULT: {"using":"xpath","value":"//*[@id=\"__label263\"]"}
COMMAND: POST /session/c0099c8ef87d8f1a9c022bedeb80dcd8/element/f.37E7500FB3BEF60B72C91044CCDB3F00.d.077FF41F3C22507755CB9A6894D066B7.e.7850/click - {}
RESULT: {}
COMMAND: GET /session/c0099c8ef87d8f1a9c022bedeb80dcd8/screenshot - {}
RESULT: {}
COMMAND: POST /session/c0099c8ef87d8f1a9c022bedeb80dcd8/actions - {"actions":[{"type":"key","id":"keyboard","actions":[{"type":"keyDown","value":"î›"}]}]}
RESULT: {"actions":[{"type":"key","id":"keyboard","actions":[{"type":"keyDown","value":"î›"}]}]}
COMMAND: GET /session/c0099c8ef87d8f1a9c022bedeb80dcd8/screenshot - {}
RESULT: {}
COMMAND: POST /session/c0099c8ef87d8f1a9c022bedeb80dcd8/actions - {"actions":[{"type":"key","id":"keyboard","actions":[{"type":"keyDown","value":"î›"}]}]}
RESULT: {"actions":[{"type":"key","id":"keyboard","actions":[{"type":"keyDown","value":"î›"}]}]}
COMMAND: GET /session/c0099c8ef87d8f1a9c022bedeb80dcd8/screenshot - {}
RESULT: {}
COMMAND: POST /session/c0099c8ef87d8f1a9c022bedeb80dcd8/actions - {"actions":[{"type":"key","id":"keyboard","actions":[{"type":"keyDown","value":"î›"}]}]}
RESULT: {"actions":[{"type":"key","id":"keyboard","actions":[{"type":"keyDown","value":"î›"}]}]}
COMMAND: GET /session/c0099c8ef87d8f1a9c022bedeb80dcd8/screenshot - {}
RESULT: {}
COMMAND: POST /session/c0099c8ef87d8f1a9c022bedeb80dcd8/actions - {"actions":[{"type":"key","id":"keyboard","actions":[{"type":"keyDown","value":"î›"}]}]}
RESULT: {"actions":[{"type":"key","id":"keyboard","actions":[{"type":"keyDown","value":"î›"}]}]}
COMMAND: GET /session/c0099c8ef87d8f1a9c022bedeb80dcd8/screenshot - {}
RESULT: {}
COMMAND: POST /session/c0099c8ef87d8f1a9c022bedeb80dcd8/actions - {"actions":[{"type":"key","id":"keyboard","actions":[{"type":"keyDown","value":"î›"}]}]}
RESULT: {"actions":[{"type":"key","id":"keyboard","actions":[{"type":"keyDown","value":"î›"}]}]}
COMMAND: GET /session/c0099c8ef87d8f1a9c022bedeb80dcd8/screenshot - {}
RESULT: {}
COMMAND: POST /session/c0099c8ef87d8f1a9c022bedeb80dcd8/actions - {"actions":[{"type":"key","id":"keyboard","actions":[{"type":"keyDown","value":"î›"}]}]}
RESULT: {"actions":[{"type":"key","id":"keyboard","actions":[{"type":"keyDown","value":"î›"}]}]}
COMMAND: GET /session/c0099c8ef87d8f1a9c022bedeb80dcd8/screenshot - {}
RESULT: {}
COMMAND: POST /session/c0099c8ef87d8f1a9c022bedeb80dcd8/execute/async - {"script":"<script> [1562 bytes]","args":[{"selector":{"id":"application-manageresources-display-component---newResourceUnit--btnAddTimeSegment-img"},"wdio_ui5_key":"applicationmanageresources-display-component---newResourceUnit--btnAddTimeSegment-img"}]}
RESULT: {"script":"<script> [1562 bytes]","args":[{"selector":{"id":"application-manageresources-display-component---newResourceUnit--btnAddTimeSegment-img"},"wdio_ui5_key":"applicationmanageresources-display-component---newResourceUnit--btnAddTimeSegment-img"}]}
RESULT: undefined
COMMAND: POST /session/c0099c8ef87d8f1a9c022bedeb80dcd8/element - {"using":"xpath","value":"//*[@id=\"application-manageresources-display-component---newResourceUnit--btnAddTimeSegment-img\"]"}
RESULT: {"using":"xpath","value":"//*[@id=\"application-manageresources-display-component---newResourceUnit--btnAddTimeSegment-img\"]"}
COMMAND: POST /session/c0099c8ef87d8f1a9c022bedeb80dcd8/element/f.37E7500FB3BEF60B72C91044CCDB3F00.d.077FF41F3C22507755CB9A6894D066B7.e.7851/click - {}
RESULT: {}
COMMAND: POST /session/c0099c8ef87d8f1a9c022bedeb80dcd8/element - {"using":"xpath","value":"//input[@id=\"application-manageresources-display-component---newResourceUnit--idRuTSAdmin-application-manageresources-display-component---newResourceUnit--RUTimeSegment-0-inner\"]"}
COMMAND: GET /session/c0099c8ef87d8f1a9c022bedeb80dcd8/screenshot - {}
RESULT: {"using":"xpath","value":"//input[@id=\"application-manageresources-display-component---newResourceUnit--idRuTSAdmin-application-manageresources-display-component---newResourceUnit--RUTimeSegment-0-inner\"]"}
COMMAND: POST /session/c0099c8ef87d8f1a9c022bedeb80dcd8/element/f.37E7500FB3BEF60B72C91044CCDB3F00.d.077FF41F3C22507755CB9A6894D066B7.e.7854/clear - {}
RESULT: {}
RESULT: {}
COMMAND: POST /session/c0099c8ef87d8f1a9c022bedeb80dcd8/element/f.37E7500FB3BEF60B72C91044CCDB3F00.d.077FF41F3C22507755CB9A6894D066B7.e.7854/value - {"text":"508"}
COMMAND: GET /session/c0099c8ef87d8f1a9c022bedeb80dcd8/screenshot - {}
RESULT: {"text":"508"}
COMMAND: GET /session/c0099c8ef87d8f1a9c022bedeb80dcd8/screenshot - {}
RESULT: {}
RESULT: {}
COMMAND: POST /session/c0099c8ef87d8f1a9c022bedeb80dcd8/actions - {"actions":[{"id":"action28","type":"key","parameters":{},"actions":[{"type":"keyDown","value":"î€‡"},{"type":"pause","duration":10},{"type":"keyUp","value":"î€‡"}]}]}
RESULT: {"actions":[{"id":"action28","type":"key","parameters":{},"actions":[{"type":"keyDown","value":"î€‡"},{"type":"pause","duration":10},{"type":"keyUp","value":"î€‡"}]}]}
COMMAND: GET /session/c0099c8ef87d8f1a9c022bedeb80dcd8/screenshot - {}
RESULT: {}
COMMAND: POST /session/c0099c8ef87d8f1a9c022bedeb80dcd8/execute/async - {"script":"<script> [1562 bytes]","args":[{"selector":{"controlType":"sap.m.Button","viewName":"reusables.view.manageresources.NewResourceUnit","viewId":"application-manageresources-display-component---newResourceUnit","i18NText":{"propertyName":"tooltip","key":"save"},"interaction":{"idSuffix":"BDI-content"}},"wdio_ui5_key":"reusablesview.manageresources.NewResourceUnitsap.m.Button{\"propertyName\":\"tooltip\",\"key\":\"save\"}"}]}
RESULT: {"script":"<script> [1562 bytes]","args":[{"selector":{"controlType":"sap.m.Button","viewName":"reusables.view.manageresources.NewResourceUnit","viewId":"application-manageresources-display-component---newResourceUnit","i18NText":{"propertyName":"tooltip","key":"save"},"interaction":{"idSuffix":"BDI-content"}},"wdio_ui5_key":"reusablesview.manageresources.NewResourceUnitsap.m.Button{\"propertyName\":\"tooltip\",\"key\":\"save\"}"}]}
RESULT: undefined
COMMAND: POST /session/c0099c8ef87d8f1a9c022bedeb80dcd8/element - {"using":"xpath","value":"//*[@id=\"application-manageresources-display-component---newResourceUnit--createRuButton\"]"}
RESULT: {"using":"xpath","value":"//*[@id=\"application-manageresources-display-component---newResourceUnit--createRuButton\"]"}
COMMAND: POST /session/c0099c8ef87d8f1a9c022bedeb80dcd8/element/f.37E7500FB3BEF60B72C91044CCDB3F00.d.077FF41F3C22507755CB9A6894D066B7.e.7789/click - {}
RESULT: {}
COMMAND: POST /session/c0099c8ef87d8f1a9c022bedeb80dcd8/execute/async - {"script":"<script> [1562 bytes]","args":[{"selector":{"controlType":"sap.m.Button","properties":{"text":"Close"},"searchOpenDialogs":true,"interaction":{"idSuffix":"BDI-content"}},"wdio_ui5_key":"sapm.Button{\"text\":\"Close\"}"}]}
COMMAND: GET /session/c0099c8ef87d8f1a9c022bedeb80dcd8/screenshot - {}
RESULT: {"script":"<script> [1562 bytes]","args":[{"selector":{"controlType":"sap.m.Button","properties":{"text":"Close"},"searchOpenDialogs":true,"interaction":{"idSuffix":"BDI-content"}},"wdio_ui5_key":"sapm.Button{\"text\":\"Close\"}"}]}
RESULT: undefined
COMMAND: POST /session/c0099c8ef87d8f1a9c022bedeb80dcd8/element - {"using":"xpath","value":"//*[@id=\"__mbox-btn-0\"]"}
RESULT: {}
RESULT: {"using":"xpath","value":"//*[@id=\"__mbox-btn-0\"]"}
COMMAND: POST /session/c0099c8ef87d8f1a9c022bedeb80dcd8/element/f.37E7500FB3BEF60B72C91044CCDB3F00.d.077FF41F3C22507755CB9A6894D066B7.e.7868/click - {}
RESULT: {}
COMMAND: GET /session/c0099c8ef87d8f1a9c022bedeb80dcd8/screenshot - {}
COMMAND: POST /session/c0099c8ef87d8f1a9c022bedeb80dcd8/execute/async - {"script":"<script> [1562 bytes]","args":[{"selector":{"controlType":"sap.m.Text","viewName":"etm.portal.ui.manageresources.view.Detail","viewId":"application-manageresources-display-component---detailRU","bindingPath":{"propertyPath":"ID","modelName":"catalogModel"}},"wdio_ui5_key":"etmportal.ui.manageresources.view.Detailsap.m.Text{\"propertyPath\":\"ID\",\"modelName\":\"catalogModel\"}"}]}
RESULT: {}
RESULT: {"script":"<script> [1562 bytes]","args":[{"selector":{"controlType":"sap.m.Text","viewName":"etm.portal.ui.manageresources.view.Detail","viewId":"application-manageresources-display-component---detailRU","bindingPath":{"propertyPath":"ID","modelName":"catalogModel"}},"wdio_ui5_key":"etmportal.ui.manageresources.view.Detailsap.m.Text{\"propertyPath\":\"ID\",\"modelName\":\"catalogModel\"}"}]}
RESULT: undefined
COMMAND: POST /session/c0099c8ef87d8f1a9c022bedeb80dcd8/execute/async - {"script":"<script> [6424 bytes]","args":[{"element-6066-11e4-a52e-4f735466cecf":"f.37E7500FB3BEF60B72C91044CCDB3F00.d.077FF41F3C22507755CB9A6894D066B7.e.7900"},"getText",[]]}
RESULT: {"script":"<script> [6424 bytes]","args":[{"element-6066-11e4-a52e-4f735466cecf":"f.37E7500FB3BEF60B72C91044CCDB3F00.d.077FF41F3C22507755CB9A6894D066B7.e.7900"},"getText",[]]}
COMMAND: POST /session/c0099c8ef87d8f1a9c022bedeb80dcd8/element - {"using":"css selector","value":"#shell-header-logo"}
RESULT: {"using":"css selector","value":"#shell-header-logo"}
COMMAND: POST /session/c0099c8ef87d8f1a9c022bedeb80dcd8/element/f.37E7500FB3BEF60B72C91044CCDB3F00.d.077FF41F3C22507755CB9A6894D066B7.e.7411/click - {}
RESULT: {}
COMMAND: GET /session/c0099c8ef87d8f1a9c022bedeb80dcd8/screenshot - {}
RESULT: {}
]]></system-out>
    </testcase>
    <testcase classname="chrome.135_0_7049_96.windows.Provide_to_Site_w/_warehouse_management_w/o_clarification_US113782_" name="Bin Status Report Should Create New Organization yard" time="43.235">
      <system-out><![CDATA[
COMMAND: POST /session/c0099c8ef87d8f1a9c022bedeb80dcd8/execute/async - {"script":"<script> [1562 bytes]","args":[{"selector":{"controlType":"sap.m.GenericTile","properties":{"header":"Bin Status Report"}},"wdio_ui5_key":"sapm.GenericTile{\"header\":\"Bin Status Report\"}"}]}
RESULT: {"script":"<script> [1562 bytes]","args":[{"selector":{"controlType":"sap.m.GenericTile","properties":{"header":"Bin Status Report"}},"wdio_ui5_key":"sapm.GenericTile{\"header\":\"Bin Status Report\"}"}]}
RESULT: undefined
COMMAND: POST /session/c0099c8ef87d8f1a9c022bedeb80dcd8/element - {"using":"xpath","value":"//*[@id=\"__tile104\"]"}
RESULT: {"using":"xpath","value":"//*[@id=\"__tile104\"]"}
COMMAND: POST /session/c0099c8ef87d8f1a9c022bedeb80dcd8/element/f.37E7500FB3BEF60B72C91044CCDB3F00.d.077FF41F3C22507755CB9A6894D066B7.e.7902/click - {}
RESULT: {}
COMMAND: GET /session/c0099c8ef87d8f1a9c022bedeb80dcd8/screenshot - {}
RESULT: {}
COMMAND: POST /session/c0099c8ef87d8f1a9c022bedeb80dcd8/execute/async - {"script":"<script> [1562 bytes]","args":[{"selector":{"id":"application-binstatusreport-display-component---warehousing--createOrgBtn","interaction":{"idSuffix":"content"}},"wdio_ui5_key":"applicationbinstatusreport-display-component---warehousing--createOrgBtn"}]}
RESULT: {"script":"<script> [1562 bytes]","args":[{"selector":{"id":"application-binstatusreport-display-component---warehousing--createOrgBtn","interaction":{"idSuffix":"content"}},"wdio_ui5_key":"applicationbinstatusreport-display-component---warehousing--createOrgBtn"}]}
RESULT: undefined
COMMAND: POST /session/c0099c8ef87d8f1a9c022bedeb80dcd8/element - {"using":"xpath","value":"//*[@id=\"application-binstatusreport-display-component---warehousing--createOrgBtn\"]"}
RESULT: {"using":"xpath","value":"//*[@id=\"application-binstatusreport-display-component---warehousing--createOrgBtn\"]"}
COMMAND: POST /session/c0099c8ef87d8f1a9c022bedeb80dcd8/element/f.37E7500FB3BEF60B72C91044CCDB3F00.d.077FF41F3C22507755CB9A6894D066B7.e.7940/click - {}
RESULT: {}
COMMAND: POST /session/c0099c8ef87d8f1a9c022bedeb80dcd8/execute/async - {"script":"<script> [1562 bytes]","args":[{"selector":{"id":"createOrganizationPop--sectionInput","searchOpenDialogs":true,"interaction":{"idSuffix":"inner"}},"wdio_ui5_key":"createOrganizationPopsectionInput"}]}
COMMAND: GET /session/c0099c8ef87d8f1a9c022bedeb80dcd8/screenshot - {}
RESULT: {"script":"<script> [1562 bytes]","args":[{"selector":{"id":"createOrganizationPop--sectionInput","searchOpenDialogs":true,"interaction":{"idSuffix":"inner"}},"wdio_ui5_key":"createOrganizationPopsectionInput"}]}
RESULT: undefined
COMMAND: POST /session/c0099c8ef87d8f1a9c022bedeb80dcd8/execute/async - {"script":"<script> [776 bytes]","args":[{"enterText":"WDI508","selector":{"id":"createOrganizationPop--sectionInput","searchOpenDialogs":true,"interaction":{"idSuffix":"inner"}},"clearTextFirst":true,"interactionType":"ENTER_TEXT"}]}
RESULT: {}
RESULT: {"script":"<script> [776 bytes]","args":[{"enterText":"WDI508","selector":{"id":"createOrganizationPop--sectionInput","searchOpenDialogs":true,"interaction":{"idSuffix":"inner"}},"clearTextFirst":true,"interactionType":"ENTER_TEXT"}]}
COMMAND: POST /session/c0099c8ef87d8f1a9c022bedeb80dcd8/execute/async - {"script":"<script> [1562 bytes]","args":[{"selector":{"id":"createOrganizationPop--descriptionInput","searchOpenDialogs":true,"interaction":{"idSuffix":"inner"}},"wdio_ui5_key":"createOrganizationPopdescriptionInput"}]}
RESULT: {"script":"<script> [1562 bytes]","args":[{"selector":{"id":"createOrganizationPop--descriptionInput","searchOpenDialogs":true,"interaction":{"idSuffix":"inner"}},"wdio_ui5_key":"createOrganizationPopdescriptionInput"}]}
RESULT: undefined
COMMAND: POST /session/c0099c8ef87d8f1a9c022bedeb80dcd8/execute/async - {"script":"<script> [776 bytes]","args":[{"enterText":"Shipping508","selector":{"id":"createOrganizationPop--descriptionInput","searchOpenDialogs":true,"interaction":{"idSuffix":"inner"}},"clearTextFirst":true,"interactionType":"ENTER_TEXT"}]}
RESULT: {"script":"<script> [776 bytes]","args":[{"enterText":"Shipping508","selector":{"id":"createOrganizationPop--descriptionInput","searchOpenDialogs":true,"interaction":{"idSuffix":"inner"}},"clearTextFirst":true,"interactionType":"ENTER_TEXT"}]}
COMMAND: POST /session/c0099c8ef87d8f1a9c022bedeb80dcd8/element - {"using":"css selector","value":"#createOrganizationPop--yardOrg-inner"}
RESULT: {"using":"css selector","value":"#createOrganizationPop--yardOrg-inner"}
COMMAND: POST /session/c0099c8ef87d8f1a9c022bedeb80dcd8/element/f.37E7500FB3BEF60B72C91044CCDB3F00.d.077FF41F3C22507755CB9A6894D066B7.e.7993/clear - {}
RESULT: {}
COMMAND: POST /session/c0099c8ef87d8f1a9c022bedeb80dcd8/element/f.37E7500FB3BEF60B72C91044CCDB3F00.d.077FF41F3C22507755CB9A6894D066B7.e.7993/value - {"text":"508"}
COMMAND: GET /session/c0099c8ef87d8f1a9c022bedeb80dcd8/screenshot - {}
RESULT: {"text":"508"}
COMMAND: GET /session/c0099c8ef87d8f1a9c022bedeb80dcd8/screenshot - {}
RESULT: {}
RESULT: {}
COMMAND: POST /session/c0099c8ef87d8f1a9c022bedeb80dcd8/actions - {"actions":[{"id":"action29","type":"key","parameters":{},"actions":[{"type":"keyDown","value":"î€‡"},{"type":"pause","duration":10},{"type":"keyUp","value":"î€‡"}]}]}
RESULT: {"actions":[{"id":"action29","type":"key","parameters":{},"actions":[{"type":"keyDown","value":"î€‡"},{"type":"pause","duration":10},{"type":"keyUp","value":"î€‡"}]}]}
COMMAND: POST /session/c0099c8ef87d8f1a9c022bedeb80dcd8/execute/async - {"script":"<script> [1562 bytes]","args":[{"selector":{"id":"createOrganizationPop--grZone","searchOpenDialogs":true,"interaction":{"idSuffix":"CbBg"}},"wdio_ui5_key":"createOrganizationPopgrZone"}]}
COMMAND: GET /session/c0099c8ef87d8f1a9c022bedeb80dcd8/screenshot - {}
RESULT: {"script":"<script> [1562 bytes]","args":[{"selector":{"id":"createOrganizationPop--grZone","searchOpenDialogs":true,"interaction":{"idSuffix":"CbBg"}},"wdio_ui5_key":"createOrganizationPopgrZone"}]}
RESULT: undefined
COMMAND: POST /session/c0099c8ef87d8f1a9c022bedeb80dcd8/element - {"using":"xpath","value":"//*[@id=\"createOrganizationPop--grZone\"]"}
RESULT: {}
RESULT: {"using":"xpath","value":"//*[@id=\"createOrganizationPop--grZone\"]"}
COMMAND: POST /session/c0099c8ef87d8f1a9c022bedeb80dcd8/element/f.37E7500FB3BEF60B72C91044CCDB3F00.d.077FF41F3C22507755CB9A6894D066B7.e.8014/click - {}
RESULT: {}
COMMAND: POST /session/c0099c8ef87d8f1a9c022bedeb80dcd8/execute/async - {"script":"<script> [1562 bytes]","args":[{"selector":{"id":"createOrganizationPop--giZone","searchOpenDialogs":true,"interaction":{"idSuffix":"CbBg"}},"wdio_ui5_key":"createOrganizationPopgiZone"}]}
COMMAND: GET /session/c0099c8ef87d8f1a9c022bedeb80dcd8/screenshot - {}
RESULT: {"script":"<script> [1562 bytes]","args":[{"selector":{"id":"createOrganizationPop--giZone","searchOpenDialogs":true,"interaction":{"idSuffix":"CbBg"}},"wdio_ui5_key":"createOrganizationPopgiZone"}]}
RESULT: undefined
COMMAND: POST /session/c0099c8ef87d8f1a9c022bedeb80dcd8/element - {"using":"xpath","value":"//*[@id=\"createOrganizationPop--giZone\"]"}
RESULT: {}
RESULT: {"using":"xpath","value":"//*[@id=\"createOrganizationPop--giZone\"]"}
COMMAND: POST /session/c0099c8ef87d8f1a9c022bedeb80dcd8/element/f.37E7500FB3BEF60B72C91044CCDB3F00.d.077FF41F3C22507755CB9A6894D066B7.e.8016/click - {}
RESULT: {}
COMMAND: POST /session/c0099c8ef87d8f1a9c022bedeb80dcd8/execute/async - {"script":"<script> [1562 bytes]","args":[{"selector":{"id":"createOrganizationPop--binNoInput","searchOpenDialogs":true,"interaction":{"idSuffix":"inner"}},"wdio_ui5_key":"createOrganizationPopbinNoInput"}]}
COMMAND: GET /session/c0099c8ef87d8f1a9c022bedeb80dcd8/screenshot - {}
RESULT: {"script":"<script> [1562 bytes]","args":[{"selector":{"id":"createOrganizationPop--binNoInput","searchOpenDialogs":true,"interaction":{"idSuffix":"inner"}},"wdio_ui5_key":"createOrganizationPopbinNoInput"}]}
RESULT: undefined
COMMAND: POST /session/c0099c8ef87d8f1a9c022bedeb80dcd8/execute/async - {"script":"<script> [776 bytes]","args":[{"enterText":"Bin-Wd","selector":{"id":"createOrganizationPop--binNoInput","searchOpenDialogs":true,"interaction":{"idSuffix":"inner"}},"clearTextFirst":true,"interactionType":"ENTER_TEXT"}]}
RESULT: {}
RESULT: {"script":"<script> [776 bytes]","args":[{"enterText":"Bin-Wd","selector":{"id":"createOrganizationPop--binNoInput","searchOpenDialogs":true,"interaction":{"idSuffix":"inner"}},"clearTextFirst":true,"interactionType":"ENTER_TEXT"}]}
COMMAND: POST /session/c0099c8ef87d8f1a9c022bedeb80dcd8/execute/async - {"script":"<script> [1562 bytes]","args":[{"selector":{"id":"createOrganizationPop--descriptionId","searchOpenDialogs":true,"interaction":{"idSuffix":"inner"}},"wdio_ui5_key":"createOrganizationPopdescriptionId"}]}
RESULT: {"script":"<script> [1562 bytes]","args":[{"selector":{"id":"createOrganizationPop--descriptionId","searchOpenDialogs":true,"interaction":{"idSuffix":"inner"}},"wdio_ui5_key":"createOrganizationPopdescriptionId"}]}
RESULT: undefined
COMMAND: POST /session/c0099c8ef87d8f1a9c022bedeb80dcd8/execute/async - {"script":"<script> [776 bytes]","args":[{"enterText":"Shipping-Wd","selector":{"id":"createOrganizationPop--descriptionId","searchOpenDialogs":true,"interaction":{"idSuffix":"inner"}},"clearTextFirst":true,"interactionType":"ENTER_TEXT"}]}
RESULT: {"script":"<script> [776 bytes]","args":[{"enterText":"Shipping-Wd","selector":{"id":"createOrganizationPop--descriptionId","searchOpenDialogs":true,"interaction":{"idSuffix":"inner"}},"clearTextFirst":true,"interactionType":"ENTER_TEXT"}]}
COMMAND: POST /session/c0099c8ef87d8f1a9c022bedeb80dcd8/execute/async - {"script":"<script> [1562 bytes]","args":[{"selector":{"controlType":"sap.m.CheckBox","viewName":"etm.portal.ui.binstatusreport.view.MasterWareBins","viewId":"application-binstatusreport-display-component---warehousing","bindingPath":{"path":"","propertyPath":"/ZONE","modelName":"newBin"},"searchOpenDialogs":true,"interaction":{"idSuffix":"CbBg"}},"wdio_ui5_key":"etmportal.ui.binstatusreport.view.MasterWareBinssap.m.CheckBox{\"path\":\"\",\"propertyPath\":\"/ZONE\",\"modelName\":\"newBin\"}"}]}
RESULT: {"script":"<script> [1562 bytes]","args":[{"selector":{"controlType":"sap.m.CheckBox","viewName":"etm.portal.ui.binstatusreport.view.MasterWareBins","viewId":"application-binstatusreport-display-component---warehousing","bindingPath":{"path":"","propertyPath":"/ZONE","modelName":"newBin"},"searchOpenDialogs":true,"interaction":{"idSuffix":"CbBg"}},"wdio_ui5_key":"etmportal.ui.binstatusreport.view.MasterWareBinssap.m.CheckBox{\"path\":\"\",\"propertyPath\":\"/ZONE\",\"modelName\":\"newBin\"}"}]}
RESULT: undefined
COMMAND: POST /session/c0099c8ef87d8f1a9c022bedeb80dcd8/element - {"using":"xpath","value":"//*[@id=\"__box56\"]"}
RESULT: {"using":"xpath","value":"//*[@id=\"__box56\"]"}
COMMAND: POST /session/c0099c8ef87d8f1a9c022bedeb80dcd8/element/f.37E7500FB3BEF60B72C91044CCDB3F00.d.077FF41F3C22507755CB9A6894D066B7.e.8020/click - {}
RESULT: {}
COMMAND: POST /session/c0099c8ef87d8f1a9c022bedeb80dcd8/execute/async - {"script":"<script> [1562 bytes]","args":[{"selector":{"id":"createOrganizationPop--binTypesCB","searchOpenDialogs":true,"interaction":{"idSuffix":"inner"}},"wdio_ui5_key":"createOrganizationPopbinTypesCB"}]}
COMMAND: GET /session/c0099c8ef87d8f1a9c022bedeb80dcd8/screenshot - {}
RESULT: {"script":"<script> [1562 bytes]","args":[{"selector":{"id":"createOrganizationPop--binTypesCB","searchOpenDialogs":true,"interaction":{"idSuffix":"inner"}},"wdio_ui5_key":"createOrganizationPopbinTypesCB"}]}
RESULT: undefined
COMMAND: POST /session/c0099c8ef87d8f1a9c022bedeb80dcd8/execute/async - {"script":"<script> [776 bytes]","args":[{"enterText":"1 - General / No capacity check","selector":{"id":"createOrganizationPop--binTypesCB","searchOpenDialogs":true,"interaction":{"idSuffix":"inner"}},"clearTextFirst":true,"interactionType":"ENTER_TEXT"}]}
RESULT: {}
RESULT: {"script":"<script> [776 bytes]","args":[{"enterText":"1 - General / No capacity check","selector":{"id":"createOrganizationPop--binTypesCB","searchOpenDialogs":true,"interaction":{"idSuffix":"inner"}},"clearTextFirst":true,"interactionType":"ENTER_TEXT"}]}
COMMAND: POST /session/c0099c8ef87d8f1a9c022bedeb80dcd8/actions - {"actions":[{"id":"action30","type":"key","parameters":{},"actions":[{"type":"keyDown","value":"î€‡"},{"type":"pause","duration":10},{"type":"keyUp","value":"î€‡"}]}]}
RESULT: {"actions":[{"id":"action30","type":"key","parameters":{},"actions":[{"type":"keyDown","value":"î€‡"},{"type":"pause","duration":10},{"type":"keyUp","value":"î€‡"}]}]}
COMMAND: GET /session/c0099c8ef87d8f1a9c022bedeb80dcd8/screenshot - {}
RESULT: {}
COMMAND: POST /session/c0099c8ef87d8f1a9c022bedeb80dcd8/execute/async - {"script":"<script> [1562 bytes]","args":[{"selector":{"id":"createOrganizationPop--finishBtn","searchOpenDialogs":true,"interaction":{"idSuffix":"BDI-content"}},"wdio_ui5_key":"createOrganizationPopfinishBtn"}]}
RESULT: {"script":"<script> [1562 bytes]","args":[{"selector":{"id":"createOrganizationPop--finishBtn","searchOpenDialogs":true,"interaction":{"idSuffix":"BDI-content"}},"wdio_ui5_key":"createOrganizationPopfinishBtn"}]}
RESULT: undefined
COMMAND: POST /session/c0099c8ef87d8f1a9c022bedeb80dcd8/element - {"using":"xpath","value":"//*[@id=\"createOrganizationPop--finishBtn\"]"}
RESULT: {"using":"xpath","value":"//*[@id=\"createOrganizationPop--finishBtn\"]"}
COMMAND: POST /session/c0099c8ef87d8f1a9c022bedeb80dcd8/element/f.37E7500FB3BEF60B72C91044CCDB3F00.d.077FF41F3C22507755CB9A6894D066B7.e.8023/click - {}
RESULT: {}
]]></system-out>
    </testcase>
    <testcase classname="chrome.135_0_7049_96.windows.Provide_to_Site_w/_warehouse_management_w/o_clarification_US113782_" name="Bin Status Report Should Create New Organization for Site" time="36.615">
      <system-out><![CDATA[
COMMAND: GET /session/c0099c8ef87d8f1a9c022bedeb80dcd8/screenshot - {}
RESULT: {}
RESULT: undefined
COMMAND: POST /session/c0099c8ef87d8f1a9c022bedeb80dcd8/element - {"using":"xpath","value":"//*[@id=\"application-binstatusreport-display-component---warehousing--createOrgBtn\"]"}
RESULT: {"using":"xpath","value":"//*[@id=\"application-binstatusreport-display-component---warehousing--createOrgBtn\"]"}
COMMAND: POST /session/c0099c8ef87d8f1a9c022bedeb80dcd8/element/f.37E7500FB3BEF60B72C91044CCDB3F00.d.077FF41F3C22507755CB9A6894D066B7.e.7940/click - {}
RESULT: {}
RESULT: undefined
COMMAND: POST /session/c0099c8ef87d8f1a9c022bedeb80dcd8/execute/async - {"script":"<script> [776 bytes]","args":[{"enterText":"2343","selector":{"id":"createOrganizationPop--sectionInput","searchOpenDialogs":true,"interaction":{"idSuffix":"inner"}},"clearTextFirst":true,"interactionType":"ENTER_TEXT"}]}
COMMAND: GET /session/c0099c8ef87d8f1a9c022bedeb80dcd8/screenshot - {}
RESULT: {"script":"<script> [776 bytes]","args":[{"enterText":"2343","selector":{"id":"createOrganizationPop--sectionInput","searchOpenDialogs":true,"interaction":{"idSuffix":"inner"}},"clearTextFirst":true,"interactionType":"ENTER_TEXT"}]}
RESULT: undefined
COMMAND: POST /session/c0099c8ef87d8f1a9c022bedeb80dcd8/execute/async - {"script":"<script> [776 bytes]","args":[{"enterText":"WDI2343","selector":{"id":"createOrganizationPop--descriptionInput","searchOpenDialogs":true,"interaction":{"idSuffix":"inner"}},"clearTextFirst":true,"interactionType":"ENTER_TEXT"}]}
RESULT: {}
RESULT: {"script":"<script> [776 bytes]","args":[{"enterText":"WDI2343","selector":{"id":"createOrganizationPop--descriptionInput","searchOpenDialogs":true,"interaction":{"idSuffix":"inner"}},"clearTextFirst":true,"interactionType":"ENTER_TEXT"}]}
COMMAND: POST /session/c0099c8ef87d8f1a9c022bedeb80dcd8/element - {"using":"css selector","value":"#createOrganizationPop--siteOrg-inner"}
RESULT: {"using":"css selector","value":"#createOrganizationPop--siteOrg-inner"}
COMMAND: POST /session/c0099c8ef87d8f1a9c022bedeb80dcd8/element/f.37E7500FB3BEF60B72C91044CCDB3F00.d.077FF41F3C22507755CB9A6894D066B7.e.8029/clear - {}
RESULT: {}
COMMAND: POST /session/c0099c8ef87d8f1a9c022bedeb80dcd8/element/f.37E7500FB3BEF60B72C91044CCDB3F00.d.077FF41F3C22507755CB9A6894D066B7.e.8029/value - {"text":"2343"}
COMMAND: GET /session/c0099c8ef87d8f1a9c022bedeb80dcd8/screenshot - {}
RESULT: {"text":"2343"}
COMMAND: GET /session/c0099c8ef87d8f1a9c022bedeb80dcd8/screenshot - {}
RESULT: {}
RESULT: {}
COMMAND: POST /session/c0099c8ef87d8f1a9c022bedeb80dcd8/actions - {"actions":[{"id":"action31","type":"key","parameters":{},"actions":[{"type":"keyDown","value":"î€‡"},{"type":"pause","duration":10},{"type":"keyUp","value":"î€‡"}]}]}
RESULT: {"actions":[{"id":"action31","type":"key","parameters":{},"actions":[{"type":"keyDown","value":"î€‡"},{"type":"pause","duration":10},{"type":"keyUp","value":"î€‡"}]}]}
RESULT: undefined
COMMAND: POST /session/c0099c8ef87d8f1a9c022bedeb80dcd8/element - {"using":"xpath","value":"//*[@id=\"createOrganizationPop--giZone\"]"}
COMMAND: GET /session/c0099c8ef87d8f1a9c022bedeb80dcd8/screenshot - {}
RESULT: {"using":"xpath","value":"//*[@id=\"createOrganizationPop--giZone\"]"}
COMMAND: POST /session/c0099c8ef87d8f1a9c022bedeb80dcd8/element/f.37E7500FB3BEF60B72C91044CCDB3F00.d.077FF41F3C22507755CB9A6894D066B7.e.8047/click - {}
RESULT: {}
RESULT: {}
RESULT: undefined
COMMAND: POST /session/c0099c8ef87d8f1a9c022bedeb80dcd8/execute/async - {"script":"<script> [776 bytes]","args":[{"enterText":"WD-BIN","selector":{"id":"createOrganizationPop--binNoInput","searchOpenDialogs":true,"interaction":{"idSuffix":"inner"}},"clearTextFirst":true,"interactionType":"ENTER_TEXT"}]}
COMMAND: GET /session/c0099c8ef87d8f1a9c022bedeb80dcd8/screenshot - {}
RESULT: {"script":"<script> [776 bytes]","args":[{"enterText":"WD-BIN","selector":{"id":"createOrganizationPop--binNoInput","searchOpenDialogs":true,"interaction":{"idSuffix":"inner"}},"clearTextFirst":true,"interactionType":"ENTER_TEXT"}]}
RESULT: undefined
COMMAND: POST /session/c0099c8ef87d8f1a9c022bedeb80dcd8/execute/async - {"script":"<script> [776 bytes]","args":[{"enterText":"WD-BIN","selector":{"id":"createOrganizationPop--descriptionId","searchOpenDialogs":true,"interaction":{"idSuffix":"inner"}},"clearTextFirst":true,"interactionType":"ENTER_TEXT"}]}
RESULT: {}
RESULT: {"script":"<script> [776 bytes]","args":[{"enterText":"WD-BIN","selector":{"id":"createOrganizationPop--descriptionId","searchOpenDialogs":true,"interaction":{"idSuffix":"inner"}},"clearTextFirst":true,"interactionType":"ENTER_TEXT"}]}
COMMAND: POST /session/c0099c8ef87d8f1a9c022bedeb80dcd8/execute/async - {"script":"<script> [1562 bytes]","args":[{"selector":{"controlType":"sap.m.CheckBox","viewName":"etm.portal.ui.binstatusreport.view.MasterWareBins","viewId":"application-binstatusreport-display-component---warehousing","bindingPath":{"propertyPath":"/ZONE","modelName":"newBin"},"searchOpenDialogs":true,"interaction":{"idSuffix":"CbBg"}},"wdio_ui5_key":"etmportal.ui.binstatusreport.view.MasterWareBinssap.m.CheckBox{\"propertyPath\":\"/ZONE\",\"modelName\":\"newBin\"}"}]}
RESULT: {"script":"<script> [1562 bytes]","args":[{"selector":{"controlType":"sap.m.CheckBox","viewName":"etm.portal.ui.binstatusreport.view.MasterWareBins","viewId":"application-binstatusreport-display-component---warehousing","bindingPath":{"propertyPath":"/ZONE","modelName":"newBin"},"searchOpenDialogs":true,"interaction":{"idSuffix":"CbBg"}},"wdio_ui5_key":"etmportal.ui.binstatusreport.view.MasterWareBinssap.m.CheckBox{\"propertyPath\":\"/ZONE\",\"modelName\":\"newBin\"}"}]}
RESULT: undefined
COMMAND: POST /session/c0099c8ef87d8f1a9c022bedeb80dcd8/element - {"using":"xpath","value":"//*[@id=\"__box59\"]"}
RESULT: {"using":"xpath","value":"//*[@id=\"__box59\"]"}
COMMAND: POST /session/c0099c8ef87d8f1a9c022bedeb80dcd8/element/f.37E7500FB3BEF60B72C91044CCDB3F00.d.077FF41F3C22507755CB9A6894D066B7.e.8049/click - {}
RESULT: {}
COMMAND: GET /session/c0099c8ef87d8f1a9c022bedeb80dcd8/screenshot - {}
RESULT: {}
RESULT: undefined
COMMAND: POST /session/c0099c8ef87d8f1a9c022bedeb80dcd8/execute/async - {"script":"<script> [776 bytes]","args":[{"enterText":"1 - General / No capacity check","selector":{"id":"createOrganizationPop--binTypesCB","searchOpenDialogs":true,"interaction":{"idSuffix":"inner"}},"clearTextFirst":true,"interactionType":"ENTER_TEXT"}]}
RESULT: {"script":"<script> [776 bytes]","args":[{"enterText":"1 - General / No capacity check","selector":{"id":"createOrganizationPop--binTypesCB","searchOpenDialogs":true,"interaction":{"idSuffix":"inner"}},"clearTextFirst":true,"interactionType":"ENTER_TEXT"}]}
COMMAND: POST /session/c0099c8ef87d8f1a9c022bedeb80dcd8/execute/async - {"script":"<script> [1562 bytes]","args":[{"selector":{"id":"createOrganizationPop--capacityId","searchOpenDialogs":true,"interaction":{"idSuffix":"inner"}},"wdio_ui5_key":"createOrganizationPopcapacityId"}]}
RESULT: {"script":"<script> [1562 bytes]","args":[{"selector":{"id":"createOrganizationPop--capacityId","searchOpenDialogs":true,"interaction":{"idSuffix":"inner"}},"wdio_ui5_key":"createOrganizationPopcapacityId"}]}
RESULT: undefined
COMMAND: POST /session/c0099c8ef87d8f1a9c022bedeb80dcd8/actions - {"actions":[{"id":"action32","type":"key","parameters":{},"actions":[{"type":"keyDown","value":"î€‡"},{"type":"pause","duration":10},{"type":"keyUp","value":"î€‡"}]}]}
RESULT: {"actions":[{"id":"action32","type":"key","parameters":{},"actions":[{"type":"keyDown","value":"î€‡"},{"type":"pause","duration":10},{"type":"keyUp","value":"î€‡"}]}]}
COMMAND: GET /session/c0099c8ef87d8f1a9c022bedeb80dcd8/screenshot - {}
RESULT: {}
RESULT: undefined
COMMAND: POST /session/c0099c8ef87d8f1a9c022bedeb80dcd8/element - {"using":"xpath","value":"//*[@id=\"createOrganizationPop--finishBtn\"]"}
RESULT: {"using":"xpath","value":"//*[@id=\"createOrganizationPop--finishBtn\"]"}
COMMAND: POST /session/c0099c8ef87d8f1a9c022bedeb80dcd8/element/f.37E7500FB3BEF60B72C91044CCDB3F00.d.077FF41F3C22507755CB9A6894D066B7.e.8050/click - {}
RESULT: {}
COMMAND: POST /session/c0099c8ef87d8f1a9c022bedeb80dcd8/element - {"using":"css selector","value":"#shell-header-logo"}
COMMAND: GET /session/c0099c8ef87d8f1a9c022bedeb80dcd8/screenshot - {}
RESULT: {"using":"css selector","value":"#shell-header-logo"}
COMMAND: POST /session/c0099c8ef87d8f1a9c022bedeb80dcd8/element/f.37E7500FB3BEF60B72C91044CCDB3F00.d.077FF41F3C22507755CB9A6894D066B7.e.7908/click - {}
RESULT: {}
RESULT: {}
]]></system-out>
    </testcase>
  </testsuite>
  <testsuite timestamp="2025-05-02T16:54:59" time="474.95" tests="5" failures="0" errors="0" skipped="0">
    <properties>
      <property name="specId" value="0" />
      <property name="suiteName" value="Provide to Site w/ warehouse management wo clarification" />
      <property name="capabilities" value="chrome.135_0_7049_96.windows" />
      <property name="file" value="file:///D:/a/1/s/test/specs/HTR/provide-to-site-w-warehouse-wo-clarification.spec.js" />
    </properties>
    <testcase classname="chrome.135_0_7049_96.windows.Provide_to_Site_w/_warehouse_management_wo_clarification" name="Should do a stock increase handover" time="71.633">
      <system-out><![CDATA[
COMMAND: POST /session/c0099c8ef87d8f1a9c022bedeb80dcd8/execute/async - {"script":"<script> [1562 bytes]","args":[{"selector":{"controlType":"sap.m.GenericTile","properties":{"header":"Manage Handovers"}},"wdio_ui5_key":"sapm.GenericTile{\"header\":\"Manage Handovers\"}"}]}
COMMAND: GET /session/c0099c8ef87d8f1a9c022bedeb80dcd8/screenshot - {}
RESULT: {"script":"<script> [1562 bytes]","args":[{"selector":{"controlType":"sap.m.GenericTile","properties":{"header":"Manage Handovers"}},"wdio_ui5_key":"sapm.GenericTile{\"header\":\"Manage Handovers\"}"}]}
RESULT: undefined
COMMAND: POST /session/c0099c8ef87d8f1a9c022bedeb80dcd8/element - {"using":"xpath","value":"//*[@id=\"__tile131\"]"}
RESULT: {}
RESULT: {"using":"xpath","value":"//*[@id=\"__tile131\"]"}
COMMAND: POST /session/c0099c8ef87d8f1a9c022bedeb80dcd8/element/f.37E7500FB3BEF60B72C91044CCDB3F00.d.077FF41F3C22507755CB9A6894D066B7.e.8055/click - {}
RESULT: {}
COMMAND: GET /session/c0099c8ef87d8f1a9c022bedeb80dcd8/screenshot - {}
COMMAND: POST /session/c0099c8ef87d8f1a9c022bedeb80dcd8/element - {"using":"xpath","value":"//button[(@data-kt = 'masterHOAddButton')]"}
RESULT: {}
RESULT: {"using":"xpath","value":"//button[(@data-kt = 'masterHOAddButton')]"}
COMMAND: POST /session/c0099c8ef87d8f1a9c022bedeb80dcd8/elements - {"using":"xpath","value":"//button[(@data-kt = 'masterHOAddButton')]"}
RESULT: {"using":"xpath","value":"//button[(@data-kt = 'masterHOAddButton')]"}
COMMAND: POST /session/c0099c8ef87d8f1a9c022bedeb80dcd8/elements - {"using":"xpath","value":"//button[(@data-kt = 'masterHOAddButton')]"}
RESULT: {"using":"xpath","value":"//button[(@data-kt = 'masterHOAddButton')]"}
COMMAND: POST /session/c0099c8ef87d8f1a9c022bedeb80dcd8/element - {"using":"xpath","value":"//button[(@data-kt = 'masterHOAddButton')]"}
RESULT: {"using":"xpath","value":"//button[(@data-kt = 'masterHOAddButton')]"}
COMMAND: POST /session/c0099c8ef87d8f1a9c022bedeb80dcd8/element/f.37E7500FB3BEF60B72C91044CCDB3F00.d.077FF41F3C22507755CB9A6894D066B7.e.8082/click - {}
RESULT: {}
COMMAND: POST /session/c0099c8ef87d8f1a9c022bedeb80dcd8/element - {"using":"css selector","value":"span[id=\"application-managehandovers-display-component---AddNewHO--typeSelect-label\"]"}
COMMAND: GET /session/c0099c8ef87d8f1a9c022bedeb80dcd8/screenshot - {}
RESULT: {"using":"css selector","value":"span[id=\"application-managehandovers-display-component---AddNewHO--typeSelect-label\"]"}
COMMAND: POST /session/c0099c8ef87d8f1a9c022bedeb80dcd8/elements - {"using":"css selector","value":"span[id=\"application-managehandovers-display-component---AddNewHO--typeSelect-label\"]"}
RESULT: {}
RESULT: {"using":"css selector","value":"span[id=\"application-managehandovers-display-component---AddNewHO--typeSelect-label\"]"}
COMMAND: POST /session/c0099c8ef87d8f1a9c022bedeb80dcd8/element - {"using":"css selector","value":"span[id=\"application-managehandovers-display-component---AddNewHO--typeSelect-label\"]"}
RESULT: {"using":"css selector","value":"span[id=\"application-managehandovers-display-component---AddNewHO--typeSelect-label\"]"}
COMMAND: POST /session/c0099c8ef87d8f1a9c022bedeb80dcd8/element/f.37E7500FB3BEF60B72C91044CCDB3F00.d.077FF41F3C22507755CB9A6894D066B7.e.8389/click - {}
RESULT: {}
COMMAND: POST /session/c0099c8ef87d8f1a9c022bedeb80dcd8/element - {"using":"css selector","value":"#application-managehandovers-display-component---AddNewHO--oneStep-CB"}
COMMAND: GET /session/c0099c8ef87d8f1a9c022bedeb80dcd8/screenshot - {}
RESULT: {"using":"css selector","value":"#application-managehandovers-display-component---AddNewHO--oneStep-CB"}
COMMAND: GET /session/c0099c8ef87d8f1a9c022bedeb80dcd8/element/f.37E7500FB3BEF60B72C91044CCDB3F00.d.077FF41F3C22507755CB9A6894D066B7.e.8334/selected - {}
RESULT: {}
RESULT: {}
COMMAND: POST /session/c0099c8ef87d8f1a9c022bedeb80dcd8/element - {"using":"xpath","value":"//li[contains(text(), \"stock increase yard\")]"}
COMMAND: GET /session/c0099c8ef87d8f1a9c022bedeb80dcd8/screenshot - {}
RESULT: {"using":"xpath","value":"//li[contains(text(), \"stock increase yard\")]"}
COMMAND: POST /session/c0099c8ef87d8f1a9c022bedeb80dcd8/element/f.37E7500FB3BEF60B72C91044CCDB3F00.d.077FF41F3C22507755CB9A6894D066B7.e.8390/click - {}
RESULT: {}
RESULT: {}
COMMAND: GET /session/c0099c8ef87d8f1a9c022bedeb80dcd8/screenshot - {}
RESULT: {}
COMMAND: POST /session/c0099c8ef87d8f1a9c022bedeb80dcd8/element - {"using":"css selector","value":"input[id=\"generalSectionFrg--receiveYard-inner\"]"}
RESULT: {"using":"css selector","value":"input[id=\"generalSectionFrg--receiveYard-inner\"]"}
COMMAND: POST /session/c0099c8ef87d8f1a9c022bedeb80dcd8/element/f.37E7500FB3BEF60B72C91044CCDB3F00.d.077FF41F3C22507755CB9A6894D066B7.e.8398/clear - {}
RESULT: {}
COMMAND: POST /session/c0099c8ef87d8f1a9c022bedeb80dcd8/element/f.37E7500FB3BEF60B72C91044CCDB3F00.d.077FF41F3C22507755CB9A6894D066B7.e.8398/value - {"text":"508"}
COMMAND: GET /session/c0099c8ef87d8f1a9c022bedeb80dcd8/screenshot - {}
RESULT: {"text":"508"}
COMMAND: GET /session/c0099c8ef87d8f1a9c022bedeb80dcd8/screenshot - {}
RESULT: {}
RESULT: {}
COMMAND: POST /session/c0099c8ef87d8f1a9c022bedeb80dcd8/element - {"using":"css selector","value":"#application-managehandovers-display-component---AddNewHO--dueDate-inner"}
RESULT: {"using":"css selector","value":"#application-managehandovers-display-component---AddNewHO--dueDate-inner"}
COMMAND: POST /session/c0099c8ef87d8f1a9c022bedeb80dcd8/element/f.37E7500FB3BEF60B72C91044CCDB3F00.d.077FF41F3C22507755CB9A6894D066B7.e.8392/clear - {}
RESULT: {}
COMMAND: POST /session/c0099c8ef87d8f1a9c022bedeb80dcd8/element/f.37E7500FB3BEF60B72C91044CCDB3F00.d.077FF41F3C22507755CB9A6894D066B7.e.8392/value - {"text":"5/2/25"}
COMMAND: GET /session/c0099c8ef87d8f1a9c022bedeb80dcd8/screenshot - {}
RESULT: {"text":"5/2/25"}
COMMAND: GET /session/c0099c8ef87d8f1a9c022bedeb80dcd8/screenshot - {}
RESULT: {}
RESULT: {}
COMMAND: POST /session/c0099c8ef87d8f1a9c022bedeb80dcd8/element - {"using":"xpath","value":"//bdi[(text() = 'Items' or . = 'Items')]"}
RESULT: {"using":"xpath","value":"//bdi[(text() = 'Items' or . = 'Items')]"}
COMMAND: POST /session/c0099c8ef87d8f1a9c022bedeb80dcd8/element/f.37E7500FB3BEF60B72C91044CCDB3F00.d.077FF41F3C22507755CB9A6894D066B7.e.8415/click - {}
RESULT: {}
COMMAND: GET /session/c0099c8ef87d8f1a9c022bedeb80dcd8/screenshot - {}
RESULT: {}
COMMAND: POST /session/c0099c8ef87d8f1a9c022bedeb80dcd8/element - {"using":"xpath","value":"//button[@aria-label=\"Add\"]"}
RESULT: {"using":"xpath","value":"//button[@aria-label=\"Add\"]"}
COMMAND: POST /session/c0099c8ef87d8f1a9c022bedeb80dcd8/element/f.37E7500FB3BEF60B72C91044CCDB3F00.d.077FF41F3C22507755CB9A6894D066B7.e.8420/click - {}
RESULT: {}
COMMAND: GET /session/c0099c8ef87d8f1a9c022bedeb80dcd8/screenshot - {}
RESULT: {}
COMMAND: POST /session/c0099c8ef87d8f1a9c022bedeb80dcd8/element - {"using":"css selector","value":"input[id= \"application-managehandovers-display-component---AddNewHO--smartFilterBar-btnBasicSearch-I\"]"}
RESULT: {"using":"css selector","value":"input[id= \"application-managehandovers-display-component---AddNewHO--smartFilterBar-btnBasicSearch-I\"]"}
COMMAND: POST /session/c0099c8ef87d8f1a9c022bedeb80dcd8/element/f.37E7500FB3BEF60B72C91044CCDB3F00.d.077FF41F3C22507755CB9A6894D066B7.e.8423/clear - {}
RESULT: {}
COMMAND: POST /session/c0099c8ef87d8f1a9c022bedeb80dcd8/element/f.37E7500FB3BEF60B72C91044CCDB3F00.d.077FF41F3C22507755CB9A6894D066B7.e.8423/value - {"text":"200279"}
COMMAND: GET /session/c0099c8ef87d8f1a9c022bedeb80dcd8/screenshot - {}
RESULT: {"text":"200279"}
COMMAND: POST /session/c0099c8ef87d8f1a9c022bedeb80dcd8/actions - {"actions":[{"id":"action33","type":"key","parameters":{},"actions":[{"type":"keyDown","value":"î€‡"},{"type":"pause","duration":10},{"type":"keyUp","value":"î€‡"}]}]}
COMMAND: GET /session/c0099c8ef87d8f1a9c022bedeb80dcd8/screenshot - {}
RESULT: {}
RESULT: {"actions":[{"id":"action33","type":"key","parameters":{},"actions":[{"type":"keyDown","value":"î€‡"},{"type":"pause","duration":10},{"type":"keyUp","value":"î€‡"}]}]}
COMMAND: POST /session/c0099c8ef87d8f1a9c022bedeb80dcd8/element - {"using":"css selector","value":"div[id= \"application-managehandovers-display-component---AddNewHO--smartFilterBar-btnBasicSearch-search\"]"}
COMMAND: GET /session/c0099c8ef87d8f1a9c022bedeb80dcd8/screenshot - {}
RESULT: {}
RESULT: {"using":"css selector","value":"div[id= \"application-managehandovers-display-component---AddNewHO--smartFilterBar-btnBasicSearch-search\"]"}
COMMAND: POST /session/c0099c8ef87d8f1a9c022bedeb80dcd8/element/f.37E7500FB3BEF60B72C91044CCDB3F00.d.077FF41F3C22507755CB9A6894D066B7.e.8572/click - {}
RESULT: {}
RESULT: {}
COMMAND: GET /session/c0099c8ef87d8f1a9c022bedeb80dcd8/screenshot - {}
RESULT: {}
COMMAND: POST /session/c0099c8ef87d8f1a9c022bedeb80dcd8/element - {"using":"css selector","value":"div[id= \"application-managehandovers-display-component---AddNewHO--popup-sa-CbBg\"]"}
RESULT: {"using":"css selector","value":"div[id= \"application-managehandovers-display-component---AddNewHO--popup-sa-CbBg\"]"}
COMMAND: POST /session/c0099c8ef87d8f1a9c022bedeb80dcd8/element/f.37E7500FB3BEF60B72C91044CCDB3F00.d.077FF41F3C22507755CB9A6894D066B7.e.8573/click - {}
RESULT: {}
COMMAND: POST /session/c0099c8ef87d8f1a9c022bedeb80dcd8/element - {"using":"xpath","value":"//bdi[(text() = 'Select' or . = 'Select')]"}
COMMAND: GET /session/c0099c8ef87d8f1a9c022bedeb80dcd8/screenshot - {}
RESULT: {"using":"xpath","value":"//bdi[(text() = 'Select' or . = 'Select')]"}
COMMAND: POST /session/c0099c8ef87d8f1a9c022bedeb80dcd8/element/f.37E7500FB3BEF60B72C91044CCDB3F00.d.077FF41F3C22507755CB9A6894D066B7.e.8574/click - {}
RESULT: {}
RESULT: {}
COMMAND: GET /session/c0099c8ef87d8f1a9c022bedeb80dcd8/screenshot - {}
RESULT: {}
COMMAND: POST /session/c0099c8ef87d8f1a9c022bedeb80dcd8/element - {"using":"xpath","value":"//bdi[(text() = 'Save' or . = 'Save')]"}
RESULT: {"using":"xpath","value":"//bdi[(text() = 'Save' or . = 'Save')]"}
COMMAND: POST /session/c0099c8ef87d8f1a9c022bedeb80dcd8/element/f.37E7500FB3BEF60B72C91044CCDB3F00.d.077FF41F3C22507755CB9A6894D066B7.e.8578/click - {}
RESULT: {}
COMMAND: GET /session/c0099c8ef87d8f1a9c022bedeb80dcd8/screenshot - {}
RESULT: {}
COMMAND: POST /session/c0099c8ef87d8f1a9c022bedeb80dcd8/element - {"using":"xpath","value":"//input[contains(@id ,\"receiptDatePicker-inner\")]"}
RESULT: {"using":"xpath","value":"//input[contains(@id ,\"receiptDatePicker-inner\")]"}
COMMAND: POST /session/c0099c8ef87d8f1a9c022bedeb80dcd8/element/f.37E7500FB3BEF60B72C91044CCDB3F00.d.077FF41F3C22507755CB9A6894D066B7.e.8607/click - {}
RESULT: {}
COMMAND: POST /session/c0099c8ef87d8f1a9c022bedeb80dcd8/element - {"using":"xpath","value":"//input[contains(@id ,\"receiptDatePicker-inner\")]"}
COMMAND: GET /session/c0099c8ef87d8f1a9c022bedeb80dcd8/screenshot - {}
RESULT: {"using":"xpath","value":"//input[contains(@id ,\"receiptDatePicker-inner\")]"}
COMMAND: POST /session/c0099c8ef87d8f1a9c022bedeb80dcd8/element/f.37E7500FB3BEF60B72C91044CCDB3F00.d.077FF41F3C22507755CB9A6894D066B7.e.8607/clear - {}
RESULT: {}
RESULT: {}
COMMAND: POST /session/c0099c8ef87d8f1a9c022bedeb80dcd8/element/f.37E7500FB3BEF60B72C91044CCDB3F00.d.077FF41F3C22507755CB9A6894D066B7.e.8607/value - {"text":"5/2/25"}
COMMAND: GET /session/c0099c8ef87d8f1a9c022bedeb80dcd8/screenshot - {}
RESULT: {"text":"5/2/25"}
COMMAND: GET /session/c0099c8ef87d8f1a9c022bedeb80dcd8/screenshot - {}
RESULT: {}
RESULT: {}
COMMAND: POST /session/c0099c8ef87d8f1a9c022bedeb80dcd8/execute/async - {"script":"<script> [1562 bytes]","args":[{"selector":{"id":"administrationTabFilter","viewName":"etm.portal.ui.managehandovers.view.DetailExecuteHO","interaction":{"idSuffix":"text"}},"wdio_ui5_key":"administrationTabFilteretmportal.ui.managehandovers.view.DetailExecuteHO"}]}
RESULT: {"script":"<script> [1562 bytes]","args":[{"selector":{"id":"administrationTabFilter","viewName":"etm.portal.ui.managehandovers.view.DetailExecuteHO","interaction":{"idSuffix":"text"}},"wdio_ui5_key":"administrationTabFilteretmportal.ui.managehandovers.view.DetailExecuteHO"}]}
RESULT: undefined
COMMAND: POST /session/c0099c8ef87d8f1a9c022bedeb80dcd8/element - {"using":"xpath","value":"//*[@id=\"__xmlview61--administrationTabFilter\"]"}
RESULT: {"using":"xpath","value":"//*[@id=\"__xmlview61--administrationTabFilter\"]"}
COMMAND: POST /session/c0099c8ef87d8f1a9c022bedeb80dcd8/element/f.37E7500FB3BEF60B72C91044CCDB3F00.d.077FF41F3C22507755CB9A6894D066B7.e.8626/click - {}
RESULT: {}
RESULT: undefined
COMMAND: POST /session/c0099c8ef87d8f1a9c022bedeb80dcd8/element - {"using":"xpath","value":"//*[@id=\"__xmlview61--administrationTabFilter\"]"}
COMMAND: GET /session/c0099c8ef87d8f1a9c022bedeb80dcd8/screenshot - {}
RESULT: {"using":"xpath","value":"//*[@id=\"__xmlview61--administrationTabFilter\"]"}
COMMAND: POST /session/c0099c8ef87d8f1a9c022bedeb80dcd8/element/f.37E7500FB3BEF60B72C91044CCDB3F00.d.077FF41F3C22507755CB9A6894D066B7.e.8626/click - {}
RESULT: {}
RESULT: {}
COMMAND: GET /session/c0099c8ef87d8f1a9c022bedeb80dcd8/screenshot - {}
RESULT: {}
COMMAND: POST /session/c0099c8ef87d8f1a9c022bedeb80dcd8/element - {"using":"xpath","value":"//bdi[(text() = 'Confirm' or . = 'Confirm')]"}
RESULT: {"using":"xpath","value":"//bdi[(text() = 'Confirm' or . = 'Confirm')]"}
COMMAND: POST /session/c0099c8ef87d8f1a9c022bedeb80dcd8/element/f.37E7500FB3BEF60B72C91044CCDB3F00.d.077FF41F3C22507755CB9A6894D066B7.e.8634/click - {}
RESULT: {}
COMMAND: GET /session/c0099c8ef87d8f1a9c022bedeb80dcd8/screenshot - {}
RESULT: {}
COMMAND: POST /session/c0099c8ef87d8f1a9c022bedeb80dcd8/execute/async - {"script":"<script> [1562 bytes]","args":[{"selector":{"id":"confirmationButton","viewName":"etm.portal.ui.managehandovers.view.DetailExecuteHO","interaction":{"idSuffix":"BDI-content"}},"wdio_ui5_key":"confirmationButtonetmportal.ui.managehandovers.view.DetailExecuteHO"}]}
RESULT: {"script":"<script> [1562 bytes]","args":[{"selector":{"id":"confirmationButton","viewName":"etm.portal.ui.managehandovers.view.DetailExecuteHO","interaction":{"idSuffix":"BDI-content"}},"wdio_ui5_key":"confirmationButtonetmportal.ui.managehandovers.view.DetailExecuteHO"}]}
RESULT: undefined
COMMAND: POST /session/c0099c8ef87d8f1a9c022bedeb80dcd8/element - {"using":"xpath","value":"(//*[text()='Receive'])[2]"}
RESULT: {"using":"xpath","value":"(//*[text()='Receive'])[2]"}
COMMAND: GET /session/c0099c8ef87d8f1a9c022bedeb80dcd8/element/f.37E7500FB3BEF60B72C91044CCDB3F00.d.077FF41F3C22507755CB9A6894D066B7.e.8638/enabled - {}
RESULT: {}
COMMAND: POST /session/c0099c8ef87d8f1a9c022bedeb80dcd8/execute/sync - {"script":"<script> [8489 bytes]","args":[{"element-6066-11e4-a52e-4f735466cecf":"f.37E7500FB3BEF60B72C91044CCDB3F00.d.077FF41F3C22507755CB9A6894D066B7.e.8638","ELEMENT":"f.37E7500FB3BEF60B72C91044CCDB3F00.d.077FF41F3C22507755CB9A6894D066B7.e.8638"}]}
COMMAND: GET /session/c0099c8ef87d8f1a9c022bedeb80dcd8/screenshot - {}
RESULT: {"script":"<script> [8489 bytes]","args":[{"element-6066-11e4-a52e-4f735466cecf":"f.37E7500FB3BEF60B72C91044CCDB3F00.d.077FF41F3C22507755CB9A6894D066B7.e.8638","ELEMENT":"f.37E7500FB3BEF60B72C91044CCDB3F00.d.077FF41F3C22507755CB9A6894D066B7.e.8638"}]}
COMMAND: POST /session/c0099c8ef87d8f1a9c022bedeb80dcd8/execute/sync - {"script":"<script> [5351 bytes]","args":[{"element-6066-11e4-a52e-4f735466cecf":"f.37E7500FB3BEF60B72C91044CCDB3F00.d.077FF41F3C22507755CB9A6894D066B7.e.8638","ELEMENT":"f.37E7500FB3BEF60B72C91044CCDB3F00.d.077FF41F3C22507755CB9A6894D066B7.e.8638"}]}
COMMAND: GET /session/c0099c8ef87d8f1a9c022bedeb80dcd8/screenshot - {}
RESULT: {}
RESULT: {"script":"<script> [5351 bytes]","args":[{"element-6066-11e4-a52e-4f735466cecf":"f.37E7500FB3BEF60B72C91044CCDB3F00.d.077FF41F3C22507755CB9A6894D066B7.e.8638","ELEMENT":"f.37E7500FB3BEF60B72C91044CCDB3F00.d.077FF41F3C22507755CB9A6894D066B7.e.8638"}]}
COMMAND: POST /session/c0099c8ef87d8f1a9c022bedeb80dcd8/element/f.37E7500FB3BEF60B72C91044CCDB3F00.d.077FF41F3C22507755CB9A6894D066B7.e.8638/click - {}
COMMAND: GET /session/c0099c8ef87d8f1a9c022bedeb80dcd8/screenshot - {}
RESULT: {}
RESULT: {}
COMMAND: GET /session/c0099c8ef87d8f1a9c022bedeb80dcd8/screenshot - {}
RESULT: {}
RESULT: {}
COMMAND: POST /session/c0099c8ef87d8f1a9c022bedeb80dcd8/element - {"using":"css selector","value":"#shell-header-logo"}
RESULT: {"using":"css selector","value":"#shell-header-logo"}
COMMAND: POST /session/c0099c8ef87d8f1a9c022bedeb80dcd8/element/f.37E7500FB3BEF60B72C91044CCDB3F00.d.077FF41F3C22507755CB9A6894D066B7.e.8057/click - {}
RESULT: {}
COMMAND: GET /session/c0099c8ef87d8f1a9c022bedeb80dcd8/screenshot - {}
RESULT: {}
]]></system-out>
    </testcase>
    <testcase classname="chrome.135_0_7049_96.windows.Provide_to_Site_w/_warehouse_management_wo_clarification" name="Should create a new contract" time="55.678">
      <system-out><![CDATA[
COMMAND: POST /session/c0099c8ef87d8f1a9c022bedeb80dcd8/execute/async - {"script":"<script> [1562 bytes]","args":[{"selector":{"controlType":"sap.m.GenericTile","properties":{"header":"Manage Contracts"}},"wdio_ui5_key":"sapm.GenericTile{\"header\":\"Manage Contracts\"}"}]}
RESULT: {"script":"<script> [1562 bytes]","args":[{"selector":{"controlType":"sap.m.GenericTile","properties":{"header":"Manage Contracts"}},"wdio_ui5_key":"sapm.GenericTile{\"header\":\"Manage Contracts\"}"}]}
RESULT: undefined
COMMAND: POST /session/c0099c8ef87d8f1a9c022bedeb80dcd8/element - {"using":"xpath","value":"//*[@id=\"__tile130\"]"}
RESULT: {"using":"xpath","value":"//*[@id=\"__tile130\"]"}
COMMAND: POST /session/c0099c8ef87d8f1a9c022bedeb80dcd8/element/f.37E7500FB3BEF60B72C91044CCDB3F00.d.077FF41F3C22507755CB9A6894D066B7.e.8790/click - {}
RESULT: {}
COMMAND: GET /session/c0099c8ef87d8f1a9c022bedeb80dcd8/screenshot - {}
RESULT: {}
COMMAND: POST /session/c0099c8ef87d8f1a9c022bedeb80dcd8/execute/async - {"script":"<script> [1562 bytes]","args":[{"selector":{"controlType":"sap.ui.core.Icon","viewName":"etm.portal.ui.managecontracts.view.Master","properties":{"src":{"regex":{"source":"add"}}}},"wdio_ui5_key":"etmportal.ui.managecontracts.view.Mastersap.ui.core.Icon{\"src\":{\"regex\":{\"source\":\"add\"}}}"}]}
RESULT: {"script":"<script> [1562 bytes]","args":[{"selector":{"controlType":"sap.ui.core.Icon","viewName":"etm.portal.ui.managecontracts.view.Master","properties":{"src":{"regex":{"source":"add"}}}},"wdio_ui5_key":"etmportal.ui.managecontracts.view.Mastersap.ui.core.Icon{\"src\":{\"regex\":{\"source\":\"add\"}}}"}]}
RESULT: undefined
COMMAND: POST /session/c0099c8ef87d8f1a9c022bedeb80dcd8/element - {"using":"xpath","value":"//*[@id=\"__button303-img\"]"}
RESULT: {"using":"xpath","value":"//*[@id=\"__button303-img\"]"}
COMMAND: POST /session/c0099c8ef87d8f1a9c022bedeb80dcd8/element/f.37E7500FB3BEF60B72C91044CCDB3F00.d.077FF41F3C22507755CB9A6894D066B7.e.8880/click - {}
RESULT: {}
COMMAND: POST /session/c0099c8ef87d8f1a9c022bedeb80dcd8/execute/async - {"script":"<script> [1562 bytes]","args":[{"selector":{"id":"application-managecontracts-display-component---AddNewContract--projectDescription","interaction":{"idSuffix":"inner"}},"wdio_ui5_key":"applicationmanagecontracts-display-component---AddNewContract--projectDescription"}]}
COMMAND: GET /session/c0099c8ef87d8f1a9c022bedeb80dcd8/screenshot - {}
RESULT: {"script":"<script> [1562 bytes]","args":[{"selector":{"id":"application-managecontracts-display-component---AddNewContract--projectDescription","interaction":{"idSuffix":"inner"}},"wdio_ui5_key":"applicationmanagecontracts-display-component---AddNewContract--projectDescription"}]}
RESULT: undefined
COMMAND: POST /session/c0099c8ef87d8f1a9c022bedeb80dcd8/execute/async - {"script":"<script> [776 bytes]","args":[{"enterText":"wdi5 contract for billing","selector":{"id":"application-managecontracts-display-component---AddNewContract--projectDescription","interaction":{"idSuffix":"inner"}},"clearTextFirst":true,"interactionType":"ENTER_TEXT"}]}
RESULT: {}
RESULT: {"script":"<script> [776 bytes]","args":[{"enterText":"wdi5 contract for billing","selector":{"id":"application-managecontracts-display-component---AddNewContract--projectDescription","interaction":{"idSuffix":"inner"}},"clearTextFirst":true,"interactionType":"ENTER_TEXT"}]}
COMMAND: POST /session/c0099c8ef87d8f1a9c022bedeb80dcd8/element - {"using":"xpath","value":"//input[@id=\"application-managecontracts-display-component---AddNewContract--customerSelect-inner\"]"}
RESULT: {"using":"xpath","value":"//input[@id=\"application-managecontracts-display-component---AddNewContract--customerSelect-inner\"]"}
COMMAND: POST /session/c0099c8ef87d8f1a9c022bedeb80dcd8/element/f.37E7500FB3BEF60B72C91044CCDB3F00.d.077FF41F3C22507755CB9A6894D066B7.e.9110/clear - {}
RESULT: {}
COMMAND: POST /session/c0099c8ef87d8f1a9c022bedeb80dcd8/element/f.37E7500FB3BEF60B72C91044CCDB3F00.d.077FF41F3C22507755CB9A6894D066B7.e.9110/value - {"text":"1381"}
COMMAND: GET /session/c0099c8ef87d8f1a9c022bedeb80dcd8/screenshot - {}
RESULT: {"text":"1381"}
COMMAND: GET /session/c0099c8ef87d8f1a9c022bedeb80dcd8/screenshot - {}
RESULT: {}
RESULT: {}
COMMAND: POST /session/c0099c8ef87d8f1a9c022bedeb80dcd8/actions - {"actions":[{"id":"action34","type":"key","parameters":{},"actions":[{"type":"keyDown","value":"î€‡"},{"type":"pause","duration":10},{"type":"keyUp","value":"î€‡"}]}]}
RESULT: {"actions":[{"id":"action34","type":"key","parameters":{},"actions":[{"type":"keyDown","value":"î€‡"},{"type":"pause","duration":10},{"type":"keyUp","value":"î€‡"}]}]}
COMMAND: POST /session/c0099c8ef87d8f1a9c022bedeb80dcd8/element - {"using":"xpath","value":"//input[@id=\"application-managecontracts-display-component---AddNewContract--site-inner\"]"}
COMMAND: GET /session/c0099c8ef87d8f1a9c022bedeb80dcd8/screenshot - {}
RESULT: {"using":"xpath","value":"//input[@id=\"application-managecontracts-display-component---AddNewContract--site-inner\"]"}
COMMAND: POST /session/c0099c8ef87d8f1a9c022bedeb80dcd8/element/f.37E7500FB3BEF60B72C91044CCDB3F00.d.077FF41F3C22507755CB9A6894D066B7.e.9111/clear - {}
RESULT: {}
RESULT: {}
COMMAND: POST /session/c0099c8ef87d8f1a9c022bedeb80dcd8/element/f.37E7500FB3BEF60B72C91044CCDB3F00.d.077FF41F3C22507755CB9A6894D066B7.e.9111/value - {"text":"2343"}
COMMAND: GET /session/c0099c8ef87d8f1a9c022bedeb80dcd8/screenshot - {}
RESULT: {"text":"2343"}
COMMAND: GET /session/c0099c8ef87d8f1a9c022bedeb80dcd8/screenshot - {}
RESULT: {}
RESULT: {}
COMMAND: POST /session/c0099c8ef87d8f1a9c022bedeb80dcd8/actions - {"actions":[{"id":"action35","type":"key","parameters":{},"actions":[{"type":"keyDown","value":"î€‡"},{"type":"pause","duration":10},{"type":"keyUp","value":"î€‡"}]}]}
RESULT: {"actions":[{"id":"action35","type":"key","parameters":{},"actions":[{"type":"keyDown","value":"î€‡"},{"type":"pause","duration":10},{"type":"keyUp","value":"î€‡"}]}]}
COMMAND: POST /session/c0099c8ef87d8f1a9c022bedeb80dcd8/execute/async - {"script":"<script> [1562 bytes]","args":[{"selector":{"id":"application-managecontracts-display-component---AddNewContract--calendarInput","interaction":{"idSuffix":"inner"}},"wdio_ui5_key":"applicationmanagecontracts-display-component---AddNewContract--calendarInput"}]}
COMMAND: GET /session/c0099c8ef87d8f1a9c022bedeb80dcd8/screenshot - {}
RESULT: {"script":"<script> [1562 bytes]","args":[{"selector":{"id":"application-managecontracts-display-component---AddNewContract--calendarInput","interaction":{"idSuffix":"inner"}},"wdio_ui5_key":"applicationmanagecontracts-display-component---AddNewContract--calendarInput"}]}
RESULT: undefined
COMMAND: POST /session/c0099c8ef87d8f1a9c022bedeb80dcd8/execute/async - {"script":"<script> [776 bytes]","args":[{"enterText":"1 - Calendar unit test patch","selector":{"id":"application-managecontracts-display-component---AddNewContract--calendarInput","interaction":{"idSuffix":"inner"}},"clearTextFirst":true,"interactionType":"ENTER_TEXT"}]}
RESULT: {}
RESULT: {"script":"<script> [776 bytes]","args":[{"enterText":"1 - Calendar unit test patch","selector":{"id":"application-managecontracts-display-component---AddNewContract--calendarInput","interaction":{"idSuffix":"inner"}},"clearTextFirst":true,"interactionType":"ENTER_TEXT"}]}
COMMAND: POST /session/c0099c8ef87d8f1a9c022bedeb80dcd8/actions - {"actions":[{"id":"action36","type":"key","parameters":{},"actions":[{"type":"keyDown","value":"î€‡"},{"type":"pause","duration":10},{"type":"keyUp","value":"î€‡"}]}]}
RESULT: {"actions":[{"id":"action36","type":"key","parameters":{},"actions":[{"type":"keyDown","value":"î€‡"},{"type":"pause","duration":10},{"type":"keyUp","value":"î€‡"}]}]}
COMMAND: POST /session/c0099c8ef87d8f1a9c022bedeb80dcd8/execute/async - {"script":"<script> [1562 bytes]","args":[{"selector":{"id":"application-managecontracts-display-component---AddNewContract--languageCB","interaction":{"idSuffix":"inner"}},"wdio_ui5_key":"applicationmanagecontracts-display-component---AddNewContract--languageCB"}]}
COMMAND: GET /session/c0099c8ef87d8f1a9c022bedeb80dcd8/screenshot - {}
RESULT: {"script":"<script> [1562 bytes]","args":[{"selector":{"id":"application-managecontracts-display-component---AddNewContract--languageCB","interaction":{"idSuffix":"inner"}},"wdio_ui5_key":"applicationmanagecontracts-display-component---AddNewContract--languageCB"}]}
RESULT: undefined
COMMAND: POST /session/c0099c8ef87d8f1a9c022bedeb80dcd8/execute/async - {"script":"<script> [776 bytes]","args":[{"enterText":"EN - English","selector":{"id":"application-managecontracts-display-component---AddNewContract--languageCB","interaction":{"idSuffix":"inner"}},"clearTextFirst":true,"interactionType":"ENTER_TEXT"}]}
RESULT: {}
RESULT: {"script":"<script> [776 bytes]","args":[{"enterText":"EN - English","selector":{"id":"application-managecontracts-display-component---AddNewContract--languageCB","interaction":{"idSuffix":"inner"}},"clearTextFirst":true,"interactionType":"ENTER_TEXT"}]}
COMMAND: POST /session/c0099c8ef87d8f1a9c022bedeb80dcd8/actions - {"actions":[{"id":"action37","type":"key","parameters":{},"actions":[{"type":"keyDown","value":"î€‡"},{"type":"pause","duration":10},{"type":"keyUp","value":"î€‡"}]}]}
RESULT: {"actions":[{"id":"action37","type":"key","parameters":{},"actions":[{"type":"keyDown","value":"î€‡"},{"type":"pause","duration":10},{"type":"keyUp","value":"î€‡"}]}]}
COMMAND: POST /session/c0099c8ef87d8f1a9c022bedeb80dcd8/execute/async - {"script":"<script> [1562 bytes]","args":[{"selector":{"id":"application-managecontracts-display-component---AddNewContract--saveBtn","interaction":{"idSuffix":"BDI-content"}},"wdio_ui5_key":"applicationmanagecontracts-display-component---AddNewContract--saveBtn"}]}
COMMAND: GET /session/c0099c8ef87d8f1a9c022bedeb80dcd8/screenshot - {}
RESULT: {"script":"<script> [1562 bytes]","args":[{"selector":{"id":"application-managecontracts-display-component---AddNewContract--saveBtn","interaction":{"idSuffix":"BDI-content"}},"wdio_ui5_key":"applicationmanagecontracts-display-component---AddNewContract--saveBtn"}]}
RESULT: undefined
COMMAND: POST /session/c0099c8ef87d8f1a9c022bedeb80dcd8/element - {"using":"xpath","value":"//*[@id=\"application-managecontracts-display-component---AddNewContract--saveBtn\"]"}
RESULT: {}
RESULT: {"using":"xpath","value":"//*[@id=\"application-managecontracts-display-component---AddNewContract--saveBtn\"]"}
COMMAND: POST /session/c0099c8ef87d8f1a9c022bedeb80dcd8/element/f.37E7500FB3BEF60B72C91044CCDB3F00.d.077FF41F3C22507755CB9A6894D066B7.e.9130/click - {}
RESULT: {}
COMMAND: GET /session/c0099c8ef87d8f1a9c022bedeb80dcd8/screenshot - {}
RESULT: {}
COMMAND: POST /session/c0099c8ef87d8f1a9c022bedeb80dcd8/execute/async - {"script":"<script> [1562 bytes]","args":[{"selector":{"id":"contractDetailTitleNoExpanded","viewName":"etm.portal.ui.managecontracts.view.Detail"},"wdio_ui5_key":"contractDetailTitleNoExpandedetmportal.ui.managecontracts.view.Detail"}]}
RESULT: {"script":"<script> [1562 bytes]","args":[{"selector":{"id":"contractDetailTitleNoExpanded","viewName":"etm.portal.ui.managecontracts.view.Detail"},"wdio_ui5_key":"contractDetailTitleNoExpandedetmportal.ui.managecontracts.view.Detail"}]}
RESULT: undefined
COMMAND: POST /session/c0099c8ef87d8f1a9c022bedeb80dcd8/execute/async - {"script":"<script> [6424 bytes]","args":[{"element-6066-11e4-a52e-4f735466cecf":"f.37E7500FB3BEF60B72C91044CCDB3F00.d.077FF41F3C22507755CB9A6894D066B7.e.9212"},"getText",[]]}
RESULT: {"script":"<script> [6424 bytes]","args":[{"element-6066-11e4-a52e-4f735466cecf":"f.37E7500FB3BEF60B72C91044CCDB3F00.d.077FF41F3C22507755CB9A6894D066B7.e.9212"},"getText",[]]}
]]></system-out>
    </testcase>
    <testcase classname="chrome.135_0_7049_96.windows.Provide_to_Site_w/_warehouse_management_wo_clarification" name="Should add resource to the contract" time="47.843">
      <system-out><![CDATA[
COMMAND: POST /session/c0099c8ef87d8f1a9c022bedeb80dcd8/execute/async - {"script":"<script> [1562 bytes]","args":[{"selector":{"id":"contractDetailEditBtn","viewName":"etm.portal.ui.managecontracts.view.Detail","interaction":{"idSuffix":"BDI-content"}},"wdio_ui5_key":"contractDetailEditBtnetmportal.ui.managecontracts.view.Detail"}]}
RESULT: {"script":"<script> [1562 bytes]","args":[{"selector":{"id":"contractDetailEditBtn","viewName":"etm.portal.ui.managecontracts.view.Detail","interaction":{"idSuffix":"BDI-content"}},"wdio_ui5_key":"contractDetailEditBtnetmportal.ui.managecontracts.view.Detail"}]}
RESULT: undefined
COMMAND: POST /session/c0099c8ef87d8f1a9c022bedeb80dcd8/element - {"using":"xpath","value":"//*[@id=\"__xmlview63--contractDetailEditBtn\"]"}
RESULT: {"using":"xpath","value":"//*[@id=\"__xmlview63--contractDetailEditBtn\"]"}
COMMAND: POST /session/c0099c8ef87d8f1a9c022bedeb80dcd8/element/f.37E7500FB3BEF60B72C91044CCDB3F00.d.077FF41F3C22507755CB9A6894D066B7.e.9214/click - {}
RESULT: {}
COMMAND: GET /session/c0099c8ef87d8f1a9c022bedeb80dcd8/screenshot - {}
RESULT: {}
COMMAND: POST /session/c0099c8ef87d8f1a9c022bedeb80dcd8/execute/async - {"script":"<script> [1562 bytes]","args":[{"selector":{"id":"additionalAddressesTabFilter","viewName":"etm.portal.ui.managecontracts.view.EditContract","interaction":{"idSuffix":"text"}},"wdio_ui5_key":"additionalAddressesTabFilteretmportal.ui.managecontracts.view.EditContract"}]}
RESULT: {"script":"<script> [1562 bytes]","args":[{"selector":{"id":"additionalAddressesTabFilter","viewName":"etm.portal.ui.managecontracts.view.EditContract","interaction":{"idSuffix":"text"}},"wdio_ui5_key":"additionalAddressesTabFilteretmportal.ui.managecontracts.view.EditContract"}]}
RESULT: undefined
COMMAND: POST /session/c0099c8ef87d8f1a9c022bedeb80dcd8/element - {"using":"xpath","value":"//*[@id=\"__xmlview64--additionalAddressesTabFilter\"]"}
RESULT: {"using":"xpath","value":"//*[@id=\"__xmlview64--additionalAddressesTabFilter\"]"}
COMMAND: POST /session/c0099c8ef87d8f1a9c022bedeb80dcd8/element/f.37E7500FB3BEF60B72C91044CCDB3F00.d.077FF41F3C22507755CB9A6894D066B7.e.9274/click - {}
RESULT: {}
RESULT: undefined
COMMAND: POST /session/c0099c8ef87d8f1a9c022bedeb80dcd8/element - {"using":"xpath","value":"//*[@id=\"__xmlview64--additionalAddressesTabFilter\"]"}
COMMAND: GET /session/c0099c8ef87d8f1a9c022bedeb80dcd8/screenshot - {}
RESULT: {"using":"xpath","value":"//*[@id=\"__xmlview64--additionalAddressesTabFilter\"]"}
COMMAND: POST /session/c0099c8ef87d8f1a9c022bedeb80dcd8/element/f.37E7500FB3BEF60B72C91044CCDB3F00.d.077FF41F3C22507755CB9A6894D066B7.e.9274/click - {}
RESULT: {}
RESULT: {}
COMMAND: POST /session/c0099c8ef87d8f1a9c022bedeb80dcd8/execute/async - {"script":"<script> [1562 bytes]","args":[{"selector":{"controlType":"sap.ui.core.Icon","viewName":"etm.portal.ui.managecontracts.view.EditContract","properties":{"src":{"regex":{"source":"add"}}}},"wdio_ui5_key":"etmportal.ui.managecontracts.view.EditContractsap.ui.core.Icon{\"src\":{\"regex\":{\"source\":\"add\"}}}"}]}
COMMAND: GET /session/c0099c8ef87d8f1a9c022bedeb80dcd8/screenshot - {}
RESULT: {"script":"<script> [1562 bytes]","args":[{"selector":{"controlType":"sap.ui.core.Icon","viewName":"etm.portal.ui.managecontracts.view.EditContract","properties":{"src":{"regex":{"source":"add"}}}},"wdio_ui5_key":"etmportal.ui.managecontracts.view.EditContractsap.ui.core.Icon{\"src\":{\"regex\":{\"source\":\"add\"}}}"}]}
RESULT: undefined
COMMAND: POST /session/c0099c8ef87d8f1a9c022bedeb80dcd8/element - {"using":"xpath","value":"//*[@id=\"__xmlview64--btnAddTableRow-img\"]"}
RESULT: {}
RESULT: {"using":"xpath","value":"//*[@id=\"__xmlview64--btnAddTableRow-img\"]"}
COMMAND: POST /session/c0099c8ef87d8f1a9c022bedeb80dcd8/element/f.37E7500FB3BEF60B72C91044CCDB3F00.d.077FF41F3C22507755CB9A6894D066B7.e.9277/click - {}
RESULT: {}
COMMAND: POST /session/c0099c8ef87d8f1a9c022bedeb80dcd8/element - {"using":"xpath","value":"//div[(text() = 'Standard Entry' or . = 'Standard Entry')]"}
COMMAND: GET /session/c0099c8ef87d8f1a9c022bedeb80dcd8/screenshot - {}
RESULT: {"using":"xpath","value":"//div[(text() = 'Standard Entry' or . = 'Standard Entry')]"}
COMMAND: POST /session/c0099c8ef87d8f1a9c022bedeb80dcd8/element/f.37E7500FB3BEF60B72C91044CCDB3F00.d.077FF41F3C22507755CB9A6894D066B7.e.9280/click - {}
RESULT: {}
RESULT: {}
COMMAND: POST /session/c0099c8ef87d8f1a9c022bedeb80dcd8/execute/async - {"script":"<script> [1562 bytes]","args":[{"selector":{"controlType":"sap.ui.core.Icon","viewName":"etm.portal.ui.managecontracts.view.EditContract","properties":{"src":{"regex":{"source":"inspect"}}}},"wdio_ui5_key":"etmportal.ui.managecontracts.view.EditContractsap.ui.core.Icon{\"src\":{\"regex\":{\"source\":\"inspect\"}}}"}]}
COMMAND: GET /session/c0099c8ef87d8f1a9c022bedeb80dcd8/screenshot - {}
RESULT: {"script":"<script> [1562 bytes]","args":[{"selector":{"controlType":"sap.ui.core.Icon","viewName":"etm.portal.ui.managecontracts.view.EditContract","properties":{"src":{"regex":{"source":"inspect"}}}},"wdio_ui5_key":"etmportal.ui.managecontracts.view.EditContractsap.ui.core.Icon{\"src\":{\"regex\":{\"source\":\"inspect\"}}}"}]}
RESULT: undefined
COMMAND: POST /session/c0099c8ef87d8f1a9c022bedeb80dcd8/element - {"using":"xpath","value":"//*[@id=\"__button329-img\"]"}
RESULT: {}
RESULT: {"using":"xpath","value":"//*[@id=\"__button329-img\"]"}
COMMAND: POST /session/c0099c8ef87d8f1a9c022bedeb80dcd8/element/f.37E7500FB3BEF60B72C91044CCDB3F00.d.077FF41F3C22507755CB9A6894D066B7.e.9292/click - {}
RESULT: {}
COMMAND: GET /session/c0099c8ef87d8f1a9c022bedeb80dcd8/screenshot - {}
RESULT: {}
COMMAND: POST /session/c0099c8ef87d8f1a9c022bedeb80dcd8/element - {"using":"xpath","value":"//td[6]/div/div/input[1]"}
RESULT: {"using":"xpath","value":"//td[6]/div/div/input[1]"}
COMMAND: POST /session/c0099c8ef87d8f1a9c022bedeb80dcd8/element/f.37E7500FB3BEF60B72C91044CCDB3F00.d.077FF41F3C22507755CB9A6894D066B7.e.9282/clear - {}
RESULT: {}
COMMAND: GET /session/c0099c8ef87d8f1a9c022bedeb80dcd8/screenshot - {}
RESULT: {}
COMMAND: POST /session/c0099c8ef87d8f1a9c022bedeb80dcd8/element - {"using":"xpath","value":"//td[6]/div/div/input[1]"}
RESULT: {"using":"xpath","value":"//td[6]/div/div/input[1]"}
COMMAND: POST /session/c0099c8ef87d8f1a9c022bedeb80dcd8/element/f.37E7500FB3BEF60B72C91044CCDB3F00.d.077FF41F3C22507755CB9A6894D066B7.e.9308/click - {}
RESULT: {}
COMMAND: POST /session/c0099c8ef87d8f1a9c022bedeb80dcd8/actions - {"actions":[{"id":"action38","type":"key","parameters":{},"actions":[{"type":"keyDown","value":"î€ƒ"},{"type":"pause","duration":10},{"type":"keyUp","value":"î€ƒ"}]}]}
COMMAND: GET /session/c0099c8ef87d8f1a9c022bedeb80dcd8/screenshot - {}
RESULT: {"actions":[{"id":"action38","type":"key","parameters":{},"actions":[{"type":"keyDown","value":"î€ƒ"},{"type":"pause","duration":10},{"type":"keyUp","value":"î€ƒ"}]}]}
COMMAND: POST /session/c0099c8ef87d8f1a9c022bedeb80dcd8/element - {"using":"xpath","value":"//td[6]/div/div/input[1]"}
COMMAND: GET /session/c0099c8ef87d8f1a9c022bedeb80dcd8/screenshot - {}
RESULT: {}
RESULT: {"using":"xpath","value":"//td[6]/div/div/input[1]"}
COMMAND: POST /session/c0099c8ef87d8f1a9c022bedeb80dcd8/element/f.37E7500FB3BEF60B72C91044CCDB3F00.d.077FF41F3C22507755CB9A6894D066B7.e.9308/clear - {}
RESULT: {}
RESULT: {}
COMMAND: POST /session/c0099c8ef87d8f1a9c022bedeb80dcd8/element/f.37E7500FB3BEF60B72C91044CCDB3F00.d.077FF41F3C22507755CB9A6894D066B7.e.9308/value - {"text":"Material"}
COMMAND: GET /session/c0099c8ef87d8f1a9c022bedeb80dcd8/screenshot - {}
RESULT: {"text":"Material"}
COMMAND: GET /session/c0099c8ef87d8f1a9c022bedeb80dcd8/screenshot - {}
RESULT: {}
RESULT: {}
COMMAND: POST /session/c0099c8ef87d8f1a9c022bedeb80dcd8/actions - {"actions":[{"id":"action39","type":"key","parameters":{},"actions":[{"type":"keyDown","value":"î€‡"},{"type":"pause","duration":10},{"type":"keyUp","value":"î€‡"}]}]}
RESULT: {"actions":[{"id":"action39","type":"key","parameters":{},"actions":[{"type":"keyDown","value":"î€‡"},{"type":"pause","duration":10},{"type":"keyUp","value":"î€‡"}]}]}
COMMAND: POST /session/c0099c8ef87d8f1a9c022bedeb80dcd8/element - {"using":"xpath","value":"//td[7]/div/div/input[1]"}
COMMAND: GET /session/c0099c8ef87d8f1a9c022bedeb80dcd8/screenshot - {}
RESULT: {"using":"xpath","value":"//td[7]/div/div/input[1]"}
COMMAND: POST /session/c0099c8ef87d8f1a9c022bedeb80dcd8/element/f.37E7500FB3BEF60B72C91044CCDB3F00.d.077FF41F3C22507755CB9A6894D066B7.e.9330/clear - {}
RESULT: {}
RESULT: {}
COMMAND: POST /session/c0099c8ef87d8f1a9c022bedeb80dcd8/element/f.37E7500FB3BEF60B72C91044CCDB3F00.d.077FF41F3C22507755CB9A6894D066B7.e.9330/value - {"text":"200279"}
COMMAND: GET /session/c0099c8ef87d8f1a9c022bedeb80dcd8/screenshot - {}
RESULT: {"text":"200279"}
COMMAND: GET /session/c0099c8ef87d8f1a9c022bedeb80dcd8/screenshot - {}
RESULT: {}
RESULT: {}
COMMAND: POST /session/c0099c8ef87d8f1a9c022bedeb80dcd8/actions - {"actions":[{"id":"action40","type":"key","parameters":{},"actions":[{"type":"keyDown","value":"î€‡"},{"type":"pause","duration":10},{"type":"keyUp","value":"î€‡"}]}]}
RESULT: {"actions":[{"id":"action40","type":"key","parameters":{},"actions":[{"type":"keyDown","value":"î€‡"},{"type":"pause","duration":10},{"type":"keyUp","value":"î€‡"}]}]}
COMMAND: POST /session/c0099c8ef87d8f1a9c022bedeb80dcd8/execute/async - {"script":"<script> [1562 bytes]","args":[{"selector":{"controlType":"sap.m.Button","properties":{"text":"OK"},"searchOpenDialogs":true,"interaction":{"idSuffix":"BDI-content"}},"wdio_ui5_key":"sapm.Button{\"text\":\"OK\"}"}]}
COMMAND: GET /session/c0099c8ef87d8f1a9c022bedeb80dcd8/screenshot - {}
RESULT: {"script":"<script> [1562 bytes]","args":[{"selector":{"controlType":"sap.m.Button","properties":{"text":"OK"},"searchOpenDialogs":true,"interaction":{"idSuffix":"BDI-content"}},"wdio_ui5_key":"sapm.Button{\"text\":\"OK\"}"}]}
RESULT: undefined
COMMAND: POST /session/c0099c8ef87d8f1a9c022bedeb80dcd8/element - {"using":"xpath","value":"//*[@id=\"__mbox-btn-1\"]"}
RESULT: {}
RESULT: {"using":"xpath","value":"//*[@id=\"__mbox-btn-1\"]"}
COMMAND: POST /session/c0099c8ef87d8f1a9c022bedeb80dcd8/element/f.37E7500FB3BEF60B72C91044CCDB3F00.d.077FF41F3C22507755CB9A6894D066B7.e.9351/click - {}
RESULT: {}
COMMAND: POST /session/c0099c8ef87d8f1a9c022bedeb80dcd8/execute/async - {"script":"<script> [1562 bytes]","args":[{"selector":{"id":"saveBtn","viewName":"etm.portal.ui.managecontracts.view.EditContract","interaction":{"idSuffix":"BDI-content"}},"wdio_ui5_key":"saveBtnetmportal.ui.managecontracts.view.EditContract"}]}
COMMAND: GET /session/c0099c8ef87d8f1a9c022bedeb80dcd8/screenshot - {}
RESULT: {"script":"<script> [1562 bytes]","args":[{"selector":{"id":"saveBtn","viewName":"etm.portal.ui.managecontracts.view.EditContract","interaction":{"idSuffix":"BDI-content"}},"wdio_ui5_key":"saveBtnetmportal.ui.managecontracts.view.EditContract"}]}
RESULT: undefined
COMMAND: POST /session/c0099c8ef87d8f1a9c022bedeb80dcd8/element - {"using":"xpath","value":"//*[@id=\"__xmlview64--saveBtn\"]"}
RESULT: {}
RESULT: {"using":"xpath","value":"//*[@id=\"__xmlview64--saveBtn\"]"}
COMMAND: POST /session/c0099c8ef87d8f1a9c022bedeb80dcd8/element/f.37E7500FB3BEF60B72C91044CCDB3F00.d.077FF41F3C22507755CB9A6894D066B7.e.9377/click - {}
RESULT: {}
COMMAND: GET /session/c0099c8ef87d8f1a9c022bedeb80dcd8/screenshot - {}
RESULT: {}
COMMAND: POST /session/c0099c8ef87d8f1a9c022bedeb80dcd8/execute/async - {"script":"<script> [1562 bytes]","args":[{"selector":{"id":"additionalAddressesTabFilter","viewName":"etm.portal.ui.managecontracts.view.Detail","interaction":{"idSuffix":"text"}},"wdio_ui5_key":"additionalAddressesTabFilteretmportal.ui.managecontracts.view.Detail"}]}
RESULT: {"script":"<script> [1562 bytes]","args":[{"selector":{"id":"additionalAddressesTabFilter","viewName":"etm.portal.ui.managecontracts.view.Detail","interaction":{"idSuffix":"text"}},"wdio_ui5_key":"additionalAddressesTabFilteretmportal.ui.managecontracts.view.Detail"}]}
RESULT: undefined
COMMAND: POST /session/c0099c8ef87d8f1a9c022bedeb80dcd8/element - {"using":"xpath","value":"//*[@id=\"__xmlview63--additionalAddressesTabFilter\"]"}
RESULT: {"using":"xpath","value":"//*[@id=\"__xmlview63--additionalAddressesTabFilter\"]"}
COMMAND: POST /session/c0099c8ef87d8f1a9c022bedeb80dcd8/element/f.37E7500FB3BEF60B72C91044CCDB3F00.d.077FF41F3C22507755CB9A6894D066B7.e.9381/click - {}
RESULT: {}
COMMAND: POST /session/c0099c8ef87d8f1a9c022bedeb80dcd8/execute/async - {"script":"<script> [1562 bytes]","args":[{"selector":{"id":"contractDetailProvideButton","viewName":"etm.portal.ui.managecontracts.view.Detail","interaction":{"idSuffix":"BDI-content"}},"wdio_ui5_key":"contractDetailProvideButtonetmportal.ui.managecontracts.view.Detail"}]}
COMMAND: GET /session/c0099c8ef87d8f1a9c022bedeb80dcd8/screenshot - {}
RESULT: {"script":"<script> [1562 bytes]","args":[{"selector":{"id":"contractDetailProvideButton","viewName":"etm.portal.ui.managecontracts.view.Detail","interaction":{"idSuffix":"BDI-content"}},"wdio_ui5_key":"contractDetailProvideButtonetmportal.ui.managecontracts.view.Detail"}]}
RESULT: undefined
COMMAND: POST /session/c0099c8ef87d8f1a9c022bedeb80dcd8/element - {"using":"xpath","value":"//*[@id=\"__xmlview63--contractDetailProvideButton\"]"}
RESULT: {}
RESULT: {"using":"xpath","value":"//*[@id=\"__xmlview63--contractDetailProvideButton\"]"}
COMMAND: POST /session/c0099c8ef87d8f1a9c022bedeb80dcd8/element/f.37E7500FB3BEF60B72C91044CCDB3F00.d.077FF41F3C22507755CB9A6894D066B7.e.9386/click - {}
RESULT: {}
COMMAND: GET /session/c0099c8ef87d8f1a9c022bedeb80dcd8/screenshot - {}
]]></system-out>
    </testcase>
    <testcase classname="chrome.135_0_7049_96.windows.Provide_to_Site_w/_warehouse_management_wo_clarification" name="Should Create HandOvers provide to site" time="81.039">
      <system-out><![CDATA[
COMMAND: POST /session/c0099c8ef87d8f1a9c022bedeb80dcd8/element - {"using":"css selector","value":"#application-managehandovers-display-component---AddNewHO--dueDate-inner"}
RESULT: {}
RESULT: {"using":"css selector","value":"#application-managehandovers-display-component---AddNewHO--dueDate-inner"}
COMMAND: POST /session/c0099c8ef87d8f1a9c022bedeb80dcd8/element/f.37E7500FB3BEF60B72C91044CCDB3F00.d.077FF41F3C22507755CB9A6894D066B7.e.9476/clear - {}
RESULT: {}
COMMAND: POST /session/c0099c8ef87d8f1a9c022bedeb80dcd8/element/f.37E7500FB3BEF60B72C91044CCDB3F00.d.077FF41F3C22507755CB9A6894D066B7.e.9476/value - {"text":"5/2/25"}
COMMAND: GET /session/c0099c8ef87d8f1a9c022bedeb80dcd8/screenshot - {}
RESULT: {"text":"5/2/25"}
COMMAND: POST /session/c0099c8ef87d8f1a9c022bedeb80dcd8/element - {"using":"xpath","value":"//bdi[(text() = 'Items' or . = 'Items')]"}
COMMAND: GET /session/c0099c8ef87d8f1a9c022bedeb80dcd8/screenshot - {}
RESULT: {}
RESULT: {"using":"xpath","value":"//bdi[(text() = 'Items' or . = 'Items')]"}
COMMAND: POST /session/c0099c8ef87d8f1a9c022bedeb80dcd8/element/f.37E7500FB3BEF60B72C91044CCDB3F00.d.077FF41F3C22507755CB9A6894D066B7.e.9560/click - {}
RESULT: {}
RESULT: {}
COMMAND: POST /session/c0099c8ef87d8f1a9c022bedeb80dcd8/execute/async - {"script":"<script> [1562 bytes]","args":[{"selector":{"controlType":"sap.m.Button","viewName":"etm.portal.ui.managehandovers.view.AddNewHO","viewId":"application-managehandovers-display-component---AddNewHO","i18NText":{"propertyName":"tooltip","key":"addItems"}},"wdio_ui5_key":"etmportal.ui.managehandovers.view.AddNewHOsap.m.Button{\"propertyName\":\"tooltip\",\"key\":\"addItems\"}"}]}
COMMAND: GET /session/c0099c8ef87d8f1a9c022bedeb80dcd8/screenshot - {}
RESULT: {"script":"<script> [1562 bytes]","args":[{"selector":{"controlType":"sap.m.Button","viewName":"etm.portal.ui.managehandovers.view.AddNewHO","viewId":"application-managehandovers-display-component---AddNewHO","i18NText":{"propertyName":"tooltip","key":"addItems"}},"wdio_ui5_key":"etmportal.ui.managehandovers.view.AddNewHOsap.m.Button{\"propertyName\":\"tooltip\",\"key\":\"addItems\"}"}]}
RESULT: undefined
COMMAND: POST /session/c0099c8ef87d8f1a9c022bedeb80dcd8/element - {"using":"xpath","value":"//*[@id=\"__button354\"]"}
RESULT: {}
RESULT: {"using":"xpath","value":"//*[@id=\"__button354\"]"}
COMMAND: POST /session/c0099c8ef87d8f1a9c022bedeb80dcd8/element/f.37E7500FB3BEF60B72C91044CCDB3F00.d.077FF41F3C22507755CB9A6894D066B7.e.9565/click - {}
RESULT: {}
COMMAND: GET /session/c0099c8ef87d8f1a9c022bedeb80dcd8/screenshot - {}
RESULT: {}
COMMAND: POST /session/c0099c8ef87d8f1a9c022bedeb80dcd8/element - {"using":"css selector","value":"div[id= \"application-managehandovers-display-component---AddNewHO--popup-sa-CbBg\"]"}
RESULT: {"using":"css selector","value":"div[id= \"application-managehandovers-display-component---AddNewHO--popup-sa-CbBg\"]"}
COMMAND: POST /session/c0099c8ef87d8f1a9c022bedeb80dcd8/element/f.37E7500FB3BEF60B72C91044CCDB3F00.d.077FF41F3C22507755CB9A6894D066B7.e.9575/click - {}
RESULT: {}
COMMAND: GET /session/c0099c8ef87d8f1a9c022bedeb80dcd8/screenshot - {}
RESULT: {}
COMMAND: POST /session/c0099c8ef87d8f1a9c022bedeb80dcd8/element - {"using":"xpath","value":"//bdi[(text() = 'Select' or . = 'Select')]"}
RESULT: {"using":"xpath","value":"//bdi[(text() = 'Select' or . = 'Select')]"}
COMMAND: POST /session/c0099c8ef87d8f1a9c022bedeb80dcd8/element/f.37E7500FB3BEF60B72C91044CCDB3F00.d.077FF41F3C22507755CB9A6894D066B7.e.9577/click - {}
RESULT: {}
COMMAND: GET /session/c0099c8ef87d8f1a9c022bedeb80dcd8/screenshot - {}
RESULT: {}
COMMAND: POST /session/c0099c8ef87d8f1a9c022bedeb80dcd8/element - {"using":"xpath","value":"//bdi[(text() = 'Save' or . = 'Save')]"}
RESULT: {"using":"xpath","value":"//bdi[(text() = 'Save' or . = 'Save')]"}
COMMAND: POST /session/c0099c8ef87d8f1a9c022bedeb80dcd8/element/f.37E7500FB3BEF60B72C91044CCDB3F00.d.077FF41F3C22507755CB9A6894D066B7.e.9585/click - {}
RESULT: {}
COMMAND: GET /session/c0099c8ef87d8f1a9c022bedeb80dcd8/screenshot - {}
RESULT: {}
COMMAND: POST /session/c0099c8ef87d8f1a9c022bedeb80dcd8/elements - {"using":"xpath","value":"//*[text()='Close']"}
RESULT: {"using":"xpath","value":"//*[text()='Close']"}
COMMAND: GET /session/c0099c8ef87d8f1a9c022bedeb80dcd8/element/f.37E7500FB3BEF60B72C91044CCDB3F00.d.077FF41F3C22507755CB9A6894D066B7.e.9618/enabled - {}
RESULT: {}
COMMAND: POST /session/c0099c8ef87d8f1a9c022bedeb80dcd8/execute/sync - {"script":"<script> [8489 bytes]","args":[{"element-6066-11e4-a52e-4f735466cecf":"f.37E7500FB3BEF60B72C91044CCDB3F00.d.077FF41F3C22507755CB9A6894D066B7.e.9618","ELEMENT":"f.37E7500FB3BEF60B72C91044CCDB3F00.d.077FF41F3C22507755CB9A6894D066B7.e.9618"}]}
COMMAND: GET /session/c0099c8ef87d8f1a9c022bedeb80dcd8/screenshot - {}
RESULT: {"script":"<script> [8489 bytes]","args":[{"element-6066-11e4-a52e-4f735466cecf":"f.37E7500FB3BEF60B72C91044CCDB3F00.d.077FF41F3C22507755CB9A6894D066B7.e.9618","ELEMENT":"f.37E7500FB3BEF60B72C91044CCDB3F00.d.077FF41F3C22507755CB9A6894D066B7.e.9618"}]}
COMMAND: GET /session/c0099c8ef87d8f1a9c022bedeb80dcd8/screenshot - {}
RESULT: {}
RESULT: {}
COMMAND: POST /session/c0099c8ef87d8f1a9c022bedeb80dcd8/execute/sync - {"script":"<script> [8489 bytes]","args":[{"element-6066-11e4-a52e-4f735466cecf":"f.37E7500FB3BEF60B72C91044CCDB3F00.d.077FF41F3C22507755CB9A6894D066B7.e.9618","ELEMENT":"f.37E7500FB3BEF60B72C91044CCDB3F00.d.077FF41F3C22507755CB9A6894D066B7.e.9618"}]}
RESULT: {"script":"<script> [8489 bytes]","args":[{"element-6066-11e4-a52e-4f735466cecf":"f.37E7500FB3BEF60B72C91044CCDB3F00.d.077FF41F3C22507755CB9A6894D066B7.e.9618","ELEMENT":"f.37E7500FB3BEF60B72C91044CCDB3F00.d.077FF41F3C22507755CB9A6894D066B7.e.9618"}]}
COMMAND: GET /session/c0099c8ef87d8f1a9c022bedeb80dcd8/screenshot - {}
RESULT: {}
COMMAND: POST /session/c0099c8ef87d8f1a9c022bedeb80dcd8/execute/sync - {"script":"<script> [8489 bytes]","args":[{"element-6066-11e4-a52e-4f735466cecf":"f.37E7500FB3BEF60B72C91044CCDB3F00.d.077FF41F3C22507755CB9A6894D066B7.e.9618","ELEMENT":"f.37E7500FB3BEF60B72C91044CCDB3F00.d.077FF41F3C22507755CB9A6894D066B7.e.9618"}]}
RESULT: {"script":"<script> [8489 bytes]","args":[{"element-6066-11e4-a52e-4f735466cecf":"f.37E7500FB3BEF60B72C91044CCDB3F00.d.077FF41F3C22507755CB9A6894D066B7.e.9618","ELEMENT":"f.37E7500FB3BEF60B72C91044CCDB3F00.d.077FF41F3C22507755CB9A6894D066B7.e.9618"}]}
COMMAND: GET /session/c0099c8ef87d8f1a9c022bedeb80dcd8/screenshot - {}
RESULT: {}
COMMAND: POST /session/c0099c8ef87d8f1a9c022bedeb80dcd8/execute/sync - {"script":"<script> [8489 bytes]","args":[{"element-6066-11e4-a52e-4f735466cecf":"f.37E7500FB3BEF60B72C91044CCDB3F00.d.077FF41F3C22507755CB9A6894D066B7.e.9618","ELEMENT":"f.37E7500FB3BEF60B72C91044CCDB3F00.d.077FF41F3C22507755CB9A6894D066B7.e.9618"}]}
RESULT: {"script":"<script> [8489 bytes]","args":[{"element-6066-11e4-a52e-4f735466cecf":"f.37E7500FB3BEF60B72C91044CCDB3F00.d.077FF41F3C22507755CB9A6894D066B7.e.9618","ELEMENT":"f.37E7500FB3BEF60B72C91044CCDB3F00.d.077FF41F3C22507755CB9A6894D066B7.e.9618"}]}
COMMAND: GET /session/c0099c8ef87d8f1a9c022bedeb80dcd8/screenshot - {}
RESULT: {}
COMMAND: POST /session/c0099c8ef87d8f1a9c022bedeb80dcd8/execute/sync - {"script":"<script> [8489 bytes]","args":[{"element-6066-11e4-a52e-4f735466cecf":"f.37E7500FB3BEF60B72C91044CCDB3F00.d.077FF41F3C22507755CB9A6894D066B7.e.9618","ELEMENT":"f.37E7500FB3BEF60B72C91044CCDB3F00.d.077FF41F3C22507755CB9A6894D066B7.e.9618"}]}
RESULT: {"script":"<script> [8489 bytes]","args":[{"element-6066-11e4-a52e-4f735466cecf":"f.37E7500FB3BEF60B72C91044CCDB3F00.d.077FF41F3C22507755CB9A6894D066B7.e.9618","ELEMENT":"f.37E7500FB3BEF60B72C91044CCDB3F00.d.077FF41F3C22507755CB9A6894D066B7.e.9618"}]}
COMMAND: GET /session/c0099c8ef87d8f1a9c022bedeb80dcd8/screenshot - {}
RESULT: {}
COMMAND: POST /session/c0099c8ef87d8f1a9c022bedeb80dcd8/execute/sync - {"script":"<script> [8489 bytes]","args":[{"element-6066-11e4-a52e-4f735466cecf":"f.37E7500FB3BEF60B72C91044CCDB3F00.d.077FF41F3C22507755CB9A6894D066B7.e.9618","ELEMENT":"f.37E7500FB3BEF60B72C91044CCDB3F00.d.077FF41F3C22507755CB9A6894D066B7.e.9618"}]}
RESULT: {"script":"<script> [8489 bytes]","args":[{"element-6066-11e4-a52e-4f735466cecf":"f.37E7500FB3BEF60B72C91044CCDB3F00.d.077FF41F3C22507755CB9A6894D066B7.e.9618","ELEMENT":"f.37E7500FB3BEF60B72C91044CCDB3F00.d.077FF41F3C22507755CB9A6894D066B7.e.9618"}]}
COMMAND: GET /session/c0099c8ef87d8f1a9c022bedeb80dcd8/screenshot - {}
RESULT: {}
COMMAND: POST /session/c0099c8ef87d8f1a9c022bedeb80dcd8/execute/sync - {"script":"<script> [8489 bytes]","args":[{"element-6066-11e4-a52e-4f735466cecf":"f.37E7500FB3BEF60B72C91044CCDB3F00.d.077FF41F3C22507755CB9A6894D066B7.e.9618","ELEMENT":"f.37E7500FB3BEF60B72C91044CCDB3F00.d.077FF41F3C22507755CB9A6894D066B7.e.9618"}]}
RESULT: {"script":"<script> [8489 bytes]","args":[{"element-6066-11e4-a52e-4f735466cecf":"f.37E7500FB3BEF60B72C91044CCDB3F00.d.077FF41F3C22507755CB9A6894D066B7.e.9618","ELEMENT":"f.37E7500FB3BEF60B72C91044CCDB3F00.d.077FF41F3C22507755CB9A6894D066B7.e.9618"}]}
COMMAND: GET /session/c0099c8ef87d8f1a9c022bedeb80dcd8/screenshot - {}
RESULT: {}
COMMAND: POST /session/c0099c8ef87d8f1a9c022bedeb80dcd8/execute/sync - {"script":"<script> [8489 bytes]","args":[{"element-6066-11e4-a52e-4f735466cecf":"f.37E7500FB3BEF60B72C91044CCDB3F00.d.077FF41F3C22507755CB9A6894D066B7.e.9618","ELEMENT":"f.37E7500FB3BEF60B72C91044CCDB3F00.d.077FF41F3C22507755CB9A6894D066B7.e.9618"}]}
RESULT: {"script":"<script> [8489 bytes]","args":[{"element-6066-11e4-a52e-4f735466cecf":"f.37E7500FB3BEF60B72C91044CCDB3F00.d.077FF41F3C22507755CB9A6894D066B7.e.9618","ELEMENT":"f.37E7500FB3BEF60B72C91044CCDB3F00.d.077FF41F3C22507755CB9A6894D066B7.e.9618"}]}
COMMAND: GET /session/c0099c8ef87d8f1a9c022bedeb80dcd8/screenshot - {}
RESULT: {}
COMMAND: POST /session/c0099c8ef87d8f1a9c022bedeb80dcd8/execute/sync - {"script":"<script> [8489 bytes]","args":[{"element-6066-11e4-a52e-4f735466cecf":"f.37E7500FB3BEF60B72C91044CCDB3F00.d.077FF41F3C22507755CB9A6894D066B7.e.9618","ELEMENT":"f.37E7500FB3BEF60B72C91044CCDB3F00.d.077FF41F3C22507755CB9A6894D066B7.e.9618"}]}
RESULT: {"script":"<script> [8489 bytes]","args":[{"element-6066-11e4-a52e-4f735466cecf":"f.37E7500FB3BEF60B72C91044CCDB3F00.d.077FF41F3C22507755CB9A6894D066B7.e.9618","ELEMENT":"f.37E7500FB3BEF60B72C91044CCDB3F00.d.077FF41F3C22507755CB9A6894D066B7.e.9618"}]}
COMMAND: GET /session/c0099c8ef87d8f1a9c022bedeb80dcd8/screenshot - {}
RESULT: {}
COMMAND: POST /session/c0099c8ef87d8f1a9c022bedeb80dcd8/execute/sync - {"script":"<script> [8489 bytes]","args":[{"element-6066-11e4-a52e-4f735466cecf":"f.37E7500FB3BEF60B72C91044CCDB3F00.d.077FF41F3C22507755CB9A6894D066B7.e.9618","ELEMENT":"f.37E7500FB3BEF60B72C91044CCDB3F00.d.077FF41F3C22507755CB9A6894D066B7.e.9618"}]}
RESULT: {"script":"<script> [8489 bytes]","args":[{"element-6066-11e4-a52e-4f735466cecf":"f.37E7500FB3BEF60B72C91044CCDB3F00.d.077FF41F3C22507755CB9A6894D066B7.e.9618","ELEMENT":"f.37E7500FB3BEF60B72C91044CCDB3F00.d.077FF41F3C22507755CB9A6894D066B7.e.9618"}]}
COMMAND: GET /session/c0099c8ef87d8f1a9c022bedeb80dcd8/screenshot - {}
RESULT: {}
COMMAND: POST /session/c0099c8ef87d8f1a9c022bedeb80dcd8/execute/sync - {"script":"<script> [8489 bytes]","args":[{"element-6066-11e4-a52e-4f735466cecf":"f.37E7500FB3BEF60B72C91044CCDB3F00.d.077FF41F3C22507755CB9A6894D066B7.e.9618","ELEMENT":"f.37E7500FB3BEF60B72C91044CCDB3F00.d.077FF41F3C22507755CB9A6894D066B7.e.9618"}]}
RESULT: {"script":"<script> [8489 bytes]","args":[{"element-6066-11e4-a52e-4f735466cecf":"f.37E7500FB3BEF60B72C91044CCDB3F00.d.077FF41F3C22507755CB9A6894D066B7.e.9618","ELEMENT":"f.37E7500FB3BEF60B72C91044CCDB3F00.d.077FF41F3C22507755CB9A6894D066B7.e.9618"}]}
COMMAND: GET /session/c0099c8ef87d8f1a9c022bedeb80dcd8/screenshot - {}
RESULT: {}
COMMAND: POST /session/c0099c8ef87d8f1a9c022bedeb80dcd8/execute/sync - {"script":"<script> [8489 bytes]","args":[{"element-6066-11e4-a52e-4f735466cecf":"f.37E7500FB3BEF60B72C91044CCDB3F00.d.077FF41F3C22507755CB9A6894D066B7.e.9618","ELEMENT":"f.37E7500FB3BEF60B72C91044CCDB3F00.d.077FF41F3C22507755CB9A6894D066B7.e.9618"}]}
RESULT: {"script":"<script> [8489 bytes]","args":[{"element-6066-11e4-a52e-4f735466cecf":"f.37E7500FB3BEF60B72C91044CCDB3F00.d.077FF41F3C22507755CB9A6894D066B7.e.9618","ELEMENT":"f.37E7500FB3BEF60B72C91044CCDB3F00.d.077FF41F3C22507755CB9A6894D066B7.e.9618"}]}
COMMAND: GET /session/c0099c8ef87d8f1a9c022bedeb80dcd8/screenshot - {}
RESULT: {}
COMMAND: POST /session/c0099c8ef87d8f1a9c022bedeb80dcd8/execute/sync - {"script":"<script> [8489 bytes]","args":[{"element-6066-11e4-a52e-4f735466cecf":"f.37E7500FB3BEF60B72C91044CCDB3F00.d.077FF41F3C22507755CB9A6894D066B7.e.9618","ELEMENT":"f.37E7500FB3BEF60B72C91044CCDB3F00.d.077FF41F3C22507755CB9A6894D066B7.e.9618"}]}
RESULT: {"script":"<script> [8489 bytes]","args":[{"element-6066-11e4-a52e-4f735466cecf":"f.37E7500FB3BEF60B72C91044CCDB3F00.d.077FF41F3C22507755CB9A6894D066B7.e.9618","ELEMENT":"f.37E7500FB3BEF60B72C91044CCDB3F00.d.077FF41F3C22507755CB9A6894D066B7.e.9618"}]}
COMMAND: GET /session/c0099c8ef87d8f1a9c022bedeb80dcd8/screenshot - {}
RESULT: {}
COMMAND: POST /session/c0099c8ef87d8f1a9c022bedeb80dcd8/execute/sync - {"script":"<script> [8489 bytes]","args":[{"element-6066-11e4-a52e-4f735466cecf":"f.37E7500FB3BEF60B72C91044CCDB3F00.d.077FF41F3C22507755CB9A6894D066B7.e.9618","ELEMENT":"f.37E7500FB3BEF60B72C91044CCDB3F00.d.077FF41F3C22507755CB9A6894D066B7.e.9618"}]}
RESULT: {"script":"<script> [8489 bytes]","args":[{"element-6066-11e4-a52e-4f735466cecf":"f.37E7500FB3BEF60B72C91044CCDB3F00.d.077FF41F3C22507755CB9A6894D066B7.e.9618","ELEMENT":"f.37E7500FB3BEF60B72C91044CCDB3F00.d.077FF41F3C22507755CB9A6894D066B7.e.9618"}]}
COMMAND: GET /session/c0099c8ef87d8f1a9c022bedeb80dcd8/screenshot - {}
RESULT: {}
COMMAND: POST /session/c0099c8ef87d8f1a9c022bedeb80dcd8/execute/sync - {"script":"<script> [8489 bytes]","args":[{"element-6066-11e4-a52e-4f735466cecf":"f.37E7500FB3BEF60B72C91044CCDB3F00.d.077FF41F3C22507755CB9A6894D066B7.e.9618","ELEMENT":"f.37E7500FB3BEF60B72C91044CCDB3F00.d.077FF41F3C22507755CB9A6894D066B7.e.9618"}]}
RESULT: {"script":"<script> [8489 bytes]","args":[{"element-6066-11e4-a52e-4f735466cecf":"f.37E7500FB3BEF60B72C91044CCDB3F00.d.077FF41F3C22507755CB9A6894D066B7.e.9618","ELEMENT":"f.37E7500FB3BEF60B72C91044CCDB3F00.d.077FF41F3C22507755CB9A6894D066B7.e.9618"}]}
COMMAND: GET /session/c0099c8ef87d8f1a9c022bedeb80dcd8/screenshot - {}
COMMAND: POST /session/c0099c8ef87d8f1a9c022bedeb80dcd8/execute/sync - {"script":"<script> [8489 bytes]","args":[{"element-6066-11e4-a52e-4f735466cecf":"f.37E7500FB3BEF60B72C91044CCDB3F00.d.077FF41F3C22507755CB9A6894D066B7.e.9618","ELEMENT":"f.37E7500FB3BEF60B72C91044CCDB3F00.d.077FF41F3C22507755CB9A6894D066B7.e.9618"}]}
RESULT: {}
RESULT: {"script":"<script> [8489 bytes]","args":[{"element-6066-11e4-a52e-4f735466cecf":"f.37E7500FB3BEF60B72C91044CCDB3F00.d.077FF41F3C22507755CB9A6894D066B7.e.9618","ELEMENT":"f.37E7500FB3BEF60B72C91044CCDB3F00.d.077FF41F3C22507755CB9A6894D066B7.e.9618"}]}
COMMAND: GET /session/c0099c8ef87d8f1a9c022bedeb80dcd8/screenshot - {}
COMMAND: POST /session/c0099c8ef87d8f1a9c022bedeb80dcd8/execute/sync - {"script":"<script> [8489 bytes]","args":[{"element-6066-11e4-a52e-4f735466cecf":"f.37E7500FB3BEF60B72C91044CCDB3F00.d.077FF41F3C22507755CB9A6894D066B7.e.9618","ELEMENT":"f.37E7500FB3BEF60B72C91044CCDB3F00.d.077FF41F3C22507755CB9A6894D066B7.e.9618"}]}
RESULT: {}
RESULT: {"script":"<script> [8489 bytes]","args":[{"element-6066-11e4-a52e-4f735466cecf":"f.37E7500FB3BEF60B72C91044CCDB3F00.d.077FF41F3C22507755CB9A6894D066B7.e.9618","ELEMENT":"f.37E7500FB3BEF60B72C91044CCDB3F00.d.077FF41F3C22507755CB9A6894D066B7.e.9618"}]}
COMMAND: GET /session/c0099c8ef87d8f1a9c022bedeb80dcd8/screenshot - {}
COMMAND: POST /session/c0099c8ef87d8f1a9c022bedeb80dcd8/execute/sync - {"script":"<script> [8489 bytes]","args":[{"element-6066-11e4-a52e-4f735466cecf":"f.37E7500FB3BEF60B72C91044CCDB3F00.d.077FF41F3C22507755CB9A6894D066B7.e.9618","ELEMENT":"f.37E7500FB3BEF60B72C91044CCDB3F00.d.077FF41F3C22507755CB9A6894D066B7.e.9618"}]}
RESULT: {}
RESULT: {"script":"<script> [8489 bytes]","args":[{"element-6066-11e4-a52e-4f735466cecf":"f.37E7500FB3BEF60B72C91044CCDB3F00.d.077FF41F3C22507755CB9A6894D066B7.e.9618","ELEMENT":"f.37E7500FB3BEF60B72C91044CCDB3F00.d.077FF41F3C22507755CB9A6894D066B7.e.9618"}]}
COMMAND: GET /session/c0099c8ef87d8f1a9c022bedeb80dcd8/screenshot - {}
RESULT: {}
COMMAND: POST /session/c0099c8ef87d8f1a9c022bedeb80dcd8/execute/sync - {"script":"<script> [8489 bytes]","args":[{"element-6066-11e4-a52e-4f735466cecf":"f.37E7500FB3BEF60B72C91044CCDB3F00.d.077FF41F3C22507755CB9A6894D066B7.e.9618","ELEMENT":"f.37E7500FB3BEF60B72C91044CCDB3F00.d.077FF41F3C22507755CB9A6894D066B7.e.9618"}]}
RESULT: {"script":"<script> [8489 bytes]","args":[{"element-6066-11e4-a52e-4f735466cecf":"f.37E7500FB3BEF60B72C91044CCDB3F00.d.077FF41F3C22507755CB9A6894D066B7.e.9618","ELEMENT":"f.37E7500FB3BEF60B72C91044CCDB3F00.d.077FF41F3C22507755CB9A6894D066B7.e.9618"}]}
COMMAND: GET /session/c0099c8ef87d8f1a9c022bedeb80dcd8/screenshot - {}
RESULT: {}
COMMAND: POST /session/c0099c8ef87d8f1a9c022bedeb80dcd8/execute/sync - {"script":"<script> [8489 bytes]","args":[{"element-6066-11e4-a52e-4f735466cecf":"f.37E7500FB3BEF60B72C91044CCDB3F00.d.077FF41F3C22507755CB9A6894D066B7.e.9618","ELEMENT":"f.37E7500FB3BEF60B72C91044CCDB3F00.d.077FF41F3C22507755CB9A6894D066B7.e.9618"}]}
RESULT: {"script":"<script> [8489 bytes]","args":[{"element-6066-11e4-a52e-4f735466cecf":"f.37E7500FB3BEF60B72C91044CCDB3F00.d.077FF41F3C22507755CB9A6894D066B7.e.9618","ELEMENT":"f.37E7500FB3BEF60B72C91044CCDB3F00.d.077FF41F3C22507755CB9A6894D066B7.e.9618"}]}
COMMAND: GET /session/c0099c8ef87d8f1a9c022bedeb80dcd8/screenshot - {}
RESULT: {}
COMMAND: POST /session/c0099c8ef87d8f1a9c022bedeb80dcd8/execute/sync - {"script":"<script> [8489 bytes]","args":[{"element-6066-11e4-a52e-4f735466cecf":"f.37E7500FB3BEF60B72C91044CCDB3F00.d.077FF41F3C22507755CB9A6894D066B7.e.9618","ELEMENT":"f.37E7500FB3BEF60B72C91044CCDB3F00.d.077FF41F3C22507755CB9A6894D066B7.e.9618"}]}
RESULT: {"script":"<script> [8489 bytes]","args":[{"element-6066-11e4-a52e-4f735466cecf":"f.37E7500FB3BEF60B72C91044CCDB3F00.d.077FF41F3C22507755CB9A6894D066B7.e.9618","ELEMENT":"f.37E7500FB3BEF60B72C91044CCDB3F00.d.077FF41F3C22507755CB9A6894D066B7.e.9618"}]}
COMMAND: GET /session/c0099c8ef87d8f1a9c022bedeb80dcd8/screenshot - {}
RESULT: {}
COMMAND: POST /session/c0099c8ef87d8f1a9c022bedeb80dcd8/execute/sync - {"script":"<script> [8489 bytes]","args":[{"element-6066-11e4-a52e-4f735466cecf":"f.37E7500FB3BEF60B72C91044CCDB3F00.d.077FF41F3C22507755CB9A6894D066B7.e.9618","ELEMENT":"f.37E7500FB3BEF60B72C91044CCDB3F00.d.077FF41F3C22507755CB9A6894D066B7.e.9618"}]}
RESULT: {"script":"<script> [8489 bytes]","args":[{"element-6066-11e4-a52e-4f735466cecf":"f.37E7500FB3BEF60B72C91044CCDB3F00.d.077FF41F3C22507755CB9A6894D066B7.e.9618","ELEMENT":"f.37E7500FB3BEF60B72C91044CCDB3F00.d.077FF41F3C22507755CB9A6894D066B7.e.9618"}]}
COMMAND: GET /session/c0099c8ef87d8f1a9c022bedeb80dcd8/screenshot - {}
RESULT: {}
COMMAND: POST /session/c0099c8ef87d8f1a9c022bedeb80dcd8/execute/sync - {"script":"<script> [8489 bytes]","args":[{"element-6066-11e4-a52e-4f735466cecf":"f.37E7500FB3BEF60B72C91044CCDB3F00.d.077FF41F3C22507755CB9A6894D066B7.e.9618","ELEMENT":"f.37E7500FB3BEF60B72C91044CCDB3F00.d.077FF41F3C22507755CB9A6894D066B7.e.9618"}]}
RESULT: {"script":"<script> [8489 bytes]","args":[{"element-6066-11e4-a52e-4f735466cecf":"f.37E7500FB3BEF60B72C91044CCDB3F00.d.077FF41F3C22507755CB9A6894D066B7.e.9618","ELEMENT":"f.37E7500FB3BEF60B72C91044CCDB3F00.d.077FF41F3C22507755CB9A6894D066B7.e.9618"}]}
COMMAND: GET /session/c0099c8ef87d8f1a9c022bedeb80dcd8/screenshot - {}
COMMAND: POST /session/c0099c8ef87d8f1a9c022bedeb80dcd8/execute/sync - {"script":"<script> [8489 bytes]","args":[{"element-6066-11e4-a52e-4f735466cecf":"f.37E7500FB3BEF60B72C91044CCDB3F00.d.077FF41F3C22507755CB9A6894D066B7.e.9618","ELEMENT":"f.37E7500FB3BEF60B72C91044CCDB3F00.d.077FF41F3C22507755CB9A6894D066B7.e.9618"}]}
RESULT: {}
RESULT: {"script":"<script> [8489 bytes]","args":[{"element-6066-11e4-a52e-4f735466cecf":"f.37E7500FB3BEF60B72C91044CCDB3F00.d.077FF41F3C22507755CB9A6894D066B7.e.9618","ELEMENT":"f.37E7500FB3BEF60B72C91044CCDB3F00.d.077FF41F3C22507755CB9A6894D066B7.e.9618"}]}
COMMAND: GET /session/c0099c8ef87d8f1a9c022bedeb80dcd8/screenshot - {}
RESULT: {}
COMMAND: POST /session/c0099c8ef87d8f1a9c022bedeb80dcd8/execute/sync - {"script":"<script> [8489 bytes]","args":[{"element-6066-11e4-a52e-4f735466cecf":"f.37E7500FB3BEF60B72C91044CCDB3F00.d.077FF41F3C22507755CB9A6894D066B7.e.9618","ELEMENT":"f.37E7500FB3BEF60B72C91044CCDB3F00.d.077FF41F3C22507755CB9A6894D066B7.e.9618"}]}
RESULT: {"script":"<script> [8489 bytes]","args":[{"element-6066-11e4-a52e-4f735466cecf":"f.37E7500FB3BEF60B72C91044CCDB3F00.d.077FF41F3C22507755CB9A6894D066B7.e.9618","ELEMENT":"f.37E7500FB3BEF60B72C91044CCDB3F00.d.077FF41F3C22507755CB9A6894D066B7.e.9618"}]}
COMMAND: GET /session/c0099c8ef87d8f1a9c022bedeb80dcd8/screenshot - {}
RESULT: {}
COMMAND: POST /session/c0099c8ef87d8f1a9c022bedeb80dcd8/execute/sync - {"script":"<script> [8489 bytes]","args":[{"element-6066-11e4-a52e-4f735466cecf":"f.37E7500FB3BEF60B72C91044CCDB3F00.d.077FF41F3C22507755CB9A6894D066B7.e.9618","ELEMENT":"f.37E7500FB3BEF60B72C91044CCDB3F00.d.077FF41F3C22507755CB9A6894D066B7.e.9618"}]}
RESULT: {"script":"<script> [8489 bytes]","args":[{"element-6066-11e4-a52e-4f735466cecf":"f.37E7500FB3BEF60B72C91044CCDB3F00.d.077FF41F3C22507755CB9A6894D066B7.e.9618","ELEMENT":"f.37E7500FB3BEF60B72C91044CCDB3F00.d.077FF41F3C22507755CB9A6894D066B7.e.9618"}]}
COMMAND: GET /session/c0099c8ef87d8f1a9c022bedeb80dcd8/screenshot - {}
RESULT: {}
COMMAND: POST /session/c0099c8ef87d8f1a9c022bedeb80dcd8/execute/sync - {"script":"<script> [8489 bytes]","args":[{"element-6066-11e4-a52e-4f735466cecf":"f.37E7500FB3BEF60B72C91044CCDB3F00.d.077FF41F3C22507755CB9A6894D066B7.e.9618","ELEMENT":"f.37E7500FB3BEF60B72C91044CCDB3F00.d.077FF41F3C22507755CB9A6894D066B7.e.9618"}]}
RESULT: {"script":"<script> [8489 bytes]","args":[{"element-6066-11e4-a52e-4f735466cecf":"f.37E7500FB3BEF60B72C91044CCDB3F00.d.077FF41F3C22507755CB9A6894D066B7.e.9618","ELEMENT":"f.37E7500FB3BEF60B72C91044CCDB3F00.d.077FF41F3C22507755CB9A6894D066B7.e.9618"}]}
COMMAND: GET /session/c0099c8ef87d8f1a9c022bedeb80dcd8/screenshot - {}
RESULT: {}
COMMAND: POST /session/c0099c8ef87d8f1a9c022bedeb80dcd8/execute/sync - {"script":"<script> [8489 bytes]","args":[{"element-6066-11e4-a52e-4f735466cecf":"f.37E7500FB3BEF60B72C91044CCDB3F00.d.077FF41F3C22507755CB9A6894D066B7.e.9618","ELEMENT":"f.37E7500FB3BEF60B72C91044CCDB3F00.d.077FF41F3C22507755CB9A6894D066B7.e.9618"}]}
RESULT: {"script":"<script> [8489 bytes]","args":[{"element-6066-11e4-a52e-4f735466cecf":"f.37E7500FB3BEF60B72C91044CCDB3F00.d.077FF41F3C22507755CB9A6894D066B7.e.9618","ELEMENT":"f.37E7500FB3BEF60B72C91044CCDB3F00.d.077FF41F3C22507755CB9A6894D066B7.e.9618"}]}
COMMAND: GET /session/c0099c8ef87d8f1a9c022bedeb80dcd8/screenshot - {}
RESULT: {}
COMMAND: POST /session/c0099c8ef87d8f1a9c022bedeb80dcd8/execute/sync - {"script":"<script> [8489 bytes]","args":[{"element-6066-11e4-a52e-4f735466cecf":"f.37E7500FB3BEF60B72C91044CCDB3F00.d.077FF41F3C22507755CB9A6894D066B7.e.9618","ELEMENT":"f.37E7500FB3BEF60B72C91044CCDB3F00.d.077FF41F3C22507755CB9A6894D066B7.e.9618"}]}
RESULT: {"script":"<script> [8489 bytes]","args":[{"element-6066-11e4-a52e-4f735466cecf":"f.37E7500FB3BEF60B72C91044CCDB3F00.d.077FF41F3C22507755CB9A6894D066B7.e.9618","ELEMENT":"f.37E7500FB3BEF60B72C91044CCDB3F00.d.077FF41F3C22507755CB9A6894D066B7.e.9618"}]}
COMMAND: GET /session/c0099c8ef87d8f1a9c022bedeb80dcd8/screenshot - {}
RESULT: {}
COMMAND: POST /session/c0099c8ef87d8f1a9c022bedeb80dcd8/execute/sync - {"script":"<script> [8489 bytes]","args":[{"element-6066-11e4-a52e-4f735466cecf":"f.37E7500FB3BEF60B72C91044CCDB3F00.d.077FF41F3C22507755CB9A6894D066B7.e.9618","ELEMENT":"f.37E7500FB3BEF60B72C91044CCDB3F00.d.077FF41F3C22507755CB9A6894D066B7.e.9618"}]}
RESULT: {"script":"<script> [8489 bytes]","args":[{"element-6066-11e4-a52e-4f735466cecf":"f.37E7500FB3BEF60B72C91044CCDB3F00.d.077FF41F3C22507755CB9A6894D066B7.e.9618","ELEMENT":"f.37E7500FB3BEF60B72C91044CCDB3F00.d.077FF41F3C22507755CB9A6894D066B7.e.9618"}]}
COMMAND: GET /session/c0099c8ef87d8f1a9c022bedeb80dcd8/screenshot - {}
RESULT: {}
COMMAND: POST /session/c0099c8ef87d8f1a9c022bedeb80dcd8/execute/sync - {"script":"<script> [8489 bytes]","args":[{"element-6066-11e4-a52e-4f735466cecf":"f.37E7500FB3BEF60B72C91044CCDB3F00.d.077FF41F3C22507755CB9A6894D066B7.e.9618","ELEMENT":"f.37E7500FB3BEF60B72C91044CCDB3F00.d.077FF41F3C22507755CB9A6894D066B7.e.9618"}]}
RESULT: {"script":"<script> [8489 bytes]","args":[{"element-6066-11e4-a52e-4f735466cecf":"f.37E7500FB3BEF60B72C91044CCDB3F00.d.077FF41F3C22507755CB9A6894D066B7.e.9618","ELEMENT":"f.37E7500FB3BEF60B72C91044CCDB3F00.d.077FF41F3C22507755CB9A6894D066B7.e.9618"}]}
COMMAND: GET /session/c0099c8ef87d8f1a9c022bedeb80dcd8/screenshot - {}
RESULT: {}
COMMAND: POST /session/c0099c8ef87d8f1a9c022bedeb80dcd8/execute/sync - {"script":"<script> [8489 bytes]","args":[{"element-6066-11e4-a52e-4f735466cecf":"f.37E7500FB3BEF60B72C91044CCDB3F00.d.077FF41F3C22507755CB9A6894D066B7.e.9618","ELEMENT":"f.37E7500FB3BEF60B72C91044CCDB3F00.d.077FF41F3C22507755CB9A6894D066B7.e.9618"}]}
RESULT: {"script":"<script> [8489 bytes]","args":[{"element-6066-11e4-a52e-4f735466cecf":"f.37E7500FB3BEF60B72C91044CCDB3F00.d.077FF41F3C22507755CB9A6894D066B7.e.9618","ELEMENT":"f.37E7500FB3BEF60B72C91044CCDB3F00.d.077FF41F3C22507755CB9A6894D066B7.e.9618"}]}
COMMAND: GET /session/c0099c8ef87d8f1a9c022bedeb80dcd8/screenshot - {}
RESULT: {}
COMMAND: POST /session/c0099c8ef87d8f1a9c022bedeb80dcd8/execute/sync - {"script":"<script> [8489 bytes]","args":[{"element-6066-11e4-a52e-4f735466cecf":"f.37E7500FB3BEF60B72C91044CCDB3F00.d.077FF41F3C22507755CB9A6894D066B7.e.9618","ELEMENT":"f.37E7500FB3BEF60B72C91044CCDB3F00.d.077FF41F3C22507755CB9A6894D066B7.e.9618"}]}
RESULT: {"script":"<script> [8489 bytes]","args":[{"element-6066-11e4-a52e-4f735466cecf":"f.37E7500FB3BEF60B72C91044CCDB3F00.d.077FF41F3C22507755CB9A6894D066B7.e.9618","ELEMENT":"f.37E7500FB3BEF60B72C91044CCDB3F00.d.077FF41F3C22507755CB9A6894D066B7.e.9618"}]}
COMMAND: GET /session/c0099c8ef87d8f1a9c022bedeb80dcd8/screenshot - {}
RESULT: {}
COMMAND: POST /session/c0099c8ef87d8f1a9c022bedeb80dcd8/execute/sync - {"script":"<script> [8489 bytes]","args":[{"element-6066-11e4-a52e-4f735466cecf":"f.37E7500FB3BEF60B72C91044CCDB3F00.d.077FF41F3C22507755CB9A6894D066B7.e.9618","ELEMENT":"f.37E7500FB3BEF60B72C91044CCDB3F00.d.077FF41F3C22507755CB9A6894D066B7.e.9618"}]}
RESULT: {"script":"<script> [8489 bytes]","args":[{"element-6066-11e4-a52e-4f735466cecf":"f.37E7500FB3BEF60B72C91044CCDB3F00.d.077FF41F3C22507755CB9A6894D066B7.e.9618","ELEMENT":"f.37E7500FB3BEF60B72C91044CCDB3F00.d.077FF41F3C22507755CB9A6894D066B7.e.9618"}]}
COMMAND: GET /session/c0099c8ef87d8f1a9c022bedeb80dcd8/screenshot - {}
RESULT: {}
COMMAND: POST /session/c0099c8ef87d8f1a9c022bedeb80dcd8/execute/sync - {"script":"<script> [8489 bytes]","args":[{"element-6066-11e4-a52e-4f735466cecf":"f.37E7500FB3BEF60B72C91044CCDB3F00.d.077FF41F3C22507755CB9A6894D066B7.e.9618","ELEMENT":"f.37E7500FB3BEF60B72C91044CCDB3F00.d.077FF41F3C22507755CB9A6894D066B7.e.9618"}]}
RESULT: {"script":"<script> [8489 bytes]","args":[{"element-6066-11e4-a52e-4f735466cecf":"f.37E7500FB3BEF60B72C91044CCDB3F00.d.077FF41F3C22507755CB9A6894D066B7.e.9618","ELEMENT":"f.37E7500FB3BEF60B72C91044CCDB3F00.d.077FF41F3C22507755CB9A6894D066B7.e.9618"}]}
COMMAND: GET /session/c0099c8ef87d8f1a9c022bedeb80dcd8/screenshot - {}
RESULT: {}
COMMAND: POST /session/c0099c8ef87d8f1a9c022bedeb80dcd8/execute/sync - {"script":"<script> [8489 bytes]","args":[{"element-6066-11e4-a52e-4f735466cecf":"f.37E7500FB3BEF60B72C91044CCDB3F00.d.077FF41F3C22507755CB9A6894D066B7.e.9618","ELEMENT":"f.37E7500FB3BEF60B72C91044CCDB3F00.d.077FF41F3C22507755CB9A6894D066B7.e.9618"}]}
RESULT: {"script":"<script> [8489 bytes]","args":[{"element-6066-11e4-a52e-4f735466cecf":"f.37E7500FB3BEF60B72C91044CCDB3F00.d.077FF41F3C22507755CB9A6894D066B7.e.9618","ELEMENT":"f.37E7500FB3BEF60B72C91044CCDB3F00.d.077FF41F3C22507755CB9A6894D066B7.e.9618"}]}
COMMAND: GET /session/c0099c8ef87d8f1a9c022bedeb80dcd8/screenshot - {}
RESULT: {}
COMMAND: POST /session/c0099c8ef87d8f1a9c022bedeb80dcd8/execute/sync - {"script":"<script> [8489 bytes]","args":[{"element-6066-11e4-a52e-4f735466cecf":"f.37E7500FB3BEF60B72C91044CCDB3F00.d.077FF41F3C22507755CB9A6894D066B7.e.9618","ELEMENT":"f.37E7500FB3BEF60B72C91044CCDB3F00.d.077FF41F3C22507755CB9A6894D066B7.e.9618"}]}
RESULT: {"script":"<script> [8489 bytes]","args":[{"element-6066-11e4-a52e-4f735466cecf":"f.37E7500FB3BEF60B72C91044CCDB3F00.d.077FF41F3C22507755CB9A6894D066B7.e.9618","ELEMENT":"f.37E7500FB3BEF60B72C91044CCDB3F00.d.077FF41F3C22507755CB9A6894D066B7.e.9618"}]}
COMMAND: GET /session/c0099c8ef87d8f1a9c022bedeb80dcd8/screenshot - {}
RESULT: {}
COMMAND: POST /session/c0099c8ef87d8f1a9c022bedeb80dcd8/execute/sync - {"script":"<script> [8489 bytes]","args":[{"element-6066-11e4-a52e-4f735466cecf":"f.37E7500FB3BEF60B72C91044CCDB3F00.d.077FF41F3C22507755CB9A6894D066B7.e.9618","ELEMENT":"f.37E7500FB3BEF60B72C91044CCDB3F00.d.077FF41F3C22507755CB9A6894D066B7.e.9618"}]}
RESULT: {"script":"<script> [8489 bytes]","args":[{"element-6066-11e4-a52e-4f735466cecf":"f.37E7500FB3BEF60B72C91044CCDB3F00.d.077FF41F3C22507755CB9A6894D066B7.e.9618","ELEMENT":"f.37E7500FB3BEF60B72C91044CCDB3F00.d.077FF41F3C22507755CB9A6894D066B7.e.9618"}]}
COMMAND: GET /session/c0099c8ef87d8f1a9c022bedeb80dcd8/screenshot - {}
RESULT: {}
COMMAND: POST /session/c0099c8ef87d8f1a9c022bedeb80dcd8/execute/sync - {"script":"<script> [8489 bytes]","args":[{"element-6066-11e4-a52e-4f735466cecf":"f.37E7500FB3BEF60B72C91044CCDB3F00.d.077FF41F3C22507755CB9A6894D066B7.e.9618","ELEMENT":"f.37E7500FB3BEF60B72C91044CCDB3F00.d.077FF41F3C22507755CB9A6894D066B7.e.9618"}]}
RESULT: {"script":"<script> [8489 bytes]","args":[{"element-6066-11e4-a52e-4f735466cecf":"f.37E7500FB3BEF60B72C91044CCDB3F00.d.077FF41F3C22507755CB9A6894D066B7.e.9618","ELEMENT":"f.37E7500FB3BEF60B72C91044CCDB3F00.d.077FF41F3C22507755CB9A6894D066B7.e.9618"}]}
COMMAND: GET /session/c0099c8ef87d8f1a9c022bedeb80dcd8/screenshot - {}
RESULT: {}
COMMAND: POST /session/c0099c8ef87d8f1a9c022bedeb80dcd8/execute/sync - {"script":"<script> [8489 bytes]","args":[{"element-6066-11e4-a52e-4f735466cecf":"f.37E7500FB3BEF60B72C91044CCDB3F00.d.077FF41F3C22507755CB9A6894D066B7.e.9618","ELEMENT":"f.37E7500FB3BEF60B72C91044CCDB3F00.d.077FF41F3C22507755CB9A6894D066B7.e.9618"}]}
RESULT: {"script":"<script> [8489 bytes]","args":[{"element-6066-11e4-a52e-4f735466cecf":"f.37E7500FB3BEF60B72C91044CCDB3F00.d.077FF41F3C22507755CB9A6894D066B7.e.9618","ELEMENT":"f.37E7500FB3BEF60B72C91044CCDB3F00.d.077FF41F3C22507755CB9A6894D066B7.e.9618"}]}
COMMAND: GET /session/c0099c8ef87d8f1a9c022bedeb80dcd8/screenshot - {}
RESULT: {}
COMMAND: POST /session/c0099c8ef87d8f1a9c022bedeb80dcd8/execute/sync - {"script":"<script> [8489 bytes]","args":[{"element-6066-11e4-a52e-4f735466cecf":"f.37E7500FB3BEF60B72C91044CCDB3F00.d.077FF41F3C22507755CB9A6894D066B7.e.9618","ELEMENT":"f.37E7500FB3BEF60B72C91044CCDB3F00.d.077FF41F3C22507755CB9A6894D066B7.e.9618"}]}
RESULT: {"script":"<script> [8489 bytes]","args":[{"element-6066-11e4-a52e-4f735466cecf":"f.37E7500FB3BEF60B72C91044CCDB3F00.d.077FF41F3C22507755CB9A6894D066B7.e.9618","ELEMENT":"f.37E7500FB3BEF60B72C91044CCDB3F00.d.077FF41F3C22507755CB9A6894D066B7.e.9618"}]}
COMMAND: GET /session/c0099c8ef87d8f1a9c022bedeb80dcd8/screenshot - {}
RESULT: {}
COMMAND: POST /session/c0099c8ef87d8f1a9c022bedeb80dcd8/execute/sync - {"script":"<script> [8489 bytes]","args":[{"element-6066-11e4-a52e-4f735466cecf":"f.37E7500FB3BEF60B72C91044CCDB3F00.d.077FF41F3C22507755CB9A6894D066B7.e.9618","ELEMENT":"f.37E7500FB3BEF60B72C91044CCDB3F00.d.077FF41F3C22507755CB9A6894D066B7.e.9618"}]}
RESULT: {"script":"<script> [8489 bytes]","args":[{"element-6066-11e4-a52e-4f735466cecf":"f.37E7500FB3BEF60B72C91044CCDB3F00.d.077FF41F3C22507755CB9A6894D066B7.e.9618","ELEMENT":"f.37E7500FB3BEF60B72C91044CCDB3F00.d.077FF41F3C22507755CB9A6894D066B7.e.9618"}]}
COMMAND: GET /session/c0099c8ef87d8f1a9c022bedeb80dcd8/screenshot - {}
RESULT: {}
COMMAND: POST /session/c0099c8ef87d8f1a9c022bedeb80dcd8/execute/sync - {"script":"<script> [8489 bytes]","args":[{"element-6066-11e4-a52e-4f735466cecf":"f.37E7500FB3BEF60B72C91044CCDB3F00.d.077FF41F3C22507755CB9A6894D066B7.e.9618","ELEMENT":"f.37E7500FB3BEF60B72C91044CCDB3F00.d.077FF41F3C22507755CB9A6894D066B7.e.9618"}]}
RESULT: {"script":"<script> [8489 bytes]","args":[{"element-6066-11e4-a52e-4f735466cecf":"f.37E7500FB3BEF60B72C91044CCDB3F00.d.077FF41F3C22507755CB9A6894D066B7.e.9618","ELEMENT":"f.37E7500FB3BEF60B72C91044CCDB3F00.d.077FF41F3C22507755CB9A6894D066B7.e.9618"}]}
COMMAND: GET /session/c0099c8ef87d8f1a9c022bedeb80dcd8/screenshot - {}
RESULT: {}
COMMAND: POST /session/c0099c8ef87d8f1a9c022bedeb80dcd8/execute/sync - {"script":"<script> [8489 bytes]","args":[{"element-6066-11e4-a52e-4f735466cecf":"f.37E7500FB3BEF60B72C91044CCDB3F00.d.077FF41F3C22507755CB9A6894D066B7.e.9618","ELEMENT":"f.37E7500FB3BEF60B72C91044CCDB3F00.d.077FF41F3C22507755CB9A6894D066B7.e.9618"}]}
RESULT: {"script":"<script> [8489 bytes]","args":[{"element-6066-11e4-a52e-4f735466cecf":"f.37E7500FB3BEF60B72C91044CCDB3F00.d.077FF41F3C22507755CB9A6894D066B7.e.9618","ELEMENT":"f.37E7500FB3BEF60B72C91044CCDB3F00.d.077FF41F3C22507755CB9A6894D066B7.e.9618"}]}
COMMAND: GET /session/c0099c8ef87d8f1a9c022bedeb80dcd8/screenshot - {}
RESULT: {}
COMMAND: POST /session/c0099c8ef87d8f1a9c022bedeb80dcd8/execute/sync - {"script":"<script> [8489 bytes]","args":[{"element-6066-11e4-a52e-4f735466cecf":"f.37E7500FB3BEF60B72C91044CCDB3F00.d.077FF41F3C22507755CB9A6894D066B7.e.9618","ELEMENT":"f.37E7500FB3BEF60B72C91044CCDB3F00.d.077FF41F3C22507755CB9A6894D066B7.e.9618"}]}
RESULT: {"script":"<script> [8489 bytes]","args":[{"element-6066-11e4-a52e-4f735466cecf":"f.37E7500FB3BEF60B72C91044CCDB3F00.d.077FF41F3C22507755CB9A6894D066B7.e.9618","ELEMENT":"f.37E7500FB3BEF60B72C91044CCDB3F00.d.077FF41F3C22507755CB9A6894D066B7.e.9618"}]}
COMMAND: GET /session/c0099c8ef87d8f1a9c022bedeb80dcd8/screenshot - {}
RESULT: {}
COMMAND: POST /session/c0099c8ef87d8f1a9c022bedeb80dcd8/execute/sync - {"script":"<script> [8489 bytes]","args":[{"element-6066-11e4-a52e-4f735466cecf":"f.37E7500FB3BEF60B72C91044CCDB3F00.d.077FF41F3C22507755CB9A6894D066B7.e.9618","ELEMENT":"f.37E7500FB3BEF60B72C91044CCDB3F00.d.077FF41F3C22507755CB9A6894D066B7.e.9618"}]}
RESULT: {"script":"<script> [8489 bytes]","args":[{"element-6066-11e4-a52e-4f735466cecf":"f.37E7500FB3BEF60B72C91044CCDB3F00.d.077FF41F3C22507755CB9A6894D066B7.e.9618","ELEMENT":"f.37E7500FB3BEF60B72C91044CCDB3F00.d.077FF41F3C22507755CB9A6894D066B7.e.9618"}]}
COMMAND: GET /session/c0099c8ef87d8f1a9c022bedeb80dcd8/screenshot - {}
RESULT: {}
COMMAND: POST /session/c0099c8ef87d8f1a9c022bedeb80dcd8/execute/sync - {"script":"<script> [8489 bytes]","args":[{"element-6066-11e4-a52e-4f735466cecf":"f.37E7500FB3BEF60B72C91044CCDB3F00.d.077FF41F3C22507755CB9A6894D066B7.e.9618","ELEMENT":"f.37E7500FB3BEF60B72C91044CCDB3F00.d.077FF41F3C22507755CB9A6894D066B7.e.9618"}]}
RESULT: {"script":"<script> [8489 bytes]","args":[{"element-6066-11e4-a52e-4f735466cecf":"f.37E7500FB3BEF60B72C91044CCDB3F00.d.077FF41F3C22507755CB9A6894D066B7.e.9618","ELEMENT":"f.37E7500FB3BEF60B72C91044CCDB3F00.d.077FF41F3C22507755CB9A6894D066B7.e.9618"}]}
COMMAND: GET /session/c0099c8ef87d8f1a9c022bedeb80dcd8/screenshot - {}
RESULT: {}
COMMAND: POST /session/c0099c8ef87d8f1a9c022bedeb80dcd8/execute/sync - {"script":"<script> [8489 bytes]","args":[{"element-6066-11e4-a52e-4f735466cecf":"f.37E7500FB3BEF60B72C91044CCDB3F00.d.077FF41F3C22507755CB9A6894D066B7.e.9618","ELEMENT":"f.37E7500FB3BEF60B72C91044CCDB3F00.d.077FF41F3C22507755CB9A6894D066B7.e.9618"}]}
RESULT: {"script":"<script> [8489 bytes]","args":[{"element-6066-11e4-a52e-4f735466cecf":"f.37E7500FB3BEF60B72C91044CCDB3F00.d.077FF41F3C22507755CB9A6894D066B7.e.9618","ELEMENT":"f.37E7500FB3BEF60B72C91044CCDB3F00.d.077FF41F3C22507755CB9A6894D066B7.e.9618"}]}
COMMAND: GET /session/c0099c8ef87d8f1a9c022bedeb80dcd8/screenshot - {}
RESULT: {}
COMMAND: POST /session/c0099c8ef87d8f1a9c022bedeb80dcd8/execute/sync - {"script":"<script> [8489 bytes]","args":[{"element-6066-11e4-a52e-4f735466cecf":"f.37E7500FB3BEF60B72C91044CCDB3F00.d.077FF41F3C22507755CB9A6894D066B7.e.9618","ELEMENT":"f.37E7500FB3BEF60B72C91044CCDB3F00.d.077FF41F3C22507755CB9A6894D066B7.e.9618"}]}
RESULT: {"script":"<script> [8489 bytes]","args":[{"element-6066-11e4-a52e-4f735466cecf":"f.37E7500FB3BEF60B72C91044CCDB3F00.d.077FF41F3C22507755CB9A6894D066B7.e.9618","ELEMENT":"f.37E7500FB3BEF60B72C91044CCDB3F00.d.077FF41F3C22507755CB9A6894D066B7.e.9618"}]}
COMMAND: GET /session/c0099c8ef87d8f1a9c022bedeb80dcd8/screenshot - {}
RESULT: {}
COMMAND: POST /session/c0099c8ef87d8f1a9c022bedeb80dcd8/execute/sync - {"script":"<script> [8489 bytes]","args":[{"element-6066-11e4-a52e-4f735466cecf":"f.37E7500FB3BEF60B72C91044CCDB3F00.d.077FF41F3C22507755CB9A6894D066B7.e.9618","ELEMENT":"f.37E7500FB3BEF60B72C91044CCDB3F00.d.077FF41F3C22507755CB9A6894D066B7.e.9618"}]}
RESULT: {"script":"<script> [8489 bytes]","args":[{"element-6066-11e4-a52e-4f735466cecf":"f.37E7500FB3BEF60B72C91044CCDB3F00.d.077FF41F3C22507755CB9A6894D066B7.e.9618","ELEMENT":"f.37E7500FB3BEF60B72C91044CCDB3F00.d.077FF41F3C22507755CB9A6894D066B7.e.9618"}]}
COMMAND: GET /session/c0099c8ef87d8f1a9c022bedeb80dcd8/screenshot - {}
RESULT: {}
COMMAND: POST /session/c0099c8ef87d8f1a9c022bedeb80dcd8/execute/sync - {"script":"<script> [8489 bytes]","args":[{"element-6066-11e4-a52e-4f735466cecf":"f.37E7500FB3BEF60B72C91044CCDB3F00.d.077FF41F3C22507755CB9A6894D066B7.e.9618","ELEMENT":"f.37E7500FB3BEF60B72C91044CCDB3F00.d.077FF41F3C22507755CB9A6894D066B7.e.9618"}]}
RESULT: {"script":"<script> [8489 bytes]","args":[{"element-6066-11e4-a52e-4f735466cecf":"f.37E7500FB3BEF60B72C91044CCDB3F00.d.077FF41F3C22507755CB9A6894D066B7.e.9618","ELEMENT":"f.37E7500FB3BEF60B72C91044CCDB3F00.d.077FF41F3C22507755CB9A6894D066B7.e.9618"}]}
COMMAND: GET /session/c0099c8ef87d8f1a9c022bedeb80dcd8/screenshot - {}
RESULT: {}
COMMAND: POST /session/c0099c8ef87d8f1a9c022bedeb80dcd8/execute/sync - {"script":"<script> [8489 bytes]","args":[{"element-6066-11e4-a52e-4f735466cecf":"f.37E7500FB3BEF60B72C91044CCDB3F00.d.077FF41F3C22507755CB9A6894D066B7.e.9618","ELEMENT":"f.37E7500FB3BEF60B72C91044CCDB3F00.d.077FF41F3C22507755CB9A6894D066B7.e.9618"}]}
RESULT: {"script":"<script> [8489 bytes]","args":[{"element-6066-11e4-a52e-4f735466cecf":"f.37E7500FB3BEF60B72C91044CCDB3F00.d.077FF41F3C22507755CB9A6894D066B7.e.9618","ELEMENT":"f.37E7500FB3BEF60B72C91044CCDB3F00.d.077FF41F3C22507755CB9A6894D066B7.e.9618"}]}
COMMAND: GET /session/c0099c8ef87d8f1a9c022bedeb80dcd8/screenshot - {}
RESULT: {}
COMMAND: POST /session/c0099c8ef87d8f1a9c022bedeb80dcd8/execute/sync - {"script":"<script> [8489 bytes]","args":[{"element-6066-11e4-a52e-4f735466cecf":"f.37E7500FB3BEF60B72C91044CCDB3F00.d.077FF41F3C22507755CB9A6894D066B7.e.9618","ELEMENT":"f.37E7500FB3BEF60B72C91044CCDB3F00.d.077FF41F3C22507755CB9A6894D066B7.e.9618"}]}
RESULT: {"script":"<script> [8489 bytes]","args":[{"element-6066-11e4-a52e-4f735466cecf":"f.37E7500FB3BEF60B72C91044CCDB3F00.d.077FF41F3C22507755CB9A6894D066B7.e.9618","ELEMENT":"f.37E7500FB3BEF60B72C91044CCDB3F00.d.077FF41F3C22507755CB9A6894D066B7.e.9618"}]}
COMMAND: GET /session/c0099c8ef87d8f1a9c022bedeb80dcd8/screenshot - {}
RESULT: {}
COMMAND: POST /session/c0099c8ef87d8f1a9c022bedeb80dcd8/execute/sync - {"script":"<script> [8489 bytes]","args":[{"element-6066-11e4-a52e-4f735466cecf":"f.37E7500FB3BEF60B72C91044CCDB3F00.d.077FF41F3C22507755CB9A6894D066B7.e.9618","ELEMENT":"f.37E7500FB3BEF60B72C91044CCDB3F00.d.077FF41F3C22507755CB9A6894D066B7.e.9618"}]}
RESULT: {"script":"<script> [8489 bytes]","args":[{"element-6066-11e4-a52e-4f735466cecf":"f.37E7500FB3BEF60B72C91044CCDB3F00.d.077FF41F3C22507755CB9A6894D066B7.e.9618","ELEMENT":"f.37E7500FB3BEF60B72C91044CCDB3F00.d.077FF41F3C22507755CB9A6894D066B7.e.9618"}]}
COMMAND: GET /session/c0099c8ef87d8f1a9c022bedeb80dcd8/screenshot - {}
RESULT: {}
COMMAND: POST /session/c0099c8ef87d8f1a9c022bedeb80dcd8/execute/sync - {"script":"<script> [8489 bytes]","args":[{"element-6066-11e4-a52e-4f735466cecf":"f.37E7500FB3BEF60B72C91044CCDB3F00.d.077FF41F3C22507755CB9A6894D066B7.e.9618","ELEMENT":"f.37E7500FB3BEF60B72C91044CCDB3F00.d.077FF41F3C22507755CB9A6894D066B7.e.9618"}]}
RESULT: {"script":"<script> [8489 bytes]","args":[{"element-6066-11e4-a52e-4f735466cecf":"f.37E7500FB3BEF60B72C91044CCDB3F00.d.077FF41F3C22507755CB9A6894D066B7.e.9618","ELEMENT":"f.37E7500FB3BEF60B72C91044CCDB3F00.d.077FF41F3C22507755CB9A6894D066B7.e.9618"}]}
COMMAND: GET /session/c0099c8ef87d8f1a9c022bedeb80dcd8/screenshot - {}
RESULT: {}
COMMAND: POST /session/c0099c8ef87d8f1a9c022bedeb80dcd8/execute/sync - {"script":"<script> [8489 bytes]","args":[{"element-6066-11e4-a52e-4f735466cecf":"f.37E7500FB3BEF60B72C91044CCDB3F00.d.077FF41F3C22507755CB9A6894D066B7.e.9618","ELEMENT":"f.37E7500FB3BEF60B72C91044CCDB3F00.d.077FF41F3C22507755CB9A6894D066B7.e.9618"}]}
RESULT: {"script":"<script> [8489 bytes]","args":[{"element-6066-11e4-a52e-4f735466cecf":"f.37E7500FB3BEF60B72C91044CCDB3F00.d.077FF41F3C22507755CB9A6894D066B7.e.9618","ELEMENT":"f.37E7500FB3BEF60B72C91044CCDB3F00.d.077FF41F3C22507755CB9A6894D066B7.e.9618"}]}
COMMAND: GET /session/c0099c8ef87d8f1a9c022bedeb80dcd8/screenshot - {}
RESULT: {}
COMMAND: POST /session/c0099c8ef87d8f1a9c022bedeb80dcd8/execute/sync - {"script":"<script> [8489 bytes]","args":[{"element-6066-11e4-a52e-4f735466cecf":"f.37E7500FB3BEF60B72C91044CCDB3F00.d.077FF41F3C22507755CB9A6894D066B7.e.9618","ELEMENT":"f.37E7500FB3BEF60B72C91044CCDB3F00.d.077FF41F3C22507755CB9A6894D066B7.e.9618"}]}
RESULT: {"script":"<script> [8489 bytes]","args":[{"element-6066-11e4-a52e-4f735466cecf":"f.37E7500FB3BEF60B72C91044CCDB3F00.d.077FF41F3C22507755CB9A6894D066B7.e.9618","ELEMENT":"f.37E7500FB3BEF60B72C91044CCDB3F00.d.077FF41F3C22507755CB9A6894D066B7.e.9618"}]}
COMMAND: GET /session/c0099c8ef87d8f1a9c022bedeb80dcd8/screenshot - {}
RESULT: {}
COMMAND: POST /session/c0099c8ef87d8f1a9c022bedeb80dcd8/execute/sync - {"script":"<script> [8489 bytes]","args":[{"element-6066-11e4-a52e-4f735466cecf":"f.37E7500FB3BEF60B72C91044CCDB3F00.d.077FF41F3C22507755CB9A6894D066B7.e.9618","ELEMENT":"f.37E7500FB3BEF60B72C91044CCDB3F00.d.077FF41F3C22507755CB9A6894D066B7.e.9618"}]}
RESULT: {"script":"<script> [8489 bytes]","args":[{"element-6066-11e4-a52e-4f735466cecf":"f.37E7500FB3BEF60B72C91044CCDB3F00.d.077FF41F3C22507755CB9A6894D066B7.e.9618","ELEMENT":"f.37E7500FB3BEF60B72C91044CCDB3F00.d.077FF41F3C22507755CB9A6894D066B7.e.9618"}]}
COMMAND: GET /session/c0099c8ef87d8f1a9c022bedeb80dcd8/screenshot - {}
RESULT: {}
COMMAND: POST /session/c0099c8ef87d8f1a9c022bedeb80dcd8/execute/sync - {"script":"<script> [8489 bytes]","args":[{"element-6066-11e4-a52e-4f735466cecf":"f.37E7500FB3BEF60B72C91044CCDB3F00.d.077FF41F3C22507755CB9A6894D066B7.e.9618","ELEMENT":"f.37E7500FB3BEF60B72C91044CCDB3F00.d.077FF41F3C22507755CB9A6894D066B7.e.9618"}]}
RESULT: {"script":"<script> [8489 bytes]","args":[{"element-6066-11e4-a52e-4f735466cecf":"f.37E7500FB3BEF60B72C91044CCDB3F00.d.077FF41F3C22507755CB9A6894D066B7.e.9618","ELEMENT":"f.37E7500FB3BEF60B72C91044CCDB3F00.d.077FF41F3C22507755CB9A6894D066B7.e.9618"}]}
COMMAND: GET /session/c0099c8ef87d8f1a9c022bedeb80dcd8/screenshot - {}
RESULT: {}
COMMAND: POST /session/c0099c8ef87d8f1a9c022bedeb80dcd8/execute/sync - {"script":"<script> [8489 bytes]","args":[{"element-6066-11e4-a52e-4f735466cecf":"f.37E7500FB3BEF60B72C91044CCDB3F00.d.077FF41F3C22507755CB9A6894D066B7.e.9618","ELEMENT":"f.37E7500FB3BEF60B72C91044CCDB3F00.d.077FF41F3C22507755CB9A6894D066B7.e.9618"}]}
RESULT: {"script":"<script> [8489 bytes]","args":[{"element-6066-11e4-a52e-4f735466cecf":"f.37E7500FB3BEF60B72C91044CCDB3F00.d.077FF41F3C22507755CB9A6894D066B7.e.9618","ELEMENT":"f.37E7500FB3BEF60B72C91044CCDB3F00.d.077FF41F3C22507755CB9A6894D066B7.e.9618"}]}
COMMAND: GET /session/c0099c8ef87d8f1a9c022bedeb80dcd8/screenshot - {}
RESULT: {}
COMMAND: POST /session/c0099c8ef87d8f1a9c022bedeb80dcd8/execute/sync - {"script":"<script> [8489 bytes]","args":[{"element-6066-11e4-a52e-4f735466cecf":"f.37E7500FB3BEF60B72C91044CCDB3F00.d.077FF41F3C22507755CB9A6894D066B7.e.9618","ELEMENT":"f.37E7500FB3BEF60B72C91044CCDB3F00.d.077FF41F3C22507755CB9A6894D066B7.e.9618"}]}
RESULT: {"script":"<script> [8489 bytes]","args":[{"element-6066-11e4-a52e-4f735466cecf":"f.37E7500FB3BEF60B72C91044CCDB3F00.d.077FF41F3C22507755CB9A6894D066B7.e.9618","ELEMENT":"f.37E7500FB3BEF60B72C91044CCDB3F00.d.077FF41F3C22507755CB9A6894D066B7.e.9618"}]}
COMMAND: GET /session/c0099c8ef87d8f1a9c022bedeb80dcd8/screenshot - {}
RESULT: {}
COMMAND: POST /session/c0099c8ef87d8f1a9c022bedeb80dcd8/execute/sync - {"script":"<script> [8489 bytes]","args":[{"element-6066-11e4-a52e-4f735466cecf":"f.37E7500FB3BEF60B72C91044CCDB3F00.d.077FF41F3C22507755CB9A6894D066B7.e.9618","ELEMENT":"f.37E7500FB3BEF60B72C91044CCDB3F00.d.077FF41F3C22507755CB9A6894D066B7.e.9618"}]}
RESULT: {"script":"<script> [8489 bytes]","args":[{"element-6066-11e4-a52e-4f735466cecf":"f.37E7500FB3BEF60B72C91044CCDB3F00.d.077FF41F3C22507755CB9A6894D066B7.e.9618","ELEMENT":"f.37E7500FB3BEF60B72C91044CCDB3F00.d.077FF41F3C22507755CB9A6894D066B7.e.9618"}]}
COMMAND: GET /session/c0099c8ef87d8f1a9c022bedeb80dcd8/screenshot - {}
RESULT: {}
COMMAND: POST /session/c0099c8ef87d8f1a9c022bedeb80dcd8/execute/sync - {"script":"<script> [8489 bytes]","args":[{"element-6066-11e4-a52e-4f735466cecf":"f.37E7500FB3BEF60B72C91044CCDB3F00.d.077FF41F3C22507755CB9A6894D066B7.e.9618","ELEMENT":"f.37E7500FB3BEF60B72C91044CCDB3F00.d.077FF41F3C22507755CB9A6894D066B7.e.9618"}]}
RESULT: {"script":"<script> [8489 bytes]","args":[{"element-6066-11e4-a52e-4f735466cecf":"f.37E7500FB3BEF60B72C91044CCDB3F00.d.077FF41F3C22507755CB9A6894D066B7.e.9618","ELEMENT":"f.37E7500FB3BEF60B72C91044CCDB3F00.d.077FF41F3C22507755CB9A6894D066B7.e.9618"}]}
COMMAND: GET /session/c0099c8ef87d8f1a9c022bedeb80dcd8/screenshot - {}
RESULT: {}
COMMAND: POST /session/c0099c8ef87d8f1a9c022bedeb80dcd8/execute/sync - {"script":"<script> [8489 bytes]","args":[{"element-6066-11e4-a52e-4f735466cecf":"f.37E7500FB3BEF60B72C91044CCDB3F00.d.077FF41F3C22507755CB9A6894D066B7.e.9618","ELEMENT":"f.37E7500FB3BEF60B72C91044CCDB3F00.d.077FF41F3C22507755CB9A6894D066B7.e.9618"}]}
RESULT: {"script":"<script> [8489 bytes]","args":[{"element-6066-11e4-a52e-4f735466cecf":"f.37E7500FB3BEF60B72C91044CCDB3F00.d.077FF41F3C22507755CB9A6894D066B7.e.9618","ELEMENT":"f.37E7500FB3BEF60B72C91044CCDB3F00.d.077FF41F3C22507755CB9A6894D066B7.e.9618"}]}
COMMAND: GET /session/c0099c8ef87d8f1a9c022bedeb80dcd8/screenshot - {}
RESULT: {}
COMMAND: POST /session/c0099c8ef87d8f1a9c022bedeb80dcd8/execute/sync - {"script":"<script> [8489 bytes]","args":[{"element-6066-11e4-a52e-4f735466cecf":"f.37E7500FB3BEF60B72C91044CCDB3F00.d.077FF41F3C22507755CB9A6894D066B7.e.9618","ELEMENT":"f.37E7500FB3BEF60B72C91044CCDB3F00.d.077FF41F3C22507755CB9A6894D066B7.e.9618"}]}
RESULT: {"script":"<script> [8489 bytes]","args":[{"element-6066-11e4-a52e-4f735466cecf":"f.37E7500FB3BEF60B72C91044CCDB3F00.d.077FF41F3C22507755CB9A6894D066B7.e.9618","ELEMENT":"f.37E7500FB3BEF60B72C91044CCDB3F00.d.077FF41F3C22507755CB9A6894D066B7.e.9618"}]}
COMMAND: GET /session/c0099c8ef87d8f1a9c022bedeb80dcd8/screenshot - {}
RESULT: {}
COMMAND: POST /session/c0099c8ef87d8f1a9c022bedeb80dcd8/execute/sync - {"script":"<script> [8489 bytes]","args":[{"element-6066-11e4-a52e-4f735466cecf":"f.37E7500FB3BEF60B72C91044CCDB3F00.d.077FF41F3C22507755CB9A6894D066B7.e.9618","ELEMENT":"f.37E7500FB3BEF60B72C91044CCDB3F00.d.077FF41F3C22507755CB9A6894D066B7.e.9618"}]}
RESULT: {"script":"<script> [8489 bytes]","args":[{"element-6066-11e4-a52e-4f735466cecf":"f.37E7500FB3BEF60B72C91044CCDB3F00.d.077FF41F3C22507755CB9A6894D066B7.e.9618","ELEMENT":"f.37E7500FB3BEF60B72C91044CCDB3F00.d.077FF41F3C22507755CB9A6894D066B7.e.9618"}]}
COMMAND: GET /session/c0099c8ef87d8f1a9c022bedeb80dcd8/screenshot - {}
RESULT: {}
COMMAND: POST /session/c0099c8ef87d8f1a9c022bedeb80dcd8/execute/sync - {"script":"<script> [8489 bytes]","args":[{"element-6066-11e4-a52e-4f735466cecf":"f.37E7500FB3BEF60B72C91044CCDB3F00.d.077FF41F3C22507755CB9A6894D066B7.e.9618","ELEMENT":"f.37E7500FB3BEF60B72C91044CCDB3F00.d.077FF41F3C22507755CB9A6894D066B7.e.9618"}]}
RESULT: {"script":"<script> [8489 bytes]","args":[{"element-6066-11e4-a52e-4f735466cecf":"f.37E7500FB3BEF60B72C91044CCDB3F00.d.077FF41F3C22507755CB9A6894D066B7.e.9618","ELEMENT":"f.37E7500FB3BEF60B72C91044CCDB3F00.d.077FF41F3C22507755CB9A6894D066B7.e.9618"}]}
COMMAND: GET /session/c0099c8ef87d8f1a9c022bedeb80dcd8/screenshot - {}
RESULT: {}
COMMAND: POST /session/c0099c8ef87d8f1a9c022bedeb80dcd8/execute/sync - {"script":"<script> [8489 bytes]","args":[{"element-6066-11e4-a52e-4f735466cecf":"f.37E7500FB3BEF60B72C91044CCDB3F00.d.077FF41F3C22507755CB9A6894D066B7.e.9618","ELEMENT":"f.37E7500FB3BEF60B72C91044CCDB3F00.d.077FF41F3C22507755CB9A6894D066B7.e.9618"}]}
RESULT: {"script":"<script> [8489 bytes]","args":[{"element-6066-11e4-a52e-4f735466cecf":"f.37E7500FB3BEF60B72C91044CCDB3F00.d.077FF41F3C22507755CB9A6894D066B7.e.9618","ELEMENT":"f.37E7500FB3BEF60B72C91044CCDB3F00.d.077FF41F3C22507755CB9A6894D066B7.e.9618"}]}
COMMAND: GET /session/c0099c8ef87d8f1a9c022bedeb80dcd8/screenshot - {}
RESULT: {}
COMMAND: POST /session/c0099c8ef87d8f1a9c022bedeb80dcd8/execute/sync - {"script":"<script> [8489 bytes]","args":[{"element-6066-11e4-a52e-4f735466cecf":"f.37E7500FB3BEF60B72C91044CCDB3F00.d.077FF41F3C22507755CB9A6894D066B7.e.9618","ELEMENT":"f.37E7500FB3BEF60B72C91044CCDB3F00.d.077FF41F3C22507755CB9A6894D066B7.e.9618"}]}
RESULT: {"script":"<script> [8489 bytes]","args":[{"element-6066-11e4-a52e-4f735466cecf":"f.37E7500FB3BEF60B72C91044CCDB3F00.d.077FF41F3C22507755CB9A6894D066B7.e.9618","ELEMENT":"f.37E7500FB3BEF60B72C91044CCDB3F00.d.077FF41F3C22507755CB9A6894D066B7.e.9618"}]}
COMMAND: GET /session/c0099c8ef87d8f1a9c022bedeb80dcd8/screenshot - {}
RESULT: {}
COMMAND: POST /session/c0099c8ef87d8f1a9c022bedeb80dcd8/execute/sync - {"script":"<script> [8489 bytes]","args":[{"element-6066-11e4-a52e-4f735466cecf":"f.37E7500FB3BEF60B72C91044CCDB3F00.d.077FF41F3C22507755CB9A6894D066B7.e.9618","ELEMENT":"f.37E7500FB3BEF60B72C91044CCDB3F00.d.077FF41F3C22507755CB9A6894D066B7.e.9618"}]}
RESULT: {"script":"<script> [8489 bytes]","args":[{"element-6066-11e4-a52e-4f735466cecf":"f.37E7500FB3BEF60B72C91044CCDB3F00.d.077FF41F3C22507755CB9A6894D066B7.e.9618","ELEMENT":"f.37E7500FB3BEF60B72C91044CCDB3F00.d.077FF41F3C22507755CB9A6894D066B7.e.9618"}]}
COMMAND: GET /session/c0099c8ef87d8f1a9c022bedeb80dcd8/screenshot - {}
RESULT: {}
COMMAND: POST /session/c0099c8ef87d8f1a9c022bedeb80dcd8/execute/sync - {"script":"<script> [8489 bytes]","args":[{"element-6066-11e4-a52e-4f735466cecf":"f.37E7500FB3BEF60B72C91044CCDB3F00.d.077FF41F3C22507755CB9A6894D066B7.e.9618","ELEMENT":"f.37E7500FB3BEF60B72C91044CCDB3F00.d.077FF41F3C22507755CB9A6894D066B7.e.9618"}]}
RESULT: {"script":"<script> [8489 bytes]","args":[{"element-6066-11e4-a52e-4f735466cecf":"f.37E7500FB3BEF60B72C91044CCDB3F00.d.077FF41F3C22507755CB9A6894D066B7.e.9618","ELEMENT":"f.37E7500FB3BEF60B72C91044CCDB3F00.d.077FF41F3C22507755CB9A6894D066B7.e.9618"}]}
COMMAND: GET /session/c0099c8ef87d8f1a9c022bedeb80dcd8/screenshot - {}
RESULT: {}
COMMAND: POST /session/c0099c8ef87d8f1a9c022bedeb80dcd8/execute/sync - {"script":"<script> [8489 bytes]","args":[{"element-6066-11e4-a52e-4f735466cecf":"f.37E7500FB3BEF60B72C91044CCDB3F00.d.077FF41F3C22507755CB9A6894D066B7.e.9618","ELEMENT":"f.37E7500FB3BEF60B72C91044CCDB3F00.d.077FF41F3C22507755CB9A6894D066B7.e.9618"}]}
RESULT: {"script":"<script> [8489 bytes]","args":[{"element-6066-11e4-a52e-4f735466cecf":"f.37E7500FB3BEF60B72C91044CCDB3F00.d.077FF41F3C22507755CB9A6894D066B7.e.9618","ELEMENT":"f.37E7500FB3BEF60B72C91044CCDB3F00.d.077FF41F3C22507755CB9A6894D066B7.e.9618"}]}
COMMAND: GET /session/c0099c8ef87d8f1a9c022bedeb80dcd8/screenshot - {}
COMMAND: POST /session/c0099c8ef87d8f1a9c022bedeb80dcd8/execute/sync - {"script":"<script> [8489 bytes]","args":[{"element-6066-11e4-a52e-4f735466cecf":"f.37E7500FB3BEF60B72C91044CCDB3F00.d.077FF41F3C22507755CB9A6894D066B7.e.9618","ELEMENT":"f.37E7500FB3BEF60B72C91044CCDB3F00.d.077FF41F3C22507755CB9A6894D066B7.e.9618"}]}
RESULT: {}
RESULT: {"script":"<script> [8489 bytes]","args":[{"element-6066-11e4-a52e-4f735466cecf":"f.37E7500FB3BEF60B72C91044CCDB3F00.d.077FF41F3C22507755CB9A6894D066B7.e.9618","ELEMENT":"f.37E7500FB3BEF60B72C91044CCDB3F00.d.077FF41F3C22507755CB9A6894D066B7.e.9618"}]}
COMMAND: GET /session/c0099c8ef87d8f1a9c022bedeb80dcd8/screenshot - {}
RESULT: {}
COMMAND: POST /session/c0099c8ef87d8f1a9c022bedeb80dcd8/execute/sync - {"script":"<script> [8489 bytes]","args":[{"element-6066-11e4-a52e-4f735466cecf":"f.37E7500FB3BEF60B72C91044CCDB3F00.d.077FF41F3C22507755CB9A6894D066B7.e.9618","ELEMENT":"f.37E7500FB3BEF60B72C91044CCDB3F00.d.077FF41F3C22507755CB9A6894D066B7.e.9618"}]}
RESULT: {"script":"<script> [8489 bytes]","args":[{"element-6066-11e4-a52e-4f735466cecf":"f.37E7500FB3BEF60B72C91044CCDB3F00.d.077FF41F3C22507755CB9A6894D066B7.e.9618","ELEMENT":"f.37E7500FB3BEF60B72C91044CCDB3F00.d.077FF41F3C22507755CB9A6894D066B7.e.9618"}]}
COMMAND: GET /session/c0099c8ef87d8f1a9c022bedeb80dcd8/screenshot - {}
RESULT: {}
COMMAND: POST /session/c0099c8ef87d8f1a9c022bedeb80dcd8/execute/sync - {"script":"<script> [8489 bytes]","args":[{"element-6066-11e4-a52e-4f735466cecf":"f.37E7500FB3BEF60B72C91044CCDB3F00.d.077FF41F3C22507755CB9A6894D066B7.e.9618","ELEMENT":"f.37E7500FB3BEF60B72C91044CCDB3F00.d.077FF41F3C22507755CB9A6894D066B7.e.9618"}]}
RESULT: {"script":"<script> [8489 bytes]","args":[{"element-6066-11e4-a52e-4f735466cecf":"f.37E7500FB3BEF60B72C91044CCDB3F00.d.077FF41F3C22507755CB9A6894D066B7.e.9618","ELEMENT":"f.37E7500FB3BEF60B72C91044CCDB3F00.d.077FF41F3C22507755CB9A6894D066B7.e.9618"}]}
COMMAND: GET /session/c0099c8ef87d8f1a9c022bedeb80dcd8/screenshot - {}
RESULT: {}
COMMAND: POST /session/c0099c8ef87d8f1a9c022bedeb80dcd8/execute/sync - {"script":"<script> [8489 bytes]","args":[{"element-6066-11e4-a52e-4f735466cecf":"f.37E7500FB3BEF60B72C91044CCDB3F00.d.077FF41F3C22507755CB9A6894D066B7.e.9618","ELEMENT":"f.37E7500FB3BEF60B72C91044CCDB3F00.d.077FF41F3C22507755CB9A6894D066B7.e.9618"}]}
RESULT: {"script":"<script> [8489 bytes]","args":[{"element-6066-11e4-a52e-4f735466cecf":"f.37E7500FB3BEF60B72C91044CCDB3F00.d.077FF41F3C22507755CB9A6894D066B7.e.9618","ELEMENT":"f.37E7500FB3BEF60B72C91044CCDB3F00.d.077FF41F3C22507755CB9A6894D066B7.e.9618"}]}
COMMAND: GET /session/c0099c8ef87d8f1a9c022bedeb80dcd8/screenshot - {}
RESULT: {}
COMMAND: POST /session/c0099c8ef87d8f1a9c022bedeb80dcd8/execute/sync - {"script":"<script> [8489 bytes]","args":[{"element-6066-11e4-a52e-4f735466cecf":"f.37E7500FB3BEF60B72C91044CCDB3F00.d.077FF41F3C22507755CB9A6894D066B7.e.9618","ELEMENT":"f.37E7500FB3BEF60B72C91044CCDB3F00.d.077FF41F3C22507755CB9A6894D066B7.e.9618"}]}
RESULT: {"script":"<script> [8489 bytes]","args":[{"element-6066-11e4-a52e-4f735466cecf":"f.37E7500FB3BEF60B72C91044CCDB3F00.d.077FF41F3C22507755CB9A6894D066B7.e.9618","ELEMENT":"f.37E7500FB3BEF60B72C91044CCDB3F00.d.077FF41F3C22507755CB9A6894D066B7.e.9618"}]}
COMMAND: GET /session/c0099c8ef87d8f1a9c022bedeb80dcd8/screenshot - {}
RESULT: {}
COMMAND: POST /session/c0099c8ef87d8f1a9c022bedeb80dcd8/execute/sync - {"script":"<script> [8489 bytes]","args":[{"element-6066-11e4-a52e-4f735466cecf":"f.37E7500FB3BEF60B72C91044CCDB3F00.d.077FF41F3C22507755CB9A6894D066B7.e.9618","ELEMENT":"f.37E7500FB3BEF60B72C91044CCDB3F00.d.077FF41F3C22507755CB9A6894D066B7.e.9618"}]}
RESULT: {"script":"<script> [8489 bytes]","args":[{"element-6066-11e4-a52e-4f735466cecf":"f.37E7500FB3BEF60B72C91044CCDB3F00.d.077FF41F3C22507755CB9A6894D066B7.e.9618","ELEMENT":"f.37E7500FB3BEF60B72C91044CCDB3F00.d.077FF41F3C22507755CB9A6894D066B7.e.9618"}]}
COMMAND: GET /session/c0099c8ef87d8f1a9c022bedeb80dcd8/screenshot - {}
RESULT: {}
COMMAND: POST /session/c0099c8ef87d8f1a9c022bedeb80dcd8/execute/sync - {"script":"<script> [8489 bytes]","args":[{"element-6066-11e4-a52e-4f735466cecf":"f.37E7500FB3BEF60B72C91044CCDB3F00.d.077FF41F3C22507755CB9A6894D066B7.e.9618","ELEMENT":"f.37E7500FB3BEF60B72C91044CCDB3F00.d.077FF41F3C22507755CB9A6894D066B7.e.9618"}]}
RESULT: {"script":"<script> [8489 bytes]","args":[{"element-6066-11e4-a52e-4f735466cecf":"f.37E7500FB3BEF60B72C91044CCDB3F00.d.077FF41F3C22507755CB9A6894D066B7.e.9618","ELEMENT":"f.37E7500FB3BEF60B72C91044CCDB3F00.d.077FF41F3C22507755CB9A6894D066B7.e.9618"}]}
COMMAND: GET /session/c0099c8ef87d8f1a9c022bedeb80dcd8/screenshot - {}
RESULT: {}
COMMAND: POST /session/c0099c8ef87d8f1a9c022bedeb80dcd8/execute/sync - {"script":"<script> [8489 bytes]","args":[{"element-6066-11e4-a52e-4f735466cecf":"f.37E7500FB3BEF60B72C91044CCDB3F00.d.077FF41F3C22507755CB9A6894D066B7.e.9618","ELEMENT":"f.37E7500FB3BEF60B72C91044CCDB3F00.d.077FF41F3C22507755CB9A6894D066B7.e.9618"}]}
RESULT: {"script":"<script> [8489 bytes]","args":[{"element-6066-11e4-a52e-4f735466cecf":"f.37E7500FB3BEF60B72C91044CCDB3F00.d.077FF41F3C22507755CB9A6894D066B7.e.9618","ELEMENT":"f.37E7500FB3BEF60B72C91044CCDB3F00.d.077FF41F3C22507755CB9A6894D066B7.e.9618"}]}
COMMAND: GET /session/c0099c8ef87d8f1a9c022bedeb80dcd8/screenshot - {}
RESULT: {}
COMMAND: POST /session/c0099c8ef87d8f1a9c022bedeb80dcd8/execute/sync - {"script":"<script> [8489 bytes]","args":[{"element-6066-11e4-a52e-4f735466cecf":"f.37E7500FB3BEF60B72C91044CCDB3F00.d.077FF41F3C22507755CB9A6894D066B7.e.9618","ELEMENT":"f.37E7500FB3BEF60B72C91044CCDB3F00.d.077FF41F3C22507755CB9A6894D066B7.e.9618"}]}
RESULT: {"script":"<script> [8489 bytes]","args":[{"element-6066-11e4-a52e-4f735466cecf":"f.37E7500FB3BEF60B72C91044CCDB3F00.d.077FF41F3C22507755CB9A6894D066B7.e.9618","ELEMENT":"f.37E7500FB3BEF60B72C91044CCDB3F00.d.077FF41F3C22507755CB9A6894D066B7.e.9618"}]}
COMMAND: GET /session/c0099c8ef87d8f1a9c022bedeb80dcd8/screenshot - {}
RESULT: {}
COMMAND: POST /session/c0099c8ef87d8f1a9c022bedeb80dcd8/execute/sync - {"script":"<script> [8489 bytes]","args":[{"element-6066-11e4-a52e-4f735466cecf":"f.37E7500FB3BEF60B72C91044CCDB3F00.d.077FF41F3C22507755CB9A6894D066B7.e.9618","ELEMENT":"f.37E7500FB3BEF60B72C91044CCDB3F00.d.077FF41F3C22507755CB9A6894D066B7.e.9618"}]}
RESULT: {"script":"<script> [8489 bytes]","args":[{"element-6066-11e4-a52e-4f735466cecf":"f.37E7500FB3BEF60B72C91044CCDB3F00.d.077FF41F3C22507755CB9A6894D066B7.e.9618","ELEMENT":"f.37E7500FB3BEF60B72C91044CCDB3F00.d.077FF41F3C22507755CB9A6894D066B7.e.9618"}]}
COMMAND: GET /session/c0099c8ef87d8f1a9c022bedeb80dcd8/screenshot - {}
RESULT: {}
COMMAND: POST /session/c0099c8ef87d8f1a9c022bedeb80dcd8/execute/sync - {"script":"<script> [8489 bytes]","args":[{"element-6066-11e4-a52e-4f735466cecf":"f.37E7500FB3BEF60B72C91044CCDB3F00.d.077FF41F3C22507755CB9A6894D066B7.e.9618","ELEMENT":"f.37E7500FB3BEF60B72C91044CCDB3F00.d.077FF41F3C22507755CB9A6894D066B7.e.9618"}]}
RESULT: {"script":"<script> [8489 bytes]","args":[{"element-6066-11e4-a52e-4f735466cecf":"f.37E7500FB3BEF60B72C91044CCDB3F00.d.077FF41F3C22507755CB9A6894D066B7.e.9618","ELEMENT":"f.37E7500FB3BEF60B72C91044CCDB3F00.d.077FF41F3C22507755CB9A6894D066B7.e.9618"}]}
COMMAND: GET /session/c0099c8ef87d8f1a9c022bedeb80dcd8/screenshot - {}
RESULT: {}
COMMAND: POST /session/c0099c8ef87d8f1a9c022bedeb80dcd8/execute/sync - {"script":"<script> [8489 bytes]","args":[{"element-6066-11e4-a52e-4f735466cecf":"f.37E7500FB3BEF60B72C91044CCDB3F00.d.077FF41F3C22507755CB9A6894D066B7.e.9618","ELEMENT":"f.37E7500FB3BEF60B72C91044CCDB3F00.d.077FF41F3C22507755CB9A6894D066B7.e.9618"}]}
RESULT: {"script":"<script> [8489 bytes]","args":[{"element-6066-11e4-a52e-4f735466cecf":"f.37E7500FB3BEF60B72C91044CCDB3F00.d.077FF41F3C22507755CB9A6894D066B7.e.9618","ELEMENT":"f.37E7500FB3BEF60B72C91044CCDB3F00.d.077FF41F3C22507755CB9A6894D066B7.e.9618"}]}
COMMAND: GET /session/c0099c8ef87d8f1a9c022bedeb80dcd8/screenshot - {}
RESULT: {}
COMMAND: POST /session/c0099c8ef87d8f1a9c022bedeb80dcd8/execute/sync - {"script":"<script> [8489 bytes]","args":[{"element-6066-11e4-a52e-4f735466cecf":"f.37E7500FB3BEF60B72C91044CCDB3F00.d.077FF41F3C22507755CB9A6894D066B7.e.9618","ELEMENT":"f.37E7500FB3BEF60B72C91044CCDB3F00.d.077FF41F3C22507755CB9A6894D066B7.e.9618"}]}
RESULT: {"script":"<script> [8489 bytes]","args":[{"element-6066-11e4-a52e-4f735466cecf":"f.37E7500FB3BEF60B72C91044CCDB3F00.d.077FF41F3C22507755CB9A6894D066B7.e.9618","ELEMENT":"f.37E7500FB3BEF60B72C91044CCDB3F00.d.077FF41F3C22507755CB9A6894D066B7.e.9618"}]}
COMMAND: GET /session/c0099c8ef87d8f1a9c022bedeb80dcd8/screenshot - {}
RESULT: {}
COMMAND: POST /session/c0099c8ef87d8f1a9c022bedeb80dcd8/execute/sync - {"script":"<script> [8489 bytes]","args":[{"element-6066-11e4-a52e-4f735466cecf":"f.37E7500FB3BEF60B72C91044CCDB3F00.d.077FF41F3C22507755CB9A6894D066B7.e.9618","ELEMENT":"f.37E7500FB3BEF60B72C91044CCDB3F00.d.077FF41F3C22507755CB9A6894D066B7.e.9618"}]}
RESULT: {"script":"<script> [8489 bytes]","args":[{"element-6066-11e4-a52e-4f735466cecf":"f.37E7500FB3BEF60B72C91044CCDB3F00.d.077FF41F3C22507755CB9A6894D066B7.e.9618","ELEMENT":"f.37E7500FB3BEF60B72C91044CCDB3F00.d.077FF41F3C22507755CB9A6894D066B7.e.9618"}]}
COMMAND: GET /session/c0099c8ef87d8f1a9c022bedeb80dcd8/screenshot - {}
RESULT: {}
COMMAND: POST /session/c0099c8ef87d8f1a9c022bedeb80dcd8/execute/sync - {"script":"<script> [8489 bytes]","args":[{"element-6066-11e4-a52e-4f735466cecf":"f.37E7500FB3BEF60B72C91044CCDB3F00.d.077FF41F3C22507755CB9A6894D066B7.e.9618","ELEMENT":"f.37E7500FB3BEF60B72C91044CCDB3F00.d.077FF41F3C22507755CB9A6894D066B7.e.9618"}]}
RESULT: {"script":"<script> [8489 bytes]","args":[{"element-6066-11e4-a52e-4f735466cecf":"f.37E7500FB3BEF60B72C91044CCDB3F00.d.077FF41F3C22507755CB9A6894D066B7.e.9618","ELEMENT":"f.37E7500FB3BEF60B72C91044CCDB3F00.d.077FF41F3C22507755CB9A6894D066B7.e.9618"}]}
COMMAND: GET /session/c0099c8ef87d8f1a9c022bedeb80dcd8/screenshot - {}
RESULT: {}
COMMAND: POST /session/c0099c8ef87d8f1a9c022bedeb80dcd8/execute/sync - {"script":"<script> [8489 bytes]","args":[{"element-6066-11e4-a52e-4f735466cecf":"f.37E7500FB3BEF60B72C91044CCDB3F00.d.077FF41F3C22507755CB9A6894D066B7.e.9618","ELEMENT":"f.37E7500FB3BEF60B72C91044CCDB3F00.d.077FF41F3C22507755CB9A6894D066B7.e.9618"}]}
RESULT: {"script":"<script> [8489 bytes]","args":[{"element-6066-11e4-a52e-4f735466cecf":"f.37E7500FB3BEF60B72C91044CCDB3F00.d.077FF41F3C22507755CB9A6894D066B7.e.9618","ELEMENT":"f.37E7500FB3BEF60B72C91044CCDB3F00.d.077FF41F3C22507755CB9A6894D066B7.e.9618"}]}
COMMAND: GET /session/c0099c8ef87d8f1a9c022bedeb80dcd8/screenshot - {}
RESULT: {}
COMMAND: POST /session/c0099c8ef87d8f1a9c022bedeb80dcd8/execute/sync - {"script":"<script> [8489 bytes]","args":[{"element-6066-11e4-a52e-4f735466cecf":"f.37E7500FB3BEF60B72C91044CCDB3F00.d.077FF41F3C22507755CB9A6894D066B7.e.9618","ELEMENT":"f.37E7500FB3BEF60B72C91044CCDB3F00.d.077FF41F3C22507755CB9A6894D066B7.e.9618"}]}
RESULT: {"script":"<script> [8489 bytes]","args":[{"element-6066-11e4-a52e-4f735466cecf":"f.37E7500FB3BEF60B72C91044CCDB3F00.d.077FF41F3C22507755CB9A6894D066B7.e.9618","ELEMENT":"f.37E7500FB3BEF60B72C91044CCDB3F00.d.077FF41F3C22507755CB9A6894D066B7.e.9618"}]}
COMMAND: GET /session/c0099c8ef87d8f1a9c022bedeb80dcd8/screenshot - {}
RESULT: {}
COMMAND: POST /session/c0099c8ef87d8f1a9c022bedeb80dcd8/execute/sync - {"script":"<script> [8489 bytes]","args":[{"element-6066-11e4-a52e-4f735466cecf":"f.37E7500FB3BEF60B72C91044CCDB3F00.d.077FF41F3C22507755CB9A6894D066B7.e.9618","ELEMENT":"f.37E7500FB3BEF60B72C91044CCDB3F00.d.077FF41F3C22507755CB9A6894D066B7.e.9618"}]}
RESULT: {"script":"<script> [8489 bytes]","args":[{"element-6066-11e4-a52e-4f735466cecf":"f.37E7500FB3BEF60B72C91044CCDB3F00.d.077FF41F3C22507755CB9A6894D066B7.e.9618","ELEMENT":"f.37E7500FB3BEF60B72C91044CCDB3F00.d.077FF41F3C22507755CB9A6894D066B7.e.9618"}]}
COMMAND: GET /session/c0099c8ef87d8f1a9c022bedeb80dcd8/screenshot - {}
RESULT: {}
COMMAND: POST /session/c0099c8ef87d8f1a9c022bedeb80dcd8/execute/sync - {"script":"<script> [8489 bytes]","args":[{"element-6066-11e4-a52e-4f735466cecf":"f.37E7500FB3BEF60B72C91044CCDB3F00.d.077FF41F3C22507755CB9A6894D066B7.e.9618","ELEMENT":"f.37E7500FB3BEF60B72C91044CCDB3F00.d.077FF41F3C22507755CB9A6894D066B7.e.9618"}]}
]]></system-out>
    </testcase>
    <testcase classname="chrome.135_0_7049_96.windows.Provide_to_Site_w/_warehouse_management_wo_clarification" name="Should Test for Handover Execution" time="218.75">
      <system-out><![CDATA[
RESULT: {"script":"<script> [8489 bytes]","args":[{"element-6066-11e4-a52e-4f735466cecf":"f.37E7500FB3BEF60B72C91044CCDB3F00.d.077FF41F3C22507755CB9A6894D066B7.e.9618","ELEMENT":"f.37E7500FB3BEF60B72C91044CCDB3F00.d.077FF41F3C22507755CB9A6894D066B7.e.9618"}]}
COMMAND: GET /session/c0099c8ef87d8f1a9c022bedeb80dcd8/screenshot - {}
RESULT: {}
COMMAND: POST /session/c0099c8ef87d8f1a9c022bedeb80dcd8/execute/async - {"script":"<script> [1562 bytes]","args":[{"selector":{"controlType":"sap.m.Link","viewName":"etm.portal.ui.managehandovers.view.DetailExecuteHO","bindingPath":{"path":"","propertyPath":"/wmDoc","modelName":"warehouseMovModel"}},"wdio_ui5_key":"etmportal.ui.managehandovers.view.DetailExecuteHOsap.m.Link{\"path\":\"\",\"propertyPath\":\"/wmDoc\",\"modelName\":\"warehouseMovModel\"}"}]}
RESULT: {"script":"<script> [1562 bytes]","args":[{"selector":{"controlType":"sap.m.Link","viewName":"etm.portal.ui.managehandovers.view.DetailExecuteHO","bindingPath":{"path":"","propertyPath":"/wmDoc","modelName":"warehouseMovModel"}},"wdio_ui5_key":"etmportal.ui.managehandovers.view.DetailExecuteHOsap.m.Link{\"path\":\"\",\"propertyPath\":\"/wmDoc\",\"modelName\":\"warehouseMovModel\"}"}]}
RESULT: undefined
COMMAND: POST /session/c0099c8ef87d8f1a9c022bedeb80dcd8/element - {"using":"xpath","value":"//*[@id=\"__link93\"]"}
RESULT: {"using":"xpath","value":"//*[@id=\"__link93\"]"}
COMMAND: POST /session/c0099c8ef87d8f1a9c022bedeb80dcd8/element/f.37E7500FB3BEF60B72C91044CCDB3F00.d.077FF41F3C22507755CB9A6894D066B7.e.9622/click - {}
RESULT: {}
COMMAND: GET /session/c0099c8ef87d8f1a9c022bedeb80dcd8/screenshot - {}
RESULT: {}
COMMAND: POST /session/c0099c8ef87d8f1a9c022bedeb80dcd8/execute/async - {"script":"<script> [1562 bytes]","args":[{"selector":{"controlType":"sap.m.Link","viewName":"etm.portal.ui.managehandovers.view.DetailExecuteHO","properties":{"text":"Warehouse Overview"},"searchOpenDialogs":true},"wdio_ui5_key":"etmportal.ui.managehandovers.view.DetailExecuteHOsap.m.Link{\"text\":\"Warehouse Overview\"}"}]}
RESULT: {"script":"<script> [1562 bytes]","args":[{"selector":{"controlType":"sap.m.Link","viewName":"etm.portal.ui.managehandovers.view.DetailExecuteHO","properties":{"text":"Warehouse Overview"},"searchOpenDialogs":true},"wdio_ui5_key":"etmportal.ui.managehandovers.view.DetailExecuteHOsap.m.Link{\"text\":\"Warehouse Overview\"}"}]}
RESULT: undefined
COMMAND: POST /session/c0099c8ef87d8f1a9c022bedeb80dcd8/element - {"using":"xpath","value":"//*[@id=\"__link108\"]"}
RESULT: {"using":"xpath","value":"//*[@id=\"__link108\"]"}
COMMAND: POST /session/c0099c8ef87d8f1a9c022bedeb80dcd8/element/f.37E7500FB3BEF60B72C91044CCDB3F00.d.077FF41F3C22507755CB9A6894D066B7.e.9624/click - {}
RESULT: {}
COMMAND: POST /session/c0099c8ef87d8f1a9c022bedeb80dcd8/execute/async - {"script":"<script> [1562 bytes]","args":[{"selector":{"controlType":"sap.m.Button","viewName":"etm.portal.ui.warehousemovements.view.DisplayMovement","viewId":"application-warehousemovements-display-component---displayMovement","i18NText":{"propertyName":"text","key":"execution"},"interaction":{"idSuffix":"BDI-content"}},"wdio_ui5_key":"etmportal.ui.warehousemovements.view.DisplayMovementsap.m.Button{\"propertyName\":\"text\",\"key\":\"execution\"}"}]}
COMMAND: GET /session/c0099c8ef87d8f1a9c022bedeb80dcd8/screenshot - {}
RESULT: {"script":"<script> [1562 bytes]","args":[{"selector":{"controlType":"sap.m.Button","viewName":"etm.portal.ui.warehousemovements.view.DisplayMovement","viewId":"application-warehousemovements-display-component---displayMovement","i18NText":{"propertyName":"text","key":"execution"},"interaction":{"idSuffix":"BDI-content"}},"wdio_ui5_key":"etmportal.ui.warehousemovements.view.DisplayMovementsap.m.Button{\"propertyName\":\"text\",\"key\":\"execution\"}"}]}
RESULT: undefined
COMMAND: POST /session/c0099c8ef87d8f1a9c022bedeb80dcd8/element - {"using":"xpath","value":"//*[@id=\"__button402\"]"}
RESULT: {}
RESULT: {"using":"xpath","value":"//*[@id=\"__button402\"]"}
COMMAND: POST /session/c0099c8ef87d8f1a9c022bedeb80dcd8/element/f.37E7500FB3BEF60B72C91044CCDB3F00.d.077FF41F3C22507755CB9A6894D066B7.e.9743/click - {}
RESULT: {}
COMMAND: POST /session/c0099c8ef87d8f1a9c022bedeb80dcd8/execute/async - {"script":"<script> [1562 bytes]","args":[{"selector":{"controlType":"sap.m.Button","viewName":"etm.portal.ui.warehousemovements.view.ExecuteMovement","viewId":"application-warehousemovements-display-component---executeMovement","properties":{"text":"Items"},"interaction":{"idSuffix":"BDI-content"}},"wdio_ui5_key":"etmportal.ui.warehousemovements.view.ExecuteMovementsap.m.Button{\"text\":\"Items\"}"}]}
COMMAND: GET /session/c0099c8ef87d8f1a9c022bedeb80dcd8/screenshot - {}
RESULT: {"script":"<script> [1562 bytes]","args":[{"selector":{"controlType":"sap.m.Button","viewName":"etm.portal.ui.warehousemovements.view.ExecuteMovement","viewId":"application-warehousemovements-display-component---executeMovement","properties":{"text":"Items"},"interaction":{"idSuffix":"BDI-content"}},"wdio_ui5_key":"etmportal.ui.warehousemovements.view.ExecuteMovementsap.m.Button{\"text\":\"Items\"}"}]}
RESULT: undefined
COMMAND: POST /session/c0099c8ef87d8f1a9c022bedeb80dcd8/element - {"using":"xpath","value":"//*[@id=\"__layout489-anchBar-application-warehousemovements-display-component---executeMovement--itemsSection-anchor\"]"}
RESULT: {}
RESULT: {"using":"xpath","value":"//*[@id=\"__layout489-anchBar-application-warehousemovements-display-component---executeMovement--itemsSection-anchor\"]"}
COMMAND: POST /session/c0099c8ef87d8f1a9c022bedeb80dcd8/element/f.37E7500FB3BEF60B72C91044CCDB3F00.d.077FF41F3C22507755CB9A6894D066B7.e.9842/click - {}
RESULT: {}
COMMAND: POST /session/c0099c8ef87d8f1a9c022bedeb80dcd8/element - {"using":"xpath","value":"//*[text()='Pick From Warehouse']"}
COMMAND: GET /session/c0099c8ef87d8f1a9c022bedeb80dcd8/screenshot - {}
RESULT: {"using":"xpath","value":"//*[text()='Pick From Warehouse']"}
COMMAND: POST /session/c0099c8ef87d8f1a9c022bedeb80dcd8/elements - {"using":"xpath","value":"//*[text()='Pick From Warehouse']"}
RESULT: {}
RESULT: {"using":"xpath","value":"//*[text()='Pick From Warehouse']"}
COMMAND: POST /session/c0099c8ef87d8f1a9c022bedeb80dcd8/elements - {"using":"xpath","value":"//*[text()='Pick From Warehouse']"}
RESULT: {"using":"xpath","value":"//*[text()='Pick From Warehouse']"}
COMMAND: POST /session/c0099c8ef87d8f1a9c022bedeb80dcd8/elements - {"using":"xpath","value":"//*[text()='Pick From Warehouse']"}
RESULT: {"using":"xpath","value":"//*[text()='Pick From Warehouse']"}
COMMAND: POST /session/c0099c8ef87d8f1a9c022bedeb80dcd8/elements - {"using":"xpath","value":"//*[text()='Pick From Warehouse']"}
RESULT: {"using":"xpath","value":"//*[text()='Pick From Warehouse']"}
COMMAND: POST /session/c0099c8ef87d8f1a9c022bedeb80dcd8/elements - {"using":"xpath","value":"//*[text()='Pick From Warehouse']"}
RESULT: {"using":"xpath","value":"//*[text()='Pick From Warehouse']"}
COMMAND: POST /session/c0099c8ef87d8f1a9c022bedeb80dcd8/elements - {"using":"xpath","value":"//*[text()='Pick From Warehouse']"}
RESULT: {"using":"xpath","value":"//*[text()='Pick From Warehouse']"}
COMMAND: POST /session/c0099c8ef87d8f1a9c022bedeb80dcd8/elements - {"using":"xpath","value":"//*[text()='Pick From Warehouse']"}
RESULT: {"using":"xpath","value":"//*[text()='Pick From Warehouse']"}
COMMAND: POST /session/c0099c8ef87d8f1a9c022bedeb80dcd8/elements - {"using":"xpath","value":"//*[text()='Pick From Warehouse']"}
RESULT: {"using":"xpath","value":"//*[text()='Pick From Warehouse']"}
COMMAND: POST /session/c0099c8ef87d8f1a9c022bedeb80dcd8/elements - {"using":"xpath","value":"//*[text()='Pick From Warehouse']"}
RESULT: {"using":"xpath","value":"//*[text()='Pick From Warehouse']"}
COMMAND: POST /session/c0099c8ef87d8f1a9c022bedeb80dcd8/elements - {"using":"xpath","value":"//*[text()='Pick From Warehouse']"}
RESULT: {"using":"xpath","value":"//*[text()='Pick From Warehouse']"}
COMMAND: POST /session/c0099c8ef87d8f1a9c022bedeb80dcd8/elements - {"using":"xpath","value":"//*[text()='Pick From Warehouse']"}
RESULT: {"using":"xpath","value":"//*[text()='Pick From Warehouse']"}
COMMAND: POST /session/c0099c8ef87d8f1a9c022bedeb80dcd8/elements - {"using":"xpath","value":"//*[text()='Pick From Warehouse']"}
RESULT: {"using":"xpath","value":"//*[text()='Pick From Warehouse']"}
COMMAND: POST /session/c0099c8ef87d8f1a9c022bedeb80dcd8/elements - {"using":"xpath","value":"//*[text()='Pick From Warehouse']"}
RESULT: {"using":"xpath","value":"//*[text()='Pick From Warehouse']"}
COMMAND: POST /session/c0099c8ef87d8f1a9c022bedeb80dcd8/elements - {"using":"xpath","value":"//*[text()='Pick From Warehouse']"}
RESULT: {"using":"xpath","value":"//*[text()='Pick From Warehouse']"}
COMMAND: POST /session/c0099c8ef87d8f1a9c022bedeb80dcd8/elements - {"using":"xpath","value":"//*[text()='Pick From Warehouse']"}
RESULT: {"using":"xpath","value":"//*[text()='Pick From Warehouse']"}
COMMAND: POST /session/c0099c8ef87d8f1a9c022bedeb80dcd8/elements - {"using":"xpath","value":"//*[text()='Pick From Warehouse']"}
RESULT: {"using":"xpath","value":"//*[text()='Pick From Warehouse']"}
COMMAND: POST /session/c0099c8ef87d8f1a9c022bedeb80dcd8/elements - {"using":"xpath","value":"//*[text()='Pick From Warehouse']"}
RESULT: {"using":"xpath","value":"//*[text()='Pick From Warehouse']"}
COMMAND: POST /session/c0099c8ef87d8f1a9c022bedeb80dcd8/elements - {"using":"xpath","value":"//*[text()='Pick From Warehouse']"}
RESULT: {"using":"xpath","value":"//*[text()='Pick From Warehouse']"}
COMMAND: POST /session/c0099c8ef87d8f1a9c022bedeb80dcd8/elements - {"using":"xpath","value":"//*[text()='Pick From Warehouse']"}
RESULT: {"using":"xpath","value":"//*[text()='Pick From Warehouse']"}
COMMAND: POST /session/c0099c8ef87d8f1a9c022bedeb80dcd8/elements - {"using":"xpath","value":"//*[text()='Pick From Warehouse']"}
RESULT: {"using":"xpath","value":"//*[text()='Pick From Warehouse']"}
COMMAND: POST /session/c0099c8ef87d8f1a9c022bedeb80dcd8/elements - {"using":"xpath","value":"//*[text()='Pick From Warehouse']"}
RESULT: {"using":"xpath","value":"//*[text()='Pick From Warehouse']"}
COMMAND: POST /session/c0099c8ef87d8f1a9c022bedeb80dcd8/elements - {"using":"xpath","value":"//*[text()='Pick From Warehouse']"}
RESULT: {"using":"xpath","value":"//*[text()='Pick From Warehouse']"}
COMMAND: POST /session/c0099c8ef87d8f1a9c022bedeb80dcd8/elements - {"using":"xpath","value":"//*[text()='Pick From Warehouse']"}
RESULT: {"using":"xpath","value":"//*[text()='Pick From Warehouse']"}
COMMAND: POST /session/c0099c8ef87d8f1a9c022bedeb80dcd8/elements - {"using":"xpath","value":"//*[text()='Pick From Warehouse']"}
RESULT: {"using":"xpath","value":"//*[text()='Pick From Warehouse']"}
COMMAND: POST /session/c0099c8ef87d8f1a9c022bedeb80dcd8/elements - {"using":"xpath","value":"//*[text()='Pick From Warehouse']"}
RESULT: {"using":"xpath","value":"//*[text()='Pick From Warehouse']"}
COMMAND: POST /session/c0099c8ef87d8f1a9c022bedeb80dcd8/elements - {"using":"xpath","value":"//*[text()='Pick From Warehouse']"}
RESULT: {"using":"xpath","value":"//*[text()='Pick From Warehouse']"}
COMMAND: POST /session/c0099c8ef87d8f1a9c022bedeb80dcd8/elements - {"using":"xpath","value":"//*[text()='Pick From Warehouse']"}
RESULT: {"using":"xpath","value":"//*[text()='Pick From Warehouse']"}
COMMAND: POST /session/c0099c8ef87d8f1a9c022bedeb80dcd8/elements - {"using":"xpath","value":"//*[text()='Pick From Warehouse']"}
RESULT: {"using":"xpath","value":"//*[text()='Pick From Warehouse']"}
COMMAND: POST /session/c0099c8ef87d8f1a9c022bedeb80dcd8/elements - {"using":"xpath","value":"//*[text()='Pick From Warehouse']"}
RESULT: {"using":"xpath","value":"//*[text()='Pick From Warehouse']"}
COMMAND: POST /session/c0099c8ef87d8f1a9c022bedeb80dcd8/elements - {"using":"xpath","value":"//*[text()='Pick From Warehouse']"}
RESULT: {"using":"xpath","value":"//*[text()='Pick From Warehouse']"}
COMMAND: POST /session/c0099c8ef87d8f1a9c022bedeb80dcd8/elements - {"using":"xpath","value":"//*[text()='Pick From Warehouse']"}
RESULT: {"using":"xpath","value":"//*[text()='Pick From Warehouse']"}
COMMAND: POST /session/c0099c8ef87d8f1a9c022bedeb80dcd8/elements - {"using":"xpath","value":"//*[text()='Pick From Warehouse']"}
RESULT: {"using":"xpath","value":"//*[text()='Pick From Warehouse']"}
COMMAND: POST /session/c0099c8ef87d8f1a9c022bedeb80dcd8/elements - {"using":"xpath","value":"//*[text()='Pick From Warehouse']"}
RESULT: {"using":"xpath","value":"//*[text()='Pick From Warehouse']"}
COMMAND: POST /session/c0099c8ef87d8f1a9c022bedeb80dcd8/elements - {"using":"xpath","value":"//*[text()='Pick From Warehouse']"}
RESULT: {"using":"xpath","value":"//*[text()='Pick From Warehouse']"}
COMMAND: POST /session/c0099c8ef87d8f1a9c022bedeb80dcd8/elements - {"using":"xpath","value":"//*[text()='Pick From Warehouse']"}
RESULT: {"using":"xpath","value":"//*[text()='Pick From Warehouse']"}
COMMAND: POST /session/c0099c8ef87d8f1a9c022bedeb80dcd8/elements - {"using":"xpath","value":"//*[text()='Pick From Warehouse']"}
RESULT: {"using":"xpath","value":"//*[text()='Pick From Warehouse']"}
COMMAND: POST /session/c0099c8ef87d8f1a9c022bedeb80dcd8/elements - {"using":"xpath","value":"//*[text()='Pick From Warehouse']"}
RESULT: {"using":"xpath","value":"//*[text()='Pick From Warehouse']"}
COMMAND: POST /session/c0099c8ef87d8f1a9c022bedeb80dcd8/elements - {"using":"xpath","value":"//*[text()='Pick From Warehouse']"}
RESULT: {"using":"xpath","value":"//*[text()='Pick From Warehouse']"}
COMMAND: POST /session/c0099c8ef87d8f1a9c022bedeb80dcd8/elements - {"using":"xpath","value":"//*[text()='Pick From Warehouse']"}
RESULT: {"using":"xpath","value":"//*[text()='Pick From Warehouse']"}
COMMAND: POST /session/c0099c8ef87d8f1a9c022bedeb80dcd8/elements - {"using":"xpath","value":"//*[text()='Pick From Warehouse']"}
RESULT: {"using":"xpath","value":"//*[text()='Pick From Warehouse']"}
COMMAND: POST /session/c0099c8ef87d8f1a9c022bedeb80dcd8/elements - {"using":"xpath","value":"//*[text()='Pick From Warehouse']"}
RESULT: {"using":"xpath","value":"//*[text()='Pick From Warehouse']"}
COMMAND: POST /session/c0099c8ef87d8f1a9c022bedeb80dcd8/elements - {"using":"xpath","value":"//*[text()='Pick From Warehouse']"}
RESULT: {"using":"xpath","value":"//*[text()='Pick From Warehouse']"}
COMMAND: POST /session/c0099c8ef87d8f1a9c022bedeb80dcd8/elements - {"using":"xpath","value":"//*[text()='Pick From Warehouse']"}
RESULT: {"using":"xpath","value":"//*[text()='Pick From Warehouse']"}
COMMAND: POST /session/c0099c8ef87d8f1a9c022bedeb80dcd8/elements - {"using":"xpath","value":"//*[text()='Pick From Warehouse']"}
RESULT: {"using":"xpath","value":"//*[text()='Pick From Warehouse']"}
COMMAND: POST /session/c0099c8ef87d8f1a9c022bedeb80dcd8/elements - {"using":"xpath","value":"//*[text()='Pick From Warehouse']"}
RESULT: {"using":"xpath","value":"//*[text()='Pick From Warehouse']"}
COMMAND: POST /session/c0099c8ef87d8f1a9c022bedeb80dcd8/elements - {"using":"xpath","value":"//*[text()='Pick From Warehouse']"}
RESULT: {"using":"xpath","value":"//*[text()='Pick From Warehouse']"}
COMMAND: POST /session/c0099c8ef87d8f1a9c022bedeb80dcd8/elements - {"using":"xpath","value":"//*[text()='Pick From Warehouse']"}
RESULT: {"using":"xpath","value":"//*[text()='Pick From Warehouse']"}
COMMAND: POST /session/c0099c8ef87d8f1a9c022bedeb80dcd8/elements - {"using":"xpath","value":"//*[text()='Pick From Warehouse']"}
RESULT: {"using":"xpath","value":"//*[text()='Pick From Warehouse']"}
COMMAND: POST /session/c0099c8ef87d8f1a9c022bedeb80dcd8/elements - {"using":"xpath","value":"//*[text()='Pick From Warehouse']"}
RESULT: {"using":"xpath","value":"//*[text()='Pick From Warehouse']"}
COMMAND: POST /session/c0099c8ef87d8f1a9c022bedeb80dcd8/elements - {"using":"xpath","value":"//*[text()='Pick From Warehouse']"}
RESULT: {"using":"xpath","value":"//*[text()='Pick From Warehouse']"}
COMMAND: POST /session/c0099c8ef87d8f1a9c022bedeb80dcd8/elements - {"using":"xpath","value":"//*[text()='Pick From Warehouse']"}
RESULT: {"using":"xpath","value":"//*[text()='Pick From Warehouse']"}
COMMAND: POST /session/c0099c8ef87d8f1a9c022bedeb80dcd8/elements - {"using":"xpath","value":"//*[text()='Pick From Warehouse']"}
RESULT: {"using":"xpath","value":"//*[text()='Pick From Warehouse']"}
COMMAND: POST /session/c0099c8ef87d8f1a9c022bedeb80dcd8/elements - {"using":"xpath","value":"//*[text()='Pick From Warehouse']"}
RESULT: {"using":"xpath","value":"//*[text()='Pick From Warehouse']"}
COMMAND: POST /session/c0099c8ef87d8f1a9c022bedeb80dcd8/elements - {"using":"xpath","value":"//*[text()='Pick From Warehouse']"}
RESULT: {"using":"xpath","value":"//*[text()='Pick From Warehouse']"}
COMMAND: POST /session/c0099c8ef87d8f1a9c022bedeb80dcd8/elements - {"using":"xpath","value":"//*[text()='Pick From Warehouse']"}
RESULT: {"using":"xpath","value":"//*[text()='Pick From Warehouse']"}
COMMAND: POST /session/c0099c8ef87d8f1a9c022bedeb80dcd8/elements - {"using":"xpath","value":"//*[text()='Pick From Warehouse']"}
RESULT: {"using":"xpath","value":"//*[text()='Pick From Warehouse']"}
COMMAND: POST /session/c0099c8ef87d8f1a9c022bedeb80dcd8/elements - {"using":"xpath","value":"//*[text()='Pick From Warehouse']"}
RESULT: {"using":"xpath","value":"//*[text()='Pick From Warehouse']"}
COMMAND: POST /session/c0099c8ef87d8f1a9c022bedeb80dcd8/elements - {"using":"xpath","value":"//*[text()='Pick From Warehouse']"}
RESULT: {"using":"xpath","value":"//*[text()='Pick From Warehouse']"}
COMMAND: POST /session/c0099c8ef87d8f1a9c022bedeb80dcd8/elements - {"using":"xpath","value":"//*[text()='Pick From Warehouse']"}
RESULT: {"using":"xpath","value":"//*[text()='Pick From Warehouse']"}
COMMAND: POST /session/c0099c8ef87d8f1a9c022bedeb80dcd8/elements - {"using":"xpath","value":"//*[text()='Pick From Warehouse']"}
RESULT: {"using":"xpath","value":"//*[text()='Pick From Warehouse']"}
COMMAND: POST /session/c0099c8ef87d8f1a9c022bedeb80dcd8/elements - {"using":"xpath","value":"//*[text()='Pick From Warehouse']"}
RESULT: {"using":"xpath","value":"//*[text()='Pick From Warehouse']"}
COMMAND: POST /session/c0099c8ef87d8f1a9c022bedeb80dcd8/elements - {"using":"xpath","value":"//*[text()='Pick From Warehouse']"}
RESULT: {"using":"xpath","value":"//*[text()='Pick From Warehouse']"}
COMMAND: POST /session/c0099c8ef87d8f1a9c022bedeb80dcd8/elements - {"using":"xpath","value":"//*[text()='Pick From Warehouse']"}
RESULT: {"using":"xpath","value":"//*[text()='Pick From Warehouse']"}
COMMAND: POST /session/c0099c8ef87d8f1a9c022bedeb80dcd8/elements - {"using":"xpath","value":"//*[text()='Pick From Warehouse']"}
RESULT: {"using":"xpath","value":"//*[text()='Pick From Warehouse']"}
COMMAND: POST /session/c0099c8ef87d8f1a9c022bedeb80dcd8/elements - {"using":"xpath","value":"//*[text()='Pick From Warehouse']"}
RESULT: {"using":"xpath","value":"//*[text()='Pick From Warehouse']"}
COMMAND: POST /session/c0099c8ef87d8f1a9c022bedeb80dcd8/elements - {"using":"xpath","value":"//*[text()='Pick From Warehouse']"}
RESULT: {"using":"xpath","value":"//*[text()='Pick From Warehouse']"}
COMMAND: POST /session/c0099c8ef87d8f1a9c022bedeb80dcd8/elements - {"using":"xpath","value":"//*[text()='Pick From Warehouse']"}
RESULT: {"using":"xpath","value":"//*[text()='Pick From Warehouse']"}
COMMAND: POST /session/c0099c8ef87d8f1a9c022bedeb80dcd8/elements - {"using":"xpath","value":"//*[text()='Pick From Warehouse']"}
RESULT: {"using":"xpath","value":"//*[text()='Pick From Warehouse']"}
COMMAND: POST /session/c0099c8ef87d8f1a9c022bedeb80dcd8/elements - {"using":"xpath","value":"//*[text()='Pick From Warehouse']"}
RESULT: {"using":"xpath","value":"//*[text()='Pick From Warehouse']"}
COMMAND: POST /session/c0099c8ef87d8f1a9c022bedeb80dcd8/elements - {"using":"xpath","value":"//*[text()='Pick From Warehouse']"}
RESULT: {"using":"xpath","value":"//*[text()='Pick From Warehouse']"}
COMMAND: POST /session/c0099c8ef87d8f1a9c022bedeb80dcd8/elements - {"using":"xpath","value":"//*[text()='Pick From Warehouse']"}
RESULT: {"using":"xpath","value":"//*[text()='Pick From Warehouse']"}
COMMAND: POST /session/c0099c8ef87d8f1a9c022bedeb80dcd8/elements - {"using":"xpath","value":"//*[text()='Pick From Warehouse']"}
RESULT: {"using":"xpath","value":"//*[text()='Pick From Warehouse']"}
COMMAND: POST /session/c0099c8ef87d8f1a9c022bedeb80dcd8/elements - {"using":"xpath","value":"//*[text()='Pick From Warehouse']"}
RESULT: {"using":"xpath","value":"//*[text()='Pick From Warehouse']"}
COMMAND: POST /session/c0099c8ef87d8f1a9c022bedeb80dcd8/elements - {"using":"xpath","value":"//*[text()='Pick From Warehouse']"}
RESULT: {"using":"xpath","value":"//*[text()='Pick From Warehouse']"}
COMMAND: POST /session/c0099c8ef87d8f1a9c022bedeb80dcd8/elements - {"using":"xpath","value":"//*[text()='Pick From Warehouse']"}
RESULT: {"using":"xpath","value":"//*[text()='Pick From Warehouse']"}
COMMAND: POST /session/c0099c8ef87d8f1a9c022bedeb80dcd8/elements - {"using":"xpath","value":"//*[text()='Pick From Warehouse']"}
RESULT: {"using":"xpath","value":"//*[text()='Pick From Warehouse']"}
COMMAND: POST /session/c0099c8ef87d8f1a9c022bedeb80dcd8/elements - {"using":"xpath","value":"//*[text()='Pick From Warehouse']"}
RESULT: {"using":"xpath","value":"//*[text()='Pick From Warehouse']"}
COMMAND: POST /session/c0099c8ef87d8f1a9c022bedeb80dcd8/elements - {"using":"xpath","value":"//*[text()='Pick From Warehouse']"}
RESULT: {"using":"xpath","value":"//*[text()='Pick From Warehouse']"}
COMMAND: POST /session/c0099c8ef87d8f1a9c022bedeb80dcd8/elements - {"using":"xpath","value":"//*[text()='Pick From Warehouse']"}
RESULT: {"using":"xpath","value":"//*[text()='Pick From Warehouse']"}
COMMAND: POST /session/c0099c8ef87d8f1a9c022bedeb80dcd8/elements - {"using":"xpath","value":"//*[text()='Pick From Warehouse']"}
RESULT: {"using":"xpath","value":"//*[text()='Pick From Warehouse']"}
COMMAND: POST /session/c0099c8ef87d8f1a9c022bedeb80dcd8/elements - {"using":"xpath","value":"//*[text()='Pick From Warehouse']"}
RESULT: {"using":"xpath","value":"//*[text()='Pick From Warehouse']"}
COMMAND: POST /session/c0099c8ef87d8f1a9c022bedeb80dcd8/elements - {"using":"xpath","value":"//*[text()='Pick From Warehouse']"}
RESULT: {"using":"xpath","value":"//*[text()='Pick From Warehouse']"}
COMMAND: POST /session/c0099c8ef87d8f1a9c022bedeb80dcd8/elements - {"using":"xpath","value":"//*[text()='Pick From Warehouse']"}
RESULT: {"using":"xpath","value":"//*[text()='Pick From Warehouse']"}
COMMAND: POST /session/c0099c8ef87d8f1a9c022bedeb80dcd8/elements - {"using":"xpath","value":"//*[text()='Pick From Warehouse']"}
RESULT: {"using":"xpath","value":"//*[text()='Pick From Warehouse']"}
COMMAND: POST /session/c0099c8ef87d8f1a9c022bedeb80dcd8/elements - {"using":"xpath","value":"//*[text()='Pick From Warehouse']"}
RESULT: {"using":"xpath","value":"//*[text()='Pick From Warehouse']"}
COMMAND: POST /session/c0099c8ef87d8f1a9c022bedeb80dcd8/elements - {"using":"xpath","value":"//*[text()='Pick From Warehouse']"}
RESULT: {"using":"xpath","value":"//*[text()='Pick From Warehouse']"}
COMMAND: POST /session/c0099c8ef87d8f1a9c022bedeb80dcd8/elements - {"using":"xpath","value":"//*[text()='Pick From Warehouse']"}
RESULT: {"using":"xpath","value":"//*[text()='Pick From Warehouse']"}
COMMAND: POST /session/c0099c8ef87d8f1a9c022bedeb80dcd8/elements - {"using":"xpath","value":"//*[text()='Pick From Warehouse']"}
RESULT: {"using":"xpath","value":"//*[text()='Pick From Warehouse']"}
COMMAND: POST /session/c0099c8ef87d8f1a9c022bedeb80dcd8/elements - {"using":"xpath","value":"//*[text()='Pick From Warehouse']"}
RESULT: {"using":"xpath","value":"//*[text()='Pick From Warehouse']"}
COMMAND: POST /session/c0099c8ef87d8f1a9c022bedeb80dcd8/elements - {"using":"xpath","value":"//*[text()='Pick From Warehouse']"}
RESULT: {"using":"xpath","value":"//*[text()='Pick From Warehouse']"}
COMMAND: POST /session/c0099c8ef87d8f1a9c022bedeb80dcd8/elements - {"using":"xpath","value":"//*[text()='Close']"}
RESULT: {"using":"xpath","value":"//*[text()='Close']"}
COMMAND: GET /session/c0099c8ef87d8f1a9c022bedeb80dcd8/element/f.37E7500FB3BEF60B72C91044CCDB3F00.d.077FF41F3C22507755CB9A6894D066B7.e.9845/enabled - {}
RESULT: {}
COMMAND: POST /session/c0099c8ef87d8f1a9c022bedeb80dcd8/execute/sync - {"script":"<script> [8489 bytes]","args":[{"element-6066-11e4-a52e-4f735466cecf":"f.37E7500FB3BEF60B72C91044CCDB3F00.d.077FF41F3C22507755CB9A6894D066B7.e.9845","ELEMENT":"f.37E7500FB3BEF60B72C91044CCDB3F00.d.077FF41F3C22507755CB9A6894D066B7.e.9845"}]}
COMMAND: GET /session/c0099c8ef87d8f1a9c022bedeb80dcd8/screenshot - {}
RESULT: {"script":"<script> [8489 bytes]","args":[{"element-6066-11e4-a52e-4f735466cecf":"f.37E7500FB3BEF60B72C91044CCDB3F00.d.077FF41F3C22507755CB9A6894D066B7.e.9845","ELEMENT":"f.37E7500FB3BEF60B72C91044CCDB3F00.d.077FF41F3C22507755CB9A6894D066B7.e.9845"}]}
COMMAND: GET /session/c0099c8ef87d8f1a9c022bedeb80dcd8/screenshot - {}
COMMAND: POST /session/c0099c8ef87d8f1a9c022bedeb80dcd8/execute/sync - {"script":"<script> [8489 bytes]","args":[{"element-6066-11e4-a52e-4f735466cecf":"f.37E7500FB3BEF60B72C91044CCDB3F00.d.077FF41F3C22507755CB9A6894D066B7.e.9845","ELEMENT":"f.37E7500FB3BEF60B72C91044CCDB3F00.d.077FF41F3C22507755CB9A6894D066B7.e.9845"}]}
RESULT: {}
RESULT: {"script":"<script> [8489 bytes]","args":[{"element-6066-11e4-a52e-4f735466cecf":"f.37E7500FB3BEF60B72C91044CCDB3F00.d.077FF41F3C22507755CB9A6894D066B7.e.9845","ELEMENT":"f.37E7500FB3BEF60B72C91044CCDB3F00.d.077FF41F3C22507755CB9A6894D066B7.e.9845"}]}
COMMAND: GET /session/c0099c8ef87d8f1a9c022bedeb80dcd8/screenshot - {}
COMMAND: POST /session/c0099c8ef87d8f1a9c022bedeb80dcd8/execute/sync - {"script":"<script> [8489 bytes]","args":[{"element-6066-11e4-a52e-4f735466cecf":"f.37E7500FB3BEF60B72C91044CCDB3F00.d.077FF41F3C22507755CB9A6894D066B7.e.9845","ELEMENT":"f.37E7500FB3BEF60B72C91044CCDB3F00.d.077FF41F3C22507755CB9A6894D066B7.e.9845"}]}
RESULT: {}
RESULT: {}
RESULT: {"script":"<script> [8489 bytes]","args":[{"element-6066-11e4-a52e-4f735466cecf":"f.37E7500FB3BEF60B72C91044CCDB3F00.d.077FF41F3C22507755CB9A6894D066B7.e.9845","ELEMENT":"f.37E7500FB3BEF60B72C91044CCDB3F00.d.077FF41F3C22507755CB9A6894D066B7.e.9845"}]}
COMMAND: GET /session/c0099c8ef87d8f1a9c022bedeb80dcd8/screenshot - {}
COMMAND: POST /session/c0099c8ef87d8f1a9c022bedeb80dcd8/execute/sync - {"script":"<script> [8489 bytes]","args":[{"element-6066-11e4-a52e-4f735466cecf":"f.37E7500FB3BEF60B72C91044CCDB3F00.d.077FF41F3C22507755CB9A6894D066B7.e.9845","ELEMENT":"f.37E7500FB3BEF60B72C91044CCDB3F00.d.077FF41F3C22507755CB9A6894D066B7.e.9845"}]}
RESULT: {}
RESULT: {"script":"<script> [8489 bytes]","args":[{"element-6066-11e4-a52e-4f735466cecf":"f.37E7500FB3BEF60B72C91044CCDB3F00.d.077FF41F3C22507755CB9A6894D066B7.e.9845","ELEMENT":"f.37E7500FB3BEF60B72C91044CCDB3F00.d.077FF41F3C22507755CB9A6894D066B7.e.9845"}]}
COMMAND: GET /session/c0099c8ef87d8f1a9c022bedeb80dcd8/screenshot - {}
RESULT: {}
COMMAND: POST /session/c0099c8ef87d8f1a9c022bedeb80dcd8/execute/sync - {"script":"<script> [8489 bytes]","args":[{"element-6066-11e4-a52e-4f735466cecf":"f.37E7500FB3BEF60B72C91044CCDB3F00.d.077FF41F3C22507755CB9A6894D066B7.e.9845","ELEMENT":"f.37E7500FB3BEF60B72C91044CCDB3F00.d.077FF41F3C22507755CB9A6894D066B7.e.9845"}]}
RESULT: {"script":"<script> [8489 bytes]","args":[{"element-6066-11e4-a52e-4f735466cecf":"f.37E7500FB3BEF60B72C91044CCDB3F00.d.077FF41F3C22507755CB9A6894D066B7.e.9845","ELEMENT":"f.37E7500FB3BEF60B72C91044CCDB3F00.d.077FF41F3C22507755CB9A6894D066B7.e.9845"}]}
COMMAND: GET /session/c0099c8ef87d8f1a9c022bedeb80dcd8/screenshot - {}
RESULT: {}
COMMAND: POST /session/c0099c8ef87d8f1a9c022bedeb80dcd8/execute/sync - {"script":"<script> [8489 bytes]","args":[{"element-6066-11e4-a52e-4f735466cecf":"f.37E7500FB3BEF60B72C91044CCDB3F00.d.077FF41F3C22507755CB9A6894D066B7.e.9845","ELEMENT":"f.37E7500FB3BEF60B72C91044CCDB3F00.d.077FF41F3C22507755CB9A6894D066B7.e.9845"}]}
RESULT: {"script":"<script> [8489 bytes]","args":[{"element-6066-11e4-a52e-4f735466cecf":"f.37E7500FB3BEF60B72C91044CCDB3F00.d.077FF41F3C22507755CB9A6894D066B7.e.9845","ELEMENT":"f.37E7500FB3BEF60B72C91044CCDB3F00.d.077FF41F3C22507755CB9A6894D066B7.e.9845"}]}
COMMAND: GET /session/c0099c8ef87d8f1a9c022bedeb80dcd8/screenshot - {}
COMMAND: POST /session/c0099c8ef87d8f1a9c022bedeb80dcd8/execute/sync - {"script":"<script> [8489 bytes]","args":[{"element-6066-11e4-a52e-4f735466cecf":"f.37E7500FB3BEF60B72C91044CCDB3F00.d.077FF41F3C22507755CB9A6894D066B7.e.9845","ELEMENT":"f.37E7500FB3BEF60B72C91044CCDB3F00.d.077FF41F3C22507755CB9A6894D066B7.e.9845"}]}
RESULT: {}
RESULT: {"script":"<script> [8489 bytes]","args":[{"element-6066-11e4-a52e-4f735466cecf":"f.37E7500FB3BEF60B72C91044CCDB3F00.d.077FF41F3C22507755CB9A6894D066B7.e.9845","ELEMENT":"f.37E7500FB3BEF60B72C91044CCDB3F00.d.077FF41F3C22507755CB9A6894D066B7.e.9845"}]}
COMMAND: GET /session/c0099c8ef87d8f1a9c022bedeb80dcd8/screenshot - {}
RESULT: {}
COMMAND: POST /session/c0099c8ef87d8f1a9c022bedeb80dcd8/execute/sync - {"script":"<script> [8489 bytes]","args":[{"element-6066-11e4-a52e-4f735466cecf":"f.37E7500FB3BEF60B72C91044CCDB3F00.d.077FF41F3C22507755CB9A6894D066B7.e.9845","ELEMENT":"f.37E7500FB3BEF60B72C91044CCDB3F00.d.077FF41F3C22507755CB9A6894D066B7.e.9845"}]}
RESULT: {"script":"<script> [8489 bytes]","args":[{"element-6066-11e4-a52e-4f735466cecf":"f.37E7500FB3BEF60B72C91044CCDB3F00.d.077FF41F3C22507755CB9A6894D066B7.e.9845","ELEMENT":"f.37E7500FB3BEF60B72C91044CCDB3F00.d.077FF41F3C22507755CB9A6894D066B7.e.9845"}]}
COMMAND: GET /session/c0099c8ef87d8f1a9c022bedeb80dcd8/screenshot - {}
RESULT: {}
COMMAND: POST /session/c0099c8ef87d8f1a9c022bedeb80dcd8/execute/sync - {"script":"<script> [8489 bytes]","args":[{"element-6066-11e4-a52e-4f735466cecf":"f.37E7500FB3BEF60B72C91044CCDB3F00.d.077FF41F3C22507755CB9A6894D066B7.e.9845","ELEMENT":"f.37E7500FB3BEF60B72C91044CCDB3F00.d.077FF41F3C22507755CB9A6894D066B7.e.9845"}]}
RESULT: {"script":"<script> [8489 bytes]","args":[{"element-6066-11e4-a52e-4f735466cecf":"f.37E7500FB3BEF60B72C91044CCDB3F00.d.077FF41F3C22507755CB9A6894D066B7.e.9845","ELEMENT":"f.37E7500FB3BEF60B72C91044CCDB3F00.d.077FF41F3C22507755CB9A6894D066B7.e.9845"}]}
COMMAND: GET /session/c0099c8ef87d8f1a9c022bedeb80dcd8/screenshot - {}
RESULT: {}
COMMAND: POST /session/c0099c8ef87d8f1a9c022bedeb80dcd8/execute/sync - {"script":"<script> [8489 bytes]","args":[{"element-6066-11e4-a52e-4f735466cecf":"f.37E7500FB3BEF60B72C91044CCDB3F00.d.077FF41F3C22507755CB9A6894D066B7.e.9845","ELEMENT":"f.37E7500FB3BEF60B72C91044CCDB3F00.d.077FF41F3C22507755CB9A6894D066B7.e.9845"}]}
RESULT: {"script":"<script> [8489 bytes]","args":[{"element-6066-11e4-a52e-4f735466cecf":"f.37E7500FB3BEF60B72C91044CCDB3F00.d.077FF41F3C22507755CB9A6894D066B7.e.9845","ELEMENT":"f.37E7500FB3BEF60B72C91044CCDB3F00.d.077FF41F3C22507755CB9A6894D066B7.e.9845"}]}
COMMAND: GET /session/c0099c8ef87d8f1a9c022bedeb80dcd8/screenshot - {}
RESULT: {}
COMMAND: POST /session/c0099c8ef87d8f1a9c022bedeb80dcd8/execute/sync - {"script":"<script> [8489 bytes]","args":[{"element-6066-11e4-a52e-4f735466cecf":"f.37E7500FB3BEF60B72C91044CCDB3F00.d.077FF41F3C22507755CB9A6894D066B7.e.9845","ELEMENT":"f.37E7500FB3BEF60B72C91044CCDB3F00.d.077FF41F3C22507755CB9A6894D066B7.e.9845"}]}
RESULT: {"script":"<script> [8489 bytes]","args":[{"element-6066-11e4-a52e-4f735466cecf":"f.37E7500FB3BEF60B72C91044CCDB3F00.d.077FF41F3C22507755CB9A6894D066B7.e.9845","ELEMENT":"f.37E7500FB3BEF60B72C91044CCDB3F00.d.077FF41F3C22507755CB9A6894D066B7.e.9845"}]}
COMMAND: GET /session/c0099c8ef87d8f1a9c022bedeb80dcd8/screenshot - {}
RESULT: {}
COMMAND: POST /session/c0099c8ef87d8f1a9c022bedeb80dcd8/execute/sync - {"script":"<script> [8489 bytes]","args":[{"element-6066-11e4-a52e-4f735466cecf":"f.37E7500FB3BEF60B72C91044CCDB3F00.d.077FF41F3C22507755CB9A6894D066B7.e.9845","ELEMENT":"f.37E7500FB3BEF60B72C91044CCDB3F00.d.077FF41F3C22507755CB9A6894D066B7.e.9845"}]}
RESULT: {"script":"<script> [8489 bytes]","args":[{"element-6066-11e4-a52e-4f735466cecf":"f.37E7500FB3BEF60B72C91044CCDB3F00.d.077FF41F3C22507755CB9A6894D066B7.e.9845","ELEMENT":"f.37E7500FB3BEF60B72C91044CCDB3F00.d.077FF41F3C22507755CB9A6894D066B7.e.9845"}]}
COMMAND: GET /session/c0099c8ef87d8f1a9c022bedeb80dcd8/screenshot - {}
RESULT: {}
COMMAND: POST /session/c0099c8ef87d8f1a9c022bedeb80dcd8/execute/sync - {"script":"<script> [8489 bytes]","args":[{"element-6066-11e4-a52e-4f735466cecf":"f.37E7500FB3BEF60B72C91044CCDB3F00.d.077FF41F3C22507755CB9A6894D066B7.e.9845","ELEMENT":"f.37E7500FB3BEF60B72C91044CCDB3F00.d.077FF41F3C22507755CB9A6894D066B7.e.9845"}]}
RESULT: {"script":"<script> [8489 bytes]","args":[{"element-6066-11e4-a52e-4f735466cecf":"f.37E7500FB3BEF60B72C91044CCDB3F00.d.077FF41F3C22507755CB9A6894D066B7.e.9845","ELEMENT":"f.37E7500FB3BEF60B72C91044CCDB3F00.d.077FF41F3C22507755CB9A6894D066B7.e.9845"}]}
COMMAND: GET /session/c0099c8ef87d8f1a9c022bedeb80dcd8/screenshot - {}
RESULT: {}
COMMAND: POST /session/c0099c8ef87d8f1a9c022bedeb80dcd8/execute/sync - {"script":"<script> [8489 bytes]","args":[{"element-6066-11e4-a52e-4f735466cecf":"f.37E7500FB3BEF60B72C91044CCDB3F00.d.077FF41F3C22507755CB9A6894D066B7.e.9845","ELEMENT":"f.37E7500FB3BEF60B72C91044CCDB3F00.d.077FF41F3C22507755CB9A6894D066B7.e.9845"}]}
RESULT: {"script":"<script> [8489 bytes]","args":[{"element-6066-11e4-a52e-4f735466cecf":"f.37E7500FB3BEF60B72C91044CCDB3F00.d.077FF41F3C22507755CB9A6894D066B7.e.9845","ELEMENT":"f.37E7500FB3BEF60B72C91044CCDB3F00.d.077FF41F3C22507755CB9A6894D066B7.e.9845"}]}
COMMAND: GET /session/c0099c8ef87d8f1a9c022bedeb80dcd8/screenshot - {}
RESULT: {}
COMMAND: POST /session/c0099c8ef87d8f1a9c022bedeb80dcd8/execute/sync - {"script":"<script> [8489 bytes]","args":[{"element-6066-11e4-a52e-4f735466cecf":"f.37E7500FB3BEF60B72C91044CCDB3F00.d.077FF41F3C22507755CB9A6894D066B7.e.9845","ELEMENT":"f.37E7500FB3BEF60B72C91044CCDB3F00.d.077FF41F3C22507755CB9A6894D066B7.e.9845"}]}
RESULT: {"script":"<script> [8489 bytes]","args":[{"element-6066-11e4-a52e-4f735466cecf":"f.37E7500FB3BEF60B72C91044CCDB3F00.d.077FF41F3C22507755CB9A6894D066B7.e.9845","ELEMENT":"f.37E7500FB3BEF60B72C91044CCDB3F00.d.077FF41F3C22507755CB9A6894D066B7.e.9845"}]}
COMMAND: GET /session/c0099c8ef87d8f1a9c022bedeb80dcd8/screenshot - {}
RESULT: {}
COMMAND: POST /session/c0099c8ef87d8f1a9c022bedeb80dcd8/execute/sync - {"script":"<script> [8489 bytes]","args":[{"element-6066-11e4-a52e-4f735466cecf":"f.37E7500FB3BEF60B72C91044CCDB3F00.d.077FF41F3C22507755CB9A6894D066B7.e.9845","ELEMENT":"f.37E7500FB3BEF60B72C91044CCDB3F00.d.077FF41F3C22507755CB9A6894D066B7.e.9845"}]}
RESULT: {"script":"<script> [8489 bytes]","args":[{"element-6066-11e4-a52e-4f735466cecf":"f.37E7500FB3BEF60B72C91044CCDB3F00.d.077FF41F3C22507755CB9A6894D066B7.e.9845","ELEMENT":"f.37E7500FB3BEF60B72C91044CCDB3F00.d.077FF41F3C22507755CB9A6894D066B7.e.9845"}]}
COMMAND: GET /session/c0099c8ef87d8f1a9c022bedeb80dcd8/screenshot - {}
RESULT: {}
COMMAND: POST /session/c0099c8ef87d8f1a9c022bedeb80dcd8/execute/sync - {"script":"<script> [8489 bytes]","args":[{"element-6066-11e4-a52e-4f735466cecf":"f.37E7500FB3BEF60B72C91044CCDB3F00.d.077FF41F3C22507755CB9A6894D066B7.e.9845","ELEMENT":"f.37E7500FB3BEF60B72C91044CCDB3F00.d.077FF41F3C22507755CB9A6894D066B7.e.9845"}]}
RESULT: {"script":"<script> [8489 bytes]","args":[{"element-6066-11e4-a52e-4f735466cecf":"f.37E7500FB3BEF60B72C91044CCDB3F00.d.077FF41F3C22507755CB9A6894D066B7.e.9845","ELEMENT":"f.37E7500FB3BEF60B72C91044CCDB3F00.d.077FF41F3C22507755CB9A6894D066B7.e.9845"}]}
COMMAND: GET /session/c0099c8ef87d8f1a9c022bedeb80dcd8/screenshot - {}
RESULT: {}
COMMAND: POST /session/c0099c8ef87d8f1a9c022bedeb80dcd8/execute/sync - {"script":"<script> [8489 bytes]","args":[{"element-6066-11e4-a52e-4f735466cecf":"f.37E7500FB3BEF60B72C91044CCDB3F00.d.077FF41F3C22507755CB9A6894D066B7.e.9845","ELEMENT":"f.37E7500FB3BEF60B72C91044CCDB3F00.d.077FF41F3C22507755CB9A6894D066B7.e.9845"}]}
RESULT: {"script":"<script> [8489 bytes]","args":[{"element-6066-11e4-a52e-4f735466cecf":"f.37E7500FB3BEF60B72C91044CCDB3F00.d.077FF41F3C22507755CB9A6894D066B7.e.9845","ELEMENT":"f.37E7500FB3BEF60B72C91044CCDB3F00.d.077FF41F3C22507755CB9A6894D066B7.e.9845"}]}
COMMAND: GET /session/c0099c8ef87d8f1a9c022bedeb80dcd8/screenshot - {}
RESULT: {}
COMMAND: POST /session/c0099c8ef87d8f1a9c022bedeb80dcd8/execute/sync - {"script":"<script> [8489 bytes]","args":[{"element-6066-11e4-a52e-4f735466cecf":"f.37E7500FB3BEF60B72C91044CCDB3F00.d.077FF41F3C22507755CB9A6894D066B7.e.9845","ELEMENT":"f.37E7500FB3BEF60B72C91044CCDB3F00.d.077FF41F3C22507755CB9A6894D066B7.e.9845"}]}
RESULT: {"script":"<script> [8489 bytes]","args":[{"element-6066-11e4-a52e-4f735466cecf":"f.37E7500FB3BEF60B72C91044CCDB3F00.d.077FF41F3C22507755CB9A6894D066B7.e.9845","ELEMENT":"f.37E7500FB3BEF60B72C91044CCDB3F00.d.077FF41F3C22507755CB9A6894D066B7.e.9845"}]}
COMMAND: GET /session/c0099c8ef87d8f1a9c022bedeb80dcd8/screenshot - {}
RESULT: {}
COMMAND: POST /session/c0099c8ef87d8f1a9c022bedeb80dcd8/execute/sync - {"script":"<script> [8489 bytes]","args":[{"element-6066-11e4-a52e-4f735466cecf":"f.37E7500FB3BEF60B72C91044CCDB3F00.d.077FF41F3C22507755CB9A6894D066B7.e.9845","ELEMENT":"f.37E7500FB3BEF60B72C91044CCDB3F00.d.077FF41F3C22507755CB9A6894D066B7.e.9845"}]}
RESULT: {"script":"<script> [8489 bytes]","args":[{"element-6066-11e4-a52e-4f735466cecf":"f.37E7500FB3BEF60B72C91044CCDB3F00.d.077FF41F3C22507755CB9A6894D066B7.e.9845","ELEMENT":"f.37E7500FB3BEF60B72C91044CCDB3F00.d.077FF41F3C22507755CB9A6894D066B7.e.9845"}]}
COMMAND: GET /session/c0099c8ef87d8f1a9c022bedeb80dcd8/screenshot - {}
RESULT: {}
COMMAND: POST /session/c0099c8ef87d8f1a9c022bedeb80dcd8/execute/sync - {"script":"<script> [8489 bytes]","args":[{"element-6066-11e4-a52e-4f735466cecf":"f.37E7500FB3BEF60B72C91044CCDB3F00.d.077FF41F3C22507755CB9A6894D066B7.e.9845","ELEMENT":"f.37E7500FB3BEF60B72C91044CCDB3F00.d.077FF41F3C22507755CB9A6894D066B7.e.9845"}]}
RESULT: {"script":"<script> [8489 bytes]","args":[{"element-6066-11e4-a52e-4f735466cecf":"f.37E7500FB3BEF60B72C91044CCDB3F00.d.077FF41F3C22507755CB9A6894D066B7.e.9845","ELEMENT":"f.37E7500FB3BEF60B72C91044CCDB3F00.d.077FF41F3C22507755CB9A6894D066B7.e.9845"}]}
COMMAND: GET /session/c0099c8ef87d8f1a9c022bedeb80dcd8/screenshot - {}
RESULT: {}
COMMAND: POST /session/c0099c8ef87d8f1a9c022bedeb80dcd8/execute/sync - {"script":"<script> [8489 bytes]","args":[{"element-6066-11e4-a52e-4f735466cecf":"f.37E7500FB3BEF60B72C91044CCDB3F00.d.077FF41F3C22507755CB9A6894D066B7.e.9845","ELEMENT":"f.37E7500FB3BEF60B72C91044CCDB3F00.d.077FF41F3C22507755CB9A6894D066B7.e.9845"}]}
RESULT: {"script":"<script> [8489 bytes]","args":[{"element-6066-11e4-a52e-4f735466cecf":"f.37E7500FB3BEF60B72C91044CCDB3F00.d.077FF41F3C22507755CB9A6894D066B7.e.9845","ELEMENT":"f.37E7500FB3BEF60B72C91044CCDB3F00.d.077FF41F3C22507755CB9A6894D066B7.e.9845"}]}
COMMAND: GET /session/c0099c8ef87d8f1a9c022bedeb80dcd8/screenshot - {}
RESULT: {}
COMMAND: POST /session/c0099c8ef87d8f1a9c022bedeb80dcd8/execute/sync - {"script":"<script> [8489 bytes]","args":[{"element-6066-11e4-a52e-4f735466cecf":"f.37E7500FB3BEF60B72C91044CCDB3F00.d.077FF41F3C22507755CB9A6894D066B7.e.9845","ELEMENT":"f.37E7500FB3BEF60B72C91044CCDB3F00.d.077FF41F3C22507755CB9A6894D066B7.e.9845"}]}
RESULT: {"script":"<script> [8489 bytes]","args":[{"element-6066-11e4-a52e-4f735466cecf":"f.37E7500FB3BEF60B72C91044CCDB3F00.d.077FF41F3C22507755CB9A6894D066B7.e.9845","ELEMENT":"f.37E7500FB3BEF60B72C91044CCDB3F00.d.077FF41F3C22507755CB9A6894D066B7.e.9845"}]}
COMMAND: GET /session/c0099c8ef87d8f1a9c022bedeb80dcd8/screenshot - {}
RESULT: {}
COMMAND: POST /session/c0099c8ef87d8f1a9c022bedeb80dcd8/execute/sync - {"script":"<script> [8489 bytes]","args":[{"element-6066-11e4-a52e-4f735466cecf":"f.37E7500FB3BEF60B72C91044CCDB3F00.d.077FF41F3C22507755CB9A6894D066B7.e.9845","ELEMENT":"f.37E7500FB3BEF60B72C91044CCDB3F00.d.077FF41F3C22507755CB9A6894D066B7.e.9845"}]}
RESULT: {"script":"<script> [8489 bytes]","args":[{"element-6066-11e4-a52e-4f735466cecf":"f.37E7500FB3BEF60B72C91044CCDB3F00.d.077FF41F3C22507755CB9A6894D066B7.e.9845","ELEMENT":"f.37E7500FB3BEF60B72C91044CCDB3F00.d.077FF41F3C22507755CB9A6894D066B7.e.9845"}]}
COMMAND: GET /session/c0099c8ef87d8f1a9c022bedeb80dcd8/screenshot - {}
RESULT: {}
COMMAND: POST /session/c0099c8ef87d8f1a9c022bedeb80dcd8/execute/sync - {"script":"<script> [8489 bytes]","args":[{"element-6066-11e4-a52e-4f735466cecf":"f.37E7500FB3BEF60B72C91044CCDB3F00.d.077FF41F3C22507755CB9A6894D066B7.e.9845","ELEMENT":"f.37E7500FB3BEF60B72C91044CCDB3F00.d.077FF41F3C22507755CB9A6894D066B7.e.9845"}]}
RESULT: {"script":"<script> [8489 bytes]","args":[{"element-6066-11e4-a52e-4f735466cecf":"f.37E7500FB3BEF60B72C91044CCDB3F00.d.077FF41F3C22507755CB9A6894D066B7.e.9845","ELEMENT":"f.37E7500FB3BEF60B72C91044CCDB3F00.d.077FF41F3C22507755CB9A6894D066B7.e.9845"}]}
COMMAND: GET /session/c0099c8ef87d8f1a9c022bedeb80dcd8/screenshot - {}
RESULT: {}
COMMAND: POST /session/c0099c8ef87d8f1a9c022bedeb80dcd8/execute/sync - {"script":"<script> [8489 bytes]","args":[{"element-6066-11e4-a52e-4f735466cecf":"f.37E7500FB3BEF60B72C91044CCDB3F00.d.077FF41F3C22507755CB9A6894D066B7.e.9845","ELEMENT":"f.37E7500FB3BEF60B72C91044CCDB3F00.d.077FF41F3C22507755CB9A6894D066B7.e.9845"}]}
RESULT: {"script":"<script> [8489 bytes]","args":[{"element-6066-11e4-a52e-4f735466cecf":"f.37E7500FB3BEF60B72C91044CCDB3F00.d.077FF41F3C22507755CB9A6894D066B7.e.9845","ELEMENT":"f.37E7500FB3BEF60B72C91044CCDB3F00.d.077FF41F3C22507755CB9A6894D066B7.e.9845"}]}
COMMAND: GET /session/c0099c8ef87d8f1a9c022bedeb80dcd8/screenshot - {}
RESULT: {}
COMMAND: POST /session/c0099c8ef87d8f1a9c022bedeb80dcd8/execute/sync - {"script":"<script> [8489 bytes]","args":[{"element-6066-11e4-a52e-4f735466cecf":"f.37E7500FB3BEF60B72C91044CCDB3F00.d.077FF41F3C22507755CB9A6894D066B7.e.9845","ELEMENT":"f.37E7500FB3BEF60B72C91044CCDB3F00.d.077FF41F3C22507755CB9A6894D066B7.e.9845"}]}
RESULT: {"script":"<script> [8489 bytes]","args":[{"element-6066-11e4-a52e-4f735466cecf":"f.37E7500FB3BEF60B72C91044CCDB3F00.d.077FF41F3C22507755CB9A6894D066B7.e.9845","ELEMENT":"f.37E7500FB3BEF60B72C91044CCDB3F00.d.077FF41F3C22507755CB9A6894D066B7.e.9845"}]}
COMMAND: GET /session/c0099c8ef87d8f1a9c022bedeb80dcd8/screenshot - {}
RESULT: {}
COMMAND: POST /session/c0099c8ef87d8f1a9c022bedeb80dcd8/execute/sync - {"script":"<script> [8489 bytes]","args":[{"element-6066-11e4-a52e-4f735466cecf":"f.37E7500FB3BEF60B72C91044CCDB3F00.d.077FF41F3C22507755CB9A6894D066B7.e.9845","ELEMENT":"f.37E7500FB3BEF60B72C91044CCDB3F00.d.077FF41F3C22507755CB9A6894D066B7.e.9845"}]}
RESULT: {"script":"<script> [8489 bytes]","args":[{"element-6066-11e4-a52e-4f735466cecf":"f.37E7500FB3BEF60B72C91044CCDB3F00.d.077FF41F3C22507755CB9A6894D066B7.e.9845","ELEMENT":"f.37E7500FB3BEF60B72C91044CCDB3F00.d.077FF41F3C22507755CB9A6894D066B7.e.9845"}]}
COMMAND: GET /session/c0099c8ef87d8f1a9c022bedeb80dcd8/screenshot - {}
RESULT: {}
COMMAND: POST /session/c0099c8ef87d8f1a9c022bedeb80dcd8/execute/sync - {"script":"<script> [8489 bytes]","args":[{"element-6066-11e4-a52e-4f735466cecf":"f.37E7500FB3BEF60B72C91044CCDB3F00.d.077FF41F3C22507755CB9A6894D066B7.e.9845","ELEMENT":"f.37E7500FB3BEF60B72C91044CCDB3F00.d.077FF41F3C22507755CB9A6894D066B7.e.9845"}]}
RESULT: {"script":"<script> [8489 bytes]","args":[{"element-6066-11e4-a52e-4f735466cecf":"f.37E7500FB3BEF60B72C91044CCDB3F00.d.077FF41F3C22507755CB9A6894D066B7.e.9845","ELEMENT":"f.37E7500FB3BEF60B72C91044CCDB3F00.d.077FF41F3C22507755CB9A6894D066B7.e.9845"}]}
COMMAND: GET /session/c0099c8ef87d8f1a9c022bedeb80dcd8/screenshot - {}
RESULT: {}
COMMAND: POST /session/c0099c8ef87d8f1a9c022bedeb80dcd8/execute/sync - {"script":"<script> [8489 bytes]","args":[{"element-6066-11e4-a52e-4f735466cecf":"f.37E7500FB3BEF60B72C91044CCDB3F00.d.077FF41F3C22507755CB9A6894D066B7.e.9845","ELEMENT":"f.37E7500FB3BEF60B72C91044CCDB3F00.d.077FF41F3C22507755CB9A6894D066B7.e.9845"}]}
RESULT: {"script":"<script> [8489 bytes]","args":[{"element-6066-11e4-a52e-4f735466cecf":"f.37E7500FB3BEF60B72C91044CCDB3F00.d.077FF41F3C22507755CB9A6894D066B7.e.9845","ELEMENT":"f.37E7500FB3BEF60B72C91044CCDB3F00.d.077FF41F3C22507755CB9A6894D066B7.e.9845"}]}
COMMAND: GET /session/c0099c8ef87d8f1a9c022bedeb80dcd8/screenshot - {}
RESULT: {}
COMMAND: POST /session/c0099c8ef87d8f1a9c022bedeb80dcd8/execute/sync - {"script":"<script> [8489 bytes]","args":[{"element-6066-11e4-a52e-4f735466cecf":"f.37E7500FB3BEF60B72C91044CCDB3F00.d.077FF41F3C22507755CB9A6894D066B7.e.9845","ELEMENT":"f.37E7500FB3BEF60B72C91044CCDB3F00.d.077FF41F3C22507755CB9A6894D066B7.e.9845"}]}
RESULT: {"script":"<script> [8489 bytes]","args":[{"element-6066-11e4-a52e-4f735466cecf":"f.37E7500FB3BEF60B72C91044CCDB3F00.d.077FF41F3C22507755CB9A6894D066B7.e.9845","ELEMENT":"f.37E7500FB3BEF60B72C91044CCDB3F00.d.077FF41F3C22507755CB9A6894D066B7.e.9845"}]}
COMMAND: GET /session/c0099c8ef87d8f1a9c022bedeb80dcd8/screenshot - {}
RESULT: {}
COMMAND: POST /session/c0099c8ef87d8f1a9c022bedeb80dcd8/execute/sync - {"script":"<script> [8489 bytes]","args":[{"element-6066-11e4-a52e-4f735466cecf":"f.37E7500FB3BEF60B72C91044CCDB3F00.d.077FF41F3C22507755CB9A6894D066B7.e.9845","ELEMENT":"f.37E7500FB3BEF60B72C91044CCDB3F00.d.077FF41F3C22507755CB9A6894D066B7.e.9845"}]}
RESULT: {"script":"<script> [8489 bytes]","args":[{"element-6066-11e4-a52e-4f735466cecf":"f.37E7500FB3BEF60B72C91044CCDB3F00.d.077FF41F3C22507755CB9A6894D066B7.e.9845","ELEMENT":"f.37E7500FB3BEF60B72C91044CCDB3F00.d.077FF41F3C22507755CB9A6894D066B7.e.9845"}]}
COMMAND: GET /session/c0099c8ef87d8f1a9c022bedeb80dcd8/screenshot - {}
RESULT: {}
COMMAND: POST /session/c0099c8ef87d8f1a9c022bedeb80dcd8/execute/sync - {"script":"<script> [8489 bytes]","args":[{"element-6066-11e4-a52e-4f735466cecf":"f.37E7500FB3BEF60B72C91044CCDB3F00.d.077FF41F3C22507755CB9A6894D066B7.e.9845","ELEMENT":"f.37E7500FB3BEF60B72C91044CCDB3F00.d.077FF41F3C22507755CB9A6894D066B7.e.9845"}]}
RESULT: {"script":"<script> [8489 bytes]","args":[{"element-6066-11e4-a52e-4f735466cecf":"f.37E7500FB3BEF60B72C91044CCDB3F00.d.077FF41F3C22507755CB9A6894D066B7.e.9845","ELEMENT":"f.37E7500FB3BEF60B72C91044CCDB3F00.d.077FF41F3C22507755CB9A6894D066B7.e.9845"}]}
COMMAND: GET /session/c0099c8ef87d8f1a9c022bedeb80dcd8/screenshot - {}
RESULT: {}
COMMAND: POST /session/c0099c8ef87d8f1a9c022bedeb80dcd8/execute/sync - {"script":"<script> [8489 bytes]","args":[{"element-6066-11e4-a52e-4f735466cecf":"f.37E7500FB3BEF60B72C91044CCDB3F00.d.077FF41F3C22507755CB9A6894D066B7.e.9845","ELEMENT":"f.37E7500FB3BEF60B72C91044CCDB3F00.d.077FF41F3C22507755CB9A6894D066B7.e.9845"}]}
RESULT: {"script":"<script> [8489 bytes]","args":[{"element-6066-11e4-a52e-4f735466cecf":"f.37E7500FB3BEF60B72C91044CCDB3F00.d.077FF41F3C22507755CB9A6894D066B7.e.9845","ELEMENT":"f.37E7500FB3BEF60B72C91044CCDB3F00.d.077FF41F3C22507755CB9A6894D066B7.e.9845"}]}
COMMAND: GET /session/c0099c8ef87d8f1a9c022bedeb80dcd8/screenshot - {}
RESULT: {}
COMMAND: POST /session/c0099c8ef87d8f1a9c022bedeb80dcd8/execute/sync - {"script":"<script> [8489 bytes]","args":[{"element-6066-11e4-a52e-4f735466cecf":"f.37E7500FB3BEF60B72C91044CCDB3F00.d.077FF41F3C22507755CB9A6894D066B7.e.9845","ELEMENT":"f.37E7500FB3BEF60B72C91044CCDB3F00.d.077FF41F3C22507755CB9A6894D066B7.e.9845"}]}
RESULT: {"script":"<script> [8489 bytes]","args":[{"element-6066-11e4-a52e-4f735466cecf":"f.37E7500FB3BEF60B72C91044CCDB3F00.d.077FF41F3C22507755CB9A6894D066B7.e.9845","ELEMENT":"f.37E7500FB3BEF60B72C91044CCDB3F00.d.077FF41F3C22507755CB9A6894D066B7.e.9845"}]}
COMMAND: GET /session/c0099c8ef87d8f1a9c022bedeb80dcd8/screenshot - {}
RESULT: {}
COMMAND: POST /session/c0099c8ef87d8f1a9c022bedeb80dcd8/execute/sync - {"script":"<script> [8489 bytes]","args":[{"element-6066-11e4-a52e-4f735466cecf":"f.37E7500FB3BEF60B72C91044CCDB3F00.d.077FF41F3C22507755CB9A6894D066B7.e.9845","ELEMENT":"f.37E7500FB3BEF60B72C91044CCDB3F00.d.077FF41F3C22507755CB9A6894D066B7.e.9845"}]}
RESULT: {"script":"<script> [8489 bytes]","args":[{"element-6066-11e4-a52e-4f735466cecf":"f.37E7500FB3BEF60B72C91044CCDB3F00.d.077FF41F3C22507755CB9A6894D066B7.e.9845","ELEMENT":"f.37E7500FB3BEF60B72C91044CCDB3F00.d.077FF41F3C22507755CB9A6894D066B7.e.9845"}]}
COMMAND: GET /session/c0099c8ef87d8f1a9c022bedeb80dcd8/screenshot - {}
RESULT: {}
COMMAND: POST /session/c0099c8ef87d8f1a9c022bedeb80dcd8/execute/sync - {"script":"<script> [8489 bytes]","args":[{"element-6066-11e4-a52e-4f735466cecf":"f.37E7500FB3BEF60B72C91044CCDB3F00.d.077FF41F3C22507755CB9A6894D066B7.e.9845","ELEMENT":"f.37E7500FB3BEF60B72C91044CCDB3F00.d.077FF41F3C22507755CB9A6894D066B7.e.9845"}]}
RESULT: {"script":"<script> [8489 bytes]","args":[{"element-6066-11e4-a52e-4f735466cecf":"f.37E7500FB3BEF60B72C91044CCDB3F00.d.077FF41F3C22507755CB9A6894D066B7.e.9845","ELEMENT":"f.37E7500FB3BEF60B72C91044CCDB3F00.d.077FF41F3C22507755CB9A6894D066B7.e.9845"}]}
COMMAND: GET /session/c0099c8ef87d8f1a9c022bedeb80dcd8/screenshot - {}
COMMAND: POST /session/c0099c8ef87d8f1a9c022bedeb80dcd8/execute/sync - {"script":"<script> [8489 bytes]","args":[{"element-6066-11e4-a52e-4f735466cecf":"f.37E7500FB3BEF60B72C91044CCDB3F00.d.077FF41F3C22507755CB9A6894D066B7.e.9845","ELEMENT":"f.37E7500FB3BEF60B72C91044CCDB3F00.d.077FF41F3C22507755CB9A6894D066B7.e.9845"}]}
RESULT: {}
RESULT: {"script":"<script> [8489 bytes]","args":[{"element-6066-11e4-a52e-4f735466cecf":"f.37E7500FB3BEF60B72C91044CCDB3F00.d.077FF41F3C22507755CB9A6894D066B7.e.9845","ELEMENT":"f.37E7500FB3BEF60B72C91044CCDB3F00.d.077FF41F3C22507755CB9A6894D066B7.e.9845"}]}
COMMAND: GET /session/c0099c8ef87d8f1a9c022bedeb80dcd8/screenshot - {}
RESULT: {}
COMMAND: POST /session/c0099c8ef87d8f1a9c022bedeb80dcd8/execute/sync - {"script":"<script> [8489 bytes]","args":[{"element-6066-11e4-a52e-4f735466cecf":"f.37E7500FB3BEF60B72C91044CCDB3F00.d.077FF41F3C22507755CB9A6894D066B7.e.9845","ELEMENT":"f.37E7500FB3BEF60B72C91044CCDB3F00.d.077FF41F3C22507755CB9A6894D066B7.e.9845"}]}
RESULT: {"script":"<script> [8489 bytes]","args":[{"element-6066-11e4-a52e-4f735466cecf":"f.37E7500FB3BEF60B72C91044CCDB3F00.d.077FF41F3C22507755CB9A6894D066B7.e.9845","ELEMENT":"f.37E7500FB3BEF60B72C91044CCDB3F00.d.077FF41F3C22507755CB9A6894D066B7.e.9845"}]}
COMMAND: GET /session/c0099c8ef87d8f1a9c022bedeb80dcd8/screenshot - {}
RESULT: {}
COMMAND: POST /session/c0099c8ef87d8f1a9c022bedeb80dcd8/execute/sync - {"script":"<script> [8489 bytes]","args":[{"element-6066-11e4-a52e-4f735466cecf":"f.37E7500FB3BEF60B72C91044CCDB3F00.d.077FF41F3C22507755CB9A6894D066B7.e.9845","ELEMENT":"f.37E7500FB3BEF60B72C91044CCDB3F00.d.077FF41F3C22507755CB9A6894D066B7.e.9845"}]}
RESULT: {"script":"<script> [8489 bytes]","args":[{"element-6066-11e4-a52e-4f735466cecf":"f.37E7500FB3BEF60B72C91044CCDB3F00.d.077FF41F3C22507755CB9A6894D066B7.e.9845","ELEMENT":"f.37E7500FB3BEF60B72C91044CCDB3F00.d.077FF41F3C22507755CB9A6894D066B7.e.9845"}]}
COMMAND: GET /session/c0099c8ef87d8f1a9c022bedeb80dcd8/screenshot - {}
RESULT: {}
COMMAND: POST /session/c0099c8ef87d8f1a9c022bedeb80dcd8/execute/sync - {"script":"<script> [8489 bytes]","args":[{"element-6066-11e4-a52e-4f735466cecf":"f.37E7500FB3BEF60B72C91044CCDB3F00.d.077FF41F3C22507755CB9A6894D066B7.e.9845","ELEMENT":"f.37E7500FB3BEF60B72C91044CCDB3F00.d.077FF41F3C22507755CB9A6894D066B7.e.9845"}]}
RESULT: {"script":"<script> [8489 bytes]","args":[{"element-6066-11e4-a52e-4f735466cecf":"f.37E7500FB3BEF60B72C91044CCDB3F00.d.077FF41F3C22507755CB9A6894D066B7.e.9845","ELEMENT":"f.37E7500FB3BEF60B72C91044CCDB3F00.d.077FF41F3C22507755CB9A6894D066B7.e.9845"}]}
COMMAND: GET /session/c0099c8ef87d8f1a9c022bedeb80dcd8/screenshot - {}
RESULT: {}
COMMAND: POST /session/c0099c8ef87d8f1a9c022bedeb80dcd8/execute/sync - {"script":"<script> [8489 bytes]","args":[{"element-6066-11e4-a52e-4f735466cecf":"f.37E7500FB3BEF60B72C91044CCDB3F00.d.077FF41F3C22507755CB9A6894D066B7.e.9845","ELEMENT":"f.37E7500FB3BEF60B72C91044CCDB3F00.d.077FF41F3C22507755CB9A6894D066B7.e.9845"}]}
RESULT: {"script":"<script> [8489 bytes]","args":[{"element-6066-11e4-a52e-4f735466cecf":"f.37E7500FB3BEF60B72C91044CCDB3F00.d.077FF41F3C22507755CB9A6894D066B7.e.9845","ELEMENT":"f.37E7500FB3BEF60B72C91044CCDB3F00.d.077FF41F3C22507755CB9A6894D066B7.e.9845"}]}
COMMAND: GET /session/c0099c8ef87d8f1a9c022bedeb80dcd8/screenshot - {}
RESULT: {}
COMMAND: POST /session/c0099c8ef87d8f1a9c022bedeb80dcd8/execute/sync - {"script":"<script> [8489 bytes]","args":[{"element-6066-11e4-a52e-4f735466cecf":"f.37E7500FB3BEF60B72C91044CCDB3F00.d.077FF41F3C22507755CB9A6894D066B7.e.9845","ELEMENT":"f.37E7500FB3BEF60B72C91044CCDB3F00.d.077FF41F3C22507755CB9A6894D066B7.e.9845"}]}
RESULT: {"script":"<script> [8489 bytes]","args":[{"element-6066-11e4-a52e-4f735466cecf":"f.37E7500FB3BEF60B72C91044CCDB3F00.d.077FF41F3C22507755CB9A6894D066B7.e.9845","ELEMENT":"f.37E7500FB3BEF60B72C91044CCDB3F00.d.077FF41F3C22507755CB9A6894D066B7.e.9845"}]}
COMMAND: GET /session/c0099c8ef87d8f1a9c022bedeb80dcd8/screenshot - {}
RESULT: {}
COMMAND: POST /session/c0099c8ef87d8f1a9c022bedeb80dcd8/execute/sync - {"script":"<script> [8489 bytes]","args":[{"element-6066-11e4-a52e-4f735466cecf":"f.37E7500FB3BEF60B72C91044CCDB3F00.d.077FF41F3C22507755CB9A6894D066B7.e.9845","ELEMENT":"f.37E7500FB3BEF60B72C91044CCDB3F00.d.077FF41F3C22507755CB9A6894D066B7.e.9845"}]}
RESULT: {"script":"<script> [8489 bytes]","args":[{"element-6066-11e4-a52e-4f735466cecf":"f.37E7500FB3BEF60B72C91044CCDB3F00.d.077FF41F3C22507755CB9A6894D066B7.e.9845","ELEMENT":"f.37E7500FB3BEF60B72C91044CCDB3F00.d.077FF41F3C22507755CB9A6894D066B7.e.9845"}]}
COMMAND: GET /session/c0099c8ef87d8f1a9c022bedeb80dcd8/screenshot - {}
RESULT: {}
COMMAND: POST /session/c0099c8ef87d8f1a9c022bedeb80dcd8/execute/sync - {"script":"<script> [8489 bytes]","args":[{"element-6066-11e4-a52e-4f735466cecf":"f.37E7500FB3BEF60B72C91044CCDB3F00.d.077FF41F3C22507755CB9A6894D066B7.e.9845","ELEMENT":"f.37E7500FB3BEF60B72C91044CCDB3F00.d.077FF41F3C22507755CB9A6894D066B7.e.9845"}]}
RESULT: {"script":"<script> [8489 bytes]","args":[{"element-6066-11e4-a52e-4f735466cecf":"f.37E7500FB3BEF60B72C91044CCDB3F00.d.077FF41F3C22507755CB9A6894D066B7.e.9845","ELEMENT":"f.37E7500FB3BEF60B72C91044CCDB3F00.d.077FF41F3C22507755CB9A6894D066B7.e.9845"}]}
COMMAND: GET /session/c0099c8ef87d8f1a9c022bedeb80dcd8/screenshot - {}
RESULT: {}
COMMAND: POST /session/c0099c8ef87d8f1a9c022bedeb80dcd8/execute/sync - {"script":"<script> [8489 bytes]","args":[{"element-6066-11e4-a52e-4f735466cecf":"f.37E7500FB3BEF60B72C91044CCDB3F00.d.077FF41F3C22507755CB9A6894D066B7.e.9845","ELEMENT":"f.37E7500FB3BEF60B72C91044CCDB3F00.d.077FF41F3C22507755CB9A6894D066B7.e.9845"}]}
RESULT: {"script":"<script> [8489 bytes]","args":[{"element-6066-11e4-a52e-4f735466cecf":"f.37E7500FB3BEF60B72C91044CCDB3F00.d.077FF41F3C22507755CB9A6894D066B7.e.9845","ELEMENT":"f.37E7500FB3BEF60B72C91044CCDB3F00.d.077FF41F3C22507755CB9A6894D066B7.e.9845"}]}
COMMAND: GET /session/c0099c8ef87d8f1a9c022bedeb80dcd8/screenshot - {}
RESULT: {}
COMMAND: POST /session/c0099c8ef87d8f1a9c022bedeb80dcd8/execute/sync - {"script":"<script> [8489 bytes]","args":[{"element-6066-11e4-a52e-4f735466cecf":"f.37E7500FB3BEF60B72C91044CCDB3F00.d.077FF41F3C22507755CB9A6894D066B7.e.9845","ELEMENT":"f.37E7500FB3BEF60B72C91044CCDB3F00.d.077FF41F3C22507755CB9A6894D066B7.e.9845"}]}
RESULT: {"script":"<script> [8489 bytes]","args":[{"element-6066-11e4-a52e-4f735466cecf":"f.37E7500FB3BEF60B72C91044CCDB3F00.d.077FF41F3C22507755CB9A6894D066B7.e.9845","ELEMENT":"f.37E7500FB3BEF60B72C91044CCDB3F00.d.077FF41F3C22507755CB9A6894D066B7.e.9845"}]}
COMMAND: GET /session/c0099c8ef87d8f1a9c022bedeb80dcd8/screenshot - {}
RESULT: {}
COMMAND: POST /session/c0099c8ef87d8f1a9c022bedeb80dcd8/execute/sync - {"script":"<script> [8489 bytes]","args":[{"element-6066-11e4-a52e-4f735466cecf":"f.37E7500FB3BEF60B72C91044CCDB3F00.d.077FF41F3C22507755CB9A6894D066B7.e.9845","ELEMENT":"f.37E7500FB3BEF60B72C91044CCDB3F00.d.077FF41F3C22507755CB9A6894D066B7.e.9845"}]}
RESULT: {"script":"<script> [8489 bytes]","args":[{"element-6066-11e4-a52e-4f735466cecf":"f.37E7500FB3BEF60B72C91044CCDB3F00.d.077FF41F3C22507755CB9A6894D066B7.e.9845","ELEMENT":"f.37E7500FB3BEF60B72C91044CCDB3F00.d.077FF41F3C22507755CB9A6894D066B7.e.9845"}]}
COMMAND: GET /session/c0099c8ef87d8f1a9c022bedeb80dcd8/screenshot - {}
RESULT: {}
COMMAND: POST /session/c0099c8ef87d8f1a9c022bedeb80dcd8/execute/sync - {"script":"<script> [8489 bytes]","args":[{"element-6066-11e4-a52e-4f735466cecf":"f.37E7500FB3BEF60B72C91044CCDB3F00.d.077FF41F3C22507755CB9A6894D066B7.e.9845","ELEMENT":"f.37E7500FB3BEF60B72C91044CCDB3F00.d.077FF41F3C22507755CB9A6894D066B7.e.9845"}]}
RESULT: {"script":"<script> [8489 bytes]","args":[{"element-6066-11e4-a52e-4f735466cecf":"f.37E7500FB3BEF60B72C91044CCDB3F00.d.077FF41F3C22507755CB9A6894D066B7.e.9845","ELEMENT":"f.37E7500FB3BEF60B72C91044CCDB3F00.d.077FF41F3C22507755CB9A6894D066B7.e.9845"}]}
COMMAND: GET /session/c0099c8ef87d8f1a9c022bedeb80dcd8/screenshot - {}
RESULT: {}
COMMAND: POST /session/c0099c8ef87d8f1a9c022bedeb80dcd8/execute/sync - {"script":"<script> [8489 bytes]","args":[{"element-6066-11e4-a52e-4f735466cecf":"f.37E7500FB3BEF60B72C91044CCDB3F00.d.077FF41F3C22507755CB9A6894D066B7.e.9845","ELEMENT":"f.37E7500FB3BEF60B72C91044CCDB3F00.d.077FF41F3C22507755CB9A6894D066B7.e.9845"}]}
RESULT: {"script":"<script> [8489 bytes]","args":[{"element-6066-11e4-a52e-4f735466cecf":"f.37E7500FB3BEF60B72C91044CCDB3F00.d.077FF41F3C22507755CB9A6894D066B7.e.9845","ELEMENT":"f.37E7500FB3BEF60B72C91044CCDB3F00.d.077FF41F3C22507755CB9A6894D066B7.e.9845"}]}
COMMAND: GET /session/c0099c8ef87d8f1a9c022bedeb80dcd8/screenshot - {}
RESULT: {}
COMMAND: POST /session/c0099c8ef87d8f1a9c022bedeb80dcd8/execute/sync - {"script":"<script> [8489 bytes]","args":[{"element-6066-11e4-a52e-4f735466cecf":"f.37E7500FB3BEF60B72C91044CCDB3F00.d.077FF41F3C22507755CB9A6894D066B7.e.9845","ELEMENT":"f.37E7500FB3BEF60B72C91044CCDB3F00.d.077FF41F3C22507755CB9A6894D066B7.e.9845"}]}
RESULT: {"script":"<script> [8489 bytes]","args":[{"element-6066-11e4-a52e-4f735466cecf":"f.37E7500FB3BEF60B72C91044CCDB3F00.d.077FF41F3C22507755CB9A6894D066B7.e.9845","ELEMENT":"f.37E7500FB3BEF60B72C91044CCDB3F00.d.077FF41F3C22507755CB9A6894D066B7.e.9845"}]}
COMMAND: GET /session/c0099c8ef87d8f1a9c022bedeb80dcd8/screenshot - {}
RESULT: {}
COMMAND: POST /session/c0099c8ef87d8f1a9c022bedeb80dcd8/execute/sync - {"script":"<script> [8489 bytes]","args":[{"element-6066-11e4-a52e-4f735466cecf":"f.37E7500FB3BEF60B72C91044CCDB3F00.d.077FF41F3C22507755CB9A6894D066B7.e.9845","ELEMENT":"f.37E7500FB3BEF60B72C91044CCDB3F00.d.077FF41F3C22507755CB9A6894D066B7.e.9845"}]}
RESULT: {"script":"<script> [8489 bytes]","args":[{"element-6066-11e4-a52e-4f735466cecf":"f.37E7500FB3BEF60B72C91044CCDB3F00.d.077FF41F3C22507755CB9A6894D066B7.e.9845","ELEMENT":"f.37E7500FB3BEF60B72C91044CCDB3F00.d.077FF41F3C22507755CB9A6894D066B7.e.9845"}]}
COMMAND: GET /session/c0099c8ef87d8f1a9c022bedeb80dcd8/screenshot - {}
RESULT: {}
COMMAND: POST /session/c0099c8ef87d8f1a9c022bedeb80dcd8/execute/sync - {"script":"<script> [8489 bytes]","args":[{"element-6066-11e4-a52e-4f735466cecf":"f.37E7500FB3BEF60B72C91044CCDB3F00.d.077FF41F3C22507755CB9A6894D066B7.e.9845","ELEMENT":"f.37E7500FB3BEF60B72C91044CCDB3F00.d.077FF41F3C22507755CB9A6894D066B7.e.9845"}]}
RESULT: {"script":"<script> [8489 bytes]","args":[{"element-6066-11e4-a52e-4f735466cecf":"f.37E7500FB3BEF60B72C91044CCDB3F00.d.077FF41F3C22507755CB9A6894D066B7.e.9845","ELEMENT":"f.37E7500FB3BEF60B72C91044CCDB3F00.d.077FF41F3C22507755CB9A6894D066B7.e.9845"}]}
COMMAND: GET /session/c0099c8ef87d8f1a9c022bedeb80dcd8/screenshot - {}
RESULT: {}
COMMAND: POST /session/c0099c8ef87d8f1a9c022bedeb80dcd8/execute/sync - {"script":"<script> [8489 bytes]","args":[{"element-6066-11e4-a52e-4f735466cecf":"f.37E7500FB3BEF60B72C91044CCDB3F00.d.077FF41F3C22507755CB9A6894D066B7.e.9845","ELEMENT":"f.37E7500FB3BEF60B72C91044CCDB3F00.d.077FF41F3C22507755CB9A6894D066B7.e.9845"}]}
RESULT: {"script":"<script> [8489 bytes]","args":[{"element-6066-11e4-a52e-4f735466cecf":"f.37E7500FB3BEF60B72C91044CCDB3F00.d.077FF41F3C22507755CB9A6894D066B7.e.9845","ELEMENT":"f.37E7500FB3BEF60B72C91044CCDB3F00.d.077FF41F3C22507755CB9A6894D066B7.e.9845"}]}
COMMAND: GET /session/c0099c8ef87d8f1a9c022bedeb80dcd8/screenshot - {}
RESULT: {}
COMMAND: POST /session/c0099c8ef87d8f1a9c022bedeb80dcd8/execute/sync - {"script":"<script> [8489 bytes]","args":[{"element-6066-11e4-a52e-4f735466cecf":"f.37E7500FB3BEF60B72C91044CCDB3F00.d.077FF41F3C22507755CB9A6894D066B7.e.9845","ELEMENT":"f.37E7500FB3BEF60B72C91044CCDB3F00.d.077FF41F3C22507755CB9A6894D066B7.e.9845"}]}
RESULT: {"script":"<script> [8489 bytes]","args":[{"element-6066-11e4-a52e-4f735466cecf":"f.37E7500FB3BEF60B72C91044CCDB3F00.d.077FF41F3C22507755CB9A6894D066B7.e.9845","ELEMENT":"f.37E7500FB3BEF60B72C91044CCDB3F00.d.077FF41F3C22507755CB9A6894D066B7.e.9845"}]}
COMMAND: GET /session/c0099c8ef87d8f1a9c022bedeb80dcd8/screenshot - {}
RESULT: {}
COMMAND: POST /session/c0099c8ef87d8f1a9c022bedeb80dcd8/execute/sync - {"script":"<script> [8489 bytes]","args":[{"element-6066-11e4-a52e-4f735466cecf":"f.37E7500FB3BEF60B72C91044CCDB3F00.d.077FF41F3C22507755CB9A6894D066B7.e.9845","ELEMENT":"f.37E7500FB3BEF60B72C91044CCDB3F00.d.077FF41F3C22507755CB9A6894D066B7.e.9845"}]}
RESULT: {"script":"<script> [8489 bytes]","args":[{"element-6066-11e4-a52e-4f735466cecf":"f.37E7500FB3BEF60B72C91044CCDB3F00.d.077FF41F3C22507755CB9A6894D066B7.e.9845","ELEMENT":"f.37E7500FB3BEF60B72C91044CCDB3F00.d.077FF41F3C22507755CB9A6894D066B7.e.9845"}]}
COMMAND: GET /session/c0099c8ef87d8f1a9c022bedeb80dcd8/screenshot - {}
RESULT: {}
COMMAND: POST /session/c0099c8ef87d8f1a9c022bedeb80dcd8/execute/sync - {"script":"<script> [8489 bytes]","args":[{"element-6066-11e4-a52e-4f735466cecf":"f.37E7500FB3BEF60B72C91044CCDB3F00.d.077FF41F3C22507755CB9A6894D066B7.e.9845","ELEMENT":"f.37E7500FB3BEF60B72C91044CCDB3F00.d.077FF41F3C22507755CB9A6894D066B7.e.9845"}]}
RESULT: {"script":"<script> [8489 bytes]","args":[{"element-6066-11e4-a52e-4f735466cecf":"f.37E7500FB3BEF60B72C91044CCDB3F00.d.077FF41F3C22507755CB9A6894D066B7.e.9845","ELEMENT":"f.37E7500FB3BEF60B72C91044CCDB3F00.d.077FF41F3C22507755CB9A6894D066B7.e.9845"}]}
COMMAND: GET /session/c0099c8ef87d8f1a9c022bedeb80dcd8/screenshot - {}
RESULT: {}
COMMAND: POST /session/c0099c8ef87d8f1a9c022bedeb80dcd8/execute/sync - {"script":"<script> [8489 bytes]","args":[{"element-6066-11e4-a52e-4f735466cecf":"f.37E7500FB3BEF60B72C91044CCDB3F00.d.077FF41F3C22507755CB9A6894D066B7.e.9845","ELEMENT":"f.37E7500FB3BEF60B72C91044CCDB3F00.d.077FF41F3C22507755CB9A6894D066B7.e.9845"}]}
RESULT: {"script":"<script> [8489 bytes]","args":[{"element-6066-11e4-a52e-4f735466cecf":"f.37E7500FB3BEF60B72C91044CCDB3F00.d.077FF41F3C22507755CB9A6894D066B7.e.9845","ELEMENT":"f.37E7500FB3BEF60B72C91044CCDB3F00.d.077FF41F3C22507755CB9A6894D066B7.e.9845"}]}
COMMAND: GET /session/c0099c8ef87d8f1a9c022bedeb80dcd8/screenshot - {}
RESULT: {}
COMMAND: POST /session/c0099c8ef87d8f1a9c022bedeb80dcd8/execute/sync - {"script":"<script> [8489 bytes]","args":[{"element-6066-11e4-a52e-4f735466cecf":"f.37E7500FB3BEF60B72C91044CCDB3F00.d.077FF41F3C22507755CB9A6894D066B7.e.9845","ELEMENT":"f.37E7500FB3BEF60B72C91044CCDB3F00.d.077FF41F3C22507755CB9A6894D066B7.e.9845"}]}
RESULT: {"script":"<script> [8489 bytes]","args":[{"element-6066-11e4-a52e-4f735466cecf":"f.37E7500FB3BEF60B72C91044CCDB3F00.d.077FF41F3C22507755CB9A6894D066B7.e.9845","ELEMENT":"f.37E7500FB3BEF60B72C91044CCDB3F00.d.077FF41F3C22507755CB9A6894D066B7.e.9845"}]}
COMMAND: GET /session/c0099c8ef87d8f1a9c022bedeb80dcd8/screenshot - {}
RESULT: {}
COMMAND: POST /session/c0099c8ef87d8f1a9c022bedeb80dcd8/execute/sync - {"script":"<script> [8489 bytes]","args":[{"element-6066-11e4-a52e-4f735466cecf":"f.37E7500FB3BEF60B72C91044CCDB3F00.d.077FF41F3C22507755CB9A6894D066B7.e.9845","ELEMENT":"f.37E7500FB3BEF60B72C91044CCDB3F00.d.077FF41F3C22507755CB9A6894D066B7.e.9845"}]}
RESULT: {"script":"<script> [8489 bytes]","args":[{"element-6066-11e4-a52e-4f735466cecf":"f.37E7500FB3BEF60B72C91044CCDB3F00.d.077FF41F3C22507755CB9A6894D066B7.e.9845","ELEMENT":"f.37E7500FB3BEF60B72C91044CCDB3F00.d.077FF41F3C22507755CB9A6894D066B7.e.9845"}]}
COMMAND: GET /session/c0099c8ef87d8f1a9c022bedeb80dcd8/screenshot - {}
RESULT: {}
COMMAND: POST /session/c0099c8ef87d8f1a9c022bedeb80dcd8/execute/sync - {"script":"<script> [8489 bytes]","args":[{"element-6066-11e4-a52e-4f735466cecf":"f.37E7500FB3BEF60B72C91044CCDB3F00.d.077FF41F3C22507755CB9A6894D066B7.e.9845","ELEMENT":"f.37E7500FB3BEF60B72C91044CCDB3F00.d.077FF41F3C22507755CB9A6894D066B7.e.9845"}]}
RESULT: {"script":"<script> [8489 bytes]","args":[{"element-6066-11e4-a52e-4f735466cecf":"f.37E7500FB3BEF60B72C91044CCDB3F00.d.077FF41F3C22507755CB9A6894D066B7.e.9845","ELEMENT":"f.37E7500FB3BEF60B72C91044CCDB3F00.d.077FF41F3C22507755CB9A6894D066B7.e.9845"}]}
COMMAND: GET /session/c0099c8ef87d8f1a9c022bedeb80dcd8/screenshot - {}
RESULT: {}
COMMAND: POST /session/c0099c8ef87d8f1a9c022bedeb80dcd8/execute/sync - {"script":"<script> [8489 bytes]","args":[{"element-6066-11e4-a52e-4f735466cecf":"f.37E7500FB3BEF60B72C91044CCDB3F00.d.077FF41F3C22507755CB9A6894D066B7.e.9845","ELEMENT":"f.37E7500FB3BEF60B72C91044CCDB3F00.d.077FF41F3C22507755CB9A6894D066B7.e.9845"}]}
RESULT: {"script":"<script> [8489 bytes]","args":[{"element-6066-11e4-a52e-4f735466cecf":"f.37E7500FB3BEF60B72C91044CCDB3F00.d.077FF41F3C22507755CB9A6894D066B7.e.9845","ELEMENT":"f.37E7500FB3BEF60B72C91044CCDB3F00.d.077FF41F3C22507755CB9A6894D066B7.e.9845"}]}
COMMAND: GET /session/c0099c8ef87d8f1a9c022bedeb80dcd8/screenshot - {}
RESULT: {}
COMMAND: POST /session/c0099c8ef87d8f1a9c022bedeb80dcd8/execute/sync - {"script":"<script> [8489 bytes]","args":[{"element-6066-11e4-a52e-4f735466cecf":"f.37E7500FB3BEF60B72C91044CCDB3F00.d.077FF41F3C22507755CB9A6894D066B7.e.9845","ELEMENT":"f.37E7500FB3BEF60B72C91044CCDB3F00.d.077FF41F3C22507755CB9A6894D066B7.e.9845"}]}
RESULT: {"script":"<script> [8489 bytes]","args":[{"element-6066-11e4-a52e-4f735466cecf":"f.37E7500FB3BEF60B72C91044CCDB3F00.d.077FF41F3C22507755CB9A6894D066B7.e.9845","ELEMENT":"f.37E7500FB3BEF60B72C91044CCDB3F00.d.077FF41F3C22507755CB9A6894D066B7.e.9845"}]}
COMMAND: GET /session/c0099c8ef87d8f1a9c022bedeb80dcd8/screenshot - {}
RESULT: {}
COMMAND: POST /session/c0099c8ef87d8f1a9c022bedeb80dcd8/execute/sync - {"script":"<script> [8489 bytes]","args":[{"element-6066-11e4-a52e-4f735466cecf":"f.37E7500FB3BEF60B72C91044CCDB3F00.d.077FF41F3C22507755CB9A6894D066B7.e.9845","ELEMENT":"f.37E7500FB3BEF60B72C91044CCDB3F00.d.077FF41F3C22507755CB9A6894D066B7.e.9845"}]}
RESULT: {"script":"<script> [8489 bytes]","args":[{"element-6066-11e4-a52e-4f735466cecf":"f.37E7500FB3BEF60B72C91044CCDB3F00.d.077FF41F3C22507755CB9A6894D066B7.e.9845","ELEMENT":"f.37E7500FB3BEF60B72C91044CCDB3F00.d.077FF41F3C22507755CB9A6894D066B7.e.9845"}]}
COMMAND: GET /session/c0099c8ef87d8f1a9c022bedeb80dcd8/screenshot - {}
RESULT: {}
COMMAND: POST /session/c0099c8ef87d8f1a9c022bedeb80dcd8/execute/sync - {"script":"<script> [8489 bytes]","args":[{"element-6066-11e4-a52e-4f735466cecf":"f.37E7500FB3BEF60B72C91044CCDB3F00.d.077FF41F3C22507755CB9A6894D066B7.e.9845","ELEMENT":"f.37E7500FB3BEF60B72C91044CCDB3F00.d.077FF41F3C22507755CB9A6894D066B7.e.9845"}]}
RESULT: {"script":"<script> [8489 bytes]","args":[{"element-6066-11e4-a52e-4f735466cecf":"f.37E7500FB3BEF60B72C91044CCDB3F00.d.077FF41F3C22507755CB9A6894D066B7.e.9845","ELEMENT":"f.37E7500FB3BEF60B72C91044CCDB3F00.d.077FF41F3C22507755CB9A6894D066B7.e.9845"}]}
COMMAND: GET /session/c0099c8ef87d8f1a9c022bedeb80dcd8/screenshot - {}
RESULT: {}
COMMAND: POST /session/c0099c8ef87d8f1a9c022bedeb80dcd8/execute/sync - {"script":"<script> [8489 bytes]","args":[{"element-6066-11e4-a52e-4f735466cecf":"f.37E7500FB3BEF60B72C91044CCDB3F00.d.077FF41F3C22507755CB9A6894D066B7.e.9845","ELEMENT":"f.37E7500FB3BEF60B72C91044CCDB3F00.d.077FF41F3C22507755CB9A6894D066B7.e.9845"}]}
RESULT: {"script":"<script> [8489 bytes]","args":[{"element-6066-11e4-a52e-4f735466cecf":"f.37E7500FB3BEF60B72C91044CCDB3F00.d.077FF41F3C22507755CB9A6894D066B7.e.9845","ELEMENT":"f.37E7500FB3BEF60B72C91044CCDB3F00.d.077FF41F3C22507755CB9A6894D066B7.e.9845"}]}
COMMAND: GET /session/c0099c8ef87d8f1a9c022bedeb80dcd8/screenshot - {}
RESULT: {}
COMMAND: POST /session/c0099c8ef87d8f1a9c022bedeb80dcd8/execute/sync - {"script":"<script> [8489 bytes]","args":[{"element-6066-11e4-a52e-4f735466cecf":"f.37E7500FB3BEF60B72C91044CCDB3F00.d.077FF41F3C22507755CB9A6894D066B7.e.9845","ELEMENT":"f.37E7500FB3BEF60B72C91044CCDB3F00.d.077FF41F3C22507755CB9A6894D066B7.e.9845"}]}
RESULT: {"script":"<script> [8489 bytes]","args":[{"element-6066-11e4-a52e-4f735466cecf":"f.37E7500FB3BEF60B72C91044CCDB3F00.d.077FF41F3C22507755CB9A6894D066B7.e.9845","ELEMENT":"f.37E7500FB3BEF60B72C91044CCDB3F00.d.077FF41F3C22507755CB9A6894D066B7.e.9845"}]}
COMMAND: GET /session/c0099c8ef87d8f1a9c022bedeb80dcd8/screenshot - {}
RESULT: {}
COMMAND: POST /session/c0099c8ef87d8f1a9c022bedeb80dcd8/execute/sync - {"script":"<script> [8489 bytes]","args":[{"element-6066-11e4-a52e-4f735466cecf":"f.37E7500FB3BEF60B72C91044CCDB3F00.d.077FF41F3C22507755CB9A6894D066B7.e.9845","ELEMENT":"f.37E7500FB3BEF60B72C91044CCDB3F00.d.077FF41F3C22507755CB9A6894D066B7.e.9845"}]}
RESULT: {"script":"<script> [8489 bytes]","args":[{"element-6066-11e4-a52e-4f735466cecf":"f.37E7500FB3BEF60B72C91044CCDB3F00.d.077FF41F3C22507755CB9A6894D066B7.e.9845","ELEMENT":"f.37E7500FB3BEF60B72C91044CCDB3F00.d.077FF41F3C22507755CB9A6894D066B7.e.9845"}]}
COMMAND: GET /session/c0099c8ef87d8f1a9c022bedeb80dcd8/screenshot - {}
RESULT: {}
COMMAND: POST /session/c0099c8ef87d8f1a9c022bedeb80dcd8/execute/sync - {"script":"<script> [8489 bytes]","args":[{"element-6066-11e4-a52e-4f735466cecf":"f.37E7500FB3BEF60B72C91044CCDB3F00.d.077FF41F3C22507755CB9A6894D066B7.e.9845","ELEMENT":"f.37E7500FB3BEF60B72C91044CCDB3F00.d.077FF41F3C22507755CB9A6894D066B7.e.9845"}]}
RESULT: {"script":"<script> [8489 bytes]","args":[{"element-6066-11e4-a52e-4f735466cecf":"f.37E7500FB3BEF60B72C91044CCDB3F00.d.077FF41F3C22507755CB9A6894D066B7.e.9845","ELEMENT":"f.37E7500FB3BEF60B72C91044CCDB3F00.d.077FF41F3C22507755CB9A6894D066B7.e.9845"}]}
COMMAND: GET /session/c0099c8ef87d8f1a9c022bedeb80dcd8/screenshot - {}
RESULT: {}
COMMAND: POST /session/c0099c8ef87d8f1a9c022bedeb80dcd8/execute/sync - {"script":"<script> [8489 bytes]","args":[{"element-6066-11e4-a52e-4f735466cecf":"f.37E7500FB3BEF60B72C91044CCDB3F00.d.077FF41F3C22507755CB9A6894D066B7.e.9845","ELEMENT":"f.37E7500FB3BEF60B72C91044CCDB3F00.d.077FF41F3C22507755CB9A6894D066B7.e.9845"}]}
RESULT: {"script":"<script> [8489 bytes]","args":[{"element-6066-11e4-a52e-4f735466cecf":"f.37E7500FB3BEF60B72C91044CCDB3F00.d.077FF41F3C22507755CB9A6894D066B7.e.9845","ELEMENT":"f.37E7500FB3BEF60B72C91044CCDB3F00.d.077FF41F3C22507755CB9A6894D066B7.e.9845"}]}
COMMAND: GET /session/c0099c8ef87d8f1a9c022bedeb80dcd8/screenshot - {}
RESULT: {}
COMMAND: POST /session/c0099c8ef87d8f1a9c022bedeb80dcd8/execute/sync - {"script":"<script> [8489 bytes]","args":[{"element-6066-11e4-a52e-4f735466cecf":"f.37E7500FB3BEF60B72C91044CCDB3F00.d.077FF41F3C22507755CB9A6894D066B7.e.9845","ELEMENT":"f.37E7500FB3BEF60B72C91044CCDB3F00.d.077FF41F3C22507755CB9A6894D066B7.e.9845"}]}
RESULT: {"script":"<script> [8489 bytes]","args":[{"element-6066-11e4-a52e-4f735466cecf":"f.37E7500FB3BEF60B72C91044CCDB3F00.d.077FF41F3C22507755CB9A6894D066B7.e.9845","ELEMENT":"f.37E7500FB3BEF60B72C91044CCDB3F00.d.077FF41F3C22507755CB9A6894D066B7.e.9845"}]}
COMMAND: GET /session/c0099c8ef87d8f1a9c022bedeb80dcd8/screenshot - {}
RESULT: {}
COMMAND: POST /session/c0099c8ef87d8f1a9c022bedeb80dcd8/execute/sync - {"script":"<script> [8489 bytes]","args":[{"element-6066-11e4-a52e-4f735466cecf":"f.37E7500FB3BEF60B72C91044CCDB3F00.d.077FF41F3C22507755CB9A6894D066B7.e.9845","ELEMENT":"f.37E7500FB3BEF60B72C91044CCDB3F00.d.077FF41F3C22507755CB9A6894D066B7.e.9845"}]}
RESULT: {"script":"<script> [8489 bytes]","args":[{"element-6066-11e4-a52e-4f735466cecf":"f.37E7500FB3BEF60B72C91044CCDB3F00.d.077FF41F3C22507755CB9A6894D066B7.e.9845","ELEMENT":"f.37E7500FB3BEF60B72C91044CCDB3F00.d.077FF41F3C22507755CB9A6894D066B7.e.9845"}]}
COMMAND: GET /session/c0099c8ef87d8f1a9c022bedeb80dcd8/screenshot - {}
RESULT: {}
COMMAND: POST /session/c0099c8ef87d8f1a9c022bedeb80dcd8/execute/sync - {"script":"<script> [8489 bytes]","args":[{"element-6066-11e4-a52e-4f735466cecf":"f.37E7500FB3BEF60B72C91044CCDB3F00.d.077FF41F3C22507755CB9A6894D066B7.e.9845","ELEMENT":"f.37E7500FB3BEF60B72C91044CCDB3F00.d.077FF41F3C22507755CB9A6894D066B7.e.9845"}]}
RESULT: {"script":"<script> [8489 bytes]","args":[{"element-6066-11e4-a52e-4f735466cecf":"f.37E7500FB3BEF60B72C91044CCDB3F00.d.077FF41F3C22507755CB9A6894D066B7.e.9845","ELEMENT":"f.37E7500FB3BEF60B72C91044CCDB3F00.d.077FF41F3C22507755CB9A6894D066B7.e.9845"}]}
COMMAND: GET /session/c0099c8ef87d8f1a9c022bedeb80dcd8/screenshot - {}
RESULT: {}
COMMAND: POST /session/c0099c8ef87d8f1a9c022bedeb80dcd8/execute/sync - {"script":"<script> [8489 bytes]","args":[{"element-6066-11e4-a52e-4f735466cecf":"f.37E7500FB3BEF60B72C91044CCDB3F00.d.077FF41F3C22507755CB9A6894D066B7.e.9845","ELEMENT":"f.37E7500FB3BEF60B72C91044CCDB3F00.d.077FF41F3C22507755CB9A6894D066B7.e.9845"}]}
RESULT: {"script":"<script> [8489 bytes]","args":[{"element-6066-11e4-a52e-4f735466cecf":"f.37E7500FB3BEF60B72C91044CCDB3F00.d.077FF41F3C22507755CB9A6894D066B7.e.9845","ELEMENT":"f.37E7500FB3BEF60B72C91044CCDB3F00.d.077FF41F3C22507755CB9A6894D066B7.e.9845"}]}
COMMAND: GET /session/c0099c8ef87d8f1a9c022bedeb80dcd8/screenshot - {}
RESULT: {}
COMMAND: POST /session/c0099c8ef87d8f1a9c022bedeb80dcd8/execute/sync - {"script":"<script> [8489 bytes]","args":[{"element-6066-11e4-a52e-4f735466cecf":"f.37E7500FB3BEF60B72C91044CCDB3F00.d.077FF41F3C22507755CB9A6894D066B7.e.9845","ELEMENT":"f.37E7500FB3BEF60B72C91044CCDB3F00.d.077FF41F3C22507755CB9A6894D066B7.e.9845"}]}
RESULT: {"script":"<script> [8489 bytes]","args":[{"element-6066-11e4-a52e-4f735466cecf":"f.37E7500FB3BEF60B72C91044CCDB3F00.d.077FF41F3C22507755CB9A6894D066B7.e.9845","ELEMENT":"f.37E7500FB3BEF60B72C91044CCDB3F00.d.077FF41F3C22507755CB9A6894D066B7.e.9845"}]}
COMMAND: GET /session/c0099c8ef87d8f1a9c022bedeb80dcd8/screenshot - {}
RESULT: {}
COMMAND: POST /session/c0099c8ef87d8f1a9c022bedeb80dcd8/execute/sync - {"script":"<script> [8489 bytes]","args":[{"element-6066-11e4-a52e-4f735466cecf":"f.37E7500FB3BEF60B72C91044CCDB3F00.d.077FF41F3C22507755CB9A6894D066B7.e.9845","ELEMENT":"f.37E7500FB3BEF60B72C91044CCDB3F00.d.077FF41F3C22507755CB9A6894D066B7.e.9845"}]}
RESULT: {"script":"<script> [8489 bytes]","args":[{"element-6066-11e4-a52e-4f735466cecf":"f.37E7500FB3BEF60B72C91044CCDB3F00.d.077FF41F3C22507755CB9A6894D066B7.e.9845","ELEMENT":"f.37E7500FB3BEF60B72C91044CCDB3F00.d.077FF41F3C22507755CB9A6894D066B7.e.9845"}]}
COMMAND: GET /session/c0099c8ef87d8f1a9c022bedeb80dcd8/screenshot - {}
COMMAND: POST /session/c0099c8ef87d8f1a9c022bedeb80dcd8/execute/sync - {"script":"<script> [8489 bytes]","args":[{"element-6066-11e4-a52e-4f735466cecf":"f.37E7500FB3BEF60B72C91044CCDB3F00.d.077FF41F3C22507755CB9A6894D066B7.e.9845","ELEMENT":"f.37E7500FB3BEF60B72C91044CCDB3F00.d.077FF41F3C22507755CB9A6894D066B7.e.9845"}]}
RESULT: {}
RESULT: {"script":"<script> [8489 bytes]","args":[{"element-6066-11e4-a52e-4f735466cecf":"f.37E7500FB3BEF60B72C91044CCDB3F00.d.077FF41F3C22507755CB9A6894D066B7.e.9845","ELEMENT":"f.37E7500FB3BEF60B72C91044CCDB3F00.d.077FF41F3C22507755CB9A6894D066B7.e.9845"}]}
COMMAND: GET /session/c0099c8ef87d8f1a9c022bedeb80dcd8/screenshot - {}
RESULT: {}
COMMAND: POST /session/c0099c8ef87d8f1a9c022bedeb80dcd8/execute/sync - {"script":"<script> [8489 bytes]","args":[{"element-6066-11e4-a52e-4f735466cecf":"f.37E7500FB3BEF60B72C91044CCDB3F00.d.077FF41F3C22507755CB9A6894D066B7.e.9845","ELEMENT":"f.37E7500FB3BEF60B72C91044CCDB3F00.d.077FF41F3C22507755CB9A6894D066B7.e.9845"}]}
RESULT: {"script":"<script> [8489 bytes]","args":[{"element-6066-11e4-a52e-4f735466cecf":"f.37E7500FB3BEF60B72C91044CCDB3F00.d.077FF41F3C22507755CB9A6894D066B7.e.9845","ELEMENT":"f.37E7500FB3BEF60B72C91044CCDB3F00.d.077FF41F3C22507755CB9A6894D066B7.e.9845"}]}
COMMAND: GET /session/c0099c8ef87d8f1a9c022bedeb80dcd8/screenshot - {}
RESULT: {}
COMMAND: POST /session/c0099c8ef87d8f1a9c022bedeb80dcd8/execute/sync - {"script":"<script> [8489 bytes]","args":[{"element-6066-11e4-a52e-4f735466cecf":"f.37E7500FB3BEF60B72C91044CCDB3F00.d.077FF41F3C22507755CB9A6894D066B7.e.9845","ELEMENT":"f.37E7500FB3BEF60B72C91044CCDB3F00.d.077FF41F3C22507755CB9A6894D066B7.e.9845"}]}
RESULT: {"script":"<script> [8489 bytes]","args":[{"element-6066-11e4-a52e-4f735466cecf":"f.37E7500FB3BEF60B72C91044CCDB3F00.d.077FF41F3C22507755CB9A6894D066B7.e.9845","ELEMENT":"f.37E7500FB3BEF60B72C91044CCDB3F00.d.077FF41F3C22507755CB9A6894D066B7.e.9845"}]}
COMMAND: GET /session/c0099c8ef87d8f1a9c022bedeb80dcd8/screenshot - {}
RESULT: {}
COMMAND: POST /session/c0099c8ef87d8f1a9c022bedeb80dcd8/execute/sync - {"script":"<script> [8489 bytes]","args":[{"element-6066-11e4-a52e-4f735466cecf":"f.37E7500FB3BEF60B72C91044CCDB3F00.d.077FF41F3C22507755CB9A6894D066B7.e.9845","ELEMENT":"f.37E7500FB3BEF60B72C91044CCDB3F00.d.077FF41F3C22507755CB9A6894D066B7.e.9845"}]}
RESULT: {"script":"<script> [8489 bytes]","args":[{"element-6066-11e4-a52e-4f735466cecf":"f.37E7500FB3BEF60B72C91044CCDB3F00.d.077FF41F3C22507755CB9A6894D066B7.e.9845","ELEMENT":"f.37E7500FB3BEF60B72C91044CCDB3F00.d.077FF41F3C22507755CB9A6894D066B7.e.9845"}]}
COMMAND: GET /session/c0099c8ef87d8f1a9c022bedeb80dcd8/screenshot - {}
RESULT: {}
COMMAND: POST /session/c0099c8ef87d8f1a9c022bedeb80dcd8/execute/sync - {"script":"<script> [8489 bytes]","args":[{"element-6066-11e4-a52e-4f735466cecf":"f.37E7500FB3BEF60B72C91044CCDB3F00.d.077FF41F3C22507755CB9A6894D066B7.e.9845","ELEMENT":"f.37E7500FB3BEF60B72C91044CCDB3F00.d.077FF41F3C22507755CB9A6894D066B7.e.9845"}]}
RESULT: {"script":"<script> [8489 bytes]","args":[{"element-6066-11e4-a52e-4f735466cecf":"f.37E7500FB3BEF60B72C91044CCDB3F00.d.077FF41F3C22507755CB9A6894D066B7.e.9845","ELEMENT":"f.37E7500FB3BEF60B72C91044CCDB3F00.d.077FF41F3C22507755CB9A6894D066B7.e.9845"}]}
COMMAND: GET /session/c0099c8ef87d8f1a9c022bedeb80dcd8/screenshot - {}
RESULT: {}
COMMAND: POST /session/c0099c8ef87d8f1a9c022bedeb80dcd8/execute/sync - {"script":"<script> [8489 bytes]","args":[{"element-6066-11e4-a52e-4f735466cecf":"f.37E7500FB3BEF60B72C91044CCDB3F00.d.077FF41F3C22507755CB9A6894D066B7.e.9845","ELEMENT":"f.37E7500FB3BEF60B72C91044CCDB3F00.d.077FF41F3C22507755CB9A6894D066B7.e.9845"}]}
RESULT: {"script":"<script> [8489 bytes]","args":[{"element-6066-11e4-a52e-4f735466cecf":"f.37E7500FB3BEF60B72C91044CCDB3F00.d.077FF41F3C22507755CB9A6894D066B7.e.9845","ELEMENT":"f.37E7500FB3BEF60B72C91044CCDB3F00.d.077FF41F3C22507755CB9A6894D066B7.e.9845"}]}
COMMAND: GET /session/c0099c8ef87d8f1a9c022bedeb80dcd8/screenshot - {}
RESULT: {}
COMMAND: POST /session/c0099c8ef87d8f1a9c022bedeb80dcd8/execute/sync - {"script":"<script> [8489 bytes]","args":[{"element-6066-11e4-a52e-4f735466cecf":"f.37E7500FB3BEF60B72C91044CCDB3F00.d.077FF41F3C22507755CB9A6894D066B7.e.9845","ELEMENT":"f.37E7500FB3BEF60B72C91044CCDB3F00.d.077FF41F3C22507755CB9A6894D066B7.e.9845"}]}
RESULT: {"script":"<script> [8489 bytes]","args":[{"element-6066-11e4-a52e-4f735466cecf":"f.37E7500FB3BEF60B72C91044CCDB3F00.d.077FF41F3C22507755CB9A6894D066B7.e.9845","ELEMENT":"f.37E7500FB3BEF60B72C91044CCDB3F00.d.077FF41F3C22507755CB9A6894D066B7.e.9845"}]}
COMMAND: GET /session/c0099c8ef87d8f1a9c022bedeb80dcd8/screenshot - {}
RESULT: {}
COMMAND: POST /session/c0099c8ef87d8f1a9c022bedeb80dcd8/execute/sync - {"script":"<script> [8489 bytes]","args":[{"element-6066-11e4-a52e-4f735466cecf":"f.37E7500FB3BEF60B72C91044CCDB3F00.d.077FF41F3C22507755CB9A6894D066B7.e.9845","ELEMENT":"f.37E7500FB3BEF60B72C91044CCDB3F00.d.077FF41F3C22507755CB9A6894D066B7.e.9845"}]}
RESULT: {"script":"<script> [8489 bytes]","args":[{"element-6066-11e4-a52e-4f735466cecf":"f.37E7500FB3BEF60B72C91044CCDB3F00.d.077FF41F3C22507755CB9A6894D066B7.e.9845","ELEMENT":"f.37E7500FB3BEF60B72C91044CCDB3F00.d.077FF41F3C22507755CB9A6894D066B7.e.9845"}]}
COMMAND: GET /session/c0099c8ef87d8f1a9c022bedeb80dcd8/screenshot - {}
RESULT: {}
COMMAND: POST /session/c0099c8ef87d8f1a9c022bedeb80dcd8/execute/sync - {"script":"<script> [8489 bytes]","args":[{"element-6066-11e4-a52e-4f735466cecf":"f.37E7500FB3BEF60B72C91044CCDB3F00.d.077FF41F3C22507755CB9A6894D066B7.e.9845","ELEMENT":"f.37E7500FB3BEF60B72C91044CCDB3F00.d.077FF41F3C22507755CB9A6894D066B7.e.9845"}]}
RESULT: {"script":"<script> [8489 bytes]","args":[{"element-6066-11e4-a52e-4f735466cecf":"f.37E7500FB3BEF60B72C91044CCDB3F00.d.077FF41F3C22507755CB9A6894D066B7.e.9845","ELEMENT":"f.37E7500FB3BEF60B72C91044CCDB3F00.d.077FF41F3C22507755CB9A6894D066B7.e.9845"}]}
COMMAND: GET /session/c0099c8ef87d8f1a9c022bedeb80dcd8/screenshot - {}
RESULT: {}
COMMAND: POST /session/c0099c8ef87d8f1a9c022bedeb80dcd8/execute/sync - {"script":"<script> [8489 bytes]","args":[{"element-6066-11e4-a52e-4f735466cecf":"f.37E7500FB3BEF60B72C91044CCDB3F00.d.077FF41F3C22507755CB9A6894D066B7.e.9845","ELEMENT":"f.37E7500FB3BEF60B72C91044CCDB3F00.d.077FF41F3C22507755CB9A6894D066B7.e.9845"}]}
RESULT: {"script":"<script> [8489 bytes]","args":[{"element-6066-11e4-a52e-4f735466cecf":"f.37E7500FB3BEF60B72C91044CCDB3F00.d.077FF41F3C22507755CB9A6894D066B7.e.9845","ELEMENT":"f.37E7500FB3BEF60B72C91044CCDB3F00.d.077FF41F3C22507755CB9A6894D066B7.e.9845"}]}
COMMAND: GET /session/c0099c8ef87d8f1a9c022bedeb80dcd8/screenshot - {}
RESULT: {}
COMMAND: POST /session/c0099c8ef87d8f1a9c022bedeb80dcd8/execute/sync - {"script":"<script> [8489 bytes]","args":[{"element-6066-11e4-a52e-4f735466cecf":"f.37E7500FB3BEF60B72C91044CCDB3F00.d.077FF41F3C22507755CB9A6894D066B7.e.9845","ELEMENT":"f.37E7500FB3BEF60B72C91044CCDB3F00.d.077FF41F3C22507755CB9A6894D066B7.e.9845"}]}
RESULT: {"script":"<script> [8489 bytes]","args":[{"element-6066-11e4-a52e-4f735466cecf":"f.37E7500FB3BEF60B72C91044CCDB3F00.d.077FF41F3C22507755CB9A6894D066B7.e.9845","ELEMENT":"f.37E7500FB3BEF60B72C91044CCDB3F00.d.077FF41F3C22507755CB9A6894D066B7.e.9845"}]}
COMMAND: GET /session/c0099c8ef87d8f1a9c022bedeb80dcd8/screenshot - {}
RESULT: {}
COMMAND: POST /session/c0099c8ef87d8f1a9c022bedeb80dcd8/execute/sync - {"script":"<script> [8489 bytes]","args":[{"element-6066-11e4-a52e-4f735466cecf":"f.37E7500FB3BEF60B72C91044CCDB3F00.d.077FF41F3C22507755CB9A6894D066B7.e.9845","ELEMENT":"f.37E7500FB3BEF60B72C91044CCDB3F00.d.077FF41F3C22507755CB9A6894D066B7.e.9845"}]}
RESULT: {"script":"<script> [8489 bytes]","args":[{"element-6066-11e4-a52e-4f735466cecf":"f.37E7500FB3BEF60B72C91044CCDB3F00.d.077FF41F3C22507755CB9A6894D066B7.e.9845","ELEMENT":"f.37E7500FB3BEF60B72C91044CCDB3F00.d.077FF41F3C22507755CB9A6894D066B7.e.9845"}]}
COMMAND: GET /session/c0099c8ef87d8f1a9c022bedeb80dcd8/screenshot - {}
RESULT: {}
COMMAND: POST /session/c0099c8ef87d8f1a9c022bedeb80dcd8/execute/sync - {"script":"<script> [8489 bytes]","args":[{"element-6066-11e4-a52e-4f735466cecf":"f.37E7500FB3BEF60B72C91044CCDB3F00.d.077FF41F3C22507755CB9A6894D066B7.e.9845","ELEMENT":"f.37E7500FB3BEF60B72C91044CCDB3F00.d.077FF41F3C22507755CB9A6894D066B7.e.9845"}]}
RESULT: {"script":"<script> [8489 bytes]","args":[{"element-6066-11e4-a52e-4f735466cecf":"f.37E7500FB3BEF60B72C91044CCDB3F00.d.077FF41F3C22507755CB9A6894D066B7.e.9845","ELEMENT":"f.37E7500FB3BEF60B72C91044CCDB3F00.d.077FF41F3C22507755CB9A6894D066B7.e.9845"}]}
COMMAND: GET /session/c0099c8ef87d8f1a9c022bedeb80dcd8/screenshot - {}
RESULT: {}
COMMAND: POST /session/c0099c8ef87d8f1a9c022bedeb80dcd8/execute/sync - {"script":"<script> [8489 bytes]","args":[{"element-6066-11e4-a52e-4f735466cecf":"f.37E7500FB3BEF60B72C91044CCDB3F00.d.077FF41F3C22507755CB9A6894D066B7.e.9845","ELEMENT":"f.37E7500FB3BEF60B72C91044CCDB3F00.d.077FF41F3C22507755CB9A6894D066B7.e.9845"}]}
RESULT: {"script":"<script> [8489 bytes]","args":[{"element-6066-11e4-a52e-4f735466cecf":"f.37E7500FB3BEF60B72C91044CCDB3F00.d.077FF41F3C22507755CB9A6894D066B7.e.9845","ELEMENT":"f.37E7500FB3BEF60B72C91044CCDB3F00.d.077FF41F3C22507755CB9A6894D066B7.e.9845"}]}
COMMAND: GET /session/c0099c8ef87d8f1a9c022bedeb80dcd8/screenshot - {}
RESULT: {}
COMMAND: POST /session/c0099c8ef87d8f1a9c022bedeb80dcd8/execute/sync - {"script":"<script> [8489 bytes]","args":[{"element-6066-11e4-a52e-4f735466cecf":"f.37E7500FB3BEF60B72C91044CCDB3F00.d.077FF41F3C22507755CB9A6894D066B7.e.9845","ELEMENT":"f.37E7500FB3BEF60B72C91044CCDB3F00.d.077FF41F3C22507755CB9A6894D066B7.e.9845"}]}
COMMAND: POST /session/c0099c8ef87d8f1a9c022bedeb80dcd8/execute/async - {"script":"<script> [1562 bytes]","args":[{"selector":{"controlType":"sap.m.ToggleButton","viewName":"etm.portal.ui.warehousemovements.view.ExecuteMovement","viewId":"application-warehousemovements-display-component---executeMovement","bindingPath":{"propertyPath":"STATUS","modelName":"catalogModel"},"interaction":{"idSuffix":"BDI-content"}},"wdio_ui5_key":"etmportal.ui.warehousemovements.view.ExecuteMovementsap.m.ToggleButton{\"propertyPath\":\"STATUS\",\"modelName\":\"catalogModel\"}"}]}
RESULT: {"script":"<script> [8489 bytes]","args":[{"element-6066-11e4-a52e-4f735466cecf":"f.37E7500FB3BEF60B72C91044CCDB3F00.d.077FF41F3C22507755CB9A6894D066B7.e.9845","ELEMENT":"f.37E7500FB3BEF60B72C91044CCDB3F00.d.077FF41F3C22507755CB9A6894D066B7.e.9845"}]}
COMMAND: GET /session/c0099c8ef87d8f1a9c022bedeb80dcd8/screenshot - {}
RESULT: {"script":"<script> [1562 bytes]","args":[{"selector":{"controlType":"sap.m.ToggleButton","viewName":"etm.portal.ui.warehousemovements.view.ExecuteMovement","viewId":"application-warehousemovements-display-component---executeMovement","bindingPath":{"propertyPath":"STATUS","modelName":"catalogModel"},"interaction":{"idSuffix":"BDI-content"}},"wdio_ui5_key":"etmportal.ui.warehousemovements.view.ExecuteMovementsap.m.ToggleButton{\"propertyPath\":\"STATUS\",\"modelName\":\"catalogModel\"}"}]}
RESULT: undefined
COMMAND: POST /session/c0099c8ef87d8f1a9c022bedeb80dcd8/element - {"using":"xpath","value":"//*[@id=\"__button427-__clone9057\"]"}
RESULT: {}
RESULT: {"using":"xpath","value":"//*[@id=\"__button427-__clone9057\"]"}
COMMAND: POST /session/c0099c8ef87d8f1a9c022bedeb80dcd8/element/f.37E7500FB3BEF60B72C91044CCDB3F00.d.077FF41F3C22507755CB9A6894D066B7.e.9819/click - {}
RESULT: {}
RESULT: undefined
COMMAND: POST /session/c0099c8ef87d8f1a9c022bedeb80dcd8/element - {"using":"xpath","value":"//*[@id=\"__button427-__clone9057\"]"}
COMMAND: GET /session/c0099c8ef87d8f1a9c022bedeb80dcd8/screenshot - {}
RESULT: {"using":"xpath","value":"//*[@id=\"__button427-__clone9057\"]"}
COMMAND: POST /session/c0099c8ef87d8f1a9c022bedeb80dcd8/element/f.37E7500FB3BEF60B72C91044CCDB3F00.d.077FF41F3C22507755CB9A6894D066B7.e.9819/click - {}
RESULT: {}
RESULT: {}
RESULT: undefined
COMMAND: POST /session/c0099c8ef87d8f1a9c022bedeb80dcd8/execute/async - {"script":"<script> [6424 bytes]","args":[{"element-6066-11e4-a52e-4f735466cecf":"f.37E7500FB3BEF60B72C91044CCDB3F00.d.077FF41F3C22507755CB9A6894D066B7.e.9846"},"getText",[]]}
COMMAND: GET /session/c0099c8ef87d8f1a9c022bedeb80dcd8/screenshot - {}
RESULT: {"script":"<script> [6424 bytes]","args":[{"element-6066-11e4-a52e-4f735466cecf":"f.37E7500FB3BEF60B72C91044CCDB3F00.d.077FF41F3C22507755CB9A6894D066B7.e.9846"},"getText",[]]}
COMMAND: POST /session/c0099c8ef87d8f1a9c022bedeb80dcd8/execute/async - {"script":"<script> [1562 bytes]","args":[{"selector":{"id":"application-warehousemovements-display-component---executeMovement--executeId","interaction":{"idSuffix":"BDI-content"}},"wdio_ui5_key":"applicationwarehousemovements-display-component---executeMovement--executeId"}]}
RESULT: {}
RESULT: {"script":"<script> [1562 bytes]","args":[{"selector":{"id":"application-warehousemovements-display-component---executeMovement--executeId","interaction":{"idSuffix":"BDI-content"}},"wdio_ui5_key":"applicationwarehousemovements-display-component---executeMovement--executeId"}]}
RESULT: undefined
COMMAND: POST /session/c0099c8ef87d8f1a9c022bedeb80dcd8/element - {"using":"xpath","value":"//*[@id=\"application-warehousemovements-display-component---executeMovement--executeId\"]"}
RESULT: {"using":"xpath","value":"//*[@id=\"application-warehousemovements-display-component---executeMovement--executeId\"]"}
COMMAND: POST /session/c0099c8ef87d8f1a9c022bedeb80dcd8/element/f.37E7500FB3BEF60B72C91044CCDB3F00.d.077FF41F3C22507755CB9A6894D066B7.e.9813/click - {}
RESULT: {}
COMMAND: POST /session/c0099c8ef87d8f1a9c022bedeb80dcd8/execute/async - {"script":"<script> [1562 bytes]","args":[{"selector":{"controlType":"sap.m.Link","viewName":"etm.portal.ui.warehousemovements.view.DisplayMovement","viewId":"application-warehousemovements-display-component---displayMovement","bindingPath":{"propertyPath":"HAND_OVER_NO","modelName":"catalogModel"}},"wdio_ui5_key":"etmportal.ui.warehousemovements.view.DisplayMovementsap.m.Link{\"propertyPath\":\"HAND_OVER_NO\",\"modelName\":\"catalogModel\"}"}]}
COMMAND: GET /session/c0099c8ef87d8f1a9c022bedeb80dcd8/screenshot - {}
RESULT: {"script":"<script> [1562 bytes]","args":[{"selector":{"controlType":"sap.m.Link","viewName":"etm.portal.ui.warehousemovements.view.DisplayMovement","viewId":"application-warehousemovements-display-component---displayMovement","bindingPath":{"propertyPath":"HAND_OVER_NO","modelName":"catalogModel"}},"wdio_ui5_key":"etmportal.ui.warehousemovements.view.DisplayMovementsap.m.Link{\"propertyPath\":\"HAND_OVER_NO\",\"modelName\":\"catalogModel\"}"}]}
RESULT: undefined
COMMAND: POST /session/c0099c8ef87d8f1a9c022bedeb80dcd8/execute/async - {"script":"<script> [6424 bytes]","args":[{"element-6066-11e4-a52e-4f735466cecf":"f.37E7500FB3BEF60B72C91044CCDB3F00.d.077FF41F3C22507755CB9A6894D066B7.e.9894"},"getText",[]]}
RESULT: {}
RESULT: {"script":"<script> [6424 bytes]","args":[{"element-6066-11e4-a52e-4f735466cecf":"f.37E7500FB3BEF60B72C91044CCDB3F00.d.077FF41F3C22507755CB9A6894D066B7.e.9894"},"getText",[]]}
COMMAND: POST /session/c0099c8ef87d8f1a9c022bedeb80dcd8/element - {"using":"css selector","value":"#shell-header-logo"}
RESULT: {"using":"css selector","value":"#shell-header-logo"}
COMMAND: POST /session/c0099c8ef87d8f1a9c022bedeb80dcd8/element/f.37E7500FB3BEF60B72C91044CCDB3F00.d.077FF41F3C22507755CB9A6894D066B7.e.8793/click - {}
RESULT: {}
COMMAND: GET /session/c0099c8ef87d8f1a9c022bedeb80dcd8/screenshot - {}
RESULT: {}
RESULT: undefined
COMMAND: POST /session/c0099c8ef87d8f1a9c022bedeb80dcd8/element - {"using":"xpath","value":"//*[@id=\"__tile131\"]"}
RESULT: {"using":"xpath","value":"//*[@id=\"__tile131\"]"}
COMMAND: POST /session/c0099c8ef87d8f1a9c022bedeb80dcd8/element/f.37E7500FB3BEF60B72C91044CCDB3F00.d.077FF41F3C22507755CB9A6894D066B7.e.8055/click - {}
RESULT: {}
COMMAND: GET /session/c0099c8ef87d8f1a9c022bedeb80dcd8/screenshot - {}
RESULT: {}
COMMAND: POST /session/c0099c8ef87d8f1a9c022bedeb80dcd8/execute/async - {"script":"<script> [1562 bytes]","args":[{"selector":{"controlType":"sap.m.SearchField","viewName":"etm.portal.ui.managehandovers.view.MasterHO","bindingPath":{"propertyPath":"/_BASIC_SEARCH_FIELD","modelName":"fi1t3rM0d31"},"interaction":{"idSuffix":"I"}},"wdio_ui5_key":"etmportal.ui.managehandovers.view.MasterHOsap.m.SearchField{\"propertyPath\":\"/_BASIC_SEARCH_FIELD\",\"modelName\":\"fi1t3rM0d31\"}"}]}
RESULT: {"script":"<script> [1562 bytes]","args":[{"selector":{"controlType":"sap.m.SearchField","viewName":"etm.portal.ui.managehandovers.view.MasterHO","bindingPath":{"propertyPath":"/_BASIC_SEARCH_FIELD","modelName":"fi1t3rM0d31"},"interaction":{"idSuffix":"I"}},"wdio_ui5_key":"etmportal.ui.managehandovers.view.MasterHOsap.m.SearchField{\"propertyPath\":\"/_BASIC_SEARCH_FIELD\",\"modelName\":\"fi1t3rM0d31\"}"}]}
RESULT: undefined
COMMAND: POST /session/c0099c8ef87d8f1a9c022bedeb80dcd8/execute/async - {"script":"<script> [776 bytes]","args":[{"enterText":"30669","selector":{"controlType":"sap.m.SearchField","viewName":"etm.portal.ui.managehandovers.view.MasterHO","bindingPath":{"propertyPath":"/_BASIC_SEARCH_FIELD","modelName":"fi1t3rM0d31"},"interaction":{"idSuffix":"I"}},"clearTextFirst":true,"interactionType":"ENTER_TEXT"}]}
RESULT: {"script":"<script> [776 bytes]","args":[{"enterText":"30669","selector":{"controlType":"sap.m.SearchField","viewName":"etm.portal.ui.managehandovers.view.MasterHO","bindingPath":{"propertyPath":"/_BASIC_SEARCH_FIELD","modelName":"fi1t3rM0d31"},"interaction":{"idSuffix":"I"}},"clearTextFirst":true,"interactionType":"ENTER_TEXT"}]}
COMMAND: POST /session/c0099c8ef87d8f1a9c022bedeb80dcd8/actions - {"actions":[{"id":"action41","type":"key","parameters":{},"actions":[{"type":"keyDown","value":"î€‡"},{"type":"pause","duration":10},{"type":"keyUp","value":"î€‡"}]}]}
RESULT: {"actions":[{"id":"action41","type":"key","parameters":{},"actions":[{"type":"keyDown","value":"î€‡"},{"type":"pause","duration":10},{"type":"keyUp","value":"î€‡"}]}]}
COMMAND: GET /session/c0099c8ef87d8f1a9c022bedeb80dcd8/screenshot - {}
RESULT: {}
COMMAND: POST /session/c0099c8ef87d8f1a9c022bedeb80dcd8/execute/async - {"script":"<script> [1562 bytes]","args":[{"selector":{"controlType":"sap.ui.core.Icon","viewName":"etm.portal.ui.managehandovers.view.MasterHO","properties":{"src":{"regex":{"source":"slim\\-arrow\\-right"}}}},"wdio_ui5_key":"etmportal.ui.managehandovers.view.MasterHOsap.ui.core.Icon{\"src\":{\"regex\":{\"source\":\"slim\\\\-arrow\\\\-right\"}}}"}]}
RESULT: {"script":"<script> [1562 bytes]","args":[{"selector":{"controlType":"sap.ui.core.Icon","viewName":"etm.portal.ui.managehandovers.view.MasterHO","properties":{"src":{"regex":{"source":"slim\\-arrow\\-right"}}}},"wdio_ui5_key":"etmportal.ui.managehandovers.view.MasterHOsap.ui.core.Icon{\"src\":{\"regex\":{\"source\":\"slim\\\\-arrow\\\\-right\"}}}"}]}
RESULT: undefined
COMMAND: POST /session/c0099c8ef87d8f1a9c022bedeb80dcd8/element - {"using":"xpath","value":"//*[@id=\"__item3555-__clone9135-imgNav\"]"}
RESULT: {"using":"xpath","value":"//*[@id=\"__item3555-__clone9135-imgNav\"]"}
COMMAND: POST /session/c0099c8ef87d8f1a9c022bedeb80dcd8/element/f.37E7500FB3BEF60B72C91044CCDB3F00.d.077FF41F3C22507755CB9A6894D066B7.e.10019/click - {}
RESULT: {}
COMMAND: POST /session/c0099c8ef87d8f1a9c022bedeb80dcd8/execute/async - {"script":"<script> [1562 bytes]","args":[{"selector":{"controlType":"sap.m.Button","viewName":"etm.portal.ui.managehandovers.view.DetailExecuteHO","i18NText":{"propertyName":"text","key":"confirmAll"},"interaction":{"idSuffix":"BDI-content"}},"wdio_ui5_key":"etmportal.ui.managehandovers.view.DetailExecuteHOsap.m.Button{\"propertyName\":\"text\",\"key\":\"confirmAll\"}"}]}
COMMAND: GET /session/c0099c8ef87d8f1a9c022bedeb80dcd8/screenshot - {}
RESULT: {"script":"<script> [1562 bytes]","args":[{"selector":{"controlType":"sap.m.Button","viewName":"etm.portal.ui.managehandovers.view.DetailExecuteHO","i18NText":{"propertyName":"text","key":"confirmAll"},"interaction":{"idSuffix":"BDI-content"}},"wdio_ui5_key":"etmportal.ui.managehandovers.view.DetailExecuteHOsap.m.Button{\"propertyName\":\"text\",\"key\":\"confirmAll\"}"}]}
RESULT: undefined
COMMAND: POST /session/c0099c8ef87d8f1a9c022bedeb80dcd8/element - {"using":"xpath","value":"//*[@id=\"__button468\"]"}
RESULT: {}
RESULT: {"using":"xpath","value":"//*[@id=\"__button468\"]"}
COMMAND: POST /session/c0099c8ef87d8f1a9c022bedeb80dcd8/element/f.37E7500FB3BEF60B72C91044CCDB3F00.d.077FF41F3C22507755CB9A6894D066B7.e.10111/click - {}
RESULT: {}
COMMAND: GET /session/c0099c8ef87d8f1a9c022bedeb80dcd8/screenshot - {}
RESULT: {}
COMMAND: POST /session/c0099c8ef87d8f1a9c022bedeb80dcd8/actions - {"actions":[{"id":"action42","type":"key","parameters":{},"actions":[{"type":"keyDown","value":"î€‡"},{"type":"pause","duration":10},{"type":"keyUp","value":"î€‡"}]}]}
RESULT: {"actions":[{"id":"action42","type":"key","parameters":{},"actions":[{"type":"keyDown","value":"î€‡"},{"type":"pause","duration":10},{"type":"keyUp","value":"î€‡"}]}]}
COMMAND: GET /session/c0099c8ef87d8f1a9c022bedeb80dcd8/screenshot - {}
RESULT: {}
COMMAND: POST /session/c0099c8ef87d8f1a9c022bedeb80dcd8/execute/async - {"script":"<script> [1562 bytes]","args":[{"selector":{"id":"confirmationButton","viewName":"etm.portal.ui.managehandovers.view.DetailExecuteHO","properties":{"text":"Issue"},"interaction":{"idSuffix":"BDI-content"}},"wdio_ui5_key":"confirmationButtonetmportal.ui.managehandovers.view.DetailExecuteHO{\"text\":\"Issue\"}"}]}
RESULT: {"script":"<script> [1562 bytes]","args":[{"selector":{"id":"confirmationButton","viewName":"etm.portal.ui.managehandovers.view.DetailExecuteHO","properties":{"text":"Issue"},"interaction":{"idSuffix":"BDI-content"}},"wdio_ui5_key":"confirmationButtonetmportal.ui.managehandovers.view.DetailExecuteHO{\"text\":\"Issue\"}"}]}
RESULT: undefined
RESULT: undefined
COMMAND: POST /session/c0099c8ef87d8f1a9c022bedeb80dcd8/execute/async - {"script":"<script> [776 bytes]","args":[{"enterText":"30669","selector":{"controlType":"sap.m.SearchField","viewName":"etm.portal.ui.managehandovers.view.MasterHO","bindingPath":{"propertyPath":"/_BASIC_SEARCH_FIELD","modelName":"fi1t3rM0d31"},"interaction":{"idSuffix":"I"}},"clearTextFirst":true,"interactionType":"ENTER_TEXT"}]}
RESULT: {"script":"<script> [776 bytes]","args":[{"enterText":"30669","selector":{"controlType":"sap.m.SearchField","viewName":"etm.portal.ui.managehandovers.view.MasterHO","bindingPath":{"propertyPath":"/_BASIC_SEARCH_FIELD","modelName":"fi1t3rM0d31"},"interaction":{"idSuffix":"I"}},"clearTextFirst":true,"interactionType":"ENTER_TEXT"}]}
COMMAND: POST /session/c0099c8ef87d8f1a9c022bedeb80dcd8/actions - {"actions":[{"id":"action43","type":"key","parameters":{},"actions":[{"type":"keyDown","value":"î€‡"},{"type":"pause","duration":10},{"type":"keyUp","value":"î€‡"}]}]}
RESULT: {"actions":[{"id":"action43","type":"key","parameters":{},"actions":[{"type":"keyDown","value":"î€‡"},{"type":"pause","duration":10},{"type":"keyUp","value":"î€‡"}]}]}
COMMAND: GET /session/c0099c8ef87d8f1a9c022bedeb80dcd8/screenshot - {}
RESULT: {}
COMMAND: POST /session/c0099c8ef87d8f1a9c022bedeb80dcd8/element - {"using":"xpath","value":"//span[(text() = '30669' or . = '30669')]"}
RESULT: {"using":"xpath","value":"//span[(text() = '30669' or . = '30669')]"}
COMMAND: POST /session/c0099c8ef87d8f1a9c022bedeb80dcd8/element/f.37E7500FB3BEF60B72C91044CCDB3F00.d.077FF41F3C22507755CB9A6894D066B7.e.10026/click - {}
RESULT: {}
COMMAND: GET /session/c0099c8ef87d8f1a9c022bedeb80dcd8/screenshot - {}
RESULT: {}
COMMAND: POST /session/c0099c8ef87d8f1a9c022bedeb80dcd8/execute/async - {"script":"<script> [1562 bytes]","args":[{"selector":{"id":"instructionsTabFilter","viewName":"etm.portal.ui.managehandovers.view.DetailExecuteHO","interaction":{"idSuffix":"text"}},"wdio_ui5_key":"instructionsTabFilteretmportal.ui.managehandovers.view.DetailExecuteHO"}]}
RESULT: {"script":"<script> [1562 bytes]","args":[{"selector":{"id":"instructionsTabFilter","viewName":"etm.portal.ui.managehandovers.view.DetailExecuteHO","interaction":{"idSuffix":"text"}},"wdio_ui5_key":"instructionsTabFilteretmportal.ui.managehandovers.view.DetailExecuteHO"}]}
RESULT: undefined
COMMAND: POST /session/c0099c8ef87d8f1a9c022bedeb80dcd8/element - {"using":"xpath","value":"//*[@id=\"__xmlview68--instructionsTabFilter\"]"}
RESULT: {"using":"xpath","value":"//*[@id=\"__xmlview68--instructionsTabFilter\"]"}
COMMAND: POST /session/c0099c8ef87d8f1a9c022bedeb80dcd8/element/f.37E7500FB3BEF60B72C91044CCDB3F00.d.077FF41F3C22507755CB9A6894D066B7.e.10122/click - {}
RESULT: undefined
COMMAND: POST /session/c0099c8ef87d8f1a9c022bedeb80dcd8/element - {"using":"xpath","value":"//*[@id=\"__xmlview68--instructionsTabFilter\"]"}
RESULT: {"using":"xpath","value":"//*[@id=\"__xmlview68--instructionsTabFilter\"]"}
COMMAND: POST /session/c0099c8ef87d8f1a9c022bedeb80dcd8/element/f.37E7500FB3BEF60B72C91044CCDB3F00.d.077FF41F3C22507755CB9A6894D066B7.e.10122/click - {}
COMMAND: POST /session/c0099c8ef87d8f1a9c022bedeb80dcd8/execute/async - {"script":"<script> [1562 bytes]","args":[{"selector":{"controlType":"sap.m.ComboBox","viewName":"etm.portal.ui.managehandovers.view.DetailExecuteHO","bindingPath":{"propertyPath":"RECEIVING_SECTION","modelName":"catalogModel"},"interaction":{"idSuffix":"inner"}},"wdio_ui5_key":"etmportal.ui.managehandovers.view.DetailExecuteHOsap.m.ComboBox{\"propertyPath\":\"RECEIVING_SECTION\",\"modelName\":\"catalogModel\"}"}]}
RESULT: {"script":"<script> [1562 bytes]","args":[{"selector":{"controlType":"sap.m.ComboBox","viewName":"etm.portal.ui.managehandovers.view.DetailExecuteHO","bindingPath":{"propertyPath":"RECEIVING_SECTION","modelName":"catalogModel"},"interaction":{"idSuffix":"inner"}},"wdio_ui5_key":"etmportal.ui.managehandovers.view.DetailExecuteHOsap.m.ComboBox{\"propertyPath\":\"RECEIVING_SECTION\",\"modelName\":\"catalogModel\"}"}]}
RESULT: undefined
COMMAND: POST /session/c0099c8ef87d8f1a9c022bedeb80dcd8/actions - {"actions":[{"id":"action44","type":"key","parameters":{},"actions":[{"type":"keyDown","value":"î€‡"},{"type":"pause","duration":10},{"type":"keyUp","value":"î€‡"}]}]}
RESULT: {"actions":[{"id":"action44","type":"key","parameters":{},"actions":[{"type":"keyDown","value":"î€‡"},{"type":"pause","duration":10},{"type":"keyUp","value":"î€‡"}]}]}
COMMAND: GET /session/c0099c8ef87d8f1a9c022bedeb80dcd8/screenshot - {}
RESULT: {}
COMMAND: POST /session/c0099c8ef87d8f1a9c022bedeb80dcd8/execute/async - {"script":"<script> [1562 bytes]","args":[{"selector":{"id":"confirmationButton","viewName":"etm.portal.ui.managehandovers.view.DetailExecuteHO","properties":{"text":"Receive"},"interaction":{"idSuffix":"BDI-content"}},"wdio_ui5_key":"confirmationButtonetmportal.ui.managehandovers.view.DetailExecuteHO{\"text\":\"Receive\"}"}]}
RESULT: {"script":"<script> [1562 bytes]","args":[{"selector":{"id":"confirmationButton","viewName":"etm.portal.ui.managehandovers.view.DetailExecuteHO","properties":{"text":"Receive"},"interaction":{"idSuffix":"BDI-content"}},"wdio_ui5_key":"confirmationButtonetmportal.ui.managehandovers.view.DetailExecuteHO{\"text\":\"Receive\"}"}]}
RESULT: undefined
COMMAND: POST /session/c0099c8ef87d8f1a9c022bedeb80dcd8/execute/async - {"script":"<script> [1562 bytes]","args":[{"selector":{"controlType":"sap.m.Button","properties":{"text":"Continue"},"searchOpenDialogs":true,"interaction":{"idSuffix":"content"}},"wdio_ui5_key":"sapm.Button{\"text\":\"Continue\"}"}]}
RESULT: {"script":"<script> [1562 bytes]","args":[{"selector":{"controlType":"sap.m.Button","properties":{"text":"Continue"},"searchOpenDialogs":true,"interaction":{"idSuffix":"content"}},"wdio_ui5_key":"sapm.Button{\"text\":\"Continue\"}"}]}
RESULT: undefined
COMMAND: POST /session/c0099c8ef87d8f1a9c022bedeb80dcd8/element - {"using":"css selector","value":"#j_username"}
COMMAND: POST /session/c0099c8ef87d8f1a9c022bedeb80dcd8/url - {"url":"https://qa-testing-00-live-etm-ui.cfapps.eu10-004.hana.ondemand.com/"}
RESULT: {"using":"css selector","value":"#j_username"}
COMMAND: POST /session/c0099c8ef87d8f1a9c022bedeb80dcd8/element - {"using":"css selector","value":"#j_username"}
RESULT: {"url":"https://qa-testing-00-live-etm-ui.cfapps.eu10-004.hana.ondemand.com/"}
RESULT: undefined
COMMAND: GET /session/c0099c8ef87d8f1a9c022bedeb80dcd8/screenshot - {}
RESULT: {"using":"css selector","value":"#j_username"}
COMMAND: POST /session/c0099c8ef87d8f1a9c022bedeb80dcd8/element - {"using":"css selector","value":"#shell-header-logo"}
RESULT: {}
RESULT: {"using":"css selector","value":"#shell-header-logo"}
COMMAND: POST /session/c0099c8ef87d8f1a9c022bedeb80dcd8/execute/sync - {"script":"<script> [8489 bytes]","args":[{"element-6066-11e4-a52e-4f735466cecf":"f.37E7500FB3BEF60B72C91044CCDB3F00.d.A4E5CA43704CC5D7DA2E806FE5D50169.e.10135","ELEMENT":"f.37E7500FB3BEF60B72C91044CCDB3F00.d.A4E5CA43704CC5D7DA2E806FE5D50169.e.10135"}]}
RESULT: {"script":"<script> [8489 bytes]","args":[{"element-6066-11e4-a52e-4f735466cecf":"f.37E7500FB3BEF60B72C91044CCDB3F00.d.A4E5CA43704CC5D7DA2E806FE5D50169.e.10135","ELEMENT":"f.37E7500FB3BEF60B72C91044CCDB3F00.d.A4E5CA43704CC5D7DA2E806FE5D50169.e.10135"}]}
COMMAND: POST /session/c0099c8ef87d8f1a9c022bedeb80dcd8/element - {"using":"css selector","value":"#shell-header-logo"}
COMMAND: GET /session/c0099c8ef87d8f1a9c022bedeb80dcd8/screenshot - {}
RESULT: {"using":"css selector","value":"#shell-header-logo"}
COMMAND: POST /session/c0099c8ef87d8f1a9c022bedeb80dcd8/execute/sync - {"script":"<script> [8489 bytes]","args":[{"element-6066-11e4-a52e-4f735466cecf":"f.37E7500FB3BEF60B72C91044CCDB3F00.d.A4E5CA43704CC5D7DA2E806FE5D50169.e.10135","ELEMENT":"f.37E7500FB3BEF60B72C91044CCDB3F00.d.A4E5CA43704CC5D7DA2E806FE5D50169.e.10135"}]}
RESULT: {}
RESULT: {"script":"<script> [8489 bytes]","args":[{"element-6066-11e4-a52e-4f735466cecf":"f.37E7500FB3BEF60B72C91044CCDB3F00.d.A4E5CA43704CC5D7DA2E806FE5D50169.e.10135","ELEMENT":"f.37E7500FB3BEF60B72C91044CCDB3F00.d.A4E5CA43704CC5D7DA2E806FE5D50169.e.10135"}]}
COMMAND: POST /session/c0099c8ef87d8f1a9c022bedeb80dcd8/execute/sync - {"script":"<script> [5351 bytes]","args":[{"element-6066-11e4-a52e-4f735466cecf":"f.37E7500FB3BEF60B72C91044CCDB3F00.d.A4E5CA43704CC5D7DA2E806FE5D50169.e.10135","ELEMENT":"f.37E7500FB3BEF60B72C91044CCDB3F00.d.A4E5CA43704CC5D7DA2E806FE5D50169.e.10135"}]}
COMMAND: GET /session/c0099c8ef87d8f1a9c022bedeb80dcd8/screenshot - {}
RESULT: {"script":"<script> [5351 bytes]","args":[{"element-6066-11e4-a52e-4f735466cecf":"f.37E7500FB3BEF60B72C91044CCDB3F00.d.A4E5CA43704CC5D7DA2E806FE5D50169.e.10135","ELEMENT":"f.37E7500FB3BEF60B72C91044CCDB3F00.d.A4E5CA43704CC5D7DA2E806FE5D50169.e.10135"}]}
COMMAND: POST /session/c0099c8ef87d8f1a9c022bedeb80dcd8/element - {"using":"css selector","value":"#shell-header-logo"}
COMMAND: GET /session/c0099c8ef87d8f1a9c022bedeb80dcd8/screenshot - {}
RESULT: {}
RESULT: {"using":"css selector","value":"#shell-header-logo"}
COMMAND: POST /session/c0099c8ef87d8f1a9c022bedeb80dcd8/element/f.37E7500FB3BEF60B72C91044CCDB3F00.d.A4E5CA43704CC5D7DA2E806FE5D50169.e.10135/click - {}
RESULT: {}
RESULT: {}
COMMAND: GET /session/c0099c8ef87d8f1a9c022bedeb80dcd8/screenshot - {}
RESULT: {}
COMMAND: POST /session/c0099c8ef87d8f1a9c022bedeb80dcd8/execute/async - {"script":"<script> [189 bytes]","args":[]}
RESULT: {"script":"<script> [189 bytes]","args":[]}
COMMAND: POST /session/c0099c8ef87d8f1a9c022bedeb80dcd8/execute/async - {"script":"<script> [123 bytes]","args":[]}
RESULT: {"script":"<script> [123 bytes]","args":[]}
COMMAND: POST /session/c0099c8ef87d8f1a9c022bedeb80dcd8/timeouts - {"script":"<number>"}
RESULT: {"script":"<number>"}
COMMAND: GET /session/c0099c8ef87d8f1a9c022bedeb80dcd8/timeouts - {}
RESULT: {}
RESULT: undefined
COMMAND: POST /session/c0099c8ef87d8f1a9c022bedeb80dcd8/execute/async - {"script":"<script> [2676 bytes]","args":[]}
RESULT: {"script":"<script> [2676 bytes]","args":[]}
COMMAND: POST /session/c0099c8ef87d8f1a9c022bedeb80dcd8/execute/async - {"script":"<script> [2342 bytes]","args":[{"protocol":"http","hostname":"0.0.0.0","path":"/","capabilities":{"browserName":"chrome","goog:chromeOptions":{"binary":"C:\\Program Files\\Google\\Chrome\\Application\\chrome.exe","args":["--start-maximized"]}},"logLevel":"warn","connectionRetryTimeout":120000,"connectionRetryCount":3,"logLevels":{},"enableDirectConnect":true,"strictSSL":true,"_":"65 more keys: [\"cacheDir\",\"port\",\"requestedCapabilities\",\"automationProtocol\",\"baseUrl\",\"waitforInterval\",\"waitforTimeout\",\"onReload\",\"beforeCommand\",\"afterCommand\",\"rootDir\",\"specs\",\"suites\",\"exclude\",\"groupLogsByTestSpec\",\"excludeDriverLogs\",\"bail\",\"framework\",\"reporters\",\"services\",\"maxInstances\",\"maxInstancesPerCapability\",\"injectGlobals\",\"filesToWatch\",\"execArgv\",\"runnerEnv\",\"runner\",\"shard\",\"specFileRetries\",\"specFileRetriesDelay\",\"specFileRetriesDeferred\",\"reporterSyncInterval\",\"reporterSyncTimeout\",\"cucumberFeaturesWithLineNumbers\",\"autoCompileOpts\",\"mochaOpts\",\"jasmineOpts\",\"cucumberOpts\",\"onPrepare\",\"onWorkerStart\",\"onWorkerEnd\",\"before\",\"beforeSession\",\"beforeSuite\",\"beforeHook\",\"beforeTest\",\"afterTest\",\"afterHook\",\"afterSuite\",\"afterSession\",\"after\",\"onComplete\",\"beforeAssertion\",\"afterAssertion\",\"beforeFeature\",\"beforeScenario\",\"beforeStep\",\"afterStep\",\"afterScenario\",\"afterFeature\",\"_\",\"suite\",\"$0\",\"ignoredWorkerServices\",\"wdi5\"]"}]}
RESULT: {"script":"<script> [2342 bytes]","args":[{"protocol":"http","hostname":"0.0.0.0","path":"/","capabilities":{"browserName":"chrome","goog:chromeOptions":{"binary":"C:\\Program Files\\Google\\Chrome\\Application\\chrome.exe","args":["--start-maximized"]}},"logLevel":"warn","connectionRetryTimeout":120000,"connectionRetryCount":3,"logLevels":{},"enableDirectConnect":true,"strictSSL":true,"_":"65 more keys: [\"cacheDir\",\"port\",\"requestedCapabilities\",\"automationProtocol\",\"baseUrl\",\"waitforInterval\",\"waitforTimeout\",\"onReload\",\"beforeCommand\",\"afterCommand\",\"rootDir\",\"specs\",\"suites\",\"exclude\",\"groupLogsByTestSpec\",\"excludeDriverLogs\",\"bail\",\"framework\",\"reporters\",\"services\",\"maxInstances\",\"maxInstancesPerCapability\",\"injectGlobals\",\"filesToWatch\",\"execArgv\",\"runnerEnv\",\"runner\",\"shard\",\"specFileRetries\",\"specFileRetriesDelay\",\"specFileRetriesDeferred\",\"reporterSyncInterval\",\"reporterSyncTimeout\",\"cucumberFeaturesWithLineNumbers\",\"autoCompileOpts\",\"mochaOpts\",\"jasmineOpts\",\"cucumberOpts\",\"onPrepare\",\"onWorkerStart\",\"onWorkerEnd\",\"before\",\"beforeSession\",\"beforeSuite\",\"beforeHook\",\"beforeTest\",\"afterTest\",\"afterHook\",\"afterSuite\",\"afterSession\",\"after\",\"onComplete\",\"beforeAssertion\",\"afterAssertion\",\"beforeFeature\",\"beforeScenario\",\"beforeStep\",\"afterStep\",\"afterScenario\",\"afterFeature\",\"_\",\"suite\",\"$0\",\"ignoredWorkerServices\",\"wdi5\"]"}]}
COMMAND: POST /session/c0099c8ef87d8f1a9c022bedeb80dcd8/execute/async - {"script":"<script> [21126 bytes]","args":[35000]}
RESULT: {"script":"<script> [21126 bytes]","args":[35000]}
COMMAND: POST /session/c0099c8ef87d8f1a9c022bedeb80dcd8/window/maximize - {}
RESULT: {}
COMMAND: POST /session/c0099c8ef87d8f1a9c022bedeb80dcd8/execute/async - {"script":"<script> [1562 bytes]","args":[{"selector":{"id":"shell-header","interaction":{"idSuffix":"icon"}},"wdio_ui5_key":"shellheader"}]}
COMMAND: GET /session/c0099c8ef87d8f1a9c022bedeb80dcd8/screenshot - {}
RESULT: {"script":"<script> [1562 bytes]","args":[{"selector":{"id":"shell-header","interaction":{"idSuffix":"icon"}},"wdio_ui5_key":"shellheader"}]}
RESULT: undefined
]]></system-out>
    </testcase>
  </testsuite>
  <testsuite timestamp="2025-05-02T17:02:54" time="294.702" tests="4" failures="4" errors="4" skipped="0">
    <properties>
      <property name="specId" value="0" />
      <property name="suiteName" value="Provide to Site w/o warehouse management w/ clarification US116605" />
      <property name="capabilities" value="chrome.135_0_7049_96.windows" />
      <property name="file" value="file:///D:/a/1/s/test/specs/HTR/provide-to-site-wo-warehouse-w-clarification.spec.js" />
    </properties>
  </testsuite>
  <testsuite timestamp="2025-05-02T17:07:49" time="460.745" tests="6" failures="4" errors="4" skipped="0">
    <properties>
      <property name="specId" value="0" />
      <property name="suiteName" value="Provide to Site w/o warehouse management w clarification" />
      <property name="capabilities" value="chrome.135_0_7049_96.windows" />
      <property name="file" value="file:///D:/a/1/s/test/specs/HTR/provide-to-site-wo-warehouse-w-clarification.spec.js" />
    </properties>
    <testcase classname="chrome.135_0_7049_96.windows.Provide_to_Site_w/o_warehouse_management_w_clarification" name="Should Test for Handover Execution" time="172.893">
      <system-out><![CDATA[
COMMAND: POST /session/c0099c8ef87d8f1a9c022bedeb80dcd8/element - {"using":"xpath","value":"//*[text()='Provide to site']"}
COMMAND: GET /session/c0099c8ef87d8f1a9c022bedeb80dcd8/screenshot - {}
RESULT: {"using":"xpath","value":"//*[text()='Provide to site']"}
COMMAND: POST /session/c0099c8ef87d8f1a9c022bedeb80dcd8/elements - {"using":"xpath","value":"//*[text()='Provide to site']"}
RESULT: {}
RESULT: {"using":"xpath","value":"//*[text()='Provide to site']"}
COMMAND: POST /session/c0099c8ef87d8f1a9c022bedeb80dcd8/elements - {"using":"xpath","value":"//*[text()='Provide to site']"}
RESULT: {"using":"xpath","value":"//*[text()='Provide to site']"}
COMMAND: POST /session/c0099c8ef87d8f1a9c022bedeb80dcd8/elements - {"using":"xpath","value":"//*[text()='Provide to site']"}
RESULT: {"using":"xpath","value":"//*[text()='Provide to site']"}
COMMAND: POST /session/c0099c8ef87d8f1a9c022bedeb80dcd8/elements - {"using":"xpath","value":"//*[text()='Provide to site']"}
RESULT: {"using":"xpath","value":"//*[text()='Provide to site']"}
COMMAND: POST /session/c0099c8ef87d8f1a9c022bedeb80dcd8/elements - {"using":"xpath","value":"//*[text()='Provide to site']"}
RESULT: {"using":"xpath","value":"//*[text()='Provide to site']"}
COMMAND: POST /session/c0099c8ef87d8f1a9c022bedeb80dcd8/elements - {"using":"xpath","value":"//*[text()='Provide to site']"}
RESULT: {"using":"xpath","value":"//*[text()='Provide to site']"}
COMMAND: POST /session/c0099c8ef87d8f1a9c022bedeb80dcd8/elements - {"using":"xpath","value":"//*[text()='Provide to site']"}
RESULT: {"using":"xpath","value":"//*[text()='Provide to site']"}
COMMAND: POST /session/c0099c8ef87d8f1a9c022bedeb80dcd8/elements - {"using":"xpath","value":"//*[text()='Provide to site']"}
RESULT: {"using":"xpath","value":"//*[text()='Provide to site']"}
COMMAND: POST /session/c0099c8ef87d8f1a9c022bedeb80dcd8/elements - {"using":"xpath","value":"//*[text()='Provide to site']"}
RESULT: {"using":"xpath","value":"//*[text()='Provide to site']"}
COMMAND: POST /session/c0099c8ef87d8f1a9c022bedeb80dcd8/elements - {"using":"xpath","value":"//*[text()='Provide to site']"}
RESULT: {"using":"xpath","value":"//*[text()='Provide to site']"}
COMMAND: POST /session/c0099c8ef87d8f1a9c022bedeb80dcd8/elements - {"using":"xpath","value":"//*[text()='Provide to site']"}
RESULT: {"using":"xpath","value":"//*[text()='Provide to site']"}
COMMAND: POST /session/c0099c8ef87d8f1a9c022bedeb80dcd8/elements - {"using":"xpath","value":"//*[text()='Provide to site']"}
RESULT: {"using":"xpath","value":"//*[text()='Provide to site']"}
COMMAND: POST /session/c0099c8ef87d8f1a9c022bedeb80dcd8/elements - {"using":"xpath","value":"//*[text()='Provide to site']"}
RESULT: {"using":"xpath","value":"//*[text()='Provide to site']"}
COMMAND: POST /session/c0099c8ef87d8f1a9c022bedeb80dcd8/elements - {"using":"xpath","value":"//*[text()='Provide to site']"}
RESULT: {"using":"xpath","value":"//*[text()='Provide to site']"}
COMMAND: POST /session/c0099c8ef87d8f1a9c022bedeb80dcd8/elements - {"using":"xpath","value":"//*[text()='Provide to site']"}
RESULT: {"using":"xpath","value":"//*[text()='Provide to site']"}
COMMAND: POST /session/c0099c8ef87d8f1a9c022bedeb80dcd8/elements - {"using":"xpath","value":"//*[text()='Provide to site']"}
RESULT: {"using":"xpath","value":"//*[text()='Provide to site']"}
COMMAND: POST /session/c0099c8ef87d8f1a9c022bedeb80dcd8/elements - {"using":"xpath","value":"//*[text()='Provide to site']"}
RESULT: {"using":"xpath","value":"//*[text()='Provide to site']"}
COMMAND: POST /session/c0099c8ef87d8f1a9c022bedeb80dcd8/elements - {"using":"xpath","value":"//*[text()='Provide to site']"}
RESULT: {"using":"xpath","value":"//*[text()='Provide to site']"}
COMMAND: POST /session/c0099c8ef87d8f1a9c022bedeb80dcd8/elements - {"using":"xpath","value":"//*[text()='Provide to site']"}
RESULT: {"using":"xpath","value":"//*[text()='Provide to site']"}
COMMAND: POST /session/c0099c8ef87d8f1a9c022bedeb80dcd8/elements - {"using":"xpath","value":"//*[text()='Provide to site']"}
RESULT: {"using":"xpath","value":"//*[text()='Provide to site']"}
COMMAND: POST /session/c0099c8ef87d8f1a9c022bedeb80dcd8/elements - {"using":"xpath","value":"//*[text()='Provide to site']"}
RESULT: {"using":"xpath","value":"//*[text()='Provide to site']"}
COMMAND: POST /session/c0099c8ef87d8f1a9c022bedeb80dcd8/elements - {"using":"xpath","value":"//*[text()='Provide to site']"}
RESULT: {"using":"xpath","value":"//*[text()='Provide to site']"}
COMMAND: POST /session/c0099c8ef87d8f1a9c022bedeb80dcd8/elements - {"using":"xpath","value":"//*[text()='Provide to site']"}
RESULT: {"using":"xpath","value":"//*[text()='Provide to site']"}
COMMAND: POST /session/c0099c8ef87d8f1a9c022bedeb80dcd8/elements - {"using":"xpath","value":"//*[text()='Provide to site']"}
RESULT: {"using":"xpath","value":"//*[text()='Provide to site']"}
COMMAND: POST /session/c0099c8ef87d8f1a9c022bedeb80dcd8/elements - {"using":"xpath","value":"//*[text()='Provide to site']"}
RESULT: {"using":"xpath","value":"//*[text()='Provide to site']"}
COMMAND: POST /session/c0099c8ef87d8f1a9c022bedeb80dcd8/elements - {"using":"xpath","value":"//*[text()='Provide to site']"}
RESULT: {"using":"xpath","value":"//*[text()='Provide to site']"}
COMMAND: POST /session/c0099c8ef87d8f1a9c022bedeb80dcd8/elements - {"using":"xpath","value":"//*[text()='Provide to site']"}
RESULT: {"using":"xpath","value":"//*[text()='Provide to site']"}
COMMAND: POST /session/c0099c8ef87d8f1a9c022bedeb80dcd8/elements - {"using":"xpath","value":"//*[text()='Provide to site']"}
RESULT: {"using":"xpath","value":"//*[text()='Provide to site']"}
COMMAND: POST /session/c0099c8ef87d8f1a9c022bedeb80dcd8/elements - {"using":"xpath","value":"//*[text()='Provide to site']"}
RESULT: {"using":"xpath","value":"//*[text()='Provide to site']"}
COMMAND: POST /session/c0099c8ef87d8f1a9c022bedeb80dcd8/elements - {"using":"xpath","value":"//*[text()='Provide to site']"}
RESULT: {"using":"xpath","value":"//*[text()='Provide to site']"}
COMMAND: POST /session/c0099c8ef87d8f1a9c022bedeb80dcd8/elements - {"using":"xpath","value":"//*[text()='Provide to site']"}
RESULT: {"using":"xpath","value":"//*[text()='Provide to site']"}
COMMAND: POST /session/c0099c8ef87d8f1a9c022bedeb80dcd8/elements - {"using":"xpath","value":"//*[text()='Provide to site']"}
RESULT: {"using":"xpath","value":"//*[text()='Provide to site']"}
COMMAND: POST /session/c0099c8ef87d8f1a9c022bedeb80dcd8/elements - {"using":"xpath","value":"//*[text()='Provide to site']"}
RESULT: {"using":"xpath","value":"//*[text()='Provide to site']"}
COMMAND: POST /session/c0099c8ef87d8f1a9c022bedeb80dcd8/elements - {"using":"xpath","value":"//*[text()='Provide to site']"}
RESULT: {"using":"xpath","value":"//*[text()='Provide to site']"}
COMMAND: POST /session/c0099c8ef87d8f1a9c022bedeb80dcd8/elements - {"using":"xpath","value":"//*[text()='Provide to site']"}
RESULT: {"using":"xpath","value":"//*[text()='Provide to site']"}
COMMAND: POST /session/c0099c8ef87d8f1a9c022bedeb80dcd8/elements - {"using":"xpath","value":"//*[text()='Provide to site']"}
RESULT: {"using":"xpath","value":"//*[text()='Provide to site']"}
COMMAND: POST /session/c0099c8ef87d8f1a9c022bedeb80dcd8/elements - {"using":"xpath","value":"//*[text()='Provide to site']"}
RESULT: {"using":"xpath","value":"//*[text()='Provide to site']"}
COMMAND: POST /session/c0099c8ef87d8f1a9c022bedeb80dcd8/elements - {"using":"xpath","value":"//*[text()='Provide to site']"}
RESULT: {"using":"xpath","value":"//*[text()='Provide to site']"}
COMMAND: POST /session/c0099c8ef87d8f1a9c022bedeb80dcd8/elements - {"using":"xpath","value":"//*[text()='Provide to site']"}
RESULT: {"using":"xpath","value":"//*[text()='Provide to site']"}
COMMAND: POST /session/c0099c8ef87d8f1a9c022bedeb80dcd8/elements - {"using":"xpath","value":"//*[text()='Provide to site']"}
RESULT: {"using":"xpath","value":"//*[text()='Provide to site']"}
COMMAND: POST /session/c0099c8ef87d8f1a9c022bedeb80dcd8/elements - {"using":"xpath","value":"//*[text()='Provide to site']"}
RESULT: {"using":"xpath","value":"//*[text()='Provide to site']"}
COMMAND: POST /session/c0099c8ef87d8f1a9c022bedeb80dcd8/elements - {"using":"xpath","value":"//*[text()='Provide to site']"}
RESULT: {"using":"xpath","value":"//*[text()='Provide to site']"}
COMMAND: POST /session/c0099c8ef87d8f1a9c022bedeb80dcd8/elements - {"using":"xpath","value":"//*[text()='Provide to site']"}
RESULT: {"using":"xpath","value":"//*[text()='Provide to site']"}
COMMAND: POST /session/c0099c8ef87d8f1a9c022bedeb80dcd8/elements - {"using":"xpath","value":"//*[text()='Provide to site']"}
RESULT: {"using":"xpath","value":"//*[text()='Provide to site']"}
COMMAND: POST /session/c0099c8ef87d8f1a9c022bedeb80dcd8/elements - {"using":"xpath","value":"//*[text()='Provide to site']"}
RESULT: {"using":"xpath","value":"//*[text()='Provide to site']"}
COMMAND: POST /session/c0099c8ef87d8f1a9c022bedeb80dcd8/elements - {"using":"xpath","value":"//*[text()='Provide to site']"}
RESULT: {"using":"xpath","value":"//*[text()='Provide to site']"}
COMMAND: POST /session/c0099c8ef87d8f1a9c022bedeb80dcd8/elements - {"using":"xpath","value":"//*[text()='Provide to site']"}
RESULT: {"using":"xpath","value":"//*[text()='Provide to site']"}
COMMAND: POST /session/c0099c8ef87d8f1a9c022bedeb80dcd8/elements - {"using":"xpath","value":"//*[text()='Provide to site']"}
RESULT: {"using":"xpath","value":"//*[text()='Provide to site']"}
COMMAND: POST /session/c0099c8ef87d8f1a9c022bedeb80dcd8/elements - {"using":"xpath","value":"//*[text()='Provide to site']"}
RESULT: {"using":"xpath","value":"//*[text()='Provide to site']"}
COMMAND: POST /session/c0099c8ef87d8f1a9c022bedeb80dcd8/elements - {"using":"xpath","value":"//*[text()='Provide to site']"}
RESULT: {"using":"xpath","value":"//*[text()='Provide to site']"}
COMMAND: POST /session/c0099c8ef87d8f1a9c022bedeb80dcd8/elements - {"using":"xpath","value":"//*[text()='Provide to site']"}
RESULT: {"using":"xpath","value":"//*[text()='Provide to site']"}
COMMAND: POST /session/c0099c8ef87d8f1a9c022bedeb80dcd8/elements - {"using":"xpath","value":"//*[text()='Provide to site']"}
RESULT: {"using":"xpath","value":"//*[text()='Provide to site']"}
COMMAND: POST /session/c0099c8ef87d8f1a9c022bedeb80dcd8/elements - {"using":"xpath","value":"//*[text()='Provide to site']"}
RESULT: {"using":"xpath","value":"//*[text()='Provide to site']"}
COMMAND: POST /session/c0099c8ef87d8f1a9c022bedeb80dcd8/elements - {"using":"xpath","value":"//*[text()='Provide to site']"}
RESULT: {"using":"xpath","value":"//*[text()='Provide to site']"}
COMMAND: POST /session/c0099c8ef87d8f1a9c022bedeb80dcd8/elements - {"using":"xpath","value":"//*[text()='Provide to site']"}
RESULT: {"using":"xpath","value":"//*[text()='Provide to site']"}
COMMAND: POST /session/c0099c8ef87d8f1a9c022bedeb80dcd8/elements - {"using":"xpath","value":"//*[text()='Provide to site']"}
RESULT: {"using":"xpath","value":"//*[text()='Provide to site']"}
COMMAND: POST /session/c0099c8ef87d8f1a9c022bedeb80dcd8/elements - {"using":"xpath","value":"//*[text()='Provide to site']"}
RESULT: {"using":"xpath","value":"//*[text()='Provide to site']"}
COMMAND: POST /session/c0099c8ef87d8f1a9c022bedeb80dcd8/elements - {"using":"xpath","value":"//*[text()='Provide to site']"}
RESULT: {"using":"xpath","value":"//*[text()='Provide to site']"}
COMMAND: POST /session/c0099c8ef87d8f1a9c022bedeb80dcd8/elements - {"using":"xpath","value":"//*[text()='Provide to site']"}
RESULT: {"using":"xpath","value":"//*[text()='Provide to site']"}
COMMAND: POST /session/c0099c8ef87d8f1a9c022bedeb80dcd8/elements - {"using":"xpath","value":"//*[text()='Provide to site']"}
RESULT: {"using":"xpath","value":"//*[text()='Provide to site']"}
COMMAND: POST /session/c0099c8ef87d8f1a9c022bedeb80dcd8/elements - {"using":"xpath","value":"//*[text()='Provide to site']"}
RESULT: {"using":"xpath","value":"//*[text()='Provide to site']"}
COMMAND: POST /session/c0099c8ef87d8f1a9c022bedeb80dcd8/elements - {"using":"xpath","value":"//*[text()='Provide to site']"}
RESULT: {"using":"xpath","value":"//*[text()='Provide to site']"}
COMMAND: POST /session/c0099c8ef87d8f1a9c022bedeb80dcd8/elements - {"using":"xpath","value":"//*[text()='Provide to site']"}
RESULT: {"using":"xpath","value":"//*[text()='Provide to site']"}
COMMAND: POST /session/c0099c8ef87d8f1a9c022bedeb80dcd8/elements - {"using":"xpath","value":"//*[text()='Provide to site']"}
RESULT: {"using":"xpath","value":"//*[text()='Provide to site']"}
COMMAND: POST /session/c0099c8ef87d8f1a9c022bedeb80dcd8/elements - {"using":"xpath","value":"//*[text()='Provide to site']"}
RESULT: {"using":"xpath","value":"//*[text()='Provide to site']"}
COMMAND: POST /session/c0099c8ef87d8f1a9c022bedeb80dcd8/elements - {"using":"xpath","value":"//*[text()='Provide to site']"}
RESULT: {"using":"xpath","value":"//*[text()='Provide to site']"}
COMMAND: POST /session/c0099c8ef87d8f1a9c022bedeb80dcd8/elements - {"using":"xpath","value":"//*[text()='Provide to site']"}
RESULT: {"using":"xpath","value":"//*[text()='Provide to site']"}
COMMAND: POST /session/c0099c8ef87d8f1a9c022bedeb80dcd8/elements - {"using":"xpath","value":"//*[text()='Provide to site']"}
RESULT: {"using":"xpath","value":"//*[text()='Provide to site']"}
COMMAND: POST /session/c0099c8ef87d8f1a9c022bedeb80dcd8/elements - {"using":"xpath","value":"//*[text()='Provide to site']"}
RESULT: {"using":"xpath","value":"//*[text()='Provide to site']"}
COMMAND: POST /session/c0099c8ef87d8f1a9c022bedeb80dcd8/elements - {"using":"xpath","value":"//*[text()='Provide to site']"}
RESULT: {"using":"xpath","value":"//*[text()='Provide to site']"}
COMMAND: POST /session/c0099c8ef87d8f1a9c022bedeb80dcd8/elements - {"using":"xpath","value":"//*[text()='Provide to site']"}
RESULT: {"using":"xpath","value":"//*[text()='Provide to site']"}
COMMAND: POST /session/c0099c8ef87d8f1a9c022bedeb80dcd8/elements - {"using":"xpath","value":"//*[text()='Provide to site']"}
RESULT: {"using":"xpath","value":"//*[text()='Provide to site']"}
COMMAND: POST /session/c0099c8ef87d8f1a9c022bedeb80dcd8/elements - {"using":"xpath","value":"//*[text()='Provide to site']"}
RESULT: {"using":"xpath","value":"//*[text()='Provide to site']"}
COMMAND: POST /session/c0099c8ef87d8f1a9c022bedeb80dcd8/elements - {"using":"xpath","value":"//*[text()='Provide to site']"}
RESULT: {"using":"xpath","value":"//*[text()='Provide to site']"}
COMMAND: POST /session/c0099c8ef87d8f1a9c022bedeb80dcd8/elements - {"using":"xpath","value":"//*[text()='Provide to site']"}
RESULT: {"using":"xpath","value":"//*[text()='Provide to site']"}
COMMAND: POST /session/c0099c8ef87d8f1a9c022bedeb80dcd8/elements - {"using":"xpath","value":"//*[text()='Provide to site']"}
RESULT: {"using":"xpath","value":"//*[text()='Provide to site']"}
COMMAND: POST /session/c0099c8ef87d8f1a9c022bedeb80dcd8/elements - {"using":"xpath","value":"//*[text()='Provide to site']"}
RESULT: {"using":"xpath","value":"//*[text()='Provide to site']"}
COMMAND: POST /session/c0099c8ef87d8f1a9c022bedeb80dcd8/elements - {"using":"xpath","value":"//*[text()='Provide to site']"}
RESULT: {"using":"xpath","value":"//*[text()='Provide to site']"}
COMMAND: POST /session/c0099c8ef87d8f1a9c022bedeb80dcd8/elements - {"using":"xpath","value":"//*[text()='Provide to site']"}
RESULT: {"using":"xpath","value":"//*[text()='Provide to site']"}
COMMAND: POST /session/c0099c8ef87d8f1a9c022bedeb80dcd8/elements - {"using":"xpath","value":"//*[text()='Provide to site']"}
RESULT: {"using":"xpath","value":"//*[text()='Provide to site']"}
COMMAND: POST /session/c0099c8ef87d8f1a9c022bedeb80dcd8/elements - {"using":"xpath","value":"//*[text()='Provide to site']"}
RESULT: {"using":"xpath","value":"//*[text()='Provide to site']"}
COMMAND: POST /session/c0099c8ef87d8f1a9c022bedeb80dcd8/elements - {"using":"xpath","value":"//*[text()='Provide to site']"}
RESULT: {"using":"xpath","value":"//*[text()='Provide to site']"}
COMMAND: POST /session/c0099c8ef87d8f1a9c022bedeb80dcd8/elements - {"using":"xpath","value":"//*[text()='Provide to site']"}
RESULT: {"using":"xpath","value":"//*[text()='Provide to site']"}
COMMAND: POST /session/c0099c8ef87d8f1a9c022bedeb80dcd8/elements - {"using":"xpath","value":"//*[text()='Provide to site']"}
RESULT: {"using":"xpath","value":"//*[text()='Provide to site']"}
COMMAND: POST /session/c0099c8ef87d8f1a9c022bedeb80dcd8/elements - {"using":"xpath","value":"//*[text()='Provide to site']"}
RESULT: {"using":"xpath","value":"//*[text()='Provide to site']"}
COMMAND: POST /session/c0099c8ef87d8f1a9c022bedeb80dcd8/elements - {"using":"xpath","value":"//*[text()='Provide to site']"}
RESULT: {"using":"xpath","value":"//*[text()='Provide to site']"}
COMMAND: POST /session/c0099c8ef87d8f1a9c022bedeb80dcd8/elements - {"using":"xpath","value":"//*[text()='Provide to site']"}
RESULT: {"using":"xpath","value":"//*[text()='Provide to site']"}
COMMAND: POST /session/c0099c8ef87d8f1a9c022bedeb80dcd8/elements - {"using":"xpath","value":"//*[text()='Provide to site']"}
RESULT: {"using":"xpath","value":"//*[text()='Provide to site']"}
COMMAND: POST /session/c0099c8ef87d8f1a9c022bedeb80dcd8/elements - {"using":"xpath","value":"//*[text()='Provide to site']"}
RESULT: {"using":"xpath","value":"//*[text()='Provide to site']"}
COMMAND: POST /session/c0099c8ef87d8f1a9c022bedeb80dcd8/elements - {"using":"xpath","value":"//*[text()='Provide to site']"}
RESULT: {"using":"xpath","value":"//*[text()='Provide to site']"}
COMMAND: POST /session/c0099c8ef87d8f1a9c022bedeb80dcd8/element - {"using":"xpath","value":"//span[text()='Provide to site - Completed']"}
RESULT: {"using":"xpath","value":"//span[text()='Provide to site - Completed']"}
COMMAND: POST /session/c0099c8ef87d8f1a9c022bedeb80dcd8/elements - {"using":"xpath","value":"//span[text()='Provide to site - Completed']"}
RESULT: {"using":"xpath","value":"//span[text()='Provide to site - Completed']"}
COMMAND: POST /session/c0099c8ef87d8f1a9c022bedeb80dcd8/elements - {"using":"xpath","value":"//span[text()='Provide to site - Completed']"}
RESULT: {"using":"xpath","value":"//span[text()='Provide to site - Completed']"}
COMMAND: POST /session/c0099c8ef87d8f1a9c022bedeb80dcd8/elements - {"using":"xpath","value":"//span[text()='Provide to site - Completed']"}
RESULT: {"using":"xpath","value":"//span[text()='Provide to site - Completed']"}
COMMAND: POST /session/c0099c8ef87d8f1a9c022bedeb80dcd8/elements - {"using":"xpath","value":"//span[text()='Provide to site - Completed']"}
RESULT: {"using":"xpath","value":"//span[text()='Provide to site - Completed']"}
COMMAND: POST /session/c0099c8ef87d8f1a9c022bedeb80dcd8/elements - {"using":"xpath","value":"//span[text()='Provide to site - Completed']"}
RESULT: {"using":"xpath","value":"//span[text()='Provide to site - Completed']"}
COMMAND: POST /session/c0099c8ef87d8f1a9c022bedeb80dcd8/elements - {"using":"xpath","value":"//span[text()='Provide to site - Completed']"}
RESULT: {"using":"xpath","value":"//span[text()='Provide to site - Completed']"}
COMMAND: POST /session/c0099c8ef87d8f1a9c022bedeb80dcd8/elements - {"using":"xpath","value":"//span[text()='Provide to site - Completed']"}
RESULT: {"using":"xpath","value":"//span[text()='Provide to site - Completed']"}
COMMAND: POST /session/c0099c8ef87d8f1a9c022bedeb80dcd8/elements - {"using":"xpath","value":"//span[text()='Provide to site - Completed']"}
RESULT: {"using":"xpath","value":"//span[text()='Provide to site - Completed']"}
COMMAND: POST /session/c0099c8ef87d8f1a9c022bedeb80dcd8/elements - {"using":"xpath","value":"//span[text()='Provide to site - Completed']"}
RESULT: {"using":"xpath","value":"//span[text()='Provide to site - Completed']"}
COMMAND: POST /session/c0099c8ef87d8f1a9c022bedeb80dcd8/elements - {"using":"xpath","value":"//span[text()='Provide to site - Completed']"}
RESULT: {"using":"xpath","value":"//span[text()='Provide to site - Completed']"}
COMMAND: POST /session/c0099c8ef87d8f1a9c022bedeb80dcd8/elements - {"using":"xpath","value":"//span[text()='Provide to site - Completed']"}
RESULT: {"using":"xpath","value":"//span[text()='Provide to site - Completed']"}
COMMAND: POST /session/c0099c8ef87d8f1a9c022bedeb80dcd8/elements - {"using":"xpath","value":"//span[text()='Provide to site - Completed']"}
RESULT: {"using":"xpath","value":"//span[text()='Provide to site - Completed']"}
COMMAND: POST /session/c0099c8ef87d8f1a9c022bedeb80dcd8/elements - {"using":"xpath","value":"//span[text()='Provide to site - Completed']"}
RESULT: {"using":"xpath","value":"//span[text()='Provide to site - Completed']"}
COMMAND: POST /session/c0099c8ef87d8f1a9c022bedeb80dcd8/elements - {"using":"xpath","value":"//span[text()='Provide to site - Completed']"}
RESULT: {"using":"xpath","value":"//span[text()='Provide to site - Completed']"}
COMMAND: POST /session/c0099c8ef87d8f1a9c022bedeb80dcd8/elements - {"using":"xpath","value":"//span[text()='Provide to site - Completed']"}
RESULT: {"using":"xpath","value":"//span[text()='Provide to site - Completed']"}
COMMAND: POST /session/c0099c8ef87d8f1a9c022bedeb80dcd8/elements - {"using":"xpath","value":"//span[text()='Provide to site - Completed']"}
RESULT: {"using":"xpath","value":"//span[text()='Provide to site - Completed']"}
COMMAND: POST /session/c0099c8ef87d8f1a9c022bedeb80dcd8/elements - {"using":"xpath","value":"//span[text()='Provide to site - Completed']"}
RESULT: {"using":"xpath","value":"//span[text()='Provide to site - Completed']"}
COMMAND: POST /session/c0099c8ef87d8f1a9c022bedeb80dcd8/elements - {"using":"xpath","value":"//span[text()='Provide to site - Completed']"}
RESULT: {"using":"xpath","value":"//span[text()='Provide to site - Completed']"}
COMMAND: POST /session/c0099c8ef87d8f1a9c022bedeb80dcd8/elements - {"using":"xpath","value":"//span[text()='Provide to site - Completed']"}
RESULT: {"using":"xpath","value":"//span[text()='Provide to site - Completed']"}
COMMAND: POST /session/c0099c8ef87d8f1a9c022bedeb80dcd8/elements - {"using":"xpath","value":"//span[text()='Provide to site - Completed']"}
RESULT: {"using":"xpath","value":"//span[text()='Provide to site - Completed']"}
COMMAND: POST /session/c0099c8ef87d8f1a9c022bedeb80dcd8/elements - {"using":"xpath","value":"//span[text()='Provide to site - Completed']"}
RESULT: {"using":"xpath","value":"//span[text()='Provide to site - Completed']"}
COMMAND: POST /session/c0099c8ef87d8f1a9c022bedeb80dcd8/elements - {"using":"xpath","value":"//span[text()='Provide to site - Completed']"}
RESULT: {"using":"xpath","value":"//span[text()='Provide to site - Completed']"}
COMMAND: POST /session/c0099c8ef87d8f1a9c022bedeb80dcd8/elements - {"using":"xpath","value":"//span[text()='Provide to site - Completed']"}
RESULT: {"using":"xpath","value":"//span[text()='Provide to site - Completed']"}
COMMAND: POST /session/c0099c8ef87d8f1a9c022bedeb80dcd8/elements - {"using":"xpath","value":"//span[text()='Provide to site - Completed']"}
RESULT: {"using":"xpath","value":"//span[text()='Provide to site - Completed']"}
COMMAND: POST /session/c0099c8ef87d8f1a9c022bedeb80dcd8/elements - {"using":"xpath","value":"//span[text()='Provide to site - Completed']"}
RESULT: {"using":"xpath","value":"//span[text()='Provide to site - Completed']"}
COMMAND: POST /session/c0099c8ef87d8f1a9c022bedeb80dcd8/elements - {"using":"xpath","value":"//span[text()='Provide to site - Completed']"}
RESULT: {"using":"xpath","value":"//span[text()='Provide to site - Completed']"}
COMMAND: POST /session/c0099c8ef87d8f1a9c022bedeb80dcd8/elements - {"using":"xpath","value":"//span[text()='Provide to site - Completed']"}
RESULT: {"using":"xpath","value":"//span[text()='Provide to site - Completed']"}
COMMAND: POST /session/c0099c8ef87d8f1a9c022bedeb80dcd8/elements - {"using":"xpath","value":"//span[text()='Provide to site - Completed']"}
RESULT: {"using":"xpath","value":"//span[text()='Provide to site - Completed']"}
COMMAND: POST /session/c0099c8ef87d8f1a9c022bedeb80dcd8/elements - {"using":"xpath","value":"//span[text()='Provide to site - Completed']"}
RESULT: {"using":"xpath","value":"//span[text()='Provide to site - Completed']"}
COMMAND: POST /session/c0099c8ef87d8f1a9c022bedeb80dcd8/elements - {"using":"xpath","value":"//span[text()='Provide to site - Completed']"}
RESULT: {"using":"xpath","value":"//span[text()='Provide to site - Completed']"}
COMMAND: POST /session/c0099c8ef87d8f1a9c022bedeb80dcd8/elements - {"using":"xpath","value":"//span[text()='Provide to site - Completed']"}
RESULT: {"using":"xpath","value":"//span[text()='Provide to site - Completed']"}
COMMAND: POST /session/c0099c8ef87d8f1a9c022bedeb80dcd8/elements - {"using":"xpath","value":"//span[text()='Provide to site - Completed']"}
RESULT: {"using":"xpath","value":"//span[text()='Provide to site - Completed']"}
COMMAND: POST /session/c0099c8ef87d8f1a9c022bedeb80dcd8/elements - {"using":"xpath","value":"//span[text()='Provide to site - Completed']"}
RESULT: {"using":"xpath","value":"//span[text()='Provide to site - Completed']"}
COMMAND: POST /session/c0099c8ef87d8f1a9c022bedeb80dcd8/elements - {"using":"xpath","value":"//span[text()='Provide to site - Completed']"}
RESULT: {"using":"xpath","value":"//span[text()='Provide to site - Completed']"}
COMMAND: POST /session/c0099c8ef87d8f1a9c022bedeb80dcd8/elements - {"using":"xpath","value":"//span[text()='Provide to site - Completed']"}
RESULT: {"using":"xpath","value":"//span[text()='Provide to site - Completed']"}
COMMAND: POST /session/c0099c8ef87d8f1a9c022bedeb80dcd8/elements - {"using":"xpath","value":"//span[text()='Provide to site - Completed']"}
RESULT: {"using":"xpath","value":"//span[text()='Provide to site - Completed']"}
COMMAND: POST /session/c0099c8ef87d8f1a9c022bedeb80dcd8/elements - {"using":"xpath","value":"//span[text()='Provide to site - Completed']"}
RESULT: {"using":"xpath","value":"//span[text()='Provide to site - Completed']"}
COMMAND: POST /session/c0099c8ef87d8f1a9c022bedeb80dcd8/elements - {"using":"xpath","value":"//span[text()='Provide to site - Completed']"}
RESULT: {"using":"xpath","value":"//span[text()='Provide to site - Completed']"}
COMMAND: POST /session/c0099c8ef87d8f1a9c022bedeb80dcd8/elements - {"using":"xpath","value":"//span[text()='Provide to site - Completed']"}
RESULT: {"using":"xpath","value":"//span[text()='Provide to site - Completed']"}
COMMAND: POST /session/c0099c8ef87d8f1a9c022bedeb80dcd8/elements - {"using":"xpath","value":"//span[text()='Provide to site - Completed']"}
RESULT: {"using":"xpath","value":"//span[text()='Provide to site - Completed']"}
COMMAND: POST /session/c0099c8ef87d8f1a9c022bedeb80dcd8/elements - {"using":"xpath","value":"//span[text()='Provide to site - Completed']"}
RESULT: {"using":"xpath","value":"//span[text()='Provide to site - Completed']"}
COMMAND: POST /session/c0099c8ef87d8f1a9c022bedeb80dcd8/elements - {"using":"xpath","value":"//span[text()='Provide to site - Completed']"}
RESULT: {"using":"xpath","value":"//span[text()='Provide to site - Completed']"}
COMMAND: POST /session/c0099c8ef87d8f1a9c022bedeb80dcd8/elements - {"using":"xpath","value":"//span[text()='Provide to site - Completed']"}
RESULT: {"using":"xpath","value":"//span[text()='Provide to site - Completed']"}
COMMAND: POST /session/c0099c8ef87d8f1a9c022bedeb80dcd8/elements - {"using":"xpath","value":"//span[text()='Provide to site - Completed']"}
RESULT: {"using":"xpath","value":"//span[text()='Provide to site - Completed']"}
COMMAND: POST /session/c0099c8ef87d8f1a9c022bedeb80dcd8/elements - {"using":"xpath","value":"//span[text()='Provide to site - Completed']"}
RESULT: {"using":"xpath","value":"//span[text()='Provide to site - Completed']"}
COMMAND: POST /session/c0099c8ef87d8f1a9c022bedeb80dcd8/elements - {"using":"xpath","value":"//span[text()='Provide to site - Completed']"}
RESULT: {"using":"xpath","value":"//span[text()='Provide to site - Completed']"}
COMMAND: POST /session/c0099c8ef87d8f1a9c022bedeb80dcd8/elements - {"using":"xpath","value":"//span[text()='Provide to site - Completed']"}
RESULT: {"using":"xpath","value":"//span[text()='Provide to site - Completed']"}
COMMAND: POST /session/c0099c8ef87d8f1a9c022bedeb80dcd8/elements - {"using":"xpath","value":"//span[text()='Provide to site - Completed']"}
RESULT: {"using":"xpath","value":"//span[text()='Provide to site - Completed']"}
COMMAND: POST /session/c0099c8ef87d8f1a9c022bedeb80dcd8/elements - {"using":"xpath","value":"//span[text()='Provide to site - Completed']"}
RESULT: {"using":"xpath","value":"//span[text()='Provide to site - Completed']"}
COMMAND: POST /session/c0099c8ef87d8f1a9c022bedeb80dcd8/elements - {"using":"xpath","value":"//span[text()='Provide to site - Completed']"}
RESULT: {"using":"xpath","value":"//span[text()='Provide to site - Completed']"}
COMMAND: POST /session/c0099c8ef87d8f1a9c022bedeb80dcd8/elements - {"using":"xpath","value":"//span[text()='Provide to site - Completed']"}
RESULT: {"using":"xpath","value":"//span[text()='Provide to site - Completed']"}
COMMAND: POST /session/c0099c8ef87d8f1a9c022bedeb80dcd8/elements - {"using":"xpath","value":"//span[text()='Provide to site - Completed']"}
RESULT: {"using":"xpath","value":"//span[text()='Provide to site - Completed']"}
COMMAND: POST /session/c0099c8ef87d8f1a9c022bedeb80dcd8/elements - {"using":"xpath","value":"//span[text()='Provide to site - Completed']"}
RESULT: {"using":"xpath","value":"//span[text()='Provide to site - Completed']"}
COMMAND: POST /session/c0099c8ef87d8f1a9c022bedeb80dcd8/elements - {"using":"xpath","value":"//span[text()='Provide to site - Completed']"}
RESULT: {"using":"xpath","value":"//span[text()='Provide to site - Completed']"}
COMMAND: POST /session/c0099c8ef87d8f1a9c022bedeb80dcd8/elements - {"using":"xpath","value":"//span[text()='Provide to site - Completed']"}
RESULT: {"using":"xpath","value":"//span[text()='Provide to site - Completed']"}
COMMAND: POST /session/c0099c8ef87d8f1a9c022bedeb80dcd8/elements - {"using":"xpath","value":"//span[text()='Provide to site - Completed']"}
RESULT: {"using":"xpath","value":"//span[text()='Provide to site - Completed']"}
COMMAND: POST /session/c0099c8ef87d8f1a9c022bedeb80dcd8/elements - {"using":"xpath","value":"//span[text()='Provide to site - Completed']"}
RESULT: {"using":"xpath","value":"//span[text()='Provide to site - Completed']"}
COMMAND: POST /session/c0099c8ef87d8f1a9c022bedeb80dcd8/elements - {"using":"xpath","value":"//span[text()='Provide to site - Completed']"}
RESULT: {"using":"xpath","value":"//span[text()='Provide to site - Completed']"}
COMMAND: POST /session/c0099c8ef87d8f1a9c022bedeb80dcd8/elements - {"using":"xpath","value":"//span[text()='Provide to site - Completed']"}
RESULT: {"using":"xpath","value":"//span[text()='Provide to site - Completed']"}
COMMAND: POST /session/c0099c8ef87d8f1a9c022bedeb80dcd8/elements - {"using":"xpath","value":"//span[text()='Provide to site - Completed']"}
RESULT: {"using":"xpath","value":"//span[text()='Provide to site - Completed']"}
COMMAND: POST /session/c0099c8ef87d8f1a9c022bedeb80dcd8/elements - {"using":"xpath","value":"//span[text()='Provide to site - Completed']"}
RESULT: {"using":"xpath","value":"//span[text()='Provide to site - Completed']"}
COMMAND: POST /session/c0099c8ef87d8f1a9c022bedeb80dcd8/elements - {"using":"xpath","value":"//span[text()='Provide to site - Completed']"}
RESULT: {"using":"xpath","value":"//span[text()='Provide to site - Completed']"}
COMMAND: POST /session/c0099c8ef87d8f1a9c022bedeb80dcd8/elements - {"using":"xpath","value":"//span[text()='Provide to site - Completed']"}
RESULT: {"using":"xpath","value":"//span[text()='Provide to site - Completed']"}
COMMAND: POST /session/c0099c8ef87d8f1a9c022bedeb80dcd8/elements - {"using":"xpath","value":"//span[text()='Provide to site - Completed']"}
RESULT: {"using":"xpath","value":"//span[text()='Provide to site - Completed']"}
COMMAND: POST /session/c0099c8ef87d8f1a9c022bedeb80dcd8/elements - {"using":"xpath","value":"//span[text()='Provide to site - Completed']"}
RESULT: {"using":"xpath","value":"//span[text()='Provide to site - Completed']"}
COMMAND: POST /session/c0099c8ef87d8f1a9c022bedeb80dcd8/elements - {"using":"xpath","value":"//span[text()='Provide to site - Completed']"}
RESULT: {"using":"xpath","value":"//span[text()='Provide to site - Completed']"}
COMMAND: POST /session/c0099c8ef87d8f1a9c022bedeb80dcd8/elements - {"using":"xpath","value":"//span[text()='Provide to site - Completed']"}
RESULT: {"using":"xpath","value":"//span[text()='Provide to site - Completed']"}
COMMAND: POST /session/c0099c8ef87d8f1a9c022bedeb80dcd8/elements - {"using":"xpath","value":"//span[text()='Provide to site - Completed']"}
RESULT: {"using":"xpath","value":"//span[text()='Provide to site - Completed']"}
COMMAND: POST /session/c0099c8ef87d8f1a9c022bedeb80dcd8/elements - {"using":"xpath","value":"//span[text()='Provide to site - Completed']"}
RESULT: {"using":"xpath","value":"//span[text()='Provide to site - Completed']"}
COMMAND: POST /session/c0099c8ef87d8f1a9c022bedeb80dcd8/elements - {"using":"xpath","value":"//span[text()='Provide to site - Completed']"}
RESULT: {"using":"xpath","value":"//span[text()='Provide to site - Completed']"}
COMMAND: POST /session/c0099c8ef87d8f1a9c022bedeb80dcd8/elements - {"using":"xpath","value":"//span[text()='Provide to site - Completed']"}
RESULT: {"using":"xpath","value":"//span[text()='Provide to site - Completed']"}
COMMAND: POST /session/c0099c8ef87d8f1a9c022bedeb80dcd8/elements - {"using":"xpath","value":"//span[text()='Provide to site - Completed']"}
RESULT: {"using":"xpath","value":"//span[text()='Provide to site - Completed']"}
COMMAND: POST /session/c0099c8ef87d8f1a9c022bedeb80dcd8/elements - {"using":"xpath","value":"//span[text()='Provide to site - Completed']"}
RESULT: {"using":"xpath","value":"//span[text()='Provide to site - Completed']"}
COMMAND: POST /session/c0099c8ef87d8f1a9c022bedeb80dcd8/elements - {"using":"xpath","value":"//span[text()='Provide to site - Completed']"}
RESULT: {"using":"xpath","value":"//span[text()='Provide to site - Completed']"}
COMMAND: POST /session/c0099c8ef87d8f1a9c022bedeb80dcd8/elements - {"using":"xpath","value":"//span[text()='Provide to site - Completed']"}
RESULT: {"using":"xpath","value":"//span[text()='Provide to site - Completed']"}
COMMAND: POST /session/c0099c8ef87d8f1a9c022bedeb80dcd8/elements - {"using":"xpath","value":"//span[text()='Provide to site - Completed']"}
RESULT: {"using":"xpath","value":"//span[text()='Provide to site - Completed']"}
COMMAND: POST /session/c0099c8ef87d8f1a9c022bedeb80dcd8/elements - {"using":"xpath","value":"//span[text()='Provide to site - Completed']"}
RESULT: {"using":"xpath","value":"//span[text()='Provide to site - Completed']"}
COMMAND: POST /session/c0099c8ef87d8f1a9c022bedeb80dcd8/elements - {"using":"xpath","value":"//span[text()='Provide to site - Completed']"}
RESULT: {"using":"xpath","value":"//span[text()='Provide to site - Completed']"}
COMMAND: POST /session/c0099c8ef87d8f1a9c022bedeb80dcd8/elements - {"using":"xpath","value":"//span[text()='Provide to site - Completed']"}
RESULT: {"using":"xpath","value":"//span[text()='Provide to site - Completed']"}
COMMAND: POST /session/c0099c8ef87d8f1a9c022bedeb80dcd8/elements - {"using":"xpath","value":"//span[text()='Provide to site - Completed']"}
RESULT: {"using":"xpath","value":"//span[text()='Provide to site - Completed']"}
COMMAND: POST /session/c0099c8ef87d8f1a9c022bedeb80dcd8/elements - {"using":"xpath","value":"//span[text()='Provide to site - Completed']"}
RESULT: {"using":"xpath","value":"//span[text()='Provide to site - Completed']"}
COMMAND: POST /session/c0099c8ef87d8f1a9c022bedeb80dcd8/elements - {"using":"xpath","value":"//span[text()='Provide to site - Completed']"}
RESULT: {"using":"xpath","value":"//span[text()='Provide to site - Completed']"}
COMMAND: POST /session/c0099c8ef87d8f1a9c022bedeb80dcd8/elements - {"using":"xpath","value":"//span[text()='Provide to site - Completed']"}
RESULT: {"using":"xpath","value":"//span[text()='Provide to site - Completed']"}
COMMAND: POST /session/c0099c8ef87d8f1a9c022bedeb80dcd8/elements - {"using":"xpath","value":"//span[text()='Provide to site - Completed']"}
RESULT: {"using":"xpath","value":"//span[text()='Provide to site - Completed']"}
COMMAND: POST /session/c0099c8ef87d8f1a9c022bedeb80dcd8/elements - {"using":"xpath","value":"//span[text()='Provide to site - Completed']"}
RESULT: {"using":"xpath","value":"//span[text()='Provide to site - Completed']"}
COMMAND: POST /session/c0099c8ef87d8f1a9c022bedeb80dcd8/elements - {"using":"xpath","value":"//span[text()='Provide to site - Completed']"}
RESULT: {"using":"xpath","value":"//span[text()='Provide to site - Completed']"}
COMMAND: POST /session/c0099c8ef87d8f1a9c022bedeb80dcd8/elements - {"using":"xpath","value":"//span[text()='Provide to site - Completed']"}
RESULT: {"using":"xpath","value":"//span[text()='Provide to site - Completed']"}
COMMAND: POST /session/c0099c8ef87d8f1a9c022bedeb80dcd8/elements - {"using":"xpath","value":"//span[text()='Provide to site - Completed']"}
RESULT: {"using":"xpath","value":"//span[text()='Provide to site - Completed']"}
COMMAND: POST /session/c0099c8ef87d8f1a9c022bedeb80dcd8/elements - {"using":"xpath","value":"//span[text()='Provide to site - Completed']"}
RESULT: {"using":"xpath","value":"//span[text()='Provide to site - Completed']"}
COMMAND: POST /session/c0099c8ef87d8f1a9c022bedeb80dcd8/elements - {"using":"xpath","value":"//span[text()='Provide to site - Completed']"}
RESULT: {"using":"xpath","value":"//span[text()='Provide to site - Completed']"}
COMMAND: POST /session/c0099c8ef87d8f1a9c022bedeb80dcd8/elements - {"using":"xpath","value":"//span[text()='Provide to site - Completed']"}
COMMAND: POST /session/c0099c8ef87d8f1a9c022bedeb80dcd8/execute/async - {"script":"<script> [1562 bytes]","args":[{"selector":{"controlType":"sap.m.Button","viewName":"etm.portal.ui.managehandovers.view.DetailExecuteHO","i18NText":{"propertyName":"text","key":"pickQty"},"interaction":{"idSuffix":"BDI-content"}},"wdio_ui5_key":"etmportal.ui.managehandovers.view.DetailExecuteHOsap.m.Button{\"propertyName\":\"text\",\"key\":\"pickQty\"}"}]}
RESULT: {"using":"xpath","value":"//span[text()='Provide to site - Completed']"}
RESULT: {"script":"<script> [1562 bytes]","args":[{"selector":{"controlType":"sap.m.Button","viewName":"etm.portal.ui.managehandovers.view.DetailExecuteHO","i18NText":{"propertyName":"text","key":"pickQty"},"interaction":{"idSuffix":"BDI-content"}},"wdio_ui5_key":"etmportal.ui.managehandovers.view.DetailExecuteHOsap.m.Button{\"propertyName\":\"text\",\"key\":\"pickQty\"}"}]}
RESULT: undefined
COMMAND: POST /session/c0099c8ef87d8f1a9c022bedeb80dcd8/execute/async - {"script":"<script> [1562 bytes]","args":[{"selector":{"controlType":"sap.m.Link","viewName":"etm.portal.ui.managehandovers.view.DetailExecuteHO","bindingPath":{"path":"","propertyPath":"/wmDoc","modelName":"warehouseMovModel"}},"wdio_ui5_key":"etmportal.ui.managehandovers.view.DetailExecuteHOsap.m.Link{\"path\":\"\",\"propertyPath\":\"/wmDoc\",\"modelName\":\"warehouseMovModel\"}"}]}
RESULT: {"script":"<script> [1562 bytes]","args":[{"selector":{"controlType":"sap.m.Link","viewName":"etm.portal.ui.managehandovers.view.DetailExecuteHO","bindingPath":{"path":"","propertyPath":"/wmDoc","modelName":"warehouseMovModel"}},"wdio_ui5_key":"etmportal.ui.managehandovers.view.DetailExecuteHOsap.m.Link{\"path\":\"\",\"propertyPath\":\"/wmDoc\",\"modelName\":\"warehouseMovModel\"}"}]}
RESULT: undefined
COMMAND: POST /session/c0099c8ef87d8f1a9c022bedeb80dcd8/execute/async - {"script":"<script> [1562 bytes]","args":[{"selector":{"controlType":"sap.m.Link","viewName":"etm.portal.ui.managehandovers.view.DetailExecuteHO","properties":{"text":"Warehouse Overview"},"searchOpenDialogs":true},"wdio_ui5_key":"etmportal.ui.managehandovers.view.DetailExecuteHOsap.m.Link{\"text\":\"Warehouse Overview\"}"}]}
RESULT: {"script":"<script> [1562 bytes]","args":[{"selector":{"controlType":"sap.m.Link","viewName":"etm.portal.ui.managehandovers.view.DetailExecuteHO","properties":{"text":"Warehouse Overview"},"searchOpenDialogs":true},"wdio_ui5_key":"etmportal.ui.managehandovers.view.DetailExecuteHOsap.m.Link{\"text\":\"Warehouse Overview\"}"}]}
RESULT: undefined
COMMAND: POST /session/c0099c8ef87d8f1a9c022bedeb80dcd8/execute/async - {"script":"<script> [1562 bytes]","args":[{"selector":{"controlType":"sap.m.Button","viewName":"etm.portal.ui.warehousemovements.view.DisplayMovement","viewId":"application-warehousemovements-display-component---displayMovement","i18NText":{"propertyName":"text","key":"execution"},"interaction":{"idSuffix":"BDI-content"}},"wdio_ui5_key":"etmportal.ui.warehousemovements.view.DisplayMovementsap.m.Button{\"propertyName\":\"text\",\"key\":\"execution\"}"}]}
RESULT: {"script":"<script> [1562 bytes]","args":[{"selector":{"controlType":"sap.m.Button","viewName":"etm.portal.ui.warehousemovements.view.DisplayMovement","viewId":"application-warehousemovements-display-component---displayMovement","i18NText":{"propertyName":"text","key":"execution"},"interaction":{"idSuffix":"BDI-content"}},"wdio_ui5_key":"etmportal.ui.warehousemovements.view.DisplayMovementsap.m.Button{\"propertyName\":\"text\",\"key\":\"execution\"}"}]}
RESULT: undefined
COMMAND: POST /session/c0099c8ef87d8f1a9c022bedeb80dcd8/execute/async - {"script":"<script> [1562 bytes]","args":[{"selector":{"controlType":"sap.m.Button","viewName":"etm.portal.ui.warehousemovements.view.ExecuteMovement","viewId":"application-warehousemovements-display-component---executeMovement","properties":{"text":"Items"},"interaction":{"idSuffix":"BDI-content"}},"wdio_ui5_key":"etmportal.ui.warehousemovements.view.ExecuteMovementsap.m.Button{\"text\":\"Items\"}"}]}
RESULT: {"script":"<script> [1562 bytes]","args":[{"selector":{"controlType":"sap.m.Button","viewName":"etm.portal.ui.warehousemovements.view.ExecuteMovement","viewId":"application-warehousemovements-display-component---executeMovement","properties":{"text":"Items"},"interaction":{"idSuffix":"BDI-content"}},"wdio_ui5_key":"etmportal.ui.warehousemovements.view.ExecuteMovementsap.m.Button{\"text\":\"Items\"}"}]}
RESULT: undefined
COMMAND: POST /session/c0099c8ef87d8f1a9c022bedeb80dcd8/execute/async - {"script":"<script> [1562 bytes]","args":[{"selector":{"controlType":"sap.m.ToggleButton","viewName":"etm.portal.ui.warehousemovements.view.ExecuteMovement","viewId":"application-warehousemovements-display-component---executeMovement","bindingPath":{"propertyPath":"STATUS","modelName":"catalogModel"},"interaction":{"idSuffix":"BDI-content"}},"wdio_ui5_key":"etmportal.ui.warehousemovements.view.ExecuteMovementsap.m.ToggleButton{\"propertyPath\":\"STATUS\",\"modelName\":\"catalogModel\"}"}]}
RESULT: {"script":"<script> [1562 bytes]","args":[{"selector":{"controlType":"sap.m.ToggleButton","viewName":"etm.portal.ui.warehousemovements.view.ExecuteMovement","viewId":"application-warehousemovements-display-component---executeMovement","bindingPath":{"propertyPath":"STATUS","modelName":"catalogModel"},"interaction":{"idSuffix":"BDI-content"}},"wdio_ui5_key":"etmportal.ui.warehousemovements.view.ExecuteMovementsap.m.ToggleButton{\"propertyPath\":\"STATUS\",\"modelName\":\"catalogModel\"}"}]}
RESULT: undefined
RESULT: undefined
RESULT: undefined
COMMAND: POST /session/c0099c8ef87d8f1a9c022bedeb80dcd8/execute/async - {"script":"<script> [1562 bytes]","args":[{"selector":{"id":"application-warehousemovements-display-component---executeMovement--executeId","interaction":{"idSuffix":"BDI-content"}},"wdio_ui5_key":"applicationwarehousemovements-display-component---executeMovement--executeId"}]}
RESULT: {"script":"<script> [1562 bytes]","args":[{"selector":{"id":"application-warehousemovements-display-component---executeMovement--executeId","interaction":{"idSuffix":"BDI-content"}},"wdio_ui5_key":"applicationwarehousemovements-display-component---executeMovement--executeId"}]}
RESULT: undefined
COMMAND: POST /session/c0099c8ef87d8f1a9c022bedeb80dcd8/element - {"using":"css selector","value":"#shell-header-logo"}
RESULT: {"using":"css selector","value":"#shell-header-logo"}
COMMAND: POST /session/c0099c8ef87d8f1a9c022bedeb80dcd8/element/f.37E7500FB3BEF60B72C91044CCDB3F00.d.A4E5CA43704CC5D7DA2E806FE5D50169.e.10135/click - {}
RESULT: {}
COMMAND: GET /session/c0099c8ef87d8f1a9c022bedeb80dcd8/screenshot - {}
RESULT: {}
RESULT: undefined
COMMAND: POST /session/c0099c8ef87d8f1a9c022bedeb80dcd8/execute/async - {"script":"<script> [1562 bytes]","args":[{"selector":{"controlType":"sap.m.SearchField","viewName":"etm.portal.ui.managehandovers.view.MasterHO","bindingPath":{"propertyPath":"/_BASIC_SEARCH_FIELD","modelName":"fi1t3rM0d31"},"interaction":{"idSuffix":"I"}},"wdio_ui5_key":"etmportal.ui.managehandovers.view.MasterHOsap.m.SearchField{\"propertyPath\":\"/_BASIC_SEARCH_FIELD\",\"modelName\":\"fi1t3rM0d31\"}"}]}
RESULT: {"script":"<script> [1562 bytes]","args":[{"selector":{"controlType":"sap.m.SearchField","viewName":"etm.portal.ui.managehandovers.view.MasterHO","bindingPath":{"propertyPath":"/_BASIC_SEARCH_FIELD","modelName":"fi1t3rM0d31"},"interaction":{"idSuffix":"I"}},"wdio_ui5_key":"etmportal.ui.managehandovers.view.MasterHOsap.m.SearchField{\"propertyPath\":\"/_BASIC_SEARCH_FIELD\",\"modelName\":\"fi1t3rM0d31\"}"}]}
RESULT: undefined
COMMAND: POST /session/c0099c8ef87d8f1a9c022bedeb80dcd8/actions - {"actions":[{"id":"action46","type":"key","parameters":{},"actions":[{"type":"keyDown","value":"î€‡"},{"type":"pause","duration":10},{"type":"keyUp","value":"î€‡"}]}]}
RESULT: {"actions":[{"id":"action46","type":"key","parameters":{},"actions":[{"type":"keyDown","value":"î€‡"},{"type":"pause","duration":10},{"type":"keyUp","value":"î€‡"}]}]}
COMMAND: GET /session/c0099c8ef87d8f1a9c022bedeb80dcd8/screenshot - {}
RESULT: {}
COMMAND: POST /session/c0099c8ef87d8f1a9c022bedeb80dcd8/execute/async - {"script":"<script> [1562 bytes]","args":[{"selector":{"controlType":"sap.ui.core.Icon","viewName":"etm.portal.ui.managehandovers.view.MasterHO","properties":{"src":{"regex":{"source":"slim\\-arrow\\-right"}}}},"wdio_ui5_key":"etmportal.ui.managehandovers.view.MasterHOsap.ui.core.Icon{\"src\":{\"regex\":{\"source\":\"slim\\\\-arrow\\\\-right\"}}}"}]}
RESULT: {"script":"<script> [1562 bytes]","args":[{"selector":{"controlType":"sap.ui.core.Icon","viewName":"etm.portal.ui.managehandovers.view.MasterHO","properties":{"src":{"regex":{"source":"slim\\-arrow\\-right"}}}},"wdio_ui5_key":"etmportal.ui.managehandovers.view.MasterHOsap.ui.core.Icon{\"src\":{\"regex\":{\"source\":\"slim\\\\-arrow\\\\-right\"}}}"}]}
RESULT: undefined
COMMAND: POST /session/c0099c8ef87d8f1a9c022bedeb80dcd8/execute/async - {"script":"<script> [1562 bytes]","args":[{"selector":{"controlType":"sap.m.Button","viewName":"etm.portal.ui.managehandovers.view.DetailExecuteHO","i18NText":{"propertyName":"text","key":"confirmAll"},"interaction":{"idSuffix":"BDI-content"}},"wdio_ui5_key":"etmportal.ui.managehandovers.view.DetailExecuteHOsap.m.Button{\"propertyName\":\"text\",\"key\":\"confirmAll\"}"}]}
RESULT: {"script":"<script> [1562 bytes]","args":[{"selector":{"controlType":"sap.m.Button","viewName":"etm.portal.ui.managehandovers.view.DetailExecuteHO","i18NText":{"propertyName":"text","key":"confirmAll"},"interaction":{"idSuffix":"BDI-content"}},"wdio_ui5_key":"etmportal.ui.managehandovers.view.DetailExecuteHOsap.m.Button{\"propertyName\":\"text\",\"key\":\"confirmAll\"}"}]}
RESULT: undefined
COMMAND: POST /session/c0099c8ef87d8f1a9c022bedeb80dcd8/actions - {"actions":[{"id":"action47","type":"key","parameters":{},"actions":[{"type":"keyDown","value":"î€‡"},{"type":"pause","duration":10},{"type":"keyUp","value":"î€‡"}]}]}
RESULT: {"actions":[{"id":"action47","type":"key","parameters":{},"actions":[{"type":"keyDown","value":"î€‡"},{"type":"pause","duration":10},{"type":"keyUp","value":"î€‡"}]}]}
COMMAND: GET /session/c0099c8ef87d8f1a9c022bedeb80dcd8/screenshot - {}
RESULT: {}
COMMAND: POST /session/c0099c8ef87d8f1a9c022bedeb80dcd8/execute/async - {"script":"<script> [1562 bytes]","args":[{"selector":{"id":"confirmationButton","viewName":"etm.portal.ui.managehandovers.view.DetailExecuteHO","properties":{"text":"Issue"},"interaction":{"idSuffix":"BDI-content"}},"wdio_ui5_key":"confirmationButtonetmportal.ui.managehandovers.view.DetailExecuteHO{\"text\":\"Issue\"}"}]}
RESULT: {"script":"<script> [1562 bytes]","args":[{"selector":{"id":"confirmationButton","viewName":"etm.portal.ui.managehandovers.view.DetailExecuteHO","properties":{"text":"Issue"},"interaction":{"idSuffix":"BDI-content"}},"wdio_ui5_key":"confirmationButtonetmportal.ui.managehandovers.view.DetailExecuteHO{\"text\":\"Issue\"}"}]}
RESULT: undefined
RESULT: undefined
COMMAND: POST /session/c0099c8ef87d8f1a9c022bedeb80dcd8/actions - {"actions":[{"id":"action48","type":"key","parameters":{},"actions":[{"type":"keyDown","value":"î€‡"},{"type":"pause","duration":10},{"type":"keyUp","value":"î€‡"}]}]}
RESULT: {"actions":[{"id":"action48","type":"key","parameters":{},"actions":[{"type":"keyDown","value":"î€‡"},{"type":"pause","duration":10},{"type":"keyUp","value":"î€‡"}]}]}
COMMAND: GET /session/c0099c8ef87d8f1a9c022bedeb80dcd8/screenshot - {}
RESULT: {}
RESULT: undefined
COMMAND: POST /session/c0099c8ef87d8f1a9c022bedeb80dcd8/execute/async - {"script":"<script> [1562 bytes]","args":[{"selector":{"id":"instructionsTabFilter","viewName":"etm.portal.ui.managehandovers.view.DetailExecuteHO","interaction":{"idSuffix":"text"}},"wdio_ui5_key":"instructionsTabFilteretmportal.ui.managehandovers.view.DetailExecuteHO"}]}
RESULT: {"script":"<script> [1562 bytes]","args":[{"selector":{"id":"instructionsTabFilter","viewName":"etm.portal.ui.managehandovers.view.DetailExecuteHO","interaction":{"idSuffix":"text"}},"wdio_ui5_key":"instructionsTabFilteretmportal.ui.managehandovers.view.DetailExecuteHO"}]}
RESULT: undefined
RESULT: undefined
COMMAND: POST /session/c0099c8ef87d8f1a9c022bedeb80dcd8/execute/async - {"script":"<script> [1562 bytes]","args":[{"selector":{"controlType":"sap.m.ComboBox","viewName":"etm.portal.ui.managehandovers.view.DetailExecuteHO","bindingPath":{"propertyPath":"RECEIVING_SECTION","modelName":"catalogModel"},"interaction":{"idSuffix":"inner"}},"wdio_ui5_key":"etmportal.ui.managehandovers.view.DetailExecuteHOsap.m.ComboBox{\"propertyPath\":\"RECEIVING_SECTION\",\"modelName\":\"catalogModel\"}"}]}
RESULT: {"script":"<script> [1562 bytes]","args":[{"selector":{"controlType":"sap.m.ComboBox","viewName":"etm.portal.ui.managehandovers.view.DetailExecuteHO","bindingPath":{"propertyPath":"RECEIVING_SECTION","modelName":"catalogModel"},"interaction":{"idSuffix":"inner"}},"wdio_ui5_key":"etmportal.ui.managehandovers.view.DetailExecuteHOsap.m.ComboBox{\"propertyPath\":\"RECEIVING_SECTION\",\"modelName\":\"catalogModel\"}"}]}
RESULT: undefined
COMMAND: POST /session/c0099c8ef87d8f1a9c022bedeb80dcd8/actions - {"actions":[{"id":"action49","type":"key","parameters":{},"actions":[{"type":"keyDown","value":"î€‡"},{"type":"pause","duration":10},{"type":"keyUp","value":"î€‡"}]}]}
RESULT: {"actions":[{"id":"action49","type":"key","parameters":{},"actions":[{"type":"keyDown","value":"î€‡"},{"type":"pause","duration":10},{"type":"keyUp","value":"î€‡"}]}]}
COMMAND: GET /session/c0099c8ef87d8f1a9c022bedeb80dcd8/screenshot - {}
RESULT: {}
COMMAND: POST /session/c0099c8ef87d8f1a9c022bedeb80dcd8/execute/async - {"script":"<script> [1562 bytes]","args":[{"selector":{"id":"confirmationButton","viewName":"etm.portal.ui.managehandovers.view.DetailExecuteHO","properties":{"text":"Receive"},"interaction":{"idSuffix":"BDI-content"}},"wdio_ui5_key":"confirmationButtonetmportal.ui.managehandovers.view.DetailExecuteHO{\"text\":\"Receive\"}"}]}
RESULT: {"script":"<script> [1562 bytes]","args":[{"selector":{"id":"confirmationButton","viewName":"etm.portal.ui.managehandovers.view.DetailExecuteHO","properties":{"text":"Receive"},"interaction":{"idSuffix":"BDI-content"}},"wdio_ui5_key":"confirmationButtonetmportal.ui.managehandovers.view.DetailExecuteHO{\"text\":\"Receive\"}"}]}
RESULT: undefined
COMMAND: POST /session/c0099c8ef87d8f1a9c022bedeb80dcd8/execute/async - {"script":"<script> [1562 bytes]","args":[{"selector":{"controlType":"sap.m.Button","properties":{"text":"Continue"},"searchOpenDialogs":true,"interaction":{"idSuffix":"content"}},"wdio_ui5_key":"sapm.Button{\"text\":\"Continue\"}"}]}
RESULT: {"script":"<script> [1562 bytes]","args":[{"selector":{"controlType":"sap.m.Button","properties":{"text":"Continue"},"searchOpenDialogs":true,"interaction":{"idSuffix":"content"}},"wdio_ui5_key":"sapm.Button{\"text\":\"Continue\"}"}]}
RESULT: undefined
]]></system-out>
    </testcase>
    <testcase classname="chrome.135_0_7049_96.windows.Provide_to_Site_w/o_warehouse_management_w_clarification" name="Should test for Clarification" time="27.013">
      <system-out><![CDATA[
RESULT: undefined
RESULT: undefined
COMMAND: POST /session/c0099c8ef87d8f1a9c022bedeb80dcd8/actions - {"actions":[{"id":"action50","type":"key","parameters":{},"actions":[{"type":"keyDown","value":"î€‡"},{"type":"pause","duration":10},{"type":"keyUp","value":"î€‡"}]}]}
RESULT: {"actions":[{"id":"action50","type":"key","parameters":{},"actions":[{"type":"keyDown","value":"î€‡"},{"type":"pause","duration":10},{"type":"keyUp","value":"î€‡"}]}]}
COMMAND: GET /session/c0099c8ef87d8f1a9c022bedeb80dcd8/screenshot - {}
RESULT: {}
RESULT: undefined
RESULT: undefined
RESULT: undefined
COMMAND: POST /session/c0099c8ef87d8f1a9c022bedeb80dcd8/execute/async - {"script":"<script> [1562 bytes]","args":[{"selector":{"controlType":"sap.m.ToggleButton","viewName":"etm.portal.ui.managehandovers.view.DetailExecuteHO","i18NText":{"propertyName":"text","key":"refuse"},"interaction":{"idSuffix":"BDI-content"}},"wdio_ui5_key":"etmportal.ui.managehandovers.view.DetailExecuteHOsap.m.ToggleButton{\"propertyName\":\"text\",\"key\":\"refuse\"}"}]}
RESULT: {"script":"<script> [1562 bytes]","args":[{"selector":{"controlType":"sap.m.ToggleButton","viewName":"etm.portal.ui.managehandovers.view.DetailExecuteHO","i18NText":{"propertyName":"text","key":"refuse"},"interaction":{"idSuffix":"BDI-content"}},"wdio_ui5_key":"etmportal.ui.managehandovers.view.DetailExecuteHOsap.m.ToggleButton{\"propertyName\":\"text\",\"key\":\"refuse\"}"}]}
RESULT: undefined
COMMAND: POST /session/c0099c8ef87d8f1a9c022bedeb80dcd8/execute/async - {"script":"<script> [1562 bytes]","args":[{"selector":{"id":"confirmationButton","viewName":"etm.portal.ui.managehandovers.view.DetailExecuteHO","interaction":{"idSuffix":"BDI-content"},"properties":{"text":"Receive / Refuse"}},"wdio_ui5_key":"confirmationButtonetmportal.ui.managehandovers.view.DetailExecuteHO{\"text\":\"Receive / Refuse\"}"}]}
RESULT: {"script":"<script> [1562 bytes]","args":[{"selector":{"id":"confirmationButton","viewName":"etm.portal.ui.managehandovers.view.DetailExecuteHO","interaction":{"idSuffix":"BDI-content"},"properties":{"text":"Receive / Refuse"}},"wdio_ui5_key":"confirmationButtonetmportal.ui.managehandovers.view.DetailExecuteHO{\"text\":\"Receive / Refuse\"}"}]}
RESULT: undefined
COMMAND: POST /session/c0099c8ef87d8f1a9c022bedeb80dcd8/element - {"using":"css selector","value":"#j_username"}
COMMAND: POST /session/c0099c8ef87d8f1a9c022bedeb80dcd8/url - {"url":"https://qa-testing-00-live-etm-ui.cfapps.eu10-004.hana.ondemand.com/"}
COMMAND: GET /session/c0099c8ef87d8f1a9c022bedeb80dcd8/screenshot - {}
RESULT: {"using":"css selector","value":"#j_username"}
COMMAND: POST /session/c0099c8ef87d8f1a9c022bedeb80dcd8/element - {"using":"css selector","value":"#j_username"}
RESULT: {"url":"https://qa-testing-00-live-etm-ui.cfapps.eu10-004.hana.ondemand.com/"}
RESULT: undefined
COMMAND: GET /session/c0099c8ef87d8f1a9c022bedeb80dcd8/screenshot - {}
RESULT: {}
RESULT: {"using":"css selector","value":"#j_username"}
COMMAND: POST /session/c0099c8ef87d8f1a9c022bedeb80dcd8/element - {"using":"css selector","value":"#shell-header-logo"}
RESULT: {}
RESULT: {"using":"css selector","value":"#shell-header-logo"}
COMMAND: POST /session/c0099c8ef87d8f1a9c022bedeb80dcd8/execute/sync - {"script":"<script> [8489 bytes]","args":[{"element-6066-11e4-a52e-4f735466cecf":"f.37E7500FB3BEF60B72C91044CCDB3F00.d.0D8EA436B787686C6E85A8C8038BA2C3.e.10815","ELEMENT":"f.37E7500FB3BEF60B72C91044CCDB3F00.d.0D8EA436B787686C6E85A8C8038BA2C3.e.10815"}]}
RESULT: {"script":"<script> [8489 bytes]","args":[{"element-6066-11e4-a52e-4f735466cecf":"f.37E7500FB3BEF60B72C91044CCDB3F00.d.0D8EA436B787686C6E85A8C8038BA2C3.e.10815","ELEMENT":"f.37E7500FB3BEF60B72C91044CCDB3F00.d.0D8EA436B787686C6E85A8C8038BA2C3.e.10815"}]}
COMMAND: POST /session/c0099c8ef87d8f1a9c022bedeb80dcd8/element - {"using":"css selector","value":"#shell-header-logo"}
COMMAND: GET /session/c0099c8ef87d8f1a9c022bedeb80dcd8/screenshot - {}
RESULT: {"using":"css selector","value":"#shell-header-logo"}
COMMAND: POST /session/c0099c8ef87d8f1a9c022bedeb80dcd8/execute/sync - {"script":"<script> [8489 bytes]","args":[{"element-6066-11e4-a52e-4f735466cecf":"f.37E7500FB3BEF60B72C91044CCDB3F00.d.0D8EA436B787686C6E85A8C8038BA2C3.e.10815","ELEMENT":"f.37E7500FB3BEF60B72C91044CCDB3F00.d.0D8EA436B787686C6E85A8C8038BA2C3.e.10815"}]}
RESULT: {}
RESULT: {"script":"<script> [8489 bytes]","args":[{"element-6066-11e4-a52e-4f735466cecf":"f.37E7500FB3BEF60B72C91044CCDB3F00.d.0D8EA436B787686C6E85A8C8038BA2C3.e.10815","ELEMENT":"f.37E7500FB3BEF60B72C91044CCDB3F00.d.0D8EA436B787686C6E85A8C8038BA2C3.e.10815"}]}
COMMAND: POST /session/c0099c8ef87d8f1a9c022bedeb80dcd8/execute/sync - {"script":"<script> [5351 bytes]","args":[{"element-6066-11e4-a52e-4f735466cecf":"f.37E7500FB3BEF60B72C91044CCDB3F00.d.0D8EA436B787686C6E85A8C8038BA2C3.e.10815","ELEMENT":"f.37E7500FB3BEF60B72C91044CCDB3F00.d.0D8EA436B787686C6E85A8C8038BA2C3.e.10815"}]}
COMMAND: GET /session/c0099c8ef87d8f1a9c022bedeb80dcd8/screenshot - {}
RESULT: {"script":"<script> [5351 bytes]","args":[{"element-6066-11e4-a52e-4f735466cecf":"f.37E7500FB3BEF60B72C91044CCDB3F00.d.0D8EA436B787686C6E85A8C8038BA2C3.e.10815","ELEMENT":"f.37E7500FB3BEF60B72C91044CCDB3F00.d.0D8EA436B787686C6E85A8C8038BA2C3.e.10815"}]}
COMMAND: POST /session/c0099c8ef87d8f1a9c022bedeb80dcd8/element - {"using":"css selector","value":"#shell-header-logo"}
COMMAND: GET /session/c0099c8ef87d8f1a9c022bedeb80dcd8/screenshot - {}
RESULT: {}
RESULT: {"using":"css selector","value":"#shell-header-logo"}
COMMAND: POST /session/c0099c8ef87d8f1a9c022bedeb80dcd8/element/f.37E7500FB3BEF60B72C91044CCDB3F00.d.0D8EA436B787686C6E85A8C8038BA2C3.e.10815/click - {}
RESULT: {}
RESULT: {}
COMMAND: GET /session/c0099c8ef87d8f1a9c022bedeb80dcd8/screenshot - {}
RESULT: {}
COMMAND: POST /session/c0099c8ef87d8f1a9c022bedeb80dcd8/execute/async - {"script":"<script> [189 bytes]","args":[]}
RESULT: {"script":"<script> [189 bytes]","args":[]}
COMMAND: POST /session/c0099c8ef87d8f1a9c022bedeb80dcd8/execute/async - {"script":"<script> [123 bytes]","args":[]}
RESULT: {"script":"<script> [123 bytes]","args":[]}
COMMAND: POST /session/c0099c8ef87d8f1a9c022bedeb80dcd8/timeouts - {"script":"<number>"}
RESULT: {"script":"<number>"}
COMMAND: GET /session/c0099c8ef87d8f1a9c022bedeb80dcd8/timeouts - {}
RESULT: {}
RESULT: undefined
COMMAND: POST /session/c0099c8ef87d8f1a9c022bedeb80dcd8/execute/async - {"script":"<script> [2676 bytes]","args":[]}
RESULT: {"script":"<script> [2676 bytes]","args":[]}
COMMAND: POST /session/c0099c8ef87d8f1a9c022bedeb80dcd8/execute/async - {"script":"<script> [2342 bytes]","args":[{"protocol":"http","hostname":"0.0.0.0","path":"/","capabilities":{"browserName":"chrome","goog:chromeOptions":{"binary":"C:\\Program Files\\Google\\Chrome\\Application\\chrome.exe","args":["--start-maximized"]}},"logLevel":"warn","connectionRetryTimeout":120000,"connectionRetryCount":3,"logLevels":{},"enableDirectConnect":true,"strictSSL":true,"_":"65 more keys: [\"cacheDir\",\"port\",\"requestedCapabilities\",\"automationProtocol\",\"baseUrl\",\"waitforInterval\",\"waitforTimeout\",\"onReload\",\"beforeCommand\",\"afterCommand\",\"rootDir\",\"specs\",\"suites\",\"exclude\",\"groupLogsByTestSpec\",\"excludeDriverLogs\",\"bail\",\"framework\",\"reporters\",\"services\",\"maxInstances\",\"maxInstancesPerCapability\",\"injectGlobals\",\"filesToWatch\",\"execArgv\",\"runnerEnv\",\"runner\",\"shard\",\"specFileRetries\",\"specFileRetriesDelay\",\"specFileRetriesDeferred\",\"reporterSyncInterval\",\"reporterSyncTimeout\",\"cucumberFeaturesWithLineNumbers\",\"autoCompileOpts\",\"mochaOpts\",\"jasmineOpts\",\"cucumberOpts\",\"onPrepare\",\"onWorkerStart\",\"onWorkerEnd\",\"before\",\"beforeSession\",\"beforeSuite\",\"beforeHook\",\"beforeTest\",\"afterTest\",\"afterHook\",\"afterSuite\",\"afterSession\",\"after\",\"onComplete\",\"beforeAssertion\",\"afterAssertion\",\"beforeFeature\",\"beforeScenario\",\"beforeStep\",\"afterStep\",\"afterScenario\",\"afterFeature\",\"_\",\"suite\",\"$0\",\"ignoredWorkerServices\",\"wdi5\"]"}]}
RESULT: {"script":"<script> [2342 bytes]","args":[{"protocol":"http","hostname":"0.0.0.0","path":"/","capabilities":{"browserName":"chrome","goog:chromeOptions":{"binary":"C:\\Program Files\\Google\\Chrome\\Application\\chrome.exe","args":["--start-maximized"]}},"logLevel":"warn","connectionRetryTimeout":120000,"connectionRetryCount":3,"logLevels":{},"enableDirectConnect":true,"strictSSL":true,"_":"65 more keys: [\"cacheDir\",\"port\",\"requestedCapabilities\",\"automationProtocol\",\"baseUrl\",\"waitforInterval\",\"waitforTimeout\",\"onReload\",\"beforeCommand\",\"afterCommand\",\"rootDir\",\"specs\",\"suites\",\"exclude\",\"groupLogsByTestSpec\",\"excludeDriverLogs\",\"bail\",\"framework\",\"reporters\",\"services\",\"maxInstances\",\"maxInstancesPerCapability\",\"injectGlobals\",\"filesToWatch\",\"execArgv\",\"runnerEnv\",\"runner\",\"shard\",\"specFileRetries\",\"specFileRetriesDelay\",\"specFileRetriesDeferred\",\"reporterSyncInterval\",\"reporterSyncTimeout\",\"cucumberFeaturesWithLineNumbers\",\"autoCompileOpts\",\"mochaOpts\",\"jasmineOpts\",\"cucumberOpts\",\"onPrepare\",\"onWorkerStart\",\"onWorkerEnd\",\"before\",\"beforeSession\",\"beforeSuite\",\"beforeHook\",\"beforeTest\",\"afterTest\",\"afterHook\",\"afterSuite\",\"afterSession\",\"after\",\"onComplete\",\"beforeAssertion\",\"afterAssertion\",\"beforeFeature\",\"beforeScenario\",\"beforeStep\",\"afterStep\",\"afterScenario\",\"afterFeature\",\"_\",\"suite\",\"$0\",\"ignoredWorkerServices\",\"wdi5\"]"}]}
COMMAND: POST /session/c0099c8ef87d8f1a9c022bedeb80dcd8/execute/async - {"script":"<script> [21126 bytes]","args":[35000]}
RESULT: {"script":"<script> [21126 bytes]","args":[35000]}
COMMAND: POST /session/c0099c8ef87d8f1a9c022bedeb80dcd8/window/maximize - {}
RESULT: {}
COMMAND: POST /session/c0099c8ef87d8f1a9c022bedeb80dcd8/execute/async - {"script":"<script> [1562 bytes]","args":[{"selector":{"id":"shell-header","interaction":{"idSuffix":"icon"}},"wdio_ui5_key":"shellheader"}]}
COMMAND: GET /session/c0099c8ef87d8f1a9c022bedeb80dcd8/screenshot - {}
RESULT: {"script":"<script> [1562 bytes]","args":[{"selector":{"id":"shell-header","interaction":{"idSuffix":"icon"}},"wdio_ui5_key":"shellheader"}]}
RESULT: undefined
]]></system-out>
    </testcase>
  </testsuite>
  <testsuite timestamp="2025-05-02T17:15:29" time="296.771" tests="4" failures="4" errors="4" skipped="0">
    <properties>
      <property name="specId" value="0" />
      <property name="suiteName" value="Provide to Site w/o warehouse management w/o clarification US116612" />
      <property name="capabilities" value="chrome.135_0_7049_96.windows" />
      <property name="file" value="file:///D:/a/1/s/test/specs/HTR/provide-to-site-wo-warehouse-wo-clarification.spec.js" />
    </properties>
  </testsuite>
  <testsuite timestamp="2025-05-02T17:20:26" time="430.693" tests="5" failures="4" errors="4" skipped="0">
    <properties>
      <property name="specId" value="0" />
      <property name="suiteName" value="Provide to Site w/o warehouse management wo clarification" />
      <property name="capabilities" value="chrome.135_0_7049_96.windows" />
      <property name="file" value="file:///D:/a/1/s/test/specs/HTR/provide-to-site-wo-warehouse-wo-clarification.spec.js" />
    </properties>
    <testcase classname="chrome.135_0_7049_96.windows.Provide_to_Site_w/o_warehouse_management_wo_clarification" name="Should Test for Handover Execution" time="170.367">
      <system-out><![CDATA[
COMMAND: POST /session/c0099c8ef87d8f1a9c022bedeb80dcd8/element - {"using":"xpath","value":"//*[text()='false']"}
COMMAND: GET /session/c0099c8ef87d8f1a9c022bedeb80dcd8/screenshot - {}
RESULT: {"using":"xpath","value":"//*[text()='false']"}
COMMAND: POST /session/c0099c8ef87d8f1a9c022bedeb80dcd8/elements - {"using":"xpath","value":"//*[text()='false']"}
RESULT: {}
RESULT: {"using":"xpath","value":"//*[text()='false']"}
COMMAND: POST /session/c0099c8ef87d8f1a9c022bedeb80dcd8/elements - {"using":"xpath","value":"//*[text()='false']"}
RESULT: {"using":"xpath","value":"//*[text()='false']"}
COMMAND: POST /session/c0099c8ef87d8f1a9c022bedeb80dcd8/elements - {"using":"xpath","value":"//*[text()='false']"}
RESULT: {"using":"xpath","value":"//*[text()='false']"}
COMMAND: POST /session/c0099c8ef87d8f1a9c022bedeb80dcd8/elements - {"using":"xpath","value":"//*[text()='false']"}
RESULT: {"using":"xpath","value":"//*[text()='false']"}
COMMAND: POST /session/c0099c8ef87d8f1a9c022bedeb80dcd8/elements - {"using":"xpath","value":"//*[text()='false']"}
RESULT: {"using":"xpath","value":"//*[text()='false']"}
COMMAND: POST /session/c0099c8ef87d8f1a9c022bedeb80dcd8/elements - {"using":"xpath","value":"//*[text()='false']"}
RESULT: {"using":"xpath","value":"//*[text()='false']"}
COMMAND: POST /session/c0099c8ef87d8f1a9c022bedeb80dcd8/elements - {"using":"xpath","value":"//*[text()='false']"}
RESULT: {"using":"xpath","value":"//*[text()='false']"}
COMMAND: POST /session/c0099c8ef87d8f1a9c022bedeb80dcd8/elements - {"using":"xpath","value":"//*[text()='false']"}
RESULT: {"using":"xpath","value":"//*[text()='false']"}
COMMAND: POST /session/c0099c8ef87d8f1a9c022bedeb80dcd8/elements - {"using":"xpath","value":"//*[text()='false']"}
RESULT: {"using":"xpath","value":"//*[text()='false']"}
COMMAND: POST /session/c0099c8ef87d8f1a9c022bedeb80dcd8/elements - {"using":"xpath","value":"//*[text()='false']"}
RESULT: {"using":"xpath","value":"//*[text()='false']"}
COMMAND: POST /session/c0099c8ef87d8f1a9c022bedeb80dcd8/elements - {"using":"xpath","value":"//*[text()='false']"}
RESULT: {"using":"xpath","value":"//*[text()='false']"}
COMMAND: POST /session/c0099c8ef87d8f1a9c022bedeb80dcd8/elements - {"using":"xpath","value":"//*[text()='false']"}
RESULT: {"using":"xpath","value":"//*[text()='false']"}
COMMAND: POST /session/c0099c8ef87d8f1a9c022bedeb80dcd8/elements - {"using":"xpath","value":"//*[text()='false']"}
RESULT: {"using":"xpath","value":"//*[text()='false']"}
COMMAND: POST /session/c0099c8ef87d8f1a9c022bedeb80dcd8/elements - {"using":"xpath","value":"//*[text()='false']"}
RESULT: {"using":"xpath","value":"//*[text()='false']"}
COMMAND: POST /session/c0099c8ef87d8f1a9c022bedeb80dcd8/elements - {"using":"xpath","value":"//*[text()='false']"}
RESULT: {"using":"xpath","value":"//*[text()='false']"}
COMMAND: POST /session/c0099c8ef87d8f1a9c022bedeb80dcd8/elements - {"using":"xpath","value":"//*[text()='false']"}
RESULT: {"using":"xpath","value":"//*[text()='false']"}
COMMAND: POST /session/c0099c8ef87d8f1a9c022bedeb80dcd8/elements - {"using":"xpath","value":"//*[text()='false']"}
RESULT: {"using":"xpath","value":"//*[text()='false']"}
COMMAND: POST /session/c0099c8ef87d8f1a9c022bedeb80dcd8/elements - {"using":"xpath","value":"//*[text()='false']"}
RESULT: {"using":"xpath","value":"//*[text()='false']"}
COMMAND: POST /session/c0099c8ef87d8f1a9c022bedeb80dcd8/elements - {"using":"xpath","value":"//*[text()='false']"}
RESULT: {"using":"xpath","value":"//*[text()='false']"}
COMMAND: POST /session/c0099c8ef87d8f1a9c022bedeb80dcd8/elements - {"using":"xpath","value":"//*[text()='false']"}
RESULT: {"using":"xpath","value":"//*[text()='false']"}
COMMAND: POST /session/c0099c8ef87d8f1a9c022bedeb80dcd8/elements - {"using":"xpath","value":"//*[text()='false']"}
RESULT: {"using":"xpath","value":"//*[text()='false']"}
COMMAND: POST /session/c0099c8ef87d8f1a9c022bedeb80dcd8/elements - {"using":"xpath","value":"//*[text()='false']"}
RESULT: {"using":"xpath","value":"//*[text()='false']"}
COMMAND: POST /session/c0099c8ef87d8f1a9c022bedeb80dcd8/elements - {"using":"xpath","value":"//*[text()='false']"}
RESULT: {"using":"xpath","value":"//*[text()='false']"}
COMMAND: POST /session/c0099c8ef87d8f1a9c022bedeb80dcd8/elements - {"using":"xpath","value":"//*[text()='false']"}
RESULT: {"using":"xpath","value":"//*[text()='false']"}
COMMAND: POST /session/c0099c8ef87d8f1a9c022bedeb80dcd8/elements - {"using":"xpath","value":"//*[text()='false']"}
RESULT: {"using":"xpath","value":"//*[text()='false']"}
COMMAND: POST /session/c0099c8ef87d8f1a9c022bedeb80dcd8/elements - {"using":"xpath","value":"//*[text()='false']"}
RESULT: {"using":"xpath","value":"//*[text()='false']"}
COMMAND: POST /session/c0099c8ef87d8f1a9c022bedeb80dcd8/elements - {"using":"xpath","value":"//*[text()='false']"}
RESULT: {"using":"xpath","value":"//*[text()='false']"}
COMMAND: POST /session/c0099c8ef87d8f1a9c022bedeb80dcd8/elements - {"using":"xpath","value":"//*[text()='false']"}
RESULT: {"using":"xpath","value":"//*[text()='false']"}
COMMAND: POST /session/c0099c8ef87d8f1a9c022bedeb80dcd8/elements - {"using":"xpath","value":"//*[text()='false']"}
RESULT: {"using":"xpath","value":"//*[text()='false']"}
COMMAND: POST /session/c0099c8ef87d8f1a9c022bedeb80dcd8/elements - {"using":"xpath","value":"//*[text()='false']"}
RESULT: {"using":"xpath","value":"//*[text()='false']"}
COMMAND: POST /session/c0099c8ef87d8f1a9c022bedeb80dcd8/elements - {"using":"xpath","value":"//*[text()='false']"}
RESULT: {"using":"xpath","value":"//*[text()='false']"}
COMMAND: POST /session/c0099c8ef87d8f1a9c022bedeb80dcd8/elements - {"using":"xpath","value":"//*[text()='false']"}
RESULT: {"using":"xpath","value":"//*[text()='false']"}
COMMAND: POST /session/c0099c8ef87d8f1a9c022bedeb80dcd8/elements - {"using":"xpath","value":"//*[text()='false']"}
RESULT: {"using":"xpath","value":"//*[text()='false']"}
COMMAND: POST /session/c0099c8ef87d8f1a9c022bedeb80dcd8/elements - {"using":"xpath","value":"//*[text()='false']"}
RESULT: {"using":"xpath","value":"//*[text()='false']"}
COMMAND: POST /session/c0099c8ef87d8f1a9c022bedeb80dcd8/elements - {"using":"xpath","value":"//*[text()='false']"}
RESULT: {"using":"xpath","value":"//*[text()='false']"}
COMMAND: POST /session/c0099c8ef87d8f1a9c022bedeb80dcd8/elements - {"using":"xpath","value":"//*[text()='false']"}
RESULT: {"using":"xpath","value":"//*[text()='false']"}
COMMAND: POST /session/c0099c8ef87d8f1a9c022bedeb80dcd8/elements - {"using":"xpath","value":"//*[text()='false']"}
RESULT: {"using":"xpath","value":"//*[text()='false']"}
COMMAND: POST /session/c0099c8ef87d8f1a9c022bedeb80dcd8/elements - {"using":"xpath","value":"//*[text()='false']"}
RESULT: {"using":"xpath","value":"//*[text()='false']"}
COMMAND: POST /session/c0099c8ef87d8f1a9c022bedeb80dcd8/elements - {"using":"xpath","value":"//*[text()='false']"}
RESULT: {"using":"xpath","value":"//*[text()='false']"}
COMMAND: POST /session/c0099c8ef87d8f1a9c022bedeb80dcd8/elements - {"using":"xpath","value":"//*[text()='false']"}
RESULT: {"using":"xpath","value":"//*[text()='false']"}
COMMAND: POST /session/c0099c8ef87d8f1a9c022bedeb80dcd8/elements - {"using":"xpath","value":"//*[text()='false']"}
RESULT: {"using":"xpath","value":"//*[text()='false']"}
COMMAND: POST /session/c0099c8ef87d8f1a9c022bedeb80dcd8/elements - {"using":"xpath","value":"//*[text()='false']"}
RESULT: {"using":"xpath","value":"//*[text()='false']"}
COMMAND: POST /session/c0099c8ef87d8f1a9c022bedeb80dcd8/elements - {"using":"xpath","value":"//*[text()='false']"}
RESULT: {"using":"xpath","value":"//*[text()='false']"}
COMMAND: POST /session/c0099c8ef87d8f1a9c022bedeb80dcd8/elements - {"using":"xpath","value":"//*[text()='false']"}
RESULT: {"using":"xpath","value":"//*[text()='false']"}
COMMAND: POST /session/c0099c8ef87d8f1a9c022bedeb80dcd8/elements - {"using":"xpath","value":"//*[text()='false']"}
RESULT: {"using":"xpath","value":"//*[text()='false']"}
COMMAND: POST /session/c0099c8ef87d8f1a9c022bedeb80dcd8/elements - {"using":"xpath","value":"//*[text()='false']"}
RESULT: {"using":"xpath","value":"//*[text()='false']"}
COMMAND: POST /session/c0099c8ef87d8f1a9c022bedeb80dcd8/elements - {"using":"xpath","value":"//*[text()='false']"}
RESULT: {"using":"xpath","value":"//*[text()='false']"}
COMMAND: POST /session/c0099c8ef87d8f1a9c022bedeb80dcd8/elements - {"using":"xpath","value":"//*[text()='false']"}
RESULT: {"using":"xpath","value":"//*[text()='false']"}
COMMAND: POST /session/c0099c8ef87d8f1a9c022bedeb80dcd8/elements - {"using":"xpath","value":"//*[text()='false']"}
RESULT: {"using":"xpath","value":"//*[text()='false']"}
COMMAND: POST /session/c0099c8ef87d8f1a9c022bedeb80dcd8/elements - {"using":"xpath","value":"//*[text()='false']"}
RESULT: {"using":"xpath","value":"//*[text()='false']"}
COMMAND: POST /session/c0099c8ef87d8f1a9c022bedeb80dcd8/elements - {"using":"xpath","value":"//*[text()='false']"}
RESULT: {"using":"xpath","value":"//*[text()='false']"}
COMMAND: POST /session/c0099c8ef87d8f1a9c022bedeb80dcd8/elements - {"using":"xpath","value":"//*[text()='false']"}
RESULT: {"using":"xpath","value":"//*[text()='false']"}
COMMAND: POST /session/c0099c8ef87d8f1a9c022bedeb80dcd8/elements - {"using":"xpath","value":"//*[text()='false']"}
RESULT: {"using":"xpath","value":"//*[text()='false']"}
COMMAND: POST /session/c0099c8ef87d8f1a9c022bedeb80dcd8/elements - {"using":"xpath","value":"//*[text()='false']"}
RESULT: {"using":"xpath","value":"//*[text()='false']"}
COMMAND: POST /session/c0099c8ef87d8f1a9c022bedeb80dcd8/elements - {"using":"xpath","value":"//*[text()='false']"}
RESULT: {"using":"xpath","value":"//*[text()='false']"}
COMMAND: POST /session/c0099c8ef87d8f1a9c022bedeb80dcd8/elements - {"using":"xpath","value":"//*[text()='false']"}
RESULT: {"using":"xpath","value":"//*[text()='false']"}
COMMAND: POST /session/c0099c8ef87d8f1a9c022bedeb80dcd8/elements - {"using":"xpath","value":"//*[text()='false']"}
RESULT: {"using":"xpath","value":"//*[text()='false']"}
COMMAND: POST /session/c0099c8ef87d8f1a9c022bedeb80dcd8/elements - {"using":"xpath","value":"//*[text()='false']"}
RESULT: {"using":"xpath","value":"//*[text()='false']"}
COMMAND: POST /session/c0099c8ef87d8f1a9c022bedeb80dcd8/elements - {"using":"xpath","value":"//*[text()='false']"}
RESULT: {"using":"xpath","value":"//*[text()='false']"}
COMMAND: POST /session/c0099c8ef87d8f1a9c022bedeb80dcd8/elements - {"using":"xpath","value":"//*[text()='false']"}
RESULT: {"using":"xpath","value":"//*[text()='false']"}
COMMAND: POST /session/c0099c8ef87d8f1a9c022bedeb80dcd8/elements - {"using":"xpath","value":"//*[text()='false']"}
RESULT: {"using":"xpath","value":"//*[text()='false']"}
COMMAND: POST /session/c0099c8ef87d8f1a9c022bedeb80dcd8/elements - {"using":"xpath","value":"//*[text()='false']"}
RESULT: {"using":"xpath","value":"//*[text()='false']"}
COMMAND: POST /session/c0099c8ef87d8f1a9c022bedeb80dcd8/elements - {"using":"xpath","value":"//*[text()='false']"}
RESULT: {"using":"xpath","value":"//*[text()='false']"}
COMMAND: POST /session/c0099c8ef87d8f1a9c022bedeb80dcd8/elements - {"using":"xpath","value":"//*[text()='false']"}
RESULT: {"using":"xpath","value":"//*[text()='false']"}
COMMAND: POST /session/c0099c8ef87d8f1a9c022bedeb80dcd8/elements - {"using":"xpath","value":"//*[text()='false']"}
RESULT: {"using":"xpath","value":"//*[text()='false']"}
COMMAND: POST /session/c0099c8ef87d8f1a9c022bedeb80dcd8/elements - {"using":"xpath","value":"//*[text()='false']"}
RESULT: {"using":"xpath","value":"//*[text()='false']"}
COMMAND: POST /session/c0099c8ef87d8f1a9c022bedeb80dcd8/elements - {"using":"xpath","value":"//*[text()='false']"}
RESULT: {"using":"xpath","value":"//*[text()='false']"}
COMMAND: POST /session/c0099c8ef87d8f1a9c022bedeb80dcd8/elements - {"using":"xpath","value":"//*[text()='false']"}
RESULT: {"using":"xpath","value":"//*[text()='false']"}
COMMAND: POST /session/c0099c8ef87d8f1a9c022bedeb80dcd8/elements - {"using":"xpath","value":"//*[text()='false']"}
RESULT: {"using":"xpath","value":"//*[text()='false']"}
COMMAND: POST /session/c0099c8ef87d8f1a9c022bedeb80dcd8/elements - {"using":"xpath","value":"//*[text()='false']"}
RESULT: {"using":"xpath","value":"//*[text()='false']"}
COMMAND: POST /session/c0099c8ef87d8f1a9c022bedeb80dcd8/elements - {"using":"xpath","value":"//*[text()='false']"}
RESULT: {"using":"xpath","value":"//*[text()='false']"}
COMMAND: POST /session/c0099c8ef87d8f1a9c022bedeb80dcd8/elements - {"using":"xpath","value":"//*[text()='false']"}
RESULT: {"using":"xpath","value":"//*[text()='false']"}
COMMAND: POST /session/c0099c8ef87d8f1a9c022bedeb80dcd8/elements - {"using":"xpath","value":"//*[text()='false']"}
RESULT: {"using":"xpath","value":"//*[text()='false']"}
COMMAND: POST /session/c0099c8ef87d8f1a9c022bedeb80dcd8/elements - {"using":"xpath","value":"//*[text()='false']"}
RESULT: {"using":"xpath","value":"//*[text()='false']"}
COMMAND: POST /session/c0099c8ef87d8f1a9c022bedeb80dcd8/elements - {"using":"xpath","value":"//*[text()='false']"}
RESULT: {"using":"xpath","value":"//*[text()='false']"}
COMMAND: POST /session/c0099c8ef87d8f1a9c022bedeb80dcd8/elements - {"using":"xpath","value":"//*[text()='false']"}
RESULT: {"using":"xpath","value":"//*[text()='false']"}
COMMAND: POST /session/c0099c8ef87d8f1a9c022bedeb80dcd8/elements - {"using":"xpath","value":"//*[text()='false']"}
RESULT: {"using":"xpath","value":"//*[text()='false']"}
COMMAND: POST /session/c0099c8ef87d8f1a9c022bedeb80dcd8/elements - {"using":"xpath","value":"//*[text()='false']"}
RESULT: {"using":"xpath","value":"//*[text()='false']"}
COMMAND: POST /session/c0099c8ef87d8f1a9c022bedeb80dcd8/elements - {"using":"xpath","value":"//*[text()='false']"}
RESULT: {"using":"xpath","value":"//*[text()='false']"}
COMMAND: POST /session/c0099c8ef87d8f1a9c022bedeb80dcd8/elements - {"using":"xpath","value":"//*[text()='false']"}
RESULT: {"using":"xpath","value":"//*[text()='false']"}
COMMAND: POST /session/c0099c8ef87d8f1a9c022bedeb80dcd8/elements - {"using":"xpath","value":"//*[text()='false']"}
RESULT: {"using":"xpath","value":"//*[text()='false']"}
COMMAND: POST /session/c0099c8ef87d8f1a9c022bedeb80dcd8/elements - {"using":"xpath","value":"//*[text()='false']"}
RESULT: {"using":"xpath","value":"//*[text()='false']"}
COMMAND: POST /session/c0099c8ef87d8f1a9c022bedeb80dcd8/elements - {"using":"xpath","value":"//*[text()='false']"}
RESULT: {"using":"xpath","value":"//*[text()='false']"}
COMMAND: POST /session/c0099c8ef87d8f1a9c022bedeb80dcd8/elements - {"using":"xpath","value":"//*[text()='false']"}
RESULT: {"using":"xpath","value":"//*[text()='false']"}
COMMAND: POST /session/c0099c8ef87d8f1a9c022bedeb80dcd8/elements - {"using":"xpath","value":"//*[text()='false']"}
RESULT: {"using":"xpath","value":"//*[text()='false']"}
COMMAND: POST /session/c0099c8ef87d8f1a9c022bedeb80dcd8/elements - {"using":"xpath","value":"//*[text()='false']"}
RESULT: {"using":"xpath","value":"//*[text()='false']"}
COMMAND: POST /session/c0099c8ef87d8f1a9c022bedeb80dcd8/elements - {"using":"xpath","value":"//*[text()='false']"}
RESULT: {"using":"xpath","value":"//*[text()='false']"}
COMMAND: POST /session/c0099c8ef87d8f1a9c022bedeb80dcd8/elements - {"using":"xpath","value":"//*[text()='false']"}
RESULT: {"using":"xpath","value":"//*[text()='false']"}
COMMAND: POST /session/c0099c8ef87d8f1a9c022bedeb80dcd8/elements - {"using":"xpath","value":"//*[text()='false']"}
RESULT: {"using":"xpath","value":"//*[text()='false']"}
COMMAND: POST /session/c0099c8ef87d8f1a9c022bedeb80dcd8/elements - {"using":"xpath","value":"//*[text()='false']"}
RESULT: {"using":"xpath","value":"//*[text()='false']"}
COMMAND: POST /session/c0099c8ef87d8f1a9c022bedeb80dcd8/elements - {"using":"xpath","value":"//*[text()='false']"}
COMMAND: POST /session/c0099c8ef87d8f1a9c022bedeb80dcd8/element - {"using":"xpath","value":"//span[text()='Provide to site - Completed']"}
RESULT: {"using":"xpath","value":"//*[text()='false']"}
RESULT: {"using":"xpath","value":"//span[text()='Provide to site - Completed']"}
COMMAND: POST /session/c0099c8ef87d8f1a9c022bedeb80dcd8/elements - {"using":"xpath","value":"//span[text()='Provide to site - Completed']"}
RESULT: {"using":"xpath","value":"//span[text()='Provide to site - Completed']"}
COMMAND: POST /session/c0099c8ef87d8f1a9c022bedeb80dcd8/elements - {"using":"xpath","value":"//span[text()='Provide to site - Completed']"}
RESULT: {"using":"xpath","value":"//span[text()='Provide to site - Completed']"}
COMMAND: POST /session/c0099c8ef87d8f1a9c022bedeb80dcd8/elements - {"using":"xpath","value":"//span[text()='Provide to site - Completed']"}
RESULT: {"using":"xpath","value":"//span[text()='Provide to site - Completed']"}
COMMAND: POST /session/c0099c8ef87d8f1a9c022bedeb80dcd8/elements - {"using":"xpath","value":"//span[text()='Provide to site - Completed']"}
RESULT: {"using":"xpath","value":"//span[text()='Provide to site - Completed']"}
COMMAND: POST /session/c0099c8ef87d8f1a9c022bedeb80dcd8/elements - {"using":"xpath","value":"//span[text()='Provide to site - Completed']"}
RESULT: {"using":"xpath","value":"//span[text()='Provide to site - Completed']"}
COMMAND: POST /session/c0099c8ef87d8f1a9c022bedeb80dcd8/elements - {"using":"xpath","value":"//span[text()='Provide to site - Completed']"}
RESULT: {"using":"xpath","value":"//span[text()='Provide to site - Completed']"}
COMMAND: POST /session/c0099c8ef87d8f1a9c022bedeb80dcd8/elements - {"using":"xpath","value":"//span[text()='Provide to site - Completed']"}
RESULT: {"using":"xpath","value":"//span[text()='Provide to site - Completed']"}
COMMAND: POST /session/c0099c8ef87d8f1a9c022bedeb80dcd8/elements - {"using":"xpath","value":"//span[text()='Provide to site - Completed']"}
RESULT: {"using":"xpath","value":"//span[text()='Provide to site - Completed']"}
COMMAND: POST /session/c0099c8ef87d8f1a9c022bedeb80dcd8/elements - {"using":"xpath","value":"//span[text()='Provide to site - Completed']"}
RESULT: {"using":"xpath","value":"//span[text()='Provide to site - Completed']"}
COMMAND: POST /session/c0099c8ef87d8f1a9c022bedeb80dcd8/elements - {"using":"xpath","value":"//span[text()='Provide to site - Completed']"}
RESULT: {"using":"xpath","value":"//span[text()='Provide to site - Completed']"}
COMMAND: POST /session/c0099c8ef87d8f1a9c022bedeb80dcd8/elements - {"using":"xpath","value":"//span[text()='Provide to site - Completed']"}
RESULT: {"using":"xpath","value":"//span[text()='Provide to site - Completed']"}
COMMAND: POST /session/c0099c8ef87d8f1a9c022bedeb80dcd8/elements - {"using":"xpath","value":"//span[text()='Provide to site - Completed']"}
RESULT: {"using":"xpath","value":"//span[text()='Provide to site - Completed']"}
COMMAND: POST /session/c0099c8ef87d8f1a9c022bedeb80dcd8/elements - {"using":"xpath","value":"//span[text()='Provide to site - Completed']"}
RESULT: {"using":"xpath","value":"//span[text()='Provide to site - Completed']"}
COMMAND: POST /session/c0099c8ef87d8f1a9c022bedeb80dcd8/elements - {"using":"xpath","value":"//span[text()='Provide to site - Completed']"}
RESULT: {"using":"xpath","value":"//span[text()='Provide to site - Completed']"}
COMMAND: POST /session/c0099c8ef87d8f1a9c022bedeb80dcd8/elements - {"using":"xpath","value":"//span[text()='Provide to site - Completed']"}
RESULT: {"using":"xpath","value":"//span[text()='Provide to site - Completed']"}
COMMAND: POST /session/c0099c8ef87d8f1a9c022bedeb80dcd8/elements - {"using":"xpath","value":"//span[text()='Provide to site - Completed']"}
RESULT: {"using":"xpath","value":"//span[text()='Provide to site - Completed']"}
COMMAND: POST /session/c0099c8ef87d8f1a9c022bedeb80dcd8/elements - {"using":"xpath","value":"//span[text()='Provide to site - Completed']"}
RESULT: {"using":"xpath","value":"//span[text()='Provide to site - Completed']"}
COMMAND: POST /session/c0099c8ef87d8f1a9c022bedeb80dcd8/elements - {"using":"xpath","value":"//span[text()='Provide to site - Completed']"}
RESULT: {"using":"xpath","value":"//span[text()='Provide to site - Completed']"}
COMMAND: POST /session/c0099c8ef87d8f1a9c022bedeb80dcd8/elements - {"using":"xpath","value":"//span[text()='Provide to site - Completed']"}
RESULT: {"using":"xpath","value":"//span[text()='Provide to site - Completed']"}
COMMAND: POST /session/c0099c8ef87d8f1a9c022bedeb80dcd8/elements - {"using":"xpath","value":"//span[text()='Provide to site - Completed']"}
RESULT: {"using":"xpath","value":"//span[text()='Provide to site - Completed']"}
COMMAND: POST /session/c0099c8ef87d8f1a9c022bedeb80dcd8/elements - {"using":"xpath","value":"//span[text()='Provide to site - Completed']"}
RESULT: {"using":"xpath","value":"//span[text()='Provide to site - Completed']"}
COMMAND: POST /session/c0099c8ef87d8f1a9c022bedeb80dcd8/elements - {"using":"xpath","value":"//span[text()='Provide to site - Completed']"}
RESULT: {"using":"xpath","value":"//span[text()='Provide to site - Completed']"}
COMMAND: POST /session/c0099c8ef87d8f1a9c022bedeb80dcd8/elements - {"using":"xpath","value":"//span[text()='Provide to site - Completed']"}
RESULT: {"using":"xpath","value":"//span[text()='Provide to site - Completed']"}
COMMAND: POST /session/c0099c8ef87d8f1a9c022bedeb80dcd8/elements - {"using":"xpath","value":"//span[text()='Provide to site - Completed']"}
RESULT: {"using":"xpath","value":"//span[text()='Provide to site - Completed']"}
COMMAND: POST /session/c0099c8ef87d8f1a9c022bedeb80dcd8/elements - {"using":"xpath","value":"//span[text()='Provide to site - Completed']"}
RESULT: {"using":"xpath","value":"//span[text()='Provide to site - Completed']"}
COMMAND: POST /session/c0099c8ef87d8f1a9c022bedeb80dcd8/elements - {"using":"xpath","value":"//span[text()='Provide to site - Completed']"}
RESULT: {"using":"xpath","value":"//span[text()='Provide to site - Completed']"}
COMMAND: POST /session/c0099c8ef87d8f1a9c022bedeb80dcd8/elements - {"using":"xpath","value":"//span[text()='Provide to site - Completed']"}
RESULT: {"using":"xpath","value":"//span[text()='Provide to site - Completed']"}
COMMAND: POST /session/c0099c8ef87d8f1a9c022bedeb80dcd8/elements - {"using":"xpath","value":"//span[text()='Provide to site - Completed']"}
RESULT: {"using":"xpath","value":"//span[text()='Provide to site - Completed']"}
COMMAND: POST /session/c0099c8ef87d8f1a9c022bedeb80dcd8/elements - {"using":"xpath","value":"//span[text()='Provide to site - Completed']"}
RESULT: {"using":"xpath","value":"//span[text()='Provide to site - Completed']"}
COMMAND: POST /session/c0099c8ef87d8f1a9c022bedeb80dcd8/elements - {"using":"xpath","value":"//span[text()='Provide to site - Completed']"}
RESULT: {"using":"xpath","value":"//span[text()='Provide to site - Completed']"}
COMMAND: POST /session/c0099c8ef87d8f1a9c022bedeb80dcd8/elements - {"using":"xpath","value":"//span[text()='Provide to site - Completed']"}
RESULT: {"using":"xpath","value":"//span[text()='Provide to site - Completed']"}
COMMAND: POST /session/c0099c8ef87d8f1a9c022bedeb80dcd8/elements - {"using":"xpath","value":"//span[text()='Provide to site - Completed']"}
RESULT: {"using":"xpath","value":"//span[text()='Provide to site - Completed']"}
COMMAND: POST /session/c0099c8ef87d8f1a9c022bedeb80dcd8/elements - {"using":"xpath","value":"//span[text()='Provide to site - Completed']"}
RESULT: {"using":"xpath","value":"//span[text()='Provide to site - Completed']"}
COMMAND: POST /session/c0099c8ef87d8f1a9c022bedeb80dcd8/elements - {"using":"xpath","value":"//span[text()='Provide to site - Completed']"}
RESULT: {"using":"xpath","value":"//span[text()='Provide to site - Completed']"}
COMMAND: POST /session/c0099c8ef87d8f1a9c022bedeb80dcd8/elements - {"using":"xpath","value":"//span[text()='Provide to site - Completed']"}
RESULT: {"using":"xpath","value":"//span[text()='Provide to site - Completed']"}
COMMAND: POST /session/c0099c8ef87d8f1a9c022bedeb80dcd8/elements - {"using":"xpath","value":"//span[text()='Provide to site - Completed']"}
RESULT: {"using":"xpath","value":"//span[text()='Provide to site - Completed']"}
COMMAND: POST /session/c0099c8ef87d8f1a9c022bedeb80dcd8/elements - {"using":"xpath","value":"//span[text()='Provide to site - Completed']"}
RESULT: {"using":"xpath","value":"//span[text()='Provide to site - Completed']"}
COMMAND: POST /session/c0099c8ef87d8f1a9c022bedeb80dcd8/elements - {"using":"xpath","value":"//span[text()='Provide to site - Completed']"}
RESULT: {"using":"xpath","value":"//span[text()='Provide to site - Completed']"}
COMMAND: POST /session/c0099c8ef87d8f1a9c022bedeb80dcd8/elements - {"using":"xpath","value":"//span[text()='Provide to site - Completed']"}
RESULT: {"using":"xpath","value":"//span[text()='Provide to site - Completed']"}
COMMAND: POST /session/c0099c8ef87d8f1a9c022bedeb80dcd8/elements - {"using":"xpath","value":"//span[text()='Provide to site - Completed']"}
RESULT: {"using":"xpath","value":"//span[text()='Provide to site - Completed']"}
COMMAND: POST /session/c0099c8ef87d8f1a9c022bedeb80dcd8/elements - {"using":"xpath","value":"//span[text()='Provide to site - Completed']"}
RESULT: {"using":"xpath","value":"//span[text()='Provide to site - Completed']"}
COMMAND: POST /session/c0099c8ef87d8f1a9c022bedeb80dcd8/elements - {"using":"xpath","value":"//span[text()='Provide to site - Completed']"}
RESULT: {"using":"xpath","value":"//span[text()='Provide to site - Completed']"}
COMMAND: POST /session/c0099c8ef87d8f1a9c022bedeb80dcd8/elements - {"using":"xpath","value":"//span[text()='Provide to site - Completed']"}
RESULT: {"using":"xpath","value":"//span[text()='Provide to site - Completed']"}
COMMAND: POST /session/c0099c8ef87d8f1a9c022bedeb80dcd8/elements - {"using":"xpath","value":"//span[text()='Provide to site - Completed']"}
RESULT: {"using":"xpath","value":"//span[text()='Provide to site - Completed']"}
COMMAND: POST /session/c0099c8ef87d8f1a9c022bedeb80dcd8/elements - {"using":"xpath","value":"//span[text()='Provide to site - Completed']"}
RESULT: {"using":"xpath","value":"//span[text()='Provide to site - Completed']"}
COMMAND: POST /session/c0099c8ef87d8f1a9c022bedeb80dcd8/elements - {"using":"xpath","value":"//span[text()='Provide to site - Completed']"}
RESULT: {"using":"xpath","value":"//span[text()='Provide to site - Completed']"}
COMMAND: POST /session/c0099c8ef87d8f1a9c022bedeb80dcd8/elements - {"using":"xpath","value":"//span[text()='Provide to site - Completed']"}
RESULT: {"using":"xpath","value":"//span[text()='Provide to site - Completed']"}
COMMAND: POST /session/c0099c8ef87d8f1a9c022bedeb80dcd8/elements - {"using":"xpath","value":"//span[text()='Provide to site - Completed']"}
RESULT: {"using":"xpath","value":"//span[text()='Provide to site - Completed']"}
COMMAND: POST /session/c0099c8ef87d8f1a9c022bedeb80dcd8/elements - {"using":"xpath","value":"//span[text()='Provide to site - Completed']"}
RESULT: {"using":"xpath","value":"//span[text()='Provide to site - Completed']"}
COMMAND: POST /session/c0099c8ef87d8f1a9c022bedeb80dcd8/elements - {"using":"xpath","value":"//span[text()='Provide to site - Completed']"}
RESULT: {"using":"xpath","value":"//span[text()='Provide to site - Completed']"}
COMMAND: POST /session/c0099c8ef87d8f1a9c022bedeb80dcd8/elements - {"using":"xpath","value":"//span[text()='Provide to site - Completed']"}
RESULT: {"using":"xpath","value":"//span[text()='Provide to site - Completed']"}
COMMAND: POST /session/c0099c8ef87d8f1a9c022bedeb80dcd8/elements - {"using":"xpath","value":"//span[text()='Provide to site - Completed']"}
RESULT: {"using":"xpath","value":"//span[text()='Provide to site - Completed']"}
COMMAND: POST /session/c0099c8ef87d8f1a9c022bedeb80dcd8/elements - {"using":"xpath","value":"//span[text()='Provide to site - Completed']"}
RESULT: {"using":"xpath","value":"//span[text()='Provide to site - Completed']"}
COMMAND: POST /session/c0099c8ef87d8f1a9c022bedeb80dcd8/elements - {"using":"xpath","value":"//span[text()='Provide to site - Completed']"}
RESULT: {"using":"xpath","value":"//span[text()='Provide to site - Completed']"}
COMMAND: POST /session/c0099c8ef87d8f1a9c022bedeb80dcd8/elements - {"using":"xpath","value":"//span[text()='Provide to site - Completed']"}
RESULT: {"using":"xpath","value":"//span[text()='Provide to site - Completed']"}
COMMAND: POST /session/c0099c8ef87d8f1a9c022bedeb80dcd8/elements - {"using":"xpath","value":"//span[text()='Provide to site - Completed']"}
RESULT: {"using":"xpath","value":"//span[text()='Provide to site - Completed']"}
COMMAND: POST /session/c0099c8ef87d8f1a9c022bedeb80dcd8/elements - {"using":"xpath","value":"//span[text()='Provide to site - Completed']"}
RESULT: {"using":"xpath","value":"//span[text()='Provide to site - Completed']"}
COMMAND: POST /session/c0099c8ef87d8f1a9c022bedeb80dcd8/elements - {"using":"xpath","value":"//span[text()='Provide to site - Completed']"}
RESULT: {"using":"xpath","value":"//span[text()='Provide to site - Completed']"}
COMMAND: POST /session/c0099c8ef87d8f1a9c022bedeb80dcd8/elements - {"using":"xpath","value":"//span[text()='Provide to site - Completed']"}
RESULT: {"using":"xpath","value":"//span[text()='Provide to site - Completed']"}
COMMAND: POST /session/c0099c8ef87d8f1a9c022bedeb80dcd8/elements - {"using":"xpath","value":"//span[text()='Provide to site - Completed']"}
RESULT: {"using":"xpath","value":"//span[text()='Provide to site - Completed']"}
COMMAND: POST /session/c0099c8ef87d8f1a9c022bedeb80dcd8/elements - {"using":"xpath","value":"//span[text()='Provide to site - Completed']"}
RESULT: {"using":"xpath","value":"//span[text()='Provide to site - Completed']"}
COMMAND: POST /session/c0099c8ef87d8f1a9c022bedeb80dcd8/elements - {"using":"xpath","value":"//span[text()='Provide to site - Completed']"}
RESULT: {"using":"xpath","value":"//span[text()='Provide to site - Completed']"}
COMMAND: POST /session/c0099c8ef87d8f1a9c022bedeb80dcd8/elements - {"using":"xpath","value":"//span[text()='Provide to site - Completed']"}
RESULT: {"using":"xpath","value":"//span[text()='Provide to site - Completed']"}
COMMAND: POST /session/c0099c8ef87d8f1a9c022bedeb80dcd8/elements - {"using":"xpath","value":"//span[text()='Provide to site - Completed']"}
RESULT: {"using":"xpath","value":"//span[text()='Provide to site - Completed']"}
COMMAND: POST /session/c0099c8ef87d8f1a9c022bedeb80dcd8/elements - {"using":"xpath","value":"//span[text()='Provide to site - Completed']"}
RESULT: {"using":"xpath","value":"//span[text()='Provide to site - Completed']"}
COMMAND: POST /session/c0099c8ef87d8f1a9c022bedeb80dcd8/elements - {"using":"xpath","value":"//span[text()='Provide to site - Completed']"}
RESULT: {"using":"xpath","value":"//span[text()='Provide to site - Completed']"}
COMMAND: POST /session/c0099c8ef87d8f1a9c022bedeb80dcd8/elements - {"using":"xpath","value":"//span[text()='Provide to site - Completed']"}
RESULT: {"using":"xpath","value":"//span[text()='Provide to site - Completed']"}
COMMAND: POST /session/c0099c8ef87d8f1a9c022bedeb80dcd8/elements - {"using":"xpath","value":"//span[text()='Provide to site - Completed']"}
RESULT: {"using":"xpath","value":"//span[text()='Provide to site - Completed']"}
COMMAND: POST /session/c0099c8ef87d8f1a9c022bedeb80dcd8/elements - {"using":"xpath","value":"//span[text()='Provide to site - Completed']"}
RESULT: {"using":"xpath","value":"//span[text()='Provide to site - Completed']"}
COMMAND: POST /session/c0099c8ef87d8f1a9c022bedeb80dcd8/elements - {"using":"xpath","value":"//span[text()='Provide to site - Completed']"}
RESULT: {"using":"xpath","value":"//span[text()='Provide to site - Completed']"}
COMMAND: POST /session/c0099c8ef87d8f1a9c022bedeb80dcd8/elements - {"using":"xpath","value":"//span[text()='Provide to site - Completed']"}
RESULT: {"using":"xpath","value":"//span[text()='Provide to site - Completed']"}
COMMAND: POST /session/c0099c8ef87d8f1a9c022bedeb80dcd8/elements - {"using":"xpath","value":"//span[text()='Provide to site - Completed']"}
RESULT: {"using":"xpath","value":"//span[text()='Provide to site - Completed']"}
COMMAND: POST /session/c0099c8ef87d8f1a9c022bedeb80dcd8/elements - {"using":"xpath","value":"//span[text()='Provide to site - Completed']"}
RESULT: {"using":"xpath","value":"//span[text()='Provide to site - Completed']"}
COMMAND: POST /session/c0099c8ef87d8f1a9c022bedeb80dcd8/elements - {"using":"xpath","value":"//span[text()='Provide to site - Completed']"}
RESULT: {"using":"xpath","value":"//span[text()='Provide to site - Completed']"}
COMMAND: POST /session/c0099c8ef87d8f1a9c022bedeb80dcd8/elements - {"using":"xpath","value":"//span[text()='Provide to site - Completed']"}
RESULT: {"using":"xpath","value":"//span[text()='Provide to site - Completed']"}
COMMAND: POST /session/c0099c8ef87d8f1a9c022bedeb80dcd8/elements - {"using":"xpath","value":"//span[text()='Provide to site - Completed']"}
RESULT: {"using":"xpath","value":"//span[text()='Provide to site - Completed']"}
COMMAND: POST /session/c0099c8ef87d8f1a9c022bedeb80dcd8/elements - {"using":"xpath","value":"//span[text()='Provide to site - Completed']"}
RESULT: {"using":"xpath","value":"//span[text()='Provide to site - Completed']"}
COMMAND: POST /session/c0099c8ef87d8f1a9c022bedeb80dcd8/elements - {"using":"xpath","value":"//span[text()='Provide to site - Completed']"}
RESULT: {"using":"xpath","value":"//span[text()='Provide to site - Completed']"}
COMMAND: POST /session/c0099c8ef87d8f1a9c022bedeb80dcd8/elements - {"using":"xpath","value":"//span[text()='Provide to site - Completed']"}
RESULT: {"using":"xpath","value":"//span[text()='Provide to site - Completed']"}
COMMAND: POST /session/c0099c8ef87d8f1a9c022bedeb80dcd8/elements - {"using":"xpath","value":"//span[text()='Provide to site - Completed']"}
RESULT: {"using":"xpath","value":"//span[text()='Provide to site - Completed']"}
COMMAND: POST /session/c0099c8ef87d8f1a9c022bedeb80dcd8/elements - {"using":"xpath","value":"//span[text()='Provide to site - Completed']"}
RESULT: {"using":"xpath","value":"//span[text()='Provide to site - Completed']"}
COMMAND: POST /session/c0099c8ef87d8f1a9c022bedeb80dcd8/elements - {"using":"xpath","value":"//span[text()='Provide to site - Completed']"}
RESULT: {"using":"xpath","value":"//span[text()='Provide to site - Completed']"}
COMMAND: POST /session/c0099c8ef87d8f1a9c022bedeb80dcd8/elements - {"using":"xpath","value":"//span[text()='Provide to site - Completed']"}
RESULT: {"using":"xpath","value":"//span[text()='Provide to site - Completed']"}
COMMAND: POST /session/c0099c8ef87d8f1a9c022bedeb80dcd8/elements - {"using":"xpath","value":"//span[text()='Provide to site - Completed']"}
RESULT: {"using":"xpath","value":"//span[text()='Provide to site - Completed']"}
COMMAND: POST /session/c0099c8ef87d8f1a9c022bedeb80dcd8/elements - {"using":"xpath","value":"//span[text()='Provide to site - Completed']"}
RESULT: {"using":"xpath","value":"//span[text()='Provide to site - Completed']"}
COMMAND: POST /session/c0099c8ef87d8f1a9c022bedeb80dcd8/elements - {"using":"xpath","value":"//span[text()='Provide to site - Completed']"}
RESULT: {"using":"xpath","value":"//span[text()='Provide to site - Completed']"}
COMMAND: POST /session/c0099c8ef87d8f1a9c022bedeb80dcd8/elements - {"using":"xpath","value":"//span[text()='Provide to site - Completed']"}
RESULT: {"using":"xpath","value":"//span[text()='Provide to site - Completed']"}
COMMAND: POST /session/c0099c8ef87d8f1a9c022bedeb80dcd8/elements - {"using":"xpath","value":"//span[text()='Provide to site - Completed']"}
RESULT: {"using":"xpath","value":"//span[text()='Provide to site - Completed']"}
COMMAND: POST /session/c0099c8ef87d8f1a9c022bedeb80dcd8/elements - {"using":"xpath","value":"//span[text()='Provide to site - Completed']"}
RESULT: {"using":"xpath","value":"//span[text()='Provide to site - Completed']"}
COMMAND: POST /session/c0099c8ef87d8f1a9c022bedeb80dcd8/elements - {"using":"xpath","value":"//span[text()='Provide to site - Completed']"}
RESULT: {"using":"xpath","value":"//span[text()='Provide to site - Completed']"}
COMMAND: POST /session/c0099c8ef87d8f1a9c022bedeb80dcd8/elements - {"using":"xpath","value":"//span[text()='Provide to site - Completed']"}
COMMAND: POST /session/c0099c8ef87d8f1a9c022bedeb80dcd8/execute/async - {"script":"<script> [1562 bytes]","args":[{"selector":{"controlType":"sap.m.Button","viewName":"etm.portal.ui.managehandovers.view.DetailExecuteHO","i18NText":{"propertyName":"text","key":"pickQty"},"interaction":{"idSuffix":"BDI-content"}},"wdio_ui5_key":"etmportal.ui.managehandovers.view.DetailExecuteHOsap.m.Button{\"propertyName\":\"text\",\"key\":\"pickQty\"}"}]}
RESULT: {"using":"xpath","value":"//span[text()='Provide to site - Completed']"}
RESULT: {"script":"<script> [1562 bytes]","args":[{"selector":{"controlType":"sap.m.Button","viewName":"etm.portal.ui.managehandovers.view.DetailExecuteHO","i18NText":{"propertyName":"text","key":"pickQty"},"interaction":{"idSuffix":"BDI-content"}},"wdio_ui5_key":"etmportal.ui.managehandovers.view.DetailExecuteHOsap.m.Button{\"propertyName\":\"text\",\"key\":\"pickQty\"}"}]}
RESULT: undefined
COMMAND: POST /session/c0099c8ef87d8f1a9c022bedeb80dcd8/execute/async - {"script":"<script> [1562 bytes]","args":[{"selector":{"controlType":"sap.m.Link","viewName":"etm.portal.ui.managehandovers.view.DetailExecuteHO","bindingPath":{"path":"","propertyPath":"/wmDoc","modelName":"warehouseMovModel"}},"wdio_ui5_key":"etmportal.ui.managehandovers.view.DetailExecuteHOsap.m.Link{\"path\":\"\",\"propertyPath\":\"/wmDoc\",\"modelName\":\"warehouseMovModel\"}"}]}
RESULT: {"script":"<script> [1562 bytes]","args":[{"selector":{"controlType":"sap.m.Link","viewName":"etm.portal.ui.managehandovers.view.DetailExecuteHO","bindingPath":{"path":"","propertyPath":"/wmDoc","modelName":"warehouseMovModel"}},"wdio_ui5_key":"etmportal.ui.managehandovers.view.DetailExecuteHOsap.m.Link{\"path\":\"\",\"propertyPath\":\"/wmDoc\",\"modelName\":\"warehouseMovModel\"}"}]}
RESULT: undefined
COMMAND: POST /session/c0099c8ef87d8f1a9c022bedeb80dcd8/execute/async - {"script":"<script> [1562 bytes]","args":[{"selector":{"controlType":"sap.m.Link","viewName":"etm.portal.ui.managehandovers.view.DetailExecuteHO","properties":{"text":"Warehouse Overview"},"searchOpenDialogs":true},"wdio_ui5_key":"etmportal.ui.managehandovers.view.DetailExecuteHOsap.m.Link{\"text\":\"Warehouse Overview\"}"}]}
RESULT: {"script":"<script> [1562 bytes]","args":[{"selector":{"controlType":"sap.m.Link","viewName":"etm.portal.ui.managehandovers.view.DetailExecuteHO","properties":{"text":"Warehouse Overview"},"searchOpenDialogs":true},"wdio_ui5_key":"etmportal.ui.managehandovers.view.DetailExecuteHOsap.m.Link{\"text\":\"Warehouse Overview\"}"}]}
RESULT: undefined
COMMAND: POST /session/c0099c8ef87d8f1a9c022bedeb80dcd8/execute/async - {"script":"<script> [1562 bytes]","args":[{"selector":{"controlType":"sap.m.Button","viewName":"etm.portal.ui.warehousemovements.view.DisplayMovement","viewId":"application-warehousemovements-display-component---displayMovement","i18NText":{"propertyName":"text","key":"execution"},"interaction":{"idSuffix":"BDI-content"}},"wdio_ui5_key":"etmportal.ui.warehousemovements.view.DisplayMovementsap.m.Button{\"propertyName\":\"text\",\"key\":\"execution\"}"}]}
RESULT: {"script":"<script> [1562 bytes]","args":[{"selector":{"controlType":"sap.m.Button","viewName":"etm.portal.ui.warehousemovements.view.DisplayMovement","viewId":"application-warehousemovements-display-component---displayMovement","i18NText":{"propertyName":"text","key":"execution"},"interaction":{"idSuffix":"BDI-content"}},"wdio_ui5_key":"etmportal.ui.warehousemovements.view.DisplayMovementsap.m.Button{\"propertyName\":\"text\",\"key\":\"execution\"}"}]}
RESULT: undefined
COMMAND: POST /session/c0099c8ef87d8f1a9c022bedeb80dcd8/execute/async - {"script":"<script> [1562 bytes]","args":[{"selector":{"controlType":"sap.m.Button","viewName":"etm.portal.ui.warehousemovements.view.ExecuteMovement","viewId":"application-warehousemovements-display-component---executeMovement","properties":{"text":"Items"},"interaction":{"idSuffix":"BDI-content"}},"wdio_ui5_key":"etmportal.ui.warehousemovements.view.ExecuteMovementsap.m.Button{\"text\":\"Items\"}"}]}
RESULT: {"script":"<script> [1562 bytes]","args":[{"selector":{"controlType":"sap.m.Button","viewName":"etm.portal.ui.warehousemovements.view.ExecuteMovement","viewId":"application-warehousemovements-display-component---executeMovement","properties":{"text":"Items"},"interaction":{"idSuffix":"BDI-content"}},"wdio_ui5_key":"etmportal.ui.warehousemovements.view.ExecuteMovementsap.m.Button{\"text\":\"Items\"}"}]}
RESULT: undefined
COMMAND: POST /session/c0099c8ef87d8f1a9c022bedeb80dcd8/execute/async - {"script":"<script> [1562 bytes]","args":[{"selector":{"controlType":"sap.m.ToggleButton","viewName":"etm.portal.ui.warehousemovements.view.ExecuteMovement","viewId":"application-warehousemovements-display-component---executeMovement","bindingPath":{"propertyPath":"STATUS","modelName":"catalogModel"},"interaction":{"idSuffix":"BDI-content"}},"wdio_ui5_key":"etmportal.ui.warehousemovements.view.ExecuteMovementsap.m.ToggleButton{\"propertyPath\":\"STATUS\",\"modelName\":\"catalogModel\"}"}]}
RESULT: {"script":"<script> [1562 bytes]","args":[{"selector":{"controlType":"sap.m.ToggleButton","viewName":"etm.portal.ui.warehousemovements.view.ExecuteMovement","viewId":"application-warehousemovements-display-component---executeMovement","bindingPath":{"propertyPath":"STATUS","modelName":"catalogModel"},"interaction":{"idSuffix":"BDI-content"}},"wdio_ui5_key":"etmportal.ui.warehousemovements.view.ExecuteMovementsap.m.ToggleButton{\"propertyPath\":\"STATUS\",\"modelName\":\"catalogModel\"}"}]}
RESULT: undefined
RESULT: undefined
RESULT: undefined
COMMAND: POST /session/c0099c8ef87d8f1a9c022bedeb80dcd8/execute/async - {"script":"<script> [1562 bytes]","args":[{"selector":{"id":"application-warehousemovements-display-component---executeMovement--executeId","interaction":{"idSuffix":"BDI-content"}},"wdio_ui5_key":"applicationwarehousemovements-display-component---executeMovement--executeId"}]}
RESULT: {"script":"<script> [1562 bytes]","args":[{"selector":{"id":"application-warehousemovements-display-component---executeMovement--executeId","interaction":{"idSuffix":"BDI-content"}},"wdio_ui5_key":"applicationwarehousemovements-display-component---executeMovement--executeId"}]}
RESULT: undefined
COMMAND: POST /session/c0099c8ef87d8f1a9c022bedeb80dcd8/element - {"using":"css selector","value":"#shell-header-logo"}
RESULT: {"using":"css selector","value":"#shell-header-logo"}
COMMAND: POST /session/c0099c8ef87d8f1a9c022bedeb80dcd8/element/f.37E7500FB3BEF60B72C91044CCDB3F00.d.0D8EA436B787686C6E85A8C8038BA2C3.e.10815/click - {}
RESULT: {}
COMMAND: GET /session/c0099c8ef87d8f1a9c022bedeb80dcd8/screenshot - {}
RESULT: {}
RESULT: undefined
COMMAND: POST /session/c0099c8ef87d8f1a9c022bedeb80dcd8/execute/async - {"script":"<script> [1562 bytes]","args":[{"selector":{"controlType":"sap.m.SearchField","viewName":"etm.portal.ui.managehandovers.view.MasterHO","bindingPath":{"propertyPath":"/_BASIC_SEARCH_FIELD","modelName":"fi1t3rM0d31"},"interaction":{"idSuffix":"I"}},"wdio_ui5_key":"etmportal.ui.managehandovers.view.MasterHOsap.m.SearchField{\"propertyPath\":\"/_BASIC_SEARCH_FIELD\",\"modelName\":\"fi1t3rM0d31\"}"}]}
RESULT: {"script":"<script> [1562 bytes]","args":[{"selector":{"controlType":"sap.m.SearchField","viewName":"etm.portal.ui.managehandovers.view.MasterHO","bindingPath":{"propertyPath":"/_BASIC_SEARCH_FIELD","modelName":"fi1t3rM0d31"},"interaction":{"idSuffix":"I"}},"wdio_ui5_key":"etmportal.ui.managehandovers.view.MasterHOsap.m.SearchField{\"propertyPath\":\"/_BASIC_SEARCH_FIELD\",\"modelName\":\"fi1t3rM0d31\"}"}]}
RESULT: undefined
COMMAND: POST /session/c0099c8ef87d8f1a9c022bedeb80dcd8/actions - {"actions":[{"id":"action52","type":"key","parameters":{},"actions":[{"type":"keyDown","value":"î€‡"},{"type":"pause","duration":10},{"type":"keyUp","value":"î€‡"}]}]}
RESULT: {"actions":[{"id":"action52","type":"key","parameters":{},"actions":[{"type":"keyDown","value":"î€‡"},{"type":"pause","duration":10},{"type":"keyUp","value":"î€‡"}]}]}
COMMAND: GET /session/c0099c8ef87d8f1a9c022bedeb80dcd8/screenshot - {}
RESULT: {}
COMMAND: POST /session/c0099c8ef87d8f1a9c022bedeb80dcd8/execute/async - {"script":"<script> [1562 bytes]","args":[{"selector":{"controlType":"sap.ui.core.Icon","viewName":"etm.portal.ui.managehandovers.view.MasterHO","properties":{"src":{"regex":{"source":"slim\\-arrow\\-right"}}}},"wdio_ui5_key":"etmportal.ui.managehandovers.view.MasterHOsap.ui.core.Icon{\"src\":{\"regex\":{\"source\":\"slim\\\\-arrow\\\\-right\"}}}"}]}
RESULT: {"script":"<script> [1562 bytes]","args":[{"selector":{"controlType":"sap.ui.core.Icon","viewName":"etm.portal.ui.managehandovers.view.MasterHO","properties":{"src":{"regex":{"source":"slim\\-arrow\\-right"}}}},"wdio_ui5_key":"etmportal.ui.managehandovers.view.MasterHOsap.ui.core.Icon{\"src\":{\"regex\":{\"source\":\"slim\\\\-arrow\\\\-right\"}}}"}]}
RESULT: undefined
COMMAND: POST /session/c0099c8ef87d8f1a9c022bedeb80dcd8/execute/async - {"script":"<script> [1562 bytes]","args":[{"selector":{"controlType":"sap.m.Button","viewName":"etm.portal.ui.managehandovers.view.DetailExecuteHO","i18NText":{"propertyName":"text","key":"confirmAll"},"interaction":{"idSuffix":"BDI-content"}},"wdio_ui5_key":"etmportal.ui.managehandovers.view.DetailExecuteHOsap.m.Button{\"propertyName\":\"text\",\"key\":\"confirmAll\"}"}]}
RESULT: {"script":"<script> [1562 bytes]","args":[{"selector":{"controlType":"sap.m.Button","viewName":"etm.portal.ui.managehandovers.view.DetailExecuteHO","i18NText":{"propertyName":"text","key":"confirmAll"},"interaction":{"idSuffix":"BDI-content"}},"wdio_ui5_key":"etmportal.ui.managehandovers.view.DetailExecuteHOsap.m.Button{\"propertyName\":\"text\",\"key\":\"confirmAll\"}"}]}
RESULT: undefined
COMMAND: POST /session/c0099c8ef87d8f1a9c022bedeb80dcd8/actions - {"actions":[{"id":"action53","type":"key","parameters":{},"actions":[{"type":"keyDown","value":"î€‡"},{"type":"pause","duration":10},{"type":"keyUp","value":"î€‡"}]}]}
RESULT: {"actions":[{"id":"action53","type":"key","parameters":{},"actions":[{"type":"keyDown","value":"î€‡"},{"type":"pause","duration":10},{"type":"keyUp","value":"î€‡"}]}]}
COMMAND: GET /session/c0099c8ef87d8f1a9c022bedeb80dcd8/screenshot - {}
RESULT: {}
COMMAND: POST /session/c0099c8ef87d8f1a9c022bedeb80dcd8/execute/async - {"script":"<script> [1562 bytes]","args":[{"selector":{"id":"confirmationButton","viewName":"etm.portal.ui.managehandovers.view.DetailExecuteHO","properties":{"text":"Issue"},"interaction":{"idSuffix":"BDI-content"}},"wdio_ui5_key":"confirmationButtonetmportal.ui.managehandovers.view.DetailExecuteHO{\"text\":\"Issue\"}"}]}
RESULT: {"script":"<script> [1562 bytes]","args":[{"selector":{"id":"confirmationButton","viewName":"etm.portal.ui.managehandovers.view.DetailExecuteHO","properties":{"text":"Issue"},"interaction":{"idSuffix":"BDI-content"}},"wdio_ui5_key":"confirmationButtonetmportal.ui.managehandovers.view.DetailExecuteHO{\"text\":\"Issue\"}"}]}
RESULT: undefined
RESULT: undefined
COMMAND: POST /session/c0099c8ef87d8f1a9c022bedeb80dcd8/actions - {"actions":[{"id":"action54","type":"key","parameters":{},"actions":[{"type":"keyDown","value":"î€‡"},{"type":"pause","duration":10},{"type":"keyUp","value":"î€‡"}]}]}
RESULT: {"actions":[{"id":"action54","type":"key","parameters":{},"actions":[{"type":"keyDown","value":"î€‡"},{"type":"pause","duration":10},{"type":"keyUp","value":"î€‡"}]}]}
COMMAND: GET /session/c0099c8ef87d8f1a9c022bedeb80dcd8/screenshot - {}
RESULT: {}
RESULT: undefined
COMMAND: POST /session/c0099c8ef87d8f1a9c022bedeb80dcd8/execute/async - {"script":"<script> [1562 bytes]","args":[{"selector":{"id":"instructionsTabFilter","viewName":"etm.portal.ui.managehandovers.view.DetailExecuteHO","interaction":{"idSuffix":"text"}},"wdio_ui5_key":"instructionsTabFilteretmportal.ui.managehandovers.view.DetailExecuteHO"}]}
RESULT: {"script":"<script> [1562 bytes]","args":[{"selector":{"id":"instructionsTabFilter","viewName":"etm.portal.ui.managehandovers.view.DetailExecuteHO","interaction":{"idSuffix":"text"}},"wdio_ui5_key":"instructionsTabFilteretmportal.ui.managehandovers.view.DetailExecuteHO"}]}
RESULT: undefined
RESULT: undefined
COMMAND: POST /session/c0099c8ef87d8f1a9c022bedeb80dcd8/execute/async - {"script":"<script> [1562 bytes]","args":[{"selector":{"controlType":"sap.m.ComboBox","viewName":"etm.portal.ui.managehandovers.view.DetailExecuteHO","bindingPath":{"propertyPath":"RECEIVING_SECTION","modelName":"catalogModel"},"interaction":{"idSuffix":"inner"}},"wdio_ui5_key":"etmportal.ui.managehandovers.view.DetailExecuteHOsap.m.ComboBox{\"propertyPath\":\"RECEIVING_SECTION\",\"modelName\":\"catalogModel\"}"}]}
RESULT: {"script":"<script> [1562 bytes]","args":[{"selector":{"controlType":"sap.m.ComboBox","viewName":"etm.portal.ui.managehandovers.view.DetailExecuteHO","bindingPath":{"propertyPath":"RECEIVING_SECTION","modelName":"catalogModel"},"interaction":{"idSuffix":"inner"}},"wdio_ui5_key":"etmportal.ui.managehandovers.view.DetailExecuteHOsap.m.ComboBox{\"propertyPath\":\"RECEIVING_SECTION\",\"modelName\":\"catalogModel\"}"}]}
RESULT: undefined
COMMAND: POST /session/c0099c8ef87d8f1a9c022bedeb80dcd8/actions - {"actions":[{"id":"action55","type":"key","parameters":{},"actions":[{"type":"keyDown","value":"î€‡"},{"type":"pause","duration":10},{"type":"keyUp","value":"î€‡"}]}]}
RESULT: {"actions":[{"id":"action55","type":"key","parameters":{},"actions":[{"type":"keyDown","value":"î€‡"},{"type":"pause","duration":10},{"type":"keyUp","value":"î€‡"}]}]}
COMMAND: GET /session/c0099c8ef87d8f1a9c022bedeb80dcd8/screenshot - {}
RESULT: {}
COMMAND: POST /session/c0099c8ef87d8f1a9c022bedeb80dcd8/execute/async - {"script":"<script> [1562 bytes]","args":[{"selector":{"id":"confirmationButton","viewName":"etm.portal.ui.managehandovers.view.DetailExecuteHO","properties":{"text":"Receive"},"interaction":{"idSuffix":"BDI-content"}},"wdio_ui5_key":"confirmationButtonetmportal.ui.managehandovers.view.DetailExecuteHO{\"text\":\"Receive\"}"}]}
RESULT: {"script":"<script> [1562 bytes]","args":[{"selector":{"id":"confirmationButton","viewName":"etm.portal.ui.managehandovers.view.DetailExecuteHO","properties":{"text":"Receive"},"interaction":{"idSuffix":"BDI-content"}},"wdio_ui5_key":"confirmationButtonetmportal.ui.managehandovers.view.DetailExecuteHO{\"text\":\"Receive\"}"}]}
RESULT: undefined
COMMAND: POST /session/c0099c8ef87d8f1a9c022bedeb80dcd8/execute/async - {"script":"<script> [1562 bytes]","args":[{"selector":{"controlType":"sap.m.Button","properties":{"text":"Continue"},"searchOpenDialogs":true,"interaction":{"idSuffix":"content"}},"wdio_ui5_key":"sapm.Button{\"text\":\"Continue\"}"}]}
RESULT: {"script":"<script> [1562 bytes]","args":[{"selector":{"controlType":"sap.m.Button","properties":{"text":"Continue"},"searchOpenDialogs":true,"interaction":{"idSuffix":"content"}},"wdio_ui5_key":"sapm.Button{\"text\":\"Continue\"}"}]}
RESULT: undefined
COMMAND: POST /session/c0099c8ef87d8f1a9c022bedeb80dcd8/element - {"using":"css selector","value":"#j_username"}
COMMAND: POST /session/c0099c8ef87d8f1a9c022bedeb80dcd8/url - {"url":"https://qa-testing-00-live-etm-ui.cfapps.eu10-004.hana.ondemand.com/"}
COMMAND: GET /session/c0099c8ef87d8f1a9c022bedeb80dcd8/screenshot - {}
RESULT: {"using":"css selector","value":"#j_username"}
COMMAND: POST /session/c0099c8ef87d8f1a9c022bedeb80dcd8/element - {"using":"css selector","value":"#j_username"}
RESULT: {"url":"https://qa-testing-00-live-etm-ui.cfapps.eu10-004.hana.ondemand.com/"}
RESULT: undefined
COMMAND: GET /session/c0099c8ef87d8f1a9c022bedeb80dcd8/screenshot - {}
RESULT: {}
RESULT: {"using":"css selector","value":"#j_username"}
COMMAND: POST /session/c0099c8ef87d8f1a9c022bedeb80dcd8/element - {"using":"css selector","value":"#shell-header-logo"}
RESULT: {}
RESULT: {"using":"css selector","value":"#shell-header-logo"}
COMMAND: POST /session/c0099c8ef87d8f1a9c022bedeb80dcd8/execute/sync - {"script":"<script> [8489 bytes]","args":[{"element-6066-11e4-a52e-4f735466cecf":"f.37E7500FB3BEF60B72C91044CCDB3F00.d.AF9B8CAC7F7CE40E3C00123A506C4B53.e.11500","ELEMENT":"f.37E7500FB3BEF60B72C91044CCDB3F00.d.AF9B8CAC7F7CE40E3C00123A506C4B53.e.11500"}]}
RESULT: {"script":"<script> [8489 bytes]","args":[{"element-6066-11e4-a52e-4f735466cecf":"f.37E7500FB3BEF60B72C91044CCDB3F00.d.AF9B8CAC7F7CE40E3C00123A506C4B53.e.11500","ELEMENT":"f.37E7500FB3BEF60B72C91044CCDB3F00.d.AF9B8CAC7F7CE40E3C00123A506C4B53.e.11500"}]}
COMMAND: POST /session/c0099c8ef87d8f1a9c022bedeb80dcd8/element - {"using":"css selector","value":"#shell-header-logo"}
COMMAND: GET /session/c0099c8ef87d8f1a9c022bedeb80dcd8/screenshot - {}
RESULT: {"using":"css selector","value":"#shell-header-logo"}
COMMAND: POST /session/c0099c8ef87d8f1a9c022bedeb80dcd8/execute/sync - {"script":"<script> [8489 bytes]","args":[{"element-6066-11e4-a52e-4f735466cecf":"f.37E7500FB3BEF60B72C91044CCDB3F00.d.AF9B8CAC7F7CE40E3C00123A506C4B53.e.11500","ELEMENT":"f.37E7500FB3BEF60B72C91044CCDB3F00.d.AF9B8CAC7F7CE40E3C00123A506C4B53.e.11500"}]}
RESULT: {}
RESULT: {"script":"<script> [8489 bytes]","args":[{"element-6066-11e4-a52e-4f735466cecf":"f.37E7500FB3BEF60B72C91044CCDB3F00.d.AF9B8CAC7F7CE40E3C00123A506C4B53.e.11500","ELEMENT":"f.37E7500FB3BEF60B72C91044CCDB3F00.d.AF9B8CAC7F7CE40E3C00123A506C4B53.e.11500"}]}
COMMAND: POST /session/c0099c8ef87d8f1a9c022bedeb80dcd8/execute/sync - {"script":"<script> [5351 bytes]","args":[{"element-6066-11e4-a52e-4f735466cecf":"f.37E7500FB3BEF60B72C91044CCDB3F00.d.AF9B8CAC7F7CE40E3C00123A506C4B53.e.11500","ELEMENT":"f.37E7500FB3BEF60B72C91044CCDB3F00.d.AF9B8CAC7F7CE40E3C00123A506C4B53.e.11500"}]}
COMMAND: GET /session/c0099c8ef87d8f1a9c022bedeb80dcd8/screenshot - {}
RESULT: {"script":"<script> [5351 bytes]","args":[{"element-6066-11e4-a52e-4f735466cecf":"f.37E7500FB3BEF60B72C91044CCDB3F00.d.AF9B8CAC7F7CE40E3C00123A506C4B53.e.11500","ELEMENT":"f.37E7500FB3BEF60B72C91044CCDB3F00.d.AF9B8CAC7F7CE40E3C00123A506C4B53.e.11500"}]}
COMMAND: POST /session/c0099c8ef87d8f1a9c022bedeb80dcd8/element - {"using":"css selector","value":"#shell-header-logo"}
COMMAND: GET /session/c0099c8ef87d8f1a9c022bedeb80dcd8/screenshot - {}
RESULT: {}
RESULT: {"using":"css selector","value":"#shell-header-logo"}
COMMAND: POST /session/c0099c8ef87d8f1a9c022bedeb80dcd8/element/f.37E7500FB3BEF60B72C91044CCDB3F00.d.AF9B8CAC7F7CE40E3C00123A506C4B53.e.11500/click - {}
RESULT: {}
RESULT: {}
COMMAND: GET /session/c0099c8ef87d8f1a9c022bedeb80dcd8/screenshot - {}
RESULT: {}
COMMAND: POST /session/c0099c8ef87d8f1a9c022bedeb80dcd8/execute/async - {"script":"<script> [189 bytes]","args":[]}
RESULT: {"script":"<script> [189 bytes]","args":[]}
COMMAND: POST /session/c0099c8ef87d8f1a9c022bedeb80dcd8/execute/async - {"script":"<script> [123 bytes]","args":[]}
RESULT: {"script":"<script> [123 bytes]","args":[]}
COMMAND: POST /session/c0099c8ef87d8f1a9c022bedeb80dcd8/timeouts - {"script":"<number>"}
RESULT: {"script":"<number>"}
COMMAND: GET /session/c0099c8ef87d8f1a9c022bedeb80dcd8/timeouts - {}
RESULT: {}
RESULT: undefined
COMMAND: POST /session/c0099c8ef87d8f1a9c022bedeb80dcd8/execute/async - {"script":"<script> [2676 bytes]","args":[]}
RESULT: {"script":"<script> [2676 bytes]","args":[]}
COMMAND: POST /session/c0099c8ef87d8f1a9c022bedeb80dcd8/execute/async - {"script":"<script> [2342 bytes]","args":[{"protocol":"http","hostname":"0.0.0.0","path":"/","capabilities":{"browserName":"chrome","goog:chromeOptions":{"binary":"C:\\Program Files\\Google\\Chrome\\Application\\chrome.exe","args":["--start-maximized"]}},"logLevel":"warn","connectionRetryTimeout":120000,"connectionRetryCount":3,"logLevels":{},"enableDirectConnect":true,"strictSSL":true,"_":"65 more keys: [\"cacheDir\",\"port\",\"requestedCapabilities\",\"automationProtocol\",\"baseUrl\",\"waitforInterval\",\"waitforTimeout\",\"onReload\",\"beforeCommand\",\"afterCommand\",\"rootDir\",\"specs\",\"suites\",\"exclude\",\"groupLogsByTestSpec\",\"excludeDriverLogs\",\"bail\",\"framework\",\"reporters\",\"services\",\"maxInstances\",\"maxInstancesPerCapability\",\"injectGlobals\",\"filesToWatch\",\"execArgv\",\"runnerEnv\",\"runner\",\"shard\",\"specFileRetries\",\"specFileRetriesDelay\",\"specFileRetriesDeferred\",\"reporterSyncInterval\",\"reporterSyncTimeout\",\"cucumberFeaturesWithLineNumbers\",\"autoCompileOpts\",\"mochaOpts\",\"jasmineOpts\",\"cucumberOpts\",\"onPrepare\",\"onWorkerStart\",\"onWorkerEnd\",\"before\",\"beforeSession\",\"beforeSuite\",\"beforeHook\",\"beforeTest\",\"afterTest\",\"afterHook\",\"afterSuite\",\"afterSession\",\"after\",\"onComplete\",\"beforeAssertion\",\"afterAssertion\",\"beforeFeature\",\"beforeScenario\",\"beforeStep\",\"afterStep\",\"afterScenario\",\"afterFeature\",\"_\",\"suite\",\"$0\",\"ignoredWorkerServices\",\"wdi5\"]"}]}
RESULT: {"script":"<script> [2342 bytes]","args":[{"protocol":"http","hostname":"0.0.0.0","path":"/","capabilities":{"browserName":"chrome","goog:chromeOptions":{"binary":"C:\\Program Files\\Google\\Chrome\\Application\\chrome.exe","args":["--start-maximized"]}},"logLevel":"warn","connectionRetryTimeout":120000,"connectionRetryCount":3,"logLevels":{},"enableDirectConnect":true,"strictSSL":true,"_":"65 more keys: [\"cacheDir\",\"port\",\"requestedCapabilities\",\"automationProtocol\",\"baseUrl\",\"waitforInterval\",\"waitforTimeout\",\"onReload\",\"beforeCommand\",\"afterCommand\",\"rootDir\",\"specs\",\"suites\",\"exclude\",\"groupLogsByTestSpec\",\"excludeDriverLogs\",\"bail\",\"framework\",\"reporters\",\"services\",\"maxInstances\",\"maxInstancesPerCapability\",\"injectGlobals\",\"filesToWatch\",\"execArgv\",\"runnerEnv\",\"runner\",\"shard\",\"specFileRetries\",\"specFileRetriesDelay\",\"specFileRetriesDeferred\",\"reporterSyncInterval\",\"reporterSyncTimeout\",\"cucumberFeaturesWithLineNumbers\",\"autoCompileOpts\",\"mochaOpts\",\"jasmineOpts\",\"cucumberOpts\",\"onPrepare\",\"onWorkerStart\",\"onWorkerEnd\",\"before\",\"beforeSession\",\"beforeSuite\",\"beforeHook\",\"beforeTest\",\"afterTest\",\"afterHook\",\"afterSuite\",\"afterSession\",\"after\",\"onComplete\",\"beforeAssertion\",\"afterAssertion\",\"beforeFeature\",\"beforeScenario\",\"beforeStep\",\"afterStep\",\"afterScenario\",\"afterFeature\",\"_\",\"suite\",\"$0\",\"ignoredWorkerServices\",\"wdi5\"]"}]}
COMMAND: POST /session/c0099c8ef87d8f1a9c022bedeb80dcd8/execute/async - {"script":"<script> [21126 bytes]","args":[35000]}
RESULT: {"script":"<script> [21126 bytes]","args":[35000]}
COMMAND: POST /session/c0099c8ef87d8f1a9c022bedeb80dcd8/window/maximize - {}
RESULT: {}
COMMAND: POST /session/c0099c8ef87d8f1a9c022bedeb80dcd8/execute/async - {"script":"<script> [1562 bytes]","args":[{"selector":{"id":"shell-header","interaction":{"idSuffix":"icon"}},"wdio_ui5_key":"shellheader"}]}
COMMAND: GET /session/c0099c8ef87d8f1a9c022bedeb80dcd8/screenshot - {}
RESULT: {"script":"<script> [1562 bytes]","args":[{"selector":{"id":"shell-header","interaction":{"idSuffix":"icon"}},"wdio_ui5_key":"shellheader"}]}
RESULT: undefined
]]></system-out>
    </testcase>
  </testsuite>
  <testsuite timestamp="2025-05-02T17:27:37" time="374.918" tests="6" failures="0" errors="0" skipped="0">
    <properties>
      <property name="specId" value="0" />
      <property name="suiteName" value="Return from Site w/ warehouse management w/ clarification US125588" />
      <property name="capabilities" value="chrome.135_0_7049_96.windows" />
      <property name="file" value="file:///D:/a/1/s/test/specs/HTR/return-from-site-w-warehouse-management-w-clarification.spec.js" />
    </properties>
    <testcase classname="chrome.135_0_7049_96.windows.Return_from_Site_w/_warehouse_management_w/_clarification_US125588" name="Should create a WHM yard" time="87.177">
      <system-out><![CDATA[
COMMAND: POST /session/c0099c8ef87d8f1a9c022bedeb80dcd8/execute/async - {"script":"<script> [1562 bytes]","args":[{"selector":{"controlType":"sap.m.GenericTile","properties":{"header":"Manage Yards"}},"wdio_ui5_key":"sapm.GenericTile{\"header\":\"Manage Yards\"}"}]}
RESULT: {}
RESULT: {"script":"<script> [1562 bytes]","args":[{"selector":{"controlType":"sap.m.GenericTile","properties":{"header":"Manage Yards"}},"wdio_ui5_key":"sapm.GenericTile{\"header\":\"Manage Yards\"}"}]}
RESULT: undefined
COMMAND: POST /session/c0099c8ef87d8f1a9c022bedeb80dcd8/element - {"using":"xpath","value":"//*[@id=\"__tile41\"]"}
RESULT: {"using":"xpath","value":"//*[@id=\"__tile41\"]"}
COMMAND: POST /session/c0099c8ef87d8f1a9c022bedeb80dcd8/element/f.37E7500FB3BEF60B72C91044CCDB3F00.d.AF9B8CAC7F7CE40E3C00123A506C4B53.e.11505/click - {}
RESULT: {}
COMMAND: POST /session/c0099c8ef87d8f1a9c022bedeb80dcd8/execute/async - {"script":"<script> [1562 bytes]","args":[{"selector":{"controlType":"sap.ui.core.Icon","viewName":"etm.portal.ui.manageyards.view.Master","viewId":"application-manageyards-display-component---masterYard","properties":{"src":{"regex":{"source":"add"}}}},"wdio_ui5_key":"etmportal.ui.manageyards.view.Mastersap.ui.core.Icon{\"src\":{\"regex\":{\"source\":\"add\"}}}"}]}
COMMAND: GET /session/c0099c8ef87d8f1a9c022bedeb80dcd8/screenshot - {}
RESULT: {"script":"<script> [1562 bytes]","args":[{"selector":{"controlType":"sap.ui.core.Icon","viewName":"etm.portal.ui.manageyards.view.Master","viewId":"application-manageyards-display-component---masterYard","properties":{"src":{"regex":{"source":"add"}}}},"wdio_ui5_key":"etmportal.ui.manageyards.view.Mastersap.ui.core.Icon{\"src\":{\"regex\":{\"source\":\"add\"}}}"}]}
RESULT: undefined
COMMAND: POST /session/c0099c8ef87d8f1a9c022bedeb80dcd8/element - {"using":"xpath","value":"//*[@id=\"__button4-img\"]"}
RESULT: {}
RESULT: {"using":"xpath","value":"//*[@id=\"__button4-img\"]"}
COMMAND: POST /session/c0099c8ef87d8f1a9c022bedeb80dcd8/element/f.37E7500FB3BEF60B72C91044CCDB3F00.d.AF9B8CAC7F7CE40E3C00123A506C4B53.e.11551/click - {}
RESULT: {}
COMMAND: POST /session/c0099c8ef87d8f1a9c022bedeb80dcd8/execute/async - {"script":"<script> [1562 bytes]","args":[{"selector":{"id":"application-manageyards-display-component---NewYard--addressDetailDetailsName1","interaction":{"idSuffix":"inner"}},"wdio_ui5_key":"applicationmanageyards-display-component---NewYard--addressDetailDetailsName1"}]}
COMMAND: GET /session/c0099c8ef87d8f1a9c022bedeb80dcd8/screenshot - {}
RESULT: {"script":"<script> [1562 bytes]","args":[{"selector":{"id":"application-manageyards-display-component---NewYard--addressDetailDetailsName1","interaction":{"idSuffix":"inner"}},"wdio_ui5_key":"applicationmanageyards-display-component---NewYard--addressDetailDetailsName1"}]}
RESULT: undefined
COMMAND: POST /session/c0099c8ef87d8f1a9c022bedeb80dcd8/execute/async - {"script":"<script> [776 bytes]","args":[{"enterText":"warehouse managed Yard","selector":{"id":"application-manageyards-display-component---NewYard--addressDetailDetailsName1","interaction":{"idSuffix":"inner"}},"clearTextFirst":true,"interactionType":"ENTER_TEXT"}]}
RESULT: {}
RESULT: {"script":"<script> [776 bytes]","args":[{"enterText":"warehouse managed Yard","selector":{"id":"application-manageyards-display-component---NewYard--addressDetailDetailsName1","interaction":{"idSuffix":"inner"}},"clearTextFirst":true,"interactionType":"ENTER_TEXT"}]}
COMMAND: POST /session/c0099c8ef87d8f1a9c022bedeb80dcd8/execute/async - {"script":"<script> [1562 bytes]","args":[{"selector":{"id":"application-manageyards-display-component---NewYard--addressDetailDetailsLanguage-arrow"},"wdio_ui5_key":"applicationmanageyards-display-component---NewYard--addressDetailDetailsLanguage-arrow"}]}
RESULT: {"script":"<script> [1562 bytes]","args":[{"selector":{"id":"application-manageyards-display-component---NewYard--addressDetailDetailsLanguage-arrow"},"wdio_ui5_key":"applicationmanageyards-display-component---NewYard--addressDetailDetailsLanguage-arrow"}]}
RESULT: undefined
COMMAND: POST /session/c0099c8ef87d8f1a9c022bedeb80dcd8/element - {"using":"xpath","value":"//*[@id=\"application-manageyards-display-component---NewYard--addressDetailDetailsLanguage-arrow\"]"}
RESULT: {"using":"xpath","value":"//*[@id=\"application-manageyards-display-component---NewYard--addressDetailDetailsLanguage-arrow\"]"}
COMMAND: POST /session/c0099c8ef87d8f1a9c022bedeb80dcd8/element/f.37E7500FB3BEF60B72C91044CCDB3F00.d.AF9B8CAC7F7CE40E3C00123A506C4B53.e.11966/click - {}
RESULT: {}
COMMAND: POST /session/c0099c8ef87d8f1a9c022bedeb80dcd8/execute/async - {"script":"<script> [1562 bytes]","args":[{"selector":{"controlType":"sap.m.StandardListItem","viewName":"etm.portal.ui.manageyards.view.New","viewId":"application-manageyards-display-component---NewYard","properties":{"title":"English"},"searchOpenDialogs":true,"interaction":{"idSuffix":"content"}},"wdio_ui5_key":"etmportal.ui.manageyards.view.Newsap.m.StandardListItem{\"title\":\"English\"}"}]}
COMMAND: GET /session/c0099c8ef87d8f1a9c022bedeb80dcd8/screenshot - {}
RESULT: {"script":"<script> [1562 bytes]","args":[{"selector":{"controlType":"sap.m.StandardListItem","viewName":"etm.portal.ui.manageyards.view.New","viewId":"application-manageyards-display-component---NewYard","properties":{"title":"English"},"searchOpenDialogs":true,"interaction":{"idSuffix":"content"}},"wdio_ui5_key":"etmportal.ui.manageyards.view.Newsap.m.StandardListItem{\"title\":\"English\"}"}]}
RESULT: undefined
COMMAND: POST /session/c0099c8ef87d8f1a9c022bedeb80dcd8/element - {"using":"xpath","value":"//*[@id=\"__item101\"]"}
RESULT: {}
RESULT: {"using":"xpath","value":"//*[@id=\"__item101\"]"}
COMMAND: POST /session/c0099c8ef87d8f1a9c022bedeb80dcd8/element/f.37E7500FB3BEF60B72C91044CCDB3F00.d.AF9B8CAC7F7CE40E3C00123A506C4B53.e.11968/click - {}
RESULT: {}
COMMAND: POST /session/c0099c8ef87d8f1a9c022bedeb80dcd8/execute/async - {"script":"<script> [1562 bytes]","args":[{"selector":{"id":"application-manageyards-display-component---NewYard--addressDetailDetailsCity1","interaction":{"idSuffix":"inner"}},"wdio_ui5_key":"applicationmanageyards-display-component---NewYard--addressDetailDetailsCity1"}]}
COMMAND: GET /session/c0099c8ef87d8f1a9c022bedeb80dcd8/screenshot - {}
RESULT: {"script":"<script> [1562 bytes]","args":[{"selector":{"id":"application-manageyards-display-component---NewYard--addressDetailDetailsCity1","interaction":{"idSuffix":"inner"}},"wdio_ui5_key":"applicationmanageyards-display-component---NewYard--addressDetailDetailsCity1"}]}
RESULT: undefined
COMMAND: POST /session/c0099c8ef87d8f1a9c022bedeb80dcd8/execute/async - {"script":"<script> [776 bytes]","args":[{"enterText":"Rosario","selector":{"id":"application-manageyards-display-component---NewYard--addressDetailDetailsCity1","interaction":{"idSuffix":"inner"}},"clearTextFirst":true,"interactionType":"ENTER_TEXT"}]}
RESULT: {}
RESULT: {"script":"<script> [776 bytes]","args":[{"enterText":"Rosario","selector":{"id":"application-manageyards-display-component---NewYard--addressDetailDetailsCity1","interaction":{"idSuffix":"inner"}},"clearTextFirst":true,"interactionType":"ENTER_TEXT"}]}
COMMAND: POST /session/c0099c8ef87d8f1a9c022bedeb80dcd8/execute/async - {"script":"<script> [1562 bytes]","args":[{"selector":{"id":"application-manageyards-display-component---NewYard--addressDetailDetailsCountry-arrow"},"wdio_ui5_key":"applicationmanageyards-display-component---NewYard--addressDetailDetailsCountry-arrow"}]}
RESULT: {"script":"<script> [1562 bytes]","args":[{"selector":{"id":"application-manageyards-display-component---NewYard--addressDetailDetailsCountry-arrow"},"wdio_ui5_key":"applicationmanageyards-display-component---NewYard--addressDetailDetailsCountry-arrow"}]}
RESULT: undefined
COMMAND: POST /session/c0099c8ef87d8f1a9c022bedeb80dcd8/element - {"using":"xpath","value":"//*[@id=\"application-manageyards-display-component---NewYard--addressDetailDetailsCountry-arrow\"]"}
RESULT: {"using":"xpath","value":"//*[@id=\"application-manageyards-display-component---NewYard--addressDetailDetailsCountry-arrow\"]"}
COMMAND: POST /session/c0099c8ef87d8f1a9c022bedeb80dcd8/element/f.37E7500FB3BEF60B72C91044CCDB3F00.d.AF9B8CAC7F7CE40E3C00123A506C4B53.e.11951/click - {}
RESULT: {}
COMMAND: POST /session/c0099c8ef87d8f1a9c022bedeb80dcd8/execute/async - {"script":"<script> [1562 bytes]","args":[{"selector":{"controlType":"sap.m.StandardListItem","viewName":"etm.portal.ui.manageyards.view.New","viewId":"application-manageyards-display-component---NewYard","properties":{"title":"Argentina"},"searchOpenDialogs":true,"interaction":{"idSuffix":"content"}},"wdio_ui5_key":"etmportal.ui.manageyards.view.Newsap.m.StandardListItem{\"title\":\"Argentina\"}"}]}
COMMAND: GET /session/c0099c8ef87d8f1a9c022bedeb80dcd8/screenshot - {}
RESULT: {"script":"<script> [1562 bytes]","args":[{"selector":{"controlType":"sap.m.StandardListItem","viewName":"etm.portal.ui.manageyards.view.New","viewId":"application-manageyards-display-component---NewYard","properties":{"title":"Argentina"},"searchOpenDialogs":true,"interaction":{"idSuffix":"content"}},"wdio_ui5_key":"etmportal.ui.manageyards.view.Newsap.m.StandardListItem{\"title\":\"Argentina\"}"}]}
RESULT: undefined
COMMAND: POST /session/c0099c8ef87d8f1a9c022bedeb80dcd8/element - {"using":"xpath","value":"//*[@id=\"__item144\"]"}
RESULT: {}
RESULT: {"using":"xpath","value":"//*[@id=\"__item144\"]"}
COMMAND: POST /session/c0099c8ef87d8f1a9c022bedeb80dcd8/element/f.37E7500FB3BEF60B72C91044CCDB3F00.d.AF9B8CAC7F7CE40E3C00123A506C4B53.e.11972/click - {}
RESULT: {}
COMMAND: POST /session/c0099c8ef87d8f1a9c022bedeb80dcd8/execute/async - {"script":"<script> [1562 bytes]","args":[{"selector":{"controlType":"sap.m.Button","viewName":"etm.portal.ui.manageyards.view.New","viewId":"application-manageyards-display-component---NewYard","properties":{"text":"Commercial"},"interaction":{"idSuffix":"BDI-content"}},"wdio_ui5_key":"etmportal.ui.manageyards.view.Newsap.m.Button{\"text\":\"Commercial\"}"}]}
COMMAND: GET /session/c0099c8ef87d8f1a9c022bedeb80dcd8/screenshot - {}
RESULT: {"script":"<script> [1562 bytes]","args":[{"selector":{"controlType":"sap.m.Button","viewName":"etm.portal.ui.manageyards.view.New","viewId":"application-manageyards-display-component---NewYard","properties":{"text":"Commercial"},"interaction":{"idSuffix":"BDI-content"}},"wdio_ui5_key":"etmportal.ui.manageyards.view.Newsap.m.Button{\"text\":\"Commercial\"}"}]}
RESULT: undefined
COMMAND: POST /session/c0099c8ef87d8f1a9c022bedeb80dcd8/element - {"using":"xpath","value":"//*[@id=\"application-manageyards-display-component---NewYard--ObjectPageLayout-anchBar-__section5-anchor\"]"}
RESULT: {}
RESULT: {"using":"xpath","value":"//*[@id=\"application-manageyards-display-component---NewYard--ObjectPageLayout-anchBar-__section5-anchor\"]"}
COMMAND: POST /session/c0099c8ef87d8f1a9c022bedeb80dcd8/element/f.37E7500FB3BEF60B72C91044CCDB3F00.d.AF9B8CAC7F7CE40E3C00123A506C4B53.e.11974/click - {}
RESULT: {}
COMMAND: GET /session/c0099c8ef87d8f1a9c022bedeb80dcd8/screenshot - {}
RESULT: {}
COMMAND: POST /session/c0099c8ef87d8f1a9c022bedeb80dcd8/execute/async - {"script":"<script> [1562 bytes]","args":[{"selector":{"id":"application-manageyards-display-component---NewYard--addressEditDetailsCostObjectCstType-arrow"},"wdio_ui5_key":"applicationmanageyards-display-component---NewYard--addressEditDetailsCostObjectCstType-arrow"}]}
RESULT: {"script":"<script> [1562 bytes]","args":[{"selector":{"id":"application-manageyards-display-component---NewYard--addressEditDetailsCostObjectCstType-arrow"},"wdio_ui5_key":"applicationmanageyards-display-component---NewYard--addressEditDetailsCostObjectCstType-arrow"}]}
RESULT: undefined
COMMAND: POST /session/c0099c8ef87d8f1a9c022bedeb80dcd8/element - {"using":"xpath","value":"//*[@id=\"application-manageyards-display-component---NewYard--addressEditDetailsCostObjectCstType-arrow\"]"}
RESULT: {"using":"xpath","value":"//*[@id=\"application-manageyards-display-component---NewYard--addressEditDetailsCostObjectCstType-arrow\"]"}
COMMAND: POST /session/c0099c8ef87d8f1a9c022bedeb80dcd8/element/f.37E7500FB3BEF60B72C91044CCDB3F00.d.AF9B8CAC7F7CE40E3C00123A506C4B53.e.11982/click - {}
RESULT: {}
COMMAND: GET /session/c0099c8ef87d8f1a9c022bedeb80dcd8/screenshot - {}
RESULT: {}
COMMAND: POST /session/c0099c8ef87d8f1a9c022bedeb80dcd8/execute/async - {"script":"<script> [1562 bytes]","args":[{"selector":{"controlType":"sap.m.StandardListItem","viewName":"etm.portal.ui.manageyards.view.New","viewId":"application-manageyards-display-component---NewYard","properties":{"title":"Cost Center"},"searchOpenDialogs":true,"interaction":{"idSuffix":"titleText"}},"wdio_ui5_key":"etmportal.ui.manageyards.view.Newsap.m.StandardListItem{\"title\":\"Cost Center\"}"}]}
RESULT: {"script":"<script> [1562 bytes]","args":[{"selector":{"controlType":"sap.m.StandardListItem","viewName":"etm.portal.ui.manageyards.view.New","viewId":"application-manageyards-display-component---NewYard","properties":{"title":"Cost Center"},"searchOpenDialogs":true,"interaction":{"idSuffix":"titleText"}},"wdio_ui5_key":"etmportal.ui.manageyards.view.Newsap.m.StandardListItem{\"title\":\"Cost Center\"}"}]}
RESULT: undefined
COMMAND: POST /session/c0099c8ef87d8f1a9c022bedeb80dcd8/element - {"using":"xpath","value":"//*[@id=\"__item234\"]"}
RESULT: {"using":"xpath","value":"//*[@id=\"__item234\"]"}
COMMAND: POST /session/c0099c8ef87d8f1a9c022bedeb80dcd8/element/f.37E7500FB3BEF60B72C91044CCDB3F00.d.AF9B8CAC7F7CE40E3C00123A506C4B53.e.11984/click - {}
RESULT: {}
COMMAND: POST /session/c0099c8ef87d8f1a9c022bedeb80dcd8/element - {"using":"xpath","value":"//input[@id=\"application-manageyards-display-component---NewYard--addressNewCostObjectCstID-inner\"]"}
COMMAND: GET /session/c0099c8ef87d8f1a9c022bedeb80dcd8/screenshot - {}
RESULT: {"using":"xpath","value":"//input[@id=\"application-manageyards-display-component---NewYard--addressNewCostObjectCstID-inner\"]"}
COMMAND: POST /session/c0099c8ef87d8f1a9c022bedeb80dcd8/element/f.37E7500FB3BEF60B72C91044CCDB3F00.d.AF9B8CAC7F7CE40E3C00123A506C4B53.e.11780/clear - {}
RESULT: {}
COMMAND: POST /session/c0099c8ef87d8f1a9c022bedeb80dcd8/element - {"using":"xpath","value":"//input[@id=\"application-manageyards-display-component---NewYard--addressNewCostObjectCstID-inner\"]"}
RESULT: {"using":"xpath","value":"//input[@id=\"application-manageyards-display-component---NewYard--addressNewCostObjectCstID-inner\"]"}
COMMAND: POST /session/c0099c8ef87d8f1a9c022bedeb80dcd8/element/f.37E7500FB3BEF60B72C91044CCDB3F00.d.AF9B8CAC7F7CE40E3C00123A506C4B53.e.11780/clear - {}
COMMAND: POST /session/c0099c8ef87d8f1a9c022bedeb80dcd8/element - {"using":"xpath","value":"//input[@id=\"application-manageyards-display-component---NewYard--addressNewCostObjectCstID-inner\"]"}
RESULT: {"using":"xpath","value":"//input[@id=\"application-manageyards-display-component---NewYard--addressNewCostObjectCstID-inner\"]"}
COMMAND: POST /session/c0099c8ef87d8f1a9c022bedeb80dcd8/element/f.37E7500FB3BEF60B72C91044CCDB3F00.d.AF9B8CAC7F7CE40E3C00123A506C4B53.e.11988/clear - {}
COMMAND: POST /session/c0099c8ef87d8f1a9c022bedeb80dcd8/element - {"using":"xpath","value":"//input[@id=\"application-manageyards-display-component---NewYard--addressNewCostObjectCstID-inner\"]"}
RESULT: {"using":"xpath","value":"//input[@id=\"application-manageyards-display-component---NewYard--addressNewCostObjectCstID-inner\"]"}
COMMAND: POST /session/c0099c8ef87d8f1a9c022bedeb80dcd8/element/f.37E7500FB3BEF60B72C91044CCDB3F00.d.AF9B8CAC7F7CE40E3C00123A506C4B53.e.11988/clear - {}
COMMAND: POST /session/c0099c8ef87d8f1a9c022bedeb80dcd8/element - {"using":"xpath","value":"//input[@id=\"application-manageyards-display-component---NewYard--addressNewCostObjectCstID-inner\"]"}
RESULT: {"using":"xpath","value":"//input[@id=\"application-manageyards-display-component---NewYard--addressNewCostObjectCstID-inner\"]"}
COMMAND: POST /session/c0099c8ef87d8f1a9c022bedeb80dcd8/element/f.37E7500FB3BEF60B72C91044CCDB3F00.d.AF9B8CAC7F7CE40E3C00123A506C4B53.e.11990/clear - {}
RESULT: {}
COMMAND: POST /session/c0099c8ef87d8f1a9c022bedeb80dcd8/element/f.37E7500FB3BEF60B72C91044CCDB3F00.d.AF9B8CAC7F7CE40E3C00123A506C4B53.e.11990/value - {"text":"10001013"}
COMMAND: GET /session/c0099c8ef87d8f1a9c022bedeb80dcd8/screenshot - {}
RESULT: {"text":"10001013"}
COMMAND: GET /session/c0099c8ef87d8f1a9c022bedeb80dcd8/screenshot - {}
RESULT: {}
RESULT: {}
COMMAND: POST /session/c0099c8ef87d8f1a9c022bedeb80dcd8/execute/async - {"script":"<script> [1562 bytes]","args":[{"selector":{"controlType":"sap.m.StandardListItem","viewName":"etm.portal.ui.manageyards.view.New","viewId":"application-manageyards-display-component---NewYard","properties":{"type":"Active"},"searchOpenDialogs":true,"interaction":{"idSuffix":"titleText"}},"wdio_ui5_key":"etmportal.ui.manageyards.view.Newsap.m.StandardListItem{\"type\":\"Active\"}"}]}
RESULT: {"script":"<script> [1562 bytes]","args":[{"selector":{"controlType":"sap.m.StandardListItem","viewName":"etm.portal.ui.manageyards.view.New","viewId":"application-manageyards-display-component---NewYard","properties":{"type":"Active"},"searchOpenDialogs":true,"interaction":{"idSuffix":"titleText"}},"wdio_ui5_key":"etmportal.ui.manageyards.view.Newsap.m.StandardListItem{\"type\":\"Active\"}"}]}
RESULT: undefined
COMMAND: POST /session/c0099c8ef87d8f1a9c022bedeb80dcd8/element - {"using":"xpath","value":"//*[@id=\"__item339\"]"}
RESULT: {"using":"xpath","value":"//*[@id=\"__item339\"]"}
COMMAND: POST /session/c0099c8ef87d8f1a9c022bedeb80dcd8/element/f.37E7500FB3BEF60B72C91044CCDB3F00.d.AF9B8CAC7F7CE40E3C00123A506C4B53.e.11994/click - {}
RESULT: {}
COMMAND: POST /session/c0099c8ef87d8f1a9c022bedeb80dcd8/execute/async - {"script":"<script> [1562 bytes]","args":[{"selector":{"id":"application-manageyards-display-component---NewYard--addressEditDetailsCurrency-arrow"},"wdio_ui5_key":"applicationmanageyards-display-component---NewYard--addressEditDetailsCurrency-arrow"}]}
COMMAND: GET /session/c0099c8ef87d8f1a9c022bedeb80dcd8/screenshot - {}
RESULT: {"script":"<script> [1562 bytes]","args":[{"selector":{"id":"application-manageyards-display-component---NewYard--addressEditDetailsCurrency-arrow"},"wdio_ui5_key":"applicationmanageyards-display-component---NewYard--addressEditDetailsCurrency-arrow"}]}
RESULT: undefined
COMMAND: POST /session/c0099c8ef87d8f1a9c022bedeb80dcd8/element - {"using":"xpath","value":"//*[@id=\"application-manageyards-display-component---NewYard--addressEditDetailsCurrency-arrow\"]"}
RESULT: {}
RESULT: {"using":"xpath","value":"//*[@id=\"application-manageyards-display-component---NewYard--addressEditDetailsCurrency-arrow\"]"}
COMMAND: POST /session/c0099c8ef87d8f1a9c022bedeb80dcd8/element/f.37E7500FB3BEF60B72C91044CCDB3F00.d.AF9B8CAC7F7CE40E3C00123A506C4B53.e.11996/click - {}
RESULT: {}
COMMAND: POST /session/c0099c8ef87d8f1a9c022bedeb80dcd8/execute/async - {"script":"<script> [1562 bytes]","args":[{"selector":{"controlType":"sap.m.StandardListItem","viewName":"etm.portal.ui.manageyards.view.New","viewId":"application-manageyards-display-component---NewYard","properties":{"title":"Euro"},"searchOpenDialogs":true,"interaction":{"idSuffix":"content"}},"wdio_ui5_key":"etmportal.ui.manageyards.view.Newsap.m.StandardListItem{\"title\":\"Euro\"}"}]}
COMMAND: GET /session/c0099c8ef87d8f1a9c022bedeb80dcd8/screenshot - {}
RESULT: {"script":"<script> [1562 bytes]","args":[{"selector":{"controlType":"sap.m.StandardListItem","viewName":"etm.portal.ui.manageyards.view.New","viewId":"application-manageyards-display-component---NewYard","properties":{"title":"Euro"},"searchOpenDialogs":true,"interaction":{"idSuffix":"content"}},"wdio_ui5_key":"etmportal.ui.manageyards.view.Newsap.m.StandardListItem{\"title\":\"Euro\"}"}]}
RESULT: undefined
COMMAND: POST /session/c0099c8ef87d8f1a9c022bedeb80dcd8/element - {"using":"xpath","value":"//*[@id=\"__item340\"]"}
RESULT: {}
RESULT: {"using":"xpath","value":"//*[@id=\"__item340\"]"}
COMMAND: POST /session/c0099c8ef87d8f1a9c022bedeb80dcd8/element/f.37E7500FB3BEF60B72C91044CCDB3F00.d.AF9B8CAC7F7CE40E3C00123A506C4B53.e.11998/click - {}
RESULT: {}
COMMAND: POST /session/c0099c8ef87d8f1a9c022bedeb80dcd8/execute/async - {"script":"<script> [1562 bytes]","args":[{"selector":{"controlType":"sap.m.Input","viewName":"etm.portal.ui.manageyards.view.New","viewId":"application-manageyards-display-component---NewYard","bindingPath":{"path":"","propertyPath":"/CONTROLLING_AREA","modelName":"NewYardModel"},"interaction":{"idSuffix":"inner"}},"wdio_ui5_key":"etmportal.ui.manageyards.view.Newsap.m.Input{\"path\":\"\",\"propertyPath\":\"/CONTROLLING_AREA\",\"modelName\":\"NewYardModel\"}"}]}
COMMAND: GET /session/c0099c8ef87d8f1a9c022bedeb80dcd8/screenshot - {}
RESULT: {"script":"<script> [1562 bytes]","args":[{"selector":{"controlType":"sap.m.Input","viewName":"etm.portal.ui.manageyards.view.New","viewId":"application-manageyards-display-component---NewYard","bindingPath":{"path":"","propertyPath":"/CONTROLLING_AREA","modelName":"NewYardModel"},"interaction":{"idSuffix":"inner"}},"wdio_ui5_key":"etmportal.ui.manageyards.view.Newsap.m.Input{\"path\":\"\",\"propertyPath\":\"/CONTROLLING_AREA\",\"modelName\":\"NewYardModel\"}"}]}
RESULT: undefined
COMMAND: POST /session/c0099c8ef87d8f1a9c022bedeb80dcd8/execute/async - {"script":"<script> [776 bytes]","args":[{"enterText":"Z001","selector":{"controlType":"sap.m.Input","viewName":"etm.portal.ui.manageyards.view.New","viewId":"application-manageyards-display-component---NewYard","bindingPath":{"path":"","propertyPath":"/CONTROLLING_AREA","modelName":"NewYardModel"},"interaction":{"idSuffix":"inner"}},"clearTextFirst":true,"interactionType":"ENTER_TEXT"}]}
RESULT: {}
RESULT: {"script":"<script> [776 bytes]","args":[{"enterText":"Z001","selector":{"controlType":"sap.m.Input","viewName":"etm.portal.ui.manageyards.view.New","viewId":"application-manageyards-display-component---NewYard","bindingPath":{"path":"","propertyPath":"/CONTROLLING_AREA","modelName":"NewYardModel"},"interaction":{"idSuffix":"inner"}},"clearTextFirst":true,"interactionType":"ENTER_TEXT"}]}
COMMAND: POST /session/c0099c8ef87d8f1a9c022bedeb80dcd8/execute/async - {"script":"<script> [1562 bytes]","args":[{"selector":{"id":"application-manageyards-display-component---NewYard--companyCodeComboBox","interaction":{"idSuffix":"inner"}},"wdio_ui5_key":"applicationmanageyards-display-component---NewYard--companyCodeComboBox"}]}
RESULT: {"script":"<script> [1562 bytes]","args":[{"selector":{"id":"application-manageyards-display-component---NewYard--companyCodeComboBox","interaction":{"idSuffix":"inner"}},"wdio_ui5_key":"applicationmanageyards-display-component---NewYard--companyCodeComboBox"}]}
RESULT: undefined
COMMAND: POST /session/c0099c8ef87d8f1a9c022bedeb80dcd8/execute/async - {"script":"<script> [776 bytes]","args":[{"enterText":"1000","selector":{"id":"application-manageyards-display-component---NewYard--companyCodeComboBox","interaction":{"idSuffix":"inner"}},"clearTextFirst":true,"interactionType":"ENTER_TEXT"}]}
RESULT: {"script":"<script> [776 bytes]","args":[{"enterText":"1000","selector":{"id":"application-manageyards-display-component---NewYard--companyCodeComboBox","interaction":{"idSuffix":"inner"}},"clearTextFirst":true,"interactionType":"ENTER_TEXT"}]}
COMMAND: POST /session/c0099c8ef87d8f1a9c022bedeb80dcd8/execute/async - {"script":"<script> [1562 bytes]","args":[{"selector":{"controlType":"sap.m.Input","viewName":"etm.portal.ui.manageyards.view.New","viewId":"application-manageyards-display-component---NewYard","bindingPath":{"path":"","propertyPath":"/PLANT","modelName":"NewYardModel"},"interaction":{"idSuffix":"inner"}},"wdio_ui5_key":"etmportal.ui.manageyards.view.Newsap.m.Input{\"path\":\"\",\"propertyPath\":\"/PLANT\",\"modelName\":\"NewYardModel\"}"}]}
RESULT: {"script":"<script> [1562 bytes]","args":[{"selector":{"controlType":"sap.m.Input","viewName":"etm.portal.ui.manageyards.view.New","viewId":"application-manageyards-display-component---NewYard","bindingPath":{"path":"","propertyPath":"/PLANT","modelName":"NewYardModel"},"interaction":{"idSuffix":"inner"}},"wdio_ui5_key":"etmportal.ui.manageyards.view.Newsap.m.Input{\"path\":\"\",\"propertyPath\":\"/PLANT\",\"modelName\":\"NewYardModel\"}"}]}
RESULT: undefined
COMMAND: POST /session/c0099c8ef87d8f1a9c022bedeb80dcd8/execute/async - {"script":"<script> [776 bytes]","args":[{"enterText":"1001","selector":{"controlType":"sap.m.Input","viewName":"etm.portal.ui.manageyards.view.New","viewId":"application-manageyards-display-component---NewYard","bindingPath":{"path":"","propertyPath":"/PLANT","modelName":"NewYardModel"},"interaction":{"idSuffix":"inner"}},"clearTextFirst":true,"interactionType":"ENTER_TEXT"}]}
RESULT: {"script":"<script> [776 bytes]","args":[{"enterText":"1001","selector":{"controlType":"sap.m.Input","viewName":"etm.portal.ui.manageyards.view.New","viewId":"application-manageyards-display-component---NewYard","bindingPath":{"path":"","propertyPath":"/PLANT","modelName":"NewYardModel"},"interaction":{"idSuffix":"inner"}},"clearTextFirst":true,"interactionType":"ENTER_TEXT"}]}
COMMAND: POST /session/c0099c8ef87d8f1a9c022bedeb80dcd8/execute/async - {"script":"<script> [1562 bytes]","args":[{"selector":{"controlType":"sap.m.Input","viewName":"etm.portal.ui.manageyards.view.New","viewId":"application-manageyards-display-component---NewYard","bindingPath":{"path":"","propertyPath":"/SALES_AREA_VKORG","modelName":"NewYardModel"},"interaction":{"idSuffix":"inner"}},"wdio_ui5_key":"etmportal.ui.manageyards.view.Newsap.m.Input{\"path\":\"\",\"propertyPath\":\"/SALES_AREA_VKORG\",\"modelName\":\"NewYardModel\"}"}]}
RESULT: {"script":"<script> [1562 bytes]","args":[{"selector":{"controlType":"sap.m.Input","viewName":"etm.portal.ui.manageyards.view.New","viewId":"application-manageyards-display-component---NewYard","bindingPath":{"path":"","propertyPath":"/SALES_AREA_VKORG","modelName":"NewYardModel"},"interaction":{"idSuffix":"inner"}},"wdio_ui5_key":"etmportal.ui.manageyards.view.Newsap.m.Input{\"path\":\"\",\"propertyPath\":\"/SALES_AREA_VKORG\",\"modelName\":\"NewYardModel\"}"}]}
RESULT: undefined
COMMAND: POST /session/c0099c8ef87d8f1a9c022bedeb80dcd8/execute/async - {"script":"<script> [776 bytes]","args":[{"enterText":"C002","selector":{"controlType":"sap.m.Input","viewName":"etm.portal.ui.manageyards.view.New","viewId":"application-manageyards-display-component---NewYard","bindingPath":{"path":"","propertyPath":"/SALES_AREA_VKORG","modelName":"NewYardModel"},"interaction":{"idSuffix":"inner"}},"clearTextFirst":true,"interactionType":"ENTER_TEXT"}]}
RESULT: {"script":"<script> [776 bytes]","args":[{"enterText":"C002","selector":{"controlType":"sap.m.Input","viewName":"etm.portal.ui.manageyards.view.New","viewId":"application-manageyards-display-component---NewYard","bindingPath":{"path":"","propertyPath":"/SALES_AREA_VKORG","modelName":"NewYardModel"},"interaction":{"idSuffix":"inner"}},"clearTextFirst":true,"interactionType":"ENTER_TEXT"}]}
COMMAND: POST /session/c0099c8ef87d8f1a9c022bedeb80dcd8/execute/async - {"script":"<script> [1562 bytes]","args":[{"selector":{"controlType":"sap.m.Input","viewName":"etm.portal.ui.manageyards.view.New","viewId":"application-manageyards-display-component---NewYard","bindingPath":{"path":"","propertyPath":"/SALES_AREA_VTWEG","modelName":"NewYardModel"},"interaction":{"idSuffix":"inner"}},"wdio_ui5_key":"etmportal.ui.manageyards.view.Newsap.m.Input{\"path\":\"\",\"propertyPath\":\"/SALES_AREA_VTWEG\",\"modelName\":\"NewYardModel\"}"}]}
RESULT: {"script":"<script> [1562 bytes]","args":[{"selector":{"controlType":"sap.m.Input","viewName":"etm.portal.ui.manageyards.view.New","viewId":"application-manageyards-display-component---NewYard","bindingPath":{"path":"","propertyPath":"/SALES_AREA_VTWEG","modelName":"NewYardModel"},"interaction":{"idSuffix":"inner"}},"wdio_ui5_key":"etmportal.ui.manageyards.view.Newsap.m.Input{\"path\":\"\",\"propertyPath\":\"/SALES_AREA_VTWEG\",\"modelName\":\"NewYardModel\"}"}]}
RESULT: undefined
COMMAND: POST /session/c0099c8ef87d8f1a9c022bedeb80dcd8/execute/async - {"script":"<script> [776 bytes]","args":[{"enterText":"C2","selector":{"controlType":"sap.m.Input","viewName":"etm.portal.ui.manageyards.view.New","viewId":"application-manageyards-display-component---NewYard","bindingPath":{"path":"","propertyPath":"/SALES_AREA_VTWEG","modelName":"NewYardModel"},"interaction":{"idSuffix":"inner"}},"clearTextFirst":true,"interactionType":"ENTER_TEXT"}]}
RESULT: {"script":"<script> [776 bytes]","args":[{"enterText":"C2","selector":{"controlType":"sap.m.Input","viewName":"etm.portal.ui.manageyards.view.New","viewId":"application-manageyards-display-component---NewYard","bindingPath":{"path":"","propertyPath":"/SALES_AREA_VTWEG","modelName":"NewYardModel"},"interaction":{"idSuffix":"inner"}},"clearTextFirst":true,"interactionType":"ENTER_TEXT"}]}
COMMAND: POST /session/c0099c8ef87d8f1a9c022bedeb80dcd8/execute/async - {"script":"<script> [1562 bytes]","args":[{"selector":{"controlType":"sap.m.Input","viewName":"etm.portal.ui.manageyards.view.New","viewId":"application-manageyards-display-component---NewYard","bindingPath":{"path":"","propertyPath":"/SALES_AREA_SPART","modelName":"NewYardModel"},"interaction":{"idSuffix":"inner"}},"wdio_ui5_key":"etmportal.ui.manageyards.view.Newsap.m.Input{\"path\":\"\",\"propertyPath\":\"/SALES_AREA_SPART\",\"modelName\":\"NewYardModel\"}"}]}
RESULT: {"script":"<script> [1562 bytes]","args":[{"selector":{"controlType":"sap.m.Input","viewName":"etm.portal.ui.manageyards.view.New","viewId":"application-manageyards-display-component---NewYard","bindingPath":{"path":"","propertyPath":"/SALES_AREA_SPART","modelName":"NewYardModel"},"interaction":{"idSuffix":"inner"}},"wdio_ui5_key":"etmportal.ui.manageyards.view.Newsap.m.Input{\"path\":\"\",\"propertyPath\":\"/SALES_AREA_SPART\",\"modelName\":\"NewYardModel\"}"}]}
RESULT: undefined
COMMAND: POST /session/c0099c8ef87d8f1a9c022bedeb80dcd8/execute/async - {"script":"<script> [776 bytes]","args":[{"enterText":"C2","selector":{"controlType":"sap.m.Input","viewName":"etm.portal.ui.manageyards.view.New","viewId":"application-manageyards-display-component---NewYard","bindingPath":{"path":"","propertyPath":"/SALES_AREA_SPART","modelName":"NewYardModel"},"interaction":{"idSuffix":"inner"}},"clearTextFirst":true,"interactionType":"ENTER_TEXT"}]}
RESULT: {"script":"<script> [776 bytes]","args":[{"enterText":"C2","selector":{"controlType":"sap.m.Input","viewName":"etm.portal.ui.manageyards.view.New","viewId":"application-manageyards-display-component---NewYard","bindingPath":{"path":"","propertyPath":"/SALES_AREA_SPART","modelName":"NewYardModel"},"interaction":{"idSuffix":"inner"}},"clearTextFirst":true,"interactionType":"ENTER_TEXT"}]}
COMMAND: POST /session/c0099c8ef87d8f1a9c022bedeb80dcd8/execute/async - {"script":"<script> [1562 bytes]","args":[{"selector":{"controlType":"sap.m.Input","viewName":"etm.portal.ui.manageyards.view.New","viewId":"application-manageyards-display-component---NewYard","bindingPath":{"path":"","propertyPath":"/SHIP_POINT","modelName":"NewYardModel"},"interaction":{"idSuffix":"inner"}},"wdio_ui5_key":"etmportal.ui.manageyards.view.Newsap.m.Input{\"path\":\"\",\"propertyPath\":\"/SHIP_POINT\",\"modelName\":\"NewYardModel\"}"}]}
RESULT: {"script":"<script> [1562 bytes]","args":[{"selector":{"controlType":"sap.m.Input","viewName":"etm.portal.ui.manageyards.view.New","viewId":"application-manageyards-display-component---NewYard","bindingPath":{"path":"","propertyPath":"/SHIP_POINT","modelName":"NewYardModel"},"interaction":{"idSuffix":"inner"}},"wdio_ui5_key":"etmportal.ui.manageyards.view.Newsap.m.Input{\"path\":\"\",\"propertyPath\":\"/SHIP_POINT\",\"modelName\":\"NewYardModel\"}"}]}
RESULT: undefined
COMMAND: POST /session/c0099c8ef87d8f1a9c022bedeb80dcd8/execute/async - {"script":"<script> [776 bytes]","args":[{"enterText":"1710","selector":{"controlType":"sap.m.Input","viewName":"etm.portal.ui.manageyards.view.New","viewId":"application-manageyards-display-component---NewYard","bindingPath":{"path":"","propertyPath":"/SHIP_POINT","modelName":"NewYardModel"},"interaction":{"idSuffix":"inner"}},"clearTextFirst":true,"interactionType":"ENTER_TEXT"}]}
RESULT: {"script":"<script> [776 bytes]","args":[{"enterText":"1710","selector":{"controlType":"sap.m.Input","viewName":"etm.portal.ui.manageyards.view.New","viewId":"application-manageyards-display-component---NewYard","bindingPath":{"path":"","propertyPath":"/SHIP_POINT","modelName":"NewYardModel"},"interaction":{"idSuffix":"inner"}},"clearTextFirst":true,"interactionType":"ENTER_TEXT"}]}
COMMAND: POST /session/c0099c8ef87d8f1a9c022bedeb80dcd8/execute/async - {"script":"<script> [1562 bytes]","args":[{"selector":{"controlType":"sap.m.Input","viewName":"etm.portal.ui.manageyards.view.New","viewId":"application-manageyards-display-component---NewYard","bindingPath":{"path":"","propertyPath":"/DELIVERY_TYPE","modelName":"NewYardModel"},"interaction":{"idSuffix":"inner"}},"wdio_ui5_key":"etmportal.ui.manageyards.view.Newsap.m.Input{\"path\":\"\",\"propertyPath\":\"/DELIVERY_TYPE\",\"modelName\":\"NewYardModel\"}"}]}
RESULT: {"script":"<script> [1562 bytes]","args":[{"selector":{"controlType":"sap.m.Input","viewName":"etm.portal.ui.manageyards.view.New","viewId":"application-manageyards-display-component---NewYard","bindingPath":{"path":"","propertyPath":"/DELIVERY_TYPE","modelName":"NewYardModel"},"interaction":{"idSuffix":"inner"}},"wdio_ui5_key":"etmportal.ui.manageyards.view.Newsap.m.Input{\"path\":\"\",\"propertyPath\":\"/DELIVERY_TYPE\",\"modelName\":\"NewYardModel\"}"}]}
RESULT: undefined
COMMAND: POST /session/c0099c8ef87d8f1a9c022bedeb80dcd8/execute/async - {"script":"<script> [776 bytes]","args":[{"enterText":"ZL01","selector":{"controlType":"sap.m.Input","viewName":"etm.portal.ui.manageyards.view.New","viewId":"application-manageyards-display-component---NewYard","bindingPath":{"path":"","propertyPath":"/DELIVERY_TYPE","modelName":"NewYardModel"},"interaction":{"idSuffix":"inner"}},"clearTextFirst":true,"interactionType":"ENTER_TEXT"}]}
RESULT: {"script":"<script> [776 bytes]","args":[{"enterText":"ZL01","selector":{"controlType":"sap.m.Input","viewName":"etm.portal.ui.manageyards.view.New","viewId":"application-manageyards-display-component---NewYard","bindingPath":{"path":"","propertyPath":"/DELIVERY_TYPE","modelName":"NewYardModel"},"interaction":{"idSuffix":"inner"}},"clearTextFirst":true,"interactionType":"ENTER_TEXT"}]}
COMMAND: POST /session/c0099c8ef87d8f1a9c022bedeb80dcd8/execute/async - {"script":"<script> [1562 bytes]","args":[{"selector":{"controlType":"sap.m.Input","viewName":"etm.portal.ui.manageyards.view.New","viewId":"application-manageyards-display-component---NewYard","bindingPath":{"path":"","propertyPath":"/AUART","modelName":"NewYardModel"},"interaction":{"idSuffix":"inner"}},"wdio_ui5_key":"etmportal.ui.manageyards.view.Newsap.m.Input{\"path\":\"\",\"propertyPath\":\"/AUART\",\"modelName\":\"NewYardModel\"}"}]}
RESULT: {"script":"<script> [1562 bytes]","args":[{"selector":{"controlType":"sap.m.Input","viewName":"etm.portal.ui.manageyards.view.New","viewId":"application-manageyards-display-component---NewYard","bindingPath":{"path":"","propertyPath":"/AUART","modelName":"NewYardModel"},"interaction":{"idSuffix":"inner"}},"wdio_ui5_key":"etmportal.ui.manageyards.view.Newsap.m.Input{\"path\":\"\",\"propertyPath\":\"/AUART\",\"modelName\":\"NewYardModel\"}"}]}
RESULT: undefined
COMMAND: POST /session/c0099c8ef87d8f1a9c022bedeb80dcd8/execute/async - {"script":"<script> [776 bytes]","args":[{"enterText":"TA","selector":{"controlType":"sap.m.Input","viewName":"etm.portal.ui.manageyards.view.New","viewId":"application-manageyards-display-component---NewYard","bindingPath":{"path":"","propertyPath":"/AUART","modelName":"NewYardModel"},"interaction":{"idSuffix":"inner"}},"clearTextFirst":true,"interactionType":"ENTER_TEXT"}]}
RESULT: {"script":"<script> [776 bytes]","args":[{"enterText":"TA","selector":{"controlType":"sap.m.Input","viewName":"etm.portal.ui.manageyards.view.New","viewId":"application-manageyards-display-component---NewYard","bindingPath":{"path":"","propertyPath":"/AUART","modelName":"NewYardModel"},"interaction":{"idSuffix":"inner"}},"clearTextFirst":true,"interactionType":"ENTER_TEXT"}]}
COMMAND: POST /session/c0099c8ef87d8f1a9c022bedeb80dcd8/execute/async - {"script":"<script> [1562 bytes]","args":[{"selector":{"id":"application-manageyards-display-component---NewYard--whmCheckBox","interaction":{"idSuffix":"CbBg"}},"wdio_ui5_key":"applicationmanageyards-display-component---NewYard--whmCheckBox"}]}
RESULT: {"script":"<script> [1562 bytes]","args":[{"selector":{"id":"application-manageyards-display-component---NewYard--whmCheckBox","interaction":{"idSuffix":"CbBg"}},"wdio_ui5_key":"applicationmanageyards-display-component---NewYard--whmCheckBox"}]}
RESULT: undefined
COMMAND: POST /session/c0099c8ef87d8f1a9c022bedeb80dcd8/element - {"using":"xpath","value":"//*[@id=\"application-manageyards-display-component---NewYard--whmCheckBox\"]"}
RESULT: {"using":"xpath","value":"//*[@id=\"application-manageyards-display-component---NewYard--whmCheckBox\"]"}
COMMAND: POST /session/c0099c8ef87d8f1a9c022bedeb80dcd8/element/f.37E7500FB3BEF60B72C91044CCDB3F00.d.AF9B8CAC7F7CE40E3C00123A506C4B53.e.12009/click - {}
RESULT: {}
COMMAND: POST /session/c0099c8ef87d8f1a9c022bedeb80dcd8/execute/async - {"script":"<script> [1562 bytes]","args":[{"selector":{"controlType":"sap.m.Button","viewName":"etm.portal.ui.manageyards.view.New","viewId":"application-manageyards-display-component---NewYard","i18NText":{"propertyName":"text","key":"save"},"interaction":{"idSuffix":"BDI-content"}},"wdio_ui5_key":"etmportal.ui.manageyards.view.Newsap.m.Button{\"propertyName\":\"text\",\"key\":\"save\"}"}]}
COMMAND: GET /session/c0099c8ef87d8f1a9c022bedeb80dcd8/screenshot - {}
RESULT: {"script":"<script> [1562 bytes]","args":[{"selector":{"controlType":"sap.m.Button","viewName":"etm.portal.ui.manageyards.view.New","viewId":"application-manageyards-display-component---NewYard","i18NText":{"propertyName":"text","key":"save"},"interaction":{"idSuffix":"BDI-content"}},"wdio_ui5_key":"etmportal.ui.manageyards.view.Newsap.m.Button{\"propertyName\":\"text\",\"key\":\"save\"}"}]}
RESULT: undefined
COMMAND: POST /session/c0099c8ef87d8f1a9c022bedeb80dcd8/element - {"using":"xpath","value":"//*[@id=\"__button18\"]"}
RESULT: {}
RESULT: {"using":"xpath","value":"//*[@id=\"__button18\"]"}
COMMAND: POST /session/c0099c8ef87d8f1a9c022bedeb80dcd8/element/f.37E7500FB3BEF60B72C91044CCDB3F00.d.AF9B8CAC7F7CE40E3C00123A506C4B53.e.11947/click - {}
RESULT: {}
COMMAND: GET /session/c0099c8ef87d8f1a9c022bedeb80dcd8/screenshot - {}
RESULT: {}
COMMAND: POST /session/c0099c8ef87d8f1a9c022bedeb80dcd8/execute/async - {"script":"<script> [1562 bytes]","args":[{"selector":{"controlType":"sap.m.Text","viewName":"etm.portal.ui.manageyards.view.Detail","viewId":"application-manageyards-display-component---detailYard","bindingPath":{"propertyPath":"ID","modelName":"catalogModel"}},"wdio_ui5_key":"etmportal.ui.manageyards.view.Detailsap.m.Text{\"propertyPath\":\"ID\",\"modelName\":\"catalogModel\"}"}]}
RESULT: {"script":"<script> [1562 bytes]","args":[{"selector":{"controlType":"sap.m.Text","viewName":"etm.portal.ui.manageyards.view.Detail","viewId":"application-manageyards-display-component---detailYard","bindingPath":{"propertyPath":"ID","modelName":"catalogModel"}},"wdio_ui5_key":"etmportal.ui.manageyards.view.Detailsap.m.Text{\"propertyPath\":\"ID\",\"modelName\":\"catalogModel\"}"}]}
RESULT: undefined
COMMAND: POST /session/c0099c8ef87d8f1a9c022bedeb80dcd8/execute/async - {"script":"<script> [6424 bytes]","args":[{"element-6066-11e4-a52e-4f735466cecf":"f.37E7500FB3BEF60B72C91044CCDB3F00.d.AF9B8CAC7F7CE40E3C00123A506C4B53.e.12203"},"getText",[]]}
RESULT: {"script":"<script> [6424 bytes]","args":[{"element-6066-11e4-a52e-4f735466cecf":"f.37E7500FB3BEF60B72C91044CCDB3F00.d.AF9B8CAC7F7CE40E3C00123A506C4B53.e.12203"},"getText",[]]}
COMMAND: POST /session/c0099c8ef87d8f1a9c022bedeb80dcd8/element - {"using":"css selector","value":"#shell-header-logo"}
RESULT: {"using":"css selector","value":"#shell-header-logo"}
COMMAND: POST /session/c0099c8ef87d8f1a9c022bedeb80dcd8/element/f.37E7500FB3BEF60B72C91044CCDB3F00.d.AF9B8CAC7F7CE40E3C00123A506C4B53.e.11500/click - {}
RESULT: {}
COMMAND: GET /session/c0099c8ef87d8f1a9c022bedeb80dcd8/screenshot - {}
RESULT: {}
]]></system-out>
    </testcase>
    <testcase classname="chrome.135_0_7049_96.windows.Return_from_Site_w/_warehouse_management_w/_clarification_US125588" name="Should create WHM site" time="51.142">
      <system-out><![CDATA[
COMMAND: POST /session/c0099c8ef87d8f1a9c022bedeb80dcd8/execute/async - {"script":"<script> [1562 bytes]","args":[{"selector":{"controlType":"sap.m.GenericTile","properties":{"header":"Manage Sites"}},"wdio_ui5_key":"sapm.GenericTile{\"header\":\"Manage Sites\"}"}]}
RESULT: {"script":"<script> [1562 bytes]","args":[{"selector":{"controlType":"sap.m.GenericTile","properties":{"header":"Manage Sites"}},"wdio_ui5_key":"sapm.GenericTile{\"header\":\"Manage Sites\"}"}]}
RESULT: undefined
COMMAND: POST /session/c0099c8ef87d8f1a9c022bedeb80dcd8/element - {"using":"xpath","value":"//*[@id=\"__tile40\"]"}
RESULT: {"using":"xpath","value":"//*[@id=\"__tile40\"]"}
COMMAND: POST /session/c0099c8ef87d8f1a9c022bedeb80dcd8/element/f.37E7500FB3BEF60B72C91044CCDB3F00.d.AF9B8CAC7F7CE40E3C00123A506C4B53.e.12206/click - {}
RESULT: {}
COMMAND: GET /session/c0099c8ef87d8f1a9c022bedeb80dcd8/screenshot - {}
COMMAND: POST /session/c0099c8ef87d8f1a9c022bedeb80dcd8/execute/async - {"script":"<script> [1562 bytes]","args":[{"selector":{"controlType":"sap.ui.core.Icon","viewName":"etm.portal.ui.managesites.view.Master","viewId":"application-managesites-display-component---masterSite","properties":{"src":{"regex":{"source":"add"}}}},"wdio_ui5_key":"etmportal.ui.managesites.view.Mastersap.ui.core.Icon{\"src\":{\"regex\":{\"source\":\"add\"}}}"}]}
RESULT: {}
RESULT: {"script":"<script> [1562 bytes]","args":[{"selector":{"controlType":"sap.ui.core.Icon","viewName":"etm.portal.ui.managesites.view.Master","viewId":"application-managesites-display-component---masterSite","properties":{"src":{"regex":{"source":"add"}}}},"wdio_ui5_key":"etmportal.ui.managesites.view.Mastersap.ui.core.Icon{\"src\":{\"regex\":{\"source\":\"add\"}}}"}]}
RESULT: undefined
COMMAND: POST /session/c0099c8ef87d8f1a9c022bedeb80dcd8/element - {"using":"xpath","value":"//*[@id=\"__button64-img\"]"}
RESULT: {"using":"xpath","value":"//*[@id=\"__button64-img\"]"}
COMMAND: POST /session/c0099c8ef87d8f1a9c022bedeb80dcd8/element/f.37E7500FB3BEF60B72C91044CCDB3F00.d.AF9B8CAC7F7CE40E3C00123A506C4B53.e.12253/click - {}
RESULT: {}
COMMAND: GET /session/c0099c8ef87d8f1a9c022bedeb80dcd8/screenshot - {}
RESULT: {}
COMMAND: POST /session/c0099c8ef87d8f1a9c022bedeb80dcd8/execute/async - {"script":"<script> [1562 bytes]","args":[{"selector":{"controlType":"sap.m.Button","viewName":"etm.portal.ui.managesites.view.NewSmartSite","viewId":"application-managesites-display-component---NewSite","properties":{"text":"General Information"},"interaction":{"idSuffix":"BDI-content"}},"wdio_ui5_key":"etmportal.ui.managesites.view.NewSmartSitesap.m.Button{\"text\":\"General Information\"}"}]}
RESULT: {"script":"<script> [1562 bytes]","args":[{"selector":{"controlType":"sap.m.Button","viewName":"etm.portal.ui.managesites.view.NewSmartSite","viewId":"application-managesites-display-component---NewSite","properties":{"text":"General Information"},"interaction":{"idSuffix":"BDI-content"}},"wdio_ui5_key":"etmportal.ui.managesites.view.NewSmartSitesap.m.Button{\"text\":\"General Information\"}"}]}
RESULT: undefined
COMMAND: POST /session/c0099c8ef87d8f1a9c022bedeb80dcd8/element - {"using":"xpath","value":"//*[@id=\"application-managesites-display-component---NewSite--ObjectPageLayout-anchBar-__section31-anchor\"]"}
RESULT: {"using":"xpath","value":"//*[@id=\"application-managesites-display-component---NewSite--ObjectPageLayout-anchBar-__section31-anchor\"]"}
COMMAND: POST /session/c0099c8ef87d8f1a9c022bedeb80dcd8/element/f.37E7500FB3BEF60B72C91044CCDB3F00.d.AF9B8CAC7F7CE40E3C00123A506C4B53.e.12649/click - {}
RESULT: {}
COMMAND: POST /session/c0099c8ef87d8f1a9c022bedeb80dcd8/execute/async - {"script":"<script> [1562 bytes]","args":[{"selector":{"id":"application-managesites-display-component---NewSite--addressDetailDetailsName1","interaction":{"idSuffix":"inner"}},"wdio_ui5_key":"applicationmanagesites-display-component---NewSite--addressDetailDetailsName1"}]}
COMMAND: GET /session/c0099c8ef87d8f1a9c022bedeb80dcd8/screenshot - {}
RESULT: {"script":"<script> [1562 bytes]","args":[{"selector":{"id":"application-managesites-display-component---NewSite--addressDetailDetailsName1","interaction":{"idSuffix":"inner"}},"wdio_ui5_key":"applicationmanagesites-display-component---NewSite--addressDetailDetailsName1"}]}
RESULT: undefined
COMMAND: POST /session/c0099c8ef87d8f1a9c022bedeb80dcd8/execute/async - {"script":"<script> [776 bytes]","args":[{"enterText":"WDI5 WHM Site","selector":{"id":"application-managesites-display-component---NewSite--addressDetailDetailsName1","interaction":{"idSuffix":"inner"}},"clearTextFirst":true,"interactionType":"ENTER_TEXT"}]}
RESULT: {}
RESULT: {"script":"<script> [776 bytes]","args":[{"enterText":"WDI5 WHM Site","selector":{"id":"application-managesites-display-component---NewSite--addressDetailDetailsName1","interaction":{"idSuffix":"inner"}},"clearTextFirst":true,"interactionType":"ENTER_TEXT"}]}
COMMAND: POST /session/c0099c8ef87d8f1a9c022bedeb80dcd8/execute/async - {"script":"<script> [1562 bytes]","args":[{"selector":{"id":"application-managesites-display-component---NewSite--addressDetailDetailsLanguage","interaction":{"idSuffix":"inner"}},"wdio_ui5_key":"applicationmanagesites-display-component---NewSite--addressDetailDetailsLanguage"}]}
RESULT: {"script":"<script> [1562 bytes]","args":[{"selector":{"id":"application-managesites-display-component---NewSite--addressDetailDetailsLanguage","interaction":{"idSuffix":"inner"}},"wdio_ui5_key":"applicationmanagesites-display-component---NewSite--addressDetailDetailsLanguage"}]}
RESULT: undefined
COMMAND: POST /session/c0099c8ef87d8f1a9c022bedeb80dcd8/execute/async - {"script":"<script> [776 bytes]","args":[{"enterText":"Romanian","selector":{"id":"application-managesites-display-component---NewSite--addressDetailDetailsLanguage","interaction":{"idSuffix":"inner"}},"clearTextFirst":true,"interactionType":"ENTER_TEXT"}]}
RESULT: {"script":"<script> [776 bytes]","args":[{"enterText":"Romanian","selector":{"id":"application-managesites-display-component---NewSite--addressDetailDetailsLanguage","interaction":{"idSuffix":"inner"}},"clearTextFirst":true,"interactionType":"ENTER_TEXT"}]}
COMMAND: POST /session/c0099c8ef87d8f1a9c022bedeb80dcd8/execute/async - {"script":"<script> [1562 bytes]","args":[{"selector":{"id":"application-managesites-display-component---NewSite--addressDetailDetailsCity1","interaction":{"idSuffix":"inner"}},"wdio_ui5_key":"applicationmanagesites-display-component---NewSite--addressDetailDetailsCity1"}]}
RESULT: {"script":"<script> [1562 bytes]","args":[{"selector":{"id":"application-managesites-display-component---NewSite--addressDetailDetailsCity1","interaction":{"idSuffix":"inner"}},"wdio_ui5_key":"applicationmanagesites-display-component---NewSite--addressDetailDetailsCity1"}]}
RESULT: undefined
COMMAND: POST /session/c0099c8ef87d8f1a9c022bedeb80dcd8/execute/async - {"script":"<script> [776 bytes]","args":[{"enterText":"Bucharest","selector":{"id":"application-managesites-display-component---NewSite--addressDetailDetailsCity1","interaction":{"idSuffix":"inner"}},"clearTextFirst":true,"interactionType":"ENTER_TEXT"}]}
RESULT: {"script":"<script> [776 bytes]","args":[{"enterText":"Bucharest","selector":{"id":"application-managesites-display-component---NewSite--addressDetailDetailsCity1","interaction":{"idSuffix":"inner"}},"clearTextFirst":true,"interactionType":"ENTER_TEXT"}]}
COMMAND: POST /session/c0099c8ef87d8f1a9c022bedeb80dcd8/execute/async - {"script":"<script> [1562 bytes]","args":[{"selector":{"id":"application-managesites-display-component---NewSite--addressDetailDetailsCountry","interaction":{"idSuffix":"inner"}},"wdio_ui5_key":"applicationmanagesites-display-component---NewSite--addressDetailDetailsCountry"}]}
RESULT: {"script":"<script> [1562 bytes]","args":[{"selector":{"id":"application-managesites-display-component---NewSite--addressDetailDetailsCountry","interaction":{"idSuffix":"inner"}},"wdio_ui5_key":"applicationmanagesites-display-component---NewSite--addressDetailDetailsCountry"}]}
RESULT: undefined
COMMAND: POST /session/c0099c8ef87d8f1a9c022bedeb80dcd8/execute/async - {"script":"<script> [6424 bytes]","args":[{"element-6066-11e4-a52e-4f735466cecf":"f.37E7500FB3BEF60B72C91044CCDB3F00.d.AF9B8CAC7F7CE40E3C00123A506C4B53.e.12441"},"setValue",["Romania"]]}
RESULT: {"script":"<script> [6424 bytes]","args":[{"element-6066-11e4-a52e-4f735466cecf":"f.37E7500FB3BEF60B72C91044CCDB3F00.d.AF9B8CAC7F7CE40E3C00123A506C4B53.e.12441"},"setValue",["Romania"]]}
COMMAND: POST /session/c0099c8ef87d8f1a9c022bedeb80dcd8/execute/async - {"script":"<script> [1562 bytes]","args":[{"selector":{"id":"application-managesites-display-component---NewSite--addressDetailDetailsCalendar","interaction":{"idSuffix":"inner"}},"wdio_ui5_key":"applicationmanagesites-display-component---NewSite--addressDetailDetailsCalendar"}]}
RESULT: {"script":"<script> [1562 bytes]","args":[{"selector":{"id":"application-managesites-display-component---NewSite--addressDetailDetailsCalendar","interaction":{"idSuffix":"inner"}},"wdio_ui5_key":"applicationmanagesites-display-component---NewSite--addressDetailDetailsCalendar"}]}
RESULT: undefined
COMMAND: POST /session/c0099c8ef87d8f1a9c022bedeb80dcd8/execute/async - {"script":"<script> [776 bytes]","args":[{"enterText":"8 - Germany (Standard)","selector":{"id":"application-managesites-display-component---NewSite--addressDetailDetailsCalendar","interaction":{"idSuffix":"inner"}},"clearTextFirst":true,"interactionType":"ENTER_TEXT"}]}
RESULT: {"script":"<script> [776 bytes]","args":[{"enterText":"8 - Germany (Standard)","selector":{"id":"application-managesites-display-component---NewSite--addressDetailDetailsCalendar","interaction":{"idSuffix":"inner"}},"clearTextFirst":true,"interactionType":"ENTER_TEXT"}]}
COMMAND: POST /session/c0099c8ef87d8f1a9c022bedeb80dcd8/element - {"using":"xpath","value":"//input[@id=\"application-managesites-display-component---NewSite--addressDetailDetailsYard-inner\"]"}
RESULT: {"using":"xpath","value":"//input[@id=\"application-managesites-display-component---NewSite--addressDetailDetailsYard-inner\"]"}
COMMAND: POST /session/c0099c8ef87d8f1a9c022bedeb80dcd8/element/f.37E7500FB3BEF60B72C91044CCDB3F00.d.AF9B8CAC7F7CE40E3C00123A506C4B53.e.12452/clear - {}
RESULT: {}
COMMAND: POST /session/c0099c8ef87d8f1a9c022bedeb80dcd8/element/f.37E7500FB3BEF60B72C91044CCDB3F00.d.AF9B8CAC7F7CE40E3C00123A506C4B53.e.12452/value - {"text":"512"}
COMMAND: GET /session/c0099c8ef87d8f1a9c022bedeb80dcd8/screenshot - {}
RESULT: {"text":"512"}
COMMAND: GET /session/c0099c8ef87d8f1a9c022bedeb80dcd8/screenshot - {}
RESULT: {}
RESULT: {}
COMMAND: POST /session/c0099c8ef87d8f1a9c022bedeb80dcd8/execute/async - {"script":"<script> [1562 bytes]","args":[{"selector":{"controlType":"sap.m.Button","viewName":"etm.portal.ui.managesites.view.NewSmartSite","viewId":"application-managesites-display-component---NewSite","properties":{"text":"Commercial"},"interaction":{"idSuffix":"BDI-content"}},"wdio_ui5_key":"etmportal.ui.managesites.view.NewSmartSitesap.m.Button{\"text\":\"Commercial\"}"}]}
RESULT: {"script":"<script> [1562 bytes]","args":[{"selector":{"controlType":"sap.m.Button","viewName":"etm.portal.ui.managesites.view.NewSmartSite","viewId":"application-managesites-display-component---NewSite","properties":{"text":"Commercial"},"interaction":{"idSuffix":"BDI-content"}},"wdio_ui5_key":"etmportal.ui.managesites.view.NewSmartSitesap.m.Button{\"text\":\"Commercial\"}"}]}
RESULT: undefined
COMMAND: POST /session/c0099c8ef87d8f1a9c022bedeb80dcd8/element - {"using":"xpath","value":"//*[@id=\"application-managesites-display-component---NewSite--ObjectPageLayout-anchBar-__section33-anchor\"]"}
RESULT: {"using":"xpath","value":"//*[@id=\"application-managesites-display-component---NewSite--ObjectPageLayout-anchBar-__section33-anchor\"]"}
COMMAND: POST /session/c0099c8ef87d8f1a9c022bedeb80dcd8/element/f.37E7500FB3BEF60B72C91044CCDB3F00.d.AF9B8CAC7F7CE40E3C00123A506C4B53.e.12658/click - {}
RESULT: {}
COMMAND: POST /session/c0099c8ef87d8f1a9c022bedeb80dcd8/execute/async - {"script":"<script> [1562 bytes]","args":[{"selector":{"id":"application-managesites-display-component---NewSite--siteWhmCheckBox-label","interaction":{"idSuffix":"bdi"}},"wdio_ui5_key":"applicationmanagesites-display-component---NewSite--siteWhmCheckBox-label"}]}
COMMAND: GET /session/c0099c8ef87d8f1a9c022bedeb80dcd8/screenshot - {}
RESULT: {"script":"<script> [1562 bytes]","args":[{"selector":{"id":"application-managesites-display-component---NewSite--siteWhmCheckBox-label","interaction":{"idSuffix":"bdi"}},"wdio_ui5_key":"applicationmanagesites-display-component---NewSite--siteWhmCheckBox-label"}]}
RESULT: undefined
COMMAND: POST /session/c0099c8ef87d8f1a9c022bedeb80dcd8/element - {"using":"xpath","value":"//*[@id=\"application-managesites-display-component---NewSite--siteWhmCheckBox-label\"]"}
RESULT: {}
RESULT: {"using":"xpath","value":"//*[@id=\"application-managesites-display-component---NewSite--siteWhmCheckBox-label\"]"}
COMMAND: POST /session/c0099c8ef87d8f1a9c022bedeb80dcd8/element/f.37E7500FB3BEF60B72C91044CCDB3F00.d.AF9B8CAC7F7CE40E3C00123A506C4B53.e.12669/click - {}
RESULT: {}
COMMAND: POST /session/c0099c8ef87d8f1a9c022bedeb80dcd8/execute/async - {"script":"<script> [1562 bytes]","args":[{"selector":{"controlType":"sap.m.Button","viewName":"etm.portal.ui.managesites.view.NewSmartSite","viewId":"application-managesites-display-component---NewSite","i18NText":{"propertyName":"text","key":"save"},"interaction":{"idSuffix":"BDI-content"}},"wdio_ui5_key":"etmportal.ui.managesites.view.NewSmartSitesap.m.Button{\"propertyName\":\"text\",\"key\":\"save\"}"}]}
COMMAND: GET /session/c0099c8ef87d8f1a9c022bedeb80dcd8/screenshot - {}
RESULT: {"script":"<script> [1562 bytes]","args":[{"selector":{"controlType":"sap.m.Button","viewName":"etm.portal.ui.managesites.view.NewSmartSite","viewId":"application-managesites-display-component---NewSite","i18NText":{"propertyName":"text","key":"save"},"interaction":{"idSuffix":"BDI-content"}},"wdio_ui5_key":"etmportal.ui.managesites.view.NewSmartSitesap.m.Button{\"propertyName\":\"text\",\"key\":\"save\"}"}]}
RESULT: undefined
COMMAND: POST /session/c0099c8ef87d8f1a9c022bedeb80dcd8/element - {"using":"xpath","value":"//*[@id=\"__button76\"]"}
RESULT: {}
RESULT: {"using":"xpath","value":"//*[@id=\"__button76\"]"}
COMMAND: POST /session/c0099c8ef87d8f1a9c022bedeb80dcd8/element/f.37E7500FB3BEF60B72C91044CCDB3F00.d.AF9B8CAC7F7CE40E3C00123A506C4B53.e.12634/click - {}
RESULT: {}
COMMAND: GET /session/c0099c8ef87d8f1a9c022bedeb80dcd8/screenshot - {}
RESULT: {}
COMMAND: POST /session/c0099c8ef87d8f1a9c022bedeb80dcd8/execute/async - {"script":"<script> [1562 bytes]","args":[{"selector":{"controlType":"sap.m.Text","viewName":"etm.portal.ui.managesites.view.Detail","viewId":"application-managesites-display-component---detailSite","bindingPath":{"propertyPath":"ID","modelName":"catalogModel"}},"wdio_ui5_key":"etmportal.ui.managesites.view.Detailsap.m.Text{\"propertyPath\":\"ID\",\"modelName\":\"catalogModel\"}"}]}
RESULT: {"script":"<script> [1562 bytes]","args":[{"selector":{"controlType":"sap.m.Text","viewName":"etm.portal.ui.managesites.view.Detail","viewId":"application-managesites-display-component---detailSite","bindingPath":{"propertyPath":"ID","modelName":"catalogModel"}},"wdio_ui5_key":"etmportal.ui.managesites.view.Detailsap.m.Text{\"propertyPath\":\"ID\",\"modelName\":\"catalogModel\"}"}]}
RESULT: undefined
COMMAND: POST /session/c0099c8ef87d8f1a9c022bedeb80dcd8/execute/async - {"script":"<script> [6424 bytes]","args":[{"element-6066-11e4-a52e-4f735466cecf":"f.37E7500FB3BEF60B72C91044CCDB3F00.d.AF9B8CAC7F7CE40E3C00123A506C4B53.e.12862"},"getText",[]]}
RESULT: {"script":"<script> [6424 bytes]","args":[{"element-6066-11e4-a52e-4f735466cecf":"f.37E7500FB3BEF60B72C91044CCDB3F00.d.AF9B8CAC7F7CE40E3C00123A506C4B53.e.12862"},"getText",[]]}
COMMAND: POST /session/c0099c8ef87d8f1a9c022bedeb80dcd8/execute/async - {"script":"<script> [1562 bytes]","args":[{"selector":{"controlType":"sap.m.Label","viewName":"etm.portal.ui.managesites.view.Detail","viewId":"application-managesites-display-component---detailSite","i18NText":{"propertyName":"text","key":"status"}},"wdio_ui5_key":"etmportal.ui.managesites.view.Detailsap.m.Label{\"propertyName\":\"text\",\"key\":\"status\"}"}]}
RESULT: {"script":"<script> [1562 bytes]","args":[{"selector":{"controlType":"sap.m.Label","viewName":"etm.portal.ui.managesites.view.Detail","viewId":"application-managesites-display-component---detailSite","i18NText":{"propertyName":"text","key":"status"}},"wdio_ui5_key":"etmportal.ui.managesites.view.Detailsap.m.Label{\"propertyName\":\"text\",\"key\":\"status\"}"}]}
RESULT: undefined
COMMAND: POST /session/c0099c8ef87d8f1a9c022bedeb80dcd8/execute/async - {"script":"<script> [6424 bytes]","args":[{"element-6066-11e4-a52e-4f735466cecf":"f.37E7500FB3BEF60B72C91044CCDB3F00.d.AF9B8CAC7F7CE40E3C00123A506C4B53.e.12849"},"getText",[]]}
RESULT: {"script":"<script> [6424 bytes]","args":[{"element-6066-11e4-a52e-4f735466cecf":"f.37E7500FB3BEF60B72C91044CCDB3F00.d.AF9B8CAC7F7CE40E3C00123A506C4B53.e.12849"},"getText",[]]}
RESULT: undefined
COMMAND: POST /session/c0099c8ef87d8f1a9c022bedeb80dcd8/element - {"using":"xpath","value":"//*[@id=\"shell-header\"]"}
RESULT: {"using":"xpath","value":"//*[@id=\"shell-header\"]"}
COMMAND: POST /session/c0099c8ef87d8f1a9c022bedeb80dcd8/element/f.37E7500FB3BEF60B72C91044CCDB3F00.d.AF9B8CAC7F7CE40E3C00123A506C4B53.e.12863/click - {}
RESULT: {}
COMMAND: POST /session/c0099c8ef87d8f1a9c022bedeb80dcd8/element - {"using":"css selector","value":"#shell-header-logo"}
COMMAND: GET /session/c0099c8ef87d8f1a9c022bedeb80dcd8/screenshot - {}
RESULT: {"using":"css selector","value":"#shell-header-logo"}
COMMAND: POST /session/c0099c8ef87d8f1a9c022bedeb80dcd8/element/f.37E7500FB3BEF60B72C91044CCDB3F00.d.AF9B8CAC7F7CE40E3C00123A506C4B53.e.12209/click - {}
RESULT: {}
RESULT: {}
]]></system-out>
    </testcase>
    <testcase classname="chrome.135_0_7049_96.windows.Return_from_Site_w/_warehouse_management_w/_clarification_US125588" name="Should create WHM Partner" time="56.162">
      <system-out><![CDATA[
COMMAND: POST /session/c0099c8ef87d8f1a9c022bedeb80dcd8/execute/async - {"script":"<script> [1562 bytes]","args":[{"selector":{"controlType":"sap.m.GenericTile","properties":{"header":"Manage Partners"}},"wdio_ui5_key":"sapm.GenericTile{\"header\":\"Manage Partners\"}"}]}
COMMAND: GET /session/c0099c8ef87d8f1a9c022bedeb80dcd8/screenshot - {}
RESULT: {"script":"<script> [1562 bytes]","args":[{"selector":{"controlType":"sap.m.GenericTile","properties":{"header":"Manage Partners"}},"wdio_ui5_key":"sapm.GenericTile{\"header\":\"Manage Partners\"}"}]}
RESULT: undefined
COMMAND: POST /session/c0099c8ef87d8f1a9c022bedeb80dcd8/element - {"using":"xpath","value":"//*[@id=\"__tile38\"]"}
RESULT: {}
RESULT: {"using":"xpath","value":"//*[@id=\"__tile38\"]"}
COMMAND: POST /session/c0099c8ef87d8f1a9c022bedeb80dcd8/element/f.37E7500FB3BEF60B72C91044CCDB3F00.d.AF9B8CAC7F7CE40E3C00123A506C4B53.e.12868/click - {}
RESULT: {}
COMMAND: GET /session/c0099c8ef87d8f1a9c022bedeb80dcd8/screenshot - {}
COMMAND: POST /session/c0099c8ef87d8f1a9c022bedeb80dcd8/element - {"using":"xpath","value":"//button[(@data-kt = 'addButton')]"}
RESULT: {}
RESULT: {"using":"xpath","value":"//button[(@data-kt = 'addButton')]"}
COMMAND: POST /session/c0099c8ef87d8f1a9c022bedeb80dcd8/elements - {"using":"xpath","value":"//button[(@data-kt = 'addButton')]"}
RESULT: {"using":"xpath","value":"//button[(@data-kt = 'addButton')]"}
COMMAND: POST /session/c0099c8ef87d8f1a9c022bedeb80dcd8/elements - {"using":"xpath","value":"//button[(@data-kt = 'addButton')]"}
RESULT: {"using":"xpath","value":"//button[(@data-kt = 'addButton')]"}
COMMAND: POST /session/c0099c8ef87d8f1a9c022bedeb80dcd8/element - {"using":"xpath","value":"//button[(@data-kt = 'addButton')]"}
RESULT: {"using":"xpath","value":"//button[(@data-kt = 'addButton')]"}
COMMAND: POST /session/c0099c8ef87d8f1a9c022bedeb80dcd8/element/f.37E7500FB3BEF60B72C91044CCDB3F00.d.AF9B8CAC7F7CE40E3C00123A506C4B53.e.12904/click - {}
RESULT: {}
COMMAND: POST /session/c0099c8ef87d8f1a9c022bedeb80dcd8/execute/async - {"script":"<script> [1562 bytes]","args":[{"selector":{"id":"application-managepartners-display-component---NewPartner--addressDetailDetailsName1","interaction":{"idSuffix":"inner"}},"wdio_ui5_key":"applicationmanagepartners-display-component---NewPartner--addressDetailDetailsName1"}]}
COMMAND: GET /session/c0099c8ef87d8f1a9c022bedeb80dcd8/screenshot - {}
RESULT: {"script":"<script> [1562 bytes]","args":[{"selector":{"id":"application-managepartners-display-component---NewPartner--addressDetailDetailsName1","interaction":{"idSuffix":"inner"}},"wdio_ui5_key":"applicationmanagepartners-display-component---NewPartner--addressDetailDetailsName1"}]}
RESULT: undefined
COMMAND: POST /session/c0099c8ef87d8f1a9c022bedeb80dcd8/execute/async - {"script":"<script> [776 bytes]","args":[{"enterText":"WDI5-Partners","selector":{"id":"application-managepartners-display-component---NewPartner--addressDetailDetailsName1","interaction":{"idSuffix":"inner"}},"clearTextFirst":true,"interactionType":"ENTER_TEXT"}]}
RESULT: {}
RESULT: {"script":"<script> [776 bytes]","args":[{"enterText":"WDI5-Partners","selector":{"id":"application-managepartners-display-component---NewPartner--addressDetailDetailsName1","interaction":{"idSuffix":"inner"}},"clearTextFirst":true,"interactionType":"ENTER_TEXT"}]}
COMMAND: POST /session/c0099c8ef87d8f1a9c022bedeb80dcd8/execute/async - {"script":"<script> [1562 bytes]","args":[{"selector":{"id":"application-managepartners-display-component---NewPartner--addressDetailDetailsLanguage-arrow"},"wdio_ui5_key":"applicationmanagepartners-display-component---NewPartner--addressDetailDetailsLanguage-arrow"}]}
RESULT: {"script":"<script> [1562 bytes]","args":[{"selector":{"id":"application-managepartners-display-component---NewPartner--addressDetailDetailsLanguage-arrow"},"wdio_ui5_key":"applicationmanagepartners-display-component---NewPartner--addressDetailDetailsLanguage-arrow"}]}
RESULT: undefined
COMMAND: POST /session/c0099c8ef87d8f1a9c022bedeb80dcd8/element - {"using":"xpath","value":"//*[@id=\"application-managepartners-display-component---NewPartner--addressDetailDetailsLanguage-arrow\"]"}
RESULT: {"using":"xpath","value":"//*[@id=\"application-managepartners-display-component---NewPartner--addressDetailDetailsLanguage-arrow\"]"}
COMMAND: POST /session/c0099c8ef87d8f1a9c022bedeb80dcd8/element/f.37E7500FB3BEF60B72C91044CCDB3F00.d.AF9B8CAC7F7CE40E3C00123A506C4B53.e.13335/click - {}
RESULT: {}
COMMAND: POST /session/c0099c8ef87d8f1a9c022bedeb80dcd8/execute/async - {"script":"<script> [1562 bytes]","args":[{"selector":{"controlType":"sap.m.StandardListItem","viewName":"etm.portal.ui.managepartners.view.NewPartner","viewId":"application-managepartners-display-component---NewPartner","properties":{"title":"English"},"searchOpenDialogs":true,"interaction":{"idSuffix":"content"}},"wdio_ui5_key":"etmportal.ui.managepartners.view.NewPartnersap.m.StandardListItem{\"title\":\"English\"}"}]}
COMMAND: GET /session/c0099c8ef87d8f1a9c022bedeb80dcd8/screenshot - {}
RESULT: {"script":"<script> [1562 bytes]","args":[{"selector":{"controlType":"sap.m.StandardListItem","viewName":"etm.portal.ui.managepartners.view.NewPartner","viewId":"application-managepartners-display-component---NewPartner","properties":{"title":"English"},"searchOpenDialogs":true,"interaction":{"idSuffix":"content"}},"wdio_ui5_key":"etmportal.ui.managepartners.view.NewPartnersap.m.StandardListItem{\"title\":\"English\"}"}]}
RESULT: undefined
COMMAND: POST /session/c0099c8ef87d8f1a9c022bedeb80dcd8/element - {"using":"xpath","value":"//*[@id=\"__item1133\"]"}
RESULT: {}
RESULT: {"using":"xpath","value":"//*[@id=\"__item1133\"]"}
COMMAND: POST /session/c0099c8ef87d8f1a9c022bedeb80dcd8/element/f.37E7500FB3BEF60B72C91044CCDB3F00.d.AF9B8CAC7F7CE40E3C00123A506C4B53.e.13337/click - {}
RESULT: {}
COMMAND: POST /session/c0099c8ef87d8f1a9c022bedeb80dcd8/execute/async - {"script":"<script> [1562 bytes]","args":[{"selector":{"id":"application-managepartners-display-component---NewPartner--addressDetailDetailsCity1","interaction":{"idSuffix":"inner"}},"wdio_ui5_key":"applicationmanagepartners-display-component---NewPartner--addressDetailDetailsCity1"}]}
COMMAND: GET /session/c0099c8ef87d8f1a9c022bedeb80dcd8/screenshot - {}
RESULT: {"script":"<script> [1562 bytes]","args":[{"selector":{"id":"application-managepartners-display-component---NewPartner--addressDetailDetailsCity1","interaction":{"idSuffix":"inner"}},"wdio_ui5_key":"applicationmanagepartners-display-component---NewPartner--addressDetailDetailsCity1"}]}
RESULT: undefined
COMMAND: POST /session/c0099c8ef87d8f1a9c022bedeb80dcd8/execute/async - {"script":"<script> [776 bytes]","args":[{"enterText":"Bangalore","selector":{"id":"application-managepartners-display-component---NewPartner--addressDetailDetailsCity1","interaction":{"idSuffix":"inner"}},"clearTextFirst":true,"interactionType":"ENTER_TEXT"}]}
RESULT: {}
RESULT: {"script":"<script> [776 bytes]","args":[{"enterText":"Bangalore","selector":{"id":"application-managepartners-display-component---NewPartner--addressDetailDetailsCity1","interaction":{"idSuffix":"inner"}},"clearTextFirst":true,"interactionType":"ENTER_TEXT"}]}
COMMAND: POST /session/c0099c8ef87d8f1a9c022bedeb80dcd8/execute/async - {"script":"<script> [1562 bytes]","args":[{"selector":{"id":"application-managepartners-display-component---NewPartner--addressDetailDetailsCountry-arrow"},"wdio_ui5_key":"applicationmanagepartners-display-component---NewPartner--addressDetailDetailsCountry-arrow"}]}
RESULT: {"script":"<script> [1562 bytes]","args":[{"selector":{"id":"application-managepartners-display-component---NewPartner--addressDetailDetailsCountry-arrow"},"wdio_ui5_key":"applicationmanagepartners-display-component---NewPartner--addressDetailDetailsCountry-arrow"}]}
RESULT: undefined
COMMAND: POST /session/c0099c8ef87d8f1a9c022bedeb80dcd8/element - {"using":"xpath","value":"//*[@id=\"application-managepartners-display-component---NewPartner--addressDetailDetailsCountry-arrow\"]"}
RESULT: {"using":"xpath","value":"//*[@id=\"application-managepartners-display-component---NewPartner--addressDetailDetailsCountry-arrow\"]"}
COMMAND: POST /session/c0099c8ef87d8f1a9c022bedeb80dcd8/element/f.37E7500FB3BEF60B72C91044CCDB3F00.d.AF9B8CAC7F7CE40E3C00123A506C4B53.e.13339/click - {}
RESULT: {}
COMMAND: POST /session/c0099c8ef87d8f1a9c022bedeb80dcd8/execute/async - {"script":"<script> [1562 bytes]","args":[{"selector":{"id":"application-managepartners-display-component---NewPartner--addressDetailDetailsCountry","interaction":{"idSuffix":"inner"}},"wdio_ui5_key":"applicationmanagepartners-display-component---NewPartner--addressDetailDetailsCountry"}]}
COMMAND: GET /session/c0099c8ef87d8f1a9c022bedeb80dcd8/screenshot - {}
RESULT: {"script":"<script> [1562 bytes]","args":[{"selector":{"id":"application-managepartners-display-component---NewPartner--addressDetailDetailsCountry","interaction":{"idSuffix":"inner"}},"wdio_ui5_key":"applicationmanagepartners-display-component---NewPartner--addressDetailDetailsCountry"}]}
RESULT: undefined
COMMAND: POST /session/c0099c8ef87d8f1a9c022bedeb80dcd8/execute/async - {"script":"<script> [776 bytes]","args":[{"enterText":"India","selector":{"id":"application-managepartners-display-component---NewPartner--addressDetailDetailsCountry","interaction":{"idSuffix":"inner"}},"clearTextFirst":true,"interactionType":"ENTER_TEXT"}]}
RESULT: {}
RESULT: {"script":"<script> [776 bytes]","args":[{"enterText":"India","selector":{"id":"application-managepartners-display-component---NewPartner--addressDetailDetailsCountry","interaction":{"idSuffix":"inner"}},"clearTextFirst":true,"interactionType":"ENTER_TEXT"}]}
COMMAND: POST /session/c0099c8ef87d8f1a9c022bedeb80dcd8/execute/async - {"script":"<script> [1562 bytes]","args":[{"selector":{"controlType":"sap.m.StandardListItem","viewName":"etm.portal.ui.managepartners.view.NewPartner","viewId":"application-managepartners-display-component---NewPartner","properties":{"title":"India"},"searchOpenDialogs":true,"interaction":{"idSuffix":"content"}},"wdio_ui5_key":"etmportal.ui.managepartners.view.NewPartnersap.m.StandardListItem{\"title\":\"India\"}"}]}
RESULT: {"script":"<script> [1562 bytes]","args":[{"selector":{"controlType":"sap.m.StandardListItem","viewName":"etm.portal.ui.managepartners.view.NewPartner","viewId":"application-managepartners-display-component---NewPartner","properties":{"title":"India"},"searchOpenDialogs":true,"interaction":{"idSuffix":"content"}},"wdio_ui5_key":"etmportal.ui.managepartners.view.NewPartnersap.m.StandardListItem{\"title\":\"India\"}"}]}
RESULT: undefined
COMMAND: POST /session/c0099c8ef87d8f1a9c022bedeb80dcd8/execute/async - {"script":"<script> [1562 bytes]","args":[{"selector":{"controlType":"sap.m.Button","viewName":"etm.portal.ui.managepartners.view.NewPartner","viewId":"application-managepartners-display-component---NewPartner","properties":{"text":"Commercial"},"interaction":{"idSuffix":"BDI-content"}},"wdio_ui5_key":"etmportal.ui.managepartners.view.NewPartnersap.m.Button{\"text\":\"Commercial\"}"}]}
RESULT: {"script":"<script> [1562 bytes]","args":[{"selector":{"controlType":"sap.m.Button","viewName":"etm.portal.ui.managepartners.view.NewPartner","viewId":"application-managepartners-display-component---NewPartner","properties":{"text":"Commercial"},"interaction":{"idSuffix":"BDI-content"}},"wdio_ui5_key":"etmportal.ui.managepartners.view.NewPartnersap.m.Button{\"text\":\"Commercial\"}"}]}
RESULT: undefined
COMMAND: POST /session/c0099c8ef87d8f1a9c022bedeb80dcd8/element - {"using":"xpath","value":"//*[@id=\"application-managepartners-display-component---NewPartner--ObjectPageLayout-anchBar-__section57-anchor\"]"}
RESULT: {"using":"xpath","value":"//*[@id=\"application-managepartners-display-component---NewPartner--ObjectPageLayout-anchBar-__section57-anchor\"]"}
COMMAND: POST /session/c0099c8ef87d8f1a9c022bedeb80dcd8/element/f.37E7500FB3BEF60B72C91044CCDB3F00.d.AF9B8CAC7F7CE40E3C00123A506C4B53.e.13344/click - {}
RESULT: {}
COMMAND: POST /session/c0099c8ef87d8f1a9c022bedeb80dcd8/execute/async - {"script":"<script> [1562 bytes]","args":[{"selector":{"id":"application-managepartners-display-component---NewPartner--partnerDetailInternal-arrow"},"wdio_ui5_key":"applicationmanagepartners-display-component---NewPartner--partnerDetailInternal-arrow"}]}
COMMAND: GET /session/c0099c8ef87d8f1a9c022bedeb80dcd8/screenshot - {}
RESULT: {"script":"<script> [1562 bytes]","args":[{"selector":{"id":"application-managepartners-display-component---NewPartner--partnerDetailInternal-arrow"},"wdio_ui5_key":"applicationmanagepartners-display-component---NewPartner--partnerDetailInternal-arrow"}]}
RESULT: undefined
COMMAND: POST /session/c0099c8ef87d8f1a9c022bedeb80dcd8/element - {"using":"xpath","value":"//*[@id=\"application-managepartners-display-component---NewPartner--partnerDetailInternal-arrow\"]"}
RESULT: {}
RESULT: {"using":"xpath","value":"//*[@id=\"application-managepartners-display-component---NewPartner--partnerDetailInternal-arrow\"]"}
COMMAND: POST /session/c0099c8ef87d8f1a9c022bedeb80dcd8/element/f.37E7500FB3BEF60B72C91044CCDB3F00.d.AF9B8CAC7F7CE40E3C00123A506C4B53.e.13349/click - {}
RESULT: {}
COMMAND: POST /session/c0099c8ef87d8f1a9c022bedeb80dcd8/execute/async - {"script":"<script> [1562 bytes]","args":[{"selector":{"controlType":"sap.m.StandardListItem","viewName":"etm.portal.ui.managepartners.view.NewPartner","viewId":"application-managepartners-display-component---NewPartner","properties":{"title":"External partner"},"searchOpenDialogs":true,"interaction":{"idSuffix":"content"}},"wdio_ui5_key":"etmportal.ui.managepartners.view.NewPartnersap.m.StandardListItem{\"title\":\"External partner\"}"}]}
COMMAND: GET /session/c0099c8ef87d8f1a9c022bedeb80dcd8/screenshot - {}
RESULT: {"script":"<script> [1562 bytes]","args":[{"selector":{"controlType":"sap.m.StandardListItem","viewName":"etm.portal.ui.managepartners.view.NewPartner","viewId":"application-managepartners-display-component---NewPartner","properties":{"title":"External partner"},"searchOpenDialogs":true,"interaction":{"idSuffix":"content"}},"wdio_ui5_key":"etmportal.ui.managepartners.view.NewPartnersap.m.StandardListItem{\"title\":\"External partner\"}"}]}
RESULT: undefined
COMMAND: POST /session/c0099c8ef87d8f1a9c022bedeb80dcd8/element - {"using":"xpath","value":"//*[@id=\"__item1267\"]"}
RESULT: {}
RESULT: {"using":"xpath","value":"//*[@id=\"__item1267\"]"}
COMMAND: POST /session/c0099c8ef87d8f1a9c022bedeb80dcd8/element/f.37E7500FB3BEF60B72C91044CCDB3F00.d.AF9B8CAC7F7CE40E3C00123A506C4B53.e.13351/click - {}
RESULT: {}
COMMAND: POST /session/c0099c8ef87d8f1a9c022bedeb80dcd8/execute/async - {"script":"<script> [1562 bytes]","args":[{"selector":{"id":"application-managepartners-display-component---NewPartner--partnerDetailsCurrency-arrow"},"wdio_ui5_key":"applicationmanagepartners-display-component---NewPartner--partnerDetailsCurrency-arrow"}]}
COMMAND: GET /session/c0099c8ef87d8f1a9c022bedeb80dcd8/screenshot - {}
RESULT: {"script":"<script> [1562 bytes]","args":[{"selector":{"id":"application-managepartners-display-component---NewPartner--partnerDetailsCurrency-arrow"},"wdio_ui5_key":"applicationmanagepartners-display-component---NewPartner--partnerDetailsCurrency-arrow"}]}
RESULT: undefined
COMMAND: POST /session/c0099c8ef87d8f1a9c022bedeb80dcd8/element - {"using":"xpath","value":"//*[@id=\"application-managepartners-display-component---NewPartner--partnerDetailsCurrency-arrow\"]"}
RESULT: {}
RESULT: {"using":"xpath","value":"//*[@id=\"application-managepartners-display-component---NewPartner--partnerDetailsCurrency-arrow\"]"}
COMMAND: POST /session/c0099c8ef87d8f1a9c022bedeb80dcd8/element/f.37E7500FB3BEF60B72C91044CCDB3F00.d.AF9B8CAC7F7CE40E3C00123A506C4B53.e.13356/click - {}
RESULT: {}
COMMAND: POST /session/c0099c8ef87d8f1a9c022bedeb80dcd8/execute/async - {"script":"<script> [1562 bytes]","args":[{"selector":{"controlType":"sap.m.StandardListItem","viewName":"etm.portal.ui.managepartners.view.NewPartner","viewId":"application-managepartners-display-component---NewPartner","properties":{"title":"Euro"},"searchOpenDialogs":true,"interaction":{"idSuffix":"content"}},"wdio_ui5_key":"etmportal.ui.managepartners.view.NewPartnersap.m.StandardListItem{\"title\":\"Euro\"}"}]}
COMMAND: GET /session/c0099c8ef87d8f1a9c022bedeb80dcd8/screenshot - {}
RESULT: {"script":"<script> [1562 bytes]","args":[{"selector":{"controlType":"sap.m.StandardListItem","viewName":"etm.portal.ui.managepartners.view.NewPartner","viewId":"application-managepartners-display-component---NewPartner","properties":{"title":"Euro"},"searchOpenDialogs":true,"interaction":{"idSuffix":"content"}},"wdio_ui5_key":"etmportal.ui.managepartners.view.NewPartnersap.m.StandardListItem{\"title\":\"Euro\"}"}]}
RESULT: undefined
COMMAND: POST /session/c0099c8ef87d8f1a9c022bedeb80dcd8/element - {"using":"xpath","value":"//*[@id=\"__item1269\"]"}
RESULT: {}
RESULT: {"using":"xpath","value":"//*[@id=\"__item1269\"]"}
COMMAND: POST /session/c0099c8ef87d8f1a9c022bedeb80dcd8/element/f.37E7500FB3BEF60B72C91044CCDB3F00.d.AF9B8CAC7F7CE40E3C00123A506C4B53.e.13358/click - {}
RESULT: {}
COMMAND: POST /session/c0099c8ef87d8f1a9c022bedeb80dcd8/execute/async - {"script":"<script> [1562 bytes]","args":[{"selector":{"controlType":"sap.m.Button","viewName":"etm.portal.ui.managepartners.view.NewPartner","viewId":"application-managepartners-display-component---NewPartner","properties":{"text":"Assignments"},"interaction":{"idSuffix":"BDI-content"}},"wdio_ui5_key":"etmportal.ui.managepartners.view.NewPartnersap.m.Button{\"text\":\"Assignments\"}"}]}
COMMAND: GET /session/c0099c8ef87d8f1a9c022bedeb80dcd8/screenshot - {}
RESULT: {"script":"<script> [1562 bytes]","args":[{"selector":{"controlType":"sap.m.Button","viewName":"etm.portal.ui.managepartners.view.NewPartner","viewId":"application-managepartners-display-component---NewPartner","properties":{"text":"Assignments"},"interaction":{"idSuffix":"BDI-content"}},"wdio_ui5_key":"etmportal.ui.managepartners.view.NewPartnersap.m.Button{\"text\":\"Assignments\"}"}]}
RESULT: undefined
COMMAND: POST /session/c0099c8ef87d8f1a9c022bedeb80dcd8/element - {"using":"xpath","value":"//*[@id=\"application-managepartners-display-component---NewPartner--ObjectPageLayout-anchBar-__section61-anchor\"]"}
RESULT: {}
RESULT: {"using":"xpath","value":"//*[@id=\"application-managepartners-display-component---NewPartner--ObjectPageLayout-anchBar-__section61-anchor\"]"}
COMMAND: POST /session/c0099c8ef87d8f1a9c022bedeb80dcd8/element/f.37E7500FB3BEF60B72C91044CCDB3F00.d.AF9B8CAC7F7CE40E3C00123A506C4B53.e.13360/click - {}
RESULT: {}
COMMAND: POST /session/c0099c8ef87d8f1a9c022bedeb80dcd8/execute/async - {"script":"<script> [1562 bytes]","args":[{"selector":{"id":"application-managepartners-display-component---NewPartner--btnAddTableRow","interaction":{"idSuffix":"inner"}},"wdio_ui5_key":"applicationmanagepartners-display-component---NewPartner--btnAddTableRow"}]}
COMMAND: GET /session/c0099c8ef87d8f1a9c022bedeb80dcd8/screenshot - {}
RESULT: {"script":"<script> [1562 bytes]","args":[{"selector":{"id":"application-managepartners-display-component---NewPartner--btnAddTableRow","interaction":{"idSuffix":"inner"}},"wdio_ui5_key":"applicationmanagepartners-display-component---NewPartner--btnAddTableRow"}]}
RESULT: undefined
COMMAND: POST /session/c0099c8ef87d8f1a9c022bedeb80dcd8/element - {"using":"xpath","value":"//*[@id=\"application-managepartners-display-component---NewPartner--btnAddTableRow\"]"}
RESULT: {}
RESULT: {"using":"xpath","value":"//*[@id=\"application-managepartners-display-component---NewPartner--btnAddTableRow\"]"}
COMMAND: POST /session/c0099c8ef87d8f1a9c022bedeb80dcd8/element/f.37E7500FB3BEF60B72C91044CCDB3F00.d.AF9B8CAC7F7CE40E3C00123A506C4B53.e.13365/click - {}
RESULT: {}
COMMAND: POST /session/c0099c8ef87d8f1a9c022bedeb80dcd8/element - {"using":"css selector","value":"#application-managepartners-display-component---NewPartner--assignmentYard-application-managepartners-display-component---NewPartner--assignmentsTable-0-inner"}
COMMAND: GET /session/c0099c8ef87d8f1a9c022bedeb80dcd8/screenshot - {}
RESULT: {"using":"css selector","value":"#application-managepartners-display-component---NewPartner--assignmentYard-application-managepartners-display-component---NewPartner--assignmentsTable-0-inner"}
COMMAND: POST /session/c0099c8ef87d8f1a9c022bedeb80dcd8/element/f.37E7500FB3BEF60B72C91044CCDB3F00.d.AF9B8CAC7F7CE40E3C00123A506C4B53.e.13367/clear - {}
RESULT: {}
RESULT: {}
COMMAND: POST /session/c0099c8ef87d8f1a9c022bedeb80dcd8/element/f.37E7500FB3BEF60B72C91044CCDB3F00.d.AF9B8CAC7F7CE40E3C00123A506C4B53.e.13367/value - {"text":"512"}
COMMAND: GET /session/c0099c8ef87d8f1a9c022bedeb80dcd8/screenshot - {}
RESULT: {"text":"512"}
COMMAND: POST /session/c0099c8ef87d8f1a9c022bedeb80dcd8/execute/async - {"script":"<script> [1562 bytes]","args":[{"selector":{"id":"application-managepartners-display-component---NewPartner--assignmentYard-application-managepartners-display-component---NewPartner--assignmentsTable-0-arrow"},"wdio_ui5_key":"applicationmanagepartners-display-component---NewPartner--assignmentYard-application-managepartners-display-component---NewPartner--assignmentsTable-0-arrow"}]}
COMMAND: GET /session/c0099c8ef87d8f1a9c022bedeb80dcd8/screenshot - {}
RESULT: {}
RESULT: {"script":"<script> [1562 bytes]","args":[{"selector":{"id":"application-managepartners-display-component---NewPartner--assignmentYard-application-managepartners-display-component---NewPartner--assignmentsTable-0-arrow"},"wdio_ui5_key":"applicationmanagepartners-display-component---NewPartner--assignmentYard-application-managepartners-display-component---NewPartner--assignmentsTable-0-arrow"}]}
RESULT: undefined
COMMAND: POST /session/c0099c8ef87d8f1a9c022bedeb80dcd8/element - {"using":"xpath","value":"//*[@id=\"application-managepartners-display-component---NewPartner--assignmentYard-application-managepartners-display-component---NewPartner--assignmentsTable-0-arrow\"]"}
RESULT: {}
RESULT: {"using":"xpath","value":"//*[@id=\"application-managepartners-display-component---NewPartner--assignmentYard-application-managepartners-display-component---NewPartner--assignmentsTable-0-arrow\"]"}
COMMAND: POST /session/c0099c8ef87d8f1a9c022bedeb80dcd8/element/f.37E7500FB3BEF60B72C91044CCDB3F00.d.AF9B8CAC7F7CE40E3C00123A506C4B53.e.13375/click - {}
RESULT: {}
COMMAND: GET /session/c0099c8ef87d8f1a9c022bedeb80dcd8/screenshot - {}
RESULT: {}
COMMAND: POST /session/c0099c8ef87d8f1a9c022bedeb80dcd8/execute/async - {"script":"<script> [1562 bytes]","args":[{"selector":{"controlType":"sap.m.Button","viewName":"etm.portal.ui.managepartners.view.NewPartner","viewId":"application-managepartners-display-component---NewPartner","i18NText":{"propertyName":"text","key":"save"},"interaction":{"idSuffix":"BDI-content"}},"wdio_ui5_key":"etmportal.ui.managepartners.view.NewPartnersap.m.Button{\"propertyName\":\"text\",\"key\":\"save\"}"}]}
RESULT: {"script":"<script> [1562 bytes]","args":[{"selector":{"controlType":"sap.m.Button","viewName":"etm.portal.ui.managepartners.view.NewPartner","viewId":"application-managepartners-display-component---NewPartner","i18NText":{"propertyName":"text","key":"save"},"interaction":{"idSuffix":"BDI-content"}},"wdio_ui5_key":"etmportal.ui.managepartners.view.NewPartnersap.m.Button{\"propertyName\":\"text\",\"key\":\"save\"}"}]}
RESULT: undefined
COMMAND: POST /session/c0099c8ef87d8f1a9c022bedeb80dcd8/element - {"using":"xpath","value":"//*[@id=\"__button127\"]"}
RESULT: {"using":"xpath","value":"//*[@id=\"__button127\"]"}
COMMAND: POST /session/c0099c8ef87d8f1a9c022bedeb80dcd8/element/f.37E7500FB3BEF60B72C91044CCDB3F00.d.AF9B8CAC7F7CE40E3C00123A506C4B53.e.13259/click - {}
RESULT: {}
COMMAND: GET /session/c0099c8ef87d8f1a9c022bedeb80dcd8/screenshot - {}
RESULT: {}
COMMAND: POST /session/c0099c8ef87d8f1a9c022bedeb80dcd8/execute/async - {"script":"<script> [1562 bytes]","args":[{"selector":{"controlType":"sap.m.Text","viewName":"etm.portal.ui.managepartners.view.Detail","viewId":"application-managepartners-display-component---detailPtm","bindingPath":{"propertyPath":"ID","modelName":"catalogModel"}},"wdio_ui5_key":"etmportal.ui.managepartners.view.Detailsap.m.Text{\"propertyPath\":\"ID\",\"modelName\":\"catalogModel\"}"}]}
RESULT: {"script":"<script> [1562 bytes]","args":[{"selector":{"controlType":"sap.m.Text","viewName":"etm.portal.ui.managepartners.view.Detail","viewId":"application-managepartners-display-component---detailPtm","bindingPath":{"propertyPath":"ID","modelName":"catalogModel"}},"wdio_ui5_key":"etmportal.ui.managepartners.view.Detailsap.m.Text{\"propertyPath\":\"ID\",\"modelName\":\"catalogModel\"}"}]}
RESULT: undefined
COMMAND: POST /session/c0099c8ef87d8f1a9c022bedeb80dcd8/execute/async - {"script":"<script> [6424 bytes]","args":[{"element-6066-11e4-a52e-4f735466cecf":"f.37E7500FB3BEF60B72C91044CCDB3F00.d.AF9B8CAC7F7CE40E3C00123A506C4B53.e.13539"},"getText",[]]}
RESULT: {"script":"<script> [6424 bytes]","args":[{"element-6066-11e4-a52e-4f735466cecf":"f.37E7500FB3BEF60B72C91044CCDB3F00.d.AF9B8CAC7F7CE40E3C00123A506C4B53.e.13539"},"getText",[]]}
COMMAND: POST /session/c0099c8ef87d8f1a9c022bedeb80dcd8/element - {"using":"css selector","value":"#shell-header-logo"}
RESULT: {"using":"css selector","value":"#shell-header-logo"}
COMMAND: POST /session/c0099c8ef87d8f1a9c022bedeb80dcd8/element/f.37E7500FB3BEF60B72C91044CCDB3F00.d.AF9B8CAC7F7CE40E3C00123A506C4B53.e.12870/click - {}
RESULT: {}
]]></system-out>
    </testcase>
    <testcase classname="chrome.135_0_7049_96.windows.Return_from_Site_w/_warehouse_management_w/_clarification_US125588" name="Should create a new WHM Material" time="78.305">
      <system-out><![CDATA[
COMMAND: POST /session/c0099c8ef87d8f1a9c022bedeb80dcd8/execute/async - {"script":"<script> [1562 bytes]","args":[{"selector":{"controlType":"sap.m.GenericTile","properties":{"header":"Manage Resources"}},"wdio_ui5_key":"sapm.GenericTile{\"header\":\"Manage Resources\"}"}]}
COMMAND: GET /session/c0099c8ef87d8f1a9c022bedeb80dcd8/screenshot - {}
RESULT: {"script":"<script> [1562 bytes]","args":[{"selector":{"controlType":"sap.m.GenericTile","properties":{"header":"Manage Resources"}},"wdio_ui5_key":"sapm.GenericTile{\"header\":\"Manage Resources\"}"}]}
RESULT: undefined
COMMAND: POST /session/c0099c8ef87d8f1a9c022bedeb80dcd8/element - {"using":"xpath","value":"//*[@id=\"__tile39\"]"}
RESULT: {}
RESULT: {"using":"xpath","value":"//*[@id=\"__tile39\"]"}
COMMAND: POST /session/c0099c8ef87d8f1a9c022bedeb80dcd8/element/f.37E7500FB3BEF60B72C91044CCDB3F00.d.AF9B8CAC7F7CE40E3C00123A506C4B53.e.13541/click - {}
RESULT: {}
COMMAND: POST /session/c0099c8ef87d8f1a9c022bedeb80dcd8/execute/async - {"script":"<script> [1562 bytes]","args":[{"selector":{"controlType":"sap.m.OverflowToolbarButton","viewName":"etm.portal.ui.manageresources.view.Master","viewId":"application-manageresources-display-component---masterRU","bindingPath":{"path":"","propertyPath":"/isLogbook","modelName":"minimumStockRPGModel"},"interaction":{"idSuffix":"inner"}},"wdio_ui5_key":"etmportal.ui.manageresources.view.Mastersap.m.OverflowToolbarButton{\"path\":\"\",\"propertyPath\":\"/isLogbook\",\"modelName\":\"minimumStockRPGModel\"}"}]}
COMMAND: GET /session/c0099c8ef87d8f1a9c022bedeb80dcd8/screenshot - {}
RESULT: {"script":"<script> [1562 bytes]","args":[{"selector":{"controlType":"sap.m.OverflowToolbarButton","viewName":"etm.portal.ui.manageresources.view.Master","viewId":"application-manageresources-display-component---masterRU","bindingPath":{"path":"","propertyPath":"/isLogbook","modelName":"minimumStockRPGModel"},"interaction":{"idSuffix":"inner"}},"wdio_ui5_key":"etmportal.ui.manageresources.view.Mastersap.m.OverflowToolbarButton{\"path\":\"\",\"propertyPath\":\"/isLogbook\",\"modelName\":\"minimumStockRPGModel\"}"}]}
RESULT: undefined
COMMAND: POST /session/c0099c8ef87d8f1a9c022bedeb80dcd8/element - {"using":"xpath","value":"//*[@id=\"__button168\"]"}
RESULT: {}
RESULT: {"using":"xpath","value":"//*[@id=\"__button168\"]"}
COMMAND: POST /session/c0099c8ef87d8f1a9c022bedeb80dcd8/element/f.37E7500FB3BEF60B72C91044CCDB3F00.d.AF9B8CAC7F7CE40E3C00123A506C4B53.e.13581/click - {}
RESULT: {}
COMMAND: GET /session/c0099c8ef87d8f1a9c022bedeb80dcd8/screenshot - {}
COMMAND: POST /session/c0099c8ef87d8f1a9c022bedeb80dcd8/execute/async - {"script":"<script> [1562 bytes]","args":[{"selector":{"id":"application-manageresources-display-component---newResourceUnit--TYPE-arrow"},"wdio_ui5_key":"applicationmanageresources-display-component---newResourceUnit--TYPE-arrow"}]}
RESULT: {}
RESULT: {"script":"<script> [1562 bytes]","args":[{"selector":{"id":"application-manageresources-display-component---newResourceUnit--TYPE-arrow"},"wdio_ui5_key":"applicationmanageresources-display-component---newResourceUnit--TYPE-arrow"}]}
RESULT: undefined
COMMAND: POST /session/c0099c8ef87d8f1a9c022bedeb80dcd8/element - {"using":"xpath","value":"//*[@id=\"application-manageresources-display-component---newResourceUnit--TYPE-arrow\"]"}
RESULT: {"using":"xpath","value":"//*[@id=\"application-manageresources-display-component---newResourceUnit--TYPE-arrow\"]"}
COMMAND: POST /session/c0099c8ef87d8f1a9c022bedeb80dcd8/element/f.37E7500FB3BEF60B72C91044CCDB3F00.d.AF9B8CAC7F7CE40E3C00123A506C4B53.e.13906/click - {}
RESULT: {}
COMMAND: POST /session/c0099c8ef87d8f1a9c022bedeb80dcd8/execute/async - {"script":"<script> [1562 bytes]","args":[{"selector":{"controlType":"sap.m.StandardListItem","viewName":"reusables.view.manageresources.NewResourceUnit","viewId":"application-manageresources-display-component---newResourceUnit","properties":{"title":"Material"},"searchOpenDialogs":true,"interaction":{"idSuffix":"content"}},"wdio_ui5_key":"reusablesview.manageresources.NewResourceUnitsap.m.StandardListItem{\"title\":\"Material\"}"}]}
COMMAND: GET /session/c0099c8ef87d8f1a9c022bedeb80dcd8/screenshot - {}
RESULT: {"script":"<script> [1562 bytes]","args":[{"selector":{"controlType":"sap.m.StandardListItem","viewName":"reusables.view.manageresources.NewResourceUnit","viewId":"application-manageresources-display-component---newResourceUnit","properties":{"title":"Material"},"searchOpenDialogs":true,"interaction":{"idSuffix":"content"}},"wdio_ui5_key":"reusablesview.manageresources.NewResourceUnitsap.m.StandardListItem{\"title\":\"Material\"}"}]}
RESULT: undefined
COMMAND: POST /session/c0099c8ef87d8f1a9c022bedeb80dcd8/element - {"using":"xpath","value":"//*[@id=\"__item1550\"]"}
RESULT: {}
RESULT: {"using":"xpath","value":"//*[@id=\"__item1550\"]"}
COMMAND: POST /session/c0099c8ef87d8f1a9c022bedeb80dcd8/element/f.37E7500FB3BEF60B72C91044CCDB3F00.d.AF9B8CAC7F7CE40E3C00123A506C4B53.e.13909/click - {}
RESULT: {}
COMMAND: POST /session/c0099c8ef87d8f1a9c022bedeb80dcd8/execute/async - {"script":"<script> [1562 bytes]","args":[{"selector":{"id":"application-manageresources-display-component---newResourceUnit--resourceId","interaction":{"idSuffix":"inner"}},"wdio_ui5_key":"applicationmanageresources-display-component---newResourceUnit--resourceId"}]}
COMMAND: GET /session/c0099c8ef87d8f1a9c022bedeb80dcd8/screenshot - {}
RESULT: {"script":"<script> [1562 bytes]","args":[{"selector":{"id":"application-manageresources-display-component---newResourceUnit--resourceId","interaction":{"idSuffix":"inner"}},"wdio_ui5_key":"applicationmanageresources-display-component---newResourceUnit--resourceId"}]}
RESULT: undefined
COMMAND: POST /session/c0099c8ef87d8f1a9c022bedeb80dcd8/execute/async - {"script":"<script> [1562 bytes]","args":[{"selector":{"id":"application-manageresources-display-component---newResourceUnit--SHORT_TEXT","interaction":{"idSuffix":"inner"}},"wdio_ui5_key":"applicationmanageresources-display-component---newResourceUnit--SHORT_TEXT"}]}
RESULT: {}
RESULT: {"script":"<script> [1562 bytes]","args":[{"selector":{"id":"application-manageresources-display-component---newResourceUnit--SHORT_TEXT","interaction":{"idSuffix":"inner"}},"wdio_ui5_key":"applicationmanageresources-display-component---newResourceUnit--SHORT_TEXT"}]}
RESULT: undefined
COMMAND: POST /session/c0099c8ef87d8f1a9c022bedeb80dcd8/execute/async - {"script":"<script> [776 bytes]","args":[{"enterText":"material WHM","selector":{"id":"application-manageresources-display-component---newResourceUnit--SHORT_TEXT","interaction":{"idSuffix":"inner"}},"clearTextFirst":true,"interactionType":"ENTER_TEXT"}]}
RESULT: {"script":"<script> [776 bytes]","args":[{"enterText":"material WHM","selector":{"id":"application-manageresources-display-component---newResourceUnit--SHORT_TEXT","interaction":{"idSuffix":"inner"}},"clearTextFirst":true,"interactionType":"ENTER_TEXT"}]}
COMMAND: POST /session/c0099c8ef87d8f1a9c022bedeb80dcd8/execute/async - {"script":"<script> [1562 bytes]","args":[{"selector":{"id":"application-manageresources-display-component---newResourceUnit--BASE_UNIT_OF_MEASURE","interaction":{"idSuffix":"inner"}},"wdio_ui5_key":"applicationmanageresources-display-component---newResourceUnit--BASE_UNIT_OF_MEASURE"}]}
RESULT: {"script":"<script> [1562 bytes]","args":[{"selector":{"id":"application-manageresources-display-component---newResourceUnit--BASE_UNIT_OF_MEASURE","interaction":{"idSuffix":"inner"}},"wdio_ui5_key":"applicationmanageresources-display-component---newResourceUnit--BASE_UNIT_OF_MEASURE"}]}
RESULT: undefined
COMMAND: POST /session/c0099c8ef87d8f1a9c022bedeb80dcd8/execute/async - {"script":"<script> [776 bytes]","args":[{"enterText":"Piece","selector":{"id":"application-manageresources-display-component---newResourceUnit--BASE_UNIT_OF_MEASURE","interaction":{"idSuffix":"inner"}},"clearTextFirst":true,"interactionType":"ENTER_TEXT"}]}
RESULT: {"script":"<script> [776 bytes]","args":[{"enterText":"Piece","selector":{"id":"application-manageresources-display-component---newResourceUnit--BASE_UNIT_OF_MEASURE","interaction":{"idSuffix":"inner"}},"clearTextFirst":true,"interactionType":"ENTER_TEXT"}]}
COMMAND: POST /session/c0099c8ef87d8f1a9c022bedeb80dcd8/execute/async - {"script":"<script> [1562 bytes]","args":[{"selector":{"id":"application-manageresources-display-component---newResourceUnit--WEIGHT_UNIT","interaction":{"idSuffix":"inner"}},"wdio_ui5_key":"applicationmanageresources-display-component---newResourceUnit--WEIGHT_UNIT"}]}
RESULT: {"script":"<script> [1562 bytes]","args":[{"selector":{"id":"application-manageresources-display-component---newResourceUnit--WEIGHT_UNIT","interaction":{"idSuffix":"inner"}},"wdio_ui5_key":"applicationmanageresources-display-component---newResourceUnit--WEIGHT_UNIT"}]}
RESULT: undefined
COMMAND: POST /session/c0099c8ef87d8f1a9c022bedeb80dcd8/execute/async - {"script":"<script> [776 bytes]","args":[{"enterText":"Gram","selector":{"id":"application-manageresources-display-component---newResourceUnit--WEIGHT_UNIT","interaction":{"idSuffix":"inner"}},"clearTextFirst":true,"interactionType":"ENTER_TEXT"}]}
RESULT: {"script":"<script> [776 bytes]","args":[{"enterText":"Gram","selector":{"id":"application-manageresources-display-component---newResourceUnit--WEIGHT_UNIT","interaction":{"idSuffix":"inner"}},"clearTextFirst":true,"interactionType":"ENTER_TEXT"}]}
COMMAND: POST /session/c0099c8ef87d8f1a9c022bedeb80dcd8/execute/async - {"script":"<script> [1562 bytes]","args":[{"selector":{"id":"application-manageresources-display-component---newResourceUnit--DIMENSION_UNIT","interaction":{"idSuffix":"inner"}},"wdio_ui5_key":"applicationmanageresources-display-component---newResourceUnit--DIMENSION_UNIT"}]}
RESULT: {"script":"<script> [1562 bytes]","args":[{"selector":{"id":"application-manageresources-display-component---newResourceUnit--DIMENSION_UNIT","interaction":{"idSuffix":"inner"}},"wdio_ui5_key":"applicationmanageresources-display-component---newResourceUnit--DIMENSION_UNIT"}]}
RESULT: undefined
COMMAND: POST /session/c0099c8ef87d8f1a9c022bedeb80dcd8/execute/async - {"script":"<script> [776 bytes]","args":[{"enterText":"Meter","selector":{"id":"application-manageresources-display-component---newResourceUnit--DIMENSION_UNIT","interaction":{"idSuffix":"inner"}},"clearTextFirst":true,"interactionType":"ENTER_TEXT"}]}
RESULT: {"script":"<script> [776 bytes]","args":[{"enterText":"Meter","selector":{"id":"application-manageresources-display-component---newResourceUnit--DIMENSION_UNIT","interaction":{"idSuffix":"inner"}},"clearTextFirst":true,"interactionType":"ENTER_TEXT"}]}
COMMAND: POST /session/c0099c8ef87d8f1a9c022bedeb80dcd8/execute/async - {"script":"<script> [1562 bytes]","args":[{"selector":{"id":"application-manageresources-display-component---newResourceUnit--newRRUPage-anchBar-application-manageresources-display-component---newResourceUnit--control-anchor","interaction":{"idSuffix":"content"}},"wdio_ui5_key":"applicationmanageresources-display-component---newResourceUnit--newRRUPage-anchBar-application-manageresources-display-component---newResourceUnit--control-anchor"}]}
RESULT: {"script":"<script> [1562 bytes]","args":[{"selector":{"id":"application-manageresources-display-component---newResourceUnit--newRRUPage-anchBar-application-manageresources-display-component---newResourceUnit--control-anchor","interaction":{"idSuffix":"content"}},"wdio_ui5_key":"applicationmanageresources-display-component---newResourceUnit--newRRUPage-anchBar-application-manageresources-display-component---newResourceUnit--control-anchor"}]}
RESULT: undefined
COMMAND: POST /session/c0099c8ef87d8f1a9c022bedeb80dcd8/element - {"using":"xpath","value":"//*[@id=\"application-manageresources-display-component---newResourceUnit--newRRUPage-anchBar-application-manageresources-display-component---newResourceUnit--control-anchor\"]"}
RESULT: {"using":"xpath","value":"//*[@id=\"application-manageresources-display-component---newResourceUnit--newRRUPage-anchBar-application-manageresources-display-component---newResourceUnit--control-anchor\"]"}
COMMAND: POST /session/c0099c8ef87d8f1a9c022bedeb80dcd8/element/f.37E7500FB3BEF60B72C91044CCDB3F00.d.AF9B8CAC7F7CE40E3C00123A506C4B53.e.13973/click - {}
RESULT: {}
COMMAND: POST /session/c0099c8ef87d8f1a9c022bedeb80dcd8/execute/async - {"script":"<script> [1562 bytes]","args":[{"selector":{"id":"application-manageresources-display-component---newResourceUnit--PLANNING_GROUP","interaction":{"idSuffix":"inner"}},"wdio_ui5_key":"applicationmanageresources-display-component---newResourceUnit--PLANNING_GROUP"}]}
COMMAND: GET /session/c0099c8ef87d8f1a9c022bedeb80dcd8/screenshot - {}
RESULT: {"script":"<script> [1562 bytes]","args":[{"selector":{"id":"application-manageresources-display-component---newResourceUnit--PLANNING_GROUP","interaction":{"idSuffix":"inner"}},"wdio_ui5_key":"applicationmanageresources-display-component---newResourceUnit--PLANNING_GROUP"}]}
RESULT: undefined
COMMAND: POST /session/c0099c8ef87d8f1a9c022bedeb80dcd8/execute/async - {"script":"<script> [776 bytes]","args":[{"enterText":"Heavy Equi","selector":{"id":"application-manageresources-display-component---newResourceUnit--PLANNING_GROUP","interaction":{"idSuffix":"inner"}},"clearTextFirst":true,"interactionType":"ENTER_TEXT"}]}
RESULT: {}
RESULT: {"script":"<script> [776 bytes]","args":[{"enterText":"Heavy Equi","selector":{"id":"application-manageresources-display-component---newResourceUnit--PLANNING_GROUP","interaction":{"idSuffix":"inner"}},"clearTextFirst":true,"interactionType":"ENTER_TEXT"}]}
COMMAND: POST /session/c0099c8ef87d8f1a9c022bedeb80dcd8/execute/async - {"script":"<script> [1562 bytes]","args":[{"selector":{"id":"application-manageresources-display-component---newResourceUnit--PLANNING_INDICATOR","interaction":{"idSuffix":"inner"}},"wdio_ui5_key":"applicationmanageresources-display-component---newResourceUnit--PLANNING_INDICATOR"}]}
RESULT: {"script":"<script> [1562 bytes]","args":[{"selector":{"id":"application-manageresources-display-component---newResourceUnit--PLANNING_INDICATOR","interaction":{"idSuffix":"inner"}},"wdio_ui5_key":"applicationmanageresources-display-component---newResourceUnit--PLANNING_INDICATOR"}]}
RESULT: undefined
COMMAND: POST /session/c0099c8ef87d8f1a9c022bedeb80dcd8/execute/async - {"script":"<script> [776 bytes]","args":[{"enterText":"10 - infinite","selector":{"id":"application-manageresources-display-component---newResourceUnit--PLANNING_INDICATOR","interaction":{"idSuffix":"inner"}},"clearTextFirst":true,"interactionType":"ENTER_TEXT"}]}
RESULT: {"script":"<script> [776 bytes]","args":[{"enterText":"10 - infinite","selector":{"id":"application-manageresources-display-component---newResourceUnit--PLANNING_INDICATOR","interaction":{"idSuffix":"inner"}},"clearTextFirst":true,"interactionType":"ENTER_TEXT"}]}
COMMAND: POST /session/c0099c8ef87d8f1a9c022bedeb80dcd8/actions - {"actions":[{"id":"action56","type":"key","parameters":{},"actions":[{"type":"keyDown","value":"î€‡"},{"type":"pause","duration":10},{"type":"keyUp","value":"î€‡"}]}]}
RESULT: {"actions":[{"id":"action56","type":"key","parameters":{},"actions":[{"type":"keyDown","value":"î€‡"},{"type":"pause","duration":10},{"type":"keyUp","value":"î€‡"}]}]}
COMMAND: POST /session/c0099c8ef87d8f1a9c022bedeb80dcd8/execute/async - {"script":"<script> [1562 bytes]","args":[{"selector":{"id":"application-manageresources-display-component---newResourceUnit--ITEM_TYPE-arrow"},"wdio_ui5_key":"applicationmanageresources-display-component---newResourceUnit--ITEM_TYPE-arrow"}]}
COMMAND: GET /session/c0099c8ef87d8f1a9c022bedeb80dcd8/screenshot - {}
RESULT: {"script":"<script> [1562 bytes]","args":[{"selector":{"id":"application-manageresources-display-component---newResourceUnit--ITEM_TYPE-arrow"},"wdio_ui5_key":"applicationmanageresources-display-component---newResourceUnit--ITEM_TYPE-arrow"}]}
RESULT: undefined
COMMAND: POST /session/c0099c8ef87d8f1a9c022bedeb80dcd8/element - {"using":"xpath","value":"//*[@id=\"application-manageresources-display-component---newResourceUnit--ITEM_TYPE-arrow\"]"}
RESULT: {}
RESULT: {"using":"xpath","value":"//*[@id=\"application-manageresources-display-component---newResourceUnit--ITEM_TYPE-arrow\"]"}
COMMAND: POST /session/c0099c8ef87d8f1a9c022bedeb80dcd8/element/f.37E7500FB3BEF60B72C91044CCDB3F00.d.AF9B8CAC7F7CE40E3C00123A506C4B53.e.13981/click - {}
RESULT: {}
COMMAND: POST /session/c0099c8ef87d8f1a9c022bedeb80dcd8/execute/async - {"script":"<script> [1562 bytes]","args":[{"selector":{"controlType":"sap.m.StandardListItem","viewName":"reusables.view.manageresources.NewResourceUnit","viewId":"application-manageresources-display-component---newResourceUnit","properties":{"title":"Resource Unit"},"searchOpenDialogs":true,"interaction":{"idSuffix":"titleText"}},"wdio_ui5_key":"reusablesview.manageresources.NewResourceUnitsap.m.StandardListItem{\"title\":\"Resource Unit\"}"}]}
COMMAND: GET /session/c0099c8ef87d8f1a9c022bedeb80dcd8/screenshot - {}
RESULT: {"script":"<script> [1562 bytes]","args":[{"selector":{"controlType":"sap.m.StandardListItem","viewName":"reusables.view.manageresources.NewResourceUnit","viewId":"application-manageresources-display-component---newResourceUnit","properties":{"title":"Resource Unit"},"searchOpenDialogs":true,"interaction":{"idSuffix":"titleText"}},"wdio_ui5_key":"reusablesview.manageresources.NewResourceUnitsap.m.StandardListItem{\"title\":\"Resource Unit\"}"}]}
RESULT: undefined
RESULT: {}
COMMAND: POST /session/c0099c8ef87d8f1a9c022bedeb80dcd8/execute/async - {"script":"<script> [1562 bytes]","args":[{"selector":{"controlType":"sap.m.Label","viewName":"reusables.view.manageresources.NewResourceUnit","viewId":"application-manageresources-display-component---newResourceUnit","i18NText":{"propertyName":"text","key":"planningGroup"},"interaction":{"idSuffix":"bdi"}},"wdio_ui5_key":"reusablesview.manageresources.NewResourceUnitsap.m.Label{\"propertyName\":\"text\",\"key\":\"planningGroup\"}"}]}
RESULT: {"script":"<script> [1562 bytes]","args":[{"selector":{"controlType":"sap.m.Label","viewName":"reusables.view.manageresources.NewResourceUnit","viewId":"application-manageresources-display-component---newResourceUnit","i18NText":{"propertyName":"text","key":"planningGroup"},"interaction":{"idSuffix":"bdi"}},"wdio_ui5_key":"reusablesview.manageresources.NewResourceUnitsap.m.Label{\"propertyName\":\"text\",\"key\":\"planningGroup\"}"}]}
RESULT: undefined
COMMAND: POST /session/c0099c8ef87d8f1a9c022bedeb80dcd8/element - {"using":"xpath","value":"//*[@id=\"__label263\"]"}
RESULT: {"using":"xpath","value":"//*[@id=\"__label263\"]"}
COMMAND: POST /session/c0099c8ef87d8f1a9c022bedeb80dcd8/element/f.37E7500FB3BEF60B72C91044CCDB3F00.d.AF9B8CAC7F7CE40E3C00123A506C4B53.e.13983/click - {}
RESULT: {}
COMMAND: GET /session/c0099c8ef87d8f1a9c022bedeb80dcd8/screenshot - {}
RESULT: {}
COMMAND: POST /session/c0099c8ef87d8f1a9c022bedeb80dcd8/actions - {"actions":[{"type":"key","id":"keyboard","actions":[{"type":"keyDown","value":"î›"}]}]}
RESULT: {"actions":[{"type":"key","id":"keyboard","actions":[{"type":"keyDown","value":"î›"}]}]}
COMMAND: GET /session/c0099c8ef87d8f1a9c022bedeb80dcd8/screenshot - {}
RESULT: {}
COMMAND: POST /session/c0099c8ef87d8f1a9c022bedeb80dcd8/actions - {"actions":[{"type":"key","id":"keyboard","actions":[{"type":"keyDown","value":"î›"}]}]}
RESULT: {"actions":[{"type":"key","id":"keyboard","actions":[{"type":"keyDown","value":"î›"}]}]}
COMMAND: GET /session/c0099c8ef87d8f1a9c022bedeb80dcd8/screenshot - {}
RESULT: {}
COMMAND: POST /session/c0099c8ef87d8f1a9c022bedeb80dcd8/actions - {"actions":[{"type":"key","id":"keyboard","actions":[{"type":"keyDown","value":"î›"}]}]}
RESULT: {"actions":[{"type":"key","id":"keyboard","actions":[{"type":"keyDown","value":"î›"}]}]}
COMMAND: GET /session/c0099c8ef87d8f1a9c022bedeb80dcd8/screenshot - {}
RESULT: {}
COMMAND: POST /session/c0099c8ef87d8f1a9c022bedeb80dcd8/actions - {"actions":[{"type":"key","id":"keyboard","actions":[{"type":"keyDown","value":"î›"}]}]}
RESULT: {"actions":[{"type":"key","id":"keyboard","actions":[{"type":"keyDown","value":"î›"}]}]}
COMMAND: GET /session/c0099c8ef87d8f1a9c022bedeb80dcd8/screenshot - {}
RESULT: {}
COMMAND: POST /session/c0099c8ef87d8f1a9c022bedeb80dcd8/actions - {"actions":[{"type":"key","id":"keyboard","actions":[{"type":"keyDown","value":"î›"}]}]}
RESULT: {"actions":[{"type":"key","id":"keyboard","actions":[{"type":"keyDown","value":"î›"}]}]}
COMMAND: GET /session/c0099c8ef87d8f1a9c022bedeb80dcd8/screenshot - {}
RESULT: {}
COMMAND: POST /session/c0099c8ef87d8f1a9c022bedeb80dcd8/actions - {"actions":[{"type":"key","id":"keyboard","actions":[{"type":"keyDown","value":"î›"}]}]}
RESULT: {"actions":[{"type":"key","id":"keyboard","actions":[{"type":"keyDown","value":"î›"}]}]}
COMMAND: GET /session/c0099c8ef87d8f1a9c022bedeb80dcd8/screenshot - {}
RESULT: {}
COMMAND: POST /session/c0099c8ef87d8f1a9c022bedeb80dcd8/execute/async - {"script":"<script> [1562 bytes]","args":[{"selector":{"id":"application-manageresources-display-component---newResourceUnit--btnAddTimeSegment-img"},"wdio_ui5_key":"applicationmanageresources-display-component---newResourceUnit--btnAddTimeSegment-img"}]}
RESULT: {"script":"<script> [1562 bytes]","args":[{"selector":{"id":"application-manageresources-display-component---newResourceUnit--btnAddTimeSegment-img"},"wdio_ui5_key":"applicationmanageresources-display-component---newResourceUnit--btnAddTimeSegment-img"}]}
RESULT: undefined
COMMAND: POST /session/c0099c8ef87d8f1a9c022bedeb80dcd8/element - {"using":"xpath","value":"//*[@id=\"application-manageresources-display-component---newResourceUnit--btnAddTimeSegment-img\"]"}
RESULT: {"using":"xpath","value":"//*[@id=\"application-manageresources-display-component---newResourceUnit--btnAddTimeSegment-img\"]"}
COMMAND: POST /session/c0099c8ef87d8f1a9c022bedeb80dcd8/element/f.37E7500FB3BEF60B72C91044CCDB3F00.d.AF9B8CAC7F7CE40E3C00123A506C4B53.e.13984/click - {}
RESULT: {}
COMMAND: POST /session/c0099c8ef87d8f1a9c022bedeb80dcd8/element - {"using":"xpath","value":"//input[@id=\"application-manageresources-display-component---newResourceUnit--idRuTSAdmin-application-manageresources-display-component---newResourceUnit--RUTimeSegment-0-inner\"]"}
COMMAND: GET /session/c0099c8ef87d8f1a9c022bedeb80dcd8/screenshot - {}
RESULT: {"using":"xpath","value":"//input[@id=\"application-manageresources-display-component---newResourceUnit--idRuTSAdmin-application-manageresources-display-component---newResourceUnit--RUTimeSegment-0-inner\"]"}
COMMAND: POST /session/c0099c8ef87d8f1a9c022bedeb80dcd8/element/f.37E7500FB3BEF60B72C91044CCDB3F00.d.AF9B8CAC7F7CE40E3C00123A506C4B53.e.13987/clear - {}
RESULT: {}
RESULT: {}
COMMAND: POST /session/c0099c8ef87d8f1a9c022bedeb80dcd8/element/f.37E7500FB3BEF60B72C91044CCDB3F00.d.AF9B8CAC7F7CE40E3C00123A506C4B53.e.13987/value - {"text":"512"}
COMMAND: GET /session/c0099c8ef87d8f1a9c022bedeb80dcd8/screenshot - {}
RESULT: {"text":"512"}
COMMAND: GET /session/c0099c8ef87d8f1a9c022bedeb80dcd8/screenshot - {}
RESULT: {}
RESULT: {}
COMMAND: POST /session/c0099c8ef87d8f1a9c022bedeb80dcd8/actions - {"actions":[{"id":"action57","type":"key","parameters":{},"actions":[{"type":"keyDown","value":"î€‡"},{"type":"pause","duration":10},{"type":"keyUp","value":"î€‡"}]}]}
RESULT: {"actions":[{"id":"action57","type":"key","parameters":{},"actions":[{"type":"keyDown","value":"î€‡"},{"type":"pause","duration":10},{"type":"keyUp","value":"î€‡"}]}]}
COMMAND: GET /session/c0099c8ef87d8f1a9c022bedeb80dcd8/screenshot - {}
RESULT: {}
COMMAND: POST /session/c0099c8ef87d8f1a9c022bedeb80dcd8/execute/async - {"script":"<script> [1562 bytes]","args":[{"selector":{"controlType":"sap.m.Button","viewName":"reusables.view.manageresources.NewResourceUnit","viewId":"application-manageresources-display-component---newResourceUnit","i18NText":{"propertyName":"tooltip","key":"save"},"interaction":{"idSuffix":"BDI-content"}},"wdio_ui5_key":"reusablesview.manageresources.NewResourceUnitsap.m.Button{\"propertyName\":\"tooltip\",\"key\":\"save\"}"}]}
RESULT: {"script":"<script> [1562 bytes]","args":[{"selector":{"controlType":"sap.m.Button","viewName":"reusables.view.manageresources.NewResourceUnit","viewId":"application-manageresources-display-component---newResourceUnit","i18NText":{"propertyName":"tooltip","key":"save"},"interaction":{"idSuffix":"BDI-content"}},"wdio_ui5_key":"reusablesview.manageresources.NewResourceUnitsap.m.Button{\"propertyName\":\"tooltip\",\"key\":\"save\"}"}]}
RESULT: undefined
COMMAND: POST /session/c0099c8ef87d8f1a9c022bedeb80dcd8/element - {"using":"xpath","value":"//*[@id=\"application-manageresources-display-component---newResourceUnit--createRuButton\"]"}
RESULT: {"using":"xpath","value":"//*[@id=\"application-manageresources-display-component---newResourceUnit--createRuButton\"]"}
COMMAND: POST /session/c0099c8ef87d8f1a9c022bedeb80dcd8/element/f.37E7500FB3BEF60B72C91044CCDB3F00.d.AF9B8CAC7F7CE40E3C00123A506C4B53.e.13922/click - {}
RESULT: {}
COMMAND: POST /session/c0099c8ef87d8f1a9c022bedeb80dcd8/execute/async - {"script":"<script> [1562 bytes]","args":[{"selector":{"controlType":"sap.m.Button","properties":{"text":"Close"},"searchOpenDialogs":true,"interaction":{"idSuffix":"BDI-content"}},"wdio_ui5_key":"sapm.Button{\"text\":\"Close\"}"}]}
COMMAND: GET /session/c0099c8ef87d8f1a9c022bedeb80dcd8/screenshot - {}
RESULT: {"script":"<script> [1562 bytes]","args":[{"selector":{"controlType":"sap.m.Button","properties":{"text":"Close"},"searchOpenDialogs":true,"interaction":{"idSuffix":"BDI-content"}},"wdio_ui5_key":"sapm.Button{\"text\":\"Close\"}"}]}
RESULT: undefined
COMMAND: POST /session/c0099c8ef87d8f1a9c022bedeb80dcd8/element - {"using":"xpath","value":"//*[@id=\"__mbox-btn-0\"]"}
RESULT: {}
RESULT: {"using":"xpath","value":"//*[@id=\"__mbox-btn-0\"]"}
COMMAND: POST /session/c0099c8ef87d8f1a9c022bedeb80dcd8/element/f.37E7500FB3BEF60B72C91044CCDB3F00.d.AF9B8CAC7F7CE40E3C00123A506C4B53.e.14000/click - {}
RESULT: {}
COMMAND: GET /session/c0099c8ef87d8f1a9c022bedeb80dcd8/screenshot - {}
RESULT: {}
COMMAND: POST /session/c0099c8ef87d8f1a9c022bedeb80dcd8/execute/async - {"script":"<script> [1562 bytes]","args":[{"selector":{"controlType":"sap.m.Text","viewName":"etm.portal.ui.manageresources.view.Detail","viewId":"application-manageresources-display-component---detailRU","bindingPath":{"propertyPath":"ID","modelName":"catalogModel"}},"wdio_ui5_key":"etmportal.ui.manageresources.view.Detailsap.m.Text{\"propertyPath\":\"ID\",\"modelName\":\"catalogModel\"}"}]}
RESULT: {"script":"<script> [1562 bytes]","args":[{"selector":{"controlType":"sap.m.Text","viewName":"etm.portal.ui.manageresources.view.Detail","viewId":"application-manageresources-display-component---detailRU","bindingPath":{"propertyPath":"ID","modelName":"catalogModel"}},"wdio_ui5_key":"etmportal.ui.manageresources.view.Detailsap.m.Text{\"propertyPath\":\"ID\",\"modelName\":\"catalogModel\"}"}]}
RESULT: undefined
COMMAND: POST /session/c0099c8ef87d8f1a9c022bedeb80dcd8/execute/async - {"script":"<script> [6424 bytes]","args":[{"element-6066-11e4-a52e-4f735466cecf":"f.37E7500FB3BEF60B72C91044CCDB3F00.d.AF9B8CAC7F7CE40E3C00123A506C4B53.e.14036"},"getText",[]]}
RESULT: {"script":"<script> [6424 bytes]","args":[{"element-6066-11e4-a52e-4f735466cecf":"f.37E7500FB3BEF60B72C91044CCDB3F00.d.AF9B8CAC7F7CE40E3C00123A506C4B53.e.14036"},"getText",[]]}
COMMAND: POST /session/c0099c8ef87d8f1a9c022bedeb80dcd8/element - {"using":"css selector","value":"#shell-header-logo"}
RESULT: {"using":"css selector","value":"#shell-header-logo"}
COMMAND: POST /session/c0099c8ef87d8f1a9c022bedeb80dcd8/element/f.37E7500FB3BEF60B72C91044CCDB3F00.d.AF9B8CAC7F7CE40E3C00123A506C4B53.e.13543/click - {}
RESULT: {}
COMMAND: GET /session/c0099c8ef87d8f1a9c022bedeb80dcd8/screenshot - {}
RESULT: {}
]]></system-out>
    </testcase>
    <testcase classname="chrome.135_0_7049_96.windows.Return_from_Site_w/_warehouse_management_w/_clarification_US125588" name="Bin Status Report Should Create New Organization yard" time="41.818">
      <system-out><![CDATA[
COMMAND: POST /session/c0099c8ef87d8f1a9c022bedeb80dcd8/execute/async - {"script":"<script> [1562 bytes]","args":[{"selector":{"controlType":"sap.m.GenericTile","properties":{"header":"Bin Status Report"}},"wdio_ui5_key":"sapm.GenericTile{\"header\":\"Bin Status Report\"}"}]}
RESULT: {"script":"<script> [1562 bytes]","args":[{"selector":{"controlType":"sap.m.GenericTile","properties":{"header":"Bin Status Report"}},"wdio_ui5_key":"sapm.GenericTile{\"header\":\"Bin Status Report\"}"}]}
RESULT: undefined
COMMAND: POST /session/c0099c8ef87d8f1a9c022bedeb80dcd8/element - {"using":"xpath","value":"//*[@id=\"__tile104\"]"}
RESULT: {"using":"xpath","value":"//*[@id=\"__tile104\"]"}
COMMAND: POST /session/c0099c8ef87d8f1a9c022bedeb80dcd8/element/f.37E7500FB3BEF60B72C91044CCDB3F00.d.AF9B8CAC7F7CE40E3C00123A506C4B53.e.14038/click - {}
RESULT: {}
COMMAND: GET /session/c0099c8ef87d8f1a9c022bedeb80dcd8/screenshot - {}
RESULT: {}
COMMAND: POST /session/c0099c8ef87d8f1a9c022bedeb80dcd8/execute/async - {"script":"<script> [1562 bytes]","args":[{"selector":{"id":"application-binstatusreport-display-component---warehousing--createOrgBtn","interaction":{"idSuffix":"content"}},"wdio_ui5_key":"applicationbinstatusreport-display-component---warehousing--createOrgBtn"}]}
RESULT: {"script":"<script> [1562 bytes]","args":[{"selector":{"id":"application-binstatusreport-display-component---warehousing--createOrgBtn","interaction":{"idSuffix":"content"}},"wdio_ui5_key":"applicationbinstatusreport-display-component---warehousing--createOrgBtn"}]}
RESULT: undefined
COMMAND: POST /session/c0099c8ef87d8f1a9c022bedeb80dcd8/element - {"using":"xpath","value":"//*[@id=\"application-binstatusreport-display-component---warehousing--createOrgBtn\"]"}
RESULT: {"using":"xpath","value":"//*[@id=\"application-binstatusreport-display-component---warehousing--createOrgBtn\"]"}
COMMAND: POST /session/c0099c8ef87d8f1a9c022bedeb80dcd8/element/f.37E7500FB3BEF60B72C91044CCDB3F00.d.AF9B8CAC7F7CE40E3C00123A506C4B53.e.14091/click - {}
RESULT: {}
COMMAND: POST /session/c0099c8ef87d8f1a9c022bedeb80dcd8/execute/async - {"script":"<script> [1562 bytes]","args":[{"selector":{"id":"createOrganizationPop--sectionInput","searchOpenDialogs":true,"interaction":{"idSuffix":"inner"}},"wdio_ui5_key":"createOrganizationPopsectionInput"}]}
COMMAND: GET /session/c0099c8ef87d8f1a9c022bedeb80dcd8/screenshot - {}
RESULT: {"script":"<script> [1562 bytes]","args":[{"selector":{"id":"createOrganizationPop--sectionInput","searchOpenDialogs":true,"interaction":{"idSuffix":"inner"}},"wdio_ui5_key":"createOrganizationPopsectionInput"}]}
RESULT: undefined
COMMAND: POST /session/c0099c8ef87d8f1a9c022bedeb80dcd8/execute/async - {"script":"<script> [776 bytes]","args":[{"enterText":"WDI512","selector":{"id":"createOrganizationPop--sectionInput","searchOpenDialogs":true,"interaction":{"idSuffix":"inner"}},"clearTextFirst":true,"interactionType":"ENTER_TEXT"}]}
RESULT: {}
RESULT: {"script":"<script> [776 bytes]","args":[{"enterText":"WDI512","selector":{"id":"createOrganizationPop--sectionInput","searchOpenDialogs":true,"interaction":{"idSuffix":"inner"}},"clearTextFirst":true,"interactionType":"ENTER_TEXT"}]}
COMMAND: POST /session/c0099c8ef87d8f1a9c022bedeb80dcd8/execute/async - {"script":"<script> [1562 bytes]","args":[{"selector":{"id":"createOrganizationPop--descriptionInput","searchOpenDialogs":true,"interaction":{"idSuffix":"inner"}},"wdio_ui5_key":"createOrganizationPopdescriptionInput"}]}
RESULT: {"script":"<script> [1562 bytes]","args":[{"selector":{"id":"createOrganizationPop--descriptionInput","searchOpenDialogs":true,"interaction":{"idSuffix":"inner"}},"wdio_ui5_key":"createOrganizationPopdescriptionInput"}]}
RESULT: undefined
COMMAND: POST /session/c0099c8ef87d8f1a9c022bedeb80dcd8/execute/async - {"script":"<script> [776 bytes]","args":[{"enterText":"Shipping512","selector":{"id":"createOrganizationPop--descriptionInput","searchOpenDialogs":true,"interaction":{"idSuffix":"inner"}},"clearTextFirst":true,"interactionType":"ENTER_TEXT"}]}
RESULT: {"script":"<script> [776 bytes]","args":[{"enterText":"Shipping512","selector":{"id":"createOrganizationPop--descriptionInput","searchOpenDialogs":true,"interaction":{"idSuffix":"inner"}},"clearTextFirst":true,"interactionType":"ENTER_TEXT"}]}
COMMAND: POST /session/c0099c8ef87d8f1a9c022bedeb80dcd8/element - {"using":"css selector","value":"#createOrganizationPop--yardOrg-inner"}
RESULT: {"using":"css selector","value":"#createOrganizationPop--yardOrg-inner"}
COMMAND: POST /session/c0099c8ef87d8f1a9c022bedeb80dcd8/element/f.37E7500FB3BEF60B72C91044CCDB3F00.d.AF9B8CAC7F7CE40E3C00123A506C4B53.e.14429/clear - {}
RESULT: {}
COMMAND: POST /session/c0099c8ef87d8f1a9c022bedeb80dcd8/element/f.37E7500FB3BEF60B72C91044CCDB3F00.d.AF9B8CAC7F7CE40E3C00123A506C4B53.e.14429/value - {"text":"512"}
COMMAND: GET /session/c0099c8ef87d8f1a9c022bedeb80dcd8/screenshot - {}
RESULT: {"text":"512"}
COMMAND: GET /session/c0099c8ef87d8f1a9c022bedeb80dcd8/screenshot - {}
RESULT: {}
RESULT: {}
COMMAND: POST /session/c0099c8ef87d8f1a9c022bedeb80dcd8/actions - {"actions":[{"id":"action58","type":"key","parameters":{},"actions":[{"type":"keyDown","value":"î€‡"},{"type":"pause","duration":10},{"type":"keyUp","value":"î€‡"}]}]}
RESULT: {"actions":[{"id":"action58","type":"key","parameters":{},"actions":[{"type":"keyDown","value":"î€‡"},{"type":"pause","duration":10},{"type":"keyUp","value":"î€‡"}]}]}
COMMAND: POST /session/c0099c8ef87d8f1a9c022bedeb80dcd8/execute/async - {"script":"<script> [1562 bytes]","args":[{"selector":{"id":"createOrganizationPop--grZone","searchOpenDialogs":true,"interaction":{"idSuffix":"CbBg"}},"wdio_ui5_key":"createOrganizationPopgrZone"}]}
COMMAND: GET /session/c0099c8ef87d8f1a9c022bedeb80dcd8/screenshot - {}
RESULT: {"script":"<script> [1562 bytes]","args":[{"selector":{"id":"createOrganizationPop--grZone","searchOpenDialogs":true,"interaction":{"idSuffix":"CbBg"}},"wdio_ui5_key":"createOrganizationPopgrZone"}]}
RESULT: undefined
COMMAND: POST /session/c0099c8ef87d8f1a9c022bedeb80dcd8/element - {"using":"xpath","value":"//*[@id=\"createOrganizationPop--grZone\"]"}
RESULT: {}
RESULT: {"using":"xpath","value":"//*[@id=\"createOrganizationPop--grZone\"]"}
COMMAND: POST /session/c0099c8ef87d8f1a9c022bedeb80dcd8/element/f.37E7500FB3BEF60B72C91044CCDB3F00.d.AF9B8CAC7F7CE40E3C00123A506C4B53.e.14450/click - {}
RESULT: {}
COMMAND: POST /session/c0099c8ef87d8f1a9c022bedeb80dcd8/execute/async - {"script":"<script> [1562 bytes]","args":[{"selector":{"id":"createOrganizationPop--giZone","searchOpenDialogs":true,"interaction":{"idSuffix":"CbBg"}},"wdio_ui5_key":"createOrganizationPopgiZone"}]}
COMMAND: GET /session/c0099c8ef87d8f1a9c022bedeb80dcd8/screenshot - {}
RESULT: {"script":"<script> [1562 bytes]","args":[{"selector":{"id":"createOrganizationPop--giZone","searchOpenDialogs":true,"interaction":{"idSuffix":"CbBg"}},"wdio_ui5_key":"createOrganizationPopgiZone"}]}
RESULT: undefined
COMMAND: POST /session/c0099c8ef87d8f1a9c022bedeb80dcd8/element - {"using":"xpath","value":"//*[@id=\"createOrganizationPop--giZone\"]"}
RESULT: {}
RESULT: {"using":"xpath","value":"//*[@id=\"createOrganizationPop--giZone\"]"}
COMMAND: POST /session/c0099c8ef87d8f1a9c022bedeb80dcd8/element/f.37E7500FB3BEF60B72C91044CCDB3F00.d.AF9B8CAC7F7CE40E3C00123A506C4B53.e.14452/click - {}
RESULT: {}
COMMAND: POST /session/c0099c8ef87d8f1a9c022bedeb80dcd8/execute/async - {"script":"<script> [1562 bytes]","args":[{"selector":{"id":"createOrganizationPop--binNoInput","searchOpenDialogs":true,"interaction":{"idSuffix":"inner"}},"wdio_ui5_key":"createOrganizationPopbinNoInput"}]}
COMMAND: GET /session/c0099c8ef87d8f1a9c022bedeb80dcd8/screenshot - {}
RESULT: {"script":"<script> [1562 bytes]","args":[{"selector":{"id":"createOrganizationPop--binNoInput","searchOpenDialogs":true,"interaction":{"idSuffix":"inner"}},"wdio_ui5_key":"createOrganizationPopbinNoInput"}]}
RESULT: undefined
COMMAND: POST /session/c0099c8ef87d8f1a9c022bedeb80dcd8/execute/async - {"script":"<script> [776 bytes]","args":[{"enterText":"Bin-Wd","selector":{"id":"createOrganizationPop--binNoInput","searchOpenDialogs":true,"interaction":{"idSuffix":"inner"}},"clearTextFirst":true,"interactionType":"ENTER_TEXT"}]}
RESULT: {}
RESULT: {"script":"<script> [776 bytes]","args":[{"enterText":"Bin-Wd","selector":{"id":"createOrganizationPop--binNoInput","searchOpenDialogs":true,"interaction":{"idSuffix":"inner"}},"clearTextFirst":true,"interactionType":"ENTER_TEXT"}]}
COMMAND: POST /session/c0099c8ef87d8f1a9c022bedeb80dcd8/execute/async - {"script":"<script> [1562 bytes]","args":[{"selector":{"id":"createOrganizationPop--descriptionId","searchOpenDialogs":true,"interaction":{"idSuffix":"inner"}},"wdio_ui5_key":"createOrganizationPopdescriptionId"}]}
RESULT: {"script":"<script> [1562 bytes]","args":[{"selector":{"id":"createOrganizationPop--descriptionId","searchOpenDialogs":true,"interaction":{"idSuffix":"inner"}},"wdio_ui5_key":"createOrganizationPopdescriptionId"}]}
RESULT: undefined
COMMAND: POST /session/c0099c8ef87d8f1a9c022bedeb80dcd8/execute/async - {"script":"<script> [776 bytes]","args":[{"enterText":"Shipping-Wd","selector":{"id":"createOrganizationPop--descriptionId","searchOpenDialogs":true,"interaction":{"idSuffix":"inner"}},"clearTextFirst":true,"interactionType":"ENTER_TEXT"}]}
RESULT: {"script":"<script> [776 bytes]","args":[{"enterText":"Shipping-Wd","selector":{"id":"createOrganizationPop--descriptionId","searchOpenDialogs":true,"interaction":{"idSuffix":"inner"}},"clearTextFirst":true,"interactionType":"ENTER_TEXT"}]}
COMMAND: POST /session/c0099c8ef87d8f1a9c022bedeb80dcd8/execute/async - {"script":"<script> [1562 bytes]","args":[{"selector":{"controlType":"sap.m.CheckBox","viewName":"etm.portal.ui.binstatusreport.view.MasterWareBins","viewId":"application-binstatusreport-display-component---warehousing","bindingPath":{"path":"","propertyPath":"/ZONE","modelName":"newBin"},"searchOpenDialogs":true,"interaction":{"idSuffix":"CbBg"}},"wdio_ui5_key":"etmportal.ui.binstatusreport.view.MasterWareBinssap.m.CheckBox{\"path\":\"\",\"propertyPath\":\"/ZONE\",\"modelName\":\"newBin\"}"}]}
RESULT: {"script":"<script> [1562 bytes]","args":[{"selector":{"controlType":"sap.m.CheckBox","viewName":"etm.portal.ui.binstatusreport.view.MasterWareBins","viewId":"application-binstatusreport-display-component---warehousing","bindingPath":{"path":"","propertyPath":"/ZONE","modelName":"newBin"},"searchOpenDialogs":true,"interaction":{"idSuffix":"CbBg"}},"wdio_ui5_key":"etmportal.ui.binstatusreport.view.MasterWareBinssap.m.CheckBox{\"path\":\"\",\"propertyPath\":\"/ZONE\",\"modelName\":\"newBin\"}"}]}
RESULT: undefined
COMMAND: POST /session/c0099c8ef87d8f1a9c022bedeb80dcd8/element - {"using":"xpath","value":"//*[@id=\"__box56\"]"}
RESULT: {"using":"xpath","value":"//*[@id=\"__box56\"]"}
COMMAND: POST /session/c0099c8ef87d8f1a9c022bedeb80dcd8/element/f.37E7500FB3BEF60B72C91044CCDB3F00.d.AF9B8CAC7F7CE40E3C00123A506C4B53.e.14456/click - {}
RESULT: {}
COMMAND: POST /session/c0099c8ef87d8f1a9c022bedeb80dcd8/execute/async - {"script":"<script> [1562 bytes]","args":[{"selector":{"id":"createOrganizationPop--binTypesCB","searchOpenDialogs":true,"interaction":{"idSuffix":"inner"}},"wdio_ui5_key":"createOrganizationPopbinTypesCB"}]}
COMMAND: GET /session/c0099c8ef87d8f1a9c022bedeb80dcd8/screenshot - {}
RESULT: {"script":"<script> [1562 bytes]","args":[{"selector":{"id":"createOrganizationPop--binTypesCB","searchOpenDialogs":true,"interaction":{"idSuffix":"inner"}},"wdio_ui5_key":"createOrganizationPopbinTypesCB"}]}
RESULT: undefined
COMMAND: POST /session/c0099c8ef87d8f1a9c022bedeb80dcd8/execute/async - {"script":"<script> [776 bytes]","args":[{"enterText":"1 - General / No capacity check","selector":{"id":"createOrganizationPop--binTypesCB","searchOpenDialogs":true,"interaction":{"idSuffix":"inner"}},"clearTextFirst":true,"interactionType":"ENTER_TEXT"}]}
RESULT: {}
RESULT: {"script":"<script> [776 bytes]","args":[{"enterText":"1 - General / No capacity check","selector":{"id":"createOrganizationPop--binTypesCB","searchOpenDialogs":true,"interaction":{"idSuffix":"inner"}},"clearTextFirst":true,"interactionType":"ENTER_TEXT"}]}
COMMAND: POST /session/c0099c8ef87d8f1a9c022bedeb80dcd8/actions - {"actions":[{"id":"action59","type":"key","parameters":{},"actions":[{"type":"keyDown","value":"î€‡"},{"type":"pause","duration":10},{"type":"keyUp","value":"î€‡"}]}]}
RESULT: {"actions":[{"id":"action59","type":"key","parameters":{},"actions":[{"type":"keyDown","value":"î€‡"},{"type":"pause","duration":10},{"type":"keyUp","value":"î€‡"}]}]}
COMMAND: GET /session/c0099c8ef87d8f1a9c022bedeb80dcd8/screenshot - {}
RESULT: {}
COMMAND: POST /session/c0099c8ef87d8f1a9c022bedeb80dcd8/execute/async - {"script":"<script> [1562 bytes]","args":[{"selector":{"id":"createOrganizationPop--finishBtn","searchOpenDialogs":true,"interaction":{"idSuffix":"BDI-content"}},"wdio_ui5_key":"createOrganizationPopfinishBtn"}]}
RESULT: {"script":"<script> [1562 bytes]","args":[{"selector":{"id":"createOrganizationPop--finishBtn","searchOpenDialogs":true,"interaction":{"idSuffix":"BDI-content"}},"wdio_ui5_key":"createOrganizationPopfinishBtn"}]}
RESULT: undefined
COMMAND: POST /session/c0099c8ef87d8f1a9c022bedeb80dcd8/element - {"using":"xpath","value":"//*[@id=\"createOrganizationPop--finishBtn\"]"}
RESULT: {"using":"xpath","value":"//*[@id=\"createOrganizationPop--finishBtn\"]"}
COMMAND: POST /session/c0099c8ef87d8f1a9c022bedeb80dcd8/element/f.37E7500FB3BEF60B72C91044CCDB3F00.d.AF9B8CAC7F7CE40E3C00123A506C4B53.e.14459/click - {}
RESULT: {}
]]></system-out>
    </testcase>
    <testcase classname="chrome.135_0_7049_96.windows.Return_from_Site_w/_warehouse_management_w/_clarification_US125588" name="Bin Status Report Should Create New Organization for Site" time="37.665">
      <system-out><![CDATA[
COMMAND: GET /session/c0099c8ef87d8f1a9c022bedeb80dcd8/screenshot - {}
RESULT: {}
RESULT: undefined
COMMAND: POST /session/c0099c8ef87d8f1a9c022bedeb80dcd8/element - {"using":"xpath","value":"//*[@id=\"application-binstatusreport-display-component---warehousing--createOrgBtn\"]"}
RESULT: {"using":"xpath","value":"//*[@id=\"application-binstatusreport-display-component---warehousing--createOrgBtn\"]"}
COMMAND: POST /session/c0099c8ef87d8f1a9c022bedeb80dcd8/element/f.37E7500FB3BEF60B72C91044CCDB3F00.d.AF9B8CAC7F7CE40E3C00123A506C4B53.e.14091/click - {}
RESULT: {}
RESULT: undefined
COMMAND: POST /session/c0099c8ef87d8f1a9c022bedeb80dcd8/execute/async - {"script":"<script> [776 bytes]","args":[{"enterText":"2347","selector":{"id":"createOrganizationPop--sectionInput","searchOpenDialogs":true,"interaction":{"idSuffix":"inner"}},"clearTextFirst":true,"interactionType":"ENTER_TEXT"}]}
COMMAND: GET /session/c0099c8ef87d8f1a9c022bedeb80dcd8/screenshot - {}
RESULT: {"script":"<script> [776 bytes]","args":[{"enterText":"2347","selector":{"id":"createOrganizationPop--sectionInput","searchOpenDialogs":true,"interaction":{"idSuffix":"inner"}},"clearTextFirst":true,"interactionType":"ENTER_TEXT"}]}
RESULT: undefined
COMMAND: POST /session/c0099c8ef87d8f1a9c022bedeb80dcd8/execute/async - {"script":"<script> [776 bytes]","args":[{"enterText":"WDI2347","selector":{"id":"createOrganizationPop--descriptionInput","searchOpenDialogs":true,"interaction":{"idSuffix":"inner"}},"clearTextFirst":true,"interactionType":"ENTER_TEXT"}]}
RESULT: {}
RESULT: {"script":"<script> [776 bytes]","args":[{"enterText":"WDI2347","selector":{"id":"createOrganizationPop--descriptionInput","searchOpenDialogs":true,"interaction":{"idSuffix":"inner"}},"clearTextFirst":true,"interactionType":"ENTER_TEXT"}]}
COMMAND: POST /session/c0099c8ef87d8f1a9c022bedeb80dcd8/element - {"using":"css selector","value":"#createOrganizationPop--siteOrg-inner"}
RESULT: {"using":"css selector","value":"#createOrganizationPop--siteOrg-inner"}
COMMAND: POST /session/c0099c8ef87d8f1a9c022bedeb80dcd8/element/f.37E7500FB3BEF60B72C91044CCDB3F00.d.AF9B8CAC7F7CE40E3C00123A506C4B53.e.14465/clear - {}
RESULT: {}
COMMAND: POST /session/c0099c8ef87d8f1a9c022bedeb80dcd8/element/f.37E7500FB3BEF60B72C91044CCDB3F00.d.AF9B8CAC7F7CE40E3C00123A506C4B53.e.14465/value - {"text":"2347"}
COMMAND: GET /session/c0099c8ef87d8f1a9c022bedeb80dcd8/screenshot - {}
RESULT: {"text":"2347"}
COMMAND: GET /session/c0099c8ef87d8f1a9c022bedeb80dcd8/screenshot - {}
RESULT: {}
RESULT: {}
COMMAND: POST /session/c0099c8ef87d8f1a9c022bedeb80dcd8/actions - {"actions":[{"id":"action60","type":"key","parameters":{},"actions":[{"type":"keyDown","value":"î€‡"},{"type":"pause","duration":10},{"type":"keyUp","value":"î€‡"}]}]}
RESULT: {"actions":[{"id":"action60","type":"key","parameters":{},"actions":[{"type":"keyDown","value":"î€‡"},{"type":"pause","duration":10},{"type":"keyUp","value":"î€‡"}]}]}
RESULT: undefined
COMMAND: POST /session/c0099c8ef87d8f1a9c022bedeb80dcd8/element - {"using":"xpath","value":"//*[@id=\"createOrganizationPop--giZone\"]"}
COMMAND: GET /session/c0099c8ef87d8f1a9c022bedeb80dcd8/screenshot - {}
RESULT: {"using":"xpath","value":"//*[@id=\"createOrganizationPop--giZone\"]"}
COMMAND: POST /session/c0099c8ef87d8f1a9c022bedeb80dcd8/element/f.37E7500FB3BEF60B72C91044CCDB3F00.d.AF9B8CAC7F7CE40E3C00123A506C4B53.e.14483/click - {}
RESULT: {}
RESULT: {}
RESULT: undefined
COMMAND: POST /session/c0099c8ef87d8f1a9c022bedeb80dcd8/execute/async - {"script":"<script> [776 bytes]","args":[{"enterText":"WD-BIN","selector":{"id":"createOrganizationPop--binNoInput","searchOpenDialogs":true,"interaction":{"idSuffix":"inner"}},"clearTextFirst":true,"interactionType":"ENTER_TEXT"}]}
COMMAND: GET /session/c0099c8ef87d8f1a9c022bedeb80dcd8/screenshot - {}
RESULT: {"script":"<script> [776 bytes]","args":[{"enterText":"WD-BIN","selector":{"id":"createOrganizationPop--binNoInput","searchOpenDialogs":true,"interaction":{"idSuffix":"inner"}},"clearTextFirst":true,"interactionType":"ENTER_TEXT"}]}
RESULT: undefined
COMMAND: POST /session/c0099c8ef87d8f1a9c022bedeb80dcd8/execute/async - {"script":"<script> [776 bytes]","args":[{"enterText":"WD-BIN","selector":{"id":"createOrganizationPop--descriptionId","searchOpenDialogs":true,"interaction":{"idSuffix":"inner"}},"clearTextFirst":true,"interactionType":"ENTER_TEXT"}]}
RESULT: {}
RESULT: {"script":"<script> [776 bytes]","args":[{"enterText":"WD-BIN","selector":{"id":"createOrganizationPop--descriptionId","searchOpenDialogs":true,"interaction":{"idSuffix":"inner"}},"clearTextFirst":true,"interactionType":"ENTER_TEXT"}]}
COMMAND: POST /session/c0099c8ef87d8f1a9c022bedeb80dcd8/execute/async - {"script":"<script> [1562 bytes]","args":[{"selector":{"controlType":"sap.m.CheckBox","viewName":"etm.portal.ui.binstatusreport.view.MasterWareBins","viewId":"application-binstatusreport-display-component---warehousing","bindingPath":{"propertyPath":"/ZONE","modelName":"newBin"},"searchOpenDialogs":true,"interaction":{"idSuffix":"CbBg"}},"wdio_ui5_key":"etmportal.ui.binstatusreport.view.MasterWareBinssap.m.CheckBox{\"propertyPath\":\"/ZONE\",\"modelName\":\"newBin\"}"}]}
RESULT: {"script":"<script> [1562 bytes]","args":[{"selector":{"controlType":"sap.m.CheckBox","viewName":"etm.portal.ui.binstatusreport.view.MasterWareBins","viewId":"application-binstatusreport-display-component---warehousing","bindingPath":{"propertyPath":"/ZONE","modelName":"newBin"},"searchOpenDialogs":true,"interaction":{"idSuffix":"CbBg"}},"wdio_ui5_key":"etmportal.ui.binstatusreport.view.MasterWareBinssap.m.CheckBox{\"propertyPath\":\"/ZONE\",\"modelName\":\"newBin\"}"}]}
RESULT: undefined
COMMAND: POST /session/c0099c8ef87d8f1a9c022bedeb80dcd8/element - {"using":"xpath","value":"//*[@id=\"__box59\"]"}
RESULT: {"using":"xpath","value":"//*[@id=\"__box59\"]"}
COMMAND: POST /session/c0099c8ef87d8f1a9c022bedeb80dcd8/element/f.37E7500FB3BEF60B72C91044CCDB3F00.d.AF9B8CAC7F7CE40E3C00123A506C4B53.e.14485/click - {}
RESULT: {}
COMMAND: GET /session/c0099c8ef87d8f1a9c022bedeb80dcd8/screenshot - {}
RESULT: {}
RESULT: undefined
COMMAND: POST /session/c0099c8ef87d8f1a9c022bedeb80dcd8/execute/async - {"script":"<script> [776 bytes]","args":[{"enterText":"1 - General / No capacity check","selector":{"id":"createOrganizationPop--binTypesCB","searchOpenDialogs":true,"interaction":{"idSuffix":"inner"}},"clearTextFirst":true,"interactionType":"ENTER_TEXT"}]}
RESULT: {"script":"<script> [776 bytes]","args":[{"enterText":"1 - General / No capacity check","selector":{"id":"createOrganizationPop--binTypesCB","searchOpenDialogs":true,"interaction":{"idSuffix":"inner"}},"clearTextFirst":true,"interactionType":"ENTER_TEXT"}]}
COMMAND: POST /session/c0099c8ef87d8f1a9c022bedeb80dcd8/execute/async - {"script":"<script> [1562 bytes]","args":[{"selector":{"id":"createOrganizationPop--capacityId","searchOpenDialogs":true,"interaction":{"idSuffix":"inner"}},"wdio_ui5_key":"createOrganizationPopcapacityId"}]}
RESULT: {"script":"<script> [1562 bytes]","args":[{"selector":{"id":"createOrganizationPop--capacityId","searchOpenDialogs":true,"interaction":{"idSuffix":"inner"}},"wdio_ui5_key":"createOrganizationPopcapacityId"}]}
RESULT: undefined
COMMAND: POST /session/c0099c8ef87d8f1a9c022bedeb80dcd8/actions - {"actions":[{"id":"action61","type":"key","parameters":{},"actions":[{"type":"keyDown","value":"î€‡"},{"type":"pause","duration":10},{"type":"keyUp","value":"î€‡"}]}]}
RESULT: {"actions":[{"id":"action61","type":"key","parameters":{},"actions":[{"type":"keyDown","value":"î€‡"},{"type":"pause","duration":10},{"type":"keyUp","value":"î€‡"}]}]}
COMMAND: GET /session/c0099c8ef87d8f1a9c022bedeb80dcd8/screenshot - {}
RESULT: {}
RESULT: undefined
COMMAND: POST /session/c0099c8ef87d8f1a9c022bedeb80dcd8/element - {"using":"xpath","value":"//*[@id=\"createOrganizationPop--finishBtn\"]"}
RESULT: {"using":"xpath","value":"//*[@id=\"createOrganizationPop--finishBtn\"]"}
COMMAND: POST /session/c0099c8ef87d8f1a9c022bedeb80dcd8/element/f.37E7500FB3BEF60B72C91044CCDB3F00.d.AF9B8CAC7F7CE40E3C00123A506C4B53.e.14486/click - {}
RESULT: {}
COMMAND: POST /session/c0099c8ef87d8f1a9c022bedeb80dcd8/element - {"using":"css selector","value":"#shell-header-logo"}
COMMAND: GET /session/c0099c8ef87d8f1a9c022bedeb80dcd8/screenshot - {}
RESULT: {"using":"css selector","value":"#shell-header-logo"}
COMMAND: POST /session/c0099c8ef87d8f1a9c022bedeb80dcd8/element/f.37E7500FB3BEF60B72C91044CCDB3F00.d.AF9B8CAC7F7CE40E3C00123A506C4B53.e.14055/click - {}
RESULT: {}
RESULT: {}
]]></system-out>
    </testcase>
  </testsuite>
  <testsuite timestamp="2025-05-02T17:33:52" time="419.217" tests="7" failures="3" errors="3" skipped="0">
    <properties>
      <property name="specId" value="0" />
      <property name="suiteName" value="Provide to Site w/ warehouse management w clarification" />
      <property name="capabilities" value="chrome.135_0_7049_96.windows" />
      <property name="file" value="file:///D:/a/1/s/test/specs/HTR/return-from-site-w-warehouse-management-w-clarification.spec.js" />
    </properties>
    <testcase classname="chrome.135_0_7049_96.windows.Provide_to_Site_w/_warehouse_management_w_clarification" name="Should do a stock increase handover" time="77.364">
      <system-out><![CDATA[
COMMAND: POST /session/c0099c8ef87d8f1a9c022bedeb80dcd8/execute/async - {"script":"<script> [1562 bytes]","args":[{"selector":{"controlType":"sap.m.GenericTile","properties":{"header":"Manage Handovers"}},"wdio_ui5_key":"sapm.GenericTile{\"header\":\"Manage Handovers\"}"}]}
COMMAND: GET /session/c0099c8ef87d8f1a9c022bedeb80dcd8/screenshot - {}
RESULT: {"script":"<script> [1562 bytes]","args":[{"selector":{"controlType":"sap.m.GenericTile","properties":{"header":"Manage Handovers"}},"wdio_ui5_key":"sapm.GenericTile{\"header\":\"Manage Handovers\"}"}]}
RESULT: undefined
COMMAND: POST /session/c0099c8ef87d8f1a9c022bedeb80dcd8/element - {"using":"xpath","value":"//*[@id=\"__tile132\"]"}
RESULT: {}
RESULT: {"using":"xpath","value":"//*[@id=\"__tile132\"]"}
COMMAND: POST /session/c0099c8ef87d8f1a9c022bedeb80dcd8/element/f.37E7500FB3BEF60B72C91044CCDB3F00.d.AF9B8CAC7F7CE40E3C00123A506C4B53.e.14491/click - {}
RESULT: {}
COMMAND: GET /session/c0099c8ef87d8f1a9c022bedeb80dcd8/screenshot - {}
RESULT: {}
COMMAND: POST /session/c0099c8ef87d8f1a9c022bedeb80dcd8/element - {"using":"xpath","value":"//button[(@data-kt = 'masterHOAddButton')]"}
RESULT: {"using":"xpath","value":"//button[(@data-kt = 'masterHOAddButton')]"}
COMMAND: POST /session/c0099c8ef87d8f1a9c022bedeb80dcd8/elements - {"using":"xpath","value":"//button[(@data-kt = 'masterHOAddButton')]"}
RESULT: {"using":"xpath","value":"//button[(@data-kt = 'masterHOAddButton')]"}
COMMAND: POST /session/c0099c8ef87d8f1a9c022bedeb80dcd8/elements - {"using":"xpath","value":"//button[(@data-kt = 'masterHOAddButton')]"}
RESULT: {"using":"xpath","value":"//button[(@data-kt = 'masterHOAddButton')]"}
COMMAND: POST /session/c0099c8ef87d8f1a9c022bedeb80dcd8/element - {"using":"xpath","value":"//button[(@data-kt = 'masterHOAddButton')]"}
RESULT: {"using":"xpath","value":"//button[(@data-kt = 'masterHOAddButton')]"}
COMMAND: POST /session/c0099c8ef87d8f1a9c022bedeb80dcd8/element/f.37E7500FB3BEF60B72C91044CCDB3F00.d.AF9B8CAC7F7CE40E3C00123A506C4B53.e.14522/click - {}
RESULT: {}
COMMAND: POST /session/c0099c8ef87d8f1a9c022bedeb80dcd8/element - {"using":"css selector","value":"span[id=\"application-managehandovers-display-component---AddNewHO--typeSelect-label\"]"}
COMMAND: GET /session/c0099c8ef87d8f1a9c022bedeb80dcd8/screenshot - {}
RESULT: {"using":"css selector","value":"span[id=\"application-managehandovers-display-component---AddNewHO--typeSelect-label\"]"}
COMMAND: POST /session/c0099c8ef87d8f1a9c022bedeb80dcd8/elements - {"using":"css selector","value":"span[id=\"application-managehandovers-display-component---AddNewHO--typeSelect-label\"]"}
RESULT: {}
RESULT: {"using":"css selector","value":"span[id=\"application-managehandovers-display-component---AddNewHO--typeSelect-label\"]"}
COMMAND: POST /session/c0099c8ef87d8f1a9c022bedeb80dcd8/elements - {"using":"css selector","value":"span[id=\"application-managehandovers-display-component---AddNewHO--typeSelect-label\"]"}
RESULT: {"using":"css selector","value":"span[id=\"application-managehandovers-display-component---AddNewHO--typeSelect-label\"]"}
COMMAND: POST /session/c0099c8ef87d8f1a9c022bedeb80dcd8/element - {"using":"css selector","value":"span[id=\"application-managehandovers-display-component---AddNewHO--typeSelect-label\"]"}
RESULT: {"using":"css selector","value":"span[id=\"application-managehandovers-display-component---AddNewHO--typeSelect-label\"]"}
COMMAND: POST /session/c0099c8ef87d8f1a9c022bedeb80dcd8/element/f.37E7500FB3BEF60B72C91044CCDB3F00.d.AF9B8CAC7F7CE40E3C00123A506C4B53.e.14838/click - {}
RESULT: {}
COMMAND: POST /session/c0099c8ef87d8f1a9c022bedeb80dcd8/element - {"using":"css selector","value":"#application-managehandovers-display-component---AddNewHO--oneStep-CB"}
COMMAND: GET /session/c0099c8ef87d8f1a9c022bedeb80dcd8/screenshot - {}
RESULT: {}
RESULT: {"using":"css selector","value":"#application-managehandovers-display-component---AddNewHO--oneStep-CB"}
COMMAND: GET /session/c0099c8ef87d8f1a9c022bedeb80dcd8/element/f.37E7500FB3BEF60B72C91044CCDB3F00.d.AF9B8CAC7F7CE40E3C00123A506C4B53.e.14775/selected - {}
RESULT: {}
COMMAND: POST /session/c0099c8ef87d8f1a9c022bedeb80dcd8/element - {"using":"xpath","value":"//li[contains(text(), \"stock increase yard\")]"}
COMMAND: GET /session/c0099c8ef87d8f1a9c022bedeb80dcd8/screenshot - {}
RESULT: {"using":"xpath","value":"//li[contains(text(), \"stock increase yard\")]"}
COMMAND: POST /session/c0099c8ef87d8f1a9c022bedeb80dcd8/element/f.37E7500FB3BEF60B72C91044CCDB3F00.d.AF9B8CAC7F7CE40E3C00123A506C4B53.e.14839/click - {}
RESULT: {}
RESULT: {}
COMMAND: GET /session/c0099c8ef87d8f1a9c022bedeb80dcd8/screenshot - {}
RESULT: {}
COMMAND: POST /session/c0099c8ef87d8f1a9c022bedeb80dcd8/element - {"using":"css selector","value":"input[id=\"generalSectionFrg--receiveYard-inner\"]"}
RESULT: {"using":"css selector","value":"input[id=\"generalSectionFrg--receiveYard-inner\"]"}
COMMAND: POST /session/c0099c8ef87d8f1a9c022bedeb80dcd8/element/f.37E7500FB3BEF60B72C91044CCDB3F00.d.AF9B8CAC7F7CE40E3C00123A506C4B53.e.14847/clear - {}
RESULT: {}
COMMAND: POST /session/c0099c8ef87d8f1a9c022bedeb80dcd8/element/f.37E7500FB3BEF60B72C91044CCDB3F00.d.AF9B8CAC7F7CE40E3C00123A506C4B53.e.14847/value - {"text":"512"}
COMMAND: GET /session/c0099c8ef87d8f1a9c022bedeb80dcd8/screenshot - {}
RESULT: {"text":"512"}
COMMAND: GET /session/c0099c8ef87d8f1a9c022bedeb80dcd8/screenshot - {}
RESULT: {}
RESULT: {}
COMMAND: POST /session/c0099c8ef87d8f1a9c022bedeb80dcd8/element - {"using":"css selector","value":"#application-managehandovers-display-component---AddNewHO--dueDate-inner"}
RESULT: {"using":"css selector","value":"#application-managehandovers-display-component---AddNewHO--dueDate-inner"}
COMMAND: POST /session/c0099c8ef87d8f1a9c022bedeb80dcd8/element/f.37E7500FB3BEF60B72C91044CCDB3F00.d.AF9B8CAC7F7CE40E3C00123A506C4B53.e.14841/clear - {}
RESULT: {}
COMMAND: POST /session/c0099c8ef87d8f1a9c022bedeb80dcd8/element/f.37E7500FB3BEF60B72C91044CCDB3F00.d.AF9B8CAC7F7CE40E3C00123A506C4B53.e.14841/value - {"text":"5/2/25"}
COMMAND: GET /session/c0099c8ef87d8f1a9c022bedeb80dcd8/screenshot - {}
RESULT: {"text":"5/2/25"}
COMMAND: GET /session/c0099c8ef87d8f1a9c022bedeb80dcd8/screenshot - {}
RESULT: {}
RESULT: {}
COMMAND: POST /session/c0099c8ef87d8f1a9c022bedeb80dcd8/element - {"using":"xpath","value":"//bdi[(text() = 'Items' or . = 'Items')]"}
RESULT: {"using":"xpath","value":"//bdi[(text() = 'Items' or . = 'Items')]"}
COMMAND: POST /session/c0099c8ef87d8f1a9c022bedeb80dcd8/element/f.37E7500FB3BEF60B72C91044CCDB3F00.d.AF9B8CAC7F7CE40E3C00123A506C4B53.e.14866/click - {}
RESULT: {}
COMMAND: GET /session/c0099c8ef87d8f1a9c022bedeb80dcd8/screenshot - {}
RESULT: {}
COMMAND: POST /session/c0099c8ef87d8f1a9c022bedeb80dcd8/element - {"using":"xpath","value":"//button[@aria-label=\"Add\"]"}
RESULT: {"using":"xpath","value":"//button[@aria-label=\"Add\"]"}
COMMAND: POST /session/c0099c8ef87d8f1a9c022bedeb80dcd8/element/f.37E7500FB3BEF60B72C91044CCDB3F00.d.AF9B8CAC7F7CE40E3C00123A506C4B53.e.14871/click - {}
RESULT: {}
COMMAND: GET /session/c0099c8ef87d8f1a9c022bedeb80dcd8/screenshot - {}
RESULT: {}
COMMAND: POST /session/c0099c8ef87d8f1a9c022bedeb80dcd8/element - {"using":"css selector","value":"input[id= \"application-managehandovers-display-component---AddNewHO--smartFilterBar-btnBasicSearch-I\"]"}
RESULT: {"using":"css selector","value":"input[id= \"application-managehandovers-display-component---AddNewHO--smartFilterBar-btnBasicSearch-I\"]"}
COMMAND: POST /session/c0099c8ef87d8f1a9c022bedeb80dcd8/element/f.37E7500FB3BEF60B72C91044CCDB3F00.d.AF9B8CAC7F7CE40E3C00123A506C4B53.e.14874/clear - {}
RESULT: {}
COMMAND: POST /session/c0099c8ef87d8f1a9c022bedeb80dcd8/element/f.37E7500FB3BEF60B72C91044CCDB3F00.d.AF9B8CAC7F7CE40E3C00123A506C4B53.e.14874/value - {"text":"200282"}
COMMAND: GET /session/c0099c8ef87d8f1a9c022bedeb80dcd8/screenshot - {}
RESULT: {"text":"200282"}
COMMAND: POST /session/c0099c8ef87d8f1a9c022bedeb80dcd8/actions - {"actions":[{"id":"action62","type":"key","parameters":{},"actions":[{"type":"keyDown","value":"î€‡"},{"type":"pause","duration":10},{"type":"keyUp","value":"î€‡"}]}]}
COMMAND: GET /session/c0099c8ef87d8f1a9c022bedeb80dcd8/screenshot - {}
RESULT: {}
RESULT: {"actions":[{"id":"action62","type":"key","parameters":{},"actions":[{"type":"keyDown","value":"î€‡"},{"type":"pause","duration":10},{"type":"keyUp","value":"î€‡"}]}]}
COMMAND: POST /session/c0099c8ef87d8f1a9c022bedeb80dcd8/element - {"using":"css selector","value":"div[id= \"application-managehandovers-display-component---AddNewHO--smartFilterBar-btnBasicSearch-search\"]"}
COMMAND: GET /session/c0099c8ef87d8f1a9c022bedeb80dcd8/screenshot - {}
RESULT: {}
RESULT: {"using":"css selector","value":"div[id= \"application-managehandovers-display-component---AddNewHO--smartFilterBar-btnBasicSearch-search\"]"}
COMMAND: POST /session/c0099c8ef87d8f1a9c022bedeb80dcd8/element/f.37E7500FB3BEF60B72C91044CCDB3F00.d.AF9B8CAC7F7CE40E3C00123A506C4B53.e.15023/click - {}
RESULT: {}
RESULT: {}
COMMAND: GET /session/c0099c8ef87d8f1a9c022bedeb80dcd8/screenshot - {}
RESULT: {}
COMMAND: POST /session/c0099c8ef87d8f1a9c022bedeb80dcd8/element - {"using":"css selector","value":"div[id= \"application-managehandovers-display-component---AddNewHO--popup-sa-CbBg\"]"}
RESULT: {"using":"css selector","value":"div[id= \"application-managehandovers-display-component---AddNewHO--popup-sa-CbBg\"]"}
COMMAND: POST /session/c0099c8ef87d8f1a9c022bedeb80dcd8/element/f.37E7500FB3BEF60B72C91044CCDB3F00.d.AF9B8CAC7F7CE40E3C00123A506C4B53.e.15024/click - {}
RESULT: {}
COMMAND: POST /session/c0099c8ef87d8f1a9c022bedeb80dcd8/element - {"using":"xpath","value":"//bdi[(text() = 'Select' or . = 'Select')]"}
COMMAND: GET /session/c0099c8ef87d8f1a9c022bedeb80dcd8/screenshot - {}
RESULT: {"using":"xpath","value":"//bdi[(text() = 'Select' or . = 'Select')]"}
COMMAND: POST /session/c0099c8ef87d8f1a9c022bedeb80dcd8/element/f.37E7500FB3BEF60B72C91044CCDB3F00.d.AF9B8CAC7F7CE40E3C00123A506C4B53.e.15025/click - {}
RESULT: {}
RESULT: {}
COMMAND: GET /session/c0099c8ef87d8f1a9c022bedeb80dcd8/screenshot - {}
RESULT: {}
COMMAND: POST /session/c0099c8ef87d8f1a9c022bedeb80dcd8/element - {"using":"xpath","value":"//bdi[(text() = 'Save' or . = 'Save')]"}
RESULT: {"using":"xpath","value":"//bdi[(text() = 'Save' or . = 'Save')]"}
COMMAND: POST /session/c0099c8ef87d8f1a9c022bedeb80dcd8/element/f.37E7500FB3BEF60B72C91044CCDB3F00.d.AF9B8CAC7F7CE40E3C00123A506C4B53.e.15029/click - {}
RESULT: {}
COMMAND: GET /session/c0099c8ef87d8f1a9c022bedeb80dcd8/screenshot - {}
RESULT: {}
COMMAND: POST /session/c0099c8ef87d8f1a9c022bedeb80dcd8/element - {"using":"xpath","value":"//input[contains(@id ,\"receiptDatePicker-inner\")]"}
RESULT: {"using":"xpath","value":"//input[contains(@id ,\"receiptDatePicker-inner\")]"}
COMMAND: POST /session/c0099c8ef87d8f1a9c022bedeb80dcd8/element/f.37E7500FB3BEF60B72C91044CCDB3F00.d.AF9B8CAC7F7CE40E3C00123A506C4B53.e.15056/click - {}
RESULT: {}
COMMAND: POST /session/c0099c8ef87d8f1a9c022bedeb80dcd8/element - {"using":"xpath","value":"//input[contains(@id ,\"receiptDatePicker-inner\")]"}
COMMAND: GET /session/c0099c8ef87d8f1a9c022bedeb80dcd8/screenshot - {}
RESULT: {"using":"xpath","value":"//input[contains(@id ,\"receiptDatePicker-inner\")]"}
COMMAND: POST /session/c0099c8ef87d8f1a9c022bedeb80dcd8/element/f.37E7500FB3BEF60B72C91044CCDB3F00.d.AF9B8CAC7F7CE40E3C00123A506C4B53.e.15056/clear - {}
RESULT: {}
RESULT: {}
COMMAND: POST /session/c0099c8ef87d8f1a9c022bedeb80dcd8/element/f.37E7500FB3BEF60B72C91044CCDB3F00.d.AF9B8CAC7F7CE40E3C00123A506C4B53.e.15056/value - {"text":"5/2/25"}
COMMAND: GET /session/c0099c8ef87d8f1a9c022bedeb80dcd8/screenshot - {}
RESULT: {"text":"5/2/25"}
COMMAND: GET /session/c0099c8ef87d8f1a9c022bedeb80dcd8/screenshot - {}
RESULT: {}
RESULT: {}
COMMAND: POST /session/c0099c8ef87d8f1a9c022bedeb80dcd8/execute/async - {"script":"<script> [1562 bytes]","args":[{"selector":{"id":"administrationTabFilter","viewName":"etm.portal.ui.managehandovers.view.DetailExecuteHO","interaction":{"idSuffix":"text"}},"wdio_ui5_key":"administrationTabFilteretmportal.ui.managehandovers.view.DetailExecuteHO"}]}
RESULT: {"script":"<script> [1562 bytes]","args":[{"selector":{"id":"administrationTabFilter","viewName":"etm.portal.ui.managehandovers.view.DetailExecuteHO","interaction":{"idSuffix":"text"}},"wdio_ui5_key":"administrationTabFilteretmportal.ui.managehandovers.view.DetailExecuteHO"}]}
RESULT: undefined
COMMAND: POST /session/c0099c8ef87d8f1a9c022bedeb80dcd8/element - {"using":"xpath","value":"//*[@id=\"__xmlview61--administrationTabFilter\"]"}
RESULT: {"using":"xpath","value":"//*[@id=\"__xmlview61--administrationTabFilter\"]"}
COMMAND: POST /session/c0099c8ef87d8f1a9c022bedeb80dcd8/element/f.37E7500FB3BEF60B72C91044CCDB3F00.d.AF9B8CAC7F7CE40E3C00123A506C4B53.e.15076/click - {}
RESULT: {}
RESULT: undefined
COMMAND: POST /session/c0099c8ef87d8f1a9c022bedeb80dcd8/element - {"using":"xpath","value":"//*[@id=\"__xmlview61--administrationTabFilter\"]"}
COMMAND: GET /session/c0099c8ef87d8f1a9c022bedeb80dcd8/screenshot - {}
RESULT: {"using":"xpath","value":"//*[@id=\"__xmlview61--administrationTabFilter\"]"}
COMMAND: POST /session/c0099c8ef87d8f1a9c022bedeb80dcd8/element/f.37E7500FB3BEF60B72C91044CCDB3F00.d.AF9B8CAC7F7CE40E3C00123A506C4B53.e.15076/click - {}
RESULT: {}
RESULT: {}
COMMAND: GET /session/c0099c8ef87d8f1a9c022bedeb80dcd8/screenshot - {}
RESULT: {}
COMMAND: POST /session/c0099c8ef87d8f1a9c022bedeb80dcd8/element - {"using":"xpath","value":"//bdi[(text() = 'Confirm' or . = 'Confirm')]"}
RESULT: {"using":"xpath","value":"//bdi[(text() = 'Confirm' or . = 'Confirm')]"}
COMMAND: POST /session/c0099c8ef87d8f1a9c022bedeb80dcd8/element/f.37E7500FB3BEF60B72C91044CCDB3F00.d.AF9B8CAC7F7CE40E3C00123A506C4B53.e.15084/click - {}
RESULT: {}
COMMAND: GET /session/c0099c8ef87d8f1a9c022bedeb80dcd8/screenshot - {}
RESULT: {}
COMMAND: POST /session/c0099c8ef87d8f1a9c022bedeb80dcd8/execute/async - {"script":"<script> [1562 bytes]","args":[{"selector":{"id":"confirmationButton","viewName":"etm.portal.ui.managehandovers.view.DetailExecuteHO","interaction":{"idSuffix":"BDI-content"}},"wdio_ui5_key":"confirmationButtonetmportal.ui.managehandovers.view.DetailExecuteHO"}]}
RESULT: {"script":"<script> [1562 bytes]","args":[{"selector":{"id":"confirmationButton","viewName":"etm.portal.ui.managehandovers.view.DetailExecuteHO","interaction":{"idSuffix":"BDI-content"}},"wdio_ui5_key":"confirmationButtonetmportal.ui.managehandovers.view.DetailExecuteHO"}]}
RESULT: undefined
COMMAND: POST /session/c0099c8ef87d8f1a9c022bedeb80dcd8/element - {"using":"xpath","value":"(//*[text()='Receive'])[2]"}
RESULT: {"using":"xpath","value":"(//*[text()='Receive'])[2]"}
COMMAND: GET /session/c0099c8ef87d8f1a9c022bedeb80dcd8/element/f.37E7500FB3BEF60B72C91044CCDB3F00.d.AF9B8CAC7F7CE40E3C00123A506C4B53.e.15088/enabled - {}
RESULT: {}
COMMAND: POST /session/c0099c8ef87d8f1a9c022bedeb80dcd8/execute/sync - {"script":"<script> [8489 bytes]","args":[{"element-6066-11e4-a52e-4f735466cecf":"f.37E7500FB3BEF60B72C91044CCDB3F00.d.AF9B8CAC7F7CE40E3C00123A506C4B53.e.15088","ELEMENT":"f.37E7500FB3BEF60B72C91044CCDB3F00.d.AF9B8CAC7F7CE40E3C00123A506C4B53.e.15088"}]}
COMMAND: GET /session/c0099c8ef87d8f1a9c022bedeb80dcd8/screenshot - {}
RESULT: {"script":"<script> [8489 bytes]","args":[{"element-6066-11e4-a52e-4f735466cecf":"f.37E7500FB3BEF60B72C91044CCDB3F00.d.AF9B8CAC7F7CE40E3C00123A506C4B53.e.15088","ELEMENT":"f.37E7500FB3BEF60B72C91044CCDB3F00.d.AF9B8CAC7F7CE40E3C00123A506C4B53.e.15088"}]}
COMMAND: POST /session/c0099c8ef87d8f1a9c022bedeb80dcd8/execute/sync - {"script":"<script> [5351 bytes]","args":[{"element-6066-11e4-a52e-4f735466cecf":"f.37E7500FB3BEF60B72C91044CCDB3F00.d.AF9B8CAC7F7CE40E3C00123A506C4B53.e.15088","ELEMENT":"f.37E7500FB3BEF60B72C91044CCDB3F00.d.AF9B8CAC7F7CE40E3C00123A506C4B53.e.15088"}]}
COMMAND: GET /session/c0099c8ef87d8f1a9c022bedeb80dcd8/screenshot - {}
RESULT: {}
RESULT: {"script":"<script> [5351 bytes]","args":[{"element-6066-11e4-a52e-4f735466cecf":"f.37E7500FB3BEF60B72C91044CCDB3F00.d.AF9B8CAC7F7CE40E3C00123A506C4B53.e.15088","ELEMENT":"f.37E7500FB3BEF60B72C91044CCDB3F00.d.AF9B8CAC7F7CE40E3C00123A506C4B53.e.15088"}]}
COMMAND: POST /session/c0099c8ef87d8f1a9c022bedeb80dcd8/element/f.37E7500FB3BEF60B72C91044CCDB3F00.d.AF9B8CAC7F7CE40E3C00123A506C4B53.e.15088/click - {}
COMMAND: GET /session/c0099c8ef87d8f1a9c022bedeb80dcd8/screenshot - {}
RESULT: {}
RESULT: {}
COMMAND: GET /session/c0099c8ef87d8f1a9c022bedeb80dcd8/screenshot - {}
RESULT: {}
RESULT: {}
COMMAND: POST /session/c0099c8ef87d8f1a9c022bedeb80dcd8/element - {"using":"css selector","value":"#shell-header-logo"}
RESULT: {"using":"css selector","value":"#shell-header-logo"}
COMMAND: POST /session/c0099c8ef87d8f1a9c022bedeb80dcd8/element/f.37E7500FB3BEF60B72C91044CCDB3F00.d.AF9B8CAC7F7CE40E3C00123A506C4B53.e.14494/click - {}
RESULT: {}
COMMAND: GET /session/c0099c8ef87d8f1a9c022bedeb80dcd8/screenshot - {}
RESULT: {}
]]></system-out>
    </testcase>
    <testcase classname="chrome.135_0_7049_96.windows.Provide_to_Site_w/_warehouse_management_w_clarification" name="Should create a new contract" time="68.909">
      <system-out><![CDATA[
COMMAND: POST /session/c0099c8ef87d8f1a9c022bedeb80dcd8/execute/async - {"script":"<script> [1562 bytes]","args":[{"selector":{"controlType":"sap.m.GenericTile","properties":{"header":"Manage Contracts"}},"wdio_ui5_key":"sapm.GenericTile{\"header\":\"Manage Contracts\"}"}]}
RESULT: {"script":"<script> [1562 bytes]","args":[{"selector":{"controlType":"sap.m.GenericTile","properties":{"header":"Manage Contracts"}},"wdio_ui5_key":"sapm.GenericTile{\"header\":\"Manage Contracts\"}"}]}
RESULT: undefined
COMMAND: POST /session/c0099c8ef87d8f1a9c022bedeb80dcd8/element - {"using":"xpath","value":"//*[@id=\"__tile130\"]"}
RESULT: {"using":"xpath","value":"//*[@id=\"__tile130\"]"}
COMMAND: POST /session/c0099c8ef87d8f1a9c022bedeb80dcd8/element/f.37E7500FB3BEF60B72C91044CCDB3F00.d.AF9B8CAC7F7CE40E3C00123A506C4B53.e.15322/click - {}
RESULT: {}
COMMAND: GET /session/c0099c8ef87d8f1a9c022bedeb80dcd8/screenshot - {}
RESULT: {}
COMMAND: POST /session/c0099c8ef87d8f1a9c022bedeb80dcd8/execute/async - {"script":"<script> [1562 bytes]","args":[{"selector":{"controlType":"sap.ui.core.Icon","viewName":"etm.portal.ui.managecontracts.view.Master","properties":{"src":{"regex":{"source":"add"}}}},"wdio_ui5_key":"etmportal.ui.managecontracts.view.Mastersap.ui.core.Icon{\"src\":{\"regex\":{\"source\":\"add\"}}}"}]}
RESULT: {"script":"<script> [1562 bytes]","args":[{"selector":{"controlType":"sap.ui.core.Icon","viewName":"etm.portal.ui.managecontracts.view.Master","properties":{"src":{"regex":{"source":"add"}}}},"wdio_ui5_key":"etmportal.ui.managecontracts.view.Mastersap.ui.core.Icon{\"src\":{\"regex\":{\"source\":\"add\"}}}"}]}
RESULT: undefined
COMMAND: POST /session/c0099c8ef87d8f1a9c022bedeb80dcd8/element - {"using":"xpath","value":"//*[@id=\"__button303-img\"]"}
RESULT: {"using":"xpath","value":"//*[@id=\"__button303-img\"]"}
COMMAND: POST /session/c0099c8ef87d8f1a9c022bedeb80dcd8/element/f.37E7500FB3BEF60B72C91044CCDB3F00.d.AF9B8CAC7F7CE40E3C00123A506C4B53.e.15415/click - {}
RESULT: {}
COMMAND: POST /session/c0099c8ef87d8f1a9c022bedeb80dcd8/execute/async - {"script":"<script> [1562 bytes]","args":[{"selector":{"id":"application-managecontracts-display-component---AddNewContract--projectDescription","interaction":{"idSuffix":"inner"}},"wdio_ui5_key":"applicationmanagecontracts-display-component---AddNewContract--projectDescription"}]}
COMMAND: GET /session/c0099c8ef87d8f1a9c022bedeb80dcd8/screenshot - {}
RESULT: {"script":"<script> [1562 bytes]","args":[{"selector":{"id":"application-managecontracts-display-component---AddNewContract--projectDescription","interaction":{"idSuffix":"inner"}},"wdio_ui5_key":"applicationmanagecontracts-display-component---AddNewContract--projectDescription"}]}
RESULT: undefined
COMMAND: POST /session/c0099c8ef87d8f1a9c022bedeb80dcd8/execute/async - {"script":"<script> [776 bytes]","args":[{"enterText":"wdi5 contract for billing","selector":{"id":"application-managecontracts-display-component---AddNewContract--projectDescription","interaction":{"idSuffix":"inner"}},"clearTextFirst":true,"interactionType":"ENTER_TEXT"}]}
RESULT: {}
RESULT: {"script":"<script> [776 bytes]","args":[{"enterText":"wdi5 contract for billing","selector":{"id":"application-managecontracts-display-component---AddNewContract--projectDescription","interaction":{"idSuffix":"inner"}},"clearTextFirst":true,"interactionType":"ENTER_TEXT"}]}
COMMAND: POST /session/c0099c8ef87d8f1a9c022bedeb80dcd8/element - {"using":"xpath","value":"//input[@id=\"application-managecontracts-display-component---AddNewContract--customerSelect-inner\"]"}
RESULT: {"using":"xpath","value":"//input[@id=\"application-managecontracts-display-component---AddNewContract--customerSelect-inner\"]"}
COMMAND: POST /session/c0099c8ef87d8f1a9c022bedeb80dcd8/element/f.37E7500FB3BEF60B72C91044CCDB3F00.d.AF9B8CAC7F7CE40E3C00123A506C4B53.e.15645/clear - {}
RESULT: {}
COMMAND: POST /session/c0099c8ef87d8f1a9c022bedeb80dcd8/element/f.37E7500FB3BEF60B72C91044CCDB3F00.d.AF9B8CAC7F7CE40E3C00123A506C4B53.e.15645/value - {"text":"1385"}
COMMAND: GET /session/c0099c8ef87d8f1a9c022bedeb80dcd8/screenshot - {}
RESULT: {"text":"1385"}
COMMAND: GET /session/c0099c8ef87d8f1a9c022bedeb80dcd8/screenshot - {}
RESULT: {}
RESULT: {}
COMMAND: POST /session/c0099c8ef87d8f1a9c022bedeb80dcd8/actions - {"actions":[{"id":"action63","type":"key","parameters":{},"actions":[{"type":"keyDown","value":"î€‡"},{"type":"pause","duration":10},{"type":"keyUp","value":"î€‡"}]}]}
RESULT: {"actions":[{"id":"action63","type":"key","parameters":{},"actions":[{"type":"keyDown","value":"î€‡"},{"type":"pause","duration":10},{"type":"keyUp","value":"î€‡"}]}]}
COMMAND: POST /session/c0099c8ef87d8f1a9c022bedeb80dcd8/element - {"using":"xpath","value":"//input[@id=\"application-managecontracts-display-component---AddNewContract--site-inner\"]"}
COMMAND: GET /session/c0099c8ef87d8f1a9c022bedeb80dcd8/screenshot - {}
RESULT: {"using":"xpath","value":"//input[@id=\"application-managecontracts-display-component---AddNewContract--site-inner\"]"}
COMMAND: POST /session/c0099c8ef87d8f1a9c022bedeb80dcd8/element/f.37E7500FB3BEF60B72C91044CCDB3F00.d.AF9B8CAC7F7CE40E3C00123A506C4B53.e.15646/clear - {}
RESULT: {}
RESULT: {}
COMMAND: POST /session/c0099c8ef87d8f1a9c022bedeb80dcd8/element/f.37E7500FB3BEF60B72C91044CCDB3F00.d.AF9B8CAC7F7CE40E3C00123A506C4B53.e.15646/value - {"text":"2347"}
COMMAND: GET /session/c0099c8ef87d8f1a9c022bedeb80dcd8/screenshot - {}
RESULT: {"text":"2347"}
COMMAND: GET /session/c0099c8ef87d8f1a9c022bedeb80dcd8/screenshot - {}
RESULT: {}
RESULT: {}
COMMAND: POST /session/c0099c8ef87d8f1a9c022bedeb80dcd8/actions - {"actions":[{"id":"action64","type":"key","parameters":{},"actions":[{"type":"keyDown","value":"î€‡"},{"type":"pause","duration":10},{"type":"keyUp","value":"î€‡"}]}]}
RESULT: {"actions":[{"id":"action64","type":"key","parameters":{},"actions":[{"type":"keyDown","value":"î€‡"},{"type":"pause","duration":10},{"type":"keyUp","value":"î€‡"}]}]}
COMMAND: POST /session/c0099c8ef87d8f1a9c022bedeb80dcd8/execute/async - {"script":"<script> [1562 bytes]","args":[{"selector":{"id":"application-managecontracts-display-component---AddNewContract--calendarInput","interaction":{"idSuffix":"inner"}},"wdio_ui5_key":"applicationmanagecontracts-display-component---AddNewContract--calendarInput"}]}
COMMAND: GET /session/c0099c8ef87d8f1a9c022bedeb80dcd8/screenshot - {}
RESULT: {"script":"<script> [1562 bytes]","args":[{"selector":{"id":"application-managecontracts-display-component---AddNewContract--calendarInput","interaction":{"idSuffix":"inner"}},"wdio_ui5_key":"applicationmanagecontracts-display-component---AddNewContract--calendarInput"}]}
RESULT: undefined
COMMAND: POST /session/c0099c8ef87d8f1a9c022bedeb80dcd8/execute/async - {"script":"<script> [776 bytes]","args":[{"enterText":"1 - Calendar unit test patch","selector":{"id":"application-managecontracts-display-component---AddNewContract--calendarInput","interaction":{"idSuffix":"inner"}},"clearTextFirst":true,"interactionType":"ENTER_TEXT"}]}
RESULT: {}
RESULT: {"script":"<script> [776 bytes]","args":[{"enterText":"1 - Calendar unit test patch","selector":{"id":"application-managecontracts-display-component---AddNewContract--calendarInput","interaction":{"idSuffix":"inner"}},"clearTextFirst":true,"interactionType":"ENTER_TEXT"}]}
COMMAND: POST /session/c0099c8ef87d8f1a9c022bedeb80dcd8/actions - {"actions":[{"id":"action65","type":"key","parameters":{},"actions":[{"type":"keyDown","value":"î€‡"},{"type":"pause","duration":10},{"type":"keyUp","value":"î€‡"}]}]}
RESULT: {"actions":[{"id":"action65","type":"key","parameters":{},"actions":[{"type":"keyDown","value":"î€‡"},{"type":"pause","duration":10},{"type":"keyUp","value":"î€‡"}]}]}
COMMAND: POST /session/c0099c8ef87d8f1a9c022bedeb80dcd8/execute/async - {"script":"<script> [1562 bytes]","args":[{"selector":{"id":"application-managecontracts-display-component---AddNewContract--languageCB","interaction":{"idSuffix":"inner"}},"wdio_ui5_key":"applicationmanagecontracts-display-component---AddNewContract--languageCB"}]}
COMMAND: GET /session/c0099c8ef87d8f1a9c022bedeb80dcd8/screenshot - {}
RESULT: {"script":"<script> [1562 bytes]","args":[{"selector":{"id":"application-managecontracts-display-component---AddNewContract--languageCB","interaction":{"idSuffix":"inner"}},"wdio_ui5_key":"applicationmanagecontracts-display-component---AddNewContract--languageCB"}]}
RESULT: undefined
COMMAND: POST /session/c0099c8ef87d8f1a9c022bedeb80dcd8/execute/async - {"script":"<script> [776 bytes]","args":[{"enterText":"EN - English","selector":{"id":"application-managecontracts-display-component---AddNewContract--languageCB","interaction":{"idSuffix":"inner"}},"clearTextFirst":true,"interactionType":"ENTER_TEXT"}]}
RESULT: {}
RESULT: {"script":"<script> [776 bytes]","args":[{"enterText":"EN - English","selector":{"id":"application-managecontracts-display-component---AddNewContract--languageCB","interaction":{"idSuffix":"inner"}},"clearTextFirst":true,"interactionType":"ENTER_TEXT"}]}
COMMAND: POST /session/c0099c8ef87d8f1a9c022bedeb80dcd8/actions - {"actions":[{"id":"action66","type":"key","parameters":{},"actions":[{"type":"keyDown","value":"î€‡"},{"type":"pause","duration":10},{"type":"keyUp","value":"î€‡"}]}]}
RESULT: {"actions":[{"id":"action66","type":"key","parameters":{},"actions":[{"type":"keyDown","value":"î€‡"},{"type":"pause","duration":10},{"type":"keyUp","value":"î€‡"}]}]}
COMMAND: POST /session/c0099c8ef87d8f1a9c022bedeb80dcd8/execute/async - {"script":"<script> [1562 bytes]","args":[{"selector":{"id":"application-managecontracts-display-component---AddNewContract--saveBtn","interaction":{"idSuffix":"BDI-content"}},"wdio_ui5_key":"applicationmanagecontracts-display-component---AddNewContract--saveBtn"}]}
COMMAND: GET /session/c0099c8ef87d8f1a9c022bedeb80dcd8/screenshot - {}
RESULT: {"script":"<script> [1562 bytes]","args":[{"selector":{"id":"application-managecontracts-display-component---AddNewContract--saveBtn","interaction":{"idSuffix":"BDI-content"}},"wdio_ui5_key":"applicationmanagecontracts-display-component---AddNewContract--saveBtn"}]}
RESULT: undefined
COMMAND: POST /session/c0099c8ef87d8f1a9c022bedeb80dcd8/element - {"using":"xpath","value":"//*[@id=\"application-managecontracts-display-component---AddNewContract--saveBtn\"]"}
RESULT: {}
RESULT: {"using":"xpath","value":"//*[@id=\"application-managecontracts-display-component---AddNewContract--saveBtn\"]"}
COMMAND: POST /session/c0099c8ef87d8f1a9c022bedeb80dcd8/element/f.37E7500FB3BEF60B72C91044CCDB3F00.d.AF9B8CAC7F7CE40E3C00123A506C4B53.e.15663/click - {}
RESULT: {}
COMMAND: GET /session/c0099c8ef87d8f1a9c022bedeb80dcd8/screenshot - {}
RESULT: {}
COMMAND: POST /session/c0099c8ef87d8f1a9c022bedeb80dcd8/execute/async - {"script":"<script> [1562 bytes]","args":[{"selector":{"id":"contractDetailTitleNoExpanded","viewName":"etm.portal.ui.managecontracts.view.Detail"},"wdio_ui5_key":"contractDetailTitleNoExpandedetmportal.ui.managecontracts.view.Detail"}]}
RESULT: {"script":"<script> [1562 bytes]","args":[{"selector":{"id":"contractDetailTitleNoExpanded","viewName":"etm.portal.ui.managecontracts.view.Detail"},"wdio_ui5_key":"contractDetailTitleNoExpandedetmportal.ui.managecontracts.view.Detail"}]}
RESULT: undefined
COMMAND: POST /session/c0099c8ef87d8f1a9c022bedeb80dcd8/execute/async - {"script":"<script> [6424 bytes]","args":[{"element-6066-11e4-a52e-4f735466cecf":"f.37E7500FB3BEF60B72C91044CCDB3F00.d.AF9B8CAC7F7CE40E3C00123A506C4B53.e.15745"},"getText",[]]}
RESULT: {"script":"<script> [6424 bytes]","args":[{"element-6066-11e4-a52e-4f735466cecf":"f.37E7500FB3BEF60B72C91044CCDB3F00.d.AF9B8CAC7F7CE40E3C00123A506C4B53.e.15745"},"getText",[]]}
]]></system-out>
    </testcase>
    <testcase classname="chrome.135_0_7049_96.windows.Provide_to_Site_w/_warehouse_management_w_clarification" name="Should add resource to the contract" time="46.347">
      <system-out><![CDATA[
COMMAND: POST /session/c0099c8ef87d8f1a9c022bedeb80dcd8/execute/async - {"script":"<script> [1562 bytes]","args":[{"selector":{"id":"contractDetailEditBtn","viewName":"etm.portal.ui.managecontracts.view.Detail","interaction":{"idSuffix":"BDI-content"}},"wdio_ui5_key":"contractDetailEditBtnetmportal.ui.managecontracts.view.Detail"}]}
RESULT: {"script":"<script> [1562 bytes]","args":[{"selector":{"id":"contractDetailEditBtn","viewName":"etm.portal.ui.managecontracts.view.Detail","interaction":{"idSuffix":"BDI-content"}},"wdio_ui5_key":"contractDetailEditBtnetmportal.ui.managecontracts.view.Detail"}]}
RESULT: undefined
COMMAND: POST /session/c0099c8ef87d8f1a9c022bedeb80dcd8/element - {"using":"xpath","value":"//*[@id=\"__xmlview63--contractDetailEditBtn\"]"}
RESULT: {"using":"xpath","value":"//*[@id=\"__xmlview63--contractDetailEditBtn\"]"}
COMMAND: POST /session/c0099c8ef87d8f1a9c022bedeb80dcd8/element/f.37E7500FB3BEF60B72C91044CCDB3F00.d.AF9B8CAC7F7CE40E3C00123A506C4B53.e.15747/click - {}
RESULT: {}
COMMAND: GET /session/c0099c8ef87d8f1a9c022bedeb80dcd8/screenshot - {}
RESULT: {}
COMMAND: POST /session/c0099c8ef87d8f1a9c022bedeb80dcd8/execute/async - {"script":"<script> [1562 bytes]","args":[{"selector":{"id":"additionalAddressesTabFilter","viewName":"etm.portal.ui.managecontracts.view.EditContract","interaction":{"idSuffix":"text"}},"wdio_ui5_key":"additionalAddressesTabFilteretmportal.ui.managecontracts.view.EditContract"}]}
RESULT: {"script":"<script> [1562 bytes]","args":[{"selector":{"id":"additionalAddressesTabFilter","viewName":"etm.portal.ui.managecontracts.view.EditContract","interaction":{"idSuffix":"text"}},"wdio_ui5_key":"additionalAddressesTabFilteretmportal.ui.managecontracts.view.EditContract"}]}
RESULT: undefined
COMMAND: POST /session/c0099c8ef87d8f1a9c022bedeb80dcd8/element - {"using":"xpath","value":"//*[@id=\"__xmlview64--additionalAddressesTabFilter\"]"}
RESULT: {"using":"xpath","value":"//*[@id=\"__xmlview64--additionalAddressesTabFilter\"]"}
COMMAND: POST /session/c0099c8ef87d8f1a9c022bedeb80dcd8/element/f.37E7500FB3BEF60B72C91044CCDB3F00.d.AF9B8CAC7F7CE40E3C00123A506C4B53.e.15808/click - {}
RESULT: {}
RESULT: undefined
COMMAND: POST /session/c0099c8ef87d8f1a9c022bedeb80dcd8/element - {"using":"xpath","value":"//*[@id=\"__xmlview64--additionalAddressesTabFilter\"]"}
COMMAND: GET /session/c0099c8ef87d8f1a9c022bedeb80dcd8/screenshot - {}
RESULT: {"using":"xpath","value":"//*[@id=\"__xmlview64--additionalAddressesTabFilter\"]"}
COMMAND: POST /session/c0099c8ef87d8f1a9c022bedeb80dcd8/element/f.37E7500FB3BEF60B72C91044CCDB3F00.d.AF9B8CAC7F7CE40E3C00123A506C4B53.e.15808/click - {}
RESULT: {}
RESULT: {}
COMMAND: POST /session/c0099c8ef87d8f1a9c022bedeb80dcd8/execute/async - {"script":"<script> [1562 bytes]","args":[{"selector":{"controlType":"sap.ui.core.Icon","viewName":"etm.portal.ui.managecontracts.view.EditContract","properties":{"src":{"regex":{"source":"add"}}}},"wdio_ui5_key":"etmportal.ui.managecontracts.view.EditContractsap.ui.core.Icon{\"src\":{\"regex\":{\"source\":\"add\"}}}"}]}
COMMAND: GET /session/c0099c8ef87d8f1a9c022bedeb80dcd8/screenshot - {}
RESULT: {"script":"<script> [1562 bytes]","args":[{"selector":{"controlType":"sap.ui.core.Icon","viewName":"etm.portal.ui.managecontracts.view.EditContract","properties":{"src":{"regex":{"source":"add"}}}},"wdio_ui5_key":"etmportal.ui.managecontracts.view.EditContractsap.ui.core.Icon{\"src\":{\"regex\":{\"source\":\"add\"}}}"}]}
RESULT: undefined
COMMAND: POST /session/c0099c8ef87d8f1a9c022bedeb80dcd8/element - {"using":"xpath","value":"//*[@id=\"__xmlview64--btnAddTableRow-img\"]"}
RESULT: {}
RESULT: {"using":"xpath","value":"//*[@id=\"__xmlview64--btnAddTableRow-img\"]"}
COMMAND: POST /session/c0099c8ef87d8f1a9c022bedeb80dcd8/element/f.37E7500FB3BEF60B72C91044CCDB3F00.d.AF9B8CAC7F7CE40E3C00123A506C4B53.e.15811/click - {}
RESULT: {}
COMMAND: POST /session/c0099c8ef87d8f1a9c022bedeb80dcd8/element - {"using":"xpath","value":"//div[(text() = 'Standard Entry' or . = 'Standard Entry')]"}
COMMAND: GET /session/c0099c8ef87d8f1a9c022bedeb80dcd8/screenshot - {}
RESULT: {"using":"xpath","value":"//div[(text() = 'Standard Entry' or . = 'Standard Entry')]"}
COMMAND: POST /session/c0099c8ef87d8f1a9c022bedeb80dcd8/element/f.37E7500FB3BEF60B72C91044CCDB3F00.d.AF9B8CAC7F7CE40E3C00123A506C4B53.e.15813/click - {}
RESULT: {}
RESULT: {}
COMMAND: POST /session/c0099c8ef87d8f1a9c022bedeb80dcd8/execute/async - {"script":"<script> [1562 bytes]","args":[{"selector":{"controlType":"sap.ui.core.Icon","viewName":"etm.portal.ui.managecontracts.view.EditContract","properties":{"src":{"regex":{"source":"inspect"}}}},"wdio_ui5_key":"etmportal.ui.managecontracts.view.EditContractsap.ui.core.Icon{\"src\":{\"regex\":{\"source\":\"inspect\"}}}"}]}
COMMAND: GET /session/c0099c8ef87d8f1a9c022bedeb80dcd8/screenshot - {}
RESULT: {"script":"<script> [1562 bytes]","args":[{"selector":{"controlType":"sap.ui.core.Icon","viewName":"etm.portal.ui.managecontracts.view.EditContract","properties":{"src":{"regex":{"source":"inspect"}}}},"wdio_ui5_key":"etmportal.ui.managecontracts.view.EditContractsap.ui.core.Icon{\"src\":{\"regex\":{\"source\":\"inspect\"}}}"}]}
RESULT: undefined
COMMAND: POST /session/c0099c8ef87d8f1a9c022bedeb80dcd8/element - {"using":"xpath","value":"//*[@id=\"__button329-img\"]"}
RESULT: {}
RESULT: {"using":"xpath","value":"//*[@id=\"__button329-img\"]"}
COMMAND: POST /session/c0099c8ef87d8f1a9c022bedeb80dcd8/element/f.37E7500FB3BEF60B72C91044CCDB3F00.d.AF9B8CAC7F7CE40E3C00123A506C4B53.e.15825/click - {}
RESULT: {}
COMMAND: GET /session/c0099c8ef87d8f1a9c022bedeb80dcd8/screenshot - {}
RESULT: {}
COMMAND: POST /session/c0099c8ef87d8f1a9c022bedeb80dcd8/element - {"using":"xpath","value":"//td[6]/div/div/input[1]"}
RESULT: {"using":"xpath","value":"//td[6]/div/div/input[1]"}
COMMAND: POST /session/c0099c8ef87d8f1a9c022bedeb80dcd8/element/f.37E7500FB3BEF60B72C91044CCDB3F00.d.AF9B8CAC7F7CE40E3C00123A506C4B53.e.15815/clear - {}
RESULT: {}
COMMAND: GET /session/c0099c8ef87d8f1a9c022bedeb80dcd8/screenshot - {}
RESULT: {}
COMMAND: POST /session/c0099c8ef87d8f1a9c022bedeb80dcd8/element - {"using":"xpath","value":"//td[6]/div/div/input[1]"}
RESULT: {"using":"xpath","value":"//td[6]/div/div/input[1]"}
COMMAND: POST /session/c0099c8ef87d8f1a9c022bedeb80dcd8/element/f.37E7500FB3BEF60B72C91044CCDB3F00.d.AF9B8CAC7F7CE40E3C00123A506C4B53.e.15841/click - {}
RESULT: {}
COMMAND: POST /session/c0099c8ef87d8f1a9c022bedeb80dcd8/actions - {"actions":[{"id":"action67","type":"key","parameters":{},"actions":[{"type":"keyDown","value":"î€ƒ"},{"type":"pause","duration":10},{"type":"keyUp","value":"î€ƒ"}]}]}
COMMAND: GET /session/c0099c8ef87d8f1a9c022bedeb80dcd8/screenshot - {}
RESULT: {"actions":[{"id":"action67","type":"key","parameters":{},"actions":[{"type":"keyDown","value":"î€ƒ"},{"type":"pause","duration":10},{"type":"keyUp","value":"î€ƒ"}]}]}
COMMAND: POST /session/c0099c8ef87d8f1a9c022bedeb80dcd8/element - {"using":"xpath","value":"//td[6]/div/div/input[1]"}
COMMAND: GET /session/c0099c8ef87d8f1a9c022bedeb80dcd8/screenshot - {}
RESULT: {}
RESULT: {"using":"xpath","value":"//td[6]/div/div/input[1]"}
COMMAND: POST /session/c0099c8ef87d8f1a9c022bedeb80dcd8/element/f.37E7500FB3BEF60B72C91044CCDB3F00.d.AF9B8CAC7F7CE40E3C00123A506C4B53.e.15841/clear - {}
RESULT: {}
RESULT: {}
COMMAND: POST /session/c0099c8ef87d8f1a9c022bedeb80dcd8/element/f.37E7500FB3BEF60B72C91044CCDB3F00.d.AF9B8CAC7F7CE40E3C00123A506C4B53.e.15841/value - {"text":"Material"}
COMMAND: GET /session/c0099c8ef87d8f1a9c022bedeb80dcd8/screenshot - {}
RESULT: {"text":"Material"}
COMMAND: GET /session/c0099c8ef87d8f1a9c022bedeb80dcd8/screenshot - {}
RESULT: {}
RESULT: {}
COMMAND: POST /session/c0099c8ef87d8f1a9c022bedeb80dcd8/actions - {"actions":[{"id":"action68","type":"key","parameters":{},"actions":[{"type":"keyDown","value":"î€‡"},{"type":"pause","duration":10},{"type":"keyUp","value":"î€‡"}]}]}
RESULT: {"actions":[{"id":"action68","type":"key","parameters":{},"actions":[{"type":"keyDown","value":"î€‡"},{"type":"pause","duration":10},{"type":"keyUp","value":"î€‡"}]}]}
COMMAND: POST /session/c0099c8ef87d8f1a9c022bedeb80dcd8/element - {"using":"xpath","value":"//td[7]/div/div/input[1]"}
COMMAND: GET /session/c0099c8ef87d8f1a9c022bedeb80dcd8/screenshot - {}
RESULT: {"using":"xpath","value":"//td[7]/div/div/input[1]"}
COMMAND: POST /session/c0099c8ef87d8f1a9c022bedeb80dcd8/element/f.37E7500FB3BEF60B72C91044CCDB3F00.d.AF9B8CAC7F7CE40E3C00123A506C4B53.e.15863/clear - {}
RESULT: {}
RESULT: {}
COMMAND: POST /session/c0099c8ef87d8f1a9c022bedeb80dcd8/element/f.37E7500FB3BEF60B72C91044CCDB3F00.d.AF9B8CAC7F7CE40E3C00123A506C4B53.e.15863/value - {"text":"200282"}
COMMAND: GET /session/c0099c8ef87d8f1a9c022bedeb80dcd8/screenshot - {}
RESULT: {"text":"200282"}
COMMAND: GET /session/c0099c8ef87d8f1a9c022bedeb80dcd8/screenshot - {}
RESULT: {}
RESULT: {}
COMMAND: POST /session/c0099c8ef87d8f1a9c022bedeb80dcd8/actions - {"actions":[{"id":"action69","type":"key","parameters":{},"actions":[{"type":"keyDown","value":"î€‡"},{"type":"pause","duration":10},{"type":"keyUp","value":"î€‡"}]}]}
RESULT: {"actions":[{"id":"action69","type":"key","parameters":{},"actions":[{"type":"keyDown","value":"î€‡"},{"type":"pause","duration":10},{"type":"keyUp","value":"î€‡"}]}]}
COMMAND: POST /session/c0099c8ef87d8f1a9c022bedeb80dcd8/execute/async - {"script":"<script> [1562 bytes]","args":[{"selector":{"controlType":"sap.m.Button","properties":{"text":"OK"},"searchOpenDialogs":true,"interaction":{"idSuffix":"BDI-content"}},"wdio_ui5_key":"sapm.Button{\"text\":\"OK\"}"}]}
COMMAND: GET /session/c0099c8ef87d8f1a9c022bedeb80dcd8/screenshot - {}
RESULT: {"script":"<script> [1562 bytes]","args":[{"selector":{"controlType":"sap.m.Button","properties":{"text":"OK"},"searchOpenDialogs":true,"interaction":{"idSuffix":"BDI-content"}},"wdio_ui5_key":"sapm.Button{\"text\":\"OK\"}"}]}
RESULT: undefined
COMMAND: POST /session/c0099c8ef87d8f1a9c022bedeb80dcd8/element - {"using":"xpath","value":"//*[@id=\"__mbox-btn-1\"]"}
RESULT: {}
RESULT: {"using":"xpath","value":"//*[@id=\"__mbox-btn-1\"]"}
COMMAND: POST /session/c0099c8ef87d8f1a9c022bedeb80dcd8/element/f.37E7500FB3BEF60B72C91044CCDB3F00.d.AF9B8CAC7F7CE40E3C00123A506C4B53.e.15884/click - {}
RESULT: {}
COMMAND: POST /session/c0099c8ef87d8f1a9c022bedeb80dcd8/execute/async - {"script":"<script> [1562 bytes]","args":[{"selector":{"id":"saveBtn","viewName":"etm.portal.ui.managecontracts.view.EditContract","interaction":{"idSuffix":"BDI-content"}},"wdio_ui5_key":"saveBtnetmportal.ui.managecontracts.view.EditContract"}]}
COMMAND: GET /session/c0099c8ef87d8f1a9c022bedeb80dcd8/screenshot - {}
RESULT: {"script":"<script> [1562 bytes]","args":[{"selector":{"id":"saveBtn","viewName":"etm.portal.ui.managecontracts.view.EditContract","interaction":{"idSuffix":"BDI-content"}},"wdio_ui5_key":"saveBtnetmportal.ui.managecontracts.view.EditContract"}]}
RESULT: undefined
COMMAND: POST /session/c0099c8ef87d8f1a9c022bedeb80dcd8/element - {"using":"xpath","value":"//*[@id=\"__xmlview64--saveBtn\"]"}
RESULT: {}
RESULT: {"using":"xpath","value":"//*[@id=\"__xmlview64--saveBtn\"]"}
COMMAND: POST /session/c0099c8ef87d8f1a9c022bedeb80dcd8/element/f.37E7500FB3BEF60B72C91044CCDB3F00.d.AF9B8CAC7F7CE40E3C00123A506C4B53.e.15910/click - {}
RESULT: {}
COMMAND: GET /session/c0099c8ef87d8f1a9c022bedeb80dcd8/screenshot - {}
RESULT: {}
COMMAND: POST /session/c0099c8ef87d8f1a9c022bedeb80dcd8/execute/async - {"script":"<script> [1562 bytes]","args":[{"selector":{"id":"additionalAddressesTabFilter","viewName":"etm.portal.ui.managecontracts.view.Detail","interaction":{"idSuffix":"text"}},"wdio_ui5_key":"additionalAddressesTabFilteretmportal.ui.managecontracts.view.Detail"}]}
RESULT: {"script":"<script> [1562 bytes]","args":[{"selector":{"id":"additionalAddressesTabFilter","viewName":"etm.portal.ui.managecontracts.view.Detail","interaction":{"idSuffix":"text"}},"wdio_ui5_key":"additionalAddressesTabFilteretmportal.ui.managecontracts.view.Detail"}]}
RESULT: undefined
COMMAND: POST /session/c0099c8ef87d8f1a9c022bedeb80dcd8/element - {"using":"xpath","value":"//*[@id=\"__xmlview63--additionalAddressesTabFilter\"]"}
RESULT: {"using":"xpath","value":"//*[@id=\"__xmlview63--additionalAddressesTabFilter\"]"}
COMMAND: POST /session/c0099c8ef87d8f1a9c022bedeb80dcd8/element/f.37E7500FB3BEF60B72C91044CCDB3F00.d.AF9B8CAC7F7CE40E3C00123A506C4B53.e.15914/click - {}
RESULT: {}
COMMAND: POST /session/c0099c8ef87d8f1a9c022bedeb80dcd8/execute/async - {"script":"<script> [1562 bytes]","args":[{"selector":{"id":"contractDetailProvideButton","viewName":"etm.portal.ui.managecontracts.view.Detail","interaction":{"idSuffix":"BDI-content"}},"wdio_ui5_key":"contractDetailProvideButtonetmportal.ui.managecontracts.view.Detail"}]}
COMMAND: GET /session/c0099c8ef87d8f1a9c022bedeb80dcd8/screenshot - {}
RESULT: {"script":"<script> [1562 bytes]","args":[{"selector":{"id":"contractDetailProvideButton","viewName":"etm.portal.ui.managecontracts.view.Detail","interaction":{"idSuffix":"BDI-content"}},"wdio_ui5_key":"contractDetailProvideButtonetmportal.ui.managecontracts.view.Detail"}]}
RESULT: undefined
COMMAND: POST /session/c0099c8ef87d8f1a9c022bedeb80dcd8/element - {"using":"xpath","value":"//*[@id=\"__xmlview63--contractDetailProvideButton\"]"}
RESULT: {}
RESULT: {"using":"xpath","value":"//*[@id=\"__xmlview63--contractDetailProvideButton\"]"}
COMMAND: POST /session/c0099c8ef87d8f1a9c022bedeb80dcd8/element/f.37E7500FB3BEF60B72C91044CCDB3F00.d.AF9B8CAC7F7CE40E3C00123A506C4B53.e.15919/click - {}
RESULT: {}
COMMAND: GET /session/c0099c8ef87d8f1a9c022bedeb80dcd8/screenshot - {}
]]></system-out>
    </testcase>
    <testcase classname="chrome.135_0_7049_96.windows.Provide_to_Site_w/_warehouse_management_w_clarification" name="Should Create HandOvers provide to site" time="71.383">
      <system-out><![CDATA[
COMMAND: POST /session/c0099c8ef87d8f1a9c022bedeb80dcd8/element - {"using":"css selector","value":"#application-managehandovers-display-component---AddNewHO--dueDate-inner"}
RESULT: {}
RESULT: {"using":"css selector","value":"#application-managehandovers-display-component---AddNewHO--dueDate-inner"}
COMMAND: POST /session/c0099c8ef87d8f1a9c022bedeb80dcd8/element/f.37E7500FB3BEF60B72C91044CCDB3F00.d.AF9B8CAC7F7CE40E3C00123A506C4B53.e.15976/clear - {}
RESULT: {}
COMMAND: POST /session/c0099c8ef87d8f1a9c022bedeb80dcd8/element/f.37E7500FB3BEF60B72C91044CCDB3F00.d.AF9B8CAC7F7CE40E3C00123A506C4B53.e.15976/value - {"text":"5/2/25"}
COMMAND: GET /session/c0099c8ef87d8f1a9c022bedeb80dcd8/screenshot - {}
RESULT: {"text":"5/2/25"}
COMMAND: POST /session/c0099c8ef87d8f1a9c022bedeb80dcd8/element - {"using":"xpath","value":"//bdi[(text() = 'Items' or . = 'Items')]"}
RESULT: {}
COMMAND: GET /session/c0099c8ef87d8f1a9c022bedeb80dcd8/screenshot - {}
RESULT: {"using":"xpath","value":"//bdi[(text() = 'Items' or . = 'Items')]"}
COMMAND: POST /session/c0099c8ef87d8f1a9c022bedeb80dcd8/element/f.37E7500FB3BEF60B72C91044CCDB3F00.d.AF9B8CAC7F7CE40E3C00123A506C4B53.e.16091/click - {}
RESULT: {}
RESULT: {}
COMMAND: POST /session/c0099c8ef87d8f1a9c022bedeb80dcd8/execute/async - {"script":"<script> [1562 bytes]","args":[{"selector":{"controlType":"sap.m.Button","viewName":"etm.portal.ui.managehandovers.view.AddNewHO","viewId":"application-managehandovers-display-component---AddNewHO","i18NText":{"propertyName":"tooltip","key":"addItems"}},"wdio_ui5_key":"etmportal.ui.managehandovers.view.AddNewHOsap.m.Button{\"propertyName\":\"tooltip\",\"key\":\"addItems\"}"}]}
COMMAND: GET /session/c0099c8ef87d8f1a9c022bedeb80dcd8/screenshot - {}
RESULT: {"script":"<script> [1562 bytes]","args":[{"selector":{"controlType":"sap.m.Button","viewName":"etm.portal.ui.managehandovers.view.AddNewHO","viewId":"application-managehandovers-display-component---AddNewHO","i18NText":{"propertyName":"tooltip","key":"addItems"}},"wdio_ui5_key":"etmportal.ui.managehandovers.view.AddNewHOsap.m.Button{\"propertyName\":\"tooltip\",\"key\":\"addItems\"}"}]}
RESULT: undefined
COMMAND: POST /session/c0099c8ef87d8f1a9c022bedeb80dcd8/element - {"using":"xpath","value":"//*[@id=\"__button354\"]"}
RESULT: {}
RESULT: {"using":"xpath","value":"//*[@id=\"__button354\"]"}
COMMAND: POST /session/c0099c8ef87d8f1a9c022bedeb80dcd8/element/f.37E7500FB3BEF60B72C91044CCDB3F00.d.AF9B8CAC7F7CE40E3C00123A506C4B53.e.16098/click - {}
RESULT: {}
COMMAND: GET /session/c0099c8ef87d8f1a9c022bedeb80dcd8/screenshot - {}
RESULT: {}
COMMAND: POST /session/c0099c8ef87d8f1a9c022bedeb80dcd8/element - {"using":"css selector","value":"div[id= \"application-managehandovers-display-component---AddNewHO--popup-sa-CbBg\"]"}
RESULT: {"using":"css selector","value":"div[id= \"application-managehandovers-display-component---AddNewHO--popup-sa-CbBg\"]"}
COMMAND: POST /session/c0099c8ef87d8f1a9c022bedeb80dcd8/element/f.37E7500FB3BEF60B72C91044CCDB3F00.d.AF9B8CAC7F7CE40E3C00123A506C4B53.e.16108/click - {}
RESULT: {}
COMMAND: GET /session/c0099c8ef87d8f1a9c022bedeb80dcd8/screenshot - {}
RESULT: {}
COMMAND: POST /session/c0099c8ef87d8f1a9c022bedeb80dcd8/element - {"using":"xpath","value":"//bdi[(text() = 'Select' or . = 'Select')]"}
RESULT: {"using":"xpath","value":"//bdi[(text() = 'Select' or . = 'Select')]"}
COMMAND: POST /session/c0099c8ef87d8f1a9c022bedeb80dcd8/element/f.37E7500FB3BEF60B72C91044CCDB3F00.d.AF9B8CAC7F7CE40E3C00123A506C4B53.e.16110/click - {}
RESULT: {}
COMMAND: GET /session/c0099c8ef87d8f1a9c022bedeb80dcd8/screenshot - {}
RESULT: {}
COMMAND: POST /session/c0099c8ef87d8f1a9c022bedeb80dcd8/element - {"using":"xpath","value":"//bdi[(text() = 'Save' or . = 'Save')]"}
RESULT: {"using":"xpath","value":"//bdi[(text() = 'Save' or . = 'Save')]"}
COMMAND: POST /session/c0099c8ef87d8f1a9c022bedeb80dcd8/element/f.37E7500FB3BEF60B72C91044CCDB3F00.d.AF9B8CAC7F7CE40E3C00123A506C4B53.e.16118/click - {}
RESULT: {}
COMMAND: GET /session/c0099c8ef87d8f1a9c022bedeb80dcd8/screenshot - {}
RESULT: {}
COMMAND: POST /session/c0099c8ef87d8f1a9c022bedeb80dcd8/elements - {"using":"xpath","value":"//*[text()='Close']"}
RESULT: {"using":"xpath","value":"//*[text()='Close']"}
COMMAND: GET /session/c0099c8ef87d8f1a9c022bedeb80dcd8/element/f.37E7500FB3BEF60B72C91044CCDB3F00.d.AF9B8CAC7F7CE40E3C00123A506C4B53.e.16173/enabled - {}
RESULT: {}
COMMAND: POST /session/c0099c8ef87d8f1a9c022bedeb80dcd8/execute/sync - {"script":"<script> [8489 bytes]","args":[{"element-6066-11e4-a52e-4f735466cecf":"f.37E7500FB3BEF60B72C91044CCDB3F00.d.AF9B8CAC7F7CE40E3C00123A506C4B53.e.16173","ELEMENT":"f.37E7500FB3BEF60B72C91044CCDB3F00.d.AF9B8CAC7F7CE40E3C00123A506C4B53.e.16173"}]}
RESULT: {"script":"<script> [8489 bytes]","args":[{"element-6066-11e4-a52e-4f735466cecf":"f.37E7500FB3BEF60B72C91044CCDB3F00.d.AF9B8CAC7F7CE40E3C00123A506C4B53.e.16173","ELEMENT":"f.37E7500FB3BEF60B72C91044CCDB3F00.d.AF9B8CAC7F7CE40E3C00123A506C4B53.e.16173"}]}
COMMAND: GET /session/c0099c8ef87d8f1a9c022bedeb80dcd8/screenshot - {}
COMMAND: GET /session/c0099c8ef87d8f1a9c022bedeb80dcd8/screenshot - {}
COMMAND: POST /session/c0099c8ef87d8f1a9c022bedeb80dcd8/execute/sync - {"script":"<script> [8489 bytes]","args":[{"element-6066-11e4-a52e-4f735466cecf":"f.37E7500FB3BEF60B72C91044CCDB3F00.d.AF9B8CAC7F7CE40E3C00123A506C4B53.e.16173","ELEMENT":"f.37E7500FB3BEF60B72C91044CCDB3F00.d.AF9B8CAC7F7CE40E3C00123A506C4B53.e.16173"}]}
RESULT: {}
RESULT: {}
RESULT: {"script":"<script> [8489 bytes]","args":[{"element-6066-11e4-a52e-4f735466cecf":"f.37E7500FB3BEF60B72C91044CCDB3F00.d.AF9B8CAC7F7CE40E3C00123A506C4B53.e.16173","ELEMENT":"f.37E7500FB3BEF60B72C91044CCDB3F00.d.AF9B8CAC7F7CE40E3C00123A506C4B53.e.16173"}]}
COMMAND: GET /session/c0099c8ef87d8f1a9c022bedeb80dcd8/screenshot - {}
RESULT: {}
COMMAND: POST /session/c0099c8ef87d8f1a9c022bedeb80dcd8/execute/sync - {"script":"<script> [8489 bytes]","args":[{"element-6066-11e4-a52e-4f735466cecf":"f.37E7500FB3BEF60B72C91044CCDB3F00.d.AF9B8CAC7F7CE40E3C00123A506C4B53.e.16173","ELEMENT":"f.37E7500FB3BEF60B72C91044CCDB3F00.d.AF9B8CAC7F7CE40E3C00123A506C4B53.e.16173"}]}
RESULT: {"script":"<script> [8489 bytes]","args":[{"element-6066-11e4-a52e-4f735466cecf":"f.37E7500FB3BEF60B72C91044CCDB3F00.d.AF9B8CAC7F7CE40E3C00123A506C4B53.e.16173","ELEMENT":"f.37E7500FB3BEF60B72C91044CCDB3F00.d.AF9B8CAC7F7CE40E3C00123A506C4B53.e.16173"}]}
COMMAND: GET /session/c0099c8ef87d8f1a9c022bedeb80dcd8/screenshot - {}
COMMAND: POST /session/c0099c8ef87d8f1a9c022bedeb80dcd8/execute/sync - {"script":"<script> [8489 bytes]","args":[{"element-6066-11e4-a52e-4f735466cecf":"f.37E7500FB3BEF60B72C91044CCDB3F00.d.AF9B8CAC7F7CE40E3C00123A506C4B53.e.16173","ELEMENT":"f.37E7500FB3BEF60B72C91044CCDB3F00.d.AF9B8CAC7F7CE40E3C00123A506C4B53.e.16173"}]}
RESULT: {}
RESULT: {"script":"<script> [8489 bytes]","args":[{"element-6066-11e4-a52e-4f735466cecf":"f.37E7500FB3BEF60B72C91044CCDB3F00.d.AF9B8CAC7F7CE40E3C00123A506C4B53.e.16173","ELEMENT":"f.37E7500FB3BEF60B72C91044CCDB3F00.d.AF9B8CAC7F7CE40E3C00123A506C4B53.e.16173"}]}
COMMAND: POST /session/c0099c8ef87d8f1a9c022bedeb80dcd8/execute/sync - {"script":"<script> [8489 bytes]","args":[{"element-6066-11e4-a52e-4f735466cecf":"f.37E7500FB3BEF60B72C91044CCDB3F00.d.AF9B8CAC7F7CE40E3C00123A506C4B53.e.16173","ELEMENT":"f.37E7500FB3BEF60B72C91044CCDB3F00.d.AF9B8CAC7F7CE40E3C00123A506C4B53.e.16173"}]}
COMMAND: GET /session/c0099c8ef87d8f1a9c022bedeb80dcd8/screenshot - {}
RESULT: {"script":"<script> [8489 bytes]","args":[{"element-6066-11e4-a52e-4f735466cecf":"f.37E7500FB3BEF60B72C91044CCDB3F00.d.AF9B8CAC7F7CE40E3C00123A506C4B53.e.16173","ELEMENT":"f.37E7500FB3BEF60B72C91044CCDB3F00.d.AF9B8CAC7F7CE40E3C00123A506C4B53.e.16173"}]}
COMMAND: GET /session/c0099c8ef87d8f1a9c022bedeb80dcd8/screenshot - {}
RESULT: {}
COMMAND: POST /session/c0099c8ef87d8f1a9c022bedeb80dcd8/execute/sync - {"script":"<script> [8489 bytes]","args":[{"element-6066-11e4-a52e-4f735466cecf":"f.37E7500FB3BEF60B72C91044CCDB3F00.d.AF9B8CAC7F7CE40E3C00123A506C4B53.e.16173","ELEMENT":"f.37E7500FB3BEF60B72C91044CCDB3F00.d.AF9B8CAC7F7CE40E3C00123A506C4B53.e.16173"}]}
RESULT: {}
RESULT: {"script":"<script> [8489 bytes]","args":[{"element-6066-11e4-a52e-4f735466cecf":"f.37E7500FB3BEF60B72C91044CCDB3F00.d.AF9B8CAC7F7CE40E3C00123A506C4B53.e.16173","ELEMENT":"f.37E7500FB3BEF60B72C91044CCDB3F00.d.AF9B8CAC7F7CE40E3C00123A506C4B53.e.16173"}]}
COMMAND: GET /session/c0099c8ef87d8f1a9c022bedeb80dcd8/screenshot - {}
RESULT: {}
COMMAND: POST /session/c0099c8ef87d8f1a9c022bedeb80dcd8/execute/sync - {"script":"<script> [8489 bytes]","args":[{"element-6066-11e4-a52e-4f735466cecf":"f.37E7500FB3BEF60B72C91044CCDB3F00.d.AF9B8CAC7F7CE40E3C00123A506C4B53.e.16173","ELEMENT":"f.37E7500FB3BEF60B72C91044CCDB3F00.d.AF9B8CAC7F7CE40E3C00123A506C4B53.e.16173"}]}
RESULT: {"script":"<script> [8489 bytes]","args":[{"element-6066-11e4-a52e-4f735466cecf":"f.37E7500FB3BEF60B72C91044CCDB3F00.d.AF9B8CAC7F7CE40E3C00123A506C4B53.e.16173","ELEMENT":"f.37E7500FB3BEF60B72C91044CCDB3F00.d.AF9B8CAC7F7CE40E3C00123A506C4B53.e.16173"}]}
COMMAND: GET /session/c0099c8ef87d8f1a9c022bedeb80dcd8/screenshot - {}
RESULT: {}
COMMAND: POST /session/c0099c8ef87d8f1a9c022bedeb80dcd8/execute/sync - {"script":"<script> [8489 bytes]","args":[{"element-6066-11e4-a52e-4f735466cecf":"f.37E7500FB3BEF60B72C91044CCDB3F00.d.AF9B8CAC7F7CE40E3C00123A506C4B53.e.16173","ELEMENT":"f.37E7500FB3BEF60B72C91044CCDB3F00.d.AF9B8CAC7F7CE40E3C00123A506C4B53.e.16173"}]}
RESULT: {"script":"<script> [8489 bytes]","args":[{"element-6066-11e4-a52e-4f735466cecf":"f.37E7500FB3BEF60B72C91044CCDB3F00.d.AF9B8CAC7F7CE40E3C00123A506C4B53.e.16173","ELEMENT":"f.37E7500FB3BEF60B72C91044CCDB3F00.d.AF9B8CAC7F7CE40E3C00123A506C4B53.e.16173"}]}
COMMAND: GET /session/c0099c8ef87d8f1a9c022bedeb80dcd8/screenshot - {}
RESULT: {}
COMMAND: POST /session/c0099c8ef87d8f1a9c022bedeb80dcd8/execute/sync - {"script":"<script> [8489 bytes]","args":[{"element-6066-11e4-a52e-4f735466cecf":"f.37E7500FB3BEF60B72C91044CCDB3F00.d.AF9B8CAC7F7CE40E3C00123A506C4B53.e.16173","ELEMENT":"f.37E7500FB3BEF60B72C91044CCDB3F00.d.AF9B8CAC7F7CE40E3C00123A506C4B53.e.16173"}]}
RESULT: {"script":"<script> [8489 bytes]","args":[{"element-6066-11e4-a52e-4f735466cecf":"f.37E7500FB3BEF60B72C91044CCDB3F00.d.AF9B8CAC7F7CE40E3C00123A506C4B53.e.16173","ELEMENT":"f.37E7500FB3BEF60B72C91044CCDB3F00.d.AF9B8CAC7F7CE40E3C00123A506C4B53.e.16173"}]}
COMMAND: GET /session/c0099c8ef87d8f1a9c022bedeb80dcd8/screenshot - {}
RESULT: {}
COMMAND: POST /session/c0099c8ef87d8f1a9c022bedeb80dcd8/execute/sync - {"script":"<script> [8489 bytes]","args":[{"element-6066-11e4-a52e-4f735466cecf":"f.37E7500FB3BEF60B72C91044CCDB3F00.d.AF9B8CAC7F7CE40E3C00123A506C4B53.e.16173","ELEMENT":"f.37E7500FB3BEF60B72C91044CCDB3F00.d.AF9B8CAC7F7CE40E3C00123A506C4B53.e.16173"}]}
RESULT: {"script":"<script> [8489 bytes]","args":[{"element-6066-11e4-a52e-4f735466cecf":"f.37E7500FB3BEF60B72C91044CCDB3F00.d.AF9B8CAC7F7CE40E3C00123A506C4B53.e.16173","ELEMENT":"f.37E7500FB3BEF60B72C91044CCDB3F00.d.AF9B8CAC7F7CE40E3C00123A506C4B53.e.16173"}]}
COMMAND: GET /session/c0099c8ef87d8f1a9c022bedeb80dcd8/screenshot - {}
RESULT: {}
COMMAND: POST /session/c0099c8ef87d8f1a9c022bedeb80dcd8/execute/sync - {"script":"<script> [8489 bytes]","args":[{"element-6066-11e4-a52e-4f735466cecf":"f.37E7500FB3BEF60B72C91044CCDB3F00.d.AF9B8CAC7F7CE40E3C00123A506C4B53.e.16173","ELEMENT":"f.37E7500FB3BEF60B72C91044CCDB3F00.d.AF9B8CAC7F7CE40E3C00123A506C4B53.e.16173"}]}
RESULT: {"script":"<script> [8489 bytes]","args":[{"element-6066-11e4-a52e-4f735466cecf":"f.37E7500FB3BEF60B72C91044CCDB3F00.d.AF9B8CAC7F7CE40E3C00123A506C4B53.e.16173","ELEMENT":"f.37E7500FB3BEF60B72C91044CCDB3F00.d.AF9B8CAC7F7CE40E3C00123A506C4B53.e.16173"}]}
COMMAND: GET /session/c0099c8ef87d8f1a9c022bedeb80dcd8/screenshot - {}
RESULT: {}
COMMAND: POST /session/c0099c8ef87d8f1a9c022bedeb80dcd8/execute/sync - {"script":"<script> [8489 bytes]","args":[{"element-6066-11e4-a52e-4f735466cecf":"f.37E7500FB3BEF60B72C91044CCDB3F00.d.AF9B8CAC7F7CE40E3C00123A506C4B53.e.16173","ELEMENT":"f.37E7500FB3BEF60B72C91044CCDB3F00.d.AF9B8CAC7F7CE40E3C00123A506C4B53.e.16173"}]}
RESULT: {"script":"<script> [8489 bytes]","args":[{"element-6066-11e4-a52e-4f735466cecf":"f.37E7500FB3BEF60B72C91044CCDB3F00.d.AF9B8CAC7F7CE40E3C00123A506C4B53.e.16173","ELEMENT":"f.37E7500FB3BEF60B72C91044CCDB3F00.d.AF9B8CAC7F7CE40E3C00123A506C4B53.e.16173"}]}
COMMAND: GET /session/c0099c8ef87d8f1a9c022bedeb80dcd8/screenshot - {}
RESULT: {}
COMMAND: POST /session/c0099c8ef87d8f1a9c022bedeb80dcd8/execute/sync - {"script":"<script> [8489 bytes]","args":[{"element-6066-11e4-a52e-4f735466cecf":"f.37E7500FB3BEF60B72C91044CCDB3F00.d.AF9B8CAC7F7CE40E3C00123A506C4B53.e.16173","ELEMENT":"f.37E7500FB3BEF60B72C91044CCDB3F00.d.AF9B8CAC7F7CE40E3C00123A506C4B53.e.16173"}]}
RESULT: {"script":"<script> [8489 bytes]","args":[{"element-6066-11e4-a52e-4f735466cecf":"f.37E7500FB3BEF60B72C91044CCDB3F00.d.AF9B8CAC7F7CE40E3C00123A506C4B53.e.16173","ELEMENT":"f.37E7500FB3BEF60B72C91044CCDB3F00.d.AF9B8CAC7F7CE40E3C00123A506C4B53.e.16173"}]}
COMMAND: GET /session/c0099c8ef87d8f1a9c022bedeb80dcd8/screenshot - {}
RESULT: {}
COMMAND: POST /session/c0099c8ef87d8f1a9c022bedeb80dcd8/execute/sync - {"script":"<script> [8489 bytes]","args":[{"element-6066-11e4-a52e-4f735466cecf":"f.37E7500FB3BEF60B72C91044CCDB3F00.d.AF9B8CAC7F7CE40E3C00123A506C4B53.e.16173","ELEMENT":"f.37E7500FB3BEF60B72C91044CCDB3F00.d.AF9B8CAC7F7CE40E3C00123A506C4B53.e.16173"}]}
RESULT: {"script":"<script> [8489 bytes]","args":[{"element-6066-11e4-a52e-4f735466cecf":"f.37E7500FB3BEF60B72C91044CCDB3F00.d.AF9B8CAC7F7CE40E3C00123A506C4B53.e.16173","ELEMENT":"f.37E7500FB3BEF60B72C91044CCDB3F00.d.AF9B8CAC7F7CE40E3C00123A506C4B53.e.16173"}]}
COMMAND: GET /session/c0099c8ef87d8f1a9c022bedeb80dcd8/screenshot - {}
RESULT: {}
COMMAND: POST /session/c0099c8ef87d8f1a9c022bedeb80dcd8/execute/sync - {"script":"<script> [8489 bytes]","args":[{"element-6066-11e4-a52e-4f735466cecf":"f.37E7500FB3BEF60B72C91044CCDB3F00.d.AF9B8CAC7F7CE40E3C00123A506C4B53.e.16173","ELEMENT":"f.37E7500FB3BEF60B72C91044CCDB3F00.d.AF9B8CAC7F7CE40E3C00123A506C4B53.e.16173"}]}
RESULT: {"script":"<script> [8489 bytes]","args":[{"element-6066-11e4-a52e-4f735466cecf":"f.37E7500FB3BEF60B72C91044CCDB3F00.d.AF9B8CAC7F7CE40E3C00123A506C4B53.e.16173","ELEMENT":"f.37E7500FB3BEF60B72C91044CCDB3F00.d.AF9B8CAC7F7CE40E3C00123A506C4B53.e.16173"}]}
COMMAND: GET /session/c0099c8ef87d8f1a9c022bedeb80dcd8/screenshot - {}
RESULT: {}
COMMAND: POST /session/c0099c8ef87d8f1a9c022bedeb80dcd8/execute/sync - {"script":"<script> [8489 bytes]","args":[{"element-6066-11e4-a52e-4f735466cecf":"f.37E7500FB3BEF60B72C91044CCDB3F00.d.AF9B8CAC7F7CE40E3C00123A506C4B53.e.16173","ELEMENT":"f.37E7500FB3BEF60B72C91044CCDB3F00.d.AF9B8CAC7F7CE40E3C00123A506C4B53.e.16173"}]}
RESULT: {"script":"<script> [8489 bytes]","args":[{"element-6066-11e4-a52e-4f735466cecf":"f.37E7500FB3BEF60B72C91044CCDB3F00.d.AF9B8CAC7F7CE40E3C00123A506C4B53.e.16173","ELEMENT":"f.37E7500FB3BEF60B72C91044CCDB3F00.d.AF9B8CAC7F7CE40E3C00123A506C4B53.e.16173"}]}
COMMAND: GET /session/c0099c8ef87d8f1a9c022bedeb80dcd8/screenshot - {}
RESULT: {}
COMMAND: POST /session/c0099c8ef87d8f1a9c022bedeb80dcd8/execute/sync - {"script":"<script> [8489 bytes]","args":[{"element-6066-11e4-a52e-4f735466cecf":"f.37E7500FB3BEF60B72C91044CCDB3F00.d.AF9B8CAC7F7CE40E3C00123A506C4B53.e.16173","ELEMENT":"f.37E7500FB3BEF60B72C91044CCDB3F00.d.AF9B8CAC7F7CE40E3C00123A506C4B53.e.16173"}]}
RESULT: {"script":"<script> [8489 bytes]","args":[{"element-6066-11e4-a52e-4f735466cecf":"f.37E7500FB3BEF60B72C91044CCDB3F00.d.AF9B8CAC7F7CE40E3C00123A506C4B53.e.16173","ELEMENT":"f.37E7500FB3BEF60B72C91044CCDB3F00.d.AF9B8CAC7F7CE40E3C00123A506C4B53.e.16173"}]}
COMMAND: GET /session/c0099c8ef87d8f1a9c022bedeb80dcd8/screenshot - {}
RESULT: {}
COMMAND: POST /session/c0099c8ef87d8f1a9c022bedeb80dcd8/execute/sync - {"script":"<script> [8489 bytes]","args":[{"element-6066-11e4-a52e-4f735466cecf":"f.37E7500FB3BEF60B72C91044CCDB3F00.d.AF9B8CAC7F7CE40E3C00123A506C4B53.e.16173","ELEMENT":"f.37E7500FB3BEF60B72C91044CCDB3F00.d.AF9B8CAC7F7CE40E3C00123A506C4B53.e.16173"}]}
RESULT: {"script":"<script> [8489 bytes]","args":[{"element-6066-11e4-a52e-4f735466cecf":"f.37E7500FB3BEF60B72C91044CCDB3F00.d.AF9B8CAC7F7CE40E3C00123A506C4B53.e.16173","ELEMENT":"f.37E7500FB3BEF60B72C91044CCDB3F00.d.AF9B8CAC7F7CE40E3C00123A506C4B53.e.16173"}]}
COMMAND: GET /session/c0099c8ef87d8f1a9c022bedeb80dcd8/screenshot - {}
RESULT: {}
COMMAND: POST /session/c0099c8ef87d8f1a9c022bedeb80dcd8/execute/sync - {"script":"<script> [8489 bytes]","args":[{"element-6066-11e4-a52e-4f735466cecf":"f.37E7500FB3BEF60B72C91044CCDB3F00.d.AF9B8CAC7F7CE40E3C00123A506C4B53.e.16173","ELEMENT":"f.37E7500FB3BEF60B72C91044CCDB3F00.d.AF9B8CAC7F7CE40E3C00123A506C4B53.e.16173"}]}
RESULT: {"script":"<script> [8489 bytes]","args":[{"element-6066-11e4-a52e-4f735466cecf":"f.37E7500FB3BEF60B72C91044CCDB3F00.d.AF9B8CAC7F7CE40E3C00123A506C4B53.e.16173","ELEMENT":"f.37E7500FB3BEF60B72C91044CCDB3F00.d.AF9B8CAC7F7CE40E3C00123A506C4B53.e.16173"}]}
COMMAND: GET /session/c0099c8ef87d8f1a9c022bedeb80dcd8/screenshot - {}
RESULT: {}
COMMAND: POST /session/c0099c8ef87d8f1a9c022bedeb80dcd8/execute/sync - {"script":"<script> [8489 bytes]","args":[{"element-6066-11e4-a52e-4f735466cecf":"f.37E7500FB3BEF60B72C91044CCDB3F00.d.AF9B8CAC7F7CE40E3C00123A506C4B53.e.16173","ELEMENT":"f.37E7500FB3BEF60B72C91044CCDB3F00.d.AF9B8CAC7F7CE40E3C00123A506C4B53.e.16173"}]}
RESULT: {"script":"<script> [8489 bytes]","args":[{"element-6066-11e4-a52e-4f735466cecf":"f.37E7500FB3BEF60B72C91044CCDB3F00.d.AF9B8CAC7F7CE40E3C00123A506C4B53.e.16173","ELEMENT":"f.37E7500FB3BEF60B72C91044CCDB3F00.d.AF9B8CAC7F7CE40E3C00123A506C4B53.e.16173"}]}
COMMAND: GET /session/c0099c8ef87d8f1a9c022bedeb80dcd8/screenshot - {}
RESULT: {}
COMMAND: POST /session/c0099c8ef87d8f1a9c022bedeb80dcd8/execute/sync - {"script":"<script> [8489 bytes]","args":[{"element-6066-11e4-a52e-4f735466cecf":"f.37E7500FB3BEF60B72C91044CCDB3F00.d.AF9B8CAC7F7CE40E3C00123A506C4B53.e.16173","ELEMENT":"f.37E7500FB3BEF60B72C91044CCDB3F00.d.AF9B8CAC7F7CE40E3C00123A506C4B53.e.16173"}]}
RESULT: {"script":"<script> [8489 bytes]","args":[{"element-6066-11e4-a52e-4f735466cecf":"f.37E7500FB3BEF60B72C91044CCDB3F00.d.AF9B8CAC7F7CE40E3C00123A506C4B53.e.16173","ELEMENT":"f.37E7500FB3BEF60B72C91044CCDB3F00.d.AF9B8CAC7F7CE40E3C00123A506C4B53.e.16173"}]}
COMMAND: GET /session/c0099c8ef87d8f1a9c022bedeb80dcd8/screenshot - {}
RESULT: {}
COMMAND: POST /session/c0099c8ef87d8f1a9c022bedeb80dcd8/execute/sync - {"script":"<script> [8489 bytes]","args":[{"element-6066-11e4-a52e-4f735466cecf":"f.37E7500FB3BEF60B72C91044CCDB3F00.d.AF9B8CAC7F7CE40E3C00123A506C4B53.e.16173","ELEMENT":"f.37E7500FB3BEF60B72C91044CCDB3F00.d.AF9B8CAC7F7CE40E3C00123A506C4B53.e.16173"}]}
RESULT: {"script":"<script> [8489 bytes]","args":[{"element-6066-11e4-a52e-4f735466cecf":"f.37E7500FB3BEF60B72C91044CCDB3F00.d.AF9B8CAC7F7CE40E3C00123A506C4B53.e.16173","ELEMENT":"f.37E7500FB3BEF60B72C91044CCDB3F00.d.AF9B8CAC7F7CE40E3C00123A506C4B53.e.16173"}]}
COMMAND: GET /session/c0099c8ef87d8f1a9c022bedeb80dcd8/screenshot - {}
RESULT: {}
COMMAND: POST /session/c0099c8ef87d8f1a9c022bedeb80dcd8/execute/sync - {"script":"<script> [8489 bytes]","args":[{"element-6066-11e4-a52e-4f735466cecf":"f.37E7500FB3BEF60B72C91044CCDB3F00.d.AF9B8CAC7F7CE40E3C00123A506C4B53.e.16173","ELEMENT":"f.37E7500FB3BEF60B72C91044CCDB3F00.d.AF9B8CAC7F7CE40E3C00123A506C4B53.e.16173"}]}
RESULT: {"script":"<script> [8489 bytes]","args":[{"element-6066-11e4-a52e-4f735466cecf":"f.37E7500FB3BEF60B72C91044CCDB3F00.d.AF9B8CAC7F7CE40E3C00123A506C4B53.e.16173","ELEMENT":"f.37E7500FB3BEF60B72C91044CCDB3F00.d.AF9B8CAC7F7CE40E3C00123A506C4B53.e.16173"}]}
COMMAND: GET /session/c0099c8ef87d8f1a9c022bedeb80dcd8/screenshot - {}
RESULT: {}
COMMAND: POST /session/c0099c8ef87d8f1a9c022bedeb80dcd8/execute/sync - {"script":"<script> [8489 bytes]","args":[{"element-6066-11e4-a52e-4f735466cecf":"f.37E7500FB3BEF60B72C91044CCDB3F00.d.AF9B8CAC7F7CE40E3C00123A506C4B53.e.16173","ELEMENT":"f.37E7500FB3BEF60B72C91044CCDB3F00.d.AF9B8CAC7F7CE40E3C00123A506C4B53.e.16173"}]}
RESULT: {"script":"<script> [8489 bytes]","args":[{"element-6066-11e4-a52e-4f735466cecf":"f.37E7500FB3BEF60B72C91044CCDB3F00.d.AF9B8CAC7F7CE40E3C00123A506C4B53.e.16173","ELEMENT":"f.37E7500FB3BEF60B72C91044CCDB3F00.d.AF9B8CAC7F7CE40E3C00123A506C4B53.e.16173"}]}
COMMAND: GET /session/c0099c8ef87d8f1a9c022bedeb80dcd8/screenshot - {}
RESULT: {}
COMMAND: POST /session/c0099c8ef87d8f1a9c022bedeb80dcd8/execute/sync - {"script":"<script> [8489 bytes]","args":[{"element-6066-11e4-a52e-4f735466cecf":"f.37E7500FB3BEF60B72C91044CCDB3F00.d.AF9B8CAC7F7CE40E3C00123A506C4B53.e.16173","ELEMENT":"f.37E7500FB3BEF60B72C91044CCDB3F00.d.AF9B8CAC7F7CE40E3C00123A506C4B53.e.16173"}]}
RESULT: {"script":"<script> [8489 bytes]","args":[{"element-6066-11e4-a52e-4f735466cecf":"f.37E7500FB3BEF60B72C91044CCDB3F00.d.AF9B8CAC7F7CE40E3C00123A506C4B53.e.16173","ELEMENT":"f.37E7500FB3BEF60B72C91044CCDB3F00.d.AF9B8CAC7F7CE40E3C00123A506C4B53.e.16173"}]}
COMMAND: GET /session/c0099c8ef87d8f1a9c022bedeb80dcd8/screenshot - {}
RESULT: {}
COMMAND: POST /session/c0099c8ef87d8f1a9c022bedeb80dcd8/execute/sync - {"script":"<script> [8489 bytes]","args":[{"element-6066-11e4-a52e-4f735466cecf":"f.37E7500FB3BEF60B72C91044CCDB3F00.d.AF9B8CAC7F7CE40E3C00123A506C4B53.e.16173","ELEMENT":"f.37E7500FB3BEF60B72C91044CCDB3F00.d.AF9B8CAC7F7CE40E3C00123A506C4B53.e.16173"}]}
RESULT: {"script":"<script> [8489 bytes]","args":[{"element-6066-11e4-a52e-4f735466cecf":"f.37E7500FB3BEF60B72C91044CCDB3F00.d.AF9B8CAC7F7CE40E3C00123A506C4B53.e.16173","ELEMENT":"f.37E7500FB3BEF60B72C91044CCDB3F00.d.AF9B8CAC7F7CE40E3C00123A506C4B53.e.16173"}]}
COMMAND: GET /session/c0099c8ef87d8f1a9c022bedeb80dcd8/screenshot - {}
RESULT: {}
COMMAND: POST /session/c0099c8ef87d8f1a9c022bedeb80dcd8/execute/sync - {"script":"<script> [8489 bytes]","args":[{"element-6066-11e4-a52e-4f735466cecf":"f.37E7500FB3BEF60B72C91044CCDB3F00.d.AF9B8CAC7F7CE40E3C00123A506C4B53.e.16173","ELEMENT":"f.37E7500FB3BEF60B72C91044CCDB3F00.d.AF9B8CAC7F7CE40E3C00123A506C4B53.e.16173"}]}
RESULT: {"script":"<script> [8489 bytes]","args":[{"element-6066-11e4-a52e-4f735466cecf":"f.37E7500FB3BEF60B72C91044CCDB3F00.d.AF9B8CAC7F7CE40E3C00123A506C4B53.e.16173","ELEMENT":"f.37E7500FB3BEF60B72C91044CCDB3F00.d.AF9B8CAC7F7CE40E3C00123A506C4B53.e.16173"}]}
COMMAND: GET /session/c0099c8ef87d8f1a9c022bedeb80dcd8/screenshot - {}
RESULT: {}
COMMAND: POST /session/c0099c8ef87d8f1a9c022bedeb80dcd8/execute/sync - {"script":"<script> [8489 bytes]","args":[{"element-6066-11e4-a52e-4f735466cecf":"f.37E7500FB3BEF60B72C91044CCDB3F00.d.AF9B8CAC7F7CE40E3C00123A506C4B53.e.16173","ELEMENT":"f.37E7500FB3BEF60B72C91044CCDB3F00.d.AF9B8CAC7F7CE40E3C00123A506C4B53.e.16173"}]}
RESULT: {"script":"<script> [8489 bytes]","args":[{"element-6066-11e4-a52e-4f735466cecf":"f.37E7500FB3BEF60B72C91044CCDB3F00.d.AF9B8CAC7F7CE40E3C00123A506C4B53.e.16173","ELEMENT":"f.37E7500FB3BEF60B72C91044CCDB3F00.d.AF9B8CAC7F7CE40E3C00123A506C4B53.e.16173"}]}
COMMAND: GET /session/c0099c8ef87d8f1a9c022bedeb80dcd8/screenshot - {}
RESULT: {}
COMMAND: POST /session/c0099c8ef87d8f1a9c022bedeb80dcd8/execute/sync - {"script":"<script> [8489 bytes]","args":[{"element-6066-11e4-a52e-4f735466cecf":"f.37E7500FB3BEF60B72C91044CCDB3F00.d.AF9B8CAC7F7CE40E3C00123A506C4B53.e.16173","ELEMENT":"f.37E7500FB3BEF60B72C91044CCDB3F00.d.AF9B8CAC7F7CE40E3C00123A506C4B53.e.16173"}]}
RESULT: {"script":"<script> [8489 bytes]","args":[{"element-6066-11e4-a52e-4f735466cecf":"f.37E7500FB3BEF60B72C91044CCDB3F00.d.AF9B8CAC7F7CE40E3C00123A506C4B53.e.16173","ELEMENT":"f.37E7500FB3BEF60B72C91044CCDB3F00.d.AF9B8CAC7F7CE40E3C00123A506C4B53.e.16173"}]}
COMMAND: GET /session/c0099c8ef87d8f1a9c022bedeb80dcd8/screenshot - {}
RESULT: {}
COMMAND: POST /session/c0099c8ef87d8f1a9c022bedeb80dcd8/execute/sync - {"script":"<script> [8489 bytes]","args":[{"element-6066-11e4-a52e-4f735466cecf":"f.37E7500FB3BEF60B72C91044CCDB3F00.d.AF9B8CAC7F7CE40E3C00123A506C4B53.e.16173","ELEMENT":"f.37E7500FB3BEF60B72C91044CCDB3F00.d.AF9B8CAC7F7CE40E3C00123A506C4B53.e.16173"}]}
RESULT: {"script":"<script> [8489 bytes]","args":[{"element-6066-11e4-a52e-4f735466cecf":"f.37E7500FB3BEF60B72C91044CCDB3F00.d.AF9B8CAC7F7CE40E3C00123A506C4B53.e.16173","ELEMENT":"f.37E7500FB3BEF60B72C91044CCDB3F00.d.AF9B8CAC7F7CE40E3C00123A506C4B53.e.16173"}]}
COMMAND: GET /session/c0099c8ef87d8f1a9c022bedeb80dcd8/screenshot - {}
RESULT: {}
COMMAND: POST /session/c0099c8ef87d8f1a9c022bedeb80dcd8/execute/sync - {"script":"<script> [8489 bytes]","args":[{"element-6066-11e4-a52e-4f735466cecf":"f.37E7500FB3BEF60B72C91044CCDB3F00.d.AF9B8CAC7F7CE40E3C00123A506C4B53.e.16173","ELEMENT":"f.37E7500FB3BEF60B72C91044CCDB3F00.d.AF9B8CAC7F7CE40E3C00123A506C4B53.e.16173"}]}
RESULT: {"script":"<script> [8489 bytes]","args":[{"element-6066-11e4-a52e-4f735466cecf":"f.37E7500FB3BEF60B72C91044CCDB3F00.d.AF9B8CAC7F7CE40E3C00123A506C4B53.e.16173","ELEMENT":"f.37E7500FB3BEF60B72C91044CCDB3F00.d.AF9B8CAC7F7CE40E3C00123A506C4B53.e.16173"}]}
COMMAND: GET /session/c0099c8ef87d8f1a9c022bedeb80dcd8/screenshot - {}
RESULT: {}
COMMAND: POST /session/c0099c8ef87d8f1a9c022bedeb80dcd8/execute/sync - {"script":"<script> [8489 bytes]","args":[{"element-6066-11e4-a52e-4f735466cecf":"f.37E7500FB3BEF60B72C91044CCDB3F00.d.AF9B8CAC7F7CE40E3C00123A506C4B53.e.16173","ELEMENT":"f.37E7500FB3BEF60B72C91044CCDB3F00.d.AF9B8CAC7F7CE40E3C00123A506C4B53.e.16173"}]}
RESULT: {"script":"<script> [8489 bytes]","args":[{"element-6066-11e4-a52e-4f735466cecf":"f.37E7500FB3BEF60B72C91044CCDB3F00.d.AF9B8CAC7F7CE40E3C00123A506C4B53.e.16173","ELEMENT":"f.37E7500FB3BEF60B72C91044CCDB3F00.d.AF9B8CAC7F7CE40E3C00123A506C4B53.e.16173"}]}
COMMAND: GET /session/c0099c8ef87d8f1a9c022bedeb80dcd8/screenshot - {}
COMMAND: POST /session/c0099c8ef87d8f1a9c022bedeb80dcd8/execute/sync - {"script":"<script> [8489 bytes]","args":[{"element-6066-11e4-a52e-4f735466cecf":"f.37E7500FB3BEF60B72C91044CCDB3F00.d.AF9B8CAC7F7CE40E3C00123A506C4B53.e.16173","ELEMENT":"f.37E7500FB3BEF60B72C91044CCDB3F00.d.AF9B8CAC7F7CE40E3C00123A506C4B53.e.16173"}]}
RESULT: {}
RESULT: {"script":"<script> [8489 bytes]","args":[{"element-6066-11e4-a52e-4f735466cecf":"f.37E7500FB3BEF60B72C91044CCDB3F00.d.AF9B8CAC7F7CE40E3C00123A506C4B53.e.16173","ELEMENT":"f.37E7500FB3BEF60B72C91044CCDB3F00.d.AF9B8CAC7F7CE40E3C00123A506C4B53.e.16173"}]}
COMMAND: GET /session/c0099c8ef87d8f1a9c022bedeb80dcd8/screenshot - {}
RESULT: {}
COMMAND: POST /session/c0099c8ef87d8f1a9c022bedeb80dcd8/execute/sync - {"script":"<script> [8489 bytes]","args":[{"element-6066-11e4-a52e-4f735466cecf":"f.37E7500FB3BEF60B72C91044CCDB3F00.d.AF9B8CAC7F7CE40E3C00123A506C4B53.e.16173","ELEMENT":"f.37E7500FB3BEF60B72C91044CCDB3F00.d.AF9B8CAC7F7CE40E3C00123A506C4B53.e.16173"}]}
RESULT: {"script":"<script> [8489 bytes]","args":[{"element-6066-11e4-a52e-4f735466cecf":"f.37E7500FB3BEF60B72C91044CCDB3F00.d.AF9B8CAC7F7CE40E3C00123A506C4B53.e.16173","ELEMENT":"f.37E7500FB3BEF60B72C91044CCDB3F00.d.AF9B8CAC7F7CE40E3C00123A506C4B53.e.16173"}]}
COMMAND: GET /session/c0099c8ef87d8f1a9c022bedeb80dcd8/screenshot - {}
RESULT: {}
COMMAND: POST /session/c0099c8ef87d8f1a9c022bedeb80dcd8/execute/sync - {"script":"<script> [8489 bytes]","args":[{"element-6066-11e4-a52e-4f735466cecf":"f.37E7500FB3BEF60B72C91044CCDB3F00.d.AF9B8CAC7F7CE40E3C00123A506C4B53.e.16173","ELEMENT":"f.37E7500FB3BEF60B72C91044CCDB3F00.d.AF9B8CAC7F7CE40E3C00123A506C4B53.e.16173"}]}
RESULT: {"script":"<script> [8489 bytes]","args":[{"element-6066-11e4-a52e-4f735466cecf":"f.37E7500FB3BEF60B72C91044CCDB3F00.d.AF9B8CAC7F7CE40E3C00123A506C4B53.e.16173","ELEMENT":"f.37E7500FB3BEF60B72C91044CCDB3F00.d.AF9B8CAC7F7CE40E3C00123A506C4B53.e.16173"}]}
COMMAND: GET /session/c0099c8ef87d8f1a9c022bedeb80dcd8/screenshot - {}
RESULT: {}
COMMAND: POST /session/c0099c8ef87d8f1a9c022bedeb80dcd8/execute/sync - {"script":"<script> [8489 bytes]","args":[{"element-6066-11e4-a52e-4f735466cecf":"f.37E7500FB3BEF60B72C91044CCDB3F00.d.AF9B8CAC7F7CE40E3C00123A506C4B53.e.16173","ELEMENT":"f.37E7500FB3BEF60B72C91044CCDB3F00.d.AF9B8CAC7F7CE40E3C00123A506C4B53.e.16173"}]}
RESULT: {"script":"<script> [8489 bytes]","args":[{"element-6066-11e4-a52e-4f735466cecf":"f.37E7500FB3BEF60B72C91044CCDB3F00.d.AF9B8CAC7F7CE40E3C00123A506C4B53.e.16173","ELEMENT":"f.37E7500FB3BEF60B72C91044CCDB3F00.d.AF9B8CAC7F7CE40E3C00123A506C4B53.e.16173"}]}
COMMAND: GET /session/c0099c8ef87d8f1a9c022bedeb80dcd8/screenshot - {}
RESULT: {}
COMMAND: POST /session/c0099c8ef87d8f1a9c022bedeb80dcd8/execute/sync - {"script":"<script> [8489 bytes]","args":[{"element-6066-11e4-a52e-4f735466cecf":"f.37E7500FB3BEF60B72C91044CCDB3F00.d.AF9B8CAC7F7CE40E3C00123A506C4B53.e.16173","ELEMENT":"f.37E7500FB3BEF60B72C91044CCDB3F00.d.AF9B8CAC7F7CE40E3C00123A506C4B53.e.16173"}]}
RESULT: {"script":"<script> [8489 bytes]","args":[{"element-6066-11e4-a52e-4f735466cecf":"f.37E7500FB3BEF60B72C91044CCDB3F00.d.AF9B8CAC7F7CE40E3C00123A506C4B53.e.16173","ELEMENT":"f.37E7500FB3BEF60B72C91044CCDB3F00.d.AF9B8CAC7F7CE40E3C00123A506C4B53.e.16173"}]}
COMMAND: GET /session/c0099c8ef87d8f1a9c022bedeb80dcd8/screenshot - {}
RESULT: {}
COMMAND: POST /session/c0099c8ef87d8f1a9c022bedeb80dcd8/execute/sync - {"script":"<script> [8489 bytes]","args":[{"element-6066-11e4-a52e-4f735466cecf":"f.37E7500FB3BEF60B72C91044CCDB3F00.d.AF9B8CAC7F7CE40E3C00123A506C4B53.e.16173","ELEMENT":"f.37E7500FB3BEF60B72C91044CCDB3F00.d.AF9B8CAC7F7CE40E3C00123A506C4B53.e.16173"}]}
RESULT: {"script":"<script> [8489 bytes]","args":[{"element-6066-11e4-a52e-4f735466cecf":"f.37E7500FB3BEF60B72C91044CCDB3F00.d.AF9B8CAC7F7CE40E3C00123A506C4B53.e.16173","ELEMENT":"f.37E7500FB3BEF60B72C91044CCDB3F00.d.AF9B8CAC7F7CE40E3C00123A506C4B53.e.16173"}]}
COMMAND: GET /session/c0099c8ef87d8f1a9c022bedeb80dcd8/screenshot - {}
RESULT: {}
COMMAND: POST /session/c0099c8ef87d8f1a9c022bedeb80dcd8/execute/sync - {"script":"<script> [8489 bytes]","args":[{"element-6066-11e4-a52e-4f735466cecf":"f.37E7500FB3BEF60B72C91044CCDB3F00.d.AF9B8CAC7F7CE40E3C00123A506C4B53.e.16173","ELEMENT":"f.37E7500FB3BEF60B72C91044CCDB3F00.d.AF9B8CAC7F7CE40E3C00123A506C4B53.e.16173"}]}
RESULT: {"script":"<script> [8489 bytes]","args":[{"element-6066-11e4-a52e-4f735466cecf":"f.37E7500FB3BEF60B72C91044CCDB3F00.d.AF9B8CAC7F7CE40E3C00123A506C4B53.e.16173","ELEMENT":"f.37E7500FB3BEF60B72C91044CCDB3F00.d.AF9B8CAC7F7CE40E3C00123A506C4B53.e.16173"}]}
COMMAND: GET /session/c0099c8ef87d8f1a9c022bedeb80dcd8/screenshot - {}
RESULT: {}
COMMAND: POST /session/c0099c8ef87d8f1a9c022bedeb80dcd8/execute/sync - {"script":"<script> [8489 bytes]","args":[{"element-6066-11e4-a52e-4f735466cecf":"f.37E7500FB3BEF60B72C91044CCDB3F00.d.AF9B8CAC7F7CE40E3C00123A506C4B53.e.16173","ELEMENT":"f.37E7500FB3BEF60B72C91044CCDB3F00.d.AF9B8CAC7F7CE40E3C00123A506C4B53.e.16173"}]}
RESULT: {"script":"<script> [8489 bytes]","args":[{"element-6066-11e4-a52e-4f735466cecf":"f.37E7500FB3BEF60B72C91044CCDB3F00.d.AF9B8CAC7F7CE40E3C00123A506C4B53.e.16173","ELEMENT":"f.37E7500FB3BEF60B72C91044CCDB3F00.d.AF9B8CAC7F7CE40E3C00123A506C4B53.e.16173"}]}
COMMAND: GET /session/c0099c8ef87d8f1a9c022bedeb80dcd8/screenshot - {}
RESULT: {}
COMMAND: POST /session/c0099c8ef87d8f1a9c022bedeb80dcd8/execute/sync - {"script":"<script> [8489 bytes]","args":[{"element-6066-11e4-a52e-4f735466cecf":"f.37E7500FB3BEF60B72C91044CCDB3F00.d.AF9B8CAC7F7CE40E3C00123A506C4B53.e.16173","ELEMENT":"f.37E7500FB3BEF60B72C91044CCDB3F00.d.AF9B8CAC7F7CE40E3C00123A506C4B53.e.16173"}]}
RESULT: {"script":"<script> [8489 bytes]","args":[{"element-6066-11e4-a52e-4f735466cecf":"f.37E7500FB3BEF60B72C91044CCDB3F00.d.AF9B8CAC7F7CE40E3C00123A506C4B53.e.16173","ELEMENT":"f.37E7500FB3BEF60B72C91044CCDB3F00.d.AF9B8CAC7F7CE40E3C00123A506C4B53.e.16173"}]}
COMMAND: GET /session/c0099c8ef87d8f1a9c022bedeb80dcd8/screenshot - {}
RESULT: {}
COMMAND: POST /session/c0099c8ef87d8f1a9c022bedeb80dcd8/execute/sync - {"script":"<script> [8489 bytes]","args":[{"element-6066-11e4-a52e-4f735466cecf":"f.37E7500FB3BEF60B72C91044CCDB3F00.d.AF9B8CAC7F7CE40E3C00123A506C4B53.e.16173","ELEMENT":"f.37E7500FB3BEF60B72C91044CCDB3F00.d.AF9B8CAC7F7CE40E3C00123A506C4B53.e.16173"}]}
RESULT: {"script":"<script> [8489 bytes]","args":[{"element-6066-11e4-a52e-4f735466cecf":"f.37E7500FB3BEF60B72C91044CCDB3F00.d.AF9B8CAC7F7CE40E3C00123A506C4B53.e.16173","ELEMENT":"f.37E7500FB3BEF60B72C91044CCDB3F00.d.AF9B8CAC7F7CE40E3C00123A506C4B53.e.16173"}]}
COMMAND: GET /session/c0099c8ef87d8f1a9c022bedeb80dcd8/screenshot - {}
RESULT: {}
COMMAND: POST /session/c0099c8ef87d8f1a9c022bedeb80dcd8/execute/sync - {"script":"<script> [8489 bytes]","args":[{"element-6066-11e4-a52e-4f735466cecf":"f.37E7500FB3BEF60B72C91044CCDB3F00.d.AF9B8CAC7F7CE40E3C00123A506C4B53.e.16173","ELEMENT":"f.37E7500FB3BEF60B72C91044CCDB3F00.d.AF9B8CAC7F7CE40E3C00123A506C4B53.e.16173"}]}
RESULT: {"script":"<script> [8489 bytes]","args":[{"element-6066-11e4-a52e-4f735466cecf":"f.37E7500FB3BEF60B72C91044CCDB3F00.d.AF9B8CAC7F7CE40E3C00123A506C4B53.e.16173","ELEMENT":"f.37E7500FB3BEF60B72C91044CCDB3F00.d.AF9B8CAC7F7CE40E3C00123A506C4B53.e.16173"}]}
COMMAND: GET /session/c0099c8ef87d8f1a9c022bedeb80dcd8/screenshot - {}
RESULT: {}
COMMAND: POST /session/c0099c8ef87d8f1a9c022bedeb80dcd8/execute/sync - {"script":"<script> [8489 bytes]","args":[{"element-6066-11e4-a52e-4f735466cecf":"f.37E7500FB3BEF60B72C91044CCDB3F00.d.AF9B8CAC7F7CE40E3C00123A506C4B53.e.16173","ELEMENT":"f.37E7500FB3BEF60B72C91044CCDB3F00.d.AF9B8CAC7F7CE40E3C00123A506C4B53.e.16173"}]}
RESULT: {"script":"<script> [8489 bytes]","args":[{"element-6066-11e4-a52e-4f735466cecf":"f.37E7500FB3BEF60B72C91044CCDB3F00.d.AF9B8CAC7F7CE40E3C00123A506C4B53.e.16173","ELEMENT":"f.37E7500FB3BEF60B72C91044CCDB3F00.d.AF9B8CAC7F7CE40E3C00123A506C4B53.e.16173"}]}
COMMAND: GET /session/c0099c8ef87d8f1a9c022bedeb80dcd8/screenshot - {}
RESULT: {}
COMMAND: POST /session/c0099c8ef87d8f1a9c022bedeb80dcd8/execute/sync - {"script":"<script> [8489 bytes]","args":[{"element-6066-11e4-a52e-4f735466cecf":"f.37E7500FB3BEF60B72C91044CCDB3F00.d.AF9B8CAC7F7CE40E3C00123A506C4B53.e.16173","ELEMENT":"f.37E7500FB3BEF60B72C91044CCDB3F00.d.AF9B8CAC7F7CE40E3C00123A506C4B53.e.16173"}]}
RESULT: {"script":"<script> [8489 bytes]","args":[{"element-6066-11e4-a52e-4f735466cecf":"f.37E7500FB3BEF60B72C91044CCDB3F00.d.AF9B8CAC7F7CE40E3C00123A506C4B53.e.16173","ELEMENT":"f.37E7500FB3BEF60B72C91044CCDB3F00.d.AF9B8CAC7F7CE40E3C00123A506C4B53.e.16173"}]}
COMMAND: GET /session/c0099c8ef87d8f1a9c022bedeb80dcd8/screenshot - {}
RESULT: {}
COMMAND: POST /session/c0099c8ef87d8f1a9c022bedeb80dcd8/execute/sync - {"script":"<script> [8489 bytes]","args":[{"element-6066-11e4-a52e-4f735466cecf":"f.37E7500FB3BEF60B72C91044CCDB3F00.d.AF9B8CAC7F7CE40E3C00123A506C4B53.e.16173","ELEMENT":"f.37E7500FB3BEF60B72C91044CCDB3F00.d.AF9B8CAC7F7CE40E3C00123A506C4B53.e.16173"}]}
RESULT: {"script":"<script> [8489 bytes]","args":[{"element-6066-11e4-a52e-4f735466cecf":"f.37E7500FB3BEF60B72C91044CCDB3F00.d.AF9B8CAC7F7CE40E3C00123A506C4B53.e.16173","ELEMENT":"f.37E7500FB3BEF60B72C91044CCDB3F00.d.AF9B8CAC7F7CE40E3C00123A506C4B53.e.16173"}]}
COMMAND: GET /session/c0099c8ef87d8f1a9c022bedeb80dcd8/screenshot - {}
RESULT: {}
COMMAND: POST /session/c0099c8ef87d8f1a9c022bedeb80dcd8/execute/sync - {"script":"<script> [8489 bytes]","args":[{"element-6066-11e4-a52e-4f735466cecf":"f.37E7500FB3BEF60B72C91044CCDB3F00.d.AF9B8CAC7F7CE40E3C00123A506C4B53.e.16173","ELEMENT":"f.37E7500FB3BEF60B72C91044CCDB3F00.d.AF9B8CAC7F7CE40E3C00123A506C4B53.e.16173"}]}
RESULT: {"script":"<script> [8489 bytes]","args":[{"element-6066-11e4-a52e-4f735466cecf":"f.37E7500FB3BEF60B72C91044CCDB3F00.d.AF9B8CAC7F7CE40E3C00123A506C4B53.e.16173","ELEMENT":"f.37E7500FB3BEF60B72C91044CCDB3F00.d.AF9B8CAC7F7CE40E3C00123A506C4B53.e.16173"}]}
COMMAND: GET /session/c0099c8ef87d8f1a9c022bedeb80dcd8/screenshot - {}
RESULT: {}
COMMAND: POST /session/c0099c8ef87d8f1a9c022bedeb80dcd8/execute/sync - {"script":"<script> [8489 bytes]","args":[{"element-6066-11e4-a52e-4f735466cecf":"f.37E7500FB3BEF60B72C91044CCDB3F00.d.AF9B8CAC7F7CE40E3C00123A506C4B53.e.16173","ELEMENT":"f.37E7500FB3BEF60B72C91044CCDB3F00.d.AF9B8CAC7F7CE40E3C00123A506C4B53.e.16173"}]}
RESULT: {"script":"<script> [8489 bytes]","args":[{"element-6066-11e4-a52e-4f735466cecf":"f.37E7500FB3BEF60B72C91044CCDB3F00.d.AF9B8CAC7F7CE40E3C00123A506C4B53.e.16173","ELEMENT":"f.37E7500FB3BEF60B72C91044CCDB3F00.d.AF9B8CAC7F7CE40E3C00123A506C4B53.e.16173"}]}
COMMAND: GET /session/c0099c8ef87d8f1a9c022bedeb80dcd8/screenshot - {}
RESULT: {}
COMMAND: POST /session/c0099c8ef87d8f1a9c022bedeb80dcd8/execute/sync - {"script":"<script> [8489 bytes]","args":[{"element-6066-11e4-a52e-4f735466cecf":"f.37E7500FB3BEF60B72C91044CCDB3F00.d.AF9B8CAC7F7CE40E3C00123A506C4B53.e.16173","ELEMENT":"f.37E7500FB3BEF60B72C91044CCDB3F00.d.AF9B8CAC7F7CE40E3C00123A506C4B53.e.16173"}]}
RESULT: {"script":"<script> [8489 bytes]","args":[{"element-6066-11e4-a52e-4f735466cecf":"f.37E7500FB3BEF60B72C91044CCDB3F00.d.AF9B8CAC7F7CE40E3C00123A506C4B53.e.16173","ELEMENT":"f.37E7500FB3BEF60B72C91044CCDB3F00.d.AF9B8CAC7F7CE40E3C00123A506C4B53.e.16173"}]}
COMMAND: GET /session/c0099c8ef87d8f1a9c022bedeb80dcd8/screenshot - {}
COMMAND: POST /session/c0099c8ef87d8f1a9c022bedeb80dcd8/execute/sync - {"script":"<script> [8489 bytes]","args":[{"element-6066-11e4-a52e-4f735466cecf":"f.37E7500FB3BEF60B72C91044CCDB3F00.d.AF9B8CAC7F7CE40E3C00123A506C4B53.e.16173","ELEMENT":"f.37E7500FB3BEF60B72C91044CCDB3F00.d.AF9B8CAC7F7CE40E3C00123A506C4B53.e.16173"}]}
RESULT: {}
RESULT: {"script":"<script> [8489 bytes]","args":[{"element-6066-11e4-a52e-4f735466cecf":"f.37E7500FB3BEF60B72C91044CCDB3F00.d.AF9B8CAC7F7CE40E3C00123A506C4B53.e.16173","ELEMENT":"f.37E7500FB3BEF60B72C91044CCDB3F00.d.AF9B8CAC7F7CE40E3C00123A506C4B53.e.16173"}]}
COMMAND: GET /session/c0099c8ef87d8f1a9c022bedeb80dcd8/screenshot - {}
RESULT: {}
COMMAND: POST /session/c0099c8ef87d8f1a9c022bedeb80dcd8/execute/sync - {"script":"<script> [8489 bytes]","args":[{"element-6066-11e4-a52e-4f735466cecf":"f.37E7500FB3BEF60B72C91044CCDB3F00.d.AF9B8CAC7F7CE40E3C00123A506C4B53.e.16173","ELEMENT":"f.37E7500FB3BEF60B72C91044CCDB3F00.d.AF9B8CAC7F7CE40E3C00123A506C4B53.e.16173"}]}
RESULT: {"script":"<script> [8489 bytes]","args":[{"element-6066-11e4-a52e-4f735466cecf":"f.37E7500FB3BEF60B72C91044CCDB3F00.d.AF9B8CAC7F7CE40E3C00123A506C4B53.e.16173","ELEMENT":"f.37E7500FB3BEF60B72C91044CCDB3F00.d.AF9B8CAC7F7CE40E3C00123A506C4B53.e.16173"}]}
COMMAND: GET /session/c0099c8ef87d8f1a9c022bedeb80dcd8/screenshot - {}
COMMAND: POST /session/c0099c8ef87d8f1a9c022bedeb80dcd8/execute/sync - {"script":"<script> [8489 bytes]","args":[{"element-6066-11e4-a52e-4f735466cecf":"f.37E7500FB3BEF60B72C91044CCDB3F00.d.AF9B8CAC7F7CE40E3C00123A506C4B53.e.16173","ELEMENT":"f.37E7500FB3BEF60B72C91044CCDB3F00.d.AF9B8CAC7F7CE40E3C00123A506C4B53.e.16173"}]}
RESULT: {}
RESULT: {"script":"<script> [8489 bytes]","args":[{"element-6066-11e4-a52e-4f735466cecf":"f.37E7500FB3BEF60B72C91044CCDB3F00.d.AF9B8CAC7F7CE40E3C00123A506C4B53.e.16173","ELEMENT":"f.37E7500FB3BEF60B72C91044CCDB3F00.d.AF9B8CAC7F7CE40E3C00123A506C4B53.e.16173"}]}
COMMAND: GET /session/c0099c8ef87d8f1a9c022bedeb80dcd8/screenshot - {}
RESULT: {}
COMMAND: POST /session/c0099c8ef87d8f1a9c022bedeb80dcd8/execute/sync - {"script":"<script> [8489 bytes]","args":[{"element-6066-11e4-a52e-4f735466cecf":"f.37E7500FB3BEF60B72C91044CCDB3F00.d.AF9B8CAC7F7CE40E3C00123A506C4B53.e.16173","ELEMENT":"f.37E7500FB3BEF60B72C91044CCDB3F00.d.AF9B8CAC7F7CE40E3C00123A506C4B53.e.16173"}]}
RESULT: {"script":"<script> [8489 bytes]","args":[{"element-6066-11e4-a52e-4f735466cecf":"f.37E7500FB3BEF60B72C91044CCDB3F00.d.AF9B8CAC7F7CE40E3C00123A506C4B53.e.16173","ELEMENT":"f.37E7500FB3BEF60B72C91044CCDB3F00.d.AF9B8CAC7F7CE40E3C00123A506C4B53.e.16173"}]}
COMMAND: GET /session/c0099c8ef87d8f1a9c022bedeb80dcd8/screenshot - {}
RESULT: {}
COMMAND: POST /session/c0099c8ef87d8f1a9c022bedeb80dcd8/execute/sync - {"script":"<script> [8489 bytes]","args":[{"element-6066-11e4-a52e-4f735466cecf":"f.37E7500FB3BEF60B72C91044CCDB3F00.d.AF9B8CAC7F7CE40E3C00123A506C4B53.e.16173","ELEMENT":"f.37E7500FB3BEF60B72C91044CCDB3F00.d.AF9B8CAC7F7CE40E3C00123A506C4B53.e.16173"}]}
RESULT: {"script":"<script> [8489 bytes]","args":[{"element-6066-11e4-a52e-4f735466cecf":"f.37E7500FB3BEF60B72C91044CCDB3F00.d.AF9B8CAC7F7CE40E3C00123A506C4B53.e.16173","ELEMENT":"f.37E7500FB3BEF60B72C91044CCDB3F00.d.AF9B8CAC7F7CE40E3C00123A506C4B53.e.16173"}]}
COMMAND: GET /session/c0099c8ef87d8f1a9c022bedeb80dcd8/screenshot - {}
RESULT: {}
COMMAND: POST /session/c0099c8ef87d8f1a9c022bedeb80dcd8/execute/sync - {"script":"<script> [8489 bytes]","args":[{"element-6066-11e4-a52e-4f735466cecf":"f.37E7500FB3BEF60B72C91044CCDB3F00.d.AF9B8CAC7F7CE40E3C00123A506C4B53.e.16173","ELEMENT":"f.37E7500FB3BEF60B72C91044CCDB3F00.d.AF9B8CAC7F7CE40E3C00123A506C4B53.e.16173"}]}
RESULT: {"script":"<script> [8489 bytes]","args":[{"element-6066-11e4-a52e-4f735466cecf":"f.37E7500FB3BEF60B72C91044CCDB3F00.d.AF9B8CAC7F7CE40E3C00123A506C4B53.e.16173","ELEMENT":"f.37E7500FB3BEF60B72C91044CCDB3F00.d.AF9B8CAC7F7CE40E3C00123A506C4B53.e.16173"}]}
COMMAND: GET /session/c0099c8ef87d8f1a9c022bedeb80dcd8/screenshot - {}
RESULT: {}
COMMAND: POST /session/c0099c8ef87d8f1a9c022bedeb80dcd8/execute/sync - {"script":"<script> [8489 bytes]","args":[{"element-6066-11e4-a52e-4f735466cecf":"f.37E7500FB3BEF60B72C91044CCDB3F00.d.AF9B8CAC7F7CE40E3C00123A506C4B53.e.16173","ELEMENT":"f.37E7500FB3BEF60B72C91044CCDB3F00.d.AF9B8CAC7F7CE40E3C00123A506C4B53.e.16173"}]}
RESULT: {"script":"<script> [8489 bytes]","args":[{"element-6066-11e4-a52e-4f735466cecf":"f.37E7500FB3BEF60B72C91044CCDB3F00.d.AF9B8CAC7F7CE40E3C00123A506C4B53.e.16173","ELEMENT":"f.37E7500FB3BEF60B72C91044CCDB3F00.d.AF9B8CAC7F7CE40E3C00123A506C4B53.e.16173"}]}
COMMAND: GET /session/c0099c8ef87d8f1a9c022bedeb80dcd8/screenshot - {}
RESULT: {}
COMMAND: POST /session/c0099c8ef87d8f1a9c022bedeb80dcd8/execute/sync - {"script":"<script> [8489 bytes]","args":[{"element-6066-11e4-a52e-4f735466cecf":"f.37E7500FB3BEF60B72C91044CCDB3F00.d.AF9B8CAC7F7CE40E3C00123A506C4B53.e.16173","ELEMENT":"f.37E7500FB3BEF60B72C91044CCDB3F00.d.AF9B8CAC7F7CE40E3C00123A506C4B53.e.16173"}]}
RESULT: {"script":"<script> [8489 bytes]","args":[{"element-6066-11e4-a52e-4f735466cecf":"f.37E7500FB3BEF60B72C91044CCDB3F00.d.AF9B8CAC7F7CE40E3C00123A506C4B53.e.16173","ELEMENT":"f.37E7500FB3BEF60B72C91044CCDB3F00.d.AF9B8CAC7F7CE40E3C00123A506C4B53.e.16173"}]}
COMMAND: GET /session/c0099c8ef87d8f1a9c022bedeb80dcd8/screenshot - {}
RESULT: {}
COMMAND: POST /session/c0099c8ef87d8f1a9c022bedeb80dcd8/execute/sync - {"script":"<script> [8489 bytes]","args":[{"element-6066-11e4-a52e-4f735466cecf":"f.37E7500FB3BEF60B72C91044CCDB3F00.d.AF9B8CAC7F7CE40E3C00123A506C4B53.e.16173","ELEMENT":"f.37E7500FB3BEF60B72C91044CCDB3F00.d.AF9B8CAC7F7CE40E3C00123A506C4B53.e.16173"}]}
RESULT: {"script":"<script> [8489 bytes]","args":[{"element-6066-11e4-a52e-4f735466cecf":"f.37E7500FB3BEF60B72C91044CCDB3F00.d.AF9B8CAC7F7CE40E3C00123A506C4B53.e.16173","ELEMENT":"f.37E7500FB3BEF60B72C91044CCDB3F00.d.AF9B8CAC7F7CE40E3C00123A506C4B53.e.16173"}]}
COMMAND: GET /session/c0099c8ef87d8f1a9c022bedeb80dcd8/screenshot - {}
RESULT: {}
COMMAND: POST /session/c0099c8ef87d8f1a9c022bedeb80dcd8/execute/sync - {"script":"<script> [8489 bytes]","args":[{"element-6066-11e4-a52e-4f735466cecf":"f.37E7500FB3BEF60B72C91044CCDB3F00.d.AF9B8CAC7F7CE40E3C00123A506C4B53.e.16173","ELEMENT":"f.37E7500FB3BEF60B72C91044CCDB3F00.d.AF9B8CAC7F7CE40E3C00123A506C4B53.e.16173"}]}
RESULT: {"script":"<script> [8489 bytes]","args":[{"element-6066-11e4-a52e-4f735466cecf":"f.37E7500FB3BEF60B72C91044CCDB3F00.d.AF9B8CAC7F7CE40E3C00123A506C4B53.e.16173","ELEMENT":"f.37E7500FB3BEF60B72C91044CCDB3F00.d.AF9B8CAC7F7CE40E3C00123A506C4B53.e.16173"}]}
COMMAND: GET /session/c0099c8ef87d8f1a9c022bedeb80dcd8/screenshot - {}
RESULT: {}
COMMAND: POST /session/c0099c8ef87d8f1a9c022bedeb80dcd8/execute/sync - {"script":"<script> [8489 bytes]","args":[{"element-6066-11e4-a52e-4f735466cecf":"f.37E7500FB3BEF60B72C91044CCDB3F00.d.AF9B8CAC7F7CE40E3C00123A506C4B53.e.16173","ELEMENT":"f.37E7500FB3BEF60B72C91044CCDB3F00.d.AF9B8CAC7F7CE40E3C00123A506C4B53.e.16173"}]}
RESULT: {"script":"<script> [8489 bytes]","args":[{"element-6066-11e4-a52e-4f735466cecf":"f.37E7500FB3BEF60B72C91044CCDB3F00.d.AF9B8CAC7F7CE40E3C00123A506C4B53.e.16173","ELEMENT":"f.37E7500FB3BEF60B72C91044CCDB3F00.d.AF9B8CAC7F7CE40E3C00123A506C4B53.e.16173"}]}
COMMAND: GET /session/c0099c8ef87d8f1a9c022bedeb80dcd8/screenshot - {}
RESULT: {}
COMMAND: POST /session/c0099c8ef87d8f1a9c022bedeb80dcd8/execute/sync - {"script":"<script> [8489 bytes]","args":[{"element-6066-11e4-a52e-4f735466cecf":"f.37E7500FB3BEF60B72C91044CCDB3F00.d.AF9B8CAC7F7CE40E3C00123A506C4B53.e.16173","ELEMENT":"f.37E7500FB3BEF60B72C91044CCDB3F00.d.AF9B8CAC7F7CE40E3C00123A506C4B53.e.16173"}]}
RESULT: {"script":"<script> [8489 bytes]","args":[{"element-6066-11e4-a52e-4f735466cecf":"f.37E7500FB3BEF60B72C91044CCDB3F00.d.AF9B8CAC7F7CE40E3C00123A506C4B53.e.16173","ELEMENT":"f.37E7500FB3BEF60B72C91044CCDB3F00.d.AF9B8CAC7F7CE40E3C00123A506C4B53.e.16173"}]}
COMMAND: GET /session/c0099c8ef87d8f1a9c022bedeb80dcd8/screenshot - {}
RESULT: {}
COMMAND: POST /session/c0099c8ef87d8f1a9c022bedeb80dcd8/execute/sync - {"script":"<script> [8489 bytes]","args":[{"element-6066-11e4-a52e-4f735466cecf":"f.37E7500FB3BEF60B72C91044CCDB3F00.d.AF9B8CAC7F7CE40E3C00123A506C4B53.e.16173","ELEMENT":"f.37E7500FB3BEF60B72C91044CCDB3F00.d.AF9B8CAC7F7CE40E3C00123A506C4B53.e.16173"}]}
RESULT: {"script":"<script> [8489 bytes]","args":[{"element-6066-11e4-a52e-4f735466cecf":"f.37E7500FB3BEF60B72C91044CCDB3F00.d.AF9B8CAC7F7CE40E3C00123A506C4B53.e.16173","ELEMENT":"f.37E7500FB3BEF60B72C91044CCDB3F00.d.AF9B8CAC7F7CE40E3C00123A506C4B53.e.16173"}]}
COMMAND: GET /session/c0099c8ef87d8f1a9c022bedeb80dcd8/screenshot - {}
RESULT: {}
COMMAND: POST /session/c0099c8ef87d8f1a9c022bedeb80dcd8/execute/sync - {"script":"<script> [8489 bytes]","args":[{"element-6066-11e4-a52e-4f735466cecf":"f.37E7500FB3BEF60B72C91044CCDB3F00.d.AF9B8CAC7F7CE40E3C00123A506C4B53.e.16173","ELEMENT":"f.37E7500FB3BEF60B72C91044CCDB3F00.d.AF9B8CAC7F7CE40E3C00123A506C4B53.e.16173"}]}
RESULT: {"script":"<script> [8489 bytes]","args":[{"element-6066-11e4-a52e-4f735466cecf":"f.37E7500FB3BEF60B72C91044CCDB3F00.d.AF9B8CAC7F7CE40E3C00123A506C4B53.e.16173","ELEMENT":"f.37E7500FB3BEF60B72C91044CCDB3F00.d.AF9B8CAC7F7CE40E3C00123A506C4B53.e.16173"}]}
COMMAND: GET /session/c0099c8ef87d8f1a9c022bedeb80dcd8/screenshot - {}
RESULT: {}
COMMAND: POST /session/c0099c8ef87d8f1a9c022bedeb80dcd8/execute/sync - {"script":"<script> [8489 bytes]","args":[{"element-6066-11e4-a52e-4f735466cecf":"f.37E7500FB3BEF60B72C91044CCDB3F00.d.AF9B8CAC7F7CE40E3C00123A506C4B53.e.16173","ELEMENT":"f.37E7500FB3BEF60B72C91044CCDB3F00.d.AF9B8CAC7F7CE40E3C00123A506C4B53.e.16173"}]}
RESULT: {"script":"<script> [8489 bytes]","args":[{"element-6066-11e4-a52e-4f735466cecf":"f.37E7500FB3BEF60B72C91044CCDB3F00.d.AF9B8CAC7F7CE40E3C00123A506C4B53.e.16173","ELEMENT":"f.37E7500FB3BEF60B72C91044CCDB3F00.d.AF9B8CAC7F7CE40E3C00123A506C4B53.e.16173"}]}
COMMAND: GET /session/c0099c8ef87d8f1a9c022bedeb80dcd8/screenshot - {}
RESULT: {}
COMMAND: POST /session/c0099c8ef87d8f1a9c022bedeb80dcd8/execute/sync - {"script":"<script> [8489 bytes]","args":[{"element-6066-11e4-a52e-4f735466cecf":"f.37E7500FB3BEF60B72C91044CCDB3F00.d.AF9B8CAC7F7CE40E3C00123A506C4B53.e.16173","ELEMENT":"f.37E7500FB3BEF60B72C91044CCDB3F00.d.AF9B8CAC7F7CE40E3C00123A506C4B53.e.16173"}]}
RESULT: {"script":"<script> [8489 bytes]","args":[{"element-6066-11e4-a52e-4f735466cecf":"f.37E7500FB3BEF60B72C91044CCDB3F00.d.AF9B8CAC7F7CE40E3C00123A506C4B53.e.16173","ELEMENT":"f.37E7500FB3BEF60B72C91044CCDB3F00.d.AF9B8CAC7F7CE40E3C00123A506C4B53.e.16173"}]}
COMMAND: GET /session/c0099c8ef87d8f1a9c022bedeb80dcd8/screenshot - {}
RESULT: {}
COMMAND: POST /session/c0099c8ef87d8f1a9c022bedeb80dcd8/execute/sync - {"script":"<script> [8489 bytes]","args":[{"element-6066-11e4-a52e-4f735466cecf":"f.37E7500FB3BEF60B72C91044CCDB3F00.d.AF9B8CAC7F7CE40E3C00123A506C4B53.e.16173","ELEMENT":"f.37E7500FB3BEF60B72C91044CCDB3F00.d.AF9B8CAC7F7CE40E3C00123A506C4B53.e.16173"}]}
RESULT: {"script":"<script> [8489 bytes]","args":[{"element-6066-11e4-a52e-4f735466cecf":"f.37E7500FB3BEF60B72C91044CCDB3F00.d.AF9B8CAC7F7CE40E3C00123A506C4B53.e.16173","ELEMENT":"f.37E7500FB3BEF60B72C91044CCDB3F00.d.AF9B8CAC7F7CE40E3C00123A506C4B53.e.16173"}]}
COMMAND: GET /session/c0099c8ef87d8f1a9c022bedeb80dcd8/screenshot - {}
RESULT: {}
COMMAND: POST /session/c0099c8ef87d8f1a9c022bedeb80dcd8/execute/sync - {"script":"<script> [8489 bytes]","args":[{"element-6066-11e4-a52e-4f735466cecf":"f.37E7500FB3BEF60B72C91044CCDB3F00.d.AF9B8CAC7F7CE40E3C00123A506C4B53.e.16173","ELEMENT":"f.37E7500FB3BEF60B72C91044CCDB3F00.d.AF9B8CAC7F7CE40E3C00123A506C4B53.e.16173"}]}
RESULT: {"script":"<script> [8489 bytes]","args":[{"element-6066-11e4-a52e-4f735466cecf":"f.37E7500FB3BEF60B72C91044CCDB3F00.d.AF9B8CAC7F7CE40E3C00123A506C4B53.e.16173","ELEMENT":"f.37E7500FB3BEF60B72C91044CCDB3F00.d.AF9B8CAC7F7CE40E3C00123A506C4B53.e.16173"}]}
COMMAND: GET /session/c0099c8ef87d8f1a9c022bedeb80dcd8/screenshot - {}
RESULT: {}
COMMAND: POST /session/c0099c8ef87d8f1a9c022bedeb80dcd8/execute/sync - {"script":"<script> [8489 bytes]","args":[{"element-6066-11e4-a52e-4f735466cecf":"f.37E7500FB3BEF60B72C91044CCDB3F00.d.AF9B8CAC7F7CE40E3C00123A506C4B53.e.16173","ELEMENT":"f.37E7500FB3BEF60B72C91044CCDB3F00.d.AF9B8CAC7F7CE40E3C00123A506C4B53.e.16173"}]}
RESULT: {"script":"<script> [8489 bytes]","args":[{"element-6066-11e4-a52e-4f735466cecf":"f.37E7500FB3BEF60B72C91044CCDB3F00.d.AF9B8CAC7F7CE40E3C00123A506C4B53.e.16173","ELEMENT":"f.37E7500FB3BEF60B72C91044CCDB3F00.d.AF9B8CAC7F7CE40E3C00123A506C4B53.e.16173"}]}
COMMAND: GET /session/c0099c8ef87d8f1a9c022bedeb80dcd8/screenshot - {}
RESULT: {}
COMMAND: POST /session/c0099c8ef87d8f1a9c022bedeb80dcd8/execute/sync - {"script":"<script> [8489 bytes]","args":[{"element-6066-11e4-a52e-4f735466cecf":"f.37E7500FB3BEF60B72C91044CCDB3F00.d.AF9B8CAC7F7CE40E3C00123A506C4B53.e.16173","ELEMENT":"f.37E7500FB3BEF60B72C91044CCDB3F00.d.AF9B8CAC7F7CE40E3C00123A506C4B53.e.16173"}]}
RESULT: {"script":"<script> [8489 bytes]","args":[{"element-6066-11e4-a52e-4f735466cecf":"f.37E7500FB3BEF60B72C91044CCDB3F00.d.AF9B8CAC7F7CE40E3C00123A506C4B53.e.16173","ELEMENT":"f.37E7500FB3BEF60B72C91044CCDB3F00.d.AF9B8CAC7F7CE40E3C00123A506C4B53.e.16173"}]}
COMMAND: GET /session/c0099c8ef87d8f1a9c022bedeb80dcd8/screenshot - {}
RESULT: {}
COMMAND: POST /session/c0099c8ef87d8f1a9c022bedeb80dcd8/execute/sync - {"script":"<script> [8489 bytes]","args":[{"element-6066-11e4-a52e-4f735466cecf":"f.37E7500FB3BEF60B72C91044CCDB3F00.d.AF9B8CAC7F7CE40E3C00123A506C4B53.e.16173","ELEMENT":"f.37E7500FB3BEF60B72C91044CCDB3F00.d.AF9B8CAC7F7CE40E3C00123A506C4B53.e.16173"}]}
RESULT: {"script":"<script> [8489 bytes]","args":[{"element-6066-11e4-a52e-4f735466cecf":"f.37E7500FB3BEF60B72C91044CCDB3F00.d.AF9B8CAC7F7CE40E3C00123A506C4B53.e.16173","ELEMENT":"f.37E7500FB3BEF60B72C91044CCDB3F00.d.AF9B8CAC7F7CE40E3C00123A506C4B53.e.16173"}]}
COMMAND: GET /session/c0099c8ef87d8f1a9c022bedeb80dcd8/screenshot - {}
RESULT: {}
COMMAND: POST /session/c0099c8ef87d8f1a9c022bedeb80dcd8/execute/sync - {"script":"<script> [8489 bytes]","args":[{"element-6066-11e4-a52e-4f735466cecf":"f.37E7500FB3BEF60B72C91044CCDB3F00.d.AF9B8CAC7F7CE40E3C00123A506C4B53.e.16173","ELEMENT":"f.37E7500FB3BEF60B72C91044CCDB3F00.d.AF9B8CAC7F7CE40E3C00123A506C4B53.e.16173"}]}
RESULT: {"script":"<script> [8489 bytes]","args":[{"element-6066-11e4-a52e-4f735466cecf":"f.37E7500FB3BEF60B72C91044CCDB3F00.d.AF9B8CAC7F7CE40E3C00123A506C4B53.e.16173","ELEMENT":"f.37E7500FB3BEF60B72C91044CCDB3F00.d.AF9B8CAC7F7CE40E3C00123A506C4B53.e.16173"}]}
COMMAND: GET /session/c0099c8ef87d8f1a9c022bedeb80dcd8/screenshot - {}
RESULT: {}
COMMAND: POST /session/c0099c8ef87d8f1a9c022bedeb80dcd8/execute/sync - {"script":"<script> [8489 bytes]","args":[{"element-6066-11e4-a52e-4f735466cecf":"f.37E7500FB3BEF60B72C91044CCDB3F00.d.AF9B8CAC7F7CE40E3C00123A506C4B53.e.16173","ELEMENT":"f.37E7500FB3BEF60B72C91044CCDB3F00.d.AF9B8CAC7F7CE40E3C00123A506C4B53.e.16173"}]}
RESULT: {"script":"<script> [8489 bytes]","args":[{"element-6066-11e4-a52e-4f735466cecf":"f.37E7500FB3BEF60B72C91044CCDB3F00.d.AF9B8CAC7F7CE40E3C00123A506C4B53.e.16173","ELEMENT":"f.37E7500FB3BEF60B72C91044CCDB3F00.d.AF9B8CAC7F7CE40E3C00123A506C4B53.e.16173"}]}
COMMAND: GET /session/c0099c8ef87d8f1a9c022bedeb80dcd8/screenshot - {}
RESULT: {}
COMMAND: POST /session/c0099c8ef87d8f1a9c022bedeb80dcd8/execute/sync - {"script":"<script> [8489 bytes]","args":[{"element-6066-11e4-a52e-4f735466cecf":"f.37E7500FB3BEF60B72C91044CCDB3F00.d.AF9B8CAC7F7CE40E3C00123A506C4B53.e.16173","ELEMENT":"f.37E7500FB3BEF60B72C91044CCDB3F00.d.AF9B8CAC7F7CE40E3C00123A506C4B53.e.16173"}]}
RESULT: {"script":"<script> [8489 bytes]","args":[{"element-6066-11e4-a52e-4f735466cecf":"f.37E7500FB3BEF60B72C91044CCDB3F00.d.AF9B8CAC7F7CE40E3C00123A506C4B53.e.16173","ELEMENT":"f.37E7500FB3BEF60B72C91044CCDB3F00.d.AF9B8CAC7F7CE40E3C00123A506C4B53.e.16173"}]}
COMMAND: GET /session/c0099c8ef87d8f1a9c022bedeb80dcd8/screenshot - {}
RESULT: {}
COMMAND: POST /session/c0099c8ef87d8f1a9c022bedeb80dcd8/execute/sync - {"script":"<script> [8489 bytes]","args":[{"element-6066-11e4-a52e-4f735466cecf":"f.37E7500FB3BEF60B72C91044CCDB3F00.d.AF9B8CAC7F7CE40E3C00123A506C4B53.e.16173","ELEMENT":"f.37E7500FB3BEF60B72C91044CCDB3F00.d.AF9B8CAC7F7CE40E3C00123A506C4B53.e.16173"}]}
RESULT: {"script":"<script> [8489 bytes]","args":[{"element-6066-11e4-a52e-4f735466cecf":"f.37E7500FB3BEF60B72C91044CCDB3F00.d.AF9B8CAC7F7CE40E3C00123A506C4B53.e.16173","ELEMENT":"f.37E7500FB3BEF60B72C91044CCDB3F00.d.AF9B8CAC7F7CE40E3C00123A506C4B53.e.16173"}]}
COMMAND: GET /session/c0099c8ef87d8f1a9c022bedeb80dcd8/screenshot - {}
RESULT: {}
COMMAND: POST /session/c0099c8ef87d8f1a9c022bedeb80dcd8/execute/sync - {"script":"<script> [8489 bytes]","args":[{"element-6066-11e4-a52e-4f735466cecf":"f.37E7500FB3BEF60B72C91044CCDB3F00.d.AF9B8CAC7F7CE40E3C00123A506C4B53.e.16173","ELEMENT":"f.37E7500FB3BEF60B72C91044CCDB3F00.d.AF9B8CAC7F7CE40E3C00123A506C4B53.e.16173"}]}
RESULT: {"script":"<script> [8489 bytes]","args":[{"element-6066-11e4-a52e-4f735466cecf":"f.37E7500FB3BEF60B72C91044CCDB3F00.d.AF9B8CAC7F7CE40E3C00123A506C4B53.e.16173","ELEMENT":"f.37E7500FB3BEF60B72C91044CCDB3F00.d.AF9B8CAC7F7CE40E3C00123A506C4B53.e.16173"}]}
COMMAND: GET /session/c0099c8ef87d8f1a9c022bedeb80dcd8/screenshot - {}
RESULT: {}
COMMAND: POST /session/c0099c8ef87d8f1a9c022bedeb80dcd8/execute/sync - {"script":"<script> [8489 bytes]","args":[{"element-6066-11e4-a52e-4f735466cecf":"f.37E7500FB3BEF60B72C91044CCDB3F00.d.AF9B8CAC7F7CE40E3C00123A506C4B53.e.16173","ELEMENT":"f.37E7500FB3BEF60B72C91044CCDB3F00.d.AF9B8CAC7F7CE40E3C00123A506C4B53.e.16173"}]}
RESULT: {"script":"<script> [8489 bytes]","args":[{"element-6066-11e4-a52e-4f735466cecf":"f.37E7500FB3BEF60B72C91044CCDB3F00.d.AF9B8CAC7F7CE40E3C00123A506C4B53.e.16173","ELEMENT":"f.37E7500FB3BEF60B72C91044CCDB3F00.d.AF9B8CAC7F7CE40E3C00123A506C4B53.e.16173"}]}
COMMAND: GET /session/c0099c8ef87d8f1a9c022bedeb80dcd8/screenshot - {}
RESULT: {}
COMMAND: POST /session/c0099c8ef87d8f1a9c022bedeb80dcd8/execute/sync - {"script":"<script> [8489 bytes]","args":[{"element-6066-11e4-a52e-4f735466cecf":"f.37E7500FB3BEF60B72C91044CCDB3F00.d.AF9B8CAC7F7CE40E3C00123A506C4B53.e.16173","ELEMENT":"f.37E7500FB3BEF60B72C91044CCDB3F00.d.AF9B8CAC7F7CE40E3C00123A506C4B53.e.16173"}]}
RESULT: {"script":"<script> [8489 bytes]","args":[{"element-6066-11e4-a52e-4f735466cecf":"f.37E7500FB3BEF60B72C91044CCDB3F00.d.AF9B8CAC7F7CE40E3C00123A506C4B53.e.16173","ELEMENT":"f.37E7500FB3BEF60B72C91044CCDB3F00.d.AF9B8CAC7F7CE40E3C00123A506C4B53.e.16173"}]}
COMMAND: GET /session/c0099c8ef87d8f1a9c022bedeb80dcd8/screenshot - {}
RESULT: {}
COMMAND: POST /session/c0099c8ef87d8f1a9c022bedeb80dcd8/execute/sync - {"script":"<script> [8489 bytes]","args":[{"element-6066-11e4-a52e-4f735466cecf":"f.37E7500FB3BEF60B72C91044CCDB3F00.d.AF9B8CAC7F7CE40E3C00123A506C4B53.e.16173","ELEMENT":"f.37E7500FB3BEF60B72C91044CCDB3F00.d.AF9B8CAC7F7CE40E3C00123A506C4B53.e.16173"}]}
RESULT: {"script":"<script> [8489 bytes]","args":[{"element-6066-11e4-a52e-4f735466cecf":"f.37E7500FB3BEF60B72C91044CCDB3F00.d.AF9B8CAC7F7CE40E3C00123A506C4B53.e.16173","ELEMENT":"f.37E7500FB3BEF60B72C91044CCDB3F00.d.AF9B8CAC7F7CE40E3C00123A506C4B53.e.16173"}]}
COMMAND: GET /session/c0099c8ef87d8f1a9c022bedeb80dcd8/screenshot - {}
RESULT: {}
COMMAND: POST /session/c0099c8ef87d8f1a9c022bedeb80dcd8/execute/sync - {"script":"<script> [8489 bytes]","args":[{"element-6066-11e4-a52e-4f735466cecf":"f.37E7500FB3BEF60B72C91044CCDB3F00.d.AF9B8CAC7F7CE40E3C00123A506C4B53.e.16173","ELEMENT":"f.37E7500FB3BEF60B72C91044CCDB3F00.d.AF9B8CAC7F7CE40E3C00123A506C4B53.e.16173"}]}
RESULT: {"script":"<script> [8489 bytes]","args":[{"element-6066-11e4-a52e-4f735466cecf":"f.37E7500FB3BEF60B72C91044CCDB3F00.d.AF9B8CAC7F7CE40E3C00123A506C4B53.e.16173","ELEMENT":"f.37E7500FB3BEF60B72C91044CCDB3F00.d.AF9B8CAC7F7CE40E3C00123A506C4B53.e.16173"}]}
COMMAND: GET /session/c0099c8ef87d8f1a9c022bedeb80dcd8/screenshot - {}
RESULT: {}
COMMAND: POST /session/c0099c8ef87d8f1a9c022bedeb80dcd8/execute/sync - {"script":"<script> [8489 bytes]","args":[{"element-6066-11e4-a52e-4f735466cecf":"f.37E7500FB3BEF60B72C91044CCDB3F00.d.AF9B8CAC7F7CE40E3C00123A506C4B53.e.16173","ELEMENT":"f.37E7500FB3BEF60B72C91044CCDB3F00.d.AF9B8CAC7F7CE40E3C00123A506C4B53.e.16173"}]}
RESULT: {"script":"<script> [8489 bytes]","args":[{"element-6066-11e4-a52e-4f735466cecf":"f.37E7500FB3BEF60B72C91044CCDB3F00.d.AF9B8CAC7F7CE40E3C00123A506C4B53.e.16173","ELEMENT":"f.37E7500FB3BEF60B72C91044CCDB3F00.d.AF9B8CAC7F7CE40E3C00123A506C4B53.e.16173"}]}
COMMAND: GET /session/c0099c8ef87d8f1a9c022bedeb80dcd8/screenshot - {}
RESULT: {}
COMMAND: POST /session/c0099c8ef87d8f1a9c022bedeb80dcd8/execute/sync - {"script":"<script> [8489 bytes]","args":[{"element-6066-11e4-a52e-4f735466cecf":"f.37E7500FB3BEF60B72C91044CCDB3F00.d.AF9B8CAC7F7CE40E3C00123A506C4B53.e.16173","ELEMENT":"f.37E7500FB3BEF60B72C91044CCDB3F00.d.AF9B8CAC7F7CE40E3C00123A506C4B53.e.16173"}]}
RESULT: {"script":"<script> [8489 bytes]","args":[{"element-6066-11e4-a52e-4f735466cecf":"f.37E7500FB3BEF60B72C91044CCDB3F00.d.AF9B8CAC7F7CE40E3C00123A506C4B53.e.16173","ELEMENT":"f.37E7500FB3BEF60B72C91044CCDB3F00.d.AF9B8CAC7F7CE40E3C00123A506C4B53.e.16173"}]}
COMMAND: GET /session/c0099c8ef87d8f1a9c022bedeb80dcd8/screenshot - {}
RESULT: {}
COMMAND: POST /session/c0099c8ef87d8f1a9c022bedeb80dcd8/execute/sync - {"script":"<script> [8489 bytes]","args":[{"element-6066-11e4-a52e-4f735466cecf":"f.37E7500FB3BEF60B72C91044CCDB3F00.d.AF9B8CAC7F7CE40E3C00123A506C4B53.e.16173","ELEMENT":"f.37E7500FB3BEF60B72C91044CCDB3F00.d.AF9B8CAC7F7CE40E3C00123A506C4B53.e.16173"}]}
RESULT: {"script":"<script> [8489 bytes]","args":[{"element-6066-11e4-a52e-4f735466cecf":"f.37E7500FB3BEF60B72C91044CCDB3F00.d.AF9B8CAC7F7CE40E3C00123A506C4B53.e.16173","ELEMENT":"f.37E7500FB3BEF60B72C91044CCDB3F00.d.AF9B8CAC7F7CE40E3C00123A506C4B53.e.16173"}]}
COMMAND: GET /session/c0099c8ef87d8f1a9c022bedeb80dcd8/screenshot - {}
RESULT: {}
COMMAND: POST /session/c0099c8ef87d8f1a9c022bedeb80dcd8/execute/sync - {"script":"<script> [8489 bytes]","args":[{"element-6066-11e4-a52e-4f735466cecf":"f.37E7500FB3BEF60B72C91044CCDB3F00.d.AF9B8CAC7F7CE40E3C00123A506C4B53.e.16173","ELEMENT":"f.37E7500FB3BEF60B72C91044CCDB3F00.d.AF9B8CAC7F7CE40E3C00123A506C4B53.e.16173"}]}
RESULT: {"script":"<script> [8489 bytes]","args":[{"element-6066-11e4-a52e-4f735466cecf":"f.37E7500FB3BEF60B72C91044CCDB3F00.d.AF9B8CAC7F7CE40E3C00123A506C4B53.e.16173","ELEMENT":"f.37E7500FB3BEF60B72C91044CCDB3F00.d.AF9B8CAC7F7CE40E3C00123A506C4B53.e.16173"}]}
COMMAND: GET /session/c0099c8ef87d8f1a9c022bedeb80dcd8/screenshot - {}
RESULT: {}
COMMAND: POST /session/c0099c8ef87d8f1a9c022bedeb80dcd8/execute/sync - {"script":"<script> [8489 bytes]","args":[{"element-6066-11e4-a52e-4f735466cecf":"f.37E7500FB3BEF60B72C91044CCDB3F00.d.AF9B8CAC7F7CE40E3C00123A506C4B53.e.16173","ELEMENT":"f.37E7500FB3BEF60B72C91044CCDB3F00.d.AF9B8CAC7F7CE40E3C00123A506C4B53.e.16173"}]}
RESULT: {"script":"<script> [8489 bytes]","args":[{"element-6066-11e4-a52e-4f735466cecf":"f.37E7500FB3BEF60B72C91044CCDB3F00.d.AF9B8CAC7F7CE40E3C00123A506C4B53.e.16173","ELEMENT":"f.37E7500FB3BEF60B72C91044CCDB3F00.d.AF9B8CAC7F7CE40E3C00123A506C4B53.e.16173"}]}
COMMAND: GET /session/c0099c8ef87d8f1a9c022bedeb80dcd8/screenshot - {}
RESULT: {}
COMMAND: POST /session/c0099c8ef87d8f1a9c022bedeb80dcd8/execute/sync - {"script":"<script> [8489 bytes]","args":[{"element-6066-11e4-a52e-4f735466cecf":"f.37E7500FB3BEF60B72C91044CCDB3F00.d.AF9B8CAC7F7CE40E3C00123A506C4B53.e.16173","ELEMENT":"f.37E7500FB3BEF60B72C91044CCDB3F00.d.AF9B8CAC7F7CE40E3C00123A506C4B53.e.16173"}]}
RESULT: {"script":"<script> [8489 bytes]","args":[{"element-6066-11e4-a52e-4f735466cecf":"f.37E7500FB3BEF60B72C91044CCDB3F00.d.AF9B8CAC7F7CE40E3C00123A506C4B53.e.16173","ELEMENT":"f.37E7500FB3BEF60B72C91044CCDB3F00.d.AF9B8CAC7F7CE40E3C00123A506C4B53.e.16173"}]}
COMMAND: GET /session/c0099c8ef87d8f1a9c022bedeb80dcd8/screenshot - {}
RESULT: {}
COMMAND: POST /session/c0099c8ef87d8f1a9c022bedeb80dcd8/execute/sync - {"script":"<script> [8489 bytes]","args":[{"element-6066-11e4-a52e-4f735466cecf":"f.37E7500FB3BEF60B72C91044CCDB3F00.d.AF9B8CAC7F7CE40E3C00123A506C4B53.e.16173","ELEMENT":"f.37E7500FB3BEF60B72C91044CCDB3F00.d.AF9B8CAC7F7CE40E3C00123A506C4B53.e.16173"}]}
RESULT: {"script":"<script> [8489 bytes]","args":[{"element-6066-11e4-a52e-4f735466cecf":"f.37E7500FB3BEF60B72C91044CCDB3F00.d.AF9B8CAC7F7CE40E3C00123A506C4B53.e.16173","ELEMENT":"f.37E7500FB3BEF60B72C91044CCDB3F00.d.AF9B8CAC7F7CE40E3C00123A506C4B53.e.16173"}]}
COMMAND: GET /session/c0099c8ef87d8f1a9c022bedeb80dcd8/screenshot - {}
RESULT: {}
COMMAND: POST /session/c0099c8ef87d8f1a9c022bedeb80dcd8/execute/sync - {"script":"<script> [8489 bytes]","args":[{"element-6066-11e4-a52e-4f735466cecf":"f.37E7500FB3BEF60B72C91044CCDB3F00.d.AF9B8CAC7F7CE40E3C00123A506C4B53.e.16173","ELEMENT":"f.37E7500FB3BEF60B72C91044CCDB3F00.d.AF9B8CAC7F7CE40E3C00123A506C4B53.e.16173"}]}
RESULT: {"script":"<script> [8489 bytes]","args":[{"element-6066-11e4-a52e-4f735466cecf":"f.37E7500FB3BEF60B72C91044CCDB3F00.d.AF9B8CAC7F7CE40E3C00123A506C4B53.e.16173","ELEMENT":"f.37E7500FB3BEF60B72C91044CCDB3F00.d.AF9B8CAC7F7CE40E3C00123A506C4B53.e.16173"}]}
COMMAND: GET /session/c0099c8ef87d8f1a9c022bedeb80dcd8/screenshot - {}
RESULT: {}
COMMAND: POST /session/c0099c8ef87d8f1a9c022bedeb80dcd8/execute/sync - {"script":"<script> [8489 bytes]","args":[{"element-6066-11e4-a52e-4f735466cecf":"f.37E7500FB3BEF60B72C91044CCDB3F00.d.AF9B8CAC7F7CE40E3C00123A506C4B53.e.16173","ELEMENT":"f.37E7500FB3BEF60B72C91044CCDB3F00.d.AF9B8CAC7F7CE40E3C00123A506C4B53.e.16173"}]}
RESULT: {"script":"<script> [8489 bytes]","args":[{"element-6066-11e4-a52e-4f735466cecf":"f.37E7500FB3BEF60B72C91044CCDB3F00.d.AF9B8CAC7F7CE40E3C00123A506C4B53.e.16173","ELEMENT":"f.37E7500FB3BEF60B72C91044CCDB3F00.d.AF9B8CAC7F7CE40E3C00123A506C4B53.e.16173"}]}
COMMAND: GET /session/c0099c8ef87d8f1a9c022bedeb80dcd8/screenshot - {}
RESULT: {}
COMMAND: POST /session/c0099c8ef87d8f1a9c022bedeb80dcd8/execute/sync - {"script":"<script> [8489 bytes]","args":[{"element-6066-11e4-a52e-4f735466cecf":"f.37E7500FB3BEF60B72C91044CCDB3F00.d.AF9B8CAC7F7CE40E3C00123A506C4B53.e.16173","ELEMENT":"f.37E7500FB3BEF60B72C91044CCDB3F00.d.AF9B8CAC7F7CE40E3C00123A506C4B53.e.16173"}]}
RESULT: {"script":"<script> [8489 bytes]","args":[{"element-6066-11e4-a52e-4f735466cecf":"f.37E7500FB3BEF60B72C91044CCDB3F00.d.AF9B8CAC7F7CE40E3C00123A506C4B53.e.16173","ELEMENT":"f.37E7500FB3BEF60B72C91044CCDB3F00.d.AF9B8CAC7F7CE40E3C00123A506C4B53.e.16173"}]}
COMMAND: GET /session/c0099c8ef87d8f1a9c022bedeb80dcd8/screenshot - {}
RESULT: {}
COMMAND: POST /session/c0099c8ef87d8f1a9c022bedeb80dcd8/execute/sync - {"script":"<script> [8489 bytes]","args":[{"element-6066-11e4-a52e-4f735466cecf":"f.37E7500FB3BEF60B72C91044CCDB3F00.d.AF9B8CAC7F7CE40E3C00123A506C4B53.e.16173","ELEMENT":"f.37E7500FB3BEF60B72C91044CCDB3F00.d.AF9B8CAC7F7CE40E3C00123A506C4B53.e.16173"}]}
RESULT: {"script":"<script> [8489 bytes]","args":[{"element-6066-11e4-a52e-4f735466cecf":"f.37E7500FB3BEF60B72C91044CCDB3F00.d.AF9B8CAC7F7CE40E3C00123A506C4B53.e.16173","ELEMENT":"f.37E7500FB3BEF60B72C91044CCDB3F00.d.AF9B8CAC7F7CE40E3C00123A506C4B53.e.16173"}]}
COMMAND: GET /session/c0099c8ef87d8f1a9c022bedeb80dcd8/screenshot - {}
RESULT: {}
COMMAND: POST /session/c0099c8ef87d8f1a9c022bedeb80dcd8/elements - {"using":"css selector","value":"div[viewname='etm.portal.ui.managehandovers.view.DetailExecuteHO'] span.sapMText"}
RESULT: {"using":"css selector","value":"div[viewname='etm.portal.ui.managehandovers.view.DetailExecuteHO'] span.sapMText"}
]]></system-out>
    </testcase>
  </testsuite>
  <testsuite timestamp="2025-05-02T17:40:51" time="477.284" tests="9" failures="7" errors="7" skipped="0">
    <properties>
      <property name="specId" value="0" />
      <property name="suiteName" value="Create masterdata for Yard Overview - trigger provide US130988" />
      <property name="capabilities" value="chrome.135_0_7049_96.windows" />
      <property name="file" value="file:///D:/a/1/s/test/specs/HTR/stock-decrease.spec.js" />
    </properties>
    <testcase classname="chrome.135_0_7049_96.windows.Create_masterdata_for_Yard_Overview_-_trigger_provide_US130988" name="create a whm for yard" time="44.947">
      <system-out><![CDATA[
COMMAND: POST /session/c0099c8ef87d8f1a9c022bedeb80dcd8/element - {"using":"css selector","value":"#shell-header-icon"}
COMMAND: GET /session/c0099c8ef87d8f1a9c022bedeb80dcd8/screenshot - {}
RESULT: {"using":"css selector","value":"#shell-header-icon"}
COMMAND: POST /session/c0099c8ef87d8f1a9c022bedeb80dcd8/execute/sync - {"script":"<script> [8489 bytes]","args":[{"element-6066-11e4-a52e-4f735466cecf":"f.37E7500FB3BEF60B72C91044CCDB3F00.d.0BFDD584C934A4FFE31A02E9663BEA3C.e.16551","ELEMENT":"f.37E7500FB3BEF60B72C91044CCDB3F00.d.0BFDD584C934A4FFE31A02E9663BEA3C.e.16551"}]}
RESULT: {}
RESULT: {"script":"<script> [8489 bytes]","args":[{"element-6066-11e4-a52e-4f735466cecf":"f.37E7500FB3BEF60B72C91044CCDB3F00.d.0BFDD584C934A4FFE31A02E9663BEA3C.e.16551","ELEMENT":"f.37E7500FB3BEF60B72C91044CCDB3F00.d.0BFDD584C934A4FFE31A02E9663BEA3C.e.16551"}]}
COMMAND: GET /session/c0099c8ef87d8f1a9c022bedeb80dcd8/element/f.37E7500FB3BEF60B72C91044CCDB3F00.d.0BFDD584C934A4FFE31A02E9663BEA3C.e.16551/enabled - {}
COMMAND: GET /session/c0099c8ef87d8f1a9c022bedeb80dcd8/screenshot - {}
RESULT: {}
COMMAND: POST /session/c0099c8ef87d8f1a9c022bedeb80dcd8/element/f.37E7500FB3BEF60B72C91044CCDB3F00.d.0BFDD584C934A4FFE31A02E9663BEA3C.e.16551/click - {}
COMMAND: GET /session/c0099c8ef87d8f1a9c022bedeb80dcd8/screenshot - {}
RESULT: {}
RESULT: {}
COMMAND: GET /session/c0099c8ef87d8f1a9c022bedeb80dcd8/screenshot - {}
RESULT: {}
RESULT: {}
COMMAND: POST /session/c0099c8ef87d8f1a9c022bedeb80dcd8/element - {"using":"xpath","value":"//div[text()='Warehouse']"}
RESULT: {"using":"xpath","value":"//div[text()='Warehouse']"}
COMMAND: POST /session/c0099c8ef87d8f1a9c022bedeb80dcd8/elements - {"using":"xpath","value":"//div[text()='Warehouse']"}
RESULT: {"using":"xpath","value":"//div[text()='Warehouse']"}
COMMAND: POST /session/c0099c8ef87d8f1a9c022bedeb80dcd8/element/f.37E7500FB3BEF60B72C91044CCDB3F00.d.0BFDD584C934A4FFE31A02E9663BEA3C.e.17047/click - {}
RESULT: {}
COMMAND: POST /session/c0099c8ef87d8f1a9c022bedeb80dcd8/element - {"using":"xpath","value":"//span[text()='Manage Warehouse Movements']"}
COMMAND: GET /session/c0099c8ef87d8f1a9c022bedeb80dcd8/screenshot - {}
RESULT: {"using":"xpath","value":"//span[text()='Manage Warehouse Movements']"}
COMMAND: POST /session/c0099c8ef87d8f1a9c022bedeb80dcd8/elements - {"using":"xpath","value":"//span[text()='Manage Warehouse Movements']"}
RESULT: {}
RESULT: {"using":"xpath","value":"//span[text()='Manage Warehouse Movements']"}
COMMAND: POST /session/c0099c8ef87d8f1a9c022bedeb80dcd8/element - {"using":"xpath","value":"//input[@id='application-warehousemovements-display-component---warehouseMovements--smartFilterBar-filterItemControl_BASIC-YARD-inner']"}
RESULT: {"using":"xpath","value":"//input[@id='application-warehousemovements-display-component---warehouseMovements--smartFilterBar-filterItemControl_BASIC-YARD-inner']"}
COMMAND: POST /session/c0099c8ef87d8f1a9c022bedeb80dcd8/element - {"using":"xpath","value":"//input[@id='application-warehousemovements-display-component---warehouseMovements--smartFilterBar-filterItemControl_BASIC-YARD-inner']"}
RESULT: {"using":"xpath","value":"//input[@id='application-warehousemovements-display-component---warehouseMovements--smartFilterBar-filterItemControl_BASIC-YARD-inner']"}
COMMAND: POST /session/c0099c8ef87d8f1a9c022bedeb80dcd8/actions - {"actions":[{"id":"action71","type":"key","parameters":{},"actions":[{"type":"keyDown","value":"î€‡"},{"type":"pause","duration":10},{"type":"keyUp","value":"î€‡"}]}]}
RESULT: {"actions":[{"id":"action71","type":"key","parameters":{},"actions":[{"type":"keyDown","value":"î€‡"},{"type":"pause","duration":10},{"type":"keyUp","value":"î€‡"}]}]}
COMMAND: POST /session/c0099c8ef87d8f1a9c022bedeb80dcd8/element - {"using":"xpath","value":"(//*[@title=\"Add New Movement\"])[1]"}
COMMAND: GET /session/c0099c8ef87d8f1a9c022bedeb80dcd8/screenshot - {}
RESULT: {"using":"xpath","value":"(//*[@title=\"Add New Movement\"])[1]"}
COMMAND: POST /session/c0099c8ef87d8f1a9c022bedeb80dcd8/element - {"using":"xpath","value":"(//*[@title=\"Add New Movement\"])[1]"}
RESULT: {}
RESULT: {"using":"xpath","value":"(//*[@title=\"Add New Movement\"])[1]"}
COMMAND: POST /session/c0099c8ef87d8f1a9c022bedeb80dcd8/element - {"using":"xpath","value":"//*[@id=\"application-warehousemovements-display-component---addMovement--sectionsList-arrow\"]"}
RESULT: {"using":"xpath","value":"//*[@id=\"application-warehousemovements-display-component---addMovement--sectionsList-arrow\"]"}
COMMAND: POST /session/c0099c8ef87d8f1a9c022bedeb80dcd8/element - {"using":"xpath","value":"//*[@id=\"application-warehousemovements-display-component---addMovement--sectionsList-arrow\"]"}
RESULT: {"using":"xpath","value":"//*[@id=\"application-warehousemovements-display-component---addMovement--sectionsList-arrow\"]"}
COMMAND: POST /session/c0099c8ef87d8f1a9c022bedeb80dcd8/element - {"using":"xpath","value":"//*[@id=\"application-warehousemovements-display-component---addMovement--saveMovementBtn-BDI-content\" and text()=\"Save\"]"}
RESULT: {"using":"xpath","value":"//*[@id=\"application-warehousemovements-display-component---addMovement--saveMovementBtn-BDI-content\" and text()=\"Save\"]"}
COMMAND: POST /session/c0099c8ef87d8f1a9c022bedeb80dcd8/element - {"using":"xpath","value":"//*[@id=\"application-warehousemovements-display-component---addMovement--saveMovementBtn-BDI-content\" and text()=\"Save\"]"}
RESULT: {"using":"xpath","value":"//*[@id=\"application-warehousemovements-display-component---addMovement--saveMovementBtn-BDI-content\" and text()=\"Save\"]"}
COMMAND: POST /session/c0099c8ef87d8f1a9c022bedeb80dcd8/execute/sync - {"script":"<script> [8489 bytes]","args":[{"element-6066-11e4-a52e-4f735466cecf":"f.37E7500FB3BEF60B72C91044CCDB3F00.d.0BFDD584C934A4FFE31A02E9663BEA3C.e.16551","ELEMENT":"f.37E7500FB3BEF60B72C91044CCDB3F00.d.0BFDD584C934A4FFE31A02E9663BEA3C.e.16551"}]}
COMMAND: POST /session/c0099c8ef87d8f1a9c022bedeb80dcd8/element - {"using":"css selector","value":"#shell-header-icon"}
RESULT: {"using":"css selector","value":"#shell-header-icon"}
COMMAND: POST /session/c0099c8ef87d8f1a9c022bedeb80dcd8/execute/sync - {"script":"<script> [8489 bytes]","args":[{"element-6066-11e4-a52e-4f735466cecf":"f.37E7500FB3BEF60B72C91044CCDB3F00.d.0BFDD584C934A4FFE31A02E9663BEA3C.e.17048","ELEMENT":"f.37E7500FB3BEF60B72C91044CCDB3F00.d.0BFDD584C934A4FFE31A02E9663BEA3C.e.17048"}]}
RESULT: {"script":"<script> [8489 bytes]","args":[{"element-6066-11e4-a52e-4f735466cecf":"f.37E7500FB3BEF60B72C91044CCDB3F00.d.0BFDD584C934A4FFE31A02E9663BEA3C.e.17048","ELEMENT":"f.37E7500FB3BEF60B72C91044CCDB3F00.d.0BFDD584C934A4FFE31A02E9663BEA3C.e.17048"}]}
COMMAND: GET /session/c0099c8ef87d8f1a9c022bedeb80dcd8/element/f.37E7500FB3BEF60B72C91044CCDB3F00.d.0BFDD584C934A4FFE31A02E9663BEA3C.e.17048/enabled - {}
COMMAND: GET /session/c0099c8ef87d8f1a9c022bedeb80dcd8/screenshot - {}
RESULT: {}
COMMAND: POST /session/c0099c8ef87d8f1a9c022bedeb80dcd8/element/f.37E7500FB3BEF60B72C91044CCDB3F00.d.0BFDD584C934A4FFE31A02E9663BEA3C.e.17048/click - {}
COMMAND: GET /session/c0099c8ef87d8f1a9c022bedeb80dcd8/screenshot - {}
RESULT: {}
RESULT: {}
COMMAND: GET /session/c0099c8ef87d8f1a9c022bedeb80dcd8/screenshot - {}
RESULT: {}
RESULT: {}
]]></system-out>
    </testcase>
    <testcase classname="chrome.135_0_7049_96.windows.Create_masterdata_for_Yard_Overview_-_trigger_provide_US130988" name="Set status to defect" time="24.567">
      <system-out><![CDATA[
COMMAND: GET /session/c0099c8ef87d8f1a9c022bedeb80dcd8/screenshot - {}
COMMAND: POST /session/c0099c8ef87d8f1a9c022bedeb80dcd8/execute/async - {"script":"<script> [1562 bytes]","args":[{"selector":{"controlType":"sap.ushell.ui.launchpad.AnchorItem","bindingPath":{"path":"/groups/3","propertyPath":"index"},"interaction":{"idSuffix":"inner"}},"wdio_ui5_key":"sapushell.ui.launchpad.AnchorItem{\"path\":\"/groups/3\",\"propertyPath\":\"index\"}"}]}
RESULT: {}
RESULT: {"script":"<script> [1562 bytes]","args":[{"selector":{"controlType":"sap.ushell.ui.launchpad.AnchorItem","bindingPath":{"path":"/groups/3","propertyPath":"index"},"interaction":{"idSuffix":"inner"}},"wdio_ui5_key":"sapushell.ui.launchpad.AnchorItem{\"path\":\"/groups/3\",\"propertyPath\":\"index\"}"}]}
RESULT: undefined
COMMAND: POST /session/c0099c8ef87d8f1a9c022bedeb80dcd8/execute/async - {"script":"<script> [1562 bytes]","args":[{"selector":{"controlType":"sap.m.GenericTile","properties":{"header":"Manage States & Performance"}},"wdio_ui5_key":"sapm.GenericTile{\"header\":\"Manage States & Performance\"}"}]}
RESULT: {"script":"<script> [1562 bytes]","args":[{"selector":{"controlType":"sap.m.GenericTile","properties":{"header":"Manage States & Performance"}},"wdio_ui5_key":"sapm.GenericTile{\"header\":\"Manage States & Performance\"}"}]}
RESULT: undefined
COMMAND: POST /session/c0099c8ef87d8f1a9c022bedeb80dcd8/execute/async - {"script":"<script> [1562 bytes]","args":[{"selector":{"controlType":"sap.ui.core.Icon","viewName":"etm.portal.ui.managestatesandperformance.view.Master","viewId":"application-managestatesandperformance-display-component---stateAndPerform","properties":{"src":{"regex":{"source":"inventory"}}}},"wdio_ui5_key":"etmportal.ui.managestatesandperformance.view.Mastersap.ui.core.Icon{\"src\":{\"regex\":{\"source\":\"inventory\"}}}"}]}
RESULT: {"script":"<script> [1562 bytes]","args":[{"selector":{"controlType":"sap.ui.core.Icon","viewName":"etm.portal.ui.managestatesandperformance.view.Master","viewId":"application-managestatesandperformance-display-component---stateAndPerform","properties":{"src":{"regex":{"source":"inventory"}}}},"wdio_ui5_key":"etmportal.ui.managestatesandperformance.view.Mastersap.ui.core.Icon{\"src\":{\"regex\":{\"source\":\"inventory\"}}}"}]}
RESULT: undefined
COMMAND: POST /session/c0099c8ef87d8f1a9c022bedeb80dcd8/execute/async - {"script":"<script> [1562 bytes]","args":[{"selector":{"id":"application-managestatesandperformance-display-component---stateAndPerform--smartFilterBarYard-btnBasicSearch","interaction":{"idSuffix":"I"}},"wdio_ui5_key":"applicationmanagestatesandperformance-display-component---stateAndPerform--smartFilterBarYard-btnBasicSearch"}]}
RESULT: {"script":"<script> [1562 bytes]","args":[{"selector":{"id":"application-managestatesandperformance-display-component---stateAndPerform--smartFilterBarYard-btnBasicSearch","interaction":{"idSuffix":"I"}},"wdio_ui5_key":"applicationmanagestatesandperformance-display-component---stateAndPerform--smartFilterBarYard-btnBasicSearch"}]}
RESULT: undefined
COMMAND: POST /session/c0099c8ef87d8f1a9c022bedeb80dcd8/execute/async - {"script":"<script> [1562 bytes]","args":[{"selector":{"controlType":"sap.m.ColumnListItem","viewName":"etm.portal.ui.managestatesandperformance.view.Master","viewId":"application-managestatesandperformance-display-component---stateAndPerform","properties":{"type":"Navigation"},"interaction":{"idSuffix":"cell0"}},"wdio_ui5_key":"etmportal.ui.managestatesandperformance.view.Mastersap.m.ColumnListItem{\"type\":\"Navigation\"}"}]}
RESULT: {"script":"<script> [1562 bytes]","args":[{"selector":{"controlType":"sap.m.ColumnListItem","viewName":"etm.portal.ui.managestatesandperformance.view.Master","viewId":"application-managestatesandperformance-display-component---stateAndPerform","properties":{"type":"Navigation"},"interaction":{"idSuffix":"cell0"}},"wdio_ui5_key":"etmportal.ui.managestatesandperformance.view.Mastersap.m.ColumnListItem{\"type\":\"Navigation\"}"}]}
RESULT: undefined
COMMAND: POST /session/c0099c8ef87d8f1a9c022bedeb80dcd8/execute/async - {"script":"<script> [1562 bytes]","args":[{"selector":{"controlType":"sap.m.Button","viewName":"etm.portal.ui.managestatesandperformance.view.Detail","viewId":"application-managestatesandperformance-display-component---detailStateAndPerform","i18NText":{"propertyName":"text","key":"createStateChange"},"interaction":{"idSuffix":"content"}},"wdio_ui5_key":"etmportal.ui.managestatesandperformance.view.Detailsap.m.Button{\"propertyName\":\"text\",\"key\":\"createStateChange\"}"}]}
RESULT: {"script":"<script> [1562 bytes]","args":[{"selector":{"controlType":"sap.m.Button","viewName":"etm.portal.ui.managestatesandperformance.view.Detail","viewId":"application-managestatesandperformance-display-component---detailStateAndPerform","i18NText":{"propertyName":"text","key":"createStateChange"},"interaction":{"idSuffix":"content"}},"wdio_ui5_key":"etmportal.ui.managestatesandperformance.view.Detailsap.m.Button{\"propertyName\":\"text\",\"key\":\"createStateChange\"}"}]}
RESULT: undefined
COMMAND: POST /session/c0099c8ef87d8f1a9c022bedeb80dcd8/execute/async - {"script":"<script> [1562 bytes]","args":[{"selector":{"id":"addStateDialog--stateSelect","searchOpenDialogs":true,"interaction":{"idSuffix":"arrow"}},"wdio_ui5_key":"addStateDialogstateSelect"}]}
RESULT: {"script":"<script> [1562 bytes]","args":[{"selector":{"id":"addStateDialog--stateSelect","searchOpenDialogs":true,"interaction":{"idSuffix":"arrow"}},"wdio_ui5_key":"addStateDialogstateSelect"}]}
RESULT: undefined
COMMAND: POST /session/c0099c8ef87d8f1a9c022bedeb80dcd8/execute/async - {"script":"<script> [1562 bytes]","args":[{"selector":{"controlType":"sap.ui.core.Item","viewName":"etm.portal.ui.managestatesandperformance.view.Detail","viewId":"application-managestatesandperformance-display-component---detailStateAndPerform","bindingPath":{"path":"/StateTypes(70)","propertyPath":"STATE","modelName":"catalogModel"},"searchOpenDialogs":true},"wdio_ui5_key":"etmportal.ui.managestatesandperformance.view.Detailsap.ui.core.Item{\"path\":\"/StateTypes(70)\",\"propertyPath\":\"STATE\",\"modelName\":\"catalogModel\"}"}]}
RESULT: {"script":"<script> [1562 bytes]","args":[{"selector":{"controlType":"sap.ui.core.Item","viewName":"etm.portal.ui.managestatesandperformance.view.Detail","viewId":"application-managestatesandperformance-display-component---detailStateAndPerform","bindingPath":{"path":"/StateTypes(70)","propertyPath":"STATE","modelName":"catalogModel"},"searchOpenDialogs":true},"wdio_ui5_key":"etmportal.ui.managestatesandperformance.view.Detailsap.ui.core.Item{\"path\":\"/StateTypes(70)\",\"propertyPath\":\"STATE\",\"modelName\":\"catalogModel\"}"}]}
RESULT: undefined
COMMAND: POST /session/c0099c8ef87d8f1a9c022bedeb80dcd8/execute/async - {"script":"<script> [1562 bytes]","args":[{"selector":{"controlType":"sap.m.NumericInput","viewName":"etm.portal.ui.managestatesandperformance.view.Detail","viewId":"application-managestatesandperformance-display-component---detailStateAndPerform","properties":{"value":"0"},"searchOpenDialogs":true,"interaction":{"idSuffix":"inner"}},"wdio_ui5_key":"etmportal.ui.managestatesandperformance.view.Detailsap.m.NumericInput{\"value\":\"0\"}"}]}
RESULT: {"script":"<script> [1562 bytes]","args":[{"selector":{"controlType":"sap.m.NumericInput","viewName":"etm.portal.ui.managestatesandperformance.view.Detail","viewId":"application-managestatesandperformance-display-component---detailStateAndPerform","properties":{"value":"0"},"searchOpenDialogs":true,"interaction":{"idSuffix":"inner"}},"wdio_ui5_key":"etmportal.ui.managestatesandperformance.view.Detailsap.m.NumericInput{\"value\":\"0\"}"}]}
RESULT: undefined
COMMAND: POST /session/c0099c8ef87d8f1a9c022bedeb80dcd8/execute/async - {"script":"<script> [1562 bytes]","args":[{"selector":{"controlType":"sap.m.Button","viewName":"etm.portal.ui.managestatesandperformance.view.Detail","viewId":"application-managestatesandperformance-display-component---detailStateAndPerform","i18NText":{"propertyName":"text","key":"save"},"searchOpenDialogs":true,"interaction":{"idSuffix":"BDI-content"}},"wdio_ui5_key":"etmportal.ui.managestatesandperformance.view.Detailsap.m.Button{\"propertyName\":\"text\",\"key\":\"save\"}"}]}
RESULT: {"script":"<script> [1562 bytes]","args":[{"selector":{"controlType":"sap.m.Button","viewName":"etm.portal.ui.managestatesandperformance.view.Detail","viewId":"application-managestatesandperformance-display-component---detailStateAndPerform","i18NText":{"propertyName":"text","key":"save"},"searchOpenDialogs":true,"interaction":{"idSuffix":"BDI-content"}},"wdio_ui5_key":"etmportal.ui.managestatesandperformance.view.Detailsap.m.Button{\"propertyName\":\"text\",\"key\":\"save\"}"}]}
RESULT: undefined
COMMAND: POST /session/c0099c8ef87d8f1a9c022bedeb80dcd8/element - {"using":"css selector","value":"#shell-header-logo"}
RESULT: {"using":"css selector","value":"#shell-header-logo"}
COMMAND: POST /session/c0099c8ef87d8f1a9c022bedeb80dcd8/element/f.37E7500FB3BEF60B72C91044CCDB3F00.d.0BFDD584C934A4FFE31A02E9663BEA3C.e.17053/click - {}
RESULT: {}
COMMAND: GET /session/c0099c8ef87d8f1a9c022bedeb80dcd8/screenshot - {}
RESULT: {}
]]></system-out>
    </testcase>
  </testsuite>
  <testsuite timestamp="2025-05-02T17:48:48" time="264.106" tests="3" failures="1" errors="1" skipped="0">
    <properties>
      <property name="specId" value="0" />
      <property name="suiteName" value="Transfer Yard to Yard US131076" />
      <property name="capabilities" value="chrome.135_0_7049_96.windows" />
      <property name="file" value="file:///D:/a/1/s/test/specs/HTR/transfer-yard-to-yard.spec.js" />
    </properties>
    <testcase classname="chrome.135_0_7049_96.windows.Transfer_Yard_to_Yard_US131076" name="Should create one equipment and one multipart" time="159.231">
      <system-out><![CDATA[
COMMAND: POST /session/c0099c8ef87d8f1a9c022bedeb80dcd8/execute/async - {"script":"<script> [1562 bytes]","args":[{"selector":{"controlType":"sap.m.GenericTile","properties":{"header":"Manage Resources"}},"wdio_ui5_key":"sapm.GenericTile{\"header\":\"Manage Resources\"}"}]}
RESULT: {}
RESULT: {"script":"<script> [1562 bytes]","args":[{"selector":{"controlType":"sap.m.GenericTile","properties":{"header":"Manage Resources"}},"wdio_ui5_key":"sapm.GenericTile{\"header\":\"Manage Resources\"}"}]}
RESULT: undefined
COMMAND: POST /session/c0099c8ef87d8f1a9c022bedeb80dcd8/element - {"using":"xpath","value":"//*[@id=\"__tile39\"]"}
RESULT: {"using":"xpath","value":"//*[@id=\"__tile39\"]"}
COMMAND: POST /session/c0099c8ef87d8f1a9c022bedeb80dcd8/element/f.37E7500FB3BEF60B72C91044CCDB3F00.d.820D474D52815923AA88AD6843AB64E3.e.17906/click - {}
RESULT: {}
COMMAND: GET /session/c0099c8ef87d8f1a9c022bedeb80dcd8/screenshot - {}
RESULT: {}
COMMAND: POST /session/c0099c8ef87d8f1a9c022bedeb80dcd8/execute/async - {"script":"<script> [1562 bytes]","args":[{"selector":{"controlType":"sap.ui.core.Icon","viewName":"etm.portal.ui.manageresources.view.Master","viewId":"application-manageresources-display-component---masterRU","properties":{"src":{"regex":{"source":"add"}}}},"wdio_ui5_key":"etmportal.ui.manageresources.view.Mastersap.ui.core.Icon{\"src\":{\"regex\":{\"source\":\"add\"}}}"}]}
RESULT: {"script":"<script> [1562 bytes]","args":[{"selector":{"controlType":"sap.ui.core.Icon","viewName":"etm.portal.ui.manageresources.view.Master","viewId":"application-manageresources-display-component---masterRU","properties":{"src":{"regex":{"source":"add"}}}},"wdio_ui5_key":"etmportal.ui.manageresources.view.Mastersap.ui.core.Icon{\"src\":{\"regex\":{\"source\":\"add\"}}}"}]}
RESULT: undefined
COMMAND: POST /session/c0099c8ef87d8f1a9c022bedeb80dcd8/element - {"using":"xpath","value":"//*[@id=\"__button5-img\"]"}
RESULT: {"using":"xpath","value":"//*[@id=\"__button5-img\"]"}
COMMAND: POST /session/c0099c8ef87d8f1a9c022bedeb80dcd8/element/f.37E7500FB3BEF60B72C91044CCDB3F00.d.820D474D52815923AA88AD6843AB64E3.e.17951/click - {}
RESULT: {}
COMMAND: GET /session/c0099c8ef87d8f1a9c022bedeb80dcd8/screenshot - {}
RESULT: {}
COMMAND: POST /session/c0099c8ef87d8f1a9c022bedeb80dcd8/execute/async - {"script":"<script> [1562 bytes]","args":[{"selector":{"id":"application-manageresources-display-component---newResourceUnit--TYPE-arrow"},"wdio_ui5_key":"applicationmanageresources-display-component---newResourceUnit--TYPE-arrow"}]}
RESULT: {"script":"<script> [1562 bytes]","args":[{"selector":{"id":"application-manageresources-display-component---newResourceUnit--TYPE-arrow"},"wdio_ui5_key":"applicationmanageresources-display-component---newResourceUnit--TYPE-arrow"}]}
RESULT: undefined
COMMAND: POST /session/c0099c8ef87d8f1a9c022bedeb80dcd8/element - {"using":"xpath","value":"//*[@id=\"application-manageresources-display-component---newResourceUnit--TYPE-arrow\"]"}
RESULT: {"using":"xpath","value":"//*[@id=\"application-manageresources-display-component---newResourceUnit--TYPE-arrow\"]"}
COMMAND: POST /session/c0099c8ef87d8f1a9c022bedeb80dcd8/element/f.37E7500FB3BEF60B72C91044CCDB3F00.d.820D474D52815923AA88AD6843AB64E3.e.18273/click - {}
RESULT: {}
COMMAND: POST /session/c0099c8ef87d8f1a9c022bedeb80dcd8/execute/async - {"script":"<script> [1562 bytes]","args":[{"selector":{"controlType":"sap.m.StandardListItem","viewName":"reusables.view.manageresources.NewResourceUnit","viewId":"application-manageresources-display-component---newResourceUnit","properties":{"title":"Equipment"},"searchOpenDialogs":true,"interaction":{"idSuffix":"content"}},"wdio_ui5_key":"reusablesview.manageresources.NewResourceUnitsap.m.StandardListItem{\"title\":\"Equipment\"}"}]}
COMMAND: GET /session/c0099c8ef87d8f1a9c022bedeb80dcd8/screenshot - {}
RESULT: {"script":"<script> [1562 bytes]","args":[{"selector":{"controlType":"sap.m.StandardListItem","viewName":"reusables.view.manageresources.NewResourceUnit","viewId":"application-manageresources-display-component---newResourceUnit","properties":{"title":"Equipment"},"searchOpenDialogs":true,"interaction":{"idSuffix":"content"}},"wdio_ui5_key":"reusablesview.manageresources.NewResourceUnitsap.m.StandardListItem{\"title\":\"Equipment\"}"}]}
RESULT: undefined
COMMAND: POST /session/c0099c8ef87d8f1a9c022bedeb80dcd8/element - {"using":"xpath","value":"//*[@id=\"__item141\"]"}
RESULT: {}
RESULT: {"using":"xpath","value":"//*[@id=\"__item141\"]"}
COMMAND: POST /session/c0099c8ef87d8f1a9c022bedeb80dcd8/element/f.37E7500FB3BEF60B72C91044CCDB3F00.d.820D474D52815923AA88AD6843AB64E3.e.18276/click - {}
RESULT: {}
COMMAND: POST /session/c0099c8ef87d8f1a9c022bedeb80dcd8/execute/async - {"script":"<script> [1562 bytes]","args":[{"selector":{"id":"application-manageresources-display-component---newResourceUnit--resourceId","interaction":{"idSuffix":"inner"}},"wdio_ui5_key":"applicationmanageresources-display-component---newResourceUnit--resourceId"}]}
COMMAND: GET /session/c0099c8ef87d8f1a9c022bedeb80dcd8/screenshot - {}
RESULT: {"script":"<script> [1562 bytes]","args":[{"selector":{"id":"application-manageresources-display-component---newResourceUnit--resourceId","interaction":{"idSuffix":"inner"}},"wdio_ui5_key":"applicationmanageresources-display-component---newResourceUnit--resourceId"}]}
RESULT: undefined
COMMAND: POST /session/c0099c8ef87d8f1a9c022bedeb80dcd8/execute/async - {"script":"<script> [776 bytes]","args":[{"enterText":"TransferYardEquip80opp","selector":{"id":"application-manageresources-display-component---newResourceUnit--resourceId","interaction":{"idSuffix":"inner"}},"clearTextFirst":true,"interactionType":"ENTER_TEXT"}]}
RESULT: {}
RESULT: {"script":"<script> [776 bytes]","args":[{"enterText":"TransferYardEquip80opp","selector":{"id":"application-manageresources-display-component---newResourceUnit--resourceId","interaction":{"idSuffix":"inner"}},"clearTextFirst":true,"interactionType":"ENTER_TEXT"}]}
COMMAND: POST /session/c0099c8ef87d8f1a9c022bedeb80dcd8/execute/async - {"script":"<script> [1562 bytes]","args":[{"selector":{"id":"application-manageresources-display-component---newResourceUnit--SHORT_TEXT","interaction":{"idSuffix":"inner"}},"wdio_ui5_key":"applicationmanageresources-display-component---newResourceUnit--SHORT_TEXT"}]}
RESULT: {"script":"<script> [1562 bytes]","args":[{"selector":{"id":"application-manageresources-display-component---newResourceUnit--SHORT_TEXT","interaction":{"idSuffix":"inner"}},"wdio_ui5_key":"applicationmanageresources-display-component---newResourceUnit--SHORT_TEXT"}]}
RESULT: undefined
COMMAND: POST /session/c0099c8ef87d8f1a9c022bedeb80dcd8/execute/async - {"script":"<script> [776 bytes]","args":[{"enterText":"Equip4transfer","selector":{"id":"application-manageresources-display-component---newResourceUnit--SHORT_TEXT","interaction":{"idSuffix":"inner"}},"clearTextFirst":true,"interactionType":"ENTER_TEXT"}]}
RESULT: {"script":"<script> [776 bytes]","args":[{"enterText":"Equip4transfer","selector":{"id":"application-manageresources-display-component---newResourceUnit--SHORT_TEXT","interaction":{"idSuffix":"inner"}},"clearTextFirst":true,"interactionType":"ENTER_TEXT"}]}
COMMAND: POST /session/c0099c8ef87d8f1a9c022bedeb80dcd8/execute/async - {"script":"<script> [1562 bytes]","args":[{"selector":{"id":"application-manageresources-display-component---newResourceUnit--BASE_UNIT_OF_MEASURE","interaction":{"idSuffix":"inner"}},"wdio_ui5_key":"applicationmanageresources-display-component---newResourceUnit--BASE_UNIT_OF_MEASURE"}]}
RESULT: {"script":"<script> [1562 bytes]","args":[{"selector":{"id":"application-manageresources-display-component---newResourceUnit--BASE_UNIT_OF_MEASURE","interaction":{"idSuffix":"inner"}},"wdio_ui5_key":"applicationmanageresources-display-component---newResourceUnit--BASE_UNIT_OF_MEASURE"}]}
RESULT: undefined
COMMAND: POST /session/c0099c8ef87d8f1a9c022bedeb80dcd8/execute/async - {"script":"<script> [776 bytes]","args":[{"enterText":"Piece","selector":{"id":"application-manageresources-display-component---newResourceUnit--BASE_UNIT_OF_MEASURE","interaction":{"idSuffix":"inner"}},"clearTextFirst":true,"interactionType":"ENTER_TEXT"}]}
RESULT: {"script":"<script> [776 bytes]","args":[{"enterText":"Piece","selector":{"id":"application-manageresources-display-component---newResourceUnit--BASE_UNIT_OF_MEASURE","interaction":{"idSuffix":"inner"}},"clearTextFirst":true,"interactionType":"ENTER_TEXT"}]}
COMMAND: POST /session/c0099c8ef87d8f1a9c022bedeb80dcd8/execute/async - {"script":"<script> [1562 bytes]","args":[{"selector":{"id":"application-manageresources-display-component---newResourceUnit--WEIGHT_UNIT","interaction":{"idSuffix":"inner"}},"wdio_ui5_key":"applicationmanageresources-display-component---newResourceUnit--WEIGHT_UNIT"}]}
RESULT: {"script":"<script> [1562 bytes]","args":[{"selector":{"id":"application-manageresources-display-component---newResourceUnit--WEIGHT_UNIT","interaction":{"idSuffix":"inner"}},"wdio_ui5_key":"applicationmanageresources-display-component---newResourceUnit--WEIGHT_UNIT"}]}
RESULT: undefined
COMMAND: POST /session/c0099c8ef87d8f1a9c022bedeb80dcd8/execute/async - {"script":"<script> [776 bytes]","args":[{"enterText":"Gram","selector":{"id":"application-manageresources-display-component---newResourceUnit--WEIGHT_UNIT","interaction":{"idSuffix":"inner"}},"clearTextFirst":true,"interactionType":"ENTER_TEXT"}]}
RESULT: {"script":"<script> [776 bytes]","args":[{"enterText":"Gram","selector":{"id":"application-manageresources-display-component---newResourceUnit--WEIGHT_UNIT","interaction":{"idSuffix":"inner"}},"clearTextFirst":true,"interactionType":"ENTER_TEXT"}]}
COMMAND: POST /session/c0099c8ef87d8f1a9c022bedeb80dcd8/execute/async - {"script":"<script> [1562 bytes]","args":[{"selector":{"id":"application-manageresources-display-component---newResourceUnit--DIMENSION_UNIT","interaction":{"idSuffix":"inner"}},"wdio_ui5_key":"applicationmanageresources-display-component---newResourceUnit--DIMENSION_UNIT"}]}
RESULT: {"script":"<script> [1562 bytes]","args":[{"selector":{"id":"application-manageresources-display-component---newResourceUnit--DIMENSION_UNIT","interaction":{"idSuffix":"inner"}},"wdio_ui5_key":"applicationmanageresources-display-component---newResourceUnit--DIMENSION_UNIT"}]}
RESULT: undefined
COMMAND: POST /session/c0099c8ef87d8f1a9c022bedeb80dcd8/execute/async - {"script":"<script> [776 bytes]","args":[{"enterText":"Meter","selector":{"id":"application-manageresources-display-component---newResourceUnit--DIMENSION_UNIT","interaction":{"idSuffix":"inner"}},"clearTextFirst":true,"interactionType":"ENTER_TEXT"}]}
RESULT: {"script":"<script> [776 bytes]","args":[{"enterText":"Meter","selector":{"id":"application-manageresources-display-component---newResourceUnit--DIMENSION_UNIT","interaction":{"idSuffix":"inner"}},"clearTextFirst":true,"interactionType":"ENTER_TEXT"}]}
COMMAND: POST /session/c0099c8ef87d8f1a9c022bedeb80dcd8/execute/async - {"script":"<script> [1562 bytes]","args":[{"selector":{"id":"application-manageresources-display-component---newResourceUnit--newRRUPage-anchBar-application-manageresources-display-component---newResourceUnit--control-anchor","interaction":{"idSuffix":"BDI-content"}},"wdio_ui5_key":"applicationmanageresources-display-component---newResourceUnit--newRRUPage-anchBar-application-manageresources-display-component---newResourceUnit--control-anchor"}]}
RESULT: {"script":"<script> [1562 bytes]","args":[{"selector":{"id":"application-manageresources-display-component---newResourceUnit--newRRUPage-anchBar-application-manageresources-display-component---newResourceUnit--control-anchor","interaction":{"idSuffix":"BDI-content"}},"wdio_ui5_key":"applicationmanageresources-display-component---newResourceUnit--newRRUPage-anchBar-application-manageresources-display-component---newResourceUnit--control-anchor"}]}
RESULT: undefined
COMMAND: POST /session/c0099c8ef87d8f1a9c022bedeb80dcd8/element - {"using":"xpath","value":"//*[@id=\"application-manageresources-display-component---newResourceUnit--newRRUPage-anchBar-application-manageresources-display-component---newResourceUnit--control-anchor\"]"}
RESULT: {"using":"xpath","value":"//*[@id=\"application-manageresources-display-component---newResourceUnit--newRRUPage-anchBar-application-manageresources-display-component---newResourceUnit--control-anchor\"]"}
COMMAND: POST /session/c0099c8ef87d8f1a9c022bedeb80dcd8/element/f.37E7500FB3BEF60B72C91044CCDB3F00.d.820D474D52815923AA88AD6843AB64E3.e.18409/click - {}
RESULT: {}
COMMAND: POST /session/c0099c8ef87d8f1a9c022bedeb80dcd8/execute/async - {"script":"<script> [1562 bytes]","args":[{"selector":{"id":"application-manageresources-display-component---newResourceUnit--PLANNING_GROUP","interaction":{"idSuffix":"inner"}},"wdio_ui5_key":"applicationmanageresources-display-component---newResourceUnit--PLANNING_GROUP"}]}
COMMAND: GET /session/c0099c8ef87d8f1a9c022bedeb80dcd8/screenshot - {}
RESULT: {"script":"<script> [1562 bytes]","args":[{"selector":{"id":"application-manageresources-display-component---newResourceUnit--PLANNING_GROUP","interaction":{"idSuffix":"inner"}},"wdio_ui5_key":"applicationmanageresources-display-component---newResourceUnit--PLANNING_GROUP"}]}
RESULT: undefined
COMMAND: POST /session/c0099c8ef87d8f1a9c022bedeb80dcd8/execute/async - {"script":"<script> [776 bytes]","args":[{"enterText":"Heavy Equi","selector":{"id":"application-manageresources-display-component---newResourceUnit--PLANNING_GROUP","interaction":{"idSuffix":"inner"}},"clearTextFirst":true,"interactionType":"ENTER_TEXT"}]}
RESULT: {}
RESULT: {"script":"<script> [776 bytes]","args":[{"enterText":"Heavy Equi","selector":{"id":"application-manageresources-display-component---newResourceUnit--PLANNING_GROUP","interaction":{"idSuffix":"inner"}},"clearTextFirst":true,"interactionType":"ENTER_TEXT"}]}
COMMAND: POST /session/c0099c8ef87d8f1a9c022bedeb80dcd8/execute/async - {"script":"<script> [1562 bytes]","args":[{"selector":{"id":"application-manageresources-display-component---newResourceUnit--ITEM_TYPE-arrow"},"wdio_ui5_key":"applicationmanageresources-display-component---newResourceUnit--ITEM_TYPE-arrow"}]}
RESULT: {"script":"<script> [1562 bytes]","args":[{"selector":{"id":"application-manageresources-display-component---newResourceUnit--ITEM_TYPE-arrow"},"wdio_ui5_key":"applicationmanageresources-display-component---newResourceUnit--ITEM_TYPE-arrow"}]}
RESULT: undefined
COMMAND: POST /session/c0099c8ef87d8f1a9c022bedeb80dcd8/element - {"using":"xpath","value":"//*[@id=\"application-manageresources-display-component---newResourceUnit--ITEM_TYPE-arrow\"]"}
RESULT: {"using":"xpath","value":"//*[@id=\"application-manageresources-display-component---newResourceUnit--ITEM_TYPE-arrow\"]"}
COMMAND: POST /session/c0099c8ef87d8f1a9c022bedeb80dcd8/element/f.37E7500FB3BEF60B72C91044CCDB3F00.d.820D474D52815923AA88AD6843AB64E3.e.18418/click - {}
RESULT: {}
COMMAND: POST /session/c0099c8ef87d8f1a9c022bedeb80dcd8/execute/async - {"script":"<script> [1562 bytes]","args":[{"selector":{"controlType":"sap.m.StandardListItem","viewName":"reusables.view.manageresources.NewResourceUnit","viewId":"application-manageresources-display-component---newResourceUnit","properties":{"title":"Resource Unit"},"searchOpenDialogs":true,"interaction":{"idSuffix":"titleText"}},"wdio_ui5_key":"reusablesview.manageresources.NewResourceUnitsap.m.StandardListItem{\"title\":\"Resource Unit\"}"}]}
COMMAND: GET /session/c0099c8ef87d8f1a9c022bedeb80dcd8/screenshot - {}
RESULT: {"script":"<script> [1562 bytes]","args":[{"selector":{"controlType":"sap.m.StandardListItem","viewName":"reusables.view.manageresources.NewResourceUnit","viewId":"application-manageresources-display-component---newResourceUnit","properties":{"title":"Resource Unit"},"searchOpenDialogs":true,"interaction":{"idSuffix":"titleText"}},"wdio_ui5_key":"reusablesview.manageresources.NewResourceUnitsap.m.StandardListItem{\"title\":\"Resource Unit\"}"}]}
RESULT: undefined
COMMAND: POST /session/c0099c8ef87d8f1a9c022bedeb80dcd8/element - {"using":"xpath","value":"//*[@id=\"__item210\"]"}
RESULT: {}
RESULT: {"using":"xpath","value":"//*[@id=\"__item210\"]"}
COMMAND: POST /session/c0099c8ef87d8f1a9c022bedeb80dcd8/element/f.37E7500FB3BEF60B72C91044CCDB3F00.d.820D474D52815923AA88AD6843AB64E3.e.18420/click - {}
RESULT: {}
COMMAND: POST /session/c0099c8ef87d8f1a9c022bedeb80dcd8/execute/async - {"script":"<script> [1562 bytes]","args":[{"selector":{"id":"application-manageresources-display-component---newResourceUnit--btnAddTimeSegment-img"},"wdio_ui5_key":"applicationmanageresources-display-component---newResourceUnit--btnAddTimeSegment-img"}]}
COMMAND: GET /session/c0099c8ef87d8f1a9c022bedeb80dcd8/screenshot - {}
RESULT: {"script":"<script> [1562 bytes]","args":[{"selector":{"id":"application-manageresources-display-component---newResourceUnit--btnAddTimeSegment-img"},"wdio_ui5_key":"applicationmanageresources-display-component---newResourceUnit--btnAddTimeSegment-img"}]}
RESULT: undefined
COMMAND: POST /session/c0099c8ef87d8f1a9c022bedeb80dcd8/element - {"using":"xpath","value":"//*[@id=\"application-manageresources-display-component---newResourceUnit--btnAddTimeSegment-img\"]"}
RESULT: {}
RESULT: {"using":"xpath","value":"//*[@id=\"application-manageresources-display-component---newResourceUnit--btnAddTimeSegment-img\"]"}
COMMAND: POST /session/c0099c8ef87d8f1a9c022bedeb80dcd8/element/f.37E7500FB3BEF60B72C91044CCDB3F00.d.820D474D52815923AA88AD6843AB64E3.e.18421/click - {}
RESULT: {}
COMMAND: POST /session/c0099c8ef87d8f1a9c022bedeb80dcd8/element - {"using":"xpath","value":"//input[@id=\"application-manageresources-display-component---newResourceUnit--idRuTSAdmin-application-manageresources-display-component---newResourceUnit--RUTimeSegment-0-inner\"]"}
COMMAND: GET /session/c0099c8ef87d8f1a9c022bedeb80dcd8/screenshot - {}
RESULT: {"using":"xpath","value":"//input[@id=\"application-manageresources-display-component---newResourceUnit--idRuTSAdmin-application-manageresources-display-component---newResourceUnit--RUTimeSegment-0-inner\"]"}
COMMAND: POST /session/c0099c8ef87d8f1a9c022bedeb80dcd8/element/f.37E7500FB3BEF60B72C91044CCDB3F00.d.820D474D52815923AA88AD6843AB64E3.e.18424/clear - {}
RESULT: {}
RESULT: {}
COMMAND: POST /session/c0099c8ef87d8f1a9c022bedeb80dcd8/element/f.37E7500FB3BEF60B72C91044CCDB3F00.d.820D474D52815923AA88AD6843AB64E3.e.18424/value - {"text":"106"}
COMMAND: GET /session/c0099c8ef87d8f1a9c022bedeb80dcd8/screenshot - {}
RESULT: {"text":"106"}
COMMAND: GET /session/c0099c8ef87d8f1a9c022bedeb80dcd8/screenshot - {}
RESULT: {}
RESULT: {}
COMMAND: POST /session/c0099c8ef87d8f1a9c022bedeb80dcd8/actions - {"actions":[{"id":"action73","type":"key","parameters":{},"actions":[{"type":"keyDown","value":"î€‡"},{"type":"pause","duration":10},{"type":"keyUp","value":"î€‡"}]}]}
RESULT: {"actions":[{"id":"action73","type":"key","parameters":{},"actions":[{"type":"keyDown","value":"î€‡"},{"type":"pause","duration":10},{"type":"keyUp","value":"î€‡"}]}]}
COMMAND: POST /session/c0099c8ef87d8f1a9c022bedeb80dcd8/execute/async - {"script":"<script> [1562 bytes]","args":[{"selector":{"controlType":"sap.ui.core.Icon","viewName":"reusables.view.manageresources.NewResourceUnit","viewId":"application-manageresources-display-component---newResourceUnit","properties":{"src":{"regex":{"source":"slim\\-arrow\\-down"}}},"ancestor":{"controlType":"sap.m.ComboBox","viewName":"reusables.view.manageresources.NewResourceUnit","viewId":"application-manageresources-display-component---newResourceUnit","bindingPath":{"path":"/RESOURCE_UNIT_TIME_SEQUENCES/0","propertyPath":"COST_OBJECT_ADMIN_CST_TYPE","modelName":"oNewRruModel"}}},"wdio_ui5_key":"reusablesview.manageresources.NewResourceUnitsap.ui.core.Icon{\"src\":{\"regex\":{\"source\":\"slim\\\\-arrow\\\\-down\"}}}{\"controlType\":\"sap.m.ComboBox\",\"viewName\":\"reusables.view.manageresources.NewResourceUnit\",\"viewId\":\"application-manageresources-display-component---newResourceUnit\",\"bindingPath\":{\"path\":\"/RESOURCE_UNIT_TIME_SEQUENCES/0\",\"propertyPath\":\"COST_OBJECT_ADMIN_CST_TYPE\",\"modelName\":\"oNewRruModel\"}}"}]}
COMMAND: GET /session/c0099c8ef87d8f1a9c022bedeb80dcd8/screenshot - {}
RESULT: {"script":"<script> [1562 bytes]","args":[{"selector":{"controlType":"sap.ui.core.Icon","viewName":"reusables.view.manageresources.NewResourceUnit","viewId":"application-manageresources-display-component---newResourceUnit","properties":{"src":{"regex":{"source":"slim\\-arrow\\-down"}}},"ancestor":{"controlType":"sap.m.ComboBox","viewName":"reusables.view.manageresources.NewResourceUnit","viewId":"application-manageresources-display-component---newResourceUnit","bindingPath":{"path":"/RESOURCE_UNIT_TIME_SEQUENCES/0","propertyPath":"COST_OBJECT_ADMIN_CST_TYPE","modelName":"oNewRruModel"}}},"wdio_ui5_key":"reusablesview.manageresources.NewResourceUnitsap.ui.core.Icon{\"src\":{\"regex\":{\"source\":\"slim\\\\-arrow\\\\-down\"}}}{\"controlType\":\"sap.m.ComboBox\",\"viewName\":\"reusables.view.manageresources.NewResourceUnit\",\"viewId\":\"application-manageresources-display-component---newResourceUnit\",\"bindingPath\":{\"path\":\"/RESOURCE_UNIT_TIME_SEQUENCES/0\",\"propertyPath\":\"COST_OBJECT_ADMIN_CST_TYPE\",\"modelName\":\"oNewRruModel\"}}"}]}
RESULT: undefined
COMMAND: POST /session/c0099c8ef87d8f1a9c022bedeb80dcd8/element - {"using":"xpath","value":"//*[@id=\"__box5-application-manageresources-display-component---newResourceUnit--RUTimeSegment-0-arrow\"]"}
RESULT: {}
RESULT: {"using":"xpath","value":"//*[@id=\"__box5-application-manageresources-display-component---newResourceUnit--RUTimeSegment-0-arrow\"]"}
COMMAND: POST /session/c0099c8ef87d8f1a9c022bedeb80dcd8/element/f.37E7500FB3BEF60B72C91044CCDB3F00.d.820D474D52815923AA88AD6843AB64E3.e.18439/click - {}
RESULT: {}
COMMAND: POST /session/c0099c8ef87d8f1a9c022bedeb80dcd8/execute/async - {"script":"<script> [1562 bytes]","args":[{"selector":{"controlType":"sap.m.StandardListItem","viewName":"reusables.view.manageresources.NewResourceUnit","viewId":"application-manageresources-display-component---newResourceUnit","properties":{"title":"PM Order"},"searchOpenDialogs":true,"interaction":{"idSuffix":"titleText"}},"wdio_ui5_key":"reusablesview.manageresources.NewResourceUnitsap.m.StandardListItem{\"title\":\"PM Order\"}"}]}
COMMAND: GET /session/c0099c8ef87d8f1a9c022bedeb80dcd8/screenshot - {}
RESULT: {"script":"<script> [1562 bytes]","args":[{"selector":{"controlType":"sap.m.StandardListItem","viewName":"reusables.view.manageresources.NewResourceUnit","viewId":"application-manageresources-display-component---newResourceUnit","properties":{"title":"PM Order"},"searchOpenDialogs":true,"interaction":{"idSuffix":"titleText"}},"wdio_ui5_key":"reusablesview.manageresources.NewResourceUnitsap.m.StandardListItem{\"title\":\"PM Order\"}"}]}
RESULT: undefined
COMMAND: POST /session/c0099c8ef87d8f1a9c022bedeb80dcd8/element - {"using":"xpath","value":"//*[@id=\"__item627\"]"}
RESULT: {}
RESULT: {"using":"xpath","value":"//*[@id=\"__item627\"]"}
COMMAND: POST /session/c0099c8ef87d8f1a9c022bedeb80dcd8/element/f.37E7500FB3BEF60B72C91044CCDB3F00.d.820D474D52815923AA88AD6843AB64E3.e.18443/click - {}
RESULT: {}
COMMAND: POST /session/c0099c8ef87d8f1a9c022bedeb80dcd8/element - {"using":"xpath","value":"(//input[contains(@id ,\"-application-manageresources-display-component---newResourceUnit--RUTimeSegment-0-inner\")])[8]"}
COMMAND: GET /session/c0099c8ef87d8f1a9c022bedeb80dcd8/screenshot - {}
RESULT: {"using":"xpath","value":"(//input[contains(@id ,\"-application-manageresources-display-component---newResourceUnit--RUTimeSegment-0-inner\")])[8]"}
COMMAND: POST /session/c0099c8ef87d8f1a9c022bedeb80dcd8/element/f.37E7500FB3BEF60B72C91044CCDB3F00.d.820D474D52815923AA88AD6843AB64E3.e.18432/clear - {}
RESULT: {}
COMMAND: POST /session/c0099c8ef87d8f1a9c022bedeb80dcd8/element - {"using":"xpath","value":"(//input[contains(@id ,\"-application-manageresources-display-component---newResourceUnit--RUTimeSegment-0-inner\")])[8]"}
RESULT: {"using":"xpath","value":"(//input[contains(@id ,\"-application-manageresources-display-component---newResourceUnit--RUTimeSegment-0-inner\")])[8]"}
COMMAND: POST /session/c0099c8ef87d8f1a9c022bedeb80dcd8/element/f.37E7500FB3BEF60B72C91044CCDB3F00.d.820D474D52815923AA88AD6843AB64E3.e.18432/clear - {}
COMMAND: POST /session/c0099c8ef87d8f1a9c022bedeb80dcd8/element - {"using":"xpath","value":"(//input[contains(@id ,\"-application-manageresources-display-component---newResourceUnit--RUTimeSegment-0-inner\")])[8]"}
RESULT: {"using":"xpath","value":"(//input[contains(@id ,\"-application-manageresources-display-component---newResourceUnit--RUTimeSegment-0-inner\")])[8]"}
COMMAND: POST /session/c0099c8ef87d8f1a9c022bedeb80dcd8/element/f.37E7500FB3BEF60B72C91044CCDB3F00.d.820D474D52815923AA88AD6843AB64E3.e.18447/clear - {}
RESULT: {}
COMMAND: POST /session/c0099c8ef87d8f1a9c022bedeb80dcd8/element/f.37E7500FB3BEF60B72C91044CCDB3F00.d.820D474D52815923AA88AD6843AB64E3.e.18447/value - {"text":"4000360"}
COMMAND: GET /session/c0099c8ef87d8f1a9c022bedeb80dcd8/screenshot - {}
RESULT: {"text":"4000360"}
COMMAND: GET /session/c0099c8ef87d8f1a9c022bedeb80dcd8/screenshot - {}
RESULT: {}
RESULT: {}
COMMAND: POST /session/c0099c8ef87d8f1a9c022bedeb80dcd8/actions - {"actions":[{"id":"action74","type":"key","parameters":{},"actions":[{"type":"keyDown","value":"î€‡"},{"type":"pause","duration":10},{"type":"keyUp","value":"î€‡"}]}]}
RESULT: {"actions":[{"id":"action74","type":"key","parameters":{},"actions":[{"type":"keyDown","value":"î€‡"},{"type":"pause","duration":10},{"type":"keyUp","value":"î€‡"}]}]}
COMMAND: GET /session/c0099c8ef87d8f1a9c022bedeb80dcd8/screenshot - {}
RESULT: {}
COMMAND: POST /session/c0099c8ef87d8f1a9c022bedeb80dcd8/execute/async - {"script":"<script> [1562 bytes]","args":[{"selector":{"id":"application-manageresources-display-component---newResourceUnit--newRRUPage-anchBar-application-manageresources-display-component---newResourceUnit--resource-anchor","interaction":{"idSuffix":"BDI-content"}},"wdio_ui5_key":"applicationmanageresources-display-component---newResourceUnit--newRRUPage-anchBar-application-manageresources-display-component---newResourceUnit--resource-anchor"}]}
RESULT: {"script":"<script> [1562 bytes]","args":[{"selector":{"id":"application-manageresources-display-component---newResourceUnit--newRRUPage-anchBar-application-manageresources-display-component---newResourceUnit--resource-anchor","interaction":{"idSuffix":"BDI-content"}},"wdio_ui5_key":"applicationmanageresources-display-component---newResourceUnit--newRRUPage-anchBar-application-manageresources-display-component---newResourceUnit--resource-anchor"}]}
RESULT: undefined
COMMAND: POST /session/c0099c8ef87d8f1a9c022bedeb80dcd8/element - {"using":"xpath","value":"//*[@id=\"application-manageresources-display-component---newResourceUnit--newRRUPage-anchBar-application-manageresources-display-component---newResourceUnit--resource-anchor\"]"}
RESULT: {"using":"xpath","value":"//*[@id=\"application-manageresources-display-component---newResourceUnit--newRRUPage-anchBar-application-manageresources-display-component---newResourceUnit--resource-anchor\"]"}
COMMAND: POST /session/c0099c8ef87d8f1a9c022bedeb80dcd8/element/f.37E7500FB3BEF60B72C91044CCDB3F00.d.820D474D52815923AA88AD6843AB64E3.e.18463/click - {}
RESULT: {}
COMMAND: POST /session/c0099c8ef87d8f1a9c022bedeb80dcd8/execute/async - {"script":"<script> [1562 bytes]","args":[{"selector":{"id":"application-manageresources-display-component---newResourceUnit--PLANNED_DELIVERY_DATE","interaction":{"idSuffix":"inner"}},"wdio_ui5_key":"applicationmanageresources-display-component---newResourceUnit--PLANNED_DELIVERY_DATE"}]}
COMMAND: GET /session/c0099c8ef87d8f1a9c022bedeb80dcd8/screenshot - {}
RESULT: {}
RESULT: {"script":"<script> [1562 bytes]","args":[{"selector":{"id":"application-manageresources-display-component---newResourceUnit--PLANNED_DELIVERY_DATE","interaction":{"idSuffix":"inner"}},"wdio_ui5_key":"applicationmanageresources-display-component---newResourceUnit--PLANNED_DELIVERY_DATE"}]}
RESULT: undefined
COMMAND: POST /session/c0099c8ef87d8f1a9c022bedeb80dcd8/execute/async - {"script":"<script> [6424 bytes]","args":[{"element-6066-11e4-a52e-4f735466cecf":"f.37E7500FB3BEF60B72C91044CCDB3F00.d.820D474D52815923AA88AD6843AB64E3.e.18330"},"setValue",["5/2/25"]]}
RESULT: {"script":"<script> [6424 bytes]","args":[{"element-6066-11e4-a52e-4f735466cecf":"f.37E7500FB3BEF60B72C91044CCDB3F00.d.820D474D52815923AA88AD6843AB64E3.e.18330"},"setValue",["5/2/25"]]}
COMMAND: POST /session/c0099c8ef87d8f1a9c022bedeb80dcd8/execute/async - {"script":"<script> [1562 bytes]","args":[{"selector":{"controlType":"sap.m.Button","viewName":"reusables.view.manageresources.NewResourceUnit","viewId":"application-manageresources-display-component---newResourceUnit","i18NText":{"propertyName":"tooltip","key":"save"},"interaction":{"idSuffix":"BDI-content"}},"wdio_ui5_key":"reusablesview.manageresources.NewResourceUnitsap.m.Button{\"propertyName\":\"tooltip\",\"key\":\"save\"}"}]}
RESULT: {"script":"<script> [1562 bytes]","args":[{"selector":{"controlType":"sap.m.Button","viewName":"reusables.view.manageresources.NewResourceUnit","viewId":"application-manageresources-display-component---newResourceUnit","i18NText":{"propertyName":"tooltip","key":"save"},"interaction":{"idSuffix":"BDI-content"}},"wdio_ui5_key":"reusablesview.manageresources.NewResourceUnitsap.m.Button{\"propertyName\":\"tooltip\",\"key\":\"save\"}"}]}
RESULT: undefined
COMMAND: POST /session/c0099c8ef87d8f1a9c022bedeb80dcd8/element - {"using":"xpath","value":"//*[@id=\"application-manageresources-display-component---newResourceUnit--createRuButton\"]"}
RESULT: {"using":"xpath","value":"//*[@id=\"application-manageresources-display-component---newResourceUnit--createRuButton\"]"}
COMMAND: POST /session/c0099c8ef87d8f1a9c022bedeb80dcd8/element/f.37E7500FB3BEF60B72C91044CCDB3F00.d.820D474D52815923AA88AD6843AB64E3.e.18290/click - {}
RESULT: {}
COMMAND: GET /session/c0099c8ef87d8f1a9c022bedeb80dcd8/screenshot - {}
RESULT: {}
COMMAND: POST /session/c0099c8ef87d8f1a9c022bedeb80dcd8/execute/async - {"script":"<script> [1562 bytes]","args":[{"selector":{"controlType":"sap.m.Button","properties":{"text":"Close"},"searchOpenDialogs":true,"interaction":{"idSuffix":"inner"}},"wdio_ui5_key":"sapm.Button{\"text\":\"Close\"}"}]}
RESULT: {"script":"<script> [1562 bytes]","args":[{"selector":{"controlType":"sap.m.Button","properties":{"text":"Close"},"searchOpenDialogs":true,"interaction":{"idSuffix":"inner"}},"wdio_ui5_key":"sapm.Button{\"text\":\"Close\"}"}]}
RESULT: undefined
COMMAND: POST /session/c0099c8ef87d8f1a9c022bedeb80dcd8/element - {"using":"xpath","value":"//*[@id=\"__mbox-btn-0\"]"}
RESULT: {"using":"xpath","value":"//*[@id=\"__mbox-btn-0\"]"}
COMMAND: POST /session/c0099c8ef87d8f1a9c022bedeb80dcd8/element/f.37E7500FB3BEF60B72C91044CCDB3F00.d.820D474D52815923AA88AD6843AB64E3.e.18469/click - {}
RESULT: {}
COMMAND: GET /session/c0099c8ef87d8f1a9c022bedeb80dcd8/screenshot - {}
COMMAND: POST /session/c0099c8ef87d8f1a9c022bedeb80dcd8/execute/async - {"script":"<script> [1562 bytes]","args":[{"selector":{"controlType":"sap.m.Text","viewName":"etm.portal.ui.manageresources.view.Detail","viewId":"application-manageresources-display-component---detailRU","bindingPath":{"propertyPath":"ID","modelName":"catalogModel"}},"wdio_ui5_key":"etmportal.ui.manageresources.view.Detailsap.m.Text{\"propertyPath\":\"ID\",\"modelName\":\"catalogModel\"}"}]}
RESULT: {}
RESULT: {"script":"<script> [1562 bytes]","args":[{"selector":{"controlType":"sap.m.Text","viewName":"etm.portal.ui.manageresources.view.Detail","viewId":"application-manageresources-display-component---detailRU","bindingPath":{"propertyPath":"ID","modelName":"catalogModel"}},"wdio_ui5_key":"etmportal.ui.manageresources.view.Detailsap.m.Text{\"propertyPath\":\"ID\",\"modelName\":\"catalogModel\"}"}]}
RESULT: undefined
COMMAND: POST /session/c0099c8ef87d8f1a9c022bedeb80dcd8/execute/async - {"script":"<script> [6424 bytes]","args":[{"element-6066-11e4-a52e-4f735466cecf":"f.37E7500FB3BEF60B72C91044CCDB3F00.d.820D474D52815923AA88AD6843AB64E3.e.18523"},"getText",[]]}
RESULT: {"script":"<script> [6424 bytes]","args":[{"element-6066-11e4-a52e-4f735466cecf":"f.37E7500FB3BEF60B72C91044CCDB3F00.d.820D474D52815923AA88AD6843AB64E3.e.18523"},"getText",[]]}
COMMAND: POST /session/c0099c8ef87d8f1a9c022bedeb80dcd8/execute/async - {"script":"<script> [1562 bytes]","args":[{"selector":{"controlType":"sap.m.OverflowToolbarButton","viewName":"etm.portal.ui.manageresources.view.Master","viewId":"application-manageresources-display-component---masterRU","bindingPath":{"path":"","propertyPath":"/isLogbook","modelName":"minimumStockRPGModel"},"interaction":{"idSuffix":"inner"}},"wdio_ui5_key":"etmportal.ui.manageresources.view.Mastersap.m.OverflowToolbarButton{\"path\":\"\",\"propertyPath\":\"/isLogbook\",\"modelName\":\"minimumStockRPGModel\"}"}]}
RESULT: {"script":"<script> [1562 bytes]","args":[{"selector":{"controlType":"sap.m.OverflowToolbarButton","viewName":"etm.portal.ui.manageresources.view.Master","viewId":"application-manageresources-display-component---masterRU","bindingPath":{"path":"","propertyPath":"/isLogbook","modelName":"minimumStockRPGModel"},"interaction":{"idSuffix":"inner"}},"wdio_ui5_key":"etmportal.ui.manageresources.view.Mastersap.m.OverflowToolbarButton{\"path\":\"\",\"propertyPath\":\"/isLogbook\",\"modelName\":\"minimumStockRPGModel\"}"}]}
RESULT: undefined
COMMAND: POST /session/c0099c8ef87d8f1a9c022bedeb80dcd8/element - {"using":"xpath","value":"//*[@id=\"__button5\"]"}
RESULT: {"using":"xpath","value":"//*[@id=\"__button5\"]"}
COMMAND: POST /session/c0099c8ef87d8f1a9c022bedeb80dcd8/element/f.37E7500FB3BEF60B72C91044CCDB3F00.d.820D474D52815923AA88AD6843AB64E3.e.17949/click - {}
RESULT: {}
COMMAND: GET /session/c0099c8ef87d8f1a9c022bedeb80dcd8/screenshot - {}
RESULT: {}
RESULT: undefined
COMMAND: POST /session/c0099c8ef87d8f1a9c022bedeb80dcd8/element - {"using":"xpath","value":"//*[@id=\"application-manageresources-display-component---newResourceUnit--TYPE-arrow\"]"}
RESULT: {"using":"xpath","value":"//*[@id=\"application-manageresources-display-component---newResourceUnit--TYPE-arrow\"]"}
COMMAND: POST /session/c0099c8ef87d8f1a9c022bedeb80dcd8/element/f.37E7500FB3BEF60B72C91044CCDB3F00.d.820D474D52815923AA88AD6843AB64E3.e.18273/click - {}
RESULT: {}
COMMAND: POST /session/c0099c8ef87d8f1a9c022bedeb80dcd8/execute/async - {"script":"<script> [1562 bytes]","args":[{"selector":{"controlType":"sap.m.StandardListItem","viewName":"reusables.view.manageresources.NewResourceUnit","viewId":"application-manageresources-display-component---newResourceUnit","properties":{"title":"Equi Multipart"},"searchOpenDialogs":true,"interaction":{"idSuffix":"titleText"}},"wdio_ui5_key":"reusablesview.manageresources.NewResourceUnitsap.m.StandardListItem{\"title\":\"Equi Multipart\"}"}]}
COMMAND: GET /session/c0099c8ef87d8f1a9c022bedeb80dcd8/screenshot - {}
RESULT: {"script":"<script> [1562 bytes]","args":[{"selector":{"controlType":"sap.m.StandardListItem","viewName":"reusables.view.manageresources.NewResourceUnit","viewId":"application-manageresources-display-component---newResourceUnit","properties":{"title":"Equi Multipart"},"searchOpenDialogs":true,"interaction":{"idSuffix":"titleText"}},"wdio_ui5_key":"reusablesview.manageresources.NewResourceUnitsap.m.StandardListItem{\"title\":\"Equi Multipart\"}"}]}
RESULT: undefined
COMMAND: POST /session/c0099c8ef87d8f1a9c022bedeb80dcd8/element - {"using":"xpath","value":"//*[@id=\"__item146\"]"}
RESULT: {}
RESULT: {"using":"xpath","value":"//*[@id=\"__item146\"]"}
COMMAND: POST /session/c0099c8ef87d8f1a9c022bedeb80dcd8/element/f.37E7500FB3BEF60B72C91044CCDB3F00.d.820D474D52815923AA88AD6843AB64E3.e.18547/click - {}
RESULT: {}
RESULT: undefined
COMMAND: POST /session/c0099c8ef87d8f1a9c022bedeb80dcd8/execute/async - {"script":"<script> [776 bytes]","args":[{"enterText":"TransferYardmultipart80opp","selector":{"id":"application-manageresources-display-component---newResourceUnit--SHORT_TEXT","interaction":{"idSuffix":"inner"}},"clearTextFirst":true,"interactionType":"ENTER_TEXT"}]}
COMMAND: GET /session/c0099c8ef87d8f1a9c022bedeb80dcd8/screenshot - {}
RESULT: {"script":"<script> [776 bytes]","args":[{"enterText":"TransferYardmultipart80opp","selector":{"id":"application-manageresources-display-component---newResourceUnit--SHORT_TEXT","interaction":{"idSuffix":"inner"}},"clearTextFirst":true,"interactionType":"ENTER_TEXT"}]}
RESULT: undefined
COMMAND: POST /session/c0099c8ef87d8f1a9c022bedeb80dcd8/execute/async - {"script":"<script> [776 bytes]","args":[{"enterText":"Piece","selector":{"id":"application-manageresources-display-component---newResourceUnit--BASE_UNIT_OF_MEASURE","interaction":{"idSuffix":"inner"}},"clearTextFirst":true,"interactionType":"ENTER_TEXT"}]}
RESULT: {}
RESULT: {"script":"<script> [776 bytes]","args":[{"enterText":"Piece","selector":{"id":"application-manageresources-display-component---newResourceUnit--BASE_UNIT_OF_MEASURE","interaction":{"idSuffix":"inner"}},"clearTextFirst":true,"interactionType":"ENTER_TEXT"}]}
RESULT: undefined
COMMAND: POST /session/c0099c8ef87d8f1a9c022bedeb80dcd8/execute/async - {"script":"<script> [776 bytes]","args":[{"enterText":"Gram","selector":{"id":"application-manageresources-display-component---newResourceUnit--WEIGHT_UNIT","interaction":{"idSuffix":"inner"}},"clearTextFirst":true,"interactionType":"ENTER_TEXT"}]}
RESULT: {"script":"<script> [776 bytes]","args":[{"enterText":"Gram","selector":{"id":"application-manageresources-display-component---newResourceUnit--WEIGHT_UNIT","interaction":{"idSuffix":"inner"}},"clearTextFirst":true,"interactionType":"ENTER_TEXT"}]}
RESULT: undefined
COMMAND: POST /session/c0099c8ef87d8f1a9c022bedeb80dcd8/execute/async - {"script":"<script> [776 bytes]","args":[{"enterText":"Meter","selector":{"id":"application-manageresources-display-component---newResourceUnit--DIMENSION_UNIT","interaction":{"idSuffix":"inner"}},"clearTextFirst":true,"interactionType":"ENTER_TEXT"}]}
RESULT: {"script":"<script> [776 bytes]","args":[{"enterText":"Meter","selector":{"id":"application-manageresources-display-component---newResourceUnit--DIMENSION_UNIT","interaction":{"idSuffix":"inner"}},"clearTextFirst":true,"interactionType":"ENTER_TEXT"}]}
RESULT: undefined
COMMAND: POST /session/c0099c8ef87d8f1a9c022bedeb80dcd8/execute/async - {"script":"<script> [776 bytes]","args":[{"enterText":"Heavy equip","selector":{"id":"application-manageresources-display-component---newResourceUnit--PLANNING_GROUP","interaction":{"idSuffix":"inner"}},"clearTextFirst":true,"interactionType":"ENTER_TEXT"}]}
RESULT: {"script":"<script> [776 bytes]","args":[{"enterText":"Heavy equip","selector":{"id":"application-manageresources-display-component---newResourceUnit--PLANNING_GROUP","interaction":{"idSuffix":"inner"}},"clearTextFirst":true,"interactionType":"ENTER_TEXT"}]}
RESULT: undefined
COMMAND: POST /session/c0099c8ef87d8f1a9c022bedeb80dcd8/element - {"using":"xpath","value":"//*[@id=\"application-manageresources-display-component---newResourceUnit--ITEM_TYPE-arrow\"]"}
RESULT: {"using":"xpath","value":"//*[@id=\"application-manageresources-display-component---newResourceUnit--ITEM_TYPE-arrow\"]"}
COMMAND: POST /session/c0099c8ef87d8f1a9c022bedeb80dcd8/element/f.37E7500FB3BEF60B72C91044CCDB3F00.d.820D474D52815923AA88AD6843AB64E3.e.18610/click - {}
RESULT: {}
COMMAND: POST /session/c0099c8ef87d8f1a9c022bedeb80dcd8/execute/async - {"script":"<script> [1562 bytes]","args":[{"selector":{"controlType":"sap.m.StandardListItem","viewName":"reusables.view.manageresources.NewResourceUnit","viewId":"application-manageresources-display-component---newResourceUnit","properties":{"title":"Pool Equipment"},"searchOpenDialogs":true,"interaction":{"idSuffix":"content"}},"wdio_ui5_key":"reusablesview.manageresources.NewResourceUnitsap.m.StandardListItem{\"title\":\"Pool Equipment\"}"}]}
COMMAND: GET /session/c0099c8ef87d8f1a9c022bedeb80dcd8/screenshot - {}
RESULT: {"script":"<script> [1562 bytes]","args":[{"selector":{"controlType":"sap.m.StandardListItem","viewName":"reusables.view.manageresources.NewResourceUnit","viewId":"application-manageresources-display-component---newResourceUnit","properties":{"title":"Pool Equipment"},"searchOpenDialogs":true,"interaction":{"idSuffix":"content"}},"wdio_ui5_key":"reusablesview.manageresources.NewResourceUnitsap.m.StandardListItem{\"title\":\"Pool Equipment\"}"}]}
RESULT: undefined
COMMAND: POST /session/c0099c8ef87d8f1a9c022bedeb80dcd8/element - {"using":"xpath","value":"//*[@id=\"__item853\"]"}
RESULT: {}
RESULT: {"using":"xpath","value":"//*[@id=\"__item853\"]"}
COMMAND: POST /session/c0099c8ef87d8f1a9c022bedeb80dcd8/element/f.37E7500FB3BEF60B72C91044CCDB3F00.d.820D474D52815923AA88AD6843AB64E3.e.18612/click - {}
RESULT: {}
COMMAND: POST /session/c0099c8ef87d8f1a9c022bedeb80dcd8/execute/async - {"script":"<script> [1562 bytes]","args":[{"selector":{"id":"application-manageresources-display-component---newResourceUnit--PLANNING_INDICATOR","interaction":{"idSuffix":"inner"}},"wdio_ui5_key":"applicationmanageresources-display-component---newResourceUnit--PLANNING_INDICATOR"}]}
COMMAND: GET /session/c0099c8ef87d8f1a9c022bedeb80dcd8/screenshot - {}
RESULT: {"script":"<script> [1562 bytes]","args":[{"selector":{"id":"application-manageresources-display-component---newResourceUnit--PLANNING_INDICATOR","interaction":{"idSuffix":"inner"}},"wdio_ui5_key":"applicationmanageresources-display-component---newResourceUnit--PLANNING_INDICATOR"}]}
RESULT: undefined
COMMAND: POST /session/c0099c8ef87d8f1a9c022bedeb80dcd8/execute/async - {"script":"<script> [776 bytes]","args":[{"enterText":"10 - infinite","selector":{"id":"application-manageresources-display-component---newResourceUnit--PLANNING_INDICATOR","interaction":{"idSuffix":"inner"}},"clearTextFirst":true,"interactionType":"ENTER_TEXT"}]}
RESULT: {}
RESULT: {"script":"<script> [776 bytes]","args":[{"enterText":"10 - infinite","selector":{"id":"application-manageresources-display-component---newResourceUnit--PLANNING_INDICATOR","interaction":{"idSuffix":"inner"}},"clearTextFirst":true,"interactionType":"ENTER_TEXT"}]}
COMMAND: POST /session/c0099c8ef87d8f1a9c022bedeb80dcd8/actions - {"actions":[{"id":"action75","type":"key","parameters":{},"actions":[{"type":"keyDown","value":"î€‡"},{"type":"pause","duration":10},{"type":"keyUp","value":"î€‡"}]}]}
RESULT: {"actions":[{"id":"action75","type":"key","parameters":{},"actions":[{"type":"keyDown","value":"î€‡"},{"type":"pause","duration":10},{"type":"keyUp","value":"î€‡"}]}]}
RESULT: undefined
COMMAND: POST /session/c0099c8ef87d8f1a9c022bedeb80dcd8/element - {"using":"xpath","value":"//*[@id=\"application-manageresources-display-component---newResourceUnit--newRRUPage-anchBar-application-manageresources-display-component---newResourceUnit--control-anchor\"]"}
COMMAND: GET /session/c0099c8ef87d8f1a9c022bedeb80dcd8/screenshot - {}
RESULT: {"using":"xpath","value":"//*[@id=\"application-manageresources-display-component---newResourceUnit--newRRUPage-anchBar-application-manageresources-display-component---newResourceUnit--control-anchor\"]"}
COMMAND: POST /session/c0099c8ef87d8f1a9c022bedeb80dcd8/element/f.37E7500FB3BEF60B72C91044CCDB3F00.d.820D474D52815923AA88AD6843AB64E3.e.18614/click - {}
RESULT: {}
RESULT: {}
RESULT: undefined
COMMAND: POST /session/c0099c8ef87d8f1a9c022bedeb80dcd8/element - {"using":"xpath","value":"//*[@id=\"application-manageresources-display-component---newResourceUnit--btnAddTimeSegment-img\"]"}
COMMAND: GET /session/c0099c8ef87d8f1a9c022bedeb80dcd8/screenshot - {}
RESULT: {"using":"xpath","value":"//*[@id=\"application-manageresources-display-component---newResourceUnit--btnAddTimeSegment-img\"]"}
COMMAND: POST /session/c0099c8ef87d8f1a9c022bedeb80dcd8/element/f.37E7500FB3BEF60B72C91044CCDB3F00.d.820D474D52815923AA88AD6843AB64E3.e.18616/click - {}
RESULT: {}
RESULT: {}
COMMAND: POST /session/c0099c8ef87d8f1a9c022bedeb80dcd8/element - {"using":"xpath","value":"//input[@id=\"application-manageresources-display-component---newResourceUnit--idRuTSAdmin-application-manageresources-display-component---newResourceUnit--RUTimeSegment-0-inner\"]"}
COMMAND: GET /session/c0099c8ef87d8f1a9c022bedeb80dcd8/screenshot - {}
RESULT: {"using":"xpath","value":"//input[@id=\"application-manageresources-display-component---newResourceUnit--idRuTSAdmin-application-manageresources-display-component---newResourceUnit--RUTimeSegment-0-inner\"]"}
COMMAND: POST /session/c0099c8ef87d8f1a9c022bedeb80dcd8/element/f.37E7500FB3BEF60B72C91044CCDB3F00.d.820D474D52815923AA88AD6843AB64E3.e.18621/clear - {}
RESULT: {}
RESULT: {}
COMMAND: POST /session/c0099c8ef87d8f1a9c022bedeb80dcd8/element/f.37E7500FB3BEF60B72C91044CCDB3F00.d.820D474D52815923AA88AD6843AB64E3.e.18621/value - {"text":"106"}
COMMAND: GET /session/c0099c8ef87d8f1a9c022bedeb80dcd8/screenshot - {}
RESULT: {"text":"106"}
COMMAND: GET /session/c0099c8ef87d8f1a9c022bedeb80dcd8/screenshot - {}
RESULT: {}
RESULT: {}
COMMAND: POST /session/c0099c8ef87d8f1a9c022bedeb80dcd8/actions - {"actions":[{"id":"action76","type":"key","parameters":{},"actions":[{"type":"keyDown","value":"î€‡"},{"type":"pause","duration":10},{"type":"keyUp","value":"î€‡"}]}]}
RESULT: {"actions":[{"id":"action76","type":"key","parameters":{},"actions":[{"type":"keyDown","value":"î€‡"},{"type":"pause","duration":10},{"type":"keyUp","value":"î€‡"}]}]}
COMMAND: GET /session/c0099c8ef87d8f1a9c022bedeb80dcd8/screenshot - {}
RESULT: {}
COMMAND: POST /session/c0099c8ef87d8f1a9c022bedeb80dcd8/element - {"using":"xpath","value":"//*[text()=\"Save\"]"}
RESULT: {"using":"xpath","value":"//*[text()=\"Save\"]"}
COMMAND: POST /session/c0099c8ef87d8f1a9c022bedeb80dcd8/execute/sync - {"script":"<script> [8489 bytes]","args":[{"element-6066-11e4-a52e-4f735466cecf":"f.37E7500FB3BEF60B72C91044CCDB3F00.d.820D474D52815923AA88AD6843AB64E3.e.18468","ELEMENT":"f.37E7500FB3BEF60B72C91044CCDB3F00.d.820D474D52815923AA88AD6843AB64E3.e.18468"}]}
RESULT: {"script":"<script> [8489 bytes]","args":[{"element-6066-11e4-a52e-4f735466cecf":"f.37E7500FB3BEF60B72C91044CCDB3F00.d.820D474D52815923AA88AD6843AB64E3.e.18468","ELEMENT":"f.37E7500FB3BEF60B72C91044CCDB3F00.d.820D474D52815923AA88AD6843AB64E3.e.18468"}]}
COMMAND: POST /session/c0099c8ef87d8f1a9c022bedeb80dcd8/execute/sync - {"script":"<script> [5351 bytes]","args":[{"element-6066-11e4-a52e-4f735466cecf":"f.37E7500FB3BEF60B72C91044CCDB3F00.d.820D474D52815923AA88AD6843AB64E3.e.18468","ELEMENT":"f.37E7500FB3BEF60B72C91044CCDB3F00.d.820D474D52815923AA88AD6843AB64E3.e.18468"}]}
COMMAND: GET /session/c0099c8ef87d8f1a9c022bedeb80dcd8/screenshot - {}
RESULT: {"script":"<script> [5351 bytes]","args":[{"element-6066-11e4-a52e-4f735466cecf":"f.37E7500FB3BEF60B72C91044CCDB3F00.d.820D474D52815923AA88AD6843AB64E3.e.18468","ELEMENT":"f.37E7500FB3BEF60B72C91044CCDB3F00.d.820D474D52815923AA88AD6843AB64E3.e.18468"}]}
COMMAND: POST /session/c0099c8ef87d8f1a9c022bedeb80dcd8/element/f.37E7500FB3BEF60B72C91044CCDB3F00.d.820D474D52815923AA88AD6843AB64E3.e.18468/click - {}
COMMAND: GET /session/c0099c8ef87d8f1a9c022bedeb80dcd8/screenshot - {}
RESULT: {}
RESULT: {}
COMMAND: GET /session/c0099c8ef87d8f1a9c022bedeb80dcd8/screenshot - {}
RESULT: {}
RESULT: {}
COMMAND: POST /session/c0099c8ef87d8f1a9c022bedeb80dcd8/element - {"using":"xpath","value":"//bdi[contains(text(), \"Close\")]"}
RESULT: {"using":"xpath","value":"//bdi[contains(text(), \"Close\")]"}
COMMAND: POST /session/c0099c8ef87d8f1a9c022bedeb80dcd8/element/f.37E7500FB3BEF60B72C91044CCDB3F00.d.820D474D52815923AA88AD6843AB64E3.e.18641/click - {}
RESULT: {}
COMMAND: GET /session/c0099c8ef87d8f1a9c022bedeb80dcd8/screenshot - {}
RESULT: {}
RESULT: undefined
COMMAND: POST /session/c0099c8ef87d8f1a9c022bedeb80dcd8/execute/async - {"script":"<script> [6424 bytes]","args":[{"element-6066-11e4-a52e-4f735466cecf":"f.37E7500FB3BEF60B72C91044CCDB3F00.d.820D474D52815923AA88AD6843AB64E3.e.18523"},"getText",[]]}
RESULT: {"script":"<script> [6424 bytes]","args":[{"element-6066-11e4-a52e-4f735466cecf":"f.37E7500FB3BEF60B72C91044CCDB3F00.d.820D474D52815923AA88AD6843AB64E3.e.18523"},"getText",[]]}
COMMAND: POST /session/c0099c8ef87d8f1a9c022bedeb80dcd8/element - {"using":"css selector","value":"#shell-header-logo"}
RESULT: {"using":"css selector","value":"#shell-header-logo"}
COMMAND: POST /session/c0099c8ef87d8f1a9c022bedeb80dcd8/element/f.37E7500FB3BEF60B72C91044CCDB3F00.d.820D474D52815923AA88AD6843AB64E3.e.17898/click - {}
RESULT: {}
COMMAND: GET /session/c0099c8ef87d8f1a9c022bedeb80dcd8/screenshot - {}
RESULT: {}
]]></system-out>
    </testcase>
    <testcase classname="chrome.135_0_7049_96.windows.Transfer_Yard_to_Yard_US131076" name="Should do a stock increase for the equipment and multipart" time="62.295">
      <system-out><![CDATA[
COMMAND: POST /session/c0099c8ef87d8f1a9c022bedeb80dcd8/execute/async - {"script":"<script> [1562 bytes]","args":[{"selector":{"controlType":"sap.m.Text","viewName":"etm.portal.ui.managehandoverstile.view.Master","properties":{"text":"Manage Handovers"},"interaction":{"idSuffix":"inner"}},"wdio_ui5_key":"etmportal.ui.managehandoverstile.view.Mastersap.m.Text{\"text\":\"Manage Handovers\"}"}]}
RESULT: {"script":"<script> [1562 bytes]","args":[{"selector":{"controlType":"sap.m.Text","viewName":"etm.portal.ui.managehandoverstile.view.Master","properties":{"text":"Manage Handovers"},"interaction":{"idSuffix":"inner"}},"wdio_ui5_key":"etmportal.ui.managehandoverstile.view.Mastersap.m.Text{\"text\":\"Manage Handovers\"}"}]}
RESULT: undefined
COMMAND: POST /session/c0099c8ef87d8f1a9c022bedeb80dcd8/element - {"using":"xpath","value":"//*[@id=\"__tile132-title\"]"}
RESULT: {"using":"xpath","value":"//*[@id=\"__tile132-title\"]"}
COMMAND: POST /session/c0099c8ef87d8f1a9c022bedeb80dcd8/element/f.37E7500FB3BEF60B72C91044CCDB3F00.d.820D474D52815923AA88AD6843AB64E3.e.18656/click - {}
RESULT: {}
COMMAND: GET /session/c0099c8ef87d8f1a9c022bedeb80dcd8/screenshot - {}
COMMAND: POST /session/c0099c8ef87d8f1a9c022bedeb80dcd8/execute/async - {"script":"<script> [1562 bytes]","args":[{"selector":{"controlType":"sap.ui.core.Icon","viewName":"etm.portal.ui.managehandovers.view.MasterHO","properties":{"src":{"regex":{"source":"add"}}}},"wdio_ui5_key":"etmportal.ui.managehandovers.view.MasterHOsap.ui.core.Icon{\"src\":{\"regex\":{\"source\":\"add\"}}}"}]}
RESULT: {}
RESULT: {"script":"<script> [1562 bytes]","args":[{"selector":{"controlType":"sap.ui.core.Icon","viewName":"etm.portal.ui.managehandovers.view.MasterHO","properties":{"src":{"regex":{"source":"add"}}}},"wdio_ui5_key":"etmportal.ui.managehandovers.view.MasterHOsap.ui.core.Icon{\"src\":{\"regex\":{\"source\":\"add\"}}}"}]}
RESULT: undefined
COMMAND: POST /session/c0099c8ef87d8f1a9c022bedeb80dcd8/element - {"using":"xpath","value":"//*[@id=\"__button85-img\"]"}
RESULT: {"using":"xpath","value":"//*[@id=\"__button85-img\"]"}
COMMAND: POST /session/c0099c8ef87d8f1a9c022bedeb80dcd8/element/f.37E7500FB3BEF60B72C91044CCDB3F00.d.820D474D52815923AA88AD6843AB64E3.e.18699/click - {}
RESULT: {}
COMMAND: POST /session/c0099c8ef87d8f1a9c022bedeb80dcd8/execute/async - {"script":"<script> [1562 bytes]","args":[{"selector":{"id":"application-managehandovers-display-component---AddNewHO--typeSelect","interaction":{"idSuffix":"arrow"}},"wdio_ui5_key":"applicationmanagehandovers-display-component---AddNewHO--typeSelect"}]}
COMMAND: GET /session/c0099c8ef87d8f1a9c022bedeb80dcd8/screenshot - {}
RESULT: {"script":"<script> [1562 bytes]","args":[{"selector":{"id":"application-managehandovers-display-component---AddNewHO--typeSelect","interaction":{"idSuffix":"arrow"}},"wdio_ui5_key":"applicationmanagehandovers-display-component---AddNewHO--typeSelect"}]}
RESULT: undefined
COMMAND: POST /session/c0099c8ef87d8f1a9c022bedeb80dcd8/element - {"using":"xpath","value":"//*[@id=\"application-managehandovers-display-component---AddNewHO--typeSelect\"]"}
RESULT: {}
RESULT: {"using":"xpath","value":"//*[@id=\"application-managehandovers-display-component---AddNewHO--typeSelect\"]"}
COMMAND: POST /session/c0099c8ef87d8f1a9c022bedeb80dcd8/element/f.37E7500FB3BEF60B72C91044CCDB3F00.d.820D474D52815923AA88AD6843AB64E3.e.19002/click - {}
RESULT: {}
COMMAND: POST /session/c0099c8ef87d8f1a9c022bedeb80dcd8/execute/async - {"script":"<script> [1562 bytes]","args":[{"selector":{"controlType":"sap.ui.core.Item","viewName":"etm.portal.ui.managehandovers.view.AddNewHO","viewId":"application-managehandovers-display-component---AddNewHO","bindingPath":{"path":"/HandOverTypes('100')","propertyPath":"ID","modelName":"catalogModel"},"searchOpenDialogs":true},"wdio_ui5_key":"etmportal.ui.managehandovers.view.AddNewHOsap.ui.core.Item{\"path\":\"/HandOverTypes('100')\",\"propertyPath\":\"ID\",\"modelName\":\"catalogModel\"}"}]}
COMMAND: GET /session/c0099c8ef87d8f1a9c022bedeb80dcd8/screenshot - {}
RESULT: {"script":"<script> [1562 bytes]","args":[{"selector":{"controlType":"sap.ui.core.Item","viewName":"etm.portal.ui.managehandovers.view.AddNewHO","viewId":"application-managehandovers-display-component---AddNewHO","bindingPath":{"path":"/HandOverTypes('100')","propertyPath":"ID","modelName":"catalogModel"},"searchOpenDialogs":true},"wdio_ui5_key":"etmportal.ui.managehandovers.view.AddNewHOsap.ui.core.Item{\"path\":\"/HandOverTypes('100')\",\"propertyPath\":\"ID\",\"modelName\":\"catalogModel\"}"}]}
RESULT: undefined
COMMAND: POST /session/c0099c8ef87d8f1a9c022bedeb80dcd8/element - {"using":"xpath","value":"//*[@id=\"__item1298-application-managehandovers-display-component---AddNewHO--typeSelect-1\"]"}
RESULT: {}
RESULT: {"using":"xpath","value":"//*[@id=\"__item1298-application-managehandovers-display-component---AddNewHO--typeSelect-1\"]"}
COMMAND: POST /session/c0099c8ef87d8f1a9c022bedeb80dcd8/element/f.37E7500FB3BEF60B72C91044CCDB3F00.d.820D474D52815923AA88AD6843AB64E3.e.19003/click - {}
RESULT: {}
COMMAND: POST /session/c0099c8ef87d8f1a9c022bedeb80dcd8/execute/async - {"script":"<script> [1562 bytes]","args":[{"selector":{"id":"application-managehandovers-display-component---AddNewHO--dueDate","interaction":{"idSuffix":"inner"}},"wdio_ui5_key":"applicationmanagehandovers-display-component---AddNewHO--dueDate"}]}
COMMAND: GET /session/c0099c8ef87d8f1a9c022bedeb80dcd8/screenshot - {}
RESULT: {"script":"<script> [1562 bytes]","args":[{"selector":{"id":"application-managehandovers-display-component---AddNewHO--dueDate","interaction":{"idSuffix":"inner"}},"wdio_ui5_key":"applicationmanagehandovers-display-component---AddNewHO--dueDate"}]}
RESULT: undefined
COMMAND: POST /session/c0099c8ef87d8f1a9c022bedeb80dcd8/element - {"using":"xpath","value":"//input[@id=\"generalSectionFrg--receiveYard-inner\"]"}
RESULT: {}
RESULT: {"using":"xpath","value":"//input[@id=\"generalSectionFrg--receiveYard-inner\"]"}
COMMAND: POST /session/c0099c8ef87d8f1a9c022bedeb80dcd8/element/f.37E7500FB3BEF60B72C91044CCDB3F00.d.820D474D52815923AA88AD6843AB64E3.e.19011/clear - {}
RESULT: {}
COMMAND: POST /session/c0099c8ef87d8f1a9c022bedeb80dcd8/element/f.37E7500FB3BEF60B72C91044CCDB3F00.d.820D474D52815923AA88AD6843AB64E3.e.19011/value - {"text":"106"}
COMMAND: GET /session/c0099c8ef87d8f1a9c022bedeb80dcd8/screenshot - {}
RESULT: {"text":"106"}
COMMAND: GET /session/c0099c8ef87d8f1a9c022bedeb80dcd8/screenshot - {}
RESULT: {}
RESULT: {}
COMMAND: POST /session/c0099c8ef87d8f1a9c022bedeb80dcd8/element - {"using":"xpath","value":"//input[@id=\"application-managehandovers-display-component---AddNewHO--dueDate-inner\"]"}
RESULT: {"using":"xpath","value":"//input[@id=\"application-managehandovers-display-component---AddNewHO--dueDate-inner\"]"}
COMMAND: POST /session/c0099c8ef87d8f1a9c022bedeb80dcd8/elements - {"using":"xpath","value":"//input[@id=\"application-managehandovers-display-component---AddNewHO--dueDate-inner\"]"}
RESULT: {"using":"xpath","value":"//input[@id=\"application-managehandovers-display-component---AddNewHO--dueDate-inner\"]"}
COMMAND: POST /session/c0099c8ef87d8f1a9c022bedeb80dcd8/execute/sync - {"script":"<script> [8489 bytes]","args":[{"element-6066-11e4-a52e-4f735466cecf":"f.37E7500FB3BEF60B72C91044CCDB3F00.d.820D474D52815923AA88AD6843AB64E3.e.19005","ELEMENT":"f.37E7500FB3BEF60B72C91044CCDB3F00.d.820D474D52815923AA88AD6843AB64E3.e.19005"}]}
RESULT: {"script":"<script> [8489 bytes]","args":[{"element-6066-11e4-a52e-4f735466cecf":"f.37E7500FB3BEF60B72C91044CCDB3F00.d.820D474D52815923AA88AD6843AB64E3.e.19005","ELEMENT":"f.37E7500FB3BEF60B72C91044CCDB3F00.d.820D474D52815923AA88AD6843AB64E3.e.19005"}]}
COMMAND: GET /session/c0099c8ef87d8f1a9c022bedeb80dcd8/element/f.37E7500FB3BEF60B72C91044CCDB3F00.d.820D474D52815923AA88AD6843AB64E3.e.19005/enabled - {}
COMMAND: GET /session/c0099c8ef87d8f1a9c022bedeb80dcd8/screenshot - {}
RESULT: {}
COMMAND: POST /session/c0099c8ef87d8f1a9c022bedeb80dcd8/element/f.37E7500FB3BEF60B72C91044CCDB3F00.d.820D474D52815923AA88AD6843AB64E3.e.19005/click - {}
COMMAND: GET /session/c0099c8ef87d8f1a9c022bedeb80dcd8/screenshot - {}
RESULT: {}
RESULT: {}
COMMAND: POST /session/c0099c8ef87d8f1a9c022bedeb80dcd8/element/f.37E7500FB3BEF60B72C91044CCDB3F00.d.820D474D52815923AA88AD6843AB64E3.e.19005/clear - {}
COMMAND: GET /session/c0099c8ef87d8f1a9c022bedeb80dcd8/screenshot - {}
RESULT: {}
RESULT: {}
COMMAND: POST /session/c0099c8ef87d8f1a9c022bedeb80dcd8/element/f.37E7500FB3BEF60B72C91044CCDB3F00.d.820D474D52815923AA88AD6843AB64E3.e.19005/clear - {}
COMMAND: GET /session/c0099c8ef87d8f1a9c022bedeb80dcd8/screenshot - {}
RESULT: {}
RESULT: {}
COMMAND: POST /session/c0099c8ef87d8f1a9c022bedeb80dcd8/element/f.37E7500FB3BEF60B72C91044CCDB3F00.d.820D474D52815923AA88AD6843AB64E3.e.19005/value - {"text":"5/2/25"}
COMMAND: GET /session/c0099c8ef87d8f1a9c022bedeb80dcd8/screenshot - {}
RESULT: {}
RESULT: {"text":"5/2/25"}
COMMAND: POST /session/c0099c8ef87d8f1a9c022bedeb80dcd8/execute/async - {"script":"<script> [1562 bytes]","args":[{"selector":{"id":"application-managehandovers-display-component---AddNewHO--ObjectPageLayout-anchBar-application-managehandovers-display-component---AddNewHO--section4-anchor","interaction":{"idSuffix":"BDI-content"}},"wdio_ui5_key":"applicationmanagehandovers-display-component---AddNewHO--ObjectPageLayout-anchBar-application-managehandovers-display-component---AddNewHO--section4-anchor"}]}
COMMAND: GET /session/c0099c8ef87d8f1a9c022bedeb80dcd8/screenshot - {}
RESULT: {}
RESULT: {"script":"<script> [1562 bytes]","args":[{"selector":{"id":"application-managehandovers-display-component---AddNewHO--ObjectPageLayout-anchBar-application-managehandovers-display-component---AddNewHO--section4-anchor","interaction":{"idSuffix":"BDI-content"}},"wdio_ui5_key":"applicationmanagehandovers-display-component---AddNewHO--ObjectPageLayout-anchBar-application-managehandovers-display-component---AddNewHO--section4-anchor"}]}
RESULT: undefined
COMMAND: POST /session/c0099c8ef87d8f1a9c022bedeb80dcd8/element - {"using":"xpath","value":"//*[@id=\"application-managehandovers-display-component---AddNewHO--ObjectPageLayout-anchBar-application-managehandovers-display-component---AddNewHO--section4-anchor\"]"}
RESULT: {}
RESULT: {"using":"xpath","value":"//*[@id=\"application-managehandovers-display-component---AddNewHO--ObjectPageLayout-anchBar-application-managehandovers-display-component---AddNewHO--section4-anchor\"]"}
COMMAND: POST /session/c0099c8ef87d8f1a9c022bedeb80dcd8/element/f.37E7500FB3BEF60B72C91044CCDB3F00.d.820D474D52815923AA88AD6843AB64E3.e.19031/click - {}
RESULT: {}
COMMAND: POST /session/c0099c8ef87d8f1a9c022bedeb80dcd8/execute/async - {"script":"<script> [1562 bytes]","args":[{"selector":{"controlType":"sap.ui.core.Icon","viewName":"etm.portal.ui.managehandovers.view.AddNewHO","viewId":"application-managehandovers-display-component---AddNewHO","properties":{"src":{"regex":{"source":"add"}}}},"wdio_ui5_key":"etmportal.ui.managehandovers.view.AddNewHOsap.ui.core.Icon{\"src\":{\"regex\":{\"source\":\"add\"}}}"}]}
COMMAND: GET /session/c0099c8ef87d8f1a9c022bedeb80dcd8/screenshot - {}
RESULT: {"script":"<script> [1562 bytes]","args":[{"selector":{"controlType":"sap.ui.core.Icon","viewName":"etm.portal.ui.managehandovers.view.AddNewHO","viewId":"application-managehandovers-display-component---AddNewHO","properties":{"src":{"regex":{"source":"add"}}}},"wdio_ui5_key":"etmportal.ui.managehandovers.view.AddNewHOsap.ui.core.Icon{\"src\":{\"regex\":{\"source\":\"add\"}}}"}]}
RESULT: undefined
COMMAND: POST /session/c0099c8ef87d8f1a9c022bedeb80dcd8/element - {"using":"xpath","value":"//*[@id=\"__button104-img\"]"}
RESULT: {}
RESULT: {"using":"xpath","value":"//*[@id=\"__button104-img\"]"}
COMMAND: POST /session/c0099c8ef87d8f1a9c022bedeb80dcd8/element/f.37E7500FB3BEF60B72C91044CCDB3F00.d.820D474D52815923AA88AD6843AB64E3.e.19035/click - {}
RESULT: {}
COMMAND: POST /session/c0099c8ef87d8f1a9c022bedeb80dcd8/execute/async - {"script":"<script> [1562 bytes]","args":[{"selector":{"id":"application-managehandovers-display-component---AddNewHO--smartFilterBar-btnBasicSearch","searchOpenDialogs":true,"interaction":{"idSuffix":"I"}},"wdio_ui5_key":"applicationmanagehandovers-display-component---AddNewHO--smartFilterBar-btnBasicSearch"}]}
COMMAND: GET /session/c0099c8ef87d8f1a9c022bedeb80dcd8/screenshot - {}
RESULT: {"script":"<script> [1562 bytes]","args":[{"selector":{"id":"application-managehandovers-display-component---AddNewHO--smartFilterBar-btnBasicSearch","searchOpenDialogs":true,"interaction":{"idSuffix":"I"}},"wdio_ui5_key":"applicationmanagehandovers-display-component---AddNewHO--smartFilterBar-btnBasicSearch"}]}
RESULT: undefined
COMMAND: POST /session/c0099c8ef87d8f1a9c022bedeb80dcd8/execute/async - {"script":"<script> [776 bytes]","args":[{"enterText":"TransferYard","selector":{"id":"application-managehandovers-display-component---AddNewHO--smartFilterBar-btnBasicSearch","searchOpenDialogs":true,"interaction":{"idSuffix":"I"}},"clearTextFirst":true,"interactionType":"ENTER_TEXT"}]}
RESULT: {}
RESULT: {"script":"<script> [776 bytes]","args":[{"enterText":"TransferYard","selector":{"id":"application-managehandovers-display-component---AddNewHO--smartFilterBar-btnBasicSearch","searchOpenDialogs":true,"interaction":{"idSuffix":"I"}},"clearTextFirst":true,"interactionType":"ENTER_TEXT"}]}
COMMAND: POST /session/c0099c8ef87d8f1a9c022bedeb80dcd8/actions - {"actions":[{"id":"action77","type":"key","parameters":{},"actions":[{"type":"keyDown","value":"î€‡"},{"type":"pause","duration":10},{"type":"keyUp","value":"î€‡"}]}]}
RESULT: {"actions":[{"id":"action77","type":"key","parameters":{},"actions":[{"type":"keyDown","value":"î€‡"},{"type":"pause","duration":10},{"type":"keyUp","value":"î€‡"}]}]}
COMMAND: POST /session/c0099c8ef87d8f1a9c022bedeb80dcd8/execute/async - {"script":"<script> [1562 bytes]","args":[{"selector":{"id":"application-managehandovers-display-component---AddNewHO--popup-sa","searchOpenDialogs":true,"interaction":{"idSuffix":"CbBg"}},"wdio_ui5_key":"applicationmanagehandovers-display-component---AddNewHO--popup-sa"}]}
COMMAND: GET /session/c0099c8ef87d8f1a9c022bedeb80dcd8/screenshot - {}
RESULT: {"script":"<script> [1562 bytes]","args":[{"selector":{"id":"application-managehandovers-display-component---AddNewHO--popup-sa","searchOpenDialogs":true,"interaction":{"idSuffix":"CbBg"}},"wdio_ui5_key":"applicationmanagehandovers-display-component---AddNewHO--popup-sa"}]}
RESULT: undefined
COMMAND: POST /session/c0099c8ef87d8f1a9c022bedeb80dcd8/element - {"using":"xpath","value":"//*[@id=\"application-managehandovers-display-component---AddNewHO--popup-sa\"]"}
RESULT: {}
RESULT: {"using":"xpath","value":"//*[@id=\"application-managehandovers-display-component---AddNewHO--popup-sa\"]"}
COMMAND: POST /session/c0099c8ef87d8f1a9c022bedeb80dcd8/element/f.37E7500FB3BEF60B72C91044CCDB3F00.d.820D474D52815923AA88AD6843AB64E3.e.19201/click - {}
RESULT: {}
COMMAND: POST /session/c0099c8ef87d8f1a9c022bedeb80dcd8/execute/async - {"script":"<script> [1562 bytes]","args":[{"selector":{"controlType":"sap.m.Button","viewName":"etm.portal.ui.managehandovers.view.AddNewHO","viewId":"application-managehandovers-display-component---AddNewHO","i18NText":{"propertyName":"text","key":"select"},"searchOpenDialogs":true,"interaction":{"idSuffix":"BDI-content"}},"wdio_ui5_key":"etmportal.ui.managehandovers.view.AddNewHOsap.m.Button{\"propertyName\":\"text\",\"key\":\"select\"}"}]}
COMMAND: GET /session/c0099c8ef87d8f1a9c022bedeb80dcd8/screenshot - {}
RESULT: {"script":"<script> [1562 bytes]","args":[{"selector":{"controlType":"sap.m.Button","viewName":"etm.portal.ui.managehandovers.view.AddNewHO","viewId":"application-managehandovers-display-component---AddNewHO","i18NText":{"propertyName":"text","key":"select"},"searchOpenDialogs":true,"interaction":{"idSuffix":"BDI-content"}},"wdio_ui5_key":"etmportal.ui.managehandovers.view.AddNewHOsap.m.Button{\"propertyName\":\"text\",\"key\":\"select\"}"}]}
RESULT: undefined
COMMAND: POST /session/c0099c8ef87d8f1a9c022bedeb80dcd8/element - {"using":"xpath","value":"//*[@id=\"__button107\"]"}
RESULT: {}
RESULT: {"using":"xpath","value":"//*[@id=\"__button107\"]"}
COMMAND: POST /session/c0099c8ef87d8f1a9c022bedeb80dcd8/element/f.37E7500FB3BEF60B72C91044CCDB3F00.d.820D474D52815923AA88AD6843AB64E3.e.19203/click - {}
RESULT: {}
COMMAND: GET /session/c0099c8ef87d8f1a9c022bedeb80dcd8/screenshot - {}
RESULT: {}
COMMAND: POST /session/c0099c8ef87d8f1a9c022bedeb80dcd8/execute/async - {"script":"<script> [1562 bytes]","args":[{"selector":{"controlType":"sap.m.Input","viewName":"etm.portal.ui.managehandovers.view.AddNewHO","viewId":"application-managehandovers-display-component---AddNewHO","bindingPath":{"path":"/items/0","propertyPath":"TYPE","modelName":"hoItemsModel"},"interaction":{"idSuffix":"inner"}},"wdio_ui5_key":"etmportal.ui.managehandovers.view.AddNewHOsap.m.Input{\"path\":\"/items/0\",\"propertyPath\":\"TYPE\",\"modelName\":\"hoItemsModel\"}"}]}
RESULT: {"script":"<script> [1562 bytes]","args":[{"selector":{"controlType":"sap.m.Input","viewName":"etm.portal.ui.managehandovers.view.AddNewHO","viewId":"application-managehandovers-display-component---AddNewHO","bindingPath":{"path":"/items/0","propertyPath":"TYPE","modelName":"hoItemsModel"},"interaction":{"idSuffix":"inner"}},"wdio_ui5_key":"etmportal.ui.managehandovers.view.AddNewHOsap.m.Input{\"path\":\"/items/0\",\"propertyPath\":\"TYPE\",\"modelName\":\"hoItemsModel\"}"}]}
RESULT: undefined
COMMAND: POST /session/c0099c8ef87d8f1a9c022bedeb80dcd8/execute/async - {"script":"<script> [776 bytes]","args":[{"enterText":"100","selector":{"controlType":"sap.m.Input","viewName":"etm.portal.ui.managehandovers.view.AddNewHO","viewId":"application-managehandovers-display-component---AddNewHO","bindingPath":{"path":"/items/0","propertyPath":"TYPE","modelName":"hoItemsModel"},"interaction":{"idSuffix":"inner"}},"clearTextFirst":true,"interactionType":"ENTER_TEXT"}]}
RESULT: {"script":"<script> [776 bytes]","args":[{"enterText":"100","selector":{"controlType":"sap.m.Input","viewName":"etm.portal.ui.managehandovers.view.AddNewHO","viewId":"application-managehandovers-display-component---AddNewHO","bindingPath":{"path":"/items/0","propertyPath":"TYPE","modelName":"hoItemsModel"},"interaction":{"idSuffix":"inner"}},"clearTextFirst":true,"interactionType":"ENTER_TEXT"}]}
COMMAND: POST /session/c0099c8ef87d8f1a9c022bedeb80dcd8/execute/async - {"script":"<script> [1562 bytes]","args":[{"selector":{"id":"application-managehandovers-display-component---AddNewHO--confirmCreationButton","interaction":{"idSuffix":"BDI-content"}},"wdio_ui5_key":"applicationmanagehandovers-display-component---AddNewHO--confirmCreationButton"}]}
RESULT: {"script":"<script> [1562 bytes]","args":[{"selector":{"id":"application-managehandovers-display-component---AddNewHO--confirmCreationButton","interaction":{"idSuffix":"BDI-content"}},"wdio_ui5_key":"applicationmanagehandovers-display-component---AddNewHO--confirmCreationButton"}]}
RESULT: undefined
COMMAND: POST /session/c0099c8ef87d8f1a9c022bedeb80dcd8/element - {"using":"xpath","value":"//*[@id=\"application-managehandovers-display-component---AddNewHO--confirmCreationButton\"]"}
RESULT: {"using":"xpath","value":"//*[@id=\"application-managehandovers-display-component---AddNewHO--confirmCreationButton\"]"}
COMMAND: POST /session/c0099c8ef87d8f1a9c022bedeb80dcd8/element/f.37E7500FB3BEF60B72C91044CCDB3F00.d.820D474D52815923AA88AD6843AB64E3.e.19239/click - {}
RESULT: {}
COMMAND: GET /session/c0099c8ef87d8f1a9c022bedeb80dcd8/screenshot - {}
RESULT: {}
COMMAND: POST /session/c0099c8ef87d8f1a9c022bedeb80dcd8/execute/async - {"script":"<script> [1562 bytes]","args":[{"selector":{"controlType":"sap.m.Button","viewName":"etm.portal.ui.managehandovers.view.DetailExecuteHO","i18NText":{"propertyName":"text","key":"confirmAll"},"interaction":{"idSuffix":"BDI-content"}},"wdio_ui5_key":"etmportal.ui.managehandovers.view.DetailExecuteHOsap.m.Button{\"propertyName\":\"text\",\"key\":\"confirmAll\"}"}]}
RESULT: {"script":"<script> [1562 bytes]","args":[{"selector":{"controlType":"sap.m.Button","viewName":"etm.portal.ui.managehandovers.view.DetailExecuteHO","i18NText":{"propertyName":"text","key":"confirmAll"},"interaction":{"idSuffix":"BDI-content"}},"wdio_ui5_key":"etmportal.ui.managehandovers.view.DetailExecuteHOsap.m.Button{\"propertyName\":\"text\",\"key\":\"confirmAll\"}"}]}
RESULT: undefined
COMMAND: POST /session/c0099c8ef87d8f1a9c022bedeb80dcd8/element - {"using":"xpath","value":"//*[@id=\"__button136\"]"}
RESULT: {"using":"xpath","value":"//*[@id=\"__button136\"]"}
COMMAND: POST /session/c0099c8ef87d8f1a9c022bedeb80dcd8/element/f.37E7500FB3BEF60B72C91044CCDB3F00.d.820D474D52815923AA88AD6843AB64E3.e.19346/click - {}
RESULT: {}
COMMAND: POST /session/c0099c8ef87d8f1a9c022bedeb80dcd8/execute/async - {"script":"<script> [1562 bytes]","args":[{"selector":{"controlType":"sap.m.Button","properties":{"text":"OK"},"searchOpenDialogs":true,"interaction":{"idSuffix":"BDI-content"}},"wdio_ui5_key":"sapm.Button{\"text\":\"OK\"}"}]}
COMMAND: GET /session/c0099c8ef87d8f1a9c022bedeb80dcd8/screenshot - {}
RESULT: {"script":"<script> [1562 bytes]","args":[{"selector":{"controlType":"sap.m.Button","properties":{"text":"OK"},"searchOpenDialogs":true,"interaction":{"idSuffix":"BDI-content"}},"wdio_ui5_key":"sapm.Button{\"text\":\"OK\"}"}]}
RESULT: undefined
COMMAND: POST /session/c0099c8ef87d8f1a9c022bedeb80dcd8/element - {"using":"xpath","value":"//*[@id=\"__mbox-btn-2\"]"}
RESULT: {}
RESULT: {"using":"xpath","value":"//*[@id=\"__mbox-btn-2\"]"}
COMMAND: POST /session/c0099c8ef87d8f1a9c022bedeb80dcd8/element/f.37E7500FB3BEF60B72C91044CCDB3F00.d.820D474D52815923AA88AD6843AB64E3.e.19347/click - {}
RESULT: {}
COMMAND: GET /session/c0099c8ef87d8f1a9c022bedeb80dcd8/screenshot - {}
RESULT: {}
COMMAND: POST /session/c0099c8ef87d8f1a9c022bedeb80dcd8/element - {"using":"xpath","value":"//input[contains(@id, \"receiptDatePicker-inner\")]"}
RESULT: {"using":"xpath","value":"//input[contains(@id, \"receiptDatePicker-inner\")]"}
COMMAND: POST /session/c0099c8ef87d8f1a9c022bedeb80dcd8/elements - {"using":"xpath","value":"//input[contains(@id, \"receiptDatePicker-inner\")]"}
RESULT: {"using":"xpath","value":"//input[contains(@id, \"receiptDatePicker-inner\")]"}
COMMAND: POST /session/c0099c8ef87d8f1a9c022bedeb80dcd8/execute/sync - {"script":"<script> [8489 bytes]","args":[{"element-6066-11e4-a52e-4f735466cecf":"f.37E7500FB3BEF60B72C91044CCDB3F00.d.820D474D52815923AA88AD6843AB64E3.e.19269","ELEMENT":"f.37E7500FB3BEF60B72C91044CCDB3F00.d.820D474D52815923AA88AD6843AB64E3.e.19269"}]}
RESULT: {"script":"<script> [8489 bytes]","args":[{"element-6066-11e4-a52e-4f735466cecf":"f.37E7500FB3BEF60B72C91044CCDB3F00.d.820D474D52815923AA88AD6843AB64E3.e.19269","ELEMENT":"f.37E7500FB3BEF60B72C91044CCDB3F00.d.820D474D52815923AA88AD6843AB64E3.e.19269"}]}
COMMAND: GET /session/c0099c8ef87d8f1a9c022bedeb80dcd8/element/f.37E7500FB3BEF60B72C91044CCDB3F00.d.820D474D52815923AA88AD6843AB64E3.e.19269/enabled - {}
COMMAND: GET /session/c0099c8ef87d8f1a9c022bedeb80dcd8/screenshot - {}
RESULT: {}
COMMAND: POST /session/c0099c8ef87d8f1a9c022bedeb80dcd8/element/f.37E7500FB3BEF60B72C91044CCDB3F00.d.820D474D52815923AA88AD6843AB64E3.e.19269/click - {}
COMMAND: GET /session/c0099c8ef87d8f1a9c022bedeb80dcd8/screenshot - {}
RESULT: {}
RESULT: {}
COMMAND: POST /session/c0099c8ef87d8f1a9c022bedeb80dcd8/element/f.37E7500FB3BEF60B72C91044CCDB3F00.d.820D474D52815923AA88AD6843AB64E3.e.19269/clear - {}
COMMAND: GET /session/c0099c8ef87d8f1a9c022bedeb80dcd8/screenshot - {}
RESULT: {}
RESULT: {}
COMMAND: POST /session/c0099c8ef87d8f1a9c022bedeb80dcd8/element/f.37E7500FB3BEF60B72C91044CCDB3F00.d.820D474D52815923AA88AD6843AB64E3.e.19269/clear - {}
COMMAND: GET /session/c0099c8ef87d8f1a9c022bedeb80dcd8/screenshot - {}
RESULT: {}
RESULT: {}
COMMAND: POST /session/c0099c8ef87d8f1a9c022bedeb80dcd8/element/f.37E7500FB3BEF60B72C91044CCDB3F00.d.820D474D52815923AA88AD6843AB64E3.e.19269/value - {"text":"5/2/25"}
COMMAND: GET /session/c0099c8ef87d8f1a9c022bedeb80dcd8/screenshot - {}
RESULT: {}
RESULT: {"text":"5/2/25"}
COMMAND: POST /session/c0099c8ef87d8f1a9c022bedeb80dcd8/execute/async - {"script":"<script> [1562 bytes]","args":[{"selector":{"id":"confirmationButton","viewName":"etm.portal.ui.managehandovers.view.DetailExecuteHO","interaction":{"idSuffix":"BDI-content"}},"wdio_ui5_key":"confirmationButtonetmportal.ui.managehandovers.view.DetailExecuteHO"}]}
COMMAND: GET /session/c0099c8ef87d8f1a9c022bedeb80dcd8/screenshot - {}
RESULT: {}
RESULT: {"script":"<script> [1562 bytes]","args":[{"selector":{"id":"confirmationButton","viewName":"etm.portal.ui.managehandovers.view.DetailExecuteHO","interaction":{"idSuffix":"BDI-content"}},"wdio_ui5_key":"confirmationButtonetmportal.ui.managehandovers.view.DetailExecuteHO"}]}
RESULT: undefined
RESULT: {}
]]></system-out>
    </testcase>
  </testsuite>
</testsuites>