<?xml version="1.0" encoding="UTF-8"?>
<testsuites tests="21" failures="0" errors="0" skipped="0">
  <testsuite timestamp="2025-04-29T05:51:28" time="337.776" tests="3" failures="0" errors="0" skipped="0">
    <properties>
      <property name="specId" value="0" />
      <property name="suiteName" value="Create condition pricing US117289 US134625" />
      <property name="capabilities" value="chrome.135_0_7049_96.windows" />
      <property name="file" value="file:///D:/a/1/s/test/specs/BTS/create-condition-pricing.spec.js" />
    </properties>
    <testcase classname="chrome.135_0_7049_96.windows.Create_condition_pricing_US117289_US134625" name="Should create a new yard used for all following tests" time="94.172">
      <system-out><![CDATA[
COMMAND: POST /session/4e5157c5e3d60ff16ea2322a9d8395ac/window/fullscreen - {}
RESULT: {}
COMMAND: POST /session/4e5157c5e3d60ff16ea2322a9d8395ac/execute/async - {"script":"<script> [1562 bytes]","args":[{"selector":{"controlType":"sap.m.GenericTile","properties":{"header":"Manage Yards"}},"wdio_ui5_key":"sapm.GenericTile{\"header\":\"Manage Yards\"}"}]}
RESULT: {"script":"<script> [1562 bytes]","args":[{"selector":{"controlType":"sap.m.GenericTile","properties":{"header":"Manage Yards"}},"wdio_ui5_key":"sapm.GenericTile{\"header\":\"Manage Yards\"}"}]}
RESULT: undefined
COMMAND: POST /session/4e5157c5e3d60ff16ea2322a9d8395ac/element - {"using":"xpath","value":"//*[@id=\"__tile41\"]"}
RESULT: {"using":"xpath","value":"//*[@id=\"__tile41\"]"}
COMMAND: POST /session/4e5157c5e3d60ff16ea2322a9d8395ac/element/f.F3EAD7D8D889EB61F600F49A8CF35C29.d.F79C160003FD9C98FC042E631F51E94D.e.153/click - {}
RESULT: {}
COMMAND: POST /session/4e5157c5e3d60ff16ea2322a9d8395ac/element - {"using":"xpath","value":"//button[@data-kt=\"addNewYardOverflowToolbarButton\"]"}
COMMAND: GET /session/4e5157c5e3d60ff16ea2322a9d8395ac/screenshot - {}
RESULT: {"using":"xpath","value":"//button[@data-kt=\"addNewYardOverflowToolbarButton\"]"}
COMMAND: POST /session/4e5157c5e3d60ff16ea2322a9d8395ac/elements - {"using":"xpath","value":"//button[@data-kt=\"addNewYardOverflowToolbarButton\"]"}
RESULT: {}
RESULT: {"using":"xpath","value":"//button[@data-kt=\"addNewYardOverflowToolbarButton\"]"}
COMMAND: POST /session/4e5157c5e3d60ff16ea2322a9d8395ac/elements - {"using":"xpath","value":"//button[@data-kt=\"addNewYardOverflowToolbarButton\"]"}
RESULT: {"using":"xpath","value":"//button[@data-kt=\"addNewYardOverflowToolbarButton\"]"}
COMMAND: POST /session/4e5157c5e3d60ff16ea2322a9d8395ac/elements - {"using":"xpath","value":"//button[@data-kt=\"addNewYardOverflowToolbarButton\"]"}
RESULT: {"using":"xpath","value":"//button[@data-kt=\"addNewYardOverflowToolbarButton\"]"}
COMMAND: POST /session/4e5157c5e3d60ff16ea2322a9d8395ac/elements - {"using":"xpath","value":"//button[@data-kt=\"addNewYardOverflowToolbarButton\"]"}
RESULT: {"using":"xpath","value":"//button[@data-kt=\"addNewYardOverflowToolbarButton\"]"}
COMMAND: POST /session/4e5157c5e3d60ff16ea2322a9d8395ac/elements - {"using":"xpath","value":"//button[@data-kt=\"addNewYardOverflowToolbarButton\"]"}
RESULT: {"using":"xpath","value":"//button[@data-kt=\"addNewYardOverflowToolbarButton\"]"}
COMMAND: POST /session/4e5157c5e3d60ff16ea2322a9d8395ac/elements - {"using":"xpath","value":"//button[@data-kt=\"addNewYardOverflowToolbarButton\"]"}
RESULT: {"using":"xpath","value":"//button[@data-kt=\"addNewYardOverflowToolbarButton\"]"}
COMMAND: POST /session/4e5157c5e3d60ff16ea2322a9d8395ac/elements - {"using":"xpath","value":"//button[@data-kt=\"addNewYardOverflowToolbarButton\"]"}
RESULT: {"using":"xpath","value":"//button[@data-kt=\"addNewYardOverflowToolbarButton\"]"}
COMMAND: POST /session/4e5157c5e3d60ff16ea2322a9d8395ac/elements - {"using":"xpath","value":"//button[@data-kt=\"addNewYardOverflowToolbarButton\"]"}
RESULT: {"using":"xpath","value":"//button[@data-kt=\"addNewYardOverflowToolbarButton\"]"}
COMMAND: POST /session/4e5157c5e3d60ff16ea2322a9d8395ac/elements - {"using":"xpath","value":"//button[@data-kt=\"addNewYardOverflowToolbarButton\"]"}
RESULT: {"using":"xpath","value":"//button[@data-kt=\"addNewYardOverflowToolbarButton\"]"}
COMMAND: POST /session/4e5157c5e3d60ff16ea2322a9d8395ac/elements - {"using":"xpath","value":"//button[@data-kt=\"addNewYardOverflowToolbarButton\"]"}
RESULT: {"using":"xpath","value":"//button[@data-kt=\"addNewYardOverflowToolbarButton\"]"}
COMMAND: POST /session/4e5157c5e3d60ff16ea2322a9d8395ac/elements - {"using":"xpath","value":"//button[@data-kt=\"addNewYardOverflowToolbarButton\"]"}
RESULT: {"using":"xpath","value":"//button[@data-kt=\"addNewYardOverflowToolbarButton\"]"}
COMMAND: POST /session/4e5157c5e3d60ff16ea2322a9d8395ac/elements - {"using":"xpath","value":"//button[@data-kt=\"addNewYardOverflowToolbarButton\"]"}
RESULT: {"using":"xpath","value":"//button[@data-kt=\"addNewYardOverflowToolbarButton\"]"}
COMMAND: POST /session/4e5157c5e3d60ff16ea2322a9d8395ac/elements - {"using":"xpath","value":"//button[@data-kt=\"addNewYardOverflowToolbarButton\"]"}
RESULT: {"using":"xpath","value":"//button[@data-kt=\"addNewYardOverflowToolbarButton\"]"}
COMMAND: POST /session/4e5157c5e3d60ff16ea2322a9d8395ac/elements - {"using":"xpath","value":"//button[@data-kt=\"addNewYardOverflowToolbarButton\"]"}
RESULT: {"using":"xpath","value":"//button[@data-kt=\"addNewYardOverflowToolbarButton\"]"}
COMMAND: POST /session/4e5157c5e3d60ff16ea2322a9d8395ac/elements - {"using":"xpath","value":"//button[@data-kt=\"addNewYardOverflowToolbarButton\"]"}
RESULT: {"using":"xpath","value":"//button[@data-kt=\"addNewYardOverflowToolbarButton\"]"}
COMMAND: POST /session/4e5157c5e3d60ff16ea2322a9d8395ac/elements - {"using":"xpath","value":"//button[@data-kt=\"addNewYardOverflowToolbarButton\"]"}
RESULT: {"using":"xpath","value":"//button[@data-kt=\"addNewYardOverflowToolbarButton\"]"}
COMMAND: POST /session/4e5157c5e3d60ff16ea2322a9d8395ac/elements - {"using":"xpath","value":"//button[@data-kt=\"addNewYardOverflowToolbarButton\"]"}
RESULT: {"using":"xpath","value":"//button[@data-kt=\"addNewYardOverflowToolbarButton\"]"}
COMMAND: POST /session/4e5157c5e3d60ff16ea2322a9d8395ac/elements - {"using":"xpath","value":"//button[@data-kt=\"addNewYardOverflowToolbarButton\"]"}
RESULT: {"using":"xpath","value":"//button[@data-kt=\"addNewYardOverflowToolbarButton\"]"}
COMMAND: POST /session/4e5157c5e3d60ff16ea2322a9d8395ac/elements - {"using":"xpath","value":"//button[@data-kt=\"addNewYardOverflowToolbarButton\"]"}
RESULT: {"using":"xpath","value":"//button[@data-kt=\"addNewYardOverflowToolbarButton\"]"}
COMMAND: POST /session/4e5157c5e3d60ff16ea2322a9d8395ac/elements - {"using":"xpath","value":"//button[@data-kt=\"addNewYardOverflowToolbarButton\"]"}
RESULT: {"using":"xpath","value":"//button[@data-kt=\"addNewYardOverflowToolbarButton\"]"}
COMMAND: POST /session/4e5157c5e3d60ff16ea2322a9d8395ac/elements - {"using":"xpath","value":"//button[@data-kt=\"addNewYardOverflowToolbarButton\"]"}
RESULT: {"using":"xpath","value":"//button[@data-kt=\"addNewYardOverflowToolbarButton\"]"}
COMMAND: POST /session/4e5157c5e3d60ff16ea2322a9d8395ac/elements - {"using":"xpath","value":"//button[@data-kt=\"addNewYardOverflowToolbarButton\"]"}
RESULT: {"using":"xpath","value":"//button[@data-kt=\"addNewYardOverflowToolbarButton\"]"}
COMMAND: POST /session/4e5157c5e3d60ff16ea2322a9d8395ac/elements - {"using":"xpath","value":"//button[@data-kt=\"addNewYardOverflowToolbarButton\"]"}
RESULT: {"using":"xpath","value":"//button[@data-kt=\"addNewYardOverflowToolbarButton\"]"}
COMMAND: POST /session/4e5157c5e3d60ff16ea2322a9d8395ac/element - {"using":"xpath","value":"//button[@data-kt=\"addNewYardOverflowToolbarButton\"]"}
RESULT: {"using":"xpath","value":"//button[@data-kt=\"addNewYardOverflowToolbarButton\"]"}
COMMAND: POST /session/4e5157c5e3d60ff16ea2322a9d8395ac/execute/sync - {"script":"<script> [8489 bytes]","args":[{"element-6066-11e4-a52e-4f735466cecf":"f.F3EAD7D8D889EB61F600F49A8CF35C29.d.F79C160003FD9C98FC042E631F51E94D.e.289","ELEMENT":"f.F3EAD7D8D889EB61F600F49A8CF35C29.d.F79C160003FD9C98FC042E631F51E94D.e.289"}]}
RESULT: {"script":"<script> [8489 bytes]","args":[{"element-6066-11e4-a52e-4f735466cecf":"f.F3EAD7D8D889EB61F600F49A8CF35C29.d.F79C160003FD9C98FC042E631F51E94D.e.289","ELEMENT":"f.F3EAD7D8D889EB61F600F49A8CF35C29.d.F79C160003FD9C98FC042E631F51E94D.e.289"}]}
COMMAND: GET /session/4e5157c5e3d60ff16ea2322a9d8395ac/element/f.F3EAD7D8D889EB61F600F49A8CF35C29.d.F79C160003FD9C98FC042E631F51E94D.e.289/enabled - {}
COMMAND: GET /session/4e5157c5e3d60ff16ea2322a9d8395ac/screenshot - {}
RESULT: {}
COMMAND: POST /session/4e5157c5e3d60ff16ea2322a9d8395ac/execute/sync - {"script":"<script> [8489 bytes]","args":[{"element-6066-11e4-a52e-4f735466cecf":"f.F3EAD7D8D889EB61F600F49A8CF35C29.d.F79C160003FD9C98FC042E631F51E94D.e.289","ELEMENT":"f.F3EAD7D8D889EB61F600F49A8CF35C29.d.F79C160003FD9C98FC042E631F51E94D.e.289"}]}
COMMAND: GET /session/4e5157c5e3d60ff16ea2322a9d8395ac/screenshot - {}
RESULT: {}
RESULT: {"script":"<script> [8489 bytes]","args":[{"element-6066-11e4-a52e-4f735466cecf":"f.F3EAD7D8D889EB61F600F49A8CF35C29.d.F79C160003FD9C98FC042E631F51E94D.e.289","ELEMENT":"f.F3EAD7D8D889EB61F600F49A8CF35C29.d.F79C160003FD9C98FC042E631F51E94D.e.289"}]}
COMMAND: POST /session/4e5157c5e3d60ff16ea2322a9d8395ac/execute/sync - {"script":"<script> [5351 bytes]","args":[{"element-6066-11e4-a52e-4f735466cecf":"f.F3EAD7D8D889EB61F600F49A8CF35C29.d.F79C160003FD9C98FC042E631F51E94D.e.289","ELEMENT":"f.F3EAD7D8D889EB61F600F49A8CF35C29.d.F79C160003FD9C98FC042E631F51E94D.e.289"}]}
COMMAND: GET /session/4e5157c5e3d60ff16ea2322a9d8395ac/screenshot - {}
RESULT: {}
RESULT: {"script":"<script> [5351 bytes]","args":[{"element-6066-11e4-a52e-4f735466cecf":"f.F3EAD7D8D889EB61F600F49A8CF35C29.d.F79C160003FD9C98FC042E631F51E94D.e.289","ELEMENT":"f.F3EAD7D8D889EB61F600F49A8CF35C29.d.F79C160003FD9C98FC042E631F51E94D.e.289"}]}
COMMAND: POST /session/4e5157c5e3d60ff16ea2322a9d8395ac/element/f.F3EAD7D8D889EB61F600F49A8CF35C29.d.F79C160003FD9C98FC042E631F51E94D.e.289/click - {}
COMMAND: GET /session/4e5157c5e3d60ff16ea2322a9d8395ac/screenshot - {}
RESULT: {}
RESULT: {}
COMMAND: GET /session/4e5157c5e3d60ff16ea2322a9d8395ac/screenshot - {}
RESULT: {}
COMMAND: POST /session/4e5157c5e3d60ff16ea2322a9d8395ac/element - {"using":"xpath","value":"//input[@id=\"application-manageyards-display-component---NewYard--yardId-inner\"]"}
RESULT: {}
RESULT: {"using":"xpath","value":"//input[@id=\"application-manageyards-display-component---NewYard--yardId-inner\"]"}
COMMAND: POST /session/4e5157c5e3d60ff16ea2322a9d8395ac/element - {"using":"xpath","value":"//input[@id=\"application-manageyards-display-component---NewYard--yardId-inner\"]"}
RESULT: {"using":"xpath","value":"//input[@id=\"application-manageyards-display-component---NewYard--yardId-inner\"]"}
COMMAND: POST /session/4e5157c5e3d60ff16ea2322a9d8395ac/execute/async - {"script":"<script> [1562 bytes]","args":[{"selector":{"id":"application-manageyards-display-component---NewYard--addressDetailDetailsName1","interaction":{"idSuffix":"inner"}},"wdio_ui5_key":"applicationmanageyards-display-component---NewYard--addressDetailDetailsName1"}]}
RESULT: {"script":"<script> [1562 bytes]","args":[{"selector":{"id":"application-manageyards-display-component---NewYard--addressDetailDetailsName1","interaction":{"idSuffix":"inner"}},"wdio_ui5_key":"applicationmanageyards-display-component---NewYard--addressDetailDetailsName1"}]}
RESULT: undefined
COMMAND: POST /session/4e5157c5e3d60ff16ea2322a9d8395ac/execute/async - {"script":"<script> [776 bytes]","args":[{"enterText":"DailyPrice WDIO","selector":{"id":"application-manageyards-display-component---NewYard--addressDetailDetailsName1","interaction":{"idSuffix":"inner"}},"clearTextFirst":true,"interactionType":"ENTER_TEXT"}]}
RESULT: {"script":"<script> [776 bytes]","args":[{"enterText":"DailyPrice WDIO","selector":{"id":"application-manageyards-display-component---NewYard--addressDetailDetailsName1","interaction":{"idSuffix":"inner"}},"clearTextFirst":true,"interactionType":"ENTER_TEXT"}]}
COMMAND: POST /session/4e5157c5e3d60ff16ea2322a9d8395ac/execute/async - {"script":"<script> [1562 bytes]","args":[{"selector":{"id":"application-manageyards-display-component---NewYard--addressDetailDetailsLanguage-arrow"},"wdio_ui5_key":"applicationmanageyards-display-component---NewYard--addressDetailDetailsLanguage-arrow"}]}
RESULT: {"script":"<script> [1562 bytes]","args":[{"selector":{"id":"application-manageyards-display-component---NewYard--addressDetailDetailsLanguage-arrow"},"wdio_ui5_key":"applicationmanageyards-display-component---NewYard--addressDetailDetailsLanguage-arrow"}]}
RESULT: undefined
COMMAND: POST /session/4e5157c5e3d60ff16ea2322a9d8395ac/element - {"using":"xpath","value":"//*[@id=\"application-manageyards-display-component---NewYard--addressDetailDetailsLanguage-arrow\"]"}
RESULT: {"using":"xpath","value":"//*[@id=\"application-manageyards-display-component---NewYard--addressDetailDetailsLanguage-arrow\"]"}
COMMAND: POST /session/4e5157c5e3d60ff16ea2322a9d8395ac/element/f.F3EAD7D8D889EB61F600F49A8CF35C29.d.F79C160003FD9C98FC042E631F51E94D.e.727/click - {}
RESULT: {}
COMMAND: POST /session/4e5157c5e3d60ff16ea2322a9d8395ac/element - {"using":"xpath","value":"//span[contains(text(), \"English\")]"}
COMMAND: GET /session/4e5157c5e3d60ff16ea2322a9d8395ac/screenshot - {}
RESULT: {"using":"xpath","value":"//span[contains(text(), \"English\")]"}
COMMAND: POST /session/4e5157c5e3d60ff16ea2322a9d8395ac/element/f.F3EAD7D8D889EB61F600F49A8CF35C29.d.F79C160003FD9C98FC042E631F51E94D.e.728/click - {}
RESULT: {}
RESULT: {}
COMMAND: POST /session/4e5157c5e3d60ff16ea2322a9d8395ac/execute/async - {"script":"<script> [1562 bytes]","args":[{"selector":{"id":"application-manageyards-display-component---NewYard--addressDetailDetailsCity1","interaction":{"idSuffix":"inner"}},"wdio_ui5_key":"applicationmanageyards-display-component---NewYard--addressDetailDetailsCity1"}]}
COMMAND: GET /session/4e5157c5e3d60ff16ea2322a9d8395ac/screenshot - {}
RESULT: {"script":"<script> [1562 bytes]","args":[{"selector":{"id":"application-manageyards-display-component---NewYard--addressDetailDetailsCity1","interaction":{"idSuffix":"inner"}},"wdio_ui5_key":"applicationmanageyards-display-component---NewYard--addressDetailDetailsCity1"}]}
RESULT: undefined
COMMAND: POST /session/4e5157c5e3d60ff16ea2322a9d8395ac/execute/async - {"script":"<script> [776 bytes]","args":[{"enterText":"Rosario","selector":{"id":"application-manageyards-display-component---NewYard--addressDetailDetailsCity1","interaction":{"idSuffix":"inner"}},"clearTextFirst":true,"interactionType":"ENTER_TEXT"}]}
RESULT: {}
RESULT: {"script":"<script> [776 bytes]","args":[{"enterText":"Rosario","selector":{"id":"application-manageyards-display-component---NewYard--addressDetailDetailsCity1","interaction":{"idSuffix":"inner"}},"clearTextFirst":true,"interactionType":"ENTER_TEXT"}]}
COMMAND: POST /session/4e5157c5e3d60ff16ea2322a9d8395ac/execute/async - {"script":"<script> [1562 bytes]","args":[{"selector":{"id":"application-manageyards-display-component---NewYard--addressDetailDetailsCountry-arrow"},"wdio_ui5_key":"applicationmanageyards-display-component---NewYard--addressDetailDetailsCountry-arrow"}]}
RESULT: {"script":"<script> [1562 bytes]","args":[{"selector":{"id":"application-manageyards-display-component---NewYard--addressDetailDetailsCountry-arrow"},"wdio_ui5_key":"applicationmanageyards-display-component---NewYard--addressDetailDetailsCountry-arrow"}]}
RESULT: undefined
COMMAND: POST /session/4e5157c5e3d60ff16ea2322a9d8395ac/element - {"using":"xpath","value":"//*[@id=\"application-manageyards-display-component---NewYard--addressDetailDetailsCountry-arrow\"]"}
RESULT: {"using":"xpath","value":"//*[@id=\"application-manageyards-display-component---NewYard--addressDetailDetailsCountry-arrow\"]"}
COMMAND: POST /session/4e5157c5e3d60ff16ea2322a9d8395ac/element/f.F3EAD7D8D889EB61F600F49A8CF35C29.d.F79C160003FD9C98FC042E631F51E94D.e.730/click - {}
RESULT: {}
COMMAND: POST /session/4e5157c5e3d60ff16ea2322a9d8395ac/element - {"using":"xpath","value":"//span[contains(text(), \"Argentina\")]"}
COMMAND: GET /session/4e5157c5e3d60ff16ea2322a9d8395ac/screenshot - {}
RESULT: {"using":"xpath","value":"//span[contains(text(), \"Argentina\")]"}
COMMAND: POST /session/4e5157c5e3d60ff16ea2322a9d8395ac/element/f.F3EAD7D8D889EB61F600F49A8CF35C29.d.F79C160003FD9C98FC042E631F51E94D.e.731/click - {}
RESULT: {}
RESULT: {}
COMMAND: POST /session/4e5157c5e3d60ff16ea2322a9d8395ac/execute/async - {"script":"<script> [1562 bytes]","args":[{"selector":{"id":"application-manageyards-display-component---NewYard--addressEditDetailsCostObjectCstType-arrow"},"wdio_ui5_key":"applicationmanageyards-display-component---NewYard--addressEditDetailsCostObjectCstType-arrow"}]}
COMMAND: GET /session/4e5157c5e3d60ff16ea2322a9d8395ac/screenshot - {}
RESULT: {"script":"<script> [1562 bytes]","args":[{"selector":{"id":"application-manageyards-display-component---NewYard--addressEditDetailsCostObjectCstType-arrow"},"wdio_ui5_key":"applicationmanageyards-display-component---NewYard--addressEditDetailsCostObjectCstType-arrow"}]}
RESULT: undefined
COMMAND: POST /session/4e5157c5e3d60ff16ea2322a9d8395ac/element - {"using":"xpath","value":"//*[@id=\"application-manageyards-display-component---NewYard--addressEditDetailsCostObjectCstType-arrow\"]"}
RESULT: {}
RESULT: {"using":"xpath","value":"//*[@id=\"application-manageyards-display-component---NewYard--addressEditDetailsCostObjectCstType-arrow\"]"}
COMMAND: POST /session/4e5157c5e3d60ff16ea2322a9d8395ac/element/f.F3EAD7D8D889EB61F600F49A8CF35C29.d.F79C160003FD9C98FC042E631F51E94D.e.733/click - {}
RESULT: {}
COMMAND: POST /session/4e5157c5e3d60ff16ea2322a9d8395ac/element - {"using":"xpath","value":"//span[contains(text(), \"Cost Center\")]"}
COMMAND: GET /session/4e5157c5e3d60ff16ea2322a9d8395ac/screenshot - {}
RESULT: {"using":"xpath","value":"//span[contains(text(), \"Cost Center\")]"}
COMMAND: POST /session/4e5157c5e3d60ff16ea2322a9d8395ac/element/f.F3EAD7D8D889EB61F600F49A8CF35C29.d.F79C160003FD9C98FC042E631F51E94D.e.734/click - {}
RESULT: {}
RESULT: {}
COMMAND: GET /session/4e5157c5e3d60ff16ea2322a9d8395ac/screenshot - {}
RESULT: {}
COMMAND: POST /session/4e5157c5e3d60ff16ea2322a9d8395ac/element - {"using":"xpath","value":"//span[@id=\"application-manageyards-display-component---NewYard--addressNewCostObjectCstID-vhi\"]"}
RESULT: {"using":"xpath","value":"//span[@id=\"application-manageyards-display-component---NewYard--addressNewCostObjectCstID-vhi\"]"}
COMMAND: POST /session/4e5157c5e3d60ff16ea2322a9d8395ac/execute/sync - {"script":"<script> [8489 bytes]","args":[{"element-6066-11e4-a52e-4f735466cecf":"f.F3EAD7D8D889EB61F600F49A8CF35C29.d.F79C160003FD9C98FC042E631F51E94D.e.738","ELEMENT":"f.F3EAD7D8D889EB61F600F49A8CF35C29.d.F79C160003FD9C98FC042E631F51E94D.e.738"}]}
RESULT: {"script":"<script> [8489 bytes]","args":[{"element-6066-11e4-a52e-4f735466cecf":"f.F3EAD7D8D889EB61F600F49A8CF35C29.d.F79C160003FD9C98FC042E631F51E94D.e.738","ELEMENT":"f.F3EAD7D8D889EB61F600F49A8CF35C29.d.F79C160003FD9C98FC042E631F51E94D.e.738"}]}
COMMAND: POST /session/4e5157c5e3d60ff16ea2322a9d8395ac/execute/async - {"script":"<script> [1562 bytes]","args":[{"selector":{"id":"application-manageyards-display-component---NewYard--addressNewCostObjectCstID-vhi"},"wdio_ui5_key":"applicationmanageyards-display-component---NewYard--addressNewCostObjectCstID-vhi"}]}
COMMAND: GET /session/4e5157c5e3d60ff16ea2322a9d8395ac/screenshot - {}
RESULT: {"script":"<script> [1562 bytes]","args":[{"selector":{"id":"application-manageyards-display-component---NewYard--addressNewCostObjectCstID-vhi"},"wdio_ui5_key":"applicationmanageyards-display-component---NewYard--addressNewCostObjectCstID-vhi"}]}
RESULT: undefined
COMMAND: POST /session/4e5157c5e3d60ff16ea2322a9d8395ac/element - {"using":"xpath","value":"//*[@id=\"application-manageyards-display-component---NewYard--addressNewCostObjectCstID-vhi\"]"}
RESULT: {}
RESULT: {"using":"xpath","value":"//*[@id=\"application-manageyards-display-component---NewYard--addressNewCostObjectCstID-vhi\"]"}
COMMAND: POST /session/4e5157c5e3d60ff16ea2322a9d8395ac/element/f.F3EAD7D8D889EB61F600F49A8CF35C29.d.F79C160003FD9C98FC042E631F51E94D.e.738/click - {}
RESULT: {}
COMMAND: GET /session/4e5157c5e3d60ff16ea2322a9d8395ac/screenshot - {}
RESULT: {}
COMMAND: POST /session/4e5157c5e3d60ff16ea2322a9d8395ac/execute/async - {"script":"<script> [1562 bytes]","args":[{"selector":{"controlType":"sap.m.SearchField","properties":{"placeholder":"Search"},"searchOpenDialogs":true,"interaction":{"idSuffix":"I"}},"wdio_ui5_key":"sapm.SearchField{\"placeholder\":\"Search\"}"}]}
RESULT: {"script":"<script> [1562 bytes]","args":[{"selector":{"controlType":"sap.m.SearchField","properties":{"placeholder":"Search"},"searchOpenDialogs":true,"interaction":{"idSuffix":"I"}},"wdio_ui5_key":"sapm.SearchField{\"placeholder\":\"Search\"}"}]}
RESULT: undefined
COMMAND: POST /session/4e5157c5e3d60ff16ea2322a9d8395ac/execute/async - {"script":"<script> [776 bytes]","args":[{"enterText":"10001013","selector":{"controlType":"sap.m.SearchField","properties":{"placeholder":"Search"},"searchOpenDialogs":true,"interaction":{"idSuffix":"I"}},"clearTextFirst":true,"interactionType":"ENTER_TEXT"}]}
RESULT: {"script":"<script> [776 bytes]","args":[{"enterText":"10001013","selector":{"controlType":"sap.m.SearchField","properties":{"placeholder":"Search"},"searchOpenDialogs":true,"interaction":{"idSuffix":"I"}},"clearTextFirst":true,"interactionType":"ENTER_TEXT"}]}
COMMAND: POST /session/4e5157c5e3d60ff16ea2322a9d8395ac/actions - {"actions":[{"id":"action1","type":"key","parameters":{},"actions":[{"type":"keyDown","value":"î€‡"},{"type":"pause","duration":10},{"type":"keyUp","value":"î€‡"}]}]}
RESULT: {"actions":[{"id":"action1","type":"key","parameters":{},"actions":[{"type":"keyDown","value":"î€‡"},{"type":"pause","duration":10},{"type":"keyUp","value":"î€‡"}]}]}
COMMAND: GET /session/4e5157c5e3d60ff16ea2322a9d8395ac/screenshot - {}
RESULT: {}
COMMAND: POST /session/4e5157c5e3d60ff16ea2322a9d8395ac/element - {"using":"xpath","value":"//span[contains(text(), \"General Management\")]"}
RESULT: {"using":"xpath","value":"//span[contains(text(), \"General Management\")]"}
COMMAND: POST /session/4e5157c5e3d60ff16ea2322a9d8395ac/element/f.F3EAD7D8D889EB61F600F49A8CF35C29.d.F79C160003FD9C98FC042E631F51E94D.e.780/click - {}
RESULT: {}
COMMAND: GET /session/4e5157c5e3d60ff16ea2322a9d8395ac/screenshot - {}
RESULT: {}
COMMAND: POST /session/4e5157c5e3d60ff16ea2322a9d8395ac/element - {"using":"xpath","value":"//bdi[contains(text(), \"OK\")]"}
RESULT: {"using":"xpath","value":"//bdi[contains(text(), \"OK\")]"}
COMMAND: POST /session/4e5157c5e3d60ff16ea2322a9d8395ac/element/f.F3EAD7D8D889EB61F600F49A8CF35C29.d.F79C160003FD9C98FC042E631F51E94D.e.781/click - {}
RESULT: {}
COMMAND: GET /session/4e5157c5e3d60ff16ea2322a9d8395ac/screenshot - {}
RESULT: {}
COMMAND: POST /session/4e5157c5e3d60ff16ea2322a9d8395ac/execute/async - {"script":"<script> [1562 bytes]","args":[{"selector":{"id":"application-manageyards-display-component---NewYard--addressEditDetailsCurrency-arrow"},"wdio_ui5_key":"applicationmanageyards-display-component---NewYard--addressEditDetailsCurrency-arrow"}]}
RESULT: {"script":"<script> [1562 bytes]","args":[{"selector":{"id":"application-manageyards-display-component---NewYard--addressEditDetailsCurrency-arrow"},"wdio_ui5_key":"applicationmanageyards-display-component---NewYard--addressEditDetailsCurrency-arrow"}]}
RESULT: undefined
COMMAND: POST /session/4e5157c5e3d60ff16ea2322a9d8395ac/element - {"using":"xpath","value":"//*[@id=\"application-manageyards-display-component---NewYard--addressEditDetailsCurrency-arrow\"]"}
RESULT: {"using":"xpath","value":"//*[@id=\"application-manageyards-display-component---NewYard--addressEditDetailsCurrency-arrow\"]"}
COMMAND: POST /session/4e5157c5e3d60ff16ea2322a9d8395ac/element/f.F3EAD7D8D889EB61F600F49A8CF35C29.d.F79C160003FD9C98FC042E631F51E94D.e.784/click - {}
RESULT: {}
COMMAND: POST /session/4e5157c5e3d60ff16ea2322a9d8395ac/element - {"using":"xpath","value":"//span[contains(text(), \"Euro\")]"}
COMMAND: GET /session/4e5157c5e3d60ff16ea2322a9d8395ac/screenshot - {}
RESULT: {"using":"xpath","value":"//span[contains(text(), \"Euro\")]"}
COMMAND: POST /session/4e5157c5e3d60ff16ea2322a9d8395ac/element/f.F3EAD7D8D889EB61F600F49A8CF35C29.d.F79C160003FD9C98FC042E631F51E94D.e.785/click - {}
RESULT: {}
RESULT: {}
COMMAND: POST /session/4e5157c5e3d60ff16ea2322a9d8395ac/execute/async - {"script":"<script> [1562 bytes]","args":[{"selector":{"controlType":"sap.m.Input","viewName":"etm.portal.ui.manageyards.view.New","viewId":"application-manageyards-display-component---NewYard","bindingPath":{"path":"","propertyPath":"/CONTROLLING_AREA","modelName":"NewYardModel"},"interaction":{"idSuffix":"inner"}},"wdio_ui5_key":"etmportal.ui.manageyards.view.Newsap.m.Input{\"path\":\"\",\"propertyPath\":\"/CONTROLLING_AREA\",\"modelName\":\"NewYardModel\"}"}]}
COMMAND: GET /session/4e5157c5e3d60ff16ea2322a9d8395ac/screenshot - {}
RESULT: {"script":"<script> [1562 bytes]","args":[{"selector":{"controlType":"sap.m.Input","viewName":"etm.portal.ui.manageyards.view.New","viewId":"application-manageyards-display-component---NewYard","bindingPath":{"path":"","propertyPath":"/CONTROLLING_AREA","modelName":"NewYardModel"},"interaction":{"idSuffix":"inner"}},"wdio_ui5_key":"etmportal.ui.manageyards.view.Newsap.m.Input{\"path\":\"\",\"propertyPath\":\"/CONTROLLING_AREA\",\"modelName\":\"NewYardModel\"}"}]}
RESULT: undefined
COMMAND: POST /session/4e5157c5e3d60ff16ea2322a9d8395ac/execute/async - {"script":"<script> [776 bytes]","args":[{"enterText":"Z001","selector":{"controlType":"sap.m.Input","viewName":"etm.portal.ui.manageyards.view.New","viewId":"application-manageyards-display-component---NewYard","bindingPath":{"path":"","propertyPath":"/CONTROLLING_AREA","modelName":"NewYardModel"},"interaction":{"idSuffix":"inner"}},"clearTextFirst":true,"interactionType":"ENTER_TEXT"}]}
RESULT: {}
RESULT: {"script":"<script> [776 bytes]","args":[{"enterText":"Z001","selector":{"controlType":"sap.m.Input","viewName":"etm.portal.ui.manageyards.view.New","viewId":"application-manageyards-display-component---NewYard","bindingPath":{"path":"","propertyPath":"/CONTROLLING_AREA","modelName":"NewYardModel"},"interaction":{"idSuffix":"inner"}},"clearTextFirst":true,"interactionType":"ENTER_TEXT"}]}
COMMAND: POST /session/4e5157c5e3d60ff16ea2322a9d8395ac/execute/async - {"script":"<script> [1562 bytes]","args":[{"selector":{"id":"application-manageyards-display-component---NewYard--companyCodeComboBox","interaction":{"idSuffix":"inner"}},"wdio_ui5_key":"applicationmanageyards-display-component---NewYard--companyCodeComboBox"}]}
RESULT: {"script":"<script> [1562 bytes]","args":[{"selector":{"id":"application-manageyards-display-component---NewYard--companyCodeComboBox","interaction":{"idSuffix":"inner"}},"wdio_ui5_key":"applicationmanageyards-display-component---NewYard--companyCodeComboBox"}]}
RESULT: undefined
COMMAND: POST /session/4e5157c5e3d60ff16ea2322a9d8395ac/execute/async - {"script":"<script> [776 bytes]","args":[{"enterText":"1000","selector":{"id":"application-manageyards-display-component---NewYard--companyCodeComboBox","interaction":{"idSuffix":"inner"}},"clearTextFirst":true,"interactionType":"ENTER_TEXT"}]}
RESULT: {"script":"<script> [776 bytes]","args":[{"enterText":"1000","selector":{"id":"application-manageyards-display-component---NewYard--companyCodeComboBox","interaction":{"idSuffix":"inner"}},"clearTextFirst":true,"interactionType":"ENTER_TEXT"}]}
COMMAND: POST /session/4e5157c5e3d60ff16ea2322a9d8395ac/execute/async - {"script":"<script> [1562 bytes]","args":[{"selector":{"controlType":"sap.m.Input","viewName":"etm.portal.ui.manageyards.view.New","viewId":"application-manageyards-display-component---NewYard","bindingPath":{"path":"","propertyPath":"/PLANT","modelName":"NewYardModel"},"interaction":{"idSuffix":"inner"}},"wdio_ui5_key":"etmportal.ui.manageyards.view.Newsap.m.Input{\"path\":\"\",\"propertyPath\":\"/PLANT\",\"modelName\":\"NewYardModel\"}"}]}
RESULT: {"script":"<script> [1562 bytes]","args":[{"selector":{"controlType":"sap.m.Input","viewName":"etm.portal.ui.manageyards.view.New","viewId":"application-manageyards-display-component---NewYard","bindingPath":{"path":"","propertyPath":"/PLANT","modelName":"NewYardModel"},"interaction":{"idSuffix":"inner"}},"wdio_ui5_key":"etmportal.ui.manageyards.view.Newsap.m.Input{\"path\":\"\",\"propertyPath\":\"/PLANT\",\"modelName\":\"NewYardModel\"}"}]}
RESULT: undefined
COMMAND: POST /session/4e5157c5e3d60ff16ea2322a9d8395ac/execute/async - {"script":"<script> [776 bytes]","args":[{"enterText":"1001","selector":{"controlType":"sap.m.Input","viewName":"etm.portal.ui.manageyards.view.New","viewId":"application-manageyards-display-component---NewYard","bindingPath":{"path":"","propertyPath":"/PLANT","modelName":"NewYardModel"},"interaction":{"idSuffix":"inner"}},"clearTextFirst":true,"interactionType":"ENTER_TEXT"}]}
RESULT: {"script":"<script> [776 bytes]","args":[{"enterText":"1001","selector":{"controlType":"sap.m.Input","viewName":"etm.portal.ui.manageyards.view.New","viewId":"application-manageyards-display-component---NewYard","bindingPath":{"path":"","propertyPath":"/PLANT","modelName":"NewYardModel"},"interaction":{"idSuffix":"inner"}},"clearTextFirst":true,"interactionType":"ENTER_TEXT"}]}
COMMAND: POST /session/4e5157c5e3d60ff16ea2322a9d8395ac/execute/async - {"script":"<script> [1562 bytes]","args":[{"selector":{"controlType":"sap.m.Input","viewName":"etm.portal.ui.manageyards.view.New","viewId":"application-manageyards-display-component---NewYard","bindingPath":{"path":"","propertyPath":"/SALES_AREA_VKORG","modelName":"NewYardModel"},"interaction":{"idSuffix":"inner"}},"wdio_ui5_key":"etmportal.ui.manageyards.view.Newsap.m.Input{\"path\":\"\",\"propertyPath\":\"/SALES_AREA_VKORG\",\"modelName\":\"NewYardModel\"}"}]}
RESULT: {"script":"<script> [1562 bytes]","args":[{"selector":{"controlType":"sap.m.Input","viewName":"etm.portal.ui.manageyards.view.New","viewId":"application-manageyards-display-component---NewYard","bindingPath":{"path":"","propertyPath":"/SALES_AREA_VKORG","modelName":"NewYardModel"},"interaction":{"idSuffix":"inner"}},"wdio_ui5_key":"etmportal.ui.manageyards.view.Newsap.m.Input{\"path\":\"\",\"propertyPath\":\"/SALES_AREA_VKORG\",\"modelName\":\"NewYardModel\"}"}]}
RESULT: undefined
COMMAND: POST /session/4e5157c5e3d60ff16ea2322a9d8395ac/execute/async - {"script":"<script> [776 bytes]","args":[{"enterText":"C002","selector":{"controlType":"sap.m.Input","viewName":"etm.portal.ui.manageyards.view.New","viewId":"application-manageyards-display-component---NewYard","bindingPath":{"path":"","propertyPath":"/SALES_AREA_VKORG","modelName":"NewYardModel"},"interaction":{"idSuffix":"inner"}},"clearTextFirst":true,"interactionType":"ENTER_TEXT"}]}
RESULT: {"script":"<script> [776 bytes]","args":[{"enterText":"C002","selector":{"controlType":"sap.m.Input","viewName":"etm.portal.ui.manageyards.view.New","viewId":"application-manageyards-display-component---NewYard","bindingPath":{"path":"","propertyPath":"/SALES_AREA_VKORG","modelName":"NewYardModel"},"interaction":{"idSuffix":"inner"}},"clearTextFirst":true,"interactionType":"ENTER_TEXT"}]}
COMMAND: POST /session/4e5157c5e3d60ff16ea2322a9d8395ac/execute/async - {"script":"<script> [1562 bytes]","args":[{"selector":{"controlType":"sap.m.Input","viewName":"etm.portal.ui.manageyards.view.New","viewId":"application-manageyards-display-component---NewYard","bindingPath":{"path":"","propertyPath":"/SALES_AREA_VTWEG","modelName":"NewYardModel"},"interaction":{"idSuffix":"inner"}},"wdio_ui5_key":"etmportal.ui.manageyards.view.Newsap.m.Input{\"path\":\"\",\"propertyPath\":\"/SALES_AREA_VTWEG\",\"modelName\":\"NewYardModel\"}"}]}
RESULT: {"script":"<script> [1562 bytes]","args":[{"selector":{"controlType":"sap.m.Input","viewName":"etm.portal.ui.manageyards.view.New","viewId":"application-manageyards-display-component---NewYard","bindingPath":{"path":"","propertyPath":"/SALES_AREA_VTWEG","modelName":"NewYardModel"},"interaction":{"idSuffix":"inner"}},"wdio_ui5_key":"etmportal.ui.manageyards.view.Newsap.m.Input{\"path\":\"\",\"propertyPath\":\"/SALES_AREA_VTWEG\",\"modelName\":\"NewYardModel\"}"}]}
RESULT: undefined
COMMAND: POST /session/4e5157c5e3d60ff16ea2322a9d8395ac/execute/async - {"script":"<script> [776 bytes]","args":[{"enterText":"C2","selector":{"controlType":"sap.m.Input","viewName":"etm.portal.ui.manageyards.view.New","viewId":"application-manageyards-display-component---NewYard","bindingPath":{"path":"","propertyPath":"/SALES_AREA_VTWEG","modelName":"NewYardModel"},"interaction":{"idSuffix":"inner"}},"clearTextFirst":true,"interactionType":"ENTER_TEXT"}]}
RESULT: {"script":"<script> [776 bytes]","args":[{"enterText":"C2","selector":{"controlType":"sap.m.Input","viewName":"etm.portal.ui.manageyards.view.New","viewId":"application-manageyards-display-component---NewYard","bindingPath":{"path":"","propertyPath":"/SALES_AREA_VTWEG","modelName":"NewYardModel"},"interaction":{"idSuffix":"inner"}},"clearTextFirst":true,"interactionType":"ENTER_TEXT"}]}
COMMAND: POST /session/4e5157c5e3d60ff16ea2322a9d8395ac/execute/async - {"script":"<script> [1562 bytes]","args":[{"selector":{"controlType":"sap.m.Input","viewName":"etm.portal.ui.manageyards.view.New","viewId":"application-manageyards-display-component---NewYard","bindingPath":{"path":"","propertyPath":"/SALES_AREA_SPART","modelName":"NewYardModel"},"interaction":{"idSuffix":"inner"}},"wdio_ui5_key":"etmportal.ui.manageyards.view.Newsap.m.Input{\"path\":\"\",\"propertyPath\":\"/SALES_AREA_SPART\",\"modelName\":\"NewYardModel\"}"}]}
RESULT: {"script":"<script> [1562 bytes]","args":[{"selector":{"controlType":"sap.m.Input","viewName":"etm.portal.ui.manageyards.view.New","viewId":"application-manageyards-display-component---NewYard","bindingPath":{"path":"","propertyPath":"/SALES_AREA_SPART","modelName":"NewYardModel"},"interaction":{"idSuffix":"inner"}},"wdio_ui5_key":"etmportal.ui.manageyards.view.Newsap.m.Input{\"path\":\"\",\"propertyPath\":\"/SALES_AREA_SPART\",\"modelName\":\"NewYardModel\"}"}]}
RESULT: undefined
COMMAND: POST /session/4e5157c5e3d60ff16ea2322a9d8395ac/execute/async - {"script":"<script> [776 bytes]","args":[{"enterText":"C2","selector":{"controlType":"sap.m.Input","viewName":"etm.portal.ui.manageyards.view.New","viewId":"application-manageyards-display-component---NewYard","bindingPath":{"path":"","propertyPath":"/SALES_AREA_SPART","modelName":"NewYardModel"},"interaction":{"idSuffix":"inner"}},"clearTextFirst":true,"interactionType":"ENTER_TEXT"}]}
RESULT: {"script":"<script> [776 bytes]","args":[{"enterText":"C2","selector":{"controlType":"sap.m.Input","viewName":"etm.portal.ui.manageyards.view.New","viewId":"application-manageyards-display-component---NewYard","bindingPath":{"path":"","propertyPath":"/SALES_AREA_SPART","modelName":"NewYardModel"},"interaction":{"idSuffix":"inner"}},"clearTextFirst":true,"interactionType":"ENTER_TEXT"}]}
COMMAND: POST /session/4e5157c5e3d60ff16ea2322a9d8395ac/execute/async - {"script":"<script> [1562 bytes]","args":[{"selector":{"controlType":"sap.m.Input","viewName":"etm.portal.ui.manageyards.view.New","viewId":"application-manageyards-display-component---NewYard","bindingPath":{"path":"","propertyPath":"/SHIP_POINT","modelName":"NewYardModel"},"interaction":{"idSuffix":"inner"}},"wdio_ui5_key":"etmportal.ui.manageyards.view.Newsap.m.Input{\"path\":\"\",\"propertyPath\":\"/SHIP_POINT\",\"modelName\":\"NewYardModel\"}"}]}
RESULT: {"script":"<script> [1562 bytes]","args":[{"selector":{"controlType":"sap.m.Input","viewName":"etm.portal.ui.manageyards.view.New","viewId":"application-manageyards-display-component---NewYard","bindingPath":{"path":"","propertyPath":"/SHIP_POINT","modelName":"NewYardModel"},"interaction":{"idSuffix":"inner"}},"wdio_ui5_key":"etmportal.ui.manageyards.view.Newsap.m.Input{\"path\":\"\",\"propertyPath\":\"/SHIP_POINT\",\"modelName\":\"NewYardModel\"}"}]}
RESULT: undefined
COMMAND: POST /session/4e5157c5e3d60ff16ea2322a9d8395ac/execute/async - {"script":"<script> [776 bytes]","args":[{"enterText":"1710","selector":{"controlType":"sap.m.Input","viewName":"etm.portal.ui.manageyards.view.New","viewId":"application-manageyards-display-component---NewYard","bindingPath":{"path":"","propertyPath":"/SHIP_POINT","modelName":"NewYardModel"},"interaction":{"idSuffix":"inner"}},"clearTextFirst":true,"interactionType":"ENTER_TEXT"}]}
RESULT: {"script":"<script> [776 bytes]","args":[{"enterText":"1710","selector":{"controlType":"sap.m.Input","viewName":"etm.portal.ui.manageyards.view.New","viewId":"application-manageyards-display-component---NewYard","bindingPath":{"path":"","propertyPath":"/SHIP_POINT","modelName":"NewYardModel"},"interaction":{"idSuffix":"inner"}},"clearTextFirst":true,"interactionType":"ENTER_TEXT"}]}
COMMAND: POST /session/4e5157c5e3d60ff16ea2322a9d8395ac/execute/async - {"script":"<script> [1562 bytes]","args":[{"selector":{"controlType":"sap.m.Input","viewName":"etm.portal.ui.manageyards.view.New","viewId":"application-manageyards-display-component---NewYard","bindingPath":{"path":"","propertyPath":"/DELIVERY_TYPE","modelName":"NewYardModel"},"interaction":{"idSuffix":"inner"}},"wdio_ui5_key":"etmportal.ui.manageyards.view.Newsap.m.Input{\"path\":\"\",\"propertyPath\":\"/DELIVERY_TYPE\",\"modelName\":\"NewYardModel\"}"}]}
RESULT: {"script":"<script> [1562 bytes]","args":[{"selector":{"controlType":"sap.m.Input","viewName":"etm.portal.ui.manageyards.view.New","viewId":"application-manageyards-display-component---NewYard","bindingPath":{"path":"","propertyPath":"/DELIVERY_TYPE","modelName":"NewYardModel"},"interaction":{"idSuffix":"inner"}},"wdio_ui5_key":"etmportal.ui.manageyards.view.Newsap.m.Input{\"path\":\"\",\"propertyPath\":\"/DELIVERY_TYPE\",\"modelName\":\"NewYardModel\"}"}]}
RESULT: undefined
COMMAND: POST /session/4e5157c5e3d60ff16ea2322a9d8395ac/execute/async - {"script":"<script> [776 bytes]","args":[{"enterText":"ZL01","selector":{"controlType":"sap.m.Input","viewName":"etm.portal.ui.manageyards.view.New","viewId":"application-manageyards-display-component---NewYard","bindingPath":{"path":"","propertyPath":"/DELIVERY_TYPE","modelName":"NewYardModel"},"interaction":{"idSuffix":"inner"}},"clearTextFirst":true,"interactionType":"ENTER_TEXT"}]}
RESULT: {"script":"<script> [776 bytes]","args":[{"enterText":"ZL01","selector":{"controlType":"sap.m.Input","viewName":"etm.portal.ui.manageyards.view.New","viewId":"application-manageyards-display-component---NewYard","bindingPath":{"path":"","propertyPath":"/DELIVERY_TYPE","modelName":"NewYardModel"},"interaction":{"idSuffix":"inner"}},"clearTextFirst":true,"interactionType":"ENTER_TEXT"}]}
COMMAND: POST /session/4e5157c5e3d60ff16ea2322a9d8395ac/execute/async - {"script":"<script> [1562 bytes]","args":[{"selector":{"controlType":"sap.m.Input","viewName":"etm.portal.ui.manageyards.view.New","viewId":"application-manageyards-display-component---NewYard","bindingPath":{"path":"","propertyPath":"/AUART","modelName":"NewYardModel"},"interaction":{"idSuffix":"inner"}},"wdio_ui5_key":"etmportal.ui.manageyards.view.Newsap.m.Input{\"path\":\"\",\"propertyPath\":\"/AUART\",\"modelName\":\"NewYardModel\"}"}]}
RESULT: {"script":"<script> [1562 bytes]","args":[{"selector":{"controlType":"sap.m.Input","viewName":"etm.portal.ui.manageyards.view.New","viewId":"application-manageyards-display-component---NewYard","bindingPath":{"path":"","propertyPath":"/AUART","modelName":"NewYardModel"},"interaction":{"idSuffix":"inner"}},"wdio_ui5_key":"etmportal.ui.manageyards.view.Newsap.m.Input{\"path\":\"\",\"propertyPath\":\"/AUART\",\"modelName\":\"NewYardModel\"}"}]}
RESULT: undefined
COMMAND: POST /session/4e5157c5e3d60ff16ea2322a9d8395ac/execute/async - {"script":"<script> [776 bytes]","args":[{"enterText":"TA","selector":{"controlType":"sap.m.Input","viewName":"etm.portal.ui.manageyards.view.New","viewId":"application-manageyards-display-component---NewYard","bindingPath":{"path":"","propertyPath":"/AUART","modelName":"NewYardModel"},"interaction":{"idSuffix":"inner"}},"clearTextFirst":true,"interactionType":"ENTER_TEXT"}]}
RESULT: {"script":"<script> [776 bytes]","args":[{"enterText":"TA","selector":{"controlType":"sap.m.Input","viewName":"etm.portal.ui.manageyards.view.New","viewId":"application-manageyards-display-component---NewYard","bindingPath":{"path":"","propertyPath":"/AUART","modelName":"NewYardModel"},"interaction":{"idSuffix":"inner"}},"clearTextFirst":true,"interactionType":"ENTER_TEXT"}]}
COMMAND: POST /session/4e5157c5e3d60ff16ea2322a9d8395ac/element - {"using":"xpath","value":"//button[@data-kt=\"newYardSaveButton\"]"}
RESULT: {"using":"xpath","value":"//button[@data-kt=\"newYardSaveButton\"]"}
COMMAND: POST /session/4e5157c5e3d60ff16ea2322a9d8395ac/element/f.F3EAD7D8D889EB61F600F49A8CF35C29.d.F79C160003FD9C98FC042E631F51E94D.e.708/click - {}
RESULT: {}
COMMAND: GET /session/4e5157c5e3d60ff16ea2322a9d8395ac/screenshot - {}
RESULT: {}
COMMAND: POST /session/4e5157c5e3d60ff16ea2322a9d8395ac/element - {"using":"xpath","value":"//header[contains(@id, 'ObjectPageLayout-headerTitle')]/div[1]/div[2]/div[1]/span[1]"}
RESULT: {"using":"xpath","value":"//header[contains(@id, 'ObjectPageLayout-headerTitle')]/div[1]/div[2]/div[1]/span[1]"}
COMMAND: POST /session/4e5157c5e3d60ff16ea2322a9d8395ac/elements - {"using":"xpath","value":"//header[contains(@id, 'ObjectPageLayout-headerTitle')]/div[1]/div[2]/div[1]/span[1]"}
RESULT: {"using":"xpath","value":"//header[contains(@id, 'ObjectPageLayout-headerTitle')]/div[1]/div[2]/div[1]/span[1]"}
COMMAND: POST /session/4e5157c5e3d60ff16ea2322a9d8395ac/execute/sync - {"script":"<script> [56 bytes]","args":[{"element-6066-11e4-a52e-4f735466cecf":"f.F3EAD7D8D889EB61F600F49A8CF35C29.d.F79C160003FD9C98FC042E631F51E94D.e.1009","ELEMENT":"f.F3EAD7D8D889EB61F600F49A8CF35C29.d.F79C160003FD9C98FC042E631F51E94D.e.1009"}]}
RESULT: {"script":"<script> [56 bytes]","args":[{"element-6066-11e4-a52e-4f735466cecf":"f.F3EAD7D8D889EB61F600F49A8CF35C29.d.F79C160003FD9C98FC042E631F51E94D.e.1009","ELEMENT":"f.F3EAD7D8D889EB61F600F49A8CF35C29.d.F79C160003FD9C98FC042E631F51E94D.e.1009"}]}
COMMAND: GET /session/4e5157c5e3d60ff16ea2322a9d8395ac/screenshot - {}
RESULT: {}
COMMAND: POST /session/4e5157c5e3d60ff16ea2322a9d8395ac/element - {"using":"css selector","value":"#shell-header-logo"}
RESULT: {"using":"css selector","value":"#shell-header-logo"}
COMMAND: POST /session/4e5157c5e3d60ff16ea2322a9d8395ac/element/f.F3EAD7D8D889EB61F600F49A8CF35C29.d.F79C160003FD9C98FC042E631F51E94D.e.258/click - {}
RESULT: {}
COMMAND: GET /session/4e5157c5e3d60ff16ea2322a9d8395ac/screenshot - {}
RESULT: {}
COMMAND: POST /session/4e5157c5e3d60ff16ea2322a9d8395ac/execute/sync - {"script":"<script> [299 bytes]","args":[["getModel","getResource"]]}
RESULT: {"script":"<script> [299 bytes]","args":[["getModel","getResource"]]}
COMMAND: GET /session/4e5157c5e3d60ff16ea2322a9d8395ac/screenshot - {}
]]></system-out>
    </testcase>
    <testcase classname="chrome.135_0_7049_96.windows.Create_condition_pricing_US117289_US134625" name="Should create a new equipment used for all following tests" time="129.651">
      <system-out><![CDATA[
COMMAND: POST /session/4e5157c5e3d60ff16ea2322a9d8395ac/execute/async - {"script":"<script> [1562 bytes]","args":[{"selector":{"controlType":"sap.m.GenericTile","properties":{"header":"Manage Resources"}},"wdio_ui5_key":"sapm.GenericTile{\"header\":\"Manage Resources\"}"}]}
RESULT: {"script":"<script> [1562 bytes]","args":[{"selector":{"controlType":"sap.m.GenericTile","properties":{"header":"Manage Resources"}},"wdio_ui5_key":"sapm.GenericTile{\"header\":\"Manage Resources\"}"}]}
RESULT: undefined
COMMAND: POST /session/4e5157c5e3d60ff16ea2322a9d8395ac/element - {"using":"xpath","value":"//*[@id=\"__tile39\"]"}
RESULT: {}
RESULT: {"using":"xpath","value":"//*[@id=\"__tile39\"]"}
COMMAND: POST /session/4e5157c5e3d60ff16ea2322a9d8395ac/element/f.F3EAD7D8D889EB61F600F49A8CF35C29.d.F79C160003FD9C98FC042E631F51E94D.e.147/click - {}
RESULT: {}
COMMAND: POST /session/4e5157c5e3d60ff16ea2322a9d8395ac/element - {"using":"xpath","value":"//button[@data-kt=\"addNewRUOverflowToolbarButton\"]"}
COMMAND: GET /session/4e5157c5e3d60ff16ea2322a9d8395ac/screenshot - {}
RESULT: {"using":"xpath","value":"//button[@data-kt=\"addNewRUOverflowToolbarButton\"]"}
COMMAND: POST /session/4e5157c5e3d60ff16ea2322a9d8395ac/elements - {"using":"xpath","value":"//button[@data-kt=\"addNewRUOverflowToolbarButton\"]"}
RESULT: {}
RESULT: {"using":"xpath","value":"//button[@data-kt=\"addNewRUOverflowToolbarButton\"]"}
COMMAND: POST /session/4e5157c5e3d60ff16ea2322a9d8395ac/elements - {"using":"xpath","value":"//button[@data-kt=\"addNewRUOverflowToolbarButton\"]"}
RESULT: {"using":"xpath","value":"//button[@data-kt=\"addNewRUOverflowToolbarButton\"]"}
COMMAND: POST /session/4e5157c5e3d60ff16ea2322a9d8395ac/elements - {"using":"xpath","value":"//button[@data-kt=\"addNewRUOverflowToolbarButton\"]"}
RESULT: {"using":"xpath","value":"//button[@data-kt=\"addNewRUOverflowToolbarButton\"]"}
COMMAND: POST /session/4e5157c5e3d60ff16ea2322a9d8395ac/elements - {"using":"xpath","value":"//button[@data-kt=\"addNewRUOverflowToolbarButton\"]"}
RESULT: {"using":"xpath","value":"//button[@data-kt=\"addNewRUOverflowToolbarButton\"]"}
COMMAND: POST /session/4e5157c5e3d60ff16ea2322a9d8395ac/elements - {"using":"xpath","value":"//button[@data-kt=\"addNewRUOverflowToolbarButton\"]"}
RESULT: {"using":"xpath","value":"//button[@data-kt=\"addNewRUOverflowToolbarButton\"]"}
COMMAND: POST /session/4e5157c5e3d60ff16ea2322a9d8395ac/elements - {"using":"xpath","value":"//button[@data-kt=\"addNewRUOverflowToolbarButton\"]"}
RESULT: {"using":"xpath","value":"//button[@data-kt=\"addNewRUOverflowToolbarButton\"]"}
COMMAND: POST /session/4e5157c5e3d60ff16ea2322a9d8395ac/elements - {"using":"xpath","value":"//button[@data-kt=\"addNewRUOverflowToolbarButton\"]"}
RESULT: {"using":"xpath","value":"//button[@data-kt=\"addNewRUOverflowToolbarButton\"]"}
COMMAND: POST /session/4e5157c5e3d60ff16ea2322a9d8395ac/elements - {"using":"xpath","value":"//button[@data-kt=\"addNewRUOverflowToolbarButton\"]"}
RESULT: {"using":"xpath","value":"//button[@data-kt=\"addNewRUOverflowToolbarButton\"]"}
COMMAND: POST /session/4e5157c5e3d60ff16ea2322a9d8395ac/elements - {"using":"xpath","value":"//button[@data-kt=\"addNewRUOverflowToolbarButton\"]"}
RESULT: {"using":"xpath","value":"//button[@data-kt=\"addNewRUOverflowToolbarButton\"]"}
COMMAND: POST /session/4e5157c5e3d60ff16ea2322a9d8395ac/elements - {"using":"xpath","value":"//button[@data-kt=\"addNewRUOverflowToolbarButton\"]"}
RESULT: {"using":"xpath","value":"//button[@data-kt=\"addNewRUOverflowToolbarButton\"]"}
COMMAND: POST /session/4e5157c5e3d60ff16ea2322a9d8395ac/elements - {"using":"xpath","value":"//button[@data-kt=\"addNewRUOverflowToolbarButton\"]"}
RESULT: {"using":"xpath","value":"//button[@data-kt=\"addNewRUOverflowToolbarButton\"]"}
COMMAND: POST /session/4e5157c5e3d60ff16ea2322a9d8395ac/elements - {"using":"xpath","value":"//button[@data-kt=\"addNewRUOverflowToolbarButton\"]"}
RESULT: {"using":"xpath","value":"//button[@data-kt=\"addNewRUOverflowToolbarButton\"]"}
COMMAND: POST /session/4e5157c5e3d60ff16ea2322a9d8395ac/elements - {"using":"xpath","value":"//button[@data-kt=\"addNewRUOverflowToolbarButton\"]"}
RESULT: {"using":"xpath","value":"//button[@data-kt=\"addNewRUOverflowToolbarButton\"]"}
COMMAND: POST /session/4e5157c5e3d60ff16ea2322a9d8395ac/elements - {"using":"xpath","value":"//button[@data-kt=\"addNewRUOverflowToolbarButton\"]"}
RESULT: {"using":"xpath","value":"//button[@data-kt=\"addNewRUOverflowToolbarButton\"]"}
COMMAND: POST /session/4e5157c5e3d60ff16ea2322a9d8395ac/elements - {"using":"xpath","value":"//button[@data-kt=\"addNewRUOverflowToolbarButton\"]"}
RESULT: {"using":"xpath","value":"//button[@data-kt=\"addNewRUOverflowToolbarButton\"]"}
COMMAND: POST /session/4e5157c5e3d60ff16ea2322a9d8395ac/elements - {"using":"xpath","value":"//button[@data-kt=\"addNewRUOverflowToolbarButton\"]"}
RESULT: {"using":"xpath","value":"//button[@data-kt=\"addNewRUOverflowToolbarButton\"]"}
COMMAND: POST /session/4e5157c5e3d60ff16ea2322a9d8395ac/elements - {"using":"xpath","value":"//button[@data-kt=\"addNewRUOverflowToolbarButton\"]"}
RESULT: {"using":"xpath","value":"//button[@data-kt=\"addNewRUOverflowToolbarButton\"]"}
COMMAND: POST /session/4e5157c5e3d60ff16ea2322a9d8395ac/element - {"using":"xpath","value":"//button[@data-kt=\"addNewRUOverflowToolbarButton\"]"}
RESULT: {"using":"xpath","value":"//button[@data-kt=\"addNewRUOverflowToolbarButton\"]"}
COMMAND: POST /session/4e5157c5e3d60ff16ea2322a9d8395ac/execute/sync - {"script":"<script> [8489 bytes]","args":[{"element-6066-11e4-a52e-4f735466cecf":"f.F3EAD7D8D889EB61F600F49A8CF35C29.d.F79C160003FD9C98FC042E631F51E94D.e.1043","ELEMENT":"f.F3EAD7D8D889EB61F600F49A8CF35C29.d.F79C160003FD9C98FC042E631F51E94D.e.1043"}]}
RESULT: {"script":"<script> [8489 bytes]","args":[{"element-6066-11e4-a52e-4f735466cecf":"f.F3EAD7D8D889EB61F600F49A8CF35C29.d.F79C160003FD9C98FC042E631F51E94D.e.1043","ELEMENT":"f.F3EAD7D8D889EB61F600F49A8CF35C29.d.F79C160003FD9C98FC042E631F51E94D.e.1043"}]}
COMMAND: GET /session/4e5157c5e3d60ff16ea2322a9d8395ac/element/f.F3EAD7D8D889EB61F600F49A8CF35C29.d.F79C160003FD9C98FC042E631F51E94D.e.1043/enabled - {}
COMMAND: GET /session/4e5157c5e3d60ff16ea2322a9d8395ac/screenshot - {}
RESULT: {}
COMMAND: POST /session/4e5157c5e3d60ff16ea2322a9d8395ac/execute/sync - {"script":"<script> [8489 bytes]","args":[{"element-6066-11e4-a52e-4f735466cecf":"f.F3EAD7D8D889EB61F600F49A8CF35C29.d.F79C160003FD9C98FC042E631F51E94D.e.1043","ELEMENT":"f.F3EAD7D8D889EB61F600F49A8CF35C29.d.F79C160003FD9C98FC042E631F51E94D.e.1043"}]}
COMMAND: GET /session/4e5157c5e3d60ff16ea2322a9d8395ac/screenshot - {}
RESULT: {}
RESULT: {"script":"<script> [8489 bytes]","args":[{"element-6066-11e4-a52e-4f735466cecf":"f.F3EAD7D8D889EB61F600F49A8CF35C29.d.F79C160003FD9C98FC042E631F51E94D.e.1043","ELEMENT":"f.F3EAD7D8D889EB61F600F49A8CF35C29.d.F79C160003FD9C98FC042E631F51E94D.e.1043"}]}
COMMAND: POST /session/4e5157c5e3d60ff16ea2322a9d8395ac/execute/sync - {"script":"<script> [5351 bytes]","args":[{"element-6066-11e4-a52e-4f735466cecf":"f.F3EAD7D8D889EB61F600F49A8CF35C29.d.F79C160003FD9C98FC042E631F51E94D.e.1043","ELEMENT":"f.F3EAD7D8D889EB61F600F49A8CF35C29.d.F79C160003FD9C98FC042E631F51E94D.e.1043"}]}
COMMAND: GET /session/4e5157c5e3d60ff16ea2322a9d8395ac/screenshot - {}
RESULT: {}
RESULT: {"script":"<script> [5351 bytes]","args":[{"element-6066-11e4-a52e-4f735466cecf":"f.F3EAD7D8D889EB61F600F49A8CF35C29.d.F79C160003FD9C98FC042E631F51E94D.e.1043","ELEMENT":"f.F3EAD7D8D889EB61F600F49A8CF35C29.d.F79C160003FD9C98FC042E631F51E94D.e.1043"}]}
COMMAND: POST /session/4e5157c5e3d60ff16ea2322a9d8395ac/element/f.F3EAD7D8D889EB61F600F49A8CF35C29.d.F79C160003FD9C98FC042E631F51E94D.e.1043/click - {}
COMMAND: GET /session/4e5157c5e3d60ff16ea2322a9d8395ac/screenshot - {}
RESULT: {}
RESULT: {}
COMMAND: GET /session/4e5157c5e3d60ff16ea2322a9d8395ac/screenshot - {}
RESULT: {}
RESULT: {}
COMMAND: POST /session/4e5157c5e3d60ff16ea2322a9d8395ac/execute/async - {"script":"<script> [1562 bytes]","args":[{"selector":{"id":"application-manageresources-display-component---newResourceUnit--TYPE-arrow"},"wdio_ui5_key":"applicationmanageresources-display-component---newResourceUnit--TYPE-arrow"}]}
RESULT: {"script":"<script> [1562 bytes]","args":[{"selector":{"id":"application-manageresources-display-component---newResourceUnit--TYPE-arrow"},"wdio_ui5_key":"applicationmanageresources-display-component---newResourceUnit--TYPE-arrow"}]}
RESULT: undefined
COMMAND: POST /session/4e5157c5e3d60ff16ea2322a9d8395ac/element - {"using":"xpath","value":"//*[@id=\"application-manageresources-display-component---newResourceUnit--TYPE-arrow\"]"}
RESULT: {"using":"xpath","value":"//*[@id=\"application-manageresources-display-component---newResourceUnit--TYPE-arrow\"]"}
COMMAND: POST /session/4e5157c5e3d60ff16ea2322a9d8395ac/element/f.F3EAD7D8D889EB61F600F49A8CF35C29.d.F79C160003FD9C98FC042E631F51E94D.e.1506/click - {}
RESULT: {}
COMMAND: POST /session/4e5157c5e3d60ff16ea2322a9d8395ac/element - {"using":"xpath","value":"//input[@id=\"application-manageresources-display-component---newResourceUnit--TYPE-inner\"]"}
COMMAND: GET /session/4e5157c5e3d60ff16ea2322a9d8395ac/screenshot - {}
RESULT: {"using":"xpath","value":"//input[@id=\"application-manageresources-display-component---newResourceUnit--TYPE-inner\"]"}
COMMAND: POST /session/4e5157c5e3d60ff16ea2322a9d8395ac/element/f.F3EAD7D8D889EB61F600F49A8CF35C29.d.F79C160003FD9C98FC042E631F51E94D.e.1499/clear - {}
RESULT: {}
RESULT: {}
COMMAND: POST /session/4e5157c5e3d60ff16ea2322a9d8395ac/element/f.F3EAD7D8D889EB61F600F49A8CF35C29.d.F79C160003FD9C98FC042E631F51E94D.e.1499/value - {"text":"Equipment"}
COMMAND: GET /session/4e5157c5e3d60ff16ea2322a9d8395ac/screenshot - {}
RESULT: {"text":"Equipment"}
COMMAND: GET /session/4e5157c5e3d60ff16ea2322a9d8395ac/screenshot - {}
RESULT: {}
RESULT: {}
COMMAND: POST /session/4e5157c5e3d60ff16ea2322a9d8395ac/actions - {"actions":[{"id":"action2","type":"key","parameters":{},"actions":[{"type":"keyDown","value":"î€‡"},{"type":"pause","duration":10},{"type":"keyUp","value":"î€‡"}]}]}
RESULT: {"actions":[{"id":"action2","type":"key","parameters":{},"actions":[{"type":"keyDown","value":"î€‡"},{"type":"pause","duration":10},{"type":"keyUp","value":"î€‡"}]}]}
COMMAND: POST /session/4e5157c5e3d60ff16ea2322a9d8395ac/execute/async - {"script":"<script> [1562 bytes]","args":[{"selector":{"id":"application-manageresources-display-component---newResourceUnit--resourceId","interaction":{"idSuffix":"inner"}},"wdio_ui5_key":"applicationmanageresources-display-component---newResourceUnit--resourceId"}]}
COMMAND: GET /session/4e5157c5e3d60ff16ea2322a9d8395ac/screenshot - {}
RESULT: {"script":"<script> [1562 bytes]","args":[{"selector":{"id":"application-manageresources-display-component---newResourceUnit--resourceId","interaction":{"idSuffix":"inner"}},"wdio_ui5_key":"applicationmanageresources-display-component---newResourceUnit--resourceId"}]}
RESULT: undefined
COMMAND: POST /session/4e5157c5e3d60ff16ea2322a9d8395ac/execute/async - {"script":"<script> [776 bytes]","args":[{"enterText":"koyGNVaGMj","selector":{"id":"application-manageresources-display-component---newResourceUnit--resourceId","interaction":{"idSuffix":"inner"}},"clearTextFirst":true,"interactionType":"ENTER_TEXT"}]}
RESULT: {}
RESULT: {"script":"<script> [776 bytes]","args":[{"enterText":"koyGNVaGMj","selector":{"id":"application-manageresources-display-component---newResourceUnit--resourceId","interaction":{"idSuffix":"inner"}},"clearTextFirst":true,"interactionType":"ENTER_TEXT"}]}
COMMAND: POST /session/4e5157c5e3d60ff16ea2322a9d8395ac/execute/async - {"script":"<script> [1562 bytes]","args":[{"selector":{"id":"application-manageresources-display-component---newResourceUnit--SHORT_TEXT","interaction":{"idSuffix":"inner"}},"wdio_ui5_key":"applicationmanageresources-display-component---newResourceUnit--SHORT_TEXT"}]}
RESULT: {"script":"<script> [1562 bytes]","args":[{"selector":{"id":"application-manageresources-display-component---newResourceUnit--SHORT_TEXT","interaction":{"idSuffix":"inner"}},"wdio_ui5_key":"applicationmanageresources-display-component---newResourceUnit--SHORT_TEXT"}]}
RESULT: undefined
COMMAND: POST /session/4e5157c5e3d60ff16ea2322a9d8395ac/execute/async - {"script":"<script> [776 bytes]","args":[{"enterText":"Intercompany Equipment WDIO","selector":{"id":"application-manageresources-display-component---newResourceUnit--SHORT_TEXT","interaction":{"idSuffix":"inner"}},"clearTextFirst":true,"interactionType":"ENTER_TEXT"}]}
RESULT: {"script":"<script> [776 bytes]","args":[{"enterText":"Intercompany Equipment WDIO","selector":{"id":"application-manageresources-display-component---newResourceUnit--SHORT_TEXT","interaction":{"idSuffix":"inner"}},"clearTextFirst":true,"interactionType":"ENTER_TEXT"}]}
COMMAND: POST /session/4e5157c5e3d60ff16ea2322a9d8395ac/execute/async - {"script":"<script> [1562 bytes]","args":[{"selector":{"id":"application-manageresources-display-component---newResourceUnit--BASE_UNIT_OF_MEASURE","interaction":{"idSuffix":"inner"}},"wdio_ui5_key":"applicationmanageresources-display-component---newResourceUnit--BASE_UNIT_OF_MEASURE"}]}
RESULT: {"script":"<script> [1562 bytes]","args":[{"selector":{"id":"application-manageresources-display-component---newResourceUnit--BASE_UNIT_OF_MEASURE","interaction":{"idSuffix":"inner"}},"wdio_ui5_key":"applicationmanageresources-display-component---newResourceUnit--BASE_UNIT_OF_MEASURE"}]}
RESULT: undefined
COMMAND: POST /session/4e5157c5e3d60ff16ea2322a9d8395ac/execute/async - {"script":"<script> [776 bytes]","args":[{"enterText":"Piece","selector":{"id":"application-manageresources-display-component---newResourceUnit--BASE_UNIT_OF_MEASURE","interaction":{"idSuffix":"inner"}},"clearTextFirst":true,"interactionType":"ENTER_TEXT"}]}
RESULT: {"script":"<script> [776 bytes]","args":[{"enterText":"Piece","selector":{"id":"application-manageresources-display-component---newResourceUnit--BASE_UNIT_OF_MEASURE","interaction":{"idSuffix":"inner"}},"clearTextFirst":true,"interactionType":"ENTER_TEXT"}]}
COMMAND: POST /session/4e5157c5e3d60ff16ea2322a9d8395ac/execute/async - {"script":"<script> [1562 bytes]","args":[{"selector":{"id":"application-manageresources-display-component---newResourceUnit--WEIGHT_UNIT","interaction":{"idSuffix":"inner"}},"wdio_ui5_key":"applicationmanageresources-display-component---newResourceUnit--WEIGHT_UNIT"}]}
RESULT: {"script":"<script> [1562 bytes]","args":[{"selector":{"id":"application-manageresources-display-component---newResourceUnit--WEIGHT_UNIT","interaction":{"idSuffix":"inner"}},"wdio_ui5_key":"applicationmanageresources-display-component---newResourceUnit--WEIGHT_UNIT"}]}
RESULT: undefined
COMMAND: POST /session/4e5157c5e3d60ff16ea2322a9d8395ac/execute/async - {"script":"<script> [776 bytes]","args":[{"enterText":"Gram","selector":{"id":"application-manageresources-display-component---newResourceUnit--WEIGHT_UNIT","interaction":{"idSuffix":"inner"}},"clearTextFirst":true,"interactionType":"ENTER_TEXT"}]}
RESULT: {"script":"<script> [776 bytes]","args":[{"enterText":"Gram","selector":{"id":"application-manageresources-display-component---newResourceUnit--WEIGHT_UNIT","interaction":{"idSuffix":"inner"}},"clearTextFirst":true,"interactionType":"ENTER_TEXT"}]}
COMMAND: POST /session/4e5157c5e3d60ff16ea2322a9d8395ac/execute/async - {"script":"<script> [1562 bytes]","args":[{"selector":{"id":"application-manageresources-display-component---newResourceUnit--DIMENSION_UNIT","interaction":{"idSuffix":"inner"}},"wdio_ui5_key":"applicationmanageresources-display-component---newResourceUnit--DIMENSION_UNIT"}]}
RESULT: {"script":"<script> [1562 bytes]","args":[{"selector":{"id":"application-manageresources-display-component---newResourceUnit--DIMENSION_UNIT","interaction":{"idSuffix":"inner"}},"wdio_ui5_key":"applicationmanageresources-display-component---newResourceUnit--DIMENSION_UNIT"}]}
RESULT: undefined
COMMAND: POST /session/4e5157c5e3d60ff16ea2322a9d8395ac/execute/async - {"script":"<script> [776 bytes]","args":[{"enterText":"Meter","selector":{"id":"application-manageresources-display-component---newResourceUnit--DIMENSION_UNIT","interaction":{"idSuffix":"inner"}},"clearTextFirst":true,"interactionType":"ENTER_TEXT"}]}
RESULT: {"script":"<script> [776 bytes]","args":[{"enterText":"Meter","selector":{"id":"application-manageresources-display-component---newResourceUnit--DIMENSION_UNIT","interaction":{"idSuffix":"inner"}},"clearTextFirst":true,"interactionType":"ENTER_TEXT"}]}
COMMAND: POST /session/4e5157c5e3d60ff16ea2322a9d8395ac/execute/async - {"script":"<script> [1562 bytes]","args":[{"selector":{"id":"application-manageresources-display-component---newResourceUnit--newRRUPage-anchBar-application-manageresources-display-component---newResourceUnit--control-anchor","interaction":{"idSuffix":"BDI-content"}},"wdio_ui5_key":"applicationmanageresources-display-component---newResourceUnit--newRRUPage-anchBar-application-manageresources-display-component---newResourceUnit--control-anchor"}]}
RESULT: {"script":"<script> [1562 bytes]","args":[{"selector":{"id":"application-manageresources-display-component---newResourceUnit--newRRUPage-anchBar-application-manageresources-display-component---newResourceUnit--control-anchor","interaction":{"idSuffix":"BDI-content"}},"wdio_ui5_key":"applicationmanageresources-display-component---newResourceUnit--newRRUPage-anchBar-application-manageresources-display-component---newResourceUnit--control-anchor"}]}
RESULT: undefined
COMMAND: POST /session/4e5157c5e3d60ff16ea2322a9d8395ac/element - {"using":"xpath","value":"//*[@id=\"application-manageresources-display-component---newResourceUnit--newRRUPage-anchBar-application-manageresources-display-component---newResourceUnit--control-anchor\"]"}
RESULT: {"using":"xpath","value":"//*[@id=\"application-manageresources-display-component---newResourceUnit--newRRUPage-anchBar-application-manageresources-display-component---newResourceUnit--control-anchor\"]"}
COMMAND: POST /session/4e5157c5e3d60ff16ea2322a9d8395ac/element/f.F3EAD7D8D889EB61F600F49A8CF35C29.d.F79C160003FD9C98FC042E631F51E94D.e.1639/click - {}
RESULT: {}
COMMAND: POST /session/4e5157c5e3d60ff16ea2322a9d8395ac/execute/async - {"script":"<script> [1562 bytes]","args":[{"selector":{"id":"application-manageresources-display-component---newResourceUnit--PLANNING_GROUP","interaction":{"idSuffix":"inner"}},"wdio_ui5_key":"applicationmanageresources-display-component---newResourceUnit--PLANNING_GROUP"}]}
COMMAND: GET /session/4e5157c5e3d60ff16ea2322a9d8395ac/screenshot - {}
RESULT: {"script":"<script> [1562 bytes]","args":[{"selector":{"id":"application-manageresources-display-component---newResourceUnit--PLANNING_GROUP","interaction":{"idSuffix":"inner"}},"wdio_ui5_key":"applicationmanageresources-display-component---newResourceUnit--PLANNING_GROUP"}]}
RESULT: undefined
COMMAND: POST /session/4e5157c5e3d60ff16ea2322a9d8395ac/execute/async - {"script":"<script> [776 bytes]","args":[{"enterText":"Heavy Equi","selector":{"id":"application-manageresources-display-component---newResourceUnit--PLANNING_GROUP","interaction":{"idSuffix":"inner"}},"clearTextFirst":true,"interactionType":"ENTER_TEXT"}]}
RESULT: {}
RESULT: {"script":"<script> [776 bytes]","args":[{"enterText":"Heavy Equi","selector":{"id":"application-manageresources-display-component---newResourceUnit--PLANNING_GROUP","interaction":{"idSuffix":"inner"}},"clearTextFirst":true,"interactionType":"ENTER_TEXT"}]}
COMMAND: POST /session/4e5157c5e3d60ff16ea2322a9d8395ac/execute/async - {"script":"<script> [1562 bytes]","args":[{"selector":{"id":"application-manageresources-display-component---newResourceUnit--ITEM_TYPE-arrow"},"wdio_ui5_key":"applicationmanageresources-display-component---newResourceUnit--ITEM_TYPE-arrow"}]}
RESULT: {"script":"<script> [1562 bytes]","args":[{"selector":{"id":"application-manageresources-display-component---newResourceUnit--ITEM_TYPE-arrow"},"wdio_ui5_key":"applicationmanageresources-display-component---newResourceUnit--ITEM_TYPE-arrow"}]}
RESULT: undefined
COMMAND: POST /session/4e5157c5e3d60ff16ea2322a9d8395ac/element - {"using":"xpath","value":"//*[@id=\"application-manageresources-display-component---newResourceUnit--ITEM_TYPE-arrow\"]"}
RESULT: {"using":"xpath","value":"//*[@id=\"application-manageresources-display-component---newResourceUnit--ITEM_TYPE-arrow\"]"}
COMMAND: POST /session/4e5157c5e3d60ff16ea2322a9d8395ac/element/f.F3EAD7D8D889EB61F600F49A8CF35C29.d.F79C160003FD9C98FC042E631F51E94D.e.1646/click - {}
RESULT: {}
COMMAND: POST /session/4e5157c5e3d60ff16ea2322a9d8395ac/element - {"using":"xpath","value":"(//span[contains(text(), \"Resource Unit\")])[2]"}
COMMAND: GET /session/4e5157c5e3d60ff16ea2322a9d8395ac/screenshot - {}
RESULT: {"using":"xpath","value":"(//span[contains(text(), \"Resource Unit\")])[2]"}
COMMAND: POST /session/4e5157c5e3d60ff16ea2322a9d8395ac/element/f.F3EAD7D8D889EB61F600F49A8CF35C29.d.F79C160003FD9C98FC042E631F51E94D.e.1647/click - {}
RESULT: {}
RESULT: {}
COMMAND: GET /session/4e5157c5e3d60ff16ea2322a9d8395ac/screenshot - {}
RESULT: {}
COMMAND: POST /session/4e5157c5e3d60ff16ea2322a9d8395ac/element - {"using":"css selector","value":"#application-manageresources-display-component---newResourceUnit--btnAddTimeSegment"}
RESULT: {"using":"css selector","value":"#application-manageresources-display-component---newResourceUnit--btnAddTimeSegment"}
COMMAND: GET /session/4e5157c5e3d60ff16ea2322a9d8395ac/element/f.F3EAD7D8D889EB61F600F49A8CF35C29.d.F79C160003FD9C98FC042E631F51E94D.e.1648/rect - {}
RESULT: {}
COMMAND: GET /session/4e5157c5e3d60ff16ea2322a9d8395ac/window/rect - {}
RESULT: {}
COMMAND: POST /session/4e5157c5e3d60ff16ea2322a9d8395ac/execute/sync - {"script":"<script> [92 bytes]","args":[]}
RESULT: {"script":"<script> [92 bytes]","args":[]}
COMMAND: POST /session/4e5157c5e3d60ff16ea2322a9d8395ac/actions - {"actions":[{"id":"action3","type":"wheel","parameters":{},"actions":[{"type":"scroll","x":-1888,"y":-32,"deltaX":0,"deltaY":0,"duration":0,"origin":{"element-6066-11e4-a52e-4f735466cecf":"f.F3EAD7D8D889EB61F600F49A8CF35C29.d.F79C160003FD9C98FC042E631F51E94D.e.1648"}}]}]}
COMMAND: GET /session/4e5157c5e3d60ff16ea2322a9d8395ac/screenshot - {}
RESULT: {}
COMMAND: POST /session/4e5157c5e3d60ff16ea2322a9d8395ac/execute/sync - {"script":"<script> [79 bytes]","args":[{"element-6066-11e4-a52e-4f735466cecf":"f.F3EAD7D8D889EB61F600F49A8CF35C29.d.F79C160003FD9C98FC042E631F51E94D.e.1648","ELEMENT":"f.F3EAD7D8D889EB61F600F49A8CF35C29.d.F79C160003FD9C98FC042E631F51E94D.e.1648"},{"block":"start","inline":"nearest"}]}
RESULT: {"script":"<script> [79 bytes]","args":[{"element-6066-11e4-a52e-4f735466cecf":"f.F3EAD7D8D889EB61F600F49A8CF35C29.d.F79C160003FD9C98FC042E631F51E94D.e.1648","ELEMENT":"f.F3EAD7D8D889EB61F600F49A8CF35C29.d.F79C160003FD9C98FC042E631F51E94D.e.1648"},{"block":"start","inline":"nearest"}]}
COMMAND: POST /session/4e5157c5e3d60ff16ea2322a9d8395ac/execute/async - {"script":"<script> [1562 bytes]","args":[{"selector":{"id":"application-manageresources-display-component---newResourceUnit--btnAddTimeSegment","interaction":{"idSuffix":"inner"}},"wdio_ui5_key":"applicationmanageresources-display-component---newResourceUnit--btnAddTimeSegment"}]}
COMMAND: GET /session/4e5157c5e3d60ff16ea2322a9d8395ac/screenshot - {}
RESULT: {"script":"<script> [1562 bytes]","args":[{"selector":{"id":"application-manageresources-display-component---newResourceUnit--btnAddTimeSegment","interaction":{"idSuffix":"inner"}},"wdio_ui5_key":"applicationmanageresources-display-component---newResourceUnit--btnAddTimeSegment"}]}
RESULT: undefined
COMMAND: POST /session/4e5157c5e3d60ff16ea2322a9d8395ac/element - {"using":"xpath","value":"//*[@id=\"application-manageresources-display-component---newResourceUnit--btnAddTimeSegment\"]"}
RESULT: {}
RESULT: {"using":"xpath","value":"//*[@id=\"application-manageresources-display-component---newResourceUnit--btnAddTimeSegment\"]"}
COMMAND: POST /session/4e5157c5e3d60ff16ea2322a9d8395ac/element/f.F3EAD7D8D889EB61F600F49A8CF35C29.d.F79C160003FD9C98FC042E631F51E94D.e.1648/click - {}
RESULT: {}
COMMAND: GET /session/4e5157c5e3d60ff16ea2322a9d8395ac/screenshot - {}
RESULT: {}
COMMAND: POST /session/4e5157c5e3d60ff16ea2322a9d8395ac/element - {"using":"xpath","value":"//input[@id=\"application-manageresources-display-component---newResourceUnit--idRuTSAdmin-application-manageresources-display-component---newResourceUnit--RUTimeSegment-0-inner\"]"}
RESULT: {"using":"xpath","value":"//input[@id=\"application-manageresources-display-component---newResourceUnit--idRuTSAdmin-application-manageresources-display-component---newResourceUnit--RUTimeSegment-0-inner\"]"}
COMMAND: POST /session/4e5157c5e3d60ff16ea2322a9d8395ac/element/f.F3EAD7D8D889EB61F600F49A8CF35C29.d.F79C160003FD9C98FC042E631F51E94D.e.1654/clear - {}
RESULT: {}
COMMAND: POST /session/4e5157c5e3d60ff16ea2322a9d8395ac/element/f.F3EAD7D8D889EB61F600F49A8CF35C29.d.F79C160003FD9C98FC042E631F51E94D.e.1654/value - {"text":"369"}
COMMAND: GET /session/4e5157c5e3d60ff16ea2322a9d8395ac/screenshot - {}
RESULT: {"text":"369"}
COMMAND: GET /session/4e5157c5e3d60ff16ea2322a9d8395ac/screenshot - {}
RESULT: {}
RESULT: {}
COMMAND: POST /session/4e5157c5e3d60ff16ea2322a9d8395ac/element - {"using":"xpath","value":"//li[.//span[text()='369']]"}
RESULT: {"using":"xpath","value":"//li[.//span[text()='369']]"}
COMMAND: POST /session/4e5157c5e3d60ff16ea2322a9d8395ac/element/f.F3EAD7D8D889EB61F600F49A8CF35C29.d.F79C160003FD9C98FC042E631F51E94D.e.1666/click - {}
RESULT: {}
COMMAND: GET /session/4e5157c5e3d60ff16ea2322a9d8395ac/screenshot - {}
RESULT: {}
COMMAND: POST /session/4e5157c5e3d60ff16ea2322a9d8395ac/element - {"using":"xpath","value":"(//span[contains(@id, \"-application-manageresources-display-component---newResourceUnit--RUTimeSegment-0-arrow\")])[6]"}
RESULT: {"using":"xpath","value":"(//span[contains(@id, \"-application-manageresources-display-component---newResourceUnit--RUTimeSegment-0-arrow\")])[6]"}
COMMAND: POST /session/4e5157c5e3d60ff16ea2322a9d8395ac/element/f.F3EAD7D8D889EB61F600F49A8CF35C29.d.F79C160003FD9C98FC042E631F51E94D.e.1667/click - {}
RESULT: {}
COMMAND: POST /session/4e5157c5e3d60ff16ea2322a9d8395ac/element - {"using":"xpath","value":"//span[contains(text(), \"PM Order\")]"}
COMMAND: GET /session/4e5157c5e3d60ff16ea2322a9d8395ac/screenshot - {}
RESULT: {"using":"xpath","value":"//span[contains(text(), \"PM Order\")]"}
COMMAND: POST /session/4e5157c5e3d60ff16ea2322a9d8395ac/element/f.F3EAD7D8D889EB61F600F49A8CF35C29.d.F79C160003FD9C98FC042E631F51E94D.e.1670/click - {}
RESULT: {}
RESULT: {}
COMMAND: GET /session/4e5157c5e3d60ff16ea2322a9d8395ac/screenshot - {}
RESULT: {}
COMMAND: POST /session/4e5157c5e3d60ff16ea2322a9d8395ac/element - {"using":"xpath","value":"(//span[contains(@id ,\"manageresources-display-component---newResourceUnit--RUTimeSegment-0-vhi\")])[1]"}
RESULT: {"using":"xpath","value":"(//span[contains(@id ,\"manageresources-display-component---newResourceUnit--RUTimeSegment-0-vhi\")])[1]"}
COMMAND: GET /session/4e5157c5e3d60ff16ea2322a9d8395ac/element/f.F3EAD7D8D889EB61F600F49A8CF35C29.d.F79C160003FD9C98FC042E631F51E94D.e.1674/rect - {}
RESULT: {}
COMMAND: GET /session/4e5157c5e3d60ff16ea2322a9d8395ac/window/rect - {}
RESULT: {}
COMMAND: POST /session/4e5157c5e3d60ff16ea2322a9d8395ac/execute/sync - {"script":"<script> [92 bytes]","args":[]}
RESULT: {"script":"<script> [92 bytes]","args":[]}
COMMAND: POST /session/4e5157c5e3d60ff16ea2322a9d8395ac/actions - {"actions":[{"id":"action4","type":"wheel","parameters":{},"actions":[{"type":"scroll","x":-869,"y":-24,"deltaX":0,"deltaY":0,"duration":0,"origin":{"element-6066-11e4-a52e-4f735466cecf":"f.F3EAD7D8D889EB61F600F49A8CF35C29.d.F79C160003FD9C98FC042E631F51E94D.e.1674"}}]}]}
COMMAND: GET /session/4e5157c5e3d60ff16ea2322a9d8395ac/screenshot - {}
RESULT: {"actions":[{"id":"action4","type":"wheel","parameters":{},"actions":[{"type":"scroll","x":-869,"y":-24,"deltaX":0,"deltaY":0,"duration":0,"origin":{"element-6066-11e4-a52e-4f735466cecf":"f.F3EAD7D8D889EB61F600F49A8CF35C29.d.F79C160003FD9C98FC042E631F51E94D.e.1674"}}]}]}
COMMAND: DELETE /session/4e5157c5e3d60ff16ea2322a9d8395ac/actions - {}
COMMAND: GET /session/4e5157c5e3d60ff16ea2322a9d8395ac/screenshot - {}
RESULT: {}
RESULT: {}
COMMAND: GET /session/4e5157c5e3d60ff16ea2322a9d8395ac/screenshot - {}
RESULT: {}
RESULT: {}
COMMAND: POST /session/4e5157c5e3d60ff16ea2322a9d8395ac/element/f.F3EAD7D8D889EB61F600F49A8CF35C29.d.F79C160003FD9C98FC042E631F51E94D.e.1674/click - {}
RESULT: {}
COMMAND: GET /session/4e5157c5e3d60ff16ea2322a9d8395ac/screenshot - {}
RESULT: {}
RESULT: undefined
COMMAND: POST /session/4e5157c5e3d60ff16ea2322a9d8395ac/execute/async - {"script":"<script> [776 bytes]","args":[{"enterText":"4000360","selector":{"controlType":"sap.m.SearchField","properties":{"placeholder":"Search"},"searchOpenDialogs":true,"interaction":{"idSuffix":"I"}},"clearTextFirst":true,"interactionType":"ENTER_TEXT"}]}
RESULT: {"script":"<script> [776 bytes]","args":[{"enterText":"4000360","selector":{"controlType":"sap.m.SearchField","properties":{"placeholder":"Search"},"searchOpenDialogs":true,"interaction":{"idSuffix":"I"}},"clearTextFirst":true,"interactionType":"ENTER_TEXT"}]}
COMMAND: POST /session/4e5157c5e3d60ff16ea2322a9d8395ac/actions - {"actions":[{"id":"action5","type":"key","parameters":{},"actions":[{"type":"keyDown","value":"î€‡"},{"type":"pause","duration":10},{"type":"keyUp","value":"î€‡"}]}]}
RESULT: {"actions":[{"id":"action5","type":"key","parameters":{},"actions":[{"type":"keyDown","value":"î€‡"},{"type":"pause","duration":10},{"type":"keyUp","value":"î€‡"}]}]}
COMMAND: GET /session/4e5157c5e3d60ff16ea2322a9d8395ac/screenshot - {}
RESULT: {}
COMMAND: POST /session/4e5157c5e3d60ff16ea2322a9d8395ac/element - {"using":"xpath","value":"//td/div/span[contains(text(), \"BGL Vehicles\")]"}
RESULT: {"using":"xpath","value":"//td/div/span[contains(text(), \"BGL Vehicles\")]"}
COMMAND: POST /session/4e5157c5e3d60ff16ea2322a9d8395ac/element/f.F3EAD7D8D889EB61F600F49A8CF35C29.d.F79C160003FD9C98FC042E631F51E94D.e.1694/click - {}
RESULT: {}
COMMAND: GET /session/4e5157c5e3d60ff16ea2322a9d8395ac/screenshot - {}
RESULT: {}
COMMAND: POST /session/4e5157c5e3d60ff16ea2322a9d8395ac/element - {"using":"xpath","value":"//bdi[contains(text(), \"OK\")]"}
RESULT: {"using":"xpath","value":"//bdi[contains(text(), \"OK\")]"}
COMMAND: POST /session/4e5157c5e3d60ff16ea2322a9d8395ac/element/f.F3EAD7D8D889EB61F600F49A8CF35C29.d.F79C160003FD9C98FC042E631F51E94D.e.1695/click - {}
RESULT: {}
COMMAND: GET /session/4e5157c5e3d60ff16ea2322a9d8395ac/screenshot - {}
RESULT: {}
COMMAND: POST /session/4e5157c5e3d60ff16ea2322a9d8395ac/execute/async - {"script":"<script> [1562 bytes]","args":[{"selector":{"id":"application-manageresources-display-component---newResourceUnit--newRRUPage-anchBar-application-manageresources-display-component---newResourceUnit--resource-anchor","interaction":{"idSuffix":"BDI-content"}},"wdio_ui5_key":"applicationmanageresources-display-component---newResourceUnit--newRRUPage-anchBar-application-manageresources-display-component---newResourceUnit--resource-anchor"}]}
RESULT: {"script":"<script> [1562 bytes]","args":[{"selector":{"id":"application-manageresources-display-component---newResourceUnit--newRRUPage-anchBar-application-manageresources-display-component---newResourceUnit--resource-anchor","interaction":{"idSuffix":"BDI-content"}},"wdio_ui5_key":"applicationmanageresources-display-component---newResourceUnit--newRRUPage-anchBar-application-manageresources-display-component---newResourceUnit--resource-anchor"}]}
RESULT: undefined
COMMAND: POST /session/4e5157c5e3d60ff16ea2322a9d8395ac/element - {"using":"xpath","value":"//*[@id=\"application-manageresources-display-component---newResourceUnit--newRRUPage-anchBar-application-manageresources-display-component---newResourceUnit--resource-anchor\"]"}
RESULT: {"using":"xpath","value":"//*[@id=\"application-manageresources-display-component---newResourceUnit--newRRUPage-anchBar-application-manageresources-display-component---newResourceUnit--resource-anchor\"]"}
COMMAND: POST /session/4e5157c5e3d60ff16ea2322a9d8395ac/element/f.F3EAD7D8D889EB61F600F49A8CF35C29.d.F79C160003FD9C98FC042E631F51E94D.e.1699/click - {}
RESULT: {}
COMMAND: POST /session/4e5157c5e3d60ff16ea2322a9d8395ac/execute/async - {"script":"<script> [1562 bytes]","args":[{"selector":{"id":"application-manageresources-display-component---newResourceUnit--PLANNED_DELIVERY_DATE","interaction":{"idSuffix":"inner"}},"wdio_ui5_key":"applicationmanageresources-display-component---newResourceUnit--PLANNED_DELIVERY_DATE"}]}
COMMAND: GET /session/4e5157c5e3d60ff16ea2322a9d8395ac/screenshot - {}
RESULT: {"script":"<script> [1562 bytes]","args":[{"selector":{"id":"application-manageresources-display-component---newResourceUnit--PLANNED_DELIVERY_DATE","interaction":{"idSuffix":"inner"}},"wdio_ui5_key":"applicationmanageresources-display-component---newResourceUnit--PLANNED_DELIVERY_DATE"}]}
RESULT: undefined
COMMAND: POST /session/4e5157c5e3d60ff16ea2322a9d8395ac/execute/async - {"script":"<script> [6424 bytes]","args":[{"element-6066-11e4-a52e-4f735466cecf":"f.F3EAD7D8D889EB61F600F49A8CF35C29.d.F79C160003FD9C98FC042E631F51E94D.e.1561"},"setValue",["4/29/25"]]}
RESULT: {}
RESULT: {"script":"<script> [6424 bytes]","args":[{"element-6066-11e4-a52e-4f735466cecf":"f.F3EAD7D8D889EB61F600F49A8CF35C29.d.F79C160003FD9C98FC042E631F51E94D.e.1561"},"setValue",["4/29/25"]]}
COMMAND: POST /session/4e5157c5e3d60ff16ea2322a9d8395ac/element - {"using":"xpath","value":"//button[@data-kt=\"resourceUnitSaveButton\"]"}
RESULT: {"using":"xpath","value":"//button[@data-kt=\"resourceUnitSaveButton\"]"}
COMMAND: POST /session/4e5157c5e3d60ff16ea2322a9d8395ac/element/f.F3EAD7D8D889EB61F600F49A8CF35C29.d.F79C160003FD9C98FC042E631F51E94D.e.1522/click - {}
RESULT: {}
COMMAND: GET /session/4e5157c5e3d60ff16ea2322a9d8395ac/screenshot - {}
RESULT: {}
COMMAND: POST /session/4e5157c5e3d60ff16ea2322a9d8395ac/element - {"using":"xpath","value":"//bdi[contains(text(), \"Close\")]"}
RESULT: {"using":"xpath","value":"//bdi[contains(text(), \"Close\")]"}
COMMAND: POST /session/4e5157c5e3d60ff16ea2322a9d8395ac/element/f.F3EAD7D8D889EB61F600F49A8CF35C29.d.F79C160003FD9C98FC042E631F51E94D.e.1707/click - {}
RESULT: {}
COMMAND: GET /session/4e5157c5e3d60ff16ea2322a9d8395ac/screenshot - {}
RESULT: {}
COMMAND: POST /session/4e5157c5e3d60ff16ea2322a9d8395ac/element - {"using":"xpath","value":"(//button[contains(@id ,\"actionsToolbar-overflowButton\")])[1]"}
RESULT: {"using":"xpath","value":"(//button[contains(@id ,\"actionsToolbar-overflowButton\")])[1]"}
COMMAND: POST /session/4e5157c5e3d60ff16ea2322a9d8395ac/element/f.F3EAD7D8D889EB61F600F49A8CF35C29.d.F79C160003FD9C98FC042E631F51E94D.e.1736/click - {}
RESULT: {}
COMMAND: GET /session/4e5157c5e3d60ff16ea2322a9d8395ac/screenshot - {}
RESULT: {}
COMMAND: POST /session/4e5157c5e3d60ff16ea2322a9d8395ac/element - {"using":"xpath","value":"//button[@data-kt=\"priceInfoButton\"]"}
RESULT: {"using":"xpath","value":"//button[@data-kt=\"priceInfoButton\"]"}
COMMAND: POST /session/4e5157c5e3d60ff16ea2322a9d8395ac/element/f.F3EAD7D8D889EB61F600F49A8CF35C29.d.F79C160003FD9C98FC042E631F51E94D.e.1740/click - {}
RESULT: {}
COMMAND: GET /session/4e5157c5e3d60ff16ea2322a9d8395ac/screenshot - {}
RESULT: {}
COMMAND: POST /session/4e5157c5e3d60ff16ea2322a9d8395ac/element - {"using":"css selector","value":"#shell-header-logo"}
RESULT: {"using":"css selector","value":"#shell-header-logo"}
COMMAND: POST /session/4e5157c5e3d60ff16ea2322a9d8395ac/element/f.F3EAD7D8D889EB61F600F49A8CF35C29.d.F79C160003FD9C98FC042E631F51E94D.e.1013/click - {}
RESULT: {}
]]></system-out>
    </testcase>
    <testcase classname="chrome.135_0_7049_96.windows.Create_condition_pricing_US117289_US134625" name="Should create new condition" time="63.827">
      <system-out><![CDATA[
COMMAND: POST /session/4e5157c5e3d60ff16ea2322a9d8395ac/execute/async - {"script":"<script> [1562 bytes]","args":[{"selector":{"controlType":"sap.m.Text","properties":{"text":"Manage Conditions & Prices"},"interaction":{"idSuffix":"inner"}},"wdio_ui5_key":"sapm.Text{\"text\":\"Manage Conditions & Prices\"}"}]}
COMMAND: GET /session/4e5157c5e3d60ff16ea2322a9d8395ac/screenshot - {}
RESULT: {"script":"<script> [1562 bytes]","args":[{"selector":{"controlType":"sap.m.Text","properties":{"text":"Manage Conditions & Prices"},"interaction":{"idSuffix":"inner"}},"wdio_ui5_key":"sapm.Text{\"text\":\"Manage Conditions & Prices\"}"}]}
RESULT: undefined
COMMAND: POST /session/4e5157c5e3d60ff16ea2322a9d8395ac/element - {"using":"xpath","value":"//*[@id=\"__tile53-title\"]"}
RESULT: {}
RESULT: {"using":"xpath","value":"//*[@id=\"__tile53-title\"]"}
COMMAND: POST /session/4e5157c5e3d60ff16ea2322a9d8395ac/element/f.F3EAD7D8D889EB61F600F49A8CF35C29.d.F79C160003FD9C98FC042E631F51E94D.e.1816/click - {}
RESULT: {}
COMMAND: POST /session/4e5157c5e3d60ff16ea2322a9d8395ac/element - {"using":"xpath","value":"//button[@aria-label=\"Create\"]"}
COMMAND: GET /session/4e5157c5e3d60ff16ea2322a9d8395ac/screenshot - {}
RESULT: {"using":"xpath","value":"//button[@aria-label=\"Create\"]"}
COMMAND: POST /session/4e5157c5e3d60ff16ea2322a9d8395ac/elements - {"using":"xpath","value":"//button[@aria-label=\"Create\"]"}
RESULT: {}
RESULT: {"using":"xpath","value":"//button[@aria-label=\"Create\"]"}
COMMAND: POST /session/4e5157c5e3d60ff16ea2322a9d8395ac/elements - {"using":"xpath","value":"//button[@aria-label=\"Create\"]"}
RESULT: {"using":"xpath","value":"//button[@aria-label=\"Create\"]"}
COMMAND: POST /session/4e5157c5e3d60ff16ea2322a9d8395ac/elements - {"using":"xpath","value":"//button[@aria-label=\"Create\"]"}
RESULT: {"using":"xpath","value":"//button[@aria-label=\"Create\"]"}
COMMAND: POST /session/4e5157c5e3d60ff16ea2322a9d8395ac/elements - {"using":"xpath","value":"//button[@aria-label=\"Create\"]"}
RESULT: {"using":"xpath","value":"//button[@aria-label=\"Create\"]"}
COMMAND: POST /session/4e5157c5e3d60ff16ea2322a9d8395ac/elements - {"using":"xpath","value":"//button[@aria-label=\"Create\"]"}
RESULT: {"using":"xpath","value":"//button[@aria-label=\"Create\"]"}
COMMAND: POST /session/4e5157c5e3d60ff16ea2322a9d8395ac/elements - {"using":"xpath","value":"//button[@aria-label=\"Create\"]"}
RESULT: {"using":"xpath","value":"//button[@aria-label=\"Create\"]"}
COMMAND: POST /session/4e5157c5e3d60ff16ea2322a9d8395ac/elements - {"using":"xpath","value":"//button[@aria-label=\"Create\"]"}
RESULT: {"using":"xpath","value":"//button[@aria-label=\"Create\"]"}
COMMAND: POST /session/4e5157c5e3d60ff16ea2322a9d8395ac/elements - {"using":"xpath","value":"//button[@aria-label=\"Create\"]"}
RESULT: {"using":"xpath","value":"//button[@aria-label=\"Create\"]"}
COMMAND: POST /session/4e5157c5e3d60ff16ea2322a9d8395ac/elements - {"using":"xpath","value":"//button[@aria-label=\"Create\"]"}
RESULT: {"using":"xpath","value":"//button[@aria-label=\"Create\"]"}
COMMAND: POST /session/4e5157c5e3d60ff16ea2322a9d8395ac/element - {"using":"xpath","value":"//button[@aria-label=\"Create\"]"}
RESULT: {"using":"xpath","value":"//button[@aria-label=\"Create\"]"}
COMMAND: POST /session/4e5157c5e3d60ff16ea2322a9d8395ac/execute/sync - {"script":"<script> [8489 bytes]","args":[{"element-6066-11e4-a52e-4f735466cecf":"f.F3EAD7D8D889EB61F600F49A8CF35C29.d.F79C160003FD9C98FC042E631F51E94D.e.1852","ELEMENT":"f.F3EAD7D8D889EB61F600F49A8CF35C29.d.F79C160003FD9C98FC042E631F51E94D.e.1852"}]}
RESULT: {"script":"<script> [8489 bytes]","args":[{"element-6066-11e4-a52e-4f735466cecf":"f.F3EAD7D8D889EB61F600F49A8CF35C29.d.F79C160003FD9C98FC042E631F51E94D.e.1852","ELEMENT":"f.F3EAD7D8D889EB61F600F49A8CF35C29.d.F79C160003FD9C98FC042E631F51E94D.e.1852"}]}
COMMAND: GET /session/4e5157c5e3d60ff16ea2322a9d8395ac/element/f.F3EAD7D8D889EB61F600F49A8CF35C29.d.F79C160003FD9C98FC042E631F51E94D.e.1852/enabled - {}
COMMAND: GET /session/4e5157c5e3d60ff16ea2322a9d8395ac/screenshot - {}
RESULT: {}
COMMAND: POST /session/4e5157c5e3d60ff16ea2322a9d8395ac/execute/sync - {"script":"<script> [8489 bytes]","args":[{"element-6066-11e4-a52e-4f735466cecf":"f.F3EAD7D8D889EB61F600F49A8CF35C29.d.F79C160003FD9C98FC042E631F51E94D.e.1852","ELEMENT":"f.F3EAD7D8D889EB61F600F49A8CF35C29.d.F79C160003FD9C98FC042E631F51E94D.e.1852"}]}
COMMAND: GET /session/4e5157c5e3d60ff16ea2322a9d8395ac/screenshot - {}
RESULT: {}
RESULT: {}
RESULT: {"script":"<script> [8489 bytes]","args":[{"element-6066-11e4-a52e-4f735466cecf":"f.F3EAD7D8D889EB61F600F49A8CF35C29.d.F79C160003FD9C98FC042E631F51E94D.e.1852","ELEMENT":"f.F3EAD7D8D889EB61F600F49A8CF35C29.d.F79C160003FD9C98FC042E631F51E94D.e.1852"}]}
COMMAND: POST /session/4e5157c5e3d60ff16ea2322a9d8395ac/execute/sync - {"script":"<script> [5351 bytes]","args":[{"element-6066-11e4-a52e-4f735466cecf":"f.F3EAD7D8D889EB61F600F49A8CF35C29.d.F79C160003FD9C98FC042E631F51E94D.e.1852","ELEMENT":"f.F3EAD7D8D889EB61F600F49A8CF35C29.d.F79C160003FD9C98FC042E631F51E94D.e.1852"}]}
COMMAND: GET /session/4e5157c5e3d60ff16ea2322a9d8395ac/screenshot - {}
RESULT: {"script":"<script> [5351 bytes]","args":[{"element-6066-11e4-a52e-4f735466cecf":"f.F3EAD7D8D889EB61F600F49A8CF35C29.d.F79C160003FD9C98FC042E631F51E94D.e.1852","ELEMENT":"f.F3EAD7D8D889EB61F600F49A8CF35C29.d.F79C160003FD9C98FC042E631F51E94D.e.1852"}]}
COMMAND: POST /session/4e5157c5e3d60ff16ea2322a9d8395ac/element/f.F3EAD7D8D889EB61F600F49A8CF35C29.d.F79C160003FD9C98FC042E631F51E94D.e.1852/click - {}
COMMAND: GET /session/4e5157c5e3d60ff16ea2322a9d8395ac/screenshot - {}
RESULT: {}
RESULT: {}
COMMAND: GET /session/4e5157c5e3d60ff16ea2322a9d8395ac/screenshot - {}
RESULT: {}
RESULT: {}
COMMAND: POST /session/4e5157c5e3d60ff16ea2322a9d8395ac/actions - {"actions":[{"id":"action6","type":"key","parameters":{},"actions":[{"type":"keyDown","value":"î€‡"},{"type":"pause","duration":10},{"type":"keyUp","value":"î€‡"}]}]}
RESULT: {"actions":[{"id":"action6","type":"key","parameters":{},"actions":[{"type":"keyDown","value":"î€‡"},{"type":"pause","duration":10},{"type":"keyUp","value":"î€‡"}]}]}
COMMAND: GET /session/4e5157c5e3d60ff16ea2322a9d8395ac/screenshot - {}
RESULT: {}
COMMAND: POST /session/4e5157c5e3d60ff16ea2322a9d8395ac/execute/async - {"script":"<script> [1562 bytes]","args":[{"selector":{"id":"application-manageconditionprice-display-component---newCondition--condBillCond-arrow"},"wdio_ui5_key":"applicationmanageconditionprice-display-component---newCondition--condBillCond-arrow"}]}
RESULT: {"script":"<script> [1562 bytes]","args":[{"selector":{"id":"application-manageconditionprice-display-component---newCondition--condBillCond-arrow"},"wdio_ui5_key":"applicationmanageconditionprice-display-component---newCondition--condBillCond-arrow"}]}
RESULT: undefined
COMMAND: POST /session/4e5157c5e3d60ff16ea2322a9d8395ac/element - {"using":"xpath","value":"//*[@id=\"application-manageconditionprice-display-component---newCondition--condBillCond-arrow\"]"}
RESULT: {"using":"xpath","value":"//*[@id=\"application-manageconditionprice-display-component---newCondition--condBillCond-arrow\"]"}
COMMAND: POST /session/4e5157c5e3d60ff16ea2322a9d8395ac/element/f.F3EAD7D8D889EB61F600F49A8CF35C29.d.F79C160003FD9C98FC042E631F51E94D.e.2058/click - {}
RESULT: {}
COMMAND: GET /session/4e5157c5e3d60ff16ea2322a9d8395ac/screenshot - {}
RESULT: {}
COMMAND: POST /session/4e5157c5e3d60ff16ea2322a9d8395ac/element - {"using":"xpath","value":"//li[.//span[contains(text(), \"SAPR - Sales price\")]]"}
RESULT: {"using":"xpath","value":"//li[.//span[contains(text(), \"SAPR - Sales price\")]]"}
COMMAND: POST /session/4e5157c5e3d60ff16ea2322a9d8395ac/element/f.F3EAD7D8D889EB61F600F49A8CF35C29.d.F79C160003FD9C98FC042E631F51E94D.e.2062/click - {}
RESULT: {}
COMMAND: GET /session/4e5157c5e3d60ff16ea2322a9d8395ac/screenshot - {}
RESULT: {}
COMMAND: POST /session/4e5157c5e3d60ff16ea2322a9d8395ac/execute/async - {"script":"<script> [1562 bytes]","args":[{"selector":{"id":"application-manageconditionprice-display-component---newCondition--condValidTo","interaction":{"idSuffix":"inner"}},"wdio_ui5_key":"applicationmanageconditionprice-display-component---newCondition--condValidTo"}]}
RESULT: {"script":"<script> [1562 bytes]","args":[{"selector":{"id":"application-manageconditionprice-display-component---newCondition--condValidTo","interaction":{"idSuffix":"inner"}},"wdio_ui5_key":"applicationmanageconditionprice-display-component---newCondition--condValidTo"}]}
RESULT: undefined
COMMAND: POST /session/4e5157c5e3d60ff16ea2322a9d8395ac/execute/async - {"script":"<script> [776 bytes]","args":[{"enterText":"12/29/25","selector":{"id":"application-manageconditionprice-display-component---newCondition--condValidTo","interaction":{"idSuffix":"inner"}},"clearTextFirst":true,"interactionType":"ENTER_TEXT"}]}
RESULT: {"script":"<script> [776 bytes]","args":[{"enterText":"12/29/25","selector":{"id":"application-manageconditionprice-display-component---newCondition--condValidTo","interaction":{"idSuffix":"inner"}},"clearTextFirst":true,"interactionType":"ENTER_TEXT"}]}
COMMAND: POST /session/4e5157c5e3d60ff16ea2322a9d8395ac/element - {"using":"xpath","value":"//input[@id=\"application-manageconditionprice-display-component---newCondition--condRU-inner\"]"}
RESULT: {"using":"xpath","value":"//input[@id=\"application-manageconditionprice-display-component---newCondition--condRU-inner\"]"}
COMMAND: POST /session/4e5157c5e3d60ff16ea2322a9d8395ac/element/f.F3EAD7D8D889EB61F600F49A8CF35C29.d.F79C160003FD9C98FC042E631F51E94D.e.1928/clear - {}
RESULT: {}
COMMAND: POST /session/4e5157c5e3d60ff16ea2322a9d8395ac/element/f.F3EAD7D8D889EB61F600F49A8CF35C29.d.F79C160003FD9C98FC042E631F51E94D.e.1928/value - {"text":"koyGNVaGMj"}
COMMAND: GET /session/4e5157c5e3d60ff16ea2322a9d8395ac/screenshot - {}
RESULT: {"text":"koyGNVaGMj"}
COMMAND: GET /session/4e5157c5e3d60ff16ea2322a9d8395ac/screenshot - {}
RESULT: {}
RESULT: {}
COMMAND: POST /session/4e5157c5e3d60ff16ea2322a9d8395ac/actions - {"actions":[{"id":"action7","type":"key","parameters":{},"actions":[{"type":"keyDown","value":"î€‡"},{"type":"pause","duration":10},{"type":"keyUp","value":"î€‡"}]}]}
RESULT: {"actions":[{"id":"action7","type":"key","parameters":{},"actions":[{"type":"keyDown","value":"î€‡"},{"type":"pause","duration":10},{"type":"keyUp","value":"î€‡"}]}]}
COMMAND: POST /session/4e5157c5e3d60ff16ea2322a9d8395ac/execute/async - {"script":"<script> [1562 bytes]","args":[{"selector":{"id":"application-manageconditionprice-display-component---newCondition--condBaseQty","interaction":{"idSuffix":"inner"}},"wdio_ui5_key":"applicationmanageconditionprice-display-component---newCondition--condBaseQty"}]}
COMMAND: GET /session/4e5157c5e3d60ff16ea2322a9d8395ac/screenshot - {}
RESULT: {"script":"<script> [1562 bytes]","args":[{"selector":{"id":"application-manageconditionprice-display-component---newCondition--condBaseQty","interaction":{"idSuffix":"inner"}},"wdio_ui5_key":"applicationmanageconditionprice-display-component---newCondition--condBaseQty"}]}
RESULT: undefined
COMMAND: POST /session/4e5157c5e3d60ff16ea2322a9d8395ac/execute/async - {"script":"<script> [776 bytes]","args":[{"enterText":"1","selector":{"id":"application-manageconditionprice-display-component---newCondition--condBaseQty","interaction":{"idSuffix":"inner"}},"clearTextFirst":true,"interactionType":"ENTER_TEXT"}]}
RESULT: {}
RESULT: {"script":"<script> [776 bytes]","args":[{"enterText":"1","selector":{"id":"application-manageconditionprice-display-component---newCondition--condBaseQty","interaction":{"idSuffix":"inner"}},"clearTextFirst":true,"interactionType":"ENTER_TEXT"}]}
COMMAND: POST /session/4e5157c5e3d60ff16ea2322a9d8395ac/execute/async - {"script":"<script> [1562 bytes]","args":[{"selector":{"id":"application-manageconditionprice-display-component---newCondition--condValue","interaction":{"idSuffix":"inner"}},"wdio_ui5_key":"applicationmanageconditionprice-display-component---newCondition--condValue"}]}
RESULT: {"script":"<script> [1562 bytes]","args":[{"selector":{"id":"application-manageconditionprice-display-component---newCondition--condValue","interaction":{"idSuffix":"inner"}},"wdio_ui5_key":"applicationmanageconditionprice-display-component---newCondition--condValue"}]}
RESULT: undefined
COMMAND: POST /session/4e5157c5e3d60ff16ea2322a9d8395ac/execute/async - {"script":"<script> [776 bytes]","args":[{"enterText":"200","selector":{"id":"application-manageconditionprice-display-component---newCondition--condValue","interaction":{"idSuffix":"inner"}},"clearTextFirst":true,"interactionType":"ENTER_TEXT"}]}
RESULT: {"script":"<script> [776 bytes]","args":[{"enterText":"200","selector":{"id":"application-manageconditionprice-display-component---newCondition--condValue","interaction":{"idSuffix":"inner"}},"clearTextFirst":true,"interactionType":"ENTER_TEXT"}]}
COMMAND: POST /session/4e5157c5e3d60ff16ea2322a9d8395ac/execute/async - {"script":"<script> [1562 bytes]","args":[{"selector":{"id":"application-manageconditionprice-display-component---newCondition--condCurr-arrow"},"wdio_ui5_key":"applicationmanageconditionprice-display-component---newCondition--condCurr-arrow"}]}
RESULT: {"script":"<script> [1562 bytes]","args":[{"selector":{"id":"application-manageconditionprice-display-component---newCondition--condCurr-arrow"},"wdio_ui5_key":"applicationmanageconditionprice-display-component---newCondition--condCurr-arrow"}]}
RESULT: undefined
COMMAND: POST /session/4e5157c5e3d60ff16ea2322a9d8395ac/element - {"using":"xpath","value":"//*[@id=\"application-manageconditionprice-display-component---newCondition--condCurr-arrow\"]"}
RESULT: {"using":"xpath","value":"//*[@id=\"application-manageconditionprice-display-component---newCondition--condCurr-arrow\"]"}
COMMAND: POST /session/4e5157c5e3d60ff16ea2322a9d8395ac/element/f.F3EAD7D8D889EB61F600F49A8CF35C29.d.F79C160003FD9C98FC042E631F51E94D.e.2027/click - {}
RESULT: {}
COMMAND: POST /session/4e5157c5e3d60ff16ea2322a9d8395ac/element - {"using":"xpath","value":"//span[contains(text(), \"Euro\")]"}
COMMAND: GET /session/4e5157c5e3d60ff16ea2322a9d8395ac/screenshot - {}
RESULT: {"using":"xpath","value":"//span[contains(text(), \"Euro\")]"}
COMMAND: POST /session/4e5157c5e3d60ff16ea2322a9d8395ac/element/f.F3EAD7D8D889EB61F600F49A8CF35C29.d.F79C160003FD9C98FC042E631F51E94D.e.2098/click - {}
RESULT: {}
RESULT: {}
COMMAND: POST /session/4e5157c5e3d60ff16ea2322a9d8395ac/element - {"using":"xpath","value":"//button[@data-kt=\"saveButton\"]"}
COMMAND: GET /session/4e5157c5e3d60ff16ea2322a9d8395ac/screenshot - {}
RESULT: {"using":"xpath","value":"//button[@data-kt=\"saveButton\"]"}
COMMAND: POST /session/4e5157c5e3d60ff16ea2322a9d8395ac/element/f.F3EAD7D8D889EB61F600F49A8CF35C29.d.F79C160003FD9C98FC042E631F51E94D.e.2028/click - {}
RESULT: {}
RESULT: {}
COMMAND: GET /session/4e5157c5e3d60ff16ea2322a9d8395ac/screenshot - {}
RESULT: {}
COMMAND: POST /session/4e5157c5e3d60ff16ea2322a9d8395ac/execute/async - {"script":"<script> [1562 bytes]","args":[{"selector":{"id":"application-manageconditionprice-display-component---conditions--smartFilterBar-btnBasicSearch","interaction":{"idSuffix":"I"}},"wdio_ui5_key":"applicationmanageconditionprice-display-component---conditions--smartFilterBar-btnBasicSearch"}]}
RESULT: {"script":"<script> [1562 bytes]","args":[{"selector":{"id":"application-manageconditionprice-display-component---conditions--smartFilterBar-btnBasicSearch","interaction":{"idSuffix":"I"}},"wdio_ui5_key":"applicationmanageconditionprice-display-component---conditions--smartFilterBar-btnBasicSearch"}]}
RESULT: undefined
COMMAND: POST /session/4e5157c5e3d60ff16ea2322a9d8395ac/execute/async - {"script":"<script> [776 bytes]","args":[{"enterText":"koyGNVaGMj","selector":{"id":"application-manageconditionprice-display-component---conditions--smartFilterBar-btnBasicSearch","interaction":{"idSuffix":"I"}},"clearTextFirst":true,"interactionType":"ENTER_TEXT"}]}
RESULT: {"script":"<script> [776 bytes]","args":[{"enterText":"koyGNVaGMj","selector":{"id":"application-manageconditionprice-display-component---conditions--smartFilterBar-btnBasicSearch","interaction":{"idSuffix":"I"}},"clearTextFirst":true,"interactionType":"ENTER_TEXT"}]}
COMMAND: POST /session/4e5157c5e3d60ff16ea2322a9d8395ac/actions - {"actions":[{"id":"action8","type":"key","parameters":{},"actions":[{"type":"keyDown","value":"î€‡"},{"type":"pause","duration":10},{"type":"keyUp","value":"î€‡"}]}]}
RESULT: {"actions":[{"id":"action8","type":"key","parameters":{},"actions":[{"type":"keyDown","value":"î€‡"},{"type":"pause","duration":10},{"type":"keyUp","value":"î€‡"}]}]}
COMMAND: GET /session/4e5157c5e3d60ff16ea2322a9d8395ac/screenshot - {}
RESULT: {}
COMMAND: POST /session/4e5157c5e3d60ff16ea2322a9d8395ac/execute/async - {"script":"<script> [1562 bytes]","args":[{"selector":{"id":"application-manageconditionprice-display-component---conditions--smartFilterBar-filterItemControl_BASIC-BILL_TYPES-vhi"},"wdio_ui5_key":"applicationmanageconditionprice-display-component---conditions--smartFilterBar-filterItemControl_BASIC-BILL_TYPES-vhi"}]}
RESULT: {"script":"<script> [1562 bytes]","args":[{"selector":{"id":"application-manageconditionprice-display-component---conditions--smartFilterBar-filterItemControl_BASIC-BILL_TYPES-vhi"},"wdio_ui5_key":"applicationmanageconditionprice-display-component---conditions--smartFilterBar-filterItemControl_BASIC-BILL_TYPES-vhi"}]}
RESULT: undefined
COMMAND: POST /session/4e5157c5e3d60ff16ea2322a9d8395ac/element - {"using":"xpath","value":"//*[@id=\"application-manageconditionprice-display-component---conditions--smartFilterBar-filterItemControl_BASIC-BILL_TYPES-vhi\"]"}
RESULT: {"using":"xpath","value":"//*[@id=\"application-manageconditionprice-display-component---conditions--smartFilterBar-filterItemControl_BASIC-BILL_TYPES-vhi\"]"}
COMMAND: POST /session/4e5157c5e3d60ff16ea2322a9d8395ac/element/f.F3EAD7D8D889EB61F600F49A8CF35C29.d.F79C160003FD9C98FC042E631F51E94D.e.2115/click - {}
RESULT: {}
COMMAND: POST /session/4e5157c5e3d60ff16ea2322a9d8395ac/execute/async - {"script":"<script> [1562 bytes]","args":[{"selector":{"id":"application-manageconditionprice-display-component---conditions--smartFilterBar-filterItemControl_BASIC-BILL_TYPES-valueHelpDialog-smartFilterBar-btnBasicSearch","searchOpenDialogs":true,"interaction":{"idSuffix":"I"}},"wdio_ui5_key":"applicationmanageconditionprice-display-component---conditions--smartFilterBar-filterItemControl_BASIC-BILL_TYPES-valueHelpDialog-smartFilterBar-btnBasicSearch"}]}
COMMAND: GET /session/4e5157c5e3d60ff16ea2322a9d8395ac/screenshot - {}
RESULT: {"script":"<script> [1562 bytes]","args":[{"selector":{"id":"application-manageconditionprice-display-component---conditions--smartFilterBar-filterItemControl_BASIC-BILL_TYPES-valueHelpDialog-smartFilterBar-btnBasicSearch","searchOpenDialogs":true,"interaction":{"idSuffix":"I"}},"wdio_ui5_key":"applicationmanageconditionprice-display-component---conditions--smartFilterBar-filterItemControl_BASIC-BILL_TYPES-valueHelpDialog-smartFilterBar-btnBasicSearch"}]}
RESULT: undefined
COMMAND: POST /session/4e5157c5e3d60ff16ea2322a9d8395ac/execute/async - {"script":"<script> [776 bytes]","args":[{"enterText":"one","selector":{"id":"application-manageconditionprice-display-component---conditions--smartFilterBar-filterItemControl_BASIC-BILL_TYPES-valueHelpDialog-smartFilterBar-btnBasicSearch","searchOpenDialogs":true,"interaction":{"idSuffix":"I"}},"clearTextFirst":true,"interactionType":"ENTER_TEXT"}]}
RESULT: {}
RESULT: {"script":"<script> [776 bytes]","args":[{"enterText":"one","selector":{"id":"application-manageconditionprice-display-component---conditions--smartFilterBar-filterItemControl_BASIC-BILL_TYPES-valueHelpDialog-smartFilterBar-btnBasicSearch","searchOpenDialogs":true,"interaction":{"idSuffix":"I"}},"clearTextFirst":true,"interactionType":"ENTER_TEXT"}]}
COMMAND: POST /session/4e5157c5e3d60ff16ea2322a9d8395ac/actions - {"actions":[{"id":"action9","type":"key","parameters":{},"actions":[{"type":"keyDown","value":"î€‡"},{"type":"pause","duration":10},{"type":"keyUp","value":"î€‡"}]}]}
RESULT: {"actions":[{"id":"action9","type":"key","parameters":{},"actions":[{"type":"keyDown","value":"î€‡"},{"type":"pause","duration":10},{"type":"keyUp","value":"î€‡"}]}]}
COMMAND: GET /session/4e5157c5e3d60ff16ea2322a9d8395ac/screenshot - {}
RESULT: {}
COMMAND: POST /session/4e5157c5e3d60ff16ea2322a9d8395ac/element - {"using":"xpath","value":"//div[contains(@id, 'application-manageconditionprice-display-component---conditions--smartFilterBar-filterItemControl_BASIC-BILL_TYPES-valueHelpDialog-table-rowsel0')]"}
RESULT: {"using":"xpath","value":"//div[contains(@id, 'application-manageconditionprice-display-component---conditions--smartFilterBar-filterItemControl_BASIC-BILL_TYPES-valueHelpDialog-table-rowsel0')]"}
COMMAND: POST /session/4e5157c5e3d60ff16ea2322a9d8395ac/element/f.F3EAD7D8D889EB61F600F49A8CF35C29.d.F79C160003FD9C98FC042E631F51E94D.e.2124/click - {}
RESULT: {}
COMMAND: GET /session/4e5157c5e3d60ff16ea2322a9d8395ac/screenshot - {}
RESULT: {}
COMMAND: POST /session/4e5157c5e3d60ff16ea2322a9d8395ac/element - {"using":"xpath","value":"//bdi[contains(text(), \"OK\")]"}
RESULT: {"using":"xpath","value":"//bdi[contains(text(), \"OK\")]"}
COMMAND: POST /session/4e5157c5e3d60ff16ea2322a9d8395ac/element/f.F3EAD7D8D889EB61F600F49A8CF35C29.d.F79C160003FD9C98FC042E631F51E94D.e.2126/click - {}
RESULT: {}
COMMAND: GET /session/4e5157c5e3d60ff16ea2322a9d8395ac/screenshot - {}
RESULT: {}
COMMAND: POST /session/4e5157c5e3d60ff16ea2322a9d8395ac/element - {"using":"xpath","value":"//span[@id=\"application-manageconditionprice-display-component---conditions--smartTable-header-inner\"]"}
RESULT: {"using":"xpath","value":"//span[@id=\"application-manageconditionprice-display-component---conditions--smartTable-header-inner\"]"}
COMMAND: POST /session/4e5157c5e3d60ff16ea2322a9d8395ac/elements - {"using":"xpath","value":"//span[@id=\"application-manageconditionprice-display-component---conditions--smartTable-header-inner\"]"}
RESULT: {"using":"xpath","value":"//span[@id=\"application-manageconditionprice-display-component---conditions--smartTable-header-inner\"]"}
COMMAND: POST /session/4e5157c5e3d60ff16ea2322a9d8395ac/execute/sync - {"script":"<script> [56 bytes]","args":[{"element-6066-11e4-a52e-4f735466cecf":"f.F3EAD7D8D889EB61F600F49A8CF35C29.d.F79C160003FD9C98FC042E631F51E94D.e.2129","ELEMENT":"f.F3EAD7D8D889EB61F600F49A8CF35C29.d.F79C160003FD9C98FC042E631F51E94D.e.2129"}]}
RESULT: {"script":"<script> [56 bytes]","args":[{"element-6066-11e4-a52e-4f735466cecf":"f.F3EAD7D8D889EB61F600F49A8CF35C29.d.F79C160003FD9C98FC042E631F51E94D.e.2129","ELEMENT":"f.F3EAD7D8D889EB61F600F49A8CF35C29.d.F79C160003FD9C98FC042E631F51E94D.e.2129"}]}
COMMAND: POST /session/4e5157c5e3d60ff16ea2322a9d8395ac/element - {"using":"css selector","value":"#shell-header-logo"}
COMMAND: GET /session/4e5157c5e3d60ff16ea2322a9d8395ac/screenshot - {}
RESULT: {"using":"css selector","value":"#shell-header-logo"}
COMMAND: POST /session/4e5157c5e3d60ff16ea2322a9d8395ac/element/f.F3EAD7D8D889EB61F600F49A8CF35C29.d.F79C160003FD9C98FC042E631F51E94D.e.1819/click - {}
RESULT: {}
RESULT: {}
COMMAND: GET /session/4e5157c5e3d60ff16ea2322a9d8395ac/screenshot - {}
RESULT: {}
COMMAND: POST /session/4e5157c5e3d60ff16ea2322a9d8395ac/element - {"using":"css selector","value":"#j_username"}
COMMAND: POST /session/4e5157c5e3d60ff16ea2322a9d8395ac/url - {"url":"https://qa-testing-00-live-etm-ui.cfapps.eu10-004.hana.ondemand.com/"}
RESULT: {"using":"css selector","value":"#j_username"}
COMMAND: POST /session/4e5157c5e3d60ff16ea2322a9d8395ac/element - {"using":"css selector","value":"#j_username"}
RESULT: {"url":"https://qa-testing-00-live-etm-ui.cfapps.eu10-004.hana.ondemand.com/"}
RESULT: undefined
COMMAND: GET /session/4e5157c5e3d60ff16ea2322a9d8395ac/screenshot - {}
RESULT: {"using":"css selector","value":"#j_username"}
COMMAND: POST /session/4e5157c5e3d60ff16ea2322a9d8395ac/element - {"using":"css selector","value":"#shell-header-logo"}
RESULT: {}
RESULT: {"using":"css selector","value":"#shell-header-logo"}
COMMAND: POST /session/4e5157c5e3d60ff16ea2322a9d8395ac/execute/sync - {"script":"<script> [8489 bytes]","args":[{"element-6066-11e4-a52e-4f735466cecf":"f.F3EAD7D8D889EB61F600F49A8CF35C29.d.5D81CAB4DEE8231080A3023198E99973.e.2147","ELEMENT":"f.F3EAD7D8D889EB61F600F49A8CF35C29.d.5D81CAB4DEE8231080A3023198E99973.e.2147"}]}
RESULT: {"script":"<script> [8489 bytes]","args":[{"element-6066-11e4-a52e-4f735466cecf":"f.F3EAD7D8D889EB61F600F49A8CF35C29.d.5D81CAB4DEE8231080A3023198E99973.e.2147","ELEMENT":"f.F3EAD7D8D889EB61F600F49A8CF35C29.d.5D81CAB4DEE8231080A3023198E99973.e.2147"}]}
COMMAND: POST /session/4e5157c5e3d60ff16ea2322a9d8395ac/element - {"using":"css selector","value":"#shell-header-logo"}
COMMAND: GET /session/4e5157c5e3d60ff16ea2322a9d8395ac/screenshot - {}
RESULT: {"using":"css selector","value":"#shell-header-logo"}
COMMAND: POST /session/4e5157c5e3d60ff16ea2322a9d8395ac/execute/sync - {"script":"<script> [8489 bytes]","args":[{"element-6066-11e4-a52e-4f735466cecf":"f.F3EAD7D8D889EB61F600F49A8CF35C29.d.5D81CAB4DEE8231080A3023198E99973.e.2147","ELEMENT":"f.F3EAD7D8D889EB61F600F49A8CF35C29.d.5D81CAB4DEE8231080A3023198E99973.e.2147"}]}
RESULT: {}
RESULT: {"script":"<script> [8489 bytes]","args":[{"element-6066-11e4-a52e-4f735466cecf":"f.F3EAD7D8D889EB61F600F49A8CF35C29.d.5D81CAB4DEE8231080A3023198E99973.e.2147","ELEMENT":"f.F3EAD7D8D889EB61F600F49A8CF35C29.d.5D81CAB4DEE8231080A3023198E99973.e.2147"}]}
COMMAND: POST /session/4e5157c5e3d60ff16ea2322a9d8395ac/execute/sync - {"script":"<script> [5351 bytes]","args":[{"element-6066-11e4-a52e-4f735466cecf":"f.F3EAD7D8D889EB61F600F49A8CF35C29.d.5D81CAB4DEE8231080A3023198E99973.e.2147","ELEMENT":"f.F3EAD7D8D889EB61F600F49A8CF35C29.d.5D81CAB4DEE8231080A3023198E99973.e.2147"}]}
COMMAND: GET /session/4e5157c5e3d60ff16ea2322a9d8395ac/screenshot - {}
RESULT: {"script":"<script> [5351 bytes]","args":[{"element-6066-11e4-a52e-4f735466cecf":"f.F3EAD7D8D889EB61F600F49A8CF35C29.d.5D81CAB4DEE8231080A3023198E99973.e.2147","ELEMENT":"f.F3EAD7D8D889EB61F600F49A8CF35C29.d.5D81CAB4DEE8231080A3023198E99973.e.2147"}]}
COMMAND: POST /session/4e5157c5e3d60ff16ea2322a9d8395ac/element - {"using":"css selector","value":"#shell-header-logo"}
COMMAND: GET /session/4e5157c5e3d60ff16ea2322a9d8395ac/screenshot - {}
RESULT: {}
RESULT: {"using":"css selector","value":"#shell-header-logo"}
COMMAND: POST /session/4e5157c5e3d60ff16ea2322a9d8395ac/element/f.F3EAD7D8D889EB61F600F49A8CF35C29.d.5D81CAB4DEE8231080A3023198E99973.e.2147/click - {}
RESULT: {}
RESULT: {}
COMMAND: GET /session/4e5157c5e3d60ff16ea2322a9d8395ac/screenshot - {}
RESULT: {}
COMMAND: POST /session/4e5157c5e3d60ff16ea2322a9d8395ac/execute/async - {"script":"<script> [189 bytes]","args":[]}
RESULT: {"script":"<script> [189 bytes]","args":[]}
COMMAND: POST /session/4e5157c5e3d60ff16ea2322a9d8395ac/execute/async - {"script":"<script> [123 bytes]","args":[]}
RESULT: {"script":"<script> [123 bytes]","args":[]}
COMMAND: POST /session/4e5157c5e3d60ff16ea2322a9d8395ac/timeouts - {"script":"<number>"}
RESULT: {"script":"<number>"}
COMMAND: GET /session/4e5157c5e3d60ff16ea2322a9d8395ac/timeouts - {}
RESULT: {}
RESULT: undefined
COMMAND: POST /session/4e5157c5e3d60ff16ea2322a9d8395ac/execute/async - {"script":"<script> [2676 bytes]","args":[]}
RESULT: {"script":"<script> [2676 bytes]","args":[]}
COMMAND: POST /session/4e5157c5e3d60ff16ea2322a9d8395ac/execute/async - {"script":"<script> [2342 bytes]","args":[{"protocol":"http","hostname":"0.0.0.0","path":"/","capabilities":{"browserName":"chrome","goog:chromeOptions":{"binary":"C:\\Program Files\\Google\\Chrome\\Application\\chrome.exe","args":["--start-maximized"]}},"logLevel":"warn","connectionRetryTimeout":120000,"connectionRetryCount":3,"logLevels":{},"enableDirectConnect":true,"strictSSL":true,"_":"65 more keys: [\"cacheDir\",\"port\",\"requestedCapabilities\",\"automationProtocol\",\"baseUrl\",\"waitforInterval\",\"waitforTimeout\",\"onReload\",\"beforeCommand\",\"afterCommand\",\"rootDir\",\"specs\",\"suites\",\"exclude\",\"groupLogsByTestSpec\",\"excludeDriverLogs\",\"bail\",\"framework\",\"reporters\",\"services\",\"maxInstances\",\"maxInstancesPerCapability\",\"injectGlobals\",\"filesToWatch\",\"execArgv\",\"runnerEnv\",\"runner\",\"shard\",\"specFileRetries\",\"specFileRetriesDelay\",\"specFileRetriesDeferred\",\"reporterSyncInterval\",\"reporterSyncTimeout\",\"cucumberFeaturesWithLineNumbers\",\"autoCompileOpts\",\"mochaOpts\",\"jasmineOpts\",\"cucumberOpts\",\"onPrepare\",\"onWorkerStart\",\"onWorkerEnd\",\"before\",\"beforeSession\",\"beforeSuite\",\"beforeHook\",\"beforeTest\",\"afterTest\",\"afterHook\",\"afterSuite\",\"afterSession\",\"after\",\"onComplete\",\"beforeAssertion\",\"afterAssertion\",\"beforeFeature\",\"beforeScenario\",\"beforeStep\",\"afterStep\",\"afterScenario\",\"afterFeature\",\"_\",\"suite\",\"$0\",\"ignoredWorkerServices\",\"wdi5\"]"}]}
RESULT: {"script":"<script> [2342 bytes]","args":[{"protocol":"http","hostname":"0.0.0.0","path":"/","capabilities":{"browserName":"chrome","goog:chromeOptions":{"binary":"C:\\Program Files\\Google\\Chrome\\Application\\chrome.exe","args":["--start-maximized"]}},"logLevel":"warn","connectionRetryTimeout":120000,"connectionRetryCount":3,"logLevels":{},"enableDirectConnect":true,"strictSSL":true,"_":"65 more keys: [\"cacheDir\",\"port\",\"requestedCapabilities\",\"automationProtocol\",\"baseUrl\",\"waitforInterval\",\"waitforTimeout\",\"onReload\",\"beforeCommand\",\"afterCommand\",\"rootDir\",\"specs\",\"suites\",\"exclude\",\"groupLogsByTestSpec\",\"excludeDriverLogs\",\"bail\",\"framework\",\"reporters\",\"services\",\"maxInstances\",\"maxInstancesPerCapability\",\"injectGlobals\",\"filesToWatch\",\"execArgv\",\"runnerEnv\",\"runner\",\"shard\",\"specFileRetries\",\"specFileRetriesDelay\",\"specFileRetriesDeferred\",\"reporterSyncInterval\",\"reporterSyncTimeout\",\"cucumberFeaturesWithLineNumbers\",\"autoCompileOpts\",\"mochaOpts\",\"jasmineOpts\",\"cucumberOpts\",\"onPrepare\",\"onWorkerStart\",\"onWorkerEnd\",\"before\",\"beforeSession\",\"beforeSuite\",\"beforeHook\",\"beforeTest\",\"afterTest\",\"afterHook\",\"afterSuite\",\"afterSession\",\"after\",\"onComplete\",\"beforeAssertion\",\"afterAssertion\",\"beforeFeature\",\"beforeScenario\",\"beforeStep\",\"afterStep\",\"afterScenario\",\"afterFeature\",\"_\",\"suite\",\"$0\",\"ignoredWorkerServices\",\"wdi5\"]"}]}
COMMAND: POST /session/4e5157c5e3d60ff16ea2322a9d8395ac/execute/async - {"script":"<script> [21126 bytes]","args":[35000]}
RESULT: {"script":"<script> [21126 bytes]","args":[35000]}
COMMAND: POST /session/4e5157c5e3d60ff16ea2322a9d8395ac/window/maximize - {}
RESULT: {}
COMMAND: POST /session/4e5157c5e3d60ff16ea2322a9d8395ac/execute/async - {"script":"<script> [1562 bytes]","args":[{"selector":{"id":"shell-header","interaction":{"idSuffix":"icon"}},"wdio_ui5_key":"shellheader"}]}
COMMAND: GET /session/4e5157c5e3d60ff16ea2322a9d8395ac/screenshot - {}
RESULT: {"script":"<script> [1562 bytes]","args":[{"selector":{"id":"shell-header","interaction":{"idSuffix":"icon"}},"wdio_ui5_key":"shellheader"}]}
RESULT: undefined
COMMAND: POST /session/4e5157c5e3d60ff16ea2322a9d8395ac/refresh - {}
RESULT: {}
RESULT: {}
COMMAND: GET /session/4e5157c5e3d60ff16ea2322a9d8395ac/screenshot - {}
RESULT: {}
COMMAND: POST /session/4e5157c5e3d60ff16ea2322a9d8395ac/refresh - {}
RESULT: {}
COMMAND: GET /session/4e5157c5e3d60ff16ea2322a9d8395ac/screenshot - {}
RESULT: {}
COMMAND: POST /session/4e5157c5e3d60ff16ea2322a9d8395ac/window/fullscreen - {}
RESULT: {}
COMMAND: POST /session/4e5157c5e3d60ff16ea2322a9d8395ac/execute/async - {"script":"<script> [189 bytes]","args":[]}
RESULT: {"script":"<script> [189 bytes]","args":[]}
COMMAND: POST /session/4e5157c5e3d60ff16ea2322a9d8395ac/execute/async - {"script":"<script> [123 bytes]","args":[]}
RESULT: {"script":"<script> [123 bytes]","args":[]}
COMMAND: POST /session/4e5157c5e3d60ff16ea2322a9d8395ac/timeouts - {"script":"<number>"}
RESULT: {"script":"<number>"}
COMMAND: GET /session/4e5157c5e3d60ff16ea2322a9d8395ac/timeouts - {}
RESULT: {}
RESULT: undefined
COMMAND: POST /session/4e5157c5e3d60ff16ea2322a9d8395ac/execute/async - {"script":"<script> [2676 bytes]","args":[]}
RESULT: {"script":"<script> [2676 bytes]","args":[]}
COMMAND: POST /session/4e5157c5e3d60ff16ea2322a9d8395ac/execute/async - {"script":"<script> [2342 bytes]","args":[{"protocol":"http","hostname":"0.0.0.0","path":"/","capabilities":{"browserName":"chrome","goog:chromeOptions":{"binary":"C:\\Program Files\\Google\\Chrome\\Application\\chrome.exe","args":["--start-maximized"]}},"logLevel":"warn","connectionRetryTimeout":120000,"connectionRetryCount":3,"logLevels":{},"enableDirectConnect":true,"strictSSL":true,"_":"65 more keys: [\"cacheDir\",\"port\",\"requestedCapabilities\",\"automationProtocol\",\"baseUrl\",\"waitforInterval\",\"waitforTimeout\",\"onReload\",\"beforeCommand\",\"afterCommand\",\"rootDir\",\"specs\",\"suites\",\"exclude\",\"groupLogsByTestSpec\",\"excludeDriverLogs\",\"bail\",\"framework\",\"reporters\",\"services\",\"maxInstances\",\"maxInstancesPerCapability\",\"injectGlobals\",\"filesToWatch\",\"execArgv\",\"runnerEnv\",\"runner\",\"shard\",\"specFileRetries\",\"specFileRetriesDelay\",\"specFileRetriesDeferred\",\"reporterSyncInterval\",\"reporterSyncTimeout\",\"cucumberFeaturesWithLineNumbers\",\"autoCompileOpts\",\"mochaOpts\",\"jasmineOpts\",\"cucumberOpts\",\"onPrepare\",\"onWorkerStart\",\"onWorkerEnd\",\"before\",\"beforeSession\",\"beforeSuite\",\"beforeHook\",\"beforeTest\",\"afterTest\",\"afterHook\",\"afterSuite\",\"afterSession\",\"after\",\"onComplete\",\"beforeAssertion\",\"afterAssertion\",\"beforeFeature\",\"beforeScenario\",\"beforeStep\",\"afterStep\",\"afterScenario\",\"afterFeature\",\"_\",\"suite\",\"$0\",\"ignoredWorkerServices\",\"wdi5\"]"}]}
RESULT: {"script":"<script> [2342 bytes]","args":[{"protocol":"http","hostname":"0.0.0.0","path":"/","capabilities":{"browserName":"chrome","goog:chromeOptions":{"binary":"C:\\Program Files\\Google\\Chrome\\Application\\chrome.exe","args":["--start-maximized"]}},"logLevel":"warn","connectionRetryTimeout":120000,"connectionRetryCount":3,"logLevels":{},"enableDirectConnect":true,"strictSSL":true,"_":"65 more keys: [\"cacheDir\",\"port\",\"requestedCapabilities\",\"automationProtocol\",\"baseUrl\",\"waitforInterval\",\"waitforTimeout\",\"onReload\",\"beforeCommand\",\"afterCommand\",\"rootDir\",\"specs\",\"suites\",\"exclude\",\"groupLogsByTestSpec\",\"excludeDriverLogs\",\"bail\",\"framework\",\"reporters\",\"services\",\"maxInstances\",\"maxInstancesPerCapability\",\"injectGlobals\",\"filesToWatch\",\"execArgv\",\"runnerEnv\",\"runner\",\"shard\",\"specFileRetries\",\"specFileRetriesDelay\",\"specFileRetriesDeferred\",\"reporterSyncInterval\",\"reporterSyncTimeout\",\"cucumberFeaturesWithLineNumbers\",\"autoCompileOpts\",\"mochaOpts\",\"jasmineOpts\",\"cucumberOpts\",\"onPrepare\",\"onWorkerStart\",\"onWorkerEnd\",\"before\",\"beforeSession\",\"beforeSuite\",\"beforeHook\",\"beforeTest\",\"afterTest\",\"afterHook\",\"afterSuite\",\"afterSession\",\"after\",\"onComplete\",\"beforeAssertion\",\"afterAssertion\",\"beforeFeature\",\"beforeScenario\",\"beforeStep\",\"afterStep\",\"afterScenario\",\"afterFeature\",\"_\",\"suite\",\"$0\",\"ignoredWorkerServices\",\"wdi5\"]"}]}
COMMAND: POST /session/4e5157c5e3d60ff16ea2322a9d8395ac/execute/async - {"script":"<script> [21126 bytes]","args":[35000]}
RESULT: {"script":"<script> [21126 bytes]","args":[35000]}
]]></system-out>
    </testcase>
  </testsuite>
  <testsuite timestamp="2025-04-29T05:57:06" time="116.277" tests="3" failures="0" errors="0" skipped="0">
    <properties>
      <property name="specId" value="0" />
      <property name="suiteName" value="Set up pricing rule(OT) 104624" />
      <property name="capabilities" value="chrome.135_0_7049_96.windows" />
      <property name="file" value="file:///D:/a/1/s/test/specs/BTS/create-pricing-rule.spec.js" />
    </properties>
    <testcase classname="chrome.135_0_7049_96.windows.Set_up_pricing_rule(OT)_104624" name="Should create a new yard used for all following tests" time="0.028">
      <system-out><![CDATA[
COMMAND: POST /session/4e5157c5e3d60ff16ea2322a9d8395ac/window/fullscreen - {}
RESULT: {}
]]></system-out>
    </testcase>
    <testcase classname="chrome.135_0_7049_96.windows.Set_up_pricing_rule(OT)_104624" name="Should create a new equipment used for all following tests" time="0.004" />
    <testcase classname="chrome.135_0_7049_96.windows.Set_up_pricing_rule(OT)_104624" name="Should create new pricing rule on the created resource from earlier module or above" time="63.847">
      <system-out><![CDATA[
COMMAND: POST /session/4e5157c5e3d60ff16ea2322a9d8395ac/execute/async - {"script":"<script> [1562 bytes]","args":[{"selector":{"controlType":"sap.m.Text","properties":{"text":"Manage Pricing Rules"},"interaction":{"idSuffix":"inner"}},"wdio_ui5_key":"sapm.Text{\"text\":\"Manage Pricing Rules\"}"}]}
RESULT: {"script":"<script> [1562 bytes]","args":[{"selector":{"controlType":"sap.m.Text","properties":{"text":"Manage Pricing Rules"},"interaction":{"idSuffix":"inner"}},"wdio_ui5_key":"sapm.Text{\"text\":\"Manage Pricing Rules\"}"}]}
RESULT: undefined
COMMAND: POST /session/4e5157c5e3d60ff16ea2322a9d8395ac/element - {"using":"xpath","value":"//*[@id=\"__tile55-title\"]"}
RESULT: {"using":"xpath","value":"//*[@id=\"__tile55-title\"]"}
COMMAND: POST /session/4e5157c5e3d60ff16ea2322a9d8395ac/element/f.F3EAD7D8D889EB61F600F49A8CF35C29.d.7C10FC399C7393B6C5A14E2CE552BA65.e.2405/click - {}
RESULT: {}
COMMAND: POST /session/4e5157c5e3d60ff16ea2322a9d8395ac/execute/async - {"script":"<script> [1562 bytes]","args":[{"selector":{"controlType":"sap.ui.core.Icon","viewName":"etm.portal.ui.managepricingrules.view.MasterHeader","viewId":"application-managepricingrules-display-component---priceInfoHeader","properties":{"src":{"regex":{"source":"activity\\-items"}}}},"wdio_ui5_key":"etmportal.ui.managepricingrules.view.MasterHeadersap.ui.core.Icon{\"src\":{\"regex\":{\"source\":\"activity\\\\-items\"}}}"}]}
COMMAND: GET /session/4e5157c5e3d60ff16ea2322a9d8395ac/screenshot - {}
RESULT: {"script":"<script> [1562 bytes]","args":[{"selector":{"controlType":"sap.ui.core.Icon","viewName":"etm.portal.ui.managepricingrules.view.MasterHeader","viewId":"application-managepricingrules-display-component---priceInfoHeader","properties":{"src":{"regex":{"source":"activity\\-items"}}}},"wdio_ui5_key":"etmportal.ui.managepricingrules.view.MasterHeadersap.ui.core.Icon{\"src\":{\"regex\":{\"source\":\"activity\\\\-items\"}}}"}]}
RESULT: undefined
COMMAND: POST /session/4e5157c5e3d60ff16ea2322a9d8395ac/element - {"using":"xpath","value":"//*[@id=\"__filter1-icon\"]"}
RESULT: {}
RESULT: {"using":"xpath","value":"//*[@id=\"__filter1-icon\"]"}
COMMAND: POST /session/4e5157c5e3d60ff16ea2322a9d8395ac/element/f.F3EAD7D8D889EB61F600F49A8CF35C29.d.7C10FC399C7393B6C5A14E2CE552BA65.e.2454/click - {}
RESULT: {}
COMMAND: GET /session/4e5157c5e3d60ff16ea2322a9d8395ac/screenshot - {}
RESULT: {}
COMMAND: POST /session/4e5157c5e3d60ff16ea2322a9d8395ac/element - {"using":"xpath","value":"//button[@data-kt=\"addButton\"]"}
RESULT: {"using":"xpath","value":"//button[@data-kt=\"addButton\"]"}
COMMAND: POST /session/4e5157c5e3d60ff16ea2322a9d8395ac/elements - {"using":"xpath","value":"//button[@data-kt=\"addButton\"]"}
RESULT: {"using":"xpath","value":"//button[@data-kt=\"addButton\"]"}
COMMAND: POST /session/4e5157c5e3d60ff16ea2322a9d8395ac/execute/sync - {"script":"<script> [8489 bytes]","args":[{"element-6066-11e4-a52e-4f735466cecf":"f.F3EAD7D8D889EB61F600F49A8CF35C29.d.7C10FC399C7393B6C5A14E2CE552BA65.e.2501","ELEMENT":"f.F3EAD7D8D889EB61F600F49A8CF35C29.d.7C10FC399C7393B6C5A14E2CE552BA65.e.2501"}]}
RESULT: {"script":"<script> [8489 bytes]","args":[{"element-6066-11e4-a52e-4f735466cecf":"f.F3EAD7D8D889EB61F600F49A8CF35C29.d.7C10FC399C7393B6C5A14E2CE552BA65.e.2501","ELEMENT":"f.F3EAD7D8D889EB61F600F49A8CF35C29.d.7C10FC399C7393B6C5A14E2CE552BA65.e.2501"}]}
COMMAND: GET /session/4e5157c5e3d60ff16ea2322a9d8395ac/element/f.F3EAD7D8D889EB61F600F49A8CF35C29.d.7C10FC399C7393B6C5A14E2CE552BA65.e.2501/enabled - {}
COMMAND: GET /session/4e5157c5e3d60ff16ea2322a9d8395ac/screenshot - {}
RESULT: {}
COMMAND: POST /session/4e5157c5e3d60ff16ea2322a9d8395ac/execute/sync - {"script":"<script> [8489 bytes]","args":[{"element-6066-11e4-a52e-4f735466cecf":"f.F3EAD7D8D889EB61F600F49A8CF35C29.d.7C10FC399C7393B6C5A14E2CE552BA65.e.2501","ELEMENT":"f.F3EAD7D8D889EB61F600F49A8CF35C29.d.7C10FC399C7393B6C5A14E2CE552BA65.e.2501"}]}
COMMAND: GET /session/4e5157c5e3d60ff16ea2322a9d8395ac/screenshot - {}
RESULT: {}
RESULT: {"script":"<script> [8489 bytes]","args":[{"element-6066-11e4-a52e-4f735466cecf":"f.F3EAD7D8D889EB61F600F49A8CF35C29.d.7C10FC399C7393B6C5A14E2CE552BA65.e.2501","ELEMENT":"f.F3EAD7D8D889EB61F600F49A8CF35C29.d.7C10FC399C7393B6C5A14E2CE552BA65.e.2501"}]}
COMMAND: POST /session/4e5157c5e3d60ff16ea2322a9d8395ac/execute/sync - {"script":"<script> [5351 bytes]","args":[{"element-6066-11e4-a52e-4f735466cecf":"f.F3EAD7D8D889EB61F600F49A8CF35C29.d.7C10FC399C7393B6C5A14E2CE552BA65.e.2501","ELEMENT":"f.F3EAD7D8D889EB61F600F49A8CF35C29.d.7C10FC399C7393B6C5A14E2CE552BA65.e.2501"}]}
COMMAND: GET /session/4e5157c5e3d60ff16ea2322a9d8395ac/screenshot - {}
RESULT: {}
RESULT: {"script":"<script> [5351 bytes]","args":[{"element-6066-11e4-a52e-4f735466cecf":"f.F3EAD7D8D889EB61F600F49A8CF35C29.d.7C10FC399C7393B6C5A14E2CE552BA65.e.2501","ELEMENT":"f.F3EAD7D8D889EB61F600F49A8CF35C29.d.7C10FC399C7393B6C5A14E2CE552BA65.e.2501"}]}
COMMAND: POST /session/4e5157c5e3d60ff16ea2322a9d8395ac/element/f.F3EAD7D8D889EB61F600F49A8CF35C29.d.7C10FC399C7393B6C5A14E2CE552BA65.e.2501/click - {}
COMMAND: GET /session/4e5157c5e3d60ff16ea2322a9d8395ac/screenshot - {}
RESULT: {}
RESULT: {}
COMMAND: GET /session/4e5157c5e3d60ff16ea2322a9d8395ac/screenshot - {}
RESULT: {}
RESULT: {}
COMMAND: POST /session/4e5157c5e3d60ff16ea2322a9d8395ac/execute/async - {"script":"<script> [1562 bytes]","args":[{"selector":{"controlType":"sap.m.Title","viewName":"etm.portal.ui.managepricingrules.view.NewItem","viewId":"application-managepricingrules-display-component---newInfoPriceItem","properties":{"text":"New Pricing Rules - Item Level"}},"wdio_ui5_key":"etmportal.ui.managepricingrules.view.NewItemsap.m.Title{\"text\":\"New Pricing Rules - Item Level\"}"}]}
RESULT: {"script":"<script> [1562 bytes]","args":[{"selector":{"controlType":"sap.m.Title","viewName":"etm.portal.ui.managepricingrules.view.NewItem","viewId":"application-managepricingrules-display-component---newInfoPriceItem","properties":{"text":"New Pricing Rules - Item Level"}},"wdio_ui5_key":"etmportal.ui.managepricingrules.view.NewItemsap.m.Title{\"text\":\"New Pricing Rules - Item Level\"}"}]}
RESULT: undefined
COMMAND: POST /session/4e5157c5e3d60ff16ea2322a9d8395ac/execute/async - {"script":"<script> [6424 bytes]","args":[{"element-6066-11e4-a52e-4f735466cecf":"f.F3EAD7D8D889EB61F600F49A8CF35C29.d.7C10FC399C7393B6C5A14E2CE552BA65.e.2786"},"getText",[]]}
RESULT: {"script":"<script> [6424 bytes]","args":[{"element-6066-11e4-a52e-4f735466cecf":"f.F3EAD7D8D889EB61F600F49A8CF35C29.d.7C10FC399C7393B6C5A14E2CE552BA65.e.2786"},"getText",[]]}
COMMAND: POST /session/4e5157c5e3d60ff16ea2322a9d8395ac/execute/async - {"script":"<script> [1562 bytes]","args":[{"selector":{"id":"application-managepricingrules-display-component---newInfoPriceItem--condValidTo","interaction":{"idSuffix":"inner"}},"wdio_ui5_key":"applicationmanagepricingrules-display-component---newInfoPriceItem--condValidTo"}]}
RESULT: {"script":"<script> [1562 bytes]","args":[{"selector":{"id":"application-managepricingrules-display-component---newInfoPriceItem--condValidTo","interaction":{"idSuffix":"inner"}},"wdio_ui5_key":"applicationmanagepricingrules-display-component---newInfoPriceItem--condValidTo"}]}
RESULT: undefined
COMMAND: POST /session/4e5157c5e3d60ff16ea2322a9d8395ac/execute/async - {"script":"<script> [776 bytes]","args":[{"enterText":"12/29/25","selector":{"id":"application-managepricingrules-display-component---newInfoPriceItem--condValidTo","interaction":{"idSuffix":"inner"}},"clearTextFirst":true,"interactionType":"ENTER_TEXT"}]}
RESULT: {"script":"<script> [776 bytes]","args":[{"enterText":"12/29/25","selector":{"id":"application-managepricingrules-display-component---newInfoPriceItem--condValidTo","interaction":{"idSuffix":"inner"}},"clearTextFirst":true,"interactionType":"ENTER_TEXT"}]}
COMMAND: POST /session/4e5157c5e3d60ff16ea2322a9d8395ac/element - {"using":"xpath","value":"//input[@id=\"application-managepricingrules-display-component---newInfoPriceItem--condRU-inner\"]"}
RESULT: {"using":"xpath","value":"//input[@id=\"application-managepricingrules-display-component---newInfoPriceItem--condRU-inner\"]"}
COMMAND: POST /session/4e5157c5e3d60ff16ea2322a9d8395ac/element/f.F3EAD7D8D889EB61F600F49A8CF35C29.d.7C10FC399C7393B6C5A14E2CE552BA65.e.2756/clear - {}
RESULT: {}
COMMAND: POST /session/4e5157c5e3d60ff16ea2322a9d8395ac/element/f.F3EAD7D8D889EB61F600F49A8CF35C29.d.7C10FC399C7393B6C5A14E2CE552BA65.e.2756/value - {"text":"koyGNVaGMj"}
COMMAND: GET /session/4e5157c5e3d60ff16ea2322a9d8395ac/screenshot - {}
RESULT: {"text":"koyGNVaGMj"}
COMMAND: GET /session/4e5157c5e3d60ff16ea2322a9d8395ac/screenshot - {}
RESULT: {}
RESULT: {}
COMMAND: POST /session/4e5157c5e3d60ff16ea2322a9d8395ac/execute/async - {"script":"<script> [1562 bytes]","args":[{"selector":{"id":"application-managepricingrules-display-component---newInfoPriceItem--billType-arrow"},"wdio_ui5_key":"applicationmanagepricingrules-display-component---newInfoPriceItem--billType-arrow"}]}
RESULT: {"script":"<script> [1562 bytes]","args":[{"selector":{"id":"application-managepricingrules-display-component---newInfoPriceItem--billType-arrow"},"wdio_ui5_key":"applicationmanagepricingrules-display-component---newInfoPriceItem--billType-arrow"}]}
RESULT: undefined
COMMAND: POST /session/4e5157c5e3d60ff16ea2322a9d8395ac/element - {"using":"xpath","value":"//*[@id=\"application-managepricingrules-display-component---newInfoPriceItem--billType-arrow\"]"}
RESULT: {"using":"xpath","value":"//*[@id=\"application-managepricingrules-display-component---newInfoPriceItem--billType-arrow\"]"}
COMMAND: POST /session/4e5157c5e3d60ff16ea2322a9d8395ac/element/f.F3EAD7D8D889EB61F600F49A8CF35C29.d.7C10FC399C7393B6C5A14E2CE552BA65.e.2843/click - {}
RESULT: {}
COMMAND: POST /session/4e5157c5e3d60ff16ea2322a9d8395ac/element - {"using":"xpath","value":"//span[contains(text(), \"OT - Sales (one-time)\")]"}
COMMAND: GET /session/4e5157c5e3d60ff16ea2322a9d8395ac/screenshot - {}
RESULT: {"using":"xpath","value":"//span[contains(text(), \"OT - Sales (one-time)\")]"}
COMMAND: POST /session/4e5157c5e3d60ff16ea2322a9d8395ac/element/f.F3EAD7D8D889EB61F600F49A8CF35C29.d.7C10FC399C7393B6C5A14E2CE552BA65.e.2892/click - {}
RESULT: {}
RESULT: {}
COMMAND: POST /session/4e5157c5e3d60ff16ea2322a9d8395ac/execute/async - {"script":"<script> [1562 bytes]","args":[{"selector":{"id":"application-managepricingrules-display-component---newInfoPriceItem--priceProc-arrow"},"wdio_ui5_key":"applicationmanagepricingrules-display-component---newInfoPriceItem--priceProc-arrow"}]}
COMMAND: GET /session/4e5157c5e3d60ff16ea2322a9d8395ac/screenshot - {}
RESULT: {"script":"<script> [1562 bytes]","args":[{"selector":{"id":"application-managepricingrules-display-component---newInfoPriceItem--priceProc-arrow"},"wdio_ui5_key":"applicationmanagepricingrules-display-component---newInfoPriceItem--priceProc-arrow"}]}
RESULT: undefined
COMMAND: POST /session/4e5157c5e3d60ff16ea2322a9d8395ac/element - {"using":"xpath","value":"//*[@id=\"application-managepricingrules-display-component---newInfoPriceItem--priceProc-arrow\"]"}
RESULT: {}
RESULT: {"using":"xpath","value":"//*[@id=\"application-managepricingrules-display-component---newInfoPriceItem--priceProc-arrow\"]"}
COMMAND: POST /session/4e5157c5e3d60ff16ea2322a9d8395ac/element/f.F3EAD7D8D889EB61F600F49A8CF35C29.d.7C10FC399C7393B6C5A14E2CE552BA65.e.2850/click - {}
RESULT: {}
COMMAND: POST /session/4e5157c5e3d60ff16ea2322a9d8395ac/element - {"using":"xpath","value":"//span[contains(text(), \"MAT - Material\")]"}
COMMAND: GET /session/4e5157c5e3d60ff16ea2322a9d8395ac/screenshot - {}
RESULT: {"using":"xpath","value":"//span[contains(text(), \"MAT - Material\")]"}
COMMAND: POST /session/4e5157c5e3d60ff16ea2322a9d8395ac/element/f.F3EAD7D8D889EB61F600F49A8CF35C29.d.7C10FC399C7393B6C5A14E2CE552BA65.e.2893/click - {}
RESULT: {}
RESULT: {}
COMMAND: POST /session/4e5157c5e3d60ff16ea2322a9d8395ac/execute/async - {"script":"<script> [1562 bytes]","args":[{"selector":{"id":"application-managepricingrules-display-component---newInfoPriceItem--calcBase-arrow"},"wdio_ui5_key":"applicationmanagepricingrules-display-component---newInfoPriceItem--calcBase-arrow"}]}
COMMAND: GET /session/4e5157c5e3d60ff16ea2322a9d8395ac/screenshot - {}
RESULT: {"script":"<script> [1562 bytes]","args":[{"selector":{"id":"application-managepricingrules-display-component---newInfoPriceItem--calcBase-arrow"},"wdio_ui5_key":"applicationmanagepricingrules-display-component---newInfoPriceItem--calcBase-arrow"}]}
RESULT: undefined
COMMAND: POST /session/4e5157c5e3d60ff16ea2322a9d8395ac/element - {"using":"xpath","value":"//*[@id=\"application-managepricingrules-display-component---newInfoPriceItem--calcBase-arrow\"]"}
RESULT: {}
RESULT: {"using":"xpath","value":"//*[@id=\"application-managepricingrules-display-component---newInfoPriceItem--calcBase-arrow\"]"}
COMMAND: POST /session/4e5157c5e3d60ff16ea2322a9d8395ac/element/f.F3EAD7D8D889EB61F600F49A8CF35C29.d.7C10FC399C7393B6C5A14E2CE552BA65.e.2857/click - {}
RESULT: {}
COMMAND: GET /session/4e5157c5e3d60ff16ea2322a9d8395ac/screenshot - {}
RESULT: {}
COMMAND: POST /session/4e5157c5e3d60ff16ea2322a9d8395ac/element - {"using":"xpath","value":"//span[contains(text(), \"0001 - TB(exact month + cal_days)\")]"}
RESULT: {"using":"xpath","value":"//span[contains(text(), \"0001 - TB(exact month + cal_days)\")]"}
COMMAND: POST /session/4e5157c5e3d60ff16ea2322a9d8395ac/element/f.F3EAD7D8D889EB61F600F49A8CF35C29.d.7C10FC399C7393B6C5A14E2CE552BA65.e.2894/click - {}
RESULT: {}
COMMAND: GET /session/4e5157c5e3d60ff16ea2322a9d8395ac/screenshot - {}
RESULT: {}
COMMAND: POST /session/4e5157c5e3d60ff16ea2322a9d8395ac/element - {"using":"xpath","value":"//button[@data-kt=\"saveNewRuleButton\"]"}
RESULT: {"using":"xpath","value":"//button[@data-kt=\"saveNewRuleButton\"]"}
COMMAND: POST /session/4e5157c5e3d60ff16ea2322a9d8395ac/element/f.F3EAD7D8D889EB61F600F49A8CF35C29.d.7C10FC399C7393B6C5A14E2CE552BA65.e.2878/click - {}
RESULT: {}
COMMAND: GET /session/4e5157c5e3d60ff16ea2322a9d8395ac/screenshot - {}
RESULT: {}
COMMAND: POST /session/4e5157c5e3d60ff16ea2322a9d8395ac/execute/async - {"script":"<script> [1562 bytes]","args":[{"selector":{"id":"application-managepricingrules-display-component---priceInfoItem--smartFilterBar-btnBasicSearch","interaction":{"idSuffix":"I"}},"wdio_ui5_key":"applicationmanagepricingrules-display-component---priceInfoItem--smartFilterBar-btnBasicSearch"}]}
RESULT: {"script":"<script> [1562 bytes]","args":[{"selector":{"id":"application-managepricingrules-display-component---priceInfoItem--smartFilterBar-btnBasicSearch","interaction":{"idSuffix":"I"}},"wdio_ui5_key":"applicationmanagepricingrules-display-component---priceInfoItem--smartFilterBar-btnBasicSearch"}]}
RESULT: undefined
COMMAND: POST /session/4e5157c5e3d60ff16ea2322a9d8395ac/execute/async - {"script":"<script> [776 bytes]","args":[{"enterText":"koyGNVaGMj","selector":{"id":"application-managepricingrules-display-component---priceInfoItem--smartFilterBar-btnBasicSearch","interaction":{"idSuffix":"I"}},"clearTextFirst":true,"interactionType":"ENTER_TEXT"}]}
RESULT: {"script":"<script> [776 bytes]","args":[{"enterText":"koyGNVaGMj","selector":{"id":"application-managepricingrules-display-component---priceInfoItem--smartFilterBar-btnBasicSearch","interaction":{"idSuffix":"I"}},"clearTextFirst":true,"interactionType":"ENTER_TEXT"}]}
COMMAND: POST /session/4e5157c5e3d60ff16ea2322a9d8395ac/actions - {"actions":[{"id":"action10","type":"key","parameters":{},"actions":[{"type":"keyDown","value":"î€‡"},{"type":"pause","duration":10},{"type":"keyUp","value":"î€‡"}]}]}
RESULT: {"actions":[{"id":"action10","type":"key","parameters":{},"actions":[{"type":"keyDown","value":"î€‡"},{"type":"pause","duration":10},{"type":"keyUp","value":"î€‡"}]}]}
COMMAND: GET /session/4e5157c5e3d60ff16ea2322a9d8395ac/screenshot - {}
RESULT: {}
COMMAND: POST /session/4e5157c5e3d60ff16ea2322a9d8395ac/element - {"using":"xpath","value":"//span[@id=\"application-managepricingrules-display-component---priceInfoItem--smartTable-header-inner\"]"}
RESULT: {"using":"xpath","value":"//span[@id=\"application-managepricingrules-display-component---priceInfoItem--smartTable-header-inner\"]"}
COMMAND: POST /session/4e5157c5e3d60ff16ea2322a9d8395ac/elements - {"using":"xpath","value":"//span[@id=\"application-managepricingrules-display-component---priceInfoItem--smartTable-header-inner\"]"}
RESULT: {"using":"xpath","value":"//span[@id=\"application-managepricingrules-display-component---priceInfoItem--smartTable-header-inner\"]"}
COMMAND: POST /session/4e5157c5e3d60ff16ea2322a9d8395ac/execute/sync - {"script":"<script> [56 bytes]","args":[{"element-6066-11e4-a52e-4f735466cecf":"f.F3EAD7D8D889EB61F600F49A8CF35C29.d.7C10FC399C7393B6C5A14E2CE552BA65.e.2912","ELEMENT":"f.F3EAD7D8D889EB61F600F49A8CF35C29.d.7C10FC399C7393B6C5A14E2CE552BA65.e.2912"}]}
RESULT: {"script":"<script> [56 bytes]","args":[{"element-6066-11e4-a52e-4f735466cecf":"f.F3EAD7D8D889EB61F600F49A8CF35C29.d.7C10FC399C7393B6C5A14E2CE552BA65.e.2912","ELEMENT":"f.F3EAD7D8D889EB61F600F49A8CF35C29.d.7C10FC399C7393B6C5A14E2CE552BA65.e.2912"}]}
COMMAND: POST /session/4e5157c5e3d60ff16ea2322a9d8395ac/element - {"using":"css selector","value":"#shell-header-logo"}
COMMAND: GET /session/4e5157c5e3d60ff16ea2322a9d8395ac/screenshot - {}
RESULT: {"using":"css selector","value":"#shell-header-logo"}
COMMAND: POST /session/4e5157c5e3d60ff16ea2322a9d8395ac/element/f.F3EAD7D8D889EB61F600F49A8CF35C29.d.7C10FC399C7393B6C5A14E2CE552BA65.e.2406/click - {}
RESULT: {}
RESULT: {}
COMMAND: GET /session/4e5157c5e3d60ff16ea2322a9d8395ac/screenshot - {}
RESULT: {}
COMMAND: POST /session/4e5157c5e3d60ff16ea2322a9d8395ac/element - {"using":"css selector","value":"#j_username"}
COMMAND: POST /session/4e5157c5e3d60ff16ea2322a9d8395ac/url - {"url":"https://qa-testing-00-live-etm-ui.cfapps.eu10-004.hana.ondemand.com/"}
RESULT: {"using":"css selector","value":"#j_username"}
COMMAND: POST /session/4e5157c5e3d60ff16ea2322a9d8395ac/element - {"using":"css selector","value":"#j_username"}
RESULT: {"url":"https://qa-testing-00-live-etm-ui.cfapps.eu10-004.hana.ondemand.com/"}
RESULT: undefined
COMMAND: GET /session/4e5157c5e3d60ff16ea2322a9d8395ac/screenshot - {}
RESULT: {"using":"css selector","value":"#j_username"}
COMMAND: POST /session/4e5157c5e3d60ff16ea2322a9d8395ac/element - {"using":"css selector","value":"#shell-header-logo"}
RESULT: {}
RESULT: {"using":"css selector","value":"#shell-header-logo"}
COMMAND: POST /session/4e5157c5e3d60ff16ea2322a9d8395ac/execute/sync - {"script":"<script> [8489 bytes]","args":[{"element-6066-11e4-a52e-4f735466cecf":"f.F3EAD7D8D889EB61F600F49A8CF35C29.d.6FCC35F65904615FD8C7DA3D9745435B.e.2925","ELEMENT":"f.F3EAD7D8D889EB61F600F49A8CF35C29.d.6FCC35F65904615FD8C7DA3D9745435B.e.2925"}]}
RESULT: {"script":"<script> [8489 bytes]","args":[{"element-6066-11e4-a52e-4f735466cecf":"f.F3EAD7D8D889EB61F600F49A8CF35C29.d.6FCC35F65904615FD8C7DA3D9745435B.e.2925","ELEMENT":"f.F3EAD7D8D889EB61F600F49A8CF35C29.d.6FCC35F65904615FD8C7DA3D9745435B.e.2925"}]}
COMMAND: POST /session/4e5157c5e3d60ff16ea2322a9d8395ac/element - {"using":"css selector","value":"#shell-header-logo"}
COMMAND: GET /session/4e5157c5e3d60ff16ea2322a9d8395ac/screenshot - {}
RESULT: {"using":"css selector","value":"#shell-header-logo"}
COMMAND: POST /session/4e5157c5e3d60ff16ea2322a9d8395ac/execute/sync - {"script":"<script> [8489 bytes]","args":[{"element-6066-11e4-a52e-4f735466cecf":"f.F3EAD7D8D889EB61F600F49A8CF35C29.d.6FCC35F65904615FD8C7DA3D9745435B.e.2925","ELEMENT":"f.F3EAD7D8D889EB61F600F49A8CF35C29.d.6FCC35F65904615FD8C7DA3D9745435B.e.2925"}]}
RESULT: {}
RESULT: {"script":"<script> [8489 bytes]","args":[{"element-6066-11e4-a52e-4f735466cecf":"f.F3EAD7D8D889EB61F600F49A8CF35C29.d.6FCC35F65904615FD8C7DA3D9745435B.e.2925","ELEMENT":"f.F3EAD7D8D889EB61F600F49A8CF35C29.d.6FCC35F65904615FD8C7DA3D9745435B.e.2925"}]}
COMMAND: POST /session/4e5157c5e3d60ff16ea2322a9d8395ac/execute/sync - {"script":"<script> [5351 bytes]","args":[{"element-6066-11e4-a52e-4f735466cecf":"f.F3EAD7D8D889EB61F600F49A8CF35C29.d.6FCC35F65904615FD8C7DA3D9745435B.e.2925","ELEMENT":"f.F3EAD7D8D889EB61F600F49A8CF35C29.d.6FCC35F65904615FD8C7DA3D9745435B.e.2925"}]}
COMMAND: GET /session/4e5157c5e3d60ff16ea2322a9d8395ac/screenshot - {}
RESULT: {"script":"<script> [5351 bytes]","args":[{"element-6066-11e4-a52e-4f735466cecf":"f.F3EAD7D8D889EB61F600F49A8CF35C29.d.6FCC35F65904615FD8C7DA3D9745435B.e.2925","ELEMENT":"f.F3EAD7D8D889EB61F600F49A8CF35C29.d.6FCC35F65904615FD8C7DA3D9745435B.e.2925"}]}
COMMAND: POST /session/4e5157c5e3d60ff16ea2322a9d8395ac/element - {"using":"css selector","value":"#shell-header-logo"}
COMMAND: GET /session/4e5157c5e3d60ff16ea2322a9d8395ac/screenshot - {}
RESULT: {}
RESULT: {"using":"css selector","value":"#shell-header-logo"}
COMMAND: POST /session/4e5157c5e3d60ff16ea2322a9d8395ac/element/f.F3EAD7D8D889EB61F600F49A8CF35C29.d.6FCC35F65904615FD8C7DA3D9745435B.e.2925/click - {}
RESULT: {}
RESULT: {}
COMMAND: GET /session/4e5157c5e3d60ff16ea2322a9d8395ac/screenshot - {}
RESULT: {}
COMMAND: POST /session/4e5157c5e3d60ff16ea2322a9d8395ac/execute/async - {"script":"<script> [189 bytes]","args":[]}
RESULT: {"script":"<script> [189 bytes]","args":[]}
COMMAND: POST /session/4e5157c5e3d60ff16ea2322a9d8395ac/execute/async - {"script":"<script> [123 bytes]","args":[]}
RESULT: {"script":"<script> [123 bytes]","args":[]}
COMMAND: POST /session/4e5157c5e3d60ff16ea2322a9d8395ac/timeouts - {"script":"<number>"}
RESULT: {"script":"<number>"}
COMMAND: GET /session/4e5157c5e3d60ff16ea2322a9d8395ac/timeouts - {}
RESULT: {}
RESULT: undefined
COMMAND: POST /session/4e5157c5e3d60ff16ea2322a9d8395ac/execute/async - {"script":"<script> [2676 bytes]","args":[]}
RESULT: {"script":"<script> [2676 bytes]","args":[]}
COMMAND: POST /session/4e5157c5e3d60ff16ea2322a9d8395ac/execute/async - {"script":"<script> [2342 bytes]","args":[{"protocol":"http","hostname":"0.0.0.0","path":"/","capabilities":{"browserName":"chrome","goog:chromeOptions":{"binary":"C:\\Program Files\\Google\\Chrome\\Application\\chrome.exe","args":["--start-maximized"]}},"logLevel":"warn","connectionRetryTimeout":120000,"connectionRetryCount":3,"logLevels":{},"enableDirectConnect":true,"strictSSL":true,"_":"65 more keys: [\"cacheDir\",\"port\",\"requestedCapabilities\",\"automationProtocol\",\"baseUrl\",\"waitforInterval\",\"waitforTimeout\",\"onReload\",\"beforeCommand\",\"afterCommand\",\"rootDir\",\"specs\",\"suites\",\"exclude\",\"groupLogsByTestSpec\",\"excludeDriverLogs\",\"bail\",\"framework\",\"reporters\",\"services\",\"maxInstances\",\"maxInstancesPerCapability\",\"injectGlobals\",\"filesToWatch\",\"execArgv\",\"runnerEnv\",\"runner\",\"shard\",\"specFileRetries\",\"specFileRetriesDelay\",\"specFileRetriesDeferred\",\"reporterSyncInterval\",\"reporterSyncTimeout\",\"cucumberFeaturesWithLineNumbers\",\"autoCompileOpts\",\"mochaOpts\",\"jasmineOpts\",\"cucumberOpts\",\"onPrepare\",\"onWorkerStart\",\"onWorkerEnd\",\"before\",\"beforeSession\",\"beforeSuite\",\"beforeHook\",\"beforeTest\",\"afterTest\",\"afterHook\",\"afterSuite\",\"afterSession\",\"after\",\"onComplete\",\"beforeAssertion\",\"afterAssertion\",\"beforeFeature\",\"beforeScenario\",\"beforeStep\",\"afterStep\",\"afterScenario\",\"afterFeature\",\"_\",\"suite\",\"$0\",\"ignoredWorkerServices\",\"wdi5\"]"}]}
RESULT: {"script":"<script> [2342 bytes]","args":[{"protocol":"http","hostname":"0.0.0.0","path":"/","capabilities":{"browserName":"chrome","goog:chromeOptions":{"binary":"C:\\Program Files\\Google\\Chrome\\Application\\chrome.exe","args":["--start-maximized"]}},"logLevel":"warn","connectionRetryTimeout":120000,"connectionRetryCount":3,"logLevels":{},"enableDirectConnect":true,"strictSSL":true,"_":"65 more keys: [\"cacheDir\",\"port\",\"requestedCapabilities\",\"automationProtocol\",\"baseUrl\",\"waitforInterval\",\"waitforTimeout\",\"onReload\",\"beforeCommand\",\"afterCommand\",\"rootDir\",\"specs\",\"suites\",\"exclude\",\"groupLogsByTestSpec\",\"excludeDriverLogs\",\"bail\",\"framework\",\"reporters\",\"services\",\"maxInstances\",\"maxInstancesPerCapability\",\"injectGlobals\",\"filesToWatch\",\"execArgv\",\"runnerEnv\",\"runner\",\"shard\",\"specFileRetries\",\"specFileRetriesDelay\",\"specFileRetriesDeferred\",\"reporterSyncInterval\",\"reporterSyncTimeout\",\"cucumberFeaturesWithLineNumbers\",\"autoCompileOpts\",\"mochaOpts\",\"jasmineOpts\",\"cucumberOpts\",\"onPrepare\",\"onWorkerStart\",\"onWorkerEnd\",\"before\",\"beforeSession\",\"beforeSuite\",\"beforeHook\",\"beforeTest\",\"afterTest\",\"afterHook\",\"afterSuite\",\"afterSession\",\"after\",\"onComplete\",\"beforeAssertion\",\"afterAssertion\",\"beforeFeature\",\"beforeScenario\",\"beforeStep\",\"afterStep\",\"afterScenario\",\"afterFeature\",\"_\",\"suite\",\"$0\",\"ignoredWorkerServices\",\"wdi5\"]"}]}
COMMAND: POST /session/4e5157c5e3d60ff16ea2322a9d8395ac/execute/async - {"script":"<script> [21126 bytes]","args":[35000]}
RESULT: {"script":"<script> [21126 bytes]","args":[35000]}
COMMAND: POST /session/4e5157c5e3d60ff16ea2322a9d8395ac/window/maximize - {}
RESULT: {}
COMMAND: POST /session/4e5157c5e3d60ff16ea2322a9d8395ac/execute/async - {"script":"<script> [1562 bytes]","args":[{"selector":{"id":"shell-header","interaction":{"idSuffix":"icon"}},"wdio_ui5_key":"shellheader"}]}
COMMAND: GET /session/4e5157c5e3d60ff16ea2322a9d8395ac/screenshot - {}
RESULT: {"script":"<script> [1562 bytes]","args":[{"selector":{"id":"shell-header","interaction":{"idSuffix":"icon"}},"wdio_ui5_key":"shellheader"}]}
RESULT: undefined
COMMAND: POST /session/4e5157c5e3d60ff16ea2322a9d8395ac/refresh - {}
RESULT: {}
RESULT: {}
COMMAND: GET /session/4e5157c5e3d60ff16ea2322a9d8395ac/screenshot - {}
RESULT: {}
COMMAND: POST /session/4e5157c5e3d60ff16ea2322a9d8395ac/refresh - {}
RESULT: {}
COMMAND: GET /session/4e5157c5e3d60ff16ea2322a9d8395ac/screenshot - {}
RESULT: {}
COMMAND: POST /session/4e5157c5e3d60ff16ea2322a9d8395ac/window/fullscreen - {}
RESULT: {}
COMMAND: POST /session/4e5157c5e3d60ff16ea2322a9d8395ac/execute/async - {"script":"<script> [189 bytes]","args":[]}
RESULT: {"script":"<script> [189 bytes]","args":[]}
COMMAND: POST /session/4e5157c5e3d60ff16ea2322a9d8395ac/execute/async - {"script":"<script> [123 bytes]","args":[]}
RESULT: {"script":"<script> [123 bytes]","args":[]}
COMMAND: POST /session/4e5157c5e3d60ff16ea2322a9d8395ac/timeouts - {"script":"<number>"}
RESULT: {"script":"<number>"}
COMMAND: GET /session/4e5157c5e3d60ff16ea2322a9d8395ac/timeouts - {}
RESULT: {}
RESULT: undefined
COMMAND: POST /session/4e5157c5e3d60ff16ea2322a9d8395ac/execute/async - {"script":"<script> [2676 bytes]","args":[]}
RESULT: {"script":"<script> [2676 bytes]","args":[]}
COMMAND: POST /session/4e5157c5e3d60ff16ea2322a9d8395ac/execute/async - {"script":"<script> [2342 bytes]","args":[{"protocol":"http","hostname":"0.0.0.0","path":"/","capabilities":{"browserName":"chrome","goog:chromeOptions":{"binary":"C:\\Program Files\\Google\\Chrome\\Application\\chrome.exe","args":["--start-maximized"]}},"logLevel":"warn","connectionRetryTimeout":120000,"connectionRetryCount":3,"logLevels":{},"enableDirectConnect":true,"strictSSL":true,"_":"65 more keys: [\"cacheDir\",\"port\",\"requestedCapabilities\",\"automationProtocol\",\"baseUrl\",\"waitforInterval\",\"waitforTimeout\",\"onReload\",\"beforeCommand\",\"afterCommand\",\"rootDir\",\"specs\",\"suites\",\"exclude\",\"groupLogsByTestSpec\",\"excludeDriverLogs\",\"bail\",\"framework\",\"reporters\",\"services\",\"maxInstances\",\"maxInstancesPerCapability\",\"injectGlobals\",\"filesToWatch\",\"execArgv\",\"runnerEnv\",\"runner\",\"shard\",\"specFileRetries\",\"specFileRetriesDelay\",\"specFileRetriesDeferred\",\"reporterSyncInterval\",\"reporterSyncTimeout\",\"cucumberFeaturesWithLineNumbers\",\"autoCompileOpts\",\"mochaOpts\",\"jasmineOpts\",\"cucumberOpts\",\"onPrepare\",\"onWorkerStart\",\"onWorkerEnd\",\"before\",\"beforeSession\",\"beforeSuite\",\"beforeHook\",\"beforeTest\",\"afterTest\",\"afterHook\",\"afterSuite\",\"afterSession\",\"after\",\"onComplete\",\"beforeAssertion\",\"afterAssertion\",\"beforeFeature\",\"beforeScenario\",\"beforeStep\",\"afterStep\",\"afterScenario\",\"afterFeature\",\"_\",\"suite\",\"$0\",\"ignoredWorkerServices\",\"wdi5\"]"}]}
RESULT: {"script":"<script> [2342 bytes]","args":[{"protocol":"http","hostname":"0.0.0.0","path":"/","capabilities":{"browserName":"chrome","goog:chromeOptions":{"binary":"C:\\Program Files\\Google\\Chrome\\Application\\chrome.exe","args":["--start-maximized"]}},"logLevel":"warn","connectionRetryTimeout":120000,"connectionRetryCount":3,"logLevels":{},"enableDirectConnect":true,"strictSSL":true,"_":"65 more keys: [\"cacheDir\",\"port\",\"requestedCapabilities\",\"automationProtocol\",\"baseUrl\",\"waitforInterval\",\"waitforTimeout\",\"onReload\",\"beforeCommand\",\"afterCommand\",\"rootDir\",\"specs\",\"suites\",\"exclude\",\"groupLogsByTestSpec\",\"excludeDriverLogs\",\"bail\",\"framework\",\"reporters\",\"services\",\"maxInstances\",\"maxInstancesPerCapability\",\"injectGlobals\",\"filesToWatch\",\"execArgv\",\"runnerEnv\",\"runner\",\"shard\",\"specFileRetries\",\"specFileRetriesDelay\",\"specFileRetriesDeferred\",\"reporterSyncInterval\",\"reporterSyncTimeout\",\"cucumberFeaturesWithLineNumbers\",\"autoCompileOpts\",\"mochaOpts\",\"jasmineOpts\",\"cucumberOpts\",\"onPrepare\",\"onWorkerStart\",\"onWorkerEnd\",\"before\",\"beforeSession\",\"beforeSuite\",\"beforeHook\",\"beforeTest\",\"afterTest\",\"afterHook\",\"afterSuite\",\"afterSession\",\"after\",\"onComplete\",\"beforeAssertion\",\"afterAssertion\",\"beforeFeature\",\"beforeScenario\",\"beforeStep\",\"afterStep\",\"afterScenario\",\"afterFeature\",\"_\",\"suite\",\"$0\",\"ignoredWorkerServices\",\"wdi5\"]"}]}
COMMAND: POST /session/4e5157c5e3d60ff16ea2322a9d8395ac/execute/async - {"script":"<script> [21126 bytes]","args":[35000]}
RESULT: {"script":"<script> [21126 bytes]","args":[35000]}
]]></system-out>
    </testcase>
  </testsuite>
  <testsuite timestamp="2025-04-29T05:59:02" time="358.421" tests="6" failures="0" errors="0" skipped="0">
    <properties>
      <property name="specId" value="0" />
      <property name="suiteName" value="Edit and delete daily price US134629 US134627" />
      <property name="capabilities" value="chrome.135_0_7049_96.windows" />
      <property name="file" value="file:///D:/a/1/s/test/specs/BTS/conditions-prices-daily-price.spec.js" />
    </properties>
    <testcase classname="chrome.135_0_7049_96.windows.Edit_and_delete_daily_price_US134629_US134627" name="Should create a new yard used for all following tests" time="0.197">
      <system-out><![CDATA[
COMMAND: POST /session/4e5157c5e3d60ff16ea2322a9d8395ac/window/fullscreen - {}
RESULT: {}
]]></system-out>
    </testcase>
    <testcase classname="chrome.135_0_7049_96.windows.Edit_and_delete_daily_price_US134629_US134627" name="Should create a new partner" time="119.105">
      <system-out><![CDATA[
COMMAND: POST /session/4e5157c5e3d60ff16ea2322a9d8395ac/window/fullscreen - {}
RESULT: {}
COMMAND: POST /session/4e5157c5e3d60ff16ea2322a9d8395ac/execute/async - {"script":"<script> [1562 bytes]","args":[{"selector":{"controlType":"sap.m.GenericTile","properties":{"header":"Manage Partners"}},"wdio_ui5_key":"sapm.GenericTile{\"header\":\"Manage Partners\"}"}]}
RESULT: {"script":"<script> [1562 bytes]","args":[{"selector":{"controlType":"sap.m.GenericTile","properties":{"header":"Manage Partners"}},"wdio_ui5_key":"sapm.GenericTile{\"header\":\"Manage Partners\"}"}]}
RESULT: undefined
COMMAND: POST /session/4e5157c5e3d60ff16ea2322a9d8395ac/element - {"using":"xpath","value":"//*[@id=\"__tile38\"]"}
RESULT: {"using":"xpath","value":"//*[@id=\"__tile38\"]"}
COMMAND: POST /session/4e5157c5e3d60ff16ea2322a9d8395ac/element/f.F3EAD7D8D889EB61F600F49A8CF35C29.d.62F87E5B8156BAAE34E2018779F58033.e.3079/click - {}
RESULT: {}
COMMAND: POST /session/4e5157c5e3d60ff16ea2322a9d8395ac/element - {"using":"xpath","value":"//button[@data-kt=\"addButton\"]"}
COMMAND: GET /session/4e5157c5e3d60ff16ea2322a9d8395ac/screenshot - {}
RESULT: {"using":"xpath","value":"//button[@data-kt=\"addButton\"]"}
COMMAND: POST /session/4e5157c5e3d60ff16ea2322a9d8395ac/elements - {"using":"xpath","value":"//button[@data-kt=\"addButton\"]"}
RESULT: {}
RESULT: {"using":"xpath","value":"//button[@data-kt=\"addButton\"]"}
COMMAND: POST /session/4e5157c5e3d60ff16ea2322a9d8395ac/elements - {"using":"xpath","value":"//button[@data-kt=\"addButton\"]"}
RESULT: {"using":"xpath","value":"//button[@data-kt=\"addButton\"]"}
COMMAND: POST /session/4e5157c5e3d60ff16ea2322a9d8395ac/elements - {"using":"xpath","value":"//button[@data-kt=\"addButton\"]"}
RESULT: {"using":"xpath","value":"//button[@data-kt=\"addButton\"]"}
COMMAND: POST /session/4e5157c5e3d60ff16ea2322a9d8395ac/elements - {"using":"xpath","value":"//button[@data-kt=\"addButton\"]"}
RESULT: {"using":"xpath","value":"//button[@data-kt=\"addButton\"]"}
COMMAND: POST /session/4e5157c5e3d60ff16ea2322a9d8395ac/elements - {"using":"xpath","value":"//button[@data-kt=\"addButton\"]"}
RESULT: {"using":"xpath","value":"//button[@data-kt=\"addButton\"]"}
COMMAND: POST /session/4e5157c5e3d60ff16ea2322a9d8395ac/elements - {"using":"xpath","value":"//button[@data-kt=\"addButton\"]"}
RESULT: {"using":"xpath","value":"//button[@data-kt=\"addButton\"]"}
COMMAND: POST /session/4e5157c5e3d60ff16ea2322a9d8395ac/elements - {"using":"xpath","value":"//button[@data-kt=\"addButton\"]"}
RESULT: {"using":"xpath","value":"//button[@data-kt=\"addButton\"]"}
COMMAND: POST /session/4e5157c5e3d60ff16ea2322a9d8395ac/elements - {"using":"xpath","value":"//button[@data-kt=\"addButton\"]"}
RESULT: {"using":"xpath","value":"//button[@data-kt=\"addButton\"]"}
COMMAND: POST /session/4e5157c5e3d60ff16ea2322a9d8395ac/elements - {"using":"xpath","value":"//button[@data-kt=\"addButton\"]"}
RESULT: {"using":"xpath","value":"//button[@data-kt=\"addButton\"]"}
COMMAND: POST /session/4e5157c5e3d60ff16ea2322a9d8395ac/elements - {"using":"xpath","value":"//button[@data-kt=\"addButton\"]"}
RESULT: {"using":"xpath","value":"//button[@data-kt=\"addButton\"]"}
COMMAND: POST /session/4e5157c5e3d60ff16ea2322a9d8395ac/elements - {"using":"xpath","value":"//button[@data-kt=\"addButton\"]"}
RESULT: {"using":"xpath","value":"//button[@data-kt=\"addButton\"]"}
COMMAND: POST /session/4e5157c5e3d60ff16ea2322a9d8395ac/elements - {"using":"xpath","value":"//button[@data-kt=\"addButton\"]"}
RESULT: {"using":"xpath","value":"//button[@data-kt=\"addButton\"]"}
COMMAND: POST /session/4e5157c5e3d60ff16ea2322a9d8395ac/elements - {"using":"xpath","value":"//button[@data-kt=\"addButton\"]"}
RESULT: {"using":"xpath","value":"//button[@data-kt=\"addButton\"]"}
COMMAND: POST /session/4e5157c5e3d60ff16ea2322a9d8395ac/elements - {"using":"xpath","value":"//button[@data-kt=\"addButton\"]"}
RESULT: {"using":"xpath","value":"//button[@data-kt=\"addButton\"]"}
COMMAND: POST /session/4e5157c5e3d60ff16ea2322a9d8395ac/elements - {"using":"xpath","value":"//button[@data-kt=\"addButton\"]"}
RESULT: {"using":"xpath","value":"//button[@data-kt=\"addButton\"]"}
COMMAND: POST /session/4e5157c5e3d60ff16ea2322a9d8395ac/elements - {"using":"xpath","value":"//button[@data-kt=\"addButton\"]"}
RESULT: {"using":"xpath","value":"//button[@data-kt=\"addButton\"]"}
COMMAND: POST /session/4e5157c5e3d60ff16ea2322a9d8395ac/elements - {"using":"xpath","value":"//button[@data-kt=\"addButton\"]"}
RESULT: {"using":"xpath","value":"//button[@data-kt=\"addButton\"]"}
COMMAND: POST /session/4e5157c5e3d60ff16ea2322a9d8395ac/elements - {"using":"xpath","value":"//button[@data-kt=\"addButton\"]"}
RESULT: {"using":"xpath","value":"//button[@data-kt=\"addButton\"]"}
COMMAND: POST /session/4e5157c5e3d60ff16ea2322a9d8395ac/elements - {"using":"xpath","value":"//button[@data-kt=\"addButton\"]"}
RESULT: {"using":"xpath","value":"//button[@data-kt=\"addButton\"]"}
COMMAND: POST /session/4e5157c5e3d60ff16ea2322a9d8395ac/elements - {"using":"xpath","value":"//button[@data-kt=\"addButton\"]"}
RESULT: {"using":"xpath","value":"//button[@data-kt=\"addButton\"]"}
COMMAND: POST /session/4e5157c5e3d60ff16ea2322a9d8395ac/element - {"using":"xpath","value":"//button[@data-kt=\"addButton\"]"}
RESULT: {"using":"xpath","value":"//button[@data-kt=\"addButton\"]"}
COMMAND: POST /session/4e5157c5e3d60ff16ea2322a9d8395ac/execute/sync - {"script":"<script> [8489 bytes]","args":[{"element-6066-11e4-a52e-4f735466cecf":"f.F3EAD7D8D889EB61F600F49A8CF35C29.d.62F87E5B8156BAAE34E2018779F58033.e.3225","ELEMENT":"f.F3EAD7D8D889EB61F600F49A8CF35C29.d.62F87E5B8156BAAE34E2018779F58033.e.3225"}]}
RESULT: {"script":"<script> [8489 bytes]","args":[{"element-6066-11e4-a52e-4f735466cecf":"f.F3EAD7D8D889EB61F600F49A8CF35C29.d.62F87E5B8156BAAE34E2018779F58033.e.3225","ELEMENT":"f.F3EAD7D8D889EB61F600F49A8CF35C29.d.62F87E5B8156BAAE34E2018779F58033.e.3225"}]}
COMMAND: GET /session/4e5157c5e3d60ff16ea2322a9d8395ac/element/f.F3EAD7D8D889EB61F600F49A8CF35C29.d.62F87E5B8156BAAE34E2018779F58033.e.3225/enabled - {}
COMMAND: GET /session/4e5157c5e3d60ff16ea2322a9d8395ac/screenshot - {}
RESULT: {}
COMMAND: POST /session/4e5157c5e3d60ff16ea2322a9d8395ac/execute/sync - {"script":"<script> [8489 bytes]","args":[{"element-6066-11e4-a52e-4f735466cecf":"f.F3EAD7D8D889EB61F600F49A8CF35C29.d.62F87E5B8156BAAE34E2018779F58033.e.3225","ELEMENT":"f.F3EAD7D8D889EB61F600F49A8CF35C29.d.62F87E5B8156BAAE34E2018779F58033.e.3225"}]}
COMMAND: GET /session/4e5157c5e3d60ff16ea2322a9d8395ac/screenshot - {}
RESULT: {}
RESULT: {"script":"<script> [8489 bytes]","args":[{"element-6066-11e4-a52e-4f735466cecf":"f.F3EAD7D8D889EB61F600F49A8CF35C29.d.62F87E5B8156BAAE34E2018779F58033.e.3225","ELEMENT":"f.F3EAD7D8D889EB61F600F49A8CF35C29.d.62F87E5B8156BAAE34E2018779F58033.e.3225"}]}
COMMAND: POST /session/4e5157c5e3d60ff16ea2322a9d8395ac/execute/sync - {"script":"<script> [5351 bytes]","args":[{"element-6066-11e4-a52e-4f735466cecf":"f.F3EAD7D8D889EB61F600F49A8CF35C29.d.62F87E5B8156BAAE34E2018779F58033.e.3225","ELEMENT":"f.F3EAD7D8D889EB61F600F49A8CF35C29.d.62F87E5B8156BAAE34E2018779F58033.e.3225"}]}
COMMAND: GET /session/4e5157c5e3d60ff16ea2322a9d8395ac/screenshot - {}
RESULT: {}
RESULT: {"script":"<script> [5351 bytes]","args":[{"element-6066-11e4-a52e-4f735466cecf":"f.F3EAD7D8D889EB61F600F49A8CF35C29.d.62F87E5B8156BAAE34E2018779F58033.e.3225","ELEMENT":"f.F3EAD7D8D889EB61F600F49A8CF35C29.d.62F87E5B8156BAAE34E2018779F58033.e.3225"}]}
COMMAND: POST /session/4e5157c5e3d60ff16ea2322a9d8395ac/element/f.F3EAD7D8D889EB61F600F49A8CF35C29.d.62F87E5B8156BAAE34E2018779F58033.e.3225/click - {}
COMMAND: GET /session/4e5157c5e3d60ff16ea2322a9d8395ac/screenshot - {}
RESULT: {}
RESULT: {}
COMMAND: GET /session/4e5157c5e3d60ff16ea2322a9d8395ac/screenshot - {}
COMMAND: POST /session/4e5157c5e3d60ff16ea2322a9d8395ac/execute/async - {"script":"<script> [1562 bytes]","args":[{"selector":{"id":"application-managepartners-display-component---NewPartner--addressDetailDetailsName1","interaction":{"idSuffix":"inner"}},"wdio_ui5_key":"applicationmanagepartners-display-component---NewPartner--addressDetailDetailsName1"}]}
RESULT: {}
RESULT: {}
RESULT: {"script":"<script> [1562 bytes]","args":[{"selector":{"id":"application-managepartners-display-component---NewPartner--addressDetailDetailsName1","interaction":{"idSuffix":"inner"}},"wdio_ui5_key":"applicationmanagepartners-display-component---NewPartner--addressDetailDetailsName1"}]}
RESULT: undefined
COMMAND: POST /session/4e5157c5e3d60ff16ea2322a9d8395ac/execute/async - {"script":"<script> [776 bytes]","args":[{"enterText":"DailyPrice Partner WDIO","selector":{"id":"application-managepartners-display-component---NewPartner--addressDetailDetailsName1","interaction":{"idSuffix":"inner"}},"clearTextFirst":true,"interactionType":"ENTER_TEXT"}]}
RESULT: {"script":"<script> [776 bytes]","args":[{"enterText":"DailyPrice Partner WDIO","selector":{"id":"application-managepartners-display-component---NewPartner--addressDetailDetailsName1","interaction":{"idSuffix":"inner"}},"clearTextFirst":true,"interactionType":"ENTER_TEXT"}]}
COMMAND: POST /session/4e5157c5e3d60ff16ea2322a9d8395ac/execute/async - {"script":"<script> [1562 bytes]","args":[{"selector":{"id":"application-managepartners-display-component---NewPartner--addressDetailDetailsLanguage-arrow"},"wdio_ui5_key":"applicationmanagepartners-display-component---NewPartner--addressDetailDetailsLanguage-arrow"}]}
RESULT: {"script":"<script> [1562 bytes]","args":[{"selector":{"id":"application-managepartners-display-component---NewPartner--addressDetailDetailsLanguage-arrow"},"wdio_ui5_key":"applicationmanagepartners-display-component---NewPartner--addressDetailDetailsLanguage-arrow"}]}
RESULT: undefined
COMMAND: POST /session/4e5157c5e3d60ff16ea2322a9d8395ac/element - {"using":"xpath","value":"//*[@id=\"application-managepartners-display-component---NewPartner--addressDetailDetailsLanguage-arrow\"]"}
RESULT: {"using":"xpath","value":"//*[@id=\"application-managepartners-display-component---NewPartner--addressDetailDetailsLanguage-arrow\"]"}
COMMAND: POST /session/4e5157c5e3d60ff16ea2322a9d8395ac/element/f.F3EAD7D8D889EB61F600F49A8CF35C29.d.62F87E5B8156BAAE34E2018779F58033.e.3680/click - {}
RESULT: {}
COMMAND: POST /session/4e5157c5e3d60ff16ea2322a9d8395ac/element - {"using":"xpath","value":"//span[contains(text(), \"English\")]"}
COMMAND: GET /session/4e5157c5e3d60ff16ea2322a9d8395ac/screenshot - {}
RESULT: {"using":"xpath","value":"//span[contains(text(), \"English\")]"}
COMMAND: POST /session/4e5157c5e3d60ff16ea2322a9d8395ac/element/f.F3EAD7D8D889EB61F600F49A8CF35C29.d.62F87E5B8156BAAE34E2018779F58033.e.3681/click - {}
RESULT: {}
RESULT: {}
COMMAND: GET /session/4e5157c5e3d60ff16ea2322a9d8395ac/screenshot - {}
RESULT: {}
COMMAND: POST /session/4e5157c5e3d60ff16ea2322a9d8395ac/execute/async - {"script":"<script> [1562 bytes]","args":[{"selector":{"id":"application-managepartners-display-component---NewPartner--addressDetailDetailsCity1","interaction":{"idSuffix":"inner"}},"wdio_ui5_key":"applicationmanagepartners-display-component---NewPartner--addressDetailDetailsCity1"}]}
RESULT: {"script":"<script> [1562 bytes]","args":[{"selector":{"id":"application-managepartners-display-component---NewPartner--addressDetailDetailsCity1","interaction":{"idSuffix":"inner"}},"wdio_ui5_key":"applicationmanagepartners-display-component---NewPartner--addressDetailDetailsCity1"}]}
RESULT: undefined
COMMAND: POST /session/4e5157c5e3d60ff16ea2322a9d8395ac/execute/async - {"script":"<script> [776 bytes]","args":[{"enterText":"Rosario","selector":{"id":"application-managepartners-display-component---NewPartner--addressDetailDetailsCity1","interaction":{"idSuffix":"inner"}},"clearTextFirst":true,"interactionType":"ENTER_TEXT"}]}
RESULT: {"script":"<script> [776 bytes]","args":[{"enterText":"Rosario","selector":{"id":"application-managepartners-display-component---NewPartner--addressDetailDetailsCity1","interaction":{"idSuffix":"inner"}},"clearTextFirst":true,"interactionType":"ENTER_TEXT"}]}
COMMAND: POST /session/4e5157c5e3d60ff16ea2322a9d8395ac/execute/async - {"script":"<script> [1562 bytes]","args":[{"selector":{"id":"application-managepartners-display-component---NewPartner--addressDetailDetailsCountry-arrow"},"wdio_ui5_key":"applicationmanagepartners-display-component---NewPartner--addressDetailDetailsCountry-arrow"}]}
RESULT: {"script":"<script> [1562 bytes]","args":[{"selector":{"id":"application-managepartners-display-component---NewPartner--addressDetailDetailsCountry-arrow"},"wdio_ui5_key":"applicationmanagepartners-display-component---NewPartner--addressDetailDetailsCountry-arrow"}]}
RESULT: undefined
COMMAND: POST /session/4e5157c5e3d60ff16ea2322a9d8395ac/element - {"using":"xpath","value":"//*[@id=\"application-managepartners-display-component---NewPartner--addressDetailDetailsCountry-arrow\"]"}
RESULT: {"using":"xpath","value":"//*[@id=\"application-managepartners-display-component---NewPartner--addressDetailDetailsCountry-arrow\"]"}
COMMAND: POST /session/4e5157c5e3d60ff16ea2322a9d8395ac/element/f.F3EAD7D8D889EB61F600F49A8CF35C29.d.62F87E5B8156BAAE34E2018779F58033.e.3666/click - {}
RESULT: {}
COMMAND: POST /session/4e5157c5e3d60ff16ea2322a9d8395ac/element - {"using":"xpath","value":"//span[contains(text(), \"Argentina\")]"}
COMMAND: GET /session/4e5157c5e3d60ff16ea2322a9d8395ac/screenshot - {}
RESULT: {"using":"xpath","value":"//span[contains(text(), \"Argentina\")]"}
COMMAND: POST /session/4e5157c5e3d60ff16ea2322a9d8395ac/element/f.F3EAD7D8D889EB61F600F49A8CF35C29.d.62F87E5B8156BAAE34E2018779F58033.e.3683/click - {}
RESULT: {}
RESULT: {}
COMMAND: GET /session/4e5157c5e3d60ff16ea2322a9d8395ac/screenshot - {}
RESULT: {}
COMMAND: POST /session/4e5157c5e3d60ff16ea2322a9d8395ac/element - {"using":"xpath","value":"//bdi[contains(text(), \"Commercial\")]"}
RESULT: {"using":"xpath","value":"//bdi[contains(text(), \"Commercial\")]"}
COMMAND: POST /session/4e5157c5e3d60ff16ea2322a9d8395ac/element/f.F3EAD7D8D889EB61F600F49A8CF35C29.d.62F87E5B8156BAAE34E2018779F58033.e.3684/click - {}
RESULT: {}
COMMAND: GET /session/4e5157c5e3d60ff16ea2322a9d8395ac/screenshot - {}
RESULT: {}
COMMAND: POST /session/4e5157c5e3d60ff16ea2322a9d8395ac/execute/async - {"script":"<script> [1562 bytes]","args":[{"selector":{"id":"application-managepartners-display-component---NewPartner--partnerDetailInternal-arrow"},"wdio_ui5_key":"applicationmanagepartners-display-component---NewPartner--partnerDetailInternal-arrow"}]}
RESULT: {"script":"<script> [1562 bytes]","args":[{"selector":{"id":"application-managepartners-display-component---NewPartner--partnerDetailInternal-arrow"},"wdio_ui5_key":"applicationmanagepartners-display-component---NewPartner--partnerDetailInternal-arrow"}]}
RESULT: undefined
COMMAND: POST /session/4e5157c5e3d60ff16ea2322a9d8395ac/element - {"using":"xpath","value":"//*[@id=\"application-managepartners-display-component---NewPartner--partnerDetailInternal-arrow\"]"}
RESULT: {"using":"xpath","value":"//*[@id=\"application-managepartners-display-component---NewPartner--partnerDetailInternal-arrow\"]"}
COMMAND: POST /session/4e5157c5e3d60ff16ea2322a9d8395ac/element/f.F3EAD7D8D889EB61F600F49A8CF35C29.d.62F87E5B8156BAAE34E2018779F58033.e.3690/click - {}
RESULT: {}
COMMAND: POST /session/4e5157c5e3d60ff16ea2322a9d8395ac/element - {"using":"xpath","value":"//span[contains(text(), \"Affiliated company\")]"}
COMMAND: GET /session/4e5157c5e3d60ff16ea2322a9d8395ac/screenshot - {}
RESULT: {"using":"xpath","value":"//span[contains(text(), \"Affiliated company\")]"}
COMMAND: POST /session/4e5157c5e3d60ff16ea2322a9d8395ac/element/f.F3EAD7D8D889EB61F600F49A8CF35C29.d.62F87E5B8156BAAE34E2018779F58033.e.3691/click - {}
RESULT: {}
RESULT: {}
COMMAND: POST /session/4e5157c5e3d60ff16ea2322a9d8395ac/execute/async - {"script":"<script> [1562 bytes]","args":[{"selector":{"id":"application-managepartners-display-component---NewPartner--partnerDetailsCurrency-arrow"},"wdio_ui5_key":"applicationmanagepartners-display-component---NewPartner--partnerDetailsCurrency-arrow"}]}
COMMAND: GET /session/4e5157c5e3d60ff16ea2322a9d8395ac/screenshot - {}
RESULT: {"script":"<script> [1562 bytes]","args":[{"selector":{"id":"application-managepartners-display-component---NewPartner--partnerDetailsCurrency-arrow"},"wdio_ui5_key":"applicationmanagepartners-display-component---NewPartner--partnerDetailsCurrency-arrow"}]}
RESULT: undefined
COMMAND: POST /session/4e5157c5e3d60ff16ea2322a9d8395ac/element - {"using":"xpath","value":"//*[@id=\"application-managepartners-display-component---NewPartner--partnerDetailsCurrency-arrow\"]"}
RESULT: {}
RESULT: {"using":"xpath","value":"//*[@id=\"application-managepartners-display-component---NewPartner--partnerDetailsCurrency-arrow\"]"}
COMMAND: POST /session/4e5157c5e3d60ff16ea2322a9d8395ac/element/f.F3EAD7D8D889EB61F600F49A8CF35C29.d.62F87E5B8156BAAE34E2018779F58033.e.3698/click - {}
RESULT: {}
COMMAND: POST /session/4e5157c5e3d60ff16ea2322a9d8395ac/element - {"using":"xpath","value":"//span[contains(text(), \"Euro\")]"}
COMMAND: GET /session/4e5157c5e3d60ff16ea2322a9d8395ac/screenshot - {}
RESULT: {"using":"xpath","value":"//span[contains(text(), \"Euro\")]"}
COMMAND: POST /session/4e5157c5e3d60ff16ea2322a9d8395ac/element/f.F3EAD7D8D889EB61F600F49A8CF35C29.d.62F87E5B8156BAAE34E2018779F58033.e.3699/click - {}
RESULT: {}
RESULT: {}
COMMAND: POST /session/4e5157c5e3d60ff16ea2322a9d8395ac/execute/async - {"script":"<script> [1562 bytes]","args":[{"selector":{"id":"application-managepartners-display-component---NewPartner--addressEditDetailsCostObjectCstType-arrow"},"wdio_ui5_key":"applicationmanagepartners-display-component---NewPartner--addressEditDetailsCostObjectCstType-arrow"}]}
COMMAND: GET /session/4e5157c5e3d60ff16ea2322a9d8395ac/screenshot - {}
RESULT: {"script":"<script> [1562 bytes]","args":[{"selector":{"id":"application-managepartners-display-component---NewPartner--addressEditDetailsCostObjectCstType-arrow"},"wdio_ui5_key":"applicationmanagepartners-display-component---NewPartner--addressEditDetailsCostObjectCstType-arrow"}]}
RESULT: undefined
COMMAND: POST /session/4e5157c5e3d60ff16ea2322a9d8395ac/element - {"using":"xpath","value":"//*[@id=\"application-managepartners-display-component---NewPartner--addressEditDetailsCostObjectCstType-arrow\"]"}
RESULT: {}
RESULT: {"using":"xpath","value":"//*[@id=\"application-managepartners-display-component---NewPartner--addressEditDetailsCostObjectCstType-arrow\"]"}
COMMAND: POST /session/4e5157c5e3d60ff16ea2322a9d8395ac/element/f.F3EAD7D8D889EB61F600F49A8CF35C29.d.62F87E5B8156BAAE34E2018779F58033.e.3700/click - {}
RESULT: {}
COMMAND: POST /session/4e5157c5e3d60ff16ea2322a9d8395ac/element - {"using":"xpath","value":"//span[contains(text(), \"Cost Center\")]"}
COMMAND: GET /session/4e5157c5e3d60ff16ea2322a9d8395ac/screenshot - {}
RESULT: {"using":"xpath","value":"//span[contains(text(), \"Cost Center\")]"}
COMMAND: POST /session/4e5157c5e3d60ff16ea2322a9d8395ac/element/f.F3EAD7D8D889EB61F600F49A8CF35C29.d.62F87E5B8156BAAE34E2018779F58033.e.3701/click - {}
RESULT: {}
RESULT: {}
COMMAND: GET /session/4e5157c5e3d60ff16ea2322a9d8395ac/screenshot - {}
RESULT: {}
COMMAND: POST /session/4e5157c5e3d60ff16ea2322a9d8395ac/element - {"using":"xpath","value":"//span[@id=\"application-managepartners-display-component---NewPartner--addressNewCostObjectCstID-vhi\"]"}
RESULT: {"using":"xpath","value":"//span[@id=\"application-managepartners-display-component---NewPartner--addressNewCostObjectCstID-vhi\"]"}
COMMAND: POST /session/4e5157c5e3d60ff16ea2322a9d8395ac/execute/sync - {"script":"<script> [8489 bytes]","args":[{"element-6066-11e4-a52e-4f735466cecf":"f.F3EAD7D8D889EB61F600F49A8CF35C29.d.62F87E5B8156BAAE34E2018779F58033.e.3705","ELEMENT":"f.F3EAD7D8D889EB61F600F49A8CF35C29.d.62F87E5B8156BAAE34E2018779F58033.e.3705"}]}
RESULT: {"script":"<script> [8489 bytes]","args":[{"element-6066-11e4-a52e-4f735466cecf":"f.F3EAD7D8D889EB61F600F49A8CF35C29.d.62F87E5B8156BAAE34E2018779F58033.e.3705","ELEMENT":"f.F3EAD7D8D889EB61F600F49A8CF35C29.d.62F87E5B8156BAAE34E2018779F58033.e.3705"}]}
COMMAND: POST /session/4e5157c5e3d60ff16ea2322a9d8395ac/execute/async - {"script":"<script> [1562 bytes]","args":[{"selector":{"id":"application-managepartners-display-component---NewPartner--addressNewCostObjectCstID-vhi"},"wdio_ui5_key":"applicationmanagepartners-display-component---NewPartner--addressNewCostObjectCstID-vhi"}]}
COMMAND: GET /session/4e5157c5e3d60ff16ea2322a9d8395ac/screenshot - {}
RESULT: {"script":"<script> [1562 bytes]","args":[{"selector":{"id":"application-managepartners-display-component---NewPartner--addressNewCostObjectCstID-vhi"},"wdio_ui5_key":"applicationmanagepartners-display-component---NewPartner--addressNewCostObjectCstID-vhi"}]}
RESULT: undefined
COMMAND: POST /session/4e5157c5e3d60ff16ea2322a9d8395ac/element - {"using":"xpath","value":"//*[@id=\"application-managepartners-display-component---NewPartner--addressNewCostObjectCstID-vhi\"]"}
RESULT: {}
RESULT: {"using":"xpath","value":"//*[@id=\"application-managepartners-display-component---NewPartner--addressNewCostObjectCstID-vhi\"]"}
COMMAND: POST /session/4e5157c5e3d60ff16ea2322a9d8395ac/element/f.F3EAD7D8D889EB61F600F49A8CF35C29.d.62F87E5B8156BAAE34E2018779F58033.e.3705/click - {}
RESULT: {}
COMMAND: GET /session/4e5157c5e3d60ff16ea2322a9d8395ac/screenshot - {}
RESULT: {}
COMMAND: POST /session/4e5157c5e3d60ff16ea2322a9d8395ac/execute/async - {"script":"<script> [1562 bytes]","args":[{"selector":{"controlType":"sap.m.SearchField","properties":{"placeholder":"Search"},"searchOpenDialogs":true,"interaction":{"idSuffix":"I"}},"wdio_ui5_key":"sapm.SearchField{\"placeholder\":\"Search\"}"}]}
RESULT: {"script":"<script> [1562 bytes]","args":[{"selector":{"controlType":"sap.m.SearchField","properties":{"placeholder":"Search"},"searchOpenDialogs":true,"interaction":{"idSuffix":"I"}},"wdio_ui5_key":"sapm.SearchField{\"placeholder\":\"Search\"}"}]}
RESULT: undefined
COMMAND: POST /session/4e5157c5e3d60ff16ea2322a9d8395ac/execute/async - {"script":"<script> [776 bytes]","args":[{"enterText":"10001013","selector":{"controlType":"sap.m.SearchField","properties":{"placeholder":"Search"},"searchOpenDialogs":true,"interaction":{"idSuffix":"I"}},"clearTextFirst":true,"interactionType":"ENTER_TEXT"}]}
RESULT: {"script":"<script> [776 bytes]","args":[{"enterText":"10001013","selector":{"controlType":"sap.m.SearchField","properties":{"placeholder":"Search"},"searchOpenDialogs":true,"interaction":{"idSuffix":"I"}},"clearTextFirst":true,"interactionType":"ENTER_TEXT"}]}
COMMAND: POST /session/4e5157c5e3d60ff16ea2322a9d8395ac/actions - {"actions":[{"id":"action11","type":"key","parameters":{},"actions":[{"type":"keyDown","value":"î€‡"},{"type":"pause","duration":10},{"type":"keyUp","value":"î€‡"}]}]}
RESULT: {"actions":[{"id":"action11","type":"key","parameters":{},"actions":[{"type":"keyDown","value":"î€‡"},{"type":"pause","duration":10},{"type":"keyUp","value":"î€‡"}]}]}
COMMAND: GET /session/4e5157c5e3d60ff16ea2322a9d8395ac/screenshot - {}
RESULT: {}
COMMAND: POST /session/4e5157c5e3d60ff16ea2322a9d8395ac/element - {"using":"xpath","value":"//span[contains(text(), \"General Management\")]"}
RESULT: {"using":"xpath","value":"//span[contains(text(), \"General Management\")]"}
COMMAND: POST /session/4e5157c5e3d60ff16ea2322a9d8395ac/element/f.F3EAD7D8D889EB61F600F49A8CF35C29.d.62F87E5B8156BAAE34E2018779F58033.e.3747/click - {}
RESULT: {}
COMMAND: GET /session/4e5157c5e3d60ff16ea2322a9d8395ac/screenshot - {}
RESULT: {}
COMMAND: POST /session/4e5157c5e3d60ff16ea2322a9d8395ac/element - {"using":"xpath","value":"//bdi[contains(text(), \"OK\")]"}
RESULT: {"using":"xpath","value":"//bdi[contains(text(), \"OK\")]"}
COMMAND: POST /session/4e5157c5e3d60ff16ea2322a9d8395ac/element/f.F3EAD7D8D889EB61F600F49A8CF35C29.d.62F87E5B8156BAAE34E2018779F58033.e.3748/click - {}
RESULT: {}
COMMAND: GET /session/4e5157c5e3d60ff16ea2322a9d8395ac/screenshot - {}
RESULT: {}
COMMAND: POST /session/4e5157c5e3d60ff16ea2322a9d8395ac/element - {"using":"xpath","value":"//input[@id=\"application-managepartners-display-component---NewPartner--companyCodeComboBox-inner\"]"}
RESULT: {"using":"xpath","value":"//input[@id=\"application-managepartners-display-component---NewPartner--companyCodeComboBox-inner\"]"}
COMMAND: POST /session/4e5157c5e3d60ff16ea2322a9d8395ac/element/f.F3EAD7D8D889EB61F600F49A8CF35C29.d.62F87E5B8156BAAE34E2018779F58033.e.3539/clear - {}
RESULT: {}
COMMAND: POST /session/4e5157c5e3d60ff16ea2322a9d8395ac/element/f.F3EAD7D8D889EB61F600F49A8CF35C29.d.62F87E5B8156BAAE34E2018779F58033.e.3539/value - {"text":"C002"}
COMMAND: GET /session/4e5157c5e3d60ff16ea2322a9d8395ac/screenshot - {}
RESULT: {"text":"C002"}
COMMAND: GET /session/4e5157c5e3d60ff16ea2322a9d8395ac/screenshot - {}
RESULT: {}
RESULT: {}
COMMAND: POST /session/4e5157c5e3d60ff16ea2322a9d8395ac/element - {"using":"xpath","value":"//span[contains(text(), \"C002\")]"}
RESULT: {"using":"xpath","value":"//span[contains(text(), \"C002\")]"}
COMMAND: POST /session/4e5157c5e3d60ff16ea2322a9d8395ac/element/f.F3EAD7D8D889EB61F600F49A8CF35C29.d.62F87E5B8156BAAE34E2018779F58033.e.3754/click - {}
RESULT: {}
COMMAND: GET /session/4e5157c5e3d60ff16ea2322a9d8395ac/screenshot - {}
RESULT: {}
COMMAND: POST /session/4e5157c5e3d60ff16ea2322a9d8395ac/execute/async - {"script":"<script> [1562 bytes]","args":[{"selector":{"id":"application-managepartners-display-component---NewPartner--btnAddTableRow-img"},"wdio_ui5_key":"applicationmanagepartners-display-component---NewPartner--btnAddTableRow-img"}]}
RESULT: {"script":"<script> [1562 bytes]","args":[{"selector":{"id":"application-managepartners-display-component---NewPartner--btnAddTableRow-img"},"wdio_ui5_key":"applicationmanagepartners-display-component---NewPartner--btnAddTableRow-img"}]}
RESULT: undefined
COMMAND: POST /session/4e5157c5e3d60ff16ea2322a9d8395ac/element - {"using":"xpath","value":"//*[@id=\"application-managepartners-display-component---NewPartner--btnAddTableRow-img\"]"}
RESULT: {"using":"xpath","value":"//*[@id=\"application-managepartners-display-component---NewPartner--btnAddTableRow-img\"]"}
COMMAND: POST /session/4e5157c5e3d60ff16ea2322a9d8395ac/element/f.F3EAD7D8D889EB61F600F49A8CF35C29.d.62F87E5B8156BAAE34E2018779F58033.e.3755/click - {}
RESULT: {}
COMMAND: GET /session/4e5157c5e3d60ff16ea2322a9d8395ac/screenshot - {}
RESULT: {}
COMMAND: POST /session/4e5157c5e3d60ff16ea2322a9d8395ac/element - {"using":"xpath","value":"//input[@id=\"application-managepartners-display-component---NewPartner--assignmentYard-application-managepartners-display-component---NewPartner--assignmentsTable-0-inner\"]"}
RESULT: {"using":"xpath","value":"//input[@id=\"application-managepartners-display-component---NewPartner--assignmentYard-application-managepartners-display-component---NewPartner--assignmentsTable-0-inner\"]"}
COMMAND: POST /session/4e5157c5e3d60ff16ea2322a9d8395ac/element/f.F3EAD7D8D889EB61F600F49A8CF35C29.d.62F87E5B8156BAAE34E2018779F58033.e.3758/clear - {}
RESULT: {}
COMMAND: POST /session/4e5157c5e3d60ff16ea2322a9d8395ac/element/f.F3EAD7D8D889EB61F600F49A8CF35C29.d.62F87E5B8156BAAE34E2018779F58033.e.3758/value - {"text":"369"}
COMMAND: GET /session/4e5157c5e3d60ff16ea2322a9d8395ac/screenshot - {}
RESULT: {"text":"369"}
COMMAND: GET /session/4e5157c5e3d60ff16ea2322a9d8395ac/screenshot - {}
RESULT: {}
RESULT: {}
COMMAND: POST /session/4e5157c5e3d60ff16ea2322a9d8395ac/element - {"using":"xpath","value":"//li[.//span[text()='369']]"}
RESULT: {"using":"xpath","value":"//li[.//span[text()='369']]"}
COMMAND: POST /session/4e5157c5e3d60ff16ea2322a9d8395ac/element/f.F3EAD7D8D889EB61F600F49A8CF35C29.d.62F87E5B8156BAAE34E2018779F58033.e.3767/click - {}
RESULT: {}
COMMAND: GET /session/4e5157c5e3d60ff16ea2322a9d8395ac/screenshot - {}
RESULT: {}
COMMAND: POST /session/4e5157c5e3d60ff16ea2322a9d8395ac/actions - {"actions":[{"id":"action12","type":"key","parameters":{},"actions":[{"type":"keyDown","value":"î€‡"},{"type":"pause","duration":10},{"type":"keyUp","value":"î€‡"}]}]}
RESULT: {"actions":[{"id":"action12","type":"key","parameters":{},"actions":[{"type":"keyDown","value":"î€‡"},{"type":"pause","duration":10},{"type":"keyUp","value":"î€‡"}]}]}
COMMAND: POST /session/4e5157c5e3d60ff16ea2322a9d8395ac/execute/async - {"script":"<script> [1562 bytes]","args":[{"selector":{"id":"application-managepartners-display-component---NewPartner--externalCustomerComboBox-application-managepartners-display-component---NewPartner--assignmentsTable-0-vhi"},"wdio_ui5_key":"applicationmanagepartners-display-component---NewPartner--externalCustomerComboBox-application-managepartners-display-component---NewPartner--assignmentsTable-0-vhi"}]}
COMMAND: GET /session/4e5157c5e3d60ff16ea2322a9d8395ac/screenshot - {}
RESULT: {"script":"<script> [1562 bytes]","args":[{"selector":{"id":"application-managepartners-display-component---NewPartner--externalCustomerComboBox-application-managepartners-display-component---NewPartner--assignmentsTable-0-vhi"},"wdio_ui5_key":"applicationmanagepartners-display-component---NewPartner--externalCustomerComboBox-application-managepartners-display-component---NewPartner--assignmentsTable-0-vhi"}]}
RESULT: undefined
COMMAND: POST /session/4e5157c5e3d60ff16ea2322a9d8395ac/element - {"using":"xpath","value":"//*[@id=\"application-managepartners-display-component---NewPartner--externalCustomerComboBox-application-managepartners-display-component---NewPartner--assignmentsTable-0-vhi\"]"}
RESULT: {}
RESULT: {"using":"xpath","value":"//*[@id=\"application-managepartners-display-component---NewPartner--externalCustomerComboBox-application-managepartners-display-component---NewPartner--assignmentsTable-0-vhi\"]"}
COMMAND: POST /session/4e5157c5e3d60ff16ea2322a9d8395ac/element/f.F3EAD7D8D889EB61F600F49A8CF35C29.d.62F87E5B8156BAAE34E2018779F58033.e.3771/click - {}
RESULT: {}
RESULT: undefined
COMMAND: POST /session/4e5157c5e3d60ff16ea2322a9d8395ac/execute/async - {"script":"<script> [776 bytes]","args":[{"enterText":"300003","selector":{"controlType":"sap.m.SearchField","properties":{"placeholder":"Search"},"searchOpenDialogs":true,"interaction":{"idSuffix":"I"}},"clearTextFirst":true,"interactionType":"ENTER_TEXT"}]}
COMMAND: GET /session/4e5157c5e3d60ff16ea2322a9d8395ac/screenshot - {}
RESULT: {"script":"<script> [776 bytes]","args":[{"enterText":"300003","selector":{"controlType":"sap.m.SearchField","properties":{"placeholder":"Search"},"searchOpenDialogs":true,"interaction":{"idSuffix":"I"}},"clearTextFirst":true,"interactionType":"ENTER_TEXT"}]}
COMMAND: POST /session/4e5157c5e3d60ff16ea2322a9d8395ac/actions - {"actions":[{"id":"action13","type":"key","parameters":{},"actions":[{"type":"keyDown","value":"î€‡"},{"type":"pause","duration":10},{"type":"keyUp","value":"î€‡"}]}]}
RESULT: {}
RESULT: {"actions":[{"id":"action13","type":"key","parameters":{},"actions":[{"type":"keyDown","value":"î€‡"},{"type":"pause","duration":10},{"type":"keyUp","value":"î€‡"}]}]}
COMMAND: GET /session/4e5157c5e3d60ff16ea2322a9d8395ac/screenshot - {}
RESULT: {}
COMMAND: POST /session/4e5157c5e3d60ff16ea2322a9d8395ac/element - {"using":"xpath","value":"//span[contains(text(), \"300003\")]"}
RESULT: {"using":"xpath","value":"//span[contains(text(), \"300003\")]"}
COMMAND: POST /session/4e5157c5e3d60ff16ea2322a9d8395ac/element/f.F3EAD7D8D889EB61F600F49A8CF35C29.d.62F87E5B8156BAAE34E2018779F58033.e.3789/click - {}
RESULT: {}
COMMAND: GET /session/4e5157c5e3d60ff16ea2322a9d8395ac/screenshot - {}
RESULT: {}
COMMAND: POST /session/4e5157c5e3d60ff16ea2322a9d8395ac/element - {"using":"xpath","value":"//bdi[contains(text(), \"OK\")]"}
RESULT: {"using":"xpath","value":"//bdi[contains(text(), \"OK\")]"}
COMMAND: POST /session/4e5157c5e3d60ff16ea2322a9d8395ac/element/f.F3EAD7D8D889EB61F600F49A8CF35C29.d.62F87E5B8156BAAE34E2018779F58033.e.3791/click - {}
RESULT: {}
COMMAND: GET /session/4e5157c5e3d60ff16ea2322a9d8395ac/screenshot - {}
RESULT: {}
COMMAND: POST /session/4e5157c5e3d60ff16ea2322a9d8395ac/execute/async - {"script":"<script> [1562 bytes]","args":[{"selector":{"id":"application-managepartners-display-component---NewPartner--intercompVendorComboBox-application-managepartners-display-component---NewPartner--assignmentsTable-0-vhi"},"wdio_ui5_key":"applicationmanagepartners-display-component---NewPartner--intercompVendorComboBox-application-managepartners-display-component---NewPartner--assignmentsTable-0-vhi"}]}
RESULT: {"script":"<script> [1562 bytes]","args":[{"selector":{"id":"application-managepartners-display-component---NewPartner--intercompVendorComboBox-application-managepartners-display-component---NewPartner--assignmentsTable-0-vhi"},"wdio_ui5_key":"applicationmanagepartners-display-component---NewPartner--intercompVendorComboBox-application-managepartners-display-component---NewPartner--assignmentsTable-0-vhi"}]}
RESULT: undefined
COMMAND: POST /session/4e5157c5e3d60ff16ea2322a9d8395ac/element - {"using":"xpath","value":"//*[@id=\"application-managepartners-display-component---NewPartner--intercompVendorComboBox-application-managepartners-display-component---NewPartner--assignmentsTable-0-vhi\"]"}
RESULT: {"using":"xpath","value":"//*[@id=\"application-managepartners-display-component---NewPartner--intercompVendorComboBox-application-managepartners-display-component---NewPartner--assignmentsTable-0-vhi\"]"}
COMMAND: POST /session/4e5157c5e3d60ff16ea2322a9d8395ac/element/f.F3EAD7D8D889EB61F600F49A8CF35C29.d.62F87E5B8156BAAE34E2018779F58033.e.3794/click - {}
RESULT: {}
RESULT: undefined
COMMAND: POST /session/4e5157c5e3d60ff16ea2322a9d8395ac/execute/async - {"script":"<script> [776 bytes]","args":[{"enterText":"100005","selector":{"controlType":"sap.m.SearchField","properties":{"placeholder":"Search"},"searchOpenDialogs":true,"interaction":{"idSuffix":"I"}},"clearTextFirst":true,"interactionType":"ENTER_TEXT"}]}
COMMAND: GET /session/4e5157c5e3d60ff16ea2322a9d8395ac/screenshot - {}
RESULT: {"script":"<script> [776 bytes]","args":[{"enterText":"100005","selector":{"controlType":"sap.m.SearchField","properties":{"placeholder":"Search"},"searchOpenDialogs":true,"interaction":{"idSuffix":"I"}},"clearTextFirst":true,"interactionType":"ENTER_TEXT"}]}
COMMAND: POST /session/4e5157c5e3d60ff16ea2322a9d8395ac/actions - {"actions":[{"id":"action14","type":"key","parameters":{},"actions":[{"type":"keyDown","value":"î€‡"},{"type":"pause","duration":10},{"type":"keyUp","value":"î€‡"}]}]}
RESULT: {}
RESULT: {"actions":[{"id":"action14","type":"key","parameters":{},"actions":[{"type":"keyDown","value":"î€‡"},{"type":"pause","duration":10},{"type":"keyUp","value":"î€‡"}]}]}
COMMAND: GET /session/4e5157c5e3d60ff16ea2322a9d8395ac/screenshot - {}
RESULT: {}
COMMAND: POST /session/4e5157c5e3d60ff16ea2322a9d8395ac/element - {"using":"xpath","value":"//span[contains(text(), \"Penguins - Field/12345 Berlin\")]"}
RESULT: {"using":"xpath","value":"//span[contains(text(), \"Penguins - Field/12345 Berlin\")]"}
COMMAND: POST /session/4e5157c5e3d60ff16ea2322a9d8395ac/element/f.F3EAD7D8D889EB61F600F49A8CF35C29.d.62F87E5B8156BAAE34E2018779F58033.e.3801/click - {}
RESULT: {}
COMMAND: GET /session/4e5157c5e3d60ff16ea2322a9d8395ac/screenshot - {}
RESULT: {}
COMMAND: POST /session/4e5157c5e3d60ff16ea2322a9d8395ac/element - {"using":"xpath","value":"//bdi[contains(text(), \"OK\")]"}
RESULT: {"using":"xpath","value":"//bdi[contains(text(), \"OK\")]"}
COMMAND: POST /session/4e5157c5e3d60ff16ea2322a9d8395ac/element/f.F3EAD7D8D889EB61F600F49A8CF35C29.d.62F87E5B8156BAAE34E2018779F58033.e.3803/click - {}
RESULT: {}
COMMAND: GET /session/4e5157c5e3d60ff16ea2322a9d8395ac/screenshot - {}
RESULT: {}
COMMAND: POST /session/4e5157c5e3d60ff16ea2322a9d8395ac/element - {"using":"xpath","value":"//button[@data-kt=\"saveButton\"]"}
RESULT: {"using":"xpath","value":"//button[@data-kt=\"saveButton\"]"}
COMMAND: POST /session/4e5157c5e3d60ff16ea2322a9d8395ac/element/f.F3EAD7D8D889EB61F600F49A8CF35C29.d.62F87E5B8156BAAE34E2018779F58033.e.3606/click - {}
RESULT: {}
COMMAND: GET /session/4e5157c5e3d60ff16ea2322a9d8395ac/screenshot - {}
RESULT: {}
COMMAND: POST /session/4e5157c5e3d60ff16ea2322a9d8395ac/element - {"using":"xpath","value":"//header[contains(@id, 'ObjectPageLayout-headerTitle')]/div[1]/div[2]/div[2]/span[1]"}
RESULT: {"using":"xpath","value":"//header[contains(@id, 'ObjectPageLayout-headerTitle')]/div[1]/div[2]/div[2]/span[1]"}
COMMAND: POST /session/4e5157c5e3d60ff16ea2322a9d8395ac/elements - {"using":"xpath","value":"//header[contains(@id, 'ObjectPageLayout-headerTitle')]/div[1]/div[2]/div[2]/span[1]"}
RESULT: {"using":"xpath","value":"//header[contains(@id, 'ObjectPageLayout-headerTitle')]/div[1]/div[2]/div[2]/span[1]"}
COMMAND: POST /session/4e5157c5e3d60ff16ea2322a9d8395ac/execute/sync - {"script":"<script> [56 bytes]","args":[{"element-6066-11e4-a52e-4f735466cecf":"f.F3EAD7D8D889EB61F600F49A8CF35C29.d.62F87E5B8156BAAE34E2018779F58033.e.3966","ELEMENT":"f.F3EAD7D8D889EB61F600F49A8CF35C29.d.62F87E5B8156BAAE34E2018779F58033.e.3966"}]}
RESULT: {"script":"<script> [56 bytes]","args":[{"element-6066-11e4-a52e-4f735466cecf":"f.F3EAD7D8D889EB61F600F49A8CF35C29.d.62F87E5B8156BAAE34E2018779F58033.e.3966","ELEMENT":"f.F3EAD7D8D889EB61F600F49A8CF35C29.d.62F87E5B8156BAAE34E2018779F58033.e.3966"}]}
COMMAND: POST /session/4e5157c5e3d60ff16ea2322a9d8395ac/element - {"using":"css selector","value":"#shell-header-logo"}
COMMAND: GET /session/4e5157c5e3d60ff16ea2322a9d8395ac/screenshot - {}
RESULT: {"using":"css selector","value":"#shell-header-logo"}
COMMAND: POST /session/4e5157c5e3d60ff16ea2322a9d8395ac/element/f.F3EAD7D8D889EB61F600F49A8CF35C29.d.62F87E5B8156BAAE34E2018779F58033.e.3190/click - {}
RESULT: {}
RESULT: {}
COMMAND: GET /session/4e5157c5e3d60ff16ea2322a9d8395ac/screenshot - {}
RESULT: {}
COMMAND: POST /session/4e5157c5e3d60ff16ea2322a9d8395ac/execute/sync - {"script":"<script> [299 bytes]","args":[["getModel","getResource"]]}
RESULT: {"script":"<script> [299 bytes]","args":[["getModel","getResource"]]}
COMMAND: GET /session/4e5157c5e3d60ff16ea2322a9d8395ac/screenshot - {}
]]></system-out>
    </testcase>
    <testcase classname="chrome.135_0_7049_96.windows.Edit_and_delete_daily_price_US134629_US134627" name="Should create a new site used for following tests" time="84.616">
      <system-out><![CDATA[
COMMAND: POST /session/4e5157c5e3d60ff16ea2322a9d8395ac/execute/async - {"script":"<script> [1562 bytes]","args":[{"selector":{"controlType":"sap.m.TileContent","bindingPath":{"path":"","propertyPath":"/properties/info"},"ancestor":{"controlType":"sap.m.GenericTile","properties":{"header":"Manage Sites"}}},"wdio_ui5_key":"sapm.TileContent{\"path\":\"\",\"propertyPath\":\"/properties/info\"}{\"controlType\":\"sap.m.GenericTile\",\"properties\":{\"header\":\"Manage Sites\"}}"}]}
RESULT: {}
RESULT: {"script":"<script> [1562 bytes]","args":[{"selector":{"controlType":"sap.m.TileContent","bindingPath":{"path":"","propertyPath":"/properties/info"},"ancestor":{"controlType":"sap.m.GenericTile","properties":{"header":"Manage Sites"}}},"wdio_ui5_key":"sapm.TileContent{\"path\":\"\",\"propertyPath\":\"/properties/info\"}{\"controlType\":\"sap.m.GenericTile\",\"properties\":{\"header\":\"Manage Sites\"}}"}]}
RESULT: undefined
COMMAND: POST /session/4e5157c5e3d60ff16ea2322a9d8395ac/element - {"using":"xpath","value":"//*[@id=\"__xmlview7--numericTileContent\"]"}
RESULT: {"using":"xpath","value":"//*[@id=\"__xmlview7--numericTileContent\"]"}
COMMAND: POST /session/4e5157c5e3d60ff16ea2322a9d8395ac/element/f.F3EAD7D8D889EB61F600F49A8CF35C29.d.62F87E5B8156BAAE34E2018779F58033.e.3968/click - {}
RESULT: {}
COMMAND: POST /session/4e5157c5e3d60ff16ea2322a9d8395ac/element - {"using":"xpath","value":"//button[@data-kt=\"addOverflowToolbarButton\"]"}
COMMAND: GET /session/4e5157c5e3d60ff16ea2322a9d8395ac/screenshot - {}
RESULT: {"using":"xpath","value":"//button[@data-kt=\"addOverflowToolbarButton\"]"}
COMMAND: POST /session/4e5157c5e3d60ff16ea2322a9d8395ac/elements - {"using":"xpath","value":"//button[@data-kt=\"addOverflowToolbarButton\"]"}
RESULT: {}
RESULT: {"using":"xpath","value":"//button[@data-kt=\"addOverflowToolbarButton\"]"}
COMMAND: POST /session/4e5157c5e3d60ff16ea2322a9d8395ac/elements - {"using":"xpath","value":"//button[@data-kt=\"addOverflowToolbarButton\"]"}
RESULT: {"using":"xpath","value":"//button[@data-kt=\"addOverflowToolbarButton\"]"}
COMMAND: POST /session/4e5157c5e3d60ff16ea2322a9d8395ac/elements - {"using":"xpath","value":"//button[@data-kt=\"addOverflowToolbarButton\"]"}
RESULT: {"using":"xpath","value":"//button[@data-kt=\"addOverflowToolbarButton\"]"}
COMMAND: POST /session/4e5157c5e3d60ff16ea2322a9d8395ac/element - {"using":"xpath","value":"//button[@data-kt=\"addOverflowToolbarButton\"]"}
RESULT: {"using":"xpath","value":"//button[@data-kt=\"addOverflowToolbarButton\"]"}
COMMAND: POST /session/4e5157c5e3d60ff16ea2322a9d8395ac/execute/sync - {"script":"<script> [8489 bytes]","args":[{"element-6066-11e4-a52e-4f735466cecf":"f.F3EAD7D8D889EB61F600F49A8CF35C29.d.62F87E5B8156BAAE34E2018779F58033.e.4018","ELEMENT":"f.F3EAD7D8D889EB61F600F49A8CF35C29.d.62F87E5B8156BAAE34E2018779F58033.e.4018"}]}
RESULT: {"script":"<script> [8489 bytes]","args":[{"element-6066-11e4-a52e-4f735466cecf":"f.F3EAD7D8D889EB61F600F49A8CF35C29.d.62F87E5B8156BAAE34E2018779F58033.e.4018","ELEMENT":"f.F3EAD7D8D889EB61F600F49A8CF35C29.d.62F87E5B8156BAAE34E2018779F58033.e.4018"}]}
COMMAND: GET /session/4e5157c5e3d60ff16ea2322a9d8395ac/element/f.F3EAD7D8D889EB61F600F49A8CF35C29.d.62F87E5B8156BAAE34E2018779F58033.e.4018/enabled - {}
COMMAND: GET /session/4e5157c5e3d60ff16ea2322a9d8395ac/screenshot - {}
RESULT: {}
COMMAND: POST /session/4e5157c5e3d60ff16ea2322a9d8395ac/execute/sync - {"script":"<script> [8489 bytes]","args":[{"element-6066-11e4-a52e-4f735466cecf":"f.F3EAD7D8D889EB61F600F49A8CF35C29.d.62F87E5B8156BAAE34E2018779F58033.e.4018","ELEMENT":"f.F3EAD7D8D889EB61F600F49A8CF35C29.d.62F87E5B8156BAAE34E2018779F58033.e.4018"}]}
COMMAND: GET /session/4e5157c5e3d60ff16ea2322a9d8395ac/screenshot - {}
RESULT: {}
RESULT: {"script":"<script> [8489 bytes]","args":[{"element-6066-11e4-a52e-4f735466cecf":"f.F3EAD7D8D889EB61F600F49A8CF35C29.d.62F87E5B8156BAAE34E2018779F58033.e.4018","ELEMENT":"f.F3EAD7D8D889EB61F600F49A8CF35C29.d.62F87E5B8156BAAE34E2018779F58033.e.4018"}]}
COMMAND: POST /session/4e5157c5e3d60ff16ea2322a9d8395ac/execute/sync - {"script":"<script> [5351 bytes]","args":[{"element-6066-11e4-a52e-4f735466cecf":"f.F3EAD7D8D889EB61F600F49A8CF35C29.d.62F87E5B8156BAAE34E2018779F58033.e.4018","ELEMENT":"f.F3EAD7D8D889EB61F600F49A8CF35C29.d.62F87E5B8156BAAE34E2018779F58033.e.4018"}]}
COMMAND: GET /session/4e5157c5e3d60ff16ea2322a9d8395ac/screenshot - {}
RESULT: {}
RESULT: {"script":"<script> [5351 bytes]","args":[{"element-6066-11e4-a52e-4f735466cecf":"f.F3EAD7D8D889EB61F600F49A8CF35C29.d.62F87E5B8156BAAE34E2018779F58033.e.4018","ELEMENT":"f.F3EAD7D8D889EB61F600F49A8CF35C29.d.62F87E5B8156BAAE34E2018779F58033.e.4018"}]}
COMMAND: POST /session/4e5157c5e3d60ff16ea2322a9d8395ac/element/f.F3EAD7D8D889EB61F600F49A8CF35C29.d.62F87E5B8156BAAE34E2018779F58033.e.4018/click - {}
COMMAND: GET /session/4e5157c5e3d60ff16ea2322a9d8395ac/screenshot - {}
RESULT: {}
RESULT: {}
COMMAND: GET /session/4e5157c5e3d60ff16ea2322a9d8395ac/screenshot - {}
RESULT: {}
RESULT: {}
COMMAND: POST /session/4e5157c5e3d60ff16ea2322a9d8395ac/execute/async - {"script":"<script> [1562 bytes]","args":[{"selector":{"id":"application-managesites-display-component---NewSite--addressDetailDetailsName1","interaction":{"idSuffix":"inner"}},"wdio_ui5_key":"applicationmanagesites-display-component---NewSite--addressDetailDetailsName1"}]}
RESULT: {"script":"<script> [1562 bytes]","args":[{"selector":{"id":"application-managesites-display-component---NewSite--addressDetailDetailsName1","interaction":{"idSuffix":"inner"}},"wdio_ui5_key":"applicationmanagesites-display-component---NewSite--addressDetailDetailsName1"}]}
RESULT: undefined
COMMAND: POST /session/4e5157c5e3d60ff16ea2322a9d8395ac/execute/async - {"script":"<script> [776 bytes]","args":[{"enterText":"DailyPrice WDIO","selector":{"id":"application-managesites-display-component---NewSite--addressDetailDetailsName1","interaction":{"idSuffix":"inner"}},"clearTextFirst":true,"interactionType":"ENTER_TEXT"}]}
RESULT: {"script":"<script> [776 bytes]","args":[{"enterText":"DailyPrice WDIO","selector":{"id":"application-managesites-display-component---NewSite--addressDetailDetailsName1","interaction":{"idSuffix":"inner"}},"clearTextFirst":true,"interactionType":"ENTER_TEXT"}]}
COMMAND: POST /session/4e5157c5e3d60ff16ea2322a9d8395ac/execute/async - {"script":"<script> [1562 bytes]","args":[{"selector":{"id":"application-managesites-display-component---NewSite--addressDetailDetailsLanguage-arrow"},"wdio_ui5_key":"applicationmanagesites-display-component---NewSite--addressDetailDetailsLanguage-arrow"}]}
RESULT: {"script":"<script> [1562 bytes]","args":[{"selector":{"id":"application-managesites-display-component---NewSite--addressDetailDetailsLanguage-arrow"},"wdio_ui5_key":"applicationmanagesites-display-component---NewSite--addressDetailDetailsLanguage-arrow"}]}
RESULT: undefined
COMMAND: POST /session/4e5157c5e3d60ff16ea2322a9d8395ac/element - {"using":"xpath","value":"//*[@id=\"application-managesites-display-component---NewSite--addressDetailDetailsLanguage-arrow\"]"}
RESULT: {"using":"xpath","value":"//*[@id=\"application-managesites-display-component---NewSite--addressDetailDetailsLanguage-arrow\"]"}
COMMAND: POST /session/4e5157c5e3d60ff16ea2322a9d8395ac/element/f.F3EAD7D8D889EB61F600F49A8CF35C29.d.62F87E5B8156BAAE34E2018779F58033.e.4416/click - {}
RESULT: {}
COMMAND: POST /session/4e5157c5e3d60ff16ea2322a9d8395ac/element - {"using":"xpath","value":"//span[contains(text(), \"English\")]"}
COMMAND: GET /session/4e5157c5e3d60ff16ea2322a9d8395ac/screenshot - {}
RESULT: {"using":"xpath","value":"//span[contains(text(), \"English\")]"}
COMMAND: POST /session/4e5157c5e3d60ff16ea2322a9d8395ac/element/f.F3EAD7D8D889EB61F600F49A8CF35C29.d.62F87E5B8156BAAE34E2018779F58033.e.4417/click - {}
RESULT: {}
RESULT: {}
COMMAND: POST /session/4e5157c5e3d60ff16ea2322a9d8395ac/execute/async - {"script":"<script> [1562 bytes]","args":[{"selector":{"id":"application-managesites-display-component---NewSite--addressDetailDetailsCity1","interaction":{"idSuffix":"inner"}},"wdio_ui5_key":"applicationmanagesites-display-component---NewSite--addressDetailDetailsCity1"}]}
COMMAND: GET /session/4e5157c5e3d60ff16ea2322a9d8395ac/screenshot - {}
RESULT: {"script":"<script> [1562 bytes]","args":[{"selector":{"id":"application-managesites-display-component---NewSite--addressDetailDetailsCity1","interaction":{"idSuffix":"inner"}},"wdio_ui5_key":"applicationmanagesites-display-component---NewSite--addressDetailDetailsCity1"}]}
RESULT: undefined
COMMAND: POST /session/4e5157c5e3d60ff16ea2322a9d8395ac/execute/async - {"script":"<script> [776 bytes]","args":[{"enterText":"Rosario","selector":{"id":"application-managesites-display-component---NewSite--addressDetailDetailsCity1","interaction":{"idSuffix":"inner"}},"clearTextFirst":true,"interactionType":"ENTER_TEXT"}]}
RESULT: {}
RESULT: {"script":"<script> [776 bytes]","args":[{"enterText":"Rosario","selector":{"id":"application-managesites-display-component---NewSite--addressDetailDetailsCity1","interaction":{"idSuffix":"inner"}},"clearTextFirst":true,"interactionType":"ENTER_TEXT"}]}
COMMAND: POST /session/4e5157c5e3d60ff16ea2322a9d8395ac/execute/async - {"script":"<script> [1562 bytes]","args":[{"selector":{"id":"application-managesites-display-component---NewSite--addressDetailDetailsCountry-arrow"},"wdio_ui5_key":"applicationmanagesites-display-component---NewSite--addressDetailDetailsCountry-arrow"}]}
RESULT: {"script":"<script> [1562 bytes]","args":[{"selector":{"id":"application-managesites-display-component---NewSite--addressDetailDetailsCountry-arrow"},"wdio_ui5_key":"applicationmanagesites-display-component---NewSite--addressDetailDetailsCountry-arrow"}]}
RESULT: undefined
COMMAND: POST /session/4e5157c5e3d60ff16ea2322a9d8395ac/element - {"using":"xpath","value":"//*[@id=\"application-managesites-display-component---NewSite--addressDetailDetailsCountry-arrow\"]"}
RESULT: {"using":"xpath","value":"//*[@id=\"application-managesites-display-component---NewSite--addressDetailDetailsCountry-arrow\"]"}
COMMAND: POST /session/4e5157c5e3d60ff16ea2322a9d8395ac/element/f.F3EAD7D8D889EB61F600F49A8CF35C29.d.62F87E5B8156BAAE34E2018779F58033.e.4419/click - {}
RESULT: {}
COMMAND: POST /session/4e5157c5e3d60ff16ea2322a9d8395ac/element - {"using":"xpath","value":"//span[contains(text(), \"Argentina\")]"}
COMMAND: GET /session/4e5157c5e3d60ff16ea2322a9d8395ac/screenshot - {}
RESULT: {"using":"xpath","value":"//span[contains(text(), \"Argentina\")]"}
COMMAND: POST /session/4e5157c5e3d60ff16ea2322a9d8395ac/element/f.F3EAD7D8D889EB61F600F49A8CF35C29.d.62F87E5B8156BAAE34E2018779F58033.e.4420/click - {}
RESULT: {}
RESULT: {}
COMMAND: GET /session/4e5157c5e3d60ff16ea2322a9d8395ac/screenshot - {}
RESULT: {}
COMMAND: POST /session/4e5157c5e3d60ff16ea2322a9d8395ac/execute/async - {"script":"<script> [1562 bytes]","args":[{"selector":{"id":"application-managesites-display-component---NewSite--addressEditDetailsCostObjectCstType-arrow"},"wdio_ui5_key":"applicationmanagesites-display-component---NewSite--addressEditDetailsCostObjectCstType-arrow"}]}
RESULT: {"script":"<script> [1562 bytes]","args":[{"selector":{"id":"application-managesites-display-component---NewSite--addressEditDetailsCostObjectCstType-arrow"},"wdio_ui5_key":"applicationmanagesites-display-component---NewSite--addressEditDetailsCostObjectCstType-arrow"}]}
RESULT: undefined
COMMAND: POST /session/4e5157c5e3d60ff16ea2322a9d8395ac/element - {"using":"xpath","value":"//*[@id=\"application-managesites-display-component---NewSite--addressEditDetailsCostObjectCstType-arrow\"]"}
RESULT: {"using":"xpath","value":"//*[@id=\"application-managesites-display-component---NewSite--addressEditDetailsCostObjectCstType-arrow\"]"}
COMMAND: POST /session/4e5157c5e3d60ff16ea2322a9d8395ac/element/f.F3EAD7D8D889EB61F600F49A8CF35C29.d.62F87E5B8156BAAE34E2018779F58033.e.4421/click - {}
RESULT: {}
COMMAND: POST /session/4e5157c5e3d60ff16ea2322a9d8395ac/element - {"using":"xpath","value":"//span[contains(text(), \"Cost Center\")]"}
COMMAND: GET /session/4e5157c5e3d60ff16ea2322a9d8395ac/screenshot - {}
RESULT: {"using":"xpath","value":"//span[contains(text(), \"Cost Center\")]"}
COMMAND: POST /session/4e5157c5e3d60ff16ea2322a9d8395ac/element/f.F3EAD7D8D889EB61F600F49A8CF35C29.d.62F87E5B8156BAAE34E2018779F58033.e.4422/click - {}
RESULT: {}
RESULT: {}
COMMAND: GET /session/4e5157c5e3d60ff16ea2322a9d8395ac/screenshot - {}
RESULT: {}
COMMAND: POST /session/4e5157c5e3d60ff16ea2322a9d8395ac/element - {"using":"xpath","value":"//span[@id=\"application-managesites-display-component---NewSite--addressNewCostObjectCstID-vhi\"]"}
RESULT: {"using":"xpath","value":"//span[@id=\"application-managesites-display-component---NewSite--addressNewCostObjectCstID-vhi\"]"}
COMMAND: POST /session/4e5157c5e3d60ff16ea2322a9d8395ac/execute/sync - {"script":"<script> [8489 bytes]","args":[{"element-6066-11e4-a52e-4f735466cecf":"f.F3EAD7D8D889EB61F600F49A8CF35C29.d.62F87E5B8156BAAE34E2018779F58033.e.4427","ELEMENT":"f.F3EAD7D8D889EB61F600F49A8CF35C29.d.62F87E5B8156BAAE34E2018779F58033.e.4427"}]}
RESULT: {"script":"<script> [8489 bytes]","args":[{"element-6066-11e4-a52e-4f735466cecf":"f.F3EAD7D8D889EB61F600F49A8CF35C29.d.62F87E5B8156BAAE34E2018779F58033.e.4427","ELEMENT":"f.F3EAD7D8D889EB61F600F49A8CF35C29.d.62F87E5B8156BAAE34E2018779F58033.e.4427"}]}
COMMAND: POST /session/4e5157c5e3d60ff16ea2322a9d8395ac/execute/async - {"script":"<script> [1562 bytes]","args":[{"selector":{"id":"application-managesites-display-component---NewSite--addressNewCostObjectCstID-vhi"},"wdio_ui5_key":"applicationmanagesites-display-component---NewSite--addressNewCostObjectCstID-vhi"}]}
COMMAND: GET /session/4e5157c5e3d60ff16ea2322a9d8395ac/screenshot - {}
RESULT: {"script":"<script> [1562 bytes]","args":[{"selector":{"id":"application-managesites-display-component---NewSite--addressNewCostObjectCstID-vhi"},"wdio_ui5_key":"applicationmanagesites-display-component---NewSite--addressNewCostObjectCstID-vhi"}]}
RESULT: undefined
COMMAND: POST /session/4e5157c5e3d60ff16ea2322a9d8395ac/element - {"using":"xpath","value":"//*[@id=\"application-managesites-display-component---NewSite--addressNewCostObjectCstID-vhi\"]"}
RESULT: {}
RESULT: {"using":"xpath","value":"//*[@id=\"application-managesites-display-component---NewSite--addressNewCostObjectCstID-vhi\"]"}
COMMAND: POST /session/4e5157c5e3d60ff16ea2322a9d8395ac/element/f.F3EAD7D8D889EB61F600F49A8CF35C29.d.62F87E5B8156BAAE34E2018779F58033.e.4427/click - {}
RESULT: {}
COMMAND: GET /session/4e5157c5e3d60ff16ea2322a9d8395ac/screenshot - {}
RESULT: {}
RESULT: undefined
COMMAND: POST /session/4e5157c5e3d60ff16ea2322a9d8395ac/execute/async - {"script":"<script> [776 bytes]","args":[{"enterText":"10001013","selector":{"controlType":"sap.m.SearchField","properties":{"placeholder":"Search"},"searchOpenDialogs":true,"interaction":{"idSuffix":"I"}},"clearTextFirst":true,"interactionType":"ENTER_TEXT"}]}
RESULT: {"script":"<script> [776 bytes]","args":[{"enterText":"10001013","selector":{"controlType":"sap.m.SearchField","properties":{"placeholder":"Search"},"searchOpenDialogs":true,"interaction":{"idSuffix":"I"}},"clearTextFirst":true,"interactionType":"ENTER_TEXT"}]}
COMMAND: POST /session/4e5157c5e3d60ff16ea2322a9d8395ac/actions - {"actions":[{"id":"action15","type":"key","parameters":{},"actions":[{"type":"keyDown","value":"î€‡"},{"type":"pause","duration":10},{"type":"keyUp","value":"î€‡"}]}]}
RESULT: {"actions":[{"id":"action15","type":"key","parameters":{},"actions":[{"type":"keyDown","value":"î€‡"},{"type":"pause","duration":10},{"type":"keyUp","value":"î€‡"}]}]}
COMMAND: GET /session/4e5157c5e3d60ff16ea2322a9d8395ac/screenshot - {}
RESULT: {}
COMMAND: POST /session/4e5157c5e3d60ff16ea2322a9d8395ac/element - {"using":"xpath","value":"//span[contains(text(), \"General Management\")]"}
RESULT: {"using":"xpath","value":"//span[contains(text(), \"General Management\")]"}
COMMAND: POST /session/4e5157c5e3d60ff16ea2322a9d8395ac/element/f.F3EAD7D8D889EB61F600F49A8CF35C29.d.62F87E5B8156BAAE34E2018779F58033.e.4466/click - {}
RESULT: {}
COMMAND: GET /session/4e5157c5e3d60ff16ea2322a9d8395ac/screenshot - {}
RESULT: {}
COMMAND: POST /session/4e5157c5e3d60ff16ea2322a9d8395ac/element - {"using":"xpath","value":"//bdi[contains(text(), \"OK\")]"}
RESULT: {"using":"xpath","value":"//bdi[contains(text(), \"OK\")]"}
COMMAND: POST /session/4e5157c5e3d60ff16ea2322a9d8395ac/element/f.F3EAD7D8D889EB61F600F49A8CF35C29.d.62F87E5B8156BAAE34E2018779F58033.e.4467/click - {}
RESULT: {}
COMMAND: GET /session/4e5157c5e3d60ff16ea2322a9d8395ac/screenshot - {}
RESULT: {}
COMMAND: POST /session/4e5157c5e3d60ff16ea2322a9d8395ac/element - {"using":"xpath","value":"//input[@id=\"application-managesites-display-component---NewSite--addressDetailDetailsCalendar-inner\"]"}
RESULT: {"using":"xpath","value":"//input[@id=\"application-managesites-display-component---NewSite--addressDetailDetailsCalendar-inner\"]"}
COMMAND: POST /session/4e5157c5e3d60ff16ea2322a9d8395ac/element/f.F3EAD7D8D889EB61F600F49A8CF35C29.d.62F87E5B8156BAAE34E2018779F58033.e.4215/clear - {}
RESULT: {}
COMMAND: POST /session/4e5157c5e3d60ff16ea2322a9d8395ac/element/f.F3EAD7D8D889EB61F600F49A8CF35C29.d.62F87E5B8156BAAE34E2018779F58033.e.4215/value - {"text":"Unit"}
COMMAND: GET /session/4e5157c5e3d60ff16ea2322a9d8395ac/screenshot - {}
RESULT: {}
RESULT: {"text":"Unit"}
COMMAND: GET /session/4e5157c5e3d60ff16ea2322a9d8395ac/screenshot - {}
RESULT: {}
COMMAND: POST /session/4e5157c5e3d60ff16ea2322a9d8395ac/actions - {"actions":[{"id":"action16","type":"key","parameters":{},"actions":[{"type":"keyDown","value":"î€‡"},{"type":"pause","duration":10},{"type":"keyUp","value":"î€‡"}]}]}
RESULT: {"actions":[{"id":"action16","type":"key","parameters":{},"actions":[{"type":"keyDown","value":"î€‡"},{"type":"pause","duration":10},{"type":"keyUp","value":"î€‡"}]}]}
COMMAND: POST /session/4e5157c5e3d60ff16ea2322a9d8395ac/element - {"using":"xpath","value":"//input[@id=\"application-managesites-display-component---NewSite--addressDetailDetailsYard-inner\"]"}
COMMAND: GET /session/4e5157c5e3d60ff16ea2322a9d8395ac/screenshot - {}
RESULT: {"using":"xpath","value":"//input[@id=\"application-managesites-display-component---NewSite--addressDetailDetailsYard-inner\"]"}
COMMAND: POST /session/4e5157c5e3d60ff16ea2322a9d8395ac/element/f.F3EAD7D8D889EB61F600F49A8CF35C29.d.62F87E5B8156BAAE34E2018779F58033.e.4216/clear - {}
RESULT: {}
RESULT: {}
COMMAND: POST /session/4e5157c5e3d60ff16ea2322a9d8395ac/element/f.F3EAD7D8D889EB61F600F49A8CF35C29.d.62F87E5B8156BAAE34E2018779F58033.e.4216/value - {"text":"369"}
COMMAND: GET /session/4e5157c5e3d60ff16ea2322a9d8395ac/screenshot - {}
RESULT: {"text":"369"}
COMMAND: GET /session/4e5157c5e3d60ff16ea2322a9d8395ac/screenshot - {}
RESULT: {}
RESULT: {}
COMMAND: POST /session/4e5157c5e3d60ff16ea2322a9d8395ac/element - {"using":"xpath","value":"//li[.//span[text()='369']]"}
RESULT: {"using":"xpath","value":"//li[.//span[text()='369']]"}
COMMAND: POST /session/4e5157c5e3d60ff16ea2322a9d8395ac/element/f.F3EAD7D8D889EB61F600F49A8CF35C29.d.62F87E5B8156BAAE34E2018779F58033.e.4475/click - {}
RESULT: {}
COMMAND: GET /session/4e5157c5e3d60ff16ea2322a9d8395ac/screenshot - {}
RESULT: {}
COMMAND: POST /session/4e5157c5e3d60ff16ea2322a9d8395ac/element - {"using":"xpath","value":"//input[@id=\"application-managesites-display-component---NewSite--addressDetailDetailsPartner-inner\"]"}
RESULT: {"using":"xpath","value":"//input[@id=\"application-managesites-display-component---NewSite--addressDetailDetailsPartner-inner\"]"}
COMMAND: POST /session/4e5157c5e3d60ff16ea2322a9d8395ac/element - {"using":"xpath","value":"//input[@id=\"application-managesites-display-component---NewSite--addressDetailDetailsPartner-inner\"]"}
RESULT: {"using":"xpath","value":"//input[@id=\"application-managesites-display-component---NewSite--addressDetailDetailsPartner-inner\"]"}
COMMAND: POST /session/4e5157c5e3d60ff16ea2322a9d8395ac/element - {"using":"xpath","value":"//button[@data-kt=\"saveButton\"]"}
RESULT: {"using":"xpath","value":"//button[@data-kt=\"saveButton\"]"}
COMMAND: POST /session/4e5157c5e3d60ff16ea2322a9d8395ac/element/f.F3EAD7D8D889EB61F600F49A8CF35C29.d.62F87E5B8156BAAE34E2018779F58033.e.4401/click - {}
RESULT: {}
COMMAND: GET /session/4e5157c5e3d60ff16ea2322a9d8395ac/screenshot - {}
RESULT: {}
COMMAND: POST /session/4e5157c5e3d60ff16ea2322a9d8395ac/element - {"using":"xpath","value":"//header[contains(@id, 'ObjectPageLayout-headerTitle')]/div[1]/div[2]/div[2]/span[1]"}
RESULT: {"using":"xpath","value":"//header[contains(@id, 'ObjectPageLayout-headerTitle')]/div[1]/div[2]/div[2]/span[1]"}
COMMAND: POST /session/4e5157c5e3d60ff16ea2322a9d8395ac/elements - {"using":"xpath","value":"//header[contains(@id, 'ObjectPageLayout-headerTitle')]/div[1]/div[2]/div[2]/span[1]"}
RESULT: {"using":"xpath","value":"//header[contains(@id, 'ObjectPageLayout-headerTitle')]/div[1]/div[2]/div[2]/span[1]"}
COMMAND: POST /session/4e5157c5e3d60ff16ea2322a9d8395ac/execute/sync - {"script":"<script> [56 bytes]","args":[{"element-6066-11e4-a52e-4f735466cecf":"f.F3EAD7D8D889EB61F600F49A8CF35C29.d.62F87E5B8156BAAE34E2018779F58033.e.4680","ELEMENT":"f.F3EAD7D8D889EB61F600F49A8CF35C29.d.62F87E5B8156BAAE34E2018779F58033.e.4680"}]}
RESULT: {"script":"<script> [56 bytes]","args":[{"element-6066-11e4-a52e-4f735466cecf":"f.F3EAD7D8D889EB61F600F49A8CF35C29.d.62F87E5B8156BAAE34E2018779F58033.e.4680","ELEMENT":"f.F3EAD7D8D889EB61F600F49A8CF35C29.d.62F87E5B8156BAAE34E2018779F58033.e.4680"}]}
COMMAND: POST /session/4e5157c5e3d60ff16ea2322a9d8395ac/element - {"using":"css selector","value":"#shell-header-logo"}
COMMAND: GET /session/4e5157c5e3d60ff16ea2322a9d8395ac/screenshot - {}
RESULT: {"using":"css selector","value":"#shell-header-logo"}
COMMAND: POST /session/4e5157c5e3d60ff16ea2322a9d8395ac/element/f.F3EAD7D8D889EB61F600F49A8CF35C29.d.62F87E5B8156BAAE34E2018779F58033.e.3971/click - {}
RESULT: {}
RESULT: {}
COMMAND: GET /session/4e5157c5e3d60ff16ea2322a9d8395ac/screenshot - {}
RESULT: {}
COMMAND: POST /session/4e5157c5e3d60ff16ea2322a9d8395ac/execute/sync - {"script":"<script> [299 bytes]","args":[["getModel","getResource"]]}
RESULT: {"script":"<script> [299 bytes]","args":[["getModel","getResource"]]}
]]></system-out>
    </testcase>
    <testcase classname="chrome.135_0_7049_96.windows.Edit_and_delete_daily_price_US134629_US134627" name="Should go to Manage Conditions Daily Price and add the 2 rows one with yard site and one with yard" time="68.153">
      <system-out><![CDATA[
COMMAND: POST /session/4e5157c5e3d60ff16ea2322a9d8395ac/window/fullscreen - {}
COMMAND: GET /session/4e5157c5e3d60ff16ea2322a9d8395ac/screenshot - {}
RESULT: {}
COMMAND: POST /session/4e5157c5e3d60ff16ea2322a9d8395ac/execute/async - {"script":"<script> [1562 bytes]","args":[{"selector":{"controlType":"sap.m.GenericTile","properties":{"header":"Manage Conditions & Prices"}},"wdio_ui5_key":"sapm.GenericTile{\"header\":\"Manage Conditions & Prices\"}"}]}
RESULT: {}
RESULT: {"script":"<script> [1562 bytes]","args":[{"selector":{"controlType":"sap.m.GenericTile","properties":{"header":"Manage Conditions & Prices"}},"wdio_ui5_key":"sapm.GenericTile{\"header\":\"Manage Conditions & Prices\"}"}]}
RESULT: undefined
COMMAND: POST /session/4e5157c5e3d60ff16ea2322a9d8395ac/element - {"using":"xpath","value":"//*[@id=\"__tile53\"]"}
RESULT: {"using":"xpath","value":"//*[@id=\"__tile53\"]"}
COMMAND: POST /session/4e5157c5e3d60ff16ea2322a9d8395ac/element/f.F3EAD7D8D889EB61F600F49A8CF35C29.d.62F87E5B8156BAAE34E2018779F58033.e.3129/click - {}
RESULT: {}
COMMAND: POST /session/4e5157c5e3d60ff16ea2322a9d8395ac/element - {"using":"xpath","value":"//button[@aria-label=\"Create\"]"}
COMMAND: GET /session/4e5157c5e3d60ff16ea2322a9d8395ac/screenshot - {}
RESULT: {"using":"xpath","value":"//button[@aria-label=\"Create\"]"}
COMMAND: POST /session/4e5157c5e3d60ff16ea2322a9d8395ac/elements - {"using":"xpath","value":"//button[@aria-label=\"Create\"]"}
RESULT: {}
RESULT: {"using":"xpath","value":"//button[@aria-label=\"Create\"]"}
COMMAND: POST /session/4e5157c5e3d60ff16ea2322a9d8395ac/elements - {"using":"xpath","value":"//button[@aria-label=\"Create\"]"}
RESULT: {"using":"xpath","value":"//button[@aria-label=\"Create\"]"}
COMMAND: POST /session/4e5157c5e3d60ff16ea2322a9d8395ac/elements - {"using":"xpath","value":"//button[@aria-label=\"Create\"]"}
RESULT: {"using":"xpath","value":"//button[@aria-label=\"Create\"]"}
COMMAND: POST /session/4e5157c5e3d60ff16ea2322a9d8395ac/elements - {"using":"xpath","value":"//button[@aria-label=\"Create\"]"}
RESULT: {"using":"xpath","value":"//button[@aria-label=\"Create\"]"}
COMMAND: POST /session/4e5157c5e3d60ff16ea2322a9d8395ac/elements - {"using":"xpath","value":"//button[@aria-label=\"Create\"]"}
RESULT: {"using":"xpath","value":"//button[@aria-label=\"Create\"]"}
COMMAND: POST /session/4e5157c5e3d60ff16ea2322a9d8395ac/elements - {"using":"xpath","value":"//button[@aria-label=\"Create\"]"}
RESULT: {"using":"xpath","value":"//button[@aria-label=\"Create\"]"}
COMMAND: POST /session/4e5157c5e3d60ff16ea2322a9d8395ac/elements - {"using":"xpath","value":"//button[@aria-label=\"Create\"]"}
RESULT: {"using":"xpath","value":"//button[@aria-label=\"Create\"]"}
COMMAND: POST /session/4e5157c5e3d60ff16ea2322a9d8395ac/elements - {"using":"xpath","value":"//button[@aria-label=\"Create\"]"}
RESULT: {"using":"xpath","value":"//button[@aria-label=\"Create\"]"}
COMMAND: POST /session/4e5157c5e3d60ff16ea2322a9d8395ac/elements - {"using":"xpath","value":"//button[@aria-label=\"Create\"]"}
RESULT: {"using":"xpath","value":"//button[@aria-label=\"Create\"]"}
COMMAND: POST /session/4e5157c5e3d60ff16ea2322a9d8395ac/elements - {"using":"xpath","value":"//button[@aria-label=\"Create\"]"}
RESULT: {"using":"xpath","value":"//button[@aria-label=\"Create\"]"}
COMMAND: POST /session/4e5157c5e3d60ff16ea2322a9d8395ac/elements - {"using":"xpath","value":"//button[@aria-label=\"Create\"]"}
RESULT: {"using":"xpath","value":"//button[@aria-label=\"Create\"]"}
COMMAND: POST /session/4e5157c5e3d60ff16ea2322a9d8395ac/elements - {"using":"xpath","value":"//button[@aria-label=\"Create\"]"}
RESULT: {"using":"xpath","value":"//button[@aria-label=\"Create\"]"}
COMMAND: POST /session/4e5157c5e3d60ff16ea2322a9d8395ac/elements - {"using":"xpath","value":"//button[@aria-label=\"Create\"]"}
RESULT: {"using":"xpath","value":"//button[@aria-label=\"Create\"]"}
COMMAND: POST /session/4e5157c5e3d60ff16ea2322a9d8395ac/elements - {"using":"xpath","value":"//button[@aria-label=\"Create\"]"}
RESULT: {"using":"xpath","value":"//button[@aria-label=\"Create\"]"}
COMMAND: POST /session/4e5157c5e3d60ff16ea2322a9d8395ac/elements - {"using":"xpath","value":"//button[@aria-label=\"Create\"]"}
RESULT: {"using":"xpath","value":"//button[@aria-label=\"Create\"]"}
COMMAND: POST /session/4e5157c5e3d60ff16ea2322a9d8395ac/elements - {"using":"xpath","value":"//button[@aria-label=\"Create\"]"}
RESULT: {"using":"xpath","value":"//button[@aria-label=\"Create\"]"}
COMMAND: POST /session/4e5157c5e3d60ff16ea2322a9d8395ac/elements - {"using":"xpath","value":"//button[@aria-label=\"Create\"]"}
RESULT: {"using":"xpath","value":"//button[@aria-label=\"Create\"]"}
COMMAND: POST /session/4e5157c5e3d60ff16ea2322a9d8395ac/elements - {"using":"xpath","value":"//button[@aria-label=\"Create\"]"}
RESULT: {"using":"xpath","value":"//button[@aria-label=\"Create\"]"}
COMMAND: POST /session/4e5157c5e3d60ff16ea2322a9d8395ac/element - {"using":"xpath","value":"//button[@aria-label=\"Create\"]"}
RESULT: {"using":"xpath","value":"//button[@aria-label=\"Create\"]"}
COMMAND: POST /session/4e5157c5e3d60ff16ea2322a9d8395ac/element/f.F3EAD7D8D889EB61F600F49A8CF35C29.d.62F87E5B8156BAAE34E2018779F58033.e.4719/click - {}
RESULT: {}
COMMAND: GET /session/4e5157c5e3d60ff16ea2322a9d8395ac/screenshot - {}
RESULT: {}
COMMAND: POST /session/4e5157c5e3d60ff16ea2322a9d8395ac/actions - {"actions":[{"id":"action17","type":"key","parameters":{},"actions":[{"type":"keyDown","value":"î€•"},{"type":"pause","duration":10},{"type":"keyUp","value":"î€•"}]}]}
RESULT: {"actions":[{"id":"action17","type":"key","parameters":{},"actions":[{"type":"keyDown","value":"î€•"},{"type":"pause","duration":10},{"type":"keyUp","value":"î€•"}]}]}
COMMAND: POST /session/4e5157c5e3d60ff16ea2322a9d8395ac/actions - {"actions":[{"id":"action18","type":"key","parameters":{},"actions":[{"type":"keyDown","value":"î€‡"},{"type":"pause","duration":10},{"type":"keyUp","value":"î€‡"}]}]}
COMMAND: GET /session/4e5157c5e3d60ff16ea2322a9d8395ac/screenshot - {}
RESULT: {"actions":[{"id":"action18","type":"key","parameters":{},"actions":[{"type":"keyDown","value":"î€‡"},{"type":"pause","duration":10},{"type":"keyUp","value":"î€‡"}]}]}
COMMAND: POST /session/4e5157c5e3d60ff16ea2322a9d8395ac/execute/async - {"script":"<script> [1562 bytes]","args":[{"selector":{"controlType":"sap.m.Title","viewName":"etm.portal.ui.manageconditionprice.view.DailyPrices","viewId":"application-manageconditionprice-display-component---dailyPrices","i18NText":{"propertyName":"text","key":"dailyPrices"}},"wdio_ui5_key":"etmportal.ui.manageconditionprice.view.DailyPricessap.m.Title{\"propertyName\":\"text\",\"key\":\"dailyPrices\"}"}]}
COMMAND: GET /session/4e5157c5e3d60ff16ea2322a9d8395ac/screenshot - {}
RESULT: {}
RESULT: {"script":"<script> [1562 bytes]","args":[{"selector":{"controlType":"sap.m.Title","viewName":"etm.portal.ui.manageconditionprice.view.DailyPrices","viewId":"application-manageconditionprice-display-component---dailyPrices","i18NText":{"propertyName":"text","key":"dailyPrices"}},"wdio_ui5_key":"etmportal.ui.manageconditionprice.view.DailyPricessap.m.Title{\"propertyName\":\"text\",\"key\":\"dailyPrices\"}"}]}
RESULT: undefined
COMMAND: POST /session/4e5157c5e3d60ff16ea2322a9d8395ac/execute/async - {"script":"<script> [6424 bytes]","args":[{"element-6066-11e4-a52e-4f735466cecf":"f.F3EAD7D8D889EB61F600F49A8CF35C29.d.62F87E5B8156BAAE34E2018779F58033.e.5077"},"getText",[]]}
RESULT: {}
RESULT: {"script":"<script> [6424 bytes]","args":[{"element-6066-11e4-a52e-4f735466cecf":"f.F3EAD7D8D889EB61F600F49A8CF35C29.d.62F87E5B8156BAAE34E2018779F58033.e.5077"},"getText",[]]}
COMMAND: POST /session/4e5157c5e3d60ff16ea2322a9d8395ac/execute/async - {"script":"<script> [1562 bytes]","args":[{"selector":{"id":"application-manageconditionprice-display-component---dailyPrices--condBillCond","interaction":{"idSuffix":"inner"}},"wdio_ui5_key":"applicationmanageconditionprice-display-component---dailyPrices--condBillCond"}]}
RESULT: {"script":"<script> [1562 bytes]","args":[{"selector":{"id":"application-manageconditionprice-display-component---dailyPrices--condBillCond","interaction":{"idSuffix":"inner"}},"wdio_ui5_key":"applicationmanageconditionprice-display-component---dailyPrices--condBillCond"}]}
RESULT: undefined
COMMAND: POST /session/4e5157c5e3d60ff16ea2322a9d8395ac/execute/async - {"script":"<script> [776 bytes]","args":[{"enterText":"Residual Value %","selector":{"id":"application-manageconditionprice-display-component---dailyPrices--condBillCond","interaction":{"idSuffix":"inner"}},"clearTextFirst":true,"interactionType":"ENTER_TEXT"}]}
RESULT: {"script":"<script> [776 bytes]","args":[{"enterText":"Residual Value %","selector":{"id":"application-manageconditionprice-display-component---dailyPrices--condBillCond","interaction":{"idSuffix":"inner"}},"clearTextFirst":true,"interactionType":"ENTER_TEXT"}]}
COMMAND: POST /session/4e5157c5e3d60ff16ea2322a9d8395ac/execute/async - {"script":"<script> [1562 bytes]","args":[{"selector":{"controlType":"sap.m.StandardListItem","viewName":"etm.portal.ui.manageconditionprice.view.DailyPrices","viewId":"application-manageconditionprice-display-component---dailyPrices","properties":{"type":"Active"},"searchOpenDialogs":true,"interaction":{"idSuffix":"titleText"}},"wdio_ui5_key":"etmportal.ui.manageconditionprice.view.DailyPricessap.m.StandardListItem{\"type\":\"Active\"}"}]}
RESULT: {"script":"<script> [1562 bytes]","args":[{"selector":{"controlType":"sap.m.StandardListItem","viewName":"etm.portal.ui.manageconditionprice.view.DailyPrices","viewId":"application-manageconditionprice-display-component---dailyPrices","properties":{"type":"Active"},"searchOpenDialogs":true,"interaction":{"idSuffix":"titleText"}},"wdio_ui5_key":"etmportal.ui.manageconditionprice.view.DailyPricessap.m.StandardListItem{\"type\":\"Active\"}"}]}
RESULT: undefined
COMMAND: POST /session/4e5157c5e3d60ff16ea2322a9d8395ac/element - {"using":"xpath","value":"//*[@id=\"__item1071\"]"}
RESULT: {"using":"xpath","value":"//*[@id=\"__item1071\"]"}
COMMAND: POST /session/4e5157c5e3d60ff16ea2322a9d8395ac/element/f.F3EAD7D8D889EB61F600F49A8CF35C29.d.62F87E5B8156BAAE34E2018779F58033.e.5091/click - {}
RESULT: {}
COMMAND: POST /session/4e5157c5e3d60ff16ea2322a9d8395ac/execute/async - {"script":"<script> [1562 bytes]","args":[{"selector":{"id":"application-manageconditionprice-display-component---dailyPrices--editBtn","interaction":{"idSuffix":"BDI-content"}},"wdio_ui5_key":"applicationmanageconditionprice-display-component---dailyPrices--editBtn"}]}
COMMAND: GET /session/4e5157c5e3d60ff16ea2322a9d8395ac/screenshot - {}
RESULT: {"script":"<script> [1562 bytes]","args":[{"selector":{"id":"application-manageconditionprice-display-component---dailyPrices--editBtn","interaction":{"idSuffix":"BDI-content"}},"wdio_ui5_key":"applicationmanageconditionprice-display-component---dailyPrices--editBtn"}]}
RESULT: undefined
COMMAND: POST /session/4e5157c5e3d60ff16ea2322a9d8395ac/element - {"using":"xpath","value":"//*[@id=\"application-manageconditionprice-display-component---dailyPrices--editBtn\"]"}
RESULT: {}
RESULT: {"using":"xpath","value":"//*[@id=\"application-manageconditionprice-display-component---dailyPrices--editBtn\"]"}
COMMAND: POST /session/4e5157c5e3d60ff16ea2322a9d8395ac/element/f.F3EAD7D8D889EB61F600F49A8CF35C29.d.62F87E5B8156BAAE34E2018779F58033.e.5079/click - {}
RESULT: {}
COMMAND: POST /session/4e5157c5e3d60ff16ea2322a9d8395ac/execute/async - {"script":"<script> [1562 bytes]","args":[{"selector":{"controlType":"sap.m.Button","viewName":"etm.portal.ui.manageconditionprice.view.DailyPrices","viewId":"application-manageconditionprice-display-component---dailyPrices","i18NText":{"propertyName":"text","key":"add"},"interaction":{"idSuffix":"BDI-content"}},"wdio_ui5_key":"etmportal.ui.manageconditionprice.view.DailyPricessap.m.Button{\"propertyName\":\"text\",\"key\":\"add\"}"}]}
COMMAND: GET /session/4e5157c5e3d60ff16ea2322a9d8395ac/screenshot - {}
RESULT: {"script":"<script> [1562 bytes]","args":[{"selector":{"controlType":"sap.m.Button","viewName":"etm.portal.ui.manageconditionprice.view.DailyPrices","viewId":"application-manageconditionprice-display-component---dailyPrices","i18NText":{"propertyName":"text","key":"add"},"interaction":{"idSuffix":"BDI-content"}},"wdio_ui5_key":"etmportal.ui.manageconditionprice.view.DailyPricessap.m.Button{\"propertyName\":\"text\",\"key\":\"add\"}"}]}
RESULT: undefined
COMMAND: POST /session/4e5157c5e3d60ff16ea2322a9d8395ac/element - {"using":"xpath","value":"//*[@id=\"__button113\"]"}
RESULT: {}
RESULT: {"using":"xpath","value":"//*[@id=\"__button113\"]"}
COMMAND: POST /session/4e5157c5e3d60ff16ea2322a9d8395ac/element/f.F3EAD7D8D889EB61F600F49A8CF35C29.d.62F87E5B8156BAAE34E2018779F58033.e.5117/click - {}
RESULT: {}
COMMAND: POST /session/4e5157c5e3d60ff16ea2322a9d8395ac/elements - {"using":"css selector","value":"table tr"}
COMMAND: GET /session/4e5157c5e3d60ff16ea2322a9d8395ac/screenshot - {}
RESULT: {"using":"css selector","value":"table tr"}
COMMAND: POST /session/4e5157c5e3d60ff16ea2322a9d8395ac/element/f.F3EAD7D8D889EB61F600F49A8CF35C29.d.62F87E5B8156BAAE34E2018779F58033.e.5303/elements - {"using":"css selector","value":"input"}
RESULT: {}
RESULT: {"using":"css selector","value":"input"}
COMMAND: POST /session/4e5157c5e3d60ff16ea2322a9d8395ac/element/f.F3EAD7D8D889EB61F600F49A8CF35C29.d.62F87E5B8156BAAE34E2018779F58033.e.5306/clear - {}
COMMAND: POST /session/4e5157c5e3d60ff16ea2322a9d8395ac/element/f.F3EAD7D8D889EB61F600F49A8CF35C29.d.62F87E5B8156BAAE34E2018779F58033.e.5304/clear - {}
COMMAND: POST /session/4e5157c5e3d60ff16ea2322a9d8395ac/element/f.F3EAD7D8D889EB61F600F49A8CF35C29.d.62F87E5B8156BAAE34E2018779F58033.e.5307/clear - {}
COMMAND: POST /session/4e5157c5e3d60ff16ea2322a9d8395ac/element/f.F3EAD7D8D889EB61F600F49A8CF35C29.d.62F87E5B8156BAAE34E2018779F58033.e.5305/clear - {}
COMMAND: POST /session/4e5157c5e3d60ff16ea2322a9d8395ac/element/f.F3EAD7D8D889EB61F600F49A8CF35C29.d.62F87E5B8156BAAE34E2018779F58033.e.5303/elements - {"using":"css selector","value":"td"}
RESULT: {}
COMMAND: POST /session/4e5157c5e3d60ff16ea2322a9d8395ac/element/f.F3EAD7D8D889EB61F600F49A8CF35C29.d.62F87E5B8156BAAE34E2018779F58033.e.5305/value - {"text":"09/29/25"}
COMMAND: GET /session/4e5157c5e3d60ff16ea2322a9d8395ac/screenshot - {}
RESULT: {"using":"css selector","value":"td"}
COMMAND: POST /session/4e5157c5e3d60ff16ea2322a9d8395ac/element - {"using":"xpath","value":".//li[contains(., \"2214\") and not(.//li)]"}
COMMAND: POST /session/4e5157c5e3d60ff16ea2322a9d8395ac/element/f.F3EAD7D8D889EB61F600F49A8CF35C29.d.62F87E5B8156BAAE34E2018779F58033.e.5325/element - {"using":"css selector","value":"input"}
COMMAND: POST /session/4e5157c5e3d60ff16ea2322a9d8395ac/element/f.F3EAD7D8D889EB61F600F49A8CF35C29.d.62F87E5B8156BAAE34E2018779F58033.e.5325/element - {"using":"css selector","value":"input"}
RESULT: {}
COMMAND: POST /session/4e5157c5e3d60ff16ea2322a9d8395ac/element/f.F3EAD7D8D889EB61F600F49A8CF35C29.d.62F87E5B8156BAAE34E2018779F58033.e.5307/value - {"text":"Euro"}
COMMAND: GET /session/4e5157c5e3d60ff16ea2322a9d8395ac/screenshot - {}
RESULT: {}
COMMAND: POST /session/4e5157c5e3d60ff16ea2322a9d8395ac/element/f.F3EAD7D8D889EB61F600F49A8CF35C29.d.62F87E5B8156BAAE34E2018779F58033.e.5304/value - {"text":"04/29/25"}
COMMAND: GET /session/4e5157c5e3d60ff16ea2322a9d8395ac/screenshot - {}
RESULT: {}
COMMAND: POST /session/4e5157c5e3d60ff16ea2322a9d8395ac/element/f.F3EAD7D8D889EB61F600F49A8CF35C29.d.62F87E5B8156BAAE34E2018779F58033.e.5306/value - {"text":"705.60"}
COMMAND: GET /session/4e5157c5e3d60ff16ea2322a9d8395ac/screenshot - {}
RESULT: {"text":"09/29/25"}
COMMAND: GET /session/4e5157c5e3d60ff16ea2322a9d8395ac/screenshot - {}
RESULT: {}
RESULT: {"using":"css selector","value":"input"}
COMMAND: POST /session/4e5157c5e3d60ff16ea2322a9d8395ac/element/f.F3EAD7D8D889EB61F600F49A8CF35C29.d.62F87E5B8156BAAE34E2018779F58033.e.5308/click - {}
RESULT: {"using":"css selector","value":"input"}
COMMAND: POST /session/4e5157c5e3d60ff16ea2322a9d8395ac/element/f.F3EAD7D8D889EB61F600F49A8CF35C29.d.62F87E5B8156BAAE34E2018779F58033.e.5308/clear - {}
RESULT: {"using":"xpath","value":".//li[contains(., \"2214\") and not(.//li)]"}
RESULT: {"text":"Euro"}
COMMAND: GET /session/4e5157c5e3d60ff16ea2322a9d8395ac/screenshot - {}
RESULT: {}
RESULT: {"text":"04/29/25"}
COMMAND: GET /session/4e5157c5e3d60ff16ea2322a9d8395ac/screenshot - {}
COMMAND: POST /session/4e5157c5e3d60ff16ea2322a9d8395ac/elements - {"using":"xpath","value":".//li[contains(., \"2214\") and not(.//li)]"}
RESULT: {}
RESULT: {"text":"705.60"}
COMMAND: GET /session/4e5157c5e3d60ff16ea2322a9d8395ac/screenshot - {}
RESULT: {}
RESULT: {}
RESULT: {}
COMMAND: GET /session/4e5157c5e3d60ff16ea2322a9d8395ac/screenshot - {}
RESULT: {}
COMMAND: POST /session/4e5157c5e3d60ff16ea2322a9d8395ac/element/f.F3EAD7D8D889EB61F600F49A8CF35C29.d.62F87E5B8156BAAE34E2018779F58033.e.5308/value - {"text":"2214"}
COMMAND: GET /session/4e5157c5e3d60ff16ea2322a9d8395ac/screenshot - {}
RESULT: {}
RESULT: {}
RESULT: {"using":"xpath","value":".//li[contains(., \"2214\") and not(.//li)]"}
COMMAND: POST /session/4e5157c5e3d60ff16ea2322a9d8395ac/elements - {"using":"xpath","value":".//li[contains(., \"2214\") and not(.//li)]"}
RESULT: {}
RESULT: {}
RESULT: {"text":"2214"}
COMMAND: GET /session/4e5157c5e3d60ff16ea2322a9d8395ac/screenshot - {}
RESULT: {}
RESULT: {"using":"xpath","value":".//li[contains(., \"2214\") and not(.//li)]"}
COMMAND: POST /session/4e5157c5e3d60ff16ea2322a9d8395ac/elements - {"using":"xpath","value":".//li[contains(., \"2214\") and not(.//li)]"}
RESULT: {}
RESULT: {"using":"xpath","value":".//li[contains(., \"2214\") and not(.//li)]"}
COMMAND: POST /session/4e5157c5e3d60ff16ea2322a9d8395ac/element - {"using":"xpath","value":".//li[contains(., \"2214\") and not(.//li)]"}
RESULT: {"using":"xpath","value":".//li[contains(., \"2214\") and not(.//li)]"}
COMMAND: POST /session/4e5157c5e3d60ff16ea2322a9d8395ac/element/f.F3EAD7D8D889EB61F600F49A8CF35C29.d.62F87E5B8156BAAE34E2018779F58033.e.5334/click - {}
RESULT: {}
COMMAND: POST /session/4e5157c5e3d60ff16ea2322a9d8395ac/element - {"using":"xpath","value":".//li[contains(., \"369\") and not(.//li)]"}
COMMAND: POST /session/4e5157c5e3d60ff16ea2322a9d8395ac/element/f.F3EAD7D8D889EB61F600F49A8CF35C29.d.62F87E5B8156BAAE34E2018779F58033.e.5326/element - {"using":"css selector","value":"input"}
COMMAND: POST /session/4e5157c5e3d60ff16ea2322a9d8395ac/element/f.F3EAD7D8D889EB61F600F49A8CF35C29.d.62F87E5B8156BAAE34E2018779F58033.e.5326/element - {"using":"css selector","value":"input"}
COMMAND: GET /session/4e5157c5e3d60ff16ea2322a9d8395ac/screenshot - {}
RESULT: {"using":"css selector","value":"input"}
COMMAND: POST /session/4e5157c5e3d60ff16ea2322a9d8395ac/element/f.F3EAD7D8D889EB61F600F49A8CF35C29.d.62F87E5B8156BAAE34E2018779F58033.e.5309/click - {}
RESULT: {"using":"css selector","value":"input"}
COMMAND: POST /session/4e5157c5e3d60ff16ea2322a9d8395ac/element/f.F3EAD7D8D889EB61F600F49A8CF35C29.d.62F87E5B8156BAAE34E2018779F58033.e.5309/clear - {}
RESULT: {"using":"xpath","value":".//li[contains(., \"369\") and not(.//li)]"}
RESULT: {}
RESULT: {}
COMMAND: GET /session/4e5157c5e3d60ff16ea2322a9d8395ac/screenshot - {}
RESULT: {}
COMMAND: POST /session/4e5157c5e3d60ff16ea2322a9d8395ac/element/f.F3EAD7D8D889EB61F600F49A8CF35C29.d.62F87E5B8156BAAE34E2018779F58033.e.5309/value - {"text":"369"}
COMMAND: GET /session/4e5157c5e3d60ff16ea2322a9d8395ac/screenshot - {}
RESULT: {}
COMMAND: POST /session/4e5157c5e3d60ff16ea2322a9d8395ac/elements - {"using":"xpath","value":".//li[contains(., \"369\") and not(.//li)]"}
RESULT: {"text":"369"}
COMMAND: GET /session/4e5157c5e3d60ff16ea2322a9d8395ac/screenshot - {}
RESULT: {}
RESULT: {"using":"xpath","value":".//li[contains(., \"369\") and not(.//li)]"}
COMMAND: POST /session/4e5157c5e3d60ff16ea2322a9d8395ac/elements - {"using":"xpath","value":".//li[contains(., \"369\") and not(.//li)]"}
RESULT: {}
RESULT: {"using":"xpath","value":".//li[contains(., \"369\") and not(.//li)]"}
COMMAND: POST /session/4e5157c5e3d60ff16ea2322a9d8395ac/element - {"using":"xpath","value":".//li[contains(., \"369\") and not(.//li)]"}
RESULT: {"using":"xpath","value":".//li[contains(., \"369\") and not(.//li)]"}
COMMAND: POST /session/4e5157c5e3d60ff16ea2322a9d8395ac/element/f.F3EAD7D8D889EB61F600F49A8CF35C29.d.62F87E5B8156BAAE34E2018779F58033.e.5335/click - {}
RESULT: {}
RESULT: undefined
COMMAND: POST /session/4e5157c5e3d60ff16ea2322a9d8395ac/element - {"using":"xpath","value":"//*[@id=\"__button113\"]"}
COMMAND: GET /session/4e5157c5e3d60ff16ea2322a9d8395ac/screenshot - {}
RESULT: {"using":"xpath","value":"//*[@id=\"__button113\"]"}
COMMAND: POST /session/4e5157c5e3d60ff16ea2322a9d8395ac/element/f.F3EAD7D8D889EB61F600F49A8CF35C29.d.62F87E5B8156BAAE34E2018779F58033.e.5117/click - {}
RESULT: {}
RESULT: {}
COMMAND: POST /session/4e5157c5e3d60ff16ea2322a9d8395ac/elements - {"using":"css selector","value":"table tr"}
COMMAND: GET /session/4e5157c5e3d60ff16ea2322a9d8395ac/screenshot - {}
RESULT: {"using":"css selector","value":"table tr"}
COMMAND: POST /session/4e5157c5e3d60ff16ea2322a9d8395ac/element/f.F3EAD7D8D889EB61F600F49A8CF35C29.d.62F87E5B8156BAAE34E2018779F58033.e.5337/elements - {"using":"css selector","value":"input"}
RESULT: {}
RESULT: {"using":"css selector","value":"input"}
COMMAND: POST /session/4e5157c5e3d60ff16ea2322a9d8395ac/element/f.F3EAD7D8D889EB61F600F49A8CF35C29.d.62F87E5B8156BAAE34E2018779F58033.e.5340/clear - {}
COMMAND: POST /session/4e5157c5e3d60ff16ea2322a9d8395ac/element/f.F3EAD7D8D889EB61F600F49A8CF35C29.d.62F87E5B8156BAAE34E2018779F58033.e.5338/clear - {}
COMMAND: POST /session/4e5157c5e3d60ff16ea2322a9d8395ac/element/f.F3EAD7D8D889EB61F600F49A8CF35C29.d.62F87E5B8156BAAE34E2018779F58033.e.5341/clear - {}
COMMAND: POST /session/4e5157c5e3d60ff16ea2322a9d8395ac/element/f.F3EAD7D8D889EB61F600F49A8CF35C29.d.62F87E5B8156BAAE34E2018779F58033.e.5339/clear - {}
COMMAND: POST /session/4e5157c5e3d60ff16ea2322a9d8395ac/element/f.F3EAD7D8D889EB61F600F49A8CF35C29.d.62F87E5B8156BAAE34E2018779F58033.e.5337/elements - {"using":"css selector","value":"td"}
RESULT: {}
COMMAND: POST /session/4e5157c5e3d60ff16ea2322a9d8395ac/element/f.F3EAD7D8D889EB61F600F49A8CF35C29.d.62F87E5B8156BAAE34E2018779F58033.e.5340/value - {"text":"99.5"}
COMMAND: GET /session/4e5157c5e3d60ff16ea2322a9d8395ac/screenshot - {}
RESULT: {}
COMMAND: POST /session/4e5157c5e3d60ff16ea2322a9d8395ac/element/f.F3EAD7D8D889EB61F600F49A8CF35C29.d.62F87E5B8156BAAE34E2018779F58033.e.5338/value - {"text":"04/29/25"}
COMMAND: GET /session/4e5157c5e3d60ff16ea2322a9d8395ac/screenshot - {}
RESULT: {}
COMMAND: POST /session/4e5157c5e3d60ff16ea2322a9d8395ac/element/f.F3EAD7D8D889EB61F600F49A8CF35C29.d.62F87E5B8156BAAE34E2018779F58033.e.5341/value - {"text":"US Dollar"}
COMMAND: GET /session/4e5157c5e3d60ff16ea2322a9d8395ac/screenshot - {}
RESULT: {}
COMMAND: POST /session/4e5157c5e3d60ff16ea2322a9d8395ac/element/f.F3EAD7D8D889EB61F600F49A8CF35C29.d.62F87E5B8156BAAE34E2018779F58033.e.5339/value - {"text":"09/29/25"}
COMMAND: GET /session/4e5157c5e3d60ff16ea2322a9d8395ac/screenshot - {}
RESULT: {"using":"css selector","value":"td"}
COMMAND: POST /session/4e5157c5e3d60ff16ea2322a9d8395ac/element - {"using":"xpath","value":"(//li[div//span[contains(text(), '2214')]])[2]"}
COMMAND: POST /session/4e5157c5e3d60ff16ea2322a9d8395ac/element/f.F3EAD7D8D889EB61F600F49A8CF35C29.d.62F87E5B8156BAAE34E2018779F58033.e.5360/element - {"using":"css selector","value":"input"}
COMMAND: POST /session/4e5157c5e3d60ff16ea2322a9d8395ac/element/f.F3EAD7D8D889EB61F600F49A8CF35C29.d.62F87E5B8156BAAE34E2018779F58033.e.5360/element - {"using":"css selector","value":"input"}
RESULT: {"text":"99.5"}
COMMAND: GET /session/4e5157c5e3d60ff16ea2322a9d8395ac/screenshot - {}
RESULT: {}
RESULT: {"text":"04/29/25"}
COMMAND: GET /session/4e5157c5e3d60ff16ea2322a9d8395ac/screenshot - {}
RESULT: {}
RESULT: {"text":"US Dollar"}
COMMAND: GET /session/4e5157c5e3d60ff16ea2322a9d8395ac/screenshot - {}
RESULT: {}
RESULT: {"text":"09/29/25"}
COMMAND: GET /session/4e5157c5e3d60ff16ea2322a9d8395ac/screenshot - {}
RESULT: {}
RESULT: {"using":"xpath","value":"(//li[div//span[contains(text(), '2214')]])[2]"}
RESULT: {"using":"css selector","value":"input"}
COMMAND: POST /session/4e5157c5e3d60ff16ea2322a9d8395ac/element/f.F3EAD7D8D889EB61F600F49A8CF35C29.d.62F87E5B8156BAAE34E2018779F58033.e.5342/click - {}
RESULT: {"using":"css selector","value":"input"}
COMMAND: POST /session/4e5157c5e3d60ff16ea2322a9d8395ac/element/f.F3EAD7D8D889EB61F600F49A8CF35C29.d.62F87E5B8156BAAE34E2018779F58033.e.5342/clear - {}
RESULT: {}
RESULT: {}
RESULT: {}
RESULT: {}
RESULT: {}
COMMAND: GET /session/4e5157c5e3d60ff16ea2322a9d8395ac/screenshot - {}
RESULT: {}
COMMAND: POST /session/4e5157c5e3d60ff16ea2322a9d8395ac/element/f.F3EAD7D8D889EB61F600F49A8CF35C29.d.62F87E5B8156BAAE34E2018779F58033.e.5342/value - {"text":"2214"}
COMMAND: GET /session/4e5157c5e3d60ff16ea2322a9d8395ac/screenshot - {}
RESULT: {}
COMMAND: POST /session/4e5157c5e3d60ff16ea2322a9d8395ac/elements - {"using":"xpath","value":"(//li[div//span[contains(text(), '2214')]])[2]"}
RESULT: {"text":"2214"}
COMMAND: GET /session/4e5157c5e3d60ff16ea2322a9d8395ac/screenshot - {}
RESULT: {}
RESULT: {"using":"xpath","value":"(//li[div//span[contains(text(), '2214')]])[2]"}
COMMAND: POST /session/4e5157c5e3d60ff16ea2322a9d8395ac/element - {"using":"xpath","value":"(//li[div//span[contains(text(), '2214')]])[2]"}
RESULT: {}
RESULT: {"using":"xpath","value":"(//li[div//span[contains(text(), '2214')]])[2]"}
COMMAND: POST /session/4e5157c5e3d60ff16ea2322a9d8395ac/element/f.F3EAD7D8D889EB61F600F49A8CF35C29.d.62F87E5B8156BAAE34E2018779F58033.e.5365/click - {}
RESULT: {}
COMMAND: POST /session/4e5157c5e3d60ff16ea2322a9d8395ac/execute/async - {"script":"<script> [1562 bytes]","args":[{"selector":{"controlType":"sap.m.Button","viewName":"etm.portal.ui.manageconditionprice.view.DailyPrices","viewId":"application-manageconditionprice-display-component---dailyPrices","i18NText":{"propertyName":"tooltip","key":"save"},"interaction":{"idSuffix":"BDI-content"}},"wdio_ui5_key":"etmportal.ui.manageconditionprice.view.DailyPricessap.m.Button{\"propertyName\":\"tooltip\",\"key\":\"save\"}"}]}
COMMAND: GET /session/4e5157c5e3d60ff16ea2322a9d8395ac/screenshot - {}
RESULT: {"script":"<script> [1562 bytes]","args":[{"selector":{"controlType":"sap.m.Button","viewName":"etm.portal.ui.manageconditionprice.view.DailyPrices","viewId":"application-manageconditionprice-display-component---dailyPrices","i18NText":{"propertyName":"tooltip","key":"save"},"interaction":{"idSuffix":"BDI-content"}},"wdio_ui5_key":"etmportal.ui.manageconditionprice.view.DailyPricessap.m.Button{\"propertyName\":\"tooltip\",\"key\":\"save\"}"}]}
RESULT: undefined
COMMAND: POST /session/4e5157c5e3d60ff16ea2322a9d8395ac/element - {"using":"xpath","value":"//*[@id=\"__button115\"]"}
RESULT: {}
RESULT: {"using":"xpath","value":"//*[@id=\"__button115\"]"}
COMMAND: POST /session/4e5157c5e3d60ff16ea2322a9d8395ac/element/f.F3EAD7D8D889EB61F600F49A8CF35C29.d.62F87E5B8156BAAE34E2018779F58033.e.5093/click - {}
RESULT: {}
COMMAND: GET /session/4e5157c5e3d60ff16ea2322a9d8395ac/screenshot - {}
RESULT: {}
]]></system-out>
    </testcase>
    <testcase classname="chrome.135_0_7049_96.windows.Edit_and_delete_daily_price_US134629_US134627" name="Should check whether the 2 rows have been added then edit one of the rows s currency and value and save and check the edited values" time="11.099">
      <system-out><![CDATA[
COMMAND: POST /session/4e5157c5e3d60ff16ea2322a9d8395ac/elements - {"using":"css selector","value":"table tr"}
RESULT: {"using":"css selector","value":"table tr"}
COMMAND: POST /session/4e5157c5e3d60ff16ea2322a9d8395ac/element/f.F3EAD7D8D889EB61F600F49A8CF35C29.d.62F87E5B8156BAAE34E2018779F58033.e.5337/elements - {"using":"css selector","value":"td"}
RESULT: {"using":"css selector","value":"td"}
COMMAND: POST /session/4e5157c5e3d60ff16ea2322a9d8395ac/element/f.F3EAD7D8D889EB61F600F49A8CF35C29.d.62F87E5B8156BAAE34E2018779F58033.e.5303/elements - {"using":"css selector","value":"td"}
RESULT: {"using":"css selector","value":"td"}
COMMAND: POST /session/4e5157c5e3d60ff16ea2322a9d8395ac/element/f.F3EAD7D8D889EB61F600F49A8CF35C29.d.62F87E5B8156BAAE34E2018779F58033.e.5368/element - {"using":"css selector","value":".sapMObjectNumberText"}
RESULT: {"using":"css selector","value":".sapMObjectNumberText"}
COMMAND: GET /session/4e5157c5e3d60ff16ea2322a9d8395ac/element/f.F3EAD7D8D889EB61F600F49A8CF35C29.d.62F87E5B8156BAAE34E2018779F58033.e.5370/text - {}
RESULT: {}
COMMAND: POST /session/4e5157c5e3d60ff16ea2322a9d8395ac/element/f.F3EAD7D8D889EB61F600F49A8CF35C29.d.62F87E5B8156BAAE34E2018779F58033.e.5369/element - {"using":"css selector","value":".sapMObjectNumberText"}
RESULT: {"using":"css selector","value":".sapMObjectNumberText"}
COMMAND: GET /session/4e5157c5e3d60ff16ea2322a9d8395ac/element/f.F3EAD7D8D889EB61F600F49A8CF35C29.d.62F87E5B8156BAAE34E2018779F58033.e.5371/text - {}
RESULT: {}
RESULT: undefined
COMMAND: POST /session/4e5157c5e3d60ff16ea2322a9d8395ac/element - {"using":"xpath","value":"//*[@id=\"application-manageconditionprice-display-component---dailyPrices--editBtn\"]"}
RESULT: {"using":"xpath","value":"//*[@id=\"application-manageconditionprice-display-component---dailyPrices--editBtn\"]"}
COMMAND: POST /session/4e5157c5e3d60ff16ea2322a9d8395ac/element/f.F3EAD7D8D889EB61F600F49A8CF35C29.d.62F87E5B8156BAAE34E2018779F58033.e.5367/click - {}
RESULT: {}
COMMAND: POST /session/4e5157c5e3d60ff16ea2322a9d8395ac/elements - {"using":"css selector","value":"table tr"}
COMMAND: GET /session/4e5157c5e3d60ff16ea2322a9d8395ac/screenshot - {}
RESULT: {"using":"css selector","value":"table tr"}
COMMAND: POST /session/4e5157c5e3d60ff16ea2322a9d8395ac/element/f.F3EAD7D8D889EB61F600F49A8CF35C29.d.62F87E5B8156BAAE34E2018779F58033.e.5337/elements - {"using":"css selector","value":"input"}
RESULT: {}
RESULT: {"using":"css selector","value":"input"}
COMMAND: POST /session/4e5157c5e3d60ff16ea2322a9d8395ac/element/f.F3EAD7D8D889EB61F600F49A8CF35C29.d.62F87E5B8156BAAE34E2018779F58033.e.5392/clear - {}
COMMAND: POST /session/4e5157c5e3d60ff16ea2322a9d8395ac/element/f.F3EAD7D8D889EB61F600F49A8CF35C29.d.62F87E5B8156BAAE34E2018779F58033.e.5393/clear - {}
RESULT: {}
COMMAND: POST /session/4e5157c5e3d60ff16ea2322a9d8395ac/element/f.F3EAD7D8D889EB61F600F49A8CF35C29.d.62F87E5B8156BAAE34E2018779F58033.e.5393/value - {"text":"US Dollar"}
COMMAND: GET /session/4e5157c5e3d60ff16ea2322a9d8395ac/screenshot - {}
RESULT: {}
COMMAND: POST /session/4e5157c5e3d60ff16ea2322a9d8395ac/element/f.F3EAD7D8D889EB61F600F49A8CF35C29.d.62F87E5B8156BAAE34E2018779F58033.e.5392/value - {"text":"566.1"}
COMMAND: GET /session/4e5157c5e3d60ff16ea2322a9d8395ac/screenshot - {}
RESULT: {"text":"US Dollar"}
COMMAND: GET /session/4e5157c5e3d60ff16ea2322a9d8395ac/screenshot - {}
RESULT: {}
RESULT: undefined
COMMAND: POST /session/4e5157c5e3d60ff16ea2322a9d8395ac/element - {"using":"xpath","value":"//*[@id=\"__button115\"]"}
RESULT: {"text":"566.1"}
COMMAND: GET /session/4e5157c5e3d60ff16ea2322a9d8395ac/screenshot - {}
RESULT: {}
RESULT: {}
RESULT: {"using":"xpath","value":"//*[@id=\"__button115\"]"}
COMMAND: POST /session/4e5157c5e3d60ff16ea2322a9d8395ac/element/f.F3EAD7D8D889EB61F600F49A8CF35C29.d.62F87E5B8156BAAE34E2018779F58033.e.5372/click - {}
RESULT: {}
RESULT: {}
COMMAND: GET /session/4e5157c5e3d60ff16ea2322a9d8395ac/screenshot - {}
RESULT: {}
COMMAND: POST /session/4e5157c5e3d60ff16ea2322a9d8395ac/elements - {"using":"css selector","value":"table tr"}
RESULT: {"using":"css selector","value":"table tr"}
COMMAND: POST /session/4e5157c5e3d60ff16ea2322a9d8395ac/element/f.F3EAD7D8D889EB61F600F49A8CF35C29.d.62F87E5B8156BAAE34E2018779F58033.e.5337/elements - {"using":"css selector","value":"td"}
RESULT: {"using":"css selector","value":"td"}
COMMAND: POST /session/4e5157c5e3d60ff16ea2322a9d8395ac/element/f.F3EAD7D8D889EB61F600F49A8CF35C29.d.62F87E5B8156BAAE34E2018779F58033.e.5397/element - {"using":"css selector","value":".sapMObjectNumberText"}
RESULT: {"using":"css selector","value":".sapMObjectNumberText"}
COMMAND: GET /session/4e5157c5e3d60ff16ea2322a9d8395ac/element/f.F3EAD7D8D889EB61F600F49A8CF35C29.d.62F87E5B8156BAAE34E2018779F58033.e.5399/text - {}
RESULT: {}
]]></system-out>
    </testcase>
    <testcase classname="chrome.135_0_7049_96.windows.Edit_and_delete_daily_price_US134629_US134627" name="Should go into edit and delete all the rows that match the yard we have created for this scenario check if all rows deleted" time="27.616">
      <system-out><![CDATA[
RESULT: undefined
COMMAND: POST /session/4e5157c5e3d60ff16ea2322a9d8395ac/element - {"using":"xpath","value":"//*[@id=\"application-manageconditionprice-display-component---dailyPrices--editBtn\"]"}
RESULT: {"using":"xpath","value":"//*[@id=\"application-manageconditionprice-display-component---dailyPrices--editBtn\"]"}
COMMAND: POST /session/4e5157c5e3d60ff16ea2322a9d8395ac/element/f.F3EAD7D8D889EB61F600F49A8CF35C29.d.62F87E5B8156BAAE34E2018779F58033.e.5396/click - {}
RESULT: {}
COMMAND: GET /session/4e5157c5e3d60ff16ea2322a9d8395ac/screenshot - {}
RESULT: {}
COMMAND: POST /session/4e5157c5e3d60ff16ea2322a9d8395ac/elements - {"using":"css selector","value":"table tr"}
RESULT: {"using":"css selector","value":"table tr"}
COMMAND: POST /session/4e5157c5e3d60ff16ea2322a9d8395ac/element/f.F3EAD7D8D889EB61F600F49A8CF35C29.d.62F87E5B8156BAAE34E2018779F58033.e.5119/elements - {"using":"css selector","value":"td"}
RESULT: {"using":"css selector","value":"td"}
COMMAND: POST /session/4e5157c5e3d60ff16ea2322a9d8395ac/element/f.F3EAD7D8D889EB61F600F49A8CF35C29.d.62F87E5B8156BAAE34E2018779F58033.e.5120/elements - {"using":"css selector","value":"td"}
RESULT: {"using":"css selector","value":"td"}
COMMAND: POST /session/4e5157c5e3d60ff16ea2322a9d8395ac/element/f.F3EAD7D8D889EB61F600F49A8CF35C29.d.62F87E5B8156BAAE34E2018779F58033.e.5121/elements - {"using":"css selector","value":"td"}
RESULT: {"using":"css selector","value":"td"}
COMMAND: POST /session/4e5157c5e3d60ff16ea2322a9d8395ac/element/f.F3EAD7D8D889EB61F600F49A8CF35C29.d.62F87E5B8156BAAE34E2018779F58033.e.4987/elements - {"using":"css selector","value":"td"}
RESULT: {"using":"css selector","value":"td"}
COMMAND: POST /session/4e5157c5e3d60ff16ea2322a9d8395ac/element/f.F3EAD7D8D889EB61F600F49A8CF35C29.d.62F87E5B8156BAAE34E2018779F58033.e.4988/elements - {"using":"css selector","value":"td"}
RESULT: {"using":"css selector","value":"td"}
COMMAND: POST /session/4e5157c5e3d60ff16ea2322a9d8395ac/element/f.F3EAD7D8D889EB61F600F49A8CF35C29.d.62F87E5B8156BAAE34E2018779F58033.e.4998/elements - {"using":"css selector","value":"td"}
RESULT: {"using":"css selector","value":"td"}
COMMAND: POST /session/4e5157c5e3d60ff16ea2322a9d8395ac/element/f.F3EAD7D8D889EB61F600F49A8CF35C29.d.62F87E5B8156BAAE34E2018779F58033.e.4999/elements - {"using":"css selector","value":"td"}
RESULT: {"using":"css selector","value":"td"}
COMMAND: POST /session/4e5157c5e3d60ff16ea2322a9d8395ac/element/f.F3EAD7D8D889EB61F600F49A8CF35C29.d.62F87E5B8156BAAE34E2018779F58033.e.5006/elements - {"using":"css selector","value":"td"}
RESULT: {"using":"css selector","value":"td"}
COMMAND: POST /session/4e5157c5e3d60ff16ea2322a9d8395ac/element/f.F3EAD7D8D889EB61F600F49A8CF35C29.d.62F87E5B8156BAAE34E2018779F58033.e.5007/elements - {"using":"css selector","value":"td"}
RESULT: {"using":"css selector","value":"td"}
COMMAND: POST /session/4e5157c5e3d60ff16ea2322a9d8395ac/element/f.F3EAD7D8D889EB61F600F49A8CF35C29.d.62F87E5B8156BAAE34E2018779F58033.e.5017/elements - {"using":"css selector","value":"td"}
RESULT: {"using":"css selector","value":"td"}
COMMAND: POST /session/4e5157c5e3d60ff16ea2322a9d8395ac/element/f.F3EAD7D8D889EB61F600F49A8CF35C29.d.62F87E5B8156BAAE34E2018779F58033.e.5122/elements - {"using":"css selector","value":"td"}
RESULT: {"using":"css selector","value":"td"}
COMMAND: POST /session/4e5157c5e3d60ff16ea2322a9d8395ac/element/f.F3EAD7D8D889EB61F600F49A8CF35C29.d.62F87E5B8156BAAE34E2018779F58033.e.5123/elements - {"using":"css selector","value":"td"}
RESULT: {"using":"css selector","value":"td"}
COMMAND: POST /session/4e5157c5e3d60ff16ea2322a9d8395ac/element/f.F3EAD7D8D889EB61F600F49A8CF35C29.d.62F87E5B8156BAAE34E2018779F58033.e.5124/elements - {"using":"css selector","value":"td"}
RESULT: {"using":"css selector","value":"td"}
COMMAND: POST /session/4e5157c5e3d60ff16ea2322a9d8395ac/element/f.F3EAD7D8D889EB61F600F49A8CF35C29.d.62F87E5B8156BAAE34E2018779F58033.e.5125/elements - {"using":"css selector","value":"td"}
RESULT: {"using":"css selector","value":"td"}
COMMAND: POST /session/4e5157c5e3d60ff16ea2322a9d8395ac/element/f.F3EAD7D8D889EB61F600F49A8CF35C29.d.62F87E5B8156BAAE34E2018779F58033.e.5126/elements - {"using":"css selector","value":"td"}
RESULT: {"using":"css selector","value":"td"}
COMMAND: POST /session/4e5157c5e3d60ff16ea2322a9d8395ac/element/f.F3EAD7D8D889EB61F600F49A8CF35C29.d.62F87E5B8156BAAE34E2018779F58033.e.5127/elements - {"using":"css selector","value":"td"}
RESULT: {"using":"css selector","value":"td"}
COMMAND: POST /session/4e5157c5e3d60ff16ea2322a9d8395ac/element/f.F3EAD7D8D889EB61F600F49A8CF35C29.d.62F87E5B8156BAAE34E2018779F58033.e.5128/elements - {"using":"css selector","value":"td"}
RESULT: {"using":"css selector","value":"td"}
COMMAND: POST /session/4e5157c5e3d60ff16ea2322a9d8395ac/element/f.F3EAD7D8D889EB61F600F49A8CF35C29.d.62F87E5B8156BAAE34E2018779F58033.e.5129/elements - {"using":"css selector","value":"td"}
RESULT: {"using":"css selector","value":"td"}
COMMAND: POST /session/4e5157c5e3d60ff16ea2322a9d8395ac/element/f.F3EAD7D8D889EB61F600F49A8CF35C29.d.62F87E5B8156BAAE34E2018779F58033.e.5130/elements - {"using":"css selector","value":"td"}
RESULT: {"using":"css selector","value":"td"}
COMMAND: POST /session/4e5157c5e3d60ff16ea2322a9d8395ac/element/f.F3EAD7D8D889EB61F600F49A8CF35C29.d.62F87E5B8156BAAE34E2018779F58033.e.5131/elements - {"using":"css selector","value":"td"}
RESULT: {"using":"css selector","value":"td"}
COMMAND: POST /session/4e5157c5e3d60ff16ea2322a9d8395ac/element/f.F3EAD7D8D889EB61F600F49A8CF35C29.d.62F87E5B8156BAAE34E2018779F58033.e.5132/elements - {"using":"css selector","value":"td"}
RESULT: {"using":"css selector","value":"td"}
COMMAND: POST /session/4e5157c5e3d60ff16ea2322a9d8395ac/element/f.F3EAD7D8D889EB61F600F49A8CF35C29.d.62F87E5B8156BAAE34E2018779F58033.e.5133/elements - {"using":"css selector","value":"td"}
RESULT: {"using":"css selector","value":"td"}
COMMAND: POST /session/4e5157c5e3d60ff16ea2322a9d8395ac/element/f.F3EAD7D8D889EB61F600F49A8CF35C29.d.62F87E5B8156BAAE34E2018779F58033.e.5134/elements - {"using":"css selector","value":"td"}
RESULT: {"using":"css selector","value":"td"}
COMMAND: POST /session/4e5157c5e3d60ff16ea2322a9d8395ac/element/f.F3EAD7D8D889EB61F600F49A8CF35C29.d.62F87E5B8156BAAE34E2018779F58033.e.5135/elements - {"using":"css selector","value":"td"}
RESULT: {"using":"css selector","value":"td"}
COMMAND: POST /session/4e5157c5e3d60ff16ea2322a9d8395ac/element/f.F3EAD7D8D889EB61F600F49A8CF35C29.d.62F87E5B8156BAAE34E2018779F58033.e.5136/elements - {"using":"css selector","value":"td"}
RESULT: {"using":"css selector","value":"td"}
COMMAND: POST /session/4e5157c5e3d60ff16ea2322a9d8395ac/element/f.F3EAD7D8D889EB61F600F49A8CF35C29.d.62F87E5B8156BAAE34E2018779F58033.e.5137/elements - {"using":"css selector","value":"td"}
RESULT: {"using":"css selector","value":"td"}
COMMAND: POST /session/4e5157c5e3d60ff16ea2322a9d8395ac/element/f.F3EAD7D8D889EB61F600F49A8CF35C29.d.62F87E5B8156BAAE34E2018779F58033.e.5138/elements - {"using":"css selector","value":"td"}
RESULT: {"using":"css selector","value":"td"}
COMMAND: POST /session/4e5157c5e3d60ff16ea2322a9d8395ac/element/f.F3EAD7D8D889EB61F600F49A8CF35C29.d.62F87E5B8156BAAE34E2018779F58033.e.5139/elements - {"using":"css selector","value":"td"}
RESULT: {"using":"css selector","value":"td"}
COMMAND: POST /session/4e5157c5e3d60ff16ea2322a9d8395ac/element/f.F3EAD7D8D889EB61F600F49A8CF35C29.d.62F87E5B8156BAAE34E2018779F58033.e.5140/elements - {"using":"css selector","value":"td"}
RESULT: {"using":"css selector","value":"td"}
COMMAND: POST /session/4e5157c5e3d60ff16ea2322a9d8395ac/element/f.F3EAD7D8D889EB61F600F49A8CF35C29.d.62F87E5B8156BAAE34E2018779F58033.e.5141/elements - {"using":"css selector","value":"td"}
RESULT: {"using":"css selector","value":"td"}
COMMAND: POST /session/4e5157c5e3d60ff16ea2322a9d8395ac/element/f.F3EAD7D8D889EB61F600F49A8CF35C29.d.62F87E5B8156BAAE34E2018779F58033.e.5142/elements - {"using":"css selector","value":"td"}
RESULT: {"using":"css selector","value":"td"}
COMMAND: POST /session/4e5157c5e3d60ff16ea2322a9d8395ac/element/f.F3EAD7D8D889EB61F600F49A8CF35C29.d.62F87E5B8156BAAE34E2018779F58033.e.5143/elements - {"using":"css selector","value":"td"}
RESULT: {"using":"css selector","value":"td"}
COMMAND: POST /session/4e5157c5e3d60ff16ea2322a9d8395ac/element/f.F3EAD7D8D889EB61F600F49A8CF35C29.d.62F87E5B8156BAAE34E2018779F58033.e.5144/elements - {"using":"css selector","value":"td"}
RESULT: {"using":"css selector","value":"td"}
COMMAND: POST /session/4e5157c5e3d60ff16ea2322a9d8395ac/element/f.F3EAD7D8D889EB61F600F49A8CF35C29.d.62F87E5B8156BAAE34E2018779F58033.e.5145/elements - {"using":"css selector","value":"td"}
RESULT: {"using":"css selector","value":"td"}
COMMAND: POST /session/4e5157c5e3d60ff16ea2322a9d8395ac/element/f.F3EAD7D8D889EB61F600F49A8CF35C29.d.62F87E5B8156BAAE34E2018779F58033.e.5146/elements - {"using":"css selector","value":"td"}
RESULT: {"using":"css selector","value":"td"}
COMMAND: POST /session/4e5157c5e3d60ff16ea2322a9d8395ac/element/f.F3EAD7D8D889EB61F600F49A8CF35C29.d.62F87E5B8156BAAE34E2018779F58033.e.5147/elements - {"using":"css selector","value":"td"}
RESULT: {"using":"css selector","value":"td"}
COMMAND: POST /session/4e5157c5e3d60ff16ea2322a9d8395ac/element/f.F3EAD7D8D889EB61F600F49A8CF35C29.d.62F87E5B8156BAAE34E2018779F58033.e.5148/elements - {"using":"css selector","value":"td"}
RESULT: {"using":"css selector","value":"td"}
COMMAND: POST /session/4e5157c5e3d60ff16ea2322a9d8395ac/element/f.F3EAD7D8D889EB61F600F49A8CF35C29.d.62F87E5B8156BAAE34E2018779F58033.e.5149/elements - {"using":"css selector","value":"td"}
RESULT: {"using":"css selector","value":"td"}
COMMAND: POST /session/4e5157c5e3d60ff16ea2322a9d8395ac/element/f.F3EAD7D8D889EB61F600F49A8CF35C29.d.62F87E5B8156BAAE34E2018779F58033.e.5150/elements - {"using":"css selector","value":"td"}
RESULT: {"using":"css selector","value":"td"}
COMMAND: POST /session/4e5157c5e3d60ff16ea2322a9d8395ac/element/f.F3EAD7D8D889EB61F600F49A8CF35C29.d.62F87E5B8156BAAE34E2018779F58033.e.5151/elements - {"using":"css selector","value":"td"}
RESULT: {"using":"css selector","value":"td"}
COMMAND: POST /session/4e5157c5e3d60ff16ea2322a9d8395ac/element/f.F3EAD7D8D889EB61F600F49A8CF35C29.d.62F87E5B8156BAAE34E2018779F58033.e.5152/elements - {"using":"css selector","value":"td"}
RESULT: {"using":"css selector","value":"td"}
COMMAND: POST /session/4e5157c5e3d60ff16ea2322a9d8395ac/element/f.F3EAD7D8D889EB61F600F49A8CF35C29.d.62F87E5B8156BAAE34E2018779F58033.e.5153/elements - {"using":"css selector","value":"td"}
RESULT: {"using":"css selector","value":"td"}
COMMAND: POST /session/4e5157c5e3d60ff16ea2322a9d8395ac/element/f.F3EAD7D8D889EB61F600F49A8CF35C29.d.62F87E5B8156BAAE34E2018779F58033.e.5154/elements - {"using":"css selector","value":"td"}
RESULT: {"using":"css selector","value":"td"}
COMMAND: POST /session/4e5157c5e3d60ff16ea2322a9d8395ac/element/f.F3EAD7D8D889EB61F600F49A8CF35C29.d.62F87E5B8156BAAE34E2018779F58033.e.5155/elements - {"using":"css selector","value":"td"}
RESULT: {"using":"css selector","value":"td"}
COMMAND: POST /session/4e5157c5e3d60ff16ea2322a9d8395ac/element/f.F3EAD7D8D889EB61F600F49A8CF35C29.d.62F87E5B8156BAAE34E2018779F58033.e.5156/elements - {"using":"css selector","value":"td"}
RESULT: {"using":"css selector","value":"td"}
COMMAND: POST /session/4e5157c5e3d60ff16ea2322a9d8395ac/element/f.F3EAD7D8D889EB61F600F49A8CF35C29.d.62F87E5B8156BAAE34E2018779F58033.e.5157/elements - {"using":"css selector","value":"td"}
RESULT: {"using":"css selector","value":"td"}
COMMAND: POST /session/4e5157c5e3d60ff16ea2322a9d8395ac/element/f.F3EAD7D8D889EB61F600F49A8CF35C29.d.62F87E5B8156BAAE34E2018779F58033.e.5158/elements - {"using":"css selector","value":"td"}
RESULT: {"using":"css selector","value":"td"}
COMMAND: POST /session/4e5157c5e3d60ff16ea2322a9d8395ac/element/f.F3EAD7D8D889EB61F600F49A8CF35C29.d.62F87E5B8156BAAE34E2018779F58033.e.5159/elements - {"using":"css selector","value":"td"}
RESULT: {"using":"css selector","value":"td"}
COMMAND: POST /session/4e5157c5e3d60ff16ea2322a9d8395ac/element/f.F3EAD7D8D889EB61F600F49A8CF35C29.d.62F87E5B8156BAAE34E2018779F58033.e.5160/elements - {"using":"css selector","value":"td"}
RESULT: {"using":"css selector","value":"td"}
COMMAND: POST /session/4e5157c5e3d60ff16ea2322a9d8395ac/element/f.F3EAD7D8D889EB61F600F49A8CF35C29.d.62F87E5B8156BAAE34E2018779F58033.e.5161/elements - {"using":"css selector","value":"td"}
RESULT: {"using":"css selector","value":"td"}
COMMAND: POST /session/4e5157c5e3d60ff16ea2322a9d8395ac/element/f.F3EAD7D8D889EB61F600F49A8CF35C29.d.62F87E5B8156BAAE34E2018779F58033.e.5162/elements - {"using":"css selector","value":"td"}
RESULT: {"using":"css selector","value":"td"}
COMMAND: POST /session/4e5157c5e3d60ff16ea2322a9d8395ac/element/f.F3EAD7D8D889EB61F600F49A8CF35C29.d.62F87E5B8156BAAE34E2018779F58033.e.5163/elements - {"using":"css selector","value":"td"}
RESULT: {"using":"css selector","value":"td"}
COMMAND: POST /session/4e5157c5e3d60ff16ea2322a9d8395ac/element/f.F3EAD7D8D889EB61F600F49A8CF35C29.d.62F87E5B8156BAAE34E2018779F58033.e.5164/elements - {"using":"css selector","value":"td"}
RESULT: {"using":"css selector","value":"td"}
COMMAND: POST /session/4e5157c5e3d60ff16ea2322a9d8395ac/element/f.F3EAD7D8D889EB61F600F49A8CF35C29.d.62F87E5B8156BAAE34E2018779F58033.e.5165/elements - {"using":"css selector","value":"td"}
RESULT: {"using":"css selector","value":"td"}
COMMAND: POST /session/4e5157c5e3d60ff16ea2322a9d8395ac/element/f.F3EAD7D8D889EB61F600F49A8CF35C29.d.62F87E5B8156BAAE34E2018779F58033.e.5166/elements - {"using":"css selector","value":"td"}
RESULT: {"using":"css selector","value":"td"}
COMMAND: POST /session/4e5157c5e3d60ff16ea2322a9d8395ac/element/f.F3EAD7D8D889EB61F600F49A8CF35C29.d.62F87E5B8156BAAE34E2018779F58033.e.5167/elements - {"using":"css selector","value":"td"}
RESULT: {"using":"css selector","value":"td"}
COMMAND: POST /session/4e5157c5e3d60ff16ea2322a9d8395ac/element/f.F3EAD7D8D889EB61F600F49A8CF35C29.d.62F87E5B8156BAAE34E2018779F58033.e.5168/elements - {"using":"css selector","value":"td"}
RESULT: {"using":"css selector","value":"td"}
COMMAND: POST /session/4e5157c5e3d60ff16ea2322a9d8395ac/element/f.F3EAD7D8D889EB61F600F49A8CF35C29.d.62F87E5B8156BAAE34E2018779F58033.e.5169/elements - {"using":"css selector","value":"td"}
RESULT: {"using":"css selector","value":"td"}
COMMAND: POST /session/4e5157c5e3d60ff16ea2322a9d8395ac/element/f.F3EAD7D8D889EB61F600F49A8CF35C29.d.62F87E5B8156BAAE34E2018779F58033.e.5170/elements - {"using":"css selector","value":"td"}
RESULT: {"using":"css selector","value":"td"}
COMMAND: POST /session/4e5157c5e3d60ff16ea2322a9d8395ac/element/f.F3EAD7D8D889EB61F600F49A8CF35C29.d.62F87E5B8156BAAE34E2018779F58033.e.5171/elements - {"using":"css selector","value":"td"}
RESULT: {"using":"css selector","value":"td"}
COMMAND: POST /session/4e5157c5e3d60ff16ea2322a9d8395ac/element/f.F3EAD7D8D889EB61F600F49A8CF35C29.d.62F87E5B8156BAAE34E2018779F58033.e.5172/elements - {"using":"css selector","value":"td"}
RESULT: {"using":"css selector","value":"td"}
COMMAND: POST /session/4e5157c5e3d60ff16ea2322a9d8395ac/element/f.F3EAD7D8D889EB61F600F49A8CF35C29.d.62F87E5B8156BAAE34E2018779F58033.e.5173/elements - {"using":"css selector","value":"td"}
RESULT: {"using":"css selector","value":"td"}
COMMAND: POST /session/4e5157c5e3d60ff16ea2322a9d8395ac/element/f.F3EAD7D8D889EB61F600F49A8CF35C29.d.62F87E5B8156BAAE34E2018779F58033.e.5174/elements - {"using":"css selector","value":"td"}
RESULT: {"using":"css selector","value":"td"}
COMMAND: POST /session/4e5157c5e3d60ff16ea2322a9d8395ac/element/f.F3EAD7D8D889EB61F600F49A8CF35C29.d.62F87E5B8156BAAE34E2018779F58033.e.5175/elements - {"using":"css selector","value":"td"}
RESULT: {"using":"css selector","value":"td"}
COMMAND: POST /session/4e5157c5e3d60ff16ea2322a9d8395ac/element/f.F3EAD7D8D889EB61F600F49A8CF35C29.d.62F87E5B8156BAAE34E2018779F58033.e.5176/elements - {"using":"css selector","value":"td"}
RESULT: {"using":"css selector","value":"td"}
COMMAND: POST /session/4e5157c5e3d60ff16ea2322a9d8395ac/element/f.F3EAD7D8D889EB61F600F49A8CF35C29.d.62F87E5B8156BAAE34E2018779F58033.e.5177/elements - {"using":"css selector","value":"td"}
RESULT: {"using":"css selector","value":"td"}
COMMAND: POST /session/4e5157c5e3d60ff16ea2322a9d8395ac/element/f.F3EAD7D8D889EB61F600F49A8CF35C29.d.62F87E5B8156BAAE34E2018779F58033.e.5178/elements - {"using":"css selector","value":"td"}
RESULT: {"using":"css selector","value":"td"}
COMMAND: POST /session/4e5157c5e3d60ff16ea2322a9d8395ac/element/f.F3EAD7D8D889EB61F600F49A8CF35C29.d.62F87E5B8156BAAE34E2018779F58033.e.5179/elements - {"using":"css selector","value":"td"}
RESULT: {"using":"css selector","value":"td"}
COMMAND: POST /session/4e5157c5e3d60ff16ea2322a9d8395ac/element/f.F3EAD7D8D889EB61F600F49A8CF35C29.d.62F87E5B8156BAAE34E2018779F58033.e.5180/elements - {"using":"css selector","value":"td"}
RESULT: {"using":"css selector","value":"td"}
COMMAND: POST /session/4e5157c5e3d60ff16ea2322a9d8395ac/element/f.F3EAD7D8D889EB61F600F49A8CF35C29.d.62F87E5B8156BAAE34E2018779F58033.e.5181/elements - {"using":"css selector","value":"td"}
RESULT: {"using":"css selector","value":"td"}
COMMAND: POST /session/4e5157c5e3d60ff16ea2322a9d8395ac/element/f.F3EAD7D8D889EB61F600F49A8CF35C29.d.62F87E5B8156BAAE34E2018779F58033.e.5182/elements - {"using":"css selector","value":"td"}
RESULT: {"using":"css selector","value":"td"}
COMMAND: POST /session/4e5157c5e3d60ff16ea2322a9d8395ac/element/f.F3EAD7D8D889EB61F600F49A8CF35C29.d.62F87E5B8156BAAE34E2018779F58033.e.5183/elements - {"using":"css selector","value":"td"}
RESULT: {"using":"css selector","value":"td"}
COMMAND: POST /session/4e5157c5e3d60ff16ea2322a9d8395ac/element/f.F3EAD7D8D889EB61F600F49A8CF35C29.d.62F87E5B8156BAAE34E2018779F58033.e.5184/elements - {"using":"css selector","value":"td"}
RESULT: {"using":"css selector","value":"td"}
COMMAND: POST /session/4e5157c5e3d60ff16ea2322a9d8395ac/element/f.F3EAD7D8D889EB61F600F49A8CF35C29.d.62F87E5B8156BAAE34E2018779F58033.e.5185/elements - {"using":"css selector","value":"td"}
RESULT: {"using":"css selector","value":"td"}
COMMAND: POST /session/4e5157c5e3d60ff16ea2322a9d8395ac/element/f.F3EAD7D8D889EB61F600F49A8CF35C29.d.62F87E5B8156BAAE34E2018779F58033.e.5186/elements - {"using":"css selector","value":"td"}
RESULT: {"using":"css selector","value":"td"}
COMMAND: POST /session/4e5157c5e3d60ff16ea2322a9d8395ac/element/f.F3EAD7D8D889EB61F600F49A8CF35C29.d.62F87E5B8156BAAE34E2018779F58033.e.5187/elements - {"using":"css selector","value":"td"}
RESULT: {"using":"css selector","value":"td"}
COMMAND: POST /session/4e5157c5e3d60ff16ea2322a9d8395ac/element/f.F3EAD7D8D889EB61F600F49A8CF35C29.d.62F87E5B8156BAAE34E2018779F58033.e.5188/elements - {"using":"css selector","value":"td"}
RESULT: {"using":"css selector","value":"td"}
COMMAND: POST /session/4e5157c5e3d60ff16ea2322a9d8395ac/element/f.F3EAD7D8D889EB61F600F49A8CF35C29.d.62F87E5B8156BAAE34E2018779F58033.e.5189/elements - {"using":"css selector","value":"td"}
RESULT: {"using":"css selector","value":"td"}
COMMAND: POST /session/4e5157c5e3d60ff16ea2322a9d8395ac/element/f.F3EAD7D8D889EB61F600F49A8CF35C29.d.62F87E5B8156BAAE34E2018779F58033.e.5190/elements - {"using":"css selector","value":"td"}
RESULT: {"using":"css selector","value":"td"}
COMMAND: POST /session/4e5157c5e3d60ff16ea2322a9d8395ac/element/f.F3EAD7D8D889EB61F600F49A8CF35C29.d.62F87E5B8156BAAE34E2018779F58033.e.5191/elements - {"using":"css selector","value":"td"}
RESULT: {"using":"css selector","value":"td"}
COMMAND: POST /session/4e5157c5e3d60ff16ea2322a9d8395ac/element/f.F3EAD7D8D889EB61F600F49A8CF35C29.d.62F87E5B8156BAAE34E2018779F58033.e.5192/elements - {"using":"css selector","value":"td"}
RESULT: {"using":"css selector","value":"td"}
COMMAND: POST /session/4e5157c5e3d60ff16ea2322a9d8395ac/element/f.F3EAD7D8D889EB61F600F49A8CF35C29.d.62F87E5B8156BAAE34E2018779F58033.e.5193/elements - {"using":"css selector","value":"td"}
RESULT: {"using":"css selector","value":"td"}
COMMAND: POST /session/4e5157c5e3d60ff16ea2322a9d8395ac/element/f.F3EAD7D8D889EB61F600F49A8CF35C29.d.62F87E5B8156BAAE34E2018779F58033.e.5194/elements - {"using":"css selector","value":"td"}
RESULT: {"using":"css selector","value":"td"}
COMMAND: POST /session/4e5157c5e3d60ff16ea2322a9d8395ac/element/f.F3EAD7D8D889EB61F600F49A8CF35C29.d.62F87E5B8156BAAE34E2018779F58033.e.5195/elements - {"using":"css selector","value":"td"}
RESULT: {"using":"css selector","value":"td"}
COMMAND: POST /session/4e5157c5e3d60ff16ea2322a9d8395ac/element/f.F3EAD7D8D889EB61F600F49A8CF35C29.d.62F87E5B8156BAAE34E2018779F58033.e.5196/elements - {"using":"css selector","value":"td"}
RESULT: {"using":"css selector","value":"td"}
COMMAND: POST /session/4e5157c5e3d60ff16ea2322a9d8395ac/element/f.F3EAD7D8D889EB61F600F49A8CF35C29.d.62F87E5B8156BAAE34E2018779F58033.e.5197/elements - {"using":"css selector","value":"td"}
RESULT: {"using":"css selector","value":"td"}
COMMAND: POST /session/4e5157c5e3d60ff16ea2322a9d8395ac/element/f.F3EAD7D8D889EB61F600F49A8CF35C29.d.62F87E5B8156BAAE34E2018779F58033.e.5198/elements - {"using":"css selector","value":"td"}
RESULT: {"using":"css selector","value":"td"}
COMMAND: POST /session/4e5157c5e3d60ff16ea2322a9d8395ac/element/f.F3EAD7D8D889EB61F600F49A8CF35C29.d.62F87E5B8156BAAE34E2018779F58033.e.5199/elements - {"using":"css selector","value":"td"}
RESULT: {"using":"css selector","value":"td"}
COMMAND: POST /session/4e5157c5e3d60ff16ea2322a9d8395ac/element/f.F3EAD7D8D889EB61F600F49A8CF35C29.d.62F87E5B8156BAAE34E2018779F58033.e.5200/elements - {"using":"css selector","value":"td"}
RESULT: {"using":"css selector","value":"td"}
COMMAND: POST /session/4e5157c5e3d60ff16ea2322a9d8395ac/element/f.F3EAD7D8D889EB61F600F49A8CF35C29.d.62F87E5B8156BAAE34E2018779F58033.e.5201/elements - {"using":"css selector","value":"td"}
RESULT: {"using":"css selector","value":"td"}
COMMAND: POST /session/4e5157c5e3d60ff16ea2322a9d8395ac/element/f.F3EAD7D8D889EB61F600F49A8CF35C29.d.62F87E5B8156BAAE34E2018779F58033.e.5202/elements - {"using":"css selector","value":"td"}
RESULT: {"using":"css selector","value":"td"}
COMMAND: POST /session/4e5157c5e3d60ff16ea2322a9d8395ac/element/f.F3EAD7D8D889EB61F600F49A8CF35C29.d.62F87E5B8156BAAE34E2018779F58033.e.5203/elements - {"using":"css selector","value":"td"}
RESULT: {"using":"css selector","value":"td"}
COMMAND: POST /session/4e5157c5e3d60ff16ea2322a9d8395ac/element/f.F3EAD7D8D889EB61F600F49A8CF35C29.d.62F87E5B8156BAAE34E2018779F58033.e.5204/elements - {"using":"css selector","value":"td"}
RESULT: {"using":"css selector","value":"td"}
COMMAND: POST /session/4e5157c5e3d60ff16ea2322a9d8395ac/element/f.F3EAD7D8D889EB61F600F49A8CF35C29.d.62F87E5B8156BAAE34E2018779F58033.e.5205/elements - {"using":"css selector","value":"td"}
RESULT: {"using":"css selector","value":"td"}
COMMAND: POST /session/4e5157c5e3d60ff16ea2322a9d8395ac/element/f.F3EAD7D8D889EB61F600F49A8CF35C29.d.62F87E5B8156BAAE34E2018779F58033.e.5206/elements - {"using":"css selector","value":"td"}
RESULT: {"using":"css selector","value":"td"}
COMMAND: POST /session/4e5157c5e3d60ff16ea2322a9d8395ac/element/f.F3EAD7D8D889EB61F600F49A8CF35C29.d.62F87E5B8156BAAE34E2018779F58033.e.5207/elements - {"using":"css selector","value":"td"}
RESULT: {"using":"css selector","value":"td"}
COMMAND: POST /session/4e5157c5e3d60ff16ea2322a9d8395ac/element/f.F3EAD7D8D889EB61F600F49A8CF35C29.d.62F87E5B8156BAAE34E2018779F58033.e.5208/elements - {"using":"css selector","value":"td"}
RESULT: {"using":"css selector","value":"td"}
COMMAND: POST /session/4e5157c5e3d60ff16ea2322a9d8395ac/element/f.F3EAD7D8D889EB61F600F49A8CF35C29.d.62F87E5B8156BAAE34E2018779F58033.e.5209/elements - {"using":"css selector","value":"td"}
RESULT: {"using":"css selector","value":"td"}
COMMAND: POST /session/4e5157c5e3d60ff16ea2322a9d8395ac/element/f.F3EAD7D8D889EB61F600F49A8CF35C29.d.62F87E5B8156BAAE34E2018779F58033.e.5210/elements - {"using":"css selector","value":"td"}
RESULT: {"using":"css selector","value":"td"}
COMMAND: POST /session/4e5157c5e3d60ff16ea2322a9d8395ac/element/f.F3EAD7D8D889EB61F600F49A8CF35C29.d.62F87E5B8156BAAE34E2018779F58033.e.5211/elements - {"using":"css selector","value":"td"}
RESULT: {"using":"css selector","value":"td"}
COMMAND: POST /session/4e5157c5e3d60ff16ea2322a9d8395ac/element/f.F3EAD7D8D889EB61F600F49A8CF35C29.d.62F87E5B8156BAAE34E2018779F58033.e.5212/elements - {"using":"css selector","value":"td"}
RESULT: {"using":"css selector","value":"td"}
COMMAND: POST /session/4e5157c5e3d60ff16ea2322a9d8395ac/element/f.F3EAD7D8D889EB61F600F49A8CF35C29.d.62F87E5B8156BAAE34E2018779F58033.e.5213/elements - {"using":"css selector","value":"td"}
RESULT: {"using":"css selector","value":"td"}
COMMAND: POST /session/4e5157c5e3d60ff16ea2322a9d8395ac/element/f.F3EAD7D8D889EB61F600F49A8CF35C29.d.62F87E5B8156BAAE34E2018779F58033.e.5214/elements - {"using":"css selector","value":"td"}
RESULT: {"using":"css selector","value":"td"}
COMMAND: POST /session/4e5157c5e3d60ff16ea2322a9d8395ac/element/f.F3EAD7D8D889EB61F600F49A8CF35C29.d.62F87E5B8156BAAE34E2018779F58033.e.5215/elements - {"using":"css selector","value":"td"}
RESULT: {"using":"css selector","value":"td"}
COMMAND: POST /session/4e5157c5e3d60ff16ea2322a9d8395ac/element/f.F3EAD7D8D889EB61F600F49A8CF35C29.d.62F87E5B8156BAAE34E2018779F58033.e.5216/elements - {"using":"css selector","value":"td"}
RESULT: {"using":"css selector","value":"td"}
COMMAND: POST /session/4e5157c5e3d60ff16ea2322a9d8395ac/element/f.F3EAD7D8D889EB61F600F49A8CF35C29.d.62F87E5B8156BAAE34E2018779F58033.e.5217/elements - {"using":"css selector","value":"td"}
RESULT: {"using":"css selector","value":"td"}
COMMAND: POST /session/4e5157c5e3d60ff16ea2322a9d8395ac/element/f.F3EAD7D8D889EB61F600F49A8CF35C29.d.62F87E5B8156BAAE34E2018779F58033.e.5218/elements - {"using":"css selector","value":"td"}
RESULT: {"using":"css selector","value":"td"}
COMMAND: POST /session/4e5157c5e3d60ff16ea2322a9d8395ac/element/f.F3EAD7D8D889EB61F600F49A8CF35C29.d.62F87E5B8156BAAE34E2018779F58033.e.5219/elements - {"using":"css selector","value":"td"}
RESULT: {"using":"css selector","value":"td"}
COMMAND: POST /session/4e5157c5e3d60ff16ea2322a9d8395ac/element/f.F3EAD7D8D889EB61F600F49A8CF35C29.d.62F87E5B8156BAAE34E2018779F58033.e.5220/elements - {"using":"css selector","value":"td"}
RESULT: {"using":"css selector","value":"td"}
COMMAND: POST /session/4e5157c5e3d60ff16ea2322a9d8395ac/element/f.F3EAD7D8D889EB61F600F49A8CF35C29.d.62F87E5B8156BAAE34E2018779F58033.e.5221/elements - {"using":"css selector","value":"td"}
RESULT: {"using":"css selector","value":"td"}
COMMAND: POST /session/4e5157c5e3d60ff16ea2322a9d8395ac/element/f.F3EAD7D8D889EB61F600F49A8CF35C29.d.62F87E5B8156BAAE34E2018779F58033.e.5222/elements - {"using":"css selector","value":"td"}
RESULT: {"using":"css selector","value":"td"}
COMMAND: POST /session/4e5157c5e3d60ff16ea2322a9d8395ac/element/f.F3EAD7D8D889EB61F600F49A8CF35C29.d.62F87E5B8156BAAE34E2018779F58033.e.5223/elements - {"using":"css selector","value":"td"}
RESULT: {"using":"css selector","value":"td"}
COMMAND: POST /session/4e5157c5e3d60ff16ea2322a9d8395ac/element/f.F3EAD7D8D889EB61F600F49A8CF35C29.d.62F87E5B8156BAAE34E2018779F58033.e.5224/elements - {"using":"css selector","value":"td"}
RESULT: {"using":"css selector","value":"td"}
COMMAND: POST /session/4e5157c5e3d60ff16ea2322a9d8395ac/element/f.F3EAD7D8D889EB61F600F49A8CF35C29.d.62F87E5B8156BAAE34E2018779F58033.e.5225/elements - {"using":"css selector","value":"td"}
RESULT: {"using":"css selector","value":"td"}
COMMAND: POST /session/4e5157c5e3d60ff16ea2322a9d8395ac/element/f.F3EAD7D8D889EB61F600F49A8CF35C29.d.62F87E5B8156BAAE34E2018779F58033.e.5226/elements - {"using":"css selector","value":"td"}
RESULT: {"using":"css selector","value":"td"}
COMMAND: POST /session/4e5157c5e3d60ff16ea2322a9d8395ac/element/f.F3EAD7D8D889EB61F600F49A8CF35C29.d.62F87E5B8156BAAE34E2018779F58033.e.5227/elements - {"using":"css selector","value":"td"}
RESULT: {"using":"css selector","value":"td"}
COMMAND: POST /session/4e5157c5e3d60ff16ea2322a9d8395ac/element/f.F3EAD7D8D889EB61F600F49A8CF35C29.d.62F87E5B8156BAAE34E2018779F58033.e.5228/elements - {"using":"css selector","value":"td"}
RESULT: {"using":"css selector","value":"td"}
COMMAND: POST /session/4e5157c5e3d60ff16ea2322a9d8395ac/element/f.F3EAD7D8D889EB61F600F49A8CF35C29.d.62F87E5B8156BAAE34E2018779F58033.e.5229/elements - {"using":"css selector","value":"td"}
RESULT: {"using":"css selector","value":"td"}
COMMAND: POST /session/4e5157c5e3d60ff16ea2322a9d8395ac/element/f.F3EAD7D8D889EB61F600F49A8CF35C29.d.62F87E5B8156BAAE34E2018779F58033.e.5230/elements - {"using":"css selector","value":"td"}
RESULT: {"using":"css selector","value":"td"}
COMMAND: POST /session/4e5157c5e3d60ff16ea2322a9d8395ac/element/f.F3EAD7D8D889EB61F600F49A8CF35C29.d.62F87E5B8156BAAE34E2018779F58033.e.5231/elements - {"using":"css selector","value":"td"}
RESULT: {"using":"css selector","value":"td"}
COMMAND: POST /session/4e5157c5e3d60ff16ea2322a9d8395ac/element/f.F3EAD7D8D889EB61F600F49A8CF35C29.d.62F87E5B8156BAAE34E2018779F58033.e.5232/elements - {"using":"css selector","value":"td"}
RESULT: {"using":"css selector","value":"td"}
COMMAND: POST /session/4e5157c5e3d60ff16ea2322a9d8395ac/element/f.F3EAD7D8D889EB61F600F49A8CF35C29.d.62F87E5B8156BAAE34E2018779F58033.e.5233/elements - {"using":"css selector","value":"td"}
RESULT: {"using":"css selector","value":"td"}
COMMAND: POST /session/4e5157c5e3d60ff16ea2322a9d8395ac/element/f.F3EAD7D8D889EB61F600F49A8CF35C29.d.62F87E5B8156BAAE34E2018779F58033.e.5234/elements - {"using":"css selector","value":"td"}
RESULT: {"using":"css selector","value":"td"}
COMMAND: POST /session/4e5157c5e3d60ff16ea2322a9d8395ac/element/f.F3EAD7D8D889EB61F600F49A8CF35C29.d.62F87E5B8156BAAE34E2018779F58033.e.5235/elements - {"using":"css selector","value":"td"}
RESULT: {"using":"css selector","value":"td"}
COMMAND: POST /session/4e5157c5e3d60ff16ea2322a9d8395ac/element/f.F3EAD7D8D889EB61F600F49A8CF35C29.d.62F87E5B8156BAAE34E2018779F58033.e.5236/elements - {"using":"css selector","value":"td"}
RESULT: {"using":"css selector","value":"td"}
COMMAND: POST /session/4e5157c5e3d60ff16ea2322a9d8395ac/element/f.F3EAD7D8D889EB61F600F49A8CF35C29.d.62F87E5B8156BAAE34E2018779F58033.e.5237/elements - {"using":"css selector","value":"td"}
RESULT: {"using":"css selector","value":"td"}
COMMAND: POST /session/4e5157c5e3d60ff16ea2322a9d8395ac/element/f.F3EAD7D8D889EB61F600F49A8CF35C29.d.62F87E5B8156BAAE34E2018779F58033.e.5238/elements - {"using":"css selector","value":"td"}
RESULT: {"using":"css selector","value":"td"}
COMMAND: POST /session/4e5157c5e3d60ff16ea2322a9d8395ac/element/f.F3EAD7D8D889EB61F600F49A8CF35C29.d.62F87E5B8156BAAE34E2018779F58033.e.5239/elements - {"using":"css selector","value":"td"}
RESULT: {"using":"css selector","value":"td"}
COMMAND: POST /session/4e5157c5e3d60ff16ea2322a9d8395ac/element/f.F3EAD7D8D889EB61F600F49A8CF35C29.d.62F87E5B8156BAAE34E2018779F58033.e.5240/elements - {"using":"css selector","value":"td"}
RESULT: {"using":"css selector","value":"td"}
COMMAND: POST /session/4e5157c5e3d60ff16ea2322a9d8395ac/element/f.F3EAD7D8D889EB61F600F49A8CF35C29.d.62F87E5B8156BAAE34E2018779F58033.e.5241/elements - {"using":"css selector","value":"td"}
RESULT: {"using":"css selector","value":"td"}
COMMAND: POST /session/4e5157c5e3d60ff16ea2322a9d8395ac/element/f.F3EAD7D8D889EB61F600F49A8CF35C29.d.62F87E5B8156BAAE34E2018779F58033.e.5242/elements - {"using":"css selector","value":"td"}
RESULT: {"using":"css selector","value":"td"}
COMMAND: POST /session/4e5157c5e3d60ff16ea2322a9d8395ac/element/f.F3EAD7D8D889EB61F600F49A8CF35C29.d.62F87E5B8156BAAE34E2018779F58033.e.5243/elements - {"using":"css selector","value":"td"}
RESULT: {"using":"css selector","value":"td"}
COMMAND: POST /session/4e5157c5e3d60ff16ea2322a9d8395ac/element/f.F3EAD7D8D889EB61F600F49A8CF35C29.d.62F87E5B8156BAAE34E2018779F58033.e.5244/elements - {"using":"css selector","value":"td"}
RESULT: {"using":"css selector","value":"td"}
COMMAND: POST /session/4e5157c5e3d60ff16ea2322a9d8395ac/element/f.F3EAD7D8D889EB61F600F49A8CF35C29.d.62F87E5B8156BAAE34E2018779F58033.e.5245/elements - {"using":"css selector","value":"td"}
RESULT: {"using":"css selector","value":"td"}
COMMAND: POST /session/4e5157c5e3d60ff16ea2322a9d8395ac/element/f.F3EAD7D8D889EB61F600F49A8CF35C29.d.62F87E5B8156BAAE34E2018779F58033.e.5246/elements - {"using":"css selector","value":"td"}
RESULT: {"using":"css selector","value":"td"}
COMMAND: POST /session/4e5157c5e3d60ff16ea2322a9d8395ac/element/f.F3EAD7D8D889EB61F600F49A8CF35C29.d.62F87E5B8156BAAE34E2018779F58033.e.5247/elements - {"using":"css selector","value":"td"}
RESULT: {"using":"css selector","value":"td"}
COMMAND: POST /session/4e5157c5e3d60ff16ea2322a9d8395ac/element/f.F3EAD7D8D889EB61F600F49A8CF35C29.d.62F87E5B8156BAAE34E2018779F58033.e.5248/elements - {"using":"css selector","value":"td"}
RESULT: {"using":"css selector","value":"td"}
COMMAND: POST /session/4e5157c5e3d60ff16ea2322a9d8395ac/element/f.F3EAD7D8D889EB61F600F49A8CF35C29.d.62F87E5B8156BAAE34E2018779F58033.e.5249/elements - {"using":"css selector","value":"td"}
RESULT: {"using":"css selector","value":"td"}
COMMAND: POST /session/4e5157c5e3d60ff16ea2322a9d8395ac/element/f.F3EAD7D8D889EB61F600F49A8CF35C29.d.62F87E5B8156BAAE34E2018779F58033.e.5250/elements - {"using":"css selector","value":"td"}
RESULT: {"using":"css selector","value":"td"}
COMMAND: POST /session/4e5157c5e3d60ff16ea2322a9d8395ac/element/f.F3EAD7D8D889EB61F600F49A8CF35C29.d.62F87E5B8156BAAE34E2018779F58033.e.5251/elements - {"using":"css selector","value":"td"}
RESULT: {"using":"css selector","value":"td"}
COMMAND: POST /session/4e5157c5e3d60ff16ea2322a9d8395ac/element/f.F3EAD7D8D889EB61F600F49A8CF35C29.d.62F87E5B8156BAAE34E2018779F58033.e.5252/elements - {"using":"css selector","value":"td"}
RESULT: {"using":"css selector","value":"td"}
COMMAND: POST /session/4e5157c5e3d60ff16ea2322a9d8395ac/element/f.F3EAD7D8D889EB61F600F49A8CF35C29.d.62F87E5B8156BAAE34E2018779F58033.e.5253/elements - {"using":"css selector","value":"td"}
RESULT: {"using":"css selector","value":"td"}
COMMAND: POST /session/4e5157c5e3d60ff16ea2322a9d8395ac/element/f.F3EAD7D8D889EB61F600F49A8CF35C29.d.62F87E5B8156BAAE34E2018779F58033.e.5254/elements - {"using":"css selector","value":"td"}
RESULT: {"using":"css selector","value":"td"}
COMMAND: POST /session/4e5157c5e3d60ff16ea2322a9d8395ac/element/f.F3EAD7D8D889EB61F600F49A8CF35C29.d.62F87E5B8156BAAE34E2018779F58033.e.5255/elements - {"using":"css selector","value":"td"}
RESULT: {"using":"css selector","value":"td"}
COMMAND: POST /session/4e5157c5e3d60ff16ea2322a9d8395ac/element/f.F3EAD7D8D889EB61F600F49A8CF35C29.d.62F87E5B8156BAAE34E2018779F58033.e.5256/elements - {"using":"css selector","value":"td"}
RESULT: {"using":"css selector","value":"td"}
COMMAND: POST /session/4e5157c5e3d60ff16ea2322a9d8395ac/element/f.F3EAD7D8D889EB61F600F49A8CF35C29.d.62F87E5B8156BAAE34E2018779F58033.e.5257/elements - {"using":"css selector","value":"td"}
RESULT: {"using":"css selector","value":"td"}
COMMAND: POST /session/4e5157c5e3d60ff16ea2322a9d8395ac/element/f.F3EAD7D8D889EB61F600F49A8CF35C29.d.62F87E5B8156BAAE34E2018779F58033.e.5258/elements - {"using":"css selector","value":"td"}
RESULT: {"using":"css selector","value":"td"}
COMMAND: POST /session/4e5157c5e3d60ff16ea2322a9d8395ac/element/f.F3EAD7D8D889EB61F600F49A8CF35C29.d.62F87E5B8156BAAE34E2018779F58033.e.5259/elements - {"using":"css selector","value":"td"}
RESULT: {"using":"css selector","value":"td"}
COMMAND: POST /session/4e5157c5e3d60ff16ea2322a9d8395ac/element/f.F3EAD7D8D889EB61F600F49A8CF35C29.d.62F87E5B8156BAAE34E2018779F58033.e.5260/elements - {"using":"css selector","value":"td"}
RESULT: {"using":"css selector","value":"td"}
COMMAND: POST /session/4e5157c5e3d60ff16ea2322a9d8395ac/element/f.F3EAD7D8D889EB61F600F49A8CF35C29.d.62F87E5B8156BAAE34E2018779F58033.e.5261/elements - {"using":"css selector","value":"td"}
RESULT: {"using":"css selector","value":"td"}
COMMAND: POST /session/4e5157c5e3d60ff16ea2322a9d8395ac/element/f.F3EAD7D8D889EB61F600F49A8CF35C29.d.62F87E5B8156BAAE34E2018779F58033.e.5262/elements - {"using":"css selector","value":"td"}
RESULT: {"using":"css selector","value":"td"}
COMMAND: POST /session/4e5157c5e3d60ff16ea2322a9d8395ac/element/f.F3EAD7D8D889EB61F600F49A8CF35C29.d.62F87E5B8156BAAE34E2018779F58033.e.5263/elements - {"using":"css selector","value":"td"}
RESULT: {"using":"css selector","value":"td"}
COMMAND: POST /session/4e5157c5e3d60ff16ea2322a9d8395ac/element/f.F3EAD7D8D889EB61F600F49A8CF35C29.d.62F87E5B8156BAAE34E2018779F58033.e.5264/elements - {"using":"css selector","value":"td"}
RESULT: {"using":"css selector","value":"td"}
COMMAND: POST /session/4e5157c5e3d60ff16ea2322a9d8395ac/element/f.F3EAD7D8D889EB61F600F49A8CF35C29.d.62F87E5B8156BAAE34E2018779F58033.e.5265/elements - {"using":"css selector","value":"td"}
RESULT: {"using":"css selector","value":"td"}
COMMAND: POST /session/4e5157c5e3d60ff16ea2322a9d8395ac/element/f.F3EAD7D8D889EB61F600F49A8CF35C29.d.62F87E5B8156BAAE34E2018779F58033.e.5266/elements - {"using":"css selector","value":"td"}
RESULT: {"using":"css selector","value":"td"}
COMMAND: POST /session/4e5157c5e3d60ff16ea2322a9d8395ac/element/f.F3EAD7D8D889EB61F600F49A8CF35C29.d.62F87E5B8156BAAE34E2018779F58033.e.5267/elements - {"using":"css selector","value":"td"}
RESULT: {"using":"css selector","value":"td"}
COMMAND: POST /session/4e5157c5e3d60ff16ea2322a9d8395ac/element/f.F3EAD7D8D889EB61F600F49A8CF35C29.d.62F87E5B8156BAAE34E2018779F58033.e.5268/elements - {"using":"css selector","value":"td"}
RESULT: {"using":"css selector","value":"td"}
COMMAND: POST /session/4e5157c5e3d60ff16ea2322a9d8395ac/element/f.F3EAD7D8D889EB61F600F49A8CF35C29.d.62F87E5B8156BAAE34E2018779F58033.e.5269/elements - {"using":"css selector","value":"td"}
RESULT: {"using":"css selector","value":"td"}
COMMAND: POST /session/4e5157c5e3d60ff16ea2322a9d8395ac/element/f.F3EAD7D8D889EB61F600F49A8CF35C29.d.62F87E5B8156BAAE34E2018779F58033.e.5270/elements - {"using":"css selector","value":"td"}
RESULT: {"using":"css selector","value":"td"}
COMMAND: POST /session/4e5157c5e3d60ff16ea2322a9d8395ac/element/f.F3EAD7D8D889EB61F600F49A8CF35C29.d.62F87E5B8156BAAE34E2018779F58033.e.5271/elements - {"using":"css selector","value":"td"}
RESULT: {"using":"css selector","value":"td"}
COMMAND: POST /session/4e5157c5e3d60ff16ea2322a9d8395ac/element/f.F3EAD7D8D889EB61F600F49A8CF35C29.d.62F87E5B8156BAAE34E2018779F58033.e.5272/elements - {"using":"css selector","value":"td"}
RESULT: {"using":"css selector","value":"td"}
COMMAND: POST /session/4e5157c5e3d60ff16ea2322a9d8395ac/element/f.F3EAD7D8D889EB61F600F49A8CF35C29.d.62F87E5B8156BAAE34E2018779F58033.e.5273/elements - {"using":"css selector","value":"td"}
RESULT: {"using":"css selector","value":"td"}
COMMAND: POST /session/4e5157c5e3d60ff16ea2322a9d8395ac/element/f.F3EAD7D8D889EB61F600F49A8CF35C29.d.62F87E5B8156BAAE34E2018779F58033.e.5274/elements - {"using":"css selector","value":"td"}
RESULT: {"using":"css selector","value":"td"}
COMMAND: POST /session/4e5157c5e3d60ff16ea2322a9d8395ac/element/f.F3EAD7D8D889EB61F600F49A8CF35C29.d.62F87E5B8156BAAE34E2018779F58033.e.5275/elements - {"using":"css selector","value":"td"}
RESULT: {"using":"css selector","value":"td"}
COMMAND: POST /session/4e5157c5e3d60ff16ea2322a9d8395ac/element/f.F3EAD7D8D889EB61F600F49A8CF35C29.d.62F87E5B8156BAAE34E2018779F58033.e.5276/elements - {"using":"css selector","value":"td"}
RESULT: {"using":"css selector","value":"td"}
COMMAND: POST /session/4e5157c5e3d60ff16ea2322a9d8395ac/element/f.F3EAD7D8D889EB61F600F49A8CF35C29.d.62F87E5B8156BAAE34E2018779F58033.e.5277/elements - {"using":"css selector","value":"td"}
RESULT: {"using":"css selector","value":"td"}
COMMAND: POST /session/4e5157c5e3d60ff16ea2322a9d8395ac/element/f.F3EAD7D8D889EB61F600F49A8CF35C29.d.62F87E5B8156BAAE34E2018779F58033.e.5278/elements - {"using":"css selector","value":"td"}
RESULT: {"using":"css selector","value":"td"}
COMMAND: POST /session/4e5157c5e3d60ff16ea2322a9d8395ac/element/f.F3EAD7D8D889EB61F600F49A8CF35C29.d.62F87E5B8156BAAE34E2018779F58033.e.5279/elements - {"using":"css selector","value":"td"}
RESULT: {"using":"css selector","value":"td"}
COMMAND: POST /session/4e5157c5e3d60ff16ea2322a9d8395ac/element/f.F3EAD7D8D889EB61F600F49A8CF35C29.d.62F87E5B8156BAAE34E2018779F58033.e.5280/elements - {"using":"css selector","value":"td"}
RESULT: {"using":"css selector","value":"td"}
COMMAND: POST /session/4e5157c5e3d60ff16ea2322a9d8395ac/element/f.F3EAD7D8D889EB61F600F49A8CF35C29.d.62F87E5B8156BAAE34E2018779F58033.e.5281/elements - {"using":"css selector","value":"td"}
RESULT: {"using":"css selector","value":"td"}
COMMAND: POST /session/4e5157c5e3d60ff16ea2322a9d8395ac/element/f.F3EAD7D8D889EB61F600F49A8CF35C29.d.62F87E5B8156BAAE34E2018779F58033.e.5282/elements - {"using":"css selector","value":"td"}
RESULT: {"using":"css selector","value":"td"}
COMMAND: POST /session/4e5157c5e3d60ff16ea2322a9d8395ac/element/f.F3EAD7D8D889EB61F600F49A8CF35C29.d.62F87E5B8156BAAE34E2018779F58033.e.5283/elements - {"using":"css selector","value":"td"}
RESULT: {"using":"css selector","value":"td"}
COMMAND: POST /session/4e5157c5e3d60ff16ea2322a9d8395ac/element/f.F3EAD7D8D889EB61F600F49A8CF35C29.d.62F87E5B8156BAAE34E2018779F58033.e.5284/elements - {"using":"css selector","value":"td"}
RESULT: {"using":"css selector","value":"td"}
COMMAND: POST /session/4e5157c5e3d60ff16ea2322a9d8395ac/element/f.F3EAD7D8D889EB61F600F49A8CF35C29.d.62F87E5B8156BAAE34E2018779F58033.e.5285/elements - {"using":"css selector","value":"td"}
RESULT: {"using":"css selector","value":"td"}
COMMAND: POST /session/4e5157c5e3d60ff16ea2322a9d8395ac/element/f.F3EAD7D8D889EB61F600F49A8CF35C29.d.62F87E5B8156BAAE34E2018779F58033.e.5286/elements - {"using":"css selector","value":"td"}
RESULT: {"using":"css selector","value":"td"}
COMMAND: POST /session/4e5157c5e3d60ff16ea2322a9d8395ac/element/f.F3EAD7D8D889EB61F600F49A8CF35C29.d.62F87E5B8156BAAE34E2018779F58033.e.5287/elements - {"using":"css selector","value":"td"}
RESULT: {"using":"css selector","value":"td"}
COMMAND: POST /session/4e5157c5e3d60ff16ea2322a9d8395ac/element/f.F3EAD7D8D889EB61F600F49A8CF35C29.d.62F87E5B8156BAAE34E2018779F58033.e.5288/elements - {"using":"css selector","value":"td"}
RESULT: {"using":"css selector","value":"td"}
COMMAND: POST /session/4e5157c5e3d60ff16ea2322a9d8395ac/element/f.F3EAD7D8D889EB61F600F49A8CF35C29.d.62F87E5B8156BAAE34E2018779F58033.e.5289/elements - {"using":"css selector","value":"td"}
RESULT: {"using":"css selector","value":"td"}
COMMAND: POST /session/4e5157c5e3d60ff16ea2322a9d8395ac/element/f.F3EAD7D8D889EB61F600F49A8CF35C29.d.62F87E5B8156BAAE34E2018779F58033.e.5290/elements - {"using":"css selector","value":"td"}
RESULT: {"using":"css selector","value":"td"}
COMMAND: POST /session/4e5157c5e3d60ff16ea2322a9d8395ac/element/f.F3EAD7D8D889EB61F600F49A8CF35C29.d.62F87E5B8156BAAE34E2018779F58033.e.5291/elements - {"using":"css selector","value":"td"}
RESULT: {"using":"css selector","value":"td"}
COMMAND: POST /session/4e5157c5e3d60ff16ea2322a9d8395ac/element/f.F3EAD7D8D889EB61F600F49A8CF35C29.d.62F87E5B8156BAAE34E2018779F58033.e.5292/elements - {"using":"css selector","value":"td"}
RESULT: {"using":"css selector","value":"td"}
COMMAND: POST /session/4e5157c5e3d60ff16ea2322a9d8395ac/element/f.F3EAD7D8D889EB61F600F49A8CF35C29.d.62F87E5B8156BAAE34E2018779F58033.e.5293/elements - {"using":"css selector","value":"td"}
RESULT: {"using":"css selector","value":"td"}
COMMAND: POST /session/4e5157c5e3d60ff16ea2322a9d8395ac/element/f.F3EAD7D8D889EB61F600F49A8CF35C29.d.62F87E5B8156BAAE34E2018779F58033.e.5294/elements - {"using":"css selector","value":"td"}
RESULT: {"using":"css selector","value":"td"}
COMMAND: POST /session/4e5157c5e3d60ff16ea2322a9d8395ac/element/f.F3EAD7D8D889EB61F600F49A8CF35C29.d.62F87E5B8156BAAE34E2018779F58033.e.5295/elements - {"using":"css selector","value":"td"}
RESULT: {"using":"css selector","value":"td"}
COMMAND: POST /session/4e5157c5e3d60ff16ea2322a9d8395ac/element/f.F3EAD7D8D889EB61F600F49A8CF35C29.d.62F87E5B8156BAAE34E2018779F58033.e.5296/elements - {"using":"css selector","value":"td"}
RESULT: {"using":"css selector","value":"td"}
COMMAND: POST /session/4e5157c5e3d60ff16ea2322a9d8395ac/element/f.F3EAD7D8D889EB61F600F49A8CF35C29.d.62F87E5B8156BAAE34E2018779F58033.e.5297/elements - {"using":"css selector","value":"td"}
RESULT: {"using":"css selector","value":"td"}
COMMAND: POST /session/4e5157c5e3d60ff16ea2322a9d8395ac/element/f.F3EAD7D8D889EB61F600F49A8CF35C29.d.62F87E5B8156BAAE34E2018779F58033.e.5298/elements - {"using":"css selector","value":"td"}
RESULT: {"using":"css selector","value":"td"}
COMMAND: POST /session/4e5157c5e3d60ff16ea2322a9d8395ac/element/f.F3EAD7D8D889EB61F600F49A8CF35C29.d.62F87E5B8156BAAE34E2018779F58033.e.5299/elements - {"using":"css selector","value":"td"}
RESULT: {"using":"css selector","value":"td"}
COMMAND: POST /session/4e5157c5e3d60ff16ea2322a9d8395ac/element/f.F3EAD7D8D889EB61F600F49A8CF35C29.d.62F87E5B8156BAAE34E2018779F58033.e.5300/elements - {"using":"css selector","value":"td"}
RESULT: {"using":"css selector","value":"td"}
COMMAND: POST /session/4e5157c5e3d60ff16ea2322a9d8395ac/element/f.F3EAD7D8D889EB61F600F49A8CF35C29.d.62F87E5B8156BAAE34E2018779F58033.e.5301/elements - {"using":"css selector","value":"td"}
RESULT: {"using":"css selector","value":"td"}
COMMAND: POST /session/4e5157c5e3d60ff16ea2322a9d8395ac/element/f.F3EAD7D8D889EB61F600F49A8CF35C29.d.62F87E5B8156BAAE34E2018779F58033.e.6156/element - {"using":"css selector","value":"input"}
RESULT: {"using":"css selector","value":"input"}
COMMAND: GET /session/4e5157c5e3d60ff16ea2322a9d8395ac/element/f.F3EAD7D8D889EB61F600F49A8CF35C29.d.62F87E5B8156BAAE34E2018779F58033.e.5082/property/value - {}
RESULT: {}
COMMAND: POST /session/4e5157c5e3d60ff16ea2322a9d8395ac/element/f.F3EAD7D8D889EB61F600F49A8CF35C29.d.62F87E5B8156BAAE34E2018779F58033.e.5301/element - {"using":"css selector","value":".sapMCbBg"}
COMMAND: GET /session/4e5157c5e3d60ff16ea2322a9d8395ac/screenshot - {}
RESULT: {"using":"css selector","value":".sapMCbBg"}
COMMAND: GET /session/4e5157c5e3d60ff16ea2322a9d8395ac/element/f.F3EAD7D8D889EB61F600F49A8CF35C29.d.62F87E5B8156BAAE34E2018779F58033.e.6161/selected - {}
RESULT: {}
RESULT: {}
COMMAND: POST /session/4e5157c5e3d60ff16ea2322a9d8395ac/element/f.F3EAD7D8D889EB61F600F49A8CF35C29.d.62F87E5B8156BAAE34E2018779F58033.e.6161/click - {}
COMMAND: GET /session/4e5157c5e3d60ff16ea2322a9d8395ac/screenshot - {}
RESULT: {}
COMMAND: POST /session/4e5157c5e3d60ff16ea2322a9d8395ac/element/f.F3EAD7D8D889EB61F600F49A8CF35C29.d.62F87E5B8156BAAE34E2018779F58033.e.5302/elements - {"using":"css selector","value":"td"}
COMMAND: GET /session/4e5157c5e3d60ff16ea2322a9d8395ac/screenshot - {}
RESULT: {}
RESULT: {"using":"css selector","value":"td"}
COMMAND: POST /session/4e5157c5e3d60ff16ea2322a9d8395ac/element/f.F3EAD7D8D889EB61F600F49A8CF35C29.d.62F87E5B8156BAAE34E2018779F58033.e.6167/element - {"using":"css selector","value":"input"}
RESULT: {}
RESULT: {"using":"css selector","value":"input"}
COMMAND: GET /session/4e5157c5e3d60ff16ea2322a9d8395ac/element/f.F3EAD7D8D889EB61F600F49A8CF35C29.d.62F87E5B8156BAAE34E2018779F58033.e.5087/property/value - {}
RESULT: {}
COMMAND: POST /session/4e5157c5e3d60ff16ea2322a9d8395ac/element/f.F3EAD7D8D889EB61F600F49A8CF35C29.d.62F87E5B8156BAAE34E2018779F58033.e.5302/element - {"using":"css selector","value":".sapMCbBg"}
COMMAND: GET /session/4e5157c5e3d60ff16ea2322a9d8395ac/screenshot - {}
RESULT: {"using":"css selector","value":".sapMCbBg"}
COMMAND: GET /session/4e5157c5e3d60ff16ea2322a9d8395ac/element/f.F3EAD7D8D889EB61F600F49A8CF35C29.d.62F87E5B8156BAAE34E2018779F58033.e.6172/selected - {}
RESULT: {}
RESULT: {}
COMMAND: POST /session/4e5157c5e3d60ff16ea2322a9d8395ac/element/f.F3EAD7D8D889EB61F600F49A8CF35C29.d.62F87E5B8156BAAE34E2018779F58033.e.6172/click - {}
COMMAND: GET /session/4e5157c5e3d60ff16ea2322a9d8395ac/screenshot - {}
RESULT: {}
COMMAND: POST /session/4e5157c5e3d60ff16ea2322a9d8395ac/element/f.F3EAD7D8D889EB61F600F49A8CF35C29.d.62F87E5B8156BAAE34E2018779F58033.e.5303/elements - {"using":"css selector","value":"td"}
COMMAND: GET /session/4e5157c5e3d60ff16ea2322a9d8395ac/screenshot - {}
RESULT: {}
RESULT: {"using":"css selector","value":"td"}
COMMAND: POST /session/4e5157c5e3d60ff16ea2322a9d8395ac/element/f.F3EAD7D8D889EB61F600F49A8CF35C29.d.62F87E5B8156BAAE34E2018779F58033.e.5325/element - {"using":"css selector","value":"input"}
RESULT: {}
RESULT: {"using":"css selector","value":"input"}
COMMAND: GET /session/4e5157c5e3d60ff16ea2322a9d8395ac/element/f.F3EAD7D8D889EB61F600F49A8CF35C29.d.62F87E5B8156BAAE34E2018779F58033.e.5308/property/value - {}
RESULT: {}
COMMAND: POST /session/4e5157c5e3d60ff16ea2322a9d8395ac/element/f.F3EAD7D8D889EB61F600F49A8CF35C29.d.62F87E5B8156BAAE34E2018779F58033.e.5303/element - {"using":"css selector","value":".sapMCbBg"}
COMMAND: GET /session/4e5157c5e3d60ff16ea2322a9d8395ac/screenshot - {}
RESULT: {"using":"css selector","value":".sapMCbBg"}
COMMAND: GET /session/4e5157c5e3d60ff16ea2322a9d8395ac/element/f.F3EAD7D8D889EB61F600F49A8CF35C29.d.62F87E5B8156BAAE34E2018779F58033.e.6177/selected - {}
RESULT: {}
RESULT: {}
COMMAND: POST /session/4e5157c5e3d60ff16ea2322a9d8395ac/element/f.F3EAD7D8D889EB61F600F49A8CF35C29.d.62F87E5B8156BAAE34E2018779F58033.e.6177/click - {}
COMMAND: GET /session/4e5157c5e3d60ff16ea2322a9d8395ac/screenshot - {}
RESULT: {}
COMMAND: POST /session/4e5157c5e3d60ff16ea2322a9d8395ac/element/f.F3EAD7D8D889EB61F600F49A8CF35C29.d.62F87E5B8156BAAE34E2018779F58033.e.5337/elements - {"using":"css selector","value":"td"}
COMMAND: GET /session/4e5157c5e3d60ff16ea2322a9d8395ac/screenshot - {}
RESULT: {}
RESULT: {}
RESULT: {"using":"css selector","value":"td"}
COMMAND: POST /session/4e5157c5e3d60ff16ea2322a9d8395ac/element/f.F3EAD7D8D889EB61F600F49A8CF35C29.d.62F87E5B8156BAAE34E2018779F58033.e.5360/element - {"using":"css selector","value":"input"}
RESULT: {"using":"css selector","value":"input"}
COMMAND: GET /session/4e5157c5e3d60ff16ea2322a9d8395ac/element/f.F3EAD7D8D889EB61F600F49A8CF35C29.d.62F87E5B8156BAAE34E2018779F58033.e.5342/property/value - {}
RESULT: {}
COMMAND: POST /session/4e5157c5e3d60ff16ea2322a9d8395ac/element/f.F3EAD7D8D889EB61F600F49A8CF35C29.d.62F87E5B8156BAAE34E2018779F58033.e.5337/element - {"using":"css selector","value":".sapMCbBg"}
COMMAND: GET /session/4e5157c5e3d60ff16ea2322a9d8395ac/screenshot - {}
RESULT: {"using":"css selector","value":".sapMCbBg"}
COMMAND: GET /session/4e5157c5e3d60ff16ea2322a9d8395ac/element/f.F3EAD7D8D889EB61F600F49A8CF35C29.d.62F87E5B8156BAAE34E2018779F58033.e.6181/selected - {}
RESULT: {}
RESULT: {}
COMMAND: POST /session/4e5157c5e3d60ff16ea2322a9d8395ac/element/f.F3EAD7D8D889EB61F600F49A8CF35C29.d.62F87E5B8156BAAE34E2018779F58033.e.6181/click - {}
COMMAND: GET /session/4e5157c5e3d60ff16ea2322a9d8395ac/screenshot - {}
RESULT: {}
COMMAND: GET /session/4e5157c5e3d60ff16ea2322a9d8395ac/screenshot - {}
RESULT: {}
RESULT: {}
COMMAND: POST /session/4e5157c5e3d60ff16ea2322a9d8395ac/execute/async - {"script":"<script> [1562 bytes]","args":[{"selector":{"id":"application-manageconditionprice-display-component---dailyPrices--deleteBtn","interaction":{"idSuffix":"content"}},"wdio_ui5_key":"applicationmanageconditionprice-display-component---dailyPrices--deleteBtn"}]}
RESULT: {"script":"<script> [1562 bytes]","args":[{"selector":{"id":"application-manageconditionprice-display-component---dailyPrices--deleteBtn","interaction":{"idSuffix":"content"}},"wdio_ui5_key":"applicationmanageconditionprice-display-component---dailyPrices--deleteBtn"}]}
RESULT: undefined
COMMAND: POST /session/4e5157c5e3d60ff16ea2322a9d8395ac/element - {"using":"xpath","value":"//*[@id=\"application-manageconditionprice-display-component---dailyPrices--deleteBtn\"]"}
RESULT: {"using":"xpath","value":"//*[@id=\"application-manageconditionprice-display-component---dailyPrices--deleteBtn\"]"}
COMMAND: POST /session/4e5157c5e3d60ff16ea2322a9d8395ac/element/f.F3EAD7D8D889EB61F600F49A8CF35C29.d.62F87E5B8156BAAE34E2018779F58033.e.6183/click - {}
RESULT: {}
COMMAND: POST /session/4e5157c5e3d60ff16ea2322a9d8395ac/execute/async - {"script":"<script> [1562 bytes]","args":[{"selector":{"controlType":"sap.m.Button","properties":{"text":"OK"},"searchOpenDialogs":true,"interaction":{"idSuffix":"BDI-content"}},"wdio_ui5_key":"sapm.Button{\"text\":\"OK\"}"}]}
COMMAND: GET /session/4e5157c5e3d60ff16ea2322a9d8395ac/screenshot - {}
RESULT: {"script":"<script> [1562 bytes]","args":[{"selector":{"controlType":"sap.m.Button","properties":{"text":"OK"},"searchOpenDialogs":true,"interaction":{"idSuffix":"BDI-content"}},"wdio_ui5_key":"sapm.Button{\"text\":\"OK\"}"}]}
RESULT: undefined
COMMAND: POST /session/4e5157c5e3d60ff16ea2322a9d8395ac/element - {"using":"xpath","value":"//*[@id=\"__mbox-btn-0\"]"}
RESULT: {}
RESULT: {"using":"xpath","value":"//*[@id=\"__mbox-btn-0\"]"}
COMMAND: POST /session/4e5157c5e3d60ff16ea2322a9d8395ac/element/f.F3EAD7D8D889EB61F600F49A8CF35C29.d.62F87E5B8156BAAE34E2018779F58033.e.6184/click - {}
RESULT: {}
COMMAND: GET /session/4e5157c5e3d60ff16ea2322a9d8395ac/screenshot - {}
RESULT: {}
RESULT: undefined
COMMAND: POST /session/4e5157c5e3d60ff16ea2322a9d8395ac/element - {"using":"xpath","value":"//*[@id=\"__button115\"]"}
RESULT: {"using":"xpath","value":"//*[@id=\"__button115\"]"}
COMMAND: POST /session/4e5157c5e3d60ff16ea2322a9d8395ac/element/f.F3EAD7D8D889EB61F600F49A8CF35C29.d.62F87E5B8156BAAE34E2018779F58033.e.5400/click - {}
RESULT: {}
COMMAND: GET /session/4e5157c5e3d60ff16ea2322a9d8395ac/screenshot - {}
RESULT: {}
COMMAND: POST /session/4e5157c5e3d60ff16ea2322a9d8395ac/elements - {"using":"css selector","value":"table tr"}
RESULT: {"using":"css selector","value":"table tr"}
COMMAND: POST /session/4e5157c5e3d60ff16ea2322a9d8395ac/element/f.F3EAD7D8D889EB61F600F49A8CF35C29.d.62F87E5B8156BAAE34E2018779F58033.e.5119/elements - {"using":"css selector","value":"td"}
RESULT: {"using":"css selector","value":"td"}
COMMAND: POST /session/4e5157c5e3d60ff16ea2322a9d8395ac/element/f.F3EAD7D8D889EB61F600F49A8CF35C29.d.62F87E5B8156BAAE34E2018779F58033.e.5120/elements - {"using":"css selector","value":"td"}
RESULT: {"using":"css selector","value":"td"}
COMMAND: POST /session/4e5157c5e3d60ff16ea2322a9d8395ac/element/f.F3EAD7D8D889EB61F600F49A8CF35C29.d.62F87E5B8156BAAE34E2018779F58033.e.5121/elements - {"using":"css selector","value":"td"}
RESULT: {"using":"css selector","value":"td"}
COMMAND: POST /session/4e5157c5e3d60ff16ea2322a9d8395ac/element/f.F3EAD7D8D889EB61F600F49A8CF35C29.d.62F87E5B8156BAAE34E2018779F58033.e.4987/elements - {"using":"css selector","value":"td"}
RESULT: {"using":"css selector","value":"td"}
COMMAND: POST /session/4e5157c5e3d60ff16ea2322a9d8395ac/element/f.F3EAD7D8D889EB61F600F49A8CF35C29.d.62F87E5B8156BAAE34E2018779F58033.e.4988/elements - {"using":"css selector","value":"td"}
RESULT: {"using":"css selector","value":"td"}
COMMAND: POST /session/4e5157c5e3d60ff16ea2322a9d8395ac/element/f.F3EAD7D8D889EB61F600F49A8CF35C29.d.62F87E5B8156BAAE34E2018779F58033.e.4998/elements - {"using":"css selector","value":"td"}
RESULT: {"using":"css selector","value":"td"}
COMMAND: POST /session/4e5157c5e3d60ff16ea2322a9d8395ac/element/f.F3EAD7D8D889EB61F600F49A8CF35C29.d.62F87E5B8156BAAE34E2018779F58033.e.4999/elements - {"using":"css selector","value":"td"}
RESULT: {"using":"css selector","value":"td"}
COMMAND: POST /session/4e5157c5e3d60ff16ea2322a9d8395ac/element/f.F3EAD7D8D889EB61F600F49A8CF35C29.d.62F87E5B8156BAAE34E2018779F58033.e.5006/elements - {"using":"css selector","value":"td"}
RESULT: {"using":"css selector","value":"td"}
COMMAND: POST /session/4e5157c5e3d60ff16ea2322a9d8395ac/element/f.F3EAD7D8D889EB61F600F49A8CF35C29.d.62F87E5B8156BAAE34E2018779F58033.e.5007/elements - {"using":"css selector","value":"td"}
RESULT: {"using":"css selector","value":"td"}
COMMAND: POST /session/4e5157c5e3d60ff16ea2322a9d8395ac/element/f.F3EAD7D8D889EB61F600F49A8CF35C29.d.62F87E5B8156BAAE34E2018779F58033.e.5017/elements - {"using":"css selector","value":"td"}
RESULT: {"using":"css selector","value":"td"}
COMMAND: POST /session/4e5157c5e3d60ff16ea2322a9d8395ac/element/f.F3EAD7D8D889EB61F600F49A8CF35C29.d.62F87E5B8156BAAE34E2018779F58033.e.5122/elements - {"using":"css selector","value":"td"}
RESULT: {"using":"css selector","value":"td"}
COMMAND: POST /session/4e5157c5e3d60ff16ea2322a9d8395ac/element/f.F3EAD7D8D889EB61F600F49A8CF35C29.d.62F87E5B8156BAAE34E2018779F58033.e.5123/elements - {"using":"css selector","value":"td"}
RESULT: {"using":"css selector","value":"td"}
COMMAND: POST /session/4e5157c5e3d60ff16ea2322a9d8395ac/element/f.F3EAD7D8D889EB61F600F49A8CF35C29.d.62F87E5B8156BAAE34E2018779F58033.e.5124/elements - {"using":"css selector","value":"td"}
RESULT: {"using":"css selector","value":"td"}
COMMAND: POST /session/4e5157c5e3d60ff16ea2322a9d8395ac/element/f.F3EAD7D8D889EB61F600F49A8CF35C29.d.62F87E5B8156BAAE34E2018779F58033.e.5125/elements - {"using":"css selector","value":"td"}
RESULT: {"using":"css selector","value":"td"}
COMMAND: POST /session/4e5157c5e3d60ff16ea2322a9d8395ac/element/f.F3EAD7D8D889EB61F600F49A8CF35C29.d.62F87E5B8156BAAE34E2018779F58033.e.5126/elements - {"using":"css selector","value":"td"}
RESULT: {"using":"css selector","value":"td"}
COMMAND: POST /session/4e5157c5e3d60ff16ea2322a9d8395ac/element/f.F3EAD7D8D889EB61F600F49A8CF35C29.d.62F87E5B8156BAAE34E2018779F58033.e.5127/elements - {"using":"css selector","value":"td"}
RESULT: {"using":"css selector","value":"td"}
COMMAND: POST /session/4e5157c5e3d60ff16ea2322a9d8395ac/element/f.F3EAD7D8D889EB61F600F49A8CF35C29.d.62F87E5B8156BAAE34E2018779F58033.e.5128/elements - {"using":"css selector","value":"td"}
RESULT: {"using":"css selector","value":"td"}
COMMAND: POST /session/4e5157c5e3d60ff16ea2322a9d8395ac/element/f.F3EAD7D8D889EB61F600F49A8CF35C29.d.62F87E5B8156BAAE34E2018779F58033.e.5129/elements - {"using":"css selector","value":"td"}
RESULT: {"using":"css selector","value":"td"}
COMMAND: POST /session/4e5157c5e3d60ff16ea2322a9d8395ac/element/f.F3EAD7D8D889EB61F600F49A8CF35C29.d.62F87E5B8156BAAE34E2018779F58033.e.5130/elements - {"using":"css selector","value":"td"}
RESULT: {"using":"css selector","value":"td"}
COMMAND: POST /session/4e5157c5e3d60ff16ea2322a9d8395ac/element/f.F3EAD7D8D889EB61F600F49A8CF35C29.d.62F87E5B8156BAAE34E2018779F58033.e.5131/elements - {"using":"css selector","value":"td"}
RESULT: {"using":"css selector","value":"td"}
COMMAND: POST /session/4e5157c5e3d60ff16ea2322a9d8395ac/element/f.F3EAD7D8D889EB61F600F49A8CF35C29.d.62F87E5B8156BAAE34E2018779F58033.e.5132/elements - {"using":"css selector","value":"td"}
RESULT: {"using":"css selector","value":"td"}
COMMAND: POST /session/4e5157c5e3d60ff16ea2322a9d8395ac/element/f.F3EAD7D8D889EB61F600F49A8CF35C29.d.62F87E5B8156BAAE34E2018779F58033.e.5133/elements - {"using":"css selector","value":"td"}
RESULT: {"using":"css selector","value":"td"}
COMMAND: POST /session/4e5157c5e3d60ff16ea2322a9d8395ac/element/f.F3EAD7D8D889EB61F600F49A8CF35C29.d.62F87E5B8156BAAE34E2018779F58033.e.5134/elements - {"using":"css selector","value":"td"}
RESULT: {"using":"css selector","value":"td"}
COMMAND: POST /session/4e5157c5e3d60ff16ea2322a9d8395ac/element/f.F3EAD7D8D889EB61F600F49A8CF35C29.d.62F87E5B8156BAAE34E2018779F58033.e.5135/elements - {"using":"css selector","value":"td"}
RESULT: {"using":"css selector","value":"td"}
COMMAND: POST /session/4e5157c5e3d60ff16ea2322a9d8395ac/element/f.F3EAD7D8D889EB61F600F49A8CF35C29.d.62F87E5B8156BAAE34E2018779F58033.e.5136/elements - {"using":"css selector","value":"td"}
RESULT: {"using":"css selector","value":"td"}
COMMAND: POST /session/4e5157c5e3d60ff16ea2322a9d8395ac/element/f.F3EAD7D8D889EB61F600F49A8CF35C29.d.62F87E5B8156BAAE34E2018779F58033.e.5137/elements - {"using":"css selector","value":"td"}
RESULT: {"using":"css selector","value":"td"}
COMMAND: POST /session/4e5157c5e3d60ff16ea2322a9d8395ac/element/f.F3EAD7D8D889EB61F600F49A8CF35C29.d.62F87E5B8156BAAE34E2018779F58033.e.5138/elements - {"using":"css selector","value":"td"}
RESULT: {"using":"css selector","value":"td"}
COMMAND: POST /session/4e5157c5e3d60ff16ea2322a9d8395ac/element/f.F3EAD7D8D889EB61F600F49A8CF35C29.d.62F87E5B8156BAAE34E2018779F58033.e.5139/elements - {"using":"css selector","value":"td"}
RESULT: {"using":"css selector","value":"td"}
COMMAND: POST /session/4e5157c5e3d60ff16ea2322a9d8395ac/element/f.F3EAD7D8D889EB61F600F49A8CF35C29.d.62F87E5B8156BAAE34E2018779F58033.e.5140/elements - {"using":"css selector","value":"td"}
RESULT: {"using":"css selector","value":"td"}
COMMAND: POST /session/4e5157c5e3d60ff16ea2322a9d8395ac/element/f.F3EAD7D8D889EB61F600F49A8CF35C29.d.62F87E5B8156BAAE34E2018779F58033.e.5141/elements - {"using":"css selector","value":"td"}
RESULT: {"using":"css selector","value":"td"}
COMMAND: POST /session/4e5157c5e3d60ff16ea2322a9d8395ac/element/f.F3EAD7D8D889EB61F600F49A8CF35C29.d.62F87E5B8156BAAE34E2018779F58033.e.5142/elements - {"using":"css selector","value":"td"}
RESULT: {"using":"css selector","value":"td"}
COMMAND: POST /session/4e5157c5e3d60ff16ea2322a9d8395ac/element/f.F3EAD7D8D889EB61F600F49A8CF35C29.d.62F87E5B8156BAAE34E2018779F58033.e.5143/elements - {"using":"css selector","value":"td"}
RESULT: {"using":"css selector","value":"td"}
COMMAND: POST /session/4e5157c5e3d60ff16ea2322a9d8395ac/element/f.F3EAD7D8D889EB61F600F49A8CF35C29.d.62F87E5B8156BAAE34E2018779F58033.e.5144/elements - {"using":"css selector","value":"td"}
RESULT: {"using":"css selector","value":"td"}
COMMAND: POST /session/4e5157c5e3d60ff16ea2322a9d8395ac/element/f.F3EAD7D8D889EB61F600F49A8CF35C29.d.62F87E5B8156BAAE34E2018779F58033.e.5145/elements - {"using":"css selector","value":"td"}
RESULT: {"using":"css selector","value":"td"}
COMMAND: POST /session/4e5157c5e3d60ff16ea2322a9d8395ac/element/f.F3EAD7D8D889EB61F600F49A8CF35C29.d.62F87E5B8156BAAE34E2018779F58033.e.5146/elements - {"using":"css selector","value":"td"}
RESULT: {"using":"css selector","value":"td"}
COMMAND: POST /session/4e5157c5e3d60ff16ea2322a9d8395ac/element/f.F3EAD7D8D889EB61F600F49A8CF35C29.d.62F87E5B8156BAAE34E2018779F58033.e.5147/elements - {"using":"css selector","value":"td"}
RESULT: {"using":"css selector","value":"td"}
COMMAND: POST /session/4e5157c5e3d60ff16ea2322a9d8395ac/element/f.F3EAD7D8D889EB61F600F49A8CF35C29.d.62F87E5B8156BAAE34E2018779F58033.e.5148/elements - {"using":"css selector","value":"td"}
RESULT: {"using":"css selector","value":"td"}
COMMAND: POST /session/4e5157c5e3d60ff16ea2322a9d8395ac/element/f.F3EAD7D8D889EB61F600F49A8CF35C29.d.62F87E5B8156BAAE34E2018779F58033.e.5149/elements - {"using":"css selector","value":"td"}
RESULT: {"using":"css selector","value":"td"}
COMMAND: POST /session/4e5157c5e3d60ff16ea2322a9d8395ac/element/f.F3EAD7D8D889EB61F600F49A8CF35C29.d.62F87E5B8156BAAE34E2018779F58033.e.5150/elements - {"using":"css selector","value":"td"}
RESULT: {"using":"css selector","value":"td"}
COMMAND: POST /session/4e5157c5e3d60ff16ea2322a9d8395ac/element/f.F3EAD7D8D889EB61F600F49A8CF35C29.d.62F87E5B8156BAAE34E2018779F58033.e.5151/elements - {"using":"css selector","value":"td"}
RESULT: {"using":"css selector","value":"td"}
COMMAND: POST /session/4e5157c5e3d60ff16ea2322a9d8395ac/element/f.F3EAD7D8D889EB61F600F49A8CF35C29.d.62F87E5B8156BAAE34E2018779F58033.e.5152/elements - {"using":"css selector","value":"td"}
RESULT: {"using":"css selector","value":"td"}
COMMAND: POST /session/4e5157c5e3d60ff16ea2322a9d8395ac/element/f.F3EAD7D8D889EB61F600F49A8CF35C29.d.62F87E5B8156BAAE34E2018779F58033.e.5153/elements - {"using":"css selector","value":"td"}
RESULT: {"using":"css selector","value":"td"}
COMMAND: POST /session/4e5157c5e3d60ff16ea2322a9d8395ac/element/f.F3EAD7D8D889EB61F600F49A8CF35C29.d.62F87E5B8156BAAE34E2018779F58033.e.5154/elements - {"using":"css selector","value":"td"}
RESULT: {"using":"css selector","value":"td"}
COMMAND: POST /session/4e5157c5e3d60ff16ea2322a9d8395ac/element/f.F3EAD7D8D889EB61F600F49A8CF35C29.d.62F87E5B8156BAAE34E2018779F58033.e.5155/elements - {"using":"css selector","value":"td"}
RESULT: {"using":"css selector","value":"td"}
COMMAND: POST /session/4e5157c5e3d60ff16ea2322a9d8395ac/element/f.F3EAD7D8D889EB61F600F49A8CF35C29.d.62F87E5B8156BAAE34E2018779F58033.e.5156/elements - {"using":"css selector","value":"td"}
RESULT: {"using":"css selector","value":"td"}
COMMAND: POST /session/4e5157c5e3d60ff16ea2322a9d8395ac/element/f.F3EAD7D8D889EB61F600F49A8CF35C29.d.62F87E5B8156BAAE34E2018779F58033.e.5157/elements - {"using":"css selector","value":"td"}
RESULT: {"using":"css selector","value":"td"}
COMMAND: POST /session/4e5157c5e3d60ff16ea2322a9d8395ac/element/f.F3EAD7D8D889EB61F600F49A8CF35C29.d.62F87E5B8156BAAE34E2018779F58033.e.5158/elements - {"using":"css selector","value":"td"}
RESULT: {"using":"css selector","value":"td"}
COMMAND: POST /session/4e5157c5e3d60ff16ea2322a9d8395ac/element/f.F3EAD7D8D889EB61F600F49A8CF35C29.d.62F87E5B8156BAAE34E2018779F58033.e.5159/elements - {"using":"css selector","value":"td"}
RESULT: {"using":"css selector","value":"td"}
COMMAND: POST /session/4e5157c5e3d60ff16ea2322a9d8395ac/element/f.F3EAD7D8D889EB61F600F49A8CF35C29.d.62F87E5B8156BAAE34E2018779F58033.e.5160/elements - {"using":"css selector","value":"td"}
RESULT: {"using":"css selector","value":"td"}
COMMAND: POST /session/4e5157c5e3d60ff16ea2322a9d8395ac/element/f.F3EAD7D8D889EB61F600F49A8CF35C29.d.62F87E5B8156BAAE34E2018779F58033.e.5161/elements - {"using":"css selector","value":"td"}
RESULT: {"using":"css selector","value":"td"}
COMMAND: POST /session/4e5157c5e3d60ff16ea2322a9d8395ac/element/f.F3EAD7D8D889EB61F600F49A8CF35C29.d.62F87E5B8156BAAE34E2018779F58033.e.5162/elements - {"using":"css selector","value":"td"}
RESULT: {"using":"css selector","value":"td"}
COMMAND: POST /session/4e5157c5e3d60ff16ea2322a9d8395ac/element/f.F3EAD7D8D889EB61F600F49A8CF35C29.d.62F87E5B8156BAAE34E2018779F58033.e.5163/elements - {"using":"css selector","value":"td"}
RESULT: {"using":"css selector","value":"td"}
COMMAND: POST /session/4e5157c5e3d60ff16ea2322a9d8395ac/element/f.F3EAD7D8D889EB61F600F49A8CF35C29.d.62F87E5B8156BAAE34E2018779F58033.e.5164/elements - {"using":"css selector","value":"td"}
RESULT: {"using":"css selector","value":"td"}
COMMAND: POST /session/4e5157c5e3d60ff16ea2322a9d8395ac/element/f.F3EAD7D8D889EB61F600F49A8CF35C29.d.62F87E5B8156BAAE34E2018779F58033.e.5165/elements - {"using":"css selector","value":"td"}
RESULT: {"using":"css selector","value":"td"}
COMMAND: POST /session/4e5157c5e3d60ff16ea2322a9d8395ac/element/f.F3EAD7D8D889EB61F600F49A8CF35C29.d.62F87E5B8156BAAE34E2018779F58033.e.5166/elements - {"using":"css selector","value":"td"}
RESULT: {"using":"css selector","value":"td"}
COMMAND: POST /session/4e5157c5e3d60ff16ea2322a9d8395ac/element/f.F3EAD7D8D889EB61F600F49A8CF35C29.d.62F87E5B8156BAAE34E2018779F58033.e.5167/elements - {"using":"css selector","value":"td"}
RESULT: {"using":"css selector","value":"td"}
COMMAND: POST /session/4e5157c5e3d60ff16ea2322a9d8395ac/element/f.F3EAD7D8D889EB61F600F49A8CF35C29.d.62F87E5B8156BAAE34E2018779F58033.e.5168/elements - {"using":"css selector","value":"td"}
RESULT: {"using":"css selector","value":"td"}
COMMAND: POST /session/4e5157c5e3d60ff16ea2322a9d8395ac/element/f.F3EAD7D8D889EB61F600F49A8CF35C29.d.62F87E5B8156BAAE34E2018779F58033.e.5169/elements - {"using":"css selector","value":"td"}
RESULT: {"using":"css selector","value":"td"}
COMMAND: POST /session/4e5157c5e3d60ff16ea2322a9d8395ac/element/f.F3EAD7D8D889EB61F600F49A8CF35C29.d.62F87E5B8156BAAE34E2018779F58033.e.5170/elements - {"using":"css selector","value":"td"}
RESULT: {"using":"css selector","value":"td"}
COMMAND: POST /session/4e5157c5e3d60ff16ea2322a9d8395ac/element/f.F3EAD7D8D889EB61F600F49A8CF35C29.d.62F87E5B8156BAAE34E2018779F58033.e.5171/elements - {"using":"css selector","value":"td"}
RESULT: {"using":"css selector","value":"td"}
COMMAND: POST /session/4e5157c5e3d60ff16ea2322a9d8395ac/element/f.F3EAD7D8D889EB61F600F49A8CF35C29.d.62F87E5B8156BAAE34E2018779F58033.e.5172/elements - {"using":"css selector","value":"td"}
RESULT: {"using":"css selector","value":"td"}
COMMAND: POST /session/4e5157c5e3d60ff16ea2322a9d8395ac/element/f.F3EAD7D8D889EB61F600F49A8CF35C29.d.62F87E5B8156BAAE34E2018779F58033.e.5173/elements - {"using":"css selector","value":"td"}
RESULT: {"using":"css selector","value":"td"}
COMMAND: POST /session/4e5157c5e3d60ff16ea2322a9d8395ac/element/f.F3EAD7D8D889EB61F600F49A8CF35C29.d.62F87E5B8156BAAE34E2018779F58033.e.5174/elements - {"using":"css selector","value":"td"}
RESULT: {"using":"css selector","value":"td"}
COMMAND: POST /session/4e5157c5e3d60ff16ea2322a9d8395ac/element/f.F3EAD7D8D889EB61F600F49A8CF35C29.d.62F87E5B8156BAAE34E2018779F58033.e.5175/elements - {"using":"css selector","value":"td"}
RESULT: {"using":"css selector","value":"td"}
COMMAND: POST /session/4e5157c5e3d60ff16ea2322a9d8395ac/element/f.F3EAD7D8D889EB61F600F49A8CF35C29.d.62F87E5B8156BAAE34E2018779F58033.e.5176/elements - {"using":"css selector","value":"td"}
RESULT: {"using":"css selector","value":"td"}
COMMAND: POST /session/4e5157c5e3d60ff16ea2322a9d8395ac/element/f.F3EAD7D8D889EB61F600F49A8CF35C29.d.62F87E5B8156BAAE34E2018779F58033.e.5177/elements - {"using":"css selector","value":"td"}
RESULT: {"using":"css selector","value":"td"}
COMMAND: POST /session/4e5157c5e3d60ff16ea2322a9d8395ac/element/f.F3EAD7D8D889EB61F600F49A8CF35C29.d.62F87E5B8156BAAE34E2018779F58033.e.5178/elements - {"using":"css selector","value":"td"}
RESULT: {"using":"css selector","value":"td"}
COMMAND: POST /session/4e5157c5e3d60ff16ea2322a9d8395ac/element/f.F3EAD7D8D889EB61F600F49A8CF35C29.d.62F87E5B8156BAAE34E2018779F58033.e.5179/elements - {"using":"css selector","value":"td"}
RESULT: {"using":"css selector","value":"td"}
COMMAND: POST /session/4e5157c5e3d60ff16ea2322a9d8395ac/element/f.F3EAD7D8D889EB61F600F49A8CF35C29.d.62F87E5B8156BAAE34E2018779F58033.e.5180/elements - {"using":"css selector","value":"td"}
RESULT: {"using":"css selector","value":"td"}
COMMAND: POST /session/4e5157c5e3d60ff16ea2322a9d8395ac/element/f.F3EAD7D8D889EB61F600F49A8CF35C29.d.62F87E5B8156BAAE34E2018779F58033.e.5181/elements - {"using":"css selector","value":"td"}
RESULT: {"using":"css selector","value":"td"}
COMMAND: POST /session/4e5157c5e3d60ff16ea2322a9d8395ac/element/f.F3EAD7D8D889EB61F600F49A8CF35C29.d.62F87E5B8156BAAE34E2018779F58033.e.5182/elements - {"using":"css selector","value":"td"}
RESULT: {"using":"css selector","value":"td"}
COMMAND: POST /session/4e5157c5e3d60ff16ea2322a9d8395ac/element/f.F3EAD7D8D889EB61F600F49A8CF35C29.d.62F87E5B8156BAAE34E2018779F58033.e.5183/elements - {"using":"css selector","value":"td"}
RESULT: {"using":"css selector","value":"td"}
COMMAND: POST /session/4e5157c5e3d60ff16ea2322a9d8395ac/element/f.F3EAD7D8D889EB61F600F49A8CF35C29.d.62F87E5B8156BAAE34E2018779F58033.e.5184/elements - {"using":"css selector","value":"td"}
RESULT: {"using":"css selector","value":"td"}
COMMAND: POST /session/4e5157c5e3d60ff16ea2322a9d8395ac/element/f.F3EAD7D8D889EB61F600F49A8CF35C29.d.62F87E5B8156BAAE34E2018779F58033.e.5185/elements - {"using":"css selector","value":"td"}
RESULT: {"using":"css selector","value":"td"}
COMMAND: POST /session/4e5157c5e3d60ff16ea2322a9d8395ac/element/f.F3EAD7D8D889EB61F600F49A8CF35C29.d.62F87E5B8156BAAE34E2018779F58033.e.5186/elements - {"using":"css selector","value":"td"}
RESULT: {"using":"css selector","value":"td"}
COMMAND: POST /session/4e5157c5e3d60ff16ea2322a9d8395ac/element/f.F3EAD7D8D889EB61F600F49A8CF35C29.d.62F87E5B8156BAAE34E2018779F58033.e.5187/elements - {"using":"css selector","value":"td"}
RESULT: {"using":"css selector","value":"td"}
COMMAND: POST /session/4e5157c5e3d60ff16ea2322a9d8395ac/element/f.F3EAD7D8D889EB61F600F49A8CF35C29.d.62F87E5B8156BAAE34E2018779F58033.e.5188/elements - {"using":"css selector","value":"td"}
RESULT: {"using":"css selector","value":"td"}
COMMAND: POST /session/4e5157c5e3d60ff16ea2322a9d8395ac/element/f.F3EAD7D8D889EB61F600F49A8CF35C29.d.62F87E5B8156BAAE34E2018779F58033.e.5189/elements - {"using":"css selector","value":"td"}
RESULT: {"using":"css selector","value":"td"}
COMMAND: POST /session/4e5157c5e3d60ff16ea2322a9d8395ac/element/f.F3EAD7D8D889EB61F600F49A8CF35C29.d.62F87E5B8156BAAE34E2018779F58033.e.5190/elements - {"using":"css selector","value":"td"}
RESULT: {"using":"css selector","value":"td"}
COMMAND: POST /session/4e5157c5e3d60ff16ea2322a9d8395ac/element/f.F3EAD7D8D889EB61F600F49A8CF35C29.d.62F87E5B8156BAAE34E2018779F58033.e.5191/elements - {"using":"css selector","value":"td"}
RESULT: {"using":"css selector","value":"td"}
COMMAND: POST /session/4e5157c5e3d60ff16ea2322a9d8395ac/element/f.F3EAD7D8D889EB61F600F49A8CF35C29.d.62F87E5B8156BAAE34E2018779F58033.e.5192/elements - {"using":"css selector","value":"td"}
RESULT: {"using":"css selector","value":"td"}
COMMAND: POST /session/4e5157c5e3d60ff16ea2322a9d8395ac/element/f.F3EAD7D8D889EB61F600F49A8CF35C29.d.62F87E5B8156BAAE34E2018779F58033.e.5193/elements - {"using":"css selector","value":"td"}
RESULT: {"using":"css selector","value":"td"}
COMMAND: POST /session/4e5157c5e3d60ff16ea2322a9d8395ac/element/f.F3EAD7D8D889EB61F600F49A8CF35C29.d.62F87E5B8156BAAE34E2018779F58033.e.5194/elements - {"using":"css selector","value":"td"}
RESULT: {"using":"css selector","value":"td"}
COMMAND: POST /session/4e5157c5e3d60ff16ea2322a9d8395ac/element/f.F3EAD7D8D889EB61F600F49A8CF35C29.d.62F87E5B8156BAAE34E2018779F58033.e.5195/elements - {"using":"css selector","value":"td"}
RESULT: {"using":"css selector","value":"td"}
COMMAND: POST /session/4e5157c5e3d60ff16ea2322a9d8395ac/element/f.F3EAD7D8D889EB61F600F49A8CF35C29.d.62F87E5B8156BAAE34E2018779F58033.e.5196/elements - {"using":"css selector","value":"td"}
RESULT: {"using":"css selector","value":"td"}
COMMAND: POST /session/4e5157c5e3d60ff16ea2322a9d8395ac/element/f.F3EAD7D8D889EB61F600F49A8CF35C29.d.62F87E5B8156BAAE34E2018779F58033.e.5197/elements - {"using":"css selector","value":"td"}
RESULT: {"using":"css selector","value":"td"}
COMMAND: POST /session/4e5157c5e3d60ff16ea2322a9d8395ac/element/f.F3EAD7D8D889EB61F600F49A8CF35C29.d.62F87E5B8156BAAE34E2018779F58033.e.5198/elements - {"using":"css selector","value":"td"}
RESULT: {"using":"css selector","value":"td"}
COMMAND: POST /session/4e5157c5e3d60ff16ea2322a9d8395ac/element/f.F3EAD7D8D889EB61F600F49A8CF35C29.d.62F87E5B8156BAAE34E2018779F58033.e.5199/elements - {"using":"css selector","value":"td"}
RESULT: {"using":"css selector","value":"td"}
COMMAND: POST /session/4e5157c5e3d60ff16ea2322a9d8395ac/element/f.F3EAD7D8D889EB61F600F49A8CF35C29.d.62F87E5B8156BAAE34E2018779F58033.e.5200/elements - {"using":"css selector","value":"td"}
RESULT: {"using":"css selector","value":"td"}
COMMAND: POST /session/4e5157c5e3d60ff16ea2322a9d8395ac/element/f.F3EAD7D8D889EB61F600F49A8CF35C29.d.62F87E5B8156BAAE34E2018779F58033.e.5201/elements - {"using":"css selector","value":"td"}
RESULT: {"using":"css selector","value":"td"}
COMMAND: POST /session/4e5157c5e3d60ff16ea2322a9d8395ac/element/f.F3EAD7D8D889EB61F600F49A8CF35C29.d.62F87E5B8156BAAE34E2018779F58033.e.5202/elements - {"using":"css selector","value":"td"}
RESULT: {"using":"css selector","value":"td"}
COMMAND: POST /session/4e5157c5e3d60ff16ea2322a9d8395ac/element/f.F3EAD7D8D889EB61F600F49A8CF35C29.d.62F87E5B8156BAAE34E2018779F58033.e.5203/elements - {"using":"css selector","value":"td"}
RESULT: {"using":"css selector","value":"td"}
COMMAND: POST /session/4e5157c5e3d60ff16ea2322a9d8395ac/element/f.F3EAD7D8D889EB61F600F49A8CF35C29.d.62F87E5B8156BAAE34E2018779F58033.e.5204/elements - {"using":"css selector","value":"td"}
RESULT: {"using":"css selector","value":"td"}
COMMAND: POST /session/4e5157c5e3d60ff16ea2322a9d8395ac/element/f.F3EAD7D8D889EB61F600F49A8CF35C29.d.62F87E5B8156BAAE34E2018779F58033.e.5205/elements - {"using":"css selector","value":"td"}
RESULT: {"using":"css selector","value":"td"}
COMMAND: POST /session/4e5157c5e3d60ff16ea2322a9d8395ac/element/f.F3EAD7D8D889EB61F600F49A8CF35C29.d.62F87E5B8156BAAE34E2018779F58033.e.5206/elements - {"using":"css selector","value":"td"}
RESULT: {"using":"css selector","value":"td"}
COMMAND: POST /session/4e5157c5e3d60ff16ea2322a9d8395ac/element/f.F3EAD7D8D889EB61F600F49A8CF35C29.d.62F87E5B8156BAAE34E2018779F58033.e.5207/elements - {"using":"css selector","value":"td"}
RESULT: {"using":"css selector","value":"td"}
COMMAND: POST /session/4e5157c5e3d60ff16ea2322a9d8395ac/element/f.F3EAD7D8D889EB61F600F49A8CF35C29.d.62F87E5B8156BAAE34E2018779F58033.e.5208/elements - {"using":"css selector","value":"td"}
RESULT: {"using":"css selector","value":"td"}
COMMAND: POST /session/4e5157c5e3d60ff16ea2322a9d8395ac/element/f.F3EAD7D8D889EB61F600F49A8CF35C29.d.62F87E5B8156BAAE34E2018779F58033.e.5209/elements - {"using":"css selector","value":"td"}
RESULT: {"using":"css selector","value":"td"}
COMMAND: POST /session/4e5157c5e3d60ff16ea2322a9d8395ac/element/f.F3EAD7D8D889EB61F600F49A8CF35C29.d.62F87E5B8156BAAE34E2018779F58033.e.5210/elements - {"using":"css selector","value":"td"}
RESULT: {"using":"css selector","value":"td"}
COMMAND: POST /session/4e5157c5e3d60ff16ea2322a9d8395ac/element/f.F3EAD7D8D889EB61F600F49A8CF35C29.d.62F87E5B8156BAAE34E2018779F58033.e.5211/elements - {"using":"css selector","value":"td"}
RESULT: {"using":"css selector","value":"td"}
COMMAND: POST /session/4e5157c5e3d60ff16ea2322a9d8395ac/element/f.F3EAD7D8D889EB61F600F49A8CF35C29.d.62F87E5B8156BAAE34E2018779F58033.e.5212/elements - {"using":"css selector","value":"td"}
RESULT: {"using":"css selector","value":"td"}
COMMAND: POST /session/4e5157c5e3d60ff16ea2322a9d8395ac/element/f.F3EAD7D8D889EB61F600F49A8CF35C29.d.62F87E5B8156BAAE34E2018779F58033.e.5213/elements - {"using":"css selector","value":"td"}
RESULT: {"using":"css selector","value":"td"}
COMMAND: POST /session/4e5157c5e3d60ff16ea2322a9d8395ac/element/f.F3EAD7D8D889EB61F600F49A8CF35C29.d.62F87E5B8156BAAE34E2018779F58033.e.5214/elements - {"using":"css selector","value":"td"}
RESULT: {"using":"css selector","value":"td"}
COMMAND: POST /session/4e5157c5e3d60ff16ea2322a9d8395ac/element/f.F3EAD7D8D889EB61F600F49A8CF35C29.d.62F87E5B8156BAAE34E2018779F58033.e.5215/elements - {"using":"css selector","value":"td"}
RESULT: {"using":"css selector","value":"td"}
COMMAND: POST /session/4e5157c5e3d60ff16ea2322a9d8395ac/element/f.F3EAD7D8D889EB61F600F49A8CF35C29.d.62F87E5B8156BAAE34E2018779F58033.e.5216/elements - {"using":"css selector","value":"td"}
RESULT: {"using":"css selector","value":"td"}
COMMAND: POST /session/4e5157c5e3d60ff16ea2322a9d8395ac/element/f.F3EAD7D8D889EB61F600F49A8CF35C29.d.62F87E5B8156BAAE34E2018779F58033.e.5217/elements - {"using":"css selector","value":"td"}
RESULT: {"using":"css selector","value":"td"}
COMMAND: POST /session/4e5157c5e3d60ff16ea2322a9d8395ac/element/f.F3EAD7D8D889EB61F600F49A8CF35C29.d.62F87E5B8156BAAE34E2018779F58033.e.5218/elements - {"using":"css selector","value":"td"}
RESULT: {"using":"css selector","value":"td"}
COMMAND: POST /session/4e5157c5e3d60ff16ea2322a9d8395ac/element/f.F3EAD7D8D889EB61F600F49A8CF35C29.d.62F87E5B8156BAAE34E2018779F58033.e.5219/elements - {"using":"css selector","value":"td"}
RESULT: {"using":"css selector","value":"td"}
COMMAND: POST /session/4e5157c5e3d60ff16ea2322a9d8395ac/element/f.F3EAD7D8D889EB61F600F49A8CF35C29.d.62F87E5B8156BAAE34E2018779F58033.e.5220/elements - {"using":"css selector","value":"td"}
RESULT: {"using":"css selector","value":"td"}
COMMAND: POST /session/4e5157c5e3d60ff16ea2322a9d8395ac/element/f.F3EAD7D8D889EB61F600F49A8CF35C29.d.62F87E5B8156BAAE34E2018779F58033.e.5221/elements - {"using":"css selector","value":"td"}
RESULT: {"using":"css selector","value":"td"}
COMMAND: POST /session/4e5157c5e3d60ff16ea2322a9d8395ac/element/f.F3EAD7D8D889EB61F600F49A8CF35C29.d.62F87E5B8156BAAE34E2018779F58033.e.5222/elements - {"using":"css selector","value":"td"}
RESULT: {"using":"css selector","value":"td"}
COMMAND: POST /session/4e5157c5e3d60ff16ea2322a9d8395ac/element/f.F3EAD7D8D889EB61F600F49A8CF35C29.d.62F87E5B8156BAAE34E2018779F58033.e.5223/elements - {"using":"css selector","value":"td"}
RESULT: {"using":"css selector","value":"td"}
COMMAND: POST /session/4e5157c5e3d60ff16ea2322a9d8395ac/element/f.F3EAD7D8D889EB61F600F49A8CF35C29.d.62F87E5B8156BAAE34E2018779F58033.e.5224/elements - {"using":"css selector","value":"td"}
RESULT: {"using":"css selector","value":"td"}
COMMAND: POST /session/4e5157c5e3d60ff16ea2322a9d8395ac/element/f.F3EAD7D8D889EB61F600F49A8CF35C29.d.62F87E5B8156BAAE34E2018779F58033.e.5225/elements - {"using":"css selector","value":"td"}
RESULT: {"using":"css selector","value":"td"}
COMMAND: POST /session/4e5157c5e3d60ff16ea2322a9d8395ac/element/f.F3EAD7D8D889EB61F600F49A8CF35C29.d.62F87E5B8156BAAE34E2018779F58033.e.5226/elements - {"using":"css selector","value":"td"}
RESULT: {"using":"css selector","value":"td"}
COMMAND: POST /session/4e5157c5e3d60ff16ea2322a9d8395ac/element/f.F3EAD7D8D889EB61F600F49A8CF35C29.d.62F87E5B8156BAAE34E2018779F58033.e.5227/elements - {"using":"css selector","value":"td"}
RESULT: {"using":"css selector","value":"td"}
COMMAND: POST /session/4e5157c5e3d60ff16ea2322a9d8395ac/element/f.F3EAD7D8D889EB61F600F49A8CF35C29.d.62F87E5B8156BAAE34E2018779F58033.e.5228/elements - {"using":"css selector","value":"td"}
RESULT: {"using":"css selector","value":"td"}
COMMAND: POST /session/4e5157c5e3d60ff16ea2322a9d8395ac/element/f.F3EAD7D8D889EB61F600F49A8CF35C29.d.62F87E5B8156BAAE34E2018779F58033.e.5229/elements - {"using":"css selector","value":"td"}
RESULT: {"using":"css selector","value":"td"}
COMMAND: POST /session/4e5157c5e3d60ff16ea2322a9d8395ac/element/f.F3EAD7D8D889EB61F600F49A8CF35C29.d.62F87E5B8156BAAE34E2018779F58033.e.5230/elements - {"using":"css selector","value":"td"}
RESULT: {"using":"css selector","value":"td"}
COMMAND: POST /session/4e5157c5e3d60ff16ea2322a9d8395ac/element/f.F3EAD7D8D889EB61F600F49A8CF35C29.d.62F87E5B8156BAAE34E2018779F58033.e.5231/elements - {"using":"css selector","value":"td"}
RESULT: {"using":"css selector","value":"td"}
COMMAND: POST /session/4e5157c5e3d60ff16ea2322a9d8395ac/element/f.F3EAD7D8D889EB61F600F49A8CF35C29.d.62F87E5B8156BAAE34E2018779F58033.e.5232/elements - {"using":"css selector","value":"td"}
RESULT: {"using":"css selector","value":"td"}
COMMAND: POST /session/4e5157c5e3d60ff16ea2322a9d8395ac/element/f.F3EAD7D8D889EB61F600F49A8CF35C29.d.62F87E5B8156BAAE34E2018779F58033.e.5233/elements - {"using":"css selector","value":"td"}
RESULT: {"using":"css selector","value":"td"}
COMMAND: POST /session/4e5157c5e3d60ff16ea2322a9d8395ac/element/f.F3EAD7D8D889EB61F600F49A8CF35C29.d.62F87E5B8156BAAE34E2018779F58033.e.5234/elements - {"using":"css selector","value":"td"}
RESULT: {"using":"css selector","value":"td"}
COMMAND: POST /session/4e5157c5e3d60ff16ea2322a9d8395ac/element/f.F3EAD7D8D889EB61F600F49A8CF35C29.d.62F87E5B8156BAAE34E2018779F58033.e.5235/elements - {"using":"css selector","value":"td"}
RESULT: {"using":"css selector","value":"td"}
COMMAND: POST /session/4e5157c5e3d60ff16ea2322a9d8395ac/element/f.F3EAD7D8D889EB61F600F49A8CF35C29.d.62F87E5B8156BAAE34E2018779F58033.e.5236/elements - {"using":"css selector","value":"td"}
RESULT: {"using":"css selector","value":"td"}
COMMAND: POST /session/4e5157c5e3d60ff16ea2322a9d8395ac/element/f.F3EAD7D8D889EB61F600F49A8CF35C29.d.62F87E5B8156BAAE34E2018779F58033.e.5237/elements - {"using":"css selector","value":"td"}
RESULT: {"using":"css selector","value":"td"}
COMMAND: POST /session/4e5157c5e3d60ff16ea2322a9d8395ac/element/f.F3EAD7D8D889EB61F600F49A8CF35C29.d.62F87E5B8156BAAE34E2018779F58033.e.5238/elements - {"using":"css selector","value":"td"}
RESULT: {"using":"css selector","value":"td"}
COMMAND: POST /session/4e5157c5e3d60ff16ea2322a9d8395ac/element/f.F3EAD7D8D889EB61F600F49A8CF35C29.d.62F87E5B8156BAAE34E2018779F58033.e.5239/elements - {"using":"css selector","value":"td"}
RESULT: {"using":"css selector","value":"td"}
COMMAND: POST /session/4e5157c5e3d60ff16ea2322a9d8395ac/element/f.F3EAD7D8D889EB61F600F49A8CF35C29.d.62F87E5B8156BAAE34E2018779F58033.e.5240/elements - {"using":"css selector","value":"td"}
RESULT: {"using":"css selector","value":"td"}
COMMAND: POST /session/4e5157c5e3d60ff16ea2322a9d8395ac/element/f.F3EAD7D8D889EB61F600F49A8CF35C29.d.62F87E5B8156BAAE34E2018779F58033.e.5241/elements - {"using":"css selector","value":"td"}
RESULT: {"using":"css selector","value":"td"}
COMMAND: POST /session/4e5157c5e3d60ff16ea2322a9d8395ac/element/f.F3EAD7D8D889EB61F600F49A8CF35C29.d.62F87E5B8156BAAE34E2018779F58033.e.5242/elements - {"using":"css selector","value":"td"}
RESULT: {"using":"css selector","value":"td"}
COMMAND: POST /session/4e5157c5e3d60ff16ea2322a9d8395ac/element/f.F3EAD7D8D889EB61F600F49A8CF35C29.d.62F87E5B8156BAAE34E2018779F58033.e.5243/elements - {"using":"css selector","value":"td"}
RESULT: {"using":"css selector","value":"td"}
COMMAND: POST /session/4e5157c5e3d60ff16ea2322a9d8395ac/element/f.F3EAD7D8D889EB61F600F49A8CF35C29.d.62F87E5B8156BAAE34E2018779F58033.e.5244/elements - {"using":"css selector","value":"td"}
RESULT: {"using":"css selector","value":"td"}
COMMAND: POST /session/4e5157c5e3d60ff16ea2322a9d8395ac/element/f.F3EAD7D8D889EB61F600F49A8CF35C29.d.62F87E5B8156BAAE34E2018779F58033.e.5245/elements - {"using":"css selector","value":"td"}
RESULT: {"using":"css selector","value":"td"}
COMMAND: POST /session/4e5157c5e3d60ff16ea2322a9d8395ac/element/f.F3EAD7D8D889EB61F600F49A8CF35C29.d.62F87E5B8156BAAE34E2018779F58033.e.5246/elements - {"using":"css selector","value":"td"}
RESULT: {"using":"css selector","value":"td"}
COMMAND: POST /session/4e5157c5e3d60ff16ea2322a9d8395ac/element/f.F3EAD7D8D889EB61F600F49A8CF35C29.d.62F87E5B8156BAAE34E2018779F58033.e.5247/elements - {"using":"css selector","value":"td"}
RESULT: {"using":"css selector","value":"td"}
COMMAND: POST /session/4e5157c5e3d60ff16ea2322a9d8395ac/element/f.F3EAD7D8D889EB61F600F49A8CF35C29.d.62F87E5B8156BAAE34E2018779F58033.e.5248/elements - {"using":"css selector","value":"td"}
RESULT: {"using":"css selector","value":"td"}
COMMAND: POST /session/4e5157c5e3d60ff16ea2322a9d8395ac/element/f.F3EAD7D8D889EB61F600F49A8CF35C29.d.62F87E5B8156BAAE34E2018779F58033.e.5249/elements - {"using":"css selector","value":"td"}
RESULT: {"using":"css selector","value":"td"}
COMMAND: POST /session/4e5157c5e3d60ff16ea2322a9d8395ac/element/f.F3EAD7D8D889EB61F600F49A8CF35C29.d.62F87E5B8156BAAE34E2018779F58033.e.5250/elements - {"using":"css selector","value":"td"}
RESULT: {"using":"css selector","value":"td"}
COMMAND: POST /session/4e5157c5e3d60ff16ea2322a9d8395ac/element/f.F3EAD7D8D889EB61F600F49A8CF35C29.d.62F87E5B8156BAAE34E2018779F58033.e.5251/elements - {"using":"css selector","value":"td"}
RESULT: {"using":"css selector","value":"td"}
COMMAND: POST /session/4e5157c5e3d60ff16ea2322a9d8395ac/element/f.F3EAD7D8D889EB61F600F49A8CF35C29.d.62F87E5B8156BAAE34E2018779F58033.e.5252/elements - {"using":"css selector","value":"td"}
RESULT: {"using":"css selector","value":"td"}
COMMAND: POST /session/4e5157c5e3d60ff16ea2322a9d8395ac/element/f.F3EAD7D8D889EB61F600F49A8CF35C29.d.62F87E5B8156BAAE34E2018779F58033.e.5253/elements - {"using":"css selector","value":"td"}
RESULT: {"using":"css selector","value":"td"}
COMMAND: POST /session/4e5157c5e3d60ff16ea2322a9d8395ac/element/f.F3EAD7D8D889EB61F600F49A8CF35C29.d.62F87E5B8156BAAE34E2018779F58033.e.5254/elements - {"using":"css selector","value":"td"}
RESULT: {"using":"css selector","value":"td"}
COMMAND: POST /session/4e5157c5e3d60ff16ea2322a9d8395ac/element/f.F3EAD7D8D889EB61F600F49A8CF35C29.d.62F87E5B8156BAAE34E2018779F58033.e.5255/elements - {"using":"css selector","value":"td"}
RESULT: {"using":"css selector","value":"td"}
COMMAND: POST /session/4e5157c5e3d60ff16ea2322a9d8395ac/element/f.F3EAD7D8D889EB61F600F49A8CF35C29.d.62F87E5B8156BAAE34E2018779F58033.e.5256/elements - {"using":"css selector","value":"td"}
RESULT: {"using":"css selector","value":"td"}
COMMAND: POST /session/4e5157c5e3d60ff16ea2322a9d8395ac/element/f.F3EAD7D8D889EB61F600F49A8CF35C29.d.62F87E5B8156BAAE34E2018779F58033.e.5257/elements - {"using":"css selector","value":"td"}
RESULT: {"using":"css selector","value":"td"}
COMMAND: POST /session/4e5157c5e3d60ff16ea2322a9d8395ac/element/f.F3EAD7D8D889EB61F600F49A8CF35C29.d.62F87E5B8156BAAE34E2018779F58033.e.5258/elements - {"using":"css selector","value":"td"}
RESULT: {"using":"css selector","value":"td"}
COMMAND: POST /session/4e5157c5e3d60ff16ea2322a9d8395ac/element/f.F3EAD7D8D889EB61F600F49A8CF35C29.d.62F87E5B8156BAAE34E2018779F58033.e.5259/elements - {"using":"css selector","value":"td"}
RESULT: {"using":"css selector","value":"td"}
COMMAND: POST /session/4e5157c5e3d60ff16ea2322a9d8395ac/element/f.F3EAD7D8D889EB61F600F49A8CF35C29.d.62F87E5B8156BAAE34E2018779F58033.e.5260/elements - {"using":"css selector","value":"td"}
RESULT: {"using":"css selector","value":"td"}
COMMAND: POST /session/4e5157c5e3d60ff16ea2322a9d8395ac/element/f.F3EAD7D8D889EB61F600F49A8CF35C29.d.62F87E5B8156BAAE34E2018779F58033.e.5261/elements - {"using":"css selector","value":"td"}
RESULT: {"using":"css selector","value":"td"}
COMMAND: POST /session/4e5157c5e3d60ff16ea2322a9d8395ac/element/f.F3EAD7D8D889EB61F600F49A8CF35C29.d.62F87E5B8156BAAE34E2018779F58033.e.5262/elements - {"using":"css selector","value":"td"}
RESULT: {"using":"css selector","value":"td"}
COMMAND: POST /session/4e5157c5e3d60ff16ea2322a9d8395ac/element/f.F3EAD7D8D889EB61F600F49A8CF35C29.d.62F87E5B8156BAAE34E2018779F58033.e.5263/elements - {"using":"css selector","value":"td"}
RESULT: {"using":"css selector","value":"td"}
COMMAND: POST /session/4e5157c5e3d60ff16ea2322a9d8395ac/element/f.F3EAD7D8D889EB61F600F49A8CF35C29.d.62F87E5B8156BAAE34E2018779F58033.e.5264/elements - {"using":"css selector","value":"td"}
RESULT: {"using":"css selector","value":"td"}
COMMAND: POST /session/4e5157c5e3d60ff16ea2322a9d8395ac/element/f.F3EAD7D8D889EB61F600F49A8CF35C29.d.62F87E5B8156BAAE34E2018779F58033.e.5265/elements - {"using":"css selector","value":"td"}
RESULT: {"using":"css selector","value":"td"}
COMMAND: POST /session/4e5157c5e3d60ff16ea2322a9d8395ac/element/f.F3EAD7D8D889EB61F600F49A8CF35C29.d.62F87E5B8156BAAE34E2018779F58033.e.5266/elements - {"using":"css selector","value":"td"}
RESULT: {"using":"css selector","value":"td"}
COMMAND: POST /session/4e5157c5e3d60ff16ea2322a9d8395ac/element/f.F3EAD7D8D889EB61F600F49A8CF35C29.d.62F87E5B8156BAAE34E2018779F58033.e.5267/elements - {"using":"css selector","value":"td"}
RESULT: {"using":"css selector","value":"td"}
COMMAND: POST /session/4e5157c5e3d60ff16ea2322a9d8395ac/element/f.F3EAD7D8D889EB61F600F49A8CF35C29.d.62F87E5B8156BAAE34E2018779F58033.e.5268/elements - {"using":"css selector","value":"td"}
RESULT: {"using":"css selector","value":"td"}
COMMAND: POST /session/4e5157c5e3d60ff16ea2322a9d8395ac/element/f.F3EAD7D8D889EB61F600F49A8CF35C29.d.62F87E5B8156BAAE34E2018779F58033.e.5269/elements - {"using":"css selector","value":"td"}
RESULT: {"using":"css selector","value":"td"}
COMMAND: POST /session/4e5157c5e3d60ff16ea2322a9d8395ac/element/f.F3EAD7D8D889EB61F600F49A8CF35C29.d.62F87E5B8156BAAE34E2018779F58033.e.5270/elements - {"using":"css selector","value":"td"}
RESULT: {"using":"css selector","value":"td"}
COMMAND: POST /session/4e5157c5e3d60ff16ea2322a9d8395ac/element/f.F3EAD7D8D889EB61F600F49A8CF35C29.d.62F87E5B8156BAAE34E2018779F58033.e.5271/elements - {"using":"css selector","value":"td"}
RESULT: {"using":"css selector","value":"td"}
COMMAND: POST /session/4e5157c5e3d60ff16ea2322a9d8395ac/element/f.F3EAD7D8D889EB61F600F49A8CF35C29.d.62F87E5B8156BAAE34E2018779F58033.e.5272/elements - {"using":"css selector","value":"td"}
RESULT: {"using":"css selector","value":"td"}
COMMAND: POST /session/4e5157c5e3d60ff16ea2322a9d8395ac/element/f.F3EAD7D8D889EB61F600F49A8CF35C29.d.62F87E5B8156BAAE34E2018779F58033.e.5273/elements - {"using":"css selector","value":"td"}
RESULT: {"using":"css selector","value":"td"}
COMMAND: POST /session/4e5157c5e3d60ff16ea2322a9d8395ac/element/f.F3EAD7D8D889EB61F600F49A8CF35C29.d.62F87E5B8156BAAE34E2018779F58033.e.5274/elements - {"using":"css selector","value":"td"}
RESULT: {"using":"css selector","value":"td"}
COMMAND: POST /session/4e5157c5e3d60ff16ea2322a9d8395ac/element/f.F3EAD7D8D889EB61F600F49A8CF35C29.d.62F87E5B8156BAAE34E2018779F58033.e.5275/elements - {"using":"css selector","value":"td"}
RESULT: {"using":"css selector","value":"td"}
COMMAND: POST /session/4e5157c5e3d60ff16ea2322a9d8395ac/element/f.F3EAD7D8D889EB61F600F49A8CF35C29.d.62F87E5B8156BAAE34E2018779F58033.e.5276/elements - {"using":"css selector","value":"td"}
RESULT: {"using":"css selector","value":"td"}
COMMAND: POST /session/4e5157c5e3d60ff16ea2322a9d8395ac/element/f.F3EAD7D8D889EB61F600F49A8CF35C29.d.62F87E5B8156BAAE34E2018779F58033.e.5277/elements - {"using":"css selector","value":"td"}
RESULT: {"using":"css selector","value":"td"}
COMMAND: POST /session/4e5157c5e3d60ff16ea2322a9d8395ac/element/f.F3EAD7D8D889EB61F600F49A8CF35C29.d.62F87E5B8156BAAE34E2018779F58033.e.5278/elements - {"using":"css selector","value":"td"}
RESULT: {"using":"css selector","value":"td"}
COMMAND: POST /session/4e5157c5e3d60ff16ea2322a9d8395ac/element/f.F3EAD7D8D889EB61F600F49A8CF35C29.d.62F87E5B8156BAAE34E2018779F58033.e.5279/elements - {"using":"css selector","value":"td"}
RESULT: {"using":"css selector","value":"td"}
COMMAND: POST /session/4e5157c5e3d60ff16ea2322a9d8395ac/element/f.F3EAD7D8D889EB61F600F49A8CF35C29.d.62F87E5B8156BAAE34E2018779F58033.e.5280/elements - {"using":"css selector","value":"td"}
RESULT: {"using":"css selector","value":"td"}
COMMAND: POST /session/4e5157c5e3d60ff16ea2322a9d8395ac/element/f.F3EAD7D8D889EB61F600F49A8CF35C29.d.62F87E5B8156BAAE34E2018779F58033.e.5281/elements - {"using":"css selector","value":"td"}
RESULT: {"using":"css selector","value":"td"}
COMMAND: POST /session/4e5157c5e3d60ff16ea2322a9d8395ac/element/f.F3EAD7D8D889EB61F600F49A8CF35C29.d.62F87E5B8156BAAE34E2018779F58033.e.5282/elements - {"using":"css selector","value":"td"}
RESULT: {"using":"css selector","value":"td"}
COMMAND: POST /session/4e5157c5e3d60ff16ea2322a9d8395ac/element/f.F3EAD7D8D889EB61F600F49A8CF35C29.d.62F87E5B8156BAAE34E2018779F58033.e.5283/elements - {"using":"css selector","value":"td"}
RESULT: {"using":"css selector","value":"td"}
COMMAND: POST /session/4e5157c5e3d60ff16ea2322a9d8395ac/element/f.F3EAD7D8D889EB61F600F49A8CF35C29.d.62F87E5B8156BAAE34E2018779F58033.e.5284/elements - {"using":"css selector","value":"td"}
RESULT: {"using":"css selector","value":"td"}
COMMAND: POST /session/4e5157c5e3d60ff16ea2322a9d8395ac/element/f.F3EAD7D8D889EB61F600F49A8CF35C29.d.62F87E5B8156BAAE34E2018779F58033.e.5285/elements - {"using":"css selector","value":"td"}
RESULT: {"using":"css selector","value":"td"}
COMMAND: POST /session/4e5157c5e3d60ff16ea2322a9d8395ac/element/f.F3EAD7D8D889EB61F600F49A8CF35C29.d.62F87E5B8156BAAE34E2018779F58033.e.5286/elements - {"using":"css selector","value":"td"}
RESULT: {"using":"css selector","value":"td"}
COMMAND: POST /session/4e5157c5e3d60ff16ea2322a9d8395ac/element/f.F3EAD7D8D889EB61F600F49A8CF35C29.d.62F87E5B8156BAAE34E2018779F58033.e.5287/elements - {"using":"css selector","value":"td"}
RESULT: {"using":"css selector","value":"td"}
COMMAND: POST /session/4e5157c5e3d60ff16ea2322a9d8395ac/element/f.F3EAD7D8D889EB61F600F49A8CF35C29.d.62F87E5B8156BAAE34E2018779F58033.e.5288/elements - {"using":"css selector","value":"td"}
RESULT: {"using":"css selector","value":"td"}
COMMAND: POST /session/4e5157c5e3d60ff16ea2322a9d8395ac/element/f.F3EAD7D8D889EB61F600F49A8CF35C29.d.62F87E5B8156BAAE34E2018779F58033.e.5289/elements - {"using":"css selector","value":"td"}
RESULT: {"using":"css selector","value":"td"}
COMMAND: POST /session/4e5157c5e3d60ff16ea2322a9d8395ac/element/f.F3EAD7D8D889EB61F600F49A8CF35C29.d.62F87E5B8156BAAE34E2018779F58033.e.5290/elements - {"using":"css selector","value":"td"}
RESULT: {"using":"css selector","value":"td"}
COMMAND: POST /session/4e5157c5e3d60ff16ea2322a9d8395ac/element/f.F3EAD7D8D889EB61F600F49A8CF35C29.d.62F87E5B8156BAAE34E2018779F58033.e.5291/elements - {"using":"css selector","value":"td"}
RESULT: {"using":"css selector","value":"td"}
COMMAND: POST /session/4e5157c5e3d60ff16ea2322a9d8395ac/element/f.F3EAD7D8D889EB61F600F49A8CF35C29.d.62F87E5B8156BAAE34E2018779F58033.e.5292/elements - {"using":"css selector","value":"td"}
RESULT: {"using":"css selector","value":"td"}
COMMAND: POST /session/4e5157c5e3d60ff16ea2322a9d8395ac/element/f.F3EAD7D8D889EB61F600F49A8CF35C29.d.62F87E5B8156BAAE34E2018779F58033.e.5293/elements - {"using":"css selector","value":"td"}
RESULT: {"using":"css selector","value":"td"}
COMMAND: POST /session/4e5157c5e3d60ff16ea2322a9d8395ac/element/f.F3EAD7D8D889EB61F600F49A8CF35C29.d.62F87E5B8156BAAE34E2018779F58033.e.5294/elements - {"using":"css selector","value":"td"}
RESULT: {"using":"css selector","value":"td"}
COMMAND: POST /session/4e5157c5e3d60ff16ea2322a9d8395ac/element/f.F3EAD7D8D889EB61F600F49A8CF35C29.d.62F87E5B8156BAAE34E2018779F58033.e.5295/elements - {"using":"css selector","value":"td"}
RESULT: {"using":"css selector","value":"td"}
COMMAND: POST /session/4e5157c5e3d60ff16ea2322a9d8395ac/element/f.F3EAD7D8D889EB61F600F49A8CF35C29.d.62F87E5B8156BAAE34E2018779F58033.e.5296/elements - {"using":"css selector","value":"td"}
RESULT: {"using":"css selector","value":"td"}
COMMAND: POST /session/4e5157c5e3d60ff16ea2322a9d8395ac/element/f.F3EAD7D8D889EB61F600F49A8CF35C29.d.62F87E5B8156BAAE34E2018779F58033.e.5297/elements - {"using":"css selector","value":"td"}
RESULT: {"using":"css selector","value":"td"}
COMMAND: POST /session/4e5157c5e3d60ff16ea2322a9d8395ac/element/f.F3EAD7D8D889EB61F600F49A8CF35C29.d.62F87E5B8156BAAE34E2018779F58033.e.5298/elements - {"using":"css selector","value":"td"}
RESULT: {"using":"css selector","value":"td"}
COMMAND: POST /session/4e5157c5e3d60ff16ea2322a9d8395ac/element/f.F3EAD7D8D889EB61F600F49A8CF35C29.d.62F87E5B8156BAAE34E2018779F58033.e.5299/elements - {"using":"css selector","value":"td"}
RESULT: {"using":"css selector","value":"td"}
COMMAND: POST /session/4e5157c5e3d60ff16ea2322a9d8395ac/element/f.F3EAD7D8D889EB61F600F49A8CF35C29.d.62F87E5B8156BAAE34E2018779F58033.e.5300/elements - {"using":"css selector","value":"td"}
RESULT: {"using":"css selector","value":"td"}
COMMAND: POST /session/4e5157c5e3d60ff16ea2322a9d8395ac/element/f.F3EAD7D8D889EB61F600F49A8CF35C29.d.62F87E5B8156BAAE34E2018779F58033.e.6189/elements - {"using":"css selector","value":"td"}
RESULT: {"using":"css selector","value":"td"}
COMMAND: POST /session/4e5157c5e3d60ff16ea2322a9d8395ac/element - {"using":"css selector","value":"#j_username"}
COMMAND: POST /session/4e5157c5e3d60ff16ea2322a9d8395ac/url - {"url":"https://qa-testing-00-live-etm-ui.cfapps.eu10-004.hana.ondemand.com/"}
RESULT: {"using":"css selector","value":"#j_username"}
COMMAND: POST /session/4e5157c5e3d60ff16ea2322a9d8395ac/element - {"using":"css selector","value":"#j_username"}
RESULT: {"url":"https://qa-testing-00-live-etm-ui.cfapps.eu10-004.hana.ondemand.com/"}
RESULT: undefined
COMMAND: GET /session/4e5157c5e3d60ff16ea2322a9d8395ac/screenshot - {}
RESULT: {"using":"css selector","value":"#j_username"}
COMMAND: POST /session/4e5157c5e3d60ff16ea2322a9d8395ac/element - {"using":"css selector","value":"#shell-header-logo"}
RESULT: {}
RESULT: {"using":"css selector","value":"#shell-header-logo"}
COMMAND: POST /session/4e5157c5e3d60ff16ea2322a9d8395ac/execute/sync - {"script":"<script> [8489 bytes]","args":[{"element-6066-11e4-a52e-4f735466cecf":"f.F3EAD7D8D889EB61F600F49A8CF35C29.d.0AB1F7B36138F158EA14708288F3A124.e.6204","ELEMENT":"f.F3EAD7D8D889EB61F600F49A8CF35C29.d.0AB1F7B36138F158EA14708288F3A124.e.6204"}]}
RESULT: {"script":"<script> [8489 bytes]","args":[{"element-6066-11e4-a52e-4f735466cecf":"f.F3EAD7D8D889EB61F600F49A8CF35C29.d.0AB1F7B36138F158EA14708288F3A124.e.6204","ELEMENT":"f.F3EAD7D8D889EB61F600F49A8CF35C29.d.0AB1F7B36138F158EA14708288F3A124.e.6204"}]}
COMMAND: POST /session/4e5157c5e3d60ff16ea2322a9d8395ac/element - {"using":"css selector","value":"#shell-header-logo"}
COMMAND: GET /session/4e5157c5e3d60ff16ea2322a9d8395ac/screenshot - {}
RESULT: {"using":"css selector","value":"#shell-header-logo"}
COMMAND: POST /session/4e5157c5e3d60ff16ea2322a9d8395ac/execute/sync - {"script":"<script> [8489 bytes]","args":[{"element-6066-11e4-a52e-4f735466cecf":"f.F3EAD7D8D889EB61F600F49A8CF35C29.d.0AB1F7B36138F158EA14708288F3A124.e.6204","ELEMENT":"f.F3EAD7D8D889EB61F600F49A8CF35C29.d.0AB1F7B36138F158EA14708288F3A124.e.6204"}]}
RESULT: {}
RESULT: {"script":"<script> [8489 bytes]","args":[{"element-6066-11e4-a52e-4f735466cecf":"f.F3EAD7D8D889EB61F600F49A8CF35C29.d.0AB1F7B36138F158EA14708288F3A124.e.6204","ELEMENT":"f.F3EAD7D8D889EB61F600F49A8CF35C29.d.0AB1F7B36138F158EA14708288F3A124.e.6204"}]}
COMMAND: POST /session/4e5157c5e3d60ff16ea2322a9d8395ac/execute/sync - {"script":"<script> [5351 bytes]","args":[{"element-6066-11e4-a52e-4f735466cecf":"f.F3EAD7D8D889EB61F600F49A8CF35C29.d.0AB1F7B36138F158EA14708288F3A124.e.6204","ELEMENT":"f.F3EAD7D8D889EB61F600F49A8CF35C29.d.0AB1F7B36138F158EA14708288F3A124.e.6204"}]}
COMMAND: GET /session/4e5157c5e3d60ff16ea2322a9d8395ac/screenshot - {}
RESULT: {"script":"<script> [5351 bytes]","args":[{"element-6066-11e4-a52e-4f735466cecf":"f.F3EAD7D8D889EB61F600F49A8CF35C29.d.0AB1F7B36138F158EA14708288F3A124.e.6204","ELEMENT":"f.F3EAD7D8D889EB61F600F49A8CF35C29.d.0AB1F7B36138F158EA14708288F3A124.e.6204"}]}
COMMAND: POST /session/4e5157c5e3d60ff16ea2322a9d8395ac/element - {"using":"css selector","value":"#shell-header-logo"}
COMMAND: GET /session/4e5157c5e3d60ff16ea2322a9d8395ac/screenshot - {}
RESULT: {}
RESULT: {"using":"css selector","value":"#shell-header-logo"}
COMMAND: POST /session/4e5157c5e3d60ff16ea2322a9d8395ac/element/f.F3EAD7D8D889EB61F600F49A8CF35C29.d.0AB1F7B36138F158EA14708288F3A124.e.6204/click - {}
RESULT: {}
RESULT: {}
COMMAND: GET /session/4e5157c5e3d60ff16ea2322a9d8395ac/screenshot - {}
RESULT: {}
COMMAND: POST /session/4e5157c5e3d60ff16ea2322a9d8395ac/execute/async - {"script":"<script> [189 bytes]","args":[]}
RESULT: {"script":"<script> [189 bytes]","args":[]}
COMMAND: POST /session/4e5157c5e3d60ff16ea2322a9d8395ac/execute/async - {"script":"<script> [123 bytes]","args":[]}
RESULT: {"script":"<script> [123 bytes]","args":[]}
COMMAND: POST /session/4e5157c5e3d60ff16ea2322a9d8395ac/timeouts - {"script":"<number>"}
RESULT: {"script":"<number>"}
COMMAND: GET /session/4e5157c5e3d60ff16ea2322a9d8395ac/timeouts - {}
RESULT: {}
RESULT: undefined
COMMAND: POST /session/4e5157c5e3d60ff16ea2322a9d8395ac/execute/async - {"script":"<script> [2676 bytes]","args":[]}
RESULT: {"script":"<script> [2676 bytes]","args":[]}
COMMAND: POST /session/4e5157c5e3d60ff16ea2322a9d8395ac/execute/async - {"script":"<script> [2342 bytes]","args":[{"protocol":"http","hostname":"0.0.0.0","path":"/","capabilities":{"browserName":"chrome","goog:chromeOptions":{"binary":"C:\\Program Files\\Google\\Chrome\\Application\\chrome.exe","args":["--start-maximized"]}},"logLevel":"warn","connectionRetryTimeout":120000,"connectionRetryCount":3,"logLevels":{},"enableDirectConnect":true,"strictSSL":true,"_":"65 more keys: [\"cacheDir\",\"port\",\"requestedCapabilities\",\"automationProtocol\",\"baseUrl\",\"waitforInterval\",\"waitforTimeout\",\"onReload\",\"beforeCommand\",\"afterCommand\",\"rootDir\",\"specs\",\"suites\",\"exclude\",\"groupLogsByTestSpec\",\"excludeDriverLogs\",\"bail\",\"framework\",\"reporters\",\"services\",\"maxInstances\",\"maxInstancesPerCapability\",\"injectGlobals\",\"filesToWatch\",\"execArgv\",\"runnerEnv\",\"runner\",\"shard\",\"specFileRetries\",\"specFileRetriesDelay\",\"specFileRetriesDeferred\",\"reporterSyncInterval\",\"reporterSyncTimeout\",\"cucumberFeaturesWithLineNumbers\",\"autoCompileOpts\",\"mochaOpts\",\"jasmineOpts\",\"cucumberOpts\",\"onPrepare\",\"onWorkerStart\",\"onWorkerEnd\",\"before\",\"beforeSession\",\"beforeSuite\",\"beforeHook\",\"beforeTest\",\"afterTest\",\"afterHook\",\"afterSuite\",\"afterSession\",\"after\",\"onComplete\",\"beforeAssertion\",\"afterAssertion\",\"beforeFeature\",\"beforeScenario\",\"beforeStep\",\"afterStep\",\"afterScenario\",\"afterFeature\",\"_\",\"suite\",\"$0\",\"ignoredWorkerServices\",\"wdi5\"]"}]}
RESULT: {"script":"<script> [2342 bytes]","args":[{"protocol":"http","hostname":"0.0.0.0","path":"/","capabilities":{"browserName":"chrome","goog:chromeOptions":{"binary":"C:\\Program Files\\Google\\Chrome\\Application\\chrome.exe","args":["--start-maximized"]}},"logLevel":"warn","connectionRetryTimeout":120000,"connectionRetryCount":3,"logLevels":{},"enableDirectConnect":true,"strictSSL":true,"_":"65 more keys: [\"cacheDir\",\"port\",\"requestedCapabilities\",\"automationProtocol\",\"baseUrl\",\"waitforInterval\",\"waitforTimeout\",\"onReload\",\"beforeCommand\",\"afterCommand\",\"rootDir\",\"specs\",\"suites\",\"exclude\",\"groupLogsByTestSpec\",\"excludeDriverLogs\",\"bail\",\"framework\",\"reporters\",\"services\",\"maxInstances\",\"maxInstancesPerCapability\",\"injectGlobals\",\"filesToWatch\",\"execArgv\",\"runnerEnv\",\"runner\",\"shard\",\"specFileRetries\",\"specFileRetriesDelay\",\"specFileRetriesDeferred\",\"reporterSyncInterval\",\"reporterSyncTimeout\",\"cucumberFeaturesWithLineNumbers\",\"autoCompileOpts\",\"mochaOpts\",\"jasmineOpts\",\"cucumberOpts\",\"onPrepare\",\"onWorkerStart\",\"onWorkerEnd\",\"before\",\"beforeSession\",\"beforeSuite\",\"beforeHook\",\"beforeTest\",\"afterTest\",\"afterHook\",\"afterSuite\",\"afterSession\",\"after\",\"onComplete\",\"beforeAssertion\",\"afterAssertion\",\"beforeFeature\",\"beforeScenario\",\"beforeStep\",\"afterStep\",\"afterScenario\",\"afterFeature\",\"_\",\"suite\",\"$0\",\"ignoredWorkerServices\",\"wdi5\"]"}]}
COMMAND: POST /session/4e5157c5e3d60ff16ea2322a9d8395ac/execute/async - {"script":"<script> [21126 bytes]","args":[35000]}
RESULT: {"script":"<script> [21126 bytes]","args":[35000]}
COMMAND: POST /session/4e5157c5e3d60ff16ea2322a9d8395ac/window/maximize - {}
RESULT: {}
COMMAND: POST /session/4e5157c5e3d60ff16ea2322a9d8395ac/execute/async - {"script":"<script> [1562 bytes]","args":[{"selector":{"id":"shell-header","interaction":{"idSuffix":"icon"}},"wdio_ui5_key":"shellheader"}]}
COMMAND: GET /session/4e5157c5e3d60ff16ea2322a9d8395ac/screenshot - {}
RESULT: {"script":"<script> [1562 bytes]","args":[{"selector":{"id":"shell-header","interaction":{"idSuffix":"icon"}},"wdio_ui5_key":"shellheader"}]}
RESULT: undefined
COMMAND: POST /session/4e5157c5e3d60ff16ea2322a9d8395ac/refresh - {}
RESULT: {}
RESULT: {}
COMMAND: GET /session/4e5157c5e3d60ff16ea2322a9d8395ac/screenshot - {}
RESULT: {}
COMMAND: POST /session/4e5157c5e3d60ff16ea2322a9d8395ac/refresh - {}
RESULT: {}
COMMAND: GET /session/4e5157c5e3d60ff16ea2322a9d8395ac/screenshot - {}
RESULT: {}
COMMAND: POST /session/4e5157c5e3d60ff16ea2322a9d8395ac/window/fullscreen - {}
RESULT: {}
COMMAND: POST /session/4e5157c5e3d60ff16ea2322a9d8395ac/execute/async - {"script":"<script> [189 bytes]","args":[]}
RESULT: {"script":"<script> [189 bytes]","args":[]}
COMMAND: POST /session/4e5157c5e3d60ff16ea2322a9d8395ac/execute/async - {"script":"<script> [123 bytes]","args":[]}
RESULT: {"script":"<script> [123 bytes]","args":[]}
COMMAND: POST /session/4e5157c5e3d60ff16ea2322a9d8395ac/timeouts - {"script":"<number>"}
RESULT: {"script":"<number>"}
COMMAND: GET /session/4e5157c5e3d60ff16ea2322a9d8395ac/timeouts - {}
RESULT: {}
RESULT: undefined
COMMAND: POST /session/4e5157c5e3d60ff16ea2322a9d8395ac/execute/async - {"script":"<script> [2676 bytes]","args":[]}
RESULT: {"script":"<script> [2676 bytes]","args":[]}
COMMAND: POST /session/4e5157c5e3d60ff16ea2322a9d8395ac/execute/async - {"script":"<script> [2342 bytes]","args":[{"protocol":"http","hostname":"0.0.0.0","path":"/","capabilities":{"browserName":"chrome","goog:chromeOptions":{"binary":"C:\\Program Files\\Google\\Chrome\\Application\\chrome.exe","args":["--start-maximized"]}},"logLevel":"warn","connectionRetryTimeout":120000,"connectionRetryCount":3,"logLevels":{},"enableDirectConnect":true,"strictSSL":true,"_":"65 more keys: [\"cacheDir\",\"port\",\"requestedCapabilities\",\"automationProtocol\",\"baseUrl\",\"waitforInterval\",\"waitforTimeout\",\"onReload\",\"beforeCommand\",\"afterCommand\",\"rootDir\",\"specs\",\"suites\",\"exclude\",\"groupLogsByTestSpec\",\"excludeDriverLogs\",\"bail\",\"framework\",\"reporters\",\"services\",\"maxInstances\",\"maxInstancesPerCapability\",\"injectGlobals\",\"filesToWatch\",\"execArgv\",\"runnerEnv\",\"runner\",\"shard\",\"specFileRetries\",\"specFileRetriesDelay\",\"specFileRetriesDeferred\",\"reporterSyncInterval\",\"reporterSyncTimeout\",\"cucumberFeaturesWithLineNumbers\",\"autoCompileOpts\",\"mochaOpts\",\"jasmineOpts\",\"cucumberOpts\",\"onPrepare\",\"onWorkerStart\",\"onWorkerEnd\",\"before\",\"beforeSession\",\"beforeSuite\",\"beforeHook\",\"beforeTest\",\"afterTest\",\"afterHook\",\"afterSuite\",\"afterSession\",\"after\",\"onComplete\",\"beforeAssertion\",\"afterAssertion\",\"beforeFeature\",\"beforeScenario\",\"beforeStep\",\"afterStep\",\"afterScenario\",\"afterFeature\",\"_\",\"suite\",\"$0\",\"ignoredWorkerServices\",\"wdi5\"]"}]}
RESULT: {"script":"<script> [2342 bytes]","args":[{"protocol":"http","hostname":"0.0.0.0","path":"/","capabilities":{"browserName":"chrome","goog:chromeOptions":{"binary":"C:\\Program Files\\Google\\Chrome\\Application\\chrome.exe","args":["--start-maximized"]}},"logLevel":"warn","connectionRetryTimeout":120000,"connectionRetryCount":3,"logLevels":{},"enableDirectConnect":true,"strictSSL":true,"_":"65 more keys: [\"cacheDir\",\"port\",\"requestedCapabilities\",\"automationProtocol\",\"baseUrl\",\"waitforInterval\",\"waitforTimeout\",\"onReload\",\"beforeCommand\",\"afterCommand\",\"rootDir\",\"specs\",\"suites\",\"exclude\",\"groupLogsByTestSpec\",\"excludeDriverLogs\",\"bail\",\"framework\",\"reporters\",\"services\",\"maxInstances\",\"maxInstancesPerCapability\",\"injectGlobals\",\"filesToWatch\",\"execArgv\",\"runnerEnv\",\"runner\",\"shard\",\"specFileRetries\",\"specFileRetriesDelay\",\"specFileRetriesDeferred\",\"reporterSyncInterval\",\"reporterSyncTimeout\",\"cucumberFeaturesWithLineNumbers\",\"autoCompileOpts\",\"mochaOpts\",\"jasmineOpts\",\"cucumberOpts\",\"onPrepare\",\"onWorkerStart\",\"onWorkerEnd\",\"before\",\"beforeSession\",\"beforeSuite\",\"beforeHook\",\"beforeTest\",\"afterTest\",\"afterHook\",\"afterSuite\",\"afterSession\",\"after\",\"onComplete\",\"beforeAssertion\",\"afterAssertion\",\"beforeFeature\",\"beforeScenario\",\"beforeStep\",\"afterStep\",\"afterScenario\",\"afterFeature\",\"_\",\"suite\",\"$0\",\"ignoredWorkerServices\",\"wdi5\"]"}]}
COMMAND: POST /session/4e5157c5e3d60ff16ea2322a9d8395ac/execute/async - {"script":"<script> [21126 bytes]","args":[35000]}
RESULT: {"script":"<script> [21126 bytes]","args":[35000]}
]]></system-out>
    </testcase>
  </testsuite>
  <testsuite timestamp="2025-04-29T06:05:01" time="399.891" tests="9" failures="0" errors="0" skipped="0">
    <properties>
      <property name="specId" value="0" />
      <property name="suiteName" value="US134625 Set up price condition - one time" />
      <property name="capabilities" value="chrome.135_0_7049_96.windows" />
      <property name="file" value="file:///D:/a/1/s/test/specs/BTS/set-up-price-condition-one-time.spec.js" />
    </properties>
    <testcase classname="chrome.135_0_7049_96.windows.US134625_Set_up_price_condition_-_one_time" name="Should create a new yard used for all following tests" time="0.02">
      <system-out><![CDATA[
COMMAND: POST /session/4e5157c5e3d60ff16ea2322a9d8395ac/window/fullscreen - {}
RESULT: {}
]]></system-out>
    </testcase>
    <testcase classname="chrome.135_0_7049_96.windows.US134625_Set_up_price_condition_-_one_time" name="Should create a new partner" time="0.003" />
    <testcase classname="chrome.135_0_7049_96.windows.US134625_Set_up_price_condition_-_one_time" name="Should create a new site used for following tests" time="0.003" />
    <testcase classname="chrome.135_0_7049_96.windows.US134625_Set_up_price_condition_-_one_time" name="Should create a new material for billing type one time" time="109.978">
      <system-out><![CDATA[
COMMAND: POST /session/4e5157c5e3d60ff16ea2322a9d8395ac/execute/async - {"script":"<script> [1562 bytes]","args":[{"selector":{"controlType":"sap.m.GenericTile","properties":{"header":"Manage Resources"}},"wdio_ui5_key":"sapm.GenericTile{\"header\":\"Manage Resources\"}"}]}
RESULT: {"script":"<script> [1562 bytes]","args":[{"selector":{"controlType":"sap.m.GenericTile","properties":{"header":"Manage Resources"}},"wdio_ui5_key":"sapm.GenericTile{\"header\":\"Manage Resources\"}"}]}
RESULT: undefined
COMMAND: POST /session/4e5157c5e3d60ff16ea2322a9d8395ac/element - {"using":"xpath","value":"//*[@id=\"__tile39\"]"}
RESULT: {"using":"xpath","value":"//*[@id=\"__tile39\"]"}
COMMAND: POST /session/4e5157c5e3d60ff16ea2322a9d8395ac/element/f.F3EAD7D8D889EB61F600F49A8CF35C29.d.95D5BB7C1B86D4754058579CDE6790DF.e.6353/click - {}
RESULT: {}
COMMAND: POST /session/4e5157c5e3d60ff16ea2322a9d8395ac/element - {"using":"xpath","value":"//button[@data-kt=\"addNewRUOverflowToolbarButton\"]"}
COMMAND: GET /session/4e5157c5e3d60ff16ea2322a9d8395ac/screenshot - {}
RESULT: {"using":"xpath","value":"//button[@data-kt=\"addNewRUOverflowToolbarButton\"]"}
COMMAND: POST /session/4e5157c5e3d60ff16ea2322a9d8395ac/elements - {"using":"xpath","value":"//button[@data-kt=\"addNewRUOverflowToolbarButton\"]"}
RESULT: {}
RESULT: {"using":"xpath","value":"//button[@data-kt=\"addNewRUOverflowToolbarButton\"]"}
COMMAND: POST /session/4e5157c5e3d60ff16ea2322a9d8395ac/elements - {"using":"xpath","value":"//button[@data-kt=\"addNewRUOverflowToolbarButton\"]"}
RESULT: {"using":"xpath","value":"//button[@data-kt=\"addNewRUOverflowToolbarButton\"]"}
COMMAND: POST /session/4e5157c5e3d60ff16ea2322a9d8395ac/elements - {"using":"xpath","value":"//button[@data-kt=\"addNewRUOverflowToolbarButton\"]"}
RESULT: {"using":"xpath","value":"//button[@data-kt=\"addNewRUOverflowToolbarButton\"]"}
COMMAND: POST /session/4e5157c5e3d60ff16ea2322a9d8395ac/elements - {"using":"xpath","value":"//button[@data-kt=\"addNewRUOverflowToolbarButton\"]"}
RESULT: {"using":"xpath","value":"//button[@data-kt=\"addNewRUOverflowToolbarButton\"]"}
COMMAND: POST /session/4e5157c5e3d60ff16ea2322a9d8395ac/elements - {"using":"xpath","value":"//button[@data-kt=\"addNewRUOverflowToolbarButton\"]"}
RESULT: {"using":"xpath","value":"//button[@data-kt=\"addNewRUOverflowToolbarButton\"]"}
COMMAND: POST /session/4e5157c5e3d60ff16ea2322a9d8395ac/elements - {"using":"xpath","value":"//button[@data-kt=\"addNewRUOverflowToolbarButton\"]"}
RESULT: {"using":"xpath","value":"//button[@data-kt=\"addNewRUOverflowToolbarButton\"]"}
COMMAND: POST /session/4e5157c5e3d60ff16ea2322a9d8395ac/elements - {"using":"xpath","value":"//button[@data-kt=\"addNewRUOverflowToolbarButton\"]"}
RESULT: {"using":"xpath","value":"//button[@data-kt=\"addNewRUOverflowToolbarButton\"]"}
COMMAND: POST /session/4e5157c5e3d60ff16ea2322a9d8395ac/elements - {"using":"xpath","value":"//button[@data-kt=\"addNewRUOverflowToolbarButton\"]"}
RESULT: {"using":"xpath","value":"//button[@data-kt=\"addNewRUOverflowToolbarButton\"]"}
COMMAND: POST /session/4e5157c5e3d60ff16ea2322a9d8395ac/elements - {"using":"xpath","value":"//button[@data-kt=\"addNewRUOverflowToolbarButton\"]"}
RESULT: {"using":"xpath","value":"//button[@data-kt=\"addNewRUOverflowToolbarButton\"]"}
COMMAND: POST /session/4e5157c5e3d60ff16ea2322a9d8395ac/elements - {"using":"xpath","value":"//button[@data-kt=\"addNewRUOverflowToolbarButton\"]"}
RESULT: {"using":"xpath","value":"//button[@data-kt=\"addNewRUOverflowToolbarButton\"]"}
COMMAND: POST /session/4e5157c5e3d60ff16ea2322a9d8395ac/elements - {"using":"xpath","value":"//button[@data-kt=\"addNewRUOverflowToolbarButton\"]"}
RESULT: {"using":"xpath","value":"//button[@data-kt=\"addNewRUOverflowToolbarButton\"]"}
COMMAND: POST /session/4e5157c5e3d60ff16ea2322a9d8395ac/elements - {"using":"xpath","value":"//button[@data-kt=\"addNewRUOverflowToolbarButton\"]"}
RESULT: {"using":"xpath","value":"//button[@data-kt=\"addNewRUOverflowToolbarButton\"]"}
COMMAND: POST /session/4e5157c5e3d60ff16ea2322a9d8395ac/elements - {"using":"xpath","value":"//button[@data-kt=\"addNewRUOverflowToolbarButton\"]"}
RESULT: {"using":"xpath","value":"//button[@data-kt=\"addNewRUOverflowToolbarButton\"]"}
COMMAND: POST /session/4e5157c5e3d60ff16ea2322a9d8395ac/elements - {"using":"xpath","value":"//button[@data-kt=\"addNewRUOverflowToolbarButton\"]"}
RESULT: {"using":"xpath","value":"//button[@data-kt=\"addNewRUOverflowToolbarButton\"]"}
COMMAND: POST /session/4e5157c5e3d60ff16ea2322a9d8395ac/elements - {"using":"xpath","value":"//button[@data-kt=\"addNewRUOverflowToolbarButton\"]"}
RESULT: {"using":"xpath","value":"//button[@data-kt=\"addNewRUOverflowToolbarButton\"]"}
COMMAND: POST /session/4e5157c5e3d60ff16ea2322a9d8395ac/elements - {"using":"xpath","value":"//button[@data-kt=\"addNewRUOverflowToolbarButton\"]"}
RESULT: {"using":"xpath","value":"//button[@data-kt=\"addNewRUOverflowToolbarButton\"]"}
COMMAND: POST /session/4e5157c5e3d60ff16ea2322a9d8395ac/elements - {"using":"xpath","value":"//button[@data-kt=\"addNewRUOverflowToolbarButton\"]"}
RESULT: {"using":"xpath","value":"//button[@data-kt=\"addNewRUOverflowToolbarButton\"]"}
COMMAND: POST /session/4e5157c5e3d60ff16ea2322a9d8395ac/elements - {"using":"xpath","value":"//button[@data-kt=\"addNewRUOverflowToolbarButton\"]"}
RESULT: {"using":"xpath","value":"//button[@data-kt=\"addNewRUOverflowToolbarButton\"]"}
COMMAND: POST /session/4e5157c5e3d60ff16ea2322a9d8395ac/elements - {"using":"xpath","value":"//button[@data-kt=\"addNewRUOverflowToolbarButton\"]"}
RESULT: {"using":"xpath","value":"//button[@data-kt=\"addNewRUOverflowToolbarButton\"]"}
COMMAND: POST /session/4e5157c5e3d60ff16ea2322a9d8395ac/elements - {"using":"xpath","value":"//button[@data-kt=\"addNewRUOverflowToolbarButton\"]"}
RESULT: {"using":"xpath","value":"//button[@data-kt=\"addNewRUOverflowToolbarButton\"]"}
COMMAND: POST /session/4e5157c5e3d60ff16ea2322a9d8395ac/elements - {"using":"xpath","value":"//button[@data-kt=\"addNewRUOverflowToolbarButton\"]"}
RESULT: {"using":"xpath","value":"//button[@data-kt=\"addNewRUOverflowToolbarButton\"]"}
COMMAND: POST /session/4e5157c5e3d60ff16ea2322a9d8395ac/elements - {"using":"xpath","value":"//button[@data-kt=\"addNewRUOverflowToolbarButton\"]"}
RESULT: {"using":"xpath","value":"//button[@data-kt=\"addNewRUOverflowToolbarButton\"]"}
COMMAND: POST /session/4e5157c5e3d60ff16ea2322a9d8395ac/elements - {"using":"xpath","value":"//button[@data-kt=\"addNewRUOverflowToolbarButton\"]"}
RESULT: {"using":"xpath","value":"//button[@data-kt=\"addNewRUOverflowToolbarButton\"]"}
COMMAND: POST /session/4e5157c5e3d60ff16ea2322a9d8395ac/elements - {"using":"xpath","value":"//button[@data-kt=\"addNewRUOverflowToolbarButton\"]"}
RESULT: {"using":"xpath","value":"//button[@data-kt=\"addNewRUOverflowToolbarButton\"]"}
COMMAND: POST /session/4e5157c5e3d60ff16ea2322a9d8395ac/elements - {"using":"xpath","value":"//button[@data-kt=\"addNewRUOverflowToolbarButton\"]"}
RESULT: {"using":"xpath","value":"//button[@data-kt=\"addNewRUOverflowToolbarButton\"]"}
COMMAND: POST /session/4e5157c5e3d60ff16ea2322a9d8395ac/elements - {"using":"xpath","value":"//button[@data-kt=\"addNewRUOverflowToolbarButton\"]"}
RESULT: {"using":"xpath","value":"//button[@data-kt=\"addNewRUOverflowToolbarButton\"]"}
COMMAND: POST /session/4e5157c5e3d60ff16ea2322a9d8395ac/elements - {"using":"xpath","value":"//button[@data-kt=\"addNewRUOverflowToolbarButton\"]"}
RESULT: {"using":"xpath","value":"//button[@data-kt=\"addNewRUOverflowToolbarButton\"]"}
COMMAND: POST /session/4e5157c5e3d60ff16ea2322a9d8395ac/element - {"using":"xpath","value":"//button[@data-kt=\"addNewRUOverflowToolbarButton\"]"}
RESULT: {"using":"xpath","value":"//button[@data-kt=\"addNewRUOverflowToolbarButton\"]"}
COMMAND: POST /session/4e5157c5e3d60ff16ea2322a9d8395ac/execute/sync - {"script":"<script> [8489 bytes]","args":[{"element-6066-11e4-a52e-4f735466cecf":"f.F3EAD7D8D889EB61F600F49A8CF35C29.d.95D5BB7C1B86D4754058579CDE6790DF.e.6504","ELEMENT":"f.F3EAD7D8D889EB61F600F49A8CF35C29.d.95D5BB7C1B86D4754058579CDE6790DF.e.6504"}]}
RESULT: {"script":"<script> [8489 bytes]","args":[{"element-6066-11e4-a52e-4f735466cecf":"f.F3EAD7D8D889EB61F600F49A8CF35C29.d.95D5BB7C1B86D4754058579CDE6790DF.e.6504","ELEMENT":"f.F3EAD7D8D889EB61F600F49A8CF35C29.d.95D5BB7C1B86D4754058579CDE6790DF.e.6504"}]}
COMMAND: GET /session/4e5157c5e3d60ff16ea2322a9d8395ac/element/f.F3EAD7D8D889EB61F600F49A8CF35C29.d.95D5BB7C1B86D4754058579CDE6790DF.e.6504/enabled - {}
COMMAND: GET /session/4e5157c5e3d60ff16ea2322a9d8395ac/screenshot - {}
RESULT: {}
COMMAND: POST /session/4e5157c5e3d60ff16ea2322a9d8395ac/execute/sync - {"script":"<script> [8489 bytes]","args":[{"element-6066-11e4-a52e-4f735466cecf":"f.F3EAD7D8D889EB61F600F49A8CF35C29.d.95D5BB7C1B86D4754058579CDE6790DF.e.6504","ELEMENT":"f.F3EAD7D8D889EB61F600F49A8CF35C29.d.95D5BB7C1B86D4754058579CDE6790DF.e.6504"}]}
COMMAND: GET /session/4e5157c5e3d60ff16ea2322a9d8395ac/screenshot - {}
RESULT: {}
RESULT: {"script":"<script> [8489 bytes]","args":[{"element-6066-11e4-a52e-4f735466cecf":"f.F3EAD7D8D889EB61F600F49A8CF35C29.d.95D5BB7C1B86D4754058579CDE6790DF.e.6504","ELEMENT":"f.F3EAD7D8D889EB61F600F49A8CF35C29.d.95D5BB7C1B86D4754058579CDE6790DF.e.6504"}]}
COMMAND: POST /session/4e5157c5e3d60ff16ea2322a9d8395ac/execute/sync - {"script":"<script> [5351 bytes]","args":[{"element-6066-11e4-a52e-4f735466cecf":"f.F3EAD7D8D889EB61F600F49A8CF35C29.d.95D5BB7C1B86D4754058579CDE6790DF.e.6504","ELEMENT":"f.F3EAD7D8D889EB61F600F49A8CF35C29.d.95D5BB7C1B86D4754058579CDE6790DF.e.6504"}]}
COMMAND: GET /session/4e5157c5e3d60ff16ea2322a9d8395ac/screenshot - {}
RESULT: {}
RESULT: {"script":"<script> [5351 bytes]","args":[{"element-6066-11e4-a52e-4f735466cecf":"f.F3EAD7D8D889EB61F600F49A8CF35C29.d.95D5BB7C1B86D4754058579CDE6790DF.e.6504","ELEMENT":"f.F3EAD7D8D889EB61F600F49A8CF35C29.d.95D5BB7C1B86D4754058579CDE6790DF.e.6504"}]}
COMMAND: POST /session/4e5157c5e3d60ff16ea2322a9d8395ac/element/f.F3EAD7D8D889EB61F600F49A8CF35C29.d.95D5BB7C1B86D4754058579CDE6790DF.e.6504/click - {}
COMMAND: GET /session/4e5157c5e3d60ff16ea2322a9d8395ac/screenshot - {}
RESULT: {}
RESULT: {}
COMMAND: GET /session/4e5157c5e3d60ff16ea2322a9d8395ac/screenshot - {}
COMMAND: POST /session/4e5157c5e3d60ff16ea2322a9d8395ac/execute/async - {"script":"<script> [1562 bytes]","args":[{"selector":{"id":"application-manageresources-display-component---newResourceUnit--TYPE-arrow"},"wdio_ui5_key":"applicationmanageresources-display-component---newResourceUnit--TYPE-arrow"}]}
RESULT: {}
RESULT: {}
RESULT: {"script":"<script> [1562 bytes]","args":[{"selector":{"id":"application-manageresources-display-component---newResourceUnit--TYPE-arrow"},"wdio_ui5_key":"applicationmanageresources-display-component---newResourceUnit--TYPE-arrow"}]}
RESULT: undefined
COMMAND: POST /session/4e5157c5e3d60ff16ea2322a9d8395ac/element - {"using":"xpath","value":"//*[@id=\"application-manageresources-display-component---newResourceUnit--TYPE-arrow\"]"}
RESULT: {"using":"xpath","value":"//*[@id=\"application-manageresources-display-component---newResourceUnit--TYPE-arrow\"]"}
COMMAND: POST /session/4e5157c5e3d60ff16ea2322a9d8395ac/element/f.F3EAD7D8D889EB61F600F49A8CF35C29.d.95D5BB7C1B86D4754058579CDE6790DF.e.6861/click - {}
RESULT: {}
COMMAND: POST /session/4e5157c5e3d60ff16ea2322a9d8395ac/element - {"using":"xpath","value":"//input[@id=\"application-manageresources-display-component---newResourceUnit--TYPE-inner\"]"}
COMMAND: GET /session/4e5157c5e3d60ff16ea2322a9d8395ac/screenshot - {}
RESULT: {"using":"xpath","value":"//input[@id=\"application-manageresources-display-component---newResourceUnit--TYPE-inner\"]"}
COMMAND: POST /session/4e5157c5e3d60ff16ea2322a9d8395ac/element/f.F3EAD7D8D889EB61F600F49A8CF35C29.d.95D5BB7C1B86D4754058579CDE6790DF.e.6844/clear - {}
RESULT: {}
RESULT: {}
COMMAND: POST /session/4e5157c5e3d60ff16ea2322a9d8395ac/element/f.F3EAD7D8D889EB61F600F49A8CF35C29.d.95D5BB7C1B86D4754058579CDE6790DF.e.6844/value - {"text":"Material"}
COMMAND: GET /session/4e5157c5e3d60ff16ea2322a9d8395ac/screenshot - {}
RESULT: {"text":"Material"}
COMMAND: GET /session/4e5157c5e3d60ff16ea2322a9d8395ac/screenshot - {}
RESULT: {}
RESULT: {}
COMMAND: POST /session/4e5157c5e3d60ff16ea2322a9d8395ac/actions - {"actions":[{"id":"action19","type":"key","parameters":{},"actions":[{"type":"keyDown","value":"î€‡"},{"type":"pause","duration":10},{"type":"keyUp","value":"î€‡"}]}]}
RESULT: {"actions":[{"id":"action19","type":"key","parameters":{},"actions":[{"type":"keyDown","value":"î€‡"},{"type":"pause","duration":10},{"type":"keyUp","value":"î€‡"}]}]}
COMMAND: POST /session/4e5157c5e3d60ff16ea2322a9d8395ac/execute/async - {"script":"<script> [1562 bytes]","args":[{"selector":{"id":"application-manageresources-display-component---newResourceUnit--SHORT_TEXT","interaction":{"idSuffix":"inner"}},"wdio_ui5_key":"applicationmanageresources-display-component---newResourceUnit--SHORT_TEXT"}]}
COMMAND: GET /session/4e5157c5e3d60ff16ea2322a9d8395ac/screenshot - {}
RESULT: {"script":"<script> [1562 bytes]","args":[{"selector":{"id":"application-manageresources-display-component---newResourceUnit--SHORT_TEXT","interaction":{"idSuffix":"inner"}},"wdio_ui5_key":"applicationmanageresources-display-component---newResourceUnit--SHORT_TEXT"}]}
RESULT: undefined
COMMAND: POST /session/4e5157c5e3d60ff16ea2322a9d8395ac/execute/async - {"script":"<script> [776 bytes]","args":[{"enterText":"Cement WDIO","selector":{"id":"application-manageresources-display-component---newResourceUnit--SHORT_TEXT","interaction":{"idSuffix":"inner"}},"clearTextFirst":true,"interactionType":"ENTER_TEXT"}]}
RESULT: {}
RESULT: {"script":"<script> [776 bytes]","args":[{"enterText":"Cement WDIO","selector":{"id":"application-manageresources-display-component---newResourceUnit--SHORT_TEXT","interaction":{"idSuffix":"inner"}},"clearTextFirst":true,"interactionType":"ENTER_TEXT"}]}
COMMAND: POST /session/4e5157c5e3d60ff16ea2322a9d8395ac/execute/async - {"script":"<script> [1562 bytes]","args":[{"selector":{"id":"application-manageresources-display-component---newResourceUnit--BASE_UNIT_OF_MEASURE","interaction":{"idSuffix":"inner"}},"wdio_ui5_key":"applicationmanageresources-display-component---newResourceUnit--BASE_UNIT_OF_MEASURE"}]}
RESULT: {"script":"<script> [1562 bytes]","args":[{"selector":{"id":"application-manageresources-display-component---newResourceUnit--BASE_UNIT_OF_MEASURE","interaction":{"idSuffix":"inner"}},"wdio_ui5_key":"applicationmanageresources-display-component---newResourceUnit--BASE_UNIT_OF_MEASURE"}]}
RESULT: undefined
COMMAND: POST /session/4e5157c5e3d60ff16ea2322a9d8395ac/execute/async - {"script":"<script> [776 bytes]","args":[{"enterText":"Piece","selector":{"id":"application-manageresources-display-component---newResourceUnit--BASE_UNIT_OF_MEASURE","interaction":{"idSuffix":"inner"}},"clearTextFirst":true,"interactionType":"ENTER_TEXT"}]}
RESULT: {"script":"<script> [776 bytes]","args":[{"enterText":"Piece","selector":{"id":"application-manageresources-display-component---newResourceUnit--BASE_UNIT_OF_MEASURE","interaction":{"idSuffix":"inner"}},"clearTextFirst":true,"interactionType":"ENTER_TEXT"}]}
COMMAND: POST /session/4e5157c5e3d60ff16ea2322a9d8395ac/execute/async - {"script":"<script> [1562 bytes]","args":[{"selector":{"id":"application-manageresources-display-component---newResourceUnit--WEIGHT_UNIT","interaction":{"idSuffix":"inner"}},"wdio_ui5_key":"applicationmanageresources-display-component---newResourceUnit--WEIGHT_UNIT"}]}
RESULT: {"script":"<script> [1562 bytes]","args":[{"selector":{"id":"application-manageresources-display-component---newResourceUnit--WEIGHT_UNIT","interaction":{"idSuffix":"inner"}},"wdio_ui5_key":"applicationmanageresources-display-component---newResourceUnit--WEIGHT_UNIT"}]}
RESULT: undefined
COMMAND: POST /session/4e5157c5e3d60ff16ea2322a9d8395ac/execute/async - {"script":"<script> [776 bytes]","args":[{"enterText":"Gram","selector":{"id":"application-manageresources-display-component---newResourceUnit--WEIGHT_UNIT","interaction":{"idSuffix":"inner"}},"clearTextFirst":true,"interactionType":"ENTER_TEXT"}]}
RESULT: {"script":"<script> [776 bytes]","args":[{"enterText":"Gram","selector":{"id":"application-manageresources-display-component---newResourceUnit--WEIGHT_UNIT","interaction":{"idSuffix":"inner"}},"clearTextFirst":true,"interactionType":"ENTER_TEXT"}]}
COMMAND: POST /session/4e5157c5e3d60ff16ea2322a9d8395ac/execute/async - {"script":"<script> [1562 bytes]","args":[{"selector":{"id":"application-manageresources-display-component---newResourceUnit--DIMENSION_UNIT","interaction":{"idSuffix":"inner"}},"wdio_ui5_key":"applicationmanageresources-display-component---newResourceUnit--DIMENSION_UNIT"}]}
RESULT: {"script":"<script> [1562 bytes]","args":[{"selector":{"id":"application-manageresources-display-component---newResourceUnit--DIMENSION_UNIT","interaction":{"idSuffix":"inner"}},"wdio_ui5_key":"applicationmanageresources-display-component---newResourceUnit--DIMENSION_UNIT"}]}
RESULT: undefined
COMMAND: POST /session/4e5157c5e3d60ff16ea2322a9d8395ac/execute/async - {"script":"<script> [776 bytes]","args":[{"enterText":"Meter","selector":{"id":"application-manageresources-display-component---newResourceUnit--DIMENSION_UNIT","interaction":{"idSuffix":"inner"}},"clearTextFirst":true,"interactionType":"ENTER_TEXT"}]}
RESULT: {"script":"<script> [776 bytes]","args":[{"enterText":"Meter","selector":{"id":"application-manageresources-display-component---newResourceUnit--DIMENSION_UNIT","interaction":{"idSuffix":"inner"}},"clearTextFirst":true,"interactionType":"ENTER_TEXT"}]}
COMMAND: POST /session/4e5157c5e3d60ff16ea2322a9d8395ac/execute/async - {"script":"<script> [1562 bytes]","args":[{"selector":{"id":"application-manageresources-display-component---newResourceUnit--newRRUPage-anchBar-application-manageresources-display-component---newResourceUnit--control-anchor","interaction":{"idSuffix":"BDI-content"}},"wdio_ui5_key":"applicationmanageresources-display-component---newResourceUnit--newRRUPage-anchBar-application-manageresources-display-component---newResourceUnit--control-anchor"}]}
RESULT: {"script":"<script> [1562 bytes]","args":[{"selector":{"id":"application-manageresources-display-component---newResourceUnit--newRRUPage-anchBar-application-manageresources-display-component---newResourceUnit--control-anchor","interaction":{"idSuffix":"BDI-content"}},"wdio_ui5_key":"applicationmanageresources-display-component---newResourceUnit--newRRUPage-anchBar-application-manageresources-display-component---newResourceUnit--control-anchor"}]}
RESULT: undefined
COMMAND: POST /session/4e5157c5e3d60ff16ea2322a9d8395ac/element - {"using":"xpath","value":"//*[@id=\"application-manageresources-display-component---newResourceUnit--newRRUPage-anchBar-application-manageresources-display-component---newResourceUnit--control-anchor\"]"}
RESULT: {"using":"xpath","value":"//*[@id=\"application-manageresources-display-component---newResourceUnit--newRRUPage-anchBar-application-manageresources-display-component---newResourceUnit--control-anchor\"]"}
COMMAND: POST /session/4e5157c5e3d60ff16ea2322a9d8395ac/element/f.F3EAD7D8D889EB61F600F49A8CF35C29.d.95D5BB7C1B86D4754058579CDE6790DF.e.6930/click - {}
RESULT: {}
COMMAND: POST /session/4e5157c5e3d60ff16ea2322a9d8395ac/execute/async - {"script":"<script> [1562 bytes]","args":[{"selector":{"id":"application-manageresources-display-component---newResourceUnit--PLANNING_GROUP","interaction":{"idSuffix":"inner"}},"wdio_ui5_key":"applicationmanageresources-display-component---newResourceUnit--PLANNING_GROUP"}]}
COMMAND: GET /session/4e5157c5e3d60ff16ea2322a9d8395ac/screenshot - {}
RESULT: {"script":"<script> [1562 bytes]","args":[{"selector":{"id":"application-manageresources-display-component---newResourceUnit--PLANNING_GROUP","interaction":{"idSuffix":"inner"}},"wdio_ui5_key":"applicationmanageresources-display-component---newResourceUnit--PLANNING_GROUP"}]}
RESULT: undefined
COMMAND: POST /session/4e5157c5e3d60ff16ea2322a9d8395ac/execute/async - {"script":"<script> [776 bytes]","args":[{"enterText":"Material","selector":{"id":"application-manageresources-display-component---newResourceUnit--PLANNING_GROUP","interaction":{"idSuffix":"inner"}},"clearTextFirst":true,"interactionType":"ENTER_TEXT"}]}
RESULT: {}
RESULT: {"script":"<script> [776 bytes]","args":[{"enterText":"Material","selector":{"id":"application-manageresources-display-component---newResourceUnit--PLANNING_GROUP","interaction":{"idSuffix":"inner"}},"clearTextFirst":true,"interactionType":"ENTER_TEXT"}]}
COMMAND: POST /session/4e5157c5e3d60ff16ea2322a9d8395ac/execute/async - {"script":"<script> [1562 bytes]","args":[{"selector":{"id":"application-manageresources-display-component---newResourceUnit--PLANNING_INDICATOR","interaction":{"idSuffix":"inner"}},"wdio_ui5_key":"applicationmanageresources-display-component---newResourceUnit--PLANNING_INDICATOR"}]}
RESULT: {"script":"<script> [1562 bytes]","args":[{"selector":{"id":"application-manageresources-display-component---newResourceUnit--PLANNING_INDICATOR","interaction":{"idSuffix":"inner"}},"wdio_ui5_key":"applicationmanageresources-display-component---newResourceUnit--PLANNING_INDICATOR"}]}
RESULT: undefined
COMMAND: POST /session/4e5157c5e3d60ff16ea2322a9d8395ac/execute/async - {"script":"<script> [776 bytes]","args":[{"enterText":"10 - infinite","selector":{"id":"application-manageresources-display-component---newResourceUnit--PLANNING_INDICATOR","interaction":{"idSuffix":"inner"}},"clearTextFirst":true,"interactionType":"ENTER_TEXT"}]}
RESULT: {"script":"<script> [776 bytes]","args":[{"enterText":"10 - infinite","selector":{"id":"application-manageresources-display-component---newResourceUnit--PLANNING_INDICATOR","interaction":{"idSuffix":"inner"}},"clearTextFirst":true,"interactionType":"ENTER_TEXT"}]}
COMMAND: POST /session/4e5157c5e3d60ff16ea2322a9d8395ac/element - {"using":"css selector","value":"#application-manageresources-display-component---newResourceUnit--btnAddTimeSegment"}
RESULT: {"using":"css selector","value":"#application-manageresources-display-component---newResourceUnit--btnAddTimeSegment"}
COMMAND: GET /session/4e5157c5e3d60ff16ea2322a9d8395ac/element/f.F3EAD7D8D889EB61F600F49A8CF35C29.d.95D5BB7C1B86D4754058579CDE6790DF.e.6938/rect - {}
RESULT: {}
COMMAND: GET /session/4e5157c5e3d60ff16ea2322a9d8395ac/window/rect - {}
RESULT: {}
COMMAND: POST /session/4e5157c5e3d60ff16ea2322a9d8395ac/execute/sync - {"script":"<script> [92 bytes]","args":[]}
RESULT: {"script":"<script> [92 bytes]","args":[]}
COMMAND: POST /session/4e5157c5e3d60ff16ea2322a9d8395ac/actions - {"actions":[{"id":"action20","type":"wheel","parameters":{},"actions":[{"type":"scroll","x":-1888,"y":-32,"deltaX":0,"deltaY":0,"duration":0,"origin":{"element-6066-11e4-a52e-4f735466cecf":"f.F3EAD7D8D889EB61F600F49A8CF35C29.d.95D5BB7C1B86D4754058579CDE6790DF.e.6938"}}]}]}
COMMAND: GET /session/4e5157c5e3d60ff16ea2322a9d8395ac/screenshot - {}
RESULT: {}
COMMAND: POST /session/4e5157c5e3d60ff16ea2322a9d8395ac/execute/sync - {"script":"<script> [79 bytes]","args":[{"element-6066-11e4-a52e-4f735466cecf":"f.F3EAD7D8D889EB61F600F49A8CF35C29.d.95D5BB7C1B86D4754058579CDE6790DF.e.6938","ELEMENT":"f.F3EAD7D8D889EB61F600F49A8CF35C29.d.95D5BB7C1B86D4754058579CDE6790DF.e.6938"},{"block":"start","inline":"nearest"}]}
RESULT: {"script":"<script> [79 bytes]","args":[{"element-6066-11e4-a52e-4f735466cecf":"f.F3EAD7D8D889EB61F600F49A8CF35C29.d.95D5BB7C1B86D4754058579CDE6790DF.e.6938","ELEMENT":"f.F3EAD7D8D889EB61F600F49A8CF35C29.d.95D5BB7C1B86D4754058579CDE6790DF.e.6938"},{"block":"start","inline":"nearest"}]}
COMMAND: POST /session/4e5157c5e3d60ff16ea2322a9d8395ac/execute/async - {"script":"<script> [1562 bytes]","args":[{"selector":{"id":"application-manageresources-display-component---newResourceUnit--btnAddTimeSegment","interaction":{"idSuffix":"inner"}},"wdio_ui5_key":"applicationmanageresources-display-component---newResourceUnit--btnAddTimeSegment"}]}
COMMAND: GET /session/4e5157c5e3d60ff16ea2322a9d8395ac/screenshot - {}
RESULT: {"script":"<script> [1562 bytes]","args":[{"selector":{"id":"application-manageresources-display-component---newResourceUnit--btnAddTimeSegment","interaction":{"idSuffix":"inner"}},"wdio_ui5_key":"applicationmanageresources-display-component---newResourceUnit--btnAddTimeSegment"}]}
RESULT: undefined
COMMAND: POST /session/4e5157c5e3d60ff16ea2322a9d8395ac/element - {"using":"xpath","value":"//*[@id=\"application-manageresources-display-component---newResourceUnit--btnAddTimeSegment\"]"}
RESULT: {}
RESULT: {"using":"xpath","value":"//*[@id=\"application-manageresources-display-component---newResourceUnit--btnAddTimeSegment\"]"}
COMMAND: POST /session/4e5157c5e3d60ff16ea2322a9d8395ac/element/f.F3EAD7D8D889EB61F600F49A8CF35C29.d.95D5BB7C1B86D4754058579CDE6790DF.e.6938/click - {}
RESULT: {}
COMMAND: GET /session/4e5157c5e3d60ff16ea2322a9d8395ac/screenshot - {}
RESULT: {}
COMMAND: POST /session/4e5157c5e3d60ff16ea2322a9d8395ac/element - {"using":"xpath","value":"//input[@id=\"application-manageresources-display-component---newResourceUnit--idRuTSAdmin-application-manageresources-display-component---newResourceUnit--RUTimeSegment-0-inner\"]"}
RESULT: {"using":"xpath","value":"//input[@id=\"application-manageresources-display-component---newResourceUnit--idRuTSAdmin-application-manageresources-display-component---newResourceUnit--RUTimeSegment-0-inner\"]"}
COMMAND: POST /session/4e5157c5e3d60ff16ea2322a9d8395ac/element/f.F3EAD7D8D889EB61F600F49A8CF35C29.d.95D5BB7C1B86D4754058579CDE6790DF.e.6943/clear - {}
RESULT: {}
COMMAND: POST /session/4e5157c5e3d60ff16ea2322a9d8395ac/element/f.F3EAD7D8D889EB61F600F49A8CF35C29.d.95D5BB7C1B86D4754058579CDE6790DF.e.6943/value - {"text":"369"}
COMMAND: GET /session/4e5157c5e3d60ff16ea2322a9d8395ac/screenshot - {}
RESULT: {"text":"369"}
COMMAND: GET /session/4e5157c5e3d60ff16ea2322a9d8395ac/screenshot - {}
RESULT: {}
RESULT: {}
COMMAND: POST /session/4e5157c5e3d60ff16ea2322a9d8395ac/element - {"using":"xpath","value":"//li[.//span[text()='369']]"}
RESULT: {"using":"xpath","value":"//li[.//span[text()='369']]"}
COMMAND: POST /session/4e5157c5e3d60ff16ea2322a9d8395ac/element/f.F3EAD7D8D889EB61F600F49A8CF35C29.d.95D5BB7C1B86D4754058579CDE6790DF.e.6952/click - {}
RESULT: {}
COMMAND: GET /session/4e5157c5e3d60ff16ea2322a9d8395ac/screenshot - {}
RESULT: {}
COMMAND: POST /session/4e5157c5e3d60ff16ea2322a9d8395ac/element - {"using":"xpath","value":"(//span[contains(@id, \"-application-manageresources-display-component---newResourceUnit--RUTimeSegment-0-arrow\")])[2]"}
RESULT: {"using":"xpath","value":"(//span[contains(@id, \"-application-manageresources-display-component---newResourceUnit--RUTimeSegment-0-arrow\")])[2]"}
COMMAND: POST /session/4e5157c5e3d60ff16ea2322a9d8395ac/element/f.F3EAD7D8D889EB61F600F49A8CF35C29.d.95D5BB7C1B86D4754058579CDE6790DF.e.6953/click - {}
RESULT: {}
COMMAND: POST /session/4e5157c5e3d60ff16ea2322a9d8395ac/element - {"using":"xpath","value":"//span[contains(text(), \"PM Order\")]"}
COMMAND: GET /session/4e5157c5e3d60ff16ea2322a9d8395ac/screenshot - {}
RESULT: {"using":"xpath","value":"//span[contains(text(), \"PM Order\")]"}
COMMAND: POST /session/4e5157c5e3d60ff16ea2322a9d8395ac/element/f.F3EAD7D8D889EB61F600F49A8CF35C29.d.95D5BB7C1B86D4754058579CDE6790DF.e.6954/click - {}
RESULT: {}
RESULT: {}
COMMAND: GET /session/4e5157c5e3d60ff16ea2322a9d8395ac/screenshot - {}
RESULT: {}
COMMAND: POST /session/4e5157c5e3d60ff16ea2322a9d8395ac/element - {"using":"xpath","value":"//td/div/div/div/span[contains(@id, \"newResourceUnit--RUTimeSegment-0-vhi\")][1]"}
RESULT: {"using":"xpath","value":"//td/div/div/div/span[contains(@id, \"newResourceUnit--RUTimeSegment-0-vhi\")][1]"}
COMMAND: GET /session/4e5157c5e3d60ff16ea2322a9d8395ac/element/f.F3EAD7D8D889EB61F600F49A8CF35C29.d.95D5BB7C1B86D4754058579CDE6790DF.e.6958/rect - {}
RESULT: {}
COMMAND: GET /session/4e5157c5e3d60ff16ea2322a9d8395ac/window/rect - {}
RESULT: {}
COMMAND: POST /session/4e5157c5e3d60ff16ea2322a9d8395ac/execute/sync - {"script":"<script> [92 bytes]","args":[]}
RESULT: {"script":"<script> [92 bytes]","args":[]}
COMMAND: POST /session/4e5157c5e3d60ff16ea2322a9d8395ac/actions - {"actions":[{"id":"action21","type":"wheel","parameters":{},"actions":[{"type":"scroll","x":-1888,"y":-24,"deltaX":0,"deltaY":0,"duration":0,"origin":{"element-6066-11e4-a52e-4f735466cecf":"f.F3EAD7D8D889EB61F600F49A8CF35C29.d.95D5BB7C1B86D4754058579CDE6790DF.e.6958"}}]}]}
COMMAND: GET /session/4e5157c5e3d60ff16ea2322a9d8395ac/screenshot - {}
RESULT: {}
COMMAND: POST /session/4e5157c5e3d60ff16ea2322a9d8395ac/execute/sync - {"script":"<script> [79 bytes]","args":[{"element-6066-11e4-a52e-4f735466cecf":"f.F3EAD7D8D889EB61F600F49A8CF35C29.d.95D5BB7C1B86D4754058579CDE6790DF.e.6958","ELEMENT":"f.F3EAD7D8D889EB61F600F49A8CF35C29.d.95D5BB7C1B86D4754058579CDE6790DF.e.6958"},{"block":"start","inline":"nearest"}]}
RESULT: {"script":"<script> [79 bytes]","args":[{"element-6066-11e4-a52e-4f735466cecf":"f.F3EAD7D8D889EB61F600F49A8CF35C29.d.95D5BB7C1B86D4754058579CDE6790DF.e.6958","ELEMENT":"f.F3EAD7D8D889EB61F600F49A8CF35C29.d.95D5BB7C1B86D4754058579CDE6790DF.e.6958"},{"block":"start","inline":"nearest"}]}
COMMAND: GET /session/4e5157c5e3d60ff16ea2322a9d8395ac/screenshot - {}
RESULT: {}
COMMAND: POST /session/4e5157c5e3d60ff16ea2322a9d8395ac/element/f.F3EAD7D8D889EB61F600F49A8CF35C29.d.95D5BB7C1B86D4754058579CDE6790DF.e.6958/click - {}
RESULT: {}
COMMAND: GET /session/4e5157c5e3d60ff16ea2322a9d8395ac/screenshot - {}
RESULT: {}
COMMAND: POST /session/4e5157c5e3d60ff16ea2322a9d8395ac/execute/async - {"script":"<script> [1562 bytes]","args":[{"selector":{"controlType":"sap.m.SearchField","properties":{"placeholder":"Search"},"searchOpenDialogs":true,"interaction":{"idSuffix":"I"}},"wdio_ui5_key":"sapm.SearchField{\"placeholder\":\"Search\"}"}]}
RESULT: {"script":"<script> [1562 bytes]","args":[{"selector":{"controlType":"sap.m.SearchField","properties":{"placeholder":"Search"},"searchOpenDialogs":true,"interaction":{"idSuffix":"I"}},"wdio_ui5_key":"sapm.SearchField{\"placeholder\":\"Search\"}"}]}
RESULT: undefined
COMMAND: POST /session/4e5157c5e3d60ff16ea2322a9d8395ac/execute/async - {"script":"<script> [776 bytes]","args":[{"enterText":"4000360","selector":{"controlType":"sap.m.SearchField","properties":{"placeholder":"Search"},"searchOpenDialogs":true,"interaction":{"idSuffix":"I"}},"clearTextFirst":true,"interactionType":"ENTER_TEXT"}]}
RESULT: {"script":"<script> [776 bytes]","args":[{"enterText":"4000360","selector":{"controlType":"sap.m.SearchField","properties":{"placeholder":"Search"},"searchOpenDialogs":true,"interaction":{"idSuffix":"I"}},"clearTextFirst":true,"interactionType":"ENTER_TEXT"}]}
COMMAND: POST /session/4e5157c5e3d60ff16ea2322a9d8395ac/actions - {"actions":[{"id":"action22","type":"key","parameters":{},"actions":[{"type":"keyDown","value":"î€‡"},{"type":"pause","duration":10},{"type":"keyUp","value":"î€‡"}]}]}
RESULT: {"actions":[{"id":"action22","type":"key","parameters":{},"actions":[{"type":"keyDown","value":"î€‡"},{"type":"pause","duration":10},{"type":"keyUp","value":"î€‡"}]}]}
COMMAND: GET /session/4e5157c5e3d60ff16ea2322a9d8395ac/screenshot - {}
RESULT: {}
COMMAND: POST /session/4e5157c5e3d60ff16ea2322a9d8395ac/element - {"using":"xpath","value":"//td/div/span[contains(text(), \"BGL Vehicles\")]"}
RESULT: {"using":"xpath","value":"//td/div/span[contains(text(), \"BGL Vehicles\")]"}
COMMAND: POST /session/4e5157c5e3d60ff16ea2322a9d8395ac/element/f.F3EAD7D8D889EB61F600F49A8CF35C29.d.95D5BB7C1B86D4754058579CDE6790DF.e.6980/click - {}
RESULT: {}
COMMAND: GET /session/4e5157c5e3d60ff16ea2322a9d8395ac/screenshot - {}
RESULT: {}
COMMAND: POST /session/4e5157c5e3d60ff16ea2322a9d8395ac/element - {"using":"xpath","value":"//bdi[contains(text(), \"OK\")]"}
RESULT: {"using":"xpath","value":"//bdi[contains(text(), \"OK\")]"}
COMMAND: POST /session/4e5157c5e3d60ff16ea2322a9d8395ac/element/f.F3EAD7D8D889EB61F600F49A8CF35C29.d.95D5BB7C1B86D4754058579CDE6790DF.e.6981/click - {}
RESULT: {}
COMMAND: GET /session/4e5157c5e3d60ff16ea2322a9d8395ac/screenshot - {}
RESULT: {}
COMMAND: POST /session/4e5157c5e3d60ff16ea2322a9d8395ac/element - {"using":"xpath","value":"//button[@data-kt=\"resourceUnitSaveButton\"]"}
RESULT: {"using":"xpath","value":"//button[@data-kt=\"resourceUnitSaveButton\"]"}
COMMAND: POST /session/4e5157c5e3d60ff16ea2322a9d8395ac/element/f.F3EAD7D8D889EB61F600F49A8CF35C29.d.95D5BB7C1B86D4754058579CDE6790DF.e.6880/click - {}
RESULT: {}
COMMAND: GET /session/4e5157c5e3d60ff16ea2322a9d8395ac/screenshot - {}
RESULT: {}
COMMAND: POST /session/4e5157c5e3d60ff16ea2322a9d8395ac/element - {"using":"xpath","value":"//bdi[contains(text(), \"Close\")]"}
RESULT: {"using":"xpath","value":"//bdi[contains(text(), \"Close\")]"}
COMMAND: POST /session/4e5157c5e3d60ff16ea2322a9d8395ac/element/f.F3EAD7D8D889EB61F600F49A8CF35C29.d.95D5BB7C1B86D4754058579CDE6790DF.e.6988/click - {}
RESULT: {}
COMMAND: GET /session/4e5157c5e3d60ff16ea2322a9d8395ac/screenshot - {}
RESULT: {}
COMMAND: POST /session/4e5157c5e3d60ff16ea2322a9d8395ac/element - {"using":"xpath","value":"//header[contains(@id, 'detailRruPage-headerTitle')]/div[1]/div[2]/div[2]/span[1]"}
RESULT: {"using":"xpath","value":"//header[contains(@id, 'detailRruPage-headerTitle')]/div[1]/div[2]/div[2]/span[1]"}
COMMAND: POST /session/4e5157c5e3d60ff16ea2322a9d8395ac/elements - {"using":"xpath","value":"//header[contains(@id, 'detailRruPage-headerTitle')]/div[1]/div[2]/div[2]/span[1]"}
RESULT: {"using":"xpath","value":"//header[contains(@id, 'detailRruPage-headerTitle')]/div[1]/div[2]/div[2]/span[1]"}
COMMAND: POST /session/4e5157c5e3d60ff16ea2322a9d8395ac/execute/sync - {"script":"<script> [56 bytes]","args":[{"element-6066-11e4-a52e-4f735466cecf":"f.F3EAD7D8D889EB61F600F49A8CF35C29.d.95D5BB7C1B86D4754058579CDE6790DF.e.7016","ELEMENT":"f.F3EAD7D8D889EB61F600F49A8CF35C29.d.95D5BB7C1B86D4754058579CDE6790DF.e.7016"}]}
RESULT: {"script":"<script> [56 bytes]","args":[{"element-6066-11e4-a52e-4f735466cecf":"f.F3EAD7D8D889EB61F600F49A8CF35C29.d.95D5BB7C1B86D4754058579CDE6790DF.e.7016","ELEMENT":"f.F3EAD7D8D889EB61F600F49A8CF35C29.d.95D5BB7C1B86D4754058579CDE6790DF.e.7016"}]}
COMMAND: GET /session/4e5157c5e3d60ff16ea2322a9d8395ac/screenshot - {}
]]></system-out>
    </testcase>
    <testcase classname="chrome.135_0_7049_96.windows.US134625_Set_up_price_condition_-_one_time" name="Should create new pricing rule one time" time="58.883">
      <system-out><![CDATA[
COMMAND: POST /session/4e5157c5e3d60ff16ea2322a9d8395ac/element - {"using":"xpath","value":"(//button[contains(@id ,\"actionsToolbar-overflowButton\")])[1]"}
RESULT: {"using":"xpath","value":"(//button[contains(@id ,\"actionsToolbar-overflowButton\")])[1]"}
COMMAND: POST /session/4e5157c5e3d60ff16ea2322a9d8395ac/element/f.F3EAD7D8D889EB61F600F49A8CF35C29.d.95D5BB7C1B86D4754058579CDE6790DF.e.7017/click - {}
RESULT: {}
RESULT: {}
COMMAND: GET /session/4e5157c5e3d60ff16ea2322a9d8395ac/screenshot - {}
RESULT: {}
COMMAND: POST /session/4e5157c5e3d60ff16ea2322a9d8395ac/element - {"using":"xpath","value":"//button[@data-kt=\"priceInfoButton\"]"}
RESULT: {"using":"xpath","value":"//button[@data-kt=\"priceInfoButton\"]"}
COMMAND: POST /session/4e5157c5e3d60ff16ea2322a9d8395ac/element/f.F3EAD7D8D889EB61F600F49A8CF35C29.d.95D5BB7C1B86D4754058579CDE6790DF.e.7019/click - {}
RESULT: {}
COMMAND: GET /session/4e5157c5e3d60ff16ea2322a9d8395ac/screenshot - {}
RESULT: {}
COMMAND: POST /session/4e5157c5e3d60ff16ea2322a9d8395ac/element - {"using":"xpath","value":"//button[@data-kt=\"addButton\"]"}
RESULT: {"using":"xpath","value":"//button[@data-kt=\"addButton\"]"}
COMMAND: POST /session/4e5157c5e3d60ff16ea2322a9d8395ac/elements - {"using":"xpath","value":"//button[@data-kt=\"addButton\"]"}
RESULT: {"using":"xpath","value":"//button[@data-kt=\"addButton\"]"}
COMMAND: POST /session/4e5157c5e3d60ff16ea2322a9d8395ac/elements - {"using":"xpath","value":"//button[@data-kt=\"addButton\"]"}
RESULT: {"using":"xpath","value":"//button[@data-kt=\"addButton\"]"}
COMMAND: POST /session/4e5157c5e3d60ff16ea2322a9d8395ac/element - {"using":"xpath","value":"//button[@data-kt=\"addButton\"]"}
RESULT: {"using":"xpath","value":"//button[@data-kt=\"addButton\"]"}
COMMAND: POST /session/4e5157c5e3d60ff16ea2322a9d8395ac/execute/sync - {"script":"<script> [8489 bytes]","args":[{"element-6066-11e4-a52e-4f735466cecf":"f.F3EAD7D8D889EB61F600F49A8CF35C29.d.95D5BB7C1B86D4754058579CDE6790DF.e.7055","ELEMENT":"f.F3EAD7D8D889EB61F600F49A8CF35C29.d.95D5BB7C1B86D4754058579CDE6790DF.e.7055"}]}
RESULT: {"script":"<script> [8489 bytes]","args":[{"element-6066-11e4-a52e-4f735466cecf":"f.F3EAD7D8D889EB61F600F49A8CF35C29.d.95D5BB7C1B86D4754058579CDE6790DF.e.7055","ELEMENT":"f.F3EAD7D8D889EB61F600F49A8CF35C29.d.95D5BB7C1B86D4754058579CDE6790DF.e.7055"}]}
COMMAND: GET /session/4e5157c5e3d60ff16ea2322a9d8395ac/element/f.F3EAD7D8D889EB61F600F49A8CF35C29.d.95D5BB7C1B86D4754058579CDE6790DF.e.7055/enabled - {}
COMMAND: GET /session/4e5157c5e3d60ff16ea2322a9d8395ac/screenshot - {}
RESULT: {}
COMMAND: POST /session/4e5157c5e3d60ff16ea2322a9d8395ac/execute/sync - {"script":"<script> [8489 bytes]","args":[{"element-6066-11e4-a52e-4f735466cecf":"f.F3EAD7D8D889EB61F600F49A8CF35C29.d.95D5BB7C1B86D4754058579CDE6790DF.e.7055","ELEMENT":"f.F3EAD7D8D889EB61F600F49A8CF35C29.d.95D5BB7C1B86D4754058579CDE6790DF.e.7055"}]}
COMMAND: GET /session/4e5157c5e3d60ff16ea2322a9d8395ac/screenshot - {}
RESULT: {}
RESULT: {"script":"<script> [8489 bytes]","args":[{"element-6066-11e4-a52e-4f735466cecf":"f.F3EAD7D8D889EB61F600F49A8CF35C29.d.95D5BB7C1B86D4754058579CDE6790DF.e.7055","ELEMENT":"f.F3EAD7D8D889EB61F600F49A8CF35C29.d.95D5BB7C1B86D4754058579CDE6790DF.e.7055"}]}
COMMAND: POST /session/4e5157c5e3d60ff16ea2322a9d8395ac/execute/sync - {"script":"<script> [5351 bytes]","args":[{"element-6066-11e4-a52e-4f735466cecf":"f.F3EAD7D8D889EB61F600F49A8CF35C29.d.95D5BB7C1B86D4754058579CDE6790DF.e.7055","ELEMENT":"f.F3EAD7D8D889EB61F600F49A8CF35C29.d.95D5BB7C1B86D4754058579CDE6790DF.e.7055"}]}
COMMAND: GET /session/4e5157c5e3d60ff16ea2322a9d8395ac/screenshot - {}
RESULT: {}
RESULT: {"script":"<script> [5351 bytes]","args":[{"element-6066-11e4-a52e-4f735466cecf":"f.F3EAD7D8D889EB61F600F49A8CF35C29.d.95D5BB7C1B86D4754058579CDE6790DF.e.7055","ELEMENT":"f.F3EAD7D8D889EB61F600F49A8CF35C29.d.95D5BB7C1B86D4754058579CDE6790DF.e.7055"}]}
COMMAND: POST /session/4e5157c5e3d60ff16ea2322a9d8395ac/element/f.F3EAD7D8D889EB61F600F49A8CF35C29.d.95D5BB7C1B86D4754058579CDE6790DF.e.7055/click - {}
COMMAND: GET /session/4e5157c5e3d60ff16ea2322a9d8395ac/screenshot - {}
RESULT: {}
RESULT: {}
COMMAND: GET /session/4e5157c5e3d60ff16ea2322a9d8395ac/screenshot - {}
RESULT: {}
RESULT: {}
COMMAND: POST /session/4e5157c5e3d60ff16ea2322a9d8395ac/execute/async - {"script":"<script> [1562 bytes]","args":[{"selector":{"controlType":"sap.m.Title","viewName":"etm.portal.ui.managepricingrules.view.NewItem","viewId":"application-managepricingrules-display-component---newInfoPriceItem","properties":{"text":"New Pricing Rules - Item Level"}},"wdio_ui5_key":"etmportal.ui.managepricingrules.view.NewItemsap.m.Title{\"text\":\"New Pricing Rules - Item Level\"}"}]}
RESULT: {"script":"<script> [1562 bytes]","args":[{"selector":{"controlType":"sap.m.Title","viewName":"etm.portal.ui.managepricingrules.view.NewItem","viewId":"application-managepricingrules-display-component---newInfoPriceItem","properties":{"text":"New Pricing Rules - Item Level"}},"wdio_ui5_key":"etmportal.ui.managepricingrules.view.NewItemsap.m.Title{\"text\":\"New Pricing Rules - Item Level\"}"}]}
RESULT: undefined
COMMAND: POST /session/4e5157c5e3d60ff16ea2322a9d8395ac/execute/async - {"script":"<script> [6424 bytes]","args":[{"element-6066-11e4-a52e-4f735466cecf":"f.F3EAD7D8D889EB61F600F49A8CF35C29.d.95D5BB7C1B86D4754058579CDE6790DF.e.7216"},"getText",[]]}
RESULT: {"script":"<script> [6424 bytes]","args":[{"element-6066-11e4-a52e-4f735466cecf":"f.F3EAD7D8D889EB61F600F49A8CF35C29.d.95D5BB7C1B86D4754058579CDE6790DF.e.7216"},"getText",[]]}
COMMAND: POST /session/4e5157c5e3d60ff16ea2322a9d8395ac/execute/async - {"script":"<script> [1562 bytes]","args":[{"selector":{"id":"application-managepricingrules-display-component---newInfoPriceItem--condValidTo","interaction":{"idSuffix":"inner"}},"wdio_ui5_key":"applicationmanagepricingrules-display-component---newInfoPriceItem--condValidTo"}]}
RESULT: {"script":"<script> [1562 bytes]","args":[{"selector":{"id":"application-managepricingrules-display-component---newInfoPriceItem--condValidTo","interaction":{"idSuffix":"inner"}},"wdio_ui5_key":"applicationmanagepricingrules-display-component---newInfoPriceItem--condValidTo"}]}
RESULT: undefined
COMMAND: POST /session/4e5157c5e3d60ff16ea2322a9d8395ac/execute/async - {"script":"<script> [776 bytes]","args":[{"enterText":"12/29/25","selector":{"id":"application-managepricingrules-display-component---newInfoPriceItem--condValidTo","interaction":{"idSuffix":"inner"}},"clearTextFirst":true,"interactionType":"ENTER_TEXT"}]}
RESULT: {"script":"<script> [776 bytes]","args":[{"enterText":"12/29/25","selector":{"id":"application-managepricingrules-display-component---newInfoPriceItem--condValidTo","interaction":{"idSuffix":"inner"}},"clearTextFirst":true,"interactionType":"ENTER_TEXT"}]}
COMMAND: POST /session/4e5157c5e3d60ff16ea2322a9d8395ac/execute/async - {"script":"<script> [1562 bytes]","args":[{"selector":{"id":"application-managepricingrules-display-component---newInfoPriceItem--billType-arrow"},"wdio_ui5_key":"applicationmanagepricingrules-display-component---newInfoPriceItem--billType-arrow"}]}
RESULT: {"script":"<script> [1562 bytes]","args":[{"selector":{"id":"application-managepricingrules-display-component---newInfoPriceItem--billType-arrow"},"wdio_ui5_key":"applicationmanagepricingrules-display-component---newInfoPriceItem--billType-arrow"}]}
RESULT: undefined
COMMAND: POST /session/4e5157c5e3d60ff16ea2322a9d8395ac/element - {"using":"xpath","value":"//*[@id=\"application-managepricingrules-display-component---newInfoPriceItem--billType-arrow\"]"}
RESULT: {"using":"xpath","value":"//*[@id=\"application-managepricingrules-display-component---newInfoPriceItem--billType-arrow\"]"}
COMMAND: POST /session/4e5157c5e3d60ff16ea2322a9d8395ac/element/f.F3EAD7D8D889EB61F600F49A8CF35C29.d.95D5BB7C1B86D4754058579CDE6790DF.e.7218/click - {}
RESULT: {}
COMMAND: POST /session/4e5157c5e3d60ff16ea2322a9d8395ac/element - {"using":"xpath","value":"//span[contains(text(), \"OT - Sales (one-time)\")]"}
COMMAND: GET /session/4e5157c5e3d60ff16ea2322a9d8395ac/screenshot - {}
RESULT: {"using":"xpath","value":"//span[contains(text(), \"OT - Sales (one-time)\")]"}
COMMAND: POST /session/4e5157c5e3d60ff16ea2322a9d8395ac/element/f.F3EAD7D8D889EB61F600F49A8CF35C29.d.95D5BB7C1B86D4754058579CDE6790DF.e.7219/click - {}
RESULT: {}
RESULT: {}
COMMAND: POST /session/4e5157c5e3d60ff16ea2322a9d8395ac/execute/async - {"script":"<script> [1562 bytes]","args":[{"selector":{"id":"application-managepricingrules-display-component---newInfoPriceItem--priceProc-arrow"},"wdio_ui5_key":"applicationmanagepricingrules-display-component---newInfoPriceItem--priceProc-arrow"}]}
COMMAND: GET /session/4e5157c5e3d60ff16ea2322a9d8395ac/screenshot - {}
RESULT: {"script":"<script> [1562 bytes]","args":[{"selector":{"id":"application-managepricingrules-display-component---newInfoPriceItem--priceProc-arrow"},"wdio_ui5_key":"applicationmanagepricingrules-display-component---newInfoPriceItem--priceProc-arrow"}]}
RESULT: undefined
COMMAND: POST /session/4e5157c5e3d60ff16ea2322a9d8395ac/element - {"using":"xpath","value":"//*[@id=\"application-managepricingrules-display-component---newInfoPriceItem--priceProc-arrow\"]"}
RESULT: {}
RESULT: {"using":"xpath","value":"//*[@id=\"application-managepricingrules-display-component---newInfoPriceItem--priceProc-arrow\"]"}
COMMAND: POST /session/4e5157c5e3d60ff16ea2322a9d8395ac/element/f.F3EAD7D8D889EB61F600F49A8CF35C29.d.95D5BB7C1B86D4754058579CDE6790DF.e.7181/click - {}
RESULT: {}
COMMAND: POST /session/4e5157c5e3d60ff16ea2322a9d8395ac/element - {"using":"xpath","value":"//span[contains(text(), \"MAT - Material\")]"}
COMMAND: GET /session/4e5157c5e3d60ff16ea2322a9d8395ac/screenshot - {}
RESULT: {"using":"xpath","value":"//span[contains(text(), \"MAT - Material\")]"}
COMMAND: POST /session/4e5157c5e3d60ff16ea2322a9d8395ac/element/f.F3EAD7D8D889EB61F600F49A8CF35C29.d.95D5BB7C1B86D4754058579CDE6790DF.e.7220/click - {}
RESULT: {}
RESULT: {}
COMMAND: POST /session/4e5157c5e3d60ff16ea2322a9d8395ac/execute/async - {"script":"<script> [1562 bytes]","args":[{"selector":{"id":"application-managepricingrules-display-component---newInfoPriceItem--calcBase-arrow"},"wdio_ui5_key":"applicationmanagepricingrules-display-component---newInfoPriceItem--calcBase-arrow"}]}
COMMAND: GET /session/4e5157c5e3d60ff16ea2322a9d8395ac/screenshot - {}
RESULT: {"script":"<script> [1562 bytes]","args":[{"selector":{"id":"application-managepricingrules-display-component---newInfoPriceItem--calcBase-arrow"},"wdio_ui5_key":"applicationmanagepricingrules-display-component---newInfoPriceItem--calcBase-arrow"}]}
RESULT: undefined
COMMAND: POST /session/4e5157c5e3d60ff16ea2322a9d8395ac/element - {"using":"xpath","value":"//*[@id=\"application-managepricingrules-display-component---newInfoPriceItem--calcBase-arrow\"]"}
RESULT: {}
RESULT: {"using":"xpath","value":"//*[@id=\"application-managepricingrules-display-component---newInfoPriceItem--calcBase-arrow\"]"}
COMMAND: POST /session/4e5157c5e3d60ff16ea2322a9d8395ac/element/f.F3EAD7D8D889EB61F600F49A8CF35C29.d.95D5BB7C1B86D4754058579CDE6790DF.e.7188/click - {}
RESULT: {}
COMMAND: GET /session/4e5157c5e3d60ff16ea2322a9d8395ac/screenshot - {}
RESULT: {}
COMMAND: POST /session/4e5157c5e3d60ff16ea2322a9d8395ac/element - {"using":"xpath","value":"//span[contains(text(), \"0001 - TB(exact month + cal_days)\")]"}
RESULT: {"using":"xpath","value":"//span[contains(text(), \"0001 - TB(exact month + cal_days)\")]"}
COMMAND: POST /session/4e5157c5e3d60ff16ea2322a9d8395ac/element/f.F3EAD7D8D889EB61F600F49A8CF35C29.d.95D5BB7C1B86D4754058579CDE6790DF.e.7221/click - {}
RESULT: {}
COMMAND: GET /session/4e5157c5e3d60ff16ea2322a9d8395ac/screenshot - {}
RESULT: {}
COMMAND: POST /session/4e5157c5e3d60ff16ea2322a9d8395ac/element - {"using":"xpath","value":"//button[@data-kt=\"saveNewRuleButton\"]"}
RESULT: {"using":"xpath","value":"//button[@data-kt=\"saveNewRuleButton\"]"}
COMMAND: POST /session/4e5157c5e3d60ff16ea2322a9d8395ac/element/f.F3EAD7D8D889EB61F600F49A8CF35C29.d.95D5BB7C1B86D4754058579CDE6790DF.e.7205/click - {}
RESULT: {}
COMMAND: GET /session/4e5157c5e3d60ff16ea2322a9d8395ac/screenshot - {}
RESULT: {}
COMMAND: POST /session/4e5157c5e3d60ff16ea2322a9d8395ac/execute/async - {"script":"<script> [1562 bytes]","args":[{"selector":{"id":"application-managepricingrules-display-component---priceInfoItem--smartFilterBar-btnBasicSearch","interaction":{"idSuffix":"I"}},"wdio_ui5_key":"applicationmanagepricingrules-display-component---priceInfoItem--smartFilterBar-btnBasicSearch"}]}
RESULT: {"script":"<script> [1562 bytes]","args":[{"selector":{"id":"application-managepricingrules-display-component---priceInfoItem--smartFilterBar-btnBasicSearch","interaction":{"idSuffix":"I"}},"wdio_ui5_key":"applicationmanagepricingrules-display-component---priceInfoItem--smartFilterBar-btnBasicSearch"}]}
RESULT: undefined
COMMAND: POST /session/4e5157c5e3d60ff16ea2322a9d8395ac/execute/async - {"script":"<script> [776 bytes]","args":[{"enterText":"200173","selector":{"id":"application-managepricingrules-display-component---priceInfoItem--smartFilterBar-btnBasicSearch","interaction":{"idSuffix":"I"}},"clearTextFirst":true,"interactionType":"ENTER_TEXT"}]}
RESULT: {"script":"<script> [776 bytes]","args":[{"enterText":"200173","selector":{"id":"application-managepricingrules-display-component---priceInfoItem--smartFilterBar-btnBasicSearch","interaction":{"idSuffix":"I"}},"clearTextFirst":true,"interactionType":"ENTER_TEXT"}]}
COMMAND: POST /session/4e5157c5e3d60ff16ea2322a9d8395ac/actions - {"actions":[{"id":"action23","type":"key","parameters":{},"actions":[{"type":"keyDown","value":"î€‡"},{"type":"pause","duration":10},{"type":"keyUp","value":"î€‡"}]}]}
RESULT: {"actions":[{"id":"action23","type":"key","parameters":{},"actions":[{"type":"keyDown","value":"î€‡"},{"type":"pause","duration":10},{"type":"keyUp","value":"î€‡"}]}]}
COMMAND: GET /session/4e5157c5e3d60ff16ea2322a9d8395ac/screenshot - {}
RESULT: {}
COMMAND: POST /session/4e5157c5e3d60ff16ea2322a9d8395ac/element - {"using":"xpath","value":"//span[@id=\"application-managepricingrules-display-component---priceInfoItem--smartTable-header-inner\"]"}
RESULT: {"using":"xpath","value":"//span[@id=\"application-managepricingrules-display-component---priceInfoItem--smartTable-header-inner\"]"}
COMMAND: POST /session/4e5157c5e3d60ff16ea2322a9d8395ac/elements - {"using":"xpath","value":"//span[@id=\"application-managepricingrules-display-component---priceInfoItem--smartTable-header-inner\"]"}
RESULT: {"using":"xpath","value":"//span[@id=\"application-managepricingrules-display-component---priceInfoItem--smartTable-header-inner\"]"}
COMMAND: POST /session/4e5157c5e3d60ff16ea2322a9d8395ac/execute/sync - {"script":"<script> [56 bytes]","args":[{"element-6066-11e4-a52e-4f735466cecf":"f.F3EAD7D8D889EB61F600F49A8CF35C29.d.95D5BB7C1B86D4754058579CDE6790DF.e.7244","ELEMENT":"f.F3EAD7D8D889EB61F600F49A8CF35C29.d.95D5BB7C1B86D4754058579CDE6790DF.e.7244"}]}
RESULT: {"script":"<script> [56 bytes]","args":[{"element-6066-11e4-a52e-4f735466cecf":"f.F3EAD7D8D889EB61F600F49A8CF35C29.d.95D5BB7C1B86D4754058579CDE6790DF.e.7244","ELEMENT":"f.F3EAD7D8D889EB61F600F49A8CF35C29.d.95D5BB7C1B86D4754058579CDE6790DF.e.7244"}]}
COMMAND: POST /session/4e5157c5e3d60ff16ea2322a9d8395ac/element - {"using":"css selector","value":"#shell-header-logo"}
COMMAND: GET /session/4e5157c5e3d60ff16ea2322a9d8395ac/screenshot - {}
RESULT: {"using":"css selector","value":"#shell-header-logo"}
COMMAND: POST /session/4e5157c5e3d60ff16ea2322a9d8395ac/element/f.F3EAD7D8D889EB61F600F49A8CF35C29.d.95D5BB7C1B86D4754058579CDE6790DF.e.6462/click - {}
RESULT: {}
RESULT: {}
COMMAND: GET /session/4e5157c5e3d60ff16ea2322a9d8395ac/screenshot - {}
RESULT: {}
]]></system-out>
    </testcase>
    <testcase classname="chrome.135_0_7049_96.windows.US134625_Set_up_price_condition_-_one_time" name="Should create new condition one time" time="61.68">
      <system-out><![CDATA[
COMMAND: POST /session/4e5157c5e3d60ff16ea2322a9d8395ac/execute/async - {"script":"<script> [1562 bytes]","args":[{"selector":{"controlType":"sap.m.Text","properties":{"text":"Manage Conditions & Prices"},"interaction":{"idSuffix":"inner"}},"wdio_ui5_key":"sapm.Text{\"text\":\"Manage Conditions & Prices\"}"}]}
RESULT: {"script":"<script> [1562 bytes]","args":[{"selector":{"controlType":"sap.m.Text","properties":{"text":"Manage Conditions & Prices"},"interaction":{"idSuffix":"inner"}},"wdio_ui5_key":"sapm.Text{\"text\":\"Manage Conditions & Prices\"}"}]}
RESULT: undefined
COMMAND: POST /session/4e5157c5e3d60ff16ea2322a9d8395ac/element - {"using":"xpath","value":"//*[@id=\"__tile53-title\"]"}
RESULT: {"using":"xpath","value":"//*[@id=\"__tile53-title\"]"}
COMMAND: POST /session/4e5157c5e3d60ff16ea2322a9d8395ac/element/f.F3EAD7D8D889EB61F600F49A8CF35C29.d.95D5BB7C1B86D4754058579CDE6790DF.e.7247/click - {}
RESULT: {}
COMMAND: POST /session/4e5157c5e3d60ff16ea2322a9d8395ac/element - {"using":"xpath","value":"//button[@aria-label=\"Create\"]"}
COMMAND: GET /session/4e5157c5e3d60ff16ea2322a9d8395ac/screenshot - {}
RESULT: {"using":"xpath","value":"//button[@aria-label=\"Create\"]"}
COMMAND: POST /session/4e5157c5e3d60ff16ea2322a9d8395ac/elements - {"using":"xpath","value":"//button[@aria-label=\"Create\"]"}
RESULT: {}
RESULT: {"using":"xpath","value":"//button[@aria-label=\"Create\"]"}
COMMAND: POST /session/4e5157c5e3d60ff16ea2322a9d8395ac/elements - {"using":"xpath","value":"//button[@aria-label=\"Create\"]"}
RESULT: {"using":"xpath","value":"//button[@aria-label=\"Create\"]"}
COMMAND: POST /session/4e5157c5e3d60ff16ea2322a9d8395ac/elements - {"using":"xpath","value":"//button[@aria-label=\"Create\"]"}
RESULT: {"using":"xpath","value":"//button[@aria-label=\"Create\"]"}
COMMAND: POST /session/4e5157c5e3d60ff16ea2322a9d8395ac/elements - {"using":"xpath","value":"//button[@aria-label=\"Create\"]"}
RESULT: {"using":"xpath","value":"//button[@aria-label=\"Create\"]"}
COMMAND: POST /session/4e5157c5e3d60ff16ea2322a9d8395ac/elements - {"using":"xpath","value":"//button[@aria-label=\"Create\"]"}
RESULT: {"using":"xpath","value":"//button[@aria-label=\"Create\"]"}
COMMAND: POST /session/4e5157c5e3d60ff16ea2322a9d8395ac/elements - {"using":"xpath","value":"//button[@aria-label=\"Create\"]"}
RESULT: {"using":"xpath","value":"//button[@aria-label=\"Create\"]"}
COMMAND: POST /session/4e5157c5e3d60ff16ea2322a9d8395ac/elements - {"using":"xpath","value":"//button[@aria-label=\"Create\"]"}
RESULT: {"using":"xpath","value":"//button[@aria-label=\"Create\"]"}
COMMAND: POST /session/4e5157c5e3d60ff16ea2322a9d8395ac/elements - {"using":"xpath","value":"//button[@aria-label=\"Create\"]"}
RESULT: {"using":"xpath","value":"//button[@aria-label=\"Create\"]"}
COMMAND: POST /session/4e5157c5e3d60ff16ea2322a9d8395ac/elements - {"using":"xpath","value":"//button[@aria-label=\"Create\"]"}
RESULT: {"using":"xpath","value":"//button[@aria-label=\"Create\"]"}
COMMAND: POST /session/4e5157c5e3d60ff16ea2322a9d8395ac/elements - {"using":"xpath","value":"//button[@aria-label=\"Create\"]"}
RESULT: {"using":"xpath","value":"//button[@aria-label=\"Create\"]"}
COMMAND: POST /session/4e5157c5e3d60ff16ea2322a9d8395ac/element - {"using":"xpath","value":"//button[@aria-label=\"Create\"]"}
RESULT: {"using":"xpath","value":"//button[@aria-label=\"Create\"]"}
COMMAND: POST /session/4e5157c5e3d60ff16ea2322a9d8395ac/execute/sync - {"script":"<script> [8489 bytes]","args":[{"element-6066-11e4-a52e-4f735466cecf":"f.F3EAD7D8D889EB61F600F49A8CF35C29.d.95D5BB7C1B86D4754058579CDE6790DF.e.7281","ELEMENT":"f.F3EAD7D8D889EB61F600F49A8CF35C29.d.95D5BB7C1B86D4754058579CDE6790DF.e.7281"}]}
RESULT: {"script":"<script> [8489 bytes]","args":[{"element-6066-11e4-a52e-4f735466cecf":"f.F3EAD7D8D889EB61F600F49A8CF35C29.d.95D5BB7C1B86D4754058579CDE6790DF.e.7281","ELEMENT":"f.F3EAD7D8D889EB61F600F49A8CF35C29.d.95D5BB7C1B86D4754058579CDE6790DF.e.7281"}]}
COMMAND: GET /session/4e5157c5e3d60ff16ea2322a9d8395ac/element/f.F3EAD7D8D889EB61F600F49A8CF35C29.d.95D5BB7C1B86D4754058579CDE6790DF.e.7281/enabled - {}
COMMAND: GET /session/4e5157c5e3d60ff16ea2322a9d8395ac/screenshot - {}
RESULT: {}
COMMAND: POST /session/4e5157c5e3d60ff16ea2322a9d8395ac/execute/sync - {"script":"<script> [8489 bytes]","args":[{"element-6066-11e4-a52e-4f735466cecf":"f.F3EAD7D8D889EB61F600F49A8CF35C29.d.95D5BB7C1B86D4754058579CDE6790DF.e.7281","ELEMENT":"f.F3EAD7D8D889EB61F600F49A8CF35C29.d.95D5BB7C1B86D4754058579CDE6790DF.e.7281"}]}
COMMAND: GET /session/4e5157c5e3d60ff16ea2322a9d8395ac/screenshot - {}
RESULT: {}
RESULT: {"script":"<script> [8489 bytes]","args":[{"element-6066-11e4-a52e-4f735466cecf":"f.F3EAD7D8D889EB61F600F49A8CF35C29.d.95D5BB7C1B86D4754058579CDE6790DF.e.7281","ELEMENT":"f.F3EAD7D8D889EB61F600F49A8CF35C29.d.95D5BB7C1B86D4754058579CDE6790DF.e.7281"}]}
COMMAND: POST /session/4e5157c5e3d60ff16ea2322a9d8395ac/execute/sync - {"script":"<script> [5351 bytes]","args":[{"element-6066-11e4-a52e-4f735466cecf":"f.F3EAD7D8D889EB61F600F49A8CF35C29.d.95D5BB7C1B86D4754058579CDE6790DF.e.7281","ELEMENT":"f.F3EAD7D8D889EB61F600F49A8CF35C29.d.95D5BB7C1B86D4754058579CDE6790DF.e.7281"}]}
COMMAND: GET /session/4e5157c5e3d60ff16ea2322a9d8395ac/screenshot - {}
RESULT: {}
RESULT: {"script":"<script> [5351 bytes]","args":[{"element-6066-11e4-a52e-4f735466cecf":"f.F3EAD7D8D889EB61F600F49A8CF35C29.d.95D5BB7C1B86D4754058579CDE6790DF.e.7281","ELEMENT":"f.F3EAD7D8D889EB61F600F49A8CF35C29.d.95D5BB7C1B86D4754058579CDE6790DF.e.7281"}]}
COMMAND: POST /session/4e5157c5e3d60ff16ea2322a9d8395ac/element/f.F3EAD7D8D889EB61F600F49A8CF35C29.d.95D5BB7C1B86D4754058579CDE6790DF.e.7281/click - {}
COMMAND: GET /session/4e5157c5e3d60ff16ea2322a9d8395ac/screenshot - {}
RESULT: {}
RESULT: {}
COMMAND: GET /session/4e5157c5e3d60ff16ea2322a9d8395ac/screenshot - {}
RESULT: {}
RESULT: {}
COMMAND: POST /session/4e5157c5e3d60ff16ea2322a9d8395ac/actions - {"actions":[{"id":"action24","type":"key","parameters":{},"actions":[{"type":"keyDown","value":"î€‡"},{"type":"pause","duration":10},{"type":"keyUp","value":"î€‡"}]}]}
RESULT: {"actions":[{"id":"action24","type":"key","parameters":{},"actions":[{"type":"keyDown","value":"î€‡"},{"type":"pause","duration":10},{"type":"keyUp","value":"î€‡"}]}]}
COMMAND: GET /session/4e5157c5e3d60ff16ea2322a9d8395ac/screenshot - {}
RESULT: {}
COMMAND: POST /session/4e5157c5e3d60ff16ea2322a9d8395ac/execute/async - {"script":"<script> [1562 bytes]","args":[{"selector":{"id":"application-manageconditionprice-display-component---newCondition--condBillCond-arrow"},"wdio_ui5_key":"applicationmanageconditionprice-display-component---newCondition--condBillCond-arrow"}]}
RESULT: {"script":"<script> [1562 bytes]","args":[{"selector":{"id":"application-manageconditionprice-display-component---newCondition--condBillCond-arrow"},"wdio_ui5_key":"applicationmanageconditionprice-display-component---newCondition--condBillCond-arrow"}]}
RESULT: undefined
COMMAND: POST /session/4e5157c5e3d60ff16ea2322a9d8395ac/element - {"using":"xpath","value":"//*[@id=\"application-manageconditionprice-display-component---newCondition--condBillCond-arrow\"]"}
RESULT: {"using":"xpath","value":"//*[@id=\"application-manageconditionprice-display-component---newCondition--condBillCond-arrow\"]"}
COMMAND: POST /session/4e5157c5e3d60ff16ea2322a9d8395ac/element/f.F3EAD7D8D889EB61F600F49A8CF35C29.d.95D5BB7C1B86D4754058579CDE6790DF.e.7461/click - {}
RESULT: {}
COMMAND: GET /session/4e5157c5e3d60ff16ea2322a9d8395ac/screenshot - {}
RESULT: {}
COMMAND: POST /session/4e5157c5e3d60ff16ea2322a9d8395ac/element - {"using":"xpath","value":"//li[.//span[contains(text(), \"SAPR - Sales price\")]]"}
RESULT: {"using":"xpath","value":"//li[.//span[contains(text(), \"SAPR - Sales price\")]]"}
COMMAND: POST /session/4e5157c5e3d60ff16ea2322a9d8395ac/element/f.F3EAD7D8D889EB61F600F49A8CF35C29.d.95D5BB7C1B86D4754058579CDE6790DF.e.7464/click - {}
RESULT: {}
COMMAND: GET /session/4e5157c5e3d60ff16ea2322a9d8395ac/screenshot - {}
RESULT: {}
COMMAND: POST /session/4e5157c5e3d60ff16ea2322a9d8395ac/execute/async - {"script":"<script> [1562 bytes]","args":[{"selector":{"id":"application-manageconditionprice-display-component---newCondition--condValidTo","interaction":{"idSuffix":"inner"}},"wdio_ui5_key":"applicationmanageconditionprice-display-component---newCondition--condValidTo"}]}
RESULT: {"script":"<script> [1562 bytes]","args":[{"selector":{"id":"application-manageconditionprice-display-component---newCondition--condValidTo","interaction":{"idSuffix":"inner"}},"wdio_ui5_key":"applicationmanageconditionprice-display-component---newCondition--condValidTo"}]}
RESULT: undefined
COMMAND: POST /session/4e5157c5e3d60ff16ea2322a9d8395ac/execute/async - {"script":"<script> [776 bytes]","args":[{"enterText":"12/29/25","selector":{"id":"application-manageconditionprice-display-component---newCondition--condValidTo","interaction":{"idSuffix":"inner"}},"clearTextFirst":true,"interactionType":"ENTER_TEXT"}]}
RESULT: {"script":"<script> [776 bytes]","args":[{"enterText":"12/29/25","selector":{"id":"application-manageconditionprice-display-component---newCondition--condValidTo","interaction":{"idSuffix":"inner"}},"clearTextFirst":true,"interactionType":"ENTER_TEXT"}]}
COMMAND: POST /session/4e5157c5e3d60ff16ea2322a9d8395ac/element - {"using":"xpath","value":"//input[@id=\"application-manageconditionprice-display-component---newCondition--condRU-inner\"]"}
RESULT: {"using":"xpath","value":"//input[@id=\"application-manageconditionprice-display-component---newCondition--condRU-inner\"]"}
COMMAND: POST /session/4e5157c5e3d60ff16ea2322a9d8395ac/element/f.F3EAD7D8D889EB61F600F49A8CF35C29.d.95D5BB7C1B86D4754058579CDE6790DF.e.7297/clear - {}
RESULT: {}
COMMAND: POST /session/4e5157c5e3d60ff16ea2322a9d8395ac/element/f.F3EAD7D8D889EB61F600F49A8CF35C29.d.95D5BB7C1B86D4754058579CDE6790DF.e.7297/value - {"text":"200173"}
COMMAND: GET /session/4e5157c5e3d60ff16ea2322a9d8395ac/screenshot - {}
RESULT: {"text":"200173"}
COMMAND: GET /session/4e5157c5e3d60ff16ea2322a9d8395ac/screenshot - {}
RESULT: {}
RESULT: {}
COMMAND: POST /session/4e5157c5e3d60ff16ea2322a9d8395ac/actions - {"actions":[{"id":"action25","type":"key","parameters":{},"actions":[{"type":"keyDown","value":"î€‡"},{"type":"pause","duration":10},{"type":"keyUp","value":"î€‡"}]}]}
RESULT: {"actions":[{"id":"action25","type":"key","parameters":{},"actions":[{"type":"keyDown","value":"î€‡"},{"type":"pause","duration":10},{"type":"keyUp","value":"î€‡"}]}]}
COMMAND: POST /session/4e5157c5e3d60ff16ea2322a9d8395ac/execute/async - {"script":"<script> [1562 bytes]","args":[{"selector":{"id":"application-manageconditionprice-display-component---newCondition--condBaseQty","interaction":{"idSuffix":"inner"}},"wdio_ui5_key":"applicationmanageconditionprice-display-component---newCondition--condBaseQty"}]}
COMMAND: GET /session/4e5157c5e3d60ff16ea2322a9d8395ac/screenshot - {}
RESULT: {"script":"<script> [1562 bytes]","args":[{"selector":{"id":"application-manageconditionprice-display-component---newCondition--condBaseQty","interaction":{"idSuffix":"inner"}},"wdio_ui5_key":"applicationmanageconditionprice-display-component---newCondition--condBaseQty"}]}
RESULT: undefined
COMMAND: POST /session/4e5157c5e3d60ff16ea2322a9d8395ac/execute/async - {"script":"<script> [776 bytes]","args":[{"enterText":"1","selector":{"id":"application-manageconditionprice-display-component---newCondition--condBaseQty","interaction":{"idSuffix":"inner"}},"clearTextFirst":true,"interactionType":"ENTER_TEXT"}]}
RESULT: {}
RESULT: {"script":"<script> [776 bytes]","args":[{"enterText":"1","selector":{"id":"application-manageconditionprice-display-component---newCondition--condBaseQty","interaction":{"idSuffix":"inner"}},"clearTextFirst":true,"interactionType":"ENTER_TEXT"}]}
COMMAND: POST /session/4e5157c5e3d60ff16ea2322a9d8395ac/execute/async - {"script":"<script> [1562 bytes]","args":[{"selector":{"id":"application-manageconditionprice-display-component---newCondition--condValue","interaction":{"idSuffix":"inner"}},"wdio_ui5_key":"applicationmanageconditionprice-display-component---newCondition--condValue"}]}
RESULT: {"script":"<script> [1562 bytes]","args":[{"selector":{"id":"application-manageconditionprice-display-component---newCondition--condValue","interaction":{"idSuffix":"inner"}},"wdio_ui5_key":"applicationmanageconditionprice-display-component---newCondition--condValue"}]}
RESULT: undefined
COMMAND: POST /session/4e5157c5e3d60ff16ea2322a9d8395ac/execute/async - {"script":"<script> [776 bytes]","args":[{"enterText":"100.00","selector":{"id":"application-manageconditionprice-display-component---newCondition--condValue","interaction":{"idSuffix":"inner"}},"clearTextFirst":true,"interactionType":"ENTER_TEXT"}]}
RESULT: {"script":"<script> [776 bytes]","args":[{"enterText":"100.00","selector":{"id":"application-manageconditionprice-display-component---newCondition--condValue","interaction":{"idSuffix":"inner"}},"clearTextFirst":true,"interactionType":"ENTER_TEXT"}]}
COMMAND: POST /session/4e5157c5e3d60ff16ea2322a9d8395ac/execute/async - {"script":"<script> [1562 bytes]","args":[{"selector":{"id":"application-manageconditionprice-display-component---newCondition--condCurr-arrow"},"wdio_ui5_key":"applicationmanageconditionprice-display-component---newCondition--condCurr-arrow"}]}
RESULT: {"script":"<script> [1562 bytes]","args":[{"selector":{"id":"application-manageconditionprice-display-component---newCondition--condCurr-arrow"},"wdio_ui5_key":"applicationmanageconditionprice-display-component---newCondition--condCurr-arrow"}]}
RESULT: undefined
COMMAND: POST /session/4e5157c5e3d60ff16ea2322a9d8395ac/element - {"using":"xpath","value":"//*[@id=\"application-manageconditionprice-display-component---newCondition--condCurr-arrow\"]"}
RESULT: {"using":"xpath","value":"//*[@id=\"application-manageconditionprice-display-component---newCondition--condCurr-arrow\"]"}
COMMAND: POST /session/4e5157c5e3d60ff16ea2322a9d8395ac/element/f.F3EAD7D8D889EB61F600F49A8CF35C29.d.95D5BB7C1B86D4754058579CDE6790DF.e.7439/click - {}
RESULT: {}
COMMAND: POST /session/4e5157c5e3d60ff16ea2322a9d8395ac/element - {"using":"xpath","value":"//span[contains(text(), \"Euro\")]"}
COMMAND: GET /session/4e5157c5e3d60ff16ea2322a9d8395ac/screenshot - {}
RESULT: {"using":"xpath","value":"//span[contains(text(), \"Euro\")]"}
COMMAND: POST /session/4e5157c5e3d60ff16ea2322a9d8395ac/element/f.F3EAD7D8D889EB61F600F49A8CF35C29.d.95D5BB7C1B86D4754058579CDE6790DF.e.7502/click - {}
RESULT: {}
RESULT: {}
COMMAND: POST /session/4e5157c5e3d60ff16ea2322a9d8395ac/element - {"using":"xpath","value":"//button[@data-kt=\"saveButton\"]"}
COMMAND: GET /session/4e5157c5e3d60ff16ea2322a9d8395ac/screenshot - {}
RESULT: {"using":"xpath","value":"//button[@data-kt=\"saveButton\"]"}
COMMAND: POST /session/4e5157c5e3d60ff16ea2322a9d8395ac/element/f.F3EAD7D8D889EB61F600F49A8CF35C29.d.95D5BB7C1B86D4754058579CDE6790DF.e.7440/click - {}
RESULT: {}
RESULT: {}
COMMAND: GET /session/4e5157c5e3d60ff16ea2322a9d8395ac/screenshot - {}
RESULT: {}
COMMAND: POST /session/4e5157c5e3d60ff16ea2322a9d8395ac/execute/async - {"script":"<script> [1562 bytes]","args":[{"selector":{"id":"application-manageconditionprice-display-component---conditions--smartFilterBar-btnBasicSearch","interaction":{"idSuffix":"I"}},"wdio_ui5_key":"applicationmanageconditionprice-display-component---conditions--smartFilterBar-btnBasicSearch"}]}
RESULT: {"script":"<script> [1562 bytes]","args":[{"selector":{"id":"application-manageconditionprice-display-component---conditions--smartFilterBar-btnBasicSearch","interaction":{"idSuffix":"I"}},"wdio_ui5_key":"applicationmanageconditionprice-display-component---conditions--smartFilterBar-btnBasicSearch"}]}
RESULT: undefined
COMMAND: POST /session/4e5157c5e3d60ff16ea2322a9d8395ac/execute/async - {"script":"<script> [776 bytes]","args":[{"enterText":"200173","selector":{"id":"application-manageconditionprice-display-component---conditions--smartFilterBar-btnBasicSearch","interaction":{"idSuffix":"I"}},"clearTextFirst":true,"interactionType":"ENTER_TEXT"}]}
RESULT: {"script":"<script> [776 bytes]","args":[{"enterText":"200173","selector":{"id":"application-manageconditionprice-display-component---conditions--smartFilterBar-btnBasicSearch","interaction":{"idSuffix":"I"}},"clearTextFirst":true,"interactionType":"ENTER_TEXT"}]}
COMMAND: POST /session/4e5157c5e3d60ff16ea2322a9d8395ac/actions - {"actions":[{"id":"action26","type":"key","parameters":{},"actions":[{"type":"keyDown","value":"î€‡"},{"type":"pause","duration":10},{"type":"keyUp","value":"î€‡"}]}]}
RESULT: {"actions":[{"id":"action26","type":"key","parameters":{},"actions":[{"type":"keyDown","value":"î€‡"},{"type":"pause","duration":10},{"type":"keyUp","value":"î€‡"}]}]}
COMMAND: GET /session/4e5157c5e3d60ff16ea2322a9d8395ac/screenshot - {}
RESULT: {}
COMMAND: POST /session/4e5157c5e3d60ff16ea2322a9d8395ac/execute/async - {"script":"<script> [1562 bytes]","args":[{"selector":{"id":"application-manageconditionprice-display-component---conditions--smartFilterBar-filterItemControl_BASIC-BILL_TYPES-vhi"},"wdio_ui5_key":"applicationmanageconditionprice-display-component---conditions--smartFilterBar-filterItemControl_BASIC-BILL_TYPES-vhi"}]}
RESULT: {"script":"<script> [1562 bytes]","args":[{"selector":{"id":"application-manageconditionprice-display-component---conditions--smartFilterBar-filterItemControl_BASIC-BILL_TYPES-vhi"},"wdio_ui5_key":"applicationmanageconditionprice-display-component---conditions--smartFilterBar-filterItemControl_BASIC-BILL_TYPES-vhi"}]}
RESULT: undefined
COMMAND: POST /session/4e5157c5e3d60ff16ea2322a9d8395ac/element - {"using":"xpath","value":"//*[@id=\"application-manageconditionprice-display-component---conditions--smartFilterBar-filterItemControl_BASIC-BILL_TYPES-vhi\"]"}
RESULT: {"using":"xpath","value":"//*[@id=\"application-manageconditionprice-display-component---conditions--smartFilterBar-filterItemControl_BASIC-BILL_TYPES-vhi\"]"}
COMMAND: POST /session/4e5157c5e3d60ff16ea2322a9d8395ac/element/f.F3EAD7D8D889EB61F600F49A8CF35C29.d.95D5BB7C1B86D4754058579CDE6790DF.e.7518/click - {}
RESULT: {}
COMMAND: POST /session/4e5157c5e3d60ff16ea2322a9d8395ac/execute/async - {"script":"<script> [1562 bytes]","args":[{"selector":{"id":"application-manageconditionprice-display-component---conditions--smartFilterBar-filterItemControl_BASIC-BILL_TYPES-valueHelpDialog-smartFilterBar-btnBasicSearch","searchOpenDialogs":true,"interaction":{"idSuffix":"I"}},"wdio_ui5_key":"applicationmanageconditionprice-display-component---conditions--smartFilterBar-filterItemControl_BASIC-BILL_TYPES-valueHelpDialog-smartFilterBar-btnBasicSearch"}]}
COMMAND: GET /session/4e5157c5e3d60ff16ea2322a9d8395ac/screenshot - {}
RESULT: {"script":"<script> [1562 bytes]","args":[{"selector":{"id":"application-manageconditionprice-display-component---conditions--smartFilterBar-filterItemControl_BASIC-BILL_TYPES-valueHelpDialog-smartFilterBar-btnBasicSearch","searchOpenDialogs":true,"interaction":{"idSuffix":"I"}},"wdio_ui5_key":"applicationmanageconditionprice-display-component---conditions--smartFilterBar-filterItemControl_BASIC-BILL_TYPES-valueHelpDialog-smartFilterBar-btnBasicSearch"}]}
RESULT: undefined
COMMAND: POST /session/4e5157c5e3d60ff16ea2322a9d8395ac/execute/async - {"script":"<script> [776 bytes]","args":[{"enterText":"one","selector":{"id":"application-manageconditionprice-display-component---conditions--smartFilterBar-filterItemControl_BASIC-BILL_TYPES-valueHelpDialog-smartFilterBar-btnBasicSearch","searchOpenDialogs":true,"interaction":{"idSuffix":"I"}},"clearTextFirst":true,"interactionType":"ENTER_TEXT"}]}
RESULT: {}
RESULT: {"script":"<script> [776 bytes]","args":[{"enterText":"one","selector":{"id":"application-manageconditionprice-display-component---conditions--smartFilterBar-filterItemControl_BASIC-BILL_TYPES-valueHelpDialog-smartFilterBar-btnBasicSearch","searchOpenDialogs":true,"interaction":{"idSuffix":"I"}},"clearTextFirst":true,"interactionType":"ENTER_TEXT"}]}
COMMAND: POST /session/4e5157c5e3d60ff16ea2322a9d8395ac/actions - {"actions":[{"id":"action27","type":"key","parameters":{},"actions":[{"type":"keyDown","value":"î€‡"},{"type":"pause","duration":10},{"type":"keyUp","value":"î€‡"}]}]}
RESULT: {"actions":[{"id":"action27","type":"key","parameters":{},"actions":[{"type":"keyDown","value":"î€‡"},{"type":"pause","duration":10},{"type":"keyUp","value":"î€‡"}]}]}
COMMAND: GET /session/4e5157c5e3d60ff16ea2322a9d8395ac/screenshot - {}
RESULT: {}
COMMAND: POST /session/4e5157c5e3d60ff16ea2322a9d8395ac/element - {"using":"xpath","value":"//div[contains(@id, 'application-manageconditionprice-display-component---conditions--smartFilterBar-filterItemControl_BASIC-BILL_TYPES-valueHelpDialog-table-rowsel0')]"}
RESULT: {"using":"xpath","value":"//div[contains(@id, 'application-manageconditionprice-display-component---conditions--smartFilterBar-filterItemControl_BASIC-BILL_TYPES-valueHelpDialog-table-rowsel0')]"}
COMMAND: POST /session/4e5157c5e3d60ff16ea2322a9d8395ac/element/f.F3EAD7D8D889EB61F600F49A8CF35C29.d.95D5BB7C1B86D4754058579CDE6790DF.e.7528/click - {}
RESULT: {}
COMMAND: GET /session/4e5157c5e3d60ff16ea2322a9d8395ac/screenshot - {}
RESULT: {}
COMMAND: POST /session/4e5157c5e3d60ff16ea2322a9d8395ac/element - {"using":"xpath","value":"//bdi[contains(text(), \"OK\")]"}
RESULT: {"using":"xpath","value":"//bdi[contains(text(), \"OK\")]"}
COMMAND: POST /session/4e5157c5e3d60ff16ea2322a9d8395ac/element/f.F3EAD7D8D889EB61F600F49A8CF35C29.d.95D5BB7C1B86D4754058579CDE6790DF.e.7530/click - {}
RESULT: {}
COMMAND: GET /session/4e5157c5e3d60ff16ea2322a9d8395ac/screenshot - {}
RESULT: {}
COMMAND: POST /session/4e5157c5e3d60ff16ea2322a9d8395ac/element - {"using":"xpath","value":"//span[@id=\"application-manageconditionprice-display-component---conditions--smartTable-header-inner\"]"}
RESULT: {"using":"xpath","value":"//span[@id=\"application-manageconditionprice-display-component---conditions--smartTable-header-inner\"]"}
COMMAND: POST /session/4e5157c5e3d60ff16ea2322a9d8395ac/elements - {"using":"xpath","value":"//span[@id=\"application-manageconditionprice-display-component---conditions--smartTable-header-inner\"]"}
RESULT: {"using":"xpath","value":"//span[@id=\"application-manageconditionprice-display-component---conditions--smartTable-header-inner\"]"}
COMMAND: POST /session/4e5157c5e3d60ff16ea2322a9d8395ac/execute/sync - {"script":"<script> [56 bytes]","args":[{"element-6066-11e4-a52e-4f735466cecf":"f.F3EAD7D8D889EB61F600F49A8CF35C29.d.95D5BB7C1B86D4754058579CDE6790DF.e.7533","ELEMENT":"f.F3EAD7D8D889EB61F600F49A8CF35C29.d.95D5BB7C1B86D4754058579CDE6790DF.e.7533"}]}
RESULT: {"script":"<script> [56 bytes]","args":[{"element-6066-11e4-a52e-4f735466cecf":"f.F3EAD7D8D889EB61F600F49A8CF35C29.d.95D5BB7C1B86D4754058579CDE6790DF.e.7533","ELEMENT":"f.F3EAD7D8D889EB61F600F49A8CF35C29.d.95D5BB7C1B86D4754058579CDE6790DF.e.7533"}]}
COMMAND: POST /session/4e5157c5e3d60ff16ea2322a9d8395ac/element - {"using":"css selector","value":"#shell-header-logo"}
COMMAND: GET /session/4e5157c5e3d60ff16ea2322a9d8395ac/screenshot - {}
RESULT: {"using":"css selector","value":"#shell-header-logo"}
COMMAND: POST /session/4e5157c5e3d60ff16ea2322a9d8395ac/element/f.F3EAD7D8D889EB61F600F49A8CF35C29.d.95D5BB7C1B86D4754058579CDE6790DF.e.7249/click - {}
RESULT: {}
RESULT: {}
COMMAND: GET /session/4e5157c5e3d60ff16ea2322a9d8395ac/screenshot - {}
RESULT: {}
]]></system-out>
    </testcase>
    <testcase classname="chrome.135_0_7049_96.windows.US134625_Set_up_price_condition_-_one_time" name="Should create a new contract" time="54.803">
      <system-out><![CDATA[
COMMAND: POST /session/4e5157c5e3d60ff16ea2322a9d8395ac/execute/async - {"script":"<script> [1562 bytes]","args":[{"selector":{"controlType":"sap.m.Text","viewName":"etm.portal.ui.managecontractstile.view.Master","properties":{"text":"Manage Contracts"},"interaction":{"idSuffix":"inner"}},"wdio_ui5_key":"etmportal.ui.managecontractstile.view.Mastersap.m.Text{\"text\":\"Manage Contracts\"}"}]}
RESULT: {"script":"<script> [1562 bytes]","args":[{"selector":{"controlType":"sap.m.Text","viewName":"etm.portal.ui.managecontractstile.view.Master","properties":{"text":"Manage Contracts"},"interaction":{"idSuffix":"inner"}},"wdio_ui5_key":"etmportal.ui.managecontractstile.view.Mastersap.m.Text{\"text\":\"Manage Contracts\"}"}]}
RESULT: undefined
COMMAND: POST /session/4e5157c5e3d60ff16ea2322a9d8395ac/element - {"using":"xpath","value":"//*[@id=\"__tile130-title\"]"}
RESULT: {"using":"xpath","value":"//*[@id=\"__tile130-title\"]"}
COMMAND: POST /session/4e5157c5e3d60ff16ea2322a9d8395ac/element/f.F3EAD7D8D889EB61F600F49A8CF35C29.d.95D5BB7C1B86D4754058579CDE6790DF.e.7537/click - {}
RESULT: {}
COMMAND: GET /session/4e5157c5e3d60ff16ea2322a9d8395ac/screenshot - {}
RESULT: {}
COMMAND: POST /session/4e5157c5e3d60ff16ea2322a9d8395ac/element - {"using":"xpath","value":"//button[@data-kt=\"addButton\"]"}
RESULT: {"using":"xpath","value":"//button[@data-kt=\"addButton\"]"}
COMMAND: POST /session/4e5157c5e3d60ff16ea2322a9d8395ac/elements - {"using":"xpath","value":"//button[@data-kt=\"addButton\"]"}
RESULT: {"using":"xpath","value":"//button[@data-kt=\"addButton\"]"}
COMMAND: POST /session/4e5157c5e3d60ff16ea2322a9d8395ac/elements - {"using":"xpath","value":"//button[@data-kt=\"addButton\"]"}
RESULT: {"using":"xpath","value":"//button[@data-kt=\"addButton\"]"}
COMMAND: POST /session/4e5157c5e3d60ff16ea2322a9d8395ac/element - {"using":"xpath","value":"//button[@data-kt=\"addButton\"]"}
RESULT: {"using":"xpath","value":"//button[@data-kt=\"addButton\"]"}
COMMAND: POST /session/4e5157c5e3d60ff16ea2322a9d8395ac/execute/sync - {"script":"<script> [8489 bytes]","args":[{"element-6066-11e4-a52e-4f735466cecf":"f.F3EAD7D8D889EB61F600F49A8CF35C29.d.95D5BB7C1B86D4754058579CDE6790DF.e.7578","ELEMENT":"f.F3EAD7D8D889EB61F600F49A8CF35C29.d.95D5BB7C1B86D4754058579CDE6790DF.e.7578"}]}
RESULT: {"script":"<script> [8489 bytes]","args":[{"element-6066-11e4-a52e-4f735466cecf":"f.F3EAD7D8D889EB61F600F49A8CF35C29.d.95D5BB7C1B86D4754058579CDE6790DF.e.7578","ELEMENT":"f.F3EAD7D8D889EB61F600F49A8CF35C29.d.95D5BB7C1B86D4754058579CDE6790DF.e.7578"}]}
COMMAND: GET /session/4e5157c5e3d60ff16ea2322a9d8395ac/element/f.F3EAD7D8D889EB61F600F49A8CF35C29.d.95D5BB7C1B86D4754058579CDE6790DF.e.7578/enabled - {}
COMMAND: GET /session/4e5157c5e3d60ff16ea2322a9d8395ac/screenshot - {}
RESULT: {}
COMMAND: POST /session/4e5157c5e3d60ff16ea2322a9d8395ac/execute/sync - {"script":"<script> [8489 bytes]","args":[{"element-6066-11e4-a52e-4f735466cecf":"f.F3EAD7D8D889EB61F600F49A8CF35C29.d.95D5BB7C1B86D4754058579CDE6790DF.e.7578","ELEMENT":"f.F3EAD7D8D889EB61F600F49A8CF35C29.d.95D5BB7C1B86D4754058579CDE6790DF.e.7578"}]}
COMMAND: GET /session/4e5157c5e3d60ff16ea2322a9d8395ac/screenshot - {}
RESULT: {}
RESULT: {"script":"<script> [8489 bytes]","args":[{"element-6066-11e4-a52e-4f735466cecf":"f.F3EAD7D8D889EB61F600F49A8CF35C29.d.95D5BB7C1B86D4754058579CDE6790DF.e.7578","ELEMENT":"f.F3EAD7D8D889EB61F600F49A8CF35C29.d.95D5BB7C1B86D4754058579CDE6790DF.e.7578"}]}
COMMAND: POST /session/4e5157c5e3d60ff16ea2322a9d8395ac/execute/sync - {"script":"<script> [5351 bytes]","args":[{"element-6066-11e4-a52e-4f735466cecf":"f.F3EAD7D8D889EB61F600F49A8CF35C29.d.95D5BB7C1B86D4754058579CDE6790DF.e.7578","ELEMENT":"f.F3EAD7D8D889EB61F600F49A8CF35C29.d.95D5BB7C1B86D4754058579CDE6790DF.e.7578"}]}
COMMAND: GET /session/4e5157c5e3d60ff16ea2322a9d8395ac/screenshot - {}
RESULT: {}
RESULT: {"script":"<script> [5351 bytes]","args":[{"element-6066-11e4-a52e-4f735466cecf":"f.F3EAD7D8D889EB61F600F49A8CF35C29.d.95D5BB7C1B86D4754058579CDE6790DF.e.7578","ELEMENT":"f.F3EAD7D8D889EB61F600F49A8CF35C29.d.95D5BB7C1B86D4754058579CDE6790DF.e.7578"}]}
COMMAND: GET /session/4e5157c5e3d60ff16ea2322a9d8395ac/screenshot - {}
RESULT: {}
RESULT: {}
COMMAND: POST /session/4e5157c5e3d60ff16ea2322a9d8395ac/element/f.F3EAD7D8D889EB61F600F49A8CF35C29.d.95D5BB7C1B86D4754058579CDE6790DF.e.7578/click - {}
RESULT: {}
COMMAND: GET /session/4e5157c5e3d60ff16ea2322a9d8395ac/screenshot - {}
COMMAND: POST /session/4e5157c5e3d60ff16ea2322a9d8395ac/execute/async - {"script":"<script> [1562 bytes]","args":[{"selector":{"id":"application-managecontracts-display-component---AddNewContract--projectDescription","interaction":{"idSuffix":"inner"}},"wdio_ui5_key":"applicationmanagecontracts-display-component---AddNewContract--projectDescription"}]}
RESULT: {}
RESULT: {"script":"<script> [1562 bytes]","args":[{"selector":{"id":"application-managecontracts-display-component---AddNewContract--projectDescription","interaction":{"idSuffix":"inner"}},"wdio_ui5_key":"applicationmanagecontracts-display-component---AddNewContract--projectDescription"}]}
RESULT: undefined
COMMAND: POST /session/4e5157c5e3d60ff16ea2322a9d8395ac/execute/async - {"script":"<script> [776 bytes]","args":[{"enterText":"Intercompany Contract WDIO","selector":{"id":"application-managecontracts-display-component---AddNewContract--projectDescription","interaction":{"idSuffix":"inner"}},"clearTextFirst":true,"interactionType":"ENTER_TEXT"}]}
RESULT: {"script":"<script> [776 bytes]","args":[{"enterText":"Intercompany Contract WDIO","selector":{"id":"application-managecontracts-display-component---AddNewContract--projectDescription","interaction":{"idSuffix":"inner"}},"clearTextFirst":true,"interactionType":"ENTER_TEXT"}]}
COMMAND: POST /session/4e5157c5e3d60ff16ea2322a9d8395ac/element - {"using":"xpath","value":"//input[@id=\"application-managecontracts-display-component---AddNewContract--site-inner\"]"}
RESULT: {"using":"xpath","value":"//input[@id=\"application-managecontracts-display-component---AddNewContract--site-inner\"]"}
COMMAND: POST /session/4e5157c5e3d60ff16ea2322a9d8395ac/element/f.F3EAD7D8D889EB61F600F49A8CF35C29.d.95D5BB7C1B86D4754058579CDE6790DF.e.7916/clear - {}
RESULT: {}
COMMAND: POST /session/4e5157c5e3d60ff16ea2322a9d8395ac/element/f.F3EAD7D8D889EB61F600F49A8CF35C29.d.95D5BB7C1B86D4754058579CDE6790DF.e.7916/value - {"text":"2214"}
COMMAND: GET /session/4e5157c5e3d60ff16ea2322a9d8395ac/screenshot - {}
RESULT: {"text":"2214"}
COMMAND: GET /session/4e5157c5e3d60ff16ea2322a9d8395ac/screenshot - {}
RESULT: {}
RESULT: {}
COMMAND: POST /session/4e5157c5e3d60ff16ea2322a9d8395ac/element - {"using":"xpath","value":"//li[.//span[text()='2214']]"}
RESULT: {"using":"xpath","value":"//li[.//span[text()='2214']]"}
COMMAND: POST /session/4e5157c5e3d60ff16ea2322a9d8395ac/element/f.F3EAD7D8D889EB61F600F49A8CF35C29.d.95D5BB7C1B86D4754058579CDE6790DF.e.7950/click - {}
RESULT: {}
COMMAND: GET /session/4e5157c5e3d60ff16ea2322a9d8395ac/screenshot - {}
RESULT: {}
COMMAND: POST /session/4e5157c5e3d60ff16ea2322a9d8395ac/element - {"using":"xpath","value":"//input[@id=\"application-managecontracts-display-component---AddNewContract--yardId-inner\"]"}
RESULT: {"using":"xpath","value":"//input[@id=\"application-managecontracts-display-component---AddNewContract--yardId-inner\"]"}
COMMAND: GET /session/4e5157c5e3d60ff16ea2322a9d8395ac/element/f.F3EAD7D8D889EB61F600F49A8CF35C29.d.95D5BB7C1B86D4754058579CDE6790DF.e.7917/property/value - {}
RESULT: {}
COMMAND: POST /session/4e5157c5e3d60ff16ea2322a9d8395ac/element - {"using":"xpath","value":"//input[@id=\"application-managecontracts-display-component---AddNewContract--customerSelect-inner\"]"}
COMMAND: GET /session/4e5157c5e3d60ff16ea2322a9d8395ac/screenshot - {}
RESULT: {"using":"xpath","value":"//input[@id=\"application-managecontracts-display-component---AddNewContract--customerSelect-inner\"]"}
COMMAND: POST /session/4e5157c5e3d60ff16ea2322a9d8395ac/element/f.F3EAD7D8D889EB61F600F49A8CF35C29.d.95D5BB7C1B86D4754058579CDE6790DF.e.7915/clear - {}
RESULT: {}
RESULT: {}
COMMAND: POST /session/4e5157c5e3d60ff16ea2322a9d8395ac/element/f.F3EAD7D8D889EB61F600F49A8CF35C29.d.95D5BB7C1B86D4754058579CDE6790DF.e.7915/value - {"text":"1242"}
COMMAND: GET /session/4e5157c5e3d60ff16ea2322a9d8395ac/screenshot - {}
RESULT: {"text":"1242"}
COMMAND: GET /session/4e5157c5e3d60ff16ea2322a9d8395ac/screenshot - {}
RESULT: {}
RESULT: {}
COMMAND: POST /session/4e5157c5e3d60ff16ea2322a9d8395ac/element - {"using":"xpath","value":"//li[.//span[text()='1242']]"}
RESULT: {"using":"xpath","value":"//li[.//span[text()='1242']]"}
COMMAND: POST /session/4e5157c5e3d60ff16ea2322a9d8395ac/element/f.F3EAD7D8D889EB61F600F49A8CF35C29.d.95D5BB7C1B86D4754058579CDE6790DF.e.7953/click - {}
RESULT: {}
COMMAND: GET /session/4e5157c5e3d60ff16ea2322a9d8395ac/screenshot - {}
RESULT: {}
COMMAND: POST /session/4e5157c5e3d60ff16ea2322a9d8395ac/element - {"using":"xpath","value":"//button[@data-kt=\"saveButton\"]"}
RESULT: {"using":"xpath","value":"//button[@data-kt=\"saveButton\"]"}
COMMAND: POST /session/4e5157c5e3d60ff16ea2322a9d8395ac/element/f.F3EAD7D8D889EB61F600F49A8CF35C29.d.95D5BB7C1B86D4754058579CDE6790DF.e.7943/click - {}
RESULT: {}
COMMAND: GET /session/4e5157c5e3d60ff16ea2322a9d8395ac/screenshot - {}
RESULT: {}
COMMAND: POST /session/4e5157c5e3d60ff16ea2322a9d8395ac/element - {"using":"xpath","value":"//span[contains(@id ,\"contractDetailTitleNoExpanded\")]"}
RESULT: {"using":"xpath","value":"//span[contains(@id ,\"contractDetailTitleNoExpanded\")]"}
COMMAND: POST /session/4e5157c5e3d60ff16ea2322a9d8395ac/elements - {"using":"xpath","value":"//span[contains(@id ,\"contractDetailTitleNoExpanded\")]"}
RESULT: {"using":"xpath","value":"//span[contains(@id ,\"contractDetailTitleNoExpanded\")]"}
COMMAND: POST /session/4e5157c5e3d60ff16ea2322a9d8395ac/execute/sync - {"script":"<script> [56 bytes]","args":[{"element-6066-11e4-a52e-4f735466cecf":"f.F3EAD7D8D889EB61F600F49A8CF35C29.d.95D5BB7C1B86D4754058579CDE6790DF.e.8025","ELEMENT":"f.F3EAD7D8D889EB61F600F49A8CF35C29.d.95D5BB7C1B86D4754058579CDE6790DF.e.8025"}]}
RESULT: {"script":"<script> [56 bytes]","args":[{"element-6066-11e4-a52e-4f735466cecf":"f.F3EAD7D8D889EB61F600F49A8CF35C29.d.95D5BB7C1B86D4754058579CDE6790DF.e.8025","ELEMENT":"f.F3EAD7D8D889EB61F600F49A8CF35C29.d.95D5BB7C1B86D4754058579CDE6790DF.e.8025"}]}
COMMAND: GET /session/4e5157c5e3d60ff16ea2322a9d8395ac/screenshot - {}
RESULT: {}
]]></system-out>
    </testcase>
    <testcase classname="chrome.135_0_7049_96.windows.US134625_Set_up_price_condition_-_one_time" name="Should add the material to the contract" time="57.831">
      <system-out><![CDATA[
COMMAND: POST /session/4e5157c5e3d60ff16ea2322a9d8395ac/element - {"using":"xpath","value":"//button[@data-kt=\"contractDetailEditBtnButton\"]"}
RESULT: {"using":"xpath","value":"//button[@data-kt=\"contractDetailEditBtnButton\"]"}
COMMAND: POST /session/4e5157c5e3d60ff16ea2322a9d8395ac/element/f.F3EAD7D8D889EB61F600F49A8CF35C29.d.95D5BB7C1B86D4754058579CDE6790DF.e.8026/click - {}
RESULT: {}
COMMAND: GET /session/4e5157c5e3d60ff16ea2322a9d8395ac/screenshot - {}
RESULT: {}
COMMAND: POST /session/4e5157c5e3d60ff16ea2322a9d8395ac/element - {"using":"xpath","value":"(//span[contains(text(), \"Additional Addresses\")])[2]"}
RESULT: {"using":"xpath","value":"(//span[contains(text(), \"Additional Addresses\")])[2]"}
COMMAND: POST /session/4e5157c5e3d60ff16ea2322a9d8395ac/element/f.F3EAD7D8D889EB61F600F49A8CF35C29.d.95D5BB7C1B86D4754058579CDE6790DF.e.8081/click - {}
RESULT: {}
COMMAND: GET /session/4e5157c5e3d60ff16ea2322a9d8395ac/screenshot - {}
RESULT: {}
COMMAND: POST /session/4e5157c5e3d60ff16ea2322a9d8395ac/element - {"using":"xpath","value":"//button[@data-kt=\"btnAddTableRowOverflowToolbarButton\"]"}
RESULT: {"using":"xpath","value":"//button[@data-kt=\"btnAddTableRowOverflowToolbarButton\"]"}
COMMAND: POST /session/4e5157c5e3d60ff16ea2322a9d8395ac/element/f.F3EAD7D8D889EB61F600F49A8CF35C29.d.95D5BB7C1B86D4754058579CDE6790DF.e.8084/click - {}
RESULT: {}
COMMAND: GET /session/4e5157c5e3d60ff16ea2322a9d8395ac/screenshot - {}
RESULT: {}
COMMAND: POST /session/4e5157c5e3d60ff16ea2322a9d8395ac/element - {"using":"xpath","value":"//div[(text() = 'Standard Entry' or . = 'Standard Entry')]"}
RESULT: {"using":"xpath","value":"//div[(text() = 'Standard Entry' or . = 'Standard Entry')]"}
COMMAND: POST /session/4e5157c5e3d60ff16ea2322a9d8395ac/element/f.F3EAD7D8D889EB61F600F49A8CF35C29.d.95D5BB7C1B86D4754058579CDE6790DF.e.8086/click - {}
RESULT: {}
COMMAND: GET /session/4e5157c5e3d60ff16ea2322a9d8395ac/screenshot - {}
RESULT: {}
COMMAND: POST /session/4e5157c5e3d60ff16ea2322a9d8395ac/element - {"using":"xpath","value":"//td[6]/div/div/div/span"}
RESULT: {"using":"xpath","value":"//td[6]/div/div/div/span"}
COMMAND: POST /session/4e5157c5e3d60ff16ea2322a9d8395ac/element/f.F3EAD7D8D889EB61F600F49A8CF35C29.d.95D5BB7C1B86D4754058579CDE6790DF.e.8098/click - {}
RESULT: {}
COMMAND: GET /session/4e5157c5e3d60ff16ea2322a9d8395ac/screenshot - {}
RESULT: {}
COMMAND: POST /session/4e5157c5e3d60ff16ea2322a9d8395ac/element - {"using":"xpath","value":"(//span[contains(text(), \"Material\")])"}
RESULT: {"using":"xpath","value":"(//span[contains(text(), \"Material\")])"}
COMMAND: POST /session/4e5157c5e3d60ff16ea2322a9d8395ac/element/f.F3EAD7D8D889EB61F600F49A8CF35C29.d.95D5BB7C1B86D4754058579CDE6790DF.e.8099/click - {}
RESULT: {}
COMMAND: GET /session/4e5157c5e3d60ff16ea2322a9d8395ac/screenshot - {}
RESULT: {}
COMMAND: POST /session/4e5157c5e3d60ff16ea2322a9d8395ac/element - {"using":"xpath","value":"//td[7]/div/div/input"}
RESULT: {"using":"xpath","value":"//td[7]/div/div/input"}
COMMAND: POST /session/4e5157c5e3d60ff16ea2322a9d8395ac/element/f.F3EAD7D8D889EB61F600F49A8CF35C29.d.95D5BB7C1B86D4754058579CDE6790DF.e.8103/clear - {}
RESULT: {}
COMMAND: POST /session/4e5157c5e3d60ff16ea2322a9d8395ac/element/f.F3EAD7D8D889EB61F600F49A8CF35C29.d.95D5BB7C1B86D4754058579CDE6790DF.e.8103/value - {"text":"200173"}
COMMAND: GET /session/4e5157c5e3d60ff16ea2322a9d8395ac/screenshot - {}
RESULT: {"text":"200173"}
COMMAND: GET /session/4e5157c5e3d60ff16ea2322a9d8395ac/screenshot - {}
RESULT: {}
RESULT: {}
COMMAND: POST /session/4e5157c5e3d60ff16ea2322a9d8395ac/actions - {"actions":[{"id":"action28","type":"key","parameters":{},"actions":[{"type":"keyDown","value":"î€‡"},{"type":"pause","duration":10},{"type":"keyUp","value":"î€‡"}]}]}
RESULT: {"actions":[{"id":"action28","type":"key","parameters":{},"actions":[{"type":"keyDown","value":"î€‡"},{"type":"pause","duration":10},{"type":"keyUp","value":"î€‡"}]}]}
COMMAND: GET /session/4e5157c5e3d60ff16ea2322a9d8395ac/screenshot - {}
RESULT: {}
COMMAND: POST /session/4e5157c5e3d60ff16ea2322a9d8395ac/element - {"using":"xpath","value":"(//button[@data-kt=\"saveButton\"])[2]"}
RESULT: {"using":"xpath","value":"(//button[@data-kt=\"saveButton\"])[2]"}
COMMAND: POST /session/4e5157c5e3d60ff16ea2322a9d8395ac/element/f.F3EAD7D8D889EB61F600F49A8CF35C29.d.95D5BB7C1B86D4754058579CDE6790DF.e.8126/click - {}
RESULT: {}
COMMAND: GET /session/4e5157c5e3d60ff16ea2322a9d8395ac/screenshot - {}
RESULT: {}
COMMAND: POST /session/4e5157c5e3d60ff16ea2322a9d8395ac/element - {"using":"xpath","value":"//span[contains(@id ,\"contractItemsSmartTable-header-inner\")]"}
RESULT: {"using":"xpath","value":"//span[contains(@id ,\"contractItemsSmartTable-header-inner\")]"}
COMMAND: POST /session/4e5157c5e3d60ff16ea2322a9d8395ac/elements - {"using":"xpath","value":"//span[contains(@id ,\"contractItemsSmartTable-header-inner\")]"}
RESULT: {"using":"xpath","value":"//span[contains(@id ,\"contractItemsSmartTable-header-inner\")]"}
COMMAND: POST /session/4e5157c5e3d60ff16ea2322a9d8395ac/execute/sync - {"script":"<script> [56 bytes]","args":[{"element-6066-11e4-a52e-4f735466cecf":"f.F3EAD7D8D889EB61F600F49A8CF35C29.d.95D5BB7C1B86D4754058579CDE6790DF.e.8132","ELEMENT":"f.F3EAD7D8D889EB61F600F49A8CF35C29.d.95D5BB7C1B86D4754058579CDE6790DF.e.8132"}]}
RESULT: {"script":"<script> [56 bytes]","args":[{"element-6066-11e4-a52e-4f735466cecf":"f.F3EAD7D8D889EB61F600F49A8CF35C29.d.95D5BB7C1B86D4754058579CDE6790DF.e.8132","ELEMENT":"f.F3EAD7D8D889EB61F600F49A8CF35C29.d.95D5BB7C1B86D4754058579CDE6790DF.e.8132"}]}
]]></system-out>
    </testcase>
    <testcase classname="chrome.135_0_7049_96.windows.US134625_Set_up_price_condition_-_one_time" name="Should verify the bill item creation and pricing condition" time="9.892">
      <system-out><![CDATA[
COMMAND: GET /session/4e5157c5e3d60ff16ea2322a9d8395ac/screenshot - {}
COMMAND: POST /session/4e5157c5e3d60ff16ea2322a9d8395ac/execute/async - {"script":"<script> [1562 bytes]","args":[{"selector":{"controlType":"sap.ui.core.Icon","viewName":"etm.portal.ui.managecontracts.view.Detail","properties":{"src":{"regex":{"source":"slim\\-arrow\\-right"}}}},"wdio_ui5_key":"etmportal.ui.managecontracts.view.Detailsap.ui.core.Icon{\"src\":{\"regex\":{\"source\":\"slim\\\\-arrow\\\\-right\"}}}"}]}
RESULT: {}
RESULT: {"script":"<script> [1562 bytes]","args":[{"selector":{"controlType":"sap.ui.core.Icon","viewName":"etm.portal.ui.managecontracts.view.Detail","properties":{"src":{"regex":{"source":"slim\\-arrow\\-right"}}}},"wdio_ui5_key":"etmportal.ui.managecontracts.view.Detailsap.ui.core.Icon{\"src\":{\"regex\":{\"source\":\"slim\\\\-arrow\\\\-right\"}}}"}]}
RESULT: undefined
COMMAND: POST /session/4e5157c5e3d60ff16ea2322a9d8395ac/element - {"using":"xpath","value":"//*[@id=\"__item1337-__clone2792-imgNav\"]"}
RESULT: {"using":"xpath","value":"//*[@id=\"__item1337-__clone2792-imgNav\"]"}
COMMAND: POST /session/4e5157c5e3d60ff16ea2322a9d8395ac/element/f.F3EAD7D8D889EB61F600F49A8CF35C29.d.95D5BB7C1B86D4754058579CDE6790DF.e.8133/click - {}
RESULT: {}
COMMAND: GET /session/4e5157c5e3d60ff16ea2322a9d8395ac/screenshot - {}
RESULT: {}
COMMAND: POST /session/4e5157c5e3d60ff16ea2322a9d8395ac/execute/async - {"script":"<script> [1562 bytes]","args":[{"selector":{"controlType":"sap.m.Text","viewName":"etm.portal.ui.managecontracts.view.BillingItem","viewId":"application-managecontracts-display-component---BillingItem","bindingPath":{"propertyPath":"LINK_TO_C_BILL_TYPES/DESCRIPTION"}},"wdio_ui5_key":"etmportal.ui.managecontracts.view.BillingItemsap.m.Text{\"propertyPath\":\"LINK_TO_C_BILL_TYPES/DESCRIPTION\"}"}]}
RESULT: {"script":"<script> [1562 bytes]","args":[{"selector":{"controlType":"sap.m.Text","viewName":"etm.portal.ui.managecontracts.view.BillingItem","viewId":"application-managecontracts-display-component---BillingItem","bindingPath":{"propertyPath":"LINK_TO_C_BILL_TYPES/DESCRIPTION"}},"wdio_ui5_key":"etmportal.ui.managecontracts.view.BillingItemsap.m.Text{\"propertyPath\":\"LINK_TO_C_BILL_TYPES/DESCRIPTION\"}"}]}
RESULT: undefined
COMMAND: POST /session/4e5157c5e3d60ff16ea2322a9d8395ac/execute/async - {"script":"<script> [6424 bytes]","args":[{"element-6066-11e4-a52e-4f735466cecf":"f.F3EAD7D8D889EB61F600F49A8CF35C29.d.95D5BB7C1B86D4754058579CDE6790DF.e.8147"},"getText",[]]}
RESULT: {"script":"<script> [6424 bytes]","args":[{"element-6066-11e4-a52e-4f735466cecf":"f.F3EAD7D8D889EB61F600F49A8CF35C29.d.95D5BB7C1B86D4754058579CDE6790DF.e.8147"},"getText",[]]}
COMMAND: POST /session/4e5157c5e3d60ff16ea2322a9d8395ac/execute/async - {"script":"<script> [1562 bytes]","args":[{"selector":{"controlType":"sap.m.ObjectNumber","viewName":"etm.portal.ui.managecontracts.view.BillingItem","viewId":"application-managecontracts-display-component---BillingItem","bindingPath":{"propertyPath":"BASE_PRICE"}},"wdio_ui5_key":"etmportal.ui.managecontracts.view.BillingItemsap.m.ObjectNumber{\"propertyPath\":\"BASE_PRICE\"}"}]}
RESULT: {"script":"<script> [1562 bytes]","args":[{"selector":{"controlType":"sap.m.ObjectNumber","viewName":"etm.portal.ui.managecontracts.view.BillingItem","viewId":"application-managecontracts-display-component---BillingItem","bindingPath":{"propertyPath":"BASE_PRICE"}},"wdio_ui5_key":"etmportal.ui.managecontracts.view.BillingItemsap.m.ObjectNumber{\"propertyPath\":\"BASE_PRICE\"}"}]}
RESULT: undefined
COMMAND: POST /session/4e5157c5e3d60ff16ea2322a9d8395ac/execute/async - {"script":"<script> [6424 bytes]","args":[{"element-6066-11e4-a52e-4f735466cecf":"f.F3EAD7D8D889EB61F600F49A8CF35C29.d.95D5BB7C1B86D4754058579CDE6790DF.e.8150"},"getNumber",[]]}
RESULT: {"script":"<script> [6424 bytes]","args":[{"element-6066-11e4-a52e-4f735466cecf":"f.F3EAD7D8D889EB61F600F49A8CF35C29.d.95D5BB7C1B86D4754058579CDE6790DF.e.8150"},"getNumber",[]]}
COMMAND: POST /session/4e5157c5e3d60ff16ea2322a9d8395ac/execute/async - {"script":"<script> [1562 bytes]","args":[{"selector":{"controlType":"sap.m.ObjectNumber","viewName":"etm.portal.ui.managecontracts.view.BillingItem","viewId":"application-managecontracts-display-component---BillingItem","bindingPath":{"propertyPath":"BASE_QUANTITY"}},"wdio_ui5_key":"etmportal.ui.managecontracts.view.BillingItemsap.m.ObjectNumber{\"propertyPath\":\"BASE_QUANTITY\"}"}]}
RESULT: {"script":"<script> [1562 bytes]","args":[{"selector":{"controlType":"sap.m.ObjectNumber","viewName":"etm.portal.ui.managecontracts.view.BillingItem","viewId":"application-managecontracts-display-component---BillingItem","bindingPath":{"propertyPath":"BASE_QUANTITY"}},"wdio_ui5_key":"etmportal.ui.managecontracts.view.BillingItemsap.m.ObjectNumber{\"propertyPath\":\"BASE_QUANTITY\"}"}]}
RESULT: undefined
COMMAND: POST /session/4e5157c5e3d60ff16ea2322a9d8395ac/execute/async - {"script":"<script> [6424 bytes]","args":[{"element-6066-11e4-a52e-4f735466cecf":"f.F3EAD7D8D889EB61F600F49A8CF35C29.d.95D5BB7C1B86D4754058579CDE6790DF.e.8151"},"getNumber",[]]}
RESULT: {"script":"<script> [6424 bytes]","args":[{"element-6066-11e4-a52e-4f735466cecf":"f.F3EAD7D8D889EB61F600F49A8CF35C29.d.95D5BB7C1B86D4754058579CDE6790DF.e.8151"},"getNumber",[]]}
COMMAND: DELETE /session/4e5157c5e3d60ff16ea2322a9d8395ac - {}
RESULT: {}
]]></system-out>
    </testcase>
  </testsuite>
</testsuites>