<?xml version="1.0" encoding="UTF-8"?>
<testsuites tests="12" failures="2" errors="2" skipped="0">
  <testsuite timestamp="2025-05-23T16:36:31" time="555.546" tests="5" failures="2" errors="2" skipped="0">
    <properties>
      <property name="specId" value="0"/>
      <property name="suiteName" value="Warehouse movements inventory test"/>
      <property name="capabilities" value="chrome.136_0_7103_93.windows"/>
      <property name="file" value="file:///D:/a/1/s/test/specs/HTR/smoke-warehouse-movements-inventory.js"/>
    </properties>
    <testcase classname="chrome.136_0_7103_93.windows.Warehouse_movements_inventory_test" name="Should create a new WHM yard" time="127.957">
      <system-out><![CDATA[
COMMAND: POST /session/fb7328d57ef2f0f9565efbc83768d465/execute/async - {"script":"<script> [1562 bytes]","args":[{"selector":{"controlType":"sap.m.GenericTile","properties":{"header":"Manage Yards"}},"wdio_ui5_key":"sapm.GenericTile{\"header\":\"Manage Yards\"}"}]}
RESULT: {"script":"<script> [1562 bytes]","args":[{"selector":{"controlType":"sap.m.GenericTile","properties":{"header":"Manage Yards"}},"wdio_ui5_key":"sapm.GenericTile{\"header\":\"Manage Yards\"}"}]}
RESULT: undefined
COMMAND: POST /session/fb7328d57ef2f0f9565efbc83768d465/element - {"using":"xpath","value":"//*[@id=\"__tile41\"]"}
RESULT: {"using":"xpath","value":"//*[@id=\"__tile41\"]"}
COMMAND: POST /session/fb7328d57ef2f0f9565efbc83768d465/element/f.2DB20A3CB55B7B2492731AE3790B886D.d.8682E49C8AE01189E40828ED2C916552.e.116/click - {}
RESULT: {}
COMMAND: GET /session/fb7328d57ef2f0f9565efbc83768d465/screenshot - {}
RESULT: {}
COMMAND: POST /session/fb7328d57ef2f0f9565efbc83768d465/elements - {"using":"xpath","value":"//span[text()='Error']"}
RESULT: {"using":"xpath","value":"//span[text()='Error']"}
COMMAND: POST /session/fb7328d57ef2f0f9565efbc83768d465/execute/async - {"script":"<script> [1562 bytes]","args":[{"selector":{"controlType":"sap.ui.core.Icon","viewName":"etm.portal.ui.manageyards.view.Master","viewId":"application-manageyards-display-component---masterYard","properties":{"src":{"regex":{"source":"add"}}}},"wdio_ui5_key":"etmportal.ui.manageyards.view.Mastersap.ui.core.Icon{\"src\":{\"regex\":{\"source\":\"add\"}}}"}]}
RESULT: {"script":"<script> [1562 bytes]","args":[{"selector":{"controlType":"sap.ui.core.Icon","viewName":"etm.portal.ui.manageyards.view.Master","viewId":"application-manageyards-display-component---masterYard","properties":{"src":{"regex":{"source":"add"}}}},"wdio_ui5_key":"etmportal.ui.manageyards.view.Mastersap.ui.core.Icon{\"src\":{\"regex\":{\"source\":\"add\"}}}"}]}
RESULT: undefined
COMMAND: POST /session/fb7328d57ef2f0f9565efbc83768d465/element - {"using":"xpath","value":"//*[@id=\"__button4-img\"]"}
RESULT: {"using":"xpath","value":"//*[@id=\"__button4-img\"]"}
COMMAND: POST /session/fb7328d57ef2f0f9565efbc83768d465/element/f.2DB20A3CB55B7B2492731AE3790B886D.d.8682E49C8AE01189E40828ED2C916552.e.164/click - {}
RESULT: {}
COMMAND: GET /session/fb7328d57ef2f0f9565efbc83768d465/screenshot - {}
RESULT: {}
COMMAND: POST /session/fb7328d57ef2f0f9565efbc83768d465/execute/async - {"script":"<script> [1562 bytes]","args":[{"selector":{"id":"application-manageyards-display-component---NewYard--yardId","interaction":{"idSuffix":"inner"}},"wdio_ui5_key":"applicationmanageyards-display-component---NewYard--yardId"}]}
RESULT: {"script":"<script> [1562 bytes]","args":[{"selector":{"id":"application-manageyards-display-component---NewYard--yardId","interaction":{"idSuffix":"inner"}},"wdio_ui5_key":"applicationmanageyards-display-component---NewYard--yardId"}]}
RESULT: undefined
COMMAND: POST /session/fb7328d57ef2f0f9565efbc83768d465/element - {"using":"xpath","value":"//*[@id=\"application-manageyards-display-component---NewYard--addressDetailDetailsName1-inner\"]"}
RESULT: {"using":"xpath","value":"//*[@id=\"application-manageyards-display-component---NewYard--addressDetailDetailsName1-inner\"]"}
COMMAND: POST /session/fb7328d57ef2f0f9565efbc83768d465/element/f.2DB20A3CB55B7B2492731AE3790B886D.d.8682E49C8AE01189E40828ED2C916552.e.376/clear - {}
RESULT: {}
COMMAND: POST /session/fb7328d57ef2f0f9565efbc83768d465/element/f.2DB20A3CB55B7B2492731AE3790B886D.d.8682E49C8AE01189E40828ED2C916552.e.376/value - {"text":"WebdriverWHMYardic9rr"}
COMMAND: GET /session/fb7328d57ef2f0f9565efbc83768d465/screenshot - {}
RESULT: {"text":"WebdriverWHMYardic9rr"}
COMMAND: POST /session/fb7328d57ef2f0f9565efbc83768d465/element - {"using":"xpath","value":"//*[@id=\"application-manageyards-display-component---NewYard--addressDetailDetailsLanguage-inner\"]"}
COMMAND: GET /session/fb7328d57ef2f0f9565efbc83768d465/screenshot - {}
RESULT: {}
RESULT: {"using":"xpath","value":"//*[@id=\"application-manageyards-display-component---NewYard--addressDetailDetailsLanguage-inner\"]"}
COMMAND: POST /session/fb7328d57ef2f0f9565efbc83768d465/element/f.2DB20A3CB55B7B2492731AE3790B886D.d.8682E49C8AE01189E40828ED2C916552.e.377/clear - {}
RESULT: {}
RESULT: {}
COMMAND: POST /session/fb7328d57ef2f0f9565efbc83768d465/element/f.2DB20A3CB55B7B2492731AE3790B886D.d.8682E49C8AE01189E40828ED2C916552.e.377/value - {"text":"Romanian"}
COMMAND: GET /session/fb7328d57ef2f0f9565efbc83768d465/screenshot - {}
RESULT: {"text":"Romanian"}
COMMAND: POST /session/fb7328d57ef2f0f9565efbc83768d465/element - {"using":"xpath","value":"//input[contains(@id ,\"application-manageyards-display-component---NewYard--addressDetailDetailsName1-inner\")]"}
COMMAND: GET /session/fb7328d57ef2f0f9565efbc83768d465/screenshot - {}
RESULT: {}
RESULT: {"using":"xpath","value":"//input[contains(@id ,\"application-manageyards-display-component---NewYard--addressDetailDetailsName1-inner\")]"}
COMMAND: GET /session/fb7328d57ef2f0f9565efbc83768d465/element/f.2DB20A3CB55B7B2492731AE3790B886D.d.8682E49C8AE01189E40828ED2C916552.e.376/property/value - {}
RESULT: {}
RESULT: {}
COMMAND: GET /session/fb7328d57ef2f0f9565efbc83768d465/screenshot - {}
RESULT: {}
COMMAND: POST /session/fb7328d57ef2f0f9565efbc83768d465/element - {"using":"xpath","value":"//*[@id=\"application-manageyards-display-component---NewYard--addressDetailDetailsCity1-inner\"]"}
RESULT: {"using":"xpath","value":"//*[@id=\"application-manageyards-display-component---NewYard--addressDetailDetailsCity1-inner\"]"}
COMMAND: POST /session/fb7328d57ef2f0f9565efbc83768d465/element/f.2DB20A3CB55B7B2492731AE3790B886D.d.8682E49C8AE01189E40828ED2C916552.e.379/clear - {}
RESULT: {}
COMMAND: POST /session/fb7328d57ef2f0f9565efbc83768d465/element/f.2DB20A3CB55B7B2492731AE3790B886D.d.8682E49C8AE01189E40828ED2C916552.e.379/value - {"text":"Bucuresti"}
COMMAND: GET /session/fb7328d57ef2f0f9565efbc83768d465/screenshot - {}
RESULT: {"text":"Bucuresti"}
COMMAND: GET /session/fb7328d57ef2f0f9565efbc83768d465/screenshot - {}
RESULT: {}
RESULT: {}
COMMAND: POST /session/fb7328d57ef2f0f9565efbc83768d465/element - {"using":"xpath","value":"//*[@id=\"application-manageyards-display-component---NewYard--addressDetailDetailsCountry-inner\"]"}
RESULT: {"using":"xpath","value":"//*[@id=\"application-manageyards-display-component---NewYard--addressDetailDetailsCountry-inner\"]"}
COMMAND: POST /session/fb7328d57ef2f0f9565efbc83768d465/element/f.2DB20A3CB55B7B2492731AE3790B886D.d.8682E49C8AE01189E40828ED2C916552.e.383/clear - {}
RESULT: {}
COMMAND: POST /session/fb7328d57ef2f0f9565efbc83768d465/element/f.2DB20A3CB55B7B2492731AE3790B886D.d.8682E49C8AE01189E40828ED2C916552.e.383/value - {"text":"Romania"}
COMMAND: GET /session/fb7328d57ef2f0f9565efbc83768d465/screenshot - {}
RESULT: {"text":"Romania"}
COMMAND: GET /session/fb7328d57ef2f0f9565efbc83768d465/screenshot - {}
RESULT: {}
RESULT: {}
COMMAND: POST /session/fb7328d57ef2f0f9565efbc83768d465/execute/async - {"script":"<script> [1562 bytes]","args":[{"selector":{"controlType":"sap.m.Button","viewName":"etm.portal.ui.manageyards.view.New","viewId":"application-manageyards-display-component---NewYard","properties":{"text":"Commercial"},"interaction":{"idSuffix":"BDI-content"}},"wdio_ui5_key":"etmportal.ui.manageyards.view.Newsap.m.Button{\"text\":\"Commercial\"}"}]}
RESULT: {"script":"<script> [1562 bytes]","args":[{"selector":{"controlType":"sap.m.Button","viewName":"etm.portal.ui.manageyards.view.New","viewId":"application-manageyards-display-component---NewYard","properties":{"text":"Commercial"},"interaction":{"idSuffix":"BDI-content"}},"wdio_ui5_key":"etmportal.ui.manageyards.view.Newsap.m.Button{\"text\":\"Commercial\"}"}]}
RESULT: undefined
COMMAND: POST /session/fb7328d57ef2f0f9565efbc83768d465/element - {"using":"xpath","value":"//*[@id=\"application-manageyards-display-component---NewYard--ObjectPageLayout-anchBar-__section5-anchor\"]"}
RESULT: {"using":"xpath","value":"//*[@id=\"application-manageyards-display-component---NewYard--ObjectPageLayout-anchBar-__section5-anchor\"]"}
COMMAND: POST /session/fb7328d57ef2f0f9565efbc83768d465/element/f.2DB20A3CB55B7B2492731AE3790B886D.d.8682E49C8AE01189E40828ED2C916552.e.574/click - {}
RESULT: {}
COMMAND: GET /session/fb7328d57ef2f0f9565efbc83768d465/screenshot - {}
RESULT: {}
COMMAND: POST /session/fb7328d57ef2f0f9565efbc83768d465/element - {"using":"xpath","value":"//div[contains(text(), \"Commercial\")]"}
RESULT: {"using":"xpath","value":"//div[contains(text(), \"Commercial\")]"}
COMMAND: GET /session/fb7328d57ef2f0f9565efbc83768d465/element/f.2DB20A3CB55B7B2492731AE3790B886D.d.8682E49C8AE01189E40828ED2C916552.e.583/rect - {}
RESULT: {}
COMMAND: GET /session/fb7328d57ef2f0f9565efbc83768d465/window/rect - {}
RESULT: {}
COMMAND: POST /session/fb7328d57ef2f0f9565efbc83768d465/execute/sync - {"script":"<script> [92 bytes]","args":[]}
RESULT: {"script":"<script> [92 bytes]","args":[]}
COMMAND: POST /session/fb7328d57ef2f0f9565efbc83768d465/actions - {"actions":[{"id":"action1","type":"wheel","parameters":{},"actions":[{"type":"scroll","x":-1841,"y":-44,"deltaX":0,"deltaY":0,"duration":0,"origin":{"element-6066-11e4-a52e-4f735466cecf":"f.2DB20A3CB55B7B2492731AE3790B886D.d.8682E49C8AE01189E40828ED2C916552.e.583"}}]}]}
COMMAND: GET /session/fb7328d57ef2f0f9565efbc83768d465/screenshot - {}
RESULT: {}
COMMAND: POST /session/fb7328d57ef2f0f9565efbc83768d465/execute/sync - {"script":"<script> [79 bytes]","args":[{"element-6066-11e4-a52e-4f735466cecf":"f.2DB20A3CB55B7B2492731AE3790B886D.d.8682E49C8AE01189E40828ED2C916552.e.583","ELEMENT":"f.2DB20A3CB55B7B2492731AE3790B886D.d.8682E49C8AE01189E40828ED2C916552.e.583"},{"block":"start","inline":"nearest"}]}
RESULT: {"script":"<script> [79 bytes]","args":[{"element-6066-11e4-a52e-4f735466cecf":"f.2DB20A3CB55B7B2492731AE3790B886D.d.8682E49C8AE01189E40828ED2C916552.e.583","ELEMENT":"f.2DB20A3CB55B7B2492731AE3790B886D.d.8682E49C8AE01189E40828ED2C916552.e.583"},{"block":"start","inline":"nearest"}]}
COMMAND: GET /session/fb7328d57ef2f0f9565efbc83768d465/screenshot - {}
RESULT: {}
COMMAND: POST /session/fb7328d57ef2f0f9565efbc83768d465/execute/async - {"script":"<script> [1562 bytes]","args":[{"selector":{"id":"application-manageyards-display-component---NewYard--addressEditDetailsCostObjectCstType-arrow"},"wdio_ui5_key":"applicationmanageyards-display-component---NewYard--addressEditDetailsCostObjectCstType-arrow"}]}
RESULT: {"script":"<script> [1562 bytes]","args":[{"selector":{"id":"application-manageyards-display-component---NewYard--addressEditDetailsCostObjectCstType-arrow"},"wdio_ui5_key":"applicationmanageyards-display-component---NewYard--addressEditDetailsCostObjectCstType-arrow"}]}
RESULT: undefined
COMMAND: POST /session/fb7328d57ef2f0f9565efbc83768d465/element - {"using":"xpath","value":"//*[@id=\"application-manageyards-display-component---NewYard--addressEditDetailsCostObjectCstType-arrow\"]"}
RESULT: {"using":"xpath","value":"//*[@id=\"application-manageyards-display-component---NewYard--addressEditDetailsCostObjectCstType-arrow\"]"}
COMMAND: POST /session/fb7328d57ef2f0f9565efbc83768d465/element/f.2DB20A3CB55B7B2492731AE3790B886D.d.8682E49C8AE01189E40828ED2C916552.e.584/click - {}
RESULT: {}
COMMAND: POST /session/fb7328d57ef2f0f9565efbc83768d465/element - {"using":"xpath","value":"//span[contains(text(), \"Cost Center\")]"}
COMMAND: GET /session/fb7328d57ef2f0f9565efbc83768d465/screenshot - {}
RESULT: {"using":"xpath","value":"//span[contains(text(), \"Cost Center\")]"}
COMMAND: POST /session/fb7328d57ef2f0f9565efbc83768d465/element/f.2DB20A3CB55B7B2492731AE3790B886D.d.8682E49C8AE01189E40828ED2C916552.e.585/click - {}
RESULT: {}
RESULT: {}
COMMAND: GET /session/fb7328d57ef2f0f9565efbc83768d465/screenshot - {}
RESULT: {}
COMMAND: POST /session/fb7328d57ef2f0f9565efbc83768d465/execute/async - {"script":"<script> [1562 bytes]","args":[{"selector":{"id":"application-manageyards-display-component---NewYard--addressNewCostObjectCstID-vhi"},"wdio_ui5_key":"applicationmanageyards-display-component---NewYard--addressNewCostObjectCstID-vhi"}]}
RESULT: {"script":"<script> [1562 bytes]","args":[{"selector":{"id":"application-manageyards-display-component---NewYard--addressNewCostObjectCstID-vhi"},"wdio_ui5_key":"applicationmanageyards-display-component---NewYard--addressNewCostObjectCstID-vhi"}]}
RESULT: undefined
COMMAND: POST /session/fb7328d57ef2f0f9565efbc83768d465/element - {"using":"xpath","value":"//*[@id=\"application-manageyards-display-component---NewYard--addressNewCostObjectCstID-vhi\"]"}
RESULT: {"using":"xpath","value":"//*[@id=\"application-manageyards-display-component---NewYard--addressNewCostObjectCstID-vhi\"]"}
COMMAND: POST /session/fb7328d57ef2f0f9565efbc83768d465/element/f.2DB20A3CB55B7B2492731AE3790B886D.d.8682E49C8AE01189E40828ED2C916552.e.589/click - {}
RESULT: {}
COMMAND: GET /session/fb7328d57ef2f0f9565efbc83768d465/screenshot - {}
RESULT: {}
COMMAND: POST /session/fb7328d57ef2f0f9565efbc83768d465/execute/async - {"script":"<script> [1562 bytes]","args":[{"selector":{"controlType":"sap.m.SearchField","properties":{"placeholder":"Search"},"searchOpenDialogs":true,"interaction":{"idSuffix":"I"}},"wdio_ui5_key":"sapm.SearchField{\"placeholder\":\"Search\"}"}]}
RESULT: {"script":"<script> [1562 bytes]","args":[{"selector":{"controlType":"sap.m.SearchField","properties":{"placeholder":"Search"},"searchOpenDialogs":true,"interaction":{"idSuffix":"I"}},"wdio_ui5_key":"sapm.SearchField{\"placeholder\":\"Search\"}"}]}
RESULT: undefined
COMMAND: POST /session/fb7328d57ef2f0f9565efbc83768d465/execute/async - {"script":"<script> [776 bytes]","args":[{"enterText":"10001013","selector":{"controlType":"sap.m.SearchField","properties":{"placeholder":"Search"},"searchOpenDialogs":true,"interaction":{"idSuffix":"I"}},"clearTextFirst":true,"interactionType":"ENTER_TEXT"}]}
RESULT: {"script":"<script> [776 bytes]","args":[{"enterText":"10001013","selector":{"controlType":"sap.m.SearchField","properties":{"placeholder":"Search"},"searchOpenDialogs":true,"interaction":{"idSuffix":"I"}},"clearTextFirst":true,"interactionType":"ENTER_TEXT"}]}
COMMAND: POST /session/fb7328d57ef2f0f9565efbc83768d465/actions - {"actions":[{"id":"action2","type":"key","parameters":{},"actions":[{"type":"keyDown","value":""},{"type":"pause","duration":10},{"type":"keyUp","value":""}]}]}
RESULT: {"actions":[{"id":"action2","type":"key","parameters":{},"actions":[{"type":"keyDown","value":""},{"type":"pause","duration":10},{"type":"keyUp","value":""}]}]}
COMMAND: GET /session/fb7328d57ef2f0f9565efbc83768d465/screenshot - {}
RESULT: {}
COMMAND: POST /session/fb7328d57ef2f0f9565efbc83768d465/element - {"using":"xpath","value":"//span[contains(text(), \"General Management\")]"}
RESULT: {"using":"xpath","value":"//span[contains(text(), \"General Management\")]"}
COMMAND: POST /session/fb7328d57ef2f0f9565efbc83768d465/element/f.2DB20A3CB55B7B2492731AE3790B886D.d.8682E49C8AE01189E40828ED2C916552.e.630/click - {}
RESULT: {}
COMMAND: GET /session/fb7328d57ef2f0f9565efbc83768d465/screenshot - {}
RESULT: {}
COMMAND: POST /session/fb7328d57ef2f0f9565efbc83768d465/element - {"using":"xpath","value":"//bdi[contains(text(), \"OK\")]"}
RESULT: {"using":"xpath","value":"//bdi[contains(text(), \"OK\")]"}
COMMAND: POST /session/fb7328d57ef2f0f9565efbc83768d465/element/f.2DB20A3CB55B7B2492731AE3790B886D.d.8682E49C8AE01189E40828ED2C916552.e.631/click - {}
RESULT: {}
COMMAND: GET /session/fb7328d57ef2f0f9565efbc83768d465/screenshot - {}
RESULT: {}
COMMAND: POST /session/fb7328d57ef2f0f9565efbc83768d465/execute/async - {"script":"<script> [1562 bytes]","args":[{"selector":{"id":"application-manageyards-display-component---NewYard--addressEditDetailsCurrency","interaction":{"idSuffix":"inner"}},"wdio_ui5_key":"applicationmanageyards-display-component---NewYard--addressEditDetailsCurrency"}]}
RESULT: {"script":"<script> [1562 bytes]","args":[{"selector":{"id":"application-manageyards-display-component---NewYard--addressEditDetailsCurrency","interaction":{"idSuffix":"inner"}},"wdio_ui5_key":"applicationmanageyards-display-component---NewYard--addressEditDetailsCurrency"}]}
RESULT: undefined
COMMAND: POST /session/fb7328d57ef2f0f9565efbc83768d465/execute/async - {"script":"<script> [776 bytes]","args":[{"enterText":"Euro","selector":{"id":"application-manageyards-display-component---NewYard--addressEditDetailsCurrency","interaction":{"idSuffix":"inner"}},"clearTextFirst":true,"interactionType":"ENTER_TEXT"}]}
RESULT: {"script":"<script> [776 bytes]","args":[{"enterText":"Euro","selector":{"id":"application-manageyards-display-component---NewYard--addressEditDetailsCurrency","interaction":{"idSuffix":"inner"}},"clearTextFirst":true,"interactionType":"ENTER_TEXT"}]}
COMMAND: POST /session/fb7328d57ef2f0f9565efbc83768d465/execute/async - {"script":"<script> [1562 bytes]","args":[{"selector":{"controlType":"sap.m.Input","viewName":"etm.portal.ui.manageyards.view.New","viewId":"application-manageyards-display-component---NewYard","bindingPath":{"path":"","propertyPath":"/CONTROLLING_AREA","modelName":"NewYardModel"},"interaction":{"idSuffix":"inner"}},"wdio_ui5_key":"etmportal.ui.manageyards.view.Newsap.m.Input{\"path\":\"\",\"propertyPath\":\"/CONTROLLING_AREA\",\"modelName\":\"NewYardModel\"}"}]}
RESULT: {"script":"<script> [1562 bytes]","args":[{"selector":{"controlType":"sap.m.Input","viewName":"etm.portal.ui.manageyards.view.New","viewId":"application-manageyards-display-component---NewYard","bindingPath":{"path":"","propertyPath":"/CONTROLLING_AREA","modelName":"NewYardModel"},"interaction":{"idSuffix":"inner"}},"wdio_ui5_key":"etmportal.ui.manageyards.view.Newsap.m.Input{\"path\":\"\",\"propertyPath\":\"/CONTROLLING_AREA\",\"modelName\":\"NewYardModel\"}"}]}
RESULT: undefined
COMMAND: POST /session/fb7328d57ef2f0f9565efbc83768d465/execute/async - {"script":"<script> [776 bytes]","args":[{"enterText":"Z001","selector":{"controlType":"sap.m.Input","viewName":"etm.portal.ui.manageyards.view.New","viewId":"application-manageyards-display-component---NewYard","bindingPath":{"path":"","propertyPath":"/CONTROLLING_AREA","modelName":"NewYardModel"},"interaction":{"idSuffix":"inner"}},"clearTextFirst":true,"interactionType":"ENTER_TEXT"}]}
RESULT: {"script":"<script> [776 bytes]","args":[{"enterText":"Z001","selector":{"controlType":"sap.m.Input","viewName":"etm.portal.ui.manageyards.view.New","viewId":"application-manageyards-display-component---NewYard","bindingPath":{"path":"","propertyPath":"/CONTROLLING_AREA","modelName":"NewYardModel"},"interaction":{"idSuffix":"inner"}},"clearTextFirst":true,"interactionType":"ENTER_TEXT"}]}
COMMAND: POST /session/fb7328d57ef2f0f9565efbc83768d465/execute/async - {"script":"<script> [1562 bytes]","args":[{"selector":{"id":"application-manageyards-display-component---NewYard--companyCodeComboBox","interaction":{"idSuffix":"inner"}},"wdio_ui5_key":"applicationmanageyards-display-component---NewYard--companyCodeComboBox"}]}
RESULT: {"script":"<script> [1562 bytes]","args":[{"selector":{"id":"application-manageyards-display-component---NewYard--companyCodeComboBox","interaction":{"idSuffix":"inner"}},"wdio_ui5_key":"applicationmanageyards-display-component---NewYard--companyCodeComboBox"}]}
RESULT: undefined
COMMAND: POST /session/fb7328d57ef2f0f9565efbc83768d465/execute/async - {"script":"<script> [776 bytes]","args":[{"enterText":"1000","selector":{"id":"application-manageyards-display-component---NewYard--companyCodeComboBox","interaction":{"idSuffix":"inner"}},"clearTextFirst":true,"interactionType":"ENTER_TEXT"}]}
RESULT: {"script":"<script> [776 bytes]","args":[{"enterText":"1000","selector":{"id":"application-manageyards-display-component---NewYard--companyCodeComboBox","interaction":{"idSuffix":"inner"}},"clearTextFirst":true,"interactionType":"ENTER_TEXT"}]}
COMMAND: POST /session/fb7328d57ef2f0f9565efbc83768d465/actions - {"actions":[{"id":"action3","type":"key","parameters":{},"actions":[{"type":"keyDown","value":""},{"type":"pause","duration":10},{"type":"keyUp","value":""}]}]}
RESULT: {"actions":[{"id":"action3","type":"key","parameters":{},"actions":[{"type":"keyDown","value":""},{"type":"pause","duration":10},{"type":"keyUp","value":""}]}]}
COMMAND: POST /session/fb7328d57ef2f0f9565efbc83768d465/execute/async - {"script":"<script> [1562 bytes]","args":[{"selector":{"controlType":"sap.m.Input","viewName":"etm.portal.ui.manageyards.view.New","viewId":"application-manageyards-display-component---NewYard","bindingPath":{"path":"","propertyPath":"/PLANT","modelName":"NewYardModel"},"interaction":{"idSuffix":"inner"}},"wdio_ui5_key":"etmportal.ui.manageyards.view.Newsap.m.Input{\"path\":\"\",\"propertyPath\":\"/PLANT\",\"modelName\":\"NewYardModel\"}"}]}
COMMAND: GET /session/fb7328d57ef2f0f9565efbc83768d465/screenshot - {}
RESULT: {"script":"<script> [1562 bytes]","args":[{"selector":{"controlType":"sap.m.Input","viewName":"etm.portal.ui.manageyards.view.New","viewId":"application-manageyards-display-component---NewYard","bindingPath":{"path":"","propertyPath":"/PLANT","modelName":"NewYardModel"},"interaction":{"idSuffix":"inner"}},"wdio_ui5_key":"etmportal.ui.manageyards.view.Newsap.m.Input{\"path\":\"\",\"propertyPath\":\"/PLANT\",\"modelName\":\"NewYardModel\"}"}]}
RESULT: undefined
COMMAND: POST /session/fb7328d57ef2f0f9565efbc83768d465/execute/async - {"script":"<script> [776 bytes]","args":[{"enterText":"1001","selector":{"controlType":"sap.m.Input","viewName":"etm.portal.ui.manageyards.view.New","viewId":"application-manageyards-display-component---NewYard","bindingPath":{"path":"","propertyPath":"/PLANT","modelName":"NewYardModel"},"interaction":{"idSuffix":"inner"}},"clearTextFirst":true,"interactionType":"ENTER_TEXT"}]}
RESULT: {}
RESULT: {"script":"<script> [776 bytes]","args":[{"enterText":"1001","selector":{"controlType":"sap.m.Input","viewName":"etm.portal.ui.manageyards.view.New","viewId":"application-manageyards-display-component---NewYard","bindingPath":{"path":"","propertyPath":"/PLANT","modelName":"NewYardModel"},"interaction":{"idSuffix":"inner"}},"clearTextFirst":true,"interactionType":"ENTER_TEXT"}]}
COMMAND: POST /session/fb7328d57ef2f0f9565efbc83768d465/execute/async - {"script":"<script> [1562 bytes]","args":[{"selector":{"controlType":"sap.m.Input","viewName":"etm.portal.ui.manageyards.view.New","viewId":"application-manageyards-display-component---NewYard","bindingPath":{"path":"","propertyPath":"/SALES_AREA_VKORG","modelName":"NewYardModel"},"interaction":{"idSuffix":"inner"}},"wdio_ui5_key":"etmportal.ui.manageyards.view.Newsap.m.Input{\"path\":\"\",\"propertyPath\":\"/SALES_AREA_VKORG\",\"modelName\":\"NewYardModel\"}"}]}
RESULT: {"script":"<script> [1562 bytes]","args":[{"selector":{"controlType":"sap.m.Input","viewName":"etm.portal.ui.manageyards.view.New","viewId":"application-manageyards-display-component---NewYard","bindingPath":{"path":"","propertyPath":"/SALES_AREA_VKORG","modelName":"NewYardModel"},"interaction":{"idSuffix":"inner"}},"wdio_ui5_key":"etmportal.ui.manageyards.view.Newsap.m.Input{\"path\":\"\",\"propertyPath\":\"/SALES_AREA_VKORG\",\"modelName\":\"NewYardModel\"}"}]}
RESULT: undefined
COMMAND: POST /session/fb7328d57ef2f0f9565efbc83768d465/execute/async - {"script":"<script> [776 bytes]","args":[{"enterText":"C002","selector":{"controlType":"sap.m.Input","viewName":"etm.portal.ui.manageyards.view.New","viewId":"application-manageyards-display-component---NewYard","bindingPath":{"path":"","propertyPath":"/SALES_AREA_VKORG","modelName":"NewYardModel"},"interaction":{"idSuffix":"inner"}},"clearTextFirst":true,"interactionType":"ENTER_TEXT"}]}
RESULT: {"script":"<script> [776 bytes]","args":[{"enterText":"C002","selector":{"controlType":"sap.m.Input","viewName":"etm.portal.ui.manageyards.view.New","viewId":"application-manageyards-display-component---NewYard","bindingPath":{"path":"","propertyPath":"/SALES_AREA_VKORG","modelName":"NewYardModel"},"interaction":{"idSuffix":"inner"}},"clearTextFirst":true,"interactionType":"ENTER_TEXT"}]}
COMMAND: POST /session/fb7328d57ef2f0f9565efbc83768d465/execute/async - {"script":"<script> [1562 bytes]","args":[{"selector":{"controlType":"sap.m.Input","viewName":"etm.portal.ui.manageyards.view.New","viewId":"application-manageyards-display-component---NewYard","bindingPath":{"path":"","propertyPath":"/SALES_AREA_VTWEG","modelName":"NewYardModel"},"interaction":{"idSuffix":"inner"}},"wdio_ui5_key":"etmportal.ui.manageyards.view.Newsap.m.Input{\"path\":\"\",\"propertyPath\":\"/SALES_AREA_VTWEG\",\"modelName\":\"NewYardModel\"}"}]}
RESULT: {"script":"<script> [1562 bytes]","args":[{"selector":{"controlType":"sap.m.Input","viewName":"etm.portal.ui.manageyards.view.New","viewId":"application-manageyards-display-component---NewYard","bindingPath":{"path":"","propertyPath":"/SALES_AREA_VTWEG","modelName":"NewYardModel"},"interaction":{"idSuffix":"inner"}},"wdio_ui5_key":"etmportal.ui.manageyards.view.Newsap.m.Input{\"path\":\"\",\"propertyPath\":\"/SALES_AREA_VTWEG\",\"modelName\":\"NewYardModel\"}"}]}
RESULT: undefined
COMMAND: POST /session/fb7328d57ef2f0f9565efbc83768d465/execute/async - {"script":"<script> [776 bytes]","args":[{"enterText":"C2","selector":{"controlType":"sap.m.Input","viewName":"etm.portal.ui.manageyards.view.New","viewId":"application-manageyards-display-component---NewYard","bindingPath":{"path":"","propertyPath":"/SALES_AREA_VTWEG","modelName":"NewYardModel"},"interaction":{"idSuffix":"inner"}},"clearTextFirst":true,"interactionType":"ENTER_TEXT"}]}
RESULT: {"script":"<script> [776 bytes]","args":[{"enterText":"C2","selector":{"controlType":"sap.m.Input","viewName":"etm.portal.ui.manageyards.view.New","viewId":"application-manageyards-display-component---NewYard","bindingPath":{"path":"","propertyPath":"/SALES_AREA_VTWEG","modelName":"NewYardModel"},"interaction":{"idSuffix":"inner"}},"clearTextFirst":true,"interactionType":"ENTER_TEXT"}]}
COMMAND: POST /session/fb7328d57ef2f0f9565efbc83768d465/execute/async - {"script":"<script> [1562 bytes]","args":[{"selector":{"controlType":"sap.m.Input","viewName":"etm.portal.ui.manageyards.view.New","viewId":"application-manageyards-display-component---NewYard","bindingPath":{"path":"","propertyPath":"/SALES_AREA_SPART","modelName":"NewYardModel"},"interaction":{"idSuffix":"inner"}},"wdio_ui5_key":"etmportal.ui.manageyards.view.Newsap.m.Input{\"path\":\"\",\"propertyPath\":\"/SALES_AREA_SPART\",\"modelName\":\"NewYardModel\"}"}]}
RESULT: {"script":"<script> [1562 bytes]","args":[{"selector":{"controlType":"sap.m.Input","viewName":"etm.portal.ui.manageyards.view.New","viewId":"application-manageyards-display-component---NewYard","bindingPath":{"path":"","propertyPath":"/SALES_AREA_SPART","modelName":"NewYardModel"},"interaction":{"idSuffix":"inner"}},"wdio_ui5_key":"etmportal.ui.manageyards.view.Newsap.m.Input{\"path\":\"\",\"propertyPath\":\"/SALES_AREA_SPART\",\"modelName\":\"NewYardModel\"}"}]}
RESULT: undefined
COMMAND: POST /session/fb7328d57ef2f0f9565efbc83768d465/execute/async - {"script":"<script> [776 bytes]","args":[{"enterText":"C2","selector":{"controlType":"sap.m.Input","viewName":"etm.portal.ui.manageyards.view.New","viewId":"application-manageyards-display-component---NewYard","bindingPath":{"path":"","propertyPath":"/SALES_AREA_SPART","modelName":"NewYardModel"},"interaction":{"idSuffix":"inner"}},"clearTextFirst":true,"interactionType":"ENTER_TEXT"}]}
RESULT: {"script":"<script> [776 bytes]","args":[{"enterText":"C2","selector":{"controlType":"sap.m.Input","viewName":"etm.portal.ui.manageyards.view.New","viewId":"application-manageyards-display-component---NewYard","bindingPath":{"path":"","propertyPath":"/SALES_AREA_SPART","modelName":"NewYardModel"},"interaction":{"idSuffix":"inner"}},"clearTextFirst":true,"interactionType":"ENTER_TEXT"}]}
COMMAND: POST /session/fb7328d57ef2f0f9565efbc83768d465/execute/async - {"script":"<script> [1562 bytes]","args":[{"selector":{"id":"application-manageyards-display-component---NewYard--whmCheckBox","interaction":{"idSuffix":"CbBg"}},"wdio_ui5_key":"applicationmanageyards-display-component---NewYard--whmCheckBox"}]}
RESULT: {"script":"<script> [1562 bytes]","args":[{"selector":{"id":"application-manageyards-display-component---NewYard--whmCheckBox","interaction":{"idSuffix":"CbBg"}},"wdio_ui5_key":"applicationmanageyards-display-component---NewYard--whmCheckBox"}]}
RESULT: undefined
COMMAND: POST /session/fb7328d57ef2f0f9565efbc83768d465/element - {"using":"xpath","value":"//*[@id=\"application-manageyards-display-component---NewYard--whmCheckBox\"]"}
RESULT: {"using":"xpath","value":"//*[@id=\"application-manageyards-display-component---NewYard--whmCheckBox\"]"}
COMMAND: POST /session/fb7328d57ef2f0f9565efbc83768d465/element/f.2DB20A3CB55B7B2492731AE3790B886D.d.8682E49C8AE01189E40828ED2C916552.e.642/click - {}
RESULT: {}
COMMAND: POST /session/fb7328d57ef2f0f9565efbc83768d465/execute/async - {"script":"<script> [1562 bytes]","args":[{"selector":{"controlType":"sap.m.Button","viewName":"etm.portal.ui.manageyards.view.New","viewId":"application-manageyards-display-component---NewYard","i18NText":{"propertyName":"text","key":"save"},"interaction":{"idSuffix":"inner"}},"wdio_ui5_key":"etmportal.ui.manageyards.view.Newsap.m.Button{\"propertyName\":\"text\",\"key\":\"save\"}"}]}
COMMAND: GET /session/fb7328d57ef2f0f9565efbc83768d465/screenshot - {}
RESULT: {"script":"<script> [1562 bytes]","args":[{"selector":{"controlType":"sap.m.Button","viewName":"etm.portal.ui.manageyards.view.New","viewId":"application-manageyards-display-component---NewYard","i18NText":{"propertyName":"text","key":"save"},"interaction":{"idSuffix":"inner"}},"wdio_ui5_key":"etmportal.ui.manageyards.view.Newsap.m.Button{\"propertyName\":\"text\",\"key\":\"save\"}"}]}
RESULT: undefined
COMMAND: POST /session/fb7328d57ef2f0f9565efbc83768d465/element - {"using":"xpath","value":"//*[@id=\"__button18\"]"}
RESULT: {}
RESULT: {"using":"xpath","value":"//*[@id=\"__button18\"]"}
COMMAND: POST /session/fb7328d57ef2f0f9565efbc83768d465/element/f.2DB20A3CB55B7B2492731AE3790B886D.d.8682E49C8AE01189E40828ED2C916552.e.538/click - {}
RESULT: {}
COMMAND: GET /session/fb7328d57ef2f0f9565efbc83768d465/screenshot - {}
RESULT: {}
COMMAND: POST /session/fb7328d57ef2f0f9565efbc83768d465/element - {"using":"css selector","value":"#shell-header-logo"}
RESULT: {"using":"css selector","value":"#shell-header-logo"}
COMMAND: POST /session/fb7328d57ef2f0f9565efbc83768d465/element/f.2DB20A3CB55B7B2492731AE3790B886D.d.8682E49C8AE01189E40828ED2C916552.e.119/click - {}
RESULT: {}
COMMAND: GET /session/fb7328d57ef2f0f9565efbc83768d465/screenshot - {}
RESULT: {}
COMMAND: POST /session/fb7328d57ef2f0f9565efbc83768d465/refresh - {}
RESULT: {}
COMMAND: GET /session/fb7328d57ef2f0f9565efbc83768d465/screenshot - {}
RESULT: {}
COMMAND: POST /session/fb7328d57ef2f0f9565efbc83768d465/execute/async - {"script":"<script> [189 bytes]","args":[]}
RESULT: {"script":"<script> [189 bytes]","args":[]}
COMMAND: POST /session/fb7328d57ef2f0f9565efbc83768d465/execute/async - {"script":"<script> [123 bytes]","args":[]}
RESULT: {"script":"<script> [123 bytes]","args":[]}
COMMAND: POST /session/fb7328d57ef2f0f9565efbc83768d465/timeouts - {"script":"<number>"}
RESULT: {"script":"<number>"}
COMMAND: GET /session/fb7328d57ef2f0f9565efbc83768d465/timeouts - {}
RESULT: {}
RESULT: undefined
COMMAND: POST /session/fb7328d57ef2f0f9565efbc83768d465/execute/async - {"script":"<script> [2676 bytes]","args":[]}
RESULT: {"script":"<script> [2676 bytes]","args":[]}
COMMAND: POST /session/fb7328d57ef2f0f9565efbc83768d465/execute/async - {"script":"<script> [2342 bytes]","args":[{"protocol":"http","hostname":"0.0.0.0","path":"/","capabilities":{"browserName":"chrome","goog:chromeOptions":{"binary":"C:\\Program Files\\Google\\Chrome\\Application\\chrome.exe","args":["--start-maximized"]}},"logLevel":"warn","connectionRetryTimeout":120000,"connectionRetryCount":3,"logLevels":{},"enableDirectConnect":true,"strictSSL":true,"_":"65 more keys: [\"cacheDir\",\"port\",\"requestedCapabilities\",\"automationProtocol\",\"baseUrl\",\"waitforInterval\",\"waitforTimeout\",\"onReload\",\"beforeCommand\",\"afterCommand\",\"rootDir\",\"specs\",\"suites\",\"exclude\",\"groupLogsByTestSpec\",\"excludeDriverLogs\",\"bail\",\"framework\",\"reporters\",\"services\",\"maxInstances\",\"maxInstancesPerCapability\",\"injectGlobals\",\"filesToWatch\",\"execArgv\",\"runnerEnv\",\"runner\",\"shard\",\"specFileRetries\",\"specFileRetriesDelay\",\"specFileRetriesDeferred\",\"reporterSyncInterval\",\"reporterSyncTimeout\",\"cucumberFeaturesWithLineNumbers\",\"autoCompileOpts\",\"mochaOpts\",\"jasmineOpts\",\"cucumberOpts\",\"onPrepare\",\"onWorkerStart\",\"onWorkerEnd\",\"before\",\"beforeSession\",\"beforeSuite\",\"beforeHook\",\"beforeTest\",\"afterTest\",\"afterHook\",\"afterSuite\",\"afterSession\",\"after\",\"onComplete\",\"beforeAssertion\",\"afterAssertion\",\"beforeFeature\",\"beforeScenario\",\"beforeStep\",\"afterStep\",\"afterScenario\",\"afterFeature\",\"_\",\"suite\",\"$0\",\"ignoredWorkerServices\",\"wdi5\"]"}]}
RESULT: {"script":"<script> [2342 bytes]","args":[{"protocol":"http","hostname":"0.0.0.0","path":"/","capabilities":{"browserName":"chrome","goog:chromeOptions":{"binary":"C:\\Program Files\\Google\\Chrome\\Application\\chrome.exe","args":["--start-maximized"]}},"logLevel":"warn","connectionRetryTimeout":120000,"connectionRetryCount":3,"logLevels":{},"enableDirectConnect":true,"strictSSL":true,"_":"65 more keys: [\"cacheDir\",\"port\",\"requestedCapabilities\",\"automationProtocol\",\"baseUrl\",\"waitforInterval\",\"waitforTimeout\",\"onReload\",\"beforeCommand\",\"afterCommand\",\"rootDir\",\"specs\",\"suites\",\"exclude\",\"groupLogsByTestSpec\",\"excludeDriverLogs\",\"bail\",\"framework\",\"reporters\",\"services\",\"maxInstances\",\"maxInstancesPerCapability\",\"injectGlobals\",\"filesToWatch\",\"execArgv\",\"runnerEnv\",\"runner\",\"shard\",\"specFileRetries\",\"specFileRetriesDelay\",\"specFileRetriesDeferred\",\"reporterSyncInterval\",\"reporterSyncTimeout\",\"cucumberFeaturesWithLineNumbers\",\"autoCompileOpts\",\"mochaOpts\",\"jasmineOpts\",\"cucumberOpts\",\"onPrepare\",\"onWorkerStart\",\"onWorkerEnd\",\"before\",\"beforeSession\",\"beforeSuite\",\"beforeHook\",\"beforeTest\",\"afterTest\",\"afterHook\",\"afterSuite\",\"afterSession\",\"after\",\"onComplete\",\"beforeAssertion\",\"afterAssertion\",\"beforeFeature\",\"beforeScenario\",\"beforeStep\",\"afterStep\",\"afterScenario\",\"afterFeature\",\"_\",\"suite\",\"$0\",\"ignoredWorkerServices\",\"wdi5\"]"}]}
COMMAND: POST /session/fb7328d57ef2f0f9565efbc83768d465/execute/async - {"script":"<script> [21126 bytes]","args":[35000]}
RESULT: {"script":"<script> [21126 bytes]","args":[35000]}
]]></system-out>
    </testcase>
    <testcase classname="chrome.136_0_7103_93.windows.Warehouse_movements_inventory_test" name="Should create a new warehouse organization" time="55.223">
      <system-out><![CDATA[
COMMAND: POST /session/fb7328d57ef2f0f9565efbc83768d465/execute/async - {"script":"<script> [1562 bytes]","args":[{"selector":{"controlType":"sap.m.GenericTile","properties":{"header":"Bin Status Report"}},"wdio_ui5_key":"sapm.GenericTile{\"header\":\"Bin Status Report\"}"}]}
RESULT: {"script":"<script> [1562 bytes]","args":[{"selector":{"controlType":"sap.m.GenericTile","properties":{"header":"Bin Status Report"}},"wdio_ui5_key":"sapm.GenericTile{\"header\":\"Bin Status Report\"}"}]}
RESULT: undefined
COMMAND: POST /session/fb7328d57ef2f0f9565efbc83768d465/element - {"using":"xpath","value":"//*[@id=\"__tile104\"]"}
RESULT: {"using":"xpath","value":"//*[@id=\"__tile104\"]"}
COMMAND: POST /session/fb7328d57ef2f0f9565efbc83768d465/element/f.2DB20A3CB55B7B2492731AE3790B886D.d.22A215D157534A1F82144396D00FE09B.e.857/click - {}
RESULT: {}
COMMAND: GET /session/fb7328d57ef2f0f9565efbc83768d465/screenshot - {}
RESULT: {}
COMMAND: POST /session/fb7328d57ef2f0f9565efbc83768d465/elements - {"using":"xpath","value":"//span[text()='Error']"}
RESULT: {"using":"xpath","value":"//span[text()='Error']"}
COMMAND: POST /session/fb7328d57ef2f0f9565efbc83768d465/execute/async - {"script":"<script> [1562 bytes]","args":[{"selector":{"id":"application-binstatusreport-display-component---warehousing--createOrgBtn","interaction":{"idSuffix":"BDI-content"}},"wdio_ui5_key":"applicationbinstatusreport-display-component---warehousing--createOrgBtn"}]}
RESULT: {"script":"<script> [1562 bytes]","args":[{"selector":{"id":"application-binstatusreport-display-component---warehousing--createOrgBtn","interaction":{"idSuffix":"BDI-content"}},"wdio_ui5_key":"applicationbinstatusreport-display-component---warehousing--createOrgBtn"}]}
RESULT: undefined
COMMAND: POST /session/fb7328d57ef2f0f9565efbc83768d465/element - {"using":"xpath","value":"//*[@id=\"application-binstatusreport-display-component---warehousing--createOrgBtn\"]"}
RESULT: {"using":"xpath","value":"//*[@id=\"application-binstatusreport-display-component---warehousing--createOrgBtn\"]"}
COMMAND: POST /session/fb7328d57ef2f0f9565efbc83768d465/element/f.2DB20A3CB55B7B2492731AE3790B886D.d.22A215D157534A1F82144396D00FE09B.e.904/click - {}
RESULT: {}
COMMAND: GET /session/fb7328d57ef2f0f9565efbc83768d465/screenshot - {}
RESULT: {}
COMMAND: POST /session/fb7328d57ef2f0f9565efbc83768d465/execute/async - {"script":"<script> [1562 bytes]","args":[{"selector":{"id":"createOrganizationPop--sectionInput","searchOpenDialogs":true,"interaction":{"idSuffix":"inner"}},"wdio_ui5_key":"createOrganizationPopsectionInput"}]}
RESULT: {"script":"<script> [1562 bytes]","args":[{"selector":{"id":"createOrganizationPop--sectionInput","searchOpenDialogs":true,"interaction":{"idSuffix":"inner"}},"wdio_ui5_key":"createOrganizationPopsectionInput"}]}
RESULT: undefined
COMMAND: POST /session/fb7328d57ef2f0f9565efbc83768d465/execute/async - {"script":"<script> [776 bytes]","args":[{"enterText":"Secnmqa9","selector":{"id":"createOrganizationPop--sectionInput","searchOpenDialogs":true,"interaction":{"idSuffix":"inner"}},"clearTextFirst":true,"interactionType":"ENTER_TEXT"}]}
RESULT: {"script":"<script> [776 bytes]","args":[{"enterText":"Secnmqa9","selector":{"id":"createOrganizationPop--sectionInput","searchOpenDialogs":true,"interaction":{"idSuffix":"inner"}},"clearTextFirst":true,"interactionType":"ENTER_TEXT"}]}
COMMAND: POST /session/fb7328d57ef2f0f9565efbc83768d465/execute/async - {"script":"<script> [1562 bytes]","args":[{"selector":{"id":"createOrganizationPop--descriptionInput","searchOpenDialogs":true,"interaction":{"idSuffix":"inner"}},"wdio_ui5_key":"createOrganizationPopdescriptionInput"}]}
RESULT: {"script":"<script> [1562 bytes]","args":[{"selector":{"id":"createOrganizationPop--descriptionInput","searchOpenDialogs":true,"interaction":{"idSuffix":"inner"}},"wdio_ui5_key":"createOrganizationPopdescriptionInput"}]}
RESULT: undefined
COMMAND: POST /session/fb7328d57ef2f0f9565efbc83768d465/execute/async - {"script":"<script> [776 bytes]","args":[{"enterText":"OrgName0y4lk","selector":{"id":"createOrganizationPop--descriptionInput","searchOpenDialogs":true,"interaction":{"idSuffix":"inner"}},"clearTextFirst":true,"interactionType":"ENTER_TEXT"}]}
RESULT: {"script":"<script> [776 bytes]","args":[{"enterText":"OrgName0y4lk","selector":{"id":"createOrganizationPop--descriptionInput","searchOpenDialogs":true,"interaction":{"idSuffix":"inner"}},"clearTextFirst":true,"interactionType":"ENTER_TEXT"}]}
COMMAND: POST /session/fb7328d57ef2f0f9565efbc83768d465/element - {"using":"xpath","value":"//input[contains(@id ,\"createOrganizationPop--yardOrg-inner\")]"}
RESULT: {"using":"xpath","value":"//input[contains(@id ,\"createOrganizationPop--yardOrg-inner\")]"}
COMMAND: POST /session/fb7328d57ef2f0f9565efbc83768d465/element/f.2DB20A3CB55B7B2492731AE3790B886D.d.22A215D157534A1F82144396D00FE09B.e.941/clear - {}
RESULT: {}
COMMAND: POST /session/fb7328d57ef2f0f9565efbc83768d465/element/f.2DB20A3CB55B7B2492731AE3790B886D.d.22A215D157534A1F82144396D00FE09B.e.941/value - {"text":"WebdriverWHMYardic9rr"}
COMMAND: GET /session/fb7328d57ef2f0f9565efbc83768d465/screenshot - {}
RESULT: {"text":"WebdriverWHMYardic9rr"}
COMMAND: GET /session/fb7328d57ef2f0f9565efbc83768d465/screenshot - {}
RESULT: {}
RESULT: {}
COMMAND: POST /session/fb7328d57ef2f0f9565efbc83768d465/actions - {"actions":[{"id":"action4","type":"key","parameters":{},"actions":[{"type":"keyDown","value":""},{"type":"pause","duration":10},{"type":"keyUp","value":""}]}]}
RESULT: {"actions":[{"id":"action4","type":"key","parameters":{},"actions":[{"type":"keyDown","value":""},{"type":"pause","duration":10},{"type":"keyUp","value":""}]}]}
COMMAND: GET /session/fb7328d57ef2f0f9565efbc83768d465/screenshot - {}
RESULT: {}
COMMAND: POST /session/fb7328d57ef2f0f9565efbc83768d465/execute/async - {"script":"<script> [1562 bytes]","args":[{"selector":{"id":"createOrganizationPop--grZone","searchOpenDialogs":true,"interaction":{"idSuffix":"CbBg"}},"wdio_ui5_key":"createOrganizationPopgrZone"}]}
RESULT: {"script":"<script> [1562 bytes]","args":[{"selector":{"id":"createOrganizationPop--grZone","searchOpenDialogs":true,"interaction":{"idSuffix":"CbBg"}},"wdio_ui5_key":"createOrganizationPopgrZone"}]}
RESULT: undefined
COMMAND: POST /session/fb7328d57ef2f0f9565efbc83768d465/element - {"using":"xpath","value":"//*[@id=\"createOrganizationPop--grZone\"]"}
RESULT: {"using":"xpath","value":"//*[@id=\"createOrganizationPop--grZone\"]"}
COMMAND: POST /session/fb7328d57ef2f0f9565efbc83768d465/element/f.2DB20A3CB55B7B2492731AE3790B886D.d.22A215D157534A1F82144396D00FE09B.e.964/click - {}
RESULT: {}
COMMAND: POST /session/fb7328d57ef2f0f9565efbc83768d465/execute/async - {"script":"<script> [1562 bytes]","args":[{"selector":{"id":"createOrganizationPop--giZone","searchOpenDialogs":true,"interaction":{"idSuffix":"CbBg"}},"wdio_ui5_key":"createOrganizationPopgiZone"}]}
COMMAND: GET /session/fb7328d57ef2f0f9565efbc83768d465/screenshot - {}
RESULT: {"script":"<script> [1562 bytes]","args":[{"selector":{"id":"createOrganizationPop--giZone","searchOpenDialogs":true,"interaction":{"idSuffix":"CbBg"}},"wdio_ui5_key":"createOrganizationPopgiZone"}]}
RESULT: undefined
COMMAND: POST /session/fb7328d57ef2f0f9565efbc83768d465/element - {"using":"xpath","value":"//*[@id=\"createOrganizationPop--giZone\"]"}
RESULT: {}
RESULT: {"using":"xpath","value":"//*[@id=\"createOrganizationPop--giZone\"]"}
COMMAND: POST /session/fb7328d57ef2f0f9565efbc83768d465/element/f.2DB20A3CB55B7B2492731AE3790B886D.d.22A215D157534A1F82144396D00FE09B.e.966/click - {}
RESULT: {}
COMMAND: POST /session/fb7328d57ef2f0f9565efbc83768d465/execute/async - {"script":"<script> [1562 bytes]","args":[{"selector":{"id":"createOrganizationPop--binNoInput","searchOpenDialogs":true,"interaction":{"idSuffix":"inner"}},"wdio_ui5_key":"createOrganizationPopbinNoInput"}]}
COMMAND: GET /session/fb7328d57ef2f0f9565efbc83768d465/screenshot - {}
RESULT: {"script":"<script> [1562 bytes]","args":[{"selector":{"id":"createOrganizationPop--binNoInput","searchOpenDialogs":true,"interaction":{"idSuffix":"inner"}},"wdio_ui5_key":"createOrganizationPopbinNoInput"}]}
RESULT: undefined
COMMAND: POST /session/fb7328d57ef2f0f9565efbc83768d465/execute/async - {"script":"<script> [776 bytes]","args":[{"enterText":"Binyrmhv","selector":{"id":"createOrganizationPop--binNoInput","searchOpenDialogs":true,"interaction":{"idSuffix":"inner"}},"clearTextFirst":true,"interactionType":"ENTER_TEXT"}]}
RESULT: {}
RESULT: {"script":"<script> [776 bytes]","args":[{"enterText":"Binyrmhv","selector":{"id":"createOrganizationPop--binNoInput","searchOpenDialogs":true,"interaction":{"idSuffix":"inner"}},"clearTextFirst":true,"interactionType":"ENTER_TEXT"}]}
COMMAND: POST /session/fb7328d57ef2f0f9565efbc83768d465/execute/async - {"script":"<script> [1562 bytes]","args":[{"selector":{"id":"createOrganizationPop--descriptionId","searchOpenDialogs":true,"interaction":{"idSuffix":"inner"}},"wdio_ui5_key":"createOrganizationPopdescriptionId"}]}
RESULT: {"script":"<script> [1562 bytes]","args":[{"selector":{"id":"createOrganizationPop--descriptionId","searchOpenDialogs":true,"interaction":{"idSuffix":"inner"}},"wdio_ui5_key":"createOrganizationPopdescriptionId"}]}
RESULT: undefined
COMMAND: POST /session/fb7328d57ef2f0f9565efbc83768d465/execute/async - {"script":"<script> [776 bytes]","args":[{"enterText":"Binjjm2f","selector":{"id":"createOrganizationPop--descriptionId","searchOpenDialogs":true,"interaction":{"idSuffix":"inner"}},"clearTextFirst":true,"interactionType":"ENTER_TEXT"}]}
RESULT: {"script":"<script> [776 bytes]","args":[{"enterText":"Binjjm2f","selector":{"id":"createOrganizationPop--descriptionId","searchOpenDialogs":true,"interaction":{"idSuffix":"inner"}},"clearTextFirst":true,"interactionType":"ENTER_TEXT"}]}
COMMAND: POST /session/fb7328d57ef2f0f9565efbc83768d465/execute/async - {"script":"<script> [1562 bytes]","args":[{"selector":{"controlType":"sap.m.CheckBox","viewName":"etm.portal.ui.binstatusreport.view.MasterWareBins","viewId":"application-binstatusreport-display-component---warehousing","bindingPath":{"path":"","propertyPath":"/ZONE","modelName":"newBin"},"searchOpenDialogs":true,"interaction":{"idSuffix":"CbBg"}},"wdio_ui5_key":"etmportal.ui.binstatusreport.view.MasterWareBinssap.m.CheckBox{\"path\":\"\",\"propertyPath\":\"/ZONE\",\"modelName\":\"newBin\"}"}]}
RESULT: {"script":"<script> [1562 bytes]","args":[{"selector":{"controlType":"sap.m.CheckBox","viewName":"etm.portal.ui.binstatusreport.view.MasterWareBins","viewId":"application-binstatusreport-display-component---warehousing","bindingPath":{"path":"","propertyPath":"/ZONE","modelName":"newBin"},"searchOpenDialogs":true,"interaction":{"idSuffix":"CbBg"}},"wdio_ui5_key":"etmportal.ui.binstatusreport.view.MasterWareBinssap.m.CheckBox{\"path\":\"\",\"propertyPath\":\"/ZONE\",\"modelName\":\"newBin\"}"}]}
RESULT: undefined
COMMAND: POST /session/fb7328d57ef2f0f9565efbc83768d465/element - {"using":"xpath","value":"//*[@id=\"__box12\"]"}
RESULT: {"using":"xpath","value":"//*[@id=\"__box12\"]"}
COMMAND: POST /session/fb7328d57ef2f0f9565efbc83768d465/element/f.2DB20A3CB55B7B2492731AE3790B886D.d.22A215D157534A1F82144396D00FE09B.e.983/click - {}
RESULT: {}
COMMAND: POST /session/fb7328d57ef2f0f9565efbc83768d465/execute/async - {"script":"<script> [1562 bytes]","args":[{"selector":{"id":"createOrganizationPop--binTypesCB-arrow","searchOpenDialogs":true},"wdio_ui5_key":"createOrganizationPopbinTypesCB-arrow"}]}
COMMAND: GET /session/fb7328d57ef2f0f9565efbc83768d465/screenshot - {}
RESULT: {"script":"<script> [1562 bytes]","args":[{"selector":{"id":"createOrganizationPop--binTypesCB-arrow","searchOpenDialogs":true},"wdio_ui5_key":"createOrganizationPopbinTypesCB-arrow"}]}
RESULT: undefined
COMMAND: POST /session/fb7328d57ef2f0f9565efbc83768d465/element - {"using":"xpath","value":"//*[@id=\"createOrganizationPop--binTypesCB-arrow\"]"}
RESULT: {}
RESULT: {"using":"xpath","value":"//*[@id=\"createOrganizationPop--binTypesCB-arrow\"]"}
COMMAND: POST /session/fb7328d57ef2f0f9565efbc83768d465/element/f.2DB20A3CB55B7B2492731AE3790B886D.d.22A215D157534A1F82144396D00FE09B.e.994/click - {}
RESULT: {}
COMMAND: POST /session/fb7328d57ef2f0f9565efbc83768d465/execute/async - {"script":"<script> [1562 bytes]","args":[{"selector":{"controlType":"sap.m.StandardListItem","viewName":"etm.portal.ui.binstatusreport.view.MasterWareBins","viewId":"application-binstatusreport-display-component---warehousing","properties":{"title":"1 - General / No capacity check"},"searchOpenDialogs":true,"interaction":{"idSuffix":"content"}},"wdio_ui5_key":"etmportal.ui.binstatusreport.view.MasterWareBinssap.m.StandardListItem{\"title\":\"1 - General / No capacity check\"}"}]}
COMMAND: GET /session/fb7328d57ef2f0f9565efbc83768d465/screenshot - {}
RESULT: {"script":"<script> [1562 bytes]","args":[{"selector":{"controlType":"sap.m.StandardListItem","viewName":"etm.portal.ui.binstatusreport.view.MasterWareBins","viewId":"application-binstatusreport-display-component---warehousing","properties":{"title":"1 - General / No capacity check"},"searchOpenDialogs":true,"interaction":{"idSuffix":"content"}},"wdio_ui5_key":"etmportal.ui.binstatusreport.view.MasterWareBinssap.m.StandardListItem{\"title\":\"1 - General / No capacity check\"}"}]}
RESULT: undefined
COMMAND: POST /session/fb7328d57ef2f0f9565efbc83768d465/element - {"using":"xpath","value":"//*[@id=\"__item79\"]"}
RESULT: {}
RESULT: {"using":"xpath","value":"//*[@id=\"__item79\"]"}
COMMAND: POST /session/fb7328d57ef2f0f9565efbc83768d465/element/f.2DB20A3CB55B7B2492731AE3790B886D.d.22A215D157534A1F82144396D00FE09B.e.996/click - {}
RESULT: {}
COMMAND: POST /session/fb7328d57ef2f0f9565efbc83768d465/execute/async - {"script":"<script> [1562 bytes]","args":[{"selector":{"id":"createOrganizationPop--finishBtn","searchOpenDialogs":true,"interaction":{"idSuffix":"BDI-content"}},"wdio_ui5_key":"createOrganizationPopfinishBtn"}]}
COMMAND: GET /session/fb7328d57ef2f0f9565efbc83768d465/screenshot - {}
RESULT: {"script":"<script> [1562 bytes]","args":[{"selector":{"id":"createOrganizationPop--finishBtn","searchOpenDialogs":true,"interaction":{"idSuffix":"BDI-content"}},"wdio_ui5_key":"createOrganizationPopfinishBtn"}]}
RESULT: undefined
COMMAND: POST /session/fb7328d57ef2f0f9565efbc83768d465/element - {"using":"xpath","value":"//*[@id=\"createOrganizationPop--finishBtn\"]"}
RESULT: {}
RESULT: {"using":"xpath","value":"//*[@id=\"createOrganizationPop--finishBtn\"]"}
COMMAND: POST /session/fb7328d57ef2f0f9565efbc83768d465/element/f.2DB20A3CB55B7B2492731AE3790B886D.d.22A215D157534A1F82144396D00FE09B.e.998/click - {}
RESULT: {}
COMMAND: GET /session/fb7328d57ef2f0f9565efbc83768d465/screenshot - {}
RESULT: {}
COMMAND: POST /session/fb7328d57ef2f0f9565efbc83768d465/element - {"using":"css selector","value":"#shell-header-logo"}
RESULT: {"using":"css selector","value":"#shell-header-logo"}
COMMAND: POST /session/fb7328d57ef2f0f9565efbc83768d465/element/f.2DB20A3CB55B7B2492731AE3790B886D.d.22A215D157534A1F82144396D00FE09B.e.862/click - {}
RESULT: {}
COMMAND: GET /session/fb7328d57ef2f0f9565efbc83768d465/screenshot - {}
RESULT: {}
]]></system-out>
    </testcase>
    <testcase classname="chrome.136_0_7103_93.windows.Warehouse_movements_inventory_test" name="Should Create new material for WHM yard" time="136.375">
      <system-out><![CDATA[
COMMAND: POST /session/fb7328d57ef2f0f9565efbc83768d465/execute/async - {"script":"<script> [1562 bytes]","args":[{"selector":{"controlType":"sap.m.GenericTile","properties":{"header":"Manage Resources"}},"wdio_ui5_key":"sapm.GenericTile{\"header\":\"Manage Resources\"}"}]}
RESULT: {"script":"<script> [1562 bytes]","args":[{"selector":{"controlType":"sap.m.GenericTile","properties":{"header":"Manage Resources"}},"wdio_ui5_key":"sapm.GenericTile{\"header\":\"Manage Resources\"}"}]}
RESULT: undefined
COMMAND: POST /session/fb7328d57ef2f0f9565efbc83768d465/element - {"using":"xpath","value":"//*[@id=\"__tile39\"]"}
RESULT: {"using":"xpath","value":"//*[@id=\"__tile39\"]"}
COMMAND: POST /session/fb7328d57ef2f0f9565efbc83768d465/element/f.2DB20A3CB55B7B2492731AE3790B886D.d.22A215D157534A1F82144396D00FE09B.e.1006/click - {}
RESULT: {}
COMMAND: GET /session/fb7328d57ef2f0f9565efbc83768d465/screenshot - {}
RESULT: {}
COMMAND: POST /session/fb7328d57ef2f0f9565efbc83768d465/elements - {"using":"xpath","value":"//span[text()='Error']"}
RESULT: {"using":"xpath","value":"//span[text()='Error']"}
COMMAND: POST /session/fb7328d57ef2f0f9565efbc83768d465/element - {"using":"xpath","value":"//button[@data-kt=\"addNewRUOverflowToolbarButton\"]"}
RESULT: {"using":"xpath","value":"//button[@data-kt=\"addNewRUOverflowToolbarButton\"]"}
COMMAND: POST /session/fb7328d57ef2f0f9565efbc83768d465/execute/sync - {"script":"<script> [8489 bytes]","args":[{"element-6066-11e4-a52e-4f735466cecf":"f.2DB20A3CB55B7B2492731AE3790B886D.d.22A215D157534A1F82144396D00FE09B.e.1046","ELEMENT":"f.2DB20A3CB55B7B2492731AE3790B886D.d.22A215D157534A1F82144396D00FE09B.e.1046"}]}
RESULT: {"script":"<script> [8489 bytes]","args":[{"element-6066-11e4-a52e-4f735466cecf":"f.2DB20A3CB55B7B2492731AE3790B886D.d.22A215D157534A1F82144396D00FE09B.e.1046","ELEMENT":"f.2DB20A3CB55B7B2492731AE3790B886D.d.22A215D157534A1F82144396D00FE09B.e.1046"}]}
COMMAND: POST /session/fb7328d57ef2f0f9565efbc83768d465/element/f.2DB20A3CB55B7B2492731AE3790B886D.d.22A215D157534A1F82144396D00FE09B.e.1046/click - {}
COMMAND: GET /session/fb7328d57ef2f0f9565efbc83768d465/screenshot - {}
RESULT: {}
COMMAND: POST /session/fb7328d57ef2f0f9565efbc83768d465/execute/async - {"script":"<script> [1562 bytes]","args":[{"selector":{"id":"application-manageresources-display-component---newResourceUnit--TYPE-arrow"},"wdio_ui5_key":"applicationmanageresources-display-component---newResourceUnit--TYPE-arrow"}]}
COMMAND: GET /session/fb7328d57ef2f0f9565efbc83768d465/screenshot - {}
RESULT: {}
RESULT: {"script":"<script> [1562 bytes]","args":[{"selector":{"id":"application-manageresources-display-component---newResourceUnit--TYPE-arrow"},"wdio_ui5_key":"applicationmanageresources-display-component---newResourceUnit--TYPE-arrow"}]}
RESULT: undefined
COMMAND: POST /session/fb7328d57ef2f0f9565efbc83768d465/element - {"using":"xpath","value":"//*[@id=\"application-manageresources-display-component---newResourceUnit--TYPE-arrow\"]"}
RESULT: {}
RESULT: {"using":"xpath","value":"//*[@id=\"application-manageresources-display-component---newResourceUnit--TYPE-arrow\"]"}
COMMAND: POST /session/fb7328d57ef2f0f9565efbc83768d465/element/f.2DB20A3CB55B7B2492731AE3790B886D.d.22A215D157534A1F82144396D00FE09B.e.1369/click - {}
RESULT: {}
COMMAND: POST /session/fb7328d57ef2f0f9565efbc83768d465/execute/async - {"script":"<script> [1562 bytes]","args":[{"selector":{"controlType":"sap.m.StandardListItem","viewName":"reusables.view.manageresources.NewResourceUnit","viewId":"application-manageresources-display-component---newResourceUnit","properties":{"title":"Material"},"searchOpenDialogs":true,"interaction":{"idSuffix":"titleText"}},"wdio_ui5_key":"reusablesview.manageresources.NewResourceUnitsap.m.StandardListItem{\"title\":\"Material\"}"}]}
COMMAND: GET /session/fb7328d57ef2f0f9565efbc83768d465/screenshot - {}
RESULT: {"script":"<script> [1562 bytes]","args":[{"selector":{"controlType":"sap.m.StandardListItem","viewName":"reusables.view.manageresources.NewResourceUnit","viewId":"application-manageresources-display-component---newResourceUnit","properties":{"title":"Material"},"searchOpenDialogs":true,"interaction":{"idSuffix":"titleText"}},"wdio_ui5_key":"reusablesview.manageresources.NewResourceUnitsap.m.StandardListItem{\"title\":\"Material\"}"}]}
RESULT: undefined
COMMAND: POST /session/fb7328d57ef2f0f9565efbc83768d465/element - {"using":"xpath","value":"//*[@id=\"__item213\"]"}
RESULT: {}
RESULT: {"using":"xpath","value":"//*[@id=\"__item213\"]"}
COMMAND: POST /session/fb7328d57ef2f0f9565efbc83768d465/element/f.2DB20A3CB55B7B2492731AE3790B886D.d.22A215D157534A1F82144396D00FE09B.e.1372/click - {}
RESULT: {}
COMMAND: POST /session/fb7328d57ef2f0f9565efbc83768d465/execute/async - {"script":"<script> [1562 bytes]","args":[{"selector":{"id":"application-manageresources-display-component---newResourceUnit--SHORT_TEXT","interaction":{"idSuffix":"inner"}},"wdio_ui5_key":"applicationmanageresources-display-component---newResourceUnit--SHORT_TEXT"}]}
COMMAND: GET /session/fb7328d57ef2f0f9565efbc83768d465/screenshot - {}
RESULT: {"script":"<script> [1562 bytes]","args":[{"selector":{"id":"application-manageresources-display-component---newResourceUnit--SHORT_TEXT","interaction":{"idSuffix":"inner"}},"wdio_ui5_key":"applicationmanageresources-display-component---newResourceUnit--SHORT_TEXT"}]}
RESULT: undefined
COMMAND: POST /session/fb7328d57ef2f0f9565efbc83768d465/execute/async - {"script":"<script> [776 bytes]","args":[{"enterText":"WebdriverRUR2Cbu79e","selector":{"id":"application-manageresources-display-component---newResourceUnit--SHORT_TEXT","interaction":{"idSuffix":"inner"}},"clearTextFirst":true,"interactionType":"ENTER_TEXT"}]}
RESULT: {}
RESULT: {"script":"<script> [776 bytes]","args":[{"enterText":"WebdriverRUR2Cbu79e","selector":{"id":"application-manageresources-display-component---newResourceUnit--SHORT_TEXT","interaction":{"idSuffix":"inner"}},"clearTextFirst":true,"interactionType":"ENTER_TEXT"}]}
COMMAND: POST /session/fb7328d57ef2f0f9565efbc83768d465/execute/async - {"script":"<script> [1562 bytes]","args":[{"selector":{"id":"application-manageresources-display-component---newResourceUnit--BASE_UNIT_OF_MEASURE-arrow"},"wdio_ui5_key":"applicationmanageresources-display-component---newResourceUnit--BASE_UNIT_OF_MEASURE-arrow"}]}
RESULT: {"script":"<script> [1562 bytes]","args":[{"selector":{"id":"application-manageresources-display-component---newResourceUnit--BASE_UNIT_OF_MEASURE-arrow"},"wdio_ui5_key":"applicationmanageresources-display-component---newResourceUnit--BASE_UNIT_OF_MEASURE-arrow"}]}
RESULT: undefined
COMMAND: POST /session/fb7328d57ef2f0f9565efbc83768d465/element - {"using":"xpath","value":"//*[@id=\"application-manageresources-display-component---newResourceUnit--BASE_UNIT_OF_MEASURE-arrow\"]"}
RESULT: {"using":"xpath","value":"//*[@id=\"application-manageresources-display-component---newResourceUnit--BASE_UNIT_OF_MEASURE-arrow\"]"}
COMMAND: POST /session/fb7328d57ef2f0f9565efbc83768d465/element/f.2DB20A3CB55B7B2492731AE3790B886D.d.22A215D157534A1F82144396D00FE09B.e.1491/click - {}
RESULT: {}
COMMAND: POST /session/fb7328d57ef2f0f9565efbc83768d465/execute/async - {"script":"<script> [1562 bytes]","args":[{"selector":{"controlType":"sap.m.StandardListItem","viewName":"reusables.view.manageresources.NewResourceUnit","viewId":"application-manageresources-display-component---newResourceUnit","properties":{"title":"Piece"},"searchOpenDialogs":true,"interaction":{"idSuffix":"titleText"}},"wdio_ui5_key":"reusablesview.manageresources.NewResourceUnitsap.m.StandardListItem{\"title\":\"Piece\"}"}]}
COMMAND: GET /session/fb7328d57ef2f0f9565efbc83768d465/screenshot - {}
RESULT: {"script":"<script> [1562 bytes]","args":[{"selector":{"controlType":"sap.m.StandardListItem","viewName":"reusables.view.manageresources.NewResourceUnit","viewId":"application-manageresources-display-component---newResourceUnit","properties":{"title":"Piece"},"searchOpenDialogs":true,"interaction":{"idSuffix":"titleText"}},"wdio_ui5_key":"reusablesview.manageresources.NewResourceUnitsap.m.StandardListItem{\"title\":\"Piece\"}"}]}
RESULT: undefined
COMMAND: POST /session/fb7328d57ef2f0f9565efbc83768d465/element - {"using":"xpath","value":"//*[@id=\"__item266\"]"}
RESULT: {}
RESULT: {"using":"xpath","value":"//*[@id=\"__item266\"]"}
COMMAND: POST /session/fb7328d57ef2f0f9565efbc83768d465/element/f.2DB20A3CB55B7B2492731AE3790B886D.d.22A215D157534A1F82144396D00FE09B.e.1493/click - {}
RESULT: {}
COMMAND: POST /session/fb7328d57ef2f0f9565efbc83768d465/element - {"using":"xpath","value":"//input[contains(@id ,\"application-manageresources-display-component---newResourceUnit--SHORT_TEXT-inner\")]"}
COMMAND: GET /session/fb7328d57ef2f0f9565efbc83768d465/screenshot - {}
RESULT: {"using":"xpath","value":"//input[contains(@id ,\"application-manageresources-display-component---newResourceUnit--SHORT_TEXT-inner\")]"}
COMMAND: GET /session/fb7328d57ef2f0f9565efbc83768d465/element/f.2DB20A3CB55B7B2492731AE3790B886D.d.22A215D157534A1F82144396D00FE09B.e.1389/property/value - {}
RESULT: {}
RESULT: {}
COMMAND: POST /session/fb7328d57ef2f0f9565efbc83768d465/execute/async - {"script":"<script> [1562 bytes]","args":[{"selector":{"id":"application-manageresources-display-component---newResourceUnit--WEIGHT_UNIT-arrow"},"wdio_ui5_key":"applicationmanageresources-display-component---newResourceUnit--WEIGHT_UNIT-arrow"}]}
COMMAND: GET /session/fb7328d57ef2f0f9565efbc83768d465/screenshot - {}
RESULT: {"script":"<script> [1562 bytes]","args":[{"selector":{"id":"application-manageresources-display-component---newResourceUnit--WEIGHT_UNIT-arrow"},"wdio_ui5_key":"applicationmanageresources-display-component---newResourceUnit--WEIGHT_UNIT-arrow"}]}
RESULT: undefined
COMMAND: POST /session/fb7328d57ef2f0f9565efbc83768d465/element - {"using":"xpath","value":"//*[@id=\"application-manageresources-display-component---newResourceUnit--WEIGHT_UNIT-arrow\"]"}
RESULT: {}
RESULT: {"using":"xpath","value":"//*[@id=\"application-manageresources-display-component---newResourceUnit--WEIGHT_UNIT-arrow\"]"}
COMMAND: POST /session/fb7328d57ef2f0f9565efbc83768d465/element/f.2DB20A3CB55B7B2492731AE3790B886D.d.22A215D157534A1F82144396D00FE09B.e.1494/click - {}
RESULT: {}
COMMAND: POST /session/fb7328d57ef2f0f9565efbc83768d465/execute/async - {"script":"<script> [1562 bytes]","args":[{"selector":{"controlType":"sap.m.StandardListItem","viewName":"reusables.view.manageresources.NewResourceUnit","viewId":"application-manageresources-display-component---newResourceUnit","properties":{"title":"Gram"},"searchOpenDialogs":true,"interaction":{"idSuffix":"content"}},"wdio_ui5_key":"reusablesview.manageresources.NewResourceUnitsap.m.StandardListItem{\"title\":\"Gram\"}"}]}
COMMAND: GET /session/fb7328d57ef2f0f9565efbc83768d465/screenshot - {}
RESULT: {"script":"<script> [1562 bytes]","args":[{"selector":{"controlType":"sap.m.StandardListItem","viewName":"reusables.view.manageresources.NewResourceUnit","viewId":"application-manageresources-display-component---newResourceUnit","properties":{"title":"Gram"},"searchOpenDialogs":true,"interaction":{"idSuffix":"content"}},"wdio_ui5_key":"reusablesview.manageresources.NewResourceUnitsap.m.StandardListItem{\"title\":\"Gram\"}"}]}
RESULT: undefined
COMMAND: POST /session/fb7328d57ef2f0f9565efbc83768d465/element - {"using":"xpath","value":"//*[@id=\"__item331\"]"}
RESULT: {}
RESULT: {"using":"xpath","value":"//*[@id=\"__item331\"]"}
COMMAND: POST /session/fb7328d57ef2f0f9565efbc83768d465/element/f.2DB20A3CB55B7B2492731AE3790B886D.d.22A215D157534A1F82144396D00FE09B.e.1496/click - {}
RESULT: {}
COMMAND: POST /session/fb7328d57ef2f0f9565efbc83768d465/execute/async - {"script":"<script> [1562 bytes]","args":[{"selector":{"id":"application-manageresources-display-component---newResourceUnit--newRRUPage-OPHeaderContent-collapseBtn-img"},"wdio_ui5_key":"applicationmanageresources-display-component---newResourceUnit--newRRUPage-OPHeaderContent-collapseBtn-img"}]}
COMMAND: GET /session/fb7328d57ef2f0f9565efbc83768d465/screenshot - {}
RESULT: {"script":"<script> [1562 bytes]","args":[{"selector":{"id":"application-manageresources-display-component---newResourceUnit--newRRUPage-OPHeaderContent-collapseBtn-img"},"wdio_ui5_key":"applicationmanageresources-display-component---newResourceUnit--newRRUPage-OPHeaderContent-collapseBtn-img"}]}
RESULT: undefined
COMMAND: POST /session/fb7328d57ef2f0f9565efbc83768d465/element - {"using":"xpath","value":"//*[@id=\"application-manageresources-display-component---newResourceUnit--newRRUPage-OPHeaderContent-collapseBtn-img\"]"}
RESULT: {}
RESULT: {"using":"xpath","value":"//*[@id=\"application-manageresources-display-component---newResourceUnit--newRRUPage-OPHeaderContent-collapseBtn-img\"]"}
COMMAND: POST /session/fb7328d57ef2f0f9565efbc83768d465/element/f.2DB20A3CB55B7B2492731AE3790B886D.d.22A215D157534A1F82144396D00FE09B.e.1379/click - {}
RESULT: {}
COMMAND: GET /session/fb7328d57ef2f0f9565efbc83768d465/screenshot - {}
RESULT: {}
COMMAND: POST /session/fb7328d57ef2f0f9565efbc83768d465/element - {"using":"xpath","value":"(//span[contains(@id ,\"application-manageresources-display-component---newResourceUnit--DIMENSION_UNIT-arrow\")])[1]"}
RESULT: {"using":"xpath","value":"(//span[contains(@id ,\"application-manageresources-display-component---newResourceUnit--DIMENSION_UNIT-arrow\")])[1]"}
COMMAND: POST /session/fb7328d57ef2f0f9565efbc83768d465/element/f.2DB20A3CB55B7B2492731AE3790B886D.d.22A215D157534A1F82144396D00FE09B.e.1502/click - {}
RESULT: {}
COMMAND: GET /session/fb7328d57ef2f0f9565efbc83768d465/screenshot - {}
RESULT: {}
COMMAND: POST /session/fb7328d57ef2f0f9565efbc83768d465/execute/async - {"script":"<script> [1562 bytes]","args":[{"selector":{"controlType":"sap.m.StandardListItem","viewName":"reusables.view.manageresources.NewResourceUnit","viewId":"application-manageresources-display-component---newResourceUnit","properties":{"title":"Centimeter"},"searchOpenDialogs":true,"interaction":{"idSuffix":"titleText"}},"wdio_ui5_key":"reusablesview.manageresources.NewResourceUnitsap.m.StandardListItem{\"title\":\"Centimeter\"}"}]}
RESULT: {"script":"<script> [1562 bytes]","args":[{"selector":{"controlType":"sap.m.StandardListItem","viewName":"reusables.view.manageresources.NewResourceUnit","viewId":"application-manageresources-display-component---newResourceUnit","properties":{"title":"Centimeter"},"searchOpenDialogs":true,"interaction":{"idSuffix":"titleText"}},"wdio_ui5_key":"reusablesview.manageresources.NewResourceUnitsap.m.StandardListItem{\"title\":\"Centimeter\"}"}]}
RESULT: undefined
COMMAND: POST /session/fb7328d57ef2f0f9565efbc83768d465/element - {"using":"xpath","value":"//*[@id=\"__item334\"]"}
RESULT: {"using":"xpath","value":"//*[@id=\"__item334\"]"}
COMMAND: POST /session/fb7328d57ef2f0f9565efbc83768d465/element/f.2DB20A3CB55B7B2492731AE3790B886D.d.22A215D157534A1F82144396D00FE09B.e.1504/click - {}
RESULT: {}
COMMAND: POST /session/fb7328d57ef2f0f9565efbc83768d465/execute/async - {"script":"<script> [1562 bytes]","args":[{"selector":{"id":"application-manageresources-display-component---newResourceUnit--newRRUPage-anchBar-application-manageresources-display-component---newResourceUnit--reference-anchor","interaction":{"idSuffix":"BDI-content"}},"wdio_ui5_key":"applicationmanageresources-display-component---newResourceUnit--newRRUPage-anchBar-application-manageresources-display-component---newResourceUnit--reference-anchor"}]}
COMMAND: GET /session/fb7328d57ef2f0f9565efbc83768d465/screenshot - {}
RESULT: {"script":"<script> [1562 bytes]","args":[{"selector":{"id":"application-manageresources-display-component---newResourceUnit--newRRUPage-anchBar-application-manageresources-display-component---newResourceUnit--reference-anchor","interaction":{"idSuffix":"BDI-content"}},"wdio_ui5_key":"applicationmanageresources-display-component---newResourceUnit--newRRUPage-anchBar-application-manageresources-display-component---newResourceUnit--reference-anchor"}]}
RESULT: undefined
COMMAND: POST /session/fb7328d57ef2f0f9565efbc83768d465/element - {"using":"xpath","value":"//*[@id=\"application-manageresources-display-component---newResourceUnit--newRRUPage-anchBar-application-manageresources-display-component---newResourceUnit--reference-anchor\"]"}
RESULT: {}
RESULT: {"using":"xpath","value":"//*[@id=\"application-manageresources-display-component---newResourceUnit--newRRUPage-anchBar-application-manageresources-display-component---newResourceUnit--reference-anchor\"]"}
COMMAND: POST /session/fb7328d57ef2f0f9565efbc83768d465/element/f.2DB20A3CB55B7B2492731AE3790B886D.d.22A215D157534A1F82144396D00FE09B.e.1506/click - {}
RESULT: {}
COMMAND: POST /session/fb7328d57ef2f0f9565efbc83768d465/execute/async - {"script":"<script> [1562 bytes]","args":[{"selector":{"id":"application-manageresources-display-component---newResourceUnit--PLANNING_GROUP-arrow"},"wdio_ui5_key":"applicationmanageresources-display-component---newResourceUnit--PLANNING_GROUP-arrow"}]}
COMMAND: GET /session/fb7328d57ef2f0f9565efbc83768d465/screenshot - {}
RESULT: {"script":"<script> [1562 bytes]","args":[{"selector":{"id":"application-manageresources-display-component---newResourceUnit--PLANNING_GROUP-arrow"},"wdio_ui5_key":"applicationmanageresources-display-component---newResourceUnit--PLANNING_GROUP-arrow"}]}
RESULT: undefined
COMMAND: POST /session/fb7328d57ef2f0f9565efbc83768d465/element - {"using":"xpath","value":"//*[@id=\"application-manageresources-display-component---newResourceUnit--PLANNING_GROUP-arrow\"]"}
RESULT: {}
RESULT: {"using":"xpath","value":"//*[@id=\"application-manageresources-display-component---newResourceUnit--PLANNING_GROUP-arrow\"]"}
COMMAND: POST /session/fb7328d57ef2f0f9565efbc83768d465/element/f.2DB20A3CB55B7B2492731AE3790B886D.d.22A215D157534A1F82144396D00FE09B.e.1510/click - {}
RESULT: {}
COMMAND: POST /session/fb7328d57ef2f0f9565efbc83768d465/execute/async - {"script":"<script> [1562 bytes]","args":[{"selector":{"controlType":"sap.m.StandardListItem","viewName":"reusables.view.manageresources.NewResourceUnit","viewId":"application-manageresources-display-component---newResourceUnit","properties":{"title":"Heavy Equi"},"searchOpenDialogs":true,"interaction":{"idSuffix":"content"}},"wdio_ui5_key":"reusablesview.manageresources.NewResourceUnitsap.m.StandardListItem{\"title\":\"Heavy Equi\"}"}]}
COMMAND: GET /session/fb7328d57ef2f0f9565efbc83768d465/screenshot - {}
RESULT: {"script":"<script> [1562 bytes]","args":[{"selector":{"controlType":"sap.m.StandardListItem","viewName":"reusables.view.manageresources.NewResourceUnit","viewId":"application-manageresources-display-component---newResourceUnit","properties":{"title":"Heavy Equi"},"searchOpenDialogs":true,"interaction":{"idSuffix":"content"}},"wdio_ui5_key":"reusablesview.manageresources.NewResourceUnitsap.m.StandardListItem{\"title\":\"Heavy Equi\"}"}]}
RESULT: undefined
COMMAND: POST /session/fb7328d57ef2f0f9565efbc83768d465/element - {"using":"xpath","value":"//*[@id=\"__item342\"]"}
RESULT: {}
RESULT: {"using":"xpath","value":"//*[@id=\"__item342\"]"}
COMMAND: POST /session/fb7328d57ef2f0f9565efbc83768d465/element/f.2DB20A3CB55B7B2492731AE3790B886D.d.22A215D157534A1F82144396D00FE09B.e.1514/click - {}
RESULT: {}
COMMAND: GET /session/fb7328d57ef2f0f9565efbc83768d465/screenshot - {}
RESULT: {}
COMMAND: POST /session/fb7328d57ef2f0f9565efbc83768d465/execute/async - {"script":"<script> [1562 bytes]","args":[{"selector":{"id":"application-manageresources-display-component---newResourceUnit--PLANNING_INDICATOR-arrow"},"wdio_ui5_key":"applicationmanageresources-display-component---newResourceUnit--PLANNING_INDICATOR-arrow"}]}
RESULT: {"script":"<script> [1562 bytes]","args":[{"selector":{"id":"application-manageresources-display-component---newResourceUnit--PLANNING_INDICATOR-arrow"},"wdio_ui5_key":"applicationmanageresources-display-component---newResourceUnit--PLANNING_INDICATOR-arrow"}]}
RESULT: undefined
COMMAND: POST /session/fb7328d57ef2f0f9565efbc83768d465/element - {"using":"xpath","value":"//*[@id=\"application-manageresources-display-component---newResourceUnit--PLANNING_INDICATOR-arrow\"]"}
RESULT: {"using":"xpath","value":"//*[@id=\"application-manageresources-display-component---newResourceUnit--PLANNING_INDICATOR-arrow\"]"}
COMMAND: POST /session/fb7328d57ef2f0f9565efbc83768d465/element/f.2DB20A3CB55B7B2492731AE3790B886D.d.22A215D157534A1F82144396D00FE09B.e.1515/click - {}
RESULT: {}
COMMAND: POST /session/fb7328d57ef2f0f9565efbc83768d465/execute/async - {"script":"<script> [1562 bytes]","args":[{"selector":{"controlType":"sap.m.StandardListItem","viewName":"reusables.view.manageresources.NewResourceUnit","viewId":"application-manageresources-display-component---newResourceUnit","properties":{"title":"10 - infinite"},"searchOpenDialogs":true,"interaction":{"idSuffix":"content"}},"wdio_ui5_key":"reusablesview.manageresources.NewResourceUnitsap.m.StandardListItem{\"title\":\"10 - infinite\"}"}]}
COMMAND: GET /session/fb7328d57ef2f0f9565efbc83768d465/screenshot - {}
RESULT: {"script":"<script> [1562 bytes]","args":[{"selector":{"controlType":"sap.m.StandardListItem","viewName":"reusables.view.manageresources.NewResourceUnit","viewId":"application-manageresources-display-component---newResourceUnit","properties":{"title":"10 - infinite"},"searchOpenDialogs":true,"interaction":{"idSuffix":"content"}},"wdio_ui5_key":"reusablesview.manageresources.NewResourceUnitsap.m.StandardListItem{\"title\":\"10 - infinite\"}"}]}
RESULT: undefined
COMMAND: POST /session/fb7328d57ef2f0f9565efbc83768d465/element - {"using":"xpath","value":"//*[@id=\"__item352\"]"}
RESULT: {}
RESULT: {"using":"xpath","value":"//*[@id=\"__item352\"]"}
COMMAND: POST /session/fb7328d57ef2f0f9565efbc83768d465/element/f.2DB20A3CB55B7B2492731AE3790B886D.d.22A215D157534A1F82144396D00FE09B.e.1517/click - {}
RESULT: {}
COMMAND: GET /session/fb7328d57ef2f0f9565efbc83768d465/screenshot - {}
RESULT: {}
COMMAND: POST /session/fb7328d57ef2f0f9565efbc83768d465/element - {"using":"xpath","value":"//bdi[contains(text(), \"Time Segment\")]"}
RESULT: {"using":"xpath","value":"//bdi[contains(text(), \"Time Segment\")]"}
COMMAND: GET /session/fb7328d57ef2f0f9565efbc83768d465/element/f.2DB20A3CB55B7B2492731AE3790B886D.d.22A215D157534A1F82144396D00FE09B.e.1518/rect - {}
RESULT: {}
COMMAND: GET /session/fb7328d57ef2f0f9565efbc83768d465/window/rect - {}
RESULT: {}
COMMAND: POST /session/fb7328d57ef2f0f9565efbc83768d465/execute/sync - {"script":"<script> [92 bytes]","args":[]}
RESULT: {"script":"<script> [92 bytes]","args":[]}
COMMAND: POST /session/fb7328d57ef2f0f9565efbc83768d465/actions - {"actions":[{"id":"action5","type":"wheel","parameters":{},"actions":[{"type":"scroll","x":-1820,"y":-21,"deltaX":0,"deltaY":0,"duration":0,"origin":{"element-6066-11e4-a52e-4f735466cecf":"f.2DB20A3CB55B7B2492731AE3790B886D.d.22A215D157534A1F82144396D00FE09B.e.1518"}}]}]}
COMMAND: GET /session/fb7328d57ef2f0f9565efbc83768d465/screenshot - {}
RESULT: {}
COMMAND: POST /session/fb7328d57ef2f0f9565efbc83768d465/execute/sync - {"script":"<script> [79 bytes]","args":[{"element-6066-11e4-a52e-4f735466cecf":"f.2DB20A3CB55B7B2492731AE3790B886D.d.22A215D157534A1F82144396D00FE09B.e.1518","ELEMENT":"f.2DB20A3CB55B7B2492731AE3790B886D.d.22A215D157534A1F82144396D00FE09B.e.1518"},{"block":"start","inline":"nearest"}]}
RESULT: {"script":"<script> [79 bytes]","args":[{"element-6066-11e4-a52e-4f735466cecf":"f.2DB20A3CB55B7B2492731AE3790B886D.d.22A215D157534A1F82144396D00FE09B.e.1518","ELEMENT":"f.2DB20A3CB55B7B2492731AE3790B886D.d.22A215D157534A1F82144396D00FE09B.e.1518"},{"block":"start","inline":"nearest"}]}
COMMAND: GET /session/fb7328d57ef2f0f9565efbc83768d465/screenshot - {}
RESULT: {}
COMMAND: POST /session/fb7328d57ef2f0f9565efbc83768d465/element - {"using":"xpath","value":"//span[@id=\"application-manageresources-display-component---newResourceUnit--btnAddTimeSegment-img\"]"}
RESULT: {"using":"xpath","value":"//span[@id=\"application-manageresources-display-component---newResourceUnit--btnAddTimeSegment-img\"]"}
COMMAND: POST /session/fb7328d57ef2f0f9565efbc83768d465/execute/sync - {"script":"<script> [8489 bytes]","args":[{"element-6066-11e4-a52e-4f735466cecf":"f.2DB20A3CB55B7B2492731AE3790B886D.d.22A215D157534A1F82144396D00FE09B.e.1521","ELEMENT":"f.2DB20A3CB55B7B2492731AE3790B886D.d.22A215D157534A1F82144396D00FE09B.e.1521"}]}
RESULT: {"script":"<script> [8489 bytes]","args":[{"element-6066-11e4-a52e-4f735466cecf":"f.2DB20A3CB55B7B2492731AE3790B886D.d.22A215D157534A1F82144396D00FE09B.e.1521","ELEMENT":"f.2DB20A3CB55B7B2492731AE3790B886D.d.22A215D157534A1F82144396D00FE09B.e.1521"}]}
COMMAND: POST /session/fb7328d57ef2f0f9565efbc83768d465/element/f.2DB20A3CB55B7B2492731AE3790B886D.d.22A215D157534A1F82144396D00FE09B.e.1521/click - {}
COMMAND: GET /session/fb7328d57ef2f0f9565efbc83768d465/screenshot - {}
RESULT: {}
COMMAND: GET /session/fb7328d57ef2f0f9565efbc83768d465/screenshot - {}
RESULT: {}
COMMAND: POST /session/fb7328d57ef2f0f9565efbc83768d465/element - {"using":"xpath","value":"//input[@id=\"application-manageresources-display-component---newResourceUnit--idRuTSAdmin-application-manageresources-display-component---newResourceUnit--RUTimeSegment-0-inner\"]"}
RESULT: {}
RESULT: {"using":"xpath","value":"//input[@id=\"application-manageresources-display-component---newResourceUnit--idRuTSAdmin-application-manageresources-display-component---newResourceUnit--RUTimeSegment-0-inner\"]"}
COMMAND: POST /session/fb7328d57ef2f0f9565efbc83768d465/element/f.2DB20A3CB55B7B2492731AE3790B886D.d.22A215D157534A1F82144396D00FE09B.e.1524/clear - {}
RESULT: {}
COMMAND: POST /session/fb7328d57ef2f0f9565efbc83768d465/element/f.2DB20A3CB55B7B2492731AE3790B886D.d.22A215D157534A1F82144396D00FE09B.e.1524/value - {"text":"WebdriverWHMYardic9rr"}
COMMAND: GET /session/fb7328d57ef2f0f9565efbc83768d465/screenshot - {}
RESULT: {"text":"WebdriverWHMYardic9rr"}
COMMAND: GET /session/fb7328d57ef2f0f9565efbc83768d465/screenshot - {}
RESULT: {}
RESULT: {}
COMMAND: POST /session/fb7328d57ef2f0f9565efbc83768d465/actions - {"actions":[{"id":"action6","type":"key","parameters":{},"actions":[{"type":"keyDown","value":""},{"type":"pause","duration":10},{"type":"keyUp","value":""}]}]}
RESULT: {"actions":[{"id":"action6","type":"key","parameters":{},"actions":[{"type":"keyDown","value":""},{"type":"pause","duration":10},{"type":"keyUp","value":""}]}]}
COMMAND: GET /session/fb7328d57ef2f0f9565efbc83768d465/screenshot - {}
RESULT: {}
COMMAND: POST /session/fb7328d57ef2f0f9565efbc83768d465/execute/async - {"script":"<script> [1562 bytes]","args":[{"selector":{"controlType":"sap.m.Button","viewName":"reusables.view.manageresources.NewResourceUnit","viewId":"application-manageresources-display-component---newResourceUnit","i18NText":{"propertyName":"tooltip","key":"save"},"interaction":{"idSuffix":"BDI-content"}},"wdio_ui5_key":"reusablesview.manageresources.NewResourceUnitsap.m.Button{\"propertyName\":\"tooltip\",\"key\":\"save\"}"}]}
RESULT: {"script":"<script> [1562 bytes]","args":[{"selector":{"controlType":"sap.m.Button","viewName":"reusables.view.manageresources.NewResourceUnit","viewId":"application-manageresources-display-component---newResourceUnit","i18NText":{"propertyName":"tooltip","key":"save"},"interaction":{"idSuffix":"BDI-content"}},"wdio_ui5_key":"reusablesview.manageresources.NewResourceUnitsap.m.Button{\"propertyName\":\"tooltip\",\"key\":\"save\"}"}]}
RESULT: undefined
COMMAND: POST /session/fb7328d57ef2f0f9565efbc83768d465/element - {"using":"xpath","value":"//*[@id=\"application-manageresources-display-component---newResourceUnit--createRuButton\"]"}
RESULT: {"using":"xpath","value":"//*[@id=\"application-manageresources-display-component---newResourceUnit--createRuButton\"]"}
COMMAND: POST /session/fb7328d57ef2f0f9565efbc83768d465/element/f.2DB20A3CB55B7B2492731AE3790B886D.d.22A215D157534A1F82144396D00FE09B.e.1385/click - {}
RESULT: {}
COMMAND: GET /session/fb7328d57ef2f0f9565efbc83768d465/screenshot - {}
RESULT: {}
COMMAND: POST /session/fb7328d57ef2f0f9565efbc83768d465/execute/async - {"script":"<script> [1562 bytes]","args":[{"selector":{"controlType":"sap.m.Title","properties":{"text":"Success"},"searchOpenDialogs":true},"wdio_ui5_key":"sapm.Title{\"text\":\"Success\"}"}]}
RESULT: {"script":"<script> [1562 bytes]","args":[{"selector":{"controlType":"sap.m.Title","properties":{"text":"Success"},"searchOpenDialogs":true},"wdio_ui5_key":"sapm.Title{\"text\":\"Success\"}"}]}
RESULT: undefined
COMMAND: POST /session/fb7328d57ef2f0f9565efbc83768d465/execute/async - {"script":"<script> [6424 bytes]","args":[{"element-6066-11e4-a52e-4f735466cecf":"f.2DB20A3CB55B7B2492731AE3790B886D.d.22A215D157534A1F82144396D00FE09B.e.1538"},"getText",[]]}
RESULT: {"script":"<script> [6424 bytes]","args":[{"element-6066-11e4-a52e-4f735466cecf":"f.2DB20A3CB55B7B2492731AE3790B886D.d.22A215D157534A1F82144396D00FE09B.e.1538"},"getText",[]]}
COMMAND: POST /session/fb7328d57ef2f0f9565efbc83768d465/element - {"using":"xpath","value":"//*[contains(@id, '__text') and (contains(text(), 'successfully created') or contains(., 'successfully created'))]"}
RESULT: {"using":"xpath","value":"//*[contains(@id, '__text') and (contains(text(), 'successfully created') or contains(., 'successfully created'))]"}
COMMAND: GET /session/fb7328d57ef2f0f9565efbc83768d465/element/f.2DB20A3CB55B7B2492731AE3790B886D.d.22A215D157534A1F82144396D00FE09B.e.1536/text - {}
RESULT: {}
COMMAND: POST /session/fb7328d57ef2f0f9565efbc83768d465/execute/async - {"script":"<script> [1562 bytes]","args":[{"selector":{"controlType":"sap.m.Button","properties":{"text":"Close"},"searchOpenDialogs":true,"interaction":{"idSuffix":"BDI-content"}},"wdio_ui5_key":"sapm.Button{\"text\":\"Close\"}"}]}
RESULT: {"script":"<script> [1562 bytes]","args":[{"selector":{"controlType":"sap.m.Button","properties":{"text":"Close"},"searchOpenDialogs":true,"interaction":{"idSuffix":"BDI-content"}},"wdio_ui5_key":"sapm.Button{\"text\":\"Close\"}"}]}
RESULT: undefined
COMMAND: POST /session/fb7328d57ef2f0f9565efbc83768d465/element - {"using":"xpath","value":"//*[@id=\"__mbox-btn-0\"]"}
RESULT: {"using":"xpath","value":"//*[@id=\"__mbox-btn-0\"]"}
COMMAND: POST /session/fb7328d57ef2f0f9565efbc83768d465/element/f.2DB20A3CB55B7B2492731AE3790B886D.d.22A215D157534A1F82144396D00FE09B.e.1534/click - {}
RESULT: {}
COMMAND: GET /session/fb7328d57ef2f0f9565efbc83768d465/screenshot - {}
RESULT: {}
COMMAND: POST /session/fb7328d57ef2f0f9565efbc83768d465/execute/async - {"script":"<script> [1562 bytes]","args":[{"selector":{"controlType":"sap.ui.core.Icon","viewName":"etm.portal.ui.manageresources.view.Detail","viewId":"application-manageresources-display-component---detailRU","properties":{"src":{"regex":{"source":"overflow"}}}},"wdio_ui5_key":"etmportal.ui.manageresources.view.Detailsap.ui.core.Icon{\"src\":{\"regex\":{\"source\":\"overflow\"}}}"}]}
RESULT: {"script":"<script> [1562 bytes]","args":[{"selector":{"controlType":"sap.ui.core.Icon","viewName":"etm.portal.ui.manageresources.view.Detail","viewId":"application-manageresources-display-component---detailRU","properties":{"src":{"regex":{"source":"overflow"}}}},"wdio_ui5_key":"etmportal.ui.manageresources.view.Detailsap.ui.core.Icon{\"src\":{\"regex\":{\"source\":\"overflow\"}}}"}]}
RESULT: undefined
COMMAND: POST /session/fb7328d57ef2f0f9565efbc83768d465/element - {"using":"xpath","value":"//*[@id=\"__title18-_actionsToolbar-overflowButton-img\"]"}
RESULT: {"using":"xpath","value":"//*[@id=\"__title18-_actionsToolbar-overflowButton-img\"]"}
COMMAND: POST /session/fb7328d57ef2f0f9565efbc83768d465/element/f.2DB20A3CB55B7B2492731AE3790B886D.d.22A215D157534A1F82144396D00FE09B.e.1570/click - {}
RESULT: {}
COMMAND: POST /session/fb7328d57ef2f0f9565efbc83768d465/execute/async - {"script":"<script> [1562 bytes]","args":[{"selector":{"controlType":"sap.m.Button","viewName":"etm.portal.ui.manageresources.view.Detail","viewId":"application-manageresources-display-component---detailRU","i18NText":{"propertyName":"tooltip","key":"closeColumn"},"searchOpenDialogs":true,"interaction":{"idSuffix":"inner"}},"wdio_ui5_key":"etmportal.ui.manageresources.view.Detailsap.m.Button{\"propertyName\":\"tooltip\",\"key\":\"closeColumn\"}"}]}
COMMAND: GET /session/fb7328d57ef2f0f9565efbc83768d465/screenshot - {}
RESULT: {"script":"<script> [1562 bytes]","args":[{"selector":{"controlType":"sap.m.Button","viewName":"etm.portal.ui.manageresources.view.Detail","viewId":"application-manageresources-display-component---detailRU","i18NText":{"propertyName":"tooltip","key":"closeColumn"},"searchOpenDialogs":true,"interaction":{"idSuffix":"inner"}},"wdio_ui5_key":"etmportal.ui.manageresources.view.Detailsap.m.Button{\"propertyName\":\"tooltip\",\"key\":\"closeColumn\"}"}]}
RESULT: undefined
COMMAND: POST /session/fb7328d57ef2f0f9565efbc83768d465/element - {"using":"xpath","value":"//*[@id=\"__button51\"]"}
RESULT: {}
RESULT: {"using":"xpath","value":"//*[@id=\"__button51\"]"}
COMMAND: POST /session/fb7328d57ef2f0f9565efbc83768d465/element/f.2DB20A3CB55B7B2492731AE3790B886D.d.22A215D157534A1F82144396D00FE09B.e.1572/click - {}
RESULT: {}
COMMAND: GET /session/fb7328d57ef2f0f9565efbc83768d465/screenshot - {}
RESULT: {}
COMMAND: POST /session/fb7328d57ef2f0f9565efbc83768d465/refresh - {}
RESULT: {}
COMMAND: GET /session/fb7328d57ef2f0f9565efbc83768d465/screenshot - {}
RESULT: {}
COMMAND: POST /session/fb7328d57ef2f0f9565efbc83768d465/execute/async - {"script":"<script> [189 bytes]","args":[]}
RESULT: {"script":"<script> [189 bytes]","args":[]}
COMMAND: POST /session/fb7328d57ef2f0f9565efbc83768d465/execute/async - {"script":"<script> [123 bytes]","args":[]}
RESULT: {"script":"<script> [123 bytes]","args":[]}
COMMAND: POST /session/fb7328d57ef2f0f9565efbc83768d465/timeouts - {"script":"<number>"}
RESULT: {"script":"<number>"}
COMMAND: GET /session/fb7328d57ef2f0f9565efbc83768d465/timeouts - {}
RESULT: {}
RESULT: undefined
COMMAND: POST /session/fb7328d57ef2f0f9565efbc83768d465/execute/async - {"script":"<script> [2676 bytes]","args":[]}
RESULT: {"script":"<script> [2676 bytes]","args":[]}
COMMAND: POST /session/fb7328d57ef2f0f9565efbc83768d465/execute/async - {"script":"<script> [2342 bytes]","args":[{"protocol":"http","hostname":"0.0.0.0","path":"/","capabilities":{"browserName":"chrome","goog:chromeOptions":{"binary":"C:\\Program Files\\Google\\Chrome\\Application\\chrome.exe","args":["--start-maximized"]}},"logLevel":"warn","connectionRetryTimeout":120000,"connectionRetryCount":3,"logLevels":{},"enableDirectConnect":true,"strictSSL":true,"_":"65 more keys: [\"cacheDir\",\"port\",\"requestedCapabilities\",\"automationProtocol\",\"baseUrl\",\"waitforInterval\",\"waitforTimeout\",\"onReload\",\"beforeCommand\",\"afterCommand\",\"rootDir\",\"specs\",\"suites\",\"exclude\",\"groupLogsByTestSpec\",\"excludeDriverLogs\",\"bail\",\"framework\",\"reporters\",\"services\",\"maxInstances\",\"maxInstancesPerCapability\",\"injectGlobals\",\"filesToWatch\",\"execArgv\",\"runnerEnv\",\"runner\",\"shard\",\"specFileRetries\",\"specFileRetriesDelay\",\"specFileRetriesDeferred\",\"reporterSyncInterval\",\"reporterSyncTimeout\",\"cucumberFeaturesWithLineNumbers\",\"autoCompileOpts\",\"mochaOpts\",\"jasmineOpts\",\"cucumberOpts\",\"onPrepare\",\"onWorkerStart\",\"onWorkerEnd\",\"before\",\"beforeSession\",\"beforeSuite\",\"beforeHook\",\"beforeTest\",\"afterTest\",\"afterHook\",\"afterSuite\",\"afterSession\",\"after\",\"onComplete\",\"beforeAssertion\",\"afterAssertion\",\"beforeFeature\",\"beforeScenario\",\"beforeStep\",\"afterStep\",\"afterScenario\",\"afterFeature\",\"_\",\"suite\",\"$0\",\"ignoredWorkerServices\",\"wdi5\"]"}]}
RESULT: {"script":"<script> [2342 bytes]","args":[{"protocol":"http","hostname":"0.0.0.0","path":"/","capabilities":{"browserName":"chrome","goog:chromeOptions":{"binary":"C:\\Program Files\\Google\\Chrome\\Application\\chrome.exe","args":["--start-maximized"]}},"logLevel":"warn","connectionRetryTimeout":120000,"connectionRetryCount":3,"logLevels":{},"enableDirectConnect":true,"strictSSL":true,"_":"65 more keys: [\"cacheDir\",\"port\",\"requestedCapabilities\",\"automationProtocol\",\"baseUrl\",\"waitforInterval\",\"waitforTimeout\",\"onReload\",\"beforeCommand\",\"afterCommand\",\"rootDir\",\"specs\",\"suites\",\"exclude\",\"groupLogsByTestSpec\",\"excludeDriverLogs\",\"bail\",\"framework\",\"reporters\",\"services\",\"maxInstances\",\"maxInstancesPerCapability\",\"injectGlobals\",\"filesToWatch\",\"execArgv\",\"runnerEnv\",\"runner\",\"shard\",\"specFileRetries\",\"specFileRetriesDelay\",\"specFileRetriesDeferred\",\"reporterSyncInterval\",\"reporterSyncTimeout\",\"cucumberFeaturesWithLineNumbers\",\"autoCompileOpts\",\"mochaOpts\",\"jasmineOpts\",\"cucumberOpts\",\"onPrepare\",\"onWorkerStart\",\"onWorkerEnd\",\"before\",\"beforeSession\",\"beforeSuite\",\"beforeHook\",\"beforeTest\",\"afterTest\",\"afterHook\",\"afterSuite\",\"afterSession\",\"after\",\"onComplete\",\"beforeAssertion\",\"afterAssertion\",\"beforeFeature\",\"beforeScenario\",\"beforeStep\",\"afterStep\",\"afterScenario\",\"afterFeature\",\"_\",\"suite\",\"$0\",\"ignoredWorkerServices\",\"wdi5\"]"}]}
COMMAND: POST /session/fb7328d57ef2f0f9565efbc83768d465/execute/async - {"script":"<script> [21126 bytes]","args":[35000]}
RESULT: {"script":"<script> [21126 bytes]","args":[35000]}
COMMAND: POST /session/fb7328d57ef2f0f9565efbc83768d465/element - {"using":"css selector","value":"#shell-header-logo"}
RESULT: {"using":"css selector","value":"#shell-header-logo"}
COMMAND: POST /session/fb7328d57ef2f0f9565efbc83768d465/element/f.2DB20A3CB55B7B2492731AE3790B886D.d.89A0315DBF2691EA21AF863401997BC7.e.1671/click - {}
RESULT: {}
COMMAND: GET /session/fb7328d57ef2f0f9565efbc83768d465/screenshot - {}
RESULT: {}
COMMAND: POST /session/fb7328d57ef2f0f9565efbc83768d465/element - {"using":"css selector","value":"#shell-header-logo"}
RESULT: {"using":"css selector","value":"#shell-header-logo"}
COMMAND: POST /session/fb7328d57ef2f0f9565efbc83768d465/element/f.2DB20A3CB55B7B2492731AE3790B886D.d.89A0315DBF2691EA21AF863401997BC7.e.1862/click - {}
RESULT: {}
COMMAND: GET /session/fb7328d57ef2f0f9565efbc83768d465/screenshot - {}
RESULT: {}
]]></system-out>
    </testcase>
    <testcase classname="chrome.136_0_7103_93.windows.Warehouse_movements_inventory_test" name="Should do a stock increase handover" time="126.068">
      <failure/>
      <error message="Can't call click on element with selector &quot;//button[@data-kt=&quot;PickingTableConfirmAllButton&quot;]&quot; because element wasn't found"/>
      <system-out><![CDATA[
COMMAND: POST /session/fb7328d57ef2f0f9565efbc83768d465/execute/async - {"script":"<script> [1562 bytes]","args":[{"selector":{"controlType":"sap.m.GenericTile","properties":{"header":"Manage Handovers"}},"wdio_ui5_key":"sapm.GenericTile{\"header\":\"Manage Handovers\"}"}]}
RESULT: {"script":"<script> [1562 bytes]","args":[{"selector":{"controlType":"sap.m.GenericTile","properties":{"header":"Manage Handovers"}},"wdio_ui5_key":"sapm.GenericTile{\"header\":\"Manage Handovers\"}"}]}
RESULT: undefined
COMMAND: POST /session/fb7328d57ef2f0f9565efbc83768d465/element - {"using":"xpath","value":"//*[@id=\"__tile130\"]"}
RESULT: {"using":"xpath","value":"//*[@id=\"__tile130\"]"}
COMMAND: POST /session/fb7328d57ef2f0f9565efbc83768d465/element/f.2DB20A3CB55B7B2492731AE3790B886D.d.89A0315DBF2691EA21AF863401997BC7.e.1863/click - {}
RESULT: {}
COMMAND: GET /session/fb7328d57ef2f0f9565efbc83768d465/screenshot - {}
RESULT: {}
COMMAND: POST /session/fb7328d57ef2f0f9565efbc83768d465/elements - {"using":"xpath","value":"//span[text()='Error']"}
RESULT: {"using":"xpath","value":"//span[text()='Error']"}
COMMAND: POST /session/fb7328d57ef2f0f9565efbc83768d465/element - {"using":"xpath","value":"//button[(@data-kt = 'masterHOAddButton')]"}
RESULT: {"using":"xpath","value":"//button[(@data-kt = 'masterHOAddButton')]"}
COMMAND: POST /session/fb7328d57ef2f0f9565efbc83768d465/element/f.2DB20A3CB55B7B2492731AE3790B886D.d.89A0315DBF2691EA21AF863401997BC7.e.1904/click - {}
RESULT: {}
COMMAND: GET /session/fb7328d57ef2f0f9565efbc83768d465/screenshot - {}
RESULT: {}
COMMAND: POST /session/fb7328d57ef2f0f9565efbc83768d465/element - {"using":"xpath","value":"//span[contains(@id ,\"AddNewHO--typeSelect-arrow\")]"}
RESULT: {"using":"xpath","value":"//span[contains(@id ,\"AddNewHO--typeSelect-arrow\")]"}
COMMAND: POST /session/fb7328d57ef2f0f9565efbc83768d465/element/f.2DB20A3CB55B7B2492731AE3790B886D.d.89A0315DBF2691EA21AF863401997BC7.e.2216/click - {}
RESULT: {}
COMMAND: POST /session/fb7328d57ef2f0f9565efbc83768d465/element - {"using":"xpath","value":"(//li[contains(text(), \"stock increase yard\")])[1]"}
COMMAND: GET /session/fb7328d57ef2f0f9565efbc83768d465/screenshot - {}
RESULT: {"using":"xpath","value":"(//li[contains(text(), \"stock increase yard\")])[1]"}
COMMAND: POST /session/fb7328d57ef2f0f9565efbc83768d465/element/f.2DB20A3CB55B7B2492731AE3790B886D.d.89A0315DBF2691EA21AF863401997BC7.e.2217/click - {}
RESULT: {}
RESULT: {}
COMMAND: GET /session/fb7328d57ef2f0f9565efbc83768d465/screenshot - {}
RESULT: {}
COMMAND: POST /session/fb7328d57ef2f0f9565efbc83768d465/execute/async - {"script":"<script> [1562 bytes]","args":[{"selector":{"id":"application-managehandovers-display-component---AddNewHO--dueDate","interaction":{"idSuffix":"inner"}},"wdio_ui5_key":"applicationmanagehandovers-display-component---AddNewHO--dueDate"}]}
RESULT: {"script":"<script> [1562 bytes]","args":[{"selector":{"id":"application-managehandovers-display-component---AddNewHO--dueDate","interaction":{"idSuffix":"inner"}},"wdio_ui5_key":"applicationmanagehandovers-display-component---AddNewHO--dueDate"}]}
RESULT: undefined
COMMAND: POST /session/fb7328d57ef2f0f9565efbc83768d465/execute/async - {"script":"<script> [6424 bytes]","args":[{"element-6066-11e4-a52e-4f735466cecf":"f.2DB20A3CB55B7B2492731AE3790B886D.d.89A0315DBF2691EA21AF863401997BC7.e.2221"},"setValue",["5/23/25"]]}
RESULT: {"script":"<script> [6424 bytes]","args":[{"element-6066-11e4-a52e-4f735466cecf":"f.2DB20A3CB55B7B2492731AE3790B886D.d.89A0315DBF2691EA21AF863401997BC7.e.2221"},"setValue",["5/23/25"]]}
COMMAND: POST /session/fb7328d57ef2f0f9565efbc83768d465/element - {"using":"xpath","value":"//input[@id=\"generalSectionFrg--receiveYard-inner\"]"}
RESULT: {"using":"xpath","value":"//input[@id=\"generalSectionFrg--receiveYard-inner\"]"}
COMMAND: POST /session/fb7328d57ef2f0f9565efbc83768d465/element/f.2DB20A3CB55B7B2492731AE3790B886D.d.89A0315DBF2691EA21AF863401997BC7.e.2227/clear - {}
RESULT: {}
COMMAND: POST /session/fb7328d57ef2f0f9565efbc83768d465/element/f.2DB20A3CB55B7B2492731AE3790B886D.d.89A0315DBF2691EA21AF863401997BC7.e.2227/value - {"text":"WebdriverWHMYardic9rr"}
COMMAND: GET /session/fb7328d57ef2f0f9565efbc83768d465/screenshot - {}
RESULT: {"text":"WebdriverWHMYardic9rr"}
COMMAND: GET /session/fb7328d57ef2f0f9565efbc83768d465/screenshot - {}
RESULT: {}
RESULT: {}
COMMAND: POST /session/fb7328d57ef2f0f9565efbc83768d465/execute/async - {"script":"<script> [1562 bytes]","args":[{"selector":{"id":"application-managehandovers-display-component---AddNewHO--ObjectPageLayout-anchBar-application-managehandovers-display-component---AddNewHO--section4-anchor","interaction":{"idSuffix":"BDI-content"}},"wdio_ui5_key":"applicationmanagehandovers-display-component---AddNewHO--ObjectPageLayout-anchBar-application-managehandovers-display-component---AddNewHO--section4-anchor"}]}
RESULT: {"script":"<script> [1562 bytes]","args":[{"selector":{"id":"application-managehandovers-display-component---AddNewHO--ObjectPageLayout-anchBar-application-managehandovers-display-component---AddNewHO--section4-anchor","interaction":{"idSuffix":"BDI-content"}},"wdio_ui5_key":"applicationmanagehandovers-display-component---AddNewHO--ObjectPageLayout-anchBar-application-managehandovers-display-component---AddNewHO--section4-anchor"}]}
RESULT: undefined
COMMAND: POST /session/fb7328d57ef2f0f9565efbc83768d465/element - {"using":"xpath","value":"//*[@id=\"application-managehandovers-display-component---AddNewHO--ObjectPageLayout-anchBar-application-managehandovers-display-component---AddNewHO--section4-anchor\"]"}
RESULT: {"using":"xpath","value":"//*[@id=\"application-managehandovers-display-component---AddNewHO--ObjectPageLayout-anchBar-application-managehandovers-display-component---AddNewHO--section4-anchor\"]"}
COMMAND: POST /session/fb7328d57ef2f0f9565efbc83768d465/element/f.2DB20A3CB55B7B2492731AE3790B886D.d.89A0315DBF2691EA21AF863401997BC7.e.2246/click - {}
RESULT: {}
COMMAND: GET /session/fb7328d57ef2f0f9565efbc83768d465/screenshot - {}
RESULT: {}
COMMAND: POST /session/fb7328d57ef2f0f9565efbc83768d465/element - {"using":"xpath","value":"//button[@aria-label=\"Add\"]"}
RESULT: {"using":"xpath","value":"//button[@aria-label=\"Add\"]"}
COMMAND: POST /session/fb7328d57ef2f0f9565efbc83768d465/element/f.2DB20A3CB55B7B2492731AE3790B886D.d.89A0315DBF2691EA21AF863401997BC7.e.2250/click - {}
RESULT: {}
COMMAND: GET /session/fb7328d57ef2f0f9565efbc83768d465/screenshot - {}
RESULT: {}
COMMAND: POST /session/fb7328d57ef2f0f9565efbc83768d465/execute/async - {"script":"<script> [1562 bytes]","args":[{"selector":{"id":"application-managehandovers-display-component---AddNewHO--smartFilterBar-btnBasicSearch","searchOpenDialogs":true,"interaction":{"idSuffix":"I"}},"wdio_ui5_key":"applicationmanagehandovers-display-component---AddNewHO--smartFilterBar-btnBasicSearch"}]}
RESULT: {"script":"<script> [1562 bytes]","args":[{"selector":{"id":"application-managehandovers-display-component---AddNewHO--smartFilterBar-btnBasicSearch","searchOpenDialogs":true,"interaction":{"idSuffix":"I"}},"wdio_ui5_key":"applicationmanagehandovers-display-component---AddNewHO--smartFilterBar-btnBasicSearch"}]}
RESULT: undefined
COMMAND: POST /session/fb7328d57ef2f0f9565efbc83768d465/execute/async - {"script":"<script> [776 bytes]","args":[{"enterText":"WebdriverRUR2Cbu79e","selector":{"id":"application-managehandovers-display-component---AddNewHO--smartFilterBar-btnBasicSearch","searchOpenDialogs":true,"interaction":{"idSuffix":"I"}},"clearTextFirst":true,"interactionType":"ENTER_TEXT"}]}
RESULT: {"script":"<script> [776 bytes]","args":[{"enterText":"WebdriverRUR2Cbu79e","selector":{"id":"application-managehandovers-display-component---AddNewHO--smartFilterBar-btnBasicSearch","searchOpenDialogs":true,"interaction":{"idSuffix":"I"}},"clearTextFirst":true,"interactionType":"ENTER_TEXT"}]}
COMMAND: POST /session/fb7328d57ef2f0f9565efbc83768d465/actions - {"actions":[{"id":"action7","type":"key","parameters":{},"actions":[{"type":"keyDown","value":""},{"type":"pause","duration":10},{"type":"keyUp","value":""}]}]}
RESULT: {"actions":[{"id":"action7","type":"key","parameters":{},"actions":[{"type":"keyDown","value":""},{"type":"pause","duration":10},{"type":"keyUp","value":""}]}]}
COMMAND: POST /session/fb7328d57ef2f0f9565efbc83768d465/execute/async - {"script":"<script> [1562 bytes]","args":[{"selector":{"id":"application-managehandovers-display-component---AddNewHO--popup-sa","searchOpenDialogs":true,"interaction":{"idSuffix":"CbBg"}},"wdio_ui5_key":"applicationmanagehandovers-display-component---AddNewHO--popup-sa"}]}
COMMAND: GET /session/fb7328d57ef2f0f9565efbc83768d465/screenshot - {}
RESULT: {"script":"<script> [1562 bytes]","args":[{"selector":{"id":"application-managehandovers-display-component---AddNewHO--popup-sa","searchOpenDialogs":true,"interaction":{"idSuffix":"CbBg"}},"wdio_ui5_key":"applicationmanagehandovers-display-component---AddNewHO--popup-sa"}]}
RESULT: undefined
COMMAND: POST /session/fb7328d57ef2f0f9565efbc83768d465/element - {"using":"xpath","value":"//*[@id=\"application-managehandovers-display-component---AddNewHO--popup-sa\"]"}
RESULT: {}
RESULT: {"using":"xpath","value":"//*[@id=\"application-managehandovers-display-component---AddNewHO--popup-sa\"]"}
COMMAND: POST /session/fb7328d57ef2f0f9565efbc83768d465/element/f.2DB20A3CB55B7B2492731AE3790B886D.d.89A0315DBF2691EA21AF863401997BC7.e.2402/click - {}
RESULT: {}
COMMAND: GET /session/fb7328d57ef2f0f9565efbc83768d465/screenshot - {}
RESULT: {}
COMMAND: POST /session/fb7328d57ef2f0f9565efbc83768d465/element - {"using":"xpath","value":"//bdi[contains(text(), \"Select\")]"}
RESULT: {"using":"xpath","value":"//bdi[contains(text(), \"Select\")]"}
COMMAND: POST /session/fb7328d57ef2f0f9565efbc83768d465/element/f.2DB20A3CB55B7B2492731AE3790B886D.d.89A0315DBF2691EA21AF863401997BC7.e.2403/click - {}
RESULT: {}
COMMAND: GET /session/fb7328d57ef2f0f9565efbc83768d465/screenshot - {}
RESULT: {}
COMMAND: POST /session/fb7328d57ef2f0f9565efbc83768d465/element - {"using":"xpath","value":"//button[@data-kt=\"AddNewHOSaveButton\"]"}
RESULT: {"using":"xpath","value":"//button[@data-kt=\"AddNewHOSaveButton\"]"}
COMMAND: POST /session/fb7328d57ef2f0f9565efbc83768d465/element/f.2DB20A3CB55B7B2492731AE3790B886D.d.89A0315DBF2691EA21AF863401997BC7.e.2407/click - {}
RESULT: {}
COMMAND: GET /session/fb7328d57ef2f0f9565efbc83768d465/screenshot - {}
RESULT: {}
COMMAND: POST /session/fb7328d57ef2f0f9565efbc83768d465/execute/async - {"script":"<script> [1562 bytes]","args":[{"selector":{"id":"receiptDatePicker","viewName":"etm.portal.ui.managehandovers.view.DetailExecuteHO","interaction":{"idSuffix":"inner"}},"wdio_ui5_key":"receiptDatePickeretmportal.ui.managehandovers.view.DetailExecuteHO"}]}
RESULT: {"script":"<script> [1562 bytes]","args":[{"selector":{"id":"receiptDatePicker","viewName":"etm.portal.ui.managehandovers.view.DetailExecuteHO","interaction":{"idSuffix":"inner"}},"wdio_ui5_key":"receiptDatePickeretmportal.ui.managehandovers.view.DetailExecuteHO"}]}
RESULT: undefined
COMMAND: POST /session/fb7328d57ef2f0f9565efbc83768d465/execute/async - {"script":"<script> [6424 bytes]","args":[{"element-6066-11e4-a52e-4f735466cecf":"f.2DB20A3CB55B7B2492731AE3790B886D.d.89A0315DBF2691EA21AF863401997BC7.e.2435"},"setValue",["5/23/25"]]}
RESULT: {"script":"<script> [6424 bytes]","args":[{"element-6066-11e4-a52e-4f735466cecf":"f.2DB20A3CB55B7B2492731AE3790B886D.d.89A0315DBF2691EA21AF863401997BC7.e.2435"},"setValue",["5/23/25"]]}
COMMAND: POST /session/fb7328d57ef2f0f9565efbc83768d465/element - {"using":"xpath","value":"//button[@data-kt=\"PickingTableConfirmAllButton\"]"}
RESULT: {"using":"xpath","value":"//button[@data-kt=\"PickingTableConfirmAllButton\"]"}
COMMAND: POST /session/fb7328d57ef2f0f9565efbc83768d465/elements - {"using":"xpath","value":"//button[@data-kt=\"PickingTableConfirmAllButton\"]"}
RESULT: {"using":"xpath","value":"//button[@data-kt=\"PickingTableConfirmAllButton\"]"}
COMMAND: POST /session/fb7328d57ef2f0f9565efbc83768d465/elements - {"using":"xpath","value":"//button[@data-kt=\"PickingTableConfirmAllButton\"]"}
RESULT: {"using":"xpath","value":"//button[@data-kt=\"PickingTableConfirmAllButton\"]"}
COMMAND: POST /session/fb7328d57ef2f0f9565efbc83768d465/elements - {"using":"xpath","value":"//button[@data-kt=\"PickingTableConfirmAllButton\"]"}
RESULT: {"using":"xpath","value":"//button[@data-kt=\"PickingTableConfirmAllButton\"]"}
COMMAND: POST /session/fb7328d57ef2f0f9565efbc83768d465/elements - {"using":"xpath","value":"//button[@data-kt=\"PickingTableConfirmAllButton\"]"}
RESULT: {"using":"xpath","value":"//button[@data-kt=\"PickingTableConfirmAllButton\"]"}
COMMAND: POST /session/fb7328d57ef2f0f9565efbc83768d465/elements - {"using":"xpath","value":"//button[@data-kt=\"PickingTableConfirmAllButton\"]"}
RESULT: {"using":"xpath","value":"//button[@data-kt=\"PickingTableConfirmAllButton\"]"}
COMMAND: POST /session/fb7328d57ef2f0f9565efbc83768d465/elements - {"using":"xpath","value":"//button[@data-kt=\"PickingTableConfirmAllButton\"]"}
RESULT: {"using":"xpath","value":"//button[@data-kt=\"PickingTableConfirmAllButton\"]"}
COMMAND: POST /session/fb7328d57ef2f0f9565efbc83768d465/elements - {"using":"xpath","value":"//button[@data-kt=\"PickingTableConfirmAllButton\"]"}
RESULT: {"using":"xpath","value":"//button[@data-kt=\"PickingTableConfirmAllButton\"]"}
COMMAND: POST /session/fb7328d57ef2f0f9565efbc83768d465/elements - {"using":"xpath","value":"//button[@data-kt=\"PickingTableConfirmAllButton\"]"}
RESULT: {"using":"xpath","value":"//button[@data-kt=\"PickingTableConfirmAllButton\"]"}
COMMAND: POST /session/fb7328d57ef2f0f9565efbc83768d465/elements - {"using":"xpath","value":"//button[@data-kt=\"PickingTableConfirmAllButton\"]"}
RESULT: {"using":"xpath","value":"//button[@data-kt=\"PickingTableConfirmAllButton\"]"}
COMMAND: POST /session/fb7328d57ef2f0f9565efbc83768d465/elements - {"using":"xpath","value":"//button[@data-kt=\"PickingTableConfirmAllButton\"]"}
RESULT: {"using":"xpath","value":"//button[@data-kt=\"PickingTableConfirmAllButton\"]"}
COMMAND: POST /session/fb7328d57ef2f0f9565efbc83768d465/elements - {"using":"xpath","value":"//button[@data-kt=\"PickingTableConfirmAllButton\"]"}
RESULT: {"using":"xpath","value":"//button[@data-kt=\"PickingTableConfirmAllButton\"]"}
COMMAND: POST /session/fb7328d57ef2f0f9565efbc83768d465/elements - {"using":"xpath","value":"//button[@data-kt=\"PickingTableConfirmAllButton\"]"}
RESULT: {"using":"xpath","value":"//button[@data-kt=\"PickingTableConfirmAllButton\"]"}
COMMAND: POST /session/fb7328d57ef2f0f9565efbc83768d465/elements - {"using":"xpath","value":"//button[@data-kt=\"PickingTableConfirmAllButton\"]"}
RESULT: {"using":"xpath","value":"//button[@data-kt=\"PickingTableConfirmAllButton\"]"}
COMMAND: POST /session/fb7328d57ef2f0f9565efbc83768d465/elements - {"using":"xpath","value":"//button[@data-kt=\"PickingTableConfirmAllButton\"]"}
RESULT: {"using":"xpath","value":"//button[@data-kt=\"PickingTableConfirmAllButton\"]"}
COMMAND: POST /session/fb7328d57ef2f0f9565efbc83768d465/elements - {"using":"xpath","value":"//button[@data-kt=\"PickingTableConfirmAllButton\"]"}
RESULT: {"using":"xpath","value":"//button[@data-kt=\"PickingTableConfirmAllButton\"]"}
COMMAND: POST /session/fb7328d57ef2f0f9565efbc83768d465/elements - {"using":"xpath","value":"//button[@data-kt=\"PickingTableConfirmAllButton\"]"}
RESULT: {"using":"xpath","value":"//button[@data-kt=\"PickingTableConfirmAllButton\"]"}
COMMAND: POST /session/fb7328d57ef2f0f9565efbc83768d465/elements - {"using":"xpath","value":"//button[@data-kt=\"PickingTableConfirmAllButton\"]"}
RESULT: {"using":"xpath","value":"//button[@data-kt=\"PickingTableConfirmAllButton\"]"}
COMMAND: POST /session/fb7328d57ef2f0f9565efbc83768d465/elements - {"using":"xpath","value":"//button[@data-kt=\"PickingTableConfirmAllButton\"]"}
RESULT: {"using":"xpath","value":"//button[@data-kt=\"PickingTableConfirmAllButton\"]"}
COMMAND: POST /session/fb7328d57ef2f0f9565efbc83768d465/elements - {"using":"xpath","value":"//button[@data-kt=\"PickingTableConfirmAllButton\"]"}
RESULT: {"using":"xpath","value":"//button[@data-kt=\"PickingTableConfirmAllButton\"]"}
COMMAND: POST /session/fb7328d57ef2f0f9565efbc83768d465/elements - {"using":"xpath","value":"//button[@data-kt=\"PickingTableConfirmAllButton\"]"}
RESULT: {"using":"xpath","value":"//button[@data-kt=\"PickingTableConfirmAllButton\"]"}
COMMAND: POST /session/fb7328d57ef2f0f9565efbc83768d465/elements - {"using":"xpath","value":"//button[@data-kt=\"PickingTableConfirmAllButton\"]"}
RESULT: {"using":"xpath","value":"//button[@data-kt=\"PickingTableConfirmAllButton\"]"}
COMMAND: POST /session/fb7328d57ef2f0f9565efbc83768d465/elements - {"using":"xpath","value":"//button[@data-kt=\"PickingTableConfirmAllButton\"]"}
RESULT: {"using":"xpath","value":"//button[@data-kt=\"PickingTableConfirmAllButton\"]"}
COMMAND: POST /session/fb7328d57ef2f0f9565efbc83768d465/elements - {"using":"xpath","value":"//button[@data-kt=\"PickingTableConfirmAllButton\"]"}
RESULT: {"using":"xpath","value":"//button[@data-kt=\"PickingTableConfirmAllButton\"]"}
COMMAND: POST /session/fb7328d57ef2f0f9565efbc83768d465/elements - {"using":"xpath","value":"//button[@data-kt=\"PickingTableConfirmAllButton\"]"}
RESULT: {"using":"xpath","value":"//button[@data-kt=\"PickingTableConfirmAllButton\"]"}
COMMAND: POST /session/fb7328d57ef2f0f9565efbc83768d465/elements - {"using":"xpath","value":"//button[@data-kt=\"PickingTableConfirmAllButton\"]"}
RESULT: {"using":"xpath","value":"//button[@data-kt=\"PickingTableConfirmAllButton\"]"}
COMMAND: POST /session/fb7328d57ef2f0f9565efbc83768d465/elements - {"using":"xpath","value":"//button[@data-kt=\"PickingTableConfirmAllButton\"]"}
RESULT: {"using":"xpath","value":"//button[@data-kt=\"PickingTableConfirmAllButton\"]"}
COMMAND: POST /session/fb7328d57ef2f0f9565efbc83768d465/elements - {"using":"xpath","value":"//button[@data-kt=\"PickingTableConfirmAllButton\"]"}
RESULT: {"using":"xpath","value":"//button[@data-kt=\"PickingTableConfirmAllButton\"]"}
COMMAND: POST /session/fb7328d57ef2f0f9565efbc83768d465/elements - {"using":"xpath","value":"//button[@data-kt=\"PickingTableConfirmAllButton\"]"}
RESULT: {"using":"xpath","value":"//button[@data-kt=\"PickingTableConfirmAllButton\"]"}
COMMAND: POST /session/fb7328d57ef2f0f9565efbc83768d465/elements - {"using":"xpath","value":"//button[@data-kt=\"PickingTableConfirmAllButton\"]"}
RESULT: {"using":"xpath","value":"//button[@data-kt=\"PickingTableConfirmAllButton\"]"}
COMMAND: POST /session/fb7328d57ef2f0f9565efbc83768d465/elements - {"using":"xpath","value":"//button[@data-kt=\"PickingTableConfirmAllButton\"]"}
RESULT: {"using":"xpath","value":"//button[@data-kt=\"PickingTableConfirmAllButton\"]"}
COMMAND: POST /session/fb7328d57ef2f0f9565efbc83768d465/elements - {"using":"xpath","value":"//button[@data-kt=\"PickingTableConfirmAllButton\"]"}
RESULT: {"using":"xpath","value":"//button[@data-kt=\"PickingTableConfirmAllButton\"]"}
COMMAND: POST /session/fb7328d57ef2f0f9565efbc83768d465/elements - {"using":"xpath","value":"//button[@data-kt=\"PickingTableConfirmAllButton\"]"}
RESULT: {"using":"xpath","value":"//button[@data-kt=\"PickingTableConfirmAllButton\"]"}
COMMAND: POST /session/fb7328d57ef2f0f9565efbc83768d465/elements - {"using":"xpath","value":"//button[@data-kt=\"PickingTableConfirmAllButton\"]"}
RESULT: {"using":"xpath","value":"//button[@data-kt=\"PickingTableConfirmAllButton\"]"}
COMMAND: POST /session/fb7328d57ef2f0f9565efbc83768d465/elements - {"using":"xpath","value":"//button[@data-kt=\"PickingTableConfirmAllButton\"]"}
RESULT: {"using":"xpath","value":"//button[@data-kt=\"PickingTableConfirmAllButton\"]"}
COMMAND: POST /session/fb7328d57ef2f0f9565efbc83768d465/elements - {"using":"xpath","value":"//button[@data-kt=\"PickingTableConfirmAllButton\"]"}
RESULT: {"using":"xpath","value":"//button[@data-kt=\"PickingTableConfirmAllButton\"]"}
COMMAND: POST /session/fb7328d57ef2f0f9565efbc83768d465/elements - {"using":"xpath","value":"//button[@data-kt=\"PickingTableConfirmAllButton\"]"}
RESULT: {"using":"xpath","value":"//button[@data-kt=\"PickingTableConfirmAllButton\"]"}
COMMAND: POST /session/fb7328d57ef2f0f9565efbc83768d465/elements - {"using":"xpath","value":"//button[@data-kt=\"PickingTableConfirmAllButton\"]"}
RESULT: {"using":"xpath","value":"//button[@data-kt=\"PickingTableConfirmAllButton\"]"}
COMMAND: POST /session/fb7328d57ef2f0f9565efbc83768d465/elements - {"using":"xpath","value":"//button[@data-kt=\"PickingTableConfirmAllButton\"]"}
RESULT: {"using":"xpath","value":"//button[@data-kt=\"PickingTableConfirmAllButton\"]"}
COMMAND: POST /session/fb7328d57ef2f0f9565efbc83768d465/elements - {"using":"xpath","value":"//button[@data-kt=\"PickingTableConfirmAllButton\"]"}
RESULT: {"using":"xpath","value":"//button[@data-kt=\"PickingTableConfirmAllButton\"]"}
COMMAND: POST /session/fb7328d57ef2f0f9565efbc83768d465/elements - {"using":"xpath","value":"//button[@data-kt=\"PickingTableConfirmAllButton\"]"}
RESULT: {"using":"xpath","value":"//button[@data-kt=\"PickingTableConfirmAllButton\"]"}
COMMAND: POST /session/fb7328d57ef2f0f9565efbc83768d465/elements - {"using":"xpath","value":"//button[@data-kt=\"PickingTableConfirmAllButton\"]"}
RESULT: {"using":"xpath","value":"//button[@data-kt=\"PickingTableConfirmAllButton\"]"}
COMMAND: POST /session/fb7328d57ef2f0f9565efbc83768d465/elements - {"using":"xpath","value":"//button[@data-kt=\"PickingTableConfirmAllButton\"]"}
RESULT: {"using":"xpath","value":"//button[@data-kt=\"PickingTableConfirmAllButton\"]"}
COMMAND: POST /session/fb7328d57ef2f0f9565efbc83768d465/elements - {"using":"xpath","value":"//button[@data-kt=\"PickingTableConfirmAllButton\"]"}
RESULT: {"using":"xpath","value":"//button[@data-kt=\"PickingTableConfirmAllButton\"]"}
COMMAND: POST /session/fb7328d57ef2f0f9565efbc83768d465/elements - {"using":"xpath","value":"//button[@data-kt=\"PickingTableConfirmAllButton\"]"}
RESULT: {"using":"xpath","value":"//button[@data-kt=\"PickingTableConfirmAllButton\"]"}
COMMAND: POST /session/fb7328d57ef2f0f9565efbc83768d465/elements - {"using":"xpath","value":"//button[@data-kt=\"PickingTableConfirmAllButton\"]"}
RESULT: {"using":"xpath","value":"//button[@data-kt=\"PickingTableConfirmAllButton\"]"}
COMMAND: POST /session/fb7328d57ef2f0f9565efbc83768d465/elements - {"using":"xpath","value":"//button[@data-kt=\"PickingTableConfirmAllButton\"]"}
RESULT: {"using":"xpath","value":"//button[@data-kt=\"PickingTableConfirmAllButton\"]"}
COMMAND: POST /session/fb7328d57ef2f0f9565efbc83768d465/elements - {"using":"xpath","value":"//button[@data-kt=\"PickingTableConfirmAllButton\"]"}
RESULT: {"using":"xpath","value":"//button[@data-kt=\"PickingTableConfirmAllButton\"]"}
COMMAND: POST /session/fb7328d57ef2f0f9565efbc83768d465/elements - {"using":"xpath","value":"//button[@data-kt=\"PickingTableConfirmAllButton\"]"}
RESULT: {"using":"xpath","value":"//button[@data-kt=\"PickingTableConfirmAllButton\"]"}
COMMAND: POST /session/fb7328d57ef2f0f9565efbc83768d465/elements - {"using":"xpath","value":"//button[@data-kt=\"PickingTableConfirmAllButton\"]"}
RESULT: {"using":"xpath","value":"//button[@data-kt=\"PickingTableConfirmAllButton\"]"}
COMMAND: POST /session/fb7328d57ef2f0f9565efbc83768d465/elements - {"using":"xpath","value":"//button[@data-kt=\"PickingTableConfirmAllButton\"]"}
RESULT: {"using":"xpath","value":"//button[@data-kt=\"PickingTableConfirmAllButton\"]"}
COMMAND: POST /session/fb7328d57ef2f0f9565efbc83768d465/elements - {"using":"xpath","value":"//button[@data-kt=\"PickingTableConfirmAllButton\"]"}
RESULT: {"using":"xpath","value":"//button[@data-kt=\"PickingTableConfirmAllButton\"]"}
COMMAND: POST /session/fb7328d57ef2f0f9565efbc83768d465/elements - {"using":"xpath","value":"//button[@data-kt=\"PickingTableConfirmAllButton\"]"}
RESULT: {"using":"xpath","value":"//button[@data-kt=\"PickingTableConfirmAllButton\"]"}
COMMAND: POST /session/fb7328d57ef2f0f9565efbc83768d465/elements - {"using":"xpath","value":"//button[@data-kt=\"PickingTableConfirmAllButton\"]"}
RESULT: {"using":"xpath","value":"//button[@data-kt=\"PickingTableConfirmAllButton\"]"}
COMMAND: POST /session/fb7328d57ef2f0f9565efbc83768d465/elements - {"using":"xpath","value":"//button[@data-kt=\"PickingTableConfirmAllButton\"]"}
RESULT: {"using":"xpath","value":"//button[@data-kt=\"PickingTableConfirmAllButton\"]"}
COMMAND: POST /session/fb7328d57ef2f0f9565efbc83768d465/elements - {"using":"xpath","value":"//button[@data-kt=\"PickingTableConfirmAllButton\"]"}
RESULT: {"using":"xpath","value":"//button[@data-kt=\"PickingTableConfirmAllButton\"]"}
COMMAND: POST /session/fb7328d57ef2f0f9565efbc83768d465/elements - {"using":"xpath","value":"//button[@data-kt=\"PickingTableConfirmAllButton\"]"}
RESULT: {"using":"xpath","value":"//button[@data-kt=\"PickingTableConfirmAllButton\"]"}
COMMAND: POST /session/fb7328d57ef2f0f9565efbc83768d465/elements - {"using":"xpath","value":"//button[@data-kt=\"PickingTableConfirmAllButton\"]"}
RESULT: {"using":"xpath","value":"//button[@data-kt=\"PickingTableConfirmAllButton\"]"}
COMMAND: POST /session/fb7328d57ef2f0f9565efbc83768d465/elements - {"using":"xpath","value":"//button[@data-kt=\"PickingTableConfirmAllButton\"]"}
RESULT: {"using":"xpath","value":"//button[@data-kt=\"PickingTableConfirmAllButton\"]"}
COMMAND: POST /session/fb7328d57ef2f0f9565efbc83768d465/elements - {"using":"xpath","value":"//button[@data-kt=\"PickingTableConfirmAllButton\"]"}
RESULT: {"using":"xpath","value":"//button[@data-kt=\"PickingTableConfirmAllButton\"]"}
COMMAND: POST /session/fb7328d57ef2f0f9565efbc83768d465/elements - {"using":"xpath","value":"//button[@data-kt=\"PickingTableConfirmAllButton\"]"}
RESULT: {"using":"xpath","value":"//button[@data-kt=\"PickingTableConfirmAllButton\"]"}
COMMAND: POST /session/fb7328d57ef2f0f9565efbc83768d465/elements - {"using":"xpath","value":"//button[@data-kt=\"PickingTableConfirmAllButton\"]"}
RESULT: {"using":"xpath","value":"//button[@data-kt=\"PickingTableConfirmAllButton\"]"}
COMMAND: POST /session/fb7328d57ef2f0f9565efbc83768d465/elements - {"using":"xpath","value":"//button[@data-kt=\"PickingTableConfirmAllButton\"]"}
RESULT: {"using":"xpath","value":"//button[@data-kt=\"PickingTableConfirmAllButton\"]"}
COMMAND: POST /session/fb7328d57ef2f0f9565efbc83768d465/elements - {"using":"xpath","value":"//button[@data-kt=\"PickingTableConfirmAllButton\"]"}
RESULT: {"using":"xpath","value":"//button[@data-kt=\"PickingTableConfirmAllButton\"]"}
COMMAND: POST /session/fb7328d57ef2f0f9565efbc83768d465/elements - {"using":"xpath","value":"//button[@data-kt=\"PickingTableConfirmAllButton\"]"}
RESULT: {"using":"xpath","value":"//button[@data-kt=\"PickingTableConfirmAllButton\"]"}
COMMAND: POST /session/fb7328d57ef2f0f9565efbc83768d465/elements - {"using":"xpath","value":"//button[@data-kt=\"PickingTableConfirmAllButton\"]"}
RESULT: {"using":"xpath","value":"//button[@data-kt=\"PickingTableConfirmAllButton\"]"}
COMMAND: POST /session/fb7328d57ef2f0f9565efbc83768d465/elements - {"using":"xpath","value":"//button[@data-kt=\"PickingTableConfirmAllButton\"]"}
RESULT: {"using":"xpath","value":"//button[@data-kt=\"PickingTableConfirmAllButton\"]"}
COMMAND: POST /session/fb7328d57ef2f0f9565efbc83768d465/elements - {"using":"xpath","value":"//button[@data-kt=\"PickingTableConfirmAllButton\"]"}
RESULT: {"using":"xpath","value":"//button[@data-kt=\"PickingTableConfirmAllButton\"]"}
COMMAND: POST /session/fb7328d57ef2f0f9565efbc83768d465/elements - {"using":"xpath","value":"//button[@data-kt=\"PickingTableConfirmAllButton\"]"}
RESULT: {"using":"xpath","value":"//button[@data-kt=\"PickingTableConfirmAllButton\"]"}
COMMAND: POST /session/fb7328d57ef2f0f9565efbc83768d465/elements - {"using":"xpath","value":"//button[@data-kt=\"PickingTableConfirmAllButton\"]"}
RESULT: {"using":"xpath","value":"//button[@data-kt=\"PickingTableConfirmAllButton\"]"}
COMMAND: POST /session/fb7328d57ef2f0f9565efbc83768d465/elements - {"using":"xpath","value":"//button[@data-kt=\"PickingTableConfirmAllButton\"]"}
RESULT: {"using":"xpath","value":"//button[@data-kt=\"PickingTableConfirmAllButton\"]"}
COMMAND: POST /session/fb7328d57ef2f0f9565efbc83768d465/elements - {"using":"xpath","value":"//button[@data-kt=\"PickingTableConfirmAllButton\"]"}
RESULT: {"using":"xpath","value":"//button[@data-kt=\"PickingTableConfirmAllButton\"]"}
COMMAND: POST /session/fb7328d57ef2f0f9565efbc83768d465/elements - {"using":"xpath","value":"//button[@data-kt=\"PickingTableConfirmAllButton\"]"}
RESULT: {"using":"xpath","value":"//button[@data-kt=\"PickingTableConfirmAllButton\"]"}
COMMAND: POST /session/fb7328d57ef2f0f9565efbc83768d465/elements - {"using":"xpath","value":"//button[@data-kt=\"PickingTableConfirmAllButton\"]"}
RESULT: {"using":"xpath","value":"//button[@data-kt=\"PickingTableConfirmAllButton\"]"}
COMMAND: POST /session/fb7328d57ef2f0f9565efbc83768d465/elements - {"using":"xpath","value":"//button[@data-kt=\"PickingTableConfirmAllButton\"]"}
RESULT: {"using":"xpath","value":"//button[@data-kt=\"PickingTableConfirmAllButton\"]"}
COMMAND: POST /session/fb7328d57ef2f0f9565efbc83768d465/elements - {"using":"xpath","value":"//button[@data-kt=\"PickingTableConfirmAllButton\"]"}
RESULT: {"using":"xpath","value":"//button[@data-kt=\"PickingTableConfirmAllButton\"]"}
COMMAND: POST /session/fb7328d57ef2f0f9565efbc83768d465/elements - {"using":"xpath","value":"//button[@data-kt=\"PickingTableConfirmAllButton\"]"}
RESULT: {"using":"xpath","value":"//button[@data-kt=\"PickingTableConfirmAllButton\"]"}
COMMAND: POST /session/fb7328d57ef2f0f9565efbc83768d465/elements - {"using":"xpath","value":"//button[@data-kt=\"PickingTableConfirmAllButton\"]"}
RESULT: {"using":"xpath","value":"//button[@data-kt=\"PickingTableConfirmAllButton\"]"}
COMMAND: POST /session/fb7328d57ef2f0f9565efbc83768d465/elements - {"using":"xpath","value":"//button[@data-kt=\"PickingTableConfirmAllButton\"]"}
RESULT: {"using":"xpath","value":"//button[@data-kt=\"PickingTableConfirmAllButton\"]"}
COMMAND: POST /session/fb7328d57ef2f0f9565efbc83768d465/elements - {"using":"xpath","value":"//button[@data-kt=\"PickingTableConfirmAllButton\"]"}
RESULT: {"using":"xpath","value":"//button[@data-kt=\"PickingTableConfirmAllButton\"]"}
COMMAND: POST /session/fb7328d57ef2f0f9565efbc83768d465/elements - {"using":"xpath","value":"//button[@data-kt=\"PickingTableConfirmAllButton\"]"}
RESULT: {"using":"xpath","value":"//button[@data-kt=\"PickingTableConfirmAllButton\"]"}
COMMAND: POST /session/fb7328d57ef2f0f9565efbc83768d465/elements - {"using":"xpath","value":"//button[@data-kt=\"PickingTableConfirmAllButton\"]"}
RESULT: {"using":"xpath","value":"//button[@data-kt=\"PickingTableConfirmAllButton\"]"}
COMMAND: POST /session/fb7328d57ef2f0f9565efbc83768d465/elements - {"using":"xpath","value":"//button[@data-kt=\"PickingTableConfirmAllButton\"]"}
RESULT: {"using":"xpath","value":"//button[@data-kt=\"PickingTableConfirmAllButton\"]"}
COMMAND: POST /session/fb7328d57ef2f0f9565efbc83768d465/elements - {"using":"xpath","value":"//button[@data-kt=\"PickingTableConfirmAllButton\"]"}
RESULT: {"using":"xpath","value":"//button[@data-kt=\"PickingTableConfirmAllButton\"]"}
COMMAND: POST /session/fb7328d57ef2f0f9565efbc83768d465/elements - {"using":"xpath","value":"//button[@data-kt=\"PickingTableConfirmAllButton\"]"}
RESULT: {"using":"xpath","value":"//button[@data-kt=\"PickingTableConfirmAllButton\"]"}
COMMAND: POST /session/fb7328d57ef2f0f9565efbc83768d465/elements - {"using":"xpath","value":"//button[@data-kt=\"PickingTableConfirmAllButton\"]"}
RESULT: {"using":"xpath","value":"//button[@data-kt=\"PickingTableConfirmAllButton\"]"}
COMMAND: POST /session/fb7328d57ef2f0f9565efbc83768d465/elements - {"using":"xpath","value":"//button[@data-kt=\"PickingTableConfirmAllButton\"]"}
RESULT: {"using":"xpath","value":"//button[@data-kt=\"PickingTableConfirmAllButton\"]"}
COMMAND: POST /session/fb7328d57ef2f0f9565efbc83768d465/elements - {"using":"xpath","value":"//button[@data-kt=\"PickingTableConfirmAllButton\"]"}
RESULT: {"using":"xpath","value":"//button[@data-kt=\"PickingTableConfirmAllButton\"]"}
COMMAND: POST /session/fb7328d57ef2f0f9565efbc83768d465/elements - {"using":"xpath","value":"//button[@data-kt=\"PickingTableConfirmAllButton\"]"}
RESULT: {"using":"xpath","value":"//button[@data-kt=\"PickingTableConfirmAllButton\"]"}
COMMAND: POST /session/fb7328d57ef2f0f9565efbc83768d465/elements - {"using":"xpath","value":"//button[@data-kt=\"PickingTableConfirmAllButton\"]"}
RESULT: {"using":"xpath","value":"//button[@data-kt=\"PickingTableConfirmAllButton\"]"}
COMMAND: POST /session/fb7328d57ef2f0f9565efbc83768d465/elements - {"using":"xpath","value":"//button[@data-kt=\"PickingTableConfirmAllButton\"]"}
RESULT: {"using":"xpath","value":"//button[@data-kt=\"PickingTableConfirmAllButton\"]"}
COMMAND: POST /session/fb7328d57ef2f0f9565efbc83768d465/elements - {"using":"xpath","value":"//button[@data-kt=\"PickingTableConfirmAllButton\"]"}
RESULT: {"using":"xpath","value":"//button[@data-kt=\"PickingTableConfirmAllButton\"]"}
COMMAND: POST /session/fb7328d57ef2f0f9565efbc83768d465/elements - {"using":"xpath","value":"//button[@data-kt=\"PickingTableConfirmAllButton\"]"}
RESULT: {"using":"xpath","value":"//button[@data-kt=\"PickingTableConfirmAllButton\"]"}
COMMAND: POST /session/fb7328d57ef2f0f9565efbc83768d465/elements - {"using":"xpath","value":"//button[@data-kt=\"PickingTableConfirmAllButton\"]"}
RESULT: {"using":"xpath","value":"//button[@data-kt=\"PickingTableConfirmAllButton\"]"}
COMMAND: POST /session/fb7328d57ef2f0f9565efbc83768d465/elements - {"using":"xpath","value":"//button[@data-kt=\"PickingTableConfirmAllButton\"]"}
RESULT: {"using":"xpath","value":"//button[@data-kt=\"PickingTableConfirmAllButton\"]"}
COMMAND: POST /session/fb7328d57ef2f0f9565efbc83768d465/elements - {"using":"xpath","value":"//button[@data-kt=\"PickingTableConfirmAllButton\"]"}
RESULT: {"using":"xpath","value":"//button[@data-kt=\"PickingTableConfirmAllButton\"]"}
COMMAND: POST /session/fb7328d57ef2f0f9565efbc83768d465/elements - {"using":"xpath","value":"//button[@data-kt=\"PickingTableConfirmAllButton\"]"}
RESULT: {"using":"xpath","value":"//button[@data-kt=\"PickingTableConfirmAllButton\"]"}
COMMAND: POST /session/fb7328d57ef2f0f9565efbc83768d465/elements - {"using":"xpath","value":"//button[@data-kt=\"PickingTableConfirmAllButton\"]"}
RESULT: {"using":"xpath","value":"//button[@data-kt=\"PickingTableConfirmAllButton\"]"}
COMMAND: POST /session/fb7328d57ef2f0f9565efbc83768d465/elements - {"using":"xpath","value":"//button[@data-kt=\"PickingTableConfirmAllButton\"]"}
RESULT: {"using":"xpath","value":"//button[@data-kt=\"PickingTableConfirmAllButton\"]"}
COMMAND: POST /session/fb7328d57ef2f0f9565efbc83768d465/elements - {"using":"xpath","value":"//button[@data-kt=\"PickingTableConfirmAllButton\"]"}
RESULT: {"using":"xpath","value":"//button[@data-kt=\"PickingTableConfirmAllButton\"]"}
COMMAND: POST /session/fb7328d57ef2f0f9565efbc83768d465/elements - {"using":"xpath","value":"//button[@data-kt=\"PickingTableConfirmAllButton\"]"}
RESULT: {"using":"xpath","value":"//button[@data-kt=\"PickingTableConfirmAllButton\"]"}
COMMAND: POST /session/fb7328d57ef2f0f9565efbc83768d465/elements - {"using":"xpath","value":"//button[@data-kt=\"PickingTableConfirmAllButton\"]"}
RESULT: {"using":"xpath","value":"//button[@data-kt=\"PickingTableConfirmAllButton\"]"}
COMMAND: POST /session/fb7328d57ef2f0f9565efbc83768d465/elements - {"using":"xpath","value":"//button[@data-kt=\"PickingTableConfirmAllButton\"]"}
RESULT: {"using":"xpath","value":"//button[@data-kt=\"PickingTableConfirmAllButton\"]"}
COMMAND: POST /session/fb7328d57ef2f0f9565efbc83768d465/elements - {"using":"xpath","value":"//button[@data-kt=\"PickingTableConfirmAllButton\"]"}
RESULT: {"using":"xpath","value":"//button[@data-kt=\"PickingTableConfirmAllButton\"]"}
COMMAND: POST /session/fb7328d57ef2f0f9565efbc83768d465/elements - {"using":"xpath","value":"//button[@data-kt=\"PickingTableConfirmAllButton\"]"}
RESULT: {"using":"xpath","value":"//button[@data-kt=\"PickingTableConfirmAllButton\"]"}
COMMAND: POST /session/fb7328d57ef2f0f9565efbc83768d465/elements - {"using":"xpath","value":"//button[@data-kt=\"PickingTableConfirmAllButton\"]"}
RESULT: {"using":"xpath","value":"//button[@data-kt=\"PickingTableConfirmAllButton\"]"}
COMMAND: POST /session/fb7328d57ef2f0f9565efbc83768d465/elements - {"using":"xpath","value":"//button[@data-kt=\"PickingTableConfirmAllButton\"]"}
RESULT: {"using":"xpath","value":"//button[@data-kt=\"PickingTableConfirmAllButton\"]"}
COMMAND: POST /session/fb7328d57ef2f0f9565efbc83768d465/elements - {"using":"xpath","value":"//button[@data-kt=\"PickingTableConfirmAllButton\"]"}
RESULT: {"using":"xpath","value":"//button[@data-kt=\"PickingTableConfirmAllButton\"]"}
COMMAND: POST /session/fb7328d57ef2f0f9565efbc83768d465/elements - {"using":"xpath","value":"//button[@data-kt=\"PickingTableConfirmAllButton\"]"}
RESULT: {"using":"xpath","value":"//button[@data-kt=\"PickingTableConfirmAllButton\"]"}
COMMAND: POST /session/fb7328d57ef2f0f9565efbc83768d465/elements - {"using":"xpath","value":"//button[@data-kt=\"PickingTableConfirmAllButton\"]"}
RESULT: {"using":"xpath","value":"//button[@data-kt=\"PickingTableConfirmAllButton\"]"}
COMMAND: POST /session/fb7328d57ef2f0f9565efbc83768d465/elements - {"using":"xpath","value":"//button[@data-kt=\"PickingTableConfirmAllButton\"]"}
RESULT: {"using":"xpath","value":"//button[@data-kt=\"PickingTableConfirmAllButton\"]"}
COMMAND: POST /session/fb7328d57ef2f0f9565efbc83768d465/elements - {"using":"xpath","value":"//button[@data-kt=\"PickingTableConfirmAllButton\"]"}
RESULT: {"using":"xpath","value":"//button[@data-kt=\"PickingTableConfirmAllButton\"]"}
COMMAND: POST /session/fb7328d57ef2f0f9565efbc83768d465/elements - {"using":"xpath","value":"//button[@data-kt=\"PickingTableConfirmAllButton\"]"}
RESULT: {"using":"xpath","value":"//button[@data-kt=\"PickingTableConfirmAllButton\"]"}
COMMAND: POST /session/fb7328d57ef2f0f9565efbc83768d465/elements - {"using":"xpath","value":"//button[@data-kt=\"PickingTableConfirmAllButton\"]"}
RESULT: {"using":"xpath","value":"//button[@data-kt=\"PickingTableConfirmAllButton\"]"}
COMMAND: POST /session/fb7328d57ef2f0f9565efbc83768d465/elements - {"using":"xpath","value":"//button[@data-kt=\"PickingTableConfirmAllButton\"]"}
RESULT: {"using":"xpath","value":"//button[@data-kt=\"PickingTableConfirmAllButton\"]"}
COMMAND: POST /session/fb7328d57ef2f0f9565efbc83768d465/elements - {"using":"xpath","value":"//button[@data-kt=\"PickingTableConfirmAllButton\"]"}
RESULT: {"using":"xpath","value":"//button[@data-kt=\"PickingTableConfirmAllButton\"]"}
COMMAND: POST /session/fb7328d57ef2f0f9565efbc83768d465/elements - {"using":"xpath","value":"//button[@data-kt=\"PickingTableConfirmAllButton\"]"}
RESULT: {"using":"xpath","value":"//button[@data-kt=\"PickingTableConfirmAllButton\"]"}
COMMAND: POST /session/fb7328d57ef2f0f9565efbc83768d465/elements - {"using":"xpath","value":"//button[@data-kt=\"PickingTableConfirmAllButton\"]"}
RESULT: {"using":"xpath","value":"//button[@data-kt=\"PickingTableConfirmAllButton\"]"}
COMMAND: POST /session/fb7328d57ef2f0f9565efbc83768d465/elements - {"using":"xpath","value":"//button[@data-kt=\"PickingTableConfirmAllButton\"]"}
RESULT: {"using":"xpath","value":"//button[@data-kt=\"PickingTableConfirmAllButton\"]"}
COMMAND: POST /session/fb7328d57ef2f0f9565efbc83768d465/elements - {"using":"xpath","value":"//button[@data-kt=\"PickingTableConfirmAllButton\"]"}
RESULT: {"using":"xpath","value":"//button[@data-kt=\"PickingTableConfirmAllButton\"]"}
COMMAND: POST /session/fb7328d57ef2f0f9565efbc83768d465/elements - {"using":"xpath","value":"//button[@data-kt=\"PickingTableConfirmAllButton\"]"}
RESULT: {"using":"xpath","value":"//button[@data-kt=\"PickingTableConfirmAllButton\"]"}
COMMAND: GET /session/fb7328d57ef2f0f9565efbc83768d465/screenshot - {}
RESULT: {}
]]></system-out>
      <system-err><![CDATA[
Error: Can't call click on element with selector "//button[@data-kt="PickingTableConfirmAllButton"]" because element wasn't found
    at async Context.<anonymous> (D:\a\1\s\test\specs\HTR\smoke-warehouse-movements-inventory.js:569:9)
]]></system-err>
    </testcase>
    <testcase classname="chrome.136_0_7103_93.windows.Warehouse_movements_inventory_test" name="Verify the warehouse movement" time="90.802">
      <failure/>
      <error message="Can't call click on element with selector &quot;//div[@id='application-warehousemovements-display-component---warehouseMovements--smartFilterBar-filterItemControl_BASIC-YARD-valueHelpDialog-table-rowsel0']&quot; because element wasn't found"/>
      <system-out><![CDATA[
COMMAND: POST /session/fb7328d57ef2f0f9565efbc83768d465/execute/async - {"script":"<script> [1562 bytes]","args":[{"selector":{"controlType":"sap.m.GenericTile","properties":{"header":"Manage Warehouse Movements"}},"wdio_ui5_key":"sapm.GenericTile{\"header\":\"Manage Warehouse Movements\"}"}]}
COMMAND: GET /session/fb7328d57ef2f0f9565efbc83768d465/screenshot - {}
RESULT: {"script":"<script> [1562 bytes]","args":[{"selector":{"controlType":"sap.m.GenericTile","properties":{"header":"Manage Warehouse Movements"}},"wdio_ui5_key":"sapm.GenericTile{\"header\":\"Manage Warehouse Movements\"}"}]}
RESULT: undefined
RESULT: {}
COMMAND: POST /session/fb7328d57ef2f0f9565efbc83768d465/elements - {"using":"xpath","value":"//span[text()='Error']"}
RESULT: {"using":"xpath","value":"//span[text()='Error']"}
COMMAND: POST /session/fb7328d57ef2f0f9565efbc83768d465/execute/async - {"script":"<script> [1562 bytes]","args":[{"selector":{"id":"application-warehousemovements-display-component---warehouseMovements--smartFilterBar-filterItemControl_BASIC-YARD-vhi"},"wdio_ui5_key":"applicationwarehousemovements-display-component---warehouseMovements--smartFilterBar-filterItemControl_BASIC-YARD-vhi"}]}
RESULT: {"script":"<script> [1562 bytes]","args":[{"selector":{"id":"application-warehousemovements-display-component---warehouseMovements--smartFilterBar-filterItemControl_BASIC-YARD-vhi"},"wdio_ui5_key":"applicationwarehousemovements-display-component---warehouseMovements--smartFilterBar-filterItemControl_BASIC-YARD-vhi"}]}
RESULT: undefined
COMMAND: POST /session/fb7328d57ef2f0f9565efbc83768d465/execute/async - {"script":"<script> [1562 bytes]","args":[{"selector":{"id":"application-warehousemovements-display-component---warehouseMovements--smartFilterBar-filterItemControl_BASIC-YARD-valueHelpDialog-smartFilterBar-btnBasicSearch","searchOpenDialogs":true,"interaction":{"idSuffix":"I"}},"wdio_ui5_key":"applicationwarehousemovements-display-component---warehouseMovements--smartFilterBar-filterItemControl_BASIC-YARD-valueHelpDialog-smartFilterBar-btnBasicSearch"}]}
RESULT: {"script":"<script> [1562 bytes]","args":[{"selector":{"id":"application-warehousemovements-display-component---warehouseMovements--smartFilterBar-filterItemControl_BASIC-YARD-valueHelpDialog-smartFilterBar-btnBasicSearch","searchOpenDialogs":true,"interaction":{"idSuffix":"I"}},"wdio_ui5_key":"applicationwarehousemovements-display-component---warehouseMovements--smartFilterBar-filterItemControl_BASIC-YARD-valueHelpDialog-smartFilterBar-btnBasicSearch"}]}
RESULT: undefined
COMMAND: POST /session/fb7328d57ef2f0f9565efbc83768d465/actions - {"actions":[{"id":"action8","type":"key","parameters":{},"actions":[{"type":"keyDown","value":""},{"type":"pause","duration":10},{"type":"keyUp","value":""}]}]}
RESULT: {"actions":[{"id":"action8","type":"key","parameters":{},"actions":[{"type":"keyDown","value":""},{"type":"pause","duration":10},{"type":"keyUp","value":""}]}]}
COMMAND: GET /session/fb7328d57ef2f0f9565efbc83768d465/screenshot - {}
RESULT: {}
COMMAND: POST /session/fb7328d57ef2f0f9565efbc83768d465/element - {"using":"xpath","value":"//div[@id='application-warehousemovements-display-component---warehouseMovements--smartFilterBar-filterItemControl_BASIC-YARD-valueHelpDialog-table-rowsel0']"}
RESULT: {"using":"xpath","value":"//div[@id='application-warehousemovements-display-component---warehouseMovements--smartFilterBar-filterItemControl_BASIC-YARD-valueHelpDialog-table-rowsel0']"}
COMMAND: POST /session/fb7328d57ef2f0f9565efbc83768d465/elements - {"using":"xpath","value":"//div[@id='application-warehousemovements-display-component---warehouseMovements--smartFilterBar-filterItemControl_BASIC-YARD-valueHelpDialog-table-rowsel0']"}
RESULT: {"using":"xpath","value":"//div[@id='application-warehousemovements-display-component---warehouseMovements--smartFilterBar-filterItemControl_BASIC-YARD-valueHelpDialog-table-rowsel0']"}
COMMAND: POST /session/fb7328d57ef2f0f9565efbc83768d465/elements - {"using":"xpath","value":"//div[@id='application-warehousemovements-display-component---warehouseMovements--smartFilterBar-filterItemControl_BASIC-YARD-valueHelpDialog-table-rowsel0']"}
RESULT: {"using":"xpath","value":"//div[@id='application-warehousemovements-display-component---warehouseMovements--smartFilterBar-filterItemControl_BASIC-YARD-valueHelpDialog-table-rowsel0']"}
COMMAND: POST /session/fb7328d57ef2f0f9565efbc83768d465/elements - {"using":"xpath","value":"//div[@id='application-warehousemovements-display-component---warehouseMovements--smartFilterBar-filterItemControl_BASIC-YARD-valueHelpDialog-table-rowsel0']"}
RESULT: {"using":"xpath","value":"//div[@id='application-warehousemovements-display-component---warehouseMovements--smartFilterBar-filterItemControl_BASIC-YARD-valueHelpDialog-table-rowsel0']"}
COMMAND: POST /session/fb7328d57ef2f0f9565efbc83768d465/elements - {"using":"xpath","value":"//div[@id='application-warehousemovements-display-component---warehouseMovements--smartFilterBar-filterItemControl_BASIC-YARD-valueHelpDialog-table-rowsel0']"}
RESULT: {"using":"xpath","value":"//div[@id='application-warehousemovements-display-component---warehouseMovements--smartFilterBar-filterItemControl_BASIC-YARD-valueHelpDialog-table-rowsel0']"}
COMMAND: POST /session/fb7328d57ef2f0f9565efbc83768d465/elements - {"using":"xpath","value":"//div[@id='application-warehousemovements-display-component---warehouseMovements--smartFilterBar-filterItemControl_BASIC-YARD-valueHelpDialog-table-rowsel0']"}
RESULT: {"using":"xpath","value":"//div[@id='application-warehousemovements-display-component---warehouseMovements--smartFilterBar-filterItemControl_BASIC-YARD-valueHelpDialog-table-rowsel0']"}
COMMAND: POST /session/fb7328d57ef2f0f9565efbc83768d465/elements - {"using":"xpath","value":"//div[@id='application-warehousemovements-display-component---warehouseMovements--smartFilterBar-filterItemControl_BASIC-YARD-valueHelpDialog-table-rowsel0']"}
RESULT: {"using":"xpath","value":"//div[@id='application-warehousemovements-display-component---warehouseMovements--smartFilterBar-filterItemControl_BASIC-YARD-valueHelpDialog-table-rowsel0']"}
COMMAND: POST /session/fb7328d57ef2f0f9565efbc83768d465/elements - {"using":"xpath","value":"//div[@id='application-warehousemovements-display-component---warehouseMovements--smartFilterBar-filterItemControl_BASIC-YARD-valueHelpDialog-table-rowsel0']"}
RESULT: {"using":"xpath","value":"//div[@id='application-warehousemovements-display-component---warehouseMovements--smartFilterBar-filterItemControl_BASIC-YARD-valueHelpDialog-table-rowsel0']"}
COMMAND: POST /session/fb7328d57ef2f0f9565efbc83768d465/elements - {"using":"xpath","value":"//div[@id='application-warehousemovements-display-component---warehouseMovements--smartFilterBar-filterItemControl_BASIC-YARD-valueHelpDialog-table-rowsel0']"}
RESULT: {"using":"xpath","value":"//div[@id='application-warehousemovements-display-component---warehouseMovements--smartFilterBar-filterItemControl_BASIC-YARD-valueHelpDialog-table-rowsel0']"}
COMMAND: POST /session/fb7328d57ef2f0f9565efbc83768d465/elements - {"using":"xpath","value":"//div[@id='application-warehousemovements-display-component---warehouseMovements--smartFilterBar-filterItemControl_BASIC-YARD-valueHelpDialog-table-rowsel0']"}
RESULT: {"using":"xpath","value":"//div[@id='application-warehousemovements-display-component---warehouseMovements--smartFilterBar-filterItemControl_BASIC-YARD-valueHelpDialog-table-rowsel0']"}
COMMAND: POST /session/fb7328d57ef2f0f9565efbc83768d465/elements - {"using":"xpath","value":"//div[@id='application-warehousemovements-display-component---warehouseMovements--smartFilterBar-filterItemControl_BASIC-YARD-valueHelpDialog-table-rowsel0']"}
RESULT: {"using":"xpath","value":"//div[@id='application-warehousemovements-display-component---warehouseMovements--smartFilterBar-filterItemControl_BASIC-YARD-valueHelpDialog-table-rowsel0']"}
COMMAND: POST /session/fb7328d57ef2f0f9565efbc83768d465/elements - {"using":"xpath","value":"//div[@id='application-warehousemovements-display-component---warehouseMovements--smartFilterBar-filterItemControl_BASIC-YARD-valueHelpDialog-table-rowsel0']"}
RESULT: {"using":"xpath","value":"//div[@id='application-warehousemovements-display-component---warehouseMovements--smartFilterBar-filterItemControl_BASIC-YARD-valueHelpDialog-table-rowsel0']"}
COMMAND: POST /session/fb7328d57ef2f0f9565efbc83768d465/elements - {"using":"xpath","value":"//div[@id='application-warehousemovements-display-component---warehouseMovements--smartFilterBar-filterItemControl_BASIC-YARD-valueHelpDialog-table-rowsel0']"}
RESULT: {"using":"xpath","value":"//div[@id='application-warehousemovements-display-component---warehouseMovements--smartFilterBar-filterItemControl_BASIC-YARD-valueHelpDialog-table-rowsel0']"}
COMMAND: POST /session/fb7328d57ef2f0f9565efbc83768d465/elements - {"using":"xpath","value":"//div[@id='application-warehousemovements-display-component---warehouseMovements--smartFilterBar-filterItemControl_BASIC-YARD-valueHelpDialog-table-rowsel0']"}
RESULT: {"using":"xpath","value":"//div[@id='application-warehousemovements-display-component---warehouseMovements--smartFilterBar-filterItemControl_BASIC-YARD-valueHelpDialog-table-rowsel0']"}
COMMAND: POST /session/fb7328d57ef2f0f9565efbc83768d465/elements - {"using":"xpath","value":"//div[@id='application-warehousemovements-display-component---warehouseMovements--smartFilterBar-filterItemControl_BASIC-YARD-valueHelpDialog-table-rowsel0']"}
RESULT: {"using":"xpath","value":"//div[@id='application-warehousemovements-display-component---warehouseMovements--smartFilterBar-filterItemControl_BASIC-YARD-valueHelpDialog-table-rowsel0']"}
COMMAND: POST /session/fb7328d57ef2f0f9565efbc83768d465/elements - {"using":"xpath","value":"//div[@id='application-warehousemovements-display-component---warehouseMovements--smartFilterBar-filterItemControl_BASIC-YARD-valueHelpDialog-table-rowsel0']"}
RESULT: {"using":"xpath","value":"//div[@id='application-warehousemovements-display-component---warehouseMovements--smartFilterBar-filterItemControl_BASIC-YARD-valueHelpDialog-table-rowsel0']"}
COMMAND: POST /session/fb7328d57ef2f0f9565efbc83768d465/elements - {"using":"xpath","value":"//div[@id='application-warehousemovements-display-component---warehouseMovements--smartFilterBar-filterItemControl_BASIC-YARD-valueHelpDialog-table-rowsel0']"}
RESULT: {"using":"xpath","value":"//div[@id='application-warehousemovements-display-component---warehouseMovements--smartFilterBar-filterItemControl_BASIC-YARD-valueHelpDialog-table-rowsel0']"}
COMMAND: POST /session/fb7328d57ef2f0f9565efbc83768d465/elements - {"using":"xpath","value":"//div[@id='application-warehousemovements-display-component---warehouseMovements--smartFilterBar-filterItemControl_BASIC-YARD-valueHelpDialog-table-rowsel0']"}
RESULT: {"using":"xpath","value":"//div[@id='application-warehousemovements-display-component---warehouseMovements--smartFilterBar-filterItemControl_BASIC-YARD-valueHelpDialog-table-rowsel0']"}
COMMAND: POST /session/fb7328d57ef2f0f9565efbc83768d465/elements - {"using":"xpath","value":"//div[@id='application-warehousemovements-display-component---warehouseMovements--smartFilterBar-filterItemControl_BASIC-YARD-valueHelpDialog-table-rowsel0']"}
RESULT: {"using":"xpath","value":"//div[@id='application-warehousemovements-display-component---warehouseMovements--smartFilterBar-filterItemControl_BASIC-YARD-valueHelpDialog-table-rowsel0']"}
COMMAND: POST /session/fb7328d57ef2f0f9565efbc83768d465/elements - {"using":"xpath","value":"//div[@id='application-warehousemovements-display-component---warehouseMovements--smartFilterBar-filterItemControl_BASIC-YARD-valueHelpDialog-table-rowsel0']"}
RESULT: {"using":"xpath","value":"//div[@id='application-warehousemovements-display-component---warehouseMovements--smartFilterBar-filterItemControl_BASIC-YARD-valueHelpDialog-table-rowsel0']"}
COMMAND: POST /session/fb7328d57ef2f0f9565efbc83768d465/elements - {"using":"xpath","value":"//div[@id='application-warehousemovements-display-component---warehouseMovements--smartFilterBar-filterItemControl_BASIC-YARD-valueHelpDialog-table-rowsel0']"}
RESULT: {"using":"xpath","value":"//div[@id='application-warehousemovements-display-component---warehouseMovements--smartFilterBar-filterItemControl_BASIC-YARD-valueHelpDialog-table-rowsel0']"}
COMMAND: POST /session/fb7328d57ef2f0f9565efbc83768d465/elements - {"using":"xpath","value":"//div[@id='application-warehousemovements-display-component---warehouseMovements--smartFilterBar-filterItemControl_BASIC-YARD-valueHelpDialog-table-rowsel0']"}
RESULT: {"using":"xpath","value":"//div[@id='application-warehousemovements-display-component---warehouseMovements--smartFilterBar-filterItemControl_BASIC-YARD-valueHelpDialog-table-rowsel0']"}
COMMAND: POST /session/fb7328d57ef2f0f9565efbc83768d465/elements - {"using":"xpath","value":"//div[@id='application-warehousemovements-display-component---warehouseMovements--smartFilterBar-filterItemControl_BASIC-YARD-valueHelpDialog-table-rowsel0']"}
RESULT: {"using":"xpath","value":"//div[@id='application-warehousemovements-display-component---warehouseMovements--smartFilterBar-filterItemControl_BASIC-YARD-valueHelpDialog-table-rowsel0']"}
COMMAND: POST /session/fb7328d57ef2f0f9565efbc83768d465/elements - {"using":"xpath","value":"//div[@id='application-warehousemovements-display-component---warehouseMovements--smartFilterBar-filterItemControl_BASIC-YARD-valueHelpDialog-table-rowsel0']"}
RESULT: {"using":"xpath","value":"//div[@id='application-warehousemovements-display-component---warehouseMovements--smartFilterBar-filterItemControl_BASIC-YARD-valueHelpDialog-table-rowsel0']"}
COMMAND: POST /session/fb7328d57ef2f0f9565efbc83768d465/elements - {"using":"xpath","value":"//div[@id='application-warehousemovements-display-component---warehouseMovements--smartFilterBar-filterItemControl_BASIC-YARD-valueHelpDialog-table-rowsel0']"}
RESULT: {"using":"xpath","value":"//div[@id='application-warehousemovements-display-component---warehouseMovements--smartFilterBar-filterItemControl_BASIC-YARD-valueHelpDialog-table-rowsel0']"}
COMMAND: POST /session/fb7328d57ef2f0f9565efbc83768d465/elements - {"using":"xpath","value":"//div[@id='application-warehousemovements-display-component---warehouseMovements--smartFilterBar-filterItemControl_BASIC-YARD-valueHelpDialog-table-rowsel0']"}
RESULT: {"using":"xpath","value":"//div[@id='application-warehousemovements-display-component---warehouseMovements--smartFilterBar-filterItemControl_BASIC-YARD-valueHelpDialog-table-rowsel0']"}
COMMAND: POST /session/fb7328d57ef2f0f9565efbc83768d465/elements - {"using":"xpath","value":"//div[@id='application-warehousemovements-display-component---warehouseMovements--smartFilterBar-filterItemControl_BASIC-YARD-valueHelpDialog-table-rowsel0']"}
RESULT: {"using":"xpath","value":"//div[@id='application-warehousemovements-display-component---warehouseMovements--smartFilterBar-filterItemControl_BASIC-YARD-valueHelpDialog-table-rowsel0']"}
COMMAND: POST /session/fb7328d57ef2f0f9565efbc83768d465/elements - {"using":"xpath","value":"//div[@id='application-warehousemovements-display-component---warehouseMovements--smartFilterBar-filterItemControl_BASIC-YARD-valueHelpDialog-table-rowsel0']"}
RESULT: {"using":"xpath","value":"//div[@id='application-warehousemovements-display-component---warehouseMovements--smartFilterBar-filterItemControl_BASIC-YARD-valueHelpDialog-table-rowsel0']"}
COMMAND: POST /session/fb7328d57ef2f0f9565efbc83768d465/elements - {"using":"xpath","value":"//div[@id='application-warehousemovements-display-component---warehouseMovements--smartFilterBar-filterItemControl_BASIC-YARD-valueHelpDialog-table-rowsel0']"}
RESULT: {"using":"xpath","value":"//div[@id='application-warehousemovements-display-component---warehouseMovements--smartFilterBar-filterItemControl_BASIC-YARD-valueHelpDialog-table-rowsel0']"}
COMMAND: POST /session/fb7328d57ef2f0f9565efbc83768d465/elements - {"using":"xpath","value":"//div[@id='application-warehousemovements-display-component---warehouseMovements--smartFilterBar-filterItemControl_BASIC-YARD-valueHelpDialog-table-rowsel0']"}
RESULT: {"using":"xpath","value":"//div[@id='application-warehousemovements-display-component---warehouseMovements--smartFilterBar-filterItemControl_BASIC-YARD-valueHelpDialog-table-rowsel0']"}
COMMAND: POST /session/fb7328d57ef2f0f9565efbc83768d465/elements - {"using":"xpath","value":"//div[@id='application-warehousemovements-display-component---warehouseMovements--smartFilterBar-filterItemControl_BASIC-YARD-valueHelpDialog-table-rowsel0']"}
RESULT: {"using":"xpath","value":"//div[@id='application-warehousemovements-display-component---warehouseMovements--smartFilterBar-filterItemControl_BASIC-YARD-valueHelpDialog-table-rowsel0']"}
COMMAND: POST /session/fb7328d57ef2f0f9565efbc83768d465/elements - {"using":"xpath","value":"//div[@id='application-warehousemovements-display-component---warehouseMovements--smartFilterBar-filterItemControl_BASIC-YARD-valueHelpDialog-table-rowsel0']"}
RESULT: {"using":"xpath","value":"//div[@id='application-warehousemovements-display-component---warehouseMovements--smartFilterBar-filterItemControl_BASIC-YARD-valueHelpDialog-table-rowsel0']"}
COMMAND: POST /session/fb7328d57ef2f0f9565efbc83768d465/elements - {"using":"xpath","value":"//div[@id='application-warehousemovements-display-component---warehouseMovements--smartFilterBar-filterItemControl_BASIC-YARD-valueHelpDialog-table-rowsel0']"}
RESULT: {"using":"xpath","value":"//div[@id='application-warehousemovements-display-component---warehouseMovements--smartFilterBar-filterItemControl_BASIC-YARD-valueHelpDialog-table-rowsel0']"}
COMMAND: POST /session/fb7328d57ef2f0f9565efbc83768d465/elements - {"using":"xpath","value":"//div[@id='application-warehousemovements-display-component---warehouseMovements--smartFilterBar-filterItemControl_BASIC-YARD-valueHelpDialog-table-rowsel0']"}
RESULT: {"using":"xpath","value":"//div[@id='application-warehousemovements-display-component---warehouseMovements--smartFilterBar-filterItemControl_BASIC-YARD-valueHelpDialog-table-rowsel0']"}
COMMAND: POST /session/fb7328d57ef2f0f9565efbc83768d465/elements - {"using":"xpath","value":"//div[@id='application-warehousemovements-display-component---warehouseMovements--smartFilterBar-filterItemControl_BASIC-YARD-valueHelpDialog-table-rowsel0']"}
RESULT: {"using":"xpath","value":"//div[@id='application-warehousemovements-display-component---warehouseMovements--smartFilterBar-filterItemControl_BASIC-YARD-valueHelpDialog-table-rowsel0']"}
COMMAND: POST /session/fb7328d57ef2f0f9565efbc83768d465/elements - {"using":"xpath","value":"//div[@id='application-warehousemovements-display-component---warehouseMovements--smartFilterBar-filterItemControl_BASIC-YARD-valueHelpDialog-table-rowsel0']"}
RESULT: {"using":"xpath","value":"//div[@id='application-warehousemovements-display-component---warehouseMovements--smartFilterBar-filterItemControl_BASIC-YARD-valueHelpDialog-table-rowsel0']"}
COMMAND: POST /session/fb7328d57ef2f0f9565efbc83768d465/elements - {"using":"xpath","value":"//div[@id='application-warehousemovements-display-component---warehouseMovements--smartFilterBar-filterItemControl_BASIC-YARD-valueHelpDialog-table-rowsel0']"}
RESULT: {"using":"xpath","value":"//div[@id='application-warehousemovements-display-component---warehouseMovements--smartFilterBar-filterItemControl_BASIC-YARD-valueHelpDialog-table-rowsel0']"}
COMMAND: POST /session/fb7328d57ef2f0f9565efbc83768d465/elements - {"using":"xpath","value":"//div[@id='application-warehousemovements-display-component---warehouseMovements--smartFilterBar-filterItemControl_BASIC-YARD-valueHelpDialog-table-rowsel0']"}
RESULT: {"using":"xpath","value":"//div[@id='application-warehousemovements-display-component---warehouseMovements--smartFilterBar-filterItemControl_BASIC-YARD-valueHelpDialog-table-rowsel0']"}
COMMAND: POST /session/fb7328d57ef2f0f9565efbc83768d465/elements - {"using":"xpath","value":"//div[@id='application-warehousemovements-display-component---warehouseMovements--smartFilterBar-filterItemControl_BASIC-YARD-valueHelpDialog-table-rowsel0']"}
RESULT: {"using":"xpath","value":"//div[@id='application-warehousemovements-display-component---warehouseMovements--smartFilterBar-filterItemControl_BASIC-YARD-valueHelpDialog-table-rowsel0']"}
COMMAND: POST /session/fb7328d57ef2f0f9565efbc83768d465/elements - {"using":"xpath","value":"//div[@id='application-warehousemovements-display-component---warehouseMovements--smartFilterBar-filterItemControl_BASIC-YARD-valueHelpDialog-table-rowsel0']"}
RESULT: {"using":"xpath","value":"//div[@id='application-warehousemovements-display-component---warehouseMovements--smartFilterBar-filterItemControl_BASIC-YARD-valueHelpDialog-table-rowsel0']"}
COMMAND: POST /session/fb7328d57ef2f0f9565efbc83768d465/elements - {"using":"xpath","value":"//div[@id='application-warehousemovements-display-component---warehouseMovements--smartFilterBar-filterItemControl_BASIC-YARD-valueHelpDialog-table-rowsel0']"}
RESULT: {"using":"xpath","value":"//div[@id='application-warehousemovements-display-component---warehouseMovements--smartFilterBar-filterItemControl_BASIC-YARD-valueHelpDialog-table-rowsel0']"}
COMMAND: POST /session/fb7328d57ef2f0f9565efbc83768d465/elements - {"using":"xpath","value":"//div[@id='application-warehousemovements-display-component---warehouseMovements--smartFilterBar-filterItemControl_BASIC-YARD-valueHelpDialog-table-rowsel0']"}
RESULT: {"using":"xpath","value":"//div[@id='application-warehousemovements-display-component---warehouseMovements--smartFilterBar-filterItemControl_BASIC-YARD-valueHelpDialog-table-rowsel0']"}
COMMAND: POST /session/fb7328d57ef2f0f9565efbc83768d465/elements - {"using":"xpath","value":"//div[@id='application-warehousemovements-display-component---warehouseMovements--smartFilterBar-filterItemControl_BASIC-YARD-valueHelpDialog-table-rowsel0']"}
RESULT: {"using":"xpath","value":"//div[@id='application-warehousemovements-display-component---warehouseMovements--smartFilterBar-filterItemControl_BASIC-YARD-valueHelpDialog-table-rowsel0']"}
COMMAND: POST /session/fb7328d57ef2f0f9565efbc83768d465/elements - {"using":"xpath","value":"//div[@id='application-warehousemovements-display-component---warehouseMovements--smartFilterBar-filterItemControl_BASIC-YARD-valueHelpDialog-table-rowsel0']"}
RESULT: {"using":"xpath","value":"//div[@id='application-warehousemovements-display-component---warehouseMovements--smartFilterBar-filterItemControl_BASIC-YARD-valueHelpDialog-table-rowsel0']"}
COMMAND: POST /session/fb7328d57ef2f0f9565efbc83768d465/elements - {"using":"xpath","value":"//div[@id='application-warehousemovements-display-component---warehouseMovements--smartFilterBar-filterItemControl_BASIC-YARD-valueHelpDialog-table-rowsel0']"}
RESULT: {"using":"xpath","value":"//div[@id='application-warehousemovements-display-component---warehouseMovements--smartFilterBar-filterItemControl_BASIC-YARD-valueHelpDialog-table-rowsel0']"}
COMMAND: POST /session/fb7328d57ef2f0f9565efbc83768d465/elements - {"using":"xpath","value":"//div[@id='application-warehousemovements-display-component---warehouseMovements--smartFilterBar-filterItemControl_BASIC-YARD-valueHelpDialog-table-rowsel0']"}
RESULT: {"using":"xpath","value":"//div[@id='application-warehousemovements-display-component---warehouseMovements--smartFilterBar-filterItemControl_BASIC-YARD-valueHelpDialog-table-rowsel0']"}
COMMAND: POST /session/fb7328d57ef2f0f9565efbc83768d465/elements - {"using":"xpath","value":"//div[@id='application-warehousemovements-display-component---warehouseMovements--smartFilterBar-filterItemControl_BASIC-YARD-valueHelpDialog-table-rowsel0']"}
RESULT: {"using":"xpath","value":"//div[@id='application-warehousemovements-display-component---warehouseMovements--smartFilterBar-filterItemControl_BASIC-YARD-valueHelpDialog-table-rowsel0']"}
COMMAND: POST /session/fb7328d57ef2f0f9565efbc83768d465/elements - {"using":"xpath","value":"//div[@id='application-warehousemovements-display-component---warehouseMovements--smartFilterBar-filterItemControl_BASIC-YARD-valueHelpDialog-table-rowsel0']"}
RESULT: {"using":"xpath","value":"//div[@id='application-warehousemovements-display-component---warehouseMovements--smartFilterBar-filterItemControl_BASIC-YARD-valueHelpDialog-table-rowsel0']"}
COMMAND: POST /session/fb7328d57ef2f0f9565efbc83768d465/elements - {"using":"xpath","value":"//div[@id='application-warehousemovements-display-component---warehouseMovements--smartFilterBar-filterItemControl_BASIC-YARD-valueHelpDialog-table-rowsel0']"}
RESULT: {"using":"xpath","value":"//div[@id='application-warehousemovements-display-component---warehouseMovements--smartFilterBar-filterItemControl_BASIC-YARD-valueHelpDialog-table-rowsel0']"}
COMMAND: POST /session/fb7328d57ef2f0f9565efbc83768d465/elements - {"using":"xpath","value":"//div[@id='application-warehousemovements-display-component---warehouseMovements--smartFilterBar-filterItemControl_BASIC-YARD-valueHelpDialog-table-rowsel0']"}
RESULT: {"using":"xpath","value":"//div[@id='application-warehousemovements-display-component---warehouseMovements--smartFilterBar-filterItemControl_BASIC-YARD-valueHelpDialog-table-rowsel0']"}
COMMAND: POST /session/fb7328d57ef2f0f9565efbc83768d465/elements - {"using":"xpath","value":"//div[@id='application-warehousemovements-display-component---warehouseMovements--smartFilterBar-filterItemControl_BASIC-YARD-valueHelpDialog-table-rowsel0']"}
RESULT: {"using":"xpath","value":"//div[@id='application-warehousemovements-display-component---warehouseMovements--smartFilterBar-filterItemControl_BASIC-YARD-valueHelpDialog-table-rowsel0']"}
COMMAND: POST /session/fb7328d57ef2f0f9565efbc83768d465/elements - {"using":"xpath","value":"//div[@id='application-warehousemovements-display-component---warehouseMovements--smartFilterBar-filterItemControl_BASIC-YARD-valueHelpDialog-table-rowsel0']"}
RESULT: {"using":"xpath","value":"//div[@id='application-warehousemovements-display-component---warehouseMovements--smartFilterBar-filterItemControl_BASIC-YARD-valueHelpDialog-table-rowsel0']"}
COMMAND: POST /session/fb7328d57ef2f0f9565efbc83768d465/elements - {"using":"xpath","value":"//div[@id='application-warehousemovements-display-component---warehouseMovements--smartFilterBar-filterItemControl_BASIC-YARD-valueHelpDialog-table-rowsel0']"}
RESULT: {"using":"xpath","value":"//div[@id='application-warehousemovements-display-component---warehouseMovements--smartFilterBar-filterItemControl_BASIC-YARD-valueHelpDialog-table-rowsel0']"}
COMMAND: POST /session/fb7328d57ef2f0f9565efbc83768d465/elements - {"using":"xpath","value":"//div[@id='application-warehousemovements-display-component---warehouseMovements--smartFilterBar-filterItemControl_BASIC-YARD-valueHelpDialog-table-rowsel0']"}
RESULT: {"using":"xpath","value":"//div[@id='application-warehousemovements-display-component---warehouseMovements--smartFilterBar-filterItemControl_BASIC-YARD-valueHelpDialog-table-rowsel0']"}
COMMAND: POST /session/fb7328d57ef2f0f9565efbc83768d465/elements - {"using":"xpath","value":"//div[@id='application-warehousemovements-display-component---warehouseMovements--smartFilterBar-filterItemControl_BASIC-YARD-valueHelpDialog-table-rowsel0']"}
RESULT: {"using":"xpath","value":"//div[@id='application-warehousemovements-display-component---warehouseMovements--smartFilterBar-filterItemControl_BASIC-YARD-valueHelpDialog-table-rowsel0']"}
COMMAND: POST /session/fb7328d57ef2f0f9565efbc83768d465/elements - {"using":"xpath","value":"//div[@id='application-warehousemovements-display-component---warehouseMovements--smartFilterBar-filterItemControl_BASIC-YARD-valueHelpDialog-table-rowsel0']"}
RESULT: {"using":"xpath","value":"//div[@id='application-warehousemovements-display-component---warehouseMovements--smartFilterBar-filterItemControl_BASIC-YARD-valueHelpDialog-table-rowsel0']"}
COMMAND: POST /session/fb7328d57ef2f0f9565efbc83768d465/elements - {"using":"xpath","value":"//div[@id='application-warehousemovements-display-component---warehouseMovements--smartFilterBar-filterItemControl_BASIC-YARD-valueHelpDialog-table-rowsel0']"}
RESULT: {"using":"xpath","value":"//div[@id='application-warehousemovements-display-component---warehouseMovements--smartFilterBar-filterItemControl_BASIC-YARD-valueHelpDialog-table-rowsel0']"}
COMMAND: POST /session/fb7328d57ef2f0f9565efbc83768d465/elements - {"using":"xpath","value":"//div[@id='application-warehousemovements-display-component---warehouseMovements--smartFilterBar-filterItemControl_BASIC-YARD-valueHelpDialog-table-rowsel0']"}
RESULT: {"using":"xpath","value":"//div[@id='application-warehousemovements-display-component---warehouseMovements--smartFilterBar-filterItemControl_BASIC-YARD-valueHelpDialog-table-rowsel0']"}
COMMAND: POST /session/fb7328d57ef2f0f9565efbc83768d465/elements - {"using":"xpath","value":"//div[@id='application-warehousemovements-display-component---warehouseMovements--smartFilterBar-filterItemControl_BASIC-YARD-valueHelpDialog-table-rowsel0']"}
RESULT: {"using":"xpath","value":"//div[@id='application-warehousemovements-display-component---warehouseMovements--smartFilterBar-filterItemControl_BASIC-YARD-valueHelpDialog-table-rowsel0']"}
COMMAND: POST /session/fb7328d57ef2f0f9565efbc83768d465/elements - {"using":"xpath","value":"//div[@id='application-warehousemovements-display-component---warehouseMovements--smartFilterBar-filterItemControl_BASIC-YARD-valueHelpDialog-table-rowsel0']"}
RESULT: {"using":"xpath","value":"//div[@id='application-warehousemovements-display-component---warehouseMovements--smartFilterBar-filterItemControl_BASIC-YARD-valueHelpDialog-table-rowsel0']"}
COMMAND: POST /session/fb7328d57ef2f0f9565efbc83768d465/elements - {"using":"xpath","value":"//div[@id='application-warehousemovements-display-component---warehouseMovements--smartFilterBar-filterItemControl_BASIC-YARD-valueHelpDialog-table-rowsel0']"}
RESULT: {"using":"xpath","value":"//div[@id='application-warehousemovements-display-component---warehouseMovements--smartFilterBar-filterItemControl_BASIC-YARD-valueHelpDialog-table-rowsel0']"}
COMMAND: POST /session/fb7328d57ef2f0f9565efbc83768d465/elements - {"using":"xpath","value":"//div[@id='application-warehousemovements-display-component---warehouseMovements--smartFilterBar-filterItemControl_BASIC-YARD-valueHelpDialog-table-rowsel0']"}
RESULT: {"using":"xpath","value":"//div[@id='application-warehousemovements-display-component---warehouseMovements--smartFilterBar-filterItemControl_BASIC-YARD-valueHelpDialog-table-rowsel0']"}
COMMAND: POST /session/fb7328d57ef2f0f9565efbc83768d465/elements - {"using":"xpath","value":"//div[@id='application-warehousemovements-display-component---warehouseMovements--smartFilterBar-filterItemControl_BASIC-YARD-valueHelpDialog-table-rowsel0']"}
RESULT: {"using":"xpath","value":"//div[@id='application-warehousemovements-display-component---warehouseMovements--smartFilterBar-filterItemControl_BASIC-YARD-valueHelpDialog-table-rowsel0']"}
COMMAND: POST /session/fb7328d57ef2f0f9565efbc83768d465/elements - {"using":"xpath","value":"//div[@id='application-warehousemovements-display-component---warehouseMovements--smartFilterBar-filterItemControl_BASIC-YARD-valueHelpDialog-table-rowsel0']"}
RESULT: {"using":"xpath","value":"//div[@id='application-warehousemovements-display-component---warehouseMovements--smartFilterBar-filterItemControl_BASIC-YARD-valueHelpDialog-table-rowsel0']"}
COMMAND: POST /session/fb7328d57ef2f0f9565efbc83768d465/elements - {"using":"xpath","value":"//div[@id='application-warehousemovements-display-component---warehouseMovements--smartFilterBar-filterItemControl_BASIC-YARD-valueHelpDialog-table-rowsel0']"}
RESULT: {"using":"xpath","value":"//div[@id='application-warehousemovements-display-component---warehouseMovements--smartFilterBar-filterItemControl_BASIC-YARD-valueHelpDialog-table-rowsel0']"}
COMMAND: POST /session/fb7328d57ef2f0f9565efbc83768d465/elements - {"using":"xpath","value":"//div[@id='application-warehousemovements-display-component---warehouseMovements--smartFilterBar-filterItemControl_BASIC-YARD-valueHelpDialog-table-rowsel0']"}
RESULT: {"using":"xpath","value":"//div[@id='application-warehousemovements-display-component---warehouseMovements--smartFilterBar-filterItemControl_BASIC-YARD-valueHelpDialog-table-rowsel0']"}
COMMAND: POST /session/fb7328d57ef2f0f9565efbc83768d465/elements - {"using":"xpath","value":"//div[@id='application-warehousemovements-display-component---warehouseMovements--smartFilterBar-filterItemControl_BASIC-YARD-valueHelpDialog-table-rowsel0']"}
RESULT: {"using":"xpath","value":"//div[@id='application-warehousemovements-display-component---warehouseMovements--smartFilterBar-filterItemControl_BASIC-YARD-valueHelpDialog-table-rowsel0']"}
COMMAND: POST /session/fb7328d57ef2f0f9565efbc83768d465/elements - {"using":"xpath","value":"//div[@id='application-warehousemovements-display-component---warehouseMovements--smartFilterBar-filterItemControl_BASIC-YARD-valueHelpDialog-table-rowsel0']"}
RESULT: {"using":"xpath","value":"//div[@id='application-warehousemovements-display-component---warehouseMovements--smartFilterBar-filterItemControl_BASIC-YARD-valueHelpDialog-table-rowsel0']"}
COMMAND: POST /session/fb7328d57ef2f0f9565efbc83768d465/elements - {"using":"xpath","value":"//div[@id='application-warehousemovements-display-component---warehouseMovements--smartFilterBar-filterItemControl_BASIC-YARD-valueHelpDialog-table-rowsel0']"}
RESULT: {"using":"xpath","value":"//div[@id='application-warehousemovements-display-component---warehouseMovements--smartFilterBar-filterItemControl_BASIC-YARD-valueHelpDialog-table-rowsel0']"}
COMMAND: POST /session/fb7328d57ef2f0f9565efbc83768d465/elements - {"using":"xpath","value":"//div[@id='application-warehousemovements-display-component---warehouseMovements--smartFilterBar-filterItemControl_BASIC-YARD-valueHelpDialog-table-rowsel0']"}
RESULT: {"using":"xpath","value":"//div[@id='application-warehousemovements-display-component---warehouseMovements--smartFilterBar-filterItemControl_BASIC-YARD-valueHelpDialog-table-rowsel0']"}
COMMAND: POST /session/fb7328d57ef2f0f9565efbc83768d465/elements - {"using":"xpath","value":"//div[@id='application-warehousemovements-display-component---warehouseMovements--smartFilterBar-filterItemControl_BASIC-YARD-valueHelpDialog-table-rowsel0']"}
RESULT: {"using":"xpath","value":"//div[@id='application-warehousemovements-display-component---warehouseMovements--smartFilterBar-filterItemControl_BASIC-YARD-valueHelpDialog-table-rowsel0']"}
COMMAND: POST /session/fb7328d57ef2f0f9565efbc83768d465/elements - {"using":"xpath","value":"//div[@id='application-warehousemovements-display-component---warehouseMovements--smartFilterBar-filterItemControl_BASIC-YARD-valueHelpDialog-table-rowsel0']"}
RESULT: {"using":"xpath","value":"//div[@id='application-warehousemovements-display-component---warehouseMovements--smartFilterBar-filterItemControl_BASIC-YARD-valueHelpDialog-table-rowsel0']"}
COMMAND: POST /session/fb7328d57ef2f0f9565efbc83768d465/elements - {"using":"xpath","value":"//div[@id='application-warehousemovements-display-component---warehouseMovements--smartFilterBar-filterItemControl_BASIC-YARD-valueHelpDialog-table-rowsel0']"}
RESULT: {"using":"xpath","value":"//div[@id='application-warehousemovements-display-component---warehouseMovements--smartFilterBar-filterItemControl_BASIC-YARD-valueHelpDialog-table-rowsel0']"}
COMMAND: POST /session/fb7328d57ef2f0f9565efbc83768d465/elements - {"using":"xpath","value":"//div[@id='application-warehousemovements-display-component---warehouseMovements--smartFilterBar-filterItemControl_BASIC-YARD-valueHelpDialog-table-rowsel0']"}
RESULT: {"using":"xpath","value":"//div[@id='application-warehousemovements-display-component---warehouseMovements--smartFilterBar-filterItemControl_BASIC-YARD-valueHelpDialog-table-rowsel0']"}
COMMAND: POST /session/fb7328d57ef2f0f9565efbc83768d465/elements - {"using":"xpath","value":"//div[@id='application-warehousemovements-display-component---warehouseMovements--smartFilterBar-filterItemControl_BASIC-YARD-valueHelpDialog-table-rowsel0']"}
RESULT: {"using":"xpath","value":"//div[@id='application-warehousemovements-display-component---warehouseMovements--smartFilterBar-filterItemControl_BASIC-YARD-valueHelpDialog-table-rowsel0']"}
COMMAND: POST /session/fb7328d57ef2f0f9565efbc83768d465/elements - {"using":"xpath","value":"//div[@id='application-warehousemovements-display-component---warehouseMovements--smartFilterBar-filterItemControl_BASIC-YARD-valueHelpDialog-table-rowsel0']"}
RESULT: {"using":"xpath","value":"//div[@id='application-warehousemovements-display-component---warehouseMovements--smartFilterBar-filterItemControl_BASIC-YARD-valueHelpDialog-table-rowsel0']"}
COMMAND: POST /session/fb7328d57ef2f0f9565efbc83768d465/elements - {"using":"xpath","value":"//div[@id='application-warehousemovements-display-component---warehouseMovements--smartFilterBar-filterItemControl_BASIC-YARD-valueHelpDialog-table-rowsel0']"}
RESULT: {"using":"xpath","value":"//div[@id='application-warehousemovements-display-component---warehouseMovements--smartFilterBar-filterItemControl_BASIC-YARD-valueHelpDialog-table-rowsel0']"}
COMMAND: POST /session/fb7328d57ef2f0f9565efbc83768d465/elements - {"using":"xpath","value":"//div[@id='application-warehousemovements-display-component---warehouseMovements--smartFilterBar-filterItemControl_BASIC-YARD-valueHelpDialog-table-rowsel0']"}
RESULT: {"using":"xpath","value":"//div[@id='application-warehousemovements-display-component---warehouseMovements--smartFilterBar-filterItemControl_BASIC-YARD-valueHelpDialog-table-rowsel0']"}
COMMAND: POST /session/fb7328d57ef2f0f9565efbc83768d465/elements - {"using":"xpath","value":"//div[@id='application-warehousemovements-display-component---warehouseMovements--smartFilterBar-filterItemControl_BASIC-YARD-valueHelpDialog-table-rowsel0']"}
RESULT: {"using":"xpath","value":"//div[@id='application-warehousemovements-display-component---warehouseMovements--smartFilterBar-filterItemControl_BASIC-YARD-valueHelpDialog-table-rowsel0']"}
COMMAND: POST /session/fb7328d57ef2f0f9565efbc83768d465/elements - {"using":"xpath","value":"//div[@id='application-warehousemovements-display-component---warehouseMovements--smartFilterBar-filterItemControl_BASIC-YARD-valueHelpDialog-table-rowsel0']"}
RESULT: {"using":"xpath","value":"//div[@id='application-warehousemovements-display-component---warehouseMovements--smartFilterBar-filterItemControl_BASIC-YARD-valueHelpDialog-table-rowsel0']"}
COMMAND: POST /session/fb7328d57ef2f0f9565efbc83768d465/elements - {"using":"xpath","value":"//div[@id='application-warehousemovements-display-component---warehouseMovements--smartFilterBar-filterItemControl_BASIC-YARD-valueHelpDialog-table-rowsel0']"}
RESULT: {"using":"xpath","value":"//div[@id='application-warehousemovements-display-component---warehouseMovements--smartFilterBar-filterItemControl_BASIC-YARD-valueHelpDialog-table-rowsel0']"}
COMMAND: POST /session/fb7328d57ef2f0f9565efbc83768d465/elements - {"using":"xpath","value":"//div[@id='application-warehousemovements-display-component---warehouseMovements--smartFilterBar-filterItemControl_BASIC-YARD-valueHelpDialog-table-rowsel0']"}
RESULT: {"using":"xpath","value":"//div[@id='application-warehousemovements-display-component---warehouseMovements--smartFilterBar-filterItemControl_BASIC-YARD-valueHelpDialog-table-rowsel0']"}
COMMAND: POST /session/fb7328d57ef2f0f9565efbc83768d465/elements - {"using":"xpath","value":"//div[@id='application-warehousemovements-display-component---warehouseMovements--smartFilterBar-filterItemControl_BASIC-YARD-valueHelpDialog-table-rowsel0']"}
RESULT: {"using":"xpath","value":"//div[@id='application-warehousemovements-display-component---warehouseMovements--smartFilterBar-filterItemControl_BASIC-YARD-valueHelpDialog-table-rowsel0']"}
COMMAND: POST /session/fb7328d57ef2f0f9565efbc83768d465/elements - {"using":"xpath","value":"//div[@id='application-warehousemovements-display-component---warehouseMovements--smartFilterBar-filterItemControl_BASIC-YARD-valueHelpDialog-table-rowsel0']"}
RESULT: {"using":"xpath","value":"//div[@id='application-warehousemovements-display-component---warehouseMovements--smartFilterBar-filterItemControl_BASIC-YARD-valueHelpDialog-table-rowsel0']"}
COMMAND: POST /session/fb7328d57ef2f0f9565efbc83768d465/elements - {"using":"xpath","value":"//div[@id='application-warehousemovements-display-component---warehouseMovements--smartFilterBar-filterItemControl_BASIC-YARD-valueHelpDialog-table-rowsel0']"}
RESULT: {"using":"xpath","value":"//div[@id='application-warehousemovements-display-component---warehouseMovements--smartFilterBar-filterItemControl_BASIC-YARD-valueHelpDialog-table-rowsel0']"}
COMMAND: POST /session/fb7328d57ef2f0f9565efbc83768d465/elements - {"using":"xpath","value":"//div[@id='application-warehousemovements-display-component---warehouseMovements--smartFilterBar-filterItemControl_BASIC-YARD-valueHelpDialog-table-rowsel0']"}
RESULT: {"using":"xpath","value":"//div[@id='application-warehousemovements-display-component---warehouseMovements--smartFilterBar-filterItemControl_BASIC-YARD-valueHelpDialog-table-rowsel0']"}
COMMAND: POST /session/fb7328d57ef2f0f9565efbc83768d465/elements - {"using":"xpath","value":"//div[@id='application-warehousemovements-display-component---warehouseMovements--smartFilterBar-filterItemControl_BASIC-YARD-valueHelpDialog-table-rowsel0']"}
RESULT: {"using":"xpath","value":"//div[@id='application-warehousemovements-display-component---warehouseMovements--smartFilterBar-filterItemControl_BASIC-YARD-valueHelpDialog-table-rowsel0']"}
COMMAND: POST /session/fb7328d57ef2f0f9565efbc83768d465/elements - {"using":"xpath","value":"//div[@id='application-warehousemovements-display-component---warehouseMovements--smartFilterBar-filterItemControl_BASIC-YARD-valueHelpDialog-table-rowsel0']"}
RESULT: {"using":"xpath","value":"//div[@id='application-warehousemovements-display-component---warehouseMovements--smartFilterBar-filterItemControl_BASIC-YARD-valueHelpDialog-table-rowsel0']"}
COMMAND: POST /session/fb7328d57ef2f0f9565efbc83768d465/elements - {"using":"xpath","value":"//div[@id='application-warehousemovements-display-component---warehouseMovements--smartFilterBar-filterItemControl_BASIC-YARD-valueHelpDialog-table-rowsel0']"}
RESULT: {"using":"xpath","value":"//div[@id='application-warehousemovements-display-component---warehouseMovements--smartFilterBar-filterItemControl_BASIC-YARD-valueHelpDialog-table-rowsel0']"}
COMMAND: POST /session/fb7328d57ef2f0f9565efbc83768d465/elements - {"using":"xpath","value":"//div[@id='application-warehousemovements-display-component---warehouseMovements--smartFilterBar-filterItemControl_BASIC-YARD-valueHelpDialog-table-rowsel0']"}
RESULT: {"using":"xpath","value":"//div[@id='application-warehousemovements-display-component---warehouseMovements--smartFilterBar-filterItemControl_BASIC-YARD-valueHelpDialog-table-rowsel0']"}
COMMAND: POST /session/fb7328d57ef2f0f9565efbc83768d465/elements - {"using":"xpath","value":"//div[@id='application-warehousemovements-display-component---warehouseMovements--smartFilterBar-filterItemControl_BASIC-YARD-valueHelpDialog-table-rowsel0']"}
RESULT: {"using":"xpath","value":"//div[@id='application-warehousemovements-display-component---warehouseMovements--smartFilterBar-filterItemControl_BASIC-YARD-valueHelpDialog-table-rowsel0']"}
COMMAND: POST /session/fb7328d57ef2f0f9565efbc83768d465/elements - {"using":"xpath","value":"//div[@id='application-warehousemovements-display-component---warehouseMovements--smartFilterBar-filterItemControl_BASIC-YARD-valueHelpDialog-table-rowsel0']"}
RESULT: {"using":"xpath","value":"//div[@id='application-warehousemovements-display-component---warehouseMovements--smartFilterBar-filterItemControl_BASIC-YARD-valueHelpDialog-table-rowsel0']"}
COMMAND: POST /session/fb7328d57ef2f0f9565efbc83768d465/elements - {"using":"xpath","value":"//div[@id='application-warehousemovements-display-component---warehouseMovements--smartFilterBar-filterItemControl_BASIC-YARD-valueHelpDialog-table-rowsel0']"}
RESULT: {"using":"xpath","value":"//div[@id='application-warehousemovements-display-component---warehouseMovements--smartFilterBar-filterItemControl_BASIC-YARD-valueHelpDialog-table-rowsel0']"}
COMMAND: POST /session/fb7328d57ef2f0f9565efbc83768d465/elements - {"using":"xpath","value":"//div[@id='application-warehousemovements-display-component---warehouseMovements--smartFilterBar-filterItemControl_BASIC-YARD-valueHelpDialog-table-rowsel0']"}
RESULT: {"using":"xpath","value":"//div[@id='application-warehousemovements-display-component---warehouseMovements--smartFilterBar-filterItemControl_BASIC-YARD-valueHelpDialog-table-rowsel0']"}
COMMAND: POST /session/fb7328d57ef2f0f9565efbc83768d465/elements - {"using":"xpath","value":"//div[@id='application-warehousemovements-display-component---warehouseMovements--smartFilterBar-filterItemControl_BASIC-YARD-valueHelpDialog-table-rowsel0']"}
RESULT: {"using":"xpath","value":"//div[@id='application-warehousemovements-display-component---warehouseMovements--smartFilterBar-filterItemControl_BASIC-YARD-valueHelpDialog-table-rowsel0']"}
COMMAND: POST /session/fb7328d57ef2f0f9565efbc83768d465/elements - {"using":"xpath","value":"//div[@id='application-warehousemovements-display-component---warehouseMovements--smartFilterBar-filterItemControl_BASIC-YARD-valueHelpDialog-table-rowsel0']"}
RESULT: {"using":"xpath","value":"//div[@id='application-warehousemovements-display-component---warehouseMovements--smartFilterBar-filterItemControl_BASIC-YARD-valueHelpDialog-table-rowsel0']"}
COMMAND: POST /session/fb7328d57ef2f0f9565efbc83768d465/elements - {"using":"xpath","value":"//div[@id='application-warehousemovements-display-component---warehouseMovements--smartFilterBar-filterItemControl_BASIC-YARD-valueHelpDialog-table-rowsel0']"}
RESULT: {"using":"xpath","value":"//div[@id='application-warehousemovements-display-component---warehouseMovements--smartFilterBar-filterItemControl_BASIC-YARD-valueHelpDialog-table-rowsel0']"}
COMMAND: POST /session/fb7328d57ef2f0f9565efbc83768d465/elements - {"using":"xpath","value":"//div[@id='application-warehousemovements-display-component---warehouseMovements--smartFilterBar-filterItemControl_BASIC-YARD-valueHelpDialog-table-rowsel0']"}
RESULT: {"using":"xpath","value":"//div[@id='application-warehousemovements-display-component---warehouseMovements--smartFilterBar-filterItemControl_BASIC-YARD-valueHelpDialog-table-rowsel0']"}
COMMAND: POST /session/fb7328d57ef2f0f9565efbc83768d465/elements - {"using":"xpath","value":"//div[@id='application-warehousemovements-display-component---warehouseMovements--smartFilterBar-filterItemControl_BASIC-YARD-valueHelpDialog-table-rowsel0']"}
RESULT: {"using":"xpath","value":"//div[@id='application-warehousemovements-display-component---warehouseMovements--smartFilterBar-filterItemControl_BASIC-YARD-valueHelpDialog-table-rowsel0']"}
COMMAND: POST /session/fb7328d57ef2f0f9565efbc83768d465/elements - {"using":"xpath","value":"//div[@id='application-warehousemovements-display-component---warehouseMovements--smartFilterBar-filterItemControl_BASIC-YARD-valueHelpDialog-table-rowsel0']"}
RESULT: {"using":"xpath","value":"//div[@id='application-warehousemovements-display-component---warehouseMovements--smartFilterBar-filterItemControl_BASIC-YARD-valueHelpDialog-table-rowsel0']"}
COMMAND: POST /session/fb7328d57ef2f0f9565efbc83768d465/elements - {"using":"xpath","value":"//div[@id='application-warehousemovements-display-component---warehouseMovements--smartFilterBar-filterItemControl_BASIC-YARD-valueHelpDialog-table-rowsel0']"}
RESULT: {"using":"xpath","value":"//div[@id='application-warehousemovements-display-component---warehouseMovements--smartFilterBar-filterItemControl_BASIC-YARD-valueHelpDialog-table-rowsel0']"}
COMMAND: POST /session/fb7328d57ef2f0f9565efbc83768d465/elements - {"using":"xpath","value":"//div[@id='application-warehousemovements-display-component---warehouseMovements--smartFilterBar-filterItemControl_BASIC-YARD-valueHelpDialog-table-rowsel0']"}
RESULT: {"using":"xpath","value":"//div[@id='application-warehousemovements-display-component---warehouseMovements--smartFilterBar-filterItemControl_BASIC-YARD-valueHelpDialog-table-rowsel0']"}
COMMAND: POST /session/fb7328d57ef2f0f9565efbc83768d465/elements - {"using":"xpath","value":"//div[@id='application-warehousemovements-display-component---warehouseMovements--smartFilterBar-filterItemControl_BASIC-YARD-valueHelpDialog-table-rowsel0']"}
RESULT: {"using":"xpath","value":"//div[@id='application-warehousemovements-display-component---warehouseMovements--smartFilterBar-filterItemControl_BASIC-YARD-valueHelpDialog-table-rowsel0']"}
COMMAND: POST /session/fb7328d57ef2f0f9565efbc83768d465/elements - {"using":"xpath","value":"//div[@id='application-warehousemovements-display-component---warehouseMovements--smartFilterBar-filterItemControl_BASIC-YARD-valueHelpDialog-table-rowsel0']"}
RESULT: {"using":"xpath","value":"//div[@id='application-warehousemovements-display-component---warehouseMovements--smartFilterBar-filterItemControl_BASIC-YARD-valueHelpDialog-table-rowsel0']"}
COMMAND: POST /session/fb7328d57ef2f0f9565efbc83768d465/elements - {"using":"xpath","value":"//div[@id='application-warehousemovements-display-component---warehouseMovements--smartFilterBar-filterItemControl_BASIC-YARD-valueHelpDialog-table-rowsel0']"}
RESULT: {"using":"xpath","value":"//div[@id='application-warehousemovements-display-component---warehouseMovements--smartFilterBar-filterItemControl_BASIC-YARD-valueHelpDialog-table-rowsel0']"}
COMMAND: POST /session/fb7328d57ef2f0f9565efbc83768d465/elements - {"using":"xpath","value":"//div[@id='application-warehousemovements-display-component---warehouseMovements--smartFilterBar-filterItemControl_BASIC-YARD-valueHelpDialog-table-rowsel0']"}
RESULT: {"using":"xpath","value":"//div[@id='application-warehousemovements-display-component---warehouseMovements--smartFilterBar-filterItemControl_BASIC-YARD-valueHelpDialog-table-rowsel0']"}
COMMAND: POST /session/fb7328d57ef2f0f9565efbc83768d465/elements - {"using":"xpath","value":"//div[@id='application-warehousemovements-display-component---warehouseMovements--smartFilterBar-filterItemControl_BASIC-YARD-valueHelpDialog-table-rowsel0']"}
RESULT: {"using":"xpath","value":"//div[@id='application-warehousemovements-display-component---warehouseMovements--smartFilterBar-filterItemControl_BASIC-YARD-valueHelpDialog-table-rowsel0']"}
COMMAND: POST /session/fb7328d57ef2f0f9565efbc83768d465/elements - {"using":"xpath","value":"//div[@id='application-warehousemovements-display-component---warehouseMovements--smartFilterBar-filterItemControl_BASIC-YARD-valueHelpDialog-table-rowsel0']"}
RESULT: {"using":"xpath","value":"//div[@id='application-warehousemovements-display-component---warehouseMovements--smartFilterBar-filterItemControl_BASIC-YARD-valueHelpDialog-table-rowsel0']"}
COMMAND: POST /session/fb7328d57ef2f0f9565efbc83768d465/elements - {"using":"xpath","value":"//div[@id='application-warehousemovements-display-component---warehouseMovements--smartFilterBar-filterItemControl_BASIC-YARD-valueHelpDialog-table-rowsel0']"}
RESULT: {"using":"xpath","value":"//div[@id='application-warehousemovements-display-component---warehouseMovements--smartFilterBar-filterItemControl_BASIC-YARD-valueHelpDialog-table-rowsel0']"}
COMMAND: POST /session/fb7328d57ef2f0f9565efbc83768d465/elements - {"using":"xpath","value":"//div[@id='application-warehousemovements-display-component---warehouseMovements--smartFilterBar-filterItemControl_BASIC-YARD-valueHelpDialog-table-rowsel0']"}
RESULT: {"using":"xpath","value":"//div[@id='application-warehousemovements-display-component---warehouseMovements--smartFilterBar-filterItemControl_BASIC-YARD-valueHelpDialog-table-rowsel0']"}
COMMAND: POST /session/fb7328d57ef2f0f9565efbc83768d465/elements - {"using":"xpath","value":"//div[@id='application-warehousemovements-display-component---warehouseMovements--smartFilterBar-filterItemControl_BASIC-YARD-valueHelpDialog-table-rowsel0']"}
RESULT: {"using":"xpath","value":"//div[@id='application-warehousemovements-display-component---warehouseMovements--smartFilterBar-filterItemControl_BASIC-YARD-valueHelpDialog-table-rowsel0']"}
COMMAND: POST /session/fb7328d57ef2f0f9565efbc83768d465/elements - {"using":"xpath","value":"//div[@id='application-warehousemovements-display-component---warehouseMovements--smartFilterBar-filterItemControl_BASIC-YARD-valueHelpDialog-table-rowsel0']"}
RESULT: {"using":"xpath","value":"//div[@id='application-warehousemovements-display-component---warehouseMovements--smartFilterBar-filterItemControl_BASIC-YARD-valueHelpDialog-table-rowsel0']"}
COMMAND: POST /session/fb7328d57ef2f0f9565efbc83768d465/elements - {"using":"xpath","value":"//div[@id='application-warehousemovements-display-component---warehouseMovements--smartFilterBar-filterItemControl_BASIC-YARD-valueHelpDialog-table-rowsel0']"}
RESULT: {"using":"xpath","value":"//div[@id='application-warehousemovements-display-component---warehouseMovements--smartFilterBar-filterItemControl_BASIC-YARD-valueHelpDialog-table-rowsel0']"}
COMMAND: POST /session/fb7328d57ef2f0f9565efbc83768d465/elements - {"using":"xpath","value":"//div[@id='application-warehousemovements-display-component---warehouseMovements--smartFilterBar-filterItemControl_BASIC-YARD-valueHelpDialog-table-rowsel0']"}
RESULT: {"using":"xpath","value":"//div[@id='application-warehousemovements-display-component---warehouseMovements--smartFilterBar-filterItemControl_BASIC-YARD-valueHelpDialog-table-rowsel0']"}
COMMAND: POST /session/fb7328d57ef2f0f9565efbc83768d465/elements - {"using":"xpath","value":"//div[@id='application-warehousemovements-display-component---warehouseMovements--smartFilterBar-filterItemControl_BASIC-YARD-valueHelpDialog-table-rowsel0']"}
RESULT: {"using":"xpath","value":"//div[@id='application-warehousemovements-display-component---warehouseMovements--smartFilterBar-filterItemControl_BASIC-YARD-valueHelpDialog-table-rowsel0']"}
COMMAND: POST /session/fb7328d57ef2f0f9565efbc83768d465/elements - {"using":"xpath","value":"//div[@id='application-warehousemovements-display-component---warehouseMovements--smartFilterBar-filterItemControl_BASIC-YARD-valueHelpDialog-table-rowsel0']"}
RESULT: {"using":"xpath","value":"//div[@id='application-warehousemovements-display-component---warehouseMovements--smartFilterBar-filterItemControl_BASIC-YARD-valueHelpDialog-table-rowsel0']"}
COMMAND: POST /session/fb7328d57ef2f0f9565efbc83768d465/elements - {"using":"xpath","value":"//div[@id='application-warehousemovements-display-component---warehouseMovements--smartFilterBar-filterItemControl_BASIC-YARD-valueHelpDialog-table-rowsel0']"}
RESULT: {"using":"xpath","value":"//div[@id='application-warehousemovements-display-component---warehouseMovements--smartFilterBar-filterItemControl_BASIC-YARD-valueHelpDialog-table-rowsel0']"}
COMMAND: POST /session/fb7328d57ef2f0f9565efbc83768d465/elements - {"using":"xpath","value":"//div[@id='application-warehousemovements-display-component---warehouseMovements--smartFilterBar-filterItemControl_BASIC-YARD-valueHelpDialog-table-rowsel0']"}
RESULT: {"using":"xpath","value":"//div[@id='application-warehousemovements-display-component---warehouseMovements--smartFilterBar-filterItemControl_BASIC-YARD-valueHelpDialog-table-rowsel0']"}
COMMAND: POST /session/fb7328d57ef2f0f9565efbc83768d465/elements - {"using":"xpath","value":"//div[@id='application-warehousemovements-display-component---warehouseMovements--smartFilterBar-filterItemControl_BASIC-YARD-valueHelpDialog-table-rowsel0']"}
RESULT: {"using":"xpath","value":"//div[@id='application-warehousemovements-display-component---warehouseMovements--smartFilterBar-filterItemControl_BASIC-YARD-valueHelpDialog-table-rowsel0']"}
COMMAND: POST /session/fb7328d57ef2f0f9565efbc83768d465/elements - {"using":"xpath","value":"//div[@id='application-warehousemovements-display-component---warehouseMovements--smartFilterBar-filterItemControl_BASIC-YARD-valueHelpDialog-table-rowsel0']"}
RESULT: {"using":"xpath","value":"//div[@id='application-warehousemovements-display-component---warehouseMovements--smartFilterBar-filterItemControl_BASIC-YARD-valueHelpDialog-table-rowsel0']"}
COMMAND: POST /session/fb7328d57ef2f0f9565efbc83768d465/elements - {"using":"xpath","value":"//div[@id='application-warehousemovements-display-component---warehouseMovements--smartFilterBar-filterItemControl_BASIC-YARD-valueHelpDialog-table-rowsel0']"}
RESULT: {"using":"xpath","value":"//div[@id='application-warehousemovements-display-component---warehouseMovements--smartFilterBar-filterItemControl_BASIC-YARD-valueHelpDialog-table-rowsel0']"}
COMMAND: POST /session/fb7328d57ef2f0f9565efbc83768d465/elements - {"using":"xpath","value":"//div[@id='application-warehousemovements-display-component---warehouseMovements--smartFilterBar-filterItemControl_BASIC-YARD-valueHelpDialog-table-rowsel0']"}
COMMAND: GET /session/fb7328d57ef2f0f9565efbc83768d465/screenshot - {}
RESULT: {"using":"xpath","value":"//div[@id='application-warehousemovements-display-component---warehouseMovements--smartFilterBar-filterItemControl_BASIC-YARD-valueHelpDialog-table-rowsel0']"}
RESULT: {}
COMMAND: POST /session/fb7328d57ef2f0f9565efbc83768d465/element - {"using":"css selector","value":"#j_username"}
COMMAND: POST /session/fb7328d57ef2f0f9565efbc83768d465/url - {"url":"https://qa-testing-00-live-etm-ui.cfapps.eu10-004.hana.ondemand.com/"}
COMMAND: GET /session/fb7328d57ef2f0f9565efbc83768d465/screenshot - {}
COMMAND: GET /session/fb7328d57ef2f0f9565efbc83768d465/screenshot - {}
RESULT: {"using":"css selector","value":"#j_username"}
COMMAND: POST /session/fb7328d57ef2f0f9565efbc83768d465/element - {"using":"css selector","value":"#j_username"}
RESULT: {"url":"https://qa-testing-00-live-etm-ui.cfapps.eu10-004.hana.ondemand.com/"}
RESULT: undefined
COMMAND: GET /session/fb7328d57ef2f0f9565efbc83768d465/screenshot - {}
RESULT: {}
RESULT: {}
RESULT: {"using":"css selector","value":"#j_username"}
COMMAND: POST /session/fb7328d57ef2f0f9565efbc83768d465/element - {"using":"css selector","value":"#shell-header-logo"}
RESULT: {}
RESULT: {"using":"css selector","value":"#shell-header-logo"}
COMMAND: POST /session/fb7328d57ef2f0f9565efbc83768d465/execute/sync - {"script":"<script> [8489 bytes]","args":[{"element-6066-11e4-a52e-4f735466cecf":"f.2DB20A3CB55B7B2492731AE3790B886D.d.4DBEA0BAA6165216B2252CB6F556C55E.e.2461","ELEMENT":"f.2DB20A3CB55B7B2492731AE3790B886D.d.4DBEA0BAA6165216B2252CB6F556C55E.e.2461"}]}
RESULT: {"script":"<script> [8489 bytes]","args":[{"element-6066-11e4-a52e-4f735466cecf":"f.2DB20A3CB55B7B2492731AE3790B886D.d.4DBEA0BAA6165216B2252CB6F556C55E.e.2461","ELEMENT":"f.2DB20A3CB55B7B2492731AE3790B886D.d.4DBEA0BAA6165216B2252CB6F556C55E.e.2461"}]}
COMMAND: POST /session/fb7328d57ef2f0f9565efbc83768d465/element - {"using":"css selector","value":"#shell-header-logo"}
COMMAND: GET /session/fb7328d57ef2f0f9565efbc83768d465/screenshot - {}
RESULT: {"using":"css selector","value":"#shell-header-logo"}
COMMAND: POST /session/fb7328d57ef2f0f9565efbc83768d465/execute/sync - {"script":"<script> [8489 bytes]","args":[{"element-6066-11e4-a52e-4f735466cecf":"f.2DB20A3CB55B7B2492731AE3790B886D.d.4DBEA0BAA6165216B2252CB6F556C55E.e.2461","ELEMENT":"f.2DB20A3CB55B7B2492731AE3790B886D.d.4DBEA0BAA6165216B2252CB6F556C55E.e.2461"}]}
RESULT: {}
RESULT: {"script":"<script> [8489 bytes]","args":[{"element-6066-11e4-a52e-4f735466cecf":"f.2DB20A3CB55B7B2492731AE3790B886D.d.4DBEA0BAA6165216B2252CB6F556C55E.e.2461","ELEMENT":"f.2DB20A3CB55B7B2492731AE3790B886D.d.4DBEA0BAA6165216B2252CB6F556C55E.e.2461"}]}
COMMAND: POST /session/fb7328d57ef2f0f9565efbc83768d465/execute/sync - {"script":"<script> [5351 bytes]","args":[{"element-6066-11e4-a52e-4f735466cecf":"f.2DB20A3CB55B7B2492731AE3790B886D.d.4DBEA0BAA6165216B2252CB6F556C55E.e.2461","ELEMENT":"f.2DB20A3CB55B7B2492731AE3790B886D.d.4DBEA0BAA6165216B2252CB6F556C55E.e.2461"}]}
COMMAND: GET /session/fb7328d57ef2f0f9565efbc83768d465/screenshot - {}
RESULT: {"script":"<script> [5351 bytes]","args":[{"element-6066-11e4-a52e-4f735466cecf":"f.2DB20A3CB55B7B2492731AE3790B886D.d.4DBEA0BAA6165216B2252CB6F556C55E.e.2461","ELEMENT":"f.2DB20A3CB55B7B2492731AE3790B886D.d.4DBEA0BAA6165216B2252CB6F556C55E.e.2461"}]}
COMMAND: POST /session/fb7328d57ef2f0f9565efbc83768d465/element - {"using":"css selector","value":"#shell-header-logo"}
COMMAND: GET /session/fb7328d57ef2f0f9565efbc83768d465/screenshot - {}
RESULT: {}
RESULT: {"using":"css selector","value":"#shell-header-logo"}
COMMAND: POST /session/fb7328d57ef2f0f9565efbc83768d465/element/f.2DB20A3CB55B7B2492731AE3790B886D.d.4DBEA0BAA6165216B2252CB6F556C55E.e.2461/click - {}
RESULT: {}
RESULT: {}
COMMAND: GET /session/fb7328d57ef2f0f9565efbc83768d465/screenshot - {}
RESULT: {}
COMMAND: POST /session/fb7328d57ef2f0f9565efbc83768d465/execute/async - {"script":"<script> [189 bytes]","args":[]}
RESULT: {"script":"<script> [189 bytes]","args":[]}
COMMAND: POST /session/fb7328d57ef2f0f9565efbc83768d465/execute/async - {"script":"<script> [123 bytes]","args":[]}
RESULT: {"script":"<script> [123 bytes]","args":[]}
COMMAND: POST /session/fb7328d57ef2f0f9565efbc83768d465/timeouts - {"script":"<number>"}
RESULT: {"script":"<number>"}
COMMAND: GET /session/fb7328d57ef2f0f9565efbc83768d465/timeouts - {}
RESULT: {}
RESULT: undefined
COMMAND: POST /session/fb7328d57ef2f0f9565efbc83768d465/execute/async - {"script":"<script> [2676 bytes]","args":[]}
RESULT: {"script":"<script> [2676 bytes]","args":[]}
COMMAND: POST /session/fb7328d57ef2f0f9565efbc83768d465/execute/async - {"script":"<script> [2342 bytes]","args":[{"protocol":"http","hostname":"0.0.0.0","path":"/","capabilities":{"browserName":"chrome","goog:chromeOptions":{"binary":"C:\\Program Files\\Google\\Chrome\\Application\\chrome.exe","args":["--start-maximized"]}},"logLevel":"warn","connectionRetryTimeout":120000,"connectionRetryCount":3,"logLevels":{},"enableDirectConnect":true,"strictSSL":true,"_":"65 more keys: [\"cacheDir\",\"port\",\"requestedCapabilities\",\"automationProtocol\",\"baseUrl\",\"waitforInterval\",\"waitforTimeout\",\"onReload\",\"beforeCommand\",\"afterCommand\",\"rootDir\",\"specs\",\"suites\",\"exclude\",\"groupLogsByTestSpec\",\"excludeDriverLogs\",\"bail\",\"framework\",\"reporters\",\"services\",\"maxInstances\",\"maxInstancesPerCapability\",\"injectGlobals\",\"filesToWatch\",\"execArgv\",\"runnerEnv\",\"runner\",\"shard\",\"specFileRetries\",\"specFileRetriesDelay\",\"specFileRetriesDeferred\",\"reporterSyncInterval\",\"reporterSyncTimeout\",\"cucumberFeaturesWithLineNumbers\",\"autoCompileOpts\",\"mochaOpts\",\"jasmineOpts\",\"cucumberOpts\",\"onPrepare\",\"onWorkerStart\",\"onWorkerEnd\",\"before\",\"beforeSession\",\"beforeSuite\",\"beforeHook\",\"beforeTest\",\"afterTest\",\"afterHook\",\"afterSuite\",\"afterSession\",\"after\",\"onComplete\",\"beforeAssertion\",\"afterAssertion\",\"beforeFeature\",\"beforeScenario\",\"beforeStep\",\"afterStep\",\"afterScenario\",\"afterFeature\",\"_\",\"suite\",\"$0\",\"ignoredWorkerServices\",\"wdi5\"]"}]}
RESULT: {"script":"<script> [2342 bytes]","args":[{"protocol":"http","hostname":"0.0.0.0","path":"/","capabilities":{"browserName":"chrome","goog:chromeOptions":{"binary":"C:\\Program Files\\Google\\Chrome\\Application\\chrome.exe","args":["--start-maximized"]}},"logLevel":"warn","connectionRetryTimeout":120000,"connectionRetryCount":3,"logLevels":{},"enableDirectConnect":true,"strictSSL":true,"_":"65 more keys: [\"cacheDir\",\"port\",\"requestedCapabilities\",\"automationProtocol\",\"baseUrl\",\"waitforInterval\",\"waitforTimeout\",\"onReload\",\"beforeCommand\",\"afterCommand\",\"rootDir\",\"specs\",\"suites\",\"exclude\",\"groupLogsByTestSpec\",\"excludeDriverLogs\",\"bail\",\"framework\",\"reporters\",\"services\",\"maxInstances\",\"maxInstancesPerCapability\",\"injectGlobals\",\"filesToWatch\",\"execArgv\",\"runnerEnv\",\"runner\",\"shard\",\"specFileRetries\",\"specFileRetriesDelay\",\"specFileRetriesDeferred\",\"reporterSyncInterval\",\"reporterSyncTimeout\",\"cucumberFeaturesWithLineNumbers\",\"autoCompileOpts\",\"mochaOpts\",\"jasmineOpts\",\"cucumberOpts\",\"onPrepare\",\"onWorkerStart\",\"onWorkerEnd\",\"before\",\"beforeSession\",\"beforeSuite\",\"beforeHook\",\"beforeTest\",\"afterTest\",\"afterHook\",\"afterSuite\",\"afterSession\",\"after\",\"onComplete\",\"beforeAssertion\",\"afterAssertion\",\"beforeFeature\",\"beforeScenario\",\"beforeStep\",\"afterStep\",\"afterScenario\",\"afterFeature\",\"_\",\"suite\",\"$0\",\"ignoredWorkerServices\",\"wdi5\"]"}]}
COMMAND: POST /session/fb7328d57ef2f0f9565efbc83768d465/execute/async - {"script":"<script> [21126 bytes]","args":[35000]}
RESULT: {"script":"<script> [21126 bytes]","args":[35000]}
COMMAND: POST /session/fb7328d57ef2f0f9565efbc83768d465/window/maximize - {}
RESULT: {}
COMMAND: POST /session/fb7328d57ef2f0f9565efbc83768d465/execute/async - {"script":"<script> [1562 bytes]","args":[{"selector":{"id":"shell-header","interaction":{"idSuffix":"icon"}},"wdio_ui5_key":"shellheader"}]}
COMMAND: GET /session/fb7328d57ef2f0f9565efbc83768d465/screenshot - {}
RESULT: {"script":"<script> [1562 bytes]","args":[{"selector":{"id":"shell-header","interaction":{"idSuffix":"icon"}},"wdio_ui5_key":"shellheader"}]}
RESULT: undefined
COMMAND: POST /session/fb7328d57ef2f0f9565efbc83768d465/refresh - {}
RESULT: {}
RESULT: {}
COMMAND: GET /session/fb7328d57ef2f0f9565efbc83768d465/screenshot - {}
RESULT: {}
COMMAND: POST /session/fb7328d57ef2f0f9565efbc83768d465/refresh - {}
RESULT: {}
COMMAND: GET /session/fb7328d57ef2f0f9565efbc83768d465/screenshot - {}
RESULT: {}
COMMAND: POST /session/fb7328d57ef2f0f9565efbc83768d465/window/fullscreen - {}
RESULT: {}
COMMAND: POST /session/fb7328d57ef2f0f9565efbc83768d465/execute/async - {"script":"<script> [189 bytes]","args":[]}
RESULT: {"script":"<script> [189 bytes]","args":[]}
COMMAND: POST /session/fb7328d57ef2f0f9565efbc83768d465/execute/async - {"script":"<script> [123 bytes]","args":[]}
RESULT: {"script":"<script> [123 bytes]","args":[]}
COMMAND: POST /session/fb7328d57ef2f0f9565efbc83768d465/timeouts - {"script":"<number>"}
RESULT: {"script":"<number>"}
COMMAND: GET /session/fb7328d57ef2f0f9565efbc83768d465/timeouts - {}
RESULT: {}
RESULT: undefined
COMMAND: POST /session/fb7328d57ef2f0f9565efbc83768d465/execute/async - {"script":"<script> [2676 bytes]","args":[]}
RESULT: {"script":"<script> [2676 bytes]","args":[]}
COMMAND: POST /session/fb7328d57ef2f0f9565efbc83768d465/execute/async - {"script":"<script> [2342 bytes]","args":[{"protocol":"http","hostname":"0.0.0.0","path":"/","capabilities":{"browserName":"chrome","goog:chromeOptions":{"binary":"C:\\Program Files\\Google\\Chrome\\Application\\chrome.exe","args":["--start-maximized"]}},"logLevel":"warn","connectionRetryTimeout":120000,"connectionRetryCount":3,"logLevels":{},"enableDirectConnect":true,"strictSSL":true,"_":"65 more keys: [\"cacheDir\",\"port\",\"requestedCapabilities\",\"automationProtocol\",\"baseUrl\",\"waitforInterval\",\"waitforTimeout\",\"onReload\",\"beforeCommand\",\"afterCommand\",\"rootDir\",\"specs\",\"suites\",\"exclude\",\"groupLogsByTestSpec\",\"excludeDriverLogs\",\"bail\",\"framework\",\"reporters\",\"services\",\"maxInstances\",\"maxInstancesPerCapability\",\"injectGlobals\",\"filesToWatch\",\"execArgv\",\"runnerEnv\",\"runner\",\"shard\",\"specFileRetries\",\"specFileRetriesDelay\",\"specFileRetriesDeferred\",\"reporterSyncInterval\",\"reporterSyncTimeout\",\"cucumberFeaturesWithLineNumbers\",\"autoCompileOpts\",\"mochaOpts\",\"jasmineOpts\",\"cucumberOpts\",\"onPrepare\",\"onWorkerStart\",\"onWorkerEnd\",\"before\",\"beforeSession\",\"beforeSuite\",\"beforeHook\",\"beforeTest\",\"afterTest\",\"afterHook\",\"afterSuite\",\"afterSession\",\"after\",\"onComplete\",\"beforeAssertion\",\"afterAssertion\",\"beforeFeature\",\"beforeScenario\",\"beforeStep\",\"afterStep\",\"afterScenario\",\"afterFeature\",\"_\",\"suite\",\"$0\",\"ignoredWorkerServices\",\"wdi5\"]"}]}
RESULT: {"script":"<script> [2342 bytes]","args":[{"protocol":"http","hostname":"0.0.0.0","path":"/","capabilities":{"browserName":"chrome","goog:chromeOptions":{"binary":"C:\\Program Files\\Google\\Chrome\\Application\\chrome.exe","args":["--start-maximized"]}},"logLevel":"warn","connectionRetryTimeout":120000,"connectionRetryCount":3,"logLevels":{},"enableDirectConnect":true,"strictSSL":true,"_":"65 more keys: [\"cacheDir\",\"port\",\"requestedCapabilities\",\"automationProtocol\",\"baseUrl\",\"waitforInterval\",\"waitforTimeout\",\"onReload\",\"beforeCommand\",\"afterCommand\",\"rootDir\",\"specs\",\"suites\",\"exclude\",\"groupLogsByTestSpec\",\"excludeDriverLogs\",\"bail\",\"framework\",\"reporters\",\"services\",\"maxInstances\",\"maxInstancesPerCapability\",\"injectGlobals\",\"filesToWatch\",\"execArgv\",\"runnerEnv\",\"runner\",\"shard\",\"specFileRetries\",\"specFileRetriesDelay\",\"specFileRetriesDeferred\",\"reporterSyncInterval\",\"reporterSyncTimeout\",\"cucumberFeaturesWithLineNumbers\",\"autoCompileOpts\",\"mochaOpts\",\"jasmineOpts\",\"cucumberOpts\",\"onPrepare\",\"onWorkerStart\",\"onWorkerEnd\",\"before\",\"beforeSession\",\"beforeSuite\",\"beforeHook\",\"beforeTest\",\"afterTest\",\"afterHook\",\"afterSuite\",\"afterSession\",\"after\",\"onComplete\",\"beforeAssertion\",\"afterAssertion\",\"beforeFeature\",\"beforeScenario\",\"beforeStep\",\"afterStep\",\"afterScenario\",\"afterFeature\",\"_\",\"suite\",\"$0\",\"ignoredWorkerServices\",\"wdi5\"]"}]}
COMMAND: POST /session/fb7328d57ef2f0f9565efbc83768d465/execute/async - {"script":"<script> [21126 bytes]","args":[35000]}
RESULT: {"script":"<script> [21126 bytes]","args":[35000]}
]]></system-out>
      <system-err><![CDATA[
Error: Can't call click on element with selector "//div[@id='application-warehousemovements-display-component---warehouseMovements--smartFilterBar-filterItemControl_BASIC-YARD-valueHelpDialog-table-rowsel0']" because element wasn't found
    at async Context.<anonymous> (D:\a\1\s\test\specs\HTR\smoke-warehouse-movements-inventory.js:615:9)
]]></system-err>
    </testcase>
  </testsuite>
  <testsuite timestamp="2025-05-23T16:45:46" time="731.345" tests="7" failures="0" errors="0" skipped="0">
    <properties>
      <property name="specId" value="0"/>
      <property name="suiteName" value="Create masterdata for Yard Overview - trigger provide US130988"/>
      <property name="capabilities" value="chrome.136_0_7103_93.windows"/>
      <property name="file" value="file:///D:/a/1/s/test/specs/HTR/yard-movement-putaways.spec.js"/>
    </properties>
    <testcase classname="chrome.136_0_7103_93.windows.Create_masterdata_for_Yard_Overview_-_trigger_provide_US130988" name="Should create a new WHM yard" time="122.554">
      <system-out><![CDATA[
COMMAND: POST /session/fb7328d57ef2f0f9565efbc83768d465/window/fullscreen - {}
RESULT: {}
COMMAND: POST /session/fb7328d57ef2f0f9565efbc83768d465/execute/async - {"script":"<script> [1562 bytes]","args":[{"selector":{"controlType":"sap.m.GenericTile","properties":{"header":"Manage Yards"}},"wdio_ui5_key":"sapm.GenericTile{\"header\":\"Manage Yards\"}"}]}
RESULT: {"script":"<script> [1562 bytes]","args":[{"selector":{"controlType":"sap.m.GenericTile","properties":{"header":"Manage Yards"}},"wdio_ui5_key":"sapm.GenericTile{\"header\":\"Manage Yards\"}"}]}
RESULT: undefined
COMMAND: POST /session/fb7328d57ef2f0f9565efbc83768d465/element - {"using":"xpath","value":"//*[@id=\"__tile41\"]"}
RESULT: {"using":"xpath","value":"//*[@id=\"__tile41\"]"}
COMMAND: POST /session/fb7328d57ef2f0f9565efbc83768d465/element/f.2DB20A3CB55B7B2492731AE3790B886D.d.B85EE9DF3628DA684BE589051B365A41.e.2515/click - {}
RESULT: {}
COMMAND: GET /session/fb7328d57ef2f0f9565efbc83768d465/screenshot - {}
RESULT: {}
COMMAND: POST /session/fb7328d57ef2f0f9565efbc83768d465/elements - {"using":"xpath","value":"//span[text()='Error']"}
RESULT: {"using":"xpath","value":"//span[text()='Error']"}
COMMAND: POST /session/fb7328d57ef2f0f9565efbc83768d465/element - {"using":"xpath","value":"//button[@data-kt=\"addNewYardOverflowToolbarButton\"]"}
RESULT: {"using":"xpath","value":"//button[@data-kt=\"addNewYardOverflowToolbarButton\"]"}
COMMAND: POST /session/fb7328d57ef2f0f9565efbc83768d465/elements - {"using":"xpath","value":"//button[@data-kt=\"addNewYardOverflowToolbarButton\"]"}
RESULT: {"using":"xpath","value":"//button[@data-kt=\"addNewYardOverflowToolbarButton\"]"}
COMMAND: POST /session/fb7328d57ef2f0f9565efbc83768d465/elements - {"using":"xpath","value":"//button[@data-kt=\"addNewYardOverflowToolbarButton\"]"}
RESULT: {"using":"xpath","value":"//button[@data-kt=\"addNewYardOverflowToolbarButton\"]"}
COMMAND: POST /session/fb7328d57ef2f0f9565efbc83768d465/element - {"using":"xpath","value":"//button[@data-kt=\"addNewYardOverflowToolbarButton\"]"}
RESULT: {"using":"xpath","value":"//button[@data-kt=\"addNewYardOverflowToolbarButton\"]"}
COMMAND: POST /session/fb7328d57ef2f0f9565efbc83768d465/execute/sync - {"script":"<script> [8489 bytes]","args":[{"element-6066-11e4-a52e-4f735466cecf":"f.2DB20A3CB55B7B2492731AE3790B886D.d.B85EE9DF3628DA684BE589051B365A41.e.2650","ELEMENT":"f.2DB20A3CB55B7B2492731AE3790B886D.d.B85EE9DF3628DA684BE589051B365A41.e.2650"}]}
RESULT: {"script":"<script> [8489 bytes]","args":[{"element-6066-11e4-a52e-4f735466cecf":"f.2DB20A3CB55B7B2492731AE3790B886D.d.B85EE9DF3628DA684BE589051B365A41.e.2650","ELEMENT":"f.2DB20A3CB55B7B2492731AE3790B886D.d.B85EE9DF3628DA684BE589051B365A41.e.2650"}]}
COMMAND: GET /session/fb7328d57ef2f0f9565efbc83768d465/element/f.2DB20A3CB55B7B2492731AE3790B886D.d.B85EE9DF3628DA684BE589051B365A41.e.2650/enabled - {}
COMMAND: GET /session/fb7328d57ef2f0f9565efbc83768d465/screenshot - {}
RESULT: {}
COMMAND: POST /session/fb7328d57ef2f0f9565efbc83768d465/execute/sync - {"script":"<script> [8489 bytes]","args":[{"element-6066-11e4-a52e-4f735466cecf":"f.2DB20A3CB55B7B2492731AE3790B886D.d.B85EE9DF3628DA684BE589051B365A41.e.2650","ELEMENT":"f.2DB20A3CB55B7B2492731AE3790B886D.d.B85EE9DF3628DA684BE589051B365A41.e.2650"}]}
COMMAND: GET /session/fb7328d57ef2f0f9565efbc83768d465/screenshot - {}
RESULT: {}
RESULT: {"script":"<script> [8489 bytes]","args":[{"element-6066-11e4-a52e-4f735466cecf":"f.2DB20A3CB55B7B2492731AE3790B886D.d.B85EE9DF3628DA684BE589051B365A41.e.2650","ELEMENT":"f.2DB20A3CB55B7B2492731AE3790B886D.d.B85EE9DF3628DA684BE589051B365A41.e.2650"}]}
COMMAND: POST /session/fb7328d57ef2f0f9565efbc83768d465/execute/sync - {"script":"<script> [5351 bytes]","args":[{"element-6066-11e4-a52e-4f735466cecf":"f.2DB20A3CB55B7B2492731AE3790B886D.d.B85EE9DF3628DA684BE589051B365A41.e.2650","ELEMENT":"f.2DB20A3CB55B7B2492731AE3790B886D.d.B85EE9DF3628DA684BE589051B365A41.e.2650"}]}
COMMAND: GET /session/fb7328d57ef2f0f9565efbc83768d465/screenshot - {}
RESULT: {}
RESULT: {"script":"<script> [5351 bytes]","args":[{"element-6066-11e4-a52e-4f735466cecf":"f.2DB20A3CB55B7B2492731AE3790B886D.d.B85EE9DF3628DA684BE589051B365A41.e.2650","ELEMENT":"f.2DB20A3CB55B7B2492731AE3790B886D.d.B85EE9DF3628DA684BE589051B365A41.e.2650"}]}
COMMAND: POST /session/fb7328d57ef2f0f9565efbc83768d465/element/f.2DB20A3CB55B7B2492731AE3790B886D.d.B85EE9DF3628DA684BE589051B365A41.e.2650/click - {}
COMMAND: GET /session/fb7328d57ef2f0f9565efbc83768d465/screenshot - {}
RESULT: {}
RESULT: {}
COMMAND: GET /session/fb7328d57ef2f0f9565efbc83768d465/screenshot - {}
RESULT: {}
RESULT: {}
COMMAND: POST /session/fb7328d57ef2f0f9565efbc83768d465/element - {"using":"xpath","value":"//input[@id=\"application-manageyards-display-component---NewYard--yardId-inner\"]"}
RESULT: {"using":"xpath","value":"//input[@id=\"application-manageyards-display-component---NewYard--yardId-inner\"]"}
COMMAND: POST /session/fb7328d57ef2f0f9565efbc83768d465/element - {"using":"xpath","value":"//input[@id=\"application-manageyards-display-component---NewYard--yardId-inner\"]"}
RESULT: {"using":"xpath","value":"//input[@id=\"application-manageyards-display-component---NewYard--yardId-inner\"]"}
COMMAND: POST /session/fb7328d57ef2f0f9565efbc83768d465/execute/async - {"script":"<script> [1562 bytes]","args":[{"selector":{"id":"application-manageyards-display-component---NewYard--addressDetailDetailsName1","interaction":{"idSuffix":"inner"}},"wdio_ui5_key":"applicationmanageyards-display-component---NewYard--addressDetailDetailsName1"}]}
RESULT: {"script":"<script> [1562 bytes]","args":[{"selector":{"id":"application-manageyards-display-component---NewYard--addressDetailDetailsName1","interaction":{"idSuffix":"inner"}},"wdio_ui5_key":"applicationmanageyards-display-component---NewYard--addressDetailDetailsName1"}]}
RESULT: undefined
COMMAND: POST /session/fb7328d57ef2f0f9565efbc83768d465/execute/async - {"script":"<script> [776 bytes]","args":[{"enterText":"Warehouse Managed WDIO","selector":{"id":"application-manageyards-display-component---NewYard--addressDetailDetailsName1","interaction":{"idSuffix":"inner"}},"clearTextFirst":true,"interactionType":"ENTER_TEXT"}]}
RESULT: {"script":"<script> [776 bytes]","args":[{"enterText":"Warehouse Managed WDIO","selector":{"id":"application-manageyards-display-component---NewYard--addressDetailDetailsName1","interaction":{"idSuffix":"inner"}},"clearTextFirst":true,"interactionType":"ENTER_TEXT"}]}
COMMAND: POST /session/fb7328d57ef2f0f9565efbc83768d465/execute/async - {"script":"<script> [1562 bytes]","args":[{"selector":{"id":"application-manageyards-display-component---NewYard--addressDetailDetailsLanguage-arrow"},"wdio_ui5_key":"applicationmanageyards-display-component---NewYard--addressDetailDetailsLanguage-arrow"}]}
RESULT: {"script":"<script> [1562 bytes]","args":[{"selector":{"id":"application-manageyards-display-component---NewYard--addressDetailDetailsLanguage-arrow"},"wdio_ui5_key":"applicationmanageyards-display-component---NewYard--addressDetailDetailsLanguage-arrow"}]}
RESULT: undefined
COMMAND: POST /session/fb7328d57ef2f0f9565efbc83768d465/element - {"using":"xpath","value":"//*[@id=\"application-manageyards-display-component---NewYard--addressDetailDetailsLanguage-arrow\"]"}
RESULT: {"using":"xpath","value":"//*[@id=\"application-manageyards-display-component---NewYard--addressDetailDetailsLanguage-arrow\"]"}
COMMAND: POST /session/fb7328d57ef2f0f9565efbc83768d465/element/f.2DB20A3CB55B7B2492731AE3790B886D.d.B85EE9DF3628DA684BE589051B365A41.e.3080/click - {}
RESULT: {}
COMMAND: POST /session/fb7328d57ef2f0f9565efbc83768d465/element - {"using":"xpath","value":"//span[contains(text(), \"English\")]"}
COMMAND: GET /session/fb7328d57ef2f0f9565efbc83768d465/screenshot - {}
RESULT: {"using":"xpath","value":"//span[contains(text(), \"English\")]"}
COMMAND: POST /session/fb7328d57ef2f0f9565efbc83768d465/element/f.2DB20A3CB55B7B2492731AE3790B886D.d.B85EE9DF3628DA684BE589051B365A41.e.3081/click - {}
RESULT: {}
RESULT: {}
COMMAND: POST /session/fb7328d57ef2f0f9565efbc83768d465/execute/async - {"script":"<script> [1562 bytes]","args":[{"selector":{"id":"application-manageyards-display-component---NewYard--addressDetailDetailsCity1","interaction":{"idSuffix":"inner"}},"wdio_ui5_key":"applicationmanageyards-display-component---NewYard--addressDetailDetailsCity1"}]}
COMMAND: GET /session/fb7328d57ef2f0f9565efbc83768d465/screenshot - {}
RESULT: {"script":"<script> [1562 bytes]","args":[{"selector":{"id":"application-manageyards-display-component---NewYard--addressDetailDetailsCity1","interaction":{"idSuffix":"inner"}},"wdio_ui5_key":"applicationmanageyards-display-component---NewYard--addressDetailDetailsCity1"}]}
RESULT: undefined
COMMAND: POST /session/fb7328d57ef2f0f9565efbc83768d465/execute/async - {"script":"<script> [776 bytes]","args":[{"enterText":"Rosario","selector":{"id":"application-manageyards-display-component---NewYard--addressDetailDetailsCity1","interaction":{"idSuffix":"inner"}},"clearTextFirst":true,"interactionType":"ENTER_TEXT"}]}
RESULT: {}
RESULT: {"script":"<script> [776 bytes]","args":[{"enterText":"Rosario","selector":{"id":"application-manageyards-display-component---NewYard--addressDetailDetailsCity1","interaction":{"idSuffix":"inner"}},"clearTextFirst":true,"interactionType":"ENTER_TEXT"}]}
COMMAND: POST /session/fb7328d57ef2f0f9565efbc83768d465/execute/async - {"script":"<script> [1562 bytes]","args":[{"selector":{"id":"application-manageyards-display-component---NewYard--addressDetailDetailsCountry-arrow"},"wdio_ui5_key":"applicationmanageyards-display-component---NewYard--addressDetailDetailsCountry-arrow"}]}
RESULT: {"script":"<script> [1562 bytes]","args":[{"selector":{"id":"application-manageyards-display-component---NewYard--addressDetailDetailsCountry-arrow"},"wdio_ui5_key":"applicationmanageyards-display-component---NewYard--addressDetailDetailsCountry-arrow"}]}
RESULT: undefined
COMMAND: POST /session/fb7328d57ef2f0f9565efbc83768d465/element - {"using":"xpath","value":"//*[@id=\"application-manageyards-display-component---NewYard--addressDetailDetailsCountry-arrow\"]"}
RESULT: {"using":"xpath","value":"//*[@id=\"application-manageyards-display-component---NewYard--addressDetailDetailsCountry-arrow\"]"}
COMMAND: POST /session/fb7328d57ef2f0f9565efbc83768d465/element/f.2DB20A3CB55B7B2492731AE3790B886D.d.B85EE9DF3628DA684BE589051B365A41.e.3083/click - {}
RESULT: {}
COMMAND: POST /session/fb7328d57ef2f0f9565efbc83768d465/element - {"using":"xpath","value":"//span[contains(text(), \"Argentina\")]"}
COMMAND: GET /session/fb7328d57ef2f0f9565efbc83768d465/screenshot - {}
RESULT: {"using":"xpath","value":"//span[contains(text(), \"Argentina\")]"}
COMMAND: POST /session/fb7328d57ef2f0f9565efbc83768d465/element/f.2DB20A3CB55B7B2492731AE3790B886D.d.B85EE9DF3628DA684BE589051B365A41.e.3085/click - {}
RESULT: {}
RESULT: {}
COMMAND: POST /session/fb7328d57ef2f0f9565efbc83768d465/execute/async - {"script":"<script> [1562 bytes]","args":[{"selector":{"id":"application-manageyards-display-component---NewYard--addressEditDetailsCostObjectCstType-arrow"},"wdio_ui5_key":"applicationmanageyards-display-component---NewYard--addressEditDetailsCostObjectCstType-arrow"}]}
COMMAND: GET /session/fb7328d57ef2f0f9565efbc83768d465/screenshot - {}
RESULT: {"script":"<script> [1562 bytes]","args":[{"selector":{"id":"application-manageyards-display-component---NewYard--addressEditDetailsCostObjectCstType-arrow"},"wdio_ui5_key":"applicationmanageyards-display-component---NewYard--addressEditDetailsCostObjectCstType-arrow"}]}
RESULT: undefined
COMMAND: POST /session/fb7328d57ef2f0f9565efbc83768d465/element - {"using":"xpath","value":"//*[@id=\"application-manageyards-display-component---NewYard--addressEditDetailsCostObjectCstType-arrow\"]"}
RESULT: {}
RESULT: {"using":"xpath","value":"//*[@id=\"application-manageyards-display-component---NewYard--addressEditDetailsCostObjectCstType-arrow\"]"}
COMMAND: POST /session/fb7328d57ef2f0f9565efbc83768d465/element/f.2DB20A3CB55B7B2492731AE3790B886D.d.B85EE9DF3628DA684BE589051B365A41.e.3086/click - {}
RESULT: {}
COMMAND: POST /session/fb7328d57ef2f0f9565efbc83768d465/element - {"using":"xpath","value":"//span[contains(text(), \"Cost Center\")]"}
COMMAND: GET /session/fb7328d57ef2f0f9565efbc83768d465/screenshot - {}
RESULT: {"using":"xpath","value":"//span[contains(text(), \"Cost Center\")]"}
COMMAND: POST /session/fb7328d57ef2f0f9565efbc83768d465/element/f.2DB20A3CB55B7B2492731AE3790B886D.d.B85EE9DF3628DA684BE589051B365A41.e.3087/click - {}
RESULT: {}
RESULT: {}
COMMAND: GET /session/fb7328d57ef2f0f9565efbc83768d465/screenshot - {}
RESULT: {}
COMMAND: POST /session/fb7328d57ef2f0f9565efbc83768d465/element - {"using":"xpath","value":"//span[@id=\"application-manageyards-display-component---NewYard--addressNewCostObjectCstID-vhi\"]"}
RESULT: {"using":"xpath","value":"//span[@id=\"application-manageyards-display-component---NewYard--addressNewCostObjectCstID-vhi\"]"}
COMMAND: POST /session/fb7328d57ef2f0f9565efbc83768d465/execute/sync - {"script":"<script> [8489 bytes]","args":[{"element-6066-11e4-a52e-4f735466cecf":"f.2DB20A3CB55B7B2492731AE3790B886D.d.B85EE9DF3628DA684BE589051B365A41.e.3091","ELEMENT":"f.2DB20A3CB55B7B2492731AE3790B886D.d.B85EE9DF3628DA684BE589051B365A41.e.3091"}]}
RESULT: {"script":"<script> [8489 bytes]","args":[{"element-6066-11e4-a52e-4f735466cecf":"f.2DB20A3CB55B7B2492731AE3790B886D.d.B85EE9DF3628DA684BE589051B365A41.e.3091","ELEMENT":"f.2DB20A3CB55B7B2492731AE3790B886D.d.B85EE9DF3628DA684BE589051B365A41.e.3091"}]}
COMMAND: POST /session/fb7328d57ef2f0f9565efbc83768d465/execute/async - {"script":"<script> [1562 bytes]","args":[{"selector":{"id":"application-manageyards-display-component---NewYard--addressNewCostObjectCstID-vhi"},"wdio_ui5_key":"applicationmanageyards-display-component---NewYard--addressNewCostObjectCstID-vhi"}]}
COMMAND: GET /session/fb7328d57ef2f0f9565efbc83768d465/screenshot - {}
RESULT: {"script":"<script> [1562 bytes]","args":[{"selector":{"id":"application-manageyards-display-component---NewYard--addressNewCostObjectCstID-vhi"},"wdio_ui5_key":"applicationmanageyards-display-component---NewYard--addressNewCostObjectCstID-vhi"}]}
RESULT: undefined
COMMAND: POST /session/fb7328d57ef2f0f9565efbc83768d465/element - {"using":"xpath","value":"//*[@id=\"application-manageyards-display-component---NewYard--addressNewCostObjectCstID-vhi\"]"}
RESULT: {}
RESULT: {"using":"xpath","value":"//*[@id=\"application-manageyards-display-component---NewYard--addressNewCostObjectCstID-vhi\"]"}
COMMAND: POST /session/fb7328d57ef2f0f9565efbc83768d465/element/f.2DB20A3CB55B7B2492731AE3790B886D.d.B85EE9DF3628DA684BE589051B365A41.e.3091/click - {}
RESULT: {}
COMMAND: GET /session/fb7328d57ef2f0f9565efbc83768d465/screenshot - {}
RESULT: {}
COMMAND: POST /session/fb7328d57ef2f0f9565efbc83768d465/execute/async - {"script":"<script> [1562 bytes]","args":[{"selector":{"controlType":"sap.m.SearchField","properties":{"placeholder":"Search"},"searchOpenDialogs":true,"interaction":{"idSuffix":"I"}},"wdio_ui5_key":"sapm.SearchField{\"placeholder\":\"Search\"}"}]}
RESULT: {"script":"<script> [1562 bytes]","args":[{"selector":{"controlType":"sap.m.SearchField","properties":{"placeholder":"Search"},"searchOpenDialogs":true,"interaction":{"idSuffix":"I"}},"wdio_ui5_key":"sapm.SearchField{\"placeholder\":\"Search\"}"}]}
RESULT: undefined
COMMAND: POST /session/fb7328d57ef2f0f9565efbc83768d465/execute/async - {"script":"<script> [776 bytes]","args":[{"enterText":"bauh_b","selector":{"controlType":"sap.m.SearchField","properties":{"placeholder":"Search"},"searchOpenDialogs":true,"interaction":{"idSuffix":"I"}},"clearTextFirst":true,"interactionType":"ENTER_TEXT"}]}
RESULT: {"script":"<script> [776 bytes]","args":[{"enterText":"bauh_b","selector":{"controlType":"sap.m.SearchField","properties":{"placeholder":"Search"},"searchOpenDialogs":true,"interaction":{"idSuffix":"I"}},"clearTextFirst":true,"interactionType":"ENTER_TEXT"}]}
COMMAND: POST /session/fb7328d57ef2f0f9565efbc83768d465/actions - {"actions":[{"id":"action9","type":"key","parameters":{},"actions":[{"type":"keyDown","value":""},{"type":"pause","duration":10},{"type":"keyUp","value":""}]}]}
RESULT: {"actions":[{"id":"action9","type":"key","parameters":{},"actions":[{"type":"keyDown","value":""},{"type":"pause","duration":10},{"type":"keyUp","value":""}]}]}
COMMAND: GET /session/fb7328d57ef2f0f9565efbc83768d465/screenshot - {}
RESULT: {}
COMMAND: POST /session/fb7328d57ef2f0f9565efbc83768d465/element - {"using":"xpath","value":"//span[contains(text(), \"Demo Yard\")]"}
RESULT: {"using":"xpath","value":"//span[contains(text(), \"Demo Yard\")]"}
COMMAND: POST /session/fb7328d57ef2f0f9565efbc83768d465/element/f.2DB20A3CB55B7B2492731AE3790B886D.d.B85EE9DF3628DA684BE589051B365A41.e.3133/click - {}
RESULT: {}
COMMAND: GET /session/fb7328d57ef2f0f9565efbc83768d465/screenshot - {}
RESULT: {}
COMMAND: POST /session/fb7328d57ef2f0f9565efbc83768d465/element - {"using":"xpath","value":"//bdi[contains(text(), \"OK\")]"}
RESULT: {"using":"xpath","value":"//bdi[contains(text(), \"OK\")]"}
COMMAND: POST /session/fb7328d57ef2f0f9565efbc83768d465/element/f.2DB20A3CB55B7B2492731AE3790B886D.d.B85EE9DF3628DA684BE589051B365A41.e.3134/click - {}
RESULT: {}
COMMAND: GET /session/fb7328d57ef2f0f9565efbc83768d465/screenshot - {}
RESULT: {}
COMMAND: POST /session/fb7328d57ef2f0f9565efbc83768d465/execute/async - {"script":"<script> [1562 bytes]","args":[{"selector":{"id":"application-manageyards-display-component---NewYard--addressEditDetailsCurrency-arrow"},"wdio_ui5_key":"applicationmanageyards-display-component---NewYard--addressEditDetailsCurrency-arrow"}]}
RESULT: {"script":"<script> [1562 bytes]","args":[{"selector":{"id":"application-manageyards-display-component---NewYard--addressEditDetailsCurrency-arrow"},"wdio_ui5_key":"applicationmanageyards-display-component---NewYard--addressEditDetailsCurrency-arrow"}]}
RESULT: undefined
COMMAND: POST /session/fb7328d57ef2f0f9565efbc83768d465/element - {"using":"xpath","value":"//*[@id=\"application-manageyards-display-component---NewYard--addressEditDetailsCurrency-arrow\"]"}
RESULT: {"using":"xpath","value":"//*[@id=\"application-manageyards-display-component---NewYard--addressEditDetailsCurrency-arrow\"]"}
COMMAND: POST /session/fb7328d57ef2f0f9565efbc83768d465/element/f.2DB20A3CB55B7B2492731AE3790B886D.d.B85EE9DF3628DA684BE589051B365A41.e.3137/click - {}
RESULT: {}
COMMAND: POST /session/fb7328d57ef2f0f9565efbc83768d465/element - {"using":"xpath","value":"//span[contains(text(), \"Euro\")]"}
COMMAND: GET /session/fb7328d57ef2f0f9565efbc83768d465/screenshot - {}
RESULT: {"using":"xpath","value":"//span[contains(text(), \"Euro\")]"}
COMMAND: POST /session/fb7328d57ef2f0f9565efbc83768d465/element/f.2DB20A3CB55B7B2492731AE3790B886D.d.B85EE9DF3628DA684BE589051B365A41.e.3138/click - {}
RESULT: {}
RESULT: {}
COMMAND: POST /session/fb7328d57ef2f0f9565efbc83768d465/execute/async - {"script":"<script> [1562 bytes]","args":[{"selector":{"controlType":"sap.m.Input","viewName":"etm.portal.ui.manageyards.view.New","viewId":"application-manageyards-display-component---NewYard","bindingPath":{"path":"","propertyPath":"/CONTROLLING_AREA","modelName":"NewYardModel"},"interaction":{"idSuffix":"inner"}},"wdio_ui5_key":"etmportal.ui.manageyards.view.Newsap.m.Input{\"path\":\"\",\"propertyPath\":\"/CONTROLLING_AREA\",\"modelName\":\"NewYardModel\"}"}]}
COMMAND: GET /session/fb7328d57ef2f0f9565efbc83768d465/screenshot - {}
RESULT: {"script":"<script> [1562 bytes]","args":[{"selector":{"controlType":"sap.m.Input","viewName":"etm.portal.ui.manageyards.view.New","viewId":"application-manageyards-display-component---NewYard","bindingPath":{"path":"","propertyPath":"/CONTROLLING_AREA","modelName":"NewYardModel"},"interaction":{"idSuffix":"inner"}},"wdio_ui5_key":"etmportal.ui.manageyards.view.Newsap.m.Input{\"path\":\"\",\"propertyPath\":\"/CONTROLLING_AREA\",\"modelName\":\"NewYardModel\"}"}]}
RESULT: undefined
COMMAND: POST /session/fb7328d57ef2f0f9565efbc83768d465/execute/async - {"script":"<script> [776 bytes]","args":[{"enterText":"Z001","selector":{"controlType":"sap.m.Input","viewName":"etm.portal.ui.manageyards.view.New","viewId":"application-manageyards-display-component---NewYard","bindingPath":{"path":"","propertyPath":"/CONTROLLING_AREA","modelName":"NewYardModel"},"interaction":{"idSuffix":"inner"}},"clearTextFirst":true,"interactionType":"ENTER_TEXT"}]}
RESULT: {}
RESULT: {"script":"<script> [776 bytes]","args":[{"enterText":"Z001","selector":{"controlType":"sap.m.Input","viewName":"etm.portal.ui.manageyards.view.New","viewId":"application-manageyards-display-component---NewYard","bindingPath":{"path":"","propertyPath":"/CONTROLLING_AREA","modelName":"NewYardModel"},"interaction":{"idSuffix":"inner"}},"clearTextFirst":true,"interactionType":"ENTER_TEXT"}]}
COMMAND: POST /session/fb7328d57ef2f0f9565efbc83768d465/execute/async - {"script":"<script> [1562 bytes]","args":[{"selector":{"id":"application-manageyards-display-component---NewYard--companyCodeComboBox","interaction":{"idSuffix":"inner"}},"wdio_ui5_key":"applicationmanageyards-display-component---NewYard--companyCodeComboBox"}]}
RESULT: {"script":"<script> [1562 bytes]","args":[{"selector":{"id":"application-manageyards-display-component---NewYard--companyCodeComboBox","interaction":{"idSuffix":"inner"}},"wdio_ui5_key":"applicationmanageyards-display-component---NewYard--companyCodeComboBox"}]}
RESULT: undefined
COMMAND: POST /session/fb7328d57ef2f0f9565efbc83768d465/execute/async - {"script":"<script> [776 bytes]","args":[{"enterText":"1000","selector":{"id":"application-manageyards-display-component---NewYard--companyCodeComboBox","interaction":{"idSuffix":"inner"}},"clearTextFirst":true,"interactionType":"ENTER_TEXT"}]}
RESULT: {"script":"<script> [776 bytes]","args":[{"enterText":"1000","selector":{"id":"application-manageyards-display-component---NewYard--companyCodeComboBox","interaction":{"idSuffix":"inner"}},"clearTextFirst":true,"interactionType":"ENTER_TEXT"}]}
COMMAND: POST /session/fb7328d57ef2f0f9565efbc83768d465/execute/async - {"script":"<script> [1562 bytes]","args":[{"selector":{"controlType":"sap.m.Input","viewName":"etm.portal.ui.manageyards.view.New","viewId":"application-manageyards-display-component---NewYard","bindingPath":{"path":"","propertyPath":"/PLANT","modelName":"NewYardModel"},"interaction":{"idSuffix":"inner"}},"wdio_ui5_key":"etmportal.ui.manageyards.view.Newsap.m.Input{\"path\":\"\",\"propertyPath\":\"/PLANT\",\"modelName\":\"NewYardModel\"}"}]}
RESULT: {"script":"<script> [1562 bytes]","args":[{"selector":{"controlType":"sap.m.Input","viewName":"etm.portal.ui.manageyards.view.New","viewId":"application-manageyards-display-component---NewYard","bindingPath":{"path":"","propertyPath":"/PLANT","modelName":"NewYardModel"},"interaction":{"idSuffix":"inner"}},"wdio_ui5_key":"etmportal.ui.manageyards.view.Newsap.m.Input{\"path\":\"\",\"propertyPath\":\"/PLANT\",\"modelName\":\"NewYardModel\"}"}]}
RESULT: undefined
COMMAND: POST /session/fb7328d57ef2f0f9565efbc83768d465/execute/async - {"script":"<script> [776 bytes]","args":[{"enterText":"1001","selector":{"controlType":"sap.m.Input","viewName":"etm.portal.ui.manageyards.view.New","viewId":"application-manageyards-display-component---NewYard","bindingPath":{"path":"","propertyPath":"/PLANT","modelName":"NewYardModel"},"interaction":{"idSuffix":"inner"}},"clearTextFirst":true,"interactionType":"ENTER_TEXT"}]}
RESULT: {"script":"<script> [776 bytes]","args":[{"enterText":"1001","selector":{"controlType":"sap.m.Input","viewName":"etm.portal.ui.manageyards.view.New","viewId":"application-manageyards-display-component---NewYard","bindingPath":{"path":"","propertyPath":"/PLANT","modelName":"NewYardModel"},"interaction":{"idSuffix":"inner"}},"clearTextFirst":true,"interactionType":"ENTER_TEXT"}]}
COMMAND: POST /session/fb7328d57ef2f0f9565efbc83768d465/execute/async - {"script":"<script> [1562 bytes]","args":[{"selector":{"controlType":"sap.m.Input","viewName":"etm.portal.ui.manageyards.view.New","viewId":"application-manageyards-display-component---NewYard","bindingPath":{"path":"","propertyPath":"/SALES_AREA_VKORG","modelName":"NewYardModel"},"interaction":{"idSuffix":"inner"}},"wdio_ui5_key":"etmportal.ui.manageyards.view.Newsap.m.Input{\"path\":\"\",\"propertyPath\":\"/SALES_AREA_VKORG\",\"modelName\":\"NewYardModel\"}"}]}
RESULT: {"script":"<script> [1562 bytes]","args":[{"selector":{"controlType":"sap.m.Input","viewName":"etm.portal.ui.manageyards.view.New","viewId":"application-manageyards-display-component---NewYard","bindingPath":{"path":"","propertyPath":"/SALES_AREA_VKORG","modelName":"NewYardModel"},"interaction":{"idSuffix":"inner"}},"wdio_ui5_key":"etmportal.ui.manageyards.view.Newsap.m.Input{\"path\":\"\",\"propertyPath\":\"/SALES_AREA_VKORG\",\"modelName\":\"NewYardModel\"}"}]}
RESULT: undefined
COMMAND: POST /session/fb7328d57ef2f0f9565efbc83768d465/execute/async - {"script":"<script> [776 bytes]","args":[{"enterText":"C002","selector":{"controlType":"sap.m.Input","viewName":"etm.portal.ui.manageyards.view.New","viewId":"application-manageyards-display-component---NewYard","bindingPath":{"path":"","propertyPath":"/SALES_AREA_VKORG","modelName":"NewYardModel"},"interaction":{"idSuffix":"inner"}},"clearTextFirst":true,"interactionType":"ENTER_TEXT"}]}
RESULT: {"script":"<script> [776 bytes]","args":[{"enterText":"C002","selector":{"controlType":"sap.m.Input","viewName":"etm.portal.ui.manageyards.view.New","viewId":"application-manageyards-display-component---NewYard","bindingPath":{"path":"","propertyPath":"/SALES_AREA_VKORG","modelName":"NewYardModel"},"interaction":{"idSuffix":"inner"}},"clearTextFirst":true,"interactionType":"ENTER_TEXT"}]}
COMMAND: POST /session/fb7328d57ef2f0f9565efbc83768d465/execute/async - {"script":"<script> [1562 bytes]","args":[{"selector":{"controlType":"sap.m.Input","viewName":"etm.portal.ui.manageyards.view.New","viewId":"application-manageyards-display-component---NewYard","bindingPath":{"path":"","propertyPath":"/SALES_AREA_VTWEG","modelName":"NewYardModel"},"interaction":{"idSuffix":"inner"}},"wdio_ui5_key":"etmportal.ui.manageyards.view.Newsap.m.Input{\"path\":\"\",\"propertyPath\":\"/SALES_AREA_VTWEG\",\"modelName\":\"NewYardModel\"}"}]}
RESULT: {"script":"<script> [1562 bytes]","args":[{"selector":{"controlType":"sap.m.Input","viewName":"etm.portal.ui.manageyards.view.New","viewId":"application-manageyards-display-component---NewYard","bindingPath":{"path":"","propertyPath":"/SALES_AREA_VTWEG","modelName":"NewYardModel"},"interaction":{"idSuffix":"inner"}},"wdio_ui5_key":"etmportal.ui.manageyards.view.Newsap.m.Input{\"path\":\"\",\"propertyPath\":\"/SALES_AREA_VTWEG\",\"modelName\":\"NewYardModel\"}"}]}
RESULT: undefined
COMMAND: POST /session/fb7328d57ef2f0f9565efbc83768d465/execute/async - {"script":"<script> [776 bytes]","args":[{"enterText":"C2","selector":{"controlType":"sap.m.Input","viewName":"etm.portal.ui.manageyards.view.New","viewId":"application-manageyards-display-component---NewYard","bindingPath":{"path":"","propertyPath":"/SALES_AREA_VTWEG","modelName":"NewYardModel"},"interaction":{"idSuffix":"inner"}},"clearTextFirst":true,"interactionType":"ENTER_TEXT"}]}
RESULT: {"script":"<script> [776 bytes]","args":[{"enterText":"C2","selector":{"controlType":"sap.m.Input","viewName":"etm.portal.ui.manageyards.view.New","viewId":"application-manageyards-display-component---NewYard","bindingPath":{"path":"","propertyPath":"/SALES_AREA_VTWEG","modelName":"NewYardModel"},"interaction":{"idSuffix":"inner"}},"clearTextFirst":true,"interactionType":"ENTER_TEXT"}]}
COMMAND: POST /session/fb7328d57ef2f0f9565efbc83768d465/execute/async - {"script":"<script> [1562 bytes]","args":[{"selector":{"controlType":"sap.m.Input","viewName":"etm.portal.ui.manageyards.view.New","viewId":"application-manageyards-display-component---NewYard","bindingPath":{"path":"","propertyPath":"/SALES_AREA_SPART","modelName":"NewYardModel"},"interaction":{"idSuffix":"inner"}},"wdio_ui5_key":"etmportal.ui.manageyards.view.Newsap.m.Input{\"path\":\"\",\"propertyPath\":\"/SALES_AREA_SPART\",\"modelName\":\"NewYardModel\"}"}]}
RESULT: {"script":"<script> [1562 bytes]","args":[{"selector":{"controlType":"sap.m.Input","viewName":"etm.portal.ui.manageyards.view.New","viewId":"application-manageyards-display-component---NewYard","bindingPath":{"path":"","propertyPath":"/SALES_AREA_SPART","modelName":"NewYardModel"},"interaction":{"idSuffix":"inner"}},"wdio_ui5_key":"etmportal.ui.manageyards.view.Newsap.m.Input{\"path\":\"\",\"propertyPath\":\"/SALES_AREA_SPART\",\"modelName\":\"NewYardModel\"}"}]}
RESULT: undefined
COMMAND: POST /session/fb7328d57ef2f0f9565efbc83768d465/execute/async - {"script":"<script> [776 bytes]","args":[{"enterText":"C2","selector":{"controlType":"sap.m.Input","viewName":"etm.portal.ui.manageyards.view.New","viewId":"application-manageyards-display-component---NewYard","bindingPath":{"path":"","propertyPath":"/SALES_AREA_SPART","modelName":"NewYardModel"},"interaction":{"idSuffix":"inner"}},"clearTextFirst":true,"interactionType":"ENTER_TEXT"}]}
RESULT: {"script":"<script> [776 bytes]","args":[{"enterText":"C2","selector":{"controlType":"sap.m.Input","viewName":"etm.portal.ui.manageyards.view.New","viewId":"application-manageyards-display-component---NewYard","bindingPath":{"path":"","propertyPath":"/SALES_AREA_SPART","modelName":"NewYardModel"},"interaction":{"idSuffix":"inner"}},"clearTextFirst":true,"interactionType":"ENTER_TEXT"}]}
COMMAND: POST /session/fb7328d57ef2f0f9565efbc83768d465/execute/async - {"script":"<script> [1562 bytes]","args":[{"selector":{"controlType":"sap.m.Input","viewName":"etm.portal.ui.manageyards.view.New","viewId":"application-manageyards-display-component---NewYard","bindingPath":{"path":"","propertyPath":"/SHIP_POINT","modelName":"NewYardModel"},"interaction":{"idSuffix":"inner"}},"wdio_ui5_key":"etmportal.ui.manageyards.view.Newsap.m.Input{\"path\":\"\",\"propertyPath\":\"/SHIP_POINT\",\"modelName\":\"NewYardModel\"}"}]}
RESULT: {"script":"<script> [1562 bytes]","args":[{"selector":{"controlType":"sap.m.Input","viewName":"etm.portal.ui.manageyards.view.New","viewId":"application-manageyards-display-component---NewYard","bindingPath":{"path":"","propertyPath":"/SHIP_POINT","modelName":"NewYardModel"},"interaction":{"idSuffix":"inner"}},"wdio_ui5_key":"etmportal.ui.manageyards.view.Newsap.m.Input{\"path\":\"\",\"propertyPath\":\"/SHIP_POINT\",\"modelName\":\"NewYardModel\"}"}]}
RESULT: undefined
COMMAND: POST /session/fb7328d57ef2f0f9565efbc83768d465/execute/async - {"script":"<script> [776 bytes]","args":[{"enterText":"1710","selector":{"controlType":"sap.m.Input","viewName":"etm.portal.ui.manageyards.view.New","viewId":"application-manageyards-display-component---NewYard","bindingPath":{"path":"","propertyPath":"/SHIP_POINT","modelName":"NewYardModel"},"interaction":{"idSuffix":"inner"}},"clearTextFirst":true,"interactionType":"ENTER_TEXT"}]}
RESULT: {"script":"<script> [776 bytes]","args":[{"enterText":"1710","selector":{"controlType":"sap.m.Input","viewName":"etm.portal.ui.manageyards.view.New","viewId":"application-manageyards-display-component---NewYard","bindingPath":{"path":"","propertyPath":"/SHIP_POINT","modelName":"NewYardModel"},"interaction":{"idSuffix":"inner"}},"clearTextFirst":true,"interactionType":"ENTER_TEXT"}]}
COMMAND: POST /session/fb7328d57ef2f0f9565efbc83768d465/execute/async - {"script":"<script> [1562 bytes]","args":[{"selector":{"controlType":"sap.m.Input","viewName":"etm.portal.ui.manageyards.view.New","viewId":"application-manageyards-display-component---NewYard","bindingPath":{"path":"","propertyPath":"/DELIVERY_TYPE","modelName":"NewYardModel"},"interaction":{"idSuffix":"inner"}},"wdio_ui5_key":"etmportal.ui.manageyards.view.Newsap.m.Input{\"path\":\"\",\"propertyPath\":\"/DELIVERY_TYPE\",\"modelName\":\"NewYardModel\"}"}]}
RESULT: {"script":"<script> [1562 bytes]","args":[{"selector":{"controlType":"sap.m.Input","viewName":"etm.portal.ui.manageyards.view.New","viewId":"application-manageyards-display-component---NewYard","bindingPath":{"path":"","propertyPath":"/DELIVERY_TYPE","modelName":"NewYardModel"},"interaction":{"idSuffix":"inner"}},"wdio_ui5_key":"etmportal.ui.manageyards.view.Newsap.m.Input{\"path\":\"\",\"propertyPath\":\"/DELIVERY_TYPE\",\"modelName\":\"NewYardModel\"}"}]}
RESULT: undefined
COMMAND: POST /session/fb7328d57ef2f0f9565efbc83768d465/execute/async - {"script":"<script> [776 bytes]","args":[{"enterText":"ZL01","selector":{"controlType":"sap.m.Input","viewName":"etm.portal.ui.manageyards.view.New","viewId":"application-manageyards-display-component---NewYard","bindingPath":{"path":"","propertyPath":"/DELIVERY_TYPE","modelName":"NewYardModel"},"interaction":{"idSuffix":"inner"}},"clearTextFirst":true,"interactionType":"ENTER_TEXT"}]}
RESULT: {"script":"<script> [776 bytes]","args":[{"enterText":"ZL01","selector":{"controlType":"sap.m.Input","viewName":"etm.portal.ui.manageyards.view.New","viewId":"application-manageyards-display-component---NewYard","bindingPath":{"path":"","propertyPath":"/DELIVERY_TYPE","modelName":"NewYardModel"},"interaction":{"idSuffix":"inner"}},"clearTextFirst":true,"interactionType":"ENTER_TEXT"}]}
COMMAND: POST /session/fb7328d57ef2f0f9565efbc83768d465/execute/async - {"script":"<script> [1562 bytes]","args":[{"selector":{"controlType":"sap.m.Input","viewName":"etm.portal.ui.manageyards.view.New","viewId":"application-manageyards-display-component---NewYard","bindingPath":{"path":"","propertyPath":"/AUART","modelName":"NewYardModel"},"interaction":{"idSuffix":"inner"}},"wdio_ui5_key":"etmportal.ui.manageyards.view.Newsap.m.Input{\"path\":\"\",\"propertyPath\":\"/AUART\",\"modelName\":\"NewYardModel\"}"}]}
RESULT: {"script":"<script> [1562 bytes]","args":[{"selector":{"controlType":"sap.m.Input","viewName":"etm.portal.ui.manageyards.view.New","viewId":"application-manageyards-display-component---NewYard","bindingPath":{"path":"","propertyPath":"/AUART","modelName":"NewYardModel"},"interaction":{"idSuffix":"inner"}},"wdio_ui5_key":"etmportal.ui.manageyards.view.Newsap.m.Input{\"path\":\"\",\"propertyPath\":\"/AUART\",\"modelName\":\"NewYardModel\"}"}]}
RESULT: undefined
COMMAND: POST /session/fb7328d57ef2f0f9565efbc83768d465/execute/async - {"script":"<script> [776 bytes]","args":[{"enterText":"TA","selector":{"controlType":"sap.m.Input","viewName":"etm.portal.ui.manageyards.view.New","viewId":"application-manageyards-display-component---NewYard","bindingPath":{"path":"","propertyPath":"/AUART","modelName":"NewYardModel"},"interaction":{"idSuffix":"inner"}},"clearTextFirst":true,"interactionType":"ENTER_TEXT"}]}
RESULT: {"script":"<script> [776 bytes]","args":[{"enterText":"TA","selector":{"controlType":"sap.m.Input","viewName":"etm.portal.ui.manageyards.view.New","viewId":"application-manageyards-display-component---NewYard","bindingPath":{"path":"","propertyPath":"/AUART","modelName":"NewYardModel"},"interaction":{"idSuffix":"inner"}},"clearTextFirst":true,"interactionType":"ENTER_TEXT"}]}
COMMAND: POST /session/fb7328d57ef2f0f9565efbc83768d465/execute/async - {"script":"<script> [1562 bytes]","args":[{"selector":{"id":"application-manageyards-display-component---NewYard--whmCheckBox","interaction":{"idSuffix":"CbBg"}},"wdio_ui5_key":"applicationmanageyards-display-component---NewYard--whmCheckBox"}]}
RESULT: {"script":"<script> [1562 bytes]","args":[{"selector":{"id":"application-manageyards-display-component---NewYard--whmCheckBox","interaction":{"idSuffix":"CbBg"}},"wdio_ui5_key":"applicationmanageyards-display-component---NewYard--whmCheckBox"}]}
RESULT: undefined
COMMAND: POST /session/fb7328d57ef2f0f9565efbc83768d465/element - {"using":"xpath","value":"//*[@id=\"application-manageyards-display-component---NewYard--whmCheckBox\"]"}
RESULT: {"using":"xpath","value":"//*[@id=\"application-manageyards-display-component---NewYard--whmCheckBox\"]"}
COMMAND: POST /session/fb7328d57ef2f0f9565efbc83768d465/element/f.2DB20A3CB55B7B2492731AE3790B886D.d.B85EE9DF3628DA684BE589051B365A41.e.3158/click - {}
RESULT: {}
COMMAND: GET /session/fb7328d57ef2f0f9565efbc83768d465/screenshot - {}
RESULT: {}
COMMAND: POST /session/fb7328d57ef2f0f9565efbc83768d465/element - {"using":"xpath","value":"//button[@data-kt=\"newYardSaveButton\"]"}
RESULT: {"using":"xpath","value":"//button[@data-kt=\"newYardSaveButton\"]"}
COMMAND: POST /session/fb7328d57ef2f0f9565efbc83768d465/element/f.2DB20A3CB55B7B2492731AE3790B886D.d.B85EE9DF3628DA684BE589051B365A41.e.3064/click - {}
RESULT: {}
COMMAND: GET /session/fb7328d57ef2f0f9565efbc83768d465/screenshot - {}
RESULT: {}
COMMAND: POST /session/fb7328d57ef2f0f9565efbc83768d465/element - {"using":"xpath","value":"//header[contains(@id, 'ObjectPageLayout-headerTitle')]/div[1]/div[2]/div[1]/span[1]"}
RESULT: {"using":"xpath","value":"//header[contains(@id, 'ObjectPageLayout-headerTitle')]/div[1]/div[2]/div[1]/span[1]"}
COMMAND: POST /session/fb7328d57ef2f0f9565efbc83768d465/elements - {"using":"xpath","value":"//header[contains(@id, 'ObjectPageLayout-headerTitle')]/div[1]/div[2]/div[1]/span[1]"}
RESULT: {"using":"xpath","value":"//header[contains(@id, 'ObjectPageLayout-headerTitle')]/div[1]/div[2]/div[1]/span[1]"}
COMMAND: POST /session/fb7328d57ef2f0f9565efbc83768d465/execute/sync - {"script":"<script> [56 bytes]","args":[{"element-6066-11e4-a52e-4f735466cecf":"f.2DB20A3CB55B7B2492731AE3790B886D.d.B85EE9DF3628DA684BE589051B365A41.e.3355","ELEMENT":"f.2DB20A3CB55B7B2492731AE3790B886D.d.B85EE9DF3628DA684BE589051B365A41.e.3355"}]}
RESULT: {"script":"<script> [56 bytes]","args":[{"element-6066-11e4-a52e-4f735466cecf":"f.2DB20A3CB55B7B2492731AE3790B886D.d.B85EE9DF3628DA684BE589051B365A41.e.3355","ELEMENT":"f.2DB20A3CB55B7B2492731AE3790B886D.d.B85EE9DF3628DA684BE589051B365A41.e.3355"}]}
COMMAND: GET /session/fb7328d57ef2f0f9565efbc83768d465/screenshot - {}
RESULT: {}
COMMAND: POST /session/fb7328d57ef2f0f9565efbc83768d465/element - {"using":"css selector","value":"#shell-header-logo"}
RESULT: {"using":"css selector","value":"#shell-header-logo"}
COMMAND: POST /session/fb7328d57ef2f0f9565efbc83768d465/element/f.2DB20A3CB55B7B2492731AE3790B886D.d.B85EE9DF3628DA684BE589051B365A41.e.2619/click - {}
RESULT: {}
COMMAND: GET /session/fb7328d57ef2f0f9565efbc83768d465/screenshot - {}
RESULT: {}
COMMAND: POST /session/fb7328d57ef2f0f9565efbc83768d465/execute/sync - {"script":"<script> [299 bytes]","args":[["getModel","getResource"]]}
RESULT: {"script":"<script> [299 bytes]","args":[["getModel","getResource"]]}
COMMAND: GET /session/fb7328d57ef2f0f9565efbc83768d465/screenshot - {}
]]></system-out>
    </testcase>
    <testcase classname="chrome.136_0_7103_93.windows.Create_masterdata_for_Yard_Overview_-_trigger_provide_US130988" name="Should create a new external partner" time="89.433">
      <system-out><![CDATA[
COMMAND: POST /session/fb7328d57ef2f0f9565efbc83768d465/window/fullscreen - {}
RESULT: {}
RESULT: {}
COMMAND: POST /session/fb7328d57ef2f0f9565efbc83768d465/execute/async - {"script":"<script> [1562 bytes]","args":[{"selector":{"controlType":"sap.m.GenericTile","properties":{"header":"Manage Partners"}},"wdio_ui5_key":"sapm.GenericTile{\"header\":\"Manage Partners\"}"}]}
RESULT: {"script":"<script> [1562 bytes]","args":[{"selector":{"controlType":"sap.m.GenericTile","properties":{"header":"Manage Partners"}},"wdio_ui5_key":"sapm.GenericTile{\"header\":\"Manage Partners\"}"}]}
RESULT: undefined
COMMAND: POST /session/fb7328d57ef2f0f9565efbc83768d465/element - {"using":"xpath","value":"//*[@id=\"__tile38\"]"}
RESULT: {"using":"xpath","value":"//*[@id=\"__tile38\"]"}
COMMAND: POST /session/fb7328d57ef2f0f9565efbc83768d465/element/f.2DB20A3CB55B7B2492731AE3790B886D.d.B85EE9DF3628DA684BE589051B365A41.e.2506/click - {}
RESULT: {}
COMMAND: GET /session/fb7328d57ef2f0f9565efbc83768d465/screenshot - {}
RESULT: {}
COMMAND: POST /session/fb7328d57ef2f0f9565efbc83768d465/elements - {"using":"xpath","value":"//span[text()='Error']"}
RESULT: {"using":"xpath","value":"//span[text()='Error']"}
COMMAND: POST /session/fb7328d57ef2f0f9565efbc83768d465/element - {"using":"xpath","value":"//button[@data-kt=\"addButton\"]"}
RESULT: {"using":"xpath","value":"//button[@data-kt=\"addButton\"]"}
COMMAND: POST /session/fb7328d57ef2f0f9565efbc83768d465/elements - {"using":"xpath","value":"//button[@data-kt=\"addButton\"]"}
RESULT: {"using":"xpath","value":"//button[@data-kt=\"addButton\"]"}
COMMAND: POST /session/fb7328d57ef2f0f9565efbc83768d465/execute/sync - {"script":"<script> [8489 bytes]","args":[{"element-6066-11e4-a52e-4f735466cecf":"f.2DB20A3CB55B7B2492731AE3790B886D.d.B85EE9DF3628DA684BE589051B365A41.e.3404","ELEMENT":"f.2DB20A3CB55B7B2492731AE3790B886D.d.B85EE9DF3628DA684BE589051B365A41.e.3404"}]}
RESULT: {"script":"<script> [8489 bytes]","args":[{"element-6066-11e4-a52e-4f735466cecf":"f.2DB20A3CB55B7B2492731AE3790B886D.d.B85EE9DF3628DA684BE589051B365A41.e.3404","ELEMENT":"f.2DB20A3CB55B7B2492731AE3790B886D.d.B85EE9DF3628DA684BE589051B365A41.e.3404"}]}
COMMAND: GET /session/fb7328d57ef2f0f9565efbc83768d465/element/f.2DB20A3CB55B7B2492731AE3790B886D.d.B85EE9DF3628DA684BE589051B365A41.e.3404/enabled - {}
COMMAND: GET /session/fb7328d57ef2f0f9565efbc83768d465/screenshot - {}
RESULT: {}
COMMAND: POST /session/fb7328d57ef2f0f9565efbc83768d465/execute/sync - {"script":"<script> [8489 bytes]","args":[{"element-6066-11e4-a52e-4f735466cecf":"f.2DB20A3CB55B7B2492731AE3790B886D.d.B85EE9DF3628DA684BE589051B365A41.e.3404","ELEMENT":"f.2DB20A3CB55B7B2492731AE3790B886D.d.B85EE9DF3628DA684BE589051B365A41.e.3404"}]}
COMMAND: GET /session/fb7328d57ef2f0f9565efbc83768d465/screenshot - {}
RESULT: {}
RESULT: {"script":"<script> [8489 bytes]","args":[{"element-6066-11e4-a52e-4f735466cecf":"f.2DB20A3CB55B7B2492731AE3790B886D.d.B85EE9DF3628DA684BE589051B365A41.e.3404","ELEMENT":"f.2DB20A3CB55B7B2492731AE3790B886D.d.B85EE9DF3628DA684BE589051B365A41.e.3404"}]}
COMMAND: POST /session/fb7328d57ef2f0f9565efbc83768d465/execute/sync - {"script":"<script> [5351 bytes]","args":[{"element-6066-11e4-a52e-4f735466cecf":"f.2DB20A3CB55B7B2492731AE3790B886D.d.B85EE9DF3628DA684BE589051B365A41.e.3404","ELEMENT":"f.2DB20A3CB55B7B2492731AE3790B886D.d.B85EE9DF3628DA684BE589051B365A41.e.3404"}]}
COMMAND: GET /session/fb7328d57ef2f0f9565efbc83768d465/screenshot - {}
RESULT: {}
RESULT: {"script":"<script> [5351 bytes]","args":[{"element-6066-11e4-a52e-4f735466cecf":"f.2DB20A3CB55B7B2492731AE3790B886D.d.B85EE9DF3628DA684BE589051B365A41.e.3404","ELEMENT":"f.2DB20A3CB55B7B2492731AE3790B886D.d.B85EE9DF3628DA684BE589051B365A41.e.3404"}]}
COMMAND: POST /session/fb7328d57ef2f0f9565efbc83768d465/element/f.2DB20A3CB55B7B2492731AE3790B886D.d.B85EE9DF3628DA684BE589051B365A41.e.3404/click - {}
COMMAND: GET /session/fb7328d57ef2f0f9565efbc83768d465/screenshot - {}
RESULT: {}
RESULT: {}
COMMAND: GET /session/fb7328d57ef2f0f9565efbc83768d465/screenshot - {}
COMMAND: POST /session/fb7328d57ef2f0f9565efbc83768d465/execute/async - {"script":"<script> [1562 bytes]","args":[{"selector":{"id":"application-managepartners-display-component---NewPartner--addressDetailDetailsName1","interaction":{"idSuffix":"inner"}},"wdio_ui5_key":"applicationmanagepartners-display-component---NewPartner--addressDetailDetailsName1"}]}
RESULT: {}
RESULT: {}
RESULT: {"script":"<script> [1562 bytes]","args":[{"selector":{"id":"application-managepartners-display-component---NewPartner--addressDetailDetailsName1","interaction":{"idSuffix":"inner"}},"wdio_ui5_key":"applicationmanagepartners-display-component---NewPartner--addressDetailDetailsName1"}]}
RESULT: undefined
COMMAND: POST /session/fb7328d57ef2f0f9565efbc83768d465/execute/async - {"script":"<script> [776 bytes]","args":[{"enterText":"External Partner WDIO","selector":{"id":"application-managepartners-display-component---NewPartner--addressDetailDetailsName1","interaction":{"idSuffix":"inner"}},"clearTextFirst":true,"interactionType":"ENTER_TEXT"}]}
RESULT: {"script":"<script> [776 bytes]","args":[{"enterText":"External Partner WDIO","selector":{"id":"application-managepartners-display-component---NewPartner--addressDetailDetailsName1","interaction":{"idSuffix":"inner"}},"clearTextFirst":true,"interactionType":"ENTER_TEXT"}]}
COMMAND: POST /session/fb7328d57ef2f0f9565efbc83768d465/execute/async - {"script":"<script> [1562 bytes]","args":[{"selector":{"id":"application-managepartners-display-component---NewPartner--addressDetailDetailsLanguage-arrow"},"wdio_ui5_key":"applicationmanagepartners-display-component---NewPartner--addressDetailDetailsLanguage-arrow"}]}
RESULT: {"script":"<script> [1562 bytes]","args":[{"selector":{"id":"application-managepartners-display-component---NewPartner--addressDetailDetailsLanguage-arrow"},"wdio_ui5_key":"applicationmanagepartners-display-component---NewPartner--addressDetailDetailsLanguage-arrow"}]}
RESULT: undefined
COMMAND: POST /session/fb7328d57ef2f0f9565efbc83768d465/element - {"using":"xpath","value":"//*[@id=\"application-managepartners-display-component---NewPartner--addressDetailDetailsLanguage-arrow\"]"}
RESULT: {"using":"xpath","value":"//*[@id=\"application-managepartners-display-component---NewPartner--addressDetailDetailsLanguage-arrow\"]"}
COMMAND: POST /session/fb7328d57ef2f0f9565efbc83768d465/element/f.2DB20A3CB55B7B2492731AE3790B886D.d.B85EE9DF3628DA684BE589051B365A41.e.3791/click - {}
RESULT: {}
COMMAND: POST /session/fb7328d57ef2f0f9565efbc83768d465/element - {"using":"xpath","value":"//span[contains(text(), \"English\")]"}
COMMAND: GET /session/fb7328d57ef2f0f9565efbc83768d465/screenshot - {}
RESULT: {"using":"xpath","value":"//span[contains(text(), \"English\")]"}
COMMAND: POST /session/fb7328d57ef2f0f9565efbc83768d465/element/f.2DB20A3CB55B7B2492731AE3790B886D.d.B85EE9DF3628DA684BE589051B365A41.e.3792/click - {}
RESULT: {}
RESULT: {}
COMMAND: GET /session/fb7328d57ef2f0f9565efbc83768d465/screenshot - {}
RESULT: {}
COMMAND: POST /session/fb7328d57ef2f0f9565efbc83768d465/execute/async - {"script":"<script> [1562 bytes]","args":[{"selector":{"id":"application-managepartners-display-component---NewPartner--addressDetailDetailsCity1","interaction":{"idSuffix":"inner"}},"wdio_ui5_key":"applicationmanagepartners-display-component---NewPartner--addressDetailDetailsCity1"}]}
RESULT: {"script":"<script> [1562 bytes]","args":[{"selector":{"id":"application-managepartners-display-component---NewPartner--addressDetailDetailsCity1","interaction":{"idSuffix":"inner"}},"wdio_ui5_key":"applicationmanagepartners-display-component---NewPartner--addressDetailDetailsCity1"}]}
RESULT: undefined
COMMAND: POST /session/fb7328d57ef2f0f9565efbc83768d465/execute/async - {"script":"<script> [776 bytes]","args":[{"enterText":"Rosario","selector":{"id":"application-managepartners-display-component---NewPartner--addressDetailDetailsCity1","interaction":{"idSuffix":"inner"}},"clearTextFirst":true,"interactionType":"ENTER_TEXT"}]}
RESULT: {"script":"<script> [776 bytes]","args":[{"enterText":"Rosario","selector":{"id":"application-managepartners-display-component---NewPartner--addressDetailDetailsCity1","interaction":{"idSuffix":"inner"}},"clearTextFirst":true,"interactionType":"ENTER_TEXT"}]}
COMMAND: POST /session/fb7328d57ef2f0f9565efbc83768d465/execute/async - {"script":"<script> [1562 bytes]","args":[{"selector":{"id":"application-managepartners-display-component---NewPartner--addressDetailDetailsCountry-arrow"},"wdio_ui5_key":"applicationmanagepartners-display-component---NewPartner--addressDetailDetailsCountry-arrow"}]}
RESULT: {"script":"<script> [1562 bytes]","args":[{"selector":{"id":"application-managepartners-display-component---NewPartner--addressDetailDetailsCountry-arrow"},"wdio_ui5_key":"applicationmanagepartners-display-component---NewPartner--addressDetailDetailsCountry-arrow"}]}
RESULT: undefined
COMMAND: POST /session/fb7328d57ef2f0f9565efbc83768d465/element - {"using":"xpath","value":"//*[@id=\"application-managepartners-display-component---NewPartner--addressDetailDetailsCountry-arrow\"]"}
RESULT: {"using":"xpath","value":"//*[@id=\"application-managepartners-display-component---NewPartner--addressDetailDetailsCountry-arrow\"]"}
COMMAND: POST /session/fb7328d57ef2f0f9565efbc83768d465/element/f.2DB20A3CB55B7B2492731AE3790B886D.d.B85EE9DF3628DA684BE589051B365A41.e.3759/click - {}
RESULT: {}
COMMAND: POST /session/fb7328d57ef2f0f9565efbc83768d465/element - {"using":"xpath","value":"//span[contains(text(), \"Argentina\")]"}
COMMAND: GET /session/fb7328d57ef2f0f9565efbc83768d465/screenshot - {}
RESULT: {"using":"xpath","value":"//span[contains(text(), \"Argentina\")]"}
COMMAND: POST /session/fb7328d57ef2f0f9565efbc83768d465/element/f.2DB20A3CB55B7B2492731AE3790B886D.d.B85EE9DF3628DA684BE589051B365A41.e.3794/click - {}
RESULT: {}
RESULT: {}
COMMAND: GET /session/fb7328d57ef2f0f9565efbc83768d465/screenshot - {}
RESULT: {}
COMMAND: POST /session/fb7328d57ef2f0f9565efbc83768d465/element - {"using":"xpath","value":"//bdi[contains(text(), \"Commercial\")]"}
RESULT: {"using":"xpath","value":"//bdi[contains(text(), \"Commercial\")]"}
COMMAND: POST /session/fb7328d57ef2f0f9565efbc83768d465/element/f.2DB20A3CB55B7B2492731AE3790B886D.d.B85EE9DF3628DA684BE589051B365A41.e.3795/click - {}
RESULT: {}
COMMAND: GET /session/fb7328d57ef2f0f9565efbc83768d465/screenshot - {}
RESULT: {}
COMMAND: POST /session/fb7328d57ef2f0f9565efbc83768d465/execute/async - {"script":"<script> [1562 bytes]","args":[{"selector":{"id":"application-managepartners-display-component---NewPartner--partnerDetailInternal-arrow"},"wdio_ui5_key":"applicationmanagepartners-display-component---NewPartner--partnerDetailInternal-arrow"}]}
RESULT: {"script":"<script> [1562 bytes]","args":[{"selector":{"id":"application-managepartners-display-component---NewPartner--partnerDetailInternal-arrow"},"wdio_ui5_key":"applicationmanagepartners-display-component---NewPartner--partnerDetailInternal-arrow"}]}
RESULT: undefined
COMMAND: POST /session/fb7328d57ef2f0f9565efbc83768d465/element - {"using":"xpath","value":"//*[@id=\"application-managepartners-display-component---NewPartner--partnerDetailInternal-arrow\"]"}
RESULT: {"using":"xpath","value":"//*[@id=\"application-managepartners-display-component---NewPartner--partnerDetailInternal-arrow\"]"}
COMMAND: POST /session/fb7328d57ef2f0f9565efbc83768d465/element/f.2DB20A3CB55B7B2492731AE3790B886D.d.B85EE9DF3628DA684BE589051B365A41.e.3801/click - {}
RESULT: {}
COMMAND: POST /session/fb7328d57ef2f0f9565efbc83768d465/element - {"using":"xpath","value":"//span[contains(text(), \"External partner\")]"}
COMMAND: GET /session/fb7328d57ef2f0f9565efbc83768d465/screenshot - {}
RESULT: {"using":"xpath","value":"//span[contains(text(), \"External partner\")]"}
COMMAND: POST /session/fb7328d57ef2f0f9565efbc83768d465/element/f.2DB20A3CB55B7B2492731AE3790B886D.d.B85EE9DF3628DA684BE589051B365A41.e.3803/click - {}
RESULT: {}
RESULT: {}
COMMAND: POST /session/fb7328d57ef2f0f9565efbc83768d465/execute/async - {"script":"<script> [1562 bytes]","args":[{"selector":{"id":"application-managepartners-display-component---NewPartner--partnerDetailsCurrency-arrow"},"wdio_ui5_key":"applicationmanagepartners-display-component---NewPartner--partnerDetailsCurrency-arrow"}]}
COMMAND: GET /session/fb7328d57ef2f0f9565efbc83768d465/screenshot - {}
RESULT: {"script":"<script> [1562 bytes]","args":[{"selector":{"id":"application-managepartners-display-component---NewPartner--partnerDetailsCurrency-arrow"},"wdio_ui5_key":"applicationmanagepartners-display-component---NewPartner--partnerDetailsCurrency-arrow"}]}
RESULT: undefined
COMMAND: POST /session/fb7328d57ef2f0f9565efbc83768d465/element - {"using":"xpath","value":"//*[@id=\"application-managepartners-display-component---NewPartner--partnerDetailsCurrency-arrow\"]"}
RESULT: {}
RESULT: {"using":"xpath","value":"//*[@id=\"application-managepartners-display-component---NewPartner--partnerDetailsCurrency-arrow\"]"}
COMMAND: POST /session/fb7328d57ef2f0f9565efbc83768d465/element/f.2DB20A3CB55B7B2492731AE3790B886D.d.B85EE9DF3628DA684BE589051B365A41.e.3808/click - {}
RESULT: {}
COMMAND: POST /session/fb7328d57ef2f0f9565efbc83768d465/element - {"using":"xpath","value":"//span[contains(text(), \"US Dollar\")]"}
COMMAND: GET /session/fb7328d57ef2f0f9565efbc83768d465/screenshot - {}
RESULT: {"using":"xpath","value":"//span[contains(text(), \"US Dollar\")]"}
COMMAND: POST /session/fb7328d57ef2f0f9565efbc83768d465/element/f.2DB20A3CB55B7B2492731AE3790B886D.d.B85EE9DF3628DA684BE589051B365A41.e.3809/click - {}
RESULT: {}
RESULT: {}
COMMAND: GET /session/fb7328d57ef2f0f9565efbc83768d465/screenshot - {}
RESULT: {}
COMMAND: POST /session/fb7328d57ef2f0f9565efbc83768d465/element - {"using":"xpath","value":"//input[@id=\"application-managepartners-display-component---NewPartner--companyCodeComboBox-inner\"]"}
RESULT: {"using":"xpath","value":"//input[@id=\"application-managepartners-display-component---NewPartner--companyCodeComboBox-inner\"]"}
COMMAND: POST /session/fb7328d57ef2f0f9565efbc83768d465/element/f.2DB20A3CB55B7B2492731AE3790B886D.d.B85EE9DF3628DA684BE589051B365A41.e.3650/clear - {}
RESULT: {}
COMMAND: POST /session/fb7328d57ef2f0f9565efbc83768d465/element/f.2DB20A3CB55B7B2492731AE3790B886D.d.B85EE9DF3628DA684BE589051B365A41.e.3650/value - {"text":"C002"}
COMMAND: GET /session/fb7328d57ef2f0f9565efbc83768d465/screenshot - {}
RESULT: {"text":"C002"}
COMMAND: GET /session/fb7328d57ef2f0f9565efbc83768d465/screenshot - {}
RESULT: {}
RESULT: {}
COMMAND: POST /session/fb7328d57ef2f0f9565efbc83768d465/element - {"using":"xpath","value":"//li[.//span[text()= \"C002\"]]"}
RESULT: {"using":"xpath","value":"//li[.//span[text()= \"C002\"]]"}
COMMAND: POST /session/fb7328d57ef2f0f9565efbc83768d465/element/f.2DB20A3CB55B7B2492731AE3790B886D.d.B85EE9DF3628DA684BE589051B365A41.e.3813/click - {}
RESULT: {}
COMMAND: GET /session/fb7328d57ef2f0f9565efbc83768d465/screenshot - {}
RESULT: {}
COMMAND: POST /session/fb7328d57ef2f0f9565efbc83768d465/execute/async - {"script":"<script> [1562 bytes]","args":[{"selector":{"id":"application-managepartners-display-component---NewPartner--btnAddTableRow-img"},"wdio_ui5_key":"applicationmanagepartners-display-component---NewPartner--btnAddTableRow-img"}]}
RESULT: {"script":"<script> [1562 bytes]","args":[{"selector":{"id":"application-managepartners-display-component---NewPartner--btnAddTableRow-img"},"wdio_ui5_key":"applicationmanagepartners-display-component---NewPartner--btnAddTableRow-img"}]}
RESULT: undefined
COMMAND: POST /session/fb7328d57ef2f0f9565efbc83768d465/element - {"using":"xpath","value":"//*[@id=\"application-managepartners-display-component---NewPartner--btnAddTableRow-img\"]"}
RESULT: {"using":"xpath","value":"//*[@id=\"application-managepartners-display-component---NewPartner--btnAddTableRow-img\"]"}
COMMAND: POST /session/fb7328d57ef2f0f9565efbc83768d465/element/f.2DB20A3CB55B7B2492731AE3790B886D.d.B85EE9DF3628DA684BE589051B365A41.e.3814/click - {}
RESULT: {}
COMMAND: GET /session/fb7328d57ef2f0f9565efbc83768d465/screenshot - {}
RESULT: {}
COMMAND: POST /session/fb7328d57ef2f0f9565efbc83768d465/element - {"using":"xpath","value":"//input[@id=\"application-managepartners-display-component---NewPartner--assignmentYard-application-managepartners-display-component---NewPartner--assignmentsTable-0-inner\"]"}
RESULT: {"using":"xpath","value":"//input[@id=\"application-managepartners-display-component---NewPartner--assignmentYard-application-managepartners-display-component---NewPartner--assignmentsTable-0-inner\"]"}
COMMAND: POST /session/fb7328d57ef2f0f9565efbc83768d465/element/f.2DB20A3CB55B7B2492731AE3790B886D.d.B85EE9DF3628DA684BE589051B365A41.e.3817/clear - {}
RESULT: {}
COMMAND: POST /session/fb7328d57ef2f0f9565efbc83768d465/element/f.2DB20A3CB55B7B2492731AE3790B886D.d.B85EE9DF3628DA684BE589051B365A41.e.3817/value - {"text":"227"}
COMMAND: GET /session/fb7328d57ef2f0f9565efbc83768d465/screenshot - {}
RESULT: {"text":"227"}
COMMAND: GET /session/fb7328d57ef2f0f9565efbc83768d465/screenshot - {}
RESULT: {}
RESULT: {}
COMMAND: POST /session/fb7328d57ef2f0f9565efbc83768d465/element - {"using":"xpath","value":"//li[.//span[text()='227']]"}
RESULT: {"using":"xpath","value":"//li[.//span[text()='227']]"}
COMMAND: POST /session/fb7328d57ef2f0f9565efbc83768d465/element/f.2DB20A3CB55B7B2492731AE3790B886D.d.B85EE9DF3628DA684BE589051B365A41.e.3825/click - {}
RESULT: {}
COMMAND: GET /session/fb7328d57ef2f0f9565efbc83768d465/screenshot - {}
RESULT: {}
COMMAND: POST /session/fb7328d57ef2f0f9565efbc83768d465/actions - {"actions":[{"id":"action10","type":"key","parameters":{},"actions":[{"type":"keyDown","value":""},{"type":"pause","duration":10},{"type":"keyUp","value":""}]}]}
RESULT: {"actions":[{"id":"action10","type":"key","parameters":{},"actions":[{"type":"keyDown","value":""},{"type":"pause","duration":10},{"type":"keyUp","value":""}]}]}
COMMAND: POST /session/fb7328d57ef2f0f9565efbc83768d465/element - {"using":"xpath","value":"//td[contains(@id, \"assignmentsTable-0-cell2\")]/div/div"}
COMMAND: GET /session/fb7328d57ef2f0f9565efbc83768d465/screenshot - {}
RESULT: {"using":"xpath","value":"//td[contains(@id, \"assignmentsTable-0-cell2\")]/div/div"}
COMMAND: POST /session/fb7328d57ef2f0f9565efbc83768d465/element/f.2DB20A3CB55B7B2492731AE3790B886D.d.B85EE9DF3628DA684BE589051B365A41.e.3828/click - {}
RESULT: {}
RESULT: {}
COMMAND: GET /session/fb7328d57ef2f0f9565efbc83768d465/screenshot - {}
RESULT: {}
COMMAND: POST /session/fb7328d57ef2f0f9565efbc83768d465/element - {"using":"xpath","value":"//button[@data-kt=\"saveButton\"]"}
RESULT: {"using":"xpath","value":"//button[@data-kt=\"saveButton\"]"}
COMMAND: POST /session/fb7328d57ef2f0f9565efbc83768d465/element/f.2DB20A3CB55B7B2492731AE3790B886D.d.B85EE9DF3628DA684BE589051B365A41.e.3717/click - {}
RESULT: {}
COMMAND: GET /session/fb7328d57ef2f0f9565efbc83768d465/screenshot - {}
RESULT: {}
COMMAND: POST /session/fb7328d57ef2f0f9565efbc83768d465/element - {"using":"xpath","value":"//header[contains(@id, 'ObjectPageLayout-headerTitle')]/div[1]/div[2]/div[2]/span[1]"}
RESULT: {"using":"xpath","value":"//header[contains(@id, 'ObjectPageLayout-headerTitle')]/div[1]/div[2]/div[2]/span[1]"}
COMMAND: POST /session/fb7328d57ef2f0f9565efbc83768d465/elements - {"using":"xpath","value":"//header[contains(@id, 'ObjectPageLayout-headerTitle')]/div[1]/div[2]/div[2]/span[1]"}
RESULT: {"using":"xpath","value":"//header[contains(@id, 'ObjectPageLayout-headerTitle')]/div[1]/div[2]/div[2]/span[1]"}
COMMAND: POST /session/fb7328d57ef2f0f9565efbc83768d465/execute/sync - {"script":"<script> [56 bytes]","args":[{"element-6066-11e4-a52e-4f735466cecf":"f.2DB20A3CB55B7B2492731AE3790B886D.d.B85EE9DF3628DA684BE589051B365A41.e.3964","ELEMENT":"f.2DB20A3CB55B7B2492731AE3790B886D.d.B85EE9DF3628DA684BE589051B365A41.e.3964"}]}
RESULT: {"script":"<script> [56 bytes]","args":[{"element-6066-11e4-a52e-4f735466cecf":"f.2DB20A3CB55B7B2492731AE3790B886D.d.B85EE9DF3628DA684BE589051B365A41.e.3964","ELEMENT":"f.2DB20A3CB55B7B2492731AE3790B886D.d.B85EE9DF3628DA684BE589051B365A41.e.3964"}]}
COMMAND: POST /session/fb7328d57ef2f0f9565efbc83768d465/element - {"using":"css selector","value":"#shell-header-logo"}
COMMAND: GET /session/fb7328d57ef2f0f9565efbc83768d465/screenshot - {}
RESULT: {"using":"css selector","value":"#shell-header-logo"}
COMMAND: POST /session/fb7328d57ef2f0f9565efbc83768d465/element/f.2DB20A3CB55B7B2492731AE3790B886D.d.B85EE9DF3628DA684BE589051B365A41.e.3360/click - {}
RESULT: {}
RESULT: {}
COMMAND: GET /session/fb7328d57ef2f0f9565efbc83768d465/screenshot - {}
RESULT: {}
COMMAND: POST /session/fb7328d57ef2f0f9565efbc83768d465/execute/sync - {"script":"<script> [299 bytes]","args":[["getModel","getResource"]]}
RESULT: {"script":"<script> [299 bytes]","args":[["getModel","getResource"]]}
COMMAND: GET /session/fb7328d57ef2f0f9565efbc83768d465/screenshot - {}
]]></system-out>
    </testcase>
    <testcase classname="chrome.136_0_7103_93.windows.Create_masterdata_for_Yard_Overview_-_trigger_provide_US130988" name="Should create a new WHM site" time="87.218">
      <system-out><![CDATA[
COMMAND: POST /session/fb7328d57ef2f0f9565efbc83768d465/execute/async - {"script":"<script> [1562 bytes]","args":[{"selector":{"controlType":"sap.m.GenericTile","properties":{"header":"Manage Sites"}},"wdio_ui5_key":"sapm.GenericTile{\"header\":\"Manage Sites\"}"}]}
RESULT: {}
RESULT: {"script":"<script> [1562 bytes]","args":[{"selector":{"controlType":"sap.m.GenericTile","properties":{"header":"Manage Sites"}},"wdio_ui5_key":"sapm.GenericTile{\"header\":\"Manage Sites\"}"}]}
RESULT: undefined
COMMAND: POST /session/fb7328d57ef2f0f9565efbc83768d465/element - {"using":"xpath","value":"//*[@id=\"__tile40\"]"}
RESULT: {"using":"xpath","value":"//*[@id=\"__tile40\"]"}
COMMAND: POST /session/fb7328d57ef2f0f9565efbc83768d465/element/f.2DB20A3CB55B7B2492731AE3790B886D.d.B85EE9DF3628DA684BE589051B365A41.e.2512/click - {}
RESULT: {}
COMMAND: GET /session/fb7328d57ef2f0f9565efbc83768d465/screenshot - {}
RESULT: {}
COMMAND: POST /session/fb7328d57ef2f0f9565efbc83768d465/elements - {"using":"xpath","value":"//span[text()='Error']"}
RESULT: {"using":"xpath","value":"//span[text()='Error']"}
COMMAND: POST /session/fb7328d57ef2f0f9565efbc83768d465/element - {"using":"xpath","value":"//button[@data-kt=\"addOverflowToolbarButton\"]"}
RESULT: {"using":"xpath","value":"//button[@data-kt=\"addOverflowToolbarButton\"]"}
COMMAND: POST /session/fb7328d57ef2f0f9565efbc83768d465/elements - {"using":"xpath","value":"//button[@data-kt=\"addOverflowToolbarButton\"]"}
RESULT: {"using":"xpath","value":"//button[@data-kt=\"addOverflowToolbarButton\"]"}
COMMAND: POST /session/fb7328d57ef2f0f9565efbc83768d465/execute/sync - {"script":"<script> [8489 bytes]","args":[{"element-6066-11e4-a52e-4f735466cecf":"f.2DB20A3CB55B7B2492731AE3790B886D.d.B85EE9DF3628DA684BE589051B365A41.e.4011","ELEMENT":"f.2DB20A3CB55B7B2492731AE3790B886D.d.B85EE9DF3628DA684BE589051B365A41.e.4011"}]}
RESULT: {"script":"<script> [8489 bytes]","args":[{"element-6066-11e4-a52e-4f735466cecf":"f.2DB20A3CB55B7B2492731AE3790B886D.d.B85EE9DF3628DA684BE589051B365A41.e.4011","ELEMENT":"f.2DB20A3CB55B7B2492731AE3790B886D.d.B85EE9DF3628DA684BE589051B365A41.e.4011"}]}
COMMAND: GET /session/fb7328d57ef2f0f9565efbc83768d465/element/f.2DB20A3CB55B7B2492731AE3790B886D.d.B85EE9DF3628DA684BE589051B365A41.e.4011/enabled - {}
COMMAND: GET /session/fb7328d57ef2f0f9565efbc83768d465/screenshot - {}
RESULT: {}
COMMAND: POST /session/fb7328d57ef2f0f9565efbc83768d465/execute/sync - {"script":"<script> [8489 bytes]","args":[{"element-6066-11e4-a52e-4f735466cecf":"f.2DB20A3CB55B7B2492731AE3790B886D.d.B85EE9DF3628DA684BE589051B365A41.e.4011","ELEMENT":"f.2DB20A3CB55B7B2492731AE3790B886D.d.B85EE9DF3628DA684BE589051B365A41.e.4011"}]}
COMMAND: GET /session/fb7328d57ef2f0f9565efbc83768d465/screenshot - {}
RESULT: {}
RESULT: {"script":"<script> [8489 bytes]","args":[{"element-6066-11e4-a52e-4f735466cecf":"f.2DB20A3CB55B7B2492731AE3790B886D.d.B85EE9DF3628DA684BE589051B365A41.e.4011","ELEMENT":"f.2DB20A3CB55B7B2492731AE3790B886D.d.B85EE9DF3628DA684BE589051B365A41.e.4011"}]}
COMMAND: POST /session/fb7328d57ef2f0f9565efbc83768d465/execute/sync - {"script":"<script> [5351 bytes]","args":[{"element-6066-11e4-a52e-4f735466cecf":"f.2DB20A3CB55B7B2492731AE3790B886D.d.B85EE9DF3628DA684BE589051B365A41.e.4011","ELEMENT":"f.2DB20A3CB55B7B2492731AE3790B886D.d.B85EE9DF3628DA684BE589051B365A41.e.4011"}]}
COMMAND: GET /session/fb7328d57ef2f0f9565efbc83768d465/screenshot - {}
RESULT: {}
RESULT: {"script":"<script> [5351 bytes]","args":[{"element-6066-11e4-a52e-4f735466cecf":"f.2DB20A3CB55B7B2492731AE3790B886D.d.B85EE9DF3628DA684BE589051B365A41.e.4011","ELEMENT":"f.2DB20A3CB55B7B2492731AE3790B886D.d.B85EE9DF3628DA684BE589051B365A41.e.4011"}]}
COMMAND: POST /session/fb7328d57ef2f0f9565efbc83768d465/element/f.2DB20A3CB55B7B2492731AE3790B886D.d.B85EE9DF3628DA684BE589051B365A41.e.4011/click - {}
COMMAND: GET /session/fb7328d57ef2f0f9565efbc83768d465/screenshot - {}
RESULT: {}
RESULT: {}
COMMAND: GET /session/fb7328d57ef2f0f9565efbc83768d465/screenshot - {}
RESULT: {}
RESULT: {}
COMMAND: POST /session/fb7328d57ef2f0f9565efbc83768d465/element - {"using":"xpath","value":"//input[@id=\"application-managesites-display-component---NewSite--siteId-inner\"]"}
RESULT: {"using":"xpath","value":"//input[@id=\"application-managesites-display-component---NewSite--siteId-inner\"]"}
COMMAND: POST /session/fb7328d57ef2f0f9565efbc83768d465/element - {"using":"xpath","value":"//input[@id=\"application-managesites-display-component---NewSite--siteId-inner\"]"}
RESULT: {"using":"xpath","value":"//input[@id=\"application-managesites-display-component---NewSite--siteId-inner\"]"}
COMMAND: POST /session/fb7328d57ef2f0f9565efbc83768d465/execute/async - {"script":"<script> [1562 bytes]","args":[{"selector":{"id":"application-managesites-display-component---NewSite--addressDetailDetailsName1","interaction":{"idSuffix":"inner"}},"wdio_ui5_key":"applicationmanagesites-display-component---NewSite--addressDetailDetailsName1"}]}
RESULT: {"script":"<script> [1562 bytes]","args":[{"selector":{"id":"application-managesites-display-component---NewSite--addressDetailDetailsName1","interaction":{"idSuffix":"inner"}},"wdio_ui5_key":"applicationmanagesites-display-component---NewSite--addressDetailDetailsName1"}]}
RESULT: undefined
COMMAND: POST /session/fb7328d57ef2f0f9565efbc83768d465/execute/async - {"script":"<script> [776 bytes]","args":[{"enterText":"Other Type Site WDIO","selector":{"id":"application-managesites-display-component---NewSite--addressDetailDetailsName1","interaction":{"idSuffix":"inner"}},"clearTextFirst":true,"interactionType":"ENTER_TEXT"}]}
RESULT: {"script":"<script> [776 bytes]","args":[{"enterText":"Other Type Site WDIO","selector":{"id":"application-managesites-display-component---NewSite--addressDetailDetailsName1","interaction":{"idSuffix":"inner"}},"clearTextFirst":true,"interactionType":"ENTER_TEXT"}]}
COMMAND: POST /session/fb7328d57ef2f0f9565efbc83768d465/execute/async - {"script":"<script> [1562 bytes]","args":[{"selector":{"id":"application-managesites-display-component---NewSite--addressDetailDetailsLanguage-arrow"},"wdio_ui5_key":"applicationmanagesites-display-component---NewSite--addressDetailDetailsLanguage-arrow"}]}
RESULT: {"script":"<script> [1562 bytes]","args":[{"selector":{"id":"application-managesites-display-component---NewSite--addressDetailDetailsLanguage-arrow"},"wdio_ui5_key":"applicationmanagesites-display-component---NewSite--addressDetailDetailsLanguage-arrow"}]}
RESULT: undefined
COMMAND: POST /session/fb7328d57ef2f0f9565efbc83768d465/element - {"using":"xpath","value":"//*[@id=\"application-managesites-display-component---NewSite--addressDetailDetailsLanguage-arrow\"]"}
RESULT: {"using":"xpath","value":"//*[@id=\"application-managesites-display-component---NewSite--addressDetailDetailsLanguage-arrow\"]"}
COMMAND: POST /session/fb7328d57ef2f0f9565efbc83768d465/element/f.2DB20A3CB55B7B2492731AE3790B886D.d.B85EE9DF3628DA684BE589051B365A41.e.4378/click - {}
RESULT: {}
COMMAND: POST /session/fb7328d57ef2f0f9565efbc83768d465/element - {"using":"xpath","value":"//span[contains(text(), \"English\")]"}
COMMAND: GET /session/fb7328d57ef2f0f9565efbc83768d465/screenshot - {}
RESULT: {"using":"xpath","value":"//span[contains(text(), \"English\")]"}
COMMAND: POST /session/fb7328d57ef2f0f9565efbc83768d465/element/f.2DB20A3CB55B7B2492731AE3790B886D.d.B85EE9DF3628DA684BE589051B365A41.e.4379/click - {}
RESULT: {}
RESULT: {}
COMMAND: POST /session/fb7328d57ef2f0f9565efbc83768d465/execute/async - {"script":"<script> [1562 bytes]","args":[{"selector":{"id":"application-managesites-display-component---NewSite--addressDetailDetailsCity1","interaction":{"idSuffix":"inner"}},"wdio_ui5_key":"applicationmanagesites-display-component---NewSite--addressDetailDetailsCity1"}]}
COMMAND: GET /session/fb7328d57ef2f0f9565efbc83768d465/screenshot - {}
RESULT: {"script":"<script> [1562 bytes]","args":[{"selector":{"id":"application-managesites-display-component---NewSite--addressDetailDetailsCity1","interaction":{"idSuffix":"inner"}},"wdio_ui5_key":"applicationmanagesites-display-component---NewSite--addressDetailDetailsCity1"}]}
RESULT: undefined
COMMAND: POST /session/fb7328d57ef2f0f9565efbc83768d465/execute/async - {"script":"<script> [776 bytes]","args":[{"enterText":"Rosario","selector":{"id":"application-managesites-display-component---NewSite--addressDetailDetailsCity1","interaction":{"idSuffix":"inner"}},"clearTextFirst":true,"interactionType":"ENTER_TEXT"}]}
RESULT: {}
RESULT: {"script":"<script> [776 bytes]","args":[{"enterText":"Rosario","selector":{"id":"application-managesites-display-component---NewSite--addressDetailDetailsCity1","interaction":{"idSuffix":"inner"}},"clearTextFirst":true,"interactionType":"ENTER_TEXT"}]}
COMMAND: POST /session/fb7328d57ef2f0f9565efbc83768d465/execute/async - {"script":"<script> [1562 bytes]","args":[{"selector":{"id":"application-managesites-display-component---NewSite--addressDetailDetailsCountry-arrow"},"wdio_ui5_key":"applicationmanagesites-display-component---NewSite--addressDetailDetailsCountry-arrow"}]}
RESULT: {"script":"<script> [1562 bytes]","args":[{"selector":{"id":"application-managesites-display-component---NewSite--addressDetailDetailsCountry-arrow"},"wdio_ui5_key":"applicationmanagesites-display-component---NewSite--addressDetailDetailsCountry-arrow"}]}
RESULT: undefined
COMMAND: POST /session/fb7328d57ef2f0f9565efbc83768d465/element - {"using":"xpath","value":"//*[@id=\"application-managesites-display-component---NewSite--addressDetailDetailsCountry-arrow\"]"}
RESULT: {"using":"xpath","value":"//*[@id=\"application-managesites-display-component---NewSite--addressDetailDetailsCountry-arrow\"]"}
COMMAND: POST /session/fb7328d57ef2f0f9565efbc83768d465/element/f.2DB20A3CB55B7B2492731AE3790B886D.d.B85EE9DF3628DA684BE589051B365A41.e.4381/click - {}
RESULT: {}
COMMAND: POST /session/fb7328d57ef2f0f9565efbc83768d465/element - {"using":"xpath","value":"//span[contains(text(), \"Argentina\")]"}
COMMAND: GET /session/fb7328d57ef2f0f9565efbc83768d465/screenshot - {}
RESULT: {"using":"xpath","value":"//span[contains(text(), \"Argentina\")]"}
COMMAND: POST /session/fb7328d57ef2f0f9565efbc83768d465/element/f.2DB20A3CB55B7B2492731AE3790B886D.d.B85EE9DF3628DA684BE589051B365A41.e.4382/click - {}
RESULT: {}
RESULT: {}
COMMAND: GET /session/fb7328d57ef2f0f9565efbc83768d465/screenshot - {}
RESULT: {}
COMMAND: POST /session/fb7328d57ef2f0f9565efbc83768d465/execute/async - {"script":"<script> [1562 bytes]","args":[{"selector":{"id":"application-managesites-display-component---NewSite--addressEditDetailsCostObjectCstType-arrow"},"wdio_ui5_key":"applicationmanagesites-display-component---NewSite--addressEditDetailsCostObjectCstType-arrow"}]}
RESULT: {"script":"<script> [1562 bytes]","args":[{"selector":{"id":"application-managesites-display-component---NewSite--addressEditDetailsCostObjectCstType-arrow"},"wdio_ui5_key":"applicationmanagesites-display-component---NewSite--addressEditDetailsCostObjectCstType-arrow"}]}
RESULT: undefined
COMMAND: POST /session/fb7328d57ef2f0f9565efbc83768d465/element - {"using":"xpath","value":"//*[@id=\"application-managesites-display-component---NewSite--addressEditDetailsCostObjectCstType-arrow\"]"}
RESULT: {"using":"xpath","value":"//*[@id=\"application-managesites-display-component---NewSite--addressEditDetailsCostObjectCstType-arrow\"]"}
COMMAND: POST /session/fb7328d57ef2f0f9565efbc83768d465/element/f.2DB20A3CB55B7B2492731AE3790B886D.d.B85EE9DF3628DA684BE589051B365A41.e.4384/click - {}
RESULT: {}
COMMAND: POST /session/fb7328d57ef2f0f9565efbc83768d465/element - {"using":"xpath","value":"//span[contains(text(), \"Cost Center\")]"}
COMMAND: GET /session/fb7328d57ef2f0f9565efbc83768d465/screenshot - {}
RESULT: {"using":"xpath","value":"//span[contains(text(), \"Cost Center\")]"}
COMMAND: POST /session/fb7328d57ef2f0f9565efbc83768d465/element/f.2DB20A3CB55B7B2492731AE3790B886D.d.B85EE9DF3628DA684BE589051B365A41.e.4386/click - {}
RESULT: {}
RESULT: {}
COMMAND: GET /session/fb7328d57ef2f0f9565efbc83768d465/screenshot - {}
RESULT: {}
COMMAND: POST /session/fb7328d57ef2f0f9565efbc83768d465/element - {"using":"xpath","value":"//span[@id=\"application-managesites-display-component---NewSite--addressNewCostObjectCstID-vhi\"]"}
RESULT: {"using":"xpath","value":"//span[@id=\"application-managesites-display-component---NewSite--addressNewCostObjectCstID-vhi\"]"}
COMMAND: POST /session/fb7328d57ef2f0f9565efbc83768d465/execute/sync - {"script":"<script> [8489 bytes]","args":[{"element-6066-11e4-a52e-4f735466cecf":"f.2DB20A3CB55B7B2492731AE3790B886D.d.B85EE9DF3628DA684BE589051B365A41.e.4390","ELEMENT":"f.2DB20A3CB55B7B2492731AE3790B886D.d.B85EE9DF3628DA684BE589051B365A41.e.4390"}]}
RESULT: {"script":"<script> [8489 bytes]","args":[{"element-6066-11e4-a52e-4f735466cecf":"f.2DB20A3CB55B7B2492731AE3790B886D.d.B85EE9DF3628DA684BE589051B365A41.e.4390","ELEMENT":"f.2DB20A3CB55B7B2492731AE3790B886D.d.B85EE9DF3628DA684BE589051B365A41.e.4390"}]}
COMMAND: POST /session/fb7328d57ef2f0f9565efbc83768d465/execute/async - {"script":"<script> [1562 bytes]","args":[{"selector":{"id":"application-managesites-display-component---NewSite--addressNewCostObjectCstID-vhi"},"wdio_ui5_key":"applicationmanagesites-display-component---NewSite--addressNewCostObjectCstID-vhi"}]}
COMMAND: GET /session/fb7328d57ef2f0f9565efbc83768d465/screenshot - {}
RESULT: {"script":"<script> [1562 bytes]","args":[{"selector":{"id":"application-managesites-display-component---NewSite--addressNewCostObjectCstID-vhi"},"wdio_ui5_key":"applicationmanagesites-display-component---NewSite--addressNewCostObjectCstID-vhi"}]}
RESULT: undefined
COMMAND: POST /session/fb7328d57ef2f0f9565efbc83768d465/element - {"using":"xpath","value":"//*[@id=\"application-managesites-display-component---NewSite--addressNewCostObjectCstID-vhi\"]"}
RESULT: {}
RESULT: {"using":"xpath","value":"//*[@id=\"application-managesites-display-component---NewSite--addressNewCostObjectCstID-vhi\"]"}
COMMAND: POST /session/fb7328d57ef2f0f9565efbc83768d465/element/f.2DB20A3CB55B7B2492731AE3790B886D.d.B85EE9DF3628DA684BE589051B365A41.e.4390/click - {}
RESULT: {}
COMMAND: GET /session/fb7328d57ef2f0f9565efbc83768d465/screenshot - {}
RESULT: {}
RESULT: undefined
COMMAND: POST /session/fb7328d57ef2f0f9565efbc83768d465/execute/async - {"script":"<script> [776 bytes]","args":[{"enterText":"10001013","selector":{"controlType":"sap.m.SearchField","properties":{"placeholder":"Search"},"searchOpenDialogs":true,"interaction":{"idSuffix":"I"}},"clearTextFirst":true,"interactionType":"ENTER_TEXT"}]}
RESULT: {"script":"<script> [776 bytes]","args":[{"enterText":"10001013","selector":{"controlType":"sap.m.SearchField","properties":{"placeholder":"Search"},"searchOpenDialogs":true,"interaction":{"idSuffix":"I"}},"clearTextFirst":true,"interactionType":"ENTER_TEXT"}]}
COMMAND: POST /session/fb7328d57ef2f0f9565efbc83768d465/actions - {"actions":[{"id":"action11","type":"key","parameters":{},"actions":[{"type":"keyDown","value":""},{"type":"pause","duration":10},{"type":"keyUp","value":""}]}]}
RESULT: {"actions":[{"id":"action11","type":"key","parameters":{},"actions":[{"type":"keyDown","value":""},{"type":"pause","duration":10},{"type":"keyUp","value":""}]}]}
COMMAND: GET /session/fb7328d57ef2f0f9565efbc83768d465/screenshot - {}
RESULT: {}
COMMAND: POST /session/fb7328d57ef2f0f9565efbc83768d465/element - {"using":"xpath","value":"//span[contains(text(), \"General Management\")]"}
RESULT: {"using":"xpath","value":"//span[contains(text(), \"General Management\")]"}
COMMAND: POST /session/fb7328d57ef2f0f9565efbc83768d465/element/f.2DB20A3CB55B7B2492731AE3790B886D.d.B85EE9DF3628DA684BE589051B365A41.e.4428/click - {}
RESULT: {}
COMMAND: GET /session/fb7328d57ef2f0f9565efbc83768d465/screenshot - {}
RESULT: {}
COMMAND: POST /session/fb7328d57ef2f0f9565efbc83768d465/element - {"using":"xpath","value":"//bdi[contains(text(), \"OK\")]"}
RESULT: {"using":"xpath","value":"//bdi[contains(text(), \"OK\")]"}
COMMAND: POST /session/fb7328d57ef2f0f9565efbc83768d465/element/f.2DB20A3CB55B7B2492731AE3790B886D.d.B85EE9DF3628DA684BE589051B365A41.e.4429/click - {}
RESULT: {}
COMMAND: GET /session/fb7328d57ef2f0f9565efbc83768d465/screenshot - {}
RESULT: {}
COMMAND: POST /session/fb7328d57ef2f0f9565efbc83768d465/element - {"using":"xpath","value":"//input[@id=\"application-managesites-display-component---NewSite--addressDetailDetailsCalendar-inner\"]"}
RESULT: {"using":"xpath","value":"//input[@id=\"application-managesites-display-component---NewSite--addressDetailDetailsCalendar-inner\"]"}
COMMAND: POST /session/fb7328d57ef2f0f9565efbc83768d465/element/f.2DB20A3CB55B7B2492731AE3790B886D.d.B85EE9DF3628DA684BE589051B365A41.e.4190/clear - {}
RESULT: {}
COMMAND: POST /session/fb7328d57ef2f0f9565efbc83768d465/element/f.2DB20A3CB55B7B2492731AE3790B886D.d.B85EE9DF3628DA684BE589051B365A41.e.4190/value - {"text":"Unit"}
COMMAND: GET /session/fb7328d57ef2f0f9565efbc83768d465/screenshot - {}
RESULT: {"text":"Unit"}
COMMAND: GET /session/fb7328d57ef2f0f9565efbc83768d465/screenshot - {}
RESULT: {}
RESULT: {}
COMMAND: POST /session/fb7328d57ef2f0f9565efbc83768d465/actions - {"actions":[{"id":"action12","type":"key","parameters":{},"actions":[{"type":"keyDown","value":""},{"type":"pause","duration":10},{"type":"keyUp","value":""}]}]}
RESULT: {"actions":[{"id":"action12","type":"key","parameters":{},"actions":[{"type":"keyDown","value":""},{"type":"pause","duration":10},{"type":"keyUp","value":""}]}]}
COMMAND: POST /session/fb7328d57ef2f0f9565efbc83768d465/element - {"using":"xpath","value":"//input[@id=\"application-managesites-display-component---NewSite--addressDetailDetailsYard-inner\"]"}
COMMAND: GET /session/fb7328d57ef2f0f9565efbc83768d465/screenshot - {}
RESULT: {"using":"xpath","value":"//input[@id=\"application-managesites-display-component---NewSite--addressDetailDetailsYard-inner\"]"}
COMMAND: POST /session/fb7328d57ef2f0f9565efbc83768d465/element/f.2DB20A3CB55B7B2492731AE3790B886D.d.B85EE9DF3628DA684BE589051B365A41.e.4191/clear - {}
RESULT: {}
RESULT: {}
COMMAND: POST /session/fb7328d57ef2f0f9565efbc83768d465/element/f.2DB20A3CB55B7B2492731AE3790B886D.d.B85EE9DF3628DA684BE589051B365A41.e.4191/value - {"text":"227"}
COMMAND: GET /session/fb7328d57ef2f0f9565efbc83768d465/screenshot - {}
RESULT: {}
RESULT: {"text":"227"}
COMMAND: GET /session/fb7328d57ef2f0f9565efbc83768d465/screenshot - {}
RESULT: {}
COMMAND: POST /session/fb7328d57ef2f0f9565efbc83768d465/element - {"using":"xpath","value":"//li[.//span[text()='227']]"}
RESULT: {"using":"xpath","value":"//li[.//span[text()='227']]"}
COMMAND: POST /session/fb7328d57ef2f0f9565efbc83768d465/element/f.2DB20A3CB55B7B2492731AE3790B886D.d.B85EE9DF3628DA684BE589051B365A41.e.4437/click - {}
RESULT: {}
COMMAND: GET /session/fb7328d57ef2f0f9565efbc83768d465/screenshot - {}
RESULT: {}
COMMAND: POST /session/fb7328d57ef2f0f9565efbc83768d465/element - {"using":"xpath","value":"//input[@id=\"application-managesites-display-component---NewSite--addressDetailDetailsPartner-inner\"]"}
RESULT: {"using":"xpath","value":"//input[@id=\"application-managesites-display-component---NewSite--addressDetailDetailsPartner-inner\"]"}
COMMAND: POST /session/fb7328d57ef2f0f9565efbc83768d465/element - {"using":"xpath","value":"//input[@id=\"application-managesites-display-component---NewSite--addressDetailDetailsPartner-inner\"]"}
RESULT: {"using":"xpath","value":"//input[@id=\"application-managesites-display-component---NewSite--addressDetailDetailsPartner-inner\"]"}
COMMAND: POST /session/fb7328d57ef2f0f9565efbc83768d465/element - {"using":"xpath","value":"//button[@data-kt=\"saveButton\"]"}
RESULT: {"using":"xpath","value":"//button[@data-kt=\"saveButton\"]"}
COMMAND: POST /session/fb7328d57ef2f0f9565efbc83768d465/element/f.2DB20A3CB55B7B2492731AE3790B886D.d.B85EE9DF3628DA684BE589051B365A41.e.4363/click - {}
RESULT: {}
COMMAND: GET /session/fb7328d57ef2f0f9565efbc83768d465/screenshot - {}
RESULT: {}
COMMAND: POST /session/fb7328d57ef2f0f9565efbc83768d465/element - {"using":"xpath","value":"//header[contains(@id, 'ObjectPageLayout-headerTitle')]/div[1]/div[2]/div[2]/span[1]"}
RESULT: {"using":"xpath","value":"//header[contains(@id, 'ObjectPageLayout-headerTitle')]/div[1]/div[2]/div[2]/span[1]"}
COMMAND: POST /session/fb7328d57ef2f0f9565efbc83768d465/elements - {"using":"xpath","value":"//header[contains(@id, 'ObjectPageLayout-headerTitle')]/div[1]/div[2]/div[2]/span[1]"}
RESULT: {"using":"xpath","value":"//header[contains(@id, 'ObjectPageLayout-headerTitle')]/div[1]/div[2]/div[2]/span[1]"}
COMMAND: POST /session/fb7328d57ef2f0f9565efbc83768d465/execute/sync - {"script":"<script> [56 bytes]","args":[{"element-6066-11e4-a52e-4f735466cecf":"f.2DB20A3CB55B7B2492731AE3790B886D.d.B85EE9DF3628DA684BE589051B365A41.e.4621","ELEMENT":"f.2DB20A3CB55B7B2492731AE3790B886D.d.B85EE9DF3628DA684BE589051B365A41.e.4621"}]}
RESULT: {"script":"<script> [56 bytes]","args":[{"element-6066-11e4-a52e-4f735466cecf":"f.2DB20A3CB55B7B2492731AE3790B886D.d.B85EE9DF3628DA684BE589051B365A41.e.4621","ELEMENT":"f.2DB20A3CB55B7B2492731AE3790B886D.d.B85EE9DF3628DA684BE589051B365A41.e.4621"}]}
COMMAND: POST /session/fb7328d57ef2f0f9565efbc83768d465/element - {"using":"css selector","value":"#shell-header-logo"}
COMMAND: GET /session/fb7328d57ef2f0f9565efbc83768d465/screenshot - {}
RESULT: {"using":"css selector","value":"#shell-header-logo"}
COMMAND: POST /session/fb7328d57ef2f0f9565efbc83768d465/element/f.2DB20A3CB55B7B2492731AE3790B886D.d.B85EE9DF3628DA684BE589051B365A41.e.3969/click - {}
RESULT: {}
RESULT: {}
COMMAND: GET /session/fb7328d57ef2f0f9565efbc83768d465/screenshot - {}
RESULT: {}
COMMAND: POST /session/fb7328d57ef2f0f9565efbc83768d465/execute/sync - {"script":"<script> [299 bytes]","args":[["getModel","getResource"]]}
RESULT: {"script":"<script> [299 bytes]","args":[["getModel","getResource"]]}
]]></system-out>
    </testcase>
    <testcase classname="chrome.136_0_7103_93.windows.Create_masterdata_for_Yard_Overview_-_trigger_provide_US130988" name="Should create a new material" time="112.807">
      <system-out><![CDATA[
COMMAND: GET /session/fb7328d57ef2f0f9565efbc83768d465/screenshot - {}
COMMAND: POST /session/fb7328d57ef2f0f9565efbc83768d465/execute/async - {"script":"<script> [1562 bytes]","args":[{"selector":{"controlType":"sap.m.GenericTile","properties":{"header":"Manage Resources"}},"wdio_ui5_key":"sapm.GenericTile{\"header\":\"Manage Resources\"}"}]}
RESULT: {}
RESULT: {"script":"<script> [1562 bytes]","args":[{"selector":{"controlType":"sap.m.GenericTile","properties":{"header":"Manage Resources"}},"wdio_ui5_key":"sapm.GenericTile{\"header\":\"Manage Resources\"}"}]}
RESULT: undefined
COMMAND: POST /session/fb7328d57ef2f0f9565efbc83768d465/element - {"using":"xpath","value":"//*[@id=\"__tile39\"]"}
RESULT: {"using":"xpath","value":"//*[@id=\"__tile39\"]"}
COMMAND: POST /session/fb7328d57ef2f0f9565efbc83768d465/element/f.2DB20A3CB55B7B2492731AE3790B886D.d.B85EE9DF3628DA684BE589051B365A41.e.2509/click - {}
RESULT: {}
COMMAND: GET /session/fb7328d57ef2f0f9565efbc83768d465/screenshot - {}
RESULT: {}
COMMAND: POST /session/fb7328d57ef2f0f9565efbc83768d465/elements - {"using":"xpath","value":"//span[text()='Error']"}
RESULT: {"using":"xpath","value":"//span[text()='Error']"}
COMMAND: POST /session/fb7328d57ef2f0f9565efbc83768d465/element - {"using":"xpath","value":"//button[@data-kt=\"addNewRUOverflowToolbarButton\"]"}
RESULT: {"using":"xpath","value":"//button[@data-kt=\"addNewRUOverflowToolbarButton\"]"}
COMMAND: POST /session/fb7328d57ef2f0f9565efbc83768d465/elements - {"using":"xpath","value":"//button[@data-kt=\"addNewRUOverflowToolbarButton\"]"}
RESULT: {"using":"xpath","value":"//button[@data-kt=\"addNewRUOverflowToolbarButton\"]"}
COMMAND: POST /session/fb7328d57ef2f0f9565efbc83768d465/execute/sync - {"script":"<script> [8489 bytes]","args":[{"element-6066-11e4-a52e-4f735466cecf":"f.2DB20A3CB55B7B2492731AE3790B886D.d.B85EE9DF3628DA684BE589051B365A41.e.4666","ELEMENT":"f.2DB20A3CB55B7B2492731AE3790B886D.d.B85EE9DF3628DA684BE589051B365A41.e.4666"}]}
RESULT: {"script":"<script> [8489 bytes]","args":[{"element-6066-11e4-a52e-4f735466cecf":"f.2DB20A3CB55B7B2492731AE3790B886D.d.B85EE9DF3628DA684BE589051B365A41.e.4666","ELEMENT":"f.2DB20A3CB55B7B2492731AE3790B886D.d.B85EE9DF3628DA684BE589051B365A41.e.4666"}]}
COMMAND: GET /session/fb7328d57ef2f0f9565efbc83768d465/element/f.2DB20A3CB55B7B2492731AE3790B886D.d.B85EE9DF3628DA684BE589051B365A41.e.4666/enabled - {}
COMMAND: GET /session/fb7328d57ef2f0f9565efbc83768d465/screenshot - {}
RESULT: {}
COMMAND: POST /session/fb7328d57ef2f0f9565efbc83768d465/execute/sync - {"script":"<script> [8489 bytes]","args":[{"element-6066-11e4-a52e-4f735466cecf":"f.2DB20A3CB55B7B2492731AE3790B886D.d.B85EE9DF3628DA684BE589051B365A41.e.4666","ELEMENT":"f.2DB20A3CB55B7B2492731AE3790B886D.d.B85EE9DF3628DA684BE589051B365A41.e.4666"}]}
COMMAND: GET /session/fb7328d57ef2f0f9565efbc83768d465/screenshot - {}
RESULT: {}
RESULT: {"script":"<script> [8489 bytes]","args":[{"element-6066-11e4-a52e-4f735466cecf":"f.2DB20A3CB55B7B2492731AE3790B886D.d.B85EE9DF3628DA684BE589051B365A41.e.4666","ELEMENT":"f.2DB20A3CB55B7B2492731AE3790B886D.d.B85EE9DF3628DA684BE589051B365A41.e.4666"}]}
COMMAND: POST /session/fb7328d57ef2f0f9565efbc83768d465/execute/sync - {"script":"<script> [5351 bytes]","args":[{"element-6066-11e4-a52e-4f735466cecf":"f.2DB20A3CB55B7B2492731AE3790B886D.d.B85EE9DF3628DA684BE589051B365A41.e.4666","ELEMENT":"f.2DB20A3CB55B7B2492731AE3790B886D.d.B85EE9DF3628DA684BE589051B365A41.e.4666"}]}
COMMAND: GET /session/fb7328d57ef2f0f9565efbc83768d465/screenshot - {}
RESULT: {}
RESULT: {"script":"<script> [5351 bytes]","args":[{"element-6066-11e4-a52e-4f735466cecf":"f.2DB20A3CB55B7B2492731AE3790B886D.d.B85EE9DF3628DA684BE589051B365A41.e.4666","ELEMENT":"f.2DB20A3CB55B7B2492731AE3790B886D.d.B85EE9DF3628DA684BE589051B365A41.e.4666"}]}
COMMAND: POST /session/fb7328d57ef2f0f9565efbc83768d465/element/f.2DB20A3CB55B7B2492731AE3790B886D.d.B85EE9DF3628DA684BE589051B365A41.e.4666/click - {}
COMMAND: GET /session/fb7328d57ef2f0f9565efbc83768d465/screenshot - {}
RESULT: {}
RESULT: {}
COMMAND: GET /session/fb7328d57ef2f0f9565efbc83768d465/screenshot - {}
RESULT: {}
RESULT: {}
COMMAND: POST /session/fb7328d57ef2f0f9565efbc83768d465/execute/async - {"script":"<script> [1562 bytes]","args":[{"selector":{"id":"application-manageresources-display-component---newResourceUnit--TYPE-arrow"},"wdio_ui5_key":"applicationmanageresources-display-component---newResourceUnit--TYPE-arrow"}]}
RESULT: {"script":"<script> [1562 bytes]","args":[{"selector":{"id":"application-manageresources-display-component---newResourceUnit--TYPE-arrow"},"wdio_ui5_key":"applicationmanageresources-display-component---newResourceUnit--TYPE-arrow"}]}
RESULT: undefined
COMMAND: POST /session/fb7328d57ef2f0f9565efbc83768d465/element - {"using":"xpath","value":"//*[@id=\"application-manageresources-display-component---newResourceUnit--TYPE-arrow\"]"}
RESULT: {"using":"xpath","value":"//*[@id=\"application-manageresources-display-component---newResourceUnit--TYPE-arrow\"]"}
COMMAND: POST /session/fb7328d57ef2f0f9565efbc83768d465/element/f.2DB20A3CB55B7B2492731AE3790B886D.d.B85EE9DF3628DA684BE589051B365A41.e.5014/click - {}
RESULT: {}
COMMAND: POST /session/fb7328d57ef2f0f9565efbc83768d465/element - {"using":"xpath","value":"//input[@id=\"application-manageresources-display-component---newResourceUnit--TYPE-inner\"]"}
COMMAND: GET /session/fb7328d57ef2f0f9565efbc83768d465/screenshot - {}
RESULT: {"using":"xpath","value":"//input[@id=\"application-manageresources-display-component---newResourceUnit--TYPE-inner\"]"}
COMMAND: POST /session/fb7328d57ef2f0f9565efbc83768d465/element/f.2DB20A3CB55B7B2492731AE3790B886D.d.B85EE9DF3628DA684BE589051B365A41.e.5006/clear - {}
RESULT: {}
RESULT: {}
COMMAND: POST /session/fb7328d57ef2f0f9565efbc83768d465/element/f.2DB20A3CB55B7B2492731AE3790B886D.d.B85EE9DF3628DA684BE589051B365A41.e.5006/value - {"text":"Material"}
COMMAND: GET /session/fb7328d57ef2f0f9565efbc83768d465/screenshot - {}
RESULT: {"text":"Material"}
COMMAND: GET /session/fb7328d57ef2f0f9565efbc83768d465/screenshot - {}
RESULT: {}
RESULT: {}
COMMAND: POST /session/fb7328d57ef2f0f9565efbc83768d465/actions - {"actions":[{"id":"action13","type":"key","parameters":{},"actions":[{"type":"keyDown","value":""},{"type":"pause","duration":10},{"type":"keyUp","value":""}]}]}
RESULT: {"actions":[{"id":"action13","type":"key","parameters":{},"actions":[{"type":"keyDown","value":""},{"type":"pause","duration":10},{"type":"keyUp","value":""}]}]}
COMMAND: POST /session/fb7328d57ef2f0f9565efbc83768d465/execute/async - {"script":"<script> [1562 bytes]","args":[{"selector":{"id":"application-manageresources-display-component---newResourceUnit--SHORT_TEXT","interaction":{"idSuffix":"inner"}},"wdio_ui5_key":"applicationmanageresources-display-component---newResourceUnit--SHORT_TEXT"}]}
COMMAND: GET /session/fb7328d57ef2f0f9565efbc83768d465/screenshot - {}
RESULT: {"script":"<script> [1562 bytes]","args":[{"selector":{"id":"application-manageresources-display-component---newResourceUnit--SHORT_TEXT","interaction":{"idSuffix":"inner"}},"wdio_ui5_key":"applicationmanageresources-display-component---newResourceUnit--SHORT_TEXT"}]}
RESULT: undefined
COMMAND: POST /session/fb7328d57ef2f0f9565efbc83768d465/execute/async - {"script":"<script> [776 bytes]","args":[{"enterText":"Cement WDIO","selector":{"id":"application-manageresources-display-component---newResourceUnit--SHORT_TEXT","interaction":{"idSuffix":"inner"}},"clearTextFirst":true,"interactionType":"ENTER_TEXT"}]}
RESULT: {}
RESULT: {"script":"<script> [776 bytes]","args":[{"enterText":"Cement WDIO","selector":{"id":"application-manageresources-display-component---newResourceUnit--SHORT_TEXT","interaction":{"idSuffix":"inner"}},"clearTextFirst":true,"interactionType":"ENTER_TEXT"}]}
COMMAND: POST /session/fb7328d57ef2f0f9565efbc83768d465/execute/async - {"script":"<script> [1562 bytes]","args":[{"selector":{"id":"application-manageresources-display-component---newResourceUnit--BASE_UNIT_OF_MEASURE","interaction":{"idSuffix":"inner"}},"wdio_ui5_key":"applicationmanageresources-display-component---newResourceUnit--BASE_UNIT_OF_MEASURE"}]}
RESULT: {"script":"<script> [1562 bytes]","args":[{"selector":{"id":"application-manageresources-display-component---newResourceUnit--BASE_UNIT_OF_MEASURE","interaction":{"idSuffix":"inner"}},"wdio_ui5_key":"applicationmanageresources-display-component---newResourceUnit--BASE_UNIT_OF_MEASURE"}]}
RESULT: undefined
COMMAND: POST /session/fb7328d57ef2f0f9565efbc83768d465/execute/async - {"script":"<script> [776 bytes]","args":[{"enterText":"Piece","selector":{"id":"application-manageresources-display-component---newResourceUnit--BASE_UNIT_OF_MEASURE","interaction":{"idSuffix":"inner"}},"clearTextFirst":true,"interactionType":"ENTER_TEXT"}]}
RESULT: {"script":"<script> [776 bytes]","args":[{"enterText":"Piece","selector":{"id":"application-manageresources-display-component---newResourceUnit--BASE_UNIT_OF_MEASURE","interaction":{"idSuffix":"inner"}},"clearTextFirst":true,"interactionType":"ENTER_TEXT"}]}
COMMAND: POST /session/fb7328d57ef2f0f9565efbc83768d465/execute/async - {"script":"<script> [1562 bytes]","args":[{"selector":{"id":"application-manageresources-display-component---newResourceUnit--WEIGHT_UNIT","interaction":{"idSuffix":"inner"}},"wdio_ui5_key":"applicationmanageresources-display-component---newResourceUnit--WEIGHT_UNIT"}]}
RESULT: {"script":"<script> [1562 bytes]","args":[{"selector":{"id":"application-manageresources-display-component---newResourceUnit--WEIGHT_UNIT","interaction":{"idSuffix":"inner"}},"wdio_ui5_key":"applicationmanageresources-display-component---newResourceUnit--WEIGHT_UNIT"}]}
RESULT: undefined
COMMAND: POST /session/fb7328d57ef2f0f9565efbc83768d465/execute/async - {"script":"<script> [776 bytes]","args":[{"enterText":"Gram","selector":{"id":"application-manageresources-display-component---newResourceUnit--WEIGHT_UNIT","interaction":{"idSuffix":"inner"}},"clearTextFirst":true,"interactionType":"ENTER_TEXT"}]}
RESULT: {"script":"<script> [776 bytes]","args":[{"enterText":"Gram","selector":{"id":"application-manageresources-display-component---newResourceUnit--WEIGHT_UNIT","interaction":{"idSuffix":"inner"}},"clearTextFirst":true,"interactionType":"ENTER_TEXT"}]}
COMMAND: POST /session/fb7328d57ef2f0f9565efbc83768d465/execute/async - {"script":"<script> [1562 bytes]","args":[{"selector":{"id":"application-manageresources-display-component---newResourceUnit--DIMENSION_UNIT","interaction":{"idSuffix":"inner"}},"wdio_ui5_key":"applicationmanageresources-display-component---newResourceUnit--DIMENSION_UNIT"}]}
RESULT: {"script":"<script> [1562 bytes]","args":[{"selector":{"id":"application-manageresources-display-component---newResourceUnit--DIMENSION_UNIT","interaction":{"idSuffix":"inner"}},"wdio_ui5_key":"applicationmanageresources-display-component---newResourceUnit--DIMENSION_UNIT"}]}
RESULT: undefined
COMMAND: POST /session/fb7328d57ef2f0f9565efbc83768d465/execute/async - {"script":"<script> [776 bytes]","args":[{"enterText":"Meter","selector":{"id":"application-manageresources-display-component---newResourceUnit--DIMENSION_UNIT","interaction":{"idSuffix":"inner"}},"clearTextFirst":true,"interactionType":"ENTER_TEXT"}]}
RESULT: {"script":"<script> [776 bytes]","args":[{"enterText":"Meter","selector":{"id":"application-manageresources-display-component---newResourceUnit--DIMENSION_UNIT","interaction":{"idSuffix":"inner"}},"clearTextFirst":true,"interactionType":"ENTER_TEXT"}]}
COMMAND: POST /session/fb7328d57ef2f0f9565efbc83768d465/execute/async - {"script":"<script> [1562 bytes]","args":[{"selector":{"id":"application-manageresources-display-component---newResourceUnit--newRRUPage-anchBar-application-manageresources-display-component---newResourceUnit--control-anchor","interaction":{"idSuffix":"BDI-content"}},"wdio_ui5_key":"applicationmanageresources-display-component---newResourceUnit--newRRUPage-anchBar-application-manageresources-display-component---newResourceUnit--control-anchor"}]}
RESULT: {"script":"<script> [1562 bytes]","args":[{"selector":{"id":"application-manageresources-display-component---newResourceUnit--newRRUPage-anchBar-application-manageresources-display-component---newResourceUnit--control-anchor","interaction":{"idSuffix":"BDI-content"}},"wdio_ui5_key":"applicationmanageresources-display-component---newResourceUnit--newRRUPage-anchBar-application-manageresources-display-component---newResourceUnit--control-anchor"}]}
RESULT: undefined
COMMAND: POST /session/fb7328d57ef2f0f9565efbc83768d465/element - {"using":"xpath","value":"//*[@id=\"application-manageresources-display-component---newResourceUnit--newRRUPage-anchBar-application-manageresources-display-component---newResourceUnit--control-anchor\"]"}
RESULT: {"using":"xpath","value":"//*[@id=\"application-manageresources-display-component---newResourceUnit--newRRUPage-anchBar-application-manageresources-display-component---newResourceUnit--control-anchor\"]"}
COMMAND: POST /session/fb7328d57ef2f0f9565efbc83768d465/element/f.2DB20A3CB55B7B2492731AE3790B886D.d.B85EE9DF3628DA684BE589051B365A41.e.5145/click - {}
RESULT: {}
COMMAND: POST /session/fb7328d57ef2f0f9565efbc83768d465/execute/async - {"script":"<script> [1562 bytes]","args":[{"selector":{"id":"application-manageresources-display-component---newResourceUnit--PLANNING_GROUP","interaction":{"idSuffix":"inner"}},"wdio_ui5_key":"applicationmanageresources-display-component---newResourceUnit--PLANNING_GROUP"}]}
COMMAND: GET /session/fb7328d57ef2f0f9565efbc83768d465/screenshot - {}
RESULT: {"script":"<script> [1562 bytes]","args":[{"selector":{"id":"application-manageresources-display-component---newResourceUnit--PLANNING_GROUP","interaction":{"idSuffix":"inner"}},"wdio_ui5_key":"applicationmanageresources-display-component---newResourceUnit--PLANNING_GROUP"}]}
RESULT: undefined
COMMAND: POST /session/fb7328d57ef2f0f9565efbc83768d465/execute/async - {"script":"<script> [776 bytes]","args":[{"enterText":"Material","selector":{"id":"application-manageresources-display-component---newResourceUnit--PLANNING_GROUP","interaction":{"idSuffix":"inner"}},"clearTextFirst":true,"interactionType":"ENTER_TEXT"}]}
RESULT: {}
RESULT: {"script":"<script> [776 bytes]","args":[{"enterText":"Material","selector":{"id":"application-manageresources-display-component---newResourceUnit--PLANNING_GROUP","interaction":{"idSuffix":"inner"}},"clearTextFirst":true,"interactionType":"ENTER_TEXT"}]}
COMMAND: POST /session/fb7328d57ef2f0f9565efbc83768d465/execute/async - {"script":"<script> [1562 bytes]","args":[{"selector":{"id":"application-manageresources-display-component---newResourceUnit--PLANNING_INDICATOR","interaction":{"idSuffix":"inner"}},"wdio_ui5_key":"applicationmanageresources-display-component---newResourceUnit--PLANNING_INDICATOR"}]}
RESULT: {"script":"<script> [1562 bytes]","args":[{"selector":{"id":"application-manageresources-display-component---newResourceUnit--PLANNING_INDICATOR","interaction":{"idSuffix":"inner"}},"wdio_ui5_key":"applicationmanageresources-display-component---newResourceUnit--PLANNING_INDICATOR"}]}
RESULT: undefined
COMMAND: POST /session/fb7328d57ef2f0f9565efbc83768d465/execute/async - {"script":"<script> [776 bytes]","args":[{"enterText":"10 - infinite","selector":{"id":"application-manageresources-display-component---newResourceUnit--PLANNING_INDICATOR","interaction":{"idSuffix":"inner"}},"clearTextFirst":true,"interactionType":"ENTER_TEXT"}]}
RESULT: {"script":"<script> [776 bytes]","args":[{"enterText":"10 - infinite","selector":{"id":"application-manageresources-display-component---newResourceUnit--PLANNING_INDICATOR","interaction":{"idSuffix":"inner"}},"clearTextFirst":true,"interactionType":"ENTER_TEXT"}]}
COMMAND: POST /session/fb7328d57ef2f0f9565efbc83768d465/element - {"using":"css selector","value":"#application-manageresources-display-component---newResourceUnit--btnAddTimeSegment"}
RESULT: {"using":"css selector","value":"#application-manageresources-display-component---newResourceUnit--btnAddTimeSegment"}
COMMAND: GET /session/fb7328d57ef2f0f9565efbc83768d465/element/f.2DB20A3CB55B7B2492731AE3790B886D.d.B85EE9DF3628DA684BE589051B365A41.e.5155/rect - {}
RESULT: {}
COMMAND: GET /session/fb7328d57ef2f0f9565efbc83768d465/window/rect - {}
RESULT: {}
COMMAND: POST /session/fb7328d57ef2f0f9565efbc83768d465/execute/sync - {"script":"<script> [92 bytes]","args":[]}
RESULT: {"script":"<script> [92 bytes]","args":[]}
COMMAND: POST /session/fb7328d57ef2f0f9565efbc83768d465/actions - {"actions":[{"id":"action14","type":"wheel","parameters":{},"actions":[{"type":"scroll","x":-1888,"y":-32,"deltaX":0,"deltaY":0,"duration":0,"origin":{"element-6066-11e4-a52e-4f735466cecf":"f.2DB20A3CB55B7B2492731AE3790B886D.d.B85EE9DF3628DA684BE589051B365A41.e.5155"}}]}]}
COMMAND: GET /session/fb7328d57ef2f0f9565efbc83768d465/screenshot - {}
RESULT: {}
COMMAND: POST /session/fb7328d57ef2f0f9565efbc83768d465/execute/sync - {"script":"<script> [79 bytes]","args":[{"element-6066-11e4-a52e-4f735466cecf":"f.2DB20A3CB55B7B2492731AE3790B886D.d.B85EE9DF3628DA684BE589051B365A41.e.5155","ELEMENT":"f.2DB20A3CB55B7B2492731AE3790B886D.d.B85EE9DF3628DA684BE589051B365A41.e.5155"},{"block":"start","inline":"nearest"}]}
RESULT: {"script":"<script> [79 bytes]","args":[{"element-6066-11e4-a52e-4f735466cecf":"f.2DB20A3CB55B7B2492731AE3790B886D.d.B85EE9DF3628DA684BE589051B365A41.e.5155","ELEMENT":"f.2DB20A3CB55B7B2492731AE3790B886D.d.B85EE9DF3628DA684BE589051B365A41.e.5155"},{"block":"start","inline":"nearest"}]}
COMMAND: POST /session/fb7328d57ef2f0f9565efbc83768d465/execute/async - {"script":"<script> [1562 bytes]","args":[{"selector":{"id":"application-manageresources-display-component---newResourceUnit--btnAddTimeSegment","interaction":{"idSuffix":"inner"}},"wdio_ui5_key":"applicationmanageresources-display-component---newResourceUnit--btnAddTimeSegment"}]}
COMMAND: GET /session/fb7328d57ef2f0f9565efbc83768d465/screenshot - {}
RESULT: {"script":"<script> [1562 bytes]","args":[{"selector":{"id":"application-manageresources-display-component---newResourceUnit--btnAddTimeSegment","interaction":{"idSuffix":"inner"}},"wdio_ui5_key":"applicationmanageresources-display-component---newResourceUnit--btnAddTimeSegment"}]}
RESULT: undefined
COMMAND: POST /session/fb7328d57ef2f0f9565efbc83768d465/element - {"using":"xpath","value":"//*[@id=\"application-manageresources-display-component---newResourceUnit--btnAddTimeSegment\"]"}
RESULT: {}
RESULT: {"using":"xpath","value":"//*[@id=\"application-manageresources-display-component---newResourceUnit--btnAddTimeSegment\"]"}
COMMAND: POST /session/fb7328d57ef2f0f9565efbc83768d465/element/f.2DB20A3CB55B7B2492731AE3790B886D.d.B85EE9DF3628DA684BE589051B365A41.e.5155/click - {}
RESULT: {}
COMMAND: GET /session/fb7328d57ef2f0f9565efbc83768d465/screenshot - {}
RESULT: {}
COMMAND: POST /session/fb7328d57ef2f0f9565efbc83768d465/element - {"using":"xpath","value":"//input[@id=\"application-manageresources-display-component---newResourceUnit--idRuTSAdmin-application-manageresources-display-component---newResourceUnit--RUTimeSegment-0-inner\"]"}
RESULT: {"using":"xpath","value":"//input[@id=\"application-manageresources-display-component---newResourceUnit--idRuTSAdmin-application-manageresources-display-component---newResourceUnit--RUTimeSegment-0-inner\"]"}
COMMAND: POST /session/fb7328d57ef2f0f9565efbc83768d465/element/f.2DB20A3CB55B7B2492731AE3790B886D.d.B85EE9DF3628DA684BE589051B365A41.e.5160/clear - {}
RESULT: {}
COMMAND: POST /session/fb7328d57ef2f0f9565efbc83768d465/element/f.2DB20A3CB55B7B2492731AE3790B886D.d.B85EE9DF3628DA684BE589051B365A41.e.5160/value - {"text":"227"}
COMMAND: GET /session/fb7328d57ef2f0f9565efbc83768d465/screenshot - {}
RESULT: {"text":"227"}
COMMAND: GET /session/fb7328d57ef2f0f9565efbc83768d465/screenshot - {}
RESULT: {}
RESULT: {}
COMMAND: POST /session/fb7328d57ef2f0f9565efbc83768d465/element - {"using":"xpath","value":"//li[.//span[text()='227']]"}
RESULT: {"using":"xpath","value":"//li[.//span[text()='227']]"}
COMMAND: POST /session/fb7328d57ef2f0f9565efbc83768d465/element/f.2DB20A3CB55B7B2492731AE3790B886D.d.B85EE9DF3628DA684BE589051B365A41.e.5169/click - {}
RESULT: {}
COMMAND: GET /session/fb7328d57ef2f0f9565efbc83768d465/screenshot - {}
RESULT: {}
COMMAND: POST /session/fb7328d57ef2f0f9565efbc83768d465/element - {"using":"xpath","value":"(//span[contains(@id, \"-application-manageresources-display-component---newResourceUnit--RUTimeSegment-0-arrow\")])[2]"}
RESULT: {"using":"xpath","value":"(//span[contains(@id, \"-application-manageresources-display-component---newResourceUnit--RUTimeSegment-0-arrow\")])[2]"}
COMMAND: POST /session/fb7328d57ef2f0f9565efbc83768d465/element/f.2DB20A3CB55B7B2492731AE3790B886D.d.B85EE9DF3628DA684BE589051B365A41.e.5170/click - {}
RESULT: {}
COMMAND: POST /session/fb7328d57ef2f0f9565efbc83768d465/element - {"using":"xpath","value":"//span[contains(text(), \"PM Order\")]"}
COMMAND: GET /session/fb7328d57ef2f0f9565efbc83768d465/screenshot - {}
RESULT: {"using":"xpath","value":"//span[contains(text(), \"PM Order\")]"}
COMMAND: POST /session/fb7328d57ef2f0f9565efbc83768d465/element/f.2DB20A3CB55B7B2492731AE3790B886D.d.B85EE9DF3628DA684BE589051B365A41.e.5171/click - {}
RESULT: {}
RESULT: {}
COMMAND: GET /session/fb7328d57ef2f0f9565efbc83768d465/screenshot - {}
RESULT: {}
COMMAND: POST /session/fb7328d57ef2f0f9565efbc83768d465/element - {"using":"xpath","value":"//td/div/div/div/span[contains(@id, \"newResourceUnit--RUTimeSegment-0-vhi\")][1]"}
RESULT: {"using":"xpath","value":"//td/div/div/div/span[contains(@id, \"newResourceUnit--RUTimeSegment-0-vhi\")][1]"}
COMMAND: GET /session/fb7328d57ef2f0f9565efbc83768d465/element/f.2DB20A3CB55B7B2492731AE3790B886D.d.B85EE9DF3628DA684BE589051B365A41.e.5175/rect - {}
RESULT: {}
COMMAND: GET /session/fb7328d57ef2f0f9565efbc83768d465/window/rect - {}
RESULT: {}
COMMAND: POST /session/fb7328d57ef2f0f9565efbc83768d465/execute/sync - {"script":"<script> [92 bytes]","args":[]}
RESULT: {"script":"<script> [92 bytes]","args":[]}
COMMAND: POST /session/fb7328d57ef2f0f9565efbc83768d465/actions - {"actions":[{"id":"action15","type":"wheel","parameters":{},"actions":[{"type":"scroll","x":-1888,"y":-24,"deltaX":0,"deltaY":0,"duration":0,"origin":{"element-6066-11e4-a52e-4f735466cecf":"f.2DB20A3CB55B7B2492731AE3790B886D.d.B85EE9DF3628DA684BE589051B365A41.e.5175"}}]}]}
COMMAND: GET /session/fb7328d57ef2f0f9565efbc83768d465/screenshot - {}
RESULT: {}
COMMAND: POST /session/fb7328d57ef2f0f9565efbc83768d465/execute/sync - {"script":"<script> [79 bytes]","args":[{"element-6066-11e4-a52e-4f735466cecf":"f.2DB20A3CB55B7B2492731AE3790B886D.d.B85EE9DF3628DA684BE589051B365A41.e.5175","ELEMENT":"f.2DB20A3CB55B7B2492731AE3790B886D.d.B85EE9DF3628DA684BE589051B365A41.e.5175"},{"block":"start","inline":"nearest"}]}
RESULT: {"script":"<script> [79 bytes]","args":[{"element-6066-11e4-a52e-4f735466cecf":"f.2DB20A3CB55B7B2492731AE3790B886D.d.B85EE9DF3628DA684BE589051B365A41.e.5175","ELEMENT":"f.2DB20A3CB55B7B2492731AE3790B886D.d.B85EE9DF3628DA684BE589051B365A41.e.5175"},{"block":"start","inline":"nearest"}]}
COMMAND: GET /session/fb7328d57ef2f0f9565efbc83768d465/screenshot - {}
RESULT: {}
COMMAND: POST /session/fb7328d57ef2f0f9565efbc83768d465/element/f.2DB20A3CB55B7B2492731AE3790B886D.d.B85EE9DF3628DA684BE589051B365A41.e.5175/click - {}
RESULT: {}
COMMAND: GET /session/fb7328d57ef2f0f9565efbc83768d465/screenshot - {}
RESULT: {}
RESULT: undefined
COMMAND: POST /session/fb7328d57ef2f0f9565efbc83768d465/execute/async - {"script":"<script> [776 bytes]","args":[{"enterText":"4000360","selector":{"controlType":"sap.m.SearchField","properties":{"placeholder":"Search"},"searchOpenDialogs":true,"interaction":{"idSuffix":"I"}},"clearTextFirst":true,"interactionType":"ENTER_TEXT"}]}
RESULT: {"script":"<script> [776 bytes]","args":[{"enterText":"4000360","selector":{"controlType":"sap.m.SearchField","properties":{"placeholder":"Search"},"searchOpenDialogs":true,"interaction":{"idSuffix":"I"}},"clearTextFirst":true,"interactionType":"ENTER_TEXT"}]}
COMMAND: POST /session/fb7328d57ef2f0f9565efbc83768d465/actions - {"actions":[{"id":"action16","type":"key","parameters":{},"actions":[{"type":"keyDown","value":""},{"type":"pause","duration":10},{"type":"keyUp","value":""}]}]}
RESULT: {"actions":[{"id":"action16","type":"key","parameters":{},"actions":[{"type":"keyDown","value":""},{"type":"pause","duration":10},{"type":"keyUp","value":""}]}]}
COMMAND: GET /session/fb7328d57ef2f0f9565efbc83768d465/screenshot - {}
RESULT: {}
COMMAND: POST /session/fb7328d57ef2f0f9565efbc83768d465/element - {"using":"xpath","value":"//td/div/span[contains(text(), \"BGL Vehicles\")]"}
RESULT: {"using":"xpath","value":"//td/div/span[contains(text(), \"BGL Vehicles\")]"}
COMMAND: POST /session/fb7328d57ef2f0f9565efbc83768d465/element/f.2DB20A3CB55B7B2492731AE3790B886D.d.B85EE9DF3628DA684BE589051B365A41.e.5194/click - {}
RESULT: {}
COMMAND: GET /session/fb7328d57ef2f0f9565efbc83768d465/screenshot - {}
RESULT: {}
COMMAND: POST /session/fb7328d57ef2f0f9565efbc83768d465/element - {"using":"xpath","value":"//bdi[contains(text(), \"OK\")]"}
RESULT: {"using":"xpath","value":"//bdi[contains(text(), \"OK\")]"}
COMMAND: POST /session/fb7328d57ef2f0f9565efbc83768d465/element/f.2DB20A3CB55B7B2492731AE3790B886D.d.B85EE9DF3628DA684BE589051B365A41.e.5195/click - {}
RESULT: {}
COMMAND: GET /session/fb7328d57ef2f0f9565efbc83768d465/screenshot - {}
RESULT: {}
COMMAND: POST /session/fb7328d57ef2f0f9565efbc83768d465/element - {"using":"xpath","value":"//label[contains(@class, 'sapMLabelRequired') and .//bdi[contains(text(), 'Planned Retirement')]]"}
RESULT: {"using":"xpath","value":"//label[contains(@class, 'sapMLabelRequired') and .//bdi[contains(text(), 'Planned Retirement')]]"}
COMMAND: POST /session/fb7328d57ef2f0f9565efbc83768d465/elements - {"using":"xpath","value":"//label[contains(@class, 'sapMLabelRequired') and .//bdi[contains(text(), 'Planned Retirement')]]"}
RESULT: {"using":"xpath","value":"//label[contains(@class, 'sapMLabelRequired') and .//bdi[contains(text(), 'Planned Retirement')]]"}
COMMAND: POST /session/fb7328d57ef2f0f9565efbc83768d465/element - {"using":"xpath","value":"//button[@data-kt=\"resourceUnitSaveButton\"]"}
RESULT: {"using":"xpath","value":"//button[@data-kt=\"resourceUnitSaveButton\"]"}
COMMAND: POST /session/fb7328d57ef2f0f9565efbc83768d465/element/f.2DB20A3CB55B7B2492731AE3790B886D.d.B85EE9DF3628DA684BE589051B365A41.e.5032/click - {}
RESULT: {}
COMMAND: GET /session/fb7328d57ef2f0f9565efbc83768d465/screenshot - {}
RESULT: {}
COMMAND: POST /session/fb7328d57ef2f0f9565efbc83768d465/element - {"using":"xpath","value":"//bdi[contains(text(), \"Close\")]"}
RESULT: {"using":"xpath","value":"//bdi[contains(text(), \"Close\")]"}
COMMAND: POST /session/fb7328d57ef2f0f9565efbc83768d465/element/f.2DB20A3CB55B7B2492731AE3790B886D.d.B85EE9DF3628DA684BE589051B365A41.e.5201/click - {}
RESULT: {}
COMMAND: GET /session/fb7328d57ef2f0f9565efbc83768d465/screenshot - {}
RESULT: {}
COMMAND: POST /session/fb7328d57ef2f0f9565efbc83768d465/element - {"using":"xpath","value":"//header[contains(@id, 'detailRruPage-headerTitle')]/div[1]/div[2]/div[2]/span[1]"}
RESULT: {"using":"xpath","value":"//header[contains(@id, 'detailRruPage-headerTitle')]/div[1]/div[2]/div[2]/span[1]"}
COMMAND: POST /session/fb7328d57ef2f0f9565efbc83768d465/elements - {"using":"xpath","value":"//header[contains(@id, 'detailRruPage-headerTitle')]/div[1]/div[2]/div[2]/span[1]"}
RESULT: {"using":"xpath","value":"//header[contains(@id, 'detailRruPage-headerTitle')]/div[1]/div[2]/div[2]/span[1]"}
COMMAND: POST /session/fb7328d57ef2f0f9565efbc83768d465/execute/sync - {"script":"<script> [56 bytes]","args":[{"element-6066-11e4-a52e-4f735466cecf":"f.2DB20A3CB55B7B2492731AE3790B886D.d.B85EE9DF3628DA684BE589051B365A41.e.5229","ELEMENT":"f.2DB20A3CB55B7B2492731AE3790B886D.d.B85EE9DF3628DA684BE589051B365A41.e.5229"}]}
RESULT: {"script":"<script> [56 bytes]","args":[{"element-6066-11e4-a52e-4f735466cecf":"f.2DB20A3CB55B7B2492731AE3790B886D.d.B85EE9DF3628DA684BE589051B365A41.e.5229","ELEMENT":"f.2DB20A3CB55B7B2492731AE3790B886D.d.B85EE9DF3628DA684BE589051B365A41.e.5229"}]}
COMMAND: POST /session/fb7328d57ef2f0f9565efbc83768d465/element - {"using":"css selector","value":"#shell-header-logo"}
COMMAND: GET /session/fb7328d57ef2f0f9565efbc83768d465/screenshot - {}
RESULT: {"using":"css selector","value":"#shell-header-logo"}
COMMAND: POST /session/fb7328d57ef2f0f9565efbc83768d465/element/f.2DB20A3CB55B7B2492731AE3790B886D.d.B85EE9DF3628DA684BE589051B365A41.e.4625/click - {}
RESULT: {}
RESULT: {}
COMMAND: GET /session/fb7328d57ef2f0f9565efbc83768d465/screenshot - {}
RESULT: {}
]]></system-out>
    </testcase>
    <testcase classname="chrome.136_0_7103_93.windows.Create_masterdata_for_Yard_Overview_-_trigger_provide_US130988" name="Bin Status Report Should Create New Organization yard" time="82.75">
      <system-out><![CDATA[
COMMAND: POST /session/fb7328d57ef2f0f9565efbc83768d465/execute/async - {"script":"<script> [1562 bytes]","args":[{"selector":{"controlType":"sap.m.GenericTile","properties":{"header":"Bin Status Report"}},"wdio_ui5_key":"sapm.GenericTile{\"header\":\"Bin Status Report\"}"}]}
RESULT: {"script":"<script> [1562 bytes]","args":[{"selector":{"controlType":"sap.m.GenericTile","properties":{"header":"Bin Status Report"}},"wdio_ui5_key":"sapm.GenericTile{\"header\":\"Bin Status Report\"}"}]}
RESULT: undefined
COMMAND: POST /session/fb7328d57ef2f0f9565efbc83768d465/element - {"using":"xpath","value":"//*[@id=\"__tile104\"]"}
RESULT: {"using":"xpath","value":"//*[@id=\"__tile104\"]"}
COMMAND: POST /session/fb7328d57ef2f0f9565efbc83768d465/element/f.2DB20A3CB55B7B2492731AE3790B886D.d.B85EE9DF3628DA684BE589051B365A41.e.5231/click - {}
RESULT: {}
COMMAND: GET /session/fb7328d57ef2f0f9565efbc83768d465/screenshot - {}
RESULT: {}
COMMAND: POST /session/fb7328d57ef2f0f9565efbc83768d465/elements - {"using":"xpath","value":"//span[text()='Error']"}
RESULT: {"using":"xpath","value":"//span[text()='Error']"}
COMMAND: POST /session/fb7328d57ef2f0f9565efbc83768d465/element - {"using":"xpath","value":"//button[@id=\"application-binstatusreport-display-component---warehousing--createOrgBtn\"]"}
RESULT: {"using":"xpath","value":"//button[@id=\"application-binstatusreport-display-component---warehousing--createOrgBtn\"]"}
COMMAND: POST /session/fb7328d57ef2f0f9565efbc83768d465/elements - {"using":"xpath","value":"//button[@id=\"application-binstatusreport-display-component---warehousing--createOrgBtn\"]"}
RESULT: {"using":"xpath","value":"//button[@id=\"application-binstatusreport-display-component---warehousing--createOrgBtn\"]"}
COMMAND: POST /session/fb7328d57ef2f0f9565efbc83768d465/execute/sync - {"script":"<script> [8489 bytes]","args":[{"element-6066-11e4-a52e-4f735466cecf":"f.2DB20A3CB55B7B2492731AE3790B886D.d.B85EE9DF3628DA684BE589051B365A41.e.5290","ELEMENT":"f.2DB20A3CB55B7B2492731AE3790B886D.d.B85EE9DF3628DA684BE589051B365A41.e.5290"}]}
RESULT: {"script":"<script> [8489 bytes]","args":[{"element-6066-11e4-a52e-4f735466cecf":"f.2DB20A3CB55B7B2492731AE3790B886D.d.B85EE9DF3628DA684BE589051B365A41.e.5290","ELEMENT":"f.2DB20A3CB55B7B2492731AE3790B886D.d.B85EE9DF3628DA684BE589051B365A41.e.5290"}]}
COMMAND: GET /session/fb7328d57ef2f0f9565efbc83768d465/element/f.2DB20A3CB55B7B2492731AE3790B886D.d.B85EE9DF3628DA684BE589051B365A41.e.5290/enabled - {}
COMMAND: GET /session/fb7328d57ef2f0f9565efbc83768d465/screenshot - {}
RESULT: {}
COMMAND: POST /session/fb7328d57ef2f0f9565efbc83768d465/execute/sync - {"script":"<script> [8489 bytes]","args":[{"element-6066-11e4-a52e-4f735466cecf":"f.2DB20A3CB55B7B2492731AE3790B886D.d.B85EE9DF3628DA684BE589051B365A41.e.5290","ELEMENT":"f.2DB20A3CB55B7B2492731AE3790B886D.d.B85EE9DF3628DA684BE589051B365A41.e.5290"}]}
COMMAND: GET /session/fb7328d57ef2f0f9565efbc83768d465/screenshot - {}
RESULT: {}
RESULT: {"script":"<script> [8489 bytes]","args":[{"element-6066-11e4-a52e-4f735466cecf":"f.2DB20A3CB55B7B2492731AE3790B886D.d.B85EE9DF3628DA684BE589051B365A41.e.5290","ELEMENT":"f.2DB20A3CB55B7B2492731AE3790B886D.d.B85EE9DF3628DA684BE589051B365A41.e.5290"}]}
COMMAND: POST /session/fb7328d57ef2f0f9565efbc83768d465/execute/sync - {"script":"<script> [5351 bytes]","args":[{"element-6066-11e4-a52e-4f735466cecf":"f.2DB20A3CB55B7B2492731AE3790B886D.d.B85EE9DF3628DA684BE589051B365A41.e.5290","ELEMENT":"f.2DB20A3CB55B7B2492731AE3790B886D.d.B85EE9DF3628DA684BE589051B365A41.e.5290"}]}
COMMAND: GET /session/fb7328d57ef2f0f9565efbc83768d465/screenshot - {}
RESULT: {}
RESULT: {}
RESULT: {"script":"<script> [5351 bytes]","args":[{"element-6066-11e4-a52e-4f735466cecf":"f.2DB20A3CB55B7B2492731AE3790B886D.d.B85EE9DF3628DA684BE589051B365A41.e.5290","ELEMENT":"f.2DB20A3CB55B7B2492731AE3790B886D.d.B85EE9DF3628DA684BE589051B365A41.e.5290"}]}
COMMAND: GET /session/fb7328d57ef2f0f9565efbc83768d465/screenshot - {}
RESULT: {}
COMMAND: POST /session/fb7328d57ef2f0f9565efbc83768d465/element/f.2DB20A3CB55B7B2492731AE3790B886D.d.B85EE9DF3628DA684BE589051B365A41.e.5290/click - {}
RESULT: {}
COMMAND: GET /session/fb7328d57ef2f0f9565efbc83768d465/screenshot - {}
RESULT: {}
COMMAND: POST /session/fb7328d57ef2f0f9565efbc83768d465/execute/async - {"script":"<script> [1562 bytes]","args":[{"selector":{"id":"createOrganizationPop--sectionInput","searchOpenDialogs":true,"interaction":{"idSuffix":"inner"}},"wdio_ui5_key":"createOrganizationPopsectionInput"}]}
RESULT: {"script":"<script> [1562 bytes]","args":[{"selector":{"id":"createOrganizationPop--sectionInput","searchOpenDialogs":true,"interaction":{"idSuffix":"inner"}},"wdio_ui5_key":"createOrganizationPopsectionInput"}]}
RESULT: undefined
COMMAND: POST /session/fb7328d57ef2f0f9565efbc83768d465/execute/async - {"script":"<script> [776 bytes]","args":[{"enterText":"WDIO-227","selector":{"id":"createOrganizationPop--sectionInput","searchOpenDialogs":true,"interaction":{"idSuffix":"inner"}},"clearTextFirst":true,"interactionType":"ENTER_TEXT"}]}
RESULT: {"script":"<script> [776 bytes]","args":[{"enterText":"WDIO-227","selector":{"id":"createOrganizationPop--sectionInput","searchOpenDialogs":true,"interaction":{"idSuffix":"inner"}},"clearTextFirst":true,"interactionType":"ENTER_TEXT"}]}
COMMAND: POST /session/fb7328d57ef2f0f9565efbc83768d465/execute/async - {"script":"<script> [1562 bytes]","args":[{"selector":{"id":"createOrganizationPop--descriptionInput","searchOpenDialogs":true,"interaction":{"idSuffix":"inner"}},"wdio_ui5_key":"createOrganizationPopdescriptionInput"}]}
RESULT: {"script":"<script> [1562 bytes]","args":[{"selector":{"id":"createOrganizationPop--descriptionInput","searchOpenDialogs":true,"interaction":{"idSuffix":"inner"}},"wdio_ui5_key":"createOrganizationPopdescriptionInput"}]}
RESULT: undefined
COMMAND: POST /session/fb7328d57ef2f0f9565efbc83768d465/execute/async - {"script":"<script> [776 bytes]","args":[{"enterText":"Shipping-227","selector":{"id":"createOrganizationPop--descriptionInput","searchOpenDialogs":true,"interaction":{"idSuffix":"inner"}},"clearTextFirst":true,"interactionType":"ENTER_TEXT"}]}
RESULT: {"script":"<script> [776 bytes]","args":[{"enterText":"Shipping-227","selector":{"id":"createOrganizationPop--descriptionInput","searchOpenDialogs":true,"interaction":{"idSuffix":"inner"}},"clearTextFirst":true,"interactionType":"ENTER_TEXT"}]}
COMMAND: POST /session/fb7328d57ef2f0f9565efbc83768d465/element - {"using":"css selector","value":"#createOrganizationPop--yardOrg-inner"}
RESULT: {"using":"css selector","value":"#createOrganizationPop--yardOrg-inner"}
COMMAND: POST /session/fb7328d57ef2f0f9565efbc83768d465/element/f.2DB20A3CB55B7B2492731AE3790B886D.d.B85EE9DF3628DA684BE589051B365A41.e.5599/clear - {}
RESULT: {}
COMMAND: POST /session/fb7328d57ef2f0f9565efbc83768d465/element/f.2DB20A3CB55B7B2492731AE3790B886D.d.B85EE9DF3628DA684BE589051B365A41.e.5599/value - {"text":"227"}
COMMAND: GET /session/fb7328d57ef2f0f9565efbc83768d465/screenshot - {}
RESULT: {"text":"227"}
COMMAND: GET /session/fb7328d57ef2f0f9565efbc83768d465/screenshot - {}
RESULT: {}
RESULT: {}
COMMAND: POST /session/fb7328d57ef2f0f9565efbc83768d465/actions - {"actions":[{"id":"action17","type":"key","parameters":{},"actions":[{"type":"keyDown","value":""},{"type":"pause","duration":10},{"type":"keyUp","value":""}]}]}
RESULT: {"actions":[{"id":"action17","type":"key","parameters":{},"actions":[{"type":"keyDown","value":""},{"type":"pause","duration":10},{"type":"keyUp","value":""}]}]}
COMMAND: POST /session/fb7328d57ef2f0f9565efbc83768d465/execute/async - {"script":"<script> [1562 bytes]","args":[{"selector":{"id":"createOrganizationPop--grZone","searchOpenDialogs":true,"interaction":{"idSuffix":"CbBg"}},"wdio_ui5_key":"createOrganizationPopgrZone"}]}
COMMAND: GET /session/fb7328d57ef2f0f9565efbc83768d465/screenshot - {}
RESULT: {"script":"<script> [1562 bytes]","args":[{"selector":{"id":"createOrganizationPop--grZone","searchOpenDialogs":true,"interaction":{"idSuffix":"CbBg"}},"wdio_ui5_key":"createOrganizationPopgrZone"}]}
RESULT: undefined
COMMAND: POST /session/fb7328d57ef2f0f9565efbc83768d465/element - {"using":"xpath","value":"//*[@id=\"createOrganizationPop--grZone\"]"}
RESULT: {}
RESULT: {"using":"xpath","value":"//*[@id=\"createOrganizationPop--grZone\"]"}
COMMAND: POST /session/fb7328d57ef2f0f9565efbc83768d465/element/f.2DB20A3CB55B7B2492731AE3790B886D.d.B85EE9DF3628DA684BE589051B365A41.e.5621/click - {}
RESULT: {}
COMMAND: GET /session/fb7328d57ef2f0f9565efbc83768d465/screenshot - {}
RESULT: {}
COMMAND: POST /session/fb7328d57ef2f0f9565efbc83768d465/execute/async - {"script":"<script> [1562 bytes]","args":[{"selector":{"id":"createOrganizationPop--giZone","searchOpenDialogs":true,"interaction":{"idSuffix":"CbBg"}},"wdio_ui5_key":"createOrganizationPopgiZone"}]}
RESULT: {"script":"<script> [1562 bytes]","args":[{"selector":{"id":"createOrganizationPop--giZone","searchOpenDialogs":true,"interaction":{"idSuffix":"CbBg"}},"wdio_ui5_key":"createOrganizationPopgiZone"}]}
RESULT: undefined
COMMAND: POST /session/fb7328d57ef2f0f9565efbc83768d465/element - {"using":"xpath","value":"//*[@id=\"createOrganizationPop--giZone\"]"}
RESULT: {"using":"xpath","value":"//*[@id=\"createOrganizationPop--giZone\"]"}
COMMAND: POST /session/fb7328d57ef2f0f9565efbc83768d465/element/f.2DB20A3CB55B7B2492731AE3790B886D.d.B85EE9DF3628DA684BE589051B365A41.e.5623/click - {}
RESULT: {}
COMMAND: GET /session/fb7328d57ef2f0f9565efbc83768d465/screenshot - {}
RESULT: {}
COMMAND: POST /session/fb7328d57ef2f0f9565efbc83768d465/execute/async - {"script":"<script> [1562 bytes]","args":[{"selector":{"id":"createOrganizationPop--binNoInput","searchOpenDialogs":true,"interaction":{"idSuffix":"inner"}},"wdio_ui5_key":"createOrganizationPopbinNoInput"}]}
RESULT: {"script":"<script> [1562 bytes]","args":[{"selector":{"id":"createOrganizationPop--binNoInput","searchOpenDialogs":true,"interaction":{"idSuffix":"inner"}},"wdio_ui5_key":"createOrganizationPopbinNoInput"}]}
RESULT: undefined
COMMAND: POST /session/fb7328d57ef2f0f9565efbc83768d465/execute/async - {"script":"<script> [776 bytes]","args":[{"enterText":"Bin-Wd","selector":{"id":"createOrganizationPop--binNoInput","searchOpenDialogs":true,"interaction":{"idSuffix":"inner"}},"clearTextFirst":true,"interactionType":"ENTER_TEXT"}]}
RESULT: {"script":"<script> [776 bytes]","args":[{"enterText":"Bin-Wd","selector":{"id":"createOrganizationPop--binNoInput","searchOpenDialogs":true,"interaction":{"idSuffix":"inner"}},"clearTextFirst":true,"interactionType":"ENTER_TEXT"}]}
COMMAND: POST /session/fb7328d57ef2f0f9565efbc83768d465/execute/async - {"script":"<script> [1562 bytes]","args":[{"selector":{"id":"createOrganizationPop--descriptionId","searchOpenDialogs":true,"interaction":{"idSuffix":"inner"}},"wdio_ui5_key":"createOrganizationPopdescriptionId"}]}
RESULT: {"script":"<script> [1562 bytes]","args":[{"selector":{"id":"createOrganizationPop--descriptionId","searchOpenDialogs":true,"interaction":{"idSuffix":"inner"}},"wdio_ui5_key":"createOrganizationPopdescriptionId"}]}
RESULT: undefined
COMMAND: POST /session/fb7328d57ef2f0f9565efbc83768d465/execute/async - {"script":"<script> [776 bytes]","args":[{"enterText":"Shipping-Wd","selector":{"id":"createOrganizationPop--descriptionId","searchOpenDialogs":true,"interaction":{"idSuffix":"inner"}},"clearTextFirst":true,"interactionType":"ENTER_TEXT"}]}
RESULT: {"script":"<script> [776 bytes]","args":[{"enterText":"Shipping-Wd","selector":{"id":"createOrganizationPop--descriptionId","searchOpenDialogs":true,"interaction":{"idSuffix":"inner"}},"clearTextFirst":true,"interactionType":"ENTER_TEXT"}]}
COMMAND: POST /session/fb7328d57ef2f0f9565efbc83768d465/execute/async - {"script":"<script> [1562 bytes]","args":[{"selector":{"controlType":"sap.m.CheckBox","viewName":"etm.portal.ui.binstatusreport.view.MasterWareBins","viewId":"application-binstatusreport-display-component---warehousing","bindingPath":{"path":"","propertyPath":"/ZONE","modelName":"newBin"},"searchOpenDialogs":true,"interaction":{"idSuffix":"CbBg"}},"wdio_ui5_key":"etmportal.ui.binstatusreport.view.MasterWareBinssap.m.CheckBox{\"path\":\"\",\"propertyPath\":\"/ZONE\",\"modelName\":\"newBin\"}"}]}
RESULT: {"script":"<script> [1562 bytes]","args":[{"selector":{"controlType":"sap.m.CheckBox","viewName":"etm.portal.ui.binstatusreport.view.MasterWareBins","viewId":"application-binstatusreport-display-component---warehousing","bindingPath":{"path":"","propertyPath":"/ZONE","modelName":"newBin"},"searchOpenDialogs":true,"interaction":{"idSuffix":"CbBg"}},"wdio_ui5_key":"etmportal.ui.binstatusreport.view.MasterWareBinssap.m.CheckBox{\"path\":\"\",\"propertyPath\":\"/ZONE\",\"modelName\":\"newBin\"}"}]}
RESULT: undefined
COMMAND: POST /session/fb7328d57ef2f0f9565efbc83768d465/element - {"using":"xpath","value":"//*[@id=\"__box56\"]"}
RESULT: {"using":"xpath","value":"//*[@id=\"__box56\"]"}
COMMAND: POST /session/fb7328d57ef2f0f9565efbc83768d465/element/f.2DB20A3CB55B7B2492731AE3790B886D.d.B85EE9DF3628DA684BE589051B365A41.e.5646/click - {}
RESULT: {}
COMMAND: GET /session/fb7328d57ef2f0f9565efbc83768d465/screenshot - {}
RESULT: {}
COMMAND: POST /session/fb7328d57ef2f0f9565efbc83768d465/execute/async - {"script":"<script> [1562 bytes]","args":[{"selector":{"id":"createOrganizationPop--binTypesCB","searchOpenDialogs":true,"interaction":{"idSuffix":"inner"}},"wdio_ui5_key":"createOrganizationPopbinTypesCB"}]}
RESULT: {"script":"<script> [1562 bytes]","args":[{"selector":{"id":"createOrganizationPop--binTypesCB","searchOpenDialogs":true,"interaction":{"idSuffix":"inner"}},"wdio_ui5_key":"createOrganizationPopbinTypesCB"}]}
RESULT: undefined
COMMAND: POST /session/fb7328d57ef2f0f9565efbc83768d465/execute/async - {"script":"<script> [776 bytes]","args":[{"enterText":"1 - General / No capacity check","selector":{"id":"createOrganizationPop--binTypesCB","searchOpenDialogs":true,"interaction":{"idSuffix":"inner"}},"clearTextFirst":true,"interactionType":"ENTER_TEXT"}]}
RESULT: {"script":"<script> [776 bytes]","args":[{"enterText":"1 - General / No capacity check","selector":{"id":"createOrganizationPop--binTypesCB","searchOpenDialogs":true,"interaction":{"idSuffix":"inner"}},"clearTextFirst":true,"interactionType":"ENTER_TEXT"}]}
COMMAND: POST /session/fb7328d57ef2f0f9565efbc83768d465/actions - {"actions":[{"id":"action18","type":"key","parameters":{},"actions":[{"type":"keyDown","value":""},{"type":"pause","duration":10},{"type":"keyUp","value":""}]}]}
RESULT: {"actions":[{"id":"action18","type":"key","parameters":{},"actions":[{"type":"keyDown","value":""},{"type":"pause","duration":10},{"type":"keyUp","value":""}]}]}
COMMAND: GET /session/fb7328d57ef2f0f9565efbc83768d465/screenshot - {}
RESULT: {}
COMMAND: POST /session/fb7328d57ef2f0f9565efbc83768d465/execute/async - {"script":"<script> [1562 bytes]","args":[{"selector":{"id":"createOrganizationPop--finishBtn","searchOpenDialogs":true,"interaction":{"idSuffix":"BDI-content"}},"wdio_ui5_key":"createOrganizationPopfinishBtn"}]}
RESULT: {"script":"<script> [1562 bytes]","args":[{"selector":{"id":"createOrganizationPop--finishBtn","searchOpenDialogs":true,"interaction":{"idSuffix":"BDI-content"}},"wdio_ui5_key":"createOrganizationPopfinishBtn"}]}
RESULT: undefined
COMMAND: POST /session/fb7328d57ef2f0f9565efbc83768d465/element - {"using":"xpath","value":"//*[@id=\"createOrganizationPop--finishBtn\"]"}
RESULT: {"using":"xpath","value":"//*[@id=\"createOrganizationPop--finishBtn\"]"}
COMMAND: POST /session/fb7328d57ef2f0f9565efbc83768d465/element/f.2DB20A3CB55B7B2492731AE3790B886D.d.B85EE9DF3628DA684BE589051B365A41.e.5657/click - {}
RESULT: {}
COMMAND: GET /session/fb7328d57ef2f0f9565efbc83768d465/screenshot - {}
RESULT: {}
COMMAND: POST /session/fb7328d57ef2f0f9565efbc83768d465/element - {"using":"css selector","value":"#shell-header-logo"}
RESULT: {"using":"css selector","value":"#shell-header-logo"}
COMMAND: POST /session/fb7328d57ef2f0f9565efbc83768d465/element/f.2DB20A3CB55B7B2492731AE3790B886D.d.B85EE9DF3628DA684BE589051B365A41.e.5237/click - {}
RESULT: {}
COMMAND: GET /session/fb7328d57ef2f0f9565efbc83768d465/screenshot - {}
RESULT: {}
]]></system-out>
    </testcase>
    <testcase classname="chrome.136_0_7103_93.windows.Create_masterdata_for_Yard_Overview_-_trigger_provide_US130988" name="Should do a stock increase handover" time="90.503">
      <system-out><![CDATA[
COMMAND: POST /session/fb7328d57ef2f0f9565efbc83768d465/execute/async - {"script":"<script> [1562 bytes]","args":[{"selector":{"controlType":"sap.m.GenericTile","properties":{"header":"Manage Handovers"}},"wdio_ui5_key":"sapm.GenericTile{\"header\":\"Manage Handovers\"}"}]}
RESULT: {"script":"<script> [1562 bytes]","args":[{"selector":{"controlType":"sap.m.GenericTile","properties":{"header":"Manage Handovers"}},"wdio_ui5_key":"sapm.GenericTile{\"header\":\"Manage Handovers\"}"}]}
RESULT: undefined
COMMAND: POST /session/fb7328d57ef2f0f9565efbc83768d465/element - {"using":"xpath","value":"//*[@id=\"__tile131\"]"}
RESULT: {"using":"xpath","value":"//*[@id=\"__tile131\"]"}
COMMAND: POST /session/fb7328d57ef2f0f9565efbc83768d465/element/f.2DB20A3CB55B7B2492731AE3790B886D.d.B85EE9DF3628DA684BE589051B365A41.e.2595/click - {}
RESULT: {}
COMMAND: GET /session/fb7328d57ef2f0f9565efbc83768d465/screenshot - {}
RESULT: {}
COMMAND: POST /session/fb7328d57ef2f0f9565efbc83768d465/elements - {"using":"xpath","value":"//span[text()='Error']"}
RESULT: {"using":"xpath","value":"//span[text()='Error']"}
COMMAND: POST /session/fb7328d57ef2f0f9565efbc83768d465/element - {"using":"xpath","value":"//button[@data-kt=\"masterHOAddButton\"]"}
RESULT: {"using":"xpath","value":"//button[@data-kt=\"masterHOAddButton\"]"}
COMMAND: POST /session/fb7328d57ef2f0f9565efbc83768d465/elements - {"using":"xpath","value":"//button[@data-kt=\"masterHOAddButton\"]"}
RESULT: {"using":"xpath","value":"//button[@data-kt=\"masterHOAddButton\"]"}
COMMAND: POST /session/fb7328d57ef2f0f9565efbc83768d465/execute/sync - {"script":"<script> [8489 bytes]","args":[{"element-6066-11e4-a52e-4f735466cecf":"f.2DB20A3CB55B7B2492731AE3790B886D.d.B85EE9DF3628DA684BE589051B365A41.e.5702","ELEMENT":"f.2DB20A3CB55B7B2492731AE3790B886D.d.B85EE9DF3628DA684BE589051B365A41.e.5702"}]}
RESULT: {"script":"<script> [8489 bytes]","args":[{"element-6066-11e4-a52e-4f735466cecf":"f.2DB20A3CB55B7B2492731AE3790B886D.d.B85EE9DF3628DA684BE589051B365A41.e.5702","ELEMENT":"f.2DB20A3CB55B7B2492731AE3790B886D.d.B85EE9DF3628DA684BE589051B365A41.e.5702"}]}
COMMAND: GET /session/fb7328d57ef2f0f9565efbc83768d465/element/f.2DB20A3CB55B7B2492731AE3790B886D.d.B85EE9DF3628DA684BE589051B365A41.e.5702/enabled - {}
COMMAND: GET /session/fb7328d57ef2f0f9565efbc83768d465/screenshot - {}
RESULT: {}
COMMAND: POST /session/fb7328d57ef2f0f9565efbc83768d465/execute/sync - {"script":"<script> [8489 bytes]","args":[{"element-6066-11e4-a52e-4f735466cecf":"f.2DB20A3CB55B7B2492731AE3790B886D.d.B85EE9DF3628DA684BE589051B365A41.e.5702","ELEMENT":"f.2DB20A3CB55B7B2492731AE3790B886D.d.B85EE9DF3628DA684BE589051B365A41.e.5702"}]}
COMMAND: GET /session/fb7328d57ef2f0f9565efbc83768d465/screenshot - {}
RESULT: {}
RESULT: {"script":"<script> [8489 bytes]","args":[{"element-6066-11e4-a52e-4f735466cecf":"f.2DB20A3CB55B7B2492731AE3790B886D.d.B85EE9DF3628DA684BE589051B365A41.e.5702","ELEMENT":"f.2DB20A3CB55B7B2492731AE3790B886D.d.B85EE9DF3628DA684BE589051B365A41.e.5702"}]}
COMMAND: POST /session/fb7328d57ef2f0f9565efbc83768d465/execute/sync - {"script":"<script> [5351 bytes]","args":[{"element-6066-11e4-a52e-4f735466cecf":"f.2DB20A3CB55B7B2492731AE3790B886D.d.B85EE9DF3628DA684BE589051B365A41.e.5702","ELEMENT":"f.2DB20A3CB55B7B2492731AE3790B886D.d.B85EE9DF3628DA684BE589051B365A41.e.5702"}]}
COMMAND: GET /session/fb7328d57ef2f0f9565efbc83768d465/screenshot - {}
RESULT: {}
RESULT: {"script":"<script> [5351 bytes]","args":[{"element-6066-11e4-a52e-4f735466cecf":"f.2DB20A3CB55B7B2492731AE3790B886D.d.B85EE9DF3628DA684BE589051B365A41.e.5702","ELEMENT":"f.2DB20A3CB55B7B2492731AE3790B886D.d.B85EE9DF3628DA684BE589051B365A41.e.5702"}]}
COMMAND: POST /session/fb7328d57ef2f0f9565efbc83768d465/element/f.2DB20A3CB55B7B2492731AE3790B886D.d.B85EE9DF3628DA684BE589051B365A41.e.5702/click - {}
COMMAND: GET /session/fb7328d57ef2f0f9565efbc83768d465/screenshot - {}
RESULT: {}
RESULT: {}
COMMAND: GET /session/fb7328d57ef2f0f9565efbc83768d465/screenshot - {}
RESULT: {}
RESULT: {}
COMMAND: POST /session/fb7328d57ef2f0f9565efbc83768d465/element - {"using":"xpath","value":"//span[contains(@id ,\"AddNewHO--typeSelect-arrow\")]"}
RESULT: {"using":"xpath","value":"//span[contains(@id ,\"AddNewHO--typeSelect-arrow\")]"}
COMMAND: POST /session/fb7328d57ef2f0f9565efbc83768d465/element/f.2DB20A3CB55B7B2492731AE3790B886D.d.B85EE9DF3628DA684BE589051B365A41.e.6042/click - {}
RESULT: {}
COMMAND: GET /session/fb7328d57ef2f0f9565efbc83768d465/screenshot - {}
RESULT: {}
COMMAND: POST /session/fb7328d57ef2f0f9565efbc83768d465/element - {"using":"xpath","value":"(//li[contains(text(), \"stock increase yard\")])[1]"}
RESULT: {"using":"xpath","value":"(//li[contains(text(), \"stock increase yard\")])[1]"}
COMMAND: POST /session/fb7328d57ef2f0f9565efbc83768d465/element/f.2DB20A3CB55B7B2492731AE3790B886D.d.B85EE9DF3628DA684BE589051B365A41.e.6043/click - {}
RESULT: {}
COMMAND: GET /session/fb7328d57ef2f0f9565efbc83768d465/screenshot - {}
RESULT: {}
COMMAND: POST /session/fb7328d57ef2f0f9565efbc83768d465/execute/async - {"script":"<script> [1562 bytes]","args":[{"selector":{"id":"application-managehandovers-display-component---AddNewHO--dueDate","interaction":{"idSuffix":"inner"}},"wdio_ui5_key":"applicationmanagehandovers-display-component---AddNewHO--dueDate"}]}
RESULT: {"script":"<script> [1562 bytes]","args":[{"selector":{"id":"application-managehandovers-display-component---AddNewHO--dueDate","interaction":{"idSuffix":"inner"}},"wdio_ui5_key":"applicationmanagehandovers-display-component---AddNewHO--dueDate"}]}
RESULT: undefined
COMMAND: POST /session/fb7328d57ef2f0f9565efbc83768d465/execute/async - {"script":"<script> [6424 bytes]","args":[{"element-6066-11e4-a52e-4f735466cecf":"f.2DB20A3CB55B7B2492731AE3790B886D.d.B85EE9DF3628DA684BE589051B365A41.e.6045"},"setValue",["5/23/25"]]}
RESULT: {"script":"<script> [6424 bytes]","args":[{"element-6066-11e4-a52e-4f735466cecf":"f.2DB20A3CB55B7B2492731AE3790B886D.d.B85EE9DF3628DA684BE589051B365A41.e.6045"},"setValue",["5/23/25"]]}
COMMAND: POST /session/fb7328d57ef2f0f9565efbc83768d465/element - {"using":"xpath","value":"//input[@id=\"generalSectionFrg--receiveYard-inner\"]"}
RESULT: {"using":"xpath","value":"//input[@id=\"generalSectionFrg--receiveYard-inner\"]"}
COMMAND: POST /session/fb7328d57ef2f0f9565efbc83768d465/element/f.2DB20A3CB55B7B2492731AE3790B886D.d.B85EE9DF3628DA684BE589051B365A41.e.6051/clear - {}
RESULT: {}
COMMAND: POST /session/fb7328d57ef2f0f9565efbc83768d465/element/f.2DB20A3CB55B7B2492731AE3790B886D.d.B85EE9DF3628DA684BE589051B365A41.e.6051/value - {"text":"227"}
COMMAND: GET /session/fb7328d57ef2f0f9565efbc83768d465/screenshot - {}
RESULT: {"text":"227"}
COMMAND: GET /session/fb7328d57ef2f0f9565efbc83768d465/screenshot - {}
RESULT: {}
RESULT: {}
COMMAND: POST /session/fb7328d57ef2f0f9565efbc83768d465/element - {"using":"xpath","value":"//li[.//span[text()='227']]"}
RESULT: {"using":"xpath","value":"//li[.//span[text()='227']]"}
COMMAND: POST /session/fb7328d57ef2f0f9565efbc83768d465/element/f.2DB20A3CB55B7B2492731AE3790B886D.d.B85EE9DF3628DA684BE589051B365A41.e.6069/click - {}
RESULT: {}
COMMAND: GET /session/fb7328d57ef2f0f9565efbc83768d465/screenshot - {}
RESULT: {}
COMMAND: POST /session/fb7328d57ef2f0f9565efbc83768d465/execute/async - {"script":"<script> [1562 bytes]","args":[{"selector":{"id":"application-managehandovers-display-component---AddNewHO--ObjectPageLayout-anchBar-application-managehandovers-display-component---AddNewHO--section4-anchor","interaction":{"idSuffix":"BDI-content"}},"wdio_ui5_key":"applicationmanagehandovers-display-component---AddNewHO--ObjectPageLayout-anchBar-application-managehandovers-display-component---AddNewHO--section4-anchor"}]}
RESULT: {"script":"<script> [1562 bytes]","args":[{"selector":{"id":"application-managehandovers-display-component---AddNewHO--ObjectPageLayout-anchBar-application-managehandovers-display-component---AddNewHO--section4-anchor","interaction":{"idSuffix":"BDI-content"}},"wdio_ui5_key":"applicationmanagehandovers-display-component---AddNewHO--ObjectPageLayout-anchBar-application-managehandovers-display-component---AddNewHO--section4-anchor"}]}
RESULT: undefined
COMMAND: POST /session/fb7328d57ef2f0f9565efbc83768d465/element - {"using":"xpath","value":"//*[@id=\"application-managehandovers-display-component---AddNewHO--ObjectPageLayout-anchBar-application-managehandovers-display-component---AddNewHO--section4-anchor\"]"}
RESULT: {"using":"xpath","value":"//*[@id=\"application-managehandovers-display-component---AddNewHO--ObjectPageLayout-anchBar-application-managehandovers-display-component---AddNewHO--section4-anchor\"]"}
COMMAND: POST /session/fb7328d57ef2f0f9565efbc83768d465/element/f.2DB20A3CB55B7B2492731AE3790B886D.d.B85EE9DF3628DA684BE589051B365A41.e.6071/click - {}
RESULT: {}
COMMAND: POST /session/fb7328d57ef2f0f9565efbc83768d465/element - {"using":"xpath","value":"//button[@aria-label=\"Add\"]"}
COMMAND: GET /session/fb7328d57ef2f0f9565efbc83768d465/screenshot - {}
RESULT: {"using":"xpath","value":"//button[@aria-label=\"Add\"]"}
COMMAND: POST /session/fb7328d57ef2f0f9565efbc83768d465/element/f.2DB20A3CB55B7B2492731AE3790B886D.d.B85EE9DF3628DA684BE589051B365A41.e.6073/click - {}
RESULT: {}
RESULT: {}
COMMAND: GET /session/fb7328d57ef2f0f9565efbc83768d465/screenshot - {}
RESULT: {}
COMMAND: POST /session/fb7328d57ef2f0f9565efbc83768d465/execute/async - {"script":"<script> [1562 bytes]","args":[{"selector":{"id":"application-managehandovers-display-component---AddNewHO--smartFilterBar-btnBasicSearch","searchOpenDialogs":true,"interaction":{"idSuffix":"I"}},"wdio_ui5_key":"applicationmanagehandovers-display-component---AddNewHO--smartFilterBar-btnBasicSearch"}]}
RESULT: {"script":"<script> [1562 bytes]","args":[{"selector":{"id":"application-managehandovers-display-component---AddNewHO--smartFilterBar-btnBasicSearch","searchOpenDialogs":true,"interaction":{"idSuffix":"I"}},"wdio_ui5_key":"applicationmanagehandovers-display-component---AddNewHO--smartFilterBar-btnBasicSearch"}]}
RESULT: undefined
COMMAND: POST /session/fb7328d57ef2f0f9565efbc83768d465/execute/async - {"script":"<script> [776 bytes]","args":[{"enterText":"200093","selector":{"id":"application-managehandovers-display-component---AddNewHO--smartFilterBar-btnBasicSearch","searchOpenDialogs":true,"interaction":{"idSuffix":"I"}},"clearTextFirst":true,"interactionType":"ENTER_TEXT"}]}
RESULT: {"script":"<script> [776 bytes]","args":[{"enterText":"200093","selector":{"id":"application-managehandovers-display-component---AddNewHO--smartFilterBar-btnBasicSearch","searchOpenDialogs":true,"interaction":{"idSuffix":"I"}},"clearTextFirst":true,"interactionType":"ENTER_TEXT"}]}
COMMAND: POST /session/fb7328d57ef2f0f9565efbc83768d465/actions - {"actions":[{"id":"action19","type":"key","parameters":{},"actions":[{"type":"keyDown","value":""},{"type":"pause","duration":10},{"type":"keyUp","value":""}]}]}
RESULT: {"actions":[{"id":"action19","type":"key","parameters":{},"actions":[{"type":"keyDown","value":""},{"type":"pause","duration":10},{"type":"keyUp","value":""}]}]}
COMMAND: GET /session/fb7328d57ef2f0f9565efbc83768d465/screenshot - {}
RESULT: {}
COMMAND: POST /session/fb7328d57ef2f0f9565efbc83768d465/execute/async - {"script":"<script> [1562 bytes]","args":[{"selector":{"id":"application-managehandovers-display-component---AddNewHO--popup-sa","searchOpenDialogs":true,"interaction":{"idSuffix":"CbBg"}},"wdio_ui5_key":"applicationmanagehandovers-display-component---AddNewHO--popup-sa"}]}
RESULT: {"script":"<script> [1562 bytes]","args":[{"selector":{"id":"application-managehandovers-display-component---AddNewHO--popup-sa","searchOpenDialogs":true,"interaction":{"idSuffix":"CbBg"}},"wdio_ui5_key":"applicationmanagehandovers-display-component---AddNewHO--popup-sa"}]}
RESULT: undefined
COMMAND: POST /session/fb7328d57ef2f0f9565efbc83768d465/element - {"using":"xpath","value":"//*[@id=\"application-managehandovers-display-component---AddNewHO--popup-sa\"]"}
RESULT: {"using":"xpath","value":"//*[@id=\"application-managehandovers-display-component---AddNewHO--popup-sa\"]"}
COMMAND: POST /session/fb7328d57ef2f0f9565efbc83768d465/element/f.2DB20A3CB55B7B2492731AE3790B886D.d.B85EE9DF3628DA684BE589051B365A41.e.6227/click - {}
RESULT: {}
COMMAND: GET /session/fb7328d57ef2f0f9565efbc83768d465/screenshot - {}
RESULT: {}
COMMAND: POST /session/fb7328d57ef2f0f9565efbc83768d465/element - {"using":"xpath","value":"//bdi[contains(text(), \"Select\")]"}
RESULT: {"using":"xpath","value":"//bdi[contains(text(), \"Select\")]"}
COMMAND: POST /session/fb7328d57ef2f0f9565efbc83768d465/element/f.2DB20A3CB55B7B2492731AE3790B886D.d.B85EE9DF3628DA684BE589051B365A41.e.6228/click - {}
RESULT: {}
COMMAND: GET /session/fb7328d57ef2f0f9565efbc83768d465/screenshot - {}
RESULT: {}
COMMAND: POST /session/fb7328d57ef2f0f9565efbc83768d465/element - {"using":"xpath","value":"//button[@data-kt=\"AddNewHOSaveButton\"]"}
RESULT: {"using":"xpath","value":"//button[@data-kt=\"AddNewHOSaveButton\"]"}
COMMAND: POST /session/fb7328d57ef2f0f9565efbc83768d465/element/f.2DB20A3CB55B7B2492731AE3790B886D.d.B85EE9DF3628DA684BE589051B365A41.e.6232/click - {}
RESULT: {}
COMMAND: GET /session/fb7328d57ef2f0f9565efbc83768d465/screenshot - {}
RESULT: {}
COMMAND: POST /session/fb7328d57ef2f0f9565efbc83768d465/execute/async - {"script":"<script> [1562 bytes]","args":[{"selector":{"id":"receiptDatePicker","viewName":"etm.portal.ui.managehandovers.view.DetailExecuteHO","interaction":{"idSuffix":"inner"}},"wdio_ui5_key":"receiptDatePickeretmportal.ui.managehandovers.view.DetailExecuteHO"}]}
RESULT: {"script":"<script> [1562 bytes]","args":[{"selector":{"id":"receiptDatePicker","viewName":"etm.portal.ui.managehandovers.view.DetailExecuteHO","interaction":{"idSuffix":"inner"}},"wdio_ui5_key":"receiptDatePickeretmportal.ui.managehandovers.view.DetailExecuteHO"}]}
RESULT: undefined
COMMAND: POST /session/fb7328d57ef2f0f9565efbc83768d465/execute/async - {"script":"<script> [6424 bytes]","args":[{"element-6066-11e4-a52e-4f735466cecf":"f.2DB20A3CB55B7B2492731AE3790B886D.d.B85EE9DF3628DA684BE589051B365A41.e.6264"},"setValue",["5/23/25"]]}
RESULT: {"script":"<script> [6424 bytes]","args":[{"element-6066-11e4-a52e-4f735466cecf":"f.2DB20A3CB55B7B2492731AE3790B886D.d.B85EE9DF3628DA684BE589051B365A41.e.6264"},"setValue",["5/23/25"]]}
COMMAND: POST /session/fb7328d57ef2f0f9565efbc83768d465/element - {"using":"xpath","value":"//button[@data-kt=\"ReceivingTableConfirmAllButton\"]"}
RESULT: {"using":"xpath","value":"//button[@data-kt=\"ReceivingTableConfirmAllButton\"]"}
COMMAND: POST /session/fb7328d57ef2f0f9565efbc83768d465/element/f.2DB20A3CB55B7B2492731AE3790B886D.d.B85EE9DF3628DA684BE589051B365A41.e.6281/click - {}
RESULT: {}
COMMAND: GET /session/fb7328d57ef2f0f9565efbc83768d465/screenshot - {}
RESULT: {}
COMMAND: POST /session/fb7328d57ef2f0f9565efbc83768d465/element - {"using":"xpath","value":"//bdi[contains(text(), \"OK\")]"}
RESULT: {"using":"xpath","value":"//bdi[contains(text(), \"OK\")]"}
COMMAND: POST /session/fb7328d57ef2f0f9565efbc83768d465/element/f.2DB20A3CB55B7B2492731AE3790B886D.d.B85EE9DF3628DA684BE589051B365A41.e.6283/click - {}
RESULT: {}
COMMAND: GET /session/fb7328d57ef2f0f9565efbc83768d465/screenshot - {}
RESULT: {}
COMMAND: POST /session/fb7328d57ef2f0f9565efbc83768d465/element - {"using":"xpath","value":"(//bdi[contains(text(), \"Receive\")])[2]"}
RESULT: {"using":"xpath","value":"(//bdi[contains(text(), \"Receive\")])[2]"}
COMMAND: POST /session/fb7328d57ef2f0f9565efbc83768d465/element/f.2DB20A3CB55B7B2492731AE3790B886D.d.B85EE9DF3628DA684BE589051B365A41.e.6285/click - {}
RESULT: {}
COMMAND: GET /session/fb7328d57ef2f0f9565efbc83768d465/screenshot - {}
RESULT: {}
COMMAND: POST /session/fb7328d57ef2f0f9565efbc83768d465/element - {"using":"css selector","value":"#shell-header-logo"}
RESULT: {"using":"css selector","value":"#shell-header-logo"}
COMMAND: POST /session/fb7328d57ef2f0f9565efbc83768d465/element/f.2DB20A3CB55B7B2492731AE3790B886D.d.B85EE9DF3628DA684BE589051B365A41.e.5665/click - {}
RESULT: {}
COMMAND: GET /session/fb7328d57ef2f0f9565efbc83768d465/screenshot - {}
RESULT: {}
]]></system-out>
    </testcase>
    <testcase classname="chrome.136_0_7103_93.windows.Create_masterdata_for_Yard_Overview_-_trigger_provide_US130988" name="Should Putaway WHM" time="97.242">
      <system-out><![CDATA[
COMMAND: POST /session/fb7328d57ef2f0f9565efbc83768d465/execute/async - {"script":"<script> [1562 bytes]","args":[{"selector":{"controlType":"sap.m.GenericTile","properties":{"header":"Manage Warehouse Movements"}},"wdio_ui5_key":"sapm.GenericTile{\"header\":\"Manage Warehouse Movements\"}"}]}
RESULT: {"script":"<script> [1562 bytes]","args":[{"selector":{"controlType":"sap.m.GenericTile","properties":{"header":"Manage Warehouse Movements"}},"wdio_ui5_key":"sapm.GenericTile{\"header\":\"Manage Warehouse Movements\"}"}]}
RESULT: undefined
COMMAND: POST /session/fb7328d57ef2f0f9565efbc83768d465/element - {"using":"xpath","value":"//*[@id=\"__tile105\"]"}
RESULT: {"using":"xpath","value":"//*[@id=\"__tile105\"]"}
COMMAND: POST /session/fb7328d57ef2f0f9565efbc83768d465/element/f.2DB20A3CB55B7B2492731AE3790B886D.d.B85EE9DF3628DA684BE589051B365A41.e.6567/click - {}
RESULT: {}
COMMAND: GET /session/fb7328d57ef2f0f9565efbc83768d465/screenshot - {}
RESULT: {}
COMMAND: POST /session/fb7328d57ef2f0f9565efbc83768d465/elements - {"using":"xpath","value":"//span[text()='Error']"}
RESULT: {"using":"xpath","value":"//span[text()='Error']"}
COMMAND: POST /session/fb7328d57ef2f0f9565efbc83768d465/element - {"using":"xpath","value":"//button[@data-kt=\"MasterMovementAddOverflowToolbarButton\"]"}
RESULT: {"using":"xpath","value":"//button[@data-kt=\"MasterMovementAddOverflowToolbarButton\"]"}
COMMAND: POST /session/fb7328d57ef2f0f9565efbc83768d465/elements - {"using":"xpath","value":"//button[@data-kt=\"MasterMovementAddOverflowToolbarButton\"]"}
RESULT: {"using":"xpath","value":"//button[@data-kt=\"MasterMovementAddOverflowToolbarButton\"]"}
COMMAND: POST /session/fb7328d57ef2f0f9565efbc83768d465/execute/sync - {"script":"<script> [8489 bytes]","args":[{"element-6066-11e4-a52e-4f735466cecf":"f.2DB20A3CB55B7B2492731AE3790B886D.d.B85EE9DF3628DA684BE589051B365A41.e.6602","ELEMENT":"f.2DB20A3CB55B7B2492731AE3790B886D.d.B85EE9DF3628DA684BE589051B365A41.e.6602"}]}
RESULT: {"script":"<script> [8489 bytes]","args":[{"element-6066-11e4-a52e-4f735466cecf":"f.2DB20A3CB55B7B2492731AE3790B886D.d.B85EE9DF3628DA684BE589051B365A41.e.6602","ELEMENT":"f.2DB20A3CB55B7B2492731AE3790B886D.d.B85EE9DF3628DA684BE589051B365A41.e.6602"}]}
COMMAND: GET /session/fb7328d57ef2f0f9565efbc83768d465/element/f.2DB20A3CB55B7B2492731AE3790B886D.d.B85EE9DF3628DA684BE589051B365A41.e.6602/enabled - {}
COMMAND: GET /session/fb7328d57ef2f0f9565efbc83768d465/screenshot - {}
RESULT: {}
COMMAND: POST /session/fb7328d57ef2f0f9565efbc83768d465/execute/sync - {"script":"<script> [8489 bytes]","args":[{"element-6066-11e4-a52e-4f735466cecf":"f.2DB20A3CB55B7B2492731AE3790B886D.d.B85EE9DF3628DA684BE589051B365A41.e.6602","ELEMENT":"f.2DB20A3CB55B7B2492731AE3790B886D.d.B85EE9DF3628DA684BE589051B365A41.e.6602"}]}
COMMAND: GET /session/fb7328d57ef2f0f9565efbc83768d465/screenshot - {}
RESULT: {}
RESULT: {"script":"<script> [8489 bytes]","args":[{"element-6066-11e4-a52e-4f735466cecf":"f.2DB20A3CB55B7B2492731AE3790B886D.d.B85EE9DF3628DA684BE589051B365A41.e.6602","ELEMENT":"f.2DB20A3CB55B7B2492731AE3790B886D.d.B85EE9DF3628DA684BE589051B365A41.e.6602"}]}
COMMAND: POST /session/fb7328d57ef2f0f9565efbc83768d465/execute/sync - {"script":"<script> [5351 bytes]","args":[{"element-6066-11e4-a52e-4f735466cecf":"f.2DB20A3CB55B7B2492731AE3790B886D.d.B85EE9DF3628DA684BE589051B365A41.e.6602","ELEMENT":"f.2DB20A3CB55B7B2492731AE3790B886D.d.B85EE9DF3628DA684BE589051B365A41.e.6602"}]}
COMMAND: GET /session/fb7328d57ef2f0f9565efbc83768d465/screenshot - {}
RESULT: {}
RESULT: {"script":"<script> [5351 bytes]","args":[{"element-6066-11e4-a52e-4f735466cecf":"f.2DB20A3CB55B7B2492731AE3790B886D.d.B85EE9DF3628DA684BE589051B365A41.e.6602","ELEMENT":"f.2DB20A3CB55B7B2492731AE3790B886D.d.B85EE9DF3628DA684BE589051B365A41.e.6602"}]}
COMMAND: GET /session/fb7328d57ef2f0f9565efbc83768d465/screenshot - {}
RESULT: {}
RESULT: {}
COMMAND: POST /session/fb7328d57ef2f0f9565efbc83768d465/execute/async - {"script":"<script> [1562 bytes]","args":[{"selector":{"controlType":"sap.ui.core.Icon","viewName":"etm.portal.ui.warehousemovements.view.MasterMovement","viewId":"application-warehousemovements-display-component---warehouseMovements","properties":{"src":{"regex":{"source":"inbox"}}},"ancestor":{"id":"application-warehousemovements-display-component---warehouseMovements--idIconTabBar"}},"wdio_ui5_key":"etmportal.ui.warehousemovements.view.MasterMovementsap.ui.core.Icon{\"src\":{\"regex\":{\"source\":\"inbox\"}}}{\"id\":\"application-warehousemovements-display-component---warehouseMovements--idIconTabBar\"}"}]}
RESULT: {"script":"<script> [1562 bytes]","args":[{"selector":{"controlType":"sap.ui.core.Icon","viewName":"etm.portal.ui.warehousemovements.view.MasterMovement","viewId":"application-warehousemovements-display-component---warehouseMovements","properties":{"src":{"regex":{"source":"inbox"}}},"ancestor":{"id":"application-warehousemovements-display-component---warehouseMovements--idIconTabBar"}},"wdio_ui5_key":"etmportal.ui.warehousemovements.view.MasterMovementsap.ui.core.Icon{\"src\":{\"regex\":{\"source\":\"inbox\"}}}{\"id\":\"application-warehousemovements-display-component---warehouseMovements--idIconTabBar\"}"}]}
RESULT: undefined
COMMAND: POST /session/fb7328d57ef2f0f9565efbc83768d465/element - {"using":"xpath","value":"//*[@id=\"__filter29-icon\"]"}
RESULT: {"using":"xpath","value":"//*[@id=\"__filter29-icon\"]"}
COMMAND: POST /session/fb7328d57ef2f0f9565efbc83768d465/element/f.2DB20A3CB55B7B2492731AE3790B886D.d.B85EE9DF3628DA684BE589051B365A41.e.6660/click - {}
RESULT: {}
COMMAND: POST /session/fb7328d57ef2f0f9565efbc83768d465/execute/async - {"script":"<script> [1562 bytes]","args":[{"selector":{"id":"application-warehousemovements-display-component---warehouseMovements--smartFilterBar-filterItemControl_BASIC-YARD-vhi"},"wdio_ui5_key":"applicationwarehousemovements-display-component---warehouseMovements--smartFilterBar-filterItemControl_BASIC-YARD-vhi"}]}
COMMAND: GET /session/fb7328d57ef2f0f9565efbc83768d465/screenshot - {}
RESULT: {"script":"<script> [1562 bytes]","args":[{"selector":{"id":"application-warehousemovements-display-component---warehouseMovements--smartFilterBar-filterItemControl_BASIC-YARD-vhi"},"wdio_ui5_key":"applicationwarehousemovements-display-component---warehouseMovements--smartFilterBar-filterItemControl_BASIC-YARD-vhi"}]}
RESULT: undefined
COMMAND: POST /session/fb7328d57ef2f0f9565efbc83768d465/element - {"using":"xpath","value":"//*[@id=\"application-warehousemovements-display-component---warehouseMovements--smartFilterBar-filterItemControl_BASIC-YARD-vhi\"]"}
RESULT: {}
RESULT: {"using":"xpath","value":"//*[@id=\"application-warehousemovements-display-component---warehouseMovements--smartFilterBar-filterItemControl_BASIC-YARD-vhi\"]"}
COMMAND: POST /session/fb7328d57ef2f0f9565efbc83768d465/element/f.2DB20A3CB55B7B2492731AE3790B886D.d.B85EE9DF3628DA684BE589051B365A41.e.6664/click - {}
RESULT: {}
COMMAND: GET /session/fb7328d57ef2f0f9565efbc83768d465/screenshot - {}
RESULT: {}
COMMAND: POST /session/fb7328d57ef2f0f9565efbc83768d465/execute/async - {"script":"<script> [1562 bytes]","args":[{"selector":{"id":"application-warehousemovements-display-component---warehouseMovements--smartFilterBar-filterItemControl_BASIC-YARD-valueHelpDialog-smartFilterBar-btnBasicSearch","searchOpenDialogs":true,"interaction":{"idSuffix":"I"}},"wdio_ui5_key":"applicationwarehousemovements-display-component---warehouseMovements--smartFilterBar-filterItemControl_BASIC-YARD-valueHelpDialog-smartFilterBar-btnBasicSearch"}]}
RESULT: {"script":"<script> [1562 bytes]","args":[{"selector":{"id":"application-warehousemovements-display-component---warehouseMovements--smartFilterBar-filterItemControl_BASIC-YARD-valueHelpDialog-smartFilterBar-btnBasicSearch","searchOpenDialogs":true,"interaction":{"idSuffix":"I"}},"wdio_ui5_key":"applicationwarehousemovements-display-component---warehouseMovements--smartFilterBar-filterItemControl_BASIC-YARD-valueHelpDialog-smartFilterBar-btnBasicSearch"}]}
RESULT: undefined
COMMAND: POST /session/fb7328d57ef2f0f9565efbc83768d465/execute/async - {"script":"<script> [776 bytes]","args":[{"enterText":"227","selector":{"id":"application-warehousemovements-display-component---warehouseMovements--smartFilterBar-filterItemControl_BASIC-YARD-valueHelpDialog-smartFilterBar-btnBasicSearch","searchOpenDialogs":true,"interaction":{"idSuffix":"I"}},"clearTextFirst":true,"interactionType":"ENTER_TEXT"}]}
RESULT: {"script":"<script> [776 bytes]","args":[{"enterText":"227","selector":{"id":"application-warehousemovements-display-component---warehouseMovements--smartFilterBar-filterItemControl_BASIC-YARD-valueHelpDialog-smartFilterBar-btnBasicSearch","searchOpenDialogs":true,"interaction":{"idSuffix":"I"}},"clearTextFirst":true,"interactionType":"ENTER_TEXT"}]}
COMMAND: POST /session/fb7328d57ef2f0f9565efbc83768d465/actions - {"actions":[{"id":"action20","type":"key","parameters":{},"actions":[{"type":"keyDown","value":""},{"type":"pause","duration":10},{"type":"keyUp","value":""}]}]}
RESULT: {"actions":[{"id":"action20","type":"key","parameters":{},"actions":[{"type":"keyDown","value":""},{"type":"pause","duration":10},{"type":"keyUp","value":""}]}]}
COMMAND: GET /session/fb7328d57ef2f0f9565efbc83768d465/screenshot - {}
RESULT: {}
COMMAND: POST /session/fb7328d57ef2f0f9565efbc83768d465/elements - {"using":"xpath","value":"//table[contains(@id, \"smartFilterBar-filterItemControl_BASIC-YARD-valueHelpDialog-table-table\")]/tbody/tr"}
RESULT: {"using":"xpath","value":"//table[contains(@id, \"smartFilterBar-filterItemControl_BASIC-YARD-valueHelpDialog-table-table\")]/tbody/tr"}
COMMAND: POST /session/fb7328d57ef2f0f9565efbc83768d465/element - {"using":"xpath","value":"//table[contains(@id, \"smartFilterBar-filterItemControl_BASIC-YARD-valueHelpDialog-table-table\")]/tbody/tr[1]/td[1]/div/span"}
RESULT: {"using":"xpath","value":"//table[contains(@id, \"smartFilterBar-filterItemControl_BASIC-YARD-valueHelpDialog-table-table\")]/tbody/tr[1]/td[1]/div/span"}
COMMAND: POST /session/fb7328d57ef2f0f9565efbc83768d465/elements - {"using":"xpath","value":"//table[contains(@id, \"smartFilterBar-filterItemControl_BASIC-YARD-valueHelpDialog-table-table\")]/tbody/tr[1]/td[1]/div/span"}
RESULT: {"using":"xpath","value":"//table[contains(@id, \"smartFilterBar-filterItemControl_BASIC-YARD-valueHelpDialog-table-table\")]/tbody/tr[1]/td[1]/div/span"}
COMMAND: POST /session/fb7328d57ef2f0f9565efbc83768d465/execute/sync - {"script":"<script> [56 bytes]","args":[{"element-6066-11e4-a52e-4f735466cecf":"f.2DB20A3CB55B7B2492731AE3790B886D.d.B85EE9DF3628DA684BE589051B365A41.e.6684","ELEMENT":"f.2DB20A3CB55B7B2492731AE3790B886D.d.B85EE9DF3628DA684BE589051B365A41.e.6684"}]}
RESULT: {"script":"<script> [56 bytes]","args":[{"element-6066-11e4-a52e-4f735466cecf":"f.2DB20A3CB55B7B2492731AE3790B886D.d.B85EE9DF3628DA684BE589051B365A41.e.6684","ELEMENT":"f.2DB20A3CB55B7B2492731AE3790B886D.d.B85EE9DF3628DA684BE589051B365A41.e.6684"}]}
COMMAND: POST /session/fb7328d57ef2f0f9565efbc83768d465/element - {"using":"xpath","value":"//div[@id=\"application-warehousemovements-display-component---warehouseMovements--smartFilterBar-filterItemControl_BASIC-YARD-valueHelpDialog-table-rowsel0\"]"}
COMMAND: GET /session/fb7328d57ef2f0f9565efbc83768d465/screenshot - {}
RESULT: {"using":"xpath","value":"//div[@id=\"application-warehousemovements-display-component---warehouseMovements--smartFilterBar-filterItemControl_BASIC-YARD-valueHelpDialog-table-rowsel0\"]"}
COMMAND: POST /session/fb7328d57ef2f0f9565efbc83768d465/element/f.2DB20A3CB55B7B2492731AE3790B886D.d.B85EE9DF3628DA684BE589051B365A41.e.6685/click - {}
RESULT: {}
RESULT: {}
COMMAND: GET /session/fb7328d57ef2f0f9565efbc83768d465/screenshot - {}
RESULT: {}
COMMAND: POST /session/fb7328d57ef2f0f9565efbc83768d465/execute/async - {"script":"<script> [1562 bytes]","args":[{"selector":{"id":"application-warehousemovements-display-component---warehouseMovements--smartFilterBar-filterItemControl_BASIC-YARD-valueHelpDialog-ok","searchOpenDialogs":true,"interaction":{"idSuffix":"inner"}},"wdio_ui5_key":"applicationwarehousemovements-display-component---warehouseMovements--smartFilterBar-filterItemControl_BASIC-YARD-valueHelpDialog-ok"}]}
RESULT: {"script":"<script> [1562 bytes]","args":[{"selector":{"id":"application-warehousemovements-display-component---warehouseMovements--smartFilterBar-filterItemControl_BASIC-YARD-valueHelpDialog-ok","searchOpenDialogs":true,"interaction":{"idSuffix":"inner"}},"wdio_ui5_key":"applicationwarehousemovements-display-component---warehouseMovements--smartFilterBar-filterItemControl_BASIC-YARD-valueHelpDialog-ok"}]}
RESULT: undefined
COMMAND: POST /session/fb7328d57ef2f0f9565efbc83768d465/element - {"using":"xpath","value":"//*[@id=\"application-warehousemovements-display-component---warehouseMovements--smartFilterBar-filterItemControl_BASIC-YARD-valueHelpDialog-ok\"]"}
RESULT: {"using":"xpath","value":"//*[@id=\"application-warehousemovements-display-component---warehouseMovements--smartFilterBar-filterItemControl_BASIC-YARD-valueHelpDialog-ok\"]"}
COMMAND: POST /session/fb7328d57ef2f0f9565efbc83768d465/element/f.2DB20A3CB55B7B2492731AE3790B886D.d.B85EE9DF3628DA684BE589051B365A41.e.6688/click - {}
RESULT: {}
COMMAND: GET /session/fb7328d57ef2f0f9565efbc83768d465/screenshot - {}
RESULT: {}
COMMAND: POST /session/fb7328d57ef2f0f9565efbc83768d465/execute/async - {"script":"<script> [1562 bytes]","args":[{"selector":{"controlType":"sap.ui.core.Icon","viewName":"etm.portal.ui.warehousemovements.view.MasterMovement","viewId":"application-warehousemovements-display-component---warehouseMovements","properties":{"src":{"regex":{"source":"add"}}}},"wdio_ui5_key":"etmportal.ui.warehousemovements.view.MasterMovementsap.ui.core.Icon{\"src\":{\"regex\":{\"source\":\"add\"}}}"}]}
RESULT: {"script":"<script> [1562 bytes]","args":[{"selector":{"controlType":"sap.ui.core.Icon","viewName":"etm.portal.ui.warehousemovements.view.MasterMovement","viewId":"application-warehousemovements-display-component---warehouseMovements","properties":{"src":{"regex":{"source":"add"}}}},"wdio_ui5_key":"etmportal.ui.warehousemovements.view.MasterMovementsap.ui.core.Icon{\"src\":{\"regex\":{\"source\":\"add\"}}}"}]}
RESULT: undefined
COMMAND: POST /session/fb7328d57ef2f0f9565efbc83768d465/element - {"using":"xpath","value":"//*[@id=\"__button316-img\"]"}
RESULT: {"using":"xpath","value":"//*[@id=\"__button316-img\"]"}
COMMAND: POST /session/fb7328d57ef2f0f9565efbc83768d465/element/f.2DB20A3CB55B7B2492731AE3790B886D.d.B85EE9DF3628DA684BE589051B365A41.e.6604/click - {}
RESULT: {}
COMMAND: GET /session/fb7328d57ef2f0f9565efbc83768d465/screenshot - {}
RESULT: {}
COMMAND: POST /session/fb7328d57ef2f0f9565efbc83768d465/execute/async - {"script":"<script> [1562 bytes]","args":[{"selector":{"id":"application-warehousemovements-display-component---addMovement--sectionsList-arrow"},"wdio_ui5_key":"applicationwarehousemovements-display-component---addMovement--sectionsList-arrow"}]}
RESULT: {"script":"<script> [1562 bytes]","args":[{"selector":{"id":"application-warehousemovements-display-component---addMovement--sectionsList-arrow"},"wdio_ui5_key":"applicationwarehousemovements-display-component---addMovement--sectionsList-arrow"}]}
RESULT: undefined
COMMAND: POST /session/fb7328d57ef2f0f9565efbc83768d465/element - {"using":"xpath","value":"//*[@id=\"application-warehousemovements-display-component---addMovement--sectionsList-arrow\"]"}
RESULT: {"using":"xpath","value":"//*[@id=\"application-warehousemovements-display-component---addMovement--sectionsList-arrow\"]"}
COMMAND: POST /session/fb7328d57ef2f0f9565efbc83768d465/element/f.2DB20A3CB55B7B2492731AE3790B886D.d.B85EE9DF3628DA684BE589051B365A41.e.6808/click - {}
RESULT: {}
COMMAND: GET /session/fb7328d57ef2f0f9565efbc83768d465/screenshot - {}
RESULT: {}
COMMAND: POST /session/fb7328d57ef2f0f9565efbc83768d465/execute/async - {"script":"<script> [1562 bytes]","args":[{"selector":{"controlType":"sap.m.StandardListItem","viewName":"etm.portal.ui.warehousemovements.view.AddMovement","viewId":"application-warehousemovements-display-component---addMovement","properties":{"type":"Active"},"searchOpenDialogs":true,"interaction":{"idSuffix":"titleText"}},"wdio_ui5_key":"etmportal.ui.warehousemovements.view.AddMovementsap.m.StandardListItem{\"type\":\"Active\"}"}]}
RESULT: {"script":"<script> [1562 bytes]","args":[{"selector":{"controlType":"sap.m.StandardListItem","viewName":"etm.portal.ui.warehousemovements.view.AddMovement","viewId":"application-warehousemovements-display-component---addMovement","properties":{"type":"Active"},"searchOpenDialogs":true,"interaction":{"idSuffix":"titleText"}},"wdio_ui5_key":"etmportal.ui.warehousemovements.view.AddMovementsap.m.StandardListItem{\"type\":\"Active\"}"}]}
RESULT: undefined
COMMAND: POST /session/fb7328d57ef2f0f9565efbc83768d465/element - {"using":"xpath","value":"//*[@id=\"__item2023\"]"}
RESULT: {"using":"xpath","value":"//*[@id=\"__item2023\"]"}
COMMAND: POST /session/fb7328d57ef2f0f9565efbc83768d465/element/f.2DB20A3CB55B7B2492731AE3790B886D.d.B85EE9DF3628DA684BE589051B365A41.e.6810/click - {}
RESULT: {}
COMMAND: GET /session/fb7328d57ef2f0f9565efbc83768d465/screenshot - {}
RESULT: {}
COMMAND: POST /session/fb7328d57ef2f0f9565efbc83768d465/execute/async - {"script":"<script> [1562 bytes]","args":[{"selector":{"controlType":"sap.m.Button","viewName":"etm.portal.ui.warehousemovements.view.AddMovement","viewId":"application-warehousemovements-display-component---addMovement","properties":{"text":"Items"},"interaction":{"idSuffix":"BDI-content"}},"wdio_ui5_key":"etmportal.ui.warehousemovements.view.AddMovementsap.m.Button{\"text\":\"Items\"}"}]}
RESULT: {"script":"<script> [1562 bytes]","args":[{"selector":{"controlType":"sap.m.Button","viewName":"etm.portal.ui.warehousemovements.view.AddMovement","viewId":"application-warehousemovements-display-component---addMovement","properties":{"text":"Items"},"interaction":{"idSuffix":"BDI-content"}},"wdio_ui5_key":"etmportal.ui.warehousemovements.view.AddMovementsap.m.Button{\"text\":\"Items\"}"}]}
RESULT: undefined
COMMAND: POST /session/fb7328d57ef2f0f9565efbc83768d465/element - {"using":"xpath","value":"//*[@id=\"__layout398-anchBar-application-warehousemovements-display-component---addMovement--itemsSection-anchor\"]"}
RESULT: {"using":"xpath","value":"//*[@id=\"__layout398-anchBar-application-warehousemovements-display-component---addMovement--itemsSection-anchor\"]"}
COMMAND: POST /session/fb7328d57ef2f0f9565efbc83768d465/element/f.2DB20A3CB55B7B2492731AE3790B886D.d.B85EE9DF3628DA684BE589051B365A41.e.6812/click - {}
RESULT: {}
COMMAND: GET /session/fb7328d57ef2f0f9565efbc83768d465/screenshot - {}
RESULT: {}
COMMAND: POST /session/fb7328d57ef2f0f9565efbc83768d465/execute/async - {"script":"<script> [1562 bytes]","args":[{"selector":{"id":"application-warehousemovements-display-component---addMovement--addItem","interaction":{"idSuffix":"inner"}},"wdio_ui5_key":"applicationwarehousemovements-display-component---addMovement--addItem"}]}
RESULT: {"script":"<script> [1562 bytes]","args":[{"selector":{"id":"application-warehousemovements-display-component---addMovement--addItem","interaction":{"idSuffix":"inner"}},"wdio_ui5_key":"applicationwarehousemovements-display-component---addMovement--addItem"}]}
RESULT: undefined
COMMAND: POST /session/fb7328d57ef2f0f9565efbc83768d465/element - {"using":"xpath","value":"//*[@id=\"application-warehousemovements-display-component---addMovement--addItem\"]"}
RESULT: {"using":"xpath","value":"//*[@id=\"application-warehousemovements-display-component---addMovement--addItem\"]"}
COMMAND: POST /session/fb7328d57ef2f0f9565efbc83768d465/element/f.2DB20A3CB55B7B2492731AE3790B886D.d.B85EE9DF3628DA684BE589051B365A41.e.6731/click - {}
RESULT: {}
COMMAND: GET /session/fb7328d57ef2f0f9565efbc83768d465/screenshot - {}
RESULT: {}
COMMAND: POST /session/fb7328d57ef2f0f9565efbc83768d465/execute/async - {"script":"<script> [1562 bytes]","args":[{"selector":{"id":"movementItemsPopUp--movementItemsTable-sa","searchOpenDialogs":true},"wdio_ui5_key":"movementItemsPopUpmovementItemsTable-sa"}]}
RESULT: {"script":"<script> [1562 bytes]","args":[{"selector":{"id":"movementItemsPopUp--movementItemsTable-sa","searchOpenDialogs":true},"wdio_ui5_key":"movementItemsPopUpmovementItemsTable-sa"}]}
RESULT: undefined
COMMAND: POST /session/fb7328d57ef2f0f9565efbc83768d465/element - {"using":"xpath","value":"//*[@id=\"movementItemsPopUp--movementItemsTable-sa\"]"}
RESULT: {"using":"xpath","value":"//*[@id=\"movementItemsPopUp--movementItemsTable-sa\"]"}
COMMAND: POST /session/fb7328d57ef2f0f9565efbc83768d465/element/f.2DB20A3CB55B7B2492731AE3790B886D.d.B85EE9DF3628DA684BE589051B365A41.e.6836/click - {}
RESULT: {}
COMMAND: GET /session/fb7328d57ef2f0f9565efbc83768d465/screenshot - {}
RESULT: {}
COMMAND: POST /session/fb7328d57ef2f0f9565efbc83768d465/execute/async - {"script":"<script> [1562 bytes]","args":[{"selector":{"id":"movementItemsPopUp--createBtn","searchOpenDialogs":true,"interaction":{"idSuffix":"BDI-content"}},"wdio_ui5_key":"movementItemsPopUpcreateBtn"}]}
RESULT: {"script":"<script> [1562 bytes]","args":[{"selector":{"id":"movementItemsPopUp--createBtn","searchOpenDialogs":true,"interaction":{"idSuffix":"BDI-content"}},"wdio_ui5_key":"movementItemsPopUpcreateBtn"}]}
RESULT: undefined
COMMAND: POST /session/fb7328d57ef2f0f9565efbc83768d465/element - {"using":"xpath","value":"//*[@id=\"movementItemsPopUp--createBtn\"]"}
RESULT: {"using":"xpath","value":"//*[@id=\"movementItemsPopUp--createBtn\"]"}
COMMAND: POST /session/fb7328d57ef2f0f9565efbc83768d465/element/f.2DB20A3CB55B7B2492731AE3790B886D.d.B85EE9DF3628DA684BE589051B365A41.e.6838/click - {}
RESULT: {}
COMMAND: GET /session/fb7328d57ef2f0f9565efbc83768d465/screenshot - {}
RESULT: {}
COMMAND: POST /session/fb7328d57ef2f0f9565efbc83768d465/execute/async - {"script":"<script> [1562 bytes]","args":[{"selector":{"controlType":"etm.portal.ui.reusables.customControls.LiveSearchComboBox","viewName":"etm.portal.ui.warehousemovements.view.AddMovement","viewId":"application-warehousemovements-display-component---addMovement","bindingPath":{"path":"/items/0","propertyPath":"DESTINATION_SECTION","modelName":"newMovement"},"interaction":{"idSuffix":"inner"}},"wdio_ui5_key":"etmportal.ui.warehousemovements.view.AddMovementetm.portal.ui.reusables.customControls.LiveSearchComboBox{\"path\":\"/items/0\",\"propertyPath\":\"DESTINATION_SECTION\",\"modelName\":\"newMovement\"}"}]}
RESULT: {"script":"<script> [1562 bytes]","args":[{"selector":{"controlType":"etm.portal.ui.reusables.customControls.LiveSearchComboBox","viewName":"etm.portal.ui.warehousemovements.view.AddMovement","viewId":"application-warehousemovements-display-component---addMovement","bindingPath":{"path":"/items/0","propertyPath":"DESTINATION_SECTION","modelName":"newMovement"},"interaction":{"idSuffix":"inner"}},"wdio_ui5_key":"etmportal.ui.warehousemovements.view.AddMovementetm.portal.ui.reusables.customControls.LiveSearchComboBox{\"path\":\"/items/0\",\"propertyPath\":\"DESTINATION_SECTION\",\"modelName\":\"newMovement\"}"}]}
RESULT: undefined
COMMAND: POST /session/fb7328d57ef2f0f9565efbc83768d465/execute/async - {"script":"<script> [776 bytes]","args":[{"enterText":"111 - PUTAWAY_WEBDRIVER_DESC","selector":{"controlType":"etm.portal.ui.reusables.customControls.LiveSearchComboBox","viewName":"etm.portal.ui.warehousemovements.view.AddMovement","viewId":"application-warehousemovements-display-component---addMovement","bindingPath":{"path":"/items/0","propertyPath":"DESTINATION_SECTION","modelName":"newMovement"},"interaction":{"idSuffix":"inner"}},"clearTextFirst":true,"interactionType":"ENTER_TEXT"}]}
RESULT: {"script":"<script> [776 bytes]","args":[{"enterText":"111 - PUTAWAY_WEBDRIVER_DESC","selector":{"controlType":"etm.portal.ui.reusables.customControls.LiveSearchComboBox","viewName":"etm.portal.ui.warehousemovements.view.AddMovement","viewId":"application-warehousemovements-display-component---addMovement","bindingPath":{"path":"/items/0","propertyPath":"DESTINATION_SECTION","modelName":"newMovement"},"interaction":{"idSuffix":"inner"}},"clearTextFirst":true,"interactionType":"ENTER_TEXT"}]}
COMMAND: POST /session/fb7328d57ef2f0f9565efbc83768d465/execute/async - {"script":"<script> [1562 bytes]","args":[{"selector":{"controlType":"etm.portal.ui.reusables.customControls.LiveSearchComboBox","viewName":"etm.portal.ui.warehousemovements.view.AddMovement","viewId":"application-warehousemovements-display-component---addMovement","bindingPath":{"path":"/items/0","propertyPath":"DESTINATION_BIN","modelName":"newMovement"},"interaction":{"idSuffix":"inner"}},"wdio_ui5_key":"etmportal.ui.warehousemovements.view.AddMovementetm.portal.ui.reusables.customControls.LiveSearchComboBox{\"path\":\"/items/0\",\"propertyPath\":\"DESTINATION_BIN\",\"modelName\":\"newMovement\"}"}]}
RESULT: {"script":"<script> [1562 bytes]","args":[{"selector":{"controlType":"etm.portal.ui.reusables.customControls.LiveSearchComboBox","viewName":"etm.portal.ui.warehousemovements.view.AddMovement","viewId":"application-warehousemovements-display-component---addMovement","bindingPath":{"path":"/items/0","propertyPath":"DESTINATION_BIN","modelName":"newMovement"},"interaction":{"idSuffix":"inner"}},"wdio_ui5_key":"etmportal.ui.warehousemovements.view.AddMovementetm.portal.ui.reusables.customControls.LiveSearchComboBox{\"path\":\"/items/0\",\"propertyPath\":\"DESTINATION_BIN\",\"modelName\":\"newMovement\"}"}]}
RESULT: undefined
COMMAND: POST /session/fb7328d57ef2f0f9565efbc83768d465/execute/async - {"script":"<script> [776 bytes]","args":[{"enterText":"TP001 - PUTAWAY","selector":{"controlType":"etm.portal.ui.reusables.customControls.LiveSearchComboBox","viewName":"etm.portal.ui.warehousemovements.view.AddMovement","viewId":"application-warehousemovements-display-component---addMovement","bindingPath":{"path":"/items/0","propertyPath":"DESTINATION_BIN","modelName":"newMovement"},"interaction":{"idSuffix":"inner"}},"clearTextFirst":true,"interactionType":"ENTER_TEXT"}]}
RESULT: {"script":"<script> [776 bytes]","args":[{"enterText":"TP001 - PUTAWAY","selector":{"controlType":"etm.portal.ui.reusables.customControls.LiveSearchComboBox","viewName":"etm.portal.ui.warehousemovements.view.AddMovement","viewId":"application-warehousemovements-display-component---addMovement","bindingPath":{"path":"/items/0","propertyPath":"DESTINATION_BIN","modelName":"newMovement"},"interaction":{"idSuffix":"inner"}},"clearTextFirst":true,"interactionType":"ENTER_TEXT"}]}
COMMAND: POST /session/fb7328d57ef2f0f9565efbc83768d465/execute/async - {"script":"<script> [1562 bytes]","args":[{"selector":{"id":"application-warehousemovements-display-component---addMovement--saveMovementBtn","interaction":{"idSuffix":"BDI-content"}},"wdio_ui5_key":"applicationwarehousemovements-display-component---addMovement--saveMovementBtn"}]}
RESULT: {"script":"<script> [1562 bytes]","args":[{"selector":{"id":"application-warehousemovements-display-component---addMovement--saveMovementBtn","interaction":{"idSuffix":"BDI-content"}},"wdio_ui5_key":"applicationwarehousemovements-display-component---addMovement--saveMovementBtn"}]}
RESULT: undefined
COMMAND: POST /session/fb7328d57ef2f0f9565efbc83768d465/element - {"using":"xpath","value":"//*[@id=\"application-warehousemovements-display-component---addMovement--saveMovementBtn\"]"}
RESULT: {"using":"xpath","value":"//*[@id=\"application-warehousemovements-display-component---addMovement--saveMovementBtn\"]"}
COMMAND: POST /session/fb7328d57ef2f0f9565efbc83768d465/element/f.2DB20A3CB55B7B2492731AE3790B886D.d.B85EE9DF3628DA684BE589051B365A41.e.6791/click - {}
RESULT: {}
COMMAND: GET /session/fb7328d57ef2f0f9565efbc83768d465/screenshot - {}
RESULT: {}
COMMAND: POST /session/fb7328d57ef2f0f9565efbc83768d465/execute/async - {"script":"<script> [1562 bytes]","args":[{"selector":{"controlType":"sap.m.Button","viewName":"etm.portal.ui.warehousemovements.view.DisplayMovement","viewId":"application-warehousemovements-display-component---displayMovement","i18NText":{"propertyName":"text","key":"execution"},"interaction":{"idSuffix":"BDI-content"}},"wdio_ui5_key":"etmportal.ui.warehousemovements.view.DisplayMovementsap.m.Button{\"propertyName\":\"text\",\"key\":\"execution\"}"}]}
RESULT: {"script":"<script> [1562 bytes]","args":[{"selector":{"controlType":"sap.m.Button","viewName":"etm.portal.ui.warehousemovements.view.DisplayMovement","viewId":"application-warehousemovements-display-component---displayMovement","i18NText":{"propertyName":"text","key":"execution"},"interaction":{"idSuffix":"BDI-content"}},"wdio_ui5_key":"etmportal.ui.warehousemovements.view.DisplayMovementsap.m.Button{\"propertyName\":\"text\",\"key\":\"execution\"}"}]}
RESULT: undefined
COMMAND: POST /session/fb7328d57ef2f0f9565efbc83768d465/element - {"using":"xpath","value":"//*[@id=\"__button331\"]"}
RESULT: {"using":"xpath","value":"//*[@id=\"__button331\"]"}
COMMAND: POST /session/fb7328d57ef2f0f9565efbc83768d465/element/f.2DB20A3CB55B7B2492731AE3790B886D.d.B85EE9DF3628DA684BE589051B365A41.e.6911/click - {}
RESULT: {}
COMMAND: GET /session/fb7328d57ef2f0f9565efbc83768d465/screenshot - {}
RESULT: {}
COMMAND: POST /session/fb7328d57ef2f0f9565efbc83768d465/execute/async - {"script":"<script> [1562 bytes]","args":[{"selector":{"controlType":"sap.m.ToggleButton","viewName":"etm.portal.ui.warehousemovements.view.ExecuteMovement","viewId":"application-warehousemovements-display-component---executeMovement","bindingPath":{"path":"","propertyPath":"STATUS","modelName":"catalogModel"}},"wdio_ui5_key":"etmportal.ui.warehousemovements.view.ExecuteMovementsap.m.ToggleButton{\"path\":\"\",\"propertyPath\":\"STATUS\",\"modelName\":\"catalogModel\"}"}]}
RESULT: {"script":"<script> [1562 bytes]","args":[{"selector":{"controlType":"sap.m.ToggleButton","viewName":"etm.portal.ui.warehousemovements.view.ExecuteMovement","viewId":"application-warehousemovements-display-component---executeMovement","bindingPath":{"path":"","propertyPath":"STATUS","modelName":"catalogModel"}},"wdio_ui5_key":"etmportal.ui.warehousemovements.view.ExecuteMovementsap.m.ToggleButton{\"path\":\"\",\"propertyPath\":\"STATUS\",\"modelName\":\"catalogModel\"}"}]}
RESULT: undefined
COMMAND: POST /session/fb7328d57ef2f0f9565efbc83768d465/element - {"using":"xpath","value":"//*[@id=\"__button354-__clone6353\"]"}
RESULT: {"using":"xpath","value":"//*[@id=\"__button354-__clone6353\"]"}
COMMAND: POST /session/fb7328d57ef2f0f9565efbc83768d465/element/f.2DB20A3CB55B7B2492731AE3790B886D.d.B85EE9DF3628DA684BE589051B365A41.e.6977/click - {}
RESULT: {}
COMMAND: GET /session/fb7328d57ef2f0f9565efbc83768d465/screenshot - {}
RESULT: {}
RESULT: undefined
COMMAND: POST /session/fb7328d57ef2f0f9565efbc83768d465/element - {"using":"xpath","value":"//*[@id=\"__button354-__clone6353\"]"}
RESULT: {"using":"xpath","value":"//*[@id=\"__button354-__clone6353\"]"}
COMMAND: POST /session/fb7328d57ef2f0f9565efbc83768d465/element/f.2DB20A3CB55B7B2492731AE3790B886D.d.B85EE9DF3628DA684BE589051B365A41.e.6977/click - {}
RESULT: {}
COMMAND: GET /session/fb7328d57ef2f0f9565efbc83768d465/screenshot - {}
RESULT: {}
COMMAND: POST /session/fb7328d57ef2f0f9565efbc83768d465/execute/async - {"script":"<script> [1562 bytes]","args":[{"selector":{"id":"application-warehousemovements-display-component---executeMovement--executeId","interaction":{"idSuffix":"BDI-content"}},"wdio_ui5_key":"applicationwarehousemovements-display-component---executeMovement--executeId"}]}
RESULT: {"script":"<script> [1562 bytes]","args":[{"selector":{"id":"application-warehousemovements-display-component---executeMovement--executeId","interaction":{"idSuffix":"BDI-content"}},"wdio_ui5_key":"applicationwarehousemovements-display-component---executeMovement--executeId"}]}
RESULT: undefined
COMMAND: POST /session/fb7328d57ef2f0f9565efbc83768d465/element - {"using":"xpath","value":"//*[@id=\"application-warehousemovements-display-component---executeMovement--executeId\"]"}
RESULT: {"using":"xpath","value":"//*[@id=\"application-warehousemovements-display-component---executeMovement--executeId\"]"}
COMMAND: POST /session/fb7328d57ef2f0f9565efbc83768d465/element/f.2DB20A3CB55B7B2492731AE3790B886D.d.B85EE9DF3628DA684BE589051B365A41.e.6971/click - {}
RESULT: {}
COMMAND: GET /session/fb7328d57ef2f0f9565efbc83768d465/screenshot - {}
RESULT: {}
COMMAND: POST /session/fb7328d57ef2f0f9565efbc83768d465/element - {"using":"css selector","value":"#shell-header-logo"}
RESULT: {"using":"css selector","value":"#shell-header-logo"}
COMMAND: POST /session/fb7328d57ef2f0f9565efbc83768d465/element/f.2DB20A3CB55B7B2492731AE3790B886D.d.B85EE9DF3628DA684BE589051B365A41.e.6571/click - {}
RESULT: {}
COMMAND: GET /session/fb7328d57ef2f0f9565efbc83768d465/screenshot - {}
RESULT: {}
COMMAND: DELETE /session/fb7328d57ef2f0f9565efbc83768d465 - {}
RESULT: {}
]]></system-out>
    </testcase>
  </testsuite>
</testsuites>